<?xml version="1.0" encoding="UTF-8"?>
<testsuite xmlns:xsi="http://www.w3.org/2001/XMLSchema-instance" xsi:noNamespaceSchemaLocation="https://maven.apache.org/surefire/maven-surefire-plugin/xsd/surefire-test-report-3.0.xsd" version="3.0" name="org.apache.hadoop.fs.ozone.TestRootedOzoneFileSystem" time="373.039" tests="170" errors="0" skipped="14" failures="1">
  <properties>
    <property name="awt.toolkit" value="sun.awt.X11.XToolkit"/>
    <property name="file.encoding.pkg" value="sun.io"/>
    <property name="java.specification.version" value="1.8"/>
    <property name="sun.cpu.isalist" value=""/>
    <property name="sun.jnu.encoding" value="UTF-8"/>
    <property name="java.class.path" value="/home/runner/work/ozone/ozone/hadoop-ozone/integration-test/target/test-classes:/home/runner/work/ozone/ozone/hadoop-ozone/integration-test/target/classes:/home/runner/.m2/repository/org/apache/ozone/ozone-common/1.3.0-SNAPSHOT/ozone-common-1.3.0-SNAPSHOT.jar:/home/runner/.m2/repository/io/grpc/grpc-netty/1.48.1/grpc-netty-1.48.1.jar:/home/runner/.m2/repository/io/grpc/grpc-core/1.48.1/grpc-core-1.48.1.jar:/home/runner/.m2/repository/com/google/android/annotations/4.1.1.4/annotations-4.1.1.4.jar:/home/runner/.m2/repository/org/codehaus/mojo/animal-sniffer-annotations/1.21/animal-sniffer-annotations-1.21.jar:/home/runner/.m2/repository/com/google/errorprone/error_prone_annotations/2.2.0/error_prone_annotations-2.2.0.jar:/home/runner/.m2/repository/io/perfmark/perfmark-api/0.25.0/perfmark-api-0.25.0.jar:/home/runner/.m2/repository/io/netty/netty-codec-http2/4.1.79.Final/netty-codec-http2-4.1.79.Final.jar:/home/runner/.m2/repository/io/netty/netty-common/4.1.79.Final/netty-common-4.1.79.Final.jar:/home/runner/.m2/repository/io/netty/netty-buffer/4.1.79.Final/netty-buffer-4.1.79.Final.jar:/home/runner/.m2/repository/io/netty/netty-codec-http/4.1.79.Final/netty-codec-http-4.1.79.Final.jar:/home/runner/.m2/repository/io/netty/netty-handler-proxy/4.1.79.Final/netty-handler-proxy-4.1.79.Final.jar:/home/runner/.m2/repository/io/netty/netty-codec-socks/4.1.79.Final/netty-codec-socks-4.1.79.Final.jar:/home/runner/.m2/repository/io/netty/netty-tcnative-boringssl-static/2.0.53.Final/netty-tcnative-boringssl-static-2.0.53.Final.jar:/home/runner/.m2/repository/io/netty/netty-tcnative-classes/2.0.53.Final/netty-tcnative-classes-2.0.53.Final.jar:/home/runner/.m2/repository/io/netty/netty-tcnative-boringssl-static/2.0.53.Final/netty-tcnative-boringssl-static-2.0.53.Final-linux-x86_64.jar:/home/runner/.m2/repository/io/netty/netty-tcnative-boringssl-static/2.0.53.Final/netty-tcnative-boringssl-static-2.0.53.Final-linux-aarch_64.jar:/home/runner/.m2/repository/io/netty/netty-tcnative-boringssl-static/2.0.53.Final/netty-tcnative-boringssl-static-2.0.53.Final-osx-x86_64.jar:/home/runner/.m2/repository/io/netty/netty-tcnative-boringssl-static/2.0.53.Final/netty-tcnative-boringssl-static-2.0.53.Final-osx-aarch_64.jar:/home/runner/.m2/repository/io/netty/netty-tcnative-boringssl-static/2.0.53.Final/netty-tcnative-boringssl-static-2.0.53.Final-windows-x86_64.jar:/home/runner/.m2/repository/org/apache/commons/commons-compress/1.21/commons-compress-1.21.jar:/home/runner/.m2/repository/org/apache/ozone/hdds-common/1.3.0-SNAPSHOT/hdds-common-1.3.0-SNAPSHOT.jar:/home/runner/.m2/repository/org/apache/ozone/hdds-client/1.3.0-SNAPSHOT/hdds-client-1.3.0-SNAPSHOT.jar:/home/runner/.m2/repository/org/apache/ozone/ozone-interface-client/1.3.0-SNAPSHOT/ozone-interface-client-1.3.0-SNAPSHOT.jar:/home/runner/.m2/repository/org/apache/ozone/hdds-test-utils/1.3.0-SNAPSHOT/hdds-test-utils-1.3.0-SNAPSHOT.jar:/home/runner/.m2/repository/com/google/guava/guava/31.1-jre/guava-31.1-jre.jar:/home/runner/.m2/repository/com/google/guava/failureaccess/1.0.1/failureaccess-1.0.1.jar:/home/runner/.m2/repository/com/google/guava/listenablefuture/9999.0-empty-to-avoid-conflict-with-guava/listenablefuture-9999.0-empty-to-avoid-conflict-with-guava.jar:/home/runner/.m2/repository/com/google/code/findbugs/jsr305/3.0.0/jsr305-3.0.0.jar:/home/runner/.m2/repository/org/checkerframework/checker-qual/3.12.0/checker-qual-3.12.0.jar:/home/runner/.m2/repository/com/google/j2objc/j2objc-annotations/1.3/j2objc-annotations-1.3.jar:/home/runner/.m2/repository/commons-io/commons-io/2.11.0/commons-io-2.11.0.jar:/home/runner/.m2/repository/commons-logging/commons-logging/1.2/commons-logging-1.2.jar:/home/runner/.m2/repository/log4j/log4j/1.2.17/log4j-1.2.17.jar:/home/runner/.m2/repository/org/slf4j/slf4j-api/1.7.30/slf4j-api-1.7.30.jar:/home/runner/.m2/repository/org/apache/ozone/hdds-server-scm/1.3.0-SNAPSHOT/hdds-server-scm-1.3.0-SNAPSHOT.jar:/home/runner/.m2/repository/org/apache/ozone/hdds-container-service/1.3.0-SNAPSHOT/hdds-container-service-1.3.0-SNAPSHOT.jar:/home/runner/.m2/repository/org/apache/ozone/hdds-hadoop-dependency-server/1.3.0-SNAPSHOT/hdds-hadoop-dependency-server-1.3.0-SNAPSHOT.jar:/home/runner/.m2/repository/org/apache/hadoop/hadoop-hdfs/3.3.1/hadoop-hdfs-3.3.1.jar:/home/runner/.m2/repository/org/apache/ozone/hdds-server-framework/1.3.0-SNAPSHOT/hdds-server-framework-1.3.0-SNAPSHOT.jar:/home/runner/.m2/repository/org/apache/ozone/hdds-interface-server/1.3.0-SNAPSHOT/hdds-interface-server-1.3.0-SNAPSHOT.jar:/home/runner/.m2/repository/org/apache/logging/log4j/log4j-core/2.17.1/log4j-core-2.17.1.jar:/home/runner/.m2/repository/com/lmax/disruptor/3.4.2/disruptor-3.4.2.jar:/home/runner/.m2/repository/org/eclipse/jetty/jetty-servlet/9.4.43.v20210629/jetty-servlet-9.4.43.v20210629.jar:/home/runner/.m2/repository/org/eclipse/jetty/jetty-security/9.4.43.v20210629/jetty-security-9.4.43.v20210629.jar:/home/runner/.m2/repository/org/rocksdb/rocksdbjni/6.29.5/rocksdbjni-6.29.5.jar:/home/runner/.m2/repository/io/prometheus/simpleclient_dropwizard/0.7.0/simpleclient_dropwizard-0.7.0.jar:/home/runner/.m2/repository/io/prometheus/simpleclient/0.7.0/simpleclient-0.7.0.jar:/home/runner/.m2/repository/io/prometheus/simpleclient_common/0.7.0/simpleclient_common-0.7.0.jar:/home/runner/.m2/repository/io/dropwizard/metrics/metrics-core/3.2.4/metrics-core-3.2.4.jar:/home/runner/.m2/repository/org/apache/hadoop/hadoop-hdfs-client/3.3.1/hadoop-hdfs-client-3.3.1.jar:/home/runner/.m2/repository/org/bouncycastle/bcprov-jdk15on/1.67/bcprov-jdk15on-1.67.jar:/home/runner/.m2/repository/com/google/protobuf/protobuf-java/2.5.0/protobuf-java-2.5.0.jar:/home/runner/.m2/repository/org/apache/ozone/ozone-manager/1.3.0-SNAPSHOT/ozone-manager-1.3.0-SNAPSHOT.jar:/home/runner/.m2/repository/org/aspectj/aspectjrt/1.9.7/aspectjrt-1.9.7.jar:/home/runner/.m2/repository/org/aspectj/aspectjweaver/1.9.7/aspectjweaver-1.9.7.jar:/home/runner/.m2/repository/org/apache/ozone/hdds-interface-client/1.3.0-SNAPSHOT/hdds-interface-client-1.3.0-SNAPSHOT.jar:/home/runner/.m2/repository/org/apache/hadoop/thirdparty/hadoop-shaded-protobuf_3_7/1.1.1/hadoop-shaded-protobuf_3_7-1.1.1.jar:/home/runner/.m2/repository/org/apache/ozone/ozone-interface-storage/1.3.0-SNAPSHOT/ozone-interface-storage-1.3.0-SNAPSHOT.jar:/home/runner/.m2/repository/org/reflections/reflections/0.9.11/reflections-0.9.11.jar:/home/runner/.m2/repository/com/sun/jersey/jersey-client/1.19/jersey-client-1.19.jar:/home/runner/.m2/repository/org/apache/ranger/ranger-intg/2.3.0/ranger-intg-2.3.0.jar:/home/runner/.m2/repository/org/apache/ranger/ranger-plugins-common/2.3.0/ranger-plugins-common-2.3.0.jar:/home/runner/.m2/repository/commons-lang/commons-lang/2.6/commons-lang-2.6.jar:/home/runner/.m2/repository/org/codehaus/jackson/jackson-jaxrs/1.9.13/jackson-jaxrs-1.9.13.jar:/home/runner/.m2/repository/org/apache/ranger/ranger-plugins-cred/2.3.0/ranger-plugins-cred-2.3.0.jar:/home/runner/.m2/repository/org/apache/ranger/ranger-plugins-audit/2.3.0/ranger-plugins-audit-2.3.0.jar:/home/runner/.m2/repository/org/apache/kafka/kafka-clients/2.8.1/kafka-clients-2.8.1.jar:/home/runner/.m2/repository/com/github/luben/zstd-jni/1.4.9-1/zstd-jni-1.4.9-1.jar:/home/runner/.m2/repository/org/apache/solr/solr-solrj/8.6.3/solr-solrj-8.6.3.jar:/home/runner/.m2/repository/org/slf4j/jcl-over-slf4j/1.7.24/jcl-over-slf4j-1.7.24.jar:/home/runner/.m2/repository/org/eclipse/jetty/jetty-client/9.4.31.v20200723/jetty-client-9.4.31.v20200723.jar:/home/runner/.m2/repository/org/apache/httpcomponents/httpmime/4.5.6/httpmime-4.5.6.jar:/home/runner/.m2/repository/org/apache/httpcomponents/httpcore-nio/4.4.6/httpcore-nio-4.4.6.jar:/home/runner/.m2/repository/org/apache/httpcomponents/httpasyncclient/4.1.3/httpasyncclient-4.1.3.jar:/home/runner/.m2/repository/com/carrotsearch/hppc/0.8.0/hppc-0.8.0.jar:/home/runner/.m2/repository/org/apache/hive/hive-storage-api/2.7.2/hive-storage-api-2.7.2.jar:/home/runner/.m2/repository/org/apache/orc/orc-core/1.5.8/orc-core-1.5.8.jar:/home/runner/.m2/repository/com/amazonaws/aws-java-sdk-bundle/1.12.125/aws-java-sdk-bundle-1.12.125.jar:/home/runner/.m2/repository/net/java/dev/jna/jna/5.2.0/jna-5.2.0.jar:/home/runner/.m2/repository/net/java/dev/jna/jna-platform/5.2.0/jna-platform-5.2.0.jar:/home/runner/.m2/repository/com/kstruct/gethostname4j/0.0.2/gethostname4j-0.0.2.jar:/home/runner/.m2/repository/org/apache/ranger/ranger-plugin-classloader/2.3.0/ranger-plugin-classloader-2.3.0.jar:/home/runner/.m2/repository/org/apache/hadoop/hadoop-minikdc/3.3.1/hadoop-minikdc-3.3.1.jar:/home/runner/.m2/repository/org/apache/kerby/kerb-simplekdc/1.0.1/kerb-simplekdc-1.0.1.jar:/home/runner/.m2/repository/org/apache/kerby/kerb-client/1.0.1/kerb-client-1.0.1.jar:/home/runner/.m2/repository/org/apache/kerby/kerby-config/1.0.1/kerby-config-1.0.1.jar:/home/runner/.m2/repository/org/apache/kerby/kerb-common/1.0.1/kerb-common-1.0.1.jar:/home/runner/.m2/repository/org/apache/kerby/kerb-crypto/1.0.1/kerb-crypto-1.0.1.jar:/home/runner/.m2/repository/org/apache/kerby/kerb-util/1.0.1/kerb-util-1.0.1.jar:/home/runner/.m2/repository/org/apache/kerby/token-provider/1.0.1/token-provider-1.0.1.jar:/home/runner/.m2/repository/org/apache/kerby/kerb-admin/1.0.1/kerb-admin-1.0.1.jar:/home/runner/.m2/repository/org/apache/kerby/kerb-server/1.0.1/kerb-server-1.0.1.jar:/home/runner/.m2/repository/org/apache/kerby/kerb-identity/1.0.1/kerb-identity-1.0.1.jar:/home/runner/.m2/repository/org/apache/kerby/kerby-xdr/1.0.1/kerby-xdr-1.0.1.jar:/home/runner/.m2/repository/org/slf4j/slf4j-log4j12/1.7.30/slf4j-log4j12-1.7.30.jar:/home/runner/.m2/repository/org/apache/ozone/ozone-s3gateway/1.3.0-SNAPSHOT/ozone-s3gateway-1.3.0-SNAPSHOT.jar:/home/runner/.m2/repository/org/javassist/javassist/3.21.0-GA/javassist-3.21.0-GA.jar:/home/runner/.m2/repository/org/jboss/weld/servlet/weld-servlet/2.4.7.Final/weld-servlet-2.4.7.Final.jar:/home/runner/.m2/repository/org/glassfish/jersey/containers/jersey-container-servlet-core/2.33/jersey-container-servlet-core-2.33.jar:/home/runner/.m2/repository/org/glassfish/hk2/external/jakarta.inject/2.6.1/jakarta.inject-2.6.1.jar:/home/runner/.m2/repository/org/glassfish/jersey/core/jersey-common/2.33/jersey-common-2.33.jar:/home/runner/.m2/repository/jakarta/ws/rs/jakarta.ws.rs-api/2.1.6/jakarta.ws.rs-api-2.1.6.jar:/home/runner/.m2/repository/org/glassfish/jersey/ext/cdi/jersey-cdi1x/2.33/jersey-cdi1x-2.33.jar:/home/runner/.m2/repository/org/glassfish/jersey/inject/jersey-hk2/2.33/jersey-hk2-2.33.jar:/home/runner/.m2/repository/org/glassfish/hk2/hk2-locator/2.6.1/hk2-locator-2.6.1.jar:/home/runner/.m2/repository/org/glassfish/jersey/media/jersey-media-jaxb/2.33/jersey-media-jaxb-2.33.jar:/home/runner/.m2/repository/org/glassfish/hk2/osgi-resource-locator/1.0.3/osgi-resource-locator-1.0.3.jar:/home/runner/.m2/repository/org/glassfish/hk2/hk2-api/2.5.0/hk2-api-2.5.0.jar:/home/runner/.m2/repository/org/glassfish/hk2/hk2-utils/2.5.0/hk2-utils-2.5.0.jar:/home/runner/.m2/repository/org/glassfish/hk2/external/aopalliance-repackaged/2.5.0/aopalliance-repackaged-2.5.0.jar:/home/runner/.m2/repository/com/fasterxml/jackson/dataformat/jackson-dataformat-xml/2.13.2/jackson-dataformat-xml-2.13.2.jar:/home/runner/.m2/repository/com/fasterxml/jackson/core/jackson-core/2.13.2/jackson-core-2.13.2.jar:/home/runner/.m2/repository/org/codehaus/woodstox/stax2-api/3.1.4/stax2-api-3.1.4.jar:/home/runner/.m2/repository/com/fasterxml/woodstox/woodstox-core/5.0.3/woodstox-core-5.0.3.jar:/home/runner/.m2/repository/com/fasterxml/jackson/module/jackson-module-jaxb-annotations/2.13.2/jackson-module-jaxb-annotations-2.13.2.jar:/home/runner/.m2/repository/jakarta/xml/bind/jakarta.xml.bind-api/2.3.3/jakarta.xml.bind-api-2.3.3.jar:/home/runner/.m2/repository/jakarta/activation/jakarta.activation-api/1.2.1/jakarta.activation-api-1.2.1.jar:/home/runner/.m2/repository/javax/enterprise/cdi-api/1.2/cdi-api-1.2.jar:/home/runner/.m2/repository/javax/el/javax.el-api/3.0.0/javax.el-api-3.0.0.jar:/home/runner/.m2/repository/javax/interceptor/javax.interceptor-api/1.2/javax.interceptor-api-1.2.jar:/home/runner/.m2/repository/javax/inject/javax.inject/1/javax.inject-1.jar:/home/runner/.m2/repository/javax/xml/bind/jaxb-api/2.3.0/jaxb-api-2.3.0.jar:/home/runner/.m2/repository/org/glassfish/jaxb/jaxb-runtime/2.3.0.1/jaxb-runtime-2.3.0.1.jar:/home/runner/.m2/repository/org/glassfish/jaxb/jaxb-core/2.3.0.1/jaxb-core-2.3.0.1.jar:/home/runner/.m2/repository/org/glassfish/jaxb/txw2/2.3.0.1/txw2-2.3.0.1.jar:/home/runner/.m2/repository/com/sun/istack/istack-commons-runtime/3.0.5/istack-commons-runtime-3.0.5.jar:/home/runner/.m2/repository/org/jvnet/staxex/stax-ex/1.7.8/stax-ex-1.7.8.jar:/home/runner/.m2/repository/com/sun/xml/fastinfoset/FastInfoset/1.2.13/FastInfoset-1.2.13.jar:/home/runner/.m2/repository/javax/activation/activation/1.1.1/activation-1.1.1.jar:/home/runner/.m2/repository/io/grpc/grpc-protobuf/1.48.1/grpc-protobuf-1.48.1.jar:/home/runner/.m2/repository/io/grpc/grpc-api/1.48.1/grpc-api-1.48.1.jar:/home/runner/.m2/repository/io/grpc/grpc-context/1.48.1/grpc-context-1.48.1.jar:/home/runner/.m2/repository/com/google/api/grpc/proto-google-common-protos/2.9.0/proto-google-common-protos-2.9.0.jar:/home/runner/.m2/repository/io/grpc/grpc-protobuf-lite/1.48.1/grpc-protobuf-lite-1.48.1.jar:/home/runner/.m2/repository/io/grpc/grpc-stub/1.48.1/grpc-stub-1.48.1.jar:/home/runner/.m2/repository/io/netty/netty-transport/4.1.79.Final/netty-transport-4.1.79.Final.jar:/home/runner/.m2/repository/io/netty/netty-resolver/4.1.79.Final/netty-resolver-4.1.79.Final.jar:/home/runner/.m2/repository/org/apache/ozone/ozone-csi/1.3.0-SNAPSHOT/ozone-csi-1.3.0-SNAPSHOT.jar:/home/runner/.m2/repository/com/google/protobuf/protobuf-java-util/3.19.2/protobuf-java-util-3.19.2.jar:/home/runner/.m2/repository/com/google/code/gson/gson/2.9.0/gson-2.9.0.jar:/home/runner/.m2/repository/org/apache/ozone/hdds-config/1.3.0-SNAPSHOT/hdds-config-1.3.0-SNAPSHOT.jar:/home/runner/.m2/repository/io/netty/netty-transport-native-epoll/4.1.79.Final/netty-transport-native-epoll-4.1.79.Final-linux-x86_64.jar:/home/runner/.m2/repository/io/netty/netty-transport-classes-epoll/4.1.79.Final/netty-transport-classes-epoll-4.1.79.Final.jar:/home/runner/.m2/repository/io/netty/netty-transport-native-unix-common/4.1.79.Final/netty-transport-native-unix-common-4.1.79.Final.jar:/home/runner/.m2/repository/org/apache/ozone/ozone-recon/1.3.0-SNAPSHOT/ozone-recon-1.3.0-SNAPSHOT.jar:/home/runner/.m2/repository/org/apache/ozone/ozone-reconcodegen/1.3.0-SNAPSHOT/ozone-reconcodegen-1.3.0-SNAPSHOT.jar:/home/runner/.m2/repository/com/google/inject/extensions/guice-multibindings/4.0/guice-multibindings-4.0.jar:/home/runner/.m2/repository/com/google/inject/guice/4.0/guice-4.0.jar:/home/runner/.m2/repository/aopalliance/aopalliance/1.0/aopalliance-1.0.jar:/home/runner/.m2/repository/com/google/inject/extensions/guice-assistedinject/4.0/guice-assistedinject-4.0.jar:/home/runner/.m2/repository/com/google/inject/extensions/guice-servlet/4.0/guice-servlet-4.0.jar:/home/runner/.m2/repository/org/glassfish/jersey/containers/jersey-container-servlet/2.33/jersey-container-servlet-2.33.jar:/home/runner/.m2/repository/org/glassfish/hk2/guice-bridge/2.5.0/guice-bridge-2.5.0.jar:/home/runner/.m2/repository/org/glassfish/jersey/core/jersey-server/2.33/jersey-server-2.33.jar:/home/runner/.m2/repository/org/glassfish/jersey/core/jersey-client/2.33/jersey-client-2.33.jar:/home/runner/.m2/repository/jakarta/annotation/jakarta.annotation-api/1.3.5/jakarta.annotation-api-1.3.5.jar:/home/runner/.m2/repository/jakarta/validation/jakarta.validation-api/2.0.2/jakarta.validation-api-2.0.2.jar:/home/runner/.m2/repository/org/glassfish/jersey/media/jersey-media-json-jackson/2.33/jersey-media-json-jackson-2.33.jar:/home/runner/.m2/repository/org/glassfish/jersey/ext/jersey-entity-filtering/2.33/jersey-entity-filtering-2.33.jar:/home/runner/.m2/repository/org/jooq/jooq/3.11.10/jooq-3.11.10.jar:/home/runner/.m2/repository/org/jooq/jooq-meta/3.11.10/jooq-meta-3.11.10.jar:/home/runner/.m2/repository/org/jooq/jooq-codegen/3.11.10/jooq-codegen-3.11.10.jar:/home/runner/.m2/repository/com/jolbox/bonecp/0.8.0.RELEASE/bonecp-0.8.0.RELEASE.jar:/home/runner/.m2/repository/org/apache/derby/derby/10.14.2.0/derby-10.14.2.0.jar:/home/runner/.m2/repository/org/xerial/sqlite-jdbc/3.25.2/sqlite-jdbc-3.25.2.jar:/home/runner/.m2/repository/org/springframework/spring-jdbc/5.2.20.RELEASE/spring-jdbc-5.2.20.RELEASE.jar:/home/runner/.m2/repository/org/springframework/spring-beans/5.2.20.RELEASE/spring-beans-5.2.20.RELEASE.jar:/home/runner/.m2/repository/org/springframework/spring-core/5.2.20.RELEASE/spring-core-5.2.20.RELEASE.jar:/home/runner/.m2/repository/org/springframework/spring-jcl/5.2.20.RELEASE/spring-jcl-5.2.20.RELEASE.jar:/home/runner/.m2/repository/org/springframework/spring-tx/5.2.20.RELEASE/spring-tx-5.2.20.RELEASE.jar:/home/runner/.m2/repository/org/apache/ozone/ozone-client/1.3.0-SNAPSHOT/ozone-client-1.3.0-SNAPSHOT.jar:/home/runner/.m2/repository/org/apache/ozone/hdds-erasurecode/1.3.0-SNAPSHOT/hdds-erasurecode-1.3.0-SNAPSHOT.jar:/home/runner/.m2/repository/com/github/spotbugs/spotbugs-annotations/3.1.12/spotbugs-annotations-3.1.12.jar:/home/runner/.m2/repository/org/apache/ozone/ozone-filesystem/1.3.0-SNAPSHOT/ozone-filesystem-1.3.0-SNAPSHOT.jar:/home/runner/.m2/repository/org/apache/ozone/ozone-filesystem-common/1.3.0-SNAPSHOT/ozone-filesystem-common-1.3.0-SNAPSHOT.jar:/home/runner/.m2/repository/org/apache/ozone/ozone-tools/1.3.0-SNAPSHOT/ozone-tools-1.3.0-SNAPSHOT.jar:/home/runner/.m2/repository/org/apache/ratis/ratis-tools/2.3.0/ratis-tools-2.3.0.jar:/home/runner/.m2/repository/com/amazonaws/aws-java-sdk-core/1.12.261/aws-java-sdk-core-1.12.261.jar:/home/runner/.m2/repository/org/apache/httpcomponents/httpclient/4.5.13/httpclient-4.5.13.jar:/home/runner/.m2/repository/org/apache/httpcomponents/httpcore/4.4.13/httpcore-4.4.13.jar:/home/runner/.m2/repository/software/amazon/ion/ion-java/1.0.2/ion-java-1.0.2.jar:/home/runner/.m2/repository/com/fasterxml/jackson/dataformat/jackson-dataformat-cbor/2.13.2/jackson-dataformat-cbor-2.13.2.jar:/home/runner/.m2/repository/joda-time/joda-time/2.8.1/joda-time-2.8.1.jar:/home/runner/.m2/repository/com/amazonaws/aws-java-sdk-s3/1.12.261/aws-java-sdk-s3-1.12.261.jar:/home/runner/.m2/repository/com/amazonaws/aws-java-sdk-kms/1.12.261/aws-java-sdk-kms-1.12.261.jar:/home/runner/.m2/repository/com/amazonaws/jmespath-java/1.12.261/jmespath-java-1.12.261.jar:/home/runner/.m2/repository/org/kohsuke/metainf-services/metainf-services/1.8/metainf-services-1.8.jar:/home/runner/.m2/repository/org/apache/ozone/hdds-tools/1.3.0-SNAPSHOT/hdds-tools-1.3.0-SNAPSHOT.jar:/home/runner/.m2/repository/commons-cli/commons-cli/1.2/commons-cli-1.2.jar:/home/runner/.m2/repository/org/apache/commons/commons-lang3/3.7/commons-lang3-3.7.jar:/home/runner/.m2/repository/org/apache/ozone/ozone-manager/1.3.0-SNAPSHOT/ozone-manager-1.3.0-SNAPSHOT-tests.jar:/home/runner/.m2/repository/org/apache/ozone/hdds-common/1.3.0-SNAPSHOT/hdds-common-1.3.0-SNAPSHOT-tests.jar:/home/runner/.m2/repository/org/apache/ozone/hdds-hadoop-dependency-client/1.3.0-SNAPSHOT/hdds-hadoop-dependency-client-1.3.0-SNAPSHOT.jar:/home/runner/.m2/repository/info/picocli/picocli/4.6.1/picocli-4.6.1.jar:/home/runner/.m2/repository/com/fasterxml/jackson/core/jackson-annotations/2.13.2/jackson-annotations-2.13.2.jar:/home/runner/.m2/repository/com/fasterxml/jackson/datatype/jackson-datatype-jsr310/2.13.2/jackson-datatype-jsr310-2.13.2.jar:/home/runner/.m2/repository/javax/annotation/javax.annotation-api/1.2/javax.annotation-api-1.2.jar:/home/runner/.m2/repository/org/apache/ratis/ratis-server/2.3.0/ratis-server-2.3.0.jar:/home/runner/.m2/repository/org/apache/ratis/ratis-client/2.3.0/ratis-client-2.3.0.jar:/home/runner/.m2/repository/org/apache/ratis/ratis-server-api/2.3.0/ratis-server-api-2.3.0.jar:/home/runner/.m2/repository/org/apache/ratis/ratis-metrics/2.3.0/ratis-metrics-2.3.0.jar:/home/runner/.m2/repository/org/apache/ratis/ratis-netty/2.3.0/ratis-netty-2.3.0.jar:/home/runner/.m2/repository/org/apache/ratis/ratis-grpc/2.3.0/ratis-grpc-2.3.0.jar:/home/runner/.m2/repository/org/apache/logging/log4j/log4j-api/2.17.1/log4j-api-2.17.1.jar:/home/runner/.m2/repository/org/apache/commons/commons-pool2/2.6.0/commons-pool2-2.6.0.jar:/home/runner/.m2/repository/org/bouncycastle/bcpkix-jdk15on/1.67/bcpkix-jdk15on-1.67.jar:/home/runner/.m2/repository/commons-validator/commons-validator/1.6/commons-validator-1.6.jar:/home/runner/.m2/repository/commons-beanutils/commons-beanutils/1.9.4/commons-beanutils-1.9.4.jar:/home/runner/.m2/repository/commons-digester/commons-digester/1.8.1/commons-digester-1.8.1.jar:/home/runner/.m2/repository/commons-collections/commons-collections/3.2.2/commons-collections-3.2.2.jar:/home/runner/.m2/repository/io/jaegertracing/jaeger-client/1.6.0/jaeger-client-1.6.0.jar:/home/runner/.m2/repository/io/jaegertracing/jaeger-thrift/1.6.0/jaeger-thrift-1.6.0.jar:/home/runner/.m2/repository/org/apache/thrift/libthrift/0.14.1/libthrift-0.14.1.jar:/home/runner/.m2/repository/com/squareup/okhttp3/okhttp/4.9.0/okhttp-4.9.0.jar:/home/runner/.m2/repository/com/squareup/okio/okio/2.8.0/okio-2.8.0.jar:/home/runner/.m2/repository/io/jaegertracing/jaeger-core/1.6.0/jaeger-core-1.6.0.jar:/home/runner/.m2/repository/io/jaegertracing/jaeger-tracerresolver/1.6.0/jaeger-tracerresolver-1.6.0.jar:/home/runner/.m2/repository/io/opentracing/contrib/opentracing-tracerresolver/0.1.8/opentracing-tracerresolver-0.1.8.jar:/home/runner/.m2/repository/org/jetbrains/kotlin/kotlin-stdlib/1.6.21/kotlin-stdlib-1.6.21.jar:/home/runner/.m2/repository/org/jetbrains/kotlin/kotlin-stdlib-common/1.6.21/kotlin-stdlib-common-1.6.21.jar:/home/runner/.m2/repository/org/jetbrains/annotations/13.0/annotations-13.0.jar:/home/runner/.m2/repository/io/opentracing/opentracing-util/0.33.0/opentracing-util-0.33.0.jar:/home/runner/.m2/repository/io/opentracing/opentracing-api/0.33.0/opentracing-api-0.33.0.jar:/home/runner/.m2/repository/io/opentracing/opentracing-noop/0.33.0/opentracing-noop-0.33.0.jar:/home/runner/.m2/repository/org/yaml/snakeyaml/1.26/snakeyaml-1.26.jar:/home/runner/.m2/repository/org/apache/ozone/hdds-interface-admin/1.3.0-SNAPSHOT/hdds-interface-admin-1.3.0-SNAPSHOT.jar:/home/runner/.m2/repository/junit/junit/4.13.1/junit-4.13.1.jar:/home/runner/.m2/repository/org/hamcrest/hamcrest-core/1.3/hamcrest-core-1.3.jar:/home/runner/.m2/repository/org/junit/jupiter/junit-jupiter-api/5.8.2/junit-jupiter-api-5.8.2.jar:/home/runner/.m2/repository/org/opentest4j/opentest4j/1.2.0/opentest4j-1.2.0.jar:/home/runner/.m2/repository/org/junit/platform/junit-platform-commons/1.8.2/junit-platform-commons-1.8.2.jar:/home/runner/.m2/repository/org/apiguardian/apiguardian-api/1.1.2/apiguardian-api-1.1.2.jar:/home/runner/.m2/repository/org/junit/jupiter/junit-jupiter-params/5.8.2/junit-jupiter-params-5.8.2.jar:/home/runner/.m2/repository/org/junit/jupiter/junit-jupiter-migrationsupport/5.8.2/junit-jupiter-migrationsupport-5.8.2.jar:/home/runner/.m2/repository/org/junit/jupiter/junit-jupiter-engine/5.8.2/junit-jupiter-engine-5.8.2.jar:/home/runner/.m2/repository/org/junit/platform/junit-platform-engine/1.8.2/junit-platform-engine-1.8.2.jar:/home/runner/.m2/repository/org/junit/vintage/junit-vintage-engine/5.8.2/junit-vintage-engine-5.8.2.jar:/home/runner/.m2/repository/org/junit/platform/junit-platform-launcher/1.8.2/junit-platform-launcher-1.8.2.jar:/home/runner/.m2/repository/org/mockito/mockito-core/2.28.2/mockito-core-2.28.2.jar:/home/runner/.m2/repository/net/bytebuddy/byte-buddy/1.9.10/byte-buddy-1.9.10.jar:/home/runner/.m2/repository/net/bytebuddy/byte-buddy-agent/1.9.10/byte-buddy-agent-1.9.10.jar:/home/runner/.m2/repository/org/objenesis/objenesis/1.0/objenesis-1.0.jar:/home/runner/.m2/repository/org/apache/hadoop/hadoop-kms/3.3.1/hadoop-kms-3.3.1.jar:/home/runner/.m2/repository/org/apache/hadoop/hadoop-auth/3.3.1/hadoop-auth-3.3.1.jar:/home/runner/.m2/repository/com/nimbusds/nimbus-jose-jwt/7.9/nimbus-jose-jwt-7.9.jar:/home/runner/.m2/repository/com/github/stephenc/jcip/jcip-annotations/1.0-1/jcip-annotations-1.0-1.jar:/home/runner/.m2/repository/net/minidev/json-smart/2.4.7/json-smart-2.4.7.jar:/home/runner/.m2/repository/net/minidev/accessors-smart/2.4.7/accessors-smart-2.4.7.jar:/home/runner/.m2/repository/org/ow2/asm/asm/5.0.4/asm-5.0.4.jar:/home/runner/.m2/repository/org/apache/zookeeper/zookeeper/3.5.6/zookeeper-3.5.6.jar:/home/runner/.m2/repository/org/apache/zookeeper/zookeeper-jute/3.5.6/zookeeper-jute-3.5.6.jar:/home/runner/.m2/repository/org/apache/yetus/audience-annotations/0.5.0/audience-annotations-0.5.0.jar:/home/runner/.m2/repository/org/apache/curator/curator-framework/4.2.0/curator-framework-4.2.0.jar:/home/runner/.m2/repository/org/apache/hadoop/thirdparty/hadoop-shaded-guava/1.1.1/hadoop-shaded-guava-1.1.1.jar:/home/runner/.m2/repository/com/sun/jersey/jersey-core/1.19/jersey-core-1.19.jar:/home/runner/.m2/repository/javax/ws/rs/jsr311-api/1.1.1/jsr311-api-1.1.1.jar:/home/runner/.m2/repository/com/sun/jersey/jersey-server/1.19/jersey-server-1.19.jar:/home/runner/.m2/repository/javax/servlet/javax.servlet-api/3.1.0/javax.servlet-api-3.1.0.jar:/home/runner/.m2/repository/org/eclipse/jetty/jetty-server/9.4.43.v20210629/jetty-server-9.4.43.v20210629.jar:/home/runner/.m2/repository/org/eclipse/jetty/jetty-http/9.4.43.v20210629/jetty-http-9.4.43.v20210629.jar:/home/runner/.m2/repository/org/eclipse/jetty/jetty-io/9.4.43.v20210629/jetty-io-9.4.43.v20210629.jar:/home/runner/.m2/repository/org/eclipse/jetty/jetty-webapp/9.4.43.v20210629/jetty-webapp-9.4.43.v20210629.jar:/home/runner/.m2/repository/org/eclipse/jetty/jetty-xml/9.4.43.v20210629/jetty-xml-9.4.43.v20210629.jar:/home/runner/.m2/repository/org/apache/hadoop/hadoop-common/3.3.1/hadoop-common-3.3.1.jar:/home/runner/.m2/repository/org/apache/commons/commons-math3/3.1.1/commons-math3-3.1.1.jar:/home/runner/.m2/repository/commons-net/commons-net/3.6/commons-net-3.6.jar:/home/runner/.m2/repository/com/sun/jersey/jersey-servlet/1.19/jersey-servlet-1.19.jar:/home/runner/.m2/repository/com/sun/jersey/jersey-json/1.19/jersey-json-1.19.jar:/home/runner/.m2/repository/org/codehaus/jettison/jettison/1.1/jettison-1.1.jar:/home/runner/.m2/repository/com/sun/xml/bind/jaxb-impl/2.2.3-1/jaxb-impl-2.2.3-1.jar:/home/runner/.m2/repository/org/codehaus/jackson/jackson-xc/1.9.2/jackson-xc-1.9.2.jar:/home/runner/.m2/repository/org/apache/commons/commons-configuration2/2.1.1/commons-configuration2-2.1.1.jar:/home/runner/.m2/repository/org/apache/commons/commons-text/1.4/commons-text-1.4.jar:/home/runner/.m2/repository/com/google/re2j/re2j/1.1/re2j-1.1.jar:/home/runner/.m2/repository/com/jcraft/jsch/0.1.54/jsch-0.1.54.jar:/home/runner/.m2/repository/org/apache/curator/curator-client/4.2.0/curator-client-4.2.0.jar:/home/runner/.m2/repository/org/apache/curator/curator-recipes/4.2.0/curator-recipes-4.2.0.jar:/home/runner/.m2/repository/org/apache/kerby/kerb-core/1.0.1/kerb-core-1.0.1.jar:/home/runner/.m2/repository/org/apache/kerby/kerby-pkix/1.0.1/kerby-pkix-1.0.1.jar:/home/runner/.m2/repository/org/apache/kerby/kerby-asn1/1.0.1/kerby-asn1-1.0.1.jar:/home/runner/.m2/repository/org/apache/kerby/kerby-util/1.0.1/kerby-util-1.0.1.jar:/home/runner/.m2/repository/dnsjava/dnsjava/2.1.7/dnsjava-2.1.7.jar:/home/runner/.m2/repository/org/xerial/snappy/snappy-java/1.1.8.2/snappy-java-1.1.8.2.jar:/home/runner/.m2/repository/org/slf4j/jul-to-slf4j/1.7.30/jul-to-slf4j-1.7.30.jar:/home/runner/.m2/repository/org/eclipse/jetty/jetty-util/9.4.43.v20210629/jetty-util-9.4.43.v20210629.jar:/home/runner/.m2/repository/com/fasterxml/jackson/core/jackson-databind/2.13.2.2/jackson-databind-2.13.2.2.jar:/home/runner/.m2/repository/org/apache/hadoop/hadoop-kms/3.3.1/hadoop-kms-3.3.1-tests.jar:/home/runner/.m2/repository/org/apache/ozone/hdds-server-scm/1.3.0-SNAPSHOT/hdds-server-scm-1.3.0-SNAPSHOT-tests.jar:/home/runner/.m2/repository/org/apache/ozone/hdds-container-service/1.3.0-SNAPSHOT/hdds-container-service-1.3.0-SNAPSHOT-tests.jar:/home/runner/.m2/repository/commons-codec/commons-codec/1.11/commons-codec-1.11.jar:/home/runner/.m2/repository/io/netty/netty-codec/4.1.79.Final/netty-codec-4.1.79.Final.jar:/home/runner/.m2/repository/io/netty/netty-handler/4.1.79.Final/netty-handler-4.1.79.Final.jar:/home/runner/.m2/repository/org/apache/ozone/hdds-hadoop-dependency-test/1.3.0-SNAPSHOT/hdds-hadoop-dependency-test-1.3.0-SNAPSHOT.jar:/home/runner/.m2/repository/org/apache/hadoop/hadoop-common/3.3.1/hadoop-common-3.3.1-tests.jar:/home/runner/.m2/repository/org/assertj/assertj-core/3.12.2/assertj-core-3.12.2.jar:/home/runner/.m2/repository/org/apache/hadoop/hadoop-hdfs/3.3.1/hadoop-hdfs-3.3.1-tests.jar:/home/runner/.m2/repository/org/eclipse/jetty/jetty-util-ajax/9.4.43.v20210629/jetty-util-ajax-9.4.43.v20210629.jar:/home/runner/.m2/repository/commons-daemon/commons-daemon/1.0.13/commons-daemon-1.0.13.jar:/home/runner/.m2/repository/io/netty/netty/3.10.6.Final/netty-3.10.6.Final.jar:/home/runner/.m2/repository/io/netty/netty-all/4.1.79.Final/netty-all-4.1.79.Final.jar:/home/runner/.m2/repository/io/netty/netty-codec-dns/4.1.79.Final/netty-codec-dns-4.1.79.Final.jar:/home/runner/.m2/repository/io/netty/netty-codec-haproxy/4.1.79.Final/netty-codec-haproxy-4.1.79.Final.jar:/home/runner/.m2/repository/io/netty/netty-codec-memcache/4.1.79.Final/netty-codec-memcache-4.1.79.Final.jar:/home/runner/.m2/repository/io/netty/netty-codec-mqtt/4.1.79.Final/netty-codec-mqtt-4.1.79.Final.jar:/home/runner/.m2/repository/io/netty/netty-codec-redis/4.1.79.Final/netty-codec-redis-4.1.79.Final.jar:/home/runner/.m2/repository/io/netty/netty-codec-smtp/4.1.79.Final/netty-codec-smtp-4.1.79.Final.jar:/home/runner/.m2/repository/io/netty/netty-codec-stomp/4.1.79.Final/netty-codec-stomp-4.1.79.Final.jar:/home/runner/.m2/repository/io/netty/netty-codec-xml/4.1.79.Final/netty-codec-xml-4.1.79.Final.jar:/home/runner/.m2/repository/io/netty/netty-resolver-dns/4.1.79.Final/netty-resolver-dns-4.1.79.Final.jar:/home/runner/.m2/repository/io/netty/netty-transport-rxtx/4.1.79.Final/netty-transport-rxtx-4.1.79.Final.jar:/home/runner/.m2/repository/io/netty/netty-transport-sctp/4.1.79.Final/netty-transport-sctp-4.1.79.Final.jar:/home/runner/.m2/repository/io/netty/netty-transport-udt/4.1.79.Final/netty-transport-udt-4.1.79.Final.jar:/home/runner/.m2/repository/io/netty/netty-transport-classes-kqueue/4.1.79.Final/netty-transport-classes-kqueue-4.1.79.Final.jar:/home/runner/.m2/repository/io/netty/netty-resolver-dns-classes-macos/4.1.79.Final/netty-resolver-dns-classes-macos-4.1.79.Final.jar:/home/runner/.m2/repository/io/netty/netty-transport-native-epoll/4.1.79.Final/netty-transport-native-epoll-4.1.79.Final-linux-aarch_64.jar:/home/runner/.m2/repository/io/netty/netty-transport-native-kqueue/4.1.79.Final/netty-transport-native-kqueue-4.1.79.Final-osx-x86_64.jar:/home/runner/.m2/repository/io/netty/netty-transport-native-kqueue/4.1.79.Final/netty-transport-native-kqueue-4.1.79.Final-osx-aarch_64.jar:/home/runner/.m2/repository/io/netty/netty-resolver-dns-native-macos/4.1.79.Final/netty-resolver-dns-native-macos-4.1.79.Final-osx-x86_64.jar:/home/runner/.m2/repository/io/netty/netty-resolver-dns-native-macos/4.1.79.Final/netty-resolver-dns-native-macos-4.1.79.Final-osx-aarch_64.jar:/home/runner/.m2/repository/org/apache/htrace/htrace-core4/4.1.0-incubating/htrace-core4-4.1.0-incubating.jar:/home/runner/.m2/repository/org/fusesource/leveldbjni/leveldbjni-all/1.8/leveldbjni-all-1.8.jar:/home/runner/.m2/repository/org/apache/hadoop/hadoop-distcp/3.3.1/hadoop-distcp-3.3.1.jar:/home/runner/.m2/repository/org/apache/hadoop/hadoop-mapreduce-client-jobclient/3.3.1/hadoop-mapreduce-client-jobclient-3.3.1.jar:/home/runner/.m2/repository/org/apache/hadoop/hadoop-mapreduce-client-common/3.3.1/hadoop-mapreduce-client-common-3.3.1.jar:/home/runner/.m2/repository/org/apache/hadoop/hadoop-yarn-common/3.3.1/hadoop-yarn-common-3.3.1.jar:/home/runner/.m2/repository/org/apache/hadoop/hadoop-yarn-api/3.3.1/hadoop-yarn-api-3.3.1.jar:/home/runner/.m2/repository/com/sun/jersey/contribs/jersey-guice/1.19/jersey-guice-1.19.jar:/home/runner/.m2/repository/com/fasterxml/jackson/jaxrs/jackson-jaxrs-json-provider/2.13.2/jackson-jaxrs-json-provider-2.13.2.jar:/home/runner/.m2/repository/com/fasterxml/jackson/jaxrs/jackson-jaxrs-base/2.13.2/jackson-jaxrs-base-2.13.2.jar:/home/runner/.m2/repository/org/apache/hadoop/hadoop-yarn-client/3.3.1/hadoop-yarn-client-3.3.1.jar:/home/runner/.m2/repository/org/eclipse/jetty/websocket/websocket-client/9.4.40.v20210413/websocket-client-9.4.40.v20210413.jar:/home/runner/.m2/repository/org/eclipse/jetty/websocket/websocket-common/9.4.40.v20210413/websocket-common-9.4.40.v20210413.jar:/home/runner/.m2/repository/org/eclipse/jetty/websocket/websocket-api/9.4.40.v20210413/websocket-api-9.4.40.v20210413.jar:/home/runner/.m2/repository/org/jline/jline/3.9.0/jline-3.9.0.jar:/home/runner/.m2/repository/org/apache/hadoop/hadoop-mapreduce-client-core/3.3.1/hadoop-mapreduce-client-core-3.3.1.jar:/home/runner/.m2/repository/org/apache/avro/avro/1.7.7/avro-1.7.7.jar:/home/runner/.m2/repository/org/codehaus/jackson/jackson-core-asl/1.9.13/jackson-core-asl-1.9.13.jar:/home/runner/.m2/repository/org/codehaus/jackson/jackson-mapper-asl/1.9.13/jackson-mapper-asl-1.9.13.jar:/home/runner/.m2/repository/com/thoughtworks/paranamer/paranamer/2.3/paranamer-2.3.jar:/home/runner/.m2/repository/org/apache/hadoop/hadoop-annotations/3.3.1/hadoop-annotations-3.3.1.jar:/usr/lib/jvm/temurin-8-jdk-amd64/jre/../lib/tools.jar:/home/runner/.m2/repository/org/apache/hadoop/hadoop-distcp/3.3.1/hadoop-distcp-3.3.1-tests.jar:/home/runner/.m2/repository/org/apache/ratis/ratis-common/2.3.0/ratis-common-2.3.0.jar:/home/runner/.m2/repository/org/apache/ratis/ratis-thirdparty-misc/1.0.0/ratis-thirdparty-misc-1.0.0.jar:/home/runner/.m2/repository/org/apache/ratis/ratis-proto/2.3.0/ratis-proto-2.3.0.jar:/home/runner/.m2/repository/org/apache/ozone/ozone-annotation-processing/1.3.0-SNAPSHOT/ozone-annotation-processing-1.3.0-SNAPSHOT.jar:"/>
    <property name="java.vm.vendor" value="Temurin"/>
    <property name="sun.arch.data.model" value="64"/>
    <property name="test.build.dir" value="/home/runner/work/ozone/ozone/hadoop-ozone/integration-test/target/test-dir"/>
    <property name="test.cache.data" value=""/>
    <property name="java.vendor.url" value="https://adoptium.net/"/>
    <property name="user.timezone" value="Etc/UTC"/>
    <property name="java.vm.specification.version" value="1.8"/>
    <property name="os.name" value="Linux"/>
    <property name="test.build.data" value="/home/runner/work/ozone/ozone/hadoop-ozone/integration-test/target/test-dir"/>
    <property name="sun.java.launcher" value="SUN_STANDARD"/>
    <property name="sun.boot.library.path" value="/usr/lib/jvm/temurin-8-jdk-amd64/jre/lib/amd64"/>
    <property name="sun.java.command" value="/home/runner/work/ozone/ozone/hadoop-ozone/integration-test/target/surefire/surefirebooter4862668399545993564.jar /home/runner/work/ozone/ozone/hadoop-ozone/integration-test/target/surefire 2022-08-09T12-59-11_379-jvmRun1 surefire2529887837370726985tmp surefire_35109130108447708082tmp"/>
    <property name="surefire.test.class.path" value="/home/runner/work/ozone/ozone/hadoop-ozone/integration-test/target/test-classes:/home/runner/work/ozone/ozone/hadoop-ozone/integration-test/target/classes:/home/runner/.m2/repository/org/apache/ozone/ozone-common/1.3.0-SNAPSHOT/ozone-common-1.3.0-SNAPSHOT.jar:/home/runner/.m2/repository/io/grpc/grpc-netty/1.48.1/grpc-netty-1.48.1.jar:/home/runner/.m2/repository/io/grpc/grpc-core/1.48.1/grpc-core-1.48.1.jar:/home/runner/.m2/repository/com/google/android/annotations/4.1.1.4/annotations-4.1.1.4.jar:/home/runner/.m2/repository/org/codehaus/mojo/animal-sniffer-annotations/1.21/animal-sniffer-annotations-1.21.jar:/home/runner/.m2/repository/com/google/errorprone/error_prone_annotations/2.2.0/error_prone_annotations-2.2.0.jar:/home/runner/.m2/repository/io/perfmark/perfmark-api/0.25.0/perfmark-api-0.25.0.jar:/home/runner/.m2/repository/io/netty/netty-codec-http2/4.1.79.Final/netty-codec-http2-4.1.79.Final.jar:/home/runner/.m2/repository/io/netty/netty-common/4.1.79.Final/netty-common-4.1.79.Final.jar:/home/runner/.m2/repository/io/netty/netty-buffer/4.1.79.Final/netty-buffer-4.1.79.Final.jar:/home/runner/.m2/repository/io/netty/netty-codec-http/4.1.79.Final/netty-codec-http-4.1.79.Final.jar:/home/runner/.m2/repository/io/netty/netty-handler-proxy/4.1.79.Final/netty-handler-proxy-4.1.79.Final.jar:/home/runner/.m2/repository/io/netty/netty-codec-socks/4.1.79.Final/netty-codec-socks-4.1.79.Final.jar:/home/runner/.m2/repository/io/netty/netty-tcnative-boringssl-static/2.0.53.Final/netty-tcnative-boringssl-static-2.0.53.Final.jar:/home/runner/.m2/repository/io/netty/netty-tcnative-classes/2.0.53.Final/netty-tcnative-classes-2.0.53.Final.jar:/home/runner/.m2/repository/io/netty/netty-tcnative-boringssl-static/2.0.53.Final/netty-tcnative-boringssl-static-2.0.53.Final-linux-x86_64.jar:/home/runner/.m2/repository/io/netty/netty-tcnative-boringssl-static/2.0.53.Final/netty-tcnative-boringssl-static-2.0.53.Final-linux-aarch_64.jar:/home/runner/.m2/repository/io/netty/netty-tcnative-boringssl-static/2.0.53.Final/netty-tcnative-boringssl-static-2.0.53.Final-osx-x86_64.jar:/home/runner/.m2/repository/io/netty/netty-tcnative-boringssl-static/2.0.53.Final/netty-tcnative-boringssl-static-2.0.53.Final-osx-aarch_64.jar:/home/runner/.m2/repository/io/netty/netty-tcnative-boringssl-static/2.0.53.Final/netty-tcnative-boringssl-static-2.0.53.Final-windows-x86_64.jar:/home/runner/.m2/repository/org/apache/commons/commons-compress/1.21/commons-compress-1.21.jar:/home/runner/.m2/repository/org/apache/ozone/hdds-common/1.3.0-SNAPSHOT/hdds-common-1.3.0-SNAPSHOT.jar:/home/runner/.m2/repository/org/apache/ozone/hdds-client/1.3.0-SNAPSHOT/hdds-client-1.3.0-SNAPSHOT.jar:/home/runner/.m2/repository/org/apache/ozone/ozone-interface-client/1.3.0-SNAPSHOT/ozone-interface-client-1.3.0-SNAPSHOT.jar:/home/runner/.m2/repository/org/apache/ozone/hdds-test-utils/1.3.0-SNAPSHOT/hdds-test-utils-1.3.0-SNAPSHOT.jar:/home/runner/.m2/repository/com/google/guava/guava/31.1-jre/guava-31.1-jre.jar:/home/runner/.m2/repository/com/google/guava/failureaccess/1.0.1/failureaccess-1.0.1.jar:/home/runner/.m2/repository/com/google/guava/listenablefuture/9999.0-empty-to-avoid-conflict-with-guava/listenablefuture-9999.0-empty-to-avoid-conflict-with-guava.jar:/home/runner/.m2/repository/com/google/code/findbugs/jsr305/3.0.0/jsr305-3.0.0.jar:/home/runner/.m2/repository/org/checkerframework/checker-qual/3.12.0/checker-qual-3.12.0.jar:/home/runner/.m2/repository/com/google/j2objc/j2objc-annotations/1.3/j2objc-annotations-1.3.jar:/home/runner/.m2/repository/commons-io/commons-io/2.11.0/commons-io-2.11.0.jar:/home/runner/.m2/repository/commons-logging/commons-logging/1.2/commons-logging-1.2.jar:/home/runner/.m2/repository/log4j/log4j/1.2.17/log4j-1.2.17.jar:/home/runner/.m2/repository/org/slf4j/slf4j-api/1.7.30/slf4j-api-1.7.30.jar:/home/runner/.m2/repository/org/apache/ozone/hdds-server-scm/1.3.0-SNAPSHOT/hdds-server-scm-1.3.0-SNAPSHOT.jar:/home/runner/.m2/repository/org/apache/ozone/hdds-container-service/1.3.0-SNAPSHOT/hdds-container-service-1.3.0-SNAPSHOT.jar:/home/runner/.m2/repository/org/apache/ozone/hdds-hadoop-dependency-server/1.3.0-SNAPSHOT/hdds-hadoop-dependency-server-1.3.0-SNAPSHOT.jar:/home/runner/.m2/repository/org/apache/hadoop/hadoop-hdfs/3.3.1/hadoop-hdfs-3.3.1.jar:/home/runner/.m2/repository/org/apache/ozone/hdds-server-framework/1.3.0-SNAPSHOT/hdds-server-framework-1.3.0-SNAPSHOT.jar:/home/runner/.m2/repository/org/apache/ozone/hdds-interface-server/1.3.0-SNAPSHOT/hdds-interface-server-1.3.0-SNAPSHOT.jar:/home/runner/.m2/repository/org/apache/logging/log4j/log4j-core/2.17.1/log4j-core-2.17.1.jar:/home/runner/.m2/repository/com/lmax/disruptor/3.4.2/disruptor-3.4.2.jar:/home/runner/.m2/repository/org/eclipse/jetty/jetty-servlet/9.4.43.v20210629/jetty-servlet-9.4.43.v20210629.jar:/home/runner/.m2/repository/org/eclipse/jetty/jetty-security/9.4.43.v20210629/jetty-security-9.4.43.v20210629.jar:/home/runner/.m2/repository/org/rocksdb/rocksdbjni/6.29.5/rocksdbjni-6.29.5.jar:/home/runner/.m2/repository/io/prometheus/simpleclient_dropwizard/0.7.0/simpleclient_dropwizard-0.7.0.jar:/home/runner/.m2/repository/io/prometheus/simpleclient/0.7.0/simpleclient-0.7.0.jar:/home/runner/.m2/repository/io/prometheus/simpleclient_common/0.7.0/simpleclient_common-0.7.0.jar:/home/runner/.m2/repository/io/dropwizard/metrics/metrics-core/3.2.4/metrics-core-3.2.4.jar:/home/runner/.m2/repository/org/apache/hadoop/hadoop-hdfs-client/3.3.1/hadoop-hdfs-client-3.3.1.jar:/home/runner/.m2/repository/org/bouncycastle/bcprov-jdk15on/1.67/bcprov-jdk15on-1.67.jar:/home/runner/.m2/repository/com/google/protobuf/protobuf-java/2.5.0/protobuf-java-2.5.0.jar:/home/runner/.m2/repository/org/apache/ozone/ozone-manager/1.3.0-SNAPSHOT/ozone-manager-1.3.0-SNAPSHOT.jar:/home/runner/.m2/repository/org/aspectj/aspectjrt/1.9.7/aspectjrt-1.9.7.jar:/home/runner/.m2/repository/org/aspectj/aspectjweaver/1.9.7/aspectjweaver-1.9.7.jar:/home/runner/.m2/repository/org/apache/ozone/hdds-interface-client/1.3.0-SNAPSHOT/hdds-interface-client-1.3.0-SNAPSHOT.jar:/home/runner/.m2/repository/org/apache/hadoop/thirdparty/hadoop-shaded-protobuf_3_7/1.1.1/hadoop-shaded-protobuf_3_7-1.1.1.jar:/home/runner/.m2/repository/org/apache/ozone/ozone-interface-storage/1.3.0-SNAPSHOT/ozone-interface-storage-1.3.0-SNAPSHOT.jar:/home/runner/.m2/repository/org/reflections/reflections/0.9.11/reflections-0.9.11.jar:/home/runner/.m2/repository/com/sun/jersey/jersey-client/1.19/jersey-client-1.19.jar:/home/runner/.m2/repository/org/apache/ranger/ranger-intg/2.3.0/ranger-intg-2.3.0.jar:/home/runner/.m2/repository/org/apache/ranger/ranger-plugins-common/2.3.0/ranger-plugins-common-2.3.0.jar:/home/runner/.m2/repository/commons-lang/commons-lang/2.6/commons-lang-2.6.jar:/home/runner/.m2/repository/org/codehaus/jackson/jackson-jaxrs/1.9.13/jackson-jaxrs-1.9.13.jar:/home/runner/.m2/repository/org/apache/ranger/ranger-plugins-cred/2.3.0/ranger-plugins-cred-2.3.0.jar:/home/runner/.m2/repository/org/apache/ranger/ranger-plugins-audit/2.3.0/ranger-plugins-audit-2.3.0.jar:/home/runner/.m2/repository/org/apache/kafka/kafka-clients/2.8.1/kafka-clients-2.8.1.jar:/home/runner/.m2/repository/com/github/luben/zstd-jni/1.4.9-1/zstd-jni-1.4.9-1.jar:/home/runner/.m2/repository/org/apache/solr/solr-solrj/8.6.3/solr-solrj-8.6.3.jar:/home/runner/.m2/repository/org/slf4j/jcl-over-slf4j/1.7.24/jcl-over-slf4j-1.7.24.jar:/home/runner/.m2/repository/org/eclipse/jetty/jetty-client/9.4.31.v20200723/jetty-client-9.4.31.v20200723.jar:/home/runner/.m2/repository/org/apache/httpcomponents/httpmime/4.5.6/httpmime-4.5.6.jar:/home/runner/.m2/repository/org/apache/httpcomponents/httpcore-nio/4.4.6/httpcore-nio-4.4.6.jar:/home/runner/.m2/repository/org/apache/httpcomponents/httpasyncclient/4.1.3/httpasyncclient-4.1.3.jar:/home/runner/.m2/repository/com/carrotsearch/hppc/0.8.0/hppc-0.8.0.jar:/home/runner/.m2/repository/org/apache/hive/hive-storage-api/2.7.2/hive-storage-api-2.7.2.jar:/home/runner/.m2/repository/org/apache/orc/orc-core/1.5.8/orc-core-1.5.8.jar:/home/runner/.m2/repository/com/amazonaws/aws-java-sdk-bundle/1.12.125/aws-java-sdk-bundle-1.12.125.jar:/home/runner/.m2/repository/net/java/dev/jna/jna/5.2.0/jna-5.2.0.jar:/home/runner/.m2/repository/net/java/dev/jna/jna-platform/5.2.0/jna-platform-5.2.0.jar:/home/runner/.m2/repository/com/kstruct/gethostname4j/0.0.2/gethostname4j-0.0.2.jar:/home/runner/.m2/repository/org/apache/ranger/ranger-plugin-classloader/2.3.0/ranger-plugin-classloader-2.3.0.jar:/home/runner/.m2/repository/org/apache/hadoop/hadoop-minikdc/3.3.1/hadoop-minikdc-3.3.1.jar:/home/runner/.m2/repository/org/apache/kerby/kerb-simplekdc/1.0.1/kerb-simplekdc-1.0.1.jar:/home/runner/.m2/repository/org/apache/kerby/kerb-client/1.0.1/kerb-client-1.0.1.jar:/home/runner/.m2/repository/org/apache/kerby/kerby-config/1.0.1/kerby-config-1.0.1.jar:/home/runner/.m2/repository/org/apache/kerby/kerb-common/1.0.1/kerb-common-1.0.1.jar:/home/runner/.m2/repository/org/apache/kerby/kerb-crypto/1.0.1/kerb-crypto-1.0.1.jar:/home/runner/.m2/repository/org/apache/kerby/kerb-util/1.0.1/kerb-util-1.0.1.jar:/home/runner/.m2/repository/org/apache/kerby/token-provider/1.0.1/token-provider-1.0.1.jar:/home/runner/.m2/repository/org/apache/kerby/kerb-admin/1.0.1/kerb-admin-1.0.1.jar:/home/runner/.m2/repository/org/apache/kerby/kerb-server/1.0.1/kerb-server-1.0.1.jar:/home/runner/.m2/repository/org/apache/kerby/kerb-identity/1.0.1/kerb-identity-1.0.1.jar:/home/runner/.m2/repository/org/apache/kerby/kerby-xdr/1.0.1/kerby-xdr-1.0.1.jar:/home/runner/.m2/repository/org/slf4j/slf4j-log4j12/1.7.30/slf4j-log4j12-1.7.30.jar:/home/runner/.m2/repository/org/apache/ozone/ozone-s3gateway/1.3.0-SNAPSHOT/ozone-s3gateway-1.3.0-SNAPSHOT.jar:/home/runner/.m2/repository/org/javassist/javassist/3.21.0-GA/javassist-3.21.0-GA.jar:/home/runner/.m2/repository/org/jboss/weld/servlet/weld-servlet/2.4.7.Final/weld-servlet-2.4.7.Final.jar:/home/runner/.m2/repository/org/glassfish/jersey/containers/jersey-container-servlet-core/2.33/jersey-container-servlet-core-2.33.jar:/home/runner/.m2/repository/org/glassfish/hk2/external/jakarta.inject/2.6.1/jakarta.inject-2.6.1.jar:/home/runner/.m2/repository/org/glassfish/jersey/core/jersey-common/2.33/jersey-common-2.33.jar:/home/runner/.m2/repository/jakarta/ws/rs/jakarta.ws.rs-api/2.1.6/jakarta.ws.rs-api-2.1.6.jar:/home/runner/.m2/repository/org/glassfish/jersey/ext/cdi/jersey-cdi1x/2.33/jersey-cdi1x-2.33.jar:/home/runner/.m2/repository/org/glassfish/jersey/inject/jersey-hk2/2.33/jersey-hk2-2.33.jar:/home/runner/.m2/repository/org/glassfish/hk2/hk2-locator/2.6.1/hk2-locator-2.6.1.jar:/home/runner/.m2/repository/org/glassfish/jersey/media/jersey-media-jaxb/2.33/jersey-media-jaxb-2.33.jar:/home/runner/.m2/repository/org/glassfish/hk2/osgi-resource-locator/1.0.3/osgi-resource-locator-1.0.3.jar:/home/runner/.m2/repository/org/glassfish/hk2/hk2-api/2.5.0/hk2-api-2.5.0.jar:/home/runner/.m2/repository/org/glassfish/hk2/hk2-utils/2.5.0/hk2-utils-2.5.0.jar:/home/runner/.m2/repository/org/glassfish/hk2/external/aopalliance-repackaged/2.5.0/aopalliance-repackaged-2.5.0.jar:/home/runner/.m2/repository/com/fasterxml/jackson/dataformat/jackson-dataformat-xml/2.13.2/jackson-dataformat-xml-2.13.2.jar:/home/runner/.m2/repository/com/fasterxml/jackson/core/jackson-core/2.13.2/jackson-core-2.13.2.jar:/home/runner/.m2/repository/org/codehaus/woodstox/stax2-api/3.1.4/stax2-api-3.1.4.jar:/home/runner/.m2/repository/com/fasterxml/woodstox/woodstox-core/5.0.3/woodstox-core-5.0.3.jar:/home/runner/.m2/repository/com/fasterxml/jackson/module/jackson-module-jaxb-annotations/2.13.2/jackson-module-jaxb-annotations-2.13.2.jar:/home/runner/.m2/repository/jakarta/xml/bind/jakarta.xml.bind-api/2.3.3/jakarta.xml.bind-api-2.3.3.jar:/home/runner/.m2/repository/jakarta/activation/jakarta.activation-api/1.2.1/jakarta.activation-api-1.2.1.jar:/home/runner/.m2/repository/javax/enterprise/cdi-api/1.2/cdi-api-1.2.jar:/home/runner/.m2/repository/javax/el/javax.el-api/3.0.0/javax.el-api-3.0.0.jar:/home/runner/.m2/repository/javax/interceptor/javax.interceptor-api/1.2/javax.interceptor-api-1.2.jar:/home/runner/.m2/repository/javax/inject/javax.inject/1/javax.inject-1.jar:/home/runner/.m2/repository/javax/xml/bind/jaxb-api/2.3.0/jaxb-api-2.3.0.jar:/home/runner/.m2/repository/org/glassfish/jaxb/jaxb-runtime/2.3.0.1/jaxb-runtime-2.3.0.1.jar:/home/runner/.m2/repository/org/glassfish/jaxb/jaxb-core/2.3.0.1/jaxb-core-2.3.0.1.jar:/home/runner/.m2/repository/org/glassfish/jaxb/txw2/2.3.0.1/txw2-2.3.0.1.jar:/home/runner/.m2/repository/com/sun/istack/istack-commons-runtime/3.0.5/istack-commons-runtime-3.0.5.jar:/home/runner/.m2/repository/org/jvnet/staxex/stax-ex/1.7.8/stax-ex-1.7.8.jar:/home/runner/.m2/repository/com/sun/xml/fastinfoset/FastInfoset/1.2.13/FastInfoset-1.2.13.jar:/home/runner/.m2/repository/javax/activation/activation/1.1.1/activation-1.1.1.jar:/home/runner/.m2/repository/io/grpc/grpc-protobuf/1.48.1/grpc-protobuf-1.48.1.jar:/home/runner/.m2/repository/io/grpc/grpc-api/1.48.1/grpc-api-1.48.1.jar:/home/runner/.m2/repository/io/grpc/grpc-context/1.48.1/grpc-context-1.48.1.jar:/home/runner/.m2/repository/com/google/api/grpc/proto-google-common-protos/2.9.0/proto-google-common-protos-2.9.0.jar:/home/runner/.m2/repository/io/grpc/grpc-protobuf-lite/1.48.1/grpc-protobuf-lite-1.48.1.jar:/home/runner/.m2/repository/io/grpc/grpc-stub/1.48.1/grpc-stub-1.48.1.jar:/home/runner/.m2/repository/io/netty/netty-transport/4.1.79.Final/netty-transport-4.1.79.Final.jar:/home/runner/.m2/repository/io/netty/netty-resolver/4.1.79.Final/netty-resolver-4.1.79.Final.jar:/home/runner/.m2/repository/org/apache/ozone/ozone-csi/1.3.0-SNAPSHOT/ozone-csi-1.3.0-SNAPSHOT.jar:/home/runner/.m2/repository/com/google/protobuf/protobuf-java-util/3.19.2/protobuf-java-util-3.19.2.jar:/home/runner/.m2/repository/com/google/code/gson/gson/2.9.0/gson-2.9.0.jar:/home/runner/.m2/repository/org/apache/ozone/hdds-config/1.3.0-SNAPSHOT/hdds-config-1.3.0-SNAPSHOT.jar:/home/runner/.m2/repository/io/netty/netty-transport-native-epoll/4.1.79.Final/netty-transport-native-epoll-4.1.79.Final-linux-x86_64.jar:/home/runner/.m2/repository/io/netty/netty-transport-classes-epoll/4.1.79.Final/netty-transport-classes-epoll-4.1.79.Final.jar:/home/runner/.m2/repository/io/netty/netty-transport-native-unix-common/4.1.79.Final/netty-transport-native-unix-common-4.1.79.Final.jar:/home/runner/.m2/repository/org/apache/ozone/ozone-recon/1.3.0-SNAPSHOT/ozone-recon-1.3.0-SNAPSHOT.jar:/home/runner/.m2/repository/org/apache/ozone/ozone-reconcodegen/1.3.0-SNAPSHOT/ozone-reconcodegen-1.3.0-SNAPSHOT.jar:/home/runner/.m2/repository/com/google/inject/extensions/guice-multibindings/4.0/guice-multibindings-4.0.jar:/home/runner/.m2/repository/com/google/inject/guice/4.0/guice-4.0.jar:/home/runner/.m2/repository/aopalliance/aopalliance/1.0/aopalliance-1.0.jar:/home/runner/.m2/repository/com/google/inject/extensions/guice-assistedinject/4.0/guice-assistedinject-4.0.jar:/home/runner/.m2/repository/com/google/inject/extensions/guice-servlet/4.0/guice-servlet-4.0.jar:/home/runner/.m2/repository/org/glassfish/jersey/containers/jersey-container-servlet/2.33/jersey-container-servlet-2.33.jar:/home/runner/.m2/repository/org/glassfish/hk2/guice-bridge/2.5.0/guice-bridge-2.5.0.jar:/home/runner/.m2/repository/org/glassfish/jersey/core/jersey-server/2.33/jersey-server-2.33.jar:/home/runner/.m2/repository/org/glassfish/jersey/core/jersey-client/2.33/jersey-client-2.33.jar:/home/runner/.m2/repository/jakarta/annotation/jakarta.annotation-api/1.3.5/jakarta.annotation-api-1.3.5.jar:/home/runner/.m2/repository/jakarta/validation/jakarta.validation-api/2.0.2/jakarta.validation-api-2.0.2.jar:/home/runner/.m2/repository/org/glassfish/jersey/media/jersey-media-json-jackson/2.33/jersey-media-json-jackson-2.33.jar:/home/runner/.m2/repository/org/glassfish/jersey/ext/jersey-entity-filtering/2.33/jersey-entity-filtering-2.33.jar:/home/runner/.m2/repository/org/jooq/jooq/3.11.10/jooq-3.11.10.jar:/home/runner/.m2/repository/org/jooq/jooq-meta/3.11.10/jooq-meta-3.11.10.jar:/home/runner/.m2/repository/org/jooq/jooq-codegen/3.11.10/jooq-codegen-3.11.10.jar:/home/runner/.m2/repository/com/jolbox/bonecp/0.8.0.RELEASE/bonecp-0.8.0.RELEASE.jar:/home/runner/.m2/repository/org/apache/derby/derby/10.14.2.0/derby-10.14.2.0.jar:/home/runner/.m2/repository/org/xerial/sqlite-jdbc/3.25.2/sqlite-jdbc-3.25.2.jar:/home/runner/.m2/repository/org/springframework/spring-jdbc/5.2.20.RELEASE/spring-jdbc-5.2.20.RELEASE.jar:/home/runner/.m2/repository/org/springframework/spring-beans/5.2.20.RELEASE/spring-beans-5.2.20.RELEASE.jar:/home/runner/.m2/repository/org/springframework/spring-core/5.2.20.RELEASE/spring-core-5.2.20.RELEASE.jar:/home/runner/.m2/repository/org/springframework/spring-jcl/5.2.20.RELEASE/spring-jcl-5.2.20.RELEASE.jar:/home/runner/.m2/repository/org/springframework/spring-tx/5.2.20.RELEASE/spring-tx-5.2.20.RELEASE.jar:/home/runner/.m2/repository/org/apache/ozone/ozone-client/1.3.0-SNAPSHOT/ozone-client-1.3.0-SNAPSHOT.jar:/home/runner/.m2/repository/org/apache/ozone/hdds-erasurecode/1.3.0-SNAPSHOT/hdds-erasurecode-1.3.0-SNAPSHOT.jar:/home/runner/.m2/repository/com/github/spotbugs/spotbugs-annotations/3.1.12/spotbugs-annotations-3.1.12.jar:/home/runner/.m2/repository/org/apache/ozone/ozone-filesystem/1.3.0-SNAPSHOT/ozone-filesystem-1.3.0-SNAPSHOT.jar:/home/runner/.m2/repository/org/apache/ozone/ozone-filesystem-common/1.3.0-SNAPSHOT/ozone-filesystem-common-1.3.0-SNAPSHOT.jar:/home/runner/.m2/repository/org/apache/ozone/ozone-tools/1.3.0-SNAPSHOT/ozone-tools-1.3.0-SNAPSHOT.jar:/home/runner/.m2/repository/org/apache/ratis/ratis-tools/2.3.0/ratis-tools-2.3.0.jar:/home/runner/.m2/repository/com/amazonaws/aws-java-sdk-core/1.12.261/aws-java-sdk-core-1.12.261.jar:/home/runner/.m2/repository/org/apache/httpcomponents/httpclient/4.5.13/httpclient-4.5.13.jar:/home/runner/.m2/repository/org/apache/httpcomponents/httpcore/4.4.13/httpcore-4.4.13.jar:/home/runner/.m2/repository/software/amazon/ion/ion-java/1.0.2/ion-java-1.0.2.jar:/home/runner/.m2/repository/com/fasterxml/jackson/dataformat/jackson-dataformat-cbor/2.13.2/jackson-dataformat-cbor-2.13.2.jar:/home/runner/.m2/repository/joda-time/joda-time/2.8.1/joda-time-2.8.1.jar:/home/runner/.m2/repository/com/amazonaws/aws-java-sdk-s3/1.12.261/aws-java-sdk-s3-1.12.261.jar:/home/runner/.m2/repository/com/amazonaws/aws-java-sdk-kms/1.12.261/aws-java-sdk-kms-1.12.261.jar:/home/runner/.m2/repository/com/amazonaws/jmespath-java/1.12.261/jmespath-java-1.12.261.jar:/home/runner/.m2/repository/org/kohsuke/metainf-services/metainf-services/1.8/metainf-services-1.8.jar:/home/runner/.m2/repository/org/apache/ozone/hdds-tools/1.3.0-SNAPSHOT/hdds-tools-1.3.0-SNAPSHOT.jar:/home/runner/.m2/repository/commons-cli/commons-cli/1.2/commons-cli-1.2.jar:/home/runner/.m2/repository/org/apache/commons/commons-lang3/3.7/commons-lang3-3.7.jar:/home/runner/.m2/repository/org/apache/ozone/ozone-manager/1.3.0-SNAPSHOT/ozone-manager-1.3.0-SNAPSHOT-tests.jar:/home/runner/.m2/repository/org/apache/ozone/hdds-common/1.3.0-SNAPSHOT/hdds-common-1.3.0-SNAPSHOT-tests.jar:/home/runner/.m2/repository/org/apache/ozone/hdds-hadoop-dependency-client/1.3.0-SNAPSHOT/hdds-hadoop-dependency-client-1.3.0-SNAPSHOT.jar:/home/runner/.m2/repository/info/picocli/picocli/4.6.1/picocli-4.6.1.jar:/home/runner/.m2/repository/com/fasterxml/jackson/core/jackson-annotations/2.13.2/jackson-annotations-2.13.2.jar:/home/runner/.m2/repository/com/fasterxml/jackson/datatype/jackson-datatype-jsr310/2.13.2/jackson-datatype-jsr310-2.13.2.jar:/home/runner/.m2/repository/javax/annotation/javax.annotation-api/1.2/javax.annotation-api-1.2.jar:/home/runner/.m2/repository/org/apache/ratis/ratis-server/2.3.0/ratis-server-2.3.0.jar:/home/runner/.m2/repository/org/apache/ratis/ratis-client/2.3.0/ratis-client-2.3.0.jar:/home/runner/.m2/repository/org/apache/ratis/ratis-server-api/2.3.0/ratis-server-api-2.3.0.jar:/home/runner/.m2/repository/org/apache/ratis/ratis-metrics/2.3.0/ratis-metrics-2.3.0.jar:/home/runner/.m2/repository/org/apache/ratis/ratis-netty/2.3.0/ratis-netty-2.3.0.jar:/home/runner/.m2/repository/org/apache/ratis/ratis-grpc/2.3.0/ratis-grpc-2.3.0.jar:/home/runner/.m2/repository/org/apache/logging/log4j/log4j-api/2.17.1/log4j-api-2.17.1.jar:/home/runner/.m2/repository/org/apache/commons/commons-pool2/2.6.0/commons-pool2-2.6.0.jar:/home/runner/.m2/repository/org/bouncycastle/bcpkix-jdk15on/1.67/bcpkix-jdk15on-1.67.jar:/home/runner/.m2/repository/commons-validator/commons-validator/1.6/commons-validator-1.6.jar:/home/runner/.m2/repository/commons-beanutils/commons-beanutils/1.9.4/commons-beanutils-1.9.4.jar:/home/runner/.m2/repository/commons-digester/commons-digester/1.8.1/commons-digester-1.8.1.jar:/home/runner/.m2/repository/commons-collections/commons-collections/3.2.2/commons-collections-3.2.2.jar:/home/runner/.m2/repository/io/jaegertracing/jaeger-client/1.6.0/jaeger-client-1.6.0.jar:/home/runner/.m2/repository/io/jaegertracing/jaeger-thrift/1.6.0/jaeger-thrift-1.6.0.jar:/home/runner/.m2/repository/org/apache/thrift/libthrift/0.14.1/libthrift-0.14.1.jar:/home/runner/.m2/repository/com/squareup/okhttp3/okhttp/4.9.0/okhttp-4.9.0.jar:/home/runner/.m2/repository/com/squareup/okio/okio/2.8.0/okio-2.8.0.jar:/home/runner/.m2/repository/io/jaegertracing/jaeger-core/1.6.0/jaeger-core-1.6.0.jar:/home/runner/.m2/repository/io/jaegertracing/jaeger-tracerresolver/1.6.0/jaeger-tracerresolver-1.6.0.jar:/home/runner/.m2/repository/io/opentracing/contrib/opentracing-tracerresolver/0.1.8/opentracing-tracerresolver-0.1.8.jar:/home/runner/.m2/repository/org/jetbrains/kotlin/kotlin-stdlib/1.6.21/kotlin-stdlib-1.6.21.jar:/home/runner/.m2/repository/org/jetbrains/kotlin/kotlin-stdlib-common/1.6.21/kotlin-stdlib-common-1.6.21.jar:/home/runner/.m2/repository/org/jetbrains/annotations/13.0/annotations-13.0.jar:/home/runner/.m2/repository/io/opentracing/opentracing-util/0.33.0/opentracing-util-0.33.0.jar:/home/runner/.m2/repository/io/opentracing/opentracing-api/0.33.0/opentracing-api-0.33.0.jar:/home/runner/.m2/repository/io/opentracing/opentracing-noop/0.33.0/opentracing-noop-0.33.0.jar:/home/runner/.m2/repository/org/yaml/snakeyaml/1.26/snakeyaml-1.26.jar:/home/runner/.m2/repository/org/apache/ozone/hdds-interface-admin/1.3.0-SNAPSHOT/hdds-interface-admin-1.3.0-SNAPSHOT.jar:/home/runner/.m2/repository/junit/junit/4.13.1/junit-4.13.1.jar:/home/runner/.m2/repository/org/hamcrest/hamcrest-core/1.3/hamcrest-core-1.3.jar:/home/runner/.m2/repository/org/junit/jupiter/junit-jupiter-api/5.8.2/junit-jupiter-api-5.8.2.jar:/home/runner/.m2/repository/org/opentest4j/opentest4j/1.2.0/opentest4j-1.2.0.jar:/home/runner/.m2/repository/org/junit/platform/junit-platform-commons/1.8.2/junit-platform-commons-1.8.2.jar:/home/runner/.m2/repository/org/apiguardian/apiguardian-api/1.1.2/apiguardian-api-1.1.2.jar:/home/runner/.m2/repository/org/junit/jupiter/junit-jupiter-params/5.8.2/junit-jupiter-params-5.8.2.jar:/home/runner/.m2/repository/org/junit/jupiter/junit-jupiter-migrationsupport/5.8.2/junit-jupiter-migrationsupport-5.8.2.jar:/home/runner/.m2/repository/org/junit/jupiter/junit-jupiter-engine/5.8.2/junit-jupiter-engine-5.8.2.jar:/home/runner/.m2/repository/org/junit/platform/junit-platform-engine/1.8.2/junit-platform-engine-1.8.2.jar:/home/runner/.m2/repository/org/junit/vintage/junit-vintage-engine/5.8.2/junit-vintage-engine-5.8.2.jar:/home/runner/.m2/repository/org/junit/platform/junit-platform-launcher/1.8.2/junit-platform-launcher-1.8.2.jar:/home/runner/.m2/repository/org/mockito/mockito-core/2.28.2/mockito-core-2.28.2.jar:/home/runner/.m2/repository/net/bytebuddy/byte-buddy/1.9.10/byte-buddy-1.9.10.jar:/home/runner/.m2/repository/net/bytebuddy/byte-buddy-agent/1.9.10/byte-buddy-agent-1.9.10.jar:/home/runner/.m2/repository/org/objenesis/objenesis/1.0/objenesis-1.0.jar:/home/runner/.m2/repository/org/apache/hadoop/hadoop-kms/3.3.1/hadoop-kms-3.3.1.jar:/home/runner/.m2/repository/org/apache/hadoop/hadoop-auth/3.3.1/hadoop-auth-3.3.1.jar:/home/runner/.m2/repository/com/nimbusds/nimbus-jose-jwt/7.9/nimbus-jose-jwt-7.9.jar:/home/runner/.m2/repository/com/github/stephenc/jcip/jcip-annotations/1.0-1/jcip-annotations-1.0-1.jar:/home/runner/.m2/repository/net/minidev/json-smart/2.4.7/json-smart-2.4.7.jar:/home/runner/.m2/repository/net/minidev/accessors-smart/2.4.7/accessors-smart-2.4.7.jar:/home/runner/.m2/repository/org/ow2/asm/asm/5.0.4/asm-5.0.4.jar:/home/runner/.m2/repository/org/apache/zookeeper/zookeeper/3.5.6/zookeeper-3.5.6.jar:/home/runner/.m2/repository/org/apache/zookeeper/zookeeper-jute/3.5.6/zookeeper-jute-3.5.6.jar:/home/runner/.m2/repository/org/apache/yetus/audience-annotations/0.5.0/audience-annotations-0.5.0.jar:/home/runner/.m2/repository/org/apache/curator/curator-framework/4.2.0/curator-framework-4.2.0.jar:/home/runner/.m2/repository/org/apache/hadoop/thirdparty/hadoop-shaded-guava/1.1.1/hadoop-shaded-guava-1.1.1.jar:/home/runner/.m2/repository/com/sun/jersey/jersey-core/1.19/jersey-core-1.19.jar:/home/runner/.m2/repository/javax/ws/rs/jsr311-api/1.1.1/jsr311-api-1.1.1.jar:/home/runner/.m2/repository/com/sun/jersey/jersey-server/1.19/jersey-server-1.19.jar:/home/runner/.m2/repository/javax/servlet/javax.servlet-api/3.1.0/javax.servlet-api-3.1.0.jar:/home/runner/.m2/repository/org/eclipse/jetty/jetty-server/9.4.43.v20210629/jetty-server-9.4.43.v20210629.jar:/home/runner/.m2/repository/org/eclipse/jetty/jetty-http/9.4.43.v20210629/jetty-http-9.4.43.v20210629.jar:/home/runner/.m2/repository/org/eclipse/jetty/jetty-io/9.4.43.v20210629/jetty-io-9.4.43.v20210629.jar:/home/runner/.m2/repository/org/eclipse/jetty/jetty-webapp/9.4.43.v20210629/jetty-webapp-9.4.43.v20210629.jar:/home/runner/.m2/repository/org/eclipse/jetty/jetty-xml/9.4.43.v20210629/jetty-xml-9.4.43.v20210629.jar:/home/runner/.m2/repository/org/apache/hadoop/hadoop-common/3.3.1/hadoop-common-3.3.1.jar:/home/runner/.m2/repository/org/apache/commons/commons-math3/3.1.1/commons-math3-3.1.1.jar:/home/runner/.m2/repository/commons-net/commons-net/3.6/commons-net-3.6.jar:/home/runner/.m2/repository/com/sun/jersey/jersey-servlet/1.19/jersey-servlet-1.19.jar:/home/runner/.m2/repository/com/sun/jersey/jersey-json/1.19/jersey-json-1.19.jar:/home/runner/.m2/repository/org/codehaus/jettison/jettison/1.1/jettison-1.1.jar:/home/runner/.m2/repository/com/sun/xml/bind/jaxb-impl/2.2.3-1/jaxb-impl-2.2.3-1.jar:/home/runner/.m2/repository/org/codehaus/jackson/jackson-xc/1.9.2/jackson-xc-1.9.2.jar:/home/runner/.m2/repository/org/apache/commons/commons-configuration2/2.1.1/commons-configuration2-2.1.1.jar:/home/runner/.m2/repository/org/apache/commons/commons-text/1.4/commons-text-1.4.jar:/home/runner/.m2/repository/com/google/re2j/re2j/1.1/re2j-1.1.jar:/home/runner/.m2/repository/com/jcraft/jsch/0.1.54/jsch-0.1.54.jar:/home/runner/.m2/repository/org/apache/curator/curator-client/4.2.0/curator-client-4.2.0.jar:/home/runner/.m2/repository/org/apache/curator/curator-recipes/4.2.0/curator-recipes-4.2.0.jar:/home/runner/.m2/repository/org/apache/kerby/kerb-core/1.0.1/kerb-core-1.0.1.jar:/home/runner/.m2/repository/org/apache/kerby/kerby-pkix/1.0.1/kerby-pkix-1.0.1.jar:/home/runner/.m2/repository/org/apache/kerby/kerby-asn1/1.0.1/kerby-asn1-1.0.1.jar:/home/runner/.m2/repository/org/apache/kerby/kerby-util/1.0.1/kerby-util-1.0.1.jar:/home/runner/.m2/repository/dnsjava/dnsjava/2.1.7/dnsjava-2.1.7.jar:/home/runner/.m2/repository/org/xerial/snappy/snappy-java/1.1.8.2/snappy-java-1.1.8.2.jar:/home/runner/.m2/repository/org/slf4j/jul-to-slf4j/1.7.30/jul-to-slf4j-1.7.30.jar:/home/runner/.m2/repository/org/eclipse/jetty/jetty-util/9.4.43.v20210629/jetty-util-9.4.43.v20210629.jar:/home/runner/.m2/repository/com/fasterxml/jackson/core/jackson-databind/2.13.2.2/jackson-databind-2.13.2.2.jar:/home/runner/.m2/repository/org/apache/hadoop/hadoop-kms/3.3.1/hadoop-kms-3.3.1-tests.jar:/home/runner/.m2/repository/org/apache/ozone/hdds-server-scm/1.3.0-SNAPSHOT/hdds-server-scm-1.3.0-SNAPSHOT-tests.jar:/home/runner/.m2/repository/org/apache/ozone/hdds-container-service/1.3.0-SNAPSHOT/hdds-container-service-1.3.0-SNAPSHOT-tests.jar:/home/runner/.m2/repository/commons-codec/commons-codec/1.11/commons-codec-1.11.jar:/home/runner/.m2/repository/io/netty/netty-codec/4.1.79.Final/netty-codec-4.1.79.Final.jar:/home/runner/.m2/repository/io/netty/netty-handler/4.1.79.Final/netty-handler-4.1.79.Final.jar:/home/runner/.m2/repository/org/apache/ozone/hdds-hadoop-dependency-test/1.3.0-SNAPSHOT/hdds-hadoop-dependency-test-1.3.0-SNAPSHOT.jar:/home/runner/.m2/repository/org/apache/hadoop/hadoop-common/3.3.1/hadoop-common-3.3.1-tests.jar:/home/runner/.m2/repository/org/assertj/assertj-core/3.12.2/assertj-core-3.12.2.jar:/home/runner/.m2/repository/org/apache/hadoop/hadoop-hdfs/3.3.1/hadoop-hdfs-3.3.1-tests.jar:/home/runner/.m2/repository/org/eclipse/jetty/jetty-util-ajax/9.4.43.v20210629/jetty-util-ajax-9.4.43.v20210629.jar:/home/runner/.m2/repository/commons-daemon/commons-daemon/1.0.13/commons-daemon-1.0.13.jar:/home/runner/.m2/repository/io/netty/netty/3.10.6.Final/netty-3.10.6.Final.jar:/home/runner/.m2/repository/io/netty/netty-all/4.1.79.Final/netty-all-4.1.79.Final.jar:/home/runner/.m2/repository/io/netty/netty-codec-dns/4.1.79.Final/netty-codec-dns-4.1.79.Final.jar:/home/runner/.m2/repository/io/netty/netty-codec-haproxy/4.1.79.Final/netty-codec-haproxy-4.1.79.Final.jar:/home/runner/.m2/repository/io/netty/netty-codec-memcache/4.1.79.Final/netty-codec-memcache-4.1.79.Final.jar:/home/runner/.m2/repository/io/netty/netty-codec-mqtt/4.1.79.Final/netty-codec-mqtt-4.1.79.Final.jar:/home/runner/.m2/repository/io/netty/netty-codec-redis/4.1.79.Final/netty-codec-redis-4.1.79.Final.jar:/home/runner/.m2/repository/io/netty/netty-codec-smtp/4.1.79.Final/netty-codec-smtp-4.1.79.Final.jar:/home/runner/.m2/repository/io/netty/netty-codec-stomp/4.1.79.Final/netty-codec-stomp-4.1.79.Final.jar:/home/runner/.m2/repository/io/netty/netty-codec-xml/4.1.79.Final/netty-codec-xml-4.1.79.Final.jar:/home/runner/.m2/repository/io/netty/netty-resolver-dns/4.1.79.Final/netty-resolver-dns-4.1.79.Final.jar:/home/runner/.m2/repository/io/netty/netty-transport-rxtx/4.1.79.Final/netty-transport-rxtx-4.1.79.Final.jar:/home/runner/.m2/repository/io/netty/netty-transport-sctp/4.1.79.Final/netty-transport-sctp-4.1.79.Final.jar:/home/runner/.m2/repository/io/netty/netty-transport-udt/4.1.79.Final/netty-transport-udt-4.1.79.Final.jar:/home/runner/.m2/repository/io/netty/netty-transport-classes-kqueue/4.1.79.Final/netty-transport-classes-kqueue-4.1.79.Final.jar:/home/runner/.m2/repository/io/netty/netty-resolver-dns-classes-macos/4.1.79.Final/netty-resolver-dns-classes-macos-4.1.79.Final.jar:/home/runner/.m2/repository/io/netty/netty-transport-native-epoll/4.1.79.Final/netty-transport-native-epoll-4.1.79.Final-linux-aarch_64.jar:/home/runner/.m2/repository/io/netty/netty-transport-native-kqueue/4.1.79.Final/netty-transport-native-kqueue-4.1.79.Final-osx-x86_64.jar:/home/runner/.m2/repository/io/netty/netty-transport-native-kqueue/4.1.79.Final/netty-transport-native-kqueue-4.1.79.Final-osx-aarch_64.jar:/home/runner/.m2/repository/io/netty/netty-resolver-dns-native-macos/4.1.79.Final/netty-resolver-dns-native-macos-4.1.79.Final-osx-x86_64.jar:/home/runner/.m2/repository/io/netty/netty-resolver-dns-native-macos/4.1.79.Final/netty-resolver-dns-native-macos-4.1.79.Final-osx-aarch_64.jar:/home/runner/.m2/repository/org/apache/htrace/htrace-core4/4.1.0-incubating/htrace-core4-4.1.0-incubating.jar:/home/runner/.m2/repository/org/fusesource/leveldbjni/leveldbjni-all/1.8/leveldbjni-all-1.8.jar:/home/runner/.m2/repository/org/apache/hadoop/hadoop-distcp/3.3.1/hadoop-distcp-3.3.1.jar:/home/runner/.m2/repository/org/apache/hadoop/hadoop-mapreduce-client-jobclient/3.3.1/hadoop-mapreduce-client-jobclient-3.3.1.jar:/home/runner/.m2/repository/org/apache/hadoop/hadoop-mapreduce-client-common/3.3.1/hadoop-mapreduce-client-common-3.3.1.jar:/home/runner/.m2/repository/org/apache/hadoop/hadoop-yarn-common/3.3.1/hadoop-yarn-common-3.3.1.jar:/home/runner/.m2/repository/org/apache/hadoop/hadoop-yarn-api/3.3.1/hadoop-yarn-api-3.3.1.jar:/home/runner/.m2/repository/com/sun/jersey/contribs/jersey-guice/1.19/jersey-guice-1.19.jar:/home/runner/.m2/repository/com/fasterxml/jackson/jaxrs/jackson-jaxrs-json-provider/2.13.2/jackson-jaxrs-json-provider-2.13.2.jar:/home/runner/.m2/repository/com/fasterxml/jackson/jaxrs/jackson-jaxrs-base/2.13.2/jackson-jaxrs-base-2.13.2.jar:/home/runner/.m2/repository/org/apache/hadoop/hadoop-yarn-client/3.3.1/hadoop-yarn-client-3.3.1.jar:/home/runner/.m2/repository/org/eclipse/jetty/websocket/websocket-client/9.4.40.v20210413/websocket-client-9.4.40.v20210413.jar:/home/runner/.m2/repository/org/eclipse/jetty/websocket/websocket-common/9.4.40.v20210413/websocket-common-9.4.40.v20210413.jar:/home/runner/.m2/repository/org/eclipse/jetty/websocket/websocket-api/9.4.40.v20210413/websocket-api-9.4.40.v20210413.jar:/home/runner/.m2/repository/org/jline/jline/3.9.0/jline-3.9.0.jar:/home/runner/.m2/repository/org/apache/hadoop/hadoop-mapreduce-client-core/3.3.1/hadoop-mapreduce-client-core-3.3.1.jar:/home/runner/.m2/repository/org/apache/avro/avro/1.7.7/avro-1.7.7.jar:/home/runner/.m2/repository/org/codehaus/jackson/jackson-core-asl/1.9.13/jackson-core-asl-1.9.13.jar:/home/runner/.m2/repository/org/codehaus/jackson/jackson-mapper-asl/1.9.13/jackson-mapper-asl-1.9.13.jar:/home/runner/.m2/repository/com/thoughtworks/paranamer/paranamer/2.3/paranamer-2.3.jar:/home/runner/.m2/repository/org/apache/hadoop/hadoop-annotations/3.3.1/hadoop-annotations-3.3.1.jar:/usr/lib/jvm/temurin-8-jdk-amd64/jre/../lib/tools.jar:/home/runner/.m2/repository/org/apache/hadoop/hadoop-distcp/3.3.1/hadoop-distcp-3.3.1-tests.jar:/home/runner/.m2/repository/org/apache/ratis/ratis-common/2.3.0/ratis-common-2.3.0.jar:/home/runner/.m2/repository/org/apache/ratis/ratis-thirdparty-misc/1.0.0/ratis-thirdparty-misc-1.0.0.jar:/home/runner/.m2/repository/org/apache/ratis/ratis-proto/2.3.0/ratis-proto-2.3.0.jar:/home/runner/.m2/repository/org/apache/ozone/ozone-annotation-processing/1.3.0-SNAPSHOT/ozone-annotation-processing-1.3.0-SNAPSHOT.jar:"/>
    <property name="sun.cpu.endian" value="little"/>
    <property name="user.home" value="/home/runner"/>
    <property name="user.language" value="en"/>
    <property name="java.specification.vendor" value="Oracle Corporation"/>
    <property name="java.home" value="/usr/lib/jvm/temurin-8-jdk-amd64/jre"/>
    <property name="java.security.krb5.conf" value="/home/runner/work/ozone/ozone/hadoop-ozone/integration-test/target/test-classes/krb5.conf"/>
    <property name="basedir" value="/home/runner/work/ozone/ozone/hadoop-ozone/integration-test"/>
    <property name="file.separator" value="/"/>
    <property name="line.separator" value="&#10;"/>
    <property name="java.vm.specification.vendor" value="Oracle Corporation"/>
    <property name="java.specification.name" value="Java Platform API Specification"/>
    <property name="java.awt.graphicsenv" value="sun.awt.X11GraphicsEnvironment"/>
    <property name="skip.installnpx" value="true"/>
    <property name="surefire.real.class.path" value="/home/runner/work/ozone/ozone/hadoop-ozone/integration-test/target/surefire/surefirebooter4862668399545993564.jar:/home/runner/.m2/repository/org/jacoco/org.jacoco.agent/0.8.5/org.jacoco.agent-0.8.5-runtime.jar"/>
    <property name="hadoop.log.dir" value="/home/runner/work/ozone/ozone/hadoop-ozone/integration-test/target/log"/>
    <property name="sun.boot.class.path" value="/usr/lib/jvm/temurin-8-jdk-amd64/jre/lib/resources.jar:/usr/lib/jvm/temurin-8-jdk-amd64/jre/lib/rt.jar:/usr/lib/jvm/temurin-8-jdk-amd64/jre/lib/sunrsasign.jar:/usr/lib/jvm/temurin-8-jdk-amd64/jre/lib/jsse.jar:/usr/lib/jvm/temurin-8-jdk-amd64/jre/lib/jce.jar:/usr/lib/jvm/temurin-8-jdk-amd64/jre/lib/charsets.jar:/usr/lib/jvm/temurin-8-jdk-amd64/jre/lib/jfr.jar:/usr/lib/jvm/temurin-8-jdk-amd64/jre/classes"/>
    <property name="sun.management.compiler" value="HotSpot 64-Bit Tiered Compilers"/>
    <property name="skip.npx" value="true"/>
    <property name="java.runtime.version" value="1.8.0_332-b09"/>
    <property name="java.net.preferIPv4Stack" value="true"/>
    <property name="user.name" value="runner"/>
    <property name="path.separator" value=":"/>
    <property name="java.security.egd" value="file:///dev/urandom"/>
    <property name="os.version" value="5.4.0-1086-azure"/>
    <property name="java.endorsed.dirs" value="/usr/lib/jvm/temurin-8-jdk-amd64/jre/lib/endorsed"/>
    <property name="java.runtime.name" value="OpenJDK Runtime Environment"/>
    <property name="file.encoding" value="UTF-8"/>
    <property name="java.vm.name" value="OpenJDK 64-Bit Server VM"/>
    <property name="test.build.webapps" value=""/>
    <property name="localRepository" value="/home/runner/.m2/repository"/>
    <property name="jetty.git.hash" value="526006ecfa3af7f1a27ef3a288e2bef7ea9dd7e8"/>
    <property name="java.vendor.url.bug" value="https://github.com/adoptium/adoptium-support/issues"/>
    <property name="java.io.tmpdir" value="/tmp"/>
    <property name="require.test.libhadoop" value=""/>
    <property name="java.version" value="1.8.0_332"/>
    <property name="user.dir" value="/home/runner/work/ozone/ozone/hadoop-ozone/integration-test"/>
    <property name="os.arch" value="amd64"/>
    <property name="java.vm.specification.name" value="Java Virtual Machine Specification"/>
    <property name="test.build.classes" value="/home/runner/work/ozone/ozone/hadoop-ozone/integration-test/target/test-classes"/>
    <property name="java.awt.printerjob" value="sun.print.PSPrinterJob"/>
    <property name="sun.os.patch.level" value="unknown"/>
    <property name="hadoop.tmp.dir" value="/home/runner/work/ozone/ozone/hadoop-ozone/integration-test/target/tmp"/>
    <property name="java.library.path" value="/usr/java/packages/lib/amd64:/usr/lib64:/lib64:/lib:/usr/lib"/>
    <property name="java.vm.info" value="mixed mode"/>
    <property name="java.vendor" value="Temurin"/>
    <property name="java.vm.version" value="25.332-b09"/>
    <property name="java.ext.dirs" value="/usr/lib/jvm/temurin-8-jdk-amd64/jre/lib/ext:/usr/java/packages/lib/ext"/>
    <property name="sun.io.unicode.encoding" value="UnicodeLittle"/>
    <property name="java.class.version" value="52.0"/>
  </properties>
  <testcase name="testRenameFile" classname="TestRootedOzoneFileSystem" time="0.5">
    <system-out><![CDATA[2022-08-09 13:46:54,834 [main] WARN  server.ServerUtils (ServerUtils.java:getScmDbDir(148)) - ozone.scm.db.dirs is not configured. We recommend adding this setting. Falling back to ozone.metadata.dirs instead.
2022-08-09 13:46:54,900 [main] WARN  server.ServerUtils (ServerUtils.java:getScmDbDir(148)) - ozone.scm.db.dirs is not configured. We recommend adding this setting. Falling back to ozone.metadata.dirs instead.
2022-08-09 13:46:54,903 [main] INFO  ha.SCMHANodeDetails (SCMHANodeDetails.java:loadSCMHAConfig(209)) - ServiceID for StorageContainerManager is null
2022-08-09 13:46:54,912 [main] WARN  ha.SCMHANodeDetails (SCMHANodeDetails.java:validateSCMHAConfig(182)) - Invalid config ozone.scm.ratis.enable. The config was not specified, but the default value true conflicts with the expected config value false. Falling back to the expected value. Current State of SCM: SCM is running in Non-HA without Ratis Ratis SCM -> Non Ratis SCM or Non HA SCM -> HA SCM is not supported
2022-08-09 13:46:54,913 [main] INFO  ha.SCMHANodeDetails (SCMHANodeDetails.java:loadSCMHAConfig(214)) - ozone.scm.default.service.id is not defined, falling back to ozone.scm.service.ids to find serviceID for StorageContainerManager if it is HA enabled cluster
2022-08-09 13:46:55,425 [main] WARN  utils.HAUtils (HAUtils.java:getMetaDir(342)) - ozone.scm.db.dirs is not configured. We recommend adding this setting. Falling back to ozone.metadata.dirs instead.
2022-08-09 13:46:55,630 [main] WARN  db.DBStoreBuilder (DBStoreBuilder.java:applyDBDefinition(146)) - ozone.scm.db.dirs is not configured. We recommend adding this setting. Falling back to ozone.metadata.dirs instead.
2022-08-09 13:46:55,829 [main] INFO  net.NodeSchemaLoader (NodeSchemaLoader.java:loadSchemaFromFile(129)) - Loading schema from [jar:file:/home/runner/.m2/repository/org/apache/ozone/hdds-common/1.3.0-SNAPSHOT/hdds-common-1.3.0-SNAPSHOT.jar!/network-topology-default.xml]
2022-08-09 13:46:55,830 [main] INFO  net.NodeSchemaLoader (NodeSchemaLoader.java:loadSchema(176)) - Loading network topology layer schema file
2022-08-09 13:46:55,867 [main] INFO  metrics.MetricRegistries (MetricRegistriesLoader.java:load(64)) - Loaded MetricRegistries class org.apache.ratis.metrics.impl.MetricRegistriesImpl
2022-08-09 13:46:55,873 [main] INFO  upgrade.AbstractLayoutVersionManager (AbstractLayoutVersionManager.java:init(83)) - Initializing Layout version manager with metadata layout = DATANODE_SCHEMA_V3 (version = 4), software layout = DATANODE_SCHEMA_V3 (version = 4)
2022-08-09 13:46:56,042 [main] INFO  reflections.Reflections (Reflections.java:scan(232)) - Reflections took 111 ms to scan 7 urls, producing 132 keys and 321 values 
2022-08-09 13:46:56,127 [main] INFO  ha.SequenceIdGenerator (SequenceIdGenerator.java:upgradeToSequenceId(349)) - upgrade localId to 109611004723200000
2022-08-09 13:46:56,128 [main] INFO  ha.SequenceIdGenerator (SequenceIdGenerator.java:upgradeToSequenceId(359)) - upgrade delTxnId to 0
2022-08-09 13:46:56,131 [main] INFO  ha.SequenceIdGenerator (SequenceIdGenerator.java:upgradeToSequenceId(376)) - upgrade containerId to 0
2022-08-09 13:46:56,133 [main] INFO  ha.SequenceIdGenerator (SequenceIdGenerator.java:<init>(220)) - Init the HA SequenceIdGenerator.
2022-08-09 13:46:56,168 [main] WARN  server.ServerUtils (ServerUtils.java:sanitizeUserArgs(73)) - ozone.scm.stale.node.interval value = 300000 is larger than max = 100000 based on the key value of ozone.scm.heartbeat.thread.interval, reset to the max value 100000.
2022-08-09 13:46:56,168 [main] WARN  server.ServerUtils (ServerUtils.java:sanitizeUserArgs(73)) - ozone.scm.stale.node.interval value = 300000 is larger than max = 100000 based on the key value of ozone.scm.heartbeat.thread.interval, reset to the max value 100000.
2022-08-09 13:46:56,174 [main] INFO  node.SCMNodeManager (SCMNodeManager.java:<init>(149)) - Entering startup safe mode.
2022-08-09 13:46:56,185 [main] INFO  algorithms.ContainerPlacementPolicyFactory (ContainerPlacementPolicyFactory.java:getPolicyInternal(86)) - Create container placement policy of type org.apache.hadoop.hdds.scm.container.placement.algorithms.SCMContainerPlacementRandom
2022-08-09 13:46:56,187 [main] INFO  algorithms.ContainerPlacementPolicyFactory (ContainerPlacementPolicyFactory.java:getPolicyInternal(86)) - Create container placement policy of type org.apache.hadoop.hdds.scm.container.placement.algorithms.SCMContainerPlacementRackScatter
2022-08-09 13:46:56,196 [main] INFO  pipeline.PipelineStateManagerImpl (PipelineStateManagerImpl.java:initialize(78)) - No pipeline exists in current db
2022-08-09 13:46:56,233 [Finalizer] WARN  managed.ManagedRocksObjectUtils (ManagedRocksObjectUtils.java:assertClosed(39)) - ManagedColumnFamilyOptions is not closed properly
2022-08-09 13:46:56,234 [Finalizer] WARN  managed.ManagedRocksObjectUtils (ManagedRocksObjectUtils.java:assertClosed(39)) - ManagedColumnFamilyOptions is not closed properly
2022-08-09 13:46:56,234 [Finalizer] WARN  managed.ManagedRocksObjectUtils (ManagedRocksObjectUtils.java:assertClosed(39)) - ManagedColumnFamilyOptions is not closed properly
2022-08-09 13:46:56,234 [Finalizer] WARN  managed.ManagedRocksObjectUtils (ManagedRocksObjectUtils.java:assertClosed(39)) - ManagedColumnFamilyOptions is not closed properly
2022-08-09 13:46:56,234 [Finalizer] WARN  managed.ManagedRocksObjectUtils (ManagedRocksObjectUtils.java:assertClosed(39)) - ManagedColumnFamilyOptions is not closed properly
2022-08-09 13:46:56,234 [Finalizer] WARN  managed.ManagedRocksObjectUtils (ManagedRocksObjectUtils.java:assertClosed(39)) - ManagedColumnFamilyOptions is not closed properly
2022-08-09 13:46:56,234 [Finalizer] WARN  managed.ManagedRocksObjectUtils (ManagedRocksObjectUtils.java:assertClosed(39)) - ManagedColumnFamilyOptions is not closed properly
2022-08-09 13:46:56,234 [Finalizer] WARN  managed.ManagedRocksObjectUtils (ManagedRocksObjectUtils.java:assertClosed(39)) - ManagedColumnFamilyOptions is not closed properly
2022-08-09 13:46:56,234 [Finalizer] WARN  managed.ManagedRocksObjectUtils (ManagedRocksObjectUtils.java:assertClosed(39)) - ManagedColumnFamilyOptions is not closed properly
2022-08-09 13:46:56,234 [Finalizer] WARN  managed.ManagedRocksObjectUtils (ManagedRocksObjectUtils.java:assertClosed(39)) - ManagedColumnFamilyOptions is not closed properly
2022-08-09 13:46:56,234 [Finalizer] WARN  managed.ManagedRocksObjectUtils (ManagedRocksObjectUtils.java:assertClosed(39)) - ManagedColumnFamilyOptions is not closed properly
2022-08-09 13:46:56,234 [Finalizer] WARN  managed.ManagedRocksObjectUtils (ManagedRocksObjectUtils.java:assertClosed(39)) - ManagedColumnFamilyOptions is not closed properly
2022-08-09 13:46:56,235 [Finalizer] WARN  managed.ManagedRocksObjectUtils (ManagedRocksObjectUtils.java:assertClosed(39)) - ManagedColumnFamilyOptions is not closed properly
2022-08-09 13:46:56,235 [Finalizer] WARN  managed.ManagedRocksObjectUtils (ManagedRocksObjectUtils.java:assertClosed(39)) - ManagedColumnFamilyOptions is not closed properly
2022-08-09 13:46:56,235 [Finalizer] WARN  managed.ManagedRocksObjectUtils (ManagedRocksObjectUtils.java:assertClosed(39)) - ManagedColumnFamilyOptions is not closed properly
2022-08-09 13:46:56,235 [Finalizer] WARN  managed.ManagedRocksObjectUtils (ManagedRocksObjectUtils.java:assertClosed(39)) - ManagedColumnFamilyOptions is not closed properly
2022-08-09 13:46:56,240 [main] INFO  algorithms.LeaderChoosePolicyFactory (LeaderChoosePolicyFactory.java:getPolicy(57)) - Create leader choose policy of type org.apache.hadoop.hdds.scm.pipeline.leader.choose.algorithms.MinLeaderCountChoosePolicy
2022-08-09 13:46:56,240 [main] INFO  algorithms.ContainerPlacementPolicyFactory (ContainerPlacementPolicyFactory.java:getPolicyInternal(86)) - Create container placement policy of type org.apache.hadoop.hdds.scm.container.placement.algorithms.SCMContainerPlacementRackScatter
2022-08-09 13:46:56,246 [main] INFO  ha.SCMServiceManager (SCMServiceManager.java:register(42)) - Registering service BackgroundPipelineCreator.
2022-08-09 13:46:56,246 [main] INFO  pipeline.BackgroundPipelineCreator (BackgroundPipelineCreator.java:start(124)) - Starting RatisPipelineUtilsThread.
2022-08-09 13:46:56,250 [main] INFO  BackgroundPipelineScrubber (BackgroundSCMService.java:start(68)) - Starting BackgroundPipelineScrubber Service.
2022-08-09 13:46:56,253 [main] INFO  ha.SCMServiceManager (SCMServiceManager.java:register(42)) - Registering service BackgroundPipelineScrubber.
2022-08-09 13:46:56,259 [main] INFO  ExpiredContainerReplicaOpScrubber (BackgroundSCMService.java:start(68)) - Starting ExpiredContainerReplicaOpScrubber Service.
2022-08-09 13:46:56,261 [main] INFO  ha.SCMServiceManager (SCMServiceManager.java:register(42)) - Registering service ExpiredContainerReplicaOpScrubber.
2022-08-09 13:46:56,288 [main] INFO  algorithms.PipelineChoosePolicyFactory (PipelineChoosePolicyFactory.java:createPipelineChoosePolicyFromClass(73)) - Create pipeline choose policy of type org.apache.hadoop.hdds.scm.pipeline.choose.algorithms.RandomPipelineChoosePolicy
2022-08-09 13:46:56,304 [main] INFO  ha.SCMServiceManager (SCMServiceManager.java:register(42)) - Registering service SCMBlockDeletingService.
2022-08-09 13:46:56,337 [main] INFO  replication.ReplicationManager (ReplicationManager.java:start(200)) - Starting Replication Monitor Thread.
2022-08-09 13:46:56,346 [main] INFO  UnderReplicatedQueueThread (BackgroundSCMService.java:start(68)) - Starting UnderReplicatedQueueThread Service.
2022-08-09 13:46:56,347 [ReplicationMonitor] INFO  replication.ReplicationManager (ReplicationManager.java:processAll(249)) - Replication Manager is not ready to run until 3000ms after safemode exit
2022-08-09 13:46:56,347 [main] INFO  ha.SCMServiceManager (SCMServiceManager.java:register(42)) - Registering service UnderReplicatedQueueThread.
2022-08-09 13:46:56,348 [main] INFO  OverReplicatedQueueThread (BackgroundSCMService.java:start(68)) - Starting OverReplicatedQueueThread Service.
2022-08-09 13:46:56,349 [main] INFO  ha.SCMServiceManager (SCMServiceManager.java:register(42)) - Registering service OverReplicatedQueueThread.
2022-08-09 13:46:56,349 [main] INFO  ha.SCMServiceManager (SCMServiceManager.java:register(42)) - Registering service ReplicationManager.
2022-08-09 13:46:56,357 [main] INFO  safemode.ContainerSafeModeRule (ContainerSafeModeRule.java:<init>(89)) - containers with one replica threshold count 0
2022-08-09 13:46:56,360 [main] INFO  safemode.HealthyPipelineSafeModeRule (HealthyPipelineSafeModeRule.java:initializeRule(169)) - Total pipeline count is 0, healthy pipeline threshold count is 1
2022-08-09 13:46:56,363 [main] INFO  safemode.OneReplicaPipelineSafeModeRule (OneReplicaPipelineSafeModeRule.java:initializeRule(180)) - Total pipeline count is 0, pipeline's with at least one datanode reported threshold count is 0
2022-08-09 13:46:56,634 [main] INFO  audit.AuditLogger (AuditLogger.java:refreshDebugCmdSet(126)) - Refresh DebugCmdSet for SCMAudit to [].
2022-08-09 13:46:56,665 [main] INFO  ipc.CallQueueManager (CallQueueManager.java:<init>(90)) - Using callQueue: class java.util.concurrent.LinkedBlockingQueue, queueCapacity: 2000, scheduler: class org.apache.hadoop.ipc.DefaultRpcScheduler, ipcBackoff: false.
2022-08-09 13:46:56,707 [Socket Reader #1 for port 0] INFO  ipc.Server (Server.java:run(1265)) - Starting Socket Reader #1 for port 0
2022-08-09 13:46:56,765 [Listener at 0.0.0.0/43751] INFO  audit.AuditLogger (AuditLogger.java:refreshDebugCmdSet(126)) - Refresh DebugCmdSet for SCMAudit to [].
2022-08-09 13:46:56,770 [Listener at 0.0.0.0/43751] INFO  ipc.CallQueueManager (CallQueueManager.java:<init>(90)) - Using callQueue: class java.util.concurrent.LinkedBlockingQueue, queueCapacity: 2000, scheduler: class org.apache.hadoop.ipc.DefaultRpcScheduler, ipcBackoff: false.
2022-08-09 13:46:56,774 [Socket Reader #1 for port 0] INFO  ipc.Server (Server.java:run(1265)) - Starting Socket Reader #1 for port 0
2022-08-09 13:46:56,803 [Listener at 0.0.0.0/38055] INFO  audit.AuditLogger (AuditLogger.java:refreshDebugCmdSet(126)) - Refresh DebugCmdSet for SCMAudit to [].
2022-08-09 13:46:56,813 [Listener at 0.0.0.0/38055] INFO  ipc.CallQueueManager (CallQueueManager.java:<init>(90)) - Using callQueue: class java.util.concurrent.LinkedBlockingQueue, queueCapacity: 2000, scheduler: class org.apache.hadoop.ipc.DefaultRpcScheduler, ipcBackoff: false.
2022-08-09 13:46:56,814 [Socket Reader #1 for port 0] INFO  ipc.Server (Server.java:run(1265)) - Starting Socket Reader #1 for port 0
2022-08-09 13:46:56,875 [Listener at 0.0.0.0/44479] INFO  ha.SCMServiceManager (SCMServiceManager.java:register(42)) - Registering service ContainerBalancer.
2022-08-09 13:46:56,876 [Listener at 0.0.0.0/44479] INFO  server.StorageContainerManager (StorageContainerManager.java:<init>(406)) - 
Container Balancer status:
Key                            Value
Running                        false
Container Balancer Configuration values:
Key                                                Value
Threshold                                          10
Max Datanodes to Involve per Iteration(percent)    20
Max Size to Move per Iteration                     500GB
Max Size Entering Target per Iteration             26GB
Max Size Leaving Source per Iteration              26GB

2022-08-09 13:46:56,876 [Listener at 0.0.0.0/44479] WARN  events.EventQueue (EventQueue.java:fireEvent(216)) - No event handler registered for event TypedEvent{payloadType=SafeModeStatus, name='Safe mode status'}
2022-08-09 13:46:56,876 [Listener at 0.0.0.0/44479] INFO  ha.SCMContext (SCMContext.java:updateSafeModeStatus(228)) - Update SafeModeStatus from SafeModeStatus{safeModeStatus=true, preCheckPassed=false} to SafeModeStatus{safeModeStatus=true, preCheckPassed=false}.
2022-08-09 13:46:56,880 [Listener at 0.0.0.0/44479] INFO  server.StorageContainerManager (StorageContainerManager.java:start(1460)) - StorageContainerLocationProtocol RPC server is listening at /0.0.0.0:44479
2022-08-09 13:46:56,959 [Listener at 0.0.0.0/44479] WARN  impl.MetricsConfig (MetricsConfig.java:loadFirst(136)) - Cannot locate configuration: tried hadoop-metrics2-storagecontainermanager.properties,hadoop-metrics2.properties
2022-08-09 13:46:56,978 [Listener at 0.0.0.0/44479] INFO  impl.MetricsSystemImpl (MetricsSystemImpl.java:startTimer(378)) - Scheduled Metric snapshot period at 10 second(s).
2022-08-09 13:46:56,978 [Listener at 0.0.0.0/44479] INFO  impl.MetricsSystemImpl (MetricsSystemImpl.java:start(191)) - StorageContainerManager metrics system started
2022-08-09 13:46:57,270 [Listener at 0.0.0.0/44479] INFO  server.SCMClientProtocolServer (SCMClientProtocolServer.java:start(170)) - RPC server for Client  is listening at /0.0.0.0:44479
2022-08-09 13:46:57,271 [IPC Server Responder] INFO  ipc.Server (Server.java:run(1507)) - IPC Server Responder: starting
2022-08-09 13:46:57,271 [IPC Server listener on 0] INFO  ipc.Server (Server.java:run(1344)) - IPC Server listener on 0: starting
2022-08-09 13:46:57,274 [Listener at 0.0.0.0/44479] INFO  server.StorageContainerManager (StorageContainerManager.java:start(1475)) - ScmBlockLocationProtocol RPC server is listening at /0.0.0.0:38055
2022-08-09 13:46:57,275 [Listener at 0.0.0.0/44479] INFO  server.SCMBlockProtocolServer (SCMBlockProtocolServer.java:start(152)) - RPC server for Block Protocol is listening at /0.0.0.0:38055
2022-08-09 13:46:57,276 [IPC Server Responder] INFO  ipc.Server (Server.java:run(1507)) - IPC Server Responder: starting
2022-08-09 13:46:57,277 [IPC Server listener on 0] INFO  ipc.Server (Server.java:run(1344)) - IPC Server listener on 0: starting
2022-08-09 13:46:57,285 [Listener at 0.0.0.0/44479] INFO  server.SCMDatanodeProtocolServer (SCMDatanodeProtocolServer.java:start(186)) - ScmDatanodeProtocol RPC server for DataNodes is listening at /0.0.0.0:43751
2022-08-09 13:46:57,286 [IPC Server Responder] INFO  ipc.Server (Server.java:run(1507)) - IPC Server Responder: starting
2022-08-09 13:46:57,286 [IPC Server listener on 0] INFO  ipc.Server (Server.java:run(1344)) - IPC Server listener on 0: starting
2022-08-09 13:46:57,310 [org.apache.hadoop.util.JvmPauseMonitor$Monitor@4529048e] INFO  util.JvmPauseMonitor (JvmPauseMonitor.java:run(188)) - Starting JVM pause monitor
2022-08-09 13:46:57,316 [Listener at 0.0.0.0/44479] INFO  http.BaseHttpServer (BaseHttpServer.java:newHttpServer2BuilderForOzone(209)) - Starting Web-server for scm at: http://0.0.0.0:0
2022-08-09 13:46:57,316 [Listener at 0.0.0.0/44479] INFO  http.BaseHttpServer (BaseHttpServer.java:<init>(107)) - Hadoop Security Enabled: false Ozone Security Enabled: false Ozone HTTP Security Enabled: false 
2022-08-09 13:46:57,340 [Listener at 0.0.0.0/44479] INFO  util.log (Log.java:initialized(170)) - Logging initialized @4075ms to org.eclipse.jetty.util.log.Slf4jLog
2022-08-09 13:46:57,437 [Listener at 0.0.0.0/44479] INFO  server.AuthenticationFilter (AuthenticationFilter.java:constructSecretProvider(240)) - Unable to initialize FileSignerSecretProvider, falling back to use random secrets.
2022-08-09 13:46:57,442 [Listener at 0.0.0.0/44479] WARN  http.HttpRequestLog (HttpRequestLog.java:getRequestLog(103)) - Jetty request log can only be enabled using Log4j
2022-08-09 13:46:57,448 [Listener at 0.0.0.0/44479] INFO  http.HttpServer2 (HttpServer2.java:addGlobalFilter(1029)) - Added global filter 'safety' (class=org.apache.hadoop.hdds.server.http.HttpServer2$QuotingInputFilter)
2022-08-09 13:46:57,450 [Listener at 0.0.0.0/44479] INFO  http.HttpServer2 (HttpServer2.java:addFilter(1005)) - Added filter static_user_filter (class=org.apache.hadoop.http.lib.StaticUserWebFilter$StaticUserFilter) to context scm
2022-08-09 13:46:57,450 [Listener at 0.0.0.0/44479] INFO  http.HttpServer2 (HttpServer2.java:addFilter(1013)) - Added filter static_user_filter (class=org.apache.hadoop.http.lib.StaticUserWebFilter$StaticUserFilter) to context logs
2022-08-09 13:46:57,450 [Listener at 0.0.0.0/44479] INFO  http.HttpServer2 (HttpServer2.java:addFilter(1013)) - Added filter static_user_filter (class=org.apache.hadoop.http.lib.StaticUserWebFilter$StaticUserFilter) to context static
2022-08-09 13:46:57,489 [Listener at 0.0.0.0/44479] INFO  http.HttpServer2 (HttpServer2.java:bindListener(1248)) - Jetty bound to port 38485
2022-08-09 13:46:57,491 [Listener at 0.0.0.0/44479] INFO  server.Server (Server.java:doStart(375)) - jetty-9.4.43.v20210629; built: 2021-06-30T11:07:22.254Z; git: 526006ecfa3af7f1a27ef3a288e2bef7ea9dd7e8; jvm 1.8.0_332-b09
2022-08-09 13:46:57,517 [Listener at 0.0.0.0/44479] INFO  server.session (DefaultSessionIdManager.java:doStart(334)) - DefaultSessionIdManager workerName=node0
2022-08-09 13:46:57,517 [Listener at 0.0.0.0/44479] INFO  server.session (DefaultSessionIdManager.java:doStart(339)) - No SessionScavenger set, using defaults
2022-08-09 13:46:57,519 [Listener at 0.0.0.0/44479] INFO  server.session (HouseKeeper.java:startScavenging(132)) - node0 Scavenging every 660000ms
2022-08-09 13:46:57,530 [Listener at 0.0.0.0/44479] INFO  handler.ContextHandler (ContextHandler.java:doStart(915)) - Started o.e.j.s.ServletContextHandler@75f446df{logs,/logs,file:///home/runner/work/ozone/ozone/hadoop-ozone/integration-test/target/log,AVAILABLE}
2022-08-09 13:46:57,531 [Listener at 0.0.0.0/44479] INFO  handler.ContextHandler (ContextHandler.java:doStart(915)) - Started o.e.j.s.ServletContextHandler@441762b8{static,/static,file:///home/runner/work/ozone/ozone/hadoop-ozone/integration-test/target/test-classes/webapps/static,AVAILABLE}
2022-08-09 13:46:57,572 [Listener at 0.0.0.0/44479] INFO  handler.ContextHandler (ContextHandler.java:doStart(915)) - Started o.e.j.w.WebAppContext@27ea552d{scm,/,file:///home/runner/work/ozone/ozone/hadoop-ozone/integration-test/target/test-classes/webapps/scm/,AVAILABLE}{file:/home/runner/work/ozone/ozone/hadoop-ozone/integration-test/target/test-classes/webapps/scm}
2022-08-09 13:46:57,580 [Listener at 0.0.0.0/44479] INFO  server.AbstractConnector (AbstractConnector.java:doStart(331)) - Started ServerConnector@50fe5df2{HTTP/1.1, (http/1.1)}{0.0.0.0:38485}
2022-08-09 13:46:57,581 [Listener at 0.0.0.0/44479] INFO  server.Server (Server.java:doStart(415)) - Started @4315ms
2022-08-09 13:46:57,585 [Listener at 0.0.0.0/44479] INFO  impl.MetricsSinkAdapter (MetricsSinkAdapter.java:start(204)) - Sink prometheus started
2022-08-09 13:46:57,585 [Listener at 0.0.0.0/44479] INFO  impl.MetricsSystemImpl (MetricsSystemImpl.java:registerSink(305)) - Registered sink prometheus
2022-08-09 13:46:57,586 [Listener at 0.0.0.0/44479] INFO  http.BaseHttpServer (BaseHttpServer.java:updateConnectorAddress(329)) - HTTP server of scm listening at http://0.0.0.0:38485
2022-08-09 13:46:57,587 [Listener at 0.0.0.0/44479] WARN  server.ServerUtils (ServerUtils.java:getDBPath(225)) - ozone.om.db.dirs is not configured. We recommend adding this setting. Falling back to ozone.metadata.dirs instead.
2022-08-09 13:46:57,648 [Listener at 0.0.0.0/44479] INFO  audit.AuditLogger (AuditLogger.java:refreshDebugCmdSet(126)) - Refresh DebugCmdSet for OMAudit to [].
2022-08-09 13:46:57,738 [Listener at 0.0.0.0/44479] INFO  ha.OMHANodeDetails (OMHANodeDetails.java:loadOMHAConfig(115)) - ozone.om.internal.service.id is not defined, falling back to ozone.om.service.ids to find serviceID for OzoneManager if it is HA enabled cluster
2022-08-09 13:46:57,742 [Listener at 0.0.0.0/44479] INFO  ha.OMHANodeDetails (OMHANodeDetails.java:loadOMHAConfig(226)) - Configuration does not have ozone.om.address set. Falling back to the default OM address /127.0.0.1:0
2022-08-09 13:46:57,742 [Listener at 0.0.0.0/44479] INFO  ha.OMHANodeDetails (OMHANodeDetails.java:getOMNodeDetailsForNonHA(254)) - OM Service ID is not set. Setting it to the default ID: omServiceIdDefault
2022-08-09 13:46:57,743 [Listener at 0.0.0.0/44479] INFO  ha.OMHANodeDetails (OMHANodeDetails.java:getOMNodeDetailsForNonHA(261)) - OM Node ID is not set. Setting it to the default ID: om1
2022-08-09 13:46:57,746 [Listener at 0.0.0.0/44479] WARN  server.ServerUtils (ServerUtils.java:getDBPath(225)) - ozone.om.db.dirs is not configured. We recommend adding this setting. Falling back to ozone.metadata.dirs instead.
2022-08-09 13:46:57,748 [Listener at 0.0.0.0/44479] INFO  upgrade.AbstractLayoutVersionManager (AbstractLayoutVersionManager.java:init(83)) - Initializing Layout version manager with metadata layout = MULTITENANCY_SCHEMA (version = 3), software layout = MULTITENANCY_SCHEMA (version = 3)
2022-08-09 13:46:57,834 [Listener at 0.0.0.0/44479] INFO  reflections.Reflections (Reflections.java:scan(232)) - Reflections took 81 ms to scan 2 urls, producing 153 keys and 426 values [using 2 cores]
2022-08-09 13:46:57,840 [Listener at 0.0.0.0/44479] INFO  upgrade.OMLayoutVersionManager (OMLayoutVersionManager.java:lambda$0(115)) - Skipping Upgrade Action MockOmUpgradeAction since it has been finalized.
2022-08-09 13:46:57,841 [Listener at 0.0.0.0/44479] WARN  server.ServerUtils (ServerUtils.java:getDBPath(225)) - ozone.om.db.dirs is not configured. We recommend adding this setting. Falling back to ozone.metadata.dirs instead.
2022-08-09 13:46:57,997 [Listener at 0.0.0.0/44479] INFO  proxy.SCMBlockLocationFailoverProxyProvider (SCMBlockLocationFailoverProxyProvider.java:<init>(114)) - Created block location fail-over proxy with 1 nodes: [nodeId=scmNodeId,nodeAddress=/0.0.0.0:38055]
2022-08-09 13:46:58,023 [Listener at 0.0.0.0/44479] INFO  proxy.SCMBlockLocationFailoverProxyProvider (SCMBlockLocationFailoverProxyProvider.java:<init>(114)) - Created block location fail-over proxy with 1 nodes: [nodeId=scmNodeId,nodeAddress=/0.0.0.0:38055]
2022-08-09 13:46:58,232 [Listener at 0.0.0.0/44479] WARN  server.ServerUtils (ServerUtils.java:getDBPath(225)) - ozone.om.db.dirs is not configured. We recommend adding this setting. Falling back to ozone.metadata.dirs instead.
2022-08-09 13:46:58,238 [Listener at 0.0.0.0/44479] INFO  codec.OmKeyInfoCodec (OmKeyInfoCodec.java:<init>(49)) - OmKeyInfoCodec ignorePipeline = true
2022-08-09 13:46:58,239 [Listener at 0.0.0.0/44479] INFO  codec.RepeatedOmKeyInfoCodec (RepeatedOmKeyInfoCodec.java:<init>(41)) - RepeatedOmKeyInfoCodec ignorePipeline = true
2022-08-09 13:46:58,406 [Listener at 0.0.0.0/44479] INFO  om.OzoneManager (OzoneManager.java:instantiateServices(697)) - S3 Multi-Tenancy is disabled
2022-08-09 13:46:58,523 [Finalizer] WARN  managed.ManagedRocksObjectUtils (ManagedRocksObjectUtils.java:assertClosed(39)) - ManagedColumnFamilyOptions is not closed properly
2022-08-09 13:46:58,523 [Finalizer] WARN  managed.ManagedRocksObjectUtils (ManagedRocksObjectUtils.java:assertClosed(39)) - ManagedColumnFamilyOptions is not closed properly
2022-08-09 13:46:58,523 [Finalizer] WARN  managed.ManagedRocksObjectUtils (ManagedRocksObjectUtils.java:assertClosed(39)) - ManagedColumnFamilyOptions is not closed properly
2022-08-09 13:46:58,523 [Finalizer] WARN  managed.ManagedRocksObjectUtils (ManagedRocksObjectUtils.java:assertClosed(39)) - ManagedColumnFamilyOptions is not closed properly
2022-08-09 13:46:58,523 [Finalizer] WARN  managed.ManagedRocksObjectUtils (ManagedRocksObjectUtils.java:assertClosed(39)) - ManagedColumnFamilyOptions is not closed properly
2022-08-09 13:46:58,523 [Finalizer] WARN  managed.ManagedRocksObjectUtils (ManagedRocksObjectUtils.java:assertClosed(39)) - ManagedColumnFamilyOptions is not closed properly
2022-08-09 13:46:58,524 [Finalizer] WARN  managed.ManagedRocksObjectUtils (ManagedRocksObjectUtils.java:assertClosed(39)) - ManagedColumnFamilyOptions is not closed properly
2022-08-09 13:46:58,524 [Finalizer] WARN  managed.ManagedRocksObjectUtils (ManagedRocksObjectUtils.java:assertClosed(39)) - ManagedColumnFamilyOptions is not closed properly
2022-08-09 13:46:58,524 [Finalizer] WARN  managed.ManagedRocksObjectUtils (ManagedRocksObjectUtils.java:assertClosed(39)) - ManagedColumnFamilyOptions is not closed properly
2022-08-09 13:46:58,524 [Finalizer] WARN  managed.ManagedRocksObjectUtils (ManagedRocksObjectUtils.java:assertClosed(39)) - ManagedColumnFamilyOptions is not closed properly
2022-08-09 13:46:58,524 [Finalizer] WARN  managed.ManagedRocksObjectUtils (ManagedRocksObjectUtils.java:assertClosed(39)) - ManagedColumnFamilyOptions is not closed properly
2022-08-09 13:46:58,524 [Finalizer] WARN  managed.ManagedRocksObjectUtils (ManagedRocksObjectUtils.java:assertClosed(39)) - ManagedColumnFamilyOptions is not closed properly
2022-08-09 13:46:58,524 [Finalizer] WARN  managed.ManagedRocksObjectUtils (ManagedRocksObjectUtils.java:assertClosed(39)) - ManagedColumnFamilyOptions is not closed properly
2022-08-09 13:46:58,524 [Finalizer] WARN  managed.ManagedRocksObjectUtils (ManagedRocksObjectUtils.java:assertClosed(39)) - ManagedColumnFamilyOptions is not closed properly
2022-08-09 13:46:58,524 [Finalizer] WARN  managed.ManagedRocksObjectUtils (ManagedRocksObjectUtils.java:assertClosed(39)) - ManagedColumnFamilyOptions is not closed properly
2022-08-09 13:46:58,524 [Finalizer] WARN  managed.ManagedRocksObjectUtils (ManagedRocksObjectUtils.java:assertClosed(39)) - ManagedColumnFamilyOptions is not closed properly
2022-08-09 13:46:58,524 [Listener at 0.0.0.0/44479] INFO  om.OzoneManager (OzoneManager.java:addS3GVolumeToDB(4308)) - Created Volume s3v With Owner runner required for S3Gateway operations.
2022-08-09 13:46:58,524 [Finalizer] WARN  managed.ManagedRocksObjectUtils (ManagedRocksObjectUtils.java:assertClosed(39)) - ManagedColumnFamilyOptions is not closed properly
2022-08-09 13:46:58,524 [Finalizer] WARN  managed.ManagedRocksObjectUtils (ManagedRocksObjectUtils.java:assertClosed(39)) - ManagedColumnFamilyOptions is not closed properly
2022-08-09 13:46:58,524 [Finalizer] WARN  managed.ManagedRocksObjectUtils (ManagedRocksObjectUtils.java:assertClosed(39)) - ManagedColumnFamilyOptions is not closed properly
2022-08-09 13:46:58,524 [Finalizer] WARN  managed.ManagedRocksObjectUtils (ManagedRocksObjectUtils.java:assertClosed(39)) - ManagedColumnFamilyOptions is not closed properly
2022-08-09 13:46:58,525 [Finalizer] WARN  managed.ManagedRocksObjectUtils (ManagedRocksObjectUtils.java:assertClosed(39)) - ManagedColumnFamilyOptions is not closed properly
2022-08-09 13:46:58,576 [Listener at 0.0.0.0/44479] WARN  server.ServerUtils (ServerUtils.java:getDefaultRatisDirectory(237)) - Storage directory for Ratis is not configured. It is a good idea to map this to an SSD disk. Falling back to ozone.metadata.dirs
2022-08-09 13:46:58,577 [Listener at 0.0.0.0/44479] WARN  utils.OzoneManagerRatisUtils (OzoneManagerRatisUtils.java:getOMRatisSnapshotDirectory(434)) - ozone.om.ratis.snapshot.dir is not configured. Falling back to ozone.metadata.dirs config
2022-08-09 13:46:58,601 [Listener at 0.0.0.0/44479] WARN  server.ServerUtils (ServerUtils.java:getDefaultRatisDirectory(237)) - Storage directory for Ratis is not configured. It is a good idea to map this to an SSD disk. Falling back to ozone.metadata.dirs
2022-08-09 13:46:58,632 [Listener at 0.0.0.0/44479] INFO  ratis.OzoneManagerRatisServer (OzoneManagerRatisServer.java:<init>(159)) - Instantiating OM Ratis server with groupID: omServiceIdDefault and peers: localhost:9872
2022-08-09 13:46:58,641 [Listener at 0.0.0.0/44479] INFO  ratis.OzoneManagerStateMachine (OzoneManagerStateMachine.java:loadSnapshotInfoFromDB(632)) - LastAppliedIndex is set from TransactionInfo from OM DB as (t:0, i:~)
2022-08-09 13:46:58,696 [Listener at 0.0.0.0/44479] INFO  server.RaftServer (ConfUtils.java:logGet(46)) - raft.rpc.type = GRPC (default)
2022-08-09 13:46:58,783 [Listener at 0.0.0.0/44479] INFO  grpc.GrpcFactory (GrpcFactory.java:checkPooledByteBufAllocatorUseCacheForAllThreads(48)) - PERFORMANCE WARNING: useCacheForAllThreads is true that may cause Netty to create a lot garbage objects and, as a result, trigger GC.
	It is recommended to disable useCacheForAllThreads by setting -Dorg.apache.ratis.thirdparty.io.netty.allocator.useCacheForAllThreads=false in command line.
2022-08-09 13:46:58,787 [Listener at 0.0.0.0/44479] INFO  grpc.GrpcConfigKeys (ConfUtils.java:logGet(46)) - raft.grpc.admin.port = -1 (default)
2022-08-09 13:46:58,787 [Listener at 0.0.0.0/44479] INFO  grpc.GrpcConfigKeys (ConfUtils.java:logGet(46)) - raft.grpc.server.port = 9872 (custom)
2022-08-09 13:46:58,788 [Listener at 0.0.0.0/44479] INFO  grpc.GrpcConfigKeys (ConfUtils.java:logGet(46)) - raft.grpc.client.port = -1 (default)
2022-08-09 13:46:58,788 [Listener at 0.0.0.0/44479] INFO  grpc.GrpcConfigKeys (ConfUtils.java:logGet(46)) - raft.grpc.server.port = 9872 (custom)
2022-08-09 13:46:58,788 [Listener at 0.0.0.0/44479] INFO  grpc.GrpcConfigKeys (ConfUtils.java:logGet(46)) - raft.grpc.server.port = 9872 (custom)
2022-08-09 13:46:58,789 [Listener at 0.0.0.0/44479] INFO  server.GrpcService (ConfUtils.java:logGet(46)) - raft.grpc.message.size.max = 33554432 (custom)
2022-08-09 13:46:58,790 [Listener at 0.0.0.0/44479] INFO  server.RaftServerConfigKeys (ConfUtils.java:logGet(46)) - raft.server.log.appender.buffer.byte-limit = 33554432 (custom)
2022-08-09 13:46:58,791 [Listener at 0.0.0.0/44479] INFO  server.GrpcService (ConfUtils.java:logGet(46)) - raft.grpc.flow.control.window = 1MB (=1048576) (default)
2022-08-09 13:46:58,791 [Listener at 0.0.0.0/44479] INFO  server.RaftServerConfigKeys (ConfUtils.java:logGet(46)) - raft.server.rpc.request.timeout = 3000ms (default)
2022-08-09 13:46:58,809 [Listener at 0.0.0.0/44479] INFO  grpc.GrpcConfigKeys (ConfUtils.java:logGet(46)) - raft.grpc.server.async.request.thread.pool.cached = true (default)
2022-08-09 13:46:58,810 [Listener at 0.0.0.0/44479] INFO  grpc.GrpcConfigKeys (ConfUtils.java:logGet(46)) - raft.grpc.server.async.request.thread.pool.size = 32 (default)
2022-08-09 13:46:59,106 [Listener at 0.0.0.0/44479] INFO  impl.DataStreamServerImpl (ConfUtils.java:logGet(46)) - raft.datastream.type = DISABLED (default)
2022-08-09 13:46:59,108 [Listener at 0.0.0.0/44479] INFO  server.RaftServerConfigKeys (ConfUtils.java:logGet(46)) - raft.server.threadpool.proxy.cached = true (default)
2022-08-09 13:46:59,109 [Listener at 0.0.0.0/44479] INFO  server.RaftServerConfigKeys (ConfUtils.java:logGet(46)) - raft.server.threadpool.proxy.size = 0 (default)
2022-08-09 13:46:59,109 [Listener at 0.0.0.0/44479] INFO  server.RaftServerConfigKeys (ConfUtils.java:logGet(46)) - raft.server.rpc.slowness.timeout = 120s (custom)
2022-08-09 13:46:59,109 [Listener at 0.0.0.0/44479] INFO  server.RaftServerConfigKeys (ConfUtils.java:logGet(46)) - raft.server.leaderelection.leader.step-down.wait-time = 10s (default)
2022-08-09 13:46:59,113 [Listener at 0.0.0.0/44479] INFO  server.RaftServerConfigKeys (ConfUtils.java:logGet(46)) - raft.server.storage.dir = [/home/runner/work/ozone/ozone/hadoop-ozone/integration-test/target/test-dir/MiniOzoneClusterImpl-e9ece791-7ef2-4ada-98fe-daefa8f21954/ozone-meta/ratis] (custom)
2022-08-09 13:46:59,120 [Listener at 0.0.0.0/44479] INFO  server.RaftServer (RaftServerProxy.java:addNew(96)) - om1: addNew group-C5BA1605619E:[om1|rpc:localhost:9872|priority:0] returns group-C5BA1605619E:java.util.concurrent.CompletableFuture@2f931d5d[Not completed]
2022-08-09 13:46:59,121 [Listener at 0.0.0.0/44479] INFO  om.OzoneManager (OzoneManager.java:initializeRatisServer(1963)) - OzoneManager Ratis server initialized at port 9872
2022-08-09 13:46:59,127 [Listener at 0.0.0.0/44479] INFO  om.OzoneManager (OzoneManager.java:getRpcServer(1086)) - Creating RPC Server
2022-08-09 13:46:59,148 [pool-55-thread-1] INFO  server.RaftServer$Division (RaftServerImpl.java:<init>(190)) - om1: new RaftServerImpl for group-C5BA1605619E:[om1|rpc:localhost:9872|priority:0] with OzoneManagerStateMachine:uninitialized
2022-08-09 13:46:59,154 [pool-55-thread-1] INFO  server.RaftServerConfigKeys (ConfUtils.java:logGet(46)) - raft.server.rpc.timeout.min = 1s (custom)
2022-08-09 13:46:59,159 [pool-55-thread-1] INFO  server.RaftServerConfigKeys (ConfUtils.java:logGet(46)) - raft.server.rpc.timeout.max = 1200ms (custom)
2022-08-09 13:46:59,159 [pool-55-thread-1] INFO  server.RaftServerConfigKeys (ConfUtils.java:logGet(46)) - raft.server.rpc.sleep.time = 25ms (default)
2022-08-09 13:46:59,159 [pool-55-thread-1] INFO  server.RaftServerConfigKeys (ConfUtils.java:logGet(46)) - raft.server.rpc.slowness.timeout = 120s (custom)
2022-08-09 13:46:59,159 [pool-55-thread-1] INFO  server.RaftServerConfigKeys (ConfUtils.java:logGet(46)) - raft.server.leaderelection.leader.step-down.wait-time = 10s (default)
2022-08-09 13:46:59,159 [pool-55-thread-1] INFO  server.RaftServerConfigKeys (ConfUtils.java:logGet(46)) - raft.server.sleep.deviation.threshold = 300ms (default)
2022-08-09 13:46:59,166 [pool-55-thread-1] INFO  server.RaftServer$Division (ServerState.java:<init>(107)) - om1@group-C5BA1605619E: ConfigurationManager, init=-1: [om1|rpc:localhost:9872|priority:0], old=null, confs=<EMPTY_MAP>
2022-08-09 13:46:59,166 [pool-55-thread-1] INFO  server.RaftServerConfigKeys (ConfUtils.java:logGet(46)) - raft.server.storage.dir = [/home/runner/work/ozone/ozone/hadoop-ozone/integration-test/target/test-dir/MiniOzoneClusterImpl-e9ece791-7ef2-4ada-98fe-daefa8f21954/ozone-meta/ratis] (custom)
2022-08-09 13:46:59,171 [pool-55-thread-1] INFO  server.RaftServerConfigKeys (ConfUtils.java:logGet(46)) - raft.server.log.corruption.policy = EXCEPTION (default)
2022-08-09 13:46:59,172 [pool-55-thread-1] INFO  server.RaftServerConfigKeys (ConfUtils.java:logGet(46)) - raft.server.storage.free-space.min = 0MB (=0) (default)
2022-08-09 13:46:59,173 [pool-55-thread-1] INFO  storage.RaftStorageDirectory (RaftStorageDirectoryImpl.java:analyzeStorage(135)) - The storage directory /home/runner/work/ozone/ozone/hadoop-ozone/integration-test/target/test-dir/MiniOzoneClusterImpl-e9ece791-7ef2-4ada-98fe-daefa8f21954/ozone-meta/ratis/bf265839-605b-3f16-9796-c5ba1605619e does not exist. Creating ...
2022-08-09 13:46:59,181 [pool-55-thread-1] INFO  storage.RaftStorageDirectory (RaftStorageDirectoryImpl.java:tryLock(230)) - Lock on /home/runner/work/ozone/ozone/hadoop-ozone/integration-test/target/test-dir/MiniOzoneClusterImpl-e9ece791-7ef2-4ada-98fe-daefa8f21954/ozone-meta/ratis/bf265839-605b-3f16-9796-c5ba1605619e/in_use.lock acquired by nodename 10574@fv-az450-466
2022-08-09 13:46:59,189 [pool-55-thread-1] INFO  storage.RaftStorage (RaftStorageImpl.java:format(89)) - Storage directory /home/runner/work/ozone/ozone/hadoop-ozone/integration-test/target/test-dir/MiniOzoneClusterImpl-e9ece791-7ef2-4ada-98fe-daefa8f21954/ozone-meta/ratis/bf265839-605b-3f16-9796-c5ba1605619e has been successfully formatted.
2022-08-09 13:46:59,191 [pool-55-thread-1] INFO  server.RaftServerConfigKeys (ConfUtils.java:logGet(46)) - raft.server.notification.no-leader.timeout = 120s (custom)
2022-08-09 13:46:59,197 [pool-55-thread-1] INFO  server.RaftServerConfigKeys (ConfUtils.java:logGet(46)) - raft.server.log.use.memory = false (default)
2022-08-09 13:46:59,207 [pool-55-thread-1] INFO  server.RaftServerConfigKeys (ConfUtils.java:logGet(46)) - raft.server.log.purge.gap = 1000000 (custom)
2022-08-09 13:46:59,210 [pool-55-thread-1] INFO  server.RaftServerConfigKeys (ConfUtils.java:logGet(46)) - raft.server.log.appender.buffer.byte-limit = 33554432 (custom)
2022-08-09 13:46:59,212 [pool-55-thread-1] INFO  server.RaftServerConfigKeys (ConfUtils.java:logGet(46)) - raft.server.log.statemachine.data.read.timeout = 1000ms (default)
2022-08-09 13:46:59,248 [pool-55-thread-1] INFO  server.RaftServerConfigKeys (ConfUtils.java:logGet(46)) - raft.server.log.segment.size.max = 4194304 (custom)
2022-08-09 13:46:59,294 [pool-55-thread-1] INFO  server.RaftServerConfigKeys (ConfUtils.java:logGet(46)) - raft.server.log.segment.cache.num.max = 2 (custom)
2022-08-09 13:46:59,294 [pool-55-thread-1] INFO  server.RaftServerConfigKeys (ConfUtils.java:logGet(46)) - raft.server.log.segment.cache.size.max = 200MB (=209715200) (default)
2022-08-09 13:46:59,329 [pool-55-thread-1] INFO  segmented.SegmentedRaftLogWorker (SegmentedRaftLogWorker.java:<init>(187)) - new om1@group-C5BA1605619E-SegmentedRaftLogWorker for RaftStorageImpl:Storage Directory /home/runner/work/ozone/ozone/hadoop-ozone/integration-test/target/test-dir/MiniOzoneClusterImpl-e9ece791-7ef2-4ada-98fe-daefa8f21954/ozone-meta/ratis/bf265839-605b-3f16-9796-c5ba1605619e
2022-08-09 13:46:59,329 [pool-55-thread-1] INFO  server.RaftServerConfigKeys (ConfUtils.java:logGet(46)) - raft.server.log.queue.byte-limit = 64MB (=67108864) (default)
2022-08-09 13:46:59,329 [pool-55-thread-1] INFO  server.RaftServerConfigKeys (ConfUtils.java:logGet(46)) - raft.server.log.queue.element-limit = 4096 (default)
2022-08-09 13:46:59,330 [pool-55-thread-1] INFO  server.RaftServerConfigKeys (ConfUtils.java:logGet(46)) - raft.server.log.segment.size.max = 4194304 (custom)
2022-08-09 13:46:59,331 [pool-55-thread-1] INFO  server.RaftServerConfigKeys (ConfUtils.java:logGet(46)) - raft.server.log.preallocated.size = 4194304 (custom)
2022-08-09 13:46:59,333 [pool-55-thread-1] INFO  server.RaftServerConfigKeys (ConfUtils.java:logGet(46)) - raft.server.log.force.sync.num = 128 (default)
2022-08-09 13:46:59,339 [pool-55-thread-1] INFO  server.RaftServerConfigKeys (ConfUtils.java:logGet(46)) - raft.server.log.statemachine.data.sync = true (default)
2022-08-09 13:46:59,339 [pool-55-thread-1] INFO  server.RaftServerConfigKeys (ConfUtils.java:logGet(46)) - raft.server.log.statemachine.data.sync.timeout = 10s (default)
2022-08-09 13:46:59,340 [pool-55-thread-1] INFO  server.RaftServerConfigKeys (ConfUtils.java:logGet(46)) - raft.server.log.statemachine.data.sync.timeout.retry = -1 (default)
2022-08-09 13:46:59,366 [pool-55-thread-1] INFO  server.RaftServerConfigKeys (ConfUtils.java:logGet(46)) - raft.server.log.write.buffer.size = 64KB (=65536) (default)
2022-08-09 13:46:59,367 [pool-55-thread-1] INFO  server.RaftServerConfigKeys (ConfUtils.java:logGet(46)) - raft.server.log.unsafe-flush.enabled = false (default)
2022-08-09 13:46:59,367 [pool-55-thread-1] INFO  server.RaftServerConfigKeys (ConfUtils.java:logGet(46)) - raft.server.log.statemachine.data.caching.enabled = false (default)
2022-08-09 13:46:59,385 [pool-55-thread-1] INFO  segmented.SegmentedRaftLogWorker (SegmentedRaftLogWorker.java:lambda$new$0(135)) - om1@group-C5BA1605619E-SegmentedRaftLogWorker: flushIndex: setUnconditionally 0 -> -1
2022-08-09 13:46:59,390 [pool-55-thread-1] INFO  segmented.SegmentedRaftLogWorker (SegmentedRaftLogWorker.java:lambda$new$0(135)) - om1@group-C5BA1605619E-SegmentedRaftLogWorker: safeCacheEvictIndex: setUnconditionally 0 -> -1
2022-08-09 13:46:59,408 [pool-55-thread-1] INFO  server.RaftServerConfigKeys (ConfUtils.java:logGet(46)) - raft.server.snapshot.auto.trigger.enabled = true (custom)
2022-08-09 13:46:59,408 [pool-55-thread-1] INFO  server.RaftServerConfigKeys (ConfUtils.java:logGet(46)) - raft.server.snapshot.auto.trigger.threshold = 400000 (default)
2022-08-09 13:46:59,409 [pool-55-thread-1] INFO  server.RaftServerConfigKeys (ConfUtils.java:logGet(46)) - raft.server.snapshot.retention.file.num = -1 (default)
2022-08-09 13:46:59,409 [pool-55-thread-1] INFO  server.RaftServerConfigKeys (ConfUtils.java:logGet(46)) - raft.server.log.purge.upto.snapshot.index = true (custom)
2022-08-09 13:46:59,415 [pool-55-thread-1] INFO  server.RaftServerConfigKeys (ConfUtils.java:logGet(46)) - raft.server.retrycache.expirytime = 300s (custom)
2022-08-09 13:46:59,415 [pool-55-thread-1] INFO  server.RaftServerConfigKeys (ConfUtils.java:logGet(46)) - raft.server.retrycache.statistics.expirytime = 100μs (default)
2022-08-09 13:46:59,558 [pool-55-thread-1] INFO  server.RaftServerConfigKeys (ConfUtils.java:logGet(46)) - raft.server.log.appender.install.snapshot.enabled = false (custom)
2022-08-09 13:46:59,559 [pool-55-thread-1] INFO  server.RaftServerConfigKeys (ConfUtils.java:logGet(46)) - raft.server.threadpool.server.cached = true (default)
2022-08-09 13:46:59,559 [pool-55-thread-1] INFO  server.RaftServerConfigKeys (ConfUtils.java:logGet(46)) - raft.server.threadpool.server.size = 0 (default)
2022-08-09 13:46:59,559 [pool-55-thread-1] INFO  server.RaftServerConfigKeys (ConfUtils.java:logGet(46)) - raft.server.threadpool.client.cached = true (default)
2022-08-09 13:46:59,560 [pool-55-thread-1] INFO  server.RaftServerConfigKeys (ConfUtils.java:logGet(46)) - raft.server.threadpool.client.size = 0 (default)
2022-08-09 13:46:59,929 [Listener at 0.0.0.0/44479] INFO  reflections.Reflections (Reflections.java:scan(232)) - Reflections took 742 ms to scan 19 urls, producing 67 keys and 4147 values [using 2 cores]
2022-08-09 13:47:00,069 [Listener at 0.0.0.0/44479] INFO  ipc.CallQueueManager (CallQueueManager.java:<init>(90)) - Using callQueue: class java.util.concurrent.LinkedBlockingQueue, queueCapacity: 2000, scheduler: class org.apache.hadoop.ipc.DefaultRpcScheduler, ipcBackoff: false.
2022-08-09 13:47:00,070 [Socket Reader #1 for port 0] INFO  ipc.Server (Server.java:run(1265)) - Starting Socket Reader #1 for port 0
2022-08-09 13:47:00,095 [Listener at 127.0.0.1/44757] INFO  impl.MetricsSystemImpl (MetricsSystemImpl.java:init(158)) - OzoneManager metrics system started (again)
2022-08-09 13:47:00,106 [Listener at 127.0.0.1/44757] INFO  om.OzoneManager (OzoneManager.java:start(1470)) - OzoneManager RPC server is listening at localhost/127.0.0.1:44757
2022-08-09 13:47:00,107 [Listener at 127.0.0.1/44757] INFO  ratis.OzoneManagerRatisServer (OzoneManagerRatisServer.java:start(554)) - Starting OzoneManagerRatisServer om1 at port 9872
2022-08-09 13:47:00,109 [om1-impl-thread1] INFO  server.RaftServer$Division (RaftServerImpl.java:start(310)) - om1@group-C5BA1605619E: start as a follower, conf=-1: [om1|rpc:localhost:9872|priority:0], old=null
2022-08-09 13:47:00,109 [om1-impl-thread1] INFO  server.RaftServer$Division (RaftServerImpl.java:setRole(299)) - om1@group-C5BA1605619E: changes role from      null to FOLLOWER at term 0 for startAsFollower
2022-08-09 13:47:00,110 [om1-impl-thread1] INFO  impl.RoleInfo (RoleInfo.java:updateAndGet(139)) - om1: start om1@group-C5BA1605619E-FollowerState
2022-08-09 13:47:00,112 [om1-impl-thread1] INFO  util.JmxRegister (JmxRegister.java:tryRegister(44)) - Successfully registered JMX Bean with object name Ratis:service=RaftServer,group=group-C5BA1605619E,id=om1
2022-08-09 13:47:00,120 [Listener at 127.0.0.1/44757] INFO  server.RaftServer (RaftServerProxy.java:lambda$start$6(382)) - om1: start RPC server
2022-08-09 13:47:00,179 [Listener at 127.0.0.1/44757] INFO  server.GrpcService (GrpcService.java:startImpl(260)) - om1: GrpcService started, listening on 9872
2022-08-09 13:47:00,181 [Listener at 127.0.0.1/44757] INFO  om.OzoneManager (OzoneManager.java:start(1486)) - Version File has different layout version (3) than OM DB (null). That is expected if this OM has never been finalized to a newer layout version.
2022-08-09 13:47:00,183 [org.apache.ratis.util.JvmPauseMonitor$$Lambda$615/629946574@138d8219] INFO  util.JvmPauseMonitor (JvmPauseMonitor.java:run(103)) - JvmPauseMonitor-om1: Started
2022-08-09 13:47:00,196 [Listener at 127.0.0.1/44757] INFO  http.BaseHttpServer (BaseHttpServer.java:newHttpServer2BuilderForOzone(209)) - Starting Web-server for ozoneManager at: http://0.0.0.0:0
2022-08-09 13:47:00,196 [Listener at 127.0.0.1/44757] INFO  http.BaseHttpServer (BaseHttpServer.java:<init>(107)) - Hadoop Security Enabled: false Ozone Security Enabled: false Ozone HTTP Security Enabled: false 
2022-08-09 13:47:00,197 [Listener at 127.0.0.1/44757] INFO  server.AuthenticationFilter (AuthenticationFilter.java:constructSecretProvider(240)) - Unable to initialize FileSignerSecretProvider, falling back to use random secrets.
2022-08-09 13:47:00,207 [Listener at 127.0.0.1/44757] WARN  http.HttpRequestLog (HttpRequestLog.java:getRequestLog(103)) - Jetty request log can only be enabled using Log4j
2022-08-09 13:47:00,208 [Listener at 127.0.0.1/44757] INFO  http.HttpServer2 (HttpServer2.java:addGlobalFilter(1029)) - Added global filter 'safety' (class=org.apache.hadoop.hdds.server.http.HttpServer2$QuotingInputFilter)
2022-08-09 13:47:00,209 [Listener at 127.0.0.1/44757] INFO  http.HttpServer2 (HttpServer2.java:addFilter(1005)) - Added filter static_user_filter (class=org.apache.hadoop.http.lib.StaticUserWebFilter$StaticUserFilter) to context ozoneManager
2022-08-09 13:47:00,210 [Listener at 127.0.0.1/44757] INFO  http.HttpServer2 (HttpServer2.java:addFilter(1013)) - Added filter static_user_filter (class=org.apache.hadoop.http.lib.StaticUserWebFilter$StaticUserFilter) to context static
2022-08-09 13:47:00,210 [Listener at 127.0.0.1/44757] INFO  http.HttpServer2 (HttpServer2.java:addFilter(1013)) - Added filter static_user_filter (class=org.apache.hadoop.http.lib.StaticUserWebFilter$StaticUserFilter) to context logs
2022-08-09 13:47:00,212 [Listener at 127.0.0.1/44757] INFO  http.HttpServer2 (HttpServer2.java:bindListener(1248)) - Jetty bound to port 40037
2022-08-09 13:47:00,212 [Listener at 127.0.0.1/44757] INFO  server.Server (Server.java:doStart(375)) - jetty-9.4.43.v20210629; built: 2021-06-30T11:07:22.254Z; git: 526006ecfa3af7f1a27ef3a288e2bef7ea9dd7e8; jvm 1.8.0_332-b09
2022-08-09 13:47:00,219 [Listener at 127.0.0.1/44757] INFO  server.session (DefaultSessionIdManager.java:doStart(334)) - DefaultSessionIdManager workerName=node0
2022-08-09 13:47:00,219 [Listener at 127.0.0.1/44757] INFO  server.session (DefaultSessionIdManager.java:doStart(339)) - No SessionScavenger set, using defaults
2022-08-09 13:47:00,219 [Listener at 127.0.0.1/44757] INFO  server.session (HouseKeeper.java:startScavenging(132)) - node0 Scavenging every 600000ms
2022-08-09 13:47:00,220 [Listener at 127.0.0.1/44757] INFO  handler.ContextHandler (ContextHandler.java:doStart(915)) - Started o.e.j.s.ServletContextHandler@5fc27e3f{logs,/logs,file:///home/runner/work/ozone/ozone/hadoop-ozone/integration-test/target/log,AVAILABLE}
2022-08-09 13:47:00,220 [Listener at 127.0.0.1/44757] INFO  handler.ContextHandler (ContextHandler.java:doStart(915)) - Started o.e.j.s.ServletContextHandler@18acf886{static,/static,file:///home/runner/work/ozone/ozone/hadoop-ozone/integration-test/target/test-classes/webapps/static,AVAILABLE}
2022-08-09 13:47:00,224 [Listener at 127.0.0.1/44757] INFO  handler.ContextHandler (ContextHandler.java:doStart(915)) - Started o.e.j.w.WebAppContext@4432f623{ozoneManager,/,file:///home/runner/work/ozone/ozone/hadoop-ozone/integration-test/target/test-classes/webapps/ozoneManager/,AVAILABLE}{file:/home/runner/work/ozone/ozone/hadoop-ozone/integration-test/target/test-classes/webapps/ozoneManager}
2022-08-09 13:47:00,226 [Listener at 127.0.0.1/44757] INFO  server.AbstractConnector (AbstractConnector.java:doStart(331)) - Started ServerConnector@46bd2d4b{HTTP/1.1, (http/1.1)}{0.0.0.0:40037}
2022-08-09 13:47:00,227 [Listener at 127.0.0.1/44757] INFO  server.Server (Server.java:doStart(415)) - Started @6961ms
2022-08-09 13:47:00,227 [Listener at 127.0.0.1/44757] WARN  impl.MetricsSystemImpl (MetricsSystemImpl.java:register(279)) - Sink prometheus already exists!
2022-08-09 13:47:00,228 [Listener at 127.0.0.1/44757] INFO  http.BaseHttpServer (BaseHttpServer.java:updateConnectorAddress(329)) - HTTP server of ozoneManager listening at http://0.0.0.0:40037
2022-08-09 13:47:00,228 [IPC Server Responder] INFO  ipc.Server (Server.java:run(1507)) - IPC Server Responder: starting
2022-08-09 13:47:00,228 [IPC Server listener on 0] INFO  ipc.Server (Server.java:run(1344)) - IPC Server listener on 0: starting
2022-08-09 13:47:00,268 [Listener at 127.0.0.1/44757] INFO  om.TrashPolicyOzone (TrashPolicyOzone.java:<init>(178)) - Ozone Manager trash configuration: Deletion interval = 0 minutes, Emptier interval = 0 minutes.
2022-08-09 13:47:00,284 [org.apache.hadoop.util.JvmPauseMonitor$Monitor@84e6336] INFO  util.JvmPauseMonitor (JvmPauseMonitor.java:run(188)) - Starting JVM pause monitor
2022-08-09 13:47:00,426 [Listener at 127.0.0.1/44757] WARN  impl.MetricRegistriesImpl (MetricRegistriesImpl.java:addReporterRegistration(111)) - New reporters are added after registries were created. Some metrics will be missing from the reporter. Please add reporter before adding any new registry.
2022-08-09 13:47:00,427 [Listener at 127.0.0.1/44757] WARN  impl.MetricRegistriesImpl (MetricRegistriesImpl.java:addReporterRegistration(111)) - New reporters are added after registries were created. Some metrics will be missing from the reporter. Please add reporter before adding any new registry.
2022-08-09 13:47:00,427 [Listener at 127.0.0.1/44757] INFO  impl.MetricsSystemImpl (MetricsSystemImpl.java:init(158)) - HddsDatanode metrics system started (again)
2022-08-09 13:47:00,442 [Listener at 127.0.0.1/44757] INFO  ozone.HddsDatanodeService (HddsDatanodeService.java:start(236)) - HddsDatanodeService host:fv-az450-466.jnfmftgkylze5hd05chtbp1i0a.dx.internal.cloudapp.net ip:10.1.0.19
2022-08-09 13:47:00,467 [Listener at 127.0.0.1/44757] INFO  upgrade.AbstractLayoutVersionManager (AbstractLayoutVersionManager.java:init(83)) - Initializing Layout version manager with metadata layout = DATANODE_SCHEMA_V3 (version = 4), software layout = DATANODE_SCHEMA_V3 (version = 4)
2022-08-09 13:47:00,511 [Listener at 127.0.0.1/44757] INFO  reflections.Reflections (Reflections.java:scan(232)) - Reflections took 42 ms to scan 7 urls, producing 132 keys and 321 values 
2022-08-09 13:47:00,514 [Listener at 127.0.0.1/44757] INFO  statemachine.DatanodeStateMachine (DatanodeStateMachine.java:getEndPointTaskThreadPoolSize(237)) - Datanode State Machine Task Thread Pool size 2
2022-08-09 13:47:00,563 [Listener at 127.0.0.1/44757] INFO  volume.HddsVolume (HddsVolume.java:<init>(116)) - Creating HddsVolume: /home/runner/work/ozone/ozone/hadoop-ozone/integration-test/target/test-dir/MiniOzoneClusterImpl-e9ece791-7ef2-4ada-98fe-daefa8f21954/datanode-0/data-0/containers/hdds of storage type : DISK capacity : 9223372036854775807
2022-08-09 13:47:00,566 [Listener at 127.0.0.1/44757] INFO  volume.MutableVolumeSet (MutableVolumeSet.java:initializeVolumeSet(174)) - Added Volume : /home/runner/work/ozone/ozone/hadoop-ozone/integration-test/target/test-dir/MiniOzoneClusterImpl-e9ece791-7ef2-4ada-98fe-daefa8f21954/datanode-0/data-0/containers/hdds to VolumeSet
2022-08-09 13:47:00,567 [Listener at 127.0.0.1/44757] INFO  volume.ThrottledAsyncChecker (ThrottledAsyncChecker.java:schedule(141)) - Scheduling a check for /home/runner/work/ozone/ozone/hadoop-ozone/integration-test/target/test-dir/MiniOzoneClusterImpl-e9ece791-7ef2-4ada-98fe-daefa8f21954/datanode-0/data-0/containers/hdds
2022-08-09 13:47:00,585 [Listener at 127.0.0.1/44757] INFO  volume.StorageVolumeChecker (StorageVolumeChecker.java:checkAllVolumes(202)) - Scheduled health check for volume /home/runner/work/ozone/ozone/hadoop-ozone/integration-test/target/test-dir/MiniOzoneClusterImpl-e9ece791-7ef2-4ada-98fe-daefa8f21954/datanode-0/data-0/containers/hdds
2022-08-09 13:47:00,600 [Listener at 127.0.0.1/44757] INFO  volume.MutableVolumeSet (MutableVolumeSet.java:initializeVolumeSet(174)) - Added Volume : /home/runner/work/ozone/ozone/hadoop-ozone/integration-test/target/test-dir/MiniOzoneClusterImpl-e9ece791-7ef2-4ada-98fe-daefa8f21954/datanode-0/data/ratis to VolumeSet
2022-08-09 13:47:00,600 [Listener at 127.0.0.1/44757] INFO  volume.ThrottledAsyncChecker (ThrottledAsyncChecker.java:schedule(141)) - Scheduling a check for /home/runner/work/ozone/ozone/hadoop-ozone/integration-test/target/test-dir/MiniOzoneClusterImpl-e9ece791-7ef2-4ada-98fe-daefa8f21954/datanode-0/data/ratis
2022-08-09 13:47:00,601 [Listener at 127.0.0.1/44757] INFO  volume.StorageVolumeChecker (StorageVolumeChecker.java:checkAllVolumes(202)) - Scheduled health check for volume /home/runner/work/ozone/ozone/hadoop-ozone/integration-test/target/test-dir/MiniOzoneClusterImpl-e9ece791-7ef2-4ada-98fe-daefa8f21954/datanode-0/data/ratis
2022-08-09 13:47:00,621 [Thread-136] INFO  ozoneimpl.ContainerReader (ContainerReader.java:readVolume(175)) - Finish verifying containers on volume /home/runner/work/ozone/ozone/hadoop-ozone/integration-test/target/test-dir/MiniOzoneClusterImpl-e9ece791-7ef2-4ada-98fe-daefa8f21954/datanode-0/data-0/containers/hdds
2022-08-09 13:47:00,621 [Listener at 127.0.0.1/44757] INFO  ozoneimpl.OzoneContainer (OzoneContainer.java:buildContainerSet(299)) - Build ContainerSet costs 0s
2022-08-09 13:47:00,667 [Listener at 127.0.0.1/44757] INFO  audit.AuditLogger (AuditLogger.java:refreshDebugCmdSet(126)) - Refresh DebugCmdSet for DNAudit to [].
2022-08-09 13:47:00,694 [Listener at 127.0.0.1/44757] INFO  server.RaftServer (ConfUtils.java:logGet(46)) - raft.rpc.type = GRPC (default)
2022-08-09 13:47:00,694 [Listener at 127.0.0.1/44757] INFO  grpc.GrpcFactory (GrpcFactory.java:checkPooledByteBufAllocatorUseCacheForAllThreads(48)) - PERFORMANCE WARNING: useCacheForAllThreads is true that may cause Netty to create a lot garbage objects and, as a result, trigger GC.
	It is recommended to disable useCacheForAllThreads by setting -Dorg.apache.ratis.thirdparty.io.netty.allocator.useCacheForAllThreads=false in command line.
2022-08-09 13:47:00,694 [Listener at 127.0.0.1/44757] INFO  grpc.GrpcConfigKeys (ConfUtils.java:logGet(46)) - raft.grpc.admin.port = 0 (custom)
2022-08-09 13:47:00,694 [Listener at 127.0.0.1/44757] INFO  grpc.GrpcConfigKeys (ConfUtils.java:logGet(46)) - raft.grpc.client.port = 0 (custom)
2022-08-09 13:47:00,694 [Listener at 127.0.0.1/44757] INFO  grpc.GrpcConfigKeys (ConfUtils.java:logGet(46)) - raft.grpc.server.port = 0 (default)
2022-08-09 13:47:00,695 [Listener at 127.0.0.1/44757] INFO  server.GrpcService (ConfUtils.java:logGet(46)) - raft.grpc.message.size.max = 32MB (=33554432) (custom)
2022-08-09 13:47:00,695 [Listener at 127.0.0.1/44757] INFO  server.RaftServerConfigKeys (ConfUtils.java:logGet(46)) - raft.server.log.appender.buffer.byte-limit = 33554432 (custom)
2022-08-09 13:47:00,695 [Listener at 127.0.0.1/44757] INFO  server.GrpcService (ConfUtils.java:logGet(46)) - raft.grpc.flow.control.window = 5MB (=5242880) (custom)
2022-08-09 13:47:00,695 [Listener at 127.0.0.1/44757] INFO  server.RaftServerConfigKeys (ConfUtils.java:logGet(46)) - raft.server.rpc.request.timeout = 60s (custom)
2022-08-09 13:47:00,695 [Listener at 127.0.0.1/44757] INFO  grpc.GrpcConfigKeys (ConfUtils.java:logGet(46)) - raft.grpc.server.async.request.thread.pool.cached = true (default)
2022-08-09 13:47:00,695 [Listener at 127.0.0.1/44757] INFO  grpc.GrpcConfigKeys (ConfUtils.java:logGet(46)) - raft.grpc.server.async.request.thread.pool.size = 32 (default)
2022-08-09 13:47:00,696 [Listener at 127.0.0.1/44757] INFO  impl.DataStreamServerImpl (ConfUtils.java:logGet(46)) - raft.datastream.type = DISABLED (default)
2022-08-09 13:47:00,697 [Listener at 127.0.0.1/44757] INFO  server.RaftServerConfigKeys (ConfUtils.java:logGet(46)) - raft.server.threadpool.proxy.cached = true (default)
2022-08-09 13:47:00,697 [Listener at 127.0.0.1/44757] INFO  server.RaftServerConfigKeys (ConfUtils.java:logGet(46)) - raft.server.threadpool.proxy.size = 0 (default)
2022-08-09 13:47:00,697 [Listener at 127.0.0.1/44757] INFO  server.RaftServerConfigKeys (ConfUtils.java:logGet(46)) - raft.server.rpc.slowness.timeout = 300s (custom)
2022-08-09 13:47:00,697 [Listener at 127.0.0.1/44757] INFO  server.RaftServerConfigKeys (ConfUtils.java:logGet(46)) - raft.server.leaderelection.leader.step-down.wait-time = 10s (default)
2022-08-09 13:47:00,697 [Listener at 127.0.0.1/44757] INFO  server.RaftServerConfigKeys (ConfUtils.java:logGet(46)) - raft.server.storage.dir = [/home/runner/work/ozone/ozone/hadoop-ozone/integration-test/target/test-dir/MiniOzoneClusterImpl-e9ece791-7ef2-4ada-98fe-daefa8f21954/datanode-0/data/ratis] (custom)
2022-08-09 13:47:00,735 [Finalizer] WARN  managed.ManagedRocksObjectUtils (ManagedRocksObjectUtils.java:assertClosed(39)) - ManagedColumnFamilyOptions is not closed properly
2022-08-09 13:47:00,735 [Finalizer] WARN  managed.ManagedRocksObjectUtils (ManagedRocksObjectUtils.java:assertClosed(39)) - ManagedColumnFamilyOptions is not closed properly
2022-08-09 13:47:00,735 [Finalizer] WARN  managed.ManagedRocksObjectUtils (ManagedRocksObjectUtils.java:assertClosed(39)) - ManagedColumnFamilyOptions is not closed properly
2022-08-09 13:47:00,735 [Finalizer] WARN  managed.ManagedRocksObjectUtils (ManagedRocksObjectUtils.java:assertClosed(39)) - ManagedColumnFamilyOptions is not closed properly
2022-08-09 13:47:00,743 [Listener at 127.0.0.1/44757] INFO  server.XceiverServerGrpc (XceiverServerGrpc.java:<init>(132)) - GrpcServer channel type EpollServerSocketChannel
2022-08-09 13:47:00,800 [Listener at 127.0.0.1/44757] INFO  http.BaseHttpServer (BaseHttpServer.java:newHttpServer2BuilderForOzone(209)) - Starting Web-server for hddsDatanode at: http://0.0.0.0:0
2022-08-09 13:47:00,800 [Listener at 127.0.0.1/44757] INFO  http.BaseHttpServer (BaseHttpServer.java:<init>(107)) - Hadoop Security Enabled: false Ozone Security Enabled: false Ozone HTTP Security Enabled: false 
2022-08-09 13:47:00,801 [Listener at 127.0.0.1/44757] INFO  server.AuthenticationFilter (AuthenticationFilter.java:constructSecretProvider(240)) - Unable to initialize FileSignerSecretProvider, falling back to use random secrets.
2022-08-09 13:47:00,802 [Listener at 127.0.0.1/44757] WARN  http.HttpRequestLog (HttpRequestLog.java:getRequestLog(103)) - Jetty request log can only be enabled using Log4j
2022-08-09 13:47:00,804 [Listener at 127.0.0.1/44757] INFO  http.HttpServer2 (HttpServer2.java:addGlobalFilter(1029)) - Added global filter 'safety' (class=org.apache.hadoop.hdds.server.http.HttpServer2$QuotingInputFilter)
2022-08-09 13:47:00,804 [Listener at 127.0.0.1/44757] INFO  http.HttpServer2 (HttpServer2.java:addFilter(1005)) - Added filter static_user_filter (class=org.apache.hadoop.http.lib.StaticUserWebFilter$StaticUserFilter) to context hddsDatanode
2022-08-09 13:47:00,805 [Listener at 127.0.0.1/44757] INFO  http.HttpServer2 (HttpServer2.java:addFilter(1013)) - Added filter static_user_filter (class=org.apache.hadoop.http.lib.StaticUserWebFilter$StaticUserFilter) to context static
2022-08-09 13:47:00,805 [Listener at 127.0.0.1/44757] INFO  http.HttpServer2 (HttpServer2.java:addFilter(1013)) - Added filter static_user_filter (class=org.apache.hadoop.http.lib.StaticUserWebFilter$StaticUserFilter) to context logs
2022-08-09 13:47:00,805 [Listener at 127.0.0.1/44757] INFO  http.HttpServer2 (HttpServer2.java:bindListener(1248)) - Jetty bound to port 32885
2022-08-09 13:47:00,806 [Listener at 127.0.0.1/44757] INFO  server.Server (Server.java:doStart(375)) - jetty-9.4.43.v20210629; built: 2021-06-30T11:07:22.254Z; git: 526006ecfa3af7f1a27ef3a288e2bef7ea9dd7e8; jvm 1.8.0_332-b09
2022-08-09 13:47:00,814 [Listener at 127.0.0.1/44757] INFO  server.session (DefaultSessionIdManager.java:doStart(334)) - DefaultSessionIdManager workerName=node0
2022-08-09 13:47:00,814 [Listener at 127.0.0.1/44757] INFO  server.session (DefaultSessionIdManager.java:doStart(339)) - No SessionScavenger set, using defaults
2022-08-09 13:47:00,814 [Listener at 127.0.0.1/44757] INFO  server.session (HouseKeeper.java:startScavenging(132)) - node0 Scavenging every 660000ms
2022-08-09 13:47:00,815 [Listener at 127.0.0.1/44757] INFO  handler.ContextHandler (ContextHandler.java:doStart(915)) - Started o.e.j.s.ServletContextHandler@75d80b46{logs,/logs,file:///home/runner/work/ozone/ozone/hadoop-ozone/integration-test/target/log,AVAILABLE}
2022-08-09 13:47:00,815 [Listener at 127.0.0.1/44757] INFO  handler.ContextHandler (ContextHandler.java:doStart(915)) - Started o.e.j.s.ServletContextHandler@5f3ecc1c{static,/static,jar:file:/home/runner/.m2/repository/org/apache/ozone/hdds-container-service/1.3.0-SNAPSHOT/hdds-container-service-1.3.0-SNAPSHOT.jar!/webapps/static,AVAILABLE}
2022-08-09 13:47:00,992 [Listener at 127.0.0.1/44757] INFO  handler.ContextHandler (ContextHandler.java:doStart(915)) - Started o.e.j.w.WebAppContext@159eb5f4{hddsDatanode,/,file:///tmp/jetty-0_0_0_0-32885-hdds-container-service-1_3_0-SNAPSHOT_jar-_-any-5966196758735079227/webapp/,AVAILABLE}{jar:file:/home/runner/.m2/repository/org/apache/ozone/hdds-container-service/1.3.0-SNAPSHOT/hdds-container-service-1.3.0-SNAPSHOT.jar!/webapps/hddsDatanode}
2022-08-09 13:47:00,993 [Listener at 127.0.0.1/44757] INFO  server.AbstractConnector (AbstractConnector.java:doStart(331)) - Started ServerConnector@43ddde24{HTTP/1.1, (http/1.1)}{0.0.0.0:32885}
2022-08-09 13:47:00,994 [Listener at 127.0.0.1/44757] INFO  server.Server (Server.java:doStart(415)) - Started @7728ms
2022-08-09 13:47:00,994 [Listener at 127.0.0.1/44757] WARN  impl.MetricsSystemImpl (MetricsSystemImpl.java:register(279)) - Sink prometheus already exists!
2022-08-09 13:47:00,994 [Listener at 127.0.0.1/44757] INFO  http.BaseHttpServer (BaseHttpServer.java:updateConnectorAddress(329)) - HTTP server of hddsDatanode listening at http://0.0.0.0:32885
2022-08-09 13:47:00,997 [Datanode State Machine Daemon Thread] INFO  statemachine.DatanodeStateMachine (DatanodeStateMachine.java:lambda$startDaemon$0(492)) - Ozone container server started.
2022-08-09 13:47:01,004 [Listener at 127.0.0.1/44757] WARN  impl.MetricRegistriesImpl (MetricRegistriesImpl.java:addReporterRegistration(111)) - New reporters are added after registries were created. Some metrics will be missing from the reporter. Please add reporter before adding any new registry.
2022-08-09 13:47:01,004 [Listener at 127.0.0.1/44757] WARN  impl.MetricRegistriesImpl (MetricRegistriesImpl.java:addReporterRegistration(111)) - New reporters are added after registries were created. Some metrics will be missing from the reporter. Please add reporter before adding any new registry.
2022-08-09 13:47:01,004 [Listener at 127.0.0.1/44757] INFO  impl.MetricsSystemImpl (MetricsSystemImpl.java:init(158)) - HddsDatanode metrics system started (again)
2022-08-09 13:47:01,014 [org.apache.hadoop.util.JvmPauseMonitor$Monitor@5c4b39e7] INFO  util.JvmPauseMonitor (JvmPauseMonitor.java:run(188)) - Starting JVM pause monitor
2022-08-09 13:47:01,019 [Listener at 127.0.0.1/44757] INFO  ozone.HddsDatanodeService (HddsDatanodeService.java:start(236)) - HddsDatanodeService host:fv-az450-466.jnfmftgkylze5hd05chtbp1i0a.dx.internal.cloudapp.net ip:10.1.0.19
2022-08-09 13:47:01,079 [Listener at 127.0.0.1/44757] INFO  upgrade.AbstractLayoutVersionManager (AbstractLayoutVersionManager.java:init(83)) - Initializing Layout version manager with metadata layout = DATANODE_SCHEMA_V3 (version = 4), software layout = DATANODE_SCHEMA_V3 (version = 4)
2022-08-09 13:47:01,102 [Datanode State Machine Task Thread - 0] INFO  datanode.InitDatanodeState (InitDatanodeState.java:persistContainerDatanodeDetails(138)) - DatanodeDetails is persisted to /home/runner/work/ozone/ozone/hadoop-ozone/integration-test/target/test-dir/MiniOzoneClusterImpl-e9ece791-7ef2-4ada-98fe-daefa8f21954/datanode-0/meta/datanode.id
2022-08-09 13:47:01,134 [Listener at 127.0.0.1/44757] INFO  reflections.Reflections (Reflections.java:scan(232)) - Reflections took 53 ms to scan 7 urls, producing 132 keys and 321 values 
2022-08-09 13:47:01,135 [Listener at 127.0.0.1/44757] INFO  statemachine.DatanodeStateMachine (DatanodeStateMachine.java:getEndPointTaskThreadPoolSize(237)) - Datanode State Machine Task Thread Pool size 2
2022-08-09 13:47:01,140 [Listener at 127.0.0.1/44757] INFO  volume.HddsVolume (HddsVolume.java:<init>(116)) - Creating HddsVolume: /home/runner/work/ozone/ozone/hadoop-ozone/integration-test/target/test-dir/MiniOzoneClusterImpl-e9ece791-7ef2-4ada-98fe-daefa8f21954/datanode-1/data-0/containers/hdds of storage type : DISK capacity : 9223372036854775807
2022-08-09 13:47:01,140 [Listener at 127.0.0.1/44757] INFO  volume.MutableVolumeSet (MutableVolumeSet.java:initializeVolumeSet(174)) - Added Volume : /home/runner/work/ozone/ozone/hadoop-ozone/integration-test/target/test-dir/MiniOzoneClusterImpl-e9ece791-7ef2-4ada-98fe-daefa8f21954/datanode-1/data-0/containers/hdds to VolumeSet
2022-08-09 13:47:01,141 [Listener at 127.0.0.1/44757] INFO  volume.ThrottledAsyncChecker (ThrottledAsyncChecker.java:schedule(141)) - Scheduling a check for /home/runner/work/ozone/ozone/hadoop-ozone/integration-test/target/test-dir/MiniOzoneClusterImpl-e9ece791-7ef2-4ada-98fe-daefa8f21954/datanode-1/data-0/containers/hdds
2022-08-09 13:47:01,141 [Listener at 127.0.0.1/44757] INFO  volume.StorageVolumeChecker (StorageVolumeChecker.java:checkAllVolumes(202)) - Scheduled health check for volume /home/runner/work/ozone/ozone/hadoop-ozone/integration-test/target/test-dir/MiniOzoneClusterImpl-e9ece791-7ef2-4ada-98fe-daefa8f21954/datanode-1/data-0/containers/hdds
2022-08-09 13:47:01,152 [Listener at 127.0.0.1/44757] INFO  volume.MutableVolumeSet (MutableVolumeSet.java:initializeVolumeSet(174)) - Added Volume : /home/runner/work/ozone/ozone/hadoop-ozone/integration-test/target/test-dir/MiniOzoneClusterImpl-e9ece791-7ef2-4ada-98fe-daefa8f21954/datanode-1/data/ratis to VolumeSet
2022-08-09 13:47:01,152 [Listener at 127.0.0.1/44757] INFO  volume.ThrottledAsyncChecker (ThrottledAsyncChecker.java:schedule(141)) - Scheduling a check for /home/runner/work/ozone/ozone/hadoop-ozone/integration-test/target/test-dir/MiniOzoneClusterImpl-e9ece791-7ef2-4ada-98fe-daefa8f21954/datanode-1/data/ratis
2022-08-09 13:47:01,153 [Listener at 127.0.0.1/44757] INFO  volume.StorageVolumeChecker (StorageVolumeChecker.java:checkAllVolumes(202)) - Scheduled health check for volume /home/runner/work/ozone/ozone/hadoop-ozone/integration-test/target/test-dir/MiniOzoneClusterImpl-e9ece791-7ef2-4ada-98fe-daefa8f21954/datanode-1/data/ratis
2022-08-09 13:47:01,163 [Thread-149] INFO  ozoneimpl.ContainerReader (ContainerReader.java:readVolume(175)) - Finish verifying containers on volume /home/runner/work/ozone/ozone/hadoop-ozone/integration-test/target/test-dir/MiniOzoneClusterImpl-e9ece791-7ef2-4ada-98fe-daefa8f21954/datanode-1/data-0/containers/hdds
2022-08-09 13:47:01,163 [Listener at 127.0.0.1/44757] INFO  ozoneimpl.OzoneContainer (OzoneContainer.java:buildContainerSet(299)) - Build ContainerSet costs 0s
2022-08-09 13:47:01,166 [Listener at 127.0.0.1/44757] INFO  server.RaftServer (ConfUtils.java:logGet(46)) - raft.rpc.type = GRPC (default)
2022-08-09 13:47:01,167 [Listener at 127.0.0.1/44757] INFO  grpc.GrpcFactory (GrpcFactory.java:checkPooledByteBufAllocatorUseCacheForAllThreads(48)) - PERFORMANCE WARNING: useCacheForAllThreads is true that may cause Netty to create a lot garbage objects and, as a result, trigger GC.
	It is recommended to disable useCacheForAllThreads by setting -Dorg.apache.ratis.thirdparty.io.netty.allocator.useCacheForAllThreads=false in command line.
2022-08-09 13:47:01,167 [Listener at 127.0.0.1/44757] INFO  grpc.GrpcConfigKeys (ConfUtils.java:logGet(46)) - raft.grpc.admin.port = 0 (custom)
2022-08-09 13:47:01,167 [Listener at 127.0.0.1/44757] INFO  grpc.GrpcConfigKeys (ConfUtils.java:logGet(46)) - raft.grpc.client.port = 0 (custom)
2022-08-09 13:47:01,167 [Listener at 127.0.0.1/44757] INFO  grpc.GrpcConfigKeys (ConfUtils.java:logGet(46)) - raft.grpc.server.port = 0 (default)
2022-08-09 13:47:01,167 [Listener at 127.0.0.1/44757] INFO  server.GrpcService (ConfUtils.java:logGet(46)) - raft.grpc.message.size.max = 32MB (=33554432) (custom)
2022-08-09 13:47:01,167 [Listener at 127.0.0.1/44757] INFO  server.RaftServerConfigKeys (ConfUtils.java:logGet(46)) - raft.server.log.appender.buffer.byte-limit = 33554432 (custom)
2022-08-09 13:47:01,167 [Listener at 127.0.0.1/44757] INFO  server.GrpcService (ConfUtils.java:logGet(46)) - raft.grpc.flow.control.window = 5MB (=5242880) (custom)
2022-08-09 13:47:01,168 [Listener at 127.0.0.1/44757] INFO  server.RaftServerConfigKeys (ConfUtils.java:logGet(46)) - raft.server.rpc.request.timeout = 60s (custom)
2022-08-09 13:47:01,168 [Listener at 127.0.0.1/44757] INFO  grpc.GrpcConfigKeys (ConfUtils.java:logGet(46)) - raft.grpc.server.async.request.thread.pool.cached = true (default)
2022-08-09 13:47:01,168 [Listener at 127.0.0.1/44757] INFO  grpc.GrpcConfigKeys (ConfUtils.java:logGet(46)) - raft.grpc.server.async.request.thread.pool.size = 32 (default)
2022-08-09 13:47:01,169 [Listener at 127.0.0.1/44757] INFO  impl.DataStreamServerImpl (ConfUtils.java:logGet(46)) - raft.datastream.type = DISABLED (default)
2022-08-09 13:47:01,169 [Listener at 127.0.0.1/44757] INFO  server.RaftServerConfigKeys (ConfUtils.java:logGet(46)) - raft.server.threadpool.proxy.cached = true (default)
2022-08-09 13:47:01,169 [Listener at 127.0.0.1/44757] INFO  server.RaftServerConfigKeys (ConfUtils.java:logGet(46)) - raft.server.threadpool.proxy.size = 0 (default)
2022-08-09 13:47:01,169 [Listener at 127.0.0.1/44757] INFO  server.RaftServerConfigKeys (ConfUtils.java:logGet(46)) - raft.server.rpc.slowness.timeout = 300s (custom)
2022-08-09 13:47:01,170 [Listener at 127.0.0.1/44757] INFO  server.RaftServerConfigKeys (ConfUtils.java:logGet(46)) - raft.server.leaderelection.leader.step-down.wait-time = 10s (default)
2022-08-09 13:47:01,170 [Listener at 127.0.0.1/44757] INFO  server.RaftServerConfigKeys (ConfUtils.java:logGet(46)) - raft.server.storage.dir = [/home/runner/work/ozone/ozone/hadoop-ozone/integration-test/target/test-dir/MiniOzoneClusterImpl-e9ece791-7ef2-4ada-98fe-daefa8f21954/datanode-1/data/ratis] (custom)
2022-08-09 13:47:01,171 [Listener at 127.0.0.1/44757] INFO  server.XceiverServerGrpc (XceiverServerGrpc.java:<init>(132)) - GrpcServer channel type EpollServerSocketChannel
2022-08-09 13:47:01,175 [Listener at 127.0.0.1/44757] INFO  http.BaseHttpServer (BaseHttpServer.java:newHttpServer2BuilderForOzone(209)) - Starting Web-server for hddsDatanode at: http://0.0.0.0:0
2022-08-09 13:47:01,175 [Listener at 127.0.0.1/44757] INFO  http.BaseHttpServer (BaseHttpServer.java:<init>(107)) - Hadoop Security Enabled: false Ozone Security Enabled: false Ozone HTTP Security Enabled: false 
2022-08-09 13:47:01,176 [Listener at 127.0.0.1/44757] INFO  server.AuthenticationFilter (AuthenticationFilter.java:constructSecretProvider(240)) - Unable to initialize FileSignerSecretProvider, falling back to use random secrets.
2022-08-09 13:47:01,176 [Listener at 127.0.0.1/44757] WARN  http.HttpRequestLog (HttpRequestLog.java:getRequestLog(103)) - Jetty request log can only be enabled using Log4j
2022-08-09 13:47:01,178 [Listener at 127.0.0.1/44757] INFO  http.HttpServer2 (HttpServer2.java:addGlobalFilter(1029)) - Added global filter 'safety' (class=org.apache.hadoop.hdds.server.http.HttpServer2$QuotingInputFilter)
2022-08-09 13:47:01,179 [Listener at 127.0.0.1/44757] INFO  http.HttpServer2 (HttpServer2.java:addFilter(1005)) - Added filter static_user_filter (class=org.apache.hadoop.http.lib.StaticUserWebFilter$StaticUserFilter) to context hddsDatanode
2022-08-09 13:47:01,179 [Listener at 127.0.0.1/44757] INFO  http.HttpServer2 (HttpServer2.java:addFilter(1013)) - Added filter static_user_filter (class=org.apache.hadoop.http.lib.StaticUserWebFilter$StaticUserFilter) to context static
2022-08-09 13:47:01,179 [Listener at 127.0.0.1/44757] INFO  http.HttpServer2 (HttpServer2.java:addFilter(1013)) - Added filter static_user_filter (class=org.apache.hadoop.http.lib.StaticUserWebFilter$StaticUserFilter) to context logs
2022-08-09 13:47:01,179 [Listener at 127.0.0.1/44757] INFO  http.HttpServer2 (HttpServer2.java:bindListener(1248)) - Jetty bound to port 42163
2022-08-09 13:47:01,179 [Listener at 127.0.0.1/44757] INFO  server.Server (Server.java:doStart(375)) - jetty-9.4.43.v20210629; built: 2021-06-30T11:07:22.254Z; git: 526006ecfa3af7f1a27ef3a288e2bef7ea9dd7e8; jvm 1.8.0_332-b09
2022-08-09 13:47:01,181 [Listener at 127.0.0.1/44757] INFO  server.session (DefaultSessionIdManager.java:doStart(334)) - DefaultSessionIdManager workerName=node0
2022-08-09 13:47:01,181 [Listener at 127.0.0.1/44757] INFO  server.session (DefaultSessionIdManager.java:doStart(339)) - No SessionScavenger set, using defaults
2022-08-09 13:47:01,181 [Listener at 127.0.0.1/44757] INFO  server.session (HouseKeeper.java:startScavenging(132)) - node0 Scavenging every 600000ms
2022-08-09 13:47:01,182 [Listener at 127.0.0.1/44757] INFO  handler.ContextHandler (ContextHandler.java:doStart(915)) - Started o.e.j.s.ServletContextHandler@48d46402{logs,/logs,file:///home/runner/work/ozone/ozone/hadoop-ozone/integration-test/target/log,AVAILABLE}
2022-08-09 13:47:01,183 [Listener at 127.0.0.1/44757] INFO  handler.ContextHandler (ContextHandler.java:doStart(915)) - Started o.e.j.s.ServletContextHandler@1a02a31{static,/static,jar:file:/home/runner/.m2/repository/org/apache/ozone/hdds-container-service/1.3.0-SNAPSHOT/hdds-container-service-1.3.0-SNAPSHOT.jar!/webapps/static,AVAILABLE}
2022-08-09 13:47:01,240 [om1@group-C5BA1605619E-FollowerState] INFO  impl.FollowerState (FollowerState.java:run(143)) - om1@group-C5BA1605619E-FollowerState: change to CANDIDATE, lastRpcElapsedTime:1129365461ns, electionTimeout:1119ms
2022-08-09 13:47:01,241 [om1@group-C5BA1605619E-FollowerState] INFO  impl.RoleInfo (RoleInfo.java:shutdownFollowerState(110)) - om1: shutdown om1@group-C5BA1605619E-FollowerState
2022-08-09 13:47:01,241 [om1@group-C5BA1605619E-FollowerState] INFO  server.RaftServer$Division (RaftServerImpl.java:setRole(299)) - om1@group-C5BA1605619E: changes role from  FOLLOWER to CANDIDATE at term 0 for changeToCandidate
2022-08-09 13:47:01,244 [om1@group-C5BA1605619E-FollowerState] INFO  server.RaftServerConfigKeys (ConfUtils.java:logGet(46)) - raft.server.leaderelection.pre-vote = false (custom)
2022-08-09 13:47:01,244 [om1@group-C5BA1605619E-FollowerState] INFO  impl.RoleInfo (RoleInfo.java:updateAndGet(139)) - om1: start om1@group-C5BA1605619E-LeaderElection1
2022-08-09 13:47:01,252 [om1@group-C5BA1605619E-LeaderElection1] INFO  impl.LeaderElection (LeaderElection.java:askForVotes(310)) - om1@group-C5BA1605619E-LeaderElection1 ELECTION round 0: submit vote requests at term 1 for -1: [om1|rpc:localhost:9872|priority:0], old=null
2022-08-09 13:47:01,255 [om1@group-C5BA1605619E-LeaderElection1] INFO  impl.LeaderElection (LeaderElection.java:askForVotes(312)) - om1@group-C5BA1605619E-LeaderElection1 ELECTION round 0: result PASSED (term=1)
2022-08-09 13:47:01,255 [om1@group-C5BA1605619E-LeaderElection1] INFO  impl.RoleInfo (RoleInfo.java:shutdownLeaderElection(130)) - om1: shutdown om1@group-C5BA1605619E-LeaderElection1
2022-08-09 13:47:01,255 [om1@group-C5BA1605619E-LeaderElection1] INFO  server.RaftServer$Division (RaftServerImpl.java:setRole(299)) - om1@group-C5BA1605619E: changes role from CANDIDATE to LEADER at term 1 for changeToLeader
2022-08-09 13:47:01,256 [om1@group-C5BA1605619E-LeaderElection1] INFO  server.RaftServer$Division (ServerState.java:setLeader(287)) - om1@group-C5BA1605619E: change Leader from null to om1 at term 1 for becomeLeader, leader elected after 2064ms
2022-08-09 13:47:01,262 [om1@group-C5BA1605619E-LeaderElection1] INFO  server.RaftServerConfigKeys (ConfUtils.java:logGet(46)) - raft.server.staging.catchup.gap = 1000 (default)
2022-08-09 13:47:01,266 [om1@group-C5BA1605619E-LeaderElection1] INFO  server.RaftServerConfigKeys (ConfUtils.java:logGet(46)) - raft.server.write.element-limit = 4096 (default)
2022-08-09 13:47:01,267 [om1@group-C5BA1605619E-LeaderElection1] INFO  server.RaftServerConfigKeys (ConfUtils.java:logGet(46)) - raft.server.write.byte-limit = 64MB (=67108864) (default)
2022-08-09 13:47:01,277 [om1@group-C5BA1605619E-LeaderElection1] INFO  server.RaftServerConfigKeys (ConfUtils.java:logGet(46)) - raft.server.watch.timeout = 10s (default)
2022-08-09 13:47:01,281 [om1@group-C5BA1605619E-LeaderElection1] INFO  server.RaftServerConfigKeys (ConfUtils.java:logGet(46)) - raft.server.watch.timeout.denomination = 1s (default)
2022-08-09 13:47:01,282 [om1@group-C5BA1605619E-LeaderElection1] INFO  server.RaftServerConfigKeys (ConfUtils.java:logGet(46)) - raft.server.watch.element-limit = 65536 (default)
2022-08-09 13:47:01,287 [om1@group-C5BA1605619E-LeaderElection1] INFO  server.RaftServerConfigKeys (ConfUtils.java:logGet(46)) - raft.server.write.element-limit = 4096 (default)
2022-08-09 13:47:01,290 [om1@group-C5BA1605619E-LeaderElection1] INFO  server.RaftServerConfigKeys (ConfUtils.java:logGet(46)) - raft.server.write.follower.gap.ratio.max = -1.0 (default)
2022-08-09 13:47:01,293 [om1@group-C5BA1605619E-LeaderElection1] INFO  impl.RoleInfo (RoleInfo.java:updateAndGet(139)) - om1: start om1@group-C5BA1605619E-LeaderStateImpl
2022-08-09 13:47:01,321 [om1@group-C5BA1605619E-LeaderElection1] INFO  segmented.SegmentedRaftLogWorker (SegmentedRaftLogWorker.java:startLogSegment(425)) - om1@group-C5BA1605619E-SegmentedRaftLogWorker: Starting segment from index:0
2022-08-09 13:47:01,377 [Listener at 127.0.0.1/44757] INFO  handler.ContextHandler (ContextHandler.java:doStart(915)) - Started o.e.j.w.WebAppContext@4a3306c2{hddsDatanode,/,file:///tmp/jetty-0_0_0_0-42163-hdds-container-service-1_3_0-SNAPSHOT_jar-_-any-5046117401883672891/webapp/,AVAILABLE}{jar:file:/home/runner/.m2/repository/org/apache/ozone/hdds-container-service/1.3.0-SNAPSHOT/hdds-container-service-1.3.0-SNAPSHOT.jar!/webapps/hddsDatanode}
2022-08-09 13:47:01,378 [Listener at 127.0.0.1/44757] INFO  server.AbstractConnector (AbstractConnector.java:doStart(331)) - Started ServerConnector@a0361cb{HTTP/1.1, (http/1.1)}{0.0.0.0:42163}
2022-08-09 13:47:01,378 [Listener at 127.0.0.1/44757] INFO  server.Server (Server.java:doStart(415)) - Started @8113ms
2022-08-09 13:47:01,379 [Listener at 127.0.0.1/44757] WARN  impl.MetricsSystemImpl (MetricsSystemImpl.java:register(279)) - Sink prometheus already exists!
2022-08-09 13:47:01,380 [Listener at 127.0.0.1/44757] INFO  http.BaseHttpServer (BaseHttpServer.java:updateConnectorAddress(329)) - HTTP server of hddsDatanode listening at http://0.0.0.0:42163
2022-08-09 13:47:01,381 [Listener at 127.0.0.1/44757] WARN  impl.MetricRegistriesImpl (MetricRegistriesImpl.java:addReporterRegistration(111)) - New reporters are added after registries were created. Some metrics will be missing from the reporter. Please add reporter before adding any new registry.
2022-08-09 13:47:01,381 [Listener at 127.0.0.1/44757] WARN  impl.MetricRegistriesImpl (MetricRegistriesImpl.java:addReporterRegistration(111)) - New reporters are added after registries were created. Some metrics will be missing from the reporter. Please add reporter before adding any new registry.
2022-08-09 13:47:01,381 [Listener at 127.0.0.1/44757] INFO  impl.MetricsSystemImpl (MetricsSystemImpl.java:init(158)) - HddsDatanode metrics system started (again)
2022-08-09 13:47:01,389 [Datanode State Machine Daemon Thread] INFO  statemachine.DatanodeStateMachine (DatanodeStateMachine.java:lambda$startDaemon$0(492)) - Ozone container server started.
2022-08-09 13:47:01,401 [Listener at 127.0.0.1/44757] INFO  ozone.HddsDatanodeService (HddsDatanodeService.java:start(236)) - HddsDatanodeService host:fv-az450-466.jnfmftgkylze5hd05chtbp1i0a.dx.internal.cloudapp.net ip:10.1.0.19
2022-08-09 13:47:01,404 [om1@group-C5BA1605619E-LeaderElection1] INFO  server.RaftServer$Division (ServerState.java:setRaftConf(393)) - om1@group-C5BA1605619E: set configuration 0: [om1|rpc:localhost:9872|admin:|client:|dataStream:|priority:0], old=null
2022-08-09 13:47:01,429 [Listener at 127.0.0.1/44757] INFO  upgrade.AbstractLayoutVersionManager (AbstractLayoutVersionManager.java:init(83)) - Initializing Layout version manager with metadata layout = DATANODE_SCHEMA_V3 (version = 4), software layout = DATANODE_SCHEMA_V3 (version = 4)
2022-08-09 13:47:01,449 [org.apache.hadoop.util.JvmPauseMonitor$Monitor@50f1c459] INFO  util.JvmPauseMonitor (JvmPauseMonitor.java:run(188)) - Starting JVM pause monitor
2022-08-09 13:47:01,474 [Datanode State Machine Task Thread - 0] INFO  datanode.InitDatanodeState (InitDatanodeState.java:persistContainerDatanodeDetails(138)) - DatanodeDetails is persisted to /home/runner/work/ozone/ozone/hadoop-ozone/integration-test/target/test-dir/MiniOzoneClusterImpl-e9ece791-7ef2-4ada-98fe-daefa8f21954/datanode-1/meta/datanode.id
2022-08-09 13:47:01,475 [om1@group-C5BA1605619E-SegmentedRaftLogWorker] INFO  segmented.SegmentedRaftLogWorker (SegmentedRaftLogWorker.java:execute(629)) - om1@group-C5BA1605619E-SegmentedRaftLogWorker: created new log segment /home/runner/work/ozone/ozone/hadoop-ozone/integration-test/target/test-dir/MiniOzoneClusterImpl-e9ece791-7ef2-4ada-98fe-daefa8f21954/ozone-meta/ratis/bf265839-605b-3f16-9796-c5ba1605619e/current/log_inprogress_0
2022-08-09 13:47:01,498 [Listener at 127.0.0.1/44757] INFO  reflections.Reflections (Reflections.java:scan(232)) - Reflections took 68 ms to scan 7 urls, producing 132 keys and 321 values 
2022-08-09 13:47:01,500 [Listener at 127.0.0.1/44757] INFO  statemachine.DatanodeStateMachine (DatanodeStateMachine.java:getEndPointTaskThreadPoolSize(237)) - Datanode State Machine Task Thread Pool size 2
2022-08-09 13:47:01,502 [Listener at 127.0.0.1/44757] INFO  volume.HddsVolume (HddsVolume.java:<init>(116)) - Creating HddsVolume: /home/runner/work/ozone/ozone/hadoop-ozone/integration-test/target/test-dir/MiniOzoneClusterImpl-e9ece791-7ef2-4ada-98fe-daefa8f21954/datanode-2/data-0/containers/hdds of storage type : DISK capacity : 9223372036854775807
2022-08-09 13:47:01,502 [Listener at 127.0.0.1/44757] INFO  volume.MutableVolumeSet (MutableVolumeSet.java:initializeVolumeSet(174)) - Added Volume : /home/runner/work/ozone/ozone/hadoop-ozone/integration-test/target/test-dir/MiniOzoneClusterImpl-e9ece791-7ef2-4ada-98fe-daefa8f21954/datanode-2/data-0/containers/hdds to VolumeSet
2022-08-09 13:47:01,502 [Listener at 127.0.0.1/44757] INFO  volume.ThrottledAsyncChecker (ThrottledAsyncChecker.java:schedule(141)) - Scheduling a check for /home/runner/work/ozone/ozone/hadoop-ozone/integration-test/target/test-dir/MiniOzoneClusterImpl-e9ece791-7ef2-4ada-98fe-daefa8f21954/datanode-2/data-0/containers/hdds
2022-08-09 13:47:01,503 [Listener at 127.0.0.1/44757] INFO  volume.StorageVolumeChecker (StorageVolumeChecker.java:checkAllVolumes(202)) - Scheduled health check for volume /home/runner/work/ozone/ozone/hadoop-ozone/integration-test/target/test-dir/MiniOzoneClusterImpl-e9ece791-7ef2-4ada-98fe-daefa8f21954/datanode-2/data-0/containers/hdds
2022-08-09 13:47:01,513 [Listener at 127.0.0.1/44757] INFO  volume.MutableVolumeSet (MutableVolumeSet.java:initializeVolumeSet(174)) - Added Volume : /home/runner/work/ozone/ozone/hadoop-ozone/integration-test/target/test-dir/MiniOzoneClusterImpl-e9ece791-7ef2-4ada-98fe-daefa8f21954/datanode-2/data/ratis to VolumeSet
2022-08-09 13:47:01,513 [Listener at 127.0.0.1/44757] INFO  volume.ThrottledAsyncChecker (ThrottledAsyncChecker.java:schedule(141)) - Scheduling a check for /home/runner/work/ozone/ozone/hadoop-ozone/integration-test/target/test-dir/MiniOzoneClusterImpl-e9ece791-7ef2-4ada-98fe-daefa8f21954/datanode-2/data/ratis
2022-08-09 13:47:01,514 [Listener at 127.0.0.1/44757] INFO  volume.StorageVolumeChecker (StorageVolumeChecker.java:checkAllVolumes(202)) - Scheduled health check for volume /home/runner/work/ozone/ozone/hadoop-ozone/integration-test/target/test-dir/MiniOzoneClusterImpl-e9ece791-7ef2-4ada-98fe-daefa8f21954/datanode-2/data/ratis
2022-08-09 13:47:01,524 [Thread-164] INFO  ozoneimpl.ContainerReader (ContainerReader.java:readVolume(175)) - Finish verifying containers on volume /home/runner/work/ozone/ozone/hadoop-ozone/integration-test/target/test-dir/MiniOzoneClusterImpl-e9ece791-7ef2-4ada-98fe-daefa8f21954/datanode-2/data-0/containers/hdds
2022-08-09 13:47:01,524 [Listener at 127.0.0.1/44757] INFO  ozoneimpl.OzoneContainer (OzoneContainer.java:buildContainerSet(299)) - Build ContainerSet costs 0s
2022-08-09 13:47:01,526 [Listener at 127.0.0.1/44757] INFO  server.RaftServer (ConfUtils.java:logGet(46)) - raft.rpc.type = GRPC (default)
2022-08-09 13:47:01,526 [Listener at 127.0.0.1/44757] INFO  grpc.GrpcFactory (GrpcFactory.java:checkPooledByteBufAllocatorUseCacheForAllThreads(48)) - PERFORMANCE WARNING: useCacheForAllThreads is true that may cause Netty to create a lot garbage objects and, as a result, trigger GC.
	It is recommended to disable useCacheForAllThreads by setting -Dorg.apache.ratis.thirdparty.io.netty.allocator.useCacheForAllThreads=false in command line.
2022-08-09 13:47:01,527 [Listener at 127.0.0.1/44757] INFO  grpc.GrpcConfigKeys (ConfUtils.java:logGet(46)) - raft.grpc.admin.port = 0 (custom)
2022-08-09 13:47:01,527 [Listener at 127.0.0.1/44757] INFO  grpc.GrpcConfigKeys (ConfUtils.java:logGet(46)) - raft.grpc.client.port = 0 (custom)
2022-08-09 13:47:01,527 [Listener at 127.0.0.1/44757] INFO  grpc.GrpcConfigKeys (ConfUtils.java:logGet(46)) - raft.grpc.server.port = 0 (default)
2022-08-09 13:47:01,527 [Listener at 127.0.0.1/44757] INFO  server.GrpcService (ConfUtils.java:logGet(46)) - raft.grpc.message.size.max = 32MB (=33554432) (custom)
2022-08-09 13:47:01,527 [Listener at 127.0.0.1/44757] INFO  server.RaftServerConfigKeys (ConfUtils.java:logGet(46)) - raft.server.log.appender.buffer.byte-limit = 33554432 (custom)
2022-08-09 13:47:01,527 [Listener at 127.0.0.1/44757] INFO  server.GrpcService (ConfUtils.java:logGet(46)) - raft.grpc.flow.control.window = 5MB (=5242880) (custom)
2022-08-09 13:47:01,527 [Listener at 127.0.0.1/44757] INFO  server.RaftServerConfigKeys (ConfUtils.java:logGet(46)) - raft.server.rpc.request.timeout = 60s (custom)
2022-08-09 13:47:01,527 [Listener at 127.0.0.1/44757] INFO  grpc.GrpcConfigKeys (ConfUtils.java:logGet(46)) - raft.grpc.server.async.request.thread.pool.cached = true (default)
2022-08-09 13:47:01,527 [Listener at 127.0.0.1/44757] INFO  grpc.GrpcConfigKeys (ConfUtils.java:logGet(46)) - raft.grpc.server.async.request.thread.pool.size = 32 (default)
2022-08-09 13:47:01,528 [Listener at 127.0.0.1/44757] INFO  impl.DataStreamServerImpl (ConfUtils.java:logGet(46)) - raft.datastream.type = DISABLED (default)
2022-08-09 13:47:01,529 [Listener at 127.0.0.1/44757] INFO  server.RaftServerConfigKeys (ConfUtils.java:logGet(46)) - raft.server.threadpool.proxy.cached = true (default)
2022-08-09 13:47:01,529 [Listener at 127.0.0.1/44757] INFO  server.RaftServerConfigKeys (ConfUtils.java:logGet(46)) - raft.server.threadpool.proxy.size = 0 (default)
2022-08-09 13:47:01,529 [Listener at 127.0.0.1/44757] INFO  server.RaftServerConfigKeys (ConfUtils.java:logGet(46)) - raft.server.rpc.slowness.timeout = 300s (custom)
2022-08-09 13:47:01,529 [Listener at 127.0.0.1/44757] INFO  server.RaftServerConfigKeys (ConfUtils.java:logGet(46)) - raft.server.leaderelection.leader.step-down.wait-time = 10s (default)
2022-08-09 13:47:01,529 [Listener at 127.0.0.1/44757] INFO  server.RaftServerConfigKeys (ConfUtils.java:logGet(46)) - raft.server.storage.dir = [/home/runner/work/ozone/ozone/hadoop-ozone/integration-test/target/test-dir/MiniOzoneClusterImpl-e9ece791-7ef2-4ada-98fe-daefa8f21954/datanode-2/data/ratis] (custom)
2022-08-09 13:47:01,534 [Listener at 127.0.0.1/44757] INFO  server.XceiverServerGrpc (XceiverServerGrpc.java:<init>(132)) - GrpcServer channel type EpollServerSocketChannel
2022-08-09 13:47:01,542 [Listener at 127.0.0.1/44757] INFO  http.BaseHttpServer (BaseHttpServer.java:newHttpServer2BuilderForOzone(209)) - Starting Web-server for hddsDatanode at: http://0.0.0.0:0
2022-08-09 13:47:01,542 [Listener at 127.0.0.1/44757] INFO  http.BaseHttpServer (BaseHttpServer.java:<init>(107)) - Hadoop Security Enabled: false Ozone Security Enabled: false Ozone HTTP Security Enabled: false 
2022-08-09 13:47:01,543 [Listener at 127.0.0.1/44757] INFO  server.AuthenticationFilter (AuthenticationFilter.java:constructSecretProvider(240)) - Unable to initialize FileSignerSecretProvider, falling back to use random secrets.
2022-08-09 13:47:01,546 [Listener at 127.0.0.1/44757] WARN  http.HttpRequestLog (HttpRequestLog.java:getRequestLog(103)) - Jetty request log can only be enabled using Log4j
2022-08-09 13:47:01,547 [Listener at 127.0.0.1/44757] INFO  http.HttpServer2 (HttpServer2.java:addGlobalFilter(1029)) - Added global filter 'safety' (class=org.apache.hadoop.hdds.server.http.HttpServer2$QuotingInputFilter)
2022-08-09 13:47:01,548 [Listener at 127.0.0.1/44757] INFO  http.HttpServer2 (HttpServer2.java:addFilter(1005)) - Added filter static_user_filter (class=org.apache.hadoop.http.lib.StaticUserWebFilter$StaticUserFilter) to context hddsDatanode
2022-08-09 13:47:01,548 [Listener at 127.0.0.1/44757] INFO  http.HttpServer2 (HttpServer2.java:addFilter(1013)) - Added filter static_user_filter (class=org.apache.hadoop.http.lib.StaticUserWebFilter$StaticUserFilter) to context static
2022-08-09 13:47:01,548 [Listener at 127.0.0.1/44757] INFO  http.HttpServer2 (HttpServer2.java:addFilter(1013)) - Added filter static_user_filter (class=org.apache.hadoop.http.lib.StaticUserWebFilter$StaticUserFilter) to context logs
2022-08-09 13:47:01,557 [Listener at 127.0.0.1/44757] INFO  http.HttpServer2 (HttpServer2.java:bindListener(1248)) - Jetty bound to port 39645
2022-08-09 13:47:01,557 [Listener at 127.0.0.1/44757] INFO  server.Server (Server.java:doStart(375)) - jetty-9.4.43.v20210629; built: 2021-06-30T11:07:22.254Z; git: 526006ecfa3af7f1a27ef3a288e2bef7ea9dd7e8; jvm 1.8.0_332-b09
2022-08-09 13:47:01,565 [Listener at 127.0.0.1/44757] INFO  server.session (DefaultSessionIdManager.java:doStart(334)) - DefaultSessionIdManager workerName=node0
2022-08-09 13:47:01,565 [Listener at 127.0.0.1/44757] INFO  server.session (DefaultSessionIdManager.java:doStart(339)) - No SessionScavenger set, using defaults
2022-08-09 13:47:01,566 [Listener at 127.0.0.1/44757] INFO  server.session (HouseKeeper.java:startScavenging(132)) - node0 Scavenging every 660000ms
2022-08-09 13:47:01,567 [Listener at 127.0.0.1/44757] INFO  handler.ContextHandler (ContextHandler.java:doStart(915)) - Started o.e.j.s.ServletContextHandler@4fbc116b{logs,/logs,file:///home/runner/work/ozone/ozone/hadoop-ozone/integration-test/target/log,AVAILABLE}
2022-08-09 13:47:01,567 [Listener at 127.0.0.1/44757] INFO  handler.ContextHandler (ContextHandler.java:doStart(915)) - Started o.e.j.s.ServletContextHandler@1f678943{static,/static,jar:file:/home/runner/.m2/repository/org/apache/ozone/hdds-container-service/1.3.0-SNAPSHOT/hdds-container-service-1.3.0-SNAPSHOT.jar!/webapps/static,AVAILABLE}
2022-08-09 13:47:01,598 [om1@group-C5BA1605619E-StateMachineUpdater] INFO  ratis.OzoneManagerStateMachine (OzoneManagerStateMachine.java:notifyConfigurationChanged(192)) - Received Configuration change notification from Ratis. New Peer list:
[id: "om1"
address: "localhost:9872"
]
2022-08-09 13:47:01,732 [Listener at 127.0.0.1/44757] INFO  handler.ContextHandler (ContextHandler.java:doStart(915)) - Started o.e.j.w.WebAppContext@620fdabe{hddsDatanode,/,file:///tmp/jetty-0_0_0_0-39645-hdds-container-service-1_3_0-SNAPSHOT_jar-_-any-3819039587157119123/webapp/,AVAILABLE}{jar:file:/home/runner/.m2/repository/org/apache/ozone/hdds-container-service/1.3.0-SNAPSHOT/hdds-container-service-1.3.0-SNAPSHOT.jar!/webapps/hddsDatanode}
2022-08-09 13:47:01,734 [Listener at 127.0.0.1/44757] INFO  server.AbstractConnector (AbstractConnector.java:doStart(331)) - Started ServerConnector@34fb622b{HTTP/1.1, (http/1.1)}{0.0.0.0:39645}
2022-08-09 13:47:01,734 [Listener at 127.0.0.1/44757] INFO  server.Server (Server.java:doStart(415)) - Started @8469ms
2022-08-09 13:47:01,734 [Listener at 127.0.0.1/44757] WARN  impl.MetricsSystemImpl (MetricsSystemImpl.java:register(279)) - Sink prometheus already exists!
2022-08-09 13:47:01,735 [Listener at 127.0.0.1/44757] INFO  http.BaseHttpServer (BaseHttpServer.java:updateConnectorAddress(329)) - HTTP server of hddsDatanode listening at http://0.0.0.0:39645
2022-08-09 13:47:01,738 [Datanode State Machine Daemon Thread] INFO  statemachine.DatanodeStateMachine (DatanodeStateMachine.java:lambda$startDaemon$0(492)) - Ozone container server started.
2022-08-09 13:47:01,738 [Listener at 127.0.0.1/44757] WARN  impl.MetricRegistriesImpl (MetricRegistriesImpl.java:addReporterRegistration(111)) - New reporters are added after registries were created. Some metrics will be missing from the reporter. Please add reporter before adding any new registry.
2022-08-09 13:47:01,739 [Listener at 127.0.0.1/44757] WARN  impl.MetricRegistriesImpl (MetricRegistriesImpl.java:addReporterRegistration(111)) - New reporters are added after registries were created. Some metrics will be missing from the reporter. Please add reporter before adding any new registry.
2022-08-09 13:47:01,739 [Listener at 127.0.0.1/44757] INFO  impl.MetricsSystemImpl (MetricsSystemImpl.java:init(158)) - HddsDatanode metrics system started (again)
2022-08-09 13:47:01,749 [org.apache.hadoop.util.JvmPauseMonitor$Monitor@f582c20] INFO  util.JvmPauseMonitor (JvmPauseMonitor.java:run(188)) - Starting JVM pause monitor
2022-08-09 13:47:01,750 [Listener at 127.0.0.1/44757] INFO  ozone.HddsDatanodeService (HddsDatanodeService.java:start(236)) - HddsDatanodeService host:fv-az450-466.jnfmftgkylze5hd05chtbp1i0a.dx.internal.cloudapp.net ip:10.1.0.19
2022-08-09 13:47:01,753 [Datanode State Machine Task Thread - 0] INFO  datanode.InitDatanodeState (InitDatanodeState.java:persistContainerDatanodeDetails(138)) - DatanodeDetails is persisted to /home/runner/work/ozone/ozone/hadoop-ozone/integration-test/target/test-dir/MiniOzoneClusterImpl-e9ece791-7ef2-4ada-98fe-daefa8f21954/datanode-2/meta/datanode.id
2022-08-09 13:47:01,770 [Listener at 127.0.0.1/44757] INFO  upgrade.AbstractLayoutVersionManager (AbstractLayoutVersionManager.java:init(83)) - Initializing Layout version manager with metadata layout = DATANODE_SCHEMA_V3 (version = 4), software layout = DATANODE_SCHEMA_V3 (version = 4)
2022-08-09 13:47:01,813 [Listener at 127.0.0.1/44757] INFO  reflections.Reflections (Reflections.java:scan(232)) - Reflections took 41 ms to scan 7 urls, producing 132 keys and 321 values 
2022-08-09 13:47:01,814 [Listener at 127.0.0.1/44757] INFO  statemachine.DatanodeStateMachine (DatanodeStateMachine.java:getEndPointTaskThreadPoolSize(237)) - Datanode State Machine Task Thread Pool size 2
2022-08-09 13:47:01,822 [Listener at 127.0.0.1/44757] INFO  volume.HddsVolume (HddsVolume.java:<init>(116)) - Creating HddsVolume: /home/runner/work/ozone/ozone/hadoop-ozone/integration-test/target/test-dir/MiniOzoneClusterImpl-e9ece791-7ef2-4ada-98fe-daefa8f21954/datanode-3/data-0/containers/hdds of storage type : DISK capacity : 9223372036854775807
2022-08-09 13:47:01,823 [Listener at 127.0.0.1/44757] INFO  volume.MutableVolumeSet (MutableVolumeSet.java:initializeVolumeSet(174)) - Added Volume : /home/runner/work/ozone/ozone/hadoop-ozone/integration-test/target/test-dir/MiniOzoneClusterImpl-e9ece791-7ef2-4ada-98fe-daefa8f21954/datanode-3/data-0/containers/hdds to VolumeSet
2022-08-09 13:47:01,823 [Listener at 127.0.0.1/44757] INFO  volume.ThrottledAsyncChecker (ThrottledAsyncChecker.java:schedule(141)) - Scheduling a check for /home/runner/work/ozone/ozone/hadoop-ozone/integration-test/target/test-dir/MiniOzoneClusterImpl-e9ece791-7ef2-4ada-98fe-daefa8f21954/datanode-3/data-0/containers/hdds
2022-08-09 13:47:01,823 [Listener at 127.0.0.1/44757] INFO  volume.StorageVolumeChecker (StorageVolumeChecker.java:checkAllVolumes(202)) - Scheduled health check for volume /home/runner/work/ozone/ozone/hadoop-ozone/integration-test/target/test-dir/MiniOzoneClusterImpl-e9ece791-7ef2-4ada-98fe-daefa8f21954/datanode-3/data-0/containers/hdds
2022-08-09 13:47:01,835 [Listener at 127.0.0.1/44757] INFO  volume.MutableVolumeSet (MutableVolumeSet.java:initializeVolumeSet(174)) - Added Volume : /home/runner/work/ozone/ozone/hadoop-ozone/integration-test/target/test-dir/MiniOzoneClusterImpl-e9ece791-7ef2-4ada-98fe-daefa8f21954/datanode-3/data/ratis to VolumeSet
2022-08-09 13:47:01,835 [Listener at 127.0.0.1/44757] INFO  volume.ThrottledAsyncChecker (ThrottledAsyncChecker.java:schedule(141)) - Scheduling a check for /home/runner/work/ozone/ozone/hadoop-ozone/integration-test/target/test-dir/MiniOzoneClusterImpl-e9ece791-7ef2-4ada-98fe-daefa8f21954/datanode-3/data/ratis
2022-08-09 13:47:01,835 [Listener at 127.0.0.1/44757] INFO  volume.StorageVolumeChecker (StorageVolumeChecker.java:checkAllVolumes(202)) - Scheduled health check for volume /home/runner/work/ozone/ozone/hadoop-ozone/integration-test/target/test-dir/MiniOzoneClusterImpl-e9ece791-7ef2-4ada-98fe-daefa8f21954/datanode-3/data/ratis
2022-08-09 13:47:01,846 [Thread-177] INFO  ozoneimpl.ContainerReader (ContainerReader.java:readVolume(175)) - Finish verifying containers on volume /home/runner/work/ozone/ozone/hadoop-ozone/integration-test/target/test-dir/MiniOzoneClusterImpl-e9ece791-7ef2-4ada-98fe-daefa8f21954/datanode-3/data-0/containers/hdds
2022-08-09 13:47:01,846 [Listener at 127.0.0.1/44757] INFO  ozoneimpl.OzoneContainer (OzoneContainer.java:buildContainerSet(299)) - Build ContainerSet costs 0s
2022-08-09 13:47:01,849 [Listener at 127.0.0.1/44757] INFO  server.RaftServer (ConfUtils.java:logGet(46)) - raft.rpc.type = GRPC (default)
2022-08-09 13:47:01,849 [Listener at 127.0.0.1/44757] INFO  grpc.GrpcFactory (GrpcFactory.java:checkPooledByteBufAllocatorUseCacheForAllThreads(48)) - PERFORMANCE WARNING: useCacheForAllThreads is true that may cause Netty to create a lot garbage objects and, as a result, trigger GC.
	It is recommended to disable useCacheForAllThreads by setting -Dorg.apache.ratis.thirdparty.io.netty.allocator.useCacheForAllThreads=false in command line.
2022-08-09 13:47:01,849 [Listener at 127.0.0.1/44757] INFO  grpc.GrpcConfigKeys (ConfUtils.java:logGet(46)) - raft.grpc.admin.port = 0 (custom)
2022-08-09 13:47:01,849 [Listener at 127.0.0.1/44757] INFO  grpc.GrpcConfigKeys (ConfUtils.java:logGet(46)) - raft.grpc.client.port = 0 (custom)
2022-08-09 13:47:01,849 [Listener at 127.0.0.1/44757] INFO  grpc.GrpcConfigKeys (ConfUtils.java:logGet(46)) - raft.grpc.server.port = 0 (default)
2022-08-09 13:47:01,850 [Listener at 127.0.0.1/44757] INFO  server.GrpcService (ConfUtils.java:logGet(46)) - raft.grpc.message.size.max = 32MB (=33554432) (custom)
2022-08-09 13:47:01,850 [Listener at 127.0.0.1/44757] INFO  server.RaftServerConfigKeys (ConfUtils.java:logGet(46)) - raft.server.log.appender.buffer.byte-limit = 33554432 (custom)
2022-08-09 13:47:01,850 [Listener at 127.0.0.1/44757] INFO  server.GrpcService (ConfUtils.java:logGet(46)) - raft.grpc.flow.control.window = 5MB (=5242880) (custom)
2022-08-09 13:47:01,850 [Listener at 127.0.0.1/44757] INFO  server.RaftServerConfigKeys (ConfUtils.java:logGet(46)) - raft.server.rpc.request.timeout = 60s (custom)
2022-08-09 13:47:01,850 [Listener at 127.0.0.1/44757] INFO  grpc.GrpcConfigKeys (ConfUtils.java:logGet(46)) - raft.grpc.server.async.request.thread.pool.cached = true (default)
2022-08-09 13:47:01,850 [Listener at 127.0.0.1/44757] INFO  grpc.GrpcConfigKeys (ConfUtils.java:logGet(46)) - raft.grpc.server.async.request.thread.pool.size = 32 (default)
2022-08-09 13:47:01,851 [Listener at 127.0.0.1/44757] INFO  impl.DataStreamServerImpl (ConfUtils.java:logGet(46)) - raft.datastream.type = DISABLED (default)
2022-08-09 13:47:01,851 [Listener at 127.0.0.1/44757] INFO  server.RaftServerConfigKeys (ConfUtils.java:logGet(46)) - raft.server.threadpool.proxy.cached = true (default)
2022-08-09 13:47:01,852 [Listener at 127.0.0.1/44757] INFO  server.RaftServerConfigKeys (ConfUtils.java:logGet(46)) - raft.server.threadpool.proxy.size = 0 (default)
2022-08-09 13:47:01,852 [Listener at 127.0.0.1/44757] INFO  server.RaftServerConfigKeys (ConfUtils.java:logGet(46)) - raft.server.rpc.slowness.timeout = 300s (custom)
2022-08-09 13:47:01,852 [Listener at 127.0.0.1/44757] INFO  server.RaftServerConfigKeys (ConfUtils.java:logGet(46)) - raft.server.leaderelection.leader.step-down.wait-time = 10s (default)
2022-08-09 13:47:01,852 [Listener at 127.0.0.1/44757] INFO  server.RaftServerConfigKeys (ConfUtils.java:logGet(46)) - raft.server.storage.dir = [/home/runner/work/ozone/ozone/hadoop-ozone/integration-test/target/test-dir/MiniOzoneClusterImpl-e9ece791-7ef2-4ada-98fe-daefa8f21954/datanode-3/data/ratis] (custom)
2022-08-09 13:47:01,853 [Listener at 127.0.0.1/44757] INFO  server.XceiverServerGrpc (XceiverServerGrpc.java:<init>(132)) - GrpcServer channel type EpollServerSocketChannel
2022-08-09 13:47:01,857 [Listener at 127.0.0.1/44757] INFO  http.BaseHttpServer (BaseHttpServer.java:newHttpServer2BuilderForOzone(209)) - Starting Web-server for hddsDatanode at: http://0.0.0.0:0
2022-08-09 13:47:01,857 [Listener at 127.0.0.1/44757] INFO  http.BaseHttpServer (BaseHttpServer.java:<init>(107)) - Hadoop Security Enabled: false Ozone Security Enabled: false Ozone HTTP Security Enabled: false 
2022-08-09 13:47:01,858 [Listener at 127.0.0.1/44757] INFO  server.AuthenticationFilter (AuthenticationFilter.java:constructSecretProvider(240)) - Unable to initialize FileSignerSecretProvider, falling back to use random secrets.
2022-08-09 13:47:01,858 [Listener at 127.0.0.1/44757] WARN  http.HttpRequestLog (HttpRequestLog.java:getRequestLog(103)) - Jetty request log can only be enabled using Log4j
2022-08-09 13:47:01,860 [Listener at 127.0.0.1/44757] INFO  http.HttpServer2 (HttpServer2.java:addGlobalFilter(1029)) - Added global filter 'safety' (class=org.apache.hadoop.hdds.server.http.HttpServer2$QuotingInputFilter)
2022-08-09 13:47:01,860 [Listener at 127.0.0.1/44757] INFO  http.HttpServer2 (HttpServer2.java:addFilter(1005)) - Added filter static_user_filter (class=org.apache.hadoop.http.lib.StaticUserWebFilter$StaticUserFilter) to context hddsDatanode
2022-08-09 13:47:01,860 [Listener at 127.0.0.1/44757] INFO  http.HttpServer2 (HttpServer2.java:addFilter(1013)) - Added filter static_user_filter (class=org.apache.hadoop.http.lib.StaticUserWebFilter$StaticUserFilter) to context logs
2022-08-09 13:47:01,861 [Listener at 127.0.0.1/44757] INFO  http.HttpServer2 (HttpServer2.java:addFilter(1013)) - Added filter static_user_filter (class=org.apache.hadoop.http.lib.StaticUserWebFilter$StaticUserFilter) to context static
2022-08-09 13:47:01,861 [Listener at 127.0.0.1/44757] INFO  http.HttpServer2 (HttpServer2.java:bindListener(1248)) - Jetty bound to port 39517
2022-08-09 13:47:01,861 [Listener at 127.0.0.1/44757] INFO  server.Server (Server.java:doStart(375)) - jetty-9.4.43.v20210629; built: 2021-06-30T11:07:22.254Z; git: 526006ecfa3af7f1a27ef3a288e2bef7ea9dd7e8; jvm 1.8.0_332-b09
2022-08-09 13:47:01,866 [Listener at 127.0.0.1/44757] INFO  server.session (DefaultSessionIdManager.java:doStart(334)) - DefaultSessionIdManager workerName=node0
2022-08-09 13:47:01,866 [Listener at 127.0.0.1/44757] INFO  server.session (DefaultSessionIdManager.java:doStart(339)) - No SessionScavenger set, using defaults
2022-08-09 13:47:01,866 [Listener at 127.0.0.1/44757] INFO  server.session (HouseKeeper.java:startScavenging(132)) - node0 Scavenging every 660000ms
2022-08-09 13:47:01,867 [Listener at 127.0.0.1/44757] INFO  handler.ContextHandler (ContextHandler.java:doStart(915)) - Started o.e.j.s.ServletContextHandler@72b475c7{logs,/logs,file:///home/runner/work/ozone/ozone/hadoop-ozone/integration-test/target/log,AVAILABLE}
2022-08-09 13:47:01,867 [Listener at 127.0.0.1/44757] INFO  handler.ContextHandler (ContextHandler.java:doStart(915)) - Started o.e.j.s.ServletContextHandler@70573f5f{static,/static,jar:file:/home/runner/.m2/repository/org/apache/ozone/hdds-container-service/1.3.0-SNAPSHOT/hdds-container-service-1.3.0-SNAPSHOT.jar!/webapps/static,AVAILABLE}
2022-08-09 13:47:02,038 [Finalizer] WARN  managed.ManagedRocksObjectUtils (ManagedRocksObjectUtils.java:assertClosed(39)) - ManagedColumnFamilyOptions is not closed properly
2022-08-09 13:47:02,039 [Finalizer] WARN  managed.ManagedRocksObjectUtils (ManagedRocksObjectUtils.java:assertClosed(39)) - ManagedColumnFamilyOptions is not closed properly
2022-08-09 13:47:02,040 [Finalizer] WARN  managed.ManagedRocksObjectUtils (ManagedRocksObjectUtils.java:assertClosed(39)) - ManagedColumnFamilyOptions is not closed properly
2022-08-09 13:47:02,040 [Finalizer] WARN  managed.ManagedRocksObjectUtils (ManagedRocksObjectUtils.java:assertClosed(39)) - ManagedColumnFamilyOptions is not closed properly
2022-08-09 13:47:02,040 [Finalizer] WARN  managed.ManagedRocksObjectUtils (ManagedRocksObjectUtils.java:assertClosed(39)) - ManagedColumnFamilyOptions is not closed properly
2022-08-09 13:47:02,046 [Finalizer] WARN  managed.ManagedRocksObjectUtils (ManagedRocksObjectUtils.java:assertClosed(39)) - ManagedColumnFamilyOptions is not closed properly
2022-08-09 13:47:02,046 [Finalizer] WARN  managed.ManagedRocksObjectUtils (ManagedRocksObjectUtils.java:assertClosed(39)) - ManagedColumnFamilyOptions is not closed properly
2022-08-09 13:47:02,046 [Finalizer] WARN  managed.ManagedRocksObjectUtils (ManagedRocksObjectUtils.java:assertClosed(39)) - ManagedColumnFamilyOptions is not closed properly
2022-08-09 13:47:02,047 [Finalizer] WARN  managed.ManagedRocksObjectUtils (ManagedRocksObjectUtils.java:assertClosed(39)) - ManagedColumnFamilyOptions is not closed properly
2022-08-09 13:47:02,047 [Finalizer] WARN  managed.ManagedRocksObjectUtils (ManagedRocksObjectUtils.java:assertClosed(39)) - ManagedColumnFamilyOptions is not closed properly
2022-08-09 13:47:02,047 [Finalizer] WARN  managed.ManagedRocksObjectUtils (ManagedRocksObjectUtils.java:assertClosed(39)) - ManagedColumnFamilyOptions is not closed properly
2022-08-09 13:47:02,047 [Finalizer] WARN  managed.ManagedRocksObjectUtils (ManagedRocksObjectUtils.java:assertClosed(39)) - ManagedColumnFamilyOptions is not closed properly
2022-08-09 13:47:02,053 [Listener at 127.0.0.1/44757] INFO  handler.ContextHandler (ContextHandler.java:doStart(915)) - Started o.e.j.w.WebAppContext@100dccd6{hddsDatanode,/,file:///tmp/jetty-0_0_0_0-39517-hdds-container-service-1_3_0-SNAPSHOT_jar-_-any-3243531988226001714/webapp/,AVAILABLE}{jar:file:/home/runner/.m2/repository/org/apache/ozone/hdds-container-service/1.3.0-SNAPSHOT/hdds-container-service-1.3.0-SNAPSHOT.jar!/webapps/hddsDatanode}
2022-08-09 13:47:02,057 [Listener at 127.0.0.1/44757] INFO  server.AbstractConnector (AbstractConnector.java:doStart(331)) - Started ServerConnector@2fdcba46{HTTP/1.1, (http/1.1)}{0.0.0.0:39517}
2022-08-09 13:47:02,057 [Listener at 127.0.0.1/44757] INFO  server.Server (Server.java:doStart(415)) - Started @8791ms
2022-08-09 13:47:02,057 [Listener at 127.0.0.1/44757] WARN  impl.MetricsSystemImpl (MetricsSystemImpl.java:register(279)) - Sink prometheus already exists!
2022-08-09 13:47:02,058 [Listener at 127.0.0.1/44757] INFO  http.BaseHttpServer (BaseHttpServer.java:updateConnectorAddress(329)) - HTTP server of hddsDatanode listening at http://0.0.0.0:39517
2022-08-09 13:47:02,061 [Listener at 127.0.0.1/44757] WARN  impl.MetricRegistriesImpl (MetricRegistriesImpl.java:addReporterRegistration(111)) - New reporters are added after registries were created. Some metrics will be missing from the reporter. Please add reporter before adding any new registry.
2022-08-09 13:47:02,061 [Listener at 127.0.0.1/44757] WARN  impl.MetricRegistriesImpl (MetricRegistriesImpl.java:addReporterRegistration(111)) - New reporters are added after registries were created. Some metrics will be missing from the reporter. Please add reporter before adding any new registry.
2022-08-09 13:47:02,061 [Listener at 127.0.0.1/44757] INFO  impl.MetricsSystemImpl (MetricsSystemImpl.java:init(158)) - HddsDatanode metrics system started (again)
2022-08-09 13:47:02,065 [Datanode State Machine Daemon Thread] INFO  statemachine.DatanodeStateMachine (DatanodeStateMachine.java:lambda$startDaemon$0(492)) - Ozone container server started.
2022-08-09 13:47:02,078 [Listener at 127.0.0.1/44757] INFO  ozone.HddsDatanodeService (HddsDatanodeService.java:start(236)) - HddsDatanodeService host:fv-az450-466.jnfmftgkylze5hd05chtbp1i0a.dx.internal.cloudapp.net ip:10.1.0.19
2022-08-09 13:47:02,079 [org.apache.hadoop.util.JvmPauseMonitor$Monitor@6f9d601f] INFO  util.JvmPauseMonitor (JvmPauseMonitor.java:run(188)) - Starting JVM pause monitor
2022-08-09 13:47:02,083 [Datanode State Machine Task Thread - 0] INFO  datanode.InitDatanodeState (InitDatanodeState.java:persistContainerDatanodeDetails(138)) - DatanodeDetails is persisted to /home/runner/work/ozone/ozone/hadoop-ozone/integration-test/target/test-dir/MiniOzoneClusterImpl-e9ece791-7ef2-4ada-98fe-daefa8f21954/datanode-3/meta/datanode.id
2022-08-09 13:47:02,097 [Listener at 127.0.0.1/44757] INFO  upgrade.AbstractLayoutVersionManager (AbstractLayoutVersionManager.java:init(83)) - Initializing Layout version manager with metadata layout = DATANODE_SCHEMA_V3 (version = 4), software layout = DATANODE_SCHEMA_V3 (version = 4)
2022-08-09 13:47:02,139 [Listener at 127.0.0.1/44757] INFO  reflections.Reflections (Reflections.java:scan(232)) - Reflections took 41 ms to scan 7 urls, producing 132 keys and 321 values 
2022-08-09 13:47:02,141 [Listener at 127.0.0.1/44757] INFO  statemachine.DatanodeStateMachine (DatanodeStateMachine.java:getEndPointTaskThreadPoolSize(237)) - Datanode State Machine Task Thread Pool size 2
2022-08-09 13:47:02,144 [Listener at 127.0.0.1/44757] INFO  volume.HddsVolume (HddsVolume.java:<init>(116)) - Creating HddsVolume: /home/runner/work/ozone/ozone/hadoop-ozone/integration-test/target/test-dir/MiniOzoneClusterImpl-e9ece791-7ef2-4ada-98fe-daefa8f21954/datanode-4/data-0/containers/hdds of storage type : DISK capacity : 9223372036854775807
2022-08-09 13:47:02,144 [Listener at 127.0.0.1/44757] INFO  volume.MutableVolumeSet (MutableVolumeSet.java:initializeVolumeSet(174)) - Added Volume : /home/runner/work/ozone/ozone/hadoop-ozone/integration-test/target/test-dir/MiniOzoneClusterImpl-e9ece791-7ef2-4ada-98fe-daefa8f21954/datanode-4/data-0/containers/hdds to VolumeSet
2022-08-09 13:47:02,144 [Listener at 127.0.0.1/44757] INFO  volume.ThrottledAsyncChecker (ThrottledAsyncChecker.java:schedule(141)) - Scheduling a check for /home/runner/work/ozone/ozone/hadoop-ozone/integration-test/target/test-dir/MiniOzoneClusterImpl-e9ece791-7ef2-4ada-98fe-daefa8f21954/datanode-4/data-0/containers/hdds
2022-08-09 13:47:02,145 [Listener at 127.0.0.1/44757] INFO  volume.StorageVolumeChecker (StorageVolumeChecker.java:checkAllVolumes(202)) - Scheduled health check for volume /home/runner/work/ozone/ozone/hadoop-ozone/integration-test/target/test-dir/MiniOzoneClusterImpl-e9ece791-7ef2-4ada-98fe-daefa8f21954/datanode-4/data-0/containers/hdds
2022-08-09 13:47:02,156 [Listener at 127.0.0.1/44757] INFO  volume.MutableVolumeSet (MutableVolumeSet.java:initializeVolumeSet(174)) - Added Volume : /home/runner/work/ozone/ozone/hadoop-ozone/integration-test/target/test-dir/MiniOzoneClusterImpl-e9ece791-7ef2-4ada-98fe-daefa8f21954/datanode-4/data/ratis to VolumeSet
2022-08-09 13:47:02,156 [Listener at 127.0.0.1/44757] INFO  volume.ThrottledAsyncChecker (ThrottledAsyncChecker.java:schedule(141)) - Scheduling a check for /home/runner/work/ozone/ozone/hadoop-ozone/integration-test/target/test-dir/MiniOzoneClusterImpl-e9ece791-7ef2-4ada-98fe-daefa8f21954/datanode-4/data/ratis
2022-08-09 13:47:02,156 [Listener at 127.0.0.1/44757] INFO  volume.StorageVolumeChecker (StorageVolumeChecker.java:checkAllVolumes(202)) - Scheduled health check for volume /home/runner/work/ozone/ozone/hadoop-ozone/integration-test/target/test-dir/MiniOzoneClusterImpl-e9ece791-7ef2-4ada-98fe-daefa8f21954/datanode-4/data/ratis
2022-08-09 13:47:02,167 [Thread-190] INFO  ozoneimpl.ContainerReader (ContainerReader.java:readVolume(175)) - Finish verifying containers on volume /home/runner/work/ozone/ozone/hadoop-ozone/integration-test/target/test-dir/MiniOzoneClusterImpl-e9ece791-7ef2-4ada-98fe-daefa8f21954/datanode-4/data-0/containers/hdds
2022-08-09 13:47:02,167 [Listener at 127.0.0.1/44757] INFO  ozoneimpl.OzoneContainer (OzoneContainer.java:buildContainerSet(299)) - Build ContainerSet costs 0s
2022-08-09 13:47:02,170 [Listener at 127.0.0.1/44757] INFO  server.RaftServer (ConfUtils.java:logGet(46)) - raft.rpc.type = GRPC (default)
2022-08-09 13:47:02,170 [Listener at 127.0.0.1/44757] INFO  grpc.GrpcFactory (GrpcFactory.java:checkPooledByteBufAllocatorUseCacheForAllThreads(48)) - PERFORMANCE WARNING: useCacheForAllThreads is true that may cause Netty to create a lot garbage objects and, as a result, trigger GC.
	It is recommended to disable useCacheForAllThreads by setting -Dorg.apache.ratis.thirdparty.io.netty.allocator.useCacheForAllThreads=false in command line.
2022-08-09 13:47:02,170 [Listener at 127.0.0.1/44757] INFO  grpc.GrpcConfigKeys (ConfUtils.java:logGet(46)) - raft.grpc.admin.port = 0 (custom)
2022-08-09 13:47:02,170 [Listener at 127.0.0.1/44757] INFO  grpc.GrpcConfigKeys (ConfUtils.java:logGet(46)) - raft.grpc.client.port = 0 (custom)
2022-08-09 13:47:02,170 [Listener at 127.0.0.1/44757] INFO  grpc.GrpcConfigKeys (ConfUtils.java:logGet(46)) - raft.grpc.server.port = 0 (default)
2022-08-09 13:47:02,170 [Listener at 127.0.0.1/44757] INFO  server.GrpcService (ConfUtils.java:logGet(46)) - raft.grpc.message.size.max = 32MB (=33554432) (custom)
2022-08-09 13:47:02,170 [Listener at 127.0.0.1/44757] INFO  server.RaftServerConfigKeys (ConfUtils.java:logGet(46)) - raft.server.log.appender.buffer.byte-limit = 33554432 (custom)
2022-08-09 13:47:02,170 [Listener at 127.0.0.1/44757] INFO  server.GrpcService (ConfUtils.java:logGet(46)) - raft.grpc.flow.control.window = 5MB (=5242880) (custom)
2022-08-09 13:47:02,171 [Listener at 127.0.0.1/44757] INFO  server.RaftServerConfigKeys (ConfUtils.java:logGet(46)) - raft.server.rpc.request.timeout = 60s (custom)
2022-08-09 13:47:02,171 [Listener at 127.0.0.1/44757] INFO  grpc.GrpcConfigKeys (ConfUtils.java:logGet(46)) - raft.grpc.server.async.request.thread.pool.cached = true (default)
2022-08-09 13:47:02,171 [Listener at 127.0.0.1/44757] INFO  grpc.GrpcConfigKeys (ConfUtils.java:logGet(46)) - raft.grpc.server.async.request.thread.pool.size = 32 (default)
2022-08-09 13:47:02,172 [Listener at 127.0.0.1/44757] INFO  impl.DataStreamServerImpl (ConfUtils.java:logGet(46)) - raft.datastream.type = DISABLED (default)
2022-08-09 13:47:02,172 [Listener at 127.0.0.1/44757] INFO  server.RaftServerConfigKeys (ConfUtils.java:logGet(46)) - raft.server.threadpool.proxy.cached = true (default)
2022-08-09 13:47:02,172 [Listener at 127.0.0.1/44757] INFO  server.RaftServerConfigKeys (ConfUtils.java:logGet(46)) - raft.server.threadpool.proxy.size = 0 (default)
2022-08-09 13:47:02,172 [Listener at 127.0.0.1/44757] INFO  server.RaftServerConfigKeys (ConfUtils.java:logGet(46)) - raft.server.rpc.slowness.timeout = 300s (custom)
2022-08-09 13:47:02,172 [Listener at 127.0.0.1/44757] INFO  server.RaftServerConfigKeys (ConfUtils.java:logGet(46)) - raft.server.leaderelection.leader.step-down.wait-time = 10s (default)
2022-08-09 13:47:02,173 [Listener at 127.0.0.1/44757] INFO  server.RaftServerConfigKeys (ConfUtils.java:logGet(46)) - raft.server.storage.dir = [/home/runner/work/ozone/ozone/hadoop-ozone/integration-test/target/test-dir/MiniOzoneClusterImpl-e9ece791-7ef2-4ada-98fe-daefa8f21954/datanode-4/data/ratis] (custom)
2022-08-09 13:47:02,174 [Listener at 127.0.0.1/44757] INFO  server.XceiverServerGrpc (XceiverServerGrpc.java:<init>(132)) - GrpcServer channel type EpollServerSocketChannel
2022-08-09 13:47:02,179 [Listener at 127.0.0.1/44757] INFO  http.BaseHttpServer (BaseHttpServer.java:newHttpServer2BuilderForOzone(209)) - Starting Web-server for hddsDatanode at: http://0.0.0.0:0
2022-08-09 13:47:02,179 [Listener at 127.0.0.1/44757] INFO  http.BaseHttpServer (BaseHttpServer.java:<init>(107)) - Hadoop Security Enabled: false Ozone Security Enabled: false Ozone HTTP Security Enabled: false 
2022-08-09 13:47:02,180 [Listener at 127.0.0.1/44757] INFO  server.AuthenticationFilter (AuthenticationFilter.java:constructSecretProvider(240)) - Unable to initialize FileSignerSecretProvider, falling back to use random secrets.
2022-08-09 13:47:02,185 [Listener at 127.0.0.1/44757] WARN  http.HttpRequestLog (HttpRequestLog.java:getRequestLog(103)) - Jetty request log can only be enabled using Log4j
2022-08-09 13:47:02,186 [Listener at 127.0.0.1/44757] INFO  http.HttpServer2 (HttpServer2.java:addGlobalFilter(1029)) - Added global filter 'safety' (class=org.apache.hadoop.hdds.server.http.HttpServer2$QuotingInputFilter)
2022-08-09 13:47:02,187 [Listener at 127.0.0.1/44757] INFO  http.HttpServer2 (HttpServer2.java:addFilter(1005)) - Added filter static_user_filter (class=org.apache.hadoop.http.lib.StaticUserWebFilter$StaticUserFilter) to context hddsDatanode
2022-08-09 13:47:02,187 [Listener at 127.0.0.1/44757] INFO  http.HttpServer2 (HttpServer2.java:addFilter(1013)) - Added filter static_user_filter (class=org.apache.hadoop.http.lib.StaticUserWebFilter$StaticUserFilter) to context static
2022-08-09 13:47:02,187 [Listener at 127.0.0.1/44757] INFO  http.HttpServer2 (HttpServer2.java:addFilter(1013)) - Added filter static_user_filter (class=org.apache.hadoop.http.lib.StaticUserWebFilter$StaticUserFilter) to context logs
2022-08-09 13:47:02,188 [Listener at 127.0.0.1/44757] INFO  http.HttpServer2 (HttpServer2.java:bindListener(1248)) - Jetty bound to port 42611
2022-08-09 13:47:02,188 [Listener at 127.0.0.1/44757] INFO  server.Server (Server.java:doStart(375)) - jetty-9.4.43.v20210629; built: 2021-06-30T11:07:22.254Z; git: 526006ecfa3af7f1a27ef3a288e2bef7ea9dd7e8; jvm 1.8.0_332-b09
2022-08-09 13:47:02,189 [Listener at 127.0.0.1/44757] INFO  server.session (DefaultSessionIdManager.java:doStart(334)) - DefaultSessionIdManager workerName=node0
2022-08-09 13:47:02,189 [Listener at 127.0.0.1/44757] INFO  server.session (DefaultSessionIdManager.java:doStart(339)) - No SessionScavenger set, using defaults
2022-08-09 13:47:02,189 [Listener at 127.0.0.1/44757] INFO  server.session (HouseKeeper.java:startScavenging(132)) - node0 Scavenging every 600000ms
2022-08-09 13:47:02,190 [Listener at 127.0.0.1/44757] INFO  handler.ContextHandler (ContextHandler.java:doStart(915)) - Started o.e.j.s.ServletContextHandler@28059ada{logs,/logs,file:///home/runner/work/ozone/ozone/hadoop-ozone/integration-test/target/log,AVAILABLE}
2022-08-09 13:47:02,191 [Listener at 127.0.0.1/44757] INFO  handler.ContextHandler (ContextHandler.java:doStart(915)) - Started o.e.j.s.ServletContextHandler@4066ac40{static,/static,jar:file:/home/runner/.m2/repository/org/apache/ozone/hdds-container-service/1.3.0-SNAPSHOT/hdds-container-service-1.3.0-SNAPSHOT.jar!/webapps/static,AVAILABLE}
2022-08-09 13:47:02,355 [Listener at 127.0.0.1/44757] INFO  handler.ContextHandler (ContextHandler.java:doStart(915)) - Started o.e.j.w.WebAppContext@23bb2879{hddsDatanode,/,file:///tmp/jetty-0_0_0_0-42611-hdds-container-service-1_3_0-SNAPSHOT_jar-_-any-7614207730730862355/webapp/,AVAILABLE}{jar:file:/home/runner/.m2/repository/org/apache/ozone/hdds-container-service/1.3.0-SNAPSHOT/hdds-container-service-1.3.0-SNAPSHOT.jar!/webapps/hddsDatanode}
2022-08-09 13:47:02,356 [Listener at 127.0.0.1/44757] INFO  server.AbstractConnector (AbstractConnector.java:doStart(331)) - Started ServerConnector@3360b45f{HTTP/1.1, (http/1.1)}{0.0.0.0:42611}
2022-08-09 13:47:02,357 [Listener at 127.0.0.1/44757] INFO  server.Server (Server.java:doStart(415)) - Started @9091ms
2022-08-09 13:47:02,357 [Listener at 127.0.0.1/44757] WARN  impl.MetricsSystemImpl (MetricsSystemImpl.java:register(279)) - Sink prometheus already exists!
2022-08-09 13:47:02,357 [Listener at 127.0.0.1/44757] INFO  http.BaseHttpServer (BaseHttpServer.java:updateConnectorAddress(329)) - HTTP server of hddsDatanode listening at http://0.0.0.0:42611
2022-08-09 13:47:02,358 [Datanode State Machine Daemon Thread] INFO  statemachine.DatanodeStateMachine (DatanodeStateMachine.java:lambda$startDaemon$0(492)) - Ozone container server started.
2022-08-09 13:47:02,360 [Listener at 127.0.0.1/44757] INFO  ozone.MiniOzoneClusterImpl (MiniOzoneClusterImpl.java:lambda$waitForClusterToBeReady$0(216)) - Waiting for nodes to be ready. Got 0 of 5 DN Heartbeats.
2022-08-09 13:47:02,360 [Listener at 127.0.0.1/44757] INFO  ozone.MiniOzoneClusterImpl (MiniOzoneClusterImpl.java:lambda$waitForClusterToBeReady$0(219)) - Waiting for cluster to exit safe mode
2022-08-09 13:47:02,360 [Listener at 127.0.0.1/44757] INFO  ozone.MiniOzoneClusterImpl (MiniOzoneClusterImpl.java:lambda$waitForClusterToBeReady$0(221)) - SCM became leader
2022-08-09 13:47:02,372 [org.apache.hadoop.util.JvmPauseMonitor$Monitor@2d4861ba] INFO  util.JvmPauseMonitor (JvmPauseMonitor.java:run(188)) - Starting JVM pause monitor
2022-08-09 13:47:02,373 [Datanode State Machine Task Thread - 0] INFO  datanode.InitDatanodeState (InitDatanodeState.java:persistContainerDatanodeDetails(138)) - DatanodeDetails is persisted to /home/runner/work/ozone/ozone/hadoop-ozone/integration-test/target/test-dir/MiniOzoneClusterImpl-e9ece791-7ef2-4ada-98fe-daefa8f21954/datanode-4/meta/datanode.id
2022-08-09 13:47:03,129 [EndpointStateMachine task thread for /0.0.0.0:43751 - 0 ] INFO  volume.HddsVolume (HddsVolume.java:createDbStore(309)) - SchemaV3 db is created and loaded at /home/runner/work/ozone/ozone/hadoop-ozone/integration-test/target/test-dir/MiniOzoneClusterImpl-e9ece791-7ef2-4ada-98fe-daefa8f21954/datanode-0/data-0/containers/hdds/e9ece791-7ef2-4ada-98fe-daefa8f21954/DS-4943071e-3685-4803-820d-14784572c36d/container.db for volume DS-4943071e-3685-4803-820d-14784572c36d
2022-08-09 13:47:03,132 [EndpointStateMachine task thread for /0.0.0.0:43751 - 0 ] INFO  volume.HddsVolume (HddsVolume.java:closeDbStore(340)) - SchemaV3 db is stopped at /home/runner/work/ozone/ozone/hadoop-ozone/integration-test/target/test-dir/MiniOzoneClusterImpl-e9ece791-7ef2-4ada-98fe-daefa8f21954/datanode-0/data-0/containers/hdds/e9ece791-7ef2-4ada-98fe-daefa8f21954/DS-4943071e-3685-4803-820d-14784572c36d/container.db for volume DS-4943071e-3685-4803-820d-14784572c36d
2022-08-09 13:47:03,132 [EndpointStateMachine task thread for /0.0.0.0:43751 - 0 ] INFO  ozoneimpl.OzoneContainer (OzoneContainer.java:start(377)) - Attempting to start container services.
2022-08-09 13:47:03,134 [EndpointStateMachine task thread for /0.0.0.0:43751 - 0 ] INFO  ozoneimpl.OzoneContainer (OzoneContainer.java:startContainerScrub(312)) - Background container scanner has been disabled.
2022-08-09 13:47:03,138 [EndpointStateMachine task thread for /0.0.0.0:43751 - 0 ] INFO  replication.ReplicationServer (ReplicationServer.java:start(111)) - ReplicationServer is started using port 39683
2022-08-09 13:47:03,140 [EndpointStateMachine task thread for /0.0.0.0:43751 - 0 ] INFO  ratis.XceiverServerRatis (XceiverServerRatis.java:start(481)) - Starting XceiverServerRatis 1fcb99f6-8828-4195-ae29-7192ffc3f248
2022-08-09 13:47:03,153 [EndpointStateMachine task thread for /0.0.0.0:43751 - 0 ] INFO  server.RaftServer (RaftServerProxy.java:lambda$start$6(382)) - 1fcb99f6-8828-4195-ae29-7192ffc3f248: start RPC server
2022-08-09 13:47:03,155 [EndpointStateMachine task thread for /0.0.0.0:43751 - 0 ] INFO  server.GrpcService (GrpcService.java:startImpl(260)) - 1fcb99f6-8828-4195-ae29-7192ffc3f248: GrpcService started, listening on 42165
2022-08-09 13:47:03,155 [EndpointStateMachine task thread for /0.0.0.0:43751 - 0 ] INFO  ratis.XceiverServerRatis (XceiverServerRatis.java:getRealPort(502)) - XceiverServerRatis 1fcb99f6-8828-4195-ae29-7192ffc3f248 is started using port 42165 for RATIS
2022-08-09 13:47:03,155 [EndpointStateMachine task thread for /0.0.0.0:43751 - 0 ] INFO  ratis.XceiverServerRatis (XceiverServerRatis.java:getRealPort(502)) - XceiverServerRatis 1fcb99f6-8828-4195-ae29-7192ffc3f248 is started using port 42165 for RATIS_ADMIN
2022-08-09 13:47:03,155 [EndpointStateMachine task thread for /0.0.0.0:43751 - 0 ] INFO  ratis.XceiverServerRatis (XceiverServerRatis.java:getRealPort(502)) - XceiverServerRatis 1fcb99f6-8828-4195-ae29-7192ffc3f248 is started using port 42165 for RATIS_SERVER
2022-08-09 13:47:03,155 [org.apache.ratis.util.JvmPauseMonitor$$Lambda$615/629946574@40094e37] INFO  util.JvmPauseMonitor (JvmPauseMonitor.java:run(103)) - JvmPauseMonitor-1fcb99f6-8828-4195-ae29-7192ffc3f248: Started
2022-08-09 13:47:03,158 [EndpointStateMachine task thread for /0.0.0.0:43751 - 0 ] INFO  server.XceiverServerGrpc (XceiverServerGrpc.java:start(180)) - XceiverServerGrpc 1fcb99f6-8828-4195-ae29-7192ffc3f248 is started using port 46129
2022-08-09 13:47:03,362 [Listener at 127.0.0.1/44757] INFO  ozone.MiniOzoneClusterImpl (MiniOzoneClusterImpl.java:lambda$waitForClusterToBeReady$0(216)) - Waiting for nodes to be ready. Got 0 of 5 DN Heartbeats.
2022-08-09 13:47:03,362 [Listener at 127.0.0.1/44757] INFO  ozone.MiniOzoneClusterImpl (MiniOzoneClusterImpl.java:lambda$waitForClusterToBeReady$0(219)) - Waiting for cluster to exit safe mode
2022-08-09 13:47:03,362 [Listener at 127.0.0.1/44757] INFO  ozone.MiniOzoneClusterImpl (MiniOzoneClusterImpl.java:lambda$waitForClusterToBeReady$0(221)) - SCM became leader
2022-08-09 13:47:03,484 [EndpointStateMachine task thread for /0.0.0.0:43751 - 0 ] INFO  volume.HddsVolume (HddsVolume.java:createDbStore(309)) - SchemaV3 db is created and loaded at /home/runner/work/ozone/ozone/hadoop-ozone/integration-test/target/test-dir/MiniOzoneClusterImpl-e9ece791-7ef2-4ada-98fe-daefa8f21954/datanode-1/data-0/containers/hdds/e9ece791-7ef2-4ada-98fe-daefa8f21954/DS-e2fca32a-3b8b-4f55-8670-85ef07d7d360/container.db for volume DS-e2fca32a-3b8b-4f55-8670-85ef07d7d360
2022-08-09 13:47:03,484 [EndpointStateMachine task thread for /0.0.0.0:43751 - 0 ] INFO  volume.HddsVolume (HddsVolume.java:closeDbStore(340)) - SchemaV3 db is stopped at /home/runner/work/ozone/ozone/hadoop-ozone/integration-test/target/test-dir/MiniOzoneClusterImpl-e9ece791-7ef2-4ada-98fe-daefa8f21954/datanode-1/data-0/containers/hdds/e9ece791-7ef2-4ada-98fe-daefa8f21954/DS-e2fca32a-3b8b-4f55-8670-85ef07d7d360/container.db for volume DS-e2fca32a-3b8b-4f55-8670-85ef07d7d360
2022-08-09 13:47:03,484 [EndpointStateMachine task thread for /0.0.0.0:43751 - 0 ] INFO  ozoneimpl.OzoneContainer (OzoneContainer.java:start(377)) - Attempting to start container services.
2022-08-09 13:47:03,484 [EndpointStateMachine task thread for /0.0.0.0:43751 - 0 ] INFO  ozoneimpl.OzoneContainer (OzoneContainer.java:startContainerScrub(312)) - Background container scanner has been disabled.
2022-08-09 13:47:03,486 [EndpointStateMachine task thread for /0.0.0.0:43751 - 0 ] INFO  replication.ReplicationServer (ReplicationServer.java:start(111)) - ReplicationServer is started using port 45611
2022-08-09 13:47:03,486 [EndpointStateMachine task thread for /0.0.0.0:43751 - 0 ] INFO  ratis.XceiverServerRatis (XceiverServerRatis.java:start(481)) - Starting XceiverServerRatis 51becc16-89cb-4fad-bf94-a36b935bb005
2022-08-09 13:47:03,487 [EndpointStateMachine task thread for /0.0.0.0:43751 - 0 ] INFO  server.RaftServer (RaftServerProxy.java:lambda$start$6(382)) - 51becc16-89cb-4fad-bf94-a36b935bb005: start RPC server
2022-08-09 13:47:03,488 [EndpointStateMachine task thread for /0.0.0.0:43751 - 0 ] INFO  server.GrpcService (GrpcService.java:startImpl(260)) - 51becc16-89cb-4fad-bf94-a36b935bb005: GrpcService started, listening on 38313
2022-08-09 13:47:03,489 [EndpointStateMachine task thread for /0.0.0.0:43751 - 0 ] INFO  ratis.XceiverServerRatis (XceiverServerRatis.java:getRealPort(502)) - XceiverServerRatis 51becc16-89cb-4fad-bf94-a36b935bb005 is started using port 38313 for RATIS
2022-08-09 13:47:03,489 [org.apache.ratis.util.JvmPauseMonitor$$Lambda$615/629946574@2e3604b4] INFO  util.JvmPauseMonitor (JvmPauseMonitor.java:run(103)) - JvmPauseMonitor-51becc16-89cb-4fad-bf94-a36b935bb005: Started
2022-08-09 13:47:03,489 [EndpointStateMachine task thread for /0.0.0.0:43751 - 0 ] INFO  ratis.XceiverServerRatis (XceiverServerRatis.java:getRealPort(502)) - XceiverServerRatis 51becc16-89cb-4fad-bf94-a36b935bb005 is started using port 38313 for RATIS_ADMIN
2022-08-09 13:47:03,489 [EndpointStateMachine task thread for /0.0.0.0:43751 - 0 ] INFO  ratis.XceiverServerRatis (XceiverServerRatis.java:getRealPort(502)) - XceiverServerRatis 51becc16-89cb-4fad-bf94-a36b935bb005 is started using port 38313 for RATIS_SERVER
2022-08-09 13:47:03,490 [EndpointStateMachine task thread for /0.0.0.0:43751 - 0 ] INFO  server.XceiverServerGrpc (XceiverServerGrpc.java:start(180)) - XceiverServerGrpc 51becc16-89cb-4fad-bf94-a36b935bb005 is started using port 40157
2022-08-09 13:47:03,784 [EndpointStateMachine task thread for /0.0.0.0:43751 - 0 ] INFO  volume.HddsVolume (HddsVolume.java:createDbStore(309)) - SchemaV3 db is created and loaded at /home/runner/work/ozone/ozone/hadoop-ozone/integration-test/target/test-dir/MiniOzoneClusterImpl-e9ece791-7ef2-4ada-98fe-daefa8f21954/datanode-2/data-0/containers/hdds/e9ece791-7ef2-4ada-98fe-daefa8f21954/DS-197ed9f4-e9cc-4cf6-bb3a-97778207be87/container.db for volume DS-197ed9f4-e9cc-4cf6-bb3a-97778207be87
2022-08-09 13:47:03,785 [EndpointStateMachine task thread for /0.0.0.0:43751 - 0 ] INFO  volume.HddsVolume (HddsVolume.java:closeDbStore(340)) - SchemaV3 db is stopped at /home/runner/work/ozone/ozone/hadoop-ozone/integration-test/target/test-dir/MiniOzoneClusterImpl-e9ece791-7ef2-4ada-98fe-daefa8f21954/datanode-2/data-0/containers/hdds/e9ece791-7ef2-4ada-98fe-daefa8f21954/DS-197ed9f4-e9cc-4cf6-bb3a-97778207be87/container.db for volume DS-197ed9f4-e9cc-4cf6-bb3a-97778207be87
2022-08-09 13:47:03,785 [EndpointStateMachine task thread for /0.0.0.0:43751 - 0 ] INFO  ozoneimpl.OzoneContainer (OzoneContainer.java:start(377)) - Attempting to start container services.
2022-08-09 13:47:03,785 [EndpointStateMachine task thread for /0.0.0.0:43751 - 0 ] INFO  ozoneimpl.OzoneContainer (OzoneContainer.java:startContainerScrub(312)) - Background container scanner has been disabled.
2022-08-09 13:47:03,786 [EndpointStateMachine task thread for /0.0.0.0:43751 - 0 ] INFO  replication.ReplicationServer (ReplicationServer.java:start(111)) - ReplicationServer is started using port 34663
2022-08-09 13:47:03,787 [EndpointStateMachine task thread for /0.0.0.0:43751 - 0 ] INFO  ratis.XceiverServerRatis (XceiverServerRatis.java:start(481)) - Starting XceiverServerRatis 364e6842-d032-4d6d-bdb1-058b551233a8
2022-08-09 13:47:03,787 [EndpointStateMachine task thread for /0.0.0.0:43751 - 0 ] INFO  server.RaftServer (RaftServerProxy.java:lambda$start$6(382)) - 364e6842-d032-4d6d-bdb1-058b551233a8: start RPC server
2022-08-09 13:47:03,789 [EndpointStateMachine task thread for /0.0.0.0:43751 - 0 ] INFO  server.GrpcService (GrpcService.java:startImpl(260)) - 364e6842-d032-4d6d-bdb1-058b551233a8: GrpcService started, listening on 35261
2022-08-09 13:47:03,789 [EndpointStateMachine task thread for /0.0.0.0:43751 - 0 ] INFO  ratis.XceiverServerRatis (XceiverServerRatis.java:getRealPort(502)) - XceiverServerRatis 364e6842-d032-4d6d-bdb1-058b551233a8 is started using port 35261 for RATIS
2022-08-09 13:47:03,789 [EndpointStateMachine task thread for /0.0.0.0:43751 - 0 ] INFO  ratis.XceiverServerRatis (XceiverServerRatis.java:getRealPort(502)) - XceiverServerRatis 364e6842-d032-4d6d-bdb1-058b551233a8 is started using port 35261 for RATIS_ADMIN
2022-08-09 13:47:03,789 [EndpointStateMachine task thread for /0.0.0.0:43751 - 0 ] INFO  ratis.XceiverServerRatis (XceiverServerRatis.java:getRealPort(502)) - XceiverServerRatis 364e6842-d032-4d6d-bdb1-058b551233a8 is started using port 35261 for RATIS_SERVER
2022-08-09 13:47:03,789 [org.apache.ratis.util.JvmPauseMonitor$$Lambda$615/629946574@49c44b89] INFO  util.JvmPauseMonitor (JvmPauseMonitor.java:run(103)) - JvmPauseMonitor-364e6842-d032-4d6d-bdb1-058b551233a8: Started
2022-08-09 13:47:03,792 [EndpointStateMachine task thread for /0.0.0.0:43751 - 0 ] INFO  server.XceiverServerGrpc (XceiverServerGrpc.java:start(180)) - XceiverServerGrpc 364e6842-d032-4d6d-bdb1-058b551233a8 is started using port 35335
2022-08-09 13:47:04,114 [EndpointStateMachine task thread for /0.0.0.0:43751 - 0 ] INFO  volume.HddsVolume (HddsVolume.java:createDbStore(309)) - SchemaV3 db is created and loaded at /home/runner/work/ozone/ozone/hadoop-ozone/integration-test/target/test-dir/MiniOzoneClusterImpl-e9ece791-7ef2-4ada-98fe-daefa8f21954/datanode-3/data-0/containers/hdds/e9ece791-7ef2-4ada-98fe-daefa8f21954/DS-1875fd5c-c0d0-4ea8-9320-60ee208a8235/container.db for volume DS-1875fd5c-c0d0-4ea8-9320-60ee208a8235
2022-08-09 13:47:04,115 [EndpointStateMachine task thread for /0.0.0.0:43751 - 0 ] INFO  volume.HddsVolume (HddsVolume.java:closeDbStore(340)) - SchemaV3 db is stopped at /home/runner/work/ozone/ozone/hadoop-ozone/integration-test/target/test-dir/MiniOzoneClusterImpl-e9ece791-7ef2-4ada-98fe-daefa8f21954/datanode-3/data-0/containers/hdds/e9ece791-7ef2-4ada-98fe-daefa8f21954/DS-1875fd5c-c0d0-4ea8-9320-60ee208a8235/container.db for volume DS-1875fd5c-c0d0-4ea8-9320-60ee208a8235
2022-08-09 13:47:04,115 [EndpointStateMachine task thread for /0.0.0.0:43751 - 0 ] INFO  ozoneimpl.OzoneContainer (OzoneContainer.java:start(377)) - Attempting to start container services.
2022-08-09 13:47:04,115 [EndpointStateMachine task thread for /0.0.0.0:43751 - 0 ] INFO  ozoneimpl.OzoneContainer (OzoneContainer.java:startContainerScrub(312)) - Background container scanner has been disabled.
2022-08-09 13:47:04,117 [EndpointStateMachine task thread for /0.0.0.0:43751 - 0 ] INFO  replication.ReplicationServer (ReplicationServer.java:start(111)) - ReplicationServer is started using port 40131
2022-08-09 13:47:04,118 [EndpointStateMachine task thread for /0.0.0.0:43751 - 0 ] INFO  ratis.XceiverServerRatis (XceiverServerRatis.java:start(481)) - Starting XceiverServerRatis 3ead37bf-6f08-4c7f-839f-0a9366388f78
2022-08-09 13:47:04,118 [EndpointStateMachine task thread for /0.0.0.0:43751 - 0 ] INFO  server.RaftServer (RaftServerProxy.java:lambda$start$6(382)) - 3ead37bf-6f08-4c7f-839f-0a9366388f78: start RPC server
2022-08-09 13:47:04,120 [EndpointStateMachine task thread for /0.0.0.0:43751 - 0 ] INFO  server.GrpcService (GrpcService.java:startImpl(260)) - 3ead37bf-6f08-4c7f-839f-0a9366388f78: GrpcService started, listening on 46861
2022-08-09 13:47:04,120 [EndpointStateMachine task thread for /0.0.0.0:43751 - 0 ] INFO  ratis.XceiverServerRatis (XceiverServerRatis.java:getRealPort(502)) - XceiverServerRatis 3ead37bf-6f08-4c7f-839f-0a9366388f78 is started using port 46861 for RATIS
2022-08-09 13:47:04,120 [org.apache.ratis.util.JvmPauseMonitor$$Lambda$615/629946574@471f7eeb] INFO  util.JvmPauseMonitor (JvmPauseMonitor.java:run(103)) - JvmPauseMonitor-3ead37bf-6f08-4c7f-839f-0a9366388f78: Started
2022-08-09 13:47:04,120 [EndpointStateMachine task thread for /0.0.0.0:43751 - 0 ] INFO  ratis.XceiverServerRatis (XceiverServerRatis.java:getRealPort(502)) - XceiverServerRatis 3ead37bf-6f08-4c7f-839f-0a9366388f78 is started using port 46861 for RATIS_ADMIN
2022-08-09 13:47:04,120 [EndpointStateMachine task thread for /0.0.0.0:43751 - 0 ] INFO  ratis.XceiverServerRatis (XceiverServerRatis.java:getRealPort(502)) - XceiverServerRatis 3ead37bf-6f08-4c7f-839f-0a9366388f78 is started using port 46861 for RATIS_SERVER
2022-08-09 13:47:04,123 [EndpointStateMachine task thread for /0.0.0.0:43751 - 0 ] INFO  server.XceiverServerGrpc (XceiverServerGrpc.java:start(180)) - XceiverServerGrpc 3ead37bf-6f08-4c7f-839f-0a9366388f78 is started using port 38355
2022-08-09 13:47:04,363 [Listener at 127.0.0.1/44757] INFO  ozone.MiniOzoneClusterImpl (MiniOzoneClusterImpl.java:lambda$waitForClusterToBeReady$0(216)) - Waiting for nodes to be ready. Got 0 of 5 DN Heartbeats.
2022-08-09 13:47:04,363 [Listener at 127.0.0.1/44757] INFO  ozone.MiniOzoneClusterImpl (MiniOzoneClusterImpl.java:lambda$waitForClusterToBeReady$0(219)) - Waiting for cluster to exit safe mode
2022-08-09 13:47:04,363 [Listener at 127.0.0.1/44757] INFO  ozone.MiniOzoneClusterImpl (MiniOzoneClusterImpl.java:lambda$waitForClusterToBeReady$0(221)) - SCM became leader
2022-08-09 13:47:04,415 [EndpointStateMachine task thread for /0.0.0.0:43751 - 0 ] INFO  volume.HddsVolume (HddsVolume.java:createDbStore(309)) - SchemaV3 db is created and loaded at /home/runner/work/ozone/ozone/hadoop-ozone/integration-test/target/test-dir/MiniOzoneClusterImpl-e9ece791-7ef2-4ada-98fe-daefa8f21954/datanode-4/data-0/containers/hdds/e9ece791-7ef2-4ada-98fe-daefa8f21954/DS-26a58642-e9b1-40b9-b7f7-a0e9c450a99b/container.db for volume DS-26a58642-e9b1-40b9-b7f7-a0e9c450a99b
2022-08-09 13:47:04,415 [EndpointStateMachine task thread for /0.0.0.0:43751 - 0 ] INFO  volume.HddsVolume (HddsVolume.java:closeDbStore(340)) - SchemaV3 db is stopped at /home/runner/work/ozone/ozone/hadoop-ozone/integration-test/target/test-dir/MiniOzoneClusterImpl-e9ece791-7ef2-4ada-98fe-daefa8f21954/datanode-4/data-0/containers/hdds/e9ece791-7ef2-4ada-98fe-daefa8f21954/DS-26a58642-e9b1-40b9-b7f7-a0e9c450a99b/container.db for volume DS-26a58642-e9b1-40b9-b7f7-a0e9c450a99b
2022-08-09 13:47:04,415 [EndpointStateMachine task thread for /0.0.0.0:43751 - 0 ] INFO  ozoneimpl.OzoneContainer (OzoneContainer.java:start(377)) - Attempting to start container services.
2022-08-09 13:47:04,415 [EndpointStateMachine task thread for /0.0.0.0:43751 - 0 ] INFO  ozoneimpl.OzoneContainer (OzoneContainer.java:startContainerScrub(312)) - Background container scanner has been disabled.
2022-08-09 13:47:04,418 [EndpointStateMachine task thread for /0.0.0.0:43751 - 0 ] INFO  replication.ReplicationServer (ReplicationServer.java:start(111)) - ReplicationServer is started using port 35419
2022-08-09 13:47:04,418 [EndpointStateMachine task thread for /0.0.0.0:43751 - 0 ] INFO  ratis.XceiverServerRatis (XceiverServerRatis.java:start(481)) - Starting XceiverServerRatis 727e95bd-5db3-41ce-a16b-fd1add2220b0
2022-08-09 13:47:04,419 [EndpointStateMachine task thread for /0.0.0.0:43751 - 0 ] INFO  server.RaftServer (RaftServerProxy.java:lambda$start$6(382)) - 727e95bd-5db3-41ce-a16b-fd1add2220b0: start RPC server
2022-08-09 13:47:04,420 [EndpointStateMachine task thread for /0.0.0.0:43751 - 0 ] INFO  server.GrpcService (GrpcService.java:startImpl(260)) - 727e95bd-5db3-41ce-a16b-fd1add2220b0: GrpcService started, listening on 40819
2022-08-09 13:47:04,421 [EndpointStateMachine task thread for /0.0.0.0:43751 - 0 ] INFO  ratis.XceiverServerRatis (XceiverServerRatis.java:getRealPort(502)) - XceiverServerRatis 727e95bd-5db3-41ce-a16b-fd1add2220b0 is started using port 40819 for RATIS
2022-08-09 13:47:04,421 [org.apache.ratis.util.JvmPauseMonitor$$Lambda$615/629946574@7a4ca825] INFO  util.JvmPauseMonitor (JvmPauseMonitor.java:run(103)) - JvmPauseMonitor-727e95bd-5db3-41ce-a16b-fd1add2220b0: Started
2022-08-09 13:47:04,421 [EndpointStateMachine task thread for /0.0.0.0:43751 - 0 ] INFO  ratis.XceiverServerRatis (XceiverServerRatis.java:getRealPort(502)) - XceiverServerRatis 727e95bd-5db3-41ce-a16b-fd1add2220b0 is started using port 40819 for RATIS_ADMIN
2022-08-09 13:47:04,421 [EndpointStateMachine task thread for /0.0.0.0:43751 - 0 ] INFO  ratis.XceiverServerRatis (XceiverServerRatis.java:getRealPort(502)) - XceiverServerRatis 727e95bd-5db3-41ce-a16b-fd1add2220b0 is started using port 40819 for RATIS_SERVER
2022-08-09 13:47:04,423 [EndpointStateMachine task thread for /0.0.0.0:43751 - 0 ] INFO  server.XceiverServerGrpc (XceiverServerGrpc.java:start(180)) - XceiverServerGrpc 727e95bd-5db3-41ce-a16b-fd1add2220b0 is started using port 34287
2022-08-09 13:47:05,046 [IPC Server handler 2 on default port 43751] INFO  net.NetworkTopologyImpl (NetworkTopologyImpl.java:add(112)) - Added a new node: /default-rack/1fcb99f6-8828-4195-ae29-7192ffc3f248
2022-08-09 13:47:05,048 [IPC Server handler 2 on default port 43751] INFO  node.SCMNodeManager (SCMNodeManager.java:register(397)) - Registered Data node : 1fcb99f6-8828-4195-ae29-7192ffc3f248{ip: 10.1.0.19, host: fv-az450-466.jnfmftgkylze5hd05chtbp1i0a.dx.internal.cloudapp.net, ports: [REPLICATION=39683, RATIS=42165, RATIS_ADMIN=42165, RATIS_SERVER=42165, STANDALONE=46129], networkLocation: /default-rack, certSerialId: null, persistedOpState: null, persistedOpStateExpiryEpochSec: 0}
2022-08-09 13:47:05,059 [EventQueue-NewNodeForNewNodeHandler] INFO  pipeline.BackgroundPipelineCreator (BackgroundPipelineCreator.java:notifyEventTriggered(276)) - trigger a one-shot run on RatisPipelineUtilsThread.
2022-08-09 13:47:05,068 [RatisPipelineUtilsThread - 0] INFO  pipeline.RatisPipelineProvider (RatisPipelineProvider.java:lambda$create$0(195)) - Sending CreatePipelineCommand for pipeline:PipelineID=30b0a17c-875b-4729-85a9-15e9bbc71d45 to datanode:1fcb99f6-8828-4195-ae29-7192ffc3f248
2022-08-09 13:47:05,069 [EventQueue-NodeRegistrationContainerReportForDataNodeSafeModeRule] INFO  safemode.SCMSafeModeManager (DataNodeSafeModeRule.java:process(71)) - SCM in safe mode. 1 DataNodes registered, 3 required.
2022-08-09 13:47:05,070 [EventQueue-NodeRegistrationContainerReportForContainerSafeModeRule] INFO  safemode.SCMSafeModeManager (SCMSafeModeManager.java:validateSafeModeExitRules(204)) - ContainerSafeModeRule rule is successfully validated
2022-08-09 13:47:05,074 [EventQueue-PipelineReportForOneReplicaPipelineSafeModeRule] INFO  safemode.SCMSafeModeManager (SCMSafeModeManager.java:validateSafeModeExitRules(204)) - AtleastOneDatanodeReportedRule rule is successfully validated
2022-08-09 13:47:05,077 [RatisPipelineUtilsThread - 0] INFO  pipeline.PipelineStateManagerImpl (PipelineStateManagerImpl.java:addPipeline(103)) - Created pipeline Pipeline[ Id: 30b0a17c-875b-4729-85a9-15e9bbc71d45, Nodes: 1fcb99f6-8828-4195-ae29-7192ffc3f248{ip: 10.1.0.19, host: fv-az450-466.jnfmftgkylze5hd05chtbp1i0a.dx.internal.cloudapp.net, ports: [REPLICATION=39683, RATIS=42165, RATIS_ADMIN=42165, RATIS_SERVER=42165, STANDALONE=46129], networkLocation: /default-rack, certSerialId: null, persistedOpState: IN_SERVICE, persistedOpStateExpiryEpochSec: 0}, ReplicationConfig: RATIS/ONE, State:ALLOCATED, leaderId:, CreationTimestamp2022-08-09T13:47:05.065Z[Etc/UTC]].
2022-08-09 13:47:05,364 [Listener at 127.0.0.1/44757] INFO  ozone.MiniOzoneClusterImpl (MiniOzoneClusterImpl.java:lambda$waitForClusterToBeReady$0(216)) - Waiting for nodes to be ready. Got 1 of 5 DN Heartbeats.
2022-08-09 13:47:05,364 [Listener at 127.0.0.1/44757] INFO  ozone.MiniOzoneClusterImpl (MiniOzoneClusterImpl.java:lambda$waitForClusterToBeReady$0(219)) - Waiting for cluster to exit safe mode
2022-08-09 13:47:05,364 [Listener at 127.0.0.1/44757] INFO  ozone.MiniOzoneClusterImpl (MiniOzoneClusterImpl.java:lambda$waitForClusterToBeReady$0(221)) - SCM became leader
2022-08-09 13:47:05,452 [IPC Server handler 1 on default port 43751] INFO  net.NetworkTopologyImpl (NetworkTopologyImpl.java:add(112)) - Added a new node: /default-rack/51becc16-89cb-4fad-bf94-a36b935bb005
2022-08-09 13:47:05,452 [IPC Server handler 1 on default port 43751] INFO  node.SCMNodeManager (SCMNodeManager.java:register(397)) - Registered Data node : 51becc16-89cb-4fad-bf94-a36b935bb005{ip: 10.1.0.19, host: fv-az450-466.jnfmftgkylze5hd05chtbp1i0a.dx.internal.cloudapp.net, ports: [REPLICATION=45611, RATIS=38313, RATIS_ADMIN=38313, RATIS_SERVER=38313, STANDALONE=40157], networkLocation: /default-rack, certSerialId: null, persistedOpState: null, persistedOpStateExpiryEpochSec: 0}
2022-08-09 13:47:05,453 [EventQueue-NewNodeForNewNodeHandler] INFO  pipeline.BackgroundPipelineCreator (BackgroundPipelineCreator.java:notifyEventTriggered(276)) - trigger a one-shot run on RatisPipelineUtilsThread.
2022-08-09 13:47:05,453 [EventQueue-NodeRegistrationContainerReportForDataNodeSafeModeRule] INFO  safemode.SCMSafeModeManager (DataNodeSafeModeRule.java:process(71)) - SCM in safe mode. 2 DataNodes registered, 3 required.
2022-08-09 13:47:05,455 [RatisPipelineUtilsThread - 0] INFO  pipeline.RatisPipelineProvider (RatisPipelineProvider.java:lambda$create$0(195)) - Sending CreatePipelineCommand for pipeline:PipelineID=538793ac-b0be-448f-ac82-f2eaec1cddf7 to datanode:51becc16-89cb-4fad-bf94-a36b935bb005
2022-08-09 13:47:05,456 [RatisPipelineUtilsThread - 0] INFO  pipeline.PipelineStateManagerImpl (PipelineStateManagerImpl.java:addPipeline(103)) - Created pipeline Pipeline[ Id: 538793ac-b0be-448f-ac82-f2eaec1cddf7, Nodes: 51becc16-89cb-4fad-bf94-a36b935bb005{ip: 10.1.0.19, host: fv-az450-466.jnfmftgkylze5hd05chtbp1i0a.dx.internal.cloudapp.net, ports: [REPLICATION=45611, RATIS=38313, RATIS_ADMIN=38313, RATIS_SERVER=38313, STANDALONE=40157], networkLocation: /default-rack, certSerialId: null, persistedOpState: IN_SERVICE, persistedOpStateExpiryEpochSec: 0}, ReplicationConfig: RATIS/ONE, State:ALLOCATED, leaderId:, CreationTimestamp2022-08-09T13:47:05.455Z[Etc/UTC]].
2022-08-09 13:47:05,752 [IPC Server handler 2 on default port 43751] INFO  net.NetworkTopologyImpl (NetworkTopologyImpl.java:add(112)) - Added a new node: /default-rack/364e6842-d032-4d6d-bdb1-058b551233a8
2022-08-09 13:47:05,752 [IPC Server handler 2 on default port 43751] INFO  node.SCMNodeManager (SCMNodeManager.java:register(397)) - Registered Data node : 364e6842-d032-4d6d-bdb1-058b551233a8{ip: 10.1.0.19, host: fv-az450-466.jnfmftgkylze5hd05chtbp1i0a.dx.internal.cloudapp.net, ports: [REPLICATION=34663, RATIS=35261, RATIS_ADMIN=35261, RATIS_SERVER=35261, STANDALONE=35335], networkLocation: /default-rack, certSerialId: null, persistedOpState: null, persistedOpStateExpiryEpochSec: 0}
2022-08-09 13:47:05,752 [EventQueue-NewNodeForNewNodeHandler] INFO  pipeline.BackgroundPipelineCreator (BackgroundPipelineCreator.java:notifyEventTriggered(276)) - trigger a one-shot run on RatisPipelineUtilsThread.
2022-08-09 13:47:05,753 [EventQueue-NodeRegistrationContainerReportForDataNodeSafeModeRule] INFO  safemode.SCMSafeModeManager (DataNodeSafeModeRule.java:process(71)) - SCM in safe mode. 3 DataNodes registered, 3 required.
2022-08-09 13:47:05,754 [EventQueue-NodeRegistrationContainerReportForDataNodeSafeModeRule] INFO  safemode.SCMSafeModeManager (SCMSafeModeManager.java:validateSafeModeExitRules(204)) - DataNodeSafeModeRule rule is successfully validated
2022-08-09 13:47:05,754 [EventQueue-NodeRegistrationContainerReportForDataNodeSafeModeRule] INFO  safemode.SCMSafeModeManager (SCMSafeModeManager.java:completePreCheck(233)) - All SCM safe mode pre check rules have passed
2022-08-09 13:47:05,754 [EventQueue-NodeRegistrationContainerReportForDataNodeSafeModeRule] WARN  events.EventQueue (EventQueue.java:fireEvent(216)) - No event handler registered for event TypedEvent{payloadType=SafeModeStatus, name='Safe mode status'}
2022-08-09 13:47:05,754 [EventQueue-NodeRegistrationContainerReportForDataNodeSafeModeRule] INFO  ha.SCMContext (SCMContext.java:updateSafeModeStatus(228)) - Update SafeModeStatus from SafeModeStatus{safeModeStatus=true, preCheckPassed=false} to SafeModeStatus{safeModeStatus=true, preCheckPassed=true}.
2022-08-09 13:47:05,754 [EventQueue-NodeRegistrationContainerReportForDataNodeSafeModeRule] INFO  pipeline.BackgroundPipelineCreator (BackgroundPipelineCreator.java:notifyEventTriggered(276)) - trigger a one-shot run on RatisPipelineUtilsThread.
2022-08-09 13:47:05,754 [RatisPipelineUtilsThread - 0] INFO  pipeline.RatisPipelineProvider (RatisPipelineProvider.java:lambda$create$0(195)) - Sending CreatePipelineCommand for pipeline:PipelineID=dafa55fd-1072-4b03-a97e-176a32db42c5 to datanode:364e6842-d032-4d6d-bdb1-058b551233a8
2022-08-09 13:47:05,755 [RatisPipelineUtilsThread - 0] INFO  pipeline.PipelineStateManagerImpl (PipelineStateManagerImpl.java:addPipeline(103)) - Created pipeline Pipeline[ Id: dafa55fd-1072-4b03-a97e-176a32db42c5, Nodes: 364e6842-d032-4d6d-bdb1-058b551233a8{ip: 10.1.0.19, host: fv-az450-466.jnfmftgkylze5hd05chtbp1i0a.dx.internal.cloudapp.net, ports: [REPLICATION=34663, RATIS=35261, RATIS_ADMIN=35261, RATIS_SERVER=35261, STANDALONE=35335], networkLocation: /default-rack, certSerialId: null, persistedOpState: IN_SERVICE, persistedOpStateExpiryEpochSec: 0}, ReplicationConfig: RATIS/ONE, State:ALLOCATED, leaderId:, CreationTimestamp2022-08-09T13:47:05.754Z[Etc/UTC]].
2022-08-09 13:47:05,758 [RatisPipelineUtilsThread - 0] INFO  pipeline.RatisPipelineProvider (RatisPipelineProvider.java:lambda$create$0(195)) - Sending CreatePipelineCommand for pipeline:PipelineID=68692978-1a8b-45d6-ad9f-6959a1f1550f to datanode:51becc16-89cb-4fad-bf94-a36b935bb005
2022-08-09 13:47:05,759 [RatisPipelineUtilsThread - 0] INFO  pipeline.RatisPipelineProvider (RatisPipelineProvider.java:lambda$create$0(195)) - Sending CreatePipelineCommand for pipeline:PipelineID=68692978-1a8b-45d6-ad9f-6959a1f1550f to datanode:364e6842-d032-4d6d-bdb1-058b551233a8
2022-08-09 13:47:05,759 [RatisPipelineUtilsThread - 0] INFO  pipeline.RatisPipelineProvider (RatisPipelineProvider.java:lambda$create$0(195)) - Sending CreatePipelineCommand for pipeline:PipelineID=68692978-1a8b-45d6-ad9f-6959a1f1550f to datanode:1fcb99f6-8828-4195-ae29-7192ffc3f248
2022-08-09 13:47:05,760 [RatisPipelineUtilsThread - 0] INFO  pipeline.PipelineStateManagerImpl (PipelineStateManagerImpl.java:addPipeline(103)) - Created pipeline Pipeline[ Id: 68692978-1a8b-45d6-ad9f-6959a1f1550f, Nodes: 51becc16-89cb-4fad-bf94-a36b935bb005{ip: 10.1.0.19, host: fv-az450-466.jnfmftgkylze5hd05chtbp1i0a.dx.internal.cloudapp.net, ports: [REPLICATION=45611, RATIS=38313, RATIS_ADMIN=38313, RATIS_SERVER=38313, STANDALONE=40157], networkLocation: /default-rack, certSerialId: null, persistedOpState: IN_SERVICE, persistedOpStateExpiryEpochSec: 0}364e6842-d032-4d6d-bdb1-058b551233a8{ip: 10.1.0.19, host: fv-az450-466.jnfmftgkylze5hd05chtbp1i0a.dx.internal.cloudapp.net, ports: [REPLICATION=34663, RATIS=35261, RATIS_ADMIN=35261, RATIS_SERVER=35261, STANDALONE=35335], networkLocation: /default-rack, certSerialId: null, persistedOpState: IN_SERVICE, persistedOpStateExpiryEpochSec: 0}1fcb99f6-8828-4195-ae29-7192ffc3f248{ip: 10.1.0.19, host: fv-az450-466.jnfmftgkylze5hd05chtbp1i0a.dx.internal.cloudapp.net, ports: [REPLICATION=39683, RATIS=42165, RATIS_ADMIN=42165, RATIS_SERVER=42165, STANDALONE=46129], networkLocation: /default-rack, certSerialId: null, persistedOpState: IN_SERVICE, persistedOpStateExpiryEpochSec: 0}, ReplicationConfig: RATIS/THREE, State:ALLOCATED, leaderId:, CreationTimestamp2022-08-09T13:47:05.758Z[Etc/UTC]].
2022-08-09 13:47:05,760 [RatisPipelineUtilsThread - 0] INFO  pipeline.RatisPipelineProvider (RatisPipelineProvider.java:lambda$create$0(195)) - Sending CreatePipelineCommand for pipeline:PipelineID=fc94a62e-1af6-4805-a15b-2900a7781f59 to datanode:51becc16-89cb-4fad-bf94-a36b935bb005
2022-08-09 13:47:05,761 [RatisPipelineUtilsThread - 0] INFO  pipeline.RatisPipelineProvider (RatisPipelineProvider.java:lambda$create$0(195)) - Sending CreatePipelineCommand for pipeline:PipelineID=fc94a62e-1af6-4805-a15b-2900a7781f59 to datanode:1fcb99f6-8828-4195-ae29-7192ffc3f248
2022-08-09 13:47:05,761 [RatisPipelineUtilsThread - 0] INFO  pipeline.RatisPipelineProvider (RatisPipelineProvider.java:lambda$create$0(195)) - Sending CreatePipelineCommand for pipeline:PipelineID=fc94a62e-1af6-4805-a15b-2900a7781f59 to datanode:364e6842-d032-4d6d-bdb1-058b551233a8
2022-08-09 13:47:05,761 [RatisPipelineUtilsThread - 0] INFO  pipeline.PipelineStateManagerImpl (PipelineStateManagerImpl.java:addPipeline(103)) - Created pipeline Pipeline[ Id: fc94a62e-1af6-4805-a15b-2900a7781f59, Nodes: 51becc16-89cb-4fad-bf94-a36b935bb005{ip: 10.1.0.19, host: fv-az450-466.jnfmftgkylze5hd05chtbp1i0a.dx.internal.cloudapp.net, ports: [REPLICATION=45611, RATIS=38313, RATIS_ADMIN=38313, RATIS_SERVER=38313, STANDALONE=40157], networkLocation: /default-rack, certSerialId: null, persistedOpState: IN_SERVICE, persistedOpStateExpiryEpochSec: 0}1fcb99f6-8828-4195-ae29-7192ffc3f248{ip: 10.1.0.19, host: fv-az450-466.jnfmftgkylze5hd05chtbp1i0a.dx.internal.cloudapp.net, ports: [REPLICATION=39683, RATIS=42165, RATIS_ADMIN=42165, RATIS_SERVER=42165, STANDALONE=46129], networkLocation: /default-rack, certSerialId: null, persistedOpState: IN_SERVICE, persistedOpStateExpiryEpochSec: 0}364e6842-d032-4d6d-bdb1-058b551233a8{ip: 10.1.0.19, host: fv-az450-466.jnfmftgkylze5hd05chtbp1i0a.dx.internal.cloudapp.net, ports: [REPLICATION=34663, RATIS=35261, RATIS_ADMIN=35261, RATIS_SERVER=35261, STANDALONE=35335], networkLocation: /default-rack, certSerialId: null, persistedOpState: IN_SERVICE, persistedOpStateExpiryEpochSec: 0}, ReplicationConfig: RATIS/THREE, State:ALLOCATED, leaderId:, CreationTimestamp2022-08-09T13:47:05.760Z[Etc/UTC]].
2022-08-09 13:47:05,762 [RatisPipelineUtilsThread - 0] INFO  pipeline.PipelineManagerImpl (PipelineManagerImpl.java:recordMetricsForPipeline(796)) - Pipeline: PipelineID=fc94a62e-1af6-4805-a15b-2900a7781f59 contains same datanodes as previous pipelines: PipelineID=68692978-1a8b-45d6-ad9f-6959a1f1550f nodeIds: 51becc16-89cb-4fad-bf94-a36b935bb005, 1fcb99f6-8828-4195-ae29-7192ffc3f248, 364e6842-d032-4d6d-bdb1-058b551233a8
2022-08-09 13:47:06,082 [IPC Server handler 3 on default port 43751] INFO  net.NetworkTopologyImpl (NetworkTopologyImpl.java:add(112)) - Added a new node: /default-rack/3ead37bf-6f08-4c7f-839f-0a9366388f78
2022-08-09 13:47:06,082 [IPC Server handler 3 on default port 43751] INFO  node.SCMNodeManager (SCMNodeManager.java:register(397)) - Registered Data node : 3ead37bf-6f08-4c7f-839f-0a9366388f78{ip: 10.1.0.19, host: fv-az450-466.jnfmftgkylze5hd05chtbp1i0a.dx.internal.cloudapp.net, ports: [REPLICATION=40131, RATIS=46861, RATIS_ADMIN=46861, RATIS_SERVER=46861, STANDALONE=38355], networkLocation: /default-rack, certSerialId: null, persistedOpState: null, persistedOpStateExpiryEpochSec: 0}
2022-08-09 13:47:06,083 [EventQueue-NewNodeForNewNodeHandler] INFO  pipeline.BackgroundPipelineCreator (BackgroundPipelineCreator.java:notifyEventTriggered(276)) - trigger a one-shot run on RatisPipelineUtilsThread.
2022-08-09 13:47:06,084 [RatisPipelineUtilsThread - 0] INFO  pipeline.RatisPipelineProvider (RatisPipelineProvider.java:lambda$create$0(195)) - Sending CreatePipelineCommand for pipeline:PipelineID=51c0efe8-8a36-4e8f-a9d0-f124221c4d55 to datanode:3ead37bf-6f08-4c7f-839f-0a9366388f78
2022-08-09 13:47:06,085 [RatisPipelineUtilsThread - 0] INFO  pipeline.PipelineStateManagerImpl (PipelineStateManagerImpl.java:addPipeline(103)) - Created pipeline Pipeline[ Id: 51c0efe8-8a36-4e8f-a9d0-f124221c4d55, Nodes: 3ead37bf-6f08-4c7f-839f-0a9366388f78{ip: 10.1.0.19, host: fv-az450-466.jnfmftgkylze5hd05chtbp1i0a.dx.internal.cloudapp.net, ports: [REPLICATION=40131, RATIS=46861, RATIS_ADMIN=46861, RATIS_SERVER=46861, STANDALONE=38355], networkLocation: /default-rack, certSerialId: null, persistedOpState: IN_SERVICE, persistedOpStateExpiryEpochSec: 0}, ReplicationConfig: RATIS/ONE, State:ALLOCATED, leaderId:, CreationTimestamp2022-08-09T13:47:06.084Z[Etc/UTC]].
2022-08-09 13:47:06,365 [Listener at 127.0.0.1/44757] INFO  ozone.MiniOzoneClusterImpl (MiniOzoneClusterImpl.java:lambda$waitForClusterToBeReady$0(216)) - Waiting for nodes to be ready. Got 4 of 5 DN Heartbeats.
2022-08-09 13:47:06,365 [Listener at 127.0.0.1/44757] INFO  ozone.MiniOzoneClusterImpl (MiniOzoneClusterImpl.java:lambda$waitForClusterToBeReady$0(219)) - Waiting for cluster to exit safe mode
2022-08-09 13:47:06,365 [Listener at 127.0.0.1/44757] INFO  ozone.MiniOzoneClusterImpl (MiniOzoneClusterImpl.java:lambda$waitForClusterToBeReady$0(221)) - SCM became leader
2022-08-09 13:47:06,375 [IPC Server handler 0 on default port 43751] INFO  net.NetworkTopologyImpl (NetworkTopologyImpl.java:add(112)) - Added a new node: /default-rack/727e95bd-5db3-41ce-a16b-fd1add2220b0
2022-08-09 13:47:06,376 [IPC Server handler 0 on default port 43751] INFO  node.SCMNodeManager (SCMNodeManager.java:register(397)) - Registered Data node : 727e95bd-5db3-41ce-a16b-fd1add2220b0{ip: 10.1.0.19, host: fv-az450-466.jnfmftgkylze5hd05chtbp1i0a.dx.internal.cloudapp.net, ports: [REPLICATION=35419, RATIS=40819, RATIS_ADMIN=40819, RATIS_SERVER=40819, STANDALONE=34287], networkLocation: /default-rack, certSerialId: null, persistedOpState: null, persistedOpStateExpiryEpochSec: 0}
2022-08-09 13:47:06,376 [EventQueue-NewNodeForNewNodeHandler] INFO  pipeline.BackgroundPipelineCreator (BackgroundPipelineCreator.java:notifyEventTriggered(276)) - trigger a one-shot run on RatisPipelineUtilsThread.
2022-08-09 13:47:06,377 [RatisPipelineUtilsThread - 0] INFO  pipeline.RatisPipelineProvider (RatisPipelineProvider.java:lambda$create$0(195)) - Sending CreatePipelineCommand for pipeline:PipelineID=a47667e1-87f2-4912-8c26-b26b2eb59a74 to datanode:727e95bd-5db3-41ce-a16b-fd1add2220b0
2022-08-09 13:47:06,377 [RatisPipelineUtilsThread - 0] INFO  pipeline.PipelineStateManagerImpl (PipelineStateManagerImpl.java:addPipeline(103)) - Created pipeline Pipeline[ Id: a47667e1-87f2-4912-8c26-b26b2eb59a74, Nodes: 727e95bd-5db3-41ce-a16b-fd1add2220b0{ip: 10.1.0.19, host: fv-az450-466.jnfmftgkylze5hd05chtbp1i0a.dx.internal.cloudapp.net, ports: [REPLICATION=35419, RATIS=40819, RATIS_ADMIN=40819, RATIS_SERVER=40819, STANDALONE=34287], networkLocation: /default-rack, certSerialId: null, persistedOpState: IN_SERVICE, persistedOpStateExpiryEpochSec: 0}, ReplicationConfig: RATIS/ONE, State:ALLOCATED, leaderId:, CreationTimestamp2022-08-09T13:47:06.377Z[Etc/UTC]].
2022-08-09 13:47:07,365 [Listener at 127.0.0.1/44757] INFO  ozone.MiniOzoneClusterImpl (MiniOzoneClusterImpl.java:lambda$waitForClusterToBeReady$0(216)) - Nodes are ready. Got 5 of 5 DN Heartbeats.
2022-08-09 13:47:07,366 [Listener at 127.0.0.1/44757] INFO  ozone.MiniOzoneClusterImpl (MiniOzoneClusterImpl.java:lambda$waitForClusterToBeReady$0(219)) - Waiting for cluster to exit safe mode
2022-08-09 13:47:07,366 [Listener at 127.0.0.1/44757] INFO  ozone.MiniOzoneClusterImpl (MiniOzoneClusterImpl.java:lambda$waitForClusterToBeReady$0(221)) - SCM became leader
2022-08-09 13:47:08,047 [Command processor thread] INFO  server.RaftServer (RaftServerProxy.java:addNew(96)) - 1fcb99f6-8828-4195-ae29-7192ffc3f248: addNew group-15E9BBC71D45:[1fcb99f6-8828-4195-ae29-7192ffc3f248|rpc:10.1.0.19:42165|priority:1] returns group-15E9BBC71D45:java.util.concurrent.CompletableFuture@6cd26efd[Not completed]
2022-08-09 13:47:08,059 [pool-73-thread-1] INFO  server.RaftServer$Division (RaftServerImpl.java:<init>(190)) - 1fcb99f6-8828-4195-ae29-7192ffc3f248: new RaftServerImpl for group-15E9BBC71D45:[1fcb99f6-8828-4195-ae29-7192ffc3f248|rpc:10.1.0.19:42165|priority:1] with ContainerStateMachine:uninitialized
2022-08-09 13:47:08,059 [pool-73-thread-1] INFO  server.RaftServerConfigKeys (ConfUtils.java:logGet(46)) - raft.server.rpc.timeout.min = 5s (custom)
2022-08-09 13:47:08,059 [pool-73-thread-1] INFO  server.RaftServerConfigKeys (ConfUtils.java:logGet(46)) - raft.server.rpc.timeout.max = 5200ms (custom)
2022-08-09 13:47:08,060 [pool-73-thread-1] INFO  server.RaftServerConfigKeys (ConfUtils.java:logGet(46)) - raft.server.rpc.sleep.time = 25ms (default)
2022-08-09 13:47:08,060 [pool-73-thread-1] INFO  server.RaftServerConfigKeys (ConfUtils.java:logGet(46)) - raft.server.rpc.slowness.timeout = 300s (custom)
2022-08-09 13:47:08,060 [pool-73-thread-1] INFO  server.RaftServerConfigKeys (ConfUtils.java:logGet(46)) - raft.server.leaderelection.leader.step-down.wait-time = 10s (default)
2022-08-09 13:47:08,060 [pool-73-thread-1] INFO  server.RaftServerConfigKeys (ConfUtils.java:logGet(46)) - raft.server.sleep.deviation.threshold = 300ms (default)
2022-08-09 13:47:08,060 [pool-73-thread-1] INFO  server.RaftServer$Division (ServerState.java:<init>(107)) - 1fcb99f6-8828-4195-ae29-7192ffc3f248@group-15E9BBC71D45: ConfigurationManager, init=-1: [1fcb99f6-8828-4195-ae29-7192ffc3f248|rpc:10.1.0.19:42165|priority:1], old=null, confs=<EMPTY_MAP>
2022-08-09 13:47:08,060 [pool-73-thread-1] INFO  server.RaftServerConfigKeys (ConfUtils.java:logGet(46)) - raft.server.storage.dir = [/home/runner/work/ozone/ozone/hadoop-ozone/integration-test/target/test-dir/MiniOzoneClusterImpl-e9ece791-7ef2-4ada-98fe-daefa8f21954/datanode-0/data/ratis] (custom)
2022-08-09 13:47:08,060 [pool-73-thread-1] INFO  server.RaftServerConfigKeys (ConfUtils.java:logGet(46)) - raft.server.log.corruption.policy = EXCEPTION (default)
2022-08-09 13:47:08,060 [pool-73-thread-1] INFO  server.RaftServerConfigKeys (ConfUtils.java:logGet(46)) - raft.server.storage.free-space.min = 0MB (=0) (default)
2022-08-09 13:47:08,060 [pool-73-thread-1] INFO  storage.RaftStorageDirectory (RaftStorageDirectoryImpl.java:analyzeStorage(135)) - The storage directory /home/runner/work/ozone/ozone/hadoop-ozone/integration-test/target/test-dir/MiniOzoneClusterImpl-e9ece791-7ef2-4ada-98fe-daefa8f21954/datanode-0/data/ratis/30b0a17c-875b-4729-85a9-15e9bbc71d45 does not exist. Creating ...
2022-08-09 13:47:08,062 [pool-73-thread-1] INFO  storage.RaftStorageDirectory (RaftStorageDirectoryImpl.java:tryLock(230)) - Lock on /home/runner/work/ozone/ozone/hadoop-ozone/integration-test/target/test-dir/MiniOzoneClusterImpl-e9ece791-7ef2-4ada-98fe-daefa8f21954/datanode-0/data/ratis/30b0a17c-875b-4729-85a9-15e9bbc71d45/in_use.lock acquired by nodename 10574@fv-az450-466
2022-08-09 13:47:08,063 [pool-73-thread-1] INFO  storage.RaftStorage (RaftStorageImpl.java:format(89)) - Storage directory /home/runner/work/ozone/ozone/hadoop-ozone/integration-test/target/test-dir/MiniOzoneClusterImpl-e9ece791-7ef2-4ada-98fe-daefa8f21954/datanode-0/data/ratis/30b0a17c-875b-4729-85a9-15e9bbc71d45 has been successfully formatted.
2022-08-09 13:47:08,067 [pool-73-thread-1] INFO  ratis.ContainerStateMachine (ContainerStateMachine.java:loadSnapshot(236)) - group-15E9BBC71D45: The snapshot info is null. Setting the last applied indexto:(t:0, i:~)
2022-08-09 13:47:08,067 [pool-73-thread-1] INFO  server.RaftServerConfigKeys (ConfUtils.java:logGet(46)) - raft.server.notification.no-leader.timeout = 300s (custom)
2022-08-09 13:47:08,075 [pool-73-thread-1] INFO  server.RaftServerConfigKeys (ConfUtils.java:logGet(46)) - raft.server.log.use.memory = false (default)
2022-08-09 13:47:08,075 [pool-73-thread-1] INFO  server.RaftServerConfigKeys (ConfUtils.java:logGet(46)) - raft.server.log.purge.gap = 1000000 (custom)
2022-08-09 13:47:08,075 [pool-73-thread-1] INFO  server.RaftServerConfigKeys (ConfUtils.java:logGet(46)) - raft.server.log.appender.buffer.byte-limit = 33554432 (custom)
2022-08-09 13:47:08,075 [pool-73-thread-1] INFO  server.RaftServerConfigKeys (ConfUtils.java:logGet(46)) - raft.server.log.statemachine.data.read.timeout = 1000ms (default)
2022-08-09 13:47:08,075 [pool-73-thread-1] INFO  server.RaftServerConfigKeys (ConfUtils.java:logGet(46)) - raft.server.log.segment.size.max = 1048576 (custom)
2022-08-09 13:47:08,076 [pool-73-thread-1] INFO  server.RaftServerConfigKeys (ConfUtils.java:logGet(46)) - raft.server.log.segment.cache.num.max = 2 (custom)
2022-08-09 13:47:08,076 [pool-73-thread-1] INFO  server.RaftServerConfigKeys (ConfUtils.java:logGet(46)) - raft.server.log.segment.cache.size.max = 200MB (=209715200) (default)
2022-08-09 13:47:08,076 [pool-73-thread-1] INFO  segmented.SegmentedRaftLogWorker (SegmentedRaftLogWorker.java:<init>(187)) - new 1fcb99f6-8828-4195-ae29-7192ffc3f248@group-15E9BBC71D45-SegmentedRaftLogWorker for RaftStorageImpl:Storage Directory /home/runner/work/ozone/ozone/hadoop-ozone/integration-test/target/test-dir/MiniOzoneClusterImpl-e9ece791-7ef2-4ada-98fe-daefa8f21954/datanode-0/data/ratis/30b0a17c-875b-4729-85a9-15e9bbc71d45
2022-08-09 13:47:08,088 [pool-73-thread-1] INFO  server.RaftServerConfigKeys (ConfUtils.java:logGet(46)) - raft.server.log.queue.byte-limit = 4294967296 (custom)
2022-08-09 13:47:08,088 [pool-73-thread-1] INFO  server.RaftServerConfigKeys (ConfUtils.java:logGet(46)) - raft.server.log.queue.element-limit = 1024 (custom)
2022-08-09 13:47:08,088 [pool-73-thread-1] INFO  server.RaftServerConfigKeys (ConfUtils.java:logGet(46)) - raft.server.log.segment.size.max = 1048576 (custom)
2022-08-09 13:47:08,088 [pool-73-thread-1] INFO  server.RaftServerConfigKeys (ConfUtils.java:logGet(46)) - raft.server.log.preallocated.size = 16384 (custom)
2022-08-09 13:47:08,088 [pool-73-thread-1] INFO  server.RaftServerConfigKeys (ConfUtils.java:logGet(46)) - raft.server.log.force.sync.num = 128 (default)
2022-08-09 13:47:08,088 [pool-73-thread-1] INFO  server.RaftServerConfigKeys (ConfUtils.java:logGet(46)) - raft.server.log.statemachine.data.sync = true (default)
2022-08-09 13:47:08,088 [pool-73-thread-1] INFO  server.RaftServerConfigKeys (ConfUtils.java:logGet(46)) - raft.server.log.statemachine.data.sync.timeout = 10s (default)
2022-08-09 13:47:08,088 [pool-73-thread-1] INFO  server.RaftServerConfigKeys (ConfUtils.java:logGet(46)) - raft.server.log.statemachine.data.sync.timeout.retry = -1 (default)
2022-08-09 13:47:08,092 [pool-73-thread-1] INFO  server.RaftServerConfigKeys (ConfUtils.java:logGet(46)) - raft.server.log.write.buffer.size = 1048576 (custom)
2022-08-09 13:47:08,093 [pool-73-thread-1] INFO  server.RaftServerConfigKeys (ConfUtils.java:logGet(46)) - raft.server.log.unsafe-flush.enabled = false (default)
2022-08-09 13:47:08,093 [pool-73-thread-1] INFO  server.RaftServerConfigKeys (ConfUtils.java:logGet(46)) - raft.server.log.statemachine.data.caching.enabled = true (custom)
2022-08-09 13:47:08,093 [pool-73-thread-1] INFO  segmented.SegmentedRaftLogWorker (SegmentedRaftLogWorker.java:lambda$new$0(135)) - 1fcb99f6-8828-4195-ae29-7192ffc3f248@group-15E9BBC71D45-SegmentedRaftLogWorker: flushIndex: setUnconditionally 0 -> -1
2022-08-09 13:47:08,093 [pool-73-thread-1] INFO  segmented.SegmentedRaftLogWorker (SegmentedRaftLogWorker.java:lambda$new$0(135)) - 1fcb99f6-8828-4195-ae29-7192ffc3f248@group-15E9BBC71D45-SegmentedRaftLogWorker: safeCacheEvictIndex: setUnconditionally 0 -> -1
2022-08-09 13:47:08,101 [pool-73-thread-1] INFO  server.RaftServerConfigKeys (ConfUtils.java:logGet(46)) - raft.server.snapshot.auto.trigger.enabled = true (custom)
2022-08-09 13:47:08,101 [pool-73-thread-1] INFO  server.RaftServerConfigKeys (ConfUtils.java:logGet(46)) - raft.server.snapshot.auto.trigger.threshold = 10000 (custom)
2022-08-09 13:47:08,101 [pool-73-thread-1] INFO  server.RaftServerConfigKeys (ConfUtils.java:logGet(46)) - raft.server.snapshot.retention.file.num = 5 (custom)
2022-08-09 13:47:08,102 [pool-73-thread-1] INFO  server.RaftServerConfigKeys (ConfUtils.java:logGet(46)) - raft.server.log.purge.upto.snapshot.index = false (default)
2022-08-09 13:47:08,102 [pool-73-thread-1] INFO  server.RaftServerConfigKeys (ConfUtils.java:logGet(46)) - raft.server.retrycache.expirytime = 600000ms (custom)
2022-08-09 13:47:08,102 [pool-73-thread-1] INFO  server.RaftServerConfigKeys (ConfUtils.java:logGet(46)) - raft.server.retrycache.statistics.expirytime = 100μs (default)
2022-08-09 13:47:08,104 [pool-73-thread-1] INFO  server.RaftServerConfigKeys (ConfUtils.java:logGet(46)) - raft.server.log.appender.install.snapshot.enabled = false (custom)
2022-08-09 13:47:08,104 [pool-73-thread-1] INFO  server.RaftServerConfigKeys (ConfUtils.java:logGet(46)) - raft.server.threadpool.server.cached = true (default)
2022-08-09 13:47:08,104 [pool-73-thread-1] INFO  server.RaftServerConfigKeys (ConfUtils.java:logGet(46)) - raft.server.threadpool.server.size = 0 (default)
2022-08-09 13:47:08,104 [pool-73-thread-1] INFO  server.RaftServerConfigKeys (ConfUtils.java:logGet(46)) - raft.server.threadpool.client.cached = true (default)
2022-08-09 13:47:08,104 [pool-73-thread-1] INFO  server.RaftServerConfigKeys (ConfUtils.java:logGet(46)) - raft.server.threadpool.client.size = 0 (default)
2022-08-09 13:47:08,104 [pool-73-thread-1] INFO  server.RaftServer$Division (RaftServerImpl.java:start(310)) - 1fcb99f6-8828-4195-ae29-7192ffc3f248@group-15E9BBC71D45: start as a follower, conf=-1: [1fcb99f6-8828-4195-ae29-7192ffc3f248|rpc:10.1.0.19:42165|priority:1], old=null
2022-08-09 13:47:08,104 [pool-73-thread-1] INFO  server.RaftServer$Division (RaftServerImpl.java:setRole(299)) - 1fcb99f6-8828-4195-ae29-7192ffc3f248@group-15E9BBC71D45: changes role from      null to FOLLOWER at term 0 for startAsFollower
2022-08-09 13:47:08,104 [pool-73-thread-1] INFO  impl.RoleInfo (RoleInfo.java:updateAndGet(139)) - 1fcb99f6-8828-4195-ae29-7192ffc3f248: start 1fcb99f6-8828-4195-ae29-7192ffc3f248@group-15E9BBC71D45-FollowerState
2022-08-09 13:47:08,115 [pool-73-thread-1] INFO  util.JmxRegister (JmxRegister.java:tryRegister(44)) - Successfully registered JMX Bean with object name Ratis:service=RaftServer,group=group-15E9BBC71D45,id=1fcb99f6-8828-4195-ae29-7192ffc3f248
2022-08-09 13:47:08,119 [EventQueue-PipelineReportForPipelineReportHandler] INFO  pipeline.PipelineManagerImpl (PipelineManagerImpl.java:openPipeline(367)) - Pipeline Pipeline[ Id: 30b0a17c-875b-4729-85a9-15e9bbc71d45, Nodes: 1fcb99f6-8828-4195-ae29-7192ffc3f248{ip: 10.1.0.19, host: fv-az450-466.jnfmftgkylze5hd05chtbp1i0a.dx.internal.cloudapp.net, ports: [REPLICATION=39683, RATIS=42165, RATIS_ADMIN=42165, RATIS_SERVER=42165, STANDALONE=46129], networkLocation: /default-rack, certSerialId: null, persistedOpState: IN_SERVICE, persistedOpStateExpiryEpochSec: 0}, ReplicationConfig: RATIS/ONE, State:ALLOCATED, leaderId:1fcb99f6-8828-4195-ae29-7192ffc3f248, CreationTimestamp2022-08-09T13:47:05.065Z[Etc/UTC]] moved to OPEN state
2022-08-09 13:47:08,139 [Command processor thread] INFO  ratis.XceiverServerRatis (XceiverServerRatis.java:addGroup(765)) - Created group PipelineID=30b0a17c-875b-4729-85a9-15e9bbc71d45
2022-08-09 13:47:08,139 [EventQueue-OpenPipelineForHealthyPipelineSafeModeRule] INFO  safemode.SCMSafeModeManager (HealthyPipelineSafeModeRule.java:process(137)) - SCM in safe mode. Healthy pipelines reported count is 0, required healthy pipeline reported count is 1
2022-08-09 13:47:08,140 [Command processor thread] INFO  commandhandler.CreatePipelineCommandHandler (CreatePipelineCommandHandler.java:handle(113)) - Created Pipeline RATIS ONE PipelineID=30b0a17c-875b-4729-85a9-15e9bbc71d45.
2022-08-09 13:47:08,140 [Command processor thread] INFO  server.RaftServer (RaftServerProxy.java:addNew(96)) - 1fcb99f6-8828-4195-ae29-7192ffc3f248: addNew group-6959A1F1550F:[1fcb99f6-8828-4195-ae29-7192ffc3f248|rpc:10.1.0.19:42165|priority:1, 51becc16-89cb-4fad-bf94-a36b935bb005|rpc:10.1.0.19:38313|priority:0, 364e6842-d032-4d6d-bdb1-058b551233a8|rpc:10.1.0.19:35261|priority:0] returns group-6959A1F1550F:java.util.concurrent.CompletableFuture@2e37d2ee[Not completed]
2022-08-09 13:47:08,141 [pool-73-thread-1] INFO  server.RaftServer$Division (RaftServerImpl.java:<init>(190)) - 1fcb99f6-8828-4195-ae29-7192ffc3f248: new RaftServerImpl for group-6959A1F1550F:[1fcb99f6-8828-4195-ae29-7192ffc3f248|rpc:10.1.0.19:42165|priority:1, 51becc16-89cb-4fad-bf94-a36b935bb005|rpc:10.1.0.19:38313|priority:0, 364e6842-d032-4d6d-bdb1-058b551233a8|rpc:10.1.0.19:35261|priority:0] with ContainerStateMachine:uninitialized
2022-08-09 13:47:08,141 [pool-73-thread-1] INFO  server.RaftServerConfigKeys (ConfUtils.java:logGet(46)) - raft.server.rpc.timeout.min = 5s (custom)
2022-08-09 13:47:08,141 [pool-73-thread-1] INFO  server.RaftServerConfigKeys (ConfUtils.java:logGet(46)) - raft.server.rpc.timeout.max = 5200ms (custom)
2022-08-09 13:47:08,142 [pool-73-thread-1] INFO  server.RaftServerConfigKeys (ConfUtils.java:logGet(46)) - raft.server.rpc.sleep.time = 25ms (default)
2022-08-09 13:47:08,142 [pool-73-thread-1] INFO  server.RaftServerConfigKeys (ConfUtils.java:logGet(46)) - raft.server.rpc.slowness.timeout = 300s (custom)
2022-08-09 13:47:08,142 [pool-73-thread-1] INFO  server.RaftServerConfigKeys (ConfUtils.java:logGet(46)) - raft.server.leaderelection.leader.step-down.wait-time = 10s (default)
2022-08-09 13:47:08,142 [pool-73-thread-1] INFO  server.RaftServerConfigKeys (ConfUtils.java:logGet(46)) - raft.server.sleep.deviation.threshold = 300ms (default)
2022-08-09 13:47:08,142 [pool-73-thread-1] INFO  server.RaftServer$Division (ServerState.java:<init>(107)) - 1fcb99f6-8828-4195-ae29-7192ffc3f248@group-6959A1F1550F: ConfigurationManager, init=-1: [1fcb99f6-8828-4195-ae29-7192ffc3f248|rpc:10.1.0.19:42165|priority:1, 51becc16-89cb-4fad-bf94-a36b935bb005|rpc:10.1.0.19:38313|priority:0, 364e6842-d032-4d6d-bdb1-058b551233a8|rpc:10.1.0.19:35261|priority:0], old=null, confs=<EMPTY_MAP>
2022-08-09 13:47:08,142 [pool-73-thread-1] INFO  server.RaftServerConfigKeys (ConfUtils.java:logGet(46)) - raft.server.storage.dir = [/home/runner/work/ozone/ozone/hadoop-ozone/integration-test/target/test-dir/MiniOzoneClusterImpl-e9ece791-7ef2-4ada-98fe-daefa8f21954/datanode-0/data/ratis] (custom)
2022-08-09 13:47:08,142 [pool-73-thread-1] INFO  server.RaftServerConfigKeys (ConfUtils.java:logGet(46)) - raft.server.log.corruption.policy = EXCEPTION (default)
2022-08-09 13:47:08,142 [pool-73-thread-1] INFO  server.RaftServerConfigKeys (ConfUtils.java:logGet(46)) - raft.server.storage.free-space.min = 0MB (=0) (default)
2022-08-09 13:47:08,142 [pool-73-thread-1] INFO  storage.RaftStorageDirectory (RaftStorageDirectoryImpl.java:analyzeStorage(135)) - The storage directory /home/runner/work/ozone/ozone/hadoop-ozone/integration-test/target/test-dir/MiniOzoneClusterImpl-e9ece791-7ef2-4ada-98fe-daefa8f21954/datanode-0/data/ratis/68692978-1a8b-45d6-ad9f-6959a1f1550f does not exist. Creating ...
2022-08-09 13:47:08,144 [pool-73-thread-1] INFO  storage.RaftStorageDirectory (RaftStorageDirectoryImpl.java:tryLock(230)) - Lock on /home/runner/work/ozone/ozone/hadoop-ozone/integration-test/target/test-dir/MiniOzoneClusterImpl-e9ece791-7ef2-4ada-98fe-daefa8f21954/datanode-0/data/ratis/68692978-1a8b-45d6-ad9f-6959a1f1550f/in_use.lock acquired by nodename 10574@fv-az450-466
2022-08-09 13:47:08,146 [pool-73-thread-1] INFO  storage.RaftStorage (RaftStorageImpl.java:format(89)) - Storage directory /home/runner/work/ozone/ozone/hadoop-ozone/integration-test/target/test-dir/MiniOzoneClusterImpl-e9ece791-7ef2-4ada-98fe-daefa8f21954/datanode-0/data/ratis/68692978-1a8b-45d6-ad9f-6959a1f1550f has been successfully formatted.
2022-08-09 13:47:08,147 [pool-73-thread-1] INFO  ratis.ContainerStateMachine (ContainerStateMachine.java:loadSnapshot(236)) - group-6959A1F1550F: The snapshot info is null. Setting the last applied indexto:(t:0, i:~)
2022-08-09 13:47:08,147 [pool-73-thread-1] INFO  server.RaftServerConfigKeys (ConfUtils.java:logGet(46)) - raft.server.notification.no-leader.timeout = 300s (custom)
2022-08-09 13:47:08,147 [pool-73-thread-1] INFO  server.RaftServerConfigKeys (ConfUtils.java:logGet(46)) - raft.server.log.use.memory = false (default)
2022-08-09 13:47:08,148 [pool-73-thread-1] INFO  server.RaftServerConfigKeys (ConfUtils.java:logGet(46)) - raft.server.log.purge.gap = 1000000 (custom)
2022-08-09 13:47:08,148 [pool-73-thread-1] INFO  server.RaftServerConfigKeys (ConfUtils.java:logGet(46)) - raft.server.log.appender.buffer.byte-limit = 33554432 (custom)
2022-08-09 13:47:08,148 [pool-73-thread-1] INFO  server.RaftServerConfigKeys (ConfUtils.java:logGet(46)) - raft.server.log.statemachine.data.read.timeout = 1000ms (default)
2022-08-09 13:47:08,148 [pool-73-thread-1] INFO  server.RaftServerConfigKeys (ConfUtils.java:logGet(46)) - raft.server.log.segment.size.max = 1048576 (custom)
2022-08-09 13:47:08,148 [pool-73-thread-1] INFO  server.RaftServerConfigKeys (ConfUtils.java:logGet(46)) - raft.server.log.segment.cache.num.max = 2 (custom)
2022-08-09 13:47:08,149 [pool-73-thread-1] INFO  server.RaftServerConfigKeys (ConfUtils.java:logGet(46)) - raft.server.log.segment.cache.size.max = 200MB (=209715200) (default)
2022-08-09 13:47:08,149 [pool-73-thread-1] INFO  segmented.SegmentedRaftLogWorker (SegmentedRaftLogWorker.java:<init>(187)) - new 1fcb99f6-8828-4195-ae29-7192ffc3f248@group-6959A1F1550F-SegmentedRaftLogWorker for RaftStorageImpl:Storage Directory /home/runner/work/ozone/ozone/hadoop-ozone/integration-test/target/test-dir/MiniOzoneClusterImpl-e9ece791-7ef2-4ada-98fe-daefa8f21954/datanode-0/data/ratis/68692978-1a8b-45d6-ad9f-6959a1f1550f
2022-08-09 13:47:08,149 [pool-73-thread-1] INFO  server.RaftServerConfigKeys (ConfUtils.java:logGet(46)) - raft.server.log.queue.byte-limit = 4294967296 (custom)
2022-08-09 13:47:08,149 [pool-73-thread-1] INFO  server.RaftServerConfigKeys (ConfUtils.java:logGet(46)) - raft.server.log.queue.element-limit = 1024 (custom)
2022-08-09 13:47:08,149 [pool-73-thread-1] INFO  server.RaftServerConfigKeys (ConfUtils.java:logGet(46)) - raft.server.log.segment.size.max = 1048576 (custom)
2022-08-09 13:47:08,149 [pool-73-thread-1] INFO  server.RaftServerConfigKeys (ConfUtils.java:logGet(46)) - raft.server.log.preallocated.size = 16384 (custom)
2022-08-09 13:47:08,149 [pool-73-thread-1] INFO  server.RaftServerConfigKeys (ConfUtils.java:logGet(46)) - raft.server.log.force.sync.num = 128 (default)
2022-08-09 13:47:08,149 [pool-73-thread-1] INFO  server.RaftServerConfigKeys (ConfUtils.java:logGet(46)) - raft.server.log.statemachine.data.sync = true (default)
2022-08-09 13:47:08,149 [pool-73-thread-1] INFO  server.RaftServerConfigKeys (ConfUtils.java:logGet(46)) - raft.server.log.statemachine.data.sync.timeout = 10s (default)
2022-08-09 13:47:08,149 [pool-73-thread-1] INFO  server.RaftServerConfigKeys (ConfUtils.java:logGet(46)) - raft.server.log.statemachine.data.sync.timeout.retry = -1 (default)
2022-08-09 13:47:08,150 [pool-73-thread-1] INFO  server.RaftServerConfigKeys (ConfUtils.java:logGet(46)) - raft.server.log.write.buffer.size = 1048576 (custom)
2022-08-09 13:47:08,151 [pool-73-thread-1] INFO  server.RaftServerConfigKeys (ConfUtils.java:logGet(46)) - raft.server.log.unsafe-flush.enabled = false (default)
2022-08-09 13:47:08,151 [pool-73-thread-1] INFO  server.RaftServerConfigKeys (ConfUtils.java:logGet(46)) - raft.server.log.statemachine.data.caching.enabled = true (custom)
2022-08-09 13:47:08,151 [pool-73-thread-1] INFO  segmented.SegmentedRaftLogWorker (SegmentedRaftLogWorker.java:lambda$new$0(135)) - 1fcb99f6-8828-4195-ae29-7192ffc3f248@group-6959A1F1550F-SegmentedRaftLogWorker: flushIndex: setUnconditionally 0 -> -1
2022-08-09 13:47:08,151 [pool-73-thread-1] INFO  segmented.SegmentedRaftLogWorker (SegmentedRaftLogWorker.java:lambda$new$0(135)) - 1fcb99f6-8828-4195-ae29-7192ffc3f248@group-6959A1F1550F-SegmentedRaftLogWorker: safeCacheEvictIndex: setUnconditionally 0 -> -1
2022-08-09 13:47:08,162 [EventQueue-OpenPipelineForHealthyPipelineSafeModeRule] INFO  safemode.SCMSafeModeManager (HealthyPipelineSafeModeRule.java:process(137)) - SCM in safe mode. Healthy pipelines reported count is 0, required healthy pipeline reported count is 1
2022-08-09 13:47:08,162 [pool-73-thread-1] INFO  server.RaftServerConfigKeys (ConfUtils.java:logGet(46)) - raft.server.snapshot.auto.trigger.enabled = true (custom)
2022-08-09 13:47:08,163 [pool-73-thread-1] INFO  server.RaftServerConfigKeys (ConfUtils.java:logGet(46)) - raft.server.snapshot.auto.trigger.threshold = 10000 (custom)
2022-08-09 13:47:08,163 [pool-73-thread-1] INFO  server.RaftServerConfigKeys (ConfUtils.java:logGet(46)) - raft.server.snapshot.retention.file.num = 5 (custom)
2022-08-09 13:47:08,163 [pool-73-thread-1] INFO  server.RaftServerConfigKeys (ConfUtils.java:logGet(46)) - raft.server.log.purge.upto.snapshot.index = false (default)
2022-08-09 13:47:08,163 [pool-73-thread-1] INFO  server.RaftServerConfigKeys (ConfUtils.java:logGet(46)) - raft.server.retrycache.expirytime = 600000ms (custom)
2022-08-09 13:47:08,163 [pool-73-thread-1] INFO  server.RaftServerConfigKeys (ConfUtils.java:logGet(46)) - raft.server.retrycache.statistics.expirytime = 100μs (default)
2022-08-09 13:47:08,165 [pool-73-thread-1] INFO  server.RaftServerConfigKeys (ConfUtils.java:logGet(46)) - raft.server.log.appender.install.snapshot.enabled = false (custom)
2022-08-09 13:47:08,165 [pool-73-thread-1] INFO  server.RaftServerConfigKeys (ConfUtils.java:logGet(46)) - raft.server.threadpool.server.cached = true (default)
2022-08-09 13:47:08,165 [pool-73-thread-1] INFO  server.RaftServerConfigKeys (ConfUtils.java:logGet(46)) - raft.server.threadpool.server.size = 0 (default)
2022-08-09 13:47:08,165 [pool-73-thread-1] INFO  server.RaftServerConfigKeys (ConfUtils.java:logGet(46)) - raft.server.threadpool.client.cached = true (default)
2022-08-09 13:47:08,165 [pool-73-thread-1] INFO  server.RaftServerConfigKeys (ConfUtils.java:logGet(46)) - raft.server.threadpool.client.size = 0 (default)
2022-08-09 13:47:08,165 [pool-73-thread-1] INFO  server.RaftServer$Division (RaftServerImpl.java:start(310)) - 1fcb99f6-8828-4195-ae29-7192ffc3f248@group-6959A1F1550F: start as a follower, conf=-1: [1fcb99f6-8828-4195-ae29-7192ffc3f248|rpc:10.1.0.19:42165|priority:1, 51becc16-89cb-4fad-bf94-a36b935bb005|rpc:10.1.0.19:38313|priority:0, 364e6842-d032-4d6d-bdb1-058b551233a8|rpc:10.1.0.19:35261|priority:0], old=null
2022-08-09 13:47:08,165 [pool-73-thread-1] INFO  server.RaftServer$Division (RaftServerImpl.java:setRole(299)) - 1fcb99f6-8828-4195-ae29-7192ffc3f248@group-6959A1F1550F: changes role from      null to FOLLOWER at term 0 for startAsFollower
2022-08-09 13:47:08,165 [pool-73-thread-1] INFO  impl.RoleInfo (RoleInfo.java:updateAndGet(139)) - 1fcb99f6-8828-4195-ae29-7192ffc3f248: start 1fcb99f6-8828-4195-ae29-7192ffc3f248@group-6959A1F1550F-FollowerState
2022-08-09 13:47:08,165 [pool-73-thread-1] INFO  util.JmxRegister (JmxRegister.java:tryRegister(44)) - Successfully registered JMX Bean with object name Ratis:service=RaftServer,group=group-6959A1F1550F,id=1fcb99f6-8828-4195-ae29-7192ffc3f248
2022-08-09 13:47:08,166 [Command processor thread] INFO  ratis.XceiverServerRatis (XceiverServerRatis.java:addGroup(765)) - Created group PipelineID=68692978-1a8b-45d6-ad9f-6959a1f1550f
2022-08-09 13:47:08,366 [Listener at 127.0.0.1/44757] INFO  ozone.MiniOzoneClusterImpl (MiniOzoneClusterImpl.java:lambda$waitForClusterToBeReady$0(216)) - Nodes are ready. Got 5 of 5 DN Heartbeats.
2022-08-09 13:47:08,366 [Listener at 127.0.0.1/44757] INFO  ozone.MiniOzoneClusterImpl (MiniOzoneClusterImpl.java:lambda$waitForClusterToBeReady$0(219)) - Waiting for cluster to exit safe mode
2022-08-09 13:47:08,366 [Listener at 127.0.0.1/44757] INFO  ozone.MiniOzoneClusterImpl (MiniOzoneClusterImpl.java:lambda$waitForClusterToBeReady$0(221)) - SCM became leader
2022-08-09 13:47:08,455 [Command processor thread] INFO  server.RaftServer (RaftServerProxy.java:addNew(96)) - 51becc16-89cb-4fad-bf94-a36b935bb005: addNew group-F2EAEC1CDDF7:[51becc16-89cb-4fad-bf94-a36b935bb005|rpc:10.1.0.19:38313|priority:1] returns group-F2EAEC1CDDF7:java.util.concurrent.CompletableFuture@37777d9d[Not completed]
2022-08-09 13:47:08,457 [pool-96-thread-1] INFO  server.RaftServer$Division (RaftServerImpl.java:<init>(190)) - 51becc16-89cb-4fad-bf94-a36b935bb005: new RaftServerImpl for group-F2EAEC1CDDF7:[51becc16-89cb-4fad-bf94-a36b935bb005|rpc:10.1.0.19:38313|priority:1] with ContainerStateMachine:uninitialized
2022-08-09 13:47:08,457 [pool-96-thread-1] INFO  server.RaftServerConfigKeys (ConfUtils.java:logGet(46)) - raft.server.rpc.timeout.min = 5s (custom)
2022-08-09 13:47:08,458 [pool-96-thread-1] INFO  server.RaftServerConfigKeys (ConfUtils.java:logGet(46)) - raft.server.rpc.timeout.max = 5200ms (custom)
2022-08-09 13:47:08,458 [pool-96-thread-1] INFO  server.RaftServerConfigKeys (ConfUtils.java:logGet(46)) - raft.server.rpc.sleep.time = 25ms (default)
2022-08-09 13:47:08,458 [pool-96-thread-1] INFO  server.RaftServerConfigKeys (ConfUtils.java:logGet(46)) - raft.server.rpc.slowness.timeout = 300s (custom)
2022-08-09 13:47:08,458 [pool-96-thread-1] INFO  server.RaftServerConfigKeys (ConfUtils.java:logGet(46)) - raft.server.leaderelection.leader.step-down.wait-time = 10s (default)
2022-08-09 13:47:08,458 [pool-96-thread-1] INFO  server.RaftServerConfigKeys (ConfUtils.java:logGet(46)) - raft.server.sleep.deviation.threshold = 300ms (default)
2022-08-09 13:47:08,458 [pool-96-thread-1] INFO  server.RaftServer$Division (ServerState.java:<init>(107)) - 51becc16-89cb-4fad-bf94-a36b935bb005@group-F2EAEC1CDDF7: ConfigurationManager, init=-1: [51becc16-89cb-4fad-bf94-a36b935bb005|rpc:10.1.0.19:38313|priority:1], old=null, confs=<EMPTY_MAP>
2022-08-09 13:47:08,459 [pool-96-thread-1] INFO  server.RaftServerConfigKeys (ConfUtils.java:logGet(46)) - raft.server.storage.dir = [/home/runner/work/ozone/ozone/hadoop-ozone/integration-test/target/test-dir/MiniOzoneClusterImpl-e9ece791-7ef2-4ada-98fe-daefa8f21954/datanode-1/data/ratis] (custom)
2022-08-09 13:47:08,459 [pool-96-thread-1] INFO  server.RaftServerConfigKeys (ConfUtils.java:logGet(46)) - raft.server.log.corruption.policy = EXCEPTION (default)
2022-08-09 13:47:08,459 [pool-96-thread-1] INFO  server.RaftServerConfigKeys (ConfUtils.java:logGet(46)) - raft.server.storage.free-space.min = 0MB (=0) (default)
2022-08-09 13:47:08,459 [pool-96-thread-1] INFO  storage.RaftStorageDirectory (RaftStorageDirectoryImpl.java:analyzeStorage(135)) - The storage directory /home/runner/work/ozone/ozone/hadoop-ozone/integration-test/target/test-dir/MiniOzoneClusterImpl-e9ece791-7ef2-4ada-98fe-daefa8f21954/datanode-1/data/ratis/538793ac-b0be-448f-ac82-f2eaec1cddf7 does not exist. Creating ...
2022-08-09 13:47:08,460 [pool-96-thread-1] INFO  storage.RaftStorageDirectory (RaftStorageDirectoryImpl.java:tryLock(230)) - Lock on /home/runner/work/ozone/ozone/hadoop-ozone/integration-test/target/test-dir/MiniOzoneClusterImpl-e9ece791-7ef2-4ada-98fe-daefa8f21954/datanode-1/data/ratis/538793ac-b0be-448f-ac82-f2eaec1cddf7/in_use.lock acquired by nodename 10574@fv-az450-466
2022-08-09 13:47:08,462 [pool-96-thread-1] INFO  storage.RaftStorage (RaftStorageImpl.java:format(89)) - Storage directory /home/runner/work/ozone/ozone/hadoop-ozone/integration-test/target/test-dir/MiniOzoneClusterImpl-e9ece791-7ef2-4ada-98fe-daefa8f21954/datanode-1/data/ratis/538793ac-b0be-448f-ac82-f2eaec1cddf7 has been successfully formatted.
2022-08-09 13:47:08,467 [pool-96-thread-1] INFO  ratis.ContainerStateMachine (ContainerStateMachine.java:loadSnapshot(236)) - group-F2EAEC1CDDF7: The snapshot info is null. Setting the last applied indexto:(t:0, i:~)
2022-08-09 13:47:08,468 [pool-96-thread-1] INFO  server.RaftServerConfigKeys (ConfUtils.java:logGet(46)) - raft.server.notification.no-leader.timeout = 300s (custom)
2022-08-09 13:47:08,468 [pool-96-thread-1] INFO  server.RaftServerConfigKeys (ConfUtils.java:logGet(46)) - raft.server.log.use.memory = false (default)
2022-08-09 13:47:08,468 [pool-96-thread-1] INFO  server.RaftServerConfigKeys (ConfUtils.java:logGet(46)) - raft.server.log.purge.gap = 1000000 (custom)
2022-08-09 13:47:08,468 [pool-96-thread-1] INFO  server.RaftServerConfigKeys (ConfUtils.java:logGet(46)) - raft.server.log.appender.buffer.byte-limit = 33554432 (custom)
2022-08-09 13:47:08,469 [pool-96-thread-1] INFO  server.RaftServerConfigKeys (ConfUtils.java:logGet(46)) - raft.server.log.statemachine.data.read.timeout = 1000ms (default)
2022-08-09 13:47:08,469 [EventQueue-PipelineReportForPipelineReportHandler] INFO  pipeline.PipelineManagerImpl (PipelineManagerImpl.java:openPipeline(367)) - Pipeline Pipeline[ Id: 538793ac-b0be-448f-ac82-f2eaec1cddf7, Nodes: 51becc16-89cb-4fad-bf94-a36b935bb005{ip: 10.1.0.19, host: fv-az450-466.jnfmftgkylze5hd05chtbp1i0a.dx.internal.cloudapp.net, ports: [REPLICATION=45611, RATIS=38313, RATIS_ADMIN=38313, RATIS_SERVER=38313, STANDALONE=40157], networkLocation: /default-rack, certSerialId: null, persistedOpState: IN_SERVICE, persistedOpStateExpiryEpochSec: 0}, ReplicationConfig: RATIS/ONE, State:ALLOCATED, leaderId:51becc16-89cb-4fad-bf94-a36b935bb005, CreationTimestamp2022-08-09T13:47:05.455Z[Etc/UTC]] moved to OPEN state
2022-08-09 13:47:08,469 [EventQueue-OpenPipelineForHealthyPipelineSafeModeRule] INFO  safemode.SCMSafeModeManager (HealthyPipelineSafeModeRule.java:process(137)) - SCM in safe mode. Healthy pipelines reported count is 0, required healthy pipeline reported count is 1
2022-08-09 13:47:08,471 [pool-96-thread-1] INFO  server.RaftServerConfigKeys (ConfUtils.java:logGet(46)) - raft.server.log.segment.size.max = 1048576 (custom)
2022-08-09 13:47:08,478 [pool-96-thread-1] INFO  server.RaftServerConfigKeys (ConfUtils.java:logGet(46)) - raft.server.log.segment.cache.num.max = 2 (custom)
2022-08-09 13:47:08,478 [pool-96-thread-1] INFO  server.RaftServerConfigKeys (ConfUtils.java:logGet(46)) - raft.server.log.segment.cache.size.max = 200MB (=209715200) (default)
2022-08-09 13:47:08,478 [pool-96-thread-1] INFO  segmented.SegmentedRaftLogWorker (SegmentedRaftLogWorker.java:<init>(187)) - new 51becc16-89cb-4fad-bf94-a36b935bb005@group-F2EAEC1CDDF7-SegmentedRaftLogWorker for RaftStorageImpl:Storage Directory /home/runner/work/ozone/ozone/hadoop-ozone/integration-test/target/test-dir/MiniOzoneClusterImpl-e9ece791-7ef2-4ada-98fe-daefa8f21954/datanode-1/data/ratis/538793ac-b0be-448f-ac82-f2eaec1cddf7
2022-08-09 13:47:08,478 [pool-96-thread-1] INFO  server.RaftServerConfigKeys (ConfUtils.java:logGet(46)) - raft.server.log.queue.byte-limit = 4294967296 (custom)
2022-08-09 13:47:08,478 [pool-96-thread-1] INFO  server.RaftServerConfigKeys (ConfUtils.java:logGet(46)) - raft.server.log.queue.element-limit = 1024 (custom)
2022-08-09 13:47:08,478 [pool-96-thread-1] INFO  server.RaftServerConfigKeys (ConfUtils.java:logGet(46)) - raft.server.log.segment.size.max = 1048576 (custom)
2022-08-09 13:47:08,478 [pool-96-thread-1] INFO  server.RaftServerConfigKeys (ConfUtils.java:logGet(46)) - raft.server.log.preallocated.size = 16384 (custom)
2022-08-09 13:47:08,478 [pool-96-thread-1] INFO  server.RaftServerConfigKeys (ConfUtils.java:logGet(46)) - raft.server.log.force.sync.num = 128 (default)
2022-08-09 13:47:08,478 [pool-96-thread-1] INFO  server.RaftServerConfigKeys (ConfUtils.java:logGet(46)) - raft.server.log.statemachine.data.sync = true (default)
2022-08-09 13:47:08,478 [pool-96-thread-1] INFO  server.RaftServerConfigKeys (ConfUtils.java:logGet(46)) - raft.server.log.statemachine.data.sync.timeout = 10s (default)
2022-08-09 13:47:08,478 [pool-96-thread-1] INFO  server.RaftServerConfigKeys (ConfUtils.java:logGet(46)) - raft.server.log.statemachine.data.sync.timeout.retry = -1 (default)
2022-08-09 13:47:08,481 [pool-96-thread-1] INFO  server.RaftServerConfigKeys (ConfUtils.java:logGet(46)) - raft.server.log.write.buffer.size = 1048576 (custom)
2022-08-09 13:47:08,482 [pool-96-thread-1] INFO  server.RaftServerConfigKeys (ConfUtils.java:logGet(46)) - raft.server.log.unsafe-flush.enabled = false (default)
2022-08-09 13:47:08,482 [pool-96-thread-1] INFO  server.RaftServerConfigKeys (ConfUtils.java:logGet(46)) - raft.server.log.statemachine.data.caching.enabled = true (custom)
2022-08-09 13:47:08,482 [pool-96-thread-1] INFO  segmented.SegmentedRaftLogWorker (SegmentedRaftLogWorker.java:lambda$new$0(135)) - 51becc16-89cb-4fad-bf94-a36b935bb005@group-F2EAEC1CDDF7-SegmentedRaftLogWorker: flushIndex: setUnconditionally 0 -> -1
2022-08-09 13:47:08,482 [pool-96-thread-1] INFO  segmented.SegmentedRaftLogWorker (SegmentedRaftLogWorker.java:lambda$new$0(135)) - 51becc16-89cb-4fad-bf94-a36b935bb005@group-F2EAEC1CDDF7-SegmentedRaftLogWorker: safeCacheEvictIndex: setUnconditionally 0 -> -1
2022-08-09 13:47:08,486 [pool-96-thread-1] INFO  server.RaftServerConfigKeys (ConfUtils.java:logGet(46)) - raft.server.snapshot.auto.trigger.enabled = true (custom)
2022-08-09 13:47:08,486 [pool-96-thread-1] INFO  server.RaftServerConfigKeys (ConfUtils.java:logGet(46)) - raft.server.snapshot.auto.trigger.threshold = 10000 (custom)
2022-08-09 13:47:08,486 [pool-96-thread-1] INFO  server.RaftServerConfigKeys (ConfUtils.java:logGet(46)) - raft.server.snapshot.retention.file.num = 5 (custom)
2022-08-09 13:47:08,486 [pool-96-thread-1] INFO  server.RaftServerConfigKeys (ConfUtils.java:logGet(46)) - raft.server.log.purge.upto.snapshot.index = false (default)
2022-08-09 13:47:08,486 [pool-96-thread-1] INFO  server.RaftServerConfigKeys (ConfUtils.java:logGet(46)) - raft.server.retrycache.expirytime = 600000ms (custom)
2022-08-09 13:47:08,486 [pool-96-thread-1] INFO  server.RaftServerConfigKeys (ConfUtils.java:logGet(46)) - raft.server.retrycache.statistics.expirytime = 100μs (default)
2022-08-09 13:47:08,487 [pool-96-thread-1] INFO  server.RaftServerConfigKeys (ConfUtils.java:logGet(46)) - raft.server.log.appender.install.snapshot.enabled = false (custom)
2022-08-09 13:47:08,487 [pool-96-thread-1] INFO  server.RaftServerConfigKeys (ConfUtils.java:logGet(46)) - raft.server.threadpool.server.cached = true (default)
2022-08-09 13:47:08,488 [pool-96-thread-1] INFO  server.RaftServerConfigKeys (ConfUtils.java:logGet(46)) - raft.server.threadpool.server.size = 0 (default)
2022-08-09 13:47:08,488 [pool-96-thread-1] INFO  server.RaftServerConfigKeys (ConfUtils.java:logGet(46)) - raft.server.threadpool.client.cached = true (default)
2022-08-09 13:47:08,488 [pool-96-thread-1] INFO  server.RaftServerConfigKeys (ConfUtils.java:logGet(46)) - raft.server.threadpool.client.size = 0 (default)
2022-08-09 13:47:08,488 [pool-96-thread-1] INFO  server.RaftServer$Division (RaftServerImpl.java:start(310)) - 51becc16-89cb-4fad-bf94-a36b935bb005@group-F2EAEC1CDDF7: start as a follower, conf=-1: [51becc16-89cb-4fad-bf94-a36b935bb005|rpc:10.1.0.19:38313|priority:1], old=null
2022-08-09 13:47:08,488 [pool-96-thread-1] INFO  server.RaftServer$Division (RaftServerImpl.java:setRole(299)) - 51becc16-89cb-4fad-bf94-a36b935bb005@group-F2EAEC1CDDF7: changes role from      null to FOLLOWER at term 0 for startAsFollower
2022-08-09 13:47:08,488 [pool-96-thread-1] INFO  impl.RoleInfo (RoleInfo.java:updateAndGet(139)) - 51becc16-89cb-4fad-bf94-a36b935bb005: start 51becc16-89cb-4fad-bf94-a36b935bb005@group-F2EAEC1CDDF7-FollowerState
2022-08-09 13:47:08,490 [pool-96-thread-1] INFO  util.JmxRegister (JmxRegister.java:tryRegister(44)) - Successfully registered JMX Bean with object name Ratis:service=RaftServer,group=group-F2EAEC1CDDF7,id=51becc16-89cb-4fad-bf94-a36b935bb005
2022-08-09 13:47:08,501 [Command processor thread] INFO  ratis.XceiverServerRatis (XceiverServerRatis.java:addGroup(765)) - Created group PipelineID=538793ac-b0be-448f-ac82-f2eaec1cddf7
2022-08-09 13:47:08,501 [Command processor thread] INFO  commandhandler.CreatePipelineCommandHandler (CreatePipelineCommandHandler.java:handle(113)) - Created Pipeline RATIS ONE PipelineID=538793ac-b0be-448f-ac82-f2eaec1cddf7.
2022-08-09 13:47:08,501 [Command processor thread] INFO  server.RaftServer (RaftServerProxy.java:addNew(96)) - 51becc16-89cb-4fad-bf94-a36b935bb005: addNew group-6959A1F1550F:[1fcb99f6-8828-4195-ae29-7192ffc3f248|rpc:10.1.0.19:42165|priority:1, 51becc16-89cb-4fad-bf94-a36b935bb005|rpc:10.1.0.19:38313|priority:0, 364e6842-d032-4d6d-bdb1-058b551233a8|rpc:10.1.0.19:35261|priority:0] returns group-6959A1F1550F:java.util.concurrent.CompletableFuture@3348ffab[Not completed]
2022-08-09 13:47:08,503 [pool-96-thread-1] INFO  server.RaftServer$Division (RaftServerImpl.java:<init>(190)) - 51becc16-89cb-4fad-bf94-a36b935bb005: new RaftServerImpl for group-6959A1F1550F:[1fcb99f6-8828-4195-ae29-7192ffc3f248|rpc:10.1.0.19:42165|priority:1, 51becc16-89cb-4fad-bf94-a36b935bb005|rpc:10.1.0.19:38313|priority:0, 364e6842-d032-4d6d-bdb1-058b551233a8|rpc:10.1.0.19:35261|priority:0] with ContainerStateMachine:uninitialized
2022-08-09 13:47:08,503 [pool-96-thread-1] INFO  server.RaftServerConfigKeys (ConfUtils.java:logGet(46)) - raft.server.rpc.timeout.min = 5s (custom)
2022-08-09 13:47:08,503 [pool-96-thread-1] INFO  server.RaftServerConfigKeys (ConfUtils.java:logGet(46)) - raft.server.rpc.timeout.max = 5200ms (custom)
2022-08-09 13:47:08,503 [pool-96-thread-1] INFO  server.RaftServerConfigKeys (ConfUtils.java:logGet(46)) - raft.server.rpc.sleep.time = 25ms (default)
2022-08-09 13:47:08,503 [pool-96-thread-1] INFO  server.RaftServerConfigKeys (ConfUtils.java:logGet(46)) - raft.server.rpc.slowness.timeout = 300s (custom)
2022-08-09 13:47:08,503 [pool-96-thread-1] INFO  server.RaftServerConfigKeys (ConfUtils.java:logGet(46)) - raft.server.leaderelection.leader.step-down.wait-time = 10s (default)
2022-08-09 13:47:08,503 [pool-96-thread-1] INFO  server.RaftServerConfigKeys (ConfUtils.java:logGet(46)) - raft.server.sleep.deviation.threshold = 300ms (default)
2022-08-09 13:47:08,504 [pool-96-thread-1] INFO  server.RaftServer$Division (ServerState.java:<init>(107)) - 51becc16-89cb-4fad-bf94-a36b935bb005@group-6959A1F1550F: ConfigurationManager, init=-1: [1fcb99f6-8828-4195-ae29-7192ffc3f248|rpc:10.1.0.19:42165|priority:1, 51becc16-89cb-4fad-bf94-a36b935bb005|rpc:10.1.0.19:38313|priority:0, 364e6842-d032-4d6d-bdb1-058b551233a8|rpc:10.1.0.19:35261|priority:0], old=null, confs=<EMPTY_MAP>
2022-08-09 13:47:08,504 [pool-96-thread-1] INFO  server.RaftServerConfigKeys (ConfUtils.java:logGet(46)) - raft.server.storage.dir = [/home/runner/work/ozone/ozone/hadoop-ozone/integration-test/target/test-dir/MiniOzoneClusterImpl-e9ece791-7ef2-4ada-98fe-daefa8f21954/datanode-1/data/ratis] (custom)
2022-08-09 13:47:08,504 [pool-96-thread-1] INFO  server.RaftServerConfigKeys (ConfUtils.java:logGet(46)) - raft.server.log.corruption.policy = EXCEPTION (default)
2022-08-09 13:47:08,504 [pool-96-thread-1] INFO  server.RaftServerConfigKeys (ConfUtils.java:logGet(46)) - raft.server.storage.free-space.min = 0MB (=0) (default)
2022-08-09 13:47:08,504 [pool-96-thread-1] INFO  storage.RaftStorageDirectory (RaftStorageDirectoryImpl.java:analyzeStorage(135)) - The storage directory /home/runner/work/ozone/ozone/hadoop-ozone/integration-test/target/test-dir/MiniOzoneClusterImpl-e9ece791-7ef2-4ada-98fe-daefa8f21954/datanode-1/data/ratis/68692978-1a8b-45d6-ad9f-6959a1f1550f does not exist. Creating ...
2022-08-09 13:47:08,505 [pool-96-thread-1] INFO  storage.RaftStorageDirectory (RaftStorageDirectoryImpl.java:tryLock(230)) - Lock on /home/runner/work/ozone/ozone/hadoop-ozone/integration-test/target/test-dir/MiniOzoneClusterImpl-e9ece791-7ef2-4ada-98fe-daefa8f21954/datanode-1/data/ratis/68692978-1a8b-45d6-ad9f-6959a1f1550f/in_use.lock acquired by nodename 10574@fv-az450-466
2022-08-09 13:47:08,507 [pool-96-thread-1] INFO  storage.RaftStorage (RaftStorageImpl.java:format(89)) - Storage directory /home/runner/work/ozone/ozone/hadoop-ozone/integration-test/target/test-dir/MiniOzoneClusterImpl-e9ece791-7ef2-4ada-98fe-daefa8f21954/datanode-1/data/ratis/68692978-1a8b-45d6-ad9f-6959a1f1550f has been successfully formatted.
2022-08-09 13:47:08,508 [pool-96-thread-1] INFO  ratis.ContainerStateMachine (ContainerStateMachine.java:loadSnapshot(236)) - group-6959A1F1550F: The snapshot info is null. Setting the last applied indexto:(t:0, i:~)
2022-08-09 13:47:08,508 [pool-96-thread-1] INFO  server.RaftServerConfigKeys (ConfUtils.java:logGet(46)) - raft.server.notification.no-leader.timeout = 300s (custom)
2022-08-09 13:47:08,508 [pool-96-thread-1] INFO  server.RaftServerConfigKeys (ConfUtils.java:logGet(46)) - raft.server.log.use.memory = false (default)
2022-08-09 13:47:08,508 [pool-96-thread-1] INFO  server.RaftServerConfigKeys (ConfUtils.java:logGet(46)) - raft.server.log.purge.gap = 1000000 (custom)
2022-08-09 13:47:08,508 [pool-96-thread-1] INFO  server.RaftServerConfigKeys (ConfUtils.java:logGet(46)) - raft.server.log.appender.buffer.byte-limit = 33554432 (custom)
2022-08-09 13:47:08,508 [pool-96-thread-1] INFO  server.RaftServerConfigKeys (ConfUtils.java:logGet(46)) - raft.server.log.statemachine.data.read.timeout = 1000ms (default)
2022-08-09 13:47:08,508 [pool-96-thread-1] INFO  server.RaftServerConfigKeys (ConfUtils.java:logGet(46)) - raft.server.log.segment.size.max = 1048576 (custom)
2022-08-09 13:47:08,509 [pool-96-thread-1] INFO  server.RaftServerConfigKeys (ConfUtils.java:logGet(46)) - raft.server.log.segment.cache.num.max = 2 (custom)
2022-08-09 13:47:08,509 [pool-96-thread-1] INFO  server.RaftServerConfigKeys (ConfUtils.java:logGet(46)) - raft.server.log.segment.cache.size.max = 200MB (=209715200) (default)
2022-08-09 13:47:08,509 [pool-96-thread-1] INFO  segmented.SegmentedRaftLogWorker (SegmentedRaftLogWorker.java:<init>(187)) - new 51becc16-89cb-4fad-bf94-a36b935bb005@group-6959A1F1550F-SegmentedRaftLogWorker for RaftStorageImpl:Storage Directory /home/runner/work/ozone/ozone/hadoop-ozone/integration-test/target/test-dir/MiniOzoneClusterImpl-e9ece791-7ef2-4ada-98fe-daefa8f21954/datanode-1/data/ratis/68692978-1a8b-45d6-ad9f-6959a1f1550f
2022-08-09 13:47:08,509 [pool-96-thread-1] INFO  server.RaftServerConfigKeys (ConfUtils.java:logGet(46)) - raft.server.log.queue.byte-limit = 4294967296 (custom)
2022-08-09 13:47:08,509 [pool-96-thread-1] INFO  server.RaftServerConfigKeys (ConfUtils.java:logGet(46)) - raft.server.log.queue.element-limit = 1024 (custom)
2022-08-09 13:47:08,509 [pool-96-thread-1] INFO  server.RaftServerConfigKeys (ConfUtils.java:logGet(46)) - raft.server.log.segment.size.max = 1048576 (custom)
2022-08-09 13:47:08,509 [pool-96-thread-1] INFO  server.RaftServerConfigKeys (ConfUtils.java:logGet(46)) - raft.server.log.preallocated.size = 16384 (custom)
2022-08-09 13:47:08,509 [pool-96-thread-1] INFO  server.RaftServerConfigKeys (ConfUtils.java:logGet(46)) - raft.server.log.force.sync.num = 128 (default)
2022-08-09 13:47:08,509 [pool-96-thread-1] INFO  server.RaftServerConfigKeys (ConfUtils.java:logGet(46)) - raft.server.log.statemachine.data.sync = true (default)
2022-08-09 13:47:08,509 [pool-96-thread-1] INFO  server.RaftServerConfigKeys (ConfUtils.java:logGet(46)) - raft.server.log.statemachine.data.sync.timeout = 10s (default)
2022-08-09 13:47:08,509 [pool-96-thread-1] INFO  server.RaftServerConfigKeys (ConfUtils.java:logGet(46)) - raft.server.log.statemachine.data.sync.timeout.retry = -1 (default)
2022-08-09 13:47:08,510 [pool-96-thread-1] INFO  server.RaftServerConfigKeys (ConfUtils.java:logGet(46)) - raft.server.log.write.buffer.size = 1048576 (custom)
2022-08-09 13:47:08,510 [pool-96-thread-1] INFO  server.RaftServerConfigKeys (ConfUtils.java:logGet(46)) - raft.server.log.unsafe-flush.enabled = false (default)
2022-08-09 13:47:08,510 [pool-96-thread-1] INFO  server.RaftServerConfigKeys (ConfUtils.java:logGet(46)) - raft.server.log.statemachine.data.caching.enabled = true (custom)
2022-08-09 13:47:08,511 [pool-96-thread-1] INFO  segmented.SegmentedRaftLogWorker (SegmentedRaftLogWorker.java:lambda$new$0(135)) - 51becc16-89cb-4fad-bf94-a36b935bb005@group-6959A1F1550F-SegmentedRaftLogWorker: flushIndex: setUnconditionally 0 -> -1
2022-08-09 13:47:08,511 [pool-96-thread-1] INFO  segmented.SegmentedRaftLogWorker (SegmentedRaftLogWorker.java:lambda$new$0(135)) - 51becc16-89cb-4fad-bf94-a36b935bb005@group-6959A1F1550F-SegmentedRaftLogWorker: safeCacheEvictIndex: setUnconditionally 0 -> -1
2022-08-09 13:47:08,518 [EventQueue-OpenPipelineForHealthyPipelineSafeModeRule] INFO  safemode.SCMSafeModeManager (HealthyPipelineSafeModeRule.java:process(137)) - SCM in safe mode. Healthy pipelines reported count is 0, required healthy pipeline reported count is 1
2022-08-09 13:47:08,521 [pool-96-thread-1] INFO  server.RaftServerConfigKeys (ConfUtils.java:logGet(46)) - raft.server.snapshot.auto.trigger.enabled = true (custom)
2022-08-09 13:47:08,521 [pool-96-thread-1] INFO  server.RaftServerConfigKeys (ConfUtils.java:logGet(46)) - raft.server.snapshot.auto.trigger.threshold = 10000 (custom)
2022-08-09 13:47:08,521 [pool-96-thread-1] INFO  server.RaftServerConfigKeys (ConfUtils.java:logGet(46)) - raft.server.snapshot.retention.file.num = 5 (custom)
2022-08-09 13:47:08,521 [pool-96-thread-1] INFO  server.RaftServerConfigKeys (ConfUtils.java:logGet(46)) - raft.server.log.purge.upto.snapshot.index = false (default)
2022-08-09 13:47:08,521 [pool-96-thread-1] INFO  server.RaftServerConfigKeys (ConfUtils.java:logGet(46)) - raft.server.retrycache.expirytime = 600000ms (custom)
2022-08-09 13:47:08,521 [pool-96-thread-1] INFO  server.RaftServerConfigKeys (ConfUtils.java:logGet(46)) - raft.server.retrycache.statistics.expirytime = 100μs (default)
2022-08-09 13:47:08,522 [pool-96-thread-1] INFO  server.RaftServerConfigKeys (ConfUtils.java:logGet(46)) - raft.server.log.appender.install.snapshot.enabled = false (custom)
2022-08-09 13:47:08,523 [pool-96-thread-1] INFO  server.RaftServerConfigKeys (ConfUtils.java:logGet(46)) - raft.server.threadpool.server.cached = true (default)
2022-08-09 13:47:08,523 [pool-96-thread-1] INFO  server.RaftServerConfigKeys (ConfUtils.java:logGet(46)) - raft.server.threadpool.server.size = 0 (default)
2022-08-09 13:47:08,523 [pool-96-thread-1] INFO  server.RaftServerConfigKeys (ConfUtils.java:logGet(46)) - raft.server.threadpool.client.cached = true (default)
2022-08-09 13:47:08,523 [pool-96-thread-1] INFO  server.RaftServerConfigKeys (ConfUtils.java:logGet(46)) - raft.server.threadpool.client.size = 0 (default)
2022-08-09 13:47:08,523 [pool-96-thread-1] INFO  server.RaftServer$Division (RaftServerImpl.java:start(310)) - 51becc16-89cb-4fad-bf94-a36b935bb005@group-6959A1F1550F: start as a follower, conf=-1: [1fcb99f6-8828-4195-ae29-7192ffc3f248|rpc:10.1.0.19:42165|priority:1, 51becc16-89cb-4fad-bf94-a36b935bb005|rpc:10.1.0.19:38313|priority:0, 364e6842-d032-4d6d-bdb1-058b551233a8|rpc:10.1.0.19:35261|priority:0], old=null
2022-08-09 13:47:08,523 [pool-96-thread-1] INFO  server.RaftServer$Division (RaftServerImpl.java:setRole(299)) - 51becc16-89cb-4fad-bf94-a36b935bb005@group-6959A1F1550F: changes role from      null to FOLLOWER at term 0 for startAsFollower
2022-08-09 13:47:08,523 [pool-96-thread-1] INFO  impl.RoleInfo (RoleInfo.java:updateAndGet(139)) - 51becc16-89cb-4fad-bf94-a36b935bb005: start 51becc16-89cb-4fad-bf94-a36b935bb005@group-6959A1F1550F-FollowerState
2022-08-09 13:47:08,548 [pool-96-thread-1] INFO  util.JmxRegister (JmxRegister.java:tryRegister(44)) - Successfully registered JMX Bean with object name Ratis:service=RaftServer,group=group-6959A1F1550F,id=51becc16-89cb-4fad-bf94-a36b935bb005
2022-08-09 13:47:08,553 [Command processor thread] INFO  ratis.XceiverServerRatis (XceiverServerRatis.java:addGroup(765)) - Created group PipelineID=68692978-1a8b-45d6-ad9f-6959a1f1550f
2022-08-09 13:47:08,679 [Finalizer] WARN  managed.ManagedRocksObjectUtils (ManagedRocksObjectUtils.java:assertClosed(39)) - Checkpoint is not closed properly
2022-08-09 13:47:08,690 [Finalizer] WARN  managed.ManagedRocksObjectUtils (ManagedRocksObjectUtils.java:assertClosed(39)) - ManagedColumnFamilyOptions is not closed properly
2022-08-09 13:47:08,690 [Finalizer] WARN  managed.ManagedRocksObjectUtils (ManagedRocksObjectUtils.java:assertClosed(39)) - ManagedColumnFamilyOptions is not closed properly
2022-08-09 13:47:08,690 [Finalizer] WARN  managed.ManagedRocksObjectUtils (ManagedRocksObjectUtils.java:assertClosed(39)) - ManagedColumnFamilyOptions is not closed properly
2022-08-09 13:47:08,690 [Finalizer] WARN  managed.ManagedRocksObjectUtils (ManagedRocksObjectUtils.java:assertClosed(39)) - ManagedColumnFamilyOptions is not closed properly
2022-08-09 13:47:08,691 [Finalizer] WARN  managed.ManagedRocksObjectUtils (ManagedRocksObjectUtils.java:assertClosed(39)) - ManagedLRUCache is not closed properly
2022-08-09 13:47:08,691 [Finalizer] WARN  managed.ManagedRocksObjectUtils (ManagedRocksObjectUtils.java:assertClosed(39)) - ManagedBloomFilter is not closed properly
2022-08-09 13:47:08,691 [Finalizer] WARN  managed.ManagedRocksObjectUtils (ManagedRocksObjectUtils.java:assertClosed(39)) - ManagedLRUCache is not closed properly
2022-08-09 13:47:08,691 [Finalizer] WARN  managed.ManagedRocksObjectUtils (ManagedRocksObjectUtils.java:assertClosed(39)) - ManagedDBOptions is not closed properly
2022-08-09 13:47:08,691 [Finalizer] WARN  managed.ManagedRocksObjectUtils (ManagedRocksObjectUtils.java:assertClosed(39)) - ManagedColumnFamilyOptions is not closed properly
2022-08-09 13:47:08,691 [Finalizer] WARN  managed.ManagedRocksObjectUtils (ManagedRocksObjectUtils.java:assertClosed(39)) - ManagedLRUCache is not closed properly
2022-08-09 13:47:08,691 [Finalizer] WARN  managed.ManagedRocksObjectUtils (ManagedRocksObjectUtils.java:assertClosed(39)) - ManagedBloomFilter is not closed properly
2022-08-09 13:47:08,691 [Finalizer] WARN  managed.ManagedRocksObjectUtils (ManagedRocksObjectUtils.java:assertClosed(39)) - ManagedDBOptions is not closed properly
2022-08-09 13:47:08,691 [Finalizer] WARN  managed.ManagedRocksObjectUtils (ManagedRocksObjectUtils.java:assertClosed(39)) - ManagedColumnFamilyOptions is not closed properly
2022-08-09 13:47:08,691 [Finalizer] WARN  managed.ManagedRocksObjectUtils (ManagedRocksObjectUtils.java:assertClosed(39)) - ManagedLRUCache is not closed properly
2022-08-09 13:47:08,691 [Finalizer] WARN  managed.ManagedRocksObjectUtils (ManagedRocksObjectUtils.java:assertClosed(39)) - ManagedBloomFilter is not closed properly
2022-08-09 13:47:08,691 [Finalizer] WARN  managed.ManagedRocksObjectUtils (ManagedRocksObjectUtils.java:assertClosed(39)) - ManagedDBOptions is not closed properly
2022-08-09 13:47:08,691 [Finalizer] WARN  managed.ManagedRocksObjectUtils (ManagedRocksObjectUtils.java:assertClosed(39)) - ManagedColumnFamilyOptions is not closed properly
2022-08-09 13:47:08,691 [Finalizer] WARN  managed.ManagedRocksObjectUtils (ManagedRocksObjectUtils.java:assertClosed(39)) - ManagedLRUCache is not closed properly
2022-08-09 13:47:08,692 [Finalizer] WARN  managed.ManagedRocksObjectUtils (ManagedRocksObjectUtils.java:assertClosed(39)) - ManagedBloomFilter is not closed properly
2022-08-09 13:47:08,692 [Finalizer] WARN  managed.ManagedRocksObjectUtils (ManagedRocksObjectUtils.java:assertClosed(39)) - ManagedDBOptions is not closed properly
2022-08-09 13:47:08,692 [Finalizer] WARN  managed.ManagedRocksObjectUtils (ManagedRocksObjectUtils.java:assertClosed(39)) - ManagedColumnFamilyOptions is not closed properly
2022-08-09 13:47:08,692 [Finalizer] WARN  managed.ManagedRocksObjectUtils (ManagedRocksObjectUtils.java:assertClosed(39)) - ManagedLRUCache is not closed properly
2022-08-09 13:47:08,692 [Finalizer] WARN  managed.ManagedRocksObjectUtils (ManagedRocksObjectUtils.java:assertClosed(39)) - ManagedBloomFilter is not closed properly
2022-08-09 13:47:08,692 [Finalizer] WARN  managed.ManagedRocksObjectUtils (ManagedRocksObjectUtils.java:assertClosed(39)) - ManagedDBOptions is not closed properly
2022-08-09 13:47:08,692 [Finalizer] WARN  managed.ManagedRocksObjectUtils (ManagedRocksObjectUtils.java:assertClosed(39)) - ManagedColumnFamilyOptions is not closed properly
2022-08-09 13:47:08,692 [Finalizer] WARN  managed.ManagedRocksObjectUtils (ManagedRocksObjectUtils.java:assertClosed(39)) - ManagedLRUCache is not closed properly
2022-08-09 13:47:08,692 [Finalizer] WARN  managed.ManagedRocksObjectUtils (ManagedRocksObjectUtils.java:assertClosed(39)) - ManagedBloomFilter is not closed properly
2022-08-09 13:47:08,722 [grpc-default-executor-1] INFO  server.RaftServer (RaftServerProxy.java:addNew(96)) - 364e6842-d032-4d6d-bdb1-058b551233a8: addNew group-6959A1F1550F:[1fcb99f6-8828-4195-ae29-7192ffc3f248|rpc:10.1.0.19:42165|dataStream:|priority:1, 51becc16-89cb-4fad-bf94-a36b935bb005|rpc:10.1.0.19:38313|dataStream:|priority:0, 364e6842-d032-4d6d-bdb1-058b551233a8|rpc:10.1.0.19:35261|dataStream:|priority:0] returns group-6959A1F1550F:java.util.concurrent.CompletableFuture@1054bf71[Not completed]
2022-08-09 13:47:08,723 [pool-119-thread-1] INFO  server.RaftServer$Division (RaftServerImpl.java:<init>(190)) - 364e6842-d032-4d6d-bdb1-058b551233a8: new RaftServerImpl for group-6959A1F1550F:[1fcb99f6-8828-4195-ae29-7192ffc3f248|rpc:10.1.0.19:42165|dataStream:|priority:1, 51becc16-89cb-4fad-bf94-a36b935bb005|rpc:10.1.0.19:38313|dataStream:|priority:0, 364e6842-d032-4d6d-bdb1-058b551233a8|rpc:10.1.0.19:35261|dataStream:|priority:0] with ContainerStateMachine:uninitialized
2022-08-09 13:47:08,724 [pool-119-thread-1] INFO  server.RaftServerConfigKeys (ConfUtils.java:logGet(46)) - raft.server.rpc.timeout.min = 5s (custom)
2022-08-09 13:47:08,724 [pool-119-thread-1] INFO  server.RaftServerConfigKeys (ConfUtils.java:logGet(46)) - raft.server.rpc.timeout.max = 5200ms (custom)
2022-08-09 13:47:08,724 [pool-119-thread-1] INFO  server.RaftServerConfigKeys (ConfUtils.java:logGet(46)) - raft.server.rpc.sleep.time = 25ms (default)
2022-08-09 13:47:08,724 [pool-119-thread-1] INFO  server.RaftServerConfigKeys (ConfUtils.java:logGet(46)) - raft.server.rpc.slowness.timeout = 300s (custom)
2022-08-09 13:47:08,724 [pool-119-thread-1] INFO  server.RaftServerConfigKeys (ConfUtils.java:logGet(46)) - raft.server.leaderelection.leader.step-down.wait-time = 10s (default)
2022-08-09 13:47:08,724 [pool-119-thread-1] INFO  server.RaftServerConfigKeys (ConfUtils.java:logGet(46)) - raft.server.sleep.deviation.threshold = 300ms (default)
2022-08-09 13:47:08,724 [pool-119-thread-1] INFO  server.RaftServer$Division (ServerState.java:<init>(107)) - 364e6842-d032-4d6d-bdb1-058b551233a8@group-6959A1F1550F: ConfigurationManager, init=-1: [1fcb99f6-8828-4195-ae29-7192ffc3f248|rpc:10.1.0.19:42165|dataStream:|priority:1, 51becc16-89cb-4fad-bf94-a36b935bb005|rpc:10.1.0.19:38313|dataStream:|priority:0, 364e6842-d032-4d6d-bdb1-058b551233a8|rpc:10.1.0.19:35261|dataStream:|priority:0], old=null, confs=<EMPTY_MAP>
2022-08-09 13:47:08,724 [pool-119-thread-1] INFO  server.RaftServerConfigKeys (ConfUtils.java:logGet(46)) - raft.server.storage.dir = [/home/runner/work/ozone/ozone/hadoop-ozone/integration-test/target/test-dir/MiniOzoneClusterImpl-e9ece791-7ef2-4ada-98fe-daefa8f21954/datanode-2/data/ratis] (custom)
2022-08-09 13:47:08,724 [pool-119-thread-1] INFO  server.RaftServerConfigKeys (ConfUtils.java:logGet(46)) - raft.server.log.corruption.policy = EXCEPTION (default)
2022-08-09 13:47:08,724 [pool-119-thread-1] INFO  server.RaftServerConfigKeys (ConfUtils.java:logGet(46)) - raft.server.storage.free-space.min = 0MB (=0) (default)
2022-08-09 13:47:08,724 [pool-119-thread-1] INFO  storage.RaftStorageDirectory (RaftStorageDirectoryImpl.java:analyzeStorage(135)) - The storage directory /home/runner/work/ozone/ozone/hadoop-ozone/integration-test/target/test-dir/MiniOzoneClusterImpl-e9ece791-7ef2-4ada-98fe-daefa8f21954/datanode-2/data/ratis/68692978-1a8b-45d6-ad9f-6959a1f1550f does not exist. Creating ...
2022-08-09 13:47:08,726 [pool-119-thread-1] INFO  storage.RaftStorageDirectory (RaftStorageDirectoryImpl.java:tryLock(230)) - Lock on /home/runner/work/ozone/ozone/hadoop-ozone/integration-test/target/test-dir/MiniOzoneClusterImpl-e9ece791-7ef2-4ada-98fe-daefa8f21954/datanode-2/data/ratis/68692978-1a8b-45d6-ad9f-6959a1f1550f/in_use.lock acquired by nodename 10574@fv-az450-466
2022-08-09 13:47:08,727 [pool-119-thread-1] INFO  storage.RaftStorage (RaftStorageImpl.java:format(89)) - Storage directory /home/runner/work/ozone/ozone/hadoop-ozone/integration-test/target/test-dir/MiniOzoneClusterImpl-e9ece791-7ef2-4ada-98fe-daefa8f21954/datanode-2/data/ratis/68692978-1a8b-45d6-ad9f-6959a1f1550f has been successfully formatted.
2022-08-09 13:47:08,731 [pool-119-thread-1] INFO  ratis.ContainerStateMachine (ContainerStateMachine.java:loadSnapshot(236)) - group-6959A1F1550F: The snapshot info is null. Setting the last applied indexto:(t:0, i:~)
2022-08-09 13:47:08,731 [pool-119-thread-1] INFO  server.RaftServerConfigKeys (ConfUtils.java:logGet(46)) - raft.server.notification.no-leader.timeout = 300s (custom)
2022-08-09 13:47:08,731 [pool-119-thread-1] INFO  server.RaftServerConfigKeys (ConfUtils.java:logGet(46)) - raft.server.log.use.memory = false (default)
2022-08-09 13:47:08,731 [pool-119-thread-1] INFO  server.RaftServerConfigKeys (ConfUtils.java:logGet(46)) - raft.server.log.purge.gap = 1000000 (custom)
2022-08-09 13:47:08,731 [pool-119-thread-1] INFO  server.RaftServerConfigKeys (ConfUtils.java:logGet(46)) - raft.server.log.appender.buffer.byte-limit = 33554432 (custom)
2022-08-09 13:47:08,731 [pool-119-thread-1] INFO  server.RaftServerConfigKeys (ConfUtils.java:logGet(46)) - raft.server.log.statemachine.data.read.timeout = 1000ms (default)
2022-08-09 13:47:08,732 [pool-119-thread-1] INFO  server.RaftServerConfigKeys (ConfUtils.java:logGet(46)) - raft.server.log.segment.size.max = 1048576 (custom)
2022-08-09 13:47:08,732 [pool-119-thread-1] INFO  server.RaftServerConfigKeys (ConfUtils.java:logGet(46)) - raft.server.log.segment.cache.num.max = 2 (custom)
2022-08-09 13:47:08,732 [pool-119-thread-1] INFO  server.RaftServerConfigKeys (ConfUtils.java:logGet(46)) - raft.server.log.segment.cache.size.max = 200MB (=209715200) (default)
2022-08-09 13:47:08,732 [pool-119-thread-1] INFO  segmented.SegmentedRaftLogWorker (SegmentedRaftLogWorker.java:<init>(187)) - new 364e6842-d032-4d6d-bdb1-058b551233a8@group-6959A1F1550F-SegmentedRaftLogWorker for RaftStorageImpl:Storage Directory /home/runner/work/ozone/ozone/hadoop-ozone/integration-test/target/test-dir/MiniOzoneClusterImpl-e9ece791-7ef2-4ada-98fe-daefa8f21954/datanode-2/data/ratis/68692978-1a8b-45d6-ad9f-6959a1f1550f
2022-08-09 13:47:08,732 [pool-119-thread-1] INFO  server.RaftServerConfigKeys (ConfUtils.java:logGet(46)) - raft.server.log.queue.byte-limit = 4294967296 (custom)
2022-08-09 13:47:08,732 [pool-119-thread-1] INFO  server.RaftServerConfigKeys (ConfUtils.java:logGet(46)) - raft.server.log.queue.element-limit = 1024 (custom)
2022-08-09 13:47:08,732 [pool-119-thread-1] INFO  server.RaftServerConfigKeys (ConfUtils.java:logGet(46)) - raft.server.log.segment.size.max = 1048576 (custom)
2022-08-09 13:47:08,732 [pool-119-thread-1] INFO  server.RaftServerConfigKeys (ConfUtils.java:logGet(46)) - raft.server.log.preallocated.size = 16384 (custom)
2022-08-09 13:47:08,732 [pool-119-thread-1] INFO  server.RaftServerConfigKeys (ConfUtils.java:logGet(46)) - raft.server.log.force.sync.num = 128 (default)
2022-08-09 13:47:08,732 [pool-119-thread-1] INFO  server.RaftServerConfigKeys (ConfUtils.java:logGet(46)) - raft.server.log.statemachine.data.sync = true (default)
2022-08-09 13:47:08,733 [pool-119-thread-1] INFO  server.RaftServerConfigKeys (ConfUtils.java:logGet(46)) - raft.server.log.statemachine.data.sync.timeout = 10s (default)
2022-08-09 13:47:08,733 [pool-119-thread-1] INFO  server.RaftServerConfigKeys (ConfUtils.java:logGet(46)) - raft.server.log.statemachine.data.sync.timeout.retry = -1 (default)
2022-08-09 13:47:08,734 [pool-119-thread-1] INFO  server.RaftServerConfigKeys (ConfUtils.java:logGet(46)) - raft.server.log.write.buffer.size = 1048576 (custom)
2022-08-09 13:47:08,738 [pool-119-thread-1] INFO  server.RaftServerConfigKeys (ConfUtils.java:logGet(46)) - raft.server.log.unsafe-flush.enabled = false (default)
2022-08-09 13:47:08,739 [pool-119-thread-1] INFO  server.RaftServerConfigKeys (ConfUtils.java:logGet(46)) - raft.server.log.statemachine.data.caching.enabled = true (custom)
2022-08-09 13:47:08,739 [pool-119-thread-1] INFO  segmented.SegmentedRaftLogWorker (SegmentedRaftLogWorker.java:lambda$new$0(135)) - 364e6842-d032-4d6d-bdb1-058b551233a8@group-6959A1F1550F-SegmentedRaftLogWorker: flushIndex: setUnconditionally 0 -> -1
2022-08-09 13:47:08,739 [pool-119-thread-1] INFO  segmented.SegmentedRaftLogWorker (SegmentedRaftLogWorker.java:lambda$new$0(135)) - 364e6842-d032-4d6d-bdb1-058b551233a8@group-6959A1F1550F-SegmentedRaftLogWorker: safeCacheEvictIndex: setUnconditionally 0 -> -1
2022-08-09 13:47:08,741 [pool-119-thread-1] INFO  server.RaftServerConfigKeys (ConfUtils.java:logGet(46)) - raft.server.snapshot.auto.trigger.enabled = true (custom)
2022-08-09 13:47:08,741 [pool-119-thread-1] INFO  server.RaftServerConfigKeys (ConfUtils.java:logGet(46)) - raft.server.snapshot.auto.trigger.threshold = 10000 (custom)
2022-08-09 13:47:08,741 [pool-119-thread-1] INFO  server.RaftServerConfigKeys (ConfUtils.java:logGet(46)) - raft.server.snapshot.retention.file.num = 5 (custom)
2022-08-09 13:47:08,741 [pool-119-thread-1] INFO  server.RaftServerConfigKeys (ConfUtils.java:logGet(46)) - raft.server.log.purge.upto.snapshot.index = false (default)
2022-08-09 13:47:08,741 [pool-119-thread-1] INFO  server.RaftServerConfigKeys (ConfUtils.java:logGet(46)) - raft.server.retrycache.expirytime = 600000ms (custom)
2022-08-09 13:47:08,741 [pool-119-thread-1] INFO  server.RaftServerConfigKeys (ConfUtils.java:logGet(46)) - raft.server.retrycache.statistics.expirytime = 100μs (default)
2022-08-09 13:47:08,742 [pool-119-thread-1] INFO  server.RaftServerConfigKeys (ConfUtils.java:logGet(46)) - raft.server.log.appender.install.snapshot.enabled = false (custom)
2022-08-09 13:47:08,742 [pool-119-thread-1] INFO  server.RaftServerConfigKeys (ConfUtils.java:logGet(46)) - raft.server.threadpool.server.cached = true (default)
2022-08-09 13:47:08,742 [pool-119-thread-1] INFO  server.RaftServerConfigKeys (ConfUtils.java:logGet(46)) - raft.server.threadpool.server.size = 0 (default)
2022-08-09 13:47:08,742 [pool-119-thread-1] INFO  server.RaftServerConfigKeys (ConfUtils.java:logGet(46)) - raft.server.threadpool.client.cached = true (default)
2022-08-09 13:47:08,742 [pool-119-thread-1] INFO  server.RaftServerConfigKeys (ConfUtils.java:logGet(46)) - raft.server.threadpool.client.size = 0 (default)
2022-08-09 13:47:08,742 [pool-119-thread-1] INFO  server.RaftServer$Division (RaftServerImpl.java:start(310)) - 364e6842-d032-4d6d-bdb1-058b551233a8@group-6959A1F1550F: start as a follower, conf=-1: [1fcb99f6-8828-4195-ae29-7192ffc3f248|rpc:10.1.0.19:42165|dataStream:|priority:1, 51becc16-89cb-4fad-bf94-a36b935bb005|rpc:10.1.0.19:38313|dataStream:|priority:0, 364e6842-d032-4d6d-bdb1-058b551233a8|rpc:10.1.0.19:35261|dataStream:|priority:0], old=null
2022-08-09 13:47:08,742 [pool-119-thread-1] INFO  server.RaftServer$Division (RaftServerImpl.java:setRole(299)) - 364e6842-d032-4d6d-bdb1-058b551233a8@group-6959A1F1550F: changes role from      null to FOLLOWER at term 0 for startAsFollower
2022-08-09 13:47:08,742 [pool-119-thread-1] INFO  impl.RoleInfo (RoleInfo.java:updateAndGet(139)) - 364e6842-d032-4d6d-bdb1-058b551233a8: start 364e6842-d032-4d6d-bdb1-058b551233a8@group-6959A1F1550F-FollowerState
2022-08-09 13:47:08,743 [pool-119-thread-1] INFO  util.JmxRegister (JmxRegister.java:tryRegister(44)) - Successfully registered JMX Bean with object name Ratis:service=RaftServer,group=group-6959A1F1550F,id=364e6842-d032-4d6d-bdb1-058b551233a8
2022-08-09 13:47:08,750 [Command processor thread] INFO  server.RaftServer (RaftServerProxy.java:addNew(96)) - 364e6842-d032-4d6d-bdb1-058b551233a8: addNew group-176A32DB42C5:[364e6842-d032-4d6d-bdb1-058b551233a8|rpc:10.1.0.19:35261|priority:1] returns group-176A32DB42C5:java.util.concurrent.CompletableFuture@7a23284a[Not completed]
2022-08-09 13:47:08,751 [pool-119-thread-1] INFO  server.RaftServer$Division (RaftServerImpl.java:<init>(190)) - 364e6842-d032-4d6d-bdb1-058b551233a8: new RaftServerImpl for group-176A32DB42C5:[364e6842-d032-4d6d-bdb1-058b551233a8|rpc:10.1.0.19:35261|priority:1] with ContainerStateMachine:uninitialized
2022-08-09 13:47:08,751 [pool-119-thread-1] INFO  server.RaftServerConfigKeys (ConfUtils.java:logGet(46)) - raft.server.rpc.timeout.min = 5s (custom)
2022-08-09 13:47:08,751 [pool-119-thread-1] INFO  server.RaftServerConfigKeys (ConfUtils.java:logGet(46)) - raft.server.rpc.timeout.max = 5200ms (custom)
2022-08-09 13:47:08,751 [pool-119-thread-1] INFO  server.RaftServerConfigKeys (ConfUtils.java:logGet(46)) - raft.server.rpc.sleep.time = 25ms (default)
2022-08-09 13:47:08,751 [pool-119-thread-1] INFO  server.RaftServerConfigKeys (ConfUtils.java:logGet(46)) - raft.server.rpc.slowness.timeout = 300s (custom)
2022-08-09 13:47:08,751 [pool-119-thread-1] INFO  server.RaftServerConfigKeys (ConfUtils.java:logGet(46)) - raft.server.leaderelection.leader.step-down.wait-time = 10s (default)
2022-08-09 13:47:08,751 [pool-119-thread-1] INFO  server.RaftServerConfigKeys (ConfUtils.java:logGet(46)) - raft.server.sleep.deviation.threshold = 300ms (default)
2022-08-09 13:47:08,751 [pool-119-thread-1] INFO  server.RaftServer$Division (ServerState.java:<init>(107)) - 364e6842-d032-4d6d-bdb1-058b551233a8@group-176A32DB42C5: ConfigurationManager, init=-1: [364e6842-d032-4d6d-bdb1-058b551233a8|rpc:10.1.0.19:35261|priority:1], old=null, confs=<EMPTY_MAP>
2022-08-09 13:47:08,751 [pool-119-thread-1] INFO  server.RaftServerConfigKeys (ConfUtils.java:logGet(46)) - raft.server.storage.dir = [/home/runner/work/ozone/ozone/hadoop-ozone/integration-test/target/test-dir/MiniOzoneClusterImpl-e9ece791-7ef2-4ada-98fe-daefa8f21954/datanode-2/data/ratis] (custom)
2022-08-09 13:47:08,751 [pool-119-thread-1] INFO  server.RaftServerConfigKeys (ConfUtils.java:logGet(46)) - raft.server.log.corruption.policy = EXCEPTION (default)
2022-08-09 13:47:08,751 [pool-119-thread-1] INFO  server.RaftServerConfigKeys (ConfUtils.java:logGet(46)) - raft.server.storage.free-space.min = 0MB (=0) (default)
2022-08-09 13:47:08,751 [pool-119-thread-1] INFO  storage.RaftStorageDirectory (RaftStorageDirectoryImpl.java:analyzeStorage(135)) - The storage directory /home/runner/work/ozone/ozone/hadoop-ozone/integration-test/target/test-dir/MiniOzoneClusterImpl-e9ece791-7ef2-4ada-98fe-daefa8f21954/datanode-2/data/ratis/dafa55fd-1072-4b03-a97e-176a32db42c5 does not exist. Creating ...
2022-08-09 13:47:08,754 [pool-119-thread-1] INFO  storage.RaftStorageDirectory (RaftStorageDirectoryImpl.java:tryLock(230)) - Lock on /home/runner/work/ozone/ozone/hadoop-ozone/integration-test/target/test-dir/MiniOzoneClusterImpl-e9ece791-7ef2-4ada-98fe-daefa8f21954/datanode-2/data/ratis/dafa55fd-1072-4b03-a97e-176a32db42c5/in_use.lock acquired by nodename 10574@fv-az450-466
2022-08-09 13:47:08,755 [pool-119-thread-1] INFO  storage.RaftStorage (RaftStorageImpl.java:format(89)) - Storage directory /home/runner/work/ozone/ozone/hadoop-ozone/integration-test/target/test-dir/MiniOzoneClusterImpl-e9ece791-7ef2-4ada-98fe-daefa8f21954/datanode-2/data/ratis/dafa55fd-1072-4b03-a97e-176a32db42c5 has been successfully formatted.
2022-08-09 13:47:08,755 [pool-119-thread-1] INFO  ratis.ContainerStateMachine (ContainerStateMachine.java:loadSnapshot(236)) - group-176A32DB42C5: The snapshot info is null. Setting the last applied indexto:(t:0, i:~)
2022-08-09 13:47:08,755 [pool-119-thread-1] INFO  server.RaftServerConfigKeys (ConfUtils.java:logGet(46)) - raft.server.notification.no-leader.timeout = 300s (custom)
2022-08-09 13:47:08,755 [pool-119-thread-1] INFO  server.RaftServerConfigKeys (ConfUtils.java:logGet(46)) - raft.server.log.use.memory = false (default)
2022-08-09 13:47:08,755 [pool-119-thread-1] INFO  server.RaftServerConfigKeys (ConfUtils.java:logGet(46)) - raft.server.log.purge.gap = 1000000 (custom)
2022-08-09 13:47:08,755 [pool-119-thread-1] INFO  server.RaftServerConfigKeys (ConfUtils.java:logGet(46)) - raft.server.log.appender.buffer.byte-limit = 33554432 (custom)
2022-08-09 13:47:08,756 [pool-119-thread-1] INFO  server.RaftServerConfigKeys (ConfUtils.java:logGet(46)) - raft.server.log.statemachine.data.read.timeout = 1000ms (default)
2022-08-09 13:47:08,756 [pool-119-thread-1] INFO  server.RaftServerConfigKeys (ConfUtils.java:logGet(46)) - raft.server.log.segment.size.max = 1048576 (custom)
2022-08-09 13:47:08,756 [pool-119-thread-1] INFO  server.RaftServerConfigKeys (ConfUtils.java:logGet(46)) - raft.server.log.segment.cache.num.max = 2 (custom)
2022-08-09 13:47:08,756 [pool-119-thread-1] INFO  server.RaftServerConfigKeys (ConfUtils.java:logGet(46)) - raft.server.log.segment.cache.size.max = 200MB (=209715200) (default)
2022-08-09 13:47:08,756 [pool-119-thread-1] INFO  segmented.SegmentedRaftLogWorker (SegmentedRaftLogWorker.java:<init>(187)) - new 364e6842-d032-4d6d-bdb1-058b551233a8@group-176A32DB42C5-SegmentedRaftLogWorker for RaftStorageImpl:Storage Directory /home/runner/work/ozone/ozone/hadoop-ozone/integration-test/target/test-dir/MiniOzoneClusterImpl-e9ece791-7ef2-4ada-98fe-daefa8f21954/datanode-2/data/ratis/dafa55fd-1072-4b03-a97e-176a32db42c5
2022-08-09 13:47:08,756 [pool-119-thread-1] INFO  server.RaftServerConfigKeys (ConfUtils.java:logGet(46)) - raft.server.log.queue.byte-limit = 4294967296 (custom)
2022-08-09 13:47:08,756 [pool-119-thread-1] INFO  server.RaftServerConfigKeys (ConfUtils.java:logGet(46)) - raft.server.log.queue.element-limit = 1024 (custom)
2022-08-09 13:47:08,756 [pool-119-thread-1] INFO  server.RaftServerConfigKeys (ConfUtils.java:logGet(46)) - raft.server.log.segment.size.max = 1048576 (custom)
2022-08-09 13:47:08,756 [pool-119-thread-1] INFO  server.RaftServerConfigKeys (ConfUtils.java:logGet(46)) - raft.server.log.preallocated.size = 16384 (custom)
2022-08-09 13:47:08,756 [pool-119-thread-1] INFO  server.RaftServerConfigKeys (ConfUtils.java:logGet(46)) - raft.server.log.force.sync.num = 128 (default)
2022-08-09 13:47:08,756 [pool-119-thread-1] INFO  server.RaftServerConfigKeys (ConfUtils.java:logGet(46)) - raft.server.log.statemachine.data.sync = true (default)
2022-08-09 13:47:08,756 [pool-119-thread-1] INFO  server.RaftServerConfigKeys (ConfUtils.java:logGet(46)) - raft.server.log.statemachine.data.sync.timeout = 10s (default)
2022-08-09 13:47:08,756 [pool-119-thread-1] INFO  server.RaftServerConfigKeys (ConfUtils.java:logGet(46)) - raft.server.log.statemachine.data.sync.timeout.retry = -1 (default)
2022-08-09 13:47:08,757 [pool-119-thread-1] INFO  server.RaftServerConfigKeys (ConfUtils.java:logGet(46)) - raft.server.log.write.buffer.size = 1048576 (custom)
2022-08-09 13:47:08,758 [pool-119-thread-1] INFO  server.RaftServerConfigKeys (ConfUtils.java:logGet(46)) - raft.server.log.unsafe-flush.enabled = false (default)
2022-08-09 13:47:08,758 [pool-119-thread-1] INFO  server.RaftServerConfigKeys (ConfUtils.java:logGet(46)) - raft.server.log.statemachine.data.caching.enabled = true (custom)
2022-08-09 13:47:08,758 [pool-119-thread-1] INFO  segmented.SegmentedRaftLogWorker (SegmentedRaftLogWorker.java:lambda$new$0(135)) - 364e6842-d032-4d6d-bdb1-058b551233a8@group-176A32DB42C5-SegmentedRaftLogWorker: flushIndex: setUnconditionally 0 -> -1
2022-08-09 13:47:08,758 [pool-119-thread-1] INFO  segmented.SegmentedRaftLogWorker (SegmentedRaftLogWorker.java:lambda$new$0(135)) - 364e6842-d032-4d6d-bdb1-058b551233a8@group-176A32DB42C5-SegmentedRaftLogWorker: safeCacheEvictIndex: setUnconditionally 0 -> -1
2022-08-09 13:47:08,772 [pool-119-thread-1] INFO  server.RaftServerConfigKeys (ConfUtils.java:logGet(46)) - raft.server.snapshot.auto.trigger.enabled = true (custom)
2022-08-09 13:47:08,773 [pool-119-thread-1] INFO  server.RaftServerConfigKeys (ConfUtils.java:logGet(46)) - raft.server.snapshot.auto.trigger.threshold = 10000 (custom)
2022-08-09 13:47:08,773 [pool-119-thread-1] INFO  server.RaftServerConfigKeys (ConfUtils.java:logGet(46)) - raft.server.snapshot.retention.file.num = 5 (custom)
2022-08-09 13:47:08,773 [pool-119-thread-1] INFO  server.RaftServerConfigKeys (ConfUtils.java:logGet(46)) - raft.server.log.purge.upto.snapshot.index = false (default)
2022-08-09 13:47:08,773 [pool-119-thread-1] INFO  server.RaftServerConfigKeys (ConfUtils.java:logGet(46)) - raft.server.retrycache.expirytime = 600000ms (custom)
2022-08-09 13:47:08,773 [pool-119-thread-1] INFO  server.RaftServerConfigKeys (ConfUtils.java:logGet(46)) - raft.server.retrycache.statistics.expirytime = 100μs (default)
2022-08-09 13:47:08,774 [pool-119-thread-1] INFO  server.RaftServerConfigKeys (ConfUtils.java:logGet(46)) - raft.server.log.appender.install.snapshot.enabled = false (custom)
2022-08-09 13:47:08,774 [pool-119-thread-1] INFO  server.RaftServerConfigKeys (ConfUtils.java:logGet(46)) - raft.server.threadpool.server.cached = true (default)
2022-08-09 13:47:08,774 [pool-119-thread-1] INFO  server.RaftServerConfigKeys (ConfUtils.java:logGet(46)) - raft.server.threadpool.server.size = 0 (default)
2022-08-09 13:47:08,774 [pool-119-thread-1] INFO  server.RaftServerConfigKeys (ConfUtils.java:logGet(46)) - raft.server.threadpool.client.cached = true (default)
2022-08-09 13:47:08,774 [pool-119-thread-1] INFO  server.RaftServerConfigKeys (ConfUtils.java:logGet(46)) - raft.server.threadpool.client.size = 0 (default)
2022-08-09 13:47:08,774 [pool-119-thread-1] INFO  server.RaftServer$Division (RaftServerImpl.java:start(310)) - 364e6842-d032-4d6d-bdb1-058b551233a8@group-176A32DB42C5: start as a follower, conf=-1: [364e6842-d032-4d6d-bdb1-058b551233a8|rpc:10.1.0.19:35261|priority:1], old=null
2022-08-09 13:47:08,774 [pool-119-thread-1] INFO  server.RaftServer$Division (RaftServerImpl.java:setRole(299)) - 364e6842-d032-4d6d-bdb1-058b551233a8@group-176A32DB42C5: changes role from      null to FOLLOWER at term 0 for startAsFollower
2022-08-09 13:47:08,774 [pool-119-thread-1] INFO  impl.RoleInfo (RoleInfo.java:updateAndGet(139)) - 364e6842-d032-4d6d-bdb1-058b551233a8: start 364e6842-d032-4d6d-bdb1-058b551233a8@group-176A32DB42C5-FollowerState
2022-08-09 13:47:08,774 [pool-119-thread-1] INFO  util.JmxRegister (JmxRegister.java:tryRegister(44)) - Successfully registered JMX Bean with object name Ratis:service=RaftServer,group=group-176A32DB42C5,id=364e6842-d032-4d6d-bdb1-058b551233a8
2022-08-09 13:47:08,785 [Command processor thread] INFO  ratis.XceiverServerRatis (XceiverServerRatis.java:addGroup(765)) - Created group PipelineID=dafa55fd-1072-4b03-a97e-176a32db42c5
2022-08-09 13:47:08,792 [EventQueue-PipelineReportForPipelineReportHandler] INFO  pipeline.PipelineManagerImpl (PipelineManagerImpl.java:openPipeline(367)) - Pipeline Pipeline[ Id: dafa55fd-1072-4b03-a97e-176a32db42c5, Nodes: 364e6842-d032-4d6d-bdb1-058b551233a8{ip: 10.1.0.19, host: fv-az450-466.jnfmftgkylze5hd05chtbp1i0a.dx.internal.cloudapp.net, ports: [REPLICATION=34663, RATIS=35261, RATIS_ADMIN=35261, RATIS_SERVER=35261, STANDALONE=35335], networkLocation: /default-rack, certSerialId: null, persistedOpState: IN_SERVICE, persistedOpStateExpiryEpochSec: 0}, ReplicationConfig: RATIS/ONE, State:ALLOCATED, leaderId:364e6842-d032-4d6d-bdb1-058b551233a8, CreationTimestamp2022-08-09T13:47:05.754Z[Etc/UTC]] moved to OPEN state
2022-08-09 13:47:08,793 [EventQueue-OpenPipelineForHealthyPipelineSafeModeRule] INFO  safemode.SCMSafeModeManager (HealthyPipelineSafeModeRule.java:process(137)) - SCM in safe mode. Healthy pipelines reported count is 0, required healthy pipeline reported count is 1
2022-08-09 13:47:08,785 [Command processor thread] INFO  commandhandler.CreatePipelineCommandHandler (CreatePipelineCommandHandler.java:handle(113)) - Created Pipeline RATIS ONE PipelineID=dafa55fd-1072-4b03-a97e-176a32db42c5.
2022-08-09 13:47:08,808 [Command processor thread] INFO  server.RaftServer (RaftServerProxy.java:addNew(96)) - 364e6842-d032-4d6d-bdb1-058b551233a8: addNew group-2900A7781F59:[1fcb99f6-8828-4195-ae29-7192ffc3f248|rpc:10.1.0.19:42165|priority:0, 51becc16-89cb-4fad-bf94-a36b935bb005|rpc:10.1.0.19:38313|priority:0, 364e6842-d032-4d6d-bdb1-058b551233a8|rpc:10.1.0.19:35261|priority:1] returns group-2900A7781F59:java.util.concurrent.CompletableFuture@74e4d97e[Not completed]
2022-08-09 13:47:08,809 [pool-119-thread-1] INFO  server.RaftServer$Division (RaftServerImpl.java:<init>(190)) - 364e6842-d032-4d6d-bdb1-058b551233a8: new RaftServerImpl for group-2900A7781F59:[1fcb99f6-8828-4195-ae29-7192ffc3f248|rpc:10.1.0.19:42165|priority:0, 51becc16-89cb-4fad-bf94-a36b935bb005|rpc:10.1.0.19:38313|priority:0, 364e6842-d032-4d6d-bdb1-058b551233a8|rpc:10.1.0.19:35261|priority:1] with ContainerStateMachine:uninitialized
2022-08-09 13:47:08,810 [pool-119-thread-1] INFO  server.RaftServerConfigKeys (ConfUtils.java:logGet(46)) - raft.server.rpc.timeout.min = 5s (custom)
2022-08-09 13:47:08,810 [pool-119-thread-1] INFO  server.RaftServerConfigKeys (ConfUtils.java:logGet(46)) - raft.server.rpc.timeout.max = 5200ms (custom)
2022-08-09 13:47:08,810 [pool-119-thread-1] INFO  server.RaftServerConfigKeys (ConfUtils.java:logGet(46)) - raft.server.rpc.sleep.time = 25ms (default)
2022-08-09 13:47:08,810 [pool-119-thread-1] INFO  server.RaftServerConfigKeys (ConfUtils.java:logGet(46)) - raft.server.rpc.slowness.timeout = 300s (custom)
2022-08-09 13:47:08,810 [pool-119-thread-1] INFO  server.RaftServerConfigKeys (ConfUtils.java:logGet(46)) - raft.server.leaderelection.leader.step-down.wait-time = 10s (default)
2022-08-09 13:47:08,810 [pool-119-thread-1] INFO  server.RaftServerConfigKeys (ConfUtils.java:logGet(46)) - raft.server.sleep.deviation.threshold = 300ms (default)
2022-08-09 13:47:08,810 [pool-119-thread-1] INFO  server.RaftServer$Division (ServerState.java:<init>(107)) - 364e6842-d032-4d6d-bdb1-058b551233a8@group-2900A7781F59: ConfigurationManager, init=-1: [1fcb99f6-8828-4195-ae29-7192ffc3f248|rpc:10.1.0.19:42165|priority:0, 51becc16-89cb-4fad-bf94-a36b935bb005|rpc:10.1.0.19:38313|priority:0, 364e6842-d032-4d6d-bdb1-058b551233a8|rpc:10.1.0.19:35261|priority:1], old=null, confs=<EMPTY_MAP>
2022-08-09 13:47:08,810 [pool-119-thread-1] INFO  server.RaftServerConfigKeys (ConfUtils.java:logGet(46)) - raft.server.storage.dir = [/home/runner/work/ozone/ozone/hadoop-ozone/integration-test/target/test-dir/MiniOzoneClusterImpl-e9ece791-7ef2-4ada-98fe-daefa8f21954/datanode-2/data/ratis] (custom)
2022-08-09 13:47:08,810 [pool-119-thread-1] INFO  server.RaftServerConfigKeys (ConfUtils.java:logGet(46)) - raft.server.log.corruption.policy = EXCEPTION (default)
2022-08-09 13:47:08,810 [pool-119-thread-1] INFO  server.RaftServerConfigKeys (ConfUtils.java:logGet(46)) - raft.server.storage.free-space.min = 0MB (=0) (default)
2022-08-09 13:47:08,810 [pool-119-thread-1] INFO  storage.RaftStorageDirectory (RaftStorageDirectoryImpl.java:analyzeStorage(135)) - The storage directory /home/runner/work/ozone/ozone/hadoop-ozone/integration-test/target/test-dir/MiniOzoneClusterImpl-e9ece791-7ef2-4ada-98fe-daefa8f21954/datanode-2/data/ratis/fc94a62e-1af6-4805-a15b-2900a7781f59 does not exist. Creating ...
2022-08-09 13:47:08,811 [pool-119-thread-1] INFO  storage.RaftStorageDirectory (RaftStorageDirectoryImpl.java:tryLock(230)) - Lock on /home/runner/work/ozone/ozone/hadoop-ozone/integration-test/target/test-dir/MiniOzoneClusterImpl-e9ece791-7ef2-4ada-98fe-daefa8f21954/datanode-2/data/ratis/fc94a62e-1af6-4805-a15b-2900a7781f59/in_use.lock acquired by nodename 10574@fv-az450-466
2022-08-09 13:47:08,813 [pool-119-thread-1] INFO  storage.RaftStorage (RaftStorageImpl.java:format(89)) - Storage directory /home/runner/work/ozone/ozone/hadoop-ozone/integration-test/target/test-dir/MiniOzoneClusterImpl-e9ece791-7ef2-4ada-98fe-daefa8f21954/datanode-2/data/ratis/fc94a62e-1af6-4805-a15b-2900a7781f59 has been successfully formatted.
2022-08-09 13:47:08,813 [pool-119-thread-1] INFO  ratis.ContainerStateMachine (ContainerStateMachine.java:loadSnapshot(236)) - group-2900A7781F59: The snapshot info is null. Setting the last applied indexto:(t:0, i:~)
2022-08-09 13:47:08,813 [pool-119-thread-1] INFO  server.RaftServerConfigKeys (ConfUtils.java:logGet(46)) - raft.server.notification.no-leader.timeout = 300s (custom)
2022-08-09 13:47:08,813 [pool-119-thread-1] INFO  server.RaftServerConfigKeys (ConfUtils.java:logGet(46)) - raft.server.log.use.memory = false (default)
2022-08-09 13:47:08,813 [pool-119-thread-1] INFO  server.RaftServerConfigKeys (ConfUtils.java:logGet(46)) - raft.server.log.purge.gap = 1000000 (custom)
2022-08-09 13:47:08,814 [pool-119-thread-1] INFO  server.RaftServerConfigKeys (ConfUtils.java:logGet(46)) - raft.server.log.appender.buffer.byte-limit = 33554432 (custom)
2022-08-09 13:47:08,814 [pool-119-thread-1] INFO  server.RaftServerConfigKeys (ConfUtils.java:logGet(46)) - raft.server.log.statemachine.data.read.timeout = 1000ms (default)
2022-08-09 13:47:08,814 [pool-119-thread-1] INFO  server.RaftServerConfigKeys (ConfUtils.java:logGet(46)) - raft.server.log.segment.size.max = 1048576 (custom)
2022-08-09 13:47:08,814 [pool-119-thread-1] INFO  server.RaftServerConfigKeys (ConfUtils.java:logGet(46)) - raft.server.log.segment.cache.num.max = 2 (custom)
2022-08-09 13:47:08,814 [pool-119-thread-1] INFO  server.RaftServerConfigKeys (ConfUtils.java:logGet(46)) - raft.server.log.segment.cache.size.max = 200MB (=209715200) (default)
2022-08-09 13:47:08,814 [pool-119-thread-1] INFO  segmented.SegmentedRaftLogWorker (SegmentedRaftLogWorker.java:<init>(187)) - new 364e6842-d032-4d6d-bdb1-058b551233a8@group-2900A7781F59-SegmentedRaftLogWorker for RaftStorageImpl:Storage Directory /home/runner/work/ozone/ozone/hadoop-ozone/integration-test/target/test-dir/MiniOzoneClusterImpl-e9ece791-7ef2-4ada-98fe-daefa8f21954/datanode-2/data/ratis/fc94a62e-1af6-4805-a15b-2900a7781f59
2022-08-09 13:47:08,814 [pool-119-thread-1] INFO  server.RaftServerConfigKeys (ConfUtils.java:logGet(46)) - raft.server.log.queue.byte-limit = 4294967296 (custom)
2022-08-09 13:47:08,814 [pool-119-thread-1] INFO  server.RaftServerConfigKeys (ConfUtils.java:logGet(46)) - raft.server.log.queue.element-limit = 1024 (custom)
2022-08-09 13:47:08,814 [pool-119-thread-1] INFO  server.RaftServerConfigKeys (ConfUtils.java:logGet(46)) - raft.server.log.segment.size.max = 1048576 (custom)
2022-08-09 13:47:08,814 [pool-119-thread-1] INFO  server.RaftServerConfigKeys (ConfUtils.java:logGet(46)) - raft.server.log.preallocated.size = 16384 (custom)
2022-08-09 13:47:08,814 [pool-119-thread-1] INFO  server.RaftServerConfigKeys (ConfUtils.java:logGet(46)) - raft.server.log.force.sync.num = 128 (default)
2022-08-09 13:47:08,814 [pool-119-thread-1] INFO  server.RaftServerConfigKeys (ConfUtils.java:logGet(46)) - raft.server.log.statemachine.data.sync = true (default)
2022-08-09 13:47:08,814 [pool-119-thread-1] INFO  server.RaftServerConfigKeys (ConfUtils.java:logGet(46)) - raft.server.log.statemachine.data.sync.timeout = 10s (default)
2022-08-09 13:47:08,814 [pool-119-thread-1] INFO  server.RaftServerConfigKeys (ConfUtils.java:logGet(46)) - raft.server.log.statemachine.data.sync.timeout.retry = -1 (default)
2022-08-09 13:47:08,818 [pool-119-thread-1] INFO  server.RaftServerConfigKeys (ConfUtils.java:logGet(46)) - raft.server.log.write.buffer.size = 1048576 (custom)
2022-08-09 13:47:08,818 [pool-119-thread-1] INFO  server.RaftServerConfigKeys (ConfUtils.java:logGet(46)) - raft.server.log.unsafe-flush.enabled = false (default)
2022-08-09 13:47:08,818 [pool-119-thread-1] INFO  server.RaftServerConfigKeys (ConfUtils.java:logGet(46)) - raft.server.log.statemachine.data.caching.enabled = true (custom)
2022-08-09 13:47:08,819 [pool-119-thread-1] INFO  segmented.SegmentedRaftLogWorker (SegmentedRaftLogWorker.java:lambda$new$0(135)) - 364e6842-d032-4d6d-bdb1-058b551233a8@group-2900A7781F59-SegmentedRaftLogWorker: flushIndex: setUnconditionally 0 -> -1
2022-08-09 13:47:08,819 [pool-119-thread-1] INFO  segmented.SegmentedRaftLogWorker (SegmentedRaftLogWorker.java:lambda$new$0(135)) - 364e6842-d032-4d6d-bdb1-058b551233a8@group-2900A7781F59-SegmentedRaftLogWorker: safeCacheEvictIndex: setUnconditionally 0 -> -1
2022-08-09 13:47:08,819 [pool-119-thread-1] INFO  server.RaftServerConfigKeys (ConfUtils.java:logGet(46)) - raft.server.snapshot.auto.trigger.enabled = true (custom)
2022-08-09 13:47:08,819 [pool-119-thread-1] INFO  server.RaftServerConfigKeys (ConfUtils.java:logGet(46)) - raft.server.snapshot.auto.trigger.threshold = 10000 (custom)
2022-08-09 13:47:08,819 [pool-119-thread-1] INFO  server.RaftServerConfigKeys (ConfUtils.java:logGet(46)) - raft.server.snapshot.retention.file.num = 5 (custom)
2022-08-09 13:47:08,819 [pool-119-thread-1] INFO  server.RaftServerConfigKeys (ConfUtils.java:logGet(46)) - raft.server.log.purge.upto.snapshot.index = false (default)
2022-08-09 13:47:08,819 [pool-119-thread-1] INFO  server.RaftServerConfigKeys (ConfUtils.java:logGet(46)) - raft.server.retrycache.expirytime = 600000ms (custom)
2022-08-09 13:47:08,819 [pool-119-thread-1] INFO  server.RaftServerConfigKeys (ConfUtils.java:logGet(46)) - raft.server.retrycache.statistics.expirytime = 100μs (default)
2022-08-09 13:47:08,820 [pool-119-thread-1] INFO  server.RaftServerConfigKeys (ConfUtils.java:logGet(46)) - raft.server.log.appender.install.snapshot.enabled = false (custom)
2022-08-09 13:47:08,820 [pool-119-thread-1] INFO  server.RaftServerConfigKeys (ConfUtils.java:logGet(46)) - raft.server.threadpool.server.cached = true (default)
2022-08-09 13:47:08,820 [pool-119-thread-1] INFO  server.RaftServerConfigKeys (ConfUtils.java:logGet(46)) - raft.server.threadpool.server.size = 0 (default)
2022-08-09 13:47:08,820 [pool-119-thread-1] INFO  server.RaftServerConfigKeys (ConfUtils.java:logGet(46)) - raft.server.threadpool.client.cached = true (default)
2022-08-09 13:47:08,820 [pool-119-thread-1] INFO  server.RaftServerConfigKeys (ConfUtils.java:logGet(46)) - raft.server.threadpool.client.size = 0 (default)
2022-08-09 13:47:08,820 [pool-119-thread-1] INFO  server.RaftServer$Division (RaftServerImpl.java:start(310)) - 364e6842-d032-4d6d-bdb1-058b551233a8@group-2900A7781F59: start as a follower, conf=-1: [1fcb99f6-8828-4195-ae29-7192ffc3f248|rpc:10.1.0.19:42165|priority:0, 51becc16-89cb-4fad-bf94-a36b935bb005|rpc:10.1.0.19:38313|priority:0, 364e6842-d032-4d6d-bdb1-058b551233a8|rpc:10.1.0.19:35261|priority:1], old=null
2022-08-09 13:47:08,825 [pool-119-thread-1] INFO  server.RaftServer$Division (RaftServerImpl.java:setRole(299)) - 364e6842-d032-4d6d-bdb1-058b551233a8@group-2900A7781F59: changes role from      null to FOLLOWER at term 0 for startAsFollower
2022-08-09 13:47:08,826 [EventQueue-OpenPipelineForHealthyPipelineSafeModeRule] INFO  safemode.SCMSafeModeManager (HealthyPipelineSafeModeRule.java:process(137)) - SCM in safe mode. Healthy pipelines reported count is 0, required healthy pipeline reported count is 1
2022-08-09 13:47:08,826 [pool-119-thread-1] INFO  impl.RoleInfo (RoleInfo.java:updateAndGet(139)) - 364e6842-d032-4d6d-bdb1-058b551233a8: start 364e6842-d032-4d6d-bdb1-058b551233a8@group-2900A7781F59-FollowerState
2022-08-09 13:47:08,830 [pool-119-thread-1] INFO  util.JmxRegister (JmxRegister.java:tryRegister(44)) - Successfully registered JMX Bean with object name Ratis:service=RaftServer,group=group-2900A7781F59,id=364e6842-d032-4d6d-bdb1-058b551233a8
2022-08-09 13:47:08,830 [Command processor thread] INFO  ratis.XceiverServerRatis (XceiverServerRatis.java:addGroup(765)) - Created group PipelineID=fc94a62e-1af6-4805-a15b-2900a7781f59
2022-08-09 13:47:08,854 [grpc-default-executor-0] INFO  server.RaftServer (RaftServerProxy.java:addNew(96)) - 51becc16-89cb-4fad-bf94-a36b935bb005: addNew group-2900A7781F59:[1fcb99f6-8828-4195-ae29-7192ffc3f248|rpc:10.1.0.19:42165|dataStream:|priority:0, 51becc16-89cb-4fad-bf94-a36b935bb005|rpc:10.1.0.19:38313|dataStream:|priority:0, 364e6842-d032-4d6d-bdb1-058b551233a8|rpc:10.1.0.19:35261|dataStream:|priority:1] returns group-2900A7781F59:java.util.concurrent.CompletableFuture@44320acb[Not completed]
2022-08-09 13:47:08,855 [pool-96-thread-1] INFO  server.RaftServer$Division (RaftServerImpl.java:<init>(190)) - 51becc16-89cb-4fad-bf94-a36b935bb005: new RaftServerImpl for group-2900A7781F59:[1fcb99f6-8828-4195-ae29-7192ffc3f248|rpc:10.1.0.19:42165|dataStream:|priority:0, 51becc16-89cb-4fad-bf94-a36b935bb005|rpc:10.1.0.19:38313|dataStream:|priority:0, 364e6842-d032-4d6d-bdb1-058b551233a8|rpc:10.1.0.19:35261|dataStream:|priority:1] with ContainerStateMachine:uninitialized
2022-08-09 13:47:08,855 [pool-96-thread-1] INFO  server.RaftServerConfigKeys (ConfUtils.java:logGet(46)) - raft.server.rpc.timeout.min = 5s (custom)
2022-08-09 13:47:08,855 [pool-96-thread-1] INFO  server.RaftServerConfigKeys (ConfUtils.java:logGet(46)) - raft.server.rpc.timeout.max = 5200ms (custom)
2022-08-09 13:47:08,855 [pool-96-thread-1] INFO  server.RaftServerConfigKeys (ConfUtils.java:logGet(46)) - raft.server.rpc.sleep.time = 25ms (default)
2022-08-09 13:47:08,855 [pool-96-thread-1] INFO  server.RaftServerConfigKeys (ConfUtils.java:logGet(46)) - raft.server.rpc.slowness.timeout = 300s (custom)
2022-08-09 13:47:08,855 [pool-96-thread-1] INFO  server.RaftServerConfigKeys (ConfUtils.java:logGet(46)) - raft.server.leaderelection.leader.step-down.wait-time = 10s (default)
2022-08-09 13:47:08,855 [pool-96-thread-1] INFO  server.RaftServerConfigKeys (ConfUtils.java:logGet(46)) - raft.server.sleep.deviation.threshold = 300ms (default)
2022-08-09 13:47:08,855 [pool-96-thread-1] INFO  server.RaftServer$Division (ServerState.java:<init>(107)) - 51becc16-89cb-4fad-bf94-a36b935bb005@group-2900A7781F59: ConfigurationManager, init=-1: [1fcb99f6-8828-4195-ae29-7192ffc3f248|rpc:10.1.0.19:42165|dataStream:|priority:0, 51becc16-89cb-4fad-bf94-a36b935bb005|rpc:10.1.0.19:38313|dataStream:|priority:0, 364e6842-d032-4d6d-bdb1-058b551233a8|rpc:10.1.0.19:35261|dataStream:|priority:1], old=null, confs=<EMPTY_MAP>
2022-08-09 13:47:08,855 [pool-96-thread-1] INFO  server.RaftServerConfigKeys (ConfUtils.java:logGet(46)) - raft.server.storage.dir = [/home/runner/work/ozone/ozone/hadoop-ozone/integration-test/target/test-dir/MiniOzoneClusterImpl-e9ece791-7ef2-4ada-98fe-daefa8f21954/datanode-1/data/ratis] (custom)
2022-08-09 13:47:08,856 [pool-96-thread-1] INFO  server.RaftServerConfigKeys (ConfUtils.java:logGet(46)) - raft.server.log.corruption.policy = EXCEPTION (default)
2022-08-09 13:47:08,856 [pool-96-thread-1] INFO  server.RaftServerConfigKeys (ConfUtils.java:logGet(46)) - raft.server.storage.free-space.min = 0MB (=0) (default)
2022-08-09 13:47:08,856 [pool-96-thread-1] INFO  storage.RaftStorageDirectory (RaftStorageDirectoryImpl.java:analyzeStorage(135)) - The storage directory /home/runner/work/ozone/ozone/hadoop-ozone/integration-test/target/test-dir/MiniOzoneClusterImpl-e9ece791-7ef2-4ada-98fe-daefa8f21954/datanode-1/data/ratis/fc94a62e-1af6-4805-a15b-2900a7781f59 does not exist. Creating ...
2022-08-09 13:47:08,857 [pool-96-thread-1] INFO  storage.RaftStorageDirectory (RaftStorageDirectoryImpl.java:tryLock(230)) - Lock on /home/runner/work/ozone/ozone/hadoop-ozone/integration-test/target/test-dir/MiniOzoneClusterImpl-e9ece791-7ef2-4ada-98fe-daefa8f21954/datanode-1/data/ratis/fc94a62e-1af6-4805-a15b-2900a7781f59/in_use.lock acquired by nodename 10574@fv-az450-466
2022-08-09 13:47:08,861 [pool-96-thread-1] INFO  storage.RaftStorage (RaftStorageImpl.java:format(89)) - Storage directory /home/runner/work/ozone/ozone/hadoop-ozone/integration-test/target/test-dir/MiniOzoneClusterImpl-e9ece791-7ef2-4ada-98fe-daefa8f21954/datanode-1/data/ratis/fc94a62e-1af6-4805-a15b-2900a7781f59 has been successfully formatted.
2022-08-09 13:47:08,862 [pool-96-thread-1] INFO  ratis.ContainerStateMachine (ContainerStateMachine.java:loadSnapshot(236)) - group-2900A7781F59: The snapshot info is null. Setting the last applied indexto:(t:0, i:~)
2022-08-09 13:47:08,862 [pool-96-thread-1] INFO  server.RaftServerConfigKeys (ConfUtils.java:logGet(46)) - raft.server.notification.no-leader.timeout = 300s (custom)
2022-08-09 13:47:08,862 [pool-96-thread-1] INFO  server.RaftServerConfigKeys (ConfUtils.java:logGet(46)) - raft.server.log.use.memory = false (default)
2022-08-09 13:47:08,862 [pool-96-thread-1] INFO  server.RaftServerConfigKeys (ConfUtils.java:logGet(46)) - raft.server.log.purge.gap = 1000000 (custom)
2022-08-09 13:47:08,862 [pool-96-thread-1] INFO  server.RaftServerConfigKeys (ConfUtils.java:logGet(46)) - raft.server.log.appender.buffer.byte-limit = 33554432 (custom)
2022-08-09 13:47:08,862 [pool-96-thread-1] INFO  server.RaftServerConfigKeys (ConfUtils.java:logGet(46)) - raft.server.log.statemachine.data.read.timeout = 1000ms (default)
2022-08-09 13:47:08,862 [pool-96-thread-1] INFO  server.RaftServerConfigKeys (ConfUtils.java:logGet(46)) - raft.server.log.segment.size.max = 1048576 (custom)
2022-08-09 13:47:08,863 [pool-96-thread-1] INFO  server.RaftServerConfigKeys (ConfUtils.java:logGet(46)) - raft.server.log.segment.cache.num.max = 2 (custom)
2022-08-09 13:47:08,863 [pool-96-thread-1] INFO  server.RaftServerConfigKeys (ConfUtils.java:logGet(46)) - raft.server.log.segment.cache.size.max = 200MB (=209715200) (default)
2022-08-09 13:47:08,863 [pool-96-thread-1] INFO  segmented.SegmentedRaftLogWorker (SegmentedRaftLogWorker.java:<init>(187)) - new 51becc16-89cb-4fad-bf94-a36b935bb005@group-2900A7781F59-SegmentedRaftLogWorker for RaftStorageImpl:Storage Directory /home/runner/work/ozone/ozone/hadoop-ozone/integration-test/target/test-dir/MiniOzoneClusterImpl-e9ece791-7ef2-4ada-98fe-daefa8f21954/datanode-1/data/ratis/fc94a62e-1af6-4805-a15b-2900a7781f59
2022-08-09 13:47:08,863 [pool-96-thread-1] INFO  server.RaftServerConfigKeys (ConfUtils.java:logGet(46)) - raft.server.log.queue.byte-limit = 4294967296 (custom)
2022-08-09 13:47:08,863 [pool-96-thread-1] INFO  server.RaftServerConfigKeys (ConfUtils.java:logGet(46)) - raft.server.log.queue.element-limit = 1024 (custom)
2022-08-09 13:47:08,863 [pool-96-thread-1] INFO  server.RaftServerConfigKeys (ConfUtils.java:logGet(46)) - raft.server.log.segment.size.max = 1048576 (custom)
2022-08-09 13:47:08,863 [pool-96-thread-1] INFO  server.RaftServerConfigKeys (ConfUtils.java:logGet(46)) - raft.server.log.preallocated.size = 16384 (custom)
2022-08-09 13:47:08,863 [pool-96-thread-1] INFO  server.RaftServerConfigKeys (ConfUtils.java:logGet(46)) - raft.server.log.force.sync.num = 128 (default)
2022-08-09 13:47:08,863 [pool-96-thread-1] INFO  server.RaftServerConfigKeys (ConfUtils.java:logGet(46)) - raft.server.log.statemachine.data.sync = true (default)
2022-08-09 13:47:08,863 [pool-96-thread-1] INFO  server.RaftServerConfigKeys (ConfUtils.java:logGet(46)) - raft.server.log.statemachine.data.sync.timeout = 10s (default)
2022-08-09 13:47:08,863 [pool-96-thread-1] INFO  server.RaftServerConfigKeys (ConfUtils.java:logGet(46)) - raft.server.log.statemachine.data.sync.timeout.retry = -1 (default)
2022-08-09 13:47:08,864 [pool-96-thread-1] INFO  server.RaftServerConfigKeys (ConfUtils.java:logGet(46)) - raft.server.log.write.buffer.size = 1048576 (custom)
2022-08-09 13:47:08,864 [pool-96-thread-1] INFO  server.RaftServerConfigKeys (ConfUtils.java:logGet(46)) - raft.server.log.unsafe-flush.enabled = false (default)
2022-08-09 13:47:08,864 [pool-96-thread-1] INFO  server.RaftServerConfigKeys (ConfUtils.java:logGet(46)) - raft.server.log.statemachine.data.caching.enabled = true (custom)
2022-08-09 13:47:08,865 [pool-96-thread-1] INFO  segmented.SegmentedRaftLogWorker (SegmentedRaftLogWorker.java:lambda$new$0(135)) - 51becc16-89cb-4fad-bf94-a36b935bb005@group-2900A7781F59-SegmentedRaftLogWorker: flushIndex: setUnconditionally 0 -> -1
2022-08-09 13:47:08,865 [pool-96-thread-1] INFO  segmented.SegmentedRaftLogWorker (SegmentedRaftLogWorker.java:lambda$new$0(135)) - 51becc16-89cb-4fad-bf94-a36b935bb005@group-2900A7781F59-SegmentedRaftLogWorker: safeCacheEvictIndex: setUnconditionally 0 -> -1
2022-08-09 13:47:08,869 [pool-96-thread-1] INFO  server.RaftServerConfigKeys (ConfUtils.java:logGet(46)) - raft.server.snapshot.auto.trigger.enabled = true (custom)
2022-08-09 13:47:08,869 [pool-96-thread-1] INFO  server.RaftServerConfigKeys (ConfUtils.java:logGet(46)) - raft.server.snapshot.auto.trigger.threshold = 10000 (custom)
2022-08-09 13:47:08,869 [pool-96-thread-1] INFO  server.RaftServerConfigKeys (ConfUtils.java:logGet(46)) - raft.server.snapshot.retention.file.num = 5 (custom)
2022-08-09 13:47:08,869 [pool-96-thread-1] INFO  server.RaftServerConfigKeys (ConfUtils.java:logGet(46)) - raft.server.log.purge.upto.snapshot.index = false (default)
2022-08-09 13:47:08,869 [pool-96-thread-1] INFO  server.RaftServerConfigKeys (ConfUtils.java:logGet(46)) - raft.server.retrycache.expirytime = 600000ms (custom)
2022-08-09 13:47:08,869 [pool-96-thread-1] INFO  server.RaftServerConfigKeys (ConfUtils.java:logGet(46)) - raft.server.retrycache.statistics.expirytime = 100μs (default)
2022-08-09 13:47:08,870 [pool-96-thread-1] INFO  server.RaftServerConfigKeys (ConfUtils.java:logGet(46)) - raft.server.log.appender.install.snapshot.enabled = false (custom)
2022-08-09 13:47:08,870 [pool-96-thread-1] INFO  server.RaftServerConfigKeys (ConfUtils.java:logGet(46)) - raft.server.threadpool.server.cached = true (default)
2022-08-09 13:47:08,870 [pool-96-thread-1] INFO  server.RaftServerConfigKeys (ConfUtils.java:logGet(46)) - raft.server.threadpool.server.size = 0 (default)
2022-08-09 13:47:08,870 [pool-96-thread-1] INFO  server.RaftServerConfigKeys (ConfUtils.java:logGet(46)) - raft.server.threadpool.client.cached = true (default)
2022-08-09 13:47:08,870 [pool-96-thread-1] INFO  server.RaftServerConfigKeys (ConfUtils.java:logGet(46)) - raft.server.threadpool.client.size = 0 (default)
2022-08-09 13:47:08,870 [pool-96-thread-1] INFO  server.RaftServer$Division (RaftServerImpl.java:start(310)) - 51becc16-89cb-4fad-bf94-a36b935bb005@group-2900A7781F59: start as a follower, conf=-1: [1fcb99f6-8828-4195-ae29-7192ffc3f248|rpc:10.1.0.19:42165|dataStream:|priority:0, 51becc16-89cb-4fad-bf94-a36b935bb005|rpc:10.1.0.19:38313|dataStream:|priority:0, 364e6842-d032-4d6d-bdb1-058b551233a8|rpc:10.1.0.19:35261|dataStream:|priority:1], old=null
2022-08-09 13:47:08,870 [pool-96-thread-1] INFO  server.RaftServer$Division (RaftServerImpl.java:setRole(299)) - 51becc16-89cb-4fad-bf94-a36b935bb005@group-2900A7781F59: changes role from      null to FOLLOWER at term 0 for startAsFollower
2022-08-09 13:47:08,870 [pool-96-thread-1] INFO  impl.RoleInfo (RoleInfo.java:updateAndGet(139)) - 51becc16-89cb-4fad-bf94-a36b935bb005: start 51becc16-89cb-4fad-bf94-a36b935bb005@group-2900A7781F59-FollowerState
2022-08-09 13:47:08,871 [pool-96-thread-1] INFO  util.JmxRegister (JmxRegister.java:tryRegister(44)) - Successfully registered JMX Bean with object name Ratis:service=RaftServer,group=group-2900A7781F59,id=51becc16-89cb-4fad-bf94-a36b935bb005
2022-08-09 13:47:08,875 [EventQueue-OpenPipelineForHealthyPipelineSafeModeRule] INFO  safemode.SCMSafeModeManager (HealthyPipelineSafeModeRule.java:process(137)) - SCM in safe mode. Healthy pipelines reported count is 0, required healthy pipeline reported count is 1
2022-08-09 13:47:08,898 [Command processor thread] INFO  commandhandler.CreatePipelineCommandHandler (CreatePipelineCommandHandler.java:handle(113)) - Created Pipeline RATIS THREE PipelineID=68692978-1a8b-45d6-ad9f-6959a1f1550f.
2022-08-09 13:47:08,898 [Command processor thread] INFO  server.RaftServer (RaftServerProxy.java:addNew(96)) - 1fcb99f6-8828-4195-ae29-7192ffc3f248: addNew group-2900A7781F59:[1fcb99f6-8828-4195-ae29-7192ffc3f248|rpc:10.1.0.19:42165|priority:0, 51becc16-89cb-4fad-bf94-a36b935bb005|rpc:10.1.0.19:38313|priority:0, 364e6842-d032-4d6d-bdb1-058b551233a8|rpc:10.1.0.19:35261|priority:1] returns group-2900A7781F59:java.util.concurrent.CompletableFuture@538d6335[Not completed]
2022-08-09 13:47:08,899 [pool-73-thread-1] INFO  server.RaftServer$Division (RaftServerImpl.java:<init>(190)) - 1fcb99f6-8828-4195-ae29-7192ffc3f248: new RaftServerImpl for group-2900A7781F59:[1fcb99f6-8828-4195-ae29-7192ffc3f248|rpc:10.1.0.19:42165|priority:0, 51becc16-89cb-4fad-bf94-a36b935bb005|rpc:10.1.0.19:38313|priority:0, 364e6842-d032-4d6d-bdb1-058b551233a8|rpc:10.1.0.19:35261|priority:1] with ContainerStateMachine:uninitialized
2022-08-09 13:47:08,899 [pool-73-thread-1] INFO  server.RaftServerConfigKeys (ConfUtils.java:logGet(46)) - raft.server.rpc.timeout.min = 5s (custom)
2022-08-09 13:47:08,899 [pool-73-thread-1] INFO  server.RaftServerConfigKeys (ConfUtils.java:logGet(46)) - raft.server.rpc.timeout.max = 5200ms (custom)
2022-08-09 13:47:08,899 [pool-73-thread-1] INFO  server.RaftServerConfigKeys (ConfUtils.java:logGet(46)) - raft.server.rpc.sleep.time = 25ms (default)
2022-08-09 13:47:08,899 [pool-73-thread-1] INFO  server.RaftServerConfigKeys (ConfUtils.java:logGet(46)) - raft.server.rpc.slowness.timeout = 300s (custom)
2022-08-09 13:47:08,899 [pool-73-thread-1] INFO  server.RaftServerConfigKeys (ConfUtils.java:logGet(46)) - raft.server.leaderelection.leader.step-down.wait-time = 10s (default)
2022-08-09 13:47:08,899 [pool-73-thread-1] INFO  server.RaftServerConfigKeys (ConfUtils.java:logGet(46)) - raft.server.sleep.deviation.threshold = 300ms (default)
2022-08-09 13:47:08,899 [pool-73-thread-1] INFO  server.RaftServer$Division (ServerState.java:<init>(107)) - 1fcb99f6-8828-4195-ae29-7192ffc3f248@group-2900A7781F59: ConfigurationManager, init=-1: [1fcb99f6-8828-4195-ae29-7192ffc3f248|rpc:10.1.0.19:42165|priority:0, 51becc16-89cb-4fad-bf94-a36b935bb005|rpc:10.1.0.19:38313|priority:0, 364e6842-d032-4d6d-bdb1-058b551233a8|rpc:10.1.0.19:35261|priority:1], old=null, confs=<EMPTY_MAP>
2022-08-09 13:47:08,899 [pool-73-thread-1] INFO  server.RaftServerConfigKeys (ConfUtils.java:logGet(46)) - raft.server.storage.dir = [/home/runner/work/ozone/ozone/hadoop-ozone/integration-test/target/test-dir/MiniOzoneClusterImpl-e9ece791-7ef2-4ada-98fe-daefa8f21954/datanode-0/data/ratis] (custom)
2022-08-09 13:47:08,900 [pool-73-thread-1] INFO  server.RaftServerConfigKeys (ConfUtils.java:logGet(46)) - raft.server.log.corruption.policy = EXCEPTION (default)
2022-08-09 13:47:08,900 [pool-73-thread-1] INFO  server.RaftServerConfigKeys (ConfUtils.java:logGet(46)) - raft.server.storage.free-space.min = 0MB (=0) (default)
2022-08-09 13:47:08,900 [pool-73-thread-1] INFO  storage.RaftStorageDirectory (RaftStorageDirectoryImpl.java:analyzeStorage(135)) - The storage directory /home/runner/work/ozone/ozone/hadoop-ozone/integration-test/target/test-dir/MiniOzoneClusterImpl-e9ece791-7ef2-4ada-98fe-daefa8f21954/datanode-0/data/ratis/fc94a62e-1af6-4805-a15b-2900a7781f59 does not exist. Creating ...
2022-08-09 13:47:08,901 [pool-73-thread-1] INFO  storage.RaftStorageDirectory (RaftStorageDirectoryImpl.java:tryLock(230)) - Lock on /home/runner/work/ozone/ozone/hadoop-ozone/integration-test/target/test-dir/MiniOzoneClusterImpl-e9ece791-7ef2-4ada-98fe-daefa8f21954/datanode-0/data/ratis/fc94a62e-1af6-4805-a15b-2900a7781f59/in_use.lock acquired by nodename 10574@fv-az450-466
2022-08-09 13:47:08,903 [pool-73-thread-1] INFO  storage.RaftStorage (RaftStorageImpl.java:format(89)) - Storage directory /home/runner/work/ozone/ozone/hadoop-ozone/integration-test/target/test-dir/MiniOzoneClusterImpl-e9ece791-7ef2-4ada-98fe-daefa8f21954/datanode-0/data/ratis/fc94a62e-1af6-4805-a15b-2900a7781f59 has been successfully formatted.
2022-08-09 13:47:08,903 [pool-73-thread-1] INFO  ratis.ContainerStateMachine (ContainerStateMachine.java:loadSnapshot(236)) - group-2900A7781F59: The snapshot info is null. Setting the last applied indexto:(t:0, i:~)
2022-08-09 13:47:08,903 [pool-73-thread-1] INFO  server.RaftServerConfigKeys (ConfUtils.java:logGet(46)) - raft.server.notification.no-leader.timeout = 300s (custom)
2022-08-09 13:47:08,903 [pool-73-thread-1] INFO  server.RaftServerConfigKeys (ConfUtils.java:logGet(46)) - raft.server.log.use.memory = false (default)
2022-08-09 13:47:08,903 [pool-73-thread-1] INFO  server.RaftServerConfigKeys (ConfUtils.java:logGet(46)) - raft.server.log.purge.gap = 1000000 (custom)
2022-08-09 13:47:08,903 [pool-73-thread-1] INFO  server.RaftServerConfigKeys (ConfUtils.java:logGet(46)) - raft.server.log.appender.buffer.byte-limit = 33554432 (custom)
2022-08-09 13:47:08,903 [pool-73-thread-1] INFO  server.RaftServerConfigKeys (ConfUtils.java:logGet(46)) - raft.server.log.statemachine.data.read.timeout = 1000ms (default)
2022-08-09 13:47:08,903 [pool-73-thread-1] INFO  server.RaftServerConfigKeys (ConfUtils.java:logGet(46)) - raft.server.log.segment.size.max = 1048576 (custom)
2022-08-09 13:47:08,904 [pool-73-thread-1] INFO  server.RaftServerConfigKeys (ConfUtils.java:logGet(46)) - raft.server.log.segment.cache.num.max = 2 (custom)
2022-08-09 13:47:08,904 [pool-73-thread-1] INFO  server.RaftServerConfigKeys (ConfUtils.java:logGet(46)) - raft.server.log.segment.cache.size.max = 200MB (=209715200) (default)
2022-08-09 13:47:08,904 [pool-73-thread-1] INFO  segmented.SegmentedRaftLogWorker (SegmentedRaftLogWorker.java:<init>(187)) - new 1fcb99f6-8828-4195-ae29-7192ffc3f248@group-2900A7781F59-SegmentedRaftLogWorker for RaftStorageImpl:Storage Directory /home/runner/work/ozone/ozone/hadoop-ozone/integration-test/target/test-dir/MiniOzoneClusterImpl-e9ece791-7ef2-4ada-98fe-daefa8f21954/datanode-0/data/ratis/fc94a62e-1af6-4805-a15b-2900a7781f59
2022-08-09 13:47:08,904 [pool-73-thread-1] INFO  server.RaftServerConfigKeys (ConfUtils.java:logGet(46)) - raft.server.log.queue.byte-limit = 4294967296 (custom)
2022-08-09 13:47:08,904 [pool-73-thread-1] INFO  server.RaftServerConfigKeys (ConfUtils.java:logGet(46)) - raft.server.log.queue.element-limit = 1024 (custom)
2022-08-09 13:47:08,904 [pool-73-thread-1] INFO  server.RaftServerConfigKeys (ConfUtils.java:logGet(46)) - raft.server.log.segment.size.max = 1048576 (custom)
2022-08-09 13:47:08,904 [pool-73-thread-1] INFO  server.RaftServerConfigKeys (ConfUtils.java:logGet(46)) - raft.server.log.preallocated.size = 16384 (custom)
2022-08-09 13:47:08,904 [pool-73-thread-1] INFO  server.RaftServerConfigKeys (ConfUtils.java:logGet(46)) - raft.server.log.force.sync.num = 128 (default)
2022-08-09 13:47:08,904 [pool-73-thread-1] INFO  server.RaftServerConfigKeys (ConfUtils.java:logGet(46)) - raft.server.log.statemachine.data.sync = true (default)
2022-08-09 13:47:08,904 [pool-73-thread-1] INFO  server.RaftServerConfigKeys (ConfUtils.java:logGet(46)) - raft.server.log.statemachine.data.sync.timeout = 10s (default)
2022-08-09 13:47:08,904 [pool-73-thread-1] INFO  server.RaftServerConfigKeys (ConfUtils.java:logGet(46)) - raft.server.log.statemachine.data.sync.timeout.retry = -1 (default)
2022-08-09 13:47:08,905 [pool-73-thread-1] INFO  server.RaftServerConfigKeys (ConfUtils.java:logGet(46)) - raft.server.log.write.buffer.size = 1048576 (custom)
2022-08-09 13:47:08,905 [pool-73-thread-1] INFO  server.RaftServerConfigKeys (ConfUtils.java:logGet(46)) - raft.server.log.unsafe-flush.enabled = false (default)
2022-08-09 13:47:08,905 [pool-73-thread-1] INFO  server.RaftServerConfigKeys (ConfUtils.java:logGet(46)) - raft.server.log.statemachine.data.caching.enabled = true (custom)
2022-08-09 13:47:08,906 [pool-73-thread-1] INFO  segmented.SegmentedRaftLogWorker (SegmentedRaftLogWorker.java:lambda$new$0(135)) - 1fcb99f6-8828-4195-ae29-7192ffc3f248@group-2900A7781F59-SegmentedRaftLogWorker: flushIndex: setUnconditionally 0 -> -1
2022-08-09 13:47:08,906 [pool-73-thread-1] INFO  segmented.SegmentedRaftLogWorker (SegmentedRaftLogWorker.java:lambda$new$0(135)) - 1fcb99f6-8828-4195-ae29-7192ffc3f248@group-2900A7781F59-SegmentedRaftLogWorker: safeCacheEvictIndex: setUnconditionally 0 -> -1
2022-08-09 13:47:08,907 [pool-73-thread-1] INFO  server.RaftServerConfigKeys (ConfUtils.java:logGet(46)) - raft.server.snapshot.auto.trigger.enabled = true (custom)
2022-08-09 13:47:08,907 [pool-73-thread-1] INFO  server.RaftServerConfigKeys (ConfUtils.java:logGet(46)) - raft.server.snapshot.auto.trigger.threshold = 10000 (custom)
2022-08-09 13:47:08,907 [pool-73-thread-1] INFO  server.RaftServerConfigKeys (ConfUtils.java:logGet(46)) - raft.server.snapshot.retention.file.num = 5 (custom)
2022-08-09 13:47:08,907 [pool-73-thread-1] INFO  server.RaftServerConfigKeys (ConfUtils.java:logGet(46)) - raft.server.log.purge.upto.snapshot.index = false (default)
2022-08-09 13:47:08,907 [pool-73-thread-1] INFO  server.RaftServerConfigKeys (ConfUtils.java:logGet(46)) - raft.server.retrycache.expirytime = 600000ms (custom)
2022-08-09 13:47:08,907 [pool-73-thread-1] INFO  server.RaftServerConfigKeys (ConfUtils.java:logGet(46)) - raft.server.retrycache.statistics.expirytime = 100μs (default)
2022-08-09 13:47:08,908 [pool-73-thread-1] INFO  server.RaftServerConfigKeys (ConfUtils.java:logGet(46)) - raft.server.log.appender.install.snapshot.enabled = false (custom)
2022-08-09 13:47:08,908 [pool-73-thread-1] INFO  server.RaftServerConfigKeys (ConfUtils.java:logGet(46)) - raft.server.threadpool.server.cached = true (default)
2022-08-09 13:47:08,908 [pool-73-thread-1] INFO  server.RaftServerConfigKeys (ConfUtils.java:logGet(46)) - raft.server.threadpool.server.size = 0 (default)
2022-08-09 13:47:08,908 [pool-73-thread-1] INFO  server.RaftServerConfigKeys (ConfUtils.java:logGet(46)) - raft.server.threadpool.client.cached = true (default)
2022-08-09 13:47:08,908 [pool-73-thread-1] INFO  server.RaftServerConfigKeys (ConfUtils.java:logGet(46)) - raft.server.threadpool.client.size = 0 (default)
2022-08-09 13:47:08,909 [EventQueue-OpenPipelineForHealthyPipelineSafeModeRule] INFO  safemode.SCMSafeModeManager (HealthyPipelineSafeModeRule.java:process(137)) - SCM in safe mode. Healthy pipelines reported count is 0, required healthy pipeline reported count is 1
2022-08-09 13:47:08,912 [Command processor thread] INFO  commandhandler.CreatePipelineCommandHandler (CreatePipelineCommandHandler.java:handle(113)) - Created Pipeline RATIS THREE PipelineID=68692978-1a8b-45d6-ad9f-6959a1f1550f.
2022-08-09 13:47:08,915 [pool-73-thread-1] INFO  server.RaftServer$Division (RaftServerImpl.java:start(310)) - 1fcb99f6-8828-4195-ae29-7192ffc3f248@group-2900A7781F59: start as a follower, conf=-1: [1fcb99f6-8828-4195-ae29-7192ffc3f248|rpc:10.1.0.19:42165|priority:0, 51becc16-89cb-4fad-bf94-a36b935bb005|rpc:10.1.0.19:38313|priority:0, 364e6842-d032-4d6d-bdb1-058b551233a8|rpc:10.1.0.19:35261|priority:1], old=null
2022-08-09 13:47:08,915 [pool-73-thread-1] INFO  server.RaftServer$Division (RaftServerImpl.java:setRole(299)) - 1fcb99f6-8828-4195-ae29-7192ffc3f248@group-2900A7781F59: changes role from      null to FOLLOWER at term 0 for startAsFollower
2022-08-09 13:47:08,915 [pool-73-thread-1] INFO  impl.RoleInfo (RoleInfo.java:updateAndGet(139)) - 1fcb99f6-8828-4195-ae29-7192ffc3f248: start 1fcb99f6-8828-4195-ae29-7192ffc3f248@group-2900A7781F59-FollowerState
2022-08-09 13:47:08,915 [pool-73-thread-1] INFO  util.JmxRegister (JmxRegister.java:tryRegister(44)) - Successfully registered JMX Bean with object name Ratis:service=RaftServer,group=group-2900A7781F59,id=1fcb99f6-8828-4195-ae29-7192ffc3f248
2022-08-09 13:47:08,918 [Command processor thread] INFO  ratis.XceiverServerRatis (XceiverServerRatis.java:addGroup(765)) - Created group PipelineID=fc94a62e-1af6-4805-a15b-2900a7781f59
2022-08-09 13:47:08,940 [Command processor thread] INFO  commandhandler.CreatePipelineCommandHandler (CreatePipelineCommandHandler.java:handle(113)) - Created Pipeline RATIS THREE PipelineID=fc94a62e-1af6-4805-a15b-2900a7781f59.
2022-08-09 13:47:08,963 [Command processor thread] INFO  commandhandler.CreatePipelineCommandHandler (CreatePipelineCommandHandler.java:handle(113)) - Created Pipeline RATIS THREE PipelineID=fc94a62e-1af6-4805-a15b-2900a7781f59.
2022-08-09 13:47:09,080 [Command processor thread] INFO  server.RaftServer (RaftServerProxy.java:addNew(96)) - 3ead37bf-6f08-4c7f-839f-0a9366388f78: addNew group-F124221C4D55:[3ead37bf-6f08-4c7f-839f-0a9366388f78|rpc:10.1.0.19:46861|priority:1] returns group-F124221C4D55:java.util.concurrent.CompletableFuture@452afa66[Not completed]
2022-08-09 13:47:09,081 [pool-142-thread-1] INFO  server.RaftServer$Division (RaftServerImpl.java:<init>(190)) - 3ead37bf-6f08-4c7f-839f-0a9366388f78: new RaftServerImpl for group-F124221C4D55:[3ead37bf-6f08-4c7f-839f-0a9366388f78|rpc:10.1.0.19:46861|priority:1] with ContainerStateMachine:uninitialized
2022-08-09 13:47:09,082 [pool-142-thread-1] INFO  server.RaftServerConfigKeys (ConfUtils.java:logGet(46)) - raft.server.rpc.timeout.min = 5s (custom)
2022-08-09 13:47:09,082 [pool-142-thread-1] INFO  server.RaftServerConfigKeys (ConfUtils.java:logGet(46)) - raft.server.rpc.timeout.max = 5200ms (custom)
2022-08-09 13:47:09,082 [pool-142-thread-1] INFO  server.RaftServerConfigKeys (ConfUtils.java:logGet(46)) - raft.server.rpc.sleep.time = 25ms (default)
2022-08-09 13:47:09,082 [pool-142-thread-1] INFO  server.RaftServerConfigKeys (ConfUtils.java:logGet(46)) - raft.server.rpc.slowness.timeout = 300s (custom)
2022-08-09 13:47:09,082 [pool-142-thread-1] INFO  server.RaftServerConfigKeys (ConfUtils.java:logGet(46)) - raft.server.leaderelection.leader.step-down.wait-time = 10s (default)
2022-08-09 13:47:09,082 [pool-142-thread-1] INFO  server.RaftServerConfigKeys (ConfUtils.java:logGet(46)) - raft.server.sleep.deviation.threshold = 300ms (default)
2022-08-09 13:47:09,082 [pool-142-thread-1] INFO  server.RaftServer$Division (ServerState.java:<init>(107)) - 3ead37bf-6f08-4c7f-839f-0a9366388f78@group-F124221C4D55: ConfigurationManager, init=-1: [3ead37bf-6f08-4c7f-839f-0a9366388f78|rpc:10.1.0.19:46861|priority:1], old=null, confs=<EMPTY_MAP>
2022-08-09 13:47:09,082 [pool-142-thread-1] INFO  server.RaftServerConfigKeys (ConfUtils.java:logGet(46)) - raft.server.storage.dir = [/home/runner/work/ozone/ozone/hadoop-ozone/integration-test/target/test-dir/MiniOzoneClusterImpl-e9ece791-7ef2-4ada-98fe-daefa8f21954/datanode-3/data/ratis] (custom)
2022-08-09 13:47:09,082 [pool-142-thread-1] INFO  server.RaftServerConfigKeys (ConfUtils.java:logGet(46)) - raft.server.log.corruption.policy = EXCEPTION (default)
2022-08-09 13:47:09,082 [pool-142-thread-1] INFO  server.RaftServerConfigKeys (ConfUtils.java:logGet(46)) - raft.server.storage.free-space.min = 0MB (=0) (default)
2022-08-09 13:47:09,082 [pool-142-thread-1] INFO  storage.RaftStorageDirectory (RaftStorageDirectoryImpl.java:analyzeStorage(135)) - The storage directory /home/runner/work/ozone/ozone/hadoop-ozone/integration-test/target/test-dir/MiniOzoneClusterImpl-e9ece791-7ef2-4ada-98fe-daefa8f21954/datanode-3/data/ratis/51c0efe8-8a36-4e8f-a9d0-f124221c4d55 does not exist. Creating ...
2022-08-09 13:47:09,084 [pool-142-thread-1] INFO  storage.RaftStorageDirectory (RaftStorageDirectoryImpl.java:tryLock(230)) - Lock on /home/runner/work/ozone/ozone/hadoop-ozone/integration-test/target/test-dir/MiniOzoneClusterImpl-e9ece791-7ef2-4ada-98fe-daefa8f21954/datanode-3/data/ratis/51c0efe8-8a36-4e8f-a9d0-f124221c4d55/in_use.lock acquired by nodename 10574@fv-az450-466
2022-08-09 13:47:09,086 [pool-142-thread-1] INFO  storage.RaftStorage (RaftStorageImpl.java:format(89)) - Storage directory /home/runner/work/ozone/ozone/hadoop-ozone/integration-test/target/test-dir/MiniOzoneClusterImpl-e9ece791-7ef2-4ada-98fe-daefa8f21954/datanode-3/data/ratis/51c0efe8-8a36-4e8f-a9d0-f124221c4d55 has been successfully formatted.
2022-08-09 13:47:09,087 [pool-142-thread-1] INFO  ratis.ContainerStateMachine (ContainerStateMachine.java:loadSnapshot(236)) - group-F124221C4D55: The snapshot info is null. Setting the last applied indexto:(t:0, i:~)
2022-08-09 13:47:09,087 [pool-142-thread-1] INFO  server.RaftServerConfigKeys (ConfUtils.java:logGet(46)) - raft.server.notification.no-leader.timeout = 300s (custom)
2022-08-09 13:47:09,088 [pool-142-thread-1] INFO  server.RaftServerConfigKeys (ConfUtils.java:logGet(46)) - raft.server.log.use.memory = false (default)
2022-08-09 13:47:09,088 [pool-142-thread-1] INFO  server.RaftServerConfigKeys (ConfUtils.java:logGet(46)) - raft.server.log.purge.gap = 1000000 (custom)
2022-08-09 13:47:09,088 [pool-142-thread-1] INFO  server.RaftServerConfigKeys (ConfUtils.java:logGet(46)) - raft.server.log.appender.buffer.byte-limit = 33554432 (custom)
2022-08-09 13:47:09,088 [pool-142-thread-1] INFO  server.RaftServerConfigKeys (ConfUtils.java:logGet(46)) - raft.server.log.statemachine.data.read.timeout = 1000ms (default)
2022-08-09 13:47:09,089 [pool-142-thread-1] INFO  server.RaftServerConfigKeys (ConfUtils.java:logGet(46)) - raft.server.log.segment.size.max = 1048576 (custom)
2022-08-09 13:47:09,089 [pool-142-thread-1] INFO  server.RaftServerConfigKeys (ConfUtils.java:logGet(46)) - raft.server.log.segment.cache.num.max = 2 (custom)
2022-08-09 13:47:09,089 [pool-142-thread-1] INFO  server.RaftServerConfigKeys (ConfUtils.java:logGet(46)) - raft.server.log.segment.cache.size.max = 200MB (=209715200) (default)
2022-08-09 13:47:09,089 [pool-142-thread-1] INFO  segmented.SegmentedRaftLogWorker (SegmentedRaftLogWorker.java:<init>(187)) - new 3ead37bf-6f08-4c7f-839f-0a9366388f78@group-F124221C4D55-SegmentedRaftLogWorker for RaftStorageImpl:Storage Directory /home/runner/work/ozone/ozone/hadoop-ozone/integration-test/target/test-dir/MiniOzoneClusterImpl-e9ece791-7ef2-4ada-98fe-daefa8f21954/datanode-3/data/ratis/51c0efe8-8a36-4e8f-a9d0-f124221c4d55
2022-08-09 13:47:09,089 [pool-142-thread-1] INFO  server.RaftServerConfigKeys (ConfUtils.java:logGet(46)) - raft.server.log.queue.byte-limit = 4294967296 (custom)
2022-08-09 13:47:09,089 [pool-142-thread-1] INFO  server.RaftServerConfigKeys (ConfUtils.java:logGet(46)) - raft.server.log.queue.element-limit = 1024 (custom)
2022-08-09 13:47:09,089 [pool-142-thread-1] INFO  server.RaftServerConfigKeys (ConfUtils.java:logGet(46)) - raft.server.log.segment.size.max = 1048576 (custom)
2022-08-09 13:47:09,089 [pool-142-thread-1] INFO  server.RaftServerConfigKeys (ConfUtils.java:logGet(46)) - raft.server.log.preallocated.size = 16384 (custom)
2022-08-09 13:47:09,089 [pool-142-thread-1] INFO  server.RaftServerConfigKeys (ConfUtils.java:logGet(46)) - raft.server.log.force.sync.num = 128 (default)
2022-08-09 13:47:09,089 [pool-142-thread-1] INFO  server.RaftServerConfigKeys (ConfUtils.java:logGet(46)) - raft.server.log.statemachine.data.sync = true (default)
2022-08-09 13:47:09,089 [pool-142-thread-1] INFO  server.RaftServerConfigKeys (ConfUtils.java:logGet(46)) - raft.server.log.statemachine.data.sync.timeout = 10s (default)
2022-08-09 13:47:09,089 [pool-142-thread-1] INFO  server.RaftServerConfigKeys (ConfUtils.java:logGet(46)) - raft.server.log.statemachine.data.sync.timeout.retry = -1 (default)
2022-08-09 13:47:09,090 [pool-142-thread-1] INFO  server.RaftServerConfigKeys (ConfUtils.java:logGet(46)) - raft.server.log.write.buffer.size = 1048576 (custom)
2022-08-09 13:47:09,091 [EventQueue-PipelineReportForPipelineReportHandler] INFO  pipeline.PipelineManagerImpl (PipelineManagerImpl.java:openPipeline(367)) - Pipeline Pipeline[ Id: 51c0efe8-8a36-4e8f-a9d0-f124221c4d55, Nodes: 3ead37bf-6f08-4c7f-839f-0a9366388f78{ip: 10.1.0.19, host: fv-az450-466.jnfmftgkylze5hd05chtbp1i0a.dx.internal.cloudapp.net, ports: [REPLICATION=40131, RATIS=46861, RATIS_ADMIN=46861, RATIS_SERVER=46861, STANDALONE=38355], networkLocation: /default-rack, certSerialId: null, persistedOpState: IN_SERVICE, persistedOpStateExpiryEpochSec: 0}, ReplicationConfig: RATIS/ONE, State:ALLOCATED, leaderId:3ead37bf-6f08-4c7f-839f-0a9366388f78, CreationTimestamp2022-08-09T13:47:06.084Z[Etc/UTC]] moved to OPEN state
2022-08-09 13:47:09,091 [pool-142-thread-1] INFO  server.RaftServerConfigKeys (ConfUtils.java:logGet(46)) - raft.server.log.unsafe-flush.enabled = false (default)
2022-08-09 13:47:09,091 [pool-142-thread-1] INFO  server.RaftServerConfigKeys (ConfUtils.java:logGet(46)) - raft.server.log.statemachine.data.caching.enabled = true (custom)
2022-08-09 13:47:09,091 [pool-142-thread-1] INFO  segmented.SegmentedRaftLogWorker (SegmentedRaftLogWorker.java:lambda$new$0(135)) - 3ead37bf-6f08-4c7f-839f-0a9366388f78@group-F124221C4D55-SegmentedRaftLogWorker: flushIndex: setUnconditionally 0 -> -1
2022-08-09 13:47:09,091 [pool-142-thread-1] INFO  segmented.SegmentedRaftLogWorker (SegmentedRaftLogWorker.java:lambda$new$0(135)) - 3ead37bf-6f08-4c7f-839f-0a9366388f78@group-F124221C4D55-SegmentedRaftLogWorker: safeCacheEvictIndex: setUnconditionally 0 -> -1
2022-08-09 13:47:09,091 [EventQueue-OpenPipelineForHealthyPipelineSafeModeRule] INFO  safemode.SCMSafeModeManager (HealthyPipelineSafeModeRule.java:process(137)) - SCM in safe mode. Healthy pipelines reported count is 0, required healthy pipeline reported count is 1
2022-08-09 13:47:09,095 [pool-142-thread-1] INFO  server.RaftServerConfigKeys (ConfUtils.java:logGet(46)) - raft.server.snapshot.auto.trigger.enabled = true (custom)
2022-08-09 13:47:09,101 [pool-142-thread-1] INFO  server.RaftServerConfigKeys (ConfUtils.java:logGet(46)) - raft.server.snapshot.auto.trigger.threshold = 10000 (custom)
2022-08-09 13:47:09,102 [pool-142-thread-1] INFO  server.RaftServerConfigKeys (ConfUtils.java:logGet(46)) - raft.server.snapshot.retention.file.num = 5 (custom)
2022-08-09 13:47:09,102 [pool-142-thread-1] INFO  server.RaftServerConfigKeys (ConfUtils.java:logGet(46)) - raft.server.log.purge.upto.snapshot.index = false (default)
2022-08-09 13:47:09,102 [pool-142-thread-1] INFO  server.RaftServerConfigKeys (ConfUtils.java:logGet(46)) - raft.server.retrycache.expirytime = 600000ms (custom)
2022-08-09 13:47:09,102 [pool-142-thread-1] INFO  server.RaftServerConfigKeys (ConfUtils.java:logGet(46)) - raft.server.retrycache.statistics.expirytime = 100μs (default)
2022-08-09 13:47:09,103 [pool-142-thread-1] INFO  server.RaftServerConfigKeys (ConfUtils.java:logGet(46)) - raft.server.log.appender.install.snapshot.enabled = false (custom)
2022-08-09 13:47:09,103 [pool-142-thread-1] INFO  server.RaftServerConfigKeys (ConfUtils.java:logGet(46)) - raft.server.threadpool.server.cached = true (default)
2022-08-09 13:47:09,103 [pool-142-thread-1] INFO  server.RaftServerConfigKeys (ConfUtils.java:logGet(46)) - raft.server.threadpool.server.size = 0 (default)
2022-08-09 13:47:09,103 [pool-142-thread-1] INFO  server.RaftServerConfigKeys (ConfUtils.java:logGet(46)) - raft.server.threadpool.client.cached = true (default)
2022-08-09 13:47:09,103 [pool-142-thread-1] INFO  server.RaftServerConfigKeys (ConfUtils.java:logGet(46)) - raft.server.threadpool.client.size = 0 (default)
2022-08-09 13:47:09,103 [pool-142-thread-1] INFO  server.RaftServer$Division (RaftServerImpl.java:start(310)) - 3ead37bf-6f08-4c7f-839f-0a9366388f78@group-F124221C4D55: start as a follower, conf=-1: [3ead37bf-6f08-4c7f-839f-0a9366388f78|rpc:10.1.0.19:46861|priority:1], old=null
2022-08-09 13:47:09,103 [pool-142-thread-1] INFO  server.RaftServer$Division (RaftServerImpl.java:setRole(299)) - 3ead37bf-6f08-4c7f-839f-0a9366388f78@group-F124221C4D55: changes role from      null to FOLLOWER at term 0 for startAsFollower
2022-08-09 13:47:09,103 [pool-142-thread-1] INFO  impl.RoleInfo (RoleInfo.java:updateAndGet(139)) - 3ead37bf-6f08-4c7f-839f-0a9366388f78: start 3ead37bf-6f08-4c7f-839f-0a9366388f78@group-F124221C4D55-FollowerState
2022-08-09 13:47:09,103 [pool-142-thread-1] INFO  util.JmxRegister (JmxRegister.java:tryRegister(44)) - Successfully registered JMX Bean with object name Ratis:service=RaftServer,group=group-F124221C4D55,id=3ead37bf-6f08-4c7f-839f-0a9366388f78
2022-08-09 13:47:09,104 [Command processor thread] INFO  ratis.XceiverServerRatis (XceiverServerRatis.java:addGroup(765)) - Created group PipelineID=51c0efe8-8a36-4e8f-a9d0-f124221c4d55
2022-08-09 13:47:09,104 [Command processor thread] INFO  commandhandler.CreatePipelineCommandHandler (CreatePipelineCommandHandler.java:handle(113)) - Created Pipeline RATIS ONE PipelineID=51c0efe8-8a36-4e8f-a9d0-f124221c4d55.
2022-08-09 13:47:09,367 [Listener at 127.0.0.1/44757] INFO  ozone.MiniOzoneClusterImpl (MiniOzoneClusterImpl.java:lambda$waitForClusterToBeReady$0(216)) - Nodes are ready. Got 5 of 5 DN Heartbeats.
2022-08-09 13:47:09,367 [Listener at 127.0.0.1/44757] INFO  ozone.MiniOzoneClusterImpl (MiniOzoneClusterImpl.java:lambda$waitForClusterToBeReady$0(219)) - Waiting for cluster to exit safe mode
2022-08-09 13:47:09,367 [Listener at 127.0.0.1/44757] INFO  ozone.MiniOzoneClusterImpl (MiniOzoneClusterImpl.java:lambda$waitForClusterToBeReady$0(221)) - SCM became leader
2022-08-09 13:47:09,374 [Command processor thread] INFO  server.RaftServer (RaftServerProxy.java:addNew(96)) - 727e95bd-5db3-41ce-a16b-fd1add2220b0: addNew group-B26B2EB59A74:[727e95bd-5db3-41ce-a16b-fd1add2220b0|rpc:10.1.0.19:40819|priority:1] returns group-B26B2EB59A74:java.util.concurrent.CompletableFuture@5e521326[Not completed]
2022-08-09 13:47:09,380 [pool-165-thread-1] INFO  server.RaftServer$Division (RaftServerImpl.java:<init>(190)) - 727e95bd-5db3-41ce-a16b-fd1add2220b0: new RaftServerImpl for group-B26B2EB59A74:[727e95bd-5db3-41ce-a16b-fd1add2220b0|rpc:10.1.0.19:40819|priority:1] with ContainerStateMachine:uninitialized
2022-08-09 13:47:09,380 [pool-165-thread-1] INFO  server.RaftServerConfigKeys (ConfUtils.java:logGet(46)) - raft.server.rpc.timeout.min = 5s (custom)
2022-08-09 13:47:09,380 [pool-165-thread-1] INFO  server.RaftServerConfigKeys (ConfUtils.java:logGet(46)) - raft.server.rpc.timeout.max = 5200ms (custom)
2022-08-09 13:47:09,380 [pool-165-thread-1] INFO  server.RaftServerConfigKeys (ConfUtils.java:logGet(46)) - raft.server.rpc.sleep.time = 25ms (default)
2022-08-09 13:47:09,380 [pool-165-thread-1] INFO  server.RaftServerConfigKeys (ConfUtils.java:logGet(46)) - raft.server.rpc.slowness.timeout = 300s (custom)
2022-08-09 13:47:09,380 [pool-165-thread-1] INFO  server.RaftServerConfigKeys (ConfUtils.java:logGet(46)) - raft.server.leaderelection.leader.step-down.wait-time = 10s (default)
2022-08-09 13:47:09,380 [pool-165-thread-1] INFO  server.RaftServerConfigKeys (ConfUtils.java:logGet(46)) - raft.server.sleep.deviation.threshold = 300ms (default)
2022-08-09 13:47:09,380 [pool-165-thread-1] INFO  server.RaftServer$Division (ServerState.java:<init>(107)) - 727e95bd-5db3-41ce-a16b-fd1add2220b0@group-B26B2EB59A74: ConfigurationManager, init=-1: [727e95bd-5db3-41ce-a16b-fd1add2220b0|rpc:10.1.0.19:40819|priority:1], old=null, confs=<EMPTY_MAP>
2022-08-09 13:47:09,380 [pool-165-thread-1] INFO  server.RaftServerConfigKeys (ConfUtils.java:logGet(46)) - raft.server.storage.dir = [/home/runner/work/ozone/ozone/hadoop-ozone/integration-test/target/test-dir/MiniOzoneClusterImpl-e9ece791-7ef2-4ada-98fe-daefa8f21954/datanode-4/data/ratis] (custom)
2022-08-09 13:47:09,380 [pool-165-thread-1] INFO  server.RaftServerConfigKeys (ConfUtils.java:logGet(46)) - raft.server.log.corruption.policy = EXCEPTION (default)
2022-08-09 13:47:09,380 [pool-165-thread-1] INFO  server.RaftServerConfigKeys (ConfUtils.java:logGet(46)) - raft.server.storage.free-space.min = 0MB (=0) (default)
2022-08-09 13:47:09,381 [pool-165-thread-1] INFO  storage.RaftStorageDirectory (RaftStorageDirectoryImpl.java:analyzeStorage(135)) - The storage directory /home/runner/work/ozone/ozone/hadoop-ozone/integration-test/target/test-dir/MiniOzoneClusterImpl-e9ece791-7ef2-4ada-98fe-daefa8f21954/datanode-4/data/ratis/a47667e1-87f2-4912-8c26-b26b2eb59a74 does not exist. Creating ...
2022-08-09 13:47:09,382 [pool-165-thread-1] INFO  storage.RaftStorageDirectory (RaftStorageDirectoryImpl.java:tryLock(230)) - Lock on /home/runner/work/ozone/ozone/hadoop-ozone/integration-test/target/test-dir/MiniOzoneClusterImpl-e9ece791-7ef2-4ada-98fe-daefa8f21954/datanode-4/data/ratis/a47667e1-87f2-4912-8c26-b26b2eb59a74/in_use.lock acquired by nodename 10574@fv-az450-466
2022-08-09 13:47:09,384 [pool-165-thread-1] INFO  storage.RaftStorage (RaftStorageImpl.java:format(89)) - Storage directory /home/runner/work/ozone/ozone/hadoop-ozone/integration-test/target/test-dir/MiniOzoneClusterImpl-e9ece791-7ef2-4ada-98fe-daefa8f21954/datanode-4/data/ratis/a47667e1-87f2-4912-8c26-b26b2eb59a74 has been successfully formatted.
2022-08-09 13:47:09,384 [pool-165-thread-1] INFO  ratis.ContainerStateMachine (ContainerStateMachine.java:loadSnapshot(236)) - group-B26B2EB59A74: The snapshot info is null. Setting the last applied indexto:(t:0, i:~)
2022-08-09 13:47:09,384 [pool-165-thread-1] INFO  server.RaftServerConfigKeys (ConfUtils.java:logGet(46)) - raft.server.notification.no-leader.timeout = 300s (custom)
2022-08-09 13:47:09,385 [pool-165-thread-1] INFO  server.RaftServerConfigKeys (ConfUtils.java:logGet(46)) - raft.server.log.use.memory = false (default)
2022-08-09 13:47:09,385 [pool-165-thread-1] INFO  server.RaftServerConfigKeys (ConfUtils.java:logGet(46)) - raft.server.log.purge.gap = 1000000 (custom)
2022-08-09 13:47:09,385 [pool-165-thread-1] INFO  server.RaftServerConfigKeys (ConfUtils.java:logGet(46)) - raft.server.log.appender.buffer.byte-limit = 33554432 (custom)
2022-08-09 13:47:09,385 [pool-165-thread-1] INFO  server.RaftServerConfigKeys (ConfUtils.java:logGet(46)) - raft.server.log.statemachine.data.read.timeout = 1000ms (default)
2022-08-09 13:47:09,387 [EventQueue-PipelineReportForPipelineReportHandler] INFO  pipeline.PipelineManagerImpl (PipelineManagerImpl.java:openPipeline(367)) - Pipeline Pipeline[ Id: a47667e1-87f2-4912-8c26-b26b2eb59a74, Nodes: 727e95bd-5db3-41ce-a16b-fd1add2220b0{ip: 10.1.0.19, host: fv-az450-466.jnfmftgkylze5hd05chtbp1i0a.dx.internal.cloudapp.net, ports: [REPLICATION=35419, RATIS=40819, RATIS_ADMIN=40819, RATIS_SERVER=40819, STANDALONE=34287], networkLocation: /default-rack, certSerialId: null, persistedOpState: IN_SERVICE, persistedOpStateExpiryEpochSec: 0}, ReplicationConfig: RATIS/ONE, State:ALLOCATED, leaderId:727e95bd-5db3-41ce-a16b-fd1add2220b0, CreationTimestamp2022-08-09T13:47:06.377Z[Etc/UTC]] moved to OPEN state
2022-08-09 13:47:09,387 [pool-165-thread-1] INFO  server.RaftServerConfigKeys (ConfUtils.java:logGet(46)) - raft.server.log.segment.size.max = 1048576 (custom)
2022-08-09 13:47:09,387 [EventQueue-OpenPipelineForHealthyPipelineSafeModeRule] INFO  safemode.SCMSafeModeManager (HealthyPipelineSafeModeRule.java:process(137)) - SCM in safe mode. Healthy pipelines reported count is 0, required healthy pipeline reported count is 1
2022-08-09 13:47:09,389 [pool-165-thread-1] INFO  server.RaftServerConfigKeys (ConfUtils.java:logGet(46)) - raft.server.log.segment.cache.num.max = 2 (custom)
2022-08-09 13:47:09,389 [pool-165-thread-1] INFO  server.RaftServerConfigKeys (ConfUtils.java:logGet(46)) - raft.server.log.segment.cache.size.max = 200MB (=209715200) (default)
2022-08-09 13:47:09,389 [pool-165-thread-1] INFO  segmented.SegmentedRaftLogWorker (SegmentedRaftLogWorker.java:<init>(187)) - new 727e95bd-5db3-41ce-a16b-fd1add2220b0@group-B26B2EB59A74-SegmentedRaftLogWorker for RaftStorageImpl:Storage Directory /home/runner/work/ozone/ozone/hadoop-ozone/integration-test/target/test-dir/MiniOzoneClusterImpl-e9ece791-7ef2-4ada-98fe-daefa8f21954/datanode-4/data/ratis/a47667e1-87f2-4912-8c26-b26b2eb59a74
2022-08-09 13:47:09,389 [pool-165-thread-1] INFO  server.RaftServerConfigKeys (ConfUtils.java:logGet(46)) - raft.server.log.queue.byte-limit = 4294967296 (custom)
2022-08-09 13:47:09,389 [pool-165-thread-1] INFO  server.RaftServerConfigKeys (ConfUtils.java:logGet(46)) - raft.server.log.queue.element-limit = 1024 (custom)
2022-08-09 13:47:09,389 [pool-165-thread-1] INFO  server.RaftServerConfigKeys (ConfUtils.java:logGet(46)) - raft.server.log.segment.size.max = 1048576 (custom)
2022-08-09 13:47:09,389 [pool-165-thread-1] INFO  server.RaftServerConfigKeys (ConfUtils.java:logGet(46)) - raft.server.log.preallocated.size = 16384 (custom)
2022-08-09 13:47:09,389 [pool-165-thread-1] INFO  server.RaftServerConfigKeys (ConfUtils.java:logGet(46)) - raft.server.log.force.sync.num = 128 (default)
2022-08-09 13:47:09,389 [pool-165-thread-1] INFO  server.RaftServerConfigKeys (ConfUtils.java:logGet(46)) - raft.server.log.statemachine.data.sync = true (default)
2022-08-09 13:47:09,389 [pool-165-thread-1] INFO  server.RaftServerConfigKeys (ConfUtils.java:logGet(46)) - raft.server.log.statemachine.data.sync.timeout = 10s (default)
2022-08-09 13:47:09,389 [pool-165-thread-1] INFO  server.RaftServerConfigKeys (ConfUtils.java:logGet(46)) - raft.server.log.statemachine.data.sync.timeout.retry = -1 (default)
2022-08-09 13:47:09,390 [pool-165-thread-1] INFO  server.RaftServerConfigKeys (ConfUtils.java:logGet(46)) - raft.server.log.write.buffer.size = 1048576 (custom)
2022-08-09 13:47:09,391 [pool-165-thread-1] INFO  server.RaftServerConfigKeys (ConfUtils.java:logGet(46)) - raft.server.log.unsafe-flush.enabled = false (default)
2022-08-09 13:47:09,391 [pool-165-thread-1] INFO  server.RaftServerConfigKeys (ConfUtils.java:logGet(46)) - raft.server.log.statemachine.data.caching.enabled = true (custom)
2022-08-09 13:47:09,391 [pool-165-thread-1] INFO  segmented.SegmentedRaftLogWorker (SegmentedRaftLogWorker.java:lambda$new$0(135)) - 727e95bd-5db3-41ce-a16b-fd1add2220b0@group-B26B2EB59A74-SegmentedRaftLogWorker: flushIndex: setUnconditionally 0 -> -1
2022-08-09 13:47:09,391 [pool-165-thread-1] INFO  segmented.SegmentedRaftLogWorker (SegmentedRaftLogWorker.java:lambda$new$0(135)) - 727e95bd-5db3-41ce-a16b-fd1add2220b0@group-B26B2EB59A74-SegmentedRaftLogWorker: safeCacheEvictIndex: setUnconditionally 0 -> -1
2022-08-09 13:47:09,391 [pool-165-thread-1] INFO  server.RaftServerConfigKeys (ConfUtils.java:logGet(46)) - raft.server.snapshot.auto.trigger.enabled = true (custom)
2022-08-09 13:47:09,391 [pool-165-thread-1] INFO  server.RaftServerConfigKeys (ConfUtils.java:logGet(46)) - raft.server.snapshot.auto.trigger.threshold = 10000 (custom)
2022-08-09 13:47:09,391 [pool-165-thread-1] INFO  server.RaftServerConfigKeys (ConfUtils.java:logGet(46)) - raft.server.snapshot.retention.file.num = 5 (custom)
2022-08-09 13:47:09,391 [pool-165-thread-1] INFO  server.RaftServerConfigKeys (ConfUtils.java:logGet(46)) - raft.server.log.purge.upto.snapshot.index = false (default)
2022-08-09 13:47:09,391 [pool-165-thread-1] INFO  server.RaftServerConfigKeys (ConfUtils.java:logGet(46)) - raft.server.retrycache.expirytime = 600000ms (custom)
2022-08-09 13:47:09,391 [pool-165-thread-1] INFO  server.RaftServerConfigKeys (ConfUtils.java:logGet(46)) - raft.server.retrycache.statistics.expirytime = 100μs (default)
2022-08-09 13:47:09,395 [pool-165-thread-1] INFO  server.RaftServerConfigKeys (ConfUtils.java:logGet(46)) - raft.server.log.appender.install.snapshot.enabled = false (custom)
2022-08-09 13:47:09,396 [pool-165-thread-1] INFO  server.RaftServerConfigKeys (ConfUtils.java:logGet(46)) - raft.server.threadpool.server.cached = true (default)
2022-08-09 13:47:09,396 [pool-165-thread-1] INFO  server.RaftServerConfigKeys (ConfUtils.java:logGet(46)) - raft.server.threadpool.server.size = 0 (default)
2022-08-09 13:47:09,396 [pool-165-thread-1] INFO  server.RaftServerConfigKeys (ConfUtils.java:logGet(46)) - raft.server.threadpool.client.cached = true (default)
2022-08-09 13:47:09,396 [pool-165-thread-1] INFO  server.RaftServerConfigKeys (ConfUtils.java:logGet(46)) - raft.server.threadpool.client.size = 0 (default)
2022-08-09 13:47:09,396 [pool-165-thread-1] INFO  server.RaftServer$Division (RaftServerImpl.java:start(310)) - 727e95bd-5db3-41ce-a16b-fd1add2220b0@group-B26B2EB59A74: start as a follower, conf=-1: [727e95bd-5db3-41ce-a16b-fd1add2220b0|rpc:10.1.0.19:40819|priority:1], old=null
2022-08-09 13:47:09,396 [pool-165-thread-1] INFO  server.RaftServer$Division (RaftServerImpl.java:setRole(299)) - 727e95bd-5db3-41ce-a16b-fd1add2220b0@group-B26B2EB59A74: changes role from      null to FOLLOWER at term 0 for startAsFollower
2022-08-09 13:47:09,396 [pool-165-thread-1] INFO  impl.RoleInfo (RoleInfo.java:updateAndGet(139)) - 727e95bd-5db3-41ce-a16b-fd1add2220b0: start 727e95bd-5db3-41ce-a16b-fd1add2220b0@group-B26B2EB59A74-FollowerState
2022-08-09 13:47:09,396 [pool-165-thread-1] INFO  util.JmxRegister (JmxRegister.java:tryRegister(44)) - Successfully registered JMX Bean with object name Ratis:service=RaftServer,group=group-B26B2EB59A74,id=727e95bd-5db3-41ce-a16b-fd1add2220b0
2022-08-09 13:47:09,400 [Command processor thread] INFO  ratis.XceiverServerRatis (XceiverServerRatis.java:addGroup(765)) - Created group PipelineID=a47667e1-87f2-4912-8c26-b26b2eb59a74
2022-08-09 13:47:09,400 [Command processor thread] INFO  commandhandler.CreatePipelineCommandHandler (CreatePipelineCommandHandler.java:handle(113)) - Created Pipeline RATIS ONE PipelineID=a47667e1-87f2-4912-8c26-b26b2eb59a74.
2022-08-09 13:47:10,367 [Listener at 127.0.0.1/44757] INFO  ozone.MiniOzoneClusterImpl (MiniOzoneClusterImpl.java:lambda$waitForClusterToBeReady$0(216)) - Nodes are ready. Got 5 of 5 DN Heartbeats.
2022-08-09 13:47:10,367 [Listener at 127.0.0.1/44757] INFO  ozone.MiniOzoneClusterImpl (MiniOzoneClusterImpl.java:lambda$waitForClusterToBeReady$0(219)) - Waiting for cluster to exit safe mode
2022-08-09 13:47:10,368 [Listener at 127.0.0.1/44757] INFO  ozone.MiniOzoneClusterImpl (MiniOzoneClusterImpl.java:lambda$waitForClusterToBeReady$0(221)) - SCM became leader
2022-08-09 13:47:11,368 [Listener at 127.0.0.1/44757] INFO  ozone.MiniOzoneClusterImpl (MiniOzoneClusterImpl.java:lambda$waitForClusterToBeReady$0(216)) - Nodes are ready. Got 5 of 5 DN Heartbeats.
2022-08-09 13:47:11,368 [Listener at 127.0.0.1/44757] INFO  ozone.MiniOzoneClusterImpl (MiniOzoneClusterImpl.java:lambda$waitForClusterToBeReady$0(219)) - Waiting for cluster to exit safe mode
2022-08-09 13:47:11,368 [Listener at 127.0.0.1/44757] INFO  ozone.MiniOzoneClusterImpl (MiniOzoneClusterImpl.java:lambda$waitForClusterToBeReady$0(221)) - SCM became leader
2022-08-09 13:47:12,368 [Listener at 127.0.0.1/44757] INFO  ozone.MiniOzoneClusterImpl (MiniOzoneClusterImpl.java:lambda$waitForClusterToBeReady$0(216)) - Nodes are ready. Got 5 of 5 DN Heartbeats.
2022-08-09 13:47:12,369 [Listener at 127.0.0.1/44757] INFO  ozone.MiniOzoneClusterImpl (MiniOzoneClusterImpl.java:lambda$waitForClusterToBeReady$0(219)) - Waiting for cluster to exit safe mode
2022-08-09 13:47:12,369 [Listener at 127.0.0.1/44757] INFO  ozone.MiniOzoneClusterImpl (MiniOzoneClusterImpl.java:lambda$waitForClusterToBeReady$0(221)) - SCM became leader
2022-08-09 13:47:13,165 [1fcb99f6-8828-4195-ae29-7192ffc3f248@group-15E9BBC71D45-FollowerState] INFO  impl.FollowerState (FollowerState.java:run(143)) - 1fcb99f6-8828-4195-ae29-7192ffc3f248@group-15E9BBC71D45-FollowerState: change to CANDIDATE, lastRpcElapsedTime:5060549024ns, electionTimeout:5049ms
2022-08-09 13:47:13,165 [1fcb99f6-8828-4195-ae29-7192ffc3f248@group-15E9BBC71D45-FollowerState] INFO  impl.RoleInfo (RoleInfo.java:shutdownFollowerState(110)) - 1fcb99f6-8828-4195-ae29-7192ffc3f248: shutdown 1fcb99f6-8828-4195-ae29-7192ffc3f248@group-15E9BBC71D45-FollowerState
2022-08-09 13:47:13,165 [1fcb99f6-8828-4195-ae29-7192ffc3f248@group-15E9BBC71D45-FollowerState] INFO  server.RaftServer$Division (RaftServerImpl.java:setRole(299)) - 1fcb99f6-8828-4195-ae29-7192ffc3f248@group-15E9BBC71D45: changes role from  FOLLOWER to CANDIDATE at term 0 for changeToCandidate
2022-08-09 13:47:13,165 [1fcb99f6-8828-4195-ae29-7192ffc3f248@group-15E9BBC71D45-FollowerState] INFO  server.RaftServerConfigKeys (ConfUtils.java:logGet(46)) - raft.server.leaderelection.pre-vote = false (custom)
2022-08-09 13:47:13,166 [1fcb99f6-8828-4195-ae29-7192ffc3f248@group-15E9BBC71D45-FollowerState] INFO  impl.RoleInfo (RoleInfo.java:updateAndGet(139)) - 1fcb99f6-8828-4195-ae29-7192ffc3f248: start 1fcb99f6-8828-4195-ae29-7192ffc3f248@group-15E9BBC71D45-LeaderElection2
2022-08-09 13:47:13,166 [1fcb99f6-8828-4195-ae29-7192ffc3f248@group-6959A1F1550F-FollowerState] INFO  impl.FollowerState (FollowerState.java:run(143)) - 1fcb99f6-8828-4195-ae29-7192ffc3f248@group-6959A1F1550F-FollowerState: change to CANDIDATE, lastRpcElapsedTime:5001512279ns, electionTimeout:5000ms
2022-08-09 13:47:13,167 [1fcb99f6-8828-4195-ae29-7192ffc3f248@group-6959A1F1550F-FollowerState] INFO  impl.RoleInfo (RoleInfo.java:shutdownFollowerState(110)) - 1fcb99f6-8828-4195-ae29-7192ffc3f248: shutdown 1fcb99f6-8828-4195-ae29-7192ffc3f248@group-6959A1F1550F-FollowerState
2022-08-09 13:47:13,167 [1fcb99f6-8828-4195-ae29-7192ffc3f248@group-6959A1F1550F-FollowerState] INFO  server.RaftServer$Division (RaftServerImpl.java:setRole(299)) - 1fcb99f6-8828-4195-ae29-7192ffc3f248@group-6959A1F1550F: changes role from  FOLLOWER to CANDIDATE at term 0 for changeToCandidate
2022-08-09 13:47:13,167 [1fcb99f6-8828-4195-ae29-7192ffc3f248@group-6959A1F1550F-FollowerState] INFO  server.RaftServerConfigKeys (ConfUtils.java:logGet(46)) - raft.server.leaderelection.pre-vote = false (custom)
2022-08-09 13:47:13,167 [1fcb99f6-8828-4195-ae29-7192ffc3f248@group-6959A1F1550F-FollowerState] INFO  impl.RoleInfo (RoleInfo.java:updateAndGet(139)) - 1fcb99f6-8828-4195-ae29-7192ffc3f248: start 1fcb99f6-8828-4195-ae29-7192ffc3f248@group-6959A1F1550F-LeaderElection3
2022-08-09 13:47:13,171 [1fcb99f6-8828-4195-ae29-7192ffc3f248@group-15E9BBC71D45-LeaderElection2] INFO  impl.LeaderElection (LeaderElection.java:askForVotes(310)) - 1fcb99f6-8828-4195-ae29-7192ffc3f248@group-15E9BBC71D45-LeaderElection2 ELECTION round 0: submit vote requests at term 1 for -1: [1fcb99f6-8828-4195-ae29-7192ffc3f248|rpc:10.1.0.19:42165|priority:1], old=null
2022-08-09 13:47:13,171 [1fcb99f6-8828-4195-ae29-7192ffc3f248@group-15E9BBC71D45-LeaderElection2] INFO  impl.LeaderElection (LeaderElection.java:askForVotes(312)) - 1fcb99f6-8828-4195-ae29-7192ffc3f248@group-15E9BBC71D45-LeaderElection2 ELECTION round 0: result PASSED (term=1)
2022-08-09 13:47:13,171 [1fcb99f6-8828-4195-ae29-7192ffc3f248@group-15E9BBC71D45-LeaderElection2] INFO  impl.RoleInfo (RoleInfo.java:shutdownLeaderElection(130)) - 1fcb99f6-8828-4195-ae29-7192ffc3f248: shutdown 1fcb99f6-8828-4195-ae29-7192ffc3f248@group-15E9BBC71D45-LeaderElection2
2022-08-09 13:47:13,171 [1fcb99f6-8828-4195-ae29-7192ffc3f248@group-15E9BBC71D45-LeaderElection2] INFO  server.RaftServer$Division (RaftServerImpl.java:setRole(299)) - 1fcb99f6-8828-4195-ae29-7192ffc3f248@group-15E9BBC71D45: changes role from CANDIDATE to LEADER at term 1 for changeToLeader
2022-08-09 13:47:13,171 [1fcb99f6-8828-4195-ae29-7192ffc3f248@group-15E9BBC71D45-LeaderElection2] INFO  ratis.XceiverServerRatis (XceiverServerRatis.java:handleLeaderChangedNotification(863)) - Leader change notification received for group: group-15E9BBC71D45 with new leaderId: 1fcb99f6-8828-4195-ae29-7192ffc3f248
2022-08-09 13:47:13,172 [1fcb99f6-8828-4195-ae29-7192ffc3f248@group-15E9BBC71D45-LeaderElection2] INFO  server.RaftServer$Division (ServerState.java:setLeader(287)) - 1fcb99f6-8828-4195-ae29-7192ffc3f248@group-15E9BBC71D45: change Leader from null to 1fcb99f6-8828-4195-ae29-7192ffc3f248 at term 1 for becomeLeader, leader elected after 5104ms
2022-08-09 13:47:13,172 [1fcb99f6-8828-4195-ae29-7192ffc3f248@group-15E9BBC71D45-LeaderElection2] INFO  server.RaftServerConfigKeys (ConfUtils.java:logGet(46)) - raft.server.staging.catchup.gap = 1000 (default)
2022-08-09 13:47:13,173 [1fcb99f6-8828-4195-ae29-7192ffc3f248@group-15E9BBC71D45-LeaderElection2] INFO  server.RaftServerConfigKeys (ConfUtils.java:logGet(46)) - raft.server.write.element-limit = 1024 (custom)
2022-08-09 13:47:13,173 [1fcb99f6-8828-4195-ae29-7192ffc3f248@group-15E9BBC71D45-LeaderElection2] INFO  server.RaftServerConfigKeys (ConfUtils.java:logGet(46)) - raft.server.write.byte-limit = 1024 M (=1073741824) (custom)
2022-08-09 13:47:13,173 [1fcb99f6-8828-4195-ae29-7192ffc3f248@group-15E9BBC71D45-LeaderElection2] INFO  server.RaftServerConfigKeys (ConfUtils.java:logGet(46)) - raft.server.watch.timeout = 180s (custom)
2022-08-09 13:47:13,173 [1fcb99f6-8828-4195-ae29-7192ffc3f248@group-15E9BBC71D45-LeaderElection2] INFO  server.RaftServerConfigKeys (ConfUtils.java:logGet(46)) - raft.server.watch.timeout.denomination = 1s (default)
2022-08-09 13:47:13,173 [1fcb99f6-8828-4195-ae29-7192ffc3f248@group-15E9BBC71D45-LeaderElection2] INFO  server.RaftServerConfigKeys (ConfUtils.java:logGet(46)) - raft.server.watch.element-limit = 65536 (default)
2022-08-09 13:47:13,173 [1fcb99f6-8828-4195-ae29-7192ffc3f248@group-15E9BBC71D45-LeaderElection2] INFO  server.RaftServerConfigKeys (ConfUtils.java:logGet(46)) - raft.server.write.element-limit = 1024 (custom)
2022-08-09 13:47:13,173 [1fcb99f6-8828-4195-ae29-7192ffc3f248@group-15E9BBC71D45-LeaderElection2] INFO  server.RaftServerConfigKeys (ConfUtils.java:logGet(46)) - raft.server.write.follower.gap.ratio.max = -1.0 (default)
2022-08-09 13:47:13,174 [1fcb99f6-8828-4195-ae29-7192ffc3f248@group-15E9BBC71D45-LeaderElection2] INFO  impl.RoleInfo (RoleInfo.java:updateAndGet(139)) - 1fcb99f6-8828-4195-ae29-7192ffc3f248: start 1fcb99f6-8828-4195-ae29-7192ffc3f248@group-15E9BBC71D45-LeaderStateImpl
2022-08-09 13:47:13,174 [1fcb99f6-8828-4195-ae29-7192ffc3f248@group-15E9BBC71D45-LeaderElection2] INFO  segmented.SegmentedRaftLogWorker (SegmentedRaftLogWorker.java:startLogSegment(425)) - 1fcb99f6-8828-4195-ae29-7192ffc3f248@group-15E9BBC71D45-SegmentedRaftLogWorker: Starting segment from index:0
2022-08-09 13:47:13,172 [1fcb99f6-8828-4195-ae29-7192ffc3f248@group-6959A1F1550F-LeaderElection3] INFO  impl.LeaderElection (LeaderElection.java:askForVotes(310)) - 1fcb99f6-8828-4195-ae29-7192ffc3f248@group-6959A1F1550F-LeaderElection3 ELECTION round 0: submit vote requests at term 1 for -1: [1fcb99f6-8828-4195-ae29-7192ffc3f248|rpc:10.1.0.19:42165|priority:1, 51becc16-89cb-4fad-bf94-a36b935bb005|rpc:10.1.0.19:38313|priority:0, 364e6842-d032-4d6d-bdb1-058b551233a8|rpc:10.1.0.19:35261|priority:0], old=null
2022-08-09 13:47:13,176 [EventQueue-OpenPipelineForHealthyPipelineSafeModeRule] INFO  safemode.SCMSafeModeManager (HealthyPipelineSafeModeRule.java:process(137)) - SCM in safe mode. Healthy pipelines reported count is 0, required healthy pipeline reported count is 1
2022-08-09 13:47:13,179 [1fcb99f6-8828-4195-ae29-7192ffc3f248@group-15E9BBC71D45-SegmentedRaftLogWorker] INFO  segmented.SegmentedRaftLogWorker (SegmentedRaftLogWorker.java:execute(629)) - 1fcb99f6-8828-4195-ae29-7192ffc3f248@group-15E9BBC71D45-SegmentedRaftLogWorker: created new log segment /home/runner/work/ozone/ozone/hadoop-ozone/integration-test/target/test-dir/MiniOzoneClusterImpl-e9ece791-7ef2-4ada-98fe-daefa8f21954/datanode-0/data/ratis/30b0a17c-875b-4729-85a9-15e9bbc71d45/current/log_inprogress_0
2022-08-09 13:47:13,182 [1fcb99f6-8828-4195-ae29-7192ffc3f248@group-15E9BBC71D45-LeaderElection2] INFO  server.RaftServer$Division (ServerState.java:setRaftConf(393)) - 1fcb99f6-8828-4195-ae29-7192ffc3f248@group-15E9BBC71D45: set configuration 0: [1fcb99f6-8828-4195-ae29-7192ffc3f248|rpc:10.1.0.19:42165|dataStream:|priority:1], old=null
2022-08-09 13:47:13,208 [grpc-default-executor-0] INFO  server.RaftServer$Division (RaftServerImpl.java:requestVote(1152)) - 364e6842-d032-4d6d-bdb1-058b551233a8@group-6959A1F1550F: receive requestVote(ELECTION, 1fcb99f6-8828-4195-ae29-7192ffc3f248, group-6959A1F1550F, 1, (t:0, i:0))
2022-08-09 13:47:13,211 [grpc-default-executor-0] INFO  impl.VoteContext (VoteContext.java:log(48)) - 364e6842-d032-4d6d-bdb1-058b551233a8@group-6959A1F1550F-FOLLOWER: accept ELECTION from 1fcb99f6-8828-4195-ae29-7192ffc3f248: our priority 0 <= candidate's priority 1
2022-08-09 13:47:13,211 [grpc-default-executor-0] INFO  server.RaftServer$Division (RaftServerImpl.java:setRole(299)) - 364e6842-d032-4d6d-bdb1-058b551233a8@group-6959A1F1550F: changes role from  FOLLOWER to FOLLOWER at term 1 for candidate:1fcb99f6-8828-4195-ae29-7192ffc3f248
2022-08-09 13:47:13,211 [grpc-default-executor-0] INFO  impl.RoleInfo (RoleInfo.java:shutdownFollowerState(110)) - 364e6842-d032-4d6d-bdb1-058b551233a8: shutdown 364e6842-d032-4d6d-bdb1-058b551233a8@group-6959A1F1550F-FollowerState
2022-08-09 13:47:13,211 [grpc-default-executor-0] INFO  impl.RoleInfo (RoleInfo.java:updateAndGet(139)) - 364e6842-d032-4d6d-bdb1-058b551233a8: start 364e6842-d032-4d6d-bdb1-058b551233a8@group-6959A1F1550F-FollowerState
2022-08-09 13:47:13,211 [364e6842-d032-4d6d-bdb1-058b551233a8@group-6959A1F1550F-FollowerState] INFO  impl.FollowerState (FollowerState.java:run(152)) - 364e6842-d032-4d6d-bdb1-058b551233a8@group-6959A1F1550F-FollowerState was interrupted
2022-08-09 13:47:13,218 [grpc-default-executor-1] INFO  server.RaftServer$Division (RaftServerImpl.java:requestVote(1152)) - 51becc16-89cb-4fad-bf94-a36b935bb005@group-6959A1F1550F: receive requestVote(ELECTION, 1fcb99f6-8828-4195-ae29-7192ffc3f248, group-6959A1F1550F, 1, (t:0, i:0))
2022-08-09 13:47:13,218 [grpc-default-executor-1] INFO  impl.VoteContext (VoteContext.java:log(48)) - 51becc16-89cb-4fad-bf94-a36b935bb005@group-6959A1F1550F-FOLLOWER: accept ELECTION from 1fcb99f6-8828-4195-ae29-7192ffc3f248: our priority 0 <= candidate's priority 1
2022-08-09 13:47:13,219 [grpc-default-executor-1] INFO  server.RaftServer$Division (RaftServerImpl.java:setRole(299)) - 51becc16-89cb-4fad-bf94-a36b935bb005@group-6959A1F1550F: changes role from  FOLLOWER to FOLLOWER at term 1 for candidate:1fcb99f6-8828-4195-ae29-7192ffc3f248
2022-08-09 13:47:13,219 [grpc-default-executor-1] INFO  impl.RoleInfo (RoleInfo.java:shutdownFollowerState(110)) - 51becc16-89cb-4fad-bf94-a36b935bb005: shutdown 51becc16-89cb-4fad-bf94-a36b935bb005@group-6959A1F1550F-FollowerState
2022-08-09 13:47:13,219 [grpc-default-executor-1] INFO  impl.RoleInfo (RoleInfo.java:updateAndGet(139)) - 51becc16-89cb-4fad-bf94-a36b935bb005: start 51becc16-89cb-4fad-bf94-a36b935bb005@group-6959A1F1550F-FollowerState
2022-08-09 13:47:13,219 [51becc16-89cb-4fad-bf94-a36b935bb005@group-6959A1F1550F-FollowerState] INFO  impl.FollowerState (FollowerState.java:run(152)) - 51becc16-89cb-4fad-bf94-a36b935bb005@group-6959A1F1550F-FollowerState was interrupted
2022-08-09 13:47:13,223 [grpc-default-executor-0] INFO  server.RaftServer$Division (RaftServerImpl.java:requestVote(1184)) - 364e6842-d032-4d6d-bdb1-058b551233a8@group-6959A1F1550F replies to ELECTION vote request: 1fcb99f6-8828-4195-ae29-7192ffc3f248<-364e6842-d032-4d6d-bdb1-058b551233a8#0:OK-t1. Peer's state: 364e6842-d032-4d6d-bdb1-058b551233a8@group-6959A1F1550F:t1, leader=null, voted=1fcb99f6-8828-4195-ae29-7192ffc3f248, raftlog=364e6842-d032-4d6d-bdb1-058b551233a8@group-6959A1F1550F-SegmentedRaftLog:OPENED:c-1, conf=-1: [1fcb99f6-8828-4195-ae29-7192ffc3f248|rpc:10.1.0.19:42165|dataStream:|priority:1, 51becc16-89cb-4fad-bf94-a36b935bb005|rpc:10.1.0.19:38313|dataStream:|priority:0, 364e6842-d032-4d6d-bdb1-058b551233a8|rpc:10.1.0.19:35261|dataStream:|priority:0], old=null
2022-08-09 13:47:13,224 [grpc-default-executor-1] INFO  server.RaftServer$Division (RaftServerImpl.java:requestVote(1184)) - 51becc16-89cb-4fad-bf94-a36b935bb005@group-6959A1F1550F replies to ELECTION vote request: 1fcb99f6-8828-4195-ae29-7192ffc3f248<-51becc16-89cb-4fad-bf94-a36b935bb005#0:OK-t1. Peer's state: 51becc16-89cb-4fad-bf94-a36b935bb005@group-6959A1F1550F:t1, leader=null, voted=1fcb99f6-8828-4195-ae29-7192ffc3f248, raftlog=51becc16-89cb-4fad-bf94-a36b935bb005@group-6959A1F1550F-SegmentedRaftLog:OPENED:c-1, conf=-1: [1fcb99f6-8828-4195-ae29-7192ffc3f248|rpc:10.1.0.19:42165|priority:1, 51becc16-89cb-4fad-bf94-a36b935bb005|rpc:10.1.0.19:38313|priority:0, 364e6842-d032-4d6d-bdb1-058b551233a8|rpc:10.1.0.19:35261|priority:0], old=null
2022-08-09 13:47:13,229 [1fcb99f6-8828-4195-ae29-7192ffc3f248@group-6959A1F1550F-LeaderElection3] INFO  impl.LeaderElection (LeaderElection.java:logAndReturn(90)) - 1fcb99f6-8828-4195-ae29-7192ffc3f248@group-6959A1F1550F-LeaderElection3: ELECTION PASSED received 1 response(s) and 0 exception(s):
2022-08-09 13:47:13,230 [1fcb99f6-8828-4195-ae29-7192ffc3f248@group-6959A1F1550F-LeaderElection3] INFO  impl.LeaderElection (LeaderElection.java:logAndReturn(94)) -   Response 0: 1fcb99f6-8828-4195-ae29-7192ffc3f248<-51becc16-89cb-4fad-bf94-a36b935bb005#0:OK-t1
2022-08-09 13:47:13,230 [1fcb99f6-8828-4195-ae29-7192ffc3f248@group-6959A1F1550F-LeaderElection3] INFO  impl.LeaderElection (LeaderElection.java:askForVotes(312)) - 1fcb99f6-8828-4195-ae29-7192ffc3f248@group-6959A1F1550F-LeaderElection3 ELECTION round 0: result PASSED
2022-08-09 13:47:13,230 [1fcb99f6-8828-4195-ae29-7192ffc3f248@group-6959A1F1550F-LeaderElection3] INFO  impl.RoleInfo (RoleInfo.java:shutdownLeaderElection(130)) - 1fcb99f6-8828-4195-ae29-7192ffc3f248: shutdown 1fcb99f6-8828-4195-ae29-7192ffc3f248@group-6959A1F1550F-LeaderElection3
2022-08-09 13:47:13,230 [1fcb99f6-8828-4195-ae29-7192ffc3f248@group-6959A1F1550F-LeaderElection3] INFO  server.RaftServer$Division (RaftServerImpl.java:setRole(299)) - 1fcb99f6-8828-4195-ae29-7192ffc3f248@group-6959A1F1550F: changes role from CANDIDATE to LEADER at term 1 for changeToLeader
2022-08-09 13:47:13,230 [1fcb99f6-8828-4195-ae29-7192ffc3f248@group-6959A1F1550F-LeaderElection3] INFO  ratis.XceiverServerRatis (XceiverServerRatis.java:handleLeaderChangedNotification(863)) - Leader change notification received for group: group-6959A1F1550F with new leaderId: 1fcb99f6-8828-4195-ae29-7192ffc3f248
2022-08-09 13:47:13,230 [1fcb99f6-8828-4195-ae29-7192ffc3f248@group-6959A1F1550F-LeaderElection3] INFO  server.RaftServer$Division (ServerState.java:setLeader(287)) - 1fcb99f6-8828-4195-ae29-7192ffc3f248@group-6959A1F1550F: change Leader from null to 1fcb99f6-8828-4195-ae29-7192ffc3f248 at term 1 for becomeLeader, leader elected after 5082ms
2022-08-09 13:47:13,230 [1fcb99f6-8828-4195-ae29-7192ffc3f248@group-6959A1F1550F-LeaderElection3] INFO  server.RaftServerConfigKeys (ConfUtils.java:logGet(46)) - raft.server.staging.catchup.gap = 1000 (default)
2022-08-09 13:47:13,230 [1fcb99f6-8828-4195-ae29-7192ffc3f248@group-6959A1F1550F-LeaderElection3] INFO  server.RaftServerConfigKeys (ConfUtils.java:logGet(46)) - raft.server.write.element-limit = 1024 (custom)
2022-08-09 13:47:13,230 [1fcb99f6-8828-4195-ae29-7192ffc3f248@group-6959A1F1550F-LeaderElection3] INFO  server.RaftServerConfigKeys (ConfUtils.java:logGet(46)) - raft.server.write.byte-limit = 1024 M (=1073741824) (custom)
2022-08-09 13:47:13,231 [1fcb99f6-8828-4195-ae29-7192ffc3f248@group-6959A1F1550F-LeaderElection3] INFO  server.RaftServerConfigKeys (ConfUtils.java:logGet(46)) - raft.server.watch.timeout = 180s (custom)
2022-08-09 13:47:13,231 [1fcb99f6-8828-4195-ae29-7192ffc3f248@group-6959A1F1550F-LeaderElection3] INFO  server.RaftServerConfigKeys (ConfUtils.java:logGet(46)) - raft.server.watch.timeout.denomination = 1s (default)
2022-08-09 13:47:13,231 [1fcb99f6-8828-4195-ae29-7192ffc3f248@group-6959A1F1550F-LeaderElection3] INFO  server.RaftServerConfigKeys (ConfUtils.java:logGet(46)) - raft.server.watch.element-limit = 65536 (default)
2022-08-09 13:47:13,231 [1fcb99f6-8828-4195-ae29-7192ffc3f248@group-6959A1F1550F-LeaderElection3] INFO  server.RaftServerConfigKeys (ConfUtils.java:logGet(46)) - raft.server.write.element-limit = 1024 (custom)
2022-08-09 13:47:13,231 [1fcb99f6-8828-4195-ae29-7192ffc3f248@group-6959A1F1550F-LeaderElection3] INFO  server.RaftServerConfigKeys (ConfUtils.java:logGet(46)) - raft.server.write.follower.gap.ratio.max = -1.0 (default)
2022-08-09 13:47:13,234 [EventQueue-PipelineReportForPipelineReportHandler] INFO  pipeline.PipelineManagerImpl (PipelineManagerImpl.java:openPipeline(367)) - Pipeline Pipeline[ Id: 68692978-1a8b-45d6-ad9f-6959a1f1550f, Nodes: 51becc16-89cb-4fad-bf94-a36b935bb005{ip: 10.1.0.19, host: fv-az450-466.jnfmftgkylze5hd05chtbp1i0a.dx.internal.cloudapp.net, ports: [REPLICATION=45611, RATIS=38313, RATIS_ADMIN=38313, RATIS_SERVER=38313, STANDALONE=40157], networkLocation: /default-rack, certSerialId: null, persistedOpState: IN_SERVICE, persistedOpStateExpiryEpochSec: 0}364e6842-d032-4d6d-bdb1-058b551233a8{ip: 10.1.0.19, host: fv-az450-466.jnfmftgkylze5hd05chtbp1i0a.dx.internal.cloudapp.net, ports: [REPLICATION=34663, RATIS=35261, RATIS_ADMIN=35261, RATIS_SERVER=35261, STANDALONE=35335], networkLocation: /default-rack, certSerialId: null, persistedOpState: IN_SERVICE, persistedOpStateExpiryEpochSec: 0}1fcb99f6-8828-4195-ae29-7192ffc3f248{ip: 10.1.0.19, host: fv-az450-466.jnfmftgkylze5hd05chtbp1i0a.dx.internal.cloudapp.net, ports: [REPLICATION=39683, RATIS=42165, RATIS_ADMIN=42165, RATIS_SERVER=42165, STANDALONE=46129], networkLocation: /default-rack, certSerialId: null, persistedOpState: IN_SERVICE, persistedOpStateExpiryEpochSec: 0}, ReplicationConfig: RATIS/THREE, State:ALLOCATED, leaderId:1fcb99f6-8828-4195-ae29-7192ffc3f248, CreationTimestamp2022-08-09T13:47:05.758Z[Etc/UTC]] moved to OPEN state
2022-08-09 13:47:13,239 [1fcb99f6-8828-4195-ae29-7192ffc3f248@group-6959A1F1550F-LeaderElection3] INFO  server.RaftServerConfigKeys (ConfUtils.java:logGet(46)) - raft.server.log.appender.snapshot.chunk.size.max = 16MB (=16777216) (default)
2022-08-09 13:47:13,239 [1fcb99f6-8828-4195-ae29-7192ffc3f248@group-6959A1F1550F-LeaderElection3] INFO  server.RaftServerConfigKeys (ConfUtils.java:logGet(46)) - raft.server.log.appender.buffer.byte-limit = 33554432 (custom)
2022-08-09 13:47:13,240 [1fcb99f6-8828-4195-ae29-7192ffc3f248@group-6959A1F1550F-LeaderElection3] INFO  server.RaftServerConfigKeys (ConfUtils.java:logGet(46)) - raft.server.log.appender.buffer.element-limit = 1 (custom)
2022-08-09 13:47:13,241 [EventQueue-OpenPipelineForHealthyPipelineSafeModeRule] INFO  safemode.SCMSafeModeManager (HealthyPipelineSafeModeRule.java:process(137)) - SCM in safe mode. Healthy pipelines reported count is 1, required healthy pipeline reported count is 1
2022-08-09 13:47:13,245 [EventQueue-OpenPipelineForHealthyPipelineSafeModeRule] INFO  safemode.SCMSafeModeManager (SCMSafeModeManager.java:validateSafeModeExitRules(204)) - HealthyPipelineSafeModeRule rule is successfully validated
2022-08-09 13:47:13,245 [EventQueue-OpenPipelineForHealthyPipelineSafeModeRule] INFO  safemode.SCMSafeModeManager (SCMSafeModeManager.java:validateSafeModeExitRules(219)) - ScmSafeModeManager, all rules are successfully validated
2022-08-09 13:47:13,245 [EventQueue-OpenPipelineForHealthyPipelineSafeModeRule] INFO  safemode.SCMSafeModeManager (SCMSafeModeManager.java:exitSafeMode(248)) - SCM exiting safe mode.
2022-08-09 13:47:13,245 [EventQueue-OpenPipelineForHealthyPipelineSafeModeRule] WARN  events.EventQueue (EventQueue.java:fireEvent(216)) - No event handler registered for event TypedEvent{payloadType=SafeModeStatus, name='Safe mode status'}
2022-08-09 13:47:13,245 [EventQueue-OpenPipelineForHealthyPipelineSafeModeRule] INFO  ha.SCMContext (SCMContext.java:updateSafeModeStatus(228)) - Update SafeModeStatus from SafeModeStatus{safeModeStatus=true, preCheckPassed=true} to SafeModeStatus{safeModeStatus=false, preCheckPassed=true}.
2022-08-09 13:47:13,245 [EventQueue-OpenPipelineForHealthyPipelineSafeModeRule] INFO  pipeline.BackgroundPipelineCreator (BackgroundPipelineCreator.java:notifyStatusChanged(254)) - Service BackgroundPipelineCreator transitions to RUNNING.
2022-08-09 13:47:13,246 [EventQueue-OpenPipelineForHealthyPipelineSafeModeRule] INFO  BackgroundPipelineScrubber (BackgroundSCMService.java:notifyStatusChanged(82)) - Service BackgroundPipelineScrubber transitions to RUNNING.
2022-08-09 13:47:13,246 [EventQueue-OpenPipelineForHealthyPipelineSafeModeRule] INFO  ExpiredContainerReplicaOpScrubber (BackgroundSCMService.java:notifyStatusChanged(82)) - Service ExpiredContainerReplicaOpScrubber transitions to RUNNING.
2022-08-09 13:47:13,246 [EventQueue-OpenPipelineForHealthyPipelineSafeModeRule] INFO  UnderReplicatedQueueThread (BackgroundSCMService.java:notifyStatusChanged(82)) - Service UnderReplicatedQueueThread transitions to RUNNING.
2022-08-09 13:47:13,246 [EventQueue-OpenPipelineForHealthyPipelineSafeModeRule] INFO  OverReplicatedQueueThread (BackgroundSCMService.java:notifyStatusChanged(82)) - Service OverReplicatedQueueThread transitions to RUNNING.
2022-08-09 13:47:13,246 [EventQueue-OpenPipelineForHealthyPipelineSafeModeRule] INFO  replication.ReplicationManager (ReplicationManager.java:notifyStatusChanged(642)) - Service ReplicationManager transitions to RUNNING.
2022-08-09 13:47:13,246 [EventQueue-OpenPipelineForHealthyPipelineSafeModeRule] WARN  balancer.ContainerBalancer (ContainerBalancer.java:shouldRun(904)) - Could not find persisted configuration for ContainerBalancer when checking if ContainerBalancer should run. ContainerBalancer should not run now.
2022-08-09 13:47:13,248 [1fcb99f6-8828-4195-ae29-7192ffc3f248@group-6959A1F1550F-LeaderElection3] INFO  grpc.GrpcConfigKeys (ConfUtils.java:logGet(46)) - raft.grpc.server.leader.outstanding.appends.max = 128 (default)
2022-08-09 13:47:13,248 [1fcb99f6-8828-4195-ae29-7192ffc3f248@group-6959A1F1550F-LeaderElection3] INFO  server.RaftServerConfigKeys (ConfUtils.java:logGet(46)) - raft.server.rpc.request.timeout = 60s (custom)
2022-08-09 13:47:13,248 [1fcb99f6-8828-4195-ae29-7192ffc3f248@group-6959A1F1550F-LeaderElection3] INFO  server.RaftServerConfigKeys (ConfUtils.java:logGet(46)) - raft.server.log.appender.install.snapshot.enabled = false (custom)
2022-08-09 13:47:13,249 [1fcb99f6-8828-4195-ae29-7192ffc3f248@group-6959A1F1550F-LeaderElection3] INFO  server.RaftServerConfigKeys (ConfUtils.java:logGet(46)) - raft.server.log.appender.snapshot.chunk.size.max = 16MB (=16777216) (default)
2022-08-09 13:47:13,250 [1fcb99f6-8828-4195-ae29-7192ffc3f248@group-6959A1F1550F-LeaderElection3] INFO  server.RaftServerConfigKeys (ConfUtils.java:logGet(46)) - raft.server.log.appender.buffer.byte-limit = 33554432 (custom)
2022-08-09 13:47:13,250 [1fcb99f6-8828-4195-ae29-7192ffc3f248@group-6959A1F1550F-LeaderElection3] INFO  server.RaftServerConfigKeys (ConfUtils.java:logGet(46)) - raft.server.log.appender.buffer.element-limit = 1 (custom)
2022-08-09 13:47:13,250 [1fcb99f6-8828-4195-ae29-7192ffc3f248@group-6959A1F1550F-LeaderElection3] INFO  grpc.GrpcConfigKeys (ConfUtils.java:logGet(46)) - raft.grpc.server.leader.outstanding.appends.max = 128 (default)
2022-08-09 13:47:13,250 [1fcb99f6-8828-4195-ae29-7192ffc3f248@group-6959A1F1550F-LeaderElection3] INFO  server.RaftServerConfigKeys (ConfUtils.java:logGet(46)) - raft.server.rpc.request.timeout = 60s (custom)
2022-08-09 13:47:13,250 [1fcb99f6-8828-4195-ae29-7192ffc3f248@group-6959A1F1550F-LeaderElection3] INFO  server.RaftServerConfigKeys (ConfUtils.java:logGet(46)) - raft.server.log.appender.install.snapshot.enabled = false (custom)
2022-08-09 13:47:13,251 [1fcb99f6-8828-4195-ae29-7192ffc3f248@group-6959A1F1550F-LeaderElection3] INFO  impl.RoleInfo (RoleInfo.java:updateAndGet(139)) - 1fcb99f6-8828-4195-ae29-7192ffc3f248: start 1fcb99f6-8828-4195-ae29-7192ffc3f248@group-6959A1F1550F-LeaderStateImpl
2022-08-09 13:47:13,251 [1fcb99f6-8828-4195-ae29-7192ffc3f248@group-6959A1F1550F-LeaderElection3] INFO  segmented.SegmentedRaftLogWorker (SegmentedRaftLogWorker.java:startLogSegment(425)) - 1fcb99f6-8828-4195-ae29-7192ffc3f248@group-6959A1F1550F-SegmentedRaftLogWorker: Starting segment from index:0
2022-08-09 13:47:13,253 [1fcb99f6-8828-4195-ae29-7192ffc3f248@group-6959A1F1550F-SegmentedRaftLogWorker] INFO  segmented.SegmentedRaftLogWorker (SegmentedRaftLogWorker.java:execute(629)) - 1fcb99f6-8828-4195-ae29-7192ffc3f248@group-6959A1F1550F-SegmentedRaftLogWorker: created new log segment /home/runner/work/ozone/ozone/hadoop-ozone/integration-test/target/test-dir/MiniOzoneClusterImpl-e9ece791-7ef2-4ada-98fe-daefa8f21954/datanode-0/data/ratis/68692978-1a8b-45d6-ad9f-6959a1f1550f/current/log_inprogress_0
2022-08-09 13:47:13,260 [1fcb99f6-8828-4195-ae29-7192ffc3f248@group-6959A1F1550F-LeaderElection3] INFO  server.RaftServer$Division (ServerState.java:setRaftConf(393)) - 1fcb99f6-8828-4195-ae29-7192ffc3f248@group-6959A1F1550F: set configuration 0: [1fcb99f6-8828-4195-ae29-7192ffc3f248|rpc:10.1.0.19:42165|dataStream:|priority:1, 51becc16-89cb-4fad-bf94-a36b935bb005|rpc:10.1.0.19:38313|dataStream:|priority:0, 364e6842-d032-4d6d-bdb1-058b551233a8|rpc:10.1.0.19:35261|dataStream:|priority:0], old=null
2022-08-09 13:47:13,293 [364e6842-d032-4d6d-bdb1-058b551233a8-server-thread1] INFO  ratis.XceiverServerRatis (XceiverServerRatis.java:handleLeaderChangedNotification(863)) - Leader change notification received for group: group-6959A1F1550F with new leaderId: 1fcb99f6-8828-4195-ae29-7192ffc3f248
2022-08-09 13:47:13,293 [364e6842-d032-4d6d-bdb1-058b551233a8-server-thread1] INFO  server.RaftServer$Division (ServerState.java:setLeader(287)) - 364e6842-d032-4d6d-bdb1-058b551233a8@group-6959A1F1550F: change Leader from null to 1fcb99f6-8828-4195-ae29-7192ffc3f248 at term 1 for appendEntries, leader elected after 4561ms
2022-08-09 13:47:13,303 [51becc16-89cb-4fad-bf94-a36b935bb005-server-thread1] INFO  ratis.XceiverServerRatis (XceiverServerRatis.java:handleLeaderChangedNotification(863)) - Leader change notification received for group: group-6959A1F1550F with new leaderId: 1fcb99f6-8828-4195-ae29-7192ffc3f248
2022-08-09 13:47:13,303 [51becc16-89cb-4fad-bf94-a36b935bb005-server-thread1] INFO  server.RaftServer$Division (ServerState.java:setLeader(287)) - 51becc16-89cb-4fad-bf94-a36b935bb005@group-6959A1F1550F: change Leader from null to 1fcb99f6-8828-4195-ae29-7192ffc3f248 at term 1 for appendEntries, leader elected after 4794ms
2022-08-09 13:47:13,307 [364e6842-d032-4d6d-bdb1-058b551233a8-server-thread1] INFO  server.RaftServer$Division (ServerState.java:setRaftConf(393)) - 364e6842-d032-4d6d-bdb1-058b551233a8@group-6959A1F1550F: set configuration 0: [1fcb99f6-8828-4195-ae29-7192ffc3f248|rpc:10.1.0.19:42165|dataStream:|priority:1, 51becc16-89cb-4fad-bf94-a36b935bb005|rpc:10.1.0.19:38313|dataStream:|priority:0, 364e6842-d032-4d6d-bdb1-058b551233a8|rpc:10.1.0.19:35261|dataStream:|priority:0], old=null
2022-08-09 13:47:13,311 [51becc16-89cb-4fad-bf94-a36b935bb005-server-thread1] INFO  server.RaftServer$Division (ServerState.java:setRaftConf(393)) - 51becc16-89cb-4fad-bf94-a36b935bb005@group-6959A1F1550F: set configuration 0: [1fcb99f6-8828-4195-ae29-7192ffc3f248|rpc:10.1.0.19:42165|dataStream:|priority:1, 51becc16-89cb-4fad-bf94-a36b935bb005|rpc:10.1.0.19:38313|dataStream:|priority:0, 364e6842-d032-4d6d-bdb1-058b551233a8|rpc:10.1.0.19:35261|dataStream:|priority:0], old=null
2022-08-09 13:47:13,311 [51becc16-89cb-4fad-bf94-a36b935bb005-server-thread1] INFO  segmented.SegmentedRaftLogWorker (SegmentedRaftLogWorker.java:startLogSegment(425)) - 51becc16-89cb-4fad-bf94-a36b935bb005@group-6959A1F1550F-SegmentedRaftLogWorker: Starting segment from index:0
2022-08-09 13:47:13,312 [364e6842-d032-4d6d-bdb1-058b551233a8-server-thread1] INFO  segmented.SegmentedRaftLogWorker (SegmentedRaftLogWorker.java:startLogSegment(425)) - 364e6842-d032-4d6d-bdb1-058b551233a8@group-6959A1F1550F-SegmentedRaftLogWorker: Starting segment from index:0
2022-08-09 13:47:13,313 [51becc16-89cb-4fad-bf94-a36b935bb005@group-6959A1F1550F-SegmentedRaftLogWorker] INFO  segmented.SegmentedRaftLogWorker (SegmentedRaftLogWorker.java:execute(629)) - 51becc16-89cb-4fad-bf94-a36b935bb005@group-6959A1F1550F-SegmentedRaftLogWorker: created new log segment /home/runner/work/ozone/ozone/hadoop-ozone/integration-test/target/test-dir/MiniOzoneClusterImpl-e9ece791-7ef2-4ada-98fe-daefa8f21954/datanode-1/data/ratis/68692978-1a8b-45d6-ad9f-6959a1f1550f/current/log_inprogress_0
2022-08-09 13:47:13,323 [364e6842-d032-4d6d-bdb1-058b551233a8@group-6959A1F1550F-SegmentedRaftLogWorker] INFO  segmented.SegmentedRaftLogWorker (SegmentedRaftLogWorker.java:execute(629)) - 364e6842-d032-4d6d-bdb1-058b551233a8@group-6959A1F1550F-SegmentedRaftLogWorker: created new log segment /home/runner/work/ozone/ozone/hadoop-ozone/integration-test/target/test-dir/MiniOzoneClusterImpl-e9ece791-7ef2-4ada-98fe-daefa8f21954/datanode-2/data/ratis/68692978-1a8b-45d6-ad9f-6959a1f1550f/current/log_inprogress_0
2022-08-09 13:47:13,369 [Listener at 127.0.0.1/44757] INFO  ozone.MiniOzoneClusterImpl (MiniOzoneClusterImpl.java:lambda$waitForClusterToBeReady$0(216)) - Nodes are ready. Got 5 of 5 DN Heartbeats.
2022-08-09 13:47:13,369 [Listener at 127.0.0.1/44757] INFO  ozone.MiniOzoneClusterImpl (MiniOzoneClusterImpl.java:lambda$waitForClusterToBeReady$0(219)) - Cluster exits safe mode
2022-08-09 13:47:13,369 [Listener at 127.0.0.1/44757] INFO  ozone.MiniOzoneClusterImpl (MiniOzoneClusterImpl.java:lambda$waitForClusterToBeReady$0(221)) - SCM became leader
2022-08-09 13:47:13,621 [51becc16-89cb-4fad-bf94-a36b935bb005@group-F2EAEC1CDDF7-FollowerState] INFO  impl.FollowerState (FollowerState.java:run(143)) - 51becc16-89cb-4fad-bf94-a36b935bb005@group-F2EAEC1CDDF7-FollowerState: change to CANDIDATE, lastRpcElapsedTime:5133203937ns, electionTimeout:5120ms
2022-08-09 13:47:13,621 [51becc16-89cb-4fad-bf94-a36b935bb005@group-F2EAEC1CDDF7-FollowerState] INFO  impl.RoleInfo (RoleInfo.java:shutdownFollowerState(110)) - 51becc16-89cb-4fad-bf94-a36b935bb005: shutdown 51becc16-89cb-4fad-bf94-a36b935bb005@group-F2EAEC1CDDF7-FollowerState
2022-08-09 13:47:13,621 [51becc16-89cb-4fad-bf94-a36b935bb005@group-F2EAEC1CDDF7-FollowerState] INFO  server.RaftServer$Division (RaftServerImpl.java:setRole(299)) - 51becc16-89cb-4fad-bf94-a36b935bb005@group-F2EAEC1CDDF7: changes role from  FOLLOWER to CANDIDATE at term 0 for changeToCandidate
2022-08-09 13:47:13,622 [51becc16-89cb-4fad-bf94-a36b935bb005@group-F2EAEC1CDDF7-FollowerState] INFO  server.RaftServerConfigKeys (ConfUtils.java:logGet(46)) - raft.server.leaderelection.pre-vote = false (custom)
2022-08-09 13:47:13,622 [51becc16-89cb-4fad-bf94-a36b935bb005@group-F2EAEC1CDDF7-FollowerState] INFO  impl.RoleInfo (RoleInfo.java:updateAndGet(139)) - 51becc16-89cb-4fad-bf94-a36b935bb005: start 51becc16-89cb-4fad-bf94-a36b935bb005@group-F2EAEC1CDDF7-LeaderElection4
2022-08-09 13:47:13,637 [51becc16-89cb-4fad-bf94-a36b935bb005@group-F2EAEC1CDDF7-LeaderElection4] INFO  impl.LeaderElection (LeaderElection.java:askForVotes(310)) - 51becc16-89cb-4fad-bf94-a36b935bb005@group-F2EAEC1CDDF7-LeaderElection4 ELECTION round 0: submit vote requests at term 1 for -1: [51becc16-89cb-4fad-bf94-a36b935bb005|rpc:10.1.0.19:38313|priority:1], old=null
2022-08-09 13:47:13,638 [51becc16-89cb-4fad-bf94-a36b935bb005@group-F2EAEC1CDDF7-LeaderElection4] INFO  impl.LeaderElection (LeaderElection.java:askForVotes(312)) - 51becc16-89cb-4fad-bf94-a36b935bb005@group-F2EAEC1CDDF7-LeaderElection4 ELECTION round 0: result PASSED (term=1)
2022-08-09 13:47:13,638 [51becc16-89cb-4fad-bf94-a36b935bb005@group-F2EAEC1CDDF7-LeaderElection4] INFO  impl.RoleInfo (RoleInfo.java:shutdownLeaderElection(130)) - 51becc16-89cb-4fad-bf94-a36b935bb005: shutdown 51becc16-89cb-4fad-bf94-a36b935bb005@group-F2EAEC1CDDF7-LeaderElection4
2022-08-09 13:47:13,638 [51becc16-89cb-4fad-bf94-a36b935bb005@group-F2EAEC1CDDF7-LeaderElection4] INFO  server.RaftServer$Division (RaftServerImpl.java:setRole(299)) - 51becc16-89cb-4fad-bf94-a36b935bb005@group-F2EAEC1CDDF7: changes role from CANDIDATE to LEADER at term 1 for changeToLeader
2022-08-09 13:47:13,638 [51becc16-89cb-4fad-bf94-a36b935bb005@group-F2EAEC1CDDF7-LeaderElection4] INFO  ratis.XceiverServerRatis (XceiverServerRatis.java:handleLeaderChangedNotification(863)) - Leader change notification received for group: group-F2EAEC1CDDF7 with new leaderId: 51becc16-89cb-4fad-bf94-a36b935bb005
2022-08-09 13:47:13,638 [51becc16-89cb-4fad-bf94-a36b935bb005@group-F2EAEC1CDDF7-LeaderElection4] INFO  server.RaftServer$Division (ServerState.java:setLeader(287)) - 51becc16-89cb-4fad-bf94-a36b935bb005@group-F2EAEC1CDDF7: change Leader from null to 51becc16-89cb-4fad-bf94-a36b935bb005 at term 1 for becomeLeader, leader elected after 5169ms
2022-08-09 13:47:13,638 [51becc16-89cb-4fad-bf94-a36b935bb005@group-F2EAEC1CDDF7-LeaderElection4] INFO  server.RaftServerConfigKeys (ConfUtils.java:logGet(46)) - raft.server.staging.catchup.gap = 1000 (default)
2022-08-09 13:47:13,638 [51becc16-89cb-4fad-bf94-a36b935bb005@group-F2EAEC1CDDF7-LeaderElection4] INFO  server.RaftServerConfigKeys (ConfUtils.java:logGet(46)) - raft.server.write.element-limit = 1024 (custom)
2022-08-09 13:47:13,638 [51becc16-89cb-4fad-bf94-a36b935bb005@group-F2EAEC1CDDF7-LeaderElection4] INFO  server.RaftServerConfigKeys (ConfUtils.java:logGet(46)) - raft.server.write.byte-limit = 1024 M (=1073741824) (custom)
2022-08-09 13:47:13,638 [51becc16-89cb-4fad-bf94-a36b935bb005@group-F2EAEC1CDDF7-LeaderElection4] INFO  server.RaftServerConfigKeys (ConfUtils.java:logGet(46)) - raft.server.watch.timeout = 180s (custom)
2022-08-09 13:47:13,639 [51becc16-89cb-4fad-bf94-a36b935bb005@group-F2EAEC1CDDF7-LeaderElection4] INFO  server.RaftServerConfigKeys (ConfUtils.java:logGet(46)) - raft.server.watch.timeout.denomination = 1s (default)
2022-08-09 13:47:13,639 [51becc16-89cb-4fad-bf94-a36b935bb005@group-F2EAEC1CDDF7-LeaderElection4] INFO  server.RaftServerConfigKeys (ConfUtils.java:logGet(46)) - raft.server.watch.element-limit = 65536 (default)
2022-08-09 13:47:13,641 [51becc16-89cb-4fad-bf94-a36b935bb005@group-F2EAEC1CDDF7-LeaderElection4] INFO  server.RaftServerConfigKeys (ConfUtils.java:logGet(46)) - raft.server.write.element-limit = 1024 (custom)
2022-08-09 13:47:13,641 [51becc16-89cb-4fad-bf94-a36b935bb005@group-F2EAEC1CDDF7-LeaderElection4] INFO  server.RaftServerConfigKeys (ConfUtils.java:logGet(46)) - raft.server.write.follower.gap.ratio.max = -1.0 (default)
2022-08-09 13:47:13,641 [51becc16-89cb-4fad-bf94-a36b935bb005@group-F2EAEC1CDDF7-LeaderElection4] INFO  impl.RoleInfo (RoleInfo.java:updateAndGet(139)) - 51becc16-89cb-4fad-bf94-a36b935bb005: start 51becc16-89cb-4fad-bf94-a36b935bb005@group-F2EAEC1CDDF7-LeaderStateImpl
2022-08-09 13:47:13,641 [51becc16-89cb-4fad-bf94-a36b935bb005@group-F2EAEC1CDDF7-LeaderElection4] INFO  segmented.SegmentedRaftLogWorker (SegmentedRaftLogWorker.java:startLogSegment(425)) - 51becc16-89cb-4fad-bf94-a36b935bb005@group-F2EAEC1CDDF7-SegmentedRaftLogWorker: Starting segment from index:0
2022-08-09 13:47:13,647 [51becc16-89cb-4fad-bf94-a36b935bb005@group-F2EAEC1CDDF7-SegmentedRaftLogWorker] INFO  segmented.SegmentedRaftLogWorker (SegmentedRaftLogWorker.java:execute(629)) - 51becc16-89cb-4fad-bf94-a36b935bb005@group-F2EAEC1CDDF7-SegmentedRaftLogWorker: created new log segment /home/runner/work/ozone/ozone/hadoop-ozone/integration-test/target/test-dir/MiniOzoneClusterImpl-e9ece791-7ef2-4ada-98fe-daefa8f21954/datanode-1/data/ratis/538793ac-b0be-448f-ac82-f2eaec1cddf7/current/log_inprogress_0
2022-08-09 13:47:13,647 [51becc16-89cb-4fad-bf94-a36b935bb005@group-F2EAEC1CDDF7-LeaderElection4] INFO  server.RaftServer$Division (ServerState.java:setRaftConf(393)) - 51becc16-89cb-4fad-bf94-a36b935bb005@group-F2EAEC1CDDF7: set configuration 0: [51becc16-89cb-4fad-bf94-a36b935bb005|rpc:10.1.0.19:38313|dataStream:|priority:1], old=null
2022-08-09 13:47:13,780 [364e6842-d032-4d6d-bdb1-058b551233a8@group-176A32DB42C5-FollowerState] INFO  impl.FollowerState (FollowerState.java:run(143)) - 364e6842-d032-4d6d-bdb1-058b551233a8@group-176A32DB42C5-FollowerState: change to CANDIDATE, lastRpcElapsedTime:5005919930ns, electionTimeout:5005ms
2022-08-09 13:47:13,780 [364e6842-d032-4d6d-bdb1-058b551233a8@group-176A32DB42C5-FollowerState] INFO  impl.RoleInfo (RoleInfo.java:shutdownFollowerState(110)) - 364e6842-d032-4d6d-bdb1-058b551233a8: shutdown 364e6842-d032-4d6d-bdb1-058b551233a8@group-176A32DB42C5-FollowerState
2022-08-09 13:47:13,780 [364e6842-d032-4d6d-bdb1-058b551233a8@group-176A32DB42C5-FollowerState] INFO  server.RaftServer$Division (RaftServerImpl.java:setRole(299)) - 364e6842-d032-4d6d-bdb1-058b551233a8@group-176A32DB42C5: changes role from  FOLLOWER to CANDIDATE at term 0 for changeToCandidate
2022-08-09 13:47:13,781 [364e6842-d032-4d6d-bdb1-058b551233a8@group-176A32DB42C5-FollowerState] INFO  server.RaftServerConfigKeys (ConfUtils.java:logGet(46)) - raft.server.leaderelection.pre-vote = false (custom)
2022-08-09 13:47:13,781 [364e6842-d032-4d6d-bdb1-058b551233a8@group-176A32DB42C5-FollowerState] INFO  impl.RoleInfo (RoleInfo.java:updateAndGet(139)) - 364e6842-d032-4d6d-bdb1-058b551233a8: start 364e6842-d032-4d6d-bdb1-058b551233a8@group-176A32DB42C5-LeaderElection5
2022-08-09 13:47:13,796 [364e6842-d032-4d6d-bdb1-058b551233a8@group-176A32DB42C5-LeaderElection5] INFO  impl.LeaderElection (LeaderElection.java:askForVotes(310)) - 364e6842-d032-4d6d-bdb1-058b551233a8@group-176A32DB42C5-LeaderElection5 ELECTION round 0: submit vote requests at term 1 for -1: [364e6842-d032-4d6d-bdb1-058b551233a8|rpc:10.1.0.19:35261|priority:1], old=null
2022-08-09 13:47:13,796 [364e6842-d032-4d6d-bdb1-058b551233a8@group-176A32DB42C5-LeaderElection5] INFO  impl.LeaderElection (LeaderElection.java:askForVotes(312)) - 364e6842-d032-4d6d-bdb1-058b551233a8@group-176A32DB42C5-LeaderElection5 ELECTION round 0: result PASSED (term=1)
2022-08-09 13:47:13,796 [364e6842-d032-4d6d-bdb1-058b551233a8@group-176A32DB42C5-LeaderElection5] INFO  impl.RoleInfo (RoleInfo.java:shutdownLeaderElection(130)) - 364e6842-d032-4d6d-bdb1-058b551233a8: shutdown 364e6842-d032-4d6d-bdb1-058b551233a8@group-176A32DB42C5-LeaderElection5
2022-08-09 13:47:13,796 [364e6842-d032-4d6d-bdb1-058b551233a8@group-176A32DB42C5-LeaderElection5] INFO  server.RaftServer$Division (RaftServerImpl.java:setRole(299)) - 364e6842-d032-4d6d-bdb1-058b551233a8@group-176A32DB42C5: changes role from CANDIDATE to LEADER at term 1 for changeToLeader
2022-08-09 13:47:13,796 [364e6842-d032-4d6d-bdb1-058b551233a8@group-176A32DB42C5-LeaderElection5] INFO  ratis.XceiverServerRatis (XceiverServerRatis.java:handleLeaderChangedNotification(863)) - Leader change notification received for group: group-176A32DB42C5 with new leaderId: 364e6842-d032-4d6d-bdb1-058b551233a8
2022-08-09 13:47:13,799 [364e6842-d032-4d6d-bdb1-058b551233a8@group-176A32DB42C5-LeaderElection5] INFO  server.RaftServer$Division (ServerState.java:setLeader(287)) - 364e6842-d032-4d6d-bdb1-058b551233a8@group-176A32DB42C5: change Leader from null to 364e6842-d032-4d6d-bdb1-058b551233a8 at term 1 for becomeLeader, leader elected after 5040ms
2022-08-09 13:47:13,799 [364e6842-d032-4d6d-bdb1-058b551233a8@group-176A32DB42C5-LeaderElection5] INFO  server.RaftServerConfigKeys (ConfUtils.java:logGet(46)) - raft.server.staging.catchup.gap = 1000 (default)
2022-08-09 13:47:13,799 [364e6842-d032-4d6d-bdb1-058b551233a8@group-176A32DB42C5-LeaderElection5] INFO  server.RaftServerConfigKeys (ConfUtils.java:logGet(46)) - raft.server.write.element-limit = 1024 (custom)
2022-08-09 13:47:13,799 [364e6842-d032-4d6d-bdb1-058b551233a8@group-176A32DB42C5-LeaderElection5] INFO  server.RaftServerConfigKeys (ConfUtils.java:logGet(46)) - raft.server.write.byte-limit = 1024 M (=1073741824) (custom)
2022-08-09 13:47:13,800 [364e6842-d032-4d6d-bdb1-058b551233a8@group-176A32DB42C5-LeaderElection5] INFO  server.RaftServerConfigKeys (ConfUtils.java:logGet(46)) - raft.server.watch.timeout = 180s (custom)
2022-08-09 13:47:13,800 [364e6842-d032-4d6d-bdb1-058b551233a8@group-176A32DB42C5-LeaderElection5] INFO  server.RaftServerConfigKeys (ConfUtils.java:logGet(46)) - raft.server.watch.timeout.denomination = 1s (default)
2022-08-09 13:47:13,801 [364e6842-d032-4d6d-bdb1-058b551233a8@group-176A32DB42C5-LeaderElection5] INFO  server.RaftServerConfigKeys (ConfUtils.java:logGet(46)) - raft.server.watch.element-limit = 65536 (default)
2022-08-09 13:47:13,801 [364e6842-d032-4d6d-bdb1-058b551233a8@group-176A32DB42C5-LeaderElection5] INFO  server.RaftServerConfigKeys (ConfUtils.java:logGet(46)) - raft.server.write.element-limit = 1024 (custom)
2022-08-09 13:47:13,801 [364e6842-d032-4d6d-bdb1-058b551233a8@group-176A32DB42C5-LeaderElection5] INFO  server.RaftServerConfigKeys (ConfUtils.java:logGet(46)) - raft.server.write.follower.gap.ratio.max = -1.0 (default)
2022-08-09 13:47:13,801 [364e6842-d032-4d6d-bdb1-058b551233a8@group-176A32DB42C5-LeaderElection5] INFO  impl.RoleInfo (RoleInfo.java:updateAndGet(139)) - 364e6842-d032-4d6d-bdb1-058b551233a8: start 364e6842-d032-4d6d-bdb1-058b551233a8@group-176A32DB42C5-LeaderStateImpl
2022-08-09 13:47:13,801 [364e6842-d032-4d6d-bdb1-058b551233a8@group-176A32DB42C5-LeaderElection5] INFO  segmented.SegmentedRaftLogWorker (SegmentedRaftLogWorker.java:startLogSegment(425)) - 364e6842-d032-4d6d-bdb1-058b551233a8@group-176A32DB42C5-SegmentedRaftLogWorker: Starting segment from index:0
2022-08-09 13:47:13,803 [364e6842-d032-4d6d-bdb1-058b551233a8@group-176A32DB42C5-SegmentedRaftLogWorker] INFO  segmented.SegmentedRaftLogWorker (SegmentedRaftLogWorker.java:execute(629)) - 364e6842-d032-4d6d-bdb1-058b551233a8@group-176A32DB42C5-SegmentedRaftLogWorker: created new log segment /home/runner/work/ozone/ozone/hadoop-ozone/integration-test/target/test-dir/MiniOzoneClusterImpl-e9ece791-7ef2-4ada-98fe-daefa8f21954/datanode-2/data/ratis/dafa55fd-1072-4b03-a97e-176a32db42c5/current/log_inprogress_0
2022-08-09 13:47:13,805 [364e6842-d032-4d6d-bdb1-058b551233a8@group-176A32DB42C5-LeaderElection5] INFO  server.RaftServer$Division (ServerState.java:setRaftConf(393)) - 364e6842-d032-4d6d-bdb1-058b551233a8@group-176A32DB42C5: set configuration 0: [364e6842-d032-4d6d-bdb1-058b551233a8|rpc:10.1.0.19:35261|dataStream:|priority:1], old=null
2022-08-09 13:47:13,917 [1fcb99f6-8828-4195-ae29-7192ffc3f248@group-2900A7781F59-FollowerState] INFO  impl.FollowerState (FollowerState.java:run(143)) - 1fcb99f6-8828-4195-ae29-7192ffc3f248@group-2900A7781F59-FollowerState: change to CANDIDATE, lastRpcElapsedTime:5002633588ns, electionTimeout:5002ms
2022-08-09 13:47:13,918 [1fcb99f6-8828-4195-ae29-7192ffc3f248@group-2900A7781F59-FollowerState] INFO  impl.RoleInfo (RoleInfo.java:shutdownFollowerState(110)) - 1fcb99f6-8828-4195-ae29-7192ffc3f248: shutdown 1fcb99f6-8828-4195-ae29-7192ffc3f248@group-2900A7781F59-FollowerState
2022-08-09 13:47:13,918 [1fcb99f6-8828-4195-ae29-7192ffc3f248@group-2900A7781F59-FollowerState] INFO  server.RaftServer$Division (RaftServerImpl.java:setRole(299)) - 1fcb99f6-8828-4195-ae29-7192ffc3f248@group-2900A7781F59: changes role from  FOLLOWER to CANDIDATE at term 0 for changeToCandidate
2022-08-09 13:47:13,918 [1fcb99f6-8828-4195-ae29-7192ffc3f248@group-2900A7781F59-FollowerState] INFO  server.RaftServerConfigKeys (ConfUtils.java:logGet(46)) - raft.server.leaderelection.pre-vote = false (custom)
2022-08-09 13:47:13,918 [1fcb99f6-8828-4195-ae29-7192ffc3f248@group-2900A7781F59-FollowerState] INFO  impl.RoleInfo (RoleInfo.java:updateAndGet(139)) - 1fcb99f6-8828-4195-ae29-7192ffc3f248: start 1fcb99f6-8828-4195-ae29-7192ffc3f248@group-2900A7781F59-LeaderElection6
2022-08-09 13:47:13,920 [51becc16-89cb-4fad-bf94-a36b935bb005@group-2900A7781F59-FollowerState] INFO  impl.FollowerState (FollowerState.java:run(143)) - 51becc16-89cb-4fad-bf94-a36b935bb005@group-2900A7781F59-FollowerState: change to CANDIDATE, lastRpcElapsedTime:5049790282ns, electionTimeout:5046ms
2022-08-09 13:47:13,920 [51becc16-89cb-4fad-bf94-a36b935bb005@group-2900A7781F59-FollowerState] INFO  impl.RoleInfo (RoleInfo.java:shutdownFollowerState(110)) - 51becc16-89cb-4fad-bf94-a36b935bb005: shutdown 51becc16-89cb-4fad-bf94-a36b935bb005@group-2900A7781F59-FollowerState
2022-08-09 13:47:13,921 [51becc16-89cb-4fad-bf94-a36b935bb005@group-2900A7781F59-FollowerState] INFO  server.RaftServer$Division (RaftServerImpl.java:setRole(299)) - 51becc16-89cb-4fad-bf94-a36b935bb005@group-2900A7781F59: changes role from  FOLLOWER to CANDIDATE at term 0 for changeToCandidate
2022-08-09 13:47:13,921 [51becc16-89cb-4fad-bf94-a36b935bb005@group-2900A7781F59-FollowerState] INFO  server.RaftServerConfigKeys (ConfUtils.java:logGet(46)) - raft.server.leaderelection.pre-vote = false (custom)
2022-08-09 13:47:13,921 [51becc16-89cb-4fad-bf94-a36b935bb005@group-2900A7781F59-FollowerState] INFO  impl.RoleInfo (RoleInfo.java:updateAndGet(139)) - 51becc16-89cb-4fad-bf94-a36b935bb005: start 51becc16-89cb-4fad-bf94-a36b935bb005@group-2900A7781F59-LeaderElection7
2022-08-09 13:47:13,929 [1fcb99f6-8828-4195-ae29-7192ffc3f248@group-2900A7781F59-LeaderElection6] INFO  impl.LeaderElection (LeaderElection.java:askForVotes(310)) - 1fcb99f6-8828-4195-ae29-7192ffc3f248@group-2900A7781F59-LeaderElection6 ELECTION round 0: submit vote requests at term 1 for -1: [1fcb99f6-8828-4195-ae29-7192ffc3f248|rpc:10.1.0.19:42165|priority:0, 51becc16-89cb-4fad-bf94-a36b935bb005|rpc:10.1.0.19:38313|priority:0, 364e6842-d032-4d6d-bdb1-058b551233a8|rpc:10.1.0.19:35261|priority:1], old=null
2022-08-09 13:47:13,939 [grpc-default-executor-2] INFO  server.RaftServer$Division (RaftServerImpl.java:requestVote(1152)) - 51becc16-89cb-4fad-bf94-a36b935bb005@group-2900A7781F59: receive requestVote(ELECTION, 1fcb99f6-8828-4195-ae29-7192ffc3f248, group-2900A7781F59, 1, (t:0, i:0))
2022-08-09 13:47:13,940 [grpc-default-executor-2] INFO  impl.VoteContext (VoteContext.java:log(48)) - 51becc16-89cb-4fad-bf94-a36b935bb005@group-2900A7781F59-CANDIDATE: reject ELECTION from 1fcb99f6-8828-4195-ae29-7192ffc3f248: already has voted for 51becc16-89cb-4fad-bf94-a36b935bb005 at current term 1
2022-08-09 13:47:13,940 [grpc-default-executor-2] INFO  server.RaftServer$Division (RaftServerImpl.java:requestVote(1184)) - 51becc16-89cb-4fad-bf94-a36b935bb005@group-2900A7781F59 replies to ELECTION vote request: 1fcb99f6-8828-4195-ae29-7192ffc3f248<-51becc16-89cb-4fad-bf94-a36b935bb005#0:FAIL-t1. Peer's state: 51becc16-89cb-4fad-bf94-a36b935bb005@group-2900A7781F59:t1, leader=null, voted=51becc16-89cb-4fad-bf94-a36b935bb005, raftlog=51becc16-89cb-4fad-bf94-a36b935bb005@group-2900A7781F59-SegmentedRaftLog:OPENED:c-1, conf=-1: [1fcb99f6-8828-4195-ae29-7192ffc3f248|rpc:10.1.0.19:42165|dataStream:|priority:0, 51becc16-89cb-4fad-bf94-a36b935bb005|rpc:10.1.0.19:38313|dataStream:|priority:0, 364e6842-d032-4d6d-bdb1-058b551233a8|rpc:10.1.0.19:35261|dataStream:|priority:1], old=null
2022-08-09 13:47:13,941 [51becc16-89cb-4fad-bf94-a36b935bb005@group-2900A7781F59-LeaderElection7] INFO  impl.LeaderElection (LeaderElection.java:askForVotes(310)) - 51becc16-89cb-4fad-bf94-a36b935bb005@group-2900A7781F59-LeaderElection7 ELECTION round 0: submit vote requests at term 1 for -1: [1fcb99f6-8828-4195-ae29-7192ffc3f248|rpc:10.1.0.19:42165|dataStream:|priority:0, 51becc16-89cb-4fad-bf94-a36b935bb005|rpc:10.1.0.19:38313|dataStream:|priority:0, 364e6842-d032-4d6d-bdb1-058b551233a8|rpc:10.1.0.19:35261|dataStream:|priority:1], old=null
2022-08-09 13:47:13,945 [grpc-default-executor-1] INFO  server.RaftServer$Division (RaftServerImpl.java:requestVote(1152)) - 364e6842-d032-4d6d-bdb1-058b551233a8@group-2900A7781F59: receive requestVote(ELECTION, 1fcb99f6-8828-4195-ae29-7192ffc3f248, group-2900A7781F59, 1, (t:0, i:0))
2022-08-09 13:47:13,946 [grpc-default-executor-1] INFO  impl.VoteContext (VoteContext.java:log(48)) - 364e6842-d032-4d6d-bdb1-058b551233a8@group-2900A7781F59-FOLLOWER: reject ELECTION from 1fcb99f6-8828-4195-ae29-7192ffc3f248: our priority 1 > candidate's priority 0
2022-08-09 13:47:13,946 [grpc-default-executor-1] INFO  server.RaftServer$Division (RaftServerImpl.java:setRole(299)) - 364e6842-d032-4d6d-bdb1-058b551233a8@group-2900A7781F59: changes role from  FOLLOWER to FOLLOWER at term 1 for candidate:1fcb99f6-8828-4195-ae29-7192ffc3f248
2022-08-09 13:47:13,946 [grpc-default-executor-1] INFO  impl.RoleInfo (RoleInfo.java:shutdownFollowerState(110)) - 364e6842-d032-4d6d-bdb1-058b551233a8: shutdown 364e6842-d032-4d6d-bdb1-058b551233a8@group-2900A7781F59-FollowerState
2022-08-09 13:47:13,946 [grpc-default-executor-1] INFO  impl.RoleInfo (RoleInfo.java:updateAndGet(139)) - 364e6842-d032-4d6d-bdb1-058b551233a8: start 364e6842-d032-4d6d-bdb1-058b551233a8@group-2900A7781F59-FollowerState
2022-08-09 13:47:13,946 [364e6842-d032-4d6d-bdb1-058b551233a8@group-2900A7781F59-FollowerState] INFO  impl.FollowerState (FollowerState.java:run(152)) - 364e6842-d032-4d6d-bdb1-058b551233a8@group-2900A7781F59-FollowerState was interrupted
2022-08-09 13:47:13,951 [grpc-default-executor-1] INFO  server.RaftServer$Division (RaftServerImpl.java:requestVote(1184)) - 364e6842-d032-4d6d-bdb1-058b551233a8@group-2900A7781F59 replies to ELECTION vote request: 1fcb99f6-8828-4195-ae29-7192ffc3f248<-364e6842-d032-4d6d-bdb1-058b551233a8#0:FAIL-t1. Peer's state: 364e6842-d032-4d6d-bdb1-058b551233a8@group-2900A7781F59:t1, leader=null, voted=null, raftlog=364e6842-d032-4d6d-bdb1-058b551233a8@group-2900A7781F59-SegmentedRaftLog:OPENED:c-1, conf=-1: [1fcb99f6-8828-4195-ae29-7192ffc3f248|rpc:10.1.0.19:42165|priority:0, 51becc16-89cb-4fad-bf94-a36b935bb005|rpc:10.1.0.19:38313|priority:0, 364e6842-d032-4d6d-bdb1-058b551233a8|rpc:10.1.0.19:35261|priority:1], old=null
2022-08-09 13:47:13,955 [1fcb99f6-8828-4195-ae29-7192ffc3f248@group-2900A7781F59-LeaderElection6] INFO  impl.LeaderElection (LeaderElection.java:logAndReturn(90)) - 1fcb99f6-8828-4195-ae29-7192ffc3f248@group-2900A7781F59-LeaderElection6: ELECTION REJECTED received 2 response(s) and 0 exception(s):
2022-08-09 13:47:13,956 [1fcb99f6-8828-4195-ae29-7192ffc3f248@group-2900A7781F59-LeaderElection6] INFO  impl.LeaderElection (LeaderElection.java:logAndReturn(94)) -   Response 0: 1fcb99f6-8828-4195-ae29-7192ffc3f248<-51becc16-89cb-4fad-bf94-a36b935bb005#0:FAIL-t1
2022-08-09 13:47:13,956 [1fcb99f6-8828-4195-ae29-7192ffc3f248@group-2900A7781F59-LeaderElection6] INFO  impl.LeaderElection (LeaderElection.java:logAndReturn(94)) -   Response 1: 1fcb99f6-8828-4195-ae29-7192ffc3f248<-364e6842-d032-4d6d-bdb1-058b551233a8#0:FAIL-t1
2022-08-09 13:47:13,956 [1fcb99f6-8828-4195-ae29-7192ffc3f248@group-2900A7781F59-LeaderElection6] INFO  impl.LeaderElection (LeaderElection.java:askForVotes(312)) - 1fcb99f6-8828-4195-ae29-7192ffc3f248@group-2900A7781F59-LeaderElection6 ELECTION round 0: result REJECTED
2022-08-09 13:47:13,956 [1fcb99f6-8828-4195-ae29-7192ffc3f248@group-2900A7781F59-LeaderElection6] INFO  server.RaftServer$Division (RaftServerImpl.java:setRole(299)) - 1fcb99f6-8828-4195-ae29-7192ffc3f248@group-2900A7781F59: changes role from CANDIDATE to FOLLOWER at term 1 for REJECTED
2022-08-09 13:47:13,956 [1fcb99f6-8828-4195-ae29-7192ffc3f248@group-2900A7781F59-LeaderElection6] INFO  impl.RoleInfo (RoleInfo.java:shutdownLeaderElection(130)) - 1fcb99f6-8828-4195-ae29-7192ffc3f248: shutdown 1fcb99f6-8828-4195-ae29-7192ffc3f248@group-2900A7781F59-LeaderElection6
2022-08-09 13:47:13,956 [1fcb99f6-8828-4195-ae29-7192ffc3f248@group-2900A7781F59-LeaderElection6] INFO  impl.RoleInfo (RoleInfo.java:updateAndGet(139)) - 1fcb99f6-8828-4195-ae29-7192ffc3f248: start 1fcb99f6-8828-4195-ae29-7192ffc3f248@group-2900A7781F59-FollowerState
2022-08-09 13:47:13,964 [Time-limited test] INFO  rpc.RpcClient (RpcClient.java:createVolume(468)) - Creating Volume: volume13956, with user54318 as owner and space quota set to -1 bytes, counts quota set to -1
2022-08-09 13:47:13,971 [grpc-default-executor-1] INFO  server.RaftServer$Division (RaftServerImpl.java:requestVote(1152)) - 364e6842-d032-4d6d-bdb1-058b551233a8@group-2900A7781F59: receive requestVote(ELECTION, 51becc16-89cb-4fad-bf94-a36b935bb005, group-2900A7781F59, 1, (t:0, i:0))
2022-08-09 13:47:13,971 [grpc-default-executor-1] INFO  impl.VoteContext (VoteContext.java:log(48)) - 364e6842-d032-4d6d-bdb1-058b551233a8@group-2900A7781F59-FOLLOWER: reject ELECTION from 51becc16-89cb-4fad-bf94-a36b935bb005: our priority 1 > candidate's priority 0
2022-08-09 13:47:13,971 [grpc-default-executor-1] INFO  server.RaftServer$Division (RaftServerImpl.java:setRole(299)) - 364e6842-d032-4d6d-bdb1-058b551233a8@group-2900A7781F59: changes role from  FOLLOWER to FOLLOWER at term 1 for candidate:51becc16-89cb-4fad-bf94-a36b935bb005
2022-08-09 13:47:13,971 [grpc-default-executor-1] INFO  impl.RoleInfo (RoleInfo.java:shutdownFollowerState(110)) - 364e6842-d032-4d6d-bdb1-058b551233a8: shutdown 364e6842-d032-4d6d-bdb1-058b551233a8@group-2900A7781F59-FollowerState
2022-08-09 13:47:13,971 [grpc-default-executor-1] INFO  impl.RoleInfo (RoleInfo.java:updateAndGet(139)) - 364e6842-d032-4d6d-bdb1-058b551233a8: start 364e6842-d032-4d6d-bdb1-058b551233a8@group-2900A7781F59-FollowerState
2022-08-09 13:47:13,971 [364e6842-d032-4d6d-bdb1-058b551233a8@group-2900A7781F59-FollowerState] INFO  impl.FollowerState (FollowerState.java:run(152)) - 364e6842-d032-4d6d-bdb1-058b551233a8@group-2900A7781F59-FollowerState was interrupted
2022-08-09 13:47:13,973 [grpc-default-executor-1] INFO  server.RaftServer$Division (RaftServerImpl.java:requestVote(1184)) - 364e6842-d032-4d6d-bdb1-058b551233a8@group-2900A7781F59 replies to ELECTION vote request: 51becc16-89cb-4fad-bf94-a36b935bb005<-364e6842-d032-4d6d-bdb1-058b551233a8#0:FAIL-t1. Peer's state: 364e6842-d032-4d6d-bdb1-058b551233a8@group-2900A7781F59:t1, leader=null, voted=null, raftlog=364e6842-d032-4d6d-bdb1-058b551233a8@group-2900A7781F59-SegmentedRaftLog:OPENED:c-1, conf=-1: [1fcb99f6-8828-4195-ae29-7192ffc3f248|rpc:10.1.0.19:42165|priority:0, 51becc16-89cb-4fad-bf94-a36b935bb005|rpc:10.1.0.19:38313|priority:0, 364e6842-d032-4d6d-bdb1-058b551233a8|rpc:10.1.0.19:35261|priority:1], old=null
2022-08-09 13:47:13,978 [51becc16-89cb-4fad-bf94-a36b935bb005@group-2900A7781F59-LeaderElection7] INFO  impl.LeaderElection (LeaderElection.java:logAndReturn(90)) - 51becc16-89cb-4fad-bf94-a36b935bb005@group-2900A7781F59-LeaderElection7: ELECTION REJECTED received 1 response(s) and 0 exception(s):
2022-08-09 13:47:13,978 [51becc16-89cb-4fad-bf94-a36b935bb005@group-2900A7781F59-LeaderElection7] INFO  impl.LeaderElection (LeaderElection.java:logAndReturn(94)) -   Response 0: 51becc16-89cb-4fad-bf94-a36b935bb005<-364e6842-d032-4d6d-bdb1-058b551233a8#0:FAIL-t1
2022-08-09 13:47:13,978 [51becc16-89cb-4fad-bf94-a36b935bb005@group-2900A7781F59-LeaderElection7] INFO  impl.LeaderElection (LeaderElection.java:askForVotes(312)) - 51becc16-89cb-4fad-bf94-a36b935bb005@group-2900A7781F59-LeaderElection7 ELECTION round 0: result REJECTED
2022-08-09 13:47:13,978 [51becc16-89cb-4fad-bf94-a36b935bb005@group-2900A7781F59-LeaderElection7] INFO  server.RaftServer$Division (RaftServerImpl.java:setRole(299)) - 51becc16-89cb-4fad-bf94-a36b935bb005@group-2900A7781F59: changes role from CANDIDATE to FOLLOWER at term 1 for REJECTED
2022-08-09 13:47:13,978 [51becc16-89cb-4fad-bf94-a36b935bb005@group-2900A7781F59-LeaderElection7] INFO  impl.RoleInfo (RoleInfo.java:shutdownLeaderElection(130)) - 51becc16-89cb-4fad-bf94-a36b935bb005: shutdown 51becc16-89cb-4fad-bf94-a36b935bb005@group-2900A7781F59-LeaderElection7
2022-08-09 13:47:13,978 [51becc16-89cb-4fad-bf94-a36b935bb005@group-2900A7781F59-LeaderElection7] INFO  impl.RoleInfo (RoleInfo.java:updateAndGet(139)) - 51becc16-89cb-4fad-bf94-a36b935bb005: start 51becc16-89cb-4fad-bf94-a36b935bb005@group-2900A7781F59-FollowerState
2022-08-09 13:47:13,987 [grpc-default-executor-1] INFO  server.RaftServer$Division (RaftServerImpl.java:requestVote(1152)) - 1fcb99f6-8828-4195-ae29-7192ffc3f248@group-2900A7781F59: receive requestVote(ELECTION, 51becc16-89cb-4fad-bf94-a36b935bb005, group-2900A7781F59, 1, (t:0, i:0))
2022-08-09 13:47:13,988 [grpc-default-executor-1] INFO  impl.VoteContext (VoteContext.java:log(48)) - 1fcb99f6-8828-4195-ae29-7192ffc3f248@group-2900A7781F59-FOLLOWER: reject ELECTION from 51becc16-89cb-4fad-bf94-a36b935bb005: already has voted for 1fcb99f6-8828-4195-ae29-7192ffc3f248 at current term 1
2022-08-09 13:47:13,988 [grpc-default-executor-1] INFO  server.RaftServer$Division (RaftServerImpl.java:requestVote(1184)) - 1fcb99f6-8828-4195-ae29-7192ffc3f248@group-2900A7781F59 replies to ELECTION vote request: 51becc16-89cb-4fad-bf94-a36b935bb005<-1fcb99f6-8828-4195-ae29-7192ffc3f248#0:FAIL-t1. Peer's state: 1fcb99f6-8828-4195-ae29-7192ffc3f248@group-2900A7781F59:t1, leader=null, voted=1fcb99f6-8828-4195-ae29-7192ffc3f248, raftlog=1fcb99f6-8828-4195-ae29-7192ffc3f248@group-2900A7781F59-SegmentedRaftLog:OPENED:c-1, conf=-1: [1fcb99f6-8828-4195-ae29-7192ffc3f248|rpc:10.1.0.19:42165|priority:0, 51becc16-89cb-4fad-bf94-a36b935bb005|rpc:10.1.0.19:38313|priority:0, 364e6842-d032-4d6d-bdb1-058b551233a8|rpc:10.1.0.19:35261|priority:1], old=null
2022-08-09 13:47:14,020 [OM StateMachine ApplyTransaction Thread - 0] INFO  volume.OMVolumeCreateRequest (OMVolumeCreateRequest.java:validateAndUpdateCache(195)) - created volume:volume13956 for user:user54318
2022-08-09 13:47:14,035 [Time-limited test] INFO  rpc.RpcClient (RpcClient.java:createBucket(671)) - Creating Bucket: volume13956/bucket26283, with bucket layout LEGACY, runner as owner, Versioning false, Storage Type set to DISK and Encryption set to false 
2022-08-09 13:47:14,049 [OM StateMachine ApplyTransaction Thread - 0] INFO  bucket.OMBucketCreateRequest (OMBucketCreateRequest.java:validateAndUpdateCache(260)) - created bucket: bucket26283 of layout LEGACY in volume: volume13956
2022-08-09 13:47:14,149 [IPC Server handler 0 on default port 38055] INFO  ha.SequenceIdGenerator (SequenceIdGenerator.java:getNextId(128)) - Allocate a batch for containerId, change lastId from 0 to 1000.
2022-08-09 13:47:14,158 [IPC Server handler 0 on default port 38055] WARN  ha.SequenceIdGenerator (SequenceIdGenerator.java:allocateBatch(237)) - Failed to allocate a batch for localId, expected lastId is 0, actual lastId is 109611004723200000.
2022-08-09 13:47:14,158 [IPC Server handler 0 on default port 38055] INFO  ha.SequenceIdGenerator (SequenceIdGenerator.java:getNextId(128)) - Allocate a batch for localId, change lastId from 109611004723200000 to 109611004723201000.
2022-08-09 13:47:14,234 [3ead37bf-6f08-4c7f-839f-0a9366388f78@group-F124221C4D55-FollowerState] INFO  impl.FollowerState (FollowerState.java:run(143)) - 3ead37bf-6f08-4c7f-839f-0a9366388f78@group-F124221C4D55-FollowerState: change to CANDIDATE, lastRpcElapsedTime:5130808702ns, electionTimeout:5130ms
2022-08-09 13:47:14,234 [3ead37bf-6f08-4c7f-839f-0a9366388f78@group-F124221C4D55-FollowerState] INFO  impl.RoleInfo (RoleInfo.java:shutdownFollowerState(110)) - 3ead37bf-6f08-4c7f-839f-0a9366388f78: shutdown 3ead37bf-6f08-4c7f-839f-0a9366388f78@group-F124221C4D55-FollowerState
2022-08-09 13:47:14,234 [3ead37bf-6f08-4c7f-839f-0a9366388f78@group-F124221C4D55-FollowerState] INFO  server.RaftServer$Division (RaftServerImpl.java:setRole(299)) - 3ead37bf-6f08-4c7f-839f-0a9366388f78@group-F124221C4D55: changes role from  FOLLOWER to CANDIDATE at term 0 for changeToCandidate
2022-08-09 13:47:14,234 [3ead37bf-6f08-4c7f-839f-0a9366388f78@group-F124221C4D55-FollowerState] INFO  server.RaftServerConfigKeys (ConfUtils.java:logGet(46)) - raft.server.leaderelection.pre-vote = false (custom)
2022-08-09 13:47:14,234 [3ead37bf-6f08-4c7f-839f-0a9366388f78@group-F124221C4D55-FollowerState] INFO  impl.RoleInfo (RoleInfo.java:updateAndGet(139)) - 3ead37bf-6f08-4c7f-839f-0a9366388f78: start 3ead37bf-6f08-4c7f-839f-0a9366388f78@group-F124221C4D55-LeaderElection8
13:47:14.236 [IPC Server handler 15 on default port 44757] ERROR OMAudit - user=runner | ip=127.0.0.1 | op=GET_FILE_STATUS {volume=volume13956, bucket=bucket26283, key=dir691/file1, dataSize=0, replicationConfig=null} | ret=FAILURE
org.apache.hadoop.ozone.om.exceptions.OMException: Unable to get file status: volume: volume13956 bucket: bucket26283 key: dir691/file1
	at org.apache.hadoop.ozone.om.KeyManagerImpl.getOzoneFileStatus(KeyManagerImpl.java:1311) ~[ozone-manager-1.3.0-SNAPSHOT.jar:?]
	at org.apache.hadoop.ozone.om.KeyManagerImpl.getFileStatus(KeyManagerImpl.java:1241) ~[ozone-manager-1.3.0-SNAPSHOT.jar:?]
	at org.apache.hadoop.ozone.om.OzoneManager.getFileStatus(OzoneManager.java:3468) ~[ozone-manager-1.3.0-SNAPSHOT.jar:?]
	at org.apache.hadoop.ozone.protocolPB.OzoneManagerRequestHandler.getOzoneFileStatus(OzoneManagerRequestHandler.java:882) ~[ozone-manager-1.3.0-SNAPSHOT.jar:?]
	at org.apache.hadoop.ozone.protocolPB.OzoneManagerRequestHandler.handleReadRequest(OzoneManagerRequestHandler.java:228) ~[ozone-manager-1.3.0-SNAPSHOT.jar:?]
	at org.apache.hadoop.ozone.protocolPB.OzoneManagerProtocolServerSideTranslatorPB.submitReadRequestToOM(OzoneManagerProtocolServerSideTranslatorPB.java:226) ~[ozone-manager-1.3.0-SNAPSHOT.jar:?]
	at org.apache.hadoop.ozone.protocolPB.OzoneManagerProtocolServerSideTranslatorPB.processRequest(OzoneManagerProtocolServerSideTranslatorPB.java:175) ~[ozone-manager-1.3.0-SNAPSHOT.jar:?]
	at org.apache.hadoop.hdds.server.OzoneProtocolMessageDispatcher.processRequest(OzoneProtocolMessageDispatcher.java:87) [hdds-server-framework-1.3.0-SNAPSHOT.jar:?]
	at org.apache.hadoop.ozone.protocolPB.OzoneManagerProtocolServerSideTranslatorPB.submitRequest(OzoneManagerProtocolServerSideTranslatorPB.java:147) [ozone-manager-1.3.0-SNAPSHOT.jar:?]
	at org.apache.hadoop.ozone.protocol.proto.OzoneManagerProtocolProtos$OzoneManagerService$2.callBlockingMethod(OzoneManagerProtocolProtos.java) [ozone-interface-client-1.3.0-SNAPSHOT.jar:?]
	at org.apache.hadoop.ipc.ProtobufRpcEngine$Server.processCall(ProtobufRpcEngine.java:466) [hadoop-common-3.3.1.jar:?]
	at org.apache.hadoop.ipc.ProtobufRpcEngine2$Server$ProtoBufRpcInvoker.call(ProtobufRpcEngine2.java:574) [hadoop-common-3.3.1.jar:?]
	at org.apache.hadoop.ipc.ProtobufRpcEngine2$Server$ProtoBufRpcInvoker.call(ProtobufRpcEngine2.java:552) [hadoop-common-3.3.1.jar:?]
	at org.apache.hadoop.ipc.RPC$Server.call(RPC.java:1093) [hadoop-common-3.3.1.jar:?]
	at org.apache.hadoop.ipc.Server$RpcCall.run(Server.java:1035) [hadoop-common-3.3.1.jar:?]
	at org.apache.hadoop.ipc.Server$RpcCall.run(Server.java:963) [hadoop-common-3.3.1.jar:?]
	at java.security.AccessController.doPrivileged(Native Method) ~[?:1.8.0_332]
	at javax.security.auth.Subject.doAs(Subject.java:422) [?:1.8.0_332]
	at org.apache.hadoop.security.UserGroupInformation.doAs(UserGroupInformation.java:1878) [hadoop-common-3.3.1.jar:?]
	at org.apache.hadoop.ipc.Server$Handler.run(Server.java:2966) [hadoop-common-3.3.1.jar:?]
2022-08-09 13:47:14,277 [3ead37bf-6f08-4c7f-839f-0a9366388f78@group-F124221C4D55-LeaderElection8] INFO  impl.LeaderElection (LeaderElection.java:askForVotes(310)) - 3ead37bf-6f08-4c7f-839f-0a9366388f78@group-F124221C4D55-LeaderElection8 ELECTION round 0: submit vote requests at term 1 for -1: [3ead37bf-6f08-4c7f-839f-0a9366388f78|rpc:10.1.0.19:46861|priority:1], old=null
2022-08-09 13:47:14,277 [3ead37bf-6f08-4c7f-839f-0a9366388f78@group-F124221C4D55-LeaderElection8] INFO  impl.LeaderElection (LeaderElection.java:askForVotes(312)) - 3ead37bf-6f08-4c7f-839f-0a9366388f78@group-F124221C4D55-LeaderElection8 ELECTION round 0: result PASSED (term=1)
2022-08-09 13:47:14,277 [3ead37bf-6f08-4c7f-839f-0a9366388f78@group-F124221C4D55-LeaderElection8] INFO  impl.RoleInfo (RoleInfo.java:shutdownLeaderElection(130)) - 3ead37bf-6f08-4c7f-839f-0a9366388f78: shutdown 3ead37bf-6f08-4c7f-839f-0a9366388f78@group-F124221C4D55-LeaderElection8
2022-08-09 13:47:14,277 [3ead37bf-6f08-4c7f-839f-0a9366388f78@group-F124221C4D55-LeaderElection8] INFO  server.RaftServer$Division (RaftServerImpl.java:setRole(299)) - 3ead37bf-6f08-4c7f-839f-0a9366388f78@group-F124221C4D55: changes role from CANDIDATE to LEADER at term 1 for changeToLeader
2022-08-09 13:47:14,277 [3ead37bf-6f08-4c7f-839f-0a9366388f78@group-F124221C4D55-LeaderElection8] INFO  ratis.XceiverServerRatis (XceiverServerRatis.java:handleLeaderChangedNotification(863)) - Leader change notification received for group: group-F124221C4D55 with new leaderId: 3ead37bf-6f08-4c7f-839f-0a9366388f78
2022-08-09 13:47:14,277 [3ead37bf-6f08-4c7f-839f-0a9366388f78@group-F124221C4D55-LeaderElection8] INFO  server.RaftServer$Division (ServerState.java:setLeader(287)) - 3ead37bf-6f08-4c7f-839f-0a9366388f78@group-F124221C4D55: change Leader from null to 3ead37bf-6f08-4c7f-839f-0a9366388f78 at term 1 for becomeLeader, leader elected after 5189ms
2022-08-09 13:47:14,277 [3ead37bf-6f08-4c7f-839f-0a9366388f78@group-F124221C4D55-LeaderElection8] INFO  server.RaftServerConfigKeys (ConfUtils.java:logGet(46)) - raft.server.staging.catchup.gap = 1000 (default)
2022-08-09 13:47:14,278 [3ead37bf-6f08-4c7f-839f-0a9366388f78@group-F124221C4D55-LeaderElection8] INFO  server.RaftServerConfigKeys (ConfUtils.java:logGet(46)) - raft.server.write.element-limit = 1024 (custom)
2022-08-09 13:47:14,278 [3ead37bf-6f08-4c7f-839f-0a9366388f78@group-F124221C4D55-LeaderElection8] INFO  server.RaftServerConfigKeys (ConfUtils.java:logGet(46)) - raft.server.write.byte-limit = 1024 M (=1073741824) (custom)
2022-08-09 13:47:14,278 [3ead37bf-6f08-4c7f-839f-0a9366388f78@group-F124221C4D55-LeaderElection8] INFO  server.RaftServerConfigKeys (ConfUtils.java:logGet(46)) - raft.server.watch.timeout = 180s (custom)
2022-08-09 13:47:14,278 [3ead37bf-6f08-4c7f-839f-0a9366388f78@group-F124221C4D55-LeaderElection8] INFO  server.RaftServerConfigKeys (ConfUtils.java:logGet(46)) - raft.server.watch.timeout.denomination = 1s (default)
2022-08-09 13:47:14,278 [3ead37bf-6f08-4c7f-839f-0a9366388f78@group-F124221C4D55-LeaderElection8] INFO  server.RaftServerConfigKeys (ConfUtils.java:logGet(46)) - raft.server.watch.element-limit = 65536 (default)
2022-08-09 13:47:14,278 [3ead37bf-6f08-4c7f-839f-0a9366388f78@group-F124221C4D55-LeaderElection8] INFO  server.RaftServerConfigKeys (ConfUtils.java:logGet(46)) - raft.server.write.element-limit = 1024 (custom)
2022-08-09 13:47:14,278 [3ead37bf-6f08-4c7f-839f-0a9366388f78@group-F124221C4D55-LeaderElection8] INFO  server.RaftServerConfigKeys (ConfUtils.java:logGet(46)) - raft.server.write.follower.gap.ratio.max = -1.0 (default)
2022-08-09 13:47:14,278 [3ead37bf-6f08-4c7f-839f-0a9366388f78@group-F124221C4D55-LeaderElection8] INFO  impl.RoleInfo (RoleInfo.java:updateAndGet(139)) - 3ead37bf-6f08-4c7f-839f-0a9366388f78: start 3ead37bf-6f08-4c7f-839f-0a9366388f78@group-F124221C4D55-LeaderStateImpl
2022-08-09 13:47:14,279 [3ead37bf-6f08-4c7f-839f-0a9366388f78@group-F124221C4D55-LeaderElection8] INFO  segmented.SegmentedRaftLogWorker (SegmentedRaftLogWorker.java:startLogSegment(425)) - 3ead37bf-6f08-4c7f-839f-0a9366388f78@group-F124221C4D55-SegmentedRaftLogWorker: Starting segment from index:0
2022-08-09 13:47:14,282 [3ead37bf-6f08-4c7f-839f-0a9366388f78@group-F124221C4D55-SegmentedRaftLogWorker] INFO  segmented.SegmentedRaftLogWorker (SegmentedRaftLogWorker.java:execute(629)) - 3ead37bf-6f08-4c7f-839f-0a9366388f78@group-F124221C4D55-SegmentedRaftLogWorker: created new log segment /home/runner/work/ozone/ozone/hadoop-ozone/integration-test/target/test-dir/MiniOzoneClusterImpl-e9ece791-7ef2-4ada-98fe-daefa8f21954/datanode-3/data/ratis/51c0efe8-8a36-4e8f-a9d0-f124221c4d55/current/log_inprogress_0
2022-08-09 13:47:14,283 [3ead37bf-6f08-4c7f-839f-0a9366388f78@group-F124221C4D55-LeaderElection8] INFO  server.RaftServer$Division (ServerState.java:setRaftConf(393)) - 3ead37bf-6f08-4c7f-839f-0a9366388f78@group-F124221C4D55: set configuration 0: [3ead37bf-6f08-4c7f-839f-0a9366388f78|rpc:10.1.0.19:46861|dataStream:|priority:1], old=null
]]></system-out>
  </testcase>
  <testcase name="testRenameFile" classname="TestRootedOzoneFileSystem" time="0.354">
    <system-out><![CDATA[2022-08-09 13:47:31,300 [Listener at 127.0.0.1/44757] INFO  ozone.MiniOzoneClusterImpl (MiniOzoneClusterImpl.java:shutdown(448)) - Shutting down the Mini Ozone Cluster
2022-08-09 13:47:31,301 [Listener at 127.0.0.1/44757] INFO  ozone.MiniOzoneClusterImpl (MiniOzoneClusterImpl.java:stop(463)) - Stopping the Mini Ozone Cluster
2022-08-09 13:47:31,301 [Listener at 127.0.0.1/44757] INFO  ozone.MiniOzoneClusterImpl (MiniOzoneClusterImpl.java:stopOM(545)) - Stopping the OzoneManager
2022-08-09 13:47:31,301 [Listener at 127.0.0.1/44757] INFO  om.OzoneManager (OzoneManager.java:stop(2022)) - om1[localhost:0]: Stopping Ozone Manager
2022-08-09 13:47:31,301 [Listener at 127.0.0.1/44757] INFO  ipc.Server (Server.java:stop(3414)) - Stopping server on 44757
2022-08-09 13:47:31,311 [IPC Server listener on 0] INFO  ipc.Server (Server.java:run(1376)) - Stopping IPC Server listener on 0
2022-08-09 13:47:31,312 [IPC Server Responder] INFO  ipc.Server (Server.java:run(1512)) - Stopping IPC Server Responder
2022-08-09 13:47:31,313 [Listener at 127.0.0.1/44757] INFO  server.RaftServer (RaftServerProxy.java:lambda$close$7(398)) - om1: close
2022-08-09 13:47:31,523 [Finalizer] WARN  managed.ManagedRocksObjectUtils (ManagedRocksObjectUtils.java:assertClosed(39)) - ManagedDBOptions is not closed properly
2022-08-09 13:47:31,523 [Finalizer] WARN  managed.ManagedRocksObjectUtils (ManagedRocksObjectUtils.java:assertClosed(39)) - ManagedColumnFamilyOptions is not closed properly
2022-08-09 13:47:31,523 [Finalizer] WARN  managed.ManagedRocksObjectUtils (ManagedRocksObjectUtils.java:assertClosed(39)) - ManagedLRUCache is not closed properly
2022-08-09 13:47:31,523 [Finalizer] WARN  managed.ManagedRocksObjectUtils (ManagedRocksObjectUtils.java:assertClosed(39)) - ManagedBloomFilter is not closed properly
2022-08-09 13:47:31,523 [Finalizer] WARN  managed.ManagedRocksObjectUtils (ManagedRocksObjectUtils.java:assertClosed(39)) - ManagedDBOptions is not closed properly
2022-08-09 13:47:31,523 [Finalizer] WARN  managed.ManagedRocksObjectUtils (ManagedRocksObjectUtils.java:assertClosed(39)) - ManagedColumnFamilyOptions is not closed properly
2022-08-09 13:47:31,523 [Finalizer] WARN  managed.ManagedRocksObjectUtils (ManagedRocksObjectUtils.java:assertClosed(39)) - ManagedLRUCache is not closed properly
2022-08-09 13:47:31,523 [Finalizer] WARN  managed.ManagedRocksObjectUtils (ManagedRocksObjectUtils.java:assertClosed(39)) - ManagedBloomFilter is not closed properly
2022-08-09 13:47:31,523 [Finalizer] WARN  managed.ManagedRocksObjectUtils (ManagedRocksObjectUtils.java:assertClosed(39)) - ManagedDBOptions is not closed properly
2022-08-09 13:47:31,523 [Finalizer] WARN  managed.ManagedRocksObjectUtils (ManagedRocksObjectUtils.java:assertClosed(39)) - ManagedColumnFamilyOptions is not closed properly
2022-08-09 13:47:31,523 [Finalizer] WARN  managed.ManagedRocksObjectUtils (ManagedRocksObjectUtils.java:assertClosed(39)) - ManagedLRUCache is not closed properly
2022-08-09 13:47:31,524 [Finalizer] WARN  managed.ManagedRocksObjectUtils (ManagedRocksObjectUtils.java:assertClosed(39)) - ManagedBloomFilter is not closed properly
2022-08-09 13:47:31,524 [Finalizer] WARN  managed.ManagedRocksObjectUtils (ManagedRocksObjectUtils.java:assertClosed(39)) - ManagedDBOptions is not closed properly
2022-08-09 13:47:31,524 [Finalizer] WARN  managed.ManagedRocksObjectUtils (ManagedRocksObjectUtils.java:assertClosed(39)) - ManagedColumnFamilyOptions is not closed properly
2022-08-09 13:47:31,524 [Finalizer] WARN  managed.ManagedRocksObjectUtils (ManagedRocksObjectUtils.java:assertClosed(39)) - ManagedLRUCache is not closed properly
2022-08-09 13:47:31,524 [Finalizer] WARN  managed.ManagedRocksObjectUtils (ManagedRocksObjectUtils.java:assertClosed(39)) - ManagedBloomFilter is not closed properly
2022-08-09 13:47:31,524 [Finalizer] WARN  managed.ManagedRocksObjectUtils (ManagedRocksObjectUtils.java:assertClosed(39)) - ManagedDBOptions is not closed properly
2022-08-09 13:47:31,524 [Finalizer] WARN  managed.ManagedRocksObjectUtils (ManagedRocksObjectUtils.java:assertClosed(39)) - ManagedColumnFamilyOptions is not closed properly
2022-08-09 13:47:31,524 [Finalizer] WARN  managed.ManagedRocksObjectUtils (ManagedRocksObjectUtils.java:assertClosed(39)) - ManagedLRUCache is not closed properly
2022-08-09 13:47:31,524 [Finalizer] WARN  managed.ManagedRocksObjectUtils (ManagedRocksObjectUtils.java:assertClosed(39)) - ManagedBloomFilter is not closed properly
2022-08-09 13:47:31,529 [org.apache.ratis.util.JvmPauseMonitor$$Lambda$615/629946574@49c44b89] WARN  util.JvmPauseMonitor (JvmPauseMonitor.java:detectPause(124)) - JvmPauseMonitor-364e6842-d032-4d6d-bdb1-058b551233a8: Detected pause in JVM or host machine (eg GC): pause of approximately 187936455ns.
GC pool 'PS MarkSweep' had collection(s): count=1 time=179ms
GC pool 'PS Scavenge' had collection(s): count=1 time=27ms
2022-08-09 13:47:31,529 [Listener at 127.0.0.1/44757] INFO  server.RaftServer$Division (RaftServerImpl.java:lambda$close$4(434)) - om1@group-C5BA1605619E: shutdown
2022-08-09 13:47:31,530 [Listener at 127.0.0.1/44757] INFO  util.JmxRegister (JmxRegister.java:unregister(73)) - Successfully un-registered JMX Bean with object name Ratis:service=RaftServer,group=group-C5BA1605619E,id=om1
2022-08-09 13:47:31,530 [Listener at 127.0.0.1/44757] INFO  impl.RoleInfo (RoleInfo.java:shutdownLeaderState(93)) - om1: shutdown om1@group-C5BA1605619E-LeaderStateImpl
2022-08-09 13:47:31,531 [Listener at 127.0.0.1/44757] INFO  impl.PendingRequests (PendingRequests.java:sendNotLeaderResponses(282)) - om1@group-C5BA1605619E-PendingRequests: sendNotLeaderResponses
2022-08-09 13:47:31,547 [Listener at 127.0.0.1/44757] INFO  impl.StateMachineUpdater (StateMachineUpdater.java:stopAndJoin(153)) - om1@group-C5BA1605619E-StateMachineUpdater: set stopIndex = 6846
2022-08-09 13:47:31,547 [om1@group-C5BA1605619E-StateMachineUpdater] INFO  ratis.OzoneManagerStateMachine (OzoneManagerStateMachine.java:takeSnapshot(441)) - Current Snapshot Index (t:1, i:6846)
2022-08-09 13:47:31,549 [om1@group-C5BA1605619E-StateMachineUpdater] INFO  impl.StateMachineUpdater (StateMachineUpdater.java:takeSnapshot(287)) - om1@group-C5BA1605619E-StateMachineUpdater: Took a snapshot at index 6846
2022-08-09 13:47:31,549 [om1@group-C5BA1605619E-StateMachineUpdater] INFO  impl.StateMachineUpdater (StateMachineUpdater.java:lambda$new$0(92)) - om1@group-C5BA1605619E-StateMachineUpdater: snapshotIndex: updateIncreasingly -1 -> 6846
2022-08-09 13:47:31,550 [om1@group-C5BA1605619E-StateMachineUpdater] INFO  ratis.OzoneManagerStateMachine (OzoneManagerStateMachine.java:close(495)) - StateMachine has shutdown. Shutdown OzoneManager if not already shutdown.
2022-08-09 13:47:31,550 [om1@group-C5BA1605619E-StateMachineUpdater] INFO  ratis.OzoneManagerDoubleBuffer (OzoneManagerDoubleBuffer.java:stop(466)) - Stopping OMDoubleBuffer flush thread
2022-08-09 13:47:31,550 [OMDoubleBufferFlushThread] INFO  ratis.OzoneManagerDoubleBuffer (OzoneManagerDoubleBuffer.java:flushTransactions(385)) - OMDoubleBuffer flush thread OMDoubleBufferFlushThread is interrupted and will exit.
2022-08-09 13:47:31,551 [Listener at 127.0.0.1/44757] INFO  server.RaftServer$Division (ServerState.java:close(429)) - om1@group-C5BA1605619E: closes. applyIndex: 6846
2022-08-09 13:47:31,554 [om1@group-C5BA1605619E-SegmentedRaftLogWorker] INFO  segmented.SegmentedRaftLogWorker (SegmentedRaftLogWorker.java:run(336)) - om1@group-C5BA1605619E-SegmentedRaftLogWorker was interrupted, exiting. There are 0 tasks remaining in the queue.
2022-08-09 13:47:31,555 [Listener at 127.0.0.1/44757] INFO  segmented.SegmentedRaftLogWorker (SegmentedRaftLogWorker.java:close(246)) - om1@group-C5BA1605619E-SegmentedRaftLogWorker close()
2022-08-09 13:47:31,556 [Listener at 127.0.0.1/44757] INFO  server.GrpcService (GrpcService.java:closeImpl(269)) - om1: shutdown server with port 9872 now
2022-08-09 13:47:31,564 [Listener at 127.0.0.1/44757] INFO  server.GrpcService (GrpcService.java:closeImpl(278)) - om1: shutdown server with port 9872 successfully
2022-08-09 13:47:31,564 [org.apache.ratis.util.JvmPauseMonitor$$Lambda$615/629946574@138d8219] INFO  util.JvmPauseMonitor (JvmPauseMonitor.java:run(109)) - JvmPauseMonitor-om1: Stopped
2022-08-09 13:47:31,564 [Listener at 127.0.0.1/44757] INFO  ratis.OzoneManagerStateMachine (OzoneManagerStateMachine.java:close(495)) - StateMachine has shutdown. Shutdown OzoneManager if not already shutdown.
2022-08-09 13:47:31,564 [Listener at 127.0.0.1/44757] INFO  ratis.OzoneManagerDoubleBuffer (OzoneManagerDoubleBuffer.java:stop(478)) - OMDoubleBuffer flush thread is not running.
2022-08-09 13:47:31,564 [Listener at 127.0.0.1/44757] INFO  utils.BackgroundService (BackgroundService.java:shutdown(141)) - Shutting down service KeyDeletingService
2022-08-09 13:47:31,565 [Listener at 127.0.0.1/44757] INFO  utils.BackgroundService (BackgroundService.java:shutdown(141)) - Shutting down service DirectoryDeletingService
2022-08-09 13:47:31,565 [Listener at 127.0.0.1/44757] INFO  utils.BackgroundService (BackgroundService.java:shutdown(141)) - Shutting down service OpenKeyCleanupService
2022-08-09 13:47:31,566 [Listener at 127.0.0.1/44757] INFO  handler.ContextHandler (ContextHandler.java:doStop(1153)) - Stopped o.e.j.w.WebAppContext@4432f623{ozoneManager,/,null,STOPPED}{file:/home/runner/work/ozone/ozone/hadoop-ozone/integration-test/target/test-classes/webapps/ozoneManager}
2022-08-09 13:47:31,570 [Listener at 127.0.0.1/44757] INFO  server.AbstractConnector (AbstractConnector.java:doStop(381)) - Stopped ServerConnector@46bd2d4b{HTTP/1.1, (http/1.1)}{0.0.0.0:0}
2022-08-09 13:47:31,570 [Listener at 127.0.0.1/44757] INFO  server.session (HouseKeeper.java:stopScavenging(149)) - node0 Stopped scavenging
2022-08-09 13:47:31,570 [Listener at 127.0.0.1/44757] INFO  handler.ContextHandler (ContextHandler.java:doStop(1153)) - Stopped o.e.j.s.ServletContextHandler@18acf886{static,/static,file:///home/runner/work/ozone/ozone/hadoop-ozone/integration-test/target/test-classes/webapps/static,STOPPED}
2022-08-09 13:47:31,571 [Listener at 127.0.0.1/44757] INFO  handler.ContextHandler (ContextHandler.java:doStop(1153)) - Stopped o.e.j.s.ServletContextHandler@5fc27e3f{logs,/logs,file:///home/runner/work/ozone/ozone/hadoop-ozone/integration-test/target/log,STOPPED}
2022-08-09 13:47:31,572 [Trash Emptier] ERROR om.TrashPolicyOzone (TrashPolicyOzone.java:run(251)) - Error attempting to shutdown
java.lang.InterruptedException
	at java.util.concurrent.locks.AbstractQueuedSynchronizer$ConditionObject.awaitNanos(AbstractQueuedSynchronizer.java:2067)
	at java.util.concurrent.ThreadPoolExecutor.awaitTermination(ThreadPoolExecutor.java:1475)
	at org.apache.hadoop.ozone.om.TrashPolicyOzone$Emptier.run(TrashPolicyOzone.java:249)
	at java.lang.Thread.run(Thread.java:750)
2022-08-09 13:47:31,572 [Trash Emptier] ERROR util.ExitUtils (ExitUtils.java:terminate(133)) - Terminating with exit status -1: Thread[Trash Emptier,5,main] has thrown an uncaught exception
java.lang.UnsupportedOperationException: fs.getUri() not implemented in TrashOzoneFileSystem
	at org.apache.hadoop.ozone.om.TrashOzoneFileSystem.getUri(TrashOzoneFileSystem.java:126)
	at org.apache.hadoop.fs.FileSystem.close(FileSystem.java:2592)
	at org.apache.hadoop.ozone.om.TrashPolicyOzone$Emptier.run(TrashPolicyOzone.java:243)
	at java.lang.Thread.run(Thread.java:750)
2022-08-09 13:47:31,574 [Listener at 127.0.0.1/44757] INFO  ozone.MiniOzoneClusterImpl (MiniOzoneClusterImpl.java:stopDatanodes(522)) - Stopping the HddsDatanodes
2022-08-09 13:47:36,578 [ForkJoinPool.commonPool-worker-0] INFO  ozoneimpl.OzoneContainer (OzoneContainer.java:stop(399)) - Attempting to stop container services.
2022-08-09 13:47:36,578 [Listener at 127.0.0.1/44757] INFO  ozoneimpl.OzoneContainer (OzoneContainer.java:stop(399)) - Attempting to stop container services.
2022-08-09 13:47:36,583 [Listener at 127.0.0.1/44757] INFO  server.RaftServer (RaftServerProxy.java:lambda$close$7(398)) - 364e6842-d032-4d6d-bdb1-058b551233a8: close
2022-08-09 13:47:36,583 [ForkJoinPool.commonPool-worker-0] INFO  server.RaftServer (RaftServerProxy.java:lambda$close$7(398)) - 51becc16-89cb-4fad-bf94-a36b935bb005: close
2022-08-09 13:47:36,583 [Listener at 127.0.0.1/44757] INFO  server.RaftServer$Division (RaftServerImpl.java:lambda$close$4(434)) - 364e6842-d032-4d6d-bdb1-058b551233a8@group-2900A7781F59: shutdown
2022-08-09 13:47:36,584 [ForkJoinPool.commonPool-worker-0] INFO  server.RaftServer$Division (RaftServerImpl.java:lambda$close$4(434)) - 51becc16-89cb-4fad-bf94-a36b935bb005@group-2900A7781F59: shutdown
2022-08-09 13:47:36,584 [Listener at 127.0.0.1/44757] INFO  util.JmxRegister (JmxRegister.java:unregister(73)) - Successfully un-registered JMX Bean with object name Ratis:service=RaftServer,group=group-2900A7781F59,id=364e6842-d032-4d6d-bdb1-058b551233a8
2022-08-09 13:47:36,584 [ForkJoinPool.commonPool-worker-0] INFO  util.JmxRegister (JmxRegister.java:unregister(73)) - Successfully un-registered JMX Bean with object name Ratis:service=RaftServer,group=group-2900A7781F59,id=51becc16-89cb-4fad-bf94-a36b935bb005
2022-08-09 13:47:36,584 [Listener at 127.0.0.1/44757] INFO  impl.RoleInfo (RoleInfo.java:shutdownLeaderState(93)) - 364e6842-d032-4d6d-bdb1-058b551233a8: shutdown 364e6842-d032-4d6d-bdb1-058b551233a8@group-2900A7781F59-LeaderStateImpl
2022-08-09 13:47:36,584 [ForkJoinPool.commonPool-worker-0] INFO  impl.RoleInfo (RoleInfo.java:shutdownFollowerState(110)) - 51becc16-89cb-4fad-bf94-a36b935bb005: shutdown 51becc16-89cb-4fad-bf94-a36b935bb005@group-2900A7781F59-FollowerState
2022-08-09 13:47:36,584 [51becc16-89cb-4fad-bf94-a36b935bb005@group-2900A7781F59-FollowerState] INFO  impl.FollowerState (FollowerState.java:run(152)) - 51becc16-89cb-4fad-bf94-a36b935bb005@group-2900A7781F59-FollowerState was interrupted
2022-08-09 13:47:36,587 [364e6842-d032-4d6d-bdb1-058b551233a8@group-2900A7781F59->1fcb99f6-8828-4195-ae29-7192ffc3f248-GrpcLogAppender-LogAppenderDaemon] WARN  server.GrpcLogAppender (GrpcLogAppender.java:mayWait(171)) - 364e6842-d032-4d6d-bdb1-058b551233a8@group-2900A7781F59->1fcb99f6-8828-4195-ae29-7192ffc3f248-GrpcLogAppender: Wait interrupted by java.lang.InterruptedException
2022-08-09 13:47:36,587 [Listener at 127.0.0.1/44757] INFO  impl.PendingRequests (PendingRequests.java:sendNotLeaderResponses(282)) - 364e6842-d032-4d6d-bdb1-058b551233a8@group-2900A7781F59-PendingRequests: sendNotLeaderResponses
2022-08-09 13:47:36,587 [364e6842-d032-4d6d-bdb1-058b551233a8@group-2900A7781F59->51becc16-89cb-4fad-bf94-a36b935bb005-GrpcLogAppender-LogAppenderDaemon] WARN  server.GrpcLogAppender (GrpcLogAppender.java:mayWait(171)) - 364e6842-d032-4d6d-bdb1-058b551233a8@group-2900A7781F59->51becc16-89cb-4fad-bf94-a36b935bb005-GrpcLogAppender: Wait interrupted by java.lang.InterruptedException
2022-08-09 13:47:36,589 [grpc-default-executor-0] INFO  server.GrpcServerProtocolService (GrpcServerProtocolService.java:onCompleted(140)) - 1fcb99f6-8828-4195-ae29-7192ffc3f248: Completed APPEND_ENTRIES, lastRequest: 364e6842-d032-4d6d-bdb1-058b551233a8->1fcb99f6-8828-4195-ae29-7192ffc3f248#1-t3,previous=(t:0, i:0),leaderCommit=0,initializing? true,entries: size=1, first=(t:3, i:0), CONFIGURATIONENTRY
2022-08-09 13:47:36,589 [ForkJoinPool.commonPool-worker-0] INFO  impl.StateMachineUpdater (StateMachineUpdater.java:stopAndJoin(153)) - 51becc16-89cb-4fad-bf94-a36b935bb005@group-2900A7781F59-StateMachineUpdater: set stopIndex = 0
2022-08-09 13:47:36,590 [grpc-default-executor-0] INFO  server.GrpcLogAppender (GrpcLogAppender.java:onCompleted(339)) - 364e6842-d032-4d6d-bdb1-058b551233a8@group-2900A7781F59->1fcb99f6-8828-4195-ae29-7192ffc3f248-AppendLogResponseHandler: follower responses appendEntries COMPLETED
2022-08-09 13:47:36,590 [51becc16-89cb-4fad-bf94-a36b935bb005@group-2900A7781F59-StateMachineUpdater] INFO  ratis.ContainerStateMachine (ContainerStateMachine.java:takeSnapshot(304)) - group-2900A7781F59: Taking a snapshot at:(t:3, i:0) file /home/runner/work/ozone/ozone/hadoop-ozone/integration-test/target/test-dir/MiniOzoneClusterImpl-e9ece791-7ef2-4ada-98fe-daefa8f21954/datanode-1/data/ratis/fc94a62e-1af6-4805-a15b-2900a7781f59/sm/snapshot.3_0
2022-08-09 13:47:36,592 [grpc-default-executor-0] INFO  leader.FollowerInfo (FollowerInfoImpl.java:lambda$new$0(48)) - 364e6842-d032-4d6d-bdb1-058b551233a8@group-2900A7781F59->1fcb99f6-8828-4195-ae29-7192ffc3f248: nextIndex: updateUnconditionally 1 -> 0
2022-08-09 13:47:36,590 [grpc-default-executor-1] INFO  server.GrpcServerProtocolService (GrpcServerProtocolService.java:onCompleted(140)) - 51becc16-89cb-4fad-bf94-a36b935bb005: Completed APPEND_ENTRIES, lastRequest: 364e6842-d032-4d6d-bdb1-058b551233a8->51becc16-89cb-4fad-bf94-a36b935bb005#1-t3,previous=(t:0, i:0),leaderCommit=0,initializing? true,entries: size=1, first=(t:3, i:0), CONFIGURATIONENTRY
2022-08-09 13:47:36,606 [grpc-default-executor-0] INFO  server.GrpcLogAppender (GrpcLogAppender.java:onCompleted(339)) - 364e6842-d032-4d6d-bdb1-058b551233a8@group-2900A7781F59->51becc16-89cb-4fad-bf94-a36b935bb005-AppendLogResponseHandler: follower responses appendEntries COMPLETED
2022-08-09 13:47:36,606 [grpc-default-executor-0] INFO  leader.FollowerInfo (FollowerInfoImpl.java:lambda$new$0(48)) - 364e6842-d032-4d6d-bdb1-058b551233a8@group-2900A7781F59->51becc16-89cb-4fad-bf94-a36b935bb005: nextIndex: updateUnconditionally 1 -> 0
2022-08-09 13:47:36,607 [364e6842-d032-4d6d-bdb1-058b551233a8@group-2900A7781F59-StateMachineUpdater] INFO  ratis.ContainerStateMachine (ContainerStateMachine.java:takeSnapshot(304)) - group-2900A7781F59: Taking a snapshot at:(t:3, i:0) file /home/runner/work/ozone/ozone/hadoop-ozone/integration-test/target/test-dir/MiniOzoneClusterImpl-e9ece791-7ef2-4ada-98fe-daefa8f21954/datanode-2/data/ratis/fc94a62e-1af6-4805-a15b-2900a7781f59/sm/snapshot.3_0
2022-08-09 13:47:36,607 [Listener at 127.0.0.1/44757] INFO  impl.StateMachineUpdater (StateMachineUpdater.java:stopAndJoin(153)) - 364e6842-d032-4d6d-bdb1-058b551233a8@group-2900A7781F59-StateMachineUpdater: set stopIndex = 0
2022-08-09 13:47:36,629 [364e6842-d032-4d6d-bdb1-058b551233a8@group-2900A7781F59-StateMachineUpdater] INFO  ratis.ContainerStateMachine (ContainerStateMachine.java:takeSnapshot(315)) - group-2900A7781F59: Finished taking a snapshot at:(t:3, i:0) file:/home/runner/work/ozone/ozone/hadoop-ozone/integration-test/target/test-dir/MiniOzoneClusterImpl-e9ece791-7ef2-4ada-98fe-daefa8f21954/datanode-2/data/ratis/fc94a62e-1af6-4805-a15b-2900a7781f59/sm/snapshot.3_0 took: 22 ms
2022-08-09 13:47:36,630 [364e6842-d032-4d6d-bdb1-058b551233a8@group-2900A7781F59-StateMachineUpdater] INFO  impl.StateMachineUpdater (StateMachineUpdater.java:takeSnapshot(287)) - 364e6842-d032-4d6d-bdb1-058b551233a8@group-2900A7781F59-StateMachineUpdater: Took a snapshot at index 0
2022-08-09 13:47:36,631 [364e6842-d032-4d6d-bdb1-058b551233a8@group-2900A7781F59-StateMachineUpdater] INFO  impl.StateMachineUpdater (StateMachineUpdater.java:lambda$new$0(92)) - 364e6842-d032-4d6d-bdb1-058b551233a8@group-2900A7781F59-StateMachineUpdater: snapshotIndex: updateIncreasingly -1 -> 0
2022-08-09 13:47:36,631 [51becc16-89cb-4fad-bf94-a36b935bb005@group-2900A7781F59-StateMachineUpdater] INFO  ratis.ContainerStateMachine (ContainerStateMachine.java:takeSnapshot(315)) - group-2900A7781F59: Finished taking a snapshot at:(t:3, i:0) file:/home/runner/work/ozone/ozone/hadoop-ozone/integration-test/target/test-dir/MiniOzoneClusterImpl-e9ece791-7ef2-4ada-98fe-daefa8f21954/datanode-1/data/ratis/fc94a62e-1af6-4805-a15b-2900a7781f59/sm/snapshot.3_0 took: 40 ms
2022-08-09 13:47:36,635 [51becc16-89cb-4fad-bf94-a36b935bb005@group-2900A7781F59-StateMachineUpdater] INFO  impl.StateMachineUpdater (StateMachineUpdater.java:takeSnapshot(287)) - 51becc16-89cb-4fad-bf94-a36b935bb005@group-2900A7781F59-StateMachineUpdater: Took a snapshot at index 0
2022-08-09 13:47:36,635 [51becc16-89cb-4fad-bf94-a36b935bb005@group-2900A7781F59-StateMachineUpdater] INFO  impl.StateMachineUpdater (StateMachineUpdater.java:lambda$new$0(92)) - 51becc16-89cb-4fad-bf94-a36b935bb005@group-2900A7781F59-StateMachineUpdater: snapshotIndex: updateIncreasingly -1 -> 0
2022-08-09 13:47:36,636 [Listener at 127.0.0.1/44757] INFO  server.RaftServer$Division (ServerState.java:close(429)) - 364e6842-d032-4d6d-bdb1-058b551233a8@group-2900A7781F59: closes. applyIndex: 0
2022-08-09 13:47:36,636 [364e6842-d032-4d6d-bdb1-058b551233a8@group-2900A7781F59-SegmentedRaftLogWorker] INFO  segmented.SegmentedRaftLogWorker (SegmentedRaftLogWorker.java:run(336)) - 364e6842-d032-4d6d-bdb1-058b551233a8@group-2900A7781F59-SegmentedRaftLogWorker was interrupted, exiting. There are 0 tasks remaining in the queue.
2022-08-09 13:47:36,637 [Listener at 127.0.0.1/44757] INFO  segmented.SegmentedRaftLogWorker (SegmentedRaftLogWorker.java:close(246)) - 364e6842-d032-4d6d-bdb1-058b551233a8@group-2900A7781F59-SegmentedRaftLogWorker close()
2022-08-09 13:47:36,638 [ForkJoinPool.commonPool-worker-0] INFO  server.RaftServer$Division (ServerState.java:close(429)) - 51becc16-89cb-4fad-bf94-a36b935bb005@group-2900A7781F59: closes. applyIndex: 0
2022-08-09 13:47:36,638 [Listener at 127.0.0.1/44757] INFO  server.RaftServer$Division (RaftServerImpl.java:lambda$close$4(434)) - 364e6842-d032-4d6d-bdb1-058b551233a8@group-6959A1F1550F: shutdown
2022-08-09 13:47:36,638 [51becc16-89cb-4fad-bf94-a36b935bb005@group-2900A7781F59-SegmentedRaftLogWorker] INFO  segmented.SegmentedRaftLogWorker (SegmentedRaftLogWorker.java:run(336)) - 51becc16-89cb-4fad-bf94-a36b935bb005@group-2900A7781F59-SegmentedRaftLogWorker was interrupted, exiting. There are 0 tasks remaining in the queue.
2022-08-09 13:47:36,638 [Listener at 127.0.0.1/44757] INFO  util.JmxRegister (JmxRegister.java:unregister(73)) - Successfully un-registered JMX Bean with object name Ratis:service=RaftServer,group=group-6959A1F1550F,id=364e6842-d032-4d6d-bdb1-058b551233a8
2022-08-09 13:47:36,639 [ForkJoinPool.commonPool-worker-0] INFO  segmented.SegmentedRaftLogWorker (SegmentedRaftLogWorker.java:close(246)) - 51becc16-89cb-4fad-bf94-a36b935bb005@group-2900A7781F59-SegmentedRaftLogWorker close()
2022-08-09 13:47:36,640 [Listener at 127.0.0.1/44757] INFO  impl.RoleInfo (RoleInfo.java:shutdownFollowerState(110)) - 364e6842-d032-4d6d-bdb1-058b551233a8: shutdown 364e6842-d032-4d6d-bdb1-058b551233a8@group-6959A1F1550F-FollowerState
2022-08-09 13:47:36,641 [364e6842-d032-4d6d-bdb1-058b551233a8@group-6959A1F1550F-FollowerState] INFO  impl.FollowerState (FollowerState.java:run(152)) - 364e6842-d032-4d6d-bdb1-058b551233a8@group-6959A1F1550F-FollowerState was interrupted
2022-08-09 13:47:36,641 [364e6842-d032-4d6d-bdb1-058b551233a8@group-6959A1F1550F-StateMachineUpdater] INFO  ratis.ContainerStateMachine (ContainerStateMachine.java:takeSnapshot(304)) - group-6959A1F1550F: Taking a snapshot at:(t:1, i:32) file /home/runner/work/ozone/ozone/hadoop-ozone/integration-test/target/test-dir/MiniOzoneClusterImpl-e9ece791-7ef2-4ada-98fe-daefa8f21954/datanode-2/data/ratis/68692978-1a8b-45d6-ad9f-6959a1f1550f/sm/snapshot.1_32
2022-08-09 13:47:36,641 [ForkJoinPool.commonPool-worker-0] INFO  server.RaftServer$Division (RaftServerImpl.java:lambda$close$4(434)) - 51becc16-89cb-4fad-bf94-a36b935bb005@group-6959A1F1550F: shutdown
2022-08-09 13:47:36,642 [ForkJoinPool.commonPool-worker-0] INFO  util.JmxRegister (JmxRegister.java:unregister(73)) - Successfully un-registered JMX Bean with object name Ratis:service=RaftServer,group=group-6959A1F1550F,id=51becc16-89cb-4fad-bf94-a36b935bb005
2022-08-09 13:47:36,642 [ForkJoinPool.commonPool-worker-0] INFO  impl.RoleInfo (RoleInfo.java:shutdownFollowerState(110)) - 51becc16-89cb-4fad-bf94-a36b935bb005: shutdown 51becc16-89cb-4fad-bf94-a36b935bb005@group-6959A1F1550F-FollowerState
2022-08-09 13:47:36,642 [ForkJoinPool.commonPool-worker-0] INFO  impl.StateMachineUpdater (StateMachineUpdater.java:stopAndJoin(153)) - 51becc16-89cb-4fad-bf94-a36b935bb005@group-6959A1F1550F-StateMachineUpdater: set stopIndex = 32
2022-08-09 13:47:36,642 [51becc16-89cb-4fad-bf94-a36b935bb005@group-6959A1F1550F-FollowerState] INFO  impl.FollowerState (FollowerState.java:run(152)) - 51becc16-89cb-4fad-bf94-a36b935bb005@group-6959A1F1550F-FollowerState was interrupted
2022-08-09 13:47:36,642 [51becc16-89cb-4fad-bf94-a36b935bb005@group-6959A1F1550F-StateMachineUpdater] INFO  ratis.ContainerStateMachine (ContainerStateMachine.java:takeSnapshot(304)) - group-6959A1F1550F: Taking a snapshot at:(t:1, i:32) file /home/runner/work/ozone/ozone/hadoop-ozone/integration-test/target/test-dir/MiniOzoneClusterImpl-e9ece791-7ef2-4ada-98fe-daefa8f21954/datanode-1/data/ratis/68692978-1a8b-45d6-ad9f-6959a1f1550f/sm/snapshot.1_32
2022-08-09 13:47:36,643 [Listener at 127.0.0.1/44757] INFO  impl.StateMachineUpdater (StateMachineUpdater.java:stopAndJoin(153)) - 364e6842-d032-4d6d-bdb1-058b551233a8@group-6959A1F1550F-StateMachineUpdater: set stopIndex = 32
2022-08-09 13:47:36,645 [364e6842-d032-4d6d-bdb1-058b551233a8@group-6959A1F1550F-StateMachineUpdater] INFO  ratis.ContainerStateMachine (ContainerStateMachine.java:takeSnapshot(315)) - group-6959A1F1550F: Finished taking a snapshot at:(t:1, i:32) file:/home/runner/work/ozone/ozone/hadoop-ozone/integration-test/target/test-dir/MiniOzoneClusterImpl-e9ece791-7ef2-4ada-98fe-daefa8f21954/datanode-2/data/ratis/68692978-1a8b-45d6-ad9f-6959a1f1550f/sm/snapshot.1_32 took: 4 ms
2022-08-09 13:47:36,645 [364e6842-d032-4d6d-bdb1-058b551233a8@group-6959A1F1550F-StateMachineUpdater] INFO  impl.StateMachineUpdater (StateMachineUpdater.java:takeSnapshot(287)) - 364e6842-d032-4d6d-bdb1-058b551233a8@group-6959A1F1550F-StateMachineUpdater: Took a snapshot at index 32
2022-08-09 13:47:36,645 [364e6842-d032-4d6d-bdb1-058b551233a8@group-6959A1F1550F-StateMachineUpdater] INFO  impl.StateMachineUpdater (StateMachineUpdater.java:lambda$new$0(92)) - 364e6842-d032-4d6d-bdb1-058b551233a8@group-6959A1F1550F-StateMachineUpdater: snapshotIndex: updateIncreasingly -1 -> 32
2022-08-09 13:47:36,645 [51becc16-89cb-4fad-bf94-a36b935bb005@group-6959A1F1550F-StateMachineUpdater] INFO  ratis.ContainerStateMachine (ContainerStateMachine.java:takeSnapshot(315)) - group-6959A1F1550F: Finished taking a snapshot at:(t:1, i:32) file:/home/runner/work/ozone/ozone/hadoop-ozone/integration-test/target/test-dir/MiniOzoneClusterImpl-e9ece791-7ef2-4ada-98fe-daefa8f21954/datanode-1/data/ratis/68692978-1a8b-45d6-ad9f-6959a1f1550f/sm/snapshot.1_32 took: 4 ms
2022-08-09 13:47:36,646 [51becc16-89cb-4fad-bf94-a36b935bb005@group-6959A1F1550F-StateMachineUpdater] INFO  impl.StateMachineUpdater (StateMachineUpdater.java:takeSnapshot(287)) - 51becc16-89cb-4fad-bf94-a36b935bb005@group-6959A1F1550F-StateMachineUpdater: Took a snapshot at index 32
2022-08-09 13:47:36,646 [51becc16-89cb-4fad-bf94-a36b935bb005@group-6959A1F1550F-StateMachineUpdater] INFO  impl.StateMachineUpdater (StateMachineUpdater.java:lambda$new$0(92)) - 51becc16-89cb-4fad-bf94-a36b935bb005@group-6959A1F1550F-StateMachineUpdater: snapshotIndex: updateIncreasingly -1 -> 32
2022-08-09 13:47:36,647 [ForkJoinPool.commonPool-worker-0] INFO  server.RaftServer$Division (ServerState.java:close(429)) - 51becc16-89cb-4fad-bf94-a36b935bb005@group-6959A1F1550F: closes. applyIndex: 32
2022-08-09 13:47:36,647 [51becc16-89cb-4fad-bf94-a36b935bb005@group-6959A1F1550F-SegmentedRaftLogWorker] INFO  segmented.SegmentedRaftLogWorker (SegmentedRaftLogWorker.java:run(336)) - 51becc16-89cb-4fad-bf94-a36b935bb005@group-6959A1F1550F-SegmentedRaftLogWorker was interrupted, exiting. There are 0 tasks remaining in the queue.
2022-08-09 13:47:36,647 [Listener at 127.0.0.1/44757] INFO  server.RaftServer$Division (ServerState.java:close(429)) - 364e6842-d032-4d6d-bdb1-058b551233a8@group-6959A1F1550F: closes. applyIndex: 32
2022-08-09 13:47:36,648 [ForkJoinPool.commonPool-worker-0] INFO  segmented.SegmentedRaftLogWorker (SegmentedRaftLogWorker.java:close(246)) - 51becc16-89cb-4fad-bf94-a36b935bb005@group-6959A1F1550F-SegmentedRaftLogWorker close()
2022-08-09 13:47:36,648 [364e6842-d032-4d6d-bdb1-058b551233a8@group-6959A1F1550F-SegmentedRaftLogWorker] INFO  segmented.SegmentedRaftLogWorker (SegmentedRaftLogWorker.java:run(336)) - 364e6842-d032-4d6d-bdb1-058b551233a8@group-6959A1F1550F-SegmentedRaftLogWorker was interrupted, exiting. There are 0 tasks remaining in the queue.
2022-08-09 13:47:36,649 [ForkJoinPool.commonPool-worker-0] INFO  server.RaftServer$Division (RaftServerImpl.java:lambda$close$4(434)) - 51becc16-89cb-4fad-bf94-a36b935bb005@group-F2EAEC1CDDF7: shutdown
2022-08-09 13:47:36,649 [ForkJoinPool.commonPool-worker-0] INFO  util.JmxRegister (JmxRegister.java:unregister(73)) - Successfully un-registered JMX Bean with object name Ratis:service=RaftServer,group=group-F2EAEC1CDDF7,id=51becc16-89cb-4fad-bf94-a36b935bb005
2022-08-09 13:47:36,649 [ForkJoinPool.commonPool-worker-0] INFO  impl.RoleInfo (RoleInfo.java:shutdownLeaderState(93)) - 51becc16-89cb-4fad-bf94-a36b935bb005: shutdown 51becc16-89cb-4fad-bf94-a36b935bb005@group-F2EAEC1CDDF7-LeaderStateImpl
2022-08-09 13:47:36,649 [ForkJoinPool.commonPool-worker-0] INFO  impl.PendingRequests (PendingRequests.java:sendNotLeaderResponses(282)) - 51becc16-89cb-4fad-bf94-a36b935bb005@group-F2EAEC1CDDF7-PendingRequests: sendNotLeaderResponses
2022-08-09 13:47:36,650 [ForkJoinPool.commonPool-worker-0] INFO  impl.StateMachineUpdater (StateMachineUpdater.java:stopAndJoin(153)) - 51becc16-89cb-4fad-bf94-a36b935bb005@group-F2EAEC1CDDF7-StateMachineUpdater: set stopIndex = 0
2022-08-09 13:47:36,650 [51becc16-89cb-4fad-bf94-a36b935bb005@group-F2EAEC1CDDF7-StateMachineUpdater] INFO  ratis.ContainerStateMachine (ContainerStateMachine.java:takeSnapshot(304)) - group-F2EAEC1CDDF7: Taking a snapshot at:(t:1, i:0) file /home/runner/work/ozone/ozone/hadoop-ozone/integration-test/target/test-dir/MiniOzoneClusterImpl-e9ece791-7ef2-4ada-98fe-daefa8f21954/datanode-1/data/ratis/538793ac-b0be-448f-ac82-f2eaec1cddf7/sm/snapshot.1_0
2022-08-09 13:47:36,651 [51becc16-89cb-4fad-bf94-a36b935bb005@group-F2EAEC1CDDF7-StateMachineUpdater] INFO  ratis.ContainerStateMachine (ContainerStateMachine.java:takeSnapshot(315)) - group-F2EAEC1CDDF7: Finished taking a snapshot at:(t:1, i:0) file:/home/runner/work/ozone/ozone/hadoop-ozone/integration-test/target/test-dir/MiniOzoneClusterImpl-e9ece791-7ef2-4ada-98fe-daefa8f21954/datanode-1/data/ratis/538793ac-b0be-448f-ac82-f2eaec1cddf7/sm/snapshot.1_0 took: 0 ms
2022-08-09 13:47:36,651 [51becc16-89cb-4fad-bf94-a36b935bb005@group-F2EAEC1CDDF7-StateMachineUpdater] INFO  impl.StateMachineUpdater (StateMachineUpdater.java:takeSnapshot(287)) - 51becc16-89cb-4fad-bf94-a36b935bb005@group-F2EAEC1CDDF7-StateMachineUpdater: Took a snapshot at index 0
2022-08-09 13:47:36,651 [51becc16-89cb-4fad-bf94-a36b935bb005@group-F2EAEC1CDDF7-StateMachineUpdater] INFO  impl.StateMachineUpdater (StateMachineUpdater.java:lambda$new$0(92)) - 51becc16-89cb-4fad-bf94-a36b935bb005@group-F2EAEC1CDDF7-StateMachineUpdater: snapshotIndex: updateIncreasingly -1 -> 0
2022-08-09 13:47:36,651 [ForkJoinPool.commonPool-worker-0] INFO  server.RaftServer$Division (ServerState.java:close(429)) - 51becc16-89cb-4fad-bf94-a36b935bb005@group-F2EAEC1CDDF7: closes. applyIndex: 0
2022-08-09 13:47:36,652 [51becc16-89cb-4fad-bf94-a36b935bb005@group-F2EAEC1CDDF7-SegmentedRaftLogWorker] INFO  segmented.SegmentedRaftLogWorker (SegmentedRaftLogWorker.java:run(336)) - 51becc16-89cb-4fad-bf94-a36b935bb005@group-F2EAEC1CDDF7-SegmentedRaftLogWorker was interrupted, exiting. There are 0 tasks remaining in the queue.
2022-08-09 13:47:36,652 [ForkJoinPool.commonPool-worker-0] INFO  segmented.SegmentedRaftLogWorker (SegmentedRaftLogWorker.java:close(246)) - 51becc16-89cb-4fad-bf94-a36b935bb005@group-F2EAEC1CDDF7-SegmentedRaftLogWorker close()
2022-08-09 13:47:36,650 [Listener at 127.0.0.1/44757] INFO  segmented.SegmentedRaftLogWorker (SegmentedRaftLogWorker.java:close(246)) - 364e6842-d032-4d6d-bdb1-058b551233a8@group-6959A1F1550F-SegmentedRaftLogWorker close()
2022-08-09 13:47:36,653 [ForkJoinPool.commonPool-worker-0] INFO  server.GrpcService (GrpcService.java:closeImpl(269)) - 51becc16-89cb-4fad-bf94-a36b935bb005: shutdown server with port 38313 now
2022-08-09 13:47:36,664 [grpc-default-executor-1] WARN  server.GrpcServerProtocolService (LogUtils.java:warn(122)) - 51becc16-89cb-4fad-bf94-a36b935bb005: installSnapshot onError, lastRequest: 1fcb99f6-8828-4195-ae29-7192ffc3f248->51becc16-89cb-4fad-bf94-a36b935bb005#450-t1,previous=(t:1, i:31),leaderCommit=30,initializing? true,entries: size=1, first=(t:1, i:32), METADATAENTRY(c:30): org.apache.ratis.thirdparty.io.grpc.StatusRuntimeException: CANCELLED: client cancelled
2022-08-09 13:47:36,665 [Listener at 127.0.0.1/44757] INFO  server.RaftServer$Division (RaftServerImpl.java:lambda$close$4(434)) - 364e6842-d032-4d6d-bdb1-058b551233a8@group-176A32DB42C5: shutdown
2022-08-09 13:47:36,667 [ForkJoinPool.commonPool-worker-0] INFO  server.GrpcService (GrpcService.java:closeImpl(278)) - 51becc16-89cb-4fad-bf94-a36b935bb005: shutdown server with port 38313 successfully
2022-08-09 13:47:36,671 [Listener at 127.0.0.1/44757] INFO  util.JmxRegister (JmxRegister.java:unregister(73)) - Successfully un-registered JMX Bean with object name Ratis:service=RaftServer,group=group-176A32DB42C5,id=364e6842-d032-4d6d-bdb1-058b551233a8
2022-08-09 13:47:36,672 [Listener at 127.0.0.1/44757] INFO  impl.RoleInfo (RoleInfo.java:shutdownLeaderState(93)) - 364e6842-d032-4d6d-bdb1-058b551233a8: shutdown 364e6842-d032-4d6d-bdb1-058b551233a8@group-176A32DB42C5-LeaderStateImpl
2022-08-09 13:47:36,672 [Listener at 127.0.0.1/44757] INFO  impl.PendingRequests (PendingRequests.java:sendNotLeaderResponses(282)) - 364e6842-d032-4d6d-bdb1-058b551233a8@group-176A32DB42C5-PendingRequests: sendNotLeaderResponses
2022-08-09 13:47:36,672 [Listener at 127.0.0.1/44757] INFO  impl.StateMachineUpdater (StateMachineUpdater.java:stopAndJoin(153)) - 364e6842-d032-4d6d-bdb1-058b551233a8@group-176A32DB42C5-StateMachineUpdater: set stopIndex = 0
2022-08-09 13:47:36,672 [364e6842-d032-4d6d-bdb1-058b551233a8@group-176A32DB42C5-StateMachineUpdater] INFO  ratis.ContainerStateMachine (ContainerStateMachine.java:takeSnapshot(304)) - group-176A32DB42C5: Taking a snapshot at:(t:1, i:0) file /home/runner/work/ozone/ozone/hadoop-ozone/integration-test/target/test-dir/MiniOzoneClusterImpl-e9ece791-7ef2-4ada-98fe-daefa8f21954/datanode-2/data/ratis/dafa55fd-1072-4b03-a97e-176a32db42c5/sm/snapshot.1_0
2022-08-09 13:47:36,672 [org.apache.ratis.util.JvmPauseMonitor$$Lambda$615/629946574@2e3604b4] INFO  util.JvmPauseMonitor (JvmPauseMonitor.java:run(109)) - JvmPauseMonitor-51becc16-89cb-4fad-bf94-a36b935bb005: Stopped
2022-08-09 13:47:36,673 [grpc-default-executor-1] WARN  server.GrpcLogAppender (LogUtils.java:warn(122)) - 1fcb99f6-8828-4195-ae29-7192ffc3f248@group-6959A1F1550F->51becc16-89cb-4fad-bf94-a36b935bb005-AppendLogResponseHandler: Failed appendEntries: org.apache.ratis.thirdparty.io.grpc.StatusRuntimeException: CANCELLED: RST_STREAM closed stream. HTTP/2 error code: CANCEL
2022-08-09 13:47:36,674 [364e6842-d032-4d6d-bdb1-058b551233a8@group-176A32DB42C5-StateMachineUpdater] INFO  ratis.ContainerStateMachine (ContainerStateMachine.java:takeSnapshot(315)) - group-176A32DB42C5: Finished taking a snapshot at:(t:1, i:0) file:/home/runner/work/ozone/ozone/hadoop-ozone/integration-test/target/test-dir/MiniOzoneClusterImpl-e9ece791-7ef2-4ada-98fe-daefa8f21954/datanode-2/data/ratis/dafa55fd-1072-4b03-a97e-176a32db42c5/sm/snapshot.1_0 took: 1 ms
2022-08-09 13:47:36,674 [364e6842-d032-4d6d-bdb1-058b551233a8@group-176A32DB42C5-StateMachineUpdater] INFO  impl.StateMachineUpdater (StateMachineUpdater.java:takeSnapshot(287)) - 364e6842-d032-4d6d-bdb1-058b551233a8@group-176A32DB42C5-StateMachineUpdater: Took a snapshot at index 0
2022-08-09 13:47:36,674 [364e6842-d032-4d6d-bdb1-058b551233a8@group-176A32DB42C5-StateMachineUpdater] INFO  impl.StateMachineUpdater (StateMachineUpdater.java:lambda$new$0(92)) - 364e6842-d032-4d6d-bdb1-058b551233a8@group-176A32DB42C5-StateMachineUpdater: snapshotIndex: updateIncreasingly -1 -> 0
2022-08-09 13:47:36,673 [grpc-default-executor-1] INFO  leader.FollowerInfo (FollowerInfoImpl.java:lambda$new$0(48)) - 1fcb99f6-8828-4195-ae29-7192ffc3f248@group-6959A1F1550F->51becc16-89cb-4fad-bf94-a36b935bb005: nextIndex: updateUnconditionally 33 -> 32
2022-08-09 13:47:36,675 [Listener at 127.0.0.1/44757] INFO  server.RaftServer$Division (ServerState.java:close(429)) - 364e6842-d032-4d6d-bdb1-058b551233a8@group-176A32DB42C5: closes. applyIndex: 0
2022-08-09 13:47:36,675 [364e6842-d032-4d6d-bdb1-058b551233a8@group-176A32DB42C5-SegmentedRaftLogWorker] INFO  segmented.SegmentedRaftLogWorker (SegmentedRaftLogWorker.java:run(336)) - 364e6842-d032-4d6d-bdb1-058b551233a8@group-176A32DB42C5-SegmentedRaftLogWorker was interrupted, exiting. There are 0 tasks remaining in the queue.
2022-08-09 13:47:36,675 [Listener at 127.0.0.1/44757] INFO  segmented.SegmentedRaftLogWorker (SegmentedRaftLogWorker.java:close(246)) - 364e6842-d032-4d6d-bdb1-058b551233a8@group-176A32DB42C5-SegmentedRaftLogWorker close()
2022-08-09 13:47:36,676 [Listener at 127.0.0.1/44757] INFO  server.GrpcService (GrpcService.java:closeImpl(269)) - 364e6842-d032-4d6d-bdb1-058b551233a8: shutdown server with port 35261 now
2022-08-09 13:47:36,679 [grpc-default-executor-0] WARN  server.GrpcServerProtocolService (LogUtils.java:warn(122)) - 364e6842-d032-4d6d-bdb1-058b551233a8: installSnapshot onError, lastRequest: 1fcb99f6-8828-4195-ae29-7192ffc3f248->364e6842-d032-4d6d-bdb1-058b551233a8#444-t1,previous=(t:1, i:31),leaderCommit=30,initializing? true,entries: size=1, first=(t:1, i:32), METADATAENTRY(c:30): org.apache.ratis.thirdparty.io.grpc.StatusRuntimeException: CANCELLED: client cancelled
2022-08-09 13:47:36,686 [Listener at 127.0.0.1/44757] INFO  server.GrpcService (GrpcService.java:closeImpl(278)) - 364e6842-d032-4d6d-bdb1-058b551233a8: shutdown server with port 35261 successfully
2022-08-09 13:47:36,689 [grpc-default-executor-1] WARN  server.GrpcLogAppender (LogUtils.java:warn(122)) - 1fcb99f6-8828-4195-ae29-7192ffc3f248@group-6959A1F1550F->364e6842-d032-4d6d-bdb1-058b551233a8-AppendLogResponseHandler: Failed appendEntries: org.apache.ratis.thirdparty.io.grpc.StatusRuntimeException: CANCELLED: RST_STREAM closed stream. HTTP/2 error code: CANCEL
2022-08-09 13:47:36,689 [grpc-default-executor-1] INFO  leader.FollowerInfo (FollowerInfoImpl.java:lambda$new$0(48)) - 1fcb99f6-8828-4195-ae29-7192ffc3f248@group-6959A1F1550F->364e6842-d032-4d6d-bdb1-058b551233a8: nextIndex: updateUnconditionally 33 -> 32
2022-08-09 13:47:36,689 [org.apache.ratis.util.JvmPauseMonitor$$Lambda$615/629946574@49c44b89] INFO  util.JvmPauseMonitor (JvmPauseMonitor.java:run(109)) - JvmPauseMonitor-364e6842-d032-4d6d-bdb1-058b551233a8: Stopped
2022-08-09 13:47:36,697 [grpc-default-executor-3] WARN  server.GrpcLogAppender (LogUtils.java:warn(122)) - 1fcb99f6-8828-4195-ae29-7192ffc3f248@group-6959A1F1550F->364e6842-d032-4d6d-bdb1-058b551233a8-AppendLogResponseHandler: Failed appendEntries: org.apache.ratis.thirdparty.io.grpc.StatusRuntimeException: UNAVAILABLE: io exception
2022-08-09 13:47:36,698 [grpc-default-executor-3] INFO  leader.FollowerInfo (FollowerInfoImpl.java:lambda$new$0(48)) - 1fcb99f6-8828-4195-ae29-7192ffc3f248@group-6959A1F1550F->364e6842-d032-4d6d-bdb1-058b551233a8: nextIndex: updateUnconditionally 33 -> 32
2022-08-09 13:47:36,698 [grpc-default-executor-0] WARN  server.GrpcLogAppender (LogUtils.java:warn(122)) - 1fcb99f6-8828-4195-ae29-7192ffc3f248@group-6959A1F1550F->51becc16-89cb-4fad-bf94-a36b935bb005-AppendLogResponseHandler: Failed appendEntries: org.apache.ratis.thirdparty.io.grpc.StatusRuntimeException: UNAVAILABLE: io exception
2022-08-09 13:47:36,698 [grpc-default-executor-0] INFO  leader.FollowerInfo (FollowerInfoImpl.java:lambda$new$0(48)) - 1fcb99f6-8828-4195-ae29-7192ffc3f248@group-6959A1F1550F->51becc16-89cb-4fad-bf94-a36b935bb005: nextIndex: updateUnconditionally 33 -> 32
2022-08-09 13:47:38,706 [ForkJoinPool.commonPool-worker-0] INFO  utils.BackgroundService (BackgroundService.java:shutdown(141)) - Shutting down service BlockDeletingService
2022-08-09 13:47:38,706 [ForkJoinPool.commonPool-worker-0] INFO  utils.BackgroundService (BackgroundService.java:shutdown(141)) - Shutting down service StaleRecoveringContainerScrubbingService
2022-08-09 13:47:38,709 [Listener at 127.0.0.1/44757] INFO  utils.BackgroundService (BackgroundService.java:shutdown(141)) - Shutting down service BlockDeletingService
2022-08-09 13:47:38,715 [Listener at 127.0.0.1/44757] INFO  utils.BackgroundService (BackgroundService.java:shutdown(141)) - Shutting down service StaleRecoveringContainerScrubbingService
2022-08-09 13:47:39,049 [grpc-default-executor-0] WARN  server.GrpcLogAppender (LogUtils.java:warn(122)) - 1fcb99f6-8828-4195-ae29-7192ffc3f248@group-6959A1F1550F->51becc16-89cb-4fad-bf94-a36b935bb005-AppendLogResponseHandler: Failed appendEntries: org.apache.ratis.thirdparty.io.grpc.StatusRuntimeException: UNAVAILABLE: io exception
2022-08-09 13:47:39,050 [grpc-default-executor-0] INFO  leader.FollowerInfo (FollowerInfoImpl.java:lambda$new$0(48)) - 1fcb99f6-8828-4195-ae29-7192ffc3f248@group-6959A1F1550F->51becc16-89cb-4fad-bf94-a36b935bb005: nextIndex: updateUnconditionally 33 -> 32
2022-08-09 13:47:39,050 [grpc-default-executor-3] WARN  server.GrpcLogAppender (LogUtils.java:warn(122)) - 1fcb99f6-8828-4195-ae29-7192ffc3f248@group-6959A1F1550F->364e6842-d032-4d6d-bdb1-058b551233a8-AppendLogResponseHandler: Failed appendEntries: org.apache.ratis.thirdparty.io.grpc.StatusRuntimeException: UNAVAILABLE: io exception
2022-08-09 13:47:39,051 [grpc-default-executor-3] INFO  leader.FollowerInfo (FollowerInfoImpl.java:lambda$new$0(48)) - 1fcb99f6-8828-4195-ae29-7192ffc3f248@group-6959A1F1550F->364e6842-d032-4d6d-bdb1-058b551233a8: nextIndex: updateUnconditionally 33 -> 32
2022-08-09 13:47:39,427 [1fcb99f6-8828-4195-ae29-7192ffc3f248@group-2900A7781F59-FollowerState] INFO  impl.FollowerState (FollowerState.java:run(143)) - 1fcb99f6-8828-4195-ae29-7192ffc3f248@group-2900A7781F59-FollowerState: change to CANDIDATE, lastRpcElapsedTime:5197354144ns, electionTimeout:5043ms
2022-08-09 13:47:39,427 [1fcb99f6-8828-4195-ae29-7192ffc3f248@group-2900A7781F59-FollowerState] INFO  impl.RoleInfo (RoleInfo.java:shutdownFollowerState(110)) - 1fcb99f6-8828-4195-ae29-7192ffc3f248: shutdown 1fcb99f6-8828-4195-ae29-7192ffc3f248@group-2900A7781F59-FollowerState
2022-08-09 13:47:39,427 [1fcb99f6-8828-4195-ae29-7192ffc3f248@group-2900A7781F59-FollowerState] INFO  server.RaftServer$Division (RaftServerImpl.java:setRole(299)) - 1fcb99f6-8828-4195-ae29-7192ffc3f248@group-2900A7781F59: changes role from  FOLLOWER to CANDIDATE at term 3 for changeToCandidate
2022-08-09 13:47:39,427 [1fcb99f6-8828-4195-ae29-7192ffc3f248@group-2900A7781F59-FollowerState] INFO  server.RaftServerConfigKeys (ConfUtils.java:logGet(46)) - raft.server.leaderelection.pre-vote = false (custom)
2022-08-09 13:47:39,428 [1fcb99f6-8828-4195-ae29-7192ffc3f248@group-2900A7781F59-FollowerState] INFO  impl.RoleInfo (RoleInfo.java:updateAndGet(139)) - 1fcb99f6-8828-4195-ae29-7192ffc3f248: start 1fcb99f6-8828-4195-ae29-7192ffc3f248@group-2900A7781F59-LeaderElection12
2022-08-09 13:47:39,439 [1fcb99f6-8828-4195-ae29-7192ffc3f248@group-2900A7781F59-LeaderElection12] INFO  server.RaftServer$Division (ServerState.java:setLeader(287)) - 1fcb99f6-8828-4195-ae29-7192ffc3f248@group-2900A7781F59: change Leader from 364e6842-d032-4d6d-bdb1-058b551233a8 to null at term 3 for ELECTION
2022-08-09 13:47:39,443 [1fcb99f6-8828-4195-ae29-7192ffc3f248@group-2900A7781F59-LeaderElection12] INFO  impl.LeaderElection (LeaderElection.java:askForVotes(310)) - 1fcb99f6-8828-4195-ae29-7192ffc3f248@group-2900A7781F59-LeaderElection12 ELECTION round 0: submit vote requests at term 4 for 0: [1fcb99f6-8828-4195-ae29-7192ffc3f248|rpc:10.1.0.19:42165|dataStream:|priority:0, 51becc16-89cb-4fad-bf94-a36b935bb005|rpc:10.1.0.19:38313|dataStream:|priority:0, 364e6842-d032-4d6d-bdb1-058b551233a8|rpc:10.1.0.19:35261|dataStream:|priority:1], old=null
2022-08-09 13:47:39,453 [1fcb99f6-8828-4195-ae29-7192ffc3f248@group-2900A7781F59-LeaderElection12] INFO  impl.LeaderElection (LogUtils.java:infoOrTrace(137)) - 1fcb99f6-8828-4195-ae29-7192ffc3f248@group-2900A7781F59-LeaderElection12 got exception when requesting votes: java.util.concurrent.ExecutionException: org.apache.ratis.thirdparty.io.grpc.StatusRuntimeException: UNAVAILABLE: io exception
2022-08-09 13:47:39,454 [1fcb99f6-8828-4195-ae29-7192ffc3f248@group-2900A7781F59-LeaderElection12] INFO  impl.LeaderElection (LogUtils.java:infoOrTrace(137)) - 1fcb99f6-8828-4195-ae29-7192ffc3f248@group-2900A7781F59-LeaderElection12 got exception when requesting votes: java.util.concurrent.ExecutionException: org.apache.ratis.thirdparty.io.grpc.StatusRuntimeException: UNAVAILABLE: io exception
2022-08-09 13:47:39,454 [1fcb99f6-8828-4195-ae29-7192ffc3f248@group-2900A7781F59-LeaderElection12] INFO  impl.LeaderElection (LeaderElection.java:logAndReturn(90)) - 1fcb99f6-8828-4195-ae29-7192ffc3f248@group-2900A7781F59-LeaderElection12: ELECTION REJECTED received 0 response(s) and 2 exception(s):
2022-08-09 13:47:39,454 [1fcb99f6-8828-4195-ae29-7192ffc3f248@group-2900A7781F59-LeaderElection12] INFO  impl.LeaderElection (LogUtils.java:infoOrTrace(137)) -   Exception 0: java.util.concurrent.ExecutionException: org.apache.ratis.thirdparty.io.grpc.StatusRuntimeException: UNAVAILABLE: io exception
2022-08-09 13:47:39,454 [1fcb99f6-8828-4195-ae29-7192ffc3f248@group-2900A7781F59-LeaderElection12] INFO  impl.LeaderElection (LogUtils.java:infoOrTrace(137)) -   Exception 1: java.util.concurrent.ExecutionException: org.apache.ratis.thirdparty.io.grpc.StatusRuntimeException: UNAVAILABLE: io exception
2022-08-09 13:47:39,454 [1fcb99f6-8828-4195-ae29-7192ffc3f248@group-2900A7781F59-LeaderElection12] INFO  impl.LeaderElection (LeaderElection.java:askForVotes(312)) - 1fcb99f6-8828-4195-ae29-7192ffc3f248@group-2900A7781F59-LeaderElection12 ELECTION round 0: result REJECTED
2022-08-09 13:47:39,455 [1fcb99f6-8828-4195-ae29-7192ffc3f248@group-2900A7781F59-LeaderElection12] INFO  server.RaftServer$Division (RaftServerImpl.java:setRole(299)) - 1fcb99f6-8828-4195-ae29-7192ffc3f248@group-2900A7781F59: changes role from CANDIDATE to FOLLOWER at term 4 for REJECTED
2022-08-09 13:47:39,455 [1fcb99f6-8828-4195-ae29-7192ffc3f248@group-2900A7781F59-LeaderElection12] INFO  impl.RoleInfo (RoleInfo.java:shutdownLeaderElection(130)) - 1fcb99f6-8828-4195-ae29-7192ffc3f248: shutdown 1fcb99f6-8828-4195-ae29-7192ffc3f248@group-2900A7781F59-LeaderElection12
2022-08-09 13:47:39,455 [1fcb99f6-8828-4195-ae29-7192ffc3f248@group-2900A7781F59-LeaderElection12] INFO  impl.RoleInfo (RoleInfo.java:updateAndGet(139)) - 1fcb99f6-8828-4195-ae29-7192ffc3f248: start 1fcb99f6-8828-4195-ae29-7192ffc3f248@group-2900A7781F59-FollowerState
2022-08-09 13:47:40,300 [grpc-default-executor-3] WARN  server.GrpcLogAppender (LogUtils.java:warn(122)) - 1fcb99f6-8828-4195-ae29-7192ffc3f248@group-6959A1F1550F->51becc16-89cb-4fad-bf94-a36b935bb005-AppendLogResponseHandler: Failed appendEntries: org.apache.ratis.thirdparty.io.grpc.StatusRuntimeException: UNAVAILABLE: io exception
2022-08-09 13:47:40,302 [grpc-default-executor-0] WARN  server.GrpcLogAppender (LogUtils.java:warn(122)) - 1fcb99f6-8828-4195-ae29-7192ffc3f248@group-6959A1F1550F->364e6842-d032-4d6d-bdb1-058b551233a8-AppendLogResponseHandler: Failed appendEntries: org.apache.ratis.thirdparty.io.grpc.StatusRuntimeException: UNAVAILABLE: io exception
2022-08-09 13:47:40,302 [grpc-default-executor-3] INFO  leader.FollowerInfo (FollowerInfoImpl.java:lambda$new$0(48)) - 1fcb99f6-8828-4195-ae29-7192ffc3f248@group-6959A1F1550F->51becc16-89cb-4fad-bf94-a36b935bb005: nextIndex: updateUnconditionally 33 -> 32
2022-08-09 13:47:40,303 [grpc-default-executor-0] INFO  leader.FollowerInfo (FollowerInfoImpl.java:lambda$new$0(48)) - 1fcb99f6-8828-4195-ae29-7192ffc3f248@group-6959A1F1550F->364e6842-d032-4d6d-bdb1-058b551233a8: nextIndex: updateUnconditionally 33 -> 32
2022-08-09 13:47:41,550 [grpc-default-executor-0] WARN  server.GrpcLogAppender (LogUtils.java:warn(122)) - 1fcb99f6-8828-4195-ae29-7192ffc3f248@group-6959A1F1550F->51becc16-89cb-4fad-bf94-a36b935bb005-AppendLogResponseHandler: Failed appendEntries: org.apache.ratis.thirdparty.io.grpc.StatusRuntimeException: UNAVAILABLE: io exception
2022-08-09 13:47:41,551 [grpc-default-executor-0] INFO  leader.FollowerInfo (FollowerInfoImpl.java:lambda$new$0(48)) - 1fcb99f6-8828-4195-ae29-7192ffc3f248@group-6959A1F1550F->51becc16-89cb-4fad-bf94-a36b935bb005: nextIndex: updateUnconditionally 33 -> 32
2022-08-09 13:47:41,552 [grpc-default-executor-0] WARN  server.GrpcLogAppender (LogUtils.java:warn(122)) - 1fcb99f6-8828-4195-ae29-7192ffc3f248@group-6959A1F1550F->364e6842-d032-4d6d-bdb1-058b551233a8-AppendLogResponseHandler: Failed appendEntries: org.apache.ratis.thirdparty.io.grpc.StatusRuntimeException: UNAVAILABLE: io exception
2022-08-09 13:47:41,553 [grpc-default-executor-0] INFO  leader.FollowerInfo (FollowerInfoImpl.java:lambda$new$0(48)) - 1fcb99f6-8828-4195-ae29-7192ffc3f248@group-6959A1F1550F->364e6842-d032-4d6d-bdb1-058b551233a8: nextIndex: updateUnconditionally 33 -> 32
2022-08-09 13:47:41,721 [ForkJoinPool.commonPool-worker-0] INFO  statemachine.DatanodeStateMachine (DatanodeStateMachine.java:stopDaemon(580)) - Ozone container server stopped.
2022-08-09 13:47:41,726 [Listener at 127.0.0.1/44757] INFO  statemachine.DatanodeStateMachine (DatanodeStateMachine.java:stopDaemon(580)) - Ozone container server stopped.
2022-08-09 13:47:41,739 [ForkJoinPool.commonPool-worker-0] INFO  handler.ContextHandler (ContextHandler.java:doStop(1153)) - Stopped o.e.j.w.WebAppContext@4a3306c2{hddsDatanode,/,null,STOPPED}{jar:file:/home/runner/.m2/repository/org/apache/ozone/hdds-container-service/1.3.0-SNAPSHOT/hdds-container-service-1.3.0-SNAPSHOT.jar!/webapps/hddsDatanode}
2022-08-09 13:47:41,741 [Listener at 127.0.0.1/44757] INFO  handler.ContextHandler (ContextHandler.java:doStop(1153)) - Stopped o.e.j.w.WebAppContext@620fdabe{hddsDatanode,/,null,STOPPED}{jar:file:/home/runner/.m2/repository/org/apache/ozone/hdds-container-service/1.3.0-SNAPSHOT/hdds-container-service-1.3.0-SNAPSHOT.jar!/webapps/hddsDatanode}
2022-08-09 13:47:41,744 [Listener at 127.0.0.1/44757] INFO  server.AbstractConnector (AbstractConnector.java:doStop(381)) - Stopped ServerConnector@34fb622b{HTTP/1.1, (http/1.1)}{0.0.0.0:0}
2022-08-09 13:47:41,744 [Listener at 127.0.0.1/44757] INFO  server.session (HouseKeeper.java:stopScavenging(149)) - node0 Stopped scavenging
2022-08-09 13:47:41,745 [ForkJoinPool.commonPool-worker-0] INFO  server.AbstractConnector (AbstractConnector.java:doStop(381)) - Stopped ServerConnector@a0361cb{HTTP/1.1, (http/1.1)}{0.0.0.0:0}
2022-08-09 13:47:41,745 [ForkJoinPool.commonPool-worker-0] INFO  server.session (HouseKeeper.java:stopScavenging(149)) - node0 Stopped scavenging
2022-08-09 13:47:41,749 [ForkJoinPool.commonPool-worker-0] INFO  handler.ContextHandler (ContextHandler.java:doStop(1153)) - Stopped o.e.j.s.ServletContextHandler@1a02a31{static,/static,jar:file:/home/runner/.m2/repository/org/apache/ozone/hdds-container-service/1.3.0-SNAPSHOT/hdds-container-service-1.3.0-SNAPSHOT.jar!/webapps/static,STOPPED}
2022-08-09 13:47:41,751 [Listener at 127.0.0.1/44757] INFO  handler.ContextHandler (ContextHandler.java:doStop(1153)) - Stopped o.e.j.s.ServletContextHandler@1f678943{static,/static,jar:file:/home/runner/.m2/repository/org/apache/ozone/hdds-container-service/1.3.0-SNAPSHOT/hdds-container-service-1.3.0-SNAPSHOT.jar!/webapps/static,STOPPED}
2022-08-09 13:47:41,752 [Listener at 127.0.0.1/44757] INFO  handler.ContextHandler (ContextHandler.java:doStop(1153)) - Stopped o.e.j.s.ServletContextHandler@4fbc116b{logs,/logs,file:///home/runner/work/ozone/ozone/hadoop-ozone/integration-test/target/log,STOPPED}
2022-08-09 13:47:41,752 [ForkJoinPool.commonPool-worker-0] INFO  handler.ContextHandler (ContextHandler.java:doStop(1153)) - Stopped o.e.j.s.ServletContextHandler@48d46402{logs,/logs,file:///home/runner/work/ozone/ozone/hadoop-ozone/integration-test/target/log,STOPPED}
2022-08-09 13:47:42,801 [grpc-default-executor-0] WARN  server.GrpcLogAppender (LogUtils.java:warn(122)) - 1fcb99f6-8828-4195-ae29-7192ffc3f248@group-6959A1F1550F->51becc16-89cb-4fad-bf94-a36b935bb005-AppendLogResponseHandler: Failed appendEntries: org.apache.ratis.thirdparty.io.grpc.StatusRuntimeException: UNAVAILABLE: io exception
2022-08-09 13:47:42,802 [grpc-default-executor-0] INFO  leader.FollowerInfo (FollowerInfoImpl.java:lambda$new$0(48)) - 1fcb99f6-8828-4195-ae29-7192ffc3f248@group-6959A1F1550F->51becc16-89cb-4fad-bf94-a36b935bb005: nextIndex: updateUnconditionally 33 -> 32
2022-08-09 13:47:42,804 [grpc-default-executor-0] WARN  server.GrpcLogAppender (LogUtils.java:warn(122)) - 1fcb99f6-8828-4195-ae29-7192ffc3f248@group-6959A1F1550F->364e6842-d032-4d6d-bdb1-058b551233a8-AppendLogResponseHandler: Failed appendEntries: org.apache.ratis.thirdparty.io.grpc.StatusRuntimeException: UNAVAILABLE: io exception
2022-08-09 13:47:42,804 [grpc-default-executor-0] INFO  leader.FollowerInfo (FollowerInfoImpl.java:lambda$new$0(48)) - 1fcb99f6-8828-4195-ae29-7192ffc3f248@group-6959A1F1550F->364e6842-d032-4d6d-bdb1-058b551233a8: nextIndex: updateUnconditionally 33 -> 32
2022-08-09 13:47:44,052 [grpc-default-executor-0] WARN  server.GrpcLogAppender (LogUtils.java:warn(122)) - 1fcb99f6-8828-4195-ae29-7192ffc3f248@group-6959A1F1550F->51becc16-89cb-4fad-bf94-a36b935bb005-AppendLogResponseHandler: Failed appendEntries: org.apache.ratis.thirdparty.io.grpc.StatusRuntimeException: UNAVAILABLE: io exception
2022-08-09 13:47:44,053 [grpc-default-executor-0] INFO  leader.FollowerInfo (FollowerInfoImpl.java:lambda$new$0(48)) - 1fcb99f6-8828-4195-ae29-7192ffc3f248@group-6959A1F1550F->51becc16-89cb-4fad-bf94-a36b935bb005: nextIndex: updateUnconditionally 33 -> 32
2022-08-09 13:47:44,054 [grpc-default-executor-0] WARN  server.GrpcLogAppender (LogUtils.java:warn(122)) - 1fcb99f6-8828-4195-ae29-7192ffc3f248@group-6959A1F1550F->364e6842-d032-4d6d-bdb1-058b551233a8-AppendLogResponseHandler: Failed appendEntries: org.apache.ratis.thirdparty.io.grpc.StatusRuntimeException: UNAVAILABLE: io exception
2022-08-09 13:47:44,055 [grpc-default-executor-0] INFO  leader.FollowerInfo (FollowerInfoImpl.java:lambda$new$0(48)) - 1fcb99f6-8828-4195-ae29-7192ffc3f248@group-6959A1F1550F->364e6842-d032-4d6d-bdb1-058b551233a8: nextIndex: updateUnconditionally 33 -> 32
2022-08-09 13:47:44,640 [1fcb99f6-8828-4195-ae29-7192ffc3f248@group-2900A7781F59-FollowerState] INFO  impl.FollowerState (FollowerState.java:run(143)) - 1fcb99f6-8828-4195-ae29-7192ffc3f248@group-2900A7781F59-FollowerState: change to CANDIDATE, lastRpcElapsedTime:5185387655ns, electionTimeout:5168ms
2022-08-09 13:47:44,640 [1fcb99f6-8828-4195-ae29-7192ffc3f248@group-2900A7781F59-FollowerState] INFO  impl.RoleInfo (RoleInfo.java:shutdownFollowerState(110)) - 1fcb99f6-8828-4195-ae29-7192ffc3f248: shutdown 1fcb99f6-8828-4195-ae29-7192ffc3f248@group-2900A7781F59-FollowerState
2022-08-09 13:47:44,640 [1fcb99f6-8828-4195-ae29-7192ffc3f248@group-2900A7781F59-FollowerState] INFO  server.RaftServer$Division (RaftServerImpl.java:setRole(299)) - 1fcb99f6-8828-4195-ae29-7192ffc3f248@group-2900A7781F59: changes role from  FOLLOWER to CANDIDATE at term 4 for changeToCandidate
2022-08-09 13:47:44,640 [1fcb99f6-8828-4195-ae29-7192ffc3f248@group-2900A7781F59-FollowerState] INFO  server.RaftServerConfigKeys (ConfUtils.java:logGet(46)) - raft.server.leaderelection.pre-vote = false (custom)
2022-08-09 13:47:44,640 [1fcb99f6-8828-4195-ae29-7192ffc3f248@group-2900A7781F59-FollowerState] INFO  impl.RoleInfo (RoleInfo.java:updateAndGet(139)) - 1fcb99f6-8828-4195-ae29-7192ffc3f248: start 1fcb99f6-8828-4195-ae29-7192ffc3f248@group-2900A7781F59-LeaderElection13
2022-08-09 13:47:44,654 [1fcb99f6-8828-4195-ae29-7192ffc3f248@group-2900A7781F59-LeaderElection13] INFO  impl.LeaderElection (LeaderElection.java:askForVotes(310)) - 1fcb99f6-8828-4195-ae29-7192ffc3f248@group-2900A7781F59-LeaderElection13 ELECTION round 0: submit vote requests at term 5 for 0: [1fcb99f6-8828-4195-ae29-7192ffc3f248|rpc:10.1.0.19:42165|dataStream:|priority:0, 51becc16-89cb-4fad-bf94-a36b935bb005|rpc:10.1.0.19:38313|dataStream:|priority:0, 364e6842-d032-4d6d-bdb1-058b551233a8|rpc:10.1.0.19:35261|dataStream:|priority:1], old=null
2022-08-09 13:47:44,677 [1fcb99f6-8828-4195-ae29-7192ffc3f248@group-2900A7781F59-LeaderElection13] INFO  impl.LeaderElection (LogUtils.java:infoOrTrace(137)) - 1fcb99f6-8828-4195-ae29-7192ffc3f248@group-2900A7781F59-LeaderElection13 got exception when requesting votes: java.util.concurrent.ExecutionException: org.apache.ratis.thirdparty.io.grpc.StatusRuntimeException: UNAVAILABLE: io exception
2022-08-09 13:47:44,686 [1fcb99f6-8828-4195-ae29-7192ffc3f248@group-2900A7781F59-LeaderElection13] INFO  impl.LeaderElection (LogUtils.java:infoOrTrace(137)) - 1fcb99f6-8828-4195-ae29-7192ffc3f248@group-2900A7781F59-LeaderElection13 got exception when requesting votes: java.util.concurrent.ExecutionException: org.apache.ratis.thirdparty.io.grpc.StatusRuntimeException: UNAVAILABLE: io exception
2022-08-09 13:47:44,686 [1fcb99f6-8828-4195-ae29-7192ffc3f248@group-2900A7781F59-LeaderElection13] INFO  impl.LeaderElection (LeaderElection.java:logAndReturn(90)) - 1fcb99f6-8828-4195-ae29-7192ffc3f248@group-2900A7781F59-LeaderElection13: ELECTION REJECTED received 0 response(s) and 2 exception(s):
2022-08-09 13:47:44,686 [1fcb99f6-8828-4195-ae29-7192ffc3f248@group-2900A7781F59-LeaderElection13] INFO  impl.LeaderElection (LogUtils.java:infoOrTrace(137)) -   Exception 0: java.util.concurrent.ExecutionException: org.apache.ratis.thirdparty.io.grpc.StatusRuntimeException: UNAVAILABLE: io exception
2022-08-09 13:47:44,686 [1fcb99f6-8828-4195-ae29-7192ffc3f248@group-2900A7781F59-LeaderElection13] INFO  impl.LeaderElection (LogUtils.java:infoOrTrace(137)) -   Exception 1: java.util.concurrent.ExecutionException: org.apache.ratis.thirdparty.io.grpc.StatusRuntimeException: UNAVAILABLE: io exception
2022-08-09 13:47:44,686 [1fcb99f6-8828-4195-ae29-7192ffc3f248@group-2900A7781F59-LeaderElection13] INFO  impl.LeaderElection (LeaderElection.java:askForVotes(312)) - 1fcb99f6-8828-4195-ae29-7192ffc3f248@group-2900A7781F59-LeaderElection13 ELECTION round 0: result REJECTED
2022-08-09 13:47:44,687 [1fcb99f6-8828-4195-ae29-7192ffc3f248@group-2900A7781F59-LeaderElection13] INFO  server.RaftServer$Division (RaftServerImpl.java:setRole(299)) - 1fcb99f6-8828-4195-ae29-7192ffc3f248@group-2900A7781F59: changes role from CANDIDATE to FOLLOWER at term 5 for REJECTED
2022-08-09 13:47:44,689 [1fcb99f6-8828-4195-ae29-7192ffc3f248@group-2900A7781F59-LeaderElection13] INFO  impl.RoleInfo (RoleInfo.java:shutdownLeaderElection(130)) - 1fcb99f6-8828-4195-ae29-7192ffc3f248: shutdown 1fcb99f6-8828-4195-ae29-7192ffc3f248@group-2900A7781F59-LeaderElection13
2022-08-09 13:47:44,689 [1fcb99f6-8828-4195-ae29-7192ffc3f248@group-2900A7781F59-LeaderElection13] INFO  impl.RoleInfo (RoleInfo.java:updateAndGet(139)) - 1fcb99f6-8828-4195-ae29-7192ffc3f248: start 1fcb99f6-8828-4195-ae29-7192ffc3f248@group-2900A7781F59-FollowerState
2022-08-09 13:47:44,865 [1fcb99f6-8828-4195-ae29-7192ffc3f248@group-6959A1F1550F-LeaderStateImpl] WARN  server.RaftServer$Division (LeaderStateImpl.java:checkLeadership(1018)) - 1fcb99f6-8828-4195-ae29-7192ffc3f248@group-6959A1F1550F-LeaderStateImpl: Lost leadership on term: 1. Election timeout: 5200ms. In charge for: 31634ms. Conf: 0: [1fcb99f6-8828-4195-ae29-7192ffc3f248|rpc:10.1.0.19:42165|dataStream:|priority:1, 51becc16-89cb-4fad-bf94-a36b935bb005|rpc:10.1.0.19:38313|dataStream:|priority:0, 364e6842-d032-4d6d-bdb1-058b551233a8|rpc:10.1.0.19:35261|dataStream:|priority:0], old=null
2022-08-09 13:47:44,866 [1fcb99f6-8828-4195-ae29-7192ffc3f248@group-6959A1F1550F-LeaderStateImpl] WARN  server.RaftServer$Division (LeaderStateImpl.java:lambda$checkLeadership$17(1022)) - Follower 1fcb99f6-8828-4195-ae29-7192ffc3f248@group-6959A1F1550F->51becc16-89cb-4fad-bf94-a36b935bb005(c32,m32,n32, attendVote=true, lastRpcSendTime=813, lastRpcResponseTime=8318)
2022-08-09 13:47:44,866 [1fcb99f6-8828-4195-ae29-7192ffc3f248@group-6959A1F1550F-LeaderStateImpl] WARN  server.RaftServer$Division (LeaderStateImpl.java:lambda$checkLeadership$17(1022)) - Follower 1fcb99f6-8828-4195-ae29-7192ffc3f248@group-6959A1F1550F->364e6842-d032-4d6d-bdb1-058b551233a8(c32,m32,n32, attendVote=true, lastRpcSendTime=811, lastRpcResponseTime=8317)
2022-08-09 13:47:44,866 [1fcb99f6-8828-4195-ae29-7192ffc3f248@group-6959A1F1550F-LeaderStateImpl] INFO  server.RaftServer$Division (RaftServerImpl.java:setRole(299)) - 1fcb99f6-8828-4195-ae29-7192ffc3f248@group-6959A1F1550F: changes role from    LEADER to FOLLOWER at term 1 for StepDownReason:LOST_MAJORITY_HEARTBEATS
2022-08-09 13:47:44,866 [1fcb99f6-8828-4195-ae29-7192ffc3f248@group-6959A1F1550F-LeaderStateImpl] INFO  impl.RoleInfo (RoleInfo.java:shutdownLeaderState(93)) - 1fcb99f6-8828-4195-ae29-7192ffc3f248: shutdown 1fcb99f6-8828-4195-ae29-7192ffc3f248@group-6959A1F1550F-LeaderStateImpl
2022-08-09 13:47:44,866 [1fcb99f6-8828-4195-ae29-7192ffc3f248@group-6959A1F1550F->51becc16-89cb-4fad-bf94-a36b935bb005-GrpcLogAppender-LogAppenderDaemon] WARN  server.GrpcLogAppender (GrpcLogAppender.java:mayWait(171)) - 1fcb99f6-8828-4195-ae29-7192ffc3f248@group-6959A1F1550F->51becc16-89cb-4fad-bf94-a36b935bb005-GrpcLogAppender: Wait interrupted by java.lang.InterruptedException
2022-08-09 13:47:44,867 [1fcb99f6-8828-4195-ae29-7192ffc3f248@group-6959A1F1550F-LeaderStateImpl] INFO  impl.PendingRequests (PendingRequests.java:sendNotLeaderResponses(282)) - 1fcb99f6-8828-4195-ae29-7192ffc3f248@group-6959A1F1550F-PendingRequests: sendNotLeaderResponses
2022-08-09 13:47:44,867 [1fcb99f6-8828-4195-ae29-7192ffc3f248@group-6959A1F1550F-LeaderStateImpl] INFO  impl.RoleInfo (RoleInfo.java:updateAndGet(139)) - 1fcb99f6-8828-4195-ae29-7192ffc3f248: start 1fcb99f6-8828-4195-ae29-7192ffc3f248@group-6959A1F1550F-FollowerState
2022-08-09 13:47:44,867 [1fcb99f6-8828-4195-ae29-7192ffc3f248@group-6959A1F1550F->364e6842-d032-4d6d-bdb1-058b551233a8-GrpcLogAppender-LogAppenderDaemon] WARN  server.GrpcLogAppender (GrpcLogAppender.java:mayWait(171)) - 1fcb99f6-8828-4195-ae29-7192ffc3f248@group-6959A1F1550F->364e6842-d032-4d6d-bdb1-058b551233a8-GrpcLogAppender: Wait interrupted by java.lang.InterruptedException
2022-08-09 13:47:46,756 [ForkJoinPool.commonPool-worker-0] INFO  ozoneimpl.OzoneContainer (OzoneContainer.java:stop(399)) - Attempting to stop container services.
2022-08-09 13:47:46,757 [Listener at 127.0.0.1/44757] INFO  ozoneimpl.OzoneContainer (OzoneContainer.java:stop(399)) - Attempting to stop container services.
2022-08-09 13:47:46,758 [ForkJoinPool.commonPool-worker-0] INFO  server.RaftServer (RaftServerProxy.java:lambda$close$7(398)) - 1fcb99f6-8828-4195-ae29-7192ffc3f248: close
2022-08-09 13:47:46,758 [ForkJoinPool.commonPool-worker-0] INFO  server.RaftServer$Division (RaftServerImpl.java:lambda$close$4(434)) - 1fcb99f6-8828-4195-ae29-7192ffc3f248@group-2900A7781F59: shutdown
2022-08-09 13:47:46,758 [Listener at 127.0.0.1/44757] INFO  server.RaftServer (RaftServerProxy.java:lambda$close$7(398)) - 727e95bd-5db3-41ce-a16b-fd1add2220b0: close
2022-08-09 13:47:46,758 [ForkJoinPool.commonPool-worker-0] INFO  util.JmxRegister (JmxRegister.java:unregister(73)) - Successfully un-registered JMX Bean with object name Ratis:service=RaftServer,group=group-2900A7781F59,id=1fcb99f6-8828-4195-ae29-7192ffc3f248
2022-08-09 13:47:46,759 [Listener at 127.0.0.1/44757] INFO  server.RaftServer$Division (RaftServerImpl.java:lambda$close$4(434)) - 727e95bd-5db3-41ce-a16b-fd1add2220b0@group-B26B2EB59A74: shutdown
2022-08-09 13:47:46,759 [ForkJoinPool.commonPool-worker-0] INFO  impl.RoleInfo (RoleInfo.java:shutdownFollowerState(110)) - 1fcb99f6-8828-4195-ae29-7192ffc3f248: shutdown 1fcb99f6-8828-4195-ae29-7192ffc3f248@group-2900A7781F59-FollowerState
2022-08-09 13:47:46,759 [Listener at 127.0.0.1/44757] INFO  util.JmxRegister (JmxRegister.java:unregister(73)) - Successfully un-registered JMX Bean with object name Ratis:service=RaftServer,group=group-B26B2EB59A74,id=727e95bd-5db3-41ce-a16b-fd1add2220b0
2022-08-09 13:47:46,759 [Listener at 127.0.0.1/44757] INFO  impl.RoleInfo (RoleInfo.java:shutdownLeaderState(93)) - 727e95bd-5db3-41ce-a16b-fd1add2220b0: shutdown 727e95bd-5db3-41ce-a16b-fd1add2220b0@group-B26B2EB59A74-LeaderStateImpl
2022-08-09 13:47:46,759 [1fcb99f6-8828-4195-ae29-7192ffc3f248@group-2900A7781F59-StateMachineUpdater] INFO  ratis.ContainerStateMachine (ContainerStateMachine.java:takeSnapshot(304)) - group-2900A7781F59: Taking a snapshot at:(t:3, i:0) file /home/runner/work/ozone/ozone/hadoop-ozone/integration-test/target/test-dir/MiniOzoneClusterImpl-e9ece791-7ef2-4ada-98fe-daefa8f21954/datanode-0/data/ratis/fc94a62e-1af6-4805-a15b-2900a7781f59/sm/snapshot.3_0
2022-08-09 13:47:46,759 [1fcb99f6-8828-4195-ae29-7192ffc3f248@group-2900A7781F59-FollowerState] INFO  impl.FollowerState (FollowerState.java:run(152)) - 1fcb99f6-8828-4195-ae29-7192ffc3f248@group-2900A7781F59-FollowerState was interrupted
2022-08-09 13:47:46,759 [ForkJoinPool.commonPool-worker-0] INFO  impl.StateMachineUpdater (StateMachineUpdater.java:stopAndJoin(153)) - 1fcb99f6-8828-4195-ae29-7192ffc3f248@group-2900A7781F59-StateMachineUpdater: set stopIndex = 0
2022-08-09 13:47:46,759 [Listener at 127.0.0.1/44757] INFO  impl.PendingRequests (PendingRequests.java:sendNotLeaderResponses(282)) - 727e95bd-5db3-41ce-a16b-fd1add2220b0@group-B26B2EB59A74-PendingRequests: sendNotLeaderResponses
2022-08-09 13:47:46,761 [Listener at 127.0.0.1/44757] INFO  impl.StateMachineUpdater (StateMachineUpdater.java:stopAndJoin(153)) - 727e95bd-5db3-41ce-a16b-fd1add2220b0@group-B26B2EB59A74-StateMachineUpdater: set stopIndex = 0
2022-08-09 13:47:46,761 [727e95bd-5db3-41ce-a16b-fd1add2220b0@group-B26B2EB59A74-StateMachineUpdater] INFO  ratis.ContainerStateMachine (ContainerStateMachine.java:takeSnapshot(304)) - group-B26B2EB59A74: Taking a snapshot at:(t:1, i:0) file /home/runner/work/ozone/ozone/hadoop-ozone/integration-test/target/test-dir/MiniOzoneClusterImpl-e9ece791-7ef2-4ada-98fe-daefa8f21954/datanode-4/data/ratis/a47667e1-87f2-4912-8c26-b26b2eb59a74/sm/snapshot.1_0
2022-08-09 13:47:46,762 [1fcb99f6-8828-4195-ae29-7192ffc3f248@group-2900A7781F59-StateMachineUpdater] INFO  ratis.ContainerStateMachine (ContainerStateMachine.java:takeSnapshot(315)) - group-2900A7781F59: Finished taking a snapshot at:(t:3, i:0) file:/home/runner/work/ozone/ozone/hadoop-ozone/integration-test/target/test-dir/MiniOzoneClusterImpl-e9ece791-7ef2-4ada-98fe-daefa8f21954/datanode-0/data/ratis/fc94a62e-1af6-4805-a15b-2900a7781f59/sm/snapshot.3_0 took: 3 ms
2022-08-09 13:47:46,762 [1fcb99f6-8828-4195-ae29-7192ffc3f248@group-2900A7781F59-StateMachineUpdater] INFO  impl.StateMachineUpdater (StateMachineUpdater.java:takeSnapshot(287)) - 1fcb99f6-8828-4195-ae29-7192ffc3f248@group-2900A7781F59-StateMachineUpdater: Took a snapshot at index 0
2022-08-09 13:47:46,762 [1fcb99f6-8828-4195-ae29-7192ffc3f248@group-2900A7781F59-StateMachineUpdater] INFO  impl.StateMachineUpdater (StateMachineUpdater.java:lambda$new$0(92)) - 1fcb99f6-8828-4195-ae29-7192ffc3f248@group-2900A7781F59-StateMachineUpdater: snapshotIndex: updateIncreasingly -1 -> 0
2022-08-09 13:47:46,762 [ForkJoinPool.commonPool-worker-0] INFO  server.RaftServer$Division (ServerState.java:close(429)) - 1fcb99f6-8828-4195-ae29-7192ffc3f248@group-2900A7781F59: closes. applyIndex: 0
2022-08-09 13:47:46,762 [1fcb99f6-8828-4195-ae29-7192ffc3f248@group-2900A7781F59-SegmentedRaftLogWorker] INFO  segmented.SegmentedRaftLogWorker (SegmentedRaftLogWorker.java:run(336)) - 1fcb99f6-8828-4195-ae29-7192ffc3f248@group-2900A7781F59-SegmentedRaftLogWorker was interrupted, exiting. There are 0 tasks remaining in the queue.
2022-08-09 13:47:46,763 [727e95bd-5db3-41ce-a16b-fd1add2220b0@group-B26B2EB59A74-StateMachineUpdater] INFO  ratis.ContainerStateMachine (ContainerStateMachine.java:takeSnapshot(315)) - group-B26B2EB59A74: Finished taking a snapshot at:(t:1, i:0) file:/home/runner/work/ozone/ozone/hadoop-ozone/integration-test/target/test-dir/MiniOzoneClusterImpl-e9ece791-7ef2-4ada-98fe-daefa8f21954/datanode-4/data/ratis/a47667e1-87f2-4912-8c26-b26b2eb59a74/sm/snapshot.1_0 took: 2 ms
2022-08-09 13:47:46,763 [727e95bd-5db3-41ce-a16b-fd1add2220b0@group-B26B2EB59A74-StateMachineUpdater] INFO  impl.StateMachineUpdater (StateMachineUpdater.java:takeSnapshot(287)) - 727e95bd-5db3-41ce-a16b-fd1add2220b0@group-B26B2EB59A74-StateMachineUpdater: Took a snapshot at index 0
2022-08-09 13:47:46,763 [727e95bd-5db3-41ce-a16b-fd1add2220b0@group-B26B2EB59A74-StateMachineUpdater] INFO  impl.StateMachineUpdater (StateMachineUpdater.java:lambda$new$0(92)) - 727e95bd-5db3-41ce-a16b-fd1add2220b0@group-B26B2EB59A74-StateMachineUpdater: snapshotIndex: updateIncreasingly -1 -> 0
2022-08-09 13:47:46,769 [ForkJoinPool.commonPool-worker-0] INFO  segmented.SegmentedRaftLogWorker (SegmentedRaftLogWorker.java:close(246)) - 1fcb99f6-8828-4195-ae29-7192ffc3f248@group-2900A7781F59-SegmentedRaftLogWorker close()
2022-08-09 13:47:46,770 [ForkJoinPool.commonPool-worker-0] INFO  server.RaftServer$Division (RaftServerImpl.java:lambda$close$4(434)) - 1fcb99f6-8828-4195-ae29-7192ffc3f248@group-6959A1F1550F: shutdown
2022-08-09 13:47:46,770 [ForkJoinPool.commonPool-worker-0] INFO  util.JmxRegister (JmxRegister.java:unregister(73)) - Successfully un-registered JMX Bean with object name Ratis:service=RaftServer,group=group-6959A1F1550F,id=1fcb99f6-8828-4195-ae29-7192ffc3f248
2022-08-09 13:47:46,770 [ForkJoinPool.commonPool-worker-0] INFO  impl.RoleInfo (RoleInfo.java:shutdownFollowerState(110)) - 1fcb99f6-8828-4195-ae29-7192ffc3f248: shutdown 1fcb99f6-8828-4195-ae29-7192ffc3f248@group-6959A1F1550F-FollowerState
2022-08-09 13:47:46,770 [ForkJoinPool.commonPool-worker-0] INFO  impl.StateMachineUpdater (StateMachineUpdater.java:stopAndJoin(153)) - 1fcb99f6-8828-4195-ae29-7192ffc3f248@group-6959A1F1550F-StateMachineUpdater: set stopIndex = 32
2022-08-09 13:47:46,770 [1fcb99f6-8828-4195-ae29-7192ffc3f248@group-6959A1F1550F-FollowerState] INFO  impl.FollowerState (FollowerState.java:run(152)) - 1fcb99f6-8828-4195-ae29-7192ffc3f248@group-6959A1F1550F-FollowerState was interrupted
2022-08-09 13:47:46,771 [1fcb99f6-8828-4195-ae29-7192ffc3f248@group-6959A1F1550F-StateMachineUpdater] INFO  ratis.ContainerStateMachine (ContainerStateMachine.java:takeSnapshot(304)) - group-6959A1F1550F: Taking a snapshot at:(t:1, i:32) file /home/runner/work/ozone/ozone/hadoop-ozone/integration-test/target/test-dir/MiniOzoneClusterImpl-e9ece791-7ef2-4ada-98fe-daefa8f21954/datanode-0/data/ratis/68692978-1a8b-45d6-ad9f-6959a1f1550f/sm/snapshot.1_32
2022-08-09 13:47:46,771 [Listener at 127.0.0.1/44757] INFO  server.RaftServer$Division (ServerState.java:close(429)) - 727e95bd-5db3-41ce-a16b-fd1add2220b0@group-B26B2EB59A74: closes. applyIndex: 0
2022-08-09 13:47:46,771 [727e95bd-5db3-41ce-a16b-fd1add2220b0@group-B26B2EB59A74-SegmentedRaftLogWorker] INFO  segmented.SegmentedRaftLogWorker (SegmentedRaftLogWorker.java:run(336)) - 727e95bd-5db3-41ce-a16b-fd1add2220b0@group-B26B2EB59A74-SegmentedRaftLogWorker was interrupted, exiting. There are 0 tasks remaining in the queue.
2022-08-09 13:47:46,772 [Listener at 127.0.0.1/44757] INFO  segmented.SegmentedRaftLogWorker (SegmentedRaftLogWorker.java:close(246)) - 727e95bd-5db3-41ce-a16b-fd1add2220b0@group-B26B2EB59A74-SegmentedRaftLogWorker close()
2022-08-09 13:47:46,773 [Listener at 127.0.0.1/44757] INFO  server.GrpcService (GrpcService.java:closeImpl(269)) - 727e95bd-5db3-41ce-a16b-fd1add2220b0: shutdown server with port 40819 now
2022-08-09 13:47:46,774 [1fcb99f6-8828-4195-ae29-7192ffc3f248@group-6959A1F1550F-StateMachineUpdater] INFO  ratis.ContainerStateMachine (ContainerStateMachine.java:takeSnapshot(315)) - group-6959A1F1550F: Finished taking a snapshot at:(t:1, i:32) file:/home/runner/work/ozone/ozone/hadoop-ozone/integration-test/target/test-dir/MiniOzoneClusterImpl-e9ece791-7ef2-4ada-98fe-daefa8f21954/datanode-0/data/ratis/68692978-1a8b-45d6-ad9f-6959a1f1550f/sm/snapshot.1_32 took: 3 ms
2022-08-09 13:47:46,774 [1fcb99f6-8828-4195-ae29-7192ffc3f248@group-6959A1F1550F-StateMachineUpdater] INFO  impl.StateMachineUpdater (StateMachineUpdater.java:takeSnapshot(287)) - 1fcb99f6-8828-4195-ae29-7192ffc3f248@group-6959A1F1550F-StateMachineUpdater: Took a snapshot at index 32
2022-08-09 13:47:46,774 [1fcb99f6-8828-4195-ae29-7192ffc3f248@group-6959A1F1550F-StateMachineUpdater] INFO  impl.StateMachineUpdater (StateMachineUpdater.java:lambda$new$0(92)) - 1fcb99f6-8828-4195-ae29-7192ffc3f248@group-6959A1F1550F-StateMachineUpdater: snapshotIndex: updateIncreasingly -1 -> 32
2022-08-09 13:47:46,774 [ForkJoinPool.commonPool-worker-0] INFO  server.RaftServer$Division (ServerState.java:close(429)) - 1fcb99f6-8828-4195-ae29-7192ffc3f248@group-6959A1F1550F: closes. applyIndex: 32
2022-08-09 13:47:46,775 [1fcb99f6-8828-4195-ae29-7192ffc3f248@group-6959A1F1550F-SegmentedRaftLogWorker] INFO  segmented.SegmentedRaftLogWorker (SegmentedRaftLogWorker.java:run(336)) - 1fcb99f6-8828-4195-ae29-7192ffc3f248@group-6959A1F1550F-SegmentedRaftLogWorker was interrupted, exiting. There are 0 tasks remaining in the queue.
2022-08-09 13:47:46,775 [ForkJoinPool.commonPool-worker-0] INFO  segmented.SegmentedRaftLogWorker (SegmentedRaftLogWorker.java:close(246)) - 1fcb99f6-8828-4195-ae29-7192ffc3f248@group-6959A1F1550F-SegmentedRaftLogWorker close()
2022-08-09 13:47:46,776 [Listener at 127.0.0.1/44757] INFO  server.GrpcService (GrpcService.java:closeImpl(278)) - 727e95bd-5db3-41ce-a16b-fd1add2220b0: shutdown server with port 40819 successfully
2022-08-09 13:47:46,785 [org.apache.ratis.util.JvmPauseMonitor$$Lambda$615/629946574@7a4ca825] INFO  util.JvmPauseMonitor (JvmPauseMonitor.java:run(109)) - JvmPauseMonitor-727e95bd-5db3-41ce-a16b-fd1add2220b0: Stopped
2022-08-09 13:47:46,785 [ForkJoinPool.commonPool-worker-0] INFO  server.RaftServer$Division (RaftServerImpl.java:lambda$close$4(434)) - 1fcb99f6-8828-4195-ae29-7192ffc3f248@group-15E9BBC71D45: shutdown
2022-08-09 13:47:46,785 [ForkJoinPool.commonPool-worker-0] INFO  util.JmxRegister (JmxRegister.java:unregister(73)) - Successfully un-registered JMX Bean with object name Ratis:service=RaftServer,group=group-15E9BBC71D45,id=1fcb99f6-8828-4195-ae29-7192ffc3f248
2022-08-09 13:47:46,785 [ForkJoinPool.commonPool-worker-0] INFO  impl.RoleInfo (RoleInfo.java:shutdownLeaderState(93)) - 1fcb99f6-8828-4195-ae29-7192ffc3f248: shutdown 1fcb99f6-8828-4195-ae29-7192ffc3f248@group-15E9BBC71D45-LeaderStateImpl
2022-08-09 13:47:46,785 [ForkJoinPool.commonPool-worker-0] INFO  impl.PendingRequests (PendingRequests.java:sendNotLeaderResponses(282)) - 1fcb99f6-8828-4195-ae29-7192ffc3f248@group-15E9BBC71D45-PendingRequests: sendNotLeaderResponses
2022-08-09 13:47:46,786 [ForkJoinPool.commonPool-worker-0] INFO  impl.StateMachineUpdater (StateMachineUpdater.java:stopAndJoin(153)) - 1fcb99f6-8828-4195-ae29-7192ffc3f248@group-15E9BBC71D45-StateMachineUpdater: set stopIndex = 0
2022-08-09 13:47:46,789 [1fcb99f6-8828-4195-ae29-7192ffc3f248@group-15E9BBC71D45-StateMachineUpdater] INFO  ratis.ContainerStateMachine (ContainerStateMachine.java:takeSnapshot(304)) - group-15E9BBC71D45: Taking a snapshot at:(t:1, i:0) file /home/runner/work/ozone/ozone/hadoop-ozone/integration-test/target/test-dir/MiniOzoneClusterImpl-e9ece791-7ef2-4ada-98fe-daefa8f21954/datanode-0/data/ratis/30b0a17c-875b-4729-85a9-15e9bbc71d45/sm/snapshot.1_0
2022-08-09 13:47:46,790 [1fcb99f6-8828-4195-ae29-7192ffc3f248@group-15E9BBC71D45-StateMachineUpdater] INFO  ratis.ContainerStateMachine (ContainerStateMachine.java:takeSnapshot(315)) - group-15E9BBC71D45: Finished taking a snapshot at:(t:1, i:0) file:/home/runner/work/ozone/ozone/hadoop-ozone/integration-test/target/test-dir/MiniOzoneClusterImpl-e9ece791-7ef2-4ada-98fe-daefa8f21954/datanode-0/data/ratis/30b0a17c-875b-4729-85a9-15e9bbc71d45/sm/snapshot.1_0 took: 1 ms
2022-08-09 13:47:46,790 [1fcb99f6-8828-4195-ae29-7192ffc3f248@group-15E9BBC71D45-StateMachineUpdater] INFO  impl.StateMachineUpdater (StateMachineUpdater.java:takeSnapshot(287)) - 1fcb99f6-8828-4195-ae29-7192ffc3f248@group-15E9BBC71D45-StateMachineUpdater: Took a snapshot at index 0
2022-08-09 13:47:46,790 [1fcb99f6-8828-4195-ae29-7192ffc3f248@group-15E9BBC71D45-StateMachineUpdater] INFO  impl.StateMachineUpdater (StateMachineUpdater.java:lambda$new$0(92)) - 1fcb99f6-8828-4195-ae29-7192ffc3f248@group-15E9BBC71D45-StateMachineUpdater: snapshotIndex: updateIncreasingly -1 -> 0
2022-08-09 13:47:46,790 [ForkJoinPool.commonPool-worker-0] INFO  server.RaftServer$Division (ServerState.java:close(429)) - 1fcb99f6-8828-4195-ae29-7192ffc3f248@group-15E9BBC71D45: closes. applyIndex: 0
2022-08-09 13:47:46,790 [1fcb99f6-8828-4195-ae29-7192ffc3f248@group-15E9BBC71D45-SegmentedRaftLogWorker] INFO  segmented.SegmentedRaftLogWorker (SegmentedRaftLogWorker.java:run(336)) - 1fcb99f6-8828-4195-ae29-7192ffc3f248@group-15E9BBC71D45-SegmentedRaftLogWorker was interrupted, exiting. There are 0 tasks remaining in the queue.
2022-08-09 13:47:46,790 [ForkJoinPool.commonPool-worker-0] INFO  segmented.SegmentedRaftLogWorker (SegmentedRaftLogWorker.java:close(246)) - 1fcb99f6-8828-4195-ae29-7192ffc3f248@group-15E9BBC71D45-SegmentedRaftLogWorker close()
2022-08-09 13:47:46,791 [ForkJoinPool.commonPool-worker-0] INFO  server.GrpcService (GrpcService.java:closeImpl(269)) - 1fcb99f6-8828-4195-ae29-7192ffc3f248: shutdown server with port 42165 now
2022-08-09 13:47:46,792 [ForkJoinPool.commonPool-worker-0] INFO  server.GrpcService (GrpcService.java:closeImpl(278)) - 1fcb99f6-8828-4195-ae29-7192ffc3f248: shutdown server with port 42165 successfully
2022-08-09 13:47:46,793 [org.apache.ratis.util.JvmPauseMonitor$$Lambda$615/629946574@40094e37] INFO  util.JvmPauseMonitor (JvmPauseMonitor.java:run(109)) - JvmPauseMonitor-1fcb99f6-8828-4195-ae29-7192ffc3f248: Stopped
2022-08-09 13:47:48,805 [Listener at 127.0.0.1/44757] INFO  utils.BackgroundService (BackgroundService.java:shutdown(141)) - Shutting down service BlockDeletingService
2022-08-09 13:47:48,806 [Listener at 127.0.0.1/44757] INFO  utils.BackgroundService (BackgroundService.java:shutdown(141)) - Shutting down service StaleRecoveringContainerScrubbingService
2022-08-09 13:47:48,830 [ForkJoinPool.commonPool-worker-0] INFO  utils.BackgroundService (BackgroundService.java:shutdown(141)) - Shutting down service BlockDeletingService
2022-08-09 13:47:48,831 [ForkJoinPool.commonPool-worker-0] INFO  utils.BackgroundService (BackgroundService.java:shutdown(141)) - Shutting down service StaleRecoveringContainerScrubbingService
2022-08-09 13:47:51,816 [Listener at 127.0.0.1/44757] INFO  statemachine.DatanodeStateMachine (DatanodeStateMachine.java:stopDaemon(580)) - Ozone container server stopped.
2022-08-09 13:47:51,832 [Listener at 127.0.0.1/44757] INFO  handler.ContextHandler (ContextHandler.java:doStop(1153)) - Stopped o.e.j.w.WebAppContext@23bb2879{hddsDatanode,/,null,STOPPED}{jar:file:/home/runner/.m2/repository/org/apache/ozone/hdds-container-service/1.3.0-SNAPSHOT/hdds-container-service-1.3.0-SNAPSHOT.jar!/webapps/hddsDatanode}
2022-08-09 13:47:51,832 [ForkJoinPool.commonPool-worker-0] INFO  statemachine.DatanodeStateMachine (DatanodeStateMachine.java:stopDaemon(580)) - Ozone container server stopped.
2022-08-09 13:47:51,843 [Listener at 127.0.0.1/44757] INFO  server.AbstractConnector (AbstractConnector.java:doStop(381)) - Stopped ServerConnector@3360b45f{HTTP/1.1, (http/1.1)}{0.0.0.0:0}
2022-08-09 13:47:51,843 [Listener at 127.0.0.1/44757] INFO  server.session (HouseKeeper.java:stopScavenging(149)) - node0 Stopped scavenging
2022-08-09 13:47:51,844 [Listener at 127.0.0.1/44757] INFO  handler.ContextHandler (ContextHandler.java:doStop(1153)) - Stopped o.e.j.s.ServletContextHandler@4066ac40{static,/static,jar:file:/home/runner/.m2/repository/org/apache/ozone/hdds-container-service/1.3.0-SNAPSHOT/hdds-container-service-1.3.0-SNAPSHOT.jar!/webapps/static,STOPPED}
2022-08-09 13:47:51,844 [Listener at 127.0.0.1/44757] INFO  handler.ContextHandler (ContextHandler.java:doStop(1153)) - Stopped o.e.j.s.ServletContextHandler@28059ada{logs,/logs,file:///home/runner/work/ozone/ozone/hadoop-ozone/integration-test/target/log,STOPPED}
2022-08-09 13:47:51,855 [ForkJoinPool.commonPool-worker-0] INFO  handler.ContextHandler (ContextHandler.java:doStop(1153)) - Stopped o.e.j.w.WebAppContext@159eb5f4{hddsDatanode,/,null,STOPPED}{jar:file:/home/runner/.m2/repository/org/apache/ozone/hdds-container-service/1.3.0-SNAPSHOT/hdds-container-service-1.3.0-SNAPSHOT.jar!/webapps/hddsDatanode}
2022-08-09 13:47:51,856 [ForkJoinPool.commonPool-worker-0] INFO  server.AbstractConnector (AbstractConnector.java:doStop(381)) - Stopped ServerConnector@43ddde24{HTTP/1.1, (http/1.1)}{0.0.0.0:0}
2022-08-09 13:47:51,861 [ForkJoinPool.commonPool-worker-0] INFO  server.session (HouseKeeper.java:stopScavenging(149)) - node0 Stopped scavenging
2022-08-09 13:47:51,862 [ForkJoinPool.commonPool-worker-0] INFO  handler.ContextHandler (ContextHandler.java:doStop(1153)) - Stopped o.e.j.s.ServletContextHandler@5f3ecc1c{static,/static,jar:file:/home/runner/.m2/repository/org/apache/ozone/hdds-container-service/1.3.0-SNAPSHOT/hdds-container-service-1.3.0-SNAPSHOT.jar!/webapps/static,STOPPED}
2022-08-09 13:47:51,865 [ForkJoinPool.commonPool-worker-0] INFO  handler.ContextHandler (ContextHandler.java:doStop(1153)) - Stopped o.e.j.s.ServletContextHandler@75d80b46{logs,/logs,file:///home/runner/work/ozone/ozone/hadoop-ozone/integration-test/target/log,STOPPED}
2022-08-09 13:47:56,349 [UnderReplicatedQueueThreadThread] INFO  replication.UnderReplicatedProcessor (UnderReplicatedProcessor.java:processAll(85)) - Processed 0 under replicated containers, failed processing 0
2022-08-09 13:47:56,350 [OverReplicatedQueueThreadThread] INFO  replication.OverReplicatedProcessor (OverReplicatedProcessor.java:processAll(83)) - Processed 0 over replicated containers, failed processing 0
2022-08-09 13:47:56,857 [Listener at 127.0.0.1/44757] INFO  ozoneimpl.OzoneContainer (OzoneContainer.java:stop(399)) - Attempting to stop container services.
2022-08-09 13:47:56,859 [Listener at 127.0.0.1/44757] INFO  server.RaftServer (RaftServerProxy.java:lambda$close$7(398)) - 3ead37bf-6f08-4c7f-839f-0a9366388f78: close
2022-08-09 13:47:56,859 [Listener at 127.0.0.1/44757] INFO  server.RaftServer$Division (RaftServerImpl.java:lambda$close$4(434)) - 3ead37bf-6f08-4c7f-839f-0a9366388f78@group-F124221C4D55: shutdown
2022-08-09 13:47:56,859 [Listener at 127.0.0.1/44757] INFO  util.JmxRegister (JmxRegister.java:unregister(73)) - Successfully un-registered JMX Bean with object name Ratis:service=RaftServer,group=group-F124221C4D55,id=3ead37bf-6f08-4c7f-839f-0a9366388f78
2022-08-09 13:47:56,859 [Listener at 127.0.0.1/44757] INFO  impl.RoleInfo (RoleInfo.java:shutdownLeaderState(93)) - 3ead37bf-6f08-4c7f-839f-0a9366388f78: shutdown 3ead37bf-6f08-4c7f-839f-0a9366388f78@group-F124221C4D55-LeaderStateImpl
2022-08-09 13:47:56,859 [Listener at 127.0.0.1/44757] INFO  impl.PendingRequests (PendingRequests.java:sendNotLeaderResponses(282)) - 3ead37bf-6f08-4c7f-839f-0a9366388f78@group-F124221C4D55-PendingRequests: sendNotLeaderResponses
2022-08-09 13:47:56,860 [3ead37bf-6f08-4c7f-839f-0a9366388f78@group-F124221C4D55-StateMachineUpdater] INFO  ratis.ContainerStateMachine (ContainerStateMachine.java:takeSnapshot(304)) - group-F124221C4D55: Taking a snapshot at:(t:1, i:0) file /home/runner/work/ozone/ozone/hadoop-ozone/integration-test/target/test-dir/MiniOzoneClusterImpl-e9ece791-7ef2-4ada-98fe-daefa8f21954/datanode-3/data/ratis/51c0efe8-8a36-4e8f-a9d0-f124221c4d55/sm/snapshot.1_0
2022-08-09 13:47:56,861 [Listener at 127.0.0.1/44757] INFO  impl.StateMachineUpdater (StateMachineUpdater.java:stopAndJoin(153)) - 3ead37bf-6f08-4c7f-839f-0a9366388f78@group-F124221C4D55-StateMachineUpdater: set stopIndex = 0
2022-08-09 13:47:56,868 [3ead37bf-6f08-4c7f-839f-0a9366388f78@group-F124221C4D55-StateMachineUpdater] INFO  ratis.ContainerStateMachine (ContainerStateMachine.java:takeSnapshot(315)) - group-F124221C4D55: Finished taking a snapshot at:(t:1, i:0) file:/home/runner/work/ozone/ozone/hadoop-ozone/integration-test/target/test-dir/MiniOzoneClusterImpl-e9ece791-7ef2-4ada-98fe-daefa8f21954/datanode-3/data/ratis/51c0efe8-8a36-4e8f-a9d0-f124221c4d55/sm/snapshot.1_0 took: 8 ms
2022-08-09 13:47:56,868 [3ead37bf-6f08-4c7f-839f-0a9366388f78@group-F124221C4D55-StateMachineUpdater] INFO  impl.StateMachineUpdater (StateMachineUpdater.java:takeSnapshot(287)) - 3ead37bf-6f08-4c7f-839f-0a9366388f78@group-F124221C4D55-StateMachineUpdater: Took a snapshot at index 0
2022-08-09 13:47:56,868 [3ead37bf-6f08-4c7f-839f-0a9366388f78@group-F124221C4D55-StateMachineUpdater] INFO  impl.StateMachineUpdater (StateMachineUpdater.java:lambda$new$0(92)) - 3ead37bf-6f08-4c7f-839f-0a9366388f78@group-F124221C4D55-StateMachineUpdater: snapshotIndex: updateIncreasingly -1 -> 0
2022-08-09 13:47:56,870 [Listener at 127.0.0.1/44757] INFO  server.RaftServer$Division (ServerState.java:close(429)) - 3ead37bf-6f08-4c7f-839f-0a9366388f78@group-F124221C4D55: closes. applyIndex: 0
2022-08-09 13:47:56,870 [3ead37bf-6f08-4c7f-839f-0a9366388f78@group-F124221C4D55-SegmentedRaftLogWorker] INFO  segmented.SegmentedRaftLogWorker (SegmentedRaftLogWorker.java:run(336)) - 3ead37bf-6f08-4c7f-839f-0a9366388f78@group-F124221C4D55-SegmentedRaftLogWorker was interrupted, exiting. There are 0 tasks remaining in the queue.
2022-08-09 13:47:56,870 [Listener at 127.0.0.1/44757] INFO  segmented.SegmentedRaftLogWorker (SegmentedRaftLogWorker.java:close(246)) - 3ead37bf-6f08-4c7f-839f-0a9366388f78@group-F124221C4D55-SegmentedRaftLogWorker close()
2022-08-09 13:47:56,871 [Listener at 127.0.0.1/44757] INFO  server.GrpcService (GrpcService.java:closeImpl(269)) - 3ead37bf-6f08-4c7f-839f-0a9366388f78: shutdown server with port 46861 now
2022-08-09 13:47:56,875 [Listener at 127.0.0.1/44757] INFO  server.GrpcService (GrpcService.java:closeImpl(278)) - 3ead37bf-6f08-4c7f-839f-0a9366388f78: shutdown server with port 46861 successfully
2022-08-09 13:47:56,875 [org.apache.ratis.util.JvmPauseMonitor$$Lambda$615/629946574@471f7eeb] INFO  util.JvmPauseMonitor (JvmPauseMonitor.java:run(109)) - JvmPauseMonitor-3ead37bf-6f08-4c7f-839f-0a9366388f78: Stopped
2022-08-09 13:47:58,889 [Listener at 127.0.0.1/44757] INFO  utils.BackgroundService (BackgroundService.java:shutdown(141)) - Shutting down service BlockDeletingService
2022-08-09 13:47:58,890 [Listener at 127.0.0.1/44757] INFO  utils.BackgroundService (BackgroundService.java:shutdown(141)) - Shutting down service StaleRecoveringContainerScrubbingService
2022-08-09 13:48:01,893 [Listener at 127.0.0.1/44757] INFO  statemachine.DatanodeStateMachine (DatanodeStateMachine.java:stopDaemon(580)) - Ozone container server stopped.
2022-08-09 13:48:01,901 [Listener at 127.0.0.1/44757] INFO  handler.ContextHandler (ContextHandler.java:doStop(1153)) - Stopped o.e.j.w.WebAppContext@100dccd6{hddsDatanode,/,null,STOPPED}{jar:file:/home/runner/.m2/repository/org/apache/ozone/hdds-container-service/1.3.0-SNAPSHOT/hdds-container-service-1.3.0-SNAPSHOT.jar!/webapps/hddsDatanode}
2022-08-09 13:48:01,904 [Listener at 127.0.0.1/44757] INFO  server.AbstractConnector (AbstractConnector.java:doStop(381)) - Stopped ServerConnector@2fdcba46{HTTP/1.1, (http/1.1)}{0.0.0.0:0}
2022-08-09 13:48:01,904 [Listener at 127.0.0.1/44757] INFO  server.session (HouseKeeper.java:stopScavenging(149)) - node0 Stopped scavenging
2022-08-09 13:48:01,905 [Listener at 127.0.0.1/44757] INFO  handler.ContextHandler (ContextHandler.java:doStop(1153)) - Stopped o.e.j.s.ServletContextHandler@70573f5f{static,/static,jar:file:/home/runner/.m2/repository/org/apache/ozone/hdds-container-service/1.3.0-SNAPSHOT/hdds-container-service-1.3.0-SNAPSHOT.jar!/webapps/static,STOPPED}
2022-08-09 13:48:01,906 [Listener at 127.0.0.1/44757] INFO  handler.ContextHandler (ContextHandler.java:doStop(1153)) - Stopped o.e.j.s.ServletContextHandler@72b475c7{logs,/logs,file:///home/runner/work/ozone/ozone/hadoop-ozone/integration-test/target/log,STOPPED}
2022-08-09 13:48:01,909 [Listener at 127.0.0.1/44757] INFO  ozone.MiniOzoneClusterImpl (MiniOzoneClusterImpl.java:stopSCM(537)) - Stopping the StorageContainerManager
2022-08-09 13:48:01,910 [Listener at 127.0.0.1/44757] INFO  server.StorageContainerManager (StorageContainerManager.java:stop(1552)) - Container Balancer is not running.
2022-08-09 13:48:01,910 [Listener at 127.0.0.1/44757] INFO  server.StorageContainerManager (StorageContainerManager.java:stop(1559)) - Stopping Replication Manager Service.
2022-08-09 13:48:01,910 [Listener at 127.0.0.1/44757] INFO  replication.ReplicationManager (ReplicationManager.java:stop(233)) - Stopping Replication Monitor Thread.
2022-08-09 13:48:01,913 [Listener at 127.0.0.1/44757] INFO  server.StorageContainerManager (StorageContainerManager.java:stop(1566)) - Stopping the Datanode Admin Monitor.
2022-08-09 13:48:01,913 [ReplicationMonitor] INFO  replication.ReplicationManager (ReplicationManager.java:run(466)) - Replication Monitor Thread is stopped
2022-08-09 13:48:01,915 [Listener at 127.0.0.1/44757] INFO  server.StorageContainerManager (StorageContainerManager.java:stop(1573)) - Stopping Lease Manager of the command watchers
2022-08-09 13:48:01,915 [Listener at 127.0.0.1/44757] INFO  server.StorageContainerManager (StorageContainerManager.java:stop(1580)) - Stopping datanode service RPC server
2022-08-09 13:48:01,915 [Listener at 127.0.0.1/44757] INFO  server.SCMDatanodeProtocolServer (SCMDatanodeProtocolServer.java:stop(414)) - Stopping the RPC server for DataNodes
2022-08-09 13:48:01,915 [Listener at 127.0.0.1/44757] INFO  ipc.Server (Server.java:stop(3414)) - Stopping server on 43751
2022-08-09 13:48:01,920 [IPC Server listener on 0] INFO  ipc.Server (Server.java:run(1376)) - Stopping IPC Server listener on 0
2022-08-09 13:48:01,920 [IPC Server Responder] INFO  ipc.Server (Server.java:run(1512)) - Stopping IPC Server Responder
2022-08-09 13:48:01,977 [SCM Heartbeat Processing Thread - 0] WARN  node.NodeStateManager (NodeStateManager.java:scheduleNextHealthCheck(870)) - Current Thread is interrupted, shutting down HB processing thread for Node Manager.
2022-08-09 13:48:01,977 [Listener at 127.0.0.1/44757] INFO  server.StorageContainerManager (StorageContainerManager.java:stop(1588)) - Stopping block service RPC server
2022-08-09 13:48:01,977 [Listener at 127.0.0.1/44757] INFO  server.SCMBlockProtocolServer (SCMBlockProtocolServer.java:stop(161)) - Stopping the RPC server for Block Protocol
2022-08-09 13:48:01,977 [Listener at 127.0.0.1/44757] INFO  ipc.Server (Server.java:stop(3414)) - Stopping server on 38055
2022-08-09 13:48:01,979 [IPC Server listener on 0] INFO  ipc.Server (Server.java:run(1376)) - Stopping IPC Server listener on 0
2022-08-09 13:48:01,980 [Listener at 127.0.0.1/44757] INFO  server.StorageContainerManager (StorageContainerManager.java:stop(1595)) - Stopping the StorageContainerLocationProtocol RPC server
2022-08-09 13:48:01,980 [Listener at 127.0.0.1/44757] INFO  server.SCMClientProtocolServer (SCMClientProtocolServer.java:stop(179)) - Stopping the RPC server for Client Protocol
2022-08-09 13:48:01,980 [Listener at 127.0.0.1/44757] INFO  ipc.Server (Server.java:stop(3414)) - Stopping server on 44479
2022-08-09 13:48:01,981 [IPC Server Responder] INFO  ipc.Server (Server.java:run(1512)) - Stopping IPC Server Responder
2022-08-09 13:48:01,982 [IPC Server listener on 0] INFO  ipc.Server (Server.java:run(1376)) - Stopping IPC Server listener on 0
2022-08-09 13:48:01,982 [Listener at 127.0.0.1/44757] INFO  server.StorageContainerManager (StorageContainerManager.java:stop(1602)) - Stopping Storage Container Manager HTTP server.
2022-08-09 13:48:01,982 [Listener at 127.0.0.1/44757] INFO  handler.ContextHandler (ContextHandler.java:doStop(1153)) - Stopped o.e.j.w.WebAppContext@27ea552d{scm,/,null,STOPPED}{file:/home/runner/work/ozone/ozone/hadoop-ozone/integration-test/target/test-classes/webapps/scm}
2022-08-09 13:48:01,983 [Listener at 127.0.0.1/44757] INFO  server.AbstractConnector (AbstractConnector.java:doStop(381)) - Stopped ServerConnector@50fe5df2{HTTP/1.1, (http/1.1)}{0.0.0.0:0}
2022-08-09 13:48:01,983 [Listener at 127.0.0.1/44757] INFO  server.session (HouseKeeper.java:stopScavenging(149)) - node0 Stopped scavenging
2022-08-09 13:48:01,983 [IPC Server Responder] INFO  ipc.Server (Server.java:run(1512)) - Stopping IPC Server Responder
2022-08-09 13:48:01,983 [Listener at 127.0.0.1/44757] INFO  handler.ContextHandler (ContextHandler.java:doStop(1153)) - Stopped o.e.j.s.ServletContextHandler@441762b8{static,/static,file:///home/runner/work/ozone/ozone/hadoop-ozone/integration-test/target/test-classes/webapps/static,STOPPED}
2022-08-09 13:48:01,984 [Listener at 127.0.0.1/44757] INFO  handler.ContextHandler (ContextHandler.java:doStop(1153)) - Stopped o.e.j.s.ServletContextHandler@75f446df{logs,/logs,file:///home/runner/work/ozone/ozone/hadoop-ozone/integration-test/target/log,STOPPED}
2022-08-09 13:48:01,984 [Listener at 127.0.0.1/44757] INFO  server.StorageContainerManager (StorageContainerManager.java:stop(1613)) - Stopping Block Manager Service.
2022-08-09 13:48:01,985 [Listener at 127.0.0.1/44757] INFO  utils.BackgroundService (BackgroundService.java:shutdown(141)) - Shutting down service SCMBlockDeletingService
2022-08-09 13:48:01,985 [Listener at 127.0.0.1/44757] INFO  utils.BackgroundService (BackgroundService.java:shutdown(141)) - Shutting down service SCMBlockDeletingService
2022-08-09 13:48:01,985 [Listener at 127.0.0.1/44757] INFO  server.StorageContainerManager (StorageContainerManager.java:stop(1640)) - Stopping SCM Event Queue.
2022-08-09 13:48:01,987 [Listener at 127.0.0.1/44757] INFO  server.StorageContainerManager (StorageContainerManager.java:stop(1651)) - Stopping SCM HA services.
2022-08-09 13:48:01,988 [Listener at 127.0.0.1/44757] INFO  pipeline.BackgroundPipelineCreator (BackgroundPipelineCreator.java:stop(149)) - Stopping RatisPipelineUtilsThread.
2022-08-09 13:48:01,988 [RatisPipelineUtilsThread - 0] WARN  pipeline.BackgroundPipelineCreator (BackgroundPipelineCreator.java:run(180)) - RatisPipelineUtilsThread is interrupted.
2022-08-09 13:48:01,988 [BackgroundPipelineScrubberThread] WARN  BackgroundPipelineScrubber (BackgroundSCMService.java:run(115)) - BackgroundPipelineScrubber is interrupted, exit
2022-08-09 13:48:01,988 [Listener at 127.0.0.1/44757] INFO  BackgroundPipelineScrubber (BackgroundSCMService.java:stop(131)) - Stopping BackgroundPipelineScrubber Service.
2022-08-09 13:48:01,989 [Listener at 127.0.0.1/44757] INFO  server.StorageContainerManager (StorageContainerManager.java:stop(1661)) - Stopping SCM MetadataStore.
2022-08-09 13:48:01,990 [Listener at 127.0.0.1/44757] INFO  impl.MetricsSystemImpl (MetricsSystemImpl.java:stop(210)) - Stopping XceiverClientMetrics metrics system...
2022-08-09 13:48:02,006 [prometheus] INFO  impl.MetricsSinkAdapter (MetricsSinkAdapter.java:publishMetricsFromQueue(141)) - prometheus thread interrupted.
2022-08-09 13:48:02,006 [Listener at 127.0.0.1/44757] INFO  impl.MetricsSystemImpl (MetricsSystemImpl.java:stop(216)) - XceiverClientMetrics metrics system stopped.
2022-08-09 13:48:02,250 [Listener at 127.0.0.1/44757] WARN  server.ServerUtils (ServerUtils.java:getScmDbDir(148)) - ozone.scm.db.dirs is not configured. We recommend adding this setting. Falling back to ozone.metadata.dirs instead.
2022-08-09 13:48:02,282 [Listener at 127.0.0.1/44757] WARN  server.ServerUtils (ServerUtils.java:getScmDbDir(148)) - ozone.scm.db.dirs is not configured. We recommend adding this setting. Falling back to ozone.metadata.dirs instead.
2022-08-09 13:48:02,283 [Listener at 127.0.0.1/44757] INFO  ha.SCMHANodeDetails (SCMHANodeDetails.java:loadSCMHAConfig(209)) - ServiceID for StorageContainerManager is null
2022-08-09 13:48:02,283 [Listener at 127.0.0.1/44757] INFO  ha.SCMHANodeDetails (SCMHANodeDetails.java:loadSCMHAConfig(214)) - ozone.scm.default.service.id is not defined, falling back to ozone.scm.service.ids to find serviceID for StorageContainerManager if it is HA enabled cluster
2022-08-09 13:48:02,283 [Listener at 127.0.0.1/44757] WARN  utils.HAUtils (HAUtils.java:getMetaDir(342)) - ozone.scm.db.dirs is not configured. We recommend adding this setting. Falling back to ozone.metadata.dirs instead.
2022-08-09 13:48:02,284 [Listener at 127.0.0.1/44757] WARN  db.DBStoreBuilder (DBStoreBuilder.java:applyDBDefinition(146)) - ozone.scm.db.dirs is not configured. We recommend adding this setting. Falling back to ozone.metadata.dirs instead.
2022-08-09 13:48:02,485 [Listener at 127.0.0.1/44757] INFO  net.NodeSchemaLoader (NodeSchemaLoader.java:loadSchemaFromFile(129)) - Loading schema from [jar:file:/home/runner/.m2/repository/org/apache/ozone/hdds-common/1.3.0-SNAPSHOT/hdds-common-1.3.0-SNAPSHOT.jar!/network-topology-default.xml]
2022-08-09 13:48:02,486 [Listener at 127.0.0.1/44757] INFO  net.NodeSchemaLoader (NodeSchemaLoader.java:loadSchema(176)) - Loading network topology layer schema file
2022-08-09 13:48:02,490 [Listener at 127.0.0.1/44757] INFO  upgrade.AbstractLayoutVersionManager (AbstractLayoutVersionManager.java:init(83)) - Initializing Layout version manager with metadata layout = DATANODE_SCHEMA_V3 (version = 4), software layout = DATANODE_SCHEMA_V3 (version = 4)
2022-08-09 13:48:02,575 [Listener at 127.0.0.1/44757] INFO  reflections.Reflections (Reflections.java:scan(232)) - Reflections took 84 ms to scan 7 urls, producing 132 keys and 321 values 
2022-08-09 13:48:02,579 [Listener at 127.0.0.1/44757] INFO  ha.SequenceIdGenerator (SequenceIdGenerator.java:upgradeToSequenceId(349)) - upgrade localId to 109611004723200000
2022-08-09 13:48:02,580 [Listener at 127.0.0.1/44757] INFO  ha.SequenceIdGenerator (SequenceIdGenerator.java:upgradeToSequenceId(359)) - upgrade delTxnId to 0
2022-08-09 13:48:02,580 [Listener at 127.0.0.1/44757] INFO  ha.SequenceIdGenerator (SequenceIdGenerator.java:upgradeToSequenceId(376)) - upgrade containerId to 0
2022-08-09 13:48:02,580 [Listener at 127.0.0.1/44757] INFO  ha.SequenceIdGenerator (SequenceIdGenerator.java:<init>(220)) - Init the HA SequenceIdGenerator.
2022-08-09 13:48:02,580 [Listener at 127.0.0.1/44757] WARN  server.ServerUtils (ServerUtils.java:sanitizeUserArgs(73)) - ozone.scm.stale.node.interval value = 300000 is larger than max = 100000 based on the key value of ozone.scm.heartbeat.thread.interval, reset to the max value 100000.
2022-08-09 13:48:02,580 [Listener at 127.0.0.1/44757] WARN  server.ServerUtils (ServerUtils.java:sanitizeUserArgs(73)) - ozone.scm.stale.node.interval value = 300000 is larger than max = 100000 based on the key value of ozone.scm.heartbeat.thread.interval, reset to the max value 100000.
2022-08-09 13:48:02,596 [Listener at 127.0.0.1/44757] INFO  node.SCMNodeManager (SCMNodeManager.java:<init>(149)) - Entering startup safe mode.
2022-08-09 13:48:02,597 [Listener at 127.0.0.1/44757] INFO  algorithms.ContainerPlacementPolicyFactory (ContainerPlacementPolicyFactory.java:getPolicyInternal(86)) - Create container placement policy of type org.apache.hadoop.hdds.scm.container.placement.algorithms.SCMContainerPlacementRandom
2022-08-09 13:48:02,597 [Listener at 127.0.0.1/44757] INFO  algorithms.ContainerPlacementPolicyFactory (ContainerPlacementPolicyFactory.java:getPolicyInternal(86)) - Create container placement policy of type org.apache.hadoop.hdds.scm.container.placement.algorithms.SCMContainerPlacementRackScatter
2022-08-09 13:48:02,597 [Listener at 127.0.0.1/44757] INFO  pipeline.PipelineStateManagerImpl (PipelineStateManagerImpl.java:initialize(78)) - No pipeline exists in current db
2022-08-09 13:48:02,597 [Listener at 127.0.0.1/44757] INFO  algorithms.LeaderChoosePolicyFactory (LeaderChoosePolicyFactory.java:getPolicy(57)) - Create leader choose policy of type org.apache.hadoop.hdds.scm.pipeline.leader.choose.algorithms.MinLeaderCountChoosePolicy
2022-08-09 13:48:02,597 [Listener at 127.0.0.1/44757] INFO  algorithms.ContainerPlacementPolicyFactory (ContainerPlacementPolicyFactory.java:getPolicyInternal(86)) - Create container placement policy of type org.apache.hadoop.hdds.scm.container.placement.algorithms.SCMContainerPlacementRackScatter
2022-08-09 13:48:02,598 [Listener at 127.0.0.1/44757] INFO  ha.SCMServiceManager (SCMServiceManager.java:register(42)) - Registering service BackgroundPipelineCreator.
2022-08-09 13:48:02,598 [Listener at 127.0.0.1/44757] INFO  pipeline.BackgroundPipelineCreator (BackgroundPipelineCreator.java:start(124)) - Starting RatisPipelineUtilsThread.
2022-08-09 13:48:02,600 [Listener at 127.0.0.1/44757] INFO  BackgroundPipelineScrubber (BackgroundSCMService.java:start(68)) - Starting BackgroundPipelineScrubber Service.
2022-08-09 13:48:02,601 [Listener at 127.0.0.1/44757] INFO  ha.SCMServiceManager (SCMServiceManager.java:register(42)) - Registering service BackgroundPipelineScrubber.
2022-08-09 13:48:02,601 [Listener at 127.0.0.1/44757] INFO  ExpiredContainerReplicaOpScrubber (BackgroundSCMService.java:start(68)) - Starting ExpiredContainerReplicaOpScrubber Service.
2022-08-09 13:48:02,601 [Listener at 127.0.0.1/44757] INFO  ha.SCMServiceManager (SCMServiceManager.java:register(42)) - Registering service ExpiredContainerReplicaOpScrubber.
2022-08-09 13:48:02,602 [Listener at 127.0.0.1/44757] INFO  algorithms.PipelineChoosePolicyFactory (PipelineChoosePolicyFactory.java:createPipelineChoosePolicyFromClass(73)) - Create pipeline choose policy of type org.apache.hadoop.hdds.scm.pipeline.choose.algorithms.RandomPipelineChoosePolicy
2022-08-09 13:48:02,602 [Listener at 127.0.0.1/44757] INFO  ha.SCMServiceManager (SCMServiceManager.java:register(42)) - Registering service SCMBlockDeletingService.
2022-08-09 13:48:02,603 [Listener at 127.0.0.1/44757] INFO  replication.ReplicationManager (ReplicationManager.java:start(200)) - Starting Replication Monitor Thread.
2022-08-09 13:48:02,603 [Listener at 127.0.0.1/44757] INFO  UnderReplicatedQueueThread (BackgroundSCMService.java:start(68)) - Starting UnderReplicatedQueueThread Service.
2022-08-09 13:48:02,604 [Listener at 127.0.0.1/44757] INFO  ha.SCMServiceManager (SCMServiceManager.java:register(42)) - Registering service UnderReplicatedQueueThread.
2022-08-09 13:48:02,604 [Listener at 127.0.0.1/44757] INFO  OverReplicatedQueueThread (BackgroundSCMService.java:start(68)) - Starting OverReplicatedQueueThread Service.
2022-08-09 13:48:02,604 [Listener at 127.0.0.1/44757] INFO  ha.SCMServiceManager (SCMServiceManager.java:register(42)) - Registering service OverReplicatedQueueThread.
2022-08-09 13:48:02,604 [Listener at 127.0.0.1/44757] INFO  ha.SCMServiceManager (SCMServiceManager.java:register(42)) - Registering service ReplicationManager.
2022-08-09 13:48:02,604 [Listener at 127.0.0.1/44757] INFO  safemode.ContainerSafeModeRule (ContainerSafeModeRule.java:<init>(89)) - containers with one replica threshold count 0
2022-08-09 13:48:02,605 [Listener at 127.0.0.1/44757] INFO  safemode.HealthyPipelineSafeModeRule (HealthyPipelineSafeModeRule.java:initializeRule(169)) - Total pipeline count is 0, healthy pipeline threshold count is 1
2022-08-09 13:48:02,605 [Listener at 127.0.0.1/44757] INFO  safemode.OneReplicaPipelineSafeModeRule (OneReplicaPipelineSafeModeRule.java:initializeRule(180)) - Total pipeline count is 0, pipeline's with at least one datanode reported threshold count is 0
2022-08-09 13:48:02,609 [Listener at 127.0.0.1/44757] INFO  ipc.CallQueueManager (CallQueueManager.java:<init>(90)) - Using callQueue: class java.util.concurrent.LinkedBlockingQueue, queueCapacity: 2000, scheduler: class org.apache.hadoop.ipc.DefaultRpcScheduler, ipcBackoff: false.
2022-08-09 13:48:02,625 [ReplicationMonitor] INFO  replication.ReplicationManager (ReplicationManager.java:processAll(249)) - Replication Manager is not ready to run until 3000ms after safemode exit
2022-08-09 13:48:02,638 [Listener at 0.0.0.0/44219] INFO  ipc.CallQueueManager (CallQueueManager.java:<init>(90)) - Using callQueue: class java.util.concurrent.LinkedBlockingQueue, queueCapacity: 2000, scheduler: class org.apache.hadoop.ipc.DefaultRpcScheduler, ipcBackoff: false.
2022-08-09 13:48:02,641 [Socket Reader #1 for port 0] INFO  ipc.Server (Server.java:run(1265)) - Starting Socket Reader #1 for port 0
2022-08-09 13:48:02,641 [Listener at 0.0.0.0/46691] INFO  ipc.CallQueueManager (CallQueueManager.java:<init>(90)) - Using callQueue: class java.util.concurrent.LinkedBlockingQueue, queueCapacity: 2000, scheduler: class org.apache.hadoop.ipc.DefaultRpcScheduler, ipcBackoff: false.
2022-08-09 13:48:02,642 [Socket Reader #1 for port 0] INFO  ipc.Server (Server.java:run(1265)) - Starting Socket Reader #1 for port 0
2022-08-09 13:48:02,653 [Socket Reader #1 for port 0] INFO  ipc.Server (Server.java:run(1265)) - Starting Socket Reader #1 for port 0
2022-08-09 13:48:02,667 [Listener at 0.0.0.0/39933] INFO  ha.SCMServiceManager (SCMServiceManager.java:register(42)) - Registering service ContainerBalancer.
2022-08-09 13:48:02,667 [Listener at 0.0.0.0/39933] INFO  server.StorageContainerManager (StorageContainerManager.java:<init>(406)) - 
Container Balancer status:
Key                            Value
Running                        false
Container Balancer Configuration values:
Key                                                Value
Threshold                                          10
Max Datanodes to Involve per Iteration(percent)    20
Max Size to Move per Iteration                     500GB
Max Size Entering Target per Iteration             26GB
Max Size Leaving Source per Iteration              26GB

2022-08-09 13:48:02,667 [Listener at 0.0.0.0/39933] WARN  events.EventQueue (EventQueue.java:fireEvent(216)) - No event handler registered for event TypedEvent{payloadType=SafeModeStatus, name='Safe mode status'}
2022-08-09 13:48:02,668 [Listener at 0.0.0.0/39933] INFO  ha.SCMContext (SCMContext.java:updateSafeModeStatus(228)) - Update SafeModeStatus from SafeModeStatus{safeModeStatus=true, preCheckPassed=false} to SafeModeStatus{safeModeStatus=true, preCheckPassed=false}.
2022-08-09 13:48:02,668 [Listener at 0.0.0.0/39933] INFO  server.StorageContainerManager (StorageContainerManager.java:start(1460)) - StorageContainerLocationProtocol RPC server is listening at /0.0.0.0:39933
2022-08-09 13:48:02,669 [Listener at 0.0.0.0/39933] WARN  impl.MetricsConfig (MetricsConfig.java:loadFirst(136)) - Cannot locate configuration: tried hadoop-metrics2-storagecontainermanager.properties,hadoop-metrics2.properties
2022-08-09 13:48:02,682 [Listener at 0.0.0.0/39933] INFO  impl.MetricsSystemImpl (MetricsSystemImpl.java:startTimer(378)) - Scheduled Metric snapshot period at 10 second(s).
2022-08-09 13:48:02,682 [Listener at 0.0.0.0/39933] INFO  impl.MetricsSystemImpl (MetricsSystemImpl.java:start(191)) - StorageContainerManager metrics system started
2022-08-09 13:48:02,721 [Listener at 0.0.0.0/39933] INFO  impl.MetricsSinkAdapter (MetricsSinkAdapter.java:start(204)) - Sink prometheus started
2022-08-09 13:48:02,721 [Listener at 0.0.0.0/39933] INFO  impl.MetricsSystemImpl (MetricsSystemImpl.java:registerSink(305)) - Registered sink prometheus
2022-08-09 13:48:02,756 [Listener at 0.0.0.0/39933] INFO  server.SCMClientProtocolServer (SCMClientProtocolServer.java:start(170)) - RPC server for Client  is listening at /0.0.0.0:39933
2022-08-09 13:48:02,757 [IPC Server Responder] INFO  ipc.Server (Server.java:run(1507)) - IPC Server Responder: starting
2022-08-09 13:48:02,757 [IPC Server listener on 0] INFO  ipc.Server (Server.java:run(1344)) - IPC Server listener on 0: starting
2022-08-09 13:48:02,759 [Listener at 0.0.0.0/39933] INFO  server.StorageContainerManager (StorageContainerManager.java:start(1475)) - ScmBlockLocationProtocol RPC server is listening at /0.0.0.0:46691
2022-08-09 13:48:02,772 [Finalizer] WARN  managed.ManagedRocksObjectUtils (ManagedRocksObjectUtils.java:assertClosed(39)) - ManagedColumnFamilyOptions is not closed properly
2022-08-09 13:48:02,772 [Finalizer] WARN  managed.ManagedRocksObjectUtils (ManagedRocksObjectUtils.java:assertClosed(39)) - ManagedColumnFamilyOptions is not closed properly
2022-08-09 13:48:02,772 [Finalizer] WARN  managed.ManagedRocksObjectUtils (ManagedRocksObjectUtils.java:assertClosed(39)) - ManagedColumnFamilyOptions is not closed properly
2022-08-09 13:48:02,772 [Finalizer] WARN  managed.ManagedRocksObjectUtils (ManagedRocksObjectUtils.java:assertClosed(39)) - ManagedColumnFamilyOptions is not closed properly
2022-08-09 13:48:02,772 [Finalizer] WARN  managed.ManagedRocksObjectUtils (ManagedRocksObjectUtils.java:assertClosed(39)) - ManagedColumnFamilyOptions is not closed properly
2022-08-09 13:48:02,772 [Finalizer] WARN  managed.ManagedRocksObjectUtils (ManagedRocksObjectUtils.java:assertClosed(39)) - ManagedColumnFamilyOptions is not closed properly
2022-08-09 13:48:02,772 [Finalizer] WARN  managed.ManagedRocksObjectUtils (ManagedRocksObjectUtils.java:assertClosed(39)) - ManagedColumnFamilyOptions is not closed properly
2022-08-09 13:48:02,772 [Finalizer] WARN  managed.ManagedRocksObjectUtils (ManagedRocksObjectUtils.java:assertClosed(39)) - ManagedColumnFamilyOptions is not closed properly
2022-08-09 13:48:02,772 [Finalizer] WARN  managed.ManagedRocksObjectUtils (ManagedRocksObjectUtils.java:assertClosed(39)) - ManagedColumnFamilyOptions is not closed properly
2022-08-09 13:48:02,772 [Finalizer] WARN  managed.ManagedRocksObjectUtils (ManagedRocksObjectUtils.java:assertClosed(39)) - ManagedColumnFamilyOptions is not closed properly
2022-08-09 13:48:02,772 [Finalizer] WARN  managed.ManagedRocksObjectUtils (ManagedRocksObjectUtils.java:assertClosed(39)) - ManagedColumnFamilyOptions is not closed properly
2022-08-09 13:48:02,772 [Finalizer] WARN  managed.ManagedRocksObjectUtils (ManagedRocksObjectUtils.java:assertClosed(39)) - ManagedColumnFamilyOptions is not closed properly
2022-08-09 13:48:02,772 [Finalizer] WARN  managed.ManagedRocksObjectUtils (ManagedRocksObjectUtils.java:assertClosed(39)) - ManagedColumnFamilyOptions is not closed properly
2022-08-09 13:48:02,772 [Finalizer] WARN  managed.ManagedRocksObjectUtils (ManagedRocksObjectUtils.java:assertClosed(39)) - ManagedColumnFamilyOptions is not closed properly
2022-08-09 13:48:02,772 [Finalizer] WARN  managed.ManagedRocksObjectUtils (ManagedRocksObjectUtils.java:assertClosed(39)) - ManagedColumnFamilyOptions is not closed properly
2022-08-09 13:48:02,772 [Finalizer] WARN  managed.ManagedRocksObjectUtils (ManagedRocksObjectUtils.java:assertClosed(39)) - ManagedColumnFamilyOptions is not closed properly
2022-08-09 13:48:02,793 [Listener at 0.0.0.0/39933] INFO  server.SCMBlockProtocolServer (SCMBlockProtocolServer.java:start(152)) - RPC server for Block Protocol is listening at /0.0.0.0:46691
2022-08-09 13:48:02,813 [IPC Server Responder] INFO  ipc.Server (Server.java:run(1507)) - IPC Server Responder: starting
2022-08-09 13:48:02,841 [IPC Server listener on 0] INFO  ipc.Server (Server.java:run(1344)) - IPC Server listener on 0: starting
2022-08-09 13:48:02,886 [Listener at 0.0.0.0/39933] INFO  server.SCMDatanodeProtocolServer (SCMDatanodeProtocolServer.java:start(186)) - ScmDatanodeProtocol RPC server for DataNodes is listening at /0.0.0.0:44219
2022-08-09 13:48:02,887 [IPC Server Responder] INFO  ipc.Server (Server.java:run(1507)) - IPC Server Responder: starting
2022-08-09 13:48:02,887 [IPC Server listener on 0] INFO  ipc.Server (Server.java:run(1344)) - IPC Server listener on 0: starting
2022-08-09 13:48:02,939 [Listener at 0.0.0.0/39933] INFO  http.BaseHttpServer (BaseHttpServer.java:newHttpServer2BuilderForOzone(209)) - Starting Web-server for scm at: http://0.0.0.0:0
2022-08-09 13:48:02,939 [Listener at 0.0.0.0/39933] INFO  http.BaseHttpServer (BaseHttpServer.java:<init>(107)) - Hadoop Security Enabled: false Ozone Security Enabled: false Ozone HTTP Security Enabled: false 
2022-08-09 13:48:02,949 [org.apache.hadoop.util.JvmPauseMonitor$Monitor@69cba1cf] INFO  util.JvmPauseMonitor (JvmPauseMonitor.java:run(188)) - Starting JVM pause monitor
2022-08-09 13:48:02,952 [Listener at 0.0.0.0/39933] INFO  server.AuthenticationFilter (AuthenticationFilter.java:constructSecretProvider(240)) - Unable to initialize FileSignerSecretProvider, falling back to use random secrets.
2022-08-09 13:48:02,961 [Listener at 0.0.0.0/39933] WARN  http.HttpRequestLog (HttpRequestLog.java:getRequestLog(103)) - Jetty request log can only be enabled using Log4j
2022-08-09 13:48:02,962 [Listener at 0.0.0.0/39933] INFO  http.HttpServer2 (HttpServer2.java:addGlobalFilter(1029)) - Added global filter 'safety' (class=org.apache.hadoop.hdds.server.http.HttpServer2$QuotingInputFilter)
2022-08-09 13:48:02,963 [Listener at 0.0.0.0/39933] INFO  http.HttpServer2 (HttpServer2.java:addFilter(1005)) - Added filter static_user_filter (class=org.apache.hadoop.http.lib.StaticUserWebFilter$StaticUserFilter) to context scm
2022-08-09 13:48:02,963 [Listener at 0.0.0.0/39933] INFO  http.HttpServer2 (HttpServer2.java:addFilter(1013)) - Added filter static_user_filter (class=org.apache.hadoop.http.lib.StaticUserWebFilter$StaticUserFilter) to context logs
2022-08-09 13:48:02,963 [Listener at 0.0.0.0/39933] INFO  http.HttpServer2 (HttpServer2.java:addFilter(1013)) - Added filter static_user_filter (class=org.apache.hadoop.http.lib.StaticUserWebFilter$StaticUserFilter) to context static
2022-08-09 13:48:02,964 [Listener at 0.0.0.0/39933] INFO  http.HttpServer2 (HttpServer2.java:bindListener(1248)) - Jetty bound to port 34663
2022-08-09 13:48:02,964 [Listener at 0.0.0.0/39933] INFO  server.Server (Server.java:doStart(375)) - jetty-9.4.43.v20210629; built: 2021-06-30T11:07:22.254Z; git: 526006ecfa3af7f1a27ef3a288e2bef7ea9dd7e8; jvm 1.8.0_332-b09
2022-08-09 13:48:03,002 [Listener at 0.0.0.0/39933] INFO  server.session (DefaultSessionIdManager.java:doStart(334)) - DefaultSessionIdManager workerName=node0
2022-08-09 13:48:03,002 [Listener at 0.0.0.0/39933] INFO  server.session (DefaultSessionIdManager.java:doStart(339)) - No SessionScavenger set, using defaults
2022-08-09 13:48:03,002 [Listener at 0.0.0.0/39933] INFO  server.session (HouseKeeper.java:startScavenging(132)) - node0 Scavenging every 660000ms
2022-08-09 13:48:03,003 [Listener at 0.0.0.0/39933] INFO  handler.ContextHandler (ContextHandler.java:doStart(915)) - Started o.e.j.s.ServletContextHandler@67e43f51{logs,/logs,file:///home/runner/work/ozone/ozone/hadoop-ozone/integration-test/target/log,AVAILABLE}
2022-08-09 13:48:03,004 [Listener at 0.0.0.0/39933] INFO  handler.ContextHandler (ContextHandler.java:doStart(915)) - Started o.e.j.s.ServletContextHandler@37aaa8b1{static,/static,file:///home/runner/work/ozone/ozone/hadoop-ozone/integration-test/target/test-classes/webapps/static,AVAILABLE}
2022-08-09 13:48:03,015 [Listener at 0.0.0.0/39933] INFO  handler.ContextHandler (ContextHandler.java:doStart(915)) - Started o.e.j.w.WebAppContext@5c803ec4{scm,/,file:///home/runner/work/ozone/ozone/hadoop-ozone/integration-test/target/test-classes/webapps/scm/,AVAILABLE}{file:/home/runner/work/ozone/ozone/hadoop-ozone/integration-test/target/test-classes/webapps/scm}
2022-08-09 13:48:03,016 [Listener at 0.0.0.0/39933] INFO  server.AbstractConnector (AbstractConnector.java:doStart(331)) - Started ServerConnector@704a50aa{HTTP/1.1, (http/1.1)}{0.0.0.0:34663}
2022-08-09 13:48:03,016 [Listener at 0.0.0.0/39933] INFO  server.Server (Server.java:doStart(415)) - Started @69751ms
2022-08-09 13:48:03,016 [Listener at 0.0.0.0/39933] WARN  impl.MetricsSystemImpl (MetricsSystemImpl.java:register(279)) - Sink prometheus already exists!
2022-08-09 13:48:03,017 [Listener at 0.0.0.0/39933] INFO  http.BaseHttpServer (BaseHttpServer.java:updateConnectorAddress(329)) - HTTP server of scm listening at http://0.0.0.0:34663
2022-08-09 13:48:03,017 [Listener at 0.0.0.0/39933] WARN  server.ServerUtils (ServerUtils.java:getDBPath(225)) - ozone.om.db.dirs is not configured. We recommend adding this setting. Falling back to ozone.metadata.dirs instead.
2022-08-09 13:48:03,019 [Listener at 0.0.0.0/39933] INFO  ha.OMHANodeDetails (OMHANodeDetails.java:loadOMHAConfig(115)) - ozone.om.internal.service.id is not defined, falling back to ozone.om.service.ids to find serviceID for OzoneManager if it is HA enabled cluster
2022-08-09 13:48:03,019 [Listener at 0.0.0.0/39933] INFO  ha.OMHANodeDetails (OMHANodeDetails.java:loadOMHAConfig(226)) - Configuration does not have ozone.om.address set. Falling back to the default OM address /127.0.0.1:0
2022-08-09 13:48:03,019 [Listener at 0.0.0.0/39933] INFO  ha.OMHANodeDetails (OMHANodeDetails.java:getOMNodeDetailsForNonHA(254)) - OM Service ID is not set. Setting it to the default ID: omServiceIdDefault
2022-08-09 13:48:03,019 [Listener at 0.0.0.0/39933] INFO  ha.OMHANodeDetails (OMHANodeDetails.java:getOMNodeDetailsForNonHA(261)) - OM Node ID is not set. Setting it to the default ID: om1
2022-08-09 13:48:03,020 [Listener at 0.0.0.0/39933] WARN  server.ServerUtils (ServerUtils.java:getDBPath(225)) - ozone.om.db.dirs is not configured. We recommend adding this setting. Falling back to ozone.metadata.dirs instead.
2022-08-09 13:48:03,020 [Listener at 0.0.0.0/39933] INFO  upgrade.AbstractLayoutVersionManager (AbstractLayoutVersionManager.java:init(83)) - Initializing Layout version manager with metadata layout = MULTITENANCY_SCHEMA (version = 3), software layout = MULTITENANCY_SCHEMA (version = 3)
2022-08-09 13:48:03,161 [Listener at 0.0.0.0/39933] INFO  reflections.Reflections (Reflections.java:scan(232)) - Reflections took 140 ms to scan 2 urls, producing 153 keys and 426 values [using 2 cores]
2022-08-09 13:48:03,161 [Listener at 0.0.0.0/39933] INFO  upgrade.OMLayoutVersionManager (OMLayoutVersionManager.java:lambda$0(115)) - Skipping Upgrade Action MockOmUpgradeAction since it has been finalized.
2022-08-09 13:48:03,162 [Listener at 0.0.0.0/39933] WARN  server.ServerUtils (ServerUtils.java:getDBPath(225)) - ozone.om.db.dirs is not configured. We recommend adding this setting. Falling back to ozone.metadata.dirs instead.
2022-08-09 13:48:03,162 [Listener at 0.0.0.0/39933] INFO  proxy.SCMBlockLocationFailoverProxyProvider (SCMBlockLocationFailoverProxyProvider.java:<init>(114)) - Created block location fail-over proxy with 1 nodes: [nodeId=scmNodeId,nodeAddress=/0.0.0.0:46691]
2022-08-09 13:48:03,163 [Listener at 0.0.0.0/39933] INFO  proxy.SCMBlockLocationFailoverProxyProvider (SCMBlockLocationFailoverProxyProvider.java:<init>(114)) - Created block location fail-over proxy with 1 nodes: [nodeId=scmNodeId,nodeAddress=/0.0.0.0:46691]
2022-08-09 13:48:03,179 [Listener at 0.0.0.0/39933] WARN  server.ServerUtils (ServerUtils.java:getDBPath(225)) - ozone.om.db.dirs is not configured. We recommend adding this setting. Falling back to ozone.metadata.dirs instead.
2022-08-09 13:48:03,179 [Listener at 0.0.0.0/39933] INFO  codec.OmKeyInfoCodec (OmKeyInfoCodec.java:<init>(49)) - OmKeyInfoCodec ignorePipeline = true
2022-08-09 13:48:03,179 [Listener at 0.0.0.0/39933] INFO  codec.RepeatedOmKeyInfoCodec (RepeatedOmKeyInfoCodec.java:<init>(41)) - RepeatedOmKeyInfoCodec ignorePipeline = true
2022-08-09 13:48:03,536 [Listener at 0.0.0.0/39933] INFO  om.OzoneManager (OzoneManager.java:instantiateServices(697)) - S3 Multi-Tenancy is disabled
2022-08-09 13:48:03,540 [Listener at 0.0.0.0/39933] INFO  om.OzoneManager (OzoneManager.java:addS3GVolumeToDB(4308)) - Created Volume s3v With Owner runner required for S3Gateway operations.
2022-08-09 13:48:03,540 [Listener at 0.0.0.0/39933] WARN  server.ServerUtils (ServerUtils.java:getDefaultRatisDirectory(237)) - Storage directory for Ratis is not configured. It is a good idea to map this to an SSD disk. Falling back to ozone.metadata.dirs
2022-08-09 13:48:03,540 [Listener at 0.0.0.0/39933] WARN  utils.OzoneManagerRatisUtils (OzoneManagerRatisUtils.java:getOMRatisSnapshotDirectory(434)) - ozone.om.ratis.snapshot.dir is not configured. Falling back to ozone.metadata.dirs config
2022-08-09 13:48:03,540 [Listener at 0.0.0.0/39933] WARN  server.ServerUtils (ServerUtils.java:getDefaultRatisDirectory(237)) - Storage directory for Ratis is not configured. It is a good idea to map this to an SSD disk. Falling back to ozone.metadata.dirs
2022-08-09 13:48:03,544 [Listener at 0.0.0.0/39933] INFO  ratis.OzoneManagerRatisServer (OzoneManagerRatisServer.java:<init>(159)) - Instantiating OM Ratis server with groupID: omServiceIdDefault and peers: localhost:9872
2022-08-09 13:48:03,545 [Listener at 0.0.0.0/39933] INFO  ratis.OzoneManagerStateMachine (OzoneManagerStateMachine.java:loadSnapshotInfoFromDB(632)) - LastAppliedIndex is set from TransactionInfo from OM DB as (t:0, i:~)
2022-08-09 13:48:03,545 [Listener at 0.0.0.0/39933] INFO  server.RaftServer (ConfUtils.java:logGet(46)) - raft.rpc.type = GRPC (default)
2022-08-09 13:48:03,545 [Listener at 0.0.0.0/39933] INFO  grpc.GrpcFactory (GrpcFactory.java:checkPooledByteBufAllocatorUseCacheForAllThreads(48)) - PERFORMANCE WARNING: useCacheForAllThreads is true that may cause Netty to create a lot garbage objects and, as a result, trigger GC.
	It is recommended to disable useCacheForAllThreads by setting -Dorg.apache.ratis.thirdparty.io.netty.allocator.useCacheForAllThreads=false in command line.
2022-08-09 13:48:03,546 [Listener at 0.0.0.0/39933] INFO  grpc.GrpcConfigKeys (ConfUtils.java:logGet(46)) - raft.grpc.admin.port = -1 (default)
2022-08-09 13:48:03,546 [Listener at 0.0.0.0/39933] INFO  grpc.GrpcConfigKeys (ConfUtils.java:logGet(46)) - raft.grpc.server.port = 9872 (custom)
2022-08-09 13:48:03,546 [Listener at 0.0.0.0/39933] INFO  grpc.GrpcConfigKeys (ConfUtils.java:logGet(46)) - raft.grpc.client.port = -1 (default)
2022-08-09 13:48:03,546 [Listener at 0.0.0.0/39933] INFO  grpc.GrpcConfigKeys (ConfUtils.java:logGet(46)) - raft.grpc.server.port = 9872 (custom)
2022-08-09 13:48:03,546 [Listener at 0.0.0.0/39933] INFO  grpc.GrpcConfigKeys (ConfUtils.java:logGet(46)) - raft.grpc.server.port = 9872 (custom)
2022-08-09 13:48:03,546 [Listener at 0.0.0.0/39933] INFO  server.GrpcService (ConfUtils.java:logGet(46)) - raft.grpc.message.size.max = 33554432 (custom)
2022-08-09 13:48:03,546 [Listener at 0.0.0.0/39933] INFO  server.RaftServerConfigKeys (ConfUtils.java:logGet(46)) - raft.server.log.appender.buffer.byte-limit = 33554432 (custom)
2022-08-09 13:48:03,546 [Listener at 0.0.0.0/39933] INFO  server.GrpcService (ConfUtils.java:logGet(46)) - raft.grpc.flow.control.window = 1MB (=1048576) (default)
2022-08-09 13:48:03,546 [Listener at 0.0.0.0/39933] INFO  server.RaftServerConfigKeys (ConfUtils.java:logGet(46)) - raft.server.rpc.request.timeout = 3000ms (default)
2022-08-09 13:48:03,547 [Listener at 0.0.0.0/39933] INFO  grpc.GrpcConfigKeys (ConfUtils.java:logGet(46)) - raft.grpc.server.async.request.thread.pool.cached = true (default)
2022-08-09 13:48:03,547 [Listener at 0.0.0.0/39933] INFO  grpc.GrpcConfigKeys (ConfUtils.java:logGet(46)) - raft.grpc.server.async.request.thread.pool.size = 32 (default)
2022-08-09 13:48:03,548 [Listener at 0.0.0.0/39933] INFO  impl.DataStreamServerImpl (ConfUtils.java:logGet(46)) - raft.datastream.type = DISABLED (default)
2022-08-09 13:48:03,548 [Listener at 0.0.0.0/39933] INFO  server.RaftServerConfigKeys (ConfUtils.java:logGet(46)) - raft.server.threadpool.proxy.cached = true (default)
2022-08-09 13:48:03,548 [Listener at 0.0.0.0/39933] INFO  server.RaftServerConfigKeys (ConfUtils.java:logGet(46)) - raft.server.threadpool.proxy.size = 0 (default)
2022-08-09 13:48:03,548 [Listener at 0.0.0.0/39933] INFO  server.RaftServerConfigKeys (ConfUtils.java:logGet(46)) - raft.server.rpc.slowness.timeout = 120s (custom)
2022-08-09 13:48:03,549 [Listener at 0.0.0.0/39933] INFO  server.RaftServerConfigKeys (ConfUtils.java:logGet(46)) - raft.server.leaderelection.leader.step-down.wait-time = 10s (default)
2022-08-09 13:48:03,549 [Listener at 0.0.0.0/39933] INFO  server.RaftServerConfigKeys (ConfUtils.java:logGet(46)) - raft.server.storage.dir = [/home/runner/work/ozone/ozone/hadoop-ozone/integration-test/target/test-dir/MiniOzoneClusterImpl-47423824-61ae-4caf-b360-a3644823e0d5/ozone-meta/ratis] (custom)
2022-08-09 13:48:03,581 [Listener at 0.0.0.0/39933] INFO  server.RaftServer (RaftServerProxy.java:addNew(96)) - om1: addNew group-C5BA1605619E:[om1|rpc:localhost:9872|priority:0] returns group-C5BA1605619E:java.util.concurrent.CompletableFuture@432d525c[Not completed]
2022-08-09 13:48:03,581 [Listener at 0.0.0.0/39933] INFO  om.OzoneManager (OzoneManager.java:initializeRatisServer(1963)) - OzoneManager Ratis server initialized at port 9872
2022-08-09 13:48:03,582 [Listener at 0.0.0.0/39933] INFO  om.OzoneManager (OzoneManager.java:getRpcServer(1086)) - Creating RPC Server
2022-08-09 13:48:03,587 [pool-317-thread-1] INFO  server.RaftServer$Division (RaftServerImpl.java:<init>(190)) - om1: new RaftServerImpl for group-C5BA1605619E:[om1|rpc:localhost:9872|priority:0] with OzoneManagerStateMachine:uninitialized
2022-08-09 13:48:03,587 [pool-317-thread-1] INFO  server.RaftServerConfigKeys (ConfUtils.java:logGet(46)) - raft.server.rpc.timeout.min = 1s (custom)
2022-08-09 13:48:03,587 [pool-317-thread-1] INFO  server.RaftServerConfigKeys (ConfUtils.java:logGet(46)) - raft.server.rpc.timeout.max = 1200ms (custom)
2022-08-09 13:48:03,587 [pool-317-thread-1] INFO  server.RaftServerConfigKeys (ConfUtils.java:logGet(46)) - raft.server.rpc.sleep.time = 25ms (default)
2022-08-09 13:48:03,587 [pool-317-thread-1] INFO  server.RaftServerConfigKeys (ConfUtils.java:logGet(46)) - raft.server.rpc.slowness.timeout = 120s (custom)
2022-08-09 13:48:03,587 [pool-317-thread-1] INFO  server.RaftServerConfigKeys (ConfUtils.java:logGet(46)) - raft.server.leaderelection.leader.step-down.wait-time = 10s (default)
2022-08-09 13:48:03,587 [pool-317-thread-1] INFO  server.RaftServerConfigKeys (ConfUtils.java:logGet(46)) - raft.server.sleep.deviation.threshold = 300ms (default)
2022-08-09 13:48:03,587 [pool-317-thread-1] INFO  server.RaftServer$Division (ServerState.java:<init>(107)) - om1@group-C5BA1605619E: ConfigurationManager, init=-1: [om1|rpc:localhost:9872|priority:0], old=null, confs=<EMPTY_MAP>
2022-08-09 13:48:03,587 [pool-317-thread-1] INFO  server.RaftServerConfigKeys (ConfUtils.java:logGet(46)) - raft.server.storage.dir = [/home/runner/work/ozone/ozone/hadoop-ozone/integration-test/target/test-dir/MiniOzoneClusterImpl-47423824-61ae-4caf-b360-a3644823e0d5/ozone-meta/ratis] (custom)
2022-08-09 13:48:03,587 [pool-317-thread-1] INFO  server.RaftServerConfigKeys (ConfUtils.java:logGet(46)) - raft.server.log.corruption.policy = EXCEPTION (default)
2022-08-09 13:48:03,587 [pool-317-thread-1] INFO  server.RaftServerConfigKeys (ConfUtils.java:logGet(46)) - raft.server.storage.free-space.min = 0MB (=0) (default)
2022-08-09 13:48:03,588 [pool-317-thread-1] INFO  storage.RaftStorageDirectory (RaftStorageDirectoryImpl.java:analyzeStorage(135)) - The storage directory /home/runner/work/ozone/ozone/hadoop-ozone/integration-test/target/test-dir/MiniOzoneClusterImpl-47423824-61ae-4caf-b360-a3644823e0d5/ozone-meta/ratis/bf265839-605b-3f16-9796-c5ba1605619e does not exist. Creating ...
2022-08-09 13:48:03,595 [pool-317-thread-1] INFO  storage.RaftStorageDirectory (RaftStorageDirectoryImpl.java:tryLock(230)) - Lock on /home/runner/work/ozone/ozone/hadoop-ozone/integration-test/target/test-dir/MiniOzoneClusterImpl-47423824-61ae-4caf-b360-a3644823e0d5/ozone-meta/ratis/bf265839-605b-3f16-9796-c5ba1605619e/in_use.lock acquired by nodename 10574@fv-az450-466
2022-08-09 13:48:03,597 [pool-317-thread-1] INFO  storage.RaftStorage (RaftStorageImpl.java:format(89)) - Storage directory /home/runner/work/ozone/ozone/hadoop-ozone/integration-test/target/test-dir/MiniOzoneClusterImpl-47423824-61ae-4caf-b360-a3644823e0d5/ozone-meta/ratis/bf265839-605b-3f16-9796-c5ba1605619e has been successfully formatted.
2022-08-09 13:48:03,598 [pool-317-thread-1] INFO  server.RaftServerConfigKeys (ConfUtils.java:logGet(46)) - raft.server.notification.no-leader.timeout = 120s (custom)
2022-08-09 13:48:03,598 [pool-317-thread-1] INFO  server.RaftServerConfigKeys (ConfUtils.java:logGet(46)) - raft.server.log.use.memory = false (default)
2022-08-09 13:48:03,598 [pool-317-thread-1] INFO  server.RaftServerConfigKeys (ConfUtils.java:logGet(46)) - raft.server.log.purge.gap = 1000000 (custom)
2022-08-09 13:48:03,598 [pool-317-thread-1] INFO  server.RaftServerConfigKeys (ConfUtils.java:logGet(46)) - raft.server.log.appender.buffer.byte-limit = 33554432 (custom)
2022-08-09 13:48:03,598 [pool-317-thread-1] INFO  server.RaftServerConfigKeys (ConfUtils.java:logGet(46)) - raft.server.log.statemachine.data.read.timeout = 1000ms (default)
2022-08-09 13:48:03,598 [pool-317-thread-1] INFO  server.RaftServerConfigKeys (ConfUtils.java:logGet(46)) - raft.server.log.segment.size.max = 4194304 (custom)
2022-08-09 13:48:03,598 [pool-317-thread-1] INFO  server.RaftServerConfigKeys (ConfUtils.java:logGet(46)) - raft.server.log.segment.cache.num.max = 2 (custom)
2022-08-09 13:48:03,598 [pool-317-thread-1] INFO  server.RaftServerConfigKeys (ConfUtils.java:logGet(46)) - raft.server.log.segment.cache.size.max = 200MB (=209715200) (default)
2022-08-09 13:48:03,599 [pool-317-thread-1] INFO  segmented.SegmentedRaftLogWorker (SegmentedRaftLogWorker.java:<init>(187)) - new om1@group-C5BA1605619E-SegmentedRaftLogWorker for RaftStorageImpl:Storage Directory /home/runner/work/ozone/ozone/hadoop-ozone/integration-test/target/test-dir/MiniOzoneClusterImpl-47423824-61ae-4caf-b360-a3644823e0d5/ozone-meta/ratis/bf265839-605b-3f16-9796-c5ba1605619e
2022-08-09 13:48:03,599 [pool-317-thread-1] INFO  server.RaftServerConfigKeys (ConfUtils.java:logGet(46)) - raft.server.log.queue.byte-limit = 64MB (=67108864) (default)
2022-08-09 13:48:03,604 [pool-317-thread-1] INFO  server.RaftServerConfigKeys (ConfUtils.java:logGet(46)) - raft.server.log.queue.element-limit = 4096 (default)
2022-08-09 13:48:03,604 [pool-317-thread-1] INFO  server.RaftServerConfigKeys (ConfUtils.java:logGet(46)) - raft.server.log.segment.size.max = 4194304 (custom)
2022-08-09 13:48:03,604 [pool-317-thread-1] INFO  server.RaftServerConfigKeys (ConfUtils.java:logGet(46)) - raft.server.log.preallocated.size = 4194304 (custom)
2022-08-09 13:48:03,604 [pool-317-thread-1] INFO  server.RaftServerConfigKeys (ConfUtils.java:logGet(46)) - raft.server.log.force.sync.num = 128 (default)
2022-08-09 13:48:03,604 [pool-317-thread-1] INFO  server.RaftServerConfigKeys (ConfUtils.java:logGet(46)) - raft.server.log.statemachine.data.sync = true (default)
2022-08-09 13:48:03,604 [pool-317-thread-1] INFO  server.RaftServerConfigKeys (ConfUtils.java:logGet(46)) - raft.server.log.statemachine.data.sync.timeout = 10s (default)
2022-08-09 13:48:03,604 [pool-317-thread-1] INFO  server.RaftServerConfigKeys (ConfUtils.java:logGet(46)) - raft.server.log.statemachine.data.sync.timeout.retry = -1 (default)
2022-08-09 13:48:03,605 [pool-317-thread-1] INFO  server.RaftServerConfigKeys (ConfUtils.java:logGet(46)) - raft.server.log.write.buffer.size = 64KB (=65536) (default)
2022-08-09 13:48:03,605 [pool-317-thread-1] INFO  server.RaftServerConfigKeys (ConfUtils.java:logGet(46)) - raft.server.log.unsafe-flush.enabled = false (default)
2022-08-09 13:48:03,605 [pool-317-thread-1] INFO  server.RaftServerConfigKeys (ConfUtils.java:logGet(46)) - raft.server.log.statemachine.data.caching.enabled = false (default)
2022-08-09 13:48:03,605 [pool-317-thread-1] INFO  segmented.SegmentedRaftLogWorker (SegmentedRaftLogWorker.java:lambda$new$0(135)) - om1@group-C5BA1605619E-SegmentedRaftLogWorker: flushIndex: setUnconditionally 0 -> -1
2022-08-09 13:48:03,605 [pool-317-thread-1] INFO  segmented.SegmentedRaftLogWorker (SegmentedRaftLogWorker.java:lambda$new$0(135)) - om1@group-C5BA1605619E-SegmentedRaftLogWorker: safeCacheEvictIndex: setUnconditionally 0 -> -1
2022-08-09 13:48:03,613 [pool-317-thread-1] INFO  server.RaftServerConfigKeys (ConfUtils.java:logGet(46)) - raft.server.snapshot.auto.trigger.enabled = true (custom)
2022-08-09 13:48:03,613 [pool-317-thread-1] INFO  server.RaftServerConfigKeys (ConfUtils.java:logGet(46)) - raft.server.snapshot.auto.trigger.threshold = 400000 (default)
2022-08-09 13:48:03,613 [pool-317-thread-1] INFO  server.RaftServerConfigKeys (ConfUtils.java:logGet(46)) - raft.server.snapshot.retention.file.num = -1 (default)
2022-08-09 13:48:03,613 [pool-317-thread-1] INFO  server.RaftServerConfigKeys (ConfUtils.java:logGet(46)) - raft.server.log.purge.upto.snapshot.index = true (custom)
2022-08-09 13:48:03,613 [pool-317-thread-1] INFO  server.RaftServerConfigKeys (ConfUtils.java:logGet(46)) - raft.server.retrycache.expirytime = 300s (custom)
2022-08-09 13:48:03,613 [pool-317-thread-1] INFO  server.RaftServerConfigKeys (ConfUtils.java:logGet(46)) - raft.server.retrycache.statistics.expirytime = 100μs (default)
2022-08-09 13:48:03,621 [pool-317-thread-1] INFO  server.RaftServerConfigKeys (ConfUtils.java:logGet(46)) - raft.server.log.appender.install.snapshot.enabled = false (custom)
2022-08-09 13:48:03,621 [pool-317-thread-1] INFO  server.RaftServerConfigKeys (ConfUtils.java:logGet(46)) - raft.server.threadpool.server.cached = true (default)
2022-08-09 13:48:03,621 [pool-317-thread-1] INFO  server.RaftServerConfigKeys (ConfUtils.java:logGet(46)) - raft.server.threadpool.server.size = 0 (default)
2022-08-09 13:48:03,621 [pool-317-thread-1] INFO  server.RaftServerConfigKeys (ConfUtils.java:logGet(46)) - raft.server.threadpool.client.cached = true (default)
2022-08-09 13:48:03,621 [pool-317-thread-1] INFO  server.RaftServerConfigKeys (ConfUtils.java:logGet(46)) - raft.server.threadpool.client.size = 0 (default)
2022-08-09 13:48:04,425 [Finalizer] WARN  managed.ManagedRocksObjectUtils (ManagedRocksObjectUtils.java:assertClosed(39)) - ManagedColumnFamilyOptions is not closed properly
2022-08-09 13:48:04,426 [Finalizer] WARN  managed.ManagedRocksObjectUtils (ManagedRocksObjectUtils.java:assertClosed(39)) - ManagedColumnFamilyOptions is not closed properly
2022-08-09 13:48:04,426 [Finalizer] WARN  managed.ManagedRocksObjectUtils (ManagedRocksObjectUtils.java:assertClosed(39)) - ManagedColumnFamilyOptions is not closed properly
2022-08-09 13:48:04,426 [Finalizer] WARN  managed.ManagedRocksObjectUtils (ManagedRocksObjectUtils.java:assertClosed(39)) - ManagedColumnFamilyOptions is not closed properly
2022-08-09 13:48:04,426 [Finalizer] WARN  managed.ManagedRocksObjectUtils (ManagedRocksObjectUtils.java:assertClosed(39)) - ManagedColumnFamilyOptions is not closed properly
2022-08-09 13:48:04,426 [Finalizer] WARN  managed.ManagedRocksObjectUtils (ManagedRocksObjectUtils.java:assertClosed(39)) - ManagedColumnFamilyOptions is not closed properly
2022-08-09 13:48:04,426 [Finalizer] WARN  managed.ManagedRocksObjectUtils (ManagedRocksObjectUtils.java:assertClosed(39)) - ManagedColumnFamilyOptions is not closed properly
2022-08-09 13:48:04,426 [Finalizer] WARN  managed.ManagedRocksObjectUtils (ManagedRocksObjectUtils.java:assertClosed(39)) - ManagedColumnFamilyOptions is not closed properly
2022-08-09 13:48:04,426 [Finalizer] WARN  managed.ManagedRocksObjectUtils (ManagedRocksObjectUtils.java:assertClosed(39)) - ManagedColumnFamilyOptions is not closed properly
2022-08-09 13:48:04,426 [Finalizer] WARN  managed.ManagedRocksObjectUtils (ManagedRocksObjectUtils.java:assertClosed(39)) - ManagedColumnFamilyOptions is not closed properly
2022-08-09 13:48:04,426 [Finalizer] WARN  managed.ManagedRocksObjectUtils (ManagedRocksObjectUtils.java:assertClosed(39)) - ManagedColumnFamilyOptions is not closed properly
2022-08-09 13:48:04,426 [Finalizer] WARN  managed.ManagedRocksObjectUtils (ManagedRocksObjectUtils.java:assertClosed(39)) - ManagedColumnFamilyOptions is not closed properly
2022-08-09 13:48:04,426 [Finalizer] WARN  managed.ManagedRocksObjectUtils (ManagedRocksObjectUtils.java:assertClosed(39)) - ManagedColumnFamilyOptions is not closed properly
2022-08-09 13:48:04,426 [Finalizer] WARN  managed.ManagedRocksObjectUtils (ManagedRocksObjectUtils.java:assertClosed(39)) - ManagedColumnFamilyOptions is not closed properly
2022-08-09 13:48:04,426 [Finalizer] WARN  managed.ManagedRocksObjectUtils (ManagedRocksObjectUtils.java:assertClosed(39)) - ManagedColumnFamilyOptions is not closed properly
2022-08-09 13:48:04,426 [Finalizer] WARN  managed.ManagedRocksObjectUtils (ManagedRocksObjectUtils.java:assertClosed(39)) - ManagedColumnFamilyOptions is not closed properly
2022-08-09 13:48:04,426 [Finalizer] WARN  managed.ManagedRocksObjectUtils (ManagedRocksObjectUtils.java:assertClosed(39)) - ManagedColumnFamilyOptions is not closed properly
2022-08-09 13:48:04,426 [Finalizer] WARN  managed.ManagedRocksObjectUtils (ManagedRocksObjectUtils.java:assertClosed(39)) - ManagedColumnFamilyOptions is not closed properly
2022-08-09 13:48:04,426 [Finalizer] WARN  managed.ManagedRocksObjectUtils (ManagedRocksObjectUtils.java:assertClosed(39)) - ManagedColumnFamilyOptions is not closed properly
2022-08-09 13:48:04,426 [Finalizer] WARN  managed.ManagedRocksObjectUtils (ManagedRocksObjectUtils.java:assertClosed(39)) - ManagedColumnFamilyOptions is not closed properly
2022-08-09 13:48:04,426 [Finalizer] WARN  managed.ManagedRocksObjectUtils (ManagedRocksObjectUtils.java:assertClosed(39)) - ManagedColumnFamilyOptions is not closed properly
2022-08-09 13:48:04,584 [Listener at 0.0.0.0/39933] INFO  reflections.Reflections (Reflections.java:scan(232)) - Reflections took 1001 ms to scan 19 urls, producing 67 keys and 4147 values [using 2 cores]
2022-08-09 13:48:04,586 [Listener at 0.0.0.0/39933] INFO  ipc.CallQueueManager (CallQueueManager.java:<init>(90)) - Using callQueue: class java.util.concurrent.LinkedBlockingQueue, queueCapacity: 2000, scheduler: class org.apache.hadoop.ipc.DefaultRpcScheduler, ipcBackoff: false.
2022-08-09 13:48:04,588 [Socket Reader #1 for port 0] INFO  ipc.Server (Server.java:run(1265)) - Starting Socket Reader #1 for port 0
2022-08-09 13:48:04,618 [Listener at 127.0.0.1/34619] INFO  impl.MetricsSystemImpl (MetricsSystemImpl.java:init(158)) - OzoneManager metrics system started (again)
2022-08-09 13:48:04,644 [Listener at 127.0.0.1/34619] INFO  om.OzoneManager (OzoneManager.java:start(1470)) - OzoneManager RPC server is listening at localhost/127.0.0.1:34619
2022-08-09 13:48:04,644 [Listener at 127.0.0.1/34619] INFO  ratis.OzoneManagerRatisServer (OzoneManagerRatisServer.java:start(554)) - Starting OzoneManagerRatisServer om1 at port 9872
2022-08-09 13:48:04,644 [om1-impl-thread1] INFO  server.RaftServer$Division (RaftServerImpl.java:start(310)) - om1@group-C5BA1605619E: start as a follower, conf=-1: [om1|rpc:localhost:9872|priority:0], old=null
2022-08-09 13:48:04,644 [om1-impl-thread1] INFO  server.RaftServer$Division (RaftServerImpl.java:setRole(299)) - om1@group-C5BA1605619E: changes role from      null to FOLLOWER at term 0 for startAsFollower
2022-08-09 13:48:04,644 [om1-impl-thread1] INFO  impl.RoleInfo (RoleInfo.java:updateAndGet(139)) - om1: start om1@group-C5BA1605619E-FollowerState
2022-08-09 13:48:04,650 [om1-impl-thread1] INFO  util.JmxRegister (JmxRegister.java:tryRegister(44)) - Successfully registered JMX Bean with object name Ratis:service=RaftServer,group=group-C5BA1605619E,id=om1
2022-08-09 13:48:04,651 [Listener at 127.0.0.1/34619] INFO  server.RaftServer (RaftServerProxy.java:lambda$start$6(382)) - om1: start RPC server
2022-08-09 13:48:04,666 [Listener at 127.0.0.1/34619] INFO  server.GrpcService (GrpcService.java:startImpl(260)) - om1: GrpcService started, listening on 9872
2022-08-09 13:48:04,669 [Listener at 127.0.0.1/34619] INFO  om.OzoneManager (OzoneManager.java:start(1486)) - Version File has different layout version (3) than OM DB (null). That is expected if this OM has never been finalized to a newer layout version.
2022-08-09 13:48:04,669 [org.apache.ratis.util.JvmPauseMonitor$$Lambda$615/629946574@5bd3ef5c] INFO  util.JvmPauseMonitor (JvmPauseMonitor.java:run(103)) - JvmPauseMonitor-om1: Started
2022-08-09 13:48:04,673 [Listener at 127.0.0.1/34619] INFO  http.BaseHttpServer (BaseHttpServer.java:newHttpServer2BuilderForOzone(209)) - Starting Web-server for ozoneManager at: http://0.0.0.0:0
2022-08-09 13:48:04,673 [Listener at 127.0.0.1/34619] INFO  http.BaseHttpServer (BaseHttpServer.java:<init>(107)) - Hadoop Security Enabled: false Ozone Security Enabled: false Ozone HTTP Security Enabled: false 
2022-08-09 13:48:04,674 [Listener at 127.0.0.1/34619] INFO  server.AuthenticationFilter (AuthenticationFilter.java:constructSecretProvider(240)) - Unable to initialize FileSignerSecretProvider, falling back to use random secrets.
2022-08-09 13:48:04,692 [Listener at 127.0.0.1/34619] WARN  http.HttpRequestLog (HttpRequestLog.java:getRequestLog(103)) - Jetty request log can only be enabled using Log4j
2022-08-09 13:48:04,693 [Listener at 127.0.0.1/34619] INFO  http.HttpServer2 (HttpServer2.java:addGlobalFilter(1029)) - Added global filter 'safety' (class=org.apache.hadoop.hdds.server.http.HttpServer2$QuotingInputFilter)
2022-08-09 13:48:04,694 [Listener at 127.0.0.1/34619] INFO  http.HttpServer2 (HttpServer2.java:addFilter(1005)) - Added filter static_user_filter (class=org.apache.hadoop.http.lib.StaticUserWebFilter$StaticUserFilter) to context ozoneManager
2022-08-09 13:48:04,694 [Listener at 127.0.0.1/34619] INFO  http.HttpServer2 (HttpServer2.java:addFilter(1013)) - Added filter static_user_filter (class=org.apache.hadoop.http.lib.StaticUserWebFilter$StaticUserFilter) to context static
2022-08-09 13:48:04,694 [Listener at 127.0.0.1/34619] INFO  http.HttpServer2 (HttpServer2.java:addFilter(1013)) - Added filter static_user_filter (class=org.apache.hadoop.http.lib.StaticUserWebFilter$StaticUserFilter) to context logs
2022-08-09 13:48:04,695 [Listener at 127.0.0.1/34619] INFO  http.HttpServer2 (HttpServer2.java:bindListener(1248)) - Jetty bound to port 39987
2022-08-09 13:48:04,695 [Listener at 127.0.0.1/34619] INFO  server.Server (Server.java:doStart(375)) - jetty-9.4.43.v20210629; built: 2021-06-30T11:07:22.254Z; git: 526006ecfa3af7f1a27ef3a288e2bef7ea9dd7e8; jvm 1.8.0_332-b09
2022-08-09 13:48:04,706 [Listener at 127.0.0.1/34619] INFO  server.session (DefaultSessionIdManager.java:doStart(334)) - DefaultSessionIdManager workerName=node0
2022-08-09 13:48:04,706 [Listener at 127.0.0.1/34619] INFO  server.session (DefaultSessionIdManager.java:doStart(339)) - No SessionScavenger set, using defaults
2022-08-09 13:48:04,707 [Listener at 127.0.0.1/34619] INFO  server.session (HouseKeeper.java:startScavenging(132)) - node0 Scavenging every 600000ms
2022-08-09 13:48:04,707 [Listener at 127.0.0.1/34619] INFO  handler.ContextHandler (ContextHandler.java:doStart(915)) - Started o.e.j.s.ServletContextHandler@5da96b6c{logs,/logs,file:///home/runner/work/ozone/ozone/hadoop-ozone/integration-test/target/log,AVAILABLE}
2022-08-09 13:48:04,708 [Listener at 127.0.0.1/34619] INFO  handler.ContextHandler (ContextHandler.java:doStart(915)) - Started o.e.j.s.ServletContextHandler@428239c1{static,/static,file:///home/runner/work/ozone/ozone/hadoop-ozone/integration-test/target/test-classes/webapps/static,AVAILABLE}
2022-08-09 13:48:04,710 [Listener at 127.0.0.1/34619] INFO  handler.ContextHandler (ContextHandler.java:doStart(915)) - Started o.e.j.w.WebAppContext@7c38e37a{ozoneManager,/,file:///home/runner/work/ozone/ozone/hadoop-ozone/integration-test/target/test-classes/webapps/ozoneManager/,AVAILABLE}{file:/home/runner/work/ozone/ozone/hadoop-ozone/integration-test/target/test-classes/webapps/ozoneManager}
2022-08-09 13:48:04,729 [Listener at 127.0.0.1/34619] INFO  server.AbstractConnector (AbstractConnector.java:doStart(331)) - Started ServerConnector@25d4cf47{HTTP/1.1, (http/1.1)}{0.0.0.0:39987}
2022-08-09 13:48:04,729 [Listener at 127.0.0.1/34619] INFO  server.Server (Server.java:doStart(415)) - Started @71464ms
2022-08-09 13:48:04,729 [Listener at 127.0.0.1/34619] WARN  impl.MetricsSystemImpl (MetricsSystemImpl.java:register(279)) - Sink prometheus already exists!
2022-08-09 13:48:04,733 [Listener at 127.0.0.1/34619] INFO  http.BaseHttpServer (BaseHttpServer.java:updateConnectorAddress(329)) - HTTP server of ozoneManager listening at http://0.0.0.0:39987
2022-08-09 13:48:04,745 [IPC Server Responder] INFO  ipc.Server (Server.java:run(1507)) - IPC Server Responder: starting
2022-08-09 13:48:04,745 [IPC Server listener on 0] INFO  ipc.Server (Server.java:run(1344)) - IPC Server listener on 0: starting
2022-08-09 13:48:04,759 [Listener at 127.0.0.1/34619] INFO  om.TrashPolicyOzone (TrashPolicyOzone.java:<init>(178)) - Ozone Manager trash configuration: Deletion interval = 0 minutes, Emptier interval = 0 minutes.
2022-08-09 13:48:04,809 [org.apache.hadoop.util.JvmPauseMonitor$Monitor@49454830] INFO  util.JvmPauseMonitor (JvmPauseMonitor.java:run(188)) - Starting JVM pause monitor
2022-08-09 13:48:04,825 [Listener at 127.0.0.1/34619] WARN  impl.MetricRegistriesImpl (MetricRegistriesImpl.java:addReporterRegistration(111)) - New reporters are added after registries were created. Some metrics will be missing from the reporter. Please add reporter before adding any new registry.
2022-08-09 13:48:04,825 [Listener at 127.0.0.1/34619] WARN  impl.MetricRegistriesImpl (MetricRegistriesImpl.java:addReporterRegistration(111)) - New reporters are added after registries were created. Some metrics will be missing from the reporter. Please add reporter before adding any new registry.
2022-08-09 13:48:04,825 [Listener at 127.0.0.1/34619] INFO  impl.MetricsSystemImpl (MetricsSystemImpl.java:init(158)) - HddsDatanode metrics system started (again)
2022-08-09 13:48:04,851 [Listener at 127.0.0.1/34619] INFO  ozone.HddsDatanodeService (HddsDatanodeService.java:start(236)) - HddsDatanodeService host:fv-az450-466.jnfmftgkylze5hd05chtbp1i0a.dx.internal.cloudapp.net ip:10.1.0.19
2022-08-09 13:48:04,894 [Listener at 127.0.0.1/34619] INFO  upgrade.AbstractLayoutVersionManager (AbstractLayoutVersionManager.java:init(83)) - Initializing Layout version manager with metadata layout = DATANODE_SCHEMA_V3 (version = 4), software layout = DATANODE_SCHEMA_V3 (version = 4)
2022-08-09 13:48:05,044 [Listener at 127.0.0.1/34619] INFO  reflections.Reflections (Reflections.java:scan(232)) - Reflections took 148 ms to scan 7 urls, producing 132 keys and 321 values 
2022-08-09 13:48:05,045 [Listener at 127.0.0.1/34619] INFO  statemachine.DatanodeStateMachine (DatanodeStateMachine.java:getEndPointTaskThreadPoolSize(237)) - Datanode State Machine Task Thread Pool size 2
2022-08-09 13:48:05,047 [Listener at 127.0.0.1/34619] INFO  volume.HddsVolume (HddsVolume.java:<init>(116)) - Creating HddsVolume: /home/runner/work/ozone/ozone/hadoop-ozone/integration-test/target/test-dir/MiniOzoneClusterImpl-47423824-61ae-4caf-b360-a3644823e0d5/datanode-0/data-0/containers/hdds of storage type : DISK capacity : 9223372036854775807
2022-08-09 13:48:05,047 [Listener at 127.0.0.1/34619] INFO  volume.MutableVolumeSet (MutableVolumeSet.java:initializeVolumeSet(174)) - Added Volume : /home/runner/work/ozone/ozone/hadoop-ozone/integration-test/target/test-dir/MiniOzoneClusterImpl-47423824-61ae-4caf-b360-a3644823e0d5/datanode-0/data-0/containers/hdds to VolumeSet
2022-08-09 13:48:05,047 [Listener at 127.0.0.1/34619] INFO  volume.ThrottledAsyncChecker (ThrottledAsyncChecker.java:schedule(141)) - Scheduling a check for /home/runner/work/ozone/ozone/hadoop-ozone/integration-test/target/test-dir/MiniOzoneClusterImpl-47423824-61ae-4caf-b360-a3644823e0d5/datanode-0/data-0/containers/hdds
2022-08-09 13:48:05,048 [Listener at 127.0.0.1/34619] INFO  volume.StorageVolumeChecker (StorageVolumeChecker.java:checkAllVolumes(202)) - Scheduled health check for volume /home/runner/work/ozone/ozone/hadoop-ozone/integration-test/target/test-dir/MiniOzoneClusterImpl-47423824-61ae-4caf-b360-a3644823e0d5/datanode-0/data-0/containers/hdds
2022-08-09 13:48:05,062 [Listener at 127.0.0.1/34619] INFO  volume.MutableVolumeSet (MutableVolumeSet.java:initializeVolumeSet(174)) - Added Volume : /home/runner/work/ozone/ozone/hadoop-ozone/integration-test/target/test-dir/MiniOzoneClusterImpl-47423824-61ae-4caf-b360-a3644823e0d5/datanode-0/data/ratis to VolumeSet
2022-08-09 13:48:05,062 [Listener at 127.0.0.1/34619] INFO  volume.ThrottledAsyncChecker (ThrottledAsyncChecker.java:schedule(141)) - Scheduling a check for /home/runner/work/ozone/ozone/hadoop-ozone/integration-test/target/test-dir/MiniOzoneClusterImpl-47423824-61ae-4caf-b360-a3644823e0d5/datanode-0/data/ratis
2022-08-09 13:48:05,063 [Listener at 127.0.0.1/34619] INFO  volume.StorageVolumeChecker (StorageVolumeChecker.java:checkAllVolumes(202)) - Scheduled health check for volume /home/runner/work/ozone/ozone/hadoop-ozone/integration-test/target/test-dir/MiniOzoneClusterImpl-47423824-61ae-4caf-b360-a3644823e0d5/datanode-0/data/ratis
2022-08-09 13:48:05,082 [Thread-639] INFO  ozoneimpl.ContainerReader (ContainerReader.java:readVolume(175)) - Finish verifying containers on volume /home/runner/work/ozone/ozone/hadoop-ozone/integration-test/target/test-dir/MiniOzoneClusterImpl-47423824-61ae-4caf-b360-a3644823e0d5/datanode-0/data-0/containers/hdds
2022-08-09 13:48:05,083 [Listener at 127.0.0.1/34619] INFO  ozoneimpl.OzoneContainer (OzoneContainer.java:buildContainerSet(299)) - Build ContainerSet costs 0s
2022-08-09 13:48:05,085 [Listener at 127.0.0.1/34619] INFO  server.RaftServer (ConfUtils.java:logGet(46)) - raft.rpc.type = GRPC (default)
2022-08-09 13:48:05,085 [Listener at 127.0.0.1/34619] INFO  grpc.GrpcFactory (GrpcFactory.java:checkPooledByteBufAllocatorUseCacheForAllThreads(48)) - PERFORMANCE WARNING: useCacheForAllThreads is true that may cause Netty to create a lot garbage objects and, as a result, trigger GC.
	It is recommended to disable useCacheForAllThreads by setting -Dorg.apache.ratis.thirdparty.io.netty.allocator.useCacheForAllThreads=false in command line.
2022-08-09 13:48:05,085 [Listener at 127.0.0.1/34619] INFO  grpc.GrpcConfigKeys (ConfUtils.java:logGet(46)) - raft.grpc.admin.port = 0 (custom)
2022-08-09 13:48:05,085 [Listener at 127.0.0.1/34619] INFO  grpc.GrpcConfigKeys (ConfUtils.java:logGet(46)) - raft.grpc.client.port = 0 (custom)
2022-08-09 13:48:05,085 [Listener at 127.0.0.1/34619] INFO  grpc.GrpcConfigKeys (ConfUtils.java:logGet(46)) - raft.grpc.server.port = 0 (default)
2022-08-09 13:48:05,085 [Listener at 127.0.0.1/34619] INFO  server.GrpcService (ConfUtils.java:logGet(46)) - raft.grpc.message.size.max = 32MB (=33554432) (custom)
2022-08-09 13:48:05,085 [Listener at 127.0.0.1/34619] INFO  server.RaftServerConfigKeys (ConfUtils.java:logGet(46)) - raft.server.log.appender.buffer.byte-limit = 33554432 (custom)
2022-08-09 13:48:05,085 [Listener at 127.0.0.1/34619] INFO  server.GrpcService (ConfUtils.java:logGet(46)) - raft.grpc.flow.control.window = 5MB (=5242880) (custom)
2022-08-09 13:48:05,085 [Listener at 127.0.0.1/34619] INFO  server.RaftServerConfigKeys (ConfUtils.java:logGet(46)) - raft.server.rpc.request.timeout = 60s (custom)
2022-08-09 13:48:05,086 [Listener at 127.0.0.1/34619] INFO  grpc.GrpcConfigKeys (ConfUtils.java:logGet(46)) - raft.grpc.server.async.request.thread.pool.cached = true (default)
2022-08-09 13:48:05,086 [Listener at 127.0.0.1/34619] INFO  grpc.GrpcConfigKeys (ConfUtils.java:logGet(46)) - raft.grpc.server.async.request.thread.pool.size = 32 (default)
2022-08-09 13:48:05,087 [Listener at 127.0.0.1/34619] INFO  impl.DataStreamServerImpl (ConfUtils.java:logGet(46)) - raft.datastream.type = DISABLED (default)
2022-08-09 13:48:05,087 [Listener at 127.0.0.1/34619] INFO  server.RaftServerConfigKeys (ConfUtils.java:logGet(46)) - raft.server.threadpool.proxy.cached = true (default)
2022-08-09 13:48:05,087 [Listener at 127.0.0.1/34619] INFO  server.RaftServerConfigKeys (ConfUtils.java:logGet(46)) - raft.server.threadpool.proxy.size = 0 (default)
2022-08-09 13:48:05,087 [Listener at 127.0.0.1/34619] INFO  server.RaftServerConfigKeys (ConfUtils.java:logGet(46)) - raft.server.rpc.slowness.timeout = 300s (custom)
2022-08-09 13:48:05,087 [Listener at 127.0.0.1/34619] INFO  server.RaftServerConfigKeys (ConfUtils.java:logGet(46)) - raft.server.leaderelection.leader.step-down.wait-time = 10s (default)
2022-08-09 13:48:05,087 [Listener at 127.0.0.1/34619] INFO  server.RaftServerConfigKeys (ConfUtils.java:logGet(46)) - raft.server.storage.dir = [/home/runner/work/ozone/ozone/hadoop-ozone/integration-test/target/test-dir/MiniOzoneClusterImpl-47423824-61ae-4caf-b360-a3644823e0d5/datanode-0/data/ratis] (custom)
2022-08-09 13:48:05,095 [Listener at 127.0.0.1/34619] INFO  server.XceiverServerGrpc (XceiverServerGrpc.java:<init>(132)) - GrpcServer channel type EpollServerSocketChannel
2022-08-09 13:48:05,113 [Listener at 127.0.0.1/34619] INFO  http.BaseHttpServer (BaseHttpServer.java:newHttpServer2BuilderForOzone(209)) - Starting Web-server for hddsDatanode at: http://0.0.0.0:0
2022-08-09 13:48:05,113 [Listener at 127.0.0.1/34619] INFO  http.BaseHttpServer (BaseHttpServer.java:<init>(107)) - Hadoop Security Enabled: false Ozone Security Enabled: false Ozone HTTP Security Enabled: false 
2022-08-09 13:48:05,114 [Listener at 127.0.0.1/34619] INFO  server.AuthenticationFilter (AuthenticationFilter.java:constructSecretProvider(240)) - Unable to initialize FileSignerSecretProvider, falling back to use random secrets.
2022-08-09 13:48:05,116 [Listener at 127.0.0.1/34619] WARN  http.HttpRequestLog (HttpRequestLog.java:getRequestLog(103)) - Jetty request log can only be enabled using Log4j
2022-08-09 13:48:05,117 [Listener at 127.0.0.1/34619] INFO  http.HttpServer2 (HttpServer2.java:addGlobalFilter(1029)) - Added global filter 'safety' (class=org.apache.hadoop.hdds.server.http.HttpServer2$QuotingInputFilter)
2022-08-09 13:48:05,117 [Listener at 127.0.0.1/34619] INFO  http.HttpServer2 (HttpServer2.java:addFilter(1005)) - Added filter static_user_filter (class=org.apache.hadoop.http.lib.StaticUserWebFilter$StaticUserFilter) to context hddsDatanode
2022-08-09 13:48:05,117 [Listener at 127.0.0.1/34619] INFO  http.HttpServer2 (HttpServer2.java:addFilter(1013)) - Added filter static_user_filter (class=org.apache.hadoop.http.lib.StaticUserWebFilter$StaticUserFilter) to context logs
2022-08-09 13:48:05,118 [Listener at 127.0.0.1/34619] INFO  http.HttpServer2 (HttpServer2.java:addFilter(1013)) - Added filter static_user_filter (class=org.apache.hadoop.http.lib.StaticUserWebFilter$StaticUserFilter) to context static
2022-08-09 13:48:05,118 [Listener at 127.0.0.1/34619] INFO  http.HttpServer2 (HttpServer2.java:bindListener(1248)) - Jetty bound to port 37421
2022-08-09 13:48:05,118 [Listener at 127.0.0.1/34619] INFO  server.Server (Server.java:doStart(375)) - jetty-9.4.43.v20210629; built: 2021-06-30T11:07:22.254Z; git: 526006ecfa3af7f1a27ef3a288e2bef7ea9dd7e8; jvm 1.8.0_332-b09
2022-08-09 13:48:05,119 [Listener at 127.0.0.1/34619] INFO  server.session (DefaultSessionIdManager.java:doStart(334)) - DefaultSessionIdManager workerName=node0
2022-08-09 13:48:05,119 [Listener at 127.0.0.1/34619] INFO  server.session (DefaultSessionIdManager.java:doStart(339)) - No SessionScavenger set, using defaults
2022-08-09 13:48:05,120 [Listener at 127.0.0.1/34619] INFO  server.session (HouseKeeper.java:startScavenging(132)) - node0 Scavenging every 660000ms
2022-08-09 13:48:05,120 [Listener at 127.0.0.1/34619] INFO  handler.ContextHandler (ContextHandler.java:doStart(915)) - Started o.e.j.s.ServletContextHandler@2deb650{logs,/logs,file:///home/runner/work/ozone/ozone/hadoop-ozone/integration-test/target/log,AVAILABLE}
2022-08-09 13:48:05,121 [Listener at 127.0.0.1/34619] INFO  handler.ContextHandler (ContextHandler.java:doStart(915)) - Started o.e.j.s.ServletContextHandler@6ce4678b{static,/static,jar:file:/home/runner/.m2/repository/org/apache/ozone/hdds-container-service/1.3.0-SNAPSHOT/hdds-container-service-1.3.0-SNAPSHOT.jar!/webapps/static,AVAILABLE}
2022-08-09 13:48:05,473 [Listener at 127.0.0.1/34619] INFO  handler.ContextHandler (ContextHandler.java:doStart(915)) - Started o.e.j.w.WebAppContext@1a628ee7{hddsDatanode,/,file:///tmp/jetty-0_0_0_0-37421-hdds-container-service-1_3_0-SNAPSHOT_jar-_-any-8891569946717461517/webapp/,AVAILABLE}{jar:file:/home/runner/.m2/repository/org/apache/ozone/hdds-container-service/1.3.0-SNAPSHOT/hdds-container-service-1.3.0-SNAPSHOT.jar!/webapps/hddsDatanode}
2022-08-09 13:48:05,475 [Listener at 127.0.0.1/34619] INFO  server.AbstractConnector (AbstractConnector.java:doStart(331)) - Started ServerConnector@13ea4fd6{HTTP/1.1, (http/1.1)}{0.0.0.0:37421}
2022-08-09 13:48:05,475 [Listener at 127.0.0.1/34619] INFO  server.Server (Server.java:doStart(415)) - Started @72209ms
2022-08-09 13:48:05,475 [Listener at 127.0.0.1/34619] WARN  impl.MetricsSystemImpl (MetricsSystemImpl.java:register(279)) - Sink prometheus already exists!
2022-08-09 13:48:05,481 [Listener at 127.0.0.1/34619] INFO  http.BaseHttpServer (BaseHttpServer.java:updateConnectorAddress(329)) - HTTP server of hddsDatanode listening at http://0.0.0.0:37421
2022-08-09 13:48:05,484 [Listener at 127.0.0.1/34619] WARN  impl.MetricRegistriesImpl (MetricRegistriesImpl.java:addReporterRegistration(111)) - New reporters are added after registries were created. Some metrics will be missing from the reporter. Please add reporter before adding any new registry.
2022-08-09 13:48:05,484 [Listener at 127.0.0.1/34619] WARN  impl.MetricRegistriesImpl (MetricRegistriesImpl.java:addReporterRegistration(111)) - New reporters are added after registries were created. Some metrics will be missing from the reporter. Please add reporter before adding any new registry.
2022-08-09 13:48:05,485 [Listener at 127.0.0.1/34619] INFO  impl.MetricsSystemImpl (MetricsSystemImpl.java:init(158)) - HddsDatanode metrics system started (again)
2022-08-09 13:48:05,500 [Datanode State Machine Daemon Thread] INFO  statemachine.DatanodeStateMachine (DatanodeStateMachine.java:lambda$startDaemon$0(492)) - Ozone container server started.
2022-08-09 13:48:05,512 [Listener at 127.0.0.1/34619] INFO  ozone.HddsDatanodeService (HddsDatanodeService.java:start(236)) - HddsDatanodeService host:fv-az450-466.jnfmftgkylze5hd05chtbp1i0a.dx.internal.cloudapp.net ip:10.1.0.19
2022-08-09 13:48:05,575 [Listener at 127.0.0.1/34619] INFO  upgrade.AbstractLayoutVersionManager (AbstractLayoutVersionManager.java:init(83)) - Initializing Layout version manager with metadata layout = DATANODE_SCHEMA_V3 (version = 4), software layout = DATANODE_SCHEMA_V3 (version = 4)
2022-08-09 13:48:05,588 [org.apache.hadoop.util.JvmPauseMonitor$Monitor@720f23b] INFO  util.JvmPauseMonitor (JvmPauseMonitor.java:run(188)) - Starting JVM pause monitor
2022-08-09 13:48:05,598 [Datanode State Machine Task Thread - 0] INFO  datanode.InitDatanodeState (InitDatanodeState.java:persistContainerDatanodeDetails(138)) - DatanodeDetails is persisted to /home/runner/work/ozone/ozone/hadoop-ozone/integration-test/target/test-dir/MiniOzoneClusterImpl-47423824-61ae-4caf-b360-a3644823e0d5/datanode-0/meta/datanode.id
2022-08-09 13:48:05,659 [Listener at 127.0.0.1/34619] INFO  reflections.Reflections (Reflections.java:scan(232)) - Reflections took 83 ms to scan 7 urls, producing 132 keys and 321 values 
2022-08-09 13:48:05,660 [Listener at 127.0.0.1/34619] INFO  statemachine.DatanodeStateMachine (DatanodeStateMachine.java:getEndPointTaskThreadPoolSize(237)) - Datanode State Machine Task Thread Pool size 2
2022-08-09 13:48:05,662 [Listener at 127.0.0.1/34619] INFO  volume.HddsVolume (HddsVolume.java:<init>(116)) - Creating HddsVolume: /home/runner/work/ozone/ozone/hadoop-ozone/integration-test/target/test-dir/MiniOzoneClusterImpl-47423824-61ae-4caf-b360-a3644823e0d5/datanode-1/data-0/containers/hdds of storage type : DISK capacity : 9223372036854775807
2022-08-09 13:48:05,662 [Listener at 127.0.0.1/34619] INFO  volume.MutableVolumeSet (MutableVolumeSet.java:initializeVolumeSet(174)) - Added Volume : /home/runner/work/ozone/ozone/hadoop-ozone/integration-test/target/test-dir/MiniOzoneClusterImpl-47423824-61ae-4caf-b360-a3644823e0d5/datanode-1/data-0/containers/hdds to VolumeSet
2022-08-09 13:48:05,662 [Listener at 127.0.0.1/34619] INFO  volume.ThrottledAsyncChecker (ThrottledAsyncChecker.java:schedule(141)) - Scheduling a check for /home/runner/work/ozone/ozone/hadoop-ozone/integration-test/target/test-dir/MiniOzoneClusterImpl-47423824-61ae-4caf-b360-a3644823e0d5/datanode-1/data-0/containers/hdds
2022-08-09 13:48:05,662 [Listener at 127.0.0.1/34619] INFO  volume.StorageVolumeChecker (StorageVolumeChecker.java:checkAllVolumes(202)) - Scheduled health check for volume /home/runner/work/ozone/ozone/hadoop-ozone/integration-test/target/test-dir/MiniOzoneClusterImpl-47423824-61ae-4caf-b360-a3644823e0d5/datanode-1/data-0/containers/hdds
2022-08-09 13:48:05,680 [Listener at 127.0.0.1/34619] INFO  volume.MutableVolumeSet (MutableVolumeSet.java:initializeVolumeSet(174)) - Added Volume : /home/runner/work/ozone/ozone/hadoop-ozone/integration-test/target/test-dir/MiniOzoneClusterImpl-47423824-61ae-4caf-b360-a3644823e0d5/datanode-1/data/ratis to VolumeSet
2022-08-09 13:48:05,681 [Listener at 127.0.0.1/34619] INFO  volume.ThrottledAsyncChecker (ThrottledAsyncChecker.java:schedule(141)) - Scheduling a check for /home/runner/work/ozone/ozone/hadoop-ozone/integration-test/target/test-dir/MiniOzoneClusterImpl-47423824-61ae-4caf-b360-a3644823e0d5/datanode-1/data/ratis
2022-08-09 13:48:05,697 [Listener at 127.0.0.1/34619] INFO  volume.StorageVolumeChecker (StorageVolumeChecker.java:checkAllVolumes(202)) - Scheduled health check for volume /home/runner/work/ozone/ozone/hadoop-ozone/integration-test/target/test-dir/MiniOzoneClusterImpl-47423824-61ae-4caf-b360-a3644823e0d5/datanode-1/data/ratis
2022-08-09 13:48:05,715 [Thread-652] INFO  ozoneimpl.ContainerReader (ContainerReader.java:readVolume(175)) - Finish verifying containers on volume /home/runner/work/ozone/ozone/hadoop-ozone/integration-test/target/test-dir/MiniOzoneClusterImpl-47423824-61ae-4caf-b360-a3644823e0d5/datanode-1/data-0/containers/hdds
2022-08-09 13:48:05,715 [Listener at 127.0.0.1/34619] INFO  ozoneimpl.OzoneContainer (OzoneContainer.java:buildContainerSet(299)) - Build ContainerSet costs 0s
2022-08-09 13:48:05,717 [Listener at 127.0.0.1/34619] INFO  server.RaftServer (ConfUtils.java:logGet(46)) - raft.rpc.type = GRPC (default)
2022-08-09 13:48:05,717 [Listener at 127.0.0.1/34619] INFO  grpc.GrpcFactory (GrpcFactory.java:checkPooledByteBufAllocatorUseCacheForAllThreads(48)) - PERFORMANCE WARNING: useCacheForAllThreads is true that may cause Netty to create a lot garbage objects and, as a result, trigger GC.
	It is recommended to disable useCacheForAllThreads by setting -Dorg.apache.ratis.thirdparty.io.netty.allocator.useCacheForAllThreads=false in command line.
2022-08-09 13:48:05,717 [Listener at 127.0.0.1/34619] INFO  grpc.GrpcConfigKeys (ConfUtils.java:logGet(46)) - raft.grpc.admin.port = 0 (custom)
2022-08-09 13:48:05,717 [Listener at 127.0.0.1/34619] INFO  grpc.GrpcConfigKeys (ConfUtils.java:logGet(46)) - raft.grpc.client.port = 0 (custom)
2022-08-09 13:48:05,717 [Listener at 127.0.0.1/34619] INFO  grpc.GrpcConfigKeys (ConfUtils.java:logGet(46)) - raft.grpc.server.port = 0 (default)
2022-08-09 13:48:05,717 [Listener at 127.0.0.1/34619] INFO  server.GrpcService (ConfUtils.java:logGet(46)) - raft.grpc.message.size.max = 32MB (=33554432) (custom)
2022-08-09 13:48:05,717 [Listener at 127.0.0.1/34619] INFO  server.RaftServerConfigKeys (ConfUtils.java:logGet(46)) - raft.server.log.appender.buffer.byte-limit = 33554432 (custom)
2022-08-09 13:48:05,717 [Listener at 127.0.0.1/34619] INFO  server.GrpcService (ConfUtils.java:logGet(46)) - raft.grpc.flow.control.window = 5MB (=5242880) (custom)
2022-08-09 13:48:05,717 [Listener at 127.0.0.1/34619] INFO  server.RaftServerConfigKeys (ConfUtils.java:logGet(46)) - raft.server.rpc.request.timeout = 60s (custom)
2022-08-09 13:48:05,718 [Listener at 127.0.0.1/34619] INFO  grpc.GrpcConfigKeys (ConfUtils.java:logGet(46)) - raft.grpc.server.async.request.thread.pool.cached = true (default)
2022-08-09 13:48:05,718 [Listener at 127.0.0.1/34619] INFO  grpc.GrpcConfigKeys (ConfUtils.java:logGet(46)) - raft.grpc.server.async.request.thread.pool.size = 32 (default)
2022-08-09 13:48:05,718 [om1@group-C5BA1605619E-FollowerState] INFO  impl.FollowerState (FollowerState.java:run(143)) - om1@group-C5BA1605619E-FollowerState: change to CANDIDATE, lastRpcElapsedTime:1073689155ns, electionTimeout:1067ms
2022-08-09 13:48:05,718 [om1@group-C5BA1605619E-FollowerState] INFO  impl.RoleInfo (RoleInfo.java:shutdownFollowerState(110)) - om1: shutdown om1@group-C5BA1605619E-FollowerState
2022-08-09 13:48:05,718 [om1@group-C5BA1605619E-FollowerState] INFO  server.RaftServer$Division (RaftServerImpl.java:setRole(299)) - om1@group-C5BA1605619E: changes role from  FOLLOWER to CANDIDATE at term 0 for changeToCandidate
2022-08-09 13:48:05,718 [om1@group-C5BA1605619E-FollowerState] INFO  server.RaftServerConfigKeys (ConfUtils.java:logGet(46)) - raft.server.leaderelection.pre-vote = false (custom)
2022-08-09 13:48:05,718 [om1@group-C5BA1605619E-FollowerState] INFO  impl.RoleInfo (RoleInfo.java:updateAndGet(139)) - om1: start om1@group-C5BA1605619E-LeaderElection14
2022-08-09 13:48:05,721 [Listener at 127.0.0.1/34619] INFO  impl.DataStreamServerImpl (ConfUtils.java:logGet(46)) - raft.datastream.type = DISABLED (default)
2022-08-09 13:48:05,721 [Listener at 127.0.0.1/34619] INFO  server.RaftServerConfigKeys (ConfUtils.java:logGet(46)) - raft.server.threadpool.proxy.cached = true (default)
2022-08-09 13:48:05,721 [Listener at 127.0.0.1/34619] INFO  server.RaftServerConfigKeys (ConfUtils.java:logGet(46)) - raft.server.threadpool.proxy.size = 0 (default)
2022-08-09 13:48:05,721 [Listener at 127.0.0.1/34619] INFO  server.RaftServerConfigKeys (ConfUtils.java:logGet(46)) - raft.server.rpc.slowness.timeout = 300s (custom)
2022-08-09 13:48:05,721 [Listener at 127.0.0.1/34619] INFO  server.RaftServerConfigKeys (ConfUtils.java:logGet(46)) - raft.server.leaderelection.leader.step-down.wait-time = 10s (default)
2022-08-09 13:48:05,721 [Listener at 127.0.0.1/34619] INFO  server.RaftServerConfigKeys (ConfUtils.java:logGet(46)) - raft.server.storage.dir = [/home/runner/work/ozone/ozone/hadoop-ozone/integration-test/target/test-dir/MiniOzoneClusterImpl-47423824-61ae-4caf-b360-a3644823e0d5/datanode-1/data/ratis] (custom)
2022-08-09 13:48:05,735 [om1@group-C5BA1605619E-LeaderElection14] INFO  impl.LeaderElection (LeaderElection.java:askForVotes(310)) - om1@group-C5BA1605619E-LeaderElection14 ELECTION round 0: submit vote requests at term 1 for -1: [om1|rpc:localhost:9872|priority:0], old=null
2022-08-09 13:48:05,735 [om1@group-C5BA1605619E-LeaderElection14] INFO  impl.LeaderElection (LeaderElection.java:askForVotes(312)) - om1@group-C5BA1605619E-LeaderElection14 ELECTION round 0: result PASSED (term=1)
2022-08-09 13:48:05,735 [om1@group-C5BA1605619E-LeaderElection14] INFO  impl.RoleInfo (RoleInfo.java:shutdownLeaderElection(130)) - om1: shutdown om1@group-C5BA1605619E-LeaderElection14
2022-08-09 13:48:05,736 [om1@group-C5BA1605619E-LeaderElection14] INFO  server.RaftServer$Division (RaftServerImpl.java:setRole(299)) - om1@group-C5BA1605619E: changes role from CANDIDATE to LEADER at term 1 for changeToLeader
2022-08-09 13:48:05,736 [om1@group-C5BA1605619E-LeaderElection14] INFO  server.RaftServer$Division (ServerState.java:setLeader(287)) - om1@group-C5BA1605619E: change Leader from null to om1 at term 1 for becomeLeader, leader elected after 2138ms
2022-08-09 13:48:05,736 [om1@group-C5BA1605619E-LeaderElection14] INFO  server.RaftServerConfigKeys (ConfUtils.java:logGet(46)) - raft.server.staging.catchup.gap = 1000 (default)
2022-08-09 13:48:05,737 [om1@group-C5BA1605619E-LeaderElection14] INFO  server.RaftServerConfigKeys (ConfUtils.java:logGet(46)) - raft.server.write.element-limit = 4096 (default)
2022-08-09 13:48:05,737 [om1@group-C5BA1605619E-LeaderElection14] INFO  server.RaftServerConfigKeys (ConfUtils.java:logGet(46)) - raft.server.write.byte-limit = 64MB (=67108864) (default)
2022-08-09 13:48:05,737 [om1@group-C5BA1605619E-LeaderElection14] INFO  server.RaftServerConfigKeys (ConfUtils.java:logGet(46)) - raft.server.watch.timeout = 10s (default)
2022-08-09 13:48:05,738 [om1@group-C5BA1605619E-LeaderElection14] INFO  server.RaftServerConfigKeys (ConfUtils.java:logGet(46)) - raft.server.watch.timeout.denomination = 1s (default)
2022-08-09 13:48:05,738 [om1@group-C5BA1605619E-LeaderElection14] INFO  server.RaftServerConfigKeys (ConfUtils.java:logGet(46)) - raft.server.watch.element-limit = 65536 (default)
2022-08-09 13:48:05,738 [om1@group-C5BA1605619E-LeaderElection14] INFO  server.RaftServerConfigKeys (ConfUtils.java:logGet(46)) - raft.server.write.element-limit = 4096 (default)
2022-08-09 13:48:05,738 [om1@group-C5BA1605619E-LeaderElection14] INFO  server.RaftServerConfigKeys (ConfUtils.java:logGet(46)) - raft.server.write.follower.gap.ratio.max = -1.0 (default)
2022-08-09 13:48:05,738 [om1@group-C5BA1605619E-LeaderElection14] INFO  impl.RoleInfo (RoleInfo.java:updateAndGet(139)) - om1: start om1@group-C5BA1605619E-LeaderStateImpl
2022-08-09 13:48:05,738 [om1@group-C5BA1605619E-LeaderElection14] INFO  segmented.SegmentedRaftLogWorker (SegmentedRaftLogWorker.java:startLogSegment(425)) - om1@group-C5BA1605619E-SegmentedRaftLogWorker: Starting segment from index:0
2022-08-09 13:48:05,753 [om1@group-C5BA1605619E-SegmentedRaftLogWorker] INFO  segmented.SegmentedRaftLogWorker (SegmentedRaftLogWorker.java:execute(629)) - om1@group-C5BA1605619E-SegmentedRaftLogWorker: created new log segment /home/runner/work/ozone/ozone/hadoop-ozone/integration-test/target/test-dir/MiniOzoneClusterImpl-47423824-61ae-4caf-b360-a3644823e0d5/ozone-meta/ratis/bf265839-605b-3f16-9796-c5ba1605619e/current/log_inprogress_0
2022-08-09 13:48:05,759 [om1@group-C5BA1605619E-LeaderElection14] INFO  server.RaftServer$Division (ServerState.java:setRaftConf(393)) - om1@group-C5BA1605619E: set configuration 0: [om1|rpc:localhost:9872|admin:|client:|dataStream:|priority:0], old=null
2022-08-09 13:48:05,760 [Listener at 127.0.0.1/34619] INFO  server.XceiverServerGrpc (XceiverServerGrpc.java:<init>(132)) - GrpcServer channel type EpollServerSocketChannel
2022-08-09 13:48:05,766 [Listener at 127.0.0.1/34619] INFO  http.BaseHttpServer (BaseHttpServer.java:newHttpServer2BuilderForOzone(209)) - Starting Web-server for hddsDatanode at: http://0.0.0.0:0
2022-08-09 13:48:05,766 [Listener at 127.0.0.1/34619] INFO  http.BaseHttpServer (BaseHttpServer.java:<init>(107)) - Hadoop Security Enabled: false Ozone Security Enabled: false Ozone HTTP Security Enabled: false 
2022-08-09 13:48:05,767 [Listener at 127.0.0.1/34619] INFO  server.AuthenticationFilter (AuthenticationFilter.java:constructSecretProvider(240)) - Unable to initialize FileSignerSecretProvider, falling back to use random secrets.
2022-08-09 13:48:05,769 [Listener at 127.0.0.1/34619] WARN  http.HttpRequestLog (HttpRequestLog.java:getRequestLog(103)) - Jetty request log can only be enabled using Log4j
2022-08-09 13:48:05,770 [Listener at 127.0.0.1/34619] INFO  http.HttpServer2 (HttpServer2.java:addGlobalFilter(1029)) - Added global filter 'safety' (class=org.apache.hadoop.hdds.server.http.HttpServer2$QuotingInputFilter)
2022-08-09 13:48:05,771 [Listener at 127.0.0.1/34619] INFO  http.HttpServer2 (HttpServer2.java:addFilter(1005)) - Added filter static_user_filter (class=org.apache.hadoop.http.lib.StaticUserWebFilter$StaticUserFilter) to context hddsDatanode
2022-08-09 13:48:05,771 [Listener at 127.0.0.1/34619] INFO  http.HttpServer2 (HttpServer2.java:addFilter(1013)) - Added filter static_user_filter (class=org.apache.hadoop.http.lib.StaticUserWebFilter$StaticUserFilter) to context static
2022-08-09 13:48:05,771 [Listener at 127.0.0.1/34619] INFO  http.HttpServer2 (HttpServer2.java:addFilter(1013)) - Added filter static_user_filter (class=org.apache.hadoop.http.lib.StaticUserWebFilter$StaticUserFilter) to context logs
2022-08-09 13:48:05,771 [Listener at 127.0.0.1/34619] INFO  http.HttpServer2 (HttpServer2.java:bindListener(1248)) - Jetty bound to port 36129
2022-08-09 13:48:05,771 [Listener at 127.0.0.1/34619] INFO  server.Server (Server.java:doStart(375)) - jetty-9.4.43.v20210629; built: 2021-06-30T11:07:22.254Z; git: 526006ecfa3af7f1a27ef3a288e2bef7ea9dd7e8; jvm 1.8.0_332-b09
2022-08-09 13:48:05,773 [Listener at 127.0.0.1/34619] INFO  server.session (DefaultSessionIdManager.java:doStart(334)) - DefaultSessionIdManager workerName=node0
2022-08-09 13:48:05,773 [Listener at 127.0.0.1/34619] INFO  server.session (DefaultSessionIdManager.java:doStart(339)) - No SessionScavenger set, using defaults
2022-08-09 13:48:05,774 [Listener at 127.0.0.1/34619] INFO  server.session (HouseKeeper.java:startScavenging(132)) - node0 Scavenging every 600000ms
2022-08-09 13:48:05,774 [Listener at 127.0.0.1/34619] INFO  handler.ContextHandler (ContextHandler.java:doStart(915)) - Started o.e.j.s.ServletContextHandler@4415a8e{logs,/logs,file:///home/runner/work/ozone/ozone/hadoop-ozone/integration-test/target/log,AVAILABLE}
2022-08-09 13:48:05,775 [Listener at 127.0.0.1/34619] INFO  handler.ContextHandler (ContextHandler.java:doStart(915)) - Started o.e.j.s.ServletContextHandler@6c826a82{static,/static,jar:file:/home/runner/.m2/repository/org/apache/ozone/hdds-container-service/1.3.0-SNAPSHOT/hdds-container-service-1.3.0-SNAPSHOT.jar!/webapps/static,AVAILABLE}
2022-08-09 13:48:05,789 [om1@group-C5BA1605619E-StateMachineUpdater] INFO  ratis.OzoneManagerStateMachine (OzoneManagerStateMachine.java:notifyConfigurationChanged(192)) - Received Configuration change notification from Ratis. New Peer list:
[id: "om1"
address: "localhost:9872"
]
2022-08-09 13:48:06,181 [Listener at 127.0.0.1/34619] INFO  handler.ContextHandler (ContextHandler.java:doStart(915)) - Started o.e.j.w.WebAppContext@f5cb4f8{hddsDatanode,/,file:///tmp/jetty-0_0_0_0-36129-hdds-container-service-1_3_0-SNAPSHOT_jar-_-any-8004015391604370540/webapp/,AVAILABLE}{jar:file:/home/runner/.m2/repository/org/apache/ozone/hdds-container-service/1.3.0-SNAPSHOT/hdds-container-service-1.3.0-SNAPSHOT.jar!/webapps/hddsDatanode}
2022-08-09 13:48:06,204 [Listener at 127.0.0.1/34619] INFO  server.AbstractConnector (AbstractConnector.java:doStart(331)) - Started ServerConnector@baf2078{HTTP/1.1, (http/1.1)}{0.0.0.0:36129}
2022-08-09 13:48:06,204 [Listener at 127.0.0.1/34619] INFO  server.Server (Server.java:doStart(415)) - Started @72939ms
2022-08-09 13:48:06,204 [Listener at 127.0.0.1/34619] WARN  impl.MetricsSystemImpl (MetricsSystemImpl.java:register(279)) - Sink prometheus already exists!
2022-08-09 13:48:06,205 [Listener at 127.0.0.1/34619] INFO  http.BaseHttpServer (BaseHttpServer.java:updateConnectorAddress(329)) - HTTP server of hddsDatanode listening at http://0.0.0.0:36129
2022-08-09 13:48:06,215 [Listener at 127.0.0.1/34619] WARN  impl.MetricRegistriesImpl (MetricRegistriesImpl.java:addReporterRegistration(111)) - New reporters are added after registries were created. Some metrics will be missing from the reporter. Please add reporter before adding any new registry.
2022-08-09 13:48:06,215 [Listener at 127.0.0.1/34619] WARN  impl.MetricRegistriesImpl (MetricRegistriesImpl.java:addReporterRegistration(111)) - New reporters are added after registries were created. Some metrics will be missing from the reporter. Please add reporter before adding any new registry.
2022-08-09 13:48:06,215 [Listener at 127.0.0.1/34619] INFO  impl.MetricsSystemImpl (MetricsSystemImpl.java:init(158)) - HddsDatanode metrics system started (again)
2022-08-09 13:48:06,229 [Datanode State Machine Daemon Thread] INFO  statemachine.DatanodeStateMachine (DatanodeStateMachine.java:lambda$startDaemon$0(492)) - Ozone container server started.
2022-08-09 13:48:06,235 [org.apache.hadoop.util.JvmPauseMonitor$Monitor@1ddbab0d] INFO  util.JvmPauseMonitor (JvmPauseMonitor.java:run(188)) - Starting JVM pause monitor
2022-08-09 13:48:06,239 [Listener at 127.0.0.1/34619] INFO  ozone.HddsDatanodeService (HddsDatanodeService.java:start(236)) - HddsDatanodeService host:fv-az450-466.jnfmftgkylze5hd05chtbp1i0a.dx.internal.cloudapp.net ip:10.1.0.19
2022-08-09 13:48:06,247 [Datanode State Machine Task Thread - 0] INFO  datanode.InitDatanodeState (InitDatanodeState.java:persistContainerDatanodeDetails(138)) - DatanodeDetails is persisted to /home/runner/work/ozone/ozone/hadoop-ozone/integration-test/target/test-dir/MiniOzoneClusterImpl-47423824-61ae-4caf-b360-a3644823e0d5/datanode-1/meta/datanode.id
2022-08-09 13:48:06,281 [Listener at 127.0.0.1/34619] INFO  upgrade.AbstractLayoutVersionManager (AbstractLayoutVersionManager.java:init(83)) - Initializing Layout version manager with metadata layout = DATANODE_SCHEMA_V3 (version = 4), software layout = DATANODE_SCHEMA_V3 (version = 4)
2022-08-09 13:48:06,406 [Finalizer] WARN  managed.ManagedRocksObjectUtils (ManagedRocksObjectUtils.java:assertClosed(39)) - ManagedColumnFamilyOptions is not closed properly
2022-08-09 13:48:06,406 [Finalizer] WARN  managed.ManagedRocksObjectUtils (ManagedRocksObjectUtils.java:assertClosed(39)) - ManagedColumnFamilyOptions is not closed properly
2022-08-09 13:48:06,406 [Finalizer] WARN  managed.ManagedRocksObjectUtils (ManagedRocksObjectUtils.java:assertClosed(39)) - ManagedColumnFamilyOptions is not closed properly
2022-08-09 13:48:06,406 [Finalizer] WARN  managed.ManagedRocksObjectUtils (ManagedRocksObjectUtils.java:assertClosed(39)) - ManagedColumnFamilyOptions is not closed properly
2022-08-09 13:48:06,414 [Finalizer] WARN  managed.ManagedRocksObjectUtils (ManagedRocksObjectUtils.java:assertClosed(39)) - ManagedColumnFamilyOptions is not closed properly
2022-08-09 13:48:06,414 [Finalizer] WARN  managed.ManagedRocksObjectUtils (ManagedRocksObjectUtils.java:assertClosed(39)) - ManagedColumnFamilyOptions is not closed properly
2022-08-09 13:48:06,414 [Finalizer] WARN  managed.ManagedRocksObjectUtils (ManagedRocksObjectUtils.java:assertClosed(39)) - ManagedColumnFamilyOptions is not closed properly
2022-08-09 13:48:06,414 [Finalizer] WARN  managed.ManagedRocksObjectUtils (ManagedRocksObjectUtils.java:assertClosed(39)) - ManagedColumnFamilyOptions is not closed properly
2022-08-09 13:48:06,414 [Finalizer] WARN  managed.ManagedRocksObjectUtils (ManagedRocksObjectUtils.java:assertClosed(39)) - ManagedColumnFamilyOptions is not closed properly
2022-08-09 13:48:06,414 [Finalizer] WARN  managed.ManagedRocksObjectUtils (ManagedRocksObjectUtils.java:assertClosed(39)) - ManagedColumnFamilyOptions is not closed properly
2022-08-09 13:48:06,414 [Finalizer] WARN  managed.ManagedRocksObjectUtils (ManagedRocksObjectUtils.java:assertClosed(39)) - ManagedColumnFamilyOptions is not closed properly
2022-08-09 13:48:06,414 [Finalizer] WARN  managed.ManagedRocksObjectUtils (ManagedRocksObjectUtils.java:assertClosed(39)) - ManagedColumnFamilyOptions is not closed properly
2022-08-09 13:48:06,440 [Listener at 127.0.0.1/34619] INFO  reflections.Reflections (Reflections.java:scan(232)) - Reflections took 158 ms to scan 7 urls, producing 132 keys and 321 values 
2022-08-09 13:48:06,465 [Listener at 127.0.0.1/34619] INFO  statemachine.DatanodeStateMachine (DatanodeStateMachine.java:getEndPointTaskThreadPoolSize(237)) - Datanode State Machine Task Thread Pool size 2
2022-08-09 13:48:06,472 [Listener at 127.0.0.1/34619] INFO  volume.HddsVolume (HddsVolume.java:<init>(116)) - Creating HddsVolume: /home/runner/work/ozone/ozone/hadoop-ozone/integration-test/target/test-dir/MiniOzoneClusterImpl-47423824-61ae-4caf-b360-a3644823e0d5/datanode-2/data-0/containers/hdds of storage type : DISK capacity : 9223372036854775807
2022-08-09 13:48:06,473 [Listener at 127.0.0.1/34619] INFO  volume.MutableVolumeSet (MutableVolumeSet.java:initializeVolumeSet(174)) - Added Volume : /home/runner/work/ozone/ozone/hadoop-ozone/integration-test/target/test-dir/MiniOzoneClusterImpl-47423824-61ae-4caf-b360-a3644823e0d5/datanode-2/data-0/containers/hdds to VolumeSet
2022-08-09 13:48:06,473 [Listener at 127.0.0.1/34619] INFO  volume.ThrottledAsyncChecker (ThrottledAsyncChecker.java:schedule(141)) - Scheduling a check for /home/runner/work/ozone/ozone/hadoop-ozone/integration-test/target/test-dir/MiniOzoneClusterImpl-47423824-61ae-4caf-b360-a3644823e0d5/datanode-2/data-0/containers/hdds
2022-08-09 13:48:06,481 [Listener at 127.0.0.1/34619] INFO  volume.StorageVolumeChecker (StorageVolumeChecker.java:checkAllVolumes(202)) - Scheduled health check for volume /home/runner/work/ozone/ozone/hadoop-ozone/integration-test/target/test-dir/MiniOzoneClusterImpl-47423824-61ae-4caf-b360-a3644823e0d5/datanode-2/data-0/containers/hdds
2022-08-09 13:48:06,501 [Listener at 127.0.0.1/34619] INFO  volume.MutableVolumeSet (MutableVolumeSet.java:initializeVolumeSet(174)) - Added Volume : /home/runner/work/ozone/ozone/hadoop-ozone/integration-test/target/test-dir/MiniOzoneClusterImpl-47423824-61ae-4caf-b360-a3644823e0d5/datanode-2/data/ratis to VolumeSet
2022-08-09 13:48:06,501 [Listener at 127.0.0.1/34619] INFO  volume.ThrottledAsyncChecker (ThrottledAsyncChecker.java:schedule(141)) - Scheduling a check for /home/runner/work/ozone/ozone/hadoop-ozone/integration-test/target/test-dir/MiniOzoneClusterImpl-47423824-61ae-4caf-b360-a3644823e0d5/datanode-2/data/ratis
2022-08-09 13:48:06,509 [Listener at 127.0.0.1/34619] INFO  volume.StorageVolumeChecker (StorageVolumeChecker.java:checkAllVolumes(202)) - Scheduled health check for volume /home/runner/work/ozone/ozone/hadoop-ozone/integration-test/target/test-dir/MiniOzoneClusterImpl-47423824-61ae-4caf-b360-a3644823e0d5/datanode-2/data/ratis
2022-08-09 13:48:06,540 [Thread-667] INFO  ozoneimpl.ContainerReader (ContainerReader.java:readVolume(175)) - Finish verifying containers on volume /home/runner/work/ozone/ozone/hadoop-ozone/integration-test/target/test-dir/MiniOzoneClusterImpl-47423824-61ae-4caf-b360-a3644823e0d5/datanode-2/data-0/containers/hdds
2022-08-09 13:48:06,540 [Listener at 127.0.0.1/34619] INFO  ozoneimpl.OzoneContainer (OzoneContainer.java:buildContainerSet(299)) - Build ContainerSet costs 0s
2022-08-09 13:48:06,542 [Listener at 127.0.0.1/34619] INFO  server.RaftServer (ConfUtils.java:logGet(46)) - raft.rpc.type = GRPC (default)
2022-08-09 13:48:06,542 [Listener at 127.0.0.1/34619] INFO  grpc.GrpcFactory (GrpcFactory.java:checkPooledByteBufAllocatorUseCacheForAllThreads(48)) - PERFORMANCE WARNING: useCacheForAllThreads is true that may cause Netty to create a lot garbage objects and, as a result, trigger GC.
	It is recommended to disable useCacheForAllThreads by setting -Dorg.apache.ratis.thirdparty.io.netty.allocator.useCacheForAllThreads=false in command line.
2022-08-09 13:48:06,542 [Listener at 127.0.0.1/34619] INFO  grpc.GrpcConfigKeys (ConfUtils.java:logGet(46)) - raft.grpc.admin.port = 0 (custom)
2022-08-09 13:48:06,542 [Listener at 127.0.0.1/34619] INFO  grpc.GrpcConfigKeys (ConfUtils.java:logGet(46)) - raft.grpc.client.port = 0 (custom)
2022-08-09 13:48:06,542 [Listener at 127.0.0.1/34619] INFO  grpc.GrpcConfigKeys (ConfUtils.java:logGet(46)) - raft.grpc.server.port = 0 (default)
2022-08-09 13:48:06,543 [Listener at 127.0.0.1/34619] INFO  server.GrpcService (ConfUtils.java:logGet(46)) - raft.grpc.message.size.max = 32MB (=33554432) (custom)
2022-08-09 13:48:06,543 [Listener at 127.0.0.1/34619] INFO  server.RaftServerConfigKeys (ConfUtils.java:logGet(46)) - raft.server.log.appender.buffer.byte-limit = 33554432 (custom)
2022-08-09 13:48:06,543 [Listener at 127.0.0.1/34619] INFO  server.GrpcService (ConfUtils.java:logGet(46)) - raft.grpc.flow.control.window = 5MB (=5242880) (custom)
2022-08-09 13:48:06,543 [Listener at 127.0.0.1/34619] INFO  server.RaftServerConfigKeys (ConfUtils.java:logGet(46)) - raft.server.rpc.request.timeout = 60s (custom)
2022-08-09 13:48:06,543 [Listener at 127.0.0.1/34619] INFO  grpc.GrpcConfigKeys (ConfUtils.java:logGet(46)) - raft.grpc.server.async.request.thread.pool.cached = true (default)
2022-08-09 13:48:06,543 [Listener at 127.0.0.1/34619] INFO  grpc.GrpcConfigKeys (ConfUtils.java:logGet(46)) - raft.grpc.server.async.request.thread.pool.size = 32 (default)
2022-08-09 13:48:06,544 [Listener at 127.0.0.1/34619] INFO  impl.DataStreamServerImpl (ConfUtils.java:logGet(46)) - raft.datastream.type = DISABLED (default)
2022-08-09 13:48:06,544 [Listener at 127.0.0.1/34619] INFO  server.RaftServerConfigKeys (ConfUtils.java:logGet(46)) - raft.server.threadpool.proxy.cached = true (default)
2022-08-09 13:48:06,544 [Listener at 127.0.0.1/34619] INFO  server.RaftServerConfigKeys (ConfUtils.java:logGet(46)) - raft.server.threadpool.proxy.size = 0 (default)
2022-08-09 13:48:06,545 [Listener at 127.0.0.1/34619] INFO  server.RaftServerConfigKeys (ConfUtils.java:logGet(46)) - raft.server.rpc.slowness.timeout = 300s (custom)
2022-08-09 13:48:06,545 [Listener at 127.0.0.1/34619] INFO  server.RaftServerConfigKeys (ConfUtils.java:logGet(46)) - raft.server.leaderelection.leader.step-down.wait-time = 10s (default)
2022-08-09 13:48:06,545 [Listener at 127.0.0.1/34619] INFO  server.RaftServerConfigKeys (ConfUtils.java:logGet(46)) - raft.server.storage.dir = [/home/runner/work/ozone/ozone/hadoop-ozone/integration-test/target/test-dir/MiniOzoneClusterImpl-47423824-61ae-4caf-b360-a3644823e0d5/datanode-2/data/ratis] (custom)
2022-08-09 13:48:06,553 [Listener at 127.0.0.1/34619] INFO  server.XceiverServerGrpc (XceiverServerGrpc.java:<init>(132)) - GrpcServer channel type EpollServerSocketChannel
2022-08-09 13:48:06,560 [Listener at 127.0.0.1/34619] INFO  http.BaseHttpServer (BaseHttpServer.java:newHttpServer2BuilderForOzone(209)) - Starting Web-server for hddsDatanode at: http://0.0.0.0:0
2022-08-09 13:48:06,560 [Listener at 127.0.0.1/34619] INFO  http.BaseHttpServer (BaseHttpServer.java:<init>(107)) - Hadoop Security Enabled: false Ozone Security Enabled: false Ozone HTTP Security Enabled: false 
2022-08-09 13:48:06,561 [Listener at 127.0.0.1/34619] INFO  server.AuthenticationFilter (AuthenticationFilter.java:constructSecretProvider(240)) - Unable to initialize FileSignerSecretProvider, falling back to use random secrets.
2022-08-09 13:48:06,565 [Listener at 127.0.0.1/34619] WARN  http.HttpRequestLog (HttpRequestLog.java:getRequestLog(103)) - Jetty request log can only be enabled using Log4j
2022-08-09 13:48:06,566 [Listener at 127.0.0.1/34619] INFO  http.HttpServer2 (HttpServer2.java:addGlobalFilter(1029)) - Added global filter 'safety' (class=org.apache.hadoop.hdds.server.http.HttpServer2$QuotingInputFilter)
2022-08-09 13:48:06,567 [Listener at 127.0.0.1/34619] INFO  http.HttpServer2 (HttpServer2.java:addFilter(1005)) - Added filter static_user_filter (class=org.apache.hadoop.http.lib.StaticUserWebFilter$StaticUserFilter) to context hddsDatanode
2022-08-09 13:48:06,567 [Listener at 127.0.0.1/34619] INFO  http.HttpServer2 (HttpServer2.java:addFilter(1013)) - Added filter static_user_filter (class=org.apache.hadoop.http.lib.StaticUserWebFilter$StaticUserFilter) to context static
2022-08-09 13:48:06,567 [Listener at 127.0.0.1/34619] INFO  http.HttpServer2 (HttpServer2.java:addFilter(1013)) - Added filter static_user_filter (class=org.apache.hadoop.http.lib.StaticUserWebFilter$StaticUserFilter) to context logs
2022-08-09 13:48:06,567 [Listener at 127.0.0.1/34619] INFO  http.HttpServer2 (HttpServer2.java:bindListener(1248)) - Jetty bound to port 38445
2022-08-09 13:48:06,568 [Listener at 127.0.0.1/34619] INFO  server.Server (Server.java:doStart(375)) - jetty-9.4.43.v20210629; built: 2021-06-30T11:07:22.254Z; git: 526006ecfa3af7f1a27ef3a288e2bef7ea9dd7e8; jvm 1.8.0_332-b09
2022-08-09 13:48:06,582 [Listener at 127.0.0.1/34619] INFO  server.session (DefaultSessionIdManager.java:doStart(334)) - DefaultSessionIdManager workerName=node0
2022-08-09 13:48:06,582 [Listener at 127.0.0.1/34619] INFO  server.session (DefaultSessionIdManager.java:doStart(339)) - No SessionScavenger set, using defaults
2022-08-09 13:48:06,582 [Listener at 127.0.0.1/34619] INFO  server.session (HouseKeeper.java:startScavenging(132)) - node0 Scavenging every 660000ms
2022-08-09 13:48:06,583 [Listener at 127.0.0.1/34619] INFO  handler.ContextHandler (ContextHandler.java:doStart(915)) - Started o.e.j.s.ServletContextHandler@52a08618{logs,/logs,file:///home/runner/work/ozone/ozone/hadoop-ozone/integration-test/target/log,AVAILABLE}
2022-08-09 13:48:06,583 [Listener at 127.0.0.1/34619] INFO  handler.ContextHandler (ContextHandler.java:doStart(915)) - Started o.e.j.s.ServletContextHandler@1d0bca2f{static,/static,jar:file:/home/runner/.m2/repository/org/apache/ozone/hdds-container-service/1.3.0-SNAPSHOT/hdds-container-service-1.3.0-SNAPSHOT.jar!/webapps/static,AVAILABLE}
2022-08-09 13:48:06,858 [Listener at 127.0.0.1/34619] INFO  handler.ContextHandler (ContextHandler.java:doStart(915)) - Started o.e.j.w.WebAppContext@3d673a8e{hddsDatanode,/,file:///tmp/jetty-0_0_0_0-38445-hdds-container-service-1_3_0-SNAPSHOT_jar-_-any-457483704186721785/webapp/,AVAILABLE}{jar:file:/home/runner/.m2/repository/org/apache/ozone/hdds-container-service/1.3.0-SNAPSHOT/hdds-container-service-1.3.0-SNAPSHOT.jar!/webapps/hddsDatanode}
2022-08-09 13:48:06,868 [Listener at 127.0.0.1/34619] INFO  server.AbstractConnector (AbstractConnector.java:doStart(331)) - Started ServerConnector@1247be34{HTTP/1.1, (http/1.1)}{0.0.0.0:38445}
2022-08-09 13:48:06,868 [Listener at 127.0.0.1/34619] INFO  server.Server (Server.java:doStart(415)) - Started @73603ms
2022-08-09 13:48:06,868 [Listener at 127.0.0.1/34619] WARN  impl.MetricsSystemImpl (MetricsSystemImpl.java:register(279)) - Sink prometheus already exists!
2022-08-09 13:48:06,869 [Listener at 127.0.0.1/34619] INFO  http.BaseHttpServer (BaseHttpServer.java:updateConnectorAddress(329)) - HTTP server of hddsDatanode listening at http://0.0.0.0:38445
2022-08-09 13:48:06,878 [Listener at 127.0.0.1/34619] WARN  impl.MetricRegistriesImpl (MetricRegistriesImpl.java:addReporterRegistration(111)) - New reporters are added after registries were created. Some metrics will be missing from the reporter. Please add reporter before adding any new registry.
2022-08-09 13:48:06,878 [Listener at 127.0.0.1/34619] WARN  impl.MetricRegistriesImpl (MetricRegistriesImpl.java:addReporterRegistration(111)) - New reporters are added after registries were created. Some metrics will be missing from the reporter. Please add reporter before adding any new registry.
2022-08-09 13:48:06,878 [Listener at 127.0.0.1/34619] INFO  impl.MetricsSystemImpl (MetricsSystemImpl.java:init(158)) - HddsDatanode metrics system started (again)
2022-08-09 13:48:06,881 [Datanode State Machine Daemon Thread] INFO  statemachine.DatanodeStateMachine (DatanodeStateMachine.java:lambda$startDaemon$0(492)) - Ozone container server started.
2022-08-09 13:48:06,929 [org.apache.hadoop.util.JvmPauseMonitor$Monitor@3f1bceb1] INFO  util.JvmPauseMonitor (JvmPauseMonitor.java:run(188)) - Starting JVM pause monitor
2022-08-09 13:48:06,950 [Listener at 127.0.0.1/34619] INFO  ozone.HddsDatanodeService (HddsDatanodeService.java:start(236)) - HddsDatanodeService host:fv-az450-466.jnfmftgkylze5hd05chtbp1i0a.dx.internal.cloudapp.net ip:10.1.0.19
2022-08-09 13:48:06,954 [Datanode State Machine Task Thread - 0] INFO  datanode.InitDatanodeState (InitDatanodeState.java:persistContainerDatanodeDetails(138)) - DatanodeDetails is persisted to /home/runner/work/ozone/ozone/hadoop-ozone/integration-test/target/test-dir/MiniOzoneClusterImpl-47423824-61ae-4caf-b360-a3644823e0d5/datanode-2/meta/datanode.id
2022-08-09 13:48:06,993 [Listener at 127.0.0.1/34619] INFO  upgrade.AbstractLayoutVersionManager (AbstractLayoutVersionManager.java:init(83)) - Initializing Layout version manager with metadata layout = DATANODE_SCHEMA_V3 (version = 4), software layout = DATANODE_SCHEMA_V3 (version = 4)
2022-08-09 13:48:07,106 [Listener at 127.0.0.1/34619] INFO  reflections.Reflections (Reflections.java:scan(232)) - Reflections took 110 ms to scan 7 urls, producing 132 keys and 321 values 
2022-08-09 13:48:07,107 [Listener at 127.0.0.1/34619] INFO  statemachine.DatanodeStateMachine (DatanodeStateMachine.java:getEndPointTaskThreadPoolSize(237)) - Datanode State Machine Task Thread Pool size 2
2022-08-09 13:48:07,110 [Listener at 127.0.0.1/34619] INFO  volume.HddsVolume (HddsVolume.java:<init>(116)) - Creating HddsVolume: /home/runner/work/ozone/ozone/hadoop-ozone/integration-test/target/test-dir/MiniOzoneClusterImpl-47423824-61ae-4caf-b360-a3644823e0d5/datanode-3/data-0/containers/hdds of storage type : DISK capacity : 9223372036854775807
2022-08-09 13:48:07,110 [Listener at 127.0.0.1/34619] INFO  volume.MutableVolumeSet (MutableVolumeSet.java:initializeVolumeSet(174)) - Added Volume : /home/runner/work/ozone/ozone/hadoop-ozone/integration-test/target/test-dir/MiniOzoneClusterImpl-47423824-61ae-4caf-b360-a3644823e0d5/datanode-3/data-0/containers/hdds to VolumeSet
2022-08-09 13:48:07,110 [Listener at 127.0.0.1/34619] INFO  volume.ThrottledAsyncChecker (ThrottledAsyncChecker.java:schedule(141)) - Scheduling a check for /home/runner/work/ozone/ozone/hadoop-ozone/integration-test/target/test-dir/MiniOzoneClusterImpl-47423824-61ae-4caf-b360-a3644823e0d5/datanode-3/data-0/containers/hdds
2022-08-09 13:48:07,111 [Listener at 127.0.0.1/34619] INFO  volume.StorageVolumeChecker (StorageVolumeChecker.java:checkAllVolumes(202)) - Scheduled health check for volume /home/runner/work/ozone/ozone/hadoop-ozone/integration-test/target/test-dir/MiniOzoneClusterImpl-47423824-61ae-4caf-b360-a3644823e0d5/datanode-3/data-0/containers/hdds
2022-08-09 13:48:07,143 [Listener at 127.0.0.1/34619] INFO  volume.MutableVolumeSet (MutableVolumeSet.java:initializeVolumeSet(174)) - Added Volume : /home/runner/work/ozone/ozone/hadoop-ozone/integration-test/target/test-dir/MiniOzoneClusterImpl-47423824-61ae-4caf-b360-a3644823e0d5/datanode-3/data/ratis to VolumeSet
2022-08-09 13:48:07,143 [Listener at 127.0.0.1/34619] INFO  volume.ThrottledAsyncChecker (ThrottledAsyncChecker.java:schedule(141)) - Scheduling a check for /home/runner/work/ozone/ozone/hadoop-ozone/integration-test/target/test-dir/MiniOzoneClusterImpl-47423824-61ae-4caf-b360-a3644823e0d5/datanode-3/data/ratis
2022-08-09 13:48:07,143 [Listener at 127.0.0.1/34619] INFO  volume.StorageVolumeChecker (StorageVolumeChecker.java:checkAllVolumes(202)) - Scheduled health check for volume /home/runner/work/ozone/ozone/hadoop-ozone/integration-test/target/test-dir/MiniOzoneClusterImpl-47423824-61ae-4caf-b360-a3644823e0d5/datanode-3/data/ratis
2022-08-09 13:48:07,164 [Thread-680] INFO  ozoneimpl.ContainerReader (ContainerReader.java:readVolume(175)) - Finish verifying containers on volume /home/runner/work/ozone/ozone/hadoop-ozone/integration-test/target/test-dir/MiniOzoneClusterImpl-47423824-61ae-4caf-b360-a3644823e0d5/datanode-3/data-0/containers/hdds
2022-08-09 13:48:07,164 [Listener at 127.0.0.1/34619] INFO  ozoneimpl.OzoneContainer (OzoneContainer.java:buildContainerSet(299)) - Build ContainerSet costs 0s
2022-08-09 13:48:07,166 [Listener at 127.0.0.1/34619] INFO  server.RaftServer (ConfUtils.java:logGet(46)) - raft.rpc.type = GRPC (default)
2022-08-09 13:48:07,166 [Listener at 127.0.0.1/34619] INFO  grpc.GrpcFactory (GrpcFactory.java:checkPooledByteBufAllocatorUseCacheForAllThreads(48)) - PERFORMANCE WARNING: useCacheForAllThreads is true that may cause Netty to create a lot garbage objects and, as a result, trigger GC.
	It is recommended to disable useCacheForAllThreads by setting -Dorg.apache.ratis.thirdparty.io.netty.allocator.useCacheForAllThreads=false in command line.
2022-08-09 13:48:07,166 [Listener at 127.0.0.1/34619] INFO  grpc.GrpcConfigKeys (ConfUtils.java:logGet(46)) - raft.grpc.admin.port = 0 (custom)
2022-08-09 13:48:07,167 [Listener at 127.0.0.1/34619] INFO  grpc.GrpcConfigKeys (ConfUtils.java:logGet(46)) - raft.grpc.client.port = 0 (custom)
2022-08-09 13:48:07,167 [Listener at 127.0.0.1/34619] INFO  grpc.GrpcConfigKeys (ConfUtils.java:logGet(46)) - raft.grpc.server.port = 0 (default)
2022-08-09 13:48:07,167 [Listener at 127.0.0.1/34619] INFO  server.GrpcService (ConfUtils.java:logGet(46)) - raft.grpc.message.size.max = 32MB (=33554432) (custom)
2022-08-09 13:48:07,167 [Listener at 127.0.0.1/34619] INFO  server.RaftServerConfigKeys (ConfUtils.java:logGet(46)) - raft.server.log.appender.buffer.byte-limit = 33554432 (custom)
2022-08-09 13:48:07,167 [Listener at 127.0.0.1/34619] INFO  server.GrpcService (ConfUtils.java:logGet(46)) - raft.grpc.flow.control.window = 5MB (=5242880) (custom)
2022-08-09 13:48:07,167 [Listener at 127.0.0.1/34619] INFO  server.RaftServerConfigKeys (ConfUtils.java:logGet(46)) - raft.server.rpc.request.timeout = 60s (custom)
2022-08-09 13:48:07,176 [Listener at 127.0.0.1/34619] INFO  grpc.GrpcConfigKeys (ConfUtils.java:logGet(46)) - raft.grpc.server.async.request.thread.pool.cached = true (default)
2022-08-09 13:48:07,176 [Listener at 127.0.0.1/34619] INFO  grpc.GrpcConfigKeys (ConfUtils.java:logGet(46)) - raft.grpc.server.async.request.thread.pool.size = 32 (default)
2022-08-09 13:48:07,177 [Listener at 127.0.0.1/34619] INFO  impl.DataStreamServerImpl (ConfUtils.java:logGet(46)) - raft.datastream.type = DISABLED (default)
2022-08-09 13:48:07,177 [Listener at 127.0.0.1/34619] INFO  server.RaftServerConfigKeys (ConfUtils.java:logGet(46)) - raft.server.threadpool.proxy.cached = true (default)
2022-08-09 13:48:07,177 [Listener at 127.0.0.1/34619] INFO  server.RaftServerConfigKeys (ConfUtils.java:logGet(46)) - raft.server.threadpool.proxy.size = 0 (default)
2022-08-09 13:48:07,177 [Listener at 127.0.0.1/34619] INFO  server.RaftServerConfigKeys (ConfUtils.java:logGet(46)) - raft.server.rpc.slowness.timeout = 300s (custom)
2022-08-09 13:48:07,177 [Listener at 127.0.0.1/34619] INFO  server.RaftServerConfigKeys (ConfUtils.java:logGet(46)) - raft.server.leaderelection.leader.step-down.wait-time = 10s (default)
2022-08-09 13:48:07,177 [Listener at 127.0.0.1/34619] INFO  server.RaftServerConfigKeys (ConfUtils.java:logGet(46)) - raft.server.storage.dir = [/home/runner/work/ozone/ozone/hadoop-ozone/integration-test/target/test-dir/MiniOzoneClusterImpl-47423824-61ae-4caf-b360-a3644823e0d5/datanode-3/data/ratis] (custom)
2022-08-09 13:48:07,194 [Listener at 127.0.0.1/34619] INFO  server.XceiverServerGrpc (XceiverServerGrpc.java:<init>(132)) - GrpcServer channel type EpollServerSocketChannel
2022-08-09 13:48:07,217 [Listener at 127.0.0.1/34619] INFO  http.BaseHttpServer (BaseHttpServer.java:newHttpServer2BuilderForOzone(209)) - Starting Web-server for hddsDatanode at: http://0.0.0.0:0
2022-08-09 13:48:07,217 [Listener at 127.0.0.1/34619] INFO  http.BaseHttpServer (BaseHttpServer.java:<init>(107)) - Hadoop Security Enabled: false Ozone Security Enabled: false Ozone HTTP Security Enabled: false 
2022-08-09 13:48:07,218 [Listener at 127.0.0.1/34619] INFO  server.AuthenticationFilter (AuthenticationFilter.java:constructSecretProvider(240)) - Unable to initialize FileSignerSecretProvider, falling back to use random secrets.
2022-08-09 13:48:07,234 [Listener at 127.0.0.1/34619] WARN  http.HttpRequestLog (HttpRequestLog.java:getRequestLog(103)) - Jetty request log can only be enabled using Log4j
2022-08-09 13:48:07,235 [Listener at 127.0.0.1/34619] INFO  http.HttpServer2 (HttpServer2.java:addGlobalFilter(1029)) - Added global filter 'safety' (class=org.apache.hadoop.hdds.server.http.HttpServer2$QuotingInputFilter)
2022-08-09 13:48:07,236 [Listener at 127.0.0.1/34619] INFO  http.HttpServer2 (HttpServer2.java:addFilter(1005)) - Added filter static_user_filter (class=org.apache.hadoop.http.lib.StaticUserWebFilter$StaticUserFilter) to context hddsDatanode
2022-08-09 13:48:07,236 [Listener at 127.0.0.1/34619] INFO  http.HttpServer2 (HttpServer2.java:addFilter(1013)) - Added filter static_user_filter (class=org.apache.hadoop.http.lib.StaticUserWebFilter$StaticUserFilter) to context static
2022-08-09 13:48:07,236 [Listener at 127.0.0.1/34619] INFO  http.HttpServer2 (HttpServer2.java:addFilter(1013)) - Added filter static_user_filter (class=org.apache.hadoop.http.lib.StaticUserWebFilter$StaticUserFilter) to context logs
2022-08-09 13:48:07,236 [Listener at 127.0.0.1/34619] INFO  http.HttpServer2 (HttpServer2.java:bindListener(1248)) - Jetty bound to port 40703
2022-08-09 13:48:07,236 [Listener at 127.0.0.1/34619] INFO  server.Server (Server.java:doStart(375)) - jetty-9.4.43.v20210629; built: 2021-06-30T11:07:22.254Z; git: 526006ecfa3af7f1a27ef3a288e2bef7ea9dd7e8; jvm 1.8.0_332-b09
2022-08-09 13:48:07,301 [Listener at 127.0.0.1/34619] INFO  server.session (DefaultSessionIdManager.java:doStart(334)) - DefaultSessionIdManager workerName=node0
2022-08-09 13:48:07,301 [Listener at 127.0.0.1/34619] INFO  server.session (DefaultSessionIdManager.java:doStart(339)) - No SessionScavenger set, using defaults
2022-08-09 13:48:07,302 [Listener at 127.0.0.1/34619] INFO  server.session (HouseKeeper.java:startScavenging(132)) - node0 Scavenging every 660000ms
2022-08-09 13:48:07,302 [Listener at 127.0.0.1/34619] INFO  handler.ContextHandler (ContextHandler.java:doStart(915)) - Started o.e.j.s.ServletContextHandler@7b04ea0d{logs,/logs,file:///home/runner/work/ozone/ozone/hadoop-ozone/integration-test/target/log,AVAILABLE}
2022-08-09 13:48:07,303 [Listener at 127.0.0.1/34619] INFO  handler.ContextHandler (ContextHandler.java:doStart(915)) - Started o.e.j.s.ServletContextHandler@5879efdb{static,/static,jar:file:/home/runner/.m2/repository/org/apache/ozone/hdds-container-service/1.3.0-SNAPSHOT/hdds-container-service-1.3.0-SNAPSHOT.jar!/webapps/static,AVAILABLE}
2022-08-09 13:48:07,681 [Listener at 127.0.0.1/34619] INFO  handler.ContextHandler (ContextHandler.java:doStart(915)) - Started o.e.j.w.WebAppContext@7f438d3e{hddsDatanode,/,file:///tmp/jetty-0_0_0_0-40703-hdds-container-service-1_3_0-SNAPSHOT_jar-_-any-5268488716269090421/webapp/,AVAILABLE}{jar:file:/home/runner/.m2/repository/org/apache/ozone/hdds-container-service/1.3.0-SNAPSHOT/hdds-container-service-1.3.0-SNAPSHOT.jar!/webapps/hddsDatanode}
2022-08-09 13:48:07,692 [Listener at 127.0.0.1/34619] INFO  server.AbstractConnector (AbstractConnector.java:doStart(331)) - Started ServerConnector@3e812b53{HTTP/1.1, (http/1.1)}{0.0.0.0:40703}
2022-08-09 13:48:07,693 [Listener at 127.0.0.1/34619] INFO  server.Server (Server.java:doStart(415)) - Started @74427ms
2022-08-09 13:48:07,693 [Listener at 127.0.0.1/34619] WARN  impl.MetricsSystemImpl (MetricsSystemImpl.java:register(279)) - Sink prometheus already exists!
2022-08-09 13:48:07,693 [EndpointStateMachine task thread for /0.0.0.0:44219 - 0 ] INFO  volume.HddsVolume (HddsVolume.java:createDbStore(309)) - SchemaV3 db is created and loaded at /home/runner/work/ozone/ozone/hadoop-ozone/integration-test/target/test-dir/MiniOzoneClusterImpl-47423824-61ae-4caf-b360-a3644823e0d5/datanode-0/data-0/containers/hdds/47423824-61ae-4caf-b360-a3644823e0d5/DS-9d10fe23-9cda-4265-86be-261540bd1635/container.db for volume DS-9d10fe23-9cda-4265-86be-261540bd1635
2022-08-09 13:48:07,694 [Listener at 127.0.0.1/34619] INFO  http.BaseHttpServer (BaseHttpServer.java:updateConnectorAddress(329)) - HTTP server of hddsDatanode listening at http://0.0.0.0:40703
2022-08-09 13:48:07,702 [EndpointStateMachine task thread for /0.0.0.0:44219 - 0 ] INFO  volume.HddsVolume (HddsVolume.java:closeDbStore(340)) - SchemaV3 db is stopped at /home/runner/work/ozone/ozone/hadoop-ozone/integration-test/target/test-dir/MiniOzoneClusterImpl-47423824-61ae-4caf-b360-a3644823e0d5/datanode-0/data-0/containers/hdds/47423824-61ae-4caf-b360-a3644823e0d5/DS-9d10fe23-9cda-4265-86be-261540bd1635/container.db for volume DS-9d10fe23-9cda-4265-86be-261540bd1635
2022-08-09 13:48:07,702 [EndpointStateMachine task thread for /0.0.0.0:44219 - 0 ] INFO  ozoneimpl.OzoneContainer (OzoneContainer.java:start(377)) - Attempting to start container services.
2022-08-09 13:48:07,702 [EndpointStateMachine task thread for /0.0.0.0:44219 - 0 ] INFO  ozoneimpl.OzoneContainer (OzoneContainer.java:startContainerScrub(312)) - Background container scanner has been disabled.
2022-08-09 13:48:07,709 [EndpointStateMachine task thread for /0.0.0.0:44219 - 0 ] INFO  replication.ReplicationServer (ReplicationServer.java:start(111)) - ReplicationServer is started using port 37213
2022-08-09 13:48:07,710 [EndpointStateMachine task thread for /0.0.0.0:44219 - 0 ] INFO  ratis.XceiverServerRatis (XceiverServerRatis.java:start(481)) - Starting XceiverServerRatis 3eae53bb-90ae-447f-858b-4086883680b9
2022-08-09 13:48:07,713 [EndpointStateMachine task thread for /0.0.0.0:44219 - 0 ] INFO  server.RaftServer (RaftServerProxy.java:lambda$start$6(382)) - 3eae53bb-90ae-447f-858b-4086883680b9: start RPC server
2022-08-09 13:48:07,714 [Datanode State Machine Daemon Thread] INFO  statemachine.DatanodeStateMachine (DatanodeStateMachine.java:lambda$startDaemon$0(492)) - Ozone container server started.
2022-08-09 13:48:07,720 [Listener at 127.0.0.1/34619] WARN  impl.MetricRegistriesImpl (MetricRegistriesImpl.java:addReporterRegistration(111)) - New reporters are added after registries were created. Some metrics will be missing from the reporter. Please add reporter before adding any new registry.
2022-08-09 13:48:07,721 [Listener at 127.0.0.1/34619] WARN  impl.MetricRegistriesImpl (MetricRegistriesImpl.java:addReporterRegistration(111)) - New reporters are added after registries were created. Some metrics will be missing from the reporter. Please add reporter before adding any new registry.
2022-08-09 13:48:07,721 [Listener at 127.0.0.1/34619] INFO  impl.MetricsSystemImpl (MetricsSystemImpl.java:init(158)) - HddsDatanode metrics system started (again)
2022-08-09 13:48:07,725 [EndpointStateMachine task thread for /0.0.0.0:44219 - 0 ] INFO  server.GrpcService (GrpcService.java:startImpl(260)) - 3eae53bb-90ae-447f-858b-4086883680b9: GrpcService started, listening on 38969
2022-08-09 13:48:07,729 [EndpointStateMachine task thread for /0.0.0.0:44219 - 0 ] INFO  ratis.XceiverServerRatis (XceiverServerRatis.java:getRealPort(502)) - XceiverServerRatis 3eae53bb-90ae-447f-858b-4086883680b9 is started using port 38969 for RATIS
2022-08-09 13:48:07,729 [EndpointStateMachine task thread for /0.0.0.0:44219 - 0 ] INFO  ratis.XceiverServerRatis (XceiverServerRatis.java:getRealPort(502)) - XceiverServerRatis 3eae53bb-90ae-447f-858b-4086883680b9 is started using port 38969 for RATIS_ADMIN
2022-08-09 13:48:07,729 [EndpointStateMachine task thread for /0.0.0.0:44219 - 0 ] INFO  ratis.XceiverServerRatis (XceiverServerRatis.java:getRealPort(502)) - XceiverServerRatis 3eae53bb-90ae-447f-858b-4086883680b9 is started using port 38969 for RATIS_SERVER
2022-08-09 13:48:07,729 [org.apache.ratis.util.JvmPauseMonitor$$Lambda$615/629946574@677a0b82] INFO  util.JvmPauseMonitor (JvmPauseMonitor.java:run(103)) - JvmPauseMonitor-3eae53bb-90ae-447f-858b-4086883680b9: Started
2022-08-09 13:48:07,768 [org.apache.hadoop.util.JvmPauseMonitor$Monitor@5482bcd9] INFO  util.JvmPauseMonitor (JvmPauseMonitor.java:run(188)) - Starting JVM pause monitor
2022-08-09 13:48:07,775 [Listener at 127.0.0.1/34619] INFO  ozone.HddsDatanodeService (HddsDatanodeService.java:start(236)) - HddsDatanodeService host:fv-az450-466.jnfmftgkylze5hd05chtbp1i0a.dx.internal.cloudapp.net ip:10.1.0.19
2022-08-09 13:48:07,780 [EndpointStateMachine task thread for /0.0.0.0:44219 - 0 ] INFO  server.XceiverServerGrpc (XceiverServerGrpc.java:start(180)) - XceiverServerGrpc 3eae53bb-90ae-447f-858b-4086883680b9 is started using port 38115
2022-08-09 13:48:07,794 [Datanode State Machine Task Thread - 0] INFO  datanode.InitDatanodeState (InitDatanodeState.java:persistContainerDatanodeDetails(138)) - DatanodeDetails is persisted to /home/runner/work/ozone/ozone/hadoop-ozone/integration-test/target/test-dir/MiniOzoneClusterImpl-47423824-61ae-4caf-b360-a3644823e0d5/datanode-3/meta/datanode.id
2022-08-09 13:48:07,825 [Listener at 127.0.0.1/34619] INFO  upgrade.AbstractLayoutVersionManager (AbstractLayoutVersionManager.java:init(83)) - Initializing Layout version manager with metadata layout = DATANODE_SCHEMA_V3 (version = 4), software layout = DATANODE_SCHEMA_V3 (version = 4)
2022-08-09 13:48:07,952 [Listener at 127.0.0.1/34619] INFO  reflections.Reflections (Reflections.java:scan(232)) - Reflections took 124 ms to scan 7 urls, producing 132 keys and 321 values 
2022-08-09 13:48:07,955 [Listener at 127.0.0.1/34619] INFO  statemachine.DatanodeStateMachine (DatanodeStateMachine.java:getEndPointTaskThreadPoolSize(237)) - Datanode State Machine Task Thread Pool size 2
2022-08-09 13:48:07,956 [Listener at 127.0.0.1/34619] INFO  volume.HddsVolume (HddsVolume.java:<init>(116)) - Creating HddsVolume: /home/runner/work/ozone/ozone/hadoop-ozone/integration-test/target/test-dir/MiniOzoneClusterImpl-47423824-61ae-4caf-b360-a3644823e0d5/datanode-4/data-0/containers/hdds of storage type : DISK capacity : 9223372036854775807
2022-08-09 13:48:07,956 [Listener at 127.0.0.1/34619] INFO  volume.MutableVolumeSet (MutableVolumeSet.java:initializeVolumeSet(174)) - Added Volume : /home/runner/work/ozone/ozone/hadoop-ozone/integration-test/target/test-dir/MiniOzoneClusterImpl-47423824-61ae-4caf-b360-a3644823e0d5/datanode-4/data-0/containers/hdds to VolumeSet
2022-08-09 13:48:07,956 [Listener at 127.0.0.1/34619] INFO  volume.ThrottledAsyncChecker (ThrottledAsyncChecker.java:schedule(141)) - Scheduling a check for /home/runner/work/ozone/ozone/hadoop-ozone/integration-test/target/test-dir/MiniOzoneClusterImpl-47423824-61ae-4caf-b360-a3644823e0d5/datanode-4/data-0/containers/hdds
2022-08-09 13:48:07,988 [Listener at 127.0.0.1/34619] INFO  volume.StorageVolumeChecker (StorageVolumeChecker.java:checkAllVolumes(202)) - Scheduled health check for volume /home/runner/work/ozone/ozone/hadoop-ozone/integration-test/target/test-dir/MiniOzoneClusterImpl-47423824-61ae-4caf-b360-a3644823e0d5/datanode-4/data-0/containers/hdds
2022-08-09 13:48:08,011 [Listener at 127.0.0.1/34619] INFO  volume.MutableVolumeSet (MutableVolumeSet.java:initializeVolumeSet(174)) - Added Volume : /home/runner/work/ozone/ozone/hadoop-ozone/integration-test/target/test-dir/MiniOzoneClusterImpl-47423824-61ae-4caf-b360-a3644823e0d5/datanode-4/data/ratis to VolumeSet
2022-08-09 13:48:08,011 [Listener at 127.0.0.1/34619] INFO  volume.ThrottledAsyncChecker (ThrottledAsyncChecker.java:schedule(141)) - Scheduling a check for /home/runner/work/ozone/ozone/hadoop-ozone/integration-test/target/test-dir/MiniOzoneClusterImpl-47423824-61ae-4caf-b360-a3644823e0d5/datanode-4/data/ratis
2022-08-09 13:48:08,011 [Listener at 127.0.0.1/34619] INFO  volume.StorageVolumeChecker (StorageVolumeChecker.java:checkAllVolumes(202)) - Scheduled health check for volume /home/runner/work/ozone/ozone/hadoop-ozone/integration-test/target/test-dir/MiniOzoneClusterImpl-47423824-61ae-4caf-b360-a3644823e0d5/datanode-4/data/ratis
2022-08-09 13:48:08,054 [Thread-699] INFO  ozoneimpl.ContainerReader (ContainerReader.java:readVolume(175)) - Finish verifying containers on volume /home/runner/work/ozone/ozone/hadoop-ozone/integration-test/target/test-dir/MiniOzoneClusterImpl-47423824-61ae-4caf-b360-a3644823e0d5/datanode-4/data-0/containers/hdds
2022-08-09 13:48:08,054 [Listener at 127.0.0.1/34619] INFO  ozoneimpl.OzoneContainer (OzoneContainer.java:buildContainerSet(299)) - Build ContainerSet costs 0s
2022-08-09 13:48:08,057 [Listener at 127.0.0.1/34619] INFO  server.RaftServer (ConfUtils.java:logGet(46)) - raft.rpc.type = GRPC (default)
2022-08-09 13:48:08,057 [Listener at 127.0.0.1/34619] INFO  grpc.GrpcFactory (GrpcFactory.java:checkPooledByteBufAllocatorUseCacheForAllThreads(48)) - PERFORMANCE WARNING: useCacheForAllThreads is true that may cause Netty to create a lot garbage objects and, as a result, trigger GC.
	It is recommended to disable useCacheForAllThreads by setting -Dorg.apache.ratis.thirdparty.io.netty.allocator.useCacheForAllThreads=false in command line.
2022-08-09 13:48:08,057 [Listener at 127.0.0.1/34619] INFO  grpc.GrpcConfigKeys (ConfUtils.java:logGet(46)) - raft.grpc.admin.port = 0 (custom)
2022-08-09 13:48:08,057 [Listener at 127.0.0.1/34619] INFO  grpc.GrpcConfigKeys (ConfUtils.java:logGet(46)) - raft.grpc.client.port = 0 (custom)
2022-08-09 13:48:08,057 [Listener at 127.0.0.1/34619] INFO  grpc.GrpcConfigKeys (ConfUtils.java:logGet(46)) - raft.grpc.server.port = 0 (default)
2022-08-09 13:48:08,057 [Listener at 127.0.0.1/34619] INFO  server.GrpcService (ConfUtils.java:logGet(46)) - raft.grpc.message.size.max = 32MB (=33554432) (custom)
2022-08-09 13:48:08,057 [Listener at 127.0.0.1/34619] INFO  server.RaftServerConfigKeys (ConfUtils.java:logGet(46)) - raft.server.log.appender.buffer.byte-limit = 33554432 (custom)
2022-08-09 13:48:08,057 [Listener at 127.0.0.1/34619] INFO  server.GrpcService (ConfUtils.java:logGet(46)) - raft.grpc.flow.control.window = 5MB (=5242880) (custom)
2022-08-09 13:48:08,058 [Listener at 127.0.0.1/34619] INFO  server.RaftServerConfigKeys (ConfUtils.java:logGet(46)) - raft.server.rpc.request.timeout = 60s (custom)
2022-08-09 13:48:08,058 [Listener at 127.0.0.1/34619] INFO  grpc.GrpcConfigKeys (ConfUtils.java:logGet(46)) - raft.grpc.server.async.request.thread.pool.cached = true (default)
2022-08-09 13:48:08,058 [Listener at 127.0.0.1/34619] INFO  grpc.GrpcConfigKeys (ConfUtils.java:logGet(46)) - raft.grpc.server.async.request.thread.pool.size = 32 (default)
2022-08-09 13:48:08,059 [Listener at 127.0.0.1/34619] INFO  impl.DataStreamServerImpl (ConfUtils.java:logGet(46)) - raft.datastream.type = DISABLED (default)
2022-08-09 13:48:08,059 [Listener at 127.0.0.1/34619] INFO  server.RaftServerConfigKeys (ConfUtils.java:logGet(46)) - raft.server.threadpool.proxy.cached = true (default)
2022-08-09 13:48:08,059 [Listener at 127.0.0.1/34619] INFO  server.RaftServerConfigKeys (ConfUtils.java:logGet(46)) - raft.server.threadpool.proxy.size = 0 (default)
2022-08-09 13:48:08,059 [Listener at 127.0.0.1/34619] INFO  server.RaftServerConfigKeys (ConfUtils.java:logGet(46)) - raft.server.rpc.slowness.timeout = 300s (custom)
2022-08-09 13:48:08,059 [Listener at 127.0.0.1/34619] INFO  server.RaftServerConfigKeys (ConfUtils.java:logGet(46)) - raft.server.leaderelection.leader.step-down.wait-time = 10s (default)
2022-08-09 13:48:08,059 [Listener at 127.0.0.1/34619] INFO  server.RaftServerConfigKeys (ConfUtils.java:logGet(46)) - raft.server.storage.dir = [/home/runner/work/ozone/ozone/hadoop-ozone/integration-test/target/test-dir/MiniOzoneClusterImpl-47423824-61ae-4caf-b360-a3644823e0d5/datanode-4/data/ratis] (custom)
2022-08-09 13:48:08,061 [Listener at 127.0.0.1/34619] INFO  server.XceiverServerGrpc (XceiverServerGrpc.java:<init>(132)) - GrpcServer channel type EpollServerSocketChannel
2022-08-09 13:48:08,072 [Listener at 127.0.0.1/34619] INFO  http.BaseHttpServer (BaseHttpServer.java:newHttpServer2BuilderForOzone(209)) - Starting Web-server for hddsDatanode at: http://0.0.0.0:0
2022-08-09 13:48:08,072 [Listener at 127.0.0.1/34619] INFO  http.BaseHttpServer (BaseHttpServer.java:<init>(107)) - Hadoop Security Enabled: false Ozone Security Enabled: false Ozone HTTP Security Enabled: false 
2022-08-09 13:48:08,077 [Listener at 127.0.0.1/34619] INFO  server.AuthenticationFilter (AuthenticationFilter.java:constructSecretProvider(240)) - Unable to initialize FileSignerSecretProvider, falling back to use random secrets.
2022-08-09 13:48:08,085 [Listener at 127.0.0.1/34619] WARN  http.HttpRequestLog (HttpRequestLog.java:getRequestLog(103)) - Jetty request log can only be enabled using Log4j
2022-08-09 13:48:08,086 [Listener at 127.0.0.1/34619] INFO  http.HttpServer2 (HttpServer2.java:addGlobalFilter(1029)) - Added global filter 'safety' (class=org.apache.hadoop.hdds.server.http.HttpServer2$QuotingInputFilter)
2022-08-09 13:48:08,087 [Listener at 127.0.0.1/34619] INFO  http.HttpServer2 (HttpServer2.java:addFilter(1005)) - Added filter static_user_filter (class=org.apache.hadoop.http.lib.StaticUserWebFilter$StaticUserFilter) to context hddsDatanode
2022-08-09 13:48:08,087 [Listener at 127.0.0.1/34619] INFO  http.HttpServer2 (HttpServer2.java:addFilter(1013)) - Added filter static_user_filter (class=org.apache.hadoop.http.lib.StaticUserWebFilter$StaticUserFilter) to context logs
2022-08-09 13:48:08,087 [Listener at 127.0.0.1/34619] INFO  http.HttpServer2 (HttpServer2.java:addFilter(1013)) - Added filter static_user_filter (class=org.apache.hadoop.http.lib.StaticUserWebFilter$StaticUserFilter) to context static
2022-08-09 13:48:08,087 [Listener at 127.0.0.1/34619] INFO  http.HttpServer2 (HttpServer2.java:bindListener(1248)) - Jetty bound to port 38375
2022-08-09 13:48:08,087 [Listener at 127.0.0.1/34619] INFO  server.Server (Server.java:doStart(375)) - jetty-9.4.43.v20210629; built: 2021-06-30T11:07:22.254Z; git: 526006ecfa3af7f1a27ef3a288e2bef7ea9dd7e8; jvm 1.8.0_332-b09
2022-08-09 13:48:08,095 [Listener at 127.0.0.1/34619] INFO  server.session (DefaultSessionIdManager.java:doStart(334)) - DefaultSessionIdManager workerName=node0
2022-08-09 13:48:08,096 [Listener at 127.0.0.1/34619] INFO  server.session (DefaultSessionIdManager.java:doStart(339)) - No SessionScavenger set, using defaults
2022-08-09 13:48:08,096 [Listener at 127.0.0.1/34619] INFO  server.session (HouseKeeper.java:startScavenging(132)) - node0 Scavenging every 660000ms
2022-08-09 13:48:08,121 [Listener at 127.0.0.1/34619] INFO  handler.ContextHandler (ContextHandler.java:doStart(915)) - Started o.e.j.s.ServletContextHandler@11b7167d{logs,/logs,file:///home/runner/work/ozone/ozone/hadoop-ozone/integration-test/target/log,AVAILABLE}
2022-08-09 13:48:08,122 [Listener at 127.0.0.1/34619] INFO  handler.ContextHandler (ContextHandler.java:doStart(915)) - Started o.e.j.s.ServletContextHandler@2d8076fd{static,/static,jar:file:/home/runner/.m2/repository/org/apache/ozone/hdds-container-service/1.3.0-SNAPSHOT/hdds-container-service-1.3.0-SNAPSHOT.jar!/webapps/static,AVAILABLE}
2022-08-09 13:48:08,374 [EndpointStateMachine task thread for /0.0.0.0:44219 - 0 ] INFO  volume.HddsVolume (HddsVolume.java:createDbStore(309)) - SchemaV3 db is created and loaded at /home/runner/work/ozone/ozone/hadoop-ozone/integration-test/target/test-dir/MiniOzoneClusterImpl-47423824-61ae-4caf-b360-a3644823e0d5/datanode-1/data-0/containers/hdds/47423824-61ae-4caf-b360-a3644823e0d5/DS-cf0ba6c6-c421-41b3-aaab-47345739d80a/container.db for volume DS-cf0ba6c6-c421-41b3-aaab-47345739d80a
2022-08-09 13:48:08,376 [EndpointStateMachine task thread for /0.0.0.0:44219 - 0 ] INFO  volume.HddsVolume (HddsVolume.java:closeDbStore(340)) - SchemaV3 db is stopped at /home/runner/work/ozone/ozone/hadoop-ozone/integration-test/target/test-dir/MiniOzoneClusterImpl-47423824-61ae-4caf-b360-a3644823e0d5/datanode-1/data-0/containers/hdds/47423824-61ae-4caf-b360-a3644823e0d5/DS-cf0ba6c6-c421-41b3-aaab-47345739d80a/container.db for volume DS-cf0ba6c6-c421-41b3-aaab-47345739d80a
2022-08-09 13:48:08,376 [EndpointStateMachine task thread for /0.0.0.0:44219 - 0 ] INFO  ozoneimpl.OzoneContainer (OzoneContainer.java:start(377)) - Attempting to start container services.
2022-08-09 13:48:08,376 [EndpointStateMachine task thread for /0.0.0.0:44219 - 0 ] INFO  ozoneimpl.OzoneContainer (OzoneContainer.java:startContainerScrub(312)) - Background container scanner has been disabled.
2022-08-09 13:48:08,386 [EndpointStateMachine task thread for /0.0.0.0:44219 - 0 ] INFO  replication.ReplicationServer (ReplicationServer.java:start(111)) - ReplicationServer is started using port 43617
2022-08-09 13:48:08,387 [EndpointStateMachine task thread for /0.0.0.0:44219 - 0 ] INFO  ratis.XceiverServerRatis (XceiverServerRatis.java:start(481)) - Starting XceiverServerRatis 7ea02f52-0524-4638-b817-10339939da37
2022-08-09 13:48:08,411 [EndpointStateMachine task thread for /0.0.0.0:44219 - 0 ] INFO  server.RaftServer (RaftServerProxy.java:lambda$start$6(382)) - 7ea02f52-0524-4638-b817-10339939da37: start RPC server
2022-08-09 13:48:08,431 [EndpointStateMachine task thread for /0.0.0.0:44219 - 0 ] INFO  server.GrpcService (GrpcService.java:startImpl(260)) - 7ea02f52-0524-4638-b817-10339939da37: GrpcService started, listening on 45003
2022-08-09 13:48:08,431 [EndpointStateMachine task thread for /0.0.0.0:44219 - 0 ] INFO  ratis.XceiverServerRatis (XceiverServerRatis.java:getRealPort(502)) - XceiverServerRatis 7ea02f52-0524-4638-b817-10339939da37 is started using port 45003 for RATIS
2022-08-09 13:48:08,431 [EndpointStateMachine task thread for /0.0.0.0:44219 - 0 ] INFO  ratis.XceiverServerRatis (XceiverServerRatis.java:getRealPort(502)) - XceiverServerRatis 7ea02f52-0524-4638-b817-10339939da37 is started using port 45003 for RATIS_ADMIN
2022-08-09 13:48:08,431 [EndpointStateMachine task thread for /0.0.0.0:44219 - 0 ] INFO  ratis.XceiverServerRatis (XceiverServerRatis.java:getRealPort(502)) - XceiverServerRatis 7ea02f52-0524-4638-b817-10339939da37 is started using port 45003 for RATIS_SERVER
2022-08-09 13:48:08,431 [org.apache.ratis.util.JvmPauseMonitor$$Lambda$615/629946574@19c7c3d1] INFO  util.JvmPauseMonitor (JvmPauseMonitor.java:run(103)) - JvmPauseMonitor-7ea02f52-0524-4638-b817-10339939da37: Started
2022-08-09 13:48:08,470 [EndpointStateMachine task thread for /0.0.0.0:44219 - 0 ] INFO  server.XceiverServerGrpc (XceiverServerGrpc.java:start(180)) - XceiverServerGrpc 7ea02f52-0524-4638-b817-10339939da37 is started using port 45317
2022-08-09 13:48:08,538 [Finalizer] WARN  managed.ManagedRocksObjectUtils (ManagedRocksObjectUtils.java:assertClosed(39)) - ManagedDBOptions is not closed properly
2022-08-09 13:48:08,538 [Finalizer] WARN  managed.ManagedRocksObjectUtils (ManagedRocksObjectUtils.java:assertClosed(39)) - ManagedColumnFamilyOptions is not closed properly
2022-08-09 13:48:08,538 [Finalizer] WARN  managed.ManagedRocksObjectUtils (ManagedRocksObjectUtils.java:assertClosed(39)) - ManagedLRUCache is not closed properly
2022-08-09 13:48:08,538 [Finalizer] WARN  managed.ManagedRocksObjectUtils (ManagedRocksObjectUtils.java:assertClosed(39)) - ManagedBloomFilter is not closed properly
2022-08-09 13:48:08,538 [Finalizer] WARN  managed.ManagedRocksObjectUtils (ManagedRocksObjectUtils.java:assertClosed(39)) - ManagedColumnFamilyOptions is not closed properly
2022-08-09 13:48:08,538 [Finalizer] WARN  managed.ManagedRocksObjectUtils (ManagedRocksObjectUtils.java:assertClosed(39)) - ManagedColumnFamilyOptions is not closed properly
2022-08-09 13:48:08,538 [Finalizer] WARN  managed.ManagedRocksObjectUtils (ManagedRocksObjectUtils.java:assertClosed(39)) - ManagedColumnFamilyOptions is not closed properly
2022-08-09 13:48:08,538 [Finalizer] WARN  managed.ManagedRocksObjectUtils (ManagedRocksObjectUtils.java:assertClosed(39)) - ManagedColumnFamilyOptions is not closed properly
2022-08-09 13:48:08,539 [Finalizer] WARN  managed.ManagedRocksObjectUtils (ManagedRocksObjectUtils.java:assertClosed(39)) - ManagedDBOptions is not closed properly
2022-08-09 13:48:08,539 [Finalizer] WARN  managed.ManagedRocksObjectUtils (ManagedRocksObjectUtils.java:assertClosed(39)) - ManagedColumnFamilyOptions is not closed properly
2022-08-09 13:48:08,539 [Finalizer] WARN  managed.ManagedRocksObjectUtils (ManagedRocksObjectUtils.java:assertClosed(39)) - ManagedLRUCache is not closed properly
2022-08-09 13:48:08,539 [Finalizer] WARN  managed.ManagedRocksObjectUtils (ManagedRocksObjectUtils.java:assertClosed(39)) - ManagedBloomFilter is not closed properly
2022-08-09 13:48:08,540 [Finalizer] WARN  managed.ManagedRocksObjectUtils (ManagedRocksObjectUtils.java:assertClosed(39)) - ManagedColumnFamilyOptions is not closed properly
2022-08-09 13:48:08,540 [Finalizer] WARN  managed.ManagedRocksObjectUtils (ManagedRocksObjectUtils.java:assertClosed(39)) - ManagedColumnFamilyOptions is not closed properly
2022-08-09 13:48:08,540 [Finalizer] WARN  managed.ManagedRocksObjectUtils (ManagedRocksObjectUtils.java:assertClosed(39)) - ManagedColumnFamilyOptions is not closed properly
2022-08-09 13:48:08,540 [Finalizer] WARN  managed.ManagedRocksObjectUtils (ManagedRocksObjectUtils.java:assertClosed(39)) - ManagedColumnFamilyOptions is not closed properly
2022-08-09 13:48:08,628 [Listener at 127.0.0.1/34619] INFO  handler.ContextHandler (ContextHandler.java:doStart(915)) - Started o.e.j.w.WebAppContext@7843aae6{hddsDatanode,/,file:///tmp/jetty-0_0_0_0-38375-hdds-container-service-1_3_0-SNAPSHOT_jar-_-any-133541465029491133/webapp/,AVAILABLE}{jar:file:/home/runner/.m2/repository/org/apache/ozone/hdds-container-service/1.3.0-SNAPSHOT/hdds-container-service-1.3.0-SNAPSHOT.jar!/webapps/hddsDatanode}
2022-08-09 13:48:08,646 [Listener at 127.0.0.1/34619] INFO  server.AbstractConnector (AbstractConnector.java:doStart(331)) - Started ServerConnector@305d3110{HTTP/1.1, (http/1.1)}{0.0.0.0:38375}
2022-08-09 13:48:08,646 [Listener at 127.0.0.1/34619] INFO  server.Server (Server.java:doStart(415)) - Started @75381ms
2022-08-09 13:48:08,646 [Listener at 127.0.0.1/34619] WARN  impl.MetricsSystemImpl (MetricsSystemImpl.java:register(279)) - Sink prometheus already exists!
2022-08-09 13:48:08,647 [Listener at 127.0.0.1/34619] INFO  http.BaseHttpServer (BaseHttpServer.java:updateConnectorAddress(329)) - HTTP server of hddsDatanode listening at http://0.0.0.0:38375
2022-08-09 13:48:08,648 [Listener at 127.0.0.1/34619] INFO  ozone.MiniOzoneClusterImpl (MiniOzoneClusterImpl.java:lambda$waitForClusterToBeReady$0(216)) - Waiting for nodes to be ready. Got 0 of 5 DN Heartbeats.
2022-08-09 13:48:08,649 [Listener at 127.0.0.1/34619] INFO  ozone.MiniOzoneClusterImpl (MiniOzoneClusterImpl.java:lambda$waitForClusterToBeReady$0(219)) - Waiting for cluster to exit safe mode
2022-08-09 13:48:08,649 [Listener at 127.0.0.1/34619] INFO  ozone.MiniOzoneClusterImpl (MiniOzoneClusterImpl.java:lambda$waitForClusterToBeReady$0(221)) - SCM became leader
2022-08-09 13:48:08,649 [Datanode State Machine Daemon Thread] INFO  statemachine.DatanodeStateMachine (DatanodeStateMachine.java:lambda$startDaemon$0(492)) - Ozone container server started.
2022-08-09 13:48:08,671 [org.apache.hadoop.util.JvmPauseMonitor$Monitor@436faf3a] INFO  util.JvmPauseMonitor (JvmPauseMonitor.java:run(188)) - Starting JVM pause monitor
2022-08-09 13:48:08,672 [Datanode State Machine Task Thread - 0] INFO  datanode.InitDatanodeState (InitDatanodeState.java:persistContainerDatanodeDetails(138)) - DatanodeDetails is persisted to /home/runner/work/ozone/ozone/hadoop-ozone/integration-test/target/test-dir/MiniOzoneClusterImpl-47423824-61ae-4caf-b360-a3644823e0d5/datanode-4/meta/datanode.id
2022-08-09 13:48:09,033 [EndpointStateMachine task thread for /0.0.0.0:44219 - 0 ] INFO  volume.HddsVolume (HddsVolume.java:createDbStore(309)) - SchemaV3 db is created and loaded at /home/runner/work/ozone/ozone/hadoop-ozone/integration-test/target/test-dir/MiniOzoneClusterImpl-47423824-61ae-4caf-b360-a3644823e0d5/datanode-2/data-0/containers/hdds/47423824-61ae-4caf-b360-a3644823e0d5/DS-a36fff1e-dcce-4ef2-8c31-d5b35bcf800c/container.db for volume DS-a36fff1e-dcce-4ef2-8c31-d5b35bcf800c
2022-08-09 13:48:09,034 [EndpointStateMachine task thread for /0.0.0.0:44219 - 0 ] INFO  volume.HddsVolume (HddsVolume.java:closeDbStore(340)) - SchemaV3 db is stopped at /home/runner/work/ozone/ozone/hadoop-ozone/integration-test/target/test-dir/MiniOzoneClusterImpl-47423824-61ae-4caf-b360-a3644823e0d5/datanode-2/data-0/containers/hdds/47423824-61ae-4caf-b360-a3644823e0d5/DS-a36fff1e-dcce-4ef2-8c31-d5b35bcf800c/container.db for volume DS-a36fff1e-dcce-4ef2-8c31-d5b35bcf800c
2022-08-09 13:48:09,034 [EndpointStateMachine task thread for /0.0.0.0:44219 - 0 ] INFO  ozoneimpl.OzoneContainer (OzoneContainer.java:start(377)) - Attempting to start container services.
2022-08-09 13:48:09,034 [EndpointStateMachine task thread for /0.0.0.0:44219 - 0 ] INFO  ozoneimpl.OzoneContainer (OzoneContainer.java:startContainerScrub(312)) - Background container scanner has been disabled.
2022-08-09 13:48:09,069 [EndpointStateMachine task thread for /0.0.0.0:44219 - 0 ] INFO  replication.ReplicationServer (ReplicationServer.java:start(111)) - ReplicationServer is started using port 35761
2022-08-09 13:48:09,070 [EndpointStateMachine task thread for /0.0.0.0:44219 - 0 ] INFO  ratis.XceiverServerRatis (XceiverServerRatis.java:start(481)) - Starting XceiverServerRatis 7eae729b-82ee-421b-843d-240299c4e56c
2022-08-09 13:48:09,070 [EndpointStateMachine task thread for /0.0.0.0:44219 - 0 ] INFO  server.RaftServer (RaftServerProxy.java:lambda$start$6(382)) - 7eae729b-82ee-421b-843d-240299c4e56c: start RPC server
2022-08-09 13:48:09,092 [EndpointStateMachine task thread for /0.0.0.0:44219 - 0 ] INFO  server.GrpcService (GrpcService.java:startImpl(260)) - 7eae729b-82ee-421b-843d-240299c4e56c: GrpcService started, listening on 36615
2022-08-09 13:48:09,092 [EndpointStateMachine task thread for /0.0.0.0:44219 - 0 ] INFO  ratis.XceiverServerRatis (XceiverServerRatis.java:getRealPort(502)) - XceiverServerRatis 7eae729b-82ee-421b-843d-240299c4e56c is started using port 36615 for RATIS
2022-08-09 13:48:09,092 [EndpointStateMachine task thread for /0.0.0.0:44219 - 0 ] INFO  ratis.XceiverServerRatis (XceiverServerRatis.java:getRealPort(502)) - XceiverServerRatis 7eae729b-82ee-421b-843d-240299c4e56c is started using port 36615 for RATIS_ADMIN
2022-08-09 13:48:09,092 [EndpointStateMachine task thread for /0.0.0.0:44219 - 0 ] INFO  ratis.XceiverServerRatis (XceiverServerRatis.java:getRealPort(502)) - XceiverServerRatis 7eae729b-82ee-421b-843d-240299c4e56c is started using port 36615 for RATIS_SERVER
2022-08-09 13:48:09,092 [org.apache.ratis.util.JvmPauseMonitor$$Lambda$615/629946574@7abde0ef] INFO  util.JvmPauseMonitor (JvmPauseMonitor.java:run(103)) - JvmPauseMonitor-7eae729b-82ee-421b-843d-240299c4e56c: Started
2022-08-09 13:48:09,108 [EndpointStateMachine task thread for /0.0.0.0:44219 - 0 ] INFO  server.XceiverServerGrpc (XceiverServerGrpc.java:start(180)) - XceiverServerGrpc 7eae729b-82ee-421b-843d-240299c4e56c is started using port 45625
2022-08-09 13:48:09,589 [IPC Server handler 1 on default port 44219] INFO  net.NetworkTopologyImpl (NetworkTopologyImpl.java:add(112)) - Added a new node: /default-rack/3eae53bb-90ae-447f-858b-4086883680b9
2022-08-09 13:48:09,590 [IPC Server handler 1 on default port 44219] INFO  node.SCMNodeManager (SCMNodeManager.java:register(397)) - Registered Data node : 3eae53bb-90ae-447f-858b-4086883680b9{ip: 10.1.0.19, host: fv-az450-466.jnfmftgkylze5hd05chtbp1i0a.dx.internal.cloudapp.net, ports: [REPLICATION=37213, RATIS=38969, RATIS_ADMIN=38969, RATIS_SERVER=38969, STANDALONE=38115], networkLocation: /default-rack, certSerialId: null, persistedOpState: null, persistedOpStateExpiryEpochSec: 0}
2022-08-09 13:48:09,592 [EventQueue-NodeRegistrationContainerReportForDataNodeSafeModeRule] INFO  safemode.SCMSafeModeManager (DataNodeSafeModeRule.java:process(71)) - SCM in safe mode. 1 DataNodes registered, 3 required.
2022-08-09 13:48:09,592 [EventQueue-NodeRegistrationContainerReportForContainerSafeModeRule] INFO  safemode.SCMSafeModeManager (SCMSafeModeManager.java:validateSafeModeExitRules(204)) - ContainerSafeModeRule rule is successfully validated
2022-08-09 13:48:09,602 [EventQueue-PipelineReportForOneReplicaPipelineSafeModeRule] INFO  safemode.SCMSafeModeManager (SCMSafeModeManager.java:validateSafeModeExitRules(204)) - AtleastOneDatanodeReportedRule rule is successfully validated
2022-08-09 13:48:09,602 [EventQueue-NewNodeForNewNodeHandler] INFO  pipeline.BackgroundPipelineCreator (BackgroundPipelineCreator.java:notifyEventTriggered(276)) - trigger a one-shot run on RatisPipelineUtilsThread.
2022-08-09 13:48:09,602 [RatisPipelineUtilsThread - 0] INFO  pipeline.RatisPipelineProvider (RatisPipelineProvider.java:lambda$create$0(195)) - Sending CreatePipelineCommand for pipeline:PipelineID=657dc190-b448-4dc5-969b-408ef4fde923 to datanode:3eae53bb-90ae-447f-858b-4086883680b9
2022-08-09 13:48:09,608 [RatisPipelineUtilsThread - 0] INFO  pipeline.PipelineStateManagerImpl (PipelineStateManagerImpl.java:addPipeline(103)) - Created pipeline Pipeline[ Id: 657dc190-b448-4dc5-969b-408ef4fde923, Nodes: 3eae53bb-90ae-447f-858b-4086883680b9{ip: 10.1.0.19, host: fv-az450-466.jnfmftgkylze5hd05chtbp1i0a.dx.internal.cloudapp.net, ports: [REPLICATION=37213, RATIS=38969, RATIS_ADMIN=38969, RATIS_SERVER=38969, STANDALONE=38115], networkLocation: /default-rack, certSerialId: null, persistedOpState: IN_SERVICE, persistedOpStateExpiryEpochSec: 0}, ReplicationConfig: RATIS/ONE, State:ALLOCATED, leaderId:, CreationTimestamp2022-08-09T13:48:09.602Z[Etc/UTC]].
2022-08-09 13:48:09,649 [Listener at 127.0.0.1/34619] INFO  ozone.MiniOzoneClusterImpl (MiniOzoneClusterImpl.java:lambda$waitForClusterToBeReady$0(216)) - Waiting for nodes to be ready. Got 1 of 5 DN Heartbeats.
2022-08-09 13:48:09,649 [Listener at 127.0.0.1/34619] INFO  ozone.MiniOzoneClusterImpl (MiniOzoneClusterImpl.java:lambda$waitForClusterToBeReady$0(219)) - Waiting for cluster to exit safe mode
2022-08-09 13:48:09,649 [Listener at 127.0.0.1/34619] INFO  ozone.MiniOzoneClusterImpl (MiniOzoneClusterImpl.java:lambda$waitForClusterToBeReady$0(221)) - SCM became leader
2022-08-09 13:48:09,840 [EndpointStateMachine task thread for /0.0.0.0:44219 - 0 ] INFO  volume.HddsVolume (HddsVolume.java:createDbStore(309)) - SchemaV3 db is created and loaded at /home/runner/work/ozone/ozone/hadoop-ozone/integration-test/target/test-dir/MiniOzoneClusterImpl-47423824-61ae-4caf-b360-a3644823e0d5/datanode-3/data-0/containers/hdds/47423824-61ae-4caf-b360-a3644823e0d5/DS-553e6843-de80-4000-9b9c-97f7d6c67a43/container.db for volume DS-553e6843-de80-4000-9b9c-97f7d6c67a43
2022-08-09 13:48:09,846 [EndpointStateMachine task thread for /0.0.0.0:44219 - 0 ] INFO  volume.HddsVolume (HddsVolume.java:closeDbStore(340)) - SchemaV3 db is stopped at /home/runner/work/ozone/ozone/hadoop-ozone/integration-test/target/test-dir/MiniOzoneClusterImpl-47423824-61ae-4caf-b360-a3644823e0d5/datanode-3/data-0/containers/hdds/47423824-61ae-4caf-b360-a3644823e0d5/DS-553e6843-de80-4000-9b9c-97f7d6c67a43/container.db for volume DS-553e6843-de80-4000-9b9c-97f7d6c67a43
2022-08-09 13:48:09,846 [EndpointStateMachine task thread for /0.0.0.0:44219 - 0 ] INFO  ozoneimpl.OzoneContainer (OzoneContainer.java:start(377)) - Attempting to start container services.
2022-08-09 13:48:09,847 [EndpointStateMachine task thread for /0.0.0.0:44219 - 0 ] INFO  ozoneimpl.OzoneContainer (OzoneContainer.java:startContainerScrub(312)) - Background container scanner has been disabled.
2022-08-09 13:48:09,868 [EndpointStateMachine task thread for /0.0.0.0:44219 - 0 ] INFO  replication.ReplicationServer (ReplicationServer.java:start(111)) - ReplicationServer is started using port 44355
2022-08-09 13:48:09,873 [EndpointStateMachine task thread for /0.0.0.0:44219 - 0 ] INFO  ratis.XceiverServerRatis (XceiverServerRatis.java:start(481)) - Starting XceiverServerRatis c412bf5e-d18f-42ba-b8b3-b8fb93465f91
2022-08-09 13:48:09,877 [EndpointStateMachine task thread for /0.0.0.0:44219 - 0 ] INFO  server.RaftServer (RaftServerProxy.java:lambda$start$6(382)) - c412bf5e-d18f-42ba-b8b3-b8fb93465f91: start RPC server
2022-08-09 13:48:09,897 [EndpointStateMachine task thread for /0.0.0.0:44219 - 0 ] INFO  server.GrpcService (GrpcService.java:startImpl(260)) - c412bf5e-d18f-42ba-b8b3-b8fb93465f91: GrpcService started, listening on 41673
2022-08-09 13:48:09,904 [EndpointStateMachine task thread for /0.0.0.0:44219 - 0 ] INFO  ratis.XceiverServerRatis (XceiverServerRatis.java:getRealPort(502)) - XceiverServerRatis c412bf5e-d18f-42ba-b8b3-b8fb93465f91 is started using port 41673 for RATIS
2022-08-09 13:48:09,904 [EndpointStateMachine task thread for /0.0.0.0:44219 - 0 ] INFO  ratis.XceiverServerRatis (XceiverServerRatis.java:getRealPort(502)) - XceiverServerRatis c412bf5e-d18f-42ba-b8b3-b8fb93465f91 is started using port 41673 for RATIS_ADMIN
2022-08-09 13:48:09,904 [EndpointStateMachine task thread for /0.0.0.0:44219 - 0 ] INFO  ratis.XceiverServerRatis (XceiverServerRatis.java:getRealPort(502)) - XceiverServerRatis c412bf5e-d18f-42ba-b8b3-b8fb93465f91 is started using port 41673 for RATIS_SERVER
2022-08-09 13:48:09,904 [org.apache.ratis.util.JvmPauseMonitor$$Lambda$615/629946574@4e6d161] INFO  util.JvmPauseMonitor (JvmPauseMonitor.java:run(103)) - JvmPauseMonitor-c412bf5e-d18f-42ba-b8b3-b8fb93465f91: Started
2022-08-09 13:48:09,924 [EndpointStateMachine task thread for /0.0.0.0:44219 - 0 ] INFO  server.XceiverServerGrpc (XceiverServerGrpc.java:start(180)) - XceiverServerGrpc c412bf5e-d18f-42ba-b8b3-b8fb93465f91 is started using port 46261
2022-08-09 13:48:10,244 [IPC Server handler 1 on default port 44219] INFO  net.NetworkTopologyImpl (NetworkTopologyImpl.java:add(112)) - Added a new node: /default-rack/7ea02f52-0524-4638-b817-10339939da37
2022-08-09 13:48:10,244 [IPC Server handler 1 on default port 44219] INFO  node.SCMNodeManager (SCMNodeManager.java:register(397)) - Registered Data node : 7ea02f52-0524-4638-b817-10339939da37{ip: 10.1.0.19, host: fv-az450-466.jnfmftgkylze5hd05chtbp1i0a.dx.internal.cloudapp.net, ports: [REPLICATION=43617, RATIS=45003, RATIS_ADMIN=45003, RATIS_SERVER=45003, STANDALONE=45317], networkLocation: /default-rack, certSerialId: null, persistedOpState: null, persistedOpStateExpiryEpochSec: 0}
2022-08-09 13:48:10,244 [EventQueue-NewNodeForNewNodeHandler] INFO  pipeline.BackgroundPipelineCreator (BackgroundPipelineCreator.java:notifyEventTriggered(276)) - trigger a one-shot run on RatisPipelineUtilsThread.
2022-08-09 13:48:10,251 [EventQueue-NodeRegistrationContainerReportForDataNodeSafeModeRule] INFO  safemode.SCMSafeModeManager (DataNodeSafeModeRule.java:process(71)) - SCM in safe mode. 2 DataNodes registered, 3 required.
2022-08-09 13:48:10,259 [RatisPipelineUtilsThread - 0] INFO  pipeline.RatisPipelineProvider (RatisPipelineProvider.java:lambda$create$0(195)) - Sending CreatePipelineCommand for pipeline:PipelineID=cbc87c03-af7f-4dee-9dc7-667c82500e0a to datanode:7ea02f52-0524-4638-b817-10339939da37
2022-08-09 13:48:10,260 [RatisPipelineUtilsThread - 0] INFO  pipeline.PipelineStateManagerImpl (PipelineStateManagerImpl.java:addPipeline(103)) - Created pipeline Pipeline[ Id: cbc87c03-af7f-4dee-9dc7-667c82500e0a, Nodes: 7ea02f52-0524-4638-b817-10339939da37{ip: 10.1.0.19, host: fv-az450-466.jnfmftgkylze5hd05chtbp1i0a.dx.internal.cloudapp.net, ports: [REPLICATION=43617, RATIS=45003, RATIS_ADMIN=45003, RATIS_SERVER=45003, STANDALONE=45317], networkLocation: /default-rack, certSerialId: null, persistedOpState: IN_SERVICE, persistedOpStateExpiryEpochSec: 0}, ReplicationConfig: RATIS/ONE, State:ALLOCATED, leaderId:, CreationTimestamp2022-08-09T13:48:10.259Z[Etc/UTC]].
2022-08-09 13:48:10,649 [Listener at 127.0.0.1/34619] INFO  ozone.MiniOzoneClusterImpl (MiniOzoneClusterImpl.java:lambda$waitForClusterToBeReady$0(216)) - Waiting for nodes to be ready. Got 2 of 5 DN Heartbeats.
2022-08-09 13:48:10,650 [Listener at 127.0.0.1/34619] INFO  ozone.MiniOzoneClusterImpl (MiniOzoneClusterImpl.java:lambda$waitForClusterToBeReady$0(219)) - Waiting for cluster to exit safe mode
2022-08-09 13:48:10,650 [Listener at 127.0.0.1/34619] INFO  ozone.MiniOzoneClusterImpl (MiniOzoneClusterImpl.java:lambda$waitForClusterToBeReady$0(221)) - SCM became leader
2022-08-09 13:48:10,739 [EndpointStateMachine task thread for /0.0.0.0:44219 - 0 ] INFO  volume.HddsVolume (HddsVolume.java:createDbStore(309)) - SchemaV3 db is created and loaded at /home/runner/work/ozone/ozone/hadoop-ozone/integration-test/target/test-dir/MiniOzoneClusterImpl-47423824-61ae-4caf-b360-a3644823e0d5/datanode-4/data-0/containers/hdds/47423824-61ae-4caf-b360-a3644823e0d5/DS-1578175f-8bea-4546-a277-c6120e167779/container.db for volume DS-1578175f-8bea-4546-a277-c6120e167779
2022-08-09 13:48:10,740 [EndpointStateMachine task thread for /0.0.0.0:44219 - 0 ] INFO  volume.HddsVolume (HddsVolume.java:closeDbStore(340)) - SchemaV3 db is stopped at /home/runner/work/ozone/ozone/hadoop-ozone/integration-test/target/test-dir/MiniOzoneClusterImpl-47423824-61ae-4caf-b360-a3644823e0d5/datanode-4/data-0/containers/hdds/47423824-61ae-4caf-b360-a3644823e0d5/DS-1578175f-8bea-4546-a277-c6120e167779/container.db for volume DS-1578175f-8bea-4546-a277-c6120e167779
2022-08-09 13:48:10,740 [EndpointStateMachine task thread for /0.0.0.0:44219 - 0 ] INFO  ozoneimpl.OzoneContainer (OzoneContainer.java:start(377)) - Attempting to start container services.
2022-08-09 13:48:10,740 [EndpointStateMachine task thread for /0.0.0.0:44219 - 0 ] INFO  ozoneimpl.OzoneContainer (OzoneContainer.java:startContainerScrub(312)) - Background container scanner has been disabled.
2022-08-09 13:48:10,755 [EndpointStateMachine task thread for /0.0.0.0:44219 - 0 ] INFO  replication.ReplicationServer (ReplicationServer.java:start(111)) - ReplicationServer is started using port 45601
2022-08-09 13:48:10,756 [EndpointStateMachine task thread for /0.0.0.0:44219 - 0 ] INFO  ratis.XceiverServerRatis (XceiverServerRatis.java:start(481)) - Starting XceiverServerRatis e91f8b27-0fc3-4f4d-ba73-1916ce0a206a
2022-08-09 13:48:10,756 [EndpointStateMachine task thread for /0.0.0.0:44219 - 0 ] INFO  server.RaftServer (RaftServerProxy.java:lambda$start$6(382)) - e91f8b27-0fc3-4f4d-ba73-1916ce0a206a: start RPC server
2022-08-09 13:48:10,770 [EndpointStateMachine task thread for /0.0.0.0:44219 - 0 ] INFO  server.GrpcService (GrpcService.java:startImpl(260)) - e91f8b27-0fc3-4f4d-ba73-1916ce0a206a: GrpcService started, listening on 33393
2022-08-09 13:48:10,770 [EndpointStateMachine task thread for /0.0.0.0:44219 - 0 ] INFO  ratis.XceiverServerRatis (XceiverServerRatis.java:getRealPort(502)) - XceiverServerRatis e91f8b27-0fc3-4f4d-ba73-1916ce0a206a is started using port 33393 for RATIS
2022-08-09 13:48:10,770 [EndpointStateMachine task thread for /0.0.0.0:44219 - 0 ] INFO  ratis.XceiverServerRatis (XceiverServerRatis.java:getRealPort(502)) - XceiverServerRatis e91f8b27-0fc3-4f4d-ba73-1916ce0a206a is started using port 33393 for RATIS_ADMIN
2022-08-09 13:48:10,770 [EndpointStateMachine task thread for /0.0.0.0:44219 - 0 ] INFO  ratis.XceiverServerRatis (XceiverServerRatis.java:getRealPort(502)) - XceiverServerRatis e91f8b27-0fc3-4f4d-ba73-1916ce0a206a is started using port 33393 for RATIS_SERVER
2022-08-09 13:48:10,772 [org.apache.ratis.util.JvmPauseMonitor$$Lambda$615/629946574@356df34d] INFO  util.JvmPauseMonitor (JvmPauseMonitor.java:run(103)) - JvmPauseMonitor-e91f8b27-0fc3-4f4d-ba73-1916ce0a206a: Started
2022-08-09 13:48:10,797 [EndpointStateMachine task thread for /0.0.0.0:44219 - 0 ] INFO  server.XceiverServerGrpc (XceiverServerGrpc.java:start(180)) - XceiverServerGrpc e91f8b27-0fc3-4f4d-ba73-1916ce0a206a is started using port 36607
2022-08-09 13:48:10,900 [Finalizer] WARN  managed.ManagedRocksObjectUtils (ManagedRocksObjectUtils.java:assertClosed(39)) - ManagedDBOptions is not closed properly
2022-08-09 13:48:10,901 [Finalizer] WARN  managed.ManagedRocksObjectUtils (ManagedRocksObjectUtils.java:assertClosed(39)) - ManagedColumnFamilyOptions is not closed properly
2022-08-09 13:48:10,901 [Finalizer] WARN  managed.ManagedRocksObjectUtils (ManagedRocksObjectUtils.java:assertClosed(39)) - ManagedLRUCache is not closed properly
2022-08-09 13:48:10,901 [Finalizer] WARN  managed.ManagedRocksObjectUtils (ManagedRocksObjectUtils.java:assertClosed(39)) - ManagedBloomFilter is not closed properly
2022-08-09 13:48:10,901 [Finalizer] WARN  managed.ManagedRocksObjectUtils (ManagedRocksObjectUtils.java:assertClosed(39)) - ManagedDBOptions is not closed properly
2022-08-09 13:48:10,901 [Finalizer] WARN  managed.ManagedRocksObjectUtils (ManagedRocksObjectUtils.java:assertClosed(39)) - ManagedColumnFamilyOptions is not closed properly
2022-08-09 13:48:10,901 [Finalizer] WARN  managed.ManagedRocksObjectUtils (ManagedRocksObjectUtils.java:assertClosed(39)) - ManagedLRUCache is not closed properly
2022-08-09 13:48:10,901 [Finalizer] WARN  managed.ManagedRocksObjectUtils (ManagedRocksObjectUtils.java:assertClosed(39)) - ManagedBloomFilter is not closed properly
2022-08-09 13:48:10,901 [Finalizer] WARN  managed.ManagedRocksObjectUtils (ManagedRocksObjectUtils.java:assertClosed(39)) - ManagedDBOptions is not closed properly
2022-08-09 13:48:10,901 [Finalizer] WARN  managed.ManagedRocksObjectUtils (ManagedRocksObjectUtils.java:assertClosed(39)) - ManagedColumnFamilyOptions is not closed properly
2022-08-09 13:48:10,901 [Finalizer] WARN  managed.ManagedRocksObjectUtils (ManagedRocksObjectUtils.java:assertClosed(39)) - ManagedLRUCache is not closed properly
2022-08-09 13:48:10,901 [Finalizer] WARN  managed.ManagedRocksObjectUtils (ManagedRocksObjectUtils.java:assertClosed(39)) - ManagedBloomFilter is not closed properly
2022-08-09 13:48:10,932 [IPC Server handler 8 on default port 44219] INFO  net.NetworkTopologyImpl (NetworkTopologyImpl.java:add(112)) - Added a new node: /default-rack/7eae729b-82ee-421b-843d-240299c4e56c
2022-08-09 13:48:10,933 [IPC Server handler 8 on default port 44219] INFO  node.SCMNodeManager (SCMNodeManager.java:register(397)) - Registered Data node : 7eae729b-82ee-421b-843d-240299c4e56c{ip: 10.1.0.19, host: fv-az450-466.jnfmftgkylze5hd05chtbp1i0a.dx.internal.cloudapp.net, ports: [REPLICATION=35761, RATIS=36615, RATIS_ADMIN=36615, RATIS_SERVER=36615, STANDALONE=45625], networkLocation: /default-rack, certSerialId: null, persistedOpState: null, persistedOpStateExpiryEpochSec: 0}
2022-08-09 13:48:10,933 [EventQueue-NewNodeForNewNodeHandler] INFO  pipeline.BackgroundPipelineCreator (BackgroundPipelineCreator.java:notifyEventTriggered(276)) - trigger a one-shot run on RatisPipelineUtilsThread.
2022-08-09 13:48:10,933 [EventQueue-NodeRegistrationContainerReportForDataNodeSafeModeRule] INFO  safemode.SCMSafeModeManager (DataNodeSafeModeRule.java:process(71)) - SCM in safe mode. 3 DataNodes registered, 3 required.
2022-08-09 13:48:10,933 [EventQueue-NodeRegistrationContainerReportForDataNodeSafeModeRule] INFO  safemode.SCMSafeModeManager (SCMSafeModeManager.java:validateSafeModeExitRules(204)) - DataNodeSafeModeRule rule is successfully validated
2022-08-09 13:48:10,933 [EventQueue-NodeRegistrationContainerReportForDataNodeSafeModeRule] INFO  safemode.SCMSafeModeManager (SCMSafeModeManager.java:completePreCheck(233)) - All SCM safe mode pre check rules have passed
2022-08-09 13:48:10,933 [EventQueue-NodeRegistrationContainerReportForDataNodeSafeModeRule] WARN  events.EventQueue (EventQueue.java:fireEvent(216)) - No event handler registered for event TypedEvent{payloadType=SafeModeStatus, name='Safe mode status'}
2022-08-09 13:48:10,933 [EventQueue-NodeRegistrationContainerReportForDataNodeSafeModeRule] INFO  ha.SCMContext (SCMContext.java:updateSafeModeStatus(228)) - Update SafeModeStatus from SafeModeStatus{safeModeStatus=true, preCheckPassed=false} to SafeModeStatus{safeModeStatus=true, preCheckPassed=true}.
2022-08-09 13:48:10,933 [EventQueue-NodeRegistrationContainerReportForDataNodeSafeModeRule] INFO  pipeline.BackgroundPipelineCreator (BackgroundPipelineCreator.java:notifyEventTriggered(276)) - trigger a one-shot run on RatisPipelineUtilsThread.
2022-08-09 13:48:10,933 [RatisPipelineUtilsThread - 0] INFO  pipeline.RatisPipelineProvider (RatisPipelineProvider.java:lambda$create$0(195)) - Sending CreatePipelineCommand for pipeline:PipelineID=34ece154-41ea-438e-82f1-4d6438b63181 to datanode:7eae729b-82ee-421b-843d-240299c4e56c
2022-08-09 13:48:10,934 [RatisPipelineUtilsThread - 0] INFO  pipeline.PipelineStateManagerImpl (PipelineStateManagerImpl.java:addPipeline(103)) - Created pipeline Pipeline[ Id: 34ece154-41ea-438e-82f1-4d6438b63181, Nodes: 7eae729b-82ee-421b-843d-240299c4e56c{ip: 10.1.0.19, host: fv-az450-466.jnfmftgkylze5hd05chtbp1i0a.dx.internal.cloudapp.net, ports: [REPLICATION=35761, RATIS=36615, RATIS_ADMIN=36615, RATIS_SERVER=36615, STANDALONE=45625], networkLocation: /default-rack, certSerialId: null, persistedOpState: IN_SERVICE, persistedOpStateExpiryEpochSec: 0}, ReplicationConfig: RATIS/ONE, State:ALLOCATED, leaderId:, CreationTimestamp2022-08-09T13:48:10.933Z[Etc/UTC]].
2022-08-09 13:48:10,936 [RatisPipelineUtilsThread - 0] INFO  pipeline.RatisPipelineProvider (RatisPipelineProvider.java:lambda$create$0(195)) - Sending CreatePipelineCommand for pipeline:PipelineID=d5aa702c-433d-4894-acad-d06ded371cf4 to datanode:7eae729b-82ee-421b-843d-240299c4e56c
2022-08-09 13:48:10,936 [RatisPipelineUtilsThread - 0] INFO  pipeline.RatisPipelineProvider (RatisPipelineProvider.java:lambda$create$0(195)) - Sending CreatePipelineCommand for pipeline:PipelineID=d5aa702c-433d-4894-acad-d06ded371cf4 to datanode:7ea02f52-0524-4638-b817-10339939da37
2022-08-09 13:48:10,936 [RatisPipelineUtilsThread - 0] INFO  pipeline.RatisPipelineProvider (RatisPipelineProvider.java:lambda$create$0(195)) - Sending CreatePipelineCommand for pipeline:PipelineID=d5aa702c-433d-4894-acad-d06ded371cf4 to datanode:3eae53bb-90ae-447f-858b-4086883680b9
2022-08-09 13:48:10,936 [RatisPipelineUtilsThread - 0] INFO  pipeline.PipelineStateManagerImpl (PipelineStateManagerImpl.java:addPipeline(103)) - Created pipeline Pipeline[ Id: d5aa702c-433d-4894-acad-d06ded371cf4, Nodes: 7eae729b-82ee-421b-843d-240299c4e56c{ip: 10.1.0.19, host: fv-az450-466.jnfmftgkylze5hd05chtbp1i0a.dx.internal.cloudapp.net, ports: [REPLICATION=35761, RATIS=36615, RATIS_ADMIN=36615, RATIS_SERVER=36615, STANDALONE=45625], networkLocation: /default-rack, certSerialId: null, persistedOpState: IN_SERVICE, persistedOpStateExpiryEpochSec: 0}7ea02f52-0524-4638-b817-10339939da37{ip: 10.1.0.19, host: fv-az450-466.jnfmftgkylze5hd05chtbp1i0a.dx.internal.cloudapp.net, ports: [REPLICATION=43617, RATIS=45003, RATIS_ADMIN=45003, RATIS_SERVER=45003, STANDALONE=45317], networkLocation: /default-rack, certSerialId: null, persistedOpState: IN_SERVICE, persistedOpStateExpiryEpochSec: 0}3eae53bb-90ae-447f-858b-4086883680b9{ip: 10.1.0.19, host: fv-az450-466.jnfmftgkylze5hd05chtbp1i0a.dx.internal.cloudapp.net, ports: [REPLICATION=37213, RATIS=38969, RATIS_ADMIN=38969, RATIS_SERVER=38969, STANDALONE=38115], networkLocation: /default-rack, certSerialId: null, persistedOpState: IN_SERVICE, persistedOpStateExpiryEpochSec: 0}, ReplicationConfig: RATIS/THREE, State:ALLOCATED, leaderId:, CreationTimestamp2022-08-09T13:48:10.936Z[Etc/UTC]].
2022-08-09 13:48:10,937 [RatisPipelineUtilsThread - 0] INFO  pipeline.RatisPipelineProvider (RatisPipelineProvider.java:lambda$create$0(195)) - Sending CreatePipelineCommand for pipeline:PipelineID=0f4e7a3b-074b-4ffa-82f4-45546029146d to datanode:7ea02f52-0524-4638-b817-10339939da37
2022-08-09 13:48:10,937 [RatisPipelineUtilsThread - 0] INFO  pipeline.RatisPipelineProvider (RatisPipelineProvider.java:lambda$create$0(195)) - Sending CreatePipelineCommand for pipeline:PipelineID=0f4e7a3b-074b-4ffa-82f4-45546029146d to datanode:3eae53bb-90ae-447f-858b-4086883680b9
2022-08-09 13:48:10,937 [RatisPipelineUtilsThread - 0] INFO  pipeline.RatisPipelineProvider (RatisPipelineProvider.java:lambda$create$0(195)) - Sending CreatePipelineCommand for pipeline:PipelineID=0f4e7a3b-074b-4ffa-82f4-45546029146d to datanode:7eae729b-82ee-421b-843d-240299c4e56c
2022-08-09 13:48:10,937 [RatisPipelineUtilsThread - 0] INFO  pipeline.PipelineStateManagerImpl (PipelineStateManagerImpl.java:addPipeline(103)) - Created pipeline Pipeline[ Id: 0f4e7a3b-074b-4ffa-82f4-45546029146d, Nodes: 7ea02f52-0524-4638-b817-10339939da37{ip: 10.1.0.19, host: fv-az450-466.jnfmftgkylze5hd05chtbp1i0a.dx.internal.cloudapp.net, ports: [REPLICATION=43617, RATIS=45003, RATIS_ADMIN=45003, RATIS_SERVER=45003, STANDALONE=45317], networkLocation: /default-rack, certSerialId: null, persistedOpState: IN_SERVICE, persistedOpStateExpiryEpochSec: 0}3eae53bb-90ae-447f-858b-4086883680b9{ip: 10.1.0.19, host: fv-az450-466.jnfmftgkylze5hd05chtbp1i0a.dx.internal.cloudapp.net, ports: [REPLICATION=37213, RATIS=38969, RATIS_ADMIN=38969, RATIS_SERVER=38969, STANDALONE=38115], networkLocation: /default-rack, certSerialId: null, persistedOpState: IN_SERVICE, persistedOpStateExpiryEpochSec: 0}7eae729b-82ee-421b-843d-240299c4e56c{ip: 10.1.0.19, host: fv-az450-466.jnfmftgkylze5hd05chtbp1i0a.dx.internal.cloudapp.net, ports: [REPLICATION=35761, RATIS=36615, RATIS_ADMIN=36615, RATIS_SERVER=36615, STANDALONE=45625], networkLocation: /default-rack, certSerialId: null, persistedOpState: IN_SERVICE, persistedOpStateExpiryEpochSec: 0}, ReplicationConfig: RATIS/THREE, State:ALLOCATED, leaderId:, CreationTimestamp2022-08-09T13:48:10.937Z[Etc/UTC]].
2022-08-09 13:48:10,938 [RatisPipelineUtilsThread - 0] INFO  pipeline.PipelineManagerImpl (PipelineManagerImpl.java:recordMetricsForPipeline(796)) - Pipeline: PipelineID=0f4e7a3b-074b-4ffa-82f4-45546029146d contains same datanodes as previous pipelines: PipelineID=d5aa702c-433d-4894-acad-d06ded371cf4 nodeIds: 7ea02f52-0524-4638-b817-10339939da37, 3eae53bb-90ae-447f-858b-4086883680b9, 7eae729b-82ee-421b-843d-240299c4e56c
2022-08-09 13:48:11,650 [Listener at 127.0.0.1/34619] INFO  ozone.MiniOzoneClusterImpl (MiniOzoneClusterImpl.java:lambda$waitForClusterToBeReady$0(216)) - Waiting for nodes to be ready. Got 3 of 5 DN Heartbeats.
2022-08-09 13:48:11,650 [Listener at 127.0.0.1/34619] INFO  ozone.MiniOzoneClusterImpl (MiniOzoneClusterImpl.java:lambda$waitForClusterToBeReady$0(219)) - Waiting for cluster to exit safe mode
2022-08-09 13:48:11,650 [Listener at 127.0.0.1/34619] INFO  ozone.MiniOzoneClusterImpl (MiniOzoneClusterImpl.java:lambda$waitForClusterToBeReady$0(221)) - SCM became leader
2022-08-09 13:48:11,771 [IPC Server handler 3 on default port 44219] INFO  net.NetworkTopologyImpl (NetworkTopologyImpl.java:add(112)) - Added a new node: /default-rack/c412bf5e-d18f-42ba-b8b3-b8fb93465f91
2022-08-09 13:48:11,771 [IPC Server handler 3 on default port 44219] INFO  node.SCMNodeManager (SCMNodeManager.java:register(397)) - Registered Data node : c412bf5e-d18f-42ba-b8b3-b8fb93465f91{ip: 10.1.0.19, host: fv-az450-466.jnfmftgkylze5hd05chtbp1i0a.dx.internal.cloudapp.net, ports: [REPLICATION=44355, RATIS=41673, RATIS_ADMIN=41673, RATIS_SERVER=41673, STANDALONE=46261], networkLocation: /default-rack, certSerialId: null, persistedOpState: null, persistedOpStateExpiryEpochSec: 0}
2022-08-09 13:48:11,771 [EventQueue-NewNodeForNewNodeHandler] INFO  pipeline.BackgroundPipelineCreator (BackgroundPipelineCreator.java:notifyEventTriggered(276)) - trigger a one-shot run on RatisPipelineUtilsThread.
2022-08-09 13:48:11,772 [RatisPipelineUtilsThread - 0] INFO  pipeline.RatisPipelineProvider (RatisPipelineProvider.java:lambda$create$0(195)) - Sending CreatePipelineCommand for pipeline:PipelineID=5b12f820-65e4-49c7-ac52-3b22e2b050cc to datanode:c412bf5e-d18f-42ba-b8b3-b8fb93465f91
2022-08-09 13:48:11,773 [RatisPipelineUtilsThread - 0] INFO  pipeline.PipelineStateManagerImpl (PipelineStateManagerImpl.java:addPipeline(103)) - Created pipeline Pipeline[ Id: 5b12f820-65e4-49c7-ac52-3b22e2b050cc, Nodes: c412bf5e-d18f-42ba-b8b3-b8fb93465f91{ip: 10.1.0.19, host: fv-az450-466.jnfmftgkylze5hd05chtbp1i0a.dx.internal.cloudapp.net, ports: [REPLICATION=44355, RATIS=41673, RATIS_ADMIN=41673, RATIS_SERVER=41673, STANDALONE=46261], networkLocation: /default-rack, certSerialId: null, persistedOpState: IN_SERVICE, persistedOpStateExpiryEpochSec: 0}, ReplicationConfig: RATIS/ONE, State:ALLOCATED, leaderId:, CreationTimestamp2022-08-09T13:48:11.772Z[Etc/UTC]].
2022-08-09 13:48:12,590 [Command processor thread] INFO  server.RaftServer (RaftServerProxy.java:addNew(96)) - 3eae53bb-90ae-447f-858b-4086883680b9: addNew group-408EF4FDE923:[3eae53bb-90ae-447f-858b-4086883680b9|rpc:10.1.0.19:38969|priority:1] returns group-408EF4FDE923:java.util.concurrent.CompletableFuture@273cc289[Not completed]
2022-08-09 13:48:12,606 [pool-333-thread-1] INFO  server.RaftServer$Division (RaftServerImpl.java:<init>(190)) - 3eae53bb-90ae-447f-858b-4086883680b9: new RaftServerImpl for group-408EF4FDE923:[3eae53bb-90ae-447f-858b-4086883680b9|rpc:10.1.0.19:38969|priority:1] with ContainerStateMachine:uninitialized
2022-08-09 13:48:12,606 [pool-333-thread-1] INFO  server.RaftServerConfigKeys (ConfUtils.java:logGet(46)) - raft.server.rpc.timeout.min = 5s (custom)
2022-08-09 13:48:12,606 [pool-333-thread-1] INFO  server.RaftServerConfigKeys (ConfUtils.java:logGet(46)) - raft.server.rpc.timeout.max = 5200ms (custom)
2022-08-09 13:48:12,606 [pool-333-thread-1] INFO  server.RaftServerConfigKeys (ConfUtils.java:logGet(46)) - raft.server.rpc.sleep.time = 25ms (default)
2022-08-09 13:48:12,606 [pool-333-thread-1] INFO  server.RaftServerConfigKeys (ConfUtils.java:logGet(46)) - raft.server.rpc.slowness.timeout = 300s (custom)
2022-08-09 13:48:12,606 [pool-333-thread-1] INFO  server.RaftServerConfigKeys (ConfUtils.java:logGet(46)) - raft.server.leaderelection.leader.step-down.wait-time = 10s (default)
2022-08-09 13:48:12,606 [pool-333-thread-1] INFO  server.RaftServerConfigKeys (ConfUtils.java:logGet(46)) - raft.server.sleep.deviation.threshold = 300ms (default)
2022-08-09 13:48:12,606 [pool-333-thread-1] INFO  server.RaftServer$Division (ServerState.java:<init>(107)) - 3eae53bb-90ae-447f-858b-4086883680b9@group-408EF4FDE923: ConfigurationManager, init=-1: [3eae53bb-90ae-447f-858b-4086883680b9|rpc:10.1.0.19:38969|priority:1], old=null, confs=<EMPTY_MAP>
2022-08-09 13:48:12,606 [pool-333-thread-1] INFO  server.RaftServerConfigKeys (ConfUtils.java:logGet(46)) - raft.server.storage.dir = [/home/runner/work/ozone/ozone/hadoop-ozone/integration-test/target/test-dir/MiniOzoneClusterImpl-47423824-61ae-4caf-b360-a3644823e0d5/datanode-0/data/ratis] (custom)
2022-08-09 13:48:12,607 [pool-333-thread-1] INFO  server.RaftServerConfigKeys (ConfUtils.java:logGet(46)) - raft.server.log.corruption.policy = EXCEPTION (default)
2022-08-09 13:48:12,607 [pool-333-thread-1] INFO  server.RaftServerConfigKeys (ConfUtils.java:logGet(46)) - raft.server.storage.free-space.min = 0MB (=0) (default)
2022-08-09 13:48:12,607 [pool-333-thread-1] INFO  storage.RaftStorageDirectory (RaftStorageDirectoryImpl.java:analyzeStorage(135)) - The storage directory /home/runner/work/ozone/ozone/hadoop-ozone/integration-test/target/test-dir/MiniOzoneClusterImpl-47423824-61ae-4caf-b360-a3644823e0d5/datanode-0/data/ratis/657dc190-b448-4dc5-969b-408ef4fde923 does not exist. Creating ...
2022-08-09 13:48:12,609 [pool-333-thread-1] INFO  storage.RaftStorageDirectory (RaftStorageDirectoryImpl.java:tryLock(230)) - Lock on /home/runner/work/ozone/ozone/hadoop-ozone/integration-test/target/test-dir/MiniOzoneClusterImpl-47423824-61ae-4caf-b360-a3644823e0d5/datanode-0/data/ratis/657dc190-b448-4dc5-969b-408ef4fde923/in_use.lock acquired by nodename 10574@fv-az450-466
2022-08-09 13:48:12,610 [pool-333-thread-1] INFO  storage.RaftStorage (RaftStorageImpl.java:format(89)) - Storage directory /home/runner/work/ozone/ozone/hadoop-ozone/integration-test/target/test-dir/MiniOzoneClusterImpl-47423824-61ae-4caf-b360-a3644823e0d5/datanode-0/data/ratis/657dc190-b448-4dc5-969b-408ef4fde923 has been successfully formatted.
2022-08-09 13:48:12,621 [pool-333-thread-1] INFO  ratis.ContainerStateMachine (ContainerStateMachine.java:loadSnapshot(236)) - group-408EF4FDE923: The snapshot info is null. Setting the last applied indexto:(t:0, i:~)
2022-08-09 13:48:12,621 [pool-333-thread-1] INFO  server.RaftServerConfigKeys (ConfUtils.java:logGet(46)) - raft.server.notification.no-leader.timeout = 300s (custom)
2022-08-09 13:48:12,621 [pool-333-thread-1] INFO  server.RaftServerConfigKeys (ConfUtils.java:logGet(46)) - raft.server.log.use.memory = false (default)
2022-08-09 13:48:12,621 [pool-333-thread-1] INFO  server.RaftServerConfigKeys (ConfUtils.java:logGet(46)) - raft.server.log.purge.gap = 1000000 (custom)
2022-08-09 13:48:12,621 [pool-333-thread-1] INFO  server.RaftServerConfigKeys (ConfUtils.java:logGet(46)) - raft.server.log.appender.buffer.byte-limit = 33554432 (custom)
2022-08-09 13:48:12,621 [pool-333-thread-1] INFO  server.RaftServerConfigKeys (ConfUtils.java:logGet(46)) - raft.server.log.statemachine.data.read.timeout = 1000ms (default)
2022-08-09 13:48:12,622 [pool-333-thread-1] INFO  server.RaftServerConfigKeys (ConfUtils.java:logGet(46)) - raft.server.log.segment.size.max = 1048576 (custom)
2022-08-09 13:48:12,622 [pool-333-thread-1] INFO  server.RaftServerConfigKeys (ConfUtils.java:logGet(46)) - raft.server.log.segment.cache.num.max = 2 (custom)
2022-08-09 13:48:12,622 [pool-333-thread-1] INFO  server.RaftServerConfigKeys (ConfUtils.java:logGet(46)) - raft.server.log.segment.cache.size.max = 200MB (=209715200) (default)
2022-08-09 13:48:12,622 [pool-333-thread-1] INFO  segmented.SegmentedRaftLogWorker (SegmentedRaftLogWorker.java:<init>(187)) - new 3eae53bb-90ae-447f-858b-4086883680b9@group-408EF4FDE923-SegmentedRaftLogWorker for RaftStorageImpl:Storage Directory /home/runner/work/ozone/ozone/hadoop-ozone/integration-test/target/test-dir/MiniOzoneClusterImpl-47423824-61ae-4caf-b360-a3644823e0d5/datanode-0/data/ratis/657dc190-b448-4dc5-969b-408ef4fde923
2022-08-09 13:48:12,622 [pool-333-thread-1] INFO  server.RaftServerConfigKeys (ConfUtils.java:logGet(46)) - raft.server.log.queue.byte-limit = 4294967296 (custom)
2022-08-09 13:48:12,622 [pool-333-thread-1] INFO  server.RaftServerConfigKeys (ConfUtils.java:logGet(46)) - raft.server.log.queue.element-limit = 1024 (custom)
2022-08-09 13:48:12,622 [pool-333-thread-1] INFO  server.RaftServerConfigKeys (ConfUtils.java:logGet(46)) - raft.server.log.segment.size.max = 1048576 (custom)
2022-08-09 13:48:12,622 [pool-333-thread-1] INFO  server.RaftServerConfigKeys (ConfUtils.java:logGet(46)) - raft.server.log.preallocated.size = 16384 (custom)
2022-08-09 13:48:12,622 [pool-333-thread-1] INFO  server.RaftServerConfigKeys (ConfUtils.java:logGet(46)) - raft.server.log.force.sync.num = 128 (default)
2022-08-09 13:48:12,622 [pool-333-thread-1] INFO  server.RaftServerConfigKeys (ConfUtils.java:logGet(46)) - raft.server.log.statemachine.data.sync = true (default)
2022-08-09 13:48:12,622 [pool-333-thread-1] INFO  server.RaftServerConfigKeys (ConfUtils.java:logGet(46)) - raft.server.log.statemachine.data.sync.timeout = 10s (default)
2022-08-09 13:48:12,622 [pool-333-thread-1] INFO  server.RaftServerConfigKeys (ConfUtils.java:logGet(46)) - raft.server.log.statemachine.data.sync.timeout.retry = -1 (default)
2022-08-09 13:48:12,624 [EventQueue-PipelineReportForPipelineReportHandler] INFO  pipeline.PipelineManagerImpl (PipelineManagerImpl.java:openPipeline(367)) - Pipeline Pipeline[ Id: 657dc190-b448-4dc5-969b-408ef4fde923, Nodes: 3eae53bb-90ae-447f-858b-4086883680b9{ip: 10.1.0.19, host: fv-az450-466.jnfmftgkylze5hd05chtbp1i0a.dx.internal.cloudapp.net, ports: [REPLICATION=37213, RATIS=38969, RATIS_ADMIN=38969, RATIS_SERVER=38969, STANDALONE=38115], networkLocation: /default-rack, certSerialId: null, persistedOpState: IN_SERVICE, persistedOpStateExpiryEpochSec: 0}, ReplicationConfig: RATIS/ONE, State:ALLOCATED, leaderId:3eae53bb-90ae-447f-858b-4086883680b9, CreationTimestamp2022-08-09T13:48:09.602Z[Etc/UTC]] moved to OPEN state
2022-08-09 13:48:12,625 [pool-333-thread-1] INFO  server.RaftServerConfigKeys (ConfUtils.java:logGet(46)) - raft.server.log.write.buffer.size = 1048576 (custom)
2022-08-09 13:48:12,626 [pool-333-thread-1] INFO  server.RaftServerConfigKeys (ConfUtils.java:logGet(46)) - raft.server.log.unsafe-flush.enabled = false (default)
2022-08-09 13:48:12,626 [pool-333-thread-1] INFO  server.RaftServerConfigKeys (ConfUtils.java:logGet(46)) - raft.server.log.statemachine.data.caching.enabled = true (custom)
2022-08-09 13:48:12,626 [pool-333-thread-1] INFO  segmented.SegmentedRaftLogWorker (SegmentedRaftLogWorker.java:lambda$new$0(135)) - 3eae53bb-90ae-447f-858b-4086883680b9@group-408EF4FDE923-SegmentedRaftLogWorker: flushIndex: setUnconditionally 0 -> -1
2022-08-09 13:48:12,626 [pool-333-thread-1] INFO  segmented.SegmentedRaftLogWorker (SegmentedRaftLogWorker.java:lambda$new$0(135)) - 3eae53bb-90ae-447f-858b-4086883680b9@group-408EF4FDE923-SegmentedRaftLogWorker: safeCacheEvictIndex: setUnconditionally 0 -> -1
2022-08-09 13:48:12,645 [pool-333-thread-1] INFO  server.RaftServerConfigKeys (ConfUtils.java:logGet(46)) - raft.server.snapshot.auto.trigger.enabled = true (custom)
2022-08-09 13:48:12,650 [Listener at 127.0.0.1/34619] INFO  ozone.MiniOzoneClusterImpl (MiniOzoneClusterImpl.java:lambda$waitForClusterToBeReady$0(216)) - Waiting for nodes to be ready. Got 4 of 5 DN Heartbeats.
2022-08-09 13:48:12,651 [Listener at 127.0.0.1/34619] INFO  ozone.MiniOzoneClusterImpl (MiniOzoneClusterImpl.java:lambda$waitForClusterToBeReady$0(219)) - Waiting for cluster to exit safe mode
2022-08-09 13:48:12,651 [Listener at 127.0.0.1/34619] INFO  ozone.MiniOzoneClusterImpl (MiniOzoneClusterImpl.java:lambda$waitForClusterToBeReady$0(221)) - SCM became leader
2022-08-09 13:48:12,650 [EventQueue-OpenPipelineForHealthyPipelineSafeModeRule] INFO  safemode.SCMSafeModeManager (HealthyPipelineSafeModeRule.java:process(137)) - SCM in safe mode. Healthy pipelines reported count is 0, required healthy pipeline reported count is 1
2022-08-09 13:48:12,650 [pool-333-thread-1] INFO  server.RaftServerConfigKeys (ConfUtils.java:logGet(46)) - raft.server.snapshot.auto.trigger.threshold = 10000 (custom)
2022-08-09 13:48:12,653 [pool-333-thread-1] INFO  server.RaftServerConfigKeys (ConfUtils.java:logGet(46)) - raft.server.snapshot.retention.file.num = 5 (custom)
2022-08-09 13:48:12,653 [pool-333-thread-1] INFO  server.RaftServerConfigKeys (ConfUtils.java:logGet(46)) - raft.server.log.purge.upto.snapshot.index = false (default)
2022-08-09 13:48:12,653 [pool-333-thread-1] INFO  server.RaftServerConfigKeys (ConfUtils.java:logGet(46)) - raft.server.retrycache.expirytime = 600000ms (custom)
2022-08-09 13:48:12,653 [pool-333-thread-1] INFO  server.RaftServerConfigKeys (ConfUtils.java:logGet(46)) - raft.server.retrycache.statistics.expirytime = 100μs (default)
2022-08-09 13:48:12,654 [pool-333-thread-1] INFO  server.RaftServerConfigKeys (ConfUtils.java:logGet(46)) - raft.server.log.appender.install.snapshot.enabled = false (custom)
2022-08-09 13:48:12,654 [pool-333-thread-1] INFO  server.RaftServerConfigKeys (ConfUtils.java:logGet(46)) - raft.server.threadpool.server.cached = true (default)
2022-08-09 13:48:12,654 [pool-333-thread-1] INFO  server.RaftServerConfigKeys (ConfUtils.java:logGet(46)) - raft.server.threadpool.server.size = 0 (default)
2022-08-09 13:48:12,654 [pool-333-thread-1] INFO  server.RaftServerConfigKeys (ConfUtils.java:logGet(46)) - raft.server.threadpool.client.cached = true (default)
2022-08-09 13:48:12,654 [pool-333-thread-1] INFO  server.RaftServerConfigKeys (ConfUtils.java:logGet(46)) - raft.server.threadpool.client.size = 0 (default)
2022-08-09 13:48:12,654 [pool-333-thread-1] INFO  server.RaftServer$Division (RaftServerImpl.java:start(310)) - 3eae53bb-90ae-447f-858b-4086883680b9@group-408EF4FDE923: start as a follower, conf=-1: [3eae53bb-90ae-447f-858b-4086883680b9|rpc:10.1.0.19:38969|priority:1], old=null
2022-08-09 13:48:12,654 [pool-333-thread-1] INFO  server.RaftServer$Division (RaftServerImpl.java:setRole(299)) - 3eae53bb-90ae-447f-858b-4086883680b9@group-408EF4FDE923: changes role from      null to FOLLOWER at term 0 for startAsFollower
2022-08-09 13:48:12,654 [pool-333-thread-1] INFO  impl.RoleInfo (RoleInfo.java:updateAndGet(139)) - 3eae53bb-90ae-447f-858b-4086883680b9: start 3eae53bb-90ae-447f-858b-4086883680b9@group-408EF4FDE923-FollowerState
2022-08-09 13:48:12,674 [pool-333-thread-1] INFO  util.JmxRegister (JmxRegister.java:tryRegister(44)) - Successfully registered JMX Bean with object name Ratis:service=RaftServer,group=group-408EF4FDE923,id=3eae53bb-90ae-447f-858b-4086883680b9
2022-08-09 13:48:12,675 [Command processor thread] INFO  ratis.XceiverServerRatis (XceiverServerRatis.java:addGroup(765)) - Created group PipelineID=657dc190-b448-4dc5-969b-408ef4fde923
2022-08-09 13:48:12,675 [Command processor thread] INFO  commandhandler.CreatePipelineCommandHandler (CreatePipelineCommandHandler.java:handle(113)) - Created Pipeline RATIS ONE PipelineID=657dc190-b448-4dc5-969b-408ef4fde923.
2022-08-09 13:48:12,675 [IPC Server handler 4 on default port 44219] INFO  net.NetworkTopologyImpl (NetworkTopologyImpl.java:add(112)) - Added a new node: /default-rack/e91f8b27-0fc3-4f4d-ba73-1916ce0a206a
2022-08-09 13:48:12,675 [IPC Server handler 4 on default port 44219] INFO  node.SCMNodeManager (SCMNodeManager.java:register(397)) - Registered Data node : e91f8b27-0fc3-4f4d-ba73-1916ce0a206a{ip: 10.1.0.19, host: fv-az450-466.jnfmftgkylze5hd05chtbp1i0a.dx.internal.cloudapp.net, ports: [REPLICATION=45601, RATIS=33393, RATIS_ADMIN=33393, RATIS_SERVER=33393, STANDALONE=36607], networkLocation: /default-rack, certSerialId: null, persistedOpState: null, persistedOpStateExpiryEpochSec: 0}
2022-08-09 13:48:12,676 [EventQueue-NewNodeForNewNodeHandler] INFO  pipeline.BackgroundPipelineCreator (BackgroundPipelineCreator.java:notifyEventTriggered(276)) - trigger a one-shot run on RatisPipelineUtilsThread.
2022-08-09 13:48:12,676 [RatisPipelineUtilsThread - 0] INFO  pipeline.RatisPipelineProvider (RatisPipelineProvider.java:lambda$create$0(195)) - Sending CreatePipelineCommand for pipeline:PipelineID=f3e333ce-8a34-48d3-b596-86c5355c45a4 to datanode:e91f8b27-0fc3-4f4d-ba73-1916ce0a206a
2022-08-09 13:48:12,677 [RatisPipelineUtilsThread - 0] INFO  pipeline.PipelineStateManagerImpl (PipelineStateManagerImpl.java:addPipeline(103)) - Created pipeline Pipeline[ Id: f3e333ce-8a34-48d3-b596-86c5355c45a4, Nodes: e91f8b27-0fc3-4f4d-ba73-1916ce0a206a{ip: 10.1.0.19, host: fv-az450-466.jnfmftgkylze5hd05chtbp1i0a.dx.internal.cloudapp.net, ports: [REPLICATION=45601, RATIS=33393, RATIS_ADMIN=33393, RATIS_SERVER=33393, STANDALONE=36607], networkLocation: /default-rack, certSerialId: null, persistedOpState: IN_SERVICE, persistedOpStateExpiryEpochSec: 0}, ReplicationConfig: RATIS/ONE, State:ALLOCATED, leaderId:, CreationTimestamp2022-08-09T13:48:12.676Z[Etc/UTC]].
2022-08-09 13:48:12,675 [Command processor thread] INFO  server.RaftServer (RaftServerProxy.java:addNew(96)) - 3eae53bb-90ae-447f-858b-4086883680b9: addNew group-D06DED371CF4:[7eae729b-82ee-421b-843d-240299c4e56c|rpc:10.1.0.19:36615|priority:0, 7ea02f52-0524-4638-b817-10339939da37|rpc:10.1.0.19:45003|priority:1, 3eae53bb-90ae-447f-858b-4086883680b9|rpc:10.1.0.19:38969|priority:0] returns group-D06DED371CF4:java.util.concurrent.CompletableFuture@230342b6[Not completed]
2022-08-09 13:48:12,676 [pool-333-thread-1] INFO  server.RaftServer$Division (RaftServerImpl.java:<init>(190)) - 3eae53bb-90ae-447f-858b-4086883680b9: new RaftServerImpl for group-D06DED371CF4:[7eae729b-82ee-421b-843d-240299c4e56c|rpc:10.1.0.19:36615|priority:0, 7ea02f52-0524-4638-b817-10339939da37|rpc:10.1.0.19:45003|priority:1, 3eae53bb-90ae-447f-858b-4086883680b9|rpc:10.1.0.19:38969|priority:0] with ContainerStateMachine:uninitialized
2022-08-09 13:48:12,678 [pool-333-thread-1] INFO  server.RaftServerConfigKeys (ConfUtils.java:logGet(46)) - raft.server.rpc.timeout.min = 5s (custom)
2022-08-09 13:48:12,678 [pool-333-thread-1] INFO  server.RaftServerConfigKeys (ConfUtils.java:logGet(46)) - raft.server.rpc.timeout.max = 5200ms (custom)
2022-08-09 13:48:12,678 [pool-333-thread-1] INFO  server.RaftServerConfigKeys (ConfUtils.java:logGet(46)) - raft.server.rpc.sleep.time = 25ms (default)
2022-08-09 13:48:12,678 [pool-333-thread-1] INFO  server.RaftServerConfigKeys (ConfUtils.java:logGet(46)) - raft.server.rpc.slowness.timeout = 300s (custom)
2022-08-09 13:48:12,678 [pool-333-thread-1] INFO  server.RaftServerConfigKeys (ConfUtils.java:logGet(46)) - raft.server.leaderelection.leader.step-down.wait-time = 10s (default)
2022-08-09 13:48:12,678 [pool-333-thread-1] INFO  server.RaftServerConfigKeys (ConfUtils.java:logGet(46)) - raft.server.sleep.deviation.threshold = 300ms (default)
2022-08-09 13:48:12,679 [pool-333-thread-1] INFO  server.RaftServer$Division (ServerState.java:<init>(107)) - 3eae53bb-90ae-447f-858b-4086883680b9@group-D06DED371CF4: ConfigurationManager, init=-1: [7eae729b-82ee-421b-843d-240299c4e56c|rpc:10.1.0.19:36615|priority:0, 7ea02f52-0524-4638-b817-10339939da37|rpc:10.1.0.19:45003|priority:1, 3eae53bb-90ae-447f-858b-4086883680b9|rpc:10.1.0.19:38969|priority:0], old=null, confs=<EMPTY_MAP>
2022-08-09 13:48:12,679 [pool-333-thread-1] INFO  server.RaftServerConfigKeys (ConfUtils.java:logGet(46)) - raft.server.storage.dir = [/home/runner/work/ozone/ozone/hadoop-ozone/integration-test/target/test-dir/MiniOzoneClusterImpl-47423824-61ae-4caf-b360-a3644823e0d5/datanode-0/data/ratis] (custom)
2022-08-09 13:48:12,679 [pool-333-thread-1] INFO  server.RaftServerConfigKeys (ConfUtils.java:logGet(46)) - raft.server.log.corruption.policy = EXCEPTION (default)
2022-08-09 13:48:12,679 [pool-333-thread-1] INFO  server.RaftServerConfigKeys (ConfUtils.java:logGet(46)) - raft.server.storage.free-space.min = 0MB (=0) (default)
2022-08-09 13:48:12,679 [pool-333-thread-1] INFO  storage.RaftStorageDirectory (RaftStorageDirectoryImpl.java:analyzeStorage(135)) - The storage directory /home/runner/work/ozone/ozone/hadoop-ozone/integration-test/target/test-dir/MiniOzoneClusterImpl-47423824-61ae-4caf-b360-a3644823e0d5/datanode-0/data/ratis/d5aa702c-433d-4894-acad-d06ded371cf4 does not exist. Creating ...
2022-08-09 13:48:12,682 [pool-333-thread-1] INFO  storage.RaftStorageDirectory (RaftStorageDirectoryImpl.java:tryLock(230)) - Lock on /home/runner/work/ozone/ozone/hadoop-ozone/integration-test/target/test-dir/MiniOzoneClusterImpl-47423824-61ae-4caf-b360-a3644823e0d5/datanode-0/data/ratis/d5aa702c-433d-4894-acad-d06ded371cf4/in_use.lock acquired by nodename 10574@fv-az450-466
2022-08-09 13:48:12,684 [pool-333-thread-1] INFO  storage.RaftStorage (RaftStorageImpl.java:format(89)) - Storage directory /home/runner/work/ozone/ozone/hadoop-ozone/integration-test/target/test-dir/MiniOzoneClusterImpl-47423824-61ae-4caf-b360-a3644823e0d5/datanode-0/data/ratis/d5aa702c-433d-4894-acad-d06ded371cf4 has been successfully formatted.
2022-08-09 13:48:12,706 [pool-333-thread-1] INFO  ratis.ContainerStateMachine (ContainerStateMachine.java:loadSnapshot(236)) - group-D06DED371CF4: The snapshot info is null. Setting the last applied indexto:(t:0, i:~)
2022-08-09 13:48:12,706 [pool-333-thread-1] INFO  server.RaftServerConfigKeys (ConfUtils.java:logGet(46)) - raft.server.notification.no-leader.timeout = 300s (custom)
2022-08-09 13:48:12,706 [pool-333-thread-1] INFO  server.RaftServerConfigKeys (ConfUtils.java:logGet(46)) - raft.server.log.use.memory = false (default)
2022-08-09 13:48:12,707 [pool-333-thread-1] INFO  server.RaftServerConfigKeys (ConfUtils.java:logGet(46)) - raft.server.log.purge.gap = 1000000 (custom)
2022-08-09 13:48:12,707 [pool-333-thread-1] INFO  server.RaftServerConfigKeys (ConfUtils.java:logGet(46)) - raft.server.log.appender.buffer.byte-limit = 33554432 (custom)
2022-08-09 13:48:12,707 [pool-333-thread-1] INFO  server.RaftServerConfigKeys (ConfUtils.java:logGet(46)) - raft.server.log.statemachine.data.read.timeout = 1000ms (default)
2022-08-09 13:48:12,707 [pool-333-thread-1] INFO  server.RaftServerConfigKeys (ConfUtils.java:logGet(46)) - raft.server.log.segment.size.max = 1048576 (custom)
2022-08-09 13:48:12,707 [pool-333-thread-1] INFO  server.RaftServerConfigKeys (ConfUtils.java:logGet(46)) - raft.server.log.segment.cache.num.max = 2 (custom)
2022-08-09 13:48:12,707 [pool-333-thread-1] INFO  server.RaftServerConfigKeys (ConfUtils.java:logGet(46)) - raft.server.log.segment.cache.size.max = 200MB (=209715200) (default)
2022-08-09 13:48:12,707 [pool-333-thread-1] INFO  segmented.SegmentedRaftLogWorker (SegmentedRaftLogWorker.java:<init>(187)) - new 3eae53bb-90ae-447f-858b-4086883680b9@group-D06DED371CF4-SegmentedRaftLogWorker for RaftStorageImpl:Storage Directory /home/runner/work/ozone/ozone/hadoop-ozone/integration-test/target/test-dir/MiniOzoneClusterImpl-47423824-61ae-4caf-b360-a3644823e0d5/datanode-0/data/ratis/d5aa702c-433d-4894-acad-d06ded371cf4
2022-08-09 13:48:12,707 [pool-333-thread-1] INFO  server.RaftServerConfigKeys (ConfUtils.java:logGet(46)) - raft.server.log.queue.byte-limit = 4294967296 (custom)
2022-08-09 13:48:12,707 [pool-333-thread-1] INFO  server.RaftServerConfigKeys (ConfUtils.java:logGet(46)) - raft.server.log.queue.element-limit = 1024 (custom)
2022-08-09 13:48:12,707 [pool-333-thread-1] INFO  server.RaftServerConfigKeys (ConfUtils.java:logGet(46)) - raft.server.log.segment.size.max = 1048576 (custom)
2022-08-09 13:48:12,707 [pool-333-thread-1] INFO  server.RaftServerConfigKeys (ConfUtils.java:logGet(46)) - raft.server.log.preallocated.size = 16384 (custom)
2022-08-09 13:48:12,708 [pool-333-thread-1] INFO  server.RaftServerConfigKeys (ConfUtils.java:logGet(46)) - raft.server.log.force.sync.num = 128 (default)
2022-08-09 13:48:12,708 [pool-333-thread-1] INFO  server.RaftServerConfigKeys (ConfUtils.java:logGet(46)) - raft.server.log.statemachine.data.sync = true (default)
2022-08-09 13:48:12,708 [pool-333-thread-1] INFO  server.RaftServerConfigKeys (ConfUtils.java:logGet(46)) - raft.server.log.statemachine.data.sync.timeout = 10s (default)
2022-08-09 13:48:12,708 [pool-333-thread-1] INFO  server.RaftServerConfigKeys (ConfUtils.java:logGet(46)) - raft.server.log.statemachine.data.sync.timeout.retry = -1 (default)
2022-08-09 13:48:12,708 [pool-333-thread-1] INFO  server.RaftServerConfigKeys (ConfUtils.java:logGet(46)) - raft.server.log.write.buffer.size = 1048576 (custom)
2022-08-09 13:48:12,709 [pool-333-thread-1] INFO  server.RaftServerConfigKeys (ConfUtils.java:logGet(46)) - raft.server.log.unsafe-flush.enabled = false (default)
2022-08-09 13:48:12,709 [pool-333-thread-1] INFO  server.RaftServerConfigKeys (ConfUtils.java:logGet(46)) - raft.server.log.statemachine.data.caching.enabled = true (custom)
2022-08-09 13:48:12,709 [pool-333-thread-1] INFO  segmented.SegmentedRaftLogWorker (SegmentedRaftLogWorker.java:lambda$new$0(135)) - 3eae53bb-90ae-447f-858b-4086883680b9@group-D06DED371CF4-SegmentedRaftLogWorker: flushIndex: setUnconditionally 0 -> -1
2022-08-09 13:48:12,709 [pool-333-thread-1] INFO  segmented.SegmentedRaftLogWorker (SegmentedRaftLogWorker.java:lambda$new$0(135)) - 3eae53bb-90ae-447f-858b-4086883680b9@group-D06DED371CF4-SegmentedRaftLogWorker: safeCacheEvictIndex: setUnconditionally 0 -> -1
2022-08-09 13:48:12,722 [EventQueue-OpenPipelineForHealthyPipelineSafeModeRule] INFO  safemode.SCMSafeModeManager (HealthyPipelineSafeModeRule.java:process(137)) - SCM in safe mode. Healthy pipelines reported count is 0, required healthy pipeline reported count is 1
2022-08-09 13:48:12,730 [pool-333-thread-1] INFO  server.RaftServerConfigKeys (ConfUtils.java:logGet(46)) - raft.server.snapshot.auto.trigger.enabled = true (custom)
2022-08-09 13:48:12,730 [pool-333-thread-1] INFO  server.RaftServerConfigKeys (ConfUtils.java:logGet(46)) - raft.server.snapshot.auto.trigger.threshold = 10000 (custom)
2022-08-09 13:48:12,730 [pool-333-thread-1] INFO  server.RaftServerConfigKeys (ConfUtils.java:logGet(46)) - raft.server.snapshot.retention.file.num = 5 (custom)
2022-08-09 13:48:12,730 [pool-333-thread-1] INFO  server.RaftServerConfigKeys (ConfUtils.java:logGet(46)) - raft.server.log.purge.upto.snapshot.index = false (default)
2022-08-09 13:48:12,730 [pool-333-thread-1] INFO  server.RaftServerConfigKeys (ConfUtils.java:logGet(46)) - raft.server.retrycache.expirytime = 600000ms (custom)
2022-08-09 13:48:12,730 [pool-333-thread-1] INFO  server.RaftServerConfigKeys (ConfUtils.java:logGet(46)) - raft.server.retrycache.statistics.expirytime = 100μs (default)
2022-08-09 13:48:12,731 [pool-333-thread-1] INFO  server.RaftServerConfigKeys (ConfUtils.java:logGet(46)) - raft.server.log.appender.install.snapshot.enabled = false (custom)
2022-08-09 13:48:12,731 [pool-333-thread-1] INFO  server.RaftServerConfigKeys (ConfUtils.java:logGet(46)) - raft.server.threadpool.server.cached = true (default)
2022-08-09 13:48:12,731 [pool-333-thread-1] INFO  server.RaftServerConfigKeys (ConfUtils.java:logGet(46)) - raft.server.threadpool.server.size = 0 (default)
2022-08-09 13:48:12,731 [pool-333-thread-1] INFO  server.RaftServerConfigKeys (ConfUtils.java:logGet(46)) - raft.server.threadpool.client.cached = true (default)
2022-08-09 13:48:12,731 [pool-333-thread-1] INFO  server.RaftServerConfigKeys (ConfUtils.java:logGet(46)) - raft.server.threadpool.client.size = 0 (default)
2022-08-09 13:48:12,731 [pool-333-thread-1] INFO  server.RaftServer$Division (RaftServerImpl.java:start(310)) - 3eae53bb-90ae-447f-858b-4086883680b9@group-D06DED371CF4: start as a follower, conf=-1: [7eae729b-82ee-421b-843d-240299c4e56c|rpc:10.1.0.19:36615|priority:0, 7ea02f52-0524-4638-b817-10339939da37|rpc:10.1.0.19:45003|priority:1, 3eae53bb-90ae-447f-858b-4086883680b9|rpc:10.1.0.19:38969|priority:0], old=null
2022-08-09 13:48:12,731 [pool-333-thread-1] INFO  server.RaftServer$Division (RaftServerImpl.java:setRole(299)) - 3eae53bb-90ae-447f-858b-4086883680b9@group-D06DED371CF4: changes role from      null to FOLLOWER at term 0 for startAsFollower
2022-08-09 13:48:12,732 [pool-333-thread-1] INFO  impl.RoleInfo (RoleInfo.java:updateAndGet(139)) - 3eae53bb-90ae-447f-858b-4086883680b9: start 3eae53bb-90ae-447f-858b-4086883680b9@group-D06DED371CF4-FollowerState
2022-08-09 13:48:12,732 [pool-333-thread-1] INFO  util.JmxRegister (JmxRegister.java:tryRegister(44)) - Successfully registered JMX Bean with object name Ratis:service=RaftServer,group=group-D06DED371CF4,id=3eae53bb-90ae-447f-858b-4086883680b9
2022-08-09 13:48:12,757 [Command processor thread] INFO  ratis.XceiverServerRatis (XceiverServerRatis.java:addGroup(765)) - Created group PipelineID=d5aa702c-433d-4894-acad-d06ded371cf4
2022-08-09 13:48:12,837 [grpc-default-executor-0] INFO  server.RaftServer (RaftServerProxy.java:addNew(96)) - 7eae729b-82ee-421b-843d-240299c4e56c: addNew group-D06DED371CF4:[7eae729b-82ee-421b-843d-240299c4e56c|rpc:10.1.0.19:36615|dataStream:|priority:0, 7ea02f52-0524-4638-b817-10339939da37|rpc:10.1.0.19:45003|dataStream:|priority:1, 3eae53bb-90ae-447f-858b-4086883680b9|rpc:10.1.0.19:38969|dataStream:|priority:0] returns group-D06DED371CF4:java.util.concurrent.CompletableFuture@7f38973a[Not completed]
2022-08-09 13:48:12,862 [pool-379-thread-1] INFO  server.RaftServer$Division (RaftServerImpl.java:<init>(190)) - 7eae729b-82ee-421b-843d-240299c4e56c: new RaftServerImpl for group-D06DED371CF4:[7eae729b-82ee-421b-843d-240299c4e56c|rpc:10.1.0.19:36615|dataStream:|priority:0, 7ea02f52-0524-4638-b817-10339939da37|rpc:10.1.0.19:45003|dataStream:|priority:1, 3eae53bb-90ae-447f-858b-4086883680b9|rpc:10.1.0.19:38969|dataStream:|priority:0] with ContainerStateMachine:uninitialized
2022-08-09 13:48:12,862 [pool-379-thread-1] INFO  server.RaftServerConfigKeys (ConfUtils.java:logGet(46)) - raft.server.rpc.timeout.min = 5s (custom)
2022-08-09 13:48:12,862 [pool-379-thread-1] INFO  server.RaftServerConfigKeys (ConfUtils.java:logGet(46)) - raft.server.rpc.timeout.max = 5200ms (custom)
2022-08-09 13:48:12,862 [pool-379-thread-1] INFO  server.RaftServerConfigKeys (ConfUtils.java:logGet(46)) - raft.server.rpc.sleep.time = 25ms (default)
2022-08-09 13:48:12,862 [pool-379-thread-1] INFO  server.RaftServerConfigKeys (ConfUtils.java:logGet(46)) - raft.server.rpc.slowness.timeout = 300s (custom)
2022-08-09 13:48:12,862 [pool-379-thread-1] INFO  server.RaftServerConfigKeys (ConfUtils.java:logGet(46)) - raft.server.leaderelection.leader.step-down.wait-time = 10s (default)
2022-08-09 13:48:12,862 [pool-379-thread-1] INFO  server.RaftServerConfigKeys (ConfUtils.java:logGet(46)) - raft.server.sleep.deviation.threshold = 300ms (default)
2022-08-09 13:48:12,862 [pool-379-thread-1] INFO  server.RaftServer$Division (ServerState.java:<init>(107)) - 7eae729b-82ee-421b-843d-240299c4e56c@group-D06DED371CF4: ConfigurationManager, init=-1: [7eae729b-82ee-421b-843d-240299c4e56c|rpc:10.1.0.19:36615|dataStream:|priority:0, 7ea02f52-0524-4638-b817-10339939da37|rpc:10.1.0.19:45003|dataStream:|priority:1, 3eae53bb-90ae-447f-858b-4086883680b9|rpc:10.1.0.19:38969|dataStream:|priority:0], old=null, confs=<EMPTY_MAP>
2022-08-09 13:48:12,862 [pool-379-thread-1] INFO  server.RaftServerConfigKeys (ConfUtils.java:logGet(46)) - raft.server.storage.dir = [/home/runner/work/ozone/ozone/hadoop-ozone/integration-test/target/test-dir/MiniOzoneClusterImpl-47423824-61ae-4caf-b360-a3644823e0d5/datanode-2/data/ratis] (custom)
2022-08-09 13:48:12,862 [pool-379-thread-1] INFO  server.RaftServerConfigKeys (ConfUtils.java:logGet(46)) - raft.server.log.corruption.policy = EXCEPTION (default)
2022-08-09 13:48:12,862 [pool-379-thread-1] INFO  server.RaftServerConfigKeys (ConfUtils.java:logGet(46)) - raft.server.storage.free-space.min = 0MB (=0) (default)
2022-08-09 13:48:12,863 [pool-379-thread-1] INFO  storage.RaftStorageDirectory (RaftStorageDirectoryImpl.java:analyzeStorage(135)) - The storage directory /home/runner/work/ozone/ozone/hadoop-ozone/integration-test/target/test-dir/MiniOzoneClusterImpl-47423824-61ae-4caf-b360-a3644823e0d5/datanode-2/data/ratis/d5aa702c-433d-4894-acad-d06ded371cf4 does not exist. Creating ...
2022-08-09 13:48:12,867 [pool-379-thread-1] INFO  storage.RaftStorageDirectory (RaftStorageDirectoryImpl.java:tryLock(230)) - Lock on /home/runner/work/ozone/ozone/hadoop-ozone/integration-test/target/test-dir/MiniOzoneClusterImpl-47423824-61ae-4caf-b360-a3644823e0d5/datanode-2/data/ratis/d5aa702c-433d-4894-acad-d06ded371cf4/in_use.lock acquired by nodename 10574@fv-az450-466
2022-08-09 13:48:12,872 [pool-379-thread-1] INFO  storage.RaftStorage (RaftStorageImpl.java:format(89)) - Storage directory /home/runner/work/ozone/ozone/hadoop-ozone/integration-test/target/test-dir/MiniOzoneClusterImpl-47423824-61ae-4caf-b360-a3644823e0d5/datanode-2/data/ratis/d5aa702c-433d-4894-acad-d06ded371cf4 has been successfully formatted.
2022-08-09 13:48:12,873 [pool-379-thread-1] INFO  ratis.ContainerStateMachine (ContainerStateMachine.java:loadSnapshot(236)) - group-D06DED371CF4: The snapshot info is null. Setting the last applied indexto:(t:0, i:~)
2022-08-09 13:48:12,873 [pool-379-thread-1] INFO  server.RaftServerConfigKeys (ConfUtils.java:logGet(46)) - raft.server.notification.no-leader.timeout = 300s (custom)
2022-08-09 13:48:12,873 [pool-379-thread-1] INFO  server.RaftServerConfigKeys (ConfUtils.java:logGet(46)) - raft.server.log.use.memory = false (default)
2022-08-09 13:48:12,873 [pool-379-thread-1] INFO  server.RaftServerConfigKeys (ConfUtils.java:logGet(46)) - raft.server.log.purge.gap = 1000000 (custom)
2022-08-09 13:48:12,873 [pool-379-thread-1] INFO  server.RaftServerConfigKeys (ConfUtils.java:logGet(46)) - raft.server.log.appender.buffer.byte-limit = 33554432 (custom)
2022-08-09 13:48:12,873 [pool-379-thread-1] INFO  server.RaftServerConfigKeys (ConfUtils.java:logGet(46)) - raft.server.log.statemachine.data.read.timeout = 1000ms (default)
2022-08-09 13:48:12,873 [pool-379-thread-1] INFO  server.RaftServerConfigKeys (ConfUtils.java:logGet(46)) - raft.server.log.segment.size.max = 1048576 (custom)
2022-08-09 13:48:12,874 [pool-379-thread-1] INFO  server.RaftServerConfigKeys (ConfUtils.java:logGet(46)) - raft.server.log.segment.cache.num.max = 2 (custom)
2022-08-09 13:48:12,874 [pool-379-thread-1] INFO  server.RaftServerConfigKeys (ConfUtils.java:logGet(46)) - raft.server.log.segment.cache.size.max = 200MB (=209715200) (default)
2022-08-09 13:48:12,874 [pool-379-thread-1] INFO  segmented.SegmentedRaftLogWorker (SegmentedRaftLogWorker.java:<init>(187)) - new 7eae729b-82ee-421b-843d-240299c4e56c@group-D06DED371CF4-SegmentedRaftLogWorker for RaftStorageImpl:Storage Directory /home/runner/work/ozone/ozone/hadoop-ozone/integration-test/target/test-dir/MiniOzoneClusterImpl-47423824-61ae-4caf-b360-a3644823e0d5/datanode-2/data/ratis/d5aa702c-433d-4894-acad-d06ded371cf4
2022-08-09 13:48:12,882 [pool-379-thread-1] INFO  server.RaftServerConfigKeys (ConfUtils.java:logGet(46)) - raft.server.log.queue.byte-limit = 4294967296 (custom)
2022-08-09 13:48:12,893 [pool-379-thread-1] INFO  server.RaftServerConfigKeys (ConfUtils.java:logGet(46)) - raft.server.log.queue.element-limit = 1024 (custom)
2022-08-09 13:48:12,893 [pool-379-thread-1] INFO  server.RaftServerConfigKeys (ConfUtils.java:logGet(46)) - raft.server.log.segment.size.max = 1048576 (custom)
2022-08-09 13:48:12,894 [pool-379-thread-1] INFO  server.RaftServerConfigKeys (ConfUtils.java:logGet(46)) - raft.server.log.preallocated.size = 16384 (custom)
2022-08-09 13:48:12,894 [pool-379-thread-1] INFO  server.RaftServerConfigKeys (ConfUtils.java:logGet(46)) - raft.server.log.force.sync.num = 128 (default)
2022-08-09 13:48:12,894 [pool-379-thread-1] INFO  server.RaftServerConfigKeys (ConfUtils.java:logGet(46)) - raft.server.log.statemachine.data.sync = true (default)
2022-08-09 13:48:12,894 [pool-379-thread-1] INFO  server.RaftServerConfigKeys (ConfUtils.java:logGet(46)) - raft.server.log.statemachine.data.sync.timeout = 10s (default)
2022-08-09 13:48:12,894 [pool-379-thread-1] INFO  server.RaftServerConfigKeys (ConfUtils.java:logGet(46)) - raft.server.log.statemachine.data.sync.timeout.retry = -1 (default)
2022-08-09 13:48:12,894 [pool-379-thread-1] INFO  server.RaftServerConfigKeys (ConfUtils.java:logGet(46)) - raft.server.log.write.buffer.size = 1048576 (custom)
2022-08-09 13:48:12,905 [pool-379-thread-1] INFO  server.RaftServerConfigKeys (ConfUtils.java:logGet(46)) - raft.server.log.unsafe-flush.enabled = false (default)
2022-08-09 13:48:12,905 [pool-379-thread-1] INFO  server.RaftServerConfigKeys (ConfUtils.java:logGet(46)) - raft.server.log.statemachine.data.caching.enabled = true (custom)
2022-08-09 13:48:12,905 [pool-379-thread-1] INFO  segmented.SegmentedRaftLogWorker (SegmentedRaftLogWorker.java:lambda$new$0(135)) - 7eae729b-82ee-421b-843d-240299c4e56c@group-D06DED371CF4-SegmentedRaftLogWorker: flushIndex: setUnconditionally 0 -> -1
2022-08-09 13:48:12,905 [pool-379-thread-1] INFO  segmented.SegmentedRaftLogWorker (SegmentedRaftLogWorker.java:lambda$new$0(135)) - 7eae729b-82ee-421b-843d-240299c4e56c@group-D06DED371CF4-SegmentedRaftLogWorker: safeCacheEvictIndex: setUnconditionally 0 -> -1
2022-08-09 13:48:12,925 [pool-379-thread-1] INFO  server.RaftServerConfigKeys (ConfUtils.java:logGet(46)) - raft.server.snapshot.auto.trigger.enabled = true (custom)
2022-08-09 13:48:12,925 [pool-379-thread-1] INFO  server.RaftServerConfigKeys (ConfUtils.java:logGet(46)) - raft.server.snapshot.auto.trigger.threshold = 10000 (custom)
2022-08-09 13:48:12,925 [pool-379-thread-1] INFO  server.RaftServerConfigKeys (ConfUtils.java:logGet(46)) - raft.server.snapshot.retention.file.num = 5 (custom)
2022-08-09 13:48:12,925 [pool-379-thread-1] INFO  server.RaftServerConfigKeys (ConfUtils.java:logGet(46)) - raft.server.log.purge.upto.snapshot.index = false (default)
2022-08-09 13:48:12,925 [pool-379-thread-1] INFO  server.RaftServerConfigKeys (ConfUtils.java:logGet(46)) - raft.server.retrycache.expirytime = 600000ms (custom)
2022-08-09 13:48:12,925 [pool-379-thread-1] INFO  server.RaftServerConfigKeys (ConfUtils.java:logGet(46)) - raft.server.retrycache.statistics.expirytime = 100μs (default)
2022-08-09 13:48:12,926 [pool-379-thread-1] INFO  server.RaftServerConfigKeys (ConfUtils.java:logGet(46)) - raft.server.log.appender.install.snapshot.enabled = false (custom)
2022-08-09 13:48:12,926 [pool-379-thread-1] INFO  server.RaftServerConfigKeys (ConfUtils.java:logGet(46)) - raft.server.threadpool.server.cached = true (default)
2022-08-09 13:48:12,926 [pool-379-thread-1] INFO  server.RaftServerConfigKeys (ConfUtils.java:logGet(46)) - raft.server.threadpool.server.size = 0 (default)
2022-08-09 13:48:12,926 [pool-379-thread-1] INFO  server.RaftServerConfigKeys (ConfUtils.java:logGet(46)) - raft.server.threadpool.client.cached = true (default)
2022-08-09 13:48:12,926 [pool-379-thread-1] INFO  server.RaftServerConfigKeys (ConfUtils.java:logGet(46)) - raft.server.threadpool.client.size = 0 (default)
2022-08-09 13:48:12,927 [pool-379-thread-1] INFO  server.RaftServer$Division (RaftServerImpl.java:start(310)) - 7eae729b-82ee-421b-843d-240299c4e56c@group-D06DED371CF4: start as a follower, conf=-1: [7eae729b-82ee-421b-843d-240299c4e56c|rpc:10.1.0.19:36615|dataStream:|priority:0, 7ea02f52-0524-4638-b817-10339939da37|rpc:10.1.0.19:45003|dataStream:|priority:1, 3eae53bb-90ae-447f-858b-4086883680b9|rpc:10.1.0.19:38969|dataStream:|priority:0], old=null
2022-08-09 13:48:12,927 [pool-379-thread-1] INFO  server.RaftServer$Division (RaftServerImpl.java:setRole(299)) - 7eae729b-82ee-421b-843d-240299c4e56c@group-D06DED371CF4: changes role from      null to FOLLOWER at term 0 for startAsFollower
2022-08-09 13:48:12,927 [pool-379-thread-1] INFO  impl.RoleInfo (RoleInfo.java:updateAndGet(139)) - 7eae729b-82ee-421b-843d-240299c4e56c: start 7eae729b-82ee-421b-843d-240299c4e56c@group-D06DED371CF4-FollowerState
2022-08-09 13:48:12,930 [pool-379-thread-1] INFO  util.JmxRegister (JmxRegister.java:tryRegister(44)) - Successfully registered JMX Bean with object name Ratis:service=RaftServer,group=group-D06DED371CF4,id=7eae729b-82ee-421b-843d-240299c4e56c
2022-08-09 13:48:13,000 [grpc-default-executor-0] INFO  server.RaftServer (RaftServerProxy.java:addNew(96)) - 7ea02f52-0524-4638-b817-10339939da37: addNew group-D06DED371CF4:[7eae729b-82ee-421b-843d-240299c4e56c|rpc:10.1.0.19:36615|dataStream:|priority:0, 7ea02f52-0524-4638-b817-10339939da37|rpc:10.1.0.19:45003|dataStream:|priority:1, 3eae53bb-90ae-447f-858b-4086883680b9|rpc:10.1.0.19:38969|dataStream:|priority:0] returns group-D06DED371CF4:java.util.concurrent.CompletableFuture@463bccb[Not completed]
2022-08-09 13:48:13,026 [pool-356-thread-1] INFO  server.RaftServer$Division (RaftServerImpl.java:<init>(190)) - 7ea02f52-0524-4638-b817-10339939da37: new RaftServerImpl for group-D06DED371CF4:[7eae729b-82ee-421b-843d-240299c4e56c|rpc:10.1.0.19:36615|dataStream:|priority:0, 7ea02f52-0524-4638-b817-10339939da37|rpc:10.1.0.19:45003|dataStream:|priority:1, 3eae53bb-90ae-447f-858b-4086883680b9|rpc:10.1.0.19:38969|dataStream:|priority:0] with ContainerStateMachine:uninitialized
2022-08-09 13:48:13,027 [pool-356-thread-1] INFO  server.RaftServerConfigKeys (ConfUtils.java:logGet(46)) - raft.server.rpc.timeout.min = 5s (custom)
2022-08-09 13:48:13,027 [pool-356-thread-1] INFO  server.RaftServerConfigKeys (ConfUtils.java:logGet(46)) - raft.server.rpc.timeout.max = 5200ms (custom)
2022-08-09 13:48:13,027 [pool-356-thread-1] INFO  server.RaftServerConfigKeys (ConfUtils.java:logGet(46)) - raft.server.rpc.sleep.time = 25ms (default)
2022-08-09 13:48:13,027 [pool-356-thread-1] INFO  server.RaftServerConfigKeys (ConfUtils.java:logGet(46)) - raft.server.rpc.slowness.timeout = 300s (custom)
2022-08-09 13:48:13,027 [pool-356-thread-1] INFO  server.RaftServerConfigKeys (ConfUtils.java:logGet(46)) - raft.server.leaderelection.leader.step-down.wait-time = 10s (default)
2022-08-09 13:48:13,027 [pool-356-thread-1] INFO  server.RaftServerConfigKeys (ConfUtils.java:logGet(46)) - raft.server.sleep.deviation.threshold = 300ms (default)
2022-08-09 13:48:13,027 [pool-356-thread-1] INFO  server.RaftServer$Division (ServerState.java:<init>(107)) - 7ea02f52-0524-4638-b817-10339939da37@group-D06DED371CF4: ConfigurationManager, init=-1: [7eae729b-82ee-421b-843d-240299c4e56c|rpc:10.1.0.19:36615|dataStream:|priority:0, 7ea02f52-0524-4638-b817-10339939da37|rpc:10.1.0.19:45003|dataStream:|priority:1, 3eae53bb-90ae-447f-858b-4086883680b9|rpc:10.1.0.19:38969|dataStream:|priority:0], old=null, confs=<EMPTY_MAP>
2022-08-09 13:48:13,027 [pool-356-thread-1] INFO  server.RaftServerConfigKeys (ConfUtils.java:logGet(46)) - raft.server.storage.dir = [/home/runner/work/ozone/ozone/hadoop-ozone/integration-test/target/test-dir/MiniOzoneClusterImpl-47423824-61ae-4caf-b360-a3644823e0d5/datanode-1/data/ratis] (custom)
2022-08-09 13:48:13,027 [pool-356-thread-1] INFO  server.RaftServerConfigKeys (ConfUtils.java:logGet(46)) - raft.server.log.corruption.policy = EXCEPTION (default)
2022-08-09 13:48:13,027 [pool-356-thread-1] INFO  server.RaftServerConfigKeys (ConfUtils.java:logGet(46)) - raft.server.storage.free-space.min = 0MB (=0) (default)
2022-08-09 13:48:13,027 [pool-356-thread-1] INFO  storage.RaftStorageDirectory (RaftStorageDirectoryImpl.java:analyzeStorage(135)) - The storage directory /home/runner/work/ozone/ozone/hadoop-ozone/integration-test/target/test-dir/MiniOzoneClusterImpl-47423824-61ae-4caf-b360-a3644823e0d5/datanode-1/data/ratis/d5aa702c-433d-4894-acad-d06ded371cf4 does not exist. Creating ...
2022-08-09 13:48:13,030 [pool-356-thread-1] INFO  storage.RaftStorageDirectory (RaftStorageDirectoryImpl.java:tryLock(230)) - Lock on /home/runner/work/ozone/ozone/hadoop-ozone/integration-test/target/test-dir/MiniOzoneClusterImpl-47423824-61ae-4caf-b360-a3644823e0d5/datanode-1/data/ratis/d5aa702c-433d-4894-acad-d06ded371cf4/in_use.lock acquired by nodename 10574@fv-az450-466
2022-08-09 13:48:13,038 [pool-356-thread-1] INFO  storage.RaftStorage (RaftStorageImpl.java:format(89)) - Storage directory /home/runner/work/ozone/ozone/hadoop-ozone/integration-test/target/test-dir/MiniOzoneClusterImpl-47423824-61ae-4caf-b360-a3644823e0d5/datanode-1/data/ratis/d5aa702c-433d-4894-acad-d06ded371cf4 has been successfully formatted.
2022-08-09 13:48:13,053 [pool-356-thread-1] INFO  ratis.ContainerStateMachine (ContainerStateMachine.java:loadSnapshot(236)) - group-D06DED371CF4: The snapshot info is null. Setting the last applied indexto:(t:0, i:~)
2022-08-09 13:48:13,053 [pool-356-thread-1] INFO  server.RaftServerConfigKeys (ConfUtils.java:logGet(46)) - raft.server.notification.no-leader.timeout = 300s (custom)
2022-08-09 13:48:13,053 [pool-356-thread-1] INFO  server.RaftServerConfigKeys (ConfUtils.java:logGet(46)) - raft.server.log.use.memory = false (default)
2022-08-09 13:48:13,053 [pool-356-thread-1] INFO  server.RaftServerConfigKeys (ConfUtils.java:logGet(46)) - raft.server.log.purge.gap = 1000000 (custom)
2022-08-09 13:48:13,053 [pool-356-thread-1] INFO  server.RaftServerConfigKeys (ConfUtils.java:logGet(46)) - raft.server.log.appender.buffer.byte-limit = 33554432 (custom)
2022-08-09 13:48:13,053 [pool-356-thread-1] INFO  server.RaftServerConfigKeys (ConfUtils.java:logGet(46)) - raft.server.log.statemachine.data.read.timeout = 1000ms (default)
2022-08-09 13:48:13,053 [pool-356-thread-1] INFO  server.RaftServerConfigKeys (ConfUtils.java:logGet(46)) - raft.server.log.segment.size.max = 1048576 (custom)
2022-08-09 13:48:13,054 [pool-356-thread-1] INFO  server.RaftServerConfigKeys (ConfUtils.java:logGet(46)) - raft.server.log.segment.cache.num.max = 2 (custom)
2022-08-09 13:48:13,054 [pool-356-thread-1] INFO  server.RaftServerConfigKeys (ConfUtils.java:logGet(46)) - raft.server.log.segment.cache.size.max = 200MB (=209715200) (default)
2022-08-09 13:48:13,054 [pool-356-thread-1] INFO  segmented.SegmentedRaftLogWorker (SegmentedRaftLogWorker.java:<init>(187)) - new 7ea02f52-0524-4638-b817-10339939da37@group-D06DED371CF4-SegmentedRaftLogWorker for RaftStorageImpl:Storage Directory /home/runner/work/ozone/ozone/hadoop-ozone/integration-test/target/test-dir/MiniOzoneClusterImpl-47423824-61ae-4caf-b360-a3644823e0d5/datanode-1/data/ratis/d5aa702c-433d-4894-acad-d06ded371cf4
2022-08-09 13:48:13,054 [pool-356-thread-1] INFO  server.RaftServerConfigKeys (ConfUtils.java:logGet(46)) - raft.server.log.queue.byte-limit = 4294967296 (custom)
2022-08-09 13:48:13,054 [pool-356-thread-1] INFO  server.RaftServerConfigKeys (ConfUtils.java:logGet(46)) - raft.server.log.queue.element-limit = 1024 (custom)
2022-08-09 13:48:13,054 [pool-356-thread-1] INFO  server.RaftServerConfigKeys (ConfUtils.java:logGet(46)) - raft.server.log.segment.size.max = 1048576 (custom)
2022-08-09 13:48:13,054 [pool-356-thread-1] INFO  server.RaftServerConfigKeys (ConfUtils.java:logGet(46)) - raft.server.log.preallocated.size = 16384 (custom)
2022-08-09 13:48:13,054 [pool-356-thread-1] INFO  server.RaftServerConfigKeys (ConfUtils.java:logGet(46)) - raft.server.log.force.sync.num = 128 (default)
2022-08-09 13:48:13,054 [pool-356-thread-1] INFO  server.RaftServerConfigKeys (ConfUtils.java:logGet(46)) - raft.server.log.statemachine.data.sync = true (default)
2022-08-09 13:48:13,054 [pool-356-thread-1] INFO  server.RaftServerConfigKeys (ConfUtils.java:logGet(46)) - raft.server.log.statemachine.data.sync.timeout = 10s (default)
2022-08-09 13:48:13,054 [pool-356-thread-1] INFO  server.RaftServerConfigKeys (ConfUtils.java:logGet(46)) - raft.server.log.statemachine.data.sync.timeout.retry = -1 (default)
2022-08-09 13:48:13,055 [pool-356-thread-1] INFO  server.RaftServerConfigKeys (ConfUtils.java:logGet(46)) - raft.server.log.write.buffer.size = 1048576 (custom)
2022-08-09 13:48:13,056 [pool-356-thread-1] INFO  server.RaftServerConfigKeys (ConfUtils.java:logGet(46)) - raft.server.log.unsafe-flush.enabled = false (default)
2022-08-09 13:48:13,056 [pool-356-thread-1] INFO  server.RaftServerConfigKeys (ConfUtils.java:logGet(46)) - raft.server.log.statemachine.data.caching.enabled = true (custom)
2022-08-09 13:48:13,056 [pool-356-thread-1] INFO  segmented.SegmentedRaftLogWorker (SegmentedRaftLogWorker.java:lambda$new$0(135)) - 7ea02f52-0524-4638-b817-10339939da37@group-D06DED371CF4-SegmentedRaftLogWorker: flushIndex: setUnconditionally 0 -> -1
2022-08-09 13:48:13,056 [pool-356-thread-1] INFO  segmented.SegmentedRaftLogWorker (SegmentedRaftLogWorker.java:lambda$new$0(135)) - 7ea02f52-0524-4638-b817-10339939da37@group-D06DED371CF4-SegmentedRaftLogWorker: safeCacheEvictIndex: setUnconditionally 0 -> -1
2022-08-09 13:48:13,065 [pool-356-thread-1] INFO  server.RaftServerConfigKeys (ConfUtils.java:logGet(46)) - raft.server.snapshot.auto.trigger.enabled = true (custom)
2022-08-09 13:48:13,065 [pool-356-thread-1] INFO  server.RaftServerConfigKeys (ConfUtils.java:logGet(46)) - raft.server.snapshot.auto.trigger.threshold = 10000 (custom)
2022-08-09 13:48:13,065 [pool-356-thread-1] INFO  server.RaftServerConfigKeys (ConfUtils.java:logGet(46)) - raft.server.snapshot.retention.file.num = 5 (custom)
2022-08-09 13:48:13,065 [pool-356-thread-1] INFO  server.RaftServerConfigKeys (ConfUtils.java:logGet(46)) - raft.server.log.purge.upto.snapshot.index = false (default)
2022-08-09 13:48:13,066 [pool-356-thread-1] INFO  server.RaftServerConfigKeys (ConfUtils.java:logGet(46)) - raft.server.retrycache.expirytime = 600000ms (custom)
2022-08-09 13:48:13,066 [pool-356-thread-1] INFO  server.RaftServerConfigKeys (ConfUtils.java:logGet(46)) - raft.server.retrycache.statistics.expirytime = 100μs (default)
2022-08-09 13:48:13,067 [pool-356-thread-1] INFO  server.RaftServerConfigKeys (ConfUtils.java:logGet(46)) - raft.server.log.appender.install.snapshot.enabled = false (custom)
2022-08-09 13:48:13,067 [pool-356-thread-1] INFO  server.RaftServerConfigKeys (ConfUtils.java:logGet(46)) - raft.server.threadpool.server.cached = true (default)
2022-08-09 13:48:13,067 [pool-356-thread-1] INFO  server.RaftServerConfigKeys (ConfUtils.java:logGet(46)) - raft.server.threadpool.server.size = 0 (default)
2022-08-09 13:48:13,067 [pool-356-thread-1] INFO  server.RaftServerConfigKeys (ConfUtils.java:logGet(46)) - raft.server.threadpool.client.cached = true (default)
2022-08-09 13:48:13,067 [pool-356-thread-1] INFO  server.RaftServerConfigKeys (ConfUtils.java:logGet(46)) - raft.server.threadpool.client.size = 0 (default)
2022-08-09 13:48:13,067 [pool-356-thread-1] INFO  server.RaftServer$Division (RaftServerImpl.java:start(310)) - 7ea02f52-0524-4638-b817-10339939da37@group-D06DED371CF4: start as a follower, conf=-1: [7eae729b-82ee-421b-843d-240299c4e56c|rpc:10.1.0.19:36615|dataStream:|priority:0, 7ea02f52-0524-4638-b817-10339939da37|rpc:10.1.0.19:45003|dataStream:|priority:1, 3eae53bb-90ae-447f-858b-4086883680b9|rpc:10.1.0.19:38969|dataStream:|priority:0], old=null
2022-08-09 13:48:13,067 [pool-356-thread-1] INFO  server.RaftServer$Division (RaftServerImpl.java:setRole(299)) - 7ea02f52-0524-4638-b817-10339939da37@group-D06DED371CF4: changes role from      null to FOLLOWER at term 0 for startAsFollower
2022-08-09 13:48:13,067 [pool-356-thread-1] INFO  impl.RoleInfo (RoleInfo.java:updateAndGet(139)) - 7ea02f52-0524-4638-b817-10339939da37: start 7ea02f52-0524-4638-b817-10339939da37@group-D06DED371CF4-FollowerState
2022-08-09 13:48:13,072 [pool-356-thread-1] INFO  util.JmxRegister (JmxRegister.java:tryRegister(44)) - Successfully registered JMX Bean with object name Ratis:service=RaftServer,group=group-D06DED371CF4,id=7ea02f52-0524-4638-b817-10339939da37
2022-08-09 13:48:13,111 [Command processor thread] INFO  commandhandler.CreatePipelineCommandHandler (CreatePipelineCommandHandler.java:handle(113)) - Created Pipeline RATIS THREE PipelineID=d5aa702c-433d-4894-acad-d06ded371cf4.
2022-08-09 13:48:13,113 [Command processor thread] INFO  server.RaftServer (RaftServerProxy.java:addNew(96)) - 3eae53bb-90ae-447f-858b-4086883680b9: addNew group-45546029146D:[7ea02f52-0524-4638-b817-10339939da37|rpc:10.1.0.19:45003|priority:0, 3eae53bb-90ae-447f-858b-4086883680b9|rpc:10.1.0.19:38969|priority:1, 7eae729b-82ee-421b-843d-240299c4e56c|rpc:10.1.0.19:36615|priority:0] returns group-45546029146D:java.util.concurrent.CompletableFuture@7ba4bf57[Not completed]
2022-08-09 13:48:13,114 [pool-333-thread-1] INFO  server.RaftServer$Division (RaftServerImpl.java:<init>(190)) - 3eae53bb-90ae-447f-858b-4086883680b9: new RaftServerImpl for group-45546029146D:[7ea02f52-0524-4638-b817-10339939da37|rpc:10.1.0.19:45003|priority:0, 3eae53bb-90ae-447f-858b-4086883680b9|rpc:10.1.0.19:38969|priority:1, 7eae729b-82ee-421b-843d-240299c4e56c|rpc:10.1.0.19:36615|priority:0] with ContainerStateMachine:uninitialized
2022-08-09 13:48:13,114 [pool-333-thread-1] INFO  server.RaftServerConfigKeys (ConfUtils.java:logGet(46)) - raft.server.rpc.timeout.min = 5s (custom)
2022-08-09 13:48:13,114 [pool-333-thread-1] INFO  server.RaftServerConfigKeys (ConfUtils.java:logGet(46)) - raft.server.rpc.timeout.max = 5200ms (custom)
2022-08-09 13:48:13,114 [pool-333-thread-1] INFO  server.RaftServerConfigKeys (ConfUtils.java:logGet(46)) - raft.server.rpc.sleep.time = 25ms (default)
2022-08-09 13:48:13,114 [pool-333-thread-1] INFO  server.RaftServerConfigKeys (ConfUtils.java:logGet(46)) - raft.server.rpc.slowness.timeout = 300s (custom)
2022-08-09 13:48:13,114 [pool-333-thread-1] INFO  server.RaftServerConfigKeys (ConfUtils.java:logGet(46)) - raft.server.leaderelection.leader.step-down.wait-time = 10s (default)
2022-08-09 13:48:13,114 [pool-333-thread-1] INFO  server.RaftServerConfigKeys (ConfUtils.java:logGet(46)) - raft.server.sleep.deviation.threshold = 300ms (default)
2022-08-09 13:48:13,114 [pool-333-thread-1] INFO  server.RaftServer$Division (ServerState.java:<init>(107)) - 3eae53bb-90ae-447f-858b-4086883680b9@group-45546029146D: ConfigurationManager, init=-1: [7ea02f52-0524-4638-b817-10339939da37|rpc:10.1.0.19:45003|priority:0, 3eae53bb-90ae-447f-858b-4086883680b9|rpc:10.1.0.19:38969|priority:1, 7eae729b-82ee-421b-843d-240299c4e56c|rpc:10.1.0.19:36615|priority:0], old=null, confs=<EMPTY_MAP>
2022-08-09 13:48:13,114 [pool-333-thread-1] INFO  server.RaftServerConfigKeys (ConfUtils.java:logGet(46)) - raft.server.storage.dir = [/home/runner/work/ozone/ozone/hadoop-ozone/integration-test/target/test-dir/MiniOzoneClusterImpl-47423824-61ae-4caf-b360-a3644823e0d5/datanode-0/data/ratis] (custom)
2022-08-09 13:48:13,114 [pool-333-thread-1] INFO  server.RaftServerConfigKeys (ConfUtils.java:logGet(46)) - raft.server.log.corruption.policy = EXCEPTION (default)
2022-08-09 13:48:13,114 [pool-333-thread-1] INFO  server.RaftServerConfigKeys (ConfUtils.java:logGet(46)) - raft.server.storage.free-space.min = 0MB (=0) (default)
2022-08-09 13:48:13,115 [pool-333-thread-1] INFO  storage.RaftStorageDirectory (RaftStorageDirectoryImpl.java:analyzeStorage(135)) - The storage directory /home/runner/work/ozone/ozone/hadoop-ozone/integration-test/target/test-dir/MiniOzoneClusterImpl-47423824-61ae-4caf-b360-a3644823e0d5/datanode-0/data/ratis/0f4e7a3b-074b-4ffa-82f4-45546029146d does not exist. Creating ...
2022-08-09 13:48:13,117 [pool-333-thread-1] INFO  storage.RaftStorageDirectory (RaftStorageDirectoryImpl.java:tryLock(230)) - Lock on /home/runner/work/ozone/ozone/hadoop-ozone/integration-test/target/test-dir/MiniOzoneClusterImpl-47423824-61ae-4caf-b360-a3644823e0d5/datanode-0/data/ratis/0f4e7a3b-074b-4ffa-82f4-45546029146d/in_use.lock acquired by nodename 10574@fv-az450-466
2022-08-09 13:48:13,122 [pool-333-thread-1] INFO  storage.RaftStorage (RaftStorageImpl.java:format(89)) - Storage directory /home/runner/work/ozone/ozone/hadoop-ozone/integration-test/target/test-dir/MiniOzoneClusterImpl-47423824-61ae-4caf-b360-a3644823e0d5/datanode-0/data/ratis/0f4e7a3b-074b-4ffa-82f4-45546029146d has been successfully formatted.
2022-08-09 13:48:13,123 [EventQueue-OpenPipelineForHealthyPipelineSafeModeRule] INFO  safemode.SCMSafeModeManager (HealthyPipelineSafeModeRule.java:process(137)) - SCM in safe mode. Healthy pipelines reported count is 0, required healthy pipeline reported count is 1
2022-08-09 13:48:13,123 [pool-333-thread-1] INFO  ratis.ContainerStateMachine (ContainerStateMachine.java:loadSnapshot(236)) - group-45546029146D: The snapshot info is null. Setting the last applied indexto:(t:0, i:~)
2022-08-09 13:48:13,123 [pool-333-thread-1] INFO  server.RaftServerConfigKeys (ConfUtils.java:logGet(46)) - raft.server.notification.no-leader.timeout = 300s (custom)
2022-08-09 13:48:13,123 [pool-333-thread-1] INFO  server.RaftServerConfigKeys (ConfUtils.java:logGet(46)) - raft.server.log.use.memory = false (default)
2022-08-09 13:48:13,123 [pool-333-thread-1] INFO  server.RaftServerConfigKeys (ConfUtils.java:logGet(46)) - raft.server.log.purge.gap = 1000000 (custom)
2022-08-09 13:48:13,124 [pool-333-thread-1] INFO  server.RaftServerConfigKeys (ConfUtils.java:logGet(46)) - raft.server.log.appender.buffer.byte-limit = 33554432 (custom)
2022-08-09 13:48:13,124 [pool-333-thread-1] INFO  server.RaftServerConfigKeys (ConfUtils.java:logGet(46)) - raft.server.log.statemachine.data.read.timeout = 1000ms (default)
2022-08-09 13:48:13,124 [pool-333-thread-1] INFO  server.RaftServerConfigKeys (ConfUtils.java:logGet(46)) - raft.server.log.segment.size.max = 1048576 (custom)
2022-08-09 13:48:13,124 [pool-333-thread-1] INFO  server.RaftServerConfigKeys (ConfUtils.java:logGet(46)) - raft.server.log.segment.cache.num.max = 2 (custom)
2022-08-09 13:48:13,124 [pool-333-thread-1] INFO  server.RaftServerConfigKeys (ConfUtils.java:logGet(46)) - raft.server.log.segment.cache.size.max = 200MB (=209715200) (default)
2022-08-09 13:48:13,124 [pool-333-thread-1] INFO  segmented.SegmentedRaftLogWorker (SegmentedRaftLogWorker.java:<init>(187)) - new 3eae53bb-90ae-447f-858b-4086883680b9@group-45546029146D-SegmentedRaftLogWorker for RaftStorageImpl:Storage Directory /home/runner/work/ozone/ozone/hadoop-ozone/integration-test/target/test-dir/MiniOzoneClusterImpl-47423824-61ae-4caf-b360-a3644823e0d5/datanode-0/data/ratis/0f4e7a3b-074b-4ffa-82f4-45546029146d
2022-08-09 13:48:13,124 [pool-333-thread-1] INFO  server.RaftServerConfigKeys (ConfUtils.java:logGet(46)) - raft.server.log.queue.byte-limit = 4294967296 (custom)
2022-08-09 13:48:13,124 [pool-333-thread-1] INFO  server.RaftServerConfigKeys (ConfUtils.java:logGet(46)) - raft.server.log.queue.element-limit = 1024 (custom)
2022-08-09 13:48:13,124 [pool-333-thread-1] INFO  server.RaftServerConfigKeys (ConfUtils.java:logGet(46)) - raft.server.log.segment.size.max = 1048576 (custom)
2022-08-09 13:48:13,124 [pool-333-thread-1] INFO  server.RaftServerConfigKeys (ConfUtils.java:logGet(46)) - raft.server.log.preallocated.size = 16384 (custom)
2022-08-09 13:48:13,124 [pool-333-thread-1] INFO  server.RaftServerConfigKeys (ConfUtils.java:logGet(46)) - raft.server.log.force.sync.num = 128 (default)
2022-08-09 13:48:13,124 [pool-333-thread-1] INFO  server.RaftServerConfigKeys (ConfUtils.java:logGet(46)) - raft.server.log.statemachine.data.sync = true (default)
2022-08-09 13:48:13,124 [pool-333-thread-1] INFO  server.RaftServerConfigKeys (ConfUtils.java:logGet(46)) - raft.server.log.statemachine.data.sync.timeout = 10s (default)
2022-08-09 13:48:13,124 [pool-333-thread-1] INFO  server.RaftServerConfigKeys (ConfUtils.java:logGet(46)) - raft.server.log.statemachine.data.sync.timeout.retry = -1 (default)
2022-08-09 13:48:13,125 [pool-333-thread-1] INFO  server.RaftServerConfigKeys (ConfUtils.java:logGet(46)) - raft.server.log.write.buffer.size = 1048576 (custom)
2022-08-09 13:48:13,125 [pool-333-thread-1] INFO  server.RaftServerConfigKeys (ConfUtils.java:logGet(46)) - raft.server.log.unsafe-flush.enabled = false (default)
2022-08-09 13:48:13,125 [pool-333-thread-1] INFO  server.RaftServerConfigKeys (ConfUtils.java:logGet(46)) - raft.server.log.statemachine.data.caching.enabled = true (custom)
2022-08-09 13:48:13,126 [pool-333-thread-1] INFO  segmented.SegmentedRaftLogWorker (SegmentedRaftLogWorker.java:lambda$new$0(135)) - 3eae53bb-90ae-447f-858b-4086883680b9@group-45546029146D-SegmentedRaftLogWorker: flushIndex: setUnconditionally 0 -> -1
2022-08-09 13:48:13,126 [pool-333-thread-1] INFO  segmented.SegmentedRaftLogWorker (SegmentedRaftLogWorker.java:lambda$new$0(135)) - 3eae53bb-90ae-447f-858b-4086883680b9@group-45546029146D-SegmentedRaftLogWorker: safeCacheEvictIndex: setUnconditionally 0 -> -1
2022-08-09 13:48:13,137 [pool-333-thread-1] INFO  server.RaftServerConfigKeys (ConfUtils.java:logGet(46)) - raft.server.snapshot.auto.trigger.enabled = true (custom)
2022-08-09 13:48:13,137 [pool-333-thread-1] INFO  server.RaftServerConfigKeys (ConfUtils.java:logGet(46)) - raft.server.snapshot.auto.trigger.threshold = 10000 (custom)
2022-08-09 13:48:13,137 [pool-333-thread-1] INFO  server.RaftServerConfigKeys (ConfUtils.java:logGet(46)) - raft.server.snapshot.retention.file.num = 5 (custom)
2022-08-09 13:48:13,137 [pool-333-thread-1] INFO  server.RaftServerConfigKeys (ConfUtils.java:logGet(46)) - raft.server.log.purge.upto.snapshot.index = false (default)
2022-08-09 13:48:13,137 [pool-333-thread-1] INFO  server.RaftServerConfigKeys (ConfUtils.java:logGet(46)) - raft.server.retrycache.expirytime = 600000ms (custom)
2022-08-09 13:48:13,137 [pool-333-thread-1] INFO  server.RaftServerConfigKeys (ConfUtils.java:logGet(46)) - raft.server.retrycache.statistics.expirytime = 100μs (default)
2022-08-09 13:48:13,138 [pool-333-thread-1] INFO  server.RaftServerConfigKeys (ConfUtils.java:logGet(46)) - raft.server.log.appender.install.snapshot.enabled = false (custom)
2022-08-09 13:48:13,138 [pool-333-thread-1] INFO  server.RaftServerConfigKeys (ConfUtils.java:logGet(46)) - raft.server.threadpool.server.cached = true (default)
2022-08-09 13:48:13,138 [pool-333-thread-1] INFO  server.RaftServerConfigKeys (ConfUtils.java:logGet(46)) - raft.server.threadpool.server.size = 0 (default)
2022-08-09 13:48:13,139 [pool-333-thread-1] INFO  server.RaftServerConfigKeys (ConfUtils.java:logGet(46)) - raft.server.threadpool.client.cached = true (default)
2022-08-09 13:48:13,139 [pool-333-thread-1] INFO  server.RaftServerConfigKeys (ConfUtils.java:logGet(46)) - raft.server.threadpool.client.size = 0 (default)
2022-08-09 13:48:13,139 [pool-333-thread-1] INFO  server.RaftServer$Division (RaftServerImpl.java:start(310)) - 3eae53bb-90ae-447f-858b-4086883680b9@group-45546029146D: start as a follower, conf=-1: [7ea02f52-0524-4638-b817-10339939da37|rpc:10.1.0.19:45003|priority:0, 3eae53bb-90ae-447f-858b-4086883680b9|rpc:10.1.0.19:38969|priority:1, 7eae729b-82ee-421b-843d-240299c4e56c|rpc:10.1.0.19:36615|priority:0], old=null
2022-08-09 13:48:13,139 [pool-333-thread-1] INFO  server.RaftServer$Division (RaftServerImpl.java:setRole(299)) - 3eae53bb-90ae-447f-858b-4086883680b9@group-45546029146D: changes role from      null to FOLLOWER at term 0 for startAsFollower
2022-08-09 13:48:13,139 [pool-333-thread-1] INFO  impl.RoleInfo (RoleInfo.java:updateAndGet(139)) - 3eae53bb-90ae-447f-858b-4086883680b9: start 3eae53bb-90ae-447f-858b-4086883680b9@group-45546029146D-FollowerState
2022-08-09 13:48:13,139 [pool-333-thread-1] INFO  util.JmxRegister (JmxRegister.java:tryRegister(44)) - Successfully registered JMX Bean with object name Ratis:service=RaftServer,group=group-45546029146D,id=3eae53bb-90ae-447f-858b-4086883680b9
2022-08-09 13:48:13,139 [Command processor thread] INFO  ratis.XceiverServerRatis (XceiverServerRatis.java:addGroup(765)) - Created group PipelineID=0f4e7a3b-074b-4ffa-82f4-45546029146d
2022-08-09 13:48:13,170 [grpc-default-executor-0] INFO  server.RaftServer (RaftServerProxy.java:addNew(96)) - 7ea02f52-0524-4638-b817-10339939da37: addNew group-45546029146D:[7ea02f52-0524-4638-b817-10339939da37|rpc:10.1.0.19:45003|dataStream:|priority:0, 3eae53bb-90ae-447f-858b-4086883680b9|rpc:10.1.0.19:38969|dataStream:|priority:1, 7eae729b-82ee-421b-843d-240299c4e56c|rpc:10.1.0.19:36615|dataStream:|priority:0] returns group-45546029146D:java.util.concurrent.CompletableFuture@28caf236[Not completed]
2022-08-09 13:48:13,171 [pool-356-thread-1] INFO  server.RaftServer$Division (RaftServerImpl.java:<init>(190)) - 7ea02f52-0524-4638-b817-10339939da37: new RaftServerImpl for group-45546029146D:[7ea02f52-0524-4638-b817-10339939da37|rpc:10.1.0.19:45003|dataStream:|priority:0, 3eae53bb-90ae-447f-858b-4086883680b9|rpc:10.1.0.19:38969|dataStream:|priority:1, 7eae729b-82ee-421b-843d-240299c4e56c|rpc:10.1.0.19:36615|dataStream:|priority:0] with ContainerStateMachine:uninitialized
2022-08-09 13:48:13,171 [pool-356-thread-1] INFO  server.RaftServerConfigKeys (ConfUtils.java:logGet(46)) - raft.server.rpc.timeout.min = 5s (custom)
2022-08-09 13:48:13,171 [pool-356-thread-1] INFO  server.RaftServerConfigKeys (ConfUtils.java:logGet(46)) - raft.server.rpc.timeout.max = 5200ms (custom)
2022-08-09 13:48:13,171 [pool-356-thread-1] INFO  server.RaftServerConfigKeys (ConfUtils.java:logGet(46)) - raft.server.rpc.sleep.time = 25ms (default)
2022-08-09 13:48:13,171 [pool-356-thread-1] INFO  server.RaftServerConfigKeys (ConfUtils.java:logGet(46)) - raft.server.rpc.slowness.timeout = 300s (custom)
2022-08-09 13:48:13,171 [pool-356-thread-1] INFO  server.RaftServerConfigKeys (ConfUtils.java:logGet(46)) - raft.server.leaderelection.leader.step-down.wait-time = 10s (default)
2022-08-09 13:48:13,171 [pool-356-thread-1] INFO  server.RaftServerConfigKeys (ConfUtils.java:logGet(46)) - raft.server.sleep.deviation.threshold = 300ms (default)
2022-08-09 13:48:13,171 [pool-356-thread-1] INFO  server.RaftServer$Division (ServerState.java:<init>(107)) - 7ea02f52-0524-4638-b817-10339939da37@group-45546029146D: ConfigurationManager, init=-1: [7ea02f52-0524-4638-b817-10339939da37|rpc:10.1.0.19:45003|dataStream:|priority:0, 3eae53bb-90ae-447f-858b-4086883680b9|rpc:10.1.0.19:38969|dataStream:|priority:1, 7eae729b-82ee-421b-843d-240299c4e56c|rpc:10.1.0.19:36615|dataStream:|priority:0], old=null, confs=<EMPTY_MAP>
2022-08-09 13:48:13,171 [pool-356-thread-1] INFO  server.RaftServerConfigKeys (ConfUtils.java:logGet(46)) - raft.server.storage.dir = [/home/runner/work/ozone/ozone/hadoop-ozone/integration-test/target/test-dir/MiniOzoneClusterImpl-47423824-61ae-4caf-b360-a3644823e0d5/datanode-1/data/ratis] (custom)
2022-08-09 13:48:13,171 [pool-356-thread-1] INFO  server.RaftServerConfigKeys (ConfUtils.java:logGet(46)) - raft.server.log.corruption.policy = EXCEPTION (default)
2022-08-09 13:48:13,171 [pool-356-thread-1] INFO  server.RaftServerConfigKeys (ConfUtils.java:logGet(46)) - raft.server.storage.free-space.min = 0MB (=0) (default)
2022-08-09 13:48:13,172 [pool-356-thread-1] INFO  storage.RaftStorageDirectory (RaftStorageDirectoryImpl.java:analyzeStorage(135)) - The storage directory /home/runner/work/ozone/ozone/hadoop-ozone/integration-test/target/test-dir/MiniOzoneClusterImpl-47423824-61ae-4caf-b360-a3644823e0d5/datanode-1/data/ratis/0f4e7a3b-074b-4ffa-82f4-45546029146d does not exist. Creating ...
2022-08-09 13:48:13,178 [pool-356-thread-1] INFO  storage.RaftStorageDirectory (RaftStorageDirectoryImpl.java:tryLock(230)) - Lock on /home/runner/work/ozone/ozone/hadoop-ozone/integration-test/target/test-dir/MiniOzoneClusterImpl-47423824-61ae-4caf-b360-a3644823e0d5/datanode-1/data/ratis/0f4e7a3b-074b-4ffa-82f4-45546029146d/in_use.lock acquired by nodename 10574@fv-az450-466
2022-08-09 13:48:13,181 [pool-356-thread-1] INFO  storage.RaftStorage (RaftStorageImpl.java:format(89)) - Storage directory /home/runner/work/ozone/ozone/hadoop-ozone/integration-test/target/test-dir/MiniOzoneClusterImpl-47423824-61ae-4caf-b360-a3644823e0d5/datanode-1/data/ratis/0f4e7a3b-074b-4ffa-82f4-45546029146d has been successfully formatted.
2022-08-09 13:48:13,182 [pool-356-thread-1] INFO  ratis.ContainerStateMachine (ContainerStateMachine.java:loadSnapshot(236)) - group-45546029146D: The snapshot info is null. Setting the last applied indexto:(t:0, i:~)
2022-08-09 13:48:13,182 [pool-356-thread-1] INFO  server.RaftServerConfigKeys (ConfUtils.java:logGet(46)) - raft.server.notification.no-leader.timeout = 300s (custom)
2022-08-09 13:48:13,182 [pool-356-thread-1] INFO  server.RaftServerConfigKeys (ConfUtils.java:logGet(46)) - raft.server.log.use.memory = false (default)
2022-08-09 13:48:13,182 [pool-356-thread-1] INFO  server.RaftServerConfigKeys (ConfUtils.java:logGet(46)) - raft.server.log.purge.gap = 1000000 (custom)
2022-08-09 13:48:13,182 [pool-356-thread-1] INFO  server.RaftServerConfigKeys (ConfUtils.java:logGet(46)) - raft.server.log.appender.buffer.byte-limit = 33554432 (custom)
2022-08-09 13:48:13,183 [pool-356-thread-1] INFO  server.RaftServerConfigKeys (ConfUtils.java:logGet(46)) - raft.server.log.statemachine.data.read.timeout = 1000ms (default)
2022-08-09 13:48:13,183 [pool-356-thread-1] INFO  server.RaftServerConfigKeys (ConfUtils.java:logGet(46)) - raft.server.log.segment.size.max = 1048576 (custom)
2022-08-09 13:48:13,183 [pool-356-thread-1] INFO  server.RaftServerConfigKeys (ConfUtils.java:logGet(46)) - raft.server.log.segment.cache.num.max = 2 (custom)
2022-08-09 13:48:13,183 [pool-356-thread-1] INFO  server.RaftServerConfigKeys (ConfUtils.java:logGet(46)) - raft.server.log.segment.cache.size.max = 200MB (=209715200) (default)
2022-08-09 13:48:13,183 [pool-356-thread-1] INFO  segmented.SegmentedRaftLogWorker (SegmentedRaftLogWorker.java:<init>(187)) - new 7ea02f52-0524-4638-b817-10339939da37@group-45546029146D-SegmentedRaftLogWorker for RaftStorageImpl:Storage Directory /home/runner/work/ozone/ozone/hadoop-ozone/integration-test/target/test-dir/MiniOzoneClusterImpl-47423824-61ae-4caf-b360-a3644823e0d5/datanode-1/data/ratis/0f4e7a3b-074b-4ffa-82f4-45546029146d
2022-08-09 13:48:13,184 [pool-356-thread-1] INFO  server.RaftServerConfigKeys (ConfUtils.java:logGet(46)) - raft.server.log.queue.byte-limit = 4294967296 (custom)
2022-08-09 13:48:13,184 [pool-356-thread-1] INFO  server.RaftServerConfigKeys (ConfUtils.java:logGet(46)) - raft.server.log.queue.element-limit = 1024 (custom)
2022-08-09 13:48:13,184 [pool-356-thread-1] INFO  server.RaftServerConfigKeys (ConfUtils.java:logGet(46)) - raft.server.log.segment.size.max = 1048576 (custom)
2022-08-09 13:48:13,184 [pool-356-thread-1] INFO  server.RaftServerConfigKeys (ConfUtils.java:logGet(46)) - raft.server.log.preallocated.size = 16384 (custom)
2022-08-09 13:48:13,184 [pool-356-thread-1] INFO  server.RaftServerConfigKeys (ConfUtils.java:logGet(46)) - raft.server.log.force.sync.num = 128 (default)
2022-08-09 13:48:13,184 [pool-356-thread-1] INFO  server.RaftServerConfigKeys (ConfUtils.java:logGet(46)) - raft.server.log.statemachine.data.sync = true (default)
2022-08-09 13:48:13,184 [pool-356-thread-1] INFO  server.RaftServerConfigKeys (ConfUtils.java:logGet(46)) - raft.server.log.statemachine.data.sync.timeout = 10s (default)
2022-08-09 13:48:13,184 [pool-356-thread-1] INFO  server.RaftServerConfigKeys (ConfUtils.java:logGet(46)) - raft.server.log.statemachine.data.sync.timeout.retry = -1 (default)
2022-08-09 13:48:13,185 [pool-356-thread-1] INFO  server.RaftServerConfigKeys (ConfUtils.java:logGet(46)) - raft.server.log.write.buffer.size = 1048576 (custom)
2022-08-09 13:48:13,185 [pool-356-thread-1] INFO  server.RaftServerConfigKeys (ConfUtils.java:logGet(46)) - raft.server.log.unsafe-flush.enabled = false (default)
2022-08-09 13:48:13,185 [pool-356-thread-1] INFO  server.RaftServerConfigKeys (ConfUtils.java:logGet(46)) - raft.server.log.statemachine.data.caching.enabled = true (custom)
2022-08-09 13:48:13,185 [pool-356-thread-1] INFO  segmented.SegmentedRaftLogWorker (SegmentedRaftLogWorker.java:lambda$new$0(135)) - 7ea02f52-0524-4638-b817-10339939da37@group-45546029146D-SegmentedRaftLogWorker: flushIndex: setUnconditionally 0 -> -1
2022-08-09 13:48:13,186 [pool-356-thread-1] INFO  segmented.SegmentedRaftLogWorker (SegmentedRaftLogWorker.java:lambda$new$0(135)) - 7ea02f52-0524-4638-b817-10339939da37@group-45546029146D-SegmentedRaftLogWorker: safeCacheEvictIndex: setUnconditionally 0 -> -1
2022-08-09 13:48:13,193 [pool-356-thread-1] INFO  server.RaftServerConfigKeys (ConfUtils.java:logGet(46)) - raft.server.snapshot.auto.trigger.enabled = true (custom)
2022-08-09 13:48:13,193 [pool-356-thread-1] INFO  server.RaftServerConfigKeys (ConfUtils.java:logGet(46)) - raft.server.snapshot.auto.trigger.threshold = 10000 (custom)
2022-08-09 13:48:13,193 [pool-356-thread-1] INFO  server.RaftServerConfigKeys (ConfUtils.java:logGet(46)) - raft.server.snapshot.retention.file.num = 5 (custom)
2022-08-09 13:48:13,193 [pool-356-thread-1] INFO  server.RaftServerConfigKeys (ConfUtils.java:logGet(46)) - raft.server.log.purge.upto.snapshot.index = false (default)
2022-08-09 13:48:13,193 [pool-356-thread-1] INFO  server.RaftServerConfigKeys (ConfUtils.java:logGet(46)) - raft.server.retrycache.expirytime = 600000ms (custom)
2022-08-09 13:48:13,193 [pool-356-thread-1] INFO  server.RaftServerConfigKeys (ConfUtils.java:logGet(46)) - raft.server.retrycache.statistics.expirytime = 100μs (default)
2022-08-09 13:48:13,194 [pool-356-thread-1] INFO  server.RaftServerConfigKeys (ConfUtils.java:logGet(46)) - raft.server.log.appender.install.snapshot.enabled = false (custom)
2022-08-09 13:48:13,194 [pool-356-thread-1] INFO  server.RaftServerConfigKeys (ConfUtils.java:logGet(46)) - raft.server.threadpool.server.cached = true (default)
2022-08-09 13:48:13,194 [pool-356-thread-1] INFO  server.RaftServerConfigKeys (ConfUtils.java:logGet(46)) - raft.server.threadpool.server.size = 0 (default)
2022-08-09 13:48:13,194 [pool-356-thread-1] INFO  server.RaftServerConfigKeys (ConfUtils.java:logGet(46)) - raft.server.threadpool.client.cached = true (default)
2022-08-09 13:48:13,194 [pool-356-thread-1] INFO  server.RaftServerConfigKeys (ConfUtils.java:logGet(46)) - raft.server.threadpool.client.size = 0 (default)
2022-08-09 13:48:13,194 [pool-356-thread-1] INFO  server.RaftServer$Division (RaftServerImpl.java:start(310)) - 7ea02f52-0524-4638-b817-10339939da37@group-45546029146D: start as a follower, conf=-1: [7ea02f52-0524-4638-b817-10339939da37|rpc:10.1.0.19:45003|dataStream:|priority:0, 3eae53bb-90ae-447f-858b-4086883680b9|rpc:10.1.0.19:38969|dataStream:|priority:1, 7eae729b-82ee-421b-843d-240299c4e56c|rpc:10.1.0.19:36615|dataStream:|priority:0], old=null
2022-08-09 13:48:13,194 [pool-356-thread-1] INFO  server.RaftServer$Division (RaftServerImpl.java:setRole(299)) - 7ea02f52-0524-4638-b817-10339939da37@group-45546029146D: changes role from      null to FOLLOWER at term 0 for startAsFollower
2022-08-09 13:48:13,195 [pool-356-thread-1] INFO  impl.RoleInfo (RoleInfo.java:updateAndGet(139)) - 7ea02f52-0524-4638-b817-10339939da37: start 7ea02f52-0524-4638-b817-10339939da37@group-45546029146D-FollowerState
2022-08-09 13:48:13,195 [pool-356-thread-1] INFO  util.JmxRegister (JmxRegister.java:tryRegister(44)) - Successfully registered JMX Bean with object name Ratis:service=RaftServer,group=group-45546029146D,id=7ea02f52-0524-4638-b817-10339939da37
2022-08-09 13:48:13,251 [Command processor thread] INFO  server.RaftServer (RaftServerProxy.java:addNew(96)) - 7ea02f52-0524-4638-b817-10339939da37: addNew group-667C82500E0A:[7ea02f52-0524-4638-b817-10339939da37|rpc:10.1.0.19:45003|priority:1] returns group-667C82500E0A:java.util.concurrent.CompletableFuture@115fe75[Not completed]
2022-08-09 13:48:13,252 [pool-356-thread-1] INFO  server.RaftServer$Division (RaftServerImpl.java:<init>(190)) - 7ea02f52-0524-4638-b817-10339939da37: new RaftServerImpl for group-667C82500E0A:[7ea02f52-0524-4638-b817-10339939da37|rpc:10.1.0.19:45003|priority:1] with ContainerStateMachine:uninitialized
2022-08-09 13:48:13,252 [pool-356-thread-1] INFO  server.RaftServerConfigKeys (ConfUtils.java:logGet(46)) - raft.server.rpc.timeout.min = 5s (custom)
2022-08-09 13:48:13,253 [pool-356-thread-1] INFO  server.RaftServerConfigKeys (ConfUtils.java:logGet(46)) - raft.server.rpc.timeout.max = 5200ms (custom)
2022-08-09 13:48:13,253 [pool-356-thread-1] INFO  server.RaftServerConfigKeys (ConfUtils.java:logGet(46)) - raft.server.rpc.sleep.time = 25ms (default)
2022-08-09 13:48:13,253 [pool-356-thread-1] INFO  server.RaftServerConfigKeys (ConfUtils.java:logGet(46)) - raft.server.rpc.slowness.timeout = 300s (custom)
2022-08-09 13:48:13,253 [pool-356-thread-1] INFO  server.RaftServerConfigKeys (ConfUtils.java:logGet(46)) - raft.server.leaderelection.leader.step-down.wait-time = 10s (default)
2022-08-09 13:48:13,253 [pool-356-thread-1] INFO  server.RaftServerConfigKeys (ConfUtils.java:logGet(46)) - raft.server.sleep.deviation.threshold = 300ms (default)
2022-08-09 13:48:13,253 [pool-356-thread-1] INFO  server.RaftServer$Division (ServerState.java:<init>(107)) - 7ea02f52-0524-4638-b817-10339939da37@group-667C82500E0A: ConfigurationManager, init=-1: [7ea02f52-0524-4638-b817-10339939da37|rpc:10.1.0.19:45003|priority:1], old=null, confs=<EMPTY_MAP>
2022-08-09 13:48:13,253 [pool-356-thread-1] INFO  server.RaftServerConfigKeys (ConfUtils.java:logGet(46)) - raft.server.storage.dir = [/home/runner/work/ozone/ozone/hadoop-ozone/integration-test/target/test-dir/MiniOzoneClusterImpl-47423824-61ae-4caf-b360-a3644823e0d5/datanode-1/data/ratis] (custom)
2022-08-09 13:48:13,254 [pool-356-thread-1] INFO  server.RaftServerConfigKeys (ConfUtils.java:logGet(46)) - raft.server.log.corruption.policy = EXCEPTION (default)
2022-08-09 13:48:13,254 [pool-356-thread-1] INFO  server.RaftServerConfigKeys (ConfUtils.java:logGet(46)) - raft.server.storage.free-space.min = 0MB (=0) (default)
2022-08-09 13:48:13,254 [pool-356-thread-1] INFO  storage.RaftStorageDirectory (RaftStorageDirectoryImpl.java:analyzeStorage(135)) - The storage directory /home/runner/work/ozone/ozone/hadoop-ozone/integration-test/target/test-dir/MiniOzoneClusterImpl-47423824-61ae-4caf-b360-a3644823e0d5/datanode-1/data/ratis/cbc87c03-af7f-4dee-9dc7-667c82500e0a does not exist. Creating ...
2022-08-09 13:48:13,259 [grpc-default-executor-0] INFO  server.RaftServer (RaftServerProxy.java:addNew(96)) - 7eae729b-82ee-421b-843d-240299c4e56c: addNew group-45546029146D:[7ea02f52-0524-4638-b817-10339939da37|rpc:10.1.0.19:45003|dataStream:|priority:0, 3eae53bb-90ae-447f-858b-4086883680b9|rpc:10.1.0.19:38969|dataStream:|priority:1, 7eae729b-82ee-421b-843d-240299c4e56c|rpc:10.1.0.19:36615|dataStream:|priority:0] returns group-45546029146D:java.util.concurrent.CompletableFuture@4e4194b7[Not completed]
2022-08-09 13:48:13,260 [pool-379-thread-1] INFO  server.RaftServer$Division (RaftServerImpl.java:<init>(190)) - 7eae729b-82ee-421b-843d-240299c4e56c: new RaftServerImpl for group-45546029146D:[7ea02f52-0524-4638-b817-10339939da37|rpc:10.1.0.19:45003|dataStream:|priority:0, 3eae53bb-90ae-447f-858b-4086883680b9|rpc:10.1.0.19:38969|dataStream:|priority:1, 7eae729b-82ee-421b-843d-240299c4e56c|rpc:10.1.0.19:36615|dataStream:|priority:0] with ContainerStateMachine:uninitialized
2022-08-09 13:48:13,260 [pool-379-thread-1] INFO  server.RaftServerConfigKeys (ConfUtils.java:logGet(46)) - raft.server.rpc.timeout.min = 5s (custom)
2022-08-09 13:48:13,260 [pool-379-thread-1] INFO  server.RaftServerConfigKeys (ConfUtils.java:logGet(46)) - raft.server.rpc.timeout.max = 5200ms (custom)
2022-08-09 13:48:13,260 [pool-379-thread-1] INFO  server.RaftServerConfigKeys (ConfUtils.java:logGet(46)) - raft.server.rpc.sleep.time = 25ms (default)
2022-08-09 13:48:13,260 [pool-379-thread-1] INFO  server.RaftServerConfigKeys (ConfUtils.java:logGet(46)) - raft.server.rpc.slowness.timeout = 300s (custom)
2022-08-09 13:48:13,260 [pool-379-thread-1] INFO  server.RaftServerConfigKeys (ConfUtils.java:logGet(46)) - raft.server.leaderelection.leader.step-down.wait-time = 10s (default)
2022-08-09 13:48:13,260 [pool-379-thread-1] INFO  server.RaftServerConfigKeys (ConfUtils.java:logGet(46)) - raft.server.sleep.deviation.threshold = 300ms (default)
2022-08-09 13:48:13,260 [pool-379-thread-1] INFO  server.RaftServer$Division (ServerState.java:<init>(107)) - 7eae729b-82ee-421b-843d-240299c4e56c@group-45546029146D: ConfigurationManager, init=-1: [7ea02f52-0524-4638-b817-10339939da37|rpc:10.1.0.19:45003|dataStream:|priority:0, 3eae53bb-90ae-447f-858b-4086883680b9|rpc:10.1.0.19:38969|dataStream:|priority:1, 7eae729b-82ee-421b-843d-240299c4e56c|rpc:10.1.0.19:36615|dataStream:|priority:0], old=null, confs=<EMPTY_MAP>
2022-08-09 13:48:13,260 [pool-379-thread-1] INFO  server.RaftServerConfigKeys (ConfUtils.java:logGet(46)) - raft.server.storage.dir = [/home/runner/work/ozone/ozone/hadoop-ozone/integration-test/target/test-dir/MiniOzoneClusterImpl-47423824-61ae-4caf-b360-a3644823e0d5/datanode-2/data/ratis] (custom)
2022-08-09 13:48:13,260 [pool-379-thread-1] INFO  server.RaftServerConfigKeys (ConfUtils.java:logGet(46)) - raft.server.log.corruption.policy = EXCEPTION (default)
2022-08-09 13:48:13,260 [pool-379-thread-1] INFO  server.RaftServerConfigKeys (ConfUtils.java:logGet(46)) - raft.server.storage.free-space.min = 0MB (=0) (default)
2022-08-09 13:48:13,260 [pool-379-thread-1] INFO  storage.RaftStorageDirectory (RaftStorageDirectoryImpl.java:analyzeStorage(135)) - The storage directory /home/runner/work/ozone/ozone/hadoop-ozone/integration-test/target/test-dir/MiniOzoneClusterImpl-47423824-61ae-4caf-b360-a3644823e0d5/datanode-2/data/ratis/0f4e7a3b-074b-4ffa-82f4-45546029146d does not exist. Creating ...
2022-08-09 13:48:13,261 [pool-356-thread-1] INFO  storage.RaftStorageDirectory (RaftStorageDirectoryImpl.java:tryLock(230)) - Lock on /home/runner/work/ozone/ozone/hadoop-ozone/integration-test/target/test-dir/MiniOzoneClusterImpl-47423824-61ae-4caf-b360-a3644823e0d5/datanode-1/data/ratis/cbc87c03-af7f-4dee-9dc7-667c82500e0a/in_use.lock acquired by nodename 10574@fv-az450-466
2022-08-09 13:48:13,265 [pool-379-thread-1] INFO  storage.RaftStorageDirectory (RaftStorageDirectoryImpl.java:tryLock(230)) - Lock on /home/runner/work/ozone/ozone/hadoop-ozone/integration-test/target/test-dir/MiniOzoneClusterImpl-47423824-61ae-4caf-b360-a3644823e0d5/datanode-2/data/ratis/0f4e7a3b-074b-4ffa-82f4-45546029146d/in_use.lock acquired by nodename 10574@fv-az450-466
2022-08-09 13:48:13,265 [pool-356-thread-1] INFO  storage.RaftStorage (RaftStorageImpl.java:format(89)) - Storage directory /home/runner/work/ozone/ozone/hadoop-ozone/integration-test/target/test-dir/MiniOzoneClusterImpl-47423824-61ae-4caf-b360-a3644823e0d5/datanode-1/data/ratis/cbc87c03-af7f-4dee-9dc7-667c82500e0a has been successfully formatted.
2022-08-09 13:48:13,266 [pool-356-thread-1] INFO  ratis.ContainerStateMachine (ContainerStateMachine.java:loadSnapshot(236)) - group-667C82500E0A: The snapshot info is null. Setting the last applied indexto:(t:0, i:~)
2022-08-09 13:48:13,266 [pool-356-thread-1] INFO  server.RaftServerConfigKeys (ConfUtils.java:logGet(46)) - raft.server.notification.no-leader.timeout = 300s (custom)
2022-08-09 13:48:13,266 [pool-356-thread-1] INFO  server.RaftServerConfigKeys (ConfUtils.java:logGet(46)) - raft.server.log.use.memory = false (default)
2022-08-09 13:48:13,267 [EventQueue-PipelineReportForPipelineReportHandler] INFO  pipeline.PipelineManagerImpl (PipelineManagerImpl.java:openPipeline(367)) - Pipeline Pipeline[ Id: cbc87c03-af7f-4dee-9dc7-667c82500e0a, Nodes: 7ea02f52-0524-4638-b817-10339939da37{ip: 10.1.0.19, host: fv-az450-466.jnfmftgkylze5hd05chtbp1i0a.dx.internal.cloudapp.net, ports: [REPLICATION=43617, RATIS=45003, RATIS_ADMIN=45003, RATIS_SERVER=45003, STANDALONE=45317], networkLocation: /default-rack, certSerialId: null, persistedOpState: IN_SERVICE, persistedOpStateExpiryEpochSec: 0}, ReplicationConfig: RATIS/ONE, State:ALLOCATED, leaderId:7ea02f52-0524-4638-b817-10339939da37, CreationTimestamp2022-08-09T13:48:10.259Z[Etc/UTC]] moved to OPEN state
2022-08-09 13:48:13,267 [EventQueue-OpenPipelineForHealthyPipelineSafeModeRule] INFO  safemode.SCMSafeModeManager (HealthyPipelineSafeModeRule.java:process(137)) - SCM in safe mode. Healthy pipelines reported count is 0, required healthy pipeline reported count is 1
2022-08-09 13:48:13,267 [pool-379-thread-1] INFO  storage.RaftStorage (RaftStorageImpl.java:format(89)) - Storage directory /home/runner/work/ozone/ozone/hadoop-ozone/integration-test/target/test-dir/MiniOzoneClusterImpl-47423824-61ae-4caf-b360-a3644823e0d5/datanode-2/data/ratis/0f4e7a3b-074b-4ffa-82f4-45546029146d has been successfully formatted.
2022-08-09 13:48:13,268 [pool-379-thread-1] INFO  ratis.ContainerStateMachine (ContainerStateMachine.java:loadSnapshot(236)) - group-45546029146D: The snapshot info is null. Setting the last applied indexto:(t:0, i:~)
2022-08-09 13:48:13,268 [pool-379-thread-1] INFO  server.RaftServerConfigKeys (ConfUtils.java:logGet(46)) - raft.server.notification.no-leader.timeout = 300s (custom)
2022-08-09 13:48:13,268 [pool-379-thread-1] INFO  server.RaftServerConfigKeys (ConfUtils.java:logGet(46)) - raft.server.log.use.memory = false (default)
2022-08-09 13:48:13,268 [pool-379-thread-1] INFO  server.RaftServerConfigKeys (ConfUtils.java:logGet(46)) - raft.server.log.purge.gap = 1000000 (custom)
2022-08-09 13:48:13,268 [pool-379-thread-1] INFO  server.RaftServerConfigKeys (ConfUtils.java:logGet(46)) - raft.server.log.appender.buffer.byte-limit = 33554432 (custom)
2022-08-09 13:48:13,268 [pool-379-thread-1] INFO  server.RaftServerConfigKeys (ConfUtils.java:logGet(46)) - raft.server.log.statemachine.data.read.timeout = 1000ms (default)
2022-08-09 13:48:13,268 [pool-379-thread-1] INFO  server.RaftServerConfigKeys (ConfUtils.java:logGet(46)) - raft.server.log.segment.size.max = 1048576 (custom)
2022-08-09 13:48:13,268 [pool-379-thread-1] INFO  server.RaftServerConfigKeys (ConfUtils.java:logGet(46)) - raft.server.log.segment.cache.num.max = 2 (custom)
2022-08-09 13:48:13,269 [pool-379-thread-1] INFO  server.RaftServerConfigKeys (ConfUtils.java:logGet(46)) - raft.server.log.segment.cache.size.max = 200MB (=209715200) (default)
2022-08-09 13:48:13,269 [pool-379-thread-1] INFO  segmented.SegmentedRaftLogWorker (SegmentedRaftLogWorker.java:<init>(187)) - new 7eae729b-82ee-421b-843d-240299c4e56c@group-45546029146D-SegmentedRaftLogWorker for RaftStorageImpl:Storage Directory /home/runner/work/ozone/ozone/hadoop-ozone/integration-test/target/test-dir/MiniOzoneClusterImpl-47423824-61ae-4caf-b360-a3644823e0d5/datanode-2/data/ratis/0f4e7a3b-074b-4ffa-82f4-45546029146d
2022-08-09 13:48:13,269 [pool-379-thread-1] INFO  server.RaftServerConfigKeys (ConfUtils.java:logGet(46)) - raft.server.log.queue.byte-limit = 4294967296 (custom)
2022-08-09 13:48:13,269 [pool-379-thread-1] INFO  server.RaftServerConfigKeys (ConfUtils.java:logGet(46)) - raft.server.log.queue.element-limit = 1024 (custom)
2022-08-09 13:48:13,269 [pool-379-thread-1] INFO  server.RaftServerConfigKeys (ConfUtils.java:logGet(46)) - raft.server.log.segment.size.max = 1048576 (custom)
2022-08-09 13:48:13,269 [pool-379-thread-1] INFO  server.RaftServerConfigKeys (ConfUtils.java:logGet(46)) - raft.server.log.preallocated.size = 16384 (custom)
2022-08-09 13:48:13,269 [pool-379-thread-1] INFO  server.RaftServerConfigKeys (ConfUtils.java:logGet(46)) - raft.server.log.force.sync.num = 128 (default)
2022-08-09 13:48:13,269 [pool-379-thread-1] INFO  server.RaftServerConfigKeys (ConfUtils.java:logGet(46)) - raft.server.log.statemachine.data.sync = true (default)
2022-08-09 13:48:13,269 [pool-379-thread-1] INFO  server.RaftServerConfigKeys (ConfUtils.java:logGet(46)) - raft.server.log.statemachine.data.sync.timeout = 10s (default)
2022-08-09 13:48:13,269 [pool-379-thread-1] INFO  server.RaftServerConfigKeys (ConfUtils.java:logGet(46)) - raft.server.log.statemachine.data.sync.timeout.retry = -1 (default)
2022-08-09 13:48:13,270 [pool-379-thread-1] INFO  server.RaftServerConfigKeys (ConfUtils.java:logGet(46)) - raft.server.log.write.buffer.size = 1048576 (custom)
2022-08-09 13:48:13,270 [pool-379-thread-1] INFO  server.RaftServerConfigKeys (ConfUtils.java:logGet(46)) - raft.server.log.unsafe-flush.enabled = false (default)
2022-08-09 13:48:13,270 [pool-379-thread-1] INFO  server.RaftServerConfigKeys (ConfUtils.java:logGet(46)) - raft.server.log.statemachine.data.caching.enabled = true (custom)
2022-08-09 13:48:13,270 [pool-379-thread-1] INFO  segmented.SegmentedRaftLogWorker (SegmentedRaftLogWorker.java:lambda$new$0(135)) - 7eae729b-82ee-421b-843d-240299c4e56c@group-45546029146D-SegmentedRaftLogWorker: flushIndex: setUnconditionally 0 -> -1
2022-08-09 13:48:13,270 [pool-379-thread-1] INFO  segmented.SegmentedRaftLogWorker (SegmentedRaftLogWorker.java:lambda$new$0(135)) - 7eae729b-82ee-421b-843d-240299c4e56c@group-45546029146D-SegmentedRaftLogWorker: safeCacheEvictIndex: setUnconditionally 0 -> -1
2022-08-09 13:48:13,270 [pool-356-thread-1] INFO  server.RaftServerConfigKeys (ConfUtils.java:logGet(46)) - raft.server.log.purge.gap = 1000000 (custom)
2022-08-09 13:48:13,270 [pool-356-thread-1] INFO  server.RaftServerConfigKeys (ConfUtils.java:logGet(46)) - raft.server.log.appender.buffer.byte-limit = 33554432 (custom)
2022-08-09 13:48:13,270 [pool-356-thread-1] INFO  server.RaftServerConfigKeys (ConfUtils.java:logGet(46)) - raft.server.log.statemachine.data.read.timeout = 1000ms (default)
2022-08-09 13:48:13,270 [pool-356-thread-1] INFO  server.RaftServerConfigKeys (ConfUtils.java:logGet(46)) - raft.server.log.segment.size.max = 1048576 (custom)
2022-08-09 13:48:13,271 [pool-356-thread-1] INFO  server.RaftServerConfigKeys (ConfUtils.java:logGet(46)) - raft.server.log.segment.cache.num.max = 2 (custom)
2022-08-09 13:48:13,271 [pool-356-thread-1] INFO  server.RaftServerConfigKeys (ConfUtils.java:logGet(46)) - raft.server.log.segment.cache.size.max = 200MB (=209715200) (default)
2022-08-09 13:48:13,271 [pool-356-thread-1] INFO  segmented.SegmentedRaftLogWorker (SegmentedRaftLogWorker.java:<init>(187)) - new 7ea02f52-0524-4638-b817-10339939da37@group-667C82500E0A-SegmentedRaftLogWorker for RaftStorageImpl:Storage Directory /home/runner/work/ozone/ozone/hadoop-ozone/integration-test/target/test-dir/MiniOzoneClusterImpl-47423824-61ae-4caf-b360-a3644823e0d5/datanode-1/data/ratis/cbc87c03-af7f-4dee-9dc7-667c82500e0a
2022-08-09 13:48:13,271 [pool-356-thread-1] INFO  server.RaftServerConfigKeys (ConfUtils.java:logGet(46)) - raft.server.log.queue.byte-limit = 4294967296 (custom)
2022-08-09 13:48:13,271 [pool-356-thread-1] INFO  server.RaftServerConfigKeys (ConfUtils.java:logGet(46)) - raft.server.log.queue.element-limit = 1024 (custom)
2022-08-09 13:48:13,271 [pool-356-thread-1] INFO  server.RaftServerConfigKeys (ConfUtils.java:logGet(46)) - raft.server.log.segment.size.max = 1048576 (custom)
2022-08-09 13:48:13,271 [pool-356-thread-1] INFO  server.RaftServerConfigKeys (ConfUtils.java:logGet(46)) - raft.server.log.preallocated.size = 16384 (custom)
2022-08-09 13:48:13,271 [pool-356-thread-1] INFO  server.RaftServerConfigKeys (ConfUtils.java:logGet(46)) - raft.server.log.force.sync.num = 128 (default)
2022-08-09 13:48:13,271 [pool-356-thread-1] INFO  server.RaftServerConfigKeys (ConfUtils.java:logGet(46)) - raft.server.log.statemachine.data.sync = true (default)
2022-08-09 13:48:13,271 [pool-356-thread-1] INFO  server.RaftServerConfigKeys (ConfUtils.java:logGet(46)) - raft.server.log.statemachine.data.sync.timeout = 10s (default)
2022-08-09 13:48:13,271 [pool-356-thread-1] INFO  server.RaftServerConfigKeys (ConfUtils.java:logGet(46)) - raft.server.log.statemachine.data.sync.timeout.retry = -1 (default)
2022-08-09 13:48:13,272 [pool-379-thread-1] INFO  server.RaftServerConfigKeys (ConfUtils.java:logGet(46)) - raft.server.snapshot.auto.trigger.enabled = true (custom)
2022-08-09 13:48:13,273 [pool-379-thread-1] INFO  server.RaftServerConfigKeys (ConfUtils.java:logGet(46)) - raft.server.snapshot.auto.trigger.threshold = 10000 (custom)
2022-08-09 13:48:13,273 [pool-379-thread-1] INFO  server.RaftServerConfigKeys (ConfUtils.java:logGet(46)) - raft.server.snapshot.retention.file.num = 5 (custom)
2022-08-09 13:48:13,273 [pool-379-thread-1] INFO  server.RaftServerConfigKeys (ConfUtils.java:logGet(46)) - raft.server.log.purge.upto.snapshot.index = false (default)
2022-08-09 13:48:13,273 [pool-379-thread-1] INFO  server.RaftServerConfigKeys (ConfUtils.java:logGet(46)) - raft.server.retrycache.expirytime = 600000ms (custom)
2022-08-09 13:48:13,273 [pool-379-thread-1] INFO  server.RaftServerConfigKeys (ConfUtils.java:logGet(46)) - raft.server.retrycache.statistics.expirytime = 100μs (default)
2022-08-09 13:48:13,274 [pool-379-thread-1] INFO  server.RaftServerConfigKeys (ConfUtils.java:logGet(46)) - raft.server.log.appender.install.snapshot.enabled = false (custom)
2022-08-09 13:48:13,274 [pool-379-thread-1] INFO  server.RaftServerConfigKeys (ConfUtils.java:logGet(46)) - raft.server.threadpool.server.cached = true (default)
2022-08-09 13:48:13,274 [pool-379-thread-1] INFO  server.RaftServerConfigKeys (ConfUtils.java:logGet(46)) - raft.server.threadpool.server.size = 0 (default)
2022-08-09 13:48:13,274 [pool-379-thread-1] INFO  server.RaftServerConfigKeys (ConfUtils.java:logGet(46)) - raft.server.threadpool.client.cached = true (default)
2022-08-09 13:48:13,274 [pool-379-thread-1] INFO  server.RaftServerConfigKeys (ConfUtils.java:logGet(46)) - raft.server.threadpool.client.size = 0 (default)
2022-08-09 13:48:13,274 [pool-379-thread-1] INFO  server.RaftServer$Division (RaftServerImpl.java:start(310)) - 7eae729b-82ee-421b-843d-240299c4e56c@group-45546029146D: start as a follower, conf=-1: [7ea02f52-0524-4638-b817-10339939da37|rpc:10.1.0.19:45003|dataStream:|priority:0, 3eae53bb-90ae-447f-858b-4086883680b9|rpc:10.1.0.19:38969|dataStream:|priority:1, 7eae729b-82ee-421b-843d-240299c4e56c|rpc:10.1.0.19:36615|dataStream:|priority:0], old=null
2022-08-09 13:48:13,274 [pool-379-thread-1] INFO  server.RaftServer$Division (RaftServerImpl.java:setRole(299)) - 7eae729b-82ee-421b-843d-240299c4e56c@group-45546029146D: changes role from      null to FOLLOWER at term 0 for startAsFollower
2022-08-09 13:48:13,274 [pool-379-thread-1] INFO  impl.RoleInfo (RoleInfo.java:updateAndGet(139)) - 7eae729b-82ee-421b-843d-240299c4e56c: start 7eae729b-82ee-421b-843d-240299c4e56c@group-45546029146D-FollowerState
2022-08-09 13:48:13,299 [pool-379-thread-1] INFO  util.JmxRegister (JmxRegister.java:tryRegister(44)) - Successfully registered JMX Bean with object name Ratis:service=RaftServer,group=group-45546029146D,id=7eae729b-82ee-421b-843d-240299c4e56c
2022-08-09 13:48:13,310 [pool-356-thread-1] INFO  server.RaftServerConfigKeys (ConfUtils.java:logGet(46)) - raft.server.log.write.buffer.size = 1048576 (custom)
2022-08-09 13:48:13,311 [pool-356-thread-1] INFO  server.RaftServerConfigKeys (ConfUtils.java:logGet(46)) - raft.server.log.unsafe-flush.enabled = false (default)
2022-08-09 13:48:13,311 [pool-356-thread-1] INFO  server.RaftServerConfigKeys (ConfUtils.java:logGet(46)) - raft.server.log.statemachine.data.caching.enabled = true (custom)
2022-08-09 13:48:13,311 [pool-356-thread-1] INFO  segmented.SegmentedRaftLogWorker (SegmentedRaftLogWorker.java:lambda$new$0(135)) - 7ea02f52-0524-4638-b817-10339939da37@group-667C82500E0A-SegmentedRaftLogWorker: flushIndex: setUnconditionally 0 -> -1
2022-08-09 13:48:13,311 [pool-356-thread-1] INFO  segmented.SegmentedRaftLogWorker (SegmentedRaftLogWorker.java:lambda$new$0(135)) - 7ea02f52-0524-4638-b817-10339939da37@group-667C82500E0A-SegmentedRaftLogWorker: safeCacheEvictIndex: setUnconditionally 0 -> -1
2022-08-09 13:48:13,321 [pool-356-thread-1] INFO  server.RaftServerConfigKeys (ConfUtils.java:logGet(46)) - raft.server.snapshot.auto.trigger.enabled = true (custom)
2022-08-09 13:48:13,321 [pool-356-thread-1] INFO  server.RaftServerConfigKeys (ConfUtils.java:logGet(46)) - raft.server.snapshot.auto.trigger.threshold = 10000 (custom)
2022-08-09 13:48:13,321 [pool-356-thread-1] INFO  server.RaftServerConfigKeys (ConfUtils.java:logGet(46)) - raft.server.snapshot.retention.file.num = 5 (custom)
2022-08-09 13:48:13,321 [pool-356-thread-1] INFO  server.RaftServerConfigKeys (ConfUtils.java:logGet(46)) - raft.server.log.purge.upto.snapshot.index = false (default)
2022-08-09 13:48:13,321 [pool-356-thread-1] INFO  server.RaftServerConfigKeys (ConfUtils.java:logGet(46)) - raft.server.retrycache.expirytime = 600000ms (custom)
2022-08-09 13:48:13,321 [pool-356-thread-1] INFO  server.RaftServerConfigKeys (ConfUtils.java:logGet(46)) - raft.server.retrycache.statistics.expirytime = 100μs (default)
2022-08-09 13:48:13,329 [Command processor thread] INFO  commandhandler.CreatePipelineCommandHandler (CreatePipelineCommandHandler.java:handle(113)) - Created Pipeline RATIS THREE PipelineID=0f4e7a3b-074b-4ffa-82f4-45546029146d.
2022-08-09 13:48:13,345 [pool-356-thread-1] INFO  server.RaftServerConfigKeys (ConfUtils.java:logGet(46)) - raft.server.log.appender.install.snapshot.enabled = false (custom)
2022-08-09 13:48:13,345 [pool-356-thread-1] INFO  server.RaftServerConfigKeys (ConfUtils.java:logGet(46)) - raft.server.threadpool.server.cached = true (default)
2022-08-09 13:48:13,345 [pool-356-thread-1] INFO  server.RaftServerConfigKeys (ConfUtils.java:logGet(46)) - raft.server.threadpool.server.size = 0 (default)
2022-08-09 13:48:13,345 [pool-356-thread-1] INFO  server.RaftServerConfigKeys (ConfUtils.java:logGet(46)) - raft.server.threadpool.client.cached = true (default)
2022-08-09 13:48:13,345 [pool-356-thread-1] INFO  server.RaftServerConfigKeys (ConfUtils.java:logGet(46)) - raft.server.threadpool.client.size = 0 (default)
2022-08-09 13:48:13,345 [pool-356-thread-1] INFO  server.RaftServer$Division (RaftServerImpl.java:start(310)) - 7ea02f52-0524-4638-b817-10339939da37@group-667C82500E0A: start as a follower, conf=-1: [7ea02f52-0524-4638-b817-10339939da37|rpc:10.1.0.19:45003|priority:1], old=null
2022-08-09 13:48:13,345 [pool-356-thread-1] INFO  server.RaftServer$Division (RaftServerImpl.java:setRole(299)) - 7ea02f52-0524-4638-b817-10339939da37@group-667C82500E0A: changes role from      null to FOLLOWER at term 0 for startAsFollower
2022-08-09 13:48:13,346 [pool-356-thread-1] INFO  impl.RoleInfo (RoleInfo.java:updateAndGet(139)) - 7ea02f52-0524-4638-b817-10339939da37: start 7ea02f52-0524-4638-b817-10339939da37@group-667C82500E0A-FollowerState
2022-08-09 13:48:13,353 [pool-356-thread-1] INFO  util.JmxRegister (JmxRegister.java:tryRegister(44)) - Successfully registered JMX Bean with object name Ratis:service=RaftServer,group=group-667C82500E0A,id=7ea02f52-0524-4638-b817-10339939da37
2022-08-09 13:48:13,360 [Command processor thread] INFO  ratis.XceiverServerRatis (XceiverServerRatis.java:addGroup(765)) - Created group PipelineID=cbc87c03-af7f-4dee-9dc7-667c82500e0a
2022-08-09 13:48:13,361 [Command processor thread] INFO  commandhandler.CreatePipelineCommandHandler (CreatePipelineCommandHandler.java:handle(113)) - Created Pipeline RATIS ONE PipelineID=cbc87c03-af7f-4dee-9dc7-667c82500e0a.
2022-08-09 13:48:13,651 [Listener at 127.0.0.1/34619] INFO  ozone.MiniOzoneClusterImpl (MiniOzoneClusterImpl.java:lambda$waitForClusterToBeReady$0(216)) - Nodes are ready. Got 5 of 5 DN Heartbeats.
2022-08-09 13:48:13,651 [Listener at 127.0.0.1/34619] INFO  ozone.MiniOzoneClusterImpl (MiniOzoneClusterImpl.java:lambda$waitForClusterToBeReady$0(219)) - Waiting for cluster to exit safe mode
2022-08-09 13:48:13,651 [Listener at 127.0.0.1/34619] INFO  ozone.MiniOzoneClusterImpl (MiniOzoneClusterImpl.java:lambda$waitForClusterToBeReady$0(221)) - SCM became leader
2022-08-09 13:48:13,929 [Command processor thread] INFO  server.RaftServer (RaftServerProxy.java:addNew(96)) - 7eae729b-82ee-421b-843d-240299c4e56c: addNew group-4D6438B63181:[7eae729b-82ee-421b-843d-240299c4e56c|rpc:10.1.0.19:36615|priority:1] returns group-4D6438B63181:java.util.concurrent.CompletableFuture@22e21c1d[Not completed]
2022-08-09 13:48:13,930 [pool-379-thread-1] INFO  server.RaftServer$Division (RaftServerImpl.java:<init>(190)) - 7eae729b-82ee-421b-843d-240299c4e56c: new RaftServerImpl for group-4D6438B63181:[7eae729b-82ee-421b-843d-240299c4e56c|rpc:10.1.0.19:36615|priority:1] with ContainerStateMachine:uninitialized
2022-08-09 13:48:13,930 [pool-379-thread-1] INFO  server.RaftServerConfigKeys (ConfUtils.java:logGet(46)) - raft.server.rpc.timeout.min = 5s (custom)
2022-08-09 13:48:13,930 [pool-379-thread-1] INFO  server.RaftServerConfigKeys (ConfUtils.java:logGet(46)) - raft.server.rpc.timeout.max = 5200ms (custom)
2022-08-09 13:48:13,930 [pool-379-thread-1] INFO  server.RaftServerConfigKeys (ConfUtils.java:logGet(46)) - raft.server.rpc.sleep.time = 25ms (default)
2022-08-09 13:48:13,930 [pool-379-thread-1] INFO  server.RaftServerConfigKeys (ConfUtils.java:logGet(46)) - raft.server.rpc.slowness.timeout = 300s (custom)
2022-08-09 13:48:13,930 [pool-379-thread-1] INFO  server.RaftServerConfigKeys (ConfUtils.java:logGet(46)) - raft.server.leaderelection.leader.step-down.wait-time = 10s (default)
2022-08-09 13:48:13,930 [pool-379-thread-1] INFO  server.RaftServerConfigKeys (ConfUtils.java:logGet(46)) - raft.server.sleep.deviation.threshold = 300ms (default)
2022-08-09 13:48:13,930 [pool-379-thread-1] INFO  server.RaftServer$Division (ServerState.java:<init>(107)) - 7eae729b-82ee-421b-843d-240299c4e56c@group-4D6438B63181: ConfigurationManager, init=-1: [7eae729b-82ee-421b-843d-240299c4e56c|rpc:10.1.0.19:36615|priority:1], old=null, confs=<EMPTY_MAP>
2022-08-09 13:48:13,930 [pool-379-thread-1] INFO  server.RaftServerConfigKeys (ConfUtils.java:logGet(46)) - raft.server.storage.dir = [/home/runner/work/ozone/ozone/hadoop-ozone/integration-test/target/test-dir/MiniOzoneClusterImpl-47423824-61ae-4caf-b360-a3644823e0d5/datanode-2/data/ratis] (custom)
2022-08-09 13:48:13,931 [pool-379-thread-1] INFO  server.RaftServerConfigKeys (ConfUtils.java:logGet(46)) - raft.server.log.corruption.policy = EXCEPTION (default)
2022-08-09 13:48:13,931 [pool-379-thread-1] INFO  server.RaftServerConfigKeys (ConfUtils.java:logGet(46)) - raft.server.storage.free-space.min = 0MB (=0) (default)
2022-08-09 13:48:13,931 [pool-379-thread-1] INFO  storage.RaftStorageDirectory (RaftStorageDirectoryImpl.java:analyzeStorage(135)) - The storage directory /home/runner/work/ozone/ozone/hadoop-ozone/integration-test/target/test-dir/MiniOzoneClusterImpl-47423824-61ae-4caf-b360-a3644823e0d5/datanode-2/data/ratis/34ece154-41ea-438e-82f1-4d6438b63181 does not exist. Creating ...
2022-08-09 13:48:13,934 [pool-379-thread-1] INFO  storage.RaftStorageDirectory (RaftStorageDirectoryImpl.java:tryLock(230)) - Lock on /home/runner/work/ozone/ozone/hadoop-ozone/integration-test/target/test-dir/MiniOzoneClusterImpl-47423824-61ae-4caf-b360-a3644823e0d5/datanode-2/data/ratis/34ece154-41ea-438e-82f1-4d6438b63181/in_use.lock acquired by nodename 10574@fv-az450-466
2022-08-09 13:48:13,937 [pool-379-thread-1] INFO  storage.RaftStorage (RaftStorageImpl.java:format(89)) - Storage directory /home/runner/work/ozone/ozone/hadoop-ozone/integration-test/target/test-dir/MiniOzoneClusterImpl-47423824-61ae-4caf-b360-a3644823e0d5/datanode-2/data/ratis/34ece154-41ea-438e-82f1-4d6438b63181 has been successfully formatted.
2022-08-09 13:48:13,938 [EventQueue-PipelineReportForPipelineReportHandler] INFO  pipeline.PipelineManagerImpl (PipelineManagerImpl.java:openPipeline(367)) - Pipeline Pipeline[ Id: 34ece154-41ea-438e-82f1-4d6438b63181, Nodes: 7eae729b-82ee-421b-843d-240299c4e56c{ip: 10.1.0.19, host: fv-az450-466.jnfmftgkylze5hd05chtbp1i0a.dx.internal.cloudapp.net, ports: [REPLICATION=35761, RATIS=36615, RATIS_ADMIN=36615, RATIS_SERVER=36615, STANDALONE=45625], networkLocation: /default-rack, certSerialId: null, persistedOpState: IN_SERVICE, persistedOpStateExpiryEpochSec: 0}, ReplicationConfig: RATIS/ONE, State:ALLOCATED, leaderId:7eae729b-82ee-421b-843d-240299c4e56c, CreationTimestamp2022-08-09T13:48:10.933Z[Etc/UTC]] moved to OPEN state
2022-08-09 13:48:13,939 [EventQueue-OpenPipelineForHealthyPipelineSafeModeRule] INFO  safemode.SCMSafeModeManager (HealthyPipelineSafeModeRule.java:process(137)) - SCM in safe mode. Healthy pipelines reported count is 0, required healthy pipeline reported count is 1
2022-08-09 13:48:13,939 [pool-379-thread-1] INFO  ratis.ContainerStateMachine (ContainerStateMachine.java:loadSnapshot(236)) - group-4D6438B63181: The snapshot info is null. Setting the last applied indexto:(t:0, i:~)
2022-08-09 13:48:13,939 [pool-379-thread-1] INFO  server.RaftServerConfigKeys (ConfUtils.java:logGet(46)) - raft.server.notification.no-leader.timeout = 300s (custom)
2022-08-09 13:48:13,939 [pool-379-thread-1] INFO  server.RaftServerConfigKeys (ConfUtils.java:logGet(46)) - raft.server.log.use.memory = false (default)
2022-08-09 13:48:13,939 [pool-379-thread-1] INFO  server.RaftServerConfigKeys (ConfUtils.java:logGet(46)) - raft.server.log.purge.gap = 1000000 (custom)
2022-08-09 13:48:13,939 [pool-379-thread-1] INFO  server.RaftServerConfigKeys (ConfUtils.java:logGet(46)) - raft.server.log.appender.buffer.byte-limit = 33554432 (custom)
2022-08-09 13:48:13,939 [pool-379-thread-1] INFO  server.RaftServerConfigKeys (ConfUtils.java:logGet(46)) - raft.server.log.statemachine.data.read.timeout = 1000ms (default)
2022-08-09 13:48:13,939 [pool-379-thread-1] INFO  server.RaftServerConfigKeys (ConfUtils.java:logGet(46)) - raft.server.log.segment.size.max = 1048576 (custom)
2022-08-09 13:48:13,940 [pool-379-thread-1] INFO  server.RaftServerConfigKeys (ConfUtils.java:logGet(46)) - raft.server.log.segment.cache.num.max = 2 (custom)
2022-08-09 13:48:13,940 [pool-379-thread-1] INFO  server.RaftServerConfigKeys (ConfUtils.java:logGet(46)) - raft.server.log.segment.cache.size.max = 200MB (=209715200) (default)
2022-08-09 13:48:13,940 [pool-379-thread-1] INFO  segmented.SegmentedRaftLogWorker (SegmentedRaftLogWorker.java:<init>(187)) - new 7eae729b-82ee-421b-843d-240299c4e56c@group-4D6438B63181-SegmentedRaftLogWorker for RaftStorageImpl:Storage Directory /home/runner/work/ozone/ozone/hadoop-ozone/integration-test/target/test-dir/MiniOzoneClusterImpl-47423824-61ae-4caf-b360-a3644823e0d5/datanode-2/data/ratis/34ece154-41ea-438e-82f1-4d6438b63181
2022-08-09 13:48:13,940 [pool-379-thread-1] INFO  server.RaftServerConfigKeys (ConfUtils.java:logGet(46)) - raft.server.log.queue.byte-limit = 4294967296 (custom)
2022-08-09 13:48:13,940 [pool-379-thread-1] INFO  server.RaftServerConfigKeys (ConfUtils.java:logGet(46)) - raft.server.log.queue.element-limit = 1024 (custom)
2022-08-09 13:48:13,940 [pool-379-thread-1] INFO  server.RaftServerConfigKeys (ConfUtils.java:logGet(46)) - raft.server.log.segment.size.max = 1048576 (custom)
2022-08-09 13:48:13,940 [pool-379-thread-1] INFO  server.RaftServerConfigKeys (ConfUtils.java:logGet(46)) - raft.server.log.preallocated.size = 16384 (custom)
2022-08-09 13:48:13,940 [pool-379-thread-1] INFO  server.RaftServerConfigKeys (ConfUtils.java:logGet(46)) - raft.server.log.force.sync.num = 128 (default)
2022-08-09 13:48:13,940 [pool-379-thread-1] INFO  server.RaftServerConfigKeys (ConfUtils.java:logGet(46)) - raft.server.log.statemachine.data.sync = true (default)
2022-08-09 13:48:13,940 [pool-379-thread-1] INFO  server.RaftServerConfigKeys (ConfUtils.java:logGet(46)) - raft.server.log.statemachine.data.sync.timeout = 10s (default)
2022-08-09 13:48:13,940 [pool-379-thread-1] INFO  server.RaftServerConfigKeys (ConfUtils.java:logGet(46)) - raft.server.log.statemachine.data.sync.timeout.retry = -1 (default)
2022-08-09 13:48:13,941 [pool-379-thread-1] INFO  server.RaftServerConfigKeys (ConfUtils.java:logGet(46)) - raft.server.log.write.buffer.size = 1048576 (custom)
2022-08-09 13:48:13,941 [pool-379-thread-1] INFO  server.RaftServerConfigKeys (ConfUtils.java:logGet(46)) - raft.server.log.unsafe-flush.enabled = false (default)
2022-08-09 13:48:13,941 [pool-379-thread-1] INFO  server.RaftServerConfigKeys (ConfUtils.java:logGet(46)) - raft.server.log.statemachine.data.caching.enabled = true (custom)
2022-08-09 13:48:13,942 [pool-379-thread-1] INFO  segmented.SegmentedRaftLogWorker (SegmentedRaftLogWorker.java:lambda$new$0(135)) - 7eae729b-82ee-421b-843d-240299c4e56c@group-4D6438B63181-SegmentedRaftLogWorker: flushIndex: setUnconditionally 0 -> -1
2022-08-09 13:48:13,942 [pool-379-thread-1] INFO  segmented.SegmentedRaftLogWorker (SegmentedRaftLogWorker.java:lambda$new$0(135)) - 7eae729b-82ee-421b-843d-240299c4e56c@group-4D6438B63181-SegmentedRaftLogWorker: safeCacheEvictIndex: setUnconditionally 0 -> -1
2022-08-09 13:48:13,951 [pool-379-thread-1] INFO  server.RaftServerConfigKeys (ConfUtils.java:logGet(46)) - raft.server.snapshot.auto.trigger.enabled = true (custom)
2022-08-09 13:48:13,951 [pool-379-thread-1] INFO  server.RaftServerConfigKeys (ConfUtils.java:logGet(46)) - raft.server.snapshot.auto.trigger.threshold = 10000 (custom)
2022-08-09 13:48:13,951 [pool-379-thread-1] INFO  server.RaftServerConfigKeys (ConfUtils.java:logGet(46)) - raft.server.snapshot.retention.file.num = 5 (custom)
2022-08-09 13:48:13,951 [pool-379-thread-1] INFO  server.RaftServerConfigKeys (ConfUtils.java:logGet(46)) - raft.server.log.purge.upto.snapshot.index = false (default)
2022-08-09 13:48:13,952 [pool-379-thread-1] INFO  server.RaftServerConfigKeys (ConfUtils.java:logGet(46)) - raft.server.retrycache.expirytime = 600000ms (custom)
2022-08-09 13:48:13,952 [pool-379-thread-1] INFO  server.RaftServerConfigKeys (ConfUtils.java:logGet(46)) - raft.server.retrycache.statistics.expirytime = 100μs (default)
2022-08-09 13:48:13,953 [pool-379-thread-1] INFO  server.RaftServerConfigKeys (ConfUtils.java:logGet(46)) - raft.server.log.appender.install.snapshot.enabled = false (custom)
2022-08-09 13:48:13,953 [pool-379-thread-1] INFO  server.RaftServerConfigKeys (ConfUtils.java:logGet(46)) - raft.server.threadpool.server.cached = true (default)
2022-08-09 13:48:13,953 [pool-379-thread-1] INFO  server.RaftServerConfigKeys (ConfUtils.java:logGet(46)) - raft.server.threadpool.server.size = 0 (default)
2022-08-09 13:48:13,953 [pool-379-thread-1] INFO  server.RaftServerConfigKeys (ConfUtils.java:logGet(46)) - raft.server.threadpool.client.cached = true (default)
2022-08-09 13:48:13,953 [pool-379-thread-1] INFO  server.RaftServerConfigKeys (ConfUtils.java:logGet(46)) - raft.server.threadpool.client.size = 0 (default)
2022-08-09 13:48:13,953 [pool-379-thread-1] INFO  server.RaftServer$Division (RaftServerImpl.java:start(310)) - 7eae729b-82ee-421b-843d-240299c4e56c@group-4D6438B63181: start as a follower, conf=-1: [7eae729b-82ee-421b-843d-240299c4e56c|rpc:10.1.0.19:36615|priority:1], old=null
2022-08-09 13:48:13,953 [pool-379-thread-1] INFO  server.RaftServer$Division (RaftServerImpl.java:setRole(299)) - 7eae729b-82ee-421b-843d-240299c4e56c@group-4D6438B63181: changes role from      null to FOLLOWER at term 0 for startAsFollower
2022-08-09 13:48:13,953 [pool-379-thread-1] INFO  impl.RoleInfo (RoleInfo.java:updateAndGet(139)) - 7eae729b-82ee-421b-843d-240299c4e56c: start 7eae729b-82ee-421b-843d-240299c4e56c@group-4D6438B63181-FollowerState
2022-08-09 13:48:13,965 [pool-379-thread-1] INFO  util.JmxRegister (JmxRegister.java:tryRegister(44)) - Successfully registered JMX Bean with object name Ratis:service=RaftServer,group=group-4D6438B63181,id=7eae729b-82ee-421b-843d-240299c4e56c
2022-08-09 13:48:13,973 [Command processor thread] INFO  ratis.XceiverServerRatis (XceiverServerRatis.java:addGroup(765)) - Created group PipelineID=34ece154-41ea-438e-82f1-4d6438b63181
2022-08-09 13:48:13,973 [Command processor thread] INFO  commandhandler.CreatePipelineCommandHandler (CreatePipelineCommandHandler.java:handle(113)) - Created Pipeline RATIS ONE PipelineID=34ece154-41ea-438e-82f1-4d6438b63181.
2022-08-09 13:48:14,652 [Listener at 127.0.0.1/34619] INFO  ozone.MiniOzoneClusterImpl (MiniOzoneClusterImpl.java:lambda$waitForClusterToBeReady$0(216)) - Nodes are ready. Got 5 of 5 DN Heartbeats.
2022-08-09 13:48:14,652 [Listener at 127.0.0.1/34619] INFO  ozone.MiniOzoneClusterImpl (MiniOzoneClusterImpl.java:lambda$waitForClusterToBeReady$0(219)) - Waiting for cluster to exit safe mode
2022-08-09 13:48:14,652 [Listener at 127.0.0.1/34619] INFO  ozone.MiniOzoneClusterImpl (MiniOzoneClusterImpl.java:lambda$waitForClusterToBeReady$0(221)) - SCM became leader
2022-08-09 13:48:14,770 [Command processor thread] INFO  server.RaftServer (RaftServerProxy.java:addNew(96)) - c412bf5e-d18f-42ba-b8b3-b8fb93465f91: addNew group-3B22E2B050CC:[c412bf5e-d18f-42ba-b8b3-b8fb93465f91|rpc:10.1.0.19:41673|priority:1] returns group-3B22E2B050CC:java.util.concurrent.CompletableFuture@4ce0edf1[Not completed]
2022-08-09 13:48:14,786 [pool-402-thread-1] INFO  server.RaftServer$Division (RaftServerImpl.java:<init>(190)) - c412bf5e-d18f-42ba-b8b3-b8fb93465f91: new RaftServerImpl for group-3B22E2B050CC:[c412bf5e-d18f-42ba-b8b3-b8fb93465f91|rpc:10.1.0.19:41673|priority:1] with ContainerStateMachine:uninitialized
2022-08-09 13:48:14,787 [pool-402-thread-1] INFO  server.RaftServerConfigKeys (ConfUtils.java:logGet(46)) - raft.server.rpc.timeout.min = 5s (custom)
2022-08-09 13:48:14,787 [pool-402-thread-1] INFO  server.RaftServerConfigKeys (ConfUtils.java:logGet(46)) - raft.server.rpc.timeout.max = 5200ms (custom)
2022-08-09 13:48:14,787 [pool-402-thread-1] INFO  server.RaftServerConfigKeys (ConfUtils.java:logGet(46)) - raft.server.rpc.sleep.time = 25ms (default)
2022-08-09 13:48:14,787 [pool-402-thread-1] INFO  server.RaftServerConfigKeys (ConfUtils.java:logGet(46)) - raft.server.rpc.slowness.timeout = 300s (custom)
2022-08-09 13:48:14,787 [pool-402-thread-1] INFO  server.RaftServerConfigKeys (ConfUtils.java:logGet(46)) - raft.server.leaderelection.leader.step-down.wait-time = 10s (default)
2022-08-09 13:48:14,787 [pool-402-thread-1] INFO  server.RaftServerConfigKeys (ConfUtils.java:logGet(46)) - raft.server.sleep.deviation.threshold = 300ms (default)
2022-08-09 13:48:14,787 [pool-402-thread-1] INFO  server.RaftServer$Division (ServerState.java:<init>(107)) - c412bf5e-d18f-42ba-b8b3-b8fb93465f91@group-3B22E2B050CC: ConfigurationManager, init=-1: [c412bf5e-d18f-42ba-b8b3-b8fb93465f91|rpc:10.1.0.19:41673|priority:1], old=null, confs=<EMPTY_MAP>
2022-08-09 13:48:14,787 [pool-402-thread-1] INFO  server.RaftServerConfigKeys (ConfUtils.java:logGet(46)) - raft.server.storage.dir = [/home/runner/work/ozone/ozone/hadoop-ozone/integration-test/target/test-dir/MiniOzoneClusterImpl-47423824-61ae-4caf-b360-a3644823e0d5/datanode-3/data/ratis] (custom)
2022-08-09 13:48:14,787 [pool-402-thread-1] INFO  server.RaftServerConfigKeys (ConfUtils.java:logGet(46)) - raft.server.log.corruption.policy = EXCEPTION (default)
2022-08-09 13:48:14,787 [pool-402-thread-1] INFO  server.RaftServerConfigKeys (ConfUtils.java:logGet(46)) - raft.server.storage.free-space.min = 0MB (=0) (default)
2022-08-09 13:48:14,787 [pool-402-thread-1] INFO  storage.RaftStorageDirectory (RaftStorageDirectoryImpl.java:analyzeStorage(135)) - The storage directory /home/runner/work/ozone/ozone/hadoop-ozone/integration-test/target/test-dir/MiniOzoneClusterImpl-47423824-61ae-4caf-b360-a3644823e0d5/datanode-3/data/ratis/5b12f820-65e4-49c7-ac52-3b22e2b050cc does not exist. Creating ...
2022-08-09 13:48:14,792 [pool-402-thread-1] INFO  storage.RaftStorageDirectory (RaftStorageDirectoryImpl.java:tryLock(230)) - Lock on /home/runner/work/ozone/ozone/hadoop-ozone/integration-test/target/test-dir/MiniOzoneClusterImpl-47423824-61ae-4caf-b360-a3644823e0d5/datanode-3/data/ratis/5b12f820-65e4-49c7-ac52-3b22e2b050cc/in_use.lock acquired by nodename 10574@fv-az450-466
2022-08-09 13:48:14,797 [pool-402-thread-1] INFO  storage.RaftStorage (RaftStorageImpl.java:format(89)) - Storage directory /home/runner/work/ozone/ozone/hadoop-ozone/integration-test/target/test-dir/MiniOzoneClusterImpl-47423824-61ae-4caf-b360-a3644823e0d5/datanode-3/data/ratis/5b12f820-65e4-49c7-ac52-3b22e2b050cc has been successfully formatted.
2022-08-09 13:48:14,809 [pool-402-thread-1] INFO  ratis.ContainerStateMachine (ContainerStateMachine.java:loadSnapshot(236)) - group-3B22E2B050CC: The snapshot info is null. Setting the last applied indexto:(t:0, i:~)
2022-08-09 13:48:14,809 [pool-402-thread-1] INFO  server.RaftServerConfigKeys (ConfUtils.java:logGet(46)) - raft.server.notification.no-leader.timeout = 300s (custom)
2022-08-09 13:48:14,809 [pool-402-thread-1] INFO  server.RaftServerConfigKeys (ConfUtils.java:logGet(46)) - raft.server.log.use.memory = false (default)
2022-08-09 13:48:14,809 [pool-402-thread-1] INFO  server.RaftServerConfigKeys (ConfUtils.java:logGet(46)) - raft.server.log.purge.gap = 1000000 (custom)
2022-08-09 13:48:14,809 [pool-402-thread-1] INFO  server.RaftServerConfigKeys (ConfUtils.java:logGet(46)) - raft.server.log.appender.buffer.byte-limit = 33554432 (custom)
2022-08-09 13:48:14,809 [pool-402-thread-1] INFO  server.RaftServerConfigKeys (ConfUtils.java:logGet(46)) - raft.server.log.statemachine.data.read.timeout = 1000ms (default)
2022-08-09 13:48:14,810 [pool-402-thread-1] INFO  server.RaftServerConfigKeys (ConfUtils.java:logGet(46)) - raft.server.log.segment.size.max = 1048576 (custom)
2022-08-09 13:48:14,810 [pool-402-thread-1] INFO  server.RaftServerConfigKeys (ConfUtils.java:logGet(46)) - raft.server.log.segment.cache.num.max = 2 (custom)
2022-08-09 13:48:14,810 [pool-402-thread-1] INFO  server.RaftServerConfigKeys (ConfUtils.java:logGet(46)) - raft.server.log.segment.cache.size.max = 200MB (=209715200) (default)
2022-08-09 13:48:14,810 [pool-402-thread-1] INFO  segmented.SegmentedRaftLogWorker (SegmentedRaftLogWorker.java:<init>(187)) - new c412bf5e-d18f-42ba-b8b3-b8fb93465f91@group-3B22E2B050CC-SegmentedRaftLogWorker for RaftStorageImpl:Storage Directory /home/runner/work/ozone/ozone/hadoop-ozone/integration-test/target/test-dir/MiniOzoneClusterImpl-47423824-61ae-4caf-b360-a3644823e0d5/datanode-3/data/ratis/5b12f820-65e4-49c7-ac52-3b22e2b050cc
2022-08-09 13:48:14,810 [pool-402-thread-1] INFO  server.RaftServerConfigKeys (ConfUtils.java:logGet(46)) - raft.server.log.queue.byte-limit = 4294967296 (custom)
2022-08-09 13:48:14,810 [pool-402-thread-1] INFO  server.RaftServerConfigKeys (ConfUtils.java:logGet(46)) - raft.server.log.queue.element-limit = 1024 (custom)
2022-08-09 13:48:14,810 [pool-402-thread-1] INFO  server.RaftServerConfigKeys (ConfUtils.java:logGet(46)) - raft.server.log.segment.size.max = 1048576 (custom)
2022-08-09 13:48:14,810 [pool-402-thread-1] INFO  server.RaftServerConfigKeys (ConfUtils.java:logGet(46)) - raft.server.log.preallocated.size = 16384 (custom)
2022-08-09 13:48:14,810 [pool-402-thread-1] INFO  server.RaftServerConfigKeys (ConfUtils.java:logGet(46)) - raft.server.log.force.sync.num = 128 (default)
2022-08-09 13:48:14,810 [pool-402-thread-1] INFO  server.RaftServerConfigKeys (ConfUtils.java:logGet(46)) - raft.server.log.statemachine.data.sync = true (default)
2022-08-09 13:48:14,810 [pool-402-thread-1] INFO  server.RaftServerConfigKeys (ConfUtils.java:logGet(46)) - raft.server.log.statemachine.data.sync.timeout = 10s (default)
2022-08-09 13:48:14,810 [pool-402-thread-1] INFO  server.RaftServerConfigKeys (ConfUtils.java:logGet(46)) - raft.server.log.statemachine.data.sync.timeout.retry = -1 (default)
2022-08-09 13:48:14,811 [pool-402-thread-1] INFO  server.RaftServerConfigKeys (ConfUtils.java:logGet(46)) - raft.server.log.write.buffer.size = 1048576 (custom)
2022-08-09 13:48:14,811 [pool-402-thread-1] INFO  server.RaftServerConfigKeys (ConfUtils.java:logGet(46)) - raft.server.log.unsafe-flush.enabled = false (default)
2022-08-09 13:48:14,811 [pool-402-thread-1] INFO  server.RaftServerConfigKeys (ConfUtils.java:logGet(46)) - raft.server.log.statemachine.data.caching.enabled = true (custom)
2022-08-09 13:48:14,812 [pool-402-thread-1] INFO  segmented.SegmentedRaftLogWorker (SegmentedRaftLogWorker.java:lambda$new$0(135)) - c412bf5e-d18f-42ba-b8b3-b8fb93465f91@group-3B22E2B050CC-SegmentedRaftLogWorker: flushIndex: setUnconditionally 0 -> -1
2022-08-09 13:48:14,812 [pool-402-thread-1] INFO  segmented.SegmentedRaftLogWorker (SegmentedRaftLogWorker.java:lambda$new$0(135)) - c412bf5e-d18f-42ba-b8b3-b8fb93465f91@group-3B22E2B050CC-SegmentedRaftLogWorker: safeCacheEvictIndex: setUnconditionally 0 -> -1
2022-08-09 13:48:14,815 [EventQueue-PipelineReportForPipelineReportHandler] INFO  pipeline.PipelineManagerImpl (PipelineManagerImpl.java:openPipeline(367)) - Pipeline Pipeline[ Id: 5b12f820-65e4-49c7-ac52-3b22e2b050cc, Nodes: c412bf5e-d18f-42ba-b8b3-b8fb93465f91{ip: 10.1.0.19, host: fv-az450-466.jnfmftgkylze5hd05chtbp1i0a.dx.internal.cloudapp.net, ports: [REPLICATION=44355, RATIS=41673, RATIS_ADMIN=41673, RATIS_SERVER=41673, STANDALONE=46261], networkLocation: /default-rack, certSerialId: null, persistedOpState: IN_SERVICE, persistedOpStateExpiryEpochSec: 0}, ReplicationConfig: RATIS/ONE, State:ALLOCATED, leaderId:c412bf5e-d18f-42ba-b8b3-b8fb93465f91, CreationTimestamp2022-08-09T13:48:11.772Z[Etc/UTC]] moved to OPEN state
2022-08-09 13:48:14,815 [EventQueue-OpenPipelineForHealthyPipelineSafeModeRule] INFO  safemode.SCMSafeModeManager (HealthyPipelineSafeModeRule.java:process(137)) - SCM in safe mode. Healthy pipelines reported count is 0, required healthy pipeline reported count is 1
2022-08-09 13:48:14,841 [pool-402-thread-1] INFO  server.RaftServerConfigKeys (ConfUtils.java:logGet(46)) - raft.server.snapshot.auto.trigger.enabled = true (custom)
2022-08-09 13:48:14,841 [pool-402-thread-1] INFO  server.RaftServerConfigKeys (ConfUtils.java:logGet(46)) - raft.server.snapshot.auto.trigger.threshold = 10000 (custom)
2022-08-09 13:48:14,841 [pool-402-thread-1] INFO  server.RaftServerConfigKeys (ConfUtils.java:logGet(46)) - raft.server.snapshot.retention.file.num = 5 (custom)
2022-08-09 13:48:14,841 [pool-402-thread-1] INFO  server.RaftServerConfigKeys (ConfUtils.java:logGet(46)) - raft.server.log.purge.upto.snapshot.index = false (default)
2022-08-09 13:48:14,841 [pool-402-thread-1] INFO  server.RaftServerConfigKeys (ConfUtils.java:logGet(46)) - raft.server.retrycache.expirytime = 600000ms (custom)
2022-08-09 13:48:14,841 [pool-402-thread-1] INFO  server.RaftServerConfigKeys (ConfUtils.java:logGet(46)) - raft.server.retrycache.statistics.expirytime = 100μs (default)
2022-08-09 13:48:14,842 [pool-402-thread-1] INFO  server.RaftServerConfigKeys (ConfUtils.java:logGet(46)) - raft.server.log.appender.install.snapshot.enabled = false (custom)
2022-08-09 13:48:14,842 [pool-402-thread-1] INFO  server.RaftServerConfigKeys (ConfUtils.java:logGet(46)) - raft.server.threadpool.server.cached = true (default)
2022-08-09 13:48:14,842 [pool-402-thread-1] INFO  server.RaftServerConfigKeys (ConfUtils.java:logGet(46)) - raft.server.threadpool.server.size = 0 (default)
2022-08-09 13:48:14,842 [pool-402-thread-1] INFO  server.RaftServerConfigKeys (ConfUtils.java:logGet(46)) - raft.server.threadpool.client.cached = true (default)
2022-08-09 13:48:14,842 [pool-402-thread-1] INFO  server.RaftServerConfigKeys (ConfUtils.java:logGet(46)) - raft.server.threadpool.client.size = 0 (default)
2022-08-09 13:48:14,842 [pool-402-thread-1] INFO  server.RaftServer$Division (RaftServerImpl.java:start(310)) - c412bf5e-d18f-42ba-b8b3-b8fb93465f91@group-3B22E2B050CC: start as a follower, conf=-1: [c412bf5e-d18f-42ba-b8b3-b8fb93465f91|rpc:10.1.0.19:41673|priority:1], old=null
2022-08-09 13:48:14,842 [pool-402-thread-1] INFO  server.RaftServer$Division (RaftServerImpl.java:setRole(299)) - c412bf5e-d18f-42ba-b8b3-b8fb93465f91@group-3B22E2B050CC: changes role from      null to FOLLOWER at term 0 for startAsFollower
2022-08-09 13:48:14,843 [pool-402-thread-1] INFO  impl.RoleInfo (RoleInfo.java:updateAndGet(139)) - c412bf5e-d18f-42ba-b8b3-b8fb93465f91: start c412bf5e-d18f-42ba-b8b3-b8fb93465f91@group-3B22E2B050CC-FollowerState
2022-08-09 13:48:14,843 [pool-402-thread-1] INFO  util.JmxRegister (JmxRegister.java:tryRegister(44)) - Successfully registered JMX Bean with object name Ratis:service=RaftServer,group=group-3B22E2B050CC,id=c412bf5e-d18f-42ba-b8b3-b8fb93465f91
2022-08-09 13:48:14,843 [Command processor thread] INFO  ratis.XceiverServerRatis (XceiverServerRatis.java:addGroup(765)) - Created group PipelineID=5b12f820-65e4-49c7-ac52-3b22e2b050cc
2022-08-09 13:48:14,844 [Command processor thread] INFO  commandhandler.CreatePipelineCommandHandler (CreatePipelineCommandHandler.java:handle(113)) - Created Pipeline RATIS ONE PipelineID=5b12f820-65e4-49c7-ac52-3b22e2b050cc.
2022-08-09 13:48:15,652 [Listener at 127.0.0.1/34619] INFO  ozone.MiniOzoneClusterImpl (MiniOzoneClusterImpl.java:lambda$waitForClusterToBeReady$0(216)) - Nodes are ready. Got 5 of 5 DN Heartbeats.
2022-08-09 13:48:15,653 [Listener at 127.0.0.1/34619] INFO  ozone.MiniOzoneClusterImpl (MiniOzoneClusterImpl.java:lambda$waitForClusterToBeReady$0(219)) - Waiting for cluster to exit safe mode
2022-08-09 13:48:15,653 [Listener at 127.0.0.1/34619] INFO  ozone.MiniOzoneClusterImpl (MiniOzoneClusterImpl.java:lambda$waitForClusterToBeReady$0(221)) - SCM became leader
2022-08-09 13:48:15,678 [Command processor thread] INFO  server.RaftServer (RaftServerProxy.java:addNew(96)) - e91f8b27-0fc3-4f4d-ba73-1916ce0a206a: addNew group-86C5355C45A4:[e91f8b27-0fc3-4f4d-ba73-1916ce0a206a|rpc:10.1.0.19:33393|priority:1] returns group-86C5355C45A4:java.util.concurrent.CompletableFuture@221acf21[Not completed]
2022-08-09 13:48:15,691 [pool-429-thread-1] INFO  server.RaftServer$Division (RaftServerImpl.java:<init>(190)) - e91f8b27-0fc3-4f4d-ba73-1916ce0a206a: new RaftServerImpl for group-86C5355C45A4:[e91f8b27-0fc3-4f4d-ba73-1916ce0a206a|rpc:10.1.0.19:33393|priority:1] with ContainerStateMachine:uninitialized
2022-08-09 13:48:15,691 [pool-429-thread-1] INFO  server.RaftServerConfigKeys (ConfUtils.java:logGet(46)) - raft.server.rpc.timeout.min = 5s (custom)
2022-08-09 13:48:15,691 [pool-429-thread-1] INFO  server.RaftServerConfigKeys (ConfUtils.java:logGet(46)) - raft.server.rpc.timeout.max = 5200ms (custom)
2022-08-09 13:48:15,691 [pool-429-thread-1] INFO  server.RaftServerConfigKeys (ConfUtils.java:logGet(46)) - raft.server.rpc.sleep.time = 25ms (default)
2022-08-09 13:48:15,691 [pool-429-thread-1] INFO  server.RaftServerConfigKeys (ConfUtils.java:logGet(46)) - raft.server.rpc.slowness.timeout = 300s (custom)
2022-08-09 13:48:15,691 [pool-429-thread-1] INFO  server.RaftServerConfigKeys (ConfUtils.java:logGet(46)) - raft.server.leaderelection.leader.step-down.wait-time = 10s (default)
2022-08-09 13:48:15,692 [pool-429-thread-1] INFO  server.RaftServerConfigKeys (ConfUtils.java:logGet(46)) - raft.server.sleep.deviation.threshold = 300ms (default)
2022-08-09 13:48:15,692 [pool-429-thread-1] INFO  server.RaftServer$Division (ServerState.java:<init>(107)) - e91f8b27-0fc3-4f4d-ba73-1916ce0a206a@group-86C5355C45A4: ConfigurationManager, init=-1: [e91f8b27-0fc3-4f4d-ba73-1916ce0a206a|rpc:10.1.0.19:33393|priority:1], old=null, confs=<EMPTY_MAP>
2022-08-09 13:48:15,692 [pool-429-thread-1] INFO  server.RaftServerConfigKeys (ConfUtils.java:logGet(46)) - raft.server.storage.dir = [/home/runner/work/ozone/ozone/hadoop-ozone/integration-test/target/test-dir/MiniOzoneClusterImpl-47423824-61ae-4caf-b360-a3644823e0d5/datanode-4/data/ratis] (custom)
2022-08-09 13:48:15,692 [pool-429-thread-1] INFO  server.RaftServerConfigKeys (ConfUtils.java:logGet(46)) - raft.server.log.corruption.policy = EXCEPTION (default)
2022-08-09 13:48:15,692 [pool-429-thread-1] INFO  server.RaftServerConfigKeys (ConfUtils.java:logGet(46)) - raft.server.storage.free-space.min = 0MB (=0) (default)
2022-08-09 13:48:15,692 [pool-429-thread-1] INFO  storage.RaftStorageDirectory (RaftStorageDirectoryImpl.java:analyzeStorage(135)) - The storage directory /home/runner/work/ozone/ozone/hadoop-ozone/integration-test/target/test-dir/MiniOzoneClusterImpl-47423824-61ae-4caf-b360-a3644823e0d5/datanode-4/data/ratis/f3e333ce-8a34-48d3-b596-86c5355c45a4 does not exist. Creating ...
2022-08-09 13:48:15,693 [pool-429-thread-1] INFO  storage.RaftStorageDirectory (RaftStorageDirectoryImpl.java:tryLock(230)) - Lock on /home/runner/work/ozone/ozone/hadoop-ozone/integration-test/target/test-dir/MiniOzoneClusterImpl-47423824-61ae-4caf-b360-a3644823e0d5/datanode-4/data/ratis/f3e333ce-8a34-48d3-b596-86c5355c45a4/in_use.lock acquired by nodename 10574@fv-az450-466
2022-08-09 13:48:15,696 [pool-429-thread-1] INFO  storage.RaftStorage (RaftStorageImpl.java:format(89)) - Storage directory /home/runner/work/ozone/ozone/hadoop-ozone/integration-test/target/test-dir/MiniOzoneClusterImpl-47423824-61ae-4caf-b360-a3644823e0d5/datanode-4/data/ratis/f3e333ce-8a34-48d3-b596-86c5355c45a4 has been successfully formatted.
2022-08-09 13:48:15,705 [pool-429-thread-1] INFO  ratis.ContainerStateMachine (ContainerStateMachine.java:loadSnapshot(236)) - group-86C5355C45A4: The snapshot info is null. Setting the last applied indexto:(t:0, i:~)
2022-08-09 13:48:15,705 [pool-429-thread-1] INFO  server.RaftServerConfigKeys (ConfUtils.java:logGet(46)) - raft.server.notification.no-leader.timeout = 300s (custom)
2022-08-09 13:48:15,705 [pool-429-thread-1] INFO  server.RaftServerConfigKeys (ConfUtils.java:logGet(46)) - raft.server.log.use.memory = false (default)
2022-08-09 13:48:15,705 [pool-429-thread-1] INFO  server.RaftServerConfigKeys (ConfUtils.java:logGet(46)) - raft.server.log.purge.gap = 1000000 (custom)
2022-08-09 13:48:15,705 [pool-429-thread-1] INFO  server.RaftServerConfigKeys (ConfUtils.java:logGet(46)) - raft.server.log.appender.buffer.byte-limit = 33554432 (custom)
2022-08-09 13:48:15,705 [pool-429-thread-1] INFO  server.RaftServerConfigKeys (ConfUtils.java:logGet(46)) - raft.server.log.statemachine.data.read.timeout = 1000ms (default)
2022-08-09 13:48:15,705 [pool-429-thread-1] INFO  server.RaftServerConfigKeys (ConfUtils.java:logGet(46)) - raft.server.log.segment.size.max = 1048576 (custom)
2022-08-09 13:48:15,706 [pool-429-thread-1] INFO  server.RaftServerConfigKeys (ConfUtils.java:logGet(46)) - raft.server.log.segment.cache.num.max = 2 (custom)
2022-08-09 13:48:15,706 [pool-429-thread-1] INFO  server.RaftServerConfigKeys (ConfUtils.java:logGet(46)) - raft.server.log.segment.cache.size.max = 200MB (=209715200) (default)
2022-08-09 13:48:15,706 [pool-429-thread-1] INFO  segmented.SegmentedRaftLogWorker (SegmentedRaftLogWorker.java:<init>(187)) - new e91f8b27-0fc3-4f4d-ba73-1916ce0a206a@group-86C5355C45A4-SegmentedRaftLogWorker for RaftStorageImpl:Storage Directory /home/runner/work/ozone/ozone/hadoop-ozone/integration-test/target/test-dir/MiniOzoneClusterImpl-47423824-61ae-4caf-b360-a3644823e0d5/datanode-4/data/ratis/f3e333ce-8a34-48d3-b596-86c5355c45a4
2022-08-09 13:48:15,706 [pool-429-thread-1] INFO  server.RaftServerConfigKeys (ConfUtils.java:logGet(46)) - raft.server.log.queue.byte-limit = 4294967296 (custom)
2022-08-09 13:48:15,706 [pool-429-thread-1] INFO  server.RaftServerConfigKeys (ConfUtils.java:logGet(46)) - raft.server.log.queue.element-limit = 1024 (custom)
2022-08-09 13:48:15,706 [pool-429-thread-1] INFO  server.RaftServerConfigKeys (ConfUtils.java:logGet(46)) - raft.server.log.segment.size.max = 1048576 (custom)
2022-08-09 13:48:15,706 [pool-429-thread-1] INFO  server.RaftServerConfigKeys (ConfUtils.java:logGet(46)) - raft.server.log.preallocated.size = 16384 (custom)
2022-08-09 13:48:15,706 [pool-429-thread-1] INFO  server.RaftServerConfigKeys (ConfUtils.java:logGet(46)) - raft.server.log.force.sync.num = 128 (default)
2022-08-09 13:48:15,706 [pool-429-thread-1] INFO  server.RaftServerConfigKeys (ConfUtils.java:logGet(46)) - raft.server.log.statemachine.data.sync = true (default)
2022-08-09 13:48:15,706 [pool-429-thread-1] INFO  server.RaftServerConfigKeys (ConfUtils.java:logGet(46)) - raft.server.log.statemachine.data.sync.timeout = 10s (default)
2022-08-09 13:48:15,706 [pool-429-thread-1] INFO  server.RaftServerConfigKeys (ConfUtils.java:logGet(46)) - raft.server.log.statemachine.data.sync.timeout.retry = -1 (default)
2022-08-09 13:48:15,707 [pool-429-thread-1] INFO  server.RaftServerConfigKeys (ConfUtils.java:logGet(46)) - raft.server.log.write.buffer.size = 1048576 (custom)
2022-08-09 13:48:15,707 [pool-429-thread-1] INFO  server.RaftServerConfigKeys (ConfUtils.java:logGet(46)) - raft.server.log.unsafe-flush.enabled = false (default)
2022-08-09 13:48:15,707 [pool-429-thread-1] INFO  server.RaftServerConfigKeys (ConfUtils.java:logGet(46)) - raft.server.log.statemachine.data.caching.enabled = true (custom)
2022-08-09 13:48:15,707 [pool-429-thread-1] INFO  segmented.SegmentedRaftLogWorker (SegmentedRaftLogWorker.java:lambda$new$0(135)) - e91f8b27-0fc3-4f4d-ba73-1916ce0a206a@group-86C5355C45A4-SegmentedRaftLogWorker: flushIndex: setUnconditionally 0 -> -1
2022-08-09 13:48:15,707 [pool-429-thread-1] INFO  segmented.SegmentedRaftLogWorker (SegmentedRaftLogWorker.java:lambda$new$0(135)) - e91f8b27-0fc3-4f4d-ba73-1916ce0a206a@group-86C5355C45A4-SegmentedRaftLogWorker: safeCacheEvictIndex: setUnconditionally 0 -> -1
2022-08-09 13:48:15,710 [pool-429-thread-1] INFO  server.RaftServerConfigKeys (ConfUtils.java:logGet(46)) - raft.server.snapshot.auto.trigger.enabled = true (custom)
2022-08-09 13:48:15,710 [pool-429-thread-1] INFO  server.RaftServerConfigKeys (ConfUtils.java:logGet(46)) - raft.server.snapshot.auto.trigger.threshold = 10000 (custom)
2022-08-09 13:48:15,710 [pool-429-thread-1] INFO  server.RaftServerConfigKeys (ConfUtils.java:logGet(46)) - raft.server.snapshot.retention.file.num = 5 (custom)
2022-08-09 13:48:15,710 [pool-429-thread-1] INFO  server.RaftServerConfigKeys (ConfUtils.java:logGet(46)) - raft.server.log.purge.upto.snapshot.index = false (default)
2022-08-09 13:48:15,710 [pool-429-thread-1] INFO  server.RaftServerConfigKeys (ConfUtils.java:logGet(46)) - raft.server.retrycache.expirytime = 600000ms (custom)
2022-08-09 13:48:15,710 [pool-429-thread-1] INFO  server.RaftServerConfigKeys (ConfUtils.java:logGet(46)) - raft.server.retrycache.statistics.expirytime = 100μs (default)
2022-08-09 13:48:15,711 [EventQueue-PipelineReportForPipelineReportHandler] INFO  pipeline.PipelineManagerImpl (PipelineManagerImpl.java:openPipeline(367)) - Pipeline Pipeline[ Id: f3e333ce-8a34-48d3-b596-86c5355c45a4, Nodes: e91f8b27-0fc3-4f4d-ba73-1916ce0a206a{ip: 10.1.0.19, host: fv-az450-466.jnfmftgkylze5hd05chtbp1i0a.dx.internal.cloudapp.net, ports: [REPLICATION=45601, RATIS=33393, RATIS_ADMIN=33393, RATIS_SERVER=33393, STANDALONE=36607], networkLocation: /default-rack, certSerialId: null, persistedOpState: IN_SERVICE, persistedOpStateExpiryEpochSec: 0}, ReplicationConfig: RATIS/ONE, State:ALLOCATED, leaderId:e91f8b27-0fc3-4f4d-ba73-1916ce0a206a, CreationTimestamp2022-08-09T13:48:12.676Z[Etc/UTC]] moved to OPEN state
2022-08-09 13:48:15,711 [EventQueue-OpenPipelineForHealthyPipelineSafeModeRule] INFO  safemode.SCMSafeModeManager (HealthyPipelineSafeModeRule.java:process(137)) - SCM in safe mode. Healthy pipelines reported count is 0, required healthy pipeline reported count is 1
2022-08-09 13:48:15,712 [pool-429-thread-1] INFO  server.RaftServerConfigKeys (ConfUtils.java:logGet(46)) - raft.server.log.appender.install.snapshot.enabled = false (custom)
2022-08-09 13:48:15,712 [pool-429-thread-1] INFO  server.RaftServerConfigKeys (ConfUtils.java:logGet(46)) - raft.server.threadpool.server.cached = true (default)
2022-08-09 13:48:15,712 [pool-429-thread-1] INFO  server.RaftServerConfigKeys (ConfUtils.java:logGet(46)) - raft.server.threadpool.server.size = 0 (default)
2022-08-09 13:48:15,712 [pool-429-thread-1] INFO  server.RaftServerConfigKeys (ConfUtils.java:logGet(46)) - raft.server.threadpool.client.cached = true (default)
2022-08-09 13:48:15,712 [pool-429-thread-1] INFO  server.RaftServerConfigKeys (ConfUtils.java:logGet(46)) - raft.server.threadpool.client.size = 0 (default)
2022-08-09 13:48:15,712 [pool-429-thread-1] INFO  server.RaftServer$Division (RaftServerImpl.java:start(310)) - e91f8b27-0fc3-4f4d-ba73-1916ce0a206a@group-86C5355C45A4: start as a follower, conf=-1: [e91f8b27-0fc3-4f4d-ba73-1916ce0a206a|rpc:10.1.0.19:33393|priority:1], old=null
2022-08-09 13:48:15,712 [pool-429-thread-1] INFO  server.RaftServer$Division (RaftServerImpl.java:setRole(299)) - e91f8b27-0fc3-4f4d-ba73-1916ce0a206a@group-86C5355C45A4: changes role from      null to FOLLOWER at term 0 for startAsFollower
2022-08-09 13:48:15,712 [pool-429-thread-1] INFO  impl.RoleInfo (RoleInfo.java:updateAndGet(139)) - e91f8b27-0fc3-4f4d-ba73-1916ce0a206a: start e91f8b27-0fc3-4f4d-ba73-1916ce0a206a@group-86C5355C45A4-FollowerState
2022-08-09 13:48:15,720 [pool-429-thread-1] INFO  util.JmxRegister (JmxRegister.java:tryRegister(44)) - Successfully registered JMX Bean with object name Ratis:service=RaftServer,group=group-86C5355C45A4,id=e91f8b27-0fc3-4f4d-ba73-1916ce0a206a
2022-08-09 13:48:15,731 [Command processor thread] INFO  ratis.XceiverServerRatis (XceiverServerRatis.java:addGroup(765)) - Created group PipelineID=f3e333ce-8a34-48d3-b596-86c5355c45a4
2022-08-09 13:48:15,731 [Command processor thread] INFO  commandhandler.CreatePipelineCommandHandler (CreatePipelineCommandHandler.java:handle(113)) - Created Pipeline RATIS ONE PipelineID=f3e333ce-8a34-48d3-b596-86c5355c45a4.
2022-08-09 13:48:16,653 [Listener at 127.0.0.1/34619] INFO  ozone.MiniOzoneClusterImpl (MiniOzoneClusterImpl.java:lambda$waitForClusterToBeReady$0(216)) - Nodes are ready. Got 5 of 5 DN Heartbeats.
2022-08-09 13:48:16,653 [Listener at 127.0.0.1/34619] INFO  ozone.MiniOzoneClusterImpl (MiniOzoneClusterImpl.java:lambda$waitForClusterToBeReady$0(219)) - Waiting for cluster to exit safe mode
2022-08-09 13:48:16,653 [Listener at 127.0.0.1/34619] INFO  ozone.MiniOzoneClusterImpl (MiniOzoneClusterImpl.java:lambda$waitForClusterToBeReady$0(221)) - SCM became leader
2022-08-09 13:48:17,653 [Listener at 127.0.0.1/34619] INFO  ozone.MiniOzoneClusterImpl (MiniOzoneClusterImpl.java:lambda$waitForClusterToBeReady$0(216)) - Nodes are ready. Got 5 of 5 DN Heartbeats.
2022-08-09 13:48:17,654 [Listener at 127.0.0.1/34619] INFO  ozone.MiniOzoneClusterImpl (MiniOzoneClusterImpl.java:lambda$waitForClusterToBeReady$0(219)) - Waiting for cluster to exit safe mode
2022-08-09 13:48:17,654 [Listener at 127.0.0.1/34619] INFO  ozone.MiniOzoneClusterImpl (MiniOzoneClusterImpl.java:lambda$waitForClusterToBeReady$0(221)) - SCM became leader
2022-08-09 13:48:17,712 [3eae53bb-90ae-447f-858b-4086883680b9@group-408EF4FDE923-FollowerState] INFO  impl.FollowerState (FollowerState.java:run(143)) - 3eae53bb-90ae-447f-858b-4086883680b9@group-408EF4FDE923-FollowerState: change to CANDIDATE, lastRpcElapsedTime:5057586114ns, electionTimeout:5037ms
2022-08-09 13:48:17,712 [3eae53bb-90ae-447f-858b-4086883680b9@group-408EF4FDE923-FollowerState] INFO  impl.RoleInfo (RoleInfo.java:shutdownFollowerState(110)) - 3eae53bb-90ae-447f-858b-4086883680b9: shutdown 3eae53bb-90ae-447f-858b-4086883680b9@group-408EF4FDE923-FollowerState
2022-08-09 13:48:17,712 [3eae53bb-90ae-447f-858b-4086883680b9@group-408EF4FDE923-FollowerState] INFO  server.RaftServer$Division (RaftServerImpl.java:setRole(299)) - 3eae53bb-90ae-447f-858b-4086883680b9@group-408EF4FDE923: changes role from  FOLLOWER to CANDIDATE at term 0 for changeToCandidate
2022-08-09 13:48:17,712 [3eae53bb-90ae-447f-858b-4086883680b9@group-408EF4FDE923-FollowerState] INFO  server.RaftServerConfigKeys (ConfUtils.java:logGet(46)) - raft.server.leaderelection.pre-vote = false (custom)
2022-08-09 13:48:17,712 [3eae53bb-90ae-447f-858b-4086883680b9@group-408EF4FDE923-FollowerState] INFO  impl.RoleInfo (RoleInfo.java:updateAndGet(139)) - 3eae53bb-90ae-447f-858b-4086883680b9: start 3eae53bb-90ae-447f-858b-4086883680b9@group-408EF4FDE923-LeaderElection15
2022-08-09 13:48:17,741 [3eae53bb-90ae-447f-858b-4086883680b9@group-408EF4FDE923-LeaderElection15] INFO  impl.LeaderElection (LeaderElection.java:askForVotes(310)) - 3eae53bb-90ae-447f-858b-4086883680b9@group-408EF4FDE923-LeaderElection15 ELECTION round 0: submit vote requests at term 1 for -1: [3eae53bb-90ae-447f-858b-4086883680b9|rpc:10.1.0.19:38969|priority:1], old=null
2022-08-09 13:48:17,741 [3eae53bb-90ae-447f-858b-4086883680b9@group-408EF4FDE923-LeaderElection15] INFO  impl.LeaderElection (LeaderElection.java:askForVotes(312)) - 3eae53bb-90ae-447f-858b-4086883680b9@group-408EF4FDE923-LeaderElection15 ELECTION round 0: result PASSED (term=1)
2022-08-09 13:48:17,741 [3eae53bb-90ae-447f-858b-4086883680b9@group-408EF4FDE923-LeaderElection15] INFO  impl.RoleInfo (RoleInfo.java:shutdownLeaderElection(130)) - 3eae53bb-90ae-447f-858b-4086883680b9: shutdown 3eae53bb-90ae-447f-858b-4086883680b9@group-408EF4FDE923-LeaderElection15
2022-08-09 13:48:17,741 [3eae53bb-90ae-447f-858b-4086883680b9@group-408EF4FDE923-LeaderElection15] INFO  server.RaftServer$Division (RaftServerImpl.java:setRole(299)) - 3eae53bb-90ae-447f-858b-4086883680b9@group-408EF4FDE923: changes role from CANDIDATE to LEADER at term 1 for changeToLeader
2022-08-09 13:48:17,741 [3eae53bb-90ae-447f-858b-4086883680b9@group-408EF4FDE923-LeaderElection15] INFO  ratis.XceiverServerRatis (XceiverServerRatis.java:handleLeaderChangedNotification(863)) - Leader change notification received for group: group-408EF4FDE923 with new leaderId: 3eae53bb-90ae-447f-858b-4086883680b9
2022-08-09 13:48:17,742 [3eae53bb-90ae-447f-858b-4086883680b9@group-408EF4FDE923-LeaderElection15] INFO  server.RaftServer$Division (ServerState.java:setLeader(287)) - 3eae53bb-90ae-447f-858b-4086883680b9@group-408EF4FDE923: change Leader from null to 3eae53bb-90ae-447f-858b-4086883680b9 at term 1 for becomeLeader, leader elected after 5120ms
2022-08-09 13:48:17,742 [3eae53bb-90ae-447f-858b-4086883680b9@group-408EF4FDE923-LeaderElection15] INFO  server.RaftServerConfigKeys (ConfUtils.java:logGet(46)) - raft.server.staging.catchup.gap = 1000 (default)
2022-08-09 13:48:17,742 [3eae53bb-90ae-447f-858b-4086883680b9@group-408EF4FDE923-LeaderElection15] INFO  server.RaftServerConfigKeys (ConfUtils.java:logGet(46)) - raft.server.write.element-limit = 1024 (custom)
2022-08-09 13:48:17,742 [3eae53bb-90ae-447f-858b-4086883680b9@group-408EF4FDE923-LeaderElection15] INFO  server.RaftServerConfigKeys (ConfUtils.java:logGet(46)) - raft.server.write.byte-limit = 1024 M (=1073741824) (custom)
2022-08-09 13:48:17,742 [3eae53bb-90ae-447f-858b-4086883680b9@group-408EF4FDE923-LeaderElection15] INFO  server.RaftServerConfigKeys (ConfUtils.java:logGet(46)) - raft.server.watch.timeout = 180s (custom)
2022-08-09 13:48:17,742 [3eae53bb-90ae-447f-858b-4086883680b9@group-408EF4FDE923-LeaderElection15] INFO  server.RaftServerConfigKeys (ConfUtils.java:logGet(46)) - raft.server.watch.timeout.denomination = 1s (default)
2022-08-09 13:48:17,742 [3eae53bb-90ae-447f-858b-4086883680b9@group-408EF4FDE923-LeaderElection15] INFO  server.RaftServerConfigKeys (ConfUtils.java:logGet(46)) - raft.server.watch.element-limit = 65536 (default)
2022-08-09 13:48:17,742 [3eae53bb-90ae-447f-858b-4086883680b9@group-408EF4FDE923-LeaderElection15] INFO  server.RaftServerConfigKeys (ConfUtils.java:logGet(46)) - raft.server.write.element-limit = 1024 (custom)
2022-08-09 13:48:17,742 [3eae53bb-90ae-447f-858b-4086883680b9@group-408EF4FDE923-LeaderElection15] INFO  server.RaftServerConfigKeys (ConfUtils.java:logGet(46)) - raft.server.write.follower.gap.ratio.max = -1.0 (default)
2022-08-09 13:48:17,742 [3eae53bb-90ae-447f-858b-4086883680b9@group-408EF4FDE923-LeaderElection15] INFO  impl.RoleInfo (RoleInfo.java:updateAndGet(139)) - 3eae53bb-90ae-447f-858b-4086883680b9: start 3eae53bb-90ae-447f-858b-4086883680b9@group-408EF4FDE923-LeaderStateImpl
2022-08-09 13:48:17,743 [3eae53bb-90ae-447f-858b-4086883680b9@group-408EF4FDE923-LeaderElection15] INFO  segmented.SegmentedRaftLogWorker (SegmentedRaftLogWorker.java:startLogSegment(425)) - 3eae53bb-90ae-447f-858b-4086883680b9@group-408EF4FDE923-SegmentedRaftLogWorker: Starting segment from index:0
2022-08-09 13:48:17,746 [3eae53bb-90ae-447f-858b-4086883680b9@group-408EF4FDE923-SegmentedRaftLogWorker] INFO  segmented.SegmentedRaftLogWorker (SegmentedRaftLogWorker.java:execute(629)) - 3eae53bb-90ae-447f-858b-4086883680b9@group-408EF4FDE923-SegmentedRaftLogWorker: created new log segment /home/runner/work/ozone/ozone/hadoop-ozone/integration-test/target/test-dir/MiniOzoneClusterImpl-47423824-61ae-4caf-b360-a3644823e0d5/datanode-0/data/ratis/657dc190-b448-4dc5-969b-408ef4fde923/current/log_inprogress_0
2022-08-09 13:48:17,765 [EventQueue-OpenPipelineForHealthyPipelineSafeModeRule] INFO  safemode.SCMSafeModeManager (HealthyPipelineSafeModeRule.java:process(137)) - SCM in safe mode. Healthy pipelines reported count is 0, required healthy pipeline reported count is 1
2022-08-09 13:48:17,781 [3eae53bb-90ae-447f-858b-4086883680b9@group-408EF4FDE923-LeaderElection15] INFO  server.RaftServer$Division (ServerState.java:setRaftConf(393)) - 3eae53bb-90ae-447f-858b-4086883680b9@group-408EF4FDE923: set configuration 0: [3eae53bb-90ae-447f-858b-4086883680b9|rpc:10.1.0.19:38969|dataStream:|priority:1], old=null
2022-08-09 13:48:17,823 [3eae53bb-90ae-447f-858b-4086883680b9@group-D06DED371CF4-FollowerState] INFO  impl.FollowerState (FollowerState.java:run(143)) - 3eae53bb-90ae-447f-858b-4086883680b9@group-D06DED371CF4-FollowerState: change to CANDIDATE, lastRpcElapsedTime:5091296235ns, electionTimeout:5068ms
2022-08-09 13:48:17,823 [3eae53bb-90ae-447f-858b-4086883680b9@group-D06DED371CF4-FollowerState] INFO  impl.RoleInfo (RoleInfo.java:shutdownFollowerState(110)) - 3eae53bb-90ae-447f-858b-4086883680b9: shutdown 3eae53bb-90ae-447f-858b-4086883680b9@group-D06DED371CF4-FollowerState
2022-08-09 13:48:17,823 [3eae53bb-90ae-447f-858b-4086883680b9@group-D06DED371CF4-FollowerState] INFO  server.RaftServer$Division (RaftServerImpl.java:setRole(299)) - 3eae53bb-90ae-447f-858b-4086883680b9@group-D06DED371CF4: changes role from  FOLLOWER to CANDIDATE at term 0 for changeToCandidate
2022-08-09 13:48:17,823 [3eae53bb-90ae-447f-858b-4086883680b9@group-D06DED371CF4-FollowerState] INFO  server.RaftServerConfigKeys (ConfUtils.java:logGet(46)) - raft.server.leaderelection.pre-vote = false (custom)
2022-08-09 13:48:17,823 [3eae53bb-90ae-447f-858b-4086883680b9@group-D06DED371CF4-FollowerState] INFO  impl.RoleInfo (RoleInfo.java:updateAndGet(139)) - 3eae53bb-90ae-447f-858b-4086883680b9: start 3eae53bb-90ae-447f-858b-4086883680b9@group-D06DED371CF4-LeaderElection16
2022-08-09 13:48:17,864 [3eae53bb-90ae-447f-858b-4086883680b9@group-D06DED371CF4-LeaderElection16] INFO  impl.LeaderElection (LeaderElection.java:askForVotes(310)) - 3eae53bb-90ae-447f-858b-4086883680b9@group-D06DED371CF4-LeaderElection16 ELECTION round 0: submit vote requests at term 1 for -1: [7eae729b-82ee-421b-843d-240299c4e56c|rpc:10.1.0.19:36615|priority:0, 7ea02f52-0524-4638-b817-10339939da37|rpc:10.1.0.19:45003|priority:1, 3eae53bb-90ae-447f-858b-4086883680b9|rpc:10.1.0.19:38969|priority:0], old=null
2022-08-09 13:48:17,894 [grpc-default-executor-0] INFO  server.RaftServer$Division (RaftServerImpl.java:requestVote(1152)) - 7eae729b-82ee-421b-843d-240299c4e56c@group-D06DED371CF4: receive requestVote(ELECTION, 3eae53bb-90ae-447f-858b-4086883680b9, group-D06DED371CF4, 1, (t:0, i:0))
2022-08-09 13:48:17,894 [grpc-default-executor-0] INFO  impl.VoteContext (VoteContext.java:log(48)) - 7eae729b-82ee-421b-843d-240299c4e56c@group-D06DED371CF4-FOLLOWER: accept ELECTION from 3eae53bb-90ae-447f-858b-4086883680b9: our priority 0 <= candidate's priority 0
2022-08-09 13:48:17,894 [grpc-default-executor-0] INFO  server.RaftServer$Division (RaftServerImpl.java:setRole(299)) - 7eae729b-82ee-421b-843d-240299c4e56c@group-D06DED371CF4: changes role from  FOLLOWER to FOLLOWER at term 1 for candidate:3eae53bb-90ae-447f-858b-4086883680b9
2022-08-09 13:48:17,894 [grpc-default-executor-0] INFO  impl.RoleInfo (RoleInfo.java:shutdownFollowerState(110)) - 7eae729b-82ee-421b-843d-240299c4e56c: shutdown 7eae729b-82ee-421b-843d-240299c4e56c@group-D06DED371CF4-FollowerState
2022-08-09 13:48:17,894 [grpc-default-executor-0] INFO  impl.RoleInfo (RoleInfo.java:updateAndGet(139)) - 7eae729b-82ee-421b-843d-240299c4e56c: start 7eae729b-82ee-421b-843d-240299c4e56c@group-D06DED371CF4-FollowerState
2022-08-09 13:48:17,894 [7eae729b-82ee-421b-843d-240299c4e56c@group-D06DED371CF4-FollowerState] INFO  impl.FollowerState (FollowerState.java:run(152)) - 7eae729b-82ee-421b-843d-240299c4e56c@group-D06DED371CF4-FollowerState was interrupted
2022-08-09 13:48:17,897 [grpc-default-executor-0] INFO  server.RaftServer$Division (RaftServerImpl.java:requestVote(1184)) - 7eae729b-82ee-421b-843d-240299c4e56c@group-D06DED371CF4 replies to ELECTION vote request: 3eae53bb-90ae-447f-858b-4086883680b9<-7eae729b-82ee-421b-843d-240299c4e56c#0:OK-t1. Peer's state: 7eae729b-82ee-421b-843d-240299c4e56c@group-D06DED371CF4:t1, leader=null, voted=3eae53bb-90ae-447f-858b-4086883680b9, raftlog=7eae729b-82ee-421b-843d-240299c4e56c@group-D06DED371CF4-SegmentedRaftLog:OPENED:c-1, conf=-1: [7eae729b-82ee-421b-843d-240299c4e56c|rpc:10.1.0.19:36615|dataStream:|priority:0, 7ea02f52-0524-4638-b817-10339939da37|rpc:10.1.0.19:45003|dataStream:|priority:1, 3eae53bb-90ae-447f-858b-4086883680b9|rpc:10.1.0.19:38969|dataStream:|priority:0], old=null
2022-08-09 13:48:17,913 [grpc-default-executor-0] INFO  server.RaftServer$Division (RaftServerImpl.java:requestVote(1152)) - 7ea02f52-0524-4638-b817-10339939da37@group-D06DED371CF4: receive requestVote(ELECTION, 3eae53bb-90ae-447f-858b-4086883680b9, group-D06DED371CF4, 1, (t:0, i:0))
2022-08-09 13:48:17,913 [grpc-default-executor-0] INFO  impl.VoteContext (VoteContext.java:log(48)) - 7ea02f52-0524-4638-b817-10339939da37@group-D06DED371CF4-FOLLOWER: reject ELECTION from 3eae53bb-90ae-447f-858b-4086883680b9: our priority 1 > candidate's priority 0
2022-08-09 13:48:17,913 [grpc-default-executor-0] INFO  server.RaftServer$Division (RaftServerImpl.java:setRole(299)) - 7ea02f52-0524-4638-b817-10339939da37@group-D06DED371CF4: changes role from  FOLLOWER to FOLLOWER at term 1 for candidate:3eae53bb-90ae-447f-858b-4086883680b9
2022-08-09 13:48:17,913 [grpc-default-executor-0] INFO  impl.RoleInfo (RoleInfo.java:shutdownFollowerState(110)) - 7ea02f52-0524-4638-b817-10339939da37: shutdown 7ea02f52-0524-4638-b817-10339939da37@group-D06DED371CF4-FollowerState
2022-08-09 13:48:17,913 [grpc-default-executor-0] INFO  impl.RoleInfo (RoleInfo.java:updateAndGet(139)) - 7ea02f52-0524-4638-b817-10339939da37: start 7ea02f52-0524-4638-b817-10339939da37@group-D06DED371CF4-FollowerState
2022-08-09 13:48:17,913 [7ea02f52-0524-4638-b817-10339939da37@group-D06DED371CF4-FollowerState] INFO  impl.FollowerState (FollowerState.java:run(152)) - 7ea02f52-0524-4638-b817-10339939da37@group-D06DED371CF4-FollowerState was interrupted
2022-08-09 13:48:17,924 [grpc-default-executor-0] INFO  server.RaftServer$Division (RaftServerImpl.java:requestVote(1184)) - 7ea02f52-0524-4638-b817-10339939da37@group-D06DED371CF4 replies to ELECTION vote request: 3eae53bb-90ae-447f-858b-4086883680b9<-7ea02f52-0524-4638-b817-10339939da37#0:FAIL-t1. Peer's state: 7ea02f52-0524-4638-b817-10339939da37@group-D06DED371CF4:t1, leader=null, voted=null, raftlog=7ea02f52-0524-4638-b817-10339939da37@group-D06DED371CF4-SegmentedRaftLog:OPENED:c-1, conf=-1: [7eae729b-82ee-421b-843d-240299c4e56c|rpc:10.1.0.19:36615|dataStream:|priority:0, 7ea02f52-0524-4638-b817-10339939da37|rpc:10.1.0.19:45003|dataStream:|priority:1, 3eae53bb-90ae-447f-858b-4086883680b9|rpc:10.1.0.19:38969|dataStream:|priority:0], old=null
2022-08-09 13:48:17,942 [3eae53bb-90ae-447f-858b-4086883680b9@group-D06DED371CF4-LeaderElection16] INFO  impl.LeaderElection (LeaderElection.java:logAndReturn(90)) - 3eae53bb-90ae-447f-858b-4086883680b9@group-D06DED371CF4-LeaderElection16: ELECTION REJECTED received 2 response(s) and 0 exception(s):
2022-08-09 13:48:17,943 [3eae53bb-90ae-447f-858b-4086883680b9@group-D06DED371CF4-LeaderElection16] INFO  impl.LeaderElection (LeaderElection.java:logAndReturn(94)) -   Response 0: 3eae53bb-90ae-447f-858b-4086883680b9<-7eae729b-82ee-421b-843d-240299c4e56c#0:OK-t1
2022-08-09 13:48:17,943 [3eae53bb-90ae-447f-858b-4086883680b9@group-D06DED371CF4-LeaderElection16] INFO  impl.LeaderElection (LeaderElection.java:logAndReturn(94)) -   Response 1: 3eae53bb-90ae-447f-858b-4086883680b9<-7ea02f52-0524-4638-b817-10339939da37#0:FAIL-t1
2022-08-09 13:48:17,943 [3eae53bb-90ae-447f-858b-4086883680b9@group-D06DED371CF4-LeaderElection16] INFO  impl.LeaderElection (LeaderElection.java:askForVotes(312)) - 3eae53bb-90ae-447f-858b-4086883680b9@group-D06DED371CF4-LeaderElection16 ELECTION round 0: result REJECTED
2022-08-09 13:48:17,943 [3eae53bb-90ae-447f-858b-4086883680b9@group-D06DED371CF4-LeaderElection16] INFO  server.RaftServer$Division (RaftServerImpl.java:setRole(299)) - 3eae53bb-90ae-447f-858b-4086883680b9@group-D06DED371CF4: changes role from CANDIDATE to FOLLOWER at term 1 for REJECTED
2022-08-09 13:48:17,943 [3eae53bb-90ae-447f-858b-4086883680b9@group-D06DED371CF4-LeaderElection16] INFO  impl.RoleInfo (RoleInfo.java:shutdownLeaderElection(130)) - 3eae53bb-90ae-447f-858b-4086883680b9: shutdown 3eae53bb-90ae-447f-858b-4086883680b9@group-D06DED371CF4-LeaderElection16
2022-08-09 13:48:17,943 [3eae53bb-90ae-447f-858b-4086883680b9@group-D06DED371CF4-LeaderElection16] INFO  impl.RoleInfo (RoleInfo.java:updateAndGet(139)) - 3eae53bb-90ae-447f-858b-4086883680b9: start 3eae53bb-90ae-447f-858b-4086883680b9@group-D06DED371CF4-FollowerState
2022-08-09 13:48:18,178 [3eae53bb-90ae-447f-858b-4086883680b9@group-45546029146D-FollowerState] INFO  impl.FollowerState (FollowerState.java:run(143)) - 3eae53bb-90ae-447f-858b-4086883680b9@group-45546029146D-FollowerState: change to CANDIDATE, lastRpcElapsedTime:5038935377ns, electionTimeout:5038ms
2022-08-09 13:48:18,179 [3eae53bb-90ae-447f-858b-4086883680b9@group-45546029146D-FollowerState] INFO  impl.RoleInfo (RoleInfo.java:shutdownFollowerState(110)) - 3eae53bb-90ae-447f-858b-4086883680b9: shutdown 3eae53bb-90ae-447f-858b-4086883680b9@group-45546029146D-FollowerState
2022-08-09 13:48:18,179 [3eae53bb-90ae-447f-858b-4086883680b9@group-45546029146D-FollowerState] INFO  server.RaftServer$Division (RaftServerImpl.java:setRole(299)) - 3eae53bb-90ae-447f-858b-4086883680b9@group-45546029146D: changes role from  FOLLOWER to CANDIDATE at term 0 for changeToCandidate
2022-08-09 13:48:18,182 [3eae53bb-90ae-447f-858b-4086883680b9@group-45546029146D-FollowerState] INFO  server.RaftServerConfigKeys (ConfUtils.java:logGet(46)) - raft.server.leaderelection.pre-vote = false (custom)
2022-08-09 13:48:18,182 [3eae53bb-90ae-447f-858b-4086883680b9@group-45546029146D-FollowerState] INFO  impl.RoleInfo (RoleInfo.java:updateAndGet(139)) - 3eae53bb-90ae-447f-858b-4086883680b9: start 3eae53bb-90ae-447f-858b-4086883680b9@group-45546029146D-LeaderElection17
2022-08-09 13:48:18,219 [3eae53bb-90ae-447f-858b-4086883680b9@group-45546029146D-LeaderElection17] INFO  impl.LeaderElection (LeaderElection.java:askForVotes(310)) - 3eae53bb-90ae-447f-858b-4086883680b9@group-45546029146D-LeaderElection17 ELECTION round 0: submit vote requests at term 1 for -1: [7ea02f52-0524-4638-b817-10339939da37|rpc:10.1.0.19:45003|priority:0, 3eae53bb-90ae-447f-858b-4086883680b9|rpc:10.1.0.19:38969|priority:1, 7eae729b-82ee-421b-843d-240299c4e56c|rpc:10.1.0.19:36615|priority:0], old=null
2022-08-09 13:48:18,230 [grpc-default-executor-0] INFO  server.RaftServer$Division (RaftServerImpl.java:requestVote(1152)) - 7ea02f52-0524-4638-b817-10339939da37@group-45546029146D: receive requestVote(ELECTION, 3eae53bb-90ae-447f-858b-4086883680b9, group-45546029146D, 1, (t:0, i:0))
2022-08-09 13:48:18,230 [grpc-default-executor-0] INFO  impl.VoteContext (VoteContext.java:log(48)) - 7ea02f52-0524-4638-b817-10339939da37@group-45546029146D-FOLLOWER: accept ELECTION from 3eae53bb-90ae-447f-858b-4086883680b9: our priority 0 <= candidate's priority 1
2022-08-09 13:48:18,230 [grpc-default-executor-0] INFO  server.RaftServer$Division (RaftServerImpl.java:setRole(299)) - 7ea02f52-0524-4638-b817-10339939da37@group-45546029146D: changes role from  FOLLOWER to FOLLOWER at term 1 for candidate:3eae53bb-90ae-447f-858b-4086883680b9
2022-08-09 13:48:18,230 [grpc-default-executor-0] INFO  impl.RoleInfo (RoleInfo.java:shutdownFollowerState(110)) - 7ea02f52-0524-4638-b817-10339939da37: shutdown 7ea02f52-0524-4638-b817-10339939da37@group-45546029146D-FollowerState
2022-08-09 13:48:18,230 [grpc-default-executor-0] INFO  impl.RoleInfo (RoleInfo.java:updateAndGet(139)) - 7ea02f52-0524-4638-b817-10339939da37: start 7ea02f52-0524-4638-b817-10339939da37@group-45546029146D-FollowerState
2022-08-09 13:48:18,230 [7ea02f52-0524-4638-b817-10339939da37@group-45546029146D-FollowerState] INFO  impl.FollowerState (FollowerState.java:run(152)) - 7ea02f52-0524-4638-b817-10339939da37@group-45546029146D-FollowerState was interrupted
2022-08-09 13:48:18,234 [grpc-default-executor-0] INFO  server.RaftServer$Division (RaftServerImpl.java:requestVote(1184)) - 7ea02f52-0524-4638-b817-10339939da37@group-45546029146D replies to ELECTION vote request: 3eae53bb-90ae-447f-858b-4086883680b9<-7ea02f52-0524-4638-b817-10339939da37#0:OK-t1. Peer's state: 7ea02f52-0524-4638-b817-10339939da37@group-45546029146D:t1, leader=null, voted=3eae53bb-90ae-447f-858b-4086883680b9, raftlog=7ea02f52-0524-4638-b817-10339939da37@group-45546029146D-SegmentedRaftLog:OPENED:c-1, conf=-1: [7ea02f52-0524-4638-b817-10339939da37|rpc:10.1.0.19:45003|dataStream:|priority:0, 3eae53bb-90ae-447f-858b-4086883680b9|rpc:10.1.0.19:38969|dataStream:|priority:1, 7eae729b-82ee-421b-843d-240299c4e56c|rpc:10.1.0.19:36615|dataStream:|priority:0], old=null
2022-08-09 13:48:18,249 [3eae53bb-90ae-447f-858b-4086883680b9@group-45546029146D-LeaderElection17] INFO  impl.LeaderElection (LeaderElection.java:logAndReturn(90)) - 3eae53bb-90ae-447f-858b-4086883680b9@group-45546029146D-LeaderElection17: ELECTION PASSED received 1 response(s) and 0 exception(s):
2022-08-09 13:48:18,249 [3eae53bb-90ae-447f-858b-4086883680b9@group-45546029146D-LeaderElection17] INFO  impl.LeaderElection (LeaderElection.java:logAndReturn(94)) -   Response 0: 3eae53bb-90ae-447f-858b-4086883680b9<-7ea02f52-0524-4638-b817-10339939da37#0:OK-t1
2022-08-09 13:48:18,249 [3eae53bb-90ae-447f-858b-4086883680b9@group-45546029146D-LeaderElection17] INFO  impl.LeaderElection (LeaderElection.java:askForVotes(312)) - 3eae53bb-90ae-447f-858b-4086883680b9@group-45546029146D-LeaderElection17 ELECTION round 0: result PASSED
2022-08-09 13:48:18,249 [3eae53bb-90ae-447f-858b-4086883680b9@group-45546029146D-LeaderElection17] INFO  impl.RoleInfo (RoleInfo.java:shutdownLeaderElection(130)) - 3eae53bb-90ae-447f-858b-4086883680b9: shutdown 3eae53bb-90ae-447f-858b-4086883680b9@group-45546029146D-LeaderElection17
2022-08-09 13:48:18,249 [3eae53bb-90ae-447f-858b-4086883680b9@group-45546029146D-LeaderElection17] INFO  server.RaftServer$Division (RaftServerImpl.java:setRole(299)) - 3eae53bb-90ae-447f-858b-4086883680b9@group-45546029146D: changes role from CANDIDATE to LEADER at term 1 for changeToLeader
2022-08-09 13:48:18,249 [3eae53bb-90ae-447f-858b-4086883680b9@group-45546029146D-LeaderElection17] INFO  ratis.XceiverServerRatis (XceiverServerRatis.java:handleLeaderChangedNotification(863)) - Leader change notification received for group: group-45546029146D with new leaderId: 3eae53bb-90ae-447f-858b-4086883680b9
2022-08-09 13:48:18,249 [3eae53bb-90ae-447f-858b-4086883680b9@group-45546029146D-LeaderElection17] INFO  server.RaftServer$Division (ServerState.java:setLeader(287)) - 3eae53bb-90ae-447f-858b-4086883680b9@group-45546029146D: change Leader from null to 3eae53bb-90ae-447f-858b-4086883680b9 at term 1 for becomeLeader, leader elected after 5125ms
2022-08-09 13:48:18,253 [grpc-default-executor-0] INFO  server.RaftServer$Division (RaftServerImpl.java:requestVote(1152)) - 7eae729b-82ee-421b-843d-240299c4e56c@group-45546029146D: receive requestVote(ELECTION, 3eae53bb-90ae-447f-858b-4086883680b9, group-45546029146D, 1, (t:0, i:0))
2022-08-09 13:48:18,254 [grpc-default-executor-0] INFO  impl.VoteContext (VoteContext.java:log(48)) - 7eae729b-82ee-421b-843d-240299c4e56c@group-45546029146D-FOLLOWER: accept ELECTION from 3eae53bb-90ae-447f-858b-4086883680b9: our priority 0 <= candidate's priority 1
2022-08-09 13:48:18,254 [grpc-default-executor-0] INFO  server.RaftServer$Division (RaftServerImpl.java:setRole(299)) - 7eae729b-82ee-421b-843d-240299c4e56c@group-45546029146D: changes role from  FOLLOWER to FOLLOWER at term 1 for candidate:3eae53bb-90ae-447f-858b-4086883680b9
2022-08-09 13:48:18,254 [grpc-default-executor-0] INFO  impl.RoleInfo (RoleInfo.java:shutdownFollowerState(110)) - 7eae729b-82ee-421b-843d-240299c4e56c: shutdown 7eae729b-82ee-421b-843d-240299c4e56c@group-45546029146D-FollowerState
2022-08-09 13:48:18,254 [grpc-default-executor-0] INFO  impl.RoleInfo (RoleInfo.java:updateAndGet(139)) - 7eae729b-82ee-421b-843d-240299c4e56c: start 7eae729b-82ee-421b-843d-240299c4e56c@group-45546029146D-FollowerState
2022-08-09 13:48:18,255 [7eae729b-82ee-421b-843d-240299c4e56c@group-45546029146D-FollowerState] INFO  impl.FollowerState (FollowerState.java:run(152)) - 7eae729b-82ee-421b-843d-240299c4e56c@group-45546029146D-FollowerState was interrupted
2022-08-09 13:48:18,256 [3eae53bb-90ae-447f-858b-4086883680b9@group-45546029146D-LeaderElection17] INFO  server.RaftServerConfigKeys (ConfUtils.java:logGet(46)) - raft.server.staging.catchup.gap = 1000 (default)
2022-08-09 13:48:18,257 [3eae53bb-90ae-447f-858b-4086883680b9@group-45546029146D-LeaderElection17] INFO  server.RaftServerConfigKeys (ConfUtils.java:logGet(46)) - raft.server.write.element-limit = 1024 (custom)
2022-08-09 13:48:18,257 [3eae53bb-90ae-447f-858b-4086883680b9@group-45546029146D-LeaderElection17] INFO  server.RaftServerConfigKeys (ConfUtils.java:logGet(46)) - raft.server.write.byte-limit = 1024 M (=1073741824) (custom)
2022-08-09 13:48:18,257 [3eae53bb-90ae-447f-858b-4086883680b9@group-45546029146D-LeaderElection17] INFO  server.RaftServerConfigKeys (ConfUtils.java:logGet(46)) - raft.server.watch.timeout = 180s (custom)
2022-08-09 13:48:18,257 [3eae53bb-90ae-447f-858b-4086883680b9@group-45546029146D-LeaderElection17] INFO  server.RaftServerConfigKeys (ConfUtils.java:logGet(46)) - raft.server.watch.timeout.denomination = 1s (default)
2022-08-09 13:48:18,257 [3eae53bb-90ae-447f-858b-4086883680b9@group-45546029146D-LeaderElection17] INFO  server.RaftServerConfigKeys (ConfUtils.java:logGet(46)) - raft.server.watch.element-limit = 65536 (default)
2022-08-09 13:48:18,257 [3eae53bb-90ae-447f-858b-4086883680b9@group-45546029146D-LeaderElection17] INFO  server.RaftServerConfigKeys (ConfUtils.java:logGet(46)) - raft.server.write.element-limit = 1024 (custom)
2022-08-09 13:48:18,257 [3eae53bb-90ae-447f-858b-4086883680b9@group-45546029146D-LeaderElection17] INFO  server.RaftServerConfigKeys (ConfUtils.java:logGet(46)) - raft.server.write.follower.gap.ratio.max = -1.0 (default)
2022-08-09 13:48:18,258 [3eae53bb-90ae-447f-858b-4086883680b9@group-45546029146D-LeaderElection17] INFO  server.RaftServerConfigKeys (ConfUtils.java:logGet(46)) - raft.server.log.appender.snapshot.chunk.size.max = 16MB (=16777216) (default)
2022-08-09 13:48:18,258 [3eae53bb-90ae-447f-858b-4086883680b9@group-45546029146D-LeaderElection17] INFO  server.RaftServerConfigKeys (ConfUtils.java:logGet(46)) - raft.server.log.appender.buffer.byte-limit = 33554432 (custom)
2022-08-09 13:48:18,258 [3eae53bb-90ae-447f-858b-4086883680b9@group-45546029146D-LeaderElection17] INFO  server.RaftServerConfigKeys (ConfUtils.java:logGet(46)) - raft.server.log.appender.buffer.element-limit = 1 (custom)
2022-08-09 13:48:18,258 [3eae53bb-90ae-447f-858b-4086883680b9@group-45546029146D-LeaderElection17] INFO  grpc.GrpcConfigKeys (ConfUtils.java:logGet(46)) - raft.grpc.server.leader.outstanding.appends.max = 128 (default)
2022-08-09 13:48:18,258 [3eae53bb-90ae-447f-858b-4086883680b9@group-45546029146D-LeaderElection17] INFO  server.RaftServerConfigKeys (ConfUtils.java:logGet(46)) - raft.server.rpc.request.timeout = 60s (custom)
2022-08-09 13:48:18,258 [3eae53bb-90ae-447f-858b-4086883680b9@group-45546029146D-LeaderElection17] INFO  server.RaftServerConfigKeys (ConfUtils.java:logGet(46)) - raft.server.log.appender.install.snapshot.enabled = false (custom)
2022-08-09 13:48:18,259 [3eae53bb-90ae-447f-858b-4086883680b9@group-45546029146D-LeaderElection17] INFO  server.RaftServerConfigKeys (ConfUtils.java:logGet(46)) - raft.server.log.appender.snapshot.chunk.size.max = 16MB (=16777216) (default)
2022-08-09 13:48:18,259 [3eae53bb-90ae-447f-858b-4086883680b9@group-45546029146D-LeaderElection17] INFO  server.RaftServerConfigKeys (ConfUtils.java:logGet(46)) - raft.server.log.appender.buffer.byte-limit = 33554432 (custom)
2022-08-09 13:48:18,259 [3eae53bb-90ae-447f-858b-4086883680b9@group-45546029146D-LeaderElection17] INFO  server.RaftServerConfigKeys (ConfUtils.java:logGet(46)) - raft.server.log.appender.buffer.element-limit = 1 (custom)
2022-08-09 13:48:18,259 [3eae53bb-90ae-447f-858b-4086883680b9@group-45546029146D-LeaderElection17] INFO  grpc.GrpcConfigKeys (ConfUtils.java:logGet(46)) - raft.grpc.server.leader.outstanding.appends.max = 128 (default)
2022-08-09 13:48:18,259 [3eae53bb-90ae-447f-858b-4086883680b9@group-45546029146D-LeaderElection17] INFO  server.RaftServerConfigKeys (ConfUtils.java:logGet(46)) - raft.server.rpc.request.timeout = 60s (custom)
2022-08-09 13:48:18,259 [3eae53bb-90ae-447f-858b-4086883680b9@group-45546029146D-LeaderElection17] INFO  server.RaftServerConfigKeys (ConfUtils.java:logGet(46)) - raft.server.log.appender.install.snapshot.enabled = false (custom)
2022-08-09 13:48:18,259 [3eae53bb-90ae-447f-858b-4086883680b9@group-45546029146D-LeaderElection17] INFO  impl.RoleInfo (RoleInfo.java:updateAndGet(139)) - 3eae53bb-90ae-447f-858b-4086883680b9: start 3eae53bb-90ae-447f-858b-4086883680b9@group-45546029146D-LeaderStateImpl
2022-08-09 13:48:18,260 [3eae53bb-90ae-447f-858b-4086883680b9@group-45546029146D-LeaderElection17] INFO  segmented.SegmentedRaftLogWorker (SegmentedRaftLogWorker.java:startLogSegment(425)) - 3eae53bb-90ae-447f-858b-4086883680b9@group-45546029146D-SegmentedRaftLogWorker: Starting segment from index:0
2022-08-09 13:48:18,260 [EventQueue-PipelineReportForPipelineReportHandler] INFO  pipeline.PipelineManagerImpl (PipelineManagerImpl.java:openPipeline(367)) - Pipeline Pipeline[ Id: 0f4e7a3b-074b-4ffa-82f4-45546029146d, Nodes: 7ea02f52-0524-4638-b817-10339939da37{ip: 10.1.0.19, host: fv-az450-466.jnfmftgkylze5hd05chtbp1i0a.dx.internal.cloudapp.net, ports: [REPLICATION=43617, RATIS=45003, RATIS_ADMIN=45003, RATIS_SERVER=45003, STANDALONE=45317], networkLocation: /default-rack, certSerialId: null, persistedOpState: IN_SERVICE, persistedOpStateExpiryEpochSec: 0}3eae53bb-90ae-447f-858b-4086883680b9{ip: 10.1.0.19, host: fv-az450-466.jnfmftgkylze5hd05chtbp1i0a.dx.internal.cloudapp.net, ports: [REPLICATION=37213, RATIS=38969, RATIS_ADMIN=38969, RATIS_SERVER=38969, STANDALONE=38115], networkLocation: /default-rack, certSerialId: null, persistedOpState: IN_SERVICE, persistedOpStateExpiryEpochSec: 0}7eae729b-82ee-421b-843d-240299c4e56c{ip: 10.1.0.19, host: fv-az450-466.jnfmftgkylze5hd05chtbp1i0a.dx.internal.cloudapp.net, ports: [REPLICATION=35761, RATIS=36615, RATIS_ADMIN=36615, RATIS_SERVER=36615, STANDALONE=45625], networkLocation: /default-rack, certSerialId: null, persistedOpState: IN_SERVICE, persistedOpStateExpiryEpochSec: 0}, ReplicationConfig: RATIS/THREE, State:ALLOCATED, leaderId:3eae53bb-90ae-447f-858b-4086883680b9, CreationTimestamp2022-08-09T13:48:10.937Z[Etc/UTC]] moved to OPEN state
2022-08-09 13:48:18,262 [grpc-default-executor-0] INFO  server.RaftServer$Division (RaftServerImpl.java:requestVote(1184)) - 7eae729b-82ee-421b-843d-240299c4e56c@group-45546029146D replies to ELECTION vote request: 3eae53bb-90ae-447f-858b-4086883680b9<-7eae729b-82ee-421b-843d-240299c4e56c#0:OK-t1. Peer's state: 7eae729b-82ee-421b-843d-240299c4e56c@group-45546029146D:t1, leader=null, voted=3eae53bb-90ae-447f-858b-4086883680b9, raftlog=7eae729b-82ee-421b-843d-240299c4e56c@group-45546029146D-SegmentedRaftLog:OPENED:c-1, conf=-1: [7ea02f52-0524-4638-b817-10339939da37|rpc:10.1.0.19:45003|dataStream:|priority:0, 3eae53bb-90ae-447f-858b-4086883680b9|rpc:10.1.0.19:38969|dataStream:|priority:1, 7eae729b-82ee-421b-843d-240299c4e56c|rpc:10.1.0.19:36615|dataStream:|priority:0], old=null
2022-08-09 13:48:18,274 [3eae53bb-90ae-447f-858b-4086883680b9@group-45546029146D-SegmentedRaftLogWorker] INFO  segmented.SegmentedRaftLogWorker (SegmentedRaftLogWorker.java:execute(629)) - 3eae53bb-90ae-447f-858b-4086883680b9@group-45546029146D-SegmentedRaftLogWorker: created new log segment /home/runner/work/ozone/ozone/hadoop-ozone/integration-test/target/test-dir/MiniOzoneClusterImpl-47423824-61ae-4caf-b360-a3644823e0d5/datanode-0/data/ratis/0f4e7a3b-074b-4ffa-82f4-45546029146d/current/log_inprogress_0
2022-08-09 13:48:18,293 [3eae53bb-90ae-447f-858b-4086883680b9@group-45546029146D-LeaderElection17] INFO  server.RaftServer$Division (ServerState.java:setRaftConf(393)) - 3eae53bb-90ae-447f-858b-4086883680b9@group-45546029146D: set configuration 0: [7ea02f52-0524-4638-b817-10339939da37|rpc:10.1.0.19:45003|dataStream:|priority:0, 3eae53bb-90ae-447f-858b-4086883680b9|rpc:10.1.0.19:38969|dataStream:|priority:1, 7eae729b-82ee-421b-843d-240299c4e56c|rpc:10.1.0.19:36615|dataStream:|priority:0], old=null
2022-08-09 13:48:18,293 [EventQueue-OpenPipelineForHealthyPipelineSafeModeRule] INFO  safemode.SCMSafeModeManager (HealthyPipelineSafeModeRule.java:process(137)) - SCM in safe mode. Healthy pipelines reported count is 1, required healthy pipeline reported count is 1
2022-08-09 13:48:18,294 [EventQueue-OpenPipelineForHealthyPipelineSafeModeRule] INFO  safemode.SCMSafeModeManager (SCMSafeModeManager.java:validateSafeModeExitRules(204)) - HealthyPipelineSafeModeRule rule is successfully validated
2022-08-09 13:48:18,294 [EventQueue-OpenPipelineForHealthyPipelineSafeModeRule] INFO  safemode.SCMSafeModeManager (SCMSafeModeManager.java:validateSafeModeExitRules(219)) - ScmSafeModeManager, all rules are successfully validated
2022-08-09 13:48:18,294 [EventQueue-OpenPipelineForHealthyPipelineSafeModeRule] INFO  safemode.SCMSafeModeManager (SCMSafeModeManager.java:exitSafeMode(248)) - SCM exiting safe mode.
2022-08-09 13:48:18,294 [EventQueue-OpenPipelineForHealthyPipelineSafeModeRule] WARN  events.EventQueue (EventQueue.java:fireEvent(216)) - No event handler registered for event TypedEvent{payloadType=SafeModeStatus, name='Safe mode status'}
2022-08-09 13:48:18,294 [EventQueue-OpenPipelineForHealthyPipelineSafeModeRule] INFO  ha.SCMContext (SCMContext.java:updateSafeModeStatus(228)) - Update SafeModeStatus from SafeModeStatus{safeModeStatus=true, preCheckPassed=true} to SafeModeStatus{safeModeStatus=false, preCheckPassed=true}.
2022-08-09 13:48:18,294 [EventQueue-OpenPipelineForHealthyPipelineSafeModeRule] INFO  pipeline.BackgroundPipelineCreator (BackgroundPipelineCreator.java:notifyStatusChanged(254)) - Service BackgroundPipelineCreator transitions to RUNNING.
2022-08-09 13:48:18,294 [EventQueue-OpenPipelineForHealthyPipelineSafeModeRule] INFO  BackgroundPipelineScrubber (BackgroundSCMService.java:notifyStatusChanged(82)) - Service BackgroundPipelineScrubber transitions to RUNNING.
2022-08-09 13:48:18,294 [EventQueue-OpenPipelineForHealthyPipelineSafeModeRule] INFO  ExpiredContainerReplicaOpScrubber (BackgroundSCMService.java:notifyStatusChanged(82)) - Service ExpiredContainerReplicaOpScrubber transitions to RUNNING.
2022-08-09 13:48:18,294 [EventQueue-OpenPipelineForHealthyPipelineSafeModeRule] INFO  UnderReplicatedQueueThread (BackgroundSCMService.java:notifyStatusChanged(82)) - Service UnderReplicatedQueueThread transitions to RUNNING.
2022-08-09 13:48:18,294 [EventQueue-OpenPipelineForHealthyPipelineSafeModeRule] INFO  OverReplicatedQueueThread (BackgroundSCMService.java:notifyStatusChanged(82)) - Service OverReplicatedQueueThread transitions to RUNNING.
2022-08-09 13:48:18,294 [EventQueue-OpenPipelineForHealthyPipelineSafeModeRule] INFO  replication.ReplicationManager (ReplicationManager.java:notifyStatusChanged(642)) - Service ReplicationManager transitions to RUNNING.
2022-08-09 13:48:18,294 [EventQueue-OpenPipelineForHealthyPipelineSafeModeRule] WARN  balancer.ContainerBalancer (ContainerBalancer.java:shouldRun(904)) - Could not find persisted configuration for ContainerBalancer when checking if ContainerBalancer should run. ContainerBalancer should not run now.
2022-08-09 13:48:18,330 [7ea02f52-0524-4638-b817-10339939da37-server-thread1] INFO  ratis.XceiverServerRatis (XceiverServerRatis.java:handleLeaderChangedNotification(863)) - Leader change notification received for group: group-45546029146D with new leaderId: 3eae53bb-90ae-447f-858b-4086883680b9
2022-08-09 13:48:18,330 [7ea02f52-0524-4638-b817-10339939da37-server-thread1] INFO  server.RaftServer$Division (ServerState.java:setLeader(287)) - 7ea02f52-0524-4638-b817-10339939da37@group-45546029146D: change Leader from null to 3eae53bb-90ae-447f-858b-4086883680b9 at term 1 for appendEntries, leader elected after 5147ms
2022-08-09 13:48:18,331 [7ea02f52-0524-4638-b817-10339939da37-server-thread1] INFO  server.RaftServer$Division (ServerState.java:setRaftConf(393)) - 7ea02f52-0524-4638-b817-10339939da37@group-45546029146D: set configuration 0: [7ea02f52-0524-4638-b817-10339939da37|rpc:10.1.0.19:45003|dataStream:|priority:0, 3eae53bb-90ae-447f-858b-4086883680b9|rpc:10.1.0.19:38969|dataStream:|priority:1, 7eae729b-82ee-421b-843d-240299c4e56c|rpc:10.1.0.19:36615|dataStream:|priority:0], old=null
2022-08-09 13:48:18,331 [7ea02f52-0524-4638-b817-10339939da37-server-thread1] INFO  segmented.SegmentedRaftLogWorker (SegmentedRaftLogWorker.java:startLogSegment(425)) - 7ea02f52-0524-4638-b817-10339939da37@group-45546029146D-SegmentedRaftLogWorker: Starting segment from index:0
2022-08-09 13:48:18,337 [7ea02f52-0524-4638-b817-10339939da37@group-45546029146D-SegmentedRaftLogWorker] INFO  segmented.SegmentedRaftLogWorker (SegmentedRaftLogWorker.java:execute(629)) - 7ea02f52-0524-4638-b817-10339939da37@group-45546029146D-SegmentedRaftLogWorker: created new log segment /home/runner/work/ozone/ozone/hadoop-ozone/integration-test/target/test-dir/MiniOzoneClusterImpl-47423824-61ae-4caf-b360-a3644823e0d5/datanode-1/data/ratis/0f4e7a3b-074b-4ffa-82f4-45546029146d/current/log_inprogress_0
2022-08-09 13:48:18,338 [7eae729b-82ee-421b-843d-240299c4e56c-server-thread1] INFO  ratis.XceiverServerRatis (XceiverServerRatis.java:handleLeaderChangedNotification(863)) - Leader change notification received for group: group-45546029146D with new leaderId: 3eae53bb-90ae-447f-858b-4086883680b9
2022-08-09 13:48:18,338 [7eae729b-82ee-421b-843d-240299c4e56c-server-thread1] INFO  server.RaftServer$Division (ServerState.java:setLeader(287)) - 7eae729b-82ee-421b-843d-240299c4e56c@group-45546029146D: change Leader from null to 3eae53bb-90ae-447f-858b-4086883680b9 at term 1 for appendEntries, leader elected after 5069ms
2022-08-09 13:48:18,339 [7eae729b-82ee-421b-843d-240299c4e56c-server-thread1] INFO  server.RaftServer$Division (ServerState.java:setRaftConf(393)) - 7eae729b-82ee-421b-843d-240299c4e56c@group-45546029146D: set configuration 0: [7ea02f52-0524-4638-b817-10339939da37|rpc:10.1.0.19:45003|dataStream:|priority:0, 3eae53bb-90ae-447f-858b-4086883680b9|rpc:10.1.0.19:38969|dataStream:|priority:1, 7eae729b-82ee-421b-843d-240299c4e56c|rpc:10.1.0.19:36615|dataStream:|priority:0], old=null
2022-08-09 13:48:18,339 [7eae729b-82ee-421b-843d-240299c4e56c-server-thread1] INFO  segmented.SegmentedRaftLogWorker (SegmentedRaftLogWorker.java:startLogSegment(425)) - 7eae729b-82ee-421b-843d-240299c4e56c@group-45546029146D-SegmentedRaftLogWorker: Starting segment from index:0
2022-08-09 13:48:18,347 [7eae729b-82ee-421b-843d-240299c4e56c@group-45546029146D-SegmentedRaftLogWorker] INFO  segmented.SegmentedRaftLogWorker (SegmentedRaftLogWorker.java:execute(629)) - 7eae729b-82ee-421b-843d-240299c4e56c@group-45546029146D-SegmentedRaftLogWorker: created new log segment /home/runner/work/ozone/ozone/hadoop-ozone/integration-test/target/test-dir/MiniOzoneClusterImpl-47423824-61ae-4caf-b360-a3644823e0d5/datanode-2/data/ratis/0f4e7a3b-074b-4ffa-82f4-45546029146d/current/log_inprogress_0
2022-08-09 13:48:18,387 [7ea02f52-0524-4638-b817-10339939da37@group-667C82500E0A-FollowerState] INFO  impl.FollowerState (FollowerState.java:run(143)) - 7ea02f52-0524-4638-b817-10339939da37@group-667C82500E0A-FollowerState: change to CANDIDATE, lastRpcElapsedTime:5041021202ns, electionTimeout:5033ms
2022-08-09 13:48:18,387 [7ea02f52-0524-4638-b817-10339939da37@group-667C82500E0A-FollowerState] INFO  impl.RoleInfo (RoleInfo.java:shutdownFollowerState(110)) - 7ea02f52-0524-4638-b817-10339939da37: shutdown 7ea02f52-0524-4638-b817-10339939da37@group-667C82500E0A-FollowerState
2022-08-09 13:48:18,387 [7ea02f52-0524-4638-b817-10339939da37@group-667C82500E0A-FollowerState] INFO  server.RaftServer$Division (RaftServerImpl.java:setRole(299)) - 7ea02f52-0524-4638-b817-10339939da37@group-667C82500E0A: changes role from  FOLLOWER to CANDIDATE at term 0 for changeToCandidate
2022-08-09 13:48:18,387 [7ea02f52-0524-4638-b817-10339939da37@group-667C82500E0A-FollowerState] INFO  server.RaftServerConfigKeys (ConfUtils.java:logGet(46)) - raft.server.leaderelection.pre-vote = false (custom)
2022-08-09 13:48:18,387 [7ea02f52-0524-4638-b817-10339939da37@group-667C82500E0A-FollowerState] INFO  impl.RoleInfo (RoleInfo.java:updateAndGet(139)) - 7ea02f52-0524-4638-b817-10339939da37: start 7ea02f52-0524-4638-b817-10339939da37@group-667C82500E0A-LeaderElection18
2022-08-09 13:48:18,422 [7ea02f52-0524-4638-b817-10339939da37@group-667C82500E0A-LeaderElection18] INFO  impl.LeaderElection (LeaderElection.java:askForVotes(310)) - 7ea02f52-0524-4638-b817-10339939da37@group-667C82500E0A-LeaderElection18 ELECTION round 0: submit vote requests at term 1 for -1: [7ea02f52-0524-4638-b817-10339939da37|rpc:10.1.0.19:45003|priority:1], old=null
2022-08-09 13:48:18,422 [7ea02f52-0524-4638-b817-10339939da37@group-667C82500E0A-LeaderElection18] INFO  impl.LeaderElection (LeaderElection.java:askForVotes(312)) - 7ea02f52-0524-4638-b817-10339939da37@group-667C82500E0A-LeaderElection18 ELECTION round 0: result PASSED (term=1)
2022-08-09 13:48:18,422 [7ea02f52-0524-4638-b817-10339939da37@group-667C82500E0A-LeaderElection18] INFO  impl.RoleInfo (RoleInfo.java:shutdownLeaderElection(130)) - 7ea02f52-0524-4638-b817-10339939da37: shutdown 7ea02f52-0524-4638-b817-10339939da37@group-667C82500E0A-LeaderElection18
2022-08-09 13:48:18,422 [7ea02f52-0524-4638-b817-10339939da37@group-667C82500E0A-LeaderElection18] INFO  server.RaftServer$Division (RaftServerImpl.java:setRole(299)) - 7ea02f52-0524-4638-b817-10339939da37@group-667C82500E0A: changes role from CANDIDATE to LEADER at term 1 for changeToLeader
2022-08-09 13:48:18,422 [7ea02f52-0524-4638-b817-10339939da37@group-667C82500E0A-LeaderElection18] INFO  ratis.XceiverServerRatis (XceiverServerRatis.java:handleLeaderChangedNotification(863)) - Leader change notification received for group: group-667C82500E0A with new leaderId: 7ea02f52-0524-4638-b817-10339939da37
2022-08-09 13:48:18,422 [7ea02f52-0524-4638-b817-10339939da37@group-667C82500E0A-LeaderElection18] INFO  server.RaftServer$Division (ServerState.java:setLeader(287)) - 7ea02f52-0524-4638-b817-10339939da37@group-667C82500E0A: change Leader from null to 7ea02f52-0524-4638-b817-10339939da37 at term 1 for becomeLeader, leader elected after 5155ms
2022-08-09 13:48:18,422 [7ea02f52-0524-4638-b817-10339939da37@group-667C82500E0A-LeaderElection18] INFO  server.RaftServerConfigKeys (ConfUtils.java:logGet(46)) - raft.server.staging.catchup.gap = 1000 (default)
2022-08-09 13:48:18,422 [7ea02f52-0524-4638-b817-10339939da37@group-667C82500E0A-LeaderElection18] INFO  server.RaftServerConfigKeys (ConfUtils.java:logGet(46)) - raft.server.write.element-limit = 1024 (custom)
2022-08-09 13:48:18,422 [7ea02f52-0524-4638-b817-10339939da37@group-667C82500E0A-LeaderElection18] INFO  server.RaftServerConfigKeys (ConfUtils.java:logGet(46)) - raft.server.write.byte-limit = 1024 M (=1073741824) (custom)
2022-08-09 13:48:18,423 [7ea02f52-0524-4638-b817-10339939da37@group-667C82500E0A-LeaderElection18] INFO  server.RaftServerConfigKeys (ConfUtils.java:logGet(46)) - raft.server.watch.timeout = 180s (custom)
2022-08-09 13:48:18,423 [7ea02f52-0524-4638-b817-10339939da37@group-667C82500E0A-LeaderElection18] INFO  server.RaftServerConfigKeys (ConfUtils.java:logGet(46)) - raft.server.watch.timeout.denomination = 1s (default)
2022-08-09 13:48:18,423 [7ea02f52-0524-4638-b817-10339939da37@group-667C82500E0A-LeaderElection18] INFO  server.RaftServerConfigKeys (ConfUtils.java:logGet(46)) - raft.server.watch.element-limit = 65536 (default)
2022-08-09 13:48:18,423 [7ea02f52-0524-4638-b817-10339939da37@group-667C82500E0A-LeaderElection18] INFO  server.RaftServerConfigKeys (ConfUtils.java:logGet(46)) - raft.server.write.element-limit = 1024 (custom)
2022-08-09 13:48:18,423 [7ea02f52-0524-4638-b817-10339939da37@group-667C82500E0A-LeaderElection18] INFO  server.RaftServerConfigKeys (ConfUtils.java:logGet(46)) - raft.server.write.follower.gap.ratio.max = -1.0 (default)
2022-08-09 13:48:18,423 [7ea02f52-0524-4638-b817-10339939da37@group-667C82500E0A-LeaderElection18] INFO  impl.RoleInfo (RoleInfo.java:updateAndGet(139)) - 7ea02f52-0524-4638-b817-10339939da37: start 7ea02f52-0524-4638-b817-10339939da37@group-667C82500E0A-LeaderStateImpl
2022-08-09 13:48:18,423 [7ea02f52-0524-4638-b817-10339939da37@group-667C82500E0A-LeaderElection18] INFO  segmented.SegmentedRaftLogWorker (SegmentedRaftLogWorker.java:startLogSegment(425)) - 7ea02f52-0524-4638-b817-10339939da37@group-667C82500E0A-SegmentedRaftLogWorker: Starting segment from index:0
2022-08-09 13:48:18,424 [7ea02f52-0524-4638-b817-10339939da37@group-667C82500E0A-SegmentedRaftLogWorker] INFO  segmented.SegmentedRaftLogWorker (SegmentedRaftLogWorker.java:execute(629)) - 7ea02f52-0524-4638-b817-10339939da37@group-667C82500E0A-SegmentedRaftLogWorker: created new log segment /home/runner/work/ozone/ozone/hadoop-ozone/integration-test/target/test-dir/MiniOzoneClusterImpl-47423824-61ae-4caf-b360-a3644823e0d5/datanode-1/data/ratis/cbc87c03-af7f-4dee-9dc7-667c82500e0a/current/log_inprogress_0
2022-08-09 13:48:18,438 [7ea02f52-0524-4638-b817-10339939da37@group-667C82500E0A-LeaderElection18] INFO  server.RaftServer$Division (ServerState.java:setRaftConf(393)) - 7ea02f52-0524-4638-b817-10339939da37@group-667C82500E0A: set configuration 0: [7ea02f52-0524-4638-b817-10339939da37|rpc:10.1.0.19:45003|dataStream:|priority:1], old=null
2022-08-09 13:48:18,654 [Listener at 127.0.0.1/34619] INFO  ozone.MiniOzoneClusterImpl (MiniOzoneClusterImpl.java:lambda$waitForClusterToBeReady$0(216)) - Nodes are ready. Got 5 of 5 DN Heartbeats.
2022-08-09 13:48:18,654 [Listener at 127.0.0.1/34619] INFO  ozone.MiniOzoneClusterImpl (MiniOzoneClusterImpl.java:lambda$waitForClusterToBeReady$0(219)) - Cluster exits safe mode
2022-08-09 13:48:18,654 [Listener at 127.0.0.1/34619] INFO  ozone.MiniOzoneClusterImpl (MiniOzoneClusterImpl.java:lambda$waitForClusterToBeReady$0(221)) - SCM became leader
2022-08-09 13:48:18,805 [Time-limited test] INFO  rpc.RpcClient (RpcClient.java:createVolume(468)) - Creating Volume: volume14968, with user20488 as owner and space quota set to -1 bytes, counts quota set to -1
2022-08-09 13:48:18,854 [OM StateMachine ApplyTransaction Thread - 0] INFO  volume.OMVolumeCreateRequest (OMVolumeCreateRequest.java:validateAndUpdateCache(195)) - created volume:volume14968 for user:user20488
2022-08-09 13:48:18,904 [Time-limited test] INFO  rpc.RpcClient (RpcClient.java:createBucket(671)) - Creating Bucket: volume14968/bucket58426, with bucket layout LEGACY, runner as owner, Versioning false, Storage Type set to DISK and Encryption set to false 
2022-08-09 13:48:18,905 [OM StateMachine ApplyTransaction Thread - 0] INFO  bucket.OMBucketCreateRequest (OMBucketCreateRequest.java:validateAndUpdateCache(260)) - created bucket: bucket58426 of layout LEGACY in volume: volume14968
2022-08-09 13:48:18,969 [IPC Server handler 0 on default port 46691] INFO  ha.SequenceIdGenerator (SequenceIdGenerator.java:getNextId(128)) - Allocate a batch for containerId, change lastId from 0 to 1000.
2022-08-09 13:48:18,970 [IPC Server handler 0 on default port 46691] WARN  ha.SequenceIdGenerator (SequenceIdGenerator.java:allocateBatch(237)) - Failed to allocate a batch for localId, expected lastId is 0, actual lastId is 109611004723200000.
2022-08-09 13:48:18,970 [IPC Server handler 0 on default port 46691] INFO  ha.SequenceIdGenerator (SequenceIdGenerator.java:getNextId(128)) - Allocate a batch for localId, change lastId from 109611004723200000 to 109611004723201000.
13:48:19.016 [IPC Server handler 13 on default port 34619] ERROR OMAudit - user=runner | ip=127.0.0.1 | op=GET_FILE_STATUS {volume=volume14968, bucket=bucket58426, key=dir399/file1, dataSize=0, replicationConfig=null} | ret=FAILURE
org.apache.hadoop.ozone.om.exceptions.OMException: Unable to get file status: volume: volume14968 bucket: bucket58426 key: dir399/file1
	at org.apache.hadoop.ozone.om.KeyManagerImpl.getOzoneFileStatus(KeyManagerImpl.java:1311) ~[ozone-manager-1.3.0-SNAPSHOT.jar:?]
	at org.apache.hadoop.ozone.om.KeyManagerImpl.getFileStatus(KeyManagerImpl.java:1241) ~[ozone-manager-1.3.0-SNAPSHOT.jar:?]
	at org.apache.hadoop.ozone.om.OzoneManager.getFileStatus(OzoneManager.java:3468) ~[ozone-manager-1.3.0-SNAPSHOT.jar:?]
	at org.apache.hadoop.ozone.protocolPB.OzoneManagerRequestHandler.getOzoneFileStatus(OzoneManagerRequestHandler.java:882) ~[ozone-manager-1.3.0-SNAPSHOT.jar:?]
	at org.apache.hadoop.ozone.protocolPB.OzoneManagerRequestHandler.handleReadRequest(OzoneManagerRequestHandler.java:228) ~[ozone-manager-1.3.0-SNAPSHOT.jar:?]
	at org.apache.hadoop.ozone.protocolPB.OzoneManagerProtocolServerSideTranslatorPB.submitReadRequestToOM(OzoneManagerProtocolServerSideTranslatorPB.java:226) ~[ozone-manager-1.3.0-SNAPSHOT.jar:?]
	at org.apache.hadoop.ozone.protocolPB.OzoneManagerProtocolServerSideTranslatorPB.processRequest(OzoneManagerProtocolServerSideTranslatorPB.java:175) ~[ozone-manager-1.3.0-SNAPSHOT.jar:?]
	at org.apache.hadoop.hdds.server.OzoneProtocolMessageDispatcher.processRequest(OzoneProtocolMessageDispatcher.java:87) [hdds-server-framework-1.3.0-SNAPSHOT.jar:?]
	at org.apache.hadoop.ozone.protocolPB.OzoneManagerProtocolServerSideTranslatorPB.submitRequest(OzoneManagerProtocolServerSideTranslatorPB.java:147) [ozone-manager-1.3.0-SNAPSHOT.jar:?]
	at org.apache.hadoop.ozone.protocol.proto.OzoneManagerProtocolProtos$OzoneManagerService$2.callBlockingMethod(OzoneManagerProtocolProtos.java) [ozone-interface-client-1.3.0-SNAPSHOT.jar:?]
	at org.apache.hadoop.ipc.ProtobufRpcEngine$Server.processCall(ProtobufRpcEngine.java:466) [hadoop-common-3.3.1.jar:?]
	at org.apache.hadoop.ipc.ProtobufRpcEngine2$Server$ProtoBufRpcInvoker.call(ProtobufRpcEngine2.java:574) [hadoop-common-3.3.1.jar:?]
	at org.apache.hadoop.ipc.ProtobufRpcEngine2$Server$ProtoBufRpcInvoker.call(ProtobufRpcEngine2.java:552) [hadoop-common-3.3.1.jar:?]
	at org.apache.hadoop.ipc.RPC$Server.call(RPC.java:1093) [hadoop-common-3.3.1.jar:?]
	at org.apache.hadoop.ipc.Server$RpcCall.run(Server.java:1035) [hadoop-common-3.3.1.jar:?]
	at org.apache.hadoop.ipc.Server$RpcCall.run(Server.java:963) [hadoop-common-3.3.1.jar:?]
	at java.security.AccessController.doPrivileged(Native Method) ~[?:1.8.0_332]
	at javax.security.auth.Subject.doAs(Subject.java:422) [?:1.8.0_332]
	at org.apache.hadoop.security.UserGroupInformation.doAs(UserGroupInformation.java:1878) [hadoop-common-3.3.1.jar:?]
	at org.apache.hadoop.ipc.Server$Handler.run(Server.java:2966) [hadoop-common-3.3.1.jar:?]
]]></system-out>
  </testcase>
  <testcase name="testRenameFile" classname="TestRootedOzoneFileSystem" time="0.345">
    <system-out><![CDATA[2022-08-09 13:48:35,942 [Listener at 127.0.0.1/34619] INFO  ozone.MiniOzoneClusterImpl (MiniOzoneClusterImpl.java:shutdown(448)) - Shutting down the Mini Ozone Cluster
2022-08-09 13:48:35,942 [Listener at 127.0.0.1/34619] INFO  ozone.MiniOzoneClusterImpl (MiniOzoneClusterImpl.java:stop(463)) - Stopping the Mini Ozone Cluster
2022-08-09 13:48:35,942 [Listener at 127.0.0.1/34619] INFO  ozone.MiniOzoneClusterImpl (MiniOzoneClusterImpl.java:stopOM(545)) - Stopping the OzoneManager
2022-08-09 13:48:35,943 [Listener at 127.0.0.1/34619] INFO  om.OzoneManager (OzoneManager.java:stop(2022)) - om1[localhost:0]: Stopping Ozone Manager
2022-08-09 13:48:35,943 [Listener at 127.0.0.1/34619] INFO  ipc.Server (Server.java:stop(3414)) - Stopping server on 34619
2022-08-09 13:48:35,956 [IPC Server listener on 0] INFO  ipc.Server (Server.java:run(1376)) - Stopping IPC Server listener on 0
2022-08-09 13:48:35,957 [IPC Server Responder] INFO  ipc.Server (Server.java:run(1512)) - Stopping IPC Server Responder
2022-08-09 13:48:35,957 [Listener at 127.0.0.1/34619] INFO  server.RaftServer (RaftServerProxy.java:lambda$close$7(398)) - om1: close
2022-08-09 13:48:35,957 [Listener at 127.0.0.1/34619] INFO  server.RaftServer$Division (RaftServerImpl.java:lambda$close$4(434)) - om1@group-C5BA1605619E: shutdown
2022-08-09 13:48:35,957 [Listener at 127.0.0.1/34619] INFO  util.JmxRegister (JmxRegister.java:unregister(73)) - Successfully un-registered JMX Bean with object name Ratis:service=RaftServer,group=group-C5BA1605619E,id=om1
2022-08-09 13:48:35,957 [Listener at 127.0.0.1/34619] INFO  impl.RoleInfo (RoleInfo.java:shutdownLeaderState(93)) - om1: shutdown om1@group-C5BA1605619E-LeaderStateImpl
2022-08-09 13:48:35,958 [Listener at 127.0.0.1/34619] INFO  impl.PendingRequests (PendingRequests.java:sendNotLeaderResponses(282)) - om1@group-C5BA1605619E-PendingRequests: sendNotLeaderResponses
2022-08-09 13:48:35,962 [Listener at 127.0.0.1/34619] INFO  impl.StateMachineUpdater (StateMachineUpdater.java:stopAndJoin(153)) - om1@group-C5BA1605619E-StateMachineUpdater: set stopIndex = 6846
2022-08-09 13:48:35,962 [om1@group-C5BA1605619E-StateMachineUpdater] INFO  ratis.OzoneManagerStateMachine (OzoneManagerStateMachine.java:takeSnapshot(441)) - Current Snapshot Index (t:1, i:6846)
2022-08-09 13:48:35,962 [om1@group-C5BA1605619E-StateMachineUpdater] INFO  impl.StateMachineUpdater (StateMachineUpdater.java:takeSnapshot(287)) - om1@group-C5BA1605619E-StateMachineUpdater: Took a snapshot at index 6846
2022-08-09 13:48:35,962 [om1@group-C5BA1605619E-StateMachineUpdater] INFO  impl.StateMachineUpdater (StateMachineUpdater.java:lambda$new$0(92)) - om1@group-C5BA1605619E-StateMachineUpdater: snapshotIndex: updateIncreasingly -1 -> 6846
2022-08-09 13:48:35,962 [om1@group-C5BA1605619E-StateMachineUpdater] INFO  ratis.OzoneManagerStateMachine (OzoneManagerStateMachine.java:close(495)) - StateMachine has shutdown. Shutdown OzoneManager if not already shutdown.
2022-08-09 13:48:35,962 [om1@group-C5BA1605619E-StateMachineUpdater] INFO  ratis.OzoneManagerDoubleBuffer (OzoneManagerDoubleBuffer.java:stop(466)) - Stopping OMDoubleBuffer flush thread
2022-08-09 13:48:35,962 [OMDoubleBufferFlushThread] INFO  ratis.OzoneManagerDoubleBuffer (OzoneManagerDoubleBuffer.java:flushTransactions(385)) - OMDoubleBuffer flush thread OMDoubleBufferFlushThread is interrupted and will exit.
2022-08-09 13:48:35,970 [Listener at 127.0.0.1/34619] INFO  server.RaftServer$Division (ServerState.java:close(429)) - om1@group-C5BA1605619E: closes. applyIndex: 6846
2022-08-09 13:48:35,971 [om1@group-C5BA1605619E-SegmentedRaftLogWorker] INFO  segmented.SegmentedRaftLogWorker (SegmentedRaftLogWorker.java:run(336)) - om1@group-C5BA1605619E-SegmentedRaftLogWorker was interrupted, exiting. There are 0 tasks remaining in the queue.
2022-08-09 13:48:35,972 [Listener at 127.0.0.1/34619] INFO  segmented.SegmentedRaftLogWorker (SegmentedRaftLogWorker.java:close(246)) - om1@group-C5BA1605619E-SegmentedRaftLogWorker close()
2022-08-09 13:48:35,973 [Listener at 127.0.0.1/34619] INFO  server.GrpcService (GrpcService.java:closeImpl(269)) - om1: shutdown server with port 9872 now
2022-08-09 13:48:35,974 [Listener at 127.0.0.1/34619] INFO  server.GrpcService (GrpcService.java:closeImpl(278)) - om1: shutdown server with port 9872 successfully
2022-08-09 13:48:35,974 [org.apache.ratis.util.JvmPauseMonitor$$Lambda$615/629946574@5bd3ef5c] INFO  util.JvmPauseMonitor (JvmPauseMonitor.java:run(109)) - JvmPauseMonitor-om1: Stopped
2022-08-09 13:48:35,974 [Listener at 127.0.0.1/34619] INFO  ratis.OzoneManagerStateMachine (OzoneManagerStateMachine.java:close(495)) - StateMachine has shutdown. Shutdown OzoneManager if not already shutdown.
2022-08-09 13:48:35,974 [Listener at 127.0.0.1/34619] INFO  ratis.OzoneManagerDoubleBuffer (OzoneManagerDoubleBuffer.java:stop(478)) - OMDoubleBuffer flush thread is not running.
2022-08-09 13:48:35,974 [Listener at 127.0.0.1/34619] INFO  utils.BackgroundService (BackgroundService.java:shutdown(141)) - Shutting down service KeyDeletingService
2022-08-09 13:48:35,974 [Listener at 127.0.0.1/34619] INFO  utils.BackgroundService (BackgroundService.java:shutdown(141)) - Shutting down service DirectoryDeletingService
2022-08-09 13:48:35,975 [Listener at 127.0.0.1/34619] INFO  utils.BackgroundService (BackgroundService.java:shutdown(141)) - Shutting down service OpenKeyCleanupService
2022-08-09 13:48:35,976 [Listener at 127.0.0.1/34619] INFO  handler.ContextHandler (ContextHandler.java:doStop(1153)) - Stopped o.e.j.w.WebAppContext@7c38e37a{ozoneManager,/,null,STOPPED}{file:/home/runner/work/ozone/ozone/hadoop-ozone/integration-test/target/test-classes/webapps/ozoneManager}
2022-08-09 13:48:35,978 [Listener at 127.0.0.1/34619] INFO  server.AbstractConnector (AbstractConnector.java:doStop(381)) - Stopped ServerConnector@25d4cf47{HTTP/1.1, (http/1.1)}{0.0.0.0:0}
2022-08-09 13:48:35,978 [Listener at 127.0.0.1/34619] INFO  server.session (HouseKeeper.java:stopScavenging(149)) - node0 Stopped scavenging
2022-08-09 13:48:35,979 [Listener at 127.0.0.1/34619] INFO  handler.ContextHandler (ContextHandler.java:doStop(1153)) - Stopped o.e.j.s.ServletContextHandler@428239c1{static,/static,file:///home/runner/work/ozone/ozone/hadoop-ozone/integration-test/target/test-classes/webapps/static,STOPPED}
2022-08-09 13:48:35,979 [Listener at 127.0.0.1/34619] INFO  handler.ContextHandler (ContextHandler.java:doStop(1153)) - Stopped o.e.j.s.ServletContextHandler@5da96b6c{logs,/logs,file:///home/runner/work/ozone/ozone/hadoop-ozone/integration-test/target/log,STOPPED}
2022-08-09 13:48:35,983 [Trash Emptier] ERROR util.ExitUtils (ExitUtils.java:terminate(133)) - Terminating with exit status -1: Thread[Trash Emptier,5,main] has thrown an uncaught exception
java.lang.UnsupportedOperationException: fs.getUri() not implemented in TrashOzoneFileSystem
	at org.apache.hadoop.ozone.om.TrashOzoneFileSystem.getUri(TrashOzoneFileSystem.java:126)
	at org.apache.hadoop.fs.FileSystem.close(FileSystem.java:2592)
	at org.apache.hadoop.ozone.om.TrashPolicyOzone$Emptier.run(TrashPolicyOzone.java:243)
	at java.lang.Thread.run(Thread.java:750)
2022-08-09 13:48:35,993 [Listener at 127.0.0.1/34619] INFO  ozone.MiniOzoneClusterImpl (MiniOzoneClusterImpl.java:stopDatanodes(522)) - Stopping the HddsDatanodes
2022-08-09 13:48:36,420 [Finalizer] WARN  managed.ManagedRocksObjectUtils (ManagedRocksObjectUtils.java:assertClosed(39)) - Checkpoint is not closed properly
2022-08-09 13:48:36,421 [Finalizer] WARN  managed.ManagedRocksObjectUtils (ManagedRocksObjectUtils.java:assertClosed(39)) - ManagedBloomFilter is not closed properly
2022-08-09 13:48:36,421 [Finalizer] WARN  managed.ManagedRocksObjectUtils (ManagedRocksObjectUtils.java:assertClosed(39)) - ManagedLRUCache is not closed properly
2022-08-09 13:48:36,421 [Finalizer] WARN  managed.ManagedRocksObjectUtils (ManagedRocksObjectUtils.java:assertClosed(39)) - ManagedColumnFamilyOptions is not closed properly
2022-08-09 13:48:36,421 [Finalizer] WARN  managed.ManagedRocksObjectUtils (ManagedRocksObjectUtils.java:assertClosed(39)) - ManagedDBOptions is not closed properly
2022-08-09 13:48:36,421 [Finalizer] WARN  managed.ManagedRocksObjectUtils (ManagedRocksObjectUtils.java:assertClosed(39)) - ManagedBloomFilter is not closed properly
2022-08-09 13:48:36,421 [Finalizer] WARN  managed.ManagedRocksObjectUtils (ManagedRocksObjectUtils.java:assertClosed(39)) - ManagedLRUCache is not closed properly
2022-08-09 13:48:36,421 [Finalizer] WARN  managed.ManagedRocksObjectUtils (ManagedRocksObjectUtils.java:assertClosed(39)) - ManagedColumnFamilyOptions is not closed properly
2022-08-09 13:48:36,421 [Finalizer] WARN  managed.ManagedRocksObjectUtils (ManagedRocksObjectUtils.java:assertClosed(39)) - ManagedDBOptions is not closed properly
2022-08-09 13:48:36,421 [Finalizer] WARN  managed.ManagedRocksObjectUtils (ManagedRocksObjectUtils.java:assertClosed(39)) - ManagedBloomFilter is not closed properly
2022-08-09 13:48:36,421 [Finalizer] WARN  managed.ManagedRocksObjectUtils (ManagedRocksObjectUtils.java:assertClosed(39)) - ManagedLRUCache is not closed properly
2022-08-09 13:48:36,421 [Finalizer] WARN  managed.ManagedRocksObjectUtils (ManagedRocksObjectUtils.java:assertClosed(39)) - ManagedColumnFamilyOptions is not closed properly
2022-08-09 13:48:36,421 [Finalizer] WARN  managed.ManagedRocksObjectUtils (ManagedRocksObjectUtils.java:assertClosed(39)) - ManagedDBOptions is not closed properly
2022-08-09 13:48:36,421 [Finalizer] WARN  managed.ManagedRocksObjectUtils (ManagedRocksObjectUtils.java:assertClosed(39)) - ManagedBloomFilter is not closed properly
2022-08-09 13:48:36,421 [Finalizer] WARN  managed.ManagedRocksObjectUtils (ManagedRocksObjectUtils.java:assertClosed(39)) - ManagedLRUCache is not closed properly
2022-08-09 13:48:36,421 [Finalizer] WARN  managed.ManagedRocksObjectUtils (ManagedRocksObjectUtils.java:assertClosed(39)) - ManagedColumnFamilyOptions is not closed properly
2022-08-09 13:48:36,421 [Finalizer] WARN  managed.ManagedRocksObjectUtils (ManagedRocksObjectUtils.java:assertClosed(39)) - ManagedDBOptions is not closed properly
2022-08-09 13:48:36,421 [Finalizer] WARN  managed.ManagedRocksObjectUtils (ManagedRocksObjectUtils.java:assertClosed(39)) - ManagedBloomFilter is not closed properly
2022-08-09 13:48:36,421 [Finalizer] WARN  managed.ManagedRocksObjectUtils (ManagedRocksObjectUtils.java:assertClosed(39)) - ManagedLRUCache is not closed properly
2022-08-09 13:48:36,421 [Finalizer] WARN  managed.ManagedRocksObjectUtils (ManagedRocksObjectUtils.java:assertClosed(39)) - ManagedColumnFamilyOptions is not closed properly
2022-08-09 13:48:36,421 [Finalizer] WARN  managed.ManagedRocksObjectUtils (ManagedRocksObjectUtils.java:assertClosed(39)) - ManagedDBOptions is not closed properly
2022-08-09 13:48:40,999 [ForkJoinPool.commonPool-worker-1] INFO  ozoneimpl.OzoneContainer (OzoneContainer.java:stop(399)) - Attempting to stop container services.
2022-08-09 13:48:40,999 [Listener at 127.0.0.1/34619] INFO  ozoneimpl.OzoneContainer (OzoneContainer.java:stop(399)) - Attempting to stop container services.
2022-08-09 13:48:41,003 [ForkJoinPool.commonPool-worker-1] INFO  server.RaftServer (RaftServerProxy.java:lambda$close$7(398)) - 7ea02f52-0524-4638-b817-10339939da37: close
2022-08-09 13:48:41,004 [Listener at 127.0.0.1/34619] INFO  server.RaftServer (RaftServerProxy.java:lambda$close$7(398)) - 7eae729b-82ee-421b-843d-240299c4e56c: close
2022-08-09 13:48:41,004 [Listener at 127.0.0.1/34619] INFO  server.RaftServer$Division (RaftServerImpl.java:lambda$close$4(434)) - 7eae729b-82ee-421b-843d-240299c4e56c@group-45546029146D: shutdown
2022-08-09 13:48:41,004 [Listener at 127.0.0.1/34619] INFO  util.JmxRegister (JmxRegister.java:unregister(73)) - Successfully un-registered JMX Bean with object name Ratis:service=RaftServer,group=group-45546029146D,id=7eae729b-82ee-421b-843d-240299c4e56c
2022-08-09 13:48:41,004 [Listener at 127.0.0.1/34619] INFO  impl.RoleInfo (RoleInfo.java:shutdownFollowerState(110)) - 7eae729b-82ee-421b-843d-240299c4e56c: shutdown 7eae729b-82ee-421b-843d-240299c4e56c@group-45546029146D-FollowerState
2022-08-09 13:48:41,004 [Listener at 127.0.0.1/34619] INFO  impl.StateMachineUpdater (StateMachineUpdater.java:stopAndJoin(153)) - 7eae729b-82ee-421b-843d-240299c4e56c@group-45546029146D-StateMachineUpdater: set stopIndex = 32
2022-08-09 13:48:41,004 [7eae729b-82ee-421b-843d-240299c4e56c@group-45546029146D-FollowerState] INFO  impl.FollowerState (FollowerState.java:run(152)) - 7eae729b-82ee-421b-843d-240299c4e56c@group-45546029146D-FollowerState was interrupted
2022-08-09 13:48:41,005 [7eae729b-82ee-421b-843d-240299c4e56c@group-45546029146D-StateMachineUpdater] INFO  ratis.ContainerStateMachine (ContainerStateMachine.java:takeSnapshot(304)) - group-45546029146D: Taking a snapshot at:(t:1, i:32) file /home/runner/work/ozone/ozone/hadoop-ozone/integration-test/target/test-dir/MiniOzoneClusterImpl-47423824-61ae-4caf-b360-a3644823e0d5/datanode-2/data/ratis/0f4e7a3b-074b-4ffa-82f4-45546029146d/sm/snapshot.1_32
2022-08-09 13:48:41,004 [ForkJoinPool.commonPool-worker-1] INFO  server.RaftServer$Division (RaftServerImpl.java:lambda$close$4(434)) - 7ea02f52-0524-4638-b817-10339939da37@group-45546029146D: shutdown
2022-08-09 13:48:41,005 [ForkJoinPool.commonPool-worker-1] INFO  util.JmxRegister (JmxRegister.java:unregister(73)) - Successfully un-registered JMX Bean with object name Ratis:service=RaftServer,group=group-45546029146D,id=7ea02f52-0524-4638-b817-10339939da37
2022-08-09 13:48:41,005 [ForkJoinPool.commonPool-worker-1] INFO  impl.RoleInfo (RoleInfo.java:shutdownFollowerState(110)) - 7ea02f52-0524-4638-b817-10339939da37: shutdown 7ea02f52-0524-4638-b817-10339939da37@group-45546029146D-FollowerState
2022-08-09 13:48:41,005 [ForkJoinPool.commonPool-worker-1] INFO  impl.StateMachineUpdater (StateMachineUpdater.java:stopAndJoin(153)) - 7ea02f52-0524-4638-b817-10339939da37@group-45546029146D-StateMachineUpdater: set stopIndex = 32
2022-08-09 13:48:41,005 [7ea02f52-0524-4638-b817-10339939da37@group-45546029146D-FollowerState] INFO  impl.FollowerState (FollowerState.java:run(152)) - 7ea02f52-0524-4638-b817-10339939da37@group-45546029146D-FollowerState was interrupted
2022-08-09 13:48:41,009 [7eae729b-82ee-421b-843d-240299c4e56c@group-45546029146D-StateMachineUpdater] INFO  ratis.ContainerStateMachine (ContainerStateMachine.java:takeSnapshot(315)) - group-45546029146D: Finished taking a snapshot at:(t:1, i:32) file:/home/runner/work/ozone/ozone/hadoop-ozone/integration-test/target/test-dir/MiniOzoneClusterImpl-47423824-61ae-4caf-b360-a3644823e0d5/datanode-2/data/ratis/0f4e7a3b-074b-4ffa-82f4-45546029146d/sm/snapshot.1_32 took: 4 ms
2022-08-09 13:48:41,009 [7eae729b-82ee-421b-843d-240299c4e56c@group-45546029146D-StateMachineUpdater] INFO  impl.StateMachineUpdater (StateMachineUpdater.java:takeSnapshot(287)) - 7eae729b-82ee-421b-843d-240299c4e56c@group-45546029146D-StateMachineUpdater: Took a snapshot at index 32
2022-08-09 13:48:41,009 [7eae729b-82ee-421b-843d-240299c4e56c@group-45546029146D-StateMachineUpdater] INFO  impl.StateMachineUpdater (StateMachineUpdater.java:lambda$new$0(92)) - 7eae729b-82ee-421b-843d-240299c4e56c@group-45546029146D-StateMachineUpdater: snapshotIndex: updateIncreasingly -1 -> 32
2022-08-09 13:48:41,010 [Listener at 127.0.0.1/34619] INFO  server.RaftServer$Division (ServerState.java:close(429)) - 7eae729b-82ee-421b-843d-240299c4e56c@group-45546029146D: closes. applyIndex: 32
2022-08-09 13:48:41,011 [7eae729b-82ee-421b-843d-240299c4e56c@group-45546029146D-SegmentedRaftLogWorker] INFO  segmented.SegmentedRaftLogWorker (SegmentedRaftLogWorker.java:run(336)) - 7eae729b-82ee-421b-843d-240299c4e56c@group-45546029146D-SegmentedRaftLogWorker was interrupted, exiting. There are 0 tasks remaining in the queue.
2022-08-09 13:48:41,016 [Listener at 127.0.0.1/34619] INFO  segmented.SegmentedRaftLogWorker (SegmentedRaftLogWorker.java:close(246)) - 7eae729b-82ee-421b-843d-240299c4e56c@group-45546029146D-SegmentedRaftLogWorker close()
2022-08-09 13:48:41,017 [7ea02f52-0524-4638-b817-10339939da37@group-45546029146D-StateMachineUpdater] INFO  ratis.ContainerStateMachine (ContainerStateMachine.java:takeSnapshot(304)) - group-45546029146D: Taking a snapshot at:(t:1, i:32) file /home/runner/work/ozone/ozone/hadoop-ozone/integration-test/target/test-dir/MiniOzoneClusterImpl-47423824-61ae-4caf-b360-a3644823e0d5/datanode-1/data/ratis/0f4e7a3b-074b-4ffa-82f4-45546029146d/sm/snapshot.1_32
2022-08-09 13:48:41,019 [7ea02f52-0524-4638-b817-10339939da37@group-45546029146D-StateMachineUpdater] INFO  ratis.ContainerStateMachine (ContainerStateMachine.java:takeSnapshot(315)) - group-45546029146D: Finished taking a snapshot at:(t:1, i:32) file:/home/runner/work/ozone/ozone/hadoop-ozone/integration-test/target/test-dir/MiniOzoneClusterImpl-47423824-61ae-4caf-b360-a3644823e0d5/datanode-1/data/ratis/0f4e7a3b-074b-4ffa-82f4-45546029146d/sm/snapshot.1_32 took: 2 ms
2022-08-09 13:48:41,019 [7ea02f52-0524-4638-b817-10339939da37@group-45546029146D-StateMachineUpdater] INFO  impl.StateMachineUpdater (StateMachineUpdater.java:takeSnapshot(287)) - 7ea02f52-0524-4638-b817-10339939da37@group-45546029146D-StateMachineUpdater: Took a snapshot at index 32
2022-08-09 13:48:41,019 [7ea02f52-0524-4638-b817-10339939da37@group-45546029146D-StateMachineUpdater] INFO  impl.StateMachineUpdater (StateMachineUpdater.java:lambda$new$0(92)) - 7ea02f52-0524-4638-b817-10339939da37@group-45546029146D-StateMachineUpdater: snapshotIndex: updateIncreasingly -1 -> 32
2022-08-09 13:48:41,019 [Listener at 127.0.0.1/34619] INFO  server.RaftServer$Division (RaftServerImpl.java:lambda$close$4(434)) - 7eae729b-82ee-421b-843d-240299c4e56c@group-D06DED371CF4: shutdown
2022-08-09 13:48:41,019 [Listener at 127.0.0.1/34619] INFO  util.JmxRegister (JmxRegister.java:unregister(73)) - Successfully un-registered JMX Bean with object name Ratis:service=RaftServer,group=group-D06DED371CF4,id=7eae729b-82ee-421b-843d-240299c4e56c
2022-08-09 13:48:41,019 [Listener at 127.0.0.1/34619] INFO  impl.RoleInfo (RoleInfo.java:shutdownFollowerState(110)) - 7eae729b-82ee-421b-843d-240299c4e56c: shutdown 7eae729b-82ee-421b-843d-240299c4e56c@group-D06DED371CF4-FollowerState
2022-08-09 13:48:41,020 [Listener at 127.0.0.1/34619] INFO  impl.StateMachineUpdater (StateMachineUpdater.java:stopAndJoin(153)) - 7eae729b-82ee-421b-843d-240299c4e56c@group-D06DED371CF4-StateMachineUpdater: set stopIndex = 0
2022-08-09 13:48:41,020 [ForkJoinPool.commonPool-worker-1] INFO  server.RaftServer$Division (ServerState.java:close(429)) - 7ea02f52-0524-4638-b817-10339939da37@group-45546029146D: closes. applyIndex: 32
2022-08-09 13:48:41,020 [7eae729b-82ee-421b-843d-240299c4e56c@group-D06DED371CF4-FollowerState] INFO  impl.FollowerState (FollowerState.java:run(152)) - 7eae729b-82ee-421b-843d-240299c4e56c@group-D06DED371CF4-FollowerState was interrupted
2022-08-09 13:48:41,020 [7ea02f52-0524-4638-b817-10339939da37@group-45546029146D-SegmentedRaftLogWorker] INFO  segmented.SegmentedRaftLogWorker (SegmentedRaftLogWorker.java:run(336)) - 7ea02f52-0524-4638-b817-10339939da37@group-45546029146D-SegmentedRaftLogWorker was interrupted, exiting. There are 0 tasks remaining in the queue.
2022-08-09 13:48:41,020 [7eae729b-82ee-421b-843d-240299c4e56c@group-D06DED371CF4-StateMachineUpdater] INFO  ratis.ContainerStateMachine (ContainerStateMachine.java:takeSnapshot(304)) - group-D06DED371CF4: Taking a snapshot at:(t:3, i:0) file /home/runner/work/ozone/ozone/hadoop-ozone/integration-test/target/test-dir/MiniOzoneClusterImpl-47423824-61ae-4caf-b360-a3644823e0d5/datanode-2/data/ratis/d5aa702c-433d-4894-acad-d06ded371cf4/sm/snapshot.3_0
2022-08-09 13:48:41,020 [7eae729b-82ee-421b-843d-240299c4e56c@group-D06DED371CF4-StateMachineUpdater] INFO  ratis.ContainerStateMachine (ContainerStateMachine.java:takeSnapshot(315)) - group-D06DED371CF4: Finished taking a snapshot at:(t:3, i:0) file:/home/runner/work/ozone/ozone/hadoop-ozone/integration-test/target/test-dir/MiniOzoneClusterImpl-47423824-61ae-4caf-b360-a3644823e0d5/datanode-2/data/ratis/d5aa702c-433d-4894-acad-d06ded371cf4/sm/snapshot.3_0 took: 1 ms
2022-08-09 13:48:41,021 [7eae729b-82ee-421b-843d-240299c4e56c@group-D06DED371CF4-StateMachineUpdater] INFO  impl.StateMachineUpdater (StateMachineUpdater.java:takeSnapshot(287)) - 7eae729b-82ee-421b-843d-240299c4e56c@group-D06DED371CF4-StateMachineUpdater: Took a snapshot at index 0
2022-08-09 13:48:41,021 [7eae729b-82ee-421b-843d-240299c4e56c@group-D06DED371CF4-StateMachineUpdater] INFO  impl.StateMachineUpdater (StateMachineUpdater.java:lambda$new$0(92)) - 7eae729b-82ee-421b-843d-240299c4e56c@group-D06DED371CF4-StateMachineUpdater: snapshotIndex: updateIncreasingly -1 -> 0
2022-08-09 13:48:41,022 [ForkJoinPool.commonPool-worker-1] INFO  segmented.SegmentedRaftLogWorker (SegmentedRaftLogWorker.java:close(246)) - 7ea02f52-0524-4638-b817-10339939da37@group-45546029146D-SegmentedRaftLogWorker close()
2022-08-09 13:48:41,022 [ForkJoinPool.commonPool-worker-1] INFO  server.RaftServer$Division (RaftServerImpl.java:lambda$close$4(434)) - 7ea02f52-0524-4638-b817-10339939da37@group-667C82500E0A: shutdown
2022-08-09 13:48:41,022 [ForkJoinPool.commonPool-worker-1] INFO  util.JmxRegister (JmxRegister.java:unregister(73)) - Successfully un-registered JMX Bean with object name Ratis:service=RaftServer,group=group-667C82500E0A,id=7ea02f52-0524-4638-b817-10339939da37
2022-08-09 13:48:41,023 [ForkJoinPool.commonPool-worker-1] INFO  impl.RoleInfo (RoleInfo.java:shutdownLeaderState(93)) - 7ea02f52-0524-4638-b817-10339939da37: shutdown 7ea02f52-0524-4638-b817-10339939da37@group-667C82500E0A-LeaderStateImpl
2022-08-09 13:48:41,023 [ForkJoinPool.commonPool-worker-1] INFO  impl.PendingRequests (PendingRequests.java:sendNotLeaderResponses(282)) - 7ea02f52-0524-4638-b817-10339939da37@group-667C82500E0A-PendingRequests: sendNotLeaderResponses
2022-08-09 13:48:41,023 [ForkJoinPool.commonPool-worker-1] INFO  impl.StateMachineUpdater (StateMachineUpdater.java:stopAndJoin(153)) - 7ea02f52-0524-4638-b817-10339939da37@group-667C82500E0A-StateMachineUpdater: set stopIndex = 0
2022-08-09 13:48:41,023 [7ea02f52-0524-4638-b817-10339939da37@group-667C82500E0A-StateMachineUpdater] INFO  ratis.ContainerStateMachine (ContainerStateMachine.java:takeSnapshot(304)) - group-667C82500E0A: Taking a snapshot at:(t:1, i:0) file /home/runner/work/ozone/ozone/hadoop-ozone/integration-test/target/test-dir/MiniOzoneClusterImpl-47423824-61ae-4caf-b360-a3644823e0d5/datanode-1/data/ratis/cbc87c03-af7f-4dee-9dc7-667c82500e0a/sm/snapshot.1_0
2022-08-09 13:48:41,024 [7ea02f52-0524-4638-b817-10339939da37@group-667C82500E0A-StateMachineUpdater] INFO  ratis.ContainerStateMachine (ContainerStateMachine.java:takeSnapshot(315)) - group-667C82500E0A: Finished taking a snapshot at:(t:1, i:0) file:/home/runner/work/ozone/ozone/hadoop-ozone/integration-test/target/test-dir/MiniOzoneClusterImpl-47423824-61ae-4caf-b360-a3644823e0d5/datanode-1/data/ratis/cbc87c03-af7f-4dee-9dc7-667c82500e0a/sm/snapshot.1_0 took: 1 ms
2022-08-09 13:48:41,024 [7ea02f52-0524-4638-b817-10339939da37@group-667C82500E0A-StateMachineUpdater] INFO  impl.StateMachineUpdater (StateMachineUpdater.java:takeSnapshot(287)) - 7ea02f52-0524-4638-b817-10339939da37@group-667C82500E0A-StateMachineUpdater: Took a snapshot at index 0
2022-08-09 13:48:41,024 [7ea02f52-0524-4638-b817-10339939da37@group-667C82500E0A-StateMachineUpdater] INFO  impl.StateMachineUpdater (StateMachineUpdater.java:lambda$new$0(92)) - 7ea02f52-0524-4638-b817-10339939da37@group-667C82500E0A-StateMachineUpdater: snapshotIndex: updateIncreasingly -1 -> 0
2022-08-09 13:48:41,024 [ForkJoinPool.commonPool-worker-1] INFO  server.RaftServer$Division (ServerState.java:close(429)) - 7ea02f52-0524-4638-b817-10339939da37@group-667C82500E0A: closes. applyIndex: 0
2022-08-09 13:48:41,024 [Listener at 127.0.0.1/34619] INFO  server.RaftServer$Division (ServerState.java:close(429)) - 7eae729b-82ee-421b-843d-240299c4e56c@group-D06DED371CF4: closes. applyIndex: 0
2022-08-09 13:48:41,025 [7eae729b-82ee-421b-843d-240299c4e56c@group-D06DED371CF4-SegmentedRaftLogWorker] INFO  segmented.SegmentedRaftLogWorker (SegmentedRaftLogWorker.java:run(336)) - 7eae729b-82ee-421b-843d-240299c4e56c@group-D06DED371CF4-SegmentedRaftLogWorker was interrupted, exiting. There are 0 tasks remaining in the queue.
2022-08-09 13:48:41,025 [7ea02f52-0524-4638-b817-10339939da37@group-667C82500E0A-SegmentedRaftLogWorker] INFO  segmented.SegmentedRaftLogWorker (SegmentedRaftLogWorker.java:run(336)) - 7ea02f52-0524-4638-b817-10339939da37@group-667C82500E0A-SegmentedRaftLogWorker was interrupted, exiting. There are 0 tasks remaining in the queue.
2022-08-09 13:48:41,025 [ForkJoinPool.commonPool-worker-1] INFO  segmented.SegmentedRaftLogWorker (SegmentedRaftLogWorker.java:close(246)) - 7ea02f52-0524-4638-b817-10339939da37@group-667C82500E0A-SegmentedRaftLogWorker close()
2022-08-09 13:48:41,033 [Listener at 127.0.0.1/34619] INFO  segmented.SegmentedRaftLogWorker (SegmentedRaftLogWorker.java:close(246)) - 7eae729b-82ee-421b-843d-240299c4e56c@group-D06DED371CF4-SegmentedRaftLogWorker close()
2022-08-09 13:48:41,034 [Listener at 127.0.0.1/34619] INFO  server.RaftServer$Division (RaftServerImpl.java:lambda$close$4(434)) - 7eae729b-82ee-421b-843d-240299c4e56c@group-4D6438B63181: shutdown
2022-08-09 13:48:41,034 [Listener at 127.0.0.1/34619] INFO  util.JmxRegister (JmxRegister.java:unregister(73)) - Successfully un-registered JMX Bean with object name Ratis:service=RaftServer,group=group-4D6438B63181,id=7eae729b-82ee-421b-843d-240299c4e56c
2022-08-09 13:48:41,034 [Listener at 127.0.0.1/34619] INFO  impl.RoleInfo (RoleInfo.java:shutdownLeaderState(93)) - 7eae729b-82ee-421b-843d-240299c4e56c: shutdown 7eae729b-82ee-421b-843d-240299c4e56c@group-4D6438B63181-LeaderStateImpl
2022-08-09 13:48:41,034 [Listener at 127.0.0.1/34619] INFO  impl.PendingRequests (PendingRequests.java:sendNotLeaderResponses(282)) - 7eae729b-82ee-421b-843d-240299c4e56c@group-4D6438B63181-PendingRequests: sendNotLeaderResponses
2022-08-09 13:48:41,035 [Listener at 127.0.0.1/34619] INFO  impl.StateMachineUpdater (StateMachineUpdater.java:stopAndJoin(153)) - 7eae729b-82ee-421b-843d-240299c4e56c@group-4D6438B63181-StateMachineUpdater: set stopIndex = 0
2022-08-09 13:48:41,035 [7eae729b-82ee-421b-843d-240299c4e56c@group-4D6438B63181-StateMachineUpdater] INFO  ratis.ContainerStateMachine (ContainerStateMachine.java:takeSnapshot(304)) - group-4D6438B63181: Taking a snapshot at:(t:1, i:0) file /home/runner/work/ozone/ozone/hadoop-ozone/integration-test/target/test-dir/MiniOzoneClusterImpl-47423824-61ae-4caf-b360-a3644823e0d5/datanode-2/data/ratis/34ece154-41ea-438e-82f1-4d6438b63181/sm/snapshot.1_0
2022-08-09 13:48:41,035 [ForkJoinPool.commonPool-worker-1] INFO  server.RaftServer$Division (RaftServerImpl.java:lambda$close$4(434)) - 7ea02f52-0524-4638-b817-10339939da37@group-D06DED371CF4: shutdown
2022-08-09 13:48:41,035 [7eae729b-82ee-421b-843d-240299c4e56c@group-4D6438B63181-StateMachineUpdater] INFO  ratis.ContainerStateMachine (ContainerStateMachine.java:takeSnapshot(315)) - group-4D6438B63181: Finished taking a snapshot at:(t:1, i:0) file:/home/runner/work/ozone/ozone/hadoop-ozone/integration-test/target/test-dir/MiniOzoneClusterImpl-47423824-61ae-4caf-b360-a3644823e0d5/datanode-2/data/ratis/34ece154-41ea-438e-82f1-4d6438b63181/sm/snapshot.1_0 took: 1 ms
2022-08-09 13:48:41,035 [ForkJoinPool.commonPool-worker-1] INFO  util.JmxRegister (JmxRegister.java:unregister(73)) - Successfully un-registered JMX Bean with object name Ratis:service=RaftServer,group=group-D06DED371CF4,id=7ea02f52-0524-4638-b817-10339939da37
2022-08-09 13:48:41,036 [ForkJoinPool.commonPool-worker-1] INFO  impl.RoleInfo (RoleInfo.java:shutdownLeaderState(93)) - 7ea02f52-0524-4638-b817-10339939da37: shutdown 7ea02f52-0524-4638-b817-10339939da37@group-D06DED371CF4-LeaderStateImpl
2022-08-09 13:48:41,036 [7eae729b-82ee-421b-843d-240299c4e56c@group-4D6438B63181-StateMachineUpdater] INFO  impl.StateMachineUpdater (StateMachineUpdater.java:takeSnapshot(287)) - 7eae729b-82ee-421b-843d-240299c4e56c@group-4D6438B63181-StateMachineUpdater: Took a snapshot at index 0
2022-08-09 13:48:41,036 [ForkJoinPool.commonPool-worker-1] INFO  impl.PendingRequests (PendingRequests.java:sendNotLeaderResponses(282)) - 7ea02f52-0524-4638-b817-10339939da37@group-D06DED371CF4-PendingRequests: sendNotLeaderResponses
2022-08-09 13:48:41,036 [7ea02f52-0524-4638-b817-10339939da37@group-D06DED371CF4->7eae729b-82ee-421b-843d-240299c4e56c-GrpcLogAppender-LogAppenderDaemon] WARN  server.GrpcLogAppender (GrpcLogAppender.java:mayWait(171)) - 7ea02f52-0524-4638-b817-10339939da37@group-D06DED371CF4->7eae729b-82ee-421b-843d-240299c4e56c-GrpcLogAppender: Wait interrupted by java.lang.InterruptedException
2022-08-09 13:48:41,036 [7ea02f52-0524-4638-b817-10339939da37@group-D06DED371CF4->3eae53bb-90ae-447f-858b-4086883680b9-GrpcLogAppender-LogAppenderDaemon] WARN  server.GrpcLogAppender (GrpcLogAppender.java:mayWait(171)) - 7ea02f52-0524-4638-b817-10339939da37@group-D06DED371CF4->3eae53bb-90ae-447f-858b-4086883680b9-GrpcLogAppender: Wait interrupted by java.lang.InterruptedException
2022-08-09 13:48:41,036 [ForkJoinPool.commonPool-worker-1] INFO  impl.StateMachineUpdater (StateMachineUpdater.java:stopAndJoin(153)) - 7ea02f52-0524-4638-b817-10339939da37@group-D06DED371CF4-StateMachineUpdater: set stopIndex = 0
2022-08-09 13:48:41,036 [7eae729b-82ee-421b-843d-240299c4e56c@group-4D6438B63181-StateMachineUpdater] INFO  impl.StateMachineUpdater (StateMachineUpdater.java:lambda$new$0(92)) - 7eae729b-82ee-421b-843d-240299c4e56c@group-4D6438B63181-StateMachineUpdater: snapshotIndex: updateIncreasingly -1 -> 0
2022-08-09 13:48:41,037 [7ea02f52-0524-4638-b817-10339939da37@group-D06DED371CF4-StateMachineUpdater] INFO  ratis.ContainerStateMachine (ContainerStateMachine.java:takeSnapshot(304)) - group-D06DED371CF4: Taking a snapshot at:(t:3, i:0) file /home/runner/work/ozone/ozone/hadoop-ozone/integration-test/target/test-dir/MiniOzoneClusterImpl-47423824-61ae-4caf-b360-a3644823e0d5/datanode-1/data/ratis/d5aa702c-433d-4894-acad-d06ded371cf4/sm/snapshot.3_0
2022-08-09 13:48:41,037 [grpc-default-executor-1] INFO  server.GrpcServerProtocolService (GrpcServerProtocolService.java:onCompleted(140)) - 3eae53bb-90ae-447f-858b-4086883680b9: Completed APPEND_ENTRIES, lastRequest: 7ea02f52-0524-4638-b817-10339939da37->3eae53bb-90ae-447f-858b-4086883680b9#1-t3,previous=(t:0, i:0),leaderCommit=0,initializing? true,entries: size=1, first=(t:3, i:0), CONFIGURATIONENTRY
2022-08-09 13:48:41,038 [7ea02f52-0524-4638-b817-10339939da37@group-D06DED371CF4-StateMachineUpdater] INFO  ratis.ContainerStateMachine (ContainerStateMachine.java:takeSnapshot(315)) - group-D06DED371CF4: Finished taking a snapshot at:(t:3, i:0) file:/home/runner/work/ozone/ozone/hadoop-ozone/integration-test/target/test-dir/MiniOzoneClusterImpl-47423824-61ae-4caf-b360-a3644823e0d5/datanode-1/data/ratis/d5aa702c-433d-4894-acad-d06ded371cf4/sm/snapshot.3_0 took: 1 ms
2022-08-09 13:48:41,038 [7ea02f52-0524-4638-b817-10339939da37@group-D06DED371CF4-StateMachineUpdater] INFO  impl.StateMachineUpdater (StateMachineUpdater.java:takeSnapshot(287)) - 7ea02f52-0524-4638-b817-10339939da37@group-D06DED371CF4-StateMachineUpdater: Took a snapshot at index 0
2022-08-09 13:48:41,038 [7ea02f52-0524-4638-b817-10339939da37@group-D06DED371CF4-StateMachineUpdater] INFO  impl.StateMachineUpdater (StateMachineUpdater.java:lambda$new$0(92)) - 7ea02f52-0524-4638-b817-10339939da37@group-D06DED371CF4-StateMachineUpdater: snapshotIndex: updateIncreasingly -1 -> 0
2022-08-09 13:48:41,038 [grpc-default-executor-0] INFO  server.GrpcLogAppender (GrpcLogAppender.java:onCompleted(339)) - 7ea02f52-0524-4638-b817-10339939da37@group-D06DED371CF4->3eae53bb-90ae-447f-858b-4086883680b9-AppendLogResponseHandler: follower responses appendEntries COMPLETED
2022-08-09 13:48:41,039 [grpc-default-executor-0] INFO  leader.FollowerInfo (FollowerInfoImpl.java:lambda$new$0(48)) - 7ea02f52-0524-4638-b817-10339939da37@group-D06DED371CF4->3eae53bb-90ae-447f-858b-4086883680b9: nextIndex: updateUnconditionally 1 -> 0
2022-08-09 13:48:41,039 [ForkJoinPool.commonPool-worker-1] INFO  server.RaftServer$Division (ServerState.java:close(429)) - 7ea02f52-0524-4638-b817-10339939da37@group-D06DED371CF4: closes. applyIndex: 0
2022-08-09 13:48:41,039 [7ea02f52-0524-4638-b817-10339939da37@group-D06DED371CF4-SegmentedRaftLogWorker] INFO  segmented.SegmentedRaftLogWorker (SegmentedRaftLogWorker.java:run(336)) - 7ea02f52-0524-4638-b817-10339939da37@group-D06DED371CF4-SegmentedRaftLogWorker was interrupted, exiting. There are 0 tasks remaining in the queue.
2022-08-09 13:48:41,039 [Listener at 127.0.0.1/34619] INFO  server.RaftServer$Division (ServerState.java:close(429)) - 7eae729b-82ee-421b-843d-240299c4e56c@group-4D6438B63181: closes. applyIndex: 0
2022-08-09 13:48:41,039 [7eae729b-82ee-421b-843d-240299c4e56c@group-4D6438B63181-SegmentedRaftLogWorker] INFO  segmented.SegmentedRaftLogWorker (SegmentedRaftLogWorker.java:run(336)) - 7eae729b-82ee-421b-843d-240299c4e56c@group-4D6438B63181-SegmentedRaftLogWorker was interrupted, exiting. There are 0 tasks remaining in the queue.
2022-08-09 13:48:41,039 [Listener at 127.0.0.1/34619] INFO  segmented.SegmentedRaftLogWorker (SegmentedRaftLogWorker.java:close(246)) - 7eae729b-82ee-421b-843d-240299c4e56c@group-4D6438B63181-SegmentedRaftLogWorker close()
2022-08-09 13:48:41,041 [grpc-default-executor-2] INFO  server.GrpcServerProtocolService (GrpcServerProtocolService.java:onCompleted(140)) - 7eae729b-82ee-421b-843d-240299c4e56c: Completed APPEND_ENTRIES, lastRequest: 7ea02f52-0524-4638-b817-10339939da37->7eae729b-82ee-421b-843d-240299c4e56c#1-t3,previous=(t:0, i:0),leaderCommit=-1,initializing? true,entries: size=1, first=(t:3, i:0), CONFIGURATIONENTRY
2022-08-09 13:48:41,042 [grpc-default-executor-2] INFO  server.GrpcLogAppender (GrpcLogAppender.java:onCompleted(339)) - 7ea02f52-0524-4638-b817-10339939da37@group-D06DED371CF4->7eae729b-82ee-421b-843d-240299c4e56c-AppendLogResponseHandler: follower responses appendEntries COMPLETED
2022-08-09 13:48:41,042 [grpc-default-executor-2] INFO  leader.FollowerInfo (FollowerInfoImpl.java:lambda$new$0(48)) - 7ea02f52-0524-4638-b817-10339939da37@group-D06DED371CF4->7eae729b-82ee-421b-843d-240299c4e56c: nextIndex: updateUnconditionally 1 -> 0
2022-08-09 13:48:41,043 [ForkJoinPool.commonPool-worker-1] INFO  segmented.SegmentedRaftLogWorker (SegmentedRaftLogWorker.java:close(246)) - 7ea02f52-0524-4638-b817-10339939da37@group-D06DED371CF4-SegmentedRaftLogWorker close()
2022-08-09 13:48:41,043 [Listener at 127.0.0.1/34619] INFO  server.GrpcService (GrpcService.java:closeImpl(269)) - 7eae729b-82ee-421b-843d-240299c4e56c: shutdown server with port 36615 now
2022-08-09 13:48:41,045 [ForkJoinPool.commonPool-worker-1] INFO  server.GrpcService (GrpcService.java:closeImpl(269)) - 7ea02f52-0524-4638-b817-10339939da37: shutdown server with port 45003 now
2022-08-09 13:48:41,060 [grpc-default-executor-1] WARN  server.GrpcServerProtocolService (LogUtils.java:warn(122)) - 7eae729b-82ee-421b-843d-240299c4e56c: installSnapshot onError, lastRequest: 3eae53bb-90ae-447f-858b-4086883680b9->7eae729b-82ee-421b-843d-240299c4e56c#499-t1,previous=(t:1, i:31),leaderCommit=31,initializing? true,entries: size=1, first=(t:1, i:32), METADATAENTRY(c:30): org.apache.ratis.thirdparty.io.grpc.StatusRuntimeException: CANCELLED: client cancelled
2022-08-09 13:48:41,060 [Listener at 127.0.0.1/34619] INFO  server.GrpcService (GrpcService.java:closeImpl(278)) - 7eae729b-82ee-421b-843d-240299c4e56c: shutdown server with port 36615 successfully
2022-08-09 13:48:41,060 [grpc-default-executor-0] WARN  server.GrpcServerProtocolService (LogUtils.java:warn(122)) - 7ea02f52-0524-4638-b817-10339939da37: installSnapshot onError, lastRequest: 3eae53bb-90ae-447f-858b-4086883680b9->7ea02f52-0524-4638-b817-10339939da37#500-t1,previous=(t:1, i:31),leaderCommit=30,initializing? true,entries: size=1, first=(t:1, i:32), METADATAENTRY(c:30): org.apache.ratis.thirdparty.io.grpc.StatusRuntimeException: CANCELLED: client cancelled
2022-08-09 13:48:41,060 [org.apache.ratis.util.JvmPauseMonitor$$Lambda$615/629946574@7abde0ef] INFO  util.JvmPauseMonitor (JvmPauseMonitor.java:run(109)) - JvmPauseMonitor-7eae729b-82ee-421b-843d-240299c4e56c: Stopped
2022-08-09 13:48:41,061 [grpc-default-executor-0] WARN  server.GrpcLogAppender (LogUtils.java:warn(122)) - 3eae53bb-90ae-447f-858b-4086883680b9@group-45546029146D->7eae729b-82ee-421b-843d-240299c4e56c-AppendLogResponseHandler: Failed appendEntries: org.apache.ratis.thirdparty.io.grpc.StatusRuntimeException: CANCELLED: RST_STREAM closed stream. HTTP/2 error code: CANCEL
2022-08-09 13:48:41,061 [grpc-default-executor-0] INFO  leader.FollowerInfo (FollowerInfoImpl.java:lambda$new$0(48)) - 3eae53bb-90ae-447f-858b-4086883680b9@group-45546029146D->7eae729b-82ee-421b-843d-240299c4e56c: nextIndex: updateUnconditionally 33 -> 32
2022-08-09 13:48:41,069 [grpc-default-executor-2] WARN  server.GrpcLogAppender (LogUtils.java:warn(122)) - 3eae53bb-90ae-447f-858b-4086883680b9@group-45546029146D->7ea02f52-0524-4638-b817-10339939da37-AppendLogResponseHandler: Failed appendEntries: org.apache.ratis.thirdparty.io.grpc.StatusRuntimeException: CANCELLED: RST_STREAM closed stream. HTTP/2 error code: CANCEL
2022-08-09 13:48:41,069 [grpc-default-executor-2] INFO  leader.FollowerInfo (FollowerInfoImpl.java:lambda$new$0(48)) - 3eae53bb-90ae-447f-858b-4086883680b9@group-45546029146D->7ea02f52-0524-4638-b817-10339939da37: nextIndex: updateUnconditionally 33 -> 32
2022-08-09 13:48:41,070 [grpc-default-executor-2] WARN  server.GrpcLogAppender (LogUtils.java:warn(122)) - 3eae53bb-90ae-447f-858b-4086883680b9@group-45546029146D->7eae729b-82ee-421b-843d-240299c4e56c-AppendLogResponseHandler: Failed appendEntries: org.apache.ratis.thirdparty.io.grpc.StatusRuntimeException: UNAVAILABLE: io exception
2022-08-09 13:48:41,070 [grpc-default-executor-2] INFO  leader.FollowerInfo (FollowerInfoImpl.java:lambda$new$0(48)) - 3eae53bb-90ae-447f-858b-4086883680b9@group-45546029146D->7eae729b-82ee-421b-843d-240299c4e56c: nextIndex: updateUnconditionally 33 -> 32
2022-08-09 13:48:41,073 [ForkJoinPool.commonPool-worker-1] INFO  server.GrpcService (GrpcService.java:closeImpl(278)) - 7ea02f52-0524-4638-b817-10339939da37: shutdown server with port 45003 successfully
2022-08-09 13:48:41,073 [org.apache.ratis.util.JvmPauseMonitor$$Lambda$615/629946574@19c7c3d1] INFO  util.JvmPauseMonitor (JvmPauseMonitor.java:run(109)) - JvmPauseMonitor-7ea02f52-0524-4638-b817-10339939da37: Stopped
2022-08-09 13:48:41,083 [grpc-default-executor-0] WARN  server.GrpcLogAppender (LogUtils.java:warn(122)) - 3eae53bb-90ae-447f-858b-4086883680b9@group-45546029146D->7ea02f52-0524-4638-b817-10339939da37-AppendLogResponseHandler: Failed appendEntries: org.apache.ratis.thirdparty.io.grpc.StatusRuntimeException: UNAVAILABLE: io exception
2022-08-09 13:48:41,083 [grpc-default-executor-0] INFO  leader.FollowerInfo (FollowerInfoImpl.java:lambda$new$0(48)) - 3eae53bb-90ae-447f-858b-4086883680b9@group-45546029146D->7ea02f52-0524-4638-b817-10339939da37: nextIndex: updateUnconditionally 33 -> 32
2022-08-09 13:48:41,900 [grpc-default-executor-0] WARN  server.GrpcLogAppender (LogUtils.java:warn(122)) - 3eae53bb-90ae-447f-858b-4086883680b9@group-45546029146D->7ea02f52-0524-4638-b817-10339939da37-AppendLogResponseHandler: Failed appendEntries: org.apache.ratis.thirdparty.io.grpc.StatusRuntimeException: UNAVAILABLE: io exception
2022-08-09 13:48:41,900 [grpc-default-executor-0] INFO  leader.FollowerInfo (FollowerInfoImpl.java:lambda$new$0(48)) - 3eae53bb-90ae-447f-858b-4086883680b9@group-45546029146D->7ea02f52-0524-4638-b817-10339939da37: nextIndex: updateUnconditionally 33 -> 32
2022-08-09 13:48:41,914 [grpc-default-executor-0] WARN  server.GrpcLogAppender (LogUtils.java:warn(122)) - 3eae53bb-90ae-447f-858b-4086883680b9@group-45546029146D->7eae729b-82ee-421b-843d-240299c4e56c-AppendLogResponseHandler: Failed appendEntries: org.apache.ratis.thirdparty.io.grpc.StatusRuntimeException: UNAVAILABLE: io exception
2022-08-09 13:48:41,915 [grpc-default-executor-0] INFO  leader.FollowerInfo (FollowerInfoImpl.java:lambda$new$0(48)) - 3eae53bb-90ae-447f-858b-4086883680b9@group-45546029146D->7eae729b-82ee-421b-843d-240299c4e56c: nextIndex: updateUnconditionally 33 -> 32
2022-08-09 13:48:43,114 [Listener at 127.0.0.1/34619] INFO  utils.BackgroundService (BackgroundService.java:shutdown(141)) - Shutting down service BlockDeletingService
2022-08-09 13:48:43,115 [Listener at 127.0.0.1/34619] INFO  utils.BackgroundService (BackgroundService.java:shutdown(141)) - Shutting down service StaleRecoveringContainerScrubbingService
2022-08-09 13:48:43,136 [ForkJoinPool.commonPool-worker-1] INFO  utils.BackgroundService (BackgroundService.java:shutdown(141)) - Shutting down service BlockDeletingService
2022-08-09 13:48:43,152 [ForkJoinPool.commonPool-worker-1] INFO  utils.BackgroundService (BackgroundService.java:shutdown(141)) - Shutting down service StaleRecoveringContainerScrubbingService
2022-08-09 13:48:43,161 [grpc-default-executor-0] WARN  server.GrpcLogAppender (LogUtils.java:warn(122)) - 3eae53bb-90ae-447f-858b-4086883680b9@group-45546029146D->7ea02f52-0524-4638-b817-10339939da37-AppendLogResponseHandler: Failed appendEntries: org.apache.ratis.thirdparty.io.grpc.StatusRuntimeException: UNAVAILABLE: io exception
2022-08-09 13:48:43,162 [grpc-default-executor-0] INFO  leader.FollowerInfo (FollowerInfoImpl.java:lambda$new$0(48)) - 3eae53bb-90ae-447f-858b-4086883680b9@group-45546029146D->7ea02f52-0524-4638-b817-10339939da37: nextIndex: updateUnconditionally 33 -> 32
2022-08-09 13:48:43,165 [grpc-default-executor-0] WARN  server.GrpcLogAppender (LogUtils.java:warn(122)) - 3eae53bb-90ae-447f-858b-4086883680b9@group-45546029146D->7eae729b-82ee-421b-843d-240299c4e56c-AppendLogResponseHandler: Failed appendEntries: org.apache.ratis.thirdparty.io.grpc.StatusRuntimeException: UNAVAILABLE: io exception
2022-08-09 13:48:43,168 [grpc-default-executor-0] INFO  leader.FollowerInfo (FollowerInfoImpl.java:lambda$new$0(48)) - 3eae53bb-90ae-447f-858b-4086883680b9@group-45546029146D->7eae729b-82ee-421b-843d-240299c4e56c: nextIndex: updateUnconditionally 33 -> 32
2022-08-09 13:48:43,822 [3eae53bb-90ae-447f-858b-4086883680b9@group-D06DED371CF4-FollowerState] INFO  impl.FollowerState (FollowerState.java:run(143)) - 3eae53bb-90ae-447f-858b-4086883680b9@group-D06DED371CF4-FollowerState: change to CANDIDATE, lastRpcElapsedTime:5235910765ns, electionTimeout:5172ms
2022-08-09 13:48:43,822 [3eae53bb-90ae-447f-858b-4086883680b9@group-D06DED371CF4-FollowerState] INFO  impl.RoleInfo (RoleInfo.java:shutdownFollowerState(110)) - 3eae53bb-90ae-447f-858b-4086883680b9: shutdown 3eae53bb-90ae-447f-858b-4086883680b9@group-D06DED371CF4-FollowerState
2022-08-09 13:48:43,822 [3eae53bb-90ae-447f-858b-4086883680b9@group-D06DED371CF4-FollowerState] INFO  server.RaftServer$Division (RaftServerImpl.java:setRole(299)) - 3eae53bb-90ae-447f-858b-4086883680b9@group-D06DED371CF4: changes role from  FOLLOWER to CANDIDATE at term 3 for changeToCandidate
2022-08-09 13:48:43,822 [3eae53bb-90ae-447f-858b-4086883680b9@group-D06DED371CF4-FollowerState] INFO  server.RaftServerConfigKeys (ConfUtils.java:logGet(46)) - raft.server.leaderelection.pre-vote = false (custom)
2022-08-09 13:48:43,822 [3eae53bb-90ae-447f-858b-4086883680b9@group-D06DED371CF4-FollowerState] INFO  impl.RoleInfo (RoleInfo.java:updateAndGet(139)) - 3eae53bb-90ae-447f-858b-4086883680b9: start 3eae53bb-90ae-447f-858b-4086883680b9@group-D06DED371CF4-LeaderElection25
2022-08-09 13:48:43,841 [3eae53bb-90ae-447f-858b-4086883680b9@group-D06DED371CF4-LeaderElection25] INFO  server.RaftServer$Division (ServerState.java:setLeader(287)) - 3eae53bb-90ae-447f-858b-4086883680b9@group-D06DED371CF4: change Leader from 7ea02f52-0524-4638-b817-10339939da37 to null at term 3 for ELECTION
2022-08-09 13:48:43,846 [3eae53bb-90ae-447f-858b-4086883680b9@group-D06DED371CF4-LeaderElection25] INFO  impl.LeaderElection (LeaderElection.java:askForVotes(310)) - 3eae53bb-90ae-447f-858b-4086883680b9@group-D06DED371CF4-LeaderElection25 ELECTION round 0: submit vote requests at term 4 for 0: [7eae729b-82ee-421b-843d-240299c4e56c|rpc:10.1.0.19:36615|dataStream:|priority:0, 7ea02f52-0524-4638-b817-10339939da37|rpc:10.1.0.19:45003|dataStream:|priority:1, 3eae53bb-90ae-447f-858b-4086883680b9|rpc:10.1.0.19:38969|dataStream:|priority:0], old=null
2022-08-09 13:48:43,852 [3eae53bb-90ae-447f-858b-4086883680b9@group-D06DED371CF4-LeaderElection25] INFO  impl.LeaderElection (LogUtils.java:infoOrTrace(137)) - 3eae53bb-90ae-447f-858b-4086883680b9@group-D06DED371CF4-LeaderElection25 got exception when requesting votes: java.util.concurrent.ExecutionException: org.apache.ratis.thirdparty.io.grpc.StatusRuntimeException: UNAVAILABLE: io exception
2022-08-09 13:48:43,853 [3eae53bb-90ae-447f-858b-4086883680b9@group-D06DED371CF4-LeaderElection25] INFO  impl.LeaderElection (LogUtils.java:infoOrTrace(137)) - 3eae53bb-90ae-447f-858b-4086883680b9@group-D06DED371CF4-LeaderElection25 got exception when requesting votes: java.util.concurrent.ExecutionException: org.apache.ratis.thirdparty.io.grpc.StatusRuntimeException: UNAVAILABLE: io exception
2022-08-09 13:48:43,853 [3eae53bb-90ae-447f-858b-4086883680b9@group-D06DED371CF4-LeaderElection25] INFO  impl.LeaderElection (LeaderElection.java:logAndReturn(90)) - 3eae53bb-90ae-447f-858b-4086883680b9@group-D06DED371CF4-LeaderElection25: ELECTION REJECTED received 0 response(s) and 2 exception(s):
2022-08-09 13:48:43,853 [3eae53bb-90ae-447f-858b-4086883680b9@group-D06DED371CF4-LeaderElection25] INFO  impl.LeaderElection (LogUtils.java:infoOrTrace(137)) -   Exception 0: java.util.concurrent.ExecutionException: org.apache.ratis.thirdparty.io.grpc.StatusRuntimeException: UNAVAILABLE: io exception
2022-08-09 13:48:43,854 [3eae53bb-90ae-447f-858b-4086883680b9@group-D06DED371CF4-LeaderElection25] INFO  impl.LeaderElection (LogUtils.java:infoOrTrace(137)) -   Exception 1: java.util.concurrent.ExecutionException: org.apache.ratis.thirdparty.io.grpc.StatusRuntimeException: UNAVAILABLE: io exception
2022-08-09 13:48:43,854 [3eae53bb-90ae-447f-858b-4086883680b9@group-D06DED371CF4-LeaderElection25] INFO  impl.LeaderElection (LeaderElection.java:askForVotes(312)) - 3eae53bb-90ae-447f-858b-4086883680b9@group-D06DED371CF4-LeaderElection25 ELECTION round 0: result REJECTED
2022-08-09 13:48:43,854 [3eae53bb-90ae-447f-858b-4086883680b9@group-D06DED371CF4-LeaderElection25] INFO  server.RaftServer$Division (RaftServerImpl.java:setRole(299)) - 3eae53bb-90ae-447f-858b-4086883680b9@group-D06DED371CF4: changes role from CANDIDATE to FOLLOWER at term 4 for REJECTED
2022-08-09 13:48:43,854 [3eae53bb-90ae-447f-858b-4086883680b9@group-D06DED371CF4-LeaderElection25] INFO  impl.RoleInfo (RoleInfo.java:shutdownLeaderElection(130)) - 3eae53bb-90ae-447f-858b-4086883680b9: shutdown 3eae53bb-90ae-447f-858b-4086883680b9@group-D06DED371CF4-LeaderElection25
2022-08-09 13:48:43,854 [3eae53bb-90ae-447f-858b-4086883680b9@group-D06DED371CF4-LeaderElection25] INFO  impl.RoleInfo (RoleInfo.java:updateAndGet(139)) - 3eae53bb-90ae-447f-858b-4086883680b9: start 3eae53bb-90ae-447f-858b-4086883680b9@group-D06DED371CF4-FollowerState
2022-08-09 13:48:44,413 [grpc-default-executor-0] WARN  server.GrpcLogAppender (LogUtils.java:warn(122)) - 3eae53bb-90ae-447f-858b-4086883680b9@group-45546029146D->7ea02f52-0524-4638-b817-10339939da37-AppendLogResponseHandler: Failed appendEntries: org.apache.ratis.thirdparty.io.grpc.StatusRuntimeException: UNAVAILABLE: io exception
2022-08-09 13:48:44,414 [grpc-default-executor-0] INFO  leader.FollowerInfo (FollowerInfoImpl.java:lambda$new$0(48)) - 3eae53bb-90ae-447f-858b-4086883680b9@group-45546029146D->7ea02f52-0524-4638-b817-10339939da37: nextIndex: updateUnconditionally 33 -> 32
2022-08-09 13:48:44,415 [grpc-default-executor-0] WARN  server.GrpcLogAppender (LogUtils.java:warn(122)) - 3eae53bb-90ae-447f-858b-4086883680b9@group-45546029146D->7eae729b-82ee-421b-843d-240299c4e56c-AppendLogResponseHandler: Failed appendEntries: org.apache.ratis.thirdparty.io.grpc.StatusRuntimeException: UNAVAILABLE: io exception
2022-08-09 13:48:44,416 [grpc-default-executor-0] INFO  leader.FollowerInfo (FollowerInfoImpl.java:lambda$new$0(48)) - 3eae53bb-90ae-447f-858b-4086883680b9@group-45546029146D->7eae729b-82ee-421b-843d-240299c4e56c: nextIndex: updateUnconditionally 33 -> 32
2022-08-09 13:48:45,153 [3eae53bb-90ae-447f-858b-4086883680b9@group-45546029146D-LeaderStateImpl] WARN  server.RaftServer$Division (LeaderStateImpl.java:checkLeadership(1018)) - 3eae53bb-90ae-447f-858b-4086883680b9@group-45546029146D-LeaderStateImpl: Lost leadership on term: 1. Election timeout: 5200ms. In charge for: 26903ms. Conf: 0: [7ea02f52-0524-4638-b817-10339939da37|rpc:10.1.0.19:45003|dataStream:|priority:0, 3eae53bb-90ae-447f-858b-4086883680b9|rpc:10.1.0.19:38969|dataStream:|priority:1, 7eae729b-82ee-421b-843d-240299c4e56c|rpc:10.1.0.19:36615|dataStream:|priority:0], old=null
2022-08-09 13:48:45,153 [3eae53bb-90ae-447f-858b-4086883680b9@group-45546029146D-LeaderStateImpl] WARN  server.RaftServer$Division (LeaderStateImpl.java:lambda$checkLeadership$17(1022)) - Follower 3eae53bb-90ae-447f-858b-4086883680b9@group-45546029146D->7ea02f52-0524-4638-b817-10339939da37(c32,m32,n32, attendVote=true, lastRpcSendTime=740, lastRpcResponseTime=5753)
2022-08-09 13:48:45,153 [3eae53bb-90ae-447f-858b-4086883680b9@group-45546029146D-LeaderStateImpl] WARN  server.RaftServer$Division (LeaderStateImpl.java:lambda$checkLeadership$17(1022)) - Follower 3eae53bb-90ae-447f-858b-4086883680b9@group-45546029146D->7eae729b-82ee-421b-843d-240299c4e56c(c32,m32,n32, attendVote=true, lastRpcSendTime=737, lastRpcResponseTime=5739)
2022-08-09 13:48:45,153 [3eae53bb-90ae-447f-858b-4086883680b9@group-45546029146D-LeaderStateImpl] INFO  server.RaftServer$Division (RaftServerImpl.java:setRole(299)) - 3eae53bb-90ae-447f-858b-4086883680b9@group-45546029146D: changes role from    LEADER to FOLLOWER at term 1 for StepDownReason:LOST_MAJORITY_HEARTBEATS
2022-08-09 13:48:45,153 [3eae53bb-90ae-447f-858b-4086883680b9@group-45546029146D-LeaderStateImpl] INFO  impl.RoleInfo (RoleInfo.java:shutdownLeaderState(93)) - 3eae53bb-90ae-447f-858b-4086883680b9: shutdown 3eae53bb-90ae-447f-858b-4086883680b9@group-45546029146D-LeaderStateImpl
2022-08-09 13:48:45,153 [3eae53bb-90ae-447f-858b-4086883680b9@group-45546029146D-LeaderStateImpl] INFO  impl.PendingRequests (PendingRequests.java:sendNotLeaderResponses(282)) - 3eae53bb-90ae-447f-858b-4086883680b9@group-45546029146D-PendingRequests: sendNotLeaderResponses
2022-08-09 13:48:45,161 [3eae53bb-90ae-447f-858b-4086883680b9@group-45546029146D-LeaderStateImpl] INFO  impl.RoleInfo (RoleInfo.java:updateAndGet(139)) - 3eae53bb-90ae-447f-858b-4086883680b9: start 3eae53bb-90ae-447f-858b-4086883680b9@group-45546029146D-FollowerState
2022-08-09 13:48:45,173 [3eae53bb-90ae-447f-858b-4086883680b9@group-45546029146D->7eae729b-82ee-421b-843d-240299c4e56c-GrpcLogAppender-LogAppenderDaemon] WARN  server.GrpcLogAppender (GrpcLogAppender.java:mayWait(171)) - 3eae53bb-90ae-447f-858b-4086883680b9@group-45546029146D->7eae729b-82ee-421b-843d-240299c4e56c-GrpcLogAppender: Wait interrupted by java.lang.InterruptedException
2022-08-09 13:48:45,173 [3eae53bb-90ae-447f-858b-4086883680b9@group-45546029146D->7ea02f52-0524-4638-b817-10339939da37-GrpcLogAppender-LogAppenderDaemon] WARN  server.GrpcLogAppender (GrpcLogAppender.java:mayWait(171)) - 3eae53bb-90ae-447f-858b-4086883680b9@group-45546029146D->7ea02f52-0524-4638-b817-10339939da37-GrpcLogAppender: Wait interrupted by java.lang.InterruptedException
2022-08-09 13:48:46,138 [Listener at 127.0.0.1/34619] INFO  statemachine.DatanodeStateMachine (DatanodeStateMachine.java:stopDaemon(580)) - Ozone container server stopped.
2022-08-09 13:48:46,148 [Listener at 127.0.0.1/34619] INFO  handler.ContextHandler (ContextHandler.java:doStop(1153)) - Stopped o.e.j.w.WebAppContext@3d673a8e{hddsDatanode,/,null,STOPPED}{jar:file:/home/runner/.m2/repository/org/apache/ozone/hdds-container-service/1.3.0-SNAPSHOT/hdds-container-service-1.3.0-SNAPSHOT.jar!/webapps/hddsDatanode}
2022-08-09 13:48:46,158 [ForkJoinPool.commonPool-worker-1] INFO  statemachine.DatanodeStateMachine (DatanodeStateMachine.java:stopDaemon(580)) - Ozone container server stopped.
2022-08-09 13:48:46,166 [Listener at 127.0.0.1/34619] INFO  server.AbstractConnector (AbstractConnector.java:doStop(381)) - Stopped ServerConnector@1247be34{HTTP/1.1, (http/1.1)}{0.0.0.0:0}
2022-08-09 13:48:46,166 [Listener at 127.0.0.1/34619] INFO  server.session (HouseKeeper.java:stopScavenging(149)) - node0 Stopped scavenging
2022-08-09 13:48:46,167 [Listener at 127.0.0.1/34619] INFO  handler.ContextHandler (ContextHandler.java:doStop(1153)) - Stopped o.e.j.s.ServletContextHandler@1d0bca2f{static,/static,jar:file:/home/runner/.m2/repository/org/apache/ozone/hdds-container-service/1.3.0-SNAPSHOT/hdds-container-service-1.3.0-SNAPSHOT.jar!/webapps/static,STOPPED}
2022-08-09 13:48:46,167 [Listener at 127.0.0.1/34619] INFO  handler.ContextHandler (ContextHandler.java:doStop(1153)) - Stopped o.e.j.s.ServletContextHandler@52a08618{logs,/logs,file:///home/runner/work/ozone/ozone/hadoop-ozone/integration-test/target/log,STOPPED}
2022-08-09 13:48:46,197 [ForkJoinPool.commonPool-worker-1] INFO  handler.ContextHandler (ContextHandler.java:doStop(1153)) - Stopped o.e.j.w.WebAppContext@f5cb4f8{hddsDatanode,/,null,STOPPED}{jar:file:/home/runner/.m2/repository/org/apache/ozone/hdds-container-service/1.3.0-SNAPSHOT/hdds-container-service-1.3.0-SNAPSHOT.jar!/webapps/hddsDatanode}
2022-08-09 13:48:46,198 [ForkJoinPool.commonPool-worker-1] INFO  server.AbstractConnector (AbstractConnector.java:doStop(381)) - Stopped ServerConnector@baf2078{HTTP/1.1, (http/1.1)}{0.0.0.0:0}
2022-08-09 13:48:46,198 [ForkJoinPool.commonPool-worker-1] INFO  server.session (HouseKeeper.java:stopScavenging(149)) - node0 Stopped scavenging
2022-08-09 13:48:46,199 [ForkJoinPool.commonPool-worker-1] INFO  handler.ContextHandler (ContextHandler.java:doStop(1153)) - Stopped o.e.j.s.ServletContextHandler@6c826a82{static,/static,jar:file:/home/runner/.m2/repository/org/apache/ozone/hdds-container-service/1.3.0-SNAPSHOT/hdds-container-service-1.3.0-SNAPSHOT.jar!/webapps/static,STOPPED}
2022-08-09 13:48:46,209 [ForkJoinPool.commonPool-worker-1] INFO  handler.ContextHandler (ContextHandler.java:doStop(1153)) - Stopped o.e.j.s.ServletContextHandler@4415a8e{logs,/logs,file:///home/runner/work/ozone/ozone/hadoop-ozone/integration-test/target/log,STOPPED}
2022-08-09 13:48:48,998 [3eae53bb-90ae-447f-858b-4086883680b9@group-D06DED371CF4-FollowerState] INFO  impl.FollowerState (FollowerState.java:run(143)) - 3eae53bb-90ae-447f-858b-4086883680b9@group-D06DED371CF4-FollowerState: change to CANDIDATE, lastRpcElapsedTime:5143921883ns, electionTimeout:5139ms
2022-08-09 13:48:48,998 [3eae53bb-90ae-447f-858b-4086883680b9@group-D06DED371CF4-FollowerState] INFO  impl.RoleInfo (RoleInfo.java:shutdownFollowerState(110)) - 3eae53bb-90ae-447f-858b-4086883680b9: shutdown 3eae53bb-90ae-447f-858b-4086883680b9@group-D06DED371CF4-FollowerState
2022-08-09 13:48:48,998 [3eae53bb-90ae-447f-858b-4086883680b9@group-D06DED371CF4-FollowerState] INFO  server.RaftServer$Division (RaftServerImpl.java:setRole(299)) - 3eae53bb-90ae-447f-858b-4086883680b9@group-D06DED371CF4: changes role from  FOLLOWER to CANDIDATE at term 4 for changeToCandidate
2022-08-09 13:48:48,998 [3eae53bb-90ae-447f-858b-4086883680b9@group-D06DED371CF4-FollowerState] INFO  server.RaftServerConfigKeys (ConfUtils.java:logGet(46)) - raft.server.leaderelection.pre-vote = false (custom)
2022-08-09 13:48:48,998 [3eae53bb-90ae-447f-858b-4086883680b9@group-D06DED371CF4-FollowerState] INFO  impl.RoleInfo (RoleInfo.java:updateAndGet(139)) - 3eae53bb-90ae-447f-858b-4086883680b9: start 3eae53bb-90ae-447f-858b-4086883680b9@group-D06DED371CF4-LeaderElection26
2022-08-09 13:48:49,036 [3eae53bb-90ae-447f-858b-4086883680b9@group-D06DED371CF4-LeaderElection26] INFO  impl.LeaderElection (LeaderElection.java:askForVotes(310)) - 3eae53bb-90ae-447f-858b-4086883680b9@group-D06DED371CF4-LeaderElection26 ELECTION round 0: submit vote requests at term 5 for 0: [7eae729b-82ee-421b-843d-240299c4e56c|rpc:10.1.0.19:36615|dataStream:|priority:0, 7ea02f52-0524-4638-b817-10339939da37|rpc:10.1.0.19:45003|dataStream:|priority:1, 3eae53bb-90ae-447f-858b-4086883680b9|rpc:10.1.0.19:38969|dataStream:|priority:0], old=null
2022-08-09 13:48:49,052 [3eae53bb-90ae-447f-858b-4086883680b9@group-D06DED371CF4-LeaderElection26] INFO  impl.LeaderElection (LogUtils.java:infoOrTrace(137)) - 3eae53bb-90ae-447f-858b-4086883680b9@group-D06DED371CF4-LeaderElection26 got exception when requesting votes: java.util.concurrent.ExecutionException: org.apache.ratis.thirdparty.io.grpc.StatusRuntimeException: UNAVAILABLE: io exception
2022-08-09 13:48:49,054 [3eae53bb-90ae-447f-858b-4086883680b9@group-D06DED371CF4-LeaderElection26] INFO  impl.LeaderElection (LogUtils.java:infoOrTrace(137)) - 3eae53bb-90ae-447f-858b-4086883680b9@group-D06DED371CF4-LeaderElection26 got exception when requesting votes: java.util.concurrent.ExecutionException: org.apache.ratis.thirdparty.io.grpc.StatusRuntimeException: UNAVAILABLE: io exception
2022-08-09 13:48:49,054 [3eae53bb-90ae-447f-858b-4086883680b9@group-D06DED371CF4-LeaderElection26] INFO  impl.LeaderElection (LeaderElection.java:logAndReturn(90)) - 3eae53bb-90ae-447f-858b-4086883680b9@group-D06DED371CF4-LeaderElection26: ELECTION REJECTED received 0 response(s) and 2 exception(s):
2022-08-09 13:48:49,054 [3eae53bb-90ae-447f-858b-4086883680b9@group-D06DED371CF4-LeaderElection26] INFO  impl.LeaderElection (LogUtils.java:infoOrTrace(137)) -   Exception 0: java.util.concurrent.ExecutionException: org.apache.ratis.thirdparty.io.grpc.StatusRuntimeException: UNAVAILABLE: io exception
2022-08-09 13:48:49,054 [3eae53bb-90ae-447f-858b-4086883680b9@group-D06DED371CF4-LeaderElection26] INFO  impl.LeaderElection (LogUtils.java:infoOrTrace(137)) -   Exception 1: java.util.concurrent.ExecutionException: org.apache.ratis.thirdparty.io.grpc.StatusRuntimeException: UNAVAILABLE: io exception
2022-08-09 13:48:49,054 [3eae53bb-90ae-447f-858b-4086883680b9@group-D06DED371CF4-LeaderElection26] INFO  impl.LeaderElection (LeaderElection.java:askForVotes(312)) - 3eae53bb-90ae-447f-858b-4086883680b9@group-D06DED371CF4-LeaderElection26 ELECTION round 0: result REJECTED
2022-08-09 13:48:49,054 [3eae53bb-90ae-447f-858b-4086883680b9@group-D06DED371CF4-LeaderElection26] INFO  server.RaftServer$Division (RaftServerImpl.java:setRole(299)) - 3eae53bb-90ae-447f-858b-4086883680b9@group-D06DED371CF4: changes role from CANDIDATE to FOLLOWER at term 5 for REJECTED
2022-08-09 13:48:49,054 [3eae53bb-90ae-447f-858b-4086883680b9@group-D06DED371CF4-LeaderElection26] INFO  impl.RoleInfo (RoleInfo.java:shutdownLeaderElection(130)) - 3eae53bb-90ae-447f-858b-4086883680b9: shutdown 3eae53bb-90ae-447f-858b-4086883680b9@group-D06DED371CF4-LeaderElection26
2022-08-09 13:48:49,054 [3eae53bb-90ae-447f-858b-4086883680b9@group-D06DED371CF4-LeaderElection26] INFO  impl.RoleInfo (RoleInfo.java:updateAndGet(139)) - 3eae53bb-90ae-447f-858b-4086883680b9: start 3eae53bb-90ae-447f-858b-4086883680b9@group-D06DED371CF4-FollowerState
2022-08-09 13:48:50,236 [3eae53bb-90ae-447f-858b-4086883680b9@group-45546029146D-FollowerState] INFO  impl.FollowerState (FollowerState.java:lostMajorityHeartbeatsRecently(108)) - 3eae53bb-90ae-447f-858b-4086883680b9@group-45546029146D-FollowerState: Skipping leader election since it stepped down recently (elapsed = 5075ms < waitTime = 10s)
2022-08-09 13:48:51,169 [Listener at 127.0.0.1/34619] INFO  ozoneimpl.OzoneContainer (OzoneContainer.java:stop(399)) - Attempting to stop container services.
2022-08-09 13:48:51,173 [Listener at 127.0.0.1/34619] INFO  server.RaftServer (RaftServerProxy.java:lambda$close$7(398)) - e91f8b27-0fc3-4f4d-ba73-1916ce0a206a: close
2022-08-09 13:48:51,174 [Listener at 127.0.0.1/34619] INFO  server.RaftServer$Division (RaftServerImpl.java:lambda$close$4(434)) - e91f8b27-0fc3-4f4d-ba73-1916ce0a206a@group-86C5355C45A4: shutdown
2022-08-09 13:48:51,174 [Listener at 127.0.0.1/34619] INFO  util.JmxRegister (JmxRegister.java:unregister(73)) - Successfully un-registered JMX Bean with object name Ratis:service=RaftServer,group=group-86C5355C45A4,id=e91f8b27-0fc3-4f4d-ba73-1916ce0a206a
2022-08-09 13:48:51,174 [Listener at 127.0.0.1/34619] INFO  impl.RoleInfo (RoleInfo.java:shutdownLeaderState(93)) - e91f8b27-0fc3-4f4d-ba73-1916ce0a206a: shutdown e91f8b27-0fc3-4f4d-ba73-1916ce0a206a@group-86C5355C45A4-LeaderStateImpl
2022-08-09 13:48:51,174 [Listener at 127.0.0.1/34619] INFO  impl.PendingRequests (PendingRequests.java:sendNotLeaderResponses(282)) - e91f8b27-0fc3-4f4d-ba73-1916ce0a206a@group-86C5355C45A4-PendingRequests: sendNotLeaderResponses
2022-08-09 13:48:51,175 [Listener at 127.0.0.1/34619] INFO  impl.StateMachineUpdater (StateMachineUpdater.java:stopAndJoin(153)) - e91f8b27-0fc3-4f4d-ba73-1916ce0a206a@group-86C5355C45A4-StateMachineUpdater: set stopIndex = 0
2022-08-09 13:48:51,175 [e91f8b27-0fc3-4f4d-ba73-1916ce0a206a@group-86C5355C45A4-StateMachineUpdater] INFO  ratis.ContainerStateMachine (ContainerStateMachine.java:takeSnapshot(304)) - group-86C5355C45A4: Taking a snapshot at:(t:1, i:0) file /home/runner/work/ozone/ozone/hadoop-ozone/integration-test/target/test-dir/MiniOzoneClusterImpl-47423824-61ae-4caf-b360-a3644823e0d5/datanode-4/data/ratis/f3e333ce-8a34-48d3-b596-86c5355c45a4/sm/snapshot.1_0
2022-08-09 13:48:51,176 [e91f8b27-0fc3-4f4d-ba73-1916ce0a206a@group-86C5355C45A4-StateMachineUpdater] INFO  ratis.ContainerStateMachine (ContainerStateMachine.java:takeSnapshot(315)) - group-86C5355C45A4: Finished taking a snapshot at:(t:1, i:0) file:/home/runner/work/ozone/ozone/hadoop-ozone/integration-test/target/test-dir/MiniOzoneClusterImpl-47423824-61ae-4caf-b360-a3644823e0d5/datanode-4/data/ratis/f3e333ce-8a34-48d3-b596-86c5355c45a4/sm/snapshot.1_0 took: 1 ms
2022-08-09 13:48:51,176 [e91f8b27-0fc3-4f4d-ba73-1916ce0a206a@group-86C5355C45A4-StateMachineUpdater] INFO  impl.StateMachineUpdater (StateMachineUpdater.java:takeSnapshot(287)) - e91f8b27-0fc3-4f4d-ba73-1916ce0a206a@group-86C5355C45A4-StateMachineUpdater: Took a snapshot at index 0
2022-08-09 13:48:51,176 [e91f8b27-0fc3-4f4d-ba73-1916ce0a206a@group-86C5355C45A4-StateMachineUpdater] INFO  impl.StateMachineUpdater (StateMachineUpdater.java:lambda$new$0(92)) - e91f8b27-0fc3-4f4d-ba73-1916ce0a206a@group-86C5355C45A4-StateMachineUpdater: snapshotIndex: updateIncreasingly -1 -> 0
2022-08-09 13:48:51,177 [Listener at 127.0.0.1/34619] INFO  server.RaftServer$Division (ServerState.java:close(429)) - e91f8b27-0fc3-4f4d-ba73-1916ce0a206a@group-86C5355C45A4: closes. applyIndex: 0
2022-08-09 13:48:51,177 [e91f8b27-0fc3-4f4d-ba73-1916ce0a206a@group-86C5355C45A4-SegmentedRaftLogWorker] INFO  segmented.SegmentedRaftLogWorker (SegmentedRaftLogWorker.java:run(336)) - e91f8b27-0fc3-4f4d-ba73-1916ce0a206a@group-86C5355C45A4-SegmentedRaftLogWorker was interrupted, exiting. There are 0 tasks remaining in the queue.
2022-08-09 13:48:51,181 [Listener at 127.0.0.1/34619] INFO  segmented.SegmentedRaftLogWorker (SegmentedRaftLogWorker.java:close(246)) - e91f8b27-0fc3-4f4d-ba73-1916ce0a206a@group-86C5355C45A4-SegmentedRaftLogWorker close()
2022-08-09 13:48:51,191 [Listener at 127.0.0.1/34619] INFO  server.GrpcService (GrpcService.java:closeImpl(269)) - e91f8b27-0fc3-4f4d-ba73-1916ce0a206a: shutdown server with port 33393 now
2022-08-09 13:48:51,195 [Listener at 127.0.0.1/34619] INFO  server.GrpcService (GrpcService.java:closeImpl(278)) - e91f8b27-0fc3-4f4d-ba73-1916ce0a206a: shutdown server with port 33393 successfully
2022-08-09 13:48:51,195 [org.apache.ratis.util.JvmPauseMonitor$$Lambda$615/629946574@356df34d] INFO  util.JvmPauseMonitor (JvmPauseMonitor.java:run(109)) - JvmPauseMonitor-e91f8b27-0fc3-4f4d-ba73-1916ce0a206a: Stopped
2022-08-09 13:48:51,211 [ForkJoinPool.commonPool-worker-1] INFO  ozoneimpl.OzoneContainer (OzoneContainer.java:stop(399)) - Attempting to stop container services.
2022-08-09 13:48:51,213 [ForkJoinPool.commonPool-worker-1] INFO  server.RaftServer (RaftServerProxy.java:lambda$close$7(398)) - 3eae53bb-90ae-447f-858b-4086883680b9: close
2022-08-09 13:48:51,213 [ForkJoinPool.commonPool-worker-1] INFO  server.RaftServer$Division (RaftServerImpl.java:lambda$close$4(434)) - 3eae53bb-90ae-447f-858b-4086883680b9@group-45546029146D: shutdown
2022-08-09 13:48:51,213 [ForkJoinPool.commonPool-worker-1] INFO  util.JmxRegister (JmxRegister.java:unregister(73)) - Successfully un-registered JMX Bean with object name Ratis:service=RaftServer,group=group-45546029146D,id=3eae53bb-90ae-447f-858b-4086883680b9
2022-08-09 13:48:51,213 [ForkJoinPool.commonPool-worker-1] INFO  impl.RoleInfo (RoleInfo.java:shutdownFollowerState(110)) - 3eae53bb-90ae-447f-858b-4086883680b9: shutdown 3eae53bb-90ae-447f-858b-4086883680b9@group-45546029146D-FollowerState
2022-08-09 13:48:51,213 [ForkJoinPool.commonPool-worker-1] INFO  impl.StateMachineUpdater (StateMachineUpdater.java:stopAndJoin(153)) - 3eae53bb-90ae-447f-858b-4086883680b9@group-45546029146D-StateMachineUpdater: set stopIndex = 32
2022-08-09 13:48:51,214 [3eae53bb-90ae-447f-858b-4086883680b9@group-45546029146D-FollowerState] INFO  impl.FollowerState (FollowerState.java:run(152)) - 3eae53bb-90ae-447f-858b-4086883680b9@group-45546029146D-FollowerState was interrupted
2022-08-09 13:48:51,214 [3eae53bb-90ae-447f-858b-4086883680b9@group-45546029146D-StateMachineUpdater] INFO  ratis.ContainerStateMachine (ContainerStateMachine.java:takeSnapshot(304)) - group-45546029146D: Taking a snapshot at:(t:1, i:32) file /home/runner/work/ozone/ozone/hadoop-ozone/integration-test/target/test-dir/MiniOzoneClusterImpl-47423824-61ae-4caf-b360-a3644823e0d5/datanode-0/data/ratis/0f4e7a3b-074b-4ffa-82f4-45546029146d/sm/snapshot.1_32
2022-08-09 13:48:51,215 [3eae53bb-90ae-447f-858b-4086883680b9@group-45546029146D-StateMachineUpdater] INFO  ratis.ContainerStateMachine (ContainerStateMachine.java:takeSnapshot(315)) - group-45546029146D: Finished taking a snapshot at:(t:1, i:32) file:/home/runner/work/ozone/ozone/hadoop-ozone/integration-test/target/test-dir/MiniOzoneClusterImpl-47423824-61ae-4caf-b360-a3644823e0d5/datanode-0/data/ratis/0f4e7a3b-074b-4ffa-82f4-45546029146d/sm/snapshot.1_32 took: 1 ms
2022-08-09 13:48:51,215 [3eae53bb-90ae-447f-858b-4086883680b9@group-45546029146D-StateMachineUpdater] INFO  impl.StateMachineUpdater (StateMachineUpdater.java:takeSnapshot(287)) - 3eae53bb-90ae-447f-858b-4086883680b9@group-45546029146D-StateMachineUpdater: Took a snapshot at index 32
2022-08-09 13:48:51,215 [3eae53bb-90ae-447f-858b-4086883680b9@group-45546029146D-StateMachineUpdater] INFO  impl.StateMachineUpdater (StateMachineUpdater.java:lambda$new$0(92)) - 3eae53bb-90ae-447f-858b-4086883680b9@group-45546029146D-StateMachineUpdater: snapshotIndex: updateIncreasingly -1 -> 32
2022-08-09 13:48:51,216 [ForkJoinPool.commonPool-worker-1] INFO  server.RaftServer$Division (ServerState.java:close(429)) - 3eae53bb-90ae-447f-858b-4086883680b9@group-45546029146D: closes. applyIndex: 32
2022-08-09 13:48:51,219 [3eae53bb-90ae-447f-858b-4086883680b9@group-45546029146D-SegmentedRaftLogWorker] INFO  segmented.SegmentedRaftLogWorker (SegmentedRaftLogWorker.java:run(336)) - 3eae53bb-90ae-447f-858b-4086883680b9@group-45546029146D-SegmentedRaftLogWorker was interrupted, exiting. There are 0 tasks remaining in the queue.
2022-08-09 13:48:51,220 [ForkJoinPool.commonPool-worker-1] INFO  segmented.SegmentedRaftLogWorker (SegmentedRaftLogWorker.java:close(246)) - 3eae53bb-90ae-447f-858b-4086883680b9@group-45546029146D-SegmentedRaftLogWorker close()
2022-08-09 13:48:51,220 [ForkJoinPool.commonPool-worker-1] INFO  server.RaftServer$Division (RaftServerImpl.java:lambda$close$4(434)) - 3eae53bb-90ae-447f-858b-4086883680b9@group-408EF4FDE923: shutdown
2022-08-09 13:48:51,220 [ForkJoinPool.commonPool-worker-1] INFO  util.JmxRegister (JmxRegister.java:unregister(73)) - Successfully un-registered JMX Bean with object name Ratis:service=RaftServer,group=group-408EF4FDE923,id=3eae53bb-90ae-447f-858b-4086883680b9
2022-08-09 13:48:51,220 [ForkJoinPool.commonPool-worker-1] INFO  impl.RoleInfo (RoleInfo.java:shutdownLeaderState(93)) - 3eae53bb-90ae-447f-858b-4086883680b9: shutdown 3eae53bb-90ae-447f-858b-4086883680b9@group-408EF4FDE923-LeaderStateImpl
2022-08-09 13:48:51,220 [ForkJoinPool.commonPool-worker-1] INFO  impl.PendingRequests (PendingRequests.java:sendNotLeaderResponses(282)) - 3eae53bb-90ae-447f-858b-4086883680b9@group-408EF4FDE923-PendingRequests: sendNotLeaderResponses
2022-08-09 13:48:51,221 [ForkJoinPool.commonPool-worker-1] INFO  impl.StateMachineUpdater (StateMachineUpdater.java:stopAndJoin(153)) - 3eae53bb-90ae-447f-858b-4086883680b9@group-408EF4FDE923-StateMachineUpdater: set stopIndex = 0
2022-08-09 13:48:51,221 [3eae53bb-90ae-447f-858b-4086883680b9@group-408EF4FDE923-StateMachineUpdater] INFO  ratis.ContainerStateMachine (ContainerStateMachine.java:takeSnapshot(304)) - group-408EF4FDE923: Taking a snapshot at:(t:1, i:0) file /home/runner/work/ozone/ozone/hadoop-ozone/integration-test/target/test-dir/MiniOzoneClusterImpl-47423824-61ae-4caf-b360-a3644823e0d5/datanode-0/data/ratis/657dc190-b448-4dc5-969b-408ef4fde923/sm/snapshot.1_0
2022-08-09 13:48:51,222 [3eae53bb-90ae-447f-858b-4086883680b9@group-408EF4FDE923-StateMachineUpdater] INFO  ratis.ContainerStateMachine (ContainerStateMachine.java:takeSnapshot(315)) - group-408EF4FDE923: Finished taking a snapshot at:(t:1, i:0) file:/home/runner/work/ozone/ozone/hadoop-ozone/integration-test/target/test-dir/MiniOzoneClusterImpl-47423824-61ae-4caf-b360-a3644823e0d5/datanode-0/data/ratis/657dc190-b448-4dc5-969b-408ef4fde923/sm/snapshot.1_0 took: 0 ms
2022-08-09 13:48:51,222 [3eae53bb-90ae-447f-858b-4086883680b9@group-408EF4FDE923-StateMachineUpdater] INFO  impl.StateMachineUpdater (StateMachineUpdater.java:takeSnapshot(287)) - 3eae53bb-90ae-447f-858b-4086883680b9@group-408EF4FDE923-StateMachineUpdater: Took a snapshot at index 0
2022-08-09 13:48:51,222 [3eae53bb-90ae-447f-858b-4086883680b9@group-408EF4FDE923-StateMachineUpdater] INFO  impl.StateMachineUpdater (StateMachineUpdater.java:lambda$new$0(92)) - 3eae53bb-90ae-447f-858b-4086883680b9@group-408EF4FDE923-StateMachineUpdater: snapshotIndex: updateIncreasingly -1 -> 0
2022-08-09 13:48:51,225 [ForkJoinPool.commonPool-worker-1] INFO  server.RaftServer$Division (ServerState.java:close(429)) - 3eae53bb-90ae-447f-858b-4086883680b9@group-408EF4FDE923: closes. applyIndex: 0
2022-08-09 13:48:51,225 [3eae53bb-90ae-447f-858b-4086883680b9@group-408EF4FDE923-SegmentedRaftLogWorker] INFO  segmented.SegmentedRaftLogWorker (SegmentedRaftLogWorker.java:run(336)) - 3eae53bb-90ae-447f-858b-4086883680b9@group-408EF4FDE923-SegmentedRaftLogWorker was interrupted, exiting. There are 0 tasks remaining in the queue.
2022-08-09 13:48:51,225 [ForkJoinPool.commonPool-worker-1] INFO  segmented.SegmentedRaftLogWorker (SegmentedRaftLogWorker.java:close(246)) - 3eae53bb-90ae-447f-858b-4086883680b9@group-408EF4FDE923-SegmentedRaftLogWorker close()
2022-08-09 13:48:51,225 [ForkJoinPool.commonPool-worker-1] INFO  server.RaftServer$Division (RaftServerImpl.java:lambda$close$4(434)) - 3eae53bb-90ae-447f-858b-4086883680b9@group-D06DED371CF4: shutdown
2022-08-09 13:48:51,225 [ForkJoinPool.commonPool-worker-1] INFO  util.JmxRegister (JmxRegister.java:unregister(73)) - Successfully un-registered JMX Bean with object name Ratis:service=RaftServer,group=group-D06DED371CF4,id=3eae53bb-90ae-447f-858b-4086883680b9
2022-08-09 13:48:51,226 [ForkJoinPool.commonPool-worker-1] INFO  impl.RoleInfo (RoleInfo.java:shutdownFollowerState(110)) - 3eae53bb-90ae-447f-858b-4086883680b9: shutdown 3eae53bb-90ae-447f-858b-4086883680b9@group-D06DED371CF4-FollowerState
2022-08-09 13:48:51,226 [ForkJoinPool.commonPool-worker-1] INFO  impl.StateMachineUpdater (StateMachineUpdater.java:stopAndJoin(153)) - 3eae53bb-90ae-447f-858b-4086883680b9@group-D06DED371CF4-StateMachineUpdater: set stopIndex = 0
2022-08-09 13:48:51,226 [3eae53bb-90ae-447f-858b-4086883680b9@group-D06DED371CF4-StateMachineUpdater] INFO  ratis.ContainerStateMachine (ContainerStateMachine.java:takeSnapshot(304)) - group-D06DED371CF4: Taking a snapshot at:(t:3, i:0) file /home/runner/work/ozone/ozone/hadoop-ozone/integration-test/target/test-dir/MiniOzoneClusterImpl-47423824-61ae-4caf-b360-a3644823e0d5/datanode-0/data/ratis/d5aa702c-433d-4894-acad-d06ded371cf4/sm/snapshot.3_0
2022-08-09 13:48:51,226 [3eae53bb-90ae-447f-858b-4086883680b9@group-D06DED371CF4-FollowerState] INFO  impl.FollowerState (FollowerState.java:run(152)) - 3eae53bb-90ae-447f-858b-4086883680b9@group-D06DED371CF4-FollowerState was interrupted
2022-08-09 13:48:51,233 [3eae53bb-90ae-447f-858b-4086883680b9@group-D06DED371CF4-StateMachineUpdater] INFO  ratis.ContainerStateMachine (ContainerStateMachine.java:takeSnapshot(315)) - group-D06DED371CF4: Finished taking a snapshot at:(t:3, i:0) file:/home/runner/work/ozone/ozone/hadoop-ozone/integration-test/target/test-dir/MiniOzoneClusterImpl-47423824-61ae-4caf-b360-a3644823e0d5/datanode-0/data/ratis/d5aa702c-433d-4894-acad-d06ded371cf4/sm/snapshot.3_0 took: 7 ms
2022-08-09 13:48:51,233 [3eae53bb-90ae-447f-858b-4086883680b9@group-D06DED371CF4-StateMachineUpdater] INFO  impl.StateMachineUpdater (StateMachineUpdater.java:takeSnapshot(287)) - 3eae53bb-90ae-447f-858b-4086883680b9@group-D06DED371CF4-StateMachineUpdater: Took a snapshot at index 0
2022-08-09 13:48:51,233 [3eae53bb-90ae-447f-858b-4086883680b9@group-D06DED371CF4-StateMachineUpdater] INFO  impl.StateMachineUpdater (StateMachineUpdater.java:lambda$new$0(92)) - 3eae53bb-90ae-447f-858b-4086883680b9@group-D06DED371CF4-StateMachineUpdater: snapshotIndex: updateIncreasingly -1 -> 0
2022-08-09 13:48:51,237 [ForkJoinPool.commonPool-worker-1] INFO  server.RaftServer$Division (ServerState.java:close(429)) - 3eae53bb-90ae-447f-858b-4086883680b9@group-D06DED371CF4: closes. applyIndex: 0
2022-08-09 13:48:51,237 [3eae53bb-90ae-447f-858b-4086883680b9@group-D06DED371CF4-SegmentedRaftLogWorker] INFO  segmented.SegmentedRaftLogWorker (SegmentedRaftLogWorker.java:run(336)) - 3eae53bb-90ae-447f-858b-4086883680b9@group-D06DED371CF4-SegmentedRaftLogWorker was interrupted, exiting. There are 0 tasks remaining in the queue.
2022-08-09 13:48:51,243 [ForkJoinPool.commonPool-worker-1] INFO  segmented.SegmentedRaftLogWorker (SegmentedRaftLogWorker.java:close(246)) - 3eae53bb-90ae-447f-858b-4086883680b9@group-D06DED371CF4-SegmentedRaftLogWorker close()
2022-08-09 13:48:51,249 [ForkJoinPool.commonPool-worker-1] INFO  server.GrpcService (GrpcService.java:closeImpl(269)) - 3eae53bb-90ae-447f-858b-4086883680b9: shutdown server with port 38969 now
2022-08-09 13:48:51,277 [ForkJoinPool.commonPool-worker-1] INFO  server.GrpcService (GrpcService.java:closeImpl(278)) - 3eae53bb-90ae-447f-858b-4086883680b9: shutdown server with port 38969 successfully
2022-08-09 13:48:51,281 [org.apache.ratis.util.JvmPauseMonitor$$Lambda$615/629946574@677a0b82] INFO  util.JvmPauseMonitor (JvmPauseMonitor.java:run(109)) - JvmPauseMonitor-3eae53bb-90ae-447f-858b-4086883680b9: Stopped
2022-08-09 13:48:51,286 [grpc-default-executor-2] WARN  server.GrpcClientProtocolService (LogUtils.java:warn(122)) - 1-UnorderedRequestStreamObserver1: onError: org.apache.ratis.thirdparty.io.grpc.StatusRuntimeException: CANCELLED: client cancelled
2022-08-09 13:48:53,211 [Listener at 127.0.0.1/34619] INFO  utils.BackgroundService (BackgroundService.java:shutdown(141)) - Shutting down service BlockDeletingService
2022-08-09 13:48:53,229 [Listener at 127.0.0.1/34619] INFO  utils.BackgroundService (BackgroundService.java:shutdown(141)) - Shutting down service StaleRecoveringContainerScrubbingService
2022-08-09 13:48:53,349 [ForkJoinPool.commonPool-worker-1] INFO  utils.BackgroundService (BackgroundService.java:shutdown(141)) - Shutting down service BlockDeletingService
2022-08-09 13:48:53,349 [ForkJoinPool.commonPool-worker-1] INFO  utils.BackgroundService (BackgroundService.java:shutdown(141)) - Shutting down service StaleRecoveringContainerScrubbingService
2022-08-09 13:48:56,231 [Listener at 127.0.0.1/34619] INFO  statemachine.DatanodeStateMachine (DatanodeStateMachine.java:stopDaemon(580)) - Ozone container server stopped.
2022-08-09 13:48:56,245 [Listener at 127.0.0.1/34619] INFO  handler.ContextHandler (ContextHandler.java:doStop(1153)) - Stopped o.e.j.w.WebAppContext@7843aae6{hddsDatanode,/,null,STOPPED}{jar:file:/home/runner/.m2/repository/org/apache/ozone/hdds-container-service/1.3.0-SNAPSHOT/hdds-container-service-1.3.0-SNAPSHOT.jar!/webapps/hddsDatanode}
2022-08-09 13:48:56,266 [Listener at 127.0.0.1/34619] INFO  server.AbstractConnector (AbstractConnector.java:doStop(381)) - Stopped ServerConnector@305d3110{HTTP/1.1, (http/1.1)}{0.0.0.0:0}
2022-08-09 13:48:56,266 [Listener at 127.0.0.1/34619] INFO  server.session (HouseKeeper.java:stopScavenging(149)) - node0 Stopped scavenging
2022-08-09 13:48:56,267 [Listener at 127.0.0.1/34619] INFO  handler.ContextHandler (ContextHandler.java:doStop(1153)) - Stopped o.e.j.s.ServletContextHandler@2d8076fd{static,/static,jar:file:/home/runner/.m2/repository/org/apache/ozone/hdds-container-service/1.3.0-SNAPSHOT/hdds-container-service-1.3.0-SNAPSHOT.jar!/webapps/static,STOPPED}
2022-08-09 13:48:56,267 [Listener at 127.0.0.1/34619] INFO  handler.ContextHandler (ContextHandler.java:doStop(1153)) - Stopped o.e.j.s.ServletContextHandler@11b7167d{logs,/logs,file:///home/runner/work/ozone/ozone/hadoop-ozone/integration-test/target/log,STOPPED}
2022-08-09 13:48:56,349 [UnderReplicatedQueueThreadThread] INFO  replication.UnderReplicatedProcessor (UnderReplicatedProcessor.java:processAll(85)) - Processed 0 under replicated containers, failed processing 0
2022-08-09 13:48:56,350 [OverReplicatedQueueThreadThread] INFO  replication.OverReplicatedProcessor (OverReplicatedProcessor.java:processAll(83)) - Processed 0 over replicated containers, failed processing 0
2022-08-09 13:48:56,355 [ForkJoinPool.commonPool-worker-1] INFO  statemachine.DatanodeStateMachine (DatanodeStateMachine.java:stopDaemon(580)) - Ozone container server stopped.
2022-08-09 13:48:56,410 [ForkJoinPool.commonPool-worker-1] INFO  handler.ContextHandler (ContextHandler.java:doStop(1153)) - Stopped o.e.j.w.WebAppContext@1a628ee7{hddsDatanode,/,null,STOPPED}{jar:file:/home/runner/.m2/repository/org/apache/ozone/hdds-container-service/1.3.0-SNAPSHOT/hdds-container-service-1.3.0-SNAPSHOT.jar!/webapps/hddsDatanode}
2022-08-09 13:48:56,410 [ForkJoinPool.commonPool-worker-1] INFO  server.AbstractConnector (AbstractConnector.java:doStop(381)) - Stopped ServerConnector@13ea4fd6{HTTP/1.1, (http/1.1)}{0.0.0.0:0}
2022-08-09 13:48:56,410 [ForkJoinPool.commonPool-worker-1] INFO  server.session (HouseKeeper.java:stopScavenging(149)) - node0 Stopped scavenging
2022-08-09 13:48:56,411 [ForkJoinPool.commonPool-worker-1] INFO  handler.ContextHandler (ContextHandler.java:doStop(1153)) - Stopped o.e.j.s.ServletContextHandler@6ce4678b{static,/static,jar:file:/home/runner/.m2/repository/org/apache/ozone/hdds-container-service/1.3.0-SNAPSHOT/hdds-container-service-1.3.0-SNAPSHOT.jar!/webapps/static,STOPPED}
2022-08-09 13:48:56,412 [ForkJoinPool.commonPool-worker-1] INFO  handler.ContextHandler (ContextHandler.java:doStop(1153)) - Stopped o.e.j.s.ServletContextHandler@2deb650{logs,/logs,file:///home/runner/work/ozone/ozone/hadoop-ozone/integration-test/target/log,STOPPED}
2022-08-09 13:49:01,282 [Listener at 127.0.0.1/34619] INFO  ozoneimpl.OzoneContainer (OzoneContainer.java:stop(399)) - Attempting to stop container services.
2022-08-09 13:49:01,282 [Listener at 127.0.0.1/34619] INFO  server.RaftServer (RaftServerProxy.java:lambda$close$7(398)) - c412bf5e-d18f-42ba-b8b3-b8fb93465f91: close
2022-08-09 13:49:01,283 [Listener at 127.0.0.1/34619] INFO  server.RaftServer$Division (RaftServerImpl.java:lambda$close$4(434)) - c412bf5e-d18f-42ba-b8b3-b8fb93465f91@group-3B22E2B050CC: shutdown
2022-08-09 13:49:01,283 [Listener at 127.0.0.1/34619] INFO  util.JmxRegister (JmxRegister.java:unregister(73)) - Successfully un-registered JMX Bean with object name Ratis:service=RaftServer,group=group-3B22E2B050CC,id=c412bf5e-d18f-42ba-b8b3-b8fb93465f91
2022-08-09 13:49:01,283 [Listener at 127.0.0.1/34619] INFO  impl.RoleInfo (RoleInfo.java:shutdownLeaderState(93)) - c412bf5e-d18f-42ba-b8b3-b8fb93465f91: shutdown c412bf5e-d18f-42ba-b8b3-b8fb93465f91@group-3B22E2B050CC-LeaderStateImpl
2022-08-09 13:49:01,283 [Listener at 127.0.0.1/34619] INFO  impl.PendingRequests (PendingRequests.java:sendNotLeaderResponses(282)) - c412bf5e-d18f-42ba-b8b3-b8fb93465f91@group-3B22E2B050CC-PendingRequests: sendNotLeaderResponses
2022-08-09 13:49:01,284 [c412bf5e-d18f-42ba-b8b3-b8fb93465f91@group-3B22E2B050CC-StateMachineUpdater] INFO  ratis.ContainerStateMachine (ContainerStateMachine.java:takeSnapshot(304)) - group-3B22E2B050CC: Taking a snapshot at:(t:1, i:0) file /home/runner/work/ozone/ozone/hadoop-ozone/integration-test/target/test-dir/MiniOzoneClusterImpl-47423824-61ae-4caf-b360-a3644823e0d5/datanode-3/data/ratis/5b12f820-65e4-49c7-ac52-3b22e2b050cc/sm/snapshot.1_0
2022-08-09 13:49:01,284 [Listener at 127.0.0.1/34619] INFO  impl.StateMachineUpdater (StateMachineUpdater.java:stopAndJoin(153)) - c412bf5e-d18f-42ba-b8b3-b8fb93465f91@group-3B22E2B050CC-StateMachineUpdater: set stopIndex = 0
2022-08-09 13:49:01,291 [c412bf5e-d18f-42ba-b8b3-b8fb93465f91@group-3B22E2B050CC-StateMachineUpdater] INFO  ratis.ContainerStateMachine (ContainerStateMachine.java:takeSnapshot(315)) - group-3B22E2B050CC: Finished taking a snapshot at:(t:1, i:0) file:/home/runner/work/ozone/ozone/hadoop-ozone/integration-test/target/test-dir/MiniOzoneClusterImpl-47423824-61ae-4caf-b360-a3644823e0d5/datanode-3/data/ratis/5b12f820-65e4-49c7-ac52-3b22e2b050cc/sm/snapshot.1_0 took: 7 ms
2022-08-09 13:49:01,291 [c412bf5e-d18f-42ba-b8b3-b8fb93465f91@group-3B22E2B050CC-StateMachineUpdater] INFO  impl.StateMachineUpdater (StateMachineUpdater.java:takeSnapshot(287)) - c412bf5e-d18f-42ba-b8b3-b8fb93465f91@group-3B22E2B050CC-StateMachineUpdater: Took a snapshot at index 0
2022-08-09 13:49:01,292 [c412bf5e-d18f-42ba-b8b3-b8fb93465f91@group-3B22E2B050CC-StateMachineUpdater] INFO  impl.StateMachineUpdater (StateMachineUpdater.java:lambda$new$0(92)) - c412bf5e-d18f-42ba-b8b3-b8fb93465f91@group-3B22E2B050CC-StateMachineUpdater: snapshotIndex: updateIncreasingly -1 -> 0
2022-08-09 13:49:01,292 [Listener at 127.0.0.1/34619] INFO  server.RaftServer$Division (ServerState.java:close(429)) - c412bf5e-d18f-42ba-b8b3-b8fb93465f91@group-3B22E2B050CC: closes. applyIndex: 0
2022-08-09 13:49:01,292 [c412bf5e-d18f-42ba-b8b3-b8fb93465f91@group-3B22E2B050CC-SegmentedRaftLogWorker] INFO  segmented.SegmentedRaftLogWorker (SegmentedRaftLogWorker.java:run(336)) - c412bf5e-d18f-42ba-b8b3-b8fb93465f91@group-3B22E2B050CC-SegmentedRaftLogWorker was interrupted, exiting. There are 0 tasks remaining in the queue.
2022-08-09 13:49:01,292 [Listener at 127.0.0.1/34619] INFO  segmented.SegmentedRaftLogWorker (SegmentedRaftLogWorker.java:close(246)) - c412bf5e-d18f-42ba-b8b3-b8fb93465f91@group-3B22E2B050CC-SegmentedRaftLogWorker close()
2022-08-09 13:49:01,293 [Listener at 127.0.0.1/34619] INFO  server.GrpcService (GrpcService.java:closeImpl(269)) - c412bf5e-d18f-42ba-b8b3-b8fb93465f91: shutdown server with port 41673 now
2022-08-09 13:49:01,293 [Listener at 127.0.0.1/34619] INFO  server.GrpcService (GrpcService.java:closeImpl(278)) - c412bf5e-d18f-42ba-b8b3-b8fb93465f91: shutdown server with port 41673 successfully
2022-08-09 13:49:01,293 [org.apache.ratis.util.JvmPauseMonitor$$Lambda$615/629946574@4e6d161] INFO  util.JvmPauseMonitor (JvmPauseMonitor.java:run(109)) - JvmPauseMonitor-c412bf5e-d18f-42ba-b8b3-b8fb93465f91: Stopped
2022-08-09 13:49:02,604 [UnderReplicatedQueueThreadThread] INFO  replication.UnderReplicatedProcessor (UnderReplicatedProcessor.java:processAll(85)) - Processed 0 under replicated containers, failed processing 0
2022-08-09 13:49:02,609 [OverReplicatedQueueThreadThread] INFO  replication.OverReplicatedProcessor (OverReplicatedProcessor.java:processAll(83)) - Processed 0 over replicated containers, failed processing 0
2022-08-09 13:49:03,327 [Listener at 127.0.0.1/34619] INFO  utils.BackgroundService (BackgroundService.java:shutdown(141)) - Shutting down service BlockDeletingService
2022-08-09 13:49:03,328 [Listener at 127.0.0.1/34619] INFO  utils.BackgroundService (BackgroundService.java:shutdown(141)) - Shutting down service StaleRecoveringContainerScrubbingService
2022-08-09 13:49:06,334 [Listener at 127.0.0.1/34619] INFO  statemachine.DatanodeStateMachine (DatanodeStateMachine.java:stopDaemon(580)) - Ozone container server stopped.
2022-08-09 13:49:06,345 [Listener at 127.0.0.1/34619] INFO  handler.ContextHandler (ContextHandler.java:doStop(1153)) - Stopped o.e.j.w.WebAppContext@7f438d3e{hddsDatanode,/,null,STOPPED}{jar:file:/home/runner/.m2/repository/org/apache/ozone/hdds-container-service/1.3.0-SNAPSHOT/hdds-container-service-1.3.0-SNAPSHOT.jar!/webapps/hddsDatanode}
2022-08-09 13:49:06,346 [Listener at 127.0.0.1/34619] INFO  server.AbstractConnector (AbstractConnector.java:doStop(381)) - Stopped ServerConnector@3e812b53{HTTP/1.1, (http/1.1)}{0.0.0.0:0}
2022-08-09 13:49:06,346 [Listener at 127.0.0.1/34619] INFO  server.session (HouseKeeper.java:stopScavenging(149)) - node0 Stopped scavenging
2022-08-09 13:49:06,347 [Listener at 127.0.0.1/34619] INFO  handler.ContextHandler (ContextHandler.java:doStop(1153)) - Stopped o.e.j.s.ServletContextHandler@5879efdb{static,/static,jar:file:/home/runner/.m2/repository/org/apache/ozone/hdds-container-service/1.3.0-SNAPSHOT/hdds-container-service-1.3.0-SNAPSHOT.jar!/webapps/static,STOPPED}
2022-08-09 13:49:06,347 [Listener at 127.0.0.1/34619] INFO  handler.ContextHandler (ContextHandler.java:doStop(1153)) - Stopped o.e.j.s.ServletContextHandler@7b04ea0d{logs,/logs,file:///home/runner/work/ozone/ozone/hadoop-ozone/integration-test/target/log,STOPPED}
2022-08-09 13:49:06,350 [Listener at 127.0.0.1/34619] INFO  ozone.MiniOzoneClusterImpl (MiniOzoneClusterImpl.java:stopSCM(537)) - Stopping the StorageContainerManager
2022-08-09 13:49:06,350 [Listener at 127.0.0.1/34619] INFO  server.StorageContainerManager (StorageContainerManager.java:stop(1552)) - Container Balancer is not running.
2022-08-09 13:49:06,350 [Listener at 127.0.0.1/34619] INFO  server.StorageContainerManager (StorageContainerManager.java:stop(1559)) - Stopping Replication Manager Service.
2022-08-09 13:49:06,350 [Listener at 127.0.0.1/34619] INFO  replication.ReplicationManager (ReplicationManager.java:stop(233)) - Stopping Replication Monitor Thread.
2022-08-09 13:49:06,350 [ReplicationMonitor] INFO  replication.ReplicationManager (ReplicationManager.java:run(466)) - Replication Monitor Thread is stopped
2022-08-09 13:49:06,350 [Listener at 127.0.0.1/34619] INFO  server.StorageContainerManager (StorageContainerManager.java:stop(1566)) - Stopping the Datanode Admin Monitor.
2022-08-09 13:49:06,350 [Listener at 127.0.0.1/34619] INFO  server.StorageContainerManager (StorageContainerManager.java:stop(1573)) - Stopping Lease Manager of the command watchers
2022-08-09 13:49:06,351 [Listener at 127.0.0.1/34619] INFO  server.StorageContainerManager (StorageContainerManager.java:stop(1580)) - Stopping datanode service RPC server
2022-08-09 13:49:06,351 [Listener at 127.0.0.1/34619] INFO  server.SCMDatanodeProtocolServer (SCMDatanodeProtocolServer.java:stop(414)) - Stopping the RPC server for DataNodes
2022-08-09 13:49:06,351 [Listener at 127.0.0.1/34619] INFO  ipc.Server (Server.java:stop(3414)) - Stopping server on 44219
2022-08-09 13:49:06,356 [IPC Server listener on 0] INFO  ipc.Server (Server.java:run(1376)) - Stopping IPC Server listener on 0
2022-08-09 13:49:06,373 [IPC Server Responder] INFO  ipc.Server (Server.java:run(1512)) - Stopping IPC Server Responder
2022-08-09 13:49:06,475 [SCM Heartbeat Processing Thread - 0] WARN  node.NodeStateManager (NodeStateManager.java:scheduleNextHealthCheck(870)) - Current Thread is interrupted, shutting down HB processing thread for Node Manager.
2022-08-09 13:49:06,476 [Listener at 127.0.0.1/34619] INFO  server.StorageContainerManager (StorageContainerManager.java:stop(1588)) - Stopping block service RPC server
2022-08-09 13:49:06,476 [Listener at 127.0.0.1/34619] INFO  server.SCMBlockProtocolServer (SCMBlockProtocolServer.java:stop(161)) - Stopping the RPC server for Block Protocol
2022-08-09 13:49:06,476 [Listener at 127.0.0.1/34619] INFO  ipc.Server (Server.java:stop(3414)) - Stopping server on 46691
2022-08-09 13:49:06,484 [IPC Server listener on 0] INFO  ipc.Server (Server.java:run(1376)) - Stopping IPC Server listener on 0
2022-08-09 13:49:06,484 [Listener at 127.0.0.1/34619] INFO  server.StorageContainerManager (StorageContainerManager.java:stop(1595)) - Stopping the StorageContainerLocationProtocol RPC server
2022-08-09 13:49:06,498 [Listener at 127.0.0.1/34619] INFO  server.SCMClientProtocolServer (SCMClientProtocolServer.java:stop(179)) - Stopping the RPC server for Client Protocol
2022-08-09 13:49:06,498 [Listener at 127.0.0.1/34619] INFO  ipc.Server (Server.java:stop(3414)) - Stopping server on 39933
2022-08-09 13:49:06,505 [IPC Server Responder] INFO  ipc.Server (Server.java:run(1512)) - Stopping IPC Server Responder
2022-08-09 13:49:06,509 [Listener at 127.0.0.1/34619] INFO  server.StorageContainerManager (StorageContainerManager.java:stop(1602)) - Stopping Storage Container Manager HTTP server.
2022-08-09 13:49:06,510 [Listener at 127.0.0.1/34619] INFO  handler.ContextHandler (ContextHandler.java:doStop(1153)) - Stopped o.e.j.w.WebAppContext@5c803ec4{scm,/,null,STOPPED}{file:/home/runner/work/ozone/ozone/hadoop-ozone/integration-test/target/test-classes/webapps/scm}
2022-08-09 13:49:06,510 [IPC Server Responder] INFO  ipc.Server (Server.java:run(1512)) - Stopping IPC Server Responder
2022-08-09 13:49:06,510 [IPC Server listener on 0] INFO  ipc.Server (Server.java:run(1376)) - Stopping IPC Server listener on 0
2022-08-09 13:49:06,537 [Listener at 127.0.0.1/34619] INFO  server.AbstractConnector (AbstractConnector.java:doStop(381)) - Stopped ServerConnector@704a50aa{HTTP/1.1, (http/1.1)}{0.0.0.0:0}
2022-08-09 13:49:06,537 [Listener at 127.0.0.1/34619] INFO  server.session (HouseKeeper.java:stopScavenging(149)) - node0 Stopped scavenging
2022-08-09 13:49:06,538 [Listener at 127.0.0.1/34619] INFO  handler.ContextHandler (ContextHandler.java:doStop(1153)) - Stopped o.e.j.s.ServletContextHandler@37aaa8b1{static,/static,file:///home/runner/work/ozone/ozone/hadoop-ozone/integration-test/target/test-classes/webapps/static,STOPPED}
2022-08-09 13:49:06,538 [Listener at 127.0.0.1/34619] INFO  handler.ContextHandler (ContextHandler.java:doStop(1153)) - Stopped o.e.j.s.ServletContextHandler@67e43f51{logs,/logs,file:///home/runner/work/ozone/ozone/hadoop-ozone/integration-test/target/log,STOPPED}
2022-08-09 13:49:06,539 [Listener at 127.0.0.1/34619] INFO  server.StorageContainerManager (StorageContainerManager.java:stop(1613)) - Stopping Block Manager Service.
2022-08-09 13:49:06,539 [Listener at 127.0.0.1/34619] INFO  utils.BackgroundService (BackgroundService.java:shutdown(141)) - Shutting down service SCMBlockDeletingService
2022-08-09 13:49:06,539 [Listener at 127.0.0.1/34619] INFO  utils.BackgroundService (BackgroundService.java:shutdown(141)) - Shutting down service SCMBlockDeletingService
2022-08-09 13:49:06,539 [Listener at 127.0.0.1/34619] INFO  server.StorageContainerManager (StorageContainerManager.java:stop(1640)) - Stopping SCM Event Queue.
2022-08-09 13:49:06,541 [Listener at 127.0.0.1/34619] INFO  server.StorageContainerManager (StorageContainerManager.java:stop(1651)) - Stopping SCM HA services.
2022-08-09 13:49:06,541 [Listener at 127.0.0.1/34619] INFO  pipeline.BackgroundPipelineCreator (BackgroundPipelineCreator.java:stop(149)) - Stopping RatisPipelineUtilsThread.
2022-08-09 13:49:06,541 [RatisPipelineUtilsThread - 0] WARN  pipeline.BackgroundPipelineCreator (BackgroundPipelineCreator.java:run(180)) - RatisPipelineUtilsThread is interrupted.
2022-08-09 13:49:06,542 [Listener at 127.0.0.1/34619] INFO  BackgroundPipelineScrubber (BackgroundSCMService.java:stop(131)) - Stopping BackgroundPipelineScrubber Service.
2022-08-09 13:49:06,542 [Listener at 127.0.0.1/34619] INFO  server.StorageContainerManager (StorageContainerManager.java:stop(1661)) - Stopping SCM MetadataStore.
2022-08-09 13:49:06,542 [BackgroundPipelineScrubberThread] WARN  BackgroundPipelineScrubber (BackgroundSCMService.java:run(115)) - BackgroundPipelineScrubber is interrupted, exit
2022-08-09 13:49:06,548 [Listener at 127.0.0.1/34619] INFO  impl.MetricsSystemImpl (MetricsSystemImpl.java:stop(210)) - Stopping HddsDatanode metrics system...
2022-08-09 13:49:06,617 [prometheus] INFO  impl.MetricsSinkAdapter (MetricsSinkAdapter.java:publishMetricsFromQueue(141)) - prometheus thread interrupted.
2022-08-09 13:49:06,621 [Listener at 127.0.0.1/34619] INFO  impl.MetricsSystemImpl (MetricsSystemImpl.java:stop(216)) - HddsDatanode metrics system stopped.
2022-08-09 13:49:06,861 [Listener at 127.0.0.1/34619] WARN  server.ServerUtils (ServerUtils.java:getScmDbDir(148)) - ozone.scm.db.dirs is not configured. We recommend adding this setting. Falling back to ozone.metadata.dirs instead.
2022-08-09 13:49:06,881 [Listener at 127.0.0.1/34619] WARN  server.ServerUtils (ServerUtils.java:getScmDbDir(148)) - ozone.scm.db.dirs is not configured. We recommend adding this setting. Falling back to ozone.metadata.dirs instead.
2022-08-09 13:49:06,881 [Listener at 127.0.0.1/34619] INFO  ha.SCMHANodeDetails (SCMHANodeDetails.java:loadSCMHAConfig(209)) - ServiceID for StorageContainerManager is null
2022-08-09 13:49:06,881 [Listener at 127.0.0.1/34619] INFO  ha.SCMHANodeDetails (SCMHANodeDetails.java:loadSCMHAConfig(214)) - ozone.scm.default.service.id is not defined, falling back to ozone.scm.service.ids to find serviceID for StorageContainerManager if it is HA enabled cluster
2022-08-09 13:49:06,884 [Listener at 127.0.0.1/34619] WARN  utils.HAUtils (HAUtils.java:getMetaDir(342)) - ozone.scm.db.dirs is not configured. We recommend adding this setting. Falling back to ozone.metadata.dirs instead.
2022-08-09 13:49:06,885 [Listener at 127.0.0.1/34619] WARN  db.DBStoreBuilder (DBStoreBuilder.java:applyDBDefinition(146)) - ozone.scm.db.dirs is not configured. We recommend adding this setting. Falling back to ozone.metadata.dirs instead.
2022-08-09 13:49:07,285 [Listener at 127.0.0.1/34619] INFO  net.NodeSchemaLoader (NodeSchemaLoader.java:loadSchemaFromFile(129)) - Loading schema from [jar:file:/home/runner/.m2/repository/org/apache/ozone/hdds-common/1.3.0-SNAPSHOT/hdds-common-1.3.0-SNAPSHOT.jar!/network-topology-default.xml]
2022-08-09 13:49:07,286 [Listener at 127.0.0.1/34619] INFO  net.NodeSchemaLoader (NodeSchemaLoader.java:loadSchema(176)) - Loading network topology layer schema file
2022-08-09 13:49:07,301 [Listener at 127.0.0.1/34619] INFO  upgrade.AbstractLayoutVersionManager (AbstractLayoutVersionManager.java:init(83)) - Initializing Layout version manager with metadata layout = DATANODE_SCHEMA_V3 (version = 4), software layout = DATANODE_SCHEMA_V3 (version = 4)
2022-08-09 13:49:07,465 [Listener at 127.0.0.1/34619] INFO  reflections.Reflections (Reflections.java:scan(232)) - Reflections took 163 ms to scan 7 urls, producing 132 keys and 321 values 
2022-08-09 13:49:07,473 [Listener at 127.0.0.1/34619] INFO  ha.SequenceIdGenerator (SequenceIdGenerator.java:upgradeToSequenceId(349)) - upgrade localId to 109611004723200000
2022-08-09 13:49:07,473 [Listener at 127.0.0.1/34619] INFO  ha.SequenceIdGenerator (SequenceIdGenerator.java:upgradeToSequenceId(359)) - upgrade delTxnId to 0
2022-08-09 13:49:07,489 [Listener at 127.0.0.1/34619] INFO  ha.SequenceIdGenerator (SequenceIdGenerator.java:upgradeToSequenceId(376)) - upgrade containerId to 0
2022-08-09 13:49:07,489 [Listener at 127.0.0.1/34619] INFO  ha.SequenceIdGenerator (SequenceIdGenerator.java:<init>(220)) - Init the HA SequenceIdGenerator.
2022-08-09 13:49:07,489 [Listener at 127.0.0.1/34619] WARN  server.ServerUtils (ServerUtils.java:sanitizeUserArgs(73)) - ozone.scm.stale.node.interval value = 300000 is larger than max = 100000 based on the key value of ozone.scm.heartbeat.thread.interval, reset to the max value 100000.
2022-08-09 13:49:07,490 [Listener at 127.0.0.1/34619] WARN  server.ServerUtils (ServerUtils.java:sanitizeUserArgs(73)) - ozone.scm.stale.node.interval value = 300000 is larger than max = 100000 based on the key value of ozone.scm.heartbeat.thread.interval, reset to the max value 100000.
2022-08-09 13:49:07,499 [Listener at 127.0.0.1/34619] INFO  node.SCMNodeManager (SCMNodeManager.java:<init>(149)) - Entering startup safe mode.
2022-08-09 13:49:07,499 [Listener at 127.0.0.1/34619] INFO  algorithms.ContainerPlacementPolicyFactory (ContainerPlacementPolicyFactory.java:getPolicyInternal(86)) - Create container placement policy of type org.apache.hadoop.hdds.scm.container.placement.algorithms.SCMContainerPlacementRandom
2022-08-09 13:49:07,500 [Listener at 127.0.0.1/34619] INFO  algorithms.ContainerPlacementPolicyFactory (ContainerPlacementPolicyFactory.java:getPolicyInternal(86)) - Create container placement policy of type org.apache.hadoop.hdds.scm.container.placement.algorithms.SCMContainerPlacementRackScatter
2022-08-09 13:49:07,500 [Listener at 127.0.0.1/34619] INFO  pipeline.PipelineStateManagerImpl (PipelineStateManagerImpl.java:initialize(78)) - No pipeline exists in current db
2022-08-09 13:49:07,500 [Listener at 127.0.0.1/34619] INFO  algorithms.LeaderChoosePolicyFactory (LeaderChoosePolicyFactory.java:getPolicy(57)) - Create leader choose policy of type org.apache.hadoop.hdds.scm.pipeline.leader.choose.algorithms.MinLeaderCountChoosePolicy
2022-08-09 13:49:07,500 [Listener at 127.0.0.1/34619] INFO  algorithms.ContainerPlacementPolicyFactory (ContainerPlacementPolicyFactory.java:getPolicyInternal(86)) - Create container placement policy of type org.apache.hadoop.hdds.scm.container.placement.algorithms.SCMContainerPlacementRackScatter
2022-08-09 13:49:07,500 [Listener at 127.0.0.1/34619] INFO  ha.SCMServiceManager (SCMServiceManager.java:register(42)) - Registering service BackgroundPipelineCreator.
2022-08-09 13:49:07,500 [Listener at 127.0.0.1/34619] INFO  pipeline.BackgroundPipelineCreator (BackgroundPipelineCreator.java:start(124)) - Starting RatisPipelineUtilsThread.
2022-08-09 13:49:07,526 [Listener at 127.0.0.1/34619] INFO  BackgroundPipelineScrubber (BackgroundSCMService.java:start(68)) - Starting BackgroundPipelineScrubber Service.
2022-08-09 13:49:07,527 [Listener at 127.0.0.1/34619] INFO  ha.SCMServiceManager (SCMServiceManager.java:register(42)) - Registering service BackgroundPipelineScrubber.
2022-08-09 13:49:07,527 [Listener at 127.0.0.1/34619] INFO  ExpiredContainerReplicaOpScrubber (BackgroundSCMService.java:start(68)) - Starting ExpiredContainerReplicaOpScrubber Service.
2022-08-09 13:49:07,528 [Listener at 127.0.0.1/34619] INFO  ha.SCMServiceManager (SCMServiceManager.java:register(42)) - Registering service ExpiredContainerReplicaOpScrubber.
2022-08-09 13:49:07,528 [Listener at 127.0.0.1/34619] INFO  algorithms.PipelineChoosePolicyFactory (PipelineChoosePolicyFactory.java:createPipelineChoosePolicyFromClass(73)) - Create pipeline choose policy of type org.apache.hadoop.hdds.scm.pipeline.choose.algorithms.RandomPipelineChoosePolicy
2022-08-09 13:49:07,529 [Listener at 127.0.0.1/34619] INFO  ha.SCMServiceManager (SCMServiceManager.java:register(42)) - Registering service SCMBlockDeletingService.
2022-08-09 13:49:07,530 [Listener at 127.0.0.1/34619] INFO  replication.ReplicationManager (ReplicationManager.java:start(200)) - Starting Replication Monitor Thread.
2022-08-09 13:49:07,530 [Listener at 127.0.0.1/34619] INFO  UnderReplicatedQueueThread (BackgroundSCMService.java:start(68)) - Starting UnderReplicatedQueueThread Service.
2022-08-09 13:49:07,530 [Listener at 127.0.0.1/34619] INFO  ha.SCMServiceManager (SCMServiceManager.java:register(42)) - Registering service UnderReplicatedQueueThread.
2022-08-09 13:49:07,531 [Listener at 127.0.0.1/34619] INFO  OverReplicatedQueueThread (BackgroundSCMService.java:start(68)) - Starting OverReplicatedQueueThread Service.
2022-08-09 13:49:07,531 [Listener at 127.0.0.1/34619] INFO  ha.SCMServiceManager (SCMServiceManager.java:register(42)) - Registering service OverReplicatedQueueThread.
2022-08-09 13:49:07,531 [Listener at 127.0.0.1/34619] INFO  ha.SCMServiceManager (SCMServiceManager.java:register(42)) - Registering service ReplicationManager.
2022-08-09 13:49:07,531 [Listener at 127.0.0.1/34619] INFO  safemode.ContainerSafeModeRule (ContainerSafeModeRule.java:<init>(89)) - containers with one replica threshold count 0
2022-08-09 13:49:07,532 [Listener at 127.0.0.1/34619] INFO  safemode.HealthyPipelineSafeModeRule (HealthyPipelineSafeModeRule.java:initializeRule(169)) - Total pipeline count is 0, healthy pipeline threshold count is 1
2022-08-09 13:49:07,532 [Listener at 127.0.0.1/34619] INFO  safemode.OneReplicaPipelineSafeModeRule (OneReplicaPipelineSafeModeRule.java:initializeRule(180)) - Total pipeline count is 0, pipeline's with at least one datanode reported threshold count is 0
2022-08-09 13:49:07,534 [Listener at 127.0.0.1/34619] INFO  ipc.CallQueueManager (CallQueueManager.java:<init>(90)) - Using callQueue: class java.util.concurrent.LinkedBlockingQueue, queueCapacity: 2000, scheduler: class org.apache.hadoop.ipc.DefaultRpcScheduler, ipcBackoff: false.
2022-08-09 13:49:07,535 [Socket Reader #1 for port 0] INFO  ipc.Server (Server.java:run(1265)) - Starting Socket Reader #1 for port 0
2022-08-09 13:49:07,536 [Listener at 0.0.0.0/38939] INFO  ipc.CallQueueManager (CallQueueManager.java:<init>(90)) - Using callQueue: class java.util.concurrent.LinkedBlockingQueue, queueCapacity: 2000, scheduler: class org.apache.hadoop.ipc.DefaultRpcScheduler, ipcBackoff: false.
2022-08-09 13:49:07,536 [Socket Reader #1 for port 0] INFO  ipc.Server (Server.java:run(1265)) - Starting Socket Reader #1 for port 0
2022-08-09 13:49:07,537 [Listener at 0.0.0.0/36297] INFO  ipc.CallQueueManager (CallQueueManager.java:<init>(90)) - Using callQueue: class java.util.concurrent.LinkedBlockingQueue, queueCapacity: 2000, scheduler: class org.apache.hadoop.ipc.DefaultRpcScheduler, ipcBackoff: false.
2022-08-09 13:49:07,541 [Socket Reader #1 for port 0] INFO  ipc.Server (Server.java:run(1265)) - Starting Socket Reader #1 for port 0
2022-08-09 13:49:07,589 [ReplicationMonitor] INFO  replication.ReplicationManager (ReplicationManager.java:processAll(249)) - Replication Manager is not ready to run until 3000ms after safemode exit
2022-08-09 13:49:07,628 [Listener at 0.0.0.0/41805] INFO  ha.SCMServiceManager (SCMServiceManager.java:register(42)) - Registering service ContainerBalancer.
2022-08-09 13:49:07,628 [Listener at 0.0.0.0/41805] INFO  server.StorageContainerManager (StorageContainerManager.java:<init>(406)) - 
Container Balancer status:
Key                            Value
Running                        false
Container Balancer Configuration values:
Key                                                Value
Threshold                                          10
Max Datanodes to Involve per Iteration(percent)    20
Max Size to Move per Iteration                     500GB
Max Size Entering Target per Iteration             26GB
Max Size Leaving Source per Iteration              26GB

2022-08-09 13:49:07,628 [Listener at 0.0.0.0/41805] WARN  events.EventQueue (EventQueue.java:fireEvent(216)) - No event handler registered for event TypedEvent{payloadType=SafeModeStatus, name='Safe mode status'}
2022-08-09 13:49:07,628 [Listener at 0.0.0.0/41805] INFO  ha.SCMContext (SCMContext.java:updateSafeModeStatus(228)) - Update SafeModeStatus from SafeModeStatus{safeModeStatus=true, preCheckPassed=false} to SafeModeStatus{safeModeStatus=true, preCheckPassed=false}.
2022-08-09 13:49:07,642 [Listener at 0.0.0.0/41805] INFO  server.StorageContainerManager (StorageContainerManager.java:start(1460)) - StorageContainerLocationProtocol RPC server is listening at /0.0.0.0:41805
2022-08-09 13:49:07,643 [Listener at 0.0.0.0/41805] WARN  impl.MetricsConfig (MetricsConfig.java:loadFirst(136)) - Cannot locate configuration: tried hadoop-metrics2-storagecontainermanager.properties,hadoop-metrics2.properties
2022-08-09 13:49:07,645 [Listener at 0.0.0.0/41805] INFO  impl.MetricsSystemImpl (MetricsSystemImpl.java:startTimer(378)) - Scheduled Metric snapshot period at 10 second(s).
2022-08-09 13:49:07,645 [Listener at 0.0.0.0/41805] INFO  impl.MetricsSystemImpl (MetricsSystemImpl.java:start(191)) - StorageContainerManager metrics system started
2022-08-09 13:49:07,709 [Listener at 0.0.0.0/41805] INFO  impl.MetricsSinkAdapter (MetricsSinkAdapter.java:start(204)) - Sink prometheus started
2022-08-09 13:49:07,709 [Listener at 0.0.0.0/41805] INFO  impl.MetricsSystemImpl (MetricsSystemImpl.java:registerSink(305)) - Registered sink prometheus
2022-08-09 13:49:07,734 [Listener at 0.0.0.0/41805] INFO  server.SCMClientProtocolServer (SCMClientProtocolServer.java:start(170)) - RPC server for Client  is listening at /0.0.0.0:41805
2022-08-09 13:49:07,734 [IPC Server Responder] INFO  ipc.Server (Server.java:run(1507)) - IPC Server Responder: starting
2022-08-09 13:49:07,734 [IPC Server listener on 0] INFO  ipc.Server (Server.java:run(1344)) - IPC Server listener on 0: starting
2022-08-09 13:49:07,736 [Listener at 0.0.0.0/41805] INFO  server.StorageContainerManager (StorageContainerManager.java:start(1475)) - ScmBlockLocationProtocol RPC server is listening at /0.0.0.0:36297
2022-08-09 13:49:07,736 [Listener at 0.0.0.0/41805] INFO  server.SCMBlockProtocolServer (SCMBlockProtocolServer.java:start(152)) - RPC server for Block Protocol is listening at /0.0.0.0:36297
2022-08-09 13:49:07,736 [IPC Server Responder] INFO  ipc.Server (Server.java:run(1507)) - IPC Server Responder: starting
2022-08-09 13:49:07,736 [IPC Server listener on 0] INFO  ipc.Server (Server.java:run(1344)) - IPC Server listener on 0: starting
2022-08-09 13:49:07,741 [Listener at 0.0.0.0/41805] INFO  server.SCMDatanodeProtocolServer (SCMDatanodeProtocolServer.java:start(186)) - ScmDatanodeProtocol RPC server for DataNodes is listening at /0.0.0.0:38939
2022-08-09 13:49:07,741 [IPC Server Responder] INFO  ipc.Server (Server.java:run(1507)) - IPC Server Responder: starting
2022-08-09 13:49:07,741 [IPC Server listener on 0] INFO  ipc.Server (Server.java:run(1344)) - IPC Server listener on 0: starting
2022-08-09 13:49:07,761 [org.apache.hadoop.util.JvmPauseMonitor$Monitor@5fbe35d6] INFO  util.JvmPauseMonitor (JvmPauseMonitor.java:run(188)) - Starting JVM pause monitor
2022-08-09 13:49:07,775 [Listener at 0.0.0.0/41805] INFO  http.BaseHttpServer (BaseHttpServer.java:newHttpServer2BuilderForOzone(209)) - Starting Web-server for scm at: http://0.0.0.0:0
2022-08-09 13:49:07,775 [Listener at 0.0.0.0/41805] INFO  http.BaseHttpServer (BaseHttpServer.java:<init>(107)) - Hadoop Security Enabled: false Ozone Security Enabled: false Ozone HTTP Security Enabled: false 
2022-08-09 13:49:07,778 [Listener at 0.0.0.0/41805] INFO  server.AuthenticationFilter (AuthenticationFilter.java:constructSecretProvider(240)) - Unable to initialize FileSignerSecretProvider, falling back to use random secrets.
2022-08-09 13:49:07,779 [Listener at 0.0.0.0/41805] WARN  http.HttpRequestLog (HttpRequestLog.java:getRequestLog(103)) - Jetty request log can only be enabled using Log4j
2022-08-09 13:49:07,780 [Listener at 0.0.0.0/41805] INFO  http.HttpServer2 (HttpServer2.java:addGlobalFilter(1029)) - Added global filter 'safety' (class=org.apache.hadoop.hdds.server.http.HttpServer2$QuotingInputFilter)
2022-08-09 13:49:07,781 [Listener at 0.0.0.0/41805] INFO  http.HttpServer2 (HttpServer2.java:addFilter(1005)) - Added filter static_user_filter (class=org.apache.hadoop.http.lib.StaticUserWebFilter$StaticUserFilter) to context scm
2022-08-09 13:49:07,781 [Listener at 0.0.0.0/41805] INFO  http.HttpServer2 (HttpServer2.java:addFilter(1013)) - Added filter static_user_filter (class=org.apache.hadoop.http.lib.StaticUserWebFilter$StaticUserFilter) to context logs
2022-08-09 13:49:07,781 [Listener at 0.0.0.0/41805] INFO  http.HttpServer2 (HttpServer2.java:addFilter(1013)) - Added filter static_user_filter (class=org.apache.hadoop.http.lib.StaticUserWebFilter$StaticUserFilter) to context static
2022-08-09 13:49:07,781 [Listener at 0.0.0.0/41805] INFO  http.HttpServer2 (HttpServer2.java:bindListener(1248)) - Jetty bound to port 45289
2022-08-09 13:49:07,782 [Listener at 0.0.0.0/41805] INFO  server.Server (Server.java:doStart(375)) - jetty-9.4.43.v20210629; built: 2021-06-30T11:07:22.254Z; git: 526006ecfa3af7f1a27ef3a288e2bef7ea9dd7e8; jvm 1.8.0_332-b09
2022-08-09 13:49:07,783 [Listener at 0.0.0.0/41805] INFO  server.session (DefaultSessionIdManager.java:doStart(334)) - DefaultSessionIdManager workerName=node0
2022-08-09 13:49:07,783 [Listener at 0.0.0.0/41805] INFO  server.session (DefaultSessionIdManager.java:doStart(339)) - No SessionScavenger set, using defaults
2022-08-09 13:49:07,783 [Listener at 0.0.0.0/41805] INFO  server.session (HouseKeeper.java:startScavenging(132)) - node0 Scavenging every 600000ms
2022-08-09 13:49:07,784 [Listener at 0.0.0.0/41805] INFO  handler.ContextHandler (ContextHandler.java:doStart(915)) - Started o.e.j.s.ServletContextHandler@7ed14356{logs,/logs,file:///home/runner/work/ozone/ozone/hadoop-ozone/integration-test/target/log,AVAILABLE}
2022-08-09 13:49:07,784 [Listener at 0.0.0.0/41805] INFO  handler.ContextHandler (ContextHandler.java:doStart(915)) - Started o.e.j.s.ServletContextHandler@3dc1ba9d{static,/static,file:///home/runner/work/ozone/ozone/hadoop-ozone/integration-test/target/test-classes/webapps/static,AVAILABLE}
2022-08-09 13:49:07,787 [Listener at 0.0.0.0/41805] INFO  handler.ContextHandler (ContextHandler.java:doStart(915)) - Started o.e.j.w.WebAppContext@4bcf8428{scm,/,file:///home/runner/work/ozone/ozone/hadoop-ozone/integration-test/target/test-classes/webapps/scm/,AVAILABLE}{file:/home/runner/work/ozone/ozone/hadoop-ozone/integration-test/target/test-classes/webapps/scm}
2022-08-09 13:49:07,873 [Listener at 0.0.0.0/41805] INFO  server.AbstractConnector (AbstractConnector.java:doStart(331)) - Started ServerConnector@919ebd1{HTTP/1.1, (http/1.1)}{0.0.0.0:45289}
2022-08-09 13:49:07,874 [Listener at 0.0.0.0/41805] INFO  server.Server (Server.java:doStart(415)) - Started @134608ms
2022-08-09 13:49:07,874 [Listener at 0.0.0.0/41805] WARN  impl.MetricsSystemImpl (MetricsSystemImpl.java:register(279)) - Sink prometheus already exists!
2022-08-09 13:49:07,875 [Listener at 0.0.0.0/41805] INFO  http.BaseHttpServer (BaseHttpServer.java:updateConnectorAddress(329)) - HTTP server of scm listening at http://0.0.0.0:45289
2022-08-09 13:49:07,875 [Listener at 0.0.0.0/41805] WARN  server.ServerUtils (ServerUtils.java:getDBPath(225)) - ozone.om.db.dirs is not configured. We recommend adding this setting. Falling back to ozone.metadata.dirs instead.
2022-08-09 13:49:07,878 [Listener at 0.0.0.0/41805] INFO  ha.OMHANodeDetails (OMHANodeDetails.java:loadOMHAConfig(115)) - ozone.om.internal.service.id is not defined, falling back to ozone.om.service.ids to find serviceID for OzoneManager if it is HA enabled cluster
2022-08-09 13:49:07,880 [Listener at 0.0.0.0/41805] INFO  ha.OMHANodeDetails (OMHANodeDetails.java:loadOMHAConfig(226)) - Configuration does not have ozone.om.address set. Falling back to the default OM address /127.0.0.1:0
2022-08-09 13:49:07,880 [Listener at 0.0.0.0/41805] INFO  ha.OMHANodeDetails (OMHANodeDetails.java:getOMNodeDetailsForNonHA(254)) - OM Service ID is not set. Setting it to the default ID: omServiceIdDefault
2022-08-09 13:49:07,880 [Listener at 0.0.0.0/41805] INFO  ha.OMHANodeDetails (OMHANodeDetails.java:getOMNodeDetailsForNonHA(261)) - OM Node ID is not set. Setting it to the default ID: om1
2022-08-09 13:49:07,880 [Listener at 0.0.0.0/41805] WARN  server.ServerUtils (ServerUtils.java:getDBPath(225)) - ozone.om.db.dirs is not configured. We recommend adding this setting. Falling back to ozone.metadata.dirs instead.
2022-08-09 13:49:07,880 [Listener at 0.0.0.0/41805] INFO  upgrade.AbstractLayoutVersionManager (AbstractLayoutVersionManager.java:init(83)) - Initializing Layout version manager with metadata layout = MULTITENANCY_SCHEMA (version = 3), software layout = MULTITENANCY_SCHEMA (version = 3)
2022-08-09 13:49:08,025 [Finalizer] WARN  managed.ManagedRocksObjectUtils (ManagedRocksObjectUtils.java:assertClosed(39)) - ManagedColumnFamilyOptions is not closed properly
2022-08-09 13:49:08,025 [Finalizer] WARN  managed.ManagedRocksObjectUtils (ManagedRocksObjectUtils.java:assertClosed(39)) - ManagedColumnFamilyOptions is not closed properly
2022-08-09 13:49:08,025 [Finalizer] WARN  managed.ManagedRocksObjectUtils (ManagedRocksObjectUtils.java:assertClosed(39)) - ManagedColumnFamilyOptions is not closed properly
2022-08-09 13:49:08,025 [Finalizer] WARN  managed.ManagedRocksObjectUtils (ManagedRocksObjectUtils.java:assertClosed(39)) - ManagedColumnFamilyOptions is not closed properly
2022-08-09 13:49:08,025 [Finalizer] WARN  managed.ManagedRocksObjectUtils (ManagedRocksObjectUtils.java:assertClosed(39)) - ManagedColumnFamilyOptions is not closed properly
2022-08-09 13:49:08,025 [Finalizer] WARN  managed.ManagedRocksObjectUtils (ManagedRocksObjectUtils.java:assertClosed(39)) - ManagedColumnFamilyOptions is not closed properly
2022-08-09 13:49:08,025 [Finalizer] WARN  managed.ManagedRocksObjectUtils (ManagedRocksObjectUtils.java:assertClosed(39)) - ManagedColumnFamilyOptions is not closed properly
2022-08-09 13:49:08,025 [Finalizer] WARN  managed.ManagedRocksObjectUtils (ManagedRocksObjectUtils.java:assertClosed(39)) - ManagedColumnFamilyOptions is not closed properly
2022-08-09 13:49:08,025 [Finalizer] WARN  managed.ManagedRocksObjectUtils (ManagedRocksObjectUtils.java:assertClosed(39)) - ManagedColumnFamilyOptions is not closed properly
2022-08-09 13:49:08,025 [Finalizer] WARN  managed.ManagedRocksObjectUtils (ManagedRocksObjectUtils.java:assertClosed(39)) - ManagedColumnFamilyOptions is not closed properly
2022-08-09 13:49:08,025 [Finalizer] WARN  managed.ManagedRocksObjectUtils (ManagedRocksObjectUtils.java:assertClosed(39)) - ManagedColumnFamilyOptions is not closed properly
2022-08-09 13:49:08,025 [Finalizer] WARN  managed.ManagedRocksObjectUtils (ManagedRocksObjectUtils.java:assertClosed(39)) - ManagedColumnFamilyOptions is not closed properly
2022-08-09 13:49:08,025 [Finalizer] WARN  managed.ManagedRocksObjectUtils (ManagedRocksObjectUtils.java:assertClosed(39)) - ManagedColumnFamilyOptions is not closed properly
2022-08-09 13:49:08,025 [Finalizer] WARN  managed.ManagedRocksObjectUtils (ManagedRocksObjectUtils.java:assertClosed(39)) - ManagedColumnFamilyOptions is not closed properly
2022-08-09 13:49:08,025 [Finalizer] WARN  managed.ManagedRocksObjectUtils (ManagedRocksObjectUtils.java:assertClosed(39)) - ManagedColumnFamilyOptions is not closed properly
2022-08-09 13:49:08,025 [Finalizer] WARN  managed.ManagedRocksObjectUtils (ManagedRocksObjectUtils.java:assertClosed(39)) - ManagedColumnFamilyOptions is not closed properly
2022-08-09 13:49:08,170 [Listener at 0.0.0.0/41805] INFO  reflections.Reflections (Reflections.java:scan(232)) - Reflections took 289 ms to scan 2 urls, producing 153 keys and 426 values [using 2 cores]
2022-08-09 13:49:08,171 [Listener at 0.0.0.0/41805] INFO  upgrade.OMLayoutVersionManager (OMLayoutVersionManager.java:lambda$0(115)) - Skipping Upgrade Action MockOmUpgradeAction since it has been finalized.
2022-08-09 13:49:08,171 [Listener at 0.0.0.0/41805] WARN  server.ServerUtils (ServerUtils.java:getDBPath(225)) - ozone.om.db.dirs is not configured. We recommend adding this setting. Falling back to ozone.metadata.dirs instead.
2022-08-09 13:49:08,172 [Listener at 0.0.0.0/41805] INFO  proxy.SCMBlockLocationFailoverProxyProvider (SCMBlockLocationFailoverProxyProvider.java:<init>(114)) - Created block location fail-over proxy with 1 nodes: [nodeId=scmNodeId,nodeAddress=/0.0.0.0:36297]
2022-08-09 13:49:08,173 [Listener at 0.0.0.0/41805] INFO  proxy.SCMBlockLocationFailoverProxyProvider (SCMBlockLocationFailoverProxyProvider.java:<init>(114)) - Created block location fail-over proxy with 1 nodes: [nodeId=scmNodeId,nodeAddress=/0.0.0.0:36297]
2022-08-09 13:49:08,241 [Listener at 0.0.0.0/41805] WARN  server.ServerUtils (ServerUtils.java:getDBPath(225)) - ozone.om.db.dirs is not configured. We recommend adding this setting. Falling back to ozone.metadata.dirs instead.
2022-08-09 13:49:08,242 [Listener at 0.0.0.0/41805] INFO  codec.OmKeyInfoCodec (OmKeyInfoCodec.java:<init>(49)) - OmKeyInfoCodec ignorePipeline = true
2022-08-09 13:49:08,242 [Listener at 0.0.0.0/41805] INFO  codec.RepeatedOmKeyInfoCodec (RepeatedOmKeyInfoCodec.java:<init>(41)) - RepeatedOmKeyInfoCodec ignorePipeline = true
2022-08-09 13:49:08,705 [Listener at 0.0.0.0/41805] INFO  om.OzoneManager (OzoneManager.java:instantiateServices(697)) - S3 Multi-Tenancy is disabled
2022-08-09 13:49:08,706 [Listener at 0.0.0.0/41805] INFO  om.OzoneManager (OzoneManager.java:addS3GVolumeToDB(4308)) - Created Volume s3v With Owner runner required for S3Gateway operations.
2022-08-09 13:49:08,718 [Listener at 0.0.0.0/41805] INFO  om.OzoneManager (OzoneManager.java:getRpcServer(1086)) - Creating RPC Server
2022-08-09 13:49:09,715 [Finalizer] WARN  managed.ManagedRocksObjectUtils (ManagedRocksObjectUtils.java:assertClosed(39)) - ManagedColumnFamilyOptions is not closed properly
2022-08-09 13:49:09,715 [Finalizer] WARN  managed.ManagedRocksObjectUtils (ManagedRocksObjectUtils.java:assertClosed(39)) - ManagedColumnFamilyOptions is not closed properly
2022-08-09 13:49:09,715 [Finalizer] WARN  managed.ManagedRocksObjectUtils (ManagedRocksObjectUtils.java:assertClosed(39)) - ManagedColumnFamilyOptions is not closed properly
2022-08-09 13:49:09,715 [Finalizer] WARN  managed.ManagedRocksObjectUtils (ManagedRocksObjectUtils.java:assertClosed(39)) - ManagedColumnFamilyOptions is not closed properly
2022-08-09 13:49:09,715 [Finalizer] WARN  managed.ManagedRocksObjectUtils (ManagedRocksObjectUtils.java:assertClosed(39)) - ManagedColumnFamilyOptions is not closed properly
2022-08-09 13:49:09,715 [Finalizer] WARN  managed.ManagedRocksObjectUtils (ManagedRocksObjectUtils.java:assertClosed(39)) - ManagedColumnFamilyOptions is not closed properly
2022-08-09 13:49:09,715 [Finalizer] WARN  managed.ManagedRocksObjectUtils (ManagedRocksObjectUtils.java:assertClosed(39)) - ManagedColumnFamilyOptions is not closed properly
2022-08-09 13:49:09,715 [Finalizer] WARN  managed.ManagedRocksObjectUtils (ManagedRocksObjectUtils.java:assertClosed(39)) - ManagedColumnFamilyOptions is not closed properly
2022-08-09 13:49:09,715 [Finalizer] WARN  managed.ManagedRocksObjectUtils (ManagedRocksObjectUtils.java:assertClosed(39)) - ManagedColumnFamilyOptions is not closed properly
2022-08-09 13:49:09,715 [Finalizer] WARN  managed.ManagedRocksObjectUtils (ManagedRocksObjectUtils.java:assertClosed(39)) - ManagedColumnFamilyOptions is not closed properly
2022-08-09 13:49:09,715 [Finalizer] WARN  managed.ManagedRocksObjectUtils (ManagedRocksObjectUtils.java:assertClosed(39)) - ManagedColumnFamilyOptions is not closed properly
2022-08-09 13:49:09,715 [Finalizer] WARN  managed.ManagedRocksObjectUtils (ManagedRocksObjectUtils.java:assertClosed(39)) - ManagedColumnFamilyOptions is not closed properly
2022-08-09 13:49:09,716 [Finalizer] WARN  managed.ManagedRocksObjectUtils (ManagedRocksObjectUtils.java:assertClosed(39)) - ManagedColumnFamilyOptions is not closed properly
2022-08-09 13:49:09,716 [Finalizer] WARN  managed.ManagedRocksObjectUtils (ManagedRocksObjectUtils.java:assertClosed(39)) - ManagedColumnFamilyOptions is not closed properly
2022-08-09 13:49:09,716 [Finalizer] WARN  managed.ManagedRocksObjectUtils (ManagedRocksObjectUtils.java:assertClosed(39)) - ManagedColumnFamilyOptions is not closed properly
2022-08-09 13:49:09,716 [Finalizer] WARN  managed.ManagedRocksObjectUtils (ManagedRocksObjectUtils.java:assertClosed(39)) - ManagedColumnFamilyOptions is not closed properly
2022-08-09 13:49:09,716 [Finalizer] WARN  managed.ManagedRocksObjectUtils (ManagedRocksObjectUtils.java:assertClosed(39)) - ManagedColumnFamilyOptions is not closed properly
2022-08-09 13:49:09,716 [Finalizer] WARN  managed.ManagedRocksObjectUtils (ManagedRocksObjectUtils.java:assertClosed(39)) - ManagedColumnFamilyOptions is not closed properly
2022-08-09 13:49:09,716 [Finalizer] WARN  managed.ManagedRocksObjectUtils (ManagedRocksObjectUtils.java:assertClosed(39)) - ManagedColumnFamilyOptions is not closed properly
2022-08-09 13:49:09,716 [Finalizer] WARN  managed.ManagedRocksObjectUtils (ManagedRocksObjectUtils.java:assertClosed(39)) - ManagedColumnFamilyOptions is not closed properly
2022-08-09 13:49:09,716 [Finalizer] WARN  managed.ManagedRocksObjectUtils (ManagedRocksObjectUtils.java:assertClosed(39)) - ManagedColumnFamilyOptions is not closed properly
2022-08-09 13:49:09,960 [Listener at 0.0.0.0/41805] INFO  reflections.Reflections (Reflections.java:scan(232)) - Reflections took 1227 ms to scan 19 urls, producing 67 keys and 4147 values [using 2 cores]
2022-08-09 13:49:09,962 [Listener at 0.0.0.0/41805] INFO  ipc.CallQueueManager (CallQueueManager.java:<init>(90)) - Using callQueue: class java.util.concurrent.LinkedBlockingQueue, queueCapacity: 2000, scheduler: class org.apache.hadoop.ipc.DefaultRpcScheduler, ipcBackoff: false.
2022-08-09 13:49:09,964 [Socket Reader #1 for port 0] INFO  ipc.Server (Server.java:run(1265)) - Starting Socket Reader #1 for port 0
2022-08-09 13:49:10,056 [Listener at 127.0.0.1/42643] INFO  impl.MetricsSystemImpl (MetricsSystemImpl.java:init(158)) - OzoneManager metrics system started (again)
2022-08-09 13:49:10,100 [Listener at 127.0.0.1/42643] INFO  om.OzoneManager (OzoneManager.java:start(1470)) - OzoneManager RPC server is listening at localhost/127.0.0.1:42643
2022-08-09 13:49:10,101 [Listener at 127.0.0.1/42643] INFO  om.OzoneManager (OzoneManager.java:start(1486)) - Version File has different layout version (3) than OM DB (null). That is expected if this OM has never been finalized to a newer layout version.
2022-08-09 13:49:10,151 [Listener at 127.0.0.1/42643] INFO  http.BaseHttpServer (BaseHttpServer.java:newHttpServer2BuilderForOzone(209)) - Starting Web-server for ozoneManager at: http://0.0.0.0:0
2022-08-09 13:49:10,151 [Listener at 127.0.0.1/42643] INFO  http.BaseHttpServer (BaseHttpServer.java:<init>(107)) - Hadoop Security Enabled: false Ozone Security Enabled: false Ozone HTTP Security Enabled: false 
2022-08-09 13:49:10,153 [Listener at 127.0.0.1/42643] INFO  server.AuthenticationFilter (AuthenticationFilter.java:constructSecretProvider(240)) - Unable to initialize FileSignerSecretProvider, falling back to use random secrets.
2022-08-09 13:49:10,176 [Listener at 127.0.0.1/42643] WARN  http.HttpRequestLog (HttpRequestLog.java:getRequestLog(103)) - Jetty request log can only be enabled using Log4j
2022-08-09 13:49:10,177 [Listener at 127.0.0.1/42643] INFO  http.HttpServer2 (HttpServer2.java:addGlobalFilter(1029)) - Added global filter 'safety' (class=org.apache.hadoop.hdds.server.http.HttpServer2$QuotingInputFilter)
2022-08-09 13:49:10,179 [Listener at 127.0.0.1/42643] INFO  http.HttpServer2 (HttpServer2.java:addFilter(1005)) - Added filter static_user_filter (class=org.apache.hadoop.http.lib.StaticUserWebFilter$StaticUserFilter) to context ozoneManager
2022-08-09 13:49:10,179 [Listener at 127.0.0.1/42643] INFO  http.HttpServer2 (HttpServer2.java:addFilter(1013)) - Added filter static_user_filter (class=org.apache.hadoop.http.lib.StaticUserWebFilter$StaticUserFilter) to context static
2022-08-09 13:49:10,179 [Listener at 127.0.0.1/42643] INFO  http.HttpServer2 (HttpServer2.java:addFilter(1013)) - Added filter static_user_filter (class=org.apache.hadoop.http.lib.StaticUserWebFilter$StaticUserFilter) to context logs
2022-08-09 13:49:10,181 [Listener at 127.0.0.1/42643] INFO  http.HttpServer2 (HttpServer2.java:bindListener(1248)) - Jetty bound to port 40075
2022-08-09 13:49:10,183 [Listener at 127.0.0.1/42643] INFO  server.Server (Server.java:doStart(375)) - jetty-9.4.43.v20210629; built: 2021-06-30T11:07:22.254Z; git: 526006ecfa3af7f1a27ef3a288e2bef7ea9dd7e8; jvm 1.8.0_332-b09
2022-08-09 13:49:10,238 [Listener at 127.0.0.1/42643] INFO  server.session (DefaultSessionIdManager.java:doStart(334)) - DefaultSessionIdManager workerName=node0
2022-08-09 13:49:10,238 [Listener at 127.0.0.1/42643] INFO  server.session (DefaultSessionIdManager.java:doStart(339)) - No SessionScavenger set, using defaults
2022-08-09 13:49:10,238 [Listener at 127.0.0.1/42643] INFO  server.session (HouseKeeper.java:startScavenging(132)) - node0 Scavenging every 660000ms
2022-08-09 13:49:10,239 [Listener at 127.0.0.1/42643] INFO  handler.ContextHandler (ContextHandler.java:doStart(915)) - Started o.e.j.s.ServletContextHandler@2afb3317{logs,/logs,file:///home/runner/work/ozone/ozone/hadoop-ozone/integration-test/target/log,AVAILABLE}
2022-08-09 13:49:10,240 [Listener at 127.0.0.1/42643] INFO  handler.ContextHandler (ContextHandler.java:doStart(915)) - Started o.e.j.s.ServletContextHandler@209e3624{static,/static,file:///home/runner/work/ozone/ozone/hadoop-ozone/integration-test/target/test-classes/webapps/static,AVAILABLE}
2022-08-09 13:49:10,243 [Listener at 127.0.0.1/42643] INFO  handler.ContextHandler (ContextHandler.java:doStart(915)) - Started o.e.j.w.WebAppContext@25a7fc5{ozoneManager,/,file:///home/runner/work/ozone/ozone/hadoop-ozone/integration-test/target/test-classes/webapps/ozoneManager/,AVAILABLE}{file:/home/runner/work/ozone/ozone/hadoop-ozone/integration-test/target/test-classes/webapps/ozoneManager}
2022-08-09 13:49:10,262 [Listener at 127.0.0.1/42643] INFO  server.AbstractConnector (AbstractConnector.java:doStart(331)) - Started ServerConnector@19b05991{HTTP/1.1, (http/1.1)}{0.0.0.0:40075}
2022-08-09 13:49:10,262 [Listener at 127.0.0.1/42643] INFO  server.Server (Server.java:doStart(415)) - Started @136997ms
2022-08-09 13:49:10,262 [Listener at 127.0.0.1/42643] WARN  impl.MetricsSystemImpl (MetricsSystemImpl.java:register(279)) - Sink prometheus already exists!
2022-08-09 13:49:10,263 [Listener at 127.0.0.1/42643] INFO  http.BaseHttpServer (BaseHttpServer.java:updateConnectorAddress(329)) - HTTP server of ozoneManager listening at http://0.0.0.0:40075
2022-08-09 13:49:10,263 [IPC Server Responder] INFO  ipc.Server (Server.java:run(1507)) - IPC Server Responder: starting
2022-08-09 13:49:10,264 [IPC Server listener on 0] INFO  ipc.Server (Server.java:run(1344)) - IPC Server listener on 0: starting
2022-08-09 13:49:10,300 [Listener at 127.0.0.1/42643] INFO  om.TrashPolicyOzone (TrashPolicyOzone.java:<init>(178)) - Ozone Manager trash configuration: Deletion interval = 0 minutes, Emptier interval = 0 minutes.
2022-08-09 13:49:10,333 [org.apache.hadoop.util.JvmPauseMonitor$Monitor@7c1ac2f9] INFO  util.JvmPauseMonitor (JvmPauseMonitor.java:run(188)) - Starting JVM pause monitor
2022-08-09 13:49:10,354 [Listener at 127.0.0.1/42643] INFO  impl.MetricsSystemImpl (MetricsSystemImpl.java:init(158)) - HddsDatanode metrics system started (again)
2022-08-09 13:49:10,401 [Listener at 127.0.0.1/42643] INFO  ozone.HddsDatanodeService (HddsDatanodeService.java:start(236)) - HddsDatanodeService host:fv-az450-466.jnfmftgkylze5hd05chtbp1i0a.dx.internal.cloudapp.net ip:10.1.0.19
2022-08-09 13:49:10,459 [Listener at 127.0.0.1/42643] INFO  upgrade.AbstractLayoutVersionManager (AbstractLayoutVersionManager.java:init(83)) - Initializing Layout version manager with metadata layout = DATANODE_SCHEMA_V3 (version = 4), software layout = DATANODE_SCHEMA_V3 (version = 4)
2022-08-09 13:49:10,576 [Listener at 127.0.0.1/42643] INFO  reflections.Reflections (Reflections.java:scan(232)) - Reflections took 116 ms to scan 7 urls, producing 132 keys and 321 values 
2022-08-09 13:49:10,583 [Listener at 127.0.0.1/42643] INFO  statemachine.DatanodeStateMachine (DatanodeStateMachine.java:getEndPointTaskThreadPoolSize(237)) - Datanode State Machine Task Thread Pool size 2
2022-08-09 13:49:10,594 [Listener at 127.0.0.1/42643] INFO  volume.HddsVolume (HddsVolume.java:<init>(116)) - Creating HddsVolume: /home/runner/work/ozone/ozone/hadoop-ozone/integration-test/target/test-dir/MiniOzoneClusterImpl-1803e0c7-8320-4379-92ef-724c5694b47b/datanode-0/data-0/containers/hdds of storage type : DISK capacity : 9223372036854775807
2022-08-09 13:49:10,594 [Listener at 127.0.0.1/42643] INFO  volume.MutableVolumeSet (MutableVolumeSet.java:initializeVolumeSet(174)) - Added Volume : /home/runner/work/ozone/ozone/hadoop-ozone/integration-test/target/test-dir/MiniOzoneClusterImpl-1803e0c7-8320-4379-92ef-724c5694b47b/datanode-0/data-0/containers/hdds to VolumeSet
2022-08-09 13:49:10,594 [Listener at 127.0.0.1/42643] INFO  volume.ThrottledAsyncChecker (ThrottledAsyncChecker.java:schedule(141)) - Scheduling a check for /home/runner/work/ozone/ozone/hadoop-ozone/integration-test/target/test-dir/MiniOzoneClusterImpl-1803e0c7-8320-4379-92ef-724c5694b47b/datanode-0/data-0/containers/hdds
2022-08-09 13:49:10,607 [Listener at 127.0.0.1/42643] INFO  volume.StorageVolumeChecker (StorageVolumeChecker.java:checkAllVolumes(202)) - Scheduled health check for volume /home/runner/work/ozone/ozone/hadoop-ozone/integration-test/target/test-dir/MiniOzoneClusterImpl-1803e0c7-8320-4379-92ef-724c5694b47b/datanode-0/data-0/containers/hdds
2022-08-09 13:49:10,627 [Listener at 127.0.0.1/42643] INFO  volume.MutableVolumeSet (MutableVolumeSet.java:initializeVolumeSet(174)) - Added Volume : /home/runner/work/ozone/ozone/hadoop-ozone/integration-test/target/test-dir/MiniOzoneClusterImpl-1803e0c7-8320-4379-92ef-724c5694b47b/datanode-0/data/ratis to VolumeSet
2022-08-09 13:49:10,627 [Listener at 127.0.0.1/42643] INFO  volume.ThrottledAsyncChecker (ThrottledAsyncChecker.java:schedule(141)) - Scheduling a check for /home/runner/work/ozone/ozone/hadoop-ozone/integration-test/target/test-dir/MiniOzoneClusterImpl-1803e0c7-8320-4379-92ef-724c5694b47b/datanode-0/data/ratis
2022-08-09 13:49:10,633 [Listener at 127.0.0.1/42643] INFO  volume.StorageVolumeChecker (StorageVolumeChecker.java:checkAllVolumes(202)) - Scheduled health check for volume /home/runner/work/ozone/ozone/hadoop-ozone/integration-test/target/test-dir/MiniOzoneClusterImpl-1803e0c7-8320-4379-92ef-724c5694b47b/datanode-0/data/ratis
2022-08-09 13:49:10,669 [Thread-1130] INFO  ozoneimpl.ContainerReader (ContainerReader.java:readVolume(175)) - Finish verifying containers on volume /home/runner/work/ozone/ozone/hadoop-ozone/integration-test/target/test-dir/MiniOzoneClusterImpl-1803e0c7-8320-4379-92ef-724c5694b47b/datanode-0/data-0/containers/hdds
2022-08-09 13:49:10,669 [Listener at 127.0.0.1/42643] INFO  ozoneimpl.OzoneContainer (OzoneContainer.java:buildContainerSet(299)) - Build ContainerSet costs 0s
2022-08-09 13:49:10,671 [Listener at 127.0.0.1/42643] INFO  server.RaftServer (ConfUtils.java:logGet(46)) - raft.rpc.type = GRPC (default)
2022-08-09 13:49:10,671 [Listener at 127.0.0.1/42643] INFO  grpc.GrpcFactory (GrpcFactory.java:checkPooledByteBufAllocatorUseCacheForAllThreads(48)) - PERFORMANCE WARNING: useCacheForAllThreads is true that may cause Netty to create a lot garbage objects and, as a result, trigger GC.
	It is recommended to disable useCacheForAllThreads by setting -Dorg.apache.ratis.thirdparty.io.netty.allocator.useCacheForAllThreads=false in command line.
2022-08-09 13:49:10,672 [Listener at 127.0.0.1/42643] INFO  grpc.GrpcConfigKeys (ConfUtils.java:logGet(46)) - raft.grpc.admin.port = 0 (custom)
2022-08-09 13:49:10,672 [Listener at 127.0.0.1/42643] INFO  grpc.GrpcConfigKeys (ConfUtils.java:logGet(46)) - raft.grpc.client.port = 0 (custom)
2022-08-09 13:49:10,672 [Listener at 127.0.0.1/42643] INFO  grpc.GrpcConfigKeys (ConfUtils.java:logGet(46)) - raft.grpc.server.port = 0 (default)
2022-08-09 13:49:10,672 [Listener at 127.0.0.1/42643] INFO  server.GrpcService (ConfUtils.java:logGet(46)) - raft.grpc.message.size.max = 32MB (=33554432) (custom)
2022-08-09 13:49:10,672 [Listener at 127.0.0.1/42643] INFO  server.RaftServerConfigKeys (ConfUtils.java:logGet(46)) - raft.server.log.appender.buffer.byte-limit = 33554432 (custom)
2022-08-09 13:49:10,672 [Listener at 127.0.0.1/42643] INFO  server.GrpcService (ConfUtils.java:logGet(46)) - raft.grpc.flow.control.window = 5MB (=5242880) (custom)
2022-08-09 13:49:10,672 [Listener at 127.0.0.1/42643] INFO  server.RaftServerConfigKeys (ConfUtils.java:logGet(46)) - raft.server.rpc.request.timeout = 60s (custom)
2022-08-09 13:49:10,672 [Listener at 127.0.0.1/42643] INFO  grpc.GrpcConfigKeys (ConfUtils.java:logGet(46)) - raft.grpc.server.async.request.thread.pool.cached = true (default)
2022-08-09 13:49:10,672 [Listener at 127.0.0.1/42643] INFO  grpc.GrpcConfigKeys (ConfUtils.java:logGet(46)) - raft.grpc.server.async.request.thread.pool.size = 32 (default)
2022-08-09 13:49:10,674 [Listener at 127.0.0.1/42643] INFO  impl.DataStreamServerImpl (ConfUtils.java:logGet(46)) - raft.datastream.type = DISABLED (default)
2022-08-09 13:49:10,674 [Listener at 127.0.0.1/42643] INFO  server.RaftServerConfigKeys (ConfUtils.java:logGet(46)) - raft.server.threadpool.proxy.cached = true (default)
2022-08-09 13:49:10,674 [Listener at 127.0.0.1/42643] INFO  server.RaftServerConfigKeys (ConfUtils.java:logGet(46)) - raft.server.threadpool.proxy.size = 0 (default)
2022-08-09 13:49:10,674 [Listener at 127.0.0.1/42643] INFO  server.RaftServerConfigKeys (ConfUtils.java:logGet(46)) - raft.server.rpc.slowness.timeout = 300s (custom)
2022-08-09 13:49:10,674 [Listener at 127.0.0.1/42643] INFO  server.RaftServerConfigKeys (ConfUtils.java:logGet(46)) - raft.server.leaderelection.leader.step-down.wait-time = 10s (default)
2022-08-09 13:49:10,674 [Listener at 127.0.0.1/42643] INFO  server.RaftServerConfigKeys (ConfUtils.java:logGet(46)) - raft.server.storage.dir = [/home/runner/work/ozone/ozone/hadoop-ozone/integration-test/target/test-dir/MiniOzoneClusterImpl-1803e0c7-8320-4379-92ef-724c5694b47b/datanode-0/data/ratis] (custom)
2022-08-09 13:49:10,721 [Listener at 127.0.0.1/42643] INFO  server.XceiverServerGrpc (XceiverServerGrpc.java:<init>(132)) - GrpcServer channel type EpollServerSocketChannel
2022-08-09 13:49:10,746 [Listener at 127.0.0.1/42643] INFO  http.BaseHttpServer (BaseHttpServer.java:newHttpServer2BuilderForOzone(209)) - Starting Web-server for hddsDatanode at: http://0.0.0.0:0
2022-08-09 13:49:10,746 [Listener at 127.0.0.1/42643] INFO  http.BaseHttpServer (BaseHttpServer.java:<init>(107)) - Hadoop Security Enabled: false Ozone Security Enabled: false Ozone HTTP Security Enabled: false 
2022-08-09 13:49:10,747 [Listener at 127.0.0.1/42643] INFO  server.AuthenticationFilter (AuthenticationFilter.java:constructSecretProvider(240)) - Unable to initialize FileSignerSecretProvider, falling back to use random secrets.
2022-08-09 13:49:10,756 [Listener at 127.0.0.1/42643] WARN  http.HttpRequestLog (HttpRequestLog.java:getRequestLog(103)) - Jetty request log can only be enabled using Log4j
2022-08-09 13:49:10,790 [Listener at 127.0.0.1/42643] INFO  http.HttpServer2 (HttpServer2.java:addGlobalFilter(1029)) - Added global filter 'safety' (class=org.apache.hadoop.hdds.server.http.HttpServer2$QuotingInputFilter)
2022-08-09 13:49:10,791 [Listener at 127.0.0.1/42643] INFO  http.HttpServer2 (HttpServer2.java:addFilter(1005)) - Added filter static_user_filter (class=org.apache.hadoop.http.lib.StaticUserWebFilter$StaticUserFilter) to context hddsDatanode
2022-08-09 13:49:10,791 [Listener at 127.0.0.1/42643] INFO  http.HttpServer2 (HttpServer2.java:addFilter(1013)) - Added filter static_user_filter (class=org.apache.hadoop.http.lib.StaticUserWebFilter$StaticUserFilter) to context static
2022-08-09 13:49:10,791 [Listener at 127.0.0.1/42643] INFO  http.HttpServer2 (HttpServer2.java:addFilter(1013)) - Added filter static_user_filter (class=org.apache.hadoop.http.lib.StaticUserWebFilter$StaticUserFilter) to context logs
2022-08-09 13:49:10,791 [Listener at 127.0.0.1/42643] INFO  http.HttpServer2 (HttpServer2.java:bindListener(1248)) - Jetty bound to port 36721
2022-08-09 13:49:10,792 [Listener at 127.0.0.1/42643] INFO  server.Server (Server.java:doStart(375)) - jetty-9.4.43.v20210629; built: 2021-06-30T11:07:22.254Z; git: 526006ecfa3af7f1a27ef3a288e2bef7ea9dd7e8; jvm 1.8.0_332-b09
2022-08-09 13:49:10,860 [Listener at 127.0.0.1/42643] INFO  server.session (DefaultSessionIdManager.java:doStart(334)) - DefaultSessionIdManager workerName=node0
2022-08-09 13:49:10,861 [Listener at 127.0.0.1/42643] INFO  server.session (DefaultSessionIdManager.java:doStart(339)) - No SessionScavenger set, using defaults
2022-08-09 13:49:10,868 [Listener at 127.0.0.1/42643] INFO  server.session (HouseKeeper.java:startScavenging(132)) - node0 Scavenging every 600000ms
2022-08-09 13:49:10,880 [Listener at 127.0.0.1/42643] INFO  handler.ContextHandler (ContextHandler.java:doStart(915)) - Started o.e.j.s.ServletContextHandler@47260109{logs,/logs,file:///home/runner/work/ozone/ozone/hadoop-ozone/integration-test/target/log,AVAILABLE}
2022-08-09 13:49:10,880 [Listener at 127.0.0.1/42643] INFO  handler.ContextHandler (ContextHandler.java:doStart(915)) - Started o.e.j.s.ServletContextHandler@617f4814{static,/static,jar:file:/home/runner/.m2/repository/org/apache/ozone/hdds-container-service/1.3.0-SNAPSHOT/hdds-container-service-1.3.0-SNAPSHOT.jar!/webapps/static,AVAILABLE}
2022-08-09 13:49:11,355 [Listener at 127.0.0.1/42643] INFO  handler.ContextHandler (ContextHandler.java:doStart(915)) - Started o.e.j.w.WebAppContext@7486c4ae{hddsDatanode,/,file:///tmp/jetty-0_0_0_0-36721-hdds-container-service-1_3_0-SNAPSHOT_jar-_-any-6251793609937578941/webapp/,AVAILABLE}{jar:file:/home/runner/.m2/repository/org/apache/ozone/hdds-container-service/1.3.0-SNAPSHOT/hdds-container-service-1.3.0-SNAPSHOT.jar!/webapps/hddsDatanode}
2022-08-09 13:49:11,360 [Listener at 127.0.0.1/42643] INFO  server.AbstractConnector (AbstractConnector.java:doStart(331)) - Started ServerConnector@51dd9217{HTTP/1.1, (http/1.1)}{0.0.0.0:36721}
2022-08-09 13:49:11,360 [Listener at 127.0.0.1/42643] INFO  server.Server (Server.java:doStart(415)) - Started @138095ms
2022-08-09 13:49:11,360 [Listener at 127.0.0.1/42643] WARN  impl.MetricsSystemImpl (MetricsSystemImpl.java:register(279)) - Sink prometheus already exists!
2022-08-09 13:49:11,361 [Listener at 127.0.0.1/42643] INFO  http.BaseHttpServer (BaseHttpServer.java:updateConnectorAddress(329)) - HTTP server of hddsDatanode listening at http://0.0.0.0:36721
2022-08-09 13:49:11,362 [Listener at 127.0.0.1/42643] INFO  impl.MetricsSystemImpl (MetricsSystemImpl.java:init(158)) - HddsDatanode metrics system started (again)
2022-08-09 13:49:11,369 [Datanode State Machine Daemon Thread] INFO  statemachine.DatanodeStateMachine (DatanodeStateMachine.java:lambda$startDaemon$0(492)) - Ozone container server started.
2022-08-09 13:49:11,413 [Listener at 127.0.0.1/42643] INFO  ozone.HddsDatanodeService (HddsDatanodeService.java:start(236)) - HddsDatanodeService host:fv-az450-466.jnfmftgkylze5hd05chtbp1i0a.dx.internal.cloudapp.net ip:10.1.0.19
2022-08-09 13:49:11,470 [Listener at 127.0.0.1/42643] INFO  upgrade.AbstractLayoutVersionManager (AbstractLayoutVersionManager.java:init(83)) - Initializing Layout version manager with metadata layout = DATANODE_SCHEMA_V3 (version = 4), software layout = DATANODE_SCHEMA_V3 (version = 4)
2022-08-09 13:49:11,529 [org.apache.hadoop.util.JvmPauseMonitor$Monitor@57534dfb] INFO  util.JvmPauseMonitor (JvmPauseMonitor.java:run(188)) - Starting JVM pause monitor
2022-08-09 13:49:11,530 [Datanode State Machine Task Thread - 0] INFO  datanode.InitDatanodeState (InitDatanodeState.java:persistContainerDatanodeDetails(138)) - DatanodeDetails is persisted to /home/runner/work/ozone/ozone/hadoop-ozone/integration-test/target/test-dir/MiniOzoneClusterImpl-1803e0c7-8320-4379-92ef-724c5694b47b/datanode-0/meta/datanode.id
2022-08-09 13:49:11,583 [Listener at 127.0.0.1/42643] INFO  reflections.Reflections (Reflections.java:scan(232)) - Reflections took 112 ms to scan 7 urls, producing 132 keys and 321 values 
2022-08-09 13:49:11,584 [Listener at 127.0.0.1/42643] INFO  statemachine.DatanodeStateMachine (DatanodeStateMachine.java:getEndPointTaskThreadPoolSize(237)) - Datanode State Machine Task Thread Pool size 2
2022-08-09 13:49:11,606 [Listener at 127.0.0.1/42643] INFO  volume.HddsVolume (HddsVolume.java:<init>(116)) - Creating HddsVolume: /home/runner/work/ozone/ozone/hadoop-ozone/integration-test/target/test-dir/MiniOzoneClusterImpl-1803e0c7-8320-4379-92ef-724c5694b47b/datanode-1/data-0/containers/hdds of storage type : DISK capacity : 9223372036854775807
2022-08-09 13:49:11,606 [Listener at 127.0.0.1/42643] INFO  volume.MutableVolumeSet (MutableVolumeSet.java:initializeVolumeSet(174)) - Added Volume : /home/runner/work/ozone/ozone/hadoop-ozone/integration-test/target/test-dir/MiniOzoneClusterImpl-1803e0c7-8320-4379-92ef-724c5694b47b/datanode-1/data-0/containers/hdds to VolumeSet
2022-08-09 13:49:11,606 [Listener at 127.0.0.1/42643] INFO  volume.ThrottledAsyncChecker (ThrottledAsyncChecker.java:schedule(141)) - Scheduling a check for /home/runner/work/ozone/ozone/hadoop-ozone/integration-test/target/test-dir/MiniOzoneClusterImpl-1803e0c7-8320-4379-92ef-724c5694b47b/datanode-1/data-0/containers/hdds
2022-08-09 13:49:11,612 [Listener at 127.0.0.1/42643] INFO  volume.StorageVolumeChecker (StorageVolumeChecker.java:checkAllVolumes(202)) - Scheduled health check for volume /home/runner/work/ozone/ozone/hadoop-ozone/integration-test/target/test-dir/MiniOzoneClusterImpl-1803e0c7-8320-4379-92ef-724c5694b47b/datanode-1/data-0/containers/hdds
2022-08-09 13:49:11,651 [Listener at 127.0.0.1/42643] INFO  volume.MutableVolumeSet (MutableVolumeSet.java:initializeVolumeSet(174)) - Added Volume : /home/runner/work/ozone/ozone/hadoop-ozone/integration-test/target/test-dir/MiniOzoneClusterImpl-1803e0c7-8320-4379-92ef-724c5694b47b/datanode-1/data/ratis to VolumeSet
2022-08-09 13:49:11,651 [Listener at 127.0.0.1/42643] INFO  volume.ThrottledAsyncChecker (ThrottledAsyncChecker.java:schedule(141)) - Scheduling a check for /home/runner/work/ozone/ozone/hadoop-ozone/integration-test/target/test-dir/MiniOzoneClusterImpl-1803e0c7-8320-4379-92ef-724c5694b47b/datanode-1/data/ratis
2022-08-09 13:49:11,651 [Listener at 127.0.0.1/42643] INFO  volume.StorageVolumeChecker (StorageVolumeChecker.java:checkAllVolumes(202)) - Scheduled health check for volume /home/runner/work/ozone/ozone/hadoop-ozone/integration-test/target/test-dir/MiniOzoneClusterImpl-1803e0c7-8320-4379-92ef-724c5694b47b/datanode-1/data/ratis
2022-08-09 13:49:11,661 [Thread-1143] INFO  ozoneimpl.ContainerReader (ContainerReader.java:readVolume(175)) - Finish verifying containers on volume /home/runner/work/ozone/ozone/hadoop-ozone/integration-test/target/test-dir/MiniOzoneClusterImpl-1803e0c7-8320-4379-92ef-724c5694b47b/datanode-1/data-0/containers/hdds
2022-08-09 13:49:11,662 [Listener at 127.0.0.1/42643] INFO  ozoneimpl.OzoneContainer (OzoneContainer.java:buildContainerSet(299)) - Build ContainerSet costs 0s
2022-08-09 13:49:11,663 [Listener at 127.0.0.1/42643] INFO  server.RaftServer (ConfUtils.java:logGet(46)) - raft.rpc.type = GRPC (default)
2022-08-09 13:49:11,664 [Listener at 127.0.0.1/42643] INFO  grpc.GrpcFactory (GrpcFactory.java:checkPooledByteBufAllocatorUseCacheForAllThreads(48)) - PERFORMANCE WARNING: useCacheForAllThreads is true that may cause Netty to create a lot garbage objects and, as a result, trigger GC.
	It is recommended to disable useCacheForAllThreads by setting -Dorg.apache.ratis.thirdparty.io.netty.allocator.useCacheForAllThreads=false in command line.
2022-08-09 13:49:11,664 [Listener at 127.0.0.1/42643] INFO  grpc.GrpcConfigKeys (ConfUtils.java:logGet(46)) - raft.grpc.admin.port = 0 (custom)
2022-08-09 13:49:11,664 [Listener at 127.0.0.1/42643] INFO  grpc.GrpcConfigKeys (ConfUtils.java:logGet(46)) - raft.grpc.client.port = 0 (custom)
2022-08-09 13:49:11,664 [Listener at 127.0.0.1/42643] INFO  grpc.GrpcConfigKeys (ConfUtils.java:logGet(46)) - raft.grpc.server.port = 0 (default)
2022-08-09 13:49:11,664 [Listener at 127.0.0.1/42643] INFO  server.GrpcService (ConfUtils.java:logGet(46)) - raft.grpc.message.size.max = 32MB (=33554432) (custom)
2022-08-09 13:49:11,664 [Listener at 127.0.0.1/42643] INFO  server.RaftServerConfigKeys (ConfUtils.java:logGet(46)) - raft.server.log.appender.buffer.byte-limit = 33554432 (custom)
2022-08-09 13:49:11,664 [Listener at 127.0.0.1/42643] INFO  server.GrpcService (ConfUtils.java:logGet(46)) - raft.grpc.flow.control.window = 5MB (=5242880) (custom)
2022-08-09 13:49:11,664 [Listener at 127.0.0.1/42643] INFO  server.RaftServerConfigKeys (ConfUtils.java:logGet(46)) - raft.server.rpc.request.timeout = 60s (custom)
2022-08-09 13:49:11,664 [Listener at 127.0.0.1/42643] INFO  grpc.GrpcConfigKeys (ConfUtils.java:logGet(46)) - raft.grpc.server.async.request.thread.pool.cached = true (default)
2022-08-09 13:49:11,665 [Listener at 127.0.0.1/42643] INFO  grpc.GrpcConfigKeys (ConfUtils.java:logGet(46)) - raft.grpc.server.async.request.thread.pool.size = 32 (default)
2022-08-09 13:49:11,674 [Listener at 127.0.0.1/42643] INFO  impl.DataStreamServerImpl (ConfUtils.java:logGet(46)) - raft.datastream.type = DISABLED (default)
2022-08-09 13:49:11,674 [Listener at 127.0.0.1/42643] INFO  server.RaftServerConfigKeys (ConfUtils.java:logGet(46)) - raft.server.threadpool.proxy.cached = true (default)
2022-08-09 13:49:11,674 [Listener at 127.0.0.1/42643] INFO  server.RaftServerConfigKeys (ConfUtils.java:logGet(46)) - raft.server.threadpool.proxy.size = 0 (default)
2022-08-09 13:49:11,674 [Listener at 127.0.0.1/42643] INFO  server.RaftServerConfigKeys (ConfUtils.java:logGet(46)) - raft.server.rpc.slowness.timeout = 300s (custom)
2022-08-09 13:49:11,674 [Listener at 127.0.0.1/42643] INFO  server.RaftServerConfigKeys (ConfUtils.java:logGet(46)) - raft.server.leaderelection.leader.step-down.wait-time = 10s (default)
2022-08-09 13:49:11,674 [Listener at 127.0.0.1/42643] INFO  server.RaftServerConfigKeys (ConfUtils.java:logGet(46)) - raft.server.storage.dir = [/home/runner/work/ozone/ozone/hadoop-ozone/integration-test/target/test-dir/MiniOzoneClusterImpl-1803e0c7-8320-4379-92ef-724c5694b47b/datanode-1/data/ratis] (custom)
2022-08-09 13:49:11,686 [Listener at 127.0.0.1/42643] INFO  server.XceiverServerGrpc (XceiverServerGrpc.java:<init>(132)) - GrpcServer channel type EpollServerSocketChannel
2022-08-09 13:49:11,743 [Finalizer] WARN  managed.ManagedRocksObjectUtils (ManagedRocksObjectUtils.java:assertClosed(39)) - ManagedColumnFamilyOptions is not closed properly
2022-08-09 13:49:11,743 [Finalizer] WARN  managed.ManagedRocksObjectUtils (ManagedRocksObjectUtils.java:assertClosed(39)) - ManagedColumnFamilyOptions is not closed properly
2022-08-09 13:49:11,743 [Finalizer] WARN  managed.ManagedRocksObjectUtils (ManagedRocksObjectUtils.java:assertClosed(39)) - ManagedColumnFamilyOptions is not closed properly
2022-08-09 13:49:11,743 [Finalizer] WARN  managed.ManagedRocksObjectUtils (ManagedRocksObjectUtils.java:assertClosed(39)) - ManagedColumnFamilyOptions is not closed properly
2022-08-09 13:49:11,744 [Finalizer] WARN  managed.ManagedRocksObjectUtils (ManagedRocksObjectUtils.java:assertClosed(39)) - ManagedColumnFamilyOptions is not closed properly
2022-08-09 13:49:11,744 [Finalizer] WARN  managed.ManagedRocksObjectUtils (ManagedRocksObjectUtils.java:assertClosed(39)) - ManagedColumnFamilyOptions is not closed properly
2022-08-09 13:49:11,744 [Finalizer] WARN  managed.ManagedRocksObjectUtils (ManagedRocksObjectUtils.java:assertClosed(39)) - ManagedColumnFamilyOptions is not closed properly
2022-08-09 13:49:11,744 [Finalizer] WARN  managed.ManagedRocksObjectUtils (ManagedRocksObjectUtils.java:assertClosed(39)) - ManagedColumnFamilyOptions is not closed properly
2022-08-09 13:49:11,764 [Listener at 127.0.0.1/42643] INFO  http.BaseHttpServer (BaseHttpServer.java:newHttpServer2BuilderForOzone(209)) - Starting Web-server for hddsDatanode at: http://0.0.0.0:0
2022-08-09 13:49:11,764 [Listener at 127.0.0.1/42643] INFO  http.BaseHttpServer (BaseHttpServer.java:<init>(107)) - Hadoop Security Enabled: false Ozone Security Enabled: false Ozone HTTP Security Enabled: false 
2022-08-09 13:49:11,767 [Listener at 127.0.0.1/42643] INFO  server.AuthenticationFilter (AuthenticationFilter.java:constructSecretProvider(240)) - Unable to initialize FileSignerSecretProvider, falling back to use random secrets.
2022-08-09 13:49:11,776 [Listener at 127.0.0.1/42643] WARN  http.HttpRequestLog (HttpRequestLog.java:getRequestLog(103)) - Jetty request log can only be enabled using Log4j
2022-08-09 13:49:11,777 [Listener at 127.0.0.1/42643] INFO  http.HttpServer2 (HttpServer2.java:addGlobalFilter(1029)) - Added global filter 'safety' (class=org.apache.hadoop.hdds.server.http.HttpServer2$QuotingInputFilter)
2022-08-09 13:49:11,778 [Listener at 127.0.0.1/42643] INFO  http.HttpServer2 (HttpServer2.java:addFilter(1005)) - Added filter static_user_filter (class=org.apache.hadoop.http.lib.StaticUserWebFilter$StaticUserFilter) to context hddsDatanode
2022-08-09 13:49:11,778 [Listener at 127.0.0.1/42643] INFO  http.HttpServer2 (HttpServer2.java:addFilter(1013)) - Added filter static_user_filter (class=org.apache.hadoop.http.lib.StaticUserWebFilter$StaticUserFilter) to context static
2022-08-09 13:49:11,778 [Listener at 127.0.0.1/42643] INFO  http.HttpServer2 (HttpServer2.java:addFilter(1013)) - Added filter static_user_filter (class=org.apache.hadoop.http.lib.StaticUserWebFilter$StaticUserFilter) to context logs
2022-08-09 13:49:11,778 [Listener at 127.0.0.1/42643] INFO  http.HttpServer2 (HttpServer2.java:bindListener(1248)) - Jetty bound to port 33085
2022-08-09 13:49:11,778 [Listener at 127.0.0.1/42643] INFO  server.Server (Server.java:doStart(375)) - jetty-9.4.43.v20210629; built: 2021-06-30T11:07:22.254Z; git: 526006ecfa3af7f1a27ef3a288e2bef7ea9dd7e8; jvm 1.8.0_332-b09
2022-08-09 13:49:11,822 [Listener at 127.0.0.1/42643] INFO  server.session (DefaultSessionIdManager.java:doStart(334)) - DefaultSessionIdManager workerName=node0
2022-08-09 13:49:11,823 [Listener at 127.0.0.1/42643] INFO  server.session (DefaultSessionIdManager.java:doStart(339)) - No SessionScavenger set, using defaults
2022-08-09 13:49:11,823 [Listener at 127.0.0.1/42643] INFO  server.session (HouseKeeper.java:startScavenging(132)) - node0 Scavenging every 600000ms
2022-08-09 13:49:11,828 [Listener at 127.0.0.1/42643] INFO  handler.ContextHandler (ContextHandler.java:doStart(915)) - Started o.e.j.s.ServletContextHandler@6f4eff69{logs,/logs,file:///home/runner/work/ozone/ozone/hadoop-ozone/integration-test/target/log,AVAILABLE}
2022-08-09 13:49:11,828 [Listener at 127.0.0.1/42643] INFO  handler.ContextHandler (ContextHandler.java:doStart(915)) - Started o.e.j.s.ServletContextHandler@df65ef7{static,/static,jar:file:/home/runner/.m2/repository/org/apache/ozone/hdds-container-service/1.3.0-SNAPSHOT/hdds-container-service-1.3.0-SNAPSHOT.jar!/webapps/static,AVAILABLE}
2022-08-09 13:49:12,276 [Listener at 127.0.0.1/42643] INFO  handler.ContextHandler (ContextHandler.java:doStart(915)) - Started o.e.j.w.WebAppContext@31fa9f32{hddsDatanode,/,file:///tmp/jetty-0_0_0_0-33085-hdds-container-service-1_3_0-SNAPSHOT_jar-_-any-2158905038247579203/webapp/,AVAILABLE}{jar:file:/home/runner/.m2/repository/org/apache/ozone/hdds-container-service/1.3.0-SNAPSHOT/hdds-container-service-1.3.0-SNAPSHOT.jar!/webapps/hddsDatanode}
2022-08-09 13:49:12,293 [Listener at 127.0.0.1/42643] INFO  server.AbstractConnector (AbstractConnector.java:doStart(331)) - Started ServerConnector@57fe16a9{HTTP/1.1, (http/1.1)}{0.0.0.0:33085}
2022-08-09 13:49:12,293 [Listener at 127.0.0.1/42643] INFO  server.Server (Server.java:doStart(415)) - Started @139027ms
2022-08-09 13:49:12,293 [Listener at 127.0.0.1/42643] WARN  impl.MetricsSystemImpl (MetricsSystemImpl.java:register(279)) - Sink prometheus already exists!
2022-08-09 13:49:12,294 [Listener at 127.0.0.1/42643] INFO  http.BaseHttpServer (BaseHttpServer.java:updateConnectorAddress(329)) - HTTP server of hddsDatanode listening at http://0.0.0.0:33085
2022-08-09 13:49:12,294 [Listener at 127.0.0.1/42643] INFO  impl.MetricsSystemImpl (MetricsSystemImpl.java:init(158)) - HddsDatanode metrics system started (again)
2022-08-09 13:49:12,300 [Datanode State Machine Daemon Thread] INFO  statemachine.DatanodeStateMachine (DatanodeStateMachine.java:lambda$startDaemon$0(492)) - Ozone container server started.
2022-08-09 13:49:12,353 [org.apache.hadoop.util.JvmPauseMonitor$Monitor@610b79a] INFO  util.JvmPauseMonitor (JvmPauseMonitor.java:run(188)) - Starting JVM pause monitor
2022-08-09 13:49:12,361 [Listener at 127.0.0.1/42643] INFO  ozone.HddsDatanodeService (HddsDatanodeService.java:start(236)) - HddsDatanodeService host:fv-az450-466.jnfmftgkylze5hd05chtbp1i0a.dx.internal.cloudapp.net ip:10.1.0.19
2022-08-09 13:49:12,378 [Datanode State Machine Task Thread - 0] INFO  datanode.InitDatanodeState (InitDatanodeState.java:persistContainerDatanodeDetails(138)) - DatanodeDetails is persisted to /home/runner/work/ozone/ozone/hadoop-ozone/integration-test/target/test-dir/MiniOzoneClusterImpl-1803e0c7-8320-4379-92ef-724c5694b47b/datanode-1/meta/datanode.id
2022-08-09 13:49:12,408 [Listener at 127.0.0.1/42643] INFO  upgrade.AbstractLayoutVersionManager (AbstractLayoutVersionManager.java:init(83)) - Initializing Layout version manager with metadata layout = DATANODE_SCHEMA_V3 (version = 4), software layout = DATANODE_SCHEMA_V3 (version = 4)
2022-08-09 13:49:12,478 [Listener at 127.0.0.1/42643] INFO  reflections.Reflections (Reflections.java:scan(232)) - Reflections took 69 ms to scan 7 urls, producing 132 keys and 321 values 
2022-08-09 13:49:12,480 [Listener at 127.0.0.1/42643] INFO  statemachine.DatanodeStateMachine (DatanodeStateMachine.java:getEndPointTaskThreadPoolSize(237)) - Datanode State Machine Task Thread Pool size 2
2022-08-09 13:49:12,482 [Listener at 127.0.0.1/42643] INFO  volume.HddsVolume (HddsVolume.java:<init>(116)) - Creating HddsVolume: /home/runner/work/ozone/ozone/hadoop-ozone/integration-test/target/test-dir/MiniOzoneClusterImpl-1803e0c7-8320-4379-92ef-724c5694b47b/datanode-2/data-0/containers/hdds of storage type : DISK capacity : 9223372036854775807
2022-08-09 13:49:12,482 [Listener at 127.0.0.1/42643] INFO  volume.MutableVolumeSet (MutableVolumeSet.java:initializeVolumeSet(174)) - Added Volume : /home/runner/work/ozone/ozone/hadoop-ozone/integration-test/target/test-dir/MiniOzoneClusterImpl-1803e0c7-8320-4379-92ef-724c5694b47b/datanode-2/data-0/containers/hdds to VolumeSet
2022-08-09 13:49:12,482 [Listener at 127.0.0.1/42643] INFO  volume.ThrottledAsyncChecker (ThrottledAsyncChecker.java:schedule(141)) - Scheduling a check for /home/runner/work/ozone/ozone/hadoop-ozone/integration-test/target/test-dir/MiniOzoneClusterImpl-1803e0c7-8320-4379-92ef-724c5694b47b/datanode-2/data-0/containers/hdds
2022-08-09 13:49:12,483 [Listener at 127.0.0.1/42643] INFO  volume.StorageVolumeChecker (StorageVolumeChecker.java:checkAllVolumes(202)) - Scheduled health check for volume /home/runner/work/ozone/ozone/hadoop-ozone/integration-test/target/test-dir/MiniOzoneClusterImpl-1803e0c7-8320-4379-92ef-724c5694b47b/datanode-2/data-0/containers/hdds
2022-08-09 13:49:12,506 [Listener at 127.0.0.1/42643] INFO  volume.MutableVolumeSet (MutableVolumeSet.java:initializeVolumeSet(174)) - Added Volume : /home/runner/work/ozone/ozone/hadoop-ozone/integration-test/target/test-dir/MiniOzoneClusterImpl-1803e0c7-8320-4379-92ef-724c5694b47b/datanode-2/data/ratis to VolumeSet
2022-08-09 13:49:12,506 [Listener at 127.0.0.1/42643] INFO  volume.ThrottledAsyncChecker (ThrottledAsyncChecker.java:schedule(141)) - Scheduling a check for /home/runner/work/ozone/ozone/hadoop-ozone/integration-test/target/test-dir/MiniOzoneClusterImpl-1803e0c7-8320-4379-92ef-724c5694b47b/datanode-2/data/ratis
2022-08-09 13:49:12,515 [Listener at 127.0.0.1/42643] INFO  volume.StorageVolumeChecker (StorageVolumeChecker.java:checkAllVolumes(202)) - Scheduled health check for volume /home/runner/work/ozone/ozone/hadoop-ozone/integration-test/target/test-dir/MiniOzoneClusterImpl-1803e0c7-8320-4379-92ef-724c5694b47b/datanode-2/data/ratis
2022-08-09 13:49:12,534 [Thread-1156] INFO  ozoneimpl.ContainerReader (ContainerReader.java:readVolume(175)) - Finish verifying containers on volume /home/runner/work/ozone/ozone/hadoop-ozone/integration-test/target/test-dir/MiniOzoneClusterImpl-1803e0c7-8320-4379-92ef-724c5694b47b/datanode-2/data-0/containers/hdds
2022-08-09 13:49:12,534 [Listener at 127.0.0.1/42643] INFO  ozoneimpl.OzoneContainer (OzoneContainer.java:buildContainerSet(299)) - Build ContainerSet costs 0s
2022-08-09 13:49:12,536 [Listener at 127.0.0.1/42643] INFO  server.RaftServer (ConfUtils.java:logGet(46)) - raft.rpc.type = GRPC (default)
2022-08-09 13:49:12,536 [Listener at 127.0.0.1/42643] INFO  grpc.GrpcFactory (GrpcFactory.java:checkPooledByteBufAllocatorUseCacheForAllThreads(48)) - PERFORMANCE WARNING: useCacheForAllThreads is true that may cause Netty to create a lot garbage objects and, as a result, trigger GC.
	It is recommended to disable useCacheForAllThreads by setting -Dorg.apache.ratis.thirdparty.io.netty.allocator.useCacheForAllThreads=false in command line.
2022-08-09 13:49:12,536 [Listener at 127.0.0.1/42643] INFO  grpc.GrpcConfigKeys (ConfUtils.java:logGet(46)) - raft.grpc.admin.port = 0 (custom)
2022-08-09 13:49:12,536 [Listener at 127.0.0.1/42643] INFO  grpc.GrpcConfigKeys (ConfUtils.java:logGet(46)) - raft.grpc.client.port = 0 (custom)
2022-08-09 13:49:12,536 [Listener at 127.0.0.1/42643] INFO  grpc.GrpcConfigKeys (ConfUtils.java:logGet(46)) - raft.grpc.server.port = 0 (default)
2022-08-09 13:49:12,537 [Listener at 127.0.0.1/42643] INFO  server.GrpcService (ConfUtils.java:logGet(46)) - raft.grpc.message.size.max = 32MB (=33554432) (custom)
2022-08-09 13:49:12,537 [Listener at 127.0.0.1/42643] INFO  server.RaftServerConfigKeys (ConfUtils.java:logGet(46)) - raft.server.log.appender.buffer.byte-limit = 33554432 (custom)
2022-08-09 13:49:12,537 [Listener at 127.0.0.1/42643] INFO  server.GrpcService (ConfUtils.java:logGet(46)) - raft.grpc.flow.control.window = 5MB (=5242880) (custom)
2022-08-09 13:49:12,537 [Listener at 127.0.0.1/42643] INFO  server.RaftServerConfigKeys (ConfUtils.java:logGet(46)) - raft.server.rpc.request.timeout = 60s (custom)
2022-08-09 13:49:12,537 [Listener at 127.0.0.1/42643] INFO  grpc.GrpcConfigKeys (ConfUtils.java:logGet(46)) - raft.grpc.server.async.request.thread.pool.cached = true (default)
2022-08-09 13:49:12,537 [Listener at 127.0.0.1/42643] INFO  grpc.GrpcConfigKeys (ConfUtils.java:logGet(46)) - raft.grpc.server.async.request.thread.pool.size = 32 (default)
2022-08-09 13:49:12,538 [Listener at 127.0.0.1/42643] INFO  impl.DataStreamServerImpl (ConfUtils.java:logGet(46)) - raft.datastream.type = DISABLED (default)
2022-08-09 13:49:12,538 [Listener at 127.0.0.1/42643] INFO  server.RaftServerConfigKeys (ConfUtils.java:logGet(46)) - raft.server.threadpool.proxy.cached = true (default)
2022-08-09 13:49:12,538 [Listener at 127.0.0.1/42643] INFO  server.RaftServerConfigKeys (ConfUtils.java:logGet(46)) - raft.server.threadpool.proxy.size = 0 (default)
2022-08-09 13:49:12,538 [Listener at 127.0.0.1/42643] INFO  server.RaftServerConfigKeys (ConfUtils.java:logGet(46)) - raft.server.rpc.slowness.timeout = 300s (custom)
2022-08-09 13:49:12,539 [Listener at 127.0.0.1/42643] INFO  server.RaftServerConfigKeys (ConfUtils.java:logGet(46)) - raft.server.leaderelection.leader.step-down.wait-time = 10s (default)
2022-08-09 13:49:12,539 [Listener at 127.0.0.1/42643] INFO  server.RaftServerConfigKeys (ConfUtils.java:logGet(46)) - raft.server.storage.dir = [/home/runner/work/ozone/ozone/hadoop-ozone/integration-test/target/test-dir/MiniOzoneClusterImpl-1803e0c7-8320-4379-92ef-724c5694b47b/datanode-2/data/ratis] (custom)
2022-08-09 13:49:12,540 [Listener at 127.0.0.1/42643] INFO  server.XceiverServerGrpc (XceiverServerGrpc.java:<init>(132)) - GrpcServer channel type EpollServerSocketChannel
2022-08-09 13:49:12,542 [Listener at 127.0.0.1/42643] INFO  http.BaseHttpServer (BaseHttpServer.java:newHttpServer2BuilderForOzone(209)) - Starting Web-server for hddsDatanode at: http://0.0.0.0:0
2022-08-09 13:49:12,543 [Listener at 127.0.0.1/42643] INFO  http.BaseHttpServer (BaseHttpServer.java:<init>(107)) - Hadoop Security Enabled: false Ozone Security Enabled: false Ozone HTTP Security Enabled: false 
2022-08-09 13:49:12,544 [Listener at 127.0.0.1/42643] INFO  server.AuthenticationFilter (AuthenticationFilter.java:constructSecretProvider(240)) - Unable to initialize FileSignerSecretProvider, falling back to use random secrets.
2022-08-09 13:49:12,544 [Listener at 127.0.0.1/42643] WARN  http.HttpRequestLog (HttpRequestLog.java:getRequestLog(103)) - Jetty request log can only be enabled using Log4j
2022-08-09 13:49:12,545 [Listener at 127.0.0.1/42643] INFO  http.HttpServer2 (HttpServer2.java:addGlobalFilter(1029)) - Added global filter 'safety' (class=org.apache.hadoop.hdds.server.http.HttpServer2$QuotingInputFilter)
2022-08-09 13:49:12,547 [Listener at 127.0.0.1/42643] INFO  http.HttpServer2 (HttpServer2.java:addFilter(1005)) - Added filter static_user_filter (class=org.apache.hadoop.http.lib.StaticUserWebFilter$StaticUserFilter) to context hddsDatanode
2022-08-09 13:49:12,547 [Listener at 127.0.0.1/42643] INFO  http.HttpServer2 (HttpServer2.java:addFilter(1013)) - Added filter static_user_filter (class=org.apache.hadoop.http.lib.StaticUserWebFilter$StaticUserFilter) to context logs
2022-08-09 13:49:12,547 [Listener at 127.0.0.1/42643] INFO  http.HttpServer2 (HttpServer2.java:addFilter(1013)) - Added filter static_user_filter (class=org.apache.hadoop.http.lib.StaticUserWebFilter$StaticUserFilter) to context static
2022-08-09 13:49:12,547 [Listener at 127.0.0.1/42643] INFO  http.HttpServer2 (HttpServer2.java:bindListener(1248)) - Jetty bound to port 39685
2022-08-09 13:49:12,547 [Listener at 127.0.0.1/42643] INFO  server.Server (Server.java:doStart(375)) - jetty-9.4.43.v20210629; built: 2021-06-30T11:07:22.254Z; git: 526006ecfa3af7f1a27ef3a288e2bef7ea9dd7e8; jvm 1.8.0_332-b09
2022-08-09 13:49:12,559 [Listener at 127.0.0.1/42643] INFO  server.session (DefaultSessionIdManager.java:doStart(334)) - DefaultSessionIdManager workerName=node0
2022-08-09 13:49:12,559 [Listener at 127.0.0.1/42643] INFO  server.session (DefaultSessionIdManager.java:doStart(339)) - No SessionScavenger set, using defaults
2022-08-09 13:49:12,559 [Listener at 127.0.0.1/42643] INFO  server.session (HouseKeeper.java:startScavenging(132)) - node0 Scavenging every 600000ms
2022-08-09 13:49:12,576 [Listener at 127.0.0.1/42643] INFO  handler.ContextHandler (ContextHandler.java:doStart(915)) - Started o.e.j.s.ServletContextHandler@55f63003{logs,/logs,file:///home/runner/work/ozone/ozone/hadoop-ozone/integration-test/target/log,AVAILABLE}
2022-08-09 13:49:12,577 [Listener at 127.0.0.1/42643] INFO  handler.ContextHandler (ContextHandler.java:doStart(915)) - Started o.e.j.s.ServletContextHandler@6a16220f{static,/static,jar:file:/home/runner/.m2/repository/org/apache/ozone/hdds-container-service/1.3.0-SNAPSHOT/hdds-container-service-1.3.0-SNAPSHOT.jar!/webapps/static,AVAILABLE}
2022-08-09 13:49:12,996 [Listener at 127.0.0.1/42643] INFO  handler.ContextHandler (ContextHandler.java:doStart(915)) - Started o.e.j.w.WebAppContext@7e585b7a{hddsDatanode,/,file:///tmp/jetty-0_0_0_0-39685-hdds-container-service-1_3_0-SNAPSHOT_jar-_-any-5597136537616985967/webapp/,AVAILABLE}{jar:file:/home/runner/.m2/repository/org/apache/ozone/hdds-container-service/1.3.0-SNAPSHOT/hdds-container-service-1.3.0-SNAPSHOT.jar!/webapps/hddsDatanode}
2022-08-09 13:49:13,013 [Listener at 127.0.0.1/42643] INFO  server.AbstractConnector (AbstractConnector.java:doStart(331)) - Started ServerConnector@1a246aa7{HTTP/1.1, (http/1.1)}{0.0.0.0:39685}
2022-08-09 13:49:13,013 [Listener at 127.0.0.1/42643] INFO  server.Server (Server.java:doStart(415)) - Started @139748ms
2022-08-09 13:49:13,013 [Listener at 127.0.0.1/42643] WARN  impl.MetricsSystemImpl (MetricsSystemImpl.java:register(279)) - Sink prometheus already exists!
2022-08-09 13:49:13,014 [Listener at 127.0.0.1/42643] INFO  http.BaseHttpServer (BaseHttpServer.java:updateConnectorAddress(329)) - HTTP server of hddsDatanode listening at http://0.0.0.0:39685
2022-08-09 13:49:13,015 [Listener at 127.0.0.1/42643] INFO  impl.MetricsSystemImpl (MetricsSystemImpl.java:init(158)) - HddsDatanode metrics system started (again)
2022-08-09 13:49:13,025 [Datanode State Machine Daemon Thread] INFO  statemachine.DatanodeStateMachine (DatanodeStateMachine.java:lambda$startDaemon$0(492)) - Ozone container server started.
2022-08-09 13:49:13,036 [Listener at 127.0.0.1/42643] INFO  ozone.HddsDatanodeService (HddsDatanodeService.java:start(236)) - HddsDatanodeService host:fv-az450-466.jnfmftgkylze5hd05chtbp1i0a.dx.internal.cloudapp.net ip:10.1.0.19
2022-08-09 13:49:13,088 [Listener at 127.0.0.1/42643] INFO  upgrade.AbstractLayoutVersionManager (AbstractLayoutVersionManager.java:init(83)) - Initializing Layout version manager with metadata layout = DATANODE_SCHEMA_V3 (version = 4), software layout = DATANODE_SCHEMA_V3 (version = 4)
2022-08-09 13:49:13,173 [org.apache.hadoop.util.JvmPauseMonitor$Monitor@45e2940] INFO  util.JvmPauseMonitor (JvmPauseMonitor.java:run(188)) - Starting JVM pause monitor
2022-08-09 13:49:13,202 [Datanode State Machine Task Thread - 0] INFO  datanode.InitDatanodeState (InitDatanodeState.java:persistContainerDatanodeDetails(138)) - DatanodeDetails is persisted to /home/runner/work/ozone/ozone/hadoop-ozone/integration-test/target/test-dir/MiniOzoneClusterImpl-1803e0c7-8320-4379-92ef-724c5694b47b/datanode-2/meta/datanode.id
2022-08-09 13:49:13,223 [Listener at 127.0.0.1/42643] INFO  reflections.Reflections (Reflections.java:scan(232)) - Reflections took 133 ms to scan 7 urls, producing 132 keys and 321 values 
2022-08-09 13:49:13,224 [Listener at 127.0.0.1/42643] INFO  statemachine.DatanodeStateMachine (DatanodeStateMachine.java:getEndPointTaskThreadPoolSize(237)) - Datanode State Machine Task Thread Pool size 2
2022-08-09 13:49:13,246 [Listener at 127.0.0.1/42643] INFO  volume.HddsVolume (HddsVolume.java:<init>(116)) - Creating HddsVolume: /home/runner/work/ozone/ozone/hadoop-ozone/integration-test/target/test-dir/MiniOzoneClusterImpl-1803e0c7-8320-4379-92ef-724c5694b47b/datanode-3/data-0/containers/hdds of storage type : DISK capacity : 9223372036854775807
2022-08-09 13:49:13,246 [Listener at 127.0.0.1/42643] INFO  volume.MutableVolumeSet (MutableVolumeSet.java:initializeVolumeSet(174)) - Added Volume : /home/runner/work/ozone/ozone/hadoop-ozone/integration-test/target/test-dir/MiniOzoneClusterImpl-1803e0c7-8320-4379-92ef-724c5694b47b/datanode-3/data-0/containers/hdds to VolumeSet
2022-08-09 13:49:13,246 [Listener at 127.0.0.1/42643] INFO  volume.ThrottledAsyncChecker (ThrottledAsyncChecker.java:schedule(141)) - Scheduling a check for /home/runner/work/ozone/ozone/hadoop-ozone/integration-test/target/test-dir/MiniOzoneClusterImpl-1803e0c7-8320-4379-92ef-724c5694b47b/datanode-3/data-0/containers/hdds
2022-08-09 13:49:13,261 [Listener at 127.0.0.1/42643] INFO  volume.StorageVolumeChecker (StorageVolumeChecker.java:checkAllVolumes(202)) - Scheduled health check for volume /home/runner/work/ozone/ozone/hadoop-ozone/integration-test/target/test-dir/MiniOzoneClusterImpl-1803e0c7-8320-4379-92ef-724c5694b47b/datanode-3/data-0/containers/hdds
2022-08-09 13:49:13,309 [Listener at 127.0.0.1/42643] INFO  volume.MutableVolumeSet (MutableVolumeSet.java:initializeVolumeSet(174)) - Added Volume : /home/runner/work/ozone/ozone/hadoop-ozone/integration-test/target/test-dir/MiniOzoneClusterImpl-1803e0c7-8320-4379-92ef-724c5694b47b/datanode-3/data/ratis to VolumeSet
2022-08-09 13:49:13,309 [Listener at 127.0.0.1/42643] INFO  volume.ThrottledAsyncChecker (ThrottledAsyncChecker.java:schedule(141)) - Scheduling a check for /home/runner/work/ozone/ozone/hadoop-ozone/integration-test/target/test-dir/MiniOzoneClusterImpl-1803e0c7-8320-4379-92ef-724c5694b47b/datanode-3/data/ratis
2022-08-09 13:49:13,313 [Listener at 127.0.0.1/42643] INFO  volume.StorageVolumeChecker (StorageVolumeChecker.java:checkAllVolumes(202)) - Scheduled health check for volume /home/runner/work/ozone/ozone/hadoop-ozone/integration-test/target/test-dir/MiniOzoneClusterImpl-1803e0c7-8320-4379-92ef-724c5694b47b/datanode-3/data/ratis
2022-08-09 13:49:13,354 [Thread-1169] INFO  ozoneimpl.ContainerReader (ContainerReader.java:readVolume(175)) - Finish verifying containers on volume /home/runner/work/ozone/ozone/hadoop-ozone/integration-test/target/test-dir/MiniOzoneClusterImpl-1803e0c7-8320-4379-92ef-724c5694b47b/datanode-3/data-0/containers/hdds
2022-08-09 13:49:13,354 [Listener at 127.0.0.1/42643] INFO  ozoneimpl.OzoneContainer (OzoneContainer.java:buildContainerSet(299)) - Build ContainerSet costs 0s
2022-08-09 13:49:13,357 [Listener at 127.0.0.1/42643] INFO  server.RaftServer (ConfUtils.java:logGet(46)) - raft.rpc.type = GRPC (default)
2022-08-09 13:49:13,364 [Listener at 127.0.0.1/42643] INFO  grpc.GrpcFactory (GrpcFactory.java:checkPooledByteBufAllocatorUseCacheForAllThreads(48)) - PERFORMANCE WARNING: useCacheForAllThreads is true that may cause Netty to create a lot garbage objects and, as a result, trigger GC.
	It is recommended to disable useCacheForAllThreads by setting -Dorg.apache.ratis.thirdparty.io.netty.allocator.useCacheForAllThreads=false in command line.
2022-08-09 13:49:13,365 [Listener at 127.0.0.1/42643] INFO  grpc.GrpcConfigKeys (ConfUtils.java:logGet(46)) - raft.grpc.admin.port = 0 (custom)
2022-08-09 13:49:13,365 [Listener at 127.0.0.1/42643] INFO  grpc.GrpcConfigKeys (ConfUtils.java:logGet(46)) - raft.grpc.client.port = 0 (custom)
2022-08-09 13:49:13,365 [Listener at 127.0.0.1/42643] INFO  grpc.GrpcConfigKeys (ConfUtils.java:logGet(46)) - raft.grpc.server.port = 0 (default)
2022-08-09 13:49:13,365 [Listener at 127.0.0.1/42643] INFO  server.GrpcService (ConfUtils.java:logGet(46)) - raft.grpc.message.size.max = 32MB (=33554432) (custom)
2022-08-09 13:49:13,365 [Listener at 127.0.0.1/42643] INFO  server.RaftServerConfigKeys (ConfUtils.java:logGet(46)) - raft.server.log.appender.buffer.byte-limit = 33554432 (custom)
2022-08-09 13:49:13,365 [Listener at 127.0.0.1/42643] INFO  server.GrpcService (ConfUtils.java:logGet(46)) - raft.grpc.flow.control.window = 5MB (=5242880) (custom)
2022-08-09 13:49:13,365 [Listener at 127.0.0.1/42643] INFO  server.RaftServerConfigKeys (ConfUtils.java:logGet(46)) - raft.server.rpc.request.timeout = 60s (custom)
2022-08-09 13:49:13,365 [Listener at 127.0.0.1/42643] INFO  grpc.GrpcConfigKeys (ConfUtils.java:logGet(46)) - raft.grpc.server.async.request.thread.pool.cached = true (default)
2022-08-09 13:49:13,365 [Listener at 127.0.0.1/42643] INFO  grpc.GrpcConfigKeys (ConfUtils.java:logGet(46)) - raft.grpc.server.async.request.thread.pool.size = 32 (default)
2022-08-09 13:49:13,366 [Listener at 127.0.0.1/42643] INFO  impl.DataStreamServerImpl (ConfUtils.java:logGet(46)) - raft.datastream.type = DISABLED (default)
2022-08-09 13:49:13,367 [Listener at 127.0.0.1/42643] INFO  server.RaftServerConfigKeys (ConfUtils.java:logGet(46)) - raft.server.threadpool.proxy.cached = true (default)
2022-08-09 13:49:13,367 [Listener at 127.0.0.1/42643] INFO  server.RaftServerConfigKeys (ConfUtils.java:logGet(46)) - raft.server.threadpool.proxy.size = 0 (default)
2022-08-09 13:49:13,367 [Listener at 127.0.0.1/42643] INFO  server.RaftServerConfigKeys (ConfUtils.java:logGet(46)) - raft.server.rpc.slowness.timeout = 300s (custom)
2022-08-09 13:49:13,367 [Listener at 127.0.0.1/42643] INFO  server.RaftServerConfigKeys (ConfUtils.java:logGet(46)) - raft.server.leaderelection.leader.step-down.wait-time = 10s (default)
2022-08-09 13:49:13,367 [Listener at 127.0.0.1/42643] INFO  server.RaftServerConfigKeys (ConfUtils.java:logGet(46)) - raft.server.storage.dir = [/home/runner/work/ozone/ozone/hadoop-ozone/integration-test/target/test-dir/MiniOzoneClusterImpl-1803e0c7-8320-4379-92ef-724c5694b47b/datanode-3/data/ratis] (custom)
2022-08-09 13:49:13,376 [Listener at 127.0.0.1/42643] INFO  server.XceiverServerGrpc (XceiverServerGrpc.java:<init>(132)) - GrpcServer channel type EpollServerSocketChannel
2022-08-09 13:49:13,409 [Listener at 127.0.0.1/42643] INFO  http.BaseHttpServer (BaseHttpServer.java:newHttpServer2BuilderForOzone(209)) - Starting Web-server for hddsDatanode at: http://0.0.0.0:0
2022-08-09 13:49:13,409 [Listener at 127.0.0.1/42643] INFO  http.BaseHttpServer (BaseHttpServer.java:<init>(107)) - Hadoop Security Enabled: false Ozone Security Enabled: false Ozone HTTP Security Enabled: false 
2022-08-09 13:49:13,412 [Listener at 127.0.0.1/42643] INFO  server.AuthenticationFilter (AuthenticationFilter.java:constructSecretProvider(240)) - Unable to initialize FileSignerSecretProvider, falling back to use random secrets.
2022-08-09 13:49:13,413 [Listener at 127.0.0.1/42643] WARN  http.HttpRequestLog (HttpRequestLog.java:getRequestLog(103)) - Jetty request log can only be enabled using Log4j
2022-08-09 13:49:13,415 [Listener at 127.0.0.1/42643] INFO  http.HttpServer2 (HttpServer2.java:addGlobalFilter(1029)) - Added global filter 'safety' (class=org.apache.hadoop.hdds.server.http.HttpServer2$QuotingInputFilter)
2022-08-09 13:49:13,415 [Listener at 127.0.0.1/42643] INFO  http.HttpServer2 (HttpServer2.java:addFilter(1005)) - Added filter static_user_filter (class=org.apache.hadoop.http.lib.StaticUserWebFilter$StaticUserFilter) to context hddsDatanode
2022-08-09 13:49:13,415 [Listener at 127.0.0.1/42643] INFO  http.HttpServer2 (HttpServer2.java:addFilter(1013)) - Added filter static_user_filter (class=org.apache.hadoop.http.lib.StaticUserWebFilter$StaticUserFilter) to context static
2022-08-09 13:49:13,415 [Listener at 127.0.0.1/42643] INFO  http.HttpServer2 (HttpServer2.java:addFilter(1013)) - Added filter static_user_filter (class=org.apache.hadoop.http.lib.StaticUserWebFilter$StaticUserFilter) to context logs
2022-08-09 13:49:13,417 [Listener at 127.0.0.1/42643] INFO  http.HttpServer2 (HttpServer2.java:bindListener(1248)) - Jetty bound to port 39913
2022-08-09 13:49:13,417 [Listener at 127.0.0.1/42643] INFO  server.Server (Server.java:doStart(375)) - jetty-9.4.43.v20210629; built: 2021-06-30T11:07:22.254Z; git: 526006ecfa3af7f1a27ef3a288e2bef7ea9dd7e8; jvm 1.8.0_332-b09
2022-08-09 13:49:13,432 [Listener at 127.0.0.1/42643] INFO  server.session (DefaultSessionIdManager.java:doStart(334)) - DefaultSessionIdManager workerName=node0
2022-08-09 13:49:13,432 [Listener at 127.0.0.1/42643] INFO  server.session (DefaultSessionIdManager.java:doStart(339)) - No SessionScavenger set, using defaults
2022-08-09 13:49:13,432 [Listener at 127.0.0.1/42643] INFO  server.session (HouseKeeper.java:startScavenging(132)) - node0 Scavenging every 660000ms
2022-08-09 13:49:13,433 [Listener at 127.0.0.1/42643] INFO  handler.ContextHandler (ContextHandler.java:doStart(915)) - Started o.e.j.s.ServletContextHandler@69c94bb7{logs,/logs,file:///home/runner/work/ozone/ozone/hadoop-ozone/integration-test/target/log,AVAILABLE}
2022-08-09 13:49:13,433 [Listener at 127.0.0.1/42643] INFO  handler.ContextHandler (ContextHandler.java:doStart(915)) - Started o.e.j.s.ServletContextHandler@364a83d{static,/static,jar:file:/home/runner/.m2/repository/org/apache/ozone/hdds-container-service/1.3.0-SNAPSHOT/hdds-container-service-1.3.0-SNAPSHOT.jar!/webapps/static,AVAILABLE}
2022-08-09 13:49:13,705 [EndpointStateMachine task thread for /0.0.0.0:38939 - 0 ] INFO  volume.HddsVolume (HddsVolume.java:createDbStore(309)) - SchemaV3 db is created and loaded at /home/runner/work/ozone/ozone/hadoop-ozone/integration-test/target/test-dir/MiniOzoneClusterImpl-1803e0c7-8320-4379-92ef-724c5694b47b/datanode-0/data-0/containers/hdds/1803e0c7-8320-4379-92ef-724c5694b47b/DS-437c18c5-e457-412b-aab9-48ec3883dd25/container.db for volume DS-437c18c5-e457-412b-aab9-48ec3883dd25
2022-08-09 13:49:13,707 [EndpointStateMachine task thread for /0.0.0.0:38939 - 0 ] INFO  volume.HddsVolume (HddsVolume.java:closeDbStore(340)) - SchemaV3 db is stopped at /home/runner/work/ozone/ozone/hadoop-ozone/integration-test/target/test-dir/MiniOzoneClusterImpl-1803e0c7-8320-4379-92ef-724c5694b47b/datanode-0/data-0/containers/hdds/1803e0c7-8320-4379-92ef-724c5694b47b/DS-437c18c5-e457-412b-aab9-48ec3883dd25/container.db for volume DS-437c18c5-e457-412b-aab9-48ec3883dd25
2022-08-09 13:49:13,707 [EndpointStateMachine task thread for /0.0.0.0:38939 - 0 ] INFO  ozoneimpl.OzoneContainer (OzoneContainer.java:start(377)) - Attempting to start container services.
2022-08-09 13:49:13,707 [EndpointStateMachine task thread for /0.0.0.0:38939 - 0 ] INFO  ozoneimpl.OzoneContainer (OzoneContainer.java:startContainerScrub(312)) - Background container scanner has been disabled.
2022-08-09 13:49:13,742 [EndpointStateMachine task thread for /0.0.0.0:38939 - 0 ] INFO  replication.ReplicationServer (ReplicationServer.java:start(111)) - ReplicationServer is started using port 34845
2022-08-09 13:49:13,742 [EndpointStateMachine task thread for /0.0.0.0:38939 - 0 ] INFO  ratis.XceiverServerRatis (XceiverServerRatis.java:start(481)) - Starting XceiverServerRatis facac9a0-ce51-4f90-b128-080475d31873
2022-08-09 13:49:13,781 [EndpointStateMachine task thread for /0.0.0.0:38939 - 0 ] INFO  server.RaftServer (RaftServerProxy.java:lambda$start$6(382)) - facac9a0-ce51-4f90-b128-080475d31873: start RPC server
2022-08-09 13:49:13,793 [EndpointStateMachine task thread for /0.0.0.0:38939 - 0 ] INFO  server.GrpcService (GrpcService.java:startImpl(260)) - facac9a0-ce51-4f90-b128-080475d31873: GrpcService started, listening on 44939
2022-08-09 13:49:13,793 [EndpointStateMachine task thread for /0.0.0.0:38939 - 0 ] INFO  ratis.XceiverServerRatis (XceiverServerRatis.java:getRealPort(502)) - XceiverServerRatis facac9a0-ce51-4f90-b128-080475d31873 is started using port 44939 for RATIS
2022-08-09 13:49:13,793 [EndpointStateMachine task thread for /0.0.0.0:38939 - 0 ] INFO  ratis.XceiverServerRatis (XceiverServerRatis.java:getRealPort(502)) - XceiverServerRatis facac9a0-ce51-4f90-b128-080475d31873 is started using port 44939 for RATIS_ADMIN
2022-08-09 13:49:13,793 [EndpointStateMachine task thread for /0.0.0.0:38939 - 0 ] INFO  ratis.XceiverServerRatis (XceiverServerRatis.java:getRealPort(502)) - XceiverServerRatis facac9a0-ce51-4f90-b128-080475d31873 is started using port 44939 for RATIS_SERVER
2022-08-09 13:49:13,793 [org.apache.ratis.util.JvmPauseMonitor$$Lambda$615/629946574@61a5628a] INFO  util.JvmPauseMonitor (JvmPauseMonitor.java:run(103)) - JvmPauseMonitor-facac9a0-ce51-4f90-b128-080475d31873: Started
2022-08-09 13:49:13,817 [EndpointStateMachine task thread for /0.0.0.0:38939 - 0 ] INFO  server.XceiverServerGrpc (XceiverServerGrpc.java:start(180)) - XceiverServerGrpc facac9a0-ce51-4f90-b128-080475d31873 is started using port 32789
2022-08-09 13:49:13,996 [Finalizer] WARN  managed.ManagedRocksObjectUtils (ManagedRocksObjectUtils.java:assertClosed(39)) - ManagedColumnFamilyOptions is not closed properly
2022-08-09 13:49:13,996 [Finalizer] WARN  managed.ManagedRocksObjectUtils (ManagedRocksObjectUtils.java:assertClosed(39)) - ManagedColumnFamilyOptions is not closed properly
2022-08-09 13:49:13,996 [Finalizer] WARN  managed.ManagedRocksObjectUtils (ManagedRocksObjectUtils.java:assertClosed(39)) - ManagedColumnFamilyOptions is not closed properly
2022-08-09 13:49:13,996 [Finalizer] WARN  managed.ManagedRocksObjectUtils (ManagedRocksObjectUtils.java:assertClosed(39)) - ManagedColumnFamilyOptions is not closed properly
2022-08-09 13:49:13,996 [Finalizer] WARN  managed.ManagedRocksObjectUtils (ManagedRocksObjectUtils.java:assertClosed(39)) - ManagedDBOptions is not closed properly
2022-08-09 13:49:13,996 [Finalizer] WARN  managed.ManagedRocksObjectUtils (ManagedRocksObjectUtils.java:assertClosed(39)) - ManagedColumnFamilyOptions is not closed properly
2022-08-09 13:49:13,996 [Finalizer] WARN  managed.ManagedRocksObjectUtils (ManagedRocksObjectUtils.java:assertClosed(39)) - ManagedLRUCache is not closed properly
2022-08-09 13:49:13,997 [Finalizer] WARN  managed.ManagedRocksObjectUtils (ManagedRocksObjectUtils.java:assertClosed(39)) - ManagedBloomFilter is not closed properly
2022-08-09 13:49:13,997 [Finalizer] WARN  managed.ManagedRocksObjectUtils (ManagedRocksObjectUtils.java:assertClosed(39)) - ManagedColumnFamilyOptions is not closed properly
2022-08-09 13:49:13,997 [Finalizer] WARN  managed.ManagedRocksObjectUtils (ManagedRocksObjectUtils.java:assertClosed(39)) - ManagedColumnFamilyOptions is not closed properly
2022-08-09 13:49:13,998 [Finalizer] WARN  managed.ManagedRocksObjectUtils (ManagedRocksObjectUtils.java:assertClosed(39)) - ManagedColumnFamilyOptions is not closed properly
2022-08-09 13:49:13,998 [Finalizer] WARN  managed.ManagedRocksObjectUtils (ManagedRocksObjectUtils.java:assertClosed(39)) - ManagedColumnFamilyOptions is not closed properly
2022-08-09 13:49:14,154 [Listener at 127.0.0.1/42643] INFO  handler.ContextHandler (ContextHandler.java:doStart(915)) - Started o.e.j.w.WebAppContext@6ff0bb6{hddsDatanode,/,file:///tmp/jetty-0_0_0_0-39913-hdds-container-service-1_3_0-SNAPSHOT_jar-_-any-16011641826308323/webapp/,AVAILABLE}{jar:file:/home/runner/.m2/repository/org/apache/ozone/hdds-container-service/1.3.0-SNAPSHOT/hdds-container-service-1.3.0-SNAPSHOT.jar!/webapps/hddsDatanode}
2022-08-09 13:49:14,165 [Listener at 127.0.0.1/42643] INFO  server.AbstractConnector (AbstractConnector.java:doStart(331)) - Started ServerConnector@f5e34c3{HTTP/1.1, (http/1.1)}{0.0.0.0:39913}
2022-08-09 13:49:14,165 [Listener at 127.0.0.1/42643] INFO  server.Server (Server.java:doStart(415)) - Started @140900ms
2022-08-09 13:49:14,165 [Listener at 127.0.0.1/42643] WARN  impl.MetricsSystemImpl (MetricsSystemImpl.java:register(279)) - Sink prometheus already exists!
2022-08-09 13:49:14,166 [Listener at 127.0.0.1/42643] INFO  http.BaseHttpServer (BaseHttpServer.java:updateConnectorAddress(329)) - HTTP server of hddsDatanode listening at http://0.0.0.0:39913
2022-08-09 13:49:14,166 [Listener at 127.0.0.1/42643] INFO  impl.MetricsSystemImpl (MetricsSystemImpl.java:init(158)) - HddsDatanode metrics system started (again)
2022-08-09 13:49:14,178 [Datanode State Machine Daemon Thread] INFO  statemachine.DatanodeStateMachine (DatanodeStateMachine.java:lambda$startDaemon$0(492)) - Ozone container server started.
2022-08-09 13:49:14,245 [Listener at 127.0.0.1/42643] INFO  ozone.HddsDatanodeService (HddsDatanodeService.java:start(236)) - HddsDatanodeService host:fv-az450-466.jnfmftgkylze5hd05chtbp1i0a.dx.internal.cloudapp.net ip:10.1.0.19
2022-08-09 13:49:14,263 [org.apache.hadoop.util.JvmPauseMonitor$Monitor@a490eab] INFO  util.JvmPauseMonitor (JvmPauseMonitor.java:run(188)) - Starting JVM pause monitor
2022-08-09 13:49:14,291 [Listener at 127.0.0.1/42643] INFO  upgrade.AbstractLayoutVersionManager (AbstractLayoutVersionManager.java:init(83)) - Initializing Layout version manager with metadata layout = DATANODE_SCHEMA_V3 (version = 4), software layout = DATANODE_SCHEMA_V3 (version = 4)
2022-08-09 13:49:14,297 [Datanode State Machine Task Thread - 0] INFO  datanode.InitDatanodeState (InitDatanodeState.java:persistContainerDatanodeDetails(138)) - DatanodeDetails is persisted to /home/runner/work/ozone/ozone/hadoop-ozone/integration-test/target/test-dir/MiniOzoneClusterImpl-1803e0c7-8320-4379-92ef-724c5694b47b/datanode-3/meta/datanode.id
2022-08-09 13:49:14,472 [Listener at 127.0.0.1/42643] INFO  reflections.Reflections (Reflections.java:scan(232)) - Reflections took 174 ms to scan 7 urls, producing 132 keys and 321 values 
2022-08-09 13:49:14,474 [Listener at 127.0.0.1/42643] INFO  statemachine.DatanodeStateMachine (DatanodeStateMachine.java:getEndPointTaskThreadPoolSize(237)) - Datanode State Machine Task Thread Pool size 2
2022-08-09 13:49:14,478 [EndpointStateMachine task thread for /0.0.0.0:38939 - 0 ] INFO  volume.HddsVolume (HddsVolume.java:createDbStore(309)) - SchemaV3 db is created and loaded at /home/runner/work/ozone/ozone/hadoop-ozone/integration-test/target/test-dir/MiniOzoneClusterImpl-1803e0c7-8320-4379-92ef-724c5694b47b/datanode-1/data-0/containers/hdds/1803e0c7-8320-4379-92ef-724c5694b47b/DS-6bab731f-8e8f-4dd6-82f8-9e082f5d5331/container.db for volume DS-6bab731f-8e8f-4dd6-82f8-9e082f5d5331
2022-08-09 13:49:14,479 [Listener at 127.0.0.1/42643] INFO  volume.HddsVolume (HddsVolume.java:<init>(116)) - Creating HddsVolume: /home/runner/work/ozone/ozone/hadoop-ozone/integration-test/target/test-dir/MiniOzoneClusterImpl-1803e0c7-8320-4379-92ef-724c5694b47b/datanode-4/data-0/containers/hdds of storage type : DISK capacity : 9223372036854775807
2022-08-09 13:49:14,479 [Listener at 127.0.0.1/42643] INFO  volume.MutableVolumeSet (MutableVolumeSet.java:initializeVolumeSet(174)) - Added Volume : /home/runner/work/ozone/ozone/hadoop-ozone/integration-test/target/test-dir/MiniOzoneClusterImpl-1803e0c7-8320-4379-92ef-724c5694b47b/datanode-4/data-0/containers/hdds to VolumeSet
2022-08-09 13:49:14,479 [Listener at 127.0.0.1/42643] INFO  volume.ThrottledAsyncChecker (ThrottledAsyncChecker.java:schedule(141)) - Scheduling a check for /home/runner/work/ozone/ozone/hadoop-ozone/integration-test/target/test-dir/MiniOzoneClusterImpl-1803e0c7-8320-4379-92ef-724c5694b47b/datanode-4/data-0/containers/hdds
2022-08-09 13:49:14,491 [EndpointStateMachine task thread for /0.0.0.0:38939 - 0 ] INFO  volume.HddsVolume (HddsVolume.java:closeDbStore(340)) - SchemaV3 db is stopped at /home/runner/work/ozone/ozone/hadoop-ozone/integration-test/target/test-dir/MiniOzoneClusterImpl-1803e0c7-8320-4379-92ef-724c5694b47b/datanode-1/data-0/containers/hdds/1803e0c7-8320-4379-92ef-724c5694b47b/DS-6bab731f-8e8f-4dd6-82f8-9e082f5d5331/container.db for volume DS-6bab731f-8e8f-4dd6-82f8-9e082f5d5331
2022-08-09 13:49:14,492 [EndpointStateMachine task thread for /0.0.0.0:38939 - 0 ] INFO  ozoneimpl.OzoneContainer (OzoneContainer.java:start(377)) - Attempting to start container services.
2022-08-09 13:49:14,492 [EndpointStateMachine task thread for /0.0.0.0:38939 - 0 ] INFO  ozoneimpl.OzoneContainer (OzoneContainer.java:startContainerScrub(312)) - Background container scanner has been disabled.
2022-08-09 13:49:14,494 [EndpointStateMachine task thread for /0.0.0.0:38939 - 0 ] INFO  replication.ReplicationServer (ReplicationServer.java:start(111)) - ReplicationServer is started using port 34617
2022-08-09 13:49:14,495 [EndpointStateMachine task thread for /0.0.0.0:38939 - 0 ] INFO  ratis.XceiverServerRatis (XceiverServerRatis.java:start(481)) - Starting XceiverServerRatis a642edec-ac5e-4d27-8806-3ece717121b6
2022-08-09 13:49:14,501 [EndpointStateMachine task thread for /0.0.0.0:38939 - 0 ] INFO  server.RaftServer (RaftServerProxy.java:lambda$start$6(382)) - a642edec-ac5e-4d27-8806-3ece717121b6: start RPC server
2022-08-09 13:49:14,510 [Listener at 127.0.0.1/42643] INFO  volume.StorageVolumeChecker (StorageVolumeChecker.java:checkAllVolumes(202)) - Scheduled health check for volume /home/runner/work/ozone/ozone/hadoop-ozone/integration-test/target/test-dir/MiniOzoneClusterImpl-1803e0c7-8320-4379-92ef-724c5694b47b/datanode-4/data-0/containers/hdds
2022-08-09 13:49:14,529 [EndpointStateMachine task thread for /0.0.0.0:38939 - 0 ] INFO  server.GrpcService (GrpcService.java:startImpl(260)) - a642edec-ac5e-4d27-8806-3ece717121b6: GrpcService started, listening on 36299
2022-08-09 13:49:14,541 [EndpointStateMachine task thread for /0.0.0.0:38939 - 0 ] INFO  ratis.XceiverServerRatis (XceiverServerRatis.java:getRealPort(502)) - XceiverServerRatis a642edec-ac5e-4d27-8806-3ece717121b6 is started using port 36299 for RATIS
2022-08-09 13:49:14,541 [EndpointStateMachine task thread for /0.0.0.0:38939 - 0 ] INFO  ratis.XceiverServerRatis (XceiverServerRatis.java:getRealPort(502)) - XceiverServerRatis a642edec-ac5e-4d27-8806-3ece717121b6 is started using port 36299 for RATIS_ADMIN
2022-08-09 13:49:14,541 [EndpointStateMachine task thread for /0.0.0.0:38939 - 0 ] INFO  ratis.XceiverServerRatis (XceiverServerRatis.java:getRealPort(502)) - XceiverServerRatis a642edec-ac5e-4d27-8806-3ece717121b6 is started using port 36299 for RATIS_SERVER
2022-08-09 13:49:14,542 [org.apache.ratis.util.JvmPauseMonitor$$Lambda$615/629946574@45d062dd] INFO  util.JvmPauseMonitor (JvmPauseMonitor.java:run(103)) - JvmPauseMonitor-a642edec-ac5e-4d27-8806-3ece717121b6: Started
2022-08-09 13:49:14,568 [Listener at 127.0.0.1/42643] INFO  volume.MutableVolumeSet (MutableVolumeSet.java:initializeVolumeSet(174)) - Added Volume : /home/runner/work/ozone/ozone/hadoop-ozone/integration-test/target/test-dir/MiniOzoneClusterImpl-1803e0c7-8320-4379-92ef-724c5694b47b/datanode-4/data/ratis to VolumeSet
2022-08-09 13:49:14,568 [Listener at 127.0.0.1/42643] INFO  volume.ThrottledAsyncChecker (ThrottledAsyncChecker.java:schedule(141)) - Scheduling a check for /home/runner/work/ozone/ozone/hadoop-ozone/integration-test/target/test-dir/MiniOzoneClusterImpl-1803e0c7-8320-4379-92ef-724c5694b47b/datanode-4/data/ratis
2022-08-09 13:49:14,568 [Listener at 127.0.0.1/42643] INFO  volume.StorageVolumeChecker (StorageVolumeChecker.java:checkAllVolumes(202)) - Scheduled health check for volume /home/runner/work/ozone/ozone/hadoop-ozone/integration-test/target/test-dir/MiniOzoneClusterImpl-1803e0c7-8320-4379-92ef-724c5694b47b/datanode-4/data/ratis
2022-08-09 13:49:14,599 [EndpointStateMachine task thread for /0.0.0.0:38939 - 0 ] INFO  server.XceiverServerGrpc (XceiverServerGrpc.java:start(180)) - XceiverServerGrpc a642edec-ac5e-4d27-8806-3ece717121b6 is started using port 35003
2022-08-09 13:49:14,657 [Thread-1193] INFO  ozoneimpl.ContainerReader (ContainerReader.java:readVolume(175)) - Finish verifying containers on volume /home/runner/work/ozone/ozone/hadoop-ozone/integration-test/target/test-dir/MiniOzoneClusterImpl-1803e0c7-8320-4379-92ef-724c5694b47b/datanode-4/data-0/containers/hdds
2022-08-09 13:49:14,657 [Listener at 127.0.0.1/42643] INFO  ozoneimpl.OzoneContainer (OzoneContainer.java:buildContainerSet(299)) - Build ContainerSet costs 0s
2022-08-09 13:49:14,659 [Listener at 127.0.0.1/42643] INFO  server.RaftServer (ConfUtils.java:logGet(46)) - raft.rpc.type = GRPC (default)
2022-08-09 13:49:14,659 [Listener at 127.0.0.1/42643] INFO  grpc.GrpcFactory (GrpcFactory.java:checkPooledByteBufAllocatorUseCacheForAllThreads(48)) - PERFORMANCE WARNING: useCacheForAllThreads is true that may cause Netty to create a lot garbage objects and, as a result, trigger GC.
	It is recommended to disable useCacheForAllThreads by setting -Dorg.apache.ratis.thirdparty.io.netty.allocator.useCacheForAllThreads=false in command line.
2022-08-09 13:49:14,659 [Listener at 127.0.0.1/42643] INFO  grpc.GrpcConfigKeys (ConfUtils.java:logGet(46)) - raft.grpc.admin.port = 0 (custom)
2022-08-09 13:49:14,659 [Listener at 127.0.0.1/42643] INFO  grpc.GrpcConfigKeys (ConfUtils.java:logGet(46)) - raft.grpc.client.port = 0 (custom)
2022-08-09 13:49:14,660 [Listener at 127.0.0.1/42643] INFO  grpc.GrpcConfigKeys (ConfUtils.java:logGet(46)) - raft.grpc.server.port = 0 (default)
2022-08-09 13:49:14,660 [Listener at 127.0.0.1/42643] INFO  server.GrpcService (ConfUtils.java:logGet(46)) - raft.grpc.message.size.max = 32MB (=33554432) (custom)
2022-08-09 13:49:14,660 [Listener at 127.0.0.1/42643] INFO  server.RaftServerConfigKeys (ConfUtils.java:logGet(46)) - raft.server.log.appender.buffer.byte-limit = 33554432 (custom)
2022-08-09 13:49:14,660 [Listener at 127.0.0.1/42643] INFO  server.GrpcService (ConfUtils.java:logGet(46)) - raft.grpc.flow.control.window = 5MB (=5242880) (custom)
2022-08-09 13:49:14,660 [Listener at 127.0.0.1/42643] INFO  server.RaftServerConfigKeys (ConfUtils.java:logGet(46)) - raft.server.rpc.request.timeout = 60s (custom)
2022-08-09 13:49:14,660 [Listener at 127.0.0.1/42643] INFO  grpc.GrpcConfigKeys (ConfUtils.java:logGet(46)) - raft.grpc.server.async.request.thread.pool.cached = true (default)
2022-08-09 13:49:14,660 [Listener at 127.0.0.1/42643] INFO  grpc.GrpcConfigKeys (ConfUtils.java:logGet(46)) - raft.grpc.server.async.request.thread.pool.size = 32 (default)
2022-08-09 13:49:14,673 [Listener at 127.0.0.1/42643] INFO  impl.DataStreamServerImpl (ConfUtils.java:logGet(46)) - raft.datastream.type = DISABLED (default)
2022-08-09 13:49:14,674 [Listener at 127.0.0.1/42643] INFO  server.RaftServerConfigKeys (ConfUtils.java:logGet(46)) - raft.server.threadpool.proxy.cached = true (default)
2022-08-09 13:49:14,674 [Listener at 127.0.0.1/42643] INFO  server.RaftServerConfigKeys (ConfUtils.java:logGet(46)) - raft.server.threadpool.proxy.size = 0 (default)
2022-08-09 13:49:14,674 [Listener at 127.0.0.1/42643] INFO  server.RaftServerConfigKeys (ConfUtils.java:logGet(46)) - raft.server.rpc.slowness.timeout = 300s (custom)
2022-08-09 13:49:14,674 [Listener at 127.0.0.1/42643] INFO  server.RaftServerConfigKeys (ConfUtils.java:logGet(46)) - raft.server.leaderelection.leader.step-down.wait-time = 10s (default)
2022-08-09 13:49:14,674 [Listener at 127.0.0.1/42643] INFO  server.RaftServerConfigKeys (ConfUtils.java:logGet(46)) - raft.server.storage.dir = [/home/runner/work/ozone/ozone/hadoop-ozone/integration-test/target/test-dir/MiniOzoneClusterImpl-1803e0c7-8320-4379-92ef-724c5694b47b/datanode-4/data/ratis] (custom)
2022-08-09 13:49:14,679 [Listener at 127.0.0.1/42643] INFO  server.XceiverServerGrpc (XceiverServerGrpc.java:<init>(132)) - GrpcServer channel type EpollServerSocketChannel
2022-08-09 13:49:14,691 [Listener at 127.0.0.1/42643] INFO  http.BaseHttpServer (BaseHttpServer.java:newHttpServer2BuilderForOzone(209)) - Starting Web-server for hddsDatanode at: http://0.0.0.0:0
2022-08-09 13:49:14,691 [Listener at 127.0.0.1/42643] INFO  http.BaseHttpServer (BaseHttpServer.java:<init>(107)) - Hadoop Security Enabled: false Ozone Security Enabled: false Ozone HTTP Security Enabled: false 
2022-08-09 13:49:14,711 [Listener at 127.0.0.1/42643] INFO  server.AuthenticationFilter (AuthenticationFilter.java:constructSecretProvider(240)) - Unable to initialize FileSignerSecretProvider, falling back to use random secrets.
2022-08-09 13:49:14,725 [Listener at 127.0.0.1/42643] WARN  http.HttpRequestLog (HttpRequestLog.java:getRequestLog(103)) - Jetty request log can only be enabled using Log4j
2022-08-09 13:49:14,726 [Listener at 127.0.0.1/42643] INFO  http.HttpServer2 (HttpServer2.java:addGlobalFilter(1029)) - Added global filter 'safety' (class=org.apache.hadoop.hdds.server.http.HttpServer2$QuotingInputFilter)
2022-08-09 13:49:14,727 [Listener at 127.0.0.1/42643] INFO  http.HttpServer2 (HttpServer2.java:addFilter(1005)) - Added filter static_user_filter (class=org.apache.hadoop.http.lib.StaticUserWebFilter$StaticUserFilter) to context hddsDatanode
2022-08-09 13:49:14,727 [Listener at 127.0.0.1/42643] INFO  http.HttpServer2 (HttpServer2.java:addFilter(1013)) - Added filter static_user_filter (class=org.apache.hadoop.http.lib.StaticUserWebFilter$StaticUserFilter) to context logs
2022-08-09 13:49:14,727 [Listener at 127.0.0.1/42643] INFO  http.HttpServer2 (HttpServer2.java:addFilter(1013)) - Added filter static_user_filter (class=org.apache.hadoop.http.lib.StaticUserWebFilter$StaticUserFilter) to context static
2022-08-09 13:49:14,727 [Listener at 127.0.0.1/42643] INFO  http.HttpServer2 (HttpServer2.java:bindListener(1248)) - Jetty bound to port 37517
2022-08-09 13:49:14,727 [Listener at 127.0.0.1/42643] INFO  server.Server (Server.java:doStart(375)) - jetty-9.4.43.v20210629; built: 2021-06-30T11:07:22.254Z; git: 526006ecfa3af7f1a27ef3a288e2bef7ea9dd7e8; jvm 1.8.0_332-b09
2022-08-09 13:49:14,741 [Listener at 127.0.0.1/42643] INFO  server.session (DefaultSessionIdManager.java:doStart(334)) - DefaultSessionIdManager workerName=node0
2022-08-09 13:49:14,741 [Listener at 127.0.0.1/42643] INFO  server.session (DefaultSessionIdManager.java:doStart(339)) - No SessionScavenger set, using defaults
2022-08-09 13:49:14,747 [Listener at 127.0.0.1/42643] INFO  server.session (HouseKeeper.java:startScavenging(132)) - node0 Scavenging every 600000ms
2022-08-09 13:49:14,748 [Listener at 127.0.0.1/42643] INFO  handler.ContextHandler (ContextHandler.java:doStart(915)) - Started o.e.j.s.ServletContextHandler@3a323884{logs,/logs,file:///home/runner/work/ozone/ozone/hadoop-ozone/integration-test/target/log,AVAILABLE}
2022-08-09 13:49:14,748 [Listener at 127.0.0.1/42643] INFO  handler.ContextHandler (ContextHandler.java:doStart(915)) - Started o.e.j.s.ServletContextHandler@3d6c4fe7{static,/static,jar:file:/home/runner/.m2/repository/org/apache/ozone/hdds-container-service/1.3.0-SNAPSHOT/hdds-container-service-1.3.0-SNAPSHOT.jar!/webapps/static,AVAILABLE}
2022-08-09 13:49:15,136 [Listener at 127.0.0.1/42643] INFO  handler.ContextHandler (ContextHandler.java:doStart(915)) - Started o.e.j.w.WebAppContext@70e1d2cb{hddsDatanode,/,file:///tmp/jetty-0_0_0_0-37517-hdds-container-service-1_3_0-SNAPSHOT_jar-_-any-7180953118046283910/webapp/,AVAILABLE}{jar:file:/home/runner/.m2/repository/org/apache/ozone/hdds-container-service/1.3.0-SNAPSHOT/hdds-container-service-1.3.0-SNAPSHOT.jar!/webapps/hddsDatanode}
2022-08-09 13:49:15,163 [Listener at 127.0.0.1/42643] INFO  server.AbstractConnector (AbstractConnector.java:doStart(331)) - Started ServerConnector@4efcd578{HTTP/1.1, (http/1.1)}{0.0.0.0:37517}
2022-08-09 13:49:15,163 [Listener at 127.0.0.1/42643] INFO  server.Server (Server.java:doStart(415)) - Started @141897ms
2022-08-09 13:49:15,163 [Listener at 127.0.0.1/42643] WARN  impl.MetricsSystemImpl (MetricsSystemImpl.java:register(279)) - Sink prometheus already exists!
2022-08-09 13:49:15,164 [Listener at 127.0.0.1/42643] INFO  http.BaseHttpServer (BaseHttpServer.java:updateConnectorAddress(329)) - HTTP server of hddsDatanode listening at http://0.0.0.0:37517
2022-08-09 13:49:15,164 [Listener at 127.0.0.1/42643] INFO  ozone.MiniOzoneClusterImpl (MiniOzoneClusterImpl.java:lambda$waitForClusterToBeReady$0(216)) - Waiting for nodes to be ready. Got 0 of 5 DN Heartbeats.
2022-08-09 13:49:15,164 [Listener at 127.0.0.1/42643] INFO  ozone.MiniOzoneClusterImpl (MiniOzoneClusterImpl.java:lambda$waitForClusterToBeReady$0(219)) - Waiting for cluster to exit safe mode
2022-08-09 13:49:15,164 [Listener at 127.0.0.1/42643] INFO  ozone.MiniOzoneClusterImpl (MiniOzoneClusterImpl.java:lambda$waitForClusterToBeReady$0(221)) - SCM became leader
2022-08-09 13:49:15,165 [Datanode State Machine Daemon Thread] INFO  statemachine.DatanodeStateMachine (DatanodeStateMachine.java:lambda$startDaemon$0(492)) - Ozone container server started.
2022-08-09 13:49:15,250 [org.apache.hadoop.util.JvmPauseMonitor$Monitor@2dc91ba8] INFO  util.JvmPauseMonitor (JvmPauseMonitor.java:run(188)) - Starting JVM pause monitor
2022-08-09 13:49:15,274 [Datanode State Machine Task Thread - 0] INFO  datanode.InitDatanodeState (InitDatanodeState.java:persistContainerDatanodeDetails(138)) - DatanodeDetails is persisted to /home/runner/work/ozone/ozone/hadoop-ozone/integration-test/target/test-dir/MiniOzoneClusterImpl-1803e0c7-8320-4379-92ef-724c5694b47b/datanode-4/meta/datanode.id
2022-08-09 13:49:15,290 [EndpointStateMachine task thread for /0.0.0.0:38939 - 0 ] INFO  volume.HddsVolume (HddsVolume.java:createDbStore(309)) - SchemaV3 db is created and loaded at /home/runner/work/ozone/ozone/hadoop-ozone/integration-test/target/test-dir/MiniOzoneClusterImpl-1803e0c7-8320-4379-92ef-724c5694b47b/datanode-2/data-0/containers/hdds/1803e0c7-8320-4379-92ef-724c5694b47b/DS-a02185bb-d7d6-45e9-8400-c0ac3b93f098/container.db for volume DS-a02185bb-d7d6-45e9-8400-c0ac3b93f098
2022-08-09 13:49:15,290 [EndpointStateMachine task thread for /0.0.0.0:38939 - 0 ] INFO  volume.HddsVolume (HddsVolume.java:closeDbStore(340)) - SchemaV3 db is stopped at /home/runner/work/ozone/ozone/hadoop-ozone/integration-test/target/test-dir/MiniOzoneClusterImpl-1803e0c7-8320-4379-92ef-724c5694b47b/datanode-2/data-0/containers/hdds/1803e0c7-8320-4379-92ef-724c5694b47b/DS-a02185bb-d7d6-45e9-8400-c0ac3b93f098/container.db for volume DS-a02185bb-d7d6-45e9-8400-c0ac3b93f098
2022-08-09 13:49:15,291 [EndpointStateMachine task thread for /0.0.0.0:38939 - 0 ] INFO  ozoneimpl.OzoneContainer (OzoneContainer.java:start(377)) - Attempting to start container services.
2022-08-09 13:49:15,291 [EndpointStateMachine task thread for /0.0.0.0:38939 - 0 ] INFO  ozoneimpl.OzoneContainer (OzoneContainer.java:startContainerScrub(312)) - Background container scanner has been disabled.
2022-08-09 13:49:15,309 [EndpointStateMachine task thread for /0.0.0.0:38939 - 0 ] INFO  replication.ReplicationServer (ReplicationServer.java:start(111)) - ReplicationServer is started using port 36215
2022-08-09 13:49:15,325 [EndpointStateMachine task thread for /0.0.0.0:38939 - 0 ] INFO  ratis.XceiverServerRatis (XceiverServerRatis.java:start(481)) - Starting XceiverServerRatis a9bcd0ff-35fc-4d0a-8e3c-7398e9e8d683
2022-08-09 13:49:15,360 [EndpointStateMachine task thread for /0.0.0.0:38939 - 0 ] INFO  server.RaftServer (RaftServerProxy.java:lambda$start$6(382)) - a9bcd0ff-35fc-4d0a-8e3c-7398e9e8d683: start RPC server
2022-08-09 13:49:15,371 [EndpointStateMachine task thread for /0.0.0.0:38939 - 0 ] INFO  server.GrpcService (GrpcService.java:startImpl(260)) - a9bcd0ff-35fc-4d0a-8e3c-7398e9e8d683: GrpcService started, listening on 44419
2022-08-09 13:49:15,385 [EndpointStateMachine task thread for /0.0.0.0:38939 - 0 ] INFO  ratis.XceiverServerRatis (XceiverServerRatis.java:getRealPort(502)) - XceiverServerRatis a9bcd0ff-35fc-4d0a-8e3c-7398e9e8d683 is started using port 44419 for RATIS
2022-08-09 13:49:15,385 [EndpointStateMachine task thread for /0.0.0.0:38939 - 0 ] INFO  ratis.XceiverServerRatis (XceiverServerRatis.java:getRealPort(502)) - XceiverServerRatis a9bcd0ff-35fc-4d0a-8e3c-7398e9e8d683 is started using port 44419 for RATIS_ADMIN
2022-08-09 13:49:15,385 [EndpointStateMachine task thread for /0.0.0.0:38939 - 0 ] INFO  ratis.XceiverServerRatis (XceiverServerRatis.java:getRealPort(502)) - XceiverServerRatis a9bcd0ff-35fc-4d0a-8e3c-7398e9e8d683 is started using port 44419 for RATIS_SERVER
2022-08-09 13:49:15,385 [org.apache.ratis.util.JvmPauseMonitor$$Lambda$615/629946574@8ef1996] INFO  util.JvmPauseMonitor (JvmPauseMonitor.java:run(103)) - JvmPauseMonitor-a9bcd0ff-35fc-4d0a-8e3c-7398e9e8d683: Started
2022-08-09 13:49:15,418 [EndpointStateMachine task thread for /0.0.0.0:38939 - 0 ] INFO  server.XceiverServerGrpc (XceiverServerGrpc.java:start(180)) - XceiverServerGrpc a9bcd0ff-35fc-4d0a-8e3c-7398e9e8d683 is started using port 41537
2022-08-09 13:49:15,534 [IPC Server handler 19 on default port 38939] INFO  net.NetworkTopologyImpl (NetworkTopologyImpl.java:add(112)) - Added a new node: /default-rack/facac9a0-ce51-4f90-b128-080475d31873
2022-08-09 13:49:15,534 [IPC Server handler 19 on default port 38939] INFO  node.SCMNodeManager (SCMNodeManager.java:register(397)) - Registered Data node : facac9a0-ce51-4f90-b128-080475d31873{ip: 10.1.0.19, host: fv-az450-466.jnfmftgkylze5hd05chtbp1i0a.dx.internal.cloudapp.net, ports: [REPLICATION=34845, RATIS=44939, RATIS_ADMIN=44939, RATIS_SERVER=44939, STANDALONE=32789], networkLocation: /default-rack, certSerialId: null, persistedOpState: null, persistedOpStateExpiryEpochSec: 0}
2022-08-09 13:49:15,539 [EventQueue-NodeRegistrationContainerReportForContainerSafeModeRule] INFO  safemode.SCMSafeModeManager (SCMSafeModeManager.java:validateSafeModeExitRules(204)) - ContainerSafeModeRule rule is successfully validated
2022-08-09 13:49:15,539 [EventQueue-NodeRegistrationContainerReportForDataNodeSafeModeRule] INFO  safemode.SCMSafeModeManager (DataNodeSafeModeRule.java:process(71)) - SCM in safe mode. 1 DataNodes registered, 3 required.
2022-08-09 13:49:15,556 [EventQueue-NewNodeForNewNodeHandler] INFO  pipeline.BackgroundPipelineCreator (BackgroundPipelineCreator.java:notifyEventTriggered(276)) - trigger a one-shot run on RatisPipelineUtilsThread.
2022-08-09 13:49:15,557 [EventQueue-PipelineReportForOneReplicaPipelineSafeModeRule] INFO  safemode.SCMSafeModeManager (SCMSafeModeManager.java:validateSafeModeExitRules(204)) - AtleastOneDatanodeReportedRule rule is successfully validated
2022-08-09 13:49:15,557 [RatisPipelineUtilsThread - 0] INFO  pipeline.RatisPipelineProvider (RatisPipelineProvider.java:lambda$create$0(195)) - Sending CreatePipelineCommand for pipeline:PipelineID=7bf3231f-a9d8-461b-b0a5-d6210eb707f0 to datanode:facac9a0-ce51-4f90-b128-080475d31873
2022-08-09 13:49:15,557 [RatisPipelineUtilsThread - 0] INFO  pipeline.PipelineStateManagerImpl (PipelineStateManagerImpl.java:addPipeline(103)) - Created pipeline Pipeline[ Id: 7bf3231f-a9d8-461b-b0a5-d6210eb707f0, Nodes: facac9a0-ce51-4f90-b128-080475d31873{ip: 10.1.0.19, host: fv-az450-466.jnfmftgkylze5hd05chtbp1i0a.dx.internal.cloudapp.net, ports: [REPLICATION=34845, RATIS=44939, RATIS_ADMIN=44939, RATIS_SERVER=44939, STANDALONE=32789], networkLocation: /default-rack, certSerialId: null, persistedOpState: IN_SERVICE, persistedOpStateExpiryEpochSec: 0}, ReplicationConfig: RATIS/ONE, State:ALLOCATED, leaderId:, CreationTimestamp2022-08-09T13:49:15.557Z[Etc/UTC]].
2022-08-09 13:49:16,165 [Listener at 127.0.0.1/42643] INFO  ozone.MiniOzoneClusterImpl (MiniOzoneClusterImpl.java:lambda$waitForClusterToBeReady$0(216)) - Waiting for nodes to be ready. Got 1 of 5 DN Heartbeats.
2022-08-09 13:49:16,165 [Listener at 127.0.0.1/42643] INFO  ozone.MiniOzoneClusterImpl (MiniOzoneClusterImpl.java:lambda$waitForClusterToBeReady$0(219)) - Waiting for cluster to exit safe mode
2022-08-09 13:49:16,165 [Listener at 127.0.0.1/42643] INFO  ozone.MiniOzoneClusterImpl (MiniOzoneClusterImpl.java:lambda$waitForClusterToBeReady$0(221)) - SCM became leader
2022-08-09 13:49:16,237 [Finalizer] WARN  managed.ManagedRocksObjectUtils (ManagedRocksObjectUtils.java:assertClosed(39)) - ManagedColumnFamilyOptions is not closed properly
2022-08-09 13:49:16,237 [Finalizer] WARN  managed.ManagedRocksObjectUtils (ManagedRocksObjectUtils.java:assertClosed(39)) - ManagedColumnFamilyOptions is not closed properly
2022-08-09 13:49:16,237 [Finalizer] WARN  managed.ManagedRocksObjectUtils (ManagedRocksObjectUtils.java:assertClosed(39)) - ManagedColumnFamilyOptions is not closed properly
2022-08-09 13:49:16,237 [Finalizer] WARN  managed.ManagedRocksObjectUtils (ManagedRocksObjectUtils.java:assertClosed(39)) - ManagedColumnFamilyOptions is not closed properly
2022-08-09 13:49:16,237 [Finalizer] WARN  managed.ManagedRocksObjectUtils (ManagedRocksObjectUtils.java:assertClosed(39)) - ManagedDBOptions is not closed properly
2022-08-09 13:49:16,237 [Finalizer] WARN  managed.ManagedRocksObjectUtils (ManagedRocksObjectUtils.java:assertClosed(39)) - ManagedColumnFamilyOptions is not closed properly
2022-08-09 13:49:16,237 [Finalizer] WARN  managed.ManagedRocksObjectUtils (ManagedRocksObjectUtils.java:assertClosed(39)) - ManagedLRUCache is not closed properly
2022-08-09 13:49:16,237 [Finalizer] WARN  managed.ManagedRocksObjectUtils (ManagedRocksObjectUtils.java:assertClosed(39)) - ManagedBloomFilter is not closed properly
2022-08-09 13:49:16,241 [Finalizer] WARN  managed.ManagedRocksObjectUtils (ManagedRocksObjectUtils.java:assertClosed(39)) - ManagedDBOptions is not closed properly
2022-08-09 13:49:16,241 [Finalizer] WARN  managed.ManagedRocksObjectUtils (ManagedRocksObjectUtils.java:assertClosed(39)) - ManagedColumnFamilyOptions is not closed properly
2022-08-09 13:49:16,241 [Finalizer] WARN  managed.ManagedRocksObjectUtils (ManagedRocksObjectUtils.java:assertClosed(39)) - ManagedLRUCache is not closed properly
2022-08-09 13:49:16,241 [Finalizer] WARN  managed.ManagedRocksObjectUtils (ManagedRocksObjectUtils.java:assertClosed(39)) - ManagedBloomFilter is not closed properly
2022-08-09 13:49:16,319 [EndpointStateMachine task thread for /0.0.0.0:38939 - 0 ] INFO  volume.HddsVolume (HddsVolume.java:createDbStore(309)) - SchemaV3 db is created and loaded at /home/runner/work/ozone/ozone/hadoop-ozone/integration-test/target/test-dir/MiniOzoneClusterImpl-1803e0c7-8320-4379-92ef-724c5694b47b/datanode-3/data-0/containers/hdds/1803e0c7-8320-4379-92ef-724c5694b47b/DS-c46b2798-71a6-4979-a33a-c1485ceeca4a/container.db for volume DS-c46b2798-71a6-4979-a33a-c1485ceeca4a
2022-08-09 13:49:16,320 [EndpointStateMachine task thread for /0.0.0.0:38939 - 0 ] INFO  volume.HddsVolume (HddsVolume.java:closeDbStore(340)) - SchemaV3 db is stopped at /home/runner/work/ozone/ozone/hadoop-ozone/integration-test/target/test-dir/MiniOzoneClusterImpl-1803e0c7-8320-4379-92ef-724c5694b47b/datanode-3/data-0/containers/hdds/1803e0c7-8320-4379-92ef-724c5694b47b/DS-c46b2798-71a6-4979-a33a-c1485ceeca4a/container.db for volume DS-c46b2798-71a6-4979-a33a-c1485ceeca4a
2022-08-09 13:49:16,320 [EndpointStateMachine task thread for /0.0.0.0:38939 - 0 ] INFO  ozoneimpl.OzoneContainer (OzoneContainer.java:start(377)) - Attempting to start container services.
2022-08-09 13:49:16,320 [EndpointStateMachine task thread for /0.0.0.0:38939 - 0 ] INFO  ozoneimpl.OzoneContainer (OzoneContainer.java:startContainerScrub(312)) - Background container scanner has been disabled.
2022-08-09 13:49:16,357 [IPC Server handler 18 on default port 38939] INFO  net.NetworkTopologyImpl (NetworkTopologyImpl.java:add(112)) - Added a new node: /default-rack/a642edec-ac5e-4d27-8806-3ece717121b6
2022-08-09 13:49:16,357 [IPC Server handler 18 on default port 38939] INFO  node.SCMNodeManager (SCMNodeManager.java:register(397)) - Registered Data node : a642edec-ac5e-4d27-8806-3ece717121b6{ip: 10.1.0.19, host: fv-az450-466.jnfmftgkylze5hd05chtbp1i0a.dx.internal.cloudapp.net, ports: [REPLICATION=34617, RATIS=36299, RATIS_ADMIN=36299, RATIS_SERVER=36299, STANDALONE=35003], networkLocation: /default-rack, certSerialId: null, persistedOpState: null, persistedOpStateExpiryEpochSec: 0}
2022-08-09 13:49:16,358 [EventQueue-NewNodeForNewNodeHandler] INFO  pipeline.BackgroundPipelineCreator (BackgroundPipelineCreator.java:notifyEventTriggered(276)) - trigger a one-shot run on RatisPipelineUtilsThread.
2022-08-09 13:49:16,358 [EventQueue-NodeRegistrationContainerReportForDataNodeSafeModeRule] INFO  safemode.SCMSafeModeManager (DataNodeSafeModeRule.java:process(71)) - SCM in safe mode. 2 DataNodes registered, 3 required.
2022-08-09 13:49:16,370 [EndpointStateMachine task thread for /0.0.0.0:38939 - 0 ] INFO  replication.ReplicationServer (ReplicationServer.java:start(111)) - ReplicationServer is started using port 40051
2022-08-09 13:49:16,374 [RatisPipelineUtilsThread - 0] INFO  pipeline.RatisPipelineProvider (RatisPipelineProvider.java:lambda$create$0(195)) - Sending CreatePipelineCommand for pipeline:PipelineID=843dda17-1a01-42b7-82a9-7d3d72e12e45 to datanode:a642edec-ac5e-4d27-8806-3ece717121b6
2022-08-09 13:49:16,374 [RatisPipelineUtilsThread - 0] INFO  pipeline.PipelineStateManagerImpl (PipelineStateManagerImpl.java:addPipeline(103)) - Created pipeline Pipeline[ Id: 843dda17-1a01-42b7-82a9-7d3d72e12e45, Nodes: a642edec-ac5e-4d27-8806-3ece717121b6{ip: 10.1.0.19, host: fv-az450-466.jnfmftgkylze5hd05chtbp1i0a.dx.internal.cloudapp.net, ports: [REPLICATION=34617, RATIS=36299, RATIS_ADMIN=36299, RATIS_SERVER=36299, STANDALONE=35003], networkLocation: /default-rack, certSerialId: null, persistedOpState: IN_SERVICE, persistedOpStateExpiryEpochSec: 0}, ReplicationConfig: RATIS/ONE, State:ALLOCATED, leaderId:, CreationTimestamp2022-08-09T13:49:16.374Z[Etc/UTC]].
2022-08-09 13:49:16,378 [EndpointStateMachine task thread for /0.0.0.0:38939 - 0 ] INFO  ratis.XceiverServerRatis (XceiverServerRatis.java:start(481)) - Starting XceiverServerRatis 38e181f0-6c08-490a-960d-0a972fca2357
2022-08-09 13:49:16,378 [EndpointStateMachine task thread for /0.0.0.0:38939 - 0 ] INFO  server.RaftServer (RaftServerProxy.java:lambda$start$6(382)) - 38e181f0-6c08-490a-960d-0a972fca2357: start RPC server
2022-08-09 13:49:16,388 [EndpointStateMachine task thread for /0.0.0.0:38939 - 0 ] INFO  server.GrpcService (GrpcService.java:startImpl(260)) - 38e181f0-6c08-490a-960d-0a972fca2357: GrpcService started, listening on 45429
2022-08-09 13:49:16,388 [EndpointStateMachine task thread for /0.0.0.0:38939 - 0 ] INFO  ratis.XceiverServerRatis (XceiverServerRatis.java:getRealPort(502)) - XceiverServerRatis 38e181f0-6c08-490a-960d-0a972fca2357 is started using port 45429 for RATIS
2022-08-09 13:49:16,388 [EndpointStateMachine task thread for /0.0.0.0:38939 - 0 ] INFO  ratis.XceiverServerRatis (XceiverServerRatis.java:getRealPort(502)) - XceiverServerRatis 38e181f0-6c08-490a-960d-0a972fca2357 is started using port 45429 for RATIS_ADMIN
2022-08-09 13:49:16,388 [EndpointStateMachine task thread for /0.0.0.0:38939 - 0 ] INFO  ratis.XceiverServerRatis (XceiverServerRatis.java:getRealPort(502)) - XceiverServerRatis 38e181f0-6c08-490a-960d-0a972fca2357 is started using port 45429 for RATIS_SERVER
2022-08-09 13:49:16,389 [org.apache.ratis.util.JvmPauseMonitor$$Lambda$615/629946574@7cf5dad7] INFO  util.JvmPauseMonitor (JvmPauseMonitor.java:run(103)) - JvmPauseMonitor-38e181f0-6c08-490a-960d-0a972fca2357: Started
2022-08-09 13:49:16,434 [EndpointStateMachine task thread for /0.0.0.0:38939 - 0 ] INFO  server.XceiverServerGrpc (XceiverServerGrpc.java:start(180)) - XceiverServerGrpc 38e181f0-6c08-490a-960d-0a972fca2357 is started using port 42261
2022-08-09 13:49:17,165 [Listener at 127.0.0.1/42643] INFO  ozone.MiniOzoneClusterImpl (MiniOzoneClusterImpl.java:lambda$waitForClusterToBeReady$0(216)) - Waiting for nodes to be ready. Got 2 of 5 DN Heartbeats.
2022-08-09 13:49:17,166 [Listener at 127.0.0.1/42643] INFO  ozone.MiniOzoneClusterImpl (MiniOzoneClusterImpl.java:lambda$waitForClusterToBeReady$0(219)) - Waiting for cluster to exit safe mode
2022-08-09 13:49:17,166 [Listener at 127.0.0.1/42643] INFO  ozone.MiniOzoneClusterImpl (MiniOzoneClusterImpl.java:lambda$waitForClusterToBeReady$0(221)) - SCM became leader
2022-08-09 13:49:17,174 [IPC Server handler 2 on default port 38939] INFO  net.NetworkTopologyImpl (NetworkTopologyImpl.java:add(112)) - Added a new node: /default-rack/a9bcd0ff-35fc-4d0a-8e3c-7398e9e8d683
2022-08-09 13:49:17,175 [IPC Server handler 2 on default port 38939] INFO  node.SCMNodeManager (SCMNodeManager.java:register(397)) - Registered Data node : a9bcd0ff-35fc-4d0a-8e3c-7398e9e8d683{ip: 10.1.0.19, host: fv-az450-466.jnfmftgkylze5hd05chtbp1i0a.dx.internal.cloudapp.net, ports: [REPLICATION=36215, RATIS=44419, RATIS_ADMIN=44419, RATIS_SERVER=44419, STANDALONE=41537], networkLocation: /default-rack, certSerialId: null, persistedOpState: null, persistedOpStateExpiryEpochSec: 0}
2022-08-09 13:49:17,175 [EventQueue-NewNodeForNewNodeHandler] INFO  pipeline.BackgroundPipelineCreator (BackgroundPipelineCreator.java:notifyEventTriggered(276)) - trigger a one-shot run on RatisPipelineUtilsThread.
2022-08-09 13:49:17,180 [EventQueue-NodeRegistrationContainerReportForDataNodeSafeModeRule] INFO  safemode.SCMSafeModeManager (DataNodeSafeModeRule.java:process(71)) - SCM in safe mode. 3 DataNodes registered, 3 required.
2022-08-09 13:49:17,180 [EventQueue-NodeRegistrationContainerReportForDataNodeSafeModeRule] INFO  safemode.SCMSafeModeManager (SCMSafeModeManager.java:validateSafeModeExitRules(204)) - DataNodeSafeModeRule rule is successfully validated
2022-08-09 13:49:17,180 [EventQueue-NodeRegistrationContainerReportForDataNodeSafeModeRule] INFO  safemode.SCMSafeModeManager (SCMSafeModeManager.java:completePreCheck(233)) - All SCM safe mode pre check rules have passed
2022-08-09 13:49:17,180 [EventQueue-NodeRegistrationContainerReportForDataNodeSafeModeRule] WARN  events.EventQueue (EventQueue.java:fireEvent(216)) - No event handler registered for event TypedEvent{payloadType=SafeModeStatus, name='Safe mode status'}
2022-08-09 13:49:17,180 [EventQueue-NodeRegistrationContainerReportForDataNodeSafeModeRule] INFO  ha.SCMContext (SCMContext.java:updateSafeModeStatus(228)) - Update SafeModeStatus from SafeModeStatus{safeModeStatus=true, preCheckPassed=false} to SafeModeStatus{safeModeStatus=true, preCheckPassed=true}.
2022-08-09 13:49:17,180 [EventQueue-NodeRegistrationContainerReportForDataNodeSafeModeRule] INFO  pipeline.BackgroundPipelineCreator (BackgroundPipelineCreator.java:notifyEventTriggered(276)) - trigger a one-shot run on RatisPipelineUtilsThread.
2022-08-09 13:49:17,180 [RatisPipelineUtilsThread - 0] INFO  pipeline.RatisPipelineProvider (RatisPipelineProvider.java:lambda$create$0(195)) - Sending CreatePipelineCommand for pipeline:PipelineID=31dcd507-507b-4a4b-b752-77cf3284b42d to datanode:a9bcd0ff-35fc-4d0a-8e3c-7398e9e8d683
2022-08-09 13:49:17,180 [RatisPipelineUtilsThread - 0] INFO  pipeline.PipelineStateManagerImpl (PipelineStateManagerImpl.java:addPipeline(103)) - Created pipeline Pipeline[ Id: 31dcd507-507b-4a4b-b752-77cf3284b42d, Nodes: a9bcd0ff-35fc-4d0a-8e3c-7398e9e8d683{ip: 10.1.0.19, host: fv-az450-466.jnfmftgkylze5hd05chtbp1i0a.dx.internal.cloudapp.net, ports: [REPLICATION=36215, RATIS=44419, RATIS_ADMIN=44419, RATIS_SERVER=44419, STANDALONE=41537], networkLocation: /default-rack, certSerialId: null, persistedOpState: IN_SERVICE, persistedOpStateExpiryEpochSec: 0}, ReplicationConfig: RATIS/ONE, State:ALLOCATED, leaderId:, CreationTimestamp2022-08-09T13:49:17.180Z[Etc/UTC]].
2022-08-09 13:49:17,181 [RatisPipelineUtilsThread - 0] INFO  pipeline.RatisPipelineProvider (RatisPipelineProvider.java:lambda$create$0(195)) - Sending CreatePipelineCommand for pipeline:PipelineID=b16920d0-d1e5-4342-91ab-4b6871dadf82 to datanode:a642edec-ac5e-4d27-8806-3ece717121b6
2022-08-09 13:49:17,181 [RatisPipelineUtilsThread - 0] INFO  pipeline.RatisPipelineProvider (RatisPipelineProvider.java:lambda$create$0(195)) - Sending CreatePipelineCommand for pipeline:PipelineID=b16920d0-d1e5-4342-91ab-4b6871dadf82 to datanode:a9bcd0ff-35fc-4d0a-8e3c-7398e9e8d683
2022-08-09 13:49:17,181 [RatisPipelineUtilsThread - 0] INFO  pipeline.RatisPipelineProvider (RatisPipelineProvider.java:lambda$create$0(195)) - Sending CreatePipelineCommand for pipeline:PipelineID=b16920d0-d1e5-4342-91ab-4b6871dadf82 to datanode:facac9a0-ce51-4f90-b128-080475d31873
2022-08-09 13:49:17,182 [RatisPipelineUtilsThread - 0] INFO  pipeline.PipelineStateManagerImpl (PipelineStateManagerImpl.java:addPipeline(103)) - Created pipeline Pipeline[ Id: b16920d0-d1e5-4342-91ab-4b6871dadf82, Nodes: a642edec-ac5e-4d27-8806-3ece717121b6{ip: 10.1.0.19, host: fv-az450-466.jnfmftgkylze5hd05chtbp1i0a.dx.internal.cloudapp.net, ports: [REPLICATION=34617, RATIS=36299, RATIS_ADMIN=36299, RATIS_SERVER=36299, STANDALONE=35003], networkLocation: /default-rack, certSerialId: null, persistedOpState: IN_SERVICE, persistedOpStateExpiryEpochSec: 0}a9bcd0ff-35fc-4d0a-8e3c-7398e9e8d683{ip: 10.1.0.19, host: fv-az450-466.jnfmftgkylze5hd05chtbp1i0a.dx.internal.cloudapp.net, ports: [REPLICATION=36215, RATIS=44419, RATIS_ADMIN=44419, RATIS_SERVER=44419, STANDALONE=41537], networkLocation: /default-rack, certSerialId: null, persistedOpState: IN_SERVICE, persistedOpStateExpiryEpochSec: 0}facac9a0-ce51-4f90-b128-080475d31873{ip: 10.1.0.19, host: fv-az450-466.jnfmftgkylze5hd05chtbp1i0a.dx.internal.cloudapp.net, ports: [REPLICATION=34845, RATIS=44939, RATIS_ADMIN=44939, RATIS_SERVER=44939, STANDALONE=32789], networkLocation: /default-rack, certSerialId: null, persistedOpState: IN_SERVICE, persistedOpStateExpiryEpochSec: 0}, ReplicationConfig: RATIS/THREE, State:ALLOCATED, leaderId:, CreationTimestamp2022-08-09T13:49:17.181Z[Etc/UTC]].
2022-08-09 13:49:17,182 [RatisPipelineUtilsThread - 0] INFO  pipeline.RatisPipelineProvider (RatisPipelineProvider.java:lambda$create$0(195)) - Sending CreatePipelineCommand for pipeline:PipelineID=ebea5230-8bf4-41e2-921d-2a5d6d219da0 to datanode:a9bcd0ff-35fc-4d0a-8e3c-7398e9e8d683
2022-08-09 13:49:17,182 [RatisPipelineUtilsThread - 0] INFO  pipeline.RatisPipelineProvider (RatisPipelineProvider.java:lambda$create$0(195)) - Sending CreatePipelineCommand for pipeline:PipelineID=ebea5230-8bf4-41e2-921d-2a5d6d219da0 to datanode:facac9a0-ce51-4f90-b128-080475d31873
2022-08-09 13:49:17,182 [RatisPipelineUtilsThread - 0] INFO  pipeline.RatisPipelineProvider (RatisPipelineProvider.java:lambda$create$0(195)) - Sending CreatePipelineCommand for pipeline:PipelineID=ebea5230-8bf4-41e2-921d-2a5d6d219da0 to datanode:a642edec-ac5e-4d27-8806-3ece717121b6
2022-08-09 13:49:17,182 [RatisPipelineUtilsThread - 0] INFO  pipeline.PipelineStateManagerImpl (PipelineStateManagerImpl.java:addPipeline(103)) - Created pipeline Pipeline[ Id: ebea5230-8bf4-41e2-921d-2a5d6d219da0, Nodes: a9bcd0ff-35fc-4d0a-8e3c-7398e9e8d683{ip: 10.1.0.19, host: fv-az450-466.jnfmftgkylze5hd05chtbp1i0a.dx.internal.cloudapp.net, ports: [REPLICATION=36215, RATIS=44419, RATIS_ADMIN=44419, RATIS_SERVER=44419, STANDALONE=41537], networkLocation: /default-rack, certSerialId: null, persistedOpState: IN_SERVICE, persistedOpStateExpiryEpochSec: 0}facac9a0-ce51-4f90-b128-080475d31873{ip: 10.1.0.19, host: fv-az450-466.jnfmftgkylze5hd05chtbp1i0a.dx.internal.cloudapp.net, ports: [REPLICATION=34845, RATIS=44939, RATIS_ADMIN=44939, RATIS_SERVER=44939, STANDALONE=32789], networkLocation: /default-rack, certSerialId: null, persistedOpState: IN_SERVICE, persistedOpStateExpiryEpochSec: 0}a642edec-ac5e-4d27-8806-3ece717121b6{ip: 10.1.0.19, host: fv-az450-466.jnfmftgkylze5hd05chtbp1i0a.dx.internal.cloudapp.net, ports: [REPLICATION=34617, RATIS=36299, RATIS_ADMIN=36299, RATIS_SERVER=36299, STANDALONE=35003], networkLocation: /default-rack, certSerialId: null, persistedOpState: IN_SERVICE, persistedOpStateExpiryEpochSec: 0}, ReplicationConfig: RATIS/THREE, State:ALLOCATED, leaderId:, CreationTimestamp2022-08-09T13:49:17.182Z[Etc/UTC]].
2022-08-09 13:49:17,183 [RatisPipelineUtilsThread - 0] INFO  pipeline.PipelineManagerImpl (PipelineManagerImpl.java:recordMetricsForPipeline(796)) - Pipeline: PipelineID=ebea5230-8bf4-41e2-921d-2a5d6d219da0 contains same datanodes as previous pipelines: PipelineID=b16920d0-d1e5-4342-91ab-4b6871dadf82 nodeIds: a9bcd0ff-35fc-4d0a-8e3c-7398e9e8d683, facac9a0-ce51-4f90-b128-080475d31873, a642edec-ac5e-4d27-8806-3ece717121b6
2022-08-09 13:49:17,350 [EndpointStateMachine task thread for /0.0.0.0:38939 - 0 ] INFO  volume.HddsVolume (HddsVolume.java:createDbStore(309)) - SchemaV3 db is created and loaded at /home/runner/work/ozone/ozone/hadoop-ozone/integration-test/target/test-dir/MiniOzoneClusterImpl-1803e0c7-8320-4379-92ef-724c5694b47b/datanode-4/data-0/containers/hdds/1803e0c7-8320-4379-92ef-724c5694b47b/DS-a1749f82-4988-4e52-a578-93faaa180c98/container.db for volume DS-a1749f82-4988-4e52-a578-93faaa180c98
2022-08-09 13:49:17,357 [EndpointStateMachine task thread for /0.0.0.0:38939 - 0 ] INFO  volume.HddsVolume (HddsVolume.java:closeDbStore(340)) - SchemaV3 db is stopped at /home/runner/work/ozone/ozone/hadoop-ozone/integration-test/target/test-dir/MiniOzoneClusterImpl-1803e0c7-8320-4379-92ef-724c5694b47b/datanode-4/data-0/containers/hdds/1803e0c7-8320-4379-92ef-724c5694b47b/DS-a1749f82-4988-4e52-a578-93faaa180c98/container.db for volume DS-a1749f82-4988-4e52-a578-93faaa180c98
2022-08-09 13:49:17,358 [EndpointStateMachine task thread for /0.0.0.0:38939 - 0 ] INFO  ozoneimpl.OzoneContainer (OzoneContainer.java:start(377)) - Attempting to start container services.
2022-08-09 13:49:17,358 [EndpointStateMachine task thread for /0.0.0.0:38939 - 0 ] INFO  ozoneimpl.OzoneContainer (OzoneContainer.java:startContainerScrub(312)) - Background container scanner has been disabled.
2022-08-09 13:49:17,381 [EndpointStateMachine task thread for /0.0.0.0:38939 - 0 ] INFO  replication.ReplicationServer (ReplicationServer.java:start(111)) - ReplicationServer is started using port 39271
2022-08-09 13:49:17,382 [EndpointStateMachine task thread for /0.0.0.0:38939 - 0 ] INFO  ratis.XceiverServerRatis (XceiverServerRatis.java:start(481)) - Starting XceiverServerRatis 772eb59f-65bd-4f3e-8be4-0b3810e8c7eb
2022-08-09 13:49:17,382 [EndpointStateMachine task thread for /0.0.0.0:38939 - 0 ] INFO  server.RaftServer (RaftServerProxy.java:lambda$start$6(382)) - 772eb59f-65bd-4f3e-8be4-0b3810e8c7eb: start RPC server
2022-08-09 13:49:17,394 [EndpointStateMachine task thread for /0.0.0.0:38939 - 0 ] INFO  server.GrpcService (GrpcService.java:startImpl(260)) - 772eb59f-65bd-4f3e-8be4-0b3810e8c7eb: GrpcService started, listening on 44191
2022-08-09 13:49:17,401 [EndpointStateMachine task thread for /0.0.0.0:38939 - 0 ] INFO  ratis.XceiverServerRatis (XceiverServerRatis.java:getRealPort(502)) - XceiverServerRatis 772eb59f-65bd-4f3e-8be4-0b3810e8c7eb is started using port 44191 for RATIS
2022-08-09 13:49:17,401 [EndpointStateMachine task thread for /0.0.0.0:38939 - 0 ] INFO  ratis.XceiverServerRatis (XceiverServerRatis.java:getRealPort(502)) - XceiverServerRatis 772eb59f-65bd-4f3e-8be4-0b3810e8c7eb is started using port 44191 for RATIS_ADMIN
2022-08-09 13:49:17,401 [EndpointStateMachine task thread for /0.0.0.0:38939 - 0 ] INFO  ratis.XceiverServerRatis (XceiverServerRatis.java:getRealPort(502)) - XceiverServerRatis 772eb59f-65bd-4f3e-8be4-0b3810e8c7eb is started using port 44191 for RATIS_SERVER
2022-08-09 13:49:17,401 [org.apache.ratis.util.JvmPauseMonitor$$Lambda$615/629946574@39c290e6] INFO  util.JvmPauseMonitor (JvmPauseMonitor.java:run(103)) - JvmPauseMonitor-772eb59f-65bd-4f3e-8be4-0b3810e8c7eb: Started
2022-08-09 13:49:17,455 [EndpointStateMachine task thread for /0.0.0.0:38939 - 0 ] INFO  server.XceiverServerGrpc (XceiverServerGrpc.java:start(180)) - XceiverServerGrpc 772eb59f-65bd-4f3e-8be4-0b3810e8c7eb is started using port 42757
2022-08-09 13:49:18,166 [Listener at 127.0.0.1/42643] INFO  ozone.MiniOzoneClusterImpl (MiniOzoneClusterImpl.java:lambda$waitForClusterToBeReady$0(216)) - Waiting for nodes to be ready. Got 3 of 5 DN Heartbeats.
2022-08-09 13:49:18,166 [Listener at 127.0.0.1/42643] INFO  ozone.MiniOzoneClusterImpl (MiniOzoneClusterImpl.java:lambda$waitForClusterToBeReady$0(219)) - Waiting for cluster to exit safe mode
2022-08-09 13:49:18,166 [Listener at 127.0.0.1/42643] INFO  ozone.MiniOzoneClusterImpl (MiniOzoneClusterImpl.java:lambda$waitForClusterToBeReady$0(221)) - SCM became leader
2022-08-09 13:49:18,267 [IPC Server handler 18 on default port 38939] INFO  net.NetworkTopologyImpl (NetworkTopologyImpl.java:add(112)) - Added a new node: /default-rack/38e181f0-6c08-490a-960d-0a972fca2357
2022-08-09 13:49:18,267 [IPC Server handler 18 on default port 38939] INFO  node.SCMNodeManager (SCMNodeManager.java:register(397)) - Registered Data node : 38e181f0-6c08-490a-960d-0a972fca2357{ip: 10.1.0.19, host: fv-az450-466.jnfmftgkylze5hd05chtbp1i0a.dx.internal.cloudapp.net, ports: [REPLICATION=40051, RATIS=45429, RATIS_ADMIN=45429, RATIS_SERVER=45429, STANDALONE=42261], networkLocation: /default-rack, certSerialId: null, persistedOpState: null, persistedOpStateExpiryEpochSec: 0}
2022-08-09 13:49:18,267 [EventQueue-NewNodeForNewNodeHandler] INFO  pipeline.BackgroundPipelineCreator (BackgroundPipelineCreator.java:notifyEventTriggered(276)) - trigger a one-shot run on RatisPipelineUtilsThread.
2022-08-09 13:49:18,268 [RatisPipelineUtilsThread - 0] INFO  pipeline.RatisPipelineProvider (RatisPipelineProvider.java:lambda$create$0(195)) - Sending CreatePipelineCommand for pipeline:PipelineID=e23da19d-f639-484f-abc0-99af818a252a to datanode:38e181f0-6c08-490a-960d-0a972fca2357
2022-08-09 13:49:18,268 [RatisPipelineUtilsThread - 0] INFO  pipeline.PipelineStateManagerImpl (PipelineStateManagerImpl.java:addPipeline(103)) - Created pipeline Pipeline[ Id: e23da19d-f639-484f-abc0-99af818a252a, Nodes: 38e181f0-6c08-490a-960d-0a972fca2357{ip: 10.1.0.19, host: fv-az450-466.jnfmftgkylze5hd05chtbp1i0a.dx.internal.cloudapp.net, ports: [REPLICATION=40051, RATIS=45429, RATIS_ADMIN=45429, RATIS_SERVER=45429, STANDALONE=42261], networkLocation: /default-rack, certSerialId: null, persistedOpState: IN_SERVICE, persistedOpStateExpiryEpochSec: 0}, ReplicationConfig: RATIS/ONE, State:ALLOCATED, leaderId:, CreationTimestamp2022-08-09T13:49:18.268Z[Etc/UTC]].
2022-08-09 13:49:18,531 [Command processor thread] INFO  server.RaftServer (RaftServerProxy.java:addNew(96)) - facac9a0-ce51-4f90-b128-080475d31873: addNew group-D6210EB707F0:[facac9a0-ce51-4f90-b128-080475d31873|rpc:10.1.0.19:44939|priority:1] returns group-D6210EB707F0:java.util.concurrent.CompletableFuture@3b707db8[Not completed]
2022-08-09 13:49:18,537 [pool-589-thread-1] INFO  server.RaftServer$Division (RaftServerImpl.java:<init>(190)) - facac9a0-ce51-4f90-b128-080475d31873: new RaftServerImpl for group-D6210EB707F0:[facac9a0-ce51-4f90-b128-080475d31873|rpc:10.1.0.19:44939|priority:1] with ContainerStateMachine:uninitialized
2022-08-09 13:49:18,553 [pool-589-thread-1] INFO  server.RaftServerConfigKeys (ConfUtils.java:logGet(46)) - raft.server.rpc.timeout.min = 5s (custom)
2022-08-09 13:49:18,553 [pool-589-thread-1] INFO  server.RaftServerConfigKeys (ConfUtils.java:logGet(46)) - raft.server.rpc.timeout.max = 5200ms (custom)
2022-08-09 13:49:18,553 [pool-589-thread-1] INFO  server.RaftServerConfigKeys (ConfUtils.java:logGet(46)) - raft.server.rpc.sleep.time = 25ms (default)
2022-08-09 13:49:18,553 [pool-589-thread-1] INFO  server.RaftServerConfigKeys (ConfUtils.java:logGet(46)) - raft.server.rpc.slowness.timeout = 300s (custom)
2022-08-09 13:49:18,553 [pool-589-thread-1] INFO  server.RaftServerConfigKeys (ConfUtils.java:logGet(46)) - raft.server.leaderelection.leader.step-down.wait-time = 10s (default)
2022-08-09 13:49:18,553 [pool-589-thread-1] INFO  server.RaftServerConfigKeys (ConfUtils.java:logGet(46)) - raft.server.sleep.deviation.threshold = 300ms (default)
2022-08-09 13:49:18,553 [pool-589-thread-1] INFO  server.RaftServer$Division (ServerState.java:<init>(107)) - facac9a0-ce51-4f90-b128-080475d31873@group-D6210EB707F0: ConfigurationManager, init=-1: [facac9a0-ce51-4f90-b128-080475d31873|rpc:10.1.0.19:44939|priority:1], old=null, confs=<EMPTY_MAP>
2022-08-09 13:49:18,553 [pool-589-thread-1] INFO  server.RaftServerConfigKeys (ConfUtils.java:logGet(46)) - raft.server.storage.dir = [/home/runner/work/ozone/ozone/hadoop-ozone/integration-test/target/test-dir/MiniOzoneClusterImpl-1803e0c7-8320-4379-92ef-724c5694b47b/datanode-0/data/ratis] (custom)
2022-08-09 13:49:18,553 [pool-589-thread-1] INFO  server.RaftServerConfigKeys (ConfUtils.java:logGet(46)) - raft.server.log.corruption.policy = EXCEPTION (default)
2022-08-09 13:49:18,553 [pool-589-thread-1] INFO  server.RaftServerConfigKeys (ConfUtils.java:logGet(46)) - raft.server.storage.free-space.min = 0MB (=0) (default)
2022-08-09 13:49:18,554 [pool-589-thread-1] INFO  storage.RaftStorageDirectory (RaftStorageDirectoryImpl.java:analyzeStorage(135)) - The storage directory /home/runner/work/ozone/ozone/hadoop-ozone/integration-test/target/test-dir/MiniOzoneClusterImpl-1803e0c7-8320-4379-92ef-724c5694b47b/datanode-0/data/ratis/7bf3231f-a9d8-461b-b0a5-d6210eb707f0 does not exist. Creating ...
2022-08-09 13:49:18,555 [pool-589-thread-1] INFO  storage.RaftStorageDirectory (RaftStorageDirectoryImpl.java:tryLock(230)) - Lock on /home/runner/work/ozone/ozone/hadoop-ozone/integration-test/target/test-dir/MiniOzoneClusterImpl-1803e0c7-8320-4379-92ef-724c5694b47b/datanode-0/data/ratis/7bf3231f-a9d8-461b-b0a5-d6210eb707f0/in_use.lock acquired by nodename 10574@fv-az450-466
2022-08-09 13:49:18,556 [pool-589-thread-1] INFO  storage.RaftStorage (RaftStorageImpl.java:format(89)) - Storage directory /home/runner/work/ozone/ozone/hadoop-ozone/integration-test/target/test-dir/MiniOzoneClusterImpl-1803e0c7-8320-4379-92ef-724c5694b47b/datanode-0/data/ratis/7bf3231f-a9d8-461b-b0a5-d6210eb707f0 has been successfully formatted.
2022-08-09 13:49:18,573 [pool-589-thread-1] INFO  ratis.ContainerStateMachine (ContainerStateMachine.java:loadSnapshot(236)) - group-D6210EB707F0: The snapshot info is null. Setting the last applied indexto:(t:0, i:~)
2022-08-09 13:49:18,573 [pool-589-thread-1] INFO  server.RaftServerConfigKeys (ConfUtils.java:logGet(46)) - raft.server.notification.no-leader.timeout = 300s (custom)
2022-08-09 13:49:18,573 [pool-589-thread-1] INFO  server.RaftServerConfigKeys (ConfUtils.java:logGet(46)) - raft.server.log.use.memory = false (default)
2022-08-09 13:49:18,573 [pool-589-thread-1] INFO  server.RaftServerConfigKeys (ConfUtils.java:logGet(46)) - raft.server.log.purge.gap = 1000000 (custom)
2022-08-09 13:49:18,573 [pool-589-thread-1] INFO  server.RaftServerConfigKeys (ConfUtils.java:logGet(46)) - raft.server.log.appender.buffer.byte-limit = 33554432 (custom)
2022-08-09 13:49:18,573 [pool-589-thread-1] INFO  server.RaftServerConfigKeys (ConfUtils.java:logGet(46)) - raft.server.log.statemachine.data.read.timeout = 1000ms (default)
2022-08-09 13:49:18,574 [pool-589-thread-1] INFO  server.RaftServerConfigKeys (ConfUtils.java:logGet(46)) - raft.server.log.segment.size.max = 1048576 (custom)
2022-08-09 13:49:18,574 [pool-589-thread-1] INFO  server.RaftServerConfigKeys (ConfUtils.java:logGet(46)) - raft.server.log.segment.cache.num.max = 2 (custom)
2022-08-09 13:49:18,574 [pool-589-thread-1] INFO  server.RaftServerConfigKeys (ConfUtils.java:logGet(46)) - raft.server.log.segment.cache.size.max = 200MB (=209715200) (default)
2022-08-09 13:49:18,574 [pool-589-thread-1] INFO  segmented.SegmentedRaftLogWorker (SegmentedRaftLogWorker.java:<init>(187)) - new facac9a0-ce51-4f90-b128-080475d31873@group-D6210EB707F0-SegmentedRaftLogWorker for RaftStorageImpl:Storage Directory /home/runner/work/ozone/ozone/hadoop-ozone/integration-test/target/test-dir/MiniOzoneClusterImpl-1803e0c7-8320-4379-92ef-724c5694b47b/datanode-0/data/ratis/7bf3231f-a9d8-461b-b0a5-d6210eb707f0
2022-08-09 13:49:18,574 [pool-589-thread-1] INFO  server.RaftServerConfigKeys (ConfUtils.java:logGet(46)) - raft.server.log.queue.byte-limit = 4294967296 (custom)
2022-08-09 13:49:18,574 [pool-589-thread-1] INFO  server.RaftServerConfigKeys (ConfUtils.java:logGet(46)) - raft.server.log.queue.element-limit = 1024 (custom)
2022-08-09 13:49:18,574 [pool-589-thread-1] INFO  server.RaftServerConfigKeys (ConfUtils.java:logGet(46)) - raft.server.log.segment.size.max = 1048576 (custom)
2022-08-09 13:49:18,574 [pool-589-thread-1] INFO  server.RaftServerConfigKeys (ConfUtils.java:logGet(46)) - raft.server.log.preallocated.size = 16384 (custom)
2022-08-09 13:49:18,574 [pool-589-thread-1] INFO  server.RaftServerConfigKeys (ConfUtils.java:logGet(46)) - raft.server.log.force.sync.num = 128 (default)
2022-08-09 13:49:18,574 [pool-589-thread-1] INFO  server.RaftServerConfigKeys (ConfUtils.java:logGet(46)) - raft.server.log.statemachine.data.sync = true (default)
2022-08-09 13:49:18,574 [pool-589-thread-1] INFO  server.RaftServerConfigKeys (ConfUtils.java:logGet(46)) - raft.server.log.statemachine.data.sync.timeout = 10s (default)
2022-08-09 13:49:18,574 [pool-589-thread-1] INFO  server.RaftServerConfigKeys (ConfUtils.java:logGet(46)) - raft.server.log.statemachine.data.sync.timeout.retry = -1 (default)
2022-08-09 13:49:18,575 [pool-589-thread-1] INFO  server.RaftServerConfigKeys (ConfUtils.java:logGet(46)) - raft.server.log.write.buffer.size = 1048576 (custom)
2022-08-09 13:49:18,576 [pool-589-thread-1] INFO  server.RaftServerConfigKeys (ConfUtils.java:logGet(46)) - raft.server.log.unsafe-flush.enabled = false (default)
2022-08-09 13:49:18,576 [pool-589-thread-1] INFO  server.RaftServerConfigKeys (ConfUtils.java:logGet(46)) - raft.server.log.statemachine.data.caching.enabled = true (custom)
2022-08-09 13:49:18,576 [pool-589-thread-1] INFO  segmented.SegmentedRaftLogWorker (SegmentedRaftLogWorker.java:lambda$new$0(135)) - facac9a0-ce51-4f90-b128-080475d31873@group-D6210EB707F0-SegmentedRaftLogWorker: flushIndex: setUnconditionally 0 -> -1
2022-08-09 13:49:18,576 [pool-589-thread-1] INFO  segmented.SegmentedRaftLogWorker (SegmentedRaftLogWorker.java:lambda$new$0(135)) - facac9a0-ce51-4f90-b128-080475d31873@group-D6210EB707F0-SegmentedRaftLogWorker: safeCacheEvictIndex: setUnconditionally 0 -> -1
2022-08-09 13:49:18,597 [pool-589-thread-1] INFO  server.RaftServerConfigKeys (ConfUtils.java:logGet(46)) - raft.server.snapshot.auto.trigger.enabled = true (custom)
2022-08-09 13:49:18,597 [pool-589-thread-1] INFO  server.RaftServerConfigKeys (ConfUtils.java:logGet(46)) - raft.server.snapshot.auto.trigger.threshold = 10000 (custom)
2022-08-09 13:49:18,623 [EventQueue-PipelineReportForPipelineReportHandler] INFO  pipeline.PipelineManagerImpl (PipelineManagerImpl.java:openPipeline(367)) - Pipeline Pipeline[ Id: 7bf3231f-a9d8-461b-b0a5-d6210eb707f0, Nodes: facac9a0-ce51-4f90-b128-080475d31873{ip: 10.1.0.19, host: fv-az450-466.jnfmftgkylze5hd05chtbp1i0a.dx.internal.cloudapp.net, ports: [REPLICATION=34845, RATIS=44939, RATIS_ADMIN=44939, RATIS_SERVER=44939, STANDALONE=32789], networkLocation: /default-rack, certSerialId: null, persistedOpState: IN_SERVICE, persistedOpStateExpiryEpochSec: 0}, ReplicationConfig: RATIS/ONE, State:ALLOCATED, leaderId:facac9a0-ce51-4f90-b128-080475d31873, CreationTimestamp2022-08-09T13:49:15.557Z[Etc/UTC]] moved to OPEN state
2022-08-09 13:49:18,623 [pool-589-thread-1] INFO  server.RaftServerConfigKeys (ConfUtils.java:logGet(46)) - raft.server.snapshot.retention.file.num = 5 (custom)
2022-08-09 13:49:18,624 [pool-589-thread-1] INFO  server.RaftServerConfigKeys (ConfUtils.java:logGet(46)) - raft.server.log.purge.upto.snapshot.index = false (default)
2022-08-09 13:49:18,624 [pool-589-thread-1] INFO  server.RaftServerConfigKeys (ConfUtils.java:logGet(46)) - raft.server.retrycache.expirytime = 600000ms (custom)
2022-08-09 13:49:18,624 [pool-589-thread-1] INFO  server.RaftServerConfigKeys (ConfUtils.java:logGet(46)) - raft.server.retrycache.statistics.expirytime = 100μs (default)
2022-08-09 13:49:18,624 [Finalizer] WARN  managed.ManagedRocksObjectUtils (ManagedRocksObjectUtils.java:assertClosed(39)) - ManagedDBOptions is not closed properly
2022-08-09 13:49:18,624 [Finalizer] WARN  managed.ManagedRocksObjectUtils (ManagedRocksObjectUtils.java:assertClosed(39)) - ManagedColumnFamilyOptions is not closed properly
2022-08-09 13:49:18,624 [Finalizer] WARN  managed.ManagedRocksObjectUtils (ManagedRocksObjectUtils.java:assertClosed(39)) - ManagedLRUCache is not closed properly
2022-08-09 13:49:18,624 [Finalizer] WARN  managed.ManagedRocksObjectUtils (ManagedRocksObjectUtils.java:assertClosed(39)) - ManagedBloomFilter is not closed properly
2022-08-09 13:49:18,624 [Finalizer] WARN  managed.ManagedRocksObjectUtils (ManagedRocksObjectUtils.java:assertClosed(39)) - ManagedDBOptions is not closed properly
2022-08-09 13:49:18,624 [Finalizer] WARN  managed.ManagedRocksObjectUtils (ManagedRocksObjectUtils.java:assertClosed(39)) - ManagedColumnFamilyOptions is not closed properly
2022-08-09 13:49:18,624 [Finalizer] WARN  managed.ManagedRocksObjectUtils (ManagedRocksObjectUtils.java:assertClosed(39)) - ManagedLRUCache is not closed properly
2022-08-09 13:49:18,624 [Finalizer] WARN  managed.ManagedRocksObjectUtils (ManagedRocksObjectUtils.java:assertClosed(39)) - ManagedBloomFilter is not closed properly
2022-08-09 13:49:18,627 [pool-589-thread-1] INFO  server.RaftServerConfigKeys (ConfUtils.java:logGet(46)) - raft.server.log.appender.install.snapshot.enabled = false (custom)
2022-08-09 13:49:18,627 [pool-589-thread-1] INFO  server.RaftServerConfigKeys (ConfUtils.java:logGet(46)) - raft.server.threadpool.server.cached = true (default)
2022-08-09 13:49:18,627 [pool-589-thread-1] INFO  server.RaftServerConfigKeys (ConfUtils.java:logGet(46)) - raft.server.threadpool.server.size = 0 (default)
2022-08-09 13:49:18,627 [pool-589-thread-1] INFO  server.RaftServerConfigKeys (ConfUtils.java:logGet(46)) - raft.server.threadpool.client.cached = true (default)
2022-08-09 13:49:18,627 [pool-589-thread-1] INFO  server.RaftServerConfigKeys (ConfUtils.java:logGet(46)) - raft.server.threadpool.client.size = 0 (default)
2022-08-09 13:49:18,627 [pool-589-thread-1] INFO  server.RaftServer$Division (RaftServerImpl.java:start(310)) - facac9a0-ce51-4f90-b128-080475d31873@group-D6210EB707F0: start as a follower, conf=-1: [facac9a0-ce51-4f90-b128-080475d31873|rpc:10.1.0.19:44939|priority:1], old=null
2022-08-09 13:49:18,627 [pool-589-thread-1] INFO  server.RaftServer$Division (RaftServerImpl.java:setRole(299)) - facac9a0-ce51-4f90-b128-080475d31873@group-D6210EB707F0: changes role from      null to FOLLOWER at term 0 for startAsFollower
2022-08-09 13:49:18,627 [pool-589-thread-1] INFO  impl.RoleInfo (RoleInfo.java:updateAndGet(139)) - facac9a0-ce51-4f90-b128-080475d31873: start facac9a0-ce51-4f90-b128-080475d31873@group-D6210EB707F0-FollowerState
2022-08-09 13:49:18,641 [pool-589-thread-1] INFO  util.JmxRegister (JmxRegister.java:tryRegister(44)) - Successfully registered JMX Bean with object name Ratis:service=RaftServer,group=group-D6210EB707F0,id=facac9a0-ce51-4f90-b128-080475d31873
2022-08-09 13:49:18,657 [Command processor thread] INFO  ratis.XceiverServerRatis (XceiverServerRatis.java:addGroup(765)) - Created group PipelineID=7bf3231f-a9d8-461b-b0a5-d6210eb707f0
2022-08-09 13:49:18,657 [Command processor thread] INFO  commandhandler.CreatePipelineCommandHandler (CreatePipelineCommandHandler.java:handle(113)) - Created Pipeline RATIS ONE PipelineID=7bf3231f-a9d8-461b-b0a5-d6210eb707f0.
2022-08-09 13:49:18,657 [Command processor thread] INFO  server.RaftServer (RaftServerProxy.java:addNew(96)) - facac9a0-ce51-4f90-b128-080475d31873: addNew group-4B6871DADF82:[facac9a0-ce51-4f90-b128-080475d31873|rpc:10.1.0.19:44939|priority:1, a642edec-ac5e-4d27-8806-3ece717121b6|rpc:10.1.0.19:36299|priority:0, a9bcd0ff-35fc-4d0a-8e3c-7398e9e8d683|rpc:10.1.0.19:44419|priority:0] returns group-4B6871DADF82:java.util.concurrent.CompletableFuture@3f4fee0e[Not completed]
2022-08-09 13:49:18,658 [pool-589-thread-1] INFO  server.RaftServer$Division (RaftServerImpl.java:<init>(190)) - facac9a0-ce51-4f90-b128-080475d31873: new RaftServerImpl for group-4B6871DADF82:[facac9a0-ce51-4f90-b128-080475d31873|rpc:10.1.0.19:44939|priority:1, a642edec-ac5e-4d27-8806-3ece717121b6|rpc:10.1.0.19:36299|priority:0, a9bcd0ff-35fc-4d0a-8e3c-7398e9e8d683|rpc:10.1.0.19:44419|priority:0] with ContainerStateMachine:uninitialized
2022-08-09 13:49:18,658 [pool-589-thread-1] INFO  server.RaftServerConfigKeys (ConfUtils.java:logGet(46)) - raft.server.rpc.timeout.min = 5s (custom)
2022-08-09 13:49:18,658 [pool-589-thread-1] INFO  server.RaftServerConfigKeys (ConfUtils.java:logGet(46)) - raft.server.rpc.timeout.max = 5200ms (custom)
2022-08-09 13:49:18,658 [pool-589-thread-1] INFO  server.RaftServerConfigKeys (ConfUtils.java:logGet(46)) - raft.server.rpc.sleep.time = 25ms (default)
2022-08-09 13:49:18,658 [pool-589-thread-1] INFO  server.RaftServerConfigKeys (ConfUtils.java:logGet(46)) - raft.server.rpc.slowness.timeout = 300s (custom)
2022-08-09 13:49:18,658 [pool-589-thread-1] INFO  server.RaftServerConfigKeys (ConfUtils.java:logGet(46)) - raft.server.leaderelection.leader.step-down.wait-time = 10s (default)
2022-08-09 13:49:18,658 [pool-589-thread-1] INFO  server.RaftServerConfigKeys (ConfUtils.java:logGet(46)) - raft.server.sleep.deviation.threshold = 300ms (default)
2022-08-09 13:49:18,658 [pool-589-thread-1] INFO  server.RaftServer$Division (ServerState.java:<init>(107)) - facac9a0-ce51-4f90-b128-080475d31873@group-4B6871DADF82: ConfigurationManager, init=-1: [facac9a0-ce51-4f90-b128-080475d31873|rpc:10.1.0.19:44939|priority:1, a642edec-ac5e-4d27-8806-3ece717121b6|rpc:10.1.0.19:36299|priority:0, a9bcd0ff-35fc-4d0a-8e3c-7398e9e8d683|rpc:10.1.0.19:44419|priority:0], old=null, confs=<EMPTY_MAP>
2022-08-09 13:49:18,658 [pool-589-thread-1] INFO  server.RaftServerConfigKeys (ConfUtils.java:logGet(46)) - raft.server.storage.dir = [/home/runner/work/ozone/ozone/hadoop-ozone/integration-test/target/test-dir/MiniOzoneClusterImpl-1803e0c7-8320-4379-92ef-724c5694b47b/datanode-0/data/ratis] (custom)
2022-08-09 13:49:18,659 [pool-589-thread-1] INFO  server.RaftServerConfigKeys (ConfUtils.java:logGet(46)) - raft.server.log.corruption.policy = EXCEPTION (default)
2022-08-09 13:49:18,659 [pool-589-thread-1] INFO  server.RaftServerConfigKeys (ConfUtils.java:logGet(46)) - raft.server.storage.free-space.min = 0MB (=0) (default)
2022-08-09 13:49:18,659 [pool-589-thread-1] INFO  storage.RaftStorageDirectory (RaftStorageDirectoryImpl.java:analyzeStorage(135)) - The storage directory /home/runner/work/ozone/ozone/hadoop-ozone/integration-test/target/test-dir/MiniOzoneClusterImpl-1803e0c7-8320-4379-92ef-724c5694b47b/datanode-0/data/ratis/b16920d0-d1e5-4342-91ab-4b6871dadf82 does not exist. Creating ...
2022-08-09 13:49:18,660 [pool-589-thread-1] INFO  storage.RaftStorageDirectory (RaftStorageDirectoryImpl.java:tryLock(230)) - Lock on /home/runner/work/ozone/ozone/hadoop-ozone/integration-test/target/test-dir/MiniOzoneClusterImpl-1803e0c7-8320-4379-92ef-724c5694b47b/datanode-0/data/ratis/b16920d0-d1e5-4342-91ab-4b6871dadf82/in_use.lock acquired by nodename 10574@fv-az450-466
2022-08-09 13:49:18,661 [EventQueue-OpenPipelineForHealthyPipelineSafeModeRule] INFO  safemode.SCMSafeModeManager (HealthyPipelineSafeModeRule.java:process(137)) - SCM in safe mode. Healthy pipelines reported count is 0, required healthy pipeline reported count is 1
2022-08-09 13:49:18,681 [pool-589-thread-1] INFO  storage.RaftStorage (RaftStorageImpl.java:format(89)) - Storage directory /home/runner/work/ozone/ozone/hadoop-ozone/integration-test/target/test-dir/MiniOzoneClusterImpl-1803e0c7-8320-4379-92ef-724c5694b47b/datanode-0/data/ratis/b16920d0-d1e5-4342-91ab-4b6871dadf82 has been successfully formatted.
2022-08-09 13:49:18,681 [pool-589-thread-1] INFO  ratis.ContainerStateMachine (ContainerStateMachine.java:loadSnapshot(236)) - group-4B6871DADF82: The snapshot info is null. Setting the last applied indexto:(t:0, i:~)
2022-08-09 13:49:18,681 [pool-589-thread-1] INFO  server.RaftServerConfigKeys (ConfUtils.java:logGet(46)) - raft.server.notification.no-leader.timeout = 300s (custom)
2022-08-09 13:49:18,681 [pool-589-thread-1] INFO  server.RaftServerConfigKeys (ConfUtils.java:logGet(46)) - raft.server.log.use.memory = false (default)
2022-08-09 13:49:18,681 [pool-589-thread-1] INFO  server.RaftServerConfigKeys (ConfUtils.java:logGet(46)) - raft.server.log.purge.gap = 1000000 (custom)
2022-08-09 13:49:18,682 [pool-589-thread-1] INFO  server.RaftServerConfigKeys (ConfUtils.java:logGet(46)) - raft.server.log.appender.buffer.byte-limit = 33554432 (custom)
2022-08-09 13:49:18,682 [pool-589-thread-1] INFO  server.RaftServerConfigKeys (ConfUtils.java:logGet(46)) - raft.server.log.statemachine.data.read.timeout = 1000ms (default)
2022-08-09 13:49:18,682 [pool-589-thread-1] INFO  server.RaftServerConfigKeys (ConfUtils.java:logGet(46)) - raft.server.log.segment.size.max = 1048576 (custom)
2022-08-09 13:49:18,721 [pool-589-thread-1] INFO  server.RaftServerConfigKeys (ConfUtils.java:logGet(46)) - raft.server.log.segment.cache.num.max = 2 (custom)
2022-08-09 13:49:18,722 [pool-589-thread-1] INFO  server.RaftServerConfigKeys (ConfUtils.java:logGet(46)) - raft.server.log.segment.cache.size.max = 200MB (=209715200) (default)
2022-08-09 13:49:18,722 [pool-589-thread-1] INFO  segmented.SegmentedRaftLogWorker (SegmentedRaftLogWorker.java:<init>(187)) - new facac9a0-ce51-4f90-b128-080475d31873@group-4B6871DADF82-SegmentedRaftLogWorker for RaftStorageImpl:Storage Directory /home/runner/work/ozone/ozone/hadoop-ozone/integration-test/target/test-dir/MiniOzoneClusterImpl-1803e0c7-8320-4379-92ef-724c5694b47b/datanode-0/data/ratis/b16920d0-d1e5-4342-91ab-4b6871dadf82
2022-08-09 13:49:18,722 [pool-589-thread-1] INFO  server.RaftServerConfigKeys (ConfUtils.java:logGet(46)) - raft.server.log.queue.byte-limit = 4294967296 (custom)
2022-08-09 13:49:18,722 [pool-589-thread-1] INFO  server.RaftServerConfigKeys (ConfUtils.java:logGet(46)) - raft.server.log.queue.element-limit = 1024 (custom)
2022-08-09 13:49:18,722 [pool-589-thread-1] INFO  server.RaftServerConfigKeys (ConfUtils.java:logGet(46)) - raft.server.log.segment.size.max = 1048576 (custom)
2022-08-09 13:49:18,722 [pool-589-thread-1] INFO  server.RaftServerConfigKeys (ConfUtils.java:logGet(46)) - raft.server.log.preallocated.size = 16384 (custom)
2022-08-09 13:49:18,722 [pool-589-thread-1] INFO  server.RaftServerConfigKeys (ConfUtils.java:logGet(46)) - raft.server.log.force.sync.num = 128 (default)
2022-08-09 13:49:18,722 [pool-589-thread-1] INFO  server.RaftServerConfigKeys (ConfUtils.java:logGet(46)) - raft.server.log.statemachine.data.sync = true (default)
2022-08-09 13:49:18,722 [pool-589-thread-1] INFO  server.RaftServerConfigKeys (ConfUtils.java:logGet(46)) - raft.server.log.statemachine.data.sync.timeout = 10s (default)
2022-08-09 13:49:18,722 [pool-589-thread-1] INFO  server.RaftServerConfigKeys (ConfUtils.java:logGet(46)) - raft.server.log.statemachine.data.sync.timeout.retry = -1 (default)
2022-08-09 13:49:18,723 [pool-589-thread-1] INFO  server.RaftServerConfigKeys (ConfUtils.java:logGet(46)) - raft.server.log.write.buffer.size = 1048576 (custom)
2022-08-09 13:49:18,723 [EventQueue-OpenPipelineForHealthyPipelineSafeModeRule] INFO  safemode.SCMSafeModeManager (HealthyPipelineSafeModeRule.java:process(137)) - SCM in safe mode. Healthy pipelines reported count is 0, required healthy pipeline reported count is 1
2022-08-09 13:49:18,724 [pool-589-thread-1] INFO  server.RaftServerConfigKeys (ConfUtils.java:logGet(46)) - raft.server.log.unsafe-flush.enabled = false (default)
2022-08-09 13:49:18,724 [pool-589-thread-1] INFO  server.RaftServerConfigKeys (ConfUtils.java:logGet(46)) - raft.server.log.statemachine.data.caching.enabled = true (custom)
2022-08-09 13:49:18,724 [pool-589-thread-1] INFO  segmented.SegmentedRaftLogWorker (SegmentedRaftLogWorker.java:lambda$new$0(135)) - facac9a0-ce51-4f90-b128-080475d31873@group-4B6871DADF82-SegmentedRaftLogWorker: flushIndex: setUnconditionally 0 -> -1
2022-08-09 13:49:18,724 [pool-589-thread-1] INFO  segmented.SegmentedRaftLogWorker (SegmentedRaftLogWorker.java:lambda$new$0(135)) - facac9a0-ce51-4f90-b128-080475d31873@group-4B6871DADF82-SegmentedRaftLogWorker: safeCacheEvictIndex: setUnconditionally 0 -> -1
2022-08-09 13:49:18,726 [pool-589-thread-1] INFO  server.RaftServerConfigKeys (ConfUtils.java:logGet(46)) - raft.server.snapshot.auto.trigger.enabled = true (custom)
2022-08-09 13:49:18,726 [pool-589-thread-1] INFO  server.RaftServerConfigKeys (ConfUtils.java:logGet(46)) - raft.server.snapshot.auto.trigger.threshold = 10000 (custom)
2022-08-09 13:49:18,726 [pool-589-thread-1] INFO  server.RaftServerConfigKeys (ConfUtils.java:logGet(46)) - raft.server.snapshot.retention.file.num = 5 (custom)
2022-08-09 13:49:18,726 [pool-589-thread-1] INFO  server.RaftServerConfigKeys (ConfUtils.java:logGet(46)) - raft.server.log.purge.upto.snapshot.index = false (default)
2022-08-09 13:49:18,726 [pool-589-thread-1] INFO  server.RaftServerConfigKeys (ConfUtils.java:logGet(46)) - raft.server.retrycache.expirytime = 600000ms (custom)
2022-08-09 13:49:18,726 [pool-589-thread-1] INFO  server.RaftServerConfigKeys (ConfUtils.java:logGet(46)) - raft.server.retrycache.statistics.expirytime = 100μs (default)
2022-08-09 13:49:18,727 [pool-589-thread-1] INFO  server.RaftServerConfigKeys (ConfUtils.java:logGet(46)) - raft.server.log.appender.install.snapshot.enabled = false (custom)
2022-08-09 13:49:18,727 [pool-589-thread-1] INFO  server.RaftServerConfigKeys (ConfUtils.java:logGet(46)) - raft.server.threadpool.server.cached = true (default)
2022-08-09 13:49:18,728 [pool-589-thread-1] INFO  server.RaftServerConfigKeys (ConfUtils.java:logGet(46)) - raft.server.threadpool.server.size = 0 (default)
2022-08-09 13:49:18,728 [pool-589-thread-1] INFO  server.RaftServerConfigKeys (ConfUtils.java:logGet(46)) - raft.server.threadpool.client.cached = true (default)
2022-08-09 13:49:18,728 [pool-589-thread-1] INFO  server.RaftServerConfigKeys (ConfUtils.java:logGet(46)) - raft.server.threadpool.client.size = 0 (default)
2022-08-09 13:49:18,728 [pool-589-thread-1] INFO  server.RaftServer$Division (RaftServerImpl.java:start(310)) - facac9a0-ce51-4f90-b128-080475d31873@group-4B6871DADF82: start as a follower, conf=-1: [facac9a0-ce51-4f90-b128-080475d31873|rpc:10.1.0.19:44939|priority:1, a642edec-ac5e-4d27-8806-3ece717121b6|rpc:10.1.0.19:36299|priority:0, a9bcd0ff-35fc-4d0a-8e3c-7398e9e8d683|rpc:10.1.0.19:44419|priority:0], old=null
2022-08-09 13:49:18,728 [pool-589-thread-1] INFO  server.RaftServer$Division (RaftServerImpl.java:setRole(299)) - facac9a0-ce51-4f90-b128-080475d31873@group-4B6871DADF82: changes role from      null to FOLLOWER at term 0 for startAsFollower
2022-08-09 13:49:18,728 [pool-589-thread-1] INFO  impl.RoleInfo (RoleInfo.java:updateAndGet(139)) - facac9a0-ce51-4f90-b128-080475d31873: start facac9a0-ce51-4f90-b128-080475d31873@group-4B6871DADF82-FollowerState
2022-08-09 13:49:18,735 [pool-589-thread-1] INFO  util.JmxRegister (JmxRegister.java:tryRegister(44)) - Successfully registered JMX Bean with object name Ratis:service=RaftServer,group=group-4B6871DADF82,id=facac9a0-ce51-4f90-b128-080475d31873
2022-08-09 13:49:18,745 [Command processor thread] INFO  ratis.XceiverServerRatis (XceiverServerRatis.java:addGroup(765)) - Created group PipelineID=b16920d0-d1e5-4342-91ab-4b6871dadf82
2022-08-09 13:49:18,801 [grpc-default-executor-0] INFO  server.RaftServer (RaftServerProxy.java:addNew(96)) - a642edec-ac5e-4d27-8806-3ece717121b6: addNew group-4B6871DADF82:[facac9a0-ce51-4f90-b128-080475d31873|rpc:10.1.0.19:44939|dataStream:|priority:1, a642edec-ac5e-4d27-8806-3ece717121b6|rpc:10.1.0.19:36299|dataStream:|priority:0, a9bcd0ff-35fc-4d0a-8e3c-7398e9e8d683|rpc:10.1.0.19:44419|dataStream:|priority:0] returns group-4B6871DADF82:java.util.concurrent.CompletableFuture@57c95ceb[Not completed]
2022-08-09 13:49:18,802 [pool-612-thread-1] INFO  server.RaftServer$Division (RaftServerImpl.java:<init>(190)) - a642edec-ac5e-4d27-8806-3ece717121b6: new RaftServerImpl for group-4B6871DADF82:[facac9a0-ce51-4f90-b128-080475d31873|rpc:10.1.0.19:44939|dataStream:|priority:1, a642edec-ac5e-4d27-8806-3ece717121b6|rpc:10.1.0.19:36299|dataStream:|priority:0, a9bcd0ff-35fc-4d0a-8e3c-7398e9e8d683|rpc:10.1.0.19:44419|dataStream:|priority:0] with ContainerStateMachine:uninitialized
2022-08-09 13:49:18,802 [pool-612-thread-1] INFO  server.RaftServerConfigKeys (ConfUtils.java:logGet(46)) - raft.server.rpc.timeout.min = 5s (custom)
2022-08-09 13:49:18,802 [pool-612-thread-1] INFO  server.RaftServerConfigKeys (ConfUtils.java:logGet(46)) - raft.server.rpc.timeout.max = 5200ms (custom)
2022-08-09 13:49:18,802 [pool-612-thread-1] INFO  server.RaftServerConfigKeys (ConfUtils.java:logGet(46)) - raft.server.rpc.sleep.time = 25ms (default)
2022-08-09 13:49:18,802 [pool-612-thread-1] INFO  server.RaftServerConfigKeys (ConfUtils.java:logGet(46)) - raft.server.rpc.slowness.timeout = 300s (custom)
2022-08-09 13:49:18,802 [pool-612-thread-1] INFO  server.RaftServerConfigKeys (ConfUtils.java:logGet(46)) - raft.server.leaderelection.leader.step-down.wait-time = 10s (default)
2022-08-09 13:49:18,802 [pool-612-thread-1] INFO  server.RaftServerConfigKeys (ConfUtils.java:logGet(46)) - raft.server.sleep.deviation.threshold = 300ms (default)
2022-08-09 13:49:18,802 [pool-612-thread-1] INFO  server.RaftServer$Division (ServerState.java:<init>(107)) - a642edec-ac5e-4d27-8806-3ece717121b6@group-4B6871DADF82: ConfigurationManager, init=-1: [facac9a0-ce51-4f90-b128-080475d31873|rpc:10.1.0.19:44939|dataStream:|priority:1, a642edec-ac5e-4d27-8806-3ece717121b6|rpc:10.1.0.19:36299|dataStream:|priority:0, a9bcd0ff-35fc-4d0a-8e3c-7398e9e8d683|rpc:10.1.0.19:44419|dataStream:|priority:0], old=null, confs=<EMPTY_MAP>
2022-08-09 13:49:18,802 [pool-612-thread-1] INFO  server.RaftServerConfigKeys (ConfUtils.java:logGet(46)) - raft.server.storage.dir = [/home/runner/work/ozone/ozone/hadoop-ozone/integration-test/target/test-dir/MiniOzoneClusterImpl-1803e0c7-8320-4379-92ef-724c5694b47b/datanode-1/data/ratis] (custom)
2022-08-09 13:49:18,802 [pool-612-thread-1] INFO  server.RaftServerConfigKeys (ConfUtils.java:logGet(46)) - raft.server.log.corruption.policy = EXCEPTION (default)
2022-08-09 13:49:18,802 [pool-612-thread-1] INFO  server.RaftServerConfigKeys (ConfUtils.java:logGet(46)) - raft.server.storage.free-space.min = 0MB (=0) (default)
2022-08-09 13:49:18,803 [pool-612-thread-1] INFO  storage.RaftStorageDirectory (RaftStorageDirectoryImpl.java:analyzeStorage(135)) - The storage directory /home/runner/work/ozone/ozone/hadoop-ozone/integration-test/target/test-dir/MiniOzoneClusterImpl-1803e0c7-8320-4379-92ef-724c5694b47b/datanode-1/data/ratis/b16920d0-d1e5-4342-91ab-4b6871dadf82 does not exist. Creating ...
2022-08-09 13:49:18,805 [pool-612-thread-1] INFO  storage.RaftStorageDirectory (RaftStorageDirectoryImpl.java:tryLock(230)) - Lock on /home/runner/work/ozone/ozone/hadoop-ozone/integration-test/target/test-dir/MiniOzoneClusterImpl-1803e0c7-8320-4379-92ef-724c5694b47b/datanode-1/data/ratis/b16920d0-d1e5-4342-91ab-4b6871dadf82/in_use.lock acquired by nodename 10574@fv-az450-466
2022-08-09 13:49:18,813 [pool-612-thread-1] INFO  storage.RaftStorage (RaftStorageImpl.java:format(89)) - Storage directory /home/runner/work/ozone/ozone/hadoop-ozone/integration-test/target/test-dir/MiniOzoneClusterImpl-1803e0c7-8320-4379-92ef-724c5694b47b/datanode-1/data/ratis/b16920d0-d1e5-4342-91ab-4b6871dadf82 has been successfully formatted.
2022-08-09 13:49:18,815 [pool-612-thread-1] INFO  ratis.ContainerStateMachine (ContainerStateMachine.java:loadSnapshot(236)) - group-4B6871DADF82: The snapshot info is null. Setting the last applied indexto:(t:0, i:~)
2022-08-09 13:49:18,815 [pool-612-thread-1] INFO  server.RaftServerConfigKeys (ConfUtils.java:logGet(46)) - raft.server.notification.no-leader.timeout = 300s (custom)
2022-08-09 13:49:18,815 [pool-612-thread-1] INFO  server.RaftServerConfigKeys (ConfUtils.java:logGet(46)) - raft.server.log.use.memory = false (default)
2022-08-09 13:49:18,815 [pool-612-thread-1] INFO  server.RaftServerConfigKeys (ConfUtils.java:logGet(46)) - raft.server.log.purge.gap = 1000000 (custom)
2022-08-09 13:49:18,815 [pool-612-thread-1] INFO  server.RaftServerConfigKeys (ConfUtils.java:logGet(46)) - raft.server.log.appender.buffer.byte-limit = 33554432 (custom)
2022-08-09 13:49:18,815 [pool-612-thread-1] INFO  server.RaftServerConfigKeys (ConfUtils.java:logGet(46)) - raft.server.log.statemachine.data.read.timeout = 1000ms (default)
2022-08-09 13:49:18,815 [pool-612-thread-1] INFO  server.RaftServerConfigKeys (ConfUtils.java:logGet(46)) - raft.server.log.segment.size.max = 1048576 (custom)
2022-08-09 13:49:18,816 [pool-612-thread-1] INFO  server.RaftServerConfigKeys (ConfUtils.java:logGet(46)) - raft.server.log.segment.cache.num.max = 2 (custom)
2022-08-09 13:49:18,816 [pool-612-thread-1] INFO  server.RaftServerConfigKeys (ConfUtils.java:logGet(46)) - raft.server.log.segment.cache.size.max = 200MB (=209715200) (default)
2022-08-09 13:49:18,816 [pool-612-thread-1] INFO  segmented.SegmentedRaftLogWorker (SegmentedRaftLogWorker.java:<init>(187)) - new a642edec-ac5e-4d27-8806-3ece717121b6@group-4B6871DADF82-SegmentedRaftLogWorker for RaftStorageImpl:Storage Directory /home/runner/work/ozone/ozone/hadoop-ozone/integration-test/target/test-dir/MiniOzoneClusterImpl-1803e0c7-8320-4379-92ef-724c5694b47b/datanode-1/data/ratis/b16920d0-d1e5-4342-91ab-4b6871dadf82
2022-08-09 13:49:18,816 [pool-612-thread-1] INFO  server.RaftServerConfigKeys (ConfUtils.java:logGet(46)) - raft.server.log.queue.byte-limit = 4294967296 (custom)
2022-08-09 13:49:18,816 [pool-612-thread-1] INFO  server.RaftServerConfigKeys (ConfUtils.java:logGet(46)) - raft.server.log.queue.element-limit = 1024 (custom)
2022-08-09 13:49:18,816 [pool-612-thread-1] INFO  server.RaftServerConfigKeys (ConfUtils.java:logGet(46)) - raft.server.log.segment.size.max = 1048576 (custom)
2022-08-09 13:49:18,816 [pool-612-thread-1] INFO  server.RaftServerConfigKeys (ConfUtils.java:logGet(46)) - raft.server.log.preallocated.size = 16384 (custom)
2022-08-09 13:49:18,816 [pool-612-thread-1] INFO  server.RaftServerConfigKeys (ConfUtils.java:logGet(46)) - raft.server.log.force.sync.num = 128 (default)
2022-08-09 13:49:18,816 [pool-612-thread-1] INFO  server.RaftServerConfigKeys (ConfUtils.java:logGet(46)) - raft.server.log.statemachine.data.sync = true (default)
2022-08-09 13:49:18,816 [pool-612-thread-1] INFO  server.RaftServerConfigKeys (ConfUtils.java:logGet(46)) - raft.server.log.statemachine.data.sync.timeout = 10s (default)
2022-08-09 13:49:18,816 [pool-612-thread-1] INFO  server.RaftServerConfigKeys (ConfUtils.java:logGet(46)) - raft.server.log.statemachine.data.sync.timeout.retry = -1 (default)
2022-08-09 13:49:18,817 [pool-612-thread-1] INFO  server.RaftServerConfigKeys (ConfUtils.java:logGet(46)) - raft.server.log.write.buffer.size = 1048576 (custom)
2022-08-09 13:49:18,817 [pool-612-thread-1] INFO  server.RaftServerConfigKeys (ConfUtils.java:logGet(46)) - raft.server.log.unsafe-flush.enabled = false (default)
2022-08-09 13:49:18,817 [pool-612-thread-1] INFO  server.RaftServerConfigKeys (ConfUtils.java:logGet(46)) - raft.server.log.statemachine.data.caching.enabled = true (custom)
2022-08-09 13:49:18,817 [pool-612-thread-1] INFO  segmented.SegmentedRaftLogWorker (SegmentedRaftLogWorker.java:lambda$new$0(135)) - a642edec-ac5e-4d27-8806-3ece717121b6@group-4B6871DADF82-SegmentedRaftLogWorker: flushIndex: setUnconditionally 0 -> -1
2022-08-09 13:49:18,818 [pool-612-thread-1] INFO  segmented.SegmentedRaftLogWorker (SegmentedRaftLogWorker.java:lambda$new$0(135)) - a642edec-ac5e-4d27-8806-3ece717121b6@group-4B6871DADF82-SegmentedRaftLogWorker: safeCacheEvictIndex: setUnconditionally 0 -> -1
2022-08-09 13:49:18,827 [pool-612-thread-1] INFO  server.RaftServerConfigKeys (ConfUtils.java:logGet(46)) - raft.server.snapshot.auto.trigger.enabled = true (custom)
2022-08-09 13:49:18,827 [pool-612-thread-1] INFO  server.RaftServerConfigKeys (ConfUtils.java:logGet(46)) - raft.server.snapshot.auto.trigger.threshold = 10000 (custom)
2022-08-09 13:49:18,827 [pool-612-thread-1] INFO  server.RaftServerConfigKeys (ConfUtils.java:logGet(46)) - raft.server.snapshot.retention.file.num = 5 (custom)
2022-08-09 13:49:18,827 [pool-612-thread-1] INFO  server.RaftServerConfigKeys (ConfUtils.java:logGet(46)) - raft.server.log.purge.upto.snapshot.index = false (default)
2022-08-09 13:49:18,827 [pool-612-thread-1] INFO  server.RaftServerConfigKeys (ConfUtils.java:logGet(46)) - raft.server.retrycache.expirytime = 600000ms (custom)
2022-08-09 13:49:18,827 [pool-612-thread-1] INFO  server.RaftServerConfigKeys (ConfUtils.java:logGet(46)) - raft.server.retrycache.statistics.expirytime = 100μs (default)
2022-08-09 13:49:18,829 [pool-612-thread-1] INFO  server.RaftServerConfigKeys (ConfUtils.java:logGet(46)) - raft.server.log.appender.install.snapshot.enabled = false (custom)
2022-08-09 13:49:18,829 [pool-612-thread-1] INFO  server.RaftServerConfigKeys (ConfUtils.java:logGet(46)) - raft.server.threadpool.server.cached = true (default)
2022-08-09 13:49:18,829 [pool-612-thread-1] INFO  server.RaftServerConfigKeys (ConfUtils.java:logGet(46)) - raft.server.threadpool.server.size = 0 (default)
2022-08-09 13:49:18,829 [pool-612-thread-1] INFO  server.RaftServerConfigKeys (ConfUtils.java:logGet(46)) - raft.server.threadpool.client.cached = true (default)
2022-08-09 13:49:18,829 [pool-612-thread-1] INFO  server.RaftServerConfigKeys (ConfUtils.java:logGet(46)) - raft.server.threadpool.client.size = 0 (default)
2022-08-09 13:49:18,829 [pool-612-thread-1] INFO  server.RaftServer$Division (RaftServerImpl.java:start(310)) - a642edec-ac5e-4d27-8806-3ece717121b6@group-4B6871DADF82: start as a follower, conf=-1: [facac9a0-ce51-4f90-b128-080475d31873|rpc:10.1.0.19:44939|dataStream:|priority:1, a642edec-ac5e-4d27-8806-3ece717121b6|rpc:10.1.0.19:36299|dataStream:|priority:0, a9bcd0ff-35fc-4d0a-8e3c-7398e9e8d683|rpc:10.1.0.19:44419|dataStream:|priority:0], old=null
2022-08-09 13:49:18,829 [pool-612-thread-1] INFO  server.RaftServer$Division (RaftServerImpl.java:setRole(299)) - a642edec-ac5e-4d27-8806-3ece717121b6@group-4B6871DADF82: changes role from      null to FOLLOWER at term 0 for startAsFollower
2022-08-09 13:49:18,829 [pool-612-thread-1] INFO  impl.RoleInfo (RoleInfo.java:updateAndGet(139)) - a642edec-ac5e-4d27-8806-3ece717121b6: start a642edec-ac5e-4d27-8806-3ece717121b6@group-4B6871DADF82-FollowerState
2022-08-09 13:49:18,829 [pool-612-thread-1] INFO  util.JmxRegister (JmxRegister.java:tryRegister(44)) - Successfully registered JMX Bean with object name Ratis:service=RaftServer,group=group-4B6871DADF82,id=a642edec-ac5e-4d27-8806-3ece717121b6
2022-08-09 13:49:18,933 [grpc-default-executor-0] INFO  server.RaftServer (RaftServerProxy.java:addNew(96)) - a9bcd0ff-35fc-4d0a-8e3c-7398e9e8d683: addNew group-4B6871DADF82:[facac9a0-ce51-4f90-b128-080475d31873|rpc:10.1.0.19:44939|dataStream:|priority:1, a642edec-ac5e-4d27-8806-3ece717121b6|rpc:10.1.0.19:36299|dataStream:|priority:0, a9bcd0ff-35fc-4d0a-8e3c-7398e9e8d683|rpc:10.1.0.19:44419|dataStream:|priority:0] returns group-4B6871DADF82:java.util.concurrent.CompletableFuture@34e4852e[Not completed]
2022-08-09 13:49:18,941 [pool-635-thread-1] INFO  server.RaftServer$Division (RaftServerImpl.java:<init>(190)) - a9bcd0ff-35fc-4d0a-8e3c-7398e9e8d683: new RaftServerImpl for group-4B6871DADF82:[facac9a0-ce51-4f90-b128-080475d31873|rpc:10.1.0.19:44939|dataStream:|priority:1, a642edec-ac5e-4d27-8806-3ece717121b6|rpc:10.1.0.19:36299|dataStream:|priority:0, a9bcd0ff-35fc-4d0a-8e3c-7398e9e8d683|rpc:10.1.0.19:44419|dataStream:|priority:0] with ContainerStateMachine:uninitialized
2022-08-09 13:49:18,941 [pool-635-thread-1] INFO  server.RaftServerConfigKeys (ConfUtils.java:logGet(46)) - raft.server.rpc.timeout.min = 5s (custom)
2022-08-09 13:49:18,941 [pool-635-thread-1] INFO  server.RaftServerConfigKeys (ConfUtils.java:logGet(46)) - raft.server.rpc.timeout.max = 5200ms (custom)
2022-08-09 13:49:18,941 [pool-635-thread-1] INFO  server.RaftServerConfigKeys (ConfUtils.java:logGet(46)) - raft.server.rpc.sleep.time = 25ms (default)
2022-08-09 13:49:18,941 [pool-635-thread-1] INFO  server.RaftServerConfigKeys (ConfUtils.java:logGet(46)) - raft.server.rpc.slowness.timeout = 300s (custom)
2022-08-09 13:49:18,941 [pool-635-thread-1] INFO  server.RaftServerConfigKeys (ConfUtils.java:logGet(46)) - raft.server.leaderelection.leader.step-down.wait-time = 10s (default)
2022-08-09 13:49:18,941 [pool-635-thread-1] INFO  server.RaftServerConfigKeys (ConfUtils.java:logGet(46)) - raft.server.sleep.deviation.threshold = 300ms (default)
2022-08-09 13:49:18,941 [pool-635-thread-1] INFO  server.RaftServer$Division (ServerState.java:<init>(107)) - a9bcd0ff-35fc-4d0a-8e3c-7398e9e8d683@group-4B6871DADF82: ConfigurationManager, init=-1: [facac9a0-ce51-4f90-b128-080475d31873|rpc:10.1.0.19:44939|dataStream:|priority:1, a642edec-ac5e-4d27-8806-3ece717121b6|rpc:10.1.0.19:36299|dataStream:|priority:0, a9bcd0ff-35fc-4d0a-8e3c-7398e9e8d683|rpc:10.1.0.19:44419|dataStream:|priority:0], old=null, confs=<EMPTY_MAP>
2022-08-09 13:49:18,941 [pool-635-thread-1] INFO  server.RaftServerConfigKeys (ConfUtils.java:logGet(46)) - raft.server.storage.dir = [/home/runner/work/ozone/ozone/hadoop-ozone/integration-test/target/test-dir/MiniOzoneClusterImpl-1803e0c7-8320-4379-92ef-724c5694b47b/datanode-2/data/ratis] (custom)
2022-08-09 13:49:18,941 [pool-635-thread-1] INFO  server.RaftServerConfigKeys (ConfUtils.java:logGet(46)) - raft.server.log.corruption.policy = EXCEPTION (default)
2022-08-09 13:49:18,941 [pool-635-thread-1] INFO  server.RaftServerConfigKeys (ConfUtils.java:logGet(46)) - raft.server.storage.free-space.min = 0MB (=0) (default)
2022-08-09 13:49:18,942 [pool-635-thread-1] INFO  storage.RaftStorageDirectory (RaftStorageDirectoryImpl.java:analyzeStorage(135)) - The storage directory /home/runner/work/ozone/ozone/hadoop-ozone/integration-test/target/test-dir/MiniOzoneClusterImpl-1803e0c7-8320-4379-92ef-724c5694b47b/datanode-2/data/ratis/b16920d0-d1e5-4342-91ab-4b6871dadf82 does not exist. Creating ...
2022-08-09 13:49:18,953 [pool-635-thread-1] INFO  storage.RaftStorageDirectory (RaftStorageDirectoryImpl.java:tryLock(230)) - Lock on /home/runner/work/ozone/ozone/hadoop-ozone/integration-test/target/test-dir/MiniOzoneClusterImpl-1803e0c7-8320-4379-92ef-724c5694b47b/datanode-2/data/ratis/b16920d0-d1e5-4342-91ab-4b6871dadf82/in_use.lock acquired by nodename 10574@fv-az450-466
2022-08-09 13:49:18,955 [pool-635-thread-1] INFO  storage.RaftStorage (RaftStorageImpl.java:format(89)) - Storage directory /home/runner/work/ozone/ozone/hadoop-ozone/integration-test/target/test-dir/MiniOzoneClusterImpl-1803e0c7-8320-4379-92ef-724c5694b47b/datanode-2/data/ratis/b16920d0-d1e5-4342-91ab-4b6871dadf82 has been successfully formatted.
2022-08-09 13:49:18,989 [pool-635-thread-1] INFO  ratis.ContainerStateMachine (ContainerStateMachine.java:loadSnapshot(236)) - group-4B6871DADF82: The snapshot info is null. Setting the last applied indexto:(t:0, i:~)
2022-08-09 13:49:18,989 [pool-635-thread-1] INFO  server.RaftServerConfigKeys (ConfUtils.java:logGet(46)) - raft.server.notification.no-leader.timeout = 300s (custom)
2022-08-09 13:49:18,989 [pool-635-thread-1] INFO  server.RaftServerConfigKeys (ConfUtils.java:logGet(46)) - raft.server.log.use.memory = false (default)
2022-08-09 13:49:18,989 [pool-635-thread-1] INFO  server.RaftServerConfigKeys (ConfUtils.java:logGet(46)) - raft.server.log.purge.gap = 1000000 (custom)
2022-08-09 13:49:18,989 [pool-635-thread-1] INFO  server.RaftServerConfigKeys (ConfUtils.java:logGet(46)) - raft.server.log.appender.buffer.byte-limit = 33554432 (custom)
2022-08-09 13:49:18,989 [pool-635-thread-1] INFO  server.RaftServerConfigKeys (ConfUtils.java:logGet(46)) - raft.server.log.statemachine.data.read.timeout = 1000ms (default)
2022-08-09 13:49:18,990 [pool-635-thread-1] INFO  server.RaftServerConfigKeys (ConfUtils.java:logGet(46)) - raft.server.log.segment.size.max = 1048576 (custom)
2022-08-09 13:49:18,990 [pool-635-thread-1] INFO  server.RaftServerConfigKeys (ConfUtils.java:logGet(46)) - raft.server.log.segment.cache.num.max = 2 (custom)
2022-08-09 13:49:18,990 [pool-635-thread-1] INFO  server.RaftServerConfigKeys (ConfUtils.java:logGet(46)) - raft.server.log.segment.cache.size.max = 200MB (=209715200) (default)
2022-08-09 13:49:18,990 [pool-635-thread-1] INFO  segmented.SegmentedRaftLogWorker (SegmentedRaftLogWorker.java:<init>(187)) - new a9bcd0ff-35fc-4d0a-8e3c-7398e9e8d683@group-4B6871DADF82-SegmentedRaftLogWorker for RaftStorageImpl:Storage Directory /home/runner/work/ozone/ozone/hadoop-ozone/integration-test/target/test-dir/MiniOzoneClusterImpl-1803e0c7-8320-4379-92ef-724c5694b47b/datanode-2/data/ratis/b16920d0-d1e5-4342-91ab-4b6871dadf82
2022-08-09 13:49:18,990 [pool-635-thread-1] INFO  server.RaftServerConfigKeys (ConfUtils.java:logGet(46)) - raft.server.log.queue.byte-limit = 4294967296 (custom)
2022-08-09 13:49:18,990 [pool-635-thread-1] INFO  server.RaftServerConfigKeys (ConfUtils.java:logGet(46)) - raft.server.log.queue.element-limit = 1024 (custom)
2022-08-09 13:49:18,990 [pool-635-thread-1] INFO  server.RaftServerConfigKeys (ConfUtils.java:logGet(46)) - raft.server.log.segment.size.max = 1048576 (custom)
2022-08-09 13:49:18,990 [pool-635-thread-1] INFO  server.RaftServerConfigKeys (ConfUtils.java:logGet(46)) - raft.server.log.preallocated.size = 16384 (custom)
2022-08-09 13:49:18,990 [pool-635-thread-1] INFO  server.RaftServerConfigKeys (ConfUtils.java:logGet(46)) - raft.server.log.force.sync.num = 128 (default)
2022-08-09 13:49:18,990 [pool-635-thread-1] INFO  server.RaftServerConfigKeys (ConfUtils.java:logGet(46)) - raft.server.log.statemachine.data.sync = true (default)
2022-08-09 13:49:18,990 [pool-635-thread-1] INFO  server.RaftServerConfigKeys (ConfUtils.java:logGet(46)) - raft.server.log.statemachine.data.sync.timeout = 10s (default)
2022-08-09 13:49:18,990 [pool-635-thread-1] INFO  server.RaftServerConfigKeys (ConfUtils.java:logGet(46)) - raft.server.log.statemachine.data.sync.timeout.retry = -1 (default)
2022-08-09 13:49:18,991 [pool-635-thread-1] INFO  server.RaftServerConfigKeys (ConfUtils.java:logGet(46)) - raft.server.log.write.buffer.size = 1048576 (custom)
2022-08-09 13:49:18,992 [pool-635-thread-1] INFO  server.RaftServerConfigKeys (ConfUtils.java:logGet(46)) - raft.server.log.unsafe-flush.enabled = false (default)
2022-08-09 13:49:18,992 [pool-635-thread-1] INFO  server.RaftServerConfigKeys (ConfUtils.java:logGet(46)) - raft.server.log.statemachine.data.caching.enabled = true (custom)
2022-08-09 13:49:18,992 [pool-635-thread-1] INFO  segmented.SegmentedRaftLogWorker (SegmentedRaftLogWorker.java:lambda$new$0(135)) - a9bcd0ff-35fc-4d0a-8e3c-7398e9e8d683@group-4B6871DADF82-SegmentedRaftLogWorker: flushIndex: setUnconditionally 0 -> -1
2022-08-09 13:49:18,992 [pool-635-thread-1] INFO  segmented.SegmentedRaftLogWorker (SegmentedRaftLogWorker.java:lambda$new$0(135)) - a9bcd0ff-35fc-4d0a-8e3c-7398e9e8d683@group-4B6871DADF82-SegmentedRaftLogWorker: safeCacheEvictIndex: setUnconditionally 0 -> -1
2022-08-09 13:49:19,005 [pool-635-thread-1] INFO  server.RaftServerConfigKeys (ConfUtils.java:logGet(46)) - raft.server.snapshot.auto.trigger.enabled = true (custom)
2022-08-09 13:49:19,005 [pool-635-thread-1] INFO  server.RaftServerConfigKeys (ConfUtils.java:logGet(46)) - raft.server.snapshot.auto.trigger.threshold = 10000 (custom)
2022-08-09 13:49:19,005 [pool-635-thread-1] INFO  server.RaftServerConfigKeys (ConfUtils.java:logGet(46)) - raft.server.snapshot.retention.file.num = 5 (custom)
2022-08-09 13:49:19,005 [pool-635-thread-1] INFO  server.RaftServerConfigKeys (ConfUtils.java:logGet(46)) - raft.server.log.purge.upto.snapshot.index = false (default)
2022-08-09 13:49:19,005 [pool-635-thread-1] INFO  server.RaftServerConfigKeys (ConfUtils.java:logGet(46)) - raft.server.retrycache.expirytime = 600000ms (custom)
2022-08-09 13:49:19,005 [pool-635-thread-1] INFO  server.RaftServerConfigKeys (ConfUtils.java:logGet(46)) - raft.server.retrycache.statistics.expirytime = 100μs (default)
2022-08-09 13:49:19,006 [pool-635-thread-1] INFO  server.RaftServerConfigKeys (ConfUtils.java:logGet(46)) - raft.server.log.appender.install.snapshot.enabled = false (custom)
2022-08-09 13:49:19,006 [pool-635-thread-1] INFO  server.RaftServerConfigKeys (ConfUtils.java:logGet(46)) - raft.server.threadpool.server.cached = true (default)
2022-08-09 13:49:19,006 [pool-635-thread-1] INFO  server.RaftServerConfigKeys (ConfUtils.java:logGet(46)) - raft.server.threadpool.server.size = 0 (default)
2022-08-09 13:49:19,006 [pool-635-thread-1] INFO  server.RaftServerConfigKeys (ConfUtils.java:logGet(46)) - raft.server.threadpool.client.cached = true (default)
2022-08-09 13:49:19,007 [pool-635-thread-1] INFO  server.RaftServerConfigKeys (ConfUtils.java:logGet(46)) - raft.server.threadpool.client.size = 0 (default)
2022-08-09 13:49:19,007 [pool-635-thread-1] INFO  server.RaftServer$Division (RaftServerImpl.java:start(310)) - a9bcd0ff-35fc-4d0a-8e3c-7398e9e8d683@group-4B6871DADF82: start as a follower, conf=-1: [facac9a0-ce51-4f90-b128-080475d31873|rpc:10.1.0.19:44939|dataStream:|priority:1, a642edec-ac5e-4d27-8806-3ece717121b6|rpc:10.1.0.19:36299|dataStream:|priority:0, a9bcd0ff-35fc-4d0a-8e3c-7398e9e8d683|rpc:10.1.0.19:44419|dataStream:|priority:0], old=null
2022-08-09 13:49:19,007 [pool-635-thread-1] INFO  server.RaftServer$Division (RaftServerImpl.java:setRole(299)) - a9bcd0ff-35fc-4d0a-8e3c-7398e9e8d683@group-4B6871DADF82: changes role from      null to FOLLOWER at term 0 for startAsFollower
2022-08-09 13:49:19,007 [pool-635-thread-1] INFO  impl.RoleInfo (RoleInfo.java:updateAndGet(139)) - a9bcd0ff-35fc-4d0a-8e3c-7398e9e8d683: start a9bcd0ff-35fc-4d0a-8e3c-7398e9e8d683@group-4B6871DADF82-FollowerState
2022-08-09 13:49:19,019 [pool-635-thread-1] INFO  util.JmxRegister (JmxRegister.java:tryRegister(44)) - Successfully registered JMX Bean with object name Ratis:service=RaftServer,group=group-4B6871DADF82,id=a9bcd0ff-35fc-4d0a-8e3c-7398e9e8d683
2022-08-09 13:49:19,030 [Command processor thread] INFO  commandhandler.CreatePipelineCommandHandler (CreatePipelineCommandHandler.java:handle(113)) - Created Pipeline RATIS THREE PipelineID=b16920d0-d1e5-4342-91ab-4b6871dadf82.
2022-08-09 13:49:19,041 [Command processor thread] INFO  server.RaftServer (RaftServerProxy.java:addNew(96)) - facac9a0-ce51-4f90-b128-080475d31873: addNew group-2A5D6D219DA0:[facac9a0-ce51-4f90-b128-080475d31873|rpc:10.1.0.19:44939|priority:0, a642edec-ac5e-4d27-8806-3ece717121b6|rpc:10.1.0.19:36299|priority:1, a9bcd0ff-35fc-4d0a-8e3c-7398e9e8d683|rpc:10.1.0.19:44419|priority:0] returns group-2A5D6D219DA0:java.util.concurrent.CompletableFuture@6bee4ce7[Not completed]
2022-08-09 13:49:19,042 [pool-589-thread-1] INFO  server.RaftServer$Division (RaftServerImpl.java:<init>(190)) - facac9a0-ce51-4f90-b128-080475d31873: new RaftServerImpl for group-2A5D6D219DA0:[facac9a0-ce51-4f90-b128-080475d31873|rpc:10.1.0.19:44939|priority:0, a642edec-ac5e-4d27-8806-3ece717121b6|rpc:10.1.0.19:36299|priority:1, a9bcd0ff-35fc-4d0a-8e3c-7398e9e8d683|rpc:10.1.0.19:44419|priority:0] with ContainerStateMachine:uninitialized
2022-08-09 13:49:19,042 [pool-589-thread-1] INFO  server.RaftServerConfigKeys (ConfUtils.java:logGet(46)) - raft.server.rpc.timeout.min = 5s (custom)
2022-08-09 13:49:19,042 [pool-589-thread-1] INFO  server.RaftServerConfigKeys (ConfUtils.java:logGet(46)) - raft.server.rpc.timeout.max = 5200ms (custom)
2022-08-09 13:49:19,042 [pool-589-thread-1] INFO  server.RaftServerConfigKeys (ConfUtils.java:logGet(46)) - raft.server.rpc.sleep.time = 25ms (default)
2022-08-09 13:49:19,042 [pool-589-thread-1] INFO  server.RaftServerConfigKeys (ConfUtils.java:logGet(46)) - raft.server.rpc.slowness.timeout = 300s (custom)
2022-08-09 13:49:19,042 [pool-589-thread-1] INFO  server.RaftServerConfigKeys (ConfUtils.java:logGet(46)) - raft.server.leaderelection.leader.step-down.wait-time = 10s (default)
2022-08-09 13:49:19,042 [pool-589-thread-1] INFO  server.RaftServerConfigKeys (ConfUtils.java:logGet(46)) - raft.server.sleep.deviation.threshold = 300ms (default)
2022-08-09 13:49:19,042 [pool-589-thread-1] INFO  server.RaftServer$Division (ServerState.java:<init>(107)) - facac9a0-ce51-4f90-b128-080475d31873@group-2A5D6D219DA0: ConfigurationManager, init=-1: [facac9a0-ce51-4f90-b128-080475d31873|rpc:10.1.0.19:44939|priority:0, a642edec-ac5e-4d27-8806-3ece717121b6|rpc:10.1.0.19:36299|priority:1, a9bcd0ff-35fc-4d0a-8e3c-7398e9e8d683|rpc:10.1.0.19:44419|priority:0], old=null, confs=<EMPTY_MAP>
2022-08-09 13:49:19,042 [pool-589-thread-1] INFO  server.RaftServerConfigKeys (ConfUtils.java:logGet(46)) - raft.server.storage.dir = [/home/runner/work/ozone/ozone/hadoop-ozone/integration-test/target/test-dir/MiniOzoneClusterImpl-1803e0c7-8320-4379-92ef-724c5694b47b/datanode-0/data/ratis] (custom)
2022-08-09 13:49:19,043 [pool-589-thread-1] INFO  server.RaftServerConfigKeys (ConfUtils.java:logGet(46)) - raft.server.log.corruption.policy = EXCEPTION (default)
2022-08-09 13:49:19,043 [pool-589-thread-1] INFO  server.RaftServerConfigKeys (ConfUtils.java:logGet(46)) - raft.server.storage.free-space.min = 0MB (=0) (default)
2022-08-09 13:49:19,043 [pool-589-thread-1] INFO  storage.RaftStorageDirectory (RaftStorageDirectoryImpl.java:analyzeStorage(135)) - The storage directory /home/runner/work/ozone/ozone/hadoop-ozone/integration-test/target/test-dir/MiniOzoneClusterImpl-1803e0c7-8320-4379-92ef-724c5694b47b/datanode-0/data/ratis/ebea5230-8bf4-41e2-921d-2a5d6d219da0 does not exist. Creating ...
2022-08-09 13:49:19,044 [pool-589-thread-1] INFO  storage.RaftStorageDirectory (RaftStorageDirectoryImpl.java:tryLock(230)) - Lock on /home/runner/work/ozone/ozone/hadoop-ozone/integration-test/target/test-dir/MiniOzoneClusterImpl-1803e0c7-8320-4379-92ef-724c5694b47b/datanode-0/data/ratis/ebea5230-8bf4-41e2-921d-2a5d6d219da0/in_use.lock acquired by nodename 10574@fv-az450-466
2022-08-09 13:49:19,049 [pool-589-thread-1] INFO  storage.RaftStorage (RaftStorageImpl.java:format(89)) - Storage directory /home/runner/work/ozone/ozone/hadoop-ozone/integration-test/target/test-dir/MiniOzoneClusterImpl-1803e0c7-8320-4379-92ef-724c5694b47b/datanode-0/data/ratis/ebea5230-8bf4-41e2-921d-2a5d6d219da0 has been successfully formatted.
2022-08-09 13:49:19,050 [pool-589-thread-1] INFO  ratis.ContainerStateMachine (ContainerStateMachine.java:loadSnapshot(236)) - group-2A5D6D219DA0: The snapshot info is null. Setting the last applied indexto:(t:0, i:~)
2022-08-09 13:49:19,050 [pool-589-thread-1] INFO  server.RaftServerConfigKeys (ConfUtils.java:logGet(46)) - raft.server.notification.no-leader.timeout = 300s (custom)
2022-08-09 13:49:19,050 [pool-589-thread-1] INFO  server.RaftServerConfigKeys (ConfUtils.java:logGet(46)) - raft.server.log.use.memory = false (default)
2022-08-09 13:49:19,050 [pool-589-thread-1] INFO  server.RaftServerConfigKeys (ConfUtils.java:logGet(46)) - raft.server.log.purge.gap = 1000000 (custom)
2022-08-09 13:49:19,050 [pool-589-thread-1] INFO  server.RaftServerConfigKeys (ConfUtils.java:logGet(46)) - raft.server.log.appender.buffer.byte-limit = 33554432 (custom)
2022-08-09 13:49:19,050 [pool-589-thread-1] INFO  server.RaftServerConfigKeys (ConfUtils.java:logGet(46)) - raft.server.log.statemachine.data.read.timeout = 1000ms (default)
2022-08-09 13:49:19,050 [pool-589-thread-1] INFO  server.RaftServerConfigKeys (ConfUtils.java:logGet(46)) - raft.server.log.segment.size.max = 1048576 (custom)
2022-08-09 13:49:19,051 [EventQueue-OpenPipelineForHealthyPipelineSafeModeRule] INFO  safemode.SCMSafeModeManager (HealthyPipelineSafeModeRule.java:process(137)) - SCM in safe mode. Healthy pipelines reported count is 0, required healthy pipeline reported count is 1
2022-08-09 13:49:19,051 [pool-589-thread-1] INFO  server.RaftServerConfigKeys (ConfUtils.java:logGet(46)) - raft.server.log.segment.cache.num.max = 2 (custom)
2022-08-09 13:49:19,051 [pool-589-thread-1] INFO  server.RaftServerConfigKeys (ConfUtils.java:logGet(46)) - raft.server.log.segment.cache.size.max = 200MB (=209715200) (default)
2022-08-09 13:49:19,051 [pool-589-thread-1] INFO  segmented.SegmentedRaftLogWorker (SegmentedRaftLogWorker.java:<init>(187)) - new facac9a0-ce51-4f90-b128-080475d31873@group-2A5D6D219DA0-SegmentedRaftLogWorker for RaftStorageImpl:Storage Directory /home/runner/work/ozone/ozone/hadoop-ozone/integration-test/target/test-dir/MiniOzoneClusterImpl-1803e0c7-8320-4379-92ef-724c5694b47b/datanode-0/data/ratis/ebea5230-8bf4-41e2-921d-2a5d6d219da0
2022-08-09 13:49:19,051 [pool-589-thread-1] INFO  server.RaftServerConfigKeys (ConfUtils.java:logGet(46)) - raft.server.log.queue.byte-limit = 4294967296 (custom)
2022-08-09 13:49:19,051 [pool-589-thread-1] INFO  server.RaftServerConfigKeys (ConfUtils.java:logGet(46)) - raft.server.log.queue.element-limit = 1024 (custom)
2022-08-09 13:49:19,051 [pool-589-thread-1] INFO  server.RaftServerConfigKeys (ConfUtils.java:logGet(46)) - raft.server.log.segment.size.max = 1048576 (custom)
2022-08-09 13:49:19,051 [pool-589-thread-1] INFO  server.RaftServerConfigKeys (ConfUtils.java:logGet(46)) - raft.server.log.preallocated.size = 16384 (custom)
2022-08-09 13:49:19,051 [pool-589-thread-1] INFO  server.RaftServerConfigKeys (ConfUtils.java:logGet(46)) - raft.server.log.force.sync.num = 128 (default)
2022-08-09 13:49:19,051 [pool-589-thread-1] INFO  server.RaftServerConfigKeys (ConfUtils.java:logGet(46)) - raft.server.log.statemachine.data.sync = true (default)
2022-08-09 13:49:19,051 [pool-589-thread-1] INFO  server.RaftServerConfigKeys (ConfUtils.java:logGet(46)) - raft.server.log.statemachine.data.sync.timeout = 10s (default)
2022-08-09 13:49:19,052 [pool-589-thread-1] INFO  server.RaftServerConfigKeys (ConfUtils.java:logGet(46)) - raft.server.log.statemachine.data.sync.timeout.retry = -1 (default)
2022-08-09 13:49:19,052 [pool-589-thread-1] INFO  server.RaftServerConfigKeys (ConfUtils.java:logGet(46)) - raft.server.log.write.buffer.size = 1048576 (custom)
2022-08-09 13:49:19,053 [pool-589-thread-1] INFO  server.RaftServerConfigKeys (ConfUtils.java:logGet(46)) - raft.server.log.unsafe-flush.enabled = false (default)
2022-08-09 13:49:19,053 [pool-589-thread-1] INFO  server.RaftServerConfigKeys (ConfUtils.java:logGet(46)) - raft.server.log.statemachine.data.caching.enabled = true (custom)
2022-08-09 13:49:19,053 [pool-589-thread-1] INFO  segmented.SegmentedRaftLogWorker (SegmentedRaftLogWorker.java:lambda$new$0(135)) - facac9a0-ce51-4f90-b128-080475d31873@group-2A5D6D219DA0-SegmentedRaftLogWorker: flushIndex: setUnconditionally 0 -> -1
2022-08-09 13:49:19,053 [pool-589-thread-1] INFO  segmented.SegmentedRaftLogWorker (SegmentedRaftLogWorker.java:lambda$new$0(135)) - facac9a0-ce51-4f90-b128-080475d31873@group-2A5D6D219DA0-SegmentedRaftLogWorker: safeCacheEvictIndex: setUnconditionally 0 -> -1
2022-08-09 13:49:19,066 [pool-589-thread-1] INFO  server.RaftServerConfigKeys (ConfUtils.java:logGet(46)) - raft.server.snapshot.auto.trigger.enabled = true (custom)
2022-08-09 13:49:19,066 [pool-589-thread-1] INFO  server.RaftServerConfigKeys (ConfUtils.java:logGet(46)) - raft.server.snapshot.auto.trigger.threshold = 10000 (custom)
2022-08-09 13:49:19,066 [pool-589-thread-1] INFO  server.RaftServerConfigKeys (ConfUtils.java:logGet(46)) - raft.server.snapshot.retention.file.num = 5 (custom)
2022-08-09 13:49:19,066 [pool-589-thread-1] INFO  server.RaftServerConfigKeys (ConfUtils.java:logGet(46)) - raft.server.log.purge.upto.snapshot.index = false (default)
2022-08-09 13:49:19,066 [pool-589-thread-1] INFO  server.RaftServerConfigKeys (ConfUtils.java:logGet(46)) - raft.server.retrycache.expirytime = 600000ms (custom)
2022-08-09 13:49:19,066 [pool-589-thread-1] INFO  server.RaftServerConfigKeys (ConfUtils.java:logGet(46)) - raft.server.retrycache.statistics.expirytime = 100μs (default)
2022-08-09 13:49:19,067 [pool-589-thread-1] INFO  server.RaftServerConfigKeys (ConfUtils.java:logGet(46)) - raft.server.log.appender.install.snapshot.enabled = false (custom)
2022-08-09 13:49:19,067 [pool-589-thread-1] INFO  server.RaftServerConfigKeys (ConfUtils.java:logGet(46)) - raft.server.threadpool.server.cached = true (default)
2022-08-09 13:49:19,067 [pool-589-thread-1] INFO  server.RaftServerConfigKeys (ConfUtils.java:logGet(46)) - raft.server.threadpool.server.size = 0 (default)
2022-08-09 13:49:19,067 [pool-589-thread-1] INFO  server.RaftServerConfigKeys (ConfUtils.java:logGet(46)) - raft.server.threadpool.client.cached = true (default)
2022-08-09 13:49:19,067 [pool-589-thread-1] INFO  server.RaftServerConfigKeys (ConfUtils.java:logGet(46)) - raft.server.threadpool.client.size = 0 (default)
2022-08-09 13:49:19,067 [pool-589-thread-1] INFO  server.RaftServer$Division (RaftServerImpl.java:start(310)) - facac9a0-ce51-4f90-b128-080475d31873@group-2A5D6D219DA0: start as a follower, conf=-1: [facac9a0-ce51-4f90-b128-080475d31873|rpc:10.1.0.19:44939|priority:0, a642edec-ac5e-4d27-8806-3ece717121b6|rpc:10.1.0.19:36299|priority:1, a9bcd0ff-35fc-4d0a-8e3c-7398e9e8d683|rpc:10.1.0.19:44419|priority:0], old=null
2022-08-09 13:49:19,067 [pool-589-thread-1] INFO  server.RaftServer$Division (RaftServerImpl.java:setRole(299)) - facac9a0-ce51-4f90-b128-080475d31873@group-2A5D6D219DA0: changes role from      null to FOLLOWER at term 0 for startAsFollower
2022-08-09 13:49:19,067 [pool-589-thread-1] INFO  impl.RoleInfo (RoleInfo.java:updateAndGet(139)) - facac9a0-ce51-4f90-b128-080475d31873: start facac9a0-ce51-4f90-b128-080475d31873@group-2A5D6D219DA0-FollowerState
2022-08-09 13:49:19,069 [pool-589-thread-1] INFO  util.JmxRegister (JmxRegister.java:tryRegister(44)) - Successfully registered JMX Bean with object name Ratis:service=RaftServer,group=group-2A5D6D219DA0,id=facac9a0-ce51-4f90-b128-080475d31873
2022-08-09 13:49:19,073 [Command processor thread] INFO  ratis.XceiverServerRatis (XceiverServerRatis.java:addGroup(765)) - Created group PipelineID=ebea5230-8bf4-41e2-921d-2a5d6d219da0
2022-08-09 13:49:19,105 [grpc-default-executor-0] INFO  server.RaftServer (RaftServerProxy.java:addNew(96)) - a9bcd0ff-35fc-4d0a-8e3c-7398e9e8d683: addNew group-2A5D6D219DA0:[facac9a0-ce51-4f90-b128-080475d31873|rpc:10.1.0.19:44939|dataStream:|priority:0, a642edec-ac5e-4d27-8806-3ece717121b6|rpc:10.1.0.19:36299|dataStream:|priority:1, a9bcd0ff-35fc-4d0a-8e3c-7398e9e8d683|rpc:10.1.0.19:44419|dataStream:|priority:0] returns group-2A5D6D219DA0:java.util.concurrent.CompletableFuture@7a6dd999[Not completed]
2022-08-09 13:49:19,106 [pool-635-thread-1] INFO  server.RaftServer$Division (RaftServerImpl.java:<init>(190)) - a9bcd0ff-35fc-4d0a-8e3c-7398e9e8d683: new RaftServerImpl for group-2A5D6D219DA0:[facac9a0-ce51-4f90-b128-080475d31873|rpc:10.1.0.19:44939|dataStream:|priority:0, a642edec-ac5e-4d27-8806-3ece717121b6|rpc:10.1.0.19:36299|dataStream:|priority:1, a9bcd0ff-35fc-4d0a-8e3c-7398e9e8d683|rpc:10.1.0.19:44419|dataStream:|priority:0] with ContainerStateMachine:uninitialized
2022-08-09 13:49:19,106 [pool-635-thread-1] INFO  server.RaftServerConfigKeys (ConfUtils.java:logGet(46)) - raft.server.rpc.timeout.min = 5s (custom)
2022-08-09 13:49:19,106 [pool-635-thread-1] INFO  server.RaftServerConfigKeys (ConfUtils.java:logGet(46)) - raft.server.rpc.timeout.max = 5200ms (custom)
2022-08-09 13:49:19,106 [pool-635-thread-1] INFO  server.RaftServerConfigKeys (ConfUtils.java:logGet(46)) - raft.server.rpc.sleep.time = 25ms (default)
2022-08-09 13:49:19,106 [pool-635-thread-1] INFO  server.RaftServerConfigKeys (ConfUtils.java:logGet(46)) - raft.server.rpc.slowness.timeout = 300s (custom)
2022-08-09 13:49:19,106 [pool-635-thread-1] INFO  server.RaftServerConfigKeys (ConfUtils.java:logGet(46)) - raft.server.leaderelection.leader.step-down.wait-time = 10s (default)
2022-08-09 13:49:19,106 [pool-635-thread-1] INFO  server.RaftServerConfigKeys (ConfUtils.java:logGet(46)) - raft.server.sleep.deviation.threshold = 300ms (default)
2022-08-09 13:49:19,106 [pool-635-thread-1] INFO  server.RaftServer$Division (ServerState.java:<init>(107)) - a9bcd0ff-35fc-4d0a-8e3c-7398e9e8d683@group-2A5D6D219DA0: ConfigurationManager, init=-1: [facac9a0-ce51-4f90-b128-080475d31873|rpc:10.1.0.19:44939|dataStream:|priority:0, a642edec-ac5e-4d27-8806-3ece717121b6|rpc:10.1.0.19:36299|dataStream:|priority:1, a9bcd0ff-35fc-4d0a-8e3c-7398e9e8d683|rpc:10.1.0.19:44419|dataStream:|priority:0], old=null, confs=<EMPTY_MAP>
2022-08-09 13:49:19,106 [pool-635-thread-1] INFO  server.RaftServerConfigKeys (ConfUtils.java:logGet(46)) - raft.server.storage.dir = [/home/runner/work/ozone/ozone/hadoop-ozone/integration-test/target/test-dir/MiniOzoneClusterImpl-1803e0c7-8320-4379-92ef-724c5694b47b/datanode-2/data/ratis] (custom)
2022-08-09 13:49:19,107 [pool-635-thread-1] INFO  server.RaftServerConfigKeys (ConfUtils.java:logGet(46)) - raft.server.log.corruption.policy = EXCEPTION (default)
2022-08-09 13:49:19,107 [pool-635-thread-1] INFO  server.RaftServerConfigKeys (ConfUtils.java:logGet(46)) - raft.server.storage.free-space.min = 0MB (=0) (default)
2022-08-09 13:49:19,107 [pool-635-thread-1] INFO  storage.RaftStorageDirectory (RaftStorageDirectoryImpl.java:analyzeStorage(135)) - The storage directory /home/runner/work/ozone/ozone/hadoop-ozone/integration-test/target/test-dir/MiniOzoneClusterImpl-1803e0c7-8320-4379-92ef-724c5694b47b/datanode-2/data/ratis/ebea5230-8bf4-41e2-921d-2a5d6d219da0 does not exist. Creating ...
2022-08-09 13:49:19,109 [pool-635-thread-1] INFO  storage.RaftStorageDirectory (RaftStorageDirectoryImpl.java:tryLock(230)) - Lock on /home/runner/work/ozone/ozone/hadoop-ozone/integration-test/target/test-dir/MiniOzoneClusterImpl-1803e0c7-8320-4379-92ef-724c5694b47b/datanode-2/data/ratis/ebea5230-8bf4-41e2-921d-2a5d6d219da0/in_use.lock acquired by nodename 10574@fv-az450-466
2022-08-09 13:49:19,112 [pool-635-thread-1] INFO  storage.RaftStorage (RaftStorageImpl.java:format(89)) - Storage directory /home/runner/work/ozone/ozone/hadoop-ozone/integration-test/target/test-dir/MiniOzoneClusterImpl-1803e0c7-8320-4379-92ef-724c5694b47b/datanode-2/data/ratis/ebea5230-8bf4-41e2-921d-2a5d6d219da0 has been successfully formatted.
2022-08-09 13:49:19,112 [pool-635-thread-1] INFO  ratis.ContainerStateMachine (ContainerStateMachine.java:loadSnapshot(236)) - group-2A5D6D219DA0: The snapshot info is null. Setting the last applied indexto:(t:0, i:~)
2022-08-09 13:49:19,133 [pool-635-thread-1] INFO  server.RaftServerConfigKeys (ConfUtils.java:logGet(46)) - raft.server.notification.no-leader.timeout = 300s (custom)
2022-08-09 13:49:19,133 [pool-635-thread-1] INFO  server.RaftServerConfigKeys (ConfUtils.java:logGet(46)) - raft.server.log.use.memory = false (default)
2022-08-09 13:49:19,133 [pool-635-thread-1] INFO  server.RaftServerConfigKeys (ConfUtils.java:logGet(46)) - raft.server.log.purge.gap = 1000000 (custom)
2022-08-09 13:49:19,133 [pool-635-thread-1] INFO  server.RaftServerConfigKeys (ConfUtils.java:logGet(46)) - raft.server.log.appender.buffer.byte-limit = 33554432 (custom)
2022-08-09 13:49:19,133 [pool-635-thread-1] INFO  server.RaftServerConfigKeys (ConfUtils.java:logGet(46)) - raft.server.log.statemachine.data.read.timeout = 1000ms (default)
2022-08-09 13:49:19,133 [pool-635-thread-1] INFO  server.RaftServerConfigKeys (ConfUtils.java:logGet(46)) - raft.server.log.segment.size.max = 1048576 (custom)
2022-08-09 13:49:19,134 [pool-635-thread-1] INFO  server.RaftServerConfigKeys (ConfUtils.java:logGet(46)) - raft.server.log.segment.cache.num.max = 2 (custom)
2022-08-09 13:49:19,134 [pool-635-thread-1] INFO  server.RaftServerConfigKeys (ConfUtils.java:logGet(46)) - raft.server.log.segment.cache.size.max = 200MB (=209715200) (default)
2022-08-09 13:49:19,134 [pool-635-thread-1] INFO  segmented.SegmentedRaftLogWorker (SegmentedRaftLogWorker.java:<init>(187)) - new a9bcd0ff-35fc-4d0a-8e3c-7398e9e8d683@group-2A5D6D219DA0-SegmentedRaftLogWorker for RaftStorageImpl:Storage Directory /home/runner/work/ozone/ozone/hadoop-ozone/integration-test/target/test-dir/MiniOzoneClusterImpl-1803e0c7-8320-4379-92ef-724c5694b47b/datanode-2/data/ratis/ebea5230-8bf4-41e2-921d-2a5d6d219da0
2022-08-09 13:49:19,134 [pool-635-thread-1] INFO  server.RaftServerConfigKeys (ConfUtils.java:logGet(46)) - raft.server.log.queue.byte-limit = 4294967296 (custom)
2022-08-09 13:49:19,134 [pool-635-thread-1] INFO  server.RaftServerConfigKeys (ConfUtils.java:logGet(46)) - raft.server.log.queue.element-limit = 1024 (custom)
2022-08-09 13:49:19,134 [pool-635-thread-1] INFO  server.RaftServerConfigKeys (ConfUtils.java:logGet(46)) - raft.server.log.segment.size.max = 1048576 (custom)
2022-08-09 13:49:19,134 [pool-635-thread-1] INFO  server.RaftServerConfigKeys (ConfUtils.java:logGet(46)) - raft.server.log.preallocated.size = 16384 (custom)
2022-08-09 13:49:19,134 [pool-635-thread-1] INFO  server.RaftServerConfigKeys (ConfUtils.java:logGet(46)) - raft.server.log.force.sync.num = 128 (default)
2022-08-09 13:49:19,134 [pool-635-thread-1] INFO  server.RaftServerConfigKeys (ConfUtils.java:logGet(46)) - raft.server.log.statemachine.data.sync = true (default)
2022-08-09 13:49:19,134 [pool-635-thread-1] INFO  server.RaftServerConfigKeys (ConfUtils.java:logGet(46)) - raft.server.log.statemachine.data.sync.timeout = 10s (default)
2022-08-09 13:49:19,134 [pool-635-thread-1] INFO  server.RaftServerConfigKeys (ConfUtils.java:logGet(46)) - raft.server.log.statemachine.data.sync.timeout.retry = -1 (default)
2022-08-09 13:49:19,135 [pool-635-thread-1] INFO  server.RaftServerConfigKeys (ConfUtils.java:logGet(46)) - raft.server.log.write.buffer.size = 1048576 (custom)
2022-08-09 13:49:19,136 [pool-635-thread-1] INFO  server.RaftServerConfigKeys (ConfUtils.java:logGet(46)) - raft.server.log.unsafe-flush.enabled = false (default)
2022-08-09 13:49:19,136 [pool-635-thread-1] INFO  server.RaftServerConfigKeys (ConfUtils.java:logGet(46)) - raft.server.log.statemachine.data.caching.enabled = true (custom)
2022-08-09 13:49:19,136 [pool-635-thread-1] INFO  segmented.SegmentedRaftLogWorker (SegmentedRaftLogWorker.java:lambda$new$0(135)) - a9bcd0ff-35fc-4d0a-8e3c-7398e9e8d683@group-2A5D6D219DA0-SegmentedRaftLogWorker: flushIndex: setUnconditionally 0 -> -1
2022-08-09 13:49:19,136 [pool-635-thread-1] INFO  segmented.SegmentedRaftLogWorker (SegmentedRaftLogWorker.java:lambda$new$0(135)) - a9bcd0ff-35fc-4d0a-8e3c-7398e9e8d683@group-2A5D6D219DA0-SegmentedRaftLogWorker: safeCacheEvictIndex: setUnconditionally 0 -> -1
2022-08-09 13:49:19,136 [pool-635-thread-1] INFO  server.RaftServerConfigKeys (ConfUtils.java:logGet(46)) - raft.server.snapshot.auto.trigger.enabled = true (custom)
2022-08-09 13:49:19,136 [pool-635-thread-1] INFO  server.RaftServerConfigKeys (ConfUtils.java:logGet(46)) - raft.server.snapshot.auto.trigger.threshold = 10000 (custom)
2022-08-09 13:49:19,136 [pool-635-thread-1] INFO  server.RaftServerConfigKeys (ConfUtils.java:logGet(46)) - raft.server.snapshot.retention.file.num = 5 (custom)
2022-08-09 13:49:19,136 [pool-635-thread-1] INFO  server.RaftServerConfigKeys (ConfUtils.java:logGet(46)) - raft.server.log.purge.upto.snapshot.index = false (default)
2022-08-09 13:49:19,136 [pool-635-thread-1] INFO  server.RaftServerConfigKeys (ConfUtils.java:logGet(46)) - raft.server.retrycache.expirytime = 600000ms (custom)
2022-08-09 13:49:19,136 [pool-635-thread-1] INFO  server.RaftServerConfigKeys (ConfUtils.java:logGet(46)) - raft.server.retrycache.statistics.expirytime = 100μs (default)
2022-08-09 13:49:19,137 [pool-635-thread-1] INFO  server.RaftServerConfigKeys (ConfUtils.java:logGet(46)) - raft.server.log.appender.install.snapshot.enabled = false (custom)
2022-08-09 13:49:19,138 [pool-635-thread-1] INFO  server.RaftServerConfigKeys (ConfUtils.java:logGet(46)) - raft.server.threadpool.server.cached = true (default)
2022-08-09 13:49:19,138 [pool-635-thread-1] INFO  server.RaftServerConfigKeys (ConfUtils.java:logGet(46)) - raft.server.threadpool.server.size = 0 (default)
2022-08-09 13:49:19,138 [pool-635-thread-1] INFO  server.RaftServerConfigKeys (ConfUtils.java:logGet(46)) - raft.server.threadpool.client.cached = true (default)
2022-08-09 13:49:19,138 [pool-635-thread-1] INFO  server.RaftServerConfigKeys (ConfUtils.java:logGet(46)) - raft.server.threadpool.client.size = 0 (default)
2022-08-09 13:49:19,138 [pool-635-thread-1] INFO  server.RaftServer$Division (RaftServerImpl.java:start(310)) - a9bcd0ff-35fc-4d0a-8e3c-7398e9e8d683@group-2A5D6D219DA0: start as a follower, conf=-1: [facac9a0-ce51-4f90-b128-080475d31873|rpc:10.1.0.19:44939|dataStream:|priority:0, a642edec-ac5e-4d27-8806-3ece717121b6|rpc:10.1.0.19:36299|dataStream:|priority:1, a9bcd0ff-35fc-4d0a-8e3c-7398e9e8d683|rpc:10.1.0.19:44419|dataStream:|priority:0], old=null
2022-08-09 13:49:19,138 [pool-635-thread-1] INFO  server.RaftServer$Division (RaftServerImpl.java:setRole(299)) - a9bcd0ff-35fc-4d0a-8e3c-7398e9e8d683@group-2A5D6D219DA0: changes role from      null to FOLLOWER at term 0 for startAsFollower
2022-08-09 13:49:19,138 [pool-635-thread-1] INFO  impl.RoleInfo (RoleInfo.java:updateAndGet(139)) - a9bcd0ff-35fc-4d0a-8e3c-7398e9e8d683: start a9bcd0ff-35fc-4d0a-8e3c-7398e9e8d683@group-2A5D6D219DA0-FollowerState
2022-08-09 13:49:19,163 [pool-635-thread-1] INFO  util.JmxRegister (JmxRegister.java:tryRegister(44)) - Successfully registered JMX Bean with object name Ratis:service=RaftServer,group=group-2A5D6D219DA0,id=a9bcd0ff-35fc-4d0a-8e3c-7398e9e8d683
2022-08-09 13:49:19,166 [Listener at 127.0.0.1/42643] INFO  ozone.MiniOzoneClusterImpl (MiniOzoneClusterImpl.java:lambda$waitForClusterToBeReady$0(216)) - Waiting for nodes to be ready. Got 4 of 5 DN Heartbeats.
2022-08-09 13:49:19,167 [Listener at 127.0.0.1/42643] INFO  ozone.MiniOzoneClusterImpl (MiniOzoneClusterImpl.java:lambda$waitForClusterToBeReady$0(219)) - Waiting for cluster to exit safe mode
2022-08-09 13:49:19,167 [Listener at 127.0.0.1/42643] INFO  ozone.MiniOzoneClusterImpl (MiniOzoneClusterImpl.java:lambda$waitForClusterToBeReady$0(221)) - SCM became leader
2022-08-09 13:49:19,224 [grpc-default-executor-0] INFO  server.RaftServer (RaftServerProxy.java:addNew(96)) - a642edec-ac5e-4d27-8806-3ece717121b6: addNew group-2A5D6D219DA0:[facac9a0-ce51-4f90-b128-080475d31873|rpc:10.1.0.19:44939|dataStream:|priority:0, a642edec-ac5e-4d27-8806-3ece717121b6|rpc:10.1.0.19:36299|dataStream:|priority:1, a9bcd0ff-35fc-4d0a-8e3c-7398e9e8d683|rpc:10.1.0.19:44419|dataStream:|priority:0] returns group-2A5D6D219DA0:java.util.concurrent.CompletableFuture@7a66d19f[Not completed]
2022-08-09 13:49:19,247 [pool-612-thread-1] INFO  server.RaftServer$Division (RaftServerImpl.java:<init>(190)) - a642edec-ac5e-4d27-8806-3ece717121b6: new RaftServerImpl for group-2A5D6D219DA0:[facac9a0-ce51-4f90-b128-080475d31873|rpc:10.1.0.19:44939|dataStream:|priority:0, a642edec-ac5e-4d27-8806-3ece717121b6|rpc:10.1.0.19:36299|dataStream:|priority:1, a9bcd0ff-35fc-4d0a-8e3c-7398e9e8d683|rpc:10.1.0.19:44419|dataStream:|priority:0] with ContainerStateMachine:uninitialized
2022-08-09 13:49:19,248 [pool-612-thread-1] INFO  server.RaftServerConfigKeys (ConfUtils.java:logGet(46)) - raft.server.rpc.timeout.min = 5s (custom)
2022-08-09 13:49:19,248 [pool-612-thread-1] INFO  server.RaftServerConfigKeys (ConfUtils.java:logGet(46)) - raft.server.rpc.timeout.max = 5200ms (custom)
2022-08-09 13:49:19,248 [pool-612-thread-1] INFO  server.RaftServerConfigKeys (ConfUtils.java:logGet(46)) - raft.server.rpc.sleep.time = 25ms (default)
2022-08-09 13:49:19,248 [pool-612-thread-1] INFO  server.RaftServerConfigKeys (ConfUtils.java:logGet(46)) - raft.server.rpc.slowness.timeout = 300s (custom)
2022-08-09 13:49:19,248 [pool-612-thread-1] INFO  server.RaftServerConfigKeys (ConfUtils.java:logGet(46)) - raft.server.leaderelection.leader.step-down.wait-time = 10s (default)
2022-08-09 13:49:19,248 [pool-612-thread-1] INFO  server.RaftServerConfigKeys (ConfUtils.java:logGet(46)) - raft.server.sleep.deviation.threshold = 300ms (default)
2022-08-09 13:49:19,248 [pool-612-thread-1] INFO  server.RaftServer$Division (ServerState.java:<init>(107)) - a642edec-ac5e-4d27-8806-3ece717121b6@group-2A5D6D219DA0: ConfigurationManager, init=-1: [facac9a0-ce51-4f90-b128-080475d31873|rpc:10.1.0.19:44939|dataStream:|priority:0, a642edec-ac5e-4d27-8806-3ece717121b6|rpc:10.1.0.19:36299|dataStream:|priority:1, a9bcd0ff-35fc-4d0a-8e3c-7398e9e8d683|rpc:10.1.0.19:44419|dataStream:|priority:0], old=null, confs=<EMPTY_MAP>
2022-08-09 13:49:19,248 [pool-612-thread-1] INFO  server.RaftServerConfigKeys (ConfUtils.java:logGet(46)) - raft.server.storage.dir = [/home/runner/work/ozone/ozone/hadoop-ozone/integration-test/target/test-dir/MiniOzoneClusterImpl-1803e0c7-8320-4379-92ef-724c5694b47b/datanode-1/data/ratis] (custom)
2022-08-09 13:49:19,248 [pool-612-thread-1] INFO  server.RaftServerConfigKeys (ConfUtils.java:logGet(46)) - raft.server.log.corruption.policy = EXCEPTION (default)
2022-08-09 13:49:19,248 [pool-612-thread-1] INFO  server.RaftServerConfigKeys (ConfUtils.java:logGet(46)) - raft.server.storage.free-space.min = 0MB (=0) (default)
2022-08-09 13:49:19,248 [pool-612-thread-1] INFO  storage.RaftStorageDirectory (RaftStorageDirectoryImpl.java:analyzeStorage(135)) - The storage directory /home/runner/work/ozone/ozone/hadoop-ozone/integration-test/target/test-dir/MiniOzoneClusterImpl-1803e0c7-8320-4379-92ef-724c5694b47b/datanode-1/data/ratis/ebea5230-8bf4-41e2-921d-2a5d6d219da0 does not exist. Creating ...
2022-08-09 13:49:19,252 [IPC Server handler 16 on default port 38939] INFO  net.NetworkTopologyImpl (NetworkTopologyImpl.java:add(112)) - Added a new node: /default-rack/772eb59f-65bd-4f3e-8be4-0b3810e8c7eb
2022-08-09 13:49:19,252 [IPC Server handler 16 on default port 38939] INFO  node.SCMNodeManager (SCMNodeManager.java:register(397)) - Registered Data node : 772eb59f-65bd-4f3e-8be4-0b3810e8c7eb{ip: 10.1.0.19, host: fv-az450-466.jnfmftgkylze5hd05chtbp1i0a.dx.internal.cloudapp.net, ports: [REPLICATION=39271, RATIS=44191, RATIS_ADMIN=44191, RATIS_SERVER=44191, STANDALONE=42757], networkLocation: /default-rack, certSerialId: null, persistedOpState: null, persistedOpStateExpiryEpochSec: 0}
2022-08-09 13:49:19,253 [EventQueue-NewNodeForNewNodeHandler] INFO  pipeline.BackgroundPipelineCreator (BackgroundPipelineCreator.java:notifyEventTriggered(276)) - trigger a one-shot run on RatisPipelineUtilsThread.
2022-08-09 13:49:19,254 [pool-612-thread-1] INFO  storage.RaftStorageDirectory (RaftStorageDirectoryImpl.java:tryLock(230)) - Lock on /home/runner/work/ozone/ozone/hadoop-ozone/integration-test/target/test-dir/MiniOzoneClusterImpl-1803e0c7-8320-4379-92ef-724c5694b47b/datanode-1/data/ratis/ebea5230-8bf4-41e2-921d-2a5d6d219da0/in_use.lock acquired by nodename 10574@fv-az450-466
2022-08-09 13:49:19,256 [pool-612-thread-1] INFO  storage.RaftStorage (RaftStorageImpl.java:format(89)) - Storage directory /home/runner/work/ozone/ozone/hadoop-ozone/integration-test/target/test-dir/MiniOzoneClusterImpl-1803e0c7-8320-4379-92ef-724c5694b47b/datanode-1/data/ratis/ebea5230-8bf4-41e2-921d-2a5d6d219da0 has been successfully formatted.
2022-08-09 13:49:19,277 [pool-612-thread-1] INFO  ratis.ContainerStateMachine (ContainerStateMachine.java:loadSnapshot(236)) - group-2A5D6D219DA0: The snapshot info is null. Setting the last applied indexto:(t:0, i:~)
2022-08-09 13:49:19,277 [pool-612-thread-1] INFO  server.RaftServerConfigKeys (ConfUtils.java:logGet(46)) - raft.server.notification.no-leader.timeout = 300s (custom)
2022-08-09 13:49:19,277 [pool-612-thread-1] INFO  server.RaftServerConfigKeys (ConfUtils.java:logGet(46)) - raft.server.log.use.memory = false (default)
2022-08-09 13:49:19,277 [pool-612-thread-1] INFO  server.RaftServerConfigKeys (ConfUtils.java:logGet(46)) - raft.server.log.purge.gap = 1000000 (custom)
2022-08-09 13:49:19,277 [pool-612-thread-1] INFO  server.RaftServerConfigKeys (ConfUtils.java:logGet(46)) - raft.server.log.appender.buffer.byte-limit = 33554432 (custom)
2022-08-09 13:49:19,278 [pool-612-thread-1] INFO  server.RaftServerConfigKeys (ConfUtils.java:logGet(46)) - raft.server.log.statemachine.data.read.timeout = 1000ms (default)
2022-08-09 13:49:19,278 [pool-612-thread-1] INFO  server.RaftServerConfigKeys (ConfUtils.java:logGet(46)) - raft.server.log.segment.size.max = 1048576 (custom)
2022-08-09 13:49:19,278 [pool-612-thread-1] INFO  server.RaftServerConfigKeys (ConfUtils.java:logGet(46)) - raft.server.log.segment.cache.num.max = 2 (custom)
2022-08-09 13:49:19,278 [pool-612-thread-1] INFO  server.RaftServerConfigKeys (ConfUtils.java:logGet(46)) - raft.server.log.segment.cache.size.max = 200MB (=209715200) (default)
2022-08-09 13:49:19,278 [pool-612-thread-1] INFO  segmented.SegmentedRaftLogWorker (SegmentedRaftLogWorker.java:<init>(187)) - new a642edec-ac5e-4d27-8806-3ece717121b6@group-2A5D6D219DA0-SegmentedRaftLogWorker for RaftStorageImpl:Storage Directory /home/runner/work/ozone/ozone/hadoop-ozone/integration-test/target/test-dir/MiniOzoneClusterImpl-1803e0c7-8320-4379-92ef-724c5694b47b/datanode-1/data/ratis/ebea5230-8bf4-41e2-921d-2a5d6d219da0
2022-08-09 13:49:19,278 [pool-612-thread-1] INFO  server.RaftServerConfigKeys (ConfUtils.java:logGet(46)) - raft.server.log.queue.byte-limit = 4294967296 (custom)
2022-08-09 13:49:19,278 [pool-612-thread-1] INFO  server.RaftServerConfigKeys (ConfUtils.java:logGet(46)) - raft.server.log.queue.element-limit = 1024 (custom)
2022-08-09 13:49:19,278 [pool-612-thread-1] INFO  server.RaftServerConfigKeys (ConfUtils.java:logGet(46)) - raft.server.log.segment.size.max = 1048576 (custom)
2022-08-09 13:49:19,293 [pool-612-thread-1] INFO  server.RaftServerConfigKeys (ConfUtils.java:logGet(46)) - raft.server.log.preallocated.size = 16384 (custom)
2022-08-09 13:49:19,293 [RatisPipelineUtilsThread - 0] INFO  pipeline.RatisPipelineProvider (RatisPipelineProvider.java:lambda$create$0(195)) - Sending CreatePipelineCommand for pipeline:PipelineID=c0c07c95-4ce0-4b24-8f7d-217edfcd55c7 to datanode:772eb59f-65bd-4f3e-8be4-0b3810e8c7eb
2022-08-09 13:49:19,294 [RatisPipelineUtilsThread - 0] INFO  pipeline.PipelineStateManagerImpl (PipelineStateManagerImpl.java:addPipeline(103)) - Created pipeline Pipeline[ Id: c0c07c95-4ce0-4b24-8f7d-217edfcd55c7, Nodes: 772eb59f-65bd-4f3e-8be4-0b3810e8c7eb{ip: 10.1.0.19, host: fv-az450-466.jnfmftgkylze5hd05chtbp1i0a.dx.internal.cloudapp.net, ports: [REPLICATION=39271, RATIS=44191, RATIS_ADMIN=44191, RATIS_SERVER=44191, STANDALONE=42757], networkLocation: /default-rack, certSerialId: null, persistedOpState: IN_SERVICE, persistedOpStateExpiryEpochSec: 0}, ReplicationConfig: RATIS/ONE, State:ALLOCATED, leaderId:, CreationTimestamp2022-08-09T13:49:19.293Z[Etc/UTC]].
2022-08-09 13:49:19,293 [pool-612-thread-1] INFO  server.RaftServerConfigKeys (ConfUtils.java:logGet(46)) - raft.server.log.force.sync.num = 128 (default)
2022-08-09 13:49:19,294 [pool-612-thread-1] INFO  server.RaftServerConfigKeys (ConfUtils.java:logGet(46)) - raft.server.log.statemachine.data.sync = true (default)
2022-08-09 13:49:19,294 [pool-612-thread-1] INFO  server.RaftServerConfigKeys (ConfUtils.java:logGet(46)) - raft.server.log.statemachine.data.sync.timeout = 10s (default)
2022-08-09 13:49:19,294 [pool-612-thread-1] INFO  server.RaftServerConfigKeys (ConfUtils.java:logGet(46)) - raft.server.log.statemachine.data.sync.timeout.retry = -1 (default)
2022-08-09 13:49:19,295 [pool-612-thread-1] INFO  server.RaftServerConfigKeys (ConfUtils.java:logGet(46)) - raft.server.log.write.buffer.size = 1048576 (custom)
2022-08-09 13:49:19,296 [pool-612-thread-1] INFO  server.RaftServerConfigKeys (ConfUtils.java:logGet(46)) - raft.server.log.unsafe-flush.enabled = false (default)
2022-08-09 13:49:19,296 [pool-612-thread-1] INFO  server.RaftServerConfigKeys (ConfUtils.java:logGet(46)) - raft.server.log.statemachine.data.caching.enabled = true (custom)
2022-08-09 13:49:19,296 [pool-612-thread-1] INFO  segmented.SegmentedRaftLogWorker (SegmentedRaftLogWorker.java:lambda$new$0(135)) - a642edec-ac5e-4d27-8806-3ece717121b6@group-2A5D6D219DA0-SegmentedRaftLogWorker: flushIndex: setUnconditionally 0 -> -1
2022-08-09 13:49:19,296 [pool-612-thread-1] INFO  segmented.SegmentedRaftLogWorker (SegmentedRaftLogWorker.java:lambda$new$0(135)) - a642edec-ac5e-4d27-8806-3ece717121b6@group-2A5D6D219DA0-SegmentedRaftLogWorker: safeCacheEvictIndex: setUnconditionally 0 -> -1
2022-08-09 13:49:19,303 [pool-612-thread-1] INFO  server.RaftServerConfigKeys (ConfUtils.java:logGet(46)) - raft.server.snapshot.auto.trigger.enabled = true (custom)
2022-08-09 13:49:19,303 [pool-612-thread-1] INFO  server.RaftServerConfigKeys (ConfUtils.java:logGet(46)) - raft.server.snapshot.auto.trigger.threshold = 10000 (custom)
2022-08-09 13:49:19,303 [pool-612-thread-1] INFO  server.RaftServerConfigKeys (ConfUtils.java:logGet(46)) - raft.server.snapshot.retention.file.num = 5 (custom)
2022-08-09 13:49:19,303 [pool-612-thread-1] INFO  server.RaftServerConfigKeys (ConfUtils.java:logGet(46)) - raft.server.log.purge.upto.snapshot.index = false (default)
2022-08-09 13:49:19,303 [pool-612-thread-1] INFO  server.RaftServerConfigKeys (ConfUtils.java:logGet(46)) - raft.server.retrycache.expirytime = 600000ms (custom)
2022-08-09 13:49:19,303 [pool-612-thread-1] INFO  server.RaftServerConfigKeys (ConfUtils.java:logGet(46)) - raft.server.retrycache.statistics.expirytime = 100μs (default)
2022-08-09 13:49:19,304 [pool-612-thread-1] INFO  server.RaftServerConfigKeys (ConfUtils.java:logGet(46)) - raft.server.log.appender.install.snapshot.enabled = false (custom)
2022-08-09 13:49:19,304 [pool-612-thread-1] INFO  server.RaftServerConfigKeys (ConfUtils.java:logGet(46)) - raft.server.threadpool.server.cached = true (default)
2022-08-09 13:49:19,304 [pool-612-thread-1] INFO  server.RaftServerConfigKeys (ConfUtils.java:logGet(46)) - raft.server.threadpool.server.size = 0 (default)
2022-08-09 13:49:19,304 [pool-612-thread-1] INFO  server.RaftServerConfigKeys (ConfUtils.java:logGet(46)) - raft.server.threadpool.client.cached = true (default)
2022-08-09 13:49:19,304 [pool-612-thread-1] INFO  server.RaftServerConfigKeys (ConfUtils.java:logGet(46)) - raft.server.threadpool.client.size = 0 (default)
2022-08-09 13:49:19,304 [pool-612-thread-1] INFO  server.RaftServer$Division (RaftServerImpl.java:start(310)) - a642edec-ac5e-4d27-8806-3ece717121b6@group-2A5D6D219DA0: start as a follower, conf=-1: [facac9a0-ce51-4f90-b128-080475d31873|rpc:10.1.0.19:44939|dataStream:|priority:0, a642edec-ac5e-4d27-8806-3ece717121b6|rpc:10.1.0.19:36299|dataStream:|priority:1, a9bcd0ff-35fc-4d0a-8e3c-7398e9e8d683|rpc:10.1.0.19:44419|dataStream:|priority:0], old=null
2022-08-09 13:49:19,304 [pool-612-thread-1] INFO  server.RaftServer$Division (RaftServerImpl.java:setRole(299)) - a642edec-ac5e-4d27-8806-3ece717121b6@group-2A5D6D219DA0: changes role from      null to FOLLOWER at term 0 for startAsFollower
2022-08-09 13:49:19,304 [pool-612-thread-1] INFO  impl.RoleInfo (RoleInfo.java:updateAndGet(139)) - a642edec-ac5e-4d27-8806-3ece717121b6: start a642edec-ac5e-4d27-8806-3ece717121b6@group-2A5D6D219DA0-FollowerState
2022-08-09 13:49:19,327 [pool-612-thread-1] INFO  util.JmxRegister (JmxRegister.java:tryRegister(44)) - Successfully registered JMX Bean with object name Ratis:service=RaftServer,group=group-2A5D6D219DA0,id=a642edec-ac5e-4d27-8806-3ece717121b6
2022-08-09 13:49:19,337 [Command processor thread] INFO  commandhandler.CreatePipelineCommandHandler (CreatePipelineCommandHandler.java:handle(113)) - Created Pipeline RATIS THREE PipelineID=ebea5230-8bf4-41e2-921d-2a5d6d219da0.
2022-08-09 13:49:19,353 [Command processor thread] INFO  server.RaftServer (RaftServerProxy.java:addNew(96)) - a642edec-ac5e-4d27-8806-3ece717121b6: addNew group-7D3D72E12E45:[a642edec-ac5e-4d27-8806-3ece717121b6|rpc:10.1.0.19:36299|priority:1] returns group-7D3D72E12E45:java.util.concurrent.CompletableFuture@18792ad1[Not completed]
2022-08-09 13:49:19,353 [pool-612-thread-1] INFO  server.RaftServer$Division (RaftServerImpl.java:<init>(190)) - a642edec-ac5e-4d27-8806-3ece717121b6: new RaftServerImpl for group-7D3D72E12E45:[a642edec-ac5e-4d27-8806-3ece717121b6|rpc:10.1.0.19:36299|priority:1] with ContainerStateMachine:uninitialized
2022-08-09 13:49:19,353 [pool-612-thread-1] INFO  server.RaftServerConfigKeys (ConfUtils.java:logGet(46)) - raft.server.rpc.timeout.min = 5s (custom)
2022-08-09 13:49:19,354 [pool-612-thread-1] INFO  server.RaftServerConfigKeys (ConfUtils.java:logGet(46)) - raft.server.rpc.timeout.max = 5200ms (custom)
2022-08-09 13:49:19,354 [pool-612-thread-1] INFO  server.RaftServerConfigKeys (ConfUtils.java:logGet(46)) - raft.server.rpc.sleep.time = 25ms (default)
2022-08-09 13:49:19,354 [pool-612-thread-1] INFO  server.RaftServerConfigKeys (ConfUtils.java:logGet(46)) - raft.server.rpc.slowness.timeout = 300s (custom)
2022-08-09 13:49:19,354 [pool-612-thread-1] INFO  server.RaftServerConfigKeys (ConfUtils.java:logGet(46)) - raft.server.leaderelection.leader.step-down.wait-time = 10s (default)
2022-08-09 13:49:19,354 [pool-612-thread-1] INFO  server.RaftServerConfigKeys (ConfUtils.java:logGet(46)) - raft.server.sleep.deviation.threshold = 300ms (default)
2022-08-09 13:49:19,354 [pool-612-thread-1] INFO  server.RaftServer$Division (ServerState.java:<init>(107)) - a642edec-ac5e-4d27-8806-3ece717121b6@group-7D3D72E12E45: ConfigurationManager, init=-1: [a642edec-ac5e-4d27-8806-3ece717121b6|rpc:10.1.0.19:36299|priority:1], old=null, confs=<EMPTY_MAP>
2022-08-09 13:49:19,354 [pool-612-thread-1] INFO  server.RaftServerConfigKeys (ConfUtils.java:logGet(46)) - raft.server.storage.dir = [/home/runner/work/ozone/ozone/hadoop-ozone/integration-test/target/test-dir/MiniOzoneClusterImpl-1803e0c7-8320-4379-92ef-724c5694b47b/datanode-1/data/ratis] (custom)
2022-08-09 13:49:19,354 [pool-612-thread-1] INFO  server.RaftServerConfigKeys (ConfUtils.java:logGet(46)) - raft.server.log.corruption.policy = EXCEPTION (default)
2022-08-09 13:49:19,354 [pool-612-thread-1] INFO  server.RaftServerConfigKeys (ConfUtils.java:logGet(46)) - raft.server.storage.free-space.min = 0MB (=0) (default)
2022-08-09 13:49:19,354 [pool-612-thread-1] INFO  storage.RaftStorageDirectory (RaftStorageDirectoryImpl.java:analyzeStorage(135)) - The storage directory /home/runner/work/ozone/ozone/hadoop-ozone/integration-test/target/test-dir/MiniOzoneClusterImpl-1803e0c7-8320-4379-92ef-724c5694b47b/datanode-1/data/ratis/843dda17-1a01-42b7-82a9-7d3d72e12e45 does not exist. Creating ...
2022-08-09 13:49:19,356 [pool-612-thread-1] INFO  storage.RaftStorageDirectory (RaftStorageDirectoryImpl.java:tryLock(230)) - Lock on /home/runner/work/ozone/ozone/hadoop-ozone/integration-test/target/test-dir/MiniOzoneClusterImpl-1803e0c7-8320-4379-92ef-724c5694b47b/datanode-1/data/ratis/843dda17-1a01-42b7-82a9-7d3d72e12e45/in_use.lock acquired by nodename 10574@fv-az450-466
2022-08-09 13:49:19,357 [pool-612-thread-1] INFO  storage.RaftStorage (RaftStorageImpl.java:format(89)) - Storage directory /home/runner/work/ozone/ozone/hadoop-ozone/integration-test/target/test-dir/MiniOzoneClusterImpl-1803e0c7-8320-4379-92ef-724c5694b47b/datanode-1/data/ratis/843dda17-1a01-42b7-82a9-7d3d72e12e45 has been successfully formatted.
2022-08-09 13:49:19,358 [pool-612-thread-1] INFO  ratis.ContainerStateMachine (ContainerStateMachine.java:loadSnapshot(236)) - group-7D3D72E12E45: The snapshot info is null. Setting the last applied indexto:(t:0, i:~)
2022-08-09 13:49:19,358 [pool-612-thread-1] INFO  server.RaftServerConfigKeys (ConfUtils.java:logGet(46)) - raft.server.notification.no-leader.timeout = 300s (custom)
2022-08-09 13:49:19,358 [pool-612-thread-1] INFO  server.RaftServerConfigKeys (ConfUtils.java:logGet(46)) - raft.server.log.use.memory = false (default)
2022-08-09 13:49:19,358 [pool-612-thread-1] INFO  server.RaftServerConfigKeys (ConfUtils.java:logGet(46)) - raft.server.log.purge.gap = 1000000 (custom)
2022-08-09 13:49:19,359 [EventQueue-PipelineReportForPipelineReportHandler] INFO  pipeline.PipelineManagerImpl (PipelineManagerImpl.java:openPipeline(367)) - Pipeline Pipeline[ Id: 843dda17-1a01-42b7-82a9-7d3d72e12e45, Nodes: a642edec-ac5e-4d27-8806-3ece717121b6{ip: 10.1.0.19, host: fv-az450-466.jnfmftgkylze5hd05chtbp1i0a.dx.internal.cloudapp.net, ports: [REPLICATION=34617, RATIS=36299, RATIS_ADMIN=36299, RATIS_SERVER=36299, STANDALONE=35003], networkLocation: /default-rack, certSerialId: null, persistedOpState: IN_SERVICE, persistedOpStateExpiryEpochSec: 0}, ReplicationConfig: RATIS/ONE, State:ALLOCATED, leaderId:a642edec-ac5e-4d27-8806-3ece717121b6, CreationTimestamp2022-08-09T13:49:16.374Z[Etc/UTC]] moved to OPEN state
2022-08-09 13:49:19,359 [EventQueue-OpenPipelineForHealthyPipelineSafeModeRule] INFO  safemode.SCMSafeModeManager (HealthyPipelineSafeModeRule.java:process(137)) - SCM in safe mode. Healthy pipelines reported count is 0, required healthy pipeline reported count is 1
2022-08-09 13:49:19,359 [pool-612-thread-1] INFO  server.RaftServerConfigKeys (ConfUtils.java:logGet(46)) - raft.server.log.appender.buffer.byte-limit = 33554432 (custom)
2022-08-09 13:49:19,359 [pool-612-thread-1] INFO  server.RaftServerConfigKeys (ConfUtils.java:logGet(46)) - raft.server.log.statemachine.data.read.timeout = 1000ms (default)
2022-08-09 13:49:19,359 [pool-612-thread-1] INFO  server.RaftServerConfigKeys (ConfUtils.java:logGet(46)) - raft.server.log.segment.size.max = 1048576 (custom)
2022-08-09 13:49:19,360 [pool-612-thread-1] INFO  server.RaftServerConfigKeys (ConfUtils.java:logGet(46)) - raft.server.log.segment.cache.num.max = 2 (custom)
2022-08-09 13:49:19,360 [pool-612-thread-1] INFO  server.RaftServerConfigKeys (ConfUtils.java:logGet(46)) - raft.server.log.segment.cache.size.max = 200MB (=209715200) (default)
2022-08-09 13:49:19,360 [pool-612-thread-1] INFO  segmented.SegmentedRaftLogWorker (SegmentedRaftLogWorker.java:<init>(187)) - new a642edec-ac5e-4d27-8806-3ece717121b6@group-7D3D72E12E45-SegmentedRaftLogWorker for RaftStorageImpl:Storage Directory /home/runner/work/ozone/ozone/hadoop-ozone/integration-test/target/test-dir/MiniOzoneClusterImpl-1803e0c7-8320-4379-92ef-724c5694b47b/datanode-1/data/ratis/843dda17-1a01-42b7-82a9-7d3d72e12e45
2022-08-09 13:49:19,360 [pool-612-thread-1] INFO  server.RaftServerConfigKeys (ConfUtils.java:logGet(46)) - raft.server.log.queue.byte-limit = 4294967296 (custom)
2022-08-09 13:49:19,360 [pool-612-thread-1] INFO  server.RaftServerConfigKeys (ConfUtils.java:logGet(46)) - raft.server.log.queue.element-limit = 1024 (custom)
2022-08-09 13:49:19,360 [pool-612-thread-1] INFO  server.RaftServerConfigKeys (ConfUtils.java:logGet(46)) - raft.server.log.segment.size.max = 1048576 (custom)
2022-08-09 13:49:19,360 [pool-612-thread-1] INFO  server.RaftServerConfigKeys (ConfUtils.java:logGet(46)) - raft.server.log.preallocated.size = 16384 (custom)
2022-08-09 13:49:19,360 [pool-612-thread-1] INFO  server.RaftServerConfigKeys (ConfUtils.java:logGet(46)) - raft.server.log.force.sync.num = 128 (default)
2022-08-09 13:49:19,360 [pool-612-thread-1] INFO  server.RaftServerConfigKeys (ConfUtils.java:logGet(46)) - raft.server.log.statemachine.data.sync = true (default)
2022-08-09 13:49:19,360 [pool-612-thread-1] INFO  server.RaftServerConfigKeys (ConfUtils.java:logGet(46)) - raft.server.log.statemachine.data.sync.timeout = 10s (default)
2022-08-09 13:49:19,360 [pool-612-thread-1] INFO  server.RaftServerConfigKeys (ConfUtils.java:logGet(46)) - raft.server.log.statemachine.data.sync.timeout.retry = -1 (default)
2022-08-09 13:49:19,361 [pool-612-thread-1] INFO  server.RaftServerConfigKeys (ConfUtils.java:logGet(46)) - raft.server.log.write.buffer.size = 1048576 (custom)
2022-08-09 13:49:19,361 [pool-612-thread-1] INFO  server.RaftServerConfigKeys (ConfUtils.java:logGet(46)) - raft.server.log.unsafe-flush.enabled = false (default)
2022-08-09 13:49:19,361 [pool-612-thread-1] INFO  server.RaftServerConfigKeys (ConfUtils.java:logGet(46)) - raft.server.log.statemachine.data.caching.enabled = true (custom)
2022-08-09 13:49:19,362 [pool-612-thread-1] INFO  segmented.SegmentedRaftLogWorker (SegmentedRaftLogWorker.java:lambda$new$0(135)) - a642edec-ac5e-4d27-8806-3ece717121b6@group-7D3D72E12E45-SegmentedRaftLogWorker: flushIndex: setUnconditionally 0 -> -1
2022-08-09 13:49:19,362 [pool-612-thread-1] INFO  segmented.SegmentedRaftLogWorker (SegmentedRaftLogWorker.java:lambda$new$0(135)) - a642edec-ac5e-4d27-8806-3ece717121b6@group-7D3D72E12E45-SegmentedRaftLogWorker: safeCacheEvictIndex: setUnconditionally 0 -> -1
2022-08-09 13:49:19,379 [pool-612-thread-1] INFO  server.RaftServerConfigKeys (ConfUtils.java:logGet(46)) - raft.server.snapshot.auto.trigger.enabled = true (custom)
2022-08-09 13:49:19,379 [pool-612-thread-1] INFO  server.RaftServerConfigKeys (ConfUtils.java:logGet(46)) - raft.server.snapshot.auto.trigger.threshold = 10000 (custom)
2022-08-09 13:49:19,379 [pool-612-thread-1] INFO  server.RaftServerConfigKeys (ConfUtils.java:logGet(46)) - raft.server.snapshot.retention.file.num = 5 (custom)
2022-08-09 13:49:19,379 [pool-612-thread-1] INFO  server.RaftServerConfigKeys (ConfUtils.java:logGet(46)) - raft.server.log.purge.upto.snapshot.index = false (default)
2022-08-09 13:49:19,379 [pool-612-thread-1] INFO  server.RaftServerConfigKeys (ConfUtils.java:logGet(46)) - raft.server.retrycache.expirytime = 600000ms (custom)
2022-08-09 13:49:19,379 [pool-612-thread-1] INFO  server.RaftServerConfigKeys (ConfUtils.java:logGet(46)) - raft.server.retrycache.statistics.expirytime = 100μs (default)
2022-08-09 13:49:19,380 [pool-612-thread-1] INFO  server.RaftServerConfigKeys (ConfUtils.java:logGet(46)) - raft.server.log.appender.install.snapshot.enabled = false (custom)
2022-08-09 13:49:19,380 [pool-612-thread-1] INFO  server.RaftServerConfigKeys (ConfUtils.java:logGet(46)) - raft.server.threadpool.server.cached = true (default)
2022-08-09 13:49:19,381 [pool-612-thread-1] INFO  server.RaftServerConfigKeys (ConfUtils.java:logGet(46)) - raft.server.threadpool.server.size = 0 (default)
2022-08-09 13:49:19,381 [pool-612-thread-1] INFO  server.RaftServerConfigKeys (ConfUtils.java:logGet(46)) - raft.server.threadpool.client.cached = true (default)
2022-08-09 13:49:19,381 [pool-612-thread-1] INFO  server.RaftServerConfigKeys (ConfUtils.java:logGet(46)) - raft.server.threadpool.client.size = 0 (default)
2022-08-09 13:49:19,381 [pool-612-thread-1] INFO  server.RaftServer$Division (RaftServerImpl.java:start(310)) - a642edec-ac5e-4d27-8806-3ece717121b6@group-7D3D72E12E45: start as a follower, conf=-1: [a642edec-ac5e-4d27-8806-3ece717121b6|rpc:10.1.0.19:36299|priority:1], old=null
2022-08-09 13:49:19,381 [pool-612-thread-1] INFO  server.RaftServer$Division (RaftServerImpl.java:setRole(299)) - a642edec-ac5e-4d27-8806-3ece717121b6@group-7D3D72E12E45: changes role from      null to FOLLOWER at term 0 for startAsFollower
2022-08-09 13:49:19,381 [pool-612-thread-1] INFO  impl.RoleInfo (RoleInfo.java:updateAndGet(139)) - a642edec-ac5e-4d27-8806-3ece717121b6: start a642edec-ac5e-4d27-8806-3ece717121b6@group-7D3D72E12E45-FollowerState
2022-08-09 13:49:19,401 [pool-612-thread-1] INFO  util.JmxRegister (JmxRegister.java:tryRegister(44)) - Successfully registered JMX Bean with object name Ratis:service=RaftServer,group=group-7D3D72E12E45,id=a642edec-ac5e-4d27-8806-3ece717121b6
2022-08-09 13:49:19,402 [Command processor thread] INFO  ratis.XceiverServerRatis (XceiverServerRatis.java:addGroup(765)) - Created group PipelineID=843dda17-1a01-42b7-82a9-7d3d72e12e45
2022-08-09 13:49:19,402 [Command processor thread] INFO  commandhandler.CreatePipelineCommandHandler (CreatePipelineCommandHandler.java:handle(113)) - Created Pipeline RATIS ONE PipelineID=843dda17-1a01-42b7-82a9-7d3d72e12e45.
2022-08-09 13:49:20,171 [Listener at 127.0.0.1/42643] INFO  ozone.MiniOzoneClusterImpl (MiniOzoneClusterImpl.java:lambda$waitForClusterToBeReady$0(216)) - Nodes are ready. Got 5 of 5 DN Heartbeats.
2022-08-09 13:49:20,171 [Listener at 127.0.0.1/42643] INFO  ozone.MiniOzoneClusterImpl (MiniOzoneClusterImpl.java:lambda$waitForClusterToBeReady$0(219)) - Waiting for cluster to exit safe mode
2022-08-09 13:49:20,171 [Listener at 127.0.0.1/42643] INFO  ozone.MiniOzoneClusterImpl (MiniOzoneClusterImpl.java:lambda$waitForClusterToBeReady$0(221)) - SCM became leader
2022-08-09 13:49:20,174 [Command processor thread] INFO  server.RaftServer (RaftServerProxy.java:addNew(96)) - a9bcd0ff-35fc-4d0a-8e3c-7398e9e8d683: addNew group-77CF3284B42D:[a9bcd0ff-35fc-4d0a-8e3c-7398e9e8d683|rpc:10.1.0.19:44419|priority:1] returns group-77CF3284B42D:java.util.concurrent.CompletableFuture@13d923c7[Not completed]
2022-08-09 13:49:20,175 [pool-635-thread-1] INFO  server.RaftServer$Division (RaftServerImpl.java:<init>(190)) - a9bcd0ff-35fc-4d0a-8e3c-7398e9e8d683: new RaftServerImpl for group-77CF3284B42D:[a9bcd0ff-35fc-4d0a-8e3c-7398e9e8d683|rpc:10.1.0.19:44419|priority:1] with ContainerStateMachine:uninitialized
2022-08-09 13:49:20,175 [pool-635-thread-1] INFO  server.RaftServerConfigKeys (ConfUtils.java:logGet(46)) - raft.server.rpc.timeout.min = 5s (custom)
2022-08-09 13:49:20,175 [pool-635-thread-1] INFO  server.RaftServerConfigKeys (ConfUtils.java:logGet(46)) - raft.server.rpc.timeout.max = 5200ms (custom)
2022-08-09 13:49:20,175 [pool-635-thread-1] INFO  server.RaftServerConfigKeys (ConfUtils.java:logGet(46)) - raft.server.rpc.sleep.time = 25ms (default)
2022-08-09 13:49:20,175 [pool-635-thread-1] INFO  server.RaftServerConfigKeys (ConfUtils.java:logGet(46)) - raft.server.rpc.slowness.timeout = 300s (custom)
2022-08-09 13:49:20,176 [pool-635-thread-1] INFO  server.RaftServerConfigKeys (ConfUtils.java:logGet(46)) - raft.server.leaderelection.leader.step-down.wait-time = 10s (default)
2022-08-09 13:49:20,176 [pool-635-thread-1] INFO  server.RaftServerConfigKeys (ConfUtils.java:logGet(46)) - raft.server.sleep.deviation.threshold = 300ms (default)
2022-08-09 13:49:20,176 [pool-635-thread-1] INFO  server.RaftServer$Division (ServerState.java:<init>(107)) - a9bcd0ff-35fc-4d0a-8e3c-7398e9e8d683@group-77CF3284B42D: ConfigurationManager, init=-1: [a9bcd0ff-35fc-4d0a-8e3c-7398e9e8d683|rpc:10.1.0.19:44419|priority:1], old=null, confs=<EMPTY_MAP>
2022-08-09 13:49:20,176 [pool-635-thread-1] INFO  server.RaftServerConfigKeys (ConfUtils.java:logGet(46)) - raft.server.storage.dir = [/home/runner/work/ozone/ozone/hadoop-ozone/integration-test/target/test-dir/MiniOzoneClusterImpl-1803e0c7-8320-4379-92ef-724c5694b47b/datanode-2/data/ratis] (custom)
2022-08-09 13:49:20,176 [pool-635-thread-1] INFO  server.RaftServerConfigKeys (ConfUtils.java:logGet(46)) - raft.server.log.corruption.policy = EXCEPTION (default)
2022-08-09 13:49:20,176 [pool-635-thread-1] INFO  server.RaftServerConfigKeys (ConfUtils.java:logGet(46)) - raft.server.storage.free-space.min = 0MB (=0) (default)
2022-08-09 13:49:20,176 [pool-635-thread-1] INFO  storage.RaftStorageDirectory (RaftStorageDirectoryImpl.java:analyzeStorage(135)) - The storage directory /home/runner/work/ozone/ozone/hadoop-ozone/integration-test/target/test-dir/MiniOzoneClusterImpl-1803e0c7-8320-4379-92ef-724c5694b47b/datanode-2/data/ratis/31dcd507-507b-4a4b-b752-77cf3284b42d does not exist. Creating ...
2022-08-09 13:49:20,185 [pool-635-thread-1] INFO  storage.RaftStorageDirectory (RaftStorageDirectoryImpl.java:tryLock(230)) - Lock on /home/runner/work/ozone/ozone/hadoop-ozone/integration-test/target/test-dir/MiniOzoneClusterImpl-1803e0c7-8320-4379-92ef-724c5694b47b/datanode-2/data/ratis/31dcd507-507b-4a4b-b752-77cf3284b42d/in_use.lock acquired by nodename 10574@fv-az450-466
2022-08-09 13:49:20,188 [pool-635-thread-1] INFO  storage.RaftStorage (RaftStorageImpl.java:format(89)) - Storage directory /home/runner/work/ozone/ozone/hadoop-ozone/integration-test/target/test-dir/MiniOzoneClusterImpl-1803e0c7-8320-4379-92ef-724c5694b47b/datanode-2/data/ratis/31dcd507-507b-4a4b-b752-77cf3284b42d has been successfully formatted.
2022-08-09 13:49:20,190 [pool-635-thread-1] INFO  ratis.ContainerStateMachine (ContainerStateMachine.java:loadSnapshot(236)) - group-77CF3284B42D: The snapshot info is null. Setting the last applied indexto:(t:0, i:~)
2022-08-09 13:49:20,190 [pool-635-thread-1] INFO  server.RaftServerConfigKeys (ConfUtils.java:logGet(46)) - raft.server.notification.no-leader.timeout = 300s (custom)
2022-08-09 13:49:20,191 [pool-635-thread-1] INFO  server.RaftServerConfigKeys (ConfUtils.java:logGet(46)) - raft.server.log.use.memory = false (default)
2022-08-09 13:49:20,193 [EventQueue-PipelineReportForPipelineReportHandler] INFO  pipeline.PipelineManagerImpl (PipelineManagerImpl.java:openPipeline(367)) - Pipeline Pipeline[ Id: 31dcd507-507b-4a4b-b752-77cf3284b42d, Nodes: a9bcd0ff-35fc-4d0a-8e3c-7398e9e8d683{ip: 10.1.0.19, host: fv-az450-466.jnfmftgkylze5hd05chtbp1i0a.dx.internal.cloudapp.net, ports: [REPLICATION=36215, RATIS=44419, RATIS_ADMIN=44419, RATIS_SERVER=44419, STANDALONE=41537], networkLocation: /default-rack, certSerialId: null, persistedOpState: IN_SERVICE, persistedOpStateExpiryEpochSec: 0}, ReplicationConfig: RATIS/ONE, State:ALLOCATED, leaderId:a9bcd0ff-35fc-4d0a-8e3c-7398e9e8d683, CreationTimestamp2022-08-09T13:49:17.180Z[Etc/UTC]] moved to OPEN state
2022-08-09 13:49:20,194 [EventQueue-OpenPipelineForHealthyPipelineSafeModeRule] INFO  safemode.SCMSafeModeManager (HealthyPipelineSafeModeRule.java:process(137)) - SCM in safe mode. Healthy pipelines reported count is 0, required healthy pipeline reported count is 1
2022-08-09 13:49:20,194 [pool-635-thread-1] INFO  server.RaftServerConfigKeys (ConfUtils.java:logGet(46)) - raft.server.log.purge.gap = 1000000 (custom)
2022-08-09 13:49:20,194 [pool-635-thread-1] INFO  server.RaftServerConfigKeys (ConfUtils.java:logGet(46)) - raft.server.log.appender.buffer.byte-limit = 33554432 (custom)
2022-08-09 13:49:20,194 [pool-635-thread-1] INFO  server.RaftServerConfigKeys (ConfUtils.java:logGet(46)) - raft.server.log.statemachine.data.read.timeout = 1000ms (default)
2022-08-09 13:49:20,195 [pool-635-thread-1] INFO  server.RaftServerConfigKeys (ConfUtils.java:logGet(46)) - raft.server.log.segment.size.max = 1048576 (custom)
2022-08-09 13:49:20,195 [pool-635-thread-1] INFO  server.RaftServerConfigKeys (ConfUtils.java:logGet(46)) - raft.server.log.segment.cache.num.max = 2 (custom)
2022-08-09 13:49:20,195 [pool-635-thread-1] INFO  server.RaftServerConfigKeys (ConfUtils.java:logGet(46)) - raft.server.log.segment.cache.size.max = 200MB (=209715200) (default)
2022-08-09 13:49:20,195 [pool-635-thread-1] INFO  segmented.SegmentedRaftLogWorker (SegmentedRaftLogWorker.java:<init>(187)) - new a9bcd0ff-35fc-4d0a-8e3c-7398e9e8d683@group-77CF3284B42D-SegmentedRaftLogWorker for RaftStorageImpl:Storage Directory /home/runner/work/ozone/ozone/hadoop-ozone/integration-test/target/test-dir/MiniOzoneClusterImpl-1803e0c7-8320-4379-92ef-724c5694b47b/datanode-2/data/ratis/31dcd507-507b-4a4b-b752-77cf3284b42d
2022-08-09 13:49:20,195 [pool-635-thread-1] INFO  server.RaftServerConfigKeys (ConfUtils.java:logGet(46)) - raft.server.log.queue.byte-limit = 4294967296 (custom)
2022-08-09 13:49:20,195 [pool-635-thread-1] INFO  server.RaftServerConfigKeys (ConfUtils.java:logGet(46)) - raft.server.log.queue.element-limit = 1024 (custom)
2022-08-09 13:49:20,195 [pool-635-thread-1] INFO  server.RaftServerConfigKeys (ConfUtils.java:logGet(46)) - raft.server.log.segment.size.max = 1048576 (custom)
2022-08-09 13:49:20,195 [pool-635-thread-1] INFO  server.RaftServerConfigKeys (ConfUtils.java:logGet(46)) - raft.server.log.preallocated.size = 16384 (custom)
2022-08-09 13:49:20,195 [pool-635-thread-1] INFO  server.RaftServerConfigKeys (ConfUtils.java:logGet(46)) - raft.server.log.force.sync.num = 128 (default)
2022-08-09 13:49:20,195 [pool-635-thread-1] INFO  server.RaftServerConfigKeys (ConfUtils.java:logGet(46)) - raft.server.log.statemachine.data.sync = true (default)
2022-08-09 13:49:20,195 [pool-635-thread-1] INFO  server.RaftServerConfigKeys (ConfUtils.java:logGet(46)) - raft.server.log.statemachine.data.sync.timeout = 10s (default)
2022-08-09 13:49:20,195 [pool-635-thread-1] INFO  server.RaftServerConfigKeys (ConfUtils.java:logGet(46)) - raft.server.log.statemachine.data.sync.timeout.retry = -1 (default)
2022-08-09 13:49:20,196 [pool-635-thread-1] INFO  server.RaftServerConfigKeys (ConfUtils.java:logGet(46)) - raft.server.log.write.buffer.size = 1048576 (custom)
2022-08-09 13:49:20,197 [pool-635-thread-1] INFO  server.RaftServerConfigKeys (ConfUtils.java:logGet(46)) - raft.server.log.unsafe-flush.enabled = false (default)
2022-08-09 13:49:20,197 [pool-635-thread-1] INFO  server.RaftServerConfigKeys (ConfUtils.java:logGet(46)) - raft.server.log.statemachine.data.caching.enabled = true (custom)
2022-08-09 13:49:20,197 [pool-635-thread-1] INFO  segmented.SegmentedRaftLogWorker (SegmentedRaftLogWorker.java:lambda$new$0(135)) - a9bcd0ff-35fc-4d0a-8e3c-7398e9e8d683@group-77CF3284B42D-SegmentedRaftLogWorker: flushIndex: setUnconditionally 0 -> -1
2022-08-09 13:49:20,197 [pool-635-thread-1] INFO  segmented.SegmentedRaftLogWorker (SegmentedRaftLogWorker.java:lambda$new$0(135)) - a9bcd0ff-35fc-4d0a-8e3c-7398e9e8d683@group-77CF3284B42D-SegmentedRaftLogWorker: safeCacheEvictIndex: setUnconditionally 0 -> -1
2022-08-09 13:49:20,203 [pool-635-thread-1] INFO  server.RaftServerConfigKeys (ConfUtils.java:logGet(46)) - raft.server.snapshot.auto.trigger.enabled = true (custom)
2022-08-09 13:49:20,203 [pool-635-thread-1] INFO  server.RaftServerConfigKeys (ConfUtils.java:logGet(46)) - raft.server.snapshot.auto.trigger.threshold = 10000 (custom)
2022-08-09 13:49:20,203 [pool-635-thread-1] INFO  server.RaftServerConfigKeys (ConfUtils.java:logGet(46)) - raft.server.snapshot.retention.file.num = 5 (custom)
2022-08-09 13:49:20,203 [pool-635-thread-1] INFO  server.RaftServerConfigKeys (ConfUtils.java:logGet(46)) - raft.server.log.purge.upto.snapshot.index = false (default)
2022-08-09 13:49:20,203 [pool-635-thread-1] INFO  server.RaftServerConfigKeys (ConfUtils.java:logGet(46)) - raft.server.retrycache.expirytime = 600000ms (custom)
2022-08-09 13:49:20,203 [pool-635-thread-1] INFO  server.RaftServerConfigKeys (ConfUtils.java:logGet(46)) - raft.server.retrycache.statistics.expirytime = 100μs (default)
2022-08-09 13:49:20,204 [pool-635-thread-1] INFO  server.RaftServerConfigKeys (ConfUtils.java:logGet(46)) - raft.server.log.appender.install.snapshot.enabled = false (custom)
2022-08-09 13:49:20,204 [pool-635-thread-1] INFO  server.RaftServerConfigKeys (ConfUtils.java:logGet(46)) - raft.server.threadpool.server.cached = true (default)
2022-08-09 13:49:20,204 [pool-635-thread-1] INFO  server.RaftServerConfigKeys (ConfUtils.java:logGet(46)) - raft.server.threadpool.server.size = 0 (default)
2022-08-09 13:49:20,204 [pool-635-thread-1] INFO  server.RaftServerConfigKeys (ConfUtils.java:logGet(46)) - raft.server.threadpool.client.cached = true (default)
2022-08-09 13:49:20,204 [pool-635-thread-1] INFO  server.RaftServerConfigKeys (ConfUtils.java:logGet(46)) - raft.server.threadpool.client.size = 0 (default)
2022-08-09 13:49:20,204 [pool-635-thread-1] INFO  server.RaftServer$Division (RaftServerImpl.java:start(310)) - a9bcd0ff-35fc-4d0a-8e3c-7398e9e8d683@group-77CF3284B42D: start as a follower, conf=-1: [a9bcd0ff-35fc-4d0a-8e3c-7398e9e8d683|rpc:10.1.0.19:44419|priority:1], old=null
2022-08-09 13:49:20,205 [pool-635-thread-1] INFO  server.RaftServer$Division (RaftServerImpl.java:setRole(299)) - a9bcd0ff-35fc-4d0a-8e3c-7398e9e8d683@group-77CF3284B42D: changes role from      null to FOLLOWER at term 0 for startAsFollower
2022-08-09 13:49:20,205 [pool-635-thread-1] INFO  impl.RoleInfo (RoleInfo.java:updateAndGet(139)) - a9bcd0ff-35fc-4d0a-8e3c-7398e9e8d683: start a9bcd0ff-35fc-4d0a-8e3c-7398e9e8d683@group-77CF3284B42D-FollowerState
2022-08-09 13:49:20,220 [pool-635-thread-1] INFO  util.JmxRegister (JmxRegister.java:tryRegister(44)) - Successfully registered JMX Bean with object name Ratis:service=RaftServer,group=group-77CF3284B42D,id=a9bcd0ff-35fc-4d0a-8e3c-7398e9e8d683
2022-08-09 13:49:20,234 [Command processor thread] INFO  ratis.XceiverServerRatis (XceiverServerRatis.java:addGroup(765)) - Created group PipelineID=31dcd507-507b-4a4b-b752-77cf3284b42d
2022-08-09 13:49:20,234 [Command processor thread] INFO  commandhandler.CreatePipelineCommandHandler (CreatePipelineCommandHandler.java:handle(113)) - Created Pipeline RATIS ONE PipelineID=31dcd507-507b-4a4b-b752-77cf3284b42d.
2022-08-09 13:49:21,172 [Listener at 127.0.0.1/42643] INFO  ozone.MiniOzoneClusterImpl (MiniOzoneClusterImpl.java:lambda$waitForClusterToBeReady$0(216)) - Nodes are ready. Got 5 of 5 DN Heartbeats.
2022-08-09 13:49:21,172 [Listener at 127.0.0.1/42643] INFO  ozone.MiniOzoneClusterImpl (MiniOzoneClusterImpl.java:lambda$waitForClusterToBeReady$0(219)) - Waiting for cluster to exit safe mode
2022-08-09 13:49:21,172 [Listener at 127.0.0.1/42643] INFO  ozone.MiniOzoneClusterImpl (MiniOzoneClusterImpl.java:lambda$waitForClusterToBeReady$0(221)) - SCM became leader
2022-08-09 13:49:21,265 [Command processor thread] INFO  server.RaftServer (RaftServerProxy.java:addNew(96)) - 38e181f0-6c08-490a-960d-0a972fca2357: addNew group-99AF818A252A:[38e181f0-6c08-490a-960d-0a972fca2357|rpc:10.1.0.19:45429|priority:1] returns group-99AF818A252A:java.util.concurrent.CompletableFuture@4112a940[Not completed]
2022-08-09 13:49:21,267 [pool-658-thread-1] INFO  server.RaftServer$Division (RaftServerImpl.java:<init>(190)) - 38e181f0-6c08-490a-960d-0a972fca2357: new RaftServerImpl for group-99AF818A252A:[38e181f0-6c08-490a-960d-0a972fca2357|rpc:10.1.0.19:45429|priority:1] with ContainerStateMachine:uninitialized
2022-08-09 13:49:21,267 [pool-658-thread-1] INFO  server.RaftServerConfigKeys (ConfUtils.java:logGet(46)) - raft.server.rpc.timeout.min = 5s (custom)
2022-08-09 13:49:21,267 [pool-658-thread-1] INFO  server.RaftServerConfigKeys (ConfUtils.java:logGet(46)) - raft.server.rpc.timeout.max = 5200ms (custom)
2022-08-09 13:49:21,267 [pool-658-thread-1] INFO  server.RaftServerConfigKeys (ConfUtils.java:logGet(46)) - raft.server.rpc.sleep.time = 25ms (default)
2022-08-09 13:49:21,267 [pool-658-thread-1] INFO  server.RaftServerConfigKeys (ConfUtils.java:logGet(46)) - raft.server.rpc.slowness.timeout = 300s (custom)
2022-08-09 13:49:21,267 [pool-658-thread-1] INFO  server.RaftServerConfigKeys (ConfUtils.java:logGet(46)) - raft.server.leaderelection.leader.step-down.wait-time = 10s (default)
2022-08-09 13:49:21,267 [pool-658-thread-1] INFO  server.RaftServerConfigKeys (ConfUtils.java:logGet(46)) - raft.server.sleep.deviation.threshold = 300ms (default)
2022-08-09 13:49:21,267 [pool-658-thread-1] INFO  server.RaftServer$Division (ServerState.java:<init>(107)) - 38e181f0-6c08-490a-960d-0a972fca2357@group-99AF818A252A: ConfigurationManager, init=-1: [38e181f0-6c08-490a-960d-0a972fca2357|rpc:10.1.0.19:45429|priority:1], old=null, confs=<EMPTY_MAP>
2022-08-09 13:49:21,267 [pool-658-thread-1] INFO  server.RaftServerConfigKeys (ConfUtils.java:logGet(46)) - raft.server.storage.dir = [/home/runner/work/ozone/ozone/hadoop-ozone/integration-test/target/test-dir/MiniOzoneClusterImpl-1803e0c7-8320-4379-92ef-724c5694b47b/datanode-3/data/ratis] (custom)
2022-08-09 13:49:21,267 [pool-658-thread-1] INFO  server.RaftServerConfigKeys (ConfUtils.java:logGet(46)) - raft.server.log.corruption.policy = EXCEPTION (default)
2022-08-09 13:49:21,267 [pool-658-thread-1] INFO  server.RaftServerConfigKeys (ConfUtils.java:logGet(46)) - raft.server.storage.free-space.min = 0MB (=0) (default)
2022-08-09 13:49:21,268 [pool-658-thread-1] INFO  storage.RaftStorageDirectory (RaftStorageDirectoryImpl.java:analyzeStorage(135)) - The storage directory /home/runner/work/ozone/ozone/hadoop-ozone/integration-test/target/test-dir/MiniOzoneClusterImpl-1803e0c7-8320-4379-92ef-724c5694b47b/datanode-3/data/ratis/e23da19d-f639-484f-abc0-99af818a252a does not exist. Creating ...
2022-08-09 13:49:21,277 [pool-658-thread-1] INFO  storage.RaftStorageDirectory (RaftStorageDirectoryImpl.java:tryLock(230)) - Lock on /home/runner/work/ozone/ozone/hadoop-ozone/integration-test/target/test-dir/MiniOzoneClusterImpl-1803e0c7-8320-4379-92ef-724c5694b47b/datanode-3/data/ratis/e23da19d-f639-484f-abc0-99af818a252a/in_use.lock acquired by nodename 10574@fv-az450-466
2022-08-09 13:49:21,291 [pool-658-thread-1] INFO  storage.RaftStorage (RaftStorageImpl.java:format(89)) - Storage directory /home/runner/work/ozone/ozone/hadoop-ozone/integration-test/target/test-dir/MiniOzoneClusterImpl-1803e0c7-8320-4379-92ef-724c5694b47b/datanode-3/data/ratis/e23da19d-f639-484f-abc0-99af818a252a has been successfully formatted.
2022-08-09 13:49:21,310 [pool-658-thread-1] INFO  ratis.ContainerStateMachine (ContainerStateMachine.java:loadSnapshot(236)) - group-99AF818A252A: The snapshot info is null. Setting the last applied indexto:(t:0, i:~)
2022-08-09 13:49:21,310 [pool-658-thread-1] INFO  server.RaftServerConfigKeys (ConfUtils.java:logGet(46)) - raft.server.notification.no-leader.timeout = 300s (custom)
2022-08-09 13:49:21,310 [pool-658-thread-1] INFO  server.RaftServerConfigKeys (ConfUtils.java:logGet(46)) - raft.server.log.use.memory = false (default)
2022-08-09 13:49:21,310 [pool-658-thread-1] INFO  server.RaftServerConfigKeys (ConfUtils.java:logGet(46)) - raft.server.log.purge.gap = 1000000 (custom)
2022-08-09 13:49:21,310 [pool-658-thread-1] INFO  server.RaftServerConfigKeys (ConfUtils.java:logGet(46)) - raft.server.log.appender.buffer.byte-limit = 33554432 (custom)
2022-08-09 13:49:21,310 [pool-658-thread-1] INFO  server.RaftServerConfigKeys (ConfUtils.java:logGet(46)) - raft.server.log.statemachine.data.read.timeout = 1000ms (default)
2022-08-09 13:49:21,310 [pool-658-thread-1] INFO  server.RaftServerConfigKeys (ConfUtils.java:logGet(46)) - raft.server.log.segment.size.max = 1048576 (custom)
2022-08-09 13:49:21,312 [EventQueue-PipelineReportForPipelineReportHandler] INFO  pipeline.PipelineManagerImpl (PipelineManagerImpl.java:openPipeline(367)) - Pipeline Pipeline[ Id: e23da19d-f639-484f-abc0-99af818a252a, Nodes: 38e181f0-6c08-490a-960d-0a972fca2357{ip: 10.1.0.19, host: fv-az450-466.jnfmftgkylze5hd05chtbp1i0a.dx.internal.cloudapp.net, ports: [REPLICATION=40051, RATIS=45429, RATIS_ADMIN=45429, RATIS_SERVER=45429, STANDALONE=42261], networkLocation: /default-rack, certSerialId: null, persistedOpState: IN_SERVICE, persistedOpStateExpiryEpochSec: 0}, ReplicationConfig: RATIS/ONE, State:ALLOCATED, leaderId:38e181f0-6c08-490a-960d-0a972fca2357, CreationTimestamp2022-08-09T13:49:18.268Z[Etc/UTC]] moved to OPEN state
2022-08-09 13:49:21,312 [EventQueue-OpenPipelineForHealthyPipelineSafeModeRule] INFO  safemode.SCMSafeModeManager (HealthyPipelineSafeModeRule.java:process(137)) - SCM in safe mode. Healthy pipelines reported count is 0, required healthy pipeline reported count is 1
2022-08-09 13:49:21,322 [pool-658-thread-1] INFO  server.RaftServerConfigKeys (ConfUtils.java:logGet(46)) - raft.server.log.segment.cache.num.max = 2 (custom)
2022-08-09 13:49:21,322 [pool-658-thread-1] INFO  server.RaftServerConfigKeys (ConfUtils.java:logGet(46)) - raft.server.log.segment.cache.size.max = 200MB (=209715200) (default)
2022-08-09 13:49:21,322 [pool-658-thread-1] INFO  segmented.SegmentedRaftLogWorker (SegmentedRaftLogWorker.java:<init>(187)) - new 38e181f0-6c08-490a-960d-0a972fca2357@group-99AF818A252A-SegmentedRaftLogWorker for RaftStorageImpl:Storage Directory /home/runner/work/ozone/ozone/hadoop-ozone/integration-test/target/test-dir/MiniOzoneClusterImpl-1803e0c7-8320-4379-92ef-724c5694b47b/datanode-3/data/ratis/e23da19d-f639-484f-abc0-99af818a252a
2022-08-09 13:49:21,322 [pool-658-thread-1] INFO  server.RaftServerConfigKeys (ConfUtils.java:logGet(46)) - raft.server.log.queue.byte-limit = 4294967296 (custom)
2022-08-09 13:49:21,322 [pool-658-thread-1] INFO  server.RaftServerConfigKeys (ConfUtils.java:logGet(46)) - raft.server.log.queue.element-limit = 1024 (custom)
2022-08-09 13:49:21,322 [pool-658-thread-1] INFO  server.RaftServerConfigKeys (ConfUtils.java:logGet(46)) - raft.server.log.segment.size.max = 1048576 (custom)
2022-08-09 13:49:21,322 [pool-658-thread-1] INFO  server.RaftServerConfigKeys (ConfUtils.java:logGet(46)) - raft.server.log.preallocated.size = 16384 (custom)
2022-08-09 13:49:21,322 [pool-658-thread-1] INFO  server.RaftServerConfigKeys (ConfUtils.java:logGet(46)) - raft.server.log.force.sync.num = 128 (default)
2022-08-09 13:49:21,322 [pool-658-thread-1] INFO  server.RaftServerConfigKeys (ConfUtils.java:logGet(46)) - raft.server.log.statemachine.data.sync = true (default)
2022-08-09 13:49:21,322 [pool-658-thread-1] INFO  server.RaftServerConfigKeys (ConfUtils.java:logGet(46)) - raft.server.log.statemachine.data.sync.timeout = 10s (default)
2022-08-09 13:49:21,322 [pool-658-thread-1] INFO  server.RaftServerConfigKeys (ConfUtils.java:logGet(46)) - raft.server.log.statemachine.data.sync.timeout.retry = -1 (default)
2022-08-09 13:49:21,323 [pool-658-thread-1] INFO  server.RaftServerConfigKeys (ConfUtils.java:logGet(46)) - raft.server.log.write.buffer.size = 1048576 (custom)
2022-08-09 13:49:21,324 [pool-658-thread-1] INFO  server.RaftServerConfigKeys (ConfUtils.java:logGet(46)) - raft.server.log.unsafe-flush.enabled = false (default)
2022-08-09 13:49:21,324 [pool-658-thread-1] INFO  server.RaftServerConfigKeys (ConfUtils.java:logGet(46)) - raft.server.log.statemachine.data.caching.enabled = true (custom)
2022-08-09 13:49:21,324 [pool-658-thread-1] INFO  segmented.SegmentedRaftLogWorker (SegmentedRaftLogWorker.java:lambda$new$0(135)) - 38e181f0-6c08-490a-960d-0a972fca2357@group-99AF818A252A-SegmentedRaftLogWorker: flushIndex: setUnconditionally 0 -> -1
2022-08-09 13:49:21,324 [pool-658-thread-1] INFO  segmented.SegmentedRaftLogWorker (SegmentedRaftLogWorker.java:lambda$new$0(135)) - 38e181f0-6c08-490a-960d-0a972fca2357@group-99AF818A252A-SegmentedRaftLogWorker: safeCacheEvictIndex: setUnconditionally 0 -> -1
2022-08-09 13:49:21,329 [pool-658-thread-1] INFO  server.RaftServerConfigKeys (ConfUtils.java:logGet(46)) - raft.server.snapshot.auto.trigger.enabled = true (custom)
2022-08-09 13:49:21,329 [pool-658-thread-1] INFO  server.RaftServerConfigKeys (ConfUtils.java:logGet(46)) - raft.server.snapshot.auto.trigger.threshold = 10000 (custom)
2022-08-09 13:49:21,329 [pool-658-thread-1] INFO  server.RaftServerConfigKeys (ConfUtils.java:logGet(46)) - raft.server.snapshot.retention.file.num = 5 (custom)
2022-08-09 13:49:21,329 [pool-658-thread-1] INFO  server.RaftServerConfigKeys (ConfUtils.java:logGet(46)) - raft.server.log.purge.upto.snapshot.index = false (default)
2022-08-09 13:49:21,329 [pool-658-thread-1] INFO  server.RaftServerConfigKeys (ConfUtils.java:logGet(46)) - raft.server.retrycache.expirytime = 600000ms (custom)
2022-08-09 13:49:21,329 [pool-658-thread-1] INFO  server.RaftServerConfigKeys (ConfUtils.java:logGet(46)) - raft.server.retrycache.statistics.expirytime = 100μs (default)
2022-08-09 13:49:21,330 [pool-658-thread-1] INFO  server.RaftServerConfigKeys (ConfUtils.java:logGet(46)) - raft.server.log.appender.install.snapshot.enabled = false (custom)
2022-08-09 13:49:21,330 [pool-658-thread-1] INFO  server.RaftServerConfigKeys (ConfUtils.java:logGet(46)) - raft.server.threadpool.server.cached = true (default)
2022-08-09 13:49:21,330 [pool-658-thread-1] INFO  server.RaftServerConfigKeys (ConfUtils.java:logGet(46)) - raft.server.threadpool.server.size = 0 (default)
2022-08-09 13:49:21,330 [pool-658-thread-1] INFO  server.RaftServerConfigKeys (ConfUtils.java:logGet(46)) - raft.server.threadpool.client.cached = true (default)
2022-08-09 13:49:21,330 [pool-658-thread-1] INFO  server.RaftServerConfigKeys (ConfUtils.java:logGet(46)) - raft.server.threadpool.client.size = 0 (default)
2022-08-09 13:49:21,330 [pool-658-thread-1] INFO  server.RaftServer$Division (RaftServerImpl.java:start(310)) - 38e181f0-6c08-490a-960d-0a972fca2357@group-99AF818A252A: start as a follower, conf=-1: [38e181f0-6c08-490a-960d-0a972fca2357|rpc:10.1.0.19:45429|priority:1], old=null
2022-08-09 13:49:21,330 [pool-658-thread-1] INFO  server.RaftServer$Division (RaftServerImpl.java:setRole(299)) - 38e181f0-6c08-490a-960d-0a972fca2357@group-99AF818A252A: changes role from      null to FOLLOWER at term 0 for startAsFollower
2022-08-09 13:49:21,330 [pool-658-thread-1] INFO  impl.RoleInfo (RoleInfo.java:updateAndGet(139)) - 38e181f0-6c08-490a-960d-0a972fca2357: start 38e181f0-6c08-490a-960d-0a972fca2357@group-99AF818A252A-FollowerState
2022-08-09 13:49:21,356 [pool-658-thread-1] INFO  util.JmxRegister (JmxRegister.java:tryRegister(44)) - Successfully registered JMX Bean with object name Ratis:service=RaftServer,group=group-99AF818A252A,id=38e181f0-6c08-490a-960d-0a972fca2357
2022-08-09 13:49:21,361 [Command processor thread] INFO  ratis.XceiverServerRatis (XceiverServerRatis.java:addGroup(765)) - Created group PipelineID=e23da19d-f639-484f-abc0-99af818a252a
2022-08-09 13:49:21,361 [Command processor thread] INFO  commandhandler.CreatePipelineCommandHandler (CreatePipelineCommandHandler.java:handle(113)) - Created Pipeline RATIS ONE PipelineID=e23da19d-f639-484f-abc0-99af818a252a.
2022-08-09 13:49:22,173 [Listener at 127.0.0.1/42643] INFO  ozone.MiniOzoneClusterImpl (MiniOzoneClusterImpl.java:lambda$waitForClusterToBeReady$0(216)) - Nodes are ready. Got 5 of 5 DN Heartbeats.
2022-08-09 13:49:22,173 [Listener at 127.0.0.1/42643] INFO  ozone.MiniOzoneClusterImpl (MiniOzoneClusterImpl.java:lambda$waitForClusterToBeReady$0(219)) - Waiting for cluster to exit safe mode
2022-08-09 13:49:22,173 [Listener at 127.0.0.1/42643] INFO  ozone.MiniOzoneClusterImpl (MiniOzoneClusterImpl.java:lambda$waitForClusterToBeReady$0(221)) - SCM became leader
2022-08-09 13:49:22,254 [Command processor thread] INFO  server.RaftServer (RaftServerProxy.java:addNew(96)) - 772eb59f-65bd-4f3e-8be4-0b3810e8c7eb: addNew group-217EDFCD55C7:[772eb59f-65bd-4f3e-8be4-0b3810e8c7eb|rpc:10.1.0.19:44191|priority:1] returns group-217EDFCD55C7:java.util.concurrent.CompletableFuture@4ebff083[Not completed]
2022-08-09 13:49:22,256 [pool-690-thread-1] INFO  server.RaftServer$Division (RaftServerImpl.java:<init>(190)) - 772eb59f-65bd-4f3e-8be4-0b3810e8c7eb: new RaftServerImpl for group-217EDFCD55C7:[772eb59f-65bd-4f3e-8be4-0b3810e8c7eb|rpc:10.1.0.19:44191|priority:1] with ContainerStateMachine:uninitialized
2022-08-09 13:49:22,256 [pool-690-thread-1] INFO  server.RaftServerConfigKeys (ConfUtils.java:logGet(46)) - raft.server.rpc.timeout.min = 5s (custom)
2022-08-09 13:49:22,256 [pool-690-thread-1] INFO  server.RaftServerConfigKeys (ConfUtils.java:logGet(46)) - raft.server.rpc.timeout.max = 5200ms (custom)
2022-08-09 13:49:22,256 [pool-690-thread-1] INFO  server.RaftServerConfigKeys (ConfUtils.java:logGet(46)) - raft.server.rpc.sleep.time = 25ms (default)
2022-08-09 13:49:22,256 [pool-690-thread-1] INFO  server.RaftServerConfigKeys (ConfUtils.java:logGet(46)) - raft.server.rpc.slowness.timeout = 300s (custom)
2022-08-09 13:49:22,256 [pool-690-thread-1] INFO  server.RaftServerConfigKeys (ConfUtils.java:logGet(46)) - raft.server.leaderelection.leader.step-down.wait-time = 10s (default)
2022-08-09 13:49:22,256 [pool-690-thread-1] INFO  server.RaftServerConfigKeys (ConfUtils.java:logGet(46)) - raft.server.sleep.deviation.threshold = 300ms (default)
2022-08-09 13:49:22,256 [pool-690-thread-1] INFO  server.RaftServer$Division (ServerState.java:<init>(107)) - 772eb59f-65bd-4f3e-8be4-0b3810e8c7eb@group-217EDFCD55C7: ConfigurationManager, init=-1: [772eb59f-65bd-4f3e-8be4-0b3810e8c7eb|rpc:10.1.0.19:44191|priority:1], old=null, confs=<EMPTY_MAP>
2022-08-09 13:49:22,256 [pool-690-thread-1] INFO  server.RaftServerConfigKeys (ConfUtils.java:logGet(46)) - raft.server.storage.dir = [/home/runner/work/ozone/ozone/hadoop-ozone/integration-test/target/test-dir/MiniOzoneClusterImpl-1803e0c7-8320-4379-92ef-724c5694b47b/datanode-4/data/ratis] (custom)
2022-08-09 13:49:22,257 [pool-690-thread-1] INFO  server.RaftServerConfigKeys (ConfUtils.java:logGet(46)) - raft.server.log.corruption.policy = EXCEPTION (default)
2022-08-09 13:49:22,257 [pool-690-thread-1] INFO  server.RaftServerConfigKeys (ConfUtils.java:logGet(46)) - raft.server.storage.free-space.min = 0MB (=0) (default)
2022-08-09 13:49:22,257 [pool-690-thread-1] INFO  storage.RaftStorageDirectory (RaftStorageDirectoryImpl.java:analyzeStorage(135)) - The storage directory /home/runner/work/ozone/ozone/hadoop-ozone/integration-test/target/test-dir/MiniOzoneClusterImpl-1803e0c7-8320-4379-92ef-724c5694b47b/datanode-4/data/ratis/c0c07c95-4ce0-4b24-8f7d-217edfcd55c7 does not exist. Creating ...
2022-08-09 13:49:22,258 [pool-690-thread-1] INFO  storage.RaftStorageDirectory (RaftStorageDirectoryImpl.java:tryLock(230)) - Lock on /home/runner/work/ozone/ozone/hadoop-ozone/integration-test/target/test-dir/MiniOzoneClusterImpl-1803e0c7-8320-4379-92ef-724c5694b47b/datanode-4/data/ratis/c0c07c95-4ce0-4b24-8f7d-217edfcd55c7/in_use.lock acquired by nodename 10574@fv-az450-466
2022-08-09 13:49:22,259 [pool-690-thread-1] INFO  storage.RaftStorage (RaftStorageImpl.java:format(89)) - Storage directory /home/runner/work/ozone/ozone/hadoop-ozone/integration-test/target/test-dir/MiniOzoneClusterImpl-1803e0c7-8320-4379-92ef-724c5694b47b/datanode-4/data/ratis/c0c07c95-4ce0-4b24-8f7d-217edfcd55c7 has been successfully formatted.
2022-08-09 13:49:22,282 [pool-690-thread-1] INFO  ratis.ContainerStateMachine (ContainerStateMachine.java:loadSnapshot(236)) - group-217EDFCD55C7: The snapshot info is null. Setting the last applied indexto:(t:0, i:~)
2022-08-09 13:49:22,282 [pool-690-thread-1] INFO  server.RaftServerConfigKeys (ConfUtils.java:logGet(46)) - raft.server.notification.no-leader.timeout = 300s (custom)
2022-08-09 13:49:22,282 [pool-690-thread-1] INFO  server.RaftServerConfigKeys (ConfUtils.java:logGet(46)) - raft.server.log.use.memory = false (default)
2022-08-09 13:49:22,290 [EventQueue-PipelineReportForPipelineReportHandler] INFO  pipeline.PipelineManagerImpl (PipelineManagerImpl.java:openPipeline(367)) - Pipeline Pipeline[ Id: c0c07c95-4ce0-4b24-8f7d-217edfcd55c7, Nodes: 772eb59f-65bd-4f3e-8be4-0b3810e8c7eb{ip: 10.1.0.19, host: fv-az450-466.jnfmftgkylze5hd05chtbp1i0a.dx.internal.cloudapp.net, ports: [REPLICATION=39271, RATIS=44191, RATIS_ADMIN=44191, RATIS_SERVER=44191, STANDALONE=42757], networkLocation: /default-rack, certSerialId: null, persistedOpState: IN_SERVICE, persistedOpStateExpiryEpochSec: 0}, ReplicationConfig: RATIS/ONE, State:ALLOCATED, leaderId:772eb59f-65bd-4f3e-8be4-0b3810e8c7eb, CreationTimestamp2022-08-09T13:49:19.293Z[Etc/UTC]] moved to OPEN state
2022-08-09 13:49:22,301 [pool-690-thread-1] INFO  server.RaftServerConfigKeys (ConfUtils.java:logGet(46)) - raft.server.log.purge.gap = 1000000 (custom)
2022-08-09 13:49:22,301 [pool-690-thread-1] INFO  server.RaftServerConfigKeys (ConfUtils.java:logGet(46)) - raft.server.log.appender.buffer.byte-limit = 33554432 (custom)
2022-08-09 13:49:22,301 [pool-690-thread-1] INFO  server.RaftServerConfigKeys (ConfUtils.java:logGet(46)) - raft.server.log.statemachine.data.read.timeout = 1000ms (default)
2022-08-09 13:49:22,301 [pool-690-thread-1] INFO  server.RaftServerConfigKeys (ConfUtils.java:logGet(46)) - raft.server.log.segment.size.max = 1048576 (custom)
2022-08-09 13:49:22,301 [EventQueue-OpenPipelineForHealthyPipelineSafeModeRule] INFO  safemode.SCMSafeModeManager (HealthyPipelineSafeModeRule.java:process(137)) - SCM in safe mode. Healthy pipelines reported count is 0, required healthy pipeline reported count is 1
2022-08-09 13:49:22,301 [pool-690-thread-1] INFO  server.RaftServerConfigKeys (ConfUtils.java:logGet(46)) - raft.server.log.segment.cache.num.max = 2 (custom)
2022-08-09 13:49:22,301 [pool-690-thread-1] INFO  server.RaftServerConfigKeys (ConfUtils.java:logGet(46)) - raft.server.log.segment.cache.size.max = 200MB (=209715200) (default)
2022-08-09 13:49:22,302 [pool-690-thread-1] INFO  segmented.SegmentedRaftLogWorker (SegmentedRaftLogWorker.java:<init>(187)) - new 772eb59f-65bd-4f3e-8be4-0b3810e8c7eb@group-217EDFCD55C7-SegmentedRaftLogWorker for RaftStorageImpl:Storage Directory /home/runner/work/ozone/ozone/hadoop-ozone/integration-test/target/test-dir/MiniOzoneClusterImpl-1803e0c7-8320-4379-92ef-724c5694b47b/datanode-4/data/ratis/c0c07c95-4ce0-4b24-8f7d-217edfcd55c7
2022-08-09 13:49:22,302 [pool-690-thread-1] INFO  server.RaftServerConfigKeys (ConfUtils.java:logGet(46)) - raft.server.log.queue.byte-limit = 4294967296 (custom)
2022-08-09 13:49:22,302 [pool-690-thread-1] INFO  server.RaftServerConfigKeys (ConfUtils.java:logGet(46)) - raft.server.log.queue.element-limit = 1024 (custom)
2022-08-09 13:49:22,302 [pool-690-thread-1] INFO  server.RaftServerConfigKeys (ConfUtils.java:logGet(46)) - raft.server.log.segment.size.max = 1048576 (custom)
2022-08-09 13:49:22,302 [pool-690-thread-1] INFO  server.RaftServerConfigKeys (ConfUtils.java:logGet(46)) - raft.server.log.preallocated.size = 16384 (custom)
2022-08-09 13:49:22,302 [pool-690-thread-1] INFO  server.RaftServerConfigKeys (ConfUtils.java:logGet(46)) - raft.server.log.force.sync.num = 128 (default)
2022-08-09 13:49:22,302 [pool-690-thread-1] INFO  server.RaftServerConfigKeys (ConfUtils.java:logGet(46)) - raft.server.log.statemachine.data.sync = true (default)
2022-08-09 13:49:22,302 [pool-690-thread-1] INFO  server.RaftServerConfigKeys (ConfUtils.java:logGet(46)) - raft.server.log.statemachine.data.sync.timeout = 10s (default)
2022-08-09 13:49:22,302 [pool-690-thread-1] INFO  server.RaftServerConfigKeys (ConfUtils.java:logGet(46)) - raft.server.log.statemachine.data.sync.timeout.retry = -1 (default)
2022-08-09 13:49:22,303 [pool-690-thread-1] INFO  server.RaftServerConfigKeys (ConfUtils.java:logGet(46)) - raft.server.log.write.buffer.size = 1048576 (custom)
2022-08-09 13:49:22,303 [pool-690-thread-1] INFO  server.RaftServerConfigKeys (ConfUtils.java:logGet(46)) - raft.server.log.unsafe-flush.enabled = false (default)
2022-08-09 13:49:22,303 [pool-690-thread-1] INFO  server.RaftServerConfigKeys (ConfUtils.java:logGet(46)) - raft.server.log.statemachine.data.caching.enabled = true (custom)
2022-08-09 13:49:22,304 [pool-690-thread-1] INFO  segmented.SegmentedRaftLogWorker (SegmentedRaftLogWorker.java:lambda$new$0(135)) - 772eb59f-65bd-4f3e-8be4-0b3810e8c7eb@group-217EDFCD55C7-SegmentedRaftLogWorker: flushIndex: setUnconditionally 0 -> -1
2022-08-09 13:49:22,304 [pool-690-thread-1] INFO  segmented.SegmentedRaftLogWorker (SegmentedRaftLogWorker.java:lambda$new$0(135)) - 772eb59f-65bd-4f3e-8be4-0b3810e8c7eb@group-217EDFCD55C7-SegmentedRaftLogWorker: safeCacheEvictIndex: setUnconditionally 0 -> -1
2022-08-09 13:49:22,311 [pool-690-thread-1] INFO  server.RaftServerConfigKeys (ConfUtils.java:logGet(46)) - raft.server.snapshot.auto.trigger.enabled = true (custom)
2022-08-09 13:49:22,311 [pool-690-thread-1] INFO  server.RaftServerConfigKeys (ConfUtils.java:logGet(46)) - raft.server.snapshot.auto.trigger.threshold = 10000 (custom)
2022-08-09 13:49:22,311 [pool-690-thread-1] INFO  server.RaftServerConfigKeys (ConfUtils.java:logGet(46)) - raft.server.snapshot.retention.file.num = 5 (custom)
2022-08-09 13:49:22,311 [pool-690-thread-1] INFO  server.RaftServerConfigKeys (ConfUtils.java:logGet(46)) - raft.server.log.purge.upto.snapshot.index = false (default)
2022-08-09 13:49:22,311 [pool-690-thread-1] INFO  server.RaftServerConfigKeys (ConfUtils.java:logGet(46)) - raft.server.retrycache.expirytime = 600000ms (custom)
2022-08-09 13:49:22,312 [pool-690-thread-1] INFO  server.RaftServerConfigKeys (ConfUtils.java:logGet(46)) - raft.server.retrycache.statistics.expirytime = 100μs (default)
2022-08-09 13:49:22,313 [pool-690-thread-1] INFO  server.RaftServerConfigKeys (ConfUtils.java:logGet(46)) - raft.server.log.appender.install.snapshot.enabled = false (custom)
2022-08-09 13:49:22,313 [pool-690-thread-1] INFO  server.RaftServerConfigKeys (ConfUtils.java:logGet(46)) - raft.server.threadpool.server.cached = true (default)
2022-08-09 13:49:22,313 [pool-690-thread-1] INFO  server.RaftServerConfigKeys (ConfUtils.java:logGet(46)) - raft.server.threadpool.server.size = 0 (default)
2022-08-09 13:49:22,313 [pool-690-thread-1] INFO  server.RaftServerConfigKeys (ConfUtils.java:logGet(46)) - raft.server.threadpool.client.cached = true (default)
2022-08-09 13:49:22,313 [pool-690-thread-1] INFO  server.RaftServerConfigKeys (ConfUtils.java:logGet(46)) - raft.server.threadpool.client.size = 0 (default)
2022-08-09 13:49:22,313 [pool-690-thread-1] INFO  server.RaftServer$Division (RaftServerImpl.java:start(310)) - 772eb59f-65bd-4f3e-8be4-0b3810e8c7eb@group-217EDFCD55C7: start as a follower, conf=-1: [772eb59f-65bd-4f3e-8be4-0b3810e8c7eb|rpc:10.1.0.19:44191|priority:1], old=null
2022-08-09 13:49:22,316 [pool-690-thread-1] INFO  server.RaftServer$Division (RaftServerImpl.java:setRole(299)) - 772eb59f-65bd-4f3e-8be4-0b3810e8c7eb@group-217EDFCD55C7: changes role from      null to FOLLOWER at term 0 for startAsFollower
2022-08-09 13:49:22,316 [pool-690-thread-1] INFO  impl.RoleInfo (RoleInfo.java:updateAndGet(139)) - 772eb59f-65bd-4f3e-8be4-0b3810e8c7eb: start 772eb59f-65bd-4f3e-8be4-0b3810e8c7eb@group-217EDFCD55C7-FollowerState
2022-08-09 13:49:22,317 [pool-690-thread-1] INFO  util.JmxRegister (JmxRegister.java:tryRegister(44)) - Successfully registered JMX Bean with object name Ratis:service=RaftServer,group=group-217EDFCD55C7,id=772eb59f-65bd-4f3e-8be4-0b3810e8c7eb
2022-08-09 13:49:22,322 [Command processor thread] INFO  ratis.XceiverServerRatis (XceiverServerRatis.java:addGroup(765)) - Created group PipelineID=c0c07c95-4ce0-4b24-8f7d-217edfcd55c7
2022-08-09 13:49:22,322 [Command processor thread] INFO  commandhandler.CreatePipelineCommandHandler (CreatePipelineCommandHandler.java:handle(113)) - Created Pipeline RATIS ONE PipelineID=c0c07c95-4ce0-4b24-8f7d-217edfcd55c7.
2022-08-09 13:49:23,174 [Listener at 127.0.0.1/42643] INFO  ozone.MiniOzoneClusterImpl (MiniOzoneClusterImpl.java:lambda$waitForClusterToBeReady$0(216)) - Nodes are ready. Got 5 of 5 DN Heartbeats.
2022-08-09 13:49:23,174 [Listener at 127.0.0.1/42643] INFO  ozone.MiniOzoneClusterImpl (MiniOzoneClusterImpl.java:lambda$waitForClusterToBeReady$0(219)) - Waiting for cluster to exit safe mode
2022-08-09 13:49:23,174 [Listener at 127.0.0.1/42643] INFO  ozone.MiniOzoneClusterImpl (MiniOzoneClusterImpl.java:lambda$waitForClusterToBeReady$0(221)) - SCM became leader
2022-08-09 13:49:23,703 [facac9a0-ce51-4f90-b128-080475d31873@group-D6210EB707F0-FollowerState] INFO  impl.FollowerState (FollowerState.java:run(143)) - facac9a0-ce51-4f90-b128-080475d31873@group-D6210EB707F0-FollowerState: change to CANDIDATE, lastRpcElapsedTime:5075645913ns, electionTimeout:5061ms
2022-08-09 13:49:23,703 [facac9a0-ce51-4f90-b128-080475d31873@group-D6210EB707F0-FollowerState] INFO  impl.RoleInfo (RoleInfo.java:shutdownFollowerState(110)) - facac9a0-ce51-4f90-b128-080475d31873: shutdown facac9a0-ce51-4f90-b128-080475d31873@group-D6210EB707F0-FollowerState
2022-08-09 13:49:23,703 [facac9a0-ce51-4f90-b128-080475d31873@group-D6210EB707F0-FollowerState] INFO  server.RaftServer$Division (RaftServerImpl.java:setRole(299)) - facac9a0-ce51-4f90-b128-080475d31873@group-D6210EB707F0: changes role from  FOLLOWER to CANDIDATE at term 0 for changeToCandidate
2022-08-09 13:49:23,703 [facac9a0-ce51-4f90-b128-080475d31873@group-D6210EB707F0-FollowerState] INFO  server.RaftServerConfigKeys (ConfUtils.java:logGet(46)) - raft.server.leaderelection.pre-vote = false (custom)
2022-08-09 13:49:23,703 [facac9a0-ce51-4f90-b128-080475d31873@group-D6210EB707F0-FollowerState] INFO  impl.RoleInfo (RoleInfo.java:updateAndGet(139)) - facac9a0-ce51-4f90-b128-080475d31873: start facac9a0-ce51-4f90-b128-080475d31873@group-D6210EB707F0-LeaderElection27
2022-08-09 13:49:23,746 [facac9a0-ce51-4f90-b128-080475d31873@group-D6210EB707F0-LeaderElection27] INFO  impl.LeaderElection (LeaderElection.java:askForVotes(310)) - facac9a0-ce51-4f90-b128-080475d31873@group-D6210EB707F0-LeaderElection27 ELECTION round 0: submit vote requests at term 1 for -1: [facac9a0-ce51-4f90-b128-080475d31873|rpc:10.1.0.19:44939|priority:1], old=null
2022-08-09 13:49:23,746 [facac9a0-ce51-4f90-b128-080475d31873@group-D6210EB707F0-LeaderElection27] INFO  impl.LeaderElection (LeaderElection.java:askForVotes(312)) - facac9a0-ce51-4f90-b128-080475d31873@group-D6210EB707F0-LeaderElection27 ELECTION round 0: result PASSED (term=1)
2022-08-09 13:49:23,746 [facac9a0-ce51-4f90-b128-080475d31873@group-D6210EB707F0-LeaderElection27] INFO  impl.RoleInfo (RoleInfo.java:shutdownLeaderElection(130)) - facac9a0-ce51-4f90-b128-080475d31873: shutdown facac9a0-ce51-4f90-b128-080475d31873@group-D6210EB707F0-LeaderElection27
2022-08-09 13:49:23,746 [facac9a0-ce51-4f90-b128-080475d31873@group-D6210EB707F0-LeaderElection27] INFO  server.RaftServer$Division (RaftServerImpl.java:setRole(299)) - facac9a0-ce51-4f90-b128-080475d31873@group-D6210EB707F0: changes role from CANDIDATE to LEADER at term 1 for changeToLeader
2022-08-09 13:49:23,746 [facac9a0-ce51-4f90-b128-080475d31873@group-D6210EB707F0-LeaderElection27] INFO  ratis.XceiverServerRatis (XceiverServerRatis.java:handleLeaderChangedNotification(863)) - Leader change notification received for group: group-D6210EB707F0 with new leaderId: facac9a0-ce51-4f90-b128-080475d31873
2022-08-09 13:49:23,746 [facac9a0-ce51-4f90-b128-080475d31873@group-D6210EB707F0-LeaderElection27] INFO  server.RaftServer$Division (ServerState.java:setLeader(287)) - facac9a0-ce51-4f90-b128-080475d31873@group-D6210EB707F0: change Leader from null to facac9a0-ce51-4f90-b128-080475d31873 at term 1 for becomeLeader, leader elected after 5172ms
2022-08-09 13:49:23,746 [facac9a0-ce51-4f90-b128-080475d31873@group-D6210EB707F0-LeaderElection27] INFO  server.RaftServerConfigKeys (ConfUtils.java:logGet(46)) - raft.server.staging.catchup.gap = 1000 (default)
2022-08-09 13:49:23,746 [facac9a0-ce51-4f90-b128-080475d31873@group-D6210EB707F0-LeaderElection27] INFO  server.RaftServerConfigKeys (ConfUtils.java:logGet(46)) - raft.server.write.element-limit = 1024 (custom)
2022-08-09 13:49:23,747 [facac9a0-ce51-4f90-b128-080475d31873@group-D6210EB707F0-LeaderElection27] INFO  server.RaftServerConfigKeys (ConfUtils.java:logGet(46)) - raft.server.write.byte-limit = 1024 M (=1073741824) (custom)
2022-08-09 13:49:23,747 [facac9a0-ce51-4f90-b128-080475d31873@group-D6210EB707F0-LeaderElection27] INFO  server.RaftServerConfigKeys (ConfUtils.java:logGet(46)) - raft.server.watch.timeout = 180s (custom)
2022-08-09 13:49:23,747 [facac9a0-ce51-4f90-b128-080475d31873@group-D6210EB707F0-LeaderElection27] INFO  server.RaftServerConfigKeys (ConfUtils.java:logGet(46)) - raft.server.watch.timeout.denomination = 1s (default)
2022-08-09 13:49:23,747 [facac9a0-ce51-4f90-b128-080475d31873@group-D6210EB707F0-LeaderElection27] INFO  server.RaftServerConfigKeys (ConfUtils.java:logGet(46)) - raft.server.watch.element-limit = 65536 (default)
2022-08-09 13:49:23,747 [facac9a0-ce51-4f90-b128-080475d31873@group-D6210EB707F0-LeaderElection27] INFO  server.RaftServerConfigKeys (ConfUtils.java:logGet(46)) - raft.server.write.element-limit = 1024 (custom)
2022-08-09 13:49:23,747 [facac9a0-ce51-4f90-b128-080475d31873@group-D6210EB707F0-LeaderElection27] INFO  server.RaftServerConfigKeys (ConfUtils.java:logGet(46)) - raft.server.write.follower.gap.ratio.max = -1.0 (default)
2022-08-09 13:49:23,747 [facac9a0-ce51-4f90-b128-080475d31873@group-D6210EB707F0-LeaderElection27] INFO  impl.RoleInfo (RoleInfo.java:updateAndGet(139)) - facac9a0-ce51-4f90-b128-080475d31873: start facac9a0-ce51-4f90-b128-080475d31873@group-D6210EB707F0-LeaderStateImpl
2022-08-09 13:49:23,747 [facac9a0-ce51-4f90-b128-080475d31873@group-D6210EB707F0-LeaderElection27] INFO  segmented.SegmentedRaftLogWorker (SegmentedRaftLogWorker.java:startLogSegment(425)) - facac9a0-ce51-4f90-b128-080475d31873@group-D6210EB707F0-SegmentedRaftLogWorker: Starting segment from index:0
2022-08-09 13:49:23,750 [facac9a0-ce51-4f90-b128-080475d31873@group-D6210EB707F0-SegmentedRaftLogWorker] INFO  segmented.SegmentedRaftLogWorker (SegmentedRaftLogWorker.java:execute(629)) - facac9a0-ce51-4f90-b128-080475d31873@group-D6210EB707F0-SegmentedRaftLogWorker: created new log segment /home/runner/work/ozone/ozone/hadoop-ozone/integration-test/target/test-dir/MiniOzoneClusterImpl-1803e0c7-8320-4379-92ef-724c5694b47b/datanode-0/data/ratis/7bf3231f-a9d8-461b-b0a5-d6210eb707f0/current/log_inprogress_0
2022-08-09 13:49:23,768 [facac9a0-ce51-4f90-b128-080475d31873@group-D6210EB707F0-LeaderElection27] INFO  server.RaftServer$Division (ServerState.java:setRaftConf(393)) - facac9a0-ce51-4f90-b128-080475d31873@group-D6210EB707F0: set configuration 0: [facac9a0-ce51-4f90-b128-080475d31873|rpc:10.1.0.19:44939|dataStream:|priority:1], old=null
2022-08-09 13:49:23,770 [EventQueue-OpenPipelineForHealthyPipelineSafeModeRule] INFO  safemode.SCMSafeModeManager (HealthyPipelineSafeModeRule.java:process(137)) - SCM in safe mode. Healthy pipelines reported count is 0, required healthy pipeline reported count is 1
2022-08-09 13:49:23,900 [facac9a0-ce51-4f90-b128-080475d31873@group-4B6871DADF82-FollowerState] INFO  impl.FollowerState (FollowerState.java:run(143)) - facac9a0-ce51-4f90-b128-080475d31873@group-4B6871DADF82-FollowerState: change to CANDIDATE, lastRpcElapsedTime:5172034111ns, electionTimeout:5164ms
2022-08-09 13:49:23,900 [facac9a0-ce51-4f90-b128-080475d31873@group-4B6871DADF82-FollowerState] INFO  impl.RoleInfo (RoleInfo.java:shutdownFollowerState(110)) - facac9a0-ce51-4f90-b128-080475d31873: shutdown facac9a0-ce51-4f90-b128-080475d31873@group-4B6871DADF82-FollowerState
2022-08-09 13:49:23,900 [facac9a0-ce51-4f90-b128-080475d31873@group-4B6871DADF82-FollowerState] INFO  server.RaftServer$Division (RaftServerImpl.java:setRole(299)) - facac9a0-ce51-4f90-b128-080475d31873@group-4B6871DADF82: changes role from  FOLLOWER to CANDIDATE at term 0 for changeToCandidate
2022-08-09 13:49:23,900 [facac9a0-ce51-4f90-b128-080475d31873@group-4B6871DADF82-FollowerState] INFO  server.RaftServerConfigKeys (ConfUtils.java:logGet(46)) - raft.server.leaderelection.pre-vote = false (custom)
2022-08-09 13:49:23,900 [facac9a0-ce51-4f90-b128-080475d31873@group-4B6871DADF82-FollowerState] INFO  impl.RoleInfo (RoleInfo.java:updateAndGet(139)) - facac9a0-ce51-4f90-b128-080475d31873: start facac9a0-ce51-4f90-b128-080475d31873@group-4B6871DADF82-LeaderElection28
2022-08-09 13:49:23,939 [facac9a0-ce51-4f90-b128-080475d31873@group-4B6871DADF82-LeaderElection28] INFO  impl.LeaderElection (LeaderElection.java:askForVotes(310)) - facac9a0-ce51-4f90-b128-080475d31873@group-4B6871DADF82-LeaderElection28 ELECTION round 0: submit vote requests at term 1 for -1: [facac9a0-ce51-4f90-b128-080475d31873|rpc:10.1.0.19:44939|priority:1, a642edec-ac5e-4d27-8806-3ece717121b6|rpc:10.1.0.19:36299|priority:0, a9bcd0ff-35fc-4d0a-8e3c-7398e9e8d683|rpc:10.1.0.19:44419|priority:0], old=null
2022-08-09 13:49:23,966 [grpc-default-executor-0] INFO  server.RaftServer$Division (RaftServerImpl.java:requestVote(1152)) - a642edec-ac5e-4d27-8806-3ece717121b6@group-4B6871DADF82: receive requestVote(ELECTION, facac9a0-ce51-4f90-b128-080475d31873, group-4B6871DADF82, 1, (t:0, i:0))
2022-08-09 13:49:23,966 [grpc-default-executor-0] INFO  impl.VoteContext (VoteContext.java:log(48)) - a642edec-ac5e-4d27-8806-3ece717121b6@group-4B6871DADF82-FOLLOWER: accept ELECTION from facac9a0-ce51-4f90-b128-080475d31873: our priority 0 <= candidate's priority 1
2022-08-09 13:49:23,966 [grpc-default-executor-0] INFO  server.RaftServer$Division (RaftServerImpl.java:setRole(299)) - a642edec-ac5e-4d27-8806-3ece717121b6@group-4B6871DADF82: changes role from  FOLLOWER to FOLLOWER at term 1 for candidate:facac9a0-ce51-4f90-b128-080475d31873
2022-08-09 13:49:23,966 [grpc-default-executor-0] INFO  impl.RoleInfo (RoleInfo.java:shutdownFollowerState(110)) - a642edec-ac5e-4d27-8806-3ece717121b6: shutdown a642edec-ac5e-4d27-8806-3ece717121b6@group-4B6871DADF82-FollowerState
2022-08-09 13:49:23,966 [grpc-default-executor-0] INFO  impl.RoleInfo (RoleInfo.java:updateAndGet(139)) - a642edec-ac5e-4d27-8806-3ece717121b6: start a642edec-ac5e-4d27-8806-3ece717121b6@group-4B6871DADF82-FollowerState
2022-08-09 13:49:23,966 [a642edec-ac5e-4d27-8806-3ece717121b6@group-4B6871DADF82-FollowerState] INFO  impl.FollowerState (FollowerState.java:run(152)) - a642edec-ac5e-4d27-8806-3ece717121b6@group-4B6871DADF82-FollowerState was interrupted
2022-08-09 13:49:23,974 [grpc-default-executor-0] INFO  server.RaftServer$Division (RaftServerImpl.java:requestVote(1184)) - a642edec-ac5e-4d27-8806-3ece717121b6@group-4B6871DADF82 replies to ELECTION vote request: facac9a0-ce51-4f90-b128-080475d31873<-a642edec-ac5e-4d27-8806-3ece717121b6#0:OK-t1. Peer's state: a642edec-ac5e-4d27-8806-3ece717121b6@group-4B6871DADF82:t1, leader=null, voted=facac9a0-ce51-4f90-b128-080475d31873, raftlog=a642edec-ac5e-4d27-8806-3ece717121b6@group-4B6871DADF82-SegmentedRaftLog:OPENED:c-1, conf=-1: [facac9a0-ce51-4f90-b128-080475d31873|rpc:10.1.0.19:44939|dataStream:|priority:1, a642edec-ac5e-4d27-8806-3ece717121b6|rpc:10.1.0.19:36299|dataStream:|priority:0, a9bcd0ff-35fc-4d0a-8e3c-7398e9e8d683|rpc:10.1.0.19:44419|dataStream:|priority:0], old=null
2022-08-09 13:49:23,987 [facac9a0-ce51-4f90-b128-080475d31873@group-4B6871DADF82-LeaderElection28] INFO  impl.LeaderElection (LeaderElection.java:logAndReturn(90)) - facac9a0-ce51-4f90-b128-080475d31873@group-4B6871DADF82-LeaderElection28: ELECTION PASSED received 1 response(s) and 0 exception(s):
2022-08-09 13:49:23,987 [facac9a0-ce51-4f90-b128-080475d31873@group-4B6871DADF82-LeaderElection28] INFO  impl.LeaderElection (LeaderElection.java:logAndReturn(94)) -   Response 0: facac9a0-ce51-4f90-b128-080475d31873<-a642edec-ac5e-4d27-8806-3ece717121b6#0:OK-t1
2022-08-09 13:49:23,987 [facac9a0-ce51-4f90-b128-080475d31873@group-4B6871DADF82-LeaderElection28] INFO  impl.LeaderElection (LeaderElection.java:askForVotes(312)) - facac9a0-ce51-4f90-b128-080475d31873@group-4B6871DADF82-LeaderElection28 ELECTION round 0: result PASSED
2022-08-09 13:49:23,987 [facac9a0-ce51-4f90-b128-080475d31873@group-4B6871DADF82-LeaderElection28] INFO  impl.RoleInfo (RoleInfo.java:shutdownLeaderElection(130)) - facac9a0-ce51-4f90-b128-080475d31873: shutdown facac9a0-ce51-4f90-b128-080475d31873@group-4B6871DADF82-LeaderElection28
2022-08-09 13:49:23,987 [facac9a0-ce51-4f90-b128-080475d31873@group-4B6871DADF82-LeaderElection28] INFO  server.RaftServer$Division (RaftServerImpl.java:setRole(299)) - facac9a0-ce51-4f90-b128-080475d31873@group-4B6871DADF82: changes role from CANDIDATE to LEADER at term 1 for changeToLeader
2022-08-09 13:49:23,987 [facac9a0-ce51-4f90-b128-080475d31873@group-4B6871DADF82-LeaderElection28] INFO  ratis.XceiverServerRatis (XceiverServerRatis.java:handleLeaderChangedNotification(863)) - Leader change notification received for group: group-4B6871DADF82 with new leaderId: facac9a0-ce51-4f90-b128-080475d31873
2022-08-09 13:49:23,987 [facac9a0-ce51-4f90-b128-080475d31873@group-4B6871DADF82-LeaderElection28] INFO  server.RaftServer$Division (ServerState.java:setLeader(287)) - facac9a0-ce51-4f90-b128-080475d31873@group-4B6871DADF82: change Leader from null to facac9a0-ce51-4f90-b128-080475d31873 at term 1 for becomeLeader, leader elected after 5305ms
2022-08-09 13:49:23,987 [facac9a0-ce51-4f90-b128-080475d31873@group-4B6871DADF82-LeaderElection28] INFO  server.RaftServerConfigKeys (ConfUtils.java:logGet(46)) - raft.server.staging.catchup.gap = 1000 (default)
2022-08-09 13:49:23,987 [facac9a0-ce51-4f90-b128-080475d31873@group-4B6871DADF82-LeaderElection28] INFO  server.RaftServerConfigKeys (ConfUtils.java:logGet(46)) - raft.server.write.element-limit = 1024 (custom)
2022-08-09 13:49:23,987 [facac9a0-ce51-4f90-b128-080475d31873@group-4B6871DADF82-LeaderElection28] INFO  server.RaftServerConfigKeys (ConfUtils.java:logGet(46)) - raft.server.write.byte-limit = 1024 M (=1073741824) (custom)
2022-08-09 13:49:23,988 [facac9a0-ce51-4f90-b128-080475d31873@group-4B6871DADF82-LeaderElection28] INFO  server.RaftServerConfigKeys (ConfUtils.java:logGet(46)) - raft.server.watch.timeout = 180s (custom)
2022-08-09 13:49:23,988 [facac9a0-ce51-4f90-b128-080475d31873@group-4B6871DADF82-LeaderElection28] INFO  server.RaftServerConfigKeys (ConfUtils.java:logGet(46)) - raft.server.watch.timeout.denomination = 1s (default)
2022-08-09 13:49:23,988 [facac9a0-ce51-4f90-b128-080475d31873@group-4B6871DADF82-LeaderElection28] INFO  server.RaftServerConfigKeys (ConfUtils.java:logGet(46)) - raft.server.watch.element-limit = 65536 (default)
2022-08-09 13:49:23,988 [facac9a0-ce51-4f90-b128-080475d31873@group-4B6871DADF82-LeaderElection28] INFO  server.RaftServerConfigKeys (ConfUtils.java:logGet(46)) - raft.server.write.element-limit = 1024 (custom)
2022-08-09 13:49:23,988 [facac9a0-ce51-4f90-b128-080475d31873@group-4B6871DADF82-LeaderElection28] INFO  server.RaftServerConfigKeys (ConfUtils.java:logGet(46)) - raft.server.write.follower.gap.ratio.max = -1.0 (default)
2022-08-09 13:49:23,988 [facac9a0-ce51-4f90-b128-080475d31873@group-4B6871DADF82-LeaderElection28] INFO  server.RaftServerConfigKeys (ConfUtils.java:logGet(46)) - raft.server.log.appender.snapshot.chunk.size.max = 16MB (=16777216) (default)
2022-08-09 13:49:23,988 [facac9a0-ce51-4f90-b128-080475d31873@group-4B6871DADF82-LeaderElection28] INFO  server.RaftServerConfigKeys (ConfUtils.java:logGet(46)) - raft.server.log.appender.buffer.byte-limit = 33554432 (custom)
2022-08-09 13:49:23,989 [facac9a0-ce51-4f90-b128-080475d31873@group-4B6871DADF82-LeaderElection28] INFO  server.RaftServerConfigKeys (ConfUtils.java:logGet(46)) - raft.server.log.appender.buffer.element-limit = 1 (custom)
2022-08-09 13:49:23,989 [facac9a0-ce51-4f90-b128-080475d31873@group-4B6871DADF82-LeaderElection28] INFO  grpc.GrpcConfigKeys (ConfUtils.java:logGet(46)) - raft.grpc.server.leader.outstanding.appends.max = 128 (default)
2022-08-09 13:49:23,989 [facac9a0-ce51-4f90-b128-080475d31873@group-4B6871DADF82-LeaderElection28] INFO  server.RaftServerConfigKeys (ConfUtils.java:logGet(46)) - raft.server.rpc.request.timeout = 60s (custom)
2022-08-09 13:49:23,989 [facac9a0-ce51-4f90-b128-080475d31873@group-4B6871DADF82-LeaderElection28] INFO  server.RaftServerConfigKeys (ConfUtils.java:logGet(46)) - raft.server.log.appender.install.snapshot.enabled = false (custom)
2022-08-09 13:49:23,989 [facac9a0-ce51-4f90-b128-080475d31873@group-4B6871DADF82-LeaderElection28] INFO  server.RaftServerConfigKeys (ConfUtils.java:logGet(46)) - raft.server.log.appender.snapshot.chunk.size.max = 16MB (=16777216) (default)
2022-08-09 13:49:23,990 [facac9a0-ce51-4f90-b128-080475d31873@group-4B6871DADF82-LeaderElection28] INFO  server.RaftServerConfigKeys (ConfUtils.java:logGet(46)) - raft.server.log.appender.buffer.byte-limit = 33554432 (custom)
2022-08-09 13:49:23,990 [facac9a0-ce51-4f90-b128-080475d31873@group-4B6871DADF82-LeaderElection28] INFO  server.RaftServerConfigKeys (ConfUtils.java:logGet(46)) - raft.server.log.appender.buffer.element-limit = 1 (custom)
2022-08-09 13:49:23,990 [facac9a0-ce51-4f90-b128-080475d31873@group-4B6871DADF82-LeaderElection28] INFO  grpc.GrpcConfigKeys (ConfUtils.java:logGet(46)) - raft.grpc.server.leader.outstanding.appends.max = 128 (default)
2022-08-09 13:49:23,990 [facac9a0-ce51-4f90-b128-080475d31873@group-4B6871DADF82-LeaderElection28] INFO  server.RaftServerConfigKeys (ConfUtils.java:logGet(46)) - raft.server.rpc.request.timeout = 60s (custom)
2022-08-09 13:49:23,990 [facac9a0-ce51-4f90-b128-080475d31873@group-4B6871DADF82-LeaderElection28] INFO  server.RaftServerConfigKeys (ConfUtils.java:logGet(46)) - raft.server.log.appender.install.snapshot.enabled = false (custom)
2022-08-09 13:49:23,990 [facac9a0-ce51-4f90-b128-080475d31873@group-4B6871DADF82-LeaderElection28] INFO  impl.RoleInfo (RoleInfo.java:updateAndGet(139)) - facac9a0-ce51-4f90-b128-080475d31873: start facac9a0-ce51-4f90-b128-080475d31873@group-4B6871DADF82-LeaderStateImpl
2022-08-09 13:49:23,990 [facac9a0-ce51-4f90-b128-080475d31873@group-4B6871DADF82-LeaderElection28] INFO  segmented.SegmentedRaftLogWorker (SegmentedRaftLogWorker.java:startLogSegment(425)) - facac9a0-ce51-4f90-b128-080475d31873@group-4B6871DADF82-SegmentedRaftLogWorker: Starting segment from index:0
2022-08-09 13:49:23,991 [EventQueue-PipelineReportForPipelineReportHandler] INFO  pipeline.PipelineManagerImpl (PipelineManagerImpl.java:openPipeline(367)) - Pipeline Pipeline[ Id: b16920d0-d1e5-4342-91ab-4b6871dadf82, Nodes: a642edec-ac5e-4d27-8806-3ece717121b6{ip: 10.1.0.19, host: fv-az450-466.jnfmftgkylze5hd05chtbp1i0a.dx.internal.cloudapp.net, ports: [REPLICATION=34617, RATIS=36299, RATIS_ADMIN=36299, RATIS_SERVER=36299, STANDALONE=35003], networkLocation: /default-rack, certSerialId: null, persistedOpState: IN_SERVICE, persistedOpStateExpiryEpochSec: 0}a9bcd0ff-35fc-4d0a-8e3c-7398e9e8d683{ip: 10.1.0.19, host: fv-az450-466.jnfmftgkylze5hd05chtbp1i0a.dx.internal.cloudapp.net, ports: [REPLICATION=36215, RATIS=44419, RATIS_ADMIN=44419, RATIS_SERVER=44419, STANDALONE=41537], networkLocation: /default-rack, certSerialId: null, persistedOpState: IN_SERVICE, persistedOpStateExpiryEpochSec: 0}facac9a0-ce51-4f90-b128-080475d31873{ip: 10.1.0.19, host: fv-az450-466.jnfmftgkylze5hd05chtbp1i0a.dx.internal.cloudapp.net, ports: [REPLICATION=34845, RATIS=44939, RATIS_ADMIN=44939, RATIS_SERVER=44939, STANDALONE=32789], networkLocation: /default-rack, certSerialId: null, persistedOpState: IN_SERVICE, persistedOpStateExpiryEpochSec: 0}, ReplicationConfig: RATIS/THREE, State:ALLOCATED, leaderId:facac9a0-ce51-4f90-b128-080475d31873, CreationTimestamp2022-08-09T13:49:17.181Z[Etc/UTC]] moved to OPEN state
2022-08-09 13:49:23,992 [EventQueue-OpenPipelineForHealthyPipelineSafeModeRule] INFO  safemode.SCMSafeModeManager (HealthyPipelineSafeModeRule.java:process(137)) - SCM in safe mode. Healthy pipelines reported count is 1, required healthy pipeline reported count is 1
2022-08-09 13:49:23,992 [EventQueue-OpenPipelineForHealthyPipelineSafeModeRule] INFO  safemode.SCMSafeModeManager (SCMSafeModeManager.java:validateSafeModeExitRules(204)) - HealthyPipelineSafeModeRule rule is successfully validated
2022-08-09 13:49:23,992 [EventQueue-OpenPipelineForHealthyPipelineSafeModeRule] INFO  safemode.SCMSafeModeManager (SCMSafeModeManager.java:validateSafeModeExitRules(219)) - ScmSafeModeManager, all rules are successfully validated
2022-08-09 13:49:23,992 [EventQueue-OpenPipelineForHealthyPipelineSafeModeRule] INFO  safemode.SCMSafeModeManager (SCMSafeModeManager.java:exitSafeMode(248)) - SCM exiting safe mode.
2022-08-09 13:49:23,992 [EventQueue-OpenPipelineForHealthyPipelineSafeModeRule] WARN  events.EventQueue (EventQueue.java:fireEvent(216)) - No event handler registered for event TypedEvent{payloadType=SafeModeStatus, name='Safe mode status'}
2022-08-09 13:49:23,992 [EventQueue-OpenPipelineForHealthyPipelineSafeModeRule] INFO  ha.SCMContext (SCMContext.java:updateSafeModeStatus(228)) - Update SafeModeStatus from SafeModeStatus{safeModeStatus=true, preCheckPassed=true} to SafeModeStatus{safeModeStatus=false, preCheckPassed=true}.
2022-08-09 13:49:23,992 [EventQueue-OpenPipelineForHealthyPipelineSafeModeRule] INFO  pipeline.BackgroundPipelineCreator (BackgroundPipelineCreator.java:notifyStatusChanged(254)) - Service BackgroundPipelineCreator transitions to RUNNING.
2022-08-09 13:49:23,992 [facac9a0-ce51-4f90-b128-080475d31873@group-4B6871DADF82-SegmentedRaftLogWorker] INFO  segmented.SegmentedRaftLogWorker (SegmentedRaftLogWorker.java:execute(629)) - facac9a0-ce51-4f90-b128-080475d31873@group-4B6871DADF82-SegmentedRaftLogWorker: created new log segment /home/runner/work/ozone/ozone/hadoop-ozone/integration-test/target/test-dir/MiniOzoneClusterImpl-1803e0c7-8320-4379-92ef-724c5694b47b/datanode-0/data/ratis/b16920d0-d1e5-4342-91ab-4b6871dadf82/current/log_inprogress_0
2022-08-09 13:49:23,992 [EventQueue-OpenPipelineForHealthyPipelineSafeModeRule] INFO  BackgroundPipelineScrubber (BackgroundSCMService.java:notifyStatusChanged(82)) - Service BackgroundPipelineScrubber transitions to RUNNING.
2022-08-09 13:49:23,992 [EventQueue-OpenPipelineForHealthyPipelineSafeModeRule] INFO  ExpiredContainerReplicaOpScrubber (BackgroundSCMService.java:notifyStatusChanged(82)) - Service ExpiredContainerReplicaOpScrubber transitions to RUNNING.
2022-08-09 13:49:23,992 [EventQueue-OpenPipelineForHealthyPipelineSafeModeRule] INFO  UnderReplicatedQueueThread (BackgroundSCMService.java:notifyStatusChanged(82)) - Service UnderReplicatedQueueThread transitions to RUNNING.
2022-08-09 13:49:23,992 [EventQueue-OpenPipelineForHealthyPipelineSafeModeRule] INFO  OverReplicatedQueueThread (BackgroundSCMService.java:notifyStatusChanged(82)) - Service OverReplicatedQueueThread transitions to RUNNING.
2022-08-09 13:49:23,992 [EventQueue-OpenPipelineForHealthyPipelineSafeModeRule] INFO  replication.ReplicationManager (ReplicationManager.java:notifyStatusChanged(642)) - Service ReplicationManager transitions to RUNNING.
2022-08-09 13:49:23,993 [EventQueue-OpenPipelineForHealthyPipelineSafeModeRule] WARN  balancer.ContainerBalancer (ContainerBalancer.java:shouldRun(904)) - Could not find persisted configuration for ContainerBalancer when checking if ContainerBalancer should run. ContainerBalancer should not run now.
2022-08-09 13:49:24,030 [facac9a0-ce51-4f90-b128-080475d31873@group-4B6871DADF82-LeaderElection28] INFO  server.RaftServer$Division (ServerState.java:setRaftConf(393)) - facac9a0-ce51-4f90-b128-080475d31873@group-4B6871DADF82: set configuration 0: [facac9a0-ce51-4f90-b128-080475d31873|rpc:10.1.0.19:44939|dataStream:|priority:1, a642edec-ac5e-4d27-8806-3ece717121b6|rpc:10.1.0.19:36299|dataStream:|priority:0, a9bcd0ff-35fc-4d0a-8e3c-7398e9e8d683|rpc:10.1.0.19:44419|dataStream:|priority:0], old=null
2022-08-09 13:49:24,083 [grpc-default-executor-2] INFO  server.RaftServer$Division (RaftServerImpl.java:requestVote(1152)) - a9bcd0ff-35fc-4d0a-8e3c-7398e9e8d683@group-4B6871DADF82: receive requestVote(ELECTION, facac9a0-ce51-4f90-b128-080475d31873, group-4B6871DADF82, 1, (t:0, i:0))
2022-08-09 13:49:24,105 [a642edec-ac5e-4d27-8806-3ece717121b6-server-thread1] INFO  ratis.XceiverServerRatis (XceiverServerRatis.java:handleLeaderChangedNotification(863)) - Leader change notification received for group: group-4B6871DADF82 with new leaderId: facac9a0-ce51-4f90-b128-080475d31873
2022-08-09 13:49:24,105 [a642edec-ac5e-4d27-8806-3ece717121b6-server-thread1] INFO  server.RaftServer$Division (ServerState.java:setLeader(287)) - a642edec-ac5e-4d27-8806-3ece717121b6@group-4B6871DADF82: change Leader from null to facac9a0-ce51-4f90-b128-080475d31873 at term 1 for appendEntries, leader elected after 5290ms
2022-08-09 13:49:24,132 [a9bcd0ff-35fc-4d0a-8e3c-7398e9e8d683-server-thread1] INFO  ratis.XceiverServerRatis (XceiverServerRatis.java:handleLeaderChangedNotification(863)) - Leader change notification received for group: group-4B6871DADF82 with new leaderId: facac9a0-ce51-4f90-b128-080475d31873
2022-08-09 13:49:24,132 [a9bcd0ff-35fc-4d0a-8e3c-7398e9e8d683-server-thread1] INFO  server.RaftServer$Division (ServerState.java:setLeader(287)) - a9bcd0ff-35fc-4d0a-8e3c-7398e9e8d683@group-4B6871DADF82: change Leader from null to facac9a0-ce51-4f90-b128-080475d31873 at term 1 for appendEntries, leader elected after 5142ms
2022-08-09 13:49:24,134 [grpc-default-executor-2] INFO  impl.VoteContext (VoteContext.java:log(48)) - a9bcd0ff-35fc-4d0a-8e3c-7398e9e8d683@group-4B6871DADF82-FOLLOWER: reject ELECTION from facac9a0-ce51-4f90-b128-080475d31873: this server is a follower and still has a valid leader facac9a0-ce51-4f90-b128-080475d31873
2022-08-09 13:49:24,134 [grpc-default-executor-2] INFO  server.RaftServer$Division (RaftServerImpl.java:requestVote(1184)) - a9bcd0ff-35fc-4d0a-8e3c-7398e9e8d683@group-4B6871DADF82 replies to ELECTION vote request: facac9a0-ce51-4f90-b128-080475d31873<-a9bcd0ff-35fc-4d0a-8e3c-7398e9e8d683#0:FAIL-t1. Peer's state: a9bcd0ff-35fc-4d0a-8e3c-7398e9e8d683@group-4B6871DADF82:t1, leader=facac9a0-ce51-4f90-b128-080475d31873, voted=null, raftlog=a9bcd0ff-35fc-4d0a-8e3c-7398e9e8d683@group-4B6871DADF82-SegmentedRaftLog:OPENED:c-1, conf=-1: [facac9a0-ce51-4f90-b128-080475d31873|rpc:10.1.0.19:44939|dataStream:|priority:1, a642edec-ac5e-4d27-8806-3ece717121b6|rpc:10.1.0.19:36299|dataStream:|priority:0, a9bcd0ff-35fc-4d0a-8e3c-7398e9e8d683|rpc:10.1.0.19:44419|dataStream:|priority:0], old=null
2022-08-09 13:49:24,137 [facac9a0-ce51-4f90-b128-080475d31873@group-2A5D6D219DA0-FollowerState] INFO  impl.FollowerState (FollowerState.java:run(143)) - facac9a0-ce51-4f90-b128-080475d31873@group-2A5D6D219DA0-FollowerState: change to CANDIDATE, lastRpcElapsedTime:5069219130ns, electionTimeout:5067ms
2022-08-09 13:49:24,137 [facac9a0-ce51-4f90-b128-080475d31873@group-2A5D6D219DA0-FollowerState] INFO  impl.RoleInfo (RoleInfo.java:shutdownFollowerState(110)) - facac9a0-ce51-4f90-b128-080475d31873: shutdown facac9a0-ce51-4f90-b128-080475d31873@group-2A5D6D219DA0-FollowerState
2022-08-09 13:49:24,137 [facac9a0-ce51-4f90-b128-080475d31873@group-2A5D6D219DA0-FollowerState] INFO  server.RaftServer$Division (RaftServerImpl.java:setRole(299)) - facac9a0-ce51-4f90-b128-080475d31873@group-2A5D6D219DA0: changes role from  FOLLOWER to CANDIDATE at term 0 for changeToCandidate
2022-08-09 13:49:24,150 [a642edec-ac5e-4d27-8806-3ece717121b6-server-thread2] INFO  server.RaftServer$Division (ServerState.java:setRaftConf(393)) - a642edec-ac5e-4d27-8806-3ece717121b6@group-4B6871DADF82: set configuration 0: [facac9a0-ce51-4f90-b128-080475d31873|rpc:10.1.0.19:44939|dataStream:|priority:1, a642edec-ac5e-4d27-8806-3ece717121b6|rpc:10.1.0.19:36299|dataStream:|priority:0, a9bcd0ff-35fc-4d0a-8e3c-7398e9e8d683|rpc:10.1.0.19:44419|dataStream:|priority:0], old=null
2022-08-09 13:49:24,150 [a642edec-ac5e-4d27-8806-3ece717121b6-server-thread2] INFO  segmented.SegmentedRaftLogWorker (SegmentedRaftLogWorker.java:startLogSegment(425)) - a642edec-ac5e-4d27-8806-3ece717121b6@group-4B6871DADF82-SegmentedRaftLogWorker: Starting segment from index:0
2022-08-09 13:49:24,158 [facac9a0-ce51-4f90-b128-080475d31873@group-2A5D6D219DA0-FollowerState] INFO  server.RaftServerConfigKeys (ConfUtils.java:logGet(46)) - raft.server.leaderelection.pre-vote = false (custom)
2022-08-09 13:49:24,158 [facac9a0-ce51-4f90-b128-080475d31873@group-2A5D6D219DA0-FollowerState] INFO  impl.RoleInfo (RoleInfo.java:updateAndGet(139)) - facac9a0-ce51-4f90-b128-080475d31873: start facac9a0-ce51-4f90-b128-080475d31873@group-2A5D6D219DA0-LeaderElection29
2022-08-09 13:49:24,163 [a9bcd0ff-35fc-4d0a-8e3c-7398e9e8d683-server-thread1] INFO  server.RaftServer$Division (ServerState.java:setRaftConf(393)) - a9bcd0ff-35fc-4d0a-8e3c-7398e9e8d683@group-4B6871DADF82: set configuration 0: [facac9a0-ce51-4f90-b128-080475d31873|rpc:10.1.0.19:44939|dataStream:|priority:1, a642edec-ac5e-4d27-8806-3ece717121b6|rpc:10.1.0.19:36299|dataStream:|priority:0, a9bcd0ff-35fc-4d0a-8e3c-7398e9e8d683|rpc:10.1.0.19:44419|dataStream:|priority:0], old=null
2022-08-09 13:49:24,163 [a9bcd0ff-35fc-4d0a-8e3c-7398e9e8d683-server-thread1] INFO  segmented.SegmentedRaftLogWorker (SegmentedRaftLogWorker.java:startLogSegment(425)) - a9bcd0ff-35fc-4d0a-8e3c-7398e9e8d683@group-4B6871DADF82-SegmentedRaftLogWorker: Starting segment from index:0
2022-08-09 13:49:24,164 [a642edec-ac5e-4d27-8806-3ece717121b6@group-4B6871DADF82-SegmentedRaftLogWorker] INFO  segmented.SegmentedRaftLogWorker (SegmentedRaftLogWorker.java:execute(629)) - a642edec-ac5e-4d27-8806-3ece717121b6@group-4B6871DADF82-SegmentedRaftLogWorker: created new log segment /home/runner/work/ozone/ozone/hadoop-ozone/integration-test/target/test-dir/MiniOzoneClusterImpl-1803e0c7-8320-4379-92ef-724c5694b47b/datanode-1/data/ratis/b16920d0-d1e5-4342-91ab-4b6871dadf82/current/log_inprogress_0
2022-08-09 13:49:24,166 [a9bcd0ff-35fc-4d0a-8e3c-7398e9e8d683@group-4B6871DADF82-SegmentedRaftLogWorker] INFO  segmented.SegmentedRaftLogWorker (SegmentedRaftLogWorker.java:execute(629)) - a9bcd0ff-35fc-4d0a-8e3c-7398e9e8d683@group-4B6871DADF82-SegmentedRaftLogWorker: created new log segment /home/runner/work/ozone/ozone/hadoop-ozone/integration-test/target/test-dir/MiniOzoneClusterImpl-1803e0c7-8320-4379-92ef-724c5694b47b/datanode-2/data/ratis/b16920d0-d1e5-4342-91ab-4b6871dadf82/current/log_inprogress_0
2022-08-09 13:49:24,174 [Listener at 127.0.0.1/42643] INFO  ozone.MiniOzoneClusterImpl (MiniOzoneClusterImpl.java:lambda$waitForClusterToBeReady$0(216)) - Nodes are ready. Got 5 of 5 DN Heartbeats.
2022-08-09 13:49:24,175 [Listener at 127.0.0.1/42643] INFO  ozone.MiniOzoneClusterImpl (MiniOzoneClusterImpl.java:lambda$waitForClusterToBeReady$0(219)) - Cluster exits safe mode
2022-08-09 13:49:24,175 [Listener at 127.0.0.1/42643] INFO  ozone.MiniOzoneClusterImpl (MiniOzoneClusterImpl.java:lambda$waitForClusterToBeReady$0(221)) - SCM became leader
2022-08-09 13:49:24,255 [facac9a0-ce51-4f90-b128-080475d31873@group-2A5D6D219DA0-LeaderElection29] INFO  impl.LeaderElection (LeaderElection.java:askForVotes(310)) - facac9a0-ce51-4f90-b128-080475d31873@group-2A5D6D219DA0-LeaderElection29 ELECTION round 0: submit vote requests at term 1 for -1: [facac9a0-ce51-4f90-b128-080475d31873|rpc:10.1.0.19:44939|priority:0, a642edec-ac5e-4d27-8806-3ece717121b6|rpc:10.1.0.19:36299|priority:1, a9bcd0ff-35fc-4d0a-8e3c-7398e9e8d683|rpc:10.1.0.19:44419|priority:0], old=null
2022-08-09 13:49:24,279 [grpc-default-executor-3] INFO  server.RaftServer$Division (RaftServerImpl.java:requestVote(1152)) - a642edec-ac5e-4d27-8806-3ece717121b6@group-2A5D6D219DA0: receive requestVote(ELECTION, facac9a0-ce51-4f90-b128-080475d31873, group-2A5D6D219DA0, 1, (t:0, i:0))
2022-08-09 13:49:24,279 [grpc-default-executor-3] INFO  impl.VoteContext (VoteContext.java:log(48)) - a642edec-ac5e-4d27-8806-3ece717121b6@group-2A5D6D219DA0-FOLLOWER: reject ELECTION from facac9a0-ce51-4f90-b128-080475d31873: our priority 1 > candidate's priority 0
2022-08-09 13:49:24,279 [grpc-default-executor-3] INFO  server.RaftServer$Division (RaftServerImpl.java:setRole(299)) - a642edec-ac5e-4d27-8806-3ece717121b6@group-2A5D6D219DA0: changes role from  FOLLOWER to FOLLOWER at term 1 for candidate:facac9a0-ce51-4f90-b128-080475d31873
2022-08-09 13:49:24,279 [grpc-default-executor-3] INFO  impl.RoleInfo (RoleInfo.java:shutdownFollowerState(110)) - a642edec-ac5e-4d27-8806-3ece717121b6: shutdown a642edec-ac5e-4d27-8806-3ece717121b6@group-2A5D6D219DA0-FollowerState
2022-08-09 13:49:24,280 [grpc-default-executor-3] INFO  impl.RoleInfo (RoleInfo.java:updateAndGet(139)) - a642edec-ac5e-4d27-8806-3ece717121b6: start a642edec-ac5e-4d27-8806-3ece717121b6@group-2A5D6D219DA0-FollowerState
2022-08-09 13:49:24,280 [a642edec-ac5e-4d27-8806-3ece717121b6@group-2A5D6D219DA0-FollowerState] INFO  impl.FollowerState (FollowerState.java:run(152)) - a642edec-ac5e-4d27-8806-3ece717121b6@group-2A5D6D219DA0-FollowerState was interrupted
2022-08-09 13:49:24,318 [grpc-default-executor-0] INFO  server.RaftServer$Division (RaftServerImpl.java:requestVote(1152)) - a9bcd0ff-35fc-4d0a-8e3c-7398e9e8d683@group-2A5D6D219DA0: receive requestVote(ELECTION, facac9a0-ce51-4f90-b128-080475d31873, group-2A5D6D219DA0, 1, (t:0, i:0))
2022-08-09 13:49:24,318 [grpc-default-executor-0] INFO  impl.VoteContext (VoteContext.java:log(48)) - a9bcd0ff-35fc-4d0a-8e3c-7398e9e8d683@group-2A5D6D219DA0-FOLLOWER: accept ELECTION from facac9a0-ce51-4f90-b128-080475d31873: our priority 0 <= candidate's priority 0
2022-08-09 13:49:24,318 [grpc-default-executor-0] INFO  server.RaftServer$Division (RaftServerImpl.java:setRole(299)) - a9bcd0ff-35fc-4d0a-8e3c-7398e9e8d683@group-2A5D6D219DA0: changes role from  FOLLOWER to FOLLOWER at term 1 for candidate:facac9a0-ce51-4f90-b128-080475d31873
2022-08-09 13:49:24,318 [grpc-default-executor-0] INFO  impl.RoleInfo (RoleInfo.java:shutdownFollowerState(110)) - a9bcd0ff-35fc-4d0a-8e3c-7398e9e8d683: shutdown a9bcd0ff-35fc-4d0a-8e3c-7398e9e8d683@group-2A5D6D219DA0-FollowerState
2022-08-09 13:49:24,319 [a9bcd0ff-35fc-4d0a-8e3c-7398e9e8d683@group-2A5D6D219DA0-FollowerState] INFO  impl.FollowerState (FollowerState.java:run(152)) - a9bcd0ff-35fc-4d0a-8e3c-7398e9e8d683@group-2A5D6D219DA0-FollowerState was interrupted
2022-08-09 13:49:24,319 [grpc-default-executor-0] INFO  impl.RoleInfo (RoleInfo.java:updateAndGet(139)) - a9bcd0ff-35fc-4d0a-8e3c-7398e9e8d683: start a9bcd0ff-35fc-4d0a-8e3c-7398e9e8d683@group-2A5D6D219DA0-FollowerState
2022-08-09 13:49:24,319 [grpc-default-executor-3] INFO  server.RaftServer$Division (RaftServerImpl.java:requestVote(1184)) - a642edec-ac5e-4d27-8806-3ece717121b6@group-2A5D6D219DA0 replies to ELECTION vote request: facac9a0-ce51-4f90-b128-080475d31873<-a642edec-ac5e-4d27-8806-3ece717121b6#0:FAIL-t1. Peer's state: a642edec-ac5e-4d27-8806-3ece717121b6@group-2A5D6D219DA0:t1, leader=null, voted=null, raftlog=a642edec-ac5e-4d27-8806-3ece717121b6@group-2A5D6D219DA0-SegmentedRaftLog:OPENED:c-1, conf=-1: [facac9a0-ce51-4f90-b128-080475d31873|rpc:10.1.0.19:44939|dataStream:|priority:0, a642edec-ac5e-4d27-8806-3ece717121b6|rpc:10.1.0.19:36299|dataStream:|priority:1, a9bcd0ff-35fc-4d0a-8e3c-7398e9e8d683|rpc:10.1.0.19:44419|dataStream:|priority:0], old=null
2022-08-09 13:49:24,328 [grpc-default-executor-0] INFO  server.RaftServer$Division (RaftServerImpl.java:requestVote(1184)) - a9bcd0ff-35fc-4d0a-8e3c-7398e9e8d683@group-2A5D6D219DA0 replies to ELECTION vote request: facac9a0-ce51-4f90-b128-080475d31873<-a9bcd0ff-35fc-4d0a-8e3c-7398e9e8d683#0:OK-t1. Peer's state: a9bcd0ff-35fc-4d0a-8e3c-7398e9e8d683@group-2A5D6D219DA0:t1, leader=null, voted=facac9a0-ce51-4f90-b128-080475d31873, raftlog=a9bcd0ff-35fc-4d0a-8e3c-7398e9e8d683@group-2A5D6D219DA0-SegmentedRaftLog:OPENED:c-1, conf=-1: [facac9a0-ce51-4f90-b128-080475d31873|rpc:10.1.0.19:44939|dataStream:|priority:0, a642edec-ac5e-4d27-8806-3ece717121b6|rpc:10.1.0.19:36299|dataStream:|priority:1, a9bcd0ff-35fc-4d0a-8e3c-7398e9e8d683|rpc:10.1.0.19:44419|dataStream:|priority:0], old=null
2022-08-09 13:49:24,357 [facac9a0-ce51-4f90-b128-080475d31873@group-2A5D6D219DA0-LeaderElection29] INFO  impl.LeaderElection (LeaderElection.java:logAndReturn(90)) - facac9a0-ce51-4f90-b128-080475d31873@group-2A5D6D219DA0-LeaderElection29: ELECTION REJECTED received 2 response(s) and 0 exception(s):
2022-08-09 13:49:24,357 [facac9a0-ce51-4f90-b128-080475d31873@group-2A5D6D219DA0-LeaderElection29] INFO  impl.LeaderElection (LeaderElection.java:logAndReturn(94)) -   Response 0: facac9a0-ce51-4f90-b128-080475d31873<-a642edec-ac5e-4d27-8806-3ece717121b6#0:FAIL-t1
2022-08-09 13:49:24,357 [facac9a0-ce51-4f90-b128-080475d31873@group-2A5D6D219DA0-LeaderElection29] INFO  impl.LeaderElection (LeaderElection.java:logAndReturn(94)) -   Response 1: facac9a0-ce51-4f90-b128-080475d31873<-a9bcd0ff-35fc-4d0a-8e3c-7398e9e8d683#0:OK-t1
2022-08-09 13:49:24,357 [facac9a0-ce51-4f90-b128-080475d31873@group-2A5D6D219DA0-LeaderElection29] INFO  impl.LeaderElection (LeaderElection.java:askForVotes(312)) - facac9a0-ce51-4f90-b128-080475d31873@group-2A5D6D219DA0-LeaderElection29 ELECTION round 0: result REJECTED
2022-08-09 13:49:24,357 [facac9a0-ce51-4f90-b128-080475d31873@group-2A5D6D219DA0-LeaderElection29] INFO  server.RaftServer$Division (RaftServerImpl.java:setRole(299)) - facac9a0-ce51-4f90-b128-080475d31873@group-2A5D6D219DA0: changes role from CANDIDATE to FOLLOWER at term 1 for REJECTED
2022-08-09 13:49:24,357 [facac9a0-ce51-4f90-b128-080475d31873@group-2A5D6D219DA0-LeaderElection29] INFO  impl.RoleInfo (RoleInfo.java:shutdownLeaderElection(130)) - facac9a0-ce51-4f90-b128-080475d31873: shutdown facac9a0-ce51-4f90-b128-080475d31873@group-2A5D6D219DA0-LeaderElection29
2022-08-09 13:49:24,357 [facac9a0-ce51-4f90-b128-080475d31873@group-2A5D6D219DA0-LeaderElection29] INFO  impl.RoleInfo (RoleInfo.java:updateAndGet(139)) - facac9a0-ce51-4f90-b128-080475d31873: start facac9a0-ce51-4f90-b128-080475d31873@group-2A5D6D219DA0-FollowerState
2022-08-09 13:49:24,490 [Time-limited test] INFO  rpc.RpcClient (RpcClient.java:createVolume(468)) - Creating Volume: volume95759, with user04587 as owner and space quota set to -1 bytes, counts quota set to -1
2022-08-09 13:49:24,493 [IPC Server handler 0 on default port 42643] INFO  volume.OMVolumeCreateRequest (OMVolumeCreateRequest.java:validateAndUpdateCache(195)) - created volume:volume95759 for user:user04587
2022-08-09 13:49:24,516 [Time-limited test] INFO  rpc.RpcClient (RpcClient.java:createBucket(671)) - Creating Bucket: volume95759/bucket35093, with bucket layout LEGACY, runner as owner, Versioning false, Storage Type set to DISK and Encryption set to false 
2022-08-09 13:49:24,517 [a642edec-ac5e-4d27-8806-3ece717121b6@group-7D3D72E12E45-FollowerState] INFO  impl.FollowerState (FollowerState.java:run(143)) - a642edec-ac5e-4d27-8806-3ece717121b6@group-7D3D72E12E45-FollowerState: change to CANDIDATE, lastRpcElapsedTime:5135887157ns, electionTimeout:5115ms
2022-08-09 13:49:24,517 [a642edec-ac5e-4d27-8806-3ece717121b6@group-7D3D72E12E45-FollowerState] INFO  impl.RoleInfo (RoleInfo.java:shutdownFollowerState(110)) - a642edec-ac5e-4d27-8806-3ece717121b6: shutdown a642edec-ac5e-4d27-8806-3ece717121b6@group-7D3D72E12E45-FollowerState
2022-08-09 13:49:24,517 [a642edec-ac5e-4d27-8806-3ece717121b6@group-7D3D72E12E45-FollowerState] INFO  server.RaftServer$Division (RaftServerImpl.java:setRole(299)) - a642edec-ac5e-4d27-8806-3ece717121b6@group-7D3D72E12E45: changes role from  FOLLOWER to CANDIDATE at term 0 for changeToCandidate
2022-08-09 13:49:24,517 [a642edec-ac5e-4d27-8806-3ece717121b6@group-7D3D72E12E45-FollowerState] INFO  server.RaftServerConfigKeys (ConfUtils.java:logGet(46)) - raft.server.leaderelection.pre-vote = false (custom)
2022-08-09 13:49:24,517 [a642edec-ac5e-4d27-8806-3ece717121b6@group-7D3D72E12E45-FollowerState] INFO  impl.RoleInfo (RoleInfo.java:updateAndGet(139)) - a642edec-ac5e-4d27-8806-3ece717121b6: start a642edec-ac5e-4d27-8806-3ece717121b6@group-7D3D72E12E45-LeaderElection30
2022-08-09 13:49:24,533 [IPC Server handler 3 on default port 42643] INFO  bucket.OMBucketCreateRequest (OMBucketCreateRequest.java:validateAndUpdateCache(260)) - created bucket: bucket35093 of layout LEGACY in volume: volume95759
2022-08-09 13:49:24,541 [a642edec-ac5e-4d27-8806-3ece717121b6@group-7D3D72E12E45-LeaderElection30] INFO  impl.LeaderElection (LeaderElection.java:askForVotes(310)) - a642edec-ac5e-4d27-8806-3ece717121b6@group-7D3D72E12E45-LeaderElection30 ELECTION round 0: submit vote requests at term 1 for -1: [a642edec-ac5e-4d27-8806-3ece717121b6|rpc:10.1.0.19:36299|priority:1], old=null
2022-08-09 13:49:24,541 [a642edec-ac5e-4d27-8806-3ece717121b6@group-7D3D72E12E45-LeaderElection30] INFO  impl.LeaderElection (LeaderElection.java:askForVotes(312)) - a642edec-ac5e-4d27-8806-3ece717121b6@group-7D3D72E12E45-LeaderElection30 ELECTION round 0: result PASSED (term=1)
2022-08-09 13:49:24,541 [a642edec-ac5e-4d27-8806-3ece717121b6@group-7D3D72E12E45-LeaderElection30] INFO  impl.RoleInfo (RoleInfo.java:shutdownLeaderElection(130)) - a642edec-ac5e-4d27-8806-3ece717121b6: shutdown a642edec-ac5e-4d27-8806-3ece717121b6@group-7D3D72E12E45-LeaderElection30
2022-08-09 13:49:24,541 [a642edec-ac5e-4d27-8806-3ece717121b6@group-7D3D72E12E45-LeaderElection30] INFO  server.RaftServer$Division (RaftServerImpl.java:setRole(299)) - a642edec-ac5e-4d27-8806-3ece717121b6@group-7D3D72E12E45: changes role from CANDIDATE to LEADER at term 1 for changeToLeader
2022-08-09 13:49:24,541 [a642edec-ac5e-4d27-8806-3ece717121b6@group-7D3D72E12E45-LeaderElection30] INFO  ratis.XceiverServerRatis (XceiverServerRatis.java:handleLeaderChangedNotification(863)) - Leader change notification received for group: group-7D3D72E12E45 with new leaderId: a642edec-ac5e-4d27-8806-3ece717121b6
2022-08-09 13:49:24,548 [a642edec-ac5e-4d27-8806-3ece717121b6@group-7D3D72E12E45-LeaderElection30] INFO  server.RaftServer$Division (ServerState.java:setLeader(287)) - a642edec-ac5e-4d27-8806-3ece717121b6@group-7D3D72E12E45: change Leader from null to a642edec-ac5e-4d27-8806-3ece717121b6 at term 1 for becomeLeader, leader elected after 5182ms
2022-08-09 13:49:24,548 [a642edec-ac5e-4d27-8806-3ece717121b6@group-7D3D72E12E45-LeaderElection30] INFO  server.RaftServerConfigKeys (ConfUtils.java:logGet(46)) - raft.server.staging.catchup.gap = 1000 (default)
2022-08-09 13:49:24,548 [a642edec-ac5e-4d27-8806-3ece717121b6@group-7D3D72E12E45-LeaderElection30] INFO  server.RaftServerConfigKeys (ConfUtils.java:logGet(46)) - raft.server.write.element-limit = 1024 (custom)
2022-08-09 13:49:24,548 [a642edec-ac5e-4d27-8806-3ece717121b6@group-7D3D72E12E45-LeaderElection30] INFO  server.RaftServerConfigKeys (ConfUtils.java:logGet(46)) - raft.server.write.byte-limit = 1024 M (=1073741824) (custom)
2022-08-09 13:49:24,549 [a642edec-ac5e-4d27-8806-3ece717121b6@group-7D3D72E12E45-LeaderElection30] INFO  server.RaftServerConfigKeys (ConfUtils.java:logGet(46)) - raft.server.watch.timeout = 180s (custom)
2022-08-09 13:49:24,549 [a642edec-ac5e-4d27-8806-3ece717121b6@group-7D3D72E12E45-LeaderElection30] INFO  server.RaftServerConfigKeys (ConfUtils.java:logGet(46)) - raft.server.watch.timeout.denomination = 1s (default)
2022-08-09 13:49:24,549 [a642edec-ac5e-4d27-8806-3ece717121b6@group-7D3D72E12E45-LeaderElection30] INFO  server.RaftServerConfigKeys (ConfUtils.java:logGet(46)) - raft.server.watch.element-limit = 65536 (default)
2022-08-09 13:49:24,549 [a642edec-ac5e-4d27-8806-3ece717121b6@group-7D3D72E12E45-LeaderElection30] INFO  server.RaftServerConfigKeys (ConfUtils.java:logGet(46)) - raft.server.write.element-limit = 1024 (custom)
2022-08-09 13:49:24,549 [a642edec-ac5e-4d27-8806-3ece717121b6@group-7D3D72E12E45-LeaderElection30] INFO  server.RaftServerConfigKeys (ConfUtils.java:logGet(46)) - raft.server.write.follower.gap.ratio.max = -1.0 (default)
2022-08-09 13:49:24,549 [a642edec-ac5e-4d27-8806-3ece717121b6@group-7D3D72E12E45-LeaderElection30] INFO  impl.RoleInfo (RoleInfo.java:updateAndGet(139)) - a642edec-ac5e-4d27-8806-3ece717121b6: start a642edec-ac5e-4d27-8806-3ece717121b6@group-7D3D72E12E45-LeaderStateImpl
2022-08-09 13:49:24,549 [a642edec-ac5e-4d27-8806-3ece717121b6@group-7D3D72E12E45-LeaderElection30] INFO  segmented.SegmentedRaftLogWorker (SegmentedRaftLogWorker.java:startLogSegment(425)) - a642edec-ac5e-4d27-8806-3ece717121b6@group-7D3D72E12E45-SegmentedRaftLogWorker: Starting segment from index:0
2022-08-09 13:49:24,550 [a642edec-ac5e-4d27-8806-3ece717121b6@group-7D3D72E12E45-SegmentedRaftLogWorker] INFO  segmented.SegmentedRaftLogWorker (SegmentedRaftLogWorker.java:execute(629)) - a642edec-ac5e-4d27-8806-3ece717121b6@group-7D3D72E12E45-SegmentedRaftLogWorker: created new log segment /home/runner/work/ozone/ozone/hadoop-ozone/integration-test/target/test-dir/MiniOzoneClusterImpl-1803e0c7-8320-4379-92ef-724c5694b47b/datanode-1/data/ratis/843dda17-1a01-42b7-82a9-7d3d72e12e45/current/log_inprogress_0
2022-08-09 13:49:24,558 [a642edec-ac5e-4d27-8806-3ece717121b6@group-7D3D72E12E45-LeaderElection30] INFO  server.RaftServer$Division (ServerState.java:setRaftConf(393)) - a642edec-ac5e-4d27-8806-3ece717121b6@group-7D3D72E12E45: set configuration 0: [a642edec-ac5e-4d27-8806-3ece717121b6|rpc:10.1.0.19:36299|dataStream:|priority:1], old=null
2022-08-09 13:49:24,604 [IPC Server handler 5 on default port 36297] INFO  ha.SequenceIdGenerator (SequenceIdGenerator.java:getNextId(128)) - Allocate a batch for containerId, change lastId from 0 to 1000.
2022-08-09 13:49:24,604 [IPC Server handler 5 on default port 36297] WARN  ha.SequenceIdGenerator (SequenceIdGenerator.java:allocateBatch(237)) - Failed to allocate a batch for localId, expected lastId is 0, actual lastId is 109611004723200000.
2022-08-09 13:49:24,604 [IPC Server handler 5 on default port 36297] INFO  ha.SequenceIdGenerator (SequenceIdGenerator.java:getNextId(128)) - Allocate a batch for localId, change lastId from 109611004723200000 to 109611004723201000.
13:49:24.663 [IPC Server handler 10 on default port 42643] ERROR OMAudit - user=runner | ip=127.0.0.1 | op=GET_FILE_STATUS {volume=volume95759, bucket=bucket35093, key=dir772/file1, dataSize=0, replicationConfig=null} | ret=FAILURE
org.apache.hadoop.ozone.om.exceptions.OMException: Unable to get file status: volume: volume95759 bucket: bucket35093 key: dir772/file1
	at org.apache.hadoop.ozone.om.KeyManagerImpl.getOzoneFileStatus(KeyManagerImpl.java:1311) ~[ozone-manager-1.3.0-SNAPSHOT.jar:?]
	at org.apache.hadoop.ozone.om.KeyManagerImpl.getFileStatus(KeyManagerImpl.java:1241) ~[ozone-manager-1.3.0-SNAPSHOT.jar:?]
	at org.apache.hadoop.ozone.om.OzoneManager.getFileStatus(OzoneManager.java:3468) ~[ozone-manager-1.3.0-SNAPSHOT.jar:?]
	at org.apache.hadoop.ozone.protocolPB.OzoneManagerRequestHandler.getOzoneFileStatus(OzoneManagerRequestHandler.java:882) ~[ozone-manager-1.3.0-SNAPSHOT.jar:?]
	at org.apache.hadoop.ozone.protocolPB.OzoneManagerRequestHandler.handleReadRequest(OzoneManagerRequestHandler.java:228) ~[ozone-manager-1.3.0-SNAPSHOT.jar:?]
	at org.apache.hadoop.ozone.protocolPB.OzoneManagerProtocolServerSideTranslatorPB.submitRequestDirectlyToOM(OzoneManagerProtocolServerSideTranslatorPB.java:276) ~[ozone-manager-1.3.0-SNAPSHOT.jar:?]
	at org.apache.hadoop.ozone.protocolPB.OzoneManagerProtocolServerSideTranslatorPB.processRequest(OzoneManagerProtocolServerSideTranslatorPB.java:205) ~[ozone-manager-1.3.0-SNAPSHOT.jar:?]
	at org.apache.hadoop.hdds.server.OzoneProtocolMessageDispatcher.processRequest(OzoneProtocolMessageDispatcher.java:87) [hdds-server-framework-1.3.0-SNAPSHOT.jar:?]
	at org.apache.hadoop.ozone.protocolPB.OzoneManagerProtocolServerSideTranslatorPB.submitRequest(OzoneManagerProtocolServerSideTranslatorPB.java:147) [ozone-manager-1.3.0-SNAPSHOT.jar:?]
	at org.apache.hadoop.ozone.protocol.proto.OzoneManagerProtocolProtos$OzoneManagerService$2.callBlockingMethod(OzoneManagerProtocolProtos.java) [ozone-interface-client-1.3.0-SNAPSHOT.jar:?]
	at org.apache.hadoop.ipc.ProtobufRpcEngine$Server.processCall(ProtobufRpcEngine.java:466) [hadoop-common-3.3.1.jar:?]
	at org.apache.hadoop.ipc.ProtobufRpcEngine2$Server$ProtoBufRpcInvoker.call(ProtobufRpcEngine2.java:574) [hadoop-common-3.3.1.jar:?]
	at org.apache.hadoop.ipc.ProtobufRpcEngine2$Server$ProtoBufRpcInvoker.call(ProtobufRpcEngine2.java:552) [hadoop-common-3.3.1.jar:?]
	at org.apache.hadoop.ipc.RPC$Server.call(RPC.java:1093) [hadoop-common-3.3.1.jar:?]
	at org.apache.hadoop.ipc.Server$RpcCall.run(Server.java:1035) [hadoop-common-3.3.1.jar:?]
	at org.apache.hadoop.ipc.Server$RpcCall.run(Server.java:963) [hadoop-common-3.3.1.jar:?]
	at java.security.AccessController.doPrivileged(Native Method) ~[?:1.8.0_332]
	at javax.security.auth.Subject.doAs(Subject.java:422) [?:1.8.0_332]
	at org.apache.hadoop.security.UserGroupInformation.doAs(UserGroupInformation.java:1878) [hadoop-common-3.3.1.jar:?]
	at org.apache.hadoop.ipc.Server$Handler.run(Server.java:2966) [hadoop-common-3.3.1.jar:?]
]]></system-out>
  </testcase>
  <testcase name="testRenameFile" classname="TestRootedOzoneFileSystem" time="0.394">
    <system-out><![CDATA[2022-08-09 13:49:45,494 [Listener at 127.0.0.1/42643] INFO  ozone.MiniOzoneClusterImpl (MiniOzoneClusterImpl.java:shutdown(448)) - Shutting down the Mini Ozone Cluster
2022-08-09 13:49:45,495 [Listener at 127.0.0.1/42643] INFO  ozone.MiniOzoneClusterImpl (MiniOzoneClusterImpl.java:stop(463)) - Stopping the Mini Ozone Cluster
2022-08-09 13:49:45,495 [Listener at 127.0.0.1/42643] INFO  ozone.MiniOzoneClusterImpl (MiniOzoneClusterImpl.java:stopOM(545)) - Stopping the OzoneManager
2022-08-09 13:49:45,495 [Listener at 127.0.0.1/42643] INFO  om.OzoneManager (OzoneManager.java:stop(2022)) - om1[localhost:0]: Stopping Ozone Manager
2022-08-09 13:49:45,495 [Listener at 127.0.0.1/42643] INFO  ipc.Server (Server.java:stop(3414)) - Stopping server on 42643
2022-08-09 13:49:45,510 [IPC Server listener on 0] INFO  ipc.Server (Server.java:run(1376)) - Stopping IPC Server listener on 0
2022-08-09 13:49:45,510 [Listener at 127.0.0.1/42643] INFO  ratis.OzoneManagerDoubleBuffer (OzoneManagerDoubleBuffer.java:stop(466)) - Stopping OMDoubleBuffer flush thread
2022-08-09 13:49:45,511 [IPC Server Responder] INFO  ipc.Server (Server.java:run(1512)) - Stopping IPC Server Responder
2022-08-09 13:49:45,511 [OMDoubleBufferFlushThread] INFO  ratis.OzoneManagerDoubleBuffer (OzoneManagerDoubleBuffer.java:flushTransactions(385)) - OMDoubleBuffer flush thread OMDoubleBufferFlushThread is interrupted and will exit.
2022-08-09 13:49:45,511 [Listener at 127.0.0.1/42643] INFO  utils.BackgroundService (BackgroundService.java:shutdown(141)) - Shutting down service KeyDeletingService
2022-08-09 13:49:45,511 [Listener at 127.0.0.1/42643] INFO  utils.BackgroundService (BackgroundService.java:shutdown(141)) - Shutting down service DirectoryDeletingService
2022-08-09 13:49:45,511 [Listener at 127.0.0.1/42643] INFO  utils.BackgroundService (BackgroundService.java:shutdown(141)) - Shutting down service OpenKeyCleanupService
2022-08-09 13:49:45,529 [Listener at 127.0.0.1/42643] INFO  handler.ContextHandler (ContextHandler.java:doStop(1153)) - Stopped o.e.j.w.WebAppContext@25a7fc5{ozoneManager,/,null,STOPPED}{file:/home/runner/work/ozone/ozone/hadoop-ozone/integration-test/target/test-classes/webapps/ozoneManager}
2022-08-09 13:49:45,531 [Listener at 127.0.0.1/42643] INFO  server.AbstractConnector (AbstractConnector.java:doStop(381)) - Stopped ServerConnector@19b05991{HTTP/1.1, (http/1.1)}{0.0.0.0:0}
2022-08-09 13:49:45,531 [Listener at 127.0.0.1/42643] INFO  server.session (HouseKeeper.java:stopScavenging(149)) - node0 Stopped scavenging
2022-08-09 13:49:45,531 [Listener at 127.0.0.1/42643] INFO  handler.ContextHandler (ContextHandler.java:doStop(1153)) - Stopped o.e.j.s.ServletContextHandler@209e3624{static,/static,file:///home/runner/work/ozone/ozone/hadoop-ozone/integration-test/target/test-classes/webapps/static,STOPPED}
2022-08-09 13:49:45,531 [Listener at 127.0.0.1/42643] INFO  handler.ContextHandler (ContextHandler.java:doStop(1153)) - Stopped o.e.j.s.ServletContextHandler@2afb3317{logs,/logs,file:///home/runner/work/ozone/ozone/hadoop-ozone/integration-test/target/log,STOPPED}
2022-08-09 13:49:45,536 [Listener at 127.0.0.1/42643] INFO  ozone.MiniOzoneClusterImpl (MiniOzoneClusterImpl.java:stopDatanodes(522)) - Stopping the HddsDatanodes
2022-08-09 13:49:45,549 [Trash Emptier] ERROR om.TrashPolicyOzone (TrashPolicyOzone.java:run(251)) - Error attempting to shutdown
java.lang.InterruptedException
	at java.util.concurrent.locks.AbstractQueuedSynchronizer$ConditionObject.awaitNanos(AbstractQueuedSynchronizer.java:2067)
	at java.util.concurrent.ThreadPoolExecutor.awaitTermination(ThreadPoolExecutor.java:1475)
	at org.apache.hadoop.ozone.om.TrashPolicyOzone$Emptier.run(TrashPolicyOzone.java:249)
	at java.lang.Thread.run(Thread.java:750)
2022-08-09 13:49:45,549 [Trash Emptier] ERROR util.ExitUtils (ExitUtils.java:terminate(133)) - Terminating with exit status -1: Thread[Trash Emptier,5,main] has thrown an uncaught exception
java.lang.UnsupportedOperationException: fs.getUri() not implemented in TrashOzoneFileSystem
	at org.apache.hadoop.ozone.om.TrashOzoneFileSystem.getUri(TrashOzoneFileSystem.java:126)
	at org.apache.hadoop.fs.FileSystem.close(FileSystem.java:2592)
	at org.apache.hadoop.ozone.om.TrashPolicyOzone$Emptier.run(TrashPolicyOzone.java:243)
	at java.lang.Thread.run(Thread.java:750)
2022-08-09 13:49:45,678 [Finalizer] WARN  managed.ManagedRocksObjectUtils (ManagedRocksObjectUtils.java:assertClosed(39)) - ManagedDBOptions is not closed properly
2022-08-09 13:49:45,678 [Finalizer] WARN  managed.ManagedRocksObjectUtils (ManagedRocksObjectUtils.java:assertClosed(39)) - ManagedColumnFamilyOptions is not closed properly
2022-08-09 13:49:45,678 [Finalizer] WARN  managed.ManagedRocksObjectUtils (ManagedRocksObjectUtils.java:assertClosed(39)) - ManagedLRUCache is not closed properly
2022-08-09 13:49:45,678 [Finalizer] WARN  managed.ManagedRocksObjectUtils (ManagedRocksObjectUtils.java:assertClosed(39)) - ManagedBloomFilter is not closed properly
2022-08-09 13:49:45,678 [Finalizer] WARN  managed.ManagedRocksObjectUtils (ManagedRocksObjectUtils.java:assertClosed(39)) - ManagedDBOptions is not closed properly
2022-08-09 13:49:45,678 [Finalizer] WARN  managed.ManagedRocksObjectUtils (ManagedRocksObjectUtils.java:assertClosed(39)) - ManagedColumnFamilyOptions is not closed properly
2022-08-09 13:49:45,678 [Finalizer] WARN  managed.ManagedRocksObjectUtils (ManagedRocksObjectUtils.java:assertClosed(39)) - ManagedLRUCache is not closed properly
2022-08-09 13:49:45,678 [Finalizer] WARN  managed.ManagedRocksObjectUtils (ManagedRocksObjectUtils.java:assertClosed(39)) - ManagedBloomFilter is not closed properly
2022-08-09 13:49:45,678 [Finalizer] WARN  managed.ManagedRocksObjectUtils (ManagedRocksObjectUtils.java:assertClosed(39)) - ManagedDBOptions is not closed properly
2022-08-09 13:49:45,678 [Finalizer] WARN  managed.ManagedRocksObjectUtils (ManagedRocksObjectUtils.java:assertClosed(39)) - ManagedColumnFamilyOptions is not closed properly
2022-08-09 13:49:45,678 [Finalizer] WARN  managed.ManagedRocksObjectUtils (ManagedRocksObjectUtils.java:assertClosed(39)) - ManagedLRUCache is not closed properly
2022-08-09 13:49:45,678 [Finalizer] WARN  managed.ManagedRocksObjectUtils (ManagedRocksObjectUtils.java:assertClosed(39)) - ManagedBloomFilter is not closed properly
2022-08-09 13:49:45,678 [Finalizer] WARN  managed.ManagedRocksObjectUtils (ManagedRocksObjectUtils.java:assertClosed(39)) - ManagedDBOptions is not closed properly
2022-08-09 13:49:45,678 [Finalizer] WARN  managed.ManagedRocksObjectUtils (ManagedRocksObjectUtils.java:assertClosed(39)) - ManagedColumnFamilyOptions is not closed properly
2022-08-09 13:49:45,678 [Finalizer] WARN  managed.ManagedRocksObjectUtils (ManagedRocksObjectUtils.java:assertClosed(39)) - ManagedLRUCache is not closed properly
2022-08-09 13:49:45,678 [Finalizer] WARN  managed.ManagedRocksObjectUtils (ManagedRocksObjectUtils.java:assertClosed(39)) - ManagedBloomFilter is not closed properly
2022-08-09 13:49:45,678 [Finalizer] WARN  managed.ManagedRocksObjectUtils (ManagedRocksObjectUtils.java:assertClosed(39)) - ManagedDBOptions is not closed properly
2022-08-09 13:49:45,678 [Finalizer] WARN  managed.ManagedRocksObjectUtils (ManagedRocksObjectUtils.java:assertClosed(39)) - ManagedColumnFamilyOptions is not closed properly
2022-08-09 13:49:45,678 [Finalizer] WARN  managed.ManagedRocksObjectUtils (ManagedRocksObjectUtils.java:assertClosed(39)) - ManagedLRUCache is not closed properly
2022-08-09 13:49:45,678 [Finalizer] WARN  managed.ManagedRocksObjectUtils (ManagedRocksObjectUtils.java:assertClosed(39)) - ManagedBloomFilter is not closed properly
2022-08-09 13:49:50,538 [ForkJoinPool.commonPool-worker-1] INFO  ozoneimpl.OzoneContainer (OzoneContainer.java:stop(399)) - Attempting to stop container services.
2022-08-09 13:49:50,540 [ForkJoinPool.commonPool-worker-1] INFO  server.RaftServer (RaftServerProxy.java:lambda$close$7(398)) - a642edec-ac5e-4d27-8806-3ece717121b6: close
2022-08-09 13:49:50,540 [ForkJoinPool.commonPool-worker-1] INFO  server.RaftServer$Division (RaftServerImpl.java:lambda$close$4(434)) - a642edec-ac5e-4d27-8806-3ece717121b6@group-4B6871DADF82: shutdown
2022-08-09 13:49:50,540 [ForkJoinPool.commonPool-worker-1] INFO  util.JmxRegister (JmxRegister.java:unregister(73)) - Successfully un-registered JMX Bean with object name Ratis:service=RaftServer,group=group-4B6871DADF82,id=a642edec-ac5e-4d27-8806-3ece717121b6
2022-08-09 13:49:50,540 [ForkJoinPool.commonPool-worker-1] INFO  impl.RoleInfo (RoleInfo.java:shutdownFollowerState(110)) - a642edec-ac5e-4d27-8806-3ece717121b6: shutdown a642edec-ac5e-4d27-8806-3ece717121b6@group-4B6871DADF82-FollowerState
2022-08-09 13:49:50,540 [ForkJoinPool.commonPool-worker-1] INFO  impl.StateMachineUpdater (StateMachineUpdater.java:stopAndJoin(153)) - a642edec-ac5e-4d27-8806-3ece717121b6@group-4B6871DADF82-StateMachineUpdater: set stopIndex = 31
2022-08-09 13:49:50,540 [a642edec-ac5e-4d27-8806-3ece717121b6@group-4B6871DADF82-FollowerState] INFO  impl.FollowerState (FollowerState.java:run(152)) - a642edec-ac5e-4d27-8806-3ece717121b6@group-4B6871DADF82-FollowerState was interrupted
2022-08-09 13:49:50,541 [a642edec-ac5e-4d27-8806-3ece717121b6@group-4B6871DADF82-StateMachineUpdater] INFO  ratis.ContainerStateMachine (ContainerStateMachine.java:takeSnapshot(304)) - group-4B6871DADF82: Taking a snapshot at:(t:1, i:31) file /home/runner/work/ozone/ozone/hadoop-ozone/integration-test/target/test-dir/MiniOzoneClusterImpl-1803e0c7-8320-4379-92ef-724c5694b47b/datanode-1/data/ratis/b16920d0-d1e5-4342-91ab-4b6871dadf82/sm/snapshot.1_31
2022-08-09 13:49:50,550 [Listener at 127.0.0.1/42643] INFO  ozoneimpl.OzoneContainer (OzoneContainer.java:stop(399)) - Attempting to stop container services.
2022-08-09 13:49:50,550 [Listener at 127.0.0.1/42643] INFO  server.RaftServer (RaftServerProxy.java:lambda$close$7(398)) - a9bcd0ff-35fc-4d0a-8e3c-7398e9e8d683: close
2022-08-09 13:49:50,551 [Listener at 127.0.0.1/42643] INFO  server.RaftServer$Division (RaftServerImpl.java:lambda$close$4(434)) - a9bcd0ff-35fc-4d0a-8e3c-7398e9e8d683@group-4B6871DADF82: shutdown
2022-08-09 13:49:50,551 [Listener at 127.0.0.1/42643] INFO  util.JmxRegister (JmxRegister.java:unregister(73)) - Successfully un-registered JMX Bean with object name Ratis:service=RaftServer,group=group-4B6871DADF82,id=a9bcd0ff-35fc-4d0a-8e3c-7398e9e8d683
2022-08-09 13:49:50,551 [Listener at 127.0.0.1/42643] INFO  impl.RoleInfo (RoleInfo.java:shutdownFollowerState(110)) - a9bcd0ff-35fc-4d0a-8e3c-7398e9e8d683: shutdown a9bcd0ff-35fc-4d0a-8e3c-7398e9e8d683@group-4B6871DADF82-FollowerState
2022-08-09 13:49:50,551 [Listener at 127.0.0.1/42643] INFO  impl.StateMachineUpdater (StateMachineUpdater.java:stopAndJoin(153)) - a9bcd0ff-35fc-4d0a-8e3c-7398e9e8d683@group-4B6871DADF82-StateMachineUpdater: set stopIndex = 31
2022-08-09 13:49:50,551 [a9bcd0ff-35fc-4d0a-8e3c-7398e9e8d683@group-4B6871DADF82-StateMachineUpdater] INFO  ratis.ContainerStateMachine (ContainerStateMachine.java:takeSnapshot(304)) - group-4B6871DADF82: Taking a snapshot at:(t:1, i:31) file /home/runner/work/ozone/ozone/hadoop-ozone/integration-test/target/test-dir/MiniOzoneClusterImpl-1803e0c7-8320-4379-92ef-724c5694b47b/datanode-2/data/ratis/b16920d0-d1e5-4342-91ab-4b6871dadf82/sm/snapshot.1_31
2022-08-09 13:49:50,551 [a9bcd0ff-35fc-4d0a-8e3c-7398e9e8d683@group-4B6871DADF82-FollowerState] INFO  impl.FollowerState (FollowerState.java:run(152)) - a9bcd0ff-35fc-4d0a-8e3c-7398e9e8d683@group-4B6871DADF82-FollowerState was interrupted
2022-08-09 13:49:50,552 [a9bcd0ff-35fc-4d0a-8e3c-7398e9e8d683@group-4B6871DADF82-StateMachineUpdater] INFO  ratis.ContainerStateMachine (ContainerStateMachine.java:takeSnapshot(315)) - group-4B6871DADF82: Finished taking a snapshot at:(t:1, i:31) file:/home/runner/work/ozone/ozone/hadoop-ozone/integration-test/target/test-dir/MiniOzoneClusterImpl-1803e0c7-8320-4379-92ef-724c5694b47b/datanode-2/data/ratis/b16920d0-d1e5-4342-91ab-4b6871dadf82/sm/snapshot.1_31 took: 1 ms
2022-08-09 13:49:50,552 [a9bcd0ff-35fc-4d0a-8e3c-7398e9e8d683@group-4B6871DADF82-StateMachineUpdater] INFO  impl.StateMachineUpdater (StateMachineUpdater.java:takeSnapshot(287)) - a9bcd0ff-35fc-4d0a-8e3c-7398e9e8d683@group-4B6871DADF82-StateMachineUpdater: Took a snapshot at index 31
2022-08-09 13:49:50,552 [a9bcd0ff-35fc-4d0a-8e3c-7398e9e8d683@group-4B6871DADF82-StateMachineUpdater] INFO  impl.StateMachineUpdater (StateMachineUpdater.java:lambda$new$0(92)) - a9bcd0ff-35fc-4d0a-8e3c-7398e9e8d683@group-4B6871DADF82-StateMachineUpdater: snapshotIndex: updateIncreasingly -1 -> 31
2022-08-09 13:49:50,553 [Listener at 127.0.0.1/42643] INFO  server.RaftServer$Division (ServerState.java:close(429)) - a9bcd0ff-35fc-4d0a-8e3c-7398e9e8d683@group-4B6871DADF82: closes. applyIndex: 31
2022-08-09 13:49:50,553 [a9bcd0ff-35fc-4d0a-8e3c-7398e9e8d683@group-4B6871DADF82-SegmentedRaftLogWorker] INFO  segmented.SegmentedRaftLogWorker (SegmentedRaftLogWorker.java:run(336)) - a9bcd0ff-35fc-4d0a-8e3c-7398e9e8d683@group-4B6871DADF82-SegmentedRaftLogWorker was interrupted, exiting. There are 0 tasks remaining in the queue.
2022-08-09 13:49:50,558 [a642edec-ac5e-4d27-8806-3ece717121b6@group-4B6871DADF82-StateMachineUpdater] INFO  ratis.ContainerStateMachine (ContainerStateMachine.java:takeSnapshot(315)) - group-4B6871DADF82: Finished taking a snapshot at:(t:1, i:31) file:/home/runner/work/ozone/ozone/hadoop-ozone/integration-test/target/test-dir/MiniOzoneClusterImpl-1803e0c7-8320-4379-92ef-724c5694b47b/datanode-1/data/ratis/b16920d0-d1e5-4342-91ab-4b6871dadf82/sm/snapshot.1_31 took: 16 ms
2022-08-09 13:49:50,558 [Listener at 127.0.0.1/42643] INFO  segmented.SegmentedRaftLogWorker (SegmentedRaftLogWorker.java:close(246)) - a9bcd0ff-35fc-4d0a-8e3c-7398e9e8d683@group-4B6871DADF82-SegmentedRaftLogWorker close()
2022-08-09 13:49:50,558 [a642edec-ac5e-4d27-8806-3ece717121b6@group-4B6871DADF82-StateMachineUpdater] INFO  impl.StateMachineUpdater (StateMachineUpdater.java:takeSnapshot(287)) - a642edec-ac5e-4d27-8806-3ece717121b6@group-4B6871DADF82-StateMachineUpdater: Took a snapshot at index 31
2022-08-09 13:49:50,558 [a642edec-ac5e-4d27-8806-3ece717121b6@group-4B6871DADF82-StateMachineUpdater] INFO  impl.StateMachineUpdater (StateMachineUpdater.java:lambda$new$0(92)) - a642edec-ac5e-4d27-8806-3ece717121b6@group-4B6871DADF82-StateMachineUpdater: snapshotIndex: updateIncreasingly -1 -> 31
2022-08-09 13:49:50,560 [ForkJoinPool.commonPool-worker-1] INFO  server.RaftServer$Division (ServerState.java:close(429)) - a642edec-ac5e-4d27-8806-3ece717121b6@group-4B6871DADF82: closes. applyIndex: 31
2022-08-09 13:49:50,560 [a642edec-ac5e-4d27-8806-3ece717121b6@group-4B6871DADF82-SegmentedRaftLogWorker] INFO  segmented.SegmentedRaftLogWorker (SegmentedRaftLogWorker.java:run(336)) - a642edec-ac5e-4d27-8806-3ece717121b6@group-4B6871DADF82-SegmentedRaftLogWorker was interrupted, exiting. There are 0 tasks remaining in the queue.
2022-08-09 13:49:50,562 [Listener at 127.0.0.1/42643] INFO  server.RaftServer$Division (RaftServerImpl.java:lambda$close$4(434)) - a9bcd0ff-35fc-4d0a-8e3c-7398e9e8d683@group-2A5D6D219DA0: shutdown
2022-08-09 13:49:50,562 [Listener at 127.0.0.1/42643] INFO  util.JmxRegister (JmxRegister.java:unregister(73)) - Successfully un-registered JMX Bean with object name Ratis:service=RaftServer,group=group-2A5D6D219DA0,id=a9bcd0ff-35fc-4d0a-8e3c-7398e9e8d683
2022-08-09 13:49:50,562 [Listener at 127.0.0.1/42643] INFO  impl.RoleInfo (RoleInfo.java:shutdownFollowerState(110)) - a9bcd0ff-35fc-4d0a-8e3c-7398e9e8d683: shutdown a9bcd0ff-35fc-4d0a-8e3c-7398e9e8d683@group-2A5D6D219DA0-FollowerState
2022-08-09 13:49:50,563 [Listener at 127.0.0.1/42643] INFO  impl.StateMachineUpdater (StateMachineUpdater.java:stopAndJoin(153)) - a9bcd0ff-35fc-4d0a-8e3c-7398e9e8d683@group-2A5D6D219DA0-StateMachineUpdater: set stopIndex = 0
2022-08-09 13:49:50,563 [a9bcd0ff-35fc-4d0a-8e3c-7398e9e8d683@group-2A5D6D219DA0-FollowerState] INFO  impl.FollowerState (FollowerState.java:run(152)) - a9bcd0ff-35fc-4d0a-8e3c-7398e9e8d683@group-2A5D6D219DA0-FollowerState was interrupted
2022-08-09 13:49:50,563 [ForkJoinPool.commonPool-worker-1] INFO  segmented.SegmentedRaftLogWorker (SegmentedRaftLogWorker.java:close(246)) - a642edec-ac5e-4d27-8806-3ece717121b6@group-4B6871DADF82-SegmentedRaftLogWorker close()
2022-08-09 13:49:50,563 [a9bcd0ff-35fc-4d0a-8e3c-7398e9e8d683@group-2A5D6D219DA0-StateMachineUpdater] INFO  ratis.ContainerStateMachine (ContainerStateMachine.java:takeSnapshot(304)) - group-2A5D6D219DA0: Taking a snapshot at:(t:4, i:0) file /home/runner/work/ozone/ozone/hadoop-ozone/integration-test/target/test-dir/MiniOzoneClusterImpl-1803e0c7-8320-4379-92ef-724c5694b47b/datanode-2/data/ratis/ebea5230-8bf4-41e2-921d-2a5d6d219da0/sm/snapshot.4_0
2022-08-09 13:49:50,565 [ForkJoinPool.commonPool-worker-1] INFO  server.RaftServer$Division (RaftServerImpl.java:lambda$close$4(434)) - a642edec-ac5e-4d27-8806-3ece717121b6@group-7D3D72E12E45: shutdown
2022-08-09 13:49:50,576 [ForkJoinPool.commonPool-worker-1] INFO  util.JmxRegister (JmxRegister.java:unregister(73)) - Successfully un-registered JMX Bean with object name Ratis:service=RaftServer,group=group-7D3D72E12E45,id=a642edec-ac5e-4d27-8806-3ece717121b6
2022-08-09 13:49:50,576 [ForkJoinPool.commonPool-worker-1] INFO  impl.RoleInfo (RoleInfo.java:shutdownLeaderState(93)) - a642edec-ac5e-4d27-8806-3ece717121b6: shutdown a642edec-ac5e-4d27-8806-3ece717121b6@group-7D3D72E12E45-LeaderStateImpl
2022-08-09 13:49:50,576 [ForkJoinPool.commonPool-worker-1] INFO  impl.PendingRequests (PendingRequests.java:sendNotLeaderResponses(282)) - a642edec-ac5e-4d27-8806-3ece717121b6@group-7D3D72E12E45-PendingRequests: sendNotLeaderResponses
2022-08-09 13:49:50,577 [ForkJoinPool.commonPool-worker-1] INFO  impl.StateMachineUpdater (StateMachineUpdater.java:stopAndJoin(153)) - a642edec-ac5e-4d27-8806-3ece717121b6@group-7D3D72E12E45-StateMachineUpdater: set stopIndex = 0
2022-08-09 13:49:50,577 [a642edec-ac5e-4d27-8806-3ece717121b6@group-7D3D72E12E45-StateMachineUpdater] INFO  ratis.ContainerStateMachine (ContainerStateMachine.java:takeSnapshot(304)) - group-7D3D72E12E45: Taking a snapshot at:(t:1, i:0) file /home/runner/work/ozone/ozone/hadoop-ozone/integration-test/target/test-dir/MiniOzoneClusterImpl-1803e0c7-8320-4379-92ef-724c5694b47b/datanode-1/data/ratis/843dda17-1a01-42b7-82a9-7d3d72e12e45/sm/snapshot.1_0
2022-08-09 13:49:50,579 [a642edec-ac5e-4d27-8806-3ece717121b6@group-7D3D72E12E45-StateMachineUpdater] INFO  ratis.ContainerStateMachine (ContainerStateMachine.java:takeSnapshot(315)) - group-7D3D72E12E45: Finished taking a snapshot at:(t:1, i:0) file:/home/runner/work/ozone/ozone/hadoop-ozone/integration-test/target/test-dir/MiniOzoneClusterImpl-1803e0c7-8320-4379-92ef-724c5694b47b/datanode-1/data/ratis/843dda17-1a01-42b7-82a9-7d3d72e12e45/sm/snapshot.1_0 took: 1 ms
2022-08-09 13:49:50,579 [a642edec-ac5e-4d27-8806-3ece717121b6@group-7D3D72E12E45-StateMachineUpdater] INFO  impl.StateMachineUpdater (StateMachineUpdater.java:takeSnapshot(287)) - a642edec-ac5e-4d27-8806-3ece717121b6@group-7D3D72E12E45-StateMachineUpdater: Took a snapshot at index 0
2022-08-09 13:49:50,579 [a642edec-ac5e-4d27-8806-3ece717121b6@group-7D3D72E12E45-StateMachineUpdater] INFO  impl.StateMachineUpdater (StateMachineUpdater.java:lambda$new$0(92)) - a642edec-ac5e-4d27-8806-3ece717121b6@group-7D3D72E12E45-StateMachineUpdater: snapshotIndex: updateIncreasingly -1 -> 0
2022-08-09 13:49:50,580 [ForkJoinPool.commonPool-worker-1] INFO  server.RaftServer$Division (ServerState.java:close(429)) - a642edec-ac5e-4d27-8806-3ece717121b6@group-7D3D72E12E45: closes. applyIndex: 0
2022-08-09 13:49:50,580 [a642edec-ac5e-4d27-8806-3ece717121b6@group-7D3D72E12E45-SegmentedRaftLogWorker] INFO  segmented.SegmentedRaftLogWorker (SegmentedRaftLogWorker.java:run(336)) - a642edec-ac5e-4d27-8806-3ece717121b6@group-7D3D72E12E45-SegmentedRaftLogWorker was interrupted, exiting. There are 0 tasks remaining in the queue.
2022-08-09 13:49:50,581 [ForkJoinPool.commonPool-worker-1] INFO  segmented.SegmentedRaftLogWorker (SegmentedRaftLogWorker.java:close(246)) - a642edec-ac5e-4d27-8806-3ece717121b6@group-7D3D72E12E45-SegmentedRaftLogWorker close()
2022-08-09 13:49:50,581 [a9bcd0ff-35fc-4d0a-8e3c-7398e9e8d683@group-2A5D6D219DA0-StateMachineUpdater] INFO  ratis.ContainerStateMachine (ContainerStateMachine.java:takeSnapshot(315)) - group-2A5D6D219DA0: Finished taking a snapshot at:(t:4, i:0) file:/home/runner/work/ozone/ozone/hadoop-ozone/integration-test/target/test-dir/MiniOzoneClusterImpl-1803e0c7-8320-4379-92ef-724c5694b47b/datanode-2/data/ratis/ebea5230-8bf4-41e2-921d-2a5d6d219da0/sm/snapshot.4_0 took: 18 ms
2022-08-09 13:49:50,581 [a9bcd0ff-35fc-4d0a-8e3c-7398e9e8d683@group-2A5D6D219DA0-StateMachineUpdater] INFO  impl.StateMachineUpdater (StateMachineUpdater.java:takeSnapshot(287)) - a9bcd0ff-35fc-4d0a-8e3c-7398e9e8d683@group-2A5D6D219DA0-StateMachineUpdater: Took a snapshot at index 0
2022-08-09 13:49:50,581 [a9bcd0ff-35fc-4d0a-8e3c-7398e9e8d683@group-2A5D6D219DA0-StateMachineUpdater] INFO  impl.StateMachineUpdater (StateMachineUpdater.java:lambda$new$0(92)) - a9bcd0ff-35fc-4d0a-8e3c-7398e9e8d683@group-2A5D6D219DA0-StateMachineUpdater: snapshotIndex: updateIncreasingly -1 -> 0
2022-08-09 13:49:50,582 [ForkJoinPool.commonPool-worker-1] INFO  server.RaftServer$Division (RaftServerImpl.java:lambda$close$4(434)) - a642edec-ac5e-4d27-8806-3ece717121b6@group-2A5D6D219DA0: shutdown
2022-08-09 13:49:50,582 [ForkJoinPool.commonPool-worker-1] INFO  util.JmxRegister (JmxRegister.java:unregister(73)) - Successfully un-registered JMX Bean with object name Ratis:service=RaftServer,group=group-2A5D6D219DA0,id=a642edec-ac5e-4d27-8806-3ece717121b6
2022-08-09 13:49:50,582 [ForkJoinPool.commonPool-worker-1] INFO  impl.RoleInfo (RoleInfo.java:shutdownLeaderState(93)) - a642edec-ac5e-4d27-8806-3ece717121b6: shutdown a642edec-ac5e-4d27-8806-3ece717121b6@group-2A5D6D219DA0-LeaderStateImpl
2022-08-09 13:49:50,582 [ForkJoinPool.commonPool-worker-1] INFO  impl.PendingRequests (PendingRequests.java:sendNotLeaderResponses(282)) - a642edec-ac5e-4d27-8806-3ece717121b6@group-2A5D6D219DA0-PendingRequests: sendNotLeaderResponses
2022-08-09 13:49:50,583 [ForkJoinPool.commonPool-worker-1] INFO  impl.StateMachineUpdater (StateMachineUpdater.java:stopAndJoin(153)) - a642edec-ac5e-4d27-8806-3ece717121b6@group-2A5D6D219DA0-StateMachineUpdater: set stopIndex = 0
2022-08-09 13:49:50,583 [a642edec-ac5e-4d27-8806-3ece717121b6@group-2A5D6D219DA0->a9bcd0ff-35fc-4d0a-8e3c-7398e9e8d683-GrpcLogAppender-LogAppenderDaemon] WARN  server.GrpcLogAppender (GrpcLogAppender.java:mayWait(171)) - a642edec-ac5e-4d27-8806-3ece717121b6@group-2A5D6D219DA0->a9bcd0ff-35fc-4d0a-8e3c-7398e9e8d683-GrpcLogAppender: Wait interrupted by java.lang.InterruptedException
2022-08-09 13:49:50,583 [a642edec-ac5e-4d27-8806-3ece717121b6@group-2A5D6D219DA0-StateMachineUpdater] INFO  ratis.ContainerStateMachine (ContainerStateMachine.java:takeSnapshot(304)) - group-2A5D6D219DA0: Taking a snapshot at:(t:4, i:0) file /home/runner/work/ozone/ozone/hadoop-ozone/integration-test/target/test-dir/MiniOzoneClusterImpl-1803e0c7-8320-4379-92ef-724c5694b47b/datanode-1/data/ratis/ebea5230-8bf4-41e2-921d-2a5d6d219da0/sm/snapshot.4_0
2022-08-09 13:49:50,584 [grpc-default-executor-5] INFO  server.GrpcServerProtocolService (GrpcServerProtocolService.java:onCompleted(140)) - a9bcd0ff-35fc-4d0a-8e3c-7398e9e8d683: Completed APPEND_ENTRIES, lastRequest: a642edec-ac5e-4d27-8806-3ece717121b6->a9bcd0ff-35fc-4d0a-8e3c-7398e9e8d683#1-t4,previous=(t:0, i:0),leaderCommit=0,initializing? true,entries: size=1, first=(t:4, i:0), CONFIGURATIONENTRY
2022-08-09 13:49:50,584 [a642edec-ac5e-4d27-8806-3ece717121b6@group-2A5D6D219DA0->facac9a0-ce51-4f90-b128-080475d31873-GrpcLogAppender-LogAppenderDaemon] WARN  server.GrpcLogAppender (GrpcLogAppender.java:mayWait(171)) - a642edec-ac5e-4d27-8806-3ece717121b6@group-2A5D6D219DA0->facac9a0-ce51-4f90-b128-080475d31873-GrpcLogAppender: Wait interrupted by java.lang.InterruptedException
2022-08-09 13:49:50,584 [Listener at 127.0.0.1/42643] INFO  server.RaftServer$Division (ServerState.java:close(429)) - a9bcd0ff-35fc-4d0a-8e3c-7398e9e8d683@group-2A5D6D219DA0: closes. applyIndex: 0
2022-08-09 13:49:50,584 [a9bcd0ff-35fc-4d0a-8e3c-7398e9e8d683@group-2A5D6D219DA0-SegmentedRaftLogWorker] INFO  segmented.SegmentedRaftLogWorker (SegmentedRaftLogWorker.java:run(336)) - a9bcd0ff-35fc-4d0a-8e3c-7398e9e8d683@group-2A5D6D219DA0-SegmentedRaftLogWorker was interrupted, exiting. There are 0 tasks remaining in the queue.
2022-08-09 13:49:50,586 [grpc-default-executor-6] INFO  server.GrpcLogAppender (GrpcLogAppender.java:onCompleted(339)) - a642edec-ac5e-4d27-8806-3ece717121b6@group-2A5D6D219DA0->a9bcd0ff-35fc-4d0a-8e3c-7398e9e8d683-AppendLogResponseHandler: follower responses appendEntries COMPLETED
2022-08-09 13:49:50,586 [grpc-default-executor-6] INFO  leader.FollowerInfo (FollowerInfoImpl.java:lambda$new$0(48)) - a642edec-ac5e-4d27-8806-3ece717121b6@group-2A5D6D219DA0->a9bcd0ff-35fc-4d0a-8e3c-7398e9e8d683: nextIndex: updateUnconditionally 1 -> 0
2022-08-09 13:49:50,586 [grpc-default-executor-4] INFO  server.GrpcServerProtocolService (GrpcServerProtocolService.java:onCompleted(140)) - facac9a0-ce51-4f90-b128-080475d31873: Completed APPEND_ENTRIES, lastRequest: a642edec-ac5e-4d27-8806-3ece717121b6->facac9a0-ce51-4f90-b128-080475d31873#1-t4,previous=(t:0, i:0),leaderCommit=0,initializing? true,entries: size=1, first=(t:4, i:0), CONFIGURATIONENTRY
2022-08-09 13:49:50,587 [grpc-default-executor-4] INFO  server.GrpcLogAppender (GrpcLogAppender.java:onCompleted(339)) - a642edec-ac5e-4d27-8806-3ece717121b6@group-2A5D6D219DA0->facac9a0-ce51-4f90-b128-080475d31873-AppendLogResponseHandler: follower responses appendEntries COMPLETED
2022-08-09 13:49:50,587 [grpc-default-executor-4] INFO  leader.FollowerInfo (FollowerInfoImpl.java:lambda$new$0(48)) - a642edec-ac5e-4d27-8806-3ece717121b6@group-2A5D6D219DA0->facac9a0-ce51-4f90-b128-080475d31873: nextIndex: updateUnconditionally 1 -> 0
2022-08-09 13:49:50,587 [a642edec-ac5e-4d27-8806-3ece717121b6@group-2A5D6D219DA0-StateMachineUpdater] INFO  ratis.ContainerStateMachine (ContainerStateMachine.java:takeSnapshot(315)) - group-2A5D6D219DA0: Finished taking a snapshot at:(t:4, i:0) file:/home/runner/work/ozone/ozone/hadoop-ozone/integration-test/target/test-dir/MiniOzoneClusterImpl-1803e0c7-8320-4379-92ef-724c5694b47b/datanode-1/data/ratis/ebea5230-8bf4-41e2-921d-2a5d6d219da0/sm/snapshot.4_0 took: 5 ms
2022-08-09 13:49:50,588 [a642edec-ac5e-4d27-8806-3ece717121b6@group-2A5D6D219DA0-StateMachineUpdater] INFO  impl.StateMachineUpdater (StateMachineUpdater.java:takeSnapshot(287)) - a642edec-ac5e-4d27-8806-3ece717121b6@group-2A5D6D219DA0-StateMachineUpdater: Took a snapshot at index 0
2022-08-09 13:49:50,588 [a642edec-ac5e-4d27-8806-3ece717121b6@group-2A5D6D219DA0-StateMachineUpdater] INFO  impl.StateMachineUpdater (StateMachineUpdater.java:lambda$new$0(92)) - a642edec-ac5e-4d27-8806-3ece717121b6@group-2A5D6D219DA0-StateMachineUpdater: snapshotIndex: updateIncreasingly -1 -> 0
2022-08-09 13:49:50,589 [ForkJoinPool.commonPool-worker-1] INFO  server.RaftServer$Division (ServerState.java:close(429)) - a642edec-ac5e-4d27-8806-3ece717121b6@group-2A5D6D219DA0: closes. applyIndex: 0
2022-08-09 13:49:50,589 [a642edec-ac5e-4d27-8806-3ece717121b6@group-2A5D6D219DA0-SegmentedRaftLogWorker] INFO  segmented.SegmentedRaftLogWorker (SegmentedRaftLogWorker.java:run(336)) - a642edec-ac5e-4d27-8806-3ece717121b6@group-2A5D6D219DA0-SegmentedRaftLogWorker was interrupted, exiting. There are 0 tasks remaining in the queue.
2022-08-09 13:49:50,602 [Listener at 127.0.0.1/42643] INFO  segmented.SegmentedRaftLogWorker (SegmentedRaftLogWorker.java:close(246)) - a9bcd0ff-35fc-4d0a-8e3c-7398e9e8d683@group-2A5D6D219DA0-SegmentedRaftLogWorker close()
2022-08-09 13:49:50,602 [ForkJoinPool.commonPool-worker-1] INFO  segmented.SegmentedRaftLogWorker (SegmentedRaftLogWorker.java:close(246)) - a642edec-ac5e-4d27-8806-3ece717121b6@group-2A5D6D219DA0-SegmentedRaftLogWorker close()
2022-08-09 13:49:50,603 [ForkJoinPool.commonPool-worker-1] INFO  server.GrpcService (GrpcService.java:closeImpl(269)) - a642edec-ac5e-4d27-8806-3ece717121b6: shutdown server with port 36299 now
2022-08-09 13:49:50,603 [Listener at 127.0.0.1/42643] INFO  server.RaftServer$Division (RaftServerImpl.java:lambda$close$4(434)) - a9bcd0ff-35fc-4d0a-8e3c-7398e9e8d683@group-77CF3284B42D: shutdown
2022-08-09 13:49:50,603 [Listener at 127.0.0.1/42643] INFO  util.JmxRegister (JmxRegister.java:unregister(73)) - Successfully un-registered JMX Bean with object name Ratis:service=RaftServer,group=group-77CF3284B42D,id=a9bcd0ff-35fc-4d0a-8e3c-7398e9e8d683
2022-08-09 13:49:50,603 [Listener at 127.0.0.1/42643] INFO  impl.RoleInfo (RoleInfo.java:shutdownLeaderState(93)) - a9bcd0ff-35fc-4d0a-8e3c-7398e9e8d683: shutdown a9bcd0ff-35fc-4d0a-8e3c-7398e9e8d683@group-77CF3284B42D-LeaderStateImpl
2022-08-09 13:49:50,604 [Listener at 127.0.0.1/42643] INFO  impl.PendingRequests (PendingRequests.java:sendNotLeaderResponses(282)) - a9bcd0ff-35fc-4d0a-8e3c-7398e9e8d683@group-77CF3284B42D-PendingRequests: sendNotLeaderResponses
2022-08-09 13:49:50,604 [Listener at 127.0.0.1/42643] INFO  impl.StateMachineUpdater (StateMachineUpdater.java:stopAndJoin(153)) - a9bcd0ff-35fc-4d0a-8e3c-7398e9e8d683@group-77CF3284B42D-StateMachineUpdater: set stopIndex = 0
2022-08-09 13:49:50,604 [a9bcd0ff-35fc-4d0a-8e3c-7398e9e8d683@group-77CF3284B42D-StateMachineUpdater] INFO  ratis.ContainerStateMachine (ContainerStateMachine.java:takeSnapshot(304)) - group-77CF3284B42D: Taking a snapshot at:(t:1, i:0) file /home/runner/work/ozone/ozone/hadoop-ozone/integration-test/target/test-dir/MiniOzoneClusterImpl-1803e0c7-8320-4379-92ef-724c5694b47b/datanode-2/data/ratis/31dcd507-507b-4a4b-b752-77cf3284b42d/sm/snapshot.1_0
2022-08-09 13:49:50,605 [a9bcd0ff-35fc-4d0a-8e3c-7398e9e8d683@group-77CF3284B42D-StateMachineUpdater] INFO  ratis.ContainerStateMachine (ContainerStateMachine.java:takeSnapshot(315)) - group-77CF3284B42D: Finished taking a snapshot at:(t:1, i:0) file:/home/runner/work/ozone/ozone/hadoop-ozone/integration-test/target/test-dir/MiniOzoneClusterImpl-1803e0c7-8320-4379-92ef-724c5694b47b/datanode-2/data/ratis/31dcd507-507b-4a4b-b752-77cf3284b42d/sm/snapshot.1_0 took: 1 ms
2022-08-09 13:49:50,606 [a9bcd0ff-35fc-4d0a-8e3c-7398e9e8d683@group-77CF3284B42D-StateMachineUpdater] INFO  impl.StateMachineUpdater (StateMachineUpdater.java:takeSnapshot(287)) - a9bcd0ff-35fc-4d0a-8e3c-7398e9e8d683@group-77CF3284B42D-StateMachineUpdater: Took a snapshot at index 0
2022-08-09 13:49:50,606 [a9bcd0ff-35fc-4d0a-8e3c-7398e9e8d683@group-77CF3284B42D-StateMachineUpdater] INFO  impl.StateMachineUpdater (StateMachineUpdater.java:lambda$new$0(92)) - a9bcd0ff-35fc-4d0a-8e3c-7398e9e8d683@group-77CF3284B42D-StateMachineUpdater: snapshotIndex: updateIncreasingly -1 -> 0
2022-08-09 13:49:50,606 [grpc-default-executor-4] WARN  server.GrpcServerProtocolService (LogUtils.java:warn(122)) - a642edec-ac5e-4d27-8806-3ece717121b6: installSnapshot onError, lastRequest: facac9a0-ce51-4f90-b128-080475d31873->a642edec-ac5e-4d27-8806-3ece717121b6#584-t1,previous=(t:1, i:30),leaderCommit=29,initializing? true,entries: size=1, first=(t:1, i:31), METADATAENTRY(c:29): org.apache.ratis.thirdparty.io.grpc.StatusRuntimeException: CANCELLED: client cancelled
2022-08-09 13:49:50,606 [Listener at 127.0.0.1/42643] INFO  server.RaftServer$Division (ServerState.java:close(429)) - a9bcd0ff-35fc-4d0a-8e3c-7398e9e8d683@group-77CF3284B42D: closes. applyIndex: 0
2022-08-09 13:49:50,607 [a9bcd0ff-35fc-4d0a-8e3c-7398e9e8d683@group-77CF3284B42D-SegmentedRaftLogWorker] INFO  segmented.SegmentedRaftLogWorker (SegmentedRaftLogWorker.java:run(336)) - a9bcd0ff-35fc-4d0a-8e3c-7398e9e8d683@group-77CF3284B42D-SegmentedRaftLogWorker was interrupted, exiting. There are 0 tasks remaining in the queue.
2022-08-09 13:49:50,607 [Listener at 127.0.0.1/42643] INFO  segmented.SegmentedRaftLogWorker (SegmentedRaftLogWorker.java:close(246)) - a9bcd0ff-35fc-4d0a-8e3c-7398e9e8d683@group-77CF3284B42D-SegmentedRaftLogWorker close()
2022-08-09 13:49:50,611 [grpc-default-executor-5] WARN  server.GrpcLogAppender (LogUtils.java:warn(122)) - facac9a0-ce51-4f90-b128-080475d31873@group-4B6871DADF82->a642edec-ac5e-4d27-8806-3ece717121b6-AppendLogResponseHandler: Failed appendEntries: org.apache.ratis.thirdparty.io.grpc.StatusRuntimeException: CANCELLED: RST_STREAM closed stream. HTTP/2 error code: CANCEL
2022-08-09 13:49:50,611 [grpc-default-executor-5] INFO  leader.FollowerInfo (FollowerInfoImpl.java:lambda$new$0(48)) - facac9a0-ce51-4f90-b128-080475d31873@group-4B6871DADF82->a642edec-ac5e-4d27-8806-3ece717121b6: nextIndex: updateUnconditionally 32 -> 31
2022-08-09 13:49:50,611 [Listener at 127.0.0.1/42643] INFO  server.GrpcService (GrpcService.java:closeImpl(269)) - a9bcd0ff-35fc-4d0a-8e3c-7398e9e8d683: shutdown server with port 44419 now
2022-08-09 13:49:50,613 [ForkJoinPool.commonPool-worker-1] INFO  server.GrpcService (GrpcService.java:closeImpl(278)) - a642edec-ac5e-4d27-8806-3ece717121b6: shutdown server with port 36299 successfully
2022-08-09 13:49:50,613 [org.apache.ratis.util.JvmPauseMonitor$$Lambda$615/629946574@45d062dd] INFO  util.JvmPauseMonitor (JvmPauseMonitor.java:run(109)) - JvmPauseMonitor-a642edec-ac5e-4d27-8806-3ece717121b6: Stopped
2022-08-09 13:49:50,618 [grpc-default-executor-5] WARN  server.GrpcLogAppender (LogUtils.java:warn(122)) - facac9a0-ce51-4f90-b128-080475d31873@group-4B6871DADF82->a642edec-ac5e-4d27-8806-3ece717121b6-AppendLogResponseHandler: Failed appendEntries: org.apache.ratis.thirdparty.io.grpc.StatusRuntimeException: UNAVAILABLE: io exception
2022-08-09 13:49:50,618 [grpc-default-executor-5] INFO  leader.FollowerInfo (FollowerInfoImpl.java:lambda$new$0(48)) - facac9a0-ce51-4f90-b128-080475d31873@group-4B6871DADF82->a642edec-ac5e-4d27-8806-3ece717121b6: nextIndex: updateUnconditionally 32 -> 31
2022-08-09 13:49:50,627 [grpc-default-executor-4] WARN  server.GrpcServerProtocolService (LogUtils.java:warn(122)) - a9bcd0ff-35fc-4d0a-8e3c-7398e9e8d683: installSnapshot onError, lastRequest: facac9a0-ce51-4f90-b128-080475d31873->a9bcd0ff-35fc-4d0a-8e3c-7398e9e8d683#576-t1,previous=(t:1, i:30),leaderCommit=29,initializing? true,entries: size=1, first=(t:1, i:31), METADATAENTRY(c:29): org.apache.ratis.thirdparty.io.grpc.StatusRuntimeException: CANCELLED: client cancelled
2022-08-09 13:49:50,627 [Listener at 127.0.0.1/42643] INFO  server.GrpcService (GrpcService.java:closeImpl(278)) - a9bcd0ff-35fc-4d0a-8e3c-7398e9e8d683: shutdown server with port 44419 successfully
2022-08-09 13:49:50,627 [org.apache.ratis.util.JvmPauseMonitor$$Lambda$615/629946574@8ef1996] INFO  util.JvmPauseMonitor (JvmPauseMonitor.java:run(109)) - JvmPauseMonitor-a9bcd0ff-35fc-4d0a-8e3c-7398e9e8d683: Stopped
2022-08-09 13:49:50,633 [grpc-default-executor-5] WARN  server.GrpcLogAppender (LogUtils.java:warn(122)) - facac9a0-ce51-4f90-b128-080475d31873@group-4B6871DADF82->a9bcd0ff-35fc-4d0a-8e3c-7398e9e8d683-AppendLogResponseHandler: Failed appendEntries: org.apache.ratis.thirdparty.io.grpc.StatusRuntimeException: CANCELLED: RST_STREAM closed stream. HTTP/2 error code: CANCEL
2022-08-09 13:49:50,633 [grpc-default-executor-5] INFO  leader.FollowerInfo (FollowerInfoImpl.java:lambda$new$0(48)) - facac9a0-ce51-4f90-b128-080475d31873@group-4B6871DADF82->a9bcd0ff-35fc-4d0a-8e3c-7398e9e8d683: nextIndex: updateUnconditionally 32 -> 31
2022-08-09 13:49:50,646 [grpc-default-executor-4] WARN  server.GrpcLogAppender (LogUtils.java:warn(122)) - facac9a0-ce51-4f90-b128-080475d31873@group-4B6871DADF82->a9bcd0ff-35fc-4d0a-8e3c-7398e9e8d683-AppendLogResponseHandler: Failed appendEntries: org.apache.ratis.thirdparty.io.grpc.StatusRuntimeException: UNAVAILABLE: io exception
2022-08-09 13:49:50,646 [grpc-default-executor-4] INFO  leader.FollowerInfo (FollowerInfoImpl.java:lambda$new$0(48)) - facac9a0-ce51-4f90-b128-080475d31873@group-4B6871DADF82->a9bcd0ff-35fc-4d0a-8e3c-7398e9e8d683: nextIndex: updateUnconditionally 32 -> 31
2022-08-09 13:49:51,339 [grpc-default-executor-4] WARN  server.GrpcLogAppender (LogUtils.java:warn(122)) - facac9a0-ce51-4f90-b128-080475d31873@group-4B6871DADF82->a642edec-ac5e-4d27-8806-3ece717121b6-AppendLogResponseHandler: Failed appendEntries: org.apache.ratis.thirdparty.io.grpc.StatusRuntimeException: UNAVAILABLE: io exception
2022-08-09 13:49:51,340 [grpc-default-executor-4] INFO  leader.FollowerInfo (FollowerInfoImpl.java:lambda$new$0(48)) - facac9a0-ce51-4f90-b128-080475d31873@group-4B6871DADF82->a642edec-ac5e-4d27-8806-3ece717121b6: nextIndex: updateUnconditionally 32 -> 31
2022-08-09 13:49:51,362 [grpc-default-executor-4] WARN  server.GrpcLogAppender (LogUtils.java:warn(122)) - facac9a0-ce51-4f90-b128-080475d31873@group-4B6871DADF82->a9bcd0ff-35fc-4d0a-8e3c-7398e9e8d683-AppendLogResponseHandler: Failed appendEntries: org.apache.ratis.thirdparty.io.grpc.StatusRuntimeException: UNAVAILABLE: io exception
2022-08-09 13:49:51,363 [grpc-default-executor-4] INFO  leader.FollowerInfo (FollowerInfoImpl.java:lambda$new$0(48)) - facac9a0-ce51-4f90-b128-080475d31873@group-4B6871DADF82->a9bcd0ff-35fc-4d0a-8e3c-7398e9e8d683: nextIndex: updateUnconditionally 32 -> 31
2022-08-09 13:49:52,589 [grpc-default-executor-4] WARN  server.GrpcLogAppender (LogUtils.java:warn(122)) - facac9a0-ce51-4f90-b128-080475d31873@group-4B6871DADF82->a642edec-ac5e-4d27-8806-3ece717121b6-AppendLogResponseHandler: Failed appendEntries: org.apache.ratis.thirdparty.io.grpc.StatusRuntimeException: UNAVAILABLE: io exception
2022-08-09 13:49:52,590 [grpc-default-executor-4] INFO  leader.FollowerInfo (FollowerInfoImpl.java:lambda$new$0(48)) - facac9a0-ce51-4f90-b128-080475d31873@group-4B6871DADF82->a642edec-ac5e-4d27-8806-3ece717121b6: nextIndex: updateUnconditionally 32 -> 31
2022-08-09 13:49:52,612 [grpc-default-executor-4] WARN  server.GrpcLogAppender (LogUtils.java:warn(122)) - facac9a0-ce51-4f90-b128-080475d31873@group-4B6871DADF82->a9bcd0ff-35fc-4d0a-8e3c-7398e9e8d683-AppendLogResponseHandler: Failed appendEntries: org.apache.ratis.thirdparty.io.grpc.StatusRuntimeException: UNAVAILABLE: io exception
2022-08-09 13:49:52,613 [grpc-default-executor-4] INFO  leader.FollowerInfo (FollowerInfoImpl.java:lambda$new$0(48)) - facac9a0-ce51-4f90-b128-080475d31873@group-4B6871DADF82->a9bcd0ff-35fc-4d0a-8e3c-7398e9e8d683: nextIndex: updateUnconditionally 32 -> 31
2022-08-09 13:49:52,688 [Listener at 127.0.0.1/42643] INFO  utils.BackgroundService (BackgroundService.java:shutdown(141)) - Shutting down service BlockDeletingService
2022-08-09 13:49:52,689 [ForkJoinPool.commonPool-worker-1] INFO  utils.BackgroundService (BackgroundService.java:shutdown(141)) - Shutting down service BlockDeletingService
2022-08-09 13:49:52,689 [ForkJoinPool.commonPool-worker-1] INFO  utils.BackgroundService (BackgroundService.java:shutdown(141)) - Shutting down service StaleRecoveringContainerScrubbingService
2022-08-09 13:49:52,710 [Listener at 127.0.0.1/42643] INFO  utils.BackgroundService (BackgroundService.java:shutdown(141)) - Shutting down service StaleRecoveringContainerScrubbingService
2022-08-09 13:49:53,844 [grpc-default-executor-4] WARN  server.GrpcLogAppender (LogUtils.java:warn(122)) - facac9a0-ce51-4f90-b128-080475d31873@group-4B6871DADF82->a642edec-ac5e-4d27-8806-3ece717121b6-AppendLogResponseHandler: Failed appendEntries: org.apache.ratis.thirdparty.io.grpc.StatusRuntimeException: UNAVAILABLE: io exception
2022-08-09 13:49:53,845 [grpc-default-executor-4] INFO  leader.FollowerInfo (FollowerInfoImpl.java:lambda$new$0(48)) - facac9a0-ce51-4f90-b128-080475d31873@group-4B6871DADF82->a642edec-ac5e-4d27-8806-3ece717121b6: nextIndex: updateUnconditionally 32 -> 31
2022-08-09 13:49:53,863 [grpc-default-executor-4] WARN  server.GrpcLogAppender (LogUtils.java:warn(122)) - facac9a0-ce51-4f90-b128-080475d31873@group-4B6871DADF82->a9bcd0ff-35fc-4d0a-8e3c-7398e9e8d683-AppendLogResponseHandler: Failed appendEntries: org.apache.ratis.thirdparty.io.grpc.StatusRuntimeException: UNAVAILABLE: io exception
2022-08-09 13:49:53,863 [grpc-default-executor-4] INFO  leader.FollowerInfo (FollowerInfoImpl.java:lambda$new$0(48)) - facac9a0-ce51-4f90-b128-080475d31873@group-4B6871DADF82->a9bcd0ff-35fc-4d0a-8e3c-7398e9e8d683: nextIndex: updateUnconditionally 32 -> 31
2022-08-09 13:49:55,096 [grpc-default-executor-4] WARN  server.GrpcLogAppender (LogUtils.java:warn(122)) - facac9a0-ce51-4f90-b128-080475d31873@group-4B6871DADF82->a642edec-ac5e-4d27-8806-3ece717121b6-AppendLogResponseHandler: Failed appendEntries: org.apache.ratis.thirdparty.io.grpc.StatusRuntimeException: UNAVAILABLE: io exception
2022-08-09 13:49:55,096 [grpc-default-executor-4] INFO  leader.FollowerInfo (FollowerInfoImpl.java:lambda$new$0(48)) - facac9a0-ce51-4f90-b128-080475d31873@group-4B6871DADF82->a642edec-ac5e-4d27-8806-3ece717121b6: nextIndex: updateUnconditionally 32 -> 31
2022-08-09 13:49:55,116 [grpc-default-executor-4] WARN  server.GrpcLogAppender (LogUtils.java:warn(122)) - facac9a0-ce51-4f90-b128-080475d31873@group-4B6871DADF82->a9bcd0ff-35fc-4d0a-8e3c-7398e9e8d683-AppendLogResponseHandler: Failed appendEntries: org.apache.ratis.thirdparty.io.grpc.StatusRuntimeException: UNAVAILABLE: io exception
2022-08-09 13:49:55,116 [grpc-default-executor-4] INFO  leader.FollowerInfo (FollowerInfoImpl.java:lambda$new$0(48)) - facac9a0-ce51-4f90-b128-080475d31873@group-4B6871DADF82->a9bcd0ff-35fc-4d0a-8e3c-7398e9e8d683: nextIndex: updateUnconditionally 32 -> 31
2022-08-09 13:49:55,729 [ForkJoinPool.commonPool-worker-1] INFO  statemachine.DatanodeStateMachine (DatanodeStateMachine.java:stopDaemon(580)) - Ozone container server stopped.
2022-08-09 13:49:55,731 [Listener at 127.0.0.1/42643] INFO  statemachine.DatanodeStateMachine (DatanodeStateMachine.java:stopDaemon(580)) - Ozone container server stopped.
2022-08-09 13:49:55,799 [Listener at 127.0.0.1/42643] INFO  handler.ContextHandler (ContextHandler.java:doStop(1153)) - Stopped o.e.j.w.WebAppContext@7e585b7a{hddsDatanode,/,null,STOPPED}{jar:file:/home/runner/.m2/repository/org/apache/ozone/hdds-container-service/1.3.0-SNAPSHOT/hdds-container-service-1.3.0-SNAPSHOT.jar!/webapps/hddsDatanode}
2022-08-09 13:49:55,801 [ForkJoinPool.commonPool-worker-1] INFO  handler.ContextHandler (ContextHandler.java:doStop(1153)) - Stopped o.e.j.w.WebAppContext@31fa9f32{hddsDatanode,/,null,STOPPED}{jar:file:/home/runner/.m2/repository/org/apache/ozone/hdds-container-service/1.3.0-SNAPSHOT/hdds-container-service-1.3.0-SNAPSHOT.jar!/webapps/hddsDatanode}
2022-08-09 13:49:55,801 [ForkJoinPool.commonPool-worker-1] INFO  server.AbstractConnector (AbstractConnector.java:doStop(381)) - Stopped ServerConnector@57fe16a9{HTTP/1.1, (http/1.1)}{0.0.0.0:0}
2022-08-09 13:49:55,801 [ForkJoinPool.commonPool-worker-1] INFO  server.session (HouseKeeper.java:stopScavenging(149)) - node0 Stopped scavenging
2022-08-09 13:49:55,802 [ForkJoinPool.commonPool-worker-1] INFO  handler.ContextHandler (ContextHandler.java:doStop(1153)) - Stopped o.e.j.s.ServletContextHandler@df65ef7{static,/static,jar:file:/home/runner/.m2/repository/org/apache/ozone/hdds-container-service/1.3.0-SNAPSHOT/hdds-container-service-1.3.0-SNAPSHOT.jar!/webapps/static,STOPPED}
2022-08-09 13:49:55,803 [ForkJoinPool.commonPool-worker-1] INFO  handler.ContextHandler (ContextHandler.java:doStop(1153)) - Stopped o.e.j.s.ServletContextHandler@6f4eff69{logs,/logs,file:///home/runner/work/ozone/ozone/hadoop-ozone/integration-test/target/log,STOPPED}
2022-08-09 13:49:55,809 [Listener at 127.0.0.1/42643] INFO  server.AbstractConnector (AbstractConnector.java:doStop(381)) - Stopped ServerConnector@1a246aa7{HTTP/1.1, (http/1.1)}{0.0.0.0:0}
2022-08-09 13:49:55,809 [Listener at 127.0.0.1/42643] INFO  server.session (HouseKeeper.java:stopScavenging(149)) - node0 Stopped scavenging
2022-08-09 13:49:55,809 [Listener at 127.0.0.1/42643] INFO  handler.ContextHandler (ContextHandler.java:doStop(1153)) - Stopped o.e.j.s.ServletContextHandler@6a16220f{static,/static,jar:file:/home/runner/.m2/repository/org/apache/ozone/hdds-container-service/1.3.0-SNAPSHOT/hdds-container-service-1.3.0-SNAPSHOT.jar!/webapps/static,STOPPED}
2022-08-09 13:49:55,809 [Listener at 127.0.0.1/42643] INFO  handler.ContextHandler (ContextHandler.java:doStop(1153)) - Stopped o.e.j.s.ServletContextHandler@55f63003{logs,/logs,file:///home/runner/work/ozone/ozone/hadoop-ozone/integration-test/target/log,STOPPED}
2022-08-09 13:49:56,346 [grpc-default-executor-4] WARN  server.GrpcLogAppender (LogUtils.java:warn(122)) - facac9a0-ce51-4f90-b128-080475d31873@group-4B6871DADF82->a642edec-ac5e-4d27-8806-3ece717121b6-AppendLogResponseHandler: Failed appendEntries: org.apache.ratis.thirdparty.io.grpc.StatusRuntimeException: UNAVAILABLE: io exception
2022-08-09 13:49:56,347 [grpc-default-executor-4] INFO  leader.FollowerInfo (FollowerInfoImpl.java:lambda$new$0(48)) - facac9a0-ce51-4f90-b128-080475d31873@group-4B6871DADF82->a642edec-ac5e-4d27-8806-3ece717121b6: nextIndex: updateUnconditionally 32 -> 31
2022-08-09 13:49:56,350 [OverReplicatedQueueThreadThread] INFO  replication.OverReplicatedProcessor (OverReplicatedProcessor.java:processAll(83)) - Processed 0 over replicated containers, failed processing 0
2022-08-09 13:49:56,357 [UnderReplicatedQueueThreadThread] INFO  replication.UnderReplicatedProcessor (UnderReplicatedProcessor.java:processAll(85)) - Processed 0 under replicated containers, failed processing 0
2022-08-09 13:49:56,364 [grpc-default-executor-4] WARN  server.GrpcLogAppender (LogUtils.java:warn(122)) - facac9a0-ce51-4f90-b128-080475d31873@group-4B6871DADF82->a9bcd0ff-35fc-4d0a-8e3c-7398e9e8d683-AppendLogResponseHandler: Failed appendEntries: org.apache.ratis.thirdparty.io.grpc.StatusRuntimeException: UNAVAILABLE: io exception
2022-08-09 13:49:56,364 [grpc-default-executor-4] INFO  leader.FollowerInfo (FollowerInfoImpl.java:lambda$new$0(48)) - facac9a0-ce51-4f90-b128-080475d31873@group-4B6871DADF82->a9bcd0ff-35fc-4d0a-8e3c-7398e9e8d683: nextIndex: updateUnconditionally 32 -> 31
2022-08-09 13:49:57,224 [facac9a0-ce51-4f90-b128-080475d31873@group-4B6871DADF82-LeaderStateImpl] WARN  server.RaftServer$Division (LeaderStateImpl.java:checkLeadership(1018)) - facac9a0-ce51-4f90-b128-080475d31873@group-4B6871DADF82-LeaderStateImpl: Lost leadership on term: 1. Election timeout: 5200ms. In charge for: 33237ms. Conf: 0: [facac9a0-ce51-4f90-b128-080475d31873|rpc:10.1.0.19:44939|dataStream:|priority:1, a642edec-ac5e-4d27-8806-3ece717121b6|rpc:10.1.0.19:36299|dataStream:|priority:0, a9bcd0ff-35fc-4d0a-8e3c-7398e9e8d683|rpc:10.1.0.19:44419|dataStream:|priority:0], old=null
2022-08-09 13:49:57,224 [facac9a0-ce51-4f90-b128-080475d31873@group-4B6871DADF82-LeaderStateImpl] WARN  server.RaftServer$Division (LeaderStateImpl.java:lambda$checkLeadership$17(1022)) - Follower facac9a0-ce51-4f90-b128-080475d31873@group-4B6871DADF82->a642edec-ac5e-4d27-8806-3ece717121b6(c31,m31,n31, attendVote=true, lastRpcSendTime=878, lastRpcResponseTime=8386)
2022-08-09 13:49:57,225 [facac9a0-ce51-4f90-b128-080475d31873@group-4B6871DADF82-LeaderStateImpl] WARN  server.RaftServer$Division (LeaderStateImpl.java:lambda$checkLeadership$17(1022)) - Follower facac9a0-ce51-4f90-b128-080475d31873@group-4B6871DADF82->a9bcd0ff-35fc-4d0a-8e3c-7398e9e8d683(c31,m31,n31, attendVote=true, lastRpcSendTime=860, lastRpcResponseTime=8364)
2022-08-09 13:49:57,225 [facac9a0-ce51-4f90-b128-080475d31873@group-4B6871DADF82-LeaderStateImpl] INFO  server.RaftServer$Division (RaftServerImpl.java:setRole(299)) - facac9a0-ce51-4f90-b128-080475d31873@group-4B6871DADF82: changes role from    LEADER to FOLLOWER at term 1 for StepDownReason:LOST_MAJORITY_HEARTBEATS
2022-08-09 13:49:57,225 [facac9a0-ce51-4f90-b128-080475d31873@group-4B6871DADF82-LeaderStateImpl] INFO  impl.RoleInfo (RoleInfo.java:shutdownLeaderState(93)) - facac9a0-ce51-4f90-b128-080475d31873: shutdown facac9a0-ce51-4f90-b128-080475d31873@group-4B6871DADF82-LeaderStateImpl
2022-08-09 13:49:57,225 [facac9a0-ce51-4f90-b128-080475d31873@group-4B6871DADF82->a9bcd0ff-35fc-4d0a-8e3c-7398e9e8d683-GrpcLogAppender-LogAppenderDaemon] WARN  server.GrpcLogAppender (GrpcLogAppender.java:mayWait(171)) - facac9a0-ce51-4f90-b128-080475d31873@group-4B6871DADF82->a9bcd0ff-35fc-4d0a-8e3c-7398e9e8d683-GrpcLogAppender: Wait interrupted by java.lang.InterruptedException
2022-08-09 13:49:57,225 [facac9a0-ce51-4f90-b128-080475d31873@group-4B6871DADF82->a642edec-ac5e-4d27-8806-3ece717121b6-GrpcLogAppender-LogAppenderDaemon] WARN  server.GrpcLogAppender (GrpcLogAppender.java:mayWait(171)) - facac9a0-ce51-4f90-b128-080475d31873@group-4B6871DADF82->a642edec-ac5e-4d27-8806-3ece717121b6-GrpcLogAppender: Wait interrupted by java.lang.InterruptedException
2022-08-09 13:49:57,225 [facac9a0-ce51-4f90-b128-080475d31873@group-4B6871DADF82-LeaderStateImpl] INFO  impl.PendingRequests (PendingRequests.java:sendNotLeaderResponses(282)) - facac9a0-ce51-4f90-b128-080475d31873@group-4B6871DADF82-PendingRequests: sendNotLeaderResponses
2022-08-09 13:49:57,227 [facac9a0-ce51-4f90-b128-080475d31873@group-4B6871DADF82-LeaderStateImpl] INFO  impl.RoleInfo (RoleInfo.java:updateAndGet(139)) - facac9a0-ce51-4f90-b128-080475d31873: start facac9a0-ce51-4f90-b128-080475d31873@group-4B6871DADF82-FollowerState
2022-08-09 13:50:00,434 [facac9a0-ce51-4f90-b128-080475d31873@group-2A5D6D219DA0-FollowerState] INFO  impl.FollowerState (FollowerState.java:run(143)) - facac9a0-ce51-4f90-b128-080475d31873@group-2A5D6D219DA0-FollowerState: change to CANDIDATE, lastRpcElapsedTime:10179089170ns, electionTimeout:5097ms
2022-08-09 13:50:00,434 [facac9a0-ce51-4f90-b128-080475d31873@group-2A5D6D219DA0-FollowerState] INFO  impl.RoleInfo (RoleInfo.java:shutdownFollowerState(110)) - facac9a0-ce51-4f90-b128-080475d31873: shutdown facac9a0-ce51-4f90-b128-080475d31873@group-2A5D6D219DA0-FollowerState
2022-08-09 13:50:00,434 [facac9a0-ce51-4f90-b128-080475d31873@group-2A5D6D219DA0-FollowerState] INFO  server.RaftServer$Division (RaftServerImpl.java:setRole(299)) - facac9a0-ce51-4f90-b128-080475d31873@group-2A5D6D219DA0: changes role from  FOLLOWER to CANDIDATE at term 4 for changeToCandidate
2022-08-09 13:50:00,434 [facac9a0-ce51-4f90-b128-080475d31873@group-2A5D6D219DA0-FollowerState] INFO  server.RaftServerConfigKeys (ConfUtils.java:logGet(46)) - raft.server.leaderelection.pre-vote = false (custom)
2022-08-09 13:50:00,434 [facac9a0-ce51-4f90-b128-080475d31873@group-2A5D6D219DA0-FollowerState] INFO  impl.RoleInfo (RoleInfo.java:updateAndGet(139)) - facac9a0-ce51-4f90-b128-080475d31873: start facac9a0-ce51-4f90-b128-080475d31873@group-2A5D6D219DA0-LeaderElection42
2022-08-09 13:50:00,464 [facac9a0-ce51-4f90-b128-080475d31873@group-2A5D6D219DA0-LeaderElection42] INFO  server.RaftServer$Division (ServerState.java:setLeader(287)) - facac9a0-ce51-4f90-b128-080475d31873@group-2A5D6D219DA0: change Leader from a642edec-ac5e-4d27-8806-3ece717121b6 to null at term 4 for ELECTION
2022-08-09 13:50:00,469 [facac9a0-ce51-4f90-b128-080475d31873@group-2A5D6D219DA0-LeaderElection42] INFO  impl.LeaderElection (LeaderElection.java:askForVotes(310)) - facac9a0-ce51-4f90-b128-080475d31873@group-2A5D6D219DA0-LeaderElection42 ELECTION round 0: submit vote requests at term 5 for 0: [facac9a0-ce51-4f90-b128-080475d31873|rpc:10.1.0.19:44939|dataStream:|priority:0, a642edec-ac5e-4d27-8806-3ece717121b6|rpc:10.1.0.19:36299|dataStream:|priority:1, a9bcd0ff-35fc-4d0a-8e3c-7398e9e8d683|rpc:10.1.0.19:44419|dataStream:|priority:0], old=null
2022-08-09 13:50:00,470 [facac9a0-ce51-4f90-b128-080475d31873@group-2A5D6D219DA0-LeaderElection42] INFO  impl.LeaderElection (LogUtils.java:infoOrTrace(137)) - facac9a0-ce51-4f90-b128-080475d31873@group-2A5D6D219DA0-LeaderElection42 got exception when requesting votes: java.util.concurrent.ExecutionException: org.apache.ratis.thirdparty.io.grpc.StatusRuntimeException: UNAVAILABLE: io exception
2022-08-09 13:50:00,471 [facac9a0-ce51-4f90-b128-080475d31873@group-2A5D6D219DA0-LeaderElection42] INFO  impl.LeaderElection (LogUtils.java:infoOrTrace(137)) - facac9a0-ce51-4f90-b128-080475d31873@group-2A5D6D219DA0-LeaderElection42 got exception when requesting votes: java.util.concurrent.ExecutionException: org.apache.ratis.thirdparty.io.grpc.StatusRuntimeException: UNAVAILABLE: io exception
2022-08-09 13:50:00,471 [facac9a0-ce51-4f90-b128-080475d31873@group-2A5D6D219DA0-LeaderElection42] INFO  impl.LeaderElection (LeaderElection.java:logAndReturn(90)) - facac9a0-ce51-4f90-b128-080475d31873@group-2A5D6D219DA0-LeaderElection42: ELECTION REJECTED received 0 response(s) and 2 exception(s):
2022-08-09 13:50:00,471 [facac9a0-ce51-4f90-b128-080475d31873@group-2A5D6D219DA0-LeaderElection42] INFO  impl.LeaderElection (LogUtils.java:infoOrTrace(137)) -   Exception 0: java.util.concurrent.ExecutionException: org.apache.ratis.thirdparty.io.grpc.StatusRuntimeException: UNAVAILABLE: io exception
2022-08-09 13:50:00,471 [facac9a0-ce51-4f90-b128-080475d31873@group-2A5D6D219DA0-LeaderElection42] INFO  impl.LeaderElection (LogUtils.java:infoOrTrace(137)) -   Exception 1: java.util.concurrent.ExecutionException: org.apache.ratis.thirdparty.io.grpc.StatusRuntimeException: UNAVAILABLE: io exception
2022-08-09 13:50:00,471 [facac9a0-ce51-4f90-b128-080475d31873@group-2A5D6D219DA0-LeaderElection42] INFO  impl.LeaderElection (LeaderElection.java:askForVotes(312)) - facac9a0-ce51-4f90-b128-080475d31873@group-2A5D6D219DA0-LeaderElection42 ELECTION round 0: result REJECTED
2022-08-09 13:50:00,471 [facac9a0-ce51-4f90-b128-080475d31873@group-2A5D6D219DA0-LeaderElection42] INFO  server.RaftServer$Division (RaftServerImpl.java:setRole(299)) - facac9a0-ce51-4f90-b128-080475d31873@group-2A5D6D219DA0: changes role from CANDIDATE to FOLLOWER at term 5 for REJECTED
2022-08-09 13:50:00,471 [facac9a0-ce51-4f90-b128-080475d31873@group-2A5D6D219DA0-LeaderElection42] INFO  impl.RoleInfo (RoleInfo.java:shutdownLeaderElection(130)) - facac9a0-ce51-4f90-b128-080475d31873: shutdown facac9a0-ce51-4f90-b128-080475d31873@group-2A5D6D219DA0-LeaderElection42
2022-08-09 13:50:00,471 [facac9a0-ce51-4f90-b128-080475d31873@group-2A5D6D219DA0-LeaderElection42] INFO  impl.RoleInfo (RoleInfo.java:updateAndGet(139)) - facac9a0-ce51-4f90-b128-080475d31873: start facac9a0-ce51-4f90-b128-080475d31873@group-2A5D6D219DA0-FollowerState
2022-08-09 13:50:00,806 [ForkJoinPool.commonPool-worker-1] INFO  ozoneimpl.OzoneContainer (OzoneContainer.java:stop(399)) - Attempting to stop container services.
2022-08-09 13:50:00,807 [ForkJoinPool.commonPool-worker-1] INFO  server.RaftServer (RaftServerProxy.java:lambda$close$7(398)) - facac9a0-ce51-4f90-b128-080475d31873: close
2022-08-09 13:50:00,807 [ForkJoinPool.commonPool-worker-1] INFO  server.RaftServer$Division (RaftServerImpl.java:lambda$close$4(434)) - facac9a0-ce51-4f90-b128-080475d31873@group-4B6871DADF82: shutdown
2022-08-09 13:50:00,808 [ForkJoinPool.commonPool-worker-1] INFO  util.JmxRegister (JmxRegister.java:unregister(73)) - Successfully un-registered JMX Bean with object name Ratis:service=RaftServer,group=group-4B6871DADF82,id=facac9a0-ce51-4f90-b128-080475d31873
2022-08-09 13:50:00,808 [ForkJoinPool.commonPool-worker-1] INFO  impl.RoleInfo (RoleInfo.java:shutdownFollowerState(110)) - facac9a0-ce51-4f90-b128-080475d31873: shutdown facac9a0-ce51-4f90-b128-080475d31873@group-4B6871DADF82-FollowerState
2022-08-09 13:50:00,808 [ForkJoinPool.commonPool-worker-1] INFO  impl.StateMachineUpdater (StateMachineUpdater.java:stopAndJoin(153)) - facac9a0-ce51-4f90-b128-080475d31873@group-4B6871DADF82-StateMachineUpdater: set stopIndex = 31
2022-08-09 13:50:00,808 [facac9a0-ce51-4f90-b128-080475d31873@group-4B6871DADF82-FollowerState] INFO  impl.FollowerState (FollowerState.java:run(152)) - facac9a0-ce51-4f90-b128-080475d31873@group-4B6871DADF82-FollowerState was interrupted
2022-08-09 13:50:00,814 [Listener at 127.0.0.1/42643] INFO  ozoneimpl.OzoneContainer (OzoneContainer.java:stop(399)) - Attempting to stop container services.
2022-08-09 13:50:00,814 [facac9a0-ce51-4f90-b128-080475d31873@group-4B6871DADF82-StateMachineUpdater] INFO  ratis.ContainerStateMachine (ContainerStateMachine.java:takeSnapshot(304)) - group-4B6871DADF82: Taking a snapshot at:(t:1, i:31) file /home/runner/work/ozone/ozone/hadoop-ozone/integration-test/target/test-dir/MiniOzoneClusterImpl-1803e0c7-8320-4379-92ef-724c5694b47b/datanode-0/data/ratis/b16920d0-d1e5-4342-91ab-4b6871dadf82/sm/snapshot.1_31
2022-08-09 13:50:00,815 [Listener at 127.0.0.1/42643] INFO  server.RaftServer (RaftServerProxy.java:lambda$close$7(398)) - 772eb59f-65bd-4f3e-8be4-0b3810e8c7eb: close
2022-08-09 13:50:00,815 [Listener at 127.0.0.1/42643] INFO  server.RaftServer$Division (RaftServerImpl.java:lambda$close$4(434)) - 772eb59f-65bd-4f3e-8be4-0b3810e8c7eb@group-217EDFCD55C7: shutdown
2022-08-09 13:50:00,815 [Listener at 127.0.0.1/42643] INFO  util.JmxRegister (JmxRegister.java:unregister(73)) - Successfully un-registered JMX Bean with object name Ratis:service=RaftServer,group=group-217EDFCD55C7,id=772eb59f-65bd-4f3e-8be4-0b3810e8c7eb
2022-08-09 13:50:00,815 [Listener at 127.0.0.1/42643] INFO  impl.RoleInfo (RoleInfo.java:shutdownLeaderState(93)) - 772eb59f-65bd-4f3e-8be4-0b3810e8c7eb: shutdown 772eb59f-65bd-4f3e-8be4-0b3810e8c7eb@group-217EDFCD55C7-LeaderStateImpl
2022-08-09 13:50:00,816 [Listener at 127.0.0.1/42643] INFO  impl.PendingRequests (PendingRequests.java:sendNotLeaderResponses(282)) - 772eb59f-65bd-4f3e-8be4-0b3810e8c7eb@group-217EDFCD55C7-PendingRequests: sendNotLeaderResponses
2022-08-09 13:50:00,816 [Listener at 127.0.0.1/42643] INFO  impl.StateMachineUpdater (StateMachineUpdater.java:stopAndJoin(153)) - 772eb59f-65bd-4f3e-8be4-0b3810e8c7eb@group-217EDFCD55C7-StateMachineUpdater: set stopIndex = 0
2022-08-09 13:50:00,817 [772eb59f-65bd-4f3e-8be4-0b3810e8c7eb@group-217EDFCD55C7-StateMachineUpdater] INFO  ratis.ContainerStateMachine (ContainerStateMachine.java:takeSnapshot(304)) - group-217EDFCD55C7: Taking a snapshot at:(t:1, i:0) file /home/runner/work/ozone/ozone/hadoop-ozone/integration-test/target/test-dir/MiniOzoneClusterImpl-1803e0c7-8320-4379-92ef-724c5694b47b/datanode-4/data/ratis/c0c07c95-4ce0-4b24-8f7d-217edfcd55c7/sm/snapshot.1_0
2022-08-09 13:50:00,821 [772eb59f-65bd-4f3e-8be4-0b3810e8c7eb@group-217EDFCD55C7-StateMachineUpdater] INFO  ratis.ContainerStateMachine (ContainerStateMachine.java:takeSnapshot(315)) - group-217EDFCD55C7: Finished taking a snapshot at:(t:1, i:0) file:/home/runner/work/ozone/ozone/hadoop-ozone/integration-test/target/test-dir/MiniOzoneClusterImpl-1803e0c7-8320-4379-92ef-724c5694b47b/datanode-4/data/ratis/c0c07c95-4ce0-4b24-8f7d-217edfcd55c7/sm/snapshot.1_0 took: 4 ms
2022-08-09 13:50:00,821 [772eb59f-65bd-4f3e-8be4-0b3810e8c7eb@group-217EDFCD55C7-StateMachineUpdater] INFO  impl.StateMachineUpdater (StateMachineUpdater.java:takeSnapshot(287)) - 772eb59f-65bd-4f3e-8be4-0b3810e8c7eb@group-217EDFCD55C7-StateMachineUpdater: Took a snapshot at index 0
2022-08-09 13:50:00,821 [772eb59f-65bd-4f3e-8be4-0b3810e8c7eb@group-217EDFCD55C7-StateMachineUpdater] INFO  impl.StateMachineUpdater (StateMachineUpdater.java:lambda$new$0(92)) - 772eb59f-65bd-4f3e-8be4-0b3810e8c7eb@group-217EDFCD55C7-StateMachineUpdater: snapshotIndex: updateIncreasingly -1 -> 0
2022-08-09 13:50:00,821 [Listener at 127.0.0.1/42643] INFO  server.RaftServer$Division (ServerState.java:close(429)) - 772eb59f-65bd-4f3e-8be4-0b3810e8c7eb@group-217EDFCD55C7: closes. applyIndex: 0
2022-08-09 13:50:00,822 [772eb59f-65bd-4f3e-8be4-0b3810e8c7eb@group-217EDFCD55C7-SegmentedRaftLogWorker] INFO  segmented.SegmentedRaftLogWorker (SegmentedRaftLogWorker.java:run(336)) - 772eb59f-65bd-4f3e-8be4-0b3810e8c7eb@group-217EDFCD55C7-SegmentedRaftLogWorker was interrupted, exiting. There are 0 tasks remaining in the queue.
2022-08-09 13:50:00,822 [Listener at 127.0.0.1/42643] INFO  segmented.SegmentedRaftLogWorker (SegmentedRaftLogWorker.java:close(246)) - 772eb59f-65bd-4f3e-8be4-0b3810e8c7eb@group-217EDFCD55C7-SegmentedRaftLogWorker close()
2022-08-09 13:50:00,821 [facac9a0-ce51-4f90-b128-080475d31873@group-4B6871DADF82-StateMachineUpdater] INFO  ratis.ContainerStateMachine (ContainerStateMachine.java:takeSnapshot(315)) - group-4B6871DADF82: Finished taking a snapshot at:(t:1, i:31) file:/home/runner/work/ozone/ozone/hadoop-ozone/integration-test/target/test-dir/MiniOzoneClusterImpl-1803e0c7-8320-4379-92ef-724c5694b47b/datanode-0/data/ratis/b16920d0-d1e5-4342-91ab-4b6871dadf82/sm/snapshot.1_31 took: 8 ms
2022-08-09 13:50:00,853 [facac9a0-ce51-4f90-b128-080475d31873@group-4B6871DADF82-StateMachineUpdater] INFO  impl.StateMachineUpdater (StateMachineUpdater.java:takeSnapshot(287)) - facac9a0-ce51-4f90-b128-080475d31873@group-4B6871DADF82-StateMachineUpdater: Took a snapshot at index 31
2022-08-09 13:50:00,853 [facac9a0-ce51-4f90-b128-080475d31873@group-4B6871DADF82-StateMachineUpdater] INFO  impl.StateMachineUpdater (StateMachineUpdater.java:lambda$new$0(92)) - facac9a0-ce51-4f90-b128-080475d31873@group-4B6871DADF82-StateMachineUpdater: snapshotIndex: updateIncreasingly -1 -> 31
2022-08-09 13:50:00,823 [Listener at 127.0.0.1/42643] INFO  server.GrpcService (GrpcService.java:closeImpl(269)) - 772eb59f-65bd-4f3e-8be4-0b3810e8c7eb: shutdown server with port 44191 now
2022-08-09 13:50:00,854 [ForkJoinPool.commonPool-worker-1] INFO  server.RaftServer$Division (ServerState.java:close(429)) - facac9a0-ce51-4f90-b128-080475d31873@group-4B6871DADF82: closes. applyIndex: 31
2022-08-09 13:50:00,855 [facac9a0-ce51-4f90-b128-080475d31873@group-4B6871DADF82-SegmentedRaftLogWorker] INFO  segmented.SegmentedRaftLogWorker (SegmentedRaftLogWorker.java:run(336)) - facac9a0-ce51-4f90-b128-080475d31873@group-4B6871DADF82-SegmentedRaftLogWorker was interrupted, exiting. There are 0 tasks remaining in the queue.
2022-08-09 13:50:00,856 [ForkJoinPool.commonPool-worker-1] INFO  segmented.SegmentedRaftLogWorker (SegmentedRaftLogWorker.java:close(246)) - facac9a0-ce51-4f90-b128-080475d31873@group-4B6871DADF82-SegmentedRaftLogWorker close()
2022-08-09 13:50:00,857 [ForkJoinPool.commonPool-worker-1] INFO  server.RaftServer$Division (RaftServerImpl.java:lambda$close$4(434)) - facac9a0-ce51-4f90-b128-080475d31873@group-D6210EB707F0: shutdown
2022-08-09 13:50:00,857 [ForkJoinPool.commonPool-worker-1] INFO  util.JmxRegister (JmxRegister.java:unregister(73)) - Successfully un-registered JMX Bean with object name Ratis:service=RaftServer,group=group-D6210EB707F0,id=facac9a0-ce51-4f90-b128-080475d31873
2022-08-09 13:50:00,858 [ForkJoinPool.commonPool-worker-1] INFO  impl.RoleInfo (RoleInfo.java:shutdownLeaderState(93)) - facac9a0-ce51-4f90-b128-080475d31873: shutdown facac9a0-ce51-4f90-b128-080475d31873@group-D6210EB707F0-LeaderStateImpl
2022-08-09 13:50:00,858 [ForkJoinPool.commonPool-worker-1] INFO  impl.PendingRequests (PendingRequests.java:sendNotLeaderResponses(282)) - facac9a0-ce51-4f90-b128-080475d31873@group-D6210EB707F0-PendingRequests: sendNotLeaderResponses
2022-08-09 13:50:00,858 [ForkJoinPool.commonPool-worker-1] INFO  impl.StateMachineUpdater (StateMachineUpdater.java:stopAndJoin(153)) - facac9a0-ce51-4f90-b128-080475d31873@group-D6210EB707F0-StateMachineUpdater: set stopIndex = 0
2022-08-09 13:50:00,858 [facac9a0-ce51-4f90-b128-080475d31873@group-D6210EB707F0-StateMachineUpdater] INFO  ratis.ContainerStateMachine (ContainerStateMachine.java:takeSnapshot(304)) - group-D6210EB707F0: Taking a snapshot at:(t:1, i:0) file /home/runner/work/ozone/ozone/hadoop-ozone/integration-test/target/test-dir/MiniOzoneClusterImpl-1803e0c7-8320-4379-92ef-724c5694b47b/datanode-0/data/ratis/7bf3231f-a9d8-461b-b0a5-d6210eb707f0/sm/snapshot.1_0
2022-08-09 13:50:00,859 [facac9a0-ce51-4f90-b128-080475d31873@group-D6210EB707F0-StateMachineUpdater] INFO  ratis.ContainerStateMachine (ContainerStateMachine.java:takeSnapshot(315)) - group-D6210EB707F0: Finished taking a snapshot at:(t:1, i:0) file:/home/runner/work/ozone/ozone/hadoop-ozone/integration-test/target/test-dir/MiniOzoneClusterImpl-1803e0c7-8320-4379-92ef-724c5694b47b/datanode-0/data/ratis/7bf3231f-a9d8-461b-b0a5-d6210eb707f0/sm/snapshot.1_0 took: 2 ms
2022-08-09 13:50:00,859 [facac9a0-ce51-4f90-b128-080475d31873@group-D6210EB707F0-StateMachineUpdater] INFO  impl.StateMachineUpdater (StateMachineUpdater.java:takeSnapshot(287)) - facac9a0-ce51-4f90-b128-080475d31873@group-D6210EB707F0-StateMachineUpdater: Took a snapshot at index 0
2022-08-09 13:50:00,859 [facac9a0-ce51-4f90-b128-080475d31873@group-D6210EB707F0-StateMachineUpdater] INFO  impl.StateMachineUpdater (StateMachineUpdater.java:lambda$new$0(92)) - facac9a0-ce51-4f90-b128-080475d31873@group-D6210EB707F0-StateMachineUpdater: snapshotIndex: updateIncreasingly -1 -> 0
2022-08-09 13:50:00,860 [ForkJoinPool.commonPool-worker-1] INFO  server.RaftServer$Division (ServerState.java:close(429)) - facac9a0-ce51-4f90-b128-080475d31873@group-D6210EB707F0: closes. applyIndex: 0
2022-08-09 13:50:00,860 [facac9a0-ce51-4f90-b128-080475d31873@group-D6210EB707F0-SegmentedRaftLogWorker] INFO  segmented.SegmentedRaftLogWorker (SegmentedRaftLogWorker.java:run(336)) - facac9a0-ce51-4f90-b128-080475d31873@group-D6210EB707F0-SegmentedRaftLogWorker was interrupted, exiting. There are 0 tasks remaining in the queue.
2022-08-09 13:50:00,860 [ForkJoinPool.commonPool-worker-1] INFO  segmented.SegmentedRaftLogWorker (SegmentedRaftLogWorker.java:close(246)) - facac9a0-ce51-4f90-b128-080475d31873@group-D6210EB707F0-SegmentedRaftLogWorker close()
2022-08-09 13:50:00,861 [ForkJoinPool.commonPool-worker-1] INFO  server.RaftServer$Division (RaftServerImpl.java:lambda$close$4(434)) - facac9a0-ce51-4f90-b128-080475d31873@group-2A5D6D219DA0: shutdown
2022-08-09 13:50:00,861 [ForkJoinPool.commonPool-worker-1] INFO  util.JmxRegister (JmxRegister.java:unregister(73)) - Successfully un-registered JMX Bean with object name Ratis:service=RaftServer,group=group-2A5D6D219DA0,id=facac9a0-ce51-4f90-b128-080475d31873
2022-08-09 13:50:00,861 [ForkJoinPool.commonPool-worker-1] INFO  impl.RoleInfo (RoleInfo.java:shutdownFollowerState(110)) - facac9a0-ce51-4f90-b128-080475d31873: shutdown facac9a0-ce51-4f90-b128-080475d31873@group-2A5D6D219DA0-FollowerState
2022-08-09 13:50:00,861 [ForkJoinPool.commonPool-worker-1] INFO  impl.StateMachineUpdater (StateMachineUpdater.java:stopAndJoin(153)) - facac9a0-ce51-4f90-b128-080475d31873@group-2A5D6D219DA0-StateMachineUpdater: set stopIndex = 0
2022-08-09 13:50:00,861 [facac9a0-ce51-4f90-b128-080475d31873@group-2A5D6D219DA0-FollowerState] INFO  impl.FollowerState (FollowerState.java:run(152)) - facac9a0-ce51-4f90-b128-080475d31873@group-2A5D6D219DA0-FollowerState was interrupted
2022-08-09 13:50:00,861 [facac9a0-ce51-4f90-b128-080475d31873@group-2A5D6D219DA0-StateMachineUpdater] INFO  ratis.ContainerStateMachine (ContainerStateMachine.java:takeSnapshot(304)) - group-2A5D6D219DA0: Taking a snapshot at:(t:4, i:0) file /home/runner/work/ozone/ozone/hadoop-ozone/integration-test/target/test-dir/MiniOzoneClusterImpl-1803e0c7-8320-4379-92ef-724c5694b47b/datanode-0/data/ratis/ebea5230-8bf4-41e2-921d-2a5d6d219da0/sm/snapshot.4_0
2022-08-09 13:50:00,862 [facac9a0-ce51-4f90-b128-080475d31873@group-2A5D6D219DA0-StateMachineUpdater] INFO  ratis.ContainerStateMachine (ContainerStateMachine.java:takeSnapshot(315)) - group-2A5D6D219DA0: Finished taking a snapshot at:(t:4, i:0) file:/home/runner/work/ozone/ozone/hadoop-ozone/integration-test/target/test-dir/MiniOzoneClusterImpl-1803e0c7-8320-4379-92ef-724c5694b47b/datanode-0/data/ratis/ebea5230-8bf4-41e2-921d-2a5d6d219da0/sm/snapshot.4_0 took: 2 ms
2022-08-09 13:50:00,863 [facac9a0-ce51-4f90-b128-080475d31873@group-2A5D6D219DA0-StateMachineUpdater] INFO  impl.StateMachineUpdater (StateMachineUpdater.java:takeSnapshot(287)) - facac9a0-ce51-4f90-b128-080475d31873@group-2A5D6D219DA0-StateMachineUpdater: Took a snapshot at index 0
2022-08-09 13:50:00,863 [facac9a0-ce51-4f90-b128-080475d31873@group-2A5D6D219DA0-StateMachineUpdater] INFO  impl.StateMachineUpdater (StateMachineUpdater.java:lambda$new$0(92)) - facac9a0-ce51-4f90-b128-080475d31873@group-2A5D6D219DA0-StateMachineUpdater: snapshotIndex: updateIncreasingly -1 -> 0
2022-08-09 13:50:00,867 [ForkJoinPool.commonPool-worker-1] INFO  server.RaftServer$Division (ServerState.java:close(429)) - facac9a0-ce51-4f90-b128-080475d31873@group-2A5D6D219DA0: closes. applyIndex: 0
2022-08-09 13:50:00,867 [facac9a0-ce51-4f90-b128-080475d31873@group-2A5D6D219DA0-SegmentedRaftLogWorker] INFO  segmented.SegmentedRaftLogWorker (SegmentedRaftLogWorker.java:run(336)) - facac9a0-ce51-4f90-b128-080475d31873@group-2A5D6D219DA0-SegmentedRaftLogWorker was interrupted, exiting. There are 0 tasks remaining in the queue.
2022-08-09 13:50:00,869 [ForkJoinPool.commonPool-worker-1] INFO  segmented.SegmentedRaftLogWorker (SegmentedRaftLogWorker.java:close(246)) - facac9a0-ce51-4f90-b128-080475d31873@group-2A5D6D219DA0-SegmentedRaftLogWorker close()
2022-08-09 13:50:00,870 [Listener at 127.0.0.1/42643] INFO  server.GrpcService (GrpcService.java:closeImpl(278)) - 772eb59f-65bd-4f3e-8be4-0b3810e8c7eb: shutdown server with port 44191 successfully
2022-08-09 13:50:00,870 [org.apache.ratis.util.JvmPauseMonitor$$Lambda$615/629946574@39c290e6] INFO  util.JvmPauseMonitor (JvmPauseMonitor.java:run(109)) - JvmPauseMonitor-772eb59f-65bd-4f3e-8be4-0b3810e8c7eb: Stopped
2022-08-09 13:50:00,879 [ForkJoinPool.commonPool-worker-1] INFO  server.GrpcService (GrpcService.java:closeImpl(269)) - facac9a0-ce51-4f90-b128-080475d31873: shutdown server with port 44939 now
2022-08-09 13:50:00,899 [ForkJoinPool.commonPool-worker-1] INFO  server.GrpcService (GrpcService.java:closeImpl(278)) - facac9a0-ce51-4f90-b128-080475d31873: shutdown server with port 44939 successfully
2022-08-09 13:50:00,900 [org.apache.ratis.util.JvmPauseMonitor$$Lambda$615/629946574@61a5628a] INFO  util.JvmPauseMonitor (JvmPauseMonitor.java:run(109)) - JvmPauseMonitor-facac9a0-ce51-4f90-b128-080475d31873: Stopped
2022-08-09 13:50:02,605 [UnderReplicatedQueueThreadThread] INFO  replication.UnderReplicatedProcessor (UnderReplicatedProcessor.java:processAll(85)) - Processed 0 under replicated containers, failed processing 0
2022-08-09 13:50:02,609 [OverReplicatedQueueThreadThread] INFO  replication.OverReplicatedProcessor (OverReplicatedProcessor.java:processAll(83)) - Processed 0 over replicated containers, failed processing 0
2022-08-09 13:50:02,904 [Listener at 127.0.0.1/42643] INFO  utils.BackgroundService (BackgroundService.java:shutdown(141)) - Shutting down service BlockDeletingService
2022-08-09 13:50:02,944 [Listener at 127.0.0.1/42643] INFO  utils.BackgroundService (BackgroundService.java:shutdown(141)) - Shutting down service StaleRecoveringContainerScrubbingService
2022-08-09 13:50:02,983 [ForkJoinPool.commonPool-worker-1] INFO  utils.BackgroundService (BackgroundService.java:shutdown(141)) - Shutting down service BlockDeletingService
2022-08-09 13:50:02,985 [ForkJoinPool.commonPool-worker-1] INFO  utils.BackgroundService (BackgroundService.java:shutdown(141)) - Shutting down service StaleRecoveringContainerScrubbingService
2022-08-09 13:50:05,974 [Listener at 127.0.0.1/42643] INFO  statemachine.DatanodeStateMachine (DatanodeStateMachine.java:stopDaemon(580)) - Ozone container server stopped.
2022-08-09 13:50:05,988 [Listener at 127.0.0.1/42643] INFO  handler.ContextHandler (ContextHandler.java:doStop(1153)) - Stopped o.e.j.w.WebAppContext@70e1d2cb{hddsDatanode,/,null,STOPPED}{jar:file:/home/runner/.m2/repository/org/apache/ozone/hdds-container-service/1.3.0-SNAPSHOT/hdds-container-service-1.3.0-SNAPSHOT.jar!/webapps/hddsDatanode}
2022-08-09 13:50:05,990 [Listener at 127.0.0.1/42643] INFO  server.AbstractConnector (AbstractConnector.java:doStop(381)) - Stopped ServerConnector@4efcd578{HTTP/1.1, (http/1.1)}{0.0.0.0:0}
2022-08-09 13:50:05,991 [Listener at 127.0.0.1/42643] INFO  server.session (HouseKeeper.java:stopScavenging(149)) - node0 Stopped scavenging
2022-08-09 13:50:05,991 [Listener at 127.0.0.1/42643] INFO  handler.ContextHandler (ContextHandler.java:doStop(1153)) - Stopped o.e.j.s.ServletContextHandler@3d6c4fe7{static,/static,jar:file:/home/runner/.m2/repository/org/apache/ozone/hdds-container-service/1.3.0-SNAPSHOT/hdds-container-service-1.3.0-SNAPSHOT.jar!/webapps/static,STOPPED}
2022-08-09 13:50:05,991 [Listener at 127.0.0.1/42643] INFO  handler.ContextHandler (ContextHandler.java:doStop(1153)) - Stopped o.e.j.s.ServletContextHandler@3a323884{logs,/logs,file:///home/runner/work/ozone/ozone/hadoop-ozone/integration-test/target/log,STOPPED}
2022-08-09 13:50:06,014 [ForkJoinPool.commonPool-worker-1] INFO  statemachine.DatanodeStateMachine (DatanodeStateMachine.java:stopDaemon(580)) - Ozone container server stopped.
2022-08-09 13:50:06,046 [ForkJoinPool.commonPool-worker-1] INFO  handler.ContextHandler (ContextHandler.java:doStop(1153)) - Stopped o.e.j.w.WebAppContext@7486c4ae{hddsDatanode,/,null,STOPPED}{jar:file:/home/runner/.m2/repository/org/apache/ozone/hdds-container-service/1.3.0-SNAPSHOT/hdds-container-service-1.3.0-SNAPSHOT.jar!/webapps/hddsDatanode}
2022-08-09 13:50:06,046 [ForkJoinPool.commonPool-worker-1] INFO  server.AbstractConnector (AbstractConnector.java:doStop(381)) - Stopped ServerConnector@51dd9217{HTTP/1.1, (http/1.1)}{0.0.0.0:0}
2022-08-09 13:50:06,046 [ForkJoinPool.commonPool-worker-1] INFO  server.session (HouseKeeper.java:stopScavenging(149)) - node0 Stopped scavenging
2022-08-09 13:50:06,054 [ForkJoinPool.commonPool-worker-1] INFO  handler.ContextHandler (ContextHandler.java:doStop(1153)) - Stopped o.e.j.s.ServletContextHandler@617f4814{static,/static,jar:file:/home/runner/.m2/repository/org/apache/ozone/hdds-container-service/1.3.0-SNAPSHOT/hdds-container-service-1.3.0-SNAPSHOT.jar!/webapps/static,STOPPED}
2022-08-09 13:50:06,061 [ForkJoinPool.commonPool-worker-1] INFO  handler.ContextHandler (ContextHandler.java:doStop(1153)) - Stopped o.e.j.s.ServletContextHandler@47260109{logs,/logs,file:///home/runner/work/ozone/ozone/hadoop-ozone/integration-test/target/log,STOPPED}
2022-08-09 13:50:07,531 [UnderReplicatedQueueThreadThread] INFO  replication.UnderReplicatedProcessor (UnderReplicatedProcessor.java:processAll(85)) - Processed 0 under replicated containers, failed processing 0
2022-08-09 13:50:07,537 [OverReplicatedQueueThreadThread] INFO  replication.OverReplicatedProcessor (OverReplicatedProcessor.java:processAll(83)) - Processed 0 over replicated containers, failed processing 0
2022-08-09 13:50:11,002 [Listener at 127.0.0.1/42643] INFO  ozoneimpl.OzoneContainer (OzoneContainer.java:stop(399)) - Attempting to stop container services.
2022-08-09 13:50:11,006 [Listener at 127.0.0.1/42643] INFO  server.RaftServer (RaftServerProxy.java:lambda$close$7(398)) - 38e181f0-6c08-490a-960d-0a972fca2357: close
2022-08-09 13:50:11,006 [Listener at 127.0.0.1/42643] INFO  server.RaftServer$Division (RaftServerImpl.java:lambda$close$4(434)) - 38e181f0-6c08-490a-960d-0a972fca2357@group-99AF818A252A: shutdown
2022-08-09 13:50:11,006 [Listener at 127.0.0.1/42643] INFO  util.JmxRegister (JmxRegister.java:unregister(73)) - Successfully un-registered JMX Bean with object name Ratis:service=RaftServer,group=group-99AF818A252A,id=38e181f0-6c08-490a-960d-0a972fca2357
2022-08-09 13:50:11,006 [Listener at 127.0.0.1/42643] INFO  impl.RoleInfo (RoleInfo.java:shutdownLeaderState(93)) - 38e181f0-6c08-490a-960d-0a972fca2357: shutdown 38e181f0-6c08-490a-960d-0a972fca2357@group-99AF818A252A-LeaderStateImpl
2022-08-09 13:50:11,007 [Listener at 127.0.0.1/42643] INFO  impl.PendingRequests (PendingRequests.java:sendNotLeaderResponses(282)) - 38e181f0-6c08-490a-960d-0a972fca2357@group-99AF818A252A-PendingRequests: sendNotLeaderResponses
2022-08-09 13:50:11,007 [Listener at 127.0.0.1/42643] INFO  impl.StateMachineUpdater (StateMachineUpdater.java:stopAndJoin(153)) - 38e181f0-6c08-490a-960d-0a972fca2357@group-99AF818A252A-StateMachineUpdater: set stopIndex = 0
2022-08-09 13:50:11,007 [38e181f0-6c08-490a-960d-0a972fca2357@group-99AF818A252A-StateMachineUpdater] INFO  ratis.ContainerStateMachine (ContainerStateMachine.java:takeSnapshot(304)) - group-99AF818A252A: Taking a snapshot at:(t:1, i:0) file /home/runner/work/ozone/ozone/hadoop-ozone/integration-test/target/test-dir/MiniOzoneClusterImpl-1803e0c7-8320-4379-92ef-724c5694b47b/datanode-3/data/ratis/e23da19d-f639-484f-abc0-99af818a252a/sm/snapshot.1_0
2022-08-09 13:50:11,013 [38e181f0-6c08-490a-960d-0a972fca2357@group-99AF818A252A-StateMachineUpdater] INFO  ratis.ContainerStateMachine (ContainerStateMachine.java:takeSnapshot(315)) - group-99AF818A252A: Finished taking a snapshot at:(t:1, i:0) file:/home/runner/work/ozone/ozone/hadoop-ozone/integration-test/target/test-dir/MiniOzoneClusterImpl-1803e0c7-8320-4379-92ef-724c5694b47b/datanode-3/data/ratis/e23da19d-f639-484f-abc0-99af818a252a/sm/snapshot.1_0 took: 5 ms
2022-08-09 13:50:11,013 [38e181f0-6c08-490a-960d-0a972fca2357@group-99AF818A252A-StateMachineUpdater] INFO  impl.StateMachineUpdater (StateMachineUpdater.java:takeSnapshot(287)) - 38e181f0-6c08-490a-960d-0a972fca2357@group-99AF818A252A-StateMachineUpdater: Took a snapshot at index 0
2022-08-09 13:50:11,013 [38e181f0-6c08-490a-960d-0a972fca2357@group-99AF818A252A-StateMachineUpdater] INFO  impl.StateMachineUpdater (StateMachineUpdater.java:lambda$new$0(92)) - 38e181f0-6c08-490a-960d-0a972fca2357@group-99AF818A252A-StateMachineUpdater: snapshotIndex: updateIncreasingly -1 -> 0
2022-08-09 13:50:11,013 [Listener at 127.0.0.1/42643] INFO  server.RaftServer$Division (ServerState.java:close(429)) - 38e181f0-6c08-490a-960d-0a972fca2357@group-99AF818A252A: closes. applyIndex: 0
2022-08-09 13:50:11,014 [38e181f0-6c08-490a-960d-0a972fca2357@group-99AF818A252A-SegmentedRaftLogWorker] INFO  segmented.SegmentedRaftLogWorker (SegmentedRaftLogWorker.java:run(336)) - 38e181f0-6c08-490a-960d-0a972fca2357@group-99AF818A252A-SegmentedRaftLogWorker was interrupted, exiting. There are 0 tasks remaining in the queue.
2022-08-09 13:50:11,014 [Listener at 127.0.0.1/42643] INFO  segmented.SegmentedRaftLogWorker (SegmentedRaftLogWorker.java:close(246)) - 38e181f0-6c08-490a-960d-0a972fca2357@group-99AF818A252A-SegmentedRaftLogWorker close()
2022-08-09 13:50:11,015 [Listener at 127.0.0.1/42643] INFO  server.GrpcService (GrpcService.java:closeImpl(269)) - 38e181f0-6c08-490a-960d-0a972fca2357: shutdown server with port 45429 now
2022-08-09 13:50:11,045 [Listener at 127.0.0.1/42643] INFO  server.GrpcService (GrpcService.java:closeImpl(278)) - 38e181f0-6c08-490a-960d-0a972fca2357: shutdown server with port 45429 successfully
2022-08-09 13:50:11,045 [org.apache.ratis.util.JvmPauseMonitor$$Lambda$615/629946574@7cf5dad7] INFO  util.JvmPauseMonitor (JvmPauseMonitor.java:run(109)) - JvmPauseMonitor-38e181f0-6c08-490a-960d-0a972fca2357: Stopped
2022-08-09 13:50:13,075 [Listener at 127.0.0.1/42643] INFO  utils.BackgroundService (BackgroundService.java:shutdown(141)) - Shutting down service BlockDeletingService
2022-08-09 13:50:13,075 [Listener at 127.0.0.1/42643] INFO  utils.BackgroundService (BackgroundService.java:shutdown(141)) - Shutting down service StaleRecoveringContainerScrubbingService
2022-08-09 13:50:16,101 [Listener at 127.0.0.1/42643] INFO  statemachine.DatanodeStateMachine (DatanodeStateMachine.java:stopDaemon(580)) - Ozone container server stopped.
2022-08-09 13:50:16,117 [Listener at 127.0.0.1/42643] INFO  handler.ContextHandler (ContextHandler.java:doStop(1153)) - Stopped o.e.j.w.WebAppContext@6ff0bb6{hddsDatanode,/,null,STOPPED}{jar:file:/home/runner/.m2/repository/org/apache/ozone/hdds-container-service/1.3.0-SNAPSHOT/hdds-container-service-1.3.0-SNAPSHOT.jar!/webapps/hddsDatanode}
2022-08-09 13:50:16,118 [Listener at 127.0.0.1/42643] INFO  server.AbstractConnector (AbstractConnector.java:doStop(381)) - Stopped ServerConnector@f5e34c3{HTTP/1.1, (http/1.1)}{0.0.0.0:0}
2022-08-09 13:50:16,118 [Listener at 127.0.0.1/42643] INFO  server.session (HouseKeeper.java:stopScavenging(149)) - node0 Stopped scavenging
2022-08-09 13:50:16,119 [Listener at 127.0.0.1/42643] INFO  handler.ContextHandler (ContextHandler.java:doStop(1153)) - Stopped o.e.j.s.ServletContextHandler@364a83d{static,/static,jar:file:/home/runner/.m2/repository/org/apache/ozone/hdds-container-service/1.3.0-SNAPSHOT/hdds-container-service-1.3.0-SNAPSHOT.jar!/webapps/static,STOPPED}
2022-08-09 13:50:16,119 [Listener at 127.0.0.1/42643] INFO  handler.ContextHandler (ContextHandler.java:doStop(1153)) - Stopped o.e.j.s.ServletContextHandler@69c94bb7{logs,/logs,file:///home/runner/work/ozone/ozone/hadoop-ozone/integration-test/target/log,STOPPED}
2022-08-09 13:50:16,126 [Listener at 127.0.0.1/42643] INFO  ozone.MiniOzoneClusterImpl (MiniOzoneClusterImpl.java:stopSCM(537)) - Stopping the StorageContainerManager
2022-08-09 13:50:16,126 [Listener at 127.0.0.1/42643] INFO  server.StorageContainerManager (StorageContainerManager.java:stop(1552)) - Container Balancer is not running.
2022-08-09 13:50:16,126 [Listener at 127.0.0.1/42643] INFO  server.StorageContainerManager (StorageContainerManager.java:stop(1559)) - Stopping Replication Manager Service.
2022-08-09 13:50:16,126 [Listener at 127.0.0.1/42643] INFO  replication.ReplicationManager (ReplicationManager.java:stop(233)) - Stopping Replication Monitor Thread.
2022-08-09 13:50:16,126 [ReplicationMonitor] INFO  replication.ReplicationManager (ReplicationManager.java:run(466)) - Replication Monitor Thread is stopped
2022-08-09 13:50:16,143 [Listener at 127.0.0.1/42643] INFO  server.StorageContainerManager (StorageContainerManager.java:stop(1566)) - Stopping the Datanode Admin Monitor.
2022-08-09 13:50:16,149 [Listener at 127.0.0.1/42643] INFO  server.StorageContainerManager (StorageContainerManager.java:stop(1573)) - Stopping Lease Manager of the command watchers
2022-08-09 13:50:16,149 [Listener at 127.0.0.1/42643] INFO  server.StorageContainerManager (StorageContainerManager.java:stop(1580)) - Stopping datanode service RPC server
2022-08-09 13:50:16,149 [Listener at 127.0.0.1/42643] INFO  server.SCMDatanodeProtocolServer (SCMDatanodeProtocolServer.java:stop(414)) - Stopping the RPC server for DataNodes
2022-08-09 13:50:16,149 [Listener at 127.0.0.1/42643] INFO  ipc.Server (Server.java:stop(3414)) - Stopping server on 38939
2022-08-09 13:50:16,151 [IPC Server listener on 0] INFO  ipc.Server (Server.java:run(1376)) - Stopping IPC Server listener on 0
2022-08-09 13:50:16,180 [IPC Server Responder] INFO  ipc.Server (Server.java:run(1512)) - Stopping IPC Server Responder
2022-08-09 13:50:16,266 [SCM Heartbeat Processing Thread - 0] WARN  node.NodeStateManager (NodeStateManager.java:scheduleNextHealthCheck(870)) - Current Thread is interrupted, shutting down HB processing thread for Node Manager.
2022-08-09 13:50:16,266 [Listener at 127.0.0.1/42643] INFO  server.StorageContainerManager (StorageContainerManager.java:stop(1588)) - Stopping block service RPC server
2022-08-09 13:50:16,266 [Listener at 127.0.0.1/42643] INFO  server.SCMBlockProtocolServer (SCMBlockProtocolServer.java:stop(161)) - Stopping the RPC server for Block Protocol
2022-08-09 13:50:16,266 [Listener at 127.0.0.1/42643] INFO  ipc.Server (Server.java:stop(3414)) - Stopping server on 36297
2022-08-09 13:50:16,273 [IPC Server listener on 0] INFO  ipc.Server (Server.java:run(1376)) - Stopping IPC Server listener on 0
2022-08-09 13:50:16,289 [Listener at 127.0.0.1/42643] INFO  server.StorageContainerManager (StorageContainerManager.java:stop(1595)) - Stopping the StorageContainerLocationProtocol RPC server
2022-08-09 13:50:16,289 [Listener at 127.0.0.1/42643] INFO  server.SCMClientProtocolServer (SCMClientProtocolServer.java:stop(179)) - Stopping the RPC server for Client Protocol
2022-08-09 13:50:16,289 [Listener at 127.0.0.1/42643] INFO  ipc.Server (Server.java:stop(3414)) - Stopping server on 41805
2022-08-09 13:50:16,289 [IPC Server Responder] INFO  ipc.Server (Server.java:run(1512)) - Stopping IPC Server Responder
2022-08-09 13:50:16,294 [IPC Server listener on 0] INFO  ipc.Server (Server.java:run(1376)) - Stopping IPC Server listener on 0
2022-08-09 13:50:16,295 [IPC Server Responder] INFO  ipc.Server (Server.java:run(1512)) - Stopping IPC Server Responder
2022-08-09 13:50:16,294 [Listener at 127.0.0.1/42643] INFO  server.StorageContainerManager (StorageContainerManager.java:stop(1602)) - Stopping Storage Container Manager HTTP server.
2022-08-09 13:50:16,298 [Listener at 127.0.0.1/42643] INFO  handler.ContextHandler (ContextHandler.java:doStop(1153)) - Stopped o.e.j.w.WebAppContext@4bcf8428{scm,/,null,STOPPED}{file:/home/runner/work/ozone/ozone/hadoop-ozone/integration-test/target/test-classes/webapps/scm}
2022-08-09 13:50:16,328 [Listener at 127.0.0.1/42643] INFO  server.AbstractConnector (AbstractConnector.java:doStop(381)) - Stopped ServerConnector@919ebd1{HTTP/1.1, (http/1.1)}{0.0.0.0:0}
2022-08-09 13:50:16,328 [Listener at 127.0.0.1/42643] INFO  server.session (HouseKeeper.java:stopScavenging(149)) - node0 Stopped scavenging
2022-08-09 13:50:16,328 [Listener at 127.0.0.1/42643] INFO  handler.ContextHandler (ContextHandler.java:doStop(1153)) - Stopped o.e.j.s.ServletContextHandler@3dc1ba9d{static,/static,file:///home/runner/work/ozone/ozone/hadoop-ozone/integration-test/target/test-classes/webapps/static,STOPPED}
2022-08-09 13:50:16,328 [Listener at 127.0.0.1/42643] INFO  handler.ContextHandler (ContextHandler.java:doStop(1153)) - Stopped o.e.j.s.ServletContextHandler@7ed14356{logs,/logs,file:///home/runner/work/ozone/ozone/hadoop-ozone/integration-test/target/log,STOPPED}
2022-08-09 13:50:16,329 [Listener at 127.0.0.1/42643] INFO  server.StorageContainerManager (StorageContainerManager.java:stop(1613)) - Stopping Block Manager Service.
2022-08-09 13:50:16,329 [Listener at 127.0.0.1/42643] INFO  utils.BackgroundService (BackgroundService.java:shutdown(141)) - Shutting down service SCMBlockDeletingService
2022-08-09 13:50:16,329 [Listener at 127.0.0.1/42643] INFO  utils.BackgroundService (BackgroundService.java:shutdown(141)) - Shutting down service SCMBlockDeletingService
2022-08-09 13:50:16,329 [Listener at 127.0.0.1/42643] INFO  server.StorageContainerManager (StorageContainerManager.java:stop(1640)) - Stopping SCM Event Queue.
2022-08-09 13:50:16,334 [Listener at 127.0.0.1/42643] INFO  server.StorageContainerManager (StorageContainerManager.java:stop(1651)) - Stopping SCM HA services.
2022-08-09 13:50:16,335 [Listener at 127.0.0.1/42643] INFO  pipeline.BackgroundPipelineCreator (BackgroundPipelineCreator.java:stop(149)) - Stopping RatisPipelineUtilsThread.
2022-08-09 13:50:16,335 [RatisPipelineUtilsThread - 0] WARN  pipeline.BackgroundPipelineCreator (BackgroundPipelineCreator.java:run(180)) - RatisPipelineUtilsThread is interrupted.
2022-08-09 13:50:16,335 [Listener at 127.0.0.1/42643] INFO  BackgroundPipelineScrubber (BackgroundSCMService.java:stop(131)) - Stopping BackgroundPipelineScrubber Service.
2022-08-09 13:50:16,335 [Listener at 127.0.0.1/42643] INFO  server.StorageContainerManager (StorageContainerManager.java:stop(1661)) - Stopping SCM MetadataStore.
2022-08-09 13:50:16,335 [BackgroundPipelineScrubberThread] WARN  BackgroundPipelineScrubber (BackgroundSCMService.java:run(115)) - BackgroundPipelineScrubber is interrupted, exit
2022-08-09 13:50:16,342 [Listener at 127.0.0.1/42643] INFO  impl.MetricsSystemImpl (MetricsSystemImpl.java:stop(210)) - Stopping HddsDatanode metrics system...
2022-08-09 13:50:16,395 [prometheus] INFO  impl.MetricsSinkAdapter (MetricsSinkAdapter.java:publishMetricsFromQueue(141)) - prometheus thread interrupted.
2022-08-09 13:50:16,395 [Listener at 127.0.0.1/42643] INFO  impl.MetricsSystemImpl (MetricsSystemImpl.java:stop(216)) - HddsDatanode metrics system stopped.
2022-08-09 13:50:16,681 [Listener at 127.0.0.1/42643] WARN  server.ServerUtils (ServerUtils.java:getScmDbDir(148)) - ozone.scm.db.dirs is not configured. We recommend adding this setting. Falling back to ozone.metadata.dirs instead.
2022-08-09 13:50:16,704 [Listener at 127.0.0.1/42643] WARN  server.ServerUtils (ServerUtils.java:getScmDbDir(148)) - ozone.scm.db.dirs is not configured. We recommend adding this setting. Falling back to ozone.metadata.dirs instead.
2022-08-09 13:50:16,704 [Listener at 127.0.0.1/42643] INFO  ha.SCMHANodeDetails (SCMHANodeDetails.java:loadSCMHAConfig(209)) - ServiceID for StorageContainerManager is null
2022-08-09 13:50:16,704 [Listener at 127.0.0.1/42643] INFO  ha.SCMHANodeDetails (SCMHANodeDetails.java:loadSCMHAConfig(214)) - ozone.scm.default.service.id is not defined, falling back to ozone.scm.service.ids to find serviceID for StorageContainerManager if it is HA enabled cluster
2022-08-09 13:50:16,705 [Listener at 127.0.0.1/42643] WARN  utils.HAUtils (HAUtils.java:getMetaDir(342)) - ozone.scm.db.dirs is not configured. We recommend adding this setting. Falling back to ozone.metadata.dirs instead.
2022-08-09 13:50:16,709 [Listener at 127.0.0.1/42643] WARN  db.DBStoreBuilder (DBStoreBuilder.java:applyDBDefinition(146)) - ozone.scm.db.dirs is not configured. We recommend adding this setting. Falling back to ozone.metadata.dirs instead.
2022-08-09 13:50:17,054 [Listener at 127.0.0.1/42643] INFO  net.NodeSchemaLoader (NodeSchemaLoader.java:loadSchemaFromFile(129)) - Loading schema from [jar:file:/home/runner/.m2/repository/org/apache/ozone/hdds-common/1.3.0-SNAPSHOT/hdds-common-1.3.0-SNAPSHOT.jar!/network-topology-default.xml]
2022-08-09 13:50:17,054 [Listener at 127.0.0.1/42643] INFO  net.NodeSchemaLoader (NodeSchemaLoader.java:loadSchema(176)) - Loading network topology layer schema file
2022-08-09 13:50:17,064 [Listener at 127.0.0.1/42643] INFO  upgrade.AbstractLayoutVersionManager (AbstractLayoutVersionManager.java:init(83)) - Initializing Layout version manager with metadata layout = DATANODE_SCHEMA_V3 (version = 4), software layout = DATANODE_SCHEMA_V3 (version = 4)
2022-08-09 13:50:17,232 [Listener at 127.0.0.1/42643] INFO  reflections.Reflections (Reflections.java:scan(232)) - Reflections took 159 ms to scan 7 urls, producing 132 keys and 321 values 
2022-08-09 13:50:17,235 [Listener at 127.0.0.1/42643] INFO  ha.SequenceIdGenerator (SequenceIdGenerator.java:upgradeToSequenceId(349)) - upgrade localId to 109611004723200000
2022-08-09 13:50:17,236 [Listener at 127.0.0.1/42643] INFO  ha.SequenceIdGenerator (SequenceIdGenerator.java:upgradeToSequenceId(359)) - upgrade delTxnId to 0
2022-08-09 13:50:17,236 [Listener at 127.0.0.1/42643] INFO  ha.SequenceIdGenerator (SequenceIdGenerator.java:upgradeToSequenceId(376)) - upgrade containerId to 0
2022-08-09 13:50:17,236 [Listener at 127.0.0.1/42643] INFO  ha.SequenceIdGenerator (SequenceIdGenerator.java:<init>(220)) - Init the HA SequenceIdGenerator.
2022-08-09 13:50:17,253 [Listener at 127.0.0.1/42643] WARN  server.ServerUtils (ServerUtils.java:sanitizeUserArgs(73)) - ozone.scm.stale.node.interval value = 300000 is larger than max = 100000 based on the key value of ozone.scm.heartbeat.thread.interval, reset to the max value 100000.
2022-08-09 13:50:17,253 [Listener at 127.0.0.1/42643] WARN  server.ServerUtils (ServerUtils.java:sanitizeUserArgs(73)) - ozone.scm.stale.node.interval value = 300000 is larger than max = 100000 based on the key value of ozone.scm.heartbeat.thread.interval, reset to the max value 100000.
2022-08-09 13:50:17,261 [Listener at 127.0.0.1/42643] INFO  node.SCMNodeManager (SCMNodeManager.java:<init>(149)) - Entering startup safe mode.
2022-08-09 13:50:17,261 [Listener at 127.0.0.1/42643] INFO  algorithms.ContainerPlacementPolicyFactory (ContainerPlacementPolicyFactory.java:getPolicyInternal(86)) - Create container placement policy of type org.apache.hadoop.hdds.scm.container.placement.algorithms.SCMContainerPlacementRandom
2022-08-09 13:50:17,261 [Listener at 127.0.0.1/42643] INFO  algorithms.ContainerPlacementPolicyFactory (ContainerPlacementPolicyFactory.java:getPolicyInternal(86)) - Create container placement policy of type org.apache.hadoop.hdds.scm.container.placement.algorithms.SCMContainerPlacementRackScatter
2022-08-09 13:50:17,262 [Listener at 127.0.0.1/42643] INFO  pipeline.PipelineStateManagerImpl (PipelineStateManagerImpl.java:initialize(78)) - No pipeline exists in current db
2022-08-09 13:50:17,262 [Listener at 127.0.0.1/42643] INFO  algorithms.LeaderChoosePolicyFactory (LeaderChoosePolicyFactory.java:getPolicy(57)) - Create leader choose policy of type org.apache.hadoop.hdds.scm.pipeline.leader.choose.algorithms.MinLeaderCountChoosePolicy
2022-08-09 13:50:17,262 [Listener at 127.0.0.1/42643] INFO  algorithms.ContainerPlacementPolicyFactory (ContainerPlacementPolicyFactory.java:getPolicyInternal(86)) - Create container placement policy of type org.apache.hadoop.hdds.scm.container.placement.algorithms.SCMContainerPlacementRackScatter
2022-08-09 13:50:17,273 [Listener at 127.0.0.1/42643] INFO  ha.SCMServiceManager (SCMServiceManager.java:register(42)) - Registering service BackgroundPipelineCreator.
2022-08-09 13:50:17,273 [Listener at 127.0.0.1/42643] INFO  pipeline.BackgroundPipelineCreator (BackgroundPipelineCreator.java:start(124)) - Starting RatisPipelineUtilsThread.
2022-08-09 13:50:17,281 [Finalizer] WARN  managed.ManagedRocksObjectUtils (ManagedRocksObjectUtils.java:assertClosed(39)) - ManagedColumnFamilyOptions is not closed properly
2022-08-09 13:50:17,281 [Finalizer] WARN  managed.ManagedRocksObjectUtils (ManagedRocksObjectUtils.java:assertClosed(39)) - ManagedColumnFamilyOptions is not closed properly
2022-08-09 13:50:17,281 [Finalizer] WARN  managed.ManagedRocksObjectUtils (ManagedRocksObjectUtils.java:assertClosed(39)) - ManagedColumnFamilyOptions is not closed properly
2022-08-09 13:50:17,281 [Finalizer] WARN  managed.ManagedRocksObjectUtils (ManagedRocksObjectUtils.java:assertClosed(39)) - ManagedColumnFamilyOptions is not closed properly
2022-08-09 13:50:17,281 [Finalizer] WARN  managed.ManagedRocksObjectUtils (ManagedRocksObjectUtils.java:assertClosed(39)) - ManagedColumnFamilyOptions is not closed properly
2022-08-09 13:50:17,281 [Finalizer] WARN  managed.ManagedRocksObjectUtils (ManagedRocksObjectUtils.java:assertClosed(39)) - ManagedColumnFamilyOptions is not closed properly
2022-08-09 13:50:17,281 [Finalizer] WARN  managed.ManagedRocksObjectUtils (ManagedRocksObjectUtils.java:assertClosed(39)) - ManagedColumnFamilyOptions is not closed properly
2022-08-09 13:50:17,281 [Finalizer] WARN  managed.ManagedRocksObjectUtils (ManagedRocksObjectUtils.java:assertClosed(39)) - ManagedColumnFamilyOptions is not closed properly
2022-08-09 13:50:17,281 [Finalizer] WARN  managed.ManagedRocksObjectUtils (ManagedRocksObjectUtils.java:assertClosed(39)) - ManagedColumnFamilyOptions is not closed properly
2022-08-09 13:50:17,281 [Finalizer] WARN  managed.ManagedRocksObjectUtils (ManagedRocksObjectUtils.java:assertClosed(39)) - ManagedColumnFamilyOptions is not closed properly
2022-08-09 13:50:17,281 [Finalizer] WARN  managed.ManagedRocksObjectUtils (ManagedRocksObjectUtils.java:assertClosed(39)) - ManagedColumnFamilyOptions is not closed properly
2022-08-09 13:50:17,281 [Finalizer] WARN  managed.ManagedRocksObjectUtils (ManagedRocksObjectUtils.java:assertClosed(39)) - ManagedColumnFamilyOptions is not closed properly
2022-08-09 13:50:17,281 [Finalizer] WARN  managed.ManagedRocksObjectUtils (ManagedRocksObjectUtils.java:assertClosed(39)) - ManagedColumnFamilyOptions is not closed properly
2022-08-09 13:50:17,281 [Finalizer] WARN  managed.ManagedRocksObjectUtils (ManagedRocksObjectUtils.java:assertClosed(39)) - ManagedColumnFamilyOptions is not closed properly
2022-08-09 13:50:17,281 [Finalizer] WARN  managed.ManagedRocksObjectUtils (ManagedRocksObjectUtils.java:assertClosed(39)) - ManagedColumnFamilyOptions is not closed properly
2022-08-09 13:50:17,281 [Finalizer] WARN  managed.ManagedRocksObjectUtils (ManagedRocksObjectUtils.java:assertClosed(39)) - ManagedColumnFamilyOptions is not closed properly
2022-08-09 13:50:17,287 [Listener at 127.0.0.1/42643] INFO  BackgroundPipelineScrubber (BackgroundSCMService.java:start(68)) - Starting BackgroundPipelineScrubber Service.
2022-08-09 13:50:17,293 [Listener at 127.0.0.1/42643] INFO  ha.SCMServiceManager (SCMServiceManager.java:register(42)) - Registering service BackgroundPipelineScrubber.
2022-08-09 13:50:17,293 [Listener at 127.0.0.1/42643] INFO  ExpiredContainerReplicaOpScrubber (BackgroundSCMService.java:start(68)) - Starting ExpiredContainerReplicaOpScrubber Service.
2022-08-09 13:50:17,293 [Listener at 127.0.0.1/42643] INFO  ha.SCMServiceManager (SCMServiceManager.java:register(42)) - Registering service ExpiredContainerReplicaOpScrubber.
2022-08-09 13:50:17,294 [Listener at 127.0.0.1/42643] INFO  algorithms.PipelineChoosePolicyFactory (PipelineChoosePolicyFactory.java:createPipelineChoosePolicyFromClass(73)) - Create pipeline choose policy of type org.apache.hadoop.hdds.scm.pipeline.choose.algorithms.RandomPipelineChoosePolicy
2022-08-09 13:50:17,294 [Listener at 127.0.0.1/42643] INFO  ha.SCMServiceManager (SCMServiceManager.java:register(42)) - Registering service SCMBlockDeletingService.
2022-08-09 13:50:17,294 [Listener at 127.0.0.1/42643] INFO  replication.ReplicationManager (ReplicationManager.java:start(200)) - Starting Replication Monitor Thread.
2022-08-09 13:50:17,295 [Listener at 127.0.0.1/42643] INFO  UnderReplicatedQueueThread (BackgroundSCMService.java:start(68)) - Starting UnderReplicatedQueueThread Service.
2022-08-09 13:50:17,295 [Listener at 127.0.0.1/42643] INFO  ha.SCMServiceManager (SCMServiceManager.java:register(42)) - Registering service UnderReplicatedQueueThread.
2022-08-09 13:50:17,295 [Listener at 127.0.0.1/42643] INFO  OverReplicatedQueueThread (BackgroundSCMService.java:start(68)) - Starting OverReplicatedQueueThread Service.
2022-08-09 13:50:17,295 [Listener at 127.0.0.1/42643] INFO  ha.SCMServiceManager (SCMServiceManager.java:register(42)) - Registering service OverReplicatedQueueThread.
2022-08-09 13:50:17,295 [Listener at 127.0.0.1/42643] INFO  ha.SCMServiceManager (SCMServiceManager.java:register(42)) - Registering service ReplicationManager.
2022-08-09 13:50:17,295 [Listener at 127.0.0.1/42643] INFO  safemode.ContainerSafeModeRule (ContainerSafeModeRule.java:<init>(89)) - containers with one replica threshold count 0
2022-08-09 13:50:17,296 [Listener at 127.0.0.1/42643] INFO  safemode.HealthyPipelineSafeModeRule (HealthyPipelineSafeModeRule.java:initializeRule(169)) - Total pipeline count is 0, healthy pipeline threshold count is 1
2022-08-09 13:50:17,296 [Listener at 127.0.0.1/42643] INFO  safemode.OneReplicaPipelineSafeModeRule (OneReplicaPipelineSafeModeRule.java:initializeRule(180)) - Total pipeline count is 0, pipeline's with at least one datanode reported threshold count is 0
2022-08-09 13:50:17,296 [Listener at 127.0.0.1/42643] INFO  ipc.CallQueueManager (CallQueueManager.java:<init>(90)) - Using callQueue: class java.util.concurrent.LinkedBlockingQueue, queueCapacity: 2000, scheduler: class org.apache.hadoop.ipc.DefaultRpcScheduler, ipcBackoff: false.
2022-08-09 13:50:17,297 [ReplicationMonitor] INFO  replication.ReplicationManager (ReplicationManager.java:processAll(249)) - Replication Manager is not ready to run until 3000ms after safemode exit
2022-08-09 13:50:17,334 [Socket Reader #1 for port 0] INFO  ipc.Server (Server.java:run(1265)) - Starting Socket Reader #1 for port 0
2022-08-09 13:50:17,355 [Listener at 0.0.0.0/38209] INFO  ipc.CallQueueManager (CallQueueManager.java:<init>(90)) - Using callQueue: class java.util.concurrent.LinkedBlockingQueue, queueCapacity: 2000, scheduler: class org.apache.hadoop.ipc.DefaultRpcScheduler, ipcBackoff: false.
2022-08-09 13:50:17,361 [Socket Reader #1 for port 0] INFO  ipc.Server (Server.java:run(1265)) - Starting Socket Reader #1 for port 0
2022-08-09 13:50:17,362 [Listener at 0.0.0.0/36263] INFO  ipc.CallQueueManager (CallQueueManager.java:<init>(90)) - Using callQueue: class java.util.concurrent.LinkedBlockingQueue, queueCapacity: 2000, scheduler: class org.apache.hadoop.ipc.DefaultRpcScheduler, ipcBackoff: false.
2022-08-09 13:50:17,363 [Socket Reader #1 for port 0] INFO  ipc.Server (Server.java:run(1265)) - Starting Socket Reader #1 for port 0
2022-08-09 13:50:17,409 [Listener at 0.0.0.0/37017] INFO  ha.SCMServiceManager (SCMServiceManager.java:register(42)) - Registering service ContainerBalancer.
2022-08-09 13:50:17,409 [Listener at 0.0.0.0/37017] INFO  server.StorageContainerManager (StorageContainerManager.java:<init>(406)) - 
Container Balancer status:
Key                            Value
Running                        false
Container Balancer Configuration values:
Key                                                Value
Threshold                                          10
Max Datanodes to Involve per Iteration(percent)    20
Max Size to Move per Iteration                     500GB
Max Size Entering Target per Iteration             26GB
Max Size Leaving Source per Iteration              26GB

2022-08-09 13:50:17,409 [Listener at 0.0.0.0/37017] WARN  events.EventQueue (EventQueue.java:fireEvent(216)) - No event handler registered for event TypedEvent{payloadType=SafeModeStatus, name='Safe mode status'}
2022-08-09 13:50:17,409 [Listener at 0.0.0.0/37017] INFO  ha.SCMContext (SCMContext.java:updateSafeModeStatus(228)) - Update SafeModeStatus from SafeModeStatus{safeModeStatus=true, preCheckPassed=false} to SafeModeStatus{safeModeStatus=true, preCheckPassed=false}.
2022-08-09 13:50:17,409 [Listener at 0.0.0.0/37017] INFO  server.StorageContainerManager (StorageContainerManager.java:start(1460)) - StorageContainerLocationProtocol RPC server is listening at /0.0.0.0:37017
2022-08-09 13:50:17,412 [Listener at 0.0.0.0/37017] WARN  impl.MetricsConfig (MetricsConfig.java:loadFirst(136)) - Cannot locate configuration: tried hadoop-metrics2-storagecontainermanager.properties,hadoop-metrics2.properties
2022-08-09 13:50:17,412 [Listener at 0.0.0.0/37017] INFO  impl.MetricsSystemImpl (MetricsSystemImpl.java:startTimer(378)) - Scheduled Metric snapshot period at 10 second(s).
2022-08-09 13:50:17,412 [Listener at 0.0.0.0/37017] INFO  impl.MetricsSystemImpl (MetricsSystemImpl.java:start(191)) - StorageContainerManager metrics system started
2022-08-09 13:50:17,458 [Listener at 0.0.0.0/37017] INFO  impl.MetricsSinkAdapter (MetricsSinkAdapter.java:start(204)) - Sink prometheus started
2022-08-09 13:50:17,458 [Listener at 0.0.0.0/37017] INFO  impl.MetricsSystemImpl (MetricsSystemImpl.java:registerSink(305)) - Registered sink prometheus
2022-08-09 13:50:17,484 [Listener at 0.0.0.0/37017] INFO  server.SCMClientProtocolServer (SCMClientProtocolServer.java:start(170)) - RPC server for Client  is listening at /0.0.0.0:37017
2022-08-09 13:50:17,485 [IPC Server Responder] INFO  ipc.Server (Server.java:run(1507)) - IPC Server Responder: starting
2022-08-09 13:50:17,485 [IPC Server listener on 0] INFO  ipc.Server (Server.java:run(1344)) - IPC Server listener on 0: starting
2022-08-09 13:50:17,486 [Listener at 0.0.0.0/37017] INFO  server.StorageContainerManager (StorageContainerManager.java:start(1475)) - ScmBlockLocationProtocol RPC server is listening at /0.0.0.0:36263
2022-08-09 13:50:17,486 [Listener at 0.0.0.0/37017] INFO  server.SCMBlockProtocolServer (SCMBlockProtocolServer.java:start(152)) - RPC server for Block Protocol is listening at /0.0.0.0:36263
2022-08-09 13:50:17,487 [IPC Server Responder] INFO  ipc.Server (Server.java:run(1507)) - IPC Server Responder: starting
2022-08-09 13:50:17,487 [IPC Server listener on 0] INFO  ipc.Server (Server.java:run(1344)) - IPC Server listener on 0: starting
2022-08-09 13:50:17,488 [Listener at 0.0.0.0/37017] INFO  server.SCMDatanodeProtocolServer (SCMDatanodeProtocolServer.java:start(186)) - ScmDatanodeProtocol RPC server for DataNodes is listening at /0.0.0.0:38209
2022-08-09 13:50:17,489 [IPC Server Responder] INFO  ipc.Server (Server.java:run(1507)) - IPC Server Responder: starting
2022-08-09 13:50:17,489 [IPC Server listener on 0] INFO  ipc.Server (Server.java:run(1344)) - IPC Server listener on 0: starting
2022-08-09 13:50:17,703 [Listener at 0.0.0.0/37017] INFO  http.BaseHttpServer (BaseHttpServer.java:newHttpServer2BuilderForOzone(209)) - Starting Web-server for scm at: http://0.0.0.0:0
2022-08-09 13:50:17,703 [Listener at 0.0.0.0/37017] INFO  http.BaseHttpServer (BaseHttpServer.java:<init>(107)) - Hadoop Security Enabled: false Ozone Security Enabled: false Ozone HTTP Security Enabled: false 
2022-08-09 13:50:17,704 [Listener at 0.0.0.0/37017] INFO  server.AuthenticationFilter (AuthenticationFilter.java:constructSecretProvider(240)) - Unable to initialize FileSignerSecretProvider, falling back to use random secrets.
2022-08-09 13:50:17,707 [Listener at 0.0.0.0/37017] WARN  http.HttpRequestLog (HttpRequestLog.java:getRequestLog(103)) - Jetty request log can only be enabled using Log4j
2022-08-09 13:50:17,708 [Listener at 0.0.0.0/37017] INFO  http.HttpServer2 (HttpServer2.java:addGlobalFilter(1029)) - Added global filter 'safety' (class=org.apache.hadoop.hdds.server.http.HttpServer2$QuotingInputFilter)
2022-08-09 13:50:17,709 [Listener at 0.0.0.0/37017] INFO  http.HttpServer2 (HttpServer2.java:addFilter(1005)) - Added filter static_user_filter (class=org.apache.hadoop.http.lib.StaticUserWebFilter$StaticUserFilter) to context scm
2022-08-09 13:50:17,709 [Listener at 0.0.0.0/37017] INFO  http.HttpServer2 (HttpServer2.java:addFilter(1013)) - Added filter static_user_filter (class=org.apache.hadoop.http.lib.StaticUserWebFilter$StaticUserFilter) to context static
2022-08-09 13:50:17,709 [Listener at 0.0.0.0/37017] INFO  http.HttpServer2 (HttpServer2.java:addFilter(1013)) - Added filter static_user_filter (class=org.apache.hadoop.http.lib.StaticUserWebFilter$StaticUserFilter) to context logs
2022-08-09 13:50:17,709 [Listener at 0.0.0.0/37017] INFO  http.HttpServer2 (HttpServer2.java:bindListener(1248)) - Jetty bound to port 40301
2022-08-09 13:50:17,709 [Listener at 0.0.0.0/37017] INFO  server.Server (Server.java:doStart(375)) - jetty-9.4.43.v20210629; built: 2021-06-30T11:07:22.254Z; git: 526006ecfa3af7f1a27ef3a288e2bef7ea9dd7e8; jvm 1.8.0_332-b09
2022-08-09 13:50:17,714 [Listener at 0.0.0.0/37017] INFO  server.session (DefaultSessionIdManager.java:doStart(334)) - DefaultSessionIdManager workerName=node0
2022-08-09 13:50:17,714 [Listener at 0.0.0.0/37017] INFO  server.session (DefaultSessionIdManager.java:doStart(339)) - No SessionScavenger set, using defaults
2022-08-09 13:50:17,714 [Listener at 0.0.0.0/37017] INFO  server.session (HouseKeeper.java:startScavenging(132)) - node0 Scavenging every 660000ms
2022-08-09 13:50:17,716 [Listener at 0.0.0.0/37017] INFO  handler.ContextHandler (ContextHandler.java:doStart(915)) - Started o.e.j.s.ServletContextHandler@84cba81{logs,/logs,file:///home/runner/work/ozone/ozone/hadoop-ozone/integration-test/target/log,AVAILABLE}
2022-08-09 13:50:17,717 [Listener at 0.0.0.0/37017] INFO  handler.ContextHandler (ContextHandler.java:doStart(915)) - Started o.e.j.s.ServletContextHandler@337f81c6{static,/static,file:///home/runner/work/ozone/ozone/hadoop-ozone/integration-test/target/test-classes/webapps/static,AVAILABLE}
2022-08-09 13:50:17,719 [Listener at 0.0.0.0/37017] INFO  handler.ContextHandler (ContextHandler.java:doStart(915)) - Started o.e.j.w.WebAppContext@c6610a9{scm,/,file:///home/runner/work/ozone/ozone/hadoop-ozone/integration-test/target/test-classes/webapps/scm/,AVAILABLE}{file:/home/runner/work/ozone/ozone/hadoop-ozone/integration-test/target/test-classes/webapps/scm}
2022-08-09 13:50:17,741 [org.apache.hadoop.util.JvmPauseMonitor$Monitor@52483ae4] INFO  util.JvmPauseMonitor (JvmPauseMonitor.java:run(188)) - Starting JVM pause monitor
2022-08-09 13:50:17,743 [Listener at 0.0.0.0/37017] INFO  server.AbstractConnector (AbstractConnector.java:doStart(331)) - Started ServerConnector@40e57ed0{HTTP/1.1, (http/1.1)}{0.0.0.0:40301}
2022-08-09 13:50:17,743 [Listener at 0.0.0.0/37017] INFO  server.Server (Server.java:doStart(415)) - Started @204477ms
2022-08-09 13:50:17,743 [Listener at 0.0.0.0/37017] WARN  impl.MetricsSystemImpl (MetricsSystemImpl.java:register(279)) - Sink prometheus already exists!
2022-08-09 13:50:17,743 [Listener at 0.0.0.0/37017] INFO  http.BaseHttpServer (BaseHttpServer.java:updateConnectorAddress(329)) - HTTP server of scm listening at http://0.0.0.0:40301
2022-08-09 13:50:17,743 [Listener at 0.0.0.0/37017] WARN  server.ServerUtils (ServerUtils.java:getDBPath(225)) - ozone.om.db.dirs is not configured. We recommend adding this setting. Falling back to ozone.metadata.dirs instead.
2022-08-09 13:50:17,745 [Listener at 0.0.0.0/37017] INFO  ha.OMHANodeDetails (OMHANodeDetails.java:loadOMHAConfig(115)) - ozone.om.internal.service.id is not defined, falling back to ozone.om.service.ids to find serviceID for OzoneManager if it is HA enabled cluster
2022-08-09 13:50:17,746 [Listener at 0.0.0.0/37017] INFO  ha.OMHANodeDetails (OMHANodeDetails.java:loadOMHAConfig(226)) - Configuration does not have ozone.om.address set. Falling back to the default OM address /127.0.0.1:0
2022-08-09 13:50:17,746 [Listener at 0.0.0.0/37017] INFO  ha.OMHANodeDetails (OMHANodeDetails.java:getOMNodeDetailsForNonHA(254)) - OM Service ID is not set. Setting it to the default ID: omServiceIdDefault
2022-08-09 13:50:17,746 [Listener at 0.0.0.0/37017] INFO  ha.OMHANodeDetails (OMHANodeDetails.java:getOMNodeDetailsForNonHA(261)) - OM Node ID is not set. Setting it to the default ID: om1
2022-08-09 13:50:17,746 [Listener at 0.0.0.0/37017] WARN  server.ServerUtils (ServerUtils.java:getDBPath(225)) - ozone.om.db.dirs is not configured. We recommend adding this setting. Falling back to ozone.metadata.dirs instead.
2022-08-09 13:50:17,746 [Listener at 0.0.0.0/37017] INFO  upgrade.AbstractLayoutVersionManager (AbstractLayoutVersionManager.java:init(83)) - Initializing Layout version manager with metadata layout = MULTITENANCY_SCHEMA (version = 3), software layout = MULTITENANCY_SCHEMA (version = 3)
2022-08-09 13:50:18,057 [Listener at 0.0.0.0/37017] INFO  reflections.Reflections (Reflections.java:scan(232)) - Reflections took 310 ms to scan 2 urls, producing 153 keys and 426 values [using 2 cores]
2022-08-09 13:50:18,057 [Listener at 0.0.0.0/37017] INFO  upgrade.OMLayoutVersionManager (OMLayoutVersionManager.java:lambda$0(115)) - Skipping Upgrade Action MockOmUpgradeAction since it has been finalized.
2022-08-09 13:50:18,057 [Listener at 0.0.0.0/37017] WARN  server.ServerUtils (ServerUtils.java:getDBPath(225)) - ozone.om.db.dirs is not configured. We recommend adding this setting. Falling back to ozone.metadata.dirs instead.
2022-08-09 13:50:18,058 [Listener at 0.0.0.0/37017] INFO  proxy.SCMBlockLocationFailoverProxyProvider (SCMBlockLocationFailoverProxyProvider.java:<init>(114)) - Created block location fail-over proxy with 1 nodes: [nodeId=scmNodeId,nodeAddress=/0.0.0.0:36263]
2022-08-09 13:50:18,059 [Listener at 0.0.0.0/37017] INFO  proxy.SCMBlockLocationFailoverProxyProvider (SCMBlockLocationFailoverProxyProvider.java:<init>(114)) - Created block location fail-over proxy with 1 nodes: [nodeId=scmNodeId,nodeAddress=/0.0.0.0:36263]
2022-08-09 13:50:18,078 [Listener at 0.0.0.0/37017] WARN  server.ServerUtils (ServerUtils.java:getDBPath(225)) - ozone.om.db.dirs is not configured. We recommend adding this setting. Falling back to ozone.metadata.dirs instead.
2022-08-09 13:50:18,078 [Listener at 0.0.0.0/37017] INFO  codec.OmKeyInfoCodec (OmKeyInfoCodec.java:<init>(49)) - OmKeyInfoCodec ignorePipeline = true
2022-08-09 13:50:18,079 [Listener at 0.0.0.0/37017] INFO  codec.RepeatedOmKeyInfoCodec (RepeatedOmKeyInfoCodec.java:<init>(41)) - RepeatedOmKeyInfoCodec ignorePipeline = true
2022-08-09 13:50:18,697 [Listener at 0.0.0.0/37017] INFO  om.OzoneManager (OzoneManager.java:instantiateServices(697)) - S3 Multi-Tenancy is disabled
2022-08-09 13:50:18,698 [Listener at 0.0.0.0/37017] INFO  om.OzoneManager (OzoneManager.java:addS3GVolumeToDB(4308)) - Created Volume s3v With Owner runner required for S3Gateway operations.
2022-08-09 13:50:18,698 [Listener at 0.0.0.0/37017] WARN  server.ServerUtils (ServerUtils.java:getDefaultRatisDirectory(237)) - Storage directory for Ratis is not configured. It is a good idea to map this to an SSD disk. Falling back to ozone.metadata.dirs
2022-08-09 13:50:18,699 [Listener at 0.0.0.0/37017] WARN  utils.OzoneManagerRatisUtils (OzoneManagerRatisUtils.java:getOMRatisSnapshotDirectory(434)) - ozone.om.ratis.snapshot.dir is not configured. Falling back to ozone.metadata.dirs config
2022-08-09 13:50:18,699 [Listener at 0.0.0.0/37017] WARN  server.ServerUtils (ServerUtils.java:getDefaultRatisDirectory(237)) - Storage directory for Ratis is not configured. It is a good idea to map this to an SSD disk. Falling back to ozone.metadata.dirs
2022-08-09 13:50:18,718 [Listener at 0.0.0.0/37017] INFO  ratis.OzoneManagerRatisServer (OzoneManagerRatisServer.java:<init>(159)) - Instantiating OM Ratis server with groupID: omServiceIdDefault and peers: localhost:9872
2022-08-09 13:50:18,718 [Listener at 0.0.0.0/37017] INFO  ratis.OzoneManagerStateMachine (OzoneManagerStateMachine.java:loadSnapshotInfoFromDB(632)) - LastAppliedIndex is set from TransactionInfo from OM DB as (t:0, i:~)
2022-08-09 13:50:18,749 [Listener at 0.0.0.0/37017] INFO  server.RaftServer (ConfUtils.java:logGet(46)) - raft.rpc.type = GRPC (default)
2022-08-09 13:50:18,749 [Listener at 0.0.0.0/37017] INFO  grpc.GrpcFactory (GrpcFactory.java:checkPooledByteBufAllocatorUseCacheForAllThreads(48)) - PERFORMANCE WARNING: useCacheForAllThreads is true that may cause Netty to create a lot garbage objects and, as a result, trigger GC.
	It is recommended to disable useCacheForAllThreads by setting -Dorg.apache.ratis.thirdparty.io.netty.allocator.useCacheForAllThreads=false in command line.
2022-08-09 13:50:18,749 [Listener at 0.0.0.0/37017] INFO  grpc.GrpcConfigKeys (ConfUtils.java:logGet(46)) - raft.grpc.admin.port = -1 (default)
2022-08-09 13:50:18,749 [Listener at 0.0.0.0/37017] INFO  grpc.GrpcConfigKeys (ConfUtils.java:logGet(46)) - raft.grpc.server.port = 9872 (custom)
2022-08-09 13:50:18,749 [Listener at 0.0.0.0/37017] INFO  grpc.GrpcConfigKeys (ConfUtils.java:logGet(46)) - raft.grpc.client.port = -1 (default)
2022-08-09 13:50:18,750 [Listener at 0.0.0.0/37017] INFO  grpc.GrpcConfigKeys (ConfUtils.java:logGet(46)) - raft.grpc.server.port = 9872 (custom)
2022-08-09 13:50:18,750 [Listener at 0.0.0.0/37017] INFO  grpc.GrpcConfigKeys (ConfUtils.java:logGet(46)) - raft.grpc.server.port = 9872 (custom)
2022-08-09 13:50:18,750 [Listener at 0.0.0.0/37017] INFO  server.GrpcService (ConfUtils.java:logGet(46)) - raft.grpc.message.size.max = 33554432 (custom)
2022-08-09 13:50:18,750 [Listener at 0.0.0.0/37017] INFO  server.RaftServerConfigKeys (ConfUtils.java:logGet(46)) - raft.server.log.appender.buffer.byte-limit = 33554432 (custom)
2022-08-09 13:50:18,750 [Listener at 0.0.0.0/37017] INFO  server.GrpcService (ConfUtils.java:logGet(46)) - raft.grpc.flow.control.window = 1MB (=1048576) (default)
2022-08-09 13:50:18,750 [Listener at 0.0.0.0/37017] INFO  server.RaftServerConfigKeys (ConfUtils.java:logGet(46)) - raft.server.rpc.request.timeout = 3000ms (default)
2022-08-09 13:50:18,750 [Listener at 0.0.0.0/37017] INFO  grpc.GrpcConfigKeys (ConfUtils.java:logGet(46)) - raft.grpc.server.async.request.thread.pool.cached = true (default)
2022-08-09 13:50:18,750 [Listener at 0.0.0.0/37017] INFO  grpc.GrpcConfigKeys (ConfUtils.java:logGet(46)) - raft.grpc.server.async.request.thread.pool.size = 32 (default)
2022-08-09 13:50:18,752 [Listener at 0.0.0.0/37017] INFO  impl.DataStreamServerImpl (ConfUtils.java:logGet(46)) - raft.datastream.type = DISABLED (default)
2022-08-09 13:50:18,752 [Listener at 0.0.0.0/37017] INFO  server.RaftServerConfigKeys (ConfUtils.java:logGet(46)) - raft.server.threadpool.proxy.cached = true (default)
2022-08-09 13:50:18,752 [Listener at 0.0.0.0/37017] INFO  server.RaftServerConfigKeys (ConfUtils.java:logGet(46)) - raft.server.threadpool.proxy.size = 0 (default)
2022-08-09 13:50:18,752 [Listener at 0.0.0.0/37017] INFO  server.RaftServerConfigKeys (ConfUtils.java:logGet(46)) - raft.server.rpc.slowness.timeout = 120s (custom)
2022-08-09 13:50:18,752 [Listener at 0.0.0.0/37017] INFO  server.RaftServerConfigKeys (ConfUtils.java:logGet(46)) - raft.server.leaderelection.leader.step-down.wait-time = 10s (default)
2022-08-09 13:50:18,752 [Listener at 0.0.0.0/37017] INFO  server.RaftServerConfigKeys (ConfUtils.java:logGet(46)) - raft.server.storage.dir = [/home/runner/work/ozone/ozone/hadoop-ozone/integration-test/target/test-dir/MiniOzoneClusterImpl-a5f63cd0-adde-411c-a334-77d0cb0a7b46/ozone-meta/ratis] (custom)
2022-08-09 13:50:18,779 [Listener at 0.0.0.0/37017] INFO  server.RaftServer (RaftServerProxy.java:addNew(96)) - om1: addNew group-C5BA1605619E:[om1|rpc:localhost:9872|priority:0] returns group-C5BA1605619E:java.util.concurrent.CompletableFuture@457298d0[Not completed]
2022-08-09 13:50:18,779 [Listener at 0.0.0.0/37017] INFO  om.OzoneManager (OzoneManager.java:initializeRatisServer(1963)) - OzoneManager Ratis server initialized at port 9872
2022-08-09 13:50:18,780 [Listener at 0.0.0.0/37017] INFO  om.OzoneManager (OzoneManager.java:getRpcServer(1086)) - Creating RPC Server
2022-08-09 13:50:18,782 [pool-834-thread-1] INFO  server.RaftServer$Division (RaftServerImpl.java:<init>(190)) - om1: new RaftServerImpl for group-C5BA1605619E:[om1|rpc:localhost:9872|priority:0] with OzoneManagerStateMachine:uninitialized
2022-08-09 13:50:18,782 [pool-834-thread-1] INFO  server.RaftServerConfigKeys (ConfUtils.java:logGet(46)) - raft.server.rpc.timeout.min = 1s (custom)
2022-08-09 13:50:18,783 [pool-834-thread-1] INFO  server.RaftServerConfigKeys (ConfUtils.java:logGet(46)) - raft.server.rpc.timeout.max = 1200ms (custom)
2022-08-09 13:50:18,783 [pool-834-thread-1] INFO  server.RaftServerConfigKeys (ConfUtils.java:logGet(46)) - raft.server.rpc.sleep.time = 25ms (default)
2022-08-09 13:50:18,783 [pool-834-thread-1] INFO  server.RaftServerConfigKeys (ConfUtils.java:logGet(46)) - raft.server.rpc.slowness.timeout = 120s (custom)
2022-08-09 13:50:18,783 [pool-834-thread-1] INFO  server.RaftServerConfigKeys (ConfUtils.java:logGet(46)) - raft.server.leaderelection.leader.step-down.wait-time = 10s (default)
2022-08-09 13:50:18,783 [pool-834-thread-1] INFO  server.RaftServerConfigKeys (ConfUtils.java:logGet(46)) - raft.server.sleep.deviation.threshold = 300ms (default)
2022-08-09 13:50:18,783 [pool-834-thread-1] INFO  server.RaftServer$Division (ServerState.java:<init>(107)) - om1@group-C5BA1605619E: ConfigurationManager, init=-1: [om1|rpc:localhost:9872|priority:0], old=null, confs=<EMPTY_MAP>
2022-08-09 13:50:18,783 [pool-834-thread-1] INFO  server.RaftServerConfigKeys (ConfUtils.java:logGet(46)) - raft.server.storage.dir = [/home/runner/work/ozone/ozone/hadoop-ozone/integration-test/target/test-dir/MiniOzoneClusterImpl-a5f63cd0-adde-411c-a334-77d0cb0a7b46/ozone-meta/ratis] (custom)
2022-08-09 13:50:18,783 [pool-834-thread-1] INFO  server.RaftServerConfigKeys (ConfUtils.java:logGet(46)) - raft.server.log.corruption.policy = EXCEPTION (default)
2022-08-09 13:50:18,783 [pool-834-thread-1] INFO  server.RaftServerConfigKeys (ConfUtils.java:logGet(46)) - raft.server.storage.free-space.min = 0MB (=0) (default)
2022-08-09 13:50:18,783 [pool-834-thread-1] INFO  storage.RaftStorageDirectory (RaftStorageDirectoryImpl.java:analyzeStorage(135)) - The storage directory /home/runner/work/ozone/ozone/hadoop-ozone/integration-test/target/test-dir/MiniOzoneClusterImpl-a5f63cd0-adde-411c-a334-77d0cb0a7b46/ozone-meta/ratis/bf265839-605b-3f16-9796-c5ba1605619e does not exist. Creating ...
2022-08-09 13:50:18,794 [pool-834-thread-1] INFO  storage.RaftStorageDirectory (RaftStorageDirectoryImpl.java:tryLock(230)) - Lock on /home/runner/work/ozone/ozone/hadoop-ozone/integration-test/target/test-dir/MiniOzoneClusterImpl-a5f63cd0-adde-411c-a334-77d0cb0a7b46/ozone-meta/ratis/bf265839-605b-3f16-9796-c5ba1605619e/in_use.lock acquired by nodename 10574@fv-az450-466
2022-08-09 13:50:18,797 [pool-834-thread-1] INFO  storage.RaftStorage (RaftStorageImpl.java:format(89)) - Storage directory /home/runner/work/ozone/ozone/hadoop-ozone/integration-test/target/test-dir/MiniOzoneClusterImpl-a5f63cd0-adde-411c-a334-77d0cb0a7b46/ozone-meta/ratis/bf265839-605b-3f16-9796-c5ba1605619e has been successfully formatted.
2022-08-09 13:50:18,805 [pool-834-thread-1] INFO  server.RaftServerConfigKeys (ConfUtils.java:logGet(46)) - raft.server.notification.no-leader.timeout = 120s (custom)
2022-08-09 13:50:18,805 [pool-834-thread-1] INFO  server.RaftServerConfigKeys (ConfUtils.java:logGet(46)) - raft.server.log.use.memory = false (default)
2022-08-09 13:50:18,805 [pool-834-thread-1] INFO  server.RaftServerConfigKeys (ConfUtils.java:logGet(46)) - raft.server.log.purge.gap = 1000000 (custom)
2022-08-09 13:50:18,805 [pool-834-thread-1] INFO  server.RaftServerConfigKeys (ConfUtils.java:logGet(46)) - raft.server.log.appender.buffer.byte-limit = 33554432 (custom)
2022-08-09 13:50:18,805 [pool-834-thread-1] INFO  server.RaftServerConfigKeys (ConfUtils.java:logGet(46)) - raft.server.log.statemachine.data.read.timeout = 1000ms (default)
2022-08-09 13:50:18,805 [pool-834-thread-1] INFO  server.RaftServerConfigKeys (ConfUtils.java:logGet(46)) - raft.server.log.segment.size.max = 4194304 (custom)
2022-08-09 13:50:18,806 [pool-834-thread-1] INFO  server.RaftServerConfigKeys (ConfUtils.java:logGet(46)) - raft.server.log.segment.cache.num.max = 2 (custom)
2022-08-09 13:50:18,806 [pool-834-thread-1] INFO  server.RaftServerConfigKeys (ConfUtils.java:logGet(46)) - raft.server.log.segment.cache.size.max = 200MB (=209715200) (default)
2022-08-09 13:50:18,806 [pool-834-thread-1] INFO  segmented.SegmentedRaftLogWorker (SegmentedRaftLogWorker.java:<init>(187)) - new om1@group-C5BA1605619E-SegmentedRaftLogWorker for RaftStorageImpl:Storage Directory /home/runner/work/ozone/ozone/hadoop-ozone/integration-test/target/test-dir/MiniOzoneClusterImpl-a5f63cd0-adde-411c-a334-77d0cb0a7b46/ozone-meta/ratis/bf265839-605b-3f16-9796-c5ba1605619e
2022-08-09 13:50:18,806 [pool-834-thread-1] INFO  server.RaftServerConfigKeys (ConfUtils.java:logGet(46)) - raft.server.log.queue.byte-limit = 64MB (=67108864) (default)
2022-08-09 13:50:18,806 [pool-834-thread-1] INFO  server.RaftServerConfigKeys (ConfUtils.java:logGet(46)) - raft.server.log.queue.element-limit = 4096 (default)
2022-08-09 13:50:18,806 [pool-834-thread-1] INFO  server.RaftServerConfigKeys (ConfUtils.java:logGet(46)) - raft.server.log.segment.size.max = 4194304 (custom)
2022-08-09 13:50:18,806 [pool-834-thread-1] INFO  server.RaftServerConfigKeys (ConfUtils.java:logGet(46)) - raft.server.log.preallocated.size = 4194304 (custom)
2022-08-09 13:50:18,806 [pool-834-thread-1] INFO  server.RaftServerConfigKeys (ConfUtils.java:logGet(46)) - raft.server.log.force.sync.num = 128 (default)
2022-08-09 13:50:18,806 [pool-834-thread-1] INFO  server.RaftServerConfigKeys (ConfUtils.java:logGet(46)) - raft.server.log.statemachine.data.sync = true (default)
2022-08-09 13:50:18,806 [pool-834-thread-1] INFO  server.RaftServerConfigKeys (ConfUtils.java:logGet(46)) - raft.server.log.statemachine.data.sync.timeout = 10s (default)
2022-08-09 13:50:18,806 [pool-834-thread-1] INFO  server.RaftServerConfigKeys (ConfUtils.java:logGet(46)) - raft.server.log.statemachine.data.sync.timeout.retry = -1 (default)
2022-08-09 13:50:18,842 [pool-834-thread-1] INFO  server.RaftServerConfigKeys (ConfUtils.java:logGet(46)) - raft.server.log.write.buffer.size = 64KB (=65536) (default)
2022-08-09 13:50:18,842 [pool-834-thread-1] INFO  server.RaftServerConfigKeys (ConfUtils.java:logGet(46)) - raft.server.log.unsafe-flush.enabled = false (default)
2022-08-09 13:50:18,842 [pool-834-thread-1] INFO  server.RaftServerConfigKeys (ConfUtils.java:logGet(46)) - raft.server.log.statemachine.data.caching.enabled = false (default)
2022-08-09 13:50:18,842 [pool-834-thread-1] INFO  segmented.SegmentedRaftLogWorker (SegmentedRaftLogWorker.java:lambda$new$0(135)) - om1@group-C5BA1605619E-SegmentedRaftLogWorker: flushIndex: setUnconditionally 0 -> -1
2022-08-09 13:50:18,842 [pool-834-thread-1] INFO  segmented.SegmentedRaftLogWorker (SegmentedRaftLogWorker.java:lambda$new$0(135)) - om1@group-C5BA1605619E-SegmentedRaftLogWorker: safeCacheEvictIndex: setUnconditionally 0 -> -1
2022-08-09 13:50:18,854 [pool-834-thread-1] INFO  server.RaftServerConfigKeys (ConfUtils.java:logGet(46)) - raft.server.snapshot.auto.trigger.enabled = true (custom)
2022-08-09 13:50:18,854 [pool-834-thread-1] INFO  server.RaftServerConfigKeys (ConfUtils.java:logGet(46)) - raft.server.snapshot.auto.trigger.threshold = 400000 (default)
2022-08-09 13:50:18,854 [pool-834-thread-1] INFO  server.RaftServerConfigKeys (ConfUtils.java:logGet(46)) - raft.server.snapshot.retention.file.num = -1 (default)
2022-08-09 13:50:18,854 [pool-834-thread-1] INFO  server.RaftServerConfigKeys (ConfUtils.java:logGet(46)) - raft.server.log.purge.upto.snapshot.index = true (custom)
2022-08-09 13:50:18,854 [pool-834-thread-1] INFO  server.RaftServerConfigKeys (ConfUtils.java:logGet(46)) - raft.server.retrycache.expirytime = 300s (custom)
2022-08-09 13:50:18,854 [pool-834-thread-1] INFO  server.RaftServerConfigKeys (ConfUtils.java:logGet(46)) - raft.server.retrycache.statistics.expirytime = 100μs (default)
2022-08-09 13:50:18,855 [pool-834-thread-1] INFO  server.RaftServerConfigKeys (ConfUtils.java:logGet(46)) - raft.server.log.appender.install.snapshot.enabled = false (custom)
2022-08-09 13:50:18,855 [pool-834-thread-1] INFO  server.RaftServerConfigKeys (ConfUtils.java:logGet(46)) - raft.server.threadpool.server.cached = true (default)
2022-08-09 13:50:18,855 [pool-834-thread-1] INFO  server.RaftServerConfigKeys (ConfUtils.java:logGet(46)) - raft.server.threadpool.server.size = 0 (default)
2022-08-09 13:50:18,855 [pool-834-thread-1] INFO  server.RaftServerConfigKeys (ConfUtils.java:logGet(46)) - raft.server.threadpool.client.cached = true (default)
2022-08-09 13:50:18,855 [pool-834-thread-1] INFO  server.RaftServerConfigKeys (ConfUtils.java:logGet(46)) - raft.server.threadpool.client.size = 0 (default)
2022-08-09 13:50:19,358 [Finalizer] WARN  managed.ManagedRocksObjectUtils (ManagedRocksObjectUtils.java:assertClosed(39)) - ManagedColumnFamilyOptions is not closed properly
2022-08-09 13:50:19,358 [Finalizer] WARN  managed.ManagedRocksObjectUtils (ManagedRocksObjectUtils.java:assertClosed(39)) - ManagedColumnFamilyOptions is not closed properly
2022-08-09 13:50:19,358 [Finalizer] WARN  managed.ManagedRocksObjectUtils (ManagedRocksObjectUtils.java:assertClosed(39)) - ManagedColumnFamilyOptions is not closed properly
2022-08-09 13:50:19,358 [Finalizer] WARN  managed.ManagedRocksObjectUtils (ManagedRocksObjectUtils.java:assertClosed(39)) - ManagedColumnFamilyOptions is not closed properly
2022-08-09 13:50:19,358 [Finalizer] WARN  managed.ManagedRocksObjectUtils (ManagedRocksObjectUtils.java:assertClosed(39)) - ManagedColumnFamilyOptions is not closed properly
2022-08-09 13:50:19,358 [Finalizer] WARN  managed.ManagedRocksObjectUtils (ManagedRocksObjectUtils.java:assertClosed(39)) - ManagedColumnFamilyOptions is not closed properly
2022-08-09 13:50:19,358 [Finalizer] WARN  managed.ManagedRocksObjectUtils (ManagedRocksObjectUtils.java:assertClosed(39)) - ManagedColumnFamilyOptions is not closed properly
2022-08-09 13:50:19,358 [Finalizer] WARN  managed.ManagedRocksObjectUtils (ManagedRocksObjectUtils.java:assertClosed(39)) - ManagedColumnFamilyOptions is not closed properly
2022-08-09 13:50:19,358 [Finalizer] WARN  managed.ManagedRocksObjectUtils (ManagedRocksObjectUtils.java:assertClosed(39)) - ManagedColumnFamilyOptions is not closed properly
2022-08-09 13:50:19,358 [Finalizer] WARN  managed.ManagedRocksObjectUtils (ManagedRocksObjectUtils.java:assertClosed(39)) - ManagedColumnFamilyOptions is not closed properly
2022-08-09 13:50:19,358 [Finalizer] WARN  managed.ManagedRocksObjectUtils (ManagedRocksObjectUtils.java:assertClosed(39)) - ManagedColumnFamilyOptions is not closed properly
2022-08-09 13:50:19,358 [Finalizer] WARN  managed.ManagedRocksObjectUtils (ManagedRocksObjectUtils.java:assertClosed(39)) - ManagedColumnFamilyOptions is not closed properly
2022-08-09 13:50:19,358 [Finalizer] WARN  managed.ManagedRocksObjectUtils (ManagedRocksObjectUtils.java:assertClosed(39)) - ManagedColumnFamilyOptions is not closed properly
2022-08-09 13:50:19,358 [Finalizer] WARN  managed.ManagedRocksObjectUtils (ManagedRocksObjectUtils.java:assertClosed(39)) - ManagedColumnFamilyOptions is not closed properly
2022-08-09 13:50:19,358 [Finalizer] WARN  managed.ManagedRocksObjectUtils (ManagedRocksObjectUtils.java:assertClosed(39)) - ManagedColumnFamilyOptions is not closed properly
2022-08-09 13:50:19,359 [Finalizer] WARN  managed.ManagedRocksObjectUtils (ManagedRocksObjectUtils.java:assertClosed(39)) - ManagedColumnFamilyOptions is not closed properly
2022-08-09 13:50:19,359 [Finalizer] WARN  managed.ManagedRocksObjectUtils (ManagedRocksObjectUtils.java:assertClosed(39)) - ManagedColumnFamilyOptions is not closed properly
2022-08-09 13:50:19,359 [Finalizer] WARN  managed.ManagedRocksObjectUtils (ManagedRocksObjectUtils.java:assertClosed(39)) - ManagedColumnFamilyOptions is not closed properly
2022-08-09 13:50:19,359 [Finalizer] WARN  managed.ManagedRocksObjectUtils (ManagedRocksObjectUtils.java:assertClosed(39)) - ManagedColumnFamilyOptions is not closed properly
2022-08-09 13:50:19,359 [Finalizer] WARN  managed.ManagedRocksObjectUtils (ManagedRocksObjectUtils.java:assertClosed(39)) - ManagedColumnFamilyOptions is not closed properly
2022-08-09 13:50:19,359 [Finalizer] WARN  managed.ManagedRocksObjectUtils (ManagedRocksObjectUtils.java:assertClosed(39)) - ManagedColumnFamilyOptions is not closed properly
2022-08-09 13:50:20,137 [Listener at 0.0.0.0/37017] INFO  reflections.Reflections (Reflections.java:scan(232)) - Reflections took 1355 ms to scan 19 urls, producing 67 keys and 4147 values [using 2 cores]
2022-08-09 13:50:20,140 [Listener at 0.0.0.0/37017] INFO  ipc.CallQueueManager (CallQueueManager.java:<init>(90)) - Using callQueue: class java.util.concurrent.LinkedBlockingQueue, queueCapacity: 2000, scheduler: class org.apache.hadoop.ipc.DefaultRpcScheduler, ipcBackoff: false.
2022-08-09 13:50:20,145 [Socket Reader #1 for port 0] INFO  ipc.Server (Server.java:run(1265)) - Starting Socket Reader #1 for port 0
2022-08-09 13:50:20,231 [Listener at 127.0.0.1/45023] INFO  impl.MetricsSystemImpl (MetricsSystemImpl.java:init(158)) - OzoneManager metrics system started (again)
2022-08-09 13:50:20,335 [Listener at 127.0.0.1/45023] INFO  om.OzoneManager (OzoneManager.java:start(1470)) - OzoneManager RPC server is listening at localhost/127.0.0.1:45023
2022-08-09 13:50:20,335 [Listener at 127.0.0.1/45023] INFO  ratis.OzoneManagerRatisServer (OzoneManagerRatisServer.java:start(554)) - Starting OzoneManagerRatisServer om1 at port 9872
2022-08-09 13:50:20,335 [om1-impl-thread1] INFO  server.RaftServer$Division (RaftServerImpl.java:start(310)) - om1@group-C5BA1605619E: start as a follower, conf=-1: [om1|rpc:localhost:9872|priority:0], old=null
2022-08-09 13:50:20,335 [om1-impl-thread1] INFO  server.RaftServer$Division (RaftServerImpl.java:setRole(299)) - om1@group-C5BA1605619E: changes role from      null to FOLLOWER at term 0 for startAsFollower
2022-08-09 13:50:20,336 [om1-impl-thread1] INFO  impl.RoleInfo (RoleInfo.java:updateAndGet(139)) - om1: start om1@group-C5BA1605619E-FollowerState
2022-08-09 13:50:20,372 [om1-impl-thread1] INFO  util.JmxRegister (JmxRegister.java:tryRegister(44)) - Successfully registered JMX Bean with object name Ratis:service=RaftServer,group=group-C5BA1605619E,id=om1
2022-08-09 13:50:20,376 [Listener at 127.0.0.1/45023] INFO  server.RaftServer (RaftServerProxy.java:lambda$start$6(382)) - om1: start RPC server
2022-08-09 13:50:20,434 [Listener at 127.0.0.1/45023] INFO  server.GrpcService (GrpcService.java:startImpl(260)) - om1: GrpcService started, listening on 9872
2022-08-09 13:50:20,435 [Listener at 127.0.0.1/45023] INFO  om.OzoneManager (OzoneManager.java:start(1486)) - Version File has different layout version (3) than OM DB (null). That is expected if this OM has never been finalized to a newer layout version.
2022-08-09 13:50:20,454 [Listener at 127.0.0.1/45023] INFO  http.BaseHttpServer (BaseHttpServer.java:newHttpServer2BuilderForOzone(209)) - Starting Web-server for ozoneManager at: http://0.0.0.0:0
2022-08-09 13:50:20,454 [Listener at 127.0.0.1/45023] INFO  http.BaseHttpServer (BaseHttpServer.java:<init>(107)) - Hadoop Security Enabled: false Ozone Security Enabled: false Ozone HTTP Security Enabled: false 
2022-08-09 13:50:20,467 [org.apache.ratis.util.JvmPauseMonitor$$Lambda$615/629946574@2aa0622a] INFO  util.JvmPauseMonitor (JvmPauseMonitor.java:run(103)) - JvmPauseMonitor-om1: Started
2022-08-09 13:50:20,471 [Listener at 127.0.0.1/45023] INFO  server.AuthenticationFilter (AuthenticationFilter.java:constructSecretProvider(240)) - Unable to initialize FileSignerSecretProvider, falling back to use random secrets.
2022-08-09 13:50:20,509 [Listener at 127.0.0.1/45023] WARN  http.HttpRequestLog (HttpRequestLog.java:getRequestLog(103)) - Jetty request log can only be enabled using Log4j
2022-08-09 13:50:20,511 [Listener at 127.0.0.1/45023] INFO  http.HttpServer2 (HttpServer2.java:addGlobalFilter(1029)) - Added global filter 'safety' (class=org.apache.hadoop.hdds.server.http.HttpServer2$QuotingInputFilter)
2022-08-09 13:50:20,511 [Listener at 127.0.0.1/45023] INFO  http.HttpServer2 (HttpServer2.java:addFilter(1005)) - Added filter static_user_filter (class=org.apache.hadoop.http.lib.StaticUserWebFilter$StaticUserFilter) to context ozoneManager
2022-08-09 13:50:20,511 [Listener at 127.0.0.1/45023] INFO  http.HttpServer2 (HttpServer2.java:addFilter(1013)) - Added filter static_user_filter (class=org.apache.hadoop.http.lib.StaticUserWebFilter$StaticUserFilter) to context logs
2022-08-09 13:50:20,511 [Listener at 127.0.0.1/45023] INFO  http.HttpServer2 (HttpServer2.java:addFilter(1013)) - Added filter static_user_filter (class=org.apache.hadoop.http.lib.StaticUserWebFilter$StaticUserFilter) to context static
2022-08-09 13:50:20,512 [Listener at 127.0.0.1/45023] INFO  http.HttpServer2 (HttpServer2.java:bindListener(1248)) - Jetty bound to port 40569
2022-08-09 13:50:20,512 [Listener at 127.0.0.1/45023] INFO  server.Server (Server.java:doStart(375)) - jetty-9.4.43.v20210629; built: 2021-06-30T11:07:22.254Z; git: 526006ecfa3af7f1a27ef3a288e2bef7ea9dd7e8; jvm 1.8.0_332-b09
2022-08-09 13:50:20,592 [Listener at 127.0.0.1/45023] INFO  server.session (DefaultSessionIdManager.java:doStart(334)) - DefaultSessionIdManager workerName=node0
2022-08-09 13:50:20,592 [Listener at 127.0.0.1/45023] INFO  server.session (DefaultSessionIdManager.java:doStart(339)) - No SessionScavenger set, using defaults
2022-08-09 13:50:20,593 [Listener at 127.0.0.1/45023] INFO  server.session (HouseKeeper.java:startScavenging(132)) - node0 Scavenging every 600000ms
2022-08-09 13:50:20,605 [Listener at 127.0.0.1/45023] INFO  handler.ContextHandler (ContextHandler.java:doStart(915)) - Started o.e.j.s.ServletContextHandler@79337388{logs,/logs,file:///home/runner/work/ozone/ozone/hadoop-ozone/integration-test/target/log,AVAILABLE}
2022-08-09 13:50:20,606 [Listener at 127.0.0.1/45023] INFO  handler.ContextHandler (ContextHandler.java:doStart(915)) - Started o.e.j.s.ServletContextHandler@70b2109c{static,/static,file:///home/runner/work/ozone/ozone/hadoop-ozone/integration-test/target/test-classes/webapps/static,AVAILABLE}
2022-08-09 13:50:20,608 [Listener at 127.0.0.1/45023] INFO  handler.ContextHandler (ContextHandler.java:doStart(915)) - Started o.e.j.w.WebAppContext@255072c1{ozoneManager,/,file:///home/runner/work/ozone/ozone/hadoop-ozone/integration-test/target/test-classes/webapps/ozoneManager/,AVAILABLE}{file:/home/runner/work/ozone/ozone/hadoop-ozone/integration-test/target/test-classes/webapps/ozoneManager}
2022-08-09 13:50:20,617 [Listener at 127.0.0.1/45023] INFO  server.AbstractConnector (AbstractConnector.java:doStart(331)) - Started ServerConnector@121b2820{HTTP/1.1, (http/1.1)}{0.0.0.0:40569}
2022-08-09 13:50:20,617 [Listener at 127.0.0.1/45023] INFO  server.Server (Server.java:doStart(415)) - Started @207352ms
2022-08-09 13:50:20,617 [Listener at 127.0.0.1/45023] WARN  impl.MetricsSystemImpl (MetricsSystemImpl.java:register(279)) - Sink prometheus already exists!
2022-08-09 13:50:20,621 [Listener at 127.0.0.1/45023] INFO  http.BaseHttpServer (BaseHttpServer.java:updateConnectorAddress(329)) - HTTP server of ozoneManager listening at http://0.0.0.0:40569
2022-08-09 13:50:20,649 [IPC Server Responder] INFO  ipc.Server (Server.java:run(1507)) - IPC Server Responder: starting
2022-08-09 13:50:20,659 [IPC Server listener on 0] INFO  ipc.Server (Server.java:run(1344)) - IPC Server listener on 0: starting
2022-08-09 13:50:20,671 [Listener at 127.0.0.1/45023] INFO  om.TrashPolicyOzone (TrashPolicyOzone.java:<init>(178)) - Ozone Manager trash configuration: Deletion interval = 0 minutes, Emptier interval = 0 minutes.
2022-08-09 13:50:20,708 [Listener at 127.0.0.1/45023] WARN  impl.MetricRegistriesImpl (MetricRegistriesImpl.java:addReporterRegistration(111)) - New reporters are added after registries were created. Some metrics will be missing from the reporter. Please add reporter before adding any new registry.
2022-08-09 13:50:20,709 [Listener at 127.0.0.1/45023] WARN  impl.MetricRegistriesImpl (MetricRegistriesImpl.java:addReporterRegistration(111)) - New reporters are added after registries were created. Some metrics will be missing from the reporter. Please add reporter before adding any new registry.
2022-08-09 13:50:20,709 [Listener at 127.0.0.1/45023] INFO  impl.MetricsSystemImpl (MetricsSystemImpl.java:init(158)) - HddsDatanode metrics system started (again)
2022-08-09 13:50:20,713 [org.apache.hadoop.util.JvmPauseMonitor$Monitor@5d1dab38] INFO  util.JvmPauseMonitor (JvmPauseMonitor.java:run(188)) - Starting JVM pause monitor
2022-08-09 13:50:20,802 [Listener at 127.0.0.1/45023] INFO  ozone.HddsDatanodeService (HddsDatanodeService.java:start(236)) - HddsDatanodeService host:fv-az450-466.jnfmftgkylze5hd05chtbp1i0a.dx.internal.cloudapp.net ip:10.1.0.19
2022-08-09 13:50:20,877 [Listener at 127.0.0.1/45023] INFO  upgrade.AbstractLayoutVersionManager (AbstractLayoutVersionManager.java:init(83)) - Initializing Layout version manager with metadata layout = DATANODE_SCHEMA_V3 (version = 4), software layout = DATANODE_SCHEMA_V3 (version = 4)
2022-08-09 13:50:21,011 [Listener at 127.0.0.1/45023] INFO  reflections.Reflections (Reflections.java:scan(232)) - Reflections took 132 ms to scan 7 urls, producing 132 keys and 321 values 
2022-08-09 13:50:21,012 [Listener at 127.0.0.1/45023] INFO  statemachine.DatanodeStateMachine (DatanodeStateMachine.java:getEndPointTaskThreadPoolSize(237)) - Datanode State Machine Task Thread Pool size 2
2022-08-09 13:50:21,022 [Listener at 127.0.0.1/45023] INFO  volume.HddsVolume (HddsVolume.java:<init>(116)) - Creating HddsVolume: /home/runner/work/ozone/ozone/hadoop-ozone/integration-test/target/test-dir/MiniOzoneClusterImpl-a5f63cd0-adde-411c-a334-77d0cb0a7b46/datanode-0/data-0/containers/hdds of storage type : DISK capacity : 9223372036854775807
2022-08-09 13:50:21,022 [Listener at 127.0.0.1/45023] INFO  volume.MutableVolumeSet (MutableVolumeSet.java:initializeVolumeSet(174)) - Added Volume : /home/runner/work/ozone/ozone/hadoop-ozone/integration-test/target/test-dir/MiniOzoneClusterImpl-a5f63cd0-adde-411c-a334-77d0cb0a7b46/datanode-0/data-0/containers/hdds to VolumeSet
2022-08-09 13:50:21,022 [Listener at 127.0.0.1/45023] INFO  volume.ThrottledAsyncChecker (ThrottledAsyncChecker.java:schedule(141)) - Scheduling a check for /home/runner/work/ozone/ozone/hadoop-ozone/integration-test/target/test-dir/MiniOzoneClusterImpl-a5f63cd0-adde-411c-a334-77d0cb0a7b46/datanode-0/data-0/containers/hdds
2022-08-09 13:50:21,044 [Listener at 127.0.0.1/45023] INFO  volume.StorageVolumeChecker (StorageVolumeChecker.java:checkAllVolumes(202)) - Scheduled health check for volume /home/runner/work/ozone/ozone/hadoop-ozone/integration-test/target/test-dir/MiniOzoneClusterImpl-a5f63cd0-adde-411c-a334-77d0cb0a7b46/datanode-0/data-0/containers/hdds
2022-08-09 13:50:21,055 [Listener at 127.0.0.1/45023] INFO  volume.MutableVolumeSet (MutableVolumeSet.java:initializeVolumeSet(174)) - Added Volume : /home/runner/work/ozone/ozone/hadoop-ozone/integration-test/target/test-dir/MiniOzoneClusterImpl-a5f63cd0-adde-411c-a334-77d0cb0a7b46/datanode-0/data/ratis to VolumeSet
2022-08-09 13:50:21,056 [Listener at 127.0.0.1/45023] INFO  volume.ThrottledAsyncChecker (ThrottledAsyncChecker.java:schedule(141)) - Scheduling a check for /home/runner/work/ozone/ozone/hadoop-ozone/integration-test/target/test-dir/MiniOzoneClusterImpl-a5f63cd0-adde-411c-a334-77d0cb0a7b46/datanode-0/data/ratis
2022-08-09 13:50:21,056 [Listener at 127.0.0.1/45023] INFO  volume.StorageVolumeChecker (StorageVolumeChecker.java:checkAllVolumes(202)) - Scheduled health check for volume /home/runner/work/ozone/ozone/hadoop-ozone/integration-test/target/test-dir/MiniOzoneClusterImpl-a5f63cd0-adde-411c-a334-77d0cb0a7b46/datanode-0/data/ratis
2022-08-09 13:50:21,146 [Thread-1628] INFO  ozoneimpl.ContainerReader (ContainerReader.java:readVolume(175)) - Finish verifying containers on volume /home/runner/work/ozone/ozone/hadoop-ozone/integration-test/target/test-dir/MiniOzoneClusterImpl-a5f63cd0-adde-411c-a334-77d0cb0a7b46/datanode-0/data-0/containers/hdds
2022-08-09 13:50:21,149 [Listener at 127.0.0.1/45023] INFO  ozoneimpl.OzoneContainer (OzoneContainer.java:buildContainerSet(299)) - Build ContainerSet costs 0s
2022-08-09 13:50:21,151 [Listener at 127.0.0.1/45023] INFO  server.RaftServer (ConfUtils.java:logGet(46)) - raft.rpc.type = GRPC (default)
2022-08-09 13:50:21,151 [Listener at 127.0.0.1/45023] INFO  grpc.GrpcFactory (GrpcFactory.java:checkPooledByteBufAllocatorUseCacheForAllThreads(48)) - PERFORMANCE WARNING: useCacheForAllThreads is true that may cause Netty to create a lot garbage objects and, as a result, trigger GC.
	It is recommended to disable useCacheForAllThreads by setting -Dorg.apache.ratis.thirdparty.io.netty.allocator.useCacheForAllThreads=false in command line.
2022-08-09 13:50:21,152 [Listener at 127.0.0.1/45023] INFO  grpc.GrpcConfigKeys (ConfUtils.java:logGet(46)) - raft.grpc.admin.port = 0 (custom)
2022-08-09 13:50:21,152 [Listener at 127.0.0.1/45023] INFO  grpc.GrpcConfigKeys (ConfUtils.java:logGet(46)) - raft.grpc.client.port = 0 (custom)
2022-08-09 13:50:21,152 [Listener at 127.0.0.1/45023] INFO  grpc.GrpcConfigKeys (ConfUtils.java:logGet(46)) - raft.grpc.server.port = 0 (default)
2022-08-09 13:50:21,152 [Listener at 127.0.0.1/45023] INFO  server.GrpcService (ConfUtils.java:logGet(46)) - raft.grpc.message.size.max = 32MB (=33554432) (custom)
2022-08-09 13:50:21,152 [Listener at 127.0.0.1/45023] INFO  server.RaftServerConfigKeys (ConfUtils.java:logGet(46)) - raft.server.log.appender.buffer.byte-limit = 33554432 (custom)
2022-08-09 13:50:21,152 [Listener at 127.0.0.1/45023] INFO  server.GrpcService (ConfUtils.java:logGet(46)) - raft.grpc.flow.control.window = 5MB (=5242880) (custom)
2022-08-09 13:50:21,152 [Listener at 127.0.0.1/45023] INFO  server.RaftServerConfigKeys (ConfUtils.java:logGet(46)) - raft.server.rpc.request.timeout = 60s (custom)
2022-08-09 13:50:21,152 [Listener at 127.0.0.1/45023] INFO  grpc.GrpcConfigKeys (ConfUtils.java:logGet(46)) - raft.grpc.server.async.request.thread.pool.cached = true (default)
2022-08-09 13:50:21,152 [Listener at 127.0.0.1/45023] INFO  grpc.GrpcConfigKeys (ConfUtils.java:logGet(46)) - raft.grpc.server.async.request.thread.pool.size = 32 (default)
2022-08-09 13:50:21,153 [Listener at 127.0.0.1/45023] INFO  impl.DataStreamServerImpl (ConfUtils.java:logGet(46)) - raft.datastream.type = DISABLED (default)
2022-08-09 13:50:21,154 [Listener at 127.0.0.1/45023] INFO  server.RaftServerConfigKeys (ConfUtils.java:logGet(46)) - raft.server.threadpool.proxy.cached = true (default)
2022-08-09 13:50:21,154 [Listener at 127.0.0.1/45023] INFO  server.RaftServerConfigKeys (ConfUtils.java:logGet(46)) - raft.server.threadpool.proxy.size = 0 (default)
2022-08-09 13:50:21,154 [Listener at 127.0.0.1/45023] INFO  server.RaftServerConfigKeys (ConfUtils.java:logGet(46)) - raft.server.rpc.slowness.timeout = 300s (custom)
2022-08-09 13:50:21,154 [Listener at 127.0.0.1/45023] INFO  server.RaftServerConfigKeys (ConfUtils.java:logGet(46)) - raft.server.leaderelection.leader.step-down.wait-time = 10s (default)
2022-08-09 13:50:21,154 [Listener at 127.0.0.1/45023] INFO  server.RaftServerConfigKeys (ConfUtils.java:logGet(46)) - raft.server.storage.dir = [/home/runner/work/ozone/ozone/hadoop-ozone/integration-test/target/test-dir/MiniOzoneClusterImpl-a5f63cd0-adde-411c-a334-77d0cb0a7b46/datanode-0/data/ratis] (custom)
2022-08-09 13:50:21,165 [Listener at 127.0.0.1/45023] INFO  server.XceiverServerGrpc (XceiverServerGrpc.java:<init>(132)) - GrpcServer channel type EpollServerSocketChannel
2022-08-09 13:50:21,428 [Finalizer] WARN  managed.ManagedRocksObjectUtils (ManagedRocksObjectUtils.java:assertClosed(39)) - ManagedColumnFamilyOptions is not closed properly
2022-08-09 13:50:21,429 [Finalizer] WARN  managed.ManagedRocksObjectUtils (ManagedRocksObjectUtils.java:assertClosed(39)) - ManagedColumnFamilyOptions is not closed properly
2022-08-09 13:50:21,429 [Finalizer] WARN  managed.ManagedRocksObjectUtils (ManagedRocksObjectUtils.java:assertClosed(39)) - ManagedColumnFamilyOptions is not closed properly
2022-08-09 13:50:21,429 [Finalizer] WARN  managed.ManagedRocksObjectUtils (ManagedRocksObjectUtils.java:assertClosed(39)) - ManagedColumnFamilyOptions is not closed properly
2022-08-09 13:50:21,429 [Finalizer] WARN  managed.ManagedRocksObjectUtils (ManagedRocksObjectUtils.java:assertClosed(39)) - Checkpoint is not closed properly
2022-08-09 13:50:21,429 [Finalizer] WARN  managed.ManagedRocksObjectUtils (ManagedRocksObjectUtils.java:assertClosed(39)) - Checkpoint is not closed properly
2022-08-09 13:50:21,429 [Finalizer] WARN  managed.ManagedRocksObjectUtils (ManagedRocksObjectUtils.java:assertClosed(39)) - Checkpoint is not closed properly
2022-08-09 13:50:21,429 [Finalizer] WARN  managed.ManagedRocksObjectUtils (ManagedRocksObjectUtils.java:assertClosed(39)) - Checkpoint is not closed properly
2022-08-09 13:50:21,429 [Finalizer] WARN  managed.ManagedRocksObjectUtils (ManagedRocksObjectUtils.java:assertClosed(39)) - Checkpoint is not closed properly
2022-08-09 13:50:21,429 [Finalizer] WARN  managed.ManagedRocksObjectUtils (ManagedRocksObjectUtils.java:assertClosed(39)) - Checkpoint is not closed properly
2022-08-09 13:50:21,429 [Finalizer] WARN  managed.ManagedRocksObjectUtils (ManagedRocksObjectUtils.java:assertClosed(39)) - Checkpoint is not closed properly
2022-08-09 13:50:21,429 [Finalizer] WARN  managed.ManagedRocksObjectUtils (ManagedRocksObjectUtils.java:assertClosed(39)) - Checkpoint is not closed properly
2022-08-09 13:50:21,429 [Finalizer] WARN  managed.ManagedRocksObjectUtils (ManagedRocksObjectUtils.java:assertClosed(39)) - Checkpoint is not closed properly
2022-08-09 13:50:21,429 [Finalizer] WARN  managed.ManagedRocksObjectUtils (ManagedRocksObjectUtils.java:assertClosed(39)) - Checkpoint is not closed properly
2022-08-09 13:50:21,429 [Finalizer] WARN  managed.ManagedRocksObjectUtils (ManagedRocksObjectUtils.java:assertClosed(39)) - Checkpoint is not closed properly
2022-08-09 13:50:21,429 [Finalizer] WARN  managed.ManagedRocksObjectUtils (ManagedRocksObjectUtils.java:assertClosed(39)) - Checkpoint is not closed properly
2022-08-09 13:50:21,429 [Finalizer] WARN  managed.ManagedRocksObjectUtils (ManagedRocksObjectUtils.java:assertClosed(39)) - Checkpoint is not closed properly
2022-08-09 13:50:21,429 [Finalizer] WARN  managed.ManagedRocksObjectUtils (ManagedRocksObjectUtils.java:assertClosed(39)) - Checkpoint is not closed properly
2022-08-09 13:50:21,429 [Finalizer] WARN  managed.ManagedRocksObjectUtils (ManagedRocksObjectUtils.java:assertClosed(39)) - Checkpoint is not closed properly
2022-08-09 13:50:21,429 [Finalizer] WARN  managed.ManagedRocksObjectUtils (ManagedRocksObjectUtils.java:assertClosed(39)) - Checkpoint is not closed properly
2022-08-09 13:50:21,429 [Finalizer] WARN  managed.ManagedRocksObjectUtils (ManagedRocksObjectUtils.java:assertClosed(39)) - Checkpoint is not closed properly
2022-08-09 13:50:21,430 [Finalizer] WARN  managed.ManagedRocksObjectUtils (ManagedRocksObjectUtils.java:assertClosed(39)) - Checkpoint is not closed properly
2022-08-09 13:50:21,430 [Finalizer] WARN  managed.ManagedRocksObjectUtils (ManagedRocksObjectUtils.java:assertClosed(39)) - Checkpoint is not closed properly
2022-08-09 13:50:21,430 [Finalizer] WARN  managed.ManagedRocksObjectUtils (ManagedRocksObjectUtils.java:assertClosed(39)) - Checkpoint is not closed properly
2022-08-09 13:50:21,430 [Finalizer] WARN  managed.ManagedRocksObjectUtils (ManagedRocksObjectUtils.java:assertClosed(39)) - Checkpoint is not closed properly
2022-08-09 13:50:21,430 [Finalizer] WARN  managed.ManagedRocksObjectUtils (ManagedRocksObjectUtils.java:assertClosed(39)) - Checkpoint is not closed properly
2022-08-09 13:50:21,430 [Finalizer] WARN  managed.ManagedRocksObjectUtils (ManagedRocksObjectUtils.java:assertClosed(39)) - Checkpoint is not closed properly
2022-08-09 13:50:21,430 [Finalizer] WARN  managed.ManagedRocksObjectUtils (ManagedRocksObjectUtils.java:assertClosed(39)) - Checkpoint is not closed properly
2022-08-09 13:50:21,430 [Finalizer] WARN  managed.ManagedRocksObjectUtils (ManagedRocksObjectUtils.java:assertClosed(39)) - Checkpoint is not closed properly
2022-08-09 13:50:21,430 [Finalizer] WARN  managed.ManagedRocksObjectUtils (ManagedRocksObjectUtils.java:assertClosed(39)) - Checkpoint is not closed properly
2022-08-09 13:50:21,430 [Finalizer] WARN  managed.ManagedRocksObjectUtils (ManagedRocksObjectUtils.java:assertClosed(39)) - Checkpoint is not closed properly
2022-08-09 13:50:21,430 [Finalizer] WARN  managed.ManagedRocksObjectUtils (ManagedRocksObjectUtils.java:assertClosed(39)) - Checkpoint is not closed properly
2022-08-09 13:50:21,430 [Finalizer] WARN  managed.ManagedRocksObjectUtils (ManagedRocksObjectUtils.java:assertClosed(39)) - Checkpoint is not closed properly
2022-08-09 13:50:21,430 [Finalizer] WARN  managed.ManagedRocksObjectUtils (ManagedRocksObjectUtils.java:assertClosed(39)) - Checkpoint is not closed properly
2022-08-09 13:50:21,451 [Listener at 127.0.0.1/45023] INFO  http.BaseHttpServer (BaseHttpServer.java:newHttpServer2BuilderForOzone(209)) - Starting Web-server for hddsDatanode at: http://0.0.0.0:0
2022-08-09 13:50:21,451 [Listener at 127.0.0.1/45023] INFO  http.BaseHttpServer (BaseHttpServer.java:<init>(107)) - Hadoop Security Enabled: false Ozone Security Enabled: false Ozone HTTP Security Enabled: false 
2022-08-09 13:50:21,452 [Listener at 127.0.0.1/45023] INFO  server.AuthenticationFilter (AuthenticationFilter.java:constructSecretProvider(240)) - Unable to initialize FileSignerSecretProvider, falling back to use random secrets.
2022-08-09 13:50:21,462 [Listener at 127.0.0.1/45023] WARN  http.HttpRequestLog (HttpRequestLog.java:getRequestLog(103)) - Jetty request log can only be enabled using Log4j
2022-08-09 13:50:21,463 [Listener at 127.0.0.1/45023] INFO  http.HttpServer2 (HttpServer2.java:addGlobalFilter(1029)) - Added global filter 'safety' (class=org.apache.hadoop.hdds.server.http.HttpServer2$QuotingInputFilter)
2022-08-09 13:50:21,463 [Listener at 127.0.0.1/45023] INFO  http.HttpServer2 (HttpServer2.java:addFilter(1005)) - Added filter static_user_filter (class=org.apache.hadoop.http.lib.StaticUserWebFilter$StaticUserFilter) to context hddsDatanode
2022-08-09 13:50:21,463 [Listener at 127.0.0.1/45023] INFO  http.HttpServer2 (HttpServer2.java:addFilter(1013)) - Added filter static_user_filter (class=org.apache.hadoop.http.lib.StaticUserWebFilter$StaticUserFilter) to context logs
2022-08-09 13:50:21,463 [Listener at 127.0.0.1/45023] INFO  http.HttpServer2 (HttpServer2.java:addFilter(1013)) - Added filter static_user_filter (class=org.apache.hadoop.http.lib.StaticUserWebFilter$StaticUserFilter) to context static
2022-08-09 13:50:21,464 [Listener at 127.0.0.1/45023] INFO  http.HttpServer2 (HttpServer2.java:bindListener(1248)) - Jetty bound to port 42823
2022-08-09 13:50:21,464 [Listener at 127.0.0.1/45023] INFO  server.Server (Server.java:doStart(375)) - jetty-9.4.43.v20210629; built: 2021-06-30T11:07:22.254Z; git: 526006ecfa3af7f1a27ef3a288e2bef7ea9dd7e8; jvm 1.8.0_332-b09
2022-08-09 13:50:21,479 [Listener at 127.0.0.1/45023] INFO  server.session (DefaultSessionIdManager.java:doStart(334)) - DefaultSessionIdManager workerName=node0
2022-08-09 13:50:21,479 [Listener at 127.0.0.1/45023] INFO  server.session (DefaultSessionIdManager.java:doStart(339)) - No SessionScavenger set, using defaults
2022-08-09 13:50:21,479 [Listener at 127.0.0.1/45023] INFO  server.session (HouseKeeper.java:startScavenging(132)) - node0 Scavenging every 600000ms
2022-08-09 13:50:21,480 [Listener at 127.0.0.1/45023] INFO  handler.ContextHandler (ContextHandler.java:doStart(915)) - Started o.e.j.s.ServletContextHandler@65c5e4f1{logs,/logs,file:///home/runner/work/ozone/ozone/hadoop-ozone/integration-test/target/log,AVAILABLE}
2022-08-09 13:50:21,480 [Listener at 127.0.0.1/45023] INFO  handler.ContextHandler (ContextHandler.java:doStart(915)) - Started o.e.j.s.ServletContextHandler@463a766{static,/static,jar:file:/home/runner/.m2/repository/org/apache/ozone/hdds-container-service/1.3.0-SNAPSHOT/hdds-container-service-1.3.0-SNAPSHOT.jar!/webapps/static,AVAILABLE}
2022-08-09 13:50:21,525 [om1@group-C5BA1605619E-FollowerState] INFO  impl.FollowerState (FollowerState.java:run(143)) - om1@group-C5BA1605619E-FollowerState: change to CANDIDATE, lastRpcElapsedTime:1189308908ns, electionTimeout:1148ms
2022-08-09 13:50:21,525 [om1@group-C5BA1605619E-FollowerState] INFO  impl.RoleInfo (RoleInfo.java:shutdownFollowerState(110)) - om1: shutdown om1@group-C5BA1605619E-FollowerState
2022-08-09 13:50:21,525 [om1@group-C5BA1605619E-FollowerState] INFO  server.RaftServer$Division (RaftServerImpl.java:setRole(299)) - om1@group-C5BA1605619E: changes role from  FOLLOWER to CANDIDATE at term 0 for changeToCandidate
2022-08-09 13:50:21,525 [om1@group-C5BA1605619E-FollowerState] INFO  server.RaftServerConfigKeys (ConfUtils.java:logGet(46)) - raft.server.leaderelection.pre-vote = false (custom)
2022-08-09 13:50:21,525 [om1@group-C5BA1605619E-FollowerState] INFO  impl.RoleInfo (RoleInfo.java:updateAndGet(139)) - om1: start om1@group-C5BA1605619E-LeaderElection43
2022-08-09 13:50:21,560 [om1@group-C5BA1605619E-LeaderElection43] INFO  impl.LeaderElection (LeaderElection.java:askForVotes(310)) - om1@group-C5BA1605619E-LeaderElection43 ELECTION round 0: submit vote requests at term 1 for -1: [om1|rpc:localhost:9872|priority:0], old=null
2022-08-09 13:50:21,560 [om1@group-C5BA1605619E-LeaderElection43] INFO  impl.LeaderElection (LeaderElection.java:askForVotes(312)) - om1@group-C5BA1605619E-LeaderElection43 ELECTION round 0: result PASSED (term=1)
2022-08-09 13:50:21,560 [om1@group-C5BA1605619E-LeaderElection43] INFO  impl.RoleInfo (RoleInfo.java:shutdownLeaderElection(130)) - om1: shutdown om1@group-C5BA1605619E-LeaderElection43
2022-08-09 13:50:21,560 [om1@group-C5BA1605619E-LeaderElection43] INFO  server.RaftServer$Division (RaftServerImpl.java:setRole(299)) - om1@group-C5BA1605619E: changes role from CANDIDATE to LEADER at term 1 for changeToLeader
2022-08-09 13:50:21,560 [om1@group-C5BA1605619E-LeaderElection43] INFO  server.RaftServer$Division (ServerState.java:setLeader(287)) - om1@group-C5BA1605619E: change Leader from null to om1 at term 1 for becomeLeader, leader elected after 2762ms
2022-08-09 13:50:21,560 [om1@group-C5BA1605619E-LeaderElection43] INFO  server.RaftServerConfigKeys (ConfUtils.java:logGet(46)) - raft.server.staging.catchup.gap = 1000 (default)
2022-08-09 13:50:21,574 [om1@group-C5BA1605619E-LeaderElection43] INFO  server.RaftServerConfigKeys (ConfUtils.java:logGet(46)) - raft.server.write.element-limit = 4096 (default)
2022-08-09 13:50:21,574 [om1@group-C5BA1605619E-LeaderElection43] INFO  server.RaftServerConfigKeys (ConfUtils.java:logGet(46)) - raft.server.write.byte-limit = 64MB (=67108864) (default)
2022-08-09 13:50:21,575 [om1@group-C5BA1605619E-LeaderElection43] INFO  server.RaftServerConfigKeys (ConfUtils.java:logGet(46)) - raft.server.watch.timeout = 10s (default)
2022-08-09 13:50:21,575 [om1@group-C5BA1605619E-LeaderElection43] INFO  server.RaftServerConfigKeys (ConfUtils.java:logGet(46)) - raft.server.watch.timeout.denomination = 1s (default)
2022-08-09 13:50:21,575 [om1@group-C5BA1605619E-LeaderElection43] INFO  server.RaftServerConfigKeys (ConfUtils.java:logGet(46)) - raft.server.watch.element-limit = 65536 (default)
2022-08-09 13:50:21,575 [om1@group-C5BA1605619E-LeaderElection43] INFO  server.RaftServerConfigKeys (ConfUtils.java:logGet(46)) - raft.server.write.element-limit = 4096 (default)
2022-08-09 13:50:21,575 [om1@group-C5BA1605619E-LeaderElection43] INFO  server.RaftServerConfigKeys (ConfUtils.java:logGet(46)) - raft.server.write.follower.gap.ratio.max = -1.0 (default)
2022-08-09 13:50:21,575 [om1@group-C5BA1605619E-LeaderElection43] INFO  impl.RoleInfo (RoleInfo.java:updateAndGet(139)) - om1: start om1@group-C5BA1605619E-LeaderStateImpl
2022-08-09 13:50:21,575 [om1@group-C5BA1605619E-LeaderElection43] INFO  segmented.SegmentedRaftLogWorker (SegmentedRaftLogWorker.java:startLogSegment(425)) - om1@group-C5BA1605619E-SegmentedRaftLogWorker: Starting segment from index:0
2022-08-09 13:50:21,613 [om1@group-C5BA1605619E-SegmentedRaftLogWorker] INFO  segmented.SegmentedRaftLogWorker (SegmentedRaftLogWorker.java:execute(629)) - om1@group-C5BA1605619E-SegmentedRaftLogWorker: created new log segment /home/runner/work/ozone/ozone/hadoop-ozone/integration-test/target/test-dir/MiniOzoneClusterImpl-a5f63cd0-adde-411c-a334-77d0cb0a7b46/ozone-meta/ratis/bf265839-605b-3f16-9796-c5ba1605619e/current/log_inprogress_0
2022-08-09 13:50:21,617 [om1@group-C5BA1605619E-LeaderElection43] INFO  server.RaftServer$Division (ServerState.java:setRaftConf(393)) - om1@group-C5BA1605619E: set configuration 0: [om1|rpc:localhost:9872|admin:|client:|dataStream:|priority:0], old=null
2022-08-09 13:50:21,622 [om1@group-C5BA1605619E-StateMachineUpdater] INFO  ratis.OzoneManagerStateMachine (OzoneManagerStateMachine.java:notifyConfigurationChanged(192)) - Received Configuration change notification from Ratis. New Peer list:
[id: "om1"
address: "localhost:9872"
]
2022-08-09 13:50:22,112 [Listener at 127.0.0.1/45023] INFO  handler.ContextHandler (ContextHandler.java:doStart(915)) - Started o.e.j.w.WebAppContext@2eecccff{hddsDatanode,/,file:///tmp/jetty-0_0_0_0-42823-hdds-container-service-1_3_0-SNAPSHOT_jar-_-any-6210693802123842979/webapp/,AVAILABLE}{jar:file:/home/runner/.m2/repository/org/apache/ozone/hdds-container-service/1.3.0-SNAPSHOT/hdds-container-service-1.3.0-SNAPSHOT.jar!/webapps/hddsDatanode}
2022-08-09 13:50:22,144 [Listener at 127.0.0.1/45023] INFO  server.AbstractConnector (AbstractConnector.java:doStart(331)) - Started ServerConnector@9470ab3{HTTP/1.1, (http/1.1)}{0.0.0.0:42823}
2022-08-09 13:50:22,145 [Listener at 127.0.0.1/45023] INFO  server.Server (Server.java:doStart(415)) - Started @208879ms
2022-08-09 13:50:22,145 [Listener at 127.0.0.1/45023] WARN  impl.MetricsSystemImpl (MetricsSystemImpl.java:register(279)) - Sink prometheus already exists!
2022-08-09 13:50:22,145 [Listener at 127.0.0.1/45023] INFO  http.BaseHttpServer (BaseHttpServer.java:updateConnectorAddress(329)) - HTTP server of hddsDatanode listening at http://0.0.0.0:42823
2022-08-09 13:50:22,165 [Datanode State Machine Daemon Thread] INFO  statemachine.DatanodeStateMachine (DatanodeStateMachine.java:lambda$startDaemon$0(492)) - Ozone container server started.
2022-08-09 13:50:22,185 [org.apache.hadoop.util.JvmPauseMonitor$Monitor@3ddd7206] INFO  util.JvmPauseMonitor (JvmPauseMonitor.java:run(188)) - Starting JVM pause monitor
2022-08-09 13:50:22,201 [Listener at 127.0.0.1/45023] WARN  impl.MetricRegistriesImpl (MetricRegistriesImpl.java:addReporterRegistration(111)) - New reporters are added after registries were created. Some metrics will be missing from the reporter. Please add reporter before adding any new registry.
2022-08-09 13:50:22,201 [Listener at 127.0.0.1/45023] WARN  impl.MetricRegistriesImpl (MetricRegistriesImpl.java:addReporterRegistration(111)) - New reporters are added after registries were created. Some metrics will be missing from the reporter. Please add reporter before adding any new registry.
2022-08-09 13:50:22,201 [Listener at 127.0.0.1/45023] INFO  impl.MetricsSystemImpl (MetricsSystemImpl.java:init(158)) - HddsDatanode metrics system started (again)
2022-08-09 13:50:22,215 [Datanode State Machine Task Thread - 0] INFO  datanode.InitDatanodeState (InitDatanodeState.java:persistContainerDatanodeDetails(138)) - DatanodeDetails is persisted to /home/runner/work/ozone/ozone/hadoop-ozone/integration-test/target/test-dir/MiniOzoneClusterImpl-a5f63cd0-adde-411c-a334-77d0cb0a7b46/datanode-0/meta/datanode.id
2022-08-09 13:50:22,221 [Listener at 127.0.0.1/45023] INFO  ozone.HddsDatanodeService (HddsDatanodeService.java:start(236)) - HddsDatanodeService host:fv-az450-466.jnfmftgkylze5hd05chtbp1i0a.dx.internal.cloudapp.net ip:10.1.0.19
2022-08-09 13:50:22,270 [Listener at 127.0.0.1/45023] INFO  upgrade.AbstractLayoutVersionManager (AbstractLayoutVersionManager.java:init(83)) - Initializing Layout version manager with metadata layout = DATANODE_SCHEMA_V3 (version = 4), software layout = DATANODE_SCHEMA_V3 (version = 4)
2022-08-09 13:50:22,388 [Listener at 127.0.0.1/45023] INFO  reflections.Reflections (Reflections.java:scan(232)) - Reflections took 117 ms to scan 7 urls, producing 132 keys and 321 values 
2022-08-09 13:50:22,398 [Listener at 127.0.0.1/45023] INFO  statemachine.DatanodeStateMachine (DatanodeStateMachine.java:getEndPointTaskThreadPoolSize(237)) - Datanode State Machine Task Thread Pool size 2
2022-08-09 13:50:22,400 [Listener at 127.0.0.1/45023] INFO  volume.HddsVolume (HddsVolume.java:<init>(116)) - Creating HddsVolume: /home/runner/work/ozone/ozone/hadoop-ozone/integration-test/target/test-dir/MiniOzoneClusterImpl-a5f63cd0-adde-411c-a334-77d0cb0a7b46/datanode-1/data-0/containers/hdds of storage type : DISK capacity : 9223372036854775807
2022-08-09 13:50:22,400 [Listener at 127.0.0.1/45023] INFO  volume.MutableVolumeSet (MutableVolumeSet.java:initializeVolumeSet(174)) - Added Volume : /home/runner/work/ozone/ozone/hadoop-ozone/integration-test/target/test-dir/MiniOzoneClusterImpl-a5f63cd0-adde-411c-a334-77d0cb0a7b46/datanode-1/data-0/containers/hdds to VolumeSet
2022-08-09 13:50:22,400 [Listener at 127.0.0.1/45023] INFO  volume.ThrottledAsyncChecker (ThrottledAsyncChecker.java:schedule(141)) - Scheduling a check for /home/runner/work/ozone/ozone/hadoop-ozone/integration-test/target/test-dir/MiniOzoneClusterImpl-a5f63cd0-adde-411c-a334-77d0cb0a7b46/datanode-1/data-0/containers/hdds
2022-08-09 13:50:22,426 [Listener at 127.0.0.1/45023] INFO  volume.StorageVolumeChecker (StorageVolumeChecker.java:checkAllVolumes(202)) - Scheduled health check for volume /home/runner/work/ozone/ozone/hadoop-ozone/integration-test/target/test-dir/MiniOzoneClusterImpl-a5f63cd0-adde-411c-a334-77d0cb0a7b46/datanode-1/data-0/containers/hdds
2022-08-09 13:50:22,456 [Listener at 127.0.0.1/45023] INFO  volume.MutableVolumeSet (MutableVolumeSet.java:initializeVolumeSet(174)) - Added Volume : /home/runner/work/ozone/ozone/hadoop-ozone/integration-test/target/test-dir/MiniOzoneClusterImpl-a5f63cd0-adde-411c-a334-77d0cb0a7b46/datanode-1/data/ratis to VolumeSet
2022-08-09 13:50:22,456 [Listener at 127.0.0.1/45023] INFO  volume.ThrottledAsyncChecker (ThrottledAsyncChecker.java:schedule(141)) - Scheduling a check for /home/runner/work/ozone/ozone/hadoop-ozone/integration-test/target/test-dir/MiniOzoneClusterImpl-a5f63cd0-adde-411c-a334-77d0cb0a7b46/datanode-1/data/ratis
2022-08-09 13:50:22,456 [Listener at 127.0.0.1/45023] INFO  volume.StorageVolumeChecker (StorageVolumeChecker.java:checkAllVolumes(202)) - Scheduled health check for volume /home/runner/work/ozone/ozone/hadoop-ozone/integration-test/target/test-dir/MiniOzoneClusterImpl-a5f63cd0-adde-411c-a334-77d0cb0a7b46/datanode-1/data/ratis
2022-08-09 13:50:22,528 [Thread-1643] INFO  ozoneimpl.ContainerReader (ContainerReader.java:readVolume(175)) - Finish verifying containers on volume /home/runner/work/ozone/ozone/hadoop-ozone/integration-test/target/test-dir/MiniOzoneClusterImpl-a5f63cd0-adde-411c-a334-77d0cb0a7b46/datanode-1/data-0/containers/hdds
2022-08-09 13:50:22,528 [Listener at 127.0.0.1/45023] INFO  ozoneimpl.OzoneContainer (OzoneContainer.java:buildContainerSet(299)) - Build ContainerSet costs 0s
2022-08-09 13:50:22,530 [Listener at 127.0.0.1/45023] INFO  server.RaftServer (ConfUtils.java:logGet(46)) - raft.rpc.type = GRPC (default)
2022-08-09 13:50:22,530 [Listener at 127.0.0.1/45023] INFO  grpc.GrpcFactory (GrpcFactory.java:checkPooledByteBufAllocatorUseCacheForAllThreads(48)) - PERFORMANCE WARNING: useCacheForAllThreads is true that may cause Netty to create a lot garbage objects and, as a result, trigger GC.
	It is recommended to disable useCacheForAllThreads by setting -Dorg.apache.ratis.thirdparty.io.netty.allocator.useCacheForAllThreads=false in command line.
2022-08-09 13:50:22,530 [Listener at 127.0.0.1/45023] INFO  grpc.GrpcConfigKeys (ConfUtils.java:logGet(46)) - raft.grpc.admin.port = 0 (custom)
2022-08-09 13:50:22,530 [Listener at 127.0.0.1/45023] INFO  grpc.GrpcConfigKeys (ConfUtils.java:logGet(46)) - raft.grpc.client.port = 0 (custom)
2022-08-09 13:50:22,531 [Listener at 127.0.0.1/45023] INFO  grpc.GrpcConfigKeys (ConfUtils.java:logGet(46)) - raft.grpc.server.port = 0 (default)
2022-08-09 13:50:22,531 [Listener at 127.0.0.1/45023] INFO  server.GrpcService (ConfUtils.java:logGet(46)) - raft.grpc.message.size.max = 32MB (=33554432) (custom)
2022-08-09 13:50:22,531 [Listener at 127.0.0.1/45023] INFO  server.RaftServerConfigKeys (ConfUtils.java:logGet(46)) - raft.server.log.appender.buffer.byte-limit = 33554432 (custom)
2022-08-09 13:50:22,531 [Listener at 127.0.0.1/45023] INFO  server.GrpcService (ConfUtils.java:logGet(46)) - raft.grpc.flow.control.window = 5MB (=5242880) (custom)
2022-08-09 13:50:22,531 [Listener at 127.0.0.1/45023] INFO  server.RaftServerConfigKeys (ConfUtils.java:logGet(46)) - raft.server.rpc.request.timeout = 60s (custom)
2022-08-09 13:50:22,531 [Listener at 127.0.0.1/45023] INFO  grpc.GrpcConfigKeys (ConfUtils.java:logGet(46)) - raft.grpc.server.async.request.thread.pool.cached = true (default)
2022-08-09 13:50:22,531 [Listener at 127.0.0.1/45023] INFO  grpc.GrpcConfigKeys (ConfUtils.java:logGet(46)) - raft.grpc.server.async.request.thread.pool.size = 32 (default)
2022-08-09 13:50:22,532 [Listener at 127.0.0.1/45023] INFO  impl.DataStreamServerImpl (ConfUtils.java:logGet(46)) - raft.datastream.type = DISABLED (default)
2022-08-09 13:50:22,532 [Listener at 127.0.0.1/45023] INFO  server.RaftServerConfigKeys (ConfUtils.java:logGet(46)) - raft.server.threadpool.proxy.cached = true (default)
2022-08-09 13:50:22,532 [Listener at 127.0.0.1/45023] INFO  server.RaftServerConfigKeys (ConfUtils.java:logGet(46)) - raft.server.threadpool.proxy.size = 0 (default)
2022-08-09 13:50:22,533 [Listener at 127.0.0.1/45023] INFO  server.RaftServerConfigKeys (ConfUtils.java:logGet(46)) - raft.server.rpc.slowness.timeout = 300s (custom)
2022-08-09 13:50:22,533 [Listener at 127.0.0.1/45023] INFO  server.RaftServerConfigKeys (ConfUtils.java:logGet(46)) - raft.server.leaderelection.leader.step-down.wait-time = 10s (default)
2022-08-09 13:50:22,533 [Listener at 127.0.0.1/45023] INFO  server.RaftServerConfigKeys (ConfUtils.java:logGet(46)) - raft.server.storage.dir = [/home/runner/work/ozone/ozone/hadoop-ozone/integration-test/target/test-dir/MiniOzoneClusterImpl-a5f63cd0-adde-411c-a334-77d0cb0a7b46/datanode-1/data/ratis] (custom)
2022-08-09 13:50:22,534 [Listener at 127.0.0.1/45023] INFO  server.XceiverServerGrpc (XceiverServerGrpc.java:<init>(132)) - GrpcServer channel type EpollServerSocketChannel
2022-08-09 13:50:22,543 [Listener at 127.0.0.1/45023] INFO  http.BaseHttpServer (BaseHttpServer.java:newHttpServer2BuilderForOzone(209)) - Starting Web-server for hddsDatanode at: http://0.0.0.0:0
2022-08-09 13:50:22,544 [Listener at 127.0.0.1/45023] INFO  http.BaseHttpServer (BaseHttpServer.java:<init>(107)) - Hadoop Security Enabled: false Ozone Security Enabled: false Ozone HTTP Security Enabled: false 
2022-08-09 13:50:22,544 [Listener at 127.0.0.1/45023] INFO  server.AuthenticationFilter (AuthenticationFilter.java:constructSecretProvider(240)) - Unable to initialize FileSignerSecretProvider, falling back to use random secrets.
2022-08-09 13:50:22,548 [Listener at 127.0.0.1/45023] WARN  http.HttpRequestLog (HttpRequestLog.java:getRequestLog(103)) - Jetty request log can only be enabled using Log4j
2022-08-09 13:50:22,549 [Listener at 127.0.0.1/45023] INFO  http.HttpServer2 (HttpServer2.java:addGlobalFilter(1029)) - Added global filter 'safety' (class=org.apache.hadoop.hdds.server.http.HttpServer2$QuotingInputFilter)
2022-08-09 13:50:22,549 [Listener at 127.0.0.1/45023] INFO  http.HttpServer2 (HttpServer2.java:addFilter(1005)) - Added filter static_user_filter (class=org.apache.hadoop.http.lib.StaticUserWebFilter$StaticUserFilter) to context hddsDatanode
2022-08-09 13:50:22,549 [Listener at 127.0.0.1/45023] INFO  http.HttpServer2 (HttpServer2.java:addFilter(1013)) - Added filter static_user_filter (class=org.apache.hadoop.http.lib.StaticUserWebFilter$StaticUserFilter) to context logs
2022-08-09 13:50:22,549 [Listener at 127.0.0.1/45023] INFO  http.HttpServer2 (HttpServer2.java:addFilter(1013)) - Added filter static_user_filter (class=org.apache.hadoop.http.lib.StaticUserWebFilter$StaticUserFilter) to context static
2022-08-09 13:50:22,550 [Listener at 127.0.0.1/45023] INFO  http.HttpServer2 (HttpServer2.java:bindListener(1248)) - Jetty bound to port 34197
2022-08-09 13:50:22,550 [Listener at 127.0.0.1/45023] INFO  server.Server (Server.java:doStart(375)) - jetty-9.4.43.v20210629; built: 2021-06-30T11:07:22.254Z; git: 526006ecfa3af7f1a27ef3a288e2bef7ea9dd7e8; jvm 1.8.0_332-b09
2022-08-09 13:50:22,551 [Listener at 127.0.0.1/45023] INFO  server.session (DefaultSessionIdManager.java:doStart(334)) - DefaultSessionIdManager workerName=node0
2022-08-09 13:50:22,551 [Listener at 127.0.0.1/45023] INFO  server.session (DefaultSessionIdManager.java:doStart(339)) - No SessionScavenger set, using defaults
2022-08-09 13:50:22,551 [Listener at 127.0.0.1/45023] INFO  server.session (HouseKeeper.java:startScavenging(132)) - node0 Scavenging every 600000ms
2022-08-09 13:50:22,552 [Listener at 127.0.0.1/45023] INFO  handler.ContextHandler (ContextHandler.java:doStart(915)) - Started o.e.j.s.ServletContextHandler@5c126571{logs,/logs,file:///home/runner/work/ozone/ozone/hadoop-ozone/integration-test/target/log,AVAILABLE}
2022-08-09 13:50:22,552 [Listener at 127.0.0.1/45023] INFO  handler.ContextHandler (ContextHandler.java:doStart(915)) - Started o.e.j.s.ServletContextHandler@51d4f2c7{static,/static,jar:file:/home/runner/.m2/repository/org/apache/ozone/hdds-container-service/1.3.0-SNAPSHOT/hdds-container-service-1.3.0-SNAPSHOT.jar!/webapps/static,AVAILABLE}
2022-08-09 13:50:22,977 [Listener at 127.0.0.1/45023] INFO  handler.ContextHandler (ContextHandler.java:doStart(915)) - Started o.e.j.w.WebAppContext@64bfcb1f{hddsDatanode,/,file:///tmp/jetty-0_0_0_0-34197-hdds-container-service-1_3_0-SNAPSHOT_jar-_-any-1783574614449932149/webapp/,AVAILABLE}{jar:file:/home/runner/.m2/repository/org/apache/ozone/hdds-container-service/1.3.0-SNAPSHOT/hdds-container-service-1.3.0-SNAPSHOT.jar!/webapps/hddsDatanode}
2022-08-09 13:50:23,001 [Listener at 127.0.0.1/45023] INFO  server.AbstractConnector (AbstractConnector.java:doStart(331)) - Started ServerConnector@60b929b2{HTTP/1.1, (http/1.1)}{0.0.0.0:34197}
2022-08-09 13:50:23,001 [Listener at 127.0.0.1/45023] INFO  server.Server (Server.java:doStart(415)) - Started @209736ms
2022-08-09 13:50:23,001 [Listener at 127.0.0.1/45023] WARN  impl.MetricsSystemImpl (MetricsSystemImpl.java:register(279)) - Sink prometheus already exists!
2022-08-09 13:50:23,002 [Listener at 127.0.0.1/45023] INFO  http.BaseHttpServer (BaseHttpServer.java:updateConnectorAddress(329)) - HTTP server of hddsDatanode listening at http://0.0.0.0:34197
2022-08-09 13:50:23,017 [Listener at 127.0.0.1/45023] WARN  impl.MetricRegistriesImpl (MetricRegistriesImpl.java:addReporterRegistration(111)) - New reporters are added after registries were created. Some metrics will be missing from the reporter. Please add reporter before adding any new registry.
2022-08-09 13:50:23,017 [Listener at 127.0.0.1/45023] WARN  impl.MetricRegistriesImpl (MetricRegistriesImpl.java:addReporterRegistration(111)) - New reporters are added after registries were created. Some metrics will be missing from the reporter. Please add reporter before adding any new registry.
2022-08-09 13:50:23,017 [Listener at 127.0.0.1/45023] INFO  impl.MetricsSystemImpl (MetricsSystemImpl.java:init(158)) - HddsDatanode metrics system started (again)
2022-08-09 13:50:23,029 [Datanode State Machine Daemon Thread] INFO  statemachine.DatanodeStateMachine (DatanodeStateMachine.java:lambda$startDaemon$0(492)) - Ozone container server started.
2022-08-09 13:50:23,048 [Listener at 127.0.0.1/45023] INFO  ozone.HddsDatanodeService (HddsDatanodeService.java:start(236)) - HddsDatanodeService host:fv-az450-466.jnfmftgkylze5hd05chtbp1i0a.dx.internal.cloudapp.net ip:10.1.0.19
2022-08-09 13:50:23,115 [org.apache.hadoop.util.JvmPauseMonitor$Monitor@4cbf5950] INFO  util.JvmPauseMonitor (JvmPauseMonitor.java:run(188)) - Starting JVM pause monitor
2022-08-09 13:50:23,117 [Datanode State Machine Task Thread - 0] INFO  datanode.InitDatanodeState (InitDatanodeState.java:persistContainerDatanodeDetails(138)) - DatanodeDetails is persisted to /home/runner/work/ozone/ozone/hadoop-ozone/integration-test/target/test-dir/MiniOzoneClusterImpl-a5f63cd0-adde-411c-a334-77d0cb0a7b46/datanode-1/meta/datanode.id
2022-08-09 13:50:23,162 [Listener at 127.0.0.1/45023] INFO  upgrade.AbstractLayoutVersionManager (AbstractLayoutVersionManager.java:init(83)) - Initializing Layout version manager with metadata layout = DATANODE_SCHEMA_V3 (version = 4), software layout = DATANODE_SCHEMA_V3 (version = 4)
2022-08-09 13:50:23,303 [Listener at 127.0.0.1/45023] INFO  reflections.Reflections (Reflections.java:scan(232)) - Reflections took 139 ms to scan 7 urls, producing 132 keys and 321 values 
2022-08-09 13:50:23,304 [Listener at 127.0.0.1/45023] INFO  statemachine.DatanodeStateMachine (DatanodeStateMachine.java:getEndPointTaskThreadPoolSize(237)) - Datanode State Machine Task Thread Pool size 2
2022-08-09 13:50:23,310 [Listener at 127.0.0.1/45023] INFO  volume.HddsVolume (HddsVolume.java:<init>(116)) - Creating HddsVolume: /home/runner/work/ozone/ozone/hadoop-ozone/integration-test/target/test-dir/MiniOzoneClusterImpl-a5f63cd0-adde-411c-a334-77d0cb0a7b46/datanode-2/data-0/containers/hdds of storage type : DISK capacity : 9223372036854775807
2022-08-09 13:50:23,310 [Listener at 127.0.0.1/45023] INFO  volume.MutableVolumeSet (MutableVolumeSet.java:initializeVolumeSet(174)) - Added Volume : /home/runner/work/ozone/ozone/hadoop-ozone/integration-test/target/test-dir/MiniOzoneClusterImpl-a5f63cd0-adde-411c-a334-77d0cb0a7b46/datanode-2/data-0/containers/hdds to VolumeSet
2022-08-09 13:50:23,310 [Listener at 127.0.0.1/45023] INFO  volume.ThrottledAsyncChecker (ThrottledAsyncChecker.java:schedule(141)) - Scheduling a check for /home/runner/work/ozone/ozone/hadoop-ozone/integration-test/target/test-dir/MiniOzoneClusterImpl-a5f63cd0-adde-411c-a334-77d0cb0a7b46/datanode-2/data-0/containers/hdds
2022-08-09 13:50:23,318 [Listener at 127.0.0.1/45023] INFO  volume.StorageVolumeChecker (StorageVolumeChecker.java:checkAllVolumes(202)) - Scheduled health check for volume /home/runner/work/ozone/ozone/hadoop-ozone/integration-test/target/test-dir/MiniOzoneClusterImpl-a5f63cd0-adde-411c-a334-77d0cb0a7b46/datanode-2/data-0/containers/hdds
2022-08-09 13:50:23,350 [Listener at 127.0.0.1/45023] INFO  volume.MutableVolumeSet (MutableVolumeSet.java:initializeVolumeSet(174)) - Added Volume : /home/runner/work/ozone/ozone/hadoop-ozone/integration-test/target/test-dir/MiniOzoneClusterImpl-a5f63cd0-adde-411c-a334-77d0cb0a7b46/datanode-2/data/ratis to VolumeSet
2022-08-09 13:50:23,350 [Listener at 127.0.0.1/45023] INFO  volume.ThrottledAsyncChecker (ThrottledAsyncChecker.java:schedule(141)) - Scheduling a check for /home/runner/work/ozone/ozone/hadoop-ozone/integration-test/target/test-dir/MiniOzoneClusterImpl-a5f63cd0-adde-411c-a334-77d0cb0a7b46/datanode-2/data/ratis
2022-08-09 13:50:23,374 [Listener at 127.0.0.1/45023] INFO  volume.StorageVolumeChecker (StorageVolumeChecker.java:checkAllVolumes(202)) - Scheduled health check for volume /home/runner/work/ozone/ozone/hadoop-ozone/integration-test/target/test-dir/MiniOzoneClusterImpl-a5f63cd0-adde-411c-a334-77d0cb0a7b46/datanode-2/data/ratis
2022-08-09 13:50:23,422 [Thread-1656] INFO  ozoneimpl.ContainerReader (ContainerReader.java:readVolume(175)) - Finish verifying containers on volume /home/runner/work/ozone/ozone/hadoop-ozone/integration-test/target/test-dir/MiniOzoneClusterImpl-a5f63cd0-adde-411c-a334-77d0cb0a7b46/datanode-2/data-0/containers/hdds
2022-08-09 13:50:23,422 [Listener at 127.0.0.1/45023] INFO  ozoneimpl.OzoneContainer (OzoneContainer.java:buildContainerSet(299)) - Build ContainerSet costs 0s
2022-08-09 13:50:23,424 [Listener at 127.0.0.1/45023] INFO  server.RaftServer (ConfUtils.java:logGet(46)) - raft.rpc.type = GRPC (default)
2022-08-09 13:50:23,424 [Listener at 127.0.0.1/45023] INFO  grpc.GrpcFactory (GrpcFactory.java:checkPooledByteBufAllocatorUseCacheForAllThreads(48)) - PERFORMANCE WARNING: useCacheForAllThreads is true that may cause Netty to create a lot garbage objects and, as a result, trigger GC.
	It is recommended to disable useCacheForAllThreads by setting -Dorg.apache.ratis.thirdparty.io.netty.allocator.useCacheForAllThreads=false in command line.
2022-08-09 13:50:23,424 [Listener at 127.0.0.1/45023] INFO  grpc.GrpcConfigKeys (ConfUtils.java:logGet(46)) - raft.grpc.admin.port = 0 (custom)
2022-08-09 13:50:23,424 [Listener at 127.0.0.1/45023] INFO  grpc.GrpcConfigKeys (ConfUtils.java:logGet(46)) - raft.grpc.client.port = 0 (custom)
2022-08-09 13:50:23,424 [Listener at 127.0.0.1/45023] INFO  grpc.GrpcConfigKeys (ConfUtils.java:logGet(46)) - raft.grpc.server.port = 0 (default)
2022-08-09 13:50:23,424 [Listener at 127.0.0.1/45023] INFO  server.GrpcService (ConfUtils.java:logGet(46)) - raft.grpc.message.size.max = 32MB (=33554432) (custom)
2022-08-09 13:50:23,424 [Listener at 127.0.0.1/45023] INFO  server.RaftServerConfigKeys (ConfUtils.java:logGet(46)) - raft.server.log.appender.buffer.byte-limit = 33554432 (custom)
2022-08-09 13:50:23,424 [Listener at 127.0.0.1/45023] INFO  server.GrpcService (ConfUtils.java:logGet(46)) - raft.grpc.flow.control.window = 5MB (=5242880) (custom)
2022-08-09 13:50:23,425 [Listener at 127.0.0.1/45023] INFO  server.RaftServerConfigKeys (ConfUtils.java:logGet(46)) - raft.server.rpc.request.timeout = 60s (custom)
2022-08-09 13:50:23,425 [Listener at 127.0.0.1/45023] INFO  grpc.GrpcConfigKeys (ConfUtils.java:logGet(46)) - raft.grpc.server.async.request.thread.pool.cached = true (default)
2022-08-09 13:50:23,425 [Listener at 127.0.0.1/45023] INFO  grpc.GrpcConfigKeys (ConfUtils.java:logGet(46)) - raft.grpc.server.async.request.thread.pool.size = 32 (default)
2022-08-09 13:50:23,426 [Listener at 127.0.0.1/45023] INFO  impl.DataStreamServerImpl (ConfUtils.java:logGet(46)) - raft.datastream.type = DISABLED (default)
2022-08-09 13:50:23,427 [Listener at 127.0.0.1/45023] INFO  server.RaftServerConfigKeys (ConfUtils.java:logGet(46)) - raft.server.threadpool.proxy.cached = true (default)
2022-08-09 13:50:23,427 [Listener at 127.0.0.1/45023] INFO  server.RaftServerConfigKeys (ConfUtils.java:logGet(46)) - raft.server.threadpool.proxy.size = 0 (default)
2022-08-09 13:50:23,427 [Listener at 127.0.0.1/45023] INFO  server.RaftServerConfigKeys (ConfUtils.java:logGet(46)) - raft.server.rpc.slowness.timeout = 300s (custom)
2022-08-09 13:50:23,427 [Listener at 127.0.0.1/45023] INFO  server.RaftServerConfigKeys (ConfUtils.java:logGet(46)) - raft.server.leaderelection.leader.step-down.wait-time = 10s (default)
2022-08-09 13:50:23,427 [Listener at 127.0.0.1/45023] INFO  server.RaftServerConfigKeys (ConfUtils.java:logGet(46)) - raft.server.storage.dir = [/home/runner/work/ozone/ozone/hadoop-ozone/integration-test/target/test-dir/MiniOzoneClusterImpl-a5f63cd0-adde-411c-a334-77d0cb0a7b46/datanode-2/data/ratis] (custom)
2022-08-09 13:50:23,430 [Listener at 127.0.0.1/45023] INFO  server.XceiverServerGrpc (XceiverServerGrpc.java:<init>(132)) - GrpcServer channel type EpollServerSocketChannel
2022-08-09 13:50:23,437 [Listener at 127.0.0.1/45023] INFO  http.BaseHttpServer (BaseHttpServer.java:newHttpServer2BuilderForOzone(209)) - Starting Web-server for hddsDatanode at: http://0.0.0.0:0
2022-08-09 13:50:23,438 [Listener at 127.0.0.1/45023] INFO  http.BaseHttpServer (BaseHttpServer.java:<init>(107)) - Hadoop Security Enabled: false Ozone Security Enabled: false Ozone HTTP Security Enabled: false 
2022-08-09 13:50:23,438 [Listener at 127.0.0.1/45023] INFO  server.AuthenticationFilter (AuthenticationFilter.java:constructSecretProvider(240)) - Unable to initialize FileSignerSecretProvider, falling back to use random secrets.
2022-08-09 13:50:23,460 [Listener at 127.0.0.1/45023] WARN  http.HttpRequestLog (HttpRequestLog.java:getRequestLog(103)) - Jetty request log can only be enabled using Log4j
2022-08-09 13:50:23,487 [Listener at 127.0.0.1/45023] INFO  http.HttpServer2 (HttpServer2.java:addGlobalFilter(1029)) - Added global filter 'safety' (class=org.apache.hadoop.hdds.server.http.HttpServer2$QuotingInputFilter)
2022-08-09 13:50:23,488 [Listener at 127.0.0.1/45023] INFO  http.HttpServer2 (HttpServer2.java:addFilter(1005)) - Added filter static_user_filter (class=org.apache.hadoop.http.lib.StaticUserWebFilter$StaticUserFilter) to context hddsDatanode
2022-08-09 13:50:23,488 [Listener at 127.0.0.1/45023] INFO  http.HttpServer2 (HttpServer2.java:addFilter(1013)) - Added filter static_user_filter (class=org.apache.hadoop.http.lib.StaticUserWebFilter$StaticUserFilter) to context logs
2022-08-09 13:50:23,488 [Listener at 127.0.0.1/45023] INFO  http.HttpServer2 (HttpServer2.java:addFilter(1013)) - Added filter static_user_filter (class=org.apache.hadoop.http.lib.StaticUserWebFilter$StaticUserFilter) to context static
2022-08-09 13:50:23,488 [Listener at 127.0.0.1/45023] INFO  http.HttpServer2 (HttpServer2.java:bindListener(1248)) - Jetty bound to port 34075
2022-08-09 13:50:23,489 [Listener at 127.0.0.1/45023] INFO  server.Server (Server.java:doStart(375)) - jetty-9.4.43.v20210629; built: 2021-06-30T11:07:22.254Z; git: 526006ecfa3af7f1a27ef3a288e2bef7ea9dd7e8; jvm 1.8.0_332-b09
2022-08-09 13:50:23,541 [Finalizer] WARN  managed.ManagedRocksObjectUtils (ManagedRocksObjectUtils.java:assertClosed(39)) - ManagedColumnFamilyOptions is not closed properly
2022-08-09 13:50:23,541 [Finalizer] WARN  managed.ManagedRocksObjectUtils (ManagedRocksObjectUtils.java:assertClosed(39)) - ManagedColumnFamilyOptions is not closed properly
2022-08-09 13:50:23,541 [Finalizer] WARN  managed.ManagedRocksObjectUtils (ManagedRocksObjectUtils.java:assertClosed(39)) - ManagedColumnFamilyOptions is not closed properly
2022-08-09 13:50:23,541 [Finalizer] WARN  managed.ManagedRocksObjectUtils (ManagedRocksObjectUtils.java:assertClosed(39)) - ManagedColumnFamilyOptions is not closed properly
2022-08-09 13:50:23,542 [Finalizer] WARN  managed.ManagedRocksObjectUtils (ManagedRocksObjectUtils.java:assertClosed(39)) - ManagedColumnFamilyOptions is not closed properly
2022-08-09 13:50:23,542 [Finalizer] WARN  managed.ManagedRocksObjectUtils (ManagedRocksObjectUtils.java:assertClosed(39)) - ManagedColumnFamilyOptions is not closed properly
2022-08-09 13:50:23,542 [Finalizer] WARN  managed.ManagedRocksObjectUtils (ManagedRocksObjectUtils.java:assertClosed(39)) - ManagedColumnFamilyOptions is not closed properly
2022-08-09 13:50:23,542 [Finalizer] WARN  managed.ManagedRocksObjectUtils (ManagedRocksObjectUtils.java:assertClosed(39)) - ManagedColumnFamilyOptions is not closed properly
2022-08-09 13:50:23,543 [Listener at 127.0.0.1/45023] INFO  server.session (DefaultSessionIdManager.java:doStart(334)) - DefaultSessionIdManager workerName=node0
2022-08-09 13:50:23,543 [Listener at 127.0.0.1/45023] INFO  server.session (DefaultSessionIdManager.java:doStart(339)) - No SessionScavenger set, using defaults
2022-08-09 13:50:23,543 [Listener at 127.0.0.1/45023] INFO  server.session (HouseKeeper.java:startScavenging(132)) - node0 Scavenging every 600000ms
2022-08-09 13:50:23,545 [Listener at 127.0.0.1/45023] INFO  handler.ContextHandler (ContextHandler.java:doStart(915)) - Started o.e.j.s.ServletContextHandler@7c9dba28{logs,/logs,file:///home/runner/work/ozone/ozone/hadoop-ozone/integration-test/target/log,AVAILABLE}
2022-08-09 13:50:23,546 [Listener at 127.0.0.1/45023] INFO  handler.ContextHandler (ContextHandler.java:doStart(915)) - Started o.e.j.s.ServletContextHandler@2ae3fe6{static,/static,jar:file:/home/runner/.m2/repository/org/apache/ozone/hdds-container-service/1.3.0-SNAPSHOT/hdds-container-service-1.3.0-SNAPSHOT.jar!/webapps/static,AVAILABLE}
2022-08-09 13:50:24,075 [Listener at 127.0.0.1/45023] INFO  handler.ContextHandler (ContextHandler.java:doStart(915)) - Started o.e.j.w.WebAppContext@7cb86c78{hddsDatanode,/,file:///tmp/jetty-0_0_0_0-34075-hdds-container-service-1_3_0-SNAPSHOT_jar-_-any-1039442076831135785/webapp/,AVAILABLE}{jar:file:/home/runner/.m2/repository/org/apache/ozone/hdds-container-service/1.3.0-SNAPSHOT/hdds-container-service-1.3.0-SNAPSHOT.jar!/webapps/hddsDatanode}
2022-08-09 13:50:24,093 [Listener at 127.0.0.1/45023] INFO  server.AbstractConnector (AbstractConnector.java:doStart(331)) - Started ServerConnector@66dbfa89{HTTP/1.1, (http/1.1)}{0.0.0.0:34075}
2022-08-09 13:50:24,093 [Listener at 127.0.0.1/45023] INFO  server.Server (Server.java:doStart(415)) - Started @210828ms
2022-08-09 13:50:24,093 [Listener at 127.0.0.1/45023] WARN  impl.MetricsSystemImpl (MetricsSystemImpl.java:register(279)) - Sink prometheus already exists!
2022-08-09 13:50:24,094 [Listener at 127.0.0.1/45023] INFO  http.BaseHttpServer (BaseHttpServer.java:updateConnectorAddress(329)) - HTTP server of hddsDatanode listening at http://0.0.0.0:34075
2022-08-09 13:50:24,101 [Listener at 127.0.0.1/45023] WARN  impl.MetricRegistriesImpl (MetricRegistriesImpl.java:addReporterRegistration(111)) - New reporters are added after registries were created. Some metrics will be missing from the reporter. Please add reporter before adding any new registry.
2022-08-09 13:50:24,101 [Listener at 127.0.0.1/45023] WARN  impl.MetricRegistriesImpl (MetricRegistriesImpl.java:addReporterRegistration(111)) - New reporters are added after registries were created. Some metrics will be missing from the reporter. Please add reporter before adding any new registry.
2022-08-09 13:50:24,101 [Listener at 127.0.0.1/45023] INFO  impl.MetricsSystemImpl (MetricsSystemImpl.java:init(158)) - HddsDatanode metrics system started (again)
2022-08-09 13:50:24,119 [Datanode State Machine Daemon Thread] INFO  statemachine.DatanodeStateMachine (DatanodeStateMachine.java:lambda$startDaemon$0(492)) - Ozone container server started.
2022-08-09 13:50:24,144 [org.apache.hadoop.util.JvmPauseMonitor$Monitor@11306d44] INFO  util.JvmPauseMonitor (JvmPauseMonitor.java:run(188)) - Starting JVM pause monitor
2022-08-09 13:50:24,145 [Datanode State Machine Task Thread - 0] INFO  datanode.InitDatanodeState (InitDatanodeState.java:persistContainerDatanodeDetails(138)) - DatanodeDetails is persisted to /home/runner/work/ozone/ozone/hadoop-ozone/integration-test/target/test-dir/MiniOzoneClusterImpl-a5f63cd0-adde-411c-a334-77d0cb0a7b46/datanode-2/meta/datanode.id
2022-08-09 13:50:24,161 [Listener at 127.0.0.1/45023] INFO  ozone.HddsDatanodeService (HddsDatanodeService.java:start(236)) - HddsDatanodeService host:fv-az450-466.jnfmftgkylze5hd05chtbp1i0a.dx.internal.cloudapp.net ip:10.1.0.19
2022-08-09 13:50:24,254 [Listener at 127.0.0.1/45023] INFO  upgrade.AbstractLayoutVersionManager (AbstractLayoutVersionManager.java:init(83)) - Initializing Layout version manager with metadata layout = DATANODE_SCHEMA_V3 (version = 4), software layout = DATANODE_SCHEMA_V3 (version = 4)
2022-08-09 13:50:24,328 [EndpointStateMachine task thread for /0.0.0.0:38209 - 0 ] INFO  volume.HddsVolume (HddsVolume.java:createDbStore(309)) - SchemaV3 db is created and loaded at /home/runner/work/ozone/ozone/hadoop-ozone/integration-test/target/test-dir/MiniOzoneClusterImpl-a5f63cd0-adde-411c-a334-77d0cb0a7b46/datanode-0/data-0/containers/hdds/a5f63cd0-adde-411c-a334-77d0cb0a7b46/DS-15fa8b5b-4114-458c-87c8-c97875560329/container.db for volume DS-15fa8b5b-4114-458c-87c8-c97875560329
2022-08-09 13:50:24,353 [EndpointStateMachine task thread for /0.0.0.0:38209 - 0 ] INFO  volume.HddsVolume (HddsVolume.java:closeDbStore(340)) - SchemaV3 db is stopped at /home/runner/work/ozone/ozone/hadoop-ozone/integration-test/target/test-dir/MiniOzoneClusterImpl-a5f63cd0-adde-411c-a334-77d0cb0a7b46/datanode-0/data-0/containers/hdds/a5f63cd0-adde-411c-a334-77d0cb0a7b46/DS-15fa8b5b-4114-458c-87c8-c97875560329/container.db for volume DS-15fa8b5b-4114-458c-87c8-c97875560329
2022-08-09 13:50:24,353 [EndpointStateMachine task thread for /0.0.0.0:38209 - 0 ] INFO  ozoneimpl.OzoneContainer (OzoneContainer.java:start(377)) - Attempting to start container services.
2022-08-09 13:50:24,354 [EndpointStateMachine task thread for /0.0.0.0:38209 - 0 ] INFO  ozoneimpl.OzoneContainer (OzoneContainer.java:startContainerScrub(312)) - Background container scanner has been disabled.
2022-08-09 13:50:24,357 [EndpointStateMachine task thread for /0.0.0.0:38209 - 0 ] INFO  replication.ReplicationServer (ReplicationServer.java:start(111)) - ReplicationServer is started using port 44867
2022-08-09 13:50:24,358 [EndpointStateMachine task thread for /0.0.0.0:38209 - 0 ] INFO  ratis.XceiverServerRatis (XceiverServerRatis.java:start(481)) - Starting XceiverServerRatis eda375c3-f1b4-45e6-ba42-67ae65a4fd55
2022-08-09 13:50:24,358 [EndpointStateMachine task thread for /0.0.0.0:38209 - 0 ] INFO  server.RaftServer (RaftServerProxy.java:lambda$start$6(382)) - eda375c3-f1b4-45e6-ba42-67ae65a4fd55: start RPC server
2022-08-09 13:50:24,377 [EndpointStateMachine task thread for /0.0.0.0:38209 - 0 ] INFO  server.GrpcService (GrpcService.java:startImpl(260)) - eda375c3-f1b4-45e6-ba42-67ae65a4fd55: GrpcService started, listening on 34243
2022-08-09 13:50:24,393 [EndpointStateMachine task thread for /0.0.0.0:38209 - 0 ] INFO  ratis.XceiverServerRatis (XceiverServerRatis.java:getRealPort(502)) - XceiverServerRatis eda375c3-f1b4-45e6-ba42-67ae65a4fd55 is started using port 34243 for RATIS
2022-08-09 13:50:24,393 [EndpointStateMachine task thread for /0.0.0.0:38209 - 0 ] INFO  ratis.XceiverServerRatis (XceiverServerRatis.java:getRealPort(502)) - XceiverServerRatis eda375c3-f1b4-45e6-ba42-67ae65a4fd55 is started using port 34243 for RATIS_ADMIN
2022-08-09 13:50:24,393 [EndpointStateMachine task thread for /0.0.0.0:38209 - 0 ] INFO  ratis.XceiverServerRatis (XceiverServerRatis.java:getRealPort(502)) - XceiverServerRatis eda375c3-f1b4-45e6-ba42-67ae65a4fd55 is started using port 34243 for RATIS_SERVER
2022-08-09 13:50:24,397 [org.apache.ratis.util.JvmPauseMonitor$$Lambda$615/629946574@1520dd98] INFO  util.JvmPauseMonitor (JvmPauseMonitor.java:run(103)) - JvmPauseMonitor-eda375c3-f1b4-45e6-ba42-67ae65a4fd55: Started
2022-08-09 13:50:24,487 [EndpointStateMachine task thread for /0.0.0.0:38209 - 0 ] INFO  server.XceiverServerGrpc (XceiverServerGrpc.java:start(180)) - XceiverServerGrpc eda375c3-f1b4-45e6-ba42-67ae65a4fd55 is started using port 43943
2022-08-09 13:50:24,492 [Listener at 127.0.0.1/45023] INFO  reflections.Reflections (Reflections.java:scan(232)) - Reflections took 237 ms to scan 7 urls, producing 132 keys and 321 values 
2022-08-09 13:50:24,493 [Listener at 127.0.0.1/45023] INFO  statemachine.DatanodeStateMachine (DatanodeStateMachine.java:getEndPointTaskThreadPoolSize(237)) - Datanode State Machine Task Thread Pool size 2
2022-08-09 13:50:24,494 [Listener at 127.0.0.1/45023] INFO  volume.HddsVolume (HddsVolume.java:<init>(116)) - Creating HddsVolume: /home/runner/work/ozone/ozone/hadoop-ozone/integration-test/target/test-dir/MiniOzoneClusterImpl-a5f63cd0-adde-411c-a334-77d0cb0a7b46/datanode-3/data-0/containers/hdds of storage type : DISK capacity : 9223372036854775807
2022-08-09 13:50:24,494 [Listener at 127.0.0.1/45023] INFO  volume.MutableVolumeSet (MutableVolumeSet.java:initializeVolumeSet(174)) - Added Volume : /home/runner/work/ozone/ozone/hadoop-ozone/integration-test/target/test-dir/MiniOzoneClusterImpl-a5f63cd0-adde-411c-a334-77d0cb0a7b46/datanode-3/data-0/containers/hdds to VolumeSet
2022-08-09 13:50:24,495 [Listener at 127.0.0.1/45023] INFO  volume.ThrottledAsyncChecker (ThrottledAsyncChecker.java:schedule(141)) - Scheduling a check for /home/runner/work/ozone/ozone/hadoop-ozone/integration-test/target/test-dir/MiniOzoneClusterImpl-a5f63cd0-adde-411c-a334-77d0cb0a7b46/datanode-3/data-0/containers/hdds
2022-08-09 13:50:24,513 [Listener at 127.0.0.1/45023] INFO  volume.StorageVolumeChecker (StorageVolumeChecker.java:checkAllVolumes(202)) - Scheduled health check for volume /home/runner/work/ozone/ozone/hadoop-ozone/integration-test/target/test-dir/MiniOzoneClusterImpl-a5f63cd0-adde-411c-a334-77d0cb0a7b46/datanode-3/data-0/containers/hdds
2022-08-09 13:50:24,548 [Listener at 127.0.0.1/45023] INFO  volume.MutableVolumeSet (MutableVolumeSet.java:initializeVolumeSet(174)) - Added Volume : /home/runner/work/ozone/ozone/hadoop-ozone/integration-test/target/test-dir/MiniOzoneClusterImpl-a5f63cd0-adde-411c-a334-77d0cb0a7b46/datanode-3/data/ratis to VolumeSet
2022-08-09 13:50:24,549 [Listener at 127.0.0.1/45023] INFO  volume.ThrottledAsyncChecker (ThrottledAsyncChecker.java:schedule(141)) - Scheduling a check for /home/runner/work/ozone/ozone/hadoop-ozone/integration-test/target/test-dir/MiniOzoneClusterImpl-a5f63cd0-adde-411c-a334-77d0cb0a7b46/datanode-3/data/ratis
2022-08-09 13:50:24,550 [Listener at 127.0.0.1/45023] INFO  volume.StorageVolumeChecker (StorageVolumeChecker.java:checkAllVolumes(202)) - Scheduled health check for volume /home/runner/work/ozone/ozone/hadoop-ozone/integration-test/target/test-dir/MiniOzoneClusterImpl-a5f63cd0-adde-411c-a334-77d0cb0a7b46/datanode-3/data/ratis
2022-08-09 13:50:24,560 [Thread-1675] INFO  ozoneimpl.ContainerReader (ContainerReader.java:readVolume(175)) - Finish verifying containers on volume /home/runner/work/ozone/ozone/hadoop-ozone/integration-test/target/test-dir/MiniOzoneClusterImpl-a5f63cd0-adde-411c-a334-77d0cb0a7b46/datanode-3/data-0/containers/hdds
2022-08-09 13:50:24,561 [Listener at 127.0.0.1/45023] INFO  ozoneimpl.OzoneContainer (OzoneContainer.java:buildContainerSet(299)) - Build ContainerSet costs 0s
2022-08-09 13:50:24,562 [Listener at 127.0.0.1/45023] INFO  server.RaftServer (ConfUtils.java:logGet(46)) - raft.rpc.type = GRPC (default)
2022-08-09 13:50:24,562 [Listener at 127.0.0.1/45023] INFO  grpc.GrpcFactory (GrpcFactory.java:checkPooledByteBufAllocatorUseCacheForAllThreads(48)) - PERFORMANCE WARNING: useCacheForAllThreads is true that may cause Netty to create a lot garbage objects and, as a result, trigger GC.
	It is recommended to disable useCacheForAllThreads by setting -Dorg.apache.ratis.thirdparty.io.netty.allocator.useCacheForAllThreads=false in command line.
2022-08-09 13:50:24,562 [Listener at 127.0.0.1/45023] INFO  grpc.GrpcConfigKeys (ConfUtils.java:logGet(46)) - raft.grpc.admin.port = 0 (custom)
2022-08-09 13:50:24,563 [Listener at 127.0.0.1/45023] INFO  grpc.GrpcConfigKeys (ConfUtils.java:logGet(46)) - raft.grpc.client.port = 0 (custom)
2022-08-09 13:50:24,563 [Listener at 127.0.0.1/45023] INFO  grpc.GrpcConfigKeys (ConfUtils.java:logGet(46)) - raft.grpc.server.port = 0 (default)
2022-08-09 13:50:24,563 [Listener at 127.0.0.1/45023] INFO  server.GrpcService (ConfUtils.java:logGet(46)) - raft.grpc.message.size.max = 32MB (=33554432) (custom)
2022-08-09 13:50:24,563 [Listener at 127.0.0.1/45023] INFO  server.RaftServerConfigKeys (ConfUtils.java:logGet(46)) - raft.server.log.appender.buffer.byte-limit = 33554432 (custom)
2022-08-09 13:50:24,563 [Listener at 127.0.0.1/45023] INFO  server.GrpcService (ConfUtils.java:logGet(46)) - raft.grpc.flow.control.window = 5MB (=5242880) (custom)
2022-08-09 13:50:24,563 [Listener at 127.0.0.1/45023] INFO  server.RaftServerConfigKeys (ConfUtils.java:logGet(46)) - raft.server.rpc.request.timeout = 60s (custom)
2022-08-09 13:50:24,563 [Listener at 127.0.0.1/45023] INFO  grpc.GrpcConfigKeys (ConfUtils.java:logGet(46)) - raft.grpc.server.async.request.thread.pool.cached = true (default)
2022-08-09 13:50:24,563 [Listener at 127.0.0.1/45023] INFO  grpc.GrpcConfigKeys (ConfUtils.java:logGet(46)) - raft.grpc.server.async.request.thread.pool.size = 32 (default)
2022-08-09 13:50:24,564 [Listener at 127.0.0.1/45023] INFO  impl.DataStreamServerImpl (ConfUtils.java:logGet(46)) - raft.datastream.type = DISABLED (default)
2022-08-09 13:50:24,564 [Listener at 127.0.0.1/45023] INFO  server.RaftServerConfigKeys (ConfUtils.java:logGet(46)) - raft.server.threadpool.proxy.cached = true (default)
2022-08-09 13:50:24,564 [Listener at 127.0.0.1/45023] INFO  server.RaftServerConfigKeys (ConfUtils.java:logGet(46)) - raft.server.threadpool.proxy.size = 0 (default)
2022-08-09 13:50:24,564 [Listener at 127.0.0.1/45023] INFO  server.RaftServerConfigKeys (ConfUtils.java:logGet(46)) - raft.server.rpc.slowness.timeout = 300s (custom)
2022-08-09 13:50:24,565 [Listener at 127.0.0.1/45023] INFO  server.RaftServerConfigKeys (ConfUtils.java:logGet(46)) - raft.server.leaderelection.leader.step-down.wait-time = 10s (default)
2022-08-09 13:50:24,565 [Listener at 127.0.0.1/45023] INFO  server.RaftServerConfigKeys (ConfUtils.java:logGet(46)) - raft.server.storage.dir = [/home/runner/work/ozone/ozone/hadoop-ozone/integration-test/target/test-dir/MiniOzoneClusterImpl-a5f63cd0-adde-411c-a334-77d0cb0a7b46/datanode-3/data/ratis] (custom)
2022-08-09 13:50:24,618 [Listener at 127.0.0.1/45023] INFO  server.XceiverServerGrpc (XceiverServerGrpc.java:<init>(132)) - GrpcServer channel type EpollServerSocketChannel
2022-08-09 13:50:24,626 [Listener at 127.0.0.1/45023] INFO  http.BaseHttpServer (BaseHttpServer.java:newHttpServer2BuilderForOzone(209)) - Starting Web-server for hddsDatanode at: http://0.0.0.0:0
2022-08-09 13:50:24,626 [Listener at 127.0.0.1/45023] INFO  http.BaseHttpServer (BaseHttpServer.java:<init>(107)) - Hadoop Security Enabled: false Ozone Security Enabled: false Ozone HTTP Security Enabled: false 
2022-08-09 13:50:24,627 [Listener at 127.0.0.1/45023] INFO  server.AuthenticationFilter (AuthenticationFilter.java:constructSecretProvider(240)) - Unable to initialize FileSignerSecretProvider, falling back to use random secrets.
2022-08-09 13:50:24,631 [Listener at 127.0.0.1/45023] WARN  http.HttpRequestLog (HttpRequestLog.java:getRequestLog(103)) - Jetty request log can only be enabled using Log4j
2022-08-09 13:50:24,632 [Listener at 127.0.0.1/45023] INFO  http.HttpServer2 (HttpServer2.java:addGlobalFilter(1029)) - Added global filter 'safety' (class=org.apache.hadoop.hdds.server.http.HttpServer2$QuotingInputFilter)
2022-08-09 13:50:24,632 [Listener at 127.0.0.1/45023] INFO  http.HttpServer2 (HttpServer2.java:addFilter(1005)) - Added filter static_user_filter (class=org.apache.hadoop.http.lib.StaticUserWebFilter$StaticUserFilter) to context hddsDatanode
2022-08-09 13:50:24,632 [Listener at 127.0.0.1/45023] INFO  http.HttpServer2 (HttpServer2.java:addFilter(1013)) - Added filter static_user_filter (class=org.apache.hadoop.http.lib.StaticUserWebFilter$StaticUserFilter) to context static
2022-08-09 13:50:24,632 [Listener at 127.0.0.1/45023] INFO  http.HttpServer2 (HttpServer2.java:addFilter(1013)) - Added filter static_user_filter (class=org.apache.hadoop.http.lib.StaticUserWebFilter$StaticUserFilter) to context logs
2022-08-09 13:50:24,633 [Listener at 127.0.0.1/45023] INFO  http.HttpServer2 (HttpServer2.java:bindListener(1248)) - Jetty bound to port 42611
2022-08-09 13:50:24,643 [Listener at 127.0.0.1/45023] INFO  server.Server (Server.java:doStart(375)) - jetty-9.4.43.v20210629; built: 2021-06-30T11:07:22.254Z; git: 526006ecfa3af7f1a27ef3a288e2bef7ea9dd7e8; jvm 1.8.0_332-b09
2022-08-09 13:50:24,644 [Listener at 127.0.0.1/45023] INFO  server.session (DefaultSessionIdManager.java:doStart(334)) - DefaultSessionIdManager workerName=node0
2022-08-09 13:50:24,644 [Listener at 127.0.0.1/45023] INFO  server.session (DefaultSessionIdManager.java:doStart(339)) - No SessionScavenger set, using defaults
2022-08-09 13:50:24,644 [Listener at 127.0.0.1/45023] INFO  server.session (HouseKeeper.java:startScavenging(132)) - node0 Scavenging every 660000ms
2022-08-09 13:50:24,645 [Listener at 127.0.0.1/45023] INFO  handler.ContextHandler (ContextHandler.java:doStart(915)) - Started o.e.j.s.ServletContextHandler@548f039b{logs,/logs,file:///home/runner/work/ozone/ozone/hadoop-ozone/integration-test/target/log,AVAILABLE}
2022-08-09 13:50:24,645 [Listener at 127.0.0.1/45023] INFO  handler.ContextHandler (ContextHandler.java:doStart(915)) - Started o.e.j.s.ServletContextHandler@102b7e0b{static,/static,jar:file:/home/runner/.m2/repository/org/apache/ozone/hdds-container-service/1.3.0-SNAPSHOT/hdds-container-service-1.3.0-SNAPSHOT.jar!/webapps/static,AVAILABLE}
2022-08-09 13:50:25,003 [Listener at 127.0.0.1/45023] INFO  handler.ContextHandler (ContextHandler.java:doStart(915)) - Started o.e.j.w.WebAppContext@52f95c26{hddsDatanode,/,file:///tmp/jetty-0_0_0_0-42611-hdds-container-service-1_3_0-SNAPSHOT_jar-_-any-8242964213744879074/webapp/,AVAILABLE}{jar:file:/home/runner/.m2/repository/org/apache/ozone/hdds-container-service/1.3.0-SNAPSHOT/hdds-container-service-1.3.0-SNAPSHOT.jar!/webapps/hddsDatanode}
2022-08-09 13:50:25,005 [Listener at 127.0.0.1/45023] INFO  server.AbstractConnector (AbstractConnector.java:doStart(331)) - Started ServerConnector@5bbfa9d4{HTTP/1.1, (http/1.1)}{0.0.0.0:42611}
2022-08-09 13:50:25,006 [Listener at 127.0.0.1/45023] INFO  server.Server (Server.java:doStart(415)) - Started @211740ms
2022-08-09 13:50:25,006 [Listener at 127.0.0.1/45023] WARN  impl.MetricsSystemImpl (MetricsSystemImpl.java:register(279)) - Sink prometheus already exists!
2022-08-09 13:50:25,006 [Listener at 127.0.0.1/45023] INFO  http.BaseHttpServer (BaseHttpServer.java:updateConnectorAddress(329)) - HTTP server of hddsDatanode listening at http://0.0.0.0:42611
2022-08-09 13:50:25,009 [Listener at 127.0.0.1/45023] WARN  impl.MetricRegistriesImpl (MetricRegistriesImpl.java:addReporterRegistration(111)) - New reporters are added after registries were created. Some metrics will be missing from the reporter. Please add reporter before adding any new registry.
2022-08-09 13:50:25,009 [Listener at 127.0.0.1/45023] WARN  impl.MetricRegistriesImpl (MetricRegistriesImpl.java:addReporterRegistration(111)) - New reporters are added after registries were created. Some metrics will be missing from the reporter. Please add reporter before adding any new registry.
2022-08-09 13:50:25,009 [Listener at 127.0.0.1/45023] INFO  impl.MetricsSystemImpl (MetricsSystemImpl.java:init(158)) - HddsDatanode metrics system started (again)
2022-08-09 13:50:25,025 [Datanode State Machine Daemon Thread] INFO  statemachine.DatanodeStateMachine (DatanodeStateMachine.java:lambda$startDaemon$0(492)) - Ozone container server started.
2022-08-09 13:50:25,048 [Listener at 127.0.0.1/45023] INFO  ozone.HddsDatanodeService (HddsDatanodeService.java:start(236)) - HddsDatanodeService host:fv-az450-466.jnfmftgkylze5hd05chtbp1i0a.dx.internal.cloudapp.net ip:10.1.0.19
2022-08-09 13:50:25,065 [org.apache.hadoop.util.JvmPauseMonitor$Monitor@569c2d9c] INFO  util.JvmPauseMonitor (JvmPauseMonitor.java:run(188)) - Starting JVM pause monitor
2022-08-09 13:50:25,095 [Listener at 127.0.0.1/45023] INFO  upgrade.AbstractLayoutVersionManager (AbstractLayoutVersionManager.java:init(83)) - Initializing Layout version manager with metadata layout = DATANODE_SCHEMA_V3 (version = 4), software layout = DATANODE_SCHEMA_V3 (version = 4)
2022-08-09 13:50:25,105 [Datanode State Machine Task Thread - 0] INFO  datanode.InitDatanodeState (InitDatanodeState.java:persistContainerDatanodeDetails(138)) - DatanodeDetails is persisted to /home/runner/work/ozone/ozone/hadoop-ozone/integration-test/target/test-dir/MiniOzoneClusterImpl-a5f63cd0-adde-411c-a334-77d0cb0a7b46/datanode-3/meta/datanode.id
2022-08-09 13:50:25,235 [Listener at 127.0.0.1/45023] INFO  reflections.Reflections (Reflections.java:scan(232)) - Reflections took 139 ms to scan 7 urls, producing 132 keys and 321 values 
2022-08-09 13:50:25,253 [Listener at 127.0.0.1/45023] INFO  statemachine.DatanodeStateMachine (DatanodeStateMachine.java:getEndPointTaskThreadPoolSize(237)) - Datanode State Machine Task Thread Pool size 2
2022-08-09 13:50:25,256 [EndpointStateMachine task thread for /0.0.0.0:38209 - 0 ] INFO  volume.HddsVolume (HddsVolume.java:createDbStore(309)) - SchemaV3 db is created and loaded at /home/runner/work/ozone/ozone/hadoop-ozone/integration-test/target/test-dir/MiniOzoneClusterImpl-a5f63cd0-adde-411c-a334-77d0cb0a7b46/datanode-1/data-0/containers/hdds/a5f63cd0-adde-411c-a334-77d0cb0a7b46/DS-eeaf7a7d-024e-4d5c-ac6a-04c7fd3e6e7c/container.db for volume DS-eeaf7a7d-024e-4d5c-ac6a-04c7fd3e6e7c
2022-08-09 13:50:25,261 [Listener at 127.0.0.1/45023] INFO  volume.HddsVolume (HddsVolume.java:<init>(116)) - Creating HddsVolume: /home/runner/work/ozone/ozone/hadoop-ozone/integration-test/target/test-dir/MiniOzoneClusterImpl-a5f63cd0-adde-411c-a334-77d0cb0a7b46/datanode-4/data-0/containers/hdds of storage type : DISK capacity : 9223372036854775807
2022-08-09 13:50:25,261 [Listener at 127.0.0.1/45023] INFO  volume.MutableVolumeSet (MutableVolumeSet.java:initializeVolumeSet(174)) - Added Volume : /home/runner/work/ozone/ozone/hadoop-ozone/integration-test/target/test-dir/MiniOzoneClusterImpl-a5f63cd0-adde-411c-a334-77d0cb0a7b46/datanode-4/data-0/containers/hdds to VolumeSet
2022-08-09 13:50:25,261 [Listener at 127.0.0.1/45023] INFO  volume.ThrottledAsyncChecker (ThrottledAsyncChecker.java:schedule(141)) - Scheduling a check for /home/runner/work/ozone/ozone/hadoop-ozone/integration-test/target/test-dir/MiniOzoneClusterImpl-a5f63cd0-adde-411c-a334-77d0cb0a7b46/datanode-4/data-0/containers/hdds
2022-08-09 13:50:25,273 [EndpointStateMachine task thread for /0.0.0.0:38209 - 0 ] INFO  volume.HddsVolume (HddsVolume.java:closeDbStore(340)) - SchemaV3 db is stopped at /home/runner/work/ozone/ozone/hadoop-ozone/integration-test/target/test-dir/MiniOzoneClusterImpl-a5f63cd0-adde-411c-a334-77d0cb0a7b46/datanode-1/data-0/containers/hdds/a5f63cd0-adde-411c-a334-77d0cb0a7b46/DS-eeaf7a7d-024e-4d5c-ac6a-04c7fd3e6e7c/container.db for volume DS-eeaf7a7d-024e-4d5c-ac6a-04c7fd3e6e7c
2022-08-09 13:50:25,274 [EndpointStateMachine task thread for /0.0.0.0:38209 - 0 ] INFO  ozoneimpl.OzoneContainer (OzoneContainer.java:start(377)) - Attempting to start container services.
2022-08-09 13:50:25,274 [EndpointStateMachine task thread for /0.0.0.0:38209 - 0 ] INFO  ozoneimpl.OzoneContainer (OzoneContainer.java:startContainerScrub(312)) - Background container scanner has been disabled.
2022-08-09 13:50:25,305 [Listener at 127.0.0.1/45023] INFO  volume.StorageVolumeChecker (StorageVolumeChecker.java:checkAllVolumes(202)) - Scheduled health check for volume /home/runner/work/ozone/ozone/hadoop-ozone/integration-test/target/test-dir/MiniOzoneClusterImpl-a5f63cd0-adde-411c-a334-77d0cb0a7b46/datanode-4/data-0/containers/hdds
2022-08-09 13:50:25,329 [EndpointStateMachine task thread for /0.0.0.0:38209 - 0 ] INFO  replication.ReplicationServer (ReplicationServer.java:start(111)) - ReplicationServer is started using port 40271
2022-08-09 13:50:25,341 [EndpointStateMachine task thread for /0.0.0.0:38209 - 0 ] INFO  ratis.XceiverServerRatis (XceiverServerRatis.java:start(481)) - Starting XceiverServerRatis 6ff5905d-960c-4bc6-8c78-bddfc36801e9
2022-08-09 13:50:25,342 [EndpointStateMachine task thread for /0.0.0.0:38209 - 0 ] INFO  server.RaftServer (RaftServerProxy.java:lambda$start$6(382)) - 6ff5905d-960c-4bc6-8c78-bddfc36801e9: start RPC server
2022-08-09 13:50:25,359 [EndpointStateMachine task thread for /0.0.0.0:38209 - 0 ] INFO  server.GrpcService (GrpcService.java:startImpl(260)) - 6ff5905d-960c-4bc6-8c78-bddfc36801e9: GrpcService started, listening on 41329
2022-08-09 13:50:25,360 [EndpointStateMachine task thread for /0.0.0.0:38209 - 0 ] INFO  ratis.XceiverServerRatis (XceiverServerRatis.java:getRealPort(502)) - XceiverServerRatis 6ff5905d-960c-4bc6-8c78-bddfc36801e9 is started using port 41329 for RATIS
2022-08-09 13:50:25,360 [EndpointStateMachine task thread for /0.0.0.0:38209 - 0 ] INFO  ratis.XceiverServerRatis (XceiverServerRatis.java:getRealPort(502)) - XceiverServerRatis 6ff5905d-960c-4bc6-8c78-bddfc36801e9 is started using port 41329 for RATIS_ADMIN
2022-08-09 13:50:25,360 [EndpointStateMachine task thread for /0.0.0.0:38209 - 0 ] INFO  ratis.XceiverServerRatis (XceiverServerRatis.java:getRealPort(502)) - XceiverServerRatis 6ff5905d-960c-4bc6-8c78-bddfc36801e9 is started using port 41329 for RATIS_SERVER
2022-08-09 13:50:25,360 [org.apache.ratis.util.JvmPauseMonitor$$Lambda$615/629946574@1e18f824] INFO  util.JvmPauseMonitor (JvmPauseMonitor.java:run(103)) - JvmPauseMonitor-6ff5905d-960c-4bc6-8c78-bddfc36801e9: Started
2022-08-09 13:50:25,368 [Listener at 127.0.0.1/45023] INFO  volume.MutableVolumeSet (MutableVolumeSet.java:initializeVolumeSet(174)) - Added Volume : /home/runner/work/ozone/ozone/hadoop-ozone/integration-test/target/test-dir/MiniOzoneClusterImpl-a5f63cd0-adde-411c-a334-77d0cb0a7b46/datanode-4/data/ratis to VolumeSet
2022-08-09 13:50:25,368 [Listener at 127.0.0.1/45023] INFO  volume.ThrottledAsyncChecker (ThrottledAsyncChecker.java:schedule(141)) - Scheduling a check for /home/runner/work/ozone/ozone/hadoop-ozone/integration-test/target/test-dir/MiniOzoneClusterImpl-a5f63cd0-adde-411c-a334-77d0cb0a7b46/datanode-4/data/ratis
2022-08-09 13:50:25,368 [Listener at 127.0.0.1/45023] INFO  volume.StorageVolumeChecker (StorageVolumeChecker.java:checkAllVolumes(202)) - Scheduled health check for volume /home/runner/work/ozone/ozone/hadoop-ozone/integration-test/target/test-dir/MiniOzoneClusterImpl-a5f63cd0-adde-411c-a334-77d0cb0a7b46/datanode-4/data/ratis
2022-08-09 13:50:25,422 [EndpointStateMachine task thread for /0.0.0.0:38209 - 0 ] INFO  server.XceiverServerGrpc (XceiverServerGrpc.java:start(180)) - XceiverServerGrpc 6ff5905d-960c-4bc6-8c78-bddfc36801e9 is started using port 42977
2022-08-09 13:50:25,444 [Thread-1689] INFO  ozoneimpl.ContainerReader (ContainerReader.java:readVolume(175)) - Finish verifying containers on volume /home/runner/work/ozone/ozone/hadoop-ozone/integration-test/target/test-dir/MiniOzoneClusterImpl-a5f63cd0-adde-411c-a334-77d0cb0a7b46/datanode-4/data-0/containers/hdds
2022-08-09 13:50:25,453 [Listener at 127.0.0.1/45023] INFO  ozoneimpl.OzoneContainer (OzoneContainer.java:buildContainerSet(299)) - Build ContainerSet costs 0s
2022-08-09 13:50:25,456 [Listener at 127.0.0.1/45023] INFO  server.RaftServer (ConfUtils.java:logGet(46)) - raft.rpc.type = GRPC (default)
2022-08-09 13:50:25,456 [Listener at 127.0.0.1/45023] INFO  grpc.GrpcFactory (GrpcFactory.java:checkPooledByteBufAllocatorUseCacheForAllThreads(48)) - PERFORMANCE WARNING: useCacheForAllThreads is true that may cause Netty to create a lot garbage objects and, as a result, trigger GC.
	It is recommended to disable useCacheForAllThreads by setting -Dorg.apache.ratis.thirdparty.io.netty.allocator.useCacheForAllThreads=false in command line.
2022-08-09 13:50:25,456 [Listener at 127.0.0.1/45023] INFO  grpc.GrpcConfigKeys (ConfUtils.java:logGet(46)) - raft.grpc.admin.port = 0 (custom)
2022-08-09 13:50:25,456 [Listener at 127.0.0.1/45023] INFO  grpc.GrpcConfigKeys (ConfUtils.java:logGet(46)) - raft.grpc.client.port = 0 (custom)
2022-08-09 13:50:25,457 [Listener at 127.0.0.1/45023] INFO  grpc.GrpcConfigKeys (ConfUtils.java:logGet(46)) - raft.grpc.server.port = 0 (default)
2022-08-09 13:50:25,457 [Listener at 127.0.0.1/45023] INFO  server.GrpcService (ConfUtils.java:logGet(46)) - raft.grpc.message.size.max = 32MB (=33554432) (custom)
2022-08-09 13:50:25,457 [Listener at 127.0.0.1/45023] INFO  server.RaftServerConfigKeys (ConfUtils.java:logGet(46)) - raft.server.log.appender.buffer.byte-limit = 33554432 (custom)
2022-08-09 13:50:25,460 [Listener at 127.0.0.1/45023] INFO  server.GrpcService (ConfUtils.java:logGet(46)) - raft.grpc.flow.control.window = 5MB (=5242880) (custom)
2022-08-09 13:50:25,460 [Listener at 127.0.0.1/45023] INFO  server.RaftServerConfigKeys (ConfUtils.java:logGet(46)) - raft.server.rpc.request.timeout = 60s (custom)
2022-08-09 13:50:25,460 [Listener at 127.0.0.1/45023] INFO  grpc.GrpcConfigKeys (ConfUtils.java:logGet(46)) - raft.grpc.server.async.request.thread.pool.cached = true (default)
2022-08-09 13:50:25,460 [Listener at 127.0.0.1/45023] INFO  grpc.GrpcConfigKeys (ConfUtils.java:logGet(46)) - raft.grpc.server.async.request.thread.pool.size = 32 (default)
2022-08-09 13:50:25,481 [Listener at 127.0.0.1/45023] INFO  impl.DataStreamServerImpl (ConfUtils.java:logGet(46)) - raft.datastream.type = DISABLED (default)
2022-08-09 13:50:25,481 [Listener at 127.0.0.1/45023] INFO  server.RaftServerConfigKeys (ConfUtils.java:logGet(46)) - raft.server.threadpool.proxy.cached = true (default)
2022-08-09 13:50:25,481 [Listener at 127.0.0.1/45023] INFO  server.RaftServerConfigKeys (ConfUtils.java:logGet(46)) - raft.server.threadpool.proxy.size = 0 (default)
2022-08-09 13:50:25,481 [Listener at 127.0.0.1/45023] INFO  server.RaftServerConfigKeys (ConfUtils.java:logGet(46)) - raft.server.rpc.slowness.timeout = 300s (custom)
2022-08-09 13:50:25,482 [Listener at 127.0.0.1/45023] INFO  server.RaftServerConfigKeys (ConfUtils.java:logGet(46)) - raft.server.leaderelection.leader.step-down.wait-time = 10s (default)
2022-08-09 13:50:25,482 [Listener at 127.0.0.1/45023] INFO  server.RaftServerConfigKeys (ConfUtils.java:logGet(46)) - raft.server.storage.dir = [/home/runner/work/ozone/ozone/hadoop-ozone/integration-test/target/test-dir/MiniOzoneClusterImpl-a5f63cd0-adde-411c-a334-77d0cb0a7b46/datanode-4/data/ratis] (custom)
2022-08-09 13:50:25,496 [Listener at 127.0.0.1/45023] INFO  server.XceiverServerGrpc (XceiverServerGrpc.java:<init>(132)) - GrpcServer channel type EpollServerSocketChannel
2022-08-09 13:50:25,510 [Listener at 127.0.0.1/45023] INFO  http.BaseHttpServer (BaseHttpServer.java:newHttpServer2BuilderForOzone(209)) - Starting Web-server for hddsDatanode at: http://0.0.0.0:0
2022-08-09 13:50:25,511 [Listener at 127.0.0.1/45023] INFO  http.BaseHttpServer (BaseHttpServer.java:<init>(107)) - Hadoop Security Enabled: false Ozone Security Enabled: false Ozone HTTP Security Enabled: false 
2022-08-09 13:50:25,512 [Listener at 127.0.0.1/45023] INFO  server.AuthenticationFilter (AuthenticationFilter.java:constructSecretProvider(240)) - Unable to initialize FileSignerSecretProvider, falling back to use random secrets.
2022-08-09 13:50:25,513 [Listener at 127.0.0.1/45023] WARN  http.HttpRequestLog (HttpRequestLog.java:getRequestLog(103)) - Jetty request log can only be enabled using Log4j
2022-08-09 13:50:25,514 [Listener at 127.0.0.1/45023] INFO  http.HttpServer2 (HttpServer2.java:addGlobalFilter(1029)) - Added global filter 'safety' (class=org.apache.hadoop.hdds.server.http.HttpServer2$QuotingInputFilter)
2022-08-09 13:50:25,515 [Listener at 127.0.0.1/45023] INFO  http.HttpServer2 (HttpServer2.java:addFilter(1005)) - Added filter static_user_filter (class=org.apache.hadoop.http.lib.StaticUserWebFilter$StaticUserFilter) to context hddsDatanode
2022-08-09 13:50:25,515 [Listener at 127.0.0.1/45023] INFO  http.HttpServer2 (HttpServer2.java:addFilter(1013)) - Added filter static_user_filter (class=org.apache.hadoop.http.lib.StaticUserWebFilter$StaticUserFilter) to context static
2022-08-09 13:50:25,515 [Listener at 127.0.0.1/45023] INFO  http.HttpServer2 (HttpServer2.java:addFilter(1013)) - Added filter static_user_filter (class=org.apache.hadoop.http.lib.StaticUserWebFilter$StaticUserFilter) to context logs
2022-08-09 13:50:25,515 [Listener at 127.0.0.1/45023] INFO  http.HttpServer2 (HttpServer2.java:bindListener(1248)) - Jetty bound to port 39571
2022-08-09 13:50:25,515 [Listener at 127.0.0.1/45023] INFO  server.Server (Server.java:doStart(375)) - jetty-9.4.43.v20210629; built: 2021-06-30T11:07:22.254Z; git: 526006ecfa3af7f1a27ef3a288e2bef7ea9dd7e8; jvm 1.8.0_332-b09
2022-08-09 13:50:25,551 [Listener at 127.0.0.1/45023] INFO  server.session (DefaultSessionIdManager.java:doStart(334)) - DefaultSessionIdManager workerName=node0
2022-08-09 13:50:25,551 [Listener at 127.0.0.1/45023] INFO  server.session (DefaultSessionIdManager.java:doStart(339)) - No SessionScavenger set, using defaults
2022-08-09 13:50:25,551 [Listener at 127.0.0.1/45023] INFO  server.session (HouseKeeper.java:startScavenging(132)) - node0 Scavenging every 600000ms
2022-08-09 13:50:25,552 [Listener at 127.0.0.1/45023] INFO  handler.ContextHandler (ContextHandler.java:doStart(915)) - Started o.e.j.s.ServletContextHandler@3086e208{logs,/logs,file:///home/runner/work/ozone/ozone/hadoop-ozone/integration-test/target/log,AVAILABLE}
2022-08-09 13:50:25,552 [Listener at 127.0.0.1/45023] INFO  handler.ContextHandler (ContextHandler.java:doStart(915)) - Started o.e.j.s.ServletContextHandler@16aadc7f{static,/static,jar:file:/home/runner/.m2/repository/org/apache/ozone/hdds-container-service/1.3.0-SNAPSHOT/hdds-container-service-1.3.0-SNAPSHOT.jar!/webapps/static,AVAILABLE}
2022-08-09 13:50:25,726 [Finalizer] WARN  managed.ManagedRocksObjectUtils (ManagedRocksObjectUtils.java:assertClosed(39)) - ManagedColumnFamilyOptions is not closed properly
2022-08-09 13:50:25,726 [Finalizer] WARN  managed.ManagedRocksObjectUtils (ManagedRocksObjectUtils.java:assertClosed(39)) - ManagedColumnFamilyOptions is not closed properly
2022-08-09 13:50:25,726 [Finalizer] WARN  managed.ManagedRocksObjectUtils (ManagedRocksObjectUtils.java:assertClosed(39)) - ManagedColumnFamilyOptions is not closed properly
2022-08-09 13:50:25,726 [Finalizer] WARN  managed.ManagedRocksObjectUtils (ManagedRocksObjectUtils.java:assertClosed(39)) - ManagedColumnFamilyOptions is not closed properly
2022-08-09 13:50:25,726 [Finalizer] WARN  managed.ManagedRocksObjectUtils (ManagedRocksObjectUtils.java:assertClosed(39)) - ManagedDBOptions is not closed properly
2022-08-09 13:50:25,726 [Finalizer] WARN  managed.ManagedRocksObjectUtils (ManagedRocksObjectUtils.java:assertClosed(39)) - ManagedColumnFamilyOptions is not closed properly
2022-08-09 13:50:25,726 [Finalizer] WARN  managed.ManagedRocksObjectUtils (ManagedRocksObjectUtils.java:assertClosed(39)) - ManagedLRUCache is not closed properly
2022-08-09 13:50:25,726 [Finalizer] WARN  managed.ManagedRocksObjectUtils (ManagedRocksObjectUtils.java:assertClosed(39)) - ManagedBloomFilter is not closed properly
2022-08-09 13:50:25,747 [Finalizer] WARN  managed.ManagedRocksObjectUtils (ManagedRocksObjectUtils.java:assertClosed(39)) - ManagedColumnFamilyOptions is not closed properly
2022-08-09 13:50:25,747 [Finalizer] WARN  managed.ManagedRocksObjectUtils (ManagedRocksObjectUtils.java:assertClosed(39)) - ManagedColumnFamilyOptions is not closed properly
2022-08-09 13:50:25,747 [Finalizer] WARN  managed.ManagedRocksObjectUtils (ManagedRocksObjectUtils.java:assertClosed(39)) - ManagedColumnFamilyOptions is not closed properly
2022-08-09 13:50:25,747 [Finalizer] WARN  managed.ManagedRocksObjectUtils (ManagedRocksObjectUtils.java:assertClosed(39)) - ManagedColumnFamilyOptions is not closed properly
2022-08-09 13:50:25,747 [Finalizer] WARN  managed.ManagedRocksObjectUtils (ManagedRocksObjectUtils.java:assertClosed(39)) - ManagedDBOptions is not closed properly
2022-08-09 13:50:25,747 [Finalizer] WARN  managed.ManagedRocksObjectUtils (ManagedRocksObjectUtils.java:assertClosed(39)) - ManagedColumnFamilyOptions is not closed properly
2022-08-09 13:50:25,747 [Finalizer] WARN  managed.ManagedRocksObjectUtils (ManagedRocksObjectUtils.java:assertClosed(39)) - ManagedLRUCache is not closed properly
2022-08-09 13:50:25,747 [Finalizer] WARN  managed.ManagedRocksObjectUtils (ManagedRocksObjectUtils.java:assertClosed(39)) - ManagedBloomFilter is not closed properly
2022-08-09 13:50:26,044 [Listener at 127.0.0.1/45023] INFO  handler.ContextHandler (ContextHandler.java:doStart(915)) - Started o.e.j.w.WebAppContext@a548a06{hddsDatanode,/,file:///tmp/jetty-0_0_0_0-39571-hdds-container-service-1_3_0-SNAPSHOT_jar-_-any-6170016301538922488/webapp/,AVAILABLE}{jar:file:/home/runner/.m2/repository/org/apache/ozone/hdds-container-service/1.3.0-SNAPSHOT/hdds-container-service-1.3.0-SNAPSHOT.jar!/webapps/hddsDatanode}
2022-08-09 13:50:26,049 [Listener at 127.0.0.1/45023] INFO  server.AbstractConnector (AbstractConnector.java:doStart(331)) - Started ServerConnector@2e273fd4{HTTP/1.1, (http/1.1)}{0.0.0.0:39571}
2022-08-09 13:50:26,049 [Listener at 127.0.0.1/45023] INFO  server.Server (Server.java:doStart(415)) - Started @212783ms
2022-08-09 13:50:26,049 [Listener at 127.0.0.1/45023] WARN  impl.MetricsSystemImpl (MetricsSystemImpl.java:register(279)) - Sink prometheus already exists!
2022-08-09 13:50:26,053 [Listener at 127.0.0.1/45023] INFO  http.BaseHttpServer (BaseHttpServer.java:updateConnectorAddress(329)) - HTTP server of hddsDatanode listening at http://0.0.0.0:39571
2022-08-09 13:50:26,062 [Listener at 127.0.0.1/45023] INFO  ozone.MiniOzoneClusterImpl (MiniOzoneClusterImpl.java:lambda$waitForClusterToBeReady$0(216)) - Waiting for nodes to be ready. Got 0 of 5 DN Heartbeats.
2022-08-09 13:50:26,062 [Listener at 127.0.0.1/45023] INFO  ozone.MiniOzoneClusterImpl (MiniOzoneClusterImpl.java:lambda$waitForClusterToBeReady$0(219)) - Waiting for cluster to exit safe mode
2022-08-09 13:50:26,062 [Listener at 127.0.0.1/45023] INFO  ozone.MiniOzoneClusterImpl (MiniOzoneClusterImpl.java:lambda$waitForClusterToBeReady$0(221)) - SCM became leader
2022-08-09 13:50:26,088 [Datanode State Machine Daemon Thread] INFO  statemachine.DatanodeStateMachine (DatanodeStateMachine.java:lambda$startDaemon$0(492)) - Ozone container server started.
2022-08-09 13:50:26,161 [org.apache.hadoop.util.JvmPauseMonitor$Monitor@36ac6e94] INFO  util.JvmPauseMonitor (JvmPauseMonitor.java:run(188)) - Starting JVM pause monitor
2022-08-09 13:50:26,168 [Datanode State Machine Task Thread - 0] INFO  datanode.InitDatanodeState (InitDatanodeState.java:persistContainerDatanodeDetails(138)) - DatanodeDetails is persisted to /home/runner/work/ozone/ozone/hadoop-ozone/integration-test/target/test-dir/MiniOzoneClusterImpl-a5f63cd0-adde-411c-a334-77d0cb0a7b46/datanode-4/meta/datanode.id
2022-08-09 13:50:26,192 [IPC Server handler 1 on default port 38209] INFO  net.NetworkTopologyImpl (NetworkTopologyImpl.java:add(112)) - Added a new node: /default-rack/eda375c3-f1b4-45e6-ba42-67ae65a4fd55
2022-08-09 13:50:26,192 [IPC Server handler 1 on default port 38209] INFO  node.SCMNodeManager (SCMNodeManager.java:register(397)) - Registered Data node : eda375c3-f1b4-45e6-ba42-67ae65a4fd55{ip: 10.1.0.19, host: fv-az450-466.jnfmftgkylze5hd05chtbp1i0a.dx.internal.cloudapp.net, ports: [REPLICATION=44867, RATIS=34243, RATIS_ADMIN=34243, RATIS_SERVER=34243, STANDALONE=43943], networkLocation: /default-rack, certSerialId: null, persistedOpState: null, persistedOpStateExpiryEpochSec: 0}
2022-08-09 13:50:26,235 [EventQueue-NodeRegistrationContainerReportForDataNodeSafeModeRule] INFO  safemode.SCMSafeModeManager (DataNodeSafeModeRule.java:process(71)) - SCM in safe mode. 1 DataNodes registered, 3 required.
2022-08-09 13:50:26,235 [EventQueue-NodeRegistrationContainerReportForContainerSafeModeRule] INFO  safemode.SCMSafeModeManager (SCMSafeModeManager.java:validateSafeModeExitRules(204)) - ContainerSafeModeRule rule is successfully validated
2022-08-09 13:50:26,262 [EventQueue-PipelineReportForOneReplicaPipelineSafeModeRule] INFO  safemode.SCMSafeModeManager (SCMSafeModeManager.java:validateSafeModeExitRules(204)) - AtleastOneDatanodeReportedRule rule is successfully validated
2022-08-09 13:50:26,290 [EventQueue-NewNodeForNewNodeHandler] INFO  pipeline.BackgroundPipelineCreator (BackgroundPipelineCreator.java:notifyEventTriggered(276)) - trigger a one-shot run on RatisPipelineUtilsThread.
2022-08-09 13:50:26,291 [RatisPipelineUtilsThread - 0] INFO  pipeline.RatisPipelineProvider (RatisPipelineProvider.java:lambda$create$0(195)) - Sending CreatePipelineCommand for pipeline:PipelineID=9e038f81-ac2c-4a02-93fa-e4b576a48b8d to datanode:eda375c3-f1b4-45e6-ba42-67ae65a4fd55
2022-08-09 13:50:26,297 [RatisPipelineUtilsThread - 0] INFO  pipeline.PipelineStateManagerImpl (PipelineStateManagerImpl.java:addPipeline(103)) - Created pipeline Pipeline[ Id: 9e038f81-ac2c-4a02-93fa-e4b576a48b8d, Nodes: eda375c3-f1b4-45e6-ba42-67ae65a4fd55{ip: 10.1.0.19, host: fv-az450-466.jnfmftgkylze5hd05chtbp1i0a.dx.internal.cloudapp.net, ports: [REPLICATION=44867, RATIS=34243, RATIS_ADMIN=34243, RATIS_SERVER=34243, STANDALONE=43943], networkLocation: /default-rack, certSerialId: null, persistedOpState: IN_SERVICE, persistedOpStateExpiryEpochSec: 0}, ReplicationConfig: RATIS/ONE, State:ALLOCATED, leaderId:, CreationTimestamp2022-08-09T13:50:26.291Z[Etc/UTC]].
2022-08-09 13:50:26,351 [OverReplicatedQueueThreadThread] INFO  replication.OverReplicatedProcessor (OverReplicatedProcessor.java:processAll(83)) - Processed 0 over replicated containers, failed processing 0
2022-08-09 13:50:26,357 [UnderReplicatedQueueThreadThread] INFO  replication.UnderReplicatedProcessor (UnderReplicatedProcessor.java:processAll(85)) - Processed 0 under replicated containers, failed processing 0
2022-08-09 13:50:26,416 [EndpointStateMachine task thread for /0.0.0.0:38209 - 0 ] INFO  volume.HddsVolume (HddsVolume.java:createDbStore(309)) - SchemaV3 db is created and loaded at /home/runner/work/ozone/ozone/hadoop-ozone/integration-test/target/test-dir/MiniOzoneClusterImpl-a5f63cd0-adde-411c-a334-77d0cb0a7b46/datanode-2/data-0/containers/hdds/a5f63cd0-adde-411c-a334-77d0cb0a7b46/DS-b98ba5b1-0b4f-4b03-bf99-d7d015d336bf/container.db for volume DS-b98ba5b1-0b4f-4b03-bf99-d7d015d336bf
2022-08-09 13:50:26,417 [EndpointStateMachine task thread for /0.0.0.0:38209 - 0 ] INFO  volume.HddsVolume (HddsVolume.java:closeDbStore(340)) - SchemaV3 db is stopped at /home/runner/work/ozone/ozone/hadoop-ozone/integration-test/target/test-dir/MiniOzoneClusterImpl-a5f63cd0-adde-411c-a334-77d0cb0a7b46/datanode-2/data-0/containers/hdds/a5f63cd0-adde-411c-a334-77d0cb0a7b46/DS-b98ba5b1-0b4f-4b03-bf99-d7d015d336bf/container.db for volume DS-b98ba5b1-0b4f-4b03-bf99-d7d015d336bf
2022-08-09 13:50:26,417 [EndpointStateMachine task thread for /0.0.0.0:38209 - 0 ] INFO  ozoneimpl.OzoneContainer (OzoneContainer.java:start(377)) - Attempting to start container services.
2022-08-09 13:50:26,417 [EndpointStateMachine task thread for /0.0.0.0:38209 - 0 ] INFO  ozoneimpl.OzoneContainer (OzoneContainer.java:startContainerScrub(312)) - Background container scanner has been disabled.
2022-08-09 13:50:26,446 [EndpointStateMachine task thread for /0.0.0.0:38209 - 0 ] INFO  replication.ReplicationServer (ReplicationServer.java:start(111)) - ReplicationServer is started using port 40453
2022-08-09 13:50:26,446 [EndpointStateMachine task thread for /0.0.0.0:38209 - 0 ] INFO  ratis.XceiverServerRatis (XceiverServerRatis.java:start(481)) - Starting XceiverServerRatis 8852ae54-4ed3-4d1d-b462-9046b334363d
2022-08-09 13:50:26,447 [EndpointStateMachine task thread for /0.0.0.0:38209 - 0 ] INFO  server.RaftServer (RaftServerProxy.java:lambda$start$6(382)) - 8852ae54-4ed3-4d1d-b462-9046b334363d: start RPC server
2022-08-09 13:50:26,451 [EndpointStateMachine task thread for /0.0.0.0:38209 - 0 ] INFO  server.GrpcService (GrpcService.java:startImpl(260)) - 8852ae54-4ed3-4d1d-b462-9046b334363d: GrpcService started, listening on 36749
2022-08-09 13:50:26,453 [EndpointStateMachine task thread for /0.0.0.0:38209 - 0 ] INFO  ratis.XceiverServerRatis (XceiverServerRatis.java:getRealPort(502)) - XceiverServerRatis 8852ae54-4ed3-4d1d-b462-9046b334363d is started using port 36749 for RATIS
2022-08-09 13:50:26,453 [EndpointStateMachine task thread for /0.0.0.0:38209 - 0 ] INFO  ratis.XceiverServerRatis (XceiverServerRatis.java:getRealPort(502)) - XceiverServerRatis 8852ae54-4ed3-4d1d-b462-9046b334363d is started using port 36749 for RATIS_ADMIN
2022-08-09 13:50:26,453 [EndpointStateMachine task thread for /0.0.0.0:38209 - 0 ] INFO  ratis.XceiverServerRatis (XceiverServerRatis.java:getRealPort(502)) - XceiverServerRatis 8852ae54-4ed3-4d1d-b462-9046b334363d is started using port 36749 for RATIS_SERVER
2022-08-09 13:50:26,453 [org.apache.ratis.util.JvmPauseMonitor$$Lambda$615/629946574@f1b9c3c] INFO  util.JvmPauseMonitor (JvmPauseMonitor.java:run(103)) - JvmPauseMonitor-8852ae54-4ed3-4d1d-b462-9046b334363d: Started
2022-08-09 13:50:26,500 [EndpointStateMachine task thread for /0.0.0.0:38209 - 0 ] INFO  server.XceiverServerGrpc (XceiverServerGrpc.java:start(180)) - XceiverServerGrpc 8852ae54-4ed3-4d1d-b462-9046b334363d is started using port 44299
2022-08-09 13:50:27,064 [Listener at 127.0.0.1/45023] INFO  ozone.MiniOzoneClusterImpl (MiniOzoneClusterImpl.java:lambda$waitForClusterToBeReady$0(216)) - Waiting for nodes to be ready. Got 1 of 5 DN Heartbeats.
2022-08-09 13:50:27,064 [Listener at 127.0.0.1/45023] INFO  ozone.MiniOzoneClusterImpl (MiniOzoneClusterImpl.java:lambda$waitForClusterToBeReady$0(219)) - Waiting for cluster to exit safe mode
2022-08-09 13:50:27,064 [Listener at 127.0.0.1/45023] INFO  ozone.MiniOzoneClusterImpl (MiniOzoneClusterImpl.java:lambda$waitForClusterToBeReady$0(221)) - SCM became leader
2022-08-09 13:50:27,121 [IPC Server handler 1 on default port 38209] INFO  net.NetworkTopologyImpl (NetworkTopologyImpl.java:add(112)) - Added a new node: /default-rack/6ff5905d-960c-4bc6-8c78-bddfc36801e9
2022-08-09 13:50:27,121 [IPC Server handler 1 on default port 38209] INFO  node.SCMNodeManager (SCMNodeManager.java:register(397)) - Registered Data node : 6ff5905d-960c-4bc6-8c78-bddfc36801e9{ip: 10.1.0.19, host: fv-az450-466.jnfmftgkylze5hd05chtbp1i0a.dx.internal.cloudapp.net, ports: [REPLICATION=40271, RATIS=41329, RATIS_ADMIN=41329, RATIS_SERVER=41329, STANDALONE=42977], networkLocation: /default-rack, certSerialId: null, persistedOpState: null, persistedOpStateExpiryEpochSec: 0}
2022-08-09 13:50:27,123 [EventQueue-NewNodeForNewNodeHandler] INFO  pipeline.BackgroundPipelineCreator (BackgroundPipelineCreator.java:notifyEventTriggered(276)) - trigger a one-shot run on RatisPipelineUtilsThread.
2022-08-09 13:50:27,140 [EventQueue-NodeRegistrationContainerReportForDataNodeSafeModeRule] INFO  safemode.SCMSafeModeManager (DataNodeSafeModeRule.java:process(71)) - SCM in safe mode. 2 DataNodes registered, 3 required.
2022-08-09 13:50:27,144 [RatisPipelineUtilsThread - 0] INFO  pipeline.RatisPipelineProvider (RatisPipelineProvider.java:lambda$create$0(195)) - Sending CreatePipelineCommand for pipeline:PipelineID=0928fd30-caf0-4a63-b093-d82734d27a13 to datanode:6ff5905d-960c-4bc6-8c78-bddfc36801e9
2022-08-09 13:50:27,145 [RatisPipelineUtilsThread - 0] INFO  pipeline.PipelineStateManagerImpl (PipelineStateManagerImpl.java:addPipeline(103)) - Created pipeline Pipeline[ Id: 0928fd30-caf0-4a63-b093-d82734d27a13, Nodes: 6ff5905d-960c-4bc6-8c78-bddfc36801e9{ip: 10.1.0.19, host: fv-az450-466.jnfmftgkylze5hd05chtbp1i0a.dx.internal.cloudapp.net, ports: [REPLICATION=40271, RATIS=41329, RATIS_ADMIN=41329, RATIS_SERVER=41329, STANDALONE=42977], networkLocation: /default-rack, certSerialId: null, persistedOpState: IN_SERVICE, persistedOpStateExpiryEpochSec: 0}, ReplicationConfig: RATIS/ONE, State:ALLOCATED, leaderId:, CreationTimestamp2022-08-09T13:50:27.144Z[Etc/UTC]].
2022-08-09 13:50:27,164 [EndpointStateMachine task thread for /0.0.0.0:38209 - 0 ] INFO  volume.HddsVolume (HddsVolume.java:createDbStore(309)) - SchemaV3 db is created and loaded at /home/runner/work/ozone/ozone/hadoop-ozone/integration-test/target/test-dir/MiniOzoneClusterImpl-a5f63cd0-adde-411c-a334-77d0cb0a7b46/datanode-3/data-0/containers/hdds/a5f63cd0-adde-411c-a334-77d0cb0a7b46/DS-b5793d61-77cd-44b9-92bd-262c6e367ff3/container.db for volume DS-b5793d61-77cd-44b9-92bd-262c6e367ff3
2022-08-09 13:50:27,164 [EndpointStateMachine task thread for /0.0.0.0:38209 - 0 ] INFO  volume.HddsVolume (HddsVolume.java:closeDbStore(340)) - SchemaV3 db is stopped at /home/runner/work/ozone/ozone/hadoop-ozone/integration-test/target/test-dir/MiniOzoneClusterImpl-a5f63cd0-adde-411c-a334-77d0cb0a7b46/datanode-3/data-0/containers/hdds/a5f63cd0-adde-411c-a334-77d0cb0a7b46/DS-b5793d61-77cd-44b9-92bd-262c6e367ff3/container.db for volume DS-b5793d61-77cd-44b9-92bd-262c6e367ff3
2022-08-09 13:50:27,164 [EndpointStateMachine task thread for /0.0.0.0:38209 - 0 ] INFO  ozoneimpl.OzoneContainer (OzoneContainer.java:start(377)) - Attempting to start container services.
2022-08-09 13:50:27,164 [EndpointStateMachine task thread for /0.0.0.0:38209 - 0 ] INFO  ozoneimpl.OzoneContainer (OzoneContainer.java:startContainerScrub(312)) - Background container scanner has been disabled.
2022-08-09 13:50:27,182 [EndpointStateMachine task thread for /0.0.0.0:38209 - 0 ] INFO  replication.ReplicationServer (ReplicationServer.java:start(111)) - ReplicationServer is started using port 38227
2022-08-09 13:50:27,190 [EndpointStateMachine task thread for /0.0.0.0:38209 - 0 ] INFO  ratis.XceiverServerRatis (XceiverServerRatis.java:start(481)) - Starting XceiverServerRatis 7ef00aaf-719f-4d6c-a113-08e756e8a738
2022-08-09 13:50:27,197 [EndpointStateMachine task thread for /0.0.0.0:38209 - 0 ] INFO  server.RaftServer (RaftServerProxy.java:lambda$start$6(382)) - 7ef00aaf-719f-4d6c-a113-08e756e8a738: start RPC server
2022-08-09 13:50:27,214 [EndpointStateMachine task thread for /0.0.0.0:38209 - 0 ] INFO  server.GrpcService (GrpcService.java:startImpl(260)) - 7ef00aaf-719f-4d6c-a113-08e756e8a738: GrpcService started, listening on 35461
2022-08-09 13:50:27,217 [EndpointStateMachine task thread for /0.0.0.0:38209 - 0 ] INFO  ratis.XceiverServerRatis (XceiverServerRatis.java:getRealPort(502)) - XceiverServerRatis 7ef00aaf-719f-4d6c-a113-08e756e8a738 is started using port 35461 for RATIS
2022-08-09 13:50:27,217 [EndpointStateMachine task thread for /0.0.0.0:38209 - 0 ] INFO  ratis.XceiverServerRatis (XceiverServerRatis.java:getRealPort(502)) - XceiverServerRatis 7ef00aaf-719f-4d6c-a113-08e756e8a738 is started using port 35461 for RATIS_ADMIN
2022-08-09 13:50:27,217 [EndpointStateMachine task thread for /0.0.0.0:38209 - 0 ] INFO  ratis.XceiverServerRatis (XceiverServerRatis.java:getRealPort(502)) - XceiverServerRatis 7ef00aaf-719f-4d6c-a113-08e756e8a738 is started using port 35461 for RATIS_SERVER
2022-08-09 13:50:27,217 [org.apache.ratis.util.JvmPauseMonitor$$Lambda$615/629946574@18a65b2d] INFO  util.JvmPauseMonitor (JvmPauseMonitor.java:run(103)) - JvmPauseMonitor-7ef00aaf-719f-4d6c-a113-08e756e8a738: Started
2022-08-09 13:50:27,294 [EndpointStateMachine task thread for /0.0.0.0:38209 - 0 ] INFO  server.XceiverServerGrpc (XceiverServerGrpc.java:start(180)) - XceiverServerGrpc 7ef00aaf-719f-4d6c-a113-08e756e8a738 is started using port 33183
2022-08-09 13:50:28,011 [Finalizer] WARN  managed.ManagedRocksObjectUtils (ManagedRocksObjectUtils.java:assertClosed(39)) - ManagedDBOptions is not closed properly
2022-08-09 13:50:28,011 [Finalizer] WARN  managed.ManagedRocksObjectUtils (ManagedRocksObjectUtils.java:assertClosed(39)) - ManagedColumnFamilyOptions is not closed properly
2022-08-09 13:50:28,011 [Finalizer] WARN  managed.ManagedRocksObjectUtils (ManagedRocksObjectUtils.java:assertClosed(39)) - ManagedLRUCache is not closed properly
2022-08-09 13:50:28,011 [Finalizer] WARN  managed.ManagedRocksObjectUtils (ManagedRocksObjectUtils.java:assertClosed(39)) - ManagedBloomFilter is not closed properly
2022-08-09 13:50:28,011 [Finalizer] WARN  managed.ManagedRocksObjectUtils (ManagedRocksObjectUtils.java:assertClosed(39)) - ManagedDBOptions is not closed properly
2022-08-09 13:50:28,011 [Finalizer] WARN  managed.ManagedRocksObjectUtils (ManagedRocksObjectUtils.java:assertClosed(39)) - ManagedColumnFamilyOptions is not closed properly
2022-08-09 13:50:28,011 [Finalizer] WARN  managed.ManagedRocksObjectUtils (ManagedRocksObjectUtils.java:assertClosed(39)) - ManagedLRUCache is not closed properly
2022-08-09 13:50:28,011 [Finalizer] WARN  managed.ManagedRocksObjectUtils (ManagedRocksObjectUtils.java:assertClosed(39)) - ManagedBloomFilter is not closed properly
2022-08-09 13:50:28,064 [Listener at 127.0.0.1/45023] INFO  ozone.MiniOzoneClusterImpl (MiniOzoneClusterImpl.java:lambda$waitForClusterToBeReady$0(216)) - Waiting for nodes to be ready. Got 2 of 5 DN Heartbeats.
2022-08-09 13:50:28,065 [Listener at 127.0.0.1/45023] INFO  ozone.MiniOzoneClusterImpl (MiniOzoneClusterImpl.java:lambda$waitForClusterToBeReady$0(219)) - Waiting for cluster to exit safe mode
2022-08-09 13:50:28,065 [Listener at 127.0.0.1/45023] INFO  ozone.MiniOzoneClusterImpl (MiniOzoneClusterImpl.java:lambda$waitForClusterToBeReady$0(221)) - SCM became leader
2022-08-09 13:50:28,146 [IPC Server handler 2 on default port 38209] INFO  net.NetworkTopologyImpl (NetworkTopologyImpl.java:add(112)) - Added a new node: /default-rack/8852ae54-4ed3-4d1d-b462-9046b334363d
2022-08-09 13:50:28,146 [IPC Server handler 2 on default port 38209] INFO  node.SCMNodeManager (SCMNodeManager.java:register(397)) - Registered Data node : 8852ae54-4ed3-4d1d-b462-9046b334363d{ip: 10.1.0.19, host: fv-az450-466.jnfmftgkylze5hd05chtbp1i0a.dx.internal.cloudapp.net, ports: [REPLICATION=40453, RATIS=36749, RATIS_ADMIN=36749, RATIS_SERVER=36749, STANDALONE=44299], networkLocation: /default-rack, certSerialId: null, persistedOpState: null, persistedOpStateExpiryEpochSec: 0}
2022-08-09 13:50:28,146 [EventQueue-NewNodeForNewNodeHandler] INFO  pipeline.BackgroundPipelineCreator (BackgroundPipelineCreator.java:notifyEventTriggered(276)) - trigger a one-shot run on RatisPipelineUtilsThread.
2022-08-09 13:50:28,153 [EventQueue-NodeRegistrationContainerReportForDataNodeSafeModeRule] INFO  safemode.SCMSafeModeManager (DataNodeSafeModeRule.java:process(71)) - SCM in safe mode. 3 DataNodes registered, 3 required.
2022-08-09 13:50:28,153 [EventQueue-NodeRegistrationContainerReportForDataNodeSafeModeRule] INFO  safemode.SCMSafeModeManager (SCMSafeModeManager.java:validateSafeModeExitRules(204)) - DataNodeSafeModeRule rule is successfully validated
2022-08-09 13:50:28,153 [EventQueue-NodeRegistrationContainerReportForDataNodeSafeModeRule] INFO  safemode.SCMSafeModeManager (SCMSafeModeManager.java:completePreCheck(233)) - All SCM safe mode pre check rules have passed
2022-08-09 13:50:28,153 [EventQueue-NodeRegistrationContainerReportForDataNodeSafeModeRule] WARN  events.EventQueue (EventQueue.java:fireEvent(216)) - No event handler registered for event TypedEvent{payloadType=SafeModeStatus, name='Safe mode status'}
2022-08-09 13:50:28,153 [EventQueue-NodeRegistrationContainerReportForDataNodeSafeModeRule] INFO  ha.SCMContext (SCMContext.java:updateSafeModeStatus(228)) - Update SafeModeStatus from SafeModeStatus{safeModeStatus=true, preCheckPassed=false} to SafeModeStatus{safeModeStatus=true, preCheckPassed=true}.
2022-08-09 13:50:28,153 [EventQueue-NodeRegistrationContainerReportForDataNodeSafeModeRule] INFO  pipeline.BackgroundPipelineCreator (BackgroundPipelineCreator.java:notifyEventTriggered(276)) - trigger a one-shot run on RatisPipelineUtilsThread.
2022-08-09 13:50:28,154 [RatisPipelineUtilsThread - 0] INFO  pipeline.RatisPipelineProvider (RatisPipelineProvider.java:lambda$create$0(195)) - Sending CreatePipelineCommand for pipeline:PipelineID=00728c01-1287-4503-a98c-100714e6300f to datanode:8852ae54-4ed3-4d1d-b462-9046b334363d
2022-08-09 13:50:28,154 [RatisPipelineUtilsThread - 0] INFO  pipeline.PipelineStateManagerImpl (PipelineStateManagerImpl.java:addPipeline(103)) - Created pipeline Pipeline[ Id: 00728c01-1287-4503-a98c-100714e6300f, Nodes: 8852ae54-4ed3-4d1d-b462-9046b334363d{ip: 10.1.0.19, host: fv-az450-466.jnfmftgkylze5hd05chtbp1i0a.dx.internal.cloudapp.net, ports: [REPLICATION=40453, RATIS=36749, RATIS_ADMIN=36749, RATIS_SERVER=36749, STANDALONE=44299], networkLocation: /default-rack, certSerialId: null, persistedOpState: IN_SERVICE, persistedOpStateExpiryEpochSec: 0}, ReplicationConfig: RATIS/ONE, State:ALLOCATED, leaderId:, CreationTimestamp2022-08-09T13:50:28.154Z[Etc/UTC]].
2022-08-09 13:50:28,154 [RatisPipelineUtilsThread - 0] INFO  pipeline.RatisPipelineProvider (RatisPipelineProvider.java:lambda$create$0(195)) - Sending CreatePipelineCommand for pipeline:PipelineID=921b1cfc-b433-497a-8f83-1b8caafb04fe to datanode:8852ae54-4ed3-4d1d-b462-9046b334363d
2022-08-09 13:50:28,154 [RatisPipelineUtilsThread - 0] INFO  pipeline.RatisPipelineProvider (RatisPipelineProvider.java:lambda$create$0(195)) - Sending CreatePipelineCommand for pipeline:PipelineID=921b1cfc-b433-497a-8f83-1b8caafb04fe to datanode:eda375c3-f1b4-45e6-ba42-67ae65a4fd55
2022-08-09 13:50:28,154 [RatisPipelineUtilsThread - 0] INFO  pipeline.RatisPipelineProvider (RatisPipelineProvider.java:lambda$create$0(195)) - Sending CreatePipelineCommand for pipeline:PipelineID=921b1cfc-b433-497a-8f83-1b8caafb04fe to datanode:6ff5905d-960c-4bc6-8c78-bddfc36801e9
2022-08-09 13:50:28,155 [RatisPipelineUtilsThread - 0] INFO  pipeline.PipelineStateManagerImpl (PipelineStateManagerImpl.java:addPipeline(103)) - Created pipeline Pipeline[ Id: 921b1cfc-b433-497a-8f83-1b8caafb04fe, Nodes: 8852ae54-4ed3-4d1d-b462-9046b334363d{ip: 10.1.0.19, host: fv-az450-466.jnfmftgkylze5hd05chtbp1i0a.dx.internal.cloudapp.net, ports: [REPLICATION=40453, RATIS=36749, RATIS_ADMIN=36749, RATIS_SERVER=36749, STANDALONE=44299], networkLocation: /default-rack, certSerialId: null, persistedOpState: IN_SERVICE, persistedOpStateExpiryEpochSec: 0}eda375c3-f1b4-45e6-ba42-67ae65a4fd55{ip: 10.1.0.19, host: fv-az450-466.jnfmftgkylze5hd05chtbp1i0a.dx.internal.cloudapp.net, ports: [REPLICATION=44867, RATIS=34243, RATIS_ADMIN=34243, RATIS_SERVER=34243, STANDALONE=43943], networkLocation: /default-rack, certSerialId: null, persistedOpState: IN_SERVICE, persistedOpStateExpiryEpochSec: 0}6ff5905d-960c-4bc6-8c78-bddfc36801e9{ip: 10.1.0.19, host: fv-az450-466.jnfmftgkylze5hd05chtbp1i0a.dx.internal.cloudapp.net, ports: [REPLICATION=40271, RATIS=41329, RATIS_ADMIN=41329, RATIS_SERVER=41329, STANDALONE=42977], networkLocation: /default-rack, certSerialId: null, persistedOpState: IN_SERVICE, persistedOpStateExpiryEpochSec: 0}, ReplicationConfig: RATIS/THREE, State:ALLOCATED, leaderId:, CreationTimestamp2022-08-09T13:50:28.154Z[Etc/UTC]].
2022-08-09 13:50:28,155 [RatisPipelineUtilsThread - 0] INFO  pipeline.RatisPipelineProvider (RatisPipelineProvider.java:lambda$create$0(195)) - Sending CreatePipelineCommand for pipeline:PipelineID=80449312-e5e7-4c5b-be18-0ec1fdf9c42e to datanode:eda375c3-f1b4-45e6-ba42-67ae65a4fd55
2022-08-09 13:50:28,155 [RatisPipelineUtilsThread - 0] INFO  pipeline.RatisPipelineProvider (RatisPipelineProvider.java:lambda$create$0(195)) - Sending CreatePipelineCommand for pipeline:PipelineID=80449312-e5e7-4c5b-be18-0ec1fdf9c42e to datanode:8852ae54-4ed3-4d1d-b462-9046b334363d
2022-08-09 13:50:28,155 [RatisPipelineUtilsThread - 0] INFO  pipeline.RatisPipelineProvider (RatisPipelineProvider.java:lambda$create$0(195)) - Sending CreatePipelineCommand for pipeline:PipelineID=80449312-e5e7-4c5b-be18-0ec1fdf9c42e to datanode:6ff5905d-960c-4bc6-8c78-bddfc36801e9
2022-08-09 13:50:28,155 [RatisPipelineUtilsThread - 0] INFO  pipeline.PipelineStateManagerImpl (PipelineStateManagerImpl.java:addPipeline(103)) - Created pipeline Pipeline[ Id: 80449312-e5e7-4c5b-be18-0ec1fdf9c42e, Nodes: eda375c3-f1b4-45e6-ba42-67ae65a4fd55{ip: 10.1.0.19, host: fv-az450-466.jnfmftgkylze5hd05chtbp1i0a.dx.internal.cloudapp.net, ports: [REPLICATION=44867, RATIS=34243, RATIS_ADMIN=34243, RATIS_SERVER=34243, STANDALONE=43943], networkLocation: /default-rack, certSerialId: null, persistedOpState: IN_SERVICE, persistedOpStateExpiryEpochSec: 0}8852ae54-4ed3-4d1d-b462-9046b334363d{ip: 10.1.0.19, host: fv-az450-466.jnfmftgkylze5hd05chtbp1i0a.dx.internal.cloudapp.net, ports: [REPLICATION=40453, RATIS=36749, RATIS_ADMIN=36749, RATIS_SERVER=36749, STANDALONE=44299], networkLocation: /default-rack, certSerialId: null, persistedOpState: IN_SERVICE, persistedOpStateExpiryEpochSec: 0}6ff5905d-960c-4bc6-8c78-bddfc36801e9{ip: 10.1.0.19, host: fv-az450-466.jnfmftgkylze5hd05chtbp1i0a.dx.internal.cloudapp.net, ports: [REPLICATION=40271, RATIS=41329, RATIS_ADMIN=41329, RATIS_SERVER=41329, STANDALONE=42977], networkLocation: /default-rack, certSerialId: null, persistedOpState: IN_SERVICE, persistedOpStateExpiryEpochSec: 0}, ReplicationConfig: RATIS/THREE, State:ALLOCATED, leaderId:, CreationTimestamp2022-08-09T13:50:28.155Z[Etc/UTC]].
2022-08-09 13:50:28,155 [RatisPipelineUtilsThread - 0] INFO  pipeline.PipelineManagerImpl (PipelineManagerImpl.java:recordMetricsForPipeline(796)) - Pipeline: PipelineID=80449312-e5e7-4c5b-be18-0ec1fdf9c42e contains same datanodes as previous pipelines: PipelineID=921b1cfc-b433-497a-8f83-1b8caafb04fe nodeIds: eda375c3-f1b4-45e6-ba42-67ae65a4fd55, 8852ae54-4ed3-4d1d-b462-9046b334363d, 6ff5905d-960c-4bc6-8c78-bddfc36801e9
2022-08-09 13:50:28,346 [EndpointStateMachine task thread for /0.0.0.0:38209 - 0 ] INFO  volume.HddsVolume (HddsVolume.java:createDbStore(309)) - SchemaV3 db is created and loaded at /home/runner/work/ozone/ozone/hadoop-ozone/integration-test/target/test-dir/MiniOzoneClusterImpl-a5f63cd0-adde-411c-a334-77d0cb0a7b46/datanode-4/data-0/containers/hdds/a5f63cd0-adde-411c-a334-77d0cb0a7b46/DS-50e4c27f-a58d-43c9-bcae-3158c8fc2507/container.db for volume DS-50e4c27f-a58d-43c9-bcae-3158c8fc2507
2022-08-09 13:50:28,347 [EndpointStateMachine task thread for /0.0.0.0:38209 - 0 ] INFO  volume.HddsVolume (HddsVolume.java:closeDbStore(340)) - SchemaV3 db is stopped at /home/runner/work/ozone/ozone/hadoop-ozone/integration-test/target/test-dir/MiniOzoneClusterImpl-a5f63cd0-adde-411c-a334-77d0cb0a7b46/datanode-4/data-0/containers/hdds/a5f63cd0-adde-411c-a334-77d0cb0a7b46/DS-50e4c27f-a58d-43c9-bcae-3158c8fc2507/container.db for volume DS-50e4c27f-a58d-43c9-bcae-3158c8fc2507
2022-08-09 13:50:28,347 [EndpointStateMachine task thread for /0.0.0.0:38209 - 0 ] INFO  ozoneimpl.OzoneContainer (OzoneContainer.java:start(377)) - Attempting to start container services.
2022-08-09 13:50:28,347 [EndpointStateMachine task thread for /0.0.0.0:38209 - 0 ] INFO  ozoneimpl.OzoneContainer (OzoneContainer.java:startContainerScrub(312)) - Background container scanner has been disabled.
2022-08-09 13:50:28,370 [EndpointStateMachine task thread for /0.0.0.0:38209 - 0 ] INFO  replication.ReplicationServer (ReplicationServer.java:start(111)) - ReplicationServer is started using port 35331
2022-08-09 13:50:28,378 [EndpointStateMachine task thread for /0.0.0.0:38209 - 0 ] INFO  ratis.XceiverServerRatis (XceiverServerRatis.java:start(481)) - Starting XceiverServerRatis 09723a4e-7fd0-4003-a68d-b4a2e2b403bd
2022-08-09 13:50:28,381 [EndpointStateMachine task thread for /0.0.0.0:38209 - 0 ] INFO  server.RaftServer (RaftServerProxy.java:lambda$start$6(382)) - 09723a4e-7fd0-4003-a68d-b4a2e2b403bd: start RPC server
2022-08-09 13:50:28,396 [EndpointStateMachine task thread for /0.0.0.0:38209 - 0 ] INFO  server.GrpcService (GrpcService.java:startImpl(260)) - 09723a4e-7fd0-4003-a68d-b4a2e2b403bd: GrpcService started, listening on 33703
2022-08-09 13:50:28,396 [EndpointStateMachine task thread for /0.0.0.0:38209 - 0 ] INFO  ratis.XceiverServerRatis (XceiverServerRatis.java:getRealPort(502)) - XceiverServerRatis 09723a4e-7fd0-4003-a68d-b4a2e2b403bd is started using port 33703 for RATIS
2022-08-09 13:50:28,396 [EndpointStateMachine task thread for /0.0.0.0:38209 - 0 ] INFO  ratis.XceiverServerRatis (XceiverServerRatis.java:getRealPort(502)) - XceiverServerRatis 09723a4e-7fd0-4003-a68d-b4a2e2b403bd is started using port 33703 for RATIS_ADMIN
2022-08-09 13:50:28,396 [EndpointStateMachine task thread for /0.0.0.0:38209 - 0 ] INFO  ratis.XceiverServerRatis (XceiverServerRatis.java:getRealPort(502)) - XceiverServerRatis 09723a4e-7fd0-4003-a68d-b4a2e2b403bd is started using port 33703 for RATIS_SERVER
2022-08-09 13:50:28,396 [org.apache.ratis.util.JvmPauseMonitor$$Lambda$615/629946574@60e21e7a] INFO  util.JvmPauseMonitor (JvmPauseMonitor.java:run(103)) - JvmPauseMonitor-09723a4e-7fd0-4003-a68d-b4a2e2b403bd: Started
2022-08-09 13:50:28,442 [EndpointStateMachine task thread for /0.0.0.0:38209 - 0 ] INFO  server.XceiverServerGrpc (XceiverServerGrpc.java:start(180)) - XceiverServerGrpc 09723a4e-7fd0-4003-a68d-b4a2e2b403bd is started using port 39847
2022-08-09 13:50:29,065 [Listener at 127.0.0.1/45023] INFO  ozone.MiniOzoneClusterImpl (MiniOzoneClusterImpl.java:lambda$waitForClusterToBeReady$0(216)) - Waiting for nodes to be ready. Got 3 of 5 DN Heartbeats.
2022-08-09 13:50:29,065 [Listener at 127.0.0.1/45023] INFO  ozone.MiniOzoneClusterImpl (MiniOzoneClusterImpl.java:lambda$waitForClusterToBeReady$0(219)) - Waiting for cluster to exit safe mode
2022-08-09 13:50:29,065 [Listener at 127.0.0.1/45023] INFO  ozone.MiniOzoneClusterImpl (MiniOzoneClusterImpl.java:lambda$waitForClusterToBeReady$0(221)) - SCM became leader
2022-08-09 13:50:29,068 [IPC Server handler 0 on default port 38209] INFO  net.NetworkTopologyImpl (NetworkTopologyImpl.java:add(112)) - Added a new node: /default-rack/7ef00aaf-719f-4d6c-a113-08e756e8a738
2022-08-09 13:50:29,068 [IPC Server handler 0 on default port 38209] INFO  node.SCMNodeManager (SCMNodeManager.java:register(397)) - Registered Data node : 7ef00aaf-719f-4d6c-a113-08e756e8a738{ip: 10.1.0.19, host: fv-az450-466.jnfmftgkylze5hd05chtbp1i0a.dx.internal.cloudapp.net, ports: [REPLICATION=38227, RATIS=35461, RATIS_ADMIN=35461, RATIS_SERVER=35461, STANDALONE=33183], networkLocation: /default-rack, certSerialId: null, persistedOpState: null, persistedOpStateExpiryEpochSec: 0}
2022-08-09 13:50:29,069 [EventQueue-NewNodeForNewNodeHandler] INFO  pipeline.BackgroundPipelineCreator (BackgroundPipelineCreator.java:notifyEventTriggered(276)) - trigger a one-shot run on RatisPipelineUtilsThread.
2022-08-09 13:50:29,070 [RatisPipelineUtilsThread - 0] INFO  pipeline.RatisPipelineProvider (RatisPipelineProvider.java:lambda$create$0(195)) - Sending CreatePipelineCommand for pipeline:PipelineID=639165b5-8b9f-4e47-9f5d-f184f9a8231d to datanode:7ef00aaf-719f-4d6c-a113-08e756e8a738
2022-08-09 13:50:29,070 [RatisPipelineUtilsThread - 0] INFO  pipeline.PipelineStateManagerImpl (PipelineStateManagerImpl.java:addPipeline(103)) - Created pipeline Pipeline[ Id: 639165b5-8b9f-4e47-9f5d-f184f9a8231d, Nodes: 7ef00aaf-719f-4d6c-a113-08e756e8a738{ip: 10.1.0.19, host: fv-az450-466.jnfmftgkylze5hd05chtbp1i0a.dx.internal.cloudapp.net, ports: [REPLICATION=38227, RATIS=35461, RATIS_ADMIN=35461, RATIS_SERVER=35461, STANDALONE=33183], networkLocation: /default-rack, certSerialId: null, persistedOpState: IN_SERVICE, persistedOpStateExpiryEpochSec: 0}, ReplicationConfig: RATIS/ONE, State:ALLOCATED, leaderId:, CreationTimestamp2022-08-09T13:50:29.070Z[Etc/UTC]].
2022-08-09 13:50:29,189 [Command processor thread] INFO  server.RaftServer (RaftServerProxy.java:addNew(96)) - eda375c3-f1b4-45e6-ba42-67ae65a4fd55: addNew group-E4B576A48B8D:[eda375c3-f1b4-45e6-ba42-67ae65a4fd55|rpc:10.1.0.19:34243|priority:1] returns group-E4B576A48B8D:java.util.concurrent.CompletableFuture@28f60a8e[Not completed]
2022-08-09 13:50:29,207 [pool-850-thread-1] INFO  server.RaftServer$Division (RaftServerImpl.java:<init>(190)) - eda375c3-f1b4-45e6-ba42-67ae65a4fd55: new RaftServerImpl for group-E4B576A48B8D:[eda375c3-f1b4-45e6-ba42-67ae65a4fd55|rpc:10.1.0.19:34243|priority:1] with ContainerStateMachine:uninitialized
2022-08-09 13:50:29,207 [pool-850-thread-1] INFO  server.RaftServerConfigKeys (ConfUtils.java:logGet(46)) - raft.server.rpc.timeout.min = 5s (custom)
2022-08-09 13:50:29,207 [pool-850-thread-1] INFO  server.RaftServerConfigKeys (ConfUtils.java:logGet(46)) - raft.server.rpc.timeout.max = 5200ms (custom)
2022-08-09 13:50:29,207 [pool-850-thread-1] INFO  server.RaftServerConfigKeys (ConfUtils.java:logGet(46)) - raft.server.rpc.sleep.time = 25ms (default)
2022-08-09 13:50:29,207 [pool-850-thread-1] INFO  server.RaftServerConfigKeys (ConfUtils.java:logGet(46)) - raft.server.rpc.slowness.timeout = 300s (custom)
2022-08-09 13:50:29,207 [pool-850-thread-1] INFO  server.RaftServerConfigKeys (ConfUtils.java:logGet(46)) - raft.server.leaderelection.leader.step-down.wait-time = 10s (default)
2022-08-09 13:50:29,207 [pool-850-thread-1] INFO  server.RaftServerConfigKeys (ConfUtils.java:logGet(46)) - raft.server.sleep.deviation.threshold = 300ms (default)
2022-08-09 13:50:29,208 [pool-850-thread-1] INFO  server.RaftServer$Division (ServerState.java:<init>(107)) - eda375c3-f1b4-45e6-ba42-67ae65a4fd55@group-E4B576A48B8D: ConfigurationManager, init=-1: [eda375c3-f1b4-45e6-ba42-67ae65a4fd55|rpc:10.1.0.19:34243|priority:1], old=null, confs=<EMPTY_MAP>
2022-08-09 13:50:29,208 [pool-850-thread-1] INFO  server.RaftServerConfigKeys (ConfUtils.java:logGet(46)) - raft.server.storage.dir = [/home/runner/work/ozone/ozone/hadoop-ozone/integration-test/target/test-dir/MiniOzoneClusterImpl-a5f63cd0-adde-411c-a334-77d0cb0a7b46/datanode-0/data/ratis] (custom)
2022-08-09 13:50:29,208 [pool-850-thread-1] INFO  server.RaftServerConfigKeys (ConfUtils.java:logGet(46)) - raft.server.log.corruption.policy = EXCEPTION (default)
2022-08-09 13:50:29,208 [pool-850-thread-1] INFO  server.RaftServerConfigKeys (ConfUtils.java:logGet(46)) - raft.server.storage.free-space.min = 0MB (=0) (default)
2022-08-09 13:50:29,208 [pool-850-thread-1] INFO  storage.RaftStorageDirectory (RaftStorageDirectoryImpl.java:analyzeStorage(135)) - The storage directory /home/runner/work/ozone/ozone/hadoop-ozone/integration-test/target/test-dir/MiniOzoneClusterImpl-a5f63cd0-adde-411c-a334-77d0cb0a7b46/datanode-0/data/ratis/9e038f81-ac2c-4a02-93fa-e4b576a48b8d does not exist. Creating ...
2022-08-09 13:50:29,211 [pool-850-thread-1] INFO  storage.RaftStorageDirectory (RaftStorageDirectoryImpl.java:tryLock(230)) - Lock on /home/runner/work/ozone/ozone/hadoop-ozone/integration-test/target/test-dir/MiniOzoneClusterImpl-a5f63cd0-adde-411c-a334-77d0cb0a7b46/datanode-0/data/ratis/9e038f81-ac2c-4a02-93fa-e4b576a48b8d/in_use.lock acquired by nodename 10574@fv-az450-466
2022-08-09 13:50:29,212 [pool-850-thread-1] INFO  storage.RaftStorage (RaftStorageImpl.java:format(89)) - Storage directory /home/runner/work/ozone/ozone/hadoop-ozone/integration-test/target/test-dir/MiniOzoneClusterImpl-a5f63cd0-adde-411c-a334-77d0cb0a7b46/datanode-0/data/ratis/9e038f81-ac2c-4a02-93fa-e4b576a48b8d has been successfully formatted.
2022-08-09 13:50:29,213 [pool-850-thread-1] INFO  ratis.ContainerStateMachine (ContainerStateMachine.java:loadSnapshot(236)) - group-E4B576A48B8D: The snapshot info is null. Setting the last applied indexto:(t:0, i:~)
2022-08-09 13:50:29,214 [pool-850-thread-1] INFO  server.RaftServerConfigKeys (ConfUtils.java:logGet(46)) - raft.server.notification.no-leader.timeout = 300s (custom)
2022-08-09 13:50:29,214 [pool-850-thread-1] INFO  server.RaftServerConfigKeys (ConfUtils.java:logGet(46)) - raft.server.log.use.memory = false (default)
2022-08-09 13:50:29,214 [pool-850-thread-1] INFO  server.RaftServerConfigKeys (ConfUtils.java:logGet(46)) - raft.server.log.purge.gap = 1000000 (custom)
2022-08-09 13:50:29,214 [pool-850-thread-1] INFO  server.RaftServerConfigKeys (ConfUtils.java:logGet(46)) - raft.server.log.appender.buffer.byte-limit = 33554432 (custom)
2022-08-09 13:50:29,214 [pool-850-thread-1] INFO  server.RaftServerConfigKeys (ConfUtils.java:logGet(46)) - raft.server.log.statemachine.data.read.timeout = 1000ms (default)
2022-08-09 13:50:29,214 [EventQueue-PipelineReportForPipelineReportHandler] INFO  pipeline.PipelineManagerImpl (PipelineManagerImpl.java:openPipeline(367)) - Pipeline Pipeline[ Id: 9e038f81-ac2c-4a02-93fa-e4b576a48b8d, Nodes: eda375c3-f1b4-45e6-ba42-67ae65a4fd55{ip: 10.1.0.19, host: fv-az450-466.jnfmftgkylze5hd05chtbp1i0a.dx.internal.cloudapp.net, ports: [REPLICATION=44867, RATIS=34243, RATIS_ADMIN=34243, RATIS_SERVER=34243, STANDALONE=43943], networkLocation: /default-rack, certSerialId: null, persistedOpState: IN_SERVICE, persistedOpStateExpiryEpochSec: 0}, ReplicationConfig: RATIS/ONE, State:ALLOCATED, leaderId:eda375c3-f1b4-45e6-ba42-67ae65a4fd55, CreationTimestamp2022-08-09T13:50:26.291Z[Etc/UTC]] moved to OPEN state
2022-08-09 13:50:29,215 [pool-850-thread-1] INFO  server.RaftServerConfigKeys (ConfUtils.java:logGet(46)) - raft.server.log.segment.size.max = 1048576 (custom)
2022-08-09 13:50:29,215 [pool-850-thread-1] INFO  server.RaftServerConfigKeys (ConfUtils.java:logGet(46)) - raft.server.log.segment.cache.num.max = 2 (custom)
2022-08-09 13:50:29,215 [pool-850-thread-1] INFO  server.RaftServerConfigKeys (ConfUtils.java:logGet(46)) - raft.server.log.segment.cache.size.max = 200MB (=209715200) (default)
2022-08-09 13:50:29,216 [pool-850-thread-1] INFO  segmented.SegmentedRaftLogWorker (SegmentedRaftLogWorker.java:<init>(187)) - new eda375c3-f1b4-45e6-ba42-67ae65a4fd55@group-E4B576A48B8D-SegmentedRaftLogWorker for RaftStorageImpl:Storage Directory /home/runner/work/ozone/ozone/hadoop-ozone/integration-test/target/test-dir/MiniOzoneClusterImpl-a5f63cd0-adde-411c-a334-77d0cb0a7b46/datanode-0/data/ratis/9e038f81-ac2c-4a02-93fa-e4b576a48b8d
2022-08-09 13:50:29,216 [pool-850-thread-1] INFO  server.RaftServerConfigKeys (ConfUtils.java:logGet(46)) - raft.server.log.queue.byte-limit = 4294967296 (custom)
2022-08-09 13:50:29,216 [pool-850-thread-1] INFO  server.RaftServerConfigKeys (ConfUtils.java:logGet(46)) - raft.server.log.queue.element-limit = 1024 (custom)
2022-08-09 13:50:29,216 [pool-850-thread-1] INFO  server.RaftServerConfigKeys (ConfUtils.java:logGet(46)) - raft.server.log.segment.size.max = 1048576 (custom)
2022-08-09 13:50:29,216 [pool-850-thread-1] INFO  server.RaftServerConfigKeys (ConfUtils.java:logGet(46)) - raft.server.log.preallocated.size = 16384 (custom)
2022-08-09 13:50:29,216 [pool-850-thread-1] INFO  server.RaftServerConfigKeys (ConfUtils.java:logGet(46)) - raft.server.log.force.sync.num = 128 (default)
2022-08-09 13:50:29,216 [pool-850-thread-1] INFO  server.RaftServerConfigKeys (ConfUtils.java:logGet(46)) - raft.server.log.statemachine.data.sync = true (default)
2022-08-09 13:50:29,216 [pool-850-thread-1] INFO  server.RaftServerConfigKeys (ConfUtils.java:logGet(46)) - raft.server.log.statemachine.data.sync.timeout = 10s (default)
2022-08-09 13:50:29,216 [pool-850-thread-1] INFO  server.RaftServerConfigKeys (ConfUtils.java:logGet(46)) - raft.server.log.statemachine.data.sync.timeout.retry = -1 (default)
2022-08-09 13:50:29,217 [pool-850-thread-1] INFO  server.RaftServerConfigKeys (ConfUtils.java:logGet(46)) - raft.server.log.write.buffer.size = 1048576 (custom)
2022-08-09 13:50:29,242 [EventQueue-OpenPipelineForHealthyPipelineSafeModeRule] INFO  safemode.SCMSafeModeManager (HealthyPipelineSafeModeRule.java:process(137)) - SCM in safe mode. Healthy pipelines reported count is 0, required healthy pipeline reported count is 1
2022-08-09 13:50:29,247 [pool-850-thread-1] INFO  server.RaftServerConfigKeys (ConfUtils.java:logGet(46)) - raft.server.log.unsafe-flush.enabled = false (default)
2022-08-09 13:50:29,247 [pool-850-thread-1] INFO  server.RaftServerConfigKeys (ConfUtils.java:logGet(46)) - raft.server.log.statemachine.data.caching.enabled = true (custom)
2022-08-09 13:50:29,248 [pool-850-thread-1] INFO  segmented.SegmentedRaftLogWorker (SegmentedRaftLogWorker.java:lambda$new$0(135)) - eda375c3-f1b4-45e6-ba42-67ae65a4fd55@group-E4B576A48B8D-SegmentedRaftLogWorker: flushIndex: setUnconditionally 0 -> -1
2022-08-09 13:50:29,248 [pool-850-thread-1] INFO  segmented.SegmentedRaftLogWorker (SegmentedRaftLogWorker.java:lambda$new$0(135)) - eda375c3-f1b4-45e6-ba42-67ae65a4fd55@group-E4B576A48B8D-SegmentedRaftLogWorker: safeCacheEvictIndex: setUnconditionally 0 -> -1
2022-08-09 13:50:29,266 [pool-850-thread-1] INFO  server.RaftServerConfigKeys (ConfUtils.java:logGet(46)) - raft.server.snapshot.auto.trigger.enabled = true (custom)
2022-08-09 13:50:29,266 [pool-850-thread-1] INFO  server.RaftServerConfigKeys (ConfUtils.java:logGet(46)) - raft.server.snapshot.auto.trigger.threshold = 10000 (custom)
2022-08-09 13:50:29,266 [pool-850-thread-1] INFO  server.RaftServerConfigKeys (ConfUtils.java:logGet(46)) - raft.server.snapshot.retention.file.num = 5 (custom)
2022-08-09 13:50:29,266 [pool-850-thread-1] INFO  server.RaftServerConfigKeys (ConfUtils.java:logGet(46)) - raft.server.log.purge.upto.snapshot.index = false (default)
2022-08-09 13:50:29,266 [pool-850-thread-1] INFO  server.RaftServerConfigKeys (ConfUtils.java:logGet(46)) - raft.server.retrycache.expirytime = 600000ms (custom)
2022-08-09 13:50:29,266 [pool-850-thread-1] INFO  server.RaftServerConfigKeys (ConfUtils.java:logGet(46)) - raft.server.retrycache.statistics.expirytime = 100μs (default)
2022-08-09 13:50:29,268 [pool-850-thread-1] INFO  server.RaftServerConfigKeys (ConfUtils.java:logGet(46)) - raft.server.log.appender.install.snapshot.enabled = false (custom)
2022-08-09 13:50:29,268 [pool-850-thread-1] INFO  server.RaftServerConfigKeys (ConfUtils.java:logGet(46)) - raft.server.threadpool.server.cached = true (default)
2022-08-09 13:50:29,268 [pool-850-thread-1] INFO  server.RaftServerConfigKeys (ConfUtils.java:logGet(46)) - raft.server.threadpool.server.size = 0 (default)
2022-08-09 13:50:29,268 [pool-850-thread-1] INFO  server.RaftServerConfigKeys (ConfUtils.java:logGet(46)) - raft.server.threadpool.client.cached = true (default)
2022-08-09 13:50:29,268 [pool-850-thread-1] INFO  server.RaftServerConfigKeys (ConfUtils.java:logGet(46)) - raft.server.threadpool.client.size = 0 (default)
2022-08-09 13:50:29,268 [pool-850-thread-1] INFO  server.RaftServer$Division (RaftServerImpl.java:start(310)) - eda375c3-f1b4-45e6-ba42-67ae65a4fd55@group-E4B576A48B8D: start as a follower, conf=-1: [eda375c3-f1b4-45e6-ba42-67ae65a4fd55|rpc:10.1.0.19:34243|priority:1], old=null
2022-08-09 13:50:29,268 [pool-850-thread-1] INFO  server.RaftServer$Division (RaftServerImpl.java:setRole(299)) - eda375c3-f1b4-45e6-ba42-67ae65a4fd55@group-E4B576A48B8D: changes role from      null to FOLLOWER at term 0 for startAsFollower
2022-08-09 13:50:29,268 [pool-850-thread-1] INFO  impl.RoleInfo (RoleInfo.java:updateAndGet(139)) - eda375c3-f1b4-45e6-ba42-67ae65a4fd55: start eda375c3-f1b4-45e6-ba42-67ae65a4fd55@group-E4B576A48B8D-FollowerState
2022-08-09 13:50:29,297 [pool-850-thread-1] INFO  util.JmxRegister (JmxRegister.java:tryRegister(44)) - Successfully registered JMX Bean with object name Ratis:service=RaftServer,group=group-E4B576A48B8D,id=eda375c3-f1b4-45e6-ba42-67ae65a4fd55
2022-08-09 13:50:29,304 [Command processor thread] INFO  ratis.XceiverServerRatis (XceiverServerRatis.java:addGroup(765)) - Created group PipelineID=9e038f81-ac2c-4a02-93fa-e4b576a48b8d
2022-08-09 13:50:29,304 [Command processor thread] INFO  commandhandler.CreatePipelineCommandHandler (CreatePipelineCommandHandler.java:handle(113)) - Created Pipeline RATIS ONE PipelineID=9e038f81-ac2c-4a02-93fa-e4b576a48b8d.
2022-08-09 13:50:29,304 [Command processor thread] INFO  server.RaftServer (RaftServerProxy.java:addNew(96)) - eda375c3-f1b4-45e6-ba42-67ae65a4fd55: addNew group-1B8CAAFB04FE:[6ff5905d-960c-4bc6-8c78-bddfc36801e9|rpc:10.1.0.19:41329|priority:1, 8852ae54-4ed3-4d1d-b462-9046b334363d|rpc:10.1.0.19:36749|priority:0, eda375c3-f1b4-45e6-ba42-67ae65a4fd55|rpc:10.1.0.19:34243|priority:0] returns group-1B8CAAFB04FE:java.util.concurrent.CompletableFuture@2cc98b48[Not completed]
2022-08-09 13:50:29,305 [pool-850-thread-1] INFO  server.RaftServer$Division (RaftServerImpl.java:<init>(190)) - eda375c3-f1b4-45e6-ba42-67ae65a4fd55: new RaftServerImpl for group-1B8CAAFB04FE:[6ff5905d-960c-4bc6-8c78-bddfc36801e9|rpc:10.1.0.19:41329|priority:1, 8852ae54-4ed3-4d1d-b462-9046b334363d|rpc:10.1.0.19:36749|priority:0, eda375c3-f1b4-45e6-ba42-67ae65a4fd55|rpc:10.1.0.19:34243|priority:0] with ContainerStateMachine:uninitialized
2022-08-09 13:50:29,305 [pool-850-thread-1] INFO  server.RaftServerConfigKeys (ConfUtils.java:logGet(46)) - raft.server.rpc.timeout.min = 5s (custom)
2022-08-09 13:50:29,305 [pool-850-thread-1] INFO  server.RaftServerConfigKeys (ConfUtils.java:logGet(46)) - raft.server.rpc.timeout.max = 5200ms (custom)
2022-08-09 13:50:29,305 [pool-850-thread-1] INFO  server.RaftServerConfigKeys (ConfUtils.java:logGet(46)) - raft.server.rpc.sleep.time = 25ms (default)
2022-08-09 13:50:29,305 [pool-850-thread-1] INFO  server.RaftServerConfigKeys (ConfUtils.java:logGet(46)) - raft.server.rpc.slowness.timeout = 300s (custom)
2022-08-09 13:50:29,305 [pool-850-thread-1] INFO  server.RaftServerConfigKeys (ConfUtils.java:logGet(46)) - raft.server.leaderelection.leader.step-down.wait-time = 10s (default)
2022-08-09 13:50:29,305 [pool-850-thread-1] INFO  server.RaftServerConfigKeys (ConfUtils.java:logGet(46)) - raft.server.sleep.deviation.threshold = 300ms (default)
2022-08-09 13:50:29,305 [pool-850-thread-1] INFO  server.RaftServer$Division (ServerState.java:<init>(107)) - eda375c3-f1b4-45e6-ba42-67ae65a4fd55@group-1B8CAAFB04FE: ConfigurationManager, init=-1: [6ff5905d-960c-4bc6-8c78-bddfc36801e9|rpc:10.1.0.19:41329|priority:1, 8852ae54-4ed3-4d1d-b462-9046b334363d|rpc:10.1.0.19:36749|priority:0, eda375c3-f1b4-45e6-ba42-67ae65a4fd55|rpc:10.1.0.19:34243|priority:0], old=null, confs=<EMPTY_MAP>
2022-08-09 13:50:29,306 [pool-850-thread-1] INFO  server.RaftServerConfigKeys (ConfUtils.java:logGet(46)) - raft.server.storage.dir = [/home/runner/work/ozone/ozone/hadoop-ozone/integration-test/target/test-dir/MiniOzoneClusterImpl-a5f63cd0-adde-411c-a334-77d0cb0a7b46/datanode-0/data/ratis] (custom)
2022-08-09 13:50:29,306 [pool-850-thread-1] INFO  server.RaftServerConfigKeys (ConfUtils.java:logGet(46)) - raft.server.log.corruption.policy = EXCEPTION (default)
2022-08-09 13:50:29,306 [pool-850-thread-1] INFO  server.RaftServerConfigKeys (ConfUtils.java:logGet(46)) - raft.server.storage.free-space.min = 0MB (=0) (default)
2022-08-09 13:50:29,306 [pool-850-thread-1] INFO  storage.RaftStorageDirectory (RaftStorageDirectoryImpl.java:analyzeStorage(135)) - The storage directory /home/runner/work/ozone/ozone/hadoop-ozone/integration-test/target/test-dir/MiniOzoneClusterImpl-a5f63cd0-adde-411c-a334-77d0cb0a7b46/datanode-0/data/ratis/921b1cfc-b433-497a-8f83-1b8caafb04fe does not exist. Creating ...
2022-08-09 13:50:29,307 [pool-850-thread-1] INFO  storage.RaftStorageDirectory (RaftStorageDirectoryImpl.java:tryLock(230)) - Lock on /home/runner/work/ozone/ozone/hadoop-ozone/integration-test/target/test-dir/MiniOzoneClusterImpl-a5f63cd0-adde-411c-a334-77d0cb0a7b46/datanode-0/data/ratis/921b1cfc-b433-497a-8f83-1b8caafb04fe/in_use.lock acquired by nodename 10574@fv-az450-466
2022-08-09 13:50:29,308 [pool-850-thread-1] INFO  storage.RaftStorage (RaftStorageImpl.java:format(89)) - Storage directory /home/runner/work/ozone/ozone/hadoop-ozone/integration-test/target/test-dir/MiniOzoneClusterImpl-a5f63cd0-adde-411c-a334-77d0cb0a7b46/datanode-0/data/ratis/921b1cfc-b433-497a-8f83-1b8caafb04fe has been successfully formatted.
2022-08-09 13:50:29,309 [pool-850-thread-1] INFO  ratis.ContainerStateMachine (ContainerStateMachine.java:loadSnapshot(236)) - group-1B8CAAFB04FE: The snapshot info is null. Setting the last applied indexto:(t:0, i:~)
2022-08-09 13:50:29,309 [pool-850-thread-1] INFO  server.RaftServerConfigKeys (ConfUtils.java:logGet(46)) - raft.server.notification.no-leader.timeout = 300s (custom)
2022-08-09 13:50:29,309 [pool-850-thread-1] INFO  server.RaftServerConfigKeys (ConfUtils.java:logGet(46)) - raft.server.log.use.memory = false (default)
2022-08-09 13:50:29,309 [pool-850-thread-1] INFO  server.RaftServerConfigKeys (ConfUtils.java:logGet(46)) - raft.server.log.purge.gap = 1000000 (custom)
2022-08-09 13:50:29,309 [pool-850-thread-1] INFO  server.RaftServerConfigKeys (ConfUtils.java:logGet(46)) - raft.server.log.appender.buffer.byte-limit = 33554432 (custom)
2022-08-09 13:50:29,309 [pool-850-thread-1] INFO  server.RaftServerConfigKeys (ConfUtils.java:logGet(46)) - raft.server.log.statemachine.data.read.timeout = 1000ms (default)
2022-08-09 13:50:29,309 [pool-850-thread-1] INFO  server.RaftServerConfigKeys (ConfUtils.java:logGet(46)) - raft.server.log.segment.size.max = 1048576 (custom)
2022-08-09 13:50:29,310 [EventQueue-OpenPipelineForHealthyPipelineSafeModeRule] INFO  safemode.SCMSafeModeManager (HealthyPipelineSafeModeRule.java:process(137)) - SCM in safe mode. Healthy pipelines reported count is 0, required healthy pipeline reported count is 1
2022-08-09 13:50:29,310 [pool-850-thread-1] INFO  server.RaftServerConfigKeys (ConfUtils.java:logGet(46)) - raft.server.log.segment.cache.num.max = 2 (custom)
2022-08-09 13:50:29,310 [pool-850-thread-1] INFO  server.RaftServerConfigKeys (ConfUtils.java:logGet(46)) - raft.server.log.segment.cache.size.max = 200MB (=209715200) (default)
2022-08-09 13:50:29,310 [pool-850-thread-1] INFO  segmented.SegmentedRaftLogWorker (SegmentedRaftLogWorker.java:<init>(187)) - new eda375c3-f1b4-45e6-ba42-67ae65a4fd55@group-1B8CAAFB04FE-SegmentedRaftLogWorker for RaftStorageImpl:Storage Directory /home/runner/work/ozone/ozone/hadoop-ozone/integration-test/target/test-dir/MiniOzoneClusterImpl-a5f63cd0-adde-411c-a334-77d0cb0a7b46/datanode-0/data/ratis/921b1cfc-b433-497a-8f83-1b8caafb04fe
2022-08-09 13:50:29,310 [pool-850-thread-1] INFO  server.RaftServerConfigKeys (ConfUtils.java:logGet(46)) - raft.server.log.queue.byte-limit = 4294967296 (custom)
2022-08-09 13:50:29,310 [pool-850-thread-1] INFO  server.RaftServerConfigKeys (ConfUtils.java:logGet(46)) - raft.server.log.queue.element-limit = 1024 (custom)
2022-08-09 13:50:29,310 [pool-850-thread-1] INFO  server.RaftServerConfigKeys (ConfUtils.java:logGet(46)) - raft.server.log.segment.size.max = 1048576 (custom)
2022-08-09 13:50:29,310 [pool-850-thread-1] INFO  server.RaftServerConfigKeys (ConfUtils.java:logGet(46)) - raft.server.log.preallocated.size = 16384 (custom)
2022-08-09 13:50:29,325 [pool-850-thread-1] INFO  server.RaftServerConfigKeys (ConfUtils.java:logGet(46)) - raft.server.log.force.sync.num = 128 (default)
2022-08-09 13:50:29,325 [pool-850-thread-1] INFO  server.RaftServerConfigKeys (ConfUtils.java:logGet(46)) - raft.server.log.statemachine.data.sync = true (default)
2022-08-09 13:50:29,325 [pool-850-thread-1] INFO  server.RaftServerConfigKeys (ConfUtils.java:logGet(46)) - raft.server.log.statemachine.data.sync.timeout = 10s (default)
2022-08-09 13:50:29,325 [pool-850-thread-1] INFO  server.RaftServerConfigKeys (ConfUtils.java:logGet(46)) - raft.server.log.statemachine.data.sync.timeout.retry = -1 (default)
2022-08-09 13:50:29,326 [pool-850-thread-1] INFO  server.RaftServerConfigKeys (ConfUtils.java:logGet(46)) - raft.server.log.write.buffer.size = 1048576 (custom)
2022-08-09 13:50:29,326 [pool-850-thread-1] INFO  server.RaftServerConfigKeys (ConfUtils.java:logGet(46)) - raft.server.log.unsafe-flush.enabled = false (default)
2022-08-09 13:50:29,327 [pool-850-thread-1] INFO  server.RaftServerConfigKeys (ConfUtils.java:logGet(46)) - raft.server.log.statemachine.data.caching.enabled = true (custom)
2022-08-09 13:50:29,327 [pool-850-thread-1] INFO  segmented.SegmentedRaftLogWorker (SegmentedRaftLogWorker.java:lambda$new$0(135)) - eda375c3-f1b4-45e6-ba42-67ae65a4fd55@group-1B8CAAFB04FE-SegmentedRaftLogWorker: flushIndex: setUnconditionally 0 -> -1
2022-08-09 13:50:29,327 [pool-850-thread-1] INFO  segmented.SegmentedRaftLogWorker (SegmentedRaftLogWorker.java:lambda$new$0(135)) - eda375c3-f1b4-45e6-ba42-67ae65a4fd55@group-1B8CAAFB04FE-SegmentedRaftLogWorker: safeCacheEvictIndex: setUnconditionally 0 -> -1
2022-08-09 13:50:29,330 [pool-850-thread-1] INFO  server.RaftServerConfigKeys (ConfUtils.java:logGet(46)) - raft.server.snapshot.auto.trigger.enabled = true (custom)
2022-08-09 13:50:29,330 [pool-850-thread-1] INFO  server.RaftServerConfigKeys (ConfUtils.java:logGet(46)) - raft.server.snapshot.auto.trigger.threshold = 10000 (custom)
2022-08-09 13:50:29,330 [pool-850-thread-1] INFO  server.RaftServerConfigKeys (ConfUtils.java:logGet(46)) - raft.server.snapshot.retention.file.num = 5 (custom)
2022-08-09 13:50:29,330 [pool-850-thread-1] INFO  server.RaftServerConfigKeys (ConfUtils.java:logGet(46)) - raft.server.log.purge.upto.snapshot.index = false (default)
2022-08-09 13:50:29,330 [pool-850-thread-1] INFO  server.RaftServerConfigKeys (ConfUtils.java:logGet(46)) - raft.server.retrycache.expirytime = 600000ms (custom)
2022-08-09 13:50:29,330 [pool-850-thread-1] INFO  server.RaftServerConfigKeys (ConfUtils.java:logGet(46)) - raft.server.retrycache.statistics.expirytime = 100μs (default)
2022-08-09 13:50:29,332 [pool-850-thread-1] INFO  server.RaftServerConfigKeys (ConfUtils.java:logGet(46)) - raft.server.log.appender.install.snapshot.enabled = false (custom)
2022-08-09 13:50:29,332 [pool-850-thread-1] INFO  server.RaftServerConfigKeys (ConfUtils.java:logGet(46)) - raft.server.threadpool.server.cached = true (default)
2022-08-09 13:50:29,332 [pool-850-thread-1] INFO  server.RaftServerConfigKeys (ConfUtils.java:logGet(46)) - raft.server.threadpool.server.size = 0 (default)
2022-08-09 13:50:29,332 [pool-850-thread-1] INFO  server.RaftServerConfigKeys (ConfUtils.java:logGet(46)) - raft.server.threadpool.client.cached = true (default)
2022-08-09 13:50:29,332 [pool-850-thread-1] INFO  server.RaftServerConfigKeys (ConfUtils.java:logGet(46)) - raft.server.threadpool.client.size = 0 (default)
2022-08-09 13:50:29,332 [pool-850-thread-1] INFO  server.RaftServer$Division (RaftServerImpl.java:start(310)) - eda375c3-f1b4-45e6-ba42-67ae65a4fd55@group-1B8CAAFB04FE: start as a follower, conf=-1: [6ff5905d-960c-4bc6-8c78-bddfc36801e9|rpc:10.1.0.19:41329|priority:1, 8852ae54-4ed3-4d1d-b462-9046b334363d|rpc:10.1.0.19:36749|priority:0, eda375c3-f1b4-45e6-ba42-67ae65a4fd55|rpc:10.1.0.19:34243|priority:0], old=null
2022-08-09 13:50:29,332 [pool-850-thread-1] INFO  server.RaftServer$Division (RaftServerImpl.java:setRole(299)) - eda375c3-f1b4-45e6-ba42-67ae65a4fd55@group-1B8CAAFB04FE: changes role from      null to FOLLOWER at term 0 for startAsFollower
2022-08-09 13:50:29,332 [pool-850-thread-1] INFO  impl.RoleInfo (RoleInfo.java:updateAndGet(139)) - eda375c3-f1b4-45e6-ba42-67ae65a4fd55: start eda375c3-f1b4-45e6-ba42-67ae65a4fd55@group-1B8CAAFB04FE-FollowerState
2022-08-09 13:50:29,349 [pool-850-thread-1] INFO  util.JmxRegister (JmxRegister.java:tryRegister(44)) - Successfully registered JMX Bean with object name Ratis:service=RaftServer,group=group-1B8CAAFB04FE,id=eda375c3-f1b4-45e6-ba42-67ae65a4fd55
2022-08-09 13:50:29,360 [Command processor thread] INFO  ratis.XceiverServerRatis (XceiverServerRatis.java:addGroup(765)) - Created group PipelineID=921b1cfc-b433-497a-8f83-1b8caafb04fe
2022-08-09 13:50:29,467 [grpc-default-executor-0] INFO  server.RaftServer (RaftServerProxy.java:addNew(96)) - 8852ae54-4ed3-4d1d-b462-9046b334363d: addNew group-1B8CAAFB04FE:[6ff5905d-960c-4bc6-8c78-bddfc36801e9|rpc:10.1.0.19:41329|dataStream:|priority:1, 8852ae54-4ed3-4d1d-b462-9046b334363d|rpc:10.1.0.19:36749|dataStream:|priority:0, eda375c3-f1b4-45e6-ba42-67ae65a4fd55|rpc:10.1.0.19:34243|dataStream:|priority:0] returns group-1B8CAAFB04FE:java.util.concurrent.CompletableFuture@5e6a2d34[Not completed]
2022-08-09 13:50:29,470 [pool-896-thread-1] INFO  server.RaftServer$Division (RaftServerImpl.java:<init>(190)) - 8852ae54-4ed3-4d1d-b462-9046b334363d: new RaftServerImpl for group-1B8CAAFB04FE:[6ff5905d-960c-4bc6-8c78-bddfc36801e9|rpc:10.1.0.19:41329|dataStream:|priority:1, 8852ae54-4ed3-4d1d-b462-9046b334363d|rpc:10.1.0.19:36749|dataStream:|priority:0, eda375c3-f1b4-45e6-ba42-67ae65a4fd55|rpc:10.1.0.19:34243|dataStream:|priority:0] with ContainerStateMachine:uninitialized
2022-08-09 13:50:29,470 [pool-896-thread-1] INFO  server.RaftServerConfigKeys (ConfUtils.java:logGet(46)) - raft.server.rpc.timeout.min = 5s (custom)
2022-08-09 13:50:29,470 [pool-896-thread-1] INFO  server.RaftServerConfigKeys (ConfUtils.java:logGet(46)) - raft.server.rpc.timeout.max = 5200ms (custom)
2022-08-09 13:50:29,470 [pool-896-thread-1] INFO  server.RaftServerConfigKeys (ConfUtils.java:logGet(46)) - raft.server.rpc.sleep.time = 25ms (default)
2022-08-09 13:50:29,470 [pool-896-thread-1] INFO  server.RaftServerConfigKeys (ConfUtils.java:logGet(46)) - raft.server.rpc.slowness.timeout = 300s (custom)
2022-08-09 13:50:29,470 [pool-896-thread-1] INFO  server.RaftServerConfigKeys (ConfUtils.java:logGet(46)) - raft.server.leaderelection.leader.step-down.wait-time = 10s (default)
2022-08-09 13:50:29,470 [pool-896-thread-1] INFO  server.RaftServerConfigKeys (ConfUtils.java:logGet(46)) - raft.server.sleep.deviation.threshold = 300ms (default)
2022-08-09 13:50:29,470 [pool-896-thread-1] INFO  server.RaftServer$Division (ServerState.java:<init>(107)) - 8852ae54-4ed3-4d1d-b462-9046b334363d@group-1B8CAAFB04FE: ConfigurationManager, init=-1: [6ff5905d-960c-4bc6-8c78-bddfc36801e9|rpc:10.1.0.19:41329|dataStream:|priority:1, 8852ae54-4ed3-4d1d-b462-9046b334363d|rpc:10.1.0.19:36749|dataStream:|priority:0, eda375c3-f1b4-45e6-ba42-67ae65a4fd55|rpc:10.1.0.19:34243|dataStream:|priority:0], old=null, confs=<EMPTY_MAP>
2022-08-09 13:50:29,470 [pool-896-thread-1] INFO  server.RaftServerConfigKeys (ConfUtils.java:logGet(46)) - raft.server.storage.dir = [/home/runner/work/ozone/ozone/hadoop-ozone/integration-test/target/test-dir/MiniOzoneClusterImpl-a5f63cd0-adde-411c-a334-77d0cb0a7b46/datanode-2/data/ratis] (custom)
2022-08-09 13:50:29,470 [pool-896-thread-1] INFO  server.RaftServerConfigKeys (ConfUtils.java:logGet(46)) - raft.server.log.corruption.policy = EXCEPTION (default)
2022-08-09 13:50:29,470 [pool-896-thread-1] INFO  server.RaftServerConfigKeys (ConfUtils.java:logGet(46)) - raft.server.storage.free-space.min = 0MB (=0) (default)
2022-08-09 13:50:29,470 [pool-896-thread-1] INFO  storage.RaftStorageDirectory (RaftStorageDirectoryImpl.java:analyzeStorage(135)) - The storage directory /home/runner/work/ozone/ozone/hadoop-ozone/integration-test/target/test-dir/MiniOzoneClusterImpl-a5f63cd0-adde-411c-a334-77d0cb0a7b46/datanode-2/data/ratis/921b1cfc-b433-497a-8f83-1b8caafb04fe does not exist. Creating ...
2022-08-09 13:50:29,512 [pool-896-thread-1] INFO  storage.RaftStorageDirectory (RaftStorageDirectoryImpl.java:tryLock(230)) - Lock on /home/runner/work/ozone/ozone/hadoop-ozone/integration-test/target/test-dir/MiniOzoneClusterImpl-a5f63cd0-adde-411c-a334-77d0cb0a7b46/datanode-2/data/ratis/921b1cfc-b433-497a-8f83-1b8caafb04fe/in_use.lock acquired by nodename 10574@fv-az450-466
2022-08-09 13:50:29,561 [pool-896-thread-1] INFO  storage.RaftStorage (RaftStorageImpl.java:format(89)) - Storage directory /home/runner/work/ozone/ozone/hadoop-ozone/integration-test/target/test-dir/MiniOzoneClusterImpl-a5f63cd0-adde-411c-a334-77d0cb0a7b46/datanode-2/data/ratis/921b1cfc-b433-497a-8f83-1b8caafb04fe has been successfully formatted.
2022-08-09 13:50:29,561 [pool-896-thread-1] INFO  ratis.ContainerStateMachine (ContainerStateMachine.java:loadSnapshot(236)) - group-1B8CAAFB04FE: The snapshot info is null. Setting the last applied indexto:(t:0, i:~)
2022-08-09 13:50:29,561 [pool-896-thread-1] INFO  server.RaftServerConfigKeys (ConfUtils.java:logGet(46)) - raft.server.notification.no-leader.timeout = 300s (custom)
2022-08-09 13:50:29,561 [pool-896-thread-1] INFO  server.RaftServerConfigKeys (ConfUtils.java:logGet(46)) - raft.server.log.use.memory = false (default)
2022-08-09 13:50:29,561 [pool-896-thread-1] INFO  server.RaftServerConfigKeys (ConfUtils.java:logGet(46)) - raft.server.log.purge.gap = 1000000 (custom)
2022-08-09 13:50:29,564 [pool-896-thread-1] INFO  server.RaftServerConfigKeys (ConfUtils.java:logGet(46)) - raft.server.log.appender.buffer.byte-limit = 33554432 (custom)
2022-08-09 13:50:29,564 [pool-896-thread-1] INFO  server.RaftServerConfigKeys (ConfUtils.java:logGet(46)) - raft.server.log.statemachine.data.read.timeout = 1000ms (default)
2022-08-09 13:50:29,565 [pool-896-thread-1] INFO  server.RaftServerConfigKeys (ConfUtils.java:logGet(46)) - raft.server.log.segment.size.max = 1048576 (custom)
2022-08-09 13:50:29,565 [pool-896-thread-1] INFO  server.RaftServerConfigKeys (ConfUtils.java:logGet(46)) - raft.server.log.segment.cache.num.max = 2 (custom)
2022-08-09 13:50:29,565 [pool-896-thread-1] INFO  server.RaftServerConfigKeys (ConfUtils.java:logGet(46)) - raft.server.log.segment.cache.size.max = 200MB (=209715200) (default)
2022-08-09 13:50:29,565 [pool-896-thread-1] INFO  segmented.SegmentedRaftLogWorker (SegmentedRaftLogWorker.java:<init>(187)) - new 8852ae54-4ed3-4d1d-b462-9046b334363d@group-1B8CAAFB04FE-SegmentedRaftLogWorker for RaftStorageImpl:Storage Directory /home/runner/work/ozone/ozone/hadoop-ozone/integration-test/target/test-dir/MiniOzoneClusterImpl-a5f63cd0-adde-411c-a334-77d0cb0a7b46/datanode-2/data/ratis/921b1cfc-b433-497a-8f83-1b8caafb04fe
2022-08-09 13:50:29,565 [pool-896-thread-1] INFO  server.RaftServerConfigKeys (ConfUtils.java:logGet(46)) - raft.server.log.queue.byte-limit = 4294967296 (custom)
2022-08-09 13:50:29,565 [pool-896-thread-1] INFO  server.RaftServerConfigKeys (ConfUtils.java:logGet(46)) - raft.server.log.queue.element-limit = 1024 (custom)
2022-08-09 13:50:29,565 [pool-896-thread-1] INFO  server.RaftServerConfigKeys (ConfUtils.java:logGet(46)) - raft.server.log.segment.size.max = 1048576 (custom)
2022-08-09 13:50:29,565 [pool-896-thread-1] INFO  server.RaftServerConfigKeys (ConfUtils.java:logGet(46)) - raft.server.log.preallocated.size = 16384 (custom)
2022-08-09 13:50:29,565 [pool-896-thread-1] INFO  server.RaftServerConfigKeys (ConfUtils.java:logGet(46)) - raft.server.log.force.sync.num = 128 (default)
2022-08-09 13:50:29,565 [pool-896-thread-1] INFO  server.RaftServerConfigKeys (ConfUtils.java:logGet(46)) - raft.server.log.statemachine.data.sync = true (default)
2022-08-09 13:50:29,565 [pool-896-thread-1] INFO  server.RaftServerConfigKeys (ConfUtils.java:logGet(46)) - raft.server.log.statemachine.data.sync.timeout = 10s (default)
2022-08-09 13:50:29,565 [pool-896-thread-1] INFO  server.RaftServerConfigKeys (ConfUtils.java:logGet(46)) - raft.server.log.statemachine.data.sync.timeout.retry = -1 (default)
2022-08-09 13:50:29,566 [pool-896-thread-1] INFO  server.RaftServerConfigKeys (ConfUtils.java:logGet(46)) - raft.server.log.write.buffer.size = 1048576 (custom)
2022-08-09 13:50:29,567 [pool-896-thread-1] INFO  server.RaftServerConfigKeys (ConfUtils.java:logGet(46)) - raft.server.log.unsafe-flush.enabled = false (default)
2022-08-09 13:50:29,567 [pool-896-thread-1] INFO  server.RaftServerConfigKeys (ConfUtils.java:logGet(46)) - raft.server.log.statemachine.data.caching.enabled = true (custom)
2022-08-09 13:50:29,567 [pool-896-thread-1] INFO  segmented.SegmentedRaftLogWorker (SegmentedRaftLogWorker.java:lambda$new$0(135)) - 8852ae54-4ed3-4d1d-b462-9046b334363d@group-1B8CAAFB04FE-SegmentedRaftLogWorker: flushIndex: setUnconditionally 0 -> -1
2022-08-09 13:50:29,567 [pool-896-thread-1] INFO  segmented.SegmentedRaftLogWorker (SegmentedRaftLogWorker.java:lambda$new$0(135)) - 8852ae54-4ed3-4d1d-b462-9046b334363d@group-1B8CAAFB04FE-SegmentedRaftLogWorker: safeCacheEvictIndex: setUnconditionally 0 -> -1
2022-08-09 13:50:29,573 [pool-896-thread-1] INFO  server.RaftServerConfigKeys (ConfUtils.java:logGet(46)) - raft.server.snapshot.auto.trigger.enabled = true (custom)
2022-08-09 13:50:29,573 [pool-896-thread-1] INFO  server.RaftServerConfigKeys (ConfUtils.java:logGet(46)) - raft.server.snapshot.auto.trigger.threshold = 10000 (custom)
2022-08-09 13:50:29,573 [pool-896-thread-1] INFO  server.RaftServerConfigKeys (ConfUtils.java:logGet(46)) - raft.server.snapshot.retention.file.num = 5 (custom)
2022-08-09 13:50:29,573 [pool-896-thread-1] INFO  server.RaftServerConfigKeys (ConfUtils.java:logGet(46)) - raft.server.log.purge.upto.snapshot.index = false (default)
2022-08-09 13:50:29,573 [pool-896-thread-1] INFO  server.RaftServerConfigKeys (ConfUtils.java:logGet(46)) - raft.server.retrycache.expirytime = 600000ms (custom)
2022-08-09 13:50:29,573 [pool-896-thread-1] INFO  server.RaftServerConfigKeys (ConfUtils.java:logGet(46)) - raft.server.retrycache.statistics.expirytime = 100μs (default)
2022-08-09 13:50:29,574 [pool-896-thread-1] INFO  server.RaftServerConfigKeys (ConfUtils.java:logGet(46)) - raft.server.log.appender.install.snapshot.enabled = false (custom)
2022-08-09 13:50:29,574 [pool-896-thread-1] INFO  server.RaftServerConfigKeys (ConfUtils.java:logGet(46)) - raft.server.threadpool.server.cached = true (default)
2022-08-09 13:50:29,574 [pool-896-thread-1] INFO  server.RaftServerConfigKeys (ConfUtils.java:logGet(46)) - raft.server.threadpool.server.size = 0 (default)
2022-08-09 13:50:29,575 [pool-896-thread-1] INFO  server.RaftServerConfigKeys (ConfUtils.java:logGet(46)) - raft.server.threadpool.client.cached = true (default)
2022-08-09 13:50:29,575 [pool-896-thread-1] INFO  server.RaftServerConfigKeys (ConfUtils.java:logGet(46)) - raft.server.threadpool.client.size = 0 (default)
2022-08-09 13:50:29,575 [pool-896-thread-1] INFO  server.RaftServer$Division (RaftServerImpl.java:start(310)) - 8852ae54-4ed3-4d1d-b462-9046b334363d@group-1B8CAAFB04FE: start as a follower, conf=-1: [6ff5905d-960c-4bc6-8c78-bddfc36801e9|rpc:10.1.0.19:41329|dataStream:|priority:1, 8852ae54-4ed3-4d1d-b462-9046b334363d|rpc:10.1.0.19:36749|dataStream:|priority:0, eda375c3-f1b4-45e6-ba42-67ae65a4fd55|rpc:10.1.0.19:34243|dataStream:|priority:0], old=null
2022-08-09 13:50:29,575 [pool-896-thread-1] INFO  server.RaftServer$Division (RaftServerImpl.java:setRole(299)) - 8852ae54-4ed3-4d1d-b462-9046b334363d@group-1B8CAAFB04FE: changes role from      null to FOLLOWER at term 0 for startAsFollower
2022-08-09 13:50:29,575 [pool-896-thread-1] INFO  impl.RoleInfo (RoleInfo.java:updateAndGet(139)) - 8852ae54-4ed3-4d1d-b462-9046b334363d: start 8852ae54-4ed3-4d1d-b462-9046b334363d@group-1B8CAAFB04FE-FollowerState
2022-08-09 13:50:29,575 [pool-896-thread-1] INFO  util.JmxRegister (JmxRegister.java:tryRegister(44)) - Successfully registered JMX Bean with object name Ratis:service=RaftServer,group=group-1B8CAAFB04FE,id=8852ae54-4ed3-4d1d-b462-9046b334363d
2022-08-09 13:50:29,701 [grpc-default-executor-0] INFO  server.RaftServer (RaftServerProxy.java:addNew(96)) - 6ff5905d-960c-4bc6-8c78-bddfc36801e9: addNew group-1B8CAAFB04FE:[6ff5905d-960c-4bc6-8c78-bddfc36801e9|rpc:10.1.0.19:41329|dataStream:|priority:1, 8852ae54-4ed3-4d1d-b462-9046b334363d|rpc:10.1.0.19:36749|dataStream:|priority:0, eda375c3-f1b4-45e6-ba42-67ae65a4fd55|rpc:10.1.0.19:34243|dataStream:|priority:0] returns group-1B8CAAFB04FE:java.util.concurrent.CompletableFuture@76febfd6[Not completed]
2022-08-09 13:50:29,710 [pool-873-thread-1] INFO  server.RaftServer$Division (RaftServerImpl.java:<init>(190)) - 6ff5905d-960c-4bc6-8c78-bddfc36801e9: new RaftServerImpl for group-1B8CAAFB04FE:[6ff5905d-960c-4bc6-8c78-bddfc36801e9|rpc:10.1.0.19:41329|dataStream:|priority:1, 8852ae54-4ed3-4d1d-b462-9046b334363d|rpc:10.1.0.19:36749|dataStream:|priority:0, eda375c3-f1b4-45e6-ba42-67ae65a4fd55|rpc:10.1.0.19:34243|dataStream:|priority:0] with ContainerStateMachine:uninitialized
2022-08-09 13:50:29,710 [pool-873-thread-1] INFO  server.RaftServerConfigKeys (ConfUtils.java:logGet(46)) - raft.server.rpc.timeout.min = 5s (custom)
2022-08-09 13:50:29,710 [pool-873-thread-1] INFO  server.RaftServerConfigKeys (ConfUtils.java:logGet(46)) - raft.server.rpc.timeout.max = 5200ms (custom)
2022-08-09 13:50:29,710 [pool-873-thread-1] INFO  server.RaftServerConfigKeys (ConfUtils.java:logGet(46)) - raft.server.rpc.sleep.time = 25ms (default)
2022-08-09 13:50:29,712 [pool-873-thread-1] INFO  server.RaftServerConfigKeys (ConfUtils.java:logGet(46)) - raft.server.rpc.slowness.timeout = 300s (custom)
2022-08-09 13:50:29,712 [pool-873-thread-1] INFO  server.RaftServerConfigKeys (ConfUtils.java:logGet(46)) - raft.server.leaderelection.leader.step-down.wait-time = 10s (default)
2022-08-09 13:50:29,712 [pool-873-thread-1] INFO  server.RaftServerConfigKeys (ConfUtils.java:logGet(46)) - raft.server.sleep.deviation.threshold = 300ms (default)
2022-08-09 13:50:29,712 [pool-873-thread-1] INFO  server.RaftServer$Division (ServerState.java:<init>(107)) - 6ff5905d-960c-4bc6-8c78-bddfc36801e9@group-1B8CAAFB04FE: ConfigurationManager, init=-1: [6ff5905d-960c-4bc6-8c78-bddfc36801e9|rpc:10.1.0.19:41329|dataStream:|priority:1, 8852ae54-4ed3-4d1d-b462-9046b334363d|rpc:10.1.0.19:36749|dataStream:|priority:0, eda375c3-f1b4-45e6-ba42-67ae65a4fd55|rpc:10.1.0.19:34243|dataStream:|priority:0], old=null, confs=<EMPTY_MAP>
2022-08-09 13:50:29,712 [pool-873-thread-1] INFO  server.RaftServerConfigKeys (ConfUtils.java:logGet(46)) - raft.server.storage.dir = [/home/runner/work/ozone/ozone/hadoop-ozone/integration-test/target/test-dir/MiniOzoneClusterImpl-a5f63cd0-adde-411c-a334-77d0cb0a7b46/datanode-1/data/ratis] (custom)
2022-08-09 13:50:29,712 [pool-873-thread-1] INFO  server.RaftServerConfigKeys (ConfUtils.java:logGet(46)) - raft.server.log.corruption.policy = EXCEPTION (default)
2022-08-09 13:50:29,712 [pool-873-thread-1] INFO  server.RaftServerConfigKeys (ConfUtils.java:logGet(46)) - raft.server.storage.free-space.min = 0MB (=0) (default)
2022-08-09 13:50:29,713 [pool-873-thread-1] INFO  storage.RaftStorageDirectory (RaftStorageDirectoryImpl.java:analyzeStorage(135)) - The storage directory /home/runner/work/ozone/ozone/hadoop-ozone/integration-test/target/test-dir/MiniOzoneClusterImpl-a5f63cd0-adde-411c-a334-77d0cb0a7b46/datanode-1/data/ratis/921b1cfc-b433-497a-8f83-1b8caafb04fe does not exist. Creating ...
2022-08-09 13:50:29,737 [pool-873-thread-1] INFO  storage.RaftStorageDirectory (RaftStorageDirectoryImpl.java:tryLock(230)) - Lock on /home/runner/work/ozone/ozone/hadoop-ozone/integration-test/target/test-dir/MiniOzoneClusterImpl-a5f63cd0-adde-411c-a334-77d0cb0a7b46/datanode-1/data/ratis/921b1cfc-b433-497a-8f83-1b8caafb04fe/in_use.lock acquired by nodename 10574@fv-az450-466
2022-08-09 13:50:29,738 [pool-873-thread-1] INFO  storage.RaftStorage (RaftStorageImpl.java:format(89)) - Storage directory /home/runner/work/ozone/ozone/hadoop-ozone/integration-test/target/test-dir/MiniOzoneClusterImpl-a5f63cd0-adde-411c-a334-77d0cb0a7b46/datanode-1/data/ratis/921b1cfc-b433-497a-8f83-1b8caafb04fe has been successfully formatted.
2022-08-09 13:50:29,769 [pool-873-thread-1] INFO  ratis.ContainerStateMachine (ContainerStateMachine.java:loadSnapshot(236)) - group-1B8CAAFB04FE: The snapshot info is null. Setting the last applied indexto:(t:0, i:~)
2022-08-09 13:50:29,805 [pool-873-thread-1] INFO  server.RaftServerConfigKeys (ConfUtils.java:logGet(46)) - raft.server.notification.no-leader.timeout = 300s (custom)
2022-08-09 13:50:29,805 [pool-873-thread-1] INFO  server.RaftServerConfigKeys (ConfUtils.java:logGet(46)) - raft.server.log.use.memory = false (default)
2022-08-09 13:50:29,805 [pool-873-thread-1] INFO  server.RaftServerConfigKeys (ConfUtils.java:logGet(46)) - raft.server.log.purge.gap = 1000000 (custom)
2022-08-09 13:50:29,805 [pool-873-thread-1] INFO  server.RaftServerConfigKeys (ConfUtils.java:logGet(46)) - raft.server.log.appender.buffer.byte-limit = 33554432 (custom)
2022-08-09 13:50:29,805 [pool-873-thread-1] INFO  server.RaftServerConfigKeys (ConfUtils.java:logGet(46)) - raft.server.log.statemachine.data.read.timeout = 1000ms (default)
2022-08-09 13:50:29,805 [pool-873-thread-1] INFO  server.RaftServerConfigKeys (ConfUtils.java:logGet(46)) - raft.server.log.segment.size.max = 1048576 (custom)
2022-08-09 13:50:29,806 [pool-873-thread-1] INFO  server.RaftServerConfigKeys (ConfUtils.java:logGet(46)) - raft.server.log.segment.cache.num.max = 2 (custom)
2022-08-09 13:50:29,806 [pool-873-thread-1] INFO  server.RaftServerConfigKeys (ConfUtils.java:logGet(46)) - raft.server.log.segment.cache.size.max = 200MB (=209715200) (default)
2022-08-09 13:50:29,806 [pool-873-thread-1] INFO  segmented.SegmentedRaftLogWorker (SegmentedRaftLogWorker.java:<init>(187)) - new 6ff5905d-960c-4bc6-8c78-bddfc36801e9@group-1B8CAAFB04FE-SegmentedRaftLogWorker for RaftStorageImpl:Storage Directory /home/runner/work/ozone/ozone/hadoop-ozone/integration-test/target/test-dir/MiniOzoneClusterImpl-a5f63cd0-adde-411c-a334-77d0cb0a7b46/datanode-1/data/ratis/921b1cfc-b433-497a-8f83-1b8caafb04fe
2022-08-09 13:50:29,806 [pool-873-thread-1] INFO  server.RaftServerConfigKeys (ConfUtils.java:logGet(46)) - raft.server.log.queue.byte-limit = 4294967296 (custom)
2022-08-09 13:50:29,806 [pool-873-thread-1] INFO  server.RaftServerConfigKeys (ConfUtils.java:logGet(46)) - raft.server.log.queue.element-limit = 1024 (custom)
2022-08-09 13:50:29,806 [pool-873-thread-1] INFO  server.RaftServerConfigKeys (ConfUtils.java:logGet(46)) - raft.server.log.segment.size.max = 1048576 (custom)
2022-08-09 13:50:29,806 [pool-873-thread-1] INFO  server.RaftServerConfigKeys (ConfUtils.java:logGet(46)) - raft.server.log.preallocated.size = 16384 (custom)
2022-08-09 13:50:29,806 [pool-873-thread-1] INFO  server.RaftServerConfigKeys (ConfUtils.java:logGet(46)) - raft.server.log.force.sync.num = 128 (default)
2022-08-09 13:50:29,806 [pool-873-thread-1] INFO  server.RaftServerConfigKeys (ConfUtils.java:logGet(46)) - raft.server.log.statemachine.data.sync = true (default)
2022-08-09 13:50:29,806 [pool-873-thread-1] INFO  server.RaftServerConfigKeys (ConfUtils.java:logGet(46)) - raft.server.log.statemachine.data.sync.timeout = 10s (default)
2022-08-09 13:50:29,806 [pool-873-thread-1] INFO  server.RaftServerConfigKeys (ConfUtils.java:logGet(46)) - raft.server.log.statemachine.data.sync.timeout.retry = -1 (default)
2022-08-09 13:50:29,807 [pool-873-thread-1] INFO  server.RaftServerConfigKeys (ConfUtils.java:logGet(46)) - raft.server.log.write.buffer.size = 1048576 (custom)
2022-08-09 13:50:29,808 [pool-873-thread-1] INFO  server.RaftServerConfigKeys (ConfUtils.java:logGet(46)) - raft.server.log.unsafe-flush.enabled = false (default)
2022-08-09 13:50:29,808 [pool-873-thread-1] INFO  server.RaftServerConfigKeys (ConfUtils.java:logGet(46)) - raft.server.log.statemachine.data.caching.enabled = true (custom)
2022-08-09 13:50:29,808 [pool-873-thread-1] INFO  segmented.SegmentedRaftLogWorker (SegmentedRaftLogWorker.java:lambda$new$0(135)) - 6ff5905d-960c-4bc6-8c78-bddfc36801e9@group-1B8CAAFB04FE-SegmentedRaftLogWorker: flushIndex: setUnconditionally 0 -> -1
2022-08-09 13:50:29,808 [pool-873-thread-1] INFO  segmented.SegmentedRaftLogWorker (SegmentedRaftLogWorker.java:lambda$new$0(135)) - 6ff5905d-960c-4bc6-8c78-bddfc36801e9@group-1B8CAAFB04FE-SegmentedRaftLogWorker: safeCacheEvictIndex: setUnconditionally 0 -> -1
2022-08-09 13:50:29,813 [pool-873-thread-1] INFO  server.RaftServerConfigKeys (ConfUtils.java:logGet(46)) - raft.server.snapshot.auto.trigger.enabled = true (custom)
2022-08-09 13:50:29,813 [pool-873-thread-1] INFO  server.RaftServerConfigKeys (ConfUtils.java:logGet(46)) - raft.server.snapshot.auto.trigger.threshold = 10000 (custom)
2022-08-09 13:50:29,813 [pool-873-thread-1] INFO  server.RaftServerConfigKeys (ConfUtils.java:logGet(46)) - raft.server.snapshot.retention.file.num = 5 (custom)
2022-08-09 13:50:29,813 [pool-873-thread-1] INFO  server.RaftServerConfigKeys (ConfUtils.java:logGet(46)) - raft.server.log.purge.upto.snapshot.index = false (default)
2022-08-09 13:50:29,813 [pool-873-thread-1] INFO  server.RaftServerConfigKeys (ConfUtils.java:logGet(46)) - raft.server.retrycache.expirytime = 600000ms (custom)
2022-08-09 13:50:29,814 [pool-873-thread-1] INFO  server.RaftServerConfigKeys (ConfUtils.java:logGet(46)) - raft.server.retrycache.statistics.expirytime = 100μs (default)
2022-08-09 13:50:29,815 [pool-873-thread-1] INFO  server.RaftServerConfigKeys (ConfUtils.java:logGet(46)) - raft.server.log.appender.install.snapshot.enabled = false (custom)
2022-08-09 13:50:29,815 [pool-873-thread-1] INFO  server.RaftServerConfigKeys (ConfUtils.java:logGet(46)) - raft.server.threadpool.server.cached = true (default)
2022-08-09 13:50:29,815 [pool-873-thread-1] INFO  server.RaftServerConfigKeys (ConfUtils.java:logGet(46)) - raft.server.threadpool.server.size = 0 (default)
2022-08-09 13:50:29,815 [pool-873-thread-1] INFO  server.RaftServerConfigKeys (ConfUtils.java:logGet(46)) - raft.server.threadpool.client.cached = true (default)
2022-08-09 13:50:29,815 [pool-873-thread-1] INFO  server.RaftServerConfigKeys (ConfUtils.java:logGet(46)) - raft.server.threadpool.client.size = 0 (default)
2022-08-09 13:50:29,815 [pool-873-thread-1] INFO  server.RaftServer$Division (RaftServerImpl.java:start(310)) - 6ff5905d-960c-4bc6-8c78-bddfc36801e9@group-1B8CAAFB04FE: start as a follower, conf=-1: [6ff5905d-960c-4bc6-8c78-bddfc36801e9|rpc:10.1.0.19:41329|dataStream:|priority:1, 8852ae54-4ed3-4d1d-b462-9046b334363d|rpc:10.1.0.19:36749|dataStream:|priority:0, eda375c3-f1b4-45e6-ba42-67ae65a4fd55|rpc:10.1.0.19:34243|dataStream:|priority:0], old=null
2022-08-09 13:50:29,815 [pool-873-thread-1] INFO  server.RaftServer$Division (RaftServerImpl.java:setRole(299)) - 6ff5905d-960c-4bc6-8c78-bddfc36801e9@group-1B8CAAFB04FE: changes role from      null to FOLLOWER at term 0 for startAsFollower
2022-08-09 13:50:29,815 [pool-873-thread-1] INFO  impl.RoleInfo (RoleInfo.java:updateAndGet(139)) - 6ff5905d-960c-4bc6-8c78-bddfc36801e9: start 6ff5905d-960c-4bc6-8c78-bddfc36801e9@group-1B8CAAFB04FE-FollowerState
2022-08-09 13:50:29,841 [pool-873-thread-1] INFO  util.JmxRegister (JmxRegister.java:tryRegister(44)) - Successfully registered JMX Bean with object name Ratis:service=RaftServer,group=group-1B8CAAFB04FE,id=6ff5905d-960c-4bc6-8c78-bddfc36801e9
2022-08-09 13:50:29,850 [Command processor thread] INFO  commandhandler.CreatePipelineCommandHandler (CreatePipelineCommandHandler.java:handle(113)) - Created Pipeline RATIS THREE PipelineID=921b1cfc-b433-497a-8f83-1b8caafb04fe.
2022-08-09 13:50:29,850 [Command processor thread] INFO  server.RaftServer (RaftServerProxy.java:addNew(96)) - eda375c3-f1b4-45e6-ba42-67ae65a4fd55: addNew group-0EC1FDF9C42E:[6ff5905d-960c-4bc6-8c78-bddfc36801e9|rpc:10.1.0.19:41329|priority:0, 8852ae54-4ed3-4d1d-b462-9046b334363d|rpc:10.1.0.19:36749|priority:1, eda375c3-f1b4-45e6-ba42-67ae65a4fd55|rpc:10.1.0.19:34243|priority:0] returns group-0EC1FDF9C42E:java.util.concurrent.CompletableFuture@44f8beff[Not completed]
2022-08-09 13:50:29,857 [pool-850-thread-1] INFO  server.RaftServer$Division (RaftServerImpl.java:<init>(190)) - eda375c3-f1b4-45e6-ba42-67ae65a4fd55: new RaftServerImpl for group-0EC1FDF9C42E:[6ff5905d-960c-4bc6-8c78-bddfc36801e9|rpc:10.1.0.19:41329|priority:0, 8852ae54-4ed3-4d1d-b462-9046b334363d|rpc:10.1.0.19:36749|priority:1, eda375c3-f1b4-45e6-ba42-67ae65a4fd55|rpc:10.1.0.19:34243|priority:0] with ContainerStateMachine:uninitialized
2022-08-09 13:50:29,858 [pool-850-thread-1] INFO  server.RaftServerConfigKeys (ConfUtils.java:logGet(46)) - raft.server.rpc.timeout.min = 5s (custom)
2022-08-09 13:50:29,858 [pool-850-thread-1] INFO  server.RaftServerConfigKeys (ConfUtils.java:logGet(46)) - raft.server.rpc.timeout.max = 5200ms (custom)
2022-08-09 13:50:29,858 [pool-850-thread-1] INFO  server.RaftServerConfigKeys (ConfUtils.java:logGet(46)) - raft.server.rpc.sleep.time = 25ms (default)
2022-08-09 13:50:29,858 [pool-850-thread-1] INFO  server.RaftServerConfigKeys (ConfUtils.java:logGet(46)) - raft.server.rpc.slowness.timeout = 300s (custom)
2022-08-09 13:50:29,858 [pool-850-thread-1] INFO  server.RaftServerConfigKeys (ConfUtils.java:logGet(46)) - raft.server.leaderelection.leader.step-down.wait-time = 10s (default)
2022-08-09 13:50:29,858 [pool-850-thread-1] INFO  server.RaftServerConfigKeys (ConfUtils.java:logGet(46)) - raft.server.sleep.deviation.threshold = 300ms (default)
2022-08-09 13:50:29,858 [pool-850-thread-1] INFO  server.RaftServer$Division (ServerState.java:<init>(107)) - eda375c3-f1b4-45e6-ba42-67ae65a4fd55@group-0EC1FDF9C42E: ConfigurationManager, init=-1: [6ff5905d-960c-4bc6-8c78-bddfc36801e9|rpc:10.1.0.19:41329|priority:0, 8852ae54-4ed3-4d1d-b462-9046b334363d|rpc:10.1.0.19:36749|priority:1, eda375c3-f1b4-45e6-ba42-67ae65a4fd55|rpc:10.1.0.19:34243|priority:0], old=null, confs=<EMPTY_MAP>
2022-08-09 13:50:29,858 [pool-850-thread-1] INFO  server.RaftServerConfigKeys (ConfUtils.java:logGet(46)) - raft.server.storage.dir = [/home/runner/work/ozone/ozone/hadoop-ozone/integration-test/target/test-dir/MiniOzoneClusterImpl-a5f63cd0-adde-411c-a334-77d0cb0a7b46/datanode-0/data/ratis] (custom)
2022-08-09 13:50:29,858 [pool-850-thread-1] INFO  server.RaftServerConfigKeys (ConfUtils.java:logGet(46)) - raft.server.log.corruption.policy = EXCEPTION (default)
2022-08-09 13:50:29,858 [pool-850-thread-1] INFO  server.RaftServerConfigKeys (ConfUtils.java:logGet(46)) - raft.server.storage.free-space.min = 0MB (=0) (default)
2022-08-09 13:50:29,858 [pool-850-thread-1] INFO  storage.RaftStorageDirectory (RaftStorageDirectoryImpl.java:analyzeStorage(135)) - The storage directory /home/runner/work/ozone/ozone/hadoop-ozone/integration-test/target/test-dir/MiniOzoneClusterImpl-a5f63cd0-adde-411c-a334-77d0cb0a7b46/datanode-0/data/ratis/80449312-e5e7-4c5b-be18-0ec1fdf9c42e does not exist. Creating ...
2022-08-09 13:50:29,859 [pool-850-thread-1] INFO  storage.RaftStorageDirectory (RaftStorageDirectoryImpl.java:tryLock(230)) - Lock on /home/runner/work/ozone/ozone/hadoop-ozone/integration-test/target/test-dir/MiniOzoneClusterImpl-a5f63cd0-adde-411c-a334-77d0cb0a7b46/datanode-0/data/ratis/80449312-e5e7-4c5b-be18-0ec1fdf9c42e/in_use.lock acquired by nodename 10574@fv-az450-466
2022-08-09 13:50:29,862 [pool-850-thread-1] INFO  storage.RaftStorage (RaftStorageImpl.java:format(89)) - Storage directory /home/runner/work/ozone/ozone/hadoop-ozone/integration-test/target/test-dir/MiniOzoneClusterImpl-a5f63cd0-adde-411c-a334-77d0cb0a7b46/datanode-0/data/ratis/80449312-e5e7-4c5b-be18-0ec1fdf9c42e has been successfully formatted.
2022-08-09 13:50:29,862 [pool-850-thread-1] INFO  ratis.ContainerStateMachine (ContainerStateMachine.java:loadSnapshot(236)) - group-0EC1FDF9C42E: The snapshot info is null. Setting the last applied indexto:(t:0, i:~)
2022-08-09 13:50:29,862 [pool-850-thread-1] INFO  server.RaftServerConfigKeys (ConfUtils.java:logGet(46)) - raft.server.notification.no-leader.timeout = 300s (custom)
2022-08-09 13:50:29,862 [pool-850-thread-1] INFO  server.RaftServerConfigKeys (ConfUtils.java:logGet(46)) - raft.server.log.use.memory = false (default)
2022-08-09 13:50:29,862 [pool-850-thread-1] INFO  server.RaftServerConfigKeys (ConfUtils.java:logGet(46)) - raft.server.log.purge.gap = 1000000 (custom)
2022-08-09 13:50:29,862 [pool-850-thread-1] INFO  server.RaftServerConfigKeys (ConfUtils.java:logGet(46)) - raft.server.log.appender.buffer.byte-limit = 33554432 (custom)
2022-08-09 13:50:29,862 [pool-850-thread-1] INFO  server.RaftServerConfigKeys (ConfUtils.java:logGet(46)) - raft.server.log.statemachine.data.read.timeout = 1000ms (default)
2022-08-09 13:50:29,862 [pool-850-thread-1] INFO  server.RaftServerConfigKeys (ConfUtils.java:logGet(46)) - raft.server.log.segment.size.max = 1048576 (custom)
2022-08-09 13:50:29,863 [pool-850-thread-1] INFO  server.RaftServerConfigKeys (ConfUtils.java:logGet(46)) - raft.server.log.segment.cache.num.max = 2 (custom)
2022-08-09 13:50:29,863 [pool-850-thread-1] INFO  server.RaftServerConfigKeys (ConfUtils.java:logGet(46)) - raft.server.log.segment.cache.size.max = 200MB (=209715200) (default)
2022-08-09 13:50:29,863 [pool-850-thread-1] INFO  segmented.SegmentedRaftLogWorker (SegmentedRaftLogWorker.java:<init>(187)) - new eda375c3-f1b4-45e6-ba42-67ae65a4fd55@group-0EC1FDF9C42E-SegmentedRaftLogWorker for RaftStorageImpl:Storage Directory /home/runner/work/ozone/ozone/hadoop-ozone/integration-test/target/test-dir/MiniOzoneClusterImpl-a5f63cd0-adde-411c-a334-77d0cb0a7b46/datanode-0/data/ratis/80449312-e5e7-4c5b-be18-0ec1fdf9c42e
2022-08-09 13:50:29,863 [pool-850-thread-1] INFO  server.RaftServerConfigKeys (ConfUtils.java:logGet(46)) - raft.server.log.queue.byte-limit = 4294967296 (custom)
2022-08-09 13:50:29,863 [pool-850-thread-1] INFO  server.RaftServerConfigKeys (ConfUtils.java:logGet(46)) - raft.server.log.queue.element-limit = 1024 (custom)
2022-08-09 13:50:29,863 [pool-850-thread-1] INFO  server.RaftServerConfigKeys (ConfUtils.java:logGet(46)) - raft.server.log.segment.size.max = 1048576 (custom)
2022-08-09 13:50:29,863 [pool-850-thread-1] INFO  server.RaftServerConfigKeys (ConfUtils.java:logGet(46)) - raft.server.log.preallocated.size = 16384 (custom)
2022-08-09 13:50:29,863 [pool-850-thread-1] INFO  server.RaftServerConfigKeys (ConfUtils.java:logGet(46)) - raft.server.log.force.sync.num = 128 (default)
2022-08-09 13:50:29,863 [pool-850-thread-1] INFO  server.RaftServerConfigKeys (ConfUtils.java:logGet(46)) - raft.server.log.statemachine.data.sync = true (default)
2022-08-09 13:50:29,863 [pool-850-thread-1] INFO  server.RaftServerConfigKeys (ConfUtils.java:logGet(46)) - raft.server.log.statemachine.data.sync.timeout = 10s (default)
2022-08-09 13:50:29,863 [pool-850-thread-1] INFO  server.RaftServerConfigKeys (ConfUtils.java:logGet(46)) - raft.server.log.statemachine.data.sync.timeout.retry = -1 (default)
2022-08-09 13:50:29,864 [pool-850-thread-1] INFO  server.RaftServerConfigKeys (ConfUtils.java:logGet(46)) - raft.server.log.write.buffer.size = 1048576 (custom)
2022-08-09 13:50:29,865 [pool-850-thread-1] INFO  server.RaftServerConfigKeys (ConfUtils.java:logGet(46)) - raft.server.log.unsafe-flush.enabled = false (default)
2022-08-09 13:50:29,865 [pool-850-thread-1] INFO  server.RaftServerConfigKeys (ConfUtils.java:logGet(46)) - raft.server.log.statemachine.data.caching.enabled = true (custom)
2022-08-09 13:50:29,866 [EventQueue-OpenPipelineForHealthyPipelineSafeModeRule] INFO  safemode.SCMSafeModeManager (HealthyPipelineSafeModeRule.java:process(137)) - SCM in safe mode. Healthy pipelines reported count is 0, required healthy pipeline reported count is 1
2022-08-09 13:50:29,881 [pool-850-thread-1] INFO  segmented.SegmentedRaftLogWorker (SegmentedRaftLogWorker.java:lambda$new$0(135)) - eda375c3-f1b4-45e6-ba42-67ae65a4fd55@group-0EC1FDF9C42E-SegmentedRaftLogWorker: flushIndex: setUnconditionally 0 -> -1
2022-08-09 13:50:29,881 [pool-850-thread-1] INFO  segmented.SegmentedRaftLogWorker (SegmentedRaftLogWorker.java:lambda$new$0(135)) - eda375c3-f1b4-45e6-ba42-67ae65a4fd55@group-0EC1FDF9C42E-SegmentedRaftLogWorker: safeCacheEvictIndex: setUnconditionally 0 -> -1
2022-08-09 13:50:29,885 [pool-850-thread-1] INFO  server.RaftServerConfigKeys (ConfUtils.java:logGet(46)) - raft.server.snapshot.auto.trigger.enabled = true (custom)
2022-08-09 13:50:29,889 [pool-850-thread-1] INFO  server.RaftServerConfigKeys (ConfUtils.java:logGet(46)) - raft.server.snapshot.auto.trigger.threshold = 10000 (custom)
2022-08-09 13:50:29,889 [pool-850-thread-1] INFO  server.RaftServerConfigKeys (ConfUtils.java:logGet(46)) - raft.server.snapshot.retention.file.num = 5 (custom)
2022-08-09 13:50:29,889 [pool-850-thread-1] INFO  server.RaftServerConfigKeys (ConfUtils.java:logGet(46)) - raft.server.log.purge.upto.snapshot.index = false (default)
2022-08-09 13:50:29,889 [pool-850-thread-1] INFO  server.RaftServerConfigKeys (ConfUtils.java:logGet(46)) - raft.server.retrycache.expirytime = 600000ms (custom)
2022-08-09 13:50:29,889 [pool-850-thread-1] INFO  server.RaftServerConfigKeys (ConfUtils.java:logGet(46)) - raft.server.retrycache.statistics.expirytime = 100μs (default)
2022-08-09 13:50:29,893 [pool-850-thread-1] INFO  server.RaftServerConfigKeys (ConfUtils.java:logGet(46)) - raft.server.log.appender.install.snapshot.enabled = false (custom)
2022-08-09 13:50:29,893 [pool-850-thread-1] INFO  server.RaftServerConfigKeys (ConfUtils.java:logGet(46)) - raft.server.threadpool.server.cached = true (default)
2022-08-09 13:50:29,893 [pool-850-thread-1] INFO  server.RaftServerConfigKeys (ConfUtils.java:logGet(46)) - raft.server.threadpool.server.size = 0 (default)
2022-08-09 13:50:29,893 [pool-850-thread-1] INFO  server.RaftServerConfigKeys (ConfUtils.java:logGet(46)) - raft.server.threadpool.client.cached = true (default)
2022-08-09 13:50:29,893 [pool-850-thread-1] INFO  server.RaftServerConfigKeys (ConfUtils.java:logGet(46)) - raft.server.threadpool.client.size = 0 (default)
2022-08-09 13:50:29,893 [pool-850-thread-1] INFO  server.RaftServer$Division (RaftServerImpl.java:start(310)) - eda375c3-f1b4-45e6-ba42-67ae65a4fd55@group-0EC1FDF9C42E: start as a follower, conf=-1: [6ff5905d-960c-4bc6-8c78-bddfc36801e9|rpc:10.1.0.19:41329|priority:0, 8852ae54-4ed3-4d1d-b462-9046b334363d|rpc:10.1.0.19:36749|priority:1, eda375c3-f1b4-45e6-ba42-67ae65a4fd55|rpc:10.1.0.19:34243|priority:0], old=null
2022-08-09 13:50:29,893 [pool-850-thread-1] INFO  server.RaftServer$Division (RaftServerImpl.java:setRole(299)) - eda375c3-f1b4-45e6-ba42-67ae65a4fd55@group-0EC1FDF9C42E: changes role from      null to FOLLOWER at term 0 for startAsFollower
2022-08-09 13:50:29,893 [pool-850-thread-1] INFO  impl.RoleInfo (RoleInfo.java:updateAndGet(139)) - eda375c3-f1b4-45e6-ba42-67ae65a4fd55: start eda375c3-f1b4-45e6-ba42-67ae65a4fd55@group-0EC1FDF9C42E-FollowerState
2022-08-09 13:50:29,909 [pool-850-thread-1] INFO  util.JmxRegister (JmxRegister.java:tryRegister(44)) - Successfully registered JMX Bean with object name Ratis:service=RaftServer,group=group-0EC1FDF9C42E,id=eda375c3-f1b4-45e6-ba42-67ae65a4fd55
2022-08-09 13:50:29,933 [Command processor thread] INFO  ratis.XceiverServerRatis (XceiverServerRatis.java:addGroup(765)) - Created group PipelineID=80449312-e5e7-4c5b-be18-0ec1fdf9c42e
2022-08-09 13:50:29,967 [grpc-default-executor-0] INFO  server.RaftServer (RaftServerProxy.java:addNew(96)) - 8852ae54-4ed3-4d1d-b462-9046b334363d: addNew group-0EC1FDF9C42E:[6ff5905d-960c-4bc6-8c78-bddfc36801e9|rpc:10.1.0.19:41329|dataStream:|priority:0, 8852ae54-4ed3-4d1d-b462-9046b334363d|rpc:10.1.0.19:36749|dataStream:|priority:1, eda375c3-f1b4-45e6-ba42-67ae65a4fd55|rpc:10.1.0.19:34243|dataStream:|priority:0] returns group-0EC1FDF9C42E:java.util.concurrent.CompletableFuture@6ac6d6e0[Not completed]
2022-08-09 13:50:29,968 [pool-896-thread-1] INFO  server.RaftServer$Division (RaftServerImpl.java:<init>(190)) - 8852ae54-4ed3-4d1d-b462-9046b334363d: new RaftServerImpl for group-0EC1FDF9C42E:[6ff5905d-960c-4bc6-8c78-bddfc36801e9|rpc:10.1.0.19:41329|dataStream:|priority:0, 8852ae54-4ed3-4d1d-b462-9046b334363d|rpc:10.1.0.19:36749|dataStream:|priority:1, eda375c3-f1b4-45e6-ba42-67ae65a4fd55|rpc:10.1.0.19:34243|dataStream:|priority:0] with ContainerStateMachine:uninitialized
2022-08-09 13:50:29,968 [pool-896-thread-1] INFO  server.RaftServerConfigKeys (ConfUtils.java:logGet(46)) - raft.server.rpc.timeout.min = 5s (custom)
2022-08-09 13:50:29,968 [pool-896-thread-1] INFO  server.RaftServerConfigKeys (ConfUtils.java:logGet(46)) - raft.server.rpc.timeout.max = 5200ms (custom)
2022-08-09 13:50:29,968 [pool-896-thread-1] INFO  server.RaftServerConfigKeys (ConfUtils.java:logGet(46)) - raft.server.rpc.sleep.time = 25ms (default)
2022-08-09 13:50:29,968 [pool-896-thread-1] INFO  server.RaftServerConfigKeys (ConfUtils.java:logGet(46)) - raft.server.rpc.slowness.timeout = 300s (custom)
2022-08-09 13:50:29,968 [pool-896-thread-1] INFO  server.RaftServerConfigKeys (ConfUtils.java:logGet(46)) - raft.server.leaderelection.leader.step-down.wait-time = 10s (default)
2022-08-09 13:50:29,968 [pool-896-thread-1] INFO  server.RaftServerConfigKeys (ConfUtils.java:logGet(46)) - raft.server.sleep.deviation.threshold = 300ms (default)
2022-08-09 13:50:29,968 [pool-896-thread-1] INFO  server.RaftServer$Division (ServerState.java:<init>(107)) - 8852ae54-4ed3-4d1d-b462-9046b334363d@group-0EC1FDF9C42E: ConfigurationManager, init=-1: [6ff5905d-960c-4bc6-8c78-bddfc36801e9|rpc:10.1.0.19:41329|dataStream:|priority:0, 8852ae54-4ed3-4d1d-b462-9046b334363d|rpc:10.1.0.19:36749|dataStream:|priority:1, eda375c3-f1b4-45e6-ba42-67ae65a4fd55|rpc:10.1.0.19:34243|dataStream:|priority:0], old=null, confs=<EMPTY_MAP>
2022-08-09 13:50:29,968 [pool-896-thread-1] INFO  server.RaftServerConfigKeys (ConfUtils.java:logGet(46)) - raft.server.storage.dir = [/home/runner/work/ozone/ozone/hadoop-ozone/integration-test/target/test-dir/MiniOzoneClusterImpl-a5f63cd0-adde-411c-a334-77d0cb0a7b46/datanode-2/data/ratis] (custom)
2022-08-09 13:50:29,968 [pool-896-thread-1] INFO  server.RaftServerConfigKeys (ConfUtils.java:logGet(46)) - raft.server.log.corruption.policy = EXCEPTION (default)
2022-08-09 13:50:29,968 [pool-896-thread-1] INFO  server.RaftServerConfigKeys (ConfUtils.java:logGet(46)) - raft.server.storage.free-space.min = 0MB (=0) (default)
2022-08-09 13:50:29,968 [pool-896-thread-1] INFO  storage.RaftStorageDirectory (RaftStorageDirectoryImpl.java:analyzeStorage(135)) - The storage directory /home/runner/work/ozone/ozone/hadoop-ozone/integration-test/target/test-dir/MiniOzoneClusterImpl-a5f63cd0-adde-411c-a334-77d0cb0a7b46/datanode-2/data/ratis/80449312-e5e7-4c5b-be18-0ec1fdf9c42e does not exist. Creating ...
2022-08-09 13:50:29,975 [pool-896-thread-1] INFO  storage.RaftStorageDirectory (RaftStorageDirectoryImpl.java:tryLock(230)) - Lock on /home/runner/work/ozone/ozone/hadoop-ozone/integration-test/target/test-dir/MiniOzoneClusterImpl-a5f63cd0-adde-411c-a334-77d0cb0a7b46/datanode-2/data/ratis/80449312-e5e7-4c5b-be18-0ec1fdf9c42e/in_use.lock acquired by nodename 10574@fv-az450-466
2022-08-09 13:50:29,982 [pool-896-thread-1] INFO  storage.RaftStorage (RaftStorageImpl.java:format(89)) - Storage directory /home/runner/work/ozone/ozone/hadoop-ozone/integration-test/target/test-dir/MiniOzoneClusterImpl-a5f63cd0-adde-411c-a334-77d0cb0a7b46/datanode-2/data/ratis/80449312-e5e7-4c5b-be18-0ec1fdf9c42e has been successfully formatted.
2022-08-09 13:50:29,982 [pool-896-thread-1] INFO  ratis.ContainerStateMachine (ContainerStateMachine.java:loadSnapshot(236)) - group-0EC1FDF9C42E: The snapshot info is null. Setting the last applied indexto:(t:0, i:~)
2022-08-09 13:50:30,013 [pool-896-thread-1] INFO  server.RaftServerConfigKeys (ConfUtils.java:logGet(46)) - raft.server.notification.no-leader.timeout = 300s (custom)
2022-08-09 13:50:30,013 [pool-896-thread-1] INFO  server.RaftServerConfigKeys (ConfUtils.java:logGet(46)) - raft.server.log.use.memory = false (default)
2022-08-09 13:50:30,013 [pool-896-thread-1] INFO  server.RaftServerConfigKeys (ConfUtils.java:logGet(46)) - raft.server.log.purge.gap = 1000000 (custom)
2022-08-09 13:50:30,013 [pool-896-thread-1] INFO  server.RaftServerConfigKeys (ConfUtils.java:logGet(46)) - raft.server.log.appender.buffer.byte-limit = 33554432 (custom)
2022-08-09 13:50:30,013 [pool-896-thread-1] INFO  server.RaftServerConfigKeys (ConfUtils.java:logGet(46)) - raft.server.log.statemachine.data.read.timeout = 1000ms (default)
2022-08-09 13:50:30,013 [pool-896-thread-1] INFO  server.RaftServerConfigKeys (ConfUtils.java:logGet(46)) - raft.server.log.segment.size.max = 1048576 (custom)
2022-08-09 13:50:30,014 [pool-896-thread-1] INFO  server.RaftServerConfigKeys (ConfUtils.java:logGet(46)) - raft.server.log.segment.cache.num.max = 2 (custom)
2022-08-09 13:50:30,014 [pool-896-thread-1] INFO  server.RaftServerConfigKeys (ConfUtils.java:logGet(46)) - raft.server.log.segment.cache.size.max = 200MB (=209715200) (default)
2022-08-09 13:50:30,014 [pool-896-thread-1] INFO  segmented.SegmentedRaftLogWorker (SegmentedRaftLogWorker.java:<init>(187)) - new 8852ae54-4ed3-4d1d-b462-9046b334363d@group-0EC1FDF9C42E-SegmentedRaftLogWorker for RaftStorageImpl:Storage Directory /home/runner/work/ozone/ozone/hadoop-ozone/integration-test/target/test-dir/MiniOzoneClusterImpl-a5f63cd0-adde-411c-a334-77d0cb0a7b46/datanode-2/data/ratis/80449312-e5e7-4c5b-be18-0ec1fdf9c42e
2022-08-09 13:50:30,014 [pool-896-thread-1] INFO  server.RaftServerConfigKeys (ConfUtils.java:logGet(46)) - raft.server.log.queue.byte-limit = 4294967296 (custom)
2022-08-09 13:50:30,014 [pool-896-thread-1] INFO  server.RaftServerConfigKeys (ConfUtils.java:logGet(46)) - raft.server.log.queue.element-limit = 1024 (custom)
2022-08-09 13:50:30,014 [pool-896-thread-1] INFO  server.RaftServerConfigKeys (ConfUtils.java:logGet(46)) - raft.server.log.segment.size.max = 1048576 (custom)
2022-08-09 13:50:30,014 [pool-896-thread-1] INFO  server.RaftServerConfigKeys (ConfUtils.java:logGet(46)) - raft.server.log.preallocated.size = 16384 (custom)
2022-08-09 13:50:30,014 [pool-896-thread-1] INFO  server.RaftServerConfigKeys (ConfUtils.java:logGet(46)) - raft.server.log.force.sync.num = 128 (default)
2022-08-09 13:50:30,014 [pool-896-thread-1] INFO  server.RaftServerConfigKeys (ConfUtils.java:logGet(46)) - raft.server.log.statemachine.data.sync = true (default)
2022-08-09 13:50:30,014 [pool-896-thread-1] INFO  server.RaftServerConfigKeys (ConfUtils.java:logGet(46)) - raft.server.log.statemachine.data.sync.timeout = 10s (default)
2022-08-09 13:50:30,014 [pool-896-thread-1] INFO  server.RaftServerConfigKeys (ConfUtils.java:logGet(46)) - raft.server.log.statemachine.data.sync.timeout.retry = -1 (default)
2022-08-09 13:50:30,015 [pool-896-thread-1] INFO  server.RaftServerConfigKeys (ConfUtils.java:logGet(46)) - raft.server.log.write.buffer.size = 1048576 (custom)
2022-08-09 13:50:30,016 [pool-896-thread-1] INFO  server.RaftServerConfigKeys (ConfUtils.java:logGet(46)) - raft.server.log.unsafe-flush.enabled = false (default)
2022-08-09 13:50:30,016 [pool-896-thread-1] INFO  server.RaftServerConfigKeys (ConfUtils.java:logGet(46)) - raft.server.log.statemachine.data.caching.enabled = true (custom)
2022-08-09 13:50:30,016 [pool-896-thread-1] INFO  segmented.SegmentedRaftLogWorker (SegmentedRaftLogWorker.java:lambda$new$0(135)) - 8852ae54-4ed3-4d1d-b462-9046b334363d@group-0EC1FDF9C42E-SegmentedRaftLogWorker: flushIndex: setUnconditionally 0 -> -1
2022-08-09 13:50:30,016 [pool-896-thread-1] INFO  segmented.SegmentedRaftLogWorker (SegmentedRaftLogWorker.java:lambda$new$0(135)) - 8852ae54-4ed3-4d1d-b462-9046b334363d@group-0EC1FDF9C42E-SegmentedRaftLogWorker: safeCacheEvictIndex: setUnconditionally 0 -> -1
2022-08-09 13:50:30,023 [pool-896-thread-1] INFO  server.RaftServerConfigKeys (ConfUtils.java:logGet(46)) - raft.server.snapshot.auto.trigger.enabled = true (custom)
2022-08-09 13:50:30,023 [pool-896-thread-1] INFO  server.RaftServerConfigKeys (ConfUtils.java:logGet(46)) - raft.server.snapshot.auto.trigger.threshold = 10000 (custom)
2022-08-09 13:50:30,023 [pool-896-thread-1] INFO  server.RaftServerConfigKeys (ConfUtils.java:logGet(46)) - raft.server.snapshot.retention.file.num = 5 (custom)
2022-08-09 13:50:30,023 [pool-896-thread-1] INFO  server.RaftServerConfigKeys (ConfUtils.java:logGet(46)) - raft.server.log.purge.upto.snapshot.index = false (default)
2022-08-09 13:50:30,023 [pool-896-thread-1] INFO  server.RaftServerConfigKeys (ConfUtils.java:logGet(46)) - raft.server.retrycache.expirytime = 600000ms (custom)
2022-08-09 13:50:30,023 [pool-896-thread-1] INFO  server.RaftServerConfigKeys (ConfUtils.java:logGet(46)) - raft.server.retrycache.statistics.expirytime = 100μs (default)
2022-08-09 13:50:30,024 [pool-896-thread-1] INFO  server.RaftServerConfigKeys (ConfUtils.java:logGet(46)) - raft.server.log.appender.install.snapshot.enabled = false (custom)
2022-08-09 13:50:30,024 [pool-896-thread-1] INFO  server.RaftServerConfigKeys (ConfUtils.java:logGet(46)) - raft.server.threadpool.server.cached = true (default)
2022-08-09 13:50:30,024 [pool-896-thread-1] INFO  server.RaftServerConfigKeys (ConfUtils.java:logGet(46)) - raft.server.threadpool.server.size = 0 (default)
2022-08-09 13:50:30,024 [pool-896-thread-1] INFO  server.RaftServerConfigKeys (ConfUtils.java:logGet(46)) - raft.server.threadpool.client.cached = true (default)
2022-08-09 13:50:30,024 [pool-896-thread-1] INFO  server.RaftServerConfigKeys (ConfUtils.java:logGet(46)) - raft.server.threadpool.client.size = 0 (default)
2022-08-09 13:50:30,024 [pool-896-thread-1] INFO  server.RaftServer$Division (RaftServerImpl.java:start(310)) - 8852ae54-4ed3-4d1d-b462-9046b334363d@group-0EC1FDF9C42E: start as a follower, conf=-1: [6ff5905d-960c-4bc6-8c78-bddfc36801e9|rpc:10.1.0.19:41329|dataStream:|priority:0, 8852ae54-4ed3-4d1d-b462-9046b334363d|rpc:10.1.0.19:36749|dataStream:|priority:1, eda375c3-f1b4-45e6-ba42-67ae65a4fd55|rpc:10.1.0.19:34243|dataStream:|priority:0], old=null
2022-08-09 13:50:30,024 [pool-896-thread-1] INFO  server.RaftServer$Division (RaftServerImpl.java:setRole(299)) - 8852ae54-4ed3-4d1d-b462-9046b334363d@group-0EC1FDF9C42E: changes role from      null to FOLLOWER at term 0 for startAsFollower
2022-08-09 13:50:30,024 [pool-896-thread-1] INFO  impl.RoleInfo (RoleInfo.java:updateAndGet(139)) - 8852ae54-4ed3-4d1d-b462-9046b334363d: start 8852ae54-4ed3-4d1d-b462-9046b334363d@group-0EC1FDF9C42E-FollowerState
2022-08-09 13:50:30,065 [Listener at 127.0.0.1/45023] INFO  ozone.MiniOzoneClusterImpl (MiniOzoneClusterImpl.java:lambda$waitForClusterToBeReady$0(216)) - Waiting for nodes to be ready. Got 4 of 5 DN Heartbeats.
2022-08-09 13:50:30,066 [Listener at 127.0.0.1/45023] INFO  ozone.MiniOzoneClusterImpl (MiniOzoneClusterImpl.java:lambda$waitForClusterToBeReady$0(219)) - Waiting for cluster to exit safe mode
2022-08-09 13:50:30,066 [Listener at 127.0.0.1/45023] INFO  ozone.MiniOzoneClusterImpl (MiniOzoneClusterImpl.java:lambda$waitForClusterToBeReady$0(221)) - SCM became leader
2022-08-09 13:50:30,069 [pool-896-thread-1] INFO  util.JmxRegister (JmxRegister.java:tryRegister(44)) - Successfully registered JMX Bean with object name Ratis:service=RaftServer,group=group-0EC1FDF9C42E,id=8852ae54-4ed3-4d1d-b462-9046b334363d
2022-08-09 13:50:30,117 [Command processor thread] INFO  server.RaftServer (RaftServerProxy.java:addNew(96)) - 6ff5905d-960c-4bc6-8c78-bddfc36801e9: addNew group-D82734D27A13:[6ff5905d-960c-4bc6-8c78-bddfc36801e9|rpc:10.1.0.19:41329|priority:1] returns group-D82734D27A13:java.util.concurrent.CompletableFuture@33bfb8e6[Not completed]
2022-08-09 13:50:30,118 [pool-873-thread-1] INFO  server.RaftServer$Division (RaftServerImpl.java:<init>(190)) - 6ff5905d-960c-4bc6-8c78-bddfc36801e9: new RaftServerImpl for group-D82734D27A13:[6ff5905d-960c-4bc6-8c78-bddfc36801e9|rpc:10.1.0.19:41329|priority:1] with ContainerStateMachine:uninitialized
2022-08-09 13:50:30,118 [pool-873-thread-1] INFO  server.RaftServerConfigKeys (ConfUtils.java:logGet(46)) - raft.server.rpc.timeout.min = 5s (custom)
2022-08-09 13:50:30,118 [pool-873-thread-1] INFO  server.RaftServerConfigKeys (ConfUtils.java:logGet(46)) - raft.server.rpc.timeout.max = 5200ms (custom)
2022-08-09 13:50:30,118 [pool-873-thread-1] INFO  server.RaftServerConfigKeys (ConfUtils.java:logGet(46)) - raft.server.rpc.sleep.time = 25ms (default)
2022-08-09 13:50:30,118 [pool-873-thread-1] INFO  server.RaftServerConfigKeys (ConfUtils.java:logGet(46)) - raft.server.rpc.slowness.timeout = 300s (custom)
2022-08-09 13:50:30,118 [pool-873-thread-1] INFO  server.RaftServerConfigKeys (ConfUtils.java:logGet(46)) - raft.server.leaderelection.leader.step-down.wait-time = 10s (default)
2022-08-09 13:50:30,118 [pool-873-thread-1] INFO  server.RaftServerConfigKeys (ConfUtils.java:logGet(46)) - raft.server.sleep.deviation.threshold = 300ms (default)
2022-08-09 13:50:30,118 [pool-873-thread-1] INFO  server.RaftServer$Division (ServerState.java:<init>(107)) - 6ff5905d-960c-4bc6-8c78-bddfc36801e9@group-D82734D27A13: ConfigurationManager, init=-1: [6ff5905d-960c-4bc6-8c78-bddfc36801e9|rpc:10.1.0.19:41329|priority:1], old=null, confs=<EMPTY_MAP>
2022-08-09 13:50:30,118 [pool-873-thread-1] INFO  server.RaftServerConfigKeys (ConfUtils.java:logGet(46)) - raft.server.storage.dir = [/home/runner/work/ozone/ozone/hadoop-ozone/integration-test/target/test-dir/MiniOzoneClusterImpl-a5f63cd0-adde-411c-a334-77d0cb0a7b46/datanode-1/data/ratis] (custom)
2022-08-09 13:50:30,118 [pool-873-thread-1] INFO  server.RaftServerConfigKeys (ConfUtils.java:logGet(46)) - raft.server.log.corruption.policy = EXCEPTION (default)
2022-08-09 13:50:30,118 [pool-873-thread-1] INFO  server.RaftServerConfigKeys (ConfUtils.java:logGet(46)) - raft.server.storage.free-space.min = 0MB (=0) (default)
2022-08-09 13:50:30,118 [pool-873-thread-1] INFO  storage.RaftStorageDirectory (RaftStorageDirectoryImpl.java:analyzeStorage(135)) - The storage directory /home/runner/work/ozone/ozone/hadoop-ozone/integration-test/target/test-dir/MiniOzoneClusterImpl-a5f63cd0-adde-411c-a334-77d0cb0a7b46/datanode-1/data/ratis/0928fd30-caf0-4a63-b093-d82734d27a13 does not exist. Creating ...
2022-08-09 13:50:30,120 [pool-873-thread-1] INFO  storage.RaftStorageDirectory (RaftStorageDirectoryImpl.java:tryLock(230)) - Lock on /home/runner/work/ozone/ozone/hadoop-ozone/integration-test/target/test-dir/MiniOzoneClusterImpl-a5f63cd0-adde-411c-a334-77d0cb0a7b46/datanode-1/data/ratis/0928fd30-caf0-4a63-b093-d82734d27a13/in_use.lock acquired by nodename 10574@fv-az450-466
2022-08-09 13:50:30,121 [pool-873-thread-1] INFO  storage.RaftStorage (RaftStorageImpl.java:format(89)) - Storage directory /home/runner/work/ozone/ozone/hadoop-ozone/integration-test/target/test-dir/MiniOzoneClusterImpl-a5f63cd0-adde-411c-a334-77d0cb0a7b46/datanode-1/data/ratis/0928fd30-caf0-4a63-b093-d82734d27a13 has been successfully formatted.
2022-08-09 13:50:30,121 [pool-873-thread-1] INFO  ratis.ContainerStateMachine (ContainerStateMachine.java:loadSnapshot(236)) - group-D82734D27A13: The snapshot info is null. Setting the last applied indexto:(t:0, i:~)
2022-08-09 13:50:30,122 [pool-873-thread-1] INFO  server.RaftServerConfigKeys (ConfUtils.java:logGet(46)) - raft.server.notification.no-leader.timeout = 300s (custom)
2022-08-09 13:50:30,122 [pool-873-thread-1] INFO  server.RaftServerConfigKeys (ConfUtils.java:logGet(46)) - raft.server.log.use.memory = false (default)
2022-08-09 13:50:30,122 [pool-873-thread-1] INFO  server.RaftServerConfigKeys (ConfUtils.java:logGet(46)) - raft.server.log.purge.gap = 1000000 (custom)
2022-08-09 13:50:30,122 [pool-873-thread-1] INFO  server.RaftServerConfigKeys (ConfUtils.java:logGet(46)) - raft.server.log.appender.buffer.byte-limit = 33554432 (custom)
2022-08-09 13:50:30,122 [pool-873-thread-1] INFO  server.RaftServerConfigKeys (ConfUtils.java:logGet(46)) - raft.server.log.statemachine.data.read.timeout = 1000ms (default)
2022-08-09 13:50:30,122 [pool-873-thread-1] INFO  server.RaftServerConfigKeys (ConfUtils.java:logGet(46)) - raft.server.log.segment.size.max = 1048576 (custom)
2022-08-09 13:50:30,122 [pool-873-thread-1] INFO  server.RaftServerConfigKeys (ConfUtils.java:logGet(46)) - raft.server.log.segment.cache.num.max = 2 (custom)
2022-08-09 13:50:30,122 [pool-873-thread-1] INFO  server.RaftServerConfigKeys (ConfUtils.java:logGet(46)) - raft.server.log.segment.cache.size.max = 200MB (=209715200) (default)
2022-08-09 13:50:30,122 [pool-873-thread-1] INFO  segmented.SegmentedRaftLogWorker (SegmentedRaftLogWorker.java:<init>(187)) - new 6ff5905d-960c-4bc6-8c78-bddfc36801e9@group-D82734D27A13-SegmentedRaftLogWorker for RaftStorageImpl:Storage Directory /home/runner/work/ozone/ozone/hadoop-ozone/integration-test/target/test-dir/MiniOzoneClusterImpl-a5f63cd0-adde-411c-a334-77d0cb0a7b46/datanode-1/data/ratis/0928fd30-caf0-4a63-b093-d82734d27a13
2022-08-09 13:50:30,122 [pool-873-thread-1] INFO  server.RaftServerConfigKeys (ConfUtils.java:logGet(46)) - raft.server.log.queue.byte-limit = 4294967296 (custom)
2022-08-09 13:50:30,122 [pool-873-thread-1] INFO  server.RaftServerConfigKeys (ConfUtils.java:logGet(46)) - raft.server.log.queue.element-limit = 1024 (custom)
2022-08-09 13:50:30,123 [pool-873-thread-1] INFO  server.RaftServerConfigKeys (ConfUtils.java:logGet(46)) - raft.server.log.segment.size.max = 1048576 (custom)
2022-08-09 13:50:30,123 [pool-873-thread-1] INFO  server.RaftServerConfigKeys (ConfUtils.java:logGet(46)) - raft.server.log.preallocated.size = 16384 (custom)
2022-08-09 13:50:30,123 [pool-873-thread-1] INFO  server.RaftServerConfigKeys (ConfUtils.java:logGet(46)) - raft.server.log.force.sync.num = 128 (default)
2022-08-09 13:50:30,123 [pool-873-thread-1] INFO  server.RaftServerConfigKeys (ConfUtils.java:logGet(46)) - raft.server.log.statemachine.data.sync = true (default)
2022-08-09 13:50:30,123 [pool-873-thread-1] INFO  server.RaftServerConfigKeys (ConfUtils.java:logGet(46)) - raft.server.log.statemachine.data.sync.timeout = 10s (default)
2022-08-09 13:50:30,123 [pool-873-thread-1] INFO  server.RaftServerConfigKeys (ConfUtils.java:logGet(46)) - raft.server.log.statemachine.data.sync.timeout.retry = -1 (default)
2022-08-09 13:50:30,124 [pool-873-thread-1] INFO  server.RaftServerConfigKeys (ConfUtils.java:logGet(46)) - raft.server.log.write.buffer.size = 1048576 (custom)
2022-08-09 13:50:30,124 [pool-873-thread-1] INFO  server.RaftServerConfigKeys (ConfUtils.java:logGet(46)) - raft.server.log.unsafe-flush.enabled = false (default)
2022-08-09 13:50:30,124 [pool-873-thread-1] INFO  server.RaftServerConfigKeys (ConfUtils.java:logGet(46)) - raft.server.log.statemachine.data.caching.enabled = true (custom)
2022-08-09 13:50:30,124 [pool-873-thread-1] INFO  segmented.SegmentedRaftLogWorker (SegmentedRaftLogWorker.java:lambda$new$0(135)) - 6ff5905d-960c-4bc6-8c78-bddfc36801e9@group-D82734D27A13-SegmentedRaftLogWorker: flushIndex: setUnconditionally 0 -> -1
2022-08-09 13:50:30,125 [pool-873-thread-1] INFO  segmented.SegmentedRaftLogWorker (SegmentedRaftLogWorker.java:lambda$new$0(135)) - 6ff5905d-960c-4bc6-8c78-bddfc36801e9@group-D82734D27A13-SegmentedRaftLogWorker: safeCacheEvictIndex: setUnconditionally 0 -> -1
2022-08-09 13:50:30,126 [EventQueue-PipelineReportForPipelineReportHandler] INFO  pipeline.PipelineManagerImpl (PipelineManagerImpl.java:openPipeline(367)) - Pipeline Pipeline[ Id: 0928fd30-caf0-4a63-b093-d82734d27a13, Nodes: 6ff5905d-960c-4bc6-8c78-bddfc36801e9{ip: 10.1.0.19, host: fv-az450-466.jnfmftgkylze5hd05chtbp1i0a.dx.internal.cloudapp.net, ports: [REPLICATION=40271, RATIS=41329, RATIS_ADMIN=41329, RATIS_SERVER=41329, STANDALONE=42977], networkLocation: /default-rack, certSerialId: null, persistedOpState: IN_SERVICE, persistedOpStateExpiryEpochSec: 0}, ReplicationConfig: RATIS/ONE, State:ALLOCATED, leaderId:6ff5905d-960c-4bc6-8c78-bddfc36801e9, CreationTimestamp2022-08-09T13:50:27.144Z[Etc/UTC]] moved to OPEN state
2022-08-09 13:50:30,126 [EventQueue-OpenPipelineForHealthyPipelineSafeModeRule] INFO  safemode.SCMSafeModeManager (HealthyPipelineSafeModeRule.java:process(137)) - SCM in safe mode. Healthy pipelines reported count is 0, required healthy pipeline reported count is 1
2022-08-09 13:50:30,133 [pool-873-thread-1] INFO  server.RaftServerConfigKeys (ConfUtils.java:logGet(46)) - raft.server.snapshot.auto.trigger.enabled = true (custom)
2022-08-09 13:50:30,133 [pool-873-thread-1] INFO  server.RaftServerConfigKeys (ConfUtils.java:logGet(46)) - raft.server.snapshot.auto.trigger.threshold = 10000 (custom)
2022-08-09 13:50:30,133 [pool-873-thread-1] INFO  server.RaftServerConfigKeys (ConfUtils.java:logGet(46)) - raft.server.snapshot.retention.file.num = 5 (custom)
2022-08-09 13:50:30,133 [pool-873-thread-1] INFO  server.RaftServerConfigKeys (ConfUtils.java:logGet(46)) - raft.server.log.purge.upto.snapshot.index = false (default)
2022-08-09 13:50:30,133 [pool-873-thread-1] INFO  server.RaftServerConfigKeys (ConfUtils.java:logGet(46)) - raft.server.retrycache.expirytime = 600000ms (custom)
2022-08-09 13:50:30,133 [pool-873-thread-1] INFO  server.RaftServerConfigKeys (ConfUtils.java:logGet(46)) - raft.server.retrycache.statistics.expirytime = 100μs (default)
2022-08-09 13:50:30,134 [pool-873-thread-1] INFO  server.RaftServerConfigKeys (ConfUtils.java:logGet(46)) - raft.server.log.appender.install.snapshot.enabled = false (custom)
2022-08-09 13:50:30,134 [pool-873-thread-1] INFO  server.RaftServerConfigKeys (ConfUtils.java:logGet(46)) - raft.server.threadpool.server.cached = true (default)
2022-08-09 13:50:30,134 [pool-873-thread-1] INFO  server.RaftServerConfigKeys (ConfUtils.java:logGet(46)) - raft.server.threadpool.server.size = 0 (default)
2022-08-09 13:50:30,135 [pool-873-thread-1] INFO  server.RaftServerConfigKeys (ConfUtils.java:logGet(46)) - raft.server.threadpool.client.cached = true (default)
2022-08-09 13:50:30,135 [pool-873-thread-1] INFO  server.RaftServerConfigKeys (ConfUtils.java:logGet(46)) - raft.server.threadpool.client.size = 0 (default)
2022-08-09 13:50:30,135 [pool-873-thread-1] INFO  server.RaftServer$Division (RaftServerImpl.java:start(310)) - 6ff5905d-960c-4bc6-8c78-bddfc36801e9@group-D82734D27A13: start as a follower, conf=-1: [6ff5905d-960c-4bc6-8c78-bddfc36801e9|rpc:10.1.0.19:41329|priority:1], old=null
2022-08-09 13:50:30,135 [pool-873-thread-1] INFO  server.RaftServer$Division (RaftServerImpl.java:setRole(299)) - 6ff5905d-960c-4bc6-8c78-bddfc36801e9@group-D82734D27A13: changes role from      null to FOLLOWER at term 0 for startAsFollower
2022-08-09 13:50:30,135 [pool-873-thread-1] INFO  impl.RoleInfo (RoleInfo.java:updateAndGet(139)) - 6ff5905d-960c-4bc6-8c78-bddfc36801e9: start 6ff5905d-960c-4bc6-8c78-bddfc36801e9@group-D82734D27A13-FollowerState
2022-08-09 13:50:30,148 [pool-873-thread-1] INFO  util.JmxRegister (JmxRegister.java:tryRegister(44)) - Successfully registered JMX Bean with object name Ratis:service=RaftServer,group=group-D82734D27A13,id=6ff5905d-960c-4bc6-8c78-bddfc36801e9
2022-08-09 13:50:30,162 [Command processor thread] INFO  ratis.XceiverServerRatis (XceiverServerRatis.java:addGroup(765)) - Created group PipelineID=0928fd30-caf0-4a63-b093-d82734d27a13
2022-08-09 13:50:30,162 [Command processor thread] INFO  commandhandler.CreatePipelineCommandHandler (CreatePipelineCommandHandler.java:handle(113)) - Created Pipeline RATIS ONE PipelineID=0928fd30-caf0-4a63-b093-d82734d27a13.
2022-08-09 13:50:30,162 [Command processor thread] INFO  server.RaftServer (RaftServerProxy.java:addNew(96)) - 6ff5905d-960c-4bc6-8c78-bddfc36801e9: addNew group-0EC1FDF9C42E:[6ff5905d-960c-4bc6-8c78-bddfc36801e9|rpc:10.1.0.19:41329|priority:0, 8852ae54-4ed3-4d1d-b462-9046b334363d|rpc:10.1.0.19:36749|priority:1, eda375c3-f1b4-45e6-ba42-67ae65a4fd55|rpc:10.1.0.19:34243|priority:0] returns group-0EC1FDF9C42E:java.util.concurrent.CompletableFuture@3d7850e1[Not completed]
2022-08-09 13:50:30,167 [pool-873-thread-1] INFO  server.RaftServer$Division (RaftServerImpl.java:<init>(190)) - 6ff5905d-960c-4bc6-8c78-bddfc36801e9: new RaftServerImpl for group-0EC1FDF9C42E:[6ff5905d-960c-4bc6-8c78-bddfc36801e9|rpc:10.1.0.19:41329|priority:0, 8852ae54-4ed3-4d1d-b462-9046b334363d|rpc:10.1.0.19:36749|priority:1, eda375c3-f1b4-45e6-ba42-67ae65a4fd55|rpc:10.1.0.19:34243|priority:0] with ContainerStateMachine:uninitialized
2022-08-09 13:50:30,167 [pool-873-thread-1] INFO  server.RaftServerConfigKeys (ConfUtils.java:logGet(46)) - raft.server.rpc.timeout.min = 5s (custom)
2022-08-09 13:50:30,167 [pool-873-thread-1] INFO  server.RaftServerConfigKeys (ConfUtils.java:logGet(46)) - raft.server.rpc.timeout.max = 5200ms (custom)
2022-08-09 13:50:30,167 [pool-873-thread-1] INFO  server.RaftServerConfigKeys (ConfUtils.java:logGet(46)) - raft.server.rpc.sleep.time = 25ms (default)
2022-08-09 13:50:30,167 [pool-873-thread-1] INFO  server.RaftServerConfigKeys (ConfUtils.java:logGet(46)) - raft.server.rpc.slowness.timeout = 300s (custom)
2022-08-09 13:50:30,167 [pool-873-thread-1] INFO  server.RaftServerConfigKeys (ConfUtils.java:logGet(46)) - raft.server.leaderelection.leader.step-down.wait-time = 10s (default)
2022-08-09 13:50:30,167 [pool-873-thread-1] INFO  server.RaftServerConfigKeys (ConfUtils.java:logGet(46)) - raft.server.sleep.deviation.threshold = 300ms (default)
2022-08-09 13:50:30,168 [pool-873-thread-1] INFO  server.RaftServer$Division (ServerState.java:<init>(107)) - 6ff5905d-960c-4bc6-8c78-bddfc36801e9@group-0EC1FDF9C42E: ConfigurationManager, init=-1: [6ff5905d-960c-4bc6-8c78-bddfc36801e9|rpc:10.1.0.19:41329|priority:0, 8852ae54-4ed3-4d1d-b462-9046b334363d|rpc:10.1.0.19:36749|priority:1, eda375c3-f1b4-45e6-ba42-67ae65a4fd55|rpc:10.1.0.19:34243|priority:0], old=null, confs=<EMPTY_MAP>
2022-08-09 13:50:30,168 [pool-873-thread-1] INFO  server.RaftServerConfigKeys (ConfUtils.java:logGet(46)) - raft.server.storage.dir = [/home/runner/work/ozone/ozone/hadoop-ozone/integration-test/target/test-dir/MiniOzoneClusterImpl-a5f63cd0-adde-411c-a334-77d0cb0a7b46/datanode-1/data/ratis] (custom)
2022-08-09 13:50:30,168 [pool-873-thread-1] INFO  server.RaftServerConfigKeys (ConfUtils.java:logGet(46)) - raft.server.log.corruption.policy = EXCEPTION (default)
2022-08-09 13:50:30,168 [pool-873-thread-1] INFO  server.RaftServerConfigKeys (ConfUtils.java:logGet(46)) - raft.server.storage.free-space.min = 0MB (=0) (default)
2022-08-09 13:50:30,168 [pool-873-thread-1] INFO  storage.RaftStorageDirectory (RaftStorageDirectoryImpl.java:analyzeStorage(135)) - The storage directory /home/runner/work/ozone/ozone/hadoop-ozone/integration-test/target/test-dir/MiniOzoneClusterImpl-a5f63cd0-adde-411c-a334-77d0cb0a7b46/datanode-1/data/ratis/80449312-e5e7-4c5b-be18-0ec1fdf9c42e does not exist. Creating ...
2022-08-09 13:50:30,170 [IPC Server handler 3 on default port 38209] INFO  net.NetworkTopologyImpl (NetworkTopologyImpl.java:add(112)) - Added a new node: /default-rack/09723a4e-7fd0-4003-a68d-b4a2e2b403bd
2022-08-09 13:50:30,201 [IPC Server handler 3 on default port 38209] INFO  node.SCMNodeManager (SCMNodeManager.java:register(397)) - Registered Data node : 09723a4e-7fd0-4003-a68d-b4a2e2b403bd{ip: 10.1.0.19, host: fv-az450-466.jnfmftgkylze5hd05chtbp1i0a.dx.internal.cloudapp.net, ports: [REPLICATION=35331, RATIS=33703, RATIS_ADMIN=33703, RATIS_SERVER=33703, STANDALONE=39847], networkLocation: /default-rack, certSerialId: null, persistedOpState: null, persistedOpStateExpiryEpochSec: 0}
2022-08-09 13:50:30,171 [pool-873-thread-1] INFO  storage.RaftStorageDirectory (RaftStorageDirectoryImpl.java:tryLock(230)) - Lock on /home/runner/work/ozone/ozone/hadoop-ozone/integration-test/target/test-dir/MiniOzoneClusterImpl-a5f63cd0-adde-411c-a334-77d0cb0a7b46/datanode-1/data/ratis/80449312-e5e7-4c5b-be18-0ec1fdf9c42e/in_use.lock acquired by nodename 10574@fv-az450-466
2022-08-09 13:50:30,202 [EventQueue-NewNodeForNewNodeHandler] INFO  pipeline.BackgroundPipelineCreator (BackgroundPipelineCreator.java:notifyEventTriggered(276)) - trigger a one-shot run on RatisPipelineUtilsThread.
2022-08-09 13:50:30,202 [RatisPipelineUtilsThread - 0] INFO  pipeline.RatisPipelineProvider (RatisPipelineProvider.java:lambda$create$0(195)) - Sending CreatePipelineCommand for pipeline:PipelineID=835a61d4-22cc-480b-a976-c37e7ccbc1f3 to datanode:09723a4e-7fd0-4003-a68d-b4a2e2b403bd
2022-08-09 13:50:30,203 [RatisPipelineUtilsThread - 0] INFO  pipeline.PipelineStateManagerImpl (PipelineStateManagerImpl.java:addPipeline(103)) - Created pipeline Pipeline[ Id: 835a61d4-22cc-480b-a976-c37e7ccbc1f3, Nodes: 09723a4e-7fd0-4003-a68d-b4a2e2b403bd{ip: 10.1.0.19, host: fv-az450-466.jnfmftgkylze5hd05chtbp1i0a.dx.internal.cloudapp.net, ports: [REPLICATION=35331, RATIS=33703, RATIS_ADMIN=33703, RATIS_SERVER=33703, STANDALONE=39847], networkLocation: /default-rack, certSerialId: null, persistedOpState: IN_SERVICE, persistedOpStateExpiryEpochSec: 0}, ReplicationConfig: RATIS/ONE, State:ALLOCATED, leaderId:, CreationTimestamp2022-08-09T13:50:30.202Z[Etc/UTC]].
2022-08-09 13:50:30,207 [pool-873-thread-1] INFO  storage.RaftStorage (RaftStorageImpl.java:format(89)) - Storage directory /home/runner/work/ozone/ozone/hadoop-ozone/integration-test/target/test-dir/MiniOzoneClusterImpl-a5f63cd0-adde-411c-a334-77d0cb0a7b46/datanode-1/data/ratis/80449312-e5e7-4c5b-be18-0ec1fdf9c42e has been successfully formatted.
2022-08-09 13:50:30,207 [pool-873-thread-1] INFO  ratis.ContainerStateMachine (ContainerStateMachine.java:loadSnapshot(236)) - group-0EC1FDF9C42E: The snapshot info is null. Setting the last applied indexto:(t:0, i:~)
2022-08-09 13:50:30,207 [pool-873-thread-1] INFO  server.RaftServerConfigKeys (ConfUtils.java:logGet(46)) - raft.server.notification.no-leader.timeout = 300s (custom)
2022-08-09 13:50:30,207 [pool-873-thread-1] INFO  server.RaftServerConfigKeys (ConfUtils.java:logGet(46)) - raft.server.log.use.memory = false (default)
2022-08-09 13:50:30,207 [pool-873-thread-1] INFO  server.RaftServerConfigKeys (ConfUtils.java:logGet(46)) - raft.server.log.purge.gap = 1000000 (custom)
2022-08-09 13:50:30,207 [pool-873-thread-1] INFO  server.RaftServerConfigKeys (ConfUtils.java:logGet(46)) - raft.server.log.appender.buffer.byte-limit = 33554432 (custom)
2022-08-09 13:50:30,207 [pool-873-thread-1] INFO  server.RaftServerConfigKeys (ConfUtils.java:logGet(46)) - raft.server.log.statemachine.data.read.timeout = 1000ms (default)
2022-08-09 13:50:30,207 [pool-873-thread-1] INFO  server.RaftServerConfigKeys (ConfUtils.java:logGet(46)) - raft.server.log.segment.size.max = 1048576 (custom)
2022-08-09 13:50:30,208 [pool-873-thread-1] INFO  server.RaftServerConfigKeys (ConfUtils.java:logGet(46)) - raft.server.log.segment.cache.num.max = 2 (custom)
2022-08-09 13:50:30,208 [pool-873-thread-1] INFO  server.RaftServerConfigKeys (ConfUtils.java:logGet(46)) - raft.server.log.segment.cache.size.max = 200MB (=209715200) (default)
2022-08-09 13:50:30,208 [pool-873-thread-1] INFO  segmented.SegmentedRaftLogWorker (SegmentedRaftLogWorker.java:<init>(187)) - new 6ff5905d-960c-4bc6-8c78-bddfc36801e9@group-0EC1FDF9C42E-SegmentedRaftLogWorker for RaftStorageImpl:Storage Directory /home/runner/work/ozone/ozone/hadoop-ozone/integration-test/target/test-dir/MiniOzoneClusterImpl-a5f63cd0-adde-411c-a334-77d0cb0a7b46/datanode-1/data/ratis/80449312-e5e7-4c5b-be18-0ec1fdf9c42e
2022-08-09 13:50:30,208 [pool-873-thread-1] INFO  server.RaftServerConfigKeys (ConfUtils.java:logGet(46)) - raft.server.log.queue.byte-limit = 4294967296 (custom)
2022-08-09 13:50:30,208 [pool-873-thread-1] INFO  server.RaftServerConfigKeys (ConfUtils.java:logGet(46)) - raft.server.log.queue.element-limit = 1024 (custom)
2022-08-09 13:50:30,208 [pool-873-thread-1] INFO  server.RaftServerConfigKeys (ConfUtils.java:logGet(46)) - raft.server.log.segment.size.max = 1048576 (custom)
2022-08-09 13:50:30,208 [pool-873-thread-1] INFO  server.RaftServerConfigKeys (ConfUtils.java:logGet(46)) - raft.server.log.preallocated.size = 16384 (custom)
2022-08-09 13:50:30,208 [pool-873-thread-1] INFO  server.RaftServerConfigKeys (ConfUtils.java:logGet(46)) - raft.server.log.force.sync.num = 128 (default)
2022-08-09 13:50:30,208 [pool-873-thread-1] INFO  server.RaftServerConfigKeys (ConfUtils.java:logGet(46)) - raft.server.log.statemachine.data.sync = true (default)
2022-08-09 13:50:30,208 [pool-873-thread-1] INFO  server.RaftServerConfigKeys (ConfUtils.java:logGet(46)) - raft.server.log.statemachine.data.sync.timeout = 10s (default)
2022-08-09 13:50:30,208 [pool-873-thread-1] INFO  server.RaftServerConfigKeys (ConfUtils.java:logGet(46)) - raft.server.log.statemachine.data.sync.timeout.retry = -1 (default)
2022-08-09 13:50:30,213 [pool-873-thread-1] INFO  server.RaftServerConfigKeys (ConfUtils.java:logGet(46)) - raft.server.log.write.buffer.size = 1048576 (custom)
2022-08-09 13:50:30,218 [EventQueue-OpenPipelineForHealthyPipelineSafeModeRule] INFO  safemode.SCMSafeModeManager (HealthyPipelineSafeModeRule.java:process(137)) - SCM in safe mode. Healthy pipelines reported count is 0, required healthy pipeline reported count is 1
2022-08-09 13:50:30,234 [pool-873-thread-1] INFO  server.RaftServerConfigKeys (ConfUtils.java:logGet(46)) - raft.server.log.unsafe-flush.enabled = false (default)
2022-08-09 13:50:30,234 [pool-873-thread-1] INFO  server.RaftServerConfigKeys (ConfUtils.java:logGet(46)) - raft.server.log.statemachine.data.caching.enabled = true (custom)
2022-08-09 13:50:30,234 [pool-873-thread-1] INFO  segmented.SegmentedRaftLogWorker (SegmentedRaftLogWorker.java:lambda$new$0(135)) - 6ff5905d-960c-4bc6-8c78-bddfc36801e9@group-0EC1FDF9C42E-SegmentedRaftLogWorker: flushIndex: setUnconditionally 0 -> -1
2022-08-09 13:50:30,234 [pool-873-thread-1] INFO  segmented.SegmentedRaftLogWorker (SegmentedRaftLogWorker.java:lambda$new$0(135)) - 6ff5905d-960c-4bc6-8c78-bddfc36801e9@group-0EC1FDF9C42E-SegmentedRaftLogWorker: safeCacheEvictIndex: setUnconditionally 0 -> -1
2022-08-09 13:50:30,238 [pool-873-thread-1] INFO  server.RaftServerConfigKeys (ConfUtils.java:logGet(46)) - raft.server.snapshot.auto.trigger.enabled = true (custom)
2022-08-09 13:50:30,238 [pool-873-thread-1] INFO  server.RaftServerConfigKeys (ConfUtils.java:logGet(46)) - raft.server.snapshot.auto.trigger.threshold = 10000 (custom)
2022-08-09 13:50:30,238 [pool-873-thread-1] INFO  server.RaftServerConfigKeys (ConfUtils.java:logGet(46)) - raft.server.snapshot.retention.file.num = 5 (custom)
2022-08-09 13:50:30,238 [pool-873-thread-1] INFO  server.RaftServerConfigKeys (ConfUtils.java:logGet(46)) - raft.server.log.purge.upto.snapshot.index = false (default)
2022-08-09 13:50:30,238 [pool-873-thread-1] INFO  server.RaftServerConfigKeys (ConfUtils.java:logGet(46)) - raft.server.retrycache.expirytime = 600000ms (custom)
2022-08-09 13:50:30,238 [pool-873-thread-1] INFO  server.RaftServerConfigKeys (ConfUtils.java:logGet(46)) - raft.server.retrycache.statistics.expirytime = 100μs (default)
2022-08-09 13:50:30,239 [pool-873-thread-1] INFO  server.RaftServerConfigKeys (ConfUtils.java:logGet(46)) - raft.server.log.appender.install.snapshot.enabled = false (custom)
2022-08-09 13:50:30,239 [pool-873-thread-1] INFO  server.RaftServerConfigKeys (ConfUtils.java:logGet(46)) - raft.server.threadpool.server.cached = true (default)
2022-08-09 13:50:30,239 [pool-873-thread-1] INFO  server.RaftServerConfigKeys (ConfUtils.java:logGet(46)) - raft.server.threadpool.server.size = 0 (default)
2022-08-09 13:50:30,239 [pool-873-thread-1] INFO  server.RaftServerConfigKeys (ConfUtils.java:logGet(46)) - raft.server.threadpool.client.cached = true (default)
2022-08-09 13:50:30,239 [pool-873-thread-1] INFO  server.RaftServerConfigKeys (ConfUtils.java:logGet(46)) - raft.server.threadpool.client.size = 0 (default)
2022-08-09 13:50:30,239 [pool-873-thread-1] INFO  server.RaftServer$Division (RaftServerImpl.java:start(310)) - 6ff5905d-960c-4bc6-8c78-bddfc36801e9@group-0EC1FDF9C42E: start as a follower, conf=-1: [6ff5905d-960c-4bc6-8c78-bddfc36801e9|rpc:10.1.0.19:41329|priority:0, 8852ae54-4ed3-4d1d-b462-9046b334363d|rpc:10.1.0.19:36749|priority:1, eda375c3-f1b4-45e6-ba42-67ae65a4fd55|rpc:10.1.0.19:34243|priority:0], old=null
2022-08-09 13:50:30,239 [pool-873-thread-1] INFO  server.RaftServer$Division (RaftServerImpl.java:setRole(299)) - 6ff5905d-960c-4bc6-8c78-bddfc36801e9@group-0EC1FDF9C42E: changes role from      null to FOLLOWER at term 0 for startAsFollower
2022-08-09 13:50:30,239 [pool-873-thread-1] INFO  impl.RoleInfo (RoleInfo.java:updateAndGet(139)) - 6ff5905d-960c-4bc6-8c78-bddfc36801e9: start 6ff5905d-960c-4bc6-8c78-bddfc36801e9@group-0EC1FDF9C42E-FollowerState
2022-08-09 13:50:30,278 [pool-873-thread-1] INFO  util.JmxRegister (JmxRegister.java:tryRegister(44)) - Successfully registered JMX Bean with object name Ratis:service=RaftServer,group=group-0EC1FDF9C42E,id=6ff5905d-960c-4bc6-8c78-bddfc36801e9
2022-08-09 13:50:30,289 [Command processor thread] INFO  ratis.XceiverServerRatis (XceiverServerRatis.java:addGroup(765)) - Created group PipelineID=80449312-e5e7-4c5b-be18-0ec1fdf9c42e
2022-08-09 13:50:30,335 [Command processor thread] INFO  commandhandler.CreatePipelineCommandHandler (CreatePipelineCommandHandler.java:handle(113)) - Created Pipeline RATIS THREE PipelineID=80449312-e5e7-4c5b-be18-0ec1fdf9c42e.
2022-08-09 13:50:30,496 [Finalizer] WARN  managed.ManagedRocksObjectUtils (ManagedRocksObjectUtils.java:assertClosed(39)) - ManagedDBOptions is not closed properly
2022-08-09 13:50:30,496 [Finalizer] WARN  managed.ManagedRocksObjectUtils (ManagedRocksObjectUtils.java:assertClosed(39)) - ManagedColumnFamilyOptions is not closed properly
2022-08-09 13:50:30,496 [Finalizer] WARN  managed.ManagedRocksObjectUtils (ManagedRocksObjectUtils.java:assertClosed(39)) - ManagedLRUCache is not closed properly
2022-08-09 13:50:30,496 [Finalizer] WARN  managed.ManagedRocksObjectUtils (ManagedRocksObjectUtils.java:assertClosed(39)) - ManagedBloomFilter is not closed properly
2022-08-09 13:50:30,559 [Command processor thread] INFO  commandhandler.CreatePipelineCommandHandler (CreatePipelineCommandHandler.java:handle(113)) - Created Pipeline RATIS THREE PipelineID=80449312-e5e7-4c5b-be18-0ec1fdf9c42e.
2022-08-09 13:50:31,066 [Listener at 127.0.0.1/45023] INFO  ozone.MiniOzoneClusterImpl (MiniOzoneClusterImpl.java:lambda$waitForClusterToBeReady$0(216)) - Nodes are ready. Got 5 of 5 DN Heartbeats.
2022-08-09 13:50:31,066 [Listener at 127.0.0.1/45023] INFO  ozone.MiniOzoneClusterImpl (MiniOzoneClusterImpl.java:lambda$waitForClusterToBeReady$0(219)) - Waiting for cluster to exit safe mode
2022-08-09 13:50:31,066 [Listener at 127.0.0.1/45023] INFO  ozone.MiniOzoneClusterImpl (MiniOzoneClusterImpl.java:lambda$waitForClusterToBeReady$0(221)) - SCM became leader
2022-08-09 13:50:31,144 [Command processor thread] INFO  server.RaftServer (RaftServerProxy.java:addNew(96)) - 8852ae54-4ed3-4d1d-b462-9046b334363d: addNew group-100714E6300F:[8852ae54-4ed3-4d1d-b462-9046b334363d|rpc:10.1.0.19:36749|priority:1] returns group-100714E6300F:java.util.concurrent.CompletableFuture@521710b6[Not completed]
2022-08-09 13:50:31,145 [pool-896-thread-1] INFO  server.RaftServer$Division (RaftServerImpl.java:<init>(190)) - 8852ae54-4ed3-4d1d-b462-9046b334363d: new RaftServerImpl for group-100714E6300F:[8852ae54-4ed3-4d1d-b462-9046b334363d|rpc:10.1.0.19:36749|priority:1] with ContainerStateMachine:uninitialized
2022-08-09 13:50:31,145 [pool-896-thread-1] INFO  server.RaftServerConfigKeys (ConfUtils.java:logGet(46)) - raft.server.rpc.timeout.min = 5s (custom)
2022-08-09 13:50:31,145 [pool-896-thread-1] INFO  server.RaftServerConfigKeys (ConfUtils.java:logGet(46)) - raft.server.rpc.timeout.max = 5200ms (custom)
2022-08-09 13:50:31,145 [pool-896-thread-1] INFO  server.RaftServerConfigKeys (ConfUtils.java:logGet(46)) - raft.server.rpc.sleep.time = 25ms (default)
2022-08-09 13:50:31,145 [pool-896-thread-1] INFO  server.RaftServerConfigKeys (ConfUtils.java:logGet(46)) - raft.server.rpc.slowness.timeout = 300s (custom)
2022-08-09 13:50:31,145 [pool-896-thread-1] INFO  server.RaftServerConfigKeys (ConfUtils.java:logGet(46)) - raft.server.leaderelection.leader.step-down.wait-time = 10s (default)
2022-08-09 13:50:31,145 [pool-896-thread-1] INFO  server.RaftServerConfigKeys (ConfUtils.java:logGet(46)) - raft.server.sleep.deviation.threshold = 300ms (default)
2022-08-09 13:50:31,146 [pool-896-thread-1] INFO  server.RaftServer$Division (ServerState.java:<init>(107)) - 8852ae54-4ed3-4d1d-b462-9046b334363d@group-100714E6300F: ConfigurationManager, init=-1: [8852ae54-4ed3-4d1d-b462-9046b334363d|rpc:10.1.0.19:36749|priority:1], old=null, confs=<EMPTY_MAP>
2022-08-09 13:50:31,146 [pool-896-thread-1] INFO  server.RaftServerConfigKeys (ConfUtils.java:logGet(46)) - raft.server.storage.dir = [/home/runner/work/ozone/ozone/hadoop-ozone/integration-test/target/test-dir/MiniOzoneClusterImpl-a5f63cd0-adde-411c-a334-77d0cb0a7b46/datanode-2/data/ratis] (custom)
2022-08-09 13:50:31,146 [pool-896-thread-1] INFO  server.RaftServerConfigKeys (ConfUtils.java:logGet(46)) - raft.server.log.corruption.policy = EXCEPTION (default)
2022-08-09 13:50:31,146 [pool-896-thread-1] INFO  server.RaftServerConfigKeys (ConfUtils.java:logGet(46)) - raft.server.storage.free-space.min = 0MB (=0) (default)
2022-08-09 13:50:31,146 [pool-896-thread-1] INFO  storage.RaftStorageDirectory (RaftStorageDirectoryImpl.java:analyzeStorage(135)) - The storage directory /home/runner/work/ozone/ozone/hadoop-ozone/integration-test/target/test-dir/MiniOzoneClusterImpl-a5f63cd0-adde-411c-a334-77d0cb0a7b46/datanode-2/data/ratis/00728c01-1287-4503-a98c-100714e6300f does not exist. Creating ...
2022-08-09 13:50:31,158 [pool-896-thread-1] INFO  storage.RaftStorageDirectory (RaftStorageDirectoryImpl.java:tryLock(230)) - Lock on /home/runner/work/ozone/ozone/hadoop-ozone/integration-test/target/test-dir/MiniOzoneClusterImpl-a5f63cd0-adde-411c-a334-77d0cb0a7b46/datanode-2/data/ratis/00728c01-1287-4503-a98c-100714e6300f/in_use.lock acquired by nodename 10574@fv-az450-466
2022-08-09 13:50:31,163 [pool-896-thread-1] INFO  storage.RaftStorage (RaftStorageImpl.java:format(89)) - Storage directory /home/runner/work/ozone/ozone/hadoop-ozone/integration-test/target/test-dir/MiniOzoneClusterImpl-a5f63cd0-adde-411c-a334-77d0cb0a7b46/datanode-2/data/ratis/00728c01-1287-4503-a98c-100714e6300f has been successfully formatted.
2022-08-09 13:50:31,164 [pool-896-thread-1] INFO  ratis.ContainerStateMachine (ContainerStateMachine.java:loadSnapshot(236)) - group-100714E6300F: The snapshot info is null. Setting the last applied indexto:(t:0, i:~)
2022-08-09 13:50:31,164 [pool-896-thread-1] INFO  server.RaftServerConfigKeys (ConfUtils.java:logGet(46)) - raft.server.notification.no-leader.timeout = 300s (custom)
2022-08-09 13:50:31,164 [pool-896-thread-1] INFO  server.RaftServerConfigKeys (ConfUtils.java:logGet(46)) - raft.server.log.use.memory = false (default)
2022-08-09 13:50:31,164 [pool-896-thread-1] INFO  server.RaftServerConfigKeys (ConfUtils.java:logGet(46)) - raft.server.log.purge.gap = 1000000 (custom)
2022-08-09 13:50:31,164 [pool-896-thread-1] INFO  server.RaftServerConfigKeys (ConfUtils.java:logGet(46)) - raft.server.log.appender.buffer.byte-limit = 33554432 (custom)
2022-08-09 13:50:31,164 [pool-896-thread-1] INFO  server.RaftServerConfigKeys (ConfUtils.java:logGet(46)) - raft.server.log.statemachine.data.read.timeout = 1000ms (default)
2022-08-09 13:50:31,164 [pool-896-thread-1] INFO  server.RaftServerConfigKeys (ConfUtils.java:logGet(46)) - raft.server.log.segment.size.max = 1048576 (custom)
2022-08-09 13:50:31,165 [pool-896-thread-1] INFO  server.RaftServerConfigKeys (ConfUtils.java:logGet(46)) - raft.server.log.segment.cache.num.max = 2 (custom)
2022-08-09 13:50:31,165 [pool-896-thread-1] INFO  server.RaftServerConfigKeys (ConfUtils.java:logGet(46)) - raft.server.log.segment.cache.size.max = 200MB (=209715200) (default)
2022-08-09 13:50:31,165 [pool-896-thread-1] INFO  segmented.SegmentedRaftLogWorker (SegmentedRaftLogWorker.java:<init>(187)) - new 8852ae54-4ed3-4d1d-b462-9046b334363d@group-100714E6300F-SegmentedRaftLogWorker for RaftStorageImpl:Storage Directory /home/runner/work/ozone/ozone/hadoop-ozone/integration-test/target/test-dir/MiniOzoneClusterImpl-a5f63cd0-adde-411c-a334-77d0cb0a7b46/datanode-2/data/ratis/00728c01-1287-4503-a98c-100714e6300f
2022-08-09 13:50:31,165 [pool-896-thread-1] INFO  server.RaftServerConfigKeys (ConfUtils.java:logGet(46)) - raft.server.log.queue.byte-limit = 4294967296 (custom)
2022-08-09 13:50:31,165 [pool-896-thread-1] INFO  server.RaftServerConfigKeys (ConfUtils.java:logGet(46)) - raft.server.log.queue.element-limit = 1024 (custom)
2022-08-09 13:50:31,165 [pool-896-thread-1] INFO  server.RaftServerConfigKeys (ConfUtils.java:logGet(46)) - raft.server.log.segment.size.max = 1048576 (custom)
2022-08-09 13:50:31,165 [pool-896-thread-1] INFO  server.RaftServerConfigKeys (ConfUtils.java:logGet(46)) - raft.server.log.preallocated.size = 16384 (custom)
2022-08-09 13:50:31,165 [pool-896-thread-1] INFO  server.RaftServerConfigKeys (ConfUtils.java:logGet(46)) - raft.server.log.force.sync.num = 128 (default)
2022-08-09 13:50:31,165 [pool-896-thread-1] INFO  server.RaftServerConfigKeys (ConfUtils.java:logGet(46)) - raft.server.log.statemachine.data.sync = true (default)
2022-08-09 13:50:31,165 [pool-896-thread-1] INFO  server.RaftServerConfigKeys (ConfUtils.java:logGet(46)) - raft.server.log.statemachine.data.sync.timeout = 10s (default)
2022-08-09 13:50:31,165 [pool-896-thread-1] INFO  server.RaftServerConfigKeys (ConfUtils.java:logGet(46)) - raft.server.log.statemachine.data.sync.timeout.retry = -1 (default)
2022-08-09 13:50:31,166 [pool-896-thread-1] INFO  server.RaftServerConfigKeys (ConfUtils.java:logGet(46)) - raft.server.log.write.buffer.size = 1048576 (custom)
2022-08-09 13:50:31,166 [pool-896-thread-1] INFO  server.RaftServerConfigKeys (ConfUtils.java:logGet(46)) - raft.server.log.unsafe-flush.enabled = false (default)
2022-08-09 13:50:31,167 [pool-896-thread-1] INFO  server.RaftServerConfigKeys (ConfUtils.java:logGet(46)) - raft.server.log.statemachine.data.caching.enabled = true (custom)
2022-08-09 13:50:31,167 [pool-896-thread-1] INFO  segmented.SegmentedRaftLogWorker (SegmentedRaftLogWorker.java:lambda$new$0(135)) - 8852ae54-4ed3-4d1d-b462-9046b334363d@group-100714E6300F-SegmentedRaftLogWorker: flushIndex: setUnconditionally 0 -> -1
2022-08-09 13:50:31,167 [pool-896-thread-1] INFO  segmented.SegmentedRaftLogWorker (SegmentedRaftLogWorker.java:lambda$new$0(135)) - 8852ae54-4ed3-4d1d-b462-9046b334363d@group-100714E6300F-SegmentedRaftLogWorker: safeCacheEvictIndex: setUnconditionally 0 -> -1
2022-08-09 13:50:31,169 [pool-896-thread-1] INFO  server.RaftServerConfigKeys (ConfUtils.java:logGet(46)) - raft.server.snapshot.auto.trigger.enabled = true (custom)
2022-08-09 13:50:31,170 [pool-896-thread-1] INFO  server.RaftServerConfigKeys (ConfUtils.java:logGet(46)) - raft.server.snapshot.auto.trigger.threshold = 10000 (custom)
2022-08-09 13:50:31,170 [pool-896-thread-1] INFO  server.RaftServerConfigKeys (ConfUtils.java:logGet(46)) - raft.server.snapshot.retention.file.num = 5 (custom)
2022-08-09 13:50:31,170 [pool-896-thread-1] INFO  server.RaftServerConfigKeys (ConfUtils.java:logGet(46)) - raft.server.log.purge.upto.snapshot.index = false (default)
2022-08-09 13:50:31,170 [pool-896-thread-1] INFO  server.RaftServerConfigKeys (ConfUtils.java:logGet(46)) - raft.server.retrycache.expirytime = 600000ms (custom)
2022-08-09 13:50:31,170 [pool-896-thread-1] INFO  server.RaftServerConfigKeys (ConfUtils.java:logGet(46)) - raft.server.retrycache.statistics.expirytime = 100μs (default)
2022-08-09 13:50:31,171 [pool-896-thread-1] INFO  server.RaftServerConfigKeys (ConfUtils.java:logGet(46)) - raft.server.log.appender.install.snapshot.enabled = false (custom)
2022-08-09 13:50:31,171 [pool-896-thread-1] INFO  server.RaftServerConfigKeys (ConfUtils.java:logGet(46)) - raft.server.threadpool.server.cached = true (default)
2022-08-09 13:50:31,171 [pool-896-thread-1] INFO  server.RaftServerConfigKeys (ConfUtils.java:logGet(46)) - raft.server.threadpool.server.size = 0 (default)
2022-08-09 13:50:31,171 [pool-896-thread-1] INFO  server.RaftServerConfigKeys (ConfUtils.java:logGet(46)) - raft.server.threadpool.client.cached = true (default)
2022-08-09 13:50:31,171 [pool-896-thread-1] INFO  server.RaftServerConfigKeys (ConfUtils.java:logGet(46)) - raft.server.threadpool.client.size = 0 (default)
2022-08-09 13:50:31,171 [pool-896-thread-1] INFO  server.RaftServer$Division (RaftServerImpl.java:start(310)) - 8852ae54-4ed3-4d1d-b462-9046b334363d@group-100714E6300F: start as a follower, conf=-1: [8852ae54-4ed3-4d1d-b462-9046b334363d|rpc:10.1.0.19:36749|priority:1], old=null
2022-08-09 13:50:31,171 [pool-896-thread-1] INFO  server.RaftServer$Division (RaftServerImpl.java:setRole(299)) - 8852ae54-4ed3-4d1d-b462-9046b334363d@group-100714E6300F: changes role from      null to FOLLOWER at term 0 for startAsFollower
2022-08-09 13:50:31,171 [pool-896-thread-1] INFO  impl.RoleInfo (RoleInfo.java:updateAndGet(139)) - 8852ae54-4ed3-4d1d-b462-9046b334363d: start 8852ae54-4ed3-4d1d-b462-9046b334363d@group-100714E6300F-FollowerState
2022-08-09 13:50:31,172 [pool-896-thread-1] INFO  util.JmxRegister (JmxRegister.java:tryRegister(44)) - Successfully registered JMX Bean with object name Ratis:service=RaftServer,group=group-100714E6300F,id=8852ae54-4ed3-4d1d-b462-9046b334363d
2022-08-09 13:50:31,172 [Command processor thread] INFO  ratis.XceiverServerRatis (XceiverServerRatis.java:addGroup(765)) - Created group PipelineID=00728c01-1287-4503-a98c-100714e6300f
2022-08-09 13:50:31,172 [Command processor thread] INFO  commandhandler.CreatePipelineCommandHandler (CreatePipelineCommandHandler.java:handle(113)) - Created Pipeline RATIS ONE PipelineID=00728c01-1287-4503-a98c-100714e6300f.
2022-08-09 13:50:31,173 [EventQueue-PipelineReportForPipelineReportHandler] INFO  pipeline.PipelineManagerImpl (PipelineManagerImpl.java:openPipeline(367)) - Pipeline Pipeline[ Id: 00728c01-1287-4503-a98c-100714e6300f, Nodes: 8852ae54-4ed3-4d1d-b462-9046b334363d{ip: 10.1.0.19, host: fv-az450-466.jnfmftgkylze5hd05chtbp1i0a.dx.internal.cloudapp.net, ports: [REPLICATION=40453, RATIS=36749, RATIS_ADMIN=36749, RATIS_SERVER=36749, STANDALONE=44299], networkLocation: /default-rack, certSerialId: null, persistedOpState: IN_SERVICE, persistedOpStateExpiryEpochSec: 0}, ReplicationConfig: RATIS/ONE, State:ALLOCATED, leaderId:8852ae54-4ed3-4d1d-b462-9046b334363d, CreationTimestamp2022-08-09T13:50:28.154Z[Etc/UTC]] moved to OPEN state
2022-08-09 13:50:31,173 [EventQueue-OpenPipelineForHealthyPipelineSafeModeRule] INFO  safemode.SCMSafeModeManager (HealthyPipelineSafeModeRule.java:process(137)) - SCM in safe mode. Healthy pipelines reported count is 0, required healthy pipeline reported count is 1
2022-08-09 13:50:32,066 [Listener at 127.0.0.1/45023] INFO  ozone.MiniOzoneClusterImpl (MiniOzoneClusterImpl.java:lambda$waitForClusterToBeReady$0(216)) - Nodes are ready. Got 5 of 5 DN Heartbeats.
2022-08-09 13:50:32,067 [Listener at 127.0.0.1/45023] INFO  ozone.MiniOzoneClusterImpl (MiniOzoneClusterImpl.java:lambda$waitForClusterToBeReady$0(219)) - Waiting for cluster to exit safe mode
2022-08-09 13:50:32,067 [Listener at 127.0.0.1/45023] INFO  ozone.MiniOzoneClusterImpl (MiniOzoneClusterImpl.java:lambda$waitForClusterToBeReady$0(221)) - SCM became leader
2022-08-09 13:50:32,069 [Command processor thread] INFO  server.RaftServer (RaftServerProxy.java:addNew(96)) - 7ef00aaf-719f-4d6c-a113-08e756e8a738: addNew group-F184F9A8231D:[7ef00aaf-719f-4d6c-a113-08e756e8a738|rpc:10.1.0.19:35461|priority:1] returns group-F184F9A8231D:java.util.concurrent.CompletableFuture@7460df50[Not completed]
2022-08-09 13:50:32,095 [pool-923-thread-1] INFO  server.RaftServer$Division (RaftServerImpl.java:<init>(190)) - 7ef00aaf-719f-4d6c-a113-08e756e8a738: new RaftServerImpl for group-F184F9A8231D:[7ef00aaf-719f-4d6c-a113-08e756e8a738|rpc:10.1.0.19:35461|priority:1] with ContainerStateMachine:uninitialized
2022-08-09 13:50:32,095 [pool-923-thread-1] INFO  server.RaftServerConfigKeys (ConfUtils.java:logGet(46)) - raft.server.rpc.timeout.min = 5s (custom)
2022-08-09 13:50:32,095 [pool-923-thread-1] INFO  server.RaftServerConfigKeys (ConfUtils.java:logGet(46)) - raft.server.rpc.timeout.max = 5200ms (custom)
2022-08-09 13:50:32,095 [pool-923-thread-1] INFO  server.RaftServerConfigKeys (ConfUtils.java:logGet(46)) - raft.server.rpc.sleep.time = 25ms (default)
2022-08-09 13:50:32,095 [pool-923-thread-1] INFO  server.RaftServerConfigKeys (ConfUtils.java:logGet(46)) - raft.server.rpc.slowness.timeout = 300s (custom)
2022-08-09 13:50:32,095 [pool-923-thread-1] INFO  server.RaftServerConfigKeys (ConfUtils.java:logGet(46)) - raft.server.leaderelection.leader.step-down.wait-time = 10s (default)
2022-08-09 13:50:32,095 [pool-923-thread-1] INFO  server.RaftServerConfigKeys (ConfUtils.java:logGet(46)) - raft.server.sleep.deviation.threshold = 300ms (default)
2022-08-09 13:50:32,095 [pool-923-thread-1] INFO  server.RaftServer$Division (ServerState.java:<init>(107)) - 7ef00aaf-719f-4d6c-a113-08e756e8a738@group-F184F9A8231D: ConfigurationManager, init=-1: [7ef00aaf-719f-4d6c-a113-08e756e8a738|rpc:10.1.0.19:35461|priority:1], old=null, confs=<EMPTY_MAP>
2022-08-09 13:50:32,095 [pool-923-thread-1] INFO  server.RaftServerConfigKeys (ConfUtils.java:logGet(46)) - raft.server.storage.dir = [/home/runner/work/ozone/ozone/hadoop-ozone/integration-test/target/test-dir/MiniOzoneClusterImpl-a5f63cd0-adde-411c-a334-77d0cb0a7b46/datanode-3/data/ratis] (custom)
2022-08-09 13:50:32,095 [pool-923-thread-1] INFO  server.RaftServerConfigKeys (ConfUtils.java:logGet(46)) - raft.server.log.corruption.policy = EXCEPTION (default)
2022-08-09 13:50:32,095 [pool-923-thread-1] INFO  server.RaftServerConfigKeys (ConfUtils.java:logGet(46)) - raft.server.storage.free-space.min = 0MB (=0) (default)
2022-08-09 13:50:32,095 [pool-923-thread-1] INFO  storage.RaftStorageDirectory (RaftStorageDirectoryImpl.java:analyzeStorage(135)) - The storage directory /home/runner/work/ozone/ozone/hadoop-ozone/integration-test/target/test-dir/MiniOzoneClusterImpl-a5f63cd0-adde-411c-a334-77d0cb0a7b46/datanode-3/data/ratis/639165b5-8b9f-4e47-9f5d-f184f9a8231d does not exist. Creating ...
2022-08-09 13:50:32,097 [pool-923-thread-1] INFO  storage.RaftStorageDirectory (RaftStorageDirectoryImpl.java:tryLock(230)) - Lock on /home/runner/work/ozone/ozone/hadoop-ozone/integration-test/target/test-dir/MiniOzoneClusterImpl-a5f63cd0-adde-411c-a334-77d0cb0a7b46/datanode-3/data/ratis/639165b5-8b9f-4e47-9f5d-f184f9a8231d/in_use.lock acquired by nodename 10574@fv-az450-466
2022-08-09 13:50:32,099 [pool-923-thread-1] INFO  storage.RaftStorage (RaftStorageImpl.java:format(89)) - Storage directory /home/runner/work/ozone/ozone/hadoop-ozone/integration-test/target/test-dir/MiniOzoneClusterImpl-a5f63cd0-adde-411c-a334-77d0cb0a7b46/datanode-3/data/ratis/639165b5-8b9f-4e47-9f5d-f184f9a8231d has been successfully formatted.
2022-08-09 13:50:32,119 [pool-923-thread-1] INFO  ratis.ContainerStateMachine (ContainerStateMachine.java:loadSnapshot(236)) - group-F184F9A8231D: The snapshot info is null. Setting the last applied indexto:(t:0, i:~)
2022-08-09 13:50:32,120 [EventQueue-PipelineReportForPipelineReportHandler] INFO  pipeline.PipelineManagerImpl (PipelineManagerImpl.java:openPipeline(367)) - Pipeline Pipeline[ Id: 639165b5-8b9f-4e47-9f5d-f184f9a8231d, Nodes: 7ef00aaf-719f-4d6c-a113-08e756e8a738{ip: 10.1.0.19, host: fv-az450-466.jnfmftgkylze5hd05chtbp1i0a.dx.internal.cloudapp.net, ports: [REPLICATION=38227, RATIS=35461, RATIS_ADMIN=35461, RATIS_SERVER=35461, STANDALONE=33183], networkLocation: /default-rack, certSerialId: null, persistedOpState: IN_SERVICE, persistedOpStateExpiryEpochSec: 0}, ReplicationConfig: RATIS/ONE, State:ALLOCATED, leaderId:7ef00aaf-719f-4d6c-a113-08e756e8a738, CreationTimestamp2022-08-09T13:50:29.070Z[Etc/UTC]] moved to OPEN state
2022-08-09 13:50:32,120 [EventQueue-OpenPipelineForHealthyPipelineSafeModeRule] INFO  safemode.SCMSafeModeManager (HealthyPipelineSafeModeRule.java:process(137)) - SCM in safe mode. Healthy pipelines reported count is 0, required healthy pipeline reported count is 1
2022-08-09 13:50:32,120 [pool-923-thread-1] INFO  server.RaftServerConfigKeys (ConfUtils.java:logGet(46)) - raft.server.notification.no-leader.timeout = 300s (custom)
2022-08-09 13:50:32,120 [pool-923-thread-1] INFO  server.RaftServerConfigKeys (ConfUtils.java:logGet(46)) - raft.server.log.use.memory = false (default)
2022-08-09 13:50:32,120 [pool-923-thread-1] INFO  server.RaftServerConfigKeys (ConfUtils.java:logGet(46)) - raft.server.log.purge.gap = 1000000 (custom)
2022-08-09 13:50:32,120 [pool-923-thread-1] INFO  server.RaftServerConfigKeys (ConfUtils.java:logGet(46)) - raft.server.log.appender.buffer.byte-limit = 33554432 (custom)
2022-08-09 13:50:32,120 [pool-923-thread-1] INFO  server.RaftServerConfigKeys (ConfUtils.java:logGet(46)) - raft.server.log.statemachine.data.read.timeout = 1000ms (default)
2022-08-09 13:50:32,121 [pool-923-thread-1] INFO  server.RaftServerConfigKeys (ConfUtils.java:logGet(46)) - raft.server.log.segment.size.max = 1048576 (custom)
2022-08-09 13:50:32,121 [pool-923-thread-1] INFO  server.RaftServerConfigKeys (ConfUtils.java:logGet(46)) - raft.server.log.segment.cache.num.max = 2 (custom)
2022-08-09 13:50:32,121 [pool-923-thread-1] INFO  server.RaftServerConfigKeys (ConfUtils.java:logGet(46)) - raft.server.log.segment.cache.size.max = 200MB (=209715200) (default)
2022-08-09 13:50:32,121 [pool-923-thread-1] INFO  segmented.SegmentedRaftLogWorker (SegmentedRaftLogWorker.java:<init>(187)) - new 7ef00aaf-719f-4d6c-a113-08e756e8a738@group-F184F9A8231D-SegmentedRaftLogWorker for RaftStorageImpl:Storage Directory /home/runner/work/ozone/ozone/hadoop-ozone/integration-test/target/test-dir/MiniOzoneClusterImpl-a5f63cd0-adde-411c-a334-77d0cb0a7b46/datanode-3/data/ratis/639165b5-8b9f-4e47-9f5d-f184f9a8231d
2022-08-09 13:50:32,121 [pool-923-thread-1] INFO  server.RaftServerConfigKeys (ConfUtils.java:logGet(46)) - raft.server.log.queue.byte-limit = 4294967296 (custom)
2022-08-09 13:50:32,121 [pool-923-thread-1] INFO  server.RaftServerConfigKeys (ConfUtils.java:logGet(46)) - raft.server.log.queue.element-limit = 1024 (custom)
2022-08-09 13:50:32,121 [pool-923-thread-1] INFO  server.RaftServerConfigKeys (ConfUtils.java:logGet(46)) - raft.server.log.segment.size.max = 1048576 (custom)
2022-08-09 13:50:32,121 [pool-923-thread-1] INFO  server.RaftServerConfigKeys (ConfUtils.java:logGet(46)) - raft.server.log.preallocated.size = 16384 (custom)
2022-08-09 13:50:32,121 [pool-923-thread-1] INFO  server.RaftServerConfigKeys (ConfUtils.java:logGet(46)) - raft.server.log.force.sync.num = 128 (default)
2022-08-09 13:50:32,121 [pool-923-thread-1] INFO  server.RaftServerConfigKeys (ConfUtils.java:logGet(46)) - raft.server.log.statemachine.data.sync = true (default)
2022-08-09 13:50:32,121 [pool-923-thread-1] INFO  server.RaftServerConfigKeys (ConfUtils.java:logGet(46)) - raft.server.log.statemachine.data.sync.timeout = 10s (default)
2022-08-09 13:50:32,124 [pool-923-thread-1] INFO  server.RaftServerConfigKeys (ConfUtils.java:logGet(46)) - raft.server.log.statemachine.data.sync.timeout.retry = -1 (default)
2022-08-09 13:50:32,125 [pool-923-thread-1] INFO  server.RaftServerConfigKeys (ConfUtils.java:logGet(46)) - raft.server.log.write.buffer.size = 1048576 (custom)
2022-08-09 13:50:32,125 [pool-923-thread-1] INFO  server.RaftServerConfigKeys (ConfUtils.java:logGet(46)) - raft.server.log.unsafe-flush.enabled = false (default)
2022-08-09 13:50:32,125 [pool-923-thread-1] INFO  server.RaftServerConfigKeys (ConfUtils.java:logGet(46)) - raft.server.log.statemachine.data.caching.enabled = true (custom)
2022-08-09 13:50:32,125 [pool-923-thread-1] INFO  segmented.SegmentedRaftLogWorker (SegmentedRaftLogWorker.java:lambda$new$0(135)) - 7ef00aaf-719f-4d6c-a113-08e756e8a738@group-F184F9A8231D-SegmentedRaftLogWorker: flushIndex: setUnconditionally 0 -> -1
2022-08-09 13:50:32,125 [pool-923-thread-1] INFO  segmented.SegmentedRaftLogWorker (SegmentedRaftLogWorker.java:lambda$new$0(135)) - 7ef00aaf-719f-4d6c-a113-08e756e8a738@group-F184F9A8231D-SegmentedRaftLogWorker: safeCacheEvictIndex: setUnconditionally 0 -> -1
2022-08-09 13:50:32,136 [pool-923-thread-1] INFO  server.RaftServerConfigKeys (ConfUtils.java:logGet(46)) - raft.server.snapshot.auto.trigger.enabled = true (custom)
2022-08-09 13:50:32,136 [pool-923-thread-1] INFO  server.RaftServerConfigKeys (ConfUtils.java:logGet(46)) - raft.server.snapshot.auto.trigger.threshold = 10000 (custom)
2022-08-09 13:50:32,136 [pool-923-thread-1] INFO  server.RaftServerConfigKeys (ConfUtils.java:logGet(46)) - raft.server.snapshot.retention.file.num = 5 (custom)
2022-08-09 13:50:32,136 [pool-923-thread-1] INFO  server.RaftServerConfigKeys (ConfUtils.java:logGet(46)) - raft.server.log.purge.upto.snapshot.index = false (default)
2022-08-09 13:50:32,136 [pool-923-thread-1] INFO  server.RaftServerConfigKeys (ConfUtils.java:logGet(46)) - raft.server.retrycache.expirytime = 600000ms (custom)
2022-08-09 13:50:32,136 [pool-923-thread-1] INFO  server.RaftServerConfigKeys (ConfUtils.java:logGet(46)) - raft.server.retrycache.statistics.expirytime = 100μs (default)
2022-08-09 13:50:32,139 [pool-923-thread-1] INFO  server.RaftServerConfigKeys (ConfUtils.java:logGet(46)) - raft.server.log.appender.install.snapshot.enabled = false (custom)
2022-08-09 13:50:32,139 [pool-923-thread-1] INFO  server.RaftServerConfigKeys (ConfUtils.java:logGet(46)) - raft.server.threadpool.server.cached = true (default)
2022-08-09 13:50:32,139 [pool-923-thread-1] INFO  server.RaftServerConfigKeys (ConfUtils.java:logGet(46)) - raft.server.threadpool.server.size = 0 (default)
2022-08-09 13:50:32,139 [pool-923-thread-1] INFO  server.RaftServerConfigKeys (ConfUtils.java:logGet(46)) - raft.server.threadpool.client.cached = true (default)
2022-08-09 13:50:32,139 [pool-923-thread-1] INFO  server.RaftServerConfigKeys (ConfUtils.java:logGet(46)) - raft.server.threadpool.client.size = 0 (default)
2022-08-09 13:50:32,139 [pool-923-thread-1] INFO  server.RaftServer$Division (RaftServerImpl.java:start(310)) - 7ef00aaf-719f-4d6c-a113-08e756e8a738@group-F184F9A8231D: start as a follower, conf=-1: [7ef00aaf-719f-4d6c-a113-08e756e8a738|rpc:10.1.0.19:35461|priority:1], old=null
2022-08-09 13:50:32,139 [pool-923-thread-1] INFO  server.RaftServer$Division (RaftServerImpl.java:setRole(299)) - 7ef00aaf-719f-4d6c-a113-08e756e8a738@group-F184F9A8231D: changes role from      null to FOLLOWER at term 0 for startAsFollower
2022-08-09 13:50:32,139 [pool-923-thread-1] INFO  impl.RoleInfo (RoleInfo.java:updateAndGet(139)) - 7ef00aaf-719f-4d6c-a113-08e756e8a738: start 7ef00aaf-719f-4d6c-a113-08e756e8a738@group-F184F9A8231D-FollowerState
2022-08-09 13:50:32,140 [pool-923-thread-1] INFO  util.JmxRegister (JmxRegister.java:tryRegister(44)) - Successfully registered JMX Bean with object name Ratis:service=RaftServer,group=group-F184F9A8231D,id=7ef00aaf-719f-4d6c-a113-08e756e8a738
2022-08-09 13:50:32,140 [Command processor thread] INFO  ratis.XceiverServerRatis (XceiverServerRatis.java:addGroup(765)) - Created group PipelineID=639165b5-8b9f-4e47-9f5d-f184f9a8231d
2022-08-09 13:50:32,140 [Command processor thread] INFO  commandhandler.CreatePipelineCommandHandler (CreatePipelineCommandHandler.java:handle(113)) - Created Pipeline RATIS ONE PipelineID=639165b5-8b9f-4e47-9f5d-f184f9a8231d.
2022-08-09 13:50:32,609 [UnderReplicatedQueueThreadThread] INFO  replication.UnderReplicatedProcessor (UnderReplicatedProcessor.java:processAll(85)) - Processed 0 under replicated containers, failed processing 0
2022-08-09 13:50:32,610 [OverReplicatedQueueThreadThread] INFO  replication.OverReplicatedProcessor (OverReplicatedProcessor.java:processAll(83)) - Processed 0 over replicated containers, failed processing 0
2022-08-09 13:50:33,068 [Listener at 127.0.0.1/45023] INFO  ozone.MiniOzoneClusterImpl (MiniOzoneClusterImpl.java:lambda$waitForClusterToBeReady$0(216)) - Nodes are ready. Got 5 of 5 DN Heartbeats.
2022-08-09 13:50:33,068 [Listener at 127.0.0.1/45023] INFO  ozone.MiniOzoneClusterImpl (MiniOzoneClusterImpl.java:lambda$waitForClusterToBeReady$0(219)) - Waiting for cluster to exit safe mode
2022-08-09 13:50:33,068 [Listener at 127.0.0.1/45023] INFO  ozone.MiniOzoneClusterImpl (MiniOzoneClusterImpl.java:lambda$waitForClusterToBeReady$0(221)) - SCM became leader
2022-08-09 13:50:33,169 [Command processor thread] INFO  server.RaftServer (RaftServerProxy.java:addNew(96)) - 09723a4e-7fd0-4003-a68d-b4a2e2b403bd: addNew group-C37E7CCBC1F3:[09723a4e-7fd0-4003-a68d-b4a2e2b403bd|rpc:10.1.0.19:33703|priority:1] returns group-C37E7CCBC1F3:java.util.concurrent.CompletableFuture@36844c14[Not completed]
2022-08-09 13:50:33,205 [pool-950-thread-1] INFO  server.RaftServer$Division (RaftServerImpl.java:<init>(190)) - 09723a4e-7fd0-4003-a68d-b4a2e2b403bd: new RaftServerImpl for group-C37E7CCBC1F3:[09723a4e-7fd0-4003-a68d-b4a2e2b403bd|rpc:10.1.0.19:33703|priority:1] with ContainerStateMachine:uninitialized
2022-08-09 13:50:33,205 [pool-950-thread-1] INFO  server.RaftServerConfigKeys (ConfUtils.java:logGet(46)) - raft.server.rpc.timeout.min = 5s (custom)
2022-08-09 13:50:33,205 [pool-950-thread-1] INFO  server.RaftServerConfigKeys (ConfUtils.java:logGet(46)) - raft.server.rpc.timeout.max = 5200ms (custom)
2022-08-09 13:50:33,205 [pool-950-thread-1] INFO  server.RaftServerConfigKeys (ConfUtils.java:logGet(46)) - raft.server.rpc.sleep.time = 25ms (default)
2022-08-09 13:50:33,205 [pool-950-thread-1] INFO  server.RaftServerConfigKeys (ConfUtils.java:logGet(46)) - raft.server.rpc.slowness.timeout = 300s (custom)
2022-08-09 13:50:33,206 [pool-950-thread-1] INFO  server.RaftServerConfigKeys (ConfUtils.java:logGet(46)) - raft.server.leaderelection.leader.step-down.wait-time = 10s (default)
2022-08-09 13:50:33,206 [pool-950-thread-1] INFO  server.RaftServerConfigKeys (ConfUtils.java:logGet(46)) - raft.server.sleep.deviation.threshold = 300ms (default)
2022-08-09 13:50:33,206 [pool-950-thread-1] INFO  server.RaftServer$Division (ServerState.java:<init>(107)) - 09723a4e-7fd0-4003-a68d-b4a2e2b403bd@group-C37E7CCBC1F3: ConfigurationManager, init=-1: [09723a4e-7fd0-4003-a68d-b4a2e2b403bd|rpc:10.1.0.19:33703|priority:1], old=null, confs=<EMPTY_MAP>
2022-08-09 13:50:33,206 [pool-950-thread-1] INFO  server.RaftServerConfigKeys (ConfUtils.java:logGet(46)) - raft.server.storage.dir = [/home/runner/work/ozone/ozone/hadoop-ozone/integration-test/target/test-dir/MiniOzoneClusterImpl-a5f63cd0-adde-411c-a334-77d0cb0a7b46/datanode-4/data/ratis] (custom)
2022-08-09 13:50:33,206 [pool-950-thread-1] INFO  server.RaftServerConfigKeys (ConfUtils.java:logGet(46)) - raft.server.log.corruption.policy = EXCEPTION (default)
2022-08-09 13:50:33,206 [pool-950-thread-1] INFO  server.RaftServerConfigKeys (ConfUtils.java:logGet(46)) - raft.server.storage.free-space.min = 0MB (=0) (default)
2022-08-09 13:50:33,206 [pool-950-thread-1] INFO  storage.RaftStorageDirectory (RaftStorageDirectoryImpl.java:analyzeStorage(135)) - The storage directory /home/runner/work/ozone/ozone/hadoop-ozone/integration-test/target/test-dir/MiniOzoneClusterImpl-a5f63cd0-adde-411c-a334-77d0cb0a7b46/datanode-4/data/ratis/835a61d4-22cc-480b-a976-c37e7ccbc1f3 does not exist. Creating ...
2022-08-09 13:50:33,207 [pool-950-thread-1] INFO  storage.RaftStorageDirectory (RaftStorageDirectoryImpl.java:tryLock(230)) - Lock on /home/runner/work/ozone/ozone/hadoop-ozone/integration-test/target/test-dir/MiniOzoneClusterImpl-a5f63cd0-adde-411c-a334-77d0cb0a7b46/datanode-4/data/ratis/835a61d4-22cc-480b-a976-c37e7ccbc1f3/in_use.lock acquired by nodename 10574@fv-az450-466
2022-08-09 13:50:33,208 [pool-950-thread-1] INFO  storage.RaftStorage (RaftStorageImpl.java:format(89)) - Storage directory /home/runner/work/ozone/ozone/hadoop-ozone/integration-test/target/test-dir/MiniOzoneClusterImpl-a5f63cd0-adde-411c-a334-77d0cb0a7b46/datanode-4/data/ratis/835a61d4-22cc-480b-a976-c37e7ccbc1f3 has been successfully formatted.
2022-08-09 13:50:33,212 [pool-950-thread-1] INFO  ratis.ContainerStateMachine (ContainerStateMachine.java:loadSnapshot(236)) - group-C37E7CCBC1F3: The snapshot info is null. Setting the last applied indexto:(t:0, i:~)
2022-08-09 13:50:33,212 [pool-950-thread-1] INFO  server.RaftServerConfigKeys (ConfUtils.java:logGet(46)) - raft.server.notification.no-leader.timeout = 300s (custom)
2022-08-09 13:50:33,212 [pool-950-thread-1] INFO  server.RaftServerConfigKeys (ConfUtils.java:logGet(46)) - raft.server.log.use.memory = false (default)
2022-08-09 13:50:33,212 [pool-950-thread-1] INFO  server.RaftServerConfigKeys (ConfUtils.java:logGet(46)) - raft.server.log.purge.gap = 1000000 (custom)
2022-08-09 13:50:33,212 [pool-950-thread-1] INFO  server.RaftServerConfigKeys (ConfUtils.java:logGet(46)) - raft.server.log.appender.buffer.byte-limit = 33554432 (custom)
2022-08-09 13:50:33,212 [pool-950-thread-1] INFO  server.RaftServerConfigKeys (ConfUtils.java:logGet(46)) - raft.server.log.statemachine.data.read.timeout = 1000ms (default)
2022-08-09 13:50:33,213 [pool-950-thread-1] INFO  server.RaftServerConfigKeys (ConfUtils.java:logGet(46)) - raft.server.log.segment.size.max = 1048576 (custom)
2022-08-09 13:50:33,213 [pool-950-thread-1] INFO  server.RaftServerConfigKeys (ConfUtils.java:logGet(46)) - raft.server.log.segment.cache.num.max = 2 (custom)
2022-08-09 13:50:33,213 [pool-950-thread-1] INFO  server.RaftServerConfigKeys (ConfUtils.java:logGet(46)) - raft.server.log.segment.cache.size.max = 200MB (=209715200) (default)
2022-08-09 13:50:33,213 [pool-950-thread-1] INFO  segmented.SegmentedRaftLogWorker (SegmentedRaftLogWorker.java:<init>(187)) - new 09723a4e-7fd0-4003-a68d-b4a2e2b403bd@group-C37E7CCBC1F3-SegmentedRaftLogWorker for RaftStorageImpl:Storage Directory /home/runner/work/ozone/ozone/hadoop-ozone/integration-test/target/test-dir/MiniOzoneClusterImpl-a5f63cd0-adde-411c-a334-77d0cb0a7b46/datanode-4/data/ratis/835a61d4-22cc-480b-a976-c37e7ccbc1f3
2022-08-09 13:50:33,213 [pool-950-thread-1] INFO  server.RaftServerConfigKeys (ConfUtils.java:logGet(46)) - raft.server.log.queue.byte-limit = 4294967296 (custom)
2022-08-09 13:50:33,213 [pool-950-thread-1] INFO  server.RaftServerConfigKeys (ConfUtils.java:logGet(46)) - raft.server.log.queue.element-limit = 1024 (custom)
2022-08-09 13:50:33,213 [pool-950-thread-1] INFO  server.RaftServerConfigKeys (ConfUtils.java:logGet(46)) - raft.server.log.segment.size.max = 1048576 (custom)
2022-08-09 13:50:33,213 [pool-950-thread-1] INFO  server.RaftServerConfigKeys (ConfUtils.java:logGet(46)) - raft.server.log.preallocated.size = 16384 (custom)
2022-08-09 13:50:33,213 [pool-950-thread-1] INFO  server.RaftServerConfigKeys (ConfUtils.java:logGet(46)) - raft.server.log.force.sync.num = 128 (default)
2022-08-09 13:50:33,213 [pool-950-thread-1] INFO  server.RaftServerConfigKeys (ConfUtils.java:logGet(46)) - raft.server.log.statemachine.data.sync = true (default)
2022-08-09 13:50:33,213 [pool-950-thread-1] INFO  server.RaftServerConfigKeys (ConfUtils.java:logGet(46)) - raft.server.log.statemachine.data.sync.timeout = 10s (default)
2022-08-09 13:50:33,213 [pool-950-thread-1] INFO  server.RaftServerConfigKeys (ConfUtils.java:logGet(46)) - raft.server.log.statemachine.data.sync.timeout.retry = -1 (default)
2022-08-09 13:50:33,214 [pool-950-thread-1] INFO  server.RaftServerConfigKeys (ConfUtils.java:logGet(46)) - raft.server.log.write.buffer.size = 1048576 (custom)
2022-08-09 13:50:33,215 [pool-950-thread-1] INFO  server.RaftServerConfigKeys (ConfUtils.java:logGet(46)) - raft.server.log.unsafe-flush.enabled = false (default)
2022-08-09 13:50:33,215 [pool-950-thread-1] INFO  server.RaftServerConfigKeys (ConfUtils.java:logGet(46)) - raft.server.log.statemachine.data.caching.enabled = true (custom)
2022-08-09 13:50:33,215 [pool-950-thread-1] INFO  segmented.SegmentedRaftLogWorker (SegmentedRaftLogWorker.java:lambda$new$0(135)) - 09723a4e-7fd0-4003-a68d-b4a2e2b403bd@group-C37E7CCBC1F3-SegmentedRaftLogWorker: flushIndex: setUnconditionally 0 -> -1
2022-08-09 13:50:33,215 [pool-950-thread-1] INFO  segmented.SegmentedRaftLogWorker (SegmentedRaftLogWorker.java:lambda$new$0(135)) - 09723a4e-7fd0-4003-a68d-b4a2e2b403bd@group-C37E7CCBC1F3-SegmentedRaftLogWorker: safeCacheEvictIndex: setUnconditionally 0 -> -1
2022-08-09 13:50:33,215 [pool-950-thread-1] INFO  server.RaftServerConfigKeys (ConfUtils.java:logGet(46)) - raft.server.snapshot.auto.trigger.enabled = true (custom)
2022-08-09 13:50:33,216 [pool-950-thread-1] INFO  server.RaftServerConfigKeys (ConfUtils.java:logGet(46)) - raft.server.snapshot.auto.trigger.threshold = 10000 (custom)
2022-08-09 13:50:33,216 [pool-950-thread-1] INFO  server.RaftServerConfigKeys (ConfUtils.java:logGet(46)) - raft.server.snapshot.retention.file.num = 5 (custom)
2022-08-09 13:50:33,216 [pool-950-thread-1] INFO  server.RaftServerConfigKeys (ConfUtils.java:logGet(46)) - raft.server.log.purge.upto.snapshot.index = false (default)
2022-08-09 13:50:33,216 [pool-950-thread-1] INFO  server.RaftServerConfigKeys (ConfUtils.java:logGet(46)) - raft.server.retrycache.expirytime = 600000ms (custom)
2022-08-09 13:50:33,216 [pool-950-thread-1] INFO  server.RaftServerConfigKeys (ConfUtils.java:logGet(46)) - raft.server.retrycache.statistics.expirytime = 100μs (default)
2022-08-09 13:50:33,217 [pool-950-thread-1] INFO  server.RaftServerConfigKeys (ConfUtils.java:logGet(46)) - raft.server.log.appender.install.snapshot.enabled = false (custom)
2022-08-09 13:50:33,217 [pool-950-thread-1] INFO  server.RaftServerConfigKeys (ConfUtils.java:logGet(46)) - raft.server.threadpool.server.cached = true (default)
2022-08-09 13:50:33,217 [pool-950-thread-1] INFO  server.RaftServerConfigKeys (ConfUtils.java:logGet(46)) - raft.server.threadpool.server.size = 0 (default)
2022-08-09 13:50:33,217 [pool-950-thread-1] INFO  server.RaftServerConfigKeys (ConfUtils.java:logGet(46)) - raft.server.threadpool.client.cached = true (default)
2022-08-09 13:50:33,217 [pool-950-thread-1] INFO  server.RaftServerConfigKeys (ConfUtils.java:logGet(46)) - raft.server.threadpool.client.size = 0 (default)
2022-08-09 13:50:33,217 [pool-950-thread-1] INFO  server.RaftServer$Division (RaftServerImpl.java:start(310)) - 09723a4e-7fd0-4003-a68d-b4a2e2b403bd@group-C37E7CCBC1F3: start as a follower, conf=-1: [09723a4e-7fd0-4003-a68d-b4a2e2b403bd|rpc:10.1.0.19:33703|priority:1], old=null
2022-08-09 13:50:33,218 [pool-950-thread-1] INFO  server.RaftServer$Division (RaftServerImpl.java:setRole(299)) - 09723a4e-7fd0-4003-a68d-b4a2e2b403bd@group-C37E7CCBC1F3: changes role from      null to FOLLOWER at term 0 for startAsFollower
2022-08-09 13:50:33,218 [pool-950-thread-1] INFO  impl.RoleInfo (RoleInfo.java:updateAndGet(139)) - 09723a4e-7fd0-4003-a68d-b4a2e2b403bd: start 09723a4e-7fd0-4003-a68d-b4a2e2b403bd@group-C37E7CCBC1F3-FollowerState
2022-08-09 13:50:33,218 [pool-950-thread-1] INFO  util.JmxRegister (JmxRegister.java:tryRegister(44)) - Successfully registered JMX Bean with object name Ratis:service=RaftServer,group=group-C37E7CCBC1F3,id=09723a4e-7fd0-4003-a68d-b4a2e2b403bd
2022-08-09 13:50:33,220 [Command processor thread] INFO  ratis.XceiverServerRatis (XceiverServerRatis.java:addGroup(765)) - Created group PipelineID=835a61d4-22cc-480b-a976-c37e7ccbc1f3
2022-08-09 13:50:33,220 [Command processor thread] INFO  commandhandler.CreatePipelineCommandHandler (CreatePipelineCommandHandler.java:handle(113)) - Created Pipeline RATIS ONE PipelineID=835a61d4-22cc-480b-a976-c37e7ccbc1f3.
2022-08-09 13:50:33,250 [EventQueue-PipelineReportForPipelineReportHandler] INFO  pipeline.PipelineManagerImpl (PipelineManagerImpl.java:openPipeline(367)) - Pipeline Pipeline[ Id: 835a61d4-22cc-480b-a976-c37e7ccbc1f3, Nodes: 09723a4e-7fd0-4003-a68d-b4a2e2b403bd{ip: 10.1.0.19, host: fv-az450-466.jnfmftgkylze5hd05chtbp1i0a.dx.internal.cloudapp.net, ports: [REPLICATION=35331, RATIS=33703, RATIS_ADMIN=33703, RATIS_SERVER=33703, STANDALONE=39847], networkLocation: /default-rack, certSerialId: null, persistedOpState: IN_SERVICE, persistedOpStateExpiryEpochSec: 0}, ReplicationConfig: RATIS/ONE, State:ALLOCATED, leaderId:09723a4e-7fd0-4003-a68d-b4a2e2b403bd, CreationTimestamp2022-08-09T13:50:30.202Z[Etc/UTC]] moved to OPEN state
2022-08-09 13:50:33,250 [EventQueue-OpenPipelineForHealthyPipelineSafeModeRule] INFO  safemode.SCMSafeModeManager (HealthyPipelineSafeModeRule.java:process(137)) - SCM in safe mode. Healthy pipelines reported count is 0, required healthy pipeline reported count is 1
2022-08-09 13:50:34,068 [Listener at 127.0.0.1/45023] INFO  ozone.MiniOzoneClusterImpl (MiniOzoneClusterImpl.java:lambda$waitForClusterToBeReady$0(216)) - Nodes are ready. Got 5 of 5 DN Heartbeats.
2022-08-09 13:50:34,069 [Listener at 127.0.0.1/45023] INFO  ozone.MiniOzoneClusterImpl (MiniOzoneClusterImpl.java:lambda$waitForClusterToBeReady$0(219)) - Waiting for cluster to exit safe mode
2022-08-09 13:50:34,069 [Listener at 127.0.0.1/45023] INFO  ozone.MiniOzoneClusterImpl (MiniOzoneClusterImpl.java:lambda$waitForClusterToBeReady$0(221)) - SCM became leader
2022-08-09 13:50:34,338 [eda375c3-f1b4-45e6-ba42-67ae65a4fd55@group-E4B576A48B8D-FollowerState] INFO  impl.FollowerState (FollowerState.java:run(143)) - eda375c3-f1b4-45e6-ba42-67ae65a4fd55@group-E4B576A48B8D-FollowerState: change to CANDIDATE, lastRpcElapsedTime:5069715041ns, electionTimeout:5040ms
2022-08-09 13:50:34,338 [eda375c3-f1b4-45e6-ba42-67ae65a4fd55@group-E4B576A48B8D-FollowerState] INFO  impl.RoleInfo (RoleInfo.java:shutdownFollowerState(110)) - eda375c3-f1b4-45e6-ba42-67ae65a4fd55: shutdown eda375c3-f1b4-45e6-ba42-67ae65a4fd55@group-E4B576A48B8D-FollowerState
2022-08-09 13:50:34,338 [eda375c3-f1b4-45e6-ba42-67ae65a4fd55@group-E4B576A48B8D-FollowerState] INFO  server.RaftServer$Division (RaftServerImpl.java:setRole(299)) - eda375c3-f1b4-45e6-ba42-67ae65a4fd55@group-E4B576A48B8D: changes role from  FOLLOWER to CANDIDATE at term 0 for changeToCandidate
2022-08-09 13:50:34,338 [eda375c3-f1b4-45e6-ba42-67ae65a4fd55@group-E4B576A48B8D-FollowerState] INFO  server.RaftServerConfigKeys (ConfUtils.java:logGet(46)) - raft.server.leaderelection.pre-vote = false (custom)
2022-08-09 13:50:34,338 [eda375c3-f1b4-45e6-ba42-67ae65a4fd55@group-E4B576A48B8D-FollowerState] INFO  impl.RoleInfo (RoleInfo.java:updateAndGet(139)) - eda375c3-f1b4-45e6-ba42-67ae65a4fd55: start eda375c3-f1b4-45e6-ba42-67ae65a4fd55@group-E4B576A48B8D-LeaderElection44
2022-08-09 13:50:34,363 [eda375c3-f1b4-45e6-ba42-67ae65a4fd55@group-E4B576A48B8D-LeaderElection44] INFO  impl.LeaderElection (LeaderElection.java:askForVotes(310)) - eda375c3-f1b4-45e6-ba42-67ae65a4fd55@group-E4B576A48B8D-LeaderElection44 ELECTION round 0: submit vote requests at term 1 for -1: [eda375c3-f1b4-45e6-ba42-67ae65a4fd55|rpc:10.1.0.19:34243|priority:1], old=null
2022-08-09 13:50:34,363 [eda375c3-f1b4-45e6-ba42-67ae65a4fd55@group-E4B576A48B8D-LeaderElection44] INFO  impl.LeaderElection (LeaderElection.java:askForVotes(312)) - eda375c3-f1b4-45e6-ba42-67ae65a4fd55@group-E4B576A48B8D-LeaderElection44 ELECTION round 0: result PASSED (term=1)
2022-08-09 13:50:34,363 [eda375c3-f1b4-45e6-ba42-67ae65a4fd55@group-E4B576A48B8D-LeaderElection44] INFO  impl.RoleInfo (RoleInfo.java:shutdownLeaderElection(130)) - eda375c3-f1b4-45e6-ba42-67ae65a4fd55: shutdown eda375c3-f1b4-45e6-ba42-67ae65a4fd55@group-E4B576A48B8D-LeaderElection44
2022-08-09 13:50:34,363 [eda375c3-f1b4-45e6-ba42-67ae65a4fd55@group-E4B576A48B8D-LeaderElection44] INFO  server.RaftServer$Division (RaftServerImpl.java:setRole(299)) - eda375c3-f1b4-45e6-ba42-67ae65a4fd55@group-E4B576A48B8D: changes role from CANDIDATE to LEADER at term 1 for changeToLeader
2022-08-09 13:50:34,364 [eda375c3-f1b4-45e6-ba42-67ae65a4fd55@group-E4B576A48B8D-LeaderElection44] INFO  ratis.XceiverServerRatis (XceiverServerRatis.java:handleLeaderChangedNotification(863)) - Leader change notification received for group: group-E4B576A48B8D with new leaderId: eda375c3-f1b4-45e6-ba42-67ae65a4fd55
2022-08-09 13:50:34,364 [eda375c3-f1b4-45e6-ba42-67ae65a4fd55@group-E4B576A48B8D-LeaderElection44] INFO  server.RaftServer$Division (ServerState.java:setLeader(287)) - eda375c3-f1b4-45e6-ba42-67ae65a4fd55@group-E4B576A48B8D: change Leader from null to eda375c3-f1b4-45e6-ba42-67ae65a4fd55 at term 1 for becomeLeader, leader elected after 5149ms
2022-08-09 13:50:34,365 [EventQueue-OpenPipelineForHealthyPipelineSafeModeRule] INFO  safemode.SCMSafeModeManager (HealthyPipelineSafeModeRule.java:process(137)) - SCM in safe mode. Healthy pipelines reported count is 0, required healthy pipeline reported count is 1
2022-08-09 13:50:34,376 [eda375c3-f1b4-45e6-ba42-67ae65a4fd55@group-E4B576A48B8D-LeaderElection44] INFO  server.RaftServerConfigKeys (ConfUtils.java:logGet(46)) - raft.server.staging.catchup.gap = 1000 (default)
2022-08-09 13:50:34,378 [eda375c3-f1b4-45e6-ba42-67ae65a4fd55@group-E4B576A48B8D-LeaderElection44] INFO  server.RaftServerConfigKeys (ConfUtils.java:logGet(46)) - raft.server.write.element-limit = 1024 (custom)
2022-08-09 13:50:34,378 [eda375c3-f1b4-45e6-ba42-67ae65a4fd55@group-E4B576A48B8D-LeaderElection44] INFO  server.RaftServerConfigKeys (ConfUtils.java:logGet(46)) - raft.server.write.byte-limit = 1024 M (=1073741824) (custom)
2022-08-09 13:50:34,378 [eda375c3-f1b4-45e6-ba42-67ae65a4fd55@group-E4B576A48B8D-LeaderElection44] INFO  server.RaftServerConfigKeys (ConfUtils.java:logGet(46)) - raft.server.watch.timeout = 180s (custom)
2022-08-09 13:50:34,378 [eda375c3-f1b4-45e6-ba42-67ae65a4fd55@group-E4B576A48B8D-LeaderElection44] INFO  server.RaftServerConfigKeys (ConfUtils.java:logGet(46)) - raft.server.watch.timeout.denomination = 1s (default)
2022-08-09 13:50:34,378 [eda375c3-f1b4-45e6-ba42-67ae65a4fd55@group-E4B576A48B8D-LeaderElection44] INFO  server.RaftServerConfigKeys (ConfUtils.java:logGet(46)) - raft.server.watch.element-limit = 65536 (default)
2022-08-09 13:50:34,378 [eda375c3-f1b4-45e6-ba42-67ae65a4fd55@group-E4B576A48B8D-LeaderElection44] INFO  server.RaftServerConfigKeys (ConfUtils.java:logGet(46)) - raft.server.write.element-limit = 1024 (custom)
2022-08-09 13:50:34,378 [eda375c3-f1b4-45e6-ba42-67ae65a4fd55@group-E4B576A48B8D-LeaderElection44] INFO  server.RaftServerConfigKeys (ConfUtils.java:logGet(46)) - raft.server.write.follower.gap.ratio.max = -1.0 (default)
2022-08-09 13:50:34,379 [eda375c3-f1b4-45e6-ba42-67ae65a4fd55@group-E4B576A48B8D-LeaderElection44] INFO  impl.RoleInfo (RoleInfo.java:updateAndGet(139)) - eda375c3-f1b4-45e6-ba42-67ae65a4fd55: start eda375c3-f1b4-45e6-ba42-67ae65a4fd55@group-E4B576A48B8D-LeaderStateImpl
2022-08-09 13:50:34,379 [eda375c3-f1b4-45e6-ba42-67ae65a4fd55@group-E4B576A48B8D-LeaderElection44] INFO  segmented.SegmentedRaftLogWorker (SegmentedRaftLogWorker.java:startLogSegment(425)) - eda375c3-f1b4-45e6-ba42-67ae65a4fd55@group-E4B576A48B8D-SegmentedRaftLogWorker: Starting segment from index:0
2022-08-09 13:50:34,394 [eda375c3-f1b4-45e6-ba42-67ae65a4fd55@group-E4B576A48B8D-LeaderElection44] INFO  server.RaftServer$Division (ServerState.java:setRaftConf(393)) - eda375c3-f1b4-45e6-ba42-67ae65a4fd55@group-E4B576A48B8D: set configuration 0: [eda375c3-f1b4-45e6-ba42-67ae65a4fd55|rpc:10.1.0.19:34243|dataStream:|priority:1], old=null
2022-08-09 13:50:34,417 [eda375c3-f1b4-45e6-ba42-67ae65a4fd55@group-E4B576A48B8D-SegmentedRaftLogWorker] INFO  segmented.SegmentedRaftLogWorker (SegmentedRaftLogWorker.java:execute(629)) - eda375c3-f1b4-45e6-ba42-67ae65a4fd55@group-E4B576A48B8D-SegmentedRaftLogWorker: created new log segment /home/runner/work/ozone/ozone/hadoop-ozone/integration-test/target/test-dir/MiniOzoneClusterImpl-a5f63cd0-adde-411c-a334-77d0cb0a7b46/datanode-0/data/ratis/9e038f81-ac2c-4a02-93fa-e4b576a48b8d/current/log_inprogress_0
2022-08-09 13:50:34,482 [eda375c3-f1b4-45e6-ba42-67ae65a4fd55@group-1B8CAAFB04FE-FollowerState] INFO  impl.FollowerState (FollowerState.java:run(143)) - eda375c3-f1b4-45e6-ba42-67ae65a4fd55@group-1B8CAAFB04FE-FollowerState: change to CANDIDATE, lastRpcElapsedTime:5150405037ns, electionTimeout:5133ms
2022-08-09 13:50:34,483 [eda375c3-f1b4-45e6-ba42-67ae65a4fd55@group-1B8CAAFB04FE-FollowerState] INFO  impl.RoleInfo (RoleInfo.java:shutdownFollowerState(110)) - eda375c3-f1b4-45e6-ba42-67ae65a4fd55: shutdown eda375c3-f1b4-45e6-ba42-67ae65a4fd55@group-1B8CAAFB04FE-FollowerState
2022-08-09 13:50:34,483 [eda375c3-f1b4-45e6-ba42-67ae65a4fd55@group-1B8CAAFB04FE-FollowerState] INFO  server.RaftServer$Division (RaftServerImpl.java:setRole(299)) - eda375c3-f1b4-45e6-ba42-67ae65a4fd55@group-1B8CAAFB04FE: changes role from  FOLLOWER to CANDIDATE at term 0 for changeToCandidate
2022-08-09 13:50:34,483 [eda375c3-f1b4-45e6-ba42-67ae65a4fd55@group-1B8CAAFB04FE-FollowerState] INFO  server.RaftServerConfigKeys (ConfUtils.java:logGet(46)) - raft.server.leaderelection.pre-vote = false (custom)
2022-08-09 13:50:34,483 [eda375c3-f1b4-45e6-ba42-67ae65a4fd55@group-1B8CAAFB04FE-FollowerState] INFO  impl.RoleInfo (RoleInfo.java:updateAndGet(139)) - eda375c3-f1b4-45e6-ba42-67ae65a4fd55: start eda375c3-f1b4-45e6-ba42-67ae65a4fd55@group-1B8CAAFB04FE-LeaderElection45
2022-08-09 13:50:34,546 [eda375c3-f1b4-45e6-ba42-67ae65a4fd55@group-1B8CAAFB04FE-LeaderElection45] INFO  impl.LeaderElection (LeaderElection.java:askForVotes(310)) - eda375c3-f1b4-45e6-ba42-67ae65a4fd55@group-1B8CAAFB04FE-LeaderElection45 ELECTION round 0: submit vote requests at term 1 for -1: [6ff5905d-960c-4bc6-8c78-bddfc36801e9|rpc:10.1.0.19:41329|priority:1, 8852ae54-4ed3-4d1d-b462-9046b334363d|rpc:10.1.0.19:36749|priority:0, eda375c3-f1b4-45e6-ba42-67ae65a4fd55|rpc:10.1.0.19:34243|priority:0], old=null
2022-08-09 13:50:34,611 [grpc-default-executor-0] INFO  server.RaftServer$Division (RaftServerImpl.java:requestVote(1152)) - 6ff5905d-960c-4bc6-8c78-bddfc36801e9@group-1B8CAAFB04FE: receive requestVote(ELECTION, eda375c3-f1b4-45e6-ba42-67ae65a4fd55, group-1B8CAAFB04FE, 1, (t:0, i:0))
2022-08-09 13:50:34,611 [grpc-default-executor-0] INFO  impl.VoteContext (VoteContext.java:log(48)) - 6ff5905d-960c-4bc6-8c78-bddfc36801e9@group-1B8CAAFB04FE-FOLLOWER: reject ELECTION from eda375c3-f1b4-45e6-ba42-67ae65a4fd55: our priority 1 > candidate's priority 0
2022-08-09 13:50:34,611 [grpc-default-executor-0] INFO  server.RaftServer$Division (RaftServerImpl.java:setRole(299)) - 6ff5905d-960c-4bc6-8c78-bddfc36801e9@group-1B8CAAFB04FE: changes role from  FOLLOWER to FOLLOWER at term 1 for candidate:eda375c3-f1b4-45e6-ba42-67ae65a4fd55
2022-08-09 13:50:34,611 [grpc-default-executor-0] INFO  impl.RoleInfo (RoleInfo.java:shutdownFollowerState(110)) - 6ff5905d-960c-4bc6-8c78-bddfc36801e9: shutdown 6ff5905d-960c-4bc6-8c78-bddfc36801e9@group-1B8CAAFB04FE-FollowerState
2022-08-09 13:50:34,611 [grpc-default-executor-0] INFO  impl.RoleInfo (RoleInfo.java:updateAndGet(139)) - 6ff5905d-960c-4bc6-8c78-bddfc36801e9: start 6ff5905d-960c-4bc6-8c78-bddfc36801e9@group-1B8CAAFB04FE-FollowerState
2022-08-09 13:50:34,611 [6ff5905d-960c-4bc6-8c78-bddfc36801e9@group-1B8CAAFB04FE-FollowerState] INFO  impl.FollowerState (FollowerState.java:run(152)) - 6ff5905d-960c-4bc6-8c78-bddfc36801e9@group-1B8CAAFB04FE-FollowerState was interrupted
2022-08-09 13:50:34,638 [grpc-default-executor-0] INFO  server.RaftServer$Division (RaftServerImpl.java:requestVote(1184)) - 6ff5905d-960c-4bc6-8c78-bddfc36801e9@group-1B8CAAFB04FE replies to ELECTION vote request: eda375c3-f1b4-45e6-ba42-67ae65a4fd55<-6ff5905d-960c-4bc6-8c78-bddfc36801e9#0:FAIL-t1. Peer's state: 6ff5905d-960c-4bc6-8c78-bddfc36801e9@group-1B8CAAFB04FE:t1, leader=null, voted=null, raftlog=6ff5905d-960c-4bc6-8c78-bddfc36801e9@group-1B8CAAFB04FE-SegmentedRaftLog:OPENED:c-1, conf=-1: [6ff5905d-960c-4bc6-8c78-bddfc36801e9|rpc:10.1.0.19:41329|dataStream:|priority:1, 8852ae54-4ed3-4d1d-b462-9046b334363d|rpc:10.1.0.19:36749|dataStream:|priority:0, eda375c3-f1b4-45e6-ba42-67ae65a4fd55|rpc:10.1.0.19:34243|dataStream:|priority:0], old=null
2022-08-09 13:50:34,639 [eda375c3-f1b4-45e6-ba42-67ae65a4fd55@group-1B8CAAFB04FE-LeaderElection45] INFO  impl.LeaderElection (LeaderElection.java:logAndReturn(90)) - eda375c3-f1b4-45e6-ba42-67ae65a4fd55@group-1B8CAAFB04FE-LeaderElection45: ELECTION REJECTED received 1 response(s) and 0 exception(s):
2022-08-09 13:50:34,639 [eda375c3-f1b4-45e6-ba42-67ae65a4fd55@group-1B8CAAFB04FE-LeaderElection45] INFO  impl.LeaderElection (LeaderElection.java:logAndReturn(94)) -   Response 0: eda375c3-f1b4-45e6-ba42-67ae65a4fd55<-6ff5905d-960c-4bc6-8c78-bddfc36801e9#0:FAIL-t1
2022-08-09 13:50:34,639 [eda375c3-f1b4-45e6-ba42-67ae65a4fd55@group-1B8CAAFB04FE-LeaderElection45] INFO  impl.LeaderElection (LeaderElection.java:askForVotes(312)) - eda375c3-f1b4-45e6-ba42-67ae65a4fd55@group-1B8CAAFB04FE-LeaderElection45 ELECTION round 0: result REJECTED
2022-08-09 13:50:34,639 [eda375c3-f1b4-45e6-ba42-67ae65a4fd55@group-1B8CAAFB04FE-LeaderElection45] INFO  server.RaftServer$Division (RaftServerImpl.java:setRole(299)) - eda375c3-f1b4-45e6-ba42-67ae65a4fd55@group-1B8CAAFB04FE: changes role from CANDIDATE to FOLLOWER at term 1 for REJECTED
2022-08-09 13:50:34,639 [eda375c3-f1b4-45e6-ba42-67ae65a4fd55@group-1B8CAAFB04FE-LeaderElection45] INFO  impl.RoleInfo (RoleInfo.java:shutdownLeaderElection(130)) - eda375c3-f1b4-45e6-ba42-67ae65a4fd55: shutdown eda375c3-f1b4-45e6-ba42-67ae65a4fd55@group-1B8CAAFB04FE-LeaderElection45
2022-08-09 13:50:34,639 [eda375c3-f1b4-45e6-ba42-67ae65a4fd55@group-1B8CAAFB04FE-LeaderElection45] INFO  impl.RoleInfo (RoleInfo.java:updateAndGet(139)) - eda375c3-f1b4-45e6-ba42-67ae65a4fd55: start eda375c3-f1b4-45e6-ba42-67ae65a4fd55@group-1B8CAAFB04FE-FollowerState
2022-08-09 13:50:34,643 [grpc-default-executor-1] INFO  server.RaftServer$Division (RaftServerImpl.java:requestVote(1152)) - 8852ae54-4ed3-4d1d-b462-9046b334363d@group-1B8CAAFB04FE: receive requestVote(ELECTION, eda375c3-f1b4-45e6-ba42-67ae65a4fd55, group-1B8CAAFB04FE, 1, (t:0, i:0))
2022-08-09 13:50:34,643 [grpc-default-executor-1] INFO  impl.VoteContext (VoteContext.java:log(48)) - 8852ae54-4ed3-4d1d-b462-9046b334363d@group-1B8CAAFB04FE-FOLLOWER: accept ELECTION from eda375c3-f1b4-45e6-ba42-67ae65a4fd55: our priority 0 <= candidate's priority 0
2022-08-09 13:50:34,643 [grpc-default-executor-1] INFO  server.RaftServer$Division (RaftServerImpl.java:setRole(299)) - 8852ae54-4ed3-4d1d-b462-9046b334363d@group-1B8CAAFB04FE: changes role from  FOLLOWER to FOLLOWER at term 1 for candidate:eda375c3-f1b4-45e6-ba42-67ae65a4fd55
2022-08-09 13:50:34,643 [grpc-default-executor-1] INFO  impl.RoleInfo (RoleInfo.java:shutdownFollowerState(110)) - 8852ae54-4ed3-4d1d-b462-9046b334363d: shutdown 8852ae54-4ed3-4d1d-b462-9046b334363d@group-1B8CAAFB04FE-FollowerState
2022-08-09 13:50:34,643 [grpc-default-executor-1] INFO  impl.RoleInfo (RoleInfo.java:updateAndGet(139)) - 8852ae54-4ed3-4d1d-b462-9046b334363d: start 8852ae54-4ed3-4d1d-b462-9046b334363d@group-1B8CAAFB04FE-FollowerState
2022-08-09 13:50:34,645 [8852ae54-4ed3-4d1d-b462-9046b334363d@group-1B8CAAFB04FE-FollowerState] INFO  impl.FollowerState (FollowerState.java:run(152)) - 8852ae54-4ed3-4d1d-b462-9046b334363d@group-1B8CAAFB04FE-FollowerState was interrupted
2022-08-09 13:50:34,646 [grpc-default-executor-1] INFO  server.RaftServer$Division (RaftServerImpl.java:requestVote(1184)) - 8852ae54-4ed3-4d1d-b462-9046b334363d@group-1B8CAAFB04FE replies to ELECTION vote request: eda375c3-f1b4-45e6-ba42-67ae65a4fd55<-8852ae54-4ed3-4d1d-b462-9046b334363d#0:OK-t1. Peer's state: 8852ae54-4ed3-4d1d-b462-9046b334363d@group-1B8CAAFB04FE:t1, leader=null, voted=eda375c3-f1b4-45e6-ba42-67ae65a4fd55, raftlog=8852ae54-4ed3-4d1d-b462-9046b334363d@group-1B8CAAFB04FE-SegmentedRaftLog:OPENED:c-1, conf=-1: [6ff5905d-960c-4bc6-8c78-bddfc36801e9|rpc:10.1.0.19:41329|dataStream:|priority:1, 8852ae54-4ed3-4d1d-b462-9046b334363d|rpc:10.1.0.19:36749|dataStream:|priority:0, eda375c3-f1b4-45e6-ba42-67ae65a4fd55|rpc:10.1.0.19:34243|dataStream:|priority:0], old=null
2022-08-09 13:50:35,069 [eda375c3-f1b4-45e6-ba42-67ae65a4fd55@group-0EC1FDF9C42E-FollowerState] INFO  impl.FollowerState (FollowerState.java:run(143)) - eda375c3-f1b4-45e6-ba42-67ae65a4fd55@group-0EC1FDF9C42E-FollowerState: change to CANDIDATE, lastRpcElapsedTime:5175251241ns, electionTimeout:5159ms
2022-08-09 13:50:35,069 [Listener at 127.0.0.1/45023] INFO  ozone.MiniOzoneClusterImpl (MiniOzoneClusterImpl.java:lambda$waitForClusterToBeReady$0(216)) - Nodes are ready. Got 5 of 5 DN Heartbeats.
2022-08-09 13:50:35,069 [Listener at 127.0.0.1/45023] INFO  ozone.MiniOzoneClusterImpl (MiniOzoneClusterImpl.java:lambda$waitForClusterToBeReady$0(219)) - Waiting for cluster to exit safe mode
2022-08-09 13:50:35,069 [Listener at 127.0.0.1/45023] INFO  ozone.MiniOzoneClusterImpl (MiniOzoneClusterImpl.java:lambda$waitForClusterToBeReady$0(221)) - SCM became leader
2022-08-09 13:50:35,069 [eda375c3-f1b4-45e6-ba42-67ae65a4fd55@group-0EC1FDF9C42E-FollowerState] INFO  impl.RoleInfo (RoleInfo.java:shutdownFollowerState(110)) - eda375c3-f1b4-45e6-ba42-67ae65a4fd55: shutdown eda375c3-f1b4-45e6-ba42-67ae65a4fd55@group-0EC1FDF9C42E-FollowerState
2022-08-09 13:50:35,071 [eda375c3-f1b4-45e6-ba42-67ae65a4fd55@group-0EC1FDF9C42E-FollowerState] INFO  server.RaftServer$Division (RaftServerImpl.java:setRole(299)) - eda375c3-f1b4-45e6-ba42-67ae65a4fd55@group-0EC1FDF9C42E: changes role from  FOLLOWER to CANDIDATE at term 0 for changeToCandidate
2022-08-09 13:50:35,072 [eda375c3-f1b4-45e6-ba42-67ae65a4fd55@group-0EC1FDF9C42E-FollowerState] INFO  server.RaftServerConfigKeys (ConfUtils.java:logGet(46)) - raft.server.leaderelection.pre-vote = false (custom)
2022-08-09 13:50:35,072 [eda375c3-f1b4-45e6-ba42-67ae65a4fd55@group-0EC1FDF9C42E-FollowerState] INFO  impl.RoleInfo (RoleInfo.java:updateAndGet(139)) - eda375c3-f1b4-45e6-ba42-67ae65a4fd55: start eda375c3-f1b4-45e6-ba42-67ae65a4fd55@group-0EC1FDF9C42E-LeaderElection46
2022-08-09 13:50:35,112 [eda375c3-f1b4-45e6-ba42-67ae65a4fd55@group-0EC1FDF9C42E-LeaderElection46] INFO  impl.LeaderElection (LeaderElection.java:askForVotes(310)) - eda375c3-f1b4-45e6-ba42-67ae65a4fd55@group-0EC1FDF9C42E-LeaderElection46 ELECTION round 0: submit vote requests at term 1 for -1: [6ff5905d-960c-4bc6-8c78-bddfc36801e9|rpc:10.1.0.19:41329|priority:0, 8852ae54-4ed3-4d1d-b462-9046b334363d|rpc:10.1.0.19:36749|priority:1, eda375c3-f1b4-45e6-ba42-67ae65a4fd55|rpc:10.1.0.19:34243|priority:0], old=null
2022-08-09 13:50:35,116 [grpc-default-executor-1] INFO  server.RaftServer$Division (RaftServerImpl.java:requestVote(1152)) - 6ff5905d-960c-4bc6-8c78-bddfc36801e9@group-0EC1FDF9C42E: receive requestVote(ELECTION, eda375c3-f1b4-45e6-ba42-67ae65a4fd55, group-0EC1FDF9C42E, 1, (t:0, i:0))
2022-08-09 13:50:35,116 [grpc-default-executor-1] INFO  impl.VoteContext (VoteContext.java:log(48)) - 6ff5905d-960c-4bc6-8c78-bddfc36801e9@group-0EC1FDF9C42E-FOLLOWER: accept ELECTION from eda375c3-f1b4-45e6-ba42-67ae65a4fd55: our priority 0 <= candidate's priority 0
2022-08-09 13:50:35,116 [grpc-default-executor-1] INFO  server.RaftServer$Division (RaftServerImpl.java:setRole(299)) - 6ff5905d-960c-4bc6-8c78-bddfc36801e9@group-0EC1FDF9C42E: changes role from  FOLLOWER to FOLLOWER at term 1 for candidate:eda375c3-f1b4-45e6-ba42-67ae65a4fd55
2022-08-09 13:50:35,116 [grpc-default-executor-1] INFO  impl.RoleInfo (RoleInfo.java:shutdownFollowerState(110)) - 6ff5905d-960c-4bc6-8c78-bddfc36801e9: shutdown 6ff5905d-960c-4bc6-8c78-bddfc36801e9@group-0EC1FDF9C42E-FollowerState
2022-08-09 13:50:35,116 [grpc-default-executor-1] INFO  impl.RoleInfo (RoleInfo.java:updateAndGet(139)) - 6ff5905d-960c-4bc6-8c78-bddfc36801e9: start 6ff5905d-960c-4bc6-8c78-bddfc36801e9@group-0EC1FDF9C42E-FollowerState
2022-08-09 13:50:35,116 [6ff5905d-960c-4bc6-8c78-bddfc36801e9@group-0EC1FDF9C42E-FollowerState] INFO  impl.FollowerState (FollowerState.java:run(152)) - 6ff5905d-960c-4bc6-8c78-bddfc36801e9@group-0EC1FDF9C42E-FollowerState was interrupted
2022-08-09 13:50:35,118 [grpc-default-executor-1] INFO  server.RaftServer$Division (RaftServerImpl.java:requestVote(1184)) - 6ff5905d-960c-4bc6-8c78-bddfc36801e9@group-0EC1FDF9C42E replies to ELECTION vote request: eda375c3-f1b4-45e6-ba42-67ae65a4fd55<-6ff5905d-960c-4bc6-8c78-bddfc36801e9#0:OK-t1. Peer's state: 6ff5905d-960c-4bc6-8c78-bddfc36801e9@group-0EC1FDF9C42E:t1, leader=null, voted=eda375c3-f1b4-45e6-ba42-67ae65a4fd55, raftlog=6ff5905d-960c-4bc6-8c78-bddfc36801e9@group-0EC1FDF9C42E-SegmentedRaftLog:OPENED:c-1, conf=-1: [6ff5905d-960c-4bc6-8c78-bddfc36801e9|rpc:10.1.0.19:41329|priority:0, 8852ae54-4ed3-4d1d-b462-9046b334363d|rpc:10.1.0.19:36749|priority:1, eda375c3-f1b4-45e6-ba42-67ae65a4fd55|rpc:10.1.0.19:34243|priority:0], old=null
2022-08-09 13:50:35,153 [grpc-default-executor-1] INFO  server.RaftServer$Division (RaftServerImpl.java:requestVote(1152)) - 8852ae54-4ed3-4d1d-b462-9046b334363d@group-0EC1FDF9C42E: receive requestVote(ELECTION, eda375c3-f1b4-45e6-ba42-67ae65a4fd55, group-0EC1FDF9C42E, 1, (t:0, i:0))
2022-08-09 13:50:35,153 [grpc-default-executor-1] INFO  impl.VoteContext (VoteContext.java:log(48)) - 8852ae54-4ed3-4d1d-b462-9046b334363d@group-0EC1FDF9C42E-FOLLOWER: reject ELECTION from eda375c3-f1b4-45e6-ba42-67ae65a4fd55: our priority 1 > candidate's priority 0
2022-08-09 13:50:35,153 [grpc-default-executor-1] INFO  server.RaftServer$Division (RaftServerImpl.java:setRole(299)) - 8852ae54-4ed3-4d1d-b462-9046b334363d@group-0EC1FDF9C42E: changes role from  FOLLOWER to FOLLOWER at term 1 for candidate:eda375c3-f1b4-45e6-ba42-67ae65a4fd55
2022-08-09 13:50:35,154 [grpc-default-executor-1] INFO  impl.RoleInfo (RoleInfo.java:shutdownFollowerState(110)) - 8852ae54-4ed3-4d1d-b462-9046b334363d: shutdown 8852ae54-4ed3-4d1d-b462-9046b334363d@group-0EC1FDF9C42E-FollowerState
2022-08-09 13:50:35,154 [grpc-default-executor-1] INFO  impl.RoleInfo (RoleInfo.java:updateAndGet(139)) - 8852ae54-4ed3-4d1d-b462-9046b334363d: start 8852ae54-4ed3-4d1d-b462-9046b334363d@group-0EC1FDF9C42E-FollowerState
2022-08-09 13:50:35,154 [8852ae54-4ed3-4d1d-b462-9046b334363d@group-0EC1FDF9C42E-FollowerState] INFO  impl.FollowerState (FollowerState.java:run(152)) - 8852ae54-4ed3-4d1d-b462-9046b334363d@group-0EC1FDF9C42E-FollowerState was interrupted
2022-08-09 13:50:35,157 [grpc-default-executor-1] INFO  server.RaftServer$Division (RaftServerImpl.java:requestVote(1184)) - 8852ae54-4ed3-4d1d-b462-9046b334363d@group-0EC1FDF9C42E replies to ELECTION vote request: eda375c3-f1b4-45e6-ba42-67ae65a4fd55<-8852ae54-4ed3-4d1d-b462-9046b334363d#0:FAIL-t1. Peer's state: 8852ae54-4ed3-4d1d-b462-9046b334363d@group-0EC1FDF9C42E:t1, leader=null, voted=null, raftlog=8852ae54-4ed3-4d1d-b462-9046b334363d@group-0EC1FDF9C42E-SegmentedRaftLog:OPENED:c-1, conf=-1: [6ff5905d-960c-4bc6-8c78-bddfc36801e9|rpc:10.1.0.19:41329|dataStream:|priority:0, 8852ae54-4ed3-4d1d-b462-9046b334363d|rpc:10.1.0.19:36749|dataStream:|priority:1, eda375c3-f1b4-45e6-ba42-67ae65a4fd55|rpc:10.1.0.19:34243|dataStream:|priority:0], old=null
2022-08-09 13:50:35,169 [6ff5905d-960c-4bc6-8c78-bddfc36801e9@group-D82734D27A13-FollowerState] INFO  impl.FollowerState (FollowerState.java:run(143)) - 6ff5905d-960c-4bc6-8c78-bddfc36801e9@group-D82734D27A13-FollowerState: change to CANDIDATE, lastRpcElapsedTime:5034162797ns, electionTimeout:5013ms
2022-08-09 13:50:35,170 [6ff5905d-960c-4bc6-8c78-bddfc36801e9@group-D82734D27A13-FollowerState] INFO  impl.RoleInfo (RoleInfo.java:shutdownFollowerState(110)) - 6ff5905d-960c-4bc6-8c78-bddfc36801e9: shutdown 6ff5905d-960c-4bc6-8c78-bddfc36801e9@group-D82734D27A13-FollowerState
2022-08-09 13:50:35,170 [6ff5905d-960c-4bc6-8c78-bddfc36801e9@group-D82734D27A13-FollowerState] INFO  server.RaftServer$Division (RaftServerImpl.java:setRole(299)) - 6ff5905d-960c-4bc6-8c78-bddfc36801e9@group-D82734D27A13: changes role from  FOLLOWER to CANDIDATE at term 0 for changeToCandidate
2022-08-09 13:50:35,170 [6ff5905d-960c-4bc6-8c78-bddfc36801e9@group-D82734D27A13-FollowerState] INFO  server.RaftServerConfigKeys (ConfUtils.java:logGet(46)) - raft.server.leaderelection.pre-vote = false (custom)
2022-08-09 13:50:35,170 [6ff5905d-960c-4bc6-8c78-bddfc36801e9@group-D82734D27A13-FollowerState] INFO  impl.RoleInfo (RoleInfo.java:updateAndGet(139)) - 6ff5905d-960c-4bc6-8c78-bddfc36801e9: start 6ff5905d-960c-4bc6-8c78-bddfc36801e9@group-D82734D27A13-LeaderElection47
2022-08-09 13:50:35,209 [eda375c3-f1b4-45e6-ba42-67ae65a4fd55@group-0EC1FDF9C42E-LeaderElection46] INFO  impl.LeaderElection (LeaderElection.java:logAndReturn(90)) - eda375c3-f1b4-45e6-ba42-67ae65a4fd55@group-0EC1FDF9C42E-LeaderElection46: ELECTION REJECTED received 2 response(s) and 0 exception(s):
2022-08-09 13:50:35,209 [eda375c3-f1b4-45e6-ba42-67ae65a4fd55@group-0EC1FDF9C42E-LeaderElection46] INFO  impl.LeaderElection (LeaderElection.java:logAndReturn(94)) -   Response 0: eda375c3-f1b4-45e6-ba42-67ae65a4fd55<-6ff5905d-960c-4bc6-8c78-bddfc36801e9#0:OK-t1
2022-08-09 13:50:35,209 [eda375c3-f1b4-45e6-ba42-67ae65a4fd55@group-0EC1FDF9C42E-LeaderElection46] INFO  impl.LeaderElection (LeaderElection.java:logAndReturn(94)) -   Response 1: eda375c3-f1b4-45e6-ba42-67ae65a4fd55<-8852ae54-4ed3-4d1d-b462-9046b334363d#0:FAIL-t1
2022-08-09 13:50:35,209 [eda375c3-f1b4-45e6-ba42-67ae65a4fd55@group-0EC1FDF9C42E-LeaderElection46] INFO  impl.LeaderElection (LeaderElection.java:askForVotes(312)) - eda375c3-f1b4-45e6-ba42-67ae65a4fd55@group-0EC1FDF9C42E-LeaderElection46 ELECTION round 0: result REJECTED
2022-08-09 13:50:35,209 [eda375c3-f1b4-45e6-ba42-67ae65a4fd55@group-0EC1FDF9C42E-LeaderElection46] INFO  server.RaftServer$Division (RaftServerImpl.java:setRole(299)) - eda375c3-f1b4-45e6-ba42-67ae65a4fd55@group-0EC1FDF9C42E: changes role from CANDIDATE to FOLLOWER at term 1 for REJECTED
2022-08-09 13:50:35,209 [eda375c3-f1b4-45e6-ba42-67ae65a4fd55@group-0EC1FDF9C42E-LeaderElection46] INFO  impl.RoleInfo (RoleInfo.java:shutdownLeaderElection(130)) - eda375c3-f1b4-45e6-ba42-67ae65a4fd55: shutdown eda375c3-f1b4-45e6-ba42-67ae65a4fd55@group-0EC1FDF9C42E-LeaderElection46
2022-08-09 13:50:35,209 [eda375c3-f1b4-45e6-ba42-67ae65a4fd55@group-0EC1FDF9C42E-LeaderElection46] INFO  impl.RoleInfo (RoleInfo.java:updateAndGet(139)) - eda375c3-f1b4-45e6-ba42-67ae65a4fd55: start eda375c3-f1b4-45e6-ba42-67ae65a4fd55@group-0EC1FDF9C42E-FollowerState
2022-08-09 13:50:35,234 [6ff5905d-960c-4bc6-8c78-bddfc36801e9@group-D82734D27A13-LeaderElection47] INFO  impl.LeaderElection (LeaderElection.java:askForVotes(310)) - 6ff5905d-960c-4bc6-8c78-bddfc36801e9@group-D82734D27A13-LeaderElection47 ELECTION round 0: submit vote requests at term 1 for -1: [6ff5905d-960c-4bc6-8c78-bddfc36801e9|rpc:10.1.0.19:41329|priority:1], old=null
2022-08-09 13:50:35,234 [6ff5905d-960c-4bc6-8c78-bddfc36801e9@group-D82734D27A13-LeaderElection47] INFO  impl.LeaderElection (LeaderElection.java:askForVotes(312)) - 6ff5905d-960c-4bc6-8c78-bddfc36801e9@group-D82734D27A13-LeaderElection47 ELECTION round 0: result PASSED (term=1)
2022-08-09 13:50:35,234 [6ff5905d-960c-4bc6-8c78-bddfc36801e9@group-D82734D27A13-LeaderElection47] INFO  impl.RoleInfo (RoleInfo.java:shutdownLeaderElection(130)) - 6ff5905d-960c-4bc6-8c78-bddfc36801e9: shutdown 6ff5905d-960c-4bc6-8c78-bddfc36801e9@group-D82734D27A13-LeaderElection47
2022-08-09 13:50:35,234 [6ff5905d-960c-4bc6-8c78-bddfc36801e9@group-D82734D27A13-LeaderElection47] INFO  server.RaftServer$Division (RaftServerImpl.java:setRole(299)) - 6ff5905d-960c-4bc6-8c78-bddfc36801e9@group-D82734D27A13: changes role from CANDIDATE to LEADER at term 1 for changeToLeader
2022-08-09 13:50:35,234 [6ff5905d-960c-4bc6-8c78-bddfc36801e9@group-D82734D27A13-LeaderElection47] INFO  ratis.XceiverServerRatis (XceiverServerRatis.java:handleLeaderChangedNotification(863)) - Leader change notification received for group: group-D82734D27A13 with new leaderId: 6ff5905d-960c-4bc6-8c78-bddfc36801e9
2022-08-09 13:50:35,234 [6ff5905d-960c-4bc6-8c78-bddfc36801e9@group-D82734D27A13-LeaderElection47] INFO  server.RaftServer$Division (ServerState.java:setLeader(287)) - 6ff5905d-960c-4bc6-8c78-bddfc36801e9@group-D82734D27A13: change Leader from null to 6ff5905d-960c-4bc6-8c78-bddfc36801e9 at term 1 for becomeLeader, leader elected after 5112ms
2022-08-09 13:50:35,235 [EventQueue-OpenPipelineForHealthyPipelineSafeModeRule] INFO  safemode.SCMSafeModeManager (HealthyPipelineSafeModeRule.java:process(137)) - SCM in safe mode. Healthy pipelines reported count is 0, required healthy pipeline reported count is 1
2022-08-09 13:50:35,235 [6ff5905d-960c-4bc6-8c78-bddfc36801e9@group-D82734D27A13-LeaderElection47] INFO  server.RaftServerConfigKeys (ConfUtils.java:logGet(46)) - raft.server.staging.catchup.gap = 1000 (default)
2022-08-09 13:50:35,235 [6ff5905d-960c-4bc6-8c78-bddfc36801e9@group-D82734D27A13-LeaderElection47] INFO  server.RaftServerConfigKeys (ConfUtils.java:logGet(46)) - raft.server.write.element-limit = 1024 (custom)
2022-08-09 13:50:35,235 [6ff5905d-960c-4bc6-8c78-bddfc36801e9@group-D82734D27A13-LeaderElection47] INFO  server.RaftServerConfigKeys (ConfUtils.java:logGet(46)) - raft.server.write.byte-limit = 1024 M (=1073741824) (custom)
2022-08-09 13:50:35,245 [6ff5905d-960c-4bc6-8c78-bddfc36801e9@group-D82734D27A13-LeaderElection47] INFO  server.RaftServerConfigKeys (ConfUtils.java:logGet(46)) - raft.server.watch.timeout = 180s (custom)
2022-08-09 13:50:35,245 [6ff5905d-960c-4bc6-8c78-bddfc36801e9@group-D82734D27A13-LeaderElection47] INFO  server.RaftServerConfigKeys (ConfUtils.java:logGet(46)) - raft.server.watch.timeout.denomination = 1s (default)
2022-08-09 13:50:35,245 [6ff5905d-960c-4bc6-8c78-bddfc36801e9@group-D82734D27A13-LeaderElection47] INFO  server.RaftServerConfigKeys (ConfUtils.java:logGet(46)) - raft.server.watch.element-limit = 65536 (default)
2022-08-09 13:50:35,246 [6ff5905d-960c-4bc6-8c78-bddfc36801e9@group-D82734D27A13-LeaderElection47] INFO  server.RaftServerConfigKeys (ConfUtils.java:logGet(46)) - raft.server.write.element-limit = 1024 (custom)
2022-08-09 13:50:35,246 [6ff5905d-960c-4bc6-8c78-bddfc36801e9@group-D82734D27A13-LeaderElection47] INFO  server.RaftServerConfigKeys (ConfUtils.java:logGet(46)) - raft.server.write.follower.gap.ratio.max = -1.0 (default)
2022-08-09 13:50:35,246 [6ff5905d-960c-4bc6-8c78-bddfc36801e9@group-D82734D27A13-LeaderElection47] INFO  impl.RoleInfo (RoleInfo.java:updateAndGet(139)) - 6ff5905d-960c-4bc6-8c78-bddfc36801e9: start 6ff5905d-960c-4bc6-8c78-bddfc36801e9@group-D82734D27A13-LeaderStateImpl
2022-08-09 13:50:35,247 [6ff5905d-960c-4bc6-8c78-bddfc36801e9@group-D82734D27A13-LeaderElection47] INFO  segmented.SegmentedRaftLogWorker (SegmentedRaftLogWorker.java:startLogSegment(425)) - 6ff5905d-960c-4bc6-8c78-bddfc36801e9@group-D82734D27A13-SegmentedRaftLogWorker: Starting segment from index:0
2022-08-09 13:50:35,261 [6ff5905d-960c-4bc6-8c78-bddfc36801e9@group-D82734D27A13-SegmentedRaftLogWorker] INFO  segmented.SegmentedRaftLogWorker (SegmentedRaftLogWorker.java:execute(629)) - 6ff5905d-960c-4bc6-8c78-bddfc36801e9@group-D82734D27A13-SegmentedRaftLogWorker: created new log segment /home/runner/work/ozone/ozone/hadoop-ozone/integration-test/target/test-dir/MiniOzoneClusterImpl-a5f63cd0-adde-411c-a334-77d0cb0a7b46/datanode-1/data/ratis/0928fd30-caf0-4a63-b093-d82734d27a13/current/log_inprogress_0
2022-08-09 13:50:35,292 [6ff5905d-960c-4bc6-8c78-bddfc36801e9@group-D82734D27A13-LeaderElection47] INFO  server.RaftServer$Division (ServerState.java:setRaftConf(393)) - 6ff5905d-960c-4bc6-8c78-bddfc36801e9@group-D82734D27A13: set configuration 0: [6ff5905d-960c-4bc6-8c78-bddfc36801e9|rpc:10.1.0.19:41329|dataStream:|priority:1], old=null
2022-08-09 13:50:36,069 [Listener at 127.0.0.1/45023] INFO  ozone.MiniOzoneClusterImpl (MiniOzoneClusterImpl.java:lambda$waitForClusterToBeReady$0(216)) - Nodes are ready. Got 5 of 5 DN Heartbeats.
2022-08-09 13:50:36,070 [Listener at 127.0.0.1/45023] INFO  ozone.MiniOzoneClusterImpl (MiniOzoneClusterImpl.java:lambda$waitForClusterToBeReady$0(219)) - Waiting for cluster to exit safe mode
2022-08-09 13:50:36,070 [Listener at 127.0.0.1/45023] INFO  ozone.MiniOzoneClusterImpl (MiniOzoneClusterImpl.java:lambda$waitForClusterToBeReady$0(221)) - SCM became leader
2022-08-09 13:50:36,328 [8852ae54-4ed3-4d1d-b462-9046b334363d@group-100714E6300F-FollowerState] INFO  impl.FollowerState (FollowerState.java:run(143)) - 8852ae54-4ed3-4d1d-b462-9046b334363d@group-100714E6300F-FollowerState: change to CANDIDATE, lastRpcElapsedTime:5156711205ns, electionTimeout:5154ms
2022-08-09 13:50:36,328 [8852ae54-4ed3-4d1d-b462-9046b334363d@group-100714E6300F-FollowerState] INFO  impl.RoleInfo (RoleInfo.java:shutdownFollowerState(110)) - 8852ae54-4ed3-4d1d-b462-9046b334363d: shutdown 8852ae54-4ed3-4d1d-b462-9046b334363d@group-100714E6300F-FollowerState
2022-08-09 13:50:36,328 [8852ae54-4ed3-4d1d-b462-9046b334363d@group-100714E6300F-FollowerState] INFO  server.RaftServer$Division (RaftServerImpl.java:setRole(299)) - 8852ae54-4ed3-4d1d-b462-9046b334363d@group-100714E6300F: changes role from  FOLLOWER to CANDIDATE at term 0 for changeToCandidate
2022-08-09 13:50:36,328 [8852ae54-4ed3-4d1d-b462-9046b334363d@group-100714E6300F-FollowerState] INFO  server.RaftServerConfigKeys (ConfUtils.java:logGet(46)) - raft.server.leaderelection.pre-vote = false (custom)
2022-08-09 13:50:36,328 [8852ae54-4ed3-4d1d-b462-9046b334363d@group-100714E6300F-FollowerState] INFO  impl.RoleInfo (RoleInfo.java:updateAndGet(139)) - 8852ae54-4ed3-4d1d-b462-9046b334363d: start 8852ae54-4ed3-4d1d-b462-9046b334363d@group-100714E6300F-LeaderElection48
2022-08-09 13:50:36,384 [8852ae54-4ed3-4d1d-b462-9046b334363d@group-100714E6300F-LeaderElection48] INFO  impl.LeaderElection (LeaderElection.java:askForVotes(310)) - 8852ae54-4ed3-4d1d-b462-9046b334363d@group-100714E6300F-LeaderElection48 ELECTION round 0: submit vote requests at term 1 for -1: [8852ae54-4ed3-4d1d-b462-9046b334363d|rpc:10.1.0.19:36749|priority:1], old=null
2022-08-09 13:50:36,384 [8852ae54-4ed3-4d1d-b462-9046b334363d@group-100714E6300F-LeaderElection48] INFO  impl.LeaderElection (LeaderElection.java:askForVotes(312)) - 8852ae54-4ed3-4d1d-b462-9046b334363d@group-100714E6300F-LeaderElection48 ELECTION round 0: result PASSED (term=1)
2022-08-09 13:50:36,384 [8852ae54-4ed3-4d1d-b462-9046b334363d@group-100714E6300F-LeaderElection48] INFO  impl.RoleInfo (RoleInfo.java:shutdownLeaderElection(130)) - 8852ae54-4ed3-4d1d-b462-9046b334363d: shutdown 8852ae54-4ed3-4d1d-b462-9046b334363d@group-100714E6300F-LeaderElection48
2022-08-09 13:50:36,384 [8852ae54-4ed3-4d1d-b462-9046b334363d@group-100714E6300F-LeaderElection48] INFO  server.RaftServer$Division (RaftServerImpl.java:setRole(299)) - 8852ae54-4ed3-4d1d-b462-9046b334363d@group-100714E6300F: changes role from CANDIDATE to LEADER at term 1 for changeToLeader
2022-08-09 13:50:36,384 [8852ae54-4ed3-4d1d-b462-9046b334363d@group-100714E6300F-LeaderElection48] INFO  ratis.XceiverServerRatis (XceiverServerRatis.java:handleLeaderChangedNotification(863)) - Leader change notification received for group: group-100714E6300F with new leaderId: 8852ae54-4ed3-4d1d-b462-9046b334363d
2022-08-09 13:50:36,384 [8852ae54-4ed3-4d1d-b462-9046b334363d@group-100714E6300F-LeaderElection48] INFO  server.RaftServer$Division (ServerState.java:setLeader(287)) - 8852ae54-4ed3-4d1d-b462-9046b334363d@group-100714E6300F: change Leader from null to 8852ae54-4ed3-4d1d-b462-9046b334363d at term 1 for becomeLeader, leader elected after 5220ms
2022-08-09 13:50:36,384 [8852ae54-4ed3-4d1d-b462-9046b334363d@group-100714E6300F-LeaderElection48] INFO  server.RaftServerConfigKeys (ConfUtils.java:logGet(46)) - raft.server.staging.catchup.gap = 1000 (default)
2022-08-09 13:50:36,385 [8852ae54-4ed3-4d1d-b462-9046b334363d@group-100714E6300F-LeaderElection48] INFO  server.RaftServerConfigKeys (ConfUtils.java:logGet(46)) - raft.server.write.element-limit = 1024 (custom)
2022-08-09 13:50:36,385 [8852ae54-4ed3-4d1d-b462-9046b334363d@group-100714E6300F-LeaderElection48] INFO  server.RaftServerConfigKeys (ConfUtils.java:logGet(46)) - raft.server.write.byte-limit = 1024 M (=1073741824) (custom)
2022-08-09 13:50:36,385 [8852ae54-4ed3-4d1d-b462-9046b334363d@group-100714E6300F-LeaderElection48] INFO  server.RaftServerConfigKeys (ConfUtils.java:logGet(46)) - raft.server.watch.timeout = 180s (custom)
2022-08-09 13:50:36,385 [8852ae54-4ed3-4d1d-b462-9046b334363d@group-100714E6300F-LeaderElection48] INFO  server.RaftServerConfigKeys (ConfUtils.java:logGet(46)) - raft.server.watch.timeout.denomination = 1s (default)
2022-08-09 13:50:36,385 [8852ae54-4ed3-4d1d-b462-9046b334363d@group-100714E6300F-LeaderElection48] INFO  server.RaftServerConfigKeys (ConfUtils.java:logGet(46)) - raft.server.watch.element-limit = 65536 (default)
2022-08-09 13:50:36,385 [8852ae54-4ed3-4d1d-b462-9046b334363d@group-100714E6300F-LeaderElection48] INFO  server.RaftServerConfigKeys (ConfUtils.java:logGet(46)) - raft.server.write.element-limit = 1024 (custom)
2022-08-09 13:50:36,385 [8852ae54-4ed3-4d1d-b462-9046b334363d@group-100714E6300F-LeaderElection48] INFO  server.RaftServerConfigKeys (ConfUtils.java:logGet(46)) - raft.server.write.follower.gap.ratio.max = -1.0 (default)
2022-08-09 13:50:36,385 [8852ae54-4ed3-4d1d-b462-9046b334363d@group-100714E6300F-LeaderElection48] INFO  impl.RoleInfo (RoleInfo.java:updateAndGet(139)) - 8852ae54-4ed3-4d1d-b462-9046b334363d: start 8852ae54-4ed3-4d1d-b462-9046b334363d@group-100714E6300F-LeaderStateImpl
2022-08-09 13:50:36,386 [8852ae54-4ed3-4d1d-b462-9046b334363d@group-100714E6300F-LeaderElection48] INFO  segmented.SegmentedRaftLogWorker (SegmentedRaftLogWorker.java:startLogSegment(425)) - 8852ae54-4ed3-4d1d-b462-9046b334363d@group-100714E6300F-SegmentedRaftLogWorker: Starting segment from index:0
2022-08-09 13:50:36,394 [8852ae54-4ed3-4d1d-b462-9046b334363d@group-100714E6300F-SegmentedRaftLogWorker] INFO  segmented.SegmentedRaftLogWorker (SegmentedRaftLogWorker.java:execute(629)) - 8852ae54-4ed3-4d1d-b462-9046b334363d@group-100714E6300F-SegmentedRaftLogWorker: created new log segment /home/runner/work/ozone/ozone/hadoop-ozone/integration-test/target/test-dir/MiniOzoneClusterImpl-a5f63cd0-adde-411c-a334-77d0cb0a7b46/datanode-2/data/ratis/00728c01-1287-4503-a98c-100714e6300f/current/log_inprogress_0
2022-08-09 13:50:36,402 [8852ae54-4ed3-4d1d-b462-9046b334363d@group-100714E6300F-LeaderElection48] INFO  server.RaftServer$Division (ServerState.java:setRaftConf(393)) - 8852ae54-4ed3-4d1d-b462-9046b334363d@group-100714E6300F: set configuration 0: [8852ae54-4ed3-4d1d-b462-9046b334363d|rpc:10.1.0.19:36749|dataStream:|priority:1], old=null
2022-08-09 13:50:36,422 [EventQueue-OpenPipelineForHealthyPipelineSafeModeRule] INFO  safemode.SCMSafeModeManager (HealthyPipelineSafeModeRule.java:process(137)) - SCM in safe mode. Healthy pipelines reported count is 0, required healthy pipeline reported count is 1
2022-08-09 13:50:37,070 [Listener at 127.0.0.1/45023] INFO  ozone.MiniOzoneClusterImpl (MiniOzoneClusterImpl.java:lambda$waitForClusterToBeReady$0(216)) - Nodes are ready. Got 5 of 5 DN Heartbeats.
2022-08-09 13:50:37,070 [Listener at 127.0.0.1/45023] INFO  ozone.MiniOzoneClusterImpl (MiniOzoneClusterImpl.java:lambda$waitForClusterToBeReady$0(219)) - Waiting for cluster to exit safe mode
2022-08-09 13:50:37,070 [Listener at 127.0.0.1/45023] INFO  ozone.MiniOzoneClusterImpl (MiniOzoneClusterImpl.java:lambda$waitForClusterToBeReady$0(221)) - SCM became leader
2022-08-09 13:50:37,172 [7ef00aaf-719f-4d6c-a113-08e756e8a738@group-F184F9A8231D-FollowerState] INFO  impl.FollowerState (FollowerState.java:run(143)) - 7ef00aaf-719f-4d6c-a113-08e756e8a738@group-F184F9A8231D-FollowerState: change to CANDIDATE, lastRpcElapsedTime:5033173174ns, electionTimeout:5030ms
2022-08-09 13:50:37,173 [7ef00aaf-719f-4d6c-a113-08e756e8a738@group-F184F9A8231D-FollowerState] INFO  impl.RoleInfo (RoleInfo.java:shutdownFollowerState(110)) - 7ef00aaf-719f-4d6c-a113-08e756e8a738: shutdown 7ef00aaf-719f-4d6c-a113-08e756e8a738@group-F184F9A8231D-FollowerState
2022-08-09 13:50:37,173 [7ef00aaf-719f-4d6c-a113-08e756e8a738@group-F184F9A8231D-FollowerState] INFO  server.RaftServer$Division (RaftServerImpl.java:setRole(299)) - 7ef00aaf-719f-4d6c-a113-08e756e8a738@group-F184F9A8231D: changes role from  FOLLOWER to CANDIDATE at term 0 for changeToCandidate
2022-08-09 13:50:37,173 [7ef00aaf-719f-4d6c-a113-08e756e8a738@group-F184F9A8231D-FollowerState] INFO  server.RaftServerConfigKeys (ConfUtils.java:logGet(46)) - raft.server.leaderelection.pre-vote = false (custom)
2022-08-09 13:50:37,173 [7ef00aaf-719f-4d6c-a113-08e756e8a738@group-F184F9A8231D-FollowerState] INFO  impl.RoleInfo (RoleInfo.java:updateAndGet(139)) - 7ef00aaf-719f-4d6c-a113-08e756e8a738: start 7ef00aaf-719f-4d6c-a113-08e756e8a738@group-F184F9A8231D-LeaderElection49
2022-08-09 13:50:37,209 [7ef00aaf-719f-4d6c-a113-08e756e8a738@group-F184F9A8231D-LeaderElection49] INFO  impl.LeaderElection (LeaderElection.java:askForVotes(310)) - 7ef00aaf-719f-4d6c-a113-08e756e8a738@group-F184F9A8231D-LeaderElection49 ELECTION round 0: submit vote requests at term 1 for -1: [7ef00aaf-719f-4d6c-a113-08e756e8a738|rpc:10.1.0.19:35461|priority:1], old=null
2022-08-09 13:50:37,209 [7ef00aaf-719f-4d6c-a113-08e756e8a738@group-F184F9A8231D-LeaderElection49] INFO  impl.LeaderElection (LeaderElection.java:askForVotes(312)) - 7ef00aaf-719f-4d6c-a113-08e756e8a738@group-F184F9A8231D-LeaderElection49 ELECTION round 0: result PASSED (term=1)
2022-08-09 13:50:37,209 [7ef00aaf-719f-4d6c-a113-08e756e8a738@group-F184F9A8231D-LeaderElection49] INFO  impl.RoleInfo (RoleInfo.java:shutdownLeaderElection(130)) - 7ef00aaf-719f-4d6c-a113-08e756e8a738: shutdown 7ef00aaf-719f-4d6c-a113-08e756e8a738@group-F184F9A8231D-LeaderElection49
2022-08-09 13:50:37,209 [7ef00aaf-719f-4d6c-a113-08e756e8a738@group-F184F9A8231D-LeaderElection49] INFO  server.RaftServer$Division (RaftServerImpl.java:setRole(299)) - 7ef00aaf-719f-4d6c-a113-08e756e8a738@group-F184F9A8231D: changes role from CANDIDATE to LEADER at term 1 for changeToLeader
2022-08-09 13:50:37,209 [7ef00aaf-719f-4d6c-a113-08e756e8a738@group-F184F9A8231D-LeaderElection49] INFO  ratis.XceiverServerRatis (XceiverServerRatis.java:handleLeaderChangedNotification(863)) - Leader change notification received for group: group-F184F9A8231D with new leaderId: 7ef00aaf-719f-4d6c-a113-08e756e8a738
2022-08-09 13:50:37,209 [7ef00aaf-719f-4d6c-a113-08e756e8a738@group-F184F9A8231D-LeaderElection49] INFO  server.RaftServer$Division (ServerState.java:setLeader(287)) - 7ef00aaf-719f-4d6c-a113-08e756e8a738@group-F184F9A8231D: change Leader from null to 7ef00aaf-719f-4d6c-a113-08e756e8a738 at term 1 for becomeLeader, leader elected after 5088ms
2022-08-09 13:50:37,209 [7ef00aaf-719f-4d6c-a113-08e756e8a738@group-F184F9A8231D-LeaderElection49] INFO  server.RaftServerConfigKeys (ConfUtils.java:logGet(46)) - raft.server.staging.catchup.gap = 1000 (default)
2022-08-09 13:50:37,209 [7ef00aaf-719f-4d6c-a113-08e756e8a738@group-F184F9A8231D-LeaderElection49] INFO  server.RaftServerConfigKeys (ConfUtils.java:logGet(46)) - raft.server.write.element-limit = 1024 (custom)
2022-08-09 13:50:37,209 [7ef00aaf-719f-4d6c-a113-08e756e8a738@group-F184F9A8231D-LeaderElection49] INFO  server.RaftServerConfigKeys (ConfUtils.java:logGet(46)) - raft.server.write.byte-limit = 1024 M (=1073741824) (custom)
2022-08-09 13:50:37,210 [7ef00aaf-719f-4d6c-a113-08e756e8a738@group-F184F9A8231D-LeaderElection49] INFO  server.RaftServerConfigKeys (ConfUtils.java:logGet(46)) - raft.server.watch.timeout = 180s (custom)
2022-08-09 13:50:37,210 [7ef00aaf-719f-4d6c-a113-08e756e8a738@group-F184F9A8231D-LeaderElection49] INFO  server.RaftServerConfigKeys (ConfUtils.java:logGet(46)) - raft.server.watch.timeout.denomination = 1s (default)
2022-08-09 13:50:37,210 [7ef00aaf-719f-4d6c-a113-08e756e8a738@group-F184F9A8231D-LeaderElection49] INFO  server.RaftServerConfigKeys (ConfUtils.java:logGet(46)) - raft.server.watch.element-limit = 65536 (default)
2022-08-09 13:50:37,210 [7ef00aaf-719f-4d6c-a113-08e756e8a738@group-F184F9A8231D-LeaderElection49] INFO  server.RaftServerConfigKeys (ConfUtils.java:logGet(46)) - raft.server.write.element-limit = 1024 (custom)
2022-08-09 13:50:37,210 [7ef00aaf-719f-4d6c-a113-08e756e8a738@group-F184F9A8231D-LeaderElection49] INFO  server.RaftServerConfigKeys (ConfUtils.java:logGet(46)) - raft.server.write.follower.gap.ratio.max = -1.0 (default)
2022-08-09 13:50:37,210 [7ef00aaf-719f-4d6c-a113-08e756e8a738@group-F184F9A8231D-LeaderElection49] INFO  impl.RoleInfo (RoleInfo.java:updateAndGet(139)) - 7ef00aaf-719f-4d6c-a113-08e756e8a738: start 7ef00aaf-719f-4d6c-a113-08e756e8a738@group-F184F9A8231D-LeaderStateImpl
2022-08-09 13:50:37,210 [EventQueue-OpenPipelineForHealthyPipelineSafeModeRule] INFO  safemode.SCMSafeModeManager (HealthyPipelineSafeModeRule.java:process(137)) - SCM in safe mode. Healthy pipelines reported count is 0, required healthy pipeline reported count is 1
2022-08-09 13:50:37,210 [7ef00aaf-719f-4d6c-a113-08e756e8a738@group-F184F9A8231D-LeaderElection49] INFO  segmented.SegmentedRaftLogWorker (SegmentedRaftLogWorker.java:startLogSegment(425)) - 7ef00aaf-719f-4d6c-a113-08e756e8a738@group-F184F9A8231D-SegmentedRaftLogWorker: Starting segment from index:0
2022-08-09 13:50:37,212 [7ef00aaf-719f-4d6c-a113-08e756e8a738@group-F184F9A8231D-SegmentedRaftLogWorker] INFO  segmented.SegmentedRaftLogWorker (SegmentedRaftLogWorker.java:execute(629)) - 7ef00aaf-719f-4d6c-a113-08e756e8a738@group-F184F9A8231D-SegmentedRaftLogWorker: created new log segment /home/runner/work/ozone/ozone/hadoop-ozone/integration-test/target/test-dir/MiniOzoneClusterImpl-a5f63cd0-adde-411c-a334-77d0cb0a7b46/datanode-3/data/ratis/639165b5-8b9f-4e47-9f5d-f184f9a8231d/current/log_inprogress_0
2022-08-09 13:50:37,227 [7ef00aaf-719f-4d6c-a113-08e756e8a738@group-F184F9A8231D-LeaderElection49] INFO  server.RaftServer$Division (ServerState.java:setRaftConf(393)) - 7ef00aaf-719f-4d6c-a113-08e756e8a738@group-F184F9A8231D: set configuration 0: [7ef00aaf-719f-4d6c-a113-08e756e8a738|rpc:10.1.0.19:35461|dataStream:|priority:1], old=null
2022-08-09 13:50:37,531 [UnderReplicatedQueueThreadThread] INFO  replication.UnderReplicatedProcessor (UnderReplicatedProcessor.java:processAll(85)) - Processed 0 under replicated containers, failed processing 0
2022-08-09 13:50:37,537 [OverReplicatedQueueThreadThread] INFO  replication.OverReplicatedProcessor (OverReplicatedProcessor.java:processAll(83)) - Processed 0 over replicated containers, failed processing 0
2022-08-09 13:50:38,073 [Listener at 127.0.0.1/45023] INFO  ozone.MiniOzoneClusterImpl (MiniOzoneClusterImpl.java:lambda$waitForClusterToBeReady$0(216)) - Nodes are ready. Got 5 of 5 DN Heartbeats.
2022-08-09 13:50:38,074 [Listener at 127.0.0.1/45023] INFO  ozone.MiniOzoneClusterImpl (MiniOzoneClusterImpl.java:lambda$waitForClusterToBeReady$0(219)) - Waiting for cluster to exit safe mode
2022-08-09 13:50:38,074 [Listener at 127.0.0.1/45023] INFO  ozone.MiniOzoneClusterImpl (MiniOzoneClusterImpl.java:lambda$waitForClusterToBeReady$0(221)) - SCM became leader
2022-08-09 13:50:38,394 [09723a4e-7fd0-4003-a68d-b4a2e2b403bd@group-C37E7CCBC1F3-FollowerState] INFO  impl.FollowerState (FollowerState.java:run(143)) - 09723a4e-7fd0-4003-a68d-b4a2e2b403bd@group-C37E7CCBC1F3-FollowerState: change to CANDIDATE, lastRpcElapsedTime:5175952231ns, electionTimeout:5175ms
2022-08-09 13:50:38,394 [09723a4e-7fd0-4003-a68d-b4a2e2b403bd@group-C37E7CCBC1F3-FollowerState] INFO  impl.RoleInfo (RoleInfo.java:shutdownFollowerState(110)) - 09723a4e-7fd0-4003-a68d-b4a2e2b403bd: shutdown 09723a4e-7fd0-4003-a68d-b4a2e2b403bd@group-C37E7CCBC1F3-FollowerState
2022-08-09 13:50:38,394 [09723a4e-7fd0-4003-a68d-b4a2e2b403bd@group-C37E7CCBC1F3-FollowerState] INFO  server.RaftServer$Division (RaftServerImpl.java:setRole(299)) - 09723a4e-7fd0-4003-a68d-b4a2e2b403bd@group-C37E7CCBC1F3: changes role from  FOLLOWER to CANDIDATE at term 0 for changeToCandidate
2022-08-09 13:50:38,394 [09723a4e-7fd0-4003-a68d-b4a2e2b403bd@group-C37E7CCBC1F3-FollowerState] INFO  server.RaftServerConfigKeys (ConfUtils.java:logGet(46)) - raft.server.leaderelection.pre-vote = false (custom)
2022-08-09 13:50:38,394 [09723a4e-7fd0-4003-a68d-b4a2e2b403bd@group-C37E7CCBC1F3-FollowerState] INFO  impl.RoleInfo (RoleInfo.java:updateAndGet(139)) - 09723a4e-7fd0-4003-a68d-b4a2e2b403bd: start 09723a4e-7fd0-4003-a68d-b4a2e2b403bd@group-C37E7CCBC1F3-LeaderElection50
2022-08-09 13:50:38,445 [09723a4e-7fd0-4003-a68d-b4a2e2b403bd@group-C37E7CCBC1F3-LeaderElection50] INFO  impl.LeaderElection (LeaderElection.java:askForVotes(310)) - 09723a4e-7fd0-4003-a68d-b4a2e2b403bd@group-C37E7CCBC1F3-LeaderElection50 ELECTION round 0: submit vote requests at term 1 for -1: [09723a4e-7fd0-4003-a68d-b4a2e2b403bd|rpc:10.1.0.19:33703|priority:1], old=null
2022-08-09 13:50:38,445 [09723a4e-7fd0-4003-a68d-b4a2e2b403bd@group-C37E7CCBC1F3-LeaderElection50] INFO  impl.LeaderElection (LeaderElection.java:askForVotes(312)) - 09723a4e-7fd0-4003-a68d-b4a2e2b403bd@group-C37E7CCBC1F3-LeaderElection50 ELECTION round 0: result PASSED (term=1)
2022-08-09 13:50:38,445 [09723a4e-7fd0-4003-a68d-b4a2e2b403bd@group-C37E7CCBC1F3-LeaderElection50] INFO  impl.RoleInfo (RoleInfo.java:shutdownLeaderElection(130)) - 09723a4e-7fd0-4003-a68d-b4a2e2b403bd: shutdown 09723a4e-7fd0-4003-a68d-b4a2e2b403bd@group-C37E7CCBC1F3-LeaderElection50
2022-08-09 13:50:38,445 [09723a4e-7fd0-4003-a68d-b4a2e2b403bd@group-C37E7CCBC1F3-LeaderElection50] INFO  server.RaftServer$Division (RaftServerImpl.java:setRole(299)) - 09723a4e-7fd0-4003-a68d-b4a2e2b403bd@group-C37E7CCBC1F3: changes role from CANDIDATE to LEADER at term 1 for changeToLeader
2022-08-09 13:50:38,445 [09723a4e-7fd0-4003-a68d-b4a2e2b403bd@group-C37E7CCBC1F3-LeaderElection50] INFO  ratis.XceiverServerRatis (XceiverServerRatis.java:handleLeaderChangedNotification(863)) - Leader change notification received for group: group-C37E7CCBC1F3 with new leaderId: 09723a4e-7fd0-4003-a68d-b4a2e2b403bd
2022-08-09 13:50:38,445 [09723a4e-7fd0-4003-a68d-b4a2e2b403bd@group-C37E7CCBC1F3-LeaderElection50] INFO  server.RaftServer$Division (ServerState.java:setLeader(287)) - 09723a4e-7fd0-4003-a68d-b4a2e2b403bd@group-C37E7CCBC1F3: change Leader from null to 09723a4e-7fd0-4003-a68d-b4a2e2b403bd at term 1 for becomeLeader, leader elected after 5233ms
2022-08-09 13:50:38,445 [09723a4e-7fd0-4003-a68d-b4a2e2b403bd@group-C37E7CCBC1F3-LeaderElection50] INFO  server.RaftServerConfigKeys (ConfUtils.java:logGet(46)) - raft.server.staging.catchup.gap = 1000 (default)
2022-08-09 13:50:38,446 [EventQueue-OpenPipelineForHealthyPipelineSafeModeRule] INFO  safemode.SCMSafeModeManager (HealthyPipelineSafeModeRule.java:process(137)) - SCM in safe mode. Healthy pipelines reported count is 0, required healthy pipeline reported count is 1
2022-08-09 13:50:38,446 [09723a4e-7fd0-4003-a68d-b4a2e2b403bd@group-C37E7CCBC1F3-LeaderElection50] INFO  server.RaftServerConfigKeys (ConfUtils.java:logGet(46)) - raft.server.write.element-limit = 1024 (custom)
2022-08-09 13:50:38,447 [09723a4e-7fd0-4003-a68d-b4a2e2b403bd@group-C37E7CCBC1F3-LeaderElection50] INFO  server.RaftServerConfigKeys (ConfUtils.java:logGet(46)) - raft.server.write.byte-limit = 1024 M (=1073741824) (custom)
2022-08-09 13:50:38,447 [09723a4e-7fd0-4003-a68d-b4a2e2b403bd@group-C37E7CCBC1F3-LeaderElection50] INFO  server.RaftServerConfigKeys (ConfUtils.java:logGet(46)) - raft.server.watch.timeout = 180s (custom)
2022-08-09 13:50:38,447 [09723a4e-7fd0-4003-a68d-b4a2e2b403bd@group-C37E7CCBC1F3-LeaderElection50] INFO  server.RaftServerConfigKeys (ConfUtils.java:logGet(46)) - raft.server.watch.timeout.denomination = 1s (default)
2022-08-09 13:50:38,447 [09723a4e-7fd0-4003-a68d-b4a2e2b403bd@group-C37E7CCBC1F3-LeaderElection50] INFO  server.RaftServerConfigKeys (ConfUtils.java:logGet(46)) - raft.server.watch.element-limit = 65536 (default)
2022-08-09 13:50:38,447 [09723a4e-7fd0-4003-a68d-b4a2e2b403bd@group-C37E7CCBC1F3-LeaderElection50] INFO  server.RaftServerConfigKeys (ConfUtils.java:logGet(46)) - raft.server.write.element-limit = 1024 (custom)
2022-08-09 13:50:38,447 [09723a4e-7fd0-4003-a68d-b4a2e2b403bd@group-C37E7CCBC1F3-LeaderElection50] INFO  server.RaftServerConfigKeys (ConfUtils.java:logGet(46)) - raft.server.write.follower.gap.ratio.max = -1.0 (default)
2022-08-09 13:50:38,447 [09723a4e-7fd0-4003-a68d-b4a2e2b403bd@group-C37E7CCBC1F3-LeaderElection50] INFO  impl.RoleInfo (RoleInfo.java:updateAndGet(139)) - 09723a4e-7fd0-4003-a68d-b4a2e2b403bd: start 09723a4e-7fd0-4003-a68d-b4a2e2b403bd@group-C37E7CCBC1F3-LeaderStateImpl
2022-08-09 13:50:38,447 [09723a4e-7fd0-4003-a68d-b4a2e2b403bd@group-C37E7CCBC1F3-LeaderElection50] INFO  segmented.SegmentedRaftLogWorker (SegmentedRaftLogWorker.java:startLogSegment(425)) - 09723a4e-7fd0-4003-a68d-b4a2e2b403bd@group-C37E7CCBC1F3-SegmentedRaftLogWorker: Starting segment from index:0
2022-08-09 13:50:38,465 [09723a4e-7fd0-4003-a68d-b4a2e2b403bd@group-C37E7CCBC1F3-SegmentedRaftLogWorker] INFO  segmented.SegmentedRaftLogWorker (SegmentedRaftLogWorker.java:execute(629)) - 09723a4e-7fd0-4003-a68d-b4a2e2b403bd@group-C37E7CCBC1F3-SegmentedRaftLogWorker: created new log segment /home/runner/work/ozone/ozone/hadoop-ozone/integration-test/target/test-dir/MiniOzoneClusterImpl-a5f63cd0-adde-411c-a334-77d0cb0a7b46/datanode-4/data/ratis/835a61d4-22cc-480b-a976-c37e7ccbc1f3/current/log_inprogress_0
2022-08-09 13:50:38,489 [09723a4e-7fd0-4003-a68d-b4a2e2b403bd@group-C37E7CCBC1F3-LeaderElection50] INFO  server.RaftServer$Division (ServerState.java:setRaftConf(393)) - 09723a4e-7fd0-4003-a68d-b4a2e2b403bd@group-C37E7CCBC1F3: set configuration 0: [09723a4e-7fd0-4003-a68d-b4a2e2b403bd|rpc:10.1.0.19:33703|dataStream:|priority:1], old=null
2022-08-09 13:50:39,074 [Listener at 127.0.0.1/45023] INFO  ozone.MiniOzoneClusterImpl (MiniOzoneClusterImpl.java:lambda$waitForClusterToBeReady$0(216)) - Nodes are ready. Got 5 of 5 DN Heartbeats.
2022-08-09 13:50:39,074 [Listener at 127.0.0.1/45023] INFO  ozone.MiniOzoneClusterImpl (MiniOzoneClusterImpl.java:lambda$waitForClusterToBeReady$0(219)) - Waiting for cluster to exit safe mode
2022-08-09 13:50:39,074 [Listener at 127.0.0.1/45023] INFO  ozone.MiniOzoneClusterImpl (MiniOzoneClusterImpl.java:lambda$waitForClusterToBeReady$0(221)) - SCM became leader
2022-08-09 13:50:39,675 [6ff5905d-960c-4bc6-8c78-bddfc36801e9@group-1B8CAAFB04FE-FollowerState] INFO  impl.FollowerState (FollowerState.java:run(143)) - 6ff5905d-960c-4bc6-8c78-bddfc36801e9@group-1B8CAAFB04FE-FollowerState: change to CANDIDATE, lastRpcElapsedTime:5064245045ns, electionTimeout:5060ms
2022-08-09 13:50:39,676 [6ff5905d-960c-4bc6-8c78-bddfc36801e9@group-1B8CAAFB04FE-FollowerState] INFO  impl.RoleInfo (RoleInfo.java:shutdownFollowerState(110)) - 6ff5905d-960c-4bc6-8c78-bddfc36801e9: shutdown 6ff5905d-960c-4bc6-8c78-bddfc36801e9@group-1B8CAAFB04FE-FollowerState
2022-08-09 13:50:39,676 [6ff5905d-960c-4bc6-8c78-bddfc36801e9@group-1B8CAAFB04FE-FollowerState] INFO  server.RaftServer$Division (RaftServerImpl.java:setRole(299)) - 6ff5905d-960c-4bc6-8c78-bddfc36801e9@group-1B8CAAFB04FE: changes role from  FOLLOWER to CANDIDATE at term 1 for changeToCandidate
2022-08-09 13:50:39,676 [6ff5905d-960c-4bc6-8c78-bddfc36801e9@group-1B8CAAFB04FE-FollowerState] INFO  server.RaftServerConfigKeys (ConfUtils.java:logGet(46)) - raft.server.leaderelection.pre-vote = false (custom)
2022-08-09 13:50:39,676 [6ff5905d-960c-4bc6-8c78-bddfc36801e9@group-1B8CAAFB04FE-FollowerState] INFO  impl.RoleInfo (RoleInfo.java:updateAndGet(139)) - 6ff5905d-960c-4bc6-8c78-bddfc36801e9: start 6ff5905d-960c-4bc6-8c78-bddfc36801e9@group-1B8CAAFB04FE-LeaderElection51
2022-08-09 13:50:39,750 [6ff5905d-960c-4bc6-8c78-bddfc36801e9@group-1B8CAAFB04FE-LeaderElection51] INFO  impl.LeaderElection (LeaderElection.java:askForVotes(310)) - 6ff5905d-960c-4bc6-8c78-bddfc36801e9@group-1B8CAAFB04FE-LeaderElection51 ELECTION round 0: submit vote requests at term 2 for -1: [6ff5905d-960c-4bc6-8c78-bddfc36801e9|rpc:10.1.0.19:41329|dataStream:|priority:1, 8852ae54-4ed3-4d1d-b462-9046b334363d|rpc:10.1.0.19:36749|dataStream:|priority:0, eda375c3-f1b4-45e6-ba42-67ae65a4fd55|rpc:10.1.0.19:34243|dataStream:|priority:0], old=null
2022-08-09 13:50:39,809 [grpc-default-executor-0] INFO  server.RaftServer$Division (RaftServerImpl.java:requestVote(1152)) - 8852ae54-4ed3-4d1d-b462-9046b334363d@group-1B8CAAFB04FE: receive requestVote(ELECTION, 6ff5905d-960c-4bc6-8c78-bddfc36801e9, group-1B8CAAFB04FE, 2, (t:0, i:0))
2022-08-09 13:50:39,809 [grpc-default-executor-0] INFO  impl.VoteContext (VoteContext.java:log(48)) - 8852ae54-4ed3-4d1d-b462-9046b334363d@group-1B8CAAFB04FE-FOLLOWER: accept ELECTION from 6ff5905d-960c-4bc6-8c78-bddfc36801e9: our priority 0 <= candidate's priority 1
2022-08-09 13:50:39,809 [grpc-default-executor-0] INFO  server.RaftServer$Division (RaftServerImpl.java:setRole(299)) - 8852ae54-4ed3-4d1d-b462-9046b334363d@group-1B8CAAFB04FE: changes role from  FOLLOWER to FOLLOWER at term 2 for candidate:6ff5905d-960c-4bc6-8c78-bddfc36801e9
2022-08-09 13:50:39,809 [grpc-default-executor-0] INFO  impl.RoleInfo (RoleInfo.java:shutdownFollowerState(110)) - 8852ae54-4ed3-4d1d-b462-9046b334363d: shutdown 8852ae54-4ed3-4d1d-b462-9046b334363d@group-1B8CAAFB04FE-FollowerState
2022-08-09 13:50:39,809 [8852ae54-4ed3-4d1d-b462-9046b334363d@group-1B8CAAFB04FE-FollowerState] INFO  impl.FollowerState (FollowerState.java:run(152)) - 8852ae54-4ed3-4d1d-b462-9046b334363d@group-1B8CAAFB04FE-FollowerState was interrupted
2022-08-09 13:50:39,809 [grpc-default-executor-0] INFO  impl.RoleInfo (RoleInfo.java:updateAndGet(139)) - 8852ae54-4ed3-4d1d-b462-9046b334363d: start 8852ae54-4ed3-4d1d-b462-9046b334363d@group-1B8CAAFB04FE-FollowerState
2022-08-09 13:50:39,822 [grpc-default-executor-1] INFO  server.RaftServer$Division (RaftServerImpl.java:requestVote(1152)) - eda375c3-f1b4-45e6-ba42-67ae65a4fd55@group-1B8CAAFB04FE: receive requestVote(ELECTION, 6ff5905d-960c-4bc6-8c78-bddfc36801e9, group-1B8CAAFB04FE, 2, (t:0, i:0))
2022-08-09 13:50:39,822 [grpc-default-executor-1] INFO  impl.VoteContext (VoteContext.java:log(48)) - eda375c3-f1b4-45e6-ba42-67ae65a4fd55@group-1B8CAAFB04FE-FOLLOWER: accept ELECTION from 6ff5905d-960c-4bc6-8c78-bddfc36801e9: our priority 0 <= candidate's priority 1
2022-08-09 13:50:39,822 [grpc-default-executor-1] INFO  server.RaftServer$Division (RaftServerImpl.java:setRole(299)) - eda375c3-f1b4-45e6-ba42-67ae65a4fd55@group-1B8CAAFB04FE: changes role from  FOLLOWER to FOLLOWER at term 2 for candidate:6ff5905d-960c-4bc6-8c78-bddfc36801e9
2022-08-09 13:50:39,822 [grpc-default-executor-1] INFO  impl.RoleInfo (RoleInfo.java:shutdownFollowerState(110)) - eda375c3-f1b4-45e6-ba42-67ae65a4fd55: shutdown eda375c3-f1b4-45e6-ba42-67ae65a4fd55@group-1B8CAAFB04FE-FollowerState
2022-08-09 13:50:39,835 [grpc-default-executor-1] INFO  impl.RoleInfo (RoleInfo.java:updateAndGet(139)) - eda375c3-f1b4-45e6-ba42-67ae65a4fd55: start eda375c3-f1b4-45e6-ba42-67ae65a4fd55@group-1B8CAAFB04FE-FollowerState
2022-08-09 13:50:39,836 [eda375c3-f1b4-45e6-ba42-67ae65a4fd55@group-1B8CAAFB04FE-FollowerState] INFO  impl.FollowerState (FollowerState.java:run(152)) - eda375c3-f1b4-45e6-ba42-67ae65a4fd55@group-1B8CAAFB04FE-FollowerState was interrupted
2022-08-09 13:50:39,843 [grpc-default-executor-1] INFO  server.RaftServer$Division (RaftServerImpl.java:requestVote(1184)) - eda375c3-f1b4-45e6-ba42-67ae65a4fd55@group-1B8CAAFB04FE replies to ELECTION vote request: 6ff5905d-960c-4bc6-8c78-bddfc36801e9<-eda375c3-f1b4-45e6-ba42-67ae65a4fd55#0:OK-t2. Peer's state: eda375c3-f1b4-45e6-ba42-67ae65a4fd55@group-1B8CAAFB04FE:t2, leader=null, voted=6ff5905d-960c-4bc6-8c78-bddfc36801e9, raftlog=eda375c3-f1b4-45e6-ba42-67ae65a4fd55@group-1B8CAAFB04FE-SegmentedRaftLog:OPENED:c-1, conf=-1: [6ff5905d-960c-4bc6-8c78-bddfc36801e9|rpc:10.1.0.19:41329|priority:1, 8852ae54-4ed3-4d1d-b462-9046b334363d|rpc:10.1.0.19:36749|priority:0, eda375c3-f1b4-45e6-ba42-67ae65a4fd55|rpc:10.1.0.19:34243|priority:0], old=null
2022-08-09 13:50:39,856 [grpc-default-executor-0] INFO  server.RaftServer$Division (RaftServerImpl.java:requestVote(1184)) - 8852ae54-4ed3-4d1d-b462-9046b334363d@group-1B8CAAFB04FE replies to ELECTION vote request: 6ff5905d-960c-4bc6-8c78-bddfc36801e9<-8852ae54-4ed3-4d1d-b462-9046b334363d#0:OK-t2. Peer's state: 8852ae54-4ed3-4d1d-b462-9046b334363d@group-1B8CAAFB04FE:t2, leader=null, voted=6ff5905d-960c-4bc6-8c78-bddfc36801e9, raftlog=8852ae54-4ed3-4d1d-b462-9046b334363d@group-1B8CAAFB04FE-SegmentedRaftLog:OPENED:c-1, conf=-1: [6ff5905d-960c-4bc6-8c78-bddfc36801e9|rpc:10.1.0.19:41329|dataStream:|priority:1, 8852ae54-4ed3-4d1d-b462-9046b334363d|rpc:10.1.0.19:36749|dataStream:|priority:0, eda375c3-f1b4-45e6-ba42-67ae65a4fd55|rpc:10.1.0.19:34243|dataStream:|priority:0], old=null
2022-08-09 13:50:39,856 [6ff5905d-960c-4bc6-8c78-bddfc36801e9@group-1B8CAAFB04FE-LeaderElection51] INFO  impl.LeaderElection (LeaderElection.java:logAndReturn(90)) - 6ff5905d-960c-4bc6-8c78-bddfc36801e9@group-1B8CAAFB04FE-LeaderElection51: ELECTION PASSED received 1 response(s) and 0 exception(s):
2022-08-09 13:50:39,856 [6ff5905d-960c-4bc6-8c78-bddfc36801e9@group-1B8CAAFB04FE-LeaderElection51] INFO  impl.LeaderElection (LeaderElection.java:logAndReturn(94)) -   Response 0: 6ff5905d-960c-4bc6-8c78-bddfc36801e9<-eda375c3-f1b4-45e6-ba42-67ae65a4fd55#0:OK-t2
2022-08-09 13:50:39,856 [6ff5905d-960c-4bc6-8c78-bddfc36801e9@group-1B8CAAFB04FE-LeaderElection51] INFO  impl.LeaderElection (LeaderElection.java:askForVotes(312)) - 6ff5905d-960c-4bc6-8c78-bddfc36801e9@group-1B8CAAFB04FE-LeaderElection51 ELECTION round 0: result PASSED
2022-08-09 13:50:39,856 [6ff5905d-960c-4bc6-8c78-bddfc36801e9@group-1B8CAAFB04FE-LeaderElection51] INFO  impl.RoleInfo (RoleInfo.java:shutdownLeaderElection(130)) - 6ff5905d-960c-4bc6-8c78-bddfc36801e9: shutdown 6ff5905d-960c-4bc6-8c78-bddfc36801e9@group-1B8CAAFB04FE-LeaderElection51
2022-08-09 13:50:39,856 [6ff5905d-960c-4bc6-8c78-bddfc36801e9@group-1B8CAAFB04FE-LeaderElection51] INFO  server.RaftServer$Division (RaftServerImpl.java:setRole(299)) - 6ff5905d-960c-4bc6-8c78-bddfc36801e9@group-1B8CAAFB04FE: changes role from CANDIDATE to LEADER at term 2 for changeToLeader
2022-08-09 13:50:39,857 [6ff5905d-960c-4bc6-8c78-bddfc36801e9@group-1B8CAAFB04FE-LeaderElection51] INFO  ratis.XceiverServerRatis (XceiverServerRatis.java:handleLeaderChangedNotification(863)) - Leader change notification received for group: group-1B8CAAFB04FE with new leaderId: 6ff5905d-960c-4bc6-8c78-bddfc36801e9
2022-08-09 13:50:39,857 [6ff5905d-960c-4bc6-8c78-bddfc36801e9@group-1B8CAAFB04FE-LeaderElection51] INFO  server.RaftServer$Division (ServerState.java:setLeader(287)) - 6ff5905d-960c-4bc6-8c78-bddfc36801e9@group-1B8CAAFB04FE: change Leader from null to 6ff5905d-960c-4bc6-8c78-bddfc36801e9 at term 2 for becomeLeader, leader elected after 10051ms
2022-08-09 13:50:39,857 [6ff5905d-960c-4bc6-8c78-bddfc36801e9@group-1B8CAAFB04FE-LeaderElection51] INFO  server.RaftServerConfigKeys (ConfUtils.java:logGet(46)) - raft.server.staging.catchup.gap = 1000 (default)
2022-08-09 13:50:39,857 [6ff5905d-960c-4bc6-8c78-bddfc36801e9@group-1B8CAAFB04FE-LeaderElection51] INFO  server.RaftServerConfigKeys (ConfUtils.java:logGet(46)) - raft.server.write.element-limit = 1024 (custom)
2022-08-09 13:50:39,857 [6ff5905d-960c-4bc6-8c78-bddfc36801e9@group-1B8CAAFB04FE-LeaderElection51] INFO  server.RaftServerConfigKeys (ConfUtils.java:logGet(46)) - raft.server.write.byte-limit = 1024 M (=1073741824) (custom)
2022-08-09 13:50:39,857 [6ff5905d-960c-4bc6-8c78-bddfc36801e9@group-1B8CAAFB04FE-LeaderElection51] INFO  server.RaftServerConfigKeys (ConfUtils.java:logGet(46)) - raft.server.watch.timeout = 180s (custom)
2022-08-09 13:50:39,857 [6ff5905d-960c-4bc6-8c78-bddfc36801e9@group-1B8CAAFB04FE-LeaderElection51] INFO  server.RaftServerConfigKeys (ConfUtils.java:logGet(46)) - raft.server.watch.timeout.denomination = 1s (default)
2022-08-09 13:50:39,857 [6ff5905d-960c-4bc6-8c78-bddfc36801e9@group-1B8CAAFB04FE-LeaderElection51] INFO  server.RaftServerConfigKeys (ConfUtils.java:logGet(46)) - raft.server.watch.element-limit = 65536 (default)
2022-08-09 13:50:39,858 [6ff5905d-960c-4bc6-8c78-bddfc36801e9@group-1B8CAAFB04FE-LeaderElection51] INFO  server.RaftServerConfigKeys (ConfUtils.java:logGet(46)) - raft.server.write.element-limit = 1024 (custom)
2022-08-09 13:50:39,858 [6ff5905d-960c-4bc6-8c78-bddfc36801e9@group-1B8CAAFB04FE-LeaderElection51] INFO  server.RaftServerConfigKeys (ConfUtils.java:logGet(46)) - raft.server.write.follower.gap.ratio.max = -1.0 (default)
2022-08-09 13:50:39,858 [6ff5905d-960c-4bc6-8c78-bddfc36801e9@group-1B8CAAFB04FE-LeaderElection51] INFO  server.RaftServerConfigKeys (ConfUtils.java:logGet(46)) - raft.server.log.appender.snapshot.chunk.size.max = 16MB (=16777216) (default)
2022-08-09 13:50:39,858 [6ff5905d-960c-4bc6-8c78-bddfc36801e9@group-1B8CAAFB04FE-LeaderElection51] INFO  server.RaftServerConfigKeys (ConfUtils.java:logGet(46)) - raft.server.log.appender.buffer.byte-limit = 33554432 (custom)
2022-08-09 13:50:39,858 [6ff5905d-960c-4bc6-8c78-bddfc36801e9@group-1B8CAAFB04FE-LeaderElection51] INFO  server.RaftServerConfigKeys (ConfUtils.java:logGet(46)) - raft.server.log.appender.buffer.element-limit = 1 (custom)
2022-08-09 13:50:39,858 [6ff5905d-960c-4bc6-8c78-bddfc36801e9@group-1B8CAAFB04FE-LeaderElection51] INFO  grpc.GrpcConfigKeys (ConfUtils.java:logGet(46)) - raft.grpc.server.leader.outstanding.appends.max = 128 (default)
2022-08-09 13:50:39,859 [6ff5905d-960c-4bc6-8c78-bddfc36801e9@group-1B8CAAFB04FE-LeaderElection51] INFO  server.RaftServerConfigKeys (ConfUtils.java:logGet(46)) - raft.server.rpc.request.timeout = 60s (custom)
2022-08-09 13:50:39,859 [6ff5905d-960c-4bc6-8c78-bddfc36801e9@group-1B8CAAFB04FE-LeaderElection51] INFO  server.RaftServerConfigKeys (ConfUtils.java:logGet(46)) - raft.server.log.appender.install.snapshot.enabled = false (custom)
2022-08-09 13:50:39,860 [6ff5905d-960c-4bc6-8c78-bddfc36801e9@group-1B8CAAFB04FE-LeaderElection51] INFO  server.RaftServerConfigKeys (ConfUtils.java:logGet(46)) - raft.server.log.appender.snapshot.chunk.size.max = 16MB (=16777216) (default)
2022-08-09 13:50:39,860 [6ff5905d-960c-4bc6-8c78-bddfc36801e9@group-1B8CAAFB04FE-LeaderElection51] INFO  server.RaftServerConfigKeys (ConfUtils.java:logGet(46)) - raft.server.log.appender.buffer.byte-limit = 33554432 (custom)
2022-08-09 13:50:39,860 [6ff5905d-960c-4bc6-8c78-bddfc36801e9@group-1B8CAAFB04FE-LeaderElection51] INFO  server.RaftServerConfigKeys (ConfUtils.java:logGet(46)) - raft.server.log.appender.buffer.element-limit = 1 (custom)
2022-08-09 13:50:39,860 [6ff5905d-960c-4bc6-8c78-bddfc36801e9@group-1B8CAAFB04FE-LeaderElection51] INFO  grpc.GrpcConfigKeys (ConfUtils.java:logGet(46)) - raft.grpc.server.leader.outstanding.appends.max = 128 (default)
2022-08-09 13:50:39,860 [6ff5905d-960c-4bc6-8c78-bddfc36801e9@group-1B8CAAFB04FE-LeaderElection51] INFO  server.RaftServerConfigKeys (ConfUtils.java:logGet(46)) - raft.server.rpc.request.timeout = 60s (custom)
2022-08-09 13:50:39,860 [6ff5905d-960c-4bc6-8c78-bddfc36801e9@group-1B8CAAFB04FE-LeaderElection51] INFO  server.RaftServerConfigKeys (ConfUtils.java:logGet(46)) - raft.server.log.appender.install.snapshot.enabled = false (custom)
2022-08-09 13:50:39,864 [6ff5905d-960c-4bc6-8c78-bddfc36801e9@group-1B8CAAFB04FE-LeaderElection51] INFO  impl.RoleInfo (RoleInfo.java:updateAndGet(139)) - 6ff5905d-960c-4bc6-8c78-bddfc36801e9: start 6ff5905d-960c-4bc6-8c78-bddfc36801e9@group-1B8CAAFB04FE-LeaderStateImpl
2022-08-09 13:50:39,864 [EventQueue-PipelineReportForPipelineReportHandler] INFO  pipeline.PipelineManagerImpl (PipelineManagerImpl.java:openPipeline(367)) - Pipeline Pipeline[ Id: 921b1cfc-b433-497a-8f83-1b8caafb04fe, Nodes: 8852ae54-4ed3-4d1d-b462-9046b334363d{ip: 10.1.0.19, host: fv-az450-466.jnfmftgkylze5hd05chtbp1i0a.dx.internal.cloudapp.net, ports: [REPLICATION=40453, RATIS=36749, RATIS_ADMIN=36749, RATIS_SERVER=36749, STANDALONE=44299], networkLocation: /default-rack, certSerialId: null, persistedOpState: IN_SERVICE, persistedOpStateExpiryEpochSec: 0}eda375c3-f1b4-45e6-ba42-67ae65a4fd55{ip: 10.1.0.19, host: fv-az450-466.jnfmftgkylze5hd05chtbp1i0a.dx.internal.cloudapp.net, ports: [REPLICATION=44867, RATIS=34243, RATIS_ADMIN=34243, RATIS_SERVER=34243, STANDALONE=43943], networkLocation: /default-rack, certSerialId: null, persistedOpState: IN_SERVICE, persistedOpStateExpiryEpochSec: 0}6ff5905d-960c-4bc6-8c78-bddfc36801e9{ip: 10.1.0.19, host: fv-az450-466.jnfmftgkylze5hd05chtbp1i0a.dx.internal.cloudapp.net, ports: [REPLICATION=40271, RATIS=41329, RATIS_ADMIN=41329, RATIS_SERVER=41329, STANDALONE=42977], networkLocation: /default-rack, certSerialId: null, persistedOpState: IN_SERVICE, persistedOpStateExpiryEpochSec: 0}, ReplicationConfig: RATIS/THREE, State:ALLOCATED, leaderId:6ff5905d-960c-4bc6-8c78-bddfc36801e9, CreationTimestamp2022-08-09T13:50:28.154Z[Etc/UTC]] moved to OPEN state
2022-08-09 13:50:39,864 [6ff5905d-960c-4bc6-8c78-bddfc36801e9@group-1B8CAAFB04FE-LeaderElection51] INFO  segmented.SegmentedRaftLogWorker (SegmentedRaftLogWorker.java:startLogSegment(425)) - 6ff5905d-960c-4bc6-8c78-bddfc36801e9@group-1B8CAAFB04FE-SegmentedRaftLogWorker: Starting segment from index:0
2022-08-09 13:50:39,864 [EventQueue-OpenPipelineForHealthyPipelineSafeModeRule] INFO  safemode.SCMSafeModeManager (HealthyPipelineSafeModeRule.java:process(137)) - SCM in safe mode. Healthy pipelines reported count is 1, required healthy pipeline reported count is 1
2022-08-09 13:50:39,864 [EventQueue-OpenPipelineForHealthyPipelineSafeModeRule] INFO  safemode.SCMSafeModeManager (SCMSafeModeManager.java:validateSafeModeExitRules(204)) - HealthyPipelineSafeModeRule rule is successfully validated
2022-08-09 13:50:39,864 [EventQueue-OpenPipelineForHealthyPipelineSafeModeRule] INFO  safemode.SCMSafeModeManager (SCMSafeModeManager.java:validateSafeModeExitRules(219)) - ScmSafeModeManager, all rules are successfully validated
2022-08-09 13:50:39,864 [EventQueue-OpenPipelineForHealthyPipelineSafeModeRule] INFO  safemode.SCMSafeModeManager (SCMSafeModeManager.java:exitSafeMode(248)) - SCM exiting safe mode.
2022-08-09 13:50:39,864 [EventQueue-OpenPipelineForHealthyPipelineSafeModeRule] WARN  events.EventQueue (EventQueue.java:fireEvent(216)) - No event handler registered for event TypedEvent{payloadType=SafeModeStatus, name='Safe mode status'}
2022-08-09 13:50:39,864 [EventQueue-OpenPipelineForHealthyPipelineSafeModeRule] INFO  ha.SCMContext (SCMContext.java:updateSafeModeStatus(228)) - Update SafeModeStatus from SafeModeStatus{safeModeStatus=true, preCheckPassed=true} to SafeModeStatus{safeModeStatus=false, preCheckPassed=true}.
2022-08-09 13:50:39,864 [EventQueue-OpenPipelineForHealthyPipelineSafeModeRule] INFO  pipeline.BackgroundPipelineCreator (BackgroundPipelineCreator.java:notifyStatusChanged(254)) - Service BackgroundPipelineCreator transitions to RUNNING.
2022-08-09 13:50:39,864 [EventQueue-OpenPipelineForHealthyPipelineSafeModeRule] INFO  BackgroundPipelineScrubber (BackgroundSCMService.java:notifyStatusChanged(82)) - Service BackgroundPipelineScrubber transitions to RUNNING.
2022-08-09 13:50:39,865 [EventQueue-OpenPipelineForHealthyPipelineSafeModeRule] INFO  ExpiredContainerReplicaOpScrubber (BackgroundSCMService.java:notifyStatusChanged(82)) - Service ExpiredContainerReplicaOpScrubber transitions to RUNNING.
2022-08-09 13:50:39,865 [EventQueue-OpenPipelineForHealthyPipelineSafeModeRule] INFO  UnderReplicatedQueueThread (BackgroundSCMService.java:notifyStatusChanged(82)) - Service UnderReplicatedQueueThread transitions to RUNNING.
2022-08-09 13:50:39,865 [EventQueue-OpenPipelineForHealthyPipelineSafeModeRule] INFO  OverReplicatedQueueThread (BackgroundSCMService.java:notifyStatusChanged(82)) - Service OverReplicatedQueueThread transitions to RUNNING.
2022-08-09 13:50:39,865 [EventQueue-OpenPipelineForHealthyPipelineSafeModeRule] INFO  replication.ReplicationManager (ReplicationManager.java:notifyStatusChanged(642)) - Service ReplicationManager transitions to RUNNING.
2022-08-09 13:50:39,865 [EventQueue-OpenPipelineForHealthyPipelineSafeModeRule] WARN  balancer.ContainerBalancer (ContainerBalancer.java:shouldRun(904)) - Could not find persisted configuration for ContainerBalancer when checking if ContainerBalancer should run. ContainerBalancer should not run now.
2022-08-09 13:50:39,866 [6ff5905d-960c-4bc6-8c78-bddfc36801e9@group-1B8CAAFB04FE-SegmentedRaftLogWorker] INFO  segmented.SegmentedRaftLogWorker (SegmentedRaftLogWorker.java:execute(629)) - 6ff5905d-960c-4bc6-8c78-bddfc36801e9@group-1B8CAAFB04FE-SegmentedRaftLogWorker: created new log segment /home/runner/work/ozone/ozone/hadoop-ozone/integration-test/target/test-dir/MiniOzoneClusterImpl-a5f63cd0-adde-411c-a334-77d0cb0a7b46/datanode-1/data/ratis/921b1cfc-b433-497a-8f83-1b8caafb04fe/current/log_inprogress_0
2022-08-09 13:50:39,903 [eda375c3-f1b4-45e6-ba42-67ae65a4fd55-server-thread1] INFO  ratis.XceiverServerRatis (XceiverServerRatis.java:handleLeaderChangedNotification(863)) - Leader change notification received for group: group-1B8CAAFB04FE with new leaderId: 6ff5905d-960c-4bc6-8c78-bddfc36801e9
2022-08-09 13:50:39,903 [eda375c3-f1b4-45e6-ba42-67ae65a4fd55-server-thread1] INFO  server.RaftServer$Division (ServerState.java:setLeader(287)) - eda375c3-f1b4-45e6-ba42-67ae65a4fd55@group-1B8CAAFB04FE: change Leader from null to 6ff5905d-960c-4bc6-8c78-bddfc36801e9 at term 2 for appendEntries, leader elected after 10594ms
2022-08-09 13:50:39,930 [6ff5905d-960c-4bc6-8c78-bddfc36801e9@group-1B8CAAFB04FE-LeaderElection51] INFO  server.RaftServer$Division (ServerState.java:setRaftConf(393)) - 6ff5905d-960c-4bc6-8c78-bddfc36801e9@group-1B8CAAFB04FE: set configuration 0: [6ff5905d-960c-4bc6-8c78-bddfc36801e9|rpc:10.1.0.19:41329|dataStream:|priority:1, 8852ae54-4ed3-4d1d-b462-9046b334363d|rpc:10.1.0.19:36749|dataStream:|priority:0, eda375c3-f1b4-45e6-ba42-67ae65a4fd55|rpc:10.1.0.19:34243|dataStream:|priority:0], old=null
2022-08-09 13:50:39,998 [8852ae54-4ed3-4d1d-b462-9046b334363d-server-thread1] INFO  ratis.XceiverServerRatis (XceiverServerRatis.java:handleLeaderChangedNotification(863)) - Leader change notification received for group: group-1B8CAAFB04FE with new leaderId: 6ff5905d-960c-4bc6-8c78-bddfc36801e9
2022-08-09 13:50:39,998 [8852ae54-4ed3-4d1d-b462-9046b334363d-server-thread1] INFO  server.RaftServer$Division (ServerState.java:setLeader(287)) - 8852ae54-4ed3-4d1d-b462-9046b334363d@group-1B8CAAFB04FE: change Leader from null to 6ff5905d-960c-4bc6-8c78-bddfc36801e9 at term 2 for appendEntries, leader elected after 10436ms
2022-08-09 13:50:39,998 [eda375c3-f1b4-45e6-ba42-67ae65a4fd55-server-thread1] INFO  server.RaftServer$Division (ServerState.java:setRaftConf(393)) - eda375c3-f1b4-45e6-ba42-67ae65a4fd55@group-1B8CAAFB04FE: set configuration 0: [6ff5905d-960c-4bc6-8c78-bddfc36801e9|rpc:10.1.0.19:41329|dataStream:|priority:1, 8852ae54-4ed3-4d1d-b462-9046b334363d|rpc:10.1.0.19:36749|dataStream:|priority:0, eda375c3-f1b4-45e6-ba42-67ae65a4fd55|rpc:10.1.0.19:34243|dataStream:|priority:0], old=null
2022-08-09 13:50:39,998 [eda375c3-f1b4-45e6-ba42-67ae65a4fd55-server-thread1] INFO  segmented.SegmentedRaftLogWorker (SegmentedRaftLogWorker.java:startLogSegment(425)) - eda375c3-f1b4-45e6-ba42-67ae65a4fd55@group-1B8CAAFB04FE-SegmentedRaftLogWorker: Starting segment from index:0
2022-08-09 13:50:40,010 [eda375c3-f1b4-45e6-ba42-67ae65a4fd55@group-1B8CAAFB04FE-SegmentedRaftLogWorker] INFO  segmented.SegmentedRaftLogWorker (SegmentedRaftLogWorker.java:execute(629)) - eda375c3-f1b4-45e6-ba42-67ae65a4fd55@group-1B8CAAFB04FE-SegmentedRaftLogWorker: created new log segment /home/runner/work/ozone/ozone/hadoop-ozone/integration-test/target/test-dir/MiniOzoneClusterImpl-a5f63cd0-adde-411c-a334-77d0cb0a7b46/datanode-0/data/ratis/921b1cfc-b433-497a-8f83-1b8caafb04fe/current/log_inprogress_0
2022-08-09 13:50:40,010 [8852ae54-4ed3-4d1d-b462-9046b334363d-server-thread1] INFO  server.RaftServer$Division (ServerState.java:setRaftConf(393)) - 8852ae54-4ed3-4d1d-b462-9046b334363d@group-1B8CAAFB04FE: set configuration 0: [6ff5905d-960c-4bc6-8c78-bddfc36801e9|rpc:10.1.0.19:41329|dataStream:|priority:1, 8852ae54-4ed3-4d1d-b462-9046b334363d|rpc:10.1.0.19:36749|dataStream:|priority:0, eda375c3-f1b4-45e6-ba42-67ae65a4fd55|rpc:10.1.0.19:34243|dataStream:|priority:0], old=null
2022-08-09 13:50:40,010 [8852ae54-4ed3-4d1d-b462-9046b334363d-server-thread1] INFO  segmented.SegmentedRaftLogWorker (SegmentedRaftLogWorker.java:startLogSegment(425)) - 8852ae54-4ed3-4d1d-b462-9046b334363d@group-1B8CAAFB04FE-SegmentedRaftLogWorker: Starting segment from index:0
2022-08-09 13:50:40,013 [8852ae54-4ed3-4d1d-b462-9046b334363d@group-1B8CAAFB04FE-SegmentedRaftLogWorker] INFO  segmented.SegmentedRaftLogWorker (SegmentedRaftLogWorker.java:execute(629)) - 8852ae54-4ed3-4d1d-b462-9046b334363d@group-1B8CAAFB04FE-SegmentedRaftLogWorker: created new log segment /home/runner/work/ozone/ozone/hadoop-ozone/integration-test/target/test-dir/MiniOzoneClusterImpl-a5f63cd0-adde-411c-a334-77d0cb0a7b46/datanode-2/data/ratis/921b1cfc-b433-497a-8f83-1b8caafb04fe/current/log_inprogress_0
2022-08-09 13:50:40,074 [Listener at 127.0.0.1/45023] INFO  ozone.MiniOzoneClusterImpl (MiniOzoneClusterImpl.java:lambda$waitForClusterToBeReady$0(216)) - Nodes are ready. Got 5 of 5 DN Heartbeats.
2022-08-09 13:50:40,075 [Listener at 127.0.0.1/45023] INFO  ozone.MiniOzoneClusterImpl (MiniOzoneClusterImpl.java:lambda$waitForClusterToBeReady$0(219)) - Cluster exits safe mode
2022-08-09 13:50:40,075 [Listener at 127.0.0.1/45023] INFO  ozone.MiniOzoneClusterImpl (MiniOzoneClusterImpl.java:lambda$waitForClusterToBeReady$0(221)) - SCM became leader
2022-08-09 13:50:40,196 [Time-limited test] INFO  rpc.RpcClient (RpcClient.java:createVolume(468)) - Creating Volume: volume69654, with user71577 as owner and space quota set to -1 bytes, counts quota set to -1
2022-08-09 13:50:40,236 [OM StateMachine ApplyTransaction Thread - 0] INFO  volume.OMVolumeCreateRequest (OMVolumeCreateRequest.java:validateAndUpdateCache(195)) - created volume:volume69654 for user:user71577
2022-08-09 13:50:40,270 [Time-limited test] INFO  rpc.RpcClient (RpcClient.java:createBucket(671)) - Creating Bucket: volume69654/bucket24217, with bucket layout LEGACY, runner as owner, Versioning false, Storage Type set to DISK and Encryption set to false 
2022-08-09 13:50:40,273 [OM StateMachine ApplyTransaction Thread - 0] INFO  bucket.OMBucketCreateRequest (OMBucketCreateRequest.java:validateAndUpdateCache(260)) - created bucket: bucket24217 of layout LEGACY in volume: volume69654
2022-08-09 13:50:40,315 [8852ae54-4ed3-4d1d-b462-9046b334363d@group-0EC1FDF9C42E-FollowerState] INFO  impl.FollowerState (FollowerState.java:run(143)) - 8852ae54-4ed3-4d1d-b462-9046b334363d@group-0EC1FDF9C42E-FollowerState: change to CANDIDATE, lastRpcElapsedTime:5161412441ns, electionTimeout:5122ms
2022-08-09 13:50:40,315 [8852ae54-4ed3-4d1d-b462-9046b334363d@group-0EC1FDF9C42E-FollowerState] INFO  impl.RoleInfo (RoleInfo.java:shutdownFollowerState(110)) - 8852ae54-4ed3-4d1d-b462-9046b334363d: shutdown 8852ae54-4ed3-4d1d-b462-9046b334363d@group-0EC1FDF9C42E-FollowerState
2022-08-09 13:50:40,315 [8852ae54-4ed3-4d1d-b462-9046b334363d@group-0EC1FDF9C42E-FollowerState] INFO  server.RaftServer$Division (RaftServerImpl.java:setRole(299)) - 8852ae54-4ed3-4d1d-b462-9046b334363d@group-0EC1FDF9C42E: changes role from  FOLLOWER to CANDIDATE at term 1 for changeToCandidate
2022-08-09 13:50:40,330 [8852ae54-4ed3-4d1d-b462-9046b334363d@group-0EC1FDF9C42E-FollowerState] INFO  server.RaftServerConfigKeys (ConfUtils.java:logGet(46)) - raft.server.leaderelection.pre-vote = false (custom)
2022-08-09 13:50:40,330 [8852ae54-4ed3-4d1d-b462-9046b334363d@group-0EC1FDF9C42E-FollowerState] INFO  impl.RoleInfo (RoleInfo.java:updateAndGet(139)) - 8852ae54-4ed3-4d1d-b462-9046b334363d: start 8852ae54-4ed3-4d1d-b462-9046b334363d@group-0EC1FDF9C42E-LeaderElection52
2022-08-09 13:50:40,365 [8852ae54-4ed3-4d1d-b462-9046b334363d@group-0EC1FDF9C42E-LeaderElection52] INFO  impl.LeaderElection (LeaderElection.java:askForVotes(310)) - 8852ae54-4ed3-4d1d-b462-9046b334363d@group-0EC1FDF9C42E-LeaderElection52 ELECTION round 0: submit vote requests at term 2 for -1: [6ff5905d-960c-4bc6-8c78-bddfc36801e9|rpc:10.1.0.19:41329|dataStream:|priority:0, 8852ae54-4ed3-4d1d-b462-9046b334363d|rpc:10.1.0.19:36749|dataStream:|priority:1, eda375c3-f1b4-45e6-ba42-67ae65a4fd55|rpc:10.1.0.19:34243|dataStream:|priority:0], old=null
2022-08-09 13:50:40,369 [IPC Server handler 17 on default port 36263] INFO  ha.SequenceIdGenerator (SequenceIdGenerator.java:getNextId(128)) - Allocate a batch for containerId, change lastId from 0 to 1000.
2022-08-09 13:50:40,370 [IPC Server handler 17 on default port 36263] WARN  ha.SequenceIdGenerator (SequenceIdGenerator.java:allocateBatch(237)) - Failed to allocate a batch for localId, expected lastId is 0, actual lastId is 109611004723200000.
2022-08-09 13:50:40,370 [IPC Server handler 17 on default port 36263] INFO  ha.SequenceIdGenerator (SequenceIdGenerator.java:getNextId(128)) - Allocate a batch for localId, change lastId from 109611004723200000 to 109611004723201000.
2022-08-09 13:50:40,399 [eda375c3-f1b4-45e6-ba42-67ae65a4fd55@group-0EC1FDF9C42E-FollowerState] INFO  impl.FollowerState (FollowerState.java:run(143)) - eda375c3-f1b4-45e6-ba42-67ae65a4fd55@group-0EC1FDF9C42E-FollowerState: change to CANDIDATE, lastRpcElapsedTime:5189709090ns, electionTimeout:5187ms
2022-08-09 13:50:40,399 [eda375c3-f1b4-45e6-ba42-67ae65a4fd55@group-0EC1FDF9C42E-FollowerState] INFO  impl.RoleInfo (RoleInfo.java:shutdownFollowerState(110)) - eda375c3-f1b4-45e6-ba42-67ae65a4fd55: shutdown eda375c3-f1b4-45e6-ba42-67ae65a4fd55@group-0EC1FDF9C42E-FollowerState
2022-08-09 13:50:40,399 [eda375c3-f1b4-45e6-ba42-67ae65a4fd55@group-0EC1FDF9C42E-FollowerState] INFO  server.RaftServer$Division (RaftServerImpl.java:setRole(299)) - eda375c3-f1b4-45e6-ba42-67ae65a4fd55@group-0EC1FDF9C42E: changes role from  FOLLOWER to CANDIDATE at term 1 for changeToCandidate
2022-08-09 13:50:40,399 [eda375c3-f1b4-45e6-ba42-67ae65a4fd55@group-0EC1FDF9C42E-FollowerState] INFO  server.RaftServerConfigKeys (ConfUtils.java:logGet(46)) - raft.server.leaderelection.pre-vote = false (custom)
2022-08-09 13:50:40,399 [eda375c3-f1b4-45e6-ba42-67ae65a4fd55@group-0EC1FDF9C42E-FollowerState] INFO  impl.RoleInfo (RoleInfo.java:updateAndGet(139)) - eda375c3-f1b4-45e6-ba42-67ae65a4fd55: start eda375c3-f1b4-45e6-ba42-67ae65a4fd55@group-0EC1FDF9C42E-LeaderElection53
2022-08-09 13:50:40,444 [eda375c3-f1b4-45e6-ba42-67ae65a4fd55@group-0EC1FDF9C42E-LeaderElection53] INFO  impl.LeaderElection (LeaderElection.java:askForVotes(310)) - eda375c3-f1b4-45e6-ba42-67ae65a4fd55@group-0EC1FDF9C42E-LeaderElection53 ELECTION round 0: submit vote requests at term 2 for -1: [6ff5905d-960c-4bc6-8c78-bddfc36801e9|rpc:10.1.0.19:41329|priority:0, 8852ae54-4ed3-4d1d-b462-9046b334363d|rpc:10.1.0.19:36749|priority:1, eda375c3-f1b4-45e6-ba42-67ae65a4fd55|rpc:10.1.0.19:34243|priority:0], old=null
2022-08-09 13:50:40,466 [grpc-default-executor-2] INFO  server.RaftServer$Division (RaftServerImpl.java:requestVote(1152)) - eda375c3-f1b4-45e6-ba42-67ae65a4fd55@group-0EC1FDF9C42E: receive requestVote(ELECTION, 8852ae54-4ed3-4d1d-b462-9046b334363d, group-0EC1FDF9C42E, 2, (t:0, i:0))
2022-08-09 13:50:40,466 [grpc-default-executor-2] INFO  impl.VoteContext (VoteContext.java:log(48)) - eda375c3-f1b4-45e6-ba42-67ae65a4fd55@group-0EC1FDF9C42E-CANDIDATE: reject ELECTION from 8852ae54-4ed3-4d1d-b462-9046b334363d: already has voted for eda375c3-f1b4-45e6-ba42-67ae65a4fd55 at current term 2
2022-08-09 13:50:40,466 [grpc-default-executor-2] INFO  server.RaftServer$Division (RaftServerImpl.java:requestVote(1184)) - eda375c3-f1b4-45e6-ba42-67ae65a4fd55@group-0EC1FDF9C42E replies to ELECTION vote request: 8852ae54-4ed3-4d1d-b462-9046b334363d<-eda375c3-f1b4-45e6-ba42-67ae65a4fd55#0:FAIL-t2. Peer's state: eda375c3-f1b4-45e6-ba42-67ae65a4fd55@group-0EC1FDF9C42E:t2, leader=null, voted=eda375c3-f1b4-45e6-ba42-67ae65a4fd55, raftlog=eda375c3-f1b4-45e6-ba42-67ae65a4fd55@group-0EC1FDF9C42E-SegmentedRaftLog:OPENED:c-1, conf=-1: [6ff5905d-960c-4bc6-8c78-bddfc36801e9|rpc:10.1.0.19:41329|priority:0, 8852ae54-4ed3-4d1d-b462-9046b334363d|rpc:10.1.0.19:36749|priority:1, eda375c3-f1b4-45e6-ba42-67ae65a4fd55|rpc:10.1.0.19:34243|priority:0], old=null
13:50:40.469 [IPC Server handler 3 on default port 45023] ERROR OMAudit - user=runner | ip=127.0.0.1 | op=GET_FILE_STATUS {volume=volume69654, bucket=bucket24217, key=dir82/file1, dataSize=0, replicationConfig=null} | ret=FAILURE
org.apache.hadoop.ozone.om.exceptions.OMException: Unable to get file status: volume: volume69654 bucket: bucket24217 key: dir82/file1
	at org.apache.hadoop.ozone.om.KeyManagerImpl.getOzoneFileStatus(KeyManagerImpl.java:1311) ~[ozone-manager-1.3.0-SNAPSHOT.jar:?]
	at org.apache.hadoop.ozone.om.KeyManagerImpl.getFileStatus(KeyManagerImpl.java:1241) ~[ozone-manager-1.3.0-SNAPSHOT.jar:?]
	at org.apache.hadoop.ozone.om.OzoneManager.getFileStatus(OzoneManager.java:3468) ~[ozone-manager-1.3.0-SNAPSHOT.jar:?]
	at org.apache.hadoop.ozone.protocolPB.OzoneManagerRequestHandler.getOzoneFileStatus(OzoneManagerRequestHandler.java:882) ~[ozone-manager-1.3.0-SNAPSHOT.jar:?]
	at org.apache.hadoop.ozone.protocolPB.OzoneManagerRequestHandler.handleReadRequest(OzoneManagerRequestHandler.java:228) ~[ozone-manager-1.3.0-SNAPSHOT.jar:?]
	at org.apache.hadoop.ozone.protocolPB.OzoneManagerProtocolServerSideTranslatorPB.submitReadRequestToOM(OzoneManagerProtocolServerSideTranslatorPB.java:226) ~[ozone-manager-1.3.0-SNAPSHOT.jar:?]
	at org.apache.hadoop.ozone.protocolPB.OzoneManagerProtocolServerSideTranslatorPB.processRequest(OzoneManagerProtocolServerSideTranslatorPB.java:175) ~[ozone-manager-1.3.0-SNAPSHOT.jar:?]
	at org.apache.hadoop.hdds.server.OzoneProtocolMessageDispatcher.processRequest(OzoneProtocolMessageDispatcher.java:87) [hdds-server-framework-1.3.0-SNAPSHOT.jar:?]
	at org.apache.hadoop.ozone.protocolPB.OzoneManagerProtocolServerSideTranslatorPB.submitRequest(OzoneManagerProtocolServerSideTranslatorPB.java:147) [ozone-manager-1.3.0-SNAPSHOT.jar:?]
	at org.apache.hadoop.ozone.protocol.proto.OzoneManagerProtocolProtos$OzoneManagerService$2.callBlockingMethod(OzoneManagerProtocolProtos.java) [ozone-interface-client-1.3.0-SNAPSHOT.jar:?]
	at org.apache.hadoop.ipc.ProtobufRpcEngine$Server.processCall(ProtobufRpcEngine.java:466) [hadoop-common-3.3.1.jar:?]
	at org.apache.hadoop.ipc.ProtobufRpcEngine2$Server$ProtoBufRpcInvoker.call(ProtobufRpcEngine2.java:574) [hadoop-common-3.3.1.jar:?]
	at org.apache.hadoop.ipc.ProtobufRpcEngine2$Server$ProtoBufRpcInvoker.call(ProtobufRpcEngine2.java:552) [hadoop-common-3.3.1.jar:?]
	at org.apache.hadoop.ipc.RPC$Server.call(RPC.java:1093) [hadoop-common-3.3.1.jar:?]
	at org.apache.hadoop.ipc.Server$RpcCall.run(Server.java:1035) [hadoop-common-3.3.1.jar:?]
	at org.apache.hadoop.ipc.Server$RpcCall.run(Server.java:963) [hadoop-common-3.3.1.jar:?]
	at java.security.AccessController.doPrivileged(Native Method) ~[?:1.8.0_332]
	at javax.security.auth.Subject.doAs(Subject.java:422) [?:1.8.0_332]
	at org.apache.hadoop.security.UserGroupInformation.doAs(UserGroupInformation.java:1878) [hadoop-common-3.3.1.jar:?]
	at org.apache.hadoop.ipc.Server$Handler.run(Server.java:2966) [hadoop-common-3.3.1.jar:?]
]]></system-out>
  </testcase>
  <testcase name="testRenameFile" classname="TestRootedOzoneFileSystem" time="0.387">
    <system-out><![CDATA[2022-08-09 13:51:09,991 [Listener at 127.0.0.1/45023] INFO  ozone.MiniOzoneClusterImpl (MiniOzoneClusterImpl.java:shutdown(448)) - Shutting down the Mini Ozone Cluster
2022-08-09 13:51:09,991 [Listener at 127.0.0.1/45023] INFO  ozone.MiniOzoneClusterImpl (MiniOzoneClusterImpl.java:stop(463)) - Stopping the Mini Ozone Cluster
2022-08-09 13:51:09,991 [Listener at 127.0.0.1/45023] INFO  ozone.MiniOzoneClusterImpl (MiniOzoneClusterImpl.java:stopOM(545)) - Stopping the OzoneManager
2022-08-09 13:51:09,991 [Listener at 127.0.0.1/45023] INFO  om.OzoneManager (OzoneManager.java:stop(2022)) - om1[localhost:0]: Stopping Ozone Manager
2022-08-09 13:51:09,991 [Listener at 127.0.0.1/45023] INFO  ipc.Server (Server.java:stop(3414)) - Stopping server on 45023
2022-08-09 13:51:10,057 [IPC Server Responder] INFO  ipc.Server (Server.java:run(1512)) - Stopping IPC Server Responder
2022-08-09 13:51:10,057 [IPC Server listener on 0] INFO  ipc.Server (Server.java:run(1376)) - Stopping IPC Server listener on 0
2022-08-09 13:51:10,058 [Listener at 127.0.0.1/45023] INFO  server.RaftServer (RaftServerProxy.java:lambda$close$7(398)) - om1: close
2022-08-09 13:51:10,058 [Listener at 127.0.0.1/45023] INFO  server.RaftServer$Division (RaftServerImpl.java:lambda$close$4(434)) - om1@group-C5BA1605619E: shutdown
2022-08-09 13:51:10,058 [Listener at 127.0.0.1/45023] INFO  util.JmxRegister (JmxRegister.java:unregister(73)) - Successfully un-registered JMX Bean with object name Ratis:service=RaftServer,group=group-C5BA1605619E,id=om1
2022-08-09 13:51:10,058 [Listener at 127.0.0.1/45023] INFO  impl.RoleInfo (RoleInfo.java:shutdownLeaderState(93)) - om1: shutdown om1@group-C5BA1605619E-LeaderStateImpl
2022-08-09 13:51:10,058 [Listener at 127.0.0.1/45023] INFO  impl.PendingRequests (PendingRequests.java:sendNotLeaderResponses(282)) - om1@group-C5BA1605619E-PendingRequests: sendNotLeaderResponses
2022-08-09 13:51:10,123 [Listener at 127.0.0.1/45023] INFO  impl.StateMachineUpdater (StateMachineUpdater.java:stopAndJoin(153)) - om1@group-C5BA1605619E-StateMachineUpdater: set stopIndex = 6980
2022-08-09 13:51:10,124 [om1@group-C5BA1605619E-StateMachineUpdater] INFO  ratis.OzoneManagerStateMachine (OzoneManagerStateMachine.java:takeSnapshot(441)) - Current Snapshot Index (t:1, i:6980)
2022-08-09 13:51:10,124 [om1@group-C5BA1605619E-StateMachineUpdater] INFO  impl.StateMachineUpdater (StateMachineUpdater.java:takeSnapshot(287)) - om1@group-C5BA1605619E-StateMachineUpdater: Took a snapshot at index 6980
2022-08-09 13:51:10,124 [om1@group-C5BA1605619E-StateMachineUpdater] INFO  impl.StateMachineUpdater (StateMachineUpdater.java:lambda$new$0(92)) - om1@group-C5BA1605619E-StateMachineUpdater: snapshotIndex: updateIncreasingly -1 -> 6980
2022-08-09 13:51:10,124 [om1@group-C5BA1605619E-StateMachineUpdater] INFO  ratis.OzoneManagerStateMachine (OzoneManagerStateMachine.java:close(495)) - StateMachine has shutdown. Shutdown OzoneManager if not already shutdown.
2022-08-09 13:51:10,124 [om1@group-C5BA1605619E-StateMachineUpdater] INFO  ratis.OzoneManagerDoubleBuffer (OzoneManagerDoubleBuffer.java:stop(466)) - Stopping OMDoubleBuffer flush thread
2022-08-09 13:51:10,124 [OMDoubleBufferFlushThread] INFO  ratis.OzoneManagerDoubleBuffer (OzoneManagerDoubleBuffer.java:flushTransactions(385)) - OMDoubleBuffer flush thread OMDoubleBufferFlushThread is interrupted and will exit.
2022-08-09 13:51:10,142 [Listener at 127.0.0.1/45023] INFO  server.RaftServer$Division (ServerState.java:close(429)) - om1@group-C5BA1605619E: closes. applyIndex: 6980
2022-08-09 13:51:10,143 [om1@group-C5BA1605619E-SegmentedRaftLogWorker] INFO  segmented.SegmentedRaftLogWorker (SegmentedRaftLogWorker.java:run(336)) - om1@group-C5BA1605619E-SegmentedRaftLogWorker was interrupted, exiting. There are 0 tasks remaining in the queue.
2022-08-09 13:51:10,169 [Finalizer] WARN  managed.ManagedRocksObjectUtils (ManagedRocksObjectUtils.java:assertClosed(39)) - ManagedDBOptions is not closed properly
2022-08-09 13:51:10,173 [Finalizer] WARN  managed.ManagedRocksObjectUtils (ManagedRocksObjectUtils.java:assertClosed(39)) - ManagedColumnFamilyOptions is not closed properly
2022-08-09 13:51:10,173 [Finalizer] WARN  managed.ManagedRocksObjectUtils (ManagedRocksObjectUtils.java:assertClosed(39)) - ManagedLRUCache is not closed properly
2022-08-09 13:51:10,173 [Finalizer] WARN  managed.ManagedRocksObjectUtils (ManagedRocksObjectUtils.java:assertClosed(39)) - ManagedBloomFilter is not closed properly
2022-08-09 13:51:10,173 [Finalizer] WARN  managed.ManagedRocksObjectUtils (ManagedRocksObjectUtils.java:assertClosed(39)) - ManagedDBOptions is not closed properly
2022-08-09 13:51:10,173 [Finalizer] WARN  managed.ManagedRocksObjectUtils (ManagedRocksObjectUtils.java:assertClosed(39)) - ManagedColumnFamilyOptions is not closed properly
2022-08-09 13:51:10,173 [Finalizer] WARN  managed.ManagedRocksObjectUtils (ManagedRocksObjectUtils.java:assertClosed(39)) - ManagedLRUCache is not closed properly
2022-08-09 13:51:10,173 [Finalizer] WARN  managed.ManagedRocksObjectUtils (ManagedRocksObjectUtils.java:assertClosed(39)) - ManagedBloomFilter is not closed properly
2022-08-09 13:51:10,173 [Finalizer] WARN  managed.ManagedRocksObjectUtils (ManagedRocksObjectUtils.java:assertClosed(39)) - ManagedDBOptions is not closed properly
2022-08-09 13:51:10,173 [Finalizer] WARN  managed.ManagedRocksObjectUtils (ManagedRocksObjectUtils.java:assertClosed(39)) - ManagedColumnFamilyOptions is not closed properly
2022-08-09 13:51:10,173 [Finalizer] WARN  managed.ManagedRocksObjectUtils (ManagedRocksObjectUtils.java:assertClosed(39)) - ManagedLRUCache is not closed properly
2022-08-09 13:51:10,173 [Finalizer] WARN  managed.ManagedRocksObjectUtils (ManagedRocksObjectUtils.java:assertClosed(39)) - ManagedBloomFilter is not closed properly
2022-08-09 13:51:10,173 [Finalizer] WARN  managed.ManagedRocksObjectUtils (ManagedRocksObjectUtils.java:assertClosed(39)) - ManagedDBOptions is not closed properly
2022-08-09 13:51:10,173 [Finalizer] WARN  managed.ManagedRocksObjectUtils (ManagedRocksObjectUtils.java:assertClosed(39)) - ManagedColumnFamilyOptions is not closed properly
2022-08-09 13:51:10,173 [Finalizer] WARN  managed.ManagedRocksObjectUtils (ManagedRocksObjectUtils.java:assertClosed(39)) - ManagedLRUCache is not closed properly
2022-08-09 13:51:10,173 [Finalizer] WARN  managed.ManagedRocksObjectUtils (ManagedRocksObjectUtils.java:assertClosed(39)) - ManagedBloomFilter is not closed properly
2022-08-09 13:51:10,173 [Finalizer] WARN  managed.ManagedRocksObjectUtils (ManagedRocksObjectUtils.java:assertClosed(39)) - ManagedDBOptions is not closed properly
2022-08-09 13:51:10,173 [Finalizer] WARN  managed.ManagedRocksObjectUtils (ManagedRocksObjectUtils.java:assertClosed(39)) - ManagedColumnFamilyOptions is not closed properly
2022-08-09 13:51:10,173 [Finalizer] WARN  managed.ManagedRocksObjectUtils (ManagedRocksObjectUtils.java:assertClosed(39)) - ManagedLRUCache is not closed properly
2022-08-09 13:51:10,173 [Finalizer] WARN  managed.ManagedRocksObjectUtils (ManagedRocksObjectUtils.java:assertClosed(39)) - ManagedBloomFilter is not closed properly
2022-08-09 13:51:10,174 [Listener at 127.0.0.1/45023] INFO  segmented.SegmentedRaftLogWorker (SegmentedRaftLogWorker.java:close(246)) - om1@group-C5BA1605619E-SegmentedRaftLogWorker close()
2022-08-09 13:51:10,178 [Listener at 127.0.0.1/45023] INFO  server.GrpcService (GrpcService.java:closeImpl(269)) - om1: shutdown server with port 9872 now
2022-08-09 13:51:10,178 [Listener at 127.0.0.1/45023] INFO  server.GrpcService (GrpcService.java:closeImpl(278)) - om1: shutdown server with port 9872 successfully
2022-08-09 13:51:10,178 [org.apache.ratis.util.JvmPauseMonitor$$Lambda$615/629946574@2aa0622a] INFO  util.JvmPauseMonitor (JvmPauseMonitor.java:run(109)) - JvmPauseMonitor-om1: Stopped
2022-08-09 13:51:10,189 [Listener at 127.0.0.1/45023] INFO  ratis.OzoneManagerStateMachine (OzoneManagerStateMachine.java:close(495)) - StateMachine has shutdown. Shutdown OzoneManager if not already shutdown.
2022-08-09 13:51:10,189 [Listener at 127.0.0.1/45023] INFO  ratis.OzoneManagerDoubleBuffer (OzoneManagerDoubleBuffer.java:stop(478)) - OMDoubleBuffer flush thread is not running.
2022-08-09 13:51:10,189 [Listener at 127.0.0.1/45023] INFO  utils.BackgroundService (BackgroundService.java:shutdown(141)) - Shutting down service KeyDeletingService
2022-08-09 13:51:10,189 [Listener at 127.0.0.1/45023] INFO  utils.BackgroundService (BackgroundService.java:shutdown(141)) - Shutting down service DirectoryDeletingService
2022-08-09 13:51:10,189 [Listener at 127.0.0.1/45023] INFO  utils.BackgroundService (BackgroundService.java:shutdown(141)) - Shutting down service OpenKeyCleanupService
2022-08-09 13:51:10,191 [Listener at 127.0.0.1/45023] INFO  handler.ContextHandler (ContextHandler.java:doStop(1153)) - Stopped o.e.j.w.WebAppContext@255072c1{ozoneManager,/,null,STOPPED}{file:/home/runner/work/ozone/ozone/hadoop-ozone/integration-test/target/test-classes/webapps/ozoneManager}
2022-08-09 13:51:10,192 [Listener at 127.0.0.1/45023] INFO  server.AbstractConnector (AbstractConnector.java:doStop(381)) - Stopped ServerConnector@121b2820{HTTP/1.1, (http/1.1)}{0.0.0.0:0}
2022-08-09 13:51:10,192 [Listener at 127.0.0.1/45023] INFO  server.session (HouseKeeper.java:stopScavenging(149)) - node0 Stopped scavenging
2022-08-09 13:51:10,192 [Listener at 127.0.0.1/45023] INFO  handler.ContextHandler (ContextHandler.java:doStop(1153)) - Stopped o.e.j.s.ServletContextHandler@70b2109c{static,/static,file:///home/runner/work/ozone/ozone/hadoop-ozone/integration-test/target/test-classes/webapps/static,STOPPED}
2022-08-09 13:51:10,192 [Listener at 127.0.0.1/45023] INFO  handler.ContextHandler (ContextHandler.java:doStop(1153)) - Stopped o.e.j.s.ServletContextHandler@79337388{logs,/logs,file:///home/runner/work/ozone/ozone/hadoop-ozone/integration-test/target/log,STOPPED}
2022-08-09 13:51:10,236 [Listener at 127.0.0.1/45023] INFO  ozone.MiniOzoneClusterImpl (MiniOzoneClusterImpl.java:stopDatanodes(522)) - Stopping the HddsDatanodes
2022-08-09 13:51:10,237 [Trash Emptier] ERROR om.TrashPolicyOzone (TrashPolicyOzone.java:run(251)) - Error attempting to shutdown
java.lang.InterruptedException
	at java.util.concurrent.locks.AbstractQueuedSynchronizer$ConditionObject.awaitNanos(AbstractQueuedSynchronizer.java:2067)
	at java.util.concurrent.ThreadPoolExecutor.awaitTermination(ThreadPoolExecutor.java:1475)
	at org.apache.hadoop.ozone.om.TrashPolicyOzone$Emptier.run(TrashPolicyOzone.java:249)
	at java.lang.Thread.run(Thread.java:750)
2022-08-09 13:51:10,238 [Trash Emptier] ERROR util.ExitUtils (ExitUtils.java:terminate(133)) - Terminating with exit status -1: Thread[Trash Emptier,5,main] has thrown an uncaught exception
java.lang.UnsupportedOperationException: fs.getUri() not implemented in TrashOzoneFileSystem
	at org.apache.hadoop.ozone.om.TrashOzoneFileSystem.getUri(TrashOzoneFileSystem.java:126)
	at org.apache.hadoop.fs.FileSystem.close(FileSystem.java:2592)
	at org.apache.hadoop.ozone.om.TrashPolicyOzone$Emptier.run(TrashPolicyOzone.java:243)
	at java.lang.Thread.run(Thread.java:750)
2022-08-09 13:51:15,239 [Listener at 127.0.0.1/45023] INFO  ozoneimpl.OzoneContainer (OzoneContainer.java:stop(399)) - Attempting to stop container services.
2022-08-09 13:51:15,240 [ForkJoinPool.commonPool-worker-0] INFO  ozoneimpl.OzoneContainer (OzoneContainer.java:stop(399)) - Attempting to stop container services.
2022-08-09 13:51:15,240 [ForkJoinPool.commonPool-worker-0] INFO  server.RaftServer (RaftServerProxy.java:lambda$close$7(398)) - 6ff5905d-960c-4bc6-8c78-bddfc36801e9: close
2022-08-09 13:51:15,240 [ForkJoinPool.commonPool-worker-0] INFO  server.RaftServer$Division (RaftServerImpl.java:lambda$close$4(434)) - 6ff5905d-960c-4bc6-8c78-bddfc36801e9@group-1B8CAAFB04FE: shutdown
2022-08-09 13:51:15,241 [ForkJoinPool.commonPool-worker-0] INFO  util.JmxRegister (JmxRegister.java:unregister(73)) - Successfully un-registered JMX Bean with object name Ratis:service=RaftServer,group=group-1B8CAAFB04FE,id=6ff5905d-960c-4bc6-8c78-bddfc36801e9
2022-08-09 13:51:15,241 [ForkJoinPool.commonPool-worker-0] INFO  impl.RoleInfo (RoleInfo.java:shutdownLeaderState(93)) - 6ff5905d-960c-4bc6-8c78-bddfc36801e9: shutdown 6ff5905d-960c-4bc6-8c78-bddfc36801e9@group-1B8CAAFB04FE-LeaderStateImpl
2022-08-09 13:51:15,241 [ForkJoinPool.commonPool-worker-0] INFO  impl.PendingRequests (PendingRequests.java:sendNotLeaderResponses(282)) - 6ff5905d-960c-4bc6-8c78-bddfc36801e9@group-1B8CAAFB04FE-PendingRequests: sendNotLeaderResponses
2022-08-09 13:51:15,249 [ForkJoinPool.commonPool-worker-0] INFO  impl.StateMachineUpdater (StateMachineUpdater.java:stopAndJoin(153)) - 6ff5905d-960c-4bc6-8c78-bddfc36801e9@group-1B8CAAFB04FE-StateMachineUpdater: set stopIndex = 14
2022-08-09 13:51:15,253 [6ff5905d-960c-4bc6-8c78-bddfc36801e9@group-1B8CAAFB04FE->8852ae54-4ed3-4d1d-b462-9046b334363d-GrpcLogAppender-LogAppenderDaemon] WARN  server.GrpcLogAppender (GrpcLogAppender.java:mayWait(171)) - 6ff5905d-960c-4bc6-8c78-bddfc36801e9@group-1B8CAAFB04FE->8852ae54-4ed3-4d1d-b462-9046b334363d-GrpcLogAppender: Wait interrupted by java.lang.InterruptedException
2022-08-09 13:51:15,253 [6ff5905d-960c-4bc6-8c78-bddfc36801e9@group-1B8CAAFB04FE->eda375c3-f1b4-45e6-ba42-67ae65a4fd55-GrpcLogAppender-LogAppenderDaemon] WARN  server.GrpcLogAppender (GrpcLogAppender.java:mayWait(171)) - 6ff5905d-960c-4bc6-8c78-bddfc36801e9@group-1B8CAAFB04FE->eda375c3-f1b4-45e6-ba42-67ae65a4fd55-GrpcLogAppender: Wait interrupted by java.lang.InterruptedException
2022-08-09 13:51:15,253 [6ff5905d-960c-4bc6-8c78-bddfc36801e9@group-1B8CAAFB04FE-StateMachineUpdater] INFO  ratis.ContainerStateMachine (ContainerStateMachine.java:takeSnapshot(304)) - group-1B8CAAFB04FE: Taking a snapshot at:(t:2, i:14) file /home/runner/work/ozone/ozone/hadoop-ozone/integration-test/target/test-dir/MiniOzoneClusterImpl-a5f63cd0-adde-411c-a334-77d0cb0a7b46/datanode-1/data/ratis/921b1cfc-b433-497a-8f83-1b8caafb04fe/sm/snapshot.2_14
2022-08-09 13:51:15,254 [grpc-default-executor-1] INFO  server.GrpcServerProtocolService (GrpcServerProtocolService.java:onCompleted(140)) - 8852ae54-4ed3-4d1d-b462-9046b334363d: Completed APPEND_ENTRIES, lastRequest: 6ff5905d-960c-4bc6-8c78-bddfc36801e9->8852ae54-4ed3-4d1d-b462-9046b334363d#540-t2,previous=(t:2, i:13),leaderCommit=12,initializing? true,entries: size=1, first=(t:2, i:14), METADATAENTRY(c:12)
2022-08-09 13:51:15,254 [Listener at 127.0.0.1/45023] INFO  server.RaftServer (RaftServerProxy.java:lambda$close$7(398)) - 8852ae54-4ed3-4d1d-b462-9046b334363d: close
2022-08-09 13:51:15,254 [Listener at 127.0.0.1/45023] INFO  server.RaftServer$Division (RaftServerImpl.java:lambda$close$4(434)) - 8852ae54-4ed3-4d1d-b462-9046b334363d@group-1B8CAAFB04FE: shutdown
2022-08-09 13:51:15,255 [Listener at 127.0.0.1/45023] INFO  util.JmxRegister (JmxRegister.java:unregister(73)) - Successfully un-registered JMX Bean with object name Ratis:service=RaftServer,group=group-1B8CAAFB04FE,id=8852ae54-4ed3-4d1d-b462-9046b334363d
2022-08-09 13:51:15,255 [Listener at 127.0.0.1/45023] INFO  impl.RoleInfo (RoleInfo.java:shutdownFollowerState(110)) - 8852ae54-4ed3-4d1d-b462-9046b334363d: shutdown 8852ae54-4ed3-4d1d-b462-9046b334363d@group-1B8CAAFB04FE-FollowerState
2022-08-09 13:51:15,255 [8852ae54-4ed3-4d1d-b462-9046b334363d@group-1B8CAAFB04FE-FollowerState] INFO  impl.FollowerState (FollowerState.java:run(152)) - 8852ae54-4ed3-4d1d-b462-9046b334363d@group-1B8CAAFB04FE-FollowerState was interrupted
2022-08-09 13:51:15,254 [grpc-default-executor-4] INFO  server.GrpcServerProtocolService (GrpcServerProtocolService.java:onCompleted(140)) - eda375c3-f1b4-45e6-ba42-67ae65a4fd55: Completed APPEND_ENTRIES, lastRequest: 6ff5905d-960c-4bc6-8c78-bddfc36801e9->eda375c3-f1b4-45e6-ba42-67ae65a4fd55#561-t2,previous=(t:2, i:13),leaderCommit=12,initializing? true,entries: size=1, first=(t:2, i:14), METADATAENTRY(c:12)
2022-08-09 13:51:15,256 [Listener at 127.0.0.1/45023] INFO  impl.StateMachineUpdater (StateMachineUpdater.java:stopAndJoin(153)) - 8852ae54-4ed3-4d1d-b462-9046b334363d@group-1B8CAAFB04FE-StateMachineUpdater: set stopIndex = 14
2022-08-09 13:51:15,255 [grpc-default-executor-5] INFO  server.GrpcLogAppender (GrpcLogAppender.java:onCompleted(339)) - 6ff5905d-960c-4bc6-8c78-bddfc36801e9@group-1B8CAAFB04FE->8852ae54-4ed3-4d1d-b462-9046b334363d-AppendLogResponseHandler: follower responses appendEntries COMPLETED
2022-08-09 13:51:15,257 [grpc-default-executor-5] INFO  leader.FollowerInfo (FollowerInfoImpl.java:lambda$new$0(48)) - 6ff5905d-960c-4bc6-8c78-bddfc36801e9@group-1B8CAAFB04FE->8852ae54-4ed3-4d1d-b462-9046b334363d: nextIndex: updateUnconditionally 15 -> 14
2022-08-09 13:51:15,257 [grpc-default-executor-4] INFO  server.GrpcLogAppender (GrpcLogAppender.java:onCompleted(339)) - 6ff5905d-960c-4bc6-8c78-bddfc36801e9@group-1B8CAAFB04FE->eda375c3-f1b4-45e6-ba42-67ae65a4fd55-AppendLogResponseHandler: follower responses appendEntries COMPLETED
2022-08-09 13:51:15,257 [grpc-default-executor-4] INFO  leader.FollowerInfo (FollowerInfoImpl.java:lambda$new$0(48)) - 6ff5905d-960c-4bc6-8c78-bddfc36801e9@group-1B8CAAFB04FE->eda375c3-f1b4-45e6-ba42-67ae65a4fd55: nextIndex: updateUnconditionally 15 -> 14
2022-08-09 13:51:15,258 [6ff5905d-960c-4bc6-8c78-bddfc36801e9@group-1B8CAAFB04FE-StateMachineUpdater] INFO  ratis.ContainerStateMachine (ContainerStateMachine.java:takeSnapshot(315)) - group-1B8CAAFB04FE: Finished taking a snapshot at:(t:2, i:14) file:/home/runner/work/ozone/ozone/hadoop-ozone/integration-test/target/test-dir/MiniOzoneClusterImpl-a5f63cd0-adde-411c-a334-77d0cb0a7b46/datanode-1/data/ratis/921b1cfc-b433-497a-8f83-1b8caafb04fe/sm/snapshot.2_14 took: 9 ms
2022-08-09 13:51:15,256 [8852ae54-4ed3-4d1d-b462-9046b334363d@group-1B8CAAFB04FE-StateMachineUpdater] INFO  ratis.ContainerStateMachine (ContainerStateMachine.java:takeSnapshot(304)) - group-1B8CAAFB04FE: Taking a snapshot at:(t:2, i:14) file /home/runner/work/ozone/ozone/hadoop-ozone/integration-test/target/test-dir/MiniOzoneClusterImpl-a5f63cd0-adde-411c-a334-77d0cb0a7b46/datanode-2/data/ratis/921b1cfc-b433-497a-8f83-1b8caafb04fe/sm/snapshot.2_14
2022-08-09 13:51:15,261 [8852ae54-4ed3-4d1d-b462-9046b334363d@group-1B8CAAFB04FE-StateMachineUpdater] INFO  ratis.ContainerStateMachine (ContainerStateMachine.java:takeSnapshot(315)) - group-1B8CAAFB04FE: Finished taking a snapshot at:(t:2, i:14) file:/home/runner/work/ozone/ozone/hadoop-ozone/integration-test/target/test-dir/MiniOzoneClusterImpl-a5f63cd0-adde-411c-a334-77d0cb0a7b46/datanode-2/data/ratis/921b1cfc-b433-497a-8f83-1b8caafb04fe/sm/snapshot.2_14 took: 5 ms
2022-08-09 13:51:15,285 [8852ae54-4ed3-4d1d-b462-9046b334363d@group-1B8CAAFB04FE-StateMachineUpdater] INFO  impl.StateMachineUpdater (StateMachineUpdater.java:takeSnapshot(287)) - 8852ae54-4ed3-4d1d-b462-9046b334363d@group-1B8CAAFB04FE-StateMachineUpdater: Took a snapshot at index 14
2022-08-09 13:51:15,285 [8852ae54-4ed3-4d1d-b462-9046b334363d@group-1B8CAAFB04FE-StateMachineUpdater] INFO  impl.StateMachineUpdater (StateMachineUpdater.java:lambda$new$0(92)) - 8852ae54-4ed3-4d1d-b462-9046b334363d@group-1B8CAAFB04FE-StateMachineUpdater: snapshotIndex: updateIncreasingly -1 -> 14
2022-08-09 13:51:15,286 [Listener at 127.0.0.1/45023] INFO  server.RaftServer$Division (ServerState.java:close(429)) - 8852ae54-4ed3-4d1d-b462-9046b334363d@group-1B8CAAFB04FE: closes. applyIndex: 14
2022-08-09 13:51:15,286 [8852ae54-4ed3-4d1d-b462-9046b334363d@group-1B8CAAFB04FE-SegmentedRaftLogWorker] INFO  segmented.SegmentedRaftLogWorker (SegmentedRaftLogWorker.java:run(336)) - 8852ae54-4ed3-4d1d-b462-9046b334363d@group-1B8CAAFB04FE-SegmentedRaftLogWorker was interrupted, exiting. There are 0 tasks remaining in the queue.
2022-08-09 13:51:15,286 [Listener at 127.0.0.1/45023] INFO  segmented.SegmentedRaftLogWorker (SegmentedRaftLogWorker.java:close(246)) - 8852ae54-4ed3-4d1d-b462-9046b334363d@group-1B8CAAFB04FE-SegmentedRaftLogWorker close()
2022-08-09 13:51:15,286 [6ff5905d-960c-4bc6-8c78-bddfc36801e9@group-1B8CAAFB04FE-StateMachineUpdater] INFO  impl.StateMachineUpdater (StateMachineUpdater.java:takeSnapshot(287)) - 6ff5905d-960c-4bc6-8c78-bddfc36801e9@group-1B8CAAFB04FE-StateMachineUpdater: Took a snapshot at index 14
2022-08-09 13:51:15,287 [6ff5905d-960c-4bc6-8c78-bddfc36801e9@group-1B8CAAFB04FE-StateMachineUpdater] INFO  impl.StateMachineUpdater (StateMachineUpdater.java:lambda$new$0(92)) - 6ff5905d-960c-4bc6-8c78-bddfc36801e9@group-1B8CAAFB04FE-StateMachineUpdater: snapshotIndex: updateIncreasingly -1 -> 14
2022-08-09 13:51:15,289 [ForkJoinPool.commonPool-worker-0] INFO  server.RaftServer$Division (ServerState.java:close(429)) - 6ff5905d-960c-4bc6-8c78-bddfc36801e9@group-1B8CAAFB04FE: closes. applyIndex: 14
2022-08-09 13:51:15,289 [6ff5905d-960c-4bc6-8c78-bddfc36801e9@group-1B8CAAFB04FE-SegmentedRaftLogWorker] INFO  segmented.SegmentedRaftLogWorker (SegmentedRaftLogWorker.java:run(336)) - 6ff5905d-960c-4bc6-8c78-bddfc36801e9@group-1B8CAAFB04FE-SegmentedRaftLogWorker was interrupted, exiting. There are 0 tasks remaining in the queue.
2022-08-09 13:51:15,289 [ForkJoinPool.commonPool-worker-0] INFO  segmented.SegmentedRaftLogWorker (SegmentedRaftLogWorker.java:close(246)) - 6ff5905d-960c-4bc6-8c78-bddfc36801e9@group-1B8CAAFB04FE-SegmentedRaftLogWorker close()
2022-08-09 13:51:15,294 [Listener at 127.0.0.1/45023] INFO  server.RaftServer$Division (RaftServerImpl.java:lambda$close$4(434)) - 8852ae54-4ed3-4d1d-b462-9046b334363d@group-0EC1FDF9C42E: shutdown
2022-08-09 13:51:15,294 [Listener at 127.0.0.1/45023] INFO  util.JmxRegister (JmxRegister.java:unregister(73)) - Successfully un-registered JMX Bean with object name Ratis:service=RaftServer,group=group-0EC1FDF9C42E,id=8852ae54-4ed3-4d1d-b462-9046b334363d
2022-08-09 13:51:15,294 [Listener at 127.0.0.1/45023] INFO  impl.RoleInfo (RoleInfo.java:shutdownLeaderState(93)) - 8852ae54-4ed3-4d1d-b462-9046b334363d: shutdown 8852ae54-4ed3-4d1d-b462-9046b334363d@group-0EC1FDF9C42E-LeaderStateImpl
2022-08-09 13:51:15,294 [Listener at 127.0.0.1/45023] INFO  impl.PendingRequests (PendingRequests.java:sendNotLeaderResponses(282)) - 8852ae54-4ed3-4d1d-b462-9046b334363d@group-0EC1FDF9C42E-PendingRequests: sendNotLeaderResponses
2022-08-09 13:51:15,295 [8852ae54-4ed3-4d1d-b462-9046b334363d@group-0EC1FDF9C42E->eda375c3-f1b4-45e6-ba42-67ae65a4fd55-GrpcLogAppender-LogAppenderDaemon] WARN  server.GrpcLogAppender (GrpcLogAppender.java:mayWait(171)) - 8852ae54-4ed3-4d1d-b462-9046b334363d@group-0EC1FDF9C42E->eda375c3-f1b4-45e6-ba42-67ae65a4fd55-GrpcLogAppender: Wait interrupted by java.lang.InterruptedException
2022-08-09 13:51:15,316 [8852ae54-4ed3-4d1d-b462-9046b334363d@group-0EC1FDF9C42E->6ff5905d-960c-4bc6-8c78-bddfc36801e9-GrpcLogAppender-LogAppenderDaemon] WARN  server.GrpcLogAppender (GrpcLogAppender.java:mayWait(171)) - 8852ae54-4ed3-4d1d-b462-9046b334363d@group-0EC1FDF9C42E->6ff5905d-960c-4bc6-8c78-bddfc36801e9-GrpcLogAppender: Wait interrupted by java.lang.InterruptedException
2022-08-09 13:51:15,317 [grpc-default-executor-4] INFO  server.GrpcServerProtocolService (GrpcServerProtocolService.java:onCompleted(140)) - 6ff5905d-960c-4bc6-8c78-bddfc36801e9: Completed APPEND_ENTRIES, lastRequest: 8852ae54-4ed3-4d1d-b462-9046b334363d->6ff5905d-960c-4bc6-8c78-bddfc36801e9#654-t2,previous=(t:2, i:34),leaderCommit=33,initializing? true,entries: size=1, first=(t:2, i:35), METADATAENTRY(c:33)
2022-08-09 13:51:15,318 [grpc-default-executor-5] INFO  server.GrpcServerProtocolService (GrpcServerProtocolService.java:onCompleted(140)) - eda375c3-f1b4-45e6-ba42-67ae65a4fd55: Completed APPEND_ENTRIES, lastRequest: 8852ae54-4ed3-4d1d-b462-9046b334363d->eda375c3-f1b4-45e6-ba42-67ae65a4fd55#635-t2,previous=(t:2, i:34),leaderCommit=33,initializing? true,entries: size=1, first=(t:2, i:35), METADATAENTRY(c:33)
2022-08-09 13:51:15,318 [ForkJoinPool.commonPool-worker-0] INFO  server.RaftServer$Division (RaftServerImpl.java:lambda$close$4(434)) - 6ff5905d-960c-4bc6-8c78-bddfc36801e9@group-0EC1FDF9C42E: shutdown
2022-08-09 13:51:15,318 [ForkJoinPool.commonPool-worker-0] INFO  util.JmxRegister (JmxRegister.java:unregister(73)) - Successfully un-registered JMX Bean with object name Ratis:service=RaftServer,group=group-0EC1FDF9C42E,id=6ff5905d-960c-4bc6-8c78-bddfc36801e9
2022-08-09 13:51:15,318 [ForkJoinPool.commonPool-worker-0] INFO  impl.RoleInfo (RoleInfo.java:shutdownFollowerState(110)) - 6ff5905d-960c-4bc6-8c78-bddfc36801e9: shutdown 6ff5905d-960c-4bc6-8c78-bddfc36801e9@group-0EC1FDF9C42E-FollowerState
2022-08-09 13:51:15,318 [ForkJoinPool.commonPool-worker-0] INFO  impl.StateMachineUpdater (StateMachineUpdater.java:stopAndJoin(153)) - 6ff5905d-960c-4bc6-8c78-bddfc36801e9@group-0EC1FDF9C42E-StateMachineUpdater: set stopIndex = 35
2022-08-09 13:51:15,319 [6ff5905d-960c-4bc6-8c78-bddfc36801e9@group-0EC1FDF9C42E-FollowerState] INFO  impl.FollowerState (FollowerState.java:run(152)) - 6ff5905d-960c-4bc6-8c78-bddfc36801e9@group-0EC1FDF9C42E-FollowerState was interrupted
2022-08-09 13:51:15,320 [6ff5905d-960c-4bc6-8c78-bddfc36801e9@group-0EC1FDF9C42E-StateMachineUpdater] INFO  ratis.ContainerStateMachine (ContainerStateMachine.java:takeSnapshot(304)) - group-0EC1FDF9C42E: Taking a snapshot at:(t:2, i:35) file /home/runner/work/ozone/ozone/hadoop-ozone/integration-test/target/test-dir/MiniOzoneClusterImpl-a5f63cd0-adde-411c-a334-77d0cb0a7b46/datanode-1/data/ratis/80449312-e5e7-4c5b-be18-0ec1fdf9c42e/sm/snapshot.2_35
2022-08-09 13:51:15,321 [grpc-default-executor-1] INFO  server.GrpcLogAppender (GrpcLogAppender.java:onCompleted(339)) - 8852ae54-4ed3-4d1d-b462-9046b334363d@group-0EC1FDF9C42E->6ff5905d-960c-4bc6-8c78-bddfc36801e9-AppendLogResponseHandler: follower responses appendEntries COMPLETED
2022-08-09 13:51:15,321 [grpc-default-executor-1] INFO  leader.FollowerInfo (FollowerInfoImpl.java:lambda$new$0(48)) - 8852ae54-4ed3-4d1d-b462-9046b334363d@group-0EC1FDF9C42E->6ff5905d-960c-4bc6-8c78-bddfc36801e9: nextIndex: updateUnconditionally 36 -> 35
2022-08-09 13:51:15,322 [grpc-default-executor-5] INFO  server.GrpcLogAppender (GrpcLogAppender.java:onCompleted(339)) - 8852ae54-4ed3-4d1d-b462-9046b334363d@group-0EC1FDF9C42E->eda375c3-f1b4-45e6-ba42-67ae65a4fd55-AppendLogResponseHandler: follower responses appendEntries COMPLETED
2022-08-09 13:51:15,322 [grpc-default-executor-5] INFO  leader.FollowerInfo (FollowerInfoImpl.java:lambda$new$0(48)) - 8852ae54-4ed3-4d1d-b462-9046b334363d@group-0EC1FDF9C42E->eda375c3-f1b4-45e6-ba42-67ae65a4fd55: nextIndex: updateUnconditionally 36 -> 35
2022-08-09 13:51:15,322 [6ff5905d-960c-4bc6-8c78-bddfc36801e9@group-0EC1FDF9C42E-StateMachineUpdater] INFO  ratis.ContainerStateMachine (ContainerStateMachine.java:takeSnapshot(315)) - group-0EC1FDF9C42E: Finished taking a snapshot at:(t:2, i:35) file:/home/runner/work/ozone/ozone/hadoop-ozone/integration-test/target/test-dir/MiniOzoneClusterImpl-a5f63cd0-adde-411c-a334-77d0cb0a7b46/datanode-1/data/ratis/80449312-e5e7-4c5b-be18-0ec1fdf9c42e/sm/snapshot.2_35 took: 1 ms
2022-08-09 13:51:15,322 [6ff5905d-960c-4bc6-8c78-bddfc36801e9@group-0EC1FDF9C42E-StateMachineUpdater] INFO  impl.StateMachineUpdater (StateMachineUpdater.java:takeSnapshot(287)) - 6ff5905d-960c-4bc6-8c78-bddfc36801e9@group-0EC1FDF9C42E-StateMachineUpdater: Took a snapshot at index 35
2022-08-09 13:51:15,322 [6ff5905d-960c-4bc6-8c78-bddfc36801e9@group-0EC1FDF9C42E-StateMachineUpdater] INFO  impl.StateMachineUpdater (StateMachineUpdater.java:lambda$new$0(92)) - 6ff5905d-960c-4bc6-8c78-bddfc36801e9@group-0EC1FDF9C42E-StateMachineUpdater: snapshotIndex: updateIncreasingly -1 -> 35
2022-08-09 13:51:15,325 [ForkJoinPool.commonPool-worker-0] INFO  server.RaftServer$Division (ServerState.java:close(429)) - 6ff5905d-960c-4bc6-8c78-bddfc36801e9@group-0EC1FDF9C42E: closes. applyIndex: 35
2022-08-09 13:51:15,325 [6ff5905d-960c-4bc6-8c78-bddfc36801e9@group-0EC1FDF9C42E-SegmentedRaftLogWorker] INFO  segmented.SegmentedRaftLogWorker (SegmentedRaftLogWorker.java:run(336)) - 6ff5905d-960c-4bc6-8c78-bddfc36801e9@group-0EC1FDF9C42E-SegmentedRaftLogWorker was interrupted, exiting. There are 0 tasks remaining in the queue.
2022-08-09 13:51:15,329 [ForkJoinPool.commonPool-worker-0] INFO  segmented.SegmentedRaftLogWorker (SegmentedRaftLogWorker.java:close(246)) - 6ff5905d-960c-4bc6-8c78-bddfc36801e9@group-0EC1FDF9C42E-SegmentedRaftLogWorker close()
2022-08-09 13:51:15,396 [ForkJoinPool.commonPool-worker-0] INFO  server.RaftServer$Division (RaftServerImpl.java:lambda$close$4(434)) - 6ff5905d-960c-4bc6-8c78-bddfc36801e9@group-D82734D27A13: shutdown
2022-08-09 13:51:15,396 [ForkJoinPool.commonPool-worker-0] INFO  util.JmxRegister (JmxRegister.java:unregister(73)) - Successfully un-registered JMX Bean with object name Ratis:service=RaftServer,group=group-D82734D27A13,id=6ff5905d-960c-4bc6-8c78-bddfc36801e9
2022-08-09 13:51:15,396 [ForkJoinPool.commonPool-worker-0] INFO  impl.RoleInfo (RoleInfo.java:shutdownLeaderState(93)) - 6ff5905d-960c-4bc6-8c78-bddfc36801e9: shutdown 6ff5905d-960c-4bc6-8c78-bddfc36801e9@group-D82734D27A13-LeaderStateImpl
2022-08-09 13:51:15,396 [ForkJoinPool.commonPool-worker-0] INFO  impl.PendingRequests (PendingRequests.java:sendNotLeaderResponses(282)) - 6ff5905d-960c-4bc6-8c78-bddfc36801e9@group-D82734D27A13-PendingRequests: sendNotLeaderResponses
2022-08-09 13:51:15,397 [ForkJoinPool.commonPool-worker-0] INFO  impl.StateMachineUpdater (StateMachineUpdater.java:stopAndJoin(153)) - 6ff5905d-960c-4bc6-8c78-bddfc36801e9@group-D82734D27A13-StateMachineUpdater: set stopIndex = 0
2022-08-09 13:51:15,397 [6ff5905d-960c-4bc6-8c78-bddfc36801e9@group-D82734D27A13-StateMachineUpdater] INFO  ratis.ContainerStateMachine (ContainerStateMachine.java:takeSnapshot(304)) - group-D82734D27A13: Taking a snapshot at:(t:1, i:0) file /home/runner/work/ozone/ozone/hadoop-ozone/integration-test/target/test-dir/MiniOzoneClusterImpl-a5f63cd0-adde-411c-a334-77d0cb0a7b46/datanode-1/data/ratis/0928fd30-caf0-4a63-b093-d82734d27a13/sm/snapshot.1_0
2022-08-09 13:51:15,397 [Listener at 127.0.0.1/45023] INFO  impl.StateMachineUpdater (StateMachineUpdater.java:stopAndJoin(153)) - 8852ae54-4ed3-4d1d-b462-9046b334363d@group-0EC1FDF9C42E-StateMachineUpdater: set stopIndex = 35
2022-08-09 13:51:15,398 [6ff5905d-960c-4bc6-8c78-bddfc36801e9@group-D82734D27A13-StateMachineUpdater] INFO  ratis.ContainerStateMachine (ContainerStateMachine.java:takeSnapshot(315)) - group-D82734D27A13: Finished taking a snapshot at:(t:1, i:0) file:/home/runner/work/ozone/ozone/hadoop-ozone/integration-test/target/test-dir/MiniOzoneClusterImpl-a5f63cd0-adde-411c-a334-77d0cb0a7b46/datanode-1/data/ratis/0928fd30-caf0-4a63-b093-d82734d27a13/sm/snapshot.1_0 took: 1 ms
2022-08-09 13:51:15,398 [6ff5905d-960c-4bc6-8c78-bddfc36801e9@group-D82734D27A13-StateMachineUpdater] INFO  impl.StateMachineUpdater (StateMachineUpdater.java:takeSnapshot(287)) - 6ff5905d-960c-4bc6-8c78-bddfc36801e9@group-D82734D27A13-StateMachineUpdater: Took a snapshot at index 0
2022-08-09 13:51:15,398 [8852ae54-4ed3-4d1d-b462-9046b334363d@group-0EC1FDF9C42E-StateMachineUpdater] INFO  ratis.ContainerStateMachine (ContainerStateMachine.java:takeSnapshot(304)) - group-0EC1FDF9C42E: Taking a snapshot at:(t:2, i:35) file /home/runner/work/ozone/ozone/hadoop-ozone/integration-test/target/test-dir/MiniOzoneClusterImpl-a5f63cd0-adde-411c-a334-77d0cb0a7b46/datanode-2/data/ratis/80449312-e5e7-4c5b-be18-0ec1fdf9c42e/sm/snapshot.2_35
2022-08-09 13:51:15,398 [6ff5905d-960c-4bc6-8c78-bddfc36801e9@group-D82734D27A13-StateMachineUpdater] INFO  impl.StateMachineUpdater (StateMachineUpdater.java:lambda$new$0(92)) - 6ff5905d-960c-4bc6-8c78-bddfc36801e9@group-D82734D27A13-StateMachineUpdater: snapshotIndex: updateIncreasingly -1 -> 0
2022-08-09 13:51:15,398 [ForkJoinPool.commonPool-worker-0] INFO  server.RaftServer$Division (ServerState.java:close(429)) - 6ff5905d-960c-4bc6-8c78-bddfc36801e9@group-D82734D27A13: closes. applyIndex: 0
2022-08-09 13:51:15,399 [6ff5905d-960c-4bc6-8c78-bddfc36801e9@group-D82734D27A13-SegmentedRaftLogWorker] INFO  segmented.SegmentedRaftLogWorker (SegmentedRaftLogWorker.java:run(336)) - 6ff5905d-960c-4bc6-8c78-bddfc36801e9@group-D82734D27A13-SegmentedRaftLogWorker was interrupted, exiting. There are 0 tasks remaining in the queue.
2022-08-09 13:51:15,399 [ForkJoinPool.commonPool-worker-0] INFO  segmented.SegmentedRaftLogWorker (SegmentedRaftLogWorker.java:close(246)) - 6ff5905d-960c-4bc6-8c78-bddfc36801e9@group-D82734D27A13-SegmentedRaftLogWorker close()
2022-08-09 13:51:15,399 [8852ae54-4ed3-4d1d-b462-9046b334363d@group-0EC1FDF9C42E-StateMachineUpdater] INFO  ratis.ContainerStateMachine (ContainerStateMachine.java:takeSnapshot(315)) - group-0EC1FDF9C42E: Finished taking a snapshot at:(t:2, i:35) file:/home/runner/work/ozone/ozone/hadoop-ozone/integration-test/target/test-dir/MiniOzoneClusterImpl-a5f63cd0-adde-411c-a334-77d0cb0a7b46/datanode-2/data/ratis/80449312-e5e7-4c5b-be18-0ec1fdf9c42e/sm/snapshot.2_35 took: 1 ms
2022-08-09 13:51:15,399 [8852ae54-4ed3-4d1d-b462-9046b334363d@group-0EC1FDF9C42E-StateMachineUpdater] INFO  impl.StateMachineUpdater (StateMachineUpdater.java:takeSnapshot(287)) - 8852ae54-4ed3-4d1d-b462-9046b334363d@group-0EC1FDF9C42E-StateMachineUpdater: Took a snapshot at index 35
2022-08-09 13:51:15,399 [8852ae54-4ed3-4d1d-b462-9046b334363d@group-0EC1FDF9C42E-StateMachineUpdater] INFO  impl.StateMachineUpdater (StateMachineUpdater.java:lambda$new$0(92)) - 8852ae54-4ed3-4d1d-b462-9046b334363d@group-0EC1FDF9C42E-StateMachineUpdater: snapshotIndex: updateIncreasingly -1 -> 35
2022-08-09 13:51:15,400 [Listener at 127.0.0.1/45023] INFO  server.RaftServer$Division (ServerState.java:close(429)) - 8852ae54-4ed3-4d1d-b462-9046b334363d@group-0EC1FDF9C42E: closes. applyIndex: 35
2022-08-09 13:51:15,400 [8852ae54-4ed3-4d1d-b462-9046b334363d@group-0EC1FDF9C42E-SegmentedRaftLogWorker] INFO  segmented.SegmentedRaftLogWorker (SegmentedRaftLogWorker.java:run(336)) - 8852ae54-4ed3-4d1d-b462-9046b334363d@group-0EC1FDF9C42E-SegmentedRaftLogWorker was interrupted, exiting. There are 0 tasks remaining in the queue.
2022-08-09 13:51:15,400 [Listener at 127.0.0.1/45023] INFO  segmented.SegmentedRaftLogWorker (SegmentedRaftLogWorker.java:close(246)) - 8852ae54-4ed3-4d1d-b462-9046b334363d@group-0EC1FDF9C42E-SegmentedRaftLogWorker close()
2022-08-09 13:51:15,409 [ForkJoinPool.commonPool-worker-0] INFO  server.GrpcService (GrpcService.java:closeImpl(269)) - 6ff5905d-960c-4bc6-8c78-bddfc36801e9: shutdown server with port 41329 now
2022-08-09 13:51:15,409 [Listener at 127.0.0.1/45023] INFO  server.RaftServer$Division (RaftServerImpl.java:lambda$close$4(434)) - 8852ae54-4ed3-4d1d-b462-9046b334363d@group-100714E6300F: shutdown
2022-08-09 13:51:15,410 [Listener at 127.0.0.1/45023] INFO  util.JmxRegister (JmxRegister.java:unregister(73)) - Successfully un-registered JMX Bean with object name Ratis:service=RaftServer,group=group-100714E6300F,id=8852ae54-4ed3-4d1d-b462-9046b334363d
2022-08-09 13:51:15,410 [Listener at 127.0.0.1/45023] INFO  impl.RoleInfo (RoleInfo.java:shutdownLeaderState(93)) - 8852ae54-4ed3-4d1d-b462-9046b334363d: shutdown 8852ae54-4ed3-4d1d-b462-9046b334363d@group-100714E6300F-LeaderStateImpl
2022-08-09 13:51:15,410 [Listener at 127.0.0.1/45023] INFO  impl.PendingRequests (PendingRequests.java:sendNotLeaderResponses(282)) - 8852ae54-4ed3-4d1d-b462-9046b334363d@group-100714E6300F-PendingRequests: sendNotLeaderResponses
2022-08-09 13:51:15,410 [Listener at 127.0.0.1/45023] INFO  impl.StateMachineUpdater (StateMachineUpdater.java:stopAndJoin(153)) - 8852ae54-4ed3-4d1d-b462-9046b334363d@group-100714E6300F-StateMachineUpdater: set stopIndex = 0
2022-08-09 13:51:15,411 [8852ae54-4ed3-4d1d-b462-9046b334363d@group-100714E6300F-StateMachineUpdater] INFO  ratis.ContainerStateMachine (ContainerStateMachine.java:takeSnapshot(304)) - group-100714E6300F: Taking a snapshot at:(t:1, i:0) file /home/runner/work/ozone/ozone/hadoop-ozone/integration-test/target/test-dir/MiniOzoneClusterImpl-a5f63cd0-adde-411c-a334-77d0cb0a7b46/datanode-2/data/ratis/00728c01-1287-4503-a98c-100714e6300f/sm/snapshot.1_0
2022-08-09 13:51:15,419 [grpc-default-executor-4] WARN  server.GrpcClientProtocolService (LogUtils.java:warn(122)) - 1-UnorderedRequestStreamObserver1: onError: org.apache.ratis.thirdparty.io.grpc.StatusRuntimeException: CANCELLED: client cancelled
2022-08-09 13:51:15,444 [8852ae54-4ed3-4d1d-b462-9046b334363d@group-100714E6300F-StateMachineUpdater] INFO  ratis.ContainerStateMachine (ContainerStateMachine.java:takeSnapshot(315)) - group-100714E6300F: Finished taking a snapshot at:(t:1, i:0) file:/home/runner/work/ozone/ozone/hadoop-ozone/integration-test/target/test-dir/MiniOzoneClusterImpl-a5f63cd0-adde-411c-a334-77d0cb0a7b46/datanode-2/data/ratis/00728c01-1287-4503-a98c-100714e6300f/sm/snapshot.1_0 took: 33 ms
2022-08-09 13:51:15,444 [8852ae54-4ed3-4d1d-b462-9046b334363d@group-100714E6300F-StateMachineUpdater] INFO  impl.StateMachineUpdater (StateMachineUpdater.java:takeSnapshot(287)) - 8852ae54-4ed3-4d1d-b462-9046b334363d@group-100714E6300F-StateMachineUpdater: Took a snapshot at index 0
2022-08-09 13:51:15,444 [8852ae54-4ed3-4d1d-b462-9046b334363d@group-100714E6300F-StateMachineUpdater] INFO  impl.StateMachineUpdater (StateMachineUpdater.java:lambda$new$0(92)) - 8852ae54-4ed3-4d1d-b462-9046b334363d@group-100714E6300F-StateMachineUpdater: snapshotIndex: updateIncreasingly -1 -> 0
2022-08-09 13:51:15,444 [Listener at 127.0.0.1/45023] INFO  server.RaftServer$Division (ServerState.java:close(429)) - 8852ae54-4ed3-4d1d-b462-9046b334363d@group-100714E6300F: closes. applyIndex: 0
2022-08-09 13:51:15,444 [8852ae54-4ed3-4d1d-b462-9046b334363d@group-100714E6300F-SegmentedRaftLogWorker] INFO  segmented.SegmentedRaftLogWorker (SegmentedRaftLogWorker.java:run(336)) - 8852ae54-4ed3-4d1d-b462-9046b334363d@group-100714E6300F-SegmentedRaftLogWorker was interrupted, exiting. There are 0 tasks remaining in the queue.
2022-08-09 13:51:15,445 [Listener at 127.0.0.1/45023] INFO  segmented.SegmentedRaftLogWorker (SegmentedRaftLogWorker.java:close(246)) - 8852ae54-4ed3-4d1d-b462-9046b334363d@group-100714E6300F-SegmentedRaftLogWorker close()
2022-08-09 13:51:15,485 [Listener at 127.0.0.1/45023] INFO  server.GrpcService (GrpcService.java:closeImpl(269)) - 8852ae54-4ed3-4d1d-b462-9046b334363d: shutdown server with port 36749 now
2022-08-09 13:51:15,512 [grpc-default-executor-1] WARN  server.GrpcClientProtocolService (LogUtils.java:warn(122)) - 1-UnorderedRequestStreamObserver1: onError: org.apache.ratis.thirdparty.io.grpc.StatusRuntimeException: CANCELLED: client cancelled
2022-08-09 13:51:15,529 [Listener at 127.0.0.1/45023] INFO  server.GrpcService (GrpcService.java:closeImpl(278)) - 8852ae54-4ed3-4d1d-b462-9046b334363d: shutdown server with port 36749 successfully
2022-08-09 13:51:15,529 [org.apache.ratis.util.JvmPauseMonitor$$Lambda$615/629946574@f1b9c3c] INFO  util.JvmPauseMonitor (JvmPauseMonitor.java:run(109)) - JvmPauseMonitor-8852ae54-4ed3-4d1d-b462-9046b334363d: Stopped
2022-08-09 13:51:15,530 [ForkJoinPool.commonPool-worker-0] INFO  server.GrpcService (GrpcService.java:closeImpl(278)) - 6ff5905d-960c-4bc6-8c78-bddfc36801e9: shutdown server with port 41329 successfully
2022-08-09 13:51:15,549 [org.apache.ratis.util.JvmPauseMonitor$$Lambda$615/629946574@1e18f824] INFO  util.JvmPauseMonitor (JvmPauseMonitor.java:run(109)) - JvmPauseMonitor-6ff5905d-960c-4bc6-8c78-bddfc36801e9: Stopped
2022-08-09 13:51:17,295 [UnderReplicatedQueueThreadThread] INFO  replication.UnderReplicatedProcessor (UnderReplicatedProcessor.java:processAll(85)) - Processed 0 under replicated containers, failed processing 0
2022-08-09 13:51:17,296 [OverReplicatedQueueThreadThread] INFO  replication.OverReplicatedProcessor (OverReplicatedProcessor.java:processAll(83)) - Processed 0 over replicated containers, failed processing 0
2022-08-09 13:51:17,614 [Listener at 127.0.0.1/45023] INFO  utils.BackgroundService (BackgroundService.java:shutdown(141)) - Shutting down service BlockDeletingService
2022-08-09 13:51:17,617 [ForkJoinPool.commonPool-worker-0] INFO  utils.BackgroundService (BackgroundService.java:shutdown(141)) - Shutting down service BlockDeletingService
2022-08-09 13:51:17,617 [ForkJoinPool.commonPool-worker-0] INFO  utils.BackgroundService (BackgroundService.java:shutdown(141)) - Shutting down service StaleRecoveringContainerScrubbingService
2022-08-09 13:51:17,618 [Listener at 127.0.0.1/45023] INFO  utils.BackgroundService (BackgroundService.java:shutdown(141)) - Shutting down service StaleRecoveringContainerScrubbingService
2022-08-09 13:51:19,881 [Finalizer] WARN  managed.ManagedRocksObjectUtils (ManagedRocksObjectUtils.java:assertClosed(39)) - Checkpoint is not closed properly
2022-08-09 13:51:19,881 [Finalizer] WARN  managed.ManagedRocksObjectUtils (ManagedRocksObjectUtils.java:assertClosed(39)) - Checkpoint is not closed properly
2022-08-09 13:51:19,881 [Finalizer] WARN  managed.ManagedRocksObjectUtils (ManagedRocksObjectUtils.java:assertClosed(39)) - Checkpoint is not closed properly
2022-08-09 13:51:19,881 [Finalizer] WARN  managed.ManagedRocksObjectUtils (ManagedRocksObjectUtils.java:assertClosed(39)) - Checkpoint is not closed properly
2022-08-09 13:51:19,881 [Finalizer] WARN  managed.ManagedRocksObjectUtils (ManagedRocksObjectUtils.java:assertClosed(39)) - Checkpoint is not closed properly
2022-08-09 13:51:19,881 [Finalizer] WARN  managed.ManagedRocksObjectUtils (ManagedRocksObjectUtils.java:assertClosed(39)) - Checkpoint is not closed properly
2022-08-09 13:51:19,881 [Finalizer] WARN  managed.ManagedRocksObjectUtils (ManagedRocksObjectUtils.java:assertClosed(39)) - Checkpoint is not closed properly
2022-08-09 13:51:19,881 [Finalizer] WARN  managed.ManagedRocksObjectUtils (ManagedRocksObjectUtils.java:assertClosed(39)) - Checkpoint is not closed properly
2022-08-09 13:51:19,881 [Finalizer] WARN  managed.ManagedRocksObjectUtils (ManagedRocksObjectUtils.java:assertClosed(39)) - Checkpoint is not closed properly
2022-08-09 13:51:19,881 [Finalizer] WARN  managed.ManagedRocksObjectUtils (ManagedRocksObjectUtils.java:assertClosed(39)) - Checkpoint is not closed properly
2022-08-09 13:51:19,881 [Finalizer] WARN  managed.ManagedRocksObjectUtils (ManagedRocksObjectUtils.java:assertClosed(39)) - Checkpoint is not closed properly
2022-08-09 13:51:19,881 [Finalizer] WARN  managed.ManagedRocksObjectUtils (ManagedRocksObjectUtils.java:assertClosed(39)) - Checkpoint is not closed properly
2022-08-09 13:51:19,881 [Finalizer] WARN  managed.ManagedRocksObjectUtils (ManagedRocksObjectUtils.java:assertClosed(39)) - Checkpoint is not closed properly
2022-08-09 13:51:19,881 [Finalizer] WARN  managed.ManagedRocksObjectUtils (ManagedRocksObjectUtils.java:assertClosed(39)) - Checkpoint is not closed properly
2022-08-09 13:51:19,882 [Finalizer] WARN  managed.ManagedRocksObjectUtils (ManagedRocksObjectUtils.java:assertClosed(39)) - Checkpoint is not closed properly
2022-08-09 13:51:19,882 [Finalizer] WARN  managed.ManagedRocksObjectUtils (ManagedRocksObjectUtils.java:assertClosed(39)) - Checkpoint is not closed properly
2022-08-09 13:51:19,882 [Finalizer] WARN  managed.ManagedRocksObjectUtils (ManagedRocksObjectUtils.java:assertClosed(39)) - Checkpoint is not closed properly
2022-08-09 13:51:20,659 [ForkJoinPool.commonPool-worker-0] INFO  statemachine.DatanodeStateMachine (DatanodeStateMachine.java:stopDaemon(580)) - Ozone container server stopped.
2022-08-09 13:51:20,666 [Listener at 127.0.0.1/45023] INFO  statemachine.DatanodeStateMachine (DatanodeStateMachine.java:stopDaemon(580)) - Ozone container server stopped.
2022-08-09 13:51:20,673 [Listener at 127.0.0.1/45023] INFO  handler.ContextHandler (ContextHandler.java:doStop(1153)) - Stopped o.e.j.w.WebAppContext@7cb86c78{hddsDatanode,/,null,STOPPED}{jar:file:/home/runner/.m2/repository/org/apache/ozone/hdds-container-service/1.3.0-SNAPSHOT/hdds-container-service-1.3.0-SNAPSHOT.jar!/webapps/hddsDatanode}
2022-08-09 13:51:20,744 [ForkJoinPool.commonPool-worker-0] INFO  handler.ContextHandler (ContextHandler.java:doStop(1153)) - Stopped o.e.j.w.WebAppContext@64bfcb1f{hddsDatanode,/,null,STOPPED}{jar:file:/home/runner/.m2/repository/org/apache/ozone/hdds-container-service/1.3.0-SNAPSHOT/hdds-container-service-1.3.0-SNAPSHOT.jar!/webapps/hddsDatanode}
2022-08-09 13:51:20,746 [Listener at 127.0.0.1/45023] INFO  server.AbstractConnector (AbstractConnector.java:doStop(381)) - Stopped ServerConnector@66dbfa89{HTTP/1.1, (http/1.1)}{0.0.0.0:0}
2022-08-09 13:51:20,746 [Listener at 127.0.0.1/45023] INFO  server.session (HouseKeeper.java:stopScavenging(149)) - node0 Stopped scavenging
2022-08-09 13:51:20,746 [ForkJoinPool.commonPool-worker-0] INFO  server.AbstractConnector (AbstractConnector.java:doStop(381)) - Stopped ServerConnector@60b929b2{HTTP/1.1, (http/1.1)}{0.0.0.0:0}
2022-08-09 13:51:20,746 [ForkJoinPool.commonPool-worker-0] INFO  server.session (HouseKeeper.java:stopScavenging(149)) - node0 Stopped scavenging
2022-08-09 13:51:20,765 [Listener at 127.0.0.1/45023] INFO  handler.ContextHandler (ContextHandler.java:doStop(1153)) - Stopped o.e.j.s.ServletContextHandler@2ae3fe6{static,/static,jar:file:/home/runner/.m2/repository/org/apache/ozone/hdds-container-service/1.3.0-SNAPSHOT/hdds-container-service-1.3.0-SNAPSHOT.jar!/webapps/static,STOPPED}
2022-08-09 13:51:20,765 [Listener at 127.0.0.1/45023] INFO  handler.ContextHandler (ContextHandler.java:doStop(1153)) - Stopped o.e.j.s.ServletContextHandler@7c9dba28{logs,/logs,file:///home/runner/work/ozone/ozone/hadoop-ozone/integration-test/target/log,STOPPED}
2022-08-09 13:51:20,767 [ForkJoinPool.commonPool-worker-0] INFO  handler.ContextHandler (ContextHandler.java:doStop(1153)) - Stopped o.e.j.s.ServletContextHandler@51d4f2c7{static,/static,jar:file:/home/runner/.m2/repository/org/apache/ozone/hdds-container-service/1.3.0-SNAPSHOT/hdds-container-service-1.3.0-SNAPSHOT.jar!/webapps/static,STOPPED}
2022-08-09 13:51:20,767 [ForkJoinPool.commonPool-worker-0] INFO  handler.ContextHandler (ContextHandler.java:doStop(1153)) - Stopped o.e.j.s.ServletContextHandler@5c126571{logs,/logs,file:///home/runner/work/ozone/ozone/hadoop-ozone/integration-test/target/log,STOPPED}
2022-08-09 13:51:20,768 [eda375c3-f1b4-45e6-ba42-67ae65a4fd55@group-1B8CAAFB04FE-FollowerState] INFO  impl.FollowerState (FollowerState.java:run(143)) - eda375c3-f1b4-45e6-ba42-67ae65a4fd55@group-1B8CAAFB04FE-FollowerState: change to CANDIDATE, lastRpcElapsedTime:5541371713ns, electionTimeout:5111ms
2022-08-09 13:51:20,768 [eda375c3-f1b4-45e6-ba42-67ae65a4fd55@group-1B8CAAFB04FE-FollowerState] INFO  impl.RoleInfo (RoleInfo.java:shutdownFollowerState(110)) - eda375c3-f1b4-45e6-ba42-67ae65a4fd55: shutdown eda375c3-f1b4-45e6-ba42-67ae65a4fd55@group-1B8CAAFB04FE-FollowerState
2022-08-09 13:51:20,768 [eda375c3-f1b4-45e6-ba42-67ae65a4fd55@group-1B8CAAFB04FE-FollowerState] INFO  server.RaftServer$Division (RaftServerImpl.java:setRole(299)) - eda375c3-f1b4-45e6-ba42-67ae65a4fd55@group-1B8CAAFB04FE: changes role from  FOLLOWER to CANDIDATE at term 2 for changeToCandidate
2022-08-09 13:51:20,768 [eda375c3-f1b4-45e6-ba42-67ae65a4fd55@group-1B8CAAFB04FE-FollowerState] INFO  server.RaftServerConfigKeys (ConfUtils.java:logGet(46)) - raft.server.leaderelection.pre-vote = false (custom)
2022-08-09 13:51:20,769 [eda375c3-f1b4-45e6-ba42-67ae65a4fd55@group-1B8CAAFB04FE-FollowerState] INFO  impl.RoleInfo (RoleInfo.java:updateAndGet(139)) - eda375c3-f1b4-45e6-ba42-67ae65a4fd55: start eda375c3-f1b4-45e6-ba42-67ae65a4fd55@group-1B8CAAFB04FE-LeaderElection54
2022-08-09 13:51:20,769 [eda375c3-f1b4-45e6-ba42-67ae65a4fd55@group-1B8CAAFB04FE-LeaderElection54] INFO  server.RaftServer$Division (ServerState.java:setLeader(287)) - eda375c3-f1b4-45e6-ba42-67ae65a4fd55@group-1B8CAAFB04FE: change Leader from 6ff5905d-960c-4bc6-8c78-bddfc36801e9 to null at term 2 for ELECTION
2022-08-09 13:51:20,781 [eda375c3-f1b4-45e6-ba42-67ae65a4fd55@group-1B8CAAFB04FE-LeaderElection54] INFO  impl.LeaderElection (LeaderElection.java:askForVotes(310)) - eda375c3-f1b4-45e6-ba42-67ae65a4fd55@group-1B8CAAFB04FE-LeaderElection54 ELECTION round 0: submit vote requests at term 3 for 0: [6ff5905d-960c-4bc6-8c78-bddfc36801e9|rpc:10.1.0.19:41329|dataStream:|priority:1, 8852ae54-4ed3-4d1d-b462-9046b334363d|rpc:10.1.0.19:36749|dataStream:|priority:0, eda375c3-f1b4-45e6-ba42-67ae65a4fd55|rpc:10.1.0.19:34243|dataStream:|priority:0], old=null
2022-08-09 13:51:20,798 [eda375c3-f1b4-45e6-ba42-67ae65a4fd55@group-1B8CAAFB04FE-LeaderElection54] INFO  impl.LeaderElection (LogUtils.java:infoOrTrace(137)) - eda375c3-f1b4-45e6-ba42-67ae65a4fd55@group-1B8CAAFB04FE-LeaderElection54 got exception when requesting votes: java.util.concurrent.ExecutionException: org.apache.ratis.thirdparty.io.grpc.StatusRuntimeException: UNAVAILABLE: io exception
2022-08-09 13:51:20,807 [eda375c3-f1b4-45e6-ba42-67ae65a4fd55@group-1B8CAAFB04FE-LeaderElection54] INFO  impl.LeaderElection (LogUtils.java:infoOrTrace(137)) - eda375c3-f1b4-45e6-ba42-67ae65a4fd55@group-1B8CAAFB04FE-LeaderElection54 got exception when requesting votes: java.util.concurrent.ExecutionException: org.apache.ratis.thirdparty.io.grpc.StatusRuntimeException: UNAVAILABLE: io exception
2022-08-09 13:51:20,807 [eda375c3-f1b4-45e6-ba42-67ae65a4fd55@group-1B8CAAFB04FE-LeaderElection54] INFO  impl.LeaderElection (LeaderElection.java:logAndReturn(90)) - eda375c3-f1b4-45e6-ba42-67ae65a4fd55@group-1B8CAAFB04FE-LeaderElection54: ELECTION REJECTED received 0 response(s) and 2 exception(s):
2022-08-09 13:51:20,807 [eda375c3-f1b4-45e6-ba42-67ae65a4fd55@group-1B8CAAFB04FE-LeaderElection54] INFO  impl.LeaderElection (LogUtils.java:infoOrTrace(137)) -   Exception 0: java.util.concurrent.ExecutionException: org.apache.ratis.thirdparty.io.grpc.StatusRuntimeException: UNAVAILABLE: io exception
2022-08-09 13:51:20,807 [eda375c3-f1b4-45e6-ba42-67ae65a4fd55@group-1B8CAAFB04FE-LeaderElection54] INFO  impl.LeaderElection (LogUtils.java:infoOrTrace(137)) -   Exception 1: java.util.concurrent.ExecutionException: org.apache.ratis.thirdparty.io.grpc.StatusRuntimeException: UNAVAILABLE: io exception
2022-08-09 13:51:20,807 [eda375c3-f1b4-45e6-ba42-67ae65a4fd55@group-1B8CAAFB04FE-LeaderElection54] INFO  impl.LeaderElection (LeaderElection.java:askForVotes(312)) - eda375c3-f1b4-45e6-ba42-67ae65a4fd55@group-1B8CAAFB04FE-LeaderElection54 ELECTION round 0: result REJECTED
2022-08-09 13:51:20,807 [eda375c3-f1b4-45e6-ba42-67ae65a4fd55@group-1B8CAAFB04FE-LeaderElection54] INFO  server.RaftServer$Division (RaftServerImpl.java:setRole(299)) - eda375c3-f1b4-45e6-ba42-67ae65a4fd55@group-1B8CAAFB04FE: changes role from CANDIDATE to FOLLOWER at term 3 for REJECTED
2022-08-09 13:51:20,807 [eda375c3-f1b4-45e6-ba42-67ae65a4fd55@group-1B8CAAFB04FE-LeaderElection54] INFO  impl.RoleInfo (RoleInfo.java:shutdownLeaderElection(130)) - eda375c3-f1b4-45e6-ba42-67ae65a4fd55: shutdown eda375c3-f1b4-45e6-ba42-67ae65a4fd55@group-1B8CAAFB04FE-LeaderElection54
2022-08-09 13:51:20,807 [eda375c3-f1b4-45e6-ba42-67ae65a4fd55@group-1B8CAAFB04FE-LeaderElection54] INFO  impl.RoleInfo (RoleInfo.java:updateAndGet(139)) - eda375c3-f1b4-45e6-ba42-67ae65a4fd55: start eda375c3-f1b4-45e6-ba42-67ae65a4fd55@group-1B8CAAFB04FE-FollowerState
2022-08-09 13:51:21,356 [eda375c3-f1b4-45e6-ba42-67ae65a4fd55@group-0EC1FDF9C42E-FollowerState] INFO  impl.FollowerState (FollowerState.java:run(143)) - eda375c3-f1b4-45e6-ba42-67ae65a4fd55@group-0EC1FDF9C42E-FollowerState: change to CANDIDATE, lastRpcElapsedTime:8130803994ns, electionTimeout:5020ms
2022-08-09 13:51:21,356 [eda375c3-f1b4-45e6-ba42-67ae65a4fd55@group-0EC1FDF9C42E-FollowerState] INFO  impl.RoleInfo (RoleInfo.java:shutdownFollowerState(110)) - eda375c3-f1b4-45e6-ba42-67ae65a4fd55: shutdown eda375c3-f1b4-45e6-ba42-67ae65a4fd55@group-0EC1FDF9C42E-FollowerState
2022-08-09 13:51:21,356 [eda375c3-f1b4-45e6-ba42-67ae65a4fd55@group-0EC1FDF9C42E-FollowerState] INFO  server.RaftServer$Division (RaftServerImpl.java:setRole(299)) - eda375c3-f1b4-45e6-ba42-67ae65a4fd55@group-0EC1FDF9C42E: changes role from  FOLLOWER to CANDIDATE at term 2 for changeToCandidate
2022-08-09 13:51:21,356 [eda375c3-f1b4-45e6-ba42-67ae65a4fd55@group-0EC1FDF9C42E-FollowerState] INFO  server.RaftServerConfigKeys (ConfUtils.java:logGet(46)) - raft.server.leaderelection.pre-vote = false (custom)
2022-08-09 13:51:21,356 [eda375c3-f1b4-45e6-ba42-67ae65a4fd55@group-0EC1FDF9C42E-FollowerState] INFO  impl.RoleInfo (RoleInfo.java:updateAndGet(139)) - eda375c3-f1b4-45e6-ba42-67ae65a4fd55: start eda375c3-f1b4-45e6-ba42-67ae65a4fd55@group-0EC1FDF9C42E-LeaderElection55
2022-08-09 13:51:21,356 [eda375c3-f1b4-45e6-ba42-67ae65a4fd55@group-0EC1FDF9C42E-LeaderElection55] INFO  server.RaftServer$Division (ServerState.java:setLeader(287)) - eda375c3-f1b4-45e6-ba42-67ae65a4fd55@group-0EC1FDF9C42E: change Leader from 8852ae54-4ed3-4d1d-b462-9046b334363d to null at term 2 for ELECTION
2022-08-09 13:51:21,369 [eda375c3-f1b4-45e6-ba42-67ae65a4fd55@group-0EC1FDF9C42E-LeaderElection55] INFO  impl.LeaderElection (LeaderElection.java:askForVotes(310)) - eda375c3-f1b4-45e6-ba42-67ae65a4fd55@group-0EC1FDF9C42E-LeaderElection55 ELECTION round 0: submit vote requests at term 3 for 0: [6ff5905d-960c-4bc6-8c78-bddfc36801e9|rpc:10.1.0.19:41329|dataStream:|priority:0, 8852ae54-4ed3-4d1d-b462-9046b334363d|rpc:10.1.0.19:36749|dataStream:|priority:1, eda375c3-f1b4-45e6-ba42-67ae65a4fd55|rpc:10.1.0.19:34243|dataStream:|priority:0], old=null
2022-08-09 13:51:21,408 [eda375c3-f1b4-45e6-ba42-67ae65a4fd55@group-0EC1FDF9C42E-LeaderElection55] INFO  impl.LeaderElection (LogUtils.java:infoOrTrace(137)) - eda375c3-f1b4-45e6-ba42-67ae65a4fd55@group-0EC1FDF9C42E-LeaderElection55 got exception when requesting votes: java.util.concurrent.ExecutionException: org.apache.ratis.thirdparty.io.grpc.StatusRuntimeException: UNAVAILABLE: io exception
2022-08-09 13:51:21,408 [eda375c3-f1b4-45e6-ba42-67ae65a4fd55@group-0EC1FDF9C42E-LeaderElection55] INFO  impl.LeaderElection (LogUtils.java:infoOrTrace(137)) - eda375c3-f1b4-45e6-ba42-67ae65a4fd55@group-0EC1FDF9C42E-LeaderElection55 got exception when requesting votes: java.util.concurrent.ExecutionException: org.apache.ratis.thirdparty.io.grpc.StatusRuntimeException: UNAVAILABLE: io exception
2022-08-09 13:51:21,408 [eda375c3-f1b4-45e6-ba42-67ae65a4fd55@group-0EC1FDF9C42E-LeaderElection55] INFO  impl.LeaderElection (LeaderElection.java:logAndReturn(90)) - eda375c3-f1b4-45e6-ba42-67ae65a4fd55@group-0EC1FDF9C42E-LeaderElection55: ELECTION REJECTED received 0 response(s) and 2 exception(s):
2022-08-09 13:51:21,408 [eda375c3-f1b4-45e6-ba42-67ae65a4fd55@group-0EC1FDF9C42E-LeaderElection55] INFO  impl.LeaderElection (LogUtils.java:infoOrTrace(137)) -   Exception 0: java.util.concurrent.ExecutionException: org.apache.ratis.thirdparty.io.grpc.StatusRuntimeException: UNAVAILABLE: io exception
2022-08-09 13:51:21,408 [eda375c3-f1b4-45e6-ba42-67ae65a4fd55@group-0EC1FDF9C42E-LeaderElection55] INFO  impl.LeaderElection (LogUtils.java:infoOrTrace(137)) -   Exception 1: java.util.concurrent.ExecutionException: org.apache.ratis.thirdparty.io.grpc.StatusRuntimeException: UNAVAILABLE: io exception
2022-08-09 13:51:21,409 [eda375c3-f1b4-45e6-ba42-67ae65a4fd55@group-0EC1FDF9C42E-LeaderElection55] INFO  impl.LeaderElection (LeaderElection.java:askForVotes(312)) - eda375c3-f1b4-45e6-ba42-67ae65a4fd55@group-0EC1FDF9C42E-LeaderElection55 ELECTION round 0: result REJECTED
2022-08-09 13:51:21,409 [eda375c3-f1b4-45e6-ba42-67ae65a4fd55@group-0EC1FDF9C42E-LeaderElection55] INFO  server.RaftServer$Division (RaftServerImpl.java:setRole(299)) - eda375c3-f1b4-45e6-ba42-67ae65a4fd55@group-0EC1FDF9C42E: changes role from CANDIDATE to FOLLOWER at term 3 for REJECTED
2022-08-09 13:51:21,409 [eda375c3-f1b4-45e6-ba42-67ae65a4fd55@group-0EC1FDF9C42E-LeaderElection55] INFO  impl.RoleInfo (RoleInfo.java:shutdownLeaderElection(130)) - eda375c3-f1b4-45e6-ba42-67ae65a4fd55: shutdown eda375c3-f1b4-45e6-ba42-67ae65a4fd55@group-0EC1FDF9C42E-LeaderElection55
2022-08-09 13:51:21,409 [eda375c3-f1b4-45e6-ba42-67ae65a4fd55@group-0EC1FDF9C42E-LeaderElection55] INFO  impl.RoleInfo (RoleInfo.java:updateAndGet(139)) - eda375c3-f1b4-45e6-ba42-67ae65a4fd55: start eda375c3-f1b4-45e6-ba42-67ae65a4fd55@group-0EC1FDF9C42E-FollowerState
2022-08-09 13:51:25,767 [Listener at 127.0.0.1/45023] INFO  ozoneimpl.OzoneContainer (OzoneContainer.java:stop(399)) - Attempting to stop container services.
2022-08-09 13:51:25,768 [ForkJoinPool.commonPool-worker-0] INFO  ozoneimpl.OzoneContainer (OzoneContainer.java:stop(399)) - Attempting to stop container services.
2022-08-09 13:51:25,769 [Listener at 127.0.0.1/45023] INFO  server.RaftServer (RaftServerProxy.java:lambda$close$7(398)) - 09723a4e-7fd0-4003-a68d-b4a2e2b403bd: close
2022-08-09 13:51:25,769 [Listener at 127.0.0.1/45023] INFO  server.RaftServer$Division (RaftServerImpl.java:lambda$close$4(434)) - 09723a4e-7fd0-4003-a68d-b4a2e2b403bd@group-C37E7CCBC1F3: shutdown
2022-08-09 13:51:25,769 [Listener at 127.0.0.1/45023] INFO  util.JmxRegister (JmxRegister.java:unregister(73)) - Successfully un-registered JMX Bean with object name Ratis:service=RaftServer,group=group-C37E7CCBC1F3,id=09723a4e-7fd0-4003-a68d-b4a2e2b403bd
2022-08-09 13:51:25,769 [Listener at 127.0.0.1/45023] INFO  impl.RoleInfo (RoleInfo.java:shutdownLeaderState(93)) - 09723a4e-7fd0-4003-a68d-b4a2e2b403bd: shutdown 09723a4e-7fd0-4003-a68d-b4a2e2b403bd@group-C37E7CCBC1F3-LeaderStateImpl
2022-08-09 13:51:25,769 [Listener at 127.0.0.1/45023] INFO  impl.PendingRequests (PendingRequests.java:sendNotLeaderResponses(282)) - 09723a4e-7fd0-4003-a68d-b4a2e2b403bd@group-C37E7CCBC1F3-PendingRequests: sendNotLeaderResponses
2022-08-09 13:51:25,770 [ForkJoinPool.commonPool-worker-0] INFO  server.RaftServer (RaftServerProxy.java:lambda$close$7(398)) - eda375c3-f1b4-45e6-ba42-67ae65a4fd55: close
2022-08-09 13:51:25,770 [ForkJoinPool.commonPool-worker-0] INFO  server.RaftServer$Division (RaftServerImpl.java:lambda$close$4(434)) - eda375c3-f1b4-45e6-ba42-67ae65a4fd55@group-1B8CAAFB04FE: shutdown
2022-08-09 13:51:25,771 [09723a4e-7fd0-4003-a68d-b4a2e2b403bd@group-C37E7CCBC1F3-StateMachineUpdater] INFO  ratis.ContainerStateMachine (ContainerStateMachine.java:takeSnapshot(304)) - group-C37E7CCBC1F3: Taking a snapshot at:(t:1, i:0) file /home/runner/work/ozone/ozone/hadoop-ozone/integration-test/target/test-dir/MiniOzoneClusterImpl-a5f63cd0-adde-411c-a334-77d0cb0a7b46/datanode-4/data/ratis/835a61d4-22cc-480b-a976-c37e7ccbc1f3/sm/snapshot.1_0
2022-08-09 13:51:25,771 [Listener at 127.0.0.1/45023] INFO  impl.StateMachineUpdater (StateMachineUpdater.java:stopAndJoin(153)) - 09723a4e-7fd0-4003-a68d-b4a2e2b403bd@group-C37E7CCBC1F3-StateMachineUpdater: set stopIndex = 0
2022-08-09 13:51:25,771 [ForkJoinPool.commonPool-worker-0] INFO  util.JmxRegister (JmxRegister.java:unregister(73)) - Successfully un-registered JMX Bean with object name Ratis:service=RaftServer,group=group-1B8CAAFB04FE,id=eda375c3-f1b4-45e6-ba42-67ae65a4fd55
2022-08-09 13:51:25,771 [ForkJoinPool.commonPool-worker-0] INFO  impl.RoleInfo (RoleInfo.java:shutdownFollowerState(110)) - eda375c3-f1b4-45e6-ba42-67ae65a4fd55: shutdown eda375c3-f1b4-45e6-ba42-67ae65a4fd55@group-1B8CAAFB04FE-FollowerState
2022-08-09 13:51:25,772 [ForkJoinPool.commonPool-worker-0] INFO  impl.StateMachineUpdater (StateMachineUpdater.java:stopAndJoin(153)) - eda375c3-f1b4-45e6-ba42-67ae65a4fd55@group-1B8CAAFB04FE-StateMachineUpdater: set stopIndex = 14
2022-08-09 13:51:25,772 [eda375c3-f1b4-45e6-ba42-67ae65a4fd55@group-1B8CAAFB04FE-FollowerState] INFO  impl.FollowerState (FollowerState.java:run(152)) - eda375c3-f1b4-45e6-ba42-67ae65a4fd55@group-1B8CAAFB04FE-FollowerState was interrupted
2022-08-09 13:51:25,773 [eda375c3-f1b4-45e6-ba42-67ae65a4fd55@group-1B8CAAFB04FE-StateMachineUpdater] INFO  ratis.ContainerStateMachine (ContainerStateMachine.java:takeSnapshot(304)) - group-1B8CAAFB04FE: Taking a snapshot at:(t:2, i:14) file /home/runner/work/ozone/ozone/hadoop-ozone/integration-test/target/test-dir/MiniOzoneClusterImpl-a5f63cd0-adde-411c-a334-77d0cb0a7b46/datanode-0/data/ratis/921b1cfc-b433-497a-8f83-1b8caafb04fe/sm/snapshot.2_14
2022-08-09 13:51:25,774 [eda375c3-f1b4-45e6-ba42-67ae65a4fd55@group-1B8CAAFB04FE-StateMachineUpdater] INFO  ratis.ContainerStateMachine (ContainerStateMachine.java:takeSnapshot(315)) - group-1B8CAAFB04FE: Finished taking a snapshot at:(t:2, i:14) file:/home/runner/work/ozone/ozone/hadoop-ozone/integration-test/target/test-dir/MiniOzoneClusterImpl-a5f63cd0-adde-411c-a334-77d0cb0a7b46/datanode-0/data/ratis/921b1cfc-b433-497a-8f83-1b8caafb04fe/sm/snapshot.2_14 took: 1 ms
2022-08-09 13:51:25,774 [eda375c3-f1b4-45e6-ba42-67ae65a4fd55@group-1B8CAAFB04FE-StateMachineUpdater] INFO  impl.StateMachineUpdater (StateMachineUpdater.java:takeSnapshot(287)) - eda375c3-f1b4-45e6-ba42-67ae65a4fd55@group-1B8CAAFB04FE-StateMachineUpdater: Took a snapshot at index 14
2022-08-09 13:51:25,774 [eda375c3-f1b4-45e6-ba42-67ae65a4fd55@group-1B8CAAFB04FE-StateMachineUpdater] INFO  impl.StateMachineUpdater (StateMachineUpdater.java:lambda$new$0(92)) - eda375c3-f1b4-45e6-ba42-67ae65a4fd55@group-1B8CAAFB04FE-StateMachineUpdater: snapshotIndex: updateIncreasingly -1 -> 14
2022-08-09 13:51:25,775 [ForkJoinPool.commonPool-worker-0] INFO  server.RaftServer$Division (ServerState.java:close(429)) - eda375c3-f1b4-45e6-ba42-67ae65a4fd55@group-1B8CAAFB04FE: closes. applyIndex: 14
2022-08-09 13:51:25,775 [eda375c3-f1b4-45e6-ba42-67ae65a4fd55@group-1B8CAAFB04FE-SegmentedRaftLogWorker] INFO  segmented.SegmentedRaftLogWorker (SegmentedRaftLogWorker.java:run(336)) - eda375c3-f1b4-45e6-ba42-67ae65a4fd55@group-1B8CAAFB04FE-SegmentedRaftLogWorker was interrupted, exiting. There are 0 tasks remaining in the queue.
2022-08-09 13:51:25,775 [ForkJoinPool.commonPool-worker-0] INFO  segmented.SegmentedRaftLogWorker (SegmentedRaftLogWorker.java:close(246)) - eda375c3-f1b4-45e6-ba42-67ae65a4fd55@group-1B8CAAFB04FE-SegmentedRaftLogWorker close()
2022-08-09 13:51:25,782 [ForkJoinPool.commonPool-worker-0] INFO  server.RaftServer$Division (RaftServerImpl.java:lambda$close$4(434)) - eda375c3-f1b4-45e6-ba42-67ae65a4fd55@group-0EC1FDF9C42E: shutdown
2022-08-09 13:51:25,782 [ForkJoinPool.commonPool-worker-0] INFO  util.JmxRegister (JmxRegister.java:unregister(73)) - Successfully un-registered JMX Bean with object name Ratis:service=RaftServer,group=group-0EC1FDF9C42E,id=eda375c3-f1b4-45e6-ba42-67ae65a4fd55
2022-08-09 13:51:25,782 [ForkJoinPool.commonPool-worker-0] INFO  impl.RoleInfo (RoleInfo.java:shutdownFollowerState(110)) - eda375c3-f1b4-45e6-ba42-67ae65a4fd55: shutdown eda375c3-f1b4-45e6-ba42-67ae65a4fd55@group-0EC1FDF9C42E-FollowerState
2022-08-09 13:51:25,782 [ForkJoinPool.commonPool-worker-0] INFO  impl.StateMachineUpdater (StateMachineUpdater.java:stopAndJoin(153)) - eda375c3-f1b4-45e6-ba42-67ae65a4fd55@group-0EC1FDF9C42E-StateMachineUpdater: set stopIndex = 35
2022-08-09 13:51:25,782 [eda375c3-f1b4-45e6-ba42-67ae65a4fd55@group-0EC1FDF9C42E-FollowerState] INFO  impl.FollowerState (FollowerState.java:run(152)) - eda375c3-f1b4-45e6-ba42-67ae65a4fd55@group-0EC1FDF9C42E-FollowerState was interrupted
2022-08-09 13:51:25,792 [09723a4e-7fd0-4003-a68d-b4a2e2b403bd@group-C37E7CCBC1F3-StateMachineUpdater] INFO  ratis.ContainerStateMachine (ContainerStateMachine.java:takeSnapshot(315)) - group-C37E7CCBC1F3: Finished taking a snapshot at:(t:1, i:0) file:/home/runner/work/ozone/ozone/hadoop-ozone/integration-test/target/test-dir/MiniOzoneClusterImpl-a5f63cd0-adde-411c-a334-77d0cb0a7b46/datanode-4/data/ratis/835a61d4-22cc-480b-a976-c37e7ccbc1f3/sm/snapshot.1_0 took: 21 ms
2022-08-09 13:51:25,792 [09723a4e-7fd0-4003-a68d-b4a2e2b403bd@group-C37E7CCBC1F3-StateMachineUpdater] INFO  impl.StateMachineUpdater (StateMachineUpdater.java:takeSnapshot(287)) - 09723a4e-7fd0-4003-a68d-b4a2e2b403bd@group-C37E7CCBC1F3-StateMachineUpdater: Took a snapshot at index 0
2022-08-09 13:51:25,792 [09723a4e-7fd0-4003-a68d-b4a2e2b403bd@group-C37E7CCBC1F3-StateMachineUpdater] INFO  impl.StateMachineUpdater (StateMachineUpdater.java:lambda$new$0(92)) - 09723a4e-7fd0-4003-a68d-b4a2e2b403bd@group-C37E7CCBC1F3-StateMachineUpdater: snapshotIndex: updateIncreasingly -1 -> 0
2022-08-09 13:51:25,792 [Listener at 127.0.0.1/45023] INFO  server.RaftServer$Division (ServerState.java:close(429)) - 09723a4e-7fd0-4003-a68d-b4a2e2b403bd@group-C37E7CCBC1F3: closes. applyIndex: 0
2022-08-09 13:51:25,793 [09723a4e-7fd0-4003-a68d-b4a2e2b403bd@group-C37E7CCBC1F3-SegmentedRaftLogWorker] INFO  segmented.SegmentedRaftLogWorker (SegmentedRaftLogWorker.java:run(336)) - 09723a4e-7fd0-4003-a68d-b4a2e2b403bd@group-C37E7CCBC1F3-SegmentedRaftLogWorker was interrupted, exiting. There are 0 tasks remaining in the queue.
2022-08-09 13:51:25,793 [Listener at 127.0.0.1/45023] INFO  segmented.SegmentedRaftLogWorker (SegmentedRaftLogWorker.java:close(246)) - 09723a4e-7fd0-4003-a68d-b4a2e2b403bd@group-C37E7CCBC1F3-SegmentedRaftLogWorker close()
2022-08-09 13:51:25,793 [eda375c3-f1b4-45e6-ba42-67ae65a4fd55@group-0EC1FDF9C42E-StateMachineUpdater] INFO  ratis.ContainerStateMachine (ContainerStateMachine.java:takeSnapshot(304)) - group-0EC1FDF9C42E: Taking a snapshot at:(t:2, i:35) file /home/runner/work/ozone/ozone/hadoop-ozone/integration-test/target/test-dir/MiniOzoneClusterImpl-a5f63cd0-adde-411c-a334-77d0cb0a7b46/datanode-0/data/ratis/80449312-e5e7-4c5b-be18-0ec1fdf9c42e/sm/snapshot.2_35
2022-08-09 13:51:25,796 [Listener at 127.0.0.1/45023] INFO  server.GrpcService (GrpcService.java:closeImpl(269)) - 09723a4e-7fd0-4003-a68d-b4a2e2b403bd: shutdown server with port 33703 now
2022-08-09 13:51:25,798 [Listener at 127.0.0.1/45023] INFO  server.GrpcService (GrpcService.java:closeImpl(278)) - 09723a4e-7fd0-4003-a68d-b4a2e2b403bd: shutdown server with port 33703 successfully
2022-08-09 13:51:25,798 [org.apache.ratis.util.JvmPauseMonitor$$Lambda$615/629946574@60e21e7a] INFO  util.JvmPauseMonitor (JvmPauseMonitor.java:run(109)) - JvmPauseMonitor-09723a4e-7fd0-4003-a68d-b4a2e2b403bd: Stopped
2022-08-09 13:51:25,811 [eda375c3-f1b4-45e6-ba42-67ae65a4fd55@group-0EC1FDF9C42E-StateMachineUpdater] INFO  ratis.ContainerStateMachine (ContainerStateMachine.java:takeSnapshot(315)) - group-0EC1FDF9C42E: Finished taking a snapshot at:(t:2, i:35) file:/home/runner/work/ozone/ozone/hadoop-ozone/integration-test/target/test-dir/MiniOzoneClusterImpl-a5f63cd0-adde-411c-a334-77d0cb0a7b46/datanode-0/data/ratis/80449312-e5e7-4c5b-be18-0ec1fdf9c42e/sm/snapshot.2_35 took: 18 ms
2022-08-09 13:51:25,811 [eda375c3-f1b4-45e6-ba42-67ae65a4fd55@group-0EC1FDF9C42E-StateMachineUpdater] INFO  impl.StateMachineUpdater (StateMachineUpdater.java:takeSnapshot(287)) - eda375c3-f1b4-45e6-ba42-67ae65a4fd55@group-0EC1FDF9C42E-StateMachineUpdater: Took a snapshot at index 35
2022-08-09 13:51:25,811 [eda375c3-f1b4-45e6-ba42-67ae65a4fd55@group-0EC1FDF9C42E-StateMachineUpdater] INFO  impl.StateMachineUpdater (StateMachineUpdater.java:lambda$new$0(92)) - eda375c3-f1b4-45e6-ba42-67ae65a4fd55@group-0EC1FDF9C42E-StateMachineUpdater: snapshotIndex: updateIncreasingly -1 -> 35
2022-08-09 13:51:25,813 [ForkJoinPool.commonPool-worker-0] INFO  server.RaftServer$Division (ServerState.java:close(429)) - eda375c3-f1b4-45e6-ba42-67ae65a4fd55@group-0EC1FDF9C42E: closes. applyIndex: 35
2022-08-09 13:51:25,815 [eda375c3-f1b4-45e6-ba42-67ae65a4fd55@group-0EC1FDF9C42E-SegmentedRaftLogWorker] INFO  segmented.SegmentedRaftLogWorker (SegmentedRaftLogWorker.java:run(336)) - eda375c3-f1b4-45e6-ba42-67ae65a4fd55@group-0EC1FDF9C42E-SegmentedRaftLogWorker was interrupted, exiting. There are 0 tasks remaining in the queue.
2022-08-09 13:51:25,825 [ForkJoinPool.commonPool-worker-0] INFO  segmented.SegmentedRaftLogWorker (SegmentedRaftLogWorker.java:close(246)) - eda375c3-f1b4-45e6-ba42-67ae65a4fd55@group-0EC1FDF9C42E-SegmentedRaftLogWorker close()
2022-08-09 13:51:25,825 [ForkJoinPool.commonPool-worker-0] INFO  server.RaftServer$Division (RaftServerImpl.java:lambda$close$4(434)) - eda375c3-f1b4-45e6-ba42-67ae65a4fd55@group-E4B576A48B8D: shutdown
2022-08-09 13:51:25,826 [ForkJoinPool.commonPool-worker-0] INFO  util.JmxRegister (JmxRegister.java:unregister(73)) - Successfully un-registered JMX Bean with object name Ratis:service=RaftServer,group=group-E4B576A48B8D,id=eda375c3-f1b4-45e6-ba42-67ae65a4fd55
2022-08-09 13:51:25,826 [ForkJoinPool.commonPool-worker-0] INFO  impl.RoleInfo (RoleInfo.java:shutdownLeaderState(93)) - eda375c3-f1b4-45e6-ba42-67ae65a4fd55: shutdown eda375c3-f1b4-45e6-ba42-67ae65a4fd55@group-E4B576A48B8D-LeaderStateImpl
2022-08-09 13:51:25,826 [ForkJoinPool.commonPool-worker-0] INFO  impl.PendingRequests (PendingRequests.java:sendNotLeaderResponses(282)) - eda375c3-f1b4-45e6-ba42-67ae65a4fd55@group-E4B576A48B8D-PendingRequests: sendNotLeaderResponses
2022-08-09 13:51:25,826 [ForkJoinPool.commonPool-worker-0] INFO  impl.StateMachineUpdater (StateMachineUpdater.java:stopAndJoin(153)) - eda375c3-f1b4-45e6-ba42-67ae65a4fd55@group-E4B576A48B8D-StateMachineUpdater: set stopIndex = 0
2022-08-09 13:51:25,827 [eda375c3-f1b4-45e6-ba42-67ae65a4fd55@group-E4B576A48B8D-StateMachineUpdater] INFO  ratis.ContainerStateMachine (ContainerStateMachine.java:takeSnapshot(304)) - group-E4B576A48B8D: Taking a snapshot at:(t:1, i:0) file /home/runner/work/ozone/ozone/hadoop-ozone/integration-test/target/test-dir/MiniOzoneClusterImpl-a5f63cd0-adde-411c-a334-77d0cb0a7b46/datanode-0/data/ratis/9e038f81-ac2c-4a02-93fa-e4b576a48b8d/sm/snapshot.1_0
2022-08-09 13:51:25,827 [eda375c3-f1b4-45e6-ba42-67ae65a4fd55@group-E4B576A48B8D-StateMachineUpdater] INFO  ratis.ContainerStateMachine (ContainerStateMachine.java:takeSnapshot(315)) - group-E4B576A48B8D: Finished taking a snapshot at:(t:1, i:0) file:/home/runner/work/ozone/ozone/hadoop-ozone/integration-test/target/test-dir/MiniOzoneClusterImpl-a5f63cd0-adde-411c-a334-77d0cb0a7b46/datanode-0/data/ratis/9e038f81-ac2c-4a02-93fa-e4b576a48b8d/sm/snapshot.1_0 took: 1 ms
2022-08-09 13:51:25,828 [eda375c3-f1b4-45e6-ba42-67ae65a4fd55@group-E4B576A48B8D-StateMachineUpdater] INFO  impl.StateMachineUpdater (StateMachineUpdater.java:takeSnapshot(287)) - eda375c3-f1b4-45e6-ba42-67ae65a4fd55@group-E4B576A48B8D-StateMachineUpdater: Took a snapshot at index 0
2022-08-09 13:51:25,828 [eda375c3-f1b4-45e6-ba42-67ae65a4fd55@group-E4B576A48B8D-StateMachineUpdater] INFO  impl.StateMachineUpdater (StateMachineUpdater.java:lambda$new$0(92)) - eda375c3-f1b4-45e6-ba42-67ae65a4fd55@group-E4B576A48B8D-StateMachineUpdater: snapshotIndex: updateIncreasingly -1 -> 0
2022-08-09 13:51:25,828 [ForkJoinPool.commonPool-worker-0] INFO  server.RaftServer$Division (ServerState.java:close(429)) - eda375c3-f1b4-45e6-ba42-67ae65a4fd55@group-E4B576A48B8D: closes. applyIndex: 0
2022-08-09 13:51:25,828 [eda375c3-f1b4-45e6-ba42-67ae65a4fd55@group-E4B576A48B8D-SegmentedRaftLogWorker] INFO  segmented.SegmentedRaftLogWorker (SegmentedRaftLogWorker.java:run(336)) - eda375c3-f1b4-45e6-ba42-67ae65a4fd55@group-E4B576A48B8D-SegmentedRaftLogWorker was interrupted, exiting. There are 0 tasks remaining in the queue.
2022-08-09 13:51:25,828 [ForkJoinPool.commonPool-worker-0] INFO  segmented.SegmentedRaftLogWorker (SegmentedRaftLogWorker.java:close(246)) - eda375c3-f1b4-45e6-ba42-67ae65a4fd55@group-E4B576A48B8D-SegmentedRaftLogWorker close()
2022-08-09 13:51:25,828 [ForkJoinPool.commonPool-worker-0] INFO  server.GrpcService (GrpcService.java:closeImpl(269)) - eda375c3-f1b4-45e6-ba42-67ae65a4fd55: shutdown server with port 34243 now
2022-08-09 13:51:25,833 [ForkJoinPool.commonPool-worker-0] INFO  server.GrpcService (GrpcService.java:closeImpl(278)) - eda375c3-f1b4-45e6-ba42-67ae65a4fd55: shutdown server with port 34243 successfully
2022-08-09 13:51:25,833 [org.apache.ratis.util.JvmPauseMonitor$$Lambda$615/629946574@1520dd98] INFO  util.JvmPauseMonitor (JvmPauseMonitor.java:run(109)) - JvmPauseMonitor-eda375c3-f1b4-45e6-ba42-67ae65a4fd55: Stopped
2022-08-09 13:51:26,351 [OverReplicatedQueueThreadThread] INFO  replication.OverReplicatedProcessor (OverReplicatedProcessor.java:processAll(83)) - Processed 0 over replicated containers, failed processing 0
2022-08-09 13:51:26,359 [UnderReplicatedQueueThreadThread] INFO  replication.UnderReplicatedProcessor (UnderReplicatedProcessor.java:processAll(85)) - Processed 0 under replicated containers, failed processing 0
2022-08-09 13:51:27,877 [Listener at 127.0.0.1/45023] INFO  utils.BackgroundService (BackgroundService.java:shutdown(141)) - Shutting down service BlockDeletingService
2022-08-09 13:51:27,878 [Listener at 127.0.0.1/45023] INFO  utils.BackgroundService (BackgroundService.java:shutdown(141)) - Shutting down service StaleRecoveringContainerScrubbingService
2022-08-09 13:51:27,989 [ForkJoinPool.commonPool-worker-0] INFO  utils.BackgroundService (BackgroundService.java:shutdown(141)) - Shutting down service BlockDeletingService
2022-08-09 13:51:27,995 [ForkJoinPool.commonPool-worker-0] INFO  utils.BackgroundService (BackgroundService.java:shutdown(141)) - Shutting down service StaleRecoveringContainerScrubbingService
2022-08-09 13:51:30,890 [Listener at 127.0.0.1/45023] INFO  statemachine.DatanodeStateMachine (DatanodeStateMachine.java:stopDaemon(580)) - Ozone container server stopped.
2022-08-09 13:51:30,924 [Listener at 127.0.0.1/45023] INFO  handler.ContextHandler (ContextHandler.java:doStop(1153)) - Stopped o.e.j.w.WebAppContext@a548a06{hddsDatanode,/,null,STOPPED}{jar:file:/home/runner/.m2/repository/org/apache/ozone/hdds-container-service/1.3.0-SNAPSHOT/hdds-container-service-1.3.0-SNAPSHOT.jar!/webapps/hddsDatanode}
2022-08-09 13:51:30,929 [Listener at 127.0.0.1/45023] INFO  server.AbstractConnector (AbstractConnector.java:doStop(381)) - Stopped ServerConnector@2e273fd4{HTTP/1.1, (http/1.1)}{0.0.0.0:0}
2022-08-09 13:51:30,929 [Listener at 127.0.0.1/45023] INFO  server.session (HouseKeeper.java:stopScavenging(149)) - node0 Stopped scavenging
2022-08-09 13:51:30,930 [Listener at 127.0.0.1/45023] INFO  handler.ContextHandler (ContextHandler.java:doStop(1153)) - Stopped o.e.j.s.ServletContextHandler@16aadc7f{static,/static,jar:file:/home/runner/.m2/repository/org/apache/ozone/hdds-container-service/1.3.0-SNAPSHOT/hdds-container-service-1.3.0-SNAPSHOT.jar!/webapps/static,STOPPED}
2022-08-09 13:51:30,930 [Listener at 127.0.0.1/45023] INFO  handler.ContextHandler (ContextHandler.java:doStop(1153)) - Stopped o.e.j.s.ServletContextHandler@3086e208{logs,/logs,file:///home/runner/work/ozone/ozone/hadoop-ozone/integration-test/target/log,STOPPED}
2022-08-09 13:51:31,021 [ForkJoinPool.commonPool-worker-0] INFO  statemachine.DatanodeStateMachine (DatanodeStateMachine.java:stopDaemon(580)) - Ozone container server stopped.
2022-08-09 13:51:31,058 [ForkJoinPool.commonPool-worker-0] INFO  handler.ContextHandler (ContextHandler.java:doStop(1153)) - Stopped o.e.j.w.WebAppContext@2eecccff{hddsDatanode,/,null,STOPPED}{jar:file:/home/runner/.m2/repository/org/apache/ozone/hdds-container-service/1.3.0-SNAPSHOT/hdds-container-service-1.3.0-SNAPSHOT.jar!/webapps/hddsDatanode}
2022-08-09 13:51:31,059 [ForkJoinPool.commonPool-worker-0] INFO  server.AbstractConnector (AbstractConnector.java:doStop(381)) - Stopped ServerConnector@9470ab3{HTTP/1.1, (http/1.1)}{0.0.0.0:0}
2022-08-09 13:51:31,059 [ForkJoinPool.commonPool-worker-0] INFO  server.session (HouseKeeper.java:stopScavenging(149)) - node0 Stopped scavenging
2022-08-09 13:51:31,059 [ForkJoinPool.commonPool-worker-0] INFO  handler.ContextHandler (ContextHandler.java:doStop(1153)) - Stopped o.e.j.s.ServletContextHandler@463a766{static,/static,jar:file:/home/runner/.m2/repository/org/apache/ozone/hdds-container-service/1.3.0-SNAPSHOT/hdds-container-service-1.3.0-SNAPSHOT.jar!/webapps/static,STOPPED}
2022-08-09 13:51:31,059 [ForkJoinPool.commonPool-worker-0] INFO  handler.ContextHandler (ContextHandler.java:doStop(1153)) - Stopped o.e.j.s.ServletContextHandler@65c5e4f1{logs,/logs,file:///home/runner/work/ozone/ozone/hadoop-ozone/integration-test/target/log,STOPPED}
2022-08-09 13:51:32,609 [UnderReplicatedQueueThreadThread] INFO  replication.UnderReplicatedProcessor (UnderReplicatedProcessor.java:processAll(85)) - Processed 0 under replicated containers, failed processing 0
2022-08-09 13:51:32,610 [OverReplicatedQueueThreadThread] INFO  replication.OverReplicatedProcessor (OverReplicatedProcessor.java:processAll(83)) - Processed 0 over replicated containers, failed processing 0
2022-08-09 13:51:35,938 [Listener at 127.0.0.1/45023] INFO  ozoneimpl.OzoneContainer (OzoneContainer.java:stop(399)) - Attempting to stop container services.
2022-08-09 13:51:35,939 [Listener at 127.0.0.1/45023] INFO  server.RaftServer (RaftServerProxy.java:lambda$close$7(398)) - 7ef00aaf-719f-4d6c-a113-08e756e8a738: close
2022-08-09 13:51:35,939 [Listener at 127.0.0.1/45023] INFO  server.RaftServer$Division (RaftServerImpl.java:lambda$close$4(434)) - 7ef00aaf-719f-4d6c-a113-08e756e8a738@group-F184F9A8231D: shutdown
2022-08-09 13:51:35,939 [Listener at 127.0.0.1/45023] INFO  util.JmxRegister (JmxRegister.java:unregister(73)) - Successfully un-registered JMX Bean with object name Ratis:service=RaftServer,group=group-F184F9A8231D,id=7ef00aaf-719f-4d6c-a113-08e756e8a738
2022-08-09 13:51:35,940 [Listener at 127.0.0.1/45023] INFO  impl.RoleInfo (RoleInfo.java:shutdownLeaderState(93)) - 7ef00aaf-719f-4d6c-a113-08e756e8a738: shutdown 7ef00aaf-719f-4d6c-a113-08e756e8a738@group-F184F9A8231D-LeaderStateImpl
2022-08-09 13:51:35,940 [Listener at 127.0.0.1/45023] INFO  impl.PendingRequests (PendingRequests.java:sendNotLeaderResponses(282)) - 7ef00aaf-719f-4d6c-a113-08e756e8a738@group-F184F9A8231D-PendingRequests: sendNotLeaderResponses
2022-08-09 13:51:35,941 [Listener at 127.0.0.1/45023] INFO  impl.StateMachineUpdater (StateMachineUpdater.java:stopAndJoin(153)) - 7ef00aaf-719f-4d6c-a113-08e756e8a738@group-F184F9A8231D-StateMachineUpdater: set stopIndex = 0
2022-08-09 13:51:35,941 [7ef00aaf-719f-4d6c-a113-08e756e8a738@group-F184F9A8231D-StateMachineUpdater] INFO  ratis.ContainerStateMachine (ContainerStateMachine.java:takeSnapshot(304)) - group-F184F9A8231D: Taking a snapshot at:(t:1, i:0) file /home/runner/work/ozone/ozone/hadoop-ozone/integration-test/target/test-dir/MiniOzoneClusterImpl-a5f63cd0-adde-411c-a334-77d0cb0a7b46/datanode-3/data/ratis/639165b5-8b9f-4e47-9f5d-f184f9a8231d/sm/snapshot.1_0
2022-08-09 13:51:35,944 [7ef00aaf-719f-4d6c-a113-08e756e8a738@group-F184F9A8231D-StateMachineUpdater] INFO  ratis.ContainerStateMachine (ContainerStateMachine.java:takeSnapshot(315)) - group-F184F9A8231D: Finished taking a snapshot at:(t:1, i:0) file:/home/runner/work/ozone/ozone/hadoop-ozone/integration-test/target/test-dir/MiniOzoneClusterImpl-a5f63cd0-adde-411c-a334-77d0cb0a7b46/datanode-3/data/ratis/639165b5-8b9f-4e47-9f5d-f184f9a8231d/sm/snapshot.1_0 took: 3 ms
2022-08-09 13:51:35,944 [7ef00aaf-719f-4d6c-a113-08e756e8a738@group-F184F9A8231D-StateMachineUpdater] INFO  impl.StateMachineUpdater (StateMachineUpdater.java:takeSnapshot(287)) - 7ef00aaf-719f-4d6c-a113-08e756e8a738@group-F184F9A8231D-StateMachineUpdater: Took a snapshot at index 0
2022-08-09 13:51:35,944 [7ef00aaf-719f-4d6c-a113-08e756e8a738@group-F184F9A8231D-StateMachineUpdater] INFO  impl.StateMachineUpdater (StateMachineUpdater.java:lambda$new$0(92)) - 7ef00aaf-719f-4d6c-a113-08e756e8a738@group-F184F9A8231D-StateMachineUpdater: snapshotIndex: updateIncreasingly -1 -> 0
2022-08-09 13:51:35,952 [Listener at 127.0.0.1/45023] INFO  server.RaftServer$Division (ServerState.java:close(429)) - 7ef00aaf-719f-4d6c-a113-08e756e8a738@group-F184F9A8231D: closes. applyIndex: 0
2022-08-09 13:51:35,952 [7ef00aaf-719f-4d6c-a113-08e756e8a738@group-F184F9A8231D-SegmentedRaftLogWorker] INFO  segmented.SegmentedRaftLogWorker (SegmentedRaftLogWorker.java:run(336)) - 7ef00aaf-719f-4d6c-a113-08e756e8a738@group-F184F9A8231D-SegmentedRaftLogWorker was interrupted, exiting. There are 0 tasks remaining in the queue.
2022-08-09 13:51:35,952 [Listener at 127.0.0.1/45023] INFO  segmented.SegmentedRaftLogWorker (SegmentedRaftLogWorker.java:close(246)) - 7ef00aaf-719f-4d6c-a113-08e756e8a738@group-F184F9A8231D-SegmentedRaftLogWorker close()
2022-08-09 13:51:35,953 [Listener at 127.0.0.1/45023] INFO  server.GrpcService (GrpcService.java:closeImpl(269)) - 7ef00aaf-719f-4d6c-a113-08e756e8a738: shutdown server with port 35461 now
2022-08-09 13:51:35,981 [Listener at 127.0.0.1/45023] INFO  server.GrpcService (GrpcService.java:closeImpl(278)) - 7ef00aaf-719f-4d6c-a113-08e756e8a738: shutdown server with port 35461 successfully
2022-08-09 13:51:35,981 [org.apache.ratis.util.JvmPauseMonitor$$Lambda$615/629946574@18a65b2d] INFO  util.JvmPauseMonitor (JvmPauseMonitor.java:run(109)) - JvmPauseMonitor-7ef00aaf-719f-4d6c-a113-08e756e8a738: Stopped
2022-08-09 13:51:37,532 [UnderReplicatedQueueThreadThread] INFO  replication.UnderReplicatedProcessor (UnderReplicatedProcessor.java:processAll(85)) - Processed 0 under replicated containers, failed processing 0
2022-08-09 13:51:37,541 [OverReplicatedQueueThreadThread] INFO  replication.OverReplicatedProcessor (OverReplicatedProcessor.java:processAll(83)) - Processed 0 over replicated containers, failed processing 0
2022-08-09 13:51:38,032 [Listener at 127.0.0.1/45023] INFO  utils.BackgroundService (BackgroundService.java:shutdown(141)) - Shutting down service BlockDeletingService
2022-08-09 13:51:38,033 [Listener at 127.0.0.1/45023] INFO  utils.BackgroundService (BackgroundService.java:shutdown(141)) - Shutting down service StaleRecoveringContainerScrubbingService
2022-08-09 13:51:41,049 [Listener at 127.0.0.1/45023] INFO  statemachine.DatanodeStateMachine (DatanodeStateMachine.java:stopDaemon(580)) - Ozone container server stopped.
2022-08-09 13:51:41,058 [Listener at 127.0.0.1/45023] INFO  handler.ContextHandler (ContextHandler.java:doStop(1153)) - Stopped o.e.j.w.WebAppContext@52f95c26{hddsDatanode,/,null,STOPPED}{jar:file:/home/runner/.m2/repository/org/apache/ozone/hdds-container-service/1.3.0-SNAPSHOT/hdds-container-service-1.3.0-SNAPSHOT.jar!/webapps/hddsDatanode}
2022-08-09 13:51:41,064 [Listener at 127.0.0.1/45023] INFO  server.AbstractConnector (AbstractConnector.java:doStop(381)) - Stopped ServerConnector@5bbfa9d4{HTTP/1.1, (http/1.1)}{0.0.0.0:0}
2022-08-09 13:51:41,064 [Listener at 127.0.0.1/45023] INFO  server.session (HouseKeeper.java:stopScavenging(149)) - node0 Stopped scavenging
2022-08-09 13:51:41,064 [Listener at 127.0.0.1/45023] INFO  handler.ContextHandler (ContextHandler.java:doStop(1153)) - Stopped o.e.j.s.ServletContextHandler@102b7e0b{static,/static,jar:file:/home/runner/.m2/repository/org/apache/ozone/hdds-container-service/1.3.0-SNAPSHOT/hdds-container-service-1.3.0-SNAPSHOT.jar!/webapps/static,STOPPED}
2022-08-09 13:51:41,078 [Listener at 127.0.0.1/45023] INFO  handler.ContextHandler (ContextHandler.java:doStop(1153)) - Stopped o.e.j.s.ServletContextHandler@548f039b{logs,/logs,file:///home/runner/work/ozone/ozone/hadoop-ozone/integration-test/target/log,STOPPED}
2022-08-09 13:51:41,080 [Listener at 127.0.0.1/45023] INFO  ozone.MiniOzoneClusterImpl (MiniOzoneClusterImpl.java:stopSCM(537)) - Stopping the StorageContainerManager
2022-08-09 13:51:41,081 [Listener at 127.0.0.1/45023] INFO  server.StorageContainerManager (StorageContainerManager.java:stop(1552)) - Container Balancer is not running.
2022-08-09 13:51:41,081 [Listener at 127.0.0.1/45023] INFO  server.StorageContainerManager (StorageContainerManager.java:stop(1559)) - Stopping Replication Manager Service.
2022-08-09 13:51:41,081 [Listener at 127.0.0.1/45023] INFO  replication.ReplicationManager (ReplicationManager.java:stop(233)) - Stopping Replication Monitor Thread.
2022-08-09 13:51:41,081 [ReplicationMonitor] INFO  replication.ReplicationManager (ReplicationManager.java:run(466)) - Replication Monitor Thread is stopped
2022-08-09 13:51:41,081 [Listener at 127.0.0.1/45023] INFO  server.StorageContainerManager (StorageContainerManager.java:stop(1566)) - Stopping the Datanode Admin Monitor.
2022-08-09 13:51:41,083 [Listener at 127.0.0.1/45023] INFO  server.StorageContainerManager (StorageContainerManager.java:stop(1573)) - Stopping Lease Manager of the command watchers
2022-08-09 13:51:41,083 [Listener at 127.0.0.1/45023] INFO  server.StorageContainerManager (StorageContainerManager.java:stop(1580)) - Stopping datanode service RPC server
2022-08-09 13:51:41,083 [Listener at 127.0.0.1/45023] INFO  server.SCMDatanodeProtocolServer (SCMDatanodeProtocolServer.java:stop(414)) - Stopping the RPC server for DataNodes
2022-08-09 13:51:41,083 [Listener at 127.0.0.1/45023] INFO  ipc.Server (Server.java:stop(3414)) - Stopping server on 38209
2022-08-09 13:51:41,085 [IPC Server listener on 0] INFO  ipc.Server (Server.java:run(1376)) - Stopping IPC Server listener on 0
2022-08-09 13:51:41,113 [IPC Server Responder] INFO  ipc.Server (Server.java:run(1512)) - Stopping IPC Server Responder
2022-08-09 13:51:41,153 [SCM Heartbeat Processing Thread - 0] WARN  node.NodeStateManager (NodeStateManager.java:scheduleNextHealthCheck(870)) - Current Thread is interrupted, shutting down HB processing thread for Node Manager.
2022-08-09 13:51:41,157 [Listener at 127.0.0.1/45023] INFO  server.StorageContainerManager (StorageContainerManager.java:stop(1588)) - Stopping block service RPC server
2022-08-09 13:51:41,157 [Listener at 127.0.0.1/45023] INFO  server.SCMBlockProtocolServer (SCMBlockProtocolServer.java:stop(161)) - Stopping the RPC server for Block Protocol
2022-08-09 13:51:41,157 [Listener at 127.0.0.1/45023] INFO  ipc.Server (Server.java:stop(3414)) - Stopping server on 36263
2022-08-09 13:51:41,159 [Listener at 127.0.0.1/45023] INFO  server.StorageContainerManager (StorageContainerManager.java:stop(1595)) - Stopping the StorageContainerLocationProtocol RPC server
2022-08-09 13:51:41,159 [Listener at 127.0.0.1/45023] INFO  server.SCMClientProtocolServer (SCMClientProtocolServer.java:stop(179)) - Stopping the RPC server for Client Protocol
2022-08-09 13:51:41,159 [Listener at 127.0.0.1/45023] INFO  ipc.Server (Server.java:stop(3414)) - Stopping server on 37017
2022-08-09 13:51:41,161 [IPC Server Responder] INFO  ipc.Server (Server.java:run(1512)) - Stopping IPC Server Responder
2022-08-09 13:51:41,162 [IPC Server listener on 0] INFO  ipc.Server (Server.java:run(1376)) - Stopping IPC Server listener on 0
2022-08-09 13:51:41,178 [Listener at 127.0.0.1/45023] INFO  server.StorageContainerManager (StorageContainerManager.java:stop(1602)) - Stopping Storage Container Manager HTTP server.
2022-08-09 13:51:41,179 [Listener at 127.0.0.1/45023] INFO  handler.ContextHandler (ContextHandler.java:doStop(1153)) - Stopped o.e.j.w.WebAppContext@c6610a9{scm,/,null,STOPPED}{file:/home/runner/work/ozone/ozone/hadoop-ozone/integration-test/target/test-classes/webapps/scm}
2022-08-09 13:51:41,179 [IPC Server listener on 0] INFO  ipc.Server (Server.java:run(1376)) - Stopping IPC Server listener on 0
2022-08-09 13:51:41,179 [IPC Server Responder] INFO  ipc.Server (Server.java:run(1512)) - Stopping IPC Server Responder
2022-08-09 13:51:41,215 [Listener at 127.0.0.1/45023] INFO  server.AbstractConnector (AbstractConnector.java:doStop(381)) - Stopped ServerConnector@40e57ed0{HTTP/1.1, (http/1.1)}{0.0.0.0:0}
2022-08-09 13:51:41,215 [Listener at 127.0.0.1/45023] INFO  server.session (HouseKeeper.java:stopScavenging(149)) - node0 Stopped scavenging
2022-08-09 13:51:41,216 [Listener at 127.0.0.1/45023] INFO  handler.ContextHandler (ContextHandler.java:doStop(1153)) - Stopped o.e.j.s.ServletContextHandler@337f81c6{static,/static,file:///home/runner/work/ozone/ozone/hadoop-ozone/integration-test/target/test-classes/webapps/static,STOPPED}
2022-08-09 13:51:41,216 [Listener at 127.0.0.1/45023] INFO  handler.ContextHandler (ContextHandler.java:doStop(1153)) - Stopped o.e.j.s.ServletContextHandler@84cba81{logs,/logs,file:///home/runner/work/ozone/ozone/hadoop-ozone/integration-test/target/log,STOPPED}
2022-08-09 13:51:41,222 [Listener at 127.0.0.1/45023] INFO  server.StorageContainerManager (StorageContainerManager.java:stop(1613)) - Stopping Block Manager Service.
2022-08-09 13:51:41,222 [Listener at 127.0.0.1/45023] INFO  utils.BackgroundService (BackgroundService.java:shutdown(141)) - Shutting down service SCMBlockDeletingService
2022-08-09 13:51:41,223 [Listener at 127.0.0.1/45023] INFO  utils.BackgroundService (BackgroundService.java:shutdown(141)) - Shutting down service SCMBlockDeletingService
2022-08-09 13:51:41,223 [Listener at 127.0.0.1/45023] INFO  server.StorageContainerManager (StorageContainerManager.java:stop(1640)) - Stopping SCM Event Queue.
2022-08-09 13:51:41,229 [Listener at 127.0.0.1/45023] INFO  server.StorageContainerManager (StorageContainerManager.java:stop(1651)) - Stopping SCM HA services.
2022-08-09 13:51:41,229 [Listener at 127.0.0.1/45023] INFO  pipeline.BackgroundPipelineCreator (BackgroundPipelineCreator.java:stop(149)) - Stopping RatisPipelineUtilsThread.
2022-08-09 13:51:41,229 [RatisPipelineUtilsThread - 0] WARN  pipeline.BackgroundPipelineCreator (BackgroundPipelineCreator.java:run(180)) - RatisPipelineUtilsThread is interrupted.
2022-08-09 13:51:41,230 [BackgroundPipelineScrubberThread] WARN  BackgroundPipelineScrubber (BackgroundSCMService.java:run(115)) - BackgroundPipelineScrubber is interrupted, exit
2022-08-09 13:51:41,230 [Listener at 127.0.0.1/45023] INFO  BackgroundPipelineScrubber (BackgroundSCMService.java:stop(131)) - Stopping BackgroundPipelineScrubber Service.
2022-08-09 13:51:41,230 [Listener at 127.0.0.1/45023] INFO  server.StorageContainerManager (StorageContainerManager.java:stop(1661)) - Stopping SCM MetadataStore.
2022-08-09 13:51:41,232 [Listener at 127.0.0.1/45023] INFO  impl.MetricsSystemImpl (MetricsSystemImpl.java:stop(210)) - Stopping HddsDatanode metrics system...
2022-08-09 13:51:41,325 [prometheus] INFO  impl.MetricsSinkAdapter (MetricsSinkAdapter.java:publishMetricsFromQueue(141)) - prometheus thread interrupted.
2022-08-09 13:51:41,329 [Listener at 127.0.0.1/45023] INFO  impl.MetricsSystemImpl (MetricsSystemImpl.java:stop(216)) - HddsDatanode metrics system stopped.
2022-08-09 13:51:41,700 [Listener at 127.0.0.1/45023] WARN  server.ServerUtils (ServerUtils.java:getScmDbDir(148)) - ozone.scm.db.dirs is not configured. We recommend adding this setting. Falling back to ozone.metadata.dirs instead.
2022-08-09 13:51:41,719 [Listener at 127.0.0.1/45023] WARN  server.ServerUtils (ServerUtils.java:getScmDbDir(148)) - ozone.scm.db.dirs is not configured. We recommend adding this setting. Falling back to ozone.metadata.dirs instead.
2022-08-09 13:51:41,719 [Listener at 127.0.0.1/45023] INFO  ha.SCMHANodeDetails (SCMHANodeDetails.java:loadSCMHAConfig(209)) - ServiceID for StorageContainerManager is null
2022-08-09 13:51:41,719 [Listener at 127.0.0.1/45023] INFO  ha.SCMHANodeDetails (SCMHANodeDetails.java:loadSCMHAConfig(214)) - ozone.scm.default.service.id is not defined, falling back to ozone.scm.service.ids to find serviceID for StorageContainerManager if it is HA enabled cluster
2022-08-09 13:51:41,720 [Listener at 127.0.0.1/45023] WARN  utils.HAUtils (HAUtils.java:getMetaDir(342)) - ozone.scm.db.dirs is not configured. We recommend adding this setting. Falling back to ozone.metadata.dirs instead.
2022-08-09 13:51:41,721 [Listener at 127.0.0.1/45023] WARN  db.DBStoreBuilder (DBStoreBuilder.java:applyDBDefinition(146)) - ozone.scm.db.dirs is not configured. We recommend adding this setting. Falling back to ozone.metadata.dirs instead.
2022-08-09 13:51:41,984 [Listener at 127.0.0.1/45023] INFO  net.NodeSchemaLoader (NodeSchemaLoader.java:loadSchemaFromFile(129)) - Loading schema from [jar:file:/home/runner/.m2/repository/org/apache/ozone/hdds-common/1.3.0-SNAPSHOT/hdds-common-1.3.0-SNAPSHOT.jar!/network-topology-default.xml]
2022-08-09 13:51:41,984 [Listener at 127.0.0.1/45023] INFO  net.NodeSchemaLoader (NodeSchemaLoader.java:loadSchema(176)) - Loading network topology layer schema file
2022-08-09 13:51:42,014 [Listener at 127.0.0.1/45023] INFO  upgrade.AbstractLayoutVersionManager (AbstractLayoutVersionManager.java:init(83)) - Initializing Layout version manager with metadata layout = DATANODE_SCHEMA_V3 (version = 4), software layout = DATANODE_SCHEMA_V3 (version = 4)
2022-08-09 13:51:42,118 [Listener at 127.0.0.1/45023] INFO  reflections.Reflections (Reflections.java:scan(232)) - Reflections took 103 ms to scan 7 urls, producing 132 keys and 321 values 
2022-08-09 13:51:42,120 [Listener at 127.0.0.1/45023] INFO  ha.SequenceIdGenerator (SequenceIdGenerator.java:upgradeToSequenceId(349)) - upgrade localId to 109611004723200000
2022-08-09 13:51:42,120 [Listener at 127.0.0.1/45023] INFO  ha.SequenceIdGenerator (SequenceIdGenerator.java:upgradeToSequenceId(359)) - upgrade delTxnId to 0
2022-08-09 13:51:42,120 [Listener at 127.0.0.1/45023] INFO  ha.SequenceIdGenerator (SequenceIdGenerator.java:upgradeToSequenceId(376)) - upgrade containerId to 0
2022-08-09 13:51:42,120 [Listener at 127.0.0.1/45023] INFO  ha.SequenceIdGenerator (SequenceIdGenerator.java:<init>(220)) - Init the HA SequenceIdGenerator.
2022-08-09 13:51:42,121 [Listener at 127.0.0.1/45023] WARN  server.ServerUtils (ServerUtils.java:sanitizeUserArgs(73)) - ozone.scm.stale.node.interval value = 300000 is larger than max = 100000 based on the key value of ozone.scm.heartbeat.thread.interval, reset to the max value 100000.
2022-08-09 13:51:42,121 [Listener at 127.0.0.1/45023] WARN  server.ServerUtils (ServerUtils.java:sanitizeUserArgs(73)) - ozone.scm.stale.node.interval value = 300000 is larger than max = 100000 based on the key value of ozone.scm.heartbeat.thread.interval, reset to the max value 100000.
2022-08-09 13:51:42,156 [Listener at 127.0.0.1/45023] INFO  node.SCMNodeManager (SCMNodeManager.java:<init>(149)) - Entering startup safe mode.
2022-08-09 13:51:42,157 [Listener at 127.0.0.1/45023] INFO  algorithms.ContainerPlacementPolicyFactory (ContainerPlacementPolicyFactory.java:getPolicyInternal(86)) - Create container placement policy of type org.apache.hadoop.hdds.scm.container.placement.algorithms.SCMContainerPlacementRandom
2022-08-09 13:51:42,157 [Listener at 127.0.0.1/45023] INFO  algorithms.ContainerPlacementPolicyFactory (ContainerPlacementPolicyFactory.java:getPolicyInternal(86)) - Create container placement policy of type org.apache.hadoop.hdds.scm.container.placement.algorithms.SCMContainerPlacementRackScatter
2022-08-09 13:51:42,157 [Listener at 127.0.0.1/45023] INFO  pipeline.PipelineStateManagerImpl (PipelineStateManagerImpl.java:initialize(78)) - No pipeline exists in current db
2022-08-09 13:51:42,158 [Listener at 127.0.0.1/45023] INFO  algorithms.LeaderChoosePolicyFactory (LeaderChoosePolicyFactory.java:getPolicy(57)) - Create leader choose policy of type org.apache.hadoop.hdds.scm.pipeline.leader.choose.algorithms.MinLeaderCountChoosePolicy
2022-08-09 13:51:42,158 [Listener at 127.0.0.1/45023] INFO  algorithms.ContainerPlacementPolicyFactory (ContainerPlacementPolicyFactory.java:getPolicyInternal(86)) - Create container placement policy of type org.apache.hadoop.hdds.scm.container.placement.algorithms.SCMContainerPlacementRackScatter
2022-08-09 13:51:42,158 [Listener at 127.0.0.1/45023] INFO  ha.SCMServiceManager (SCMServiceManager.java:register(42)) - Registering service BackgroundPipelineCreator.
2022-08-09 13:51:42,158 [Listener at 127.0.0.1/45023] INFO  pipeline.BackgroundPipelineCreator (BackgroundPipelineCreator.java:start(124)) - Starting RatisPipelineUtilsThread.
2022-08-09 13:51:42,158 [Listener at 127.0.0.1/45023] INFO  BackgroundPipelineScrubber (BackgroundSCMService.java:start(68)) - Starting BackgroundPipelineScrubber Service.
2022-08-09 13:51:42,173 [Listener at 127.0.0.1/45023] INFO  ha.SCMServiceManager (SCMServiceManager.java:register(42)) - Registering service BackgroundPipelineScrubber.
2022-08-09 13:51:42,173 [Listener at 127.0.0.1/45023] INFO  ExpiredContainerReplicaOpScrubber (BackgroundSCMService.java:start(68)) - Starting ExpiredContainerReplicaOpScrubber Service.
2022-08-09 13:51:42,185 [Listener at 127.0.0.1/45023] INFO  ha.SCMServiceManager (SCMServiceManager.java:register(42)) - Registering service ExpiredContainerReplicaOpScrubber.
2022-08-09 13:51:42,185 [Listener at 127.0.0.1/45023] INFO  algorithms.PipelineChoosePolicyFactory (PipelineChoosePolicyFactory.java:createPipelineChoosePolicyFromClass(73)) - Create pipeline choose policy of type org.apache.hadoop.hdds.scm.pipeline.choose.algorithms.RandomPipelineChoosePolicy
2022-08-09 13:51:42,186 [Listener at 127.0.0.1/45023] INFO  ha.SCMServiceManager (SCMServiceManager.java:register(42)) - Registering service SCMBlockDeletingService.
2022-08-09 13:51:42,186 [Listener at 127.0.0.1/45023] INFO  replication.ReplicationManager (ReplicationManager.java:start(200)) - Starting Replication Monitor Thread.
2022-08-09 13:51:42,187 [Listener at 127.0.0.1/45023] INFO  UnderReplicatedQueueThread (BackgroundSCMService.java:start(68)) - Starting UnderReplicatedQueueThread Service.
2022-08-09 13:51:42,187 [Listener at 127.0.0.1/45023] INFO  ha.SCMServiceManager (SCMServiceManager.java:register(42)) - Registering service UnderReplicatedQueueThread.
2022-08-09 13:51:42,187 [Listener at 127.0.0.1/45023] INFO  OverReplicatedQueueThread (BackgroundSCMService.java:start(68)) - Starting OverReplicatedQueueThread Service.
2022-08-09 13:51:42,188 [Listener at 127.0.0.1/45023] INFO  ha.SCMServiceManager (SCMServiceManager.java:register(42)) - Registering service OverReplicatedQueueThread.
2022-08-09 13:51:42,188 [Listener at 127.0.0.1/45023] INFO  ha.SCMServiceManager (SCMServiceManager.java:register(42)) - Registering service ReplicationManager.
2022-08-09 13:51:42,188 [Listener at 127.0.0.1/45023] INFO  safemode.ContainerSafeModeRule (ContainerSafeModeRule.java:<init>(89)) - containers with one replica threshold count 0
2022-08-09 13:51:42,188 [Listener at 127.0.0.1/45023] INFO  safemode.HealthyPipelineSafeModeRule (HealthyPipelineSafeModeRule.java:initializeRule(169)) - Total pipeline count is 0, healthy pipeline threshold count is 1
2022-08-09 13:51:42,188 [Listener at 127.0.0.1/45023] INFO  safemode.OneReplicaPipelineSafeModeRule (OneReplicaPipelineSafeModeRule.java:initializeRule(180)) - Total pipeline count is 0, pipeline's with at least one datanode reported threshold count is 0
2022-08-09 13:51:42,189 [Listener at 127.0.0.1/45023] INFO  ipc.CallQueueManager (CallQueueManager.java:<init>(90)) - Using callQueue: class java.util.concurrent.LinkedBlockingQueue, queueCapacity: 2000, scheduler: class org.apache.hadoop.ipc.DefaultRpcScheduler, ipcBackoff: false.
2022-08-09 13:51:42,189 [Socket Reader #1 for port 0] INFO  ipc.Server (Server.java:run(1265)) - Starting Socket Reader #1 for port 0
2022-08-09 13:51:42,190 [Listener at 0.0.0.0/36105] INFO  ipc.CallQueueManager (CallQueueManager.java:<init>(90)) - Using callQueue: class java.util.concurrent.LinkedBlockingQueue, queueCapacity: 2000, scheduler: class org.apache.hadoop.ipc.DefaultRpcScheduler, ipcBackoff: false.
2022-08-09 13:51:42,190 [Socket Reader #1 for port 0] INFO  ipc.Server (Server.java:run(1265)) - Starting Socket Reader #1 for port 0
2022-08-09 13:51:42,191 [Listener at 0.0.0.0/34067] INFO  ipc.CallQueueManager (CallQueueManager.java:<init>(90)) - Using callQueue: class java.util.concurrent.LinkedBlockingQueue, queueCapacity: 2000, scheduler: class org.apache.hadoop.ipc.DefaultRpcScheduler, ipcBackoff: false.
2022-08-09 13:51:42,192 [Socket Reader #1 for port 0] INFO  ipc.Server (Server.java:run(1265)) - Starting Socket Reader #1 for port 0
2022-08-09 13:51:42,201 [ReplicationMonitor] INFO  replication.ReplicationManager (ReplicationManager.java:processAll(249)) - Replication Manager is not ready to run until 3000ms after safemode exit
2022-08-09 13:51:42,271 [Listener at 0.0.0.0/34375] INFO  ha.SCMServiceManager (SCMServiceManager.java:register(42)) - Registering service ContainerBalancer.
2022-08-09 13:51:42,271 [Listener at 0.0.0.0/34375] INFO  server.StorageContainerManager (StorageContainerManager.java:<init>(406)) - 
Container Balancer status:
Key                            Value
Running                        false
Container Balancer Configuration values:
Key                                                Value
Threshold                                          10
Max Datanodes to Involve per Iteration(percent)    20
Max Size to Move per Iteration                     500GB
Max Size Entering Target per Iteration             26GB
Max Size Leaving Source per Iteration              26GB

2022-08-09 13:51:42,272 [Listener at 0.0.0.0/34375] WARN  events.EventQueue (EventQueue.java:fireEvent(216)) - No event handler registered for event TypedEvent{payloadType=SafeModeStatus, name='Safe mode status'}
2022-08-09 13:51:42,272 [Listener at 0.0.0.0/34375] INFO  ha.SCMContext (SCMContext.java:updateSafeModeStatus(228)) - Update SafeModeStatus from SafeModeStatus{safeModeStatus=true, preCheckPassed=false} to SafeModeStatus{safeModeStatus=true, preCheckPassed=false}.
2022-08-09 13:51:42,272 [Listener at 0.0.0.0/34375] INFO  server.StorageContainerManager (StorageContainerManager.java:start(1460)) - StorageContainerLocationProtocol RPC server is listening at /0.0.0.0:34375
2022-08-09 13:51:42,317 [Listener at 0.0.0.0/34375] WARN  impl.MetricsConfig (MetricsConfig.java:loadFirst(136)) - Cannot locate configuration: tried hadoop-metrics2-storagecontainermanager.properties,hadoop-metrics2.properties
2022-08-09 13:51:42,340 [Listener at 0.0.0.0/34375] INFO  impl.MetricsSystemImpl (MetricsSystemImpl.java:startTimer(378)) - Scheduled Metric snapshot period at 10 second(s).
2022-08-09 13:51:42,341 [Listener at 0.0.0.0/34375] INFO  impl.MetricsSystemImpl (MetricsSystemImpl.java:start(191)) - StorageContainerManager metrics system started
2022-08-09 13:51:42,439 [Listener at 0.0.0.0/34375] INFO  impl.MetricsSinkAdapter (MetricsSinkAdapter.java:start(204)) - Sink prometheus started
2022-08-09 13:51:42,439 [Listener at 0.0.0.0/34375] INFO  impl.MetricsSystemImpl (MetricsSystemImpl.java:registerSink(305)) - Registered sink prometheus
2022-08-09 13:51:42,570 [Listener at 0.0.0.0/34375] INFO  server.SCMClientProtocolServer (SCMClientProtocolServer.java:start(170)) - RPC server for Client  is listening at /0.0.0.0:34375
2022-08-09 13:51:42,570 [IPC Server Responder] INFO  ipc.Server (Server.java:run(1507)) - IPC Server Responder: starting
2022-08-09 13:51:42,571 [IPC Server listener on 0] INFO  ipc.Server (Server.java:run(1344)) - IPC Server listener on 0: starting
2022-08-09 13:51:42,572 [Listener at 0.0.0.0/34375] INFO  server.StorageContainerManager (StorageContainerManager.java:start(1475)) - ScmBlockLocationProtocol RPC server is listening at /0.0.0.0:34067
2022-08-09 13:51:42,572 [Listener at 0.0.0.0/34375] INFO  server.SCMBlockProtocolServer (SCMBlockProtocolServer.java:start(152)) - RPC server for Block Protocol is listening at /0.0.0.0:34067
2022-08-09 13:51:42,572 [IPC Server Responder] INFO  ipc.Server (Server.java:run(1507)) - IPC Server Responder: starting
2022-08-09 13:51:42,573 [IPC Server listener on 0] INFO  ipc.Server (Server.java:run(1344)) - IPC Server listener on 0: starting
2022-08-09 13:51:42,618 [Listener at 0.0.0.0/34375] INFO  server.SCMDatanodeProtocolServer (SCMDatanodeProtocolServer.java:start(186)) - ScmDatanodeProtocol RPC server for DataNodes is listening at /0.0.0.0:36105
2022-08-09 13:51:42,618 [IPC Server Responder] INFO  ipc.Server (Server.java:run(1507)) - IPC Server Responder: starting
2022-08-09 13:51:42,619 [IPC Server listener on 0] INFO  ipc.Server (Server.java:run(1344)) - IPC Server listener on 0: starting
2022-08-09 13:51:42,622 [Listener at 0.0.0.0/34375] INFO  http.BaseHttpServer (BaseHttpServer.java:newHttpServer2BuilderForOzone(209)) - Starting Web-server for scm at: http://0.0.0.0:0
2022-08-09 13:51:42,622 [Listener at 0.0.0.0/34375] INFO  http.BaseHttpServer (BaseHttpServer.java:<init>(107)) - Hadoop Security Enabled: false Ozone Security Enabled: false Ozone HTTP Security Enabled: false 
2022-08-09 13:51:42,623 [Listener at 0.0.0.0/34375] INFO  server.AuthenticationFilter (AuthenticationFilter.java:constructSecretProvider(240)) - Unable to initialize FileSignerSecretProvider, falling back to use random secrets.
2022-08-09 13:51:42,633 [Listener at 0.0.0.0/34375] WARN  http.HttpRequestLog (HttpRequestLog.java:getRequestLog(103)) - Jetty request log can only be enabled using Log4j
2022-08-09 13:51:42,634 [Listener at 0.0.0.0/34375] INFO  http.HttpServer2 (HttpServer2.java:addGlobalFilter(1029)) - Added global filter 'safety' (class=org.apache.hadoop.hdds.server.http.HttpServer2$QuotingInputFilter)
2022-08-09 13:51:42,635 [Listener at 0.0.0.0/34375] INFO  http.HttpServer2 (HttpServer2.java:addFilter(1005)) - Added filter static_user_filter (class=org.apache.hadoop.http.lib.StaticUserWebFilter$StaticUserFilter) to context scm
2022-08-09 13:51:42,635 [Listener at 0.0.0.0/34375] INFO  http.HttpServer2 (HttpServer2.java:addFilter(1013)) - Added filter static_user_filter (class=org.apache.hadoop.http.lib.StaticUserWebFilter$StaticUserFilter) to context static
2022-08-09 13:51:42,635 [Listener at 0.0.0.0/34375] INFO  http.HttpServer2 (HttpServer2.java:addFilter(1013)) - Added filter static_user_filter (class=org.apache.hadoop.http.lib.StaticUserWebFilter$StaticUserFilter) to context logs
2022-08-09 13:51:42,635 [Listener at 0.0.0.0/34375] INFO  http.HttpServer2 (HttpServer2.java:bindListener(1248)) - Jetty bound to port 42865
2022-08-09 13:51:42,635 [Listener at 0.0.0.0/34375] INFO  server.Server (Server.java:doStart(375)) - jetty-9.4.43.v20210629; built: 2021-06-30T11:07:22.254Z; git: 526006ecfa3af7f1a27ef3a288e2bef7ea9dd7e8; jvm 1.8.0_332-b09
2022-08-09 13:51:42,681 [Listener at 0.0.0.0/34375] INFO  server.session (DefaultSessionIdManager.java:doStart(334)) - DefaultSessionIdManager workerName=node0
2022-08-09 13:51:42,681 [Listener at 0.0.0.0/34375] INFO  server.session (DefaultSessionIdManager.java:doStart(339)) - No SessionScavenger set, using defaults
2022-08-09 13:51:42,682 [Listener at 0.0.0.0/34375] INFO  server.session (HouseKeeper.java:startScavenging(132)) - node0 Scavenging every 600000ms
2022-08-09 13:51:42,682 [Listener at 0.0.0.0/34375] INFO  handler.ContextHandler (ContextHandler.java:doStart(915)) - Started o.e.j.s.ServletContextHandler@a37a150{logs,/logs,file:///home/runner/work/ozone/ozone/hadoop-ozone/integration-test/target/log,AVAILABLE}
2022-08-09 13:51:42,682 [Listener at 0.0.0.0/34375] INFO  handler.ContextHandler (ContextHandler.java:doStart(915)) - Started o.e.j.s.ServletContextHandler@5a6535d7{static,/static,file:///home/runner/work/ozone/ozone/hadoop-ozone/integration-test/target/test-classes/webapps/static,AVAILABLE}
2022-08-09 13:51:42,705 [org.apache.hadoop.util.JvmPauseMonitor$Monitor@4fff479d] INFO  util.JvmPauseMonitor (JvmPauseMonitor.java:run(188)) - Starting JVM pause monitor
2022-08-09 13:51:42,707 [Listener at 0.0.0.0/34375] INFO  handler.ContextHandler (ContextHandler.java:doStart(915)) - Started o.e.j.w.WebAppContext@6408ce3c{scm,/,file:///home/runner/work/ozone/ozone/hadoop-ozone/integration-test/target/test-classes/webapps/scm/,AVAILABLE}{file:/home/runner/work/ozone/ozone/hadoop-ozone/integration-test/target/test-classes/webapps/scm}
2022-08-09 13:51:42,757 [Listener at 0.0.0.0/34375] INFO  server.AbstractConnector (AbstractConnector.java:doStart(331)) - Started ServerConnector@7ea7f02b{HTTP/1.1, (http/1.1)}{0.0.0.0:42865}
2022-08-09 13:51:42,757 [Listener at 0.0.0.0/34375] INFO  server.Server (Server.java:doStart(415)) - Started @289491ms
2022-08-09 13:51:42,757 [Listener at 0.0.0.0/34375] WARN  impl.MetricsSystemImpl (MetricsSystemImpl.java:register(279)) - Sink prometheus already exists!
2022-08-09 13:51:42,761 [Listener at 0.0.0.0/34375] INFO  http.BaseHttpServer (BaseHttpServer.java:updateConnectorAddress(329)) - HTTP server of scm listening at http://0.0.0.0:42865
2022-08-09 13:51:42,761 [Listener at 0.0.0.0/34375] WARN  server.ServerUtils (ServerUtils.java:getDBPath(225)) - ozone.om.db.dirs is not configured. We recommend adding this setting. Falling back to ozone.metadata.dirs instead.
2022-08-09 13:51:42,768 [Listener at 0.0.0.0/34375] INFO  ha.OMHANodeDetails (OMHANodeDetails.java:loadOMHAConfig(115)) - ozone.om.internal.service.id is not defined, falling back to ozone.om.service.ids to find serviceID for OzoneManager if it is HA enabled cluster
2022-08-09 13:51:42,769 [Listener at 0.0.0.0/34375] INFO  ha.OMHANodeDetails (OMHANodeDetails.java:loadOMHAConfig(226)) - Configuration does not have ozone.om.address set. Falling back to the default OM address /127.0.0.1:0
2022-08-09 13:51:42,769 [Listener at 0.0.0.0/34375] INFO  ha.OMHANodeDetails (OMHANodeDetails.java:getOMNodeDetailsForNonHA(254)) - OM Service ID is not set. Setting it to the default ID: omServiceIdDefault
2022-08-09 13:51:42,769 [Listener at 0.0.0.0/34375] INFO  ha.OMHANodeDetails (OMHANodeDetails.java:getOMNodeDetailsForNonHA(261)) - OM Node ID is not set. Setting it to the default ID: om1
2022-08-09 13:51:42,769 [Listener at 0.0.0.0/34375] WARN  server.ServerUtils (ServerUtils.java:getDBPath(225)) - ozone.om.db.dirs is not configured. We recommend adding this setting. Falling back to ozone.metadata.dirs instead.
2022-08-09 13:51:42,769 [Listener at 0.0.0.0/34375] INFO  upgrade.AbstractLayoutVersionManager (AbstractLayoutVersionManager.java:init(83)) - Initializing Layout version manager with metadata layout = MULTITENANCY_SCHEMA (version = 3), software layout = MULTITENANCY_SCHEMA (version = 3)
2022-08-09 13:51:43,036 [Listener at 0.0.0.0/34375] INFO  reflections.Reflections (Reflections.java:scan(232)) - Reflections took 266 ms to scan 2 urls, producing 153 keys and 426 values [using 2 cores]
2022-08-09 13:51:43,037 [Listener at 0.0.0.0/34375] INFO  upgrade.OMLayoutVersionManager (OMLayoutVersionManager.java:lambda$0(115)) - Skipping Upgrade Action MockOmUpgradeAction since it has been finalized.
2022-08-09 13:51:43,037 [Listener at 0.0.0.0/34375] WARN  server.ServerUtils (ServerUtils.java:getDBPath(225)) - ozone.om.db.dirs is not configured. We recommend adding this setting. Falling back to ozone.metadata.dirs instead.
2022-08-09 13:51:43,037 [Listener at 0.0.0.0/34375] INFO  proxy.SCMBlockLocationFailoverProxyProvider (SCMBlockLocationFailoverProxyProvider.java:<init>(114)) - Created block location fail-over proxy with 1 nodes: [nodeId=scmNodeId,nodeAddress=/0.0.0.0:34067]
2022-08-09 13:51:43,042 [Listener at 0.0.0.0/34375] INFO  proxy.SCMBlockLocationFailoverProxyProvider (SCMBlockLocationFailoverProxyProvider.java:<init>(114)) - Created block location fail-over proxy with 1 nodes: [nodeId=scmNodeId,nodeAddress=/0.0.0.0:34067]
2022-08-09 13:51:43,085 [Listener at 0.0.0.0/34375] WARN  server.ServerUtils (ServerUtils.java:getDBPath(225)) - ozone.om.db.dirs is not configured. We recommend adding this setting. Falling back to ozone.metadata.dirs instead.
2022-08-09 13:51:43,086 [Listener at 0.0.0.0/34375] INFO  codec.OmKeyInfoCodec (OmKeyInfoCodec.java:<init>(49)) - OmKeyInfoCodec ignorePipeline = true
2022-08-09 13:51:43,086 [Listener at 0.0.0.0/34375] INFO  codec.RepeatedOmKeyInfoCodec (RepeatedOmKeyInfoCodec.java:<init>(41)) - RepeatedOmKeyInfoCodec ignorePipeline = true
2022-08-09 13:51:43,597 [Listener at 0.0.0.0/34375] INFO  om.OzoneManager (OzoneManager.java:instantiateServices(697)) - S3 Multi-Tenancy is disabled
2022-08-09 13:51:43,598 [Listener at 0.0.0.0/34375] INFO  om.OzoneManager (OzoneManager.java:addS3GVolumeToDB(4308)) - Created Volume s3v With Owner runner required for S3Gateway operations.
2022-08-09 13:51:43,599 [Listener at 0.0.0.0/34375] INFO  om.OzoneManager (OzoneManager.java:getRpcServer(1086)) - Creating RPC Server
2022-08-09 13:51:43,777 [Finalizer] WARN  managed.ManagedRocksObjectUtils (ManagedRocksObjectUtils.java:assertClosed(39)) - ManagedColumnFamilyOptions is not closed properly
2022-08-09 13:51:43,777 [Finalizer] WARN  managed.ManagedRocksObjectUtils (ManagedRocksObjectUtils.java:assertClosed(39)) - ManagedColumnFamilyOptions is not closed properly
2022-08-09 13:51:43,777 [Finalizer] WARN  managed.ManagedRocksObjectUtils (ManagedRocksObjectUtils.java:assertClosed(39)) - ManagedColumnFamilyOptions is not closed properly
2022-08-09 13:51:43,777 [Finalizer] WARN  managed.ManagedRocksObjectUtils (ManagedRocksObjectUtils.java:assertClosed(39)) - ManagedColumnFamilyOptions is not closed properly
2022-08-09 13:51:43,777 [Finalizer] WARN  managed.ManagedRocksObjectUtils (ManagedRocksObjectUtils.java:assertClosed(39)) - ManagedColumnFamilyOptions is not closed properly
2022-08-09 13:51:43,777 [Finalizer] WARN  managed.ManagedRocksObjectUtils (ManagedRocksObjectUtils.java:assertClosed(39)) - ManagedColumnFamilyOptions is not closed properly
2022-08-09 13:51:43,778 [Finalizer] WARN  managed.ManagedRocksObjectUtils (ManagedRocksObjectUtils.java:assertClosed(39)) - ManagedColumnFamilyOptions is not closed properly
2022-08-09 13:51:43,778 [Finalizer] WARN  managed.ManagedRocksObjectUtils (ManagedRocksObjectUtils.java:assertClosed(39)) - ManagedColumnFamilyOptions is not closed properly
2022-08-09 13:51:43,778 [Finalizer] WARN  managed.ManagedRocksObjectUtils (ManagedRocksObjectUtils.java:assertClosed(39)) - ManagedColumnFamilyOptions is not closed properly
2022-08-09 13:51:43,778 [Finalizer] WARN  managed.ManagedRocksObjectUtils (ManagedRocksObjectUtils.java:assertClosed(39)) - ManagedColumnFamilyOptions is not closed properly
2022-08-09 13:51:43,778 [Finalizer] WARN  managed.ManagedRocksObjectUtils (ManagedRocksObjectUtils.java:assertClosed(39)) - ManagedColumnFamilyOptions is not closed properly
2022-08-09 13:51:43,778 [Finalizer] WARN  managed.ManagedRocksObjectUtils (ManagedRocksObjectUtils.java:assertClosed(39)) - ManagedColumnFamilyOptions is not closed properly
2022-08-09 13:51:43,778 [Finalizer] WARN  managed.ManagedRocksObjectUtils (ManagedRocksObjectUtils.java:assertClosed(39)) - ManagedColumnFamilyOptions is not closed properly
2022-08-09 13:51:43,778 [Finalizer] WARN  managed.ManagedRocksObjectUtils (ManagedRocksObjectUtils.java:assertClosed(39)) - ManagedColumnFamilyOptions is not closed properly
2022-08-09 13:51:43,778 [Finalizer] WARN  managed.ManagedRocksObjectUtils (ManagedRocksObjectUtils.java:assertClosed(39)) - ManagedColumnFamilyOptions is not closed properly
2022-08-09 13:51:43,778 [Finalizer] WARN  managed.ManagedRocksObjectUtils (ManagedRocksObjectUtils.java:assertClosed(39)) - ManagedColumnFamilyOptions is not closed properly
2022-08-09 13:51:43,778 [Finalizer] WARN  managed.ManagedRocksObjectUtils (ManagedRocksObjectUtils.java:assertClosed(39)) - ManagedColumnFamilyOptions is not closed properly
2022-08-09 13:51:43,778 [Finalizer] WARN  managed.ManagedRocksObjectUtils (ManagedRocksObjectUtils.java:assertClosed(39)) - ManagedColumnFamilyOptions is not closed properly
2022-08-09 13:51:43,778 [Finalizer] WARN  managed.ManagedRocksObjectUtils (ManagedRocksObjectUtils.java:assertClosed(39)) - ManagedColumnFamilyOptions is not closed properly
2022-08-09 13:51:43,778 [Finalizer] WARN  managed.ManagedRocksObjectUtils (ManagedRocksObjectUtils.java:assertClosed(39)) - ManagedColumnFamilyOptions is not closed properly
2022-08-09 13:51:43,778 [Finalizer] WARN  managed.ManagedRocksObjectUtils (ManagedRocksObjectUtils.java:assertClosed(39)) - ManagedColumnFamilyOptions is not closed properly
2022-08-09 13:51:43,778 [Finalizer] WARN  managed.ManagedRocksObjectUtils (ManagedRocksObjectUtils.java:assertClosed(39)) - ManagedColumnFamilyOptions is not closed properly
2022-08-09 13:51:43,778 [Finalizer] WARN  managed.ManagedRocksObjectUtils (ManagedRocksObjectUtils.java:assertClosed(39)) - ManagedColumnFamilyOptions is not closed properly
2022-08-09 13:51:43,778 [Finalizer] WARN  managed.ManagedRocksObjectUtils (ManagedRocksObjectUtils.java:assertClosed(39)) - ManagedColumnFamilyOptions is not closed properly
2022-08-09 13:51:43,778 [Finalizer] WARN  managed.ManagedRocksObjectUtils (ManagedRocksObjectUtils.java:assertClosed(39)) - ManagedColumnFamilyOptions is not closed properly
2022-08-09 13:51:43,778 [Finalizer] WARN  managed.ManagedRocksObjectUtils (ManagedRocksObjectUtils.java:assertClosed(39)) - ManagedColumnFamilyOptions is not closed properly
2022-08-09 13:51:43,778 [Finalizer] WARN  managed.ManagedRocksObjectUtils (ManagedRocksObjectUtils.java:assertClosed(39)) - ManagedColumnFamilyOptions is not closed properly
2022-08-09 13:51:43,778 [Finalizer] WARN  managed.ManagedRocksObjectUtils (ManagedRocksObjectUtils.java:assertClosed(39)) - ManagedColumnFamilyOptions is not closed properly
2022-08-09 13:51:43,778 [Finalizer] WARN  managed.ManagedRocksObjectUtils (ManagedRocksObjectUtils.java:assertClosed(39)) - ManagedColumnFamilyOptions is not closed properly
2022-08-09 13:51:43,778 [Finalizer] WARN  managed.ManagedRocksObjectUtils (ManagedRocksObjectUtils.java:assertClosed(39)) - ManagedColumnFamilyOptions is not closed properly
2022-08-09 13:51:43,778 [Finalizer] WARN  managed.ManagedRocksObjectUtils (ManagedRocksObjectUtils.java:assertClosed(39)) - ManagedColumnFamilyOptions is not closed properly
2022-08-09 13:51:43,778 [Finalizer] WARN  managed.ManagedRocksObjectUtils (ManagedRocksObjectUtils.java:assertClosed(39)) - ManagedColumnFamilyOptions is not closed properly
2022-08-09 13:51:43,778 [Finalizer] WARN  managed.ManagedRocksObjectUtils (ManagedRocksObjectUtils.java:assertClosed(39)) - ManagedColumnFamilyOptions is not closed properly
2022-08-09 13:51:43,778 [Finalizer] WARN  managed.ManagedRocksObjectUtils (ManagedRocksObjectUtils.java:assertClosed(39)) - ManagedColumnFamilyOptions is not closed properly
2022-08-09 13:51:43,778 [Finalizer] WARN  managed.ManagedRocksObjectUtils (ManagedRocksObjectUtils.java:assertClosed(39)) - ManagedColumnFamilyOptions is not closed properly
2022-08-09 13:51:43,778 [Finalizer] WARN  managed.ManagedRocksObjectUtils (ManagedRocksObjectUtils.java:assertClosed(39)) - ManagedColumnFamilyOptions is not closed properly
2022-08-09 13:51:43,778 [Finalizer] WARN  managed.ManagedRocksObjectUtils (ManagedRocksObjectUtils.java:assertClosed(39)) - ManagedColumnFamilyOptions is not closed properly
2022-08-09 13:51:44,989 [Listener at 0.0.0.0/34375] INFO  reflections.Reflections (Reflections.java:scan(232)) - Reflections took 1376 ms to scan 19 urls, producing 67 keys and 4147 values [using 2 cores]
2022-08-09 13:51:44,990 [Listener at 0.0.0.0/34375] INFO  ipc.CallQueueManager (CallQueueManager.java:<init>(90)) - Using callQueue: class java.util.concurrent.LinkedBlockingQueue, queueCapacity: 2000, scheduler: class org.apache.hadoop.ipc.DefaultRpcScheduler, ipcBackoff: false.
2022-08-09 13:51:45,020 [Socket Reader #1 for port 0] INFO  ipc.Server (Server.java:run(1265)) - Starting Socket Reader #1 for port 0
2022-08-09 13:51:45,115 [Listener at 127.0.0.1/44079] INFO  impl.MetricsSystemImpl (MetricsSystemImpl.java:init(158)) - OzoneManager metrics system started (again)
2022-08-09 13:51:45,125 [Listener at 127.0.0.1/44079] INFO  om.OzoneManager (OzoneManager.java:start(1470)) - OzoneManager RPC server is listening at localhost/127.0.0.1:44079
2022-08-09 13:51:45,125 [Listener at 127.0.0.1/44079] INFO  om.OzoneManager (OzoneManager.java:start(1486)) - Version File has different layout version (3) than OM DB (null). That is expected if this OM has never been finalized to a newer layout version.
2022-08-09 13:51:45,127 [Listener at 127.0.0.1/44079] INFO  http.BaseHttpServer (BaseHttpServer.java:newHttpServer2BuilderForOzone(209)) - Starting Web-server for ozoneManager at: http://0.0.0.0:0
2022-08-09 13:51:45,127 [Listener at 127.0.0.1/44079] INFO  http.BaseHttpServer (BaseHttpServer.java:<init>(107)) - Hadoop Security Enabled: false Ozone Security Enabled: false Ozone HTTP Security Enabled: false 
2022-08-09 13:51:45,128 [Listener at 127.0.0.1/44079] INFO  server.AuthenticationFilter (AuthenticationFilter.java:constructSecretProvider(240)) - Unable to initialize FileSignerSecretProvider, falling back to use random secrets.
2022-08-09 13:51:45,142 [Listener at 127.0.0.1/44079] WARN  http.HttpRequestLog (HttpRequestLog.java:getRequestLog(103)) - Jetty request log can only be enabled using Log4j
2022-08-09 13:51:45,143 [Listener at 127.0.0.1/44079] INFO  http.HttpServer2 (HttpServer2.java:addGlobalFilter(1029)) - Added global filter 'safety' (class=org.apache.hadoop.hdds.server.http.HttpServer2$QuotingInputFilter)
2022-08-09 13:51:45,143 [Listener at 127.0.0.1/44079] INFO  http.HttpServer2 (HttpServer2.java:addFilter(1005)) - Added filter static_user_filter (class=org.apache.hadoop.http.lib.StaticUserWebFilter$StaticUserFilter) to context ozoneManager
2022-08-09 13:51:45,144 [Listener at 127.0.0.1/44079] INFO  http.HttpServer2 (HttpServer2.java:addFilter(1013)) - Added filter static_user_filter (class=org.apache.hadoop.http.lib.StaticUserWebFilter$StaticUserFilter) to context static
2022-08-09 13:51:45,144 [Listener at 127.0.0.1/44079] INFO  http.HttpServer2 (HttpServer2.java:addFilter(1013)) - Added filter static_user_filter (class=org.apache.hadoop.http.lib.StaticUserWebFilter$StaticUserFilter) to context logs
2022-08-09 13:51:45,144 [Listener at 127.0.0.1/44079] INFO  http.HttpServer2 (HttpServer2.java:bindListener(1248)) - Jetty bound to port 46635
2022-08-09 13:51:45,144 [Listener at 127.0.0.1/44079] INFO  server.Server (Server.java:doStart(375)) - jetty-9.4.43.v20210629; built: 2021-06-30T11:07:22.254Z; git: 526006ecfa3af7f1a27ef3a288e2bef7ea9dd7e8; jvm 1.8.0_332-b09
2022-08-09 13:51:45,149 [Listener at 127.0.0.1/44079] INFO  server.session (DefaultSessionIdManager.java:doStart(334)) - DefaultSessionIdManager workerName=node0
2022-08-09 13:51:45,150 [Listener at 127.0.0.1/44079] INFO  server.session (DefaultSessionIdManager.java:doStart(339)) - No SessionScavenger set, using defaults
2022-08-09 13:51:45,150 [Listener at 127.0.0.1/44079] INFO  server.session (HouseKeeper.java:startScavenging(132)) - node0 Scavenging every 660000ms
2022-08-09 13:51:45,150 [Listener at 127.0.0.1/44079] INFO  handler.ContextHandler (ContextHandler.java:doStart(915)) - Started o.e.j.s.ServletContextHandler@9316e19{logs,/logs,file:///home/runner/work/ozone/ozone/hadoop-ozone/integration-test/target/log,AVAILABLE}
2022-08-09 13:51:45,151 [Listener at 127.0.0.1/44079] INFO  handler.ContextHandler (ContextHandler.java:doStart(915)) - Started o.e.j.s.ServletContextHandler@6534a8e7{static,/static,file:///home/runner/work/ozone/ozone/hadoop-ozone/integration-test/target/test-classes/webapps/static,AVAILABLE}
2022-08-09 13:51:45,153 [Listener at 127.0.0.1/44079] INFO  handler.ContextHandler (ContextHandler.java:doStart(915)) - Started o.e.j.w.WebAppContext@7b6fee42{ozoneManager,/,file:///home/runner/work/ozone/ozone/hadoop-ozone/integration-test/target/test-classes/webapps/ozoneManager/,AVAILABLE}{file:/home/runner/work/ozone/ozone/hadoop-ozone/integration-test/target/test-classes/webapps/ozoneManager}
2022-08-09 13:51:45,201 [Listener at 127.0.0.1/44079] INFO  server.AbstractConnector (AbstractConnector.java:doStart(331)) - Started ServerConnector@214ef1e6{HTTP/1.1, (http/1.1)}{0.0.0.0:46635}
2022-08-09 13:51:45,201 [Listener at 127.0.0.1/44079] INFO  server.Server (Server.java:doStart(415)) - Started @291935ms
2022-08-09 13:51:45,201 [Listener at 127.0.0.1/44079] WARN  impl.MetricsSystemImpl (MetricsSystemImpl.java:register(279)) - Sink prometheus already exists!
2022-08-09 13:51:45,201 [Listener at 127.0.0.1/44079] INFO  http.BaseHttpServer (BaseHttpServer.java:updateConnectorAddress(329)) - HTTP server of ozoneManager listening at http://0.0.0.0:46635
2022-08-09 13:51:45,213 [IPC Server Responder] INFO  ipc.Server (Server.java:run(1507)) - IPC Server Responder: starting
2022-08-09 13:51:45,227 [Listener at 127.0.0.1/44079] INFO  om.TrashPolicyOzone (TrashPolicyOzone.java:<init>(178)) - Ozone Manager trash configuration: Deletion interval = 0 minutes, Emptier interval = 0 minutes.
2022-08-09 13:51:45,270 [IPC Server listener on 0] INFO  ipc.Server (Server.java:run(1344)) - IPC Server listener on 0: starting
2022-08-09 13:51:45,309 [org.apache.hadoop.util.JvmPauseMonitor$Monitor@77005a1] INFO  util.JvmPauseMonitor (JvmPauseMonitor.java:run(188)) - Starting JVM pause monitor
2022-08-09 13:51:45,375 [Listener at 127.0.0.1/44079] INFO  impl.MetricsSystemImpl (MetricsSystemImpl.java:init(158)) - HddsDatanode metrics system started (again)
2022-08-09 13:51:45,423 [Listener at 127.0.0.1/44079] INFO  ozone.HddsDatanodeService (HddsDatanodeService.java:start(236)) - HddsDatanodeService host:fv-az450-466.jnfmftgkylze5hd05chtbp1i0a.dx.internal.cloudapp.net ip:10.1.0.19
2022-08-09 13:51:45,472 [Listener at 127.0.0.1/44079] INFO  upgrade.AbstractLayoutVersionManager (AbstractLayoutVersionManager.java:init(83)) - Initializing Layout version manager with metadata layout = DATANODE_SCHEMA_V3 (version = 4), software layout = DATANODE_SCHEMA_V3 (version = 4)
2022-08-09 13:51:45,546 [Listener at 127.0.0.1/44079] INFO  reflections.Reflections (Reflections.java:scan(232)) - Reflections took 69 ms to scan 7 urls, producing 132 keys and 321 values 
2022-08-09 13:51:45,547 [Listener at 127.0.0.1/44079] INFO  statemachine.DatanodeStateMachine (DatanodeStateMachine.java:getEndPointTaskThreadPoolSize(237)) - Datanode State Machine Task Thread Pool size 2
2022-08-09 13:51:45,548 [Listener at 127.0.0.1/44079] INFO  volume.HddsVolume (HddsVolume.java:<init>(116)) - Creating HddsVolume: /home/runner/work/ozone/ozone/hadoop-ozone/integration-test/target/test-dir/MiniOzoneClusterImpl-88f81c17-ef50-42a7-8332-c06519bf32f4/datanode-0/data-0/containers/hdds of storage type : DISK capacity : 9223372036854775807
2022-08-09 13:51:45,549 [Listener at 127.0.0.1/44079] INFO  volume.MutableVolumeSet (MutableVolumeSet.java:initializeVolumeSet(174)) - Added Volume : /home/runner/work/ozone/ozone/hadoop-ozone/integration-test/target/test-dir/MiniOzoneClusterImpl-88f81c17-ef50-42a7-8332-c06519bf32f4/datanode-0/data-0/containers/hdds to VolumeSet
2022-08-09 13:51:45,549 [Listener at 127.0.0.1/44079] INFO  volume.ThrottledAsyncChecker (ThrottledAsyncChecker.java:schedule(141)) - Scheduling a check for /home/runner/work/ozone/ozone/hadoop-ozone/integration-test/target/test-dir/MiniOzoneClusterImpl-88f81c17-ef50-42a7-8332-c06519bf32f4/datanode-0/data-0/containers/hdds
2022-08-09 13:51:45,575 [Listener at 127.0.0.1/44079] INFO  volume.StorageVolumeChecker (StorageVolumeChecker.java:checkAllVolumes(202)) - Scheduled health check for volume /home/runner/work/ozone/ozone/hadoop-ozone/integration-test/target/test-dir/MiniOzoneClusterImpl-88f81c17-ef50-42a7-8332-c06519bf32f4/datanode-0/data-0/containers/hdds
2022-08-09 13:51:45,592 [Listener at 127.0.0.1/44079] INFO  volume.MutableVolumeSet (MutableVolumeSet.java:initializeVolumeSet(174)) - Added Volume : /home/runner/work/ozone/ozone/hadoop-ozone/integration-test/target/test-dir/MiniOzoneClusterImpl-88f81c17-ef50-42a7-8332-c06519bf32f4/datanode-0/data/ratis to VolumeSet
2022-08-09 13:51:45,592 [Listener at 127.0.0.1/44079] INFO  volume.ThrottledAsyncChecker (ThrottledAsyncChecker.java:schedule(141)) - Scheduling a check for /home/runner/work/ozone/ozone/hadoop-ozone/integration-test/target/test-dir/MiniOzoneClusterImpl-88f81c17-ef50-42a7-8332-c06519bf32f4/datanode-0/data/ratis
2022-08-09 13:51:45,592 [Listener at 127.0.0.1/44079] INFO  volume.StorageVolumeChecker (StorageVolumeChecker.java:checkAllVolumes(202)) - Scheduled health check for volume /home/runner/work/ozone/ozone/hadoop-ozone/integration-test/target/test-dir/MiniOzoneClusterImpl-88f81c17-ef50-42a7-8332-c06519bf32f4/datanode-0/data/ratis
2022-08-09 13:51:45,618 [Thread-2190] INFO  ozoneimpl.ContainerReader (ContainerReader.java:readVolume(175)) - Finish verifying containers on volume /home/runner/work/ozone/ozone/hadoop-ozone/integration-test/target/test-dir/MiniOzoneClusterImpl-88f81c17-ef50-42a7-8332-c06519bf32f4/datanode-0/data-0/containers/hdds
2022-08-09 13:51:45,618 [Listener at 127.0.0.1/44079] INFO  ozoneimpl.OzoneContainer (OzoneContainer.java:buildContainerSet(299)) - Build ContainerSet costs 0s
2022-08-09 13:51:45,620 [Listener at 127.0.0.1/44079] INFO  server.RaftServer (ConfUtils.java:logGet(46)) - raft.rpc.type = GRPC (default)
2022-08-09 13:51:45,620 [Listener at 127.0.0.1/44079] INFO  grpc.GrpcFactory (GrpcFactory.java:checkPooledByteBufAllocatorUseCacheForAllThreads(48)) - PERFORMANCE WARNING: useCacheForAllThreads is true that may cause Netty to create a lot garbage objects and, as a result, trigger GC.
	It is recommended to disable useCacheForAllThreads by setting -Dorg.apache.ratis.thirdparty.io.netty.allocator.useCacheForAllThreads=false in command line.
2022-08-09 13:51:45,620 [Listener at 127.0.0.1/44079] INFO  grpc.GrpcConfigKeys (ConfUtils.java:logGet(46)) - raft.grpc.admin.port = 0 (custom)
2022-08-09 13:51:45,620 [Listener at 127.0.0.1/44079] INFO  grpc.GrpcConfigKeys (ConfUtils.java:logGet(46)) - raft.grpc.client.port = 0 (custom)
2022-08-09 13:51:45,620 [Listener at 127.0.0.1/44079] INFO  grpc.GrpcConfigKeys (ConfUtils.java:logGet(46)) - raft.grpc.server.port = 0 (default)
2022-08-09 13:51:45,637 [Listener at 127.0.0.1/44079] INFO  server.GrpcService (ConfUtils.java:logGet(46)) - raft.grpc.message.size.max = 32MB (=33554432) (custom)
2022-08-09 13:51:45,637 [Listener at 127.0.0.1/44079] INFO  server.RaftServerConfigKeys (ConfUtils.java:logGet(46)) - raft.server.log.appender.buffer.byte-limit = 33554432 (custom)
2022-08-09 13:51:45,637 [Listener at 127.0.0.1/44079] INFO  server.GrpcService (ConfUtils.java:logGet(46)) - raft.grpc.flow.control.window = 5MB (=5242880) (custom)
2022-08-09 13:51:45,637 [Listener at 127.0.0.1/44079] INFO  server.RaftServerConfigKeys (ConfUtils.java:logGet(46)) - raft.server.rpc.request.timeout = 60s (custom)
2022-08-09 13:51:45,637 [Listener at 127.0.0.1/44079] INFO  grpc.GrpcConfigKeys (ConfUtils.java:logGet(46)) - raft.grpc.server.async.request.thread.pool.cached = true (default)
2022-08-09 13:51:45,637 [Listener at 127.0.0.1/44079] INFO  grpc.GrpcConfigKeys (ConfUtils.java:logGet(46)) - raft.grpc.server.async.request.thread.pool.size = 32 (default)
2022-08-09 13:51:45,639 [Listener at 127.0.0.1/44079] INFO  impl.DataStreamServerImpl (ConfUtils.java:logGet(46)) - raft.datastream.type = DISABLED (default)
2022-08-09 13:51:45,639 [Listener at 127.0.0.1/44079] INFO  server.RaftServerConfigKeys (ConfUtils.java:logGet(46)) - raft.server.threadpool.proxy.cached = true (default)
2022-08-09 13:51:45,639 [Listener at 127.0.0.1/44079] INFO  server.RaftServerConfigKeys (ConfUtils.java:logGet(46)) - raft.server.threadpool.proxy.size = 0 (default)
2022-08-09 13:51:45,639 [Listener at 127.0.0.1/44079] INFO  server.RaftServerConfigKeys (ConfUtils.java:logGet(46)) - raft.server.rpc.slowness.timeout = 300s (custom)
2022-08-09 13:51:45,639 [Listener at 127.0.0.1/44079] INFO  server.RaftServerConfigKeys (ConfUtils.java:logGet(46)) - raft.server.leaderelection.leader.step-down.wait-time = 10s (default)
2022-08-09 13:51:45,639 [Listener at 127.0.0.1/44079] INFO  server.RaftServerConfigKeys (ConfUtils.java:logGet(46)) - raft.server.storage.dir = [/home/runner/work/ozone/ozone/hadoop-ozone/integration-test/target/test-dir/MiniOzoneClusterImpl-88f81c17-ef50-42a7-8332-c06519bf32f4/datanode-0/data/ratis] (custom)
2022-08-09 13:51:45,663 [Listener at 127.0.0.1/44079] INFO  server.XceiverServerGrpc (XceiverServerGrpc.java:<init>(132)) - GrpcServer channel type EpollServerSocketChannel
2022-08-09 13:51:45,689 [Listener at 127.0.0.1/44079] INFO  http.BaseHttpServer (BaseHttpServer.java:newHttpServer2BuilderForOzone(209)) - Starting Web-server for hddsDatanode at: http://0.0.0.0:0
2022-08-09 13:51:45,689 [Listener at 127.0.0.1/44079] INFO  http.BaseHttpServer (BaseHttpServer.java:<init>(107)) - Hadoop Security Enabled: false Ozone Security Enabled: false Ozone HTTP Security Enabled: false 
2022-08-09 13:51:45,691 [Listener at 127.0.0.1/44079] INFO  server.AuthenticationFilter (AuthenticationFilter.java:constructSecretProvider(240)) - Unable to initialize FileSignerSecretProvider, falling back to use random secrets.
2022-08-09 13:51:45,703 [Listener at 127.0.0.1/44079] WARN  http.HttpRequestLog (HttpRequestLog.java:getRequestLog(103)) - Jetty request log can only be enabled using Log4j
2022-08-09 13:51:45,704 [Listener at 127.0.0.1/44079] INFO  http.HttpServer2 (HttpServer2.java:addGlobalFilter(1029)) - Added global filter 'safety' (class=org.apache.hadoop.hdds.server.http.HttpServer2$QuotingInputFilter)
2022-08-09 13:51:45,704 [Listener at 127.0.0.1/44079] INFO  http.HttpServer2 (HttpServer2.java:addFilter(1005)) - Added filter static_user_filter (class=org.apache.hadoop.http.lib.StaticUserWebFilter$StaticUserFilter) to context hddsDatanode
2022-08-09 13:51:45,704 [Listener at 127.0.0.1/44079] INFO  http.HttpServer2 (HttpServer2.java:addFilter(1013)) - Added filter static_user_filter (class=org.apache.hadoop.http.lib.StaticUserWebFilter$StaticUserFilter) to context logs
2022-08-09 13:51:45,705 [Listener at 127.0.0.1/44079] INFO  http.HttpServer2 (HttpServer2.java:addFilter(1013)) - Added filter static_user_filter (class=org.apache.hadoop.http.lib.StaticUserWebFilter$StaticUserFilter) to context static
2022-08-09 13:51:45,708 [Listener at 127.0.0.1/44079] INFO  http.HttpServer2 (HttpServer2.java:bindListener(1248)) - Jetty bound to port 38755
2022-08-09 13:51:45,708 [Listener at 127.0.0.1/44079] INFO  server.Server (Server.java:doStart(375)) - jetty-9.4.43.v20210629; built: 2021-06-30T11:07:22.254Z; git: 526006ecfa3af7f1a27ef3a288e2bef7ea9dd7e8; jvm 1.8.0_332-b09
2022-08-09 13:51:45,741 [Listener at 127.0.0.1/44079] INFO  server.session (DefaultSessionIdManager.java:doStart(334)) - DefaultSessionIdManager workerName=node0
2022-08-09 13:51:45,741 [Listener at 127.0.0.1/44079] INFO  server.session (DefaultSessionIdManager.java:doStart(339)) - No SessionScavenger set, using defaults
2022-08-09 13:51:45,741 [Listener at 127.0.0.1/44079] INFO  server.session (HouseKeeper.java:startScavenging(132)) - node0 Scavenging every 600000ms
2022-08-09 13:51:45,743 [Listener at 127.0.0.1/44079] INFO  handler.ContextHandler (ContextHandler.java:doStart(915)) - Started o.e.j.s.ServletContextHandler@766d60e4{logs,/logs,file:///home/runner/work/ozone/ozone/hadoop-ozone/integration-test/target/log,AVAILABLE}
2022-08-09 13:51:45,743 [Listener at 127.0.0.1/44079] INFO  handler.ContextHandler (ContextHandler.java:doStart(915)) - Started o.e.j.s.ServletContextHandler@468ad943{static,/static,jar:file:/home/runner/.m2/repository/org/apache/ozone/hdds-container-service/1.3.0-SNAPSHOT/hdds-container-service-1.3.0-SNAPSHOT.jar!/webapps/static,AVAILABLE}
2022-08-09 13:51:46,240 [Listener at 127.0.0.1/44079] INFO  handler.ContextHandler (ContextHandler.java:doStart(915)) - Started o.e.j.w.WebAppContext@5a93ddcd{hddsDatanode,/,file:///tmp/jetty-0_0_0_0-38755-hdds-container-service-1_3_0-SNAPSHOT_jar-_-any-7490917078105646968/webapp/,AVAILABLE}{jar:file:/home/runner/.m2/repository/org/apache/ozone/hdds-container-service/1.3.0-SNAPSHOT/hdds-container-service-1.3.0-SNAPSHOT.jar!/webapps/hddsDatanode}
2022-08-09 13:51:46,277 [Listener at 127.0.0.1/44079] INFO  server.AbstractConnector (AbstractConnector.java:doStart(331)) - Started ServerConnector@76931f7e{HTTP/1.1, (http/1.1)}{0.0.0.0:38755}
2022-08-09 13:51:46,277 [Listener at 127.0.0.1/44079] INFO  server.Server (Server.java:doStart(415)) - Started @293012ms
2022-08-09 13:51:46,277 [Listener at 127.0.0.1/44079] WARN  impl.MetricsSystemImpl (MetricsSystemImpl.java:register(279)) - Sink prometheus already exists!
2022-08-09 13:51:46,278 [Listener at 127.0.0.1/44079] INFO  http.BaseHttpServer (BaseHttpServer.java:updateConnectorAddress(329)) - HTTP server of hddsDatanode listening at http://0.0.0.0:38755
2022-08-09 13:51:46,283 [Listener at 127.0.0.1/44079] INFO  impl.MetricsSystemImpl (MetricsSystemImpl.java:init(158)) - HddsDatanode metrics system started (again)
2022-08-09 13:51:46,289 [Datanode State Machine Daemon Thread] INFO  statemachine.DatanodeStateMachine (DatanodeStateMachine.java:lambda$startDaemon$0(492)) - Ozone container server started.
2022-08-09 13:51:46,336 [org.apache.hadoop.util.JvmPauseMonitor$Monitor@4ac0eecb] INFO  util.JvmPauseMonitor (JvmPauseMonitor.java:run(188)) - Starting JVM pause monitor
2022-08-09 13:51:46,346 [Listener at 127.0.0.1/44079] INFO  ozone.HddsDatanodeService (HddsDatanodeService.java:start(236)) - HddsDatanodeService host:fv-az450-466.jnfmftgkylze5hd05chtbp1i0a.dx.internal.cloudapp.net ip:10.1.0.19
2022-08-09 13:51:46,357 [Datanode State Machine Task Thread - 0] INFO  datanode.InitDatanodeState (InitDatanodeState.java:persistContainerDatanodeDetails(138)) - DatanodeDetails is persisted to /home/runner/work/ozone/ozone/hadoop-ozone/integration-test/target/test-dir/MiniOzoneClusterImpl-88f81c17-ef50-42a7-8332-c06519bf32f4/datanode-0/meta/datanode.id
2022-08-09 13:51:46,415 [Listener at 127.0.0.1/44079] INFO  upgrade.AbstractLayoutVersionManager (AbstractLayoutVersionManager.java:init(83)) - Initializing Layout version manager with metadata layout = DATANODE_SCHEMA_V3 (version = 4), software layout = DATANODE_SCHEMA_V3 (version = 4)
2022-08-09 13:51:46,492 [Listener at 127.0.0.1/44079] INFO  reflections.Reflections (Reflections.java:scan(232)) - Reflections took 76 ms to scan 7 urls, producing 132 keys and 321 values 
2022-08-09 13:51:46,500 [Listener at 127.0.0.1/44079] INFO  statemachine.DatanodeStateMachine (DatanodeStateMachine.java:getEndPointTaskThreadPoolSize(237)) - Datanode State Machine Task Thread Pool size 2
2022-08-09 13:51:46,501 [Listener at 127.0.0.1/44079] INFO  volume.HddsVolume (HddsVolume.java:<init>(116)) - Creating HddsVolume: /home/runner/work/ozone/ozone/hadoop-ozone/integration-test/target/test-dir/MiniOzoneClusterImpl-88f81c17-ef50-42a7-8332-c06519bf32f4/datanode-1/data-0/containers/hdds of storage type : DISK capacity : 9223372036854775807
2022-08-09 13:51:46,501 [Listener at 127.0.0.1/44079] INFO  volume.MutableVolumeSet (MutableVolumeSet.java:initializeVolumeSet(174)) - Added Volume : /home/runner/work/ozone/ozone/hadoop-ozone/integration-test/target/test-dir/MiniOzoneClusterImpl-88f81c17-ef50-42a7-8332-c06519bf32f4/datanode-1/data-0/containers/hdds to VolumeSet
2022-08-09 13:51:46,501 [Listener at 127.0.0.1/44079] INFO  volume.ThrottledAsyncChecker (ThrottledAsyncChecker.java:schedule(141)) - Scheduling a check for /home/runner/work/ozone/ozone/hadoop-ozone/integration-test/target/test-dir/MiniOzoneClusterImpl-88f81c17-ef50-42a7-8332-c06519bf32f4/datanode-1/data-0/containers/hdds
2022-08-09 13:51:46,513 [Listener at 127.0.0.1/44079] INFO  volume.StorageVolumeChecker (StorageVolumeChecker.java:checkAllVolumes(202)) - Scheduled health check for volume /home/runner/work/ozone/ozone/hadoop-ozone/integration-test/target/test-dir/MiniOzoneClusterImpl-88f81c17-ef50-42a7-8332-c06519bf32f4/datanode-1/data-0/containers/hdds
2022-08-09 13:51:46,524 [Listener at 127.0.0.1/44079] INFO  volume.MutableVolumeSet (MutableVolumeSet.java:initializeVolumeSet(174)) - Added Volume : /home/runner/work/ozone/ozone/hadoop-ozone/integration-test/target/test-dir/MiniOzoneClusterImpl-88f81c17-ef50-42a7-8332-c06519bf32f4/datanode-1/data/ratis to VolumeSet
2022-08-09 13:51:46,524 [Listener at 127.0.0.1/44079] INFO  volume.ThrottledAsyncChecker (ThrottledAsyncChecker.java:schedule(141)) - Scheduling a check for /home/runner/work/ozone/ozone/hadoop-ozone/integration-test/target/test-dir/MiniOzoneClusterImpl-88f81c17-ef50-42a7-8332-c06519bf32f4/datanode-1/data/ratis
2022-08-09 13:51:46,525 [Listener at 127.0.0.1/44079] INFO  volume.StorageVolumeChecker (StorageVolumeChecker.java:checkAllVolumes(202)) - Scheduled health check for volume /home/runner/work/ozone/ozone/hadoop-ozone/integration-test/target/test-dir/MiniOzoneClusterImpl-88f81c17-ef50-42a7-8332-c06519bf32f4/datanode-1/data/ratis
2022-08-09 13:51:46,540 [Thread-2203] INFO  ozoneimpl.ContainerReader (ContainerReader.java:readVolume(175)) - Finish verifying containers on volume /home/runner/work/ozone/ozone/hadoop-ozone/integration-test/target/test-dir/MiniOzoneClusterImpl-88f81c17-ef50-42a7-8332-c06519bf32f4/datanode-1/data-0/containers/hdds
2022-08-09 13:51:46,540 [Listener at 127.0.0.1/44079] INFO  ozoneimpl.OzoneContainer (OzoneContainer.java:buildContainerSet(299)) - Build ContainerSet costs 0s
2022-08-09 13:51:46,541 [Listener at 127.0.0.1/44079] INFO  server.RaftServer (ConfUtils.java:logGet(46)) - raft.rpc.type = GRPC (default)
2022-08-09 13:51:46,541 [Listener at 127.0.0.1/44079] INFO  grpc.GrpcFactory (GrpcFactory.java:checkPooledByteBufAllocatorUseCacheForAllThreads(48)) - PERFORMANCE WARNING: useCacheForAllThreads is true that may cause Netty to create a lot garbage objects and, as a result, trigger GC.
	It is recommended to disable useCacheForAllThreads by setting -Dorg.apache.ratis.thirdparty.io.netty.allocator.useCacheForAllThreads=false in command line.
2022-08-09 13:51:46,542 [Listener at 127.0.0.1/44079] INFO  grpc.GrpcConfigKeys (ConfUtils.java:logGet(46)) - raft.grpc.admin.port = 0 (custom)
2022-08-09 13:51:46,542 [Listener at 127.0.0.1/44079] INFO  grpc.GrpcConfigKeys (ConfUtils.java:logGet(46)) - raft.grpc.client.port = 0 (custom)
2022-08-09 13:51:46,542 [Listener at 127.0.0.1/44079] INFO  grpc.GrpcConfigKeys (ConfUtils.java:logGet(46)) - raft.grpc.server.port = 0 (default)
2022-08-09 13:51:46,542 [Listener at 127.0.0.1/44079] INFO  server.GrpcService (ConfUtils.java:logGet(46)) - raft.grpc.message.size.max = 32MB (=33554432) (custom)
2022-08-09 13:51:46,542 [Listener at 127.0.0.1/44079] INFO  server.RaftServerConfigKeys (ConfUtils.java:logGet(46)) - raft.server.log.appender.buffer.byte-limit = 33554432 (custom)
2022-08-09 13:51:46,542 [Listener at 127.0.0.1/44079] INFO  server.GrpcService (ConfUtils.java:logGet(46)) - raft.grpc.flow.control.window = 5MB (=5242880) (custom)
2022-08-09 13:51:46,542 [Listener at 127.0.0.1/44079] INFO  server.RaftServerConfigKeys (ConfUtils.java:logGet(46)) - raft.server.rpc.request.timeout = 60s (custom)
2022-08-09 13:51:46,542 [Listener at 127.0.0.1/44079] INFO  grpc.GrpcConfigKeys (ConfUtils.java:logGet(46)) - raft.grpc.server.async.request.thread.pool.cached = true (default)
2022-08-09 13:51:46,542 [Listener at 127.0.0.1/44079] INFO  grpc.GrpcConfigKeys (ConfUtils.java:logGet(46)) - raft.grpc.server.async.request.thread.pool.size = 32 (default)
2022-08-09 13:51:46,543 [Listener at 127.0.0.1/44079] INFO  impl.DataStreamServerImpl (ConfUtils.java:logGet(46)) - raft.datastream.type = DISABLED (default)
2022-08-09 13:51:46,543 [Listener at 127.0.0.1/44079] INFO  server.RaftServerConfigKeys (ConfUtils.java:logGet(46)) - raft.server.threadpool.proxy.cached = true (default)
2022-08-09 13:51:46,543 [Listener at 127.0.0.1/44079] INFO  server.RaftServerConfigKeys (ConfUtils.java:logGet(46)) - raft.server.threadpool.proxy.size = 0 (default)
2022-08-09 13:51:46,544 [Listener at 127.0.0.1/44079] INFO  server.RaftServerConfigKeys (ConfUtils.java:logGet(46)) - raft.server.rpc.slowness.timeout = 300s (custom)
2022-08-09 13:51:46,544 [Listener at 127.0.0.1/44079] INFO  server.RaftServerConfigKeys (ConfUtils.java:logGet(46)) - raft.server.leaderelection.leader.step-down.wait-time = 10s (default)
2022-08-09 13:51:46,544 [Listener at 127.0.0.1/44079] INFO  server.RaftServerConfigKeys (ConfUtils.java:logGet(46)) - raft.server.storage.dir = [/home/runner/work/ozone/ozone/hadoop-ozone/integration-test/target/test-dir/MiniOzoneClusterImpl-88f81c17-ef50-42a7-8332-c06519bf32f4/datanode-1/data/ratis] (custom)
2022-08-09 13:51:46,545 [Listener at 127.0.0.1/44079] INFO  server.XceiverServerGrpc (XceiverServerGrpc.java:<init>(132)) - GrpcServer channel type EpollServerSocketChannel
2022-08-09 13:51:46,548 [Listener at 127.0.0.1/44079] INFO  http.BaseHttpServer (BaseHttpServer.java:newHttpServer2BuilderForOzone(209)) - Starting Web-server for hddsDatanode at: http://0.0.0.0:0
2022-08-09 13:51:46,548 [Listener at 127.0.0.1/44079] INFO  http.BaseHttpServer (BaseHttpServer.java:<init>(107)) - Hadoop Security Enabled: false Ozone Security Enabled: false Ozone HTTP Security Enabled: false 
2022-08-09 13:51:46,548 [Listener at 127.0.0.1/44079] INFO  server.AuthenticationFilter (AuthenticationFilter.java:constructSecretProvider(240)) - Unable to initialize FileSignerSecretProvider, falling back to use random secrets.
2022-08-09 13:51:46,549 [Listener at 127.0.0.1/44079] WARN  http.HttpRequestLog (HttpRequestLog.java:getRequestLog(103)) - Jetty request log can only be enabled using Log4j
2022-08-09 13:51:46,550 [Listener at 127.0.0.1/44079] INFO  http.HttpServer2 (HttpServer2.java:addGlobalFilter(1029)) - Added global filter 'safety' (class=org.apache.hadoop.hdds.server.http.HttpServer2$QuotingInputFilter)
2022-08-09 13:51:46,550 [Listener at 127.0.0.1/44079] INFO  http.HttpServer2 (HttpServer2.java:addFilter(1005)) - Added filter static_user_filter (class=org.apache.hadoop.http.lib.StaticUserWebFilter$StaticUserFilter) to context hddsDatanode
2022-08-09 13:51:46,550 [Listener at 127.0.0.1/44079] INFO  http.HttpServer2 (HttpServer2.java:addFilter(1013)) - Added filter static_user_filter (class=org.apache.hadoop.http.lib.StaticUserWebFilter$StaticUserFilter) to context static
2022-08-09 13:51:46,550 [Listener at 127.0.0.1/44079] INFO  http.HttpServer2 (HttpServer2.java:addFilter(1013)) - Added filter static_user_filter (class=org.apache.hadoop.http.lib.StaticUserWebFilter$StaticUserFilter) to context logs
2022-08-09 13:51:46,551 [Listener at 127.0.0.1/44079] INFO  http.HttpServer2 (HttpServer2.java:bindListener(1248)) - Jetty bound to port 42951
2022-08-09 13:51:46,551 [Listener at 127.0.0.1/44079] INFO  server.Server (Server.java:doStart(375)) - jetty-9.4.43.v20210629; built: 2021-06-30T11:07:22.254Z; git: 526006ecfa3af7f1a27ef3a288e2bef7ea9dd7e8; jvm 1.8.0_332-b09
2022-08-09 13:51:46,552 [Listener at 127.0.0.1/44079] INFO  server.session (DefaultSessionIdManager.java:doStart(334)) - DefaultSessionIdManager workerName=node0
2022-08-09 13:51:46,552 [Listener at 127.0.0.1/44079] INFO  server.session (DefaultSessionIdManager.java:doStart(339)) - No SessionScavenger set, using defaults
2022-08-09 13:51:46,552 [Listener at 127.0.0.1/44079] INFO  server.session (HouseKeeper.java:startScavenging(132)) - node0 Scavenging every 660000ms
2022-08-09 13:51:46,553 [Listener at 127.0.0.1/44079] INFO  handler.ContextHandler (ContextHandler.java:doStart(915)) - Started o.e.j.s.ServletContextHandler@14778c9f{logs,/logs,file:///home/runner/work/ozone/ozone/hadoop-ozone/integration-test/target/log,AVAILABLE}
2022-08-09 13:51:46,553 [Listener at 127.0.0.1/44079] INFO  handler.ContextHandler (ContextHandler.java:doStart(915)) - Started o.e.j.s.ServletContextHandler@29786d7f{static,/static,jar:file:/home/runner/.m2/repository/org/apache/ozone/hdds-container-service/1.3.0-SNAPSHOT/hdds-container-service-1.3.0-SNAPSHOT.jar!/webapps/static,AVAILABLE}
2022-08-09 13:51:47,011 [Listener at 127.0.0.1/44079] INFO  handler.ContextHandler (ContextHandler.java:doStart(915)) - Started o.e.j.w.WebAppContext@651733c9{hddsDatanode,/,file:///tmp/jetty-0_0_0_0-42951-hdds-container-service-1_3_0-SNAPSHOT_jar-_-any-8890625215537719156/webapp/,AVAILABLE}{jar:file:/home/runner/.m2/repository/org/apache/ozone/hdds-container-service/1.3.0-SNAPSHOT/hdds-container-service-1.3.0-SNAPSHOT.jar!/webapps/hddsDatanode}
2022-08-09 13:51:47,073 [Listener at 127.0.0.1/44079] INFO  server.AbstractConnector (AbstractConnector.java:doStart(331)) - Started ServerConnector@7463d9f1{HTTP/1.1, (http/1.1)}{0.0.0.0:42951}
2022-08-09 13:51:47,073 [Listener at 127.0.0.1/44079] INFO  server.Server (Server.java:doStart(415)) - Started @293808ms
2022-08-09 13:51:47,073 [Listener at 127.0.0.1/44079] WARN  impl.MetricsSystemImpl (MetricsSystemImpl.java:register(279)) - Sink prometheus already exists!
2022-08-09 13:51:47,074 [Listener at 127.0.0.1/44079] INFO  http.BaseHttpServer (BaseHttpServer.java:updateConnectorAddress(329)) - HTTP server of hddsDatanode listening at http://0.0.0.0:42951
2022-08-09 13:51:47,085 [Listener at 127.0.0.1/44079] INFO  impl.MetricsSystemImpl (MetricsSystemImpl.java:init(158)) - HddsDatanode metrics system started (again)
2022-08-09 13:51:47,090 [Datanode State Machine Daemon Thread] INFO  statemachine.DatanodeStateMachine (DatanodeStateMachine.java:lambda$startDaemon$0(492)) - Ozone container server started.
2022-08-09 13:51:47,209 [org.apache.hadoop.util.JvmPauseMonitor$Monitor@37211e4f] INFO  util.JvmPauseMonitor (JvmPauseMonitor.java:run(188)) - Starting JVM pause monitor
2022-08-09 13:51:47,245 [Listener at 127.0.0.1/44079] INFO  ozone.HddsDatanodeService (HddsDatanodeService.java:start(236)) - HddsDatanodeService host:fv-az450-466.jnfmftgkylze5hd05chtbp1i0a.dx.internal.cloudapp.net ip:10.1.0.19
2022-08-09 13:51:47,287 [Datanode State Machine Task Thread - 0] INFO  datanode.InitDatanodeState (InitDatanodeState.java:persistContainerDatanodeDetails(138)) - DatanodeDetails is persisted to /home/runner/work/ozone/ozone/hadoop-ozone/integration-test/target/test-dir/MiniOzoneClusterImpl-88f81c17-ef50-42a7-8332-c06519bf32f4/datanode-1/meta/datanode.id
2022-08-09 13:51:47,296 [UnderReplicatedQueueThreadThread] INFO  replication.UnderReplicatedProcessor (UnderReplicatedProcessor.java:processAll(85)) - Processed 0 under replicated containers, failed processing 0
2022-08-09 13:51:47,296 [OverReplicatedQueueThreadThread] INFO  replication.OverReplicatedProcessor (OverReplicatedProcessor.java:processAll(83)) - Processed 0 over replicated containers, failed processing 0
2022-08-09 13:51:47,343 [Finalizer] WARN  managed.ManagedRocksObjectUtils (ManagedRocksObjectUtils.java:assertClosed(39)) - ManagedColumnFamilyOptions is not closed properly
2022-08-09 13:51:47,343 [Finalizer] WARN  managed.ManagedRocksObjectUtils (ManagedRocksObjectUtils.java:assertClosed(39)) - ManagedColumnFamilyOptions is not closed properly
2022-08-09 13:51:47,343 [Finalizer] WARN  managed.ManagedRocksObjectUtils (ManagedRocksObjectUtils.java:assertClosed(39)) - ManagedColumnFamilyOptions is not closed properly
2022-08-09 13:51:47,343 [Finalizer] WARN  managed.ManagedRocksObjectUtils (ManagedRocksObjectUtils.java:assertClosed(39)) - ManagedColumnFamilyOptions is not closed properly
2022-08-09 13:51:47,344 [Finalizer] WARN  managed.ManagedRocksObjectUtils (ManagedRocksObjectUtils.java:assertClosed(39)) - ManagedColumnFamilyOptions is not closed properly
2022-08-09 13:51:47,344 [Finalizer] WARN  managed.ManagedRocksObjectUtils (ManagedRocksObjectUtils.java:assertClosed(39)) - ManagedColumnFamilyOptions is not closed properly
2022-08-09 13:51:47,344 [Finalizer] WARN  managed.ManagedRocksObjectUtils (ManagedRocksObjectUtils.java:assertClosed(39)) - ManagedColumnFamilyOptions is not closed properly
2022-08-09 13:51:47,344 [Finalizer] WARN  managed.ManagedRocksObjectUtils (ManagedRocksObjectUtils.java:assertClosed(39)) - ManagedColumnFamilyOptions is not closed properly
2022-08-09 13:51:47,361 [Finalizer] WARN  managed.ManagedRocksObjectUtils (ManagedRocksObjectUtils.java:assertClosed(39)) - ManagedColumnFamilyOptions is not closed properly
2022-08-09 13:51:47,361 [Finalizer] WARN  managed.ManagedRocksObjectUtils (ManagedRocksObjectUtils.java:assertClosed(39)) - ManagedColumnFamilyOptions is not closed properly
2022-08-09 13:51:47,361 [Finalizer] WARN  managed.ManagedRocksObjectUtils (ManagedRocksObjectUtils.java:assertClosed(39)) - ManagedColumnFamilyOptions is not closed properly
2022-08-09 13:51:47,396 [Listener at 127.0.0.1/44079] INFO  upgrade.AbstractLayoutVersionManager (AbstractLayoutVersionManager.java:init(83)) - Initializing Layout version manager with metadata layout = DATANODE_SCHEMA_V3 (version = 4), software layout = DATANODE_SCHEMA_V3 (version = 4)
2022-08-09 13:51:47,479 [Listener at 127.0.0.1/44079] INFO  reflections.Reflections (Reflections.java:scan(232)) - Reflections took 81 ms to scan 7 urls, producing 132 keys and 321 values 
2022-08-09 13:51:47,491 [Listener at 127.0.0.1/44079] INFO  statemachine.DatanodeStateMachine (DatanodeStateMachine.java:getEndPointTaskThreadPoolSize(237)) - Datanode State Machine Task Thread Pool size 2
2022-08-09 13:51:47,553 [Listener at 127.0.0.1/44079] INFO  volume.HddsVolume (HddsVolume.java:<init>(116)) - Creating HddsVolume: /home/runner/work/ozone/ozone/hadoop-ozone/integration-test/target/test-dir/MiniOzoneClusterImpl-88f81c17-ef50-42a7-8332-c06519bf32f4/datanode-2/data-0/containers/hdds of storage type : DISK capacity : 9223372036854775807
2022-08-09 13:51:47,553 [Listener at 127.0.0.1/44079] INFO  volume.MutableVolumeSet (MutableVolumeSet.java:initializeVolumeSet(174)) - Added Volume : /home/runner/work/ozone/ozone/hadoop-ozone/integration-test/target/test-dir/MiniOzoneClusterImpl-88f81c17-ef50-42a7-8332-c06519bf32f4/datanode-2/data-0/containers/hdds to VolumeSet
2022-08-09 13:51:47,553 [Listener at 127.0.0.1/44079] INFO  volume.ThrottledAsyncChecker (ThrottledAsyncChecker.java:schedule(141)) - Scheduling a check for /home/runner/work/ozone/ozone/hadoop-ozone/integration-test/target/test-dir/MiniOzoneClusterImpl-88f81c17-ef50-42a7-8332-c06519bf32f4/datanode-2/data-0/containers/hdds
2022-08-09 13:51:47,561 [Listener at 127.0.0.1/44079] INFO  volume.StorageVolumeChecker (StorageVolumeChecker.java:checkAllVolumes(202)) - Scheduled health check for volume /home/runner/work/ozone/ozone/hadoop-ozone/integration-test/target/test-dir/MiniOzoneClusterImpl-88f81c17-ef50-42a7-8332-c06519bf32f4/datanode-2/data-0/containers/hdds
2022-08-09 13:51:47,595 [Listener at 127.0.0.1/44079] INFO  volume.MutableVolumeSet (MutableVolumeSet.java:initializeVolumeSet(174)) - Added Volume : /home/runner/work/ozone/ozone/hadoop-ozone/integration-test/target/test-dir/MiniOzoneClusterImpl-88f81c17-ef50-42a7-8332-c06519bf32f4/datanode-2/data/ratis to VolumeSet
2022-08-09 13:51:47,595 [Listener at 127.0.0.1/44079] INFO  volume.ThrottledAsyncChecker (ThrottledAsyncChecker.java:schedule(141)) - Scheduling a check for /home/runner/work/ozone/ozone/hadoop-ozone/integration-test/target/test-dir/MiniOzoneClusterImpl-88f81c17-ef50-42a7-8332-c06519bf32f4/datanode-2/data/ratis
2022-08-09 13:51:47,595 [Listener at 127.0.0.1/44079] INFO  volume.StorageVolumeChecker (StorageVolumeChecker.java:checkAllVolumes(202)) - Scheduled health check for volume /home/runner/work/ozone/ozone/hadoop-ozone/integration-test/target/test-dir/MiniOzoneClusterImpl-88f81c17-ef50-42a7-8332-c06519bf32f4/datanode-2/data/ratis
2022-08-09 13:51:47,701 [Thread-2216] INFO  ozoneimpl.ContainerReader (ContainerReader.java:readVolume(175)) - Finish verifying containers on volume /home/runner/work/ozone/ozone/hadoop-ozone/integration-test/target/test-dir/MiniOzoneClusterImpl-88f81c17-ef50-42a7-8332-c06519bf32f4/datanode-2/data-0/containers/hdds
2022-08-09 13:51:47,701 [Listener at 127.0.0.1/44079] INFO  ozoneimpl.OzoneContainer (OzoneContainer.java:buildContainerSet(299)) - Build ContainerSet costs 0s
2022-08-09 13:51:47,702 [Listener at 127.0.0.1/44079] INFO  server.RaftServer (ConfUtils.java:logGet(46)) - raft.rpc.type = GRPC (default)
2022-08-09 13:51:47,702 [Listener at 127.0.0.1/44079] INFO  grpc.GrpcFactory (GrpcFactory.java:checkPooledByteBufAllocatorUseCacheForAllThreads(48)) - PERFORMANCE WARNING: useCacheForAllThreads is true that may cause Netty to create a lot garbage objects and, as a result, trigger GC.
	It is recommended to disable useCacheForAllThreads by setting -Dorg.apache.ratis.thirdparty.io.netty.allocator.useCacheForAllThreads=false in command line.
2022-08-09 13:51:47,702 [Listener at 127.0.0.1/44079] INFO  grpc.GrpcConfigKeys (ConfUtils.java:logGet(46)) - raft.grpc.admin.port = 0 (custom)
2022-08-09 13:51:47,703 [Listener at 127.0.0.1/44079] INFO  grpc.GrpcConfigKeys (ConfUtils.java:logGet(46)) - raft.grpc.client.port = 0 (custom)
2022-08-09 13:51:47,703 [Listener at 127.0.0.1/44079] INFO  grpc.GrpcConfigKeys (ConfUtils.java:logGet(46)) - raft.grpc.server.port = 0 (default)
2022-08-09 13:51:47,703 [Listener at 127.0.0.1/44079] INFO  server.GrpcService (ConfUtils.java:logGet(46)) - raft.grpc.message.size.max = 32MB (=33554432) (custom)
2022-08-09 13:51:47,703 [Listener at 127.0.0.1/44079] INFO  server.RaftServerConfigKeys (ConfUtils.java:logGet(46)) - raft.server.log.appender.buffer.byte-limit = 33554432 (custom)
2022-08-09 13:51:47,703 [Listener at 127.0.0.1/44079] INFO  server.GrpcService (ConfUtils.java:logGet(46)) - raft.grpc.flow.control.window = 5MB (=5242880) (custom)
2022-08-09 13:51:47,703 [Listener at 127.0.0.1/44079] INFO  server.RaftServerConfigKeys (ConfUtils.java:logGet(46)) - raft.server.rpc.request.timeout = 60s (custom)
2022-08-09 13:51:47,703 [Listener at 127.0.0.1/44079] INFO  grpc.GrpcConfigKeys (ConfUtils.java:logGet(46)) - raft.grpc.server.async.request.thread.pool.cached = true (default)
2022-08-09 13:51:47,703 [Listener at 127.0.0.1/44079] INFO  grpc.GrpcConfigKeys (ConfUtils.java:logGet(46)) - raft.grpc.server.async.request.thread.pool.size = 32 (default)
2022-08-09 13:51:47,706 [Listener at 127.0.0.1/44079] INFO  impl.DataStreamServerImpl (ConfUtils.java:logGet(46)) - raft.datastream.type = DISABLED (default)
2022-08-09 13:51:47,706 [Listener at 127.0.0.1/44079] INFO  server.RaftServerConfigKeys (ConfUtils.java:logGet(46)) - raft.server.threadpool.proxy.cached = true (default)
2022-08-09 13:51:47,706 [Listener at 127.0.0.1/44079] INFO  server.RaftServerConfigKeys (ConfUtils.java:logGet(46)) - raft.server.threadpool.proxy.size = 0 (default)
2022-08-09 13:51:47,706 [Listener at 127.0.0.1/44079] INFO  server.RaftServerConfigKeys (ConfUtils.java:logGet(46)) - raft.server.rpc.slowness.timeout = 300s (custom)
2022-08-09 13:51:47,706 [Listener at 127.0.0.1/44079] INFO  server.RaftServerConfigKeys (ConfUtils.java:logGet(46)) - raft.server.leaderelection.leader.step-down.wait-time = 10s (default)
2022-08-09 13:51:47,706 [Listener at 127.0.0.1/44079] INFO  server.RaftServerConfigKeys (ConfUtils.java:logGet(46)) - raft.server.storage.dir = [/home/runner/work/ozone/ozone/hadoop-ozone/integration-test/target/test-dir/MiniOzoneClusterImpl-88f81c17-ef50-42a7-8332-c06519bf32f4/datanode-2/data/ratis] (custom)
2022-08-09 13:51:47,707 [Listener at 127.0.0.1/44079] INFO  server.XceiverServerGrpc (XceiverServerGrpc.java:<init>(132)) - GrpcServer channel type EpollServerSocketChannel
2022-08-09 13:51:47,724 [Listener at 127.0.0.1/44079] INFO  http.BaseHttpServer (BaseHttpServer.java:newHttpServer2BuilderForOzone(209)) - Starting Web-server for hddsDatanode at: http://0.0.0.0:0
2022-08-09 13:51:47,724 [Listener at 127.0.0.1/44079] INFO  http.BaseHttpServer (BaseHttpServer.java:<init>(107)) - Hadoop Security Enabled: false Ozone Security Enabled: false Ozone HTTP Security Enabled: false 
2022-08-09 13:51:47,725 [Listener at 127.0.0.1/44079] INFO  server.AuthenticationFilter (AuthenticationFilter.java:constructSecretProvider(240)) - Unable to initialize FileSignerSecretProvider, falling back to use random secrets.
2022-08-09 13:51:47,736 [Listener at 127.0.0.1/44079] WARN  http.HttpRequestLog (HttpRequestLog.java:getRequestLog(103)) - Jetty request log can only be enabled using Log4j
2022-08-09 13:51:47,738 [Listener at 127.0.0.1/44079] INFO  http.HttpServer2 (HttpServer2.java:addGlobalFilter(1029)) - Added global filter 'safety' (class=org.apache.hadoop.hdds.server.http.HttpServer2$QuotingInputFilter)
2022-08-09 13:51:47,738 [Listener at 127.0.0.1/44079] INFO  http.HttpServer2 (HttpServer2.java:addFilter(1005)) - Added filter static_user_filter (class=org.apache.hadoop.http.lib.StaticUserWebFilter$StaticUserFilter) to context hddsDatanode
2022-08-09 13:51:47,738 [Listener at 127.0.0.1/44079] INFO  http.HttpServer2 (HttpServer2.java:addFilter(1013)) - Added filter static_user_filter (class=org.apache.hadoop.http.lib.StaticUserWebFilter$StaticUserFilter) to context static
2022-08-09 13:51:47,738 [Listener at 127.0.0.1/44079] INFO  http.HttpServer2 (HttpServer2.java:addFilter(1013)) - Added filter static_user_filter (class=org.apache.hadoop.http.lib.StaticUserWebFilter$StaticUserFilter) to context logs
2022-08-09 13:51:47,738 [Listener at 127.0.0.1/44079] INFO  http.HttpServer2 (HttpServer2.java:bindListener(1248)) - Jetty bound to port 45077
2022-08-09 13:51:47,739 [Listener at 127.0.0.1/44079] INFO  server.Server (Server.java:doStart(375)) - jetty-9.4.43.v20210629; built: 2021-06-30T11:07:22.254Z; git: 526006ecfa3af7f1a27ef3a288e2bef7ea9dd7e8; jvm 1.8.0_332-b09
2022-08-09 13:51:47,755 [Listener at 127.0.0.1/44079] INFO  server.session (DefaultSessionIdManager.java:doStart(334)) - DefaultSessionIdManager workerName=node0
2022-08-09 13:51:47,755 [Listener at 127.0.0.1/44079] INFO  server.session (DefaultSessionIdManager.java:doStart(339)) - No SessionScavenger set, using defaults
2022-08-09 13:51:47,755 [Listener at 127.0.0.1/44079] INFO  server.session (HouseKeeper.java:startScavenging(132)) - node0 Scavenging every 600000ms
2022-08-09 13:51:47,755 [Listener at 127.0.0.1/44079] INFO  handler.ContextHandler (ContextHandler.java:doStart(915)) - Started o.e.j.s.ServletContextHandler@6eed4f51{logs,/logs,file:///home/runner/work/ozone/ozone/hadoop-ozone/integration-test/target/log,AVAILABLE}
2022-08-09 13:51:47,756 [Listener at 127.0.0.1/44079] INFO  handler.ContextHandler (ContextHandler.java:doStart(915)) - Started o.e.j.s.ServletContextHandler@7f45239d{static,/static,jar:file:/home/runner/.m2/repository/org/apache/ozone/hdds-container-service/1.3.0-SNAPSHOT/hdds-container-service-1.3.0-SNAPSHOT.jar!/webapps/static,AVAILABLE}
2022-08-09 13:51:48,092 [Listener at 127.0.0.1/44079] INFO  handler.ContextHandler (ContextHandler.java:doStart(915)) - Started o.e.j.w.WebAppContext@534820c{hddsDatanode,/,file:///tmp/jetty-0_0_0_0-45077-hdds-container-service-1_3_0-SNAPSHOT_jar-_-any-5079839306033966140/webapp/,AVAILABLE}{jar:file:/home/runner/.m2/repository/org/apache/ozone/hdds-container-service/1.3.0-SNAPSHOT/hdds-container-service-1.3.0-SNAPSHOT.jar!/webapps/hddsDatanode}
2022-08-09 13:51:48,101 [Listener at 127.0.0.1/44079] INFO  server.AbstractConnector (AbstractConnector.java:doStart(331)) - Started ServerConnector@7e053fc4{HTTP/1.1, (http/1.1)}{0.0.0.0:45077}
2022-08-09 13:51:48,101 [Listener at 127.0.0.1/44079] INFO  server.Server (Server.java:doStart(415)) - Started @294836ms
2022-08-09 13:51:48,101 [Listener at 127.0.0.1/44079] WARN  impl.MetricsSystemImpl (MetricsSystemImpl.java:register(279)) - Sink prometheus already exists!
2022-08-09 13:51:48,102 [Listener at 127.0.0.1/44079] INFO  http.BaseHttpServer (BaseHttpServer.java:updateConnectorAddress(329)) - HTTP server of hddsDatanode listening at http://0.0.0.0:45077
2022-08-09 13:51:48,116 [Listener at 127.0.0.1/44079] INFO  impl.MetricsSystemImpl (MetricsSystemImpl.java:init(158)) - HddsDatanode metrics system started (again)
2022-08-09 13:51:48,136 [Datanode State Machine Daemon Thread] INFO  statemachine.DatanodeStateMachine (DatanodeStateMachine.java:lambda$startDaemon$0(492)) - Ozone container server started.
2022-08-09 13:51:48,182 [Listener at 127.0.0.1/44079] INFO  ozone.HddsDatanodeService (HddsDatanodeService.java:start(236)) - HddsDatanodeService host:fv-az450-466.jnfmftgkylze5hd05chtbp1i0a.dx.internal.cloudapp.net ip:10.1.0.19
2022-08-09 13:51:48,201 [org.apache.hadoop.util.JvmPauseMonitor$Monitor@3056e502] INFO  util.JvmPauseMonitor (JvmPauseMonitor.java:run(188)) - Starting JVM pause monitor
2022-08-09 13:51:48,230 [Datanode State Machine Task Thread - 0] INFO  datanode.InitDatanodeState (InitDatanodeState.java:persistContainerDatanodeDetails(138)) - DatanodeDetails is persisted to /home/runner/work/ozone/ozone/hadoop-ozone/integration-test/target/test-dir/MiniOzoneClusterImpl-88f81c17-ef50-42a7-8332-c06519bf32f4/datanode-2/meta/datanode.id
2022-08-09 13:51:48,273 [Listener at 127.0.0.1/44079] INFO  upgrade.AbstractLayoutVersionManager (AbstractLayoutVersionManager.java:init(83)) - Initializing Layout version manager with metadata layout = DATANODE_SCHEMA_V3 (version = 4), software layout = DATANODE_SCHEMA_V3 (version = 4)
2022-08-09 13:51:48,423 [Listener at 127.0.0.1/44079] INFO  reflections.Reflections (Reflections.java:scan(232)) - Reflections took 148 ms to scan 7 urls, producing 132 keys and 321 values 
2022-08-09 13:51:48,424 [Listener at 127.0.0.1/44079] INFO  statemachine.DatanodeStateMachine (DatanodeStateMachine.java:getEndPointTaskThreadPoolSize(237)) - Datanode State Machine Task Thread Pool size 2
2022-08-09 13:51:48,426 [Listener at 127.0.0.1/44079] INFO  volume.HddsVolume (HddsVolume.java:<init>(116)) - Creating HddsVolume: /home/runner/work/ozone/ozone/hadoop-ozone/integration-test/target/test-dir/MiniOzoneClusterImpl-88f81c17-ef50-42a7-8332-c06519bf32f4/datanode-3/data-0/containers/hdds of storage type : DISK capacity : 9223372036854775807
2022-08-09 13:51:48,426 [Listener at 127.0.0.1/44079] INFO  volume.MutableVolumeSet (MutableVolumeSet.java:initializeVolumeSet(174)) - Added Volume : /home/runner/work/ozone/ozone/hadoop-ozone/integration-test/target/test-dir/MiniOzoneClusterImpl-88f81c17-ef50-42a7-8332-c06519bf32f4/datanode-3/data-0/containers/hdds to VolumeSet
2022-08-09 13:51:48,426 [Listener at 127.0.0.1/44079] INFO  volume.ThrottledAsyncChecker (ThrottledAsyncChecker.java:schedule(141)) - Scheduling a check for /home/runner/work/ozone/ozone/hadoop-ozone/integration-test/target/test-dir/MiniOzoneClusterImpl-88f81c17-ef50-42a7-8332-c06519bf32f4/datanode-3/data-0/containers/hdds
2022-08-09 13:51:48,428 [Listener at 127.0.0.1/44079] INFO  volume.StorageVolumeChecker (StorageVolumeChecker.java:checkAllVolumes(202)) - Scheduled health check for volume /home/runner/work/ozone/ozone/hadoop-ozone/integration-test/target/test-dir/MiniOzoneClusterImpl-88f81c17-ef50-42a7-8332-c06519bf32f4/datanode-3/data-0/containers/hdds
2022-08-09 13:51:48,465 [Listener at 127.0.0.1/44079] INFO  volume.MutableVolumeSet (MutableVolumeSet.java:initializeVolumeSet(174)) - Added Volume : /home/runner/work/ozone/ozone/hadoop-ozone/integration-test/target/test-dir/MiniOzoneClusterImpl-88f81c17-ef50-42a7-8332-c06519bf32f4/datanode-3/data/ratis to VolumeSet
2022-08-09 13:51:48,501 [Listener at 127.0.0.1/44079] INFO  volume.ThrottledAsyncChecker (ThrottledAsyncChecker.java:schedule(141)) - Scheduling a check for /home/runner/work/ozone/ozone/hadoop-ozone/integration-test/target/test-dir/MiniOzoneClusterImpl-88f81c17-ef50-42a7-8332-c06519bf32f4/datanode-3/data/ratis
2022-08-09 13:51:48,502 [Listener at 127.0.0.1/44079] INFO  volume.StorageVolumeChecker (StorageVolumeChecker.java:checkAllVolumes(202)) - Scheduled health check for volume /home/runner/work/ozone/ozone/hadoop-ozone/integration-test/target/test-dir/MiniOzoneClusterImpl-88f81c17-ef50-42a7-8332-c06519bf32f4/datanode-3/data/ratis
2022-08-09 13:51:48,547 [EndpointStateMachine task thread for /0.0.0.0:36105 - 0 ] INFO  volume.HddsVolume (HddsVolume.java:createDbStore(309)) - SchemaV3 db is created and loaded at /home/runner/work/ozone/ozone/hadoop-ozone/integration-test/target/test-dir/MiniOzoneClusterImpl-88f81c17-ef50-42a7-8332-c06519bf32f4/datanode-0/data-0/containers/hdds/88f81c17-ef50-42a7-8332-c06519bf32f4/DS-5e24738c-8131-47d8-8752-7a54a636aed9/container.db for volume DS-5e24738c-8131-47d8-8752-7a54a636aed9
2022-08-09 13:51:48,581 [EndpointStateMachine task thread for /0.0.0.0:36105 - 0 ] INFO  volume.HddsVolume (HddsVolume.java:closeDbStore(340)) - SchemaV3 db is stopped at /home/runner/work/ozone/ozone/hadoop-ozone/integration-test/target/test-dir/MiniOzoneClusterImpl-88f81c17-ef50-42a7-8332-c06519bf32f4/datanode-0/data-0/containers/hdds/88f81c17-ef50-42a7-8332-c06519bf32f4/DS-5e24738c-8131-47d8-8752-7a54a636aed9/container.db for volume DS-5e24738c-8131-47d8-8752-7a54a636aed9
2022-08-09 13:51:48,581 [EndpointStateMachine task thread for /0.0.0.0:36105 - 0 ] INFO  ozoneimpl.OzoneContainer (OzoneContainer.java:start(377)) - Attempting to start container services.
2022-08-09 13:51:48,581 [EndpointStateMachine task thread for /0.0.0.0:36105 - 0 ] INFO  ozoneimpl.OzoneContainer (OzoneContainer.java:startContainerScrub(312)) - Background container scanner has been disabled.
2022-08-09 13:51:48,611 [EndpointStateMachine task thread for /0.0.0.0:36105 - 0 ] INFO  replication.ReplicationServer (ReplicationServer.java:start(111)) - ReplicationServer is started using port 39459
2022-08-09 13:51:48,613 [EndpointStateMachine task thread for /0.0.0.0:36105 - 0 ] INFO  ratis.XceiverServerRatis (XceiverServerRatis.java:start(481)) - Starting XceiverServerRatis 719c7f2e-9b3f-4e79-a038-a5c87def3235
2022-08-09 13:51:48,614 [EndpointStateMachine task thread for /0.0.0.0:36105 - 0 ] INFO  server.RaftServer (RaftServerProxy.java:lambda$start$6(382)) - 719c7f2e-9b3f-4e79-a038-a5c87def3235: start RPC server
2022-08-09 13:51:48,651 [EndpointStateMachine task thread for /0.0.0.0:36105 - 0 ] INFO  server.GrpcService (GrpcService.java:startImpl(260)) - 719c7f2e-9b3f-4e79-a038-a5c87def3235: GrpcService started, listening on 41633
2022-08-09 13:51:48,652 [EndpointStateMachine task thread for /0.0.0.0:36105 - 0 ] INFO  ratis.XceiverServerRatis (XceiverServerRatis.java:getRealPort(502)) - XceiverServerRatis 719c7f2e-9b3f-4e79-a038-a5c87def3235 is started using port 41633 for RATIS
2022-08-09 13:51:48,652 [EndpointStateMachine task thread for /0.0.0.0:36105 - 0 ] INFO  ratis.XceiverServerRatis (XceiverServerRatis.java:getRealPort(502)) - XceiverServerRatis 719c7f2e-9b3f-4e79-a038-a5c87def3235 is started using port 41633 for RATIS_ADMIN
2022-08-09 13:51:48,652 [EndpointStateMachine task thread for /0.0.0.0:36105 - 0 ] INFO  ratis.XceiverServerRatis (XceiverServerRatis.java:getRealPort(502)) - XceiverServerRatis 719c7f2e-9b3f-4e79-a038-a5c87def3235 is started using port 41633 for RATIS_SERVER
2022-08-09 13:51:48,657 [org.apache.ratis.util.JvmPauseMonitor$$Lambda$615/629946574@fe0ed35] INFO  util.JvmPauseMonitor (JvmPauseMonitor.java:run(103)) - JvmPauseMonitor-719c7f2e-9b3f-4e79-a038-a5c87def3235: Started
2022-08-09 13:51:48,665 [Thread-2230] INFO  ozoneimpl.ContainerReader (ContainerReader.java:readVolume(175)) - Finish verifying containers on volume /home/runner/work/ozone/ozone/hadoop-ozone/integration-test/target/test-dir/MiniOzoneClusterImpl-88f81c17-ef50-42a7-8332-c06519bf32f4/datanode-3/data-0/containers/hdds
2022-08-09 13:51:48,666 [Listener at 127.0.0.1/44079] INFO  ozoneimpl.OzoneContainer (OzoneContainer.java:buildContainerSet(299)) - Build ContainerSet costs 0s
2022-08-09 13:51:48,667 [Listener at 127.0.0.1/44079] INFO  server.RaftServer (ConfUtils.java:logGet(46)) - raft.rpc.type = GRPC (default)
2022-08-09 13:51:48,667 [Listener at 127.0.0.1/44079] INFO  grpc.GrpcFactory (GrpcFactory.java:checkPooledByteBufAllocatorUseCacheForAllThreads(48)) - PERFORMANCE WARNING: useCacheForAllThreads is true that may cause Netty to create a lot garbage objects and, as a result, trigger GC.
	It is recommended to disable useCacheForAllThreads by setting -Dorg.apache.ratis.thirdparty.io.netty.allocator.useCacheForAllThreads=false in command line.
2022-08-09 13:51:48,668 [Listener at 127.0.0.1/44079] INFO  grpc.GrpcConfigKeys (ConfUtils.java:logGet(46)) - raft.grpc.admin.port = 0 (custom)
2022-08-09 13:51:48,668 [Listener at 127.0.0.1/44079] INFO  grpc.GrpcConfigKeys (ConfUtils.java:logGet(46)) - raft.grpc.client.port = 0 (custom)
2022-08-09 13:51:48,668 [Listener at 127.0.0.1/44079] INFO  grpc.GrpcConfigKeys (ConfUtils.java:logGet(46)) - raft.grpc.server.port = 0 (default)
2022-08-09 13:51:48,668 [Listener at 127.0.0.1/44079] INFO  server.GrpcService (ConfUtils.java:logGet(46)) - raft.grpc.message.size.max = 32MB (=33554432) (custom)
2022-08-09 13:51:48,668 [Listener at 127.0.0.1/44079] INFO  server.RaftServerConfigKeys (ConfUtils.java:logGet(46)) - raft.server.log.appender.buffer.byte-limit = 33554432 (custom)
2022-08-09 13:51:48,668 [Listener at 127.0.0.1/44079] INFO  server.GrpcService (ConfUtils.java:logGet(46)) - raft.grpc.flow.control.window = 5MB (=5242880) (custom)
2022-08-09 13:51:48,668 [Listener at 127.0.0.1/44079] INFO  server.RaftServerConfigKeys (ConfUtils.java:logGet(46)) - raft.server.rpc.request.timeout = 60s (custom)
2022-08-09 13:51:48,668 [Listener at 127.0.0.1/44079] INFO  grpc.GrpcConfigKeys (ConfUtils.java:logGet(46)) - raft.grpc.server.async.request.thread.pool.cached = true (default)
2022-08-09 13:51:48,668 [Listener at 127.0.0.1/44079] INFO  grpc.GrpcConfigKeys (ConfUtils.java:logGet(46)) - raft.grpc.server.async.request.thread.pool.size = 32 (default)
2022-08-09 13:51:48,670 [Listener at 127.0.0.1/44079] INFO  impl.DataStreamServerImpl (ConfUtils.java:logGet(46)) - raft.datastream.type = DISABLED (default)
2022-08-09 13:51:48,670 [Listener at 127.0.0.1/44079] INFO  server.RaftServerConfigKeys (ConfUtils.java:logGet(46)) - raft.server.threadpool.proxy.cached = true (default)
2022-08-09 13:51:48,670 [Listener at 127.0.0.1/44079] INFO  server.RaftServerConfigKeys (ConfUtils.java:logGet(46)) - raft.server.threadpool.proxy.size = 0 (default)
2022-08-09 13:51:48,670 [Listener at 127.0.0.1/44079] INFO  server.RaftServerConfigKeys (ConfUtils.java:logGet(46)) - raft.server.rpc.slowness.timeout = 300s (custom)
2022-08-09 13:51:48,670 [Listener at 127.0.0.1/44079] INFO  server.RaftServerConfigKeys (ConfUtils.java:logGet(46)) - raft.server.leaderelection.leader.step-down.wait-time = 10s (default)
2022-08-09 13:51:48,670 [Listener at 127.0.0.1/44079] INFO  server.RaftServerConfigKeys (ConfUtils.java:logGet(46)) - raft.server.storage.dir = [/home/runner/work/ozone/ozone/hadoop-ozone/integration-test/target/test-dir/MiniOzoneClusterImpl-88f81c17-ef50-42a7-8332-c06519bf32f4/datanode-3/data/ratis] (custom)
2022-08-09 13:51:48,684 [Listener at 127.0.0.1/44079] INFO  server.XceiverServerGrpc (XceiverServerGrpc.java:<init>(132)) - GrpcServer channel type EpollServerSocketChannel
2022-08-09 13:51:48,725 [Listener at 127.0.0.1/44079] INFO  http.BaseHttpServer (BaseHttpServer.java:newHttpServer2BuilderForOzone(209)) - Starting Web-server for hddsDatanode at: http://0.0.0.0:0
2022-08-09 13:51:48,725 [Listener at 127.0.0.1/44079] INFO  http.BaseHttpServer (BaseHttpServer.java:<init>(107)) - Hadoop Security Enabled: false Ozone Security Enabled: false Ozone HTTP Security Enabled: false 
2022-08-09 13:51:48,726 [Listener at 127.0.0.1/44079] INFO  server.AuthenticationFilter (AuthenticationFilter.java:constructSecretProvider(240)) - Unable to initialize FileSignerSecretProvider, falling back to use random secrets.
2022-08-09 13:51:48,749 [Listener at 127.0.0.1/44079] WARN  http.HttpRequestLog (HttpRequestLog.java:getRequestLog(103)) - Jetty request log can only be enabled using Log4j
2022-08-09 13:51:48,751 [Listener at 127.0.0.1/44079] INFO  http.HttpServer2 (HttpServer2.java:addGlobalFilter(1029)) - Added global filter 'safety' (class=org.apache.hadoop.hdds.server.http.HttpServer2$QuotingInputFilter)
2022-08-09 13:51:48,752 [Listener at 127.0.0.1/44079] INFO  http.HttpServer2 (HttpServer2.java:addFilter(1005)) - Added filter static_user_filter (class=org.apache.hadoop.http.lib.StaticUserWebFilter$StaticUserFilter) to context hddsDatanode
2022-08-09 13:51:48,752 [Listener at 127.0.0.1/44079] INFO  http.HttpServer2 (HttpServer2.java:addFilter(1013)) - Added filter static_user_filter (class=org.apache.hadoop.http.lib.StaticUserWebFilter$StaticUserFilter) to context logs
2022-08-09 13:51:48,752 [Listener at 127.0.0.1/44079] INFO  http.HttpServer2 (HttpServer2.java:addFilter(1013)) - Added filter static_user_filter (class=org.apache.hadoop.http.lib.StaticUserWebFilter$StaticUserFilter) to context static
2022-08-09 13:51:48,752 [Listener at 127.0.0.1/44079] INFO  http.HttpServer2 (HttpServer2.java:bindListener(1248)) - Jetty bound to port 42347
2022-08-09 13:51:48,752 [Listener at 127.0.0.1/44079] INFO  server.Server (Server.java:doStart(375)) - jetty-9.4.43.v20210629; built: 2021-06-30T11:07:22.254Z; git: 526006ecfa3af7f1a27ef3a288e2bef7ea9dd7e8; jvm 1.8.0_332-b09
2022-08-09 13:51:48,774 [Listener at 127.0.0.1/44079] INFO  server.session (DefaultSessionIdManager.java:doStart(334)) - DefaultSessionIdManager workerName=node0
2022-08-09 13:51:48,774 [Listener at 127.0.0.1/44079] INFO  server.session (DefaultSessionIdManager.java:doStart(339)) - No SessionScavenger set, using defaults
2022-08-09 13:51:48,774 [Listener at 127.0.0.1/44079] INFO  server.session (HouseKeeper.java:startScavenging(132)) - node0 Scavenging every 660000ms
2022-08-09 13:51:48,775 [Listener at 127.0.0.1/44079] INFO  handler.ContextHandler (ContextHandler.java:doStart(915)) - Started o.e.j.s.ServletContextHandler@562c67e6{logs,/logs,file:///home/runner/work/ozone/ozone/hadoop-ozone/integration-test/target/log,AVAILABLE}
2022-08-09 13:51:48,775 [Listener at 127.0.0.1/44079] INFO  handler.ContextHandler (ContextHandler.java:doStart(915)) - Started o.e.j.s.ServletContextHandler@ebbe156{static,/static,jar:file:/home/runner/.m2/repository/org/apache/ozone/hdds-container-service/1.3.0-SNAPSHOT/hdds-container-service-1.3.0-SNAPSHOT.jar!/webapps/static,AVAILABLE}
2022-08-09 13:51:48,783 [EndpointStateMachine task thread for /0.0.0.0:36105 - 0 ] INFO  server.XceiverServerGrpc (XceiverServerGrpc.java:start(180)) - XceiverServerGrpc 719c7f2e-9b3f-4e79-a038-a5c87def3235 is started using port 46881
2022-08-09 13:51:49,441 [Listener at 127.0.0.1/44079] INFO  handler.ContextHandler (ContextHandler.java:doStart(915)) - Started o.e.j.w.WebAppContext@58ac4675{hddsDatanode,/,file:///tmp/jetty-0_0_0_0-42347-hdds-container-service-1_3_0-SNAPSHOT_jar-_-any-1876337587698698057/webapp/,AVAILABLE}{jar:file:/home/runner/.m2/repository/org/apache/ozone/hdds-container-service/1.3.0-SNAPSHOT/hdds-container-service-1.3.0-SNAPSHOT.jar!/webapps/hddsDatanode}
2022-08-09 13:51:49,461 [Finalizer] WARN  managed.ManagedRocksObjectUtils (ManagedRocksObjectUtils.java:assertClosed(39)) - ManagedColumnFamilyOptions is not closed properly
2022-08-09 13:51:49,462 [Finalizer] WARN  managed.ManagedRocksObjectUtils (ManagedRocksObjectUtils.java:assertClosed(39)) - ManagedColumnFamilyOptions is not closed properly
2022-08-09 13:51:49,462 [Finalizer] WARN  managed.ManagedRocksObjectUtils (ManagedRocksObjectUtils.java:assertClosed(39)) - ManagedColumnFamilyOptions is not closed properly
2022-08-09 13:51:49,462 [Finalizer] WARN  managed.ManagedRocksObjectUtils (ManagedRocksObjectUtils.java:assertClosed(39)) - ManagedColumnFamilyOptions is not closed properly
2022-08-09 13:51:49,462 [Finalizer] WARN  managed.ManagedRocksObjectUtils (ManagedRocksObjectUtils.java:assertClosed(39)) - ManagedColumnFamilyOptions is not closed properly
2022-08-09 13:51:49,462 [Finalizer] WARN  managed.ManagedRocksObjectUtils (ManagedRocksObjectUtils.java:assertClosed(39)) - ManagedDBOptions is not closed properly
2022-08-09 13:51:49,462 [Finalizer] WARN  managed.ManagedRocksObjectUtils (ManagedRocksObjectUtils.java:assertClosed(39)) - ManagedColumnFamilyOptions is not closed properly
2022-08-09 13:51:49,463 [Finalizer] WARN  managed.ManagedRocksObjectUtils (ManagedRocksObjectUtils.java:assertClosed(39)) - ManagedLRUCache is not closed properly
2022-08-09 13:51:49,463 [Finalizer] WARN  managed.ManagedRocksObjectUtils (ManagedRocksObjectUtils.java:assertClosed(39)) - ManagedBloomFilter is not closed properly
2022-08-09 13:51:49,463 [Finalizer] WARN  managed.ManagedRocksObjectUtils (ManagedRocksObjectUtils.java:assertClosed(39)) - ManagedColumnFamilyOptions is not closed properly
2022-08-09 13:51:49,463 [Finalizer] WARN  managed.ManagedRocksObjectUtils (ManagedRocksObjectUtils.java:assertClosed(39)) - ManagedLRUCache is not closed properly
2022-08-09 13:51:49,463 [Finalizer] WARN  managed.ManagedRocksObjectUtils (ManagedRocksObjectUtils.java:assertClosed(39)) - ManagedBloomFilter is not closed properly
2022-08-09 13:51:49,501 [Listener at 127.0.0.1/44079] INFO  server.AbstractConnector (AbstractConnector.java:doStart(331)) - Started ServerConnector@6b297d6f{HTTP/1.1, (http/1.1)}{0.0.0.0:42347}
2022-08-09 13:51:49,501 [Listener at 127.0.0.1/44079] INFO  server.Server (Server.java:doStart(415)) - Started @296236ms
2022-08-09 13:51:49,501 [Listener at 127.0.0.1/44079] WARN  impl.MetricsSystemImpl (MetricsSystemImpl.java:register(279)) - Sink prometheus already exists!
2022-08-09 13:51:49,504 [Listener at 127.0.0.1/44079] INFO  http.BaseHttpServer (BaseHttpServer.java:updateConnectorAddress(329)) - HTTP server of hddsDatanode listening at http://0.0.0.0:42347
2022-08-09 13:51:49,512 [Listener at 127.0.0.1/44079] INFO  impl.MetricsSystemImpl (MetricsSystemImpl.java:init(158)) - HddsDatanode metrics system started (again)
2022-08-09 13:51:49,513 [Datanode State Machine Daemon Thread] INFO  statemachine.DatanodeStateMachine (DatanodeStateMachine.java:lambda$startDaemon$0(492)) - Ozone container server started.
2022-08-09 13:51:49,521 [EndpointStateMachine task thread for /0.0.0.0:36105 - 0 ] INFO  volume.HddsVolume (HddsVolume.java:createDbStore(309)) - SchemaV3 db is created and loaded at /home/runner/work/ozone/ozone/hadoop-ozone/integration-test/target/test-dir/MiniOzoneClusterImpl-88f81c17-ef50-42a7-8332-c06519bf32f4/datanode-1/data-0/containers/hdds/88f81c17-ef50-42a7-8332-c06519bf32f4/DS-a805196d-1e0d-4e09-9f5c-bd15fb7c5175/container.db for volume DS-a805196d-1e0d-4e09-9f5c-bd15fb7c5175
2022-08-09 13:51:49,522 [EndpointStateMachine task thread for /0.0.0.0:36105 - 0 ] INFO  volume.HddsVolume (HddsVolume.java:closeDbStore(340)) - SchemaV3 db is stopped at /home/runner/work/ozone/ozone/hadoop-ozone/integration-test/target/test-dir/MiniOzoneClusterImpl-88f81c17-ef50-42a7-8332-c06519bf32f4/datanode-1/data-0/containers/hdds/88f81c17-ef50-42a7-8332-c06519bf32f4/DS-a805196d-1e0d-4e09-9f5c-bd15fb7c5175/container.db for volume DS-a805196d-1e0d-4e09-9f5c-bd15fb7c5175
2022-08-09 13:51:49,522 [EndpointStateMachine task thread for /0.0.0.0:36105 - 0 ] INFO  ozoneimpl.OzoneContainer (OzoneContainer.java:start(377)) - Attempting to start container services.
2022-08-09 13:51:49,522 [EndpointStateMachine task thread for /0.0.0.0:36105 - 0 ] INFO  ozoneimpl.OzoneContainer (OzoneContainer.java:startContainerScrub(312)) - Background container scanner has been disabled.
2022-08-09 13:51:49,603 [Listener at 127.0.0.1/44079] INFO  ozone.HddsDatanodeService (HddsDatanodeService.java:start(236)) - HddsDatanodeService host:fv-az450-466.jnfmftgkylze5hd05chtbp1i0a.dx.internal.cloudapp.net ip:10.1.0.19
2022-08-09 13:51:49,662 [org.apache.hadoop.util.JvmPauseMonitor$Monitor@337e42b7] INFO  util.JvmPauseMonitor (JvmPauseMonitor.java:run(188)) - Starting JVM pause monitor
2022-08-09 13:51:49,681 [Listener at 127.0.0.1/44079] INFO  upgrade.AbstractLayoutVersionManager (AbstractLayoutVersionManager.java:init(83)) - Initializing Layout version manager with metadata layout = DATANODE_SCHEMA_V3 (version = 4), software layout = DATANODE_SCHEMA_V3 (version = 4)
2022-08-09 13:51:49,722 [EndpointStateMachine task thread for /0.0.0.0:36105 - 0 ] INFO  replication.ReplicationServer (ReplicationServer.java:start(111)) - ReplicationServer is started using port 42931
2022-08-09 13:51:49,725 [EndpointStateMachine task thread for /0.0.0.0:36105 - 0 ] INFO  ratis.XceiverServerRatis (XceiverServerRatis.java:start(481)) - Starting XceiverServerRatis 7f1d1c94-ff0a-4bb3-a3b2-1e31becb3d9f
2022-08-09 13:51:49,743 [EndpointStateMachine task thread for /0.0.0.0:36105 - 0 ] INFO  server.RaftServer (RaftServerProxy.java:lambda$start$6(382)) - 7f1d1c94-ff0a-4bb3-a3b2-1e31becb3d9f: start RPC server
2022-08-09 13:51:49,778 [EndpointStateMachine task thread for /0.0.0.0:36105 - 0 ] INFO  server.GrpcService (GrpcService.java:startImpl(260)) - 7f1d1c94-ff0a-4bb3-a3b2-1e31becb3d9f: GrpcService started, listening on 34961
2022-08-09 13:51:49,801 [EndpointStateMachine task thread for /0.0.0.0:36105 - 0 ] INFO  ratis.XceiverServerRatis (XceiverServerRatis.java:getRealPort(502)) - XceiverServerRatis 7f1d1c94-ff0a-4bb3-a3b2-1e31becb3d9f is started using port 34961 for RATIS
2022-08-09 13:51:49,801 [EndpointStateMachine task thread for /0.0.0.0:36105 - 0 ] INFO  ratis.XceiverServerRatis (XceiverServerRatis.java:getRealPort(502)) - XceiverServerRatis 7f1d1c94-ff0a-4bb3-a3b2-1e31becb3d9f is started using port 34961 for RATIS_ADMIN
2022-08-09 13:51:49,801 [EndpointStateMachine task thread for /0.0.0.0:36105 - 0 ] INFO  ratis.XceiverServerRatis (XceiverServerRatis.java:getRealPort(502)) - XceiverServerRatis 7f1d1c94-ff0a-4bb3-a3b2-1e31becb3d9f is started using port 34961 for RATIS_SERVER
2022-08-09 13:51:49,801 [org.apache.ratis.util.JvmPauseMonitor$$Lambda$615/629946574@21c30054] INFO  util.JvmPauseMonitor (JvmPauseMonitor.java:run(103)) - JvmPauseMonitor-7f1d1c94-ff0a-4bb3-a3b2-1e31becb3d9f: Started
2022-08-09 13:51:49,802 [Datanode State Machine Task Thread - 0] INFO  datanode.InitDatanodeState (InitDatanodeState.java:persistContainerDatanodeDetails(138)) - DatanodeDetails is persisted to /home/runner/work/ozone/ozone/hadoop-ozone/integration-test/target/test-dir/MiniOzoneClusterImpl-88f81c17-ef50-42a7-8332-c06519bf32f4/datanode-3/meta/datanode.id
2022-08-09 13:51:49,825 [EndpointStateMachine task thread for /0.0.0.0:36105 - 0 ] INFO  server.XceiverServerGrpc (XceiverServerGrpc.java:start(180)) - XceiverServerGrpc 7f1d1c94-ff0a-4bb3-a3b2-1e31becb3d9f is started using port 35779
2022-08-09 13:51:49,912 [Listener at 127.0.0.1/44079] INFO  reflections.Reflections (Reflections.java:scan(232)) - Reflections took 215 ms to scan 7 urls, producing 132 keys and 321 values 
2022-08-09 13:51:49,926 [Listener at 127.0.0.1/44079] INFO  statemachine.DatanodeStateMachine (DatanodeStateMachine.java:getEndPointTaskThreadPoolSize(237)) - Datanode State Machine Task Thread Pool size 2
2022-08-09 13:51:49,936 [Listener at 127.0.0.1/44079] INFO  volume.HddsVolume (HddsVolume.java:<init>(116)) - Creating HddsVolume: /home/runner/work/ozone/ozone/hadoop-ozone/integration-test/target/test-dir/MiniOzoneClusterImpl-88f81c17-ef50-42a7-8332-c06519bf32f4/datanode-4/data-0/containers/hdds of storage type : DISK capacity : 9223372036854775807
2022-08-09 13:51:49,936 [Listener at 127.0.0.1/44079] INFO  volume.MutableVolumeSet (MutableVolumeSet.java:initializeVolumeSet(174)) - Added Volume : /home/runner/work/ozone/ozone/hadoop-ozone/integration-test/target/test-dir/MiniOzoneClusterImpl-88f81c17-ef50-42a7-8332-c06519bf32f4/datanode-4/data-0/containers/hdds to VolumeSet
2022-08-09 13:51:49,936 [Listener at 127.0.0.1/44079] INFO  volume.ThrottledAsyncChecker (ThrottledAsyncChecker.java:schedule(141)) - Scheduling a check for /home/runner/work/ozone/ozone/hadoop-ozone/integration-test/target/test-dir/MiniOzoneClusterImpl-88f81c17-ef50-42a7-8332-c06519bf32f4/datanode-4/data-0/containers/hdds
2022-08-09 13:51:49,937 [Listener at 127.0.0.1/44079] INFO  volume.StorageVolumeChecker (StorageVolumeChecker.java:checkAllVolumes(202)) - Scheduled health check for volume /home/runner/work/ozone/ozone/hadoop-ozone/integration-test/target/test-dir/MiniOzoneClusterImpl-88f81c17-ef50-42a7-8332-c06519bf32f4/datanode-4/data-0/containers/hdds
2022-08-09 13:51:49,948 [Listener at 127.0.0.1/44079] INFO  volume.MutableVolumeSet (MutableVolumeSet.java:initializeVolumeSet(174)) - Added Volume : /home/runner/work/ozone/ozone/hadoop-ozone/integration-test/target/test-dir/MiniOzoneClusterImpl-88f81c17-ef50-42a7-8332-c06519bf32f4/datanode-4/data/ratis to VolumeSet
2022-08-09 13:51:49,948 [Listener at 127.0.0.1/44079] INFO  volume.ThrottledAsyncChecker (ThrottledAsyncChecker.java:schedule(141)) - Scheduling a check for /home/runner/work/ozone/ozone/hadoop-ozone/integration-test/target/test-dir/MiniOzoneClusterImpl-88f81c17-ef50-42a7-8332-c06519bf32f4/datanode-4/data/ratis
2022-08-09 13:51:49,949 [Listener at 127.0.0.1/44079] INFO  volume.StorageVolumeChecker (StorageVolumeChecker.java:checkAllVolumes(202)) - Scheduled health check for volume /home/runner/work/ozone/ozone/hadoop-ozone/integration-test/target/test-dir/MiniOzoneClusterImpl-88f81c17-ef50-42a7-8332-c06519bf32f4/datanode-4/data/ratis
2022-08-09 13:51:50,045 [Thread-2253] INFO  ozoneimpl.ContainerReader (ContainerReader.java:readVolume(175)) - Finish verifying containers on volume /home/runner/work/ozone/ozone/hadoop-ozone/integration-test/target/test-dir/MiniOzoneClusterImpl-88f81c17-ef50-42a7-8332-c06519bf32f4/datanode-4/data-0/containers/hdds
2022-08-09 13:51:50,052 [Listener at 127.0.0.1/44079] INFO  ozoneimpl.OzoneContainer (OzoneContainer.java:buildContainerSet(299)) - Build ContainerSet costs 0s
2022-08-09 13:51:50,054 [Listener at 127.0.0.1/44079] INFO  server.RaftServer (ConfUtils.java:logGet(46)) - raft.rpc.type = GRPC (default)
2022-08-09 13:51:50,055 [Listener at 127.0.0.1/44079] INFO  grpc.GrpcFactory (GrpcFactory.java:checkPooledByteBufAllocatorUseCacheForAllThreads(48)) - PERFORMANCE WARNING: useCacheForAllThreads is true that may cause Netty to create a lot garbage objects and, as a result, trigger GC.
	It is recommended to disable useCacheForAllThreads by setting -Dorg.apache.ratis.thirdparty.io.netty.allocator.useCacheForAllThreads=false in command line.
2022-08-09 13:51:50,055 [Listener at 127.0.0.1/44079] INFO  grpc.GrpcConfigKeys (ConfUtils.java:logGet(46)) - raft.grpc.admin.port = 0 (custom)
2022-08-09 13:51:50,055 [Listener at 127.0.0.1/44079] INFO  grpc.GrpcConfigKeys (ConfUtils.java:logGet(46)) - raft.grpc.client.port = 0 (custom)
2022-08-09 13:51:50,055 [Listener at 127.0.0.1/44079] INFO  grpc.GrpcConfigKeys (ConfUtils.java:logGet(46)) - raft.grpc.server.port = 0 (default)
2022-08-09 13:51:50,055 [Listener at 127.0.0.1/44079] INFO  server.GrpcService (ConfUtils.java:logGet(46)) - raft.grpc.message.size.max = 32MB (=33554432) (custom)
2022-08-09 13:51:50,055 [Listener at 127.0.0.1/44079] INFO  server.RaftServerConfigKeys (ConfUtils.java:logGet(46)) - raft.server.log.appender.buffer.byte-limit = 33554432 (custom)
2022-08-09 13:51:50,055 [Listener at 127.0.0.1/44079] INFO  server.GrpcService (ConfUtils.java:logGet(46)) - raft.grpc.flow.control.window = 5MB (=5242880) (custom)
2022-08-09 13:51:50,055 [Listener at 127.0.0.1/44079] INFO  server.RaftServerConfigKeys (ConfUtils.java:logGet(46)) - raft.server.rpc.request.timeout = 60s (custom)
2022-08-09 13:51:50,055 [Listener at 127.0.0.1/44079] INFO  grpc.GrpcConfigKeys (ConfUtils.java:logGet(46)) - raft.grpc.server.async.request.thread.pool.cached = true (default)
2022-08-09 13:51:50,055 [Listener at 127.0.0.1/44079] INFO  grpc.GrpcConfigKeys (ConfUtils.java:logGet(46)) - raft.grpc.server.async.request.thread.pool.size = 32 (default)
2022-08-09 13:51:50,065 [Listener at 127.0.0.1/44079] INFO  impl.DataStreamServerImpl (ConfUtils.java:logGet(46)) - raft.datastream.type = DISABLED (default)
2022-08-09 13:51:50,065 [Listener at 127.0.0.1/44079] INFO  server.RaftServerConfigKeys (ConfUtils.java:logGet(46)) - raft.server.threadpool.proxy.cached = true (default)
2022-08-09 13:51:50,065 [Listener at 127.0.0.1/44079] INFO  server.RaftServerConfigKeys (ConfUtils.java:logGet(46)) - raft.server.threadpool.proxy.size = 0 (default)
2022-08-09 13:51:50,065 [Listener at 127.0.0.1/44079] INFO  server.RaftServerConfigKeys (ConfUtils.java:logGet(46)) - raft.server.rpc.slowness.timeout = 300s (custom)
2022-08-09 13:51:50,065 [Listener at 127.0.0.1/44079] INFO  server.RaftServerConfigKeys (ConfUtils.java:logGet(46)) - raft.server.leaderelection.leader.step-down.wait-time = 10s (default)
2022-08-09 13:51:50,065 [Listener at 127.0.0.1/44079] INFO  server.RaftServerConfigKeys (ConfUtils.java:logGet(46)) - raft.server.storage.dir = [/home/runner/work/ozone/ozone/hadoop-ozone/integration-test/target/test-dir/MiniOzoneClusterImpl-88f81c17-ef50-42a7-8332-c06519bf32f4/datanode-4/data/ratis] (custom)
2022-08-09 13:51:50,086 [Listener at 127.0.0.1/44079] INFO  server.XceiverServerGrpc (XceiverServerGrpc.java:<init>(132)) - GrpcServer channel type EpollServerSocketChannel
2022-08-09 13:51:50,098 [Listener at 127.0.0.1/44079] INFO  http.BaseHttpServer (BaseHttpServer.java:newHttpServer2BuilderForOzone(209)) - Starting Web-server for hddsDatanode at: http://0.0.0.0:0
2022-08-09 13:51:50,098 [Listener at 127.0.0.1/44079] INFO  http.BaseHttpServer (BaseHttpServer.java:<init>(107)) - Hadoop Security Enabled: false Ozone Security Enabled: false Ozone HTTP Security Enabled: false 
2022-08-09 13:51:50,099 [Listener at 127.0.0.1/44079] INFO  server.AuthenticationFilter (AuthenticationFilter.java:constructSecretProvider(240)) - Unable to initialize FileSignerSecretProvider, falling back to use random secrets.
2022-08-09 13:51:50,099 [Listener at 127.0.0.1/44079] WARN  http.HttpRequestLog (HttpRequestLog.java:getRequestLog(103)) - Jetty request log can only be enabled using Log4j
2022-08-09 13:51:50,100 [Listener at 127.0.0.1/44079] INFO  http.HttpServer2 (HttpServer2.java:addGlobalFilter(1029)) - Added global filter 'safety' (class=org.apache.hadoop.hdds.server.http.HttpServer2$QuotingInputFilter)
2022-08-09 13:51:50,101 [Listener at 127.0.0.1/44079] INFO  http.HttpServer2 (HttpServer2.java:addFilter(1005)) - Added filter static_user_filter (class=org.apache.hadoop.http.lib.StaticUserWebFilter$StaticUserFilter) to context hddsDatanode
2022-08-09 13:51:50,101 [Listener at 127.0.0.1/44079] INFO  http.HttpServer2 (HttpServer2.java:addFilter(1013)) - Added filter static_user_filter (class=org.apache.hadoop.http.lib.StaticUserWebFilter$StaticUserFilter) to context static
2022-08-09 13:51:50,101 [Listener at 127.0.0.1/44079] INFO  http.HttpServer2 (HttpServer2.java:addFilter(1013)) - Added filter static_user_filter (class=org.apache.hadoop.http.lib.StaticUserWebFilter$StaticUserFilter) to context logs
2022-08-09 13:51:50,102 [Listener at 127.0.0.1/44079] INFO  http.HttpServer2 (HttpServer2.java:bindListener(1248)) - Jetty bound to port 36079
2022-08-09 13:51:50,102 [Listener at 127.0.0.1/44079] INFO  server.Server (Server.java:doStart(375)) - jetty-9.4.43.v20210629; built: 2021-06-30T11:07:22.254Z; git: 526006ecfa3af7f1a27ef3a288e2bef7ea9dd7e8; jvm 1.8.0_332-b09
2022-08-09 13:51:50,181 [Listener at 127.0.0.1/44079] INFO  server.session (DefaultSessionIdManager.java:doStart(334)) - DefaultSessionIdManager workerName=node0
2022-08-09 13:51:50,181 [Listener at 127.0.0.1/44079] INFO  server.session (DefaultSessionIdManager.java:doStart(339)) - No SessionScavenger set, using defaults
2022-08-09 13:51:50,181 [Listener at 127.0.0.1/44079] INFO  server.session (HouseKeeper.java:startScavenging(132)) - node0 Scavenging every 600000ms
2022-08-09 13:51:50,182 [Listener at 127.0.0.1/44079] INFO  handler.ContextHandler (ContextHandler.java:doStart(915)) - Started o.e.j.s.ServletContextHandler@2ab655fc{logs,/logs,file:///home/runner/work/ozone/ozone/hadoop-ozone/integration-test/target/log,AVAILABLE}
2022-08-09 13:51:50,182 [Listener at 127.0.0.1/44079] INFO  handler.ContextHandler (ContextHandler.java:doStart(915)) - Started o.e.j.s.ServletContextHandler@53b1a807{static,/static,jar:file:/home/runner/.m2/repository/org/apache/ozone/hdds-container-service/1.3.0-SNAPSHOT/hdds-container-service-1.3.0-SNAPSHOT.jar!/webapps/static,AVAILABLE}
2022-08-09 13:51:50,338 [IPC Server handler 2 on default port 36105] INFO  net.NetworkTopologyImpl (NetworkTopologyImpl.java:add(112)) - Added a new node: /default-rack/719c7f2e-9b3f-4e79-a038-a5c87def3235
2022-08-09 13:51:50,338 [IPC Server handler 2 on default port 36105] INFO  node.SCMNodeManager (SCMNodeManager.java:register(397)) - Registered Data node : 719c7f2e-9b3f-4e79-a038-a5c87def3235{ip: 10.1.0.19, host: fv-az450-466.jnfmftgkylze5hd05chtbp1i0a.dx.internal.cloudapp.net, ports: [REPLICATION=39459, RATIS=41633, RATIS_ADMIN=41633, RATIS_SERVER=41633, STANDALONE=46881], networkLocation: /default-rack, certSerialId: null, persistedOpState: null, persistedOpStateExpiryEpochSec: 0}
2022-08-09 13:51:50,340 [EventQueue-NodeRegistrationContainerReportForDataNodeSafeModeRule] INFO  safemode.SCMSafeModeManager (DataNodeSafeModeRule.java:process(71)) - SCM in safe mode. 1 DataNodes registered, 3 required.
2022-08-09 13:51:50,340 [EventQueue-NodeRegistrationContainerReportForContainerSafeModeRule] INFO  safemode.SCMSafeModeManager (SCMSafeModeManager.java:validateSafeModeExitRules(204)) - ContainerSafeModeRule rule is successfully validated
2022-08-09 13:51:50,367 [EventQueue-NewNodeForNewNodeHandler] INFO  pipeline.BackgroundPipelineCreator (BackgroundPipelineCreator.java:notifyEventTriggered(276)) - trigger a one-shot run on RatisPipelineUtilsThread.
2022-08-09 13:51:50,367 [RatisPipelineUtilsThread - 0] INFO  pipeline.RatisPipelineProvider (RatisPipelineProvider.java:lambda$create$0(195)) - Sending CreatePipelineCommand for pipeline:PipelineID=e310d829-6487-424e-a098-6a18eb80ae8f to datanode:719c7f2e-9b3f-4e79-a038-a5c87def3235
2022-08-09 13:51:50,368 [RatisPipelineUtilsThread - 0] INFO  pipeline.PipelineStateManagerImpl (PipelineStateManagerImpl.java:addPipeline(103)) - Created pipeline Pipeline[ Id: e310d829-6487-424e-a098-6a18eb80ae8f, Nodes: 719c7f2e-9b3f-4e79-a038-a5c87def3235{ip: 10.1.0.19, host: fv-az450-466.jnfmftgkylze5hd05chtbp1i0a.dx.internal.cloudapp.net, ports: [REPLICATION=39459, RATIS=41633, RATIS_ADMIN=41633, RATIS_SERVER=41633, STANDALONE=46881], networkLocation: /default-rack, certSerialId: null, persistedOpState: IN_SERVICE, persistedOpStateExpiryEpochSec: 0}, ReplicationConfig: RATIS/ONE, State:ALLOCATED, leaderId:, CreationTimestamp2022-08-09T13:51:50.367Z[Etc/UTC]].
2022-08-09 13:51:50,385 [EventQueue-PipelineReportForOneReplicaPipelineSafeModeRule] INFO  safemode.SCMSafeModeManager (SCMSafeModeManager.java:validateSafeModeExitRules(204)) - AtleastOneDatanodeReportedRule rule is successfully validated
2022-08-09 13:51:50,454 [EndpointStateMachine task thread for /0.0.0.0:36105 - 0 ] INFO  volume.HddsVolume (HddsVolume.java:createDbStore(309)) - SchemaV3 db is created and loaded at /home/runner/work/ozone/ozone/hadoop-ozone/integration-test/target/test-dir/MiniOzoneClusterImpl-88f81c17-ef50-42a7-8332-c06519bf32f4/datanode-2/data-0/containers/hdds/88f81c17-ef50-42a7-8332-c06519bf32f4/DS-7a9e169a-10dd-463a-8b19-98dacdadcdf4/container.db for volume DS-7a9e169a-10dd-463a-8b19-98dacdadcdf4
2022-08-09 13:51:50,489 [EndpointStateMachine task thread for /0.0.0.0:36105 - 0 ] INFO  volume.HddsVolume (HddsVolume.java:closeDbStore(340)) - SchemaV3 db is stopped at /home/runner/work/ozone/ozone/hadoop-ozone/integration-test/target/test-dir/MiniOzoneClusterImpl-88f81c17-ef50-42a7-8332-c06519bf32f4/datanode-2/data-0/containers/hdds/88f81c17-ef50-42a7-8332-c06519bf32f4/DS-7a9e169a-10dd-463a-8b19-98dacdadcdf4/container.db for volume DS-7a9e169a-10dd-463a-8b19-98dacdadcdf4
2022-08-09 13:51:50,489 [EndpointStateMachine task thread for /0.0.0.0:36105 - 0 ] INFO  ozoneimpl.OzoneContainer (OzoneContainer.java:start(377)) - Attempting to start container services.
2022-08-09 13:51:50,489 [EndpointStateMachine task thread for /0.0.0.0:36105 - 0 ] INFO  ozoneimpl.OzoneContainer (OzoneContainer.java:startContainerScrub(312)) - Background container scanner has been disabled.
2022-08-09 13:51:50,538 [EndpointStateMachine task thread for /0.0.0.0:36105 - 0 ] INFO  replication.ReplicationServer (ReplicationServer.java:start(111)) - ReplicationServer is started using port 33147
2022-08-09 13:51:50,538 [EndpointStateMachine task thread for /0.0.0.0:36105 - 0 ] INFO  ratis.XceiverServerRatis (XceiverServerRatis.java:start(481)) - Starting XceiverServerRatis c4ab506c-e5ff-4630-83c4-92e6a677ee06
2022-08-09 13:51:50,541 [EndpointStateMachine task thread for /0.0.0.0:36105 - 0 ] INFO  server.RaftServer (RaftServerProxy.java:lambda$start$6(382)) - c4ab506c-e5ff-4630-83c4-92e6a677ee06: start RPC server
2022-08-09 13:51:50,562 [EndpointStateMachine task thread for /0.0.0.0:36105 - 0 ] INFO  server.GrpcService (GrpcService.java:startImpl(260)) - c4ab506c-e5ff-4630-83c4-92e6a677ee06: GrpcService started, listening on 36685
2022-08-09 13:51:50,562 [EndpointStateMachine task thread for /0.0.0.0:36105 - 0 ] INFO  ratis.XceiverServerRatis (XceiverServerRatis.java:getRealPort(502)) - XceiverServerRatis c4ab506c-e5ff-4630-83c4-92e6a677ee06 is started using port 36685 for RATIS
2022-08-09 13:51:50,562 [EndpointStateMachine task thread for /0.0.0.0:36105 - 0 ] INFO  ratis.XceiverServerRatis (XceiverServerRatis.java:getRealPort(502)) - XceiverServerRatis c4ab506c-e5ff-4630-83c4-92e6a677ee06 is started using port 36685 for RATIS_ADMIN
2022-08-09 13:51:50,562 [EndpointStateMachine task thread for /0.0.0.0:36105 - 0 ] INFO  ratis.XceiverServerRatis (XceiverServerRatis.java:getRealPort(502)) - XceiverServerRatis c4ab506c-e5ff-4630-83c4-92e6a677ee06 is started using port 36685 for RATIS_SERVER
2022-08-09 13:51:50,562 [org.apache.ratis.util.JvmPauseMonitor$$Lambda$615/629946574@1eaed568] INFO  util.JvmPauseMonitor (JvmPauseMonitor.java:run(103)) - JvmPauseMonitor-c4ab506c-e5ff-4630-83c4-92e6a677ee06: Started
2022-08-09 13:51:50,642 [EndpointStateMachine task thread for /0.0.0.0:36105 - 0 ] INFO  server.XceiverServerGrpc (XceiverServerGrpc.java:start(180)) - XceiverServerGrpc c4ab506c-e5ff-4630-83c4-92e6a677ee06 is started using port 46865
2022-08-09 13:51:50,882 [Listener at 127.0.0.1/44079] INFO  handler.ContextHandler (ContextHandler.java:doStart(915)) - Started o.e.j.w.WebAppContext@5b8e4980{hddsDatanode,/,file:///tmp/jetty-0_0_0_0-36079-hdds-container-service-1_3_0-SNAPSHOT_jar-_-any-225005862835187007/webapp/,AVAILABLE}{jar:file:/home/runner/.m2/repository/org/apache/ozone/hdds-container-service/1.3.0-SNAPSHOT/hdds-container-service-1.3.0-SNAPSHOT.jar!/webapps/hddsDatanode}
2022-08-09 13:51:50,888 [Listener at 127.0.0.1/44079] INFO  server.AbstractConnector (AbstractConnector.java:doStart(331)) - Started ServerConnector@4d320bb8{HTTP/1.1, (http/1.1)}{0.0.0.0:36079}
2022-08-09 13:51:50,888 [Listener at 127.0.0.1/44079] INFO  server.Server (Server.java:doStart(415)) - Started @297622ms
2022-08-09 13:51:50,888 [Listener at 127.0.0.1/44079] WARN  impl.MetricsSystemImpl (MetricsSystemImpl.java:register(279)) - Sink prometheus already exists!
2022-08-09 13:51:50,889 [Listener at 127.0.0.1/44079] INFO  http.BaseHttpServer (BaseHttpServer.java:updateConnectorAddress(329)) - HTTP server of hddsDatanode listening at http://0.0.0.0:36079
2022-08-09 13:51:50,897 [Listener at 127.0.0.1/44079] INFO  ozone.MiniOzoneClusterImpl (MiniOzoneClusterImpl.java:lambda$waitForClusterToBeReady$0(216)) - Waiting for nodes to be ready. Got 1 of 5 DN Heartbeats.
2022-08-09 13:51:50,897 [Listener at 127.0.0.1/44079] INFO  ozone.MiniOzoneClusterImpl (MiniOzoneClusterImpl.java:lambda$waitForClusterToBeReady$0(219)) - Waiting for cluster to exit safe mode
2022-08-09 13:51:50,897 [Listener at 127.0.0.1/44079] INFO  ozone.MiniOzoneClusterImpl (MiniOzoneClusterImpl.java:lambda$waitForClusterToBeReady$0(221)) - SCM became leader
2022-08-09 13:51:50,899 [Datanode State Machine Daemon Thread] INFO  statemachine.DatanodeStateMachine (DatanodeStateMachine.java:lambda$startDaemon$0(492)) - Ozone container server started.
2022-08-09 13:51:51,003 [org.apache.hadoop.util.JvmPauseMonitor$Monitor@4fb5436a] INFO  util.JvmPauseMonitor (JvmPauseMonitor.java:run(188)) - Starting JVM pause monitor
2022-08-09 13:51:51,036 [Datanode State Machine Task Thread - 0] INFO  datanode.InitDatanodeState (InitDatanodeState.java:persistContainerDatanodeDetails(138)) - DatanodeDetails is persisted to /home/runner/work/ozone/ozone/hadoop-ozone/integration-test/target/test-dir/MiniOzoneClusterImpl-88f81c17-ef50-42a7-8332-c06519bf32f4/datanode-4/meta/datanode.id
2022-08-09 13:51:51,210 [IPC Server handler 0 on default port 36105] INFO  net.NetworkTopologyImpl (NetworkTopologyImpl.java:add(112)) - Added a new node: /default-rack/7f1d1c94-ff0a-4bb3-a3b2-1e31becb3d9f
2022-08-09 13:51:51,210 [IPC Server handler 0 on default port 36105] INFO  node.SCMNodeManager (SCMNodeManager.java:register(397)) - Registered Data node : 7f1d1c94-ff0a-4bb3-a3b2-1e31becb3d9f{ip: 10.1.0.19, host: fv-az450-466.jnfmftgkylze5hd05chtbp1i0a.dx.internal.cloudapp.net, ports: [REPLICATION=42931, RATIS=34961, RATIS_ADMIN=34961, RATIS_SERVER=34961, STANDALONE=35779], networkLocation: /default-rack, certSerialId: null, persistedOpState: null, persistedOpStateExpiryEpochSec: 0}
2022-08-09 13:51:51,211 [EventQueue-NewNodeForNewNodeHandler] INFO  pipeline.BackgroundPipelineCreator (BackgroundPipelineCreator.java:notifyEventTriggered(276)) - trigger a one-shot run on RatisPipelineUtilsThread.
2022-08-09 13:51:51,228 [EventQueue-NodeRegistrationContainerReportForDataNodeSafeModeRule] INFO  safemode.SCMSafeModeManager (DataNodeSafeModeRule.java:process(71)) - SCM in safe mode. 2 DataNodes registered, 3 required.
2022-08-09 13:51:51,241 [RatisPipelineUtilsThread - 0] INFO  pipeline.RatisPipelineProvider (RatisPipelineProvider.java:lambda$create$0(195)) - Sending CreatePipelineCommand for pipeline:PipelineID=e65afc9e-8e41-4fc5-9e89-f23426a3dde8 to datanode:7f1d1c94-ff0a-4bb3-a3b2-1e31becb3d9f
2022-08-09 13:51:51,241 [RatisPipelineUtilsThread - 0] INFO  pipeline.PipelineStateManagerImpl (PipelineStateManagerImpl.java:addPipeline(103)) - Created pipeline Pipeline[ Id: e65afc9e-8e41-4fc5-9e89-f23426a3dde8, Nodes: 7f1d1c94-ff0a-4bb3-a3b2-1e31becb3d9f{ip: 10.1.0.19, host: fv-az450-466.jnfmftgkylze5hd05chtbp1i0a.dx.internal.cloudapp.net, ports: [REPLICATION=42931, RATIS=34961, RATIS_ADMIN=34961, RATIS_SERVER=34961, STANDALONE=35779], networkLocation: /default-rack, certSerialId: null, persistedOpState: IN_SERVICE, persistedOpStateExpiryEpochSec: 0}, ReplicationConfig: RATIS/ONE, State:ALLOCATED, leaderId:, CreationTimestamp2022-08-09T13:51:51.241Z[Etc/UTC]].
2022-08-09 13:51:51,709 [Finalizer] WARN  managed.ManagedRocksObjectUtils (ManagedRocksObjectUtils.java:assertClosed(39)) - ManagedDBOptions is not closed properly
2022-08-09 13:51:51,709 [Finalizer] WARN  managed.ManagedRocksObjectUtils (ManagedRocksObjectUtils.java:assertClosed(39)) - ManagedColumnFamilyOptions is not closed properly
2022-08-09 13:51:51,709 [Finalizer] WARN  managed.ManagedRocksObjectUtils (ManagedRocksObjectUtils.java:assertClosed(39)) - ManagedColumnFamilyOptions is not closed properly
2022-08-09 13:51:51,709 [Finalizer] WARN  managed.ManagedRocksObjectUtils (ManagedRocksObjectUtils.java:assertClosed(39)) - ManagedColumnFamilyOptions is not closed properly
2022-08-09 13:51:51,709 [Finalizer] WARN  managed.ManagedRocksObjectUtils (ManagedRocksObjectUtils.java:assertClosed(39)) - ManagedColumnFamilyOptions is not closed properly
2022-08-09 13:51:51,714 [Finalizer] WARN  managed.ManagedRocksObjectUtils (ManagedRocksObjectUtils.java:assertClosed(39)) - ManagedDBOptions is not closed properly
2022-08-09 13:51:51,714 [Finalizer] WARN  managed.ManagedRocksObjectUtils (ManagedRocksObjectUtils.java:assertClosed(39)) - ManagedColumnFamilyOptions is not closed properly
2022-08-09 13:51:51,714 [Finalizer] WARN  managed.ManagedRocksObjectUtils (ManagedRocksObjectUtils.java:assertClosed(39)) - ManagedLRUCache is not closed properly
2022-08-09 13:51:51,714 [Finalizer] WARN  managed.ManagedRocksObjectUtils (ManagedRocksObjectUtils.java:assertClosed(39)) - ManagedBloomFilter is not closed properly
2022-08-09 13:51:51,826 [EndpointStateMachine task thread for /0.0.0.0:36105 - 0 ] INFO  volume.HddsVolume (HddsVolume.java:createDbStore(309)) - SchemaV3 db is created and loaded at /home/runner/work/ozone/ozone/hadoop-ozone/integration-test/target/test-dir/MiniOzoneClusterImpl-88f81c17-ef50-42a7-8332-c06519bf32f4/datanode-3/data-0/containers/hdds/88f81c17-ef50-42a7-8332-c06519bf32f4/DS-53bc0145-d781-40dd-9f5a-f3f270274893/container.db for volume DS-53bc0145-d781-40dd-9f5a-f3f270274893
2022-08-09 13:51:51,826 [EndpointStateMachine task thread for /0.0.0.0:36105 - 0 ] INFO  volume.HddsVolume (HddsVolume.java:closeDbStore(340)) - SchemaV3 db is stopped at /home/runner/work/ozone/ozone/hadoop-ozone/integration-test/target/test-dir/MiniOzoneClusterImpl-88f81c17-ef50-42a7-8332-c06519bf32f4/datanode-3/data-0/containers/hdds/88f81c17-ef50-42a7-8332-c06519bf32f4/DS-53bc0145-d781-40dd-9f5a-f3f270274893/container.db for volume DS-53bc0145-d781-40dd-9f5a-f3f270274893
2022-08-09 13:51:51,827 [EndpointStateMachine task thread for /0.0.0.0:36105 - 0 ] INFO  ozoneimpl.OzoneContainer (OzoneContainer.java:start(377)) - Attempting to start container services.
2022-08-09 13:51:51,827 [EndpointStateMachine task thread for /0.0.0.0:36105 - 0 ] INFO  ozoneimpl.OzoneContainer (OzoneContainer.java:startContainerScrub(312)) - Background container scanner has been disabled.
2022-08-09 13:51:51,853 [EndpointStateMachine task thread for /0.0.0.0:36105 - 0 ] INFO  replication.ReplicationServer (ReplicationServer.java:start(111)) - ReplicationServer is started using port 46717
2022-08-09 13:51:51,854 [EndpointStateMachine task thread for /0.0.0.0:36105 - 0 ] INFO  ratis.XceiverServerRatis (XceiverServerRatis.java:start(481)) - Starting XceiverServerRatis d404f66d-97e2-4d92-a65f-8c5f8d00df6e
2022-08-09 13:51:51,857 [EndpointStateMachine task thread for /0.0.0.0:36105 - 0 ] INFO  server.RaftServer (RaftServerProxy.java:lambda$start$6(382)) - d404f66d-97e2-4d92-a65f-8c5f8d00df6e: start RPC server
2022-08-09 13:51:51,878 [EndpointStateMachine task thread for /0.0.0.0:36105 - 0 ] INFO  server.GrpcService (GrpcService.java:startImpl(260)) - d404f66d-97e2-4d92-a65f-8c5f8d00df6e: GrpcService started, listening on 38445
2022-08-09 13:51:51,881 [EndpointStateMachine task thread for /0.0.0.0:36105 - 0 ] INFO  ratis.XceiverServerRatis (XceiverServerRatis.java:getRealPort(502)) - XceiverServerRatis d404f66d-97e2-4d92-a65f-8c5f8d00df6e is started using port 38445 for RATIS
2022-08-09 13:51:51,881 [EndpointStateMachine task thread for /0.0.0.0:36105 - 0 ] INFO  ratis.XceiverServerRatis (XceiverServerRatis.java:getRealPort(502)) - XceiverServerRatis d404f66d-97e2-4d92-a65f-8c5f8d00df6e is started using port 38445 for RATIS_ADMIN
2022-08-09 13:51:51,881 [EndpointStateMachine task thread for /0.0.0.0:36105 - 0 ] INFO  ratis.XceiverServerRatis (XceiverServerRatis.java:getRealPort(502)) - XceiverServerRatis d404f66d-97e2-4d92-a65f-8c5f8d00df6e is started using port 38445 for RATIS_SERVER
2022-08-09 13:51:51,881 [org.apache.ratis.util.JvmPauseMonitor$$Lambda$615/629946574@6db2c1d0] INFO  util.JvmPauseMonitor (JvmPauseMonitor.java:run(103)) - JvmPauseMonitor-d404f66d-97e2-4d92-a65f-8c5f8d00df6e: Started
2022-08-09 13:51:51,921 [Listener at 127.0.0.1/44079] INFO  ozone.MiniOzoneClusterImpl (MiniOzoneClusterImpl.java:lambda$waitForClusterToBeReady$0(216)) - Waiting for nodes to be ready. Got 2 of 5 DN Heartbeats.
2022-08-09 13:51:51,921 [Listener at 127.0.0.1/44079] INFO  ozone.MiniOzoneClusterImpl (MiniOzoneClusterImpl.java:lambda$waitForClusterToBeReady$0(219)) - Waiting for cluster to exit safe mode
2022-08-09 13:51:51,921 [Listener at 127.0.0.1/44079] INFO  ozone.MiniOzoneClusterImpl (MiniOzoneClusterImpl.java:lambda$waitForClusterToBeReady$0(221)) - SCM became leader
2022-08-09 13:51:51,945 [EndpointStateMachine task thread for /0.0.0.0:36105 - 0 ] INFO  server.XceiverServerGrpc (XceiverServerGrpc.java:start(180)) - XceiverServerGrpc d404f66d-97e2-4d92-a65f-8c5f8d00df6e is started using port 45073
2022-08-09 13:51:52,203 [IPC Server handler 1 on default port 36105] INFO  net.NetworkTopologyImpl (NetworkTopologyImpl.java:add(112)) - Added a new node: /default-rack/c4ab506c-e5ff-4630-83c4-92e6a677ee06
2022-08-09 13:51:52,204 [IPC Server handler 1 on default port 36105] INFO  node.SCMNodeManager (SCMNodeManager.java:register(397)) - Registered Data node : c4ab506c-e5ff-4630-83c4-92e6a677ee06{ip: 10.1.0.19, host: fv-az450-466.jnfmftgkylze5hd05chtbp1i0a.dx.internal.cloudapp.net, ports: [REPLICATION=33147, RATIS=36685, RATIS_ADMIN=36685, RATIS_SERVER=36685, STANDALONE=46865], networkLocation: /default-rack, certSerialId: null, persistedOpState: null, persistedOpStateExpiryEpochSec: 0}
2022-08-09 13:51:52,204 [EventQueue-NewNodeForNewNodeHandler] INFO  pipeline.BackgroundPipelineCreator (BackgroundPipelineCreator.java:notifyEventTriggered(276)) - trigger a one-shot run on RatisPipelineUtilsThread.
2022-08-09 13:51:52,204 [EventQueue-NodeRegistrationContainerReportForDataNodeSafeModeRule] INFO  safemode.SCMSafeModeManager (DataNodeSafeModeRule.java:process(71)) - SCM in safe mode. 3 DataNodes registered, 3 required.
2022-08-09 13:51:52,204 [EventQueue-NodeRegistrationContainerReportForDataNodeSafeModeRule] INFO  safemode.SCMSafeModeManager (SCMSafeModeManager.java:validateSafeModeExitRules(204)) - DataNodeSafeModeRule rule is successfully validated
2022-08-09 13:51:52,204 [EventQueue-NodeRegistrationContainerReportForDataNodeSafeModeRule] INFO  safemode.SCMSafeModeManager (SCMSafeModeManager.java:completePreCheck(233)) - All SCM safe mode pre check rules have passed
2022-08-09 13:51:52,204 [EventQueue-NodeRegistrationContainerReportForDataNodeSafeModeRule] WARN  events.EventQueue (EventQueue.java:fireEvent(216)) - No event handler registered for event TypedEvent{payloadType=SafeModeStatus, name='Safe mode status'}
2022-08-09 13:51:52,204 [EventQueue-NodeRegistrationContainerReportForDataNodeSafeModeRule] INFO  ha.SCMContext (SCMContext.java:updateSafeModeStatus(228)) - Update SafeModeStatus from SafeModeStatus{safeModeStatus=true, preCheckPassed=false} to SafeModeStatus{safeModeStatus=true, preCheckPassed=true}.
2022-08-09 13:51:52,204 [EventQueue-NodeRegistrationContainerReportForDataNodeSafeModeRule] INFO  pipeline.BackgroundPipelineCreator (BackgroundPipelineCreator.java:notifyEventTriggered(276)) - trigger a one-shot run on RatisPipelineUtilsThread.
2022-08-09 13:51:52,204 [RatisPipelineUtilsThread - 0] INFO  pipeline.RatisPipelineProvider (RatisPipelineProvider.java:lambda$create$0(195)) - Sending CreatePipelineCommand for pipeline:PipelineID=138974ce-5373-47f8-aaff-26d9798b3c42 to datanode:c4ab506c-e5ff-4630-83c4-92e6a677ee06
2022-08-09 13:51:52,205 [RatisPipelineUtilsThread - 0] INFO  pipeline.PipelineStateManagerImpl (PipelineStateManagerImpl.java:addPipeline(103)) - Created pipeline Pipeline[ Id: 138974ce-5373-47f8-aaff-26d9798b3c42, Nodes: c4ab506c-e5ff-4630-83c4-92e6a677ee06{ip: 10.1.0.19, host: fv-az450-466.jnfmftgkylze5hd05chtbp1i0a.dx.internal.cloudapp.net, ports: [REPLICATION=33147, RATIS=36685, RATIS_ADMIN=36685, RATIS_SERVER=36685, STANDALONE=46865], networkLocation: /default-rack, certSerialId: null, persistedOpState: IN_SERVICE, persistedOpStateExpiryEpochSec: 0}, ReplicationConfig: RATIS/ONE, State:ALLOCATED, leaderId:, CreationTimestamp2022-08-09T13:51:52.204Z[Etc/UTC]].
2022-08-09 13:51:52,205 [RatisPipelineUtilsThread - 0] INFO  pipeline.RatisPipelineProvider (RatisPipelineProvider.java:lambda$create$0(195)) - Sending CreatePipelineCommand for pipeline:PipelineID=2f073588-417e-4d6b-8768-713a4ccb84f6 to datanode:c4ab506c-e5ff-4630-83c4-92e6a677ee06
2022-08-09 13:51:52,205 [RatisPipelineUtilsThread - 0] INFO  pipeline.RatisPipelineProvider (RatisPipelineProvider.java:lambda$create$0(195)) - Sending CreatePipelineCommand for pipeline:PipelineID=2f073588-417e-4d6b-8768-713a4ccb84f6 to datanode:719c7f2e-9b3f-4e79-a038-a5c87def3235
2022-08-09 13:51:52,205 [RatisPipelineUtilsThread - 0] INFO  pipeline.RatisPipelineProvider (RatisPipelineProvider.java:lambda$create$0(195)) - Sending CreatePipelineCommand for pipeline:PipelineID=2f073588-417e-4d6b-8768-713a4ccb84f6 to datanode:7f1d1c94-ff0a-4bb3-a3b2-1e31becb3d9f
2022-08-09 13:51:52,205 [RatisPipelineUtilsThread - 0] INFO  pipeline.PipelineStateManagerImpl (PipelineStateManagerImpl.java:addPipeline(103)) - Created pipeline Pipeline[ Id: 2f073588-417e-4d6b-8768-713a4ccb84f6, Nodes: c4ab506c-e5ff-4630-83c4-92e6a677ee06{ip: 10.1.0.19, host: fv-az450-466.jnfmftgkylze5hd05chtbp1i0a.dx.internal.cloudapp.net, ports: [REPLICATION=33147, RATIS=36685, RATIS_ADMIN=36685, RATIS_SERVER=36685, STANDALONE=46865], networkLocation: /default-rack, certSerialId: null, persistedOpState: IN_SERVICE, persistedOpStateExpiryEpochSec: 0}719c7f2e-9b3f-4e79-a038-a5c87def3235{ip: 10.1.0.19, host: fv-az450-466.jnfmftgkylze5hd05chtbp1i0a.dx.internal.cloudapp.net, ports: [REPLICATION=39459, RATIS=41633, RATIS_ADMIN=41633, RATIS_SERVER=41633, STANDALONE=46881], networkLocation: /default-rack, certSerialId: null, persistedOpState: IN_SERVICE, persistedOpStateExpiryEpochSec: 0}7f1d1c94-ff0a-4bb3-a3b2-1e31becb3d9f{ip: 10.1.0.19, host: fv-az450-466.jnfmftgkylze5hd05chtbp1i0a.dx.internal.cloudapp.net, ports: [REPLICATION=42931, RATIS=34961, RATIS_ADMIN=34961, RATIS_SERVER=34961, STANDALONE=35779], networkLocation: /default-rack, certSerialId: null, persistedOpState: IN_SERVICE, persistedOpStateExpiryEpochSec: 0}, ReplicationConfig: RATIS/THREE, State:ALLOCATED, leaderId:, CreationTimestamp2022-08-09T13:51:52.205Z[Etc/UTC]].
2022-08-09 13:51:52,206 [RatisPipelineUtilsThread - 0] INFO  pipeline.RatisPipelineProvider (RatisPipelineProvider.java:lambda$create$0(195)) - Sending CreatePipelineCommand for pipeline:PipelineID=d728a569-6357-43ed-803f-a8823b900407 to datanode:7f1d1c94-ff0a-4bb3-a3b2-1e31becb3d9f
2022-08-09 13:51:52,206 [RatisPipelineUtilsThread - 0] INFO  pipeline.RatisPipelineProvider (RatisPipelineProvider.java:lambda$create$0(195)) - Sending CreatePipelineCommand for pipeline:PipelineID=d728a569-6357-43ed-803f-a8823b900407 to datanode:c4ab506c-e5ff-4630-83c4-92e6a677ee06
2022-08-09 13:51:52,206 [RatisPipelineUtilsThread - 0] INFO  pipeline.RatisPipelineProvider (RatisPipelineProvider.java:lambda$create$0(195)) - Sending CreatePipelineCommand for pipeline:PipelineID=d728a569-6357-43ed-803f-a8823b900407 to datanode:719c7f2e-9b3f-4e79-a038-a5c87def3235
2022-08-09 13:51:52,206 [RatisPipelineUtilsThread - 0] INFO  pipeline.PipelineStateManagerImpl (PipelineStateManagerImpl.java:addPipeline(103)) - Created pipeline Pipeline[ Id: d728a569-6357-43ed-803f-a8823b900407, Nodes: 7f1d1c94-ff0a-4bb3-a3b2-1e31becb3d9f{ip: 10.1.0.19, host: fv-az450-466.jnfmftgkylze5hd05chtbp1i0a.dx.internal.cloudapp.net, ports: [REPLICATION=42931, RATIS=34961, RATIS_ADMIN=34961, RATIS_SERVER=34961, STANDALONE=35779], networkLocation: /default-rack, certSerialId: null, persistedOpState: IN_SERVICE, persistedOpStateExpiryEpochSec: 0}c4ab506c-e5ff-4630-83c4-92e6a677ee06{ip: 10.1.0.19, host: fv-az450-466.jnfmftgkylze5hd05chtbp1i0a.dx.internal.cloudapp.net, ports: [REPLICATION=33147, RATIS=36685, RATIS_ADMIN=36685, RATIS_SERVER=36685, STANDALONE=46865], networkLocation: /default-rack, certSerialId: null, persistedOpState: IN_SERVICE, persistedOpStateExpiryEpochSec: 0}719c7f2e-9b3f-4e79-a038-a5c87def3235{ip: 10.1.0.19, host: fv-az450-466.jnfmftgkylze5hd05chtbp1i0a.dx.internal.cloudapp.net, ports: [REPLICATION=39459, RATIS=41633, RATIS_ADMIN=41633, RATIS_SERVER=41633, STANDALONE=46881], networkLocation: /default-rack, certSerialId: null, persistedOpState: IN_SERVICE, persistedOpStateExpiryEpochSec: 0}, ReplicationConfig: RATIS/THREE, State:ALLOCATED, leaderId:, CreationTimestamp2022-08-09T13:51:52.206Z[Etc/UTC]].
2022-08-09 13:51:52,206 [RatisPipelineUtilsThread - 0] INFO  pipeline.PipelineManagerImpl (PipelineManagerImpl.java:recordMetricsForPipeline(796)) - Pipeline: PipelineID=d728a569-6357-43ed-803f-a8823b900407 contains same datanodes as previous pipelines: PipelineID=2f073588-417e-4d6b-8768-713a4ccb84f6 nodeIds: 7f1d1c94-ff0a-4bb3-a3b2-1e31becb3d9f, c4ab506c-e5ff-4630-83c4-92e6a677ee06, 719c7f2e-9b3f-4e79-a038-a5c87def3235
2022-08-09 13:51:52,921 [Listener at 127.0.0.1/44079] INFO  ozone.MiniOzoneClusterImpl (MiniOzoneClusterImpl.java:lambda$waitForClusterToBeReady$0(216)) - Waiting for nodes to be ready. Got 3 of 5 DN Heartbeats.
2022-08-09 13:51:52,922 [Listener at 127.0.0.1/44079] INFO  ozone.MiniOzoneClusterImpl (MiniOzoneClusterImpl.java:lambda$waitForClusterToBeReady$0(219)) - Waiting for cluster to exit safe mode
2022-08-09 13:51:52,922 [Listener at 127.0.0.1/44079] INFO  ozone.MiniOzoneClusterImpl (MiniOzoneClusterImpl.java:lambda$waitForClusterToBeReady$0(221)) - SCM became leader
2022-08-09 13:51:53,149 [EndpointStateMachine task thread for /0.0.0.0:36105 - 0 ] INFO  volume.HddsVolume (HddsVolume.java:createDbStore(309)) - SchemaV3 db is created and loaded at /home/runner/work/ozone/ozone/hadoop-ozone/integration-test/target/test-dir/MiniOzoneClusterImpl-88f81c17-ef50-42a7-8332-c06519bf32f4/datanode-4/data-0/containers/hdds/88f81c17-ef50-42a7-8332-c06519bf32f4/DS-818be2b2-9082-4af9-b86f-b08f76b43207/container.db for volume DS-818be2b2-9082-4af9-b86f-b08f76b43207
2022-08-09 13:51:53,150 [EndpointStateMachine task thread for /0.0.0.0:36105 - 0 ] INFO  volume.HddsVolume (HddsVolume.java:closeDbStore(340)) - SchemaV3 db is stopped at /home/runner/work/ozone/ozone/hadoop-ozone/integration-test/target/test-dir/MiniOzoneClusterImpl-88f81c17-ef50-42a7-8332-c06519bf32f4/datanode-4/data-0/containers/hdds/88f81c17-ef50-42a7-8332-c06519bf32f4/DS-818be2b2-9082-4af9-b86f-b08f76b43207/container.db for volume DS-818be2b2-9082-4af9-b86f-b08f76b43207
2022-08-09 13:51:53,150 [EndpointStateMachine task thread for /0.0.0.0:36105 - 0 ] INFO  ozoneimpl.OzoneContainer (OzoneContainer.java:start(377)) - Attempting to start container services.
2022-08-09 13:51:53,150 [EndpointStateMachine task thread for /0.0.0.0:36105 - 0 ] INFO  ozoneimpl.OzoneContainer (OzoneContainer.java:startContainerScrub(312)) - Background container scanner has been disabled.
2022-08-09 13:51:53,219 [EndpointStateMachine task thread for /0.0.0.0:36105 - 0 ] INFO  replication.ReplicationServer (ReplicationServer.java:start(111)) - ReplicationServer is started using port 46845
2022-08-09 13:51:53,234 [EndpointStateMachine task thread for /0.0.0.0:36105 - 0 ] INFO  ratis.XceiverServerRatis (XceiverServerRatis.java:start(481)) - Starting XceiverServerRatis 3bac5bb1-bc16-454d-9924-1bb7373e00e4
2022-08-09 13:51:53,234 [EndpointStateMachine task thread for /0.0.0.0:36105 - 0 ] INFO  server.RaftServer (RaftServerProxy.java:lambda$start$6(382)) - 3bac5bb1-bc16-454d-9924-1bb7373e00e4: start RPC server
2022-08-09 13:51:53,246 [EndpointStateMachine task thread for /0.0.0.0:36105 - 0 ] INFO  server.GrpcService (GrpcService.java:startImpl(260)) - 3bac5bb1-bc16-454d-9924-1bb7373e00e4: GrpcService started, listening on 37547
2022-08-09 13:51:53,257 [EndpointStateMachine task thread for /0.0.0.0:36105 - 0 ] INFO  ratis.XceiverServerRatis (XceiverServerRatis.java:getRealPort(502)) - XceiverServerRatis 3bac5bb1-bc16-454d-9924-1bb7373e00e4 is started using port 37547 for RATIS
2022-08-09 13:51:53,257 [EndpointStateMachine task thread for /0.0.0.0:36105 - 0 ] INFO  ratis.XceiverServerRatis (XceiverServerRatis.java:getRealPort(502)) - XceiverServerRatis 3bac5bb1-bc16-454d-9924-1bb7373e00e4 is started using port 37547 for RATIS_ADMIN
2022-08-09 13:51:53,257 [EndpointStateMachine task thread for /0.0.0.0:36105 - 0 ] INFO  ratis.XceiverServerRatis (XceiverServerRatis.java:getRealPort(502)) - XceiverServerRatis 3bac5bb1-bc16-454d-9924-1bb7373e00e4 is started using port 37547 for RATIS_SERVER
2022-08-09 13:51:53,257 [org.apache.ratis.util.JvmPauseMonitor$$Lambda$615/629946574@4f41bca2] INFO  util.JvmPauseMonitor (JvmPauseMonitor.java:run(103)) - JvmPauseMonitor-3bac5bb1-bc16-454d-9924-1bb7373e00e4: Started
2022-08-09 13:51:53,282 [EndpointStateMachine task thread for /0.0.0.0:36105 - 0 ] INFO  server.XceiverServerGrpc (XceiverServerGrpc.java:start(180)) - XceiverServerGrpc 3bac5bb1-bc16-454d-9924-1bb7373e00e4 is started using port 38575
2022-08-09 13:51:53,345 [Command processor thread] INFO  server.RaftServer (RaftServerProxy.java:addNew(96)) - 719c7f2e-9b3f-4e79-a038-a5c87def3235: addNew group-6A18EB80AE8F:[719c7f2e-9b3f-4e79-a038-a5c87def3235|rpc:10.1.0.19:41633|priority:1] returns group-6A18EB80AE8F:java.util.concurrent.CompletableFuture@607db82c[Not completed]
2022-08-09 13:51:53,348 [pool-1135-thread-1] INFO  server.RaftServer$Division (RaftServerImpl.java:<init>(190)) - 719c7f2e-9b3f-4e79-a038-a5c87def3235: new RaftServerImpl for group-6A18EB80AE8F:[719c7f2e-9b3f-4e79-a038-a5c87def3235|rpc:10.1.0.19:41633|priority:1] with ContainerStateMachine:uninitialized
2022-08-09 13:51:53,348 [pool-1135-thread-1] INFO  server.RaftServerConfigKeys (ConfUtils.java:logGet(46)) - raft.server.rpc.timeout.min = 5s (custom)
2022-08-09 13:51:53,348 [pool-1135-thread-1] INFO  server.RaftServerConfigKeys (ConfUtils.java:logGet(46)) - raft.server.rpc.timeout.max = 5200ms (custom)
2022-08-09 13:51:53,348 [pool-1135-thread-1] INFO  server.RaftServerConfigKeys (ConfUtils.java:logGet(46)) - raft.server.rpc.sleep.time = 25ms (default)
2022-08-09 13:51:53,348 [pool-1135-thread-1] INFO  server.RaftServerConfigKeys (ConfUtils.java:logGet(46)) - raft.server.rpc.slowness.timeout = 300s (custom)
2022-08-09 13:51:53,348 [pool-1135-thread-1] INFO  server.RaftServerConfigKeys (ConfUtils.java:logGet(46)) - raft.server.leaderelection.leader.step-down.wait-time = 10s (default)
2022-08-09 13:51:53,348 [pool-1135-thread-1] INFO  server.RaftServerConfigKeys (ConfUtils.java:logGet(46)) - raft.server.sleep.deviation.threshold = 300ms (default)
2022-08-09 13:51:53,348 [pool-1135-thread-1] INFO  server.RaftServer$Division (ServerState.java:<init>(107)) - 719c7f2e-9b3f-4e79-a038-a5c87def3235@group-6A18EB80AE8F: ConfigurationManager, init=-1: [719c7f2e-9b3f-4e79-a038-a5c87def3235|rpc:10.1.0.19:41633|priority:1], old=null, confs=<EMPTY_MAP>
2022-08-09 13:51:53,348 [pool-1135-thread-1] INFO  server.RaftServerConfigKeys (ConfUtils.java:logGet(46)) - raft.server.storage.dir = [/home/runner/work/ozone/ozone/hadoop-ozone/integration-test/target/test-dir/MiniOzoneClusterImpl-88f81c17-ef50-42a7-8332-c06519bf32f4/datanode-0/data/ratis] (custom)
2022-08-09 13:51:53,348 [pool-1135-thread-1] INFO  server.RaftServerConfigKeys (ConfUtils.java:logGet(46)) - raft.server.log.corruption.policy = EXCEPTION (default)
2022-08-09 13:51:53,348 [pool-1135-thread-1] INFO  server.RaftServerConfigKeys (ConfUtils.java:logGet(46)) - raft.server.storage.free-space.min = 0MB (=0) (default)
2022-08-09 13:51:53,348 [pool-1135-thread-1] INFO  storage.RaftStorageDirectory (RaftStorageDirectoryImpl.java:analyzeStorage(135)) - The storage directory /home/runner/work/ozone/ozone/hadoop-ozone/integration-test/target/test-dir/MiniOzoneClusterImpl-88f81c17-ef50-42a7-8332-c06519bf32f4/datanode-0/data/ratis/e310d829-6487-424e-a098-6a18eb80ae8f does not exist. Creating ...
2022-08-09 13:51:53,351 [pool-1135-thread-1] INFO  storage.RaftStorageDirectory (RaftStorageDirectoryImpl.java:tryLock(230)) - Lock on /home/runner/work/ozone/ozone/hadoop-ozone/integration-test/target/test-dir/MiniOzoneClusterImpl-88f81c17-ef50-42a7-8332-c06519bf32f4/datanode-0/data/ratis/e310d829-6487-424e-a098-6a18eb80ae8f/in_use.lock acquired by nodename 10574@fv-az450-466
2022-08-09 13:51:53,384 [pool-1135-thread-1] INFO  storage.RaftStorage (RaftStorageImpl.java:format(89)) - Storage directory /home/runner/work/ozone/ozone/hadoop-ozone/integration-test/target/test-dir/MiniOzoneClusterImpl-88f81c17-ef50-42a7-8332-c06519bf32f4/datanode-0/data/ratis/e310d829-6487-424e-a098-6a18eb80ae8f has been successfully formatted.
2022-08-09 13:51:53,429 [pool-1135-thread-1] INFO  ratis.ContainerStateMachine (ContainerStateMachine.java:loadSnapshot(236)) - group-6A18EB80AE8F: The snapshot info is null. Setting the last applied indexto:(t:0, i:~)
2022-08-09 13:51:53,429 [pool-1135-thread-1] INFO  server.RaftServerConfigKeys (ConfUtils.java:logGet(46)) - raft.server.notification.no-leader.timeout = 300s (custom)
2022-08-09 13:51:53,429 [pool-1135-thread-1] INFO  server.RaftServerConfigKeys (ConfUtils.java:logGet(46)) - raft.server.log.use.memory = false (default)
2022-08-09 13:51:53,429 [pool-1135-thread-1] INFO  server.RaftServerConfigKeys (ConfUtils.java:logGet(46)) - raft.server.log.purge.gap = 1000000 (custom)
2022-08-09 13:51:53,429 [pool-1135-thread-1] INFO  server.RaftServerConfigKeys (ConfUtils.java:logGet(46)) - raft.server.log.appender.buffer.byte-limit = 33554432 (custom)
2022-08-09 13:51:53,429 [pool-1135-thread-1] INFO  server.RaftServerConfigKeys (ConfUtils.java:logGet(46)) - raft.server.log.statemachine.data.read.timeout = 1000ms (default)
2022-08-09 13:51:53,429 [pool-1135-thread-1] INFO  server.RaftServerConfigKeys (ConfUtils.java:logGet(46)) - raft.server.log.segment.size.max = 1048576 (custom)
2022-08-09 13:51:53,430 [pool-1135-thread-1] INFO  server.RaftServerConfigKeys (ConfUtils.java:logGet(46)) - raft.server.log.segment.cache.num.max = 2 (custom)
2022-08-09 13:51:53,430 [pool-1135-thread-1] INFO  server.RaftServerConfigKeys (ConfUtils.java:logGet(46)) - raft.server.log.segment.cache.size.max = 200MB (=209715200) (default)
2022-08-09 13:51:53,430 [pool-1135-thread-1] INFO  segmented.SegmentedRaftLogWorker (SegmentedRaftLogWorker.java:<init>(187)) - new 719c7f2e-9b3f-4e79-a038-a5c87def3235@group-6A18EB80AE8F-SegmentedRaftLogWorker for RaftStorageImpl:Storage Directory /home/runner/work/ozone/ozone/hadoop-ozone/integration-test/target/test-dir/MiniOzoneClusterImpl-88f81c17-ef50-42a7-8332-c06519bf32f4/datanode-0/data/ratis/e310d829-6487-424e-a098-6a18eb80ae8f
2022-08-09 13:51:53,430 [pool-1135-thread-1] INFO  server.RaftServerConfigKeys (ConfUtils.java:logGet(46)) - raft.server.log.queue.byte-limit = 4294967296 (custom)
2022-08-09 13:51:53,430 [pool-1135-thread-1] INFO  server.RaftServerConfigKeys (ConfUtils.java:logGet(46)) - raft.server.log.queue.element-limit = 1024 (custom)
2022-08-09 13:51:53,430 [pool-1135-thread-1] INFO  server.RaftServerConfigKeys (ConfUtils.java:logGet(46)) - raft.server.log.segment.size.max = 1048576 (custom)
2022-08-09 13:51:53,430 [pool-1135-thread-1] INFO  server.RaftServerConfigKeys (ConfUtils.java:logGet(46)) - raft.server.log.preallocated.size = 16384 (custom)
2022-08-09 13:51:53,430 [pool-1135-thread-1] INFO  server.RaftServerConfigKeys (ConfUtils.java:logGet(46)) - raft.server.log.force.sync.num = 128 (default)
2022-08-09 13:51:53,430 [pool-1135-thread-1] INFO  server.RaftServerConfigKeys (ConfUtils.java:logGet(46)) - raft.server.log.statemachine.data.sync = true (default)
2022-08-09 13:51:53,430 [pool-1135-thread-1] INFO  server.RaftServerConfigKeys (ConfUtils.java:logGet(46)) - raft.server.log.statemachine.data.sync.timeout = 10s (default)
2022-08-09 13:51:53,430 [pool-1135-thread-1] INFO  server.RaftServerConfigKeys (ConfUtils.java:logGet(46)) - raft.server.log.statemachine.data.sync.timeout.retry = -1 (default)
2022-08-09 13:51:53,431 [pool-1135-thread-1] INFO  server.RaftServerConfigKeys (ConfUtils.java:logGet(46)) - raft.server.log.write.buffer.size = 1048576 (custom)
2022-08-09 13:51:53,432 [pool-1135-thread-1] INFO  server.RaftServerConfigKeys (ConfUtils.java:logGet(46)) - raft.server.log.unsafe-flush.enabled = false (default)
2022-08-09 13:51:53,432 [pool-1135-thread-1] INFO  server.RaftServerConfigKeys (ConfUtils.java:logGet(46)) - raft.server.log.statemachine.data.caching.enabled = true (custom)
2022-08-09 13:51:53,432 [pool-1135-thread-1] INFO  segmented.SegmentedRaftLogWorker (SegmentedRaftLogWorker.java:lambda$new$0(135)) - 719c7f2e-9b3f-4e79-a038-a5c87def3235@group-6A18EB80AE8F-SegmentedRaftLogWorker: flushIndex: setUnconditionally 0 -> -1
2022-08-09 13:51:53,432 [pool-1135-thread-1] INFO  segmented.SegmentedRaftLogWorker (SegmentedRaftLogWorker.java:lambda$new$0(135)) - 719c7f2e-9b3f-4e79-a038-a5c87def3235@group-6A18EB80AE8F-SegmentedRaftLogWorker: safeCacheEvictIndex: setUnconditionally 0 -> -1
2022-08-09 13:51:53,434 [pool-1135-thread-1] INFO  server.RaftServerConfigKeys (ConfUtils.java:logGet(46)) - raft.server.snapshot.auto.trigger.enabled = true (custom)
2022-08-09 13:51:53,434 [pool-1135-thread-1] INFO  server.RaftServerConfigKeys (ConfUtils.java:logGet(46)) - raft.server.snapshot.auto.trigger.threshold = 10000 (custom)
2022-08-09 13:51:53,434 [pool-1135-thread-1] INFO  server.RaftServerConfigKeys (ConfUtils.java:logGet(46)) - raft.server.snapshot.retention.file.num = 5 (custom)
2022-08-09 13:51:53,434 [pool-1135-thread-1] INFO  server.RaftServerConfigKeys (ConfUtils.java:logGet(46)) - raft.server.log.purge.upto.snapshot.index = false (default)
2022-08-09 13:51:53,434 [pool-1135-thread-1] INFO  server.RaftServerConfigKeys (ConfUtils.java:logGet(46)) - raft.server.retrycache.expirytime = 600000ms (custom)
2022-08-09 13:51:53,434 [pool-1135-thread-1] INFO  server.RaftServerConfigKeys (ConfUtils.java:logGet(46)) - raft.server.retrycache.statistics.expirytime = 100μs (default)
2022-08-09 13:51:53,435 [pool-1135-thread-1] INFO  server.RaftServerConfigKeys (ConfUtils.java:logGet(46)) - raft.server.log.appender.install.snapshot.enabled = false (custom)
2022-08-09 13:51:53,435 [pool-1135-thread-1] INFO  server.RaftServerConfigKeys (ConfUtils.java:logGet(46)) - raft.server.threadpool.server.cached = true (default)
2022-08-09 13:51:53,435 [pool-1135-thread-1] INFO  server.RaftServerConfigKeys (ConfUtils.java:logGet(46)) - raft.server.threadpool.server.size = 0 (default)
2022-08-09 13:51:53,435 [pool-1135-thread-1] INFO  server.RaftServerConfigKeys (ConfUtils.java:logGet(46)) - raft.server.threadpool.client.cached = true (default)
2022-08-09 13:51:53,435 [pool-1135-thread-1] INFO  server.RaftServerConfigKeys (ConfUtils.java:logGet(46)) - raft.server.threadpool.client.size = 0 (default)
2022-08-09 13:51:53,436 [pool-1135-thread-1] INFO  server.RaftServer$Division (RaftServerImpl.java:start(310)) - 719c7f2e-9b3f-4e79-a038-a5c87def3235@group-6A18EB80AE8F: start as a follower, conf=-1: [719c7f2e-9b3f-4e79-a038-a5c87def3235|rpc:10.1.0.19:41633|priority:1], old=null
2022-08-09 13:51:53,436 [pool-1135-thread-1] INFO  server.RaftServer$Division (RaftServerImpl.java:setRole(299)) - 719c7f2e-9b3f-4e79-a038-a5c87def3235@group-6A18EB80AE8F: changes role from      null to FOLLOWER at term 0 for startAsFollower
2022-08-09 13:51:53,436 [pool-1135-thread-1] INFO  impl.RoleInfo (RoleInfo.java:updateAndGet(139)) - 719c7f2e-9b3f-4e79-a038-a5c87def3235: start 719c7f2e-9b3f-4e79-a038-a5c87def3235@group-6A18EB80AE8F-FollowerState
2022-08-09 13:51:53,439 [pool-1135-thread-1] INFO  util.JmxRegister (JmxRegister.java:tryRegister(44)) - Successfully registered JMX Bean with object name Ratis:service=RaftServer,group=group-6A18EB80AE8F,id=719c7f2e-9b3f-4e79-a038-a5c87def3235
2022-08-09 13:51:53,440 [Command processor thread] INFO  ratis.XceiverServerRatis (XceiverServerRatis.java:addGroup(765)) - Created group PipelineID=e310d829-6487-424e-a098-6a18eb80ae8f
2022-08-09 13:51:53,440 [Command processor thread] INFO  commandhandler.CreatePipelineCommandHandler (CreatePipelineCommandHandler.java:handle(113)) - Created Pipeline RATIS ONE PipelineID=e310d829-6487-424e-a098-6a18eb80ae8f.
2022-08-09 13:51:53,440 [Command processor thread] INFO  server.RaftServer (RaftServerProxy.java:addNew(96)) - 719c7f2e-9b3f-4e79-a038-a5c87def3235: addNew group-713A4CCB84F6:[7f1d1c94-ff0a-4bb3-a3b2-1e31becb3d9f|rpc:10.1.0.19:34961|priority:1, c4ab506c-e5ff-4630-83c4-92e6a677ee06|rpc:10.1.0.19:36685|priority:0, 719c7f2e-9b3f-4e79-a038-a5c87def3235|rpc:10.1.0.19:41633|priority:0] returns group-713A4CCB84F6:java.util.concurrent.CompletableFuture@644230fb[Not completed]
2022-08-09 13:51:53,441 [pool-1135-thread-1] INFO  server.RaftServer$Division (RaftServerImpl.java:<init>(190)) - 719c7f2e-9b3f-4e79-a038-a5c87def3235: new RaftServerImpl for group-713A4CCB84F6:[7f1d1c94-ff0a-4bb3-a3b2-1e31becb3d9f|rpc:10.1.0.19:34961|priority:1, c4ab506c-e5ff-4630-83c4-92e6a677ee06|rpc:10.1.0.19:36685|priority:0, 719c7f2e-9b3f-4e79-a038-a5c87def3235|rpc:10.1.0.19:41633|priority:0] with ContainerStateMachine:uninitialized
2022-08-09 13:51:53,441 [pool-1135-thread-1] INFO  server.RaftServerConfigKeys (ConfUtils.java:logGet(46)) - raft.server.rpc.timeout.min = 5s (custom)
2022-08-09 13:51:53,441 [pool-1135-thread-1] INFO  server.RaftServerConfigKeys (ConfUtils.java:logGet(46)) - raft.server.rpc.timeout.max = 5200ms (custom)
2022-08-09 13:51:53,441 [pool-1135-thread-1] INFO  server.RaftServerConfigKeys (ConfUtils.java:logGet(46)) - raft.server.rpc.sleep.time = 25ms (default)
2022-08-09 13:51:53,441 [pool-1135-thread-1] INFO  server.RaftServerConfigKeys (ConfUtils.java:logGet(46)) - raft.server.rpc.slowness.timeout = 300s (custom)
2022-08-09 13:51:53,441 [pool-1135-thread-1] INFO  server.RaftServerConfigKeys (ConfUtils.java:logGet(46)) - raft.server.leaderelection.leader.step-down.wait-time = 10s (default)
2022-08-09 13:51:53,441 [pool-1135-thread-1] INFO  server.RaftServerConfigKeys (ConfUtils.java:logGet(46)) - raft.server.sleep.deviation.threshold = 300ms (default)
2022-08-09 13:51:53,441 [pool-1135-thread-1] INFO  server.RaftServer$Division (ServerState.java:<init>(107)) - 719c7f2e-9b3f-4e79-a038-a5c87def3235@group-713A4CCB84F6: ConfigurationManager, init=-1: [7f1d1c94-ff0a-4bb3-a3b2-1e31becb3d9f|rpc:10.1.0.19:34961|priority:1, c4ab506c-e5ff-4630-83c4-92e6a677ee06|rpc:10.1.0.19:36685|priority:0, 719c7f2e-9b3f-4e79-a038-a5c87def3235|rpc:10.1.0.19:41633|priority:0], old=null, confs=<EMPTY_MAP>
2022-08-09 13:51:53,441 [pool-1135-thread-1] INFO  server.RaftServerConfigKeys (ConfUtils.java:logGet(46)) - raft.server.storage.dir = [/home/runner/work/ozone/ozone/hadoop-ozone/integration-test/target/test-dir/MiniOzoneClusterImpl-88f81c17-ef50-42a7-8332-c06519bf32f4/datanode-0/data/ratis] (custom)
2022-08-09 13:51:53,441 [pool-1135-thread-1] INFO  server.RaftServerConfigKeys (ConfUtils.java:logGet(46)) - raft.server.log.corruption.policy = EXCEPTION (default)
2022-08-09 13:51:53,441 [pool-1135-thread-1] INFO  server.RaftServerConfigKeys (ConfUtils.java:logGet(46)) - raft.server.storage.free-space.min = 0MB (=0) (default)
2022-08-09 13:51:53,441 [pool-1135-thread-1] INFO  storage.RaftStorageDirectory (RaftStorageDirectoryImpl.java:analyzeStorage(135)) - The storage directory /home/runner/work/ozone/ozone/hadoop-ozone/integration-test/target/test-dir/MiniOzoneClusterImpl-88f81c17-ef50-42a7-8332-c06519bf32f4/datanode-0/data/ratis/2f073588-417e-4d6b-8768-713a4ccb84f6 does not exist. Creating ...
2022-08-09 13:51:53,447 [EventQueue-PipelineReportForPipelineReportHandler] INFO  pipeline.PipelineManagerImpl (PipelineManagerImpl.java:openPipeline(367)) - Pipeline Pipeline[ Id: e310d829-6487-424e-a098-6a18eb80ae8f, Nodes: 719c7f2e-9b3f-4e79-a038-a5c87def3235{ip: 10.1.0.19, host: fv-az450-466.jnfmftgkylze5hd05chtbp1i0a.dx.internal.cloudapp.net, ports: [REPLICATION=39459, RATIS=41633, RATIS_ADMIN=41633, RATIS_SERVER=41633, STANDALONE=46881], networkLocation: /default-rack, certSerialId: null, persistedOpState: IN_SERVICE, persistedOpStateExpiryEpochSec: 0}, ReplicationConfig: RATIS/ONE, State:ALLOCATED, leaderId:719c7f2e-9b3f-4e79-a038-a5c87def3235, CreationTimestamp2022-08-09T13:51:50.367Z[Etc/UTC]] moved to OPEN state
2022-08-09 13:51:53,473 [pool-1135-thread-1] INFO  storage.RaftStorageDirectory (RaftStorageDirectoryImpl.java:tryLock(230)) - Lock on /home/runner/work/ozone/ozone/hadoop-ozone/integration-test/target/test-dir/MiniOzoneClusterImpl-88f81c17-ef50-42a7-8332-c06519bf32f4/datanode-0/data/ratis/2f073588-417e-4d6b-8768-713a4ccb84f6/in_use.lock acquired by nodename 10574@fv-az450-466
2022-08-09 13:51:53,475 [pool-1135-thread-1] INFO  storage.RaftStorage (RaftStorageImpl.java:format(89)) - Storage directory /home/runner/work/ozone/ozone/hadoop-ozone/integration-test/target/test-dir/MiniOzoneClusterImpl-88f81c17-ef50-42a7-8332-c06519bf32f4/datanode-0/data/ratis/2f073588-417e-4d6b-8768-713a4ccb84f6 has been successfully formatted.
2022-08-09 13:51:53,476 [pool-1135-thread-1] INFO  ratis.ContainerStateMachine (ContainerStateMachine.java:loadSnapshot(236)) - group-713A4CCB84F6: The snapshot info is null. Setting the last applied indexto:(t:0, i:~)
2022-08-09 13:51:53,476 [pool-1135-thread-1] INFO  server.RaftServerConfigKeys (ConfUtils.java:logGet(46)) - raft.server.notification.no-leader.timeout = 300s (custom)
2022-08-09 13:51:53,476 [pool-1135-thread-1] INFO  server.RaftServerConfigKeys (ConfUtils.java:logGet(46)) - raft.server.log.use.memory = false (default)
2022-08-09 13:51:53,476 [pool-1135-thread-1] INFO  server.RaftServerConfigKeys (ConfUtils.java:logGet(46)) - raft.server.log.purge.gap = 1000000 (custom)
2022-08-09 13:51:53,476 [pool-1135-thread-1] INFO  server.RaftServerConfigKeys (ConfUtils.java:logGet(46)) - raft.server.log.appender.buffer.byte-limit = 33554432 (custom)
2022-08-09 13:51:53,476 [pool-1135-thread-1] INFO  server.RaftServerConfigKeys (ConfUtils.java:logGet(46)) - raft.server.log.statemachine.data.read.timeout = 1000ms (default)
2022-08-09 13:51:53,476 [pool-1135-thread-1] INFO  server.RaftServerConfigKeys (ConfUtils.java:logGet(46)) - raft.server.log.segment.size.max = 1048576 (custom)
2022-08-09 13:51:53,477 [pool-1135-thread-1] INFO  server.RaftServerConfigKeys (ConfUtils.java:logGet(46)) - raft.server.log.segment.cache.num.max = 2 (custom)
2022-08-09 13:51:53,477 [pool-1135-thread-1] INFO  server.RaftServerConfigKeys (ConfUtils.java:logGet(46)) - raft.server.log.segment.cache.size.max = 200MB (=209715200) (default)
2022-08-09 13:51:53,477 [pool-1135-thread-1] INFO  segmented.SegmentedRaftLogWorker (SegmentedRaftLogWorker.java:<init>(187)) - new 719c7f2e-9b3f-4e79-a038-a5c87def3235@group-713A4CCB84F6-SegmentedRaftLogWorker for RaftStorageImpl:Storage Directory /home/runner/work/ozone/ozone/hadoop-ozone/integration-test/target/test-dir/MiniOzoneClusterImpl-88f81c17-ef50-42a7-8332-c06519bf32f4/datanode-0/data/ratis/2f073588-417e-4d6b-8768-713a4ccb84f6
2022-08-09 13:51:53,477 [pool-1135-thread-1] INFO  server.RaftServerConfigKeys (ConfUtils.java:logGet(46)) - raft.server.log.queue.byte-limit = 4294967296 (custom)
2022-08-09 13:51:53,477 [pool-1135-thread-1] INFO  server.RaftServerConfigKeys (ConfUtils.java:logGet(46)) - raft.server.log.queue.element-limit = 1024 (custom)
2022-08-09 13:51:53,477 [pool-1135-thread-1] INFO  server.RaftServerConfigKeys (ConfUtils.java:logGet(46)) - raft.server.log.segment.size.max = 1048576 (custom)
2022-08-09 13:51:53,477 [pool-1135-thread-1] INFO  server.RaftServerConfigKeys (ConfUtils.java:logGet(46)) - raft.server.log.preallocated.size = 16384 (custom)
2022-08-09 13:51:53,477 [pool-1135-thread-1] INFO  server.RaftServerConfigKeys (ConfUtils.java:logGet(46)) - raft.server.log.force.sync.num = 128 (default)
2022-08-09 13:51:53,477 [pool-1135-thread-1] INFO  server.RaftServerConfigKeys (ConfUtils.java:logGet(46)) - raft.server.log.statemachine.data.sync = true (default)
2022-08-09 13:51:53,477 [pool-1135-thread-1] INFO  server.RaftServerConfigKeys (ConfUtils.java:logGet(46)) - raft.server.log.statemachine.data.sync.timeout = 10s (default)
2022-08-09 13:51:53,477 [pool-1135-thread-1] INFO  server.RaftServerConfigKeys (ConfUtils.java:logGet(46)) - raft.server.log.statemachine.data.sync.timeout.retry = -1 (default)
2022-08-09 13:51:53,478 [pool-1135-thread-1] INFO  server.RaftServerConfigKeys (ConfUtils.java:logGet(46)) - raft.server.log.write.buffer.size = 1048576 (custom)
2022-08-09 13:51:53,479 [pool-1135-thread-1] INFO  server.RaftServerConfigKeys (ConfUtils.java:logGet(46)) - raft.server.log.unsafe-flush.enabled = false (default)
2022-08-09 13:51:53,479 [pool-1135-thread-1] INFO  server.RaftServerConfigKeys (ConfUtils.java:logGet(46)) - raft.server.log.statemachine.data.caching.enabled = true (custom)
2022-08-09 13:51:53,479 [pool-1135-thread-1] INFO  segmented.SegmentedRaftLogWorker (SegmentedRaftLogWorker.java:lambda$new$0(135)) - 719c7f2e-9b3f-4e79-a038-a5c87def3235@group-713A4CCB84F6-SegmentedRaftLogWorker: flushIndex: setUnconditionally 0 -> -1
2022-08-09 13:51:53,479 [pool-1135-thread-1] INFO  segmented.SegmentedRaftLogWorker (SegmentedRaftLogWorker.java:lambda$new$0(135)) - 719c7f2e-9b3f-4e79-a038-a5c87def3235@group-713A4CCB84F6-SegmentedRaftLogWorker: safeCacheEvictIndex: setUnconditionally 0 -> -1
2022-08-09 13:51:53,479 [pool-1135-thread-1] INFO  server.RaftServerConfigKeys (ConfUtils.java:logGet(46)) - raft.server.snapshot.auto.trigger.enabled = true (custom)
2022-08-09 13:51:53,479 [pool-1135-thread-1] INFO  server.RaftServerConfigKeys (ConfUtils.java:logGet(46)) - raft.server.snapshot.auto.trigger.threshold = 10000 (custom)
2022-08-09 13:51:53,479 [pool-1135-thread-1] INFO  server.RaftServerConfigKeys (ConfUtils.java:logGet(46)) - raft.server.snapshot.retention.file.num = 5 (custom)
2022-08-09 13:51:53,479 [pool-1135-thread-1] INFO  server.RaftServerConfigKeys (ConfUtils.java:logGet(46)) - raft.server.log.purge.upto.snapshot.index = false (default)
2022-08-09 13:51:53,480 [pool-1135-thread-1] INFO  server.RaftServerConfigKeys (ConfUtils.java:logGet(46)) - raft.server.retrycache.expirytime = 600000ms (custom)
2022-08-09 13:51:53,480 [pool-1135-thread-1] INFO  server.RaftServerConfigKeys (ConfUtils.java:logGet(46)) - raft.server.retrycache.statistics.expirytime = 100μs (default)
2022-08-09 13:51:53,481 [pool-1135-thread-1] INFO  server.RaftServerConfigKeys (ConfUtils.java:logGet(46)) - raft.server.log.appender.install.snapshot.enabled = false (custom)
2022-08-09 13:51:53,481 [pool-1135-thread-1] INFO  server.RaftServerConfigKeys (ConfUtils.java:logGet(46)) - raft.server.threadpool.server.cached = true (default)
2022-08-09 13:51:53,481 [pool-1135-thread-1] INFO  server.RaftServerConfigKeys (ConfUtils.java:logGet(46)) - raft.server.threadpool.server.size = 0 (default)
2022-08-09 13:51:53,481 [pool-1135-thread-1] INFO  server.RaftServerConfigKeys (ConfUtils.java:logGet(46)) - raft.server.threadpool.client.cached = true (default)
2022-08-09 13:51:53,481 [EventQueue-OpenPipelineForHealthyPipelineSafeModeRule] INFO  safemode.SCMSafeModeManager (HealthyPipelineSafeModeRule.java:process(137)) - SCM in safe mode. Healthy pipelines reported count is 0, required healthy pipeline reported count is 1
2022-08-09 13:51:53,481 [pool-1135-thread-1] INFO  server.RaftServerConfigKeys (ConfUtils.java:logGet(46)) - raft.server.threadpool.client.size = 0 (default)
2022-08-09 13:51:53,482 [pool-1135-thread-1] INFO  server.RaftServer$Division (RaftServerImpl.java:start(310)) - 719c7f2e-9b3f-4e79-a038-a5c87def3235@group-713A4CCB84F6: start as a follower, conf=-1: [7f1d1c94-ff0a-4bb3-a3b2-1e31becb3d9f|rpc:10.1.0.19:34961|priority:1, c4ab506c-e5ff-4630-83c4-92e6a677ee06|rpc:10.1.0.19:36685|priority:0, 719c7f2e-9b3f-4e79-a038-a5c87def3235|rpc:10.1.0.19:41633|priority:0], old=null
2022-08-09 13:51:53,482 [pool-1135-thread-1] INFO  server.RaftServer$Division (RaftServerImpl.java:setRole(299)) - 719c7f2e-9b3f-4e79-a038-a5c87def3235@group-713A4CCB84F6: changes role from      null to FOLLOWER at term 0 for startAsFollower
2022-08-09 13:51:53,482 [pool-1135-thread-1] INFO  impl.RoleInfo (RoleInfo.java:updateAndGet(139)) - 719c7f2e-9b3f-4e79-a038-a5c87def3235: start 719c7f2e-9b3f-4e79-a038-a5c87def3235@group-713A4CCB84F6-FollowerState
2022-08-09 13:51:53,482 [pool-1135-thread-1] INFO  util.JmxRegister (JmxRegister.java:tryRegister(44)) - Successfully registered JMX Bean with object name Ratis:service=RaftServer,group=group-713A4CCB84F6,id=719c7f2e-9b3f-4e79-a038-a5c87def3235
2022-08-09 13:51:53,483 [Command processor thread] INFO  ratis.XceiverServerRatis (XceiverServerRatis.java:addGroup(765)) - Created group PipelineID=2f073588-417e-4d6b-8768-713a4ccb84f6
2022-08-09 13:51:53,483 [EventQueue-OpenPipelineForHealthyPipelineSafeModeRule] INFO  safemode.SCMSafeModeManager (HealthyPipelineSafeModeRule.java:process(137)) - SCM in safe mode. Healthy pipelines reported count is 0, required healthy pipeline reported count is 1
2022-08-09 13:51:53,619 [grpc-default-executor-0] INFO  server.RaftServer (RaftServerProxy.java:addNew(96)) - c4ab506c-e5ff-4630-83c4-92e6a677ee06: addNew group-713A4CCB84F6:[7f1d1c94-ff0a-4bb3-a3b2-1e31becb3d9f|rpc:10.1.0.19:34961|dataStream:|priority:1, c4ab506c-e5ff-4630-83c4-92e6a677ee06|rpc:10.1.0.19:36685|dataStream:|priority:0, 719c7f2e-9b3f-4e79-a038-a5c87def3235|rpc:10.1.0.19:41633|dataStream:|priority:0] returns group-713A4CCB84F6:java.util.concurrent.CompletableFuture@24e916a7[Not completed]
2022-08-09 13:51:53,624 [pool-1181-thread-1] INFO  server.RaftServer$Division (RaftServerImpl.java:<init>(190)) - c4ab506c-e5ff-4630-83c4-92e6a677ee06: new RaftServerImpl for group-713A4CCB84F6:[7f1d1c94-ff0a-4bb3-a3b2-1e31becb3d9f|rpc:10.1.0.19:34961|dataStream:|priority:1, c4ab506c-e5ff-4630-83c4-92e6a677ee06|rpc:10.1.0.19:36685|dataStream:|priority:0, 719c7f2e-9b3f-4e79-a038-a5c87def3235|rpc:10.1.0.19:41633|dataStream:|priority:0] with ContainerStateMachine:uninitialized
2022-08-09 13:51:53,624 [pool-1181-thread-1] INFO  server.RaftServerConfigKeys (ConfUtils.java:logGet(46)) - raft.server.rpc.timeout.min = 5s (custom)
2022-08-09 13:51:53,624 [pool-1181-thread-1] INFO  server.RaftServerConfigKeys (ConfUtils.java:logGet(46)) - raft.server.rpc.timeout.max = 5200ms (custom)
2022-08-09 13:51:53,646 [pool-1181-thread-1] INFO  server.RaftServerConfigKeys (ConfUtils.java:logGet(46)) - raft.server.rpc.sleep.time = 25ms (default)
2022-08-09 13:51:53,646 [pool-1181-thread-1] INFO  server.RaftServerConfigKeys (ConfUtils.java:logGet(46)) - raft.server.rpc.slowness.timeout = 300s (custom)
2022-08-09 13:51:53,646 [pool-1181-thread-1] INFO  server.RaftServerConfigKeys (ConfUtils.java:logGet(46)) - raft.server.leaderelection.leader.step-down.wait-time = 10s (default)
2022-08-09 13:51:53,646 [pool-1181-thread-1] INFO  server.RaftServerConfigKeys (ConfUtils.java:logGet(46)) - raft.server.sleep.deviation.threshold = 300ms (default)
2022-08-09 13:51:53,646 [pool-1181-thread-1] INFO  server.RaftServer$Division (ServerState.java:<init>(107)) - c4ab506c-e5ff-4630-83c4-92e6a677ee06@group-713A4CCB84F6: ConfigurationManager, init=-1: [7f1d1c94-ff0a-4bb3-a3b2-1e31becb3d9f|rpc:10.1.0.19:34961|dataStream:|priority:1, c4ab506c-e5ff-4630-83c4-92e6a677ee06|rpc:10.1.0.19:36685|dataStream:|priority:0, 719c7f2e-9b3f-4e79-a038-a5c87def3235|rpc:10.1.0.19:41633|dataStream:|priority:0], old=null, confs=<EMPTY_MAP>
2022-08-09 13:51:53,647 [pool-1181-thread-1] INFO  server.RaftServerConfigKeys (ConfUtils.java:logGet(46)) - raft.server.storage.dir = [/home/runner/work/ozone/ozone/hadoop-ozone/integration-test/target/test-dir/MiniOzoneClusterImpl-88f81c17-ef50-42a7-8332-c06519bf32f4/datanode-2/data/ratis] (custom)
2022-08-09 13:51:53,647 [pool-1181-thread-1] INFO  server.RaftServerConfigKeys (ConfUtils.java:logGet(46)) - raft.server.log.corruption.policy = EXCEPTION (default)
2022-08-09 13:51:53,647 [pool-1181-thread-1] INFO  server.RaftServerConfigKeys (ConfUtils.java:logGet(46)) - raft.server.storage.free-space.min = 0MB (=0) (default)
2022-08-09 13:51:53,647 [pool-1181-thread-1] INFO  storage.RaftStorageDirectory (RaftStorageDirectoryImpl.java:analyzeStorage(135)) - The storage directory /home/runner/work/ozone/ozone/hadoop-ozone/integration-test/target/test-dir/MiniOzoneClusterImpl-88f81c17-ef50-42a7-8332-c06519bf32f4/datanode-2/data/ratis/2f073588-417e-4d6b-8768-713a4ccb84f6 does not exist. Creating ...
2022-08-09 13:51:53,657 [pool-1181-thread-1] INFO  storage.RaftStorageDirectory (RaftStorageDirectoryImpl.java:tryLock(230)) - Lock on /home/runner/work/ozone/ozone/hadoop-ozone/integration-test/target/test-dir/MiniOzoneClusterImpl-88f81c17-ef50-42a7-8332-c06519bf32f4/datanode-2/data/ratis/2f073588-417e-4d6b-8768-713a4ccb84f6/in_use.lock acquired by nodename 10574@fv-az450-466
2022-08-09 13:51:53,669 [IPC Server handler 1 on default port 36105] INFO  net.NetworkTopologyImpl (NetworkTopologyImpl.java:add(112)) - Added a new node: /default-rack/d404f66d-97e2-4d92-a65f-8c5f8d00df6e
2022-08-09 13:51:53,669 [IPC Server handler 1 on default port 36105] INFO  node.SCMNodeManager (SCMNodeManager.java:register(397)) - Registered Data node : d404f66d-97e2-4d92-a65f-8c5f8d00df6e{ip: 10.1.0.19, host: fv-az450-466.jnfmftgkylze5hd05chtbp1i0a.dx.internal.cloudapp.net, ports: [REPLICATION=46717, RATIS=38445, RATIS_ADMIN=38445, RATIS_SERVER=38445, STANDALONE=45073], networkLocation: /default-rack, certSerialId: null, persistedOpState: null, persistedOpStateExpiryEpochSec: 0}
2022-08-09 13:51:53,669 [pool-1181-thread-1] INFO  storage.RaftStorage (RaftStorageImpl.java:format(89)) - Storage directory /home/runner/work/ozone/ozone/hadoop-ozone/integration-test/target/test-dir/MiniOzoneClusterImpl-88f81c17-ef50-42a7-8332-c06519bf32f4/datanode-2/data/ratis/2f073588-417e-4d6b-8768-713a4ccb84f6 has been successfully formatted.
2022-08-09 13:51:53,669 [EventQueue-NewNodeForNewNodeHandler] INFO  pipeline.BackgroundPipelineCreator (BackgroundPipelineCreator.java:notifyEventTriggered(276)) - trigger a one-shot run on RatisPipelineUtilsThread.
2022-08-09 13:51:53,670 [RatisPipelineUtilsThread - 0] INFO  pipeline.RatisPipelineProvider (RatisPipelineProvider.java:lambda$create$0(195)) - Sending CreatePipelineCommand for pipeline:PipelineID=90e0ad31-aa17-44d6-900f-449221ac0774 to datanode:d404f66d-97e2-4d92-a65f-8c5f8d00df6e
2022-08-09 13:51:53,670 [RatisPipelineUtilsThread - 0] INFO  pipeline.PipelineStateManagerImpl (PipelineStateManagerImpl.java:addPipeline(103)) - Created pipeline Pipeline[ Id: 90e0ad31-aa17-44d6-900f-449221ac0774, Nodes: d404f66d-97e2-4d92-a65f-8c5f8d00df6e{ip: 10.1.0.19, host: fv-az450-466.jnfmftgkylze5hd05chtbp1i0a.dx.internal.cloudapp.net, ports: [REPLICATION=46717, RATIS=38445, RATIS_ADMIN=38445, RATIS_SERVER=38445, STANDALONE=45073], networkLocation: /default-rack, certSerialId: null, persistedOpState: IN_SERVICE, persistedOpStateExpiryEpochSec: 0}, ReplicationConfig: RATIS/ONE, State:ALLOCATED, leaderId:, CreationTimestamp2022-08-09T13:51:53.670Z[Etc/UTC]].
2022-08-09 13:51:53,671 [pool-1181-thread-1] INFO  ratis.ContainerStateMachine (ContainerStateMachine.java:loadSnapshot(236)) - group-713A4CCB84F6: The snapshot info is null. Setting the last applied indexto:(t:0, i:~)
2022-08-09 13:51:53,677 [pool-1181-thread-1] INFO  server.RaftServerConfigKeys (ConfUtils.java:logGet(46)) - raft.server.notification.no-leader.timeout = 300s (custom)
2022-08-09 13:51:53,682 [pool-1181-thread-1] INFO  server.RaftServerConfigKeys (ConfUtils.java:logGet(46)) - raft.server.log.use.memory = false (default)
2022-08-09 13:51:53,686 [pool-1181-thread-1] INFO  server.RaftServerConfigKeys (ConfUtils.java:logGet(46)) - raft.server.log.purge.gap = 1000000 (custom)
2022-08-09 13:51:53,686 [pool-1181-thread-1] INFO  server.RaftServerConfigKeys (ConfUtils.java:logGet(46)) - raft.server.log.appender.buffer.byte-limit = 33554432 (custom)
2022-08-09 13:51:53,686 [pool-1181-thread-1] INFO  server.RaftServerConfigKeys (ConfUtils.java:logGet(46)) - raft.server.log.statemachine.data.read.timeout = 1000ms (default)
2022-08-09 13:51:53,686 [pool-1181-thread-1] INFO  server.RaftServerConfigKeys (ConfUtils.java:logGet(46)) - raft.server.log.segment.size.max = 1048576 (custom)
2022-08-09 13:51:53,686 [pool-1181-thread-1] INFO  server.RaftServerConfigKeys (ConfUtils.java:logGet(46)) - raft.server.log.segment.cache.num.max = 2 (custom)
2022-08-09 13:51:53,686 [pool-1181-thread-1] INFO  server.RaftServerConfigKeys (ConfUtils.java:logGet(46)) - raft.server.log.segment.cache.size.max = 200MB (=209715200) (default)
2022-08-09 13:51:53,686 [pool-1181-thread-1] INFO  segmented.SegmentedRaftLogWorker (SegmentedRaftLogWorker.java:<init>(187)) - new c4ab506c-e5ff-4630-83c4-92e6a677ee06@group-713A4CCB84F6-SegmentedRaftLogWorker for RaftStorageImpl:Storage Directory /home/runner/work/ozone/ozone/hadoop-ozone/integration-test/target/test-dir/MiniOzoneClusterImpl-88f81c17-ef50-42a7-8332-c06519bf32f4/datanode-2/data/ratis/2f073588-417e-4d6b-8768-713a4ccb84f6
2022-08-09 13:51:53,686 [pool-1181-thread-1] INFO  server.RaftServerConfigKeys (ConfUtils.java:logGet(46)) - raft.server.log.queue.byte-limit = 4294967296 (custom)
2022-08-09 13:51:53,686 [pool-1181-thread-1] INFO  server.RaftServerConfigKeys (ConfUtils.java:logGet(46)) - raft.server.log.queue.element-limit = 1024 (custom)
2022-08-09 13:51:53,686 [pool-1181-thread-1] INFO  server.RaftServerConfigKeys (ConfUtils.java:logGet(46)) - raft.server.log.segment.size.max = 1048576 (custom)
2022-08-09 13:51:53,686 [pool-1181-thread-1] INFO  server.RaftServerConfigKeys (ConfUtils.java:logGet(46)) - raft.server.log.preallocated.size = 16384 (custom)
2022-08-09 13:51:53,687 [pool-1181-thread-1] INFO  server.RaftServerConfigKeys (ConfUtils.java:logGet(46)) - raft.server.log.force.sync.num = 128 (default)
2022-08-09 13:51:53,687 [pool-1181-thread-1] INFO  server.RaftServerConfigKeys (ConfUtils.java:logGet(46)) - raft.server.log.statemachine.data.sync = true (default)
2022-08-09 13:51:53,687 [pool-1181-thread-1] INFO  server.RaftServerConfigKeys (ConfUtils.java:logGet(46)) - raft.server.log.statemachine.data.sync.timeout = 10s (default)
2022-08-09 13:51:53,687 [pool-1181-thread-1] INFO  server.RaftServerConfigKeys (ConfUtils.java:logGet(46)) - raft.server.log.statemachine.data.sync.timeout.retry = -1 (default)
2022-08-09 13:51:53,688 [pool-1181-thread-1] INFO  server.RaftServerConfigKeys (ConfUtils.java:logGet(46)) - raft.server.log.write.buffer.size = 1048576 (custom)
2022-08-09 13:51:53,688 [pool-1181-thread-1] INFO  server.RaftServerConfigKeys (ConfUtils.java:logGet(46)) - raft.server.log.unsafe-flush.enabled = false (default)
2022-08-09 13:51:53,688 [pool-1181-thread-1] INFO  server.RaftServerConfigKeys (ConfUtils.java:logGet(46)) - raft.server.log.statemachine.data.caching.enabled = true (custom)
2022-08-09 13:51:53,688 [pool-1181-thread-1] INFO  segmented.SegmentedRaftLogWorker (SegmentedRaftLogWorker.java:lambda$new$0(135)) - c4ab506c-e5ff-4630-83c4-92e6a677ee06@group-713A4CCB84F6-SegmentedRaftLogWorker: flushIndex: setUnconditionally 0 -> -1
2022-08-09 13:51:53,689 [pool-1181-thread-1] INFO  segmented.SegmentedRaftLogWorker (SegmentedRaftLogWorker.java:lambda$new$0(135)) - c4ab506c-e5ff-4630-83c4-92e6a677ee06@group-713A4CCB84F6-SegmentedRaftLogWorker: safeCacheEvictIndex: setUnconditionally 0 -> -1
2022-08-09 13:51:53,693 [pool-1181-thread-1] INFO  server.RaftServerConfigKeys (ConfUtils.java:logGet(46)) - raft.server.snapshot.auto.trigger.enabled = true (custom)
2022-08-09 13:51:53,693 [pool-1181-thread-1] INFO  server.RaftServerConfigKeys (ConfUtils.java:logGet(46)) - raft.server.snapshot.auto.trigger.threshold = 10000 (custom)
2022-08-09 13:51:53,693 [pool-1181-thread-1] INFO  server.RaftServerConfigKeys (ConfUtils.java:logGet(46)) - raft.server.snapshot.retention.file.num = 5 (custom)
2022-08-09 13:51:53,693 [pool-1181-thread-1] INFO  server.RaftServerConfigKeys (ConfUtils.java:logGet(46)) - raft.server.log.purge.upto.snapshot.index = false (default)
2022-08-09 13:51:53,693 [pool-1181-thread-1] INFO  server.RaftServerConfigKeys (ConfUtils.java:logGet(46)) - raft.server.retrycache.expirytime = 600000ms (custom)
2022-08-09 13:51:53,693 [pool-1181-thread-1] INFO  server.RaftServerConfigKeys (ConfUtils.java:logGet(46)) - raft.server.retrycache.statistics.expirytime = 100μs (default)
2022-08-09 13:51:53,704 [pool-1181-thread-1] INFO  server.RaftServerConfigKeys (ConfUtils.java:logGet(46)) - raft.server.log.appender.install.snapshot.enabled = false (custom)
2022-08-09 13:51:53,704 [pool-1181-thread-1] INFO  server.RaftServerConfigKeys (ConfUtils.java:logGet(46)) - raft.server.threadpool.server.cached = true (default)
2022-08-09 13:51:53,704 [pool-1181-thread-1] INFO  server.RaftServerConfigKeys (ConfUtils.java:logGet(46)) - raft.server.threadpool.server.size = 0 (default)
2022-08-09 13:51:53,705 [pool-1181-thread-1] INFO  server.RaftServerConfigKeys (ConfUtils.java:logGet(46)) - raft.server.threadpool.client.cached = true (default)
2022-08-09 13:51:53,705 [pool-1181-thread-1] INFO  server.RaftServerConfigKeys (ConfUtils.java:logGet(46)) - raft.server.threadpool.client.size = 0 (default)
2022-08-09 13:51:53,705 [pool-1181-thread-1] INFO  server.RaftServer$Division (RaftServerImpl.java:start(310)) - c4ab506c-e5ff-4630-83c4-92e6a677ee06@group-713A4CCB84F6: start as a follower, conf=-1: [7f1d1c94-ff0a-4bb3-a3b2-1e31becb3d9f|rpc:10.1.0.19:34961|dataStream:|priority:1, c4ab506c-e5ff-4630-83c4-92e6a677ee06|rpc:10.1.0.19:36685|dataStream:|priority:0, 719c7f2e-9b3f-4e79-a038-a5c87def3235|rpc:10.1.0.19:41633|dataStream:|priority:0], old=null
2022-08-09 13:51:53,705 [pool-1181-thread-1] INFO  server.RaftServer$Division (RaftServerImpl.java:setRole(299)) - c4ab506c-e5ff-4630-83c4-92e6a677ee06@group-713A4CCB84F6: changes role from      null to FOLLOWER at term 0 for startAsFollower
2022-08-09 13:51:53,705 [pool-1181-thread-1] INFO  impl.RoleInfo (RoleInfo.java:updateAndGet(139)) - c4ab506c-e5ff-4630-83c4-92e6a677ee06: start c4ab506c-e5ff-4630-83c4-92e6a677ee06@group-713A4CCB84F6-FollowerState
2022-08-09 13:51:53,713 [pool-1181-thread-1] INFO  util.JmxRegister (JmxRegister.java:tryRegister(44)) - Successfully registered JMX Bean with object name Ratis:service=RaftServer,group=group-713A4CCB84F6,id=c4ab506c-e5ff-4630-83c4-92e6a677ee06
2022-08-09 13:51:53,795 [grpc-default-executor-0] INFO  server.RaftServer (RaftServerProxy.java:addNew(96)) - 7f1d1c94-ff0a-4bb3-a3b2-1e31becb3d9f: addNew group-713A4CCB84F6:[7f1d1c94-ff0a-4bb3-a3b2-1e31becb3d9f|rpc:10.1.0.19:34961|dataStream:|priority:1, c4ab506c-e5ff-4630-83c4-92e6a677ee06|rpc:10.1.0.19:36685|dataStream:|priority:0, 719c7f2e-9b3f-4e79-a038-a5c87def3235|rpc:10.1.0.19:41633|dataStream:|priority:0] returns group-713A4CCB84F6:java.util.concurrent.CompletableFuture@4d4f8954[Not completed]
2022-08-09 13:51:53,826 [pool-1158-thread-1] INFO  server.RaftServer$Division (RaftServerImpl.java:<init>(190)) - 7f1d1c94-ff0a-4bb3-a3b2-1e31becb3d9f: new RaftServerImpl for group-713A4CCB84F6:[7f1d1c94-ff0a-4bb3-a3b2-1e31becb3d9f|rpc:10.1.0.19:34961|dataStream:|priority:1, c4ab506c-e5ff-4630-83c4-92e6a677ee06|rpc:10.1.0.19:36685|dataStream:|priority:0, 719c7f2e-9b3f-4e79-a038-a5c87def3235|rpc:10.1.0.19:41633|dataStream:|priority:0] with ContainerStateMachine:uninitialized
2022-08-09 13:51:53,826 [pool-1158-thread-1] INFO  server.RaftServerConfigKeys (ConfUtils.java:logGet(46)) - raft.server.rpc.timeout.min = 5s (custom)
2022-08-09 13:51:53,826 [pool-1158-thread-1] INFO  server.RaftServerConfigKeys (ConfUtils.java:logGet(46)) - raft.server.rpc.timeout.max = 5200ms (custom)
2022-08-09 13:51:53,826 [pool-1158-thread-1] INFO  server.RaftServerConfigKeys (ConfUtils.java:logGet(46)) - raft.server.rpc.sleep.time = 25ms (default)
2022-08-09 13:51:53,826 [pool-1158-thread-1] INFO  server.RaftServerConfigKeys (ConfUtils.java:logGet(46)) - raft.server.rpc.slowness.timeout = 300s (custom)
2022-08-09 13:51:53,826 [pool-1158-thread-1] INFO  server.RaftServerConfigKeys (ConfUtils.java:logGet(46)) - raft.server.leaderelection.leader.step-down.wait-time = 10s (default)
2022-08-09 13:51:53,826 [pool-1158-thread-1] INFO  server.RaftServerConfigKeys (ConfUtils.java:logGet(46)) - raft.server.sleep.deviation.threshold = 300ms (default)
2022-08-09 13:51:53,826 [pool-1158-thread-1] INFO  server.RaftServer$Division (ServerState.java:<init>(107)) - 7f1d1c94-ff0a-4bb3-a3b2-1e31becb3d9f@group-713A4CCB84F6: ConfigurationManager, init=-1: [7f1d1c94-ff0a-4bb3-a3b2-1e31becb3d9f|rpc:10.1.0.19:34961|dataStream:|priority:1, c4ab506c-e5ff-4630-83c4-92e6a677ee06|rpc:10.1.0.19:36685|dataStream:|priority:0, 719c7f2e-9b3f-4e79-a038-a5c87def3235|rpc:10.1.0.19:41633|dataStream:|priority:0], old=null, confs=<EMPTY_MAP>
2022-08-09 13:51:53,826 [pool-1158-thread-1] INFO  server.RaftServerConfigKeys (ConfUtils.java:logGet(46)) - raft.server.storage.dir = [/home/runner/work/ozone/ozone/hadoop-ozone/integration-test/target/test-dir/MiniOzoneClusterImpl-88f81c17-ef50-42a7-8332-c06519bf32f4/datanode-1/data/ratis] (custom)
2022-08-09 13:51:53,826 [pool-1158-thread-1] INFO  server.RaftServerConfigKeys (ConfUtils.java:logGet(46)) - raft.server.log.corruption.policy = EXCEPTION (default)
2022-08-09 13:51:53,826 [pool-1158-thread-1] INFO  server.RaftServerConfigKeys (ConfUtils.java:logGet(46)) - raft.server.storage.free-space.min = 0MB (=0) (default)
2022-08-09 13:51:53,827 [pool-1158-thread-1] INFO  storage.RaftStorageDirectory (RaftStorageDirectoryImpl.java:analyzeStorage(135)) - The storage directory /home/runner/work/ozone/ozone/hadoop-ozone/integration-test/target/test-dir/MiniOzoneClusterImpl-88f81c17-ef50-42a7-8332-c06519bf32f4/datanode-1/data/ratis/2f073588-417e-4d6b-8768-713a4ccb84f6 does not exist. Creating ...
2022-08-09 13:51:53,840 [pool-1158-thread-1] INFO  storage.RaftStorageDirectory (RaftStorageDirectoryImpl.java:tryLock(230)) - Lock on /home/runner/work/ozone/ozone/hadoop-ozone/integration-test/target/test-dir/MiniOzoneClusterImpl-88f81c17-ef50-42a7-8332-c06519bf32f4/datanode-1/data/ratis/2f073588-417e-4d6b-8768-713a4ccb84f6/in_use.lock acquired by nodename 10574@fv-az450-466
2022-08-09 13:51:53,841 [pool-1158-thread-1] INFO  storage.RaftStorage (RaftStorageImpl.java:format(89)) - Storage directory /home/runner/work/ozone/ozone/hadoop-ozone/integration-test/target/test-dir/MiniOzoneClusterImpl-88f81c17-ef50-42a7-8332-c06519bf32f4/datanode-1/data/ratis/2f073588-417e-4d6b-8768-713a4ccb84f6 has been successfully formatted.
2022-08-09 13:51:53,879 [pool-1158-thread-1] INFO  ratis.ContainerStateMachine (ContainerStateMachine.java:loadSnapshot(236)) - group-713A4CCB84F6: The snapshot info is null. Setting the last applied indexto:(t:0, i:~)
2022-08-09 13:51:53,880 [pool-1158-thread-1] INFO  server.RaftServerConfigKeys (ConfUtils.java:logGet(46)) - raft.server.notification.no-leader.timeout = 300s (custom)
2022-08-09 13:51:53,880 [pool-1158-thread-1] INFO  server.RaftServerConfigKeys (ConfUtils.java:logGet(46)) - raft.server.log.use.memory = false (default)
2022-08-09 13:51:53,880 [pool-1158-thread-1] INFO  server.RaftServerConfigKeys (ConfUtils.java:logGet(46)) - raft.server.log.purge.gap = 1000000 (custom)
2022-08-09 13:51:53,880 [pool-1158-thread-1] INFO  server.RaftServerConfigKeys (ConfUtils.java:logGet(46)) - raft.server.log.appender.buffer.byte-limit = 33554432 (custom)
2022-08-09 13:51:53,880 [pool-1158-thread-1] INFO  server.RaftServerConfigKeys (ConfUtils.java:logGet(46)) - raft.server.log.statemachine.data.read.timeout = 1000ms (default)
2022-08-09 13:51:53,880 [pool-1158-thread-1] INFO  server.RaftServerConfigKeys (ConfUtils.java:logGet(46)) - raft.server.log.segment.size.max = 1048576 (custom)
2022-08-09 13:51:53,880 [pool-1158-thread-1] INFO  server.RaftServerConfigKeys (ConfUtils.java:logGet(46)) - raft.server.log.segment.cache.num.max = 2 (custom)
2022-08-09 13:51:53,881 [pool-1158-thread-1] INFO  server.RaftServerConfigKeys (ConfUtils.java:logGet(46)) - raft.server.log.segment.cache.size.max = 200MB (=209715200) (default)
2022-08-09 13:51:53,881 [pool-1158-thread-1] INFO  segmented.SegmentedRaftLogWorker (SegmentedRaftLogWorker.java:<init>(187)) - new 7f1d1c94-ff0a-4bb3-a3b2-1e31becb3d9f@group-713A4CCB84F6-SegmentedRaftLogWorker for RaftStorageImpl:Storage Directory /home/runner/work/ozone/ozone/hadoop-ozone/integration-test/target/test-dir/MiniOzoneClusterImpl-88f81c17-ef50-42a7-8332-c06519bf32f4/datanode-1/data/ratis/2f073588-417e-4d6b-8768-713a4ccb84f6
2022-08-09 13:51:53,881 [pool-1158-thread-1] INFO  server.RaftServerConfigKeys (ConfUtils.java:logGet(46)) - raft.server.log.queue.byte-limit = 4294967296 (custom)
2022-08-09 13:51:53,881 [pool-1158-thread-1] INFO  server.RaftServerConfigKeys (ConfUtils.java:logGet(46)) - raft.server.log.queue.element-limit = 1024 (custom)
2022-08-09 13:51:53,881 [pool-1158-thread-1] INFO  server.RaftServerConfigKeys (ConfUtils.java:logGet(46)) - raft.server.log.segment.size.max = 1048576 (custom)
2022-08-09 13:51:53,881 [pool-1158-thread-1] INFO  server.RaftServerConfigKeys (ConfUtils.java:logGet(46)) - raft.server.log.preallocated.size = 16384 (custom)
2022-08-09 13:51:53,881 [pool-1158-thread-1] INFO  server.RaftServerConfigKeys (ConfUtils.java:logGet(46)) - raft.server.log.force.sync.num = 128 (default)
2022-08-09 13:51:53,881 [pool-1158-thread-1] INFO  server.RaftServerConfigKeys (ConfUtils.java:logGet(46)) - raft.server.log.statemachine.data.sync = true (default)
2022-08-09 13:51:53,881 [pool-1158-thread-1] INFO  server.RaftServerConfigKeys (ConfUtils.java:logGet(46)) - raft.server.log.statemachine.data.sync.timeout = 10s (default)
2022-08-09 13:51:53,881 [pool-1158-thread-1] INFO  server.RaftServerConfigKeys (ConfUtils.java:logGet(46)) - raft.server.log.statemachine.data.sync.timeout.retry = -1 (default)
2022-08-09 13:51:53,886 [pool-1158-thread-1] INFO  server.RaftServerConfigKeys (ConfUtils.java:logGet(46)) - raft.server.log.write.buffer.size = 1048576 (custom)
2022-08-09 13:51:53,887 [pool-1158-thread-1] INFO  server.RaftServerConfigKeys (ConfUtils.java:logGet(46)) - raft.server.log.unsafe-flush.enabled = false (default)
2022-08-09 13:51:53,887 [pool-1158-thread-1] INFO  server.RaftServerConfigKeys (ConfUtils.java:logGet(46)) - raft.server.log.statemachine.data.caching.enabled = true (custom)
2022-08-09 13:51:53,887 [pool-1158-thread-1] INFO  segmented.SegmentedRaftLogWorker (SegmentedRaftLogWorker.java:lambda$new$0(135)) - 7f1d1c94-ff0a-4bb3-a3b2-1e31becb3d9f@group-713A4CCB84F6-SegmentedRaftLogWorker: flushIndex: setUnconditionally 0 -> -1
2022-08-09 13:51:53,887 [pool-1158-thread-1] INFO  segmented.SegmentedRaftLogWorker (SegmentedRaftLogWorker.java:lambda$new$0(135)) - 7f1d1c94-ff0a-4bb3-a3b2-1e31becb3d9f@group-713A4CCB84F6-SegmentedRaftLogWorker: safeCacheEvictIndex: setUnconditionally 0 -> -1
2022-08-09 13:51:53,891 [pool-1158-thread-1] INFO  server.RaftServerConfigKeys (ConfUtils.java:logGet(46)) - raft.server.snapshot.auto.trigger.enabled = true (custom)
2022-08-09 13:51:53,891 [pool-1158-thread-1] INFO  server.RaftServerConfigKeys (ConfUtils.java:logGet(46)) - raft.server.snapshot.auto.trigger.threshold = 10000 (custom)
2022-08-09 13:51:53,891 [pool-1158-thread-1] INFO  server.RaftServerConfigKeys (ConfUtils.java:logGet(46)) - raft.server.snapshot.retention.file.num = 5 (custom)
2022-08-09 13:51:53,891 [pool-1158-thread-1] INFO  server.RaftServerConfigKeys (ConfUtils.java:logGet(46)) - raft.server.log.purge.upto.snapshot.index = false (default)
2022-08-09 13:51:53,891 [pool-1158-thread-1] INFO  server.RaftServerConfigKeys (ConfUtils.java:logGet(46)) - raft.server.retrycache.expirytime = 600000ms (custom)
2022-08-09 13:51:53,891 [pool-1158-thread-1] INFO  server.RaftServerConfigKeys (ConfUtils.java:logGet(46)) - raft.server.retrycache.statistics.expirytime = 100μs (default)
2022-08-09 13:51:53,898 [pool-1158-thread-1] INFO  server.RaftServerConfigKeys (ConfUtils.java:logGet(46)) - raft.server.log.appender.install.snapshot.enabled = false (custom)
2022-08-09 13:51:53,898 [pool-1158-thread-1] INFO  server.RaftServerConfigKeys (ConfUtils.java:logGet(46)) - raft.server.threadpool.server.cached = true (default)
2022-08-09 13:51:53,898 [pool-1158-thread-1] INFO  server.RaftServerConfigKeys (ConfUtils.java:logGet(46)) - raft.server.threadpool.server.size = 0 (default)
2022-08-09 13:51:53,898 [pool-1158-thread-1] INFO  server.RaftServerConfigKeys (ConfUtils.java:logGet(46)) - raft.server.threadpool.client.cached = true (default)
2022-08-09 13:51:53,898 [pool-1158-thread-1] INFO  server.RaftServerConfigKeys (ConfUtils.java:logGet(46)) - raft.server.threadpool.client.size = 0 (default)
2022-08-09 13:51:53,898 [pool-1158-thread-1] INFO  server.RaftServer$Division (RaftServerImpl.java:start(310)) - 7f1d1c94-ff0a-4bb3-a3b2-1e31becb3d9f@group-713A4CCB84F6: start as a follower, conf=-1: [7f1d1c94-ff0a-4bb3-a3b2-1e31becb3d9f|rpc:10.1.0.19:34961|dataStream:|priority:1, c4ab506c-e5ff-4630-83c4-92e6a677ee06|rpc:10.1.0.19:36685|dataStream:|priority:0, 719c7f2e-9b3f-4e79-a038-a5c87def3235|rpc:10.1.0.19:41633|dataStream:|priority:0], old=null
2022-08-09 13:51:53,898 [pool-1158-thread-1] INFO  server.RaftServer$Division (RaftServerImpl.java:setRole(299)) - 7f1d1c94-ff0a-4bb3-a3b2-1e31becb3d9f@group-713A4CCB84F6: changes role from      null to FOLLOWER at term 0 for startAsFollower
2022-08-09 13:51:53,898 [pool-1158-thread-1] INFO  impl.RoleInfo (RoleInfo.java:updateAndGet(139)) - 7f1d1c94-ff0a-4bb3-a3b2-1e31becb3d9f: start 7f1d1c94-ff0a-4bb3-a3b2-1e31becb3d9f@group-713A4CCB84F6-FollowerState
2022-08-09 13:51:53,920 [pool-1158-thread-1] INFO  util.JmxRegister (JmxRegister.java:tryRegister(44)) - Successfully registered JMX Bean with object name Ratis:service=RaftServer,group=group-713A4CCB84F6,id=7f1d1c94-ff0a-4bb3-a3b2-1e31becb3d9f
2022-08-09 13:51:53,925 [Listener at 127.0.0.1/44079] INFO  ozone.MiniOzoneClusterImpl (MiniOzoneClusterImpl.java:lambda$waitForClusterToBeReady$0(216)) - Waiting for nodes to be ready. Got 4 of 5 DN Heartbeats.
2022-08-09 13:51:53,925 [Listener at 127.0.0.1/44079] INFO  ozone.MiniOzoneClusterImpl (MiniOzoneClusterImpl.java:lambda$waitForClusterToBeReady$0(219)) - Waiting for cluster to exit safe mode
2022-08-09 13:51:53,925 [Listener at 127.0.0.1/44079] INFO  ozone.MiniOzoneClusterImpl (MiniOzoneClusterImpl.java:lambda$waitForClusterToBeReady$0(221)) - SCM became leader
2022-08-09 13:51:53,972 [Finalizer] WARN  managed.ManagedRocksObjectUtils (ManagedRocksObjectUtils.java:assertClosed(39)) - ManagedDBOptions is not closed properly
2022-08-09 13:51:53,972 [Finalizer] WARN  managed.ManagedRocksObjectUtils (ManagedRocksObjectUtils.java:assertClosed(39)) - ManagedColumnFamilyOptions is not closed properly
2022-08-09 13:51:53,972 [Finalizer] WARN  managed.ManagedRocksObjectUtils (ManagedRocksObjectUtils.java:assertClosed(39)) - ManagedLRUCache is not closed properly
2022-08-09 13:51:53,972 [Finalizer] WARN  managed.ManagedRocksObjectUtils (ManagedRocksObjectUtils.java:assertClosed(39)) - ManagedBloomFilter is not closed properly
2022-08-09 13:51:53,972 [Finalizer] WARN  managed.ManagedRocksObjectUtils (ManagedRocksObjectUtils.java:assertClosed(39)) - ManagedDBOptions is not closed properly
2022-08-09 13:51:53,972 [Finalizer] WARN  managed.ManagedRocksObjectUtils (ManagedRocksObjectUtils.java:assertClosed(39)) - ManagedColumnFamilyOptions is not closed properly
2022-08-09 13:51:53,972 [Finalizer] WARN  managed.ManagedRocksObjectUtils (ManagedRocksObjectUtils.java:assertClosed(39)) - ManagedLRUCache is not closed properly
2022-08-09 13:51:53,972 [Finalizer] WARN  managed.ManagedRocksObjectUtils (ManagedRocksObjectUtils.java:assertClosed(39)) - ManagedBloomFilter is not closed properly
2022-08-09 13:51:53,980 [Command processor thread] INFO  commandhandler.CreatePipelineCommandHandler (CreatePipelineCommandHandler.java:handle(113)) - Created Pipeline RATIS THREE PipelineID=2f073588-417e-4d6b-8768-713a4ccb84f6.
2022-08-09 13:51:53,981 [Command processor thread] INFO  server.RaftServer (RaftServerProxy.java:addNew(96)) - 719c7f2e-9b3f-4e79-a038-a5c87def3235: addNew group-A8823B900407:[7f1d1c94-ff0a-4bb3-a3b2-1e31becb3d9f|rpc:10.1.0.19:34961|priority:0, c4ab506c-e5ff-4630-83c4-92e6a677ee06|rpc:10.1.0.19:36685|priority:1, 719c7f2e-9b3f-4e79-a038-a5c87def3235|rpc:10.1.0.19:41633|priority:0] returns group-A8823B900407:java.util.concurrent.CompletableFuture@7bb3fd1b[Not completed]
2022-08-09 13:51:53,981 [pool-1135-thread-1] INFO  server.RaftServer$Division (RaftServerImpl.java:<init>(190)) - 719c7f2e-9b3f-4e79-a038-a5c87def3235: new RaftServerImpl for group-A8823B900407:[7f1d1c94-ff0a-4bb3-a3b2-1e31becb3d9f|rpc:10.1.0.19:34961|priority:0, c4ab506c-e5ff-4630-83c4-92e6a677ee06|rpc:10.1.0.19:36685|priority:1, 719c7f2e-9b3f-4e79-a038-a5c87def3235|rpc:10.1.0.19:41633|priority:0] with ContainerStateMachine:uninitialized
2022-08-09 13:51:53,981 [pool-1135-thread-1] INFO  server.RaftServerConfigKeys (ConfUtils.java:logGet(46)) - raft.server.rpc.timeout.min = 5s (custom)
2022-08-09 13:51:53,981 [pool-1135-thread-1] INFO  server.RaftServerConfigKeys (ConfUtils.java:logGet(46)) - raft.server.rpc.timeout.max = 5200ms (custom)
2022-08-09 13:51:53,981 [pool-1135-thread-1] INFO  server.RaftServerConfigKeys (ConfUtils.java:logGet(46)) - raft.server.rpc.sleep.time = 25ms (default)
2022-08-09 13:51:53,981 [pool-1135-thread-1] INFO  server.RaftServerConfigKeys (ConfUtils.java:logGet(46)) - raft.server.rpc.slowness.timeout = 300s (custom)
2022-08-09 13:51:53,982 [pool-1135-thread-1] INFO  server.RaftServerConfigKeys (ConfUtils.java:logGet(46)) - raft.server.leaderelection.leader.step-down.wait-time = 10s (default)
2022-08-09 13:51:53,982 [pool-1135-thread-1] INFO  server.RaftServerConfigKeys (ConfUtils.java:logGet(46)) - raft.server.sleep.deviation.threshold = 300ms (default)
2022-08-09 13:51:53,982 [pool-1135-thread-1] INFO  server.RaftServer$Division (ServerState.java:<init>(107)) - 719c7f2e-9b3f-4e79-a038-a5c87def3235@group-A8823B900407: ConfigurationManager, init=-1: [7f1d1c94-ff0a-4bb3-a3b2-1e31becb3d9f|rpc:10.1.0.19:34961|priority:0, c4ab506c-e5ff-4630-83c4-92e6a677ee06|rpc:10.1.0.19:36685|priority:1, 719c7f2e-9b3f-4e79-a038-a5c87def3235|rpc:10.1.0.19:41633|priority:0], old=null, confs=<EMPTY_MAP>
2022-08-09 13:51:53,982 [pool-1135-thread-1] INFO  server.RaftServerConfigKeys (ConfUtils.java:logGet(46)) - raft.server.storage.dir = [/home/runner/work/ozone/ozone/hadoop-ozone/integration-test/target/test-dir/MiniOzoneClusterImpl-88f81c17-ef50-42a7-8332-c06519bf32f4/datanode-0/data/ratis] (custom)
2022-08-09 13:51:53,982 [pool-1135-thread-1] INFO  server.RaftServerConfigKeys (ConfUtils.java:logGet(46)) - raft.server.log.corruption.policy = EXCEPTION (default)
2022-08-09 13:51:53,982 [pool-1135-thread-1] INFO  server.RaftServerConfigKeys (ConfUtils.java:logGet(46)) - raft.server.storage.free-space.min = 0MB (=0) (default)
2022-08-09 13:51:53,982 [pool-1135-thread-1] INFO  storage.RaftStorageDirectory (RaftStorageDirectoryImpl.java:analyzeStorage(135)) - The storage directory /home/runner/work/ozone/ozone/hadoop-ozone/integration-test/target/test-dir/MiniOzoneClusterImpl-88f81c17-ef50-42a7-8332-c06519bf32f4/datanode-0/data/ratis/d728a569-6357-43ed-803f-a8823b900407 does not exist. Creating ...
2022-08-09 13:51:53,993 [pool-1135-thread-1] INFO  storage.RaftStorageDirectory (RaftStorageDirectoryImpl.java:tryLock(230)) - Lock on /home/runner/work/ozone/ozone/hadoop-ozone/integration-test/target/test-dir/MiniOzoneClusterImpl-88f81c17-ef50-42a7-8332-c06519bf32f4/datanode-0/data/ratis/d728a569-6357-43ed-803f-a8823b900407/in_use.lock acquired by nodename 10574@fv-az450-466
2022-08-09 13:51:53,997 [pool-1135-thread-1] INFO  storage.RaftStorage (RaftStorageImpl.java:format(89)) - Storage directory /home/runner/work/ozone/ozone/hadoop-ozone/integration-test/target/test-dir/MiniOzoneClusterImpl-88f81c17-ef50-42a7-8332-c06519bf32f4/datanode-0/data/ratis/d728a569-6357-43ed-803f-a8823b900407 has been successfully formatted.
2022-08-09 13:51:53,997 [pool-1135-thread-1] INFO  ratis.ContainerStateMachine (ContainerStateMachine.java:loadSnapshot(236)) - group-A8823B900407: The snapshot info is null. Setting the last applied indexto:(t:0, i:~)
2022-08-09 13:51:53,997 [pool-1135-thread-1] INFO  server.RaftServerConfigKeys (ConfUtils.java:logGet(46)) - raft.server.notification.no-leader.timeout = 300s (custom)
2022-08-09 13:51:53,997 [pool-1135-thread-1] INFO  server.RaftServerConfigKeys (ConfUtils.java:logGet(46)) - raft.server.log.use.memory = false (default)
2022-08-09 13:51:53,997 [pool-1135-thread-1] INFO  server.RaftServerConfigKeys (ConfUtils.java:logGet(46)) - raft.server.log.purge.gap = 1000000 (custom)
2022-08-09 13:51:53,998 [EventQueue-OpenPipelineForHealthyPipelineSafeModeRule] INFO  safemode.SCMSafeModeManager (HealthyPipelineSafeModeRule.java:process(137)) - SCM in safe mode. Healthy pipelines reported count is 0, required healthy pipeline reported count is 1
2022-08-09 13:51:53,998 [pool-1135-thread-1] INFO  server.RaftServerConfigKeys (ConfUtils.java:logGet(46)) - raft.server.log.appender.buffer.byte-limit = 33554432 (custom)
2022-08-09 13:51:53,998 [pool-1135-thread-1] INFO  server.RaftServerConfigKeys (ConfUtils.java:logGet(46)) - raft.server.log.statemachine.data.read.timeout = 1000ms (default)
2022-08-09 13:51:53,998 [pool-1135-thread-1] INFO  server.RaftServerConfigKeys (ConfUtils.java:logGet(46)) - raft.server.log.segment.size.max = 1048576 (custom)
2022-08-09 13:51:53,999 [pool-1135-thread-1] INFO  server.RaftServerConfigKeys (ConfUtils.java:logGet(46)) - raft.server.log.segment.cache.num.max = 2 (custom)
2022-08-09 13:51:53,999 [pool-1135-thread-1] INFO  server.RaftServerConfigKeys (ConfUtils.java:logGet(46)) - raft.server.log.segment.cache.size.max = 200MB (=209715200) (default)
2022-08-09 13:51:53,999 [pool-1135-thread-1] INFO  segmented.SegmentedRaftLogWorker (SegmentedRaftLogWorker.java:<init>(187)) - new 719c7f2e-9b3f-4e79-a038-a5c87def3235@group-A8823B900407-SegmentedRaftLogWorker for RaftStorageImpl:Storage Directory /home/runner/work/ozone/ozone/hadoop-ozone/integration-test/target/test-dir/MiniOzoneClusterImpl-88f81c17-ef50-42a7-8332-c06519bf32f4/datanode-0/data/ratis/d728a569-6357-43ed-803f-a8823b900407
2022-08-09 13:51:53,999 [pool-1135-thread-1] INFO  server.RaftServerConfigKeys (ConfUtils.java:logGet(46)) - raft.server.log.queue.byte-limit = 4294967296 (custom)
2022-08-09 13:51:53,999 [pool-1135-thread-1] INFO  server.RaftServerConfigKeys (ConfUtils.java:logGet(46)) - raft.server.log.queue.element-limit = 1024 (custom)
2022-08-09 13:51:53,999 [pool-1135-thread-1] INFO  server.RaftServerConfigKeys (ConfUtils.java:logGet(46)) - raft.server.log.segment.size.max = 1048576 (custom)
2022-08-09 13:51:53,999 [pool-1135-thread-1] INFO  server.RaftServerConfigKeys (ConfUtils.java:logGet(46)) - raft.server.log.preallocated.size = 16384 (custom)
2022-08-09 13:51:53,999 [pool-1135-thread-1] INFO  server.RaftServerConfigKeys (ConfUtils.java:logGet(46)) - raft.server.log.force.sync.num = 128 (default)
2022-08-09 13:51:53,999 [pool-1135-thread-1] INFO  server.RaftServerConfigKeys (ConfUtils.java:logGet(46)) - raft.server.log.statemachine.data.sync = true (default)
2022-08-09 13:51:53,999 [pool-1135-thread-1] INFO  server.RaftServerConfigKeys (ConfUtils.java:logGet(46)) - raft.server.log.statemachine.data.sync.timeout = 10s (default)
2022-08-09 13:51:53,999 [pool-1135-thread-1] INFO  server.RaftServerConfigKeys (ConfUtils.java:logGet(46)) - raft.server.log.statemachine.data.sync.timeout.retry = -1 (default)
2022-08-09 13:51:54,000 [pool-1135-thread-1] INFO  server.RaftServerConfigKeys (ConfUtils.java:logGet(46)) - raft.server.log.write.buffer.size = 1048576 (custom)
2022-08-09 13:51:54,005 [pool-1135-thread-1] INFO  server.RaftServerConfigKeys (ConfUtils.java:logGet(46)) - raft.server.log.unsafe-flush.enabled = false (default)
2022-08-09 13:51:54,005 [pool-1135-thread-1] INFO  server.RaftServerConfigKeys (ConfUtils.java:logGet(46)) - raft.server.log.statemachine.data.caching.enabled = true (custom)
2022-08-09 13:51:54,006 [pool-1135-thread-1] INFO  segmented.SegmentedRaftLogWorker (SegmentedRaftLogWorker.java:lambda$new$0(135)) - 719c7f2e-9b3f-4e79-a038-a5c87def3235@group-A8823B900407-SegmentedRaftLogWorker: flushIndex: setUnconditionally 0 -> -1
2022-08-09 13:51:54,006 [pool-1135-thread-1] INFO  segmented.SegmentedRaftLogWorker (SegmentedRaftLogWorker.java:lambda$new$0(135)) - 719c7f2e-9b3f-4e79-a038-a5c87def3235@group-A8823B900407-SegmentedRaftLogWorker: safeCacheEvictIndex: setUnconditionally 0 -> -1
2022-08-09 13:51:54,015 [pool-1135-thread-1] INFO  server.RaftServerConfigKeys (ConfUtils.java:logGet(46)) - raft.server.snapshot.auto.trigger.enabled = true (custom)
2022-08-09 13:51:54,015 [pool-1135-thread-1] INFO  server.RaftServerConfigKeys (ConfUtils.java:logGet(46)) - raft.server.snapshot.auto.trigger.threshold = 10000 (custom)
2022-08-09 13:51:54,015 [pool-1135-thread-1] INFO  server.RaftServerConfigKeys (ConfUtils.java:logGet(46)) - raft.server.snapshot.retention.file.num = 5 (custom)
2022-08-09 13:51:54,015 [pool-1135-thread-1] INFO  server.RaftServerConfigKeys (ConfUtils.java:logGet(46)) - raft.server.log.purge.upto.snapshot.index = false (default)
2022-08-09 13:51:54,015 [pool-1135-thread-1] INFO  server.RaftServerConfigKeys (ConfUtils.java:logGet(46)) - raft.server.retrycache.expirytime = 600000ms (custom)
2022-08-09 13:51:54,015 [pool-1135-thread-1] INFO  server.RaftServerConfigKeys (ConfUtils.java:logGet(46)) - raft.server.retrycache.statistics.expirytime = 100μs (default)
2022-08-09 13:51:54,017 [pool-1135-thread-1] INFO  server.RaftServerConfigKeys (ConfUtils.java:logGet(46)) - raft.server.log.appender.install.snapshot.enabled = false (custom)
2022-08-09 13:51:54,017 [pool-1135-thread-1] INFO  server.RaftServerConfigKeys (ConfUtils.java:logGet(46)) - raft.server.threadpool.server.cached = true (default)
2022-08-09 13:51:54,017 [pool-1135-thread-1] INFO  server.RaftServerConfigKeys (ConfUtils.java:logGet(46)) - raft.server.threadpool.server.size = 0 (default)
2022-08-09 13:51:54,017 [pool-1135-thread-1] INFO  server.RaftServerConfigKeys (ConfUtils.java:logGet(46)) - raft.server.threadpool.client.cached = true (default)
2022-08-09 13:51:54,017 [pool-1135-thread-1] INFO  server.RaftServerConfigKeys (ConfUtils.java:logGet(46)) - raft.server.threadpool.client.size = 0 (default)
2022-08-09 13:51:54,021 [pool-1135-thread-1] INFO  server.RaftServer$Division (RaftServerImpl.java:start(310)) - 719c7f2e-9b3f-4e79-a038-a5c87def3235@group-A8823B900407: start as a follower, conf=-1: [7f1d1c94-ff0a-4bb3-a3b2-1e31becb3d9f|rpc:10.1.0.19:34961|priority:0, c4ab506c-e5ff-4630-83c4-92e6a677ee06|rpc:10.1.0.19:36685|priority:1, 719c7f2e-9b3f-4e79-a038-a5c87def3235|rpc:10.1.0.19:41633|priority:0], old=null
2022-08-09 13:51:54,021 [pool-1135-thread-1] INFO  server.RaftServer$Division (RaftServerImpl.java:setRole(299)) - 719c7f2e-9b3f-4e79-a038-a5c87def3235@group-A8823B900407: changes role from      null to FOLLOWER at term 0 for startAsFollower
2022-08-09 13:51:54,021 [pool-1135-thread-1] INFO  impl.RoleInfo (RoleInfo.java:updateAndGet(139)) - 719c7f2e-9b3f-4e79-a038-a5c87def3235: start 719c7f2e-9b3f-4e79-a038-a5c87def3235@group-A8823B900407-FollowerState
2022-08-09 13:51:54,034 [pool-1135-thread-1] INFO  util.JmxRegister (JmxRegister.java:tryRegister(44)) - Successfully registered JMX Bean with object name Ratis:service=RaftServer,group=group-A8823B900407,id=719c7f2e-9b3f-4e79-a038-a5c87def3235
2022-08-09 13:51:54,035 [Command processor thread] INFO  ratis.XceiverServerRatis (XceiverServerRatis.java:addGroup(765)) - Created group PipelineID=d728a569-6357-43ed-803f-a8823b900407
2022-08-09 13:51:54,072 [grpc-default-executor-0] INFO  server.RaftServer (RaftServerProxy.java:addNew(96)) - 7f1d1c94-ff0a-4bb3-a3b2-1e31becb3d9f: addNew group-A8823B900407:[7f1d1c94-ff0a-4bb3-a3b2-1e31becb3d9f|rpc:10.1.0.19:34961|dataStream:|priority:0, c4ab506c-e5ff-4630-83c4-92e6a677ee06|rpc:10.1.0.19:36685|dataStream:|priority:1, 719c7f2e-9b3f-4e79-a038-a5c87def3235|rpc:10.1.0.19:41633|dataStream:|priority:0] returns group-A8823B900407:java.util.concurrent.CompletableFuture@1a7b647f[Not completed]
2022-08-09 13:51:54,073 [pool-1158-thread-1] INFO  server.RaftServer$Division (RaftServerImpl.java:<init>(190)) - 7f1d1c94-ff0a-4bb3-a3b2-1e31becb3d9f: new RaftServerImpl for group-A8823B900407:[7f1d1c94-ff0a-4bb3-a3b2-1e31becb3d9f|rpc:10.1.0.19:34961|dataStream:|priority:0, c4ab506c-e5ff-4630-83c4-92e6a677ee06|rpc:10.1.0.19:36685|dataStream:|priority:1, 719c7f2e-9b3f-4e79-a038-a5c87def3235|rpc:10.1.0.19:41633|dataStream:|priority:0] with ContainerStateMachine:uninitialized
2022-08-09 13:51:54,073 [pool-1158-thread-1] INFO  server.RaftServerConfigKeys (ConfUtils.java:logGet(46)) - raft.server.rpc.timeout.min = 5s (custom)
2022-08-09 13:51:54,073 [pool-1158-thread-1] INFO  server.RaftServerConfigKeys (ConfUtils.java:logGet(46)) - raft.server.rpc.timeout.max = 5200ms (custom)
2022-08-09 13:51:54,073 [pool-1158-thread-1] INFO  server.RaftServerConfigKeys (ConfUtils.java:logGet(46)) - raft.server.rpc.sleep.time = 25ms (default)
2022-08-09 13:51:54,073 [pool-1158-thread-1] INFO  server.RaftServerConfigKeys (ConfUtils.java:logGet(46)) - raft.server.rpc.slowness.timeout = 300s (custom)
2022-08-09 13:51:54,073 [pool-1158-thread-1] INFO  server.RaftServerConfigKeys (ConfUtils.java:logGet(46)) - raft.server.leaderelection.leader.step-down.wait-time = 10s (default)
2022-08-09 13:51:54,073 [pool-1158-thread-1] INFO  server.RaftServerConfigKeys (ConfUtils.java:logGet(46)) - raft.server.sleep.deviation.threshold = 300ms (default)
2022-08-09 13:51:54,073 [pool-1158-thread-1] INFO  server.RaftServer$Division (ServerState.java:<init>(107)) - 7f1d1c94-ff0a-4bb3-a3b2-1e31becb3d9f@group-A8823B900407: ConfigurationManager, init=-1: [7f1d1c94-ff0a-4bb3-a3b2-1e31becb3d9f|rpc:10.1.0.19:34961|dataStream:|priority:0, c4ab506c-e5ff-4630-83c4-92e6a677ee06|rpc:10.1.0.19:36685|dataStream:|priority:1, 719c7f2e-9b3f-4e79-a038-a5c87def3235|rpc:10.1.0.19:41633|dataStream:|priority:0], old=null, confs=<EMPTY_MAP>
2022-08-09 13:51:54,073 [pool-1158-thread-1] INFO  server.RaftServerConfigKeys (ConfUtils.java:logGet(46)) - raft.server.storage.dir = [/home/runner/work/ozone/ozone/hadoop-ozone/integration-test/target/test-dir/MiniOzoneClusterImpl-88f81c17-ef50-42a7-8332-c06519bf32f4/datanode-1/data/ratis] (custom)
2022-08-09 13:51:54,074 [pool-1158-thread-1] INFO  server.RaftServerConfigKeys (ConfUtils.java:logGet(46)) - raft.server.log.corruption.policy = EXCEPTION (default)
2022-08-09 13:51:54,074 [pool-1158-thread-1] INFO  server.RaftServerConfigKeys (ConfUtils.java:logGet(46)) - raft.server.storage.free-space.min = 0MB (=0) (default)
2022-08-09 13:51:54,074 [pool-1158-thread-1] INFO  storage.RaftStorageDirectory (RaftStorageDirectoryImpl.java:analyzeStorage(135)) - The storage directory /home/runner/work/ozone/ozone/hadoop-ozone/integration-test/target/test-dir/MiniOzoneClusterImpl-88f81c17-ef50-42a7-8332-c06519bf32f4/datanode-1/data/ratis/d728a569-6357-43ed-803f-a8823b900407 does not exist. Creating ...
2022-08-09 13:51:54,076 [pool-1158-thread-1] INFO  storage.RaftStorageDirectory (RaftStorageDirectoryImpl.java:tryLock(230)) - Lock on /home/runner/work/ozone/ozone/hadoop-ozone/integration-test/target/test-dir/MiniOzoneClusterImpl-88f81c17-ef50-42a7-8332-c06519bf32f4/datanode-1/data/ratis/d728a569-6357-43ed-803f-a8823b900407/in_use.lock acquired by nodename 10574@fv-az450-466
2022-08-09 13:51:54,079 [pool-1158-thread-1] INFO  storage.RaftStorage (RaftStorageImpl.java:format(89)) - Storage directory /home/runner/work/ozone/ozone/hadoop-ozone/integration-test/target/test-dir/MiniOzoneClusterImpl-88f81c17-ef50-42a7-8332-c06519bf32f4/datanode-1/data/ratis/d728a569-6357-43ed-803f-a8823b900407 has been successfully formatted.
2022-08-09 13:51:54,079 [pool-1158-thread-1] INFO  ratis.ContainerStateMachine (ContainerStateMachine.java:loadSnapshot(236)) - group-A8823B900407: The snapshot info is null. Setting the last applied indexto:(t:0, i:~)
2022-08-09 13:51:54,079 [pool-1158-thread-1] INFO  server.RaftServerConfigKeys (ConfUtils.java:logGet(46)) - raft.server.notification.no-leader.timeout = 300s (custom)
2022-08-09 13:51:54,079 [pool-1158-thread-1] INFO  server.RaftServerConfigKeys (ConfUtils.java:logGet(46)) - raft.server.log.use.memory = false (default)
2022-08-09 13:51:54,079 [pool-1158-thread-1] INFO  server.RaftServerConfigKeys (ConfUtils.java:logGet(46)) - raft.server.log.purge.gap = 1000000 (custom)
2022-08-09 13:51:54,079 [pool-1158-thread-1] INFO  server.RaftServerConfigKeys (ConfUtils.java:logGet(46)) - raft.server.log.appender.buffer.byte-limit = 33554432 (custom)
2022-08-09 13:51:54,079 [pool-1158-thread-1] INFO  server.RaftServerConfigKeys (ConfUtils.java:logGet(46)) - raft.server.log.statemachine.data.read.timeout = 1000ms (default)
2022-08-09 13:51:54,080 [pool-1158-thread-1] INFO  server.RaftServerConfigKeys (ConfUtils.java:logGet(46)) - raft.server.log.segment.size.max = 1048576 (custom)
2022-08-09 13:51:54,080 [pool-1158-thread-1] INFO  server.RaftServerConfigKeys (ConfUtils.java:logGet(46)) - raft.server.log.segment.cache.num.max = 2 (custom)
2022-08-09 13:51:54,080 [pool-1158-thread-1] INFO  server.RaftServerConfigKeys (ConfUtils.java:logGet(46)) - raft.server.log.segment.cache.size.max = 200MB (=209715200) (default)
2022-08-09 13:51:54,080 [pool-1158-thread-1] INFO  segmented.SegmentedRaftLogWorker (SegmentedRaftLogWorker.java:<init>(187)) - new 7f1d1c94-ff0a-4bb3-a3b2-1e31becb3d9f@group-A8823B900407-SegmentedRaftLogWorker for RaftStorageImpl:Storage Directory /home/runner/work/ozone/ozone/hadoop-ozone/integration-test/target/test-dir/MiniOzoneClusterImpl-88f81c17-ef50-42a7-8332-c06519bf32f4/datanode-1/data/ratis/d728a569-6357-43ed-803f-a8823b900407
2022-08-09 13:51:54,080 [pool-1158-thread-1] INFO  server.RaftServerConfigKeys (ConfUtils.java:logGet(46)) - raft.server.log.queue.byte-limit = 4294967296 (custom)
2022-08-09 13:51:54,080 [pool-1158-thread-1] INFO  server.RaftServerConfigKeys (ConfUtils.java:logGet(46)) - raft.server.log.queue.element-limit = 1024 (custom)
2022-08-09 13:51:54,080 [pool-1158-thread-1] INFO  server.RaftServerConfigKeys (ConfUtils.java:logGet(46)) - raft.server.log.segment.size.max = 1048576 (custom)
2022-08-09 13:51:54,080 [pool-1158-thread-1] INFO  server.RaftServerConfigKeys (ConfUtils.java:logGet(46)) - raft.server.log.preallocated.size = 16384 (custom)
2022-08-09 13:51:54,080 [pool-1158-thread-1] INFO  server.RaftServerConfigKeys (ConfUtils.java:logGet(46)) - raft.server.log.force.sync.num = 128 (default)
2022-08-09 13:51:54,080 [pool-1158-thread-1] INFO  server.RaftServerConfigKeys (ConfUtils.java:logGet(46)) - raft.server.log.statemachine.data.sync = true (default)
2022-08-09 13:51:54,080 [pool-1158-thread-1] INFO  server.RaftServerConfigKeys (ConfUtils.java:logGet(46)) - raft.server.log.statemachine.data.sync.timeout = 10s (default)
2022-08-09 13:51:54,080 [pool-1158-thread-1] INFO  server.RaftServerConfigKeys (ConfUtils.java:logGet(46)) - raft.server.log.statemachine.data.sync.timeout.retry = -1 (default)
2022-08-09 13:51:54,081 [pool-1158-thread-1] INFO  server.RaftServerConfigKeys (ConfUtils.java:logGet(46)) - raft.server.log.write.buffer.size = 1048576 (custom)
2022-08-09 13:51:54,082 [pool-1158-thread-1] INFO  server.RaftServerConfigKeys (ConfUtils.java:logGet(46)) - raft.server.log.unsafe-flush.enabled = false (default)
2022-08-09 13:51:54,082 [pool-1158-thread-1] INFO  server.RaftServerConfigKeys (ConfUtils.java:logGet(46)) - raft.server.log.statemachine.data.caching.enabled = true (custom)
2022-08-09 13:51:54,082 [pool-1158-thread-1] INFO  segmented.SegmentedRaftLogWorker (SegmentedRaftLogWorker.java:lambda$new$0(135)) - 7f1d1c94-ff0a-4bb3-a3b2-1e31becb3d9f@group-A8823B900407-SegmentedRaftLogWorker: flushIndex: setUnconditionally 0 -> -1
2022-08-09 13:51:54,082 [pool-1158-thread-1] INFO  segmented.SegmentedRaftLogWorker (SegmentedRaftLogWorker.java:lambda$new$0(135)) - 7f1d1c94-ff0a-4bb3-a3b2-1e31becb3d9f@group-A8823B900407-SegmentedRaftLogWorker: safeCacheEvictIndex: setUnconditionally 0 -> -1
2022-08-09 13:51:54,113 [pool-1158-thread-1] INFO  server.RaftServerConfigKeys (ConfUtils.java:logGet(46)) - raft.server.snapshot.auto.trigger.enabled = true (custom)
2022-08-09 13:51:54,113 [pool-1158-thread-1] INFO  server.RaftServerConfigKeys (ConfUtils.java:logGet(46)) - raft.server.snapshot.auto.trigger.threshold = 10000 (custom)
2022-08-09 13:51:54,113 [pool-1158-thread-1] INFO  server.RaftServerConfigKeys (ConfUtils.java:logGet(46)) - raft.server.snapshot.retention.file.num = 5 (custom)
2022-08-09 13:51:54,113 [pool-1158-thread-1] INFO  server.RaftServerConfigKeys (ConfUtils.java:logGet(46)) - raft.server.log.purge.upto.snapshot.index = false (default)
2022-08-09 13:51:54,113 [pool-1158-thread-1] INFO  server.RaftServerConfigKeys (ConfUtils.java:logGet(46)) - raft.server.retrycache.expirytime = 600000ms (custom)
2022-08-09 13:51:54,113 [pool-1158-thread-1] INFO  server.RaftServerConfigKeys (ConfUtils.java:logGet(46)) - raft.server.retrycache.statistics.expirytime = 100μs (default)
2022-08-09 13:51:54,116 [pool-1158-thread-1] INFO  server.RaftServerConfigKeys (ConfUtils.java:logGet(46)) - raft.server.log.appender.install.snapshot.enabled = false (custom)
2022-08-09 13:51:54,116 [pool-1158-thread-1] INFO  server.RaftServerConfigKeys (ConfUtils.java:logGet(46)) - raft.server.threadpool.server.cached = true (default)
2022-08-09 13:51:54,116 [pool-1158-thread-1] INFO  server.RaftServerConfigKeys (ConfUtils.java:logGet(46)) - raft.server.threadpool.server.size = 0 (default)
2022-08-09 13:51:54,116 [pool-1158-thread-1] INFO  server.RaftServerConfigKeys (ConfUtils.java:logGet(46)) - raft.server.threadpool.client.cached = true (default)
2022-08-09 13:51:54,116 [pool-1158-thread-1] INFO  server.RaftServerConfigKeys (ConfUtils.java:logGet(46)) - raft.server.threadpool.client.size = 0 (default)
2022-08-09 13:51:54,116 [pool-1158-thread-1] INFO  server.RaftServer$Division (RaftServerImpl.java:start(310)) - 7f1d1c94-ff0a-4bb3-a3b2-1e31becb3d9f@group-A8823B900407: start as a follower, conf=-1: [7f1d1c94-ff0a-4bb3-a3b2-1e31becb3d9f|rpc:10.1.0.19:34961|dataStream:|priority:0, c4ab506c-e5ff-4630-83c4-92e6a677ee06|rpc:10.1.0.19:36685|dataStream:|priority:1, 719c7f2e-9b3f-4e79-a038-a5c87def3235|rpc:10.1.0.19:41633|dataStream:|priority:0], old=null
2022-08-09 13:51:54,116 [pool-1158-thread-1] INFO  server.RaftServer$Division (RaftServerImpl.java:setRole(299)) - 7f1d1c94-ff0a-4bb3-a3b2-1e31becb3d9f@group-A8823B900407: changes role from      null to FOLLOWER at term 0 for startAsFollower
2022-08-09 13:51:54,116 [pool-1158-thread-1] INFO  impl.RoleInfo (RoleInfo.java:updateAndGet(139)) - 7f1d1c94-ff0a-4bb3-a3b2-1e31becb3d9f: start 7f1d1c94-ff0a-4bb3-a3b2-1e31becb3d9f@group-A8823B900407-FollowerState
2022-08-09 13:51:54,125 [pool-1158-thread-1] INFO  util.JmxRegister (JmxRegister.java:tryRegister(44)) - Successfully registered JMX Bean with object name Ratis:service=RaftServer,group=group-A8823B900407,id=7f1d1c94-ff0a-4bb3-a3b2-1e31becb3d9f
2022-08-09 13:51:54,175 [grpc-default-executor-0] INFO  server.RaftServer (RaftServerProxy.java:addNew(96)) - c4ab506c-e5ff-4630-83c4-92e6a677ee06: addNew group-A8823B900407:[7f1d1c94-ff0a-4bb3-a3b2-1e31becb3d9f|rpc:10.1.0.19:34961|dataStream:|priority:0, c4ab506c-e5ff-4630-83c4-92e6a677ee06|rpc:10.1.0.19:36685|dataStream:|priority:1, 719c7f2e-9b3f-4e79-a038-a5c87def3235|rpc:10.1.0.19:41633|dataStream:|priority:0] returns group-A8823B900407:java.util.concurrent.CompletableFuture@14d1c66e[Not completed]
2022-08-09 13:51:54,176 [pool-1181-thread-1] INFO  server.RaftServer$Division (RaftServerImpl.java:<init>(190)) - c4ab506c-e5ff-4630-83c4-92e6a677ee06: new RaftServerImpl for group-A8823B900407:[7f1d1c94-ff0a-4bb3-a3b2-1e31becb3d9f|rpc:10.1.0.19:34961|dataStream:|priority:0, c4ab506c-e5ff-4630-83c4-92e6a677ee06|rpc:10.1.0.19:36685|dataStream:|priority:1, 719c7f2e-9b3f-4e79-a038-a5c87def3235|rpc:10.1.0.19:41633|dataStream:|priority:0] with ContainerStateMachine:uninitialized
2022-08-09 13:51:54,176 [pool-1181-thread-1] INFO  server.RaftServerConfigKeys (ConfUtils.java:logGet(46)) - raft.server.rpc.timeout.min = 5s (custom)
2022-08-09 13:51:54,176 [pool-1181-thread-1] INFO  server.RaftServerConfigKeys (ConfUtils.java:logGet(46)) - raft.server.rpc.timeout.max = 5200ms (custom)
2022-08-09 13:51:54,176 [pool-1181-thread-1] INFO  server.RaftServerConfigKeys (ConfUtils.java:logGet(46)) - raft.server.rpc.sleep.time = 25ms (default)
2022-08-09 13:51:54,176 [pool-1181-thread-1] INFO  server.RaftServerConfigKeys (ConfUtils.java:logGet(46)) - raft.server.rpc.slowness.timeout = 300s (custom)
2022-08-09 13:51:54,176 [pool-1181-thread-1] INFO  server.RaftServerConfigKeys (ConfUtils.java:logGet(46)) - raft.server.leaderelection.leader.step-down.wait-time = 10s (default)
2022-08-09 13:51:54,176 [pool-1181-thread-1] INFO  server.RaftServerConfigKeys (ConfUtils.java:logGet(46)) - raft.server.sleep.deviation.threshold = 300ms (default)
2022-08-09 13:51:54,176 [pool-1181-thread-1] INFO  server.RaftServer$Division (ServerState.java:<init>(107)) - c4ab506c-e5ff-4630-83c4-92e6a677ee06@group-A8823B900407: ConfigurationManager, init=-1: [7f1d1c94-ff0a-4bb3-a3b2-1e31becb3d9f|rpc:10.1.0.19:34961|dataStream:|priority:0, c4ab506c-e5ff-4630-83c4-92e6a677ee06|rpc:10.1.0.19:36685|dataStream:|priority:1, 719c7f2e-9b3f-4e79-a038-a5c87def3235|rpc:10.1.0.19:41633|dataStream:|priority:0], old=null, confs=<EMPTY_MAP>
2022-08-09 13:51:54,176 [pool-1181-thread-1] INFO  server.RaftServerConfigKeys (ConfUtils.java:logGet(46)) - raft.server.storage.dir = [/home/runner/work/ozone/ozone/hadoop-ozone/integration-test/target/test-dir/MiniOzoneClusterImpl-88f81c17-ef50-42a7-8332-c06519bf32f4/datanode-2/data/ratis] (custom)
2022-08-09 13:51:54,176 [pool-1181-thread-1] INFO  server.RaftServerConfigKeys (ConfUtils.java:logGet(46)) - raft.server.log.corruption.policy = EXCEPTION (default)
2022-08-09 13:51:54,176 [pool-1181-thread-1] INFO  server.RaftServerConfigKeys (ConfUtils.java:logGet(46)) - raft.server.storage.free-space.min = 0MB (=0) (default)
2022-08-09 13:51:54,176 [pool-1181-thread-1] INFO  storage.RaftStorageDirectory (RaftStorageDirectoryImpl.java:analyzeStorage(135)) - The storage directory /home/runner/work/ozone/ozone/hadoop-ozone/integration-test/target/test-dir/MiniOzoneClusterImpl-88f81c17-ef50-42a7-8332-c06519bf32f4/datanode-2/data/ratis/d728a569-6357-43ed-803f-a8823b900407 does not exist. Creating ...
2022-08-09 13:51:54,184 [pool-1181-thread-1] INFO  storage.RaftStorageDirectory (RaftStorageDirectoryImpl.java:tryLock(230)) - Lock on /home/runner/work/ozone/ozone/hadoop-ozone/integration-test/target/test-dir/MiniOzoneClusterImpl-88f81c17-ef50-42a7-8332-c06519bf32f4/datanode-2/data/ratis/d728a569-6357-43ed-803f-a8823b900407/in_use.lock acquired by nodename 10574@fv-az450-466
2022-08-09 13:51:54,186 [pool-1181-thread-1] INFO  storage.RaftStorage (RaftStorageImpl.java:format(89)) - Storage directory /home/runner/work/ozone/ozone/hadoop-ozone/integration-test/target/test-dir/MiniOzoneClusterImpl-88f81c17-ef50-42a7-8332-c06519bf32f4/datanode-2/data/ratis/d728a569-6357-43ed-803f-a8823b900407 has been successfully formatted.
2022-08-09 13:51:54,186 [pool-1181-thread-1] INFO  ratis.ContainerStateMachine (ContainerStateMachine.java:loadSnapshot(236)) - group-A8823B900407: The snapshot info is null. Setting the last applied indexto:(t:0, i:~)
2022-08-09 13:51:54,187 [pool-1181-thread-1] INFO  server.RaftServerConfigKeys (ConfUtils.java:logGet(46)) - raft.server.notification.no-leader.timeout = 300s (custom)
2022-08-09 13:51:54,187 [pool-1181-thread-1] INFO  server.RaftServerConfigKeys (ConfUtils.java:logGet(46)) - raft.server.log.use.memory = false (default)
2022-08-09 13:51:54,187 [pool-1181-thread-1] INFO  server.RaftServerConfigKeys (ConfUtils.java:logGet(46)) - raft.server.log.purge.gap = 1000000 (custom)
2022-08-09 13:51:54,187 [pool-1181-thread-1] INFO  server.RaftServerConfigKeys (ConfUtils.java:logGet(46)) - raft.server.log.appender.buffer.byte-limit = 33554432 (custom)
2022-08-09 13:51:54,188 [pool-1181-thread-1] INFO  server.RaftServerConfigKeys (ConfUtils.java:logGet(46)) - raft.server.log.statemachine.data.read.timeout = 1000ms (default)
2022-08-09 13:51:54,188 [pool-1181-thread-1] INFO  server.RaftServerConfigKeys (ConfUtils.java:logGet(46)) - raft.server.log.segment.size.max = 1048576 (custom)
2022-08-09 13:51:54,188 [pool-1181-thread-1] INFO  server.RaftServerConfigKeys (ConfUtils.java:logGet(46)) - raft.server.log.segment.cache.num.max = 2 (custom)
2022-08-09 13:51:54,188 [pool-1181-thread-1] INFO  server.RaftServerConfigKeys (ConfUtils.java:logGet(46)) - raft.server.log.segment.cache.size.max = 200MB (=209715200) (default)
2022-08-09 13:51:54,188 [pool-1181-thread-1] INFO  segmented.SegmentedRaftLogWorker (SegmentedRaftLogWorker.java:<init>(187)) - new c4ab506c-e5ff-4630-83c4-92e6a677ee06@group-A8823B900407-SegmentedRaftLogWorker for RaftStorageImpl:Storage Directory /home/runner/work/ozone/ozone/hadoop-ozone/integration-test/target/test-dir/MiniOzoneClusterImpl-88f81c17-ef50-42a7-8332-c06519bf32f4/datanode-2/data/ratis/d728a569-6357-43ed-803f-a8823b900407
2022-08-09 13:51:54,188 [pool-1181-thread-1] INFO  server.RaftServerConfigKeys (ConfUtils.java:logGet(46)) - raft.server.log.queue.byte-limit = 4294967296 (custom)
2022-08-09 13:51:54,188 [pool-1181-thread-1] INFO  server.RaftServerConfigKeys (ConfUtils.java:logGet(46)) - raft.server.log.queue.element-limit = 1024 (custom)
2022-08-09 13:51:54,188 [pool-1181-thread-1] INFO  server.RaftServerConfigKeys (ConfUtils.java:logGet(46)) - raft.server.log.segment.size.max = 1048576 (custom)
2022-08-09 13:51:54,188 [pool-1181-thread-1] INFO  server.RaftServerConfigKeys (ConfUtils.java:logGet(46)) - raft.server.log.preallocated.size = 16384 (custom)
2022-08-09 13:51:54,188 [pool-1181-thread-1] INFO  server.RaftServerConfigKeys (ConfUtils.java:logGet(46)) - raft.server.log.force.sync.num = 128 (default)
2022-08-09 13:51:54,188 [pool-1181-thread-1] INFO  server.RaftServerConfigKeys (ConfUtils.java:logGet(46)) - raft.server.log.statemachine.data.sync = true (default)
2022-08-09 13:51:54,188 [pool-1181-thread-1] INFO  server.RaftServerConfigKeys (ConfUtils.java:logGet(46)) - raft.server.log.statemachine.data.sync.timeout = 10s (default)
2022-08-09 13:51:54,188 [pool-1181-thread-1] INFO  server.RaftServerConfigKeys (ConfUtils.java:logGet(46)) - raft.server.log.statemachine.data.sync.timeout.retry = -1 (default)
2022-08-09 13:51:54,190 [pool-1181-thread-1] INFO  server.RaftServerConfigKeys (ConfUtils.java:logGet(46)) - raft.server.log.write.buffer.size = 1048576 (custom)
2022-08-09 13:51:54,190 [pool-1181-thread-1] INFO  server.RaftServerConfigKeys (ConfUtils.java:logGet(46)) - raft.server.log.unsafe-flush.enabled = false (default)
2022-08-09 13:51:54,190 [pool-1181-thread-1] INFO  server.RaftServerConfigKeys (ConfUtils.java:logGet(46)) - raft.server.log.statemachine.data.caching.enabled = true (custom)
2022-08-09 13:51:54,190 [pool-1181-thread-1] INFO  segmented.SegmentedRaftLogWorker (SegmentedRaftLogWorker.java:lambda$new$0(135)) - c4ab506c-e5ff-4630-83c4-92e6a677ee06@group-A8823B900407-SegmentedRaftLogWorker: flushIndex: setUnconditionally 0 -> -1
2022-08-09 13:51:54,190 [pool-1181-thread-1] INFO  segmented.SegmentedRaftLogWorker (SegmentedRaftLogWorker.java:lambda$new$0(135)) - c4ab506c-e5ff-4630-83c4-92e6a677ee06@group-A8823B900407-SegmentedRaftLogWorker: safeCacheEvictIndex: setUnconditionally 0 -> -1
2022-08-09 13:51:54,191 [pool-1181-thread-1] INFO  server.RaftServerConfigKeys (ConfUtils.java:logGet(46)) - raft.server.snapshot.auto.trigger.enabled = true (custom)
2022-08-09 13:51:54,191 [pool-1181-thread-1] INFO  server.RaftServerConfigKeys (ConfUtils.java:logGet(46)) - raft.server.snapshot.auto.trigger.threshold = 10000 (custom)
2022-08-09 13:51:54,191 [pool-1181-thread-1] INFO  server.RaftServerConfigKeys (ConfUtils.java:logGet(46)) - raft.server.snapshot.retention.file.num = 5 (custom)
2022-08-09 13:51:54,191 [pool-1181-thread-1] INFO  server.RaftServerConfigKeys (ConfUtils.java:logGet(46)) - raft.server.log.purge.upto.snapshot.index = false (default)
2022-08-09 13:51:54,191 [pool-1181-thread-1] INFO  server.RaftServerConfigKeys (ConfUtils.java:logGet(46)) - raft.server.retrycache.expirytime = 600000ms (custom)
2022-08-09 13:51:54,191 [pool-1181-thread-1] INFO  server.RaftServerConfigKeys (ConfUtils.java:logGet(46)) - raft.server.retrycache.statistics.expirytime = 100μs (default)
2022-08-09 13:51:54,192 [pool-1181-thread-1] INFO  server.RaftServerConfigKeys (ConfUtils.java:logGet(46)) - raft.server.log.appender.install.snapshot.enabled = false (custom)
2022-08-09 13:51:54,192 [pool-1181-thread-1] INFO  server.RaftServerConfigKeys (ConfUtils.java:logGet(46)) - raft.server.threadpool.server.cached = true (default)
2022-08-09 13:51:54,192 [pool-1181-thread-1] INFO  server.RaftServerConfigKeys (ConfUtils.java:logGet(46)) - raft.server.threadpool.server.size = 0 (default)
2022-08-09 13:51:54,192 [pool-1181-thread-1] INFO  server.RaftServerConfigKeys (ConfUtils.java:logGet(46)) - raft.server.threadpool.client.cached = true (default)
2022-08-09 13:51:54,192 [pool-1181-thread-1] INFO  server.RaftServerConfigKeys (ConfUtils.java:logGet(46)) - raft.server.threadpool.client.size = 0 (default)
2022-08-09 13:51:54,192 [pool-1181-thread-1] INFO  server.RaftServer$Division (RaftServerImpl.java:start(310)) - c4ab506c-e5ff-4630-83c4-92e6a677ee06@group-A8823B900407: start as a follower, conf=-1: [7f1d1c94-ff0a-4bb3-a3b2-1e31becb3d9f|rpc:10.1.0.19:34961|dataStream:|priority:0, c4ab506c-e5ff-4630-83c4-92e6a677ee06|rpc:10.1.0.19:36685|dataStream:|priority:1, 719c7f2e-9b3f-4e79-a038-a5c87def3235|rpc:10.1.0.19:41633|dataStream:|priority:0], old=null
2022-08-09 13:51:54,192 [pool-1181-thread-1] INFO  server.RaftServer$Division (RaftServerImpl.java:setRole(299)) - c4ab506c-e5ff-4630-83c4-92e6a677ee06@group-A8823B900407: changes role from      null to FOLLOWER at term 0 for startAsFollower
2022-08-09 13:51:54,192 [pool-1181-thread-1] INFO  impl.RoleInfo (RoleInfo.java:updateAndGet(139)) - c4ab506c-e5ff-4630-83c4-92e6a677ee06: start c4ab506c-e5ff-4630-83c4-92e6a677ee06@group-A8823B900407-FollowerState
2022-08-09 13:51:54,193 [pool-1181-thread-1] INFO  util.JmxRegister (JmxRegister.java:tryRegister(44)) - Successfully registered JMX Bean with object name Ratis:service=RaftServer,group=group-A8823B900407,id=c4ab506c-e5ff-4630-83c4-92e6a677ee06
2022-08-09 13:51:54,196 [Command processor thread] INFO  commandhandler.CreatePipelineCommandHandler (CreatePipelineCommandHandler.java:handle(113)) - Created Pipeline RATIS THREE PipelineID=d728a569-6357-43ed-803f-a8823b900407.
2022-08-09 13:51:54,215 [Command processor thread] INFO  server.RaftServer (RaftServerProxy.java:addNew(96)) - 7f1d1c94-ff0a-4bb3-a3b2-1e31becb3d9f: addNew group-F23426A3DDE8:[7f1d1c94-ff0a-4bb3-a3b2-1e31becb3d9f|rpc:10.1.0.19:34961|priority:1] returns group-F23426A3DDE8:java.util.concurrent.CompletableFuture@44d83e4f[Not completed]
2022-08-09 13:51:54,216 [pool-1158-thread-1] INFO  server.RaftServer$Division (RaftServerImpl.java:<init>(190)) - 7f1d1c94-ff0a-4bb3-a3b2-1e31becb3d9f: new RaftServerImpl for group-F23426A3DDE8:[7f1d1c94-ff0a-4bb3-a3b2-1e31becb3d9f|rpc:10.1.0.19:34961|priority:1] with ContainerStateMachine:uninitialized
2022-08-09 13:51:54,216 [pool-1158-thread-1] INFO  server.RaftServerConfigKeys (ConfUtils.java:logGet(46)) - raft.server.rpc.timeout.min = 5s (custom)
2022-08-09 13:51:54,216 [pool-1158-thread-1] INFO  server.RaftServerConfigKeys (ConfUtils.java:logGet(46)) - raft.server.rpc.timeout.max = 5200ms (custom)
2022-08-09 13:51:54,216 [pool-1158-thread-1] INFO  server.RaftServerConfigKeys (ConfUtils.java:logGet(46)) - raft.server.rpc.sleep.time = 25ms (default)
2022-08-09 13:51:54,216 [pool-1158-thread-1] INFO  server.RaftServerConfigKeys (ConfUtils.java:logGet(46)) - raft.server.rpc.slowness.timeout = 300s (custom)
2022-08-09 13:51:54,216 [pool-1158-thread-1] INFO  server.RaftServerConfigKeys (ConfUtils.java:logGet(46)) - raft.server.leaderelection.leader.step-down.wait-time = 10s (default)
2022-08-09 13:51:54,216 [pool-1158-thread-1] INFO  server.RaftServerConfigKeys (ConfUtils.java:logGet(46)) - raft.server.sleep.deviation.threshold = 300ms (default)
2022-08-09 13:51:54,216 [pool-1158-thread-1] INFO  server.RaftServer$Division (ServerState.java:<init>(107)) - 7f1d1c94-ff0a-4bb3-a3b2-1e31becb3d9f@group-F23426A3DDE8: ConfigurationManager, init=-1: [7f1d1c94-ff0a-4bb3-a3b2-1e31becb3d9f|rpc:10.1.0.19:34961|priority:1], old=null, confs=<EMPTY_MAP>
2022-08-09 13:51:54,216 [pool-1158-thread-1] INFO  server.RaftServerConfigKeys (ConfUtils.java:logGet(46)) - raft.server.storage.dir = [/home/runner/work/ozone/ozone/hadoop-ozone/integration-test/target/test-dir/MiniOzoneClusterImpl-88f81c17-ef50-42a7-8332-c06519bf32f4/datanode-1/data/ratis] (custom)
2022-08-09 13:51:54,216 [pool-1158-thread-1] INFO  server.RaftServerConfigKeys (ConfUtils.java:logGet(46)) - raft.server.log.corruption.policy = EXCEPTION (default)
2022-08-09 13:51:54,216 [pool-1158-thread-1] INFO  server.RaftServerConfigKeys (ConfUtils.java:logGet(46)) - raft.server.storage.free-space.min = 0MB (=0) (default)
2022-08-09 13:51:54,217 [pool-1158-thread-1] INFO  storage.RaftStorageDirectory (RaftStorageDirectoryImpl.java:analyzeStorage(135)) - The storage directory /home/runner/work/ozone/ozone/hadoop-ozone/integration-test/target/test-dir/MiniOzoneClusterImpl-88f81c17-ef50-42a7-8332-c06519bf32f4/datanode-1/data/ratis/e65afc9e-8e41-4fc5-9e89-f23426a3dde8 does not exist. Creating ...
2022-08-09 13:51:54,227 [pool-1158-thread-1] INFO  storage.RaftStorageDirectory (RaftStorageDirectoryImpl.java:tryLock(230)) - Lock on /home/runner/work/ozone/ozone/hadoop-ozone/integration-test/target/test-dir/MiniOzoneClusterImpl-88f81c17-ef50-42a7-8332-c06519bf32f4/datanode-1/data/ratis/e65afc9e-8e41-4fc5-9e89-f23426a3dde8/in_use.lock acquired by nodename 10574@fv-az450-466
2022-08-09 13:51:54,233 [pool-1158-thread-1] INFO  storage.RaftStorage (RaftStorageImpl.java:format(89)) - Storage directory /home/runner/work/ozone/ozone/hadoop-ozone/integration-test/target/test-dir/MiniOzoneClusterImpl-88f81c17-ef50-42a7-8332-c06519bf32f4/datanode-1/data/ratis/e65afc9e-8e41-4fc5-9e89-f23426a3dde8 has been successfully formatted.
2022-08-09 13:51:54,234 [pool-1158-thread-1] INFO  ratis.ContainerStateMachine (ContainerStateMachine.java:loadSnapshot(236)) - group-F23426A3DDE8: The snapshot info is null. Setting the last applied indexto:(t:0, i:~)
2022-08-09 13:51:54,234 [pool-1158-thread-1] INFO  server.RaftServerConfigKeys (ConfUtils.java:logGet(46)) - raft.server.notification.no-leader.timeout = 300s (custom)
2022-08-09 13:51:54,234 [pool-1158-thread-1] INFO  server.RaftServerConfigKeys (ConfUtils.java:logGet(46)) - raft.server.log.use.memory = false (default)
2022-08-09 13:51:54,234 [pool-1158-thread-1] INFO  server.RaftServerConfigKeys (ConfUtils.java:logGet(46)) - raft.server.log.purge.gap = 1000000 (custom)
2022-08-09 13:51:54,234 [pool-1158-thread-1] INFO  server.RaftServerConfigKeys (ConfUtils.java:logGet(46)) - raft.server.log.appender.buffer.byte-limit = 33554432 (custom)
2022-08-09 13:51:54,234 [pool-1158-thread-1] INFO  server.RaftServerConfigKeys (ConfUtils.java:logGet(46)) - raft.server.log.statemachine.data.read.timeout = 1000ms (default)
2022-08-09 13:51:54,234 [pool-1158-thread-1] INFO  server.RaftServerConfigKeys (ConfUtils.java:logGet(46)) - raft.server.log.segment.size.max = 1048576 (custom)
2022-08-09 13:51:54,235 [pool-1158-thread-1] INFO  server.RaftServerConfigKeys (ConfUtils.java:logGet(46)) - raft.server.log.segment.cache.num.max = 2 (custom)
2022-08-09 13:51:54,235 [pool-1158-thread-1] INFO  server.RaftServerConfigKeys (ConfUtils.java:logGet(46)) - raft.server.log.segment.cache.size.max = 200MB (=209715200) (default)
2022-08-09 13:51:54,235 [pool-1158-thread-1] INFO  segmented.SegmentedRaftLogWorker (SegmentedRaftLogWorker.java:<init>(187)) - new 7f1d1c94-ff0a-4bb3-a3b2-1e31becb3d9f@group-F23426A3DDE8-SegmentedRaftLogWorker for RaftStorageImpl:Storage Directory /home/runner/work/ozone/ozone/hadoop-ozone/integration-test/target/test-dir/MiniOzoneClusterImpl-88f81c17-ef50-42a7-8332-c06519bf32f4/datanode-1/data/ratis/e65afc9e-8e41-4fc5-9e89-f23426a3dde8
2022-08-09 13:51:54,235 [pool-1158-thread-1] INFO  server.RaftServerConfigKeys (ConfUtils.java:logGet(46)) - raft.server.log.queue.byte-limit = 4294967296 (custom)
2022-08-09 13:51:54,235 [pool-1158-thread-1] INFO  server.RaftServerConfigKeys (ConfUtils.java:logGet(46)) - raft.server.log.queue.element-limit = 1024 (custom)
2022-08-09 13:51:54,235 [pool-1158-thread-1] INFO  server.RaftServerConfigKeys (ConfUtils.java:logGet(46)) - raft.server.log.segment.size.max = 1048576 (custom)
2022-08-09 13:51:54,235 [pool-1158-thread-1] INFO  server.RaftServerConfigKeys (ConfUtils.java:logGet(46)) - raft.server.log.preallocated.size = 16384 (custom)
2022-08-09 13:51:54,235 [pool-1158-thread-1] INFO  server.RaftServerConfigKeys (ConfUtils.java:logGet(46)) - raft.server.log.force.sync.num = 128 (default)
2022-08-09 13:51:54,235 [pool-1158-thread-1] INFO  server.RaftServerConfigKeys (ConfUtils.java:logGet(46)) - raft.server.log.statemachine.data.sync = true (default)
2022-08-09 13:51:54,235 [pool-1158-thread-1] INFO  server.RaftServerConfigKeys (ConfUtils.java:logGet(46)) - raft.server.log.statemachine.data.sync.timeout = 10s (default)
2022-08-09 13:51:54,235 [pool-1158-thread-1] INFO  server.RaftServerConfigKeys (ConfUtils.java:logGet(46)) - raft.server.log.statemachine.data.sync.timeout.retry = -1 (default)
2022-08-09 13:51:54,236 [pool-1158-thread-1] INFO  server.RaftServerConfigKeys (ConfUtils.java:logGet(46)) - raft.server.log.write.buffer.size = 1048576 (custom)
2022-08-09 13:51:54,237 [pool-1158-thread-1] INFO  server.RaftServerConfigKeys (ConfUtils.java:logGet(46)) - raft.server.log.unsafe-flush.enabled = false (default)
2022-08-09 13:51:54,237 [pool-1158-thread-1] INFO  server.RaftServerConfigKeys (ConfUtils.java:logGet(46)) - raft.server.log.statemachine.data.caching.enabled = true (custom)
2022-08-09 13:51:54,238 [EventQueue-PipelineReportForPipelineReportHandler] INFO  pipeline.PipelineManagerImpl (PipelineManagerImpl.java:openPipeline(367)) - Pipeline Pipeline[ Id: e65afc9e-8e41-4fc5-9e89-f23426a3dde8, Nodes: 7f1d1c94-ff0a-4bb3-a3b2-1e31becb3d9f{ip: 10.1.0.19, host: fv-az450-466.jnfmftgkylze5hd05chtbp1i0a.dx.internal.cloudapp.net, ports: [REPLICATION=42931, RATIS=34961, RATIS_ADMIN=34961, RATIS_SERVER=34961, STANDALONE=35779], networkLocation: /default-rack, certSerialId: null, persistedOpState: IN_SERVICE, persistedOpStateExpiryEpochSec: 0}, ReplicationConfig: RATIS/ONE, State:ALLOCATED, leaderId:7f1d1c94-ff0a-4bb3-a3b2-1e31becb3d9f, CreationTimestamp2022-08-09T13:51:51.241Z[Etc/UTC]] moved to OPEN state
2022-08-09 13:51:54,238 [EventQueue-OpenPipelineForHealthyPipelineSafeModeRule] INFO  safemode.SCMSafeModeManager (HealthyPipelineSafeModeRule.java:process(137)) - SCM in safe mode. Healthy pipelines reported count is 0, required healthy pipeline reported count is 1
2022-08-09 13:51:54,241 [pool-1158-thread-1] INFO  segmented.SegmentedRaftLogWorker (SegmentedRaftLogWorker.java:lambda$new$0(135)) - 7f1d1c94-ff0a-4bb3-a3b2-1e31becb3d9f@group-F23426A3DDE8-SegmentedRaftLogWorker: flushIndex: setUnconditionally 0 -> -1
2022-08-09 13:51:54,241 [pool-1158-thread-1] INFO  segmented.SegmentedRaftLogWorker (SegmentedRaftLogWorker.java:lambda$new$0(135)) - 7f1d1c94-ff0a-4bb3-a3b2-1e31becb3d9f@group-F23426A3DDE8-SegmentedRaftLogWorker: safeCacheEvictIndex: setUnconditionally 0 -> -1
2022-08-09 13:51:54,257 [pool-1158-thread-1] INFO  server.RaftServerConfigKeys (ConfUtils.java:logGet(46)) - raft.server.snapshot.auto.trigger.enabled = true (custom)
2022-08-09 13:51:54,257 [pool-1158-thread-1] INFO  server.RaftServerConfigKeys (ConfUtils.java:logGet(46)) - raft.server.snapshot.auto.trigger.threshold = 10000 (custom)
2022-08-09 13:51:54,257 [pool-1158-thread-1] INFO  server.RaftServerConfigKeys (ConfUtils.java:logGet(46)) - raft.server.snapshot.retention.file.num = 5 (custom)
2022-08-09 13:51:54,257 [pool-1158-thread-1] INFO  server.RaftServerConfigKeys (ConfUtils.java:logGet(46)) - raft.server.log.purge.upto.snapshot.index = false (default)
2022-08-09 13:51:54,257 [pool-1158-thread-1] INFO  server.RaftServerConfigKeys (ConfUtils.java:logGet(46)) - raft.server.retrycache.expirytime = 600000ms (custom)
2022-08-09 13:51:54,257 [pool-1158-thread-1] INFO  server.RaftServerConfigKeys (ConfUtils.java:logGet(46)) - raft.server.retrycache.statistics.expirytime = 100μs (default)
2022-08-09 13:51:54,259 [pool-1158-thread-1] INFO  server.RaftServerConfigKeys (ConfUtils.java:logGet(46)) - raft.server.log.appender.install.snapshot.enabled = false (custom)
2022-08-09 13:51:54,259 [pool-1158-thread-1] INFO  server.RaftServerConfigKeys (ConfUtils.java:logGet(46)) - raft.server.threadpool.server.cached = true (default)
2022-08-09 13:51:54,259 [pool-1158-thread-1] INFO  server.RaftServerConfigKeys (ConfUtils.java:logGet(46)) - raft.server.threadpool.server.size = 0 (default)
2022-08-09 13:51:54,259 [pool-1158-thread-1] INFO  server.RaftServerConfigKeys (ConfUtils.java:logGet(46)) - raft.server.threadpool.client.cached = true (default)
2022-08-09 13:51:54,259 [pool-1158-thread-1] INFO  server.RaftServerConfigKeys (ConfUtils.java:logGet(46)) - raft.server.threadpool.client.size = 0 (default)
2022-08-09 13:51:54,259 [pool-1158-thread-1] INFO  server.RaftServer$Division (RaftServerImpl.java:start(310)) - 7f1d1c94-ff0a-4bb3-a3b2-1e31becb3d9f@group-F23426A3DDE8: start as a follower, conf=-1: [7f1d1c94-ff0a-4bb3-a3b2-1e31becb3d9f|rpc:10.1.0.19:34961|priority:1], old=null
2022-08-09 13:51:54,259 [pool-1158-thread-1] INFO  server.RaftServer$Division (RaftServerImpl.java:setRole(299)) - 7f1d1c94-ff0a-4bb3-a3b2-1e31becb3d9f@group-F23426A3DDE8: changes role from      null to FOLLOWER at term 0 for startAsFollower
2022-08-09 13:51:54,259 [pool-1158-thread-1] INFO  impl.RoleInfo (RoleInfo.java:updateAndGet(139)) - 7f1d1c94-ff0a-4bb3-a3b2-1e31becb3d9f: start 7f1d1c94-ff0a-4bb3-a3b2-1e31becb3d9f@group-F23426A3DDE8-FollowerState
2022-08-09 13:51:54,261 [pool-1158-thread-1] INFO  util.JmxRegister (JmxRegister.java:tryRegister(44)) - Successfully registered JMX Bean with object name Ratis:service=RaftServer,group=group-F23426A3DDE8,id=7f1d1c94-ff0a-4bb3-a3b2-1e31becb3d9f
2022-08-09 13:51:54,281 [Command processor thread] INFO  ratis.XceiverServerRatis (XceiverServerRatis.java:addGroup(765)) - Created group PipelineID=e65afc9e-8e41-4fc5-9e89-f23426a3dde8
2022-08-09 13:51:54,281 [Command processor thread] INFO  commandhandler.CreatePipelineCommandHandler (CreatePipelineCommandHandler.java:handle(113)) - Created Pipeline RATIS ONE PipelineID=e65afc9e-8e41-4fc5-9e89-f23426a3dde8.
2022-08-09 13:51:54,929 [Listener at 127.0.0.1/44079] INFO  ozone.MiniOzoneClusterImpl (MiniOzoneClusterImpl.java:lambda$waitForClusterToBeReady$0(216)) - Waiting for nodes to be ready. Got 4 of 5 DN Heartbeats.
2022-08-09 13:51:54,929 [Listener at 127.0.0.1/44079] INFO  ozone.MiniOzoneClusterImpl (MiniOzoneClusterImpl.java:lambda$waitForClusterToBeReady$0(219)) - Waiting for cluster to exit safe mode
2022-08-09 13:51:54,929 [Listener at 127.0.0.1/44079] INFO  ozone.MiniOzoneClusterImpl (MiniOzoneClusterImpl.java:lambda$waitForClusterToBeReady$0(221)) - SCM became leader
2022-08-09 13:51:55,002 [IPC Server handler 5 on default port 36105] INFO  net.NetworkTopologyImpl (NetworkTopologyImpl.java:add(112)) - Added a new node: /default-rack/3bac5bb1-bc16-454d-9924-1bb7373e00e4
2022-08-09 13:51:55,002 [IPC Server handler 5 on default port 36105] INFO  node.SCMNodeManager (SCMNodeManager.java:register(397)) - Registered Data node : 3bac5bb1-bc16-454d-9924-1bb7373e00e4{ip: 10.1.0.19, host: fv-az450-466.jnfmftgkylze5hd05chtbp1i0a.dx.internal.cloudapp.net, ports: [REPLICATION=46845, RATIS=37547, RATIS_ADMIN=37547, RATIS_SERVER=37547, STANDALONE=38575], networkLocation: /default-rack, certSerialId: null, persistedOpState: null, persistedOpStateExpiryEpochSec: 0}
2022-08-09 13:51:55,002 [EventQueue-NewNodeForNewNodeHandler] INFO  pipeline.BackgroundPipelineCreator (BackgroundPipelineCreator.java:notifyEventTriggered(276)) - trigger a one-shot run on RatisPipelineUtilsThread.
2022-08-09 13:51:55,002 [RatisPipelineUtilsThread - 0] INFO  pipeline.RatisPipelineProvider (RatisPipelineProvider.java:lambda$create$0(195)) - Sending CreatePipelineCommand for pipeline:PipelineID=4158e0f5-a9f7-49a8-8bef-dae1647752ac to datanode:3bac5bb1-bc16-454d-9924-1bb7373e00e4
2022-08-09 13:51:55,003 [RatisPipelineUtilsThread - 0] INFO  pipeline.PipelineStateManagerImpl (PipelineStateManagerImpl.java:addPipeline(103)) - Created pipeline Pipeline[ Id: 4158e0f5-a9f7-49a8-8bef-dae1647752ac, Nodes: 3bac5bb1-bc16-454d-9924-1bb7373e00e4{ip: 10.1.0.19, host: fv-az450-466.jnfmftgkylze5hd05chtbp1i0a.dx.internal.cloudapp.net, ports: [REPLICATION=46845, RATIS=37547, RATIS_ADMIN=37547, RATIS_SERVER=37547, STANDALONE=38575], networkLocation: /default-rack, certSerialId: null, persistedOpState: IN_SERVICE, persistedOpStateExpiryEpochSec: 0}, ReplicationConfig: RATIS/ONE, State:ALLOCATED, leaderId:, CreationTimestamp2022-08-09T13:51:55.002Z[Etc/UTC]].
2022-08-09 13:51:55,204 [Command processor thread] INFO  server.RaftServer (RaftServerProxy.java:addNew(96)) - c4ab506c-e5ff-4630-83c4-92e6a677ee06: addNew group-26D9798B3C42:[c4ab506c-e5ff-4630-83c4-92e6a677ee06|rpc:10.1.0.19:36685|priority:1] returns group-26D9798B3C42:java.util.concurrent.CompletableFuture@339498b5[Not completed]
2022-08-09 13:51:55,205 [pool-1181-thread-1] INFO  server.RaftServer$Division (RaftServerImpl.java:<init>(190)) - c4ab506c-e5ff-4630-83c4-92e6a677ee06: new RaftServerImpl for group-26D9798B3C42:[c4ab506c-e5ff-4630-83c4-92e6a677ee06|rpc:10.1.0.19:36685|priority:1] with ContainerStateMachine:uninitialized
2022-08-09 13:51:55,205 [pool-1181-thread-1] INFO  server.RaftServerConfigKeys (ConfUtils.java:logGet(46)) - raft.server.rpc.timeout.min = 5s (custom)
2022-08-09 13:51:55,205 [pool-1181-thread-1] INFO  server.RaftServerConfigKeys (ConfUtils.java:logGet(46)) - raft.server.rpc.timeout.max = 5200ms (custom)
2022-08-09 13:51:55,205 [pool-1181-thread-1] INFO  server.RaftServerConfigKeys (ConfUtils.java:logGet(46)) - raft.server.rpc.sleep.time = 25ms (default)
2022-08-09 13:51:55,205 [pool-1181-thread-1] INFO  server.RaftServerConfigKeys (ConfUtils.java:logGet(46)) - raft.server.rpc.slowness.timeout = 300s (custom)
2022-08-09 13:51:55,205 [pool-1181-thread-1] INFO  server.RaftServerConfigKeys (ConfUtils.java:logGet(46)) - raft.server.leaderelection.leader.step-down.wait-time = 10s (default)
2022-08-09 13:51:55,205 [pool-1181-thread-1] INFO  server.RaftServerConfigKeys (ConfUtils.java:logGet(46)) - raft.server.sleep.deviation.threshold = 300ms (default)
2022-08-09 13:51:55,205 [pool-1181-thread-1] INFO  server.RaftServer$Division (ServerState.java:<init>(107)) - c4ab506c-e5ff-4630-83c4-92e6a677ee06@group-26D9798B3C42: ConfigurationManager, init=-1: [c4ab506c-e5ff-4630-83c4-92e6a677ee06|rpc:10.1.0.19:36685|priority:1], old=null, confs=<EMPTY_MAP>
2022-08-09 13:51:55,205 [pool-1181-thread-1] INFO  server.RaftServerConfigKeys (ConfUtils.java:logGet(46)) - raft.server.storage.dir = [/home/runner/work/ozone/ozone/hadoop-ozone/integration-test/target/test-dir/MiniOzoneClusterImpl-88f81c17-ef50-42a7-8332-c06519bf32f4/datanode-2/data/ratis] (custom)
2022-08-09 13:51:55,205 [pool-1181-thread-1] INFO  server.RaftServerConfigKeys (ConfUtils.java:logGet(46)) - raft.server.log.corruption.policy = EXCEPTION (default)
2022-08-09 13:51:55,205 [pool-1181-thread-1] INFO  server.RaftServerConfigKeys (ConfUtils.java:logGet(46)) - raft.server.storage.free-space.min = 0MB (=0) (default)
2022-08-09 13:51:55,206 [pool-1181-thread-1] INFO  storage.RaftStorageDirectory (RaftStorageDirectoryImpl.java:analyzeStorage(135)) - The storage directory /home/runner/work/ozone/ozone/hadoop-ozone/integration-test/target/test-dir/MiniOzoneClusterImpl-88f81c17-ef50-42a7-8332-c06519bf32f4/datanode-2/data/ratis/138974ce-5373-47f8-aaff-26d9798b3c42 does not exist. Creating ...
2022-08-09 13:51:55,213 [pool-1181-thread-1] INFO  storage.RaftStorageDirectory (RaftStorageDirectoryImpl.java:tryLock(230)) - Lock on /home/runner/work/ozone/ozone/hadoop-ozone/integration-test/target/test-dir/MiniOzoneClusterImpl-88f81c17-ef50-42a7-8332-c06519bf32f4/datanode-2/data/ratis/138974ce-5373-47f8-aaff-26d9798b3c42/in_use.lock acquired by nodename 10574@fv-az450-466
2022-08-09 13:51:55,214 [pool-1181-thread-1] INFO  storage.RaftStorage (RaftStorageImpl.java:format(89)) - Storage directory /home/runner/work/ozone/ozone/hadoop-ozone/integration-test/target/test-dir/MiniOzoneClusterImpl-88f81c17-ef50-42a7-8332-c06519bf32f4/datanode-2/data/ratis/138974ce-5373-47f8-aaff-26d9798b3c42 has been successfully formatted.
2022-08-09 13:51:55,215 [EventQueue-PipelineReportForPipelineReportHandler] INFO  pipeline.PipelineManagerImpl (PipelineManagerImpl.java:openPipeline(367)) - Pipeline Pipeline[ Id: 138974ce-5373-47f8-aaff-26d9798b3c42, Nodes: c4ab506c-e5ff-4630-83c4-92e6a677ee06{ip: 10.1.0.19, host: fv-az450-466.jnfmftgkylze5hd05chtbp1i0a.dx.internal.cloudapp.net, ports: [REPLICATION=33147, RATIS=36685, RATIS_ADMIN=36685, RATIS_SERVER=36685, STANDALONE=46865], networkLocation: /default-rack, certSerialId: null, persistedOpState: IN_SERVICE, persistedOpStateExpiryEpochSec: 0}, ReplicationConfig: RATIS/ONE, State:ALLOCATED, leaderId:c4ab506c-e5ff-4630-83c4-92e6a677ee06, CreationTimestamp2022-08-09T13:51:52.204Z[Etc/UTC]] moved to OPEN state
2022-08-09 13:51:55,216 [EventQueue-OpenPipelineForHealthyPipelineSafeModeRule] INFO  safemode.SCMSafeModeManager (HealthyPipelineSafeModeRule.java:process(137)) - SCM in safe mode. Healthy pipelines reported count is 0, required healthy pipeline reported count is 1
2022-08-09 13:51:55,216 [pool-1181-thread-1] INFO  ratis.ContainerStateMachine (ContainerStateMachine.java:loadSnapshot(236)) - group-26D9798B3C42: The snapshot info is null. Setting the last applied indexto:(t:0, i:~)
2022-08-09 13:51:55,216 [pool-1181-thread-1] INFO  server.RaftServerConfigKeys (ConfUtils.java:logGet(46)) - raft.server.notification.no-leader.timeout = 300s (custom)
2022-08-09 13:51:55,216 [pool-1181-thread-1] INFO  server.RaftServerConfigKeys (ConfUtils.java:logGet(46)) - raft.server.log.use.memory = false (default)
2022-08-09 13:51:55,216 [pool-1181-thread-1] INFO  server.RaftServerConfigKeys (ConfUtils.java:logGet(46)) - raft.server.log.purge.gap = 1000000 (custom)
2022-08-09 13:51:55,216 [pool-1181-thread-1] INFO  server.RaftServerConfigKeys (ConfUtils.java:logGet(46)) - raft.server.log.appender.buffer.byte-limit = 33554432 (custom)
2022-08-09 13:51:55,216 [pool-1181-thread-1] INFO  server.RaftServerConfigKeys (ConfUtils.java:logGet(46)) - raft.server.log.statemachine.data.read.timeout = 1000ms (default)
2022-08-09 13:51:55,216 [pool-1181-thread-1] INFO  server.RaftServerConfigKeys (ConfUtils.java:logGet(46)) - raft.server.log.segment.size.max = 1048576 (custom)
2022-08-09 13:51:55,217 [pool-1181-thread-1] INFO  server.RaftServerConfigKeys (ConfUtils.java:logGet(46)) - raft.server.log.segment.cache.num.max = 2 (custom)
2022-08-09 13:51:55,217 [pool-1181-thread-1] INFO  server.RaftServerConfigKeys (ConfUtils.java:logGet(46)) - raft.server.log.segment.cache.size.max = 200MB (=209715200) (default)
2022-08-09 13:51:55,217 [pool-1181-thread-1] INFO  segmented.SegmentedRaftLogWorker (SegmentedRaftLogWorker.java:<init>(187)) - new c4ab506c-e5ff-4630-83c4-92e6a677ee06@group-26D9798B3C42-SegmentedRaftLogWorker for RaftStorageImpl:Storage Directory /home/runner/work/ozone/ozone/hadoop-ozone/integration-test/target/test-dir/MiniOzoneClusterImpl-88f81c17-ef50-42a7-8332-c06519bf32f4/datanode-2/data/ratis/138974ce-5373-47f8-aaff-26d9798b3c42
2022-08-09 13:51:55,217 [pool-1181-thread-1] INFO  server.RaftServerConfigKeys (ConfUtils.java:logGet(46)) - raft.server.log.queue.byte-limit = 4294967296 (custom)
2022-08-09 13:51:55,217 [pool-1181-thread-1] INFO  server.RaftServerConfigKeys (ConfUtils.java:logGet(46)) - raft.server.log.queue.element-limit = 1024 (custom)
2022-08-09 13:51:55,217 [pool-1181-thread-1] INFO  server.RaftServerConfigKeys (ConfUtils.java:logGet(46)) - raft.server.log.segment.size.max = 1048576 (custom)
2022-08-09 13:51:55,217 [pool-1181-thread-1] INFO  server.RaftServerConfigKeys (ConfUtils.java:logGet(46)) - raft.server.log.preallocated.size = 16384 (custom)
2022-08-09 13:51:55,217 [pool-1181-thread-1] INFO  server.RaftServerConfigKeys (ConfUtils.java:logGet(46)) - raft.server.log.force.sync.num = 128 (default)
2022-08-09 13:51:55,217 [pool-1181-thread-1] INFO  server.RaftServerConfigKeys (ConfUtils.java:logGet(46)) - raft.server.log.statemachine.data.sync = true (default)
2022-08-09 13:51:55,217 [pool-1181-thread-1] INFO  server.RaftServerConfigKeys (ConfUtils.java:logGet(46)) - raft.server.log.statemachine.data.sync.timeout = 10s (default)
2022-08-09 13:51:55,217 [pool-1181-thread-1] INFO  server.RaftServerConfigKeys (ConfUtils.java:logGet(46)) - raft.server.log.statemachine.data.sync.timeout.retry = -1 (default)
2022-08-09 13:51:55,218 [pool-1181-thread-1] INFO  server.RaftServerConfigKeys (ConfUtils.java:logGet(46)) - raft.server.log.write.buffer.size = 1048576 (custom)
2022-08-09 13:51:55,219 [pool-1181-thread-1] INFO  server.RaftServerConfigKeys (ConfUtils.java:logGet(46)) - raft.server.log.unsafe-flush.enabled = false (default)
2022-08-09 13:51:55,219 [pool-1181-thread-1] INFO  server.RaftServerConfigKeys (ConfUtils.java:logGet(46)) - raft.server.log.statemachine.data.caching.enabled = true (custom)
2022-08-09 13:51:55,219 [pool-1181-thread-1] INFO  segmented.SegmentedRaftLogWorker (SegmentedRaftLogWorker.java:lambda$new$0(135)) - c4ab506c-e5ff-4630-83c4-92e6a677ee06@group-26D9798B3C42-SegmentedRaftLogWorker: flushIndex: setUnconditionally 0 -> -1
2022-08-09 13:51:55,219 [pool-1181-thread-1] INFO  segmented.SegmentedRaftLogWorker (SegmentedRaftLogWorker.java:lambda$new$0(135)) - c4ab506c-e5ff-4630-83c4-92e6a677ee06@group-26D9798B3C42-SegmentedRaftLogWorker: safeCacheEvictIndex: setUnconditionally 0 -> -1
2022-08-09 13:51:55,225 [pool-1181-thread-1] INFO  server.RaftServerConfigKeys (ConfUtils.java:logGet(46)) - raft.server.snapshot.auto.trigger.enabled = true (custom)
2022-08-09 13:51:55,225 [pool-1181-thread-1] INFO  server.RaftServerConfigKeys (ConfUtils.java:logGet(46)) - raft.server.snapshot.auto.trigger.threshold = 10000 (custom)
2022-08-09 13:51:55,225 [pool-1181-thread-1] INFO  server.RaftServerConfigKeys (ConfUtils.java:logGet(46)) - raft.server.snapshot.retention.file.num = 5 (custom)
2022-08-09 13:51:55,225 [pool-1181-thread-1] INFO  server.RaftServerConfigKeys (ConfUtils.java:logGet(46)) - raft.server.log.purge.upto.snapshot.index = false (default)
2022-08-09 13:51:55,225 [pool-1181-thread-1] INFO  server.RaftServerConfigKeys (ConfUtils.java:logGet(46)) - raft.server.retrycache.expirytime = 600000ms (custom)
2022-08-09 13:51:55,225 [pool-1181-thread-1] INFO  server.RaftServerConfigKeys (ConfUtils.java:logGet(46)) - raft.server.retrycache.statistics.expirytime = 100μs (default)
2022-08-09 13:51:55,226 [pool-1181-thread-1] INFO  server.RaftServerConfigKeys (ConfUtils.java:logGet(46)) - raft.server.log.appender.install.snapshot.enabled = false (custom)
2022-08-09 13:51:55,226 [pool-1181-thread-1] INFO  server.RaftServerConfigKeys (ConfUtils.java:logGet(46)) - raft.server.threadpool.server.cached = true (default)
2022-08-09 13:51:55,227 [pool-1181-thread-1] INFO  server.RaftServerConfigKeys (ConfUtils.java:logGet(46)) - raft.server.threadpool.server.size = 0 (default)
2022-08-09 13:51:55,227 [pool-1181-thread-1] INFO  server.RaftServerConfigKeys (ConfUtils.java:logGet(46)) - raft.server.threadpool.client.cached = true (default)
2022-08-09 13:51:55,227 [pool-1181-thread-1] INFO  server.RaftServerConfigKeys (ConfUtils.java:logGet(46)) - raft.server.threadpool.client.size = 0 (default)
2022-08-09 13:51:55,227 [pool-1181-thread-1] INFO  server.RaftServer$Division (RaftServerImpl.java:start(310)) - c4ab506c-e5ff-4630-83c4-92e6a677ee06@group-26D9798B3C42: start as a follower, conf=-1: [c4ab506c-e5ff-4630-83c4-92e6a677ee06|rpc:10.1.0.19:36685|priority:1], old=null
2022-08-09 13:51:55,227 [pool-1181-thread-1] INFO  server.RaftServer$Division (RaftServerImpl.java:setRole(299)) - c4ab506c-e5ff-4630-83c4-92e6a677ee06@group-26D9798B3C42: changes role from      null to FOLLOWER at term 0 for startAsFollower
2022-08-09 13:51:55,227 [pool-1181-thread-1] INFO  impl.RoleInfo (RoleInfo.java:updateAndGet(139)) - c4ab506c-e5ff-4630-83c4-92e6a677ee06: start c4ab506c-e5ff-4630-83c4-92e6a677ee06@group-26D9798B3C42-FollowerState
2022-08-09 13:51:55,227 [pool-1181-thread-1] INFO  util.JmxRegister (JmxRegister.java:tryRegister(44)) - Successfully registered JMX Bean with object name Ratis:service=RaftServer,group=group-26D9798B3C42,id=c4ab506c-e5ff-4630-83c4-92e6a677ee06
2022-08-09 13:51:55,228 [Command processor thread] INFO  ratis.XceiverServerRatis (XceiverServerRatis.java:addGroup(765)) - Created group PipelineID=138974ce-5373-47f8-aaff-26d9798b3c42
2022-08-09 13:51:55,228 [Command processor thread] INFO  commandhandler.CreatePipelineCommandHandler (CreatePipelineCommandHandler.java:handle(113)) - Created Pipeline RATIS ONE PipelineID=138974ce-5373-47f8-aaff-26d9798b3c42.
2022-08-09 13:51:55,930 [Listener at 127.0.0.1/44079] INFO  ozone.MiniOzoneClusterImpl (MiniOzoneClusterImpl.java:lambda$waitForClusterToBeReady$0(216)) - Nodes are ready. Got 5 of 5 DN Heartbeats.
2022-08-09 13:51:55,930 [Listener at 127.0.0.1/44079] INFO  ozone.MiniOzoneClusterImpl (MiniOzoneClusterImpl.java:lambda$waitForClusterToBeReady$0(219)) - Waiting for cluster to exit safe mode
2022-08-09 13:51:55,930 [Listener at 127.0.0.1/44079] INFO  ozone.MiniOzoneClusterImpl (MiniOzoneClusterImpl.java:lambda$waitForClusterToBeReady$0(221)) - SCM became leader
2022-08-09 13:51:56,351 [OverReplicatedQueueThreadThread] INFO  replication.OverReplicatedProcessor (OverReplicatedProcessor.java:processAll(83)) - Processed 0 over replicated containers, failed processing 0
2022-08-09 13:51:56,359 [UnderReplicatedQueueThreadThread] INFO  replication.UnderReplicatedProcessor (UnderReplicatedProcessor.java:processAll(85)) - Processed 0 under replicated containers, failed processing 0
2022-08-09 13:51:56,663 [Command processor thread] INFO  server.RaftServer (RaftServerProxy.java:addNew(96)) - d404f66d-97e2-4d92-a65f-8c5f8d00df6e: addNew group-449221AC0774:[d404f66d-97e2-4d92-a65f-8c5f8d00df6e|rpc:10.1.0.19:38445|priority:1] returns group-449221AC0774:java.util.concurrent.CompletableFuture@66dabff0[Not completed]
2022-08-09 13:51:56,675 [pool-1209-thread-1] INFO  server.RaftServer$Division (RaftServerImpl.java:<init>(190)) - d404f66d-97e2-4d92-a65f-8c5f8d00df6e: new RaftServerImpl for group-449221AC0774:[d404f66d-97e2-4d92-a65f-8c5f8d00df6e|rpc:10.1.0.19:38445|priority:1] with ContainerStateMachine:uninitialized
2022-08-09 13:51:56,675 [pool-1209-thread-1] INFO  server.RaftServerConfigKeys (ConfUtils.java:logGet(46)) - raft.server.rpc.timeout.min = 5s (custom)
2022-08-09 13:51:56,676 [pool-1209-thread-1] INFO  server.RaftServerConfigKeys (ConfUtils.java:logGet(46)) - raft.server.rpc.timeout.max = 5200ms (custom)
2022-08-09 13:51:56,676 [pool-1209-thread-1] INFO  server.RaftServerConfigKeys (ConfUtils.java:logGet(46)) - raft.server.rpc.sleep.time = 25ms (default)
2022-08-09 13:51:56,676 [pool-1209-thread-1] INFO  server.RaftServerConfigKeys (ConfUtils.java:logGet(46)) - raft.server.rpc.slowness.timeout = 300s (custom)
2022-08-09 13:51:56,676 [pool-1209-thread-1] INFO  server.RaftServerConfigKeys (ConfUtils.java:logGet(46)) - raft.server.leaderelection.leader.step-down.wait-time = 10s (default)
2022-08-09 13:51:56,676 [pool-1209-thread-1] INFO  server.RaftServerConfigKeys (ConfUtils.java:logGet(46)) - raft.server.sleep.deviation.threshold = 300ms (default)
2022-08-09 13:51:56,693 [pool-1209-thread-1] INFO  server.RaftServer$Division (ServerState.java:<init>(107)) - d404f66d-97e2-4d92-a65f-8c5f8d00df6e@group-449221AC0774: ConfigurationManager, init=-1: [d404f66d-97e2-4d92-a65f-8c5f8d00df6e|rpc:10.1.0.19:38445|priority:1], old=null, confs=<EMPTY_MAP>
2022-08-09 13:51:56,693 [pool-1209-thread-1] INFO  server.RaftServerConfigKeys (ConfUtils.java:logGet(46)) - raft.server.storage.dir = [/home/runner/work/ozone/ozone/hadoop-ozone/integration-test/target/test-dir/MiniOzoneClusterImpl-88f81c17-ef50-42a7-8332-c06519bf32f4/datanode-3/data/ratis] (custom)
2022-08-09 13:51:56,693 [pool-1209-thread-1] INFO  server.RaftServerConfigKeys (ConfUtils.java:logGet(46)) - raft.server.log.corruption.policy = EXCEPTION (default)
2022-08-09 13:51:56,693 [pool-1209-thread-1] INFO  server.RaftServerConfigKeys (ConfUtils.java:logGet(46)) - raft.server.storage.free-space.min = 0MB (=0) (default)
2022-08-09 13:51:56,693 [pool-1209-thread-1] INFO  storage.RaftStorageDirectory (RaftStorageDirectoryImpl.java:analyzeStorage(135)) - The storage directory /home/runner/work/ozone/ozone/hadoop-ozone/integration-test/target/test-dir/MiniOzoneClusterImpl-88f81c17-ef50-42a7-8332-c06519bf32f4/datanode-3/data/ratis/90e0ad31-aa17-44d6-900f-449221ac0774 does not exist. Creating ...
2022-08-09 13:51:56,694 [pool-1209-thread-1] INFO  storage.RaftStorageDirectory (RaftStorageDirectoryImpl.java:tryLock(230)) - Lock on /home/runner/work/ozone/ozone/hadoop-ozone/integration-test/target/test-dir/MiniOzoneClusterImpl-88f81c17-ef50-42a7-8332-c06519bf32f4/datanode-3/data/ratis/90e0ad31-aa17-44d6-900f-449221ac0774/in_use.lock acquired by nodename 10574@fv-az450-466
2022-08-09 13:51:56,695 [pool-1209-thread-1] INFO  storage.RaftStorage (RaftStorageImpl.java:format(89)) - Storage directory /home/runner/work/ozone/ozone/hadoop-ozone/integration-test/target/test-dir/MiniOzoneClusterImpl-88f81c17-ef50-42a7-8332-c06519bf32f4/datanode-3/data/ratis/90e0ad31-aa17-44d6-900f-449221ac0774 has been successfully formatted.
2022-08-09 13:51:56,724 [EventQueue-PipelineReportForPipelineReportHandler] INFO  pipeline.PipelineManagerImpl (PipelineManagerImpl.java:openPipeline(367)) - Pipeline Pipeline[ Id: 90e0ad31-aa17-44d6-900f-449221ac0774, Nodes: d404f66d-97e2-4d92-a65f-8c5f8d00df6e{ip: 10.1.0.19, host: fv-az450-466.jnfmftgkylze5hd05chtbp1i0a.dx.internal.cloudapp.net, ports: [REPLICATION=46717, RATIS=38445, RATIS_ADMIN=38445, RATIS_SERVER=38445, STANDALONE=45073], networkLocation: /default-rack, certSerialId: null, persistedOpState: IN_SERVICE, persistedOpStateExpiryEpochSec: 0}, ReplicationConfig: RATIS/ONE, State:ALLOCATED, leaderId:d404f66d-97e2-4d92-a65f-8c5f8d00df6e, CreationTimestamp2022-08-09T13:51:53.670Z[Etc/UTC]] moved to OPEN state
2022-08-09 13:51:56,724 [EventQueue-OpenPipelineForHealthyPipelineSafeModeRule] INFO  safemode.SCMSafeModeManager (HealthyPipelineSafeModeRule.java:process(137)) - SCM in safe mode. Healthy pipelines reported count is 0, required healthy pipeline reported count is 1
2022-08-09 13:51:56,725 [pool-1209-thread-1] INFO  ratis.ContainerStateMachine (ContainerStateMachine.java:loadSnapshot(236)) - group-449221AC0774: The snapshot info is null. Setting the last applied indexto:(t:0, i:~)
2022-08-09 13:51:56,725 [pool-1209-thread-1] INFO  server.RaftServerConfigKeys (ConfUtils.java:logGet(46)) - raft.server.notification.no-leader.timeout = 300s (custom)
2022-08-09 13:51:56,726 [pool-1209-thread-1] INFO  server.RaftServerConfigKeys (ConfUtils.java:logGet(46)) - raft.server.log.use.memory = false (default)
2022-08-09 13:51:56,726 [pool-1209-thread-1] INFO  server.RaftServerConfigKeys (ConfUtils.java:logGet(46)) - raft.server.log.purge.gap = 1000000 (custom)
2022-08-09 13:51:56,726 [pool-1209-thread-1] INFO  server.RaftServerConfigKeys (ConfUtils.java:logGet(46)) - raft.server.log.appender.buffer.byte-limit = 33554432 (custom)
2022-08-09 13:51:56,726 [pool-1209-thread-1] INFO  server.RaftServerConfigKeys (ConfUtils.java:logGet(46)) - raft.server.log.statemachine.data.read.timeout = 1000ms (default)
2022-08-09 13:51:56,726 [pool-1209-thread-1] INFO  server.RaftServerConfigKeys (ConfUtils.java:logGet(46)) - raft.server.log.segment.size.max = 1048576 (custom)
2022-08-09 13:51:56,726 [pool-1209-thread-1] INFO  server.RaftServerConfigKeys (ConfUtils.java:logGet(46)) - raft.server.log.segment.cache.num.max = 2 (custom)
2022-08-09 13:51:56,726 [pool-1209-thread-1] INFO  server.RaftServerConfigKeys (ConfUtils.java:logGet(46)) - raft.server.log.segment.cache.size.max = 200MB (=209715200) (default)
2022-08-09 13:51:56,726 [pool-1209-thread-1] INFO  segmented.SegmentedRaftLogWorker (SegmentedRaftLogWorker.java:<init>(187)) - new d404f66d-97e2-4d92-a65f-8c5f8d00df6e@group-449221AC0774-SegmentedRaftLogWorker for RaftStorageImpl:Storage Directory /home/runner/work/ozone/ozone/hadoop-ozone/integration-test/target/test-dir/MiniOzoneClusterImpl-88f81c17-ef50-42a7-8332-c06519bf32f4/datanode-3/data/ratis/90e0ad31-aa17-44d6-900f-449221ac0774
2022-08-09 13:51:56,726 [pool-1209-thread-1] INFO  server.RaftServerConfigKeys (ConfUtils.java:logGet(46)) - raft.server.log.queue.byte-limit = 4294967296 (custom)
2022-08-09 13:51:56,726 [pool-1209-thread-1] INFO  server.RaftServerConfigKeys (ConfUtils.java:logGet(46)) - raft.server.log.queue.element-limit = 1024 (custom)
2022-08-09 13:51:56,727 [pool-1209-thread-1] INFO  server.RaftServerConfigKeys (ConfUtils.java:logGet(46)) - raft.server.log.segment.size.max = 1048576 (custom)
2022-08-09 13:51:56,727 [pool-1209-thread-1] INFO  server.RaftServerConfigKeys (ConfUtils.java:logGet(46)) - raft.server.log.preallocated.size = 16384 (custom)
2022-08-09 13:51:56,727 [pool-1209-thread-1] INFO  server.RaftServerConfigKeys (ConfUtils.java:logGet(46)) - raft.server.log.force.sync.num = 128 (default)
2022-08-09 13:51:56,727 [pool-1209-thread-1] INFO  server.RaftServerConfigKeys (ConfUtils.java:logGet(46)) - raft.server.log.statemachine.data.sync = true (default)
2022-08-09 13:51:56,727 [pool-1209-thread-1] INFO  server.RaftServerConfigKeys (ConfUtils.java:logGet(46)) - raft.server.log.statemachine.data.sync.timeout = 10s (default)
2022-08-09 13:51:56,727 [pool-1209-thread-1] INFO  server.RaftServerConfigKeys (ConfUtils.java:logGet(46)) - raft.server.log.statemachine.data.sync.timeout.retry = -1 (default)
2022-08-09 13:51:56,728 [pool-1209-thread-1] INFO  server.RaftServerConfigKeys (ConfUtils.java:logGet(46)) - raft.server.log.write.buffer.size = 1048576 (custom)
2022-08-09 13:51:56,728 [pool-1209-thread-1] INFO  server.RaftServerConfigKeys (ConfUtils.java:logGet(46)) - raft.server.log.unsafe-flush.enabled = false (default)
2022-08-09 13:51:56,728 [pool-1209-thread-1] INFO  server.RaftServerConfigKeys (ConfUtils.java:logGet(46)) - raft.server.log.statemachine.data.caching.enabled = true (custom)
2022-08-09 13:51:56,729 [pool-1209-thread-1] INFO  segmented.SegmentedRaftLogWorker (SegmentedRaftLogWorker.java:lambda$new$0(135)) - d404f66d-97e2-4d92-a65f-8c5f8d00df6e@group-449221AC0774-SegmentedRaftLogWorker: flushIndex: setUnconditionally 0 -> -1
2022-08-09 13:51:56,729 [pool-1209-thread-1] INFO  segmented.SegmentedRaftLogWorker (SegmentedRaftLogWorker.java:lambda$new$0(135)) - d404f66d-97e2-4d92-a65f-8c5f8d00df6e@group-449221AC0774-SegmentedRaftLogWorker: safeCacheEvictIndex: setUnconditionally 0 -> -1
2022-08-09 13:51:56,742 [pool-1209-thread-1] INFO  server.RaftServerConfigKeys (ConfUtils.java:logGet(46)) - raft.server.snapshot.auto.trigger.enabled = true (custom)
2022-08-09 13:51:56,743 [pool-1209-thread-1] INFO  server.RaftServerConfigKeys (ConfUtils.java:logGet(46)) - raft.server.snapshot.auto.trigger.threshold = 10000 (custom)
2022-08-09 13:51:56,743 [pool-1209-thread-1] INFO  server.RaftServerConfigKeys (ConfUtils.java:logGet(46)) - raft.server.snapshot.retention.file.num = 5 (custom)
2022-08-09 13:51:56,743 [pool-1209-thread-1] INFO  server.RaftServerConfigKeys (ConfUtils.java:logGet(46)) - raft.server.log.purge.upto.snapshot.index = false (default)
2022-08-09 13:51:56,743 [pool-1209-thread-1] INFO  server.RaftServerConfigKeys (ConfUtils.java:logGet(46)) - raft.server.retrycache.expirytime = 600000ms (custom)
2022-08-09 13:51:56,743 [pool-1209-thread-1] INFO  server.RaftServerConfigKeys (ConfUtils.java:logGet(46)) - raft.server.retrycache.statistics.expirytime = 100μs (default)
2022-08-09 13:51:56,744 [pool-1209-thread-1] INFO  server.RaftServerConfigKeys (ConfUtils.java:logGet(46)) - raft.server.log.appender.install.snapshot.enabled = false (custom)
2022-08-09 13:51:56,744 [pool-1209-thread-1] INFO  server.RaftServerConfigKeys (ConfUtils.java:logGet(46)) - raft.server.threadpool.server.cached = true (default)
2022-08-09 13:51:56,744 [pool-1209-thread-1] INFO  server.RaftServerConfigKeys (ConfUtils.java:logGet(46)) - raft.server.threadpool.server.size = 0 (default)
2022-08-09 13:51:56,744 [pool-1209-thread-1] INFO  server.RaftServerConfigKeys (ConfUtils.java:logGet(46)) - raft.server.threadpool.client.cached = true (default)
2022-08-09 13:51:56,744 [pool-1209-thread-1] INFO  server.RaftServerConfigKeys (ConfUtils.java:logGet(46)) - raft.server.threadpool.client.size = 0 (default)
2022-08-09 13:51:56,745 [pool-1209-thread-1] INFO  server.RaftServer$Division (RaftServerImpl.java:start(310)) - d404f66d-97e2-4d92-a65f-8c5f8d00df6e@group-449221AC0774: start as a follower, conf=-1: [d404f66d-97e2-4d92-a65f-8c5f8d00df6e|rpc:10.1.0.19:38445|priority:1], old=null
2022-08-09 13:51:56,745 [pool-1209-thread-1] INFO  server.RaftServer$Division (RaftServerImpl.java:setRole(299)) - d404f66d-97e2-4d92-a65f-8c5f8d00df6e@group-449221AC0774: changes role from      null to FOLLOWER at term 0 for startAsFollower
2022-08-09 13:51:56,745 [pool-1209-thread-1] INFO  impl.RoleInfo (RoleInfo.java:updateAndGet(139)) - d404f66d-97e2-4d92-a65f-8c5f8d00df6e: start d404f66d-97e2-4d92-a65f-8c5f8d00df6e@group-449221AC0774-FollowerState
2022-08-09 13:51:56,745 [pool-1209-thread-1] INFO  util.JmxRegister (JmxRegister.java:tryRegister(44)) - Successfully registered JMX Bean with object name Ratis:service=RaftServer,group=group-449221AC0774,id=d404f66d-97e2-4d92-a65f-8c5f8d00df6e
2022-08-09 13:51:56,746 [Command processor thread] INFO  ratis.XceiverServerRatis (XceiverServerRatis.java:addGroup(765)) - Created group PipelineID=90e0ad31-aa17-44d6-900f-449221ac0774
2022-08-09 13:51:56,746 [Command processor thread] INFO  commandhandler.CreatePipelineCommandHandler (CreatePipelineCommandHandler.java:handle(113)) - Created Pipeline RATIS ONE PipelineID=90e0ad31-aa17-44d6-900f-449221ac0774.
2022-08-09 13:51:56,930 [Listener at 127.0.0.1/44079] INFO  ozone.MiniOzoneClusterImpl (MiniOzoneClusterImpl.java:lambda$waitForClusterToBeReady$0(216)) - Nodes are ready. Got 5 of 5 DN Heartbeats.
2022-08-09 13:51:56,930 [Listener at 127.0.0.1/44079] INFO  ozone.MiniOzoneClusterImpl (MiniOzoneClusterImpl.java:lambda$waitForClusterToBeReady$0(219)) - Waiting for cluster to exit safe mode
2022-08-09 13:51:56,931 [Listener at 127.0.0.1/44079] INFO  ozone.MiniOzoneClusterImpl (MiniOzoneClusterImpl.java:lambda$waitForClusterToBeReady$0(221)) - SCM became leader
2022-08-09 13:51:57,932 [Listener at 127.0.0.1/44079] INFO  ozone.MiniOzoneClusterImpl (MiniOzoneClusterImpl.java:lambda$waitForClusterToBeReady$0(216)) - Nodes are ready. Got 5 of 5 DN Heartbeats.
2022-08-09 13:51:57,932 [Listener at 127.0.0.1/44079] INFO  ozone.MiniOzoneClusterImpl (MiniOzoneClusterImpl.java:lambda$waitForClusterToBeReady$0(219)) - Waiting for cluster to exit safe mode
2022-08-09 13:51:57,932 [Listener at 127.0.0.1/44079] INFO  ozone.MiniOzoneClusterImpl (MiniOzoneClusterImpl.java:lambda$waitForClusterToBeReady$0(221)) - SCM became leader
2022-08-09 13:51:58,005 [Command processor thread] INFO  server.RaftServer (RaftServerProxy.java:addNew(96)) - 3bac5bb1-bc16-454d-9924-1bb7373e00e4: addNew group-DAE1647752AC:[3bac5bb1-bc16-454d-9924-1bb7373e00e4|rpc:10.1.0.19:37547|priority:1] returns group-DAE1647752AC:java.util.concurrent.CompletableFuture@da1d91d[Not completed]
2022-08-09 13:51:58,011 [pool-1236-thread-1] INFO  server.RaftServer$Division (RaftServerImpl.java:<init>(190)) - 3bac5bb1-bc16-454d-9924-1bb7373e00e4: new RaftServerImpl for group-DAE1647752AC:[3bac5bb1-bc16-454d-9924-1bb7373e00e4|rpc:10.1.0.19:37547|priority:1] with ContainerStateMachine:uninitialized
2022-08-09 13:51:58,011 [pool-1236-thread-1] INFO  server.RaftServerConfigKeys (ConfUtils.java:logGet(46)) - raft.server.rpc.timeout.min = 5s (custom)
2022-08-09 13:51:58,012 [pool-1236-thread-1] INFO  server.RaftServerConfigKeys (ConfUtils.java:logGet(46)) - raft.server.rpc.timeout.max = 5200ms (custom)
2022-08-09 13:51:58,012 [pool-1236-thread-1] INFO  server.RaftServerConfigKeys (ConfUtils.java:logGet(46)) - raft.server.rpc.sleep.time = 25ms (default)
2022-08-09 13:51:58,012 [pool-1236-thread-1] INFO  server.RaftServerConfigKeys (ConfUtils.java:logGet(46)) - raft.server.rpc.slowness.timeout = 300s (custom)
2022-08-09 13:51:58,012 [pool-1236-thread-1] INFO  server.RaftServerConfigKeys (ConfUtils.java:logGet(46)) - raft.server.leaderelection.leader.step-down.wait-time = 10s (default)
2022-08-09 13:51:58,012 [pool-1236-thread-1] INFO  server.RaftServerConfigKeys (ConfUtils.java:logGet(46)) - raft.server.sleep.deviation.threshold = 300ms (default)
2022-08-09 13:51:58,012 [pool-1236-thread-1] INFO  server.RaftServer$Division (ServerState.java:<init>(107)) - 3bac5bb1-bc16-454d-9924-1bb7373e00e4@group-DAE1647752AC: ConfigurationManager, init=-1: [3bac5bb1-bc16-454d-9924-1bb7373e00e4|rpc:10.1.0.19:37547|priority:1], old=null, confs=<EMPTY_MAP>
2022-08-09 13:51:58,012 [pool-1236-thread-1] INFO  server.RaftServerConfigKeys (ConfUtils.java:logGet(46)) - raft.server.storage.dir = [/home/runner/work/ozone/ozone/hadoop-ozone/integration-test/target/test-dir/MiniOzoneClusterImpl-88f81c17-ef50-42a7-8332-c06519bf32f4/datanode-4/data/ratis] (custom)
2022-08-09 13:51:58,012 [pool-1236-thread-1] INFO  server.RaftServerConfigKeys (ConfUtils.java:logGet(46)) - raft.server.log.corruption.policy = EXCEPTION (default)
2022-08-09 13:51:58,012 [pool-1236-thread-1] INFO  server.RaftServerConfigKeys (ConfUtils.java:logGet(46)) - raft.server.storage.free-space.min = 0MB (=0) (default)
2022-08-09 13:51:58,012 [pool-1236-thread-1] INFO  storage.RaftStorageDirectory (RaftStorageDirectoryImpl.java:analyzeStorage(135)) - The storage directory /home/runner/work/ozone/ozone/hadoop-ozone/integration-test/target/test-dir/MiniOzoneClusterImpl-88f81c17-ef50-42a7-8332-c06519bf32f4/datanode-4/data/ratis/4158e0f5-a9f7-49a8-8bef-dae1647752ac does not exist. Creating ...
2022-08-09 13:51:58,057 [pool-1236-thread-1] INFO  storage.RaftStorageDirectory (RaftStorageDirectoryImpl.java:tryLock(230)) - Lock on /home/runner/work/ozone/ozone/hadoop-ozone/integration-test/target/test-dir/MiniOzoneClusterImpl-88f81c17-ef50-42a7-8332-c06519bf32f4/datanode-4/data/ratis/4158e0f5-a9f7-49a8-8bef-dae1647752ac/in_use.lock acquired by nodename 10574@fv-az450-466
2022-08-09 13:51:58,072 [pool-1236-thread-1] INFO  storage.RaftStorage (RaftStorageImpl.java:format(89)) - Storage directory /home/runner/work/ozone/ozone/hadoop-ozone/integration-test/target/test-dir/MiniOzoneClusterImpl-88f81c17-ef50-42a7-8332-c06519bf32f4/datanode-4/data/ratis/4158e0f5-a9f7-49a8-8bef-dae1647752ac has been successfully formatted.
2022-08-09 13:51:58,106 [pool-1236-thread-1] INFO  ratis.ContainerStateMachine (ContainerStateMachine.java:loadSnapshot(236)) - group-DAE1647752AC: The snapshot info is null. Setting the last applied indexto:(t:0, i:~)
2022-08-09 13:51:58,106 [pool-1236-thread-1] INFO  server.RaftServerConfigKeys (ConfUtils.java:logGet(46)) - raft.server.notification.no-leader.timeout = 300s (custom)
2022-08-09 13:51:58,106 [pool-1236-thread-1] INFO  server.RaftServerConfigKeys (ConfUtils.java:logGet(46)) - raft.server.log.use.memory = false (default)
2022-08-09 13:51:58,106 [pool-1236-thread-1] INFO  server.RaftServerConfigKeys (ConfUtils.java:logGet(46)) - raft.server.log.purge.gap = 1000000 (custom)
2022-08-09 13:51:58,106 [pool-1236-thread-1] INFO  server.RaftServerConfigKeys (ConfUtils.java:logGet(46)) - raft.server.log.appender.buffer.byte-limit = 33554432 (custom)
2022-08-09 13:51:58,106 [pool-1236-thread-1] INFO  server.RaftServerConfigKeys (ConfUtils.java:logGet(46)) - raft.server.log.statemachine.data.read.timeout = 1000ms (default)
2022-08-09 13:51:58,107 [pool-1236-thread-1] INFO  server.RaftServerConfigKeys (ConfUtils.java:logGet(46)) - raft.server.log.segment.size.max = 1048576 (custom)
2022-08-09 13:51:58,107 [pool-1236-thread-1] INFO  server.RaftServerConfigKeys (ConfUtils.java:logGet(46)) - raft.server.log.segment.cache.num.max = 2 (custom)
2022-08-09 13:51:58,107 [pool-1236-thread-1] INFO  server.RaftServerConfigKeys (ConfUtils.java:logGet(46)) - raft.server.log.segment.cache.size.max = 200MB (=209715200) (default)
2022-08-09 13:51:58,107 [pool-1236-thread-1] INFO  segmented.SegmentedRaftLogWorker (SegmentedRaftLogWorker.java:<init>(187)) - new 3bac5bb1-bc16-454d-9924-1bb7373e00e4@group-DAE1647752AC-SegmentedRaftLogWorker for RaftStorageImpl:Storage Directory /home/runner/work/ozone/ozone/hadoop-ozone/integration-test/target/test-dir/MiniOzoneClusterImpl-88f81c17-ef50-42a7-8332-c06519bf32f4/datanode-4/data/ratis/4158e0f5-a9f7-49a8-8bef-dae1647752ac
2022-08-09 13:51:58,107 [pool-1236-thread-1] INFO  server.RaftServerConfigKeys (ConfUtils.java:logGet(46)) - raft.server.log.queue.byte-limit = 4294967296 (custom)
2022-08-09 13:51:58,107 [pool-1236-thread-1] INFO  server.RaftServerConfigKeys (ConfUtils.java:logGet(46)) - raft.server.log.queue.element-limit = 1024 (custom)
2022-08-09 13:51:58,107 [pool-1236-thread-1] INFO  server.RaftServerConfigKeys (ConfUtils.java:logGet(46)) - raft.server.log.segment.size.max = 1048576 (custom)
2022-08-09 13:51:58,107 [pool-1236-thread-1] INFO  server.RaftServerConfigKeys (ConfUtils.java:logGet(46)) - raft.server.log.preallocated.size = 16384 (custom)
2022-08-09 13:51:58,107 [pool-1236-thread-1] INFO  server.RaftServerConfigKeys (ConfUtils.java:logGet(46)) - raft.server.log.force.sync.num = 128 (default)
2022-08-09 13:51:58,107 [pool-1236-thread-1] INFO  server.RaftServerConfigKeys (ConfUtils.java:logGet(46)) - raft.server.log.statemachine.data.sync = true (default)
2022-08-09 13:51:58,107 [pool-1236-thread-1] INFO  server.RaftServerConfigKeys (ConfUtils.java:logGet(46)) - raft.server.log.statemachine.data.sync.timeout = 10s (default)
2022-08-09 13:51:58,107 [pool-1236-thread-1] INFO  server.RaftServerConfigKeys (ConfUtils.java:logGet(46)) - raft.server.log.statemachine.data.sync.timeout.retry = -1 (default)
2022-08-09 13:51:58,108 [pool-1236-thread-1] INFO  server.RaftServerConfigKeys (ConfUtils.java:logGet(46)) - raft.server.log.write.buffer.size = 1048576 (custom)
2022-08-09 13:51:58,113 [pool-1236-thread-1] INFO  server.RaftServerConfigKeys (ConfUtils.java:logGet(46)) - raft.server.log.unsafe-flush.enabled = false (default)
2022-08-09 13:51:58,114 [pool-1236-thread-1] INFO  server.RaftServerConfigKeys (ConfUtils.java:logGet(46)) - raft.server.log.statemachine.data.caching.enabled = true (custom)
2022-08-09 13:51:58,114 [pool-1236-thread-1] INFO  segmented.SegmentedRaftLogWorker (SegmentedRaftLogWorker.java:lambda$new$0(135)) - 3bac5bb1-bc16-454d-9924-1bb7373e00e4@group-DAE1647752AC-SegmentedRaftLogWorker: flushIndex: setUnconditionally 0 -> -1
2022-08-09 13:51:58,114 [pool-1236-thread-1] INFO  segmented.SegmentedRaftLogWorker (SegmentedRaftLogWorker.java:lambda$new$0(135)) - 3bac5bb1-bc16-454d-9924-1bb7373e00e4@group-DAE1647752AC-SegmentedRaftLogWorker: safeCacheEvictIndex: setUnconditionally 0 -> -1
2022-08-09 13:51:58,114 [EventQueue-PipelineReportForPipelineReportHandler] INFO  pipeline.PipelineManagerImpl (PipelineManagerImpl.java:openPipeline(367)) - Pipeline Pipeline[ Id: 4158e0f5-a9f7-49a8-8bef-dae1647752ac, Nodes: 3bac5bb1-bc16-454d-9924-1bb7373e00e4{ip: 10.1.0.19, host: fv-az450-466.jnfmftgkylze5hd05chtbp1i0a.dx.internal.cloudapp.net, ports: [REPLICATION=46845, RATIS=37547, RATIS_ADMIN=37547, RATIS_SERVER=37547, STANDALONE=38575], networkLocation: /default-rack, certSerialId: null, persistedOpState: IN_SERVICE, persistedOpStateExpiryEpochSec: 0}, ReplicationConfig: RATIS/ONE, State:ALLOCATED, leaderId:3bac5bb1-bc16-454d-9924-1bb7373e00e4, CreationTimestamp2022-08-09T13:51:55.002Z[Etc/UTC]] moved to OPEN state
2022-08-09 13:51:58,115 [EventQueue-OpenPipelineForHealthyPipelineSafeModeRule] INFO  safemode.SCMSafeModeManager (HealthyPipelineSafeModeRule.java:process(137)) - SCM in safe mode. Healthy pipelines reported count is 0, required healthy pipeline reported count is 1
2022-08-09 13:51:58,139 [pool-1236-thread-1] INFO  server.RaftServerConfigKeys (ConfUtils.java:logGet(46)) - raft.server.snapshot.auto.trigger.enabled = true (custom)
2022-08-09 13:51:58,139 [pool-1236-thread-1] INFO  server.RaftServerConfigKeys (ConfUtils.java:logGet(46)) - raft.server.snapshot.auto.trigger.threshold = 10000 (custom)
2022-08-09 13:51:58,139 [pool-1236-thread-1] INFO  server.RaftServerConfigKeys (ConfUtils.java:logGet(46)) - raft.server.snapshot.retention.file.num = 5 (custom)
2022-08-09 13:51:58,139 [pool-1236-thread-1] INFO  server.RaftServerConfigKeys (ConfUtils.java:logGet(46)) - raft.server.log.purge.upto.snapshot.index = false (default)
2022-08-09 13:51:58,139 [pool-1236-thread-1] INFO  server.RaftServerConfigKeys (ConfUtils.java:logGet(46)) - raft.server.retrycache.expirytime = 600000ms (custom)
2022-08-09 13:51:58,140 [pool-1236-thread-1] INFO  server.RaftServerConfigKeys (ConfUtils.java:logGet(46)) - raft.server.retrycache.statistics.expirytime = 100μs (default)
2022-08-09 13:51:58,141 [pool-1236-thread-1] INFO  server.RaftServerConfigKeys (ConfUtils.java:logGet(46)) - raft.server.log.appender.install.snapshot.enabled = false (custom)
2022-08-09 13:51:58,141 [pool-1236-thread-1] INFO  server.RaftServerConfigKeys (ConfUtils.java:logGet(46)) - raft.server.threadpool.server.cached = true (default)
2022-08-09 13:51:58,141 [pool-1236-thread-1] INFO  server.RaftServerConfigKeys (ConfUtils.java:logGet(46)) - raft.server.threadpool.server.size = 0 (default)
2022-08-09 13:51:58,141 [pool-1236-thread-1] INFO  server.RaftServerConfigKeys (ConfUtils.java:logGet(46)) - raft.server.threadpool.client.cached = true (default)
2022-08-09 13:51:58,141 [pool-1236-thread-1] INFO  server.RaftServerConfigKeys (ConfUtils.java:logGet(46)) - raft.server.threadpool.client.size = 0 (default)
2022-08-09 13:51:58,141 [pool-1236-thread-1] INFO  server.RaftServer$Division (RaftServerImpl.java:start(310)) - 3bac5bb1-bc16-454d-9924-1bb7373e00e4@group-DAE1647752AC: start as a follower, conf=-1: [3bac5bb1-bc16-454d-9924-1bb7373e00e4|rpc:10.1.0.19:37547|priority:1], old=null
2022-08-09 13:51:58,141 [pool-1236-thread-1] INFO  server.RaftServer$Division (RaftServerImpl.java:setRole(299)) - 3bac5bb1-bc16-454d-9924-1bb7373e00e4@group-DAE1647752AC: changes role from      null to FOLLOWER at term 0 for startAsFollower
2022-08-09 13:51:58,141 [pool-1236-thread-1] INFO  impl.RoleInfo (RoleInfo.java:updateAndGet(139)) - 3bac5bb1-bc16-454d-9924-1bb7373e00e4: start 3bac5bb1-bc16-454d-9924-1bb7373e00e4@group-DAE1647752AC-FollowerState
2022-08-09 13:51:58,159 [pool-1236-thread-1] INFO  util.JmxRegister (JmxRegister.java:tryRegister(44)) - Successfully registered JMX Bean with object name Ratis:service=RaftServer,group=group-DAE1647752AC,id=3bac5bb1-bc16-454d-9924-1bb7373e00e4
2022-08-09 13:51:58,160 [Command processor thread] INFO  ratis.XceiverServerRatis (XceiverServerRatis.java:addGroup(765)) - Created group PipelineID=4158e0f5-a9f7-49a8-8bef-dae1647752ac
2022-08-09 13:51:58,160 [Command processor thread] INFO  commandhandler.CreatePipelineCommandHandler (CreatePipelineCommandHandler.java:handle(113)) - Created Pipeline RATIS ONE PipelineID=4158e0f5-a9f7-49a8-8bef-dae1647752ac.
2022-08-09 13:51:58,536 [719c7f2e-9b3f-4e79-a038-a5c87def3235@group-713A4CCB84F6-FollowerState] INFO  impl.FollowerState (FollowerState.java:run(143)) - 719c7f2e-9b3f-4e79-a038-a5c87def3235@group-713A4CCB84F6-FollowerState: change to CANDIDATE, lastRpcElapsedTime:5053934837ns, electionTimeout:5053ms
2022-08-09 13:51:58,536 [719c7f2e-9b3f-4e79-a038-a5c87def3235@group-713A4CCB84F6-FollowerState] INFO  impl.RoleInfo (RoleInfo.java:shutdownFollowerState(110)) - 719c7f2e-9b3f-4e79-a038-a5c87def3235: shutdown 719c7f2e-9b3f-4e79-a038-a5c87def3235@group-713A4CCB84F6-FollowerState
2022-08-09 13:51:58,536 [719c7f2e-9b3f-4e79-a038-a5c87def3235@group-713A4CCB84F6-FollowerState] INFO  server.RaftServer$Division (RaftServerImpl.java:setRole(299)) - 719c7f2e-9b3f-4e79-a038-a5c87def3235@group-713A4CCB84F6: changes role from  FOLLOWER to CANDIDATE at term 0 for changeToCandidate
2022-08-09 13:51:58,536 [719c7f2e-9b3f-4e79-a038-a5c87def3235@group-713A4CCB84F6-FollowerState] INFO  server.RaftServerConfigKeys (ConfUtils.java:logGet(46)) - raft.server.leaderelection.pre-vote = false (custom)
2022-08-09 13:51:58,536 [719c7f2e-9b3f-4e79-a038-a5c87def3235@group-713A4CCB84F6-FollowerState] INFO  impl.RoleInfo (RoleInfo.java:updateAndGet(139)) - 719c7f2e-9b3f-4e79-a038-a5c87def3235: start 719c7f2e-9b3f-4e79-a038-a5c87def3235@group-713A4CCB84F6-LeaderElection56
2022-08-09 13:51:58,542 [719c7f2e-9b3f-4e79-a038-a5c87def3235@group-6A18EB80AE8F-FollowerState] INFO  impl.FollowerState (FollowerState.java:run(143)) - 719c7f2e-9b3f-4e79-a038-a5c87def3235@group-6A18EB80AE8F-FollowerState: change to CANDIDATE, lastRpcElapsedTime:5106219079ns, electionTimeout:5102ms
2022-08-09 13:51:58,542 [719c7f2e-9b3f-4e79-a038-a5c87def3235@group-6A18EB80AE8F-FollowerState] INFO  impl.RoleInfo (RoleInfo.java:shutdownFollowerState(110)) - 719c7f2e-9b3f-4e79-a038-a5c87def3235: shutdown 719c7f2e-9b3f-4e79-a038-a5c87def3235@group-6A18EB80AE8F-FollowerState
2022-08-09 13:51:58,542 [719c7f2e-9b3f-4e79-a038-a5c87def3235@group-6A18EB80AE8F-FollowerState] INFO  server.RaftServer$Division (RaftServerImpl.java:setRole(299)) - 719c7f2e-9b3f-4e79-a038-a5c87def3235@group-6A18EB80AE8F: changes role from  FOLLOWER to CANDIDATE at term 0 for changeToCandidate
2022-08-09 13:51:58,586 [719c7f2e-9b3f-4e79-a038-a5c87def3235@group-6A18EB80AE8F-FollowerState] INFO  server.RaftServerConfigKeys (ConfUtils.java:logGet(46)) - raft.server.leaderelection.pre-vote = false (custom)
2022-08-09 13:51:58,586 [719c7f2e-9b3f-4e79-a038-a5c87def3235@group-6A18EB80AE8F-FollowerState] INFO  impl.RoleInfo (RoleInfo.java:updateAndGet(139)) - 719c7f2e-9b3f-4e79-a038-a5c87def3235: start 719c7f2e-9b3f-4e79-a038-a5c87def3235@group-6A18EB80AE8F-LeaderElection57
2022-08-09 13:51:58,640 [719c7f2e-9b3f-4e79-a038-a5c87def3235@group-713A4CCB84F6-LeaderElection56] INFO  impl.LeaderElection (LeaderElection.java:askForVotes(310)) - 719c7f2e-9b3f-4e79-a038-a5c87def3235@group-713A4CCB84F6-LeaderElection56 ELECTION round 0: submit vote requests at term 1 for -1: [7f1d1c94-ff0a-4bb3-a3b2-1e31becb3d9f|rpc:10.1.0.19:34961|priority:1, c4ab506c-e5ff-4630-83c4-92e6a677ee06|rpc:10.1.0.19:36685|priority:0, 719c7f2e-9b3f-4e79-a038-a5c87def3235|rpc:10.1.0.19:41633|priority:0], old=null
2022-08-09 13:51:58,692 [719c7f2e-9b3f-4e79-a038-a5c87def3235@group-6A18EB80AE8F-LeaderElection57] INFO  impl.LeaderElection (LeaderElection.java:askForVotes(310)) - 719c7f2e-9b3f-4e79-a038-a5c87def3235@group-6A18EB80AE8F-LeaderElection57 ELECTION round 0: submit vote requests at term 1 for -1: [719c7f2e-9b3f-4e79-a038-a5c87def3235|rpc:10.1.0.19:41633|priority:1], old=null
2022-08-09 13:51:58,692 [719c7f2e-9b3f-4e79-a038-a5c87def3235@group-6A18EB80AE8F-LeaderElection57] INFO  impl.LeaderElection (LeaderElection.java:askForVotes(312)) - 719c7f2e-9b3f-4e79-a038-a5c87def3235@group-6A18EB80AE8F-LeaderElection57 ELECTION round 0: result PASSED (term=1)
2022-08-09 13:51:58,692 [719c7f2e-9b3f-4e79-a038-a5c87def3235@group-6A18EB80AE8F-LeaderElection57] INFO  impl.RoleInfo (RoleInfo.java:shutdownLeaderElection(130)) - 719c7f2e-9b3f-4e79-a038-a5c87def3235: shutdown 719c7f2e-9b3f-4e79-a038-a5c87def3235@group-6A18EB80AE8F-LeaderElection57
2022-08-09 13:51:58,692 [719c7f2e-9b3f-4e79-a038-a5c87def3235@group-6A18EB80AE8F-LeaderElection57] INFO  server.RaftServer$Division (RaftServerImpl.java:setRole(299)) - 719c7f2e-9b3f-4e79-a038-a5c87def3235@group-6A18EB80AE8F: changes role from CANDIDATE to LEADER at term 1 for changeToLeader
2022-08-09 13:51:58,692 [719c7f2e-9b3f-4e79-a038-a5c87def3235@group-6A18EB80AE8F-LeaderElection57] INFO  ratis.XceiverServerRatis (XceiverServerRatis.java:handleLeaderChangedNotification(863)) - Leader change notification received for group: group-6A18EB80AE8F with new leaderId: 719c7f2e-9b3f-4e79-a038-a5c87def3235
2022-08-09 13:51:58,693 [719c7f2e-9b3f-4e79-a038-a5c87def3235@group-6A18EB80AE8F-LeaderElection57] INFO  server.RaftServer$Division (ServerState.java:setLeader(287)) - 719c7f2e-9b3f-4e79-a038-a5c87def3235@group-6A18EB80AE8F: change Leader from null to 719c7f2e-9b3f-4e79-a038-a5c87def3235 at term 1 for becomeLeader, leader elected after 5263ms
2022-08-09 13:51:58,693 [719c7f2e-9b3f-4e79-a038-a5c87def3235@group-6A18EB80AE8F-LeaderElection57] INFO  server.RaftServerConfigKeys (ConfUtils.java:logGet(46)) - raft.server.staging.catchup.gap = 1000 (default)
2022-08-09 13:51:58,693 [719c7f2e-9b3f-4e79-a038-a5c87def3235@group-6A18EB80AE8F-LeaderElection57] INFO  server.RaftServerConfigKeys (ConfUtils.java:logGet(46)) - raft.server.write.element-limit = 1024 (custom)
2022-08-09 13:51:58,693 [719c7f2e-9b3f-4e79-a038-a5c87def3235@group-6A18EB80AE8F-LeaderElection57] INFO  server.RaftServerConfigKeys (ConfUtils.java:logGet(46)) - raft.server.write.byte-limit = 1024 M (=1073741824) (custom)
2022-08-09 13:51:58,693 [719c7f2e-9b3f-4e79-a038-a5c87def3235@group-6A18EB80AE8F-LeaderElection57] INFO  server.RaftServerConfigKeys (ConfUtils.java:logGet(46)) - raft.server.watch.timeout = 180s (custom)
2022-08-09 13:51:58,693 [719c7f2e-9b3f-4e79-a038-a5c87def3235@group-6A18EB80AE8F-LeaderElection57] INFO  server.RaftServerConfigKeys (ConfUtils.java:logGet(46)) - raft.server.watch.timeout.denomination = 1s (default)
2022-08-09 13:51:58,693 [719c7f2e-9b3f-4e79-a038-a5c87def3235@group-6A18EB80AE8F-LeaderElection57] INFO  server.RaftServerConfigKeys (ConfUtils.java:logGet(46)) - raft.server.watch.element-limit = 65536 (default)
2022-08-09 13:51:58,693 [719c7f2e-9b3f-4e79-a038-a5c87def3235@group-6A18EB80AE8F-LeaderElection57] INFO  server.RaftServerConfigKeys (ConfUtils.java:logGet(46)) - raft.server.write.element-limit = 1024 (custom)
2022-08-09 13:51:58,693 [719c7f2e-9b3f-4e79-a038-a5c87def3235@group-6A18EB80AE8F-LeaderElection57] INFO  server.RaftServerConfigKeys (ConfUtils.java:logGet(46)) - raft.server.write.follower.gap.ratio.max = -1.0 (default)
2022-08-09 13:51:58,693 [719c7f2e-9b3f-4e79-a038-a5c87def3235@group-6A18EB80AE8F-LeaderElection57] INFO  impl.RoleInfo (RoleInfo.java:updateAndGet(139)) - 719c7f2e-9b3f-4e79-a038-a5c87def3235: start 719c7f2e-9b3f-4e79-a038-a5c87def3235@group-6A18EB80AE8F-LeaderStateImpl
2022-08-09 13:51:58,694 [719c7f2e-9b3f-4e79-a038-a5c87def3235@group-6A18EB80AE8F-LeaderElection57] INFO  segmented.SegmentedRaftLogWorker (SegmentedRaftLogWorker.java:startLogSegment(425)) - 719c7f2e-9b3f-4e79-a038-a5c87def3235@group-6A18EB80AE8F-SegmentedRaftLogWorker: Starting segment from index:0
2022-08-09 13:51:58,695 [EventQueue-OpenPipelineForHealthyPipelineSafeModeRule] INFO  safemode.SCMSafeModeManager (HealthyPipelineSafeModeRule.java:process(137)) - SCM in safe mode. Healthy pipelines reported count is 0, required healthy pipeline reported count is 1
2022-08-09 13:51:58,697 [719c7f2e-9b3f-4e79-a038-a5c87def3235@group-6A18EB80AE8F-SegmentedRaftLogWorker] INFO  segmented.SegmentedRaftLogWorker (SegmentedRaftLogWorker.java:execute(629)) - 719c7f2e-9b3f-4e79-a038-a5c87def3235@group-6A18EB80AE8F-SegmentedRaftLogWorker: created new log segment /home/runner/work/ozone/ozone/hadoop-ozone/integration-test/target/test-dir/MiniOzoneClusterImpl-88f81c17-ef50-42a7-8332-c06519bf32f4/datanode-0/data/ratis/e310d829-6487-424e-a098-6a18eb80ae8f/current/log_inprogress_0
2022-08-09 13:51:58,713 [719c7f2e-9b3f-4e79-a038-a5c87def3235@group-6A18EB80AE8F-LeaderElection57] INFO  server.RaftServer$Division (ServerState.java:setRaftConf(393)) - 719c7f2e-9b3f-4e79-a038-a5c87def3235@group-6A18EB80AE8F: set configuration 0: [719c7f2e-9b3f-4e79-a038-a5c87def3235|rpc:10.1.0.19:41633|dataStream:|priority:1], old=null
2022-08-09 13:51:58,744 [grpc-default-executor-0] INFO  server.RaftServer$Division (RaftServerImpl.java:requestVote(1152)) - 7f1d1c94-ff0a-4bb3-a3b2-1e31becb3d9f@group-713A4CCB84F6: receive requestVote(ELECTION, 719c7f2e-9b3f-4e79-a038-a5c87def3235, group-713A4CCB84F6, 1, (t:0, i:0))
2022-08-09 13:51:58,744 [grpc-default-executor-0] INFO  impl.VoteContext (VoteContext.java:log(48)) - 7f1d1c94-ff0a-4bb3-a3b2-1e31becb3d9f@group-713A4CCB84F6-FOLLOWER: reject ELECTION from 719c7f2e-9b3f-4e79-a038-a5c87def3235: our priority 1 > candidate's priority 0
2022-08-09 13:51:58,744 [grpc-default-executor-0] INFO  server.RaftServer$Division (RaftServerImpl.java:setRole(299)) - 7f1d1c94-ff0a-4bb3-a3b2-1e31becb3d9f@group-713A4CCB84F6: changes role from  FOLLOWER to FOLLOWER at term 1 for candidate:719c7f2e-9b3f-4e79-a038-a5c87def3235
2022-08-09 13:51:58,744 [grpc-default-executor-0] INFO  impl.RoleInfo (RoleInfo.java:shutdownFollowerState(110)) - 7f1d1c94-ff0a-4bb3-a3b2-1e31becb3d9f: shutdown 7f1d1c94-ff0a-4bb3-a3b2-1e31becb3d9f@group-713A4CCB84F6-FollowerState
2022-08-09 13:51:58,745 [grpc-default-executor-0] INFO  impl.RoleInfo (RoleInfo.java:updateAndGet(139)) - 7f1d1c94-ff0a-4bb3-a3b2-1e31becb3d9f: start 7f1d1c94-ff0a-4bb3-a3b2-1e31becb3d9f@group-713A4CCB84F6-FollowerState
2022-08-09 13:51:58,764 [grpc-default-executor-0] INFO  server.RaftServer$Division (RaftServerImpl.java:requestVote(1184)) - 7f1d1c94-ff0a-4bb3-a3b2-1e31becb3d9f@group-713A4CCB84F6 replies to ELECTION vote request: 719c7f2e-9b3f-4e79-a038-a5c87def3235<-7f1d1c94-ff0a-4bb3-a3b2-1e31becb3d9f#0:FAIL-t1. Peer's state: 7f1d1c94-ff0a-4bb3-a3b2-1e31becb3d9f@group-713A4CCB84F6:t1, leader=null, voted=null, raftlog=7f1d1c94-ff0a-4bb3-a3b2-1e31becb3d9f@group-713A4CCB84F6-SegmentedRaftLog:OPENED:c-1, conf=-1: [7f1d1c94-ff0a-4bb3-a3b2-1e31becb3d9f|rpc:10.1.0.19:34961|dataStream:|priority:1, c4ab506c-e5ff-4630-83c4-92e6a677ee06|rpc:10.1.0.19:36685|dataStream:|priority:0, 719c7f2e-9b3f-4e79-a038-a5c87def3235|rpc:10.1.0.19:41633|dataStream:|priority:0], old=null
2022-08-09 13:51:58,781 [719c7f2e-9b3f-4e79-a038-a5c87def3235@group-713A4CCB84F6-LeaderElection56] INFO  impl.LeaderElection (LeaderElection.java:logAndReturn(90)) - 719c7f2e-9b3f-4e79-a038-a5c87def3235@group-713A4CCB84F6-LeaderElection56: ELECTION REJECTED received 1 response(s) and 0 exception(s):
2022-08-09 13:51:58,781 [719c7f2e-9b3f-4e79-a038-a5c87def3235@group-713A4CCB84F6-LeaderElection56] INFO  impl.LeaderElection (LeaderElection.java:logAndReturn(94)) -   Response 0: 719c7f2e-9b3f-4e79-a038-a5c87def3235<-7f1d1c94-ff0a-4bb3-a3b2-1e31becb3d9f#0:FAIL-t1
2022-08-09 13:51:58,781 [719c7f2e-9b3f-4e79-a038-a5c87def3235@group-713A4CCB84F6-LeaderElection56] INFO  impl.LeaderElection (LeaderElection.java:askForVotes(312)) - 719c7f2e-9b3f-4e79-a038-a5c87def3235@group-713A4CCB84F6-LeaderElection56 ELECTION round 0: result REJECTED
2022-08-09 13:51:58,781 [719c7f2e-9b3f-4e79-a038-a5c87def3235@group-713A4CCB84F6-LeaderElection56] INFO  server.RaftServer$Division (RaftServerImpl.java:setRole(299)) - 719c7f2e-9b3f-4e79-a038-a5c87def3235@group-713A4CCB84F6: changes role from CANDIDATE to FOLLOWER at term 1 for REJECTED
2022-08-09 13:51:58,781 [719c7f2e-9b3f-4e79-a038-a5c87def3235@group-713A4CCB84F6-LeaderElection56] INFO  impl.RoleInfo (RoleInfo.java:shutdownLeaderElection(130)) - 719c7f2e-9b3f-4e79-a038-a5c87def3235: shutdown 719c7f2e-9b3f-4e79-a038-a5c87def3235@group-713A4CCB84F6-LeaderElection56
2022-08-09 13:51:58,781 [719c7f2e-9b3f-4e79-a038-a5c87def3235@group-713A4CCB84F6-LeaderElection56] INFO  impl.RoleInfo (RoleInfo.java:updateAndGet(139)) - 719c7f2e-9b3f-4e79-a038-a5c87def3235: start 719c7f2e-9b3f-4e79-a038-a5c87def3235@group-713A4CCB84F6-FollowerState
2022-08-09 13:51:58,793 [7f1d1c94-ff0a-4bb3-a3b2-1e31becb3d9f@group-713A4CCB84F6-FollowerState] INFO  impl.FollowerState (FollowerState.java:run(152)) - 7f1d1c94-ff0a-4bb3-a3b2-1e31becb3d9f@group-713A4CCB84F6-FollowerState was interrupted
2022-08-09 13:51:58,813 [grpc-default-executor-1] INFO  server.RaftServer$Division (RaftServerImpl.java:requestVote(1152)) - c4ab506c-e5ff-4630-83c4-92e6a677ee06@group-713A4CCB84F6: receive requestVote(ELECTION, 719c7f2e-9b3f-4e79-a038-a5c87def3235, group-713A4CCB84F6, 1, (t:0, i:0))
2022-08-09 13:51:58,813 [grpc-default-executor-1] INFO  impl.VoteContext (VoteContext.java:log(48)) - c4ab506c-e5ff-4630-83c4-92e6a677ee06@group-713A4CCB84F6-FOLLOWER: accept ELECTION from 719c7f2e-9b3f-4e79-a038-a5c87def3235: our priority 0 <= candidate's priority 0
2022-08-09 13:51:58,813 [grpc-default-executor-1] INFO  server.RaftServer$Division (RaftServerImpl.java:setRole(299)) - c4ab506c-e5ff-4630-83c4-92e6a677ee06@group-713A4CCB84F6: changes role from  FOLLOWER to FOLLOWER at term 1 for candidate:719c7f2e-9b3f-4e79-a038-a5c87def3235
2022-08-09 13:51:58,813 [grpc-default-executor-1] INFO  impl.RoleInfo (RoleInfo.java:shutdownFollowerState(110)) - c4ab506c-e5ff-4630-83c4-92e6a677ee06: shutdown c4ab506c-e5ff-4630-83c4-92e6a677ee06@group-713A4CCB84F6-FollowerState
2022-08-09 13:51:58,813 [c4ab506c-e5ff-4630-83c4-92e6a677ee06@group-713A4CCB84F6-FollowerState] INFO  impl.FollowerState (FollowerState.java:run(152)) - c4ab506c-e5ff-4630-83c4-92e6a677ee06@group-713A4CCB84F6-FollowerState was interrupted
2022-08-09 13:51:58,813 [grpc-default-executor-1] INFO  impl.RoleInfo (RoleInfo.java:updateAndGet(139)) - c4ab506c-e5ff-4630-83c4-92e6a677ee06: start c4ab506c-e5ff-4630-83c4-92e6a677ee06@group-713A4CCB84F6-FollowerState
2022-08-09 13:51:58,823 [grpc-default-executor-1] INFO  server.RaftServer$Division (RaftServerImpl.java:requestVote(1184)) - c4ab506c-e5ff-4630-83c4-92e6a677ee06@group-713A4CCB84F6 replies to ELECTION vote request: 719c7f2e-9b3f-4e79-a038-a5c87def3235<-c4ab506c-e5ff-4630-83c4-92e6a677ee06#0:OK-t1. Peer's state: c4ab506c-e5ff-4630-83c4-92e6a677ee06@group-713A4CCB84F6:t1, leader=null, voted=719c7f2e-9b3f-4e79-a038-a5c87def3235, raftlog=c4ab506c-e5ff-4630-83c4-92e6a677ee06@group-713A4CCB84F6-SegmentedRaftLog:OPENED:c-1, conf=-1: [7f1d1c94-ff0a-4bb3-a3b2-1e31becb3d9f|rpc:10.1.0.19:34961|dataStream:|priority:1, c4ab506c-e5ff-4630-83c4-92e6a677ee06|rpc:10.1.0.19:36685|dataStream:|priority:0, 719c7f2e-9b3f-4e79-a038-a5c87def3235|rpc:10.1.0.19:41633|dataStream:|priority:0], old=null
2022-08-09 13:51:58,932 [Listener at 127.0.0.1/44079] INFO  ozone.MiniOzoneClusterImpl (MiniOzoneClusterImpl.java:lambda$waitForClusterToBeReady$0(216)) - Nodes are ready. Got 5 of 5 DN Heartbeats.
2022-08-09 13:51:58,933 [Listener at 127.0.0.1/44079] INFO  ozone.MiniOzoneClusterImpl (MiniOzoneClusterImpl.java:lambda$waitForClusterToBeReady$0(219)) - Waiting for cluster to exit safe mode
2022-08-09 13:51:58,933 [Listener at 127.0.0.1/44079] INFO  ozone.MiniOzoneClusterImpl (MiniOzoneClusterImpl.java:lambda$waitForClusterToBeReady$0(221)) - SCM became leader
2022-08-09 13:51:59,051 [719c7f2e-9b3f-4e79-a038-a5c87def3235@group-A8823B900407-FollowerState] INFO  impl.FollowerState (FollowerState.java:run(143)) - 719c7f2e-9b3f-4e79-a038-a5c87def3235@group-A8823B900407-FollowerState: change to CANDIDATE, lastRpcElapsedTime:5030074042ns, electionTimeout:5016ms
2022-08-09 13:51:59,051 [719c7f2e-9b3f-4e79-a038-a5c87def3235@group-A8823B900407-FollowerState] INFO  impl.RoleInfo (RoleInfo.java:shutdownFollowerState(110)) - 719c7f2e-9b3f-4e79-a038-a5c87def3235: shutdown 719c7f2e-9b3f-4e79-a038-a5c87def3235@group-A8823B900407-FollowerState
2022-08-09 13:51:59,051 [719c7f2e-9b3f-4e79-a038-a5c87def3235@group-A8823B900407-FollowerState] INFO  server.RaftServer$Division (RaftServerImpl.java:setRole(299)) - 719c7f2e-9b3f-4e79-a038-a5c87def3235@group-A8823B900407: changes role from  FOLLOWER to CANDIDATE at term 0 for changeToCandidate
2022-08-09 13:51:59,051 [719c7f2e-9b3f-4e79-a038-a5c87def3235@group-A8823B900407-FollowerState] INFO  server.RaftServerConfigKeys (ConfUtils.java:logGet(46)) - raft.server.leaderelection.pre-vote = false (custom)
2022-08-09 13:51:59,051 [719c7f2e-9b3f-4e79-a038-a5c87def3235@group-A8823B900407-FollowerState] INFO  impl.RoleInfo (RoleInfo.java:updateAndGet(139)) - 719c7f2e-9b3f-4e79-a038-a5c87def3235: start 719c7f2e-9b3f-4e79-a038-a5c87def3235@group-A8823B900407-LeaderElection58
2022-08-09 13:51:59,107 [719c7f2e-9b3f-4e79-a038-a5c87def3235@group-A8823B900407-LeaderElection58] INFO  impl.LeaderElection (LeaderElection.java:askForVotes(310)) - 719c7f2e-9b3f-4e79-a038-a5c87def3235@group-A8823B900407-LeaderElection58 ELECTION round 0: submit vote requests at term 1 for -1: [7f1d1c94-ff0a-4bb3-a3b2-1e31becb3d9f|rpc:10.1.0.19:34961|priority:0, c4ab506c-e5ff-4630-83c4-92e6a677ee06|rpc:10.1.0.19:36685|priority:1, 719c7f2e-9b3f-4e79-a038-a5c87def3235|rpc:10.1.0.19:41633|priority:0], old=null
2022-08-09 13:51:59,138 [grpc-default-executor-1] INFO  server.RaftServer$Division (RaftServerImpl.java:requestVote(1152)) - 7f1d1c94-ff0a-4bb3-a3b2-1e31becb3d9f@group-A8823B900407: receive requestVote(ELECTION, 719c7f2e-9b3f-4e79-a038-a5c87def3235, group-A8823B900407, 1, (t:0, i:0))
2022-08-09 13:51:59,138 [grpc-default-executor-1] INFO  impl.VoteContext (VoteContext.java:log(48)) - 7f1d1c94-ff0a-4bb3-a3b2-1e31becb3d9f@group-A8823B900407-FOLLOWER: accept ELECTION from 719c7f2e-9b3f-4e79-a038-a5c87def3235: our priority 0 <= candidate's priority 0
2022-08-09 13:51:59,138 [grpc-default-executor-1] INFO  server.RaftServer$Division (RaftServerImpl.java:setRole(299)) - 7f1d1c94-ff0a-4bb3-a3b2-1e31becb3d9f@group-A8823B900407: changes role from  FOLLOWER to FOLLOWER at term 1 for candidate:719c7f2e-9b3f-4e79-a038-a5c87def3235
2022-08-09 13:51:59,138 [grpc-default-executor-1] INFO  impl.RoleInfo (RoleInfo.java:shutdownFollowerState(110)) - 7f1d1c94-ff0a-4bb3-a3b2-1e31becb3d9f: shutdown 7f1d1c94-ff0a-4bb3-a3b2-1e31becb3d9f@group-A8823B900407-FollowerState
2022-08-09 13:51:59,138 [grpc-default-executor-1] INFO  impl.RoleInfo (RoleInfo.java:updateAndGet(139)) - 7f1d1c94-ff0a-4bb3-a3b2-1e31becb3d9f: start 7f1d1c94-ff0a-4bb3-a3b2-1e31becb3d9f@group-A8823B900407-FollowerState
2022-08-09 13:51:59,138 [7f1d1c94-ff0a-4bb3-a3b2-1e31becb3d9f@group-A8823B900407-FollowerState] INFO  impl.FollowerState (FollowerState.java:run(152)) - 7f1d1c94-ff0a-4bb3-a3b2-1e31becb3d9f@group-A8823B900407-FollowerState was interrupted
2022-08-09 13:51:59,150 [grpc-default-executor-1] INFO  server.RaftServer$Division (RaftServerImpl.java:requestVote(1184)) - 7f1d1c94-ff0a-4bb3-a3b2-1e31becb3d9f@group-A8823B900407 replies to ELECTION vote request: 719c7f2e-9b3f-4e79-a038-a5c87def3235<-7f1d1c94-ff0a-4bb3-a3b2-1e31becb3d9f#0:OK-t1. Peer's state: 7f1d1c94-ff0a-4bb3-a3b2-1e31becb3d9f@group-A8823B900407:t1, leader=null, voted=719c7f2e-9b3f-4e79-a038-a5c87def3235, raftlog=7f1d1c94-ff0a-4bb3-a3b2-1e31becb3d9f@group-A8823B900407-SegmentedRaftLog:OPENED:c-1, conf=-1: [7f1d1c94-ff0a-4bb3-a3b2-1e31becb3d9f|rpc:10.1.0.19:34961|dataStream:|priority:0, c4ab506c-e5ff-4630-83c4-92e6a677ee06|rpc:10.1.0.19:36685|dataStream:|priority:1, 719c7f2e-9b3f-4e79-a038-a5c87def3235|rpc:10.1.0.19:41633|dataStream:|priority:0], old=null
2022-08-09 13:51:59,185 [grpc-default-executor-0] INFO  server.RaftServer$Division (RaftServerImpl.java:requestVote(1152)) - c4ab506c-e5ff-4630-83c4-92e6a677ee06@group-A8823B900407: receive requestVote(ELECTION, 719c7f2e-9b3f-4e79-a038-a5c87def3235, group-A8823B900407, 1, (t:0, i:0))
2022-08-09 13:51:59,185 [grpc-default-executor-0] INFO  impl.VoteContext (VoteContext.java:log(48)) - c4ab506c-e5ff-4630-83c4-92e6a677ee06@group-A8823B900407-FOLLOWER: reject ELECTION from 719c7f2e-9b3f-4e79-a038-a5c87def3235: our priority 1 > candidate's priority 0
2022-08-09 13:51:59,185 [grpc-default-executor-0] INFO  server.RaftServer$Division (RaftServerImpl.java:setRole(299)) - c4ab506c-e5ff-4630-83c4-92e6a677ee06@group-A8823B900407: changes role from  FOLLOWER to FOLLOWER at term 1 for candidate:719c7f2e-9b3f-4e79-a038-a5c87def3235
2022-08-09 13:51:59,185 [grpc-default-executor-0] INFO  impl.RoleInfo (RoleInfo.java:shutdownFollowerState(110)) - c4ab506c-e5ff-4630-83c4-92e6a677ee06: shutdown c4ab506c-e5ff-4630-83c4-92e6a677ee06@group-A8823B900407-FollowerState
2022-08-09 13:51:59,185 [grpc-default-executor-0] INFO  impl.RoleInfo (RoleInfo.java:updateAndGet(139)) - c4ab506c-e5ff-4630-83c4-92e6a677ee06: start c4ab506c-e5ff-4630-83c4-92e6a677ee06@group-A8823B900407-FollowerState
2022-08-09 13:51:59,185 [c4ab506c-e5ff-4630-83c4-92e6a677ee06@group-A8823B900407-FollowerState] INFO  impl.FollowerState (FollowerState.java:run(152)) - c4ab506c-e5ff-4630-83c4-92e6a677ee06@group-A8823B900407-FollowerState was interrupted
2022-08-09 13:51:59,204 [grpc-default-executor-0] INFO  server.RaftServer$Division (RaftServerImpl.java:requestVote(1184)) - c4ab506c-e5ff-4630-83c4-92e6a677ee06@group-A8823B900407 replies to ELECTION vote request: 719c7f2e-9b3f-4e79-a038-a5c87def3235<-c4ab506c-e5ff-4630-83c4-92e6a677ee06#0:FAIL-t1. Peer's state: c4ab506c-e5ff-4630-83c4-92e6a677ee06@group-A8823B900407:t1, leader=null, voted=null, raftlog=c4ab506c-e5ff-4630-83c4-92e6a677ee06@group-A8823B900407-SegmentedRaftLog:OPENED:c-1, conf=-1: [7f1d1c94-ff0a-4bb3-a3b2-1e31becb3d9f|rpc:10.1.0.19:34961|dataStream:|priority:0, c4ab506c-e5ff-4630-83c4-92e6a677ee06|rpc:10.1.0.19:36685|dataStream:|priority:1, 719c7f2e-9b3f-4e79-a038-a5c87def3235|rpc:10.1.0.19:41633|dataStream:|priority:0], old=null
2022-08-09 13:51:59,205 [719c7f2e-9b3f-4e79-a038-a5c87def3235@group-A8823B900407-LeaderElection58] INFO  impl.LeaderElection (LeaderElection.java:logAndReturn(90)) - 719c7f2e-9b3f-4e79-a038-a5c87def3235@group-A8823B900407-LeaderElection58: ELECTION REJECTED received 2 response(s) and 0 exception(s):
2022-08-09 13:51:59,206 [719c7f2e-9b3f-4e79-a038-a5c87def3235@group-A8823B900407-LeaderElection58] INFO  impl.LeaderElection (LeaderElection.java:logAndReturn(94)) -   Response 0: 719c7f2e-9b3f-4e79-a038-a5c87def3235<-7f1d1c94-ff0a-4bb3-a3b2-1e31becb3d9f#0:OK-t1
2022-08-09 13:51:59,206 [719c7f2e-9b3f-4e79-a038-a5c87def3235@group-A8823B900407-LeaderElection58] INFO  impl.LeaderElection (LeaderElection.java:logAndReturn(94)) -   Response 1: 719c7f2e-9b3f-4e79-a038-a5c87def3235<-c4ab506c-e5ff-4630-83c4-92e6a677ee06#0:FAIL-t1
2022-08-09 13:51:59,206 [719c7f2e-9b3f-4e79-a038-a5c87def3235@group-A8823B900407-LeaderElection58] INFO  impl.LeaderElection (LeaderElection.java:askForVotes(312)) - 719c7f2e-9b3f-4e79-a038-a5c87def3235@group-A8823B900407-LeaderElection58 ELECTION round 0: result REJECTED
2022-08-09 13:51:59,206 [719c7f2e-9b3f-4e79-a038-a5c87def3235@group-A8823B900407-LeaderElection58] INFO  server.RaftServer$Division (RaftServerImpl.java:setRole(299)) - 719c7f2e-9b3f-4e79-a038-a5c87def3235@group-A8823B900407: changes role from CANDIDATE to FOLLOWER at term 1 for REJECTED
2022-08-09 13:51:59,206 [719c7f2e-9b3f-4e79-a038-a5c87def3235@group-A8823B900407-LeaderElection58] INFO  impl.RoleInfo (RoleInfo.java:shutdownLeaderElection(130)) - 719c7f2e-9b3f-4e79-a038-a5c87def3235: shutdown 719c7f2e-9b3f-4e79-a038-a5c87def3235@group-A8823B900407-LeaderElection58
2022-08-09 13:51:59,206 [719c7f2e-9b3f-4e79-a038-a5c87def3235@group-A8823B900407-LeaderElection58] INFO  impl.RoleInfo (RoleInfo.java:updateAndGet(139)) - 719c7f2e-9b3f-4e79-a038-a5c87def3235: start 719c7f2e-9b3f-4e79-a038-a5c87def3235@group-A8823B900407-FollowerState
2022-08-09 13:51:59,316 [7f1d1c94-ff0a-4bb3-a3b2-1e31becb3d9f@group-F23426A3DDE8-FollowerState] INFO  impl.FollowerState (FollowerState.java:run(143)) - 7f1d1c94-ff0a-4bb3-a3b2-1e31becb3d9f@group-F23426A3DDE8-FollowerState: change to CANDIDATE, lastRpcElapsedTime:5056778968ns, electionTimeout:5054ms
2022-08-09 13:51:59,316 [7f1d1c94-ff0a-4bb3-a3b2-1e31becb3d9f@group-F23426A3DDE8-FollowerState] INFO  impl.RoleInfo (RoleInfo.java:shutdownFollowerState(110)) - 7f1d1c94-ff0a-4bb3-a3b2-1e31becb3d9f: shutdown 7f1d1c94-ff0a-4bb3-a3b2-1e31becb3d9f@group-F23426A3DDE8-FollowerState
2022-08-09 13:51:59,316 [7f1d1c94-ff0a-4bb3-a3b2-1e31becb3d9f@group-F23426A3DDE8-FollowerState] INFO  server.RaftServer$Division (RaftServerImpl.java:setRole(299)) - 7f1d1c94-ff0a-4bb3-a3b2-1e31becb3d9f@group-F23426A3DDE8: changes role from  FOLLOWER to CANDIDATE at term 0 for changeToCandidate
2022-08-09 13:51:59,316 [7f1d1c94-ff0a-4bb3-a3b2-1e31becb3d9f@group-F23426A3DDE8-FollowerState] INFO  server.RaftServerConfigKeys (ConfUtils.java:logGet(46)) - raft.server.leaderelection.pre-vote = false (custom)
2022-08-09 13:51:59,316 [7f1d1c94-ff0a-4bb3-a3b2-1e31becb3d9f@group-F23426A3DDE8-FollowerState] INFO  impl.RoleInfo (RoleInfo.java:updateAndGet(139)) - 7f1d1c94-ff0a-4bb3-a3b2-1e31becb3d9f: start 7f1d1c94-ff0a-4bb3-a3b2-1e31becb3d9f@group-F23426A3DDE8-LeaderElection59
2022-08-09 13:51:59,367 [7f1d1c94-ff0a-4bb3-a3b2-1e31becb3d9f@group-F23426A3DDE8-LeaderElection59] INFO  impl.LeaderElection (LeaderElection.java:askForVotes(310)) - 7f1d1c94-ff0a-4bb3-a3b2-1e31becb3d9f@group-F23426A3DDE8-LeaderElection59 ELECTION round 0: submit vote requests at term 1 for -1: [7f1d1c94-ff0a-4bb3-a3b2-1e31becb3d9f|rpc:10.1.0.19:34961|priority:1], old=null
2022-08-09 13:51:59,367 [7f1d1c94-ff0a-4bb3-a3b2-1e31becb3d9f@group-F23426A3DDE8-LeaderElection59] INFO  impl.LeaderElection (LeaderElection.java:askForVotes(312)) - 7f1d1c94-ff0a-4bb3-a3b2-1e31becb3d9f@group-F23426A3DDE8-LeaderElection59 ELECTION round 0: result PASSED (term=1)
2022-08-09 13:51:59,367 [7f1d1c94-ff0a-4bb3-a3b2-1e31becb3d9f@group-F23426A3DDE8-LeaderElection59] INFO  impl.RoleInfo (RoleInfo.java:shutdownLeaderElection(130)) - 7f1d1c94-ff0a-4bb3-a3b2-1e31becb3d9f: shutdown 7f1d1c94-ff0a-4bb3-a3b2-1e31becb3d9f@group-F23426A3DDE8-LeaderElection59
2022-08-09 13:51:59,367 [7f1d1c94-ff0a-4bb3-a3b2-1e31becb3d9f@group-F23426A3DDE8-LeaderElection59] INFO  server.RaftServer$Division (RaftServerImpl.java:setRole(299)) - 7f1d1c94-ff0a-4bb3-a3b2-1e31becb3d9f@group-F23426A3DDE8: changes role from CANDIDATE to LEADER at term 1 for changeToLeader
2022-08-09 13:51:59,367 [7f1d1c94-ff0a-4bb3-a3b2-1e31becb3d9f@group-F23426A3DDE8-LeaderElection59] INFO  ratis.XceiverServerRatis (XceiverServerRatis.java:handleLeaderChangedNotification(863)) - Leader change notification received for group: group-F23426A3DDE8 with new leaderId: 7f1d1c94-ff0a-4bb3-a3b2-1e31becb3d9f
2022-08-09 13:51:59,368 [7f1d1c94-ff0a-4bb3-a3b2-1e31becb3d9f@group-F23426A3DDE8-LeaderElection59] INFO  server.RaftServer$Division (ServerState.java:setLeader(287)) - 7f1d1c94-ff0a-4bb3-a3b2-1e31becb3d9f@group-F23426A3DDE8: change Leader from null to 7f1d1c94-ff0a-4bb3-a3b2-1e31becb3d9f at term 1 for becomeLeader, leader elected after 5133ms
2022-08-09 13:51:59,368 [7f1d1c94-ff0a-4bb3-a3b2-1e31becb3d9f@group-F23426A3DDE8-LeaderElection59] INFO  server.RaftServerConfigKeys (ConfUtils.java:logGet(46)) - raft.server.staging.catchup.gap = 1000 (default)
2022-08-09 13:51:59,368 [7f1d1c94-ff0a-4bb3-a3b2-1e31becb3d9f@group-F23426A3DDE8-LeaderElection59] INFO  server.RaftServerConfigKeys (ConfUtils.java:logGet(46)) - raft.server.write.element-limit = 1024 (custom)
2022-08-09 13:51:59,368 [7f1d1c94-ff0a-4bb3-a3b2-1e31becb3d9f@group-F23426A3DDE8-LeaderElection59] INFO  server.RaftServerConfigKeys (ConfUtils.java:logGet(46)) - raft.server.write.byte-limit = 1024 M (=1073741824) (custom)
2022-08-09 13:51:59,369 [7f1d1c94-ff0a-4bb3-a3b2-1e31becb3d9f@group-F23426A3DDE8-LeaderElection59] INFO  server.RaftServerConfigKeys (ConfUtils.java:logGet(46)) - raft.server.watch.timeout = 180s (custom)
2022-08-09 13:51:59,369 [7f1d1c94-ff0a-4bb3-a3b2-1e31becb3d9f@group-F23426A3DDE8-LeaderElection59] INFO  server.RaftServerConfigKeys (ConfUtils.java:logGet(46)) - raft.server.watch.timeout.denomination = 1s (default)
2022-08-09 13:51:59,369 [7f1d1c94-ff0a-4bb3-a3b2-1e31becb3d9f@group-F23426A3DDE8-LeaderElection59] INFO  server.RaftServerConfigKeys (ConfUtils.java:logGet(46)) - raft.server.watch.element-limit = 65536 (default)
2022-08-09 13:51:59,369 [7f1d1c94-ff0a-4bb3-a3b2-1e31becb3d9f@group-F23426A3DDE8-LeaderElection59] INFO  server.RaftServerConfigKeys (ConfUtils.java:logGet(46)) - raft.server.write.element-limit = 1024 (custom)
2022-08-09 13:51:59,369 [7f1d1c94-ff0a-4bb3-a3b2-1e31becb3d9f@group-F23426A3DDE8-LeaderElection59] INFO  server.RaftServerConfigKeys (ConfUtils.java:logGet(46)) - raft.server.write.follower.gap.ratio.max = -1.0 (default)
2022-08-09 13:51:59,369 [7f1d1c94-ff0a-4bb3-a3b2-1e31becb3d9f@group-F23426A3DDE8-LeaderElection59] INFO  impl.RoleInfo (RoleInfo.java:updateAndGet(139)) - 7f1d1c94-ff0a-4bb3-a3b2-1e31becb3d9f: start 7f1d1c94-ff0a-4bb3-a3b2-1e31becb3d9f@group-F23426A3DDE8-LeaderStateImpl
2022-08-09 13:51:59,369 [7f1d1c94-ff0a-4bb3-a3b2-1e31becb3d9f@group-F23426A3DDE8-LeaderElection59] INFO  segmented.SegmentedRaftLogWorker (SegmentedRaftLogWorker.java:startLogSegment(425)) - 7f1d1c94-ff0a-4bb3-a3b2-1e31becb3d9f@group-F23426A3DDE8-SegmentedRaftLogWorker: Starting segment from index:0
2022-08-09 13:51:59,370 [EventQueue-OpenPipelineForHealthyPipelineSafeModeRule] INFO  safemode.SCMSafeModeManager (HealthyPipelineSafeModeRule.java:process(137)) - SCM in safe mode. Healthy pipelines reported count is 0, required healthy pipeline reported count is 1
2022-08-09 13:51:59,372 [7f1d1c94-ff0a-4bb3-a3b2-1e31becb3d9f@group-F23426A3DDE8-SegmentedRaftLogWorker] INFO  segmented.SegmentedRaftLogWorker (SegmentedRaftLogWorker.java:execute(629)) - 7f1d1c94-ff0a-4bb3-a3b2-1e31becb3d9f@group-F23426A3DDE8-SegmentedRaftLogWorker: created new log segment /home/runner/work/ozone/ozone/hadoop-ozone/integration-test/target/test-dir/MiniOzoneClusterImpl-88f81c17-ef50-42a7-8332-c06519bf32f4/datanode-1/data/ratis/e65afc9e-8e41-4fc5-9e89-f23426a3dde8/current/log_inprogress_0
2022-08-09 13:51:59,390 [7f1d1c94-ff0a-4bb3-a3b2-1e31becb3d9f@group-F23426A3DDE8-LeaderElection59] INFO  server.RaftServer$Division (ServerState.java:setRaftConf(393)) - 7f1d1c94-ff0a-4bb3-a3b2-1e31becb3d9f@group-F23426A3DDE8: set configuration 0: [7f1d1c94-ff0a-4bb3-a3b2-1e31becb3d9f|rpc:10.1.0.19:34961|dataStream:|priority:1], old=null
2022-08-09 13:51:59,933 [Listener at 127.0.0.1/44079] INFO  ozone.MiniOzoneClusterImpl (MiniOzoneClusterImpl.java:lambda$waitForClusterToBeReady$0(216)) - Nodes are ready. Got 5 of 5 DN Heartbeats.
2022-08-09 13:51:59,933 [Listener at 127.0.0.1/44079] INFO  ozone.MiniOzoneClusterImpl (MiniOzoneClusterImpl.java:lambda$waitForClusterToBeReady$0(219)) - Waiting for cluster to exit safe mode
2022-08-09 13:51:59,933 [Listener at 127.0.0.1/44079] INFO  ozone.MiniOzoneClusterImpl (MiniOzoneClusterImpl.java:lambda$waitForClusterToBeReady$0(221)) - SCM became leader
2022-08-09 13:52:00,427 [c4ab506c-e5ff-4630-83c4-92e6a677ee06@group-26D9798B3C42-FollowerState] INFO  impl.FollowerState (FollowerState.java:run(143)) - c4ab506c-e5ff-4630-83c4-92e6a677ee06@group-26D9798B3C42-FollowerState: change to CANDIDATE, lastRpcElapsedTime:5200010822ns, electionTimeout:5199ms
2022-08-09 13:52:00,427 [c4ab506c-e5ff-4630-83c4-92e6a677ee06@group-26D9798B3C42-FollowerState] INFO  impl.RoleInfo (RoleInfo.java:shutdownFollowerState(110)) - c4ab506c-e5ff-4630-83c4-92e6a677ee06: shutdown c4ab506c-e5ff-4630-83c4-92e6a677ee06@group-26D9798B3C42-FollowerState
2022-08-09 13:52:00,427 [c4ab506c-e5ff-4630-83c4-92e6a677ee06@group-26D9798B3C42-FollowerState] INFO  server.RaftServer$Division (RaftServerImpl.java:setRole(299)) - c4ab506c-e5ff-4630-83c4-92e6a677ee06@group-26D9798B3C42: changes role from  FOLLOWER to CANDIDATE at term 0 for changeToCandidate
2022-08-09 13:52:00,427 [c4ab506c-e5ff-4630-83c4-92e6a677ee06@group-26D9798B3C42-FollowerState] INFO  server.RaftServerConfigKeys (ConfUtils.java:logGet(46)) - raft.server.leaderelection.pre-vote = false (custom)
2022-08-09 13:52:00,427 [c4ab506c-e5ff-4630-83c4-92e6a677ee06@group-26D9798B3C42-FollowerState] INFO  impl.RoleInfo (RoleInfo.java:updateAndGet(139)) - c4ab506c-e5ff-4630-83c4-92e6a677ee06: start c4ab506c-e5ff-4630-83c4-92e6a677ee06@group-26D9798B3C42-LeaderElection60
2022-08-09 13:52:00,507 [c4ab506c-e5ff-4630-83c4-92e6a677ee06@group-26D9798B3C42-LeaderElection60] INFO  impl.LeaderElection (LeaderElection.java:askForVotes(310)) - c4ab506c-e5ff-4630-83c4-92e6a677ee06@group-26D9798B3C42-LeaderElection60 ELECTION round 0: submit vote requests at term 1 for -1: [c4ab506c-e5ff-4630-83c4-92e6a677ee06|rpc:10.1.0.19:36685|priority:1], old=null
2022-08-09 13:52:00,507 [c4ab506c-e5ff-4630-83c4-92e6a677ee06@group-26D9798B3C42-LeaderElection60] INFO  impl.LeaderElection (LeaderElection.java:askForVotes(312)) - c4ab506c-e5ff-4630-83c4-92e6a677ee06@group-26D9798B3C42-LeaderElection60 ELECTION round 0: result PASSED (term=1)
2022-08-09 13:52:00,507 [c4ab506c-e5ff-4630-83c4-92e6a677ee06@group-26D9798B3C42-LeaderElection60] INFO  impl.RoleInfo (RoleInfo.java:shutdownLeaderElection(130)) - c4ab506c-e5ff-4630-83c4-92e6a677ee06: shutdown c4ab506c-e5ff-4630-83c4-92e6a677ee06@group-26D9798B3C42-LeaderElection60
2022-08-09 13:52:00,507 [c4ab506c-e5ff-4630-83c4-92e6a677ee06@group-26D9798B3C42-LeaderElection60] INFO  server.RaftServer$Division (RaftServerImpl.java:setRole(299)) - c4ab506c-e5ff-4630-83c4-92e6a677ee06@group-26D9798B3C42: changes role from CANDIDATE to LEADER at term 1 for changeToLeader
2022-08-09 13:52:00,507 [c4ab506c-e5ff-4630-83c4-92e6a677ee06@group-26D9798B3C42-LeaderElection60] INFO  ratis.XceiverServerRatis (XceiverServerRatis.java:handleLeaderChangedNotification(863)) - Leader change notification received for group: group-26D9798B3C42 with new leaderId: c4ab506c-e5ff-4630-83c4-92e6a677ee06
2022-08-09 13:52:00,507 [c4ab506c-e5ff-4630-83c4-92e6a677ee06@group-26D9798B3C42-LeaderElection60] INFO  server.RaftServer$Division (ServerState.java:setLeader(287)) - c4ab506c-e5ff-4630-83c4-92e6a677ee06@group-26D9798B3C42: change Leader from null to c4ab506c-e5ff-4630-83c4-92e6a677ee06 at term 1 for becomeLeader, leader elected after 5290ms
2022-08-09 13:52:00,507 [c4ab506c-e5ff-4630-83c4-92e6a677ee06@group-26D9798B3C42-LeaderElection60] INFO  server.RaftServerConfigKeys (ConfUtils.java:logGet(46)) - raft.server.staging.catchup.gap = 1000 (default)
2022-08-09 13:52:00,507 [c4ab506c-e5ff-4630-83c4-92e6a677ee06@group-26D9798B3C42-LeaderElection60] INFO  server.RaftServerConfigKeys (ConfUtils.java:logGet(46)) - raft.server.write.element-limit = 1024 (custom)
2022-08-09 13:52:00,507 [c4ab506c-e5ff-4630-83c4-92e6a677ee06@group-26D9798B3C42-LeaderElection60] INFO  server.RaftServerConfigKeys (ConfUtils.java:logGet(46)) - raft.server.write.byte-limit = 1024 M (=1073741824) (custom)
2022-08-09 13:52:00,508 [c4ab506c-e5ff-4630-83c4-92e6a677ee06@group-26D9798B3C42-LeaderElection60] INFO  server.RaftServerConfigKeys (ConfUtils.java:logGet(46)) - raft.server.watch.timeout = 180s (custom)
2022-08-09 13:52:00,508 [c4ab506c-e5ff-4630-83c4-92e6a677ee06@group-26D9798B3C42-LeaderElection60] INFO  server.RaftServerConfigKeys (ConfUtils.java:logGet(46)) - raft.server.watch.timeout.denomination = 1s (default)
2022-08-09 13:52:00,508 [c4ab506c-e5ff-4630-83c4-92e6a677ee06@group-26D9798B3C42-LeaderElection60] INFO  server.RaftServerConfigKeys (ConfUtils.java:logGet(46)) - raft.server.watch.element-limit = 65536 (default)
2022-08-09 13:52:00,508 [c4ab506c-e5ff-4630-83c4-92e6a677ee06@group-26D9798B3C42-LeaderElection60] INFO  server.RaftServerConfigKeys (ConfUtils.java:logGet(46)) - raft.server.write.element-limit = 1024 (custom)
2022-08-09 13:52:00,508 [c4ab506c-e5ff-4630-83c4-92e6a677ee06@group-26D9798B3C42-LeaderElection60] INFO  server.RaftServerConfigKeys (ConfUtils.java:logGet(46)) - raft.server.write.follower.gap.ratio.max = -1.0 (default)
2022-08-09 13:52:00,508 [c4ab506c-e5ff-4630-83c4-92e6a677ee06@group-26D9798B3C42-LeaderElection60] INFO  impl.RoleInfo (RoleInfo.java:updateAndGet(139)) - c4ab506c-e5ff-4630-83c4-92e6a677ee06: start c4ab506c-e5ff-4630-83c4-92e6a677ee06@group-26D9798B3C42-LeaderStateImpl
2022-08-09 13:52:00,508 [c4ab506c-e5ff-4630-83c4-92e6a677ee06@group-26D9798B3C42-LeaderElection60] INFO  segmented.SegmentedRaftLogWorker (SegmentedRaftLogWorker.java:startLogSegment(425)) - c4ab506c-e5ff-4630-83c4-92e6a677ee06@group-26D9798B3C42-SegmentedRaftLogWorker: Starting segment from index:0
2022-08-09 13:52:00,510 [EventQueue-OpenPipelineForHealthyPipelineSafeModeRule] INFO  safemode.SCMSafeModeManager (HealthyPipelineSafeModeRule.java:process(137)) - SCM in safe mode. Healthy pipelines reported count is 0, required healthy pipeline reported count is 1
2022-08-09 13:52:00,514 [c4ab506c-e5ff-4630-83c4-92e6a677ee06@group-26D9798B3C42-LeaderElection60] INFO  server.RaftServer$Division (ServerState.java:setRaftConf(393)) - c4ab506c-e5ff-4630-83c4-92e6a677ee06@group-26D9798B3C42: set configuration 0: [c4ab506c-e5ff-4630-83c4-92e6a677ee06|rpc:10.1.0.19:36685|dataStream:|priority:1], old=null
2022-08-09 13:52:00,542 [c4ab506c-e5ff-4630-83c4-92e6a677ee06@group-26D9798B3C42-SegmentedRaftLogWorker] INFO  segmented.SegmentedRaftLogWorker (SegmentedRaftLogWorker.java:execute(629)) - c4ab506c-e5ff-4630-83c4-92e6a677ee06@group-26D9798B3C42-SegmentedRaftLogWorker: created new log segment /home/runner/work/ozone/ozone/hadoop-ozone/integration-test/target/test-dir/MiniOzoneClusterImpl-88f81c17-ef50-42a7-8332-c06519bf32f4/datanode-2/data/ratis/138974ce-5373-47f8-aaff-26d9798b3c42/current/log_inprogress_0
2022-08-09 13:52:00,939 [Listener at 127.0.0.1/44079] INFO  ozone.MiniOzoneClusterImpl (MiniOzoneClusterImpl.java:lambda$waitForClusterToBeReady$0(216)) - Nodes are ready. Got 5 of 5 DN Heartbeats.
2022-08-09 13:52:00,939 [Listener at 127.0.0.1/44079] INFO  ozone.MiniOzoneClusterImpl (MiniOzoneClusterImpl.java:lambda$waitForClusterToBeReady$0(219)) - Waiting for cluster to exit safe mode
2022-08-09 13:52:00,939 [Listener at 127.0.0.1/44079] INFO  ozone.MiniOzoneClusterImpl (MiniOzoneClusterImpl.java:lambda$waitForClusterToBeReady$0(221)) - SCM became leader
2022-08-09 13:52:01,891 [d404f66d-97e2-4d92-a65f-8c5f8d00df6e@group-449221AC0774-FollowerState] INFO  impl.FollowerState (FollowerState.java:run(143)) - d404f66d-97e2-4d92-a65f-8c5f8d00df6e@group-449221AC0774-FollowerState: change to CANDIDATE, lastRpcElapsedTime:5145954251ns, electionTimeout:5145ms
2022-08-09 13:52:01,891 [d404f66d-97e2-4d92-a65f-8c5f8d00df6e@group-449221AC0774-FollowerState] INFO  impl.RoleInfo (RoleInfo.java:shutdownFollowerState(110)) - d404f66d-97e2-4d92-a65f-8c5f8d00df6e: shutdown d404f66d-97e2-4d92-a65f-8c5f8d00df6e@group-449221AC0774-FollowerState
2022-08-09 13:52:01,891 [d404f66d-97e2-4d92-a65f-8c5f8d00df6e@group-449221AC0774-FollowerState] INFO  server.RaftServer$Division (RaftServerImpl.java:setRole(299)) - d404f66d-97e2-4d92-a65f-8c5f8d00df6e@group-449221AC0774: changes role from  FOLLOWER to CANDIDATE at term 0 for changeToCandidate
2022-08-09 13:52:01,891 [d404f66d-97e2-4d92-a65f-8c5f8d00df6e@group-449221AC0774-FollowerState] INFO  server.RaftServerConfigKeys (ConfUtils.java:logGet(46)) - raft.server.leaderelection.pre-vote = false (custom)
2022-08-09 13:52:01,891 [d404f66d-97e2-4d92-a65f-8c5f8d00df6e@group-449221AC0774-FollowerState] INFO  impl.RoleInfo (RoleInfo.java:updateAndGet(139)) - d404f66d-97e2-4d92-a65f-8c5f8d00df6e: start d404f66d-97e2-4d92-a65f-8c5f8d00df6e@group-449221AC0774-LeaderElection61
2022-08-09 13:52:01,932 [d404f66d-97e2-4d92-a65f-8c5f8d00df6e@group-449221AC0774-LeaderElection61] INFO  impl.LeaderElection (LeaderElection.java:askForVotes(310)) - d404f66d-97e2-4d92-a65f-8c5f8d00df6e@group-449221AC0774-LeaderElection61 ELECTION round 0: submit vote requests at term 1 for -1: [d404f66d-97e2-4d92-a65f-8c5f8d00df6e|rpc:10.1.0.19:38445|priority:1], old=null
2022-08-09 13:52:01,932 [d404f66d-97e2-4d92-a65f-8c5f8d00df6e@group-449221AC0774-LeaderElection61] INFO  impl.LeaderElection (LeaderElection.java:askForVotes(312)) - d404f66d-97e2-4d92-a65f-8c5f8d00df6e@group-449221AC0774-LeaderElection61 ELECTION round 0: result PASSED (term=1)
2022-08-09 13:52:01,932 [d404f66d-97e2-4d92-a65f-8c5f8d00df6e@group-449221AC0774-LeaderElection61] INFO  impl.RoleInfo (RoleInfo.java:shutdownLeaderElection(130)) - d404f66d-97e2-4d92-a65f-8c5f8d00df6e: shutdown d404f66d-97e2-4d92-a65f-8c5f8d00df6e@group-449221AC0774-LeaderElection61
2022-08-09 13:52:01,933 [d404f66d-97e2-4d92-a65f-8c5f8d00df6e@group-449221AC0774-LeaderElection61] INFO  server.RaftServer$Division (RaftServerImpl.java:setRole(299)) - d404f66d-97e2-4d92-a65f-8c5f8d00df6e@group-449221AC0774: changes role from CANDIDATE to LEADER at term 1 for changeToLeader
2022-08-09 13:52:01,933 [d404f66d-97e2-4d92-a65f-8c5f8d00df6e@group-449221AC0774-LeaderElection61] INFO  ratis.XceiverServerRatis (XceiverServerRatis.java:handleLeaderChangedNotification(863)) - Leader change notification received for group: group-449221AC0774 with new leaderId: d404f66d-97e2-4d92-a65f-8c5f8d00df6e
2022-08-09 13:52:01,933 [d404f66d-97e2-4d92-a65f-8c5f8d00df6e@group-449221AC0774-LeaderElection61] INFO  server.RaftServer$Division (ServerState.java:setLeader(287)) - d404f66d-97e2-4d92-a65f-8c5f8d00df6e@group-449221AC0774: change Leader from null to d404f66d-97e2-4d92-a65f-8c5f8d00df6e at term 1 for becomeLeader, leader elected after 5207ms
2022-08-09 13:52:01,933 [d404f66d-97e2-4d92-a65f-8c5f8d00df6e@group-449221AC0774-LeaderElection61] INFO  server.RaftServerConfigKeys (ConfUtils.java:logGet(46)) - raft.server.staging.catchup.gap = 1000 (default)
2022-08-09 13:52:01,934 [EventQueue-OpenPipelineForHealthyPipelineSafeModeRule] INFO  safemode.SCMSafeModeManager (HealthyPipelineSafeModeRule.java:process(137)) - SCM in safe mode. Healthy pipelines reported count is 0, required healthy pipeline reported count is 1
2022-08-09 13:52:01,934 [d404f66d-97e2-4d92-a65f-8c5f8d00df6e@group-449221AC0774-LeaderElection61] INFO  server.RaftServerConfigKeys (ConfUtils.java:logGet(46)) - raft.server.write.element-limit = 1024 (custom)
2022-08-09 13:52:01,934 [d404f66d-97e2-4d92-a65f-8c5f8d00df6e@group-449221AC0774-LeaderElection61] INFO  server.RaftServerConfigKeys (ConfUtils.java:logGet(46)) - raft.server.write.byte-limit = 1024 M (=1073741824) (custom)
2022-08-09 13:52:01,934 [d404f66d-97e2-4d92-a65f-8c5f8d00df6e@group-449221AC0774-LeaderElection61] INFO  server.RaftServerConfigKeys (ConfUtils.java:logGet(46)) - raft.server.watch.timeout = 180s (custom)
2022-08-09 13:52:01,935 [d404f66d-97e2-4d92-a65f-8c5f8d00df6e@group-449221AC0774-LeaderElection61] INFO  server.RaftServerConfigKeys (ConfUtils.java:logGet(46)) - raft.server.watch.timeout.denomination = 1s (default)
2022-08-09 13:52:01,935 [d404f66d-97e2-4d92-a65f-8c5f8d00df6e@group-449221AC0774-LeaderElection61] INFO  server.RaftServerConfigKeys (ConfUtils.java:logGet(46)) - raft.server.watch.element-limit = 65536 (default)
2022-08-09 13:52:01,935 [d404f66d-97e2-4d92-a65f-8c5f8d00df6e@group-449221AC0774-LeaderElection61] INFO  server.RaftServerConfigKeys (ConfUtils.java:logGet(46)) - raft.server.write.element-limit = 1024 (custom)
2022-08-09 13:52:01,935 [d404f66d-97e2-4d92-a65f-8c5f8d00df6e@group-449221AC0774-LeaderElection61] INFO  server.RaftServerConfigKeys (ConfUtils.java:logGet(46)) - raft.server.write.follower.gap.ratio.max = -1.0 (default)
2022-08-09 13:52:01,935 [d404f66d-97e2-4d92-a65f-8c5f8d00df6e@group-449221AC0774-LeaderElection61] INFO  impl.RoleInfo (RoleInfo.java:updateAndGet(139)) - d404f66d-97e2-4d92-a65f-8c5f8d00df6e: start d404f66d-97e2-4d92-a65f-8c5f8d00df6e@group-449221AC0774-LeaderStateImpl
2022-08-09 13:52:01,935 [d404f66d-97e2-4d92-a65f-8c5f8d00df6e@group-449221AC0774-LeaderElection61] INFO  segmented.SegmentedRaftLogWorker (SegmentedRaftLogWorker.java:startLogSegment(425)) - d404f66d-97e2-4d92-a65f-8c5f8d00df6e@group-449221AC0774-SegmentedRaftLogWorker: Starting segment from index:0
2022-08-09 13:52:01,945 [d404f66d-97e2-4d92-a65f-8c5f8d00df6e@group-449221AC0774-LeaderElection61] INFO  server.RaftServer$Division (ServerState.java:setRaftConf(393)) - d404f66d-97e2-4d92-a65f-8c5f8d00df6e@group-449221AC0774: set configuration 0: [d404f66d-97e2-4d92-a65f-8c5f8d00df6e|rpc:10.1.0.19:38445|dataStream:|priority:1], old=null
2022-08-09 13:52:01,983 [d404f66d-97e2-4d92-a65f-8c5f8d00df6e@group-449221AC0774-SegmentedRaftLogWorker] INFO  segmented.SegmentedRaftLogWorker (SegmentedRaftLogWorker.java:execute(629)) - d404f66d-97e2-4d92-a65f-8c5f8d00df6e@group-449221AC0774-SegmentedRaftLogWorker: created new log segment /home/runner/work/ozone/ozone/hadoop-ozone/integration-test/target/test-dir/MiniOzoneClusterImpl-88f81c17-ef50-42a7-8332-c06519bf32f4/datanode-3/data/ratis/90e0ad31-aa17-44d6-900f-449221ac0774/current/log_inprogress_0
2022-08-09 13:52:01,986 [Listener at 127.0.0.1/44079] INFO  ozone.MiniOzoneClusterImpl (MiniOzoneClusterImpl.java:lambda$waitForClusterToBeReady$0(216)) - Nodes are ready. Got 5 of 5 DN Heartbeats.
2022-08-09 13:52:01,986 [Listener at 127.0.0.1/44079] INFO  ozone.MiniOzoneClusterImpl (MiniOzoneClusterImpl.java:lambda$waitForClusterToBeReady$0(219)) - Waiting for cluster to exit safe mode
2022-08-09 13:52:01,986 [Listener at 127.0.0.1/44079] INFO  ozone.MiniOzoneClusterImpl (MiniOzoneClusterImpl.java:lambda$waitForClusterToBeReady$0(221)) - SCM became leader
2022-08-09 13:52:02,611 [UnderReplicatedQueueThreadThread] INFO  replication.UnderReplicatedProcessor (UnderReplicatedProcessor.java:processAll(85)) - Processed 0 under replicated containers, failed processing 0
2022-08-09 13:52:02,611 [OverReplicatedQueueThreadThread] INFO  replication.OverReplicatedProcessor (OverReplicatedProcessor.java:processAll(83)) - Processed 0 over replicated containers, failed processing 0
2022-08-09 13:52:02,986 [Listener at 127.0.0.1/44079] INFO  ozone.MiniOzoneClusterImpl (MiniOzoneClusterImpl.java:lambda$waitForClusterToBeReady$0(216)) - Nodes are ready. Got 5 of 5 DN Heartbeats.
2022-08-09 13:52:02,987 [Listener at 127.0.0.1/44079] INFO  ozone.MiniOzoneClusterImpl (MiniOzoneClusterImpl.java:lambda$waitForClusterToBeReady$0(219)) - Waiting for cluster to exit safe mode
2022-08-09 13:52:02,987 [Listener at 127.0.0.1/44079] INFO  ozone.MiniOzoneClusterImpl (MiniOzoneClusterImpl.java:lambda$waitForClusterToBeReady$0(221)) - SCM became leader
2022-08-09 13:52:03,281 [3bac5bb1-bc16-454d-9924-1bb7373e00e4@group-DAE1647752AC-FollowerState] INFO  impl.FollowerState (FollowerState.java:run(143)) - 3bac5bb1-bc16-454d-9924-1bb7373e00e4@group-DAE1647752AC-FollowerState: change to CANDIDATE, lastRpcElapsedTime:5139562466ns, electionTimeout:5121ms
2022-08-09 13:52:03,281 [3bac5bb1-bc16-454d-9924-1bb7373e00e4@group-DAE1647752AC-FollowerState] INFO  impl.RoleInfo (RoleInfo.java:shutdownFollowerState(110)) - 3bac5bb1-bc16-454d-9924-1bb7373e00e4: shutdown 3bac5bb1-bc16-454d-9924-1bb7373e00e4@group-DAE1647752AC-FollowerState
2022-08-09 13:52:03,281 [3bac5bb1-bc16-454d-9924-1bb7373e00e4@group-DAE1647752AC-FollowerState] INFO  server.RaftServer$Division (RaftServerImpl.java:setRole(299)) - 3bac5bb1-bc16-454d-9924-1bb7373e00e4@group-DAE1647752AC: changes role from  FOLLOWER to CANDIDATE at term 0 for changeToCandidate
2022-08-09 13:52:03,281 [3bac5bb1-bc16-454d-9924-1bb7373e00e4@group-DAE1647752AC-FollowerState] INFO  server.RaftServerConfigKeys (ConfUtils.java:logGet(46)) - raft.server.leaderelection.pre-vote = false (custom)
2022-08-09 13:52:03,281 [3bac5bb1-bc16-454d-9924-1bb7373e00e4@group-DAE1647752AC-FollowerState] INFO  impl.RoleInfo (RoleInfo.java:updateAndGet(139)) - 3bac5bb1-bc16-454d-9924-1bb7373e00e4: start 3bac5bb1-bc16-454d-9924-1bb7373e00e4@group-DAE1647752AC-LeaderElection62
2022-08-09 13:52:03,369 [3bac5bb1-bc16-454d-9924-1bb7373e00e4@group-DAE1647752AC-LeaderElection62] INFO  impl.LeaderElection (LeaderElection.java:askForVotes(310)) - 3bac5bb1-bc16-454d-9924-1bb7373e00e4@group-DAE1647752AC-LeaderElection62 ELECTION round 0: submit vote requests at term 1 for -1: [3bac5bb1-bc16-454d-9924-1bb7373e00e4|rpc:10.1.0.19:37547|priority:1], old=null
2022-08-09 13:52:03,369 [3bac5bb1-bc16-454d-9924-1bb7373e00e4@group-DAE1647752AC-LeaderElection62] INFO  impl.LeaderElection (LeaderElection.java:askForVotes(312)) - 3bac5bb1-bc16-454d-9924-1bb7373e00e4@group-DAE1647752AC-LeaderElection62 ELECTION round 0: result PASSED (term=1)
2022-08-09 13:52:03,369 [3bac5bb1-bc16-454d-9924-1bb7373e00e4@group-DAE1647752AC-LeaderElection62] INFO  impl.RoleInfo (RoleInfo.java:shutdownLeaderElection(130)) - 3bac5bb1-bc16-454d-9924-1bb7373e00e4: shutdown 3bac5bb1-bc16-454d-9924-1bb7373e00e4@group-DAE1647752AC-LeaderElection62
2022-08-09 13:52:03,369 [3bac5bb1-bc16-454d-9924-1bb7373e00e4@group-DAE1647752AC-LeaderElection62] INFO  server.RaftServer$Division (RaftServerImpl.java:setRole(299)) - 3bac5bb1-bc16-454d-9924-1bb7373e00e4@group-DAE1647752AC: changes role from CANDIDATE to LEADER at term 1 for changeToLeader
2022-08-09 13:52:03,369 [3bac5bb1-bc16-454d-9924-1bb7373e00e4@group-DAE1647752AC-LeaderElection62] INFO  ratis.XceiverServerRatis (XceiverServerRatis.java:handleLeaderChangedNotification(863)) - Leader change notification received for group: group-DAE1647752AC with new leaderId: 3bac5bb1-bc16-454d-9924-1bb7373e00e4
2022-08-09 13:52:03,369 [3bac5bb1-bc16-454d-9924-1bb7373e00e4@group-DAE1647752AC-LeaderElection62] INFO  server.RaftServer$Division (ServerState.java:setLeader(287)) - 3bac5bb1-bc16-454d-9924-1bb7373e00e4@group-DAE1647752AC: change Leader from null to 3bac5bb1-bc16-454d-9924-1bb7373e00e4 at term 1 for becomeLeader, leader elected after 5262ms
2022-08-09 13:52:03,369 [3bac5bb1-bc16-454d-9924-1bb7373e00e4@group-DAE1647752AC-LeaderElection62] INFO  server.RaftServerConfigKeys (ConfUtils.java:logGet(46)) - raft.server.staging.catchup.gap = 1000 (default)
2022-08-09 13:52:03,369 [3bac5bb1-bc16-454d-9924-1bb7373e00e4@group-DAE1647752AC-LeaderElection62] INFO  server.RaftServerConfigKeys (ConfUtils.java:logGet(46)) - raft.server.write.element-limit = 1024 (custom)
2022-08-09 13:52:03,369 [3bac5bb1-bc16-454d-9924-1bb7373e00e4@group-DAE1647752AC-LeaderElection62] INFO  server.RaftServerConfigKeys (ConfUtils.java:logGet(46)) - raft.server.write.byte-limit = 1024 M (=1073741824) (custom)
2022-08-09 13:52:03,370 [3bac5bb1-bc16-454d-9924-1bb7373e00e4@group-DAE1647752AC-LeaderElection62] INFO  server.RaftServerConfigKeys (ConfUtils.java:logGet(46)) - raft.server.watch.timeout = 180s (custom)
2022-08-09 13:52:03,370 [3bac5bb1-bc16-454d-9924-1bb7373e00e4@group-DAE1647752AC-LeaderElection62] INFO  server.RaftServerConfigKeys (ConfUtils.java:logGet(46)) - raft.server.watch.timeout.denomination = 1s (default)
2022-08-09 13:52:03,370 [3bac5bb1-bc16-454d-9924-1bb7373e00e4@group-DAE1647752AC-LeaderElection62] INFO  server.RaftServerConfigKeys (ConfUtils.java:logGet(46)) - raft.server.watch.element-limit = 65536 (default)
2022-08-09 13:52:03,370 [3bac5bb1-bc16-454d-9924-1bb7373e00e4@group-DAE1647752AC-LeaderElection62] INFO  server.RaftServerConfigKeys (ConfUtils.java:logGet(46)) - raft.server.write.element-limit = 1024 (custom)
2022-08-09 13:52:03,370 [3bac5bb1-bc16-454d-9924-1bb7373e00e4@group-DAE1647752AC-LeaderElection62] INFO  server.RaftServerConfigKeys (ConfUtils.java:logGet(46)) - raft.server.write.follower.gap.ratio.max = -1.0 (default)
2022-08-09 13:52:03,370 [3bac5bb1-bc16-454d-9924-1bb7373e00e4@group-DAE1647752AC-LeaderElection62] INFO  impl.RoleInfo (RoleInfo.java:updateAndGet(139)) - 3bac5bb1-bc16-454d-9924-1bb7373e00e4: start 3bac5bb1-bc16-454d-9924-1bb7373e00e4@group-DAE1647752AC-LeaderStateImpl
2022-08-09 13:52:03,372 [3bac5bb1-bc16-454d-9924-1bb7373e00e4@group-DAE1647752AC-LeaderElection62] INFO  segmented.SegmentedRaftLogWorker (SegmentedRaftLogWorker.java:startLogSegment(425)) - 3bac5bb1-bc16-454d-9924-1bb7373e00e4@group-DAE1647752AC-SegmentedRaftLogWorker: Starting segment from index:0
2022-08-09 13:52:03,373 [3bac5bb1-bc16-454d-9924-1bb7373e00e4@group-DAE1647752AC-SegmentedRaftLogWorker] INFO  segmented.SegmentedRaftLogWorker (SegmentedRaftLogWorker.java:execute(629)) - 3bac5bb1-bc16-454d-9924-1bb7373e00e4@group-DAE1647752AC-SegmentedRaftLogWorker: created new log segment /home/runner/work/ozone/ozone/hadoop-ozone/integration-test/target/test-dir/MiniOzoneClusterImpl-88f81c17-ef50-42a7-8332-c06519bf32f4/datanode-4/data/ratis/4158e0f5-a9f7-49a8-8bef-dae1647752ac/current/log_inprogress_0
2022-08-09 13:52:03,374 [EventQueue-OpenPipelineForHealthyPipelineSafeModeRule] INFO  safemode.SCMSafeModeManager (HealthyPipelineSafeModeRule.java:process(137)) - SCM in safe mode. Healthy pipelines reported count is 0, required healthy pipeline reported count is 1
2022-08-09 13:52:03,409 [3bac5bb1-bc16-454d-9924-1bb7373e00e4@group-DAE1647752AC-LeaderElection62] INFO  server.RaftServer$Division (ServerState.java:setRaftConf(393)) - 3bac5bb1-bc16-454d-9924-1bb7373e00e4@group-DAE1647752AC: set configuration 0: [3bac5bb1-bc16-454d-9924-1bb7373e00e4|rpc:10.1.0.19:37547|dataStream:|priority:1], old=null
2022-08-09 13:52:03,810 [7f1d1c94-ff0a-4bb3-a3b2-1e31becb3d9f@group-713A4CCB84F6-FollowerState] INFO  impl.FollowerState (FollowerState.java:run(143)) - 7f1d1c94-ff0a-4bb3-a3b2-1e31becb3d9f@group-713A4CCB84F6-FollowerState: change to CANDIDATE, lastRpcElapsedTime:5065555256ns, electionTimeout:5047ms
2022-08-09 13:52:03,810 [7f1d1c94-ff0a-4bb3-a3b2-1e31becb3d9f@group-713A4CCB84F6-FollowerState] INFO  impl.RoleInfo (RoleInfo.java:shutdownFollowerState(110)) - 7f1d1c94-ff0a-4bb3-a3b2-1e31becb3d9f: shutdown 7f1d1c94-ff0a-4bb3-a3b2-1e31becb3d9f@group-713A4CCB84F6-FollowerState
2022-08-09 13:52:03,810 [7f1d1c94-ff0a-4bb3-a3b2-1e31becb3d9f@group-713A4CCB84F6-FollowerState] INFO  server.RaftServer$Division (RaftServerImpl.java:setRole(299)) - 7f1d1c94-ff0a-4bb3-a3b2-1e31becb3d9f@group-713A4CCB84F6: changes role from  FOLLOWER to CANDIDATE at term 1 for changeToCandidate
2022-08-09 13:52:03,811 [7f1d1c94-ff0a-4bb3-a3b2-1e31becb3d9f@group-713A4CCB84F6-FollowerState] INFO  server.RaftServerConfigKeys (ConfUtils.java:logGet(46)) - raft.server.leaderelection.pre-vote = false (custom)
2022-08-09 13:52:03,811 [7f1d1c94-ff0a-4bb3-a3b2-1e31becb3d9f@group-713A4CCB84F6-FollowerState] INFO  impl.RoleInfo (RoleInfo.java:updateAndGet(139)) - 7f1d1c94-ff0a-4bb3-a3b2-1e31becb3d9f: start 7f1d1c94-ff0a-4bb3-a3b2-1e31becb3d9f@group-713A4CCB84F6-LeaderElection63
2022-08-09 13:52:03,863 [7f1d1c94-ff0a-4bb3-a3b2-1e31becb3d9f@group-713A4CCB84F6-LeaderElection63] INFO  impl.LeaderElection (LeaderElection.java:askForVotes(310)) - 7f1d1c94-ff0a-4bb3-a3b2-1e31becb3d9f@group-713A4CCB84F6-LeaderElection63 ELECTION round 0: submit vote requests at term 2 for -1: [7f1d1c94-ff0a-4bb3-a3b2-1e31becb3d9f|rpc:10.1.0.19:34961|dataStream:|priority:1, c4ab506c-e5ff-4630-83c4-92e6a677ee06|rpc:10.1.0.19:36685|dataStream:|priority:0, 719c7f2e-9b3f-4e79-a038-a5c87def3235|rpc:10.1.0.19:41633|dataStream:|priority:0], old=null
2022-08-09 13:52:03,895 [grpc-default-executor-0] INFO  server.RaftServer$Division (RaftServerImpl.java:requestVote(1152)) - c4ab506c-e5ff-4630-83c4-92e6a677ee06@group-713A4CCB84F6: receive requestVote(ELECTION, 7f1d1c94-ff0a-4bb3-a3b2-1e31becb3d9f, group-713A4CCB84F6, 2, (t:0, i:0))
2022-08-09 13:52:03,896 [grpc-default-executor-0] INFO  impl.VoteContext (VoteContext.java:log(48)) - c4ab506c-e5ff-4630-83c4-92e6a677ee06@group-713A4CCB84F6-FOLLOWER: accept ELECTION from 7f1d1c94-ff0a-4bb3-a3b2-1e31becb3d9f: our priority 0 <= candidate's priority 1
2022-08-09 13:52:03,896 [grpc-default-executor-0] INFO  server.RaftServer$Division (RaftServerImpl.java:setRole(299)) - c4ab506c-e5ff-4630-83c4-92e6a677ee06@group-713A4CCB84F6: changes role from  FOLLOWER to FOLLOWER at term 2 for candidate:7f1d1c94-ff0a-4bb3-a3b2-1e31becb3d9f
2022-08-09 13:52:03,896 [grpc-default-executor-0] INFO  impl.RoleInfo (RoleInfo.java:shutdownFollowerState(110)) - c4ab506c-e5ff-4630-83c4-92e6a677ee06: shutdown c4ab506c-e5ff-4630-83c4-92e6a677ee06@group-713A4CCB84F6-FollowerState
2022-08-09 13:52:03,896 [grpc-default-executor-0] INFO  impl.RoleInfo (RoleInfo.java:updateAndGet(139)) - c4ab506c-e5ff-4630-83c4-92e6a677ee06: start c4ab506c-e5ff-4630-83c4-92e6a677ee06@group-713A4CCB84F6-FollowerState
2022-08-09 13:52:03,896 [c4ab506c-e5ff-4630-83c4-92e6a677ee06@group-713A4CCB84F6-FollowerState] INFO  impl.FollowerState (FollowerState.java:run(152)) - c4ab506c-e5ff-4630-83c4-92e6a677ee06@group-713A4CCB84F6-FollowerState was interrupted
2022-08-09 13:52:03,906 [grpc-default-executor-0] INFO  server.RaftServer$Division (RaftServerImpl.java:requestVote(1184)) - c4ab506c-e5ff-4630-83c4-92e6a677ee06@group-713A4CCB84F6 replies to ELECTION vote request: 7f1d1c94-ff0a-4bb3-a3b2-1e31becb3d9f<-c4ab506c-e5ff-4630-83c4-92e6a677ee06#0:OK-t2. Peer's state: c4ab506c-e5ff-4630-83c4-92e6a677ee06@group-713A4CCB84F6:t2, leader=null, voted=7f1d1c94-ff0a-4bb3-a3b2-1e31becb3d9f, raftlog=c4ab506c-e5ff-4630-83c4-92e6a677ee06@group-713A4CCB84F6-SegmentedRaftLog:OPENED:c-1, conf=-1: [7f1d1c94-ff0a-4bb3-a3b2-1e31becb3d9f|rpc:10.1.0.19:34961|dataStream:|priority:1, c4ab506c-e5ff-4630-83c4-92e6a677ee06|rpc:10.1.0.19:36685|dataStream:|priority:0, 719c7f2e-9b3f-4e79-a038-a5c87def3235|rpc:10.1.0.19:41633|dataStream:|priority:0], old=null
2022-08-09 13:52:03,987 [Listener at 127.0.0.1/44079] INFO  ozone.MiniOzoneClusterImpl (MiniOzoneClusterImpl.java:lambda$waitForClusterToBeReady$0(216)) - Nodes are ready. Got 5 of 5 DN Heartbeats.
2022-08-09 13:52:03,987 [Listener at 127.0.0.1/44079] INFO  ozone.MiniOzoneClusterImpl (MiniOzoneClusterImpl.java:lambda$waitForClusterToBeReady$0(219)) - Waiting for cluster to exit safe mode
2022-08-09 13:52:03,987 [Listener at 127.0.0.1/44079] INFO  ozone.MiniOzoneClusterImpl (MiniOzoneClusterImpl.java:lambda$waitForClusterToBeReady$0(221)) - SCM became leader
2022-08-09 13:52:03,994 [719c7f2e-9b3f-4e79-a038-a5c87def3235@group-713A4CCB84F6-FollowerState] INFO  impl.FollowerState (FollowerState.java:run(143)) - 719c7f2e-9b3f-4e79-a038-a5c87def3235@group-713A4CCB84F6-FollowerState: change to CANDIDATE, lastRpcElapsedTime:5212277356ns, electionTimeout:5126ms
2022-08-09 13:52:03,994 [719c7f2e-9b3f-4e79-a038-a5c87def3235@group-713A4CCB84F6-FollowerState] INFO  impl.RoleInfo (RoleInfo.java:shutdownFollowerState(110)) - 719c7f2e-9b3f-4e79-a038-a5c87def3235: shutdown 719c7f2e-9b3f-4e79-a038-a5c87def3235@group-713A4CCB84F6-FollowerState
2022-08-09 13:52:03,994 [719c7f2e-9b3f-4e79-a038-a5c87def3235@group-713A4CCB84F6-FollowerState] INFO  server.RaftServer$Division (RaftServerImpl.java:setRole(299)) - 719c7f2e-9b3f-4e79-a038-a5c87def3235@group-713A4CCB84F6: changes role from  FOLLOWER to CANDIDATE at term 1 for changeToCandidate
2022-08-09 13:52:03,994 [719c7f2e-9b3f-4e79-a038-a5c87def3235@group-713A4CCB84F6-FollowerState] INFO  server.RaftServerConfigKeys (ConfUtils.java:logGet(46)) - raft.server.leaderelection.pre-vote = false (custom)
2022-08-09 13:52:03,994 [719c7f2e-9b3f-4e79-a038-a5c87def3235@group-713A4CCB84F6-FollowerState] INFO  impl.RoleInfo (RoleInfo.java:updateAndGet(139)) - 719c7f2e-9b3f-4e79-a038-a5c87def3235: start 719c7f2e-9b3f-4e79-a038-a5c87def3235@group-713A4CCB84F6-LeaderElection64
2022-08-09 13:52:04,008 [7f1d1c94-ff0a-4bb3-a3b2-1e31becb3d9f@group-713A4CCB84F6-LeaderElection63] INFO  impl.LeaderElection (LeaderElection.java:logAndReturn(90)) - 7f1d1c94-ff0a-4bb3-a3b2-1e31becb3d9f@group-713A4CCB84F6-LeaderElection63: ELECTION PASSED received 1 response(s) and 0 exception(s):
2022-08-09 13:52:04,008 [grpc-default-executor-0] INFO  server.RaftServer$Division (RaftServerImpl.java:requestVote(1152)) - 719c7f2e-9b3f-4e79-a038-a5c87def3235@group-713A4CCB84F6: receive requestVote(ELECTION, 7f1d1c94-ff0a-4bb3-a3b2-1e31becb3d9f, group-713A4CCB84F6, 2, (t:0, i:0))
2022-08-09 13:52:04,008 [7f1d1c94-ff0a-4bb3-a3b2-1e31becb3d9f@group-713A4CCB84F6-LeaderElection63] INFO  impl.LeaderElection (LeaderElection.java:logAndReturn(94)) -   Response 0: 7f1d1c94-ff0a-4bb3-a3b2-1e31becb3d9f<-c4ab506c-e5ff-4630-83c4-92e6a677ee06#0:OK-t2
2022-08-09 13:52:04,008 [7f1d1c94-ff0a-4bb3-a3b2-1e31becb3d9f@group-713A4CCB84F6-LeaderElection63] INFO  impl.LeaderElection (LeaderElection.java:askForVotes(312)) - 7f1d1c94-ff0a-4bb3-a3b2-1e31becb3d9f@group-713A4CCB84F6-LeaderElection63 ELECTION round 0: result PASSED
2022-08-09 13:52:04,009 [719c7f2e-9b3f-4e79-a038-a5c87def3235@group-713A4CCB84F6-LeaderElection64] INFO  impl.LeaderElection (LeaderElection.java:askForVotes(310)) - 719c7f2e-9b3f-4e79-a038-a5c87def3235@group-713A4CCB84F6-LeaderElection64 ELECTION round 0: submit vote requests at term 2 for -1: [7f1d1c94-ff0a-4bb3-a3b2-1e31becb3d9f|rpc:10.1.0.19:34961|priority:1, c4ab506c-e5ff-4630-83c4-92e6a677ee06|rpc:10.1.0.19:36685|priority:0, 719c7f2e-9b3f-4e79-a038-a5c87def3235|rpc:10.1.0.19:41633|priority:0], old=null
2022-08-09 13:52:04,009 [7f1d1c94-ff0a-4bb3-a3b2-1e31becb3d9f@group-713A4CCB84F6-LeaderElection63] INFO  impl.RoleInfo (RoleInfo.java:shutdownLeaderElection(130)) - 7f1d1c94-ff0a-4bb3-a3b2-1e31becb3d9f: shutdown 7f1d1c94-ff0a-4bb3-a3b2-1e31becb3d9f@group-713A4CCB84F6-LeaderElection63
2022-08-09 13:52:04,009 [7f1d1c94-ff0a-4bb3-a3b2-1e31becb3d9f@group-713A4CCB84F6-LeaderElection63] INFO  server.RaftServer$Division (RaftServerImpl.java:setRole(299)) - 7f1d1c94-ff0a-4bb3-a3b2-1e31becb3d9f@group-713A4CCB84F6: changes role from CANDIDATE to LEADER at term 2 for changeToLeader
2022-08-09 13:52:04,009 [7f1d1c94-ff0a-4bb3-a3b2-1e31becb3d9f@group-713A4CCB84F6-LeaderElection63] INFO  ratis.XceiverServerRatis (XceiverServerRatis.java:handleLeaderChangedNotification(863)) - Leader change notification received for group: group-713A4CCB84F6 with new leaderId: 7f1d1c94-ff0a-4bb3-a3b2-1e31becb3d9f
2022-08-09 13:52:04,009 [grpc-default-executor-0] INFO  impl.VoteContext (VoteContext.java:log(48)) - 719c7f2e-9b3f-4e79-a038-a5c87def3235@group-713A4CCB84F6-CANDIDATE: reject ELECTION from 7f1d1c94-ff0a-4bb3-a3b2-1e31becb3d9f: already has voted for 719c7f2e-9b3f-4e79-a038-a5c87def3235 at current term 2
2022-08-09 13:52:04,009 [grpc-default-executor-0] INFO  server.RaftServer$Division (RaftServerImpl.java:requestVote(1184)) - 719c7f2e-9b3f-4e79-a038-a5c87def3235@group-713A4CCB84F6 replies to ELECTION vote request: 7f1d1c94-ff0a-4bb3-a3b2-1e31becb3d9f<-719c7f2e-9b3f-4e79-a038-a5c87def3235#0:FAIL-t2. Peer's state: 719c7f2e-9b3f-4e79-a038-a5c87def3235@group-713A4CCB84F6:t2, leader=null, voted=719c7f2e-9b3f-4e79-a038-a5c87def3235, raftlog=719c7f2e-9b3f-4e79-a038-a5c87def3235@group-713A4CCB84F6-SegmentedRaftLog:OPENED:c-1, conf=-1: [7f1d1c94-ff0a-4bb3-a3b2-1e31becb3d9f|rpc:10.1.0.19:34961|priority:1, c4ab506c-e5ff-4630-83c4-92e6a677ee06|rpc:10.1.0.19:36685|priority:0, 719c7f2e-9b3f-4e79-a038-a5c87def3235|rpc:10.1.0.19:41633|priority:0], old=null
2022-08-09 13:52:04,031 [7f1d1c94-ff0a-4bb3-a3b2-1e31becb3d9f@group-713A4CCB84F6-LeaderElection63] INFO  server.RaftServer$Division (ServerState.java:setLeader(287)) - 7f1d1c94-ff0a-4bb3-a3b2-1e31becb3d9f@group-713A4CCB84F6: change Leader from null to 7f1d1c94-ff0a-4bb3-a3b2-1e31becb3d9f at term 2 for becomeLeader, leader elected after 10129ms
2022-08-09 13:52:04,031 [7f1d1c94-ff0a-4bb3-a3b2-1e31becb3d9f@group-713A4CCB84F6-LeaderElection63] INFO  server.RaftServerConfigKeys (ConfUtils.java:logGet(46)) - raft.server.staging.catchup.gap = 1000 (default)
2022-08-09 13:52:04,031 [7f1d1c94-ff0a-4bb3-a3b2-1e31becb3d9f@group-713A4CCB84F6-LeaderElection63] INFO  server.RaftServerConfigKeys (ConfUtils.java:logGet(46)) - raft.server.write.element-limit = 1024 (custom)
2022-08-09 13:52:04,031 [7f1d1c94-ff0a-4bb3-a3b2-1e31becb3d9f@group-713A4CCB84F6-LeaderElection63] INFO  server.RaftServerConfigKeys (ConfUtils.java:logGet(46)) - raft.server.write.byte-limit = 1024 M (=1073741824) (custom)
2022-08-09 13:52:04,032 [7f1d1c94-ff0a-4bb3-a3b2-1e31becb3d9f@group-713A4CCB84F6-LeaderElection63] INFO  server.RaftServerConfigKeys (ConfUtils.java:logGet(46)) - raft.server.watch.timeout = 180s (custom)
2022-08-09 13:52:04,032 [7f1d1c94-ff0a-4bb3-a3b2-1e31becb3d9f@group-713A4CCB84F6-LeaderElection63] INFO  server.RaftServerConfigKeys (ConfUtils.java:logGet(46)) - raft.server.watch.timeout.denomination = 1s (default)
2022-08-09 13:52:04,032 [7f1d1c94-ff0a-4bb3-a3b2-1e31becb3d9f@group-713A4CCB84F6-LeaderElection63] INFO  server.RaftServerConfigKeys (ConfUtils.java:logGet(46)) - raft.server.watch.element-limit = 65536 (default)
2022-08-09 13:52:04,032 [grpc-default-executor-0] INFO  server.RaftServer$Division (RaftServerImpl.java:requestVote(1152)) - 7f1d1c94-ff0a-4bb3-a3b2-1e31becb3d9f@group-713A4CCB84F6: receive requestVote(ELECTION, 719c7f2e-9b3f-4e79-a038-a5c87def3235, group-713A4CCB84F6, 2, (t:0, i:0))
2022-08-09 13:52:04,032 [7f1d1c94-ff0a-4bb3-a3b2-1e31becb3d9f@group-713A4CCB84F6-LeaderElection63] INFO  server.RaftServerConfigKeys (ConfUtils.java:logGet(46)) - raft.server.write.element-limit = 1024 (custom)
2022-08-09 13:52:04,032 [7f1d1c94-ff0a-4bb3-a3b2-1e31becb3d9f@group-713A4CCB84F6-LeaderElection63] INFO  server.RaftServerConfigKeys (ConfUtils.java:logGet(46)) - raft.server.write.follower.gap.ratio.max = -1.0 (default)
2022-08-09 13:52:04,033 [7f1d1c94-ff0a-4bb3-a3b2-1e31becb3d9f@group-713A4CCB84F6-LeaderElection63] INFO  server.RaftServerConfigKeys (ConfUtils.java:logGet(46)) - raft.server.log.appender.snapshot.chunk.size.max = 16MB (=16777216) (default)
2022-08-09 13:52:04,033 [7f1d1c94-ff0a-4bb3-a3b2-1e31becb3d9f@group-713A4CCB84F6-LeaderElection63] INFO  server.RaftServerConfigKeys (ConfUtils.java:logGet(46)) - raft.server.log.appender.buffer.byte-limit = 33554432 (custom)
2022-08-09 13:52:04,033 [7f1d1c94-ff0a-4bb3-a3b2-1e31becb3d9f@group-713A4CCB84F6-LeaderElection63] INFO  server.RaftServerConfigKeys (ConfUtils.java:logGet(46)) - raft.server.log.appender.buffer.element-limit = 1 (custom)
2022-08-09 13:52:04,034 [EventQueue-PipelineReportForPipelineReportHandler] INFO  pipeline.PipelineManagerImpl (PipelineManagerImpl.java:openPipeline(367)) - Pipeline Pipeline[ Id: 2f073588-417e-4d6b-8768-713a4ccb84f6, Nodes: c4ab506c-e5ff-4630-83c4-92e6a677ee06{ip: 10.1.0.19, host: fv-az450-466.jnfmftgkylze5hd05chtbp1i0a.dx.internal.cloudapp.net, ports: [REPLICATION=33147, RATIS=36685, RATIS_ADMIN=36685, RATIS_SERVER=36685, STANDALONE=46865], networkLocation: /default-rack, certSerialId: null, persistedOpState: IN_SERVICE, persistedOpStateExpiryEpochSec: 0}719c7f2e-9b3f-4e79-a038-a5c87def3235{ip: 10.1.0.19, host: fv-az450-466.jnfmftgkylze5hd05chtbp1i0a.dx.internal.cloudapp.net, ports: [REPLICATION=39459, RATIS=41633, RATIS_ADMIN=41633, RATIS_SERVER=41633, STANDALONE=46881], networkLocation: /default-rack, certSerialId: null, persistedOpState: IN_SERVICE, persistedOpStateExpiryEpochSec: 0}7f1d1c94-ff0a-4bb3-a3b2-1e31becb3d9f{ip: 10.1.0.19, host: fv-az450-466.jnfmftgkylze5hd05chtbp1i0a.dx.internal.cloudapp.net, ports: [REPLICATION=42931, RATIS=34961, RATIS_ADMIN=34961, RATIS_SERVER=34961, STANDALONE=35779], networkLocation: /default-rack, certSerialId: null, persistedOpState: IN_SERVICE, persistedOpStateExpiryEpochSec: 0}, ReplicationConfig: RATIS/THREE, State:ALLOCATED, leaderId:7f1d1c94-ff0a-4bb3-a3b2-1e31becb3d9f, CreationTimestamp2022-08-09T13:51:52.205Z[Etc/UTC]] moved to OPEN state
2022-08-09 13:52:04,034 [EventQueue-OpenPipelineForHealthyPipelineSafeModeRule] INFO  safemode.SCMSafeModeManager (HealthyPipelineSafeModeRule.java:process(137)) - SCM in safe mode. Healthy pipelines reported count is 1, required healthy pipeline reported count is 1
2022-08-09 13:52:04,034 [EventQueue-OpenPipelineForHealthyPipelineSafeModeRule] INFO  safemode.SCMSafeModeManager (SCMSafeModeManager.java:validateSafeModeExitRules(204)) - HealthyPipelineSafeModeRule rule is successfully validated
2022-08-09 13:52:04,034 [EventQueue-OpenPipelineForHealthyPipelineSafeModeRule] INFO  safemode.SCMSafeModeManager (SCMSafeModeManager.java:validateSafeModeExitRules(219)) - ScmSafeModeManager, all rules are successfully validated
2022-08-09 13:52:04,034 [EventQueue-OpenPipelineForHealthyPipelineSafeModeRule] INFO  safemode.SCMSafeModeManager (SCMSafeModeManager.java:exitSafeMode(248)) - SCM exiting safe mode.
2022-08-09 13:52:04,034 [EventQueue-OpenPipelineForHealthyPipelineSafeModeRule] WARN  events.EventQueue (EventQueue.java:fireEvent(216)) - No event handler registered for event TypedEvent{payloadType=SafeModeStatus, name='Safe mode status'}
2022-08-09 13:52:04,034 [EventQueue-OpenPipelineForHealthyPipelineSafeModeRule] INFO  ha.SCMContext (SCMContext.java:updateSafeModeStatus(228)) - Update SafeModeStatus from SafeModeStatus{safeModeStatus=true, preCheckPassed=true} to SafeModeStatus{safeModeStatus=false, preCheckPassed=true}.
2022-08-09 13:52:04,034 [EventQueue-OpenPipelineForHealthyPipelineSafeModeRule] INFO  pipeline.BackgroundPipelineCreator (BackgroundPipelineCreator.java:notifyStatusChanged(254)) - Service BackgroundPipelineCreator transitions to RUNNING.
2022-08-09 13:52:04,034 [EventQueue-OpenPipelineForHealthyPipelineSafeModeRule] INFO  BackgroundPipelineScrubber (BackgroundSCMService.java:notifyStatusChanged(82)) - Service BackgroundPipelineScrubber transitions to RUNNING.
2022-08-09 13:52:04,034 [EventQueue-OpenPipelineForHealthyPipelineSafeModeRule] INFO  ExpiredContainerReplicaOpScrubber (BackgroundSCMService.java:notifyStatusChanged(82)) - Service ExpiredContainerReplicaOpScrubber transitions to RUNNING.
2022-08-09 13:52:04,034 [EventQueue-OpenPipelineForHealthyPipelineSafeModeRule] INFO  UnderReplicatedQueueThread (BackgroundSCMService.java:notifyStatusChanged(82)) - Service UnderReplicatedQueueThread transitions to RUNNING.
2022-08-09 13:52:04,034 [EventQueue-OpenPipelineForHealthyPipelineSafeModeRule] INFO  OverReplicatedQueueThread (BackgroundSCMService.java:notifyStatusChanged(82)) - Service OverReplicatedQueueThread transitions to RUNNING.
2022-08-09 13:52:04,034 [EventQueue-OpenPipelineForHealthyPipelineSafeModeRule] INFO  replication.ReplicationManager (ReplicationManager.java:notifyStatusChanged(642)) - Service ReplicationManager transitions to RUNNING.
2022-08-09 13:52:04,035 [EventQueue-OpenPipelineForHealthyPipelineSafeModeRule] WARN  balancer.ContainerBalancer (ContainerBalancer.java:shouldRun(904)) - Could not find persisted configuration for ContainerBalancer when checking if ContainerBalancer should run. ContainerBalancer should not run now.
2022-08-09 13:52:04,064 [7f1d1c94-ff0a-4bb3-a3b2-1e31becb3d9f@group-713A4CCB84F6-LeaderElection63] INFO  grpc.GrpcConfigKeys (ConfUtils.java:logGet(46)) - raft.grpc.server.leader.outstanding.appends.max = 128 (default)
2022-08-09 13:52:04,064 [7f1d1c94-ff0a-4bb3-a3b2-1e31becb3d9f@group-713A4CCB84F6-LeaderElection63] INFO  server.RaftServerConfigKeys (ConfUtils.java:logGet(46)) - raft.server.rpc.request.timeout = 60s (custom)
2022-08-09 13:52:04,064 [7f1d1c94-ff0a-4bb3-a3b2-1e31becb3d9f@group-713A4CCB84F6-LeaderElection63] INFO  server.RaftServerConfigKeys (ConfUtils.java:logGet(46)) - raft.server.log.appender.install.snapshot.enabled = false (custom)
2022-08-09 13:52:04,065 [7f1d1c94-ff0a-4bb3-a3b2-1e31becb3d9f@group-713A4CCB84F6-LeaderElection63] INFO  server.RaftServerConfigKeys (ConfUtils.java:logGet(46)) - raft.server.log.appender.snapshot.chunk.size.max = 16MB (=16777216) (default)
2022-08-09 13:52:04,065 [7f1d1c94-ff0a-4bb3-a3b2-1e31becb3d9f@group-713A4CCB84F6-LeaderElection63] INFO  server.RaftServerConfigKeys (ConfUtils.java:logGet(46)) - raft.server.log.appender.buffer.byte-limit = 33554432 (custom)
2022-08-09 13:52:04,065 [7f1d1c94-ff0a-4bb3-a3b2-1e31becb3d9f@group-713A4CCB84F6-LeaderElection63] INFO  server.RaftServerConfigKeys (ConfUtils.java:logGet(46)) - raft.server.log.appender.buffer.element-limit = 1 (custom)
2022-08-09 13:52:04,065 [7f1d1c94-ff0a-4bb3-a3b2-1e31becb3d9f@group-713A4CCB84F6-LeaderElection63] INFO  grpc.GrpcConfigKeys (ConfUtils.java:logGet(46)) - raft.grpc.server.leader.outstanding.appends.max = 128 (default)
2022-08-09 13:52:04,065 [7f1d1c94-ff0a-4bb3-a3b2-1e31becb3d9f@group-713A4CCB84F6-LeaderElection63] INFO  server.RaftServerConfigKeys (ConfUtils.java:logGet(46)) - raft.server.rpc.request.timeout = 60s (custom)
2022-08-09 13:52:04,065 [7f1d1c94-ff0a-4bb3-a3b2-1e31becb3d9f@group-713A4CCB84F6-LeaderElection63] INFO  server.RaftServerConfigKeys (ConfUtils.java:logGet(46)) - raft.server.log.appender.install.snapshot.enabled = false (custom)
2022-08-09 13:52:04,066 [7f1d1c94-ff0a-4bb3-a3b2-1e31becb3d9f@group-713A4CCB84F6-LeaderElection63] INFO  impl.RoleInfo (RoleInfo.java:updateAndGet(139)) - 7f1d1c94-ff0a-4bb3-a3b2-1e31becb3d9f: start 7f1d1c94-ff0a-4bb3-a3b2-1e31becb3d9f@group-713A4CCB84F6-LeaderStateImpl
2022-08-09 13:52:04,066 [7f1d1c94-ff0a-4bb3-a3b2-1e31becb3d9f@group-713A4CCB84F6-LeaderElection63] INFO  segmented.SegmentedRaftLogWorker (SegmentedRaftLogWorker.java:startLogSegment(425)) - 7f1d1c94-ff0a-4bb3-a3b2-1e31becb3d9f@group-713A4CCB84F6-SegmentedRaftLogWorker: Starting segment from index:0
2022-08-09 13:52:04,067 [7f1d1c94-ff0a-4bb3-a3b2-1e31becb3d9f@group-713A4CCB84F6-SegmentedRaftLogWorker] INFO  segmented.SegmentedRaftLogWorker (SegmentedRaftLogWorker.java:execute(629)) - 7f1d1c94-ff0a-4bb3-a3b2-1e31becb3d9f@group-713A4CCB84F6-SegmentedRaftLogWorker: created new log segment /home/runner/work/ozone/ozone/hadoop-ozone/integration-test/target/test-dir/MiniOzoneClusterImpl-88f81c17-ef50-42a7-8332-c06519bf32f4/datanode-1/data/ratis/2f073588-417e-4d6b-8768-713a4ccb84f6/current/log_inprogress_0
2022-08-09 13:52:04,071 [grpc-default-executor-2] INFO  server.RaftServer$Division (RaftServerImpl.java:requestVote(1152)) - c4ab506c-e5ff-4630-83c4-92e6a677ee06@group-713A4CCB84F6: receive requestVote(ELECTION, 719c7f2e-9b3f-4e79-a038-a5c87def3235, group-713A4CCB84F6, 2, (t:0, i:0))
2022-08-09 13:52:04,071 [grpc-default-executor-2] INFO  impl.VoteContext (VoteContext.java:log(48)) - c4ab506c-e5ff-4630-83c4-92e6a677ee06@group-713A4CCB84F6-FOLLOWER: reject ELECTION from 719c7f2e-9b3f-4e79-a038-a5c87def3235: already has voted for 7f1d1c94-ff0a-4bb3-a3b2-1e31becb3d9f at current term 2
2022-08-09 13:52:04,071 [grpc-default-executor-2] INFO  server.RaftServer$Division (RaftServerImpl.java:requestVote(1184)) - c4ab506c-e5ff-4630-83c4-92e6a677ee06@group-713A4CCB84F6 replies to ELECTION vote request: 719c7f2e-9b3f-4e79-a038-a5c87def3235<-c4ab506c-e5ff-4630-83c4-92e6a677ee06#0:FAIL-t2. Peer's state: c4ab506c-e5ff-4630-83c4-92e6a677ee06@group-713A4CCB84F6:t2, leader=null, voted=7f1d1c94-ff0a-4bb3-a3b2-1e31becb3d9f, raftlog=c4ab506c-e5ff-4630-83c4-92e6a677ee06@group-713A4CCB84F6-SegmentedRaftLog:OPENED:c-1, conf=-1: [7f1d1c94-ff0a-4bb3-a3b2-1e31becb3d9f|rpc:10.1.0.19:34961|dataStream:|priority:1, c4ab506c-e5ff-4630-83c4-92e6a677ee06|rpc:10.1.0.19:36685|dataStream:|priority:0, 719c7f2e-9b3f-4e79-a038-a5c87def3235|rpc:10.1.0.19:41633|dataStream:|priority:0], old=null
2022-08-09 13:52:04,111 [c4ab506c-e5ff-4630-83c4-92e6a677ee06-server-thread1] INFO  ratis.XceiverServerRatis (XceiverServerRatis.java:handleLeaderChangedNotification(863)) - Leader change notification received for group: group-713A4CCB84F6 with new leaderId: 7f1d1c94-ff0a-4bb3-a3b2-1e31becb3d9f
2022-08-09 13:52:04,111 [c4ab506c-e5ff-4630-83c4-92e6a677ee06-server-thread1] INFO  server.RaftServer$Division (ServerState.java:setLeader(287)) - c4ab506c-e5ff-4630-83c4-92e6a677ee06@group-713A4CCB84F6: change Leader from null to 7f1d1c94-ff0a-4bb3-a3b2-1e31becb3d9f at term 2 for appendEntries, leader elected after 10433ms
2022-08-09 13:52:04,122 [7f1d1c94-ff0a-4bb3-a3b2-1e31becb3d9f@group-713A4CCB84F6-LeaderElection63] INFO  server.RaftServer$Division (ServerState.java:setRaftConf(393)) - 7f1d1c94-ff0a-4bb3-a3b2-1e31becb3d9f@group-713A4CCB84F6: set configuration 0: [7f1d1c94-ff0a-4bb3-a3b2-1e31becb3d9f|rpc:10.1.0.19:34961|dataStream:|priority:1, c4ab506c-e5ff-4630-83c4-92e6a677ee06|rpc:10.1.0.19:36685|dataStream:|priority:0, 719c7f2e-9b3f-4e79-a038-a5c87def3235|rpc:10.1.0.19:41633|dataStream:|priority:0], old=null
2022-08-09 13:52:04,125 [grpc-default-executor-0] INFO  impl.VoteContext (VoteContext.java:log(48)) - 7f1d1c94-ff0a-4bb3-a3b2-1e31becb3d9f@group-713A4CCB84F6-LEADER: reject ELECTION from 719c7f2e-9b3f-4e79-a038-a5c87def3235: already has voted for 7f1d1c94-ff0a-4bb3-a3b2-1e31becb3d9f at current term 2
2022-08-09 13:52:04,125 [grpc-default-executor-0] INFO  server.RaftServer$Division (RaftServerImpl.java:requestVote(1184)) - 7f1d1c94-ff0a-4bb3-a3b2-1e31becb3d9f@group-713A4CCB84F6 replies to ELECTION vote request: 719c7f2e-9b3f-4e79-a038-a5c87def3235<-7f1d1c94-ff0a-4bb3-a3b2-1e31becb3d9f#0:FAIL-t2. Peer's state: 7f1d1c94-ff0a-4bb3-a3b2-1e31becb3d9f@group-713A4CCB84F6:t2, leader=7f1d1c94-ff0a-4bb3-a3b2-1e31becb3d9f, voted=7f1d1c94-ff0a-4bb3-a3b2-1e31becb3d9f, raftlog=7f1d1c94-ff0a-4bb3-a3b2-1e31becb3d9f@group-713A4CCB84F6-SegmentedRaftLog:OPENED:c0, conf=0: [7f1d1c94-ff0a-4bb3-a3b2-1e31becb3d9f|rpc:10.1.0.19:34961|dataStream:|priority:1, c4ab506c-e5ff-4630-83c4-92e6a677ee06|rpc:10.1.0.19:36685|dataStream:|priority:0, 719c7f2e-9b3f-4e79-a038-a5c87def3235|rpc:10.1.0.19:41633|dataStream:|priority:0], old=null
2022-08-09 13:52:04,129 [719c7f2e-9b3f-4e79-a038-a5c87def3235@group-713A4CCB84F6-LeaderElection64] INFO  impl.LeaderElection (LeaderElection.java:logAndReturn(90)) - 719c7f2e-9b3f-4e79-a038-a5c87def3235@group-713A4CCB84F6-LeaderElection64: ELECTION REJECTED received 2 response(s) and 0 exception(s):
2022-08-09 13:52:04,129 [719c7f2e-9b3f-4e79-a038-a5c87def3235@group-713A4CCB84F6-LeaderElection64] INFO  impl.LeaderElection (LeaderElection.java:logAndReturn(94)) -   Response 0: 719c7f2e-9b3f-4e79-a038-a5c87def3235<-7f1d1c94-ff0a-4bb3-a3b2-1e31becb3d9f#0:FAIL-t2
2022-08-09 13:52:04,129 [719c7f2e-9b3f-4e79-a038-a5c87def3235@group-713A4CCB84F6-LeaderElection64] INFO  impl.LeaderElection (LeaderElection.java:logAndReturn(94)) -   Response 1: 719c7f2e-9b3f-4e79-a038-a5c87def3235<-c4ab506c-e5ff-4630-83c4-92e6a677ee06#0:FAIL-t2
2022-08-09 13:52:04,129 [719c7f2e-9b3f-4e79-a038-a5c87def3235@group-713A4CCB84F6-LeaderElection64] INFO  impl.LeaderElection (LeaderElection.java:askForVotes(312)) - 719c7f2e-9b3f-4e79-a038-a5c87def3235@group-713A4CCB84F6-LeaderElection64 ELECTION round 0: result REJECTED
2022-08-09 13:52:04,129 [719c7f2e-9b3f-4e79-a038-a5c87def3235@group-713A4CCB84F6-LeaderElection64] INFO  server.RaftServer$Division (RaftServerImpl.java:setRole(299)) - 719c7f2e-9b3f-4e79-a038-a5c87def3235@group-713A4CCB84F6: changes role from CANDIDATE to FOLLOWER at term 2 for REJECTED
2022-08-09 13:52:04,129 [719c7f2e-9b3f-4e79-a038-a5c87def3235@group-713A4CCB84F6-LeaderElection64] INFO  impl.RoleInfo (RoleInfo.java:shutdownLeaderElection(130)) - 719c7f2e-9b3f-4e79-a038-a5c87def3235: shutdown 719c7f2e-9b3f-4e79-a038-a5c87def3235@group-713A4CCB84F6-LeaderElection64
2022-08-09 13:52:04,129 [719c7f2e-9b3f-4e79-a038-a5c87def3235@group-713A4CCB84F6-LeaderElection64] INFO  impl.RoleInfo (RoleInfo.java:updateAndGet(139)) - 719c7f2e-9b3f-4e79-a038-a5c87def3235: start 719c7f2e-9b3f-4e79-a038-a5c87def3235@group-713A4CCB84F6-FollowerState
2022-08-09 13:52:04,168 [719c7f2e-9b3f-4e79-a038-a5c87def3235-server-thread1] INFO  ratis.XceiverServerRatis (XceiverServerRatis.java:handleLeaderChangedNotification(863)) - Leader change notification received for group: group-713A4CCB84F6 with new leaderId: 7f1d1c94-ff0a-4bb3-a3b2-1e31becb3d9f
2022-08-09 13:52:04,168 [719c7f2e-9b3f-4e79-a038-a5c87def3235-server-thread1] INFO  server.RaftServer$Division (ServerState.java:setLeader(287)) - 719c7f2e-9b3f-4e79-a038-a5c87def3235@group-713A4CCB84F6: change Leader from null to 7f1d1c94-ff0a-4bb3-a3b2-1e31becb3d9f at term 2 for appendEntries, leader elected after 10692ms
2022-08-09 13:52:04,176 [c4ab506c-e5ff-4630-83c4-92e6a677ee06-server-thread1] INFO  server.RaftServer$Division (ServerState.java:setRaftConf(393)) - c4ab506c-e5ff-4630-83c4-92e6a677ee06@group-713A4CCB84F6: set configuration 0: [7f1d1c94-ff0a-4bb3-a3b2-1e31becb3d9f|rpc:10.1.0.19:34961|dataStream:|priority:1, c4ab506c-e5ff-4630-83c4-92e6a677ee06|rpc:10.1.0.19:36685|dataStream:|priority:0, 719c7f2e-9b3f-4e79-a038-a5c87def3235|rpc:10.1.0.19:41633|dataStream:|priority:0], old=null
2022-08-09 13:52:04,177 [c4ab506c-e5ff-4630-83c4-92e6a677ee06-server-thread1] INFO  segmented.SegmentedRaftLogWorker (SegmentedRaftLogWorker.java:startLogSegment(425)) - c4ab506c-e5ff-4630-83c4-92e6a677ee06@group-713A4CCB84F6-SegmentedRaftLogWorker: Starting segment from index:0
2022-08-09 13:52:04,193 [719c7f2e-9b3f-4e79-a038-a5c87def3235-server-thread1] INFO  server.RaftServer$Division (ServerState.java:setRaftConf(393)) - 719c7f2e-9b3f-4e79-a038-a5c87def3235@group-713A4CCB84F6: set configuration 0: [7f1d1c94-ff0a-4bb3-a3b2-1e31becb3d9f|rpc:10.1.0.19:34961|dataStream:|priority:1, c4ab506c-e5ff-4630-83c4-92e6a677ee06|rpc:10.1.0.19:36685|dataStream:|priority:0, 719c7f2e-9b3f-4e79-a038-a5c87def3235|rpc:10.1.0.19:41633|dataStream:|priority:0], old=null
2022-08-09 13:52:04,193 [719c7f2e-9b3f-4e79-a038-a5c87def3235-server-thread1] INFO  segmented.SegmentedRaftLogWorker (SegmentedRaftLogWorker.java:startLogSegment(425)) - 719c7f2e-9b3f-4e79-a038-a5c87def3235@group-713A4CCB84F6-SegmentedRaftLogWorker: Starting segment from index:0
2022-08-09 13:52:04,195 [719c7f2e-9b3f-4e79-a038-a5c87def3235@group-713A4CCB84F6-SegmentedRaftLogWorker] INFO  segmented.SegmentedRaftLogWorker (SegmentedRaftLogWorker.java:execute(629)) - 719c7f2e-9b3f-4e79-a038-a5c87def3235@group-713A4CCB84F6-SegmentedRaftLogWorker: created new log segment /home/runner/work/ozone/ozone/hadoop-ozone/integration-test/target/test-dir/MiniOzoneClusterImpl-88f81c17-ef50-42a7-8332-c06519bf32f4/datanode-0/data/ratis/2f073588-417e-4d6b-8768-713a4ccb84f6/current/log_inprogress_0
2022-08-09 13:52:04,215 [c4ab506c-e5ff-4630-83c4-92e6a677ee06@group-713A4CCB84F6-SegmentedRaftLogWorker] INFO  segmented.SegmentedRaftLogWorker (SegmentedRaftLogWorker.java:execute(629)) - c4ab506c-e5ff-4630-83c4-92e6a677ee06@group-713A4CCB84F6-SegmentedRaftLogWorker: created new log segment /home/runner/work/ozone/ozone/hadoop-ozone/integration-test/target/test-dir/MiniOzoneClusterImpl-88f81c17-ef50-42a7-8332-c06519bf32f4/datanode-2/data/ratis/2f073588-417e-4d6b-8768-713a4ccb84f6/current/log_inprogress_0
2022-08-09 13:52:04,284 [c4ab506c-e5ff-4630-83c4-92e6a677ee06@group-A8823B900407-FollowerState] INFO  impl.FollowerState (FollowerState.java:run(143)) - c4ab506c-e5ff-4630-83c4-92e6a677ee06@group-A8823B900407-FollowerState: change to CANDIDATE, lastRpcElapsedTime:5099481870ns, electionTimeout:5042ms
2022-08-09 13:52:04,285 [c4ab506c-e5ff-4630-83c4-92e6a677ee06@group-A8823B900407-FollowerState] INFO  impl.RoleInfo (RoleInfo.java:shutdownFollowerState(110)) - c4ab506c-e5ff-4630-83c4-92e6a677ee06: shutdown c4ab506c-e5ff-4630-83c4-92e6a677ee06@group-A8823B900407-FollowerState
2022-08-09 13:52:04,285 [c4ab506c-e5ff-4630-83c4-92e6a677ee06@group-A8823B900407-FollowerState] INFO  server.RaftServer$Division (RaftServerImpl.java:setRole(299)) - c4ab506c-e5ff-4630-83c4-92e6a677ee06@group-A8823B900407: changes role from  FOLLOWER to CANDIDATE at term 1 for changeToCandidate
2022-08-09 13:52:04,285 [c4ab506c-e5ff-4630-83c4-92e6a677ee06@group-A8823B900407-FollowerState] INFO  server.RaftServerConfigKeys (ConfUtils.java:logGet(46)) - raft.server.leaderelection.pre-vote = false (custom)
2022-08-09 13:52:04,285 [c4ab506c-e5ff-4630-83c4-92e6a677ee06@group-A8823B900407-FollowerState] INFO  impl.RoleInfo (RoleInfo.java:updateAndGet(139)) - c4ab506c-e5ff-4630-83c4-92e6a677ee06: start c4ab506c-e5ff-4630-83c4-92e6a677ee06@group-A8823B900407-LeaderElection65
2022-08-09 13:52:04,306 [7f1d1c94-ff0a-4bb3-a3b2-1e31becb3d9f@group-A8823B900407-FollowerState] INFO  impl.FollowerState (FollowerState.java:run(143)) - 7f1d1c94-ff0a-4bb3-a3b2-1e31becb3d9f@group-A8823B900407-FollowerState: change to CANDIDATE, lastRpcElapsedTime:5155992563ns, electionTimeout:5105ms
2022-08-09 13:52:04,306 [7f1d1c94-ff0a-4bb3-a3b2-1e31becb3d9f@group-A8823B900407-FollowerState] INFO  impl.RoleInfo (RoleInfo.java:shutdownFollowerState(110)) - 7f1d1c94-ff0a-4bb3-a3b2-1e31becb3d9f: shutdown 7f1d1c94-ff0a-4bb3-a3b2-1e31becb3d9f@group-A8823B900407-FollowerState
2022-08-09 13:52:04,306 [7f1d1c94-ff0a-4bb3-a3b2-1e31becb3d9f@group-A8823B900407-FollowerState] INFO  server.RaftServer$Division (RaftServerImpl.java:setRole(299)) - 7f1d1c94-ff0a-4bb3-a3b2-1e31becb3d9f@group-A8823B900407: changes role from  FOLLOWER to CANDIDATE at term 1 for changeToCandidate
2022-08-09 13:52:04,306 [7f1d1c94-ff0a-4bb3-a3b2-1e31becb3d9f@group-A8823B900407-FollowerState] INFO  server.RaftServerConfigKeys (ConfUtils.java:logGet(46)) - raft.server.leaderelection.pre-vote = false (custom)
2022-08-09 13:52:04,306 [7f1d1c94-ff0a-4bb3-a3b2-1e31becb3d9f@group-A8823B900407-FollowerState] INFO  impl.RoleInfo (RoleInfo.java:updateAndGet(139)) - 7f1d1c94-ff0a-4bb3-a3b2-1e31becb3d9f: start 7f1d1c94-ff0a-4bb3-a3b2-1e31becb3d9f@group-A8823B900407-LeaderElection66
2022-08-09 13:52:04,330 [c4ab506c-e5ff-4630-83c4-92e6a677ee06@group-A8823B900407-LeaderElection65] INFO  impl.LeaderElection (LeaderElection.java:askForVotes(310)) - c4ab506c-e5ff-4630-83c4-92e6a677ee06@group-A8823B900407-LeaderElection65 ELECTION round 0: submit vote requests at term 2 for -1: [7f1d1c94-ff0a-4bb3-a3b2-1e31becb3d9f|rpc:10.1.0.19:34961|dataStream:|priority:0, c4ab506c-e5ff-4630-83c4-92e6a677ee06|rpc:10.1.0.19:36685|dataStream:|priority:1, 719c7f2e-9b3f-4e79-a038-a5c87def3235|rpc:10.1.0.19:41633|dataStream:|priority:0], old=null
2022-08-09 13:52:04,332 [719c7f2e-9b3f-4e79-a038-a5c87def3235@group-A8823B900407-FollowerState] INFO  impl.FollowerState (FollowerState.java:run(143)) - 719c7f2e-9b3f-4e79-a038-a5c87def3235@group-A8823B900407-FollowerState: change to CANDIDATE, lastRpcElapsedTime:5126431501ns, electionTimeout:5118ms
2022-08-09 13:52:04,332 [719c7f2e-9b3f-4e79-a038-a5c87def3235@group-A8823B900407-FollowerState] INFO  impl.RoleInfo (RoleInfo.java:shutdownFollowerState(110)) - 719c7f2e-9b3f-4e79-a038-a5c87def3235: shutdown 719c7f2e-9b3f-4e79-a038-a5c87def3235@group-A8823B900407-FollowerState
2022-08-09 13:52:04,332 [719c7f2e-9b3f-4e79-a038-a5c87def3235@group-A8823B900407-FollowerState] INFO  server.RaftServer$Division (RaftServerImpl.java:setRole(299)) - 719c7f2e-9b3f-4e79-a038-a5c87def3235@group-A8823B900407: changes role from  FOLLOWER to CANDIDATE at term 1 for changeToCandidate
2022-08-09 13:52:04,358 [719c7f2e-9b3f-4e79-a038-a5c87def3235@group-A8823B900407-FollowerState] INFO  server.RaftServerConfigKeys (ConfUtils.java:logGet(46)) - raft.server.leaderelection.pre-vote = false (custom)
2022-08-09 13:52:04,358 [719c7f2e-9b3f-4e79-a038-a5c87def3235@group-A8823B900407-FollowerState] INFO  impl.RoleInfo (RoleInfo.java:updateAndGet(139)) - 719c7f2e-9b3f-4e79-a038-a5c87def3235: start 719c7f2e-9b3f-4e79-a038-a5c87def3235@group-A8823B900407-LeaderElection67
2022-08-09 13:52:04,362 [7f1d1c94-ff0a-4bb3-a3b2-1e31becb3d9f@group-A8823B900407-LeaderElection66] INFO  impl.LeaderElection (LeaderElection.java:askForVotes(310)) - 7f1d1c94-ff0a-4bb3-a3b2-1e31becb3d9f@group-A8823B900407-LeaderElection66 ELECTION round 0: submit vote requests at term 2 for -1: [7f1d1c94-ff0a-4bb3-a3b2-1e31becb3d9f|rpc:10.1.0.19:34961|dataStream:|priority:0, c4ab506c-e5ff-4630-83c4-92e6a677ee06|rpc:10.1.0.19:36685|dataStream:|priority:1, 719c7f2e-9b3f-4e79-a038-a5c87def3235|rpc:10.1.0.19:41633|dataStream:|priority:0], old=null
2022-08-09 13:52:04,412 [719c7f2e-9b3f-4e79-a038-a5c87def3235@group-A8823B900407-LeaderElection67] INFO  impl.LeaderElection (LeaderElection.java:askForVotes(310)) - 719c7f2e-9b3f-4e79-a038-a5c87def3235@group-A8823B900407-LeaderElection67 ELECTION round 0: submit vote requests at term 2 for -1: [7f1d1c94-ff0a-4bb3-a3b2-1e31becb3d9f|rpc:10.1.0.19:34961|priority:0, c4ab506c-e5ff-4630-83c4-92e6a677ee06|rpc:10.1.0.19:36685|priority:1, 719c7f2e-9b3f-4e79-a038-a5c87def3235|rpc:10.1.0.19:41633|priority:0], old=null
2022-08-09 13:52:04,415 [grpc-default-executor-3] INFO  server.RaftServer$Division (RaftServerImpl.java:requestVote(1152)) - 7f1d1c94-ff0a-4bb3-a3b2-1e31becb3d9f@group-A8823B900407: receive requestVote(ELECTION, c4ab506c-e5ff-4630-83c4-92e6a677ee06, group-A8823B900407, 2, (t:0, i:0))
2022-08-09 13:52:04,415 [grpc-default-executor-3] INFO  impl.VoteContext (VoteContext.java:log(48)) - 7f1d1c94-ff0a-4bb3-a3b2-1e31becb3d9f@group-A8823B900407-CANDIDATE: reject ELECTION from c4ab506c-e5ff-4630-83c4-92e6a677ee06: already has voted for 7f1d1c94-ff0a-4bb3-a3b2-1e31becb3d9f at current term 2
2022-08-09 13:52:04,415 [grpc-default-executor-3] INFO  server.RaftServer$Division (RaftServerImpl.java:requestVote(1184)) - 7f1d1c94-ff0a-4bb3-a3b2-1e31becb3d9f@group-A8823B900407 replies to ELECTION vote request: c4ab506c-e5ff-4630-83c4-92e6a677ee06<-7f1d1c94-ff0a-4bb3-a3b2-1e31becb3d9f#0:FAIL-t2. Peer's state: 7f1d1c94-ff0a-4bb3-a3b2-1e31becb3d9f@group-A8823B900407:t2, leader=null, voted=7f1d1c94-ff0a-4bb3-a3b2-1e31becb3d9f, raftlog=7f1d1c94-ff0a-4bb3-a3b2-1e31becb3d9f@group-A8823B900407-SegmentedRaftLog:OPENED:c-1, conf=-1: [7f1d1c94-ff0a-4bb3-a3b2-1e31becb3d9f|rpc:10.1.0.19:34961|dataStream:|priority:0, c4ab506c-e5ff-4630-83c4-92e6a677ee06|rpc:10.1.0.19:36685|dataStream:|priority:1, 719c7f2e-9b3f-4e79-a038-a5c87def3235|rpc:10.1.0.19:41633|dataStream:|priority:0], old=null
2022-08-09 13:52:04,435 [grpc-default-executor-1] INFO  server.RaftServer$Division (RaftServerImpl.java:requestVote(1152)) - c4ab506c-e5ff-4630-83c4-92e6a677ee06@group-A8823B900407: receive requestVote(ELECTION, 7f1d1c94-ff0a-4bb3-a3b2-1e31becb3d9f, group-A8823B900407, 2, (t:0, i:0))
2022-08-09 13:52:04,435 [grpc-default-executor-1] INFO  impl.VoteContext (VoteContext.java:log(48)) - c4ab506c-e5ff-4630-83c4-92e6a677ee06@group-A8823B900407-CANDIDATE: reject ELECTION from 7f1d1c94-ff0a-4bb3-a3b2-1e31becb3d9f: already has voted for c4ab506c-e5ff-4630-83c4-92e6a677ee06 at current term 2
2022-08-09 13:52:04,435 [grpc-default-executor-1] INFO  server.RaftServer$Division (RaftServerImpl.java:requestVote(1184)) - c4ab506c-e5ff-4630-83c4-92e6a677ee06@group-A8823B900407 replies to ELECTION vote request: 7f1d1c94-ff0a-4bb3-a3b2-1e31becb3d9f<-c4ab506c-e5ff-4630-83c4-92e6a677ee06#0:FAIL-t2. Peer's state: c4ab506c-e5ff-4630-83c4-92e6a677ee06@group-A8823B900407:t2, leader=null, voted=c4ab506c-e5ff-4630-83c4-92e6a677ee06, raftlog=c4ab506c-e5ff-4630-83c4-92e6a677ee06@group-A8823B900407-SegmentedRaftLog:OPENED:c-1, conf=-1: [7f1d1c94-ff0a-4bb3-a3b2-1e31becb3d9f|rpc:10.1.0.19:34961|dataStream:|priority:0, c4ab506c-e5ff-4630-83c4-92e6a677ee06|rpc:10.1.0.19:36685|dataStream:|priority:1, 719c7f2e-9b3f-4e79-a038-a5c87def3235|rpc:10.1.0.19:41633|dataStream:|priority:0], old=null
2022-08-09 13:52:04,435 [grpc-default-executor-0] INFO  server.RaftServer$Division (RaftServerImpl.java:requestVote(1152)) - 719c7f2e-9b3f-4e79-a038-a5c87def3235@group-A8823B900407: receive requestVote(ELECTION, c4ab506c-e5ff-4630-83c4-92e6a677ee06, group-A8823B900407, 2, (t:0, i:0))
2022-08-09 13:52:04,435 [grpc-default-executor-0] INFO  impl.VoteContext (VoteContext.java:log(48)) - 719c7f2e-9b3f-4e79-a038-a5c87def3235@group-A8823B900407-CANDIDATE: reject ELECTION from c4ab506c-e5ff-4630-83c4-92e6a677ee06: already has voted for 719c7f2e-9b3f-4e79-a038-a5c87def3235 at current term 2
2022-08-09 13:52:04,435 [grpc-default-executor-0] INFO  server.RaftServer$Division (RaftServerImpl.java:requestVote(1184)) - 719c7f2e-9b3f-4e79-a038-a5c87def3235@group-A8823B900407 replies to ELECTION vote request: c4ab506c-e5ff-4630-83c4-92e6a677ee06<-719c7f2e-9b3f-4e79-a038-a5c87def3235#0:FAIL-t2. Peer's state: 719c7f2e-9b3f-4e79-a038-a5c87def3235@group-A8823B900407:t2, leader=null, voted=719c7f2e-9b3f-4e79-a038-a5c87def3235, raftlog=719c7f2e-9b3f-4e79-a038-a5c87def3235@group-A8823B900407-SegmentedRaftLog:OPENED:c-1, conf=-1: [7f1d1c94-ff0a-4bb3-a3b2-1e31becb3d9f|rpc:10.1.0.19:34961|priority:0, c4ab506c-e5ff-4630-83c4-92e6a677ee06|rpc:10.1.0.19:36685|priority:1, 719c7f2e-9b3f-4e79-a038-a5c87def3235|rpc:10.1.0.19:41633|priority:0], old=null
2022-08-09 13:52:04,446 [c4ab506c-e5ff-4630-83c4-92e6a677ee06@group-A8823B900407-LeaderElection65] INFO  impl.LeaderElection (LeaderElection.java:logAndReturn(90)) - c4ab506c-e5ff-4630-83c4-92e6a677ee06@group-A8823B900407-LeaderElection65: ELECTION REJECTED received 2 response(s) and 0 exception(s):
2022-08-09 13:52:04,446 [c4ab506c-e5ff-4630-83c4-92e6a677ee06@group-A8823B900407-LeaderElection65] INFO  impl.LeaderElection (LeaderElection.java:logAndReturn(94)) -   Response 0: c4ab506c-e5ff-4630-83c4-92e6a677ee06<-7f1d1c94-ff0a-4bb3-a3b2-1e31becb3d9f#0:FAIL-t2
2022-08-09 13:52:04,446 [c4ab506c-e5ff-4630-83c4-92e6a677ee06@group-A8823B900407-LeaderElection65] INFO  impl.LeaderElection (LeaderElection.java:logAndReturn(94)) -   Response 1: c4ab506c-e5ff-4630-83c4-92e6a677ee06<-719c7f2e-9b3f-4e79-a038-a5c87def3235#0:FAIL-t2
2022-08-09 13:52:04,446 [c4ab506c-e5ff-4630-83c4-92e6a677ee06@group-A8823B900407-LeaderElection65] INFO  impl.LeaderElection (LeaderElection.java:askForVotes(312)) - c4ab506c-e5ff-4630-83c4-92e6a677ee06@group-A8823B900407-LeaderElection65 ELECTION round 0: result REJECTED
2022-08-09 13:52:04,446 [c4ab506c-e5ff-4630-83c4-92e6a677ee06@group-A8823B900407-LeaderElection65] INFO  server.RaftServer$Division (RaftServerImpl.java:setRole(299)) - c4ab506c-e5ff-4630-83c4-92e6a677ee06@group-A8823B900407: changes role from CANDIDATE to FOLLOWER at term 2 for REJECTED
2022-08-09 13:52:04,446 [c4ab506c-e5ff-4630-83c4-92e6a677ee06@group-A8823B900407-LeaderElection65] INFO  impl.RoleInfo (RoleInfo.java:shutdownLeaderElection(130)) - c4ab506c-e5ff-4630-83c4-92e6a677ee06: shutdown c4ab506c-e5ff-4630-83c4-92e6a677ee06@group-A8823B900407-LeaderElection65
2022-08-09 13:52:04,446 [c4ab506c-e5ff-4630-83c4-92e6a677ee06@group-A8823B900407-LeaderElection65] INFO  impl.RoleInfo (RoleInfo.java:updateAndGet(139)) - c4ab506c-e5ff-4630-83c4-92e6a677ee06: start c4ab506c-e5ff-4630-83c4-92e6a677ee06@group-A8823B900407-FollowerState
2022-08-09 13:52:04,477 [7f1d1c94-ff0a-4bb3-a3b2-1e31becb3d9f@group-A8823B900407-LeaderElection66] INFO  impl.LeaderElection (LeaderElection.java:logAndReturn(90)) - 7f1d1c94-ff0a-4bb3-a3b2-1e31becb3d9f@group-A8823B900407-LeaderElection66: ELECTION REJECTED received 1 response(s) and 0 exception(s):
2022-08-09 13:52:04,477 [7f1d1c94-ff0a-4bb3-a3b2-1e31becb3d9f@group-A8823B900407-LeaderElection66] INFO  impl.LeaderElection (LeaderElection.java:logAndReturn(94)) -   Response 0: 7f1d1c94-ff0a-4bb3-a3b2-1e31becb3d9f<-c4ab506c-e5ff-4630-83c4-92e6a677ee06#0:FAIL-t2
2022-08-09 13:52:04,477 [7f1d1c94-ff0a-4bb3-a3b2-1e31becb3d9f@group-A8823B900407-LeaderElection66] INFO  impl.LeaderElection (LeaderElection.java:askForVotes(312)) - 7f1d1c94-ff0a-4bb3-a3b2-1e31becb3d9f@group-A8823B900407-LeaderElection66 ELECTION round 0: result REJECTED
2022-08-09 13:52:04,477 [7f1d1c94-ff0a-4bb3-a3b2-1e31becb3d9f@group-A8823B900407-LeaderElection66] INFO  server.RaftServer$Division (RaftServerImpl.java:setRole(299)) - 7f1d1c94-ff0a-4bb3-a3b2-1e31becb3d9f@group-A8823B900407: changes role from CANDIDATE to FOLLOWER at term 2 for REJECTED
2022-08-09 13:52:04,477 [7f1d1c94-ff0a-4bb3-a3b2-1e31becb3d9f@group-A8823B900407-LeaderElection66] INFO  impl.RoleInfo (RoleInfo.java:shutdownLeaderElection(130)) - 7f1d1c94-ff0a-4bb3-a3b2-1e31becb3d9f: shutdown 7f1d1c94-ff0a-4bb3-a3b2-1e31becb3d9f@group-A8823B900407-LeaderElection66
2022-08-09 13:52:04,477 [7f1d1c94-ff0a-4bb3-a3b2-1e31becb3d9f@group-A8823B900407-LeaderElection66] INFO  impl.RoleInfo (RoleInfo.java:updateAndGet(139)) - 7f1d1c94-ff0a-4bb3-a3b2-1e31becb3d9f: start 7f1d1c94-ff0a-4bb3-a3b2-1e31becb3d9f@group-A8823B900407-FollowerState
2022-08-09 13:52:04,533 [grpc-default-executor-1] INFO  server.RaftServer$Division (RaftServerImpl.java:requestVote(1152)) - 7f1d1c94-ff0a-4bb3-a3b2-1e31becb3d9f@group-A8823B900407: receive requestVote(ELECTION, 719c7f2e-9b3f-4e79-a038-a5c87def3235, group-A8823B900407, 2, (t:0, i:0))
2022-08-09 13:52:04,534 [grpc-default-executor-1] INFO  impl.VoteContext (VoteContext.java:log(48)) - 7f1d1c94-ff0a-4bb3-a3b2-1e31becb3d9f@group-A8823B900407-FOLLOWER: reject ELECTION from 719c7f2e-9b3f-4e79-a038-a5c87def3235: already has voted for 7f1d1c94-ff0a-4bb3-a3b2-1e31becb3d9f at current term 2
2022-08-09 13:52:04,534 [grpc-default-executor-1] INFO  server.RaftServer$Division (RaftServerImpl.java:requestVote(1184)) - 7f1d1c94-ff0a-4bb3-a3b2-1e31becb3d9f@group-A8823B900407 replies to ELECTION vote request: 719c7f2e-9b3f-4e79-a038-a5c87def3235<-7f1d1c94-ff0a-4bb3-a3b2-1e31becb3d9f#0:FAIL-t2. Peer's state: 7f1d1c94-ff0a-4bb3-a3b2-1e31becb3d9f@group-A8823B900407:t2, leader=null, voted=7f1d1c94-ff0a-4bb3-a3b2-1e31becb3d9f, raftlog=7f1d1c94-ff0a-4bb3-a3b2-1e31becb3d9f@group-A8823B900407-SegmentedRaftLog:OPENED:c-1, conf=-1: [7f1d1c94-ff0a-4bb3-a3b2-1e31becb3d9f|rpc:10.1.0.19:34961|dataStream:|priority:0, c4ab506c-e5ff-4630-83c4-92e6a677ee06|rpc:10.1.0.19:36685|dataStream:|priority:1, 719c7f2e-9b3f-4e79-a038-a5c87def3235|rpc:10.1.0.19:41633|dataStream:|priority:0], old=null
2022-08-09 13:52:04,534 [grpc-default-executor-0] INFO  server.RaftServer$Division (RaftServerImpl.java:requestVote(1152)) - 719c7f2e-9b3f-4e79-a038-a5c87def3235@group-A8823B900407: receive requestVote(ELECTION, 7f1d1c94-ff0a-4bb3-a3b2-1e31becb3d9f, group-A8823B900407, 2, (t:0, i:0))
2022-08-09 13:52:04,534 [grpc-default-executor-0] INFO  impl.VoteContext (VoteContext.java:log(48)) - 719c7f2e-9b3f-4e79-a038-a5c87def3235@group-A8823B900407-CANDIDATE: reject ELECTION from 7f1d1c94-ff0a-4bb3-a3b2-1e31becb3d9f: already has voted for 719c7f2e-9b3f-4e79-a038-a5c87def3235 at current term 2
2022-08-09 13:52:04,534 [grpc-default-executor-0] INFO  server.RaftServer$Division (RaftServerImpl.java:requestVote(1184)) - 719c7f2e-9b3f-4e79-a038-a5c87def3235@group-A8823B900407 replies to ELECTION vote request: 7f1d1c94-ff0a-4bb3-a3b2-1e31becb3d9f<-719c7f2e-9b3f-4e79-a038-a5c87def3235#0:FAIL-t2. Peer's state: 719c7f2e-9b3f-4e79-a038-a5c87def3235@group-A8823B900407:t2, leader=null, voted=719c7f2e-9b3f-4e79-a038-a5c87def3235, raftlog=719c7f2e-9b3f-4e79-a038-a5c87def3235@group-A8823B900407-SegmentedRaftLog:OPENED:c-1, conf=-1: [7f1d1c94-ff0a-4bb3-a3b2-1e31becb3d9f|rpc:10.1.0.19:34961|priority:0, c4ab506c-e5ff-4630-83c4-92e6a677ee06|rpc:10.1.0.19:36685|priority:1, 719c7f2e-9b3f-4e79-a038-a5c87def3235|rpc:10.1.0.19:41633|priority:0], old=null
2022-08-09 13:52:04,534 [grpc-default-executor-3] INFO  server.RaftServer$Division (RaftServerImpl.java:requestVote(1152)) - c4ab506c-e5ff-4630-83c4-92e6a677ee06@group-A8823B900407: receive requestVote(ELECTION, 719c7f2e-9b3f-4e79-a038-a5c87def3235, group-A8823B900407, 2, (t:0, i:0))
2022-08-09 13:52:04,535 [grpc-default-executor-3] INFO  impl.VoteContext (VoteContext.java:log(48)) - c4ab506c-e5ff-4630-83c4-92e6a677ee06@group-A8823B900407-FOLLOWER: reject ELECTION from 719c7f2e-9b3f-4e79-a038-a5c87def3235: already has voted for c4ab506c-e5ff-4630-83c4-92e6a677ee06 at current term 2
2022-08-09 13:52:04,535 [grpc-default-executor-3] INFO  server.RaftServer$Division (RaftServerImpl.java:requestVote(1184)) - c4ab506c-e5ff-4630-83c4-92e6a677ee06@group-A8823B900407 replies to ELECTION vote request: 719c7f2e-9b3f-4e79-a038-a5c87def3235<-c4ab506c-e5ff-4630-83c4-92e6a677ee06#0:FAIL-t2. Peer's state: c4ab506c-e5ff-4630-83c4-92e6a677ee06@group-A8823B900407:t2, leader=null, voted=c4ab506c-e5ff-4630-83c4-92e6a677ee06, raftlog=c4ab506c-e5ff-4630-83c4-92e6a677ee06@group-A8823B900407-SegmentedRaftLog:OPENED:c-1, conf=-1: [7f1d1c94-ff0a-4bb3-a3b2-1e31becb3d9f|rpc:10.1.0.19:34961|dataStream:|priority:0, c4ab506c-e5ff-4630-83c4-92e6a677ee06|rpc:10.1.0.19:36685|dataStream:|priority:1, 719c7f2e-9b3f-4e79-a038-a5c87def3235|rpc:10.1.0.19:41633|dataStream:|priority:0], old=null
2022-08-09 13:52:04,539 [719c7f2e-9b3f-4e79-a038-a5c87def3235@group-A8823B900407-LeaderElection67] INFO  impl.LeaderElection (LeaderElection.java:logAndReturn(90)) - 719c7f2e-9b3f-4e79-a038-a5c87def3235@group-A8823B900407-LeaderElection67: ELECTION REJECTED received 2 response(s) and 0 exception(s):
2022-08-09 13:52:04,539 [719c7f2e-9b3f-4e79-a038-a5c87def3235@group-A8823B900407-LeaderElection67] INFO  impl.LeaderElection (LeaderElection.java:logAndReturn(94)) -   Response 0: 719c7f2e-9b3f-4e79-a038-a5c87def3235<-7f1d1c94-ff0a-4bb3-a3b2-1e31becb3d9f#0:FAIL-t2
2022-08-09 13:52:04,539 [719c7f2e-9b3f-4e79-a038-a5c87def3235@group-A8823B900407-LeaderElection67] INFO  impl.LeaderElection (LeaderElection.java:logAndReturn(94)) -   Response 1: 719c7f2e-9b3f-4e79-a038-a5c87def3235<-c4ab506c-e5ff-4630-83c4-92e6a677ee06#0:FAIL-t2
2022-08-09 13:52:04,539 [719c7f2e-9b3f-4e79-a038-a5c87def3235@group-A8823B900407-LeaderElection67] INFO  impl.LeaderElection (LeaderElection.java:askForVotes(312)) - 719c7f2e-9b3f-4e79-a038-a5c87def3235@group-A8823B900407-LeaderElection67 ELECTION round 0: result REJECTED
2022-08-09 13:52:04,539 [719c7f2e-9b3f-4e79-a038-a5c87def3235@group-A8823B900407-LeaderElection67] INFO  server.RaftServer$Division (RaftServerImpl.java:setRole(299)) - 719c7f2e-9b3f-4e79-a038-a5c87def3235@group-A8823B900407: changes role from CANDIDATE to FOLLOWER at term 2 for REJECTED
2022-08-09 13:52:04,539 [719c7f2e-9b3f-4e79-a038-a5c87def3235@group-A8823B900407-LeaderElection67] INFO  impl.RoleInfo (RoleInfo.java:shutdownLeaderElection(130)) - 719c7f2e-9b3f-4e79-a038-a5c87def3235: shutdown 719c7f2e-9b3f-4e79-a038-a5c87def3235@group-A8823B900407-LeaderElection67
2022-08-09 13:52:04,539 [719c7f2e-9b3f-4e79-a038-a5c87def3235@group-A8823B900407-LeaderElection67] INFO  impl.RoleInfo (RoleInfo.java:updateAndGet(139)) - 719c7f2e-9b3f-4e79-a038-a5c87def3235: start 719c7f2e-9b3f-4e79-a038-a5c87def3235@group-A8823B900407-FollowerState
2022-08-09 13:52:04,987 [Listener at 127.0.0.1/44079] INFO  ozone.MiniOzoneClusterImpl (MiniOzoneClusterImpl.java:lambda$waitForClusterToBeReady$0(216)) - Nodes are ready. Got 5 of 5 DN Heartbeats.
2022-08-09 13:52:04,987 [Listener at 127.0.0.1/44079] INFO  ozone.MiniOzoneClusterImpl (MiniOzoneClusterImpl.java:lambda$waitForClusterToBeReady$0(219)) - Cluster exits safe mode
2022-08-09 13:52:04,988 [Listener at 127.0.0.1/44079] INFO  ozone.MiniOzoneClusterImpl (MiniOzoneClusterImpl.java:lambda$waitForClusterToBeReady$0(221)) - SCM became leader
2022-08-09 13:52:05,112 [Time-limited test] INFO  rpc.RpcClient (RpcClient.java:createVolume(468)) - Creating Volume: volume80234, with user84913 as owner and space quota set to -1 bytes, counts quota set to -1
2022-08-09 13:52:05,142 [IPC Server handler 11 on default port 44079] INFO  volume.OMVolumeCreateRequest (OMVolumeCreateRequest.java:validateAndUpdateCache(195)) - created volume:volume80234 for user:user84913
2022-08-09 13:52:05,261 [Time-limited test] INFO  rpc.RpcClient (RpcClient.java:createBucket(671)) - Creating Bucket: volume80234/bucket15899, with bucket layout LEGACY, runner as owner, Versioning false, Storage Type set to DISK and Encryption set to false 
2022-08-09 13:52:05,263 [IPC Server handler 8 on default port 44079] INFO  bucket.OMBucketCreateRequest (OMBucketCreateRequest.java:validateAndUpdateCache(260)) - created bucket: bucket15899 of layout LEGACY in volume: volume80234
2022-08-09 13:52:05,366 [IPC Server handler 1 on default port 34067] INFO  ha.SequenceIdGenerator (SequenceIdGenerator.java:getNextId(128)) - Allocate a batch for containerId, change lastId from 0 to 1000.
2022-08-09 13:52:05,367 [IPC Server handler 1 on default port 34067] WARN  ha.SequenceIdGenerator (SequenceIdGenerator.java:allocateBatch(237)) - Failed to allocate a batch for localId, expected lastId is 0, actual lastId is 109611004723200000.
2022-08-09 13:52:05,367 [IPC Server handler 1 on default port 34067] INFO  ha.SequenceIdGenerator (SequenceIdGenerator.java:getNextId(128)) - Allocate a batch for localId, change lastId from 109611004723200000 to 109611004723201000.
13:52:05.412 [IPC Server handler 12 on default port 44079] ERROR OMAudit - user=runner | ip=127.0.0.1 | op=GET_FILE_STATUS {volume=volume80234, bucket=bucket15899, key=dir271/file1, dataSize=0, replicationConfig=null} | ret=FAILURE
org.apache.hadoop.ozone.om.exceptions.OMException: Unable to get file status: volume: volume80234 bucket: bucket15899 key: dir271/file1
	at org.apache.hadoop.ozone.om.KeyManagerImpl.getOzoneFileStatus(KeyManagerImpl.java:1311) ~[ozone-manager-1.3.0-SNAPSHOT.jar:?]
	at org.apache.hadoop.ozone.om.KeyManagerImpl.getFileStatus(KeyManagerImpl.java:1241) ~[ozone-manager-1.3.0-SNAPSHOT.jar:?]
	at org.apache.hadoop.ozone.om.OzoneManager.getFileStatus(OzoneManager.java:3468) ~[ozone-manager-1.3.0-SNAPSHOT.jar:?]
	at org.apache.hadoop.ozone.protocolPB.OzoneManagerRequestHandler.getOzoneFileStatus(OzoneManagerRequestHandler.java:882) ~[ozone-manager-1.3.0-SNAPSHOT.jar:?]
	at org.apache.hadoop.ozone.protocolPB.OzoneManagerRequestHandler.handleReadRequest(OzoneManagerRequestHandler.java:228) ~[ozone-manager-1.3.0-SNAPSHOT.jar:?]
	at org.apache.hadoop.ozone.protocolPB.OzoneManagerProtocolServerSideTranslatorPB.submitRequestDirectlyToOM(OzoneManagerProtocolServerSideTranslatorPB.java:276) ~[ozone-manager-1.3.0-SNAPSHOT.jar:?]
	at org.apache.hadoop.ozone.protocolPB.OzoneManagerProtocolServerSideTranslatorPB.processRequest(OzoneManagerProtocolServerSideTranslatorPB.java:205) ~[ozone-manager-1.3.0-SNAPSHOT.jar:?]
	at org.apache.hadoop.hdds.server.OzoneProtocolMessageDispatcher.processRequest(OzoneProtocolMessageDispatcher.java:87) [hdds-server-framework-1.3.0-SNAPSHOT.jar:?]
	at org.apache.hadoop.ozone.protocolPB.OzoneManagerProtocolServerSideTranslatorPB.submitRequest(OzoneManagerProtocolServerSideTranslatorPB.java:147) [ozone-manager-1.3.0-SNAPSHOT.jar:?]
	at org.apache.hadoop.ozone.protocol.proto.OzoneManagerProtocolProtos$OzoneManagerService$2.callBlockingMethod(OzoneManagerProtocolProtos.java) [ozone-interface-client-1.3.0-SNAPSHOT.jar:?]
	at org.apache.hadoop.ipc.ProtobufRpcEngine$Server.processCall(ProtobufRpcEngine.java:466) [hadoop-common-3.3.1.jar:?]
	at org.apache.hadoop.ipc.ProtobufRpcEngine2$Server$ProtoBufRpcInvoker.call(ProtobufRpcEngine2.java:574) [hadoop-common-3.3.1.jar:?]
	at org.apache.hadoop.ipc.ProtobufRpcEngine2$Server$ProtoBufRpcInvoker.call(ProtobufRpcEngine2.java:552) [hadoop-common-3.3.1.jar:?]
	at org.apache.hadoop.ipc.RPC$Server.call(RPC.java:1093) [hadoop-common-3.3.1.jar:?]
	at org.apache.hadoop.ipc.Server$RpcCall.run(Server.java:1035) [hadoop-common-3.3.1.jar:?]
	at org.apache.hadoop.ipc.Server$RpcCall.run(Server.java:963) [hadoop-common-3.3.1.jar:?]
	at java.security.AccessController.doPrivileged(Native Method) ~[?:1.8.0_332]
	at javax.security.auth.Subject.doAs(Subject.java:422) [?:1.8.0_332]
	at org.apache.hadoop.security.UserGroupInformation.doAs(UserGroupInformation.java:1878) [hadoop-common-3.3.1.jar:?]
	at org.apache.hadoop.ipc.Server$Handler.run(Server.java:2966) [hadoop-common-3.3.1.jar:?]
]]></system-out>
  </testcase>
  <testcase name="testListStatusRootAndVolumeRecursive" classname="TestRootedOzoneFileSystem" time="1.19">
    <system-out><![CDATA[2022-08-09 13:47:14,429 [Time-limited test] INFO  rpc.RpcClient (RpcClient.java:createVolume(468)) - Creating Volume: volume60684, with user38690 as owner and space quota set to -1 bytes, counts quota set to -1
2022-08-09 13:47:14,432 [OM StateMachine ApplyTransaction Thread - 0] INFO  volume.OMVolumeCreateRequest (OMVolumeCreateRequest.java:validateAndUpdateCache(195)) - created volume:volume60684 for user:user38690
2022-08-09 13:47:14,435 [Time-limited test] INFO  rpc.RpcClient (RpcClient.java:createBucket(671)) - Creating Bucket: volume60684/bucket24391, with bucket layout LEGACY, runner as owner, Versioning false, Storage Type set to DISK and Encryption set to false 
2022-08-09 13:47:14,438 [OM StateMachine ApplyTransaction Thread - 0] INFO  bucket.OMBucketCreateRequest (OMBucketCreateRequest.java:validateAndUpdateCache(260)) - created bucket: bucket24391 of layout LEGACY in volume: volume60684
2022-08-09 13:47:14,448 [Time-limited test] INFO  rpc.RpcClient (RpcClient.java:createVolume(468)) - Creating Volume: volume-26377, with runner as owner and space quota set to -1 bytes, counts quota set to -1
2022-08-09 13:47:14,451 [OM StateMachine ApplyTransaction Thread - 0] INFO  volume.OMVolumeCreateRequest (OMVolumeCreateRequest.java:validateAndUpdateCache(195)) - created volume:volume-26377 for user:runner
2022-08-09 13:47:14,453 [Time-limited test] INFO  rpc.RpcClient (RpcClient.java:createBucket(671)) - Creating Bucket: volume-26377/bucket-14896, with bucket layout LEGACY, runner as owner, Versioning false, Storage Type set to DISK and Encryption set to false 
2022-08-09 13:47:14,455 [OM StateMachine ApplyTransaction Thread - 0] INFO  bucket.OMBucketCreateRequest (OMBucketCreateRequest.java:validateAndUpdateCache(260)) - created bucket: bucket-14896 of layout LEGACY in volume: volume-26377
2022-08-09 13:47:14,505 [Time-limited test] INFO  impl.MetricsSystemImpl (MetricsSystemImpl.java:init(158)) - XceiverClientMetrics metrics system started (again)
2022-08-09 13:47:14,563 [727e95bd-5db3-41ce-a16b-fd1add2220b0@group-B26B2EB59A74-FollowerState] INFO  impl.FollowerState (FollowerState.java:run(143)) - 727e95bd-5db3-41ce-a16b-fd1add2220b0@group-B26B2EB59A74-FollowerState: change to CANDIDATE, lastRpcElapsedTime:5166748753ns, electionTimeout:5166ms
2022-08-09 13:47:14,563 [727e95bd-5db3-41ce-a16b-fd1add2220b0@group-B26B2EB59A74-FollowerState] INFO  impl.RoleInfo (RoleInfo.java:shutdownFollowerState(110)) - 727e95bd-5db3-41ce-a16b-fd1add2220b0: shutdown 727e95bd-5db3-41ce-a16b-fd1add2220b0@group-B26B2EB59A74-FollowerState
2022-08-09 13:47:14,563 [727e95bd-5db3-41ce-a16b-fd1add2220b0@group-B26B2EB59A74-FollowerState] INFO  server.RaftServer$Division (RaftServerImpl.java:setRole(299)) - 727e95bd-5db3-41ce-a16b-fd1add2220b0@group-B26B2EB59A74: changes role from  FOLLOWER to CANDIDATE at term 0 for changeToCandidate
2022-08-09 13:47:14,563 [727e95bd-5db3-41ce-a16b-fd1add2220b0@group-B26B2EB59A74-FollowerState] INFO  server.RaftServerConfigKeys (ConfUtils.java:logGet(46)) - raft.server.leaderelection.pre-vote = false (custom)
2022-08-09 13:47:14,563 [727e95bd-5db3-41ce-a16b-fd1add2220b0@group-B26B2EB59A74-FollowerState] INFO  impl.RoleInfo (RoleInfo.java:updateAndGet(139)) - 727e95bd-5db3-41ce-a16b-fd1add2220b0: start 727e95bd-5db3-41ce-a16b-fd1add2220b0@group-B26B2EB59A74-LeaderElection9
2022-08-09 13:47:14,576 [727e95bd-5db3-41ce-a16b-fd1add2220b0@group-B26B2EB59A74-LeaderElection9] INFO  impl.LeaderElection (LeaderElection.java:askForVotes(310)) - 727e95bd-5db3-41ce-a16b-fd1add2220b0@group-B26B2EB59A74-LeaderElection9 ELECTION round 0: submit vote requests at term 1 for -1: [727e95bd-5db3-41ce-a16b-fd1add2220b0|rpc:10.1.0.19:40819|priority:1], old=null
2022-08-09 13:47:14,576 [727e95bd-5db3-41ce-a16b-fd1add2220b0@group-B26B2EB59A74-LeaderElection9] INFO  impl.LeaderElection (LeaderElection.java:askForVotes(312)) - 727e95bd-5db3-41ce-a16b-fd1add2220b0@group-B26B2EB59A74-LeaderElection9 ELECTION round 0: result PASSED (term=1)
2022-08-09 13:47:14,576 [727e95bd-5db3-41ce-a16b-fd1add2220b0@group-B26B2EB59A74-LeaderElection9] INFO  impl.RoleInfo (RoleInfo.java:shutdownLeaderElection(130)) - 727e95bd-5db3-41ce-a16b-fd1add2220b0: shutdown 727e95bd-5db3-41ce-a16b-fd1add2220b0@group-B26B2EB59A74-LeaderElection9
2022-08-09 13:47:14,576 [727e95bd-5db3-41ce-a16b-fd1add2220b0@group-B26B2EB59A74-LeaderElection9] INFO  server.RaftServer$Division (RaftServerImpl.java:setRole(299)) - 727e95bd-5db3-41ce-a16b-fd1add2220b0@group-B26B2EB59A74: changes role from CANDIDATE to LEADER at term 1 for changeToLeader
2022-08-09 13:47:14,576 [727e95bd-5db3-41ce-a16b-fd1add2220b0@group-B26B2EB59A74-LeaderElection9] INFO  ratis.XceiverServerRatis (XceiverServerRatis.java:handleLeaderChangedNotification(863)) - Leader change notification received for group: group-B26B2EB59A74 with new leaderId: 727e95bd-5db3-41ce-a16b-fd1add2220b0
2022-08-09 13:47:14,577 [727e95bd-5db3-41ce-a16b-fd1add2220b0@group-B26B2EB59A74-LeaderElection9] INFO  server.RaftServer$Division (ServerState.java:setLeader(287)) - 727e95bd-5db3-41ce-a16b-fd1add2220b0@group-B26B2EB59A74: change Leader from null to 727e95bd-5db3-41ce-a16b-fd1add2220b0 at term 1 for becomeLeader, leader elected after 5191ms
2022-08-09 13:47:14,577 [727e95bd-5db3-41ce-a16b-fd1add2220b0@group-B26B2EB59A74-LeaderElection9] INFO  server.RaftServerConfigKeys (ConfUtils.java:logGet(46)) - raft.server.staging.catchup.gap = 1000 (default)
2022-08-09 13:47:14,577 [727e95bd-5db3-41ce-a16b-fd1add2220b0@group-B26B2EB59A74-LeaderElection9] INFO  server.RaftServerConfigKeys (ConfUtils.java:logGet(46)) - raft.server.write.element-limit = 1024 (custom)
2022-08-09 13:47:14,577 [727e95bd-5db3-41ce-a16b-fd1add2220b0@group-B26B2EB59A74-LeaderElection9] INFO  server.RaftServerConfigKeys (ConfUtils.java:logGet(46)) - raft.server.write.byte-limit = 1024 M (=1073741824) (custom)
2022-08-09 13:47:14,589 [727e95bd-5db3-41ce-a16b-fd1add2220b0@group-B26B2EB59A74-LeaderElection9] INFO  server.RaftServerConfigKeys (ConfUtils.java:logGet(46)) - raft.server.watch.timeout = 180s (custom)
2022-08-09 13:47:14,589 [727e95bd-5db3-41ce-a16b-fd1add2220b0@group-B26B2EB59A74-LeaderElection9] INFO  server.RaftServerConfigKeys (ConfUtils.java:logGet(46)) - raft.server.watch.timeout.denomination = 1s (default)
2022-08-09 13:47:14,589 [727e95bd-5db3-41ce-a16b-fd1add2220b0@group-B26B2EB59A74-LeaderElection9] INFO  server.RaftServerConfigKeys (ConfUtils.java:logGet(46)) - raft.server.watch.element-limit = 65536 (default)
2022-08-09 13:47:14,589 [727e95bd-5db3-41ce-a16b-fd1add2220b0@group-B26B2EB59A74-LeaderElection9] INFO  server.RaftServerConfigKeys (ConfUtils.java:logGet(46)) - raft.server.write.element-limit = 1024 (custom)
2022-08-09 13:47:14,589 [727e95bd-5db3-41ce-a16b-fd1add2220b0@group-B26B2EB59A74-LeaderElection9] INFO  server.RaftServerConfigKeys (ConfUtils.java:logGet(46)) - raft.server.write.follower.gap.ratio.max = -1.0 (default)
2022-08-09 13:47:14,589 [727e95bd-5db3-41ce-a16b-fd1add2220b0@group-B26B2EB59A74-LeaderElection9] INFO  impl.RoleInfo (RoleInfo.java:updateAndGet(139)) - 727e95bd-5db3-41ce-a16b-fd1add2220b0: start 727e95bd-5db3-41ce-a16b-fd1add2220b0@group-B26B2EB59A74-LeaderStateImpl
2022-08-09 13:47:14,590 [727e95bd-5db3-41ce-a16b-fd1add2220b0@group-B26B2EB59A74-LeaderElection9] INFO  segmented.SegmentedRaftLogWorker (SegmentedRaftLogWorker.java:startLogSegment(425)) - 727e95bd-5db3-41ce-a16b-fd1add2220b0@group-B26B2EB59A74-SegmentedRaftLogWorker: Starting segment from index:0
2022-08-09 13:47:14,593 [727e95bd-5db3-41ce-a16b-fd1add2220b0@group-B26B2EB59A74-LeaderElection9] INFO  server.RaftServer$Division (ServerState.java:setRaftConf(393)) - 727e95bd-5db3-41ce-a16b-fd1add2220b0@group-B26B2EB59A74: set configuration 0: [727e95bd-5db3-41ce-a16b-fd1add2220b0|rpc:10.1.0.19:40819|dataStream:|priority:1], old=null
2022-08-09 13:47:14,593 [727e95bd-5db3-41ce-a16b-fd1add2220b0@group-B26B2EB59A74-SegmentedRaftLogWorker] INFO  segmented.SegmentedRaftLogWorker (SegmentedRaftLogWorker.java:execute(629)) - 727e95bd-5db3-41ce-a16b-fd1add2220b0@group-B26B2EB59A74-SegmentedRaftLogWorker: created new log segment /home/runner/work/ozone/ozone/hadoop-ozone/integration-test/target/test-dir/MiniOzoneClusterImpl-e9ece791-7ef2-4ada-98fe-daefa8f21954/datanode-4/data/ratis/a47667e1-87f2-4912-8c26-b26b2eb59a74/current/log_inprogress_0
2022-08-09 13:47:14,961 [Time-limited test] INFO  rpc.RpcClient (RpcClient.java:createVolume(468)) - Creating Volume: volume-38259, with runner as owner and space quota set to -1 bytes, counts quota set to -1
2022-08-09 13:47:14,963 [OM StateMachine ApplyTransaction Thread - 0] INFO  volume.OMVolumeCreateRequest (OMVolumeCreateRequest.java:validateAndUpdateCache(195)) - created volume:volume-38259 for user:runner
2022-08-09 13:47:14,965 [Time-limited test] INFO  rpc.RpcClient (RpcClient.java:createBucket(671)) - Creating Bucket: volume-38259/bucket-74761, with bucket layout LEGACY, runner as owner, Versioning false, Storage Type set to DISK and Encryption set to false 
2022-08-09 13:47:14,968 [OM StateMachine ApplyTransaction Thread - 0] INFO  bucket.OMBucketCreateRequest (OMBucketCreateRequest.java:validateAndUpdateCache(260)) - created bucket: bucket-74761 of layout LEGACY in volume: volume-38259
2022-08-09 13:47:15,176 [Finalizer] WARN  managed.ManagedRocksObjectUtils (ManagedRocksObjectUtils.java:assertClosed(39)) - ManagedDBOptions is not closed properly
2022-08-09 13:47:15,176 [Finalizer] WARN  managed.ManagedRocksObjectUtils (ManagedRocksObjectUtils.java:assertClosed(39)) - ManagedColumnFamilyOptions is not closed properly
2022-08-09 13:47:15,176 [Finalizer] WARN  managed.ManagedRocksObjectUtils (ManagedRocksObjectUtils.java:assertClosed(39)) - ManagedLRUCache is not closed properly
2022-08-09 13:47:15,176 [Finalizer] WARN  managed.ManagedRocksObjectUtils (ManagedRocksObjectUtils.java:assertClosed(39)) - ManagedBloomFilter is not closed properly
2022-08-09 13:47:15,176 [Finalizer] WARN  managed.ManagedRocksObjectUtils (ManagedRocksObjectUtils.java:assertClosed(39)) - ManagedDBOptions is not closed properly
2022-08-09 13:47:15,176 [Finalizer] WARN  managed.ManagedRocksObjectUtils (ManagedRocksObjectUtils.java:assertClosed(39)) - ManagedColumnFamilyOptions is not closed properly
2022-08-09 13:47:15,176 [Finalizer] WARN  managed.ManagedRocksObjectUtils (ManagedRocksObjectUtils.java:assertClosed(39)) - ManagedLRUCache is not closed properly
2022-08-09 13:47:15,176 [Finalizer] WARN  managed.ManagedRocksObjectUtils (ManagedRocksObjectUtils.java:assertClosed(39)) - ManagedBloomFilter is not closed properly
2022-08-09 13:47:15,176 [Finalizer] WARN  managed.ManagedRocksObjectUtils (ManagedRocksObjectUtils.java:assertClosed(39)) - ManagedDBOptions is not closed properly
2022-08-09 13:47:15,176 [Finalizer] WARN  managed.ManagedRocksObjectUtils (ManagedRocksObjectUtils.java:assertClosed(39)) - ManagedColumnFamilyOptions is not closed properly
2022-08-09 13:47:15,176 [Finalizer] WARN  managed.ManagedRocksObjectUtils (ManagedRocksObjectUtils.java:assertClosed(39)) - ManagedLRUCache is not closed properly
2022-08-09 13:47:15,176 [Finalizer] WARN  managed.ManagedRocksObjectUtils (ManagedRocksObjectUtils.java:assertClosed(39)) - ManagedBloomFilter is not closed properly
2022-08-09 13:47:15,177 [Finalizer] WARN  managed.ManagedRocksObjectUtils (ManagedRocksObjectUtils.java:assertClosed(39)) - ManagedDBOptions is not closed properly
2022-08-09 13:47:15,177 [Finalizer] WARN  managed.ManagedRocksObjectUtils (ManagedRocksObjectUtils.java:assertClosed(39)) - ManagedColumnFamilyOptions is not closed properly
2022-08-09 13:47:15,177 [Finalizer] WARN  managed.ManagedRocksObjectUtils (ManagedRocksObjectUtils.java:assertClosed(39)) - ManagedLRUCache is not closed properly
2022-08-09 13:47:15,177 [Finalizer] WARN  managed.ManagedRocksObjectUtils (ManagedRocksObjectUtils.java:assertClosed(39)) - ManagedBloomFilter is not closed properly
2022-08-09 13:47:15,177 [Finalizer] WARN  managed.ManagedRocksObjectUtils (ManagedRocksObjectUtils.java:assertClosed(39)) - ManagedDBOptions is not closed properly
2022-08-09 13:47:15,177 [Finalizer] WARN  managed.ManagedRocksObjectUtils (ManagedRocksObjectUtils.java:assertClosed(39)) - ManagedColumnFamilyOptions is not closed properly
2022-08-09 13:47:15,177 [Finalizer] WARN  managed.ManagedRocksObjectUtils (ManagedRocksObjectUtils.java:assertClosed(39)) - ManagedLRUCache is not closed properly
2022-08-09 13:47:15,177 [Finalizer] WARN  managed.ManagedRocksObjectUtils (ManagedRocksObjectUtils.java:assertClosed(39)) - ManagedBloomFilter is not closed properly
2022-08-09 13:47:15,177 [Finalizer] WARN  managed.ManagedRocksObjectUtils (ManagedRocksObjectUtils.java:assertClosed(39)) - ManagedDBOptions is not closed properly
2022-08-09 13:47:15,177 [Finalizer] WARN  managed.ManagedRocksObjectUtils (ManagedRocksObjectUtils.java:assertClosed(39)) - ManagedColumnFamilyOptions is not closed properly
2022-08-09 13:47:15,177 [Finalizer] WARN  managed.ManagedRocksObjectUtils (ManagedRocksObjectUtils.java:assertClosed(39)) - ManagedLRUCache is not closed properly
2022-08-09 13:47:15,177 [Finalizer] WARN  managed.ManagedRocksObjectUtils (ManagedRocksObjectUtils.java:assertClosed(39)) - ManagedBloomFilter is not closed properly
]]></system-out>
  </testcase>
  <testcase name="testListStatusRootAndVolumeRecursive" classname="TestRootedOzoneFileSystem" time="0.804">
    <system-out><![CDATA[2022-08-09 13:48:19,120 [7eae729b-82ee-421b-843d-240299c4e56c@group-4D6438B63181-FollowerState] INFO  impl.FollowerState (FollowerState.java:run(143)) - 7eae729b-82ee-421b-843d-240299c4e56c@group-4D6438B63181-FollowerState: change to CANDIDATE, lastRpcElapsedTime:5166672470ns, electionTimeout:5154ms
2022-08-09 13:48:19,120 [7eae729b-82ee-421b-843d-240299c4e56c@group-4D6438B63181-FollowerState] INFO  impl.RoleInfo (RoleInfo.java:shutdownFollowerState(110)) - 7eae729b-82ee-421b-843d-240299c4e56c: shutdown 7eae729b-82ee-421b-843d-240299c4e56c@group-4D6438B63181-FollowerState
2022-08-09 13:48:19,120 [7eae729b-82ee-421b-843d-240299c4e56c@group-4D6438B63181-FollowerState] INFO  server.RaftServer$Division (RaftServerImpl.java:setRole(299)) - 7eae729b-82ee-421b-843d-240299c4e56c@group-4D6438B63181: changes role from  FOLLOWER to CANDIDATE at term 0 for changeToCandidate
2022-08-09 13:48:19,120 [7eae729b-82ee-421b-843d-240299c4e56c@group-4D6438B63181-FollowerState] INFO  server.RaftServerConfigKeys (ConfUtils.java:logGet(46)) - raft.server.leaderelection.pre-vote = false (custom)
2022-08-09 13:48:19,120 [7eae729b-82ee-421b-843d-240299c4e56c@group-4D6438B63181-FollowerState] INFO  impl.RoleInfo (RoleInfo.java:updateAndGet(139)) - 7eae729b-82ee-421b-843d-240299c4e56c: start 7eae729b-82ee-421b-843d-240299c4e56c@group-4D6438B63181-LeaderElection19
2022-08-09 13:48:19,152 [Time-limited test] INFO  rpc.RpcClient (RpcClient.java:createVolume(468)) - Creating Volume: volume91775, with user00119 as owner and space quota set to -1 bytes, counts quota set to -1
2022-08-09 13:48:19,155 [7eae729b-82ee-421b-843d-240299c4e56c@group-4D6438B63181-LeaderElection19] INFO  impl.LeaderElection (LeaderElection.java:askForVotes(310)) - 7eae729b-82ee-421b-843d-240299c4e56c@group-4D6438B63181-LeaderElection19 ELECTION round 0: submit vote requests at term 1 for -1: [7eae729b-82ee-421b-843d-240299c4e56c|rpc:10.1.0.19:36615|priority:1], old=null
2022-08-09 13:48:19,155 [OM StateMachine ApplyTransaction Thread - 0] INFO  volume.OMVolumeCreateRequest (OMVolumeCreateRequest.java:validateAndUpdateCache(195)) - created volume:volume91775 for user:user00119
2022-08-09 13:48:19,155 [7eae729b-82ee-421b-843d-240299c4e56c@group-4D6438B63181-LeaderElection19] INFO  impl.LeaderElection (LeaderElection.java:askForVotes(312)) - 7eae729b-82ee-421b-843d-240299c4e56c@group-4D6438B63181-LeaderElection19 ELECTION round 0: result PASSED (term=1)
2022-08-09 13:48:19,155 [7eae729b-82ee-421b-843d-240299c4e56c@group-4D6438B63181-LeaderElection19] INFO  impl.RoleInfo (RoleInfo.java:shutdownLeaderElection(130)) - 7eae729b-82ee-421b-843d-240299c4e56c: shutdown 7eae729b-82ee-421b-843d-240299c4e56c@group-4D6438B63181-LeaderElection19
2022-08-09 13:48:19,155 [7eae729b-82ee-421b-843d-240299c4e56c@group-4D6438B63181-LeaderElection19] INFO  server.RaftServer$Division (RaftServerImpl.java:setRole(299)) - 7eae729b-82ee-421b-843d-240299c4e56c@group-4D6438B63181: changes role from CANDIDATE to LEADER at term 1 for changeToLeader
2022-08-09 13:48:19,156 [7eae729b-82ee-421b-843d-240299c4e56c@group-4D6438B63181-LeaderElection19] INFO  ratis.XceiverServerRatis (XceiverServerRatis.java:handleLeaderChangedNotification(863)) - Leader change notification received for group: group-4D6438B63181 with new leaderId: 7eae729b-82ee-421b-843d-240299c4e56c
2022-08-09 13:48:19,156 [7eae729b-82ee-421b-843d-240299c4e56c@group-4D6438B63181-LeaderElection19] INFO  server.RaftServer$Division (ServerState.java:setLeader(287)) - 7eae729b-82ee-421b-843d-240299c4e56c@group-4D6438B63181: change Leader from null to 7eae729b-82ee-421b-843d-240299c4e56c at term 1 for becomeLeader, leader elected after 5216ms
2022-08-09 13:48:19,156 [7eae729b-82ee-421b-843d-240299c4e56c@group-4D6438B63181-LeaderElection19] INFO  server.RaftServerConfigKeys (ConfUtils.java:logGet(46)) - raft.server.staging.catchup.gap = 1000 (default)
2022-08-09 13:48:19,156 [7eae729b-82ee-421b-843d-240299c4e56c@group-4D6438B63181-LeaderElection19] INFO  server.RaftServerConfigKeys (ConfUtils.java:logGet(46)) - raft.server.write.element-limit = 1024 (custom)
2022-08-09 13:48:19,156 [7eae729b-82ee-421b-843d-240299c4e56c@group-4D6438B63181-LeaderElection19] INFO  server.RaftServerConfigKeys (ConfUtils.java:logGet(46)) - raft.server.write.byte-limit = 1024 M (=1073741824) (custom)
2022-08-09 13:48:19,156 [7eae729b-82ee-421b-843d-240299c4e56c@group-4D6438B63181-LeaderElection19] INFO  server.RaftServerConfigKeys (ConfUtils.java:logGet(46)) - raft.server.watch.timeout = 180s (custom)
2022-08-09 13:48:19,157 [7eae729b-82ee-421b-843d-240299c4e56c@group-4D6438B63181-LeaderElection19] INFO  server.RaftServerConfigKeys (ConfUtils.java:logGet(46)) - raft.server.watch.timeout.denomination = 1s (default)
2022-08-09 13:48:19,157 [7eae729b-82ee-421b-843d-240299c4e56c@group-4D6438B63181-LeaderElection19] INFO  server.RaftServerConfigKeys (ConfUtils.java:logGet(46)) - raft.server.watch.element-limit = 65536 (default)
2022-08-09 13:48:19,158 [7eae729b-82ee-421b-843d-240299c4e56c@group-4D6438B63181-LeaderElection19] INFO  server.RaftServerConfigKeys (ConfUtils.java:logGet(46)) - raft.server.write.element-limit = 1024 (custom)
2022-08-09 13:48:19,158 [7eae729b-82ee-421b-843d-240299c4e56c@group-4D6438B63181-LeaderElection19] INFO  server.RaftServerConfigKeys (ConfUtils.java:logGet(46)) - raft.server.write.follower.gap.ratio.max = -1.0 (default)
2022-08-09 13:48:19,159 [7eae729b-82ee-421b-843d-240299c4e56c@group-4D6438B63181-LeaderElection19] INFO  impl.RoleInfo (RoleInfo.java:updateAndGet(139)) - 7eae729b-82ee-421b-843d-240299c4e56c: start 7eae729b-82ee-421b-843d-240299c4e56c@group-4D6438B63181-LeaderStateImpl
2022-08-09 13:48:19,159 [7eae729b-82ee-421b-843d-240299c4e56c@group-4D6438B63181-LeaderElection19] INFO  segmented.SegmentedRaftLogWorker (SegmentedRaftLogWorker.java:startLogSegment(425)) - 7eae729b-82ee-421b-843d-240299c4e56c@group-4D6438B63181-SegmentedRaftLogWorker: Starting segment from index:0
2022-08-09 13:48:19,158 [Time-limited test] INFO  rpc.RpcClient (RpcClient.java:createBucket(671)) - Creating Bucket: volume91775/bucket69772, with bucket layout LEGACY, runner as owner, Versioning false, Storage Type set to DISK and Encryption set to false 
2022-08-09 13:48:19,160 [OM StateMachine ApplyTransaction Thread - 0] INFO  bucket.OMBucketCreateRequest (OMBucketCreateRequest.java:validateAndUpdateCache(260)) - created bucket: bucket69772 of layout LEGACY in volume: volume91775
2022-08-09 13:48:19,161 [7eae729b-82ee-421b-843d-240299c4e56c@group-4D6438B63181-SegmentedRaftLogWorker] INFO  segmented.SegmentedRaftLogWorker (SegmentedRaftLogWorker.java:execute(629)) - 7eae729b-82ee-421b-843d-240299c4e56c@group-4D6438B63181-SegmentedRaftLogWorker: created new log segment /home/runner/work/ozone/ozone/hadoop-ozone/integration-test/target/test-dir/MiniOzoneClusterImpl-47423824-61ae-4caf-b360-a3644823e0d5/datanode-2/data/ratis/34ece154-41ea-438e-82f1-4d6438b63181/current/log_inprogress_0
13:48:19.179 [IPC Server handler 4 on default port 34619] ERROR OMAudit - user=runner | ip=127.0.0.1 | op=READ_BUCKET {volume=volume-62509, bucket=bucket-83384} | ret=FAILURE
org.apache.hadoop.ozone.om.exceptions.OMException: Volume not found when getting bucket info
	at org.apache.hadoop.ozone.om.BucketManagerImpl.getBucketInfo(BucketManagerImpl.java:127) ~[ozone-manager-1.3.0-SNAPSHOT.jar:?]
	at org.apache.hadoop.ozone.om.OzoneManager.getBucketInfo(OzoneManager.java:2780) ~[ozone-manager-1.3.0-SNAPSHOT.jar:?]
	at org.apache.hadoop.ozone.protocolPB.OzoneManagerRequestHandler.infoBucket(OzoneManagerRequestHandler.java:475) ~[ozone-manager-1.3.0-SNAPSHOT.jar:?]
	at org.apache.hadoop.ozone.protocolPB.OzoneManagerRequestHandler.handleReadRequest(OzoneManagerRequestHandler.java:178) ~[ozone-manager-1.3.0-SNAPSHOT.jar:?]
	at org.apache.hadoop.ozone.protocolPB.OzoneManagerProtocolServerSideTranslatorPB.submitReadRequestToOM(OzoneManagerProtocolServerSideTranslatorPB.java:226) ~[ozone-manager-1.3.0-SNAPSHOT.jar:?]
	at org.apache.hadoop.ozone.protocolPB.OzoneManagerProtocolServerSideTranslatorPB.processRequest(OzoneManagerProtocolServerSideTranslatorPB.java:175) ~[ozone-manager-1.3.0-SNAPSHOT.jar:?]
	at org.apache.hadoop.hdds.server.OzoneProtocolMessageDispatcher.processRequest(OzoneProtocolMessageDispatcher.java:87) [hdds-server-framework-1.3.0-SNAPSHOT.jar:?]
	at org.apache.hadoop.ozone.protocolPB.OzoneManagerProtocolServerSideTranslatorPB.submitRequest(OzoneManagerProtocolServerSideTranslatorPB.java:147) [ozone-manager-1.3.0-SNAPSHOT.jar:?]
	at org.apache.hadoop.ozone.protocol.proto.OzoneManagerProtocolProtos$OzoneManagerService$2.callBlockingMethod(OzoneManagerProtocolProtos.java) [ozone-interface-client-1.3.0-SNAPSHOT.jar:?]
	at org.apache.hadoop.ipc.ProtobufRpcEngine$Server.processCall(ProtobufRpcEngine.java:466) [hadoop-common-3.3.1.jar:?]
	at org.apache.hadoop.ipc.ProtobufRpcEngine2$Server$ProtoBufRpcInvoker.call(ProtobufRpcEngine2.java:574) [hadoop-common-3.3.1.jar:?]
	at org.apache.hadoop.ipc.ProtobufRpcEngine2$Server$ProtoBufRpcInvoker.call(ProtobufRpcEngine2.java:552) [hadoop-common-3.3.1.jar:?]
	at org.apache.hadoop.ipc.RPC$Server.call(RPC.java:1093) [hadoop-common-3.3.1.jar:?]
	at org.apache.hadoop.ipc.Server$RpcCall.run(Server.java:1035) [hadoop-common-3.3.1.jar:?]
	at org.apache.hadoop.ipc.Server$RpcCall.run(Server.java:963) [hadoop-common-3.3.1.jar:?]
	at java.security.AccessController.doPrivileged(Native Method) ~[?:1.8.0_332]
	at javax.security.auth.Subject.doAs(Subject.java:422) [?:1.8.0_332]
	at org.apache.hadoop.security.UserGroupInformation.doAs(UserGroupInformation.java:1878) [hadoop-common-3.3.1.jar:?]
	at org.apache.hadoop.ipc.Server$Handler.run(Server.java:2966) [hadoop-common-3.3.1.jar:?]
2022-08-09 13:48:19,180 [Time-limited test] INFO  rpc.RpcClient (RpcClient.java:createVolume(468)) - Creating Volume: volume-62509, with runner as owner and space quota set to -1 bytes, counts quota set to -1
2022-08-09 13:48:19,181 [OM StateMachine ApplyTransaction Thread - 0] INFO  volume.OMVolumeCreateRequest (OMVolumeCreateRequest.java:validateAndUpdateCache(195)) - created volume:volume-62509 for user:runner
2022-08-09 13:48:19,182 [Time-limited test] INFO  rpc.RpcClient (RpcClient.java:createBucket(671)) - Creating Bucket: volume-62509/bucket-83384, with bucket layout LEGACY, runner as owner, Versioning false, Storage Type set to DISK and Encryption set to false 
2022-08-09 13:48:19,183 [OM StateMachine ApplyTransaction Thread - 0] INFO  bucket.OMBucketCreateRequest (OMBucketCreateRequest.java:validateAndUpdateCache(260)) - created bucket: bucket-83384 of layout LEGACY in volume: volume-62509
2022-08-09 13:48:19,187 [7eae729b-82ee-421b-843d-240299c4e56c@group-4D6438B63181-LeaderElection19] INFO  server.RaftServer$Division (ServerState.java:setRaftConf(393)) - 7eae729b-82ee-421b-843d-240299c4e56c@group-4D6438B63181: set configuration 0: [7eae729b-82ee-421b-843d-240299c4e56c|rpc:10.1.0.19:36615|dataStream:|priority:1], old=null
13:48:19.490 [IPC Server handler 19 on default port 34619] ERROR OMAudit - user=runner | ip=127.0.0.1 | op=READ_BUCKET {volume=volume-84647, bucket=bucket-55422} | ret=FAILURE
org.apache.hadoop.ozone.om.exceptions.OMException: Volume not found when getting bucket info
	at org.apache.hadoop.ozone.om.BucketManagerImpl.getBucketInfo(BucketManagerImpl.java:127) ~[ozone-manager-1.3.0-SNAPSHOT.jar:?]
	at org.apache.hadoop.ozone.om.OzoneManager.getBucketInfo(OzoneManager.java:2780) ~[ozone-manager-1.3.0-SNAPSHOT.jar:?]
	at org.apache.hadoop.ozone.protocolPB.OzoneManagerRequestHandler.infoBucket(OzoneManagerRequestHandler.java:475) ~[ozone-manager-1.3.0-SNAPSHOT.jar:?]
	at org.apache.hadoop.ozone.protocolPB.OzoneManagerRequestHandler.handleReadRequest(OzoneManagerRequestHandler.java:178) ~[ozone-manager-1.3.0-SNAPSHOT.jar:?]
	at org.apache.hadoop.ozone.protocolPB.OzoneManagerProtocolServerSideTranslatorPB.submitReadRequestToOM(OzoneManagerProtocolServerSideTranslatorPB.java:226) ~[ozone-manager-1.3.0-SNAPSHOT.jar:?]
	at org.apache.hadoop.ozone.protocolPB.OzoneManagerProtocolServerSideTranslatorPB.processRequest(OzoneManagerProtocolServerSideTranslatorPB.java:175) ~[ozone-manager-1.3.0-SNAPSHOT.jar:?]
	at org.apache.hadoop.hdds.server.OzoneProtocolMessageDispatcher.processRequest(OzoneProtocolMessageDispatcher.java:87) [hdds-server-framework-1.3.0-SNAPSHOT.jar:?]
	at org.apache.hadoop.ozone.protocolPB.OzoneManagerProtocolServerSideTranslatorPB.submitRequest(OzoneManagerProtocolServerSideTranslatorPB.java:147) [ozone-manager-1.3.0-SNAPSHOT.jar:?]
	at org.apache.hadoop.ozone.protocol.proto.OzoneManagerProtocolProtos$OzoneManagerService$2.callBlockingMethod(OzoneManagerProtocolProtos.java) [ozone-interface-client-1.3.0-SNAPSHOT.jar:?]
	at org.apache.hadoop.ipc.ProtobufRpcEngine$Server.processCall(ProtobufRpcEngine.java:466) [hadoop-common-3.3.1.jar:?]
	at org.apache.hadoop.ipc.ProtobufRpcEngine2$Server$ProtoBufRpcInvoker.call(ProtobufRpcEngine2.java:574) [hadoop-common-3.3.1.jar:?]
	at org.apache.hadoop.ipc.ProtobufRpcEngine2$Server$ProtoBufRpcInvoker.call(ProtobufRpcEngine2.java:552) [hadoop-common-3.3.1.jar:?]
	at org.apache.hadoop.ipc.RPC$Server.call(RPC.java:1093) [hadoop-common-3.3.1.jar:?]
	at org.apache.hadoop.ipc.Server$RpcCall.run(Server.java:1035) [hadoop-common-3.3.1.jar:?]
	at org.apache.hadoop.ipc.Server$RpcCall.run(Server.java:963) [hadoop-common-3.3.1.jar:?]
	at java.security.AccessController.doPrivileged(Native Method) ~[?:1.8.0_332]
	at javax.security.auth.Subject.doAs(Subject.java:422) [?:1.8.0_332]
	at org.apache.hadoop.security.UserGroupInformation.doAs(UserGroupInformation.java:1878) [hadoop-common-3.3.1.jar:?]
	at org.apache.hadoop.ipc.Server$Handler.run(Server.java:2966) [hadoop-common-3.3.1.jar:?]
2022-08-09 13:48:19,490 [Time-limited test] INFO  rpc.RpcClient (RpcClient.java:createVolume(468)) - Creating Volume: volume-84647, with runner as owner and space quota set to -1 bytes, counts quota set to -1
2022-08-09 13:48:19,491 [OM StateMachine ApplyTransaction Thread - 0] INFO  volume.OMVolumeCreateRequest (OMVolumeCreateRequest.java:validateAndUpdateCache(195)) - created volume:volume-84647 for user:runner
2022-08-09 13:48:19,492 [Time-limited test] INFO  rpc.RpcClient (RpcClient.java:createBucket(671)) - Creating Bucket: volume-84647/bucket-55422, with bucket layout LEGACY, runner as owner, Versioning false, Storage Type set to DISK and Encryption set to false 
2022-08-09 13:48:19,494 [OM StateMachine ApplyTransaction Thread - 0] INFO  bucket.OMBucketCreateRequest (OMBucketCreateRequest.java:validateAndUpdateCache(260)) - created bucket: bucket-55422 of layout LEGACY in volume: volume-84647
]]></system-out>
  </testcase>
  <testcase name="testListStatusRootAndVolumeRecursive" classname="TestRootedOzoneFileSystem" time="1.058">
    <system-out><![CDATA[2022-08-09 13:49:24,752 [Time-limited test] INFO  rpc.RpcClient (RpcClient.java:createVolume(468)) - Creating Volume: volume51161, with user21254 as owner and space quota set to -1 bytes, counts quota set to -1
2022-08-09 13:49:24,753 [IPC Server handler 6 on default port 42643] INFO  volume.OMVolumeCreateRequest (OMVolumeCreateRequest.java:validateAndUpdateCache(195)) - created volume:volume51161 for user:user21254
2022-08-09 13:49:24,757 [Time-limited test] INFO  rpc.RpcClient (RpcClient.java:createBucket(671)) - Creating Bucket: volume51161/bucket45685, with bucket layout LEGACY, runner as owner, Versioning false, Storage Type set to DISK and Encryption set to false 
2022-08-09 13:49:24,758 [IPC Server handler 0 on default port 42643] INFO  bucket.OMBucketCreateRequest (OMBucketCreateRequest.java:validateAndUpdateCache(260)) - created bucket: bucket45685 of layout LEGACY in volume: volume51161
13:49:24.769 [IPC Server handler 4 on default port 42643] ERROR OMAudit - user=runner | ip=127.0.0.1 | op=READ_BUCKET {volume=volume-31923, bucket=bucket-13248} | ret=FAILURE
org.apache.hadoop.ozone.om.exceptions.OMException: Volume not found when getting bucket info
	at org.apache.hadoop.ozone.om.BucketManagerImpl.getBucketInfo(BucketManagerImpl.java:127) ~[ozone-manager-1.3.0-SNAPSHOT.jar:?]
	at org.apache.hadoop.ozone.om.OzoneManager.getBucketInfo(OzoneManager.java:2780) ~[ozone-manager-1.3.0-SNAPSHOT.jar:?]
	at org.apache.hadoop.ozone.protocolPB.OzoneManagerRequestHandler.infoBucket(OzoneManagerRequestHandler.java:475) ~[ozone-manager-1.3.0-SNAPSHOT.jar:?]
	at org.apache.hadoop.ozone.protocolPB.OzoneManagerRequestHandler.handleReadRequest(OzoneManagerRequestHandler.java:178) ~[ozone-manager-1.3.0-SNAPSHOT.jar:?]
	at org.apache.hadoop.ozone.protocolPB.OzoneManagerProtocolServerSideTranslatorPB.submitRequestDirectlyToOM(OzoneManagerProtocolServerSideTranslatorPB.java:276) ~[ozone-manager-1.3.0-SNAPSHOT.jar:?]
	at org.apache.hadoop.ozone.protocolPB.OzoneManagerProtocolServerSideTranslatorPB.processRequest(OzoneManagerProtocolServerSideTranslatorPB.java:205) ~[ozone-manager-1.3.0-SNAPSHOT.jar:?]
	at org.apache.hadoop.hdds.server.OzoneProtocolMessageDispatcher.processRequest(OzoneProtocolMessageDispatcher.java:87) [hdds-server-framework-1.3.0-SNAPSHOT.jar:?]
	at org.apache.hadoop.ozone.protocolPB.OzoneManagerProtocolServerSideTranslatorPB.submitRequest(OzoneManagerProtocolServerSideTranslatorPB.java:147) [ozone-manager-1.3.0-SNAPSHOT.jar:?]
	at org.apache.hadoop.ozone.protocol.proto.OzoneManagerProtocolProtos$OzoneManagerService$2.callBlockingMethod(OzoneManagerProtocolProtos.java) [ozone-interface-client-1.3.0-SNAPSHOT.jar:?]
	at org.apache.hadoop.ipc.ProtobufRpcEngine$Server.processCall(ProtobufRpcEngine.java:466) [hadoop-common-3.3.1.jar:?]
	at org.apache.hadoop.ipc.ProtobufRpcEngine2$Server$ProtoBufRpcInvoker.call(ProtobufRpcEngine2.java:574) [hadoop-common-3.3.1.jar:?]
	at org.apache.hadoop.ipc.ProtobufRpcEngine2$Server$ProtoBufRpcInvoker.call(ProtobufRpcEngine2.java:552) [hadoop-common-3.3.1.jar:?]
	at org.apache.hadoop.ipc.RPC$Server.call(RPC.java:1093) [hadoop-common-3.3.1.jar:?]
	at org.apache.hadoop.ipc.Server$RpcCall.run(Server.java:1035) [hadoop-common-3.3.1.jar:?]
	at org.apache.hadoop.ipc.Server$RpcCall.run(Server.java:963) [hadoop-common-3.3.1.jar:?]
	at java.security.AccessController.doPrivileged(Native Method) ~[?:1.8.0_332]
	at javax.security.auth.Subject.doAs(Subject.java:422) [?:1.8.0_332]
	at org.apache.hadoop.security.UserGroupInformation.doAs(UserGroupInformation.java:1878) [hadoop-common-3.3.1.jar:?]
	at org.apache.hadoop.ipc.Server$Handler.run(Server.java:2966) [hadoop-common-3.3.1.jar:?]
2022-08-09 13:49:24,769 [Time-limited test] INFO  rpc.RpcClient (RpcClient.java:createVolume(468)) - Creating Volume: volume-31923, with runner as owner and space quota set to -1 bytes, counts quota set to -1
2022-08-09 13:49:24,770 [IPC Server handler 8 on default port 42643] INFO  volume.OMVolumeCreateRequest (OMVolumeCreateRequest.java:validateAndUpdateCache(195)) - created volume:volume-31923 for user:runner
2022-08-09 13:49:24,770 [Time-limited test] INFO  rpc.RpcClient (RpcClient.java:createBucket(671)) - Creating Bucket: volume-31923/bucket-13248, with bucket layout LEGACY, runner as owner, Versioning false, Storage Type set to DISK and Encryption set to false 
2022-08-09 13:49:24,771 [IPC Server handler 5 on default port 42643] INFO  bucket.OMBucketCreateRequest (OMBucketCreateRequest.java:validateAndUpdateCache(260)) - created bucket: bucket-13248 of layout LEGACY in volume: volume-31923
13:49:25.198 [IPC Server handler 14 on default port 42643] ERROR OMAudit - user=runner | ip=127.0.0.1 | op=READ_BUCKET {volume=volume-30929, bucket=bucket-10454} | ret=FAILURE
org.apache.hadoop.ozone.om.exceptions.OMException: Volume not found when getting bucket info
	at org.apache.hadoop.ozone.om.BucketManagerImpl.getBucketInfo(BucketManagerImpl.java:127) ~[ozone-manager-1.3.0-SNAPSHOT.jar:?]
	at org.apache.hadoop.ozone.om.OzoneManager.getBucketInfo(OzoneManager.java:2780) ~[ozone-manager-1.3.0-SNAPSHOT.jar:?]
	at org.apache.hadoop.ozone.protocolPB.OzoneManagerRequestHandler.infoBucket(OzoneManagerRequestHandler.java:475) ~[ozone-manager-1.3.0-SNAPSHOT.jar:?]
	at org.apache.hadoop.ozone.protocolPB.OzoneManagerRequestHandler.handleReadRequest(OzoneManagerRequestHandler.java:178) ~[ozone-manager-1.3.0-SNAPSHOT.jar:?]
	at org.apache.hadoop.ozone.protocolPB.OzoneManagerProtocolServerSideTranslatorPB.submitRequestDirectlyToOM(OzoneManagerProtocolServerSideTranslatorPB.java:276) ~[ozone-manager-1.3.0-SNAPSHOT.jar:?]
	at org.apache.hadoop.ozone.protocolPB.OzoneManagerProtocolServerSideTranslatorPB.processRequest(OzoneManagerProtocolServerSideTranslatorPB.java:205) ~[ozone-manager-1.3.0-SNAPSHOT.jar:?]
	at org.apache.hadoop.hdds.server.OzoneProtocolMessageDispatcher.processRequest(OzoneProtocolMessageDispatcher.java:87) [hdds-server-framework-1.3.0-SNAPSHOT.jar:?]
	at org.apache.hadoop.ozone.protocolPB.OzoneManagerProtocolServerSideTranslatorPB.submitRequest(OzoneManagerProtocolServerSideTranslatorPB.java:147) [ozone-manager-1.3.0-SNAPSHOT.jar:?]
	at org.apache.hadoop.ozone.protocol.proto.OzoneManagerProtocolProtos$OzoneManagerService$2.callBlockingMethod(OzoneManagerProtocolProtos.java) [ozone-interface-client-1.3.0-SNAPSHOT.jar:?]
	at org.apache.hadoop.ipc.ProtobufRpcEngine$Server.processCall(ProtobufRpcEngine.java:466) [hadoop-common-3.3.1.jar:?]
	at org.apache.hadoop.ipc.ProtobufRpcEngine2$Server$ProtoBufRpcInvoker.call(ProtobufRpcEngine2.java:574) [hadoop-common-3.3.1.jar:?]
	at org.apache.hadoop.ipc.ProtobufRpcEngine2$Server$ProtoBufRpcInvoker.call(ProtobufRpcEngine2.java:552) [hadoop-common-3.3.1.jar:?]
	at org.apache.hadoop.ipc.RPC$Server.call(RPC.java:1093) [hadoop-common-3.3.1.jar:?]
	at org.apache.hadoop.ipc.Server$RpcCall.run(Server.java:1035) [hadoop-common-3.3.1.jar:?]
	at org.apache.hadoop.ipc.Server$RpcCall.run(Server.java:963) [hadoop-common-3.3.1.jar:?]
	at java.security.AccessController.doPrivileged(Native Method) ~[?:1.8.0_332]
	at javax.security.auth.Subject.doAs(Subject.java:422) [?:1.8.0_332]
	at org.apache.hadoop.security.UserGroupInformation.doAs(UserGroupInformation.java:1878) [hadoop-common-3.3.1.jar:?]
	at org.apache.hadoop.ipc.Server$Handler.run(Server.java:2966) [hadoop-common-3.3.1.jar:?]
2022-08-09 13:49:25,199 [Time-limited test] INFO  rpc.RpcClient (RpcClient.java:createVolume(468)) - Creating Volume: volume-30929, with runner as owner and space quota set to -1 bytes, counts quota set to -1
2022-08-09 13:49:25,199 [IPC Server handler 6 on default port 42643] INFO  volume.OMVolumeCreateRequest (OMVolumeCreateRequest.java:validateAndUpdateCache(195)) - created volume:volume-30929 for user:runner
2022-08-09 13:49:25,201 [Time-limited test] INFO  rpc.RpcClient (RpcClient.java:createBucket(671)) - Creating Bucket: volume-30929/bucket-10454, with bucket layout LEGACY, runner as owner, Versioning false, Storage Type set to DISK and Encryption set to false 
2022-08-09 13:49:25,201 [IPC Server handler 0 on default port 42643] INFO  bucket.OMBucketCreateRequest (OMBucketCreateRequest.java:validateAndUpdateCache(260)) - created bucket: bucket-10454 of layout LEGACY in volume: volume-30929
2022-08-09 13:49:25,247 [a9bcd0ff-35fc-4d0a-8e3c-7398e9e8d683@group-77CF3284B42D-FollowerState] INFO  impl.FollowerState (FollowerState.java:run(143)) - a9bcd0ff-35fc-4d0a-8e3c-7398e9e8d683@group-77CF3284B42D-FollowerState: change to CANDIDATE, lastRpcElapsedTime:5042850996ns, electionTimeout:5027ms
2022-08-09 13:49:25,248 [a9bcd0ff-35fc-4d0a-8e3c-7398e9e8d683@group-77CF3284B42D-FollowerState] INFO  impl.RoleInfo (RoleInfo.java:shutdownFollowerState(110)) - a9bcd0ff-35fc-4d0a-8e3c-7398e9e8d683: shutdown a9bcd0ff-35fc-4d0a-8e3c-7398e9e8d683@group-77CF3284B42D-FollowerState
2022-08-09 13:49:25,248 [a9bcd0ff-35fc-4d0a-8e3c-7398e9e8d683@group-77CF3284B42D-FollowerState] INFO  server.RaftServer$Division (RaftServerImpl.java:setRole(299)) - a9bcd0ff-35fc-4d0a-8e3c-7398e9e8d683@group-77CF3284B42D: changes role from  FOLLOWER to CANDIDATE at term 0 for changeToCandidate
2022-08-09 13:49:25,248 [a9bcd0ff-35fc-4d0a-8e3c-7398e9e8d683@group-77CF3284B42D-FollowerState] INFO  server.RaftServerConfigKeys (ConfUtils.java:logGet(46)) - raft.server.leaderelection.pre-vote = false (custom)
2022-08-09 13:49:25,248 [a9bcd0ff-35fc-4d0a-8e3c-7398e9e8d683@group-77CF3284B42D-FollowerState] INFO  impl.RoleInfo (RoleInfo.java:updateAndGet(139)) - a9bcd0ff-35fc-4d0a-8e3c-7398e9e8d683: start a9bcd0ff-35fc-4d0a-8e3c-7398e9e8d683@group-77CF3284B42D-LeaderElection31
2022-08-09 13:49:25,304 [a9bcd0ff-35fc-4d0a-8e3c-7398e9e8d683@group-77CF3284B42D-LeaderElection31] INFO  impl.LeaderElection (LeaderElection.java:askForVotes(310)) - a9bcd0ff-35fc-4d0a-8e3c-7398e9e8d683@group-77CF3284B42D-LeaderElection31 ELECTION round 0: submit vote requests at term 1 for -1: [a9bcd0ff-35fc-4d0a-8e3c-7398e9e8d683|rpc:10.1.0.19:44419|priority:1], old=null
2022-08-09 13:49:25,304 [a9bcd0ff-35fc-4d0a-8e3c-7398e9e8d683@group-77CF3284B42D-LeaderElection31] INFO  impl.LeaderElection (LeaderElection.java:askForVotes(312)) - a9bcd0ff-35fc-4d0a-8e3c-7398e9e8d683@group-77CF3284B42D-LeaderElection31 ELECTION round 0: result PASSED (term=1)
2022-08-09 13:49:25,304 [a9bcd0ff-35fc-4d0a-8e3c-7398e9e8d683@group-77CF3284B42D-LeaderElection31] INFO  impl.RoleInfo (RoleInfo.java:shutdownLeaderElection(130)) - a9bcd0ff-35fc-4d0a-8e3c-7398e9e8d683: shutdown a9bcd0ff-35fc-4d0a-8e3c-7398e9e8d683@group-77CF3284B42D-LeaderElection31
2022-08-09 13:49:25,304 [a9bcd0ff-35fc-4d0a-8e3c-7398e9e8d683@group-77CF3284B42D-LeaderElection31] INFO  server.RaftServer$Division (RaftServerImpl.java:setRole(299)) - a9bcd0ff-35fc-4d0a-8e3c-7398e9e8d683@group-77CF3284B42D: changes role from CANDIDATE to LEADER at term 1 for changeToLeader
2022-08-09 13:49:25,304 [a9bcd0ff-35fc-4d0a-8e3c-7398e9e8d683@group-77CF3284B42D-LeaderElection31] INFO  ratis.XceiverServerRatis (XceiverServerRatis.java:handleLeaderChangedNotification(863)) - Leader change notification received for group: group-77CF3284B42D with new leaderId: a9bcd0ff-35fc-4d0a-8e3c-7398e9e8d683
2022-08-09 13:49:25,305 [a9bcd0ff-35fc-4d0a-8e3c-7398e9e8d683@group-77CF3284B42D-LeaderElection31] INFO  server.RaftServer$Division (ServerState.java:setLeader(287)) - a9bcd0ff-35fc-4d0a-8e3c-7398e9e8d683@group-77CF3284B42D: change Leader from null to a9bcd0ff-35fc-4d0a-8e3c-7398e9e8d683 at term 1 for becomeLeader, leader elected after 5113ms
2022-08-09 13:49:25,305 [a9bcd0ff-35fc-4d0a-8e3c-7398e9e8d683@group-77CF3284B42D-LeaderElection31] INFO  server.RaftServerConfigKeys (ConfUtils.java:logGet(46)) - raft.server.staging.catchup.gap = 1000 (default)
2022-08-09 13:49:25,306 [a9bcd0ff-35fc-4d0a-8e3c-7398e9e8d683@group-77CF3284B42D-LeaderElection31] INFO  server.RaftServerConfigKeys (ConfUtils.java:logGet(46)) - raft.server.write.element-limit = 1024 (custom)
2022-08-09 13:49:25,306 [a9bcd0ff-35fc-4d0a-8e3c-7398e9e8d683@group-77CF3284B42D-LeaderElection31] INFO  server.RaftServerConfigKeys (ConfUtils.java:logGet(46)) - raft.server.write.byte-limit = 1024 M (=1073741824) (custom)
2022-08-09 13:49:25,306 [a9bcd0ff-35fc-4d0a-8e3c-7398e9e8d683@group-77CF3284B42D-LeaderElection31] INFO  server.RaftServerConfigKeys (ConfUtils.java:logGet(46)) - raft.server.watch.timeout = 180s (custom)
2022-08-09 13:49:25,306 [a9bcd0ff-35fc-4d0a-8e3c-7398e9e8d683@group-77CF3284B42D-LeaderElection31] INFO  server.RaftServerConfigKeys (ConfUtils.java:logGet(46)) - raft.server.watch.timeout.denomination = 1s (default)
2022-08-09 13:49:25,306 [a9bcd0ff-35fc-4d0a-8e3c-7398e9e8d683@group-77CF3284B42D-LeaderElection31] INFO  server.RaftServerConfigKeys (ConfUtils.java:logGet(46)) - raft.server.watch.element-limit = 65536 (default)
2022-08-09 13:49:25,319 [a9bcd0ff-35fc-4d0a-8e3c-7398e9e8d683@group-77CF3284B42D-LeaderElection31] INFO  server.RaftServerConfigKeys (ConfUtils.java:logGet(46)) - raft.server.write.element-limit = 1024 (custom)
2022-08-09 13:49:25,319 [a9bcd0ff-35fc-4d0a-8e3c-7398e9e8d683@group-77CF3284B42D-LeaderElection31] INFO  server.RaftServerConfigKeys (ConfUtils.java:logGet(46)) - raft.server.write.follower.gap.ratio.max = -1.0 (default)
2022-08-09 13:49:25,319 [a9bcd0ff-35fc-4d0a-8e3c-7398e9e8d683@group-77CF3284B42D-LeaderElection31] INFO  impl.RoleInfo (RoleInfo.java:updateAndGet(139)) - a9bcd0ff-35fc-4d0a-8e3c-7398e9e8d683: start a9bcd0ff-35fc-4d0a-8e3c-7398e9e8d683@group-77CF3284B42D-LeaderStateImpl
2022-08-09 13:49:25,319 [a9bcd0ff-35fc-4d0a-8e3c-7398e9e8d683@group-77CF3284B42D-LeaderElection31] INFO  segmented.SegmentedRaftLogWorker (SegmentedRaftLogWorker.java:startLogSegment(425)) - a9bcd0ff-35fc-4d0a-8e3c-7398e9e8d683@group-77CF3284B42D-SegmentedRaftLogWorker: Starting segment from index:0
2022-08-09 13:49:25,321 [a9bcd0ff-35fc-4d0a-8e3c-7398e9e8d683@group-77CF3284B42D-SegmentedRaftLogWorker] INFO  segmented.SegmentedRaftLogWorker (SegmentedRaftLogWorker.java:execute(629)) - a9bcd0ff-35fc-4d0a-8e3c-7398e9e8d683@group-77CF3284B42D-SegmentedRaftLogWorker: created new log segment /home/runner/work/ozone/ozone/hadoop-ozone/integration-test/target/test-dir/MiniOzoneClusterImpl-1803e0c7-8320-4379-92ef-724c5694b47b/datanode-2/data/ratis/31dcd507-507b-4a4b-b752-77cf3284b42d/current/log_inprogress_0
2022-08-09 13:49:25,347 [a9bcd0ff-35fc-4d0a-8e3c-7398e9e8d683@group-77CF3284B42D-LeaderElection31] INFO  server.RaftServer$Division (ServerState.java:setRaftConf(393)) - a9bcd0ff-35fc-4d0a-8e3c-7398e9e8d683@group-77CF3284B42D: set configuration 0: [a9bcd0ff-35fc-4d0a-8e3c-7398e9e8d683|rpc:10.1.0.19:44419|dataStream:|priority:1], old=null
]]></system-out>
  </testcase>
  <testcase name="testListStatusRootAndVolumeRecursive" classname="TestRootedOzoneFileSystem" time="1.434">
    <system-out><![CDATA[2022-08-09 13:50:40,568 [grpc-default-executor-0] INFO  server.RaftServer$Division (RaftServerImpl.java:requestVote(1152)) - 6ff5905d-960c-4bc6-8c78-bddfc36801e9@group-0EC1FDF9C42E: receive requestVote(ELECTION, 8852ae54-4ed3-4d1d-b462-9046b334363d, group-0EC1FDF9C42E, 2, (t:0, i:0))
2022-08-09 13:50:40,569 [grpc-default-executor-0] INFO  impl.VoteContext (VoteContext.java:log(48)) - 6ff5905d-960c-4bc6-8c78-bddfc36801e9@group-0EC1FDF9C42E-FOLLOWER: accept ELECTION from 8852ae54-4ed3-4d1d-b462-9046b334363d: our priority 0 <= candidate's priority 1
2022-08-09 13:50:40,569 [grpc-default-executor-0] INFO  server.RaftServer$Division (RaftServerImpl.java:setRole(299)) - 6ff5905d-960c-4bc6-8c78-bddfc36801e9@group-0EC1FDF9C42E: changes role from  FOLLOWER to FOLLOWER at term 2 for candidate:8852ae54-4ed3-4d1d-b462-9046b334363d
2022-08-09 13:50:40,569 [grpc-default-executor-0] INFO  impl.RoleInfo (RoleInfo.java:shutdownFollowerState(110)) - 6ff5905d-960c-4bc6-8c78-bddfc36801e9: shutdown 6ff5905d-960c-4bc6-8c78-bddfc36801e9@group-0EC1FDF9C42E-FollowerState
2022-08-09 13:50:40,569 [grpc-default-executor-0] INFO  impl.RoleInfo (RoleInfo.java:updateAndGet(139)) - 6ff5905d-960c-4bc6-8c78-bddfc36801e9: start 6ff5905d-960c-4bc6-8c78-bddfc36801e9@group-0EC1FDF9C42E-FollowerState
2022-08-09 13:50:40,569 [6ff5905d-960c-4bc6-8c78-bddfc36801e9@group-0EC1FDF9C42E-FollowerState] INFO  impl.FollowerState (FollowerState.java:run(152)) - 6ff5905d-960c-4bc6-8c78-bddfc36801e9@group-0EC1FDF9C42E-FollowerState was interrupted
2022-08-09 13:50:40,585 [grpc-default-executor-0] INFO  server.RaftServer$Division (RaftServerImpl.java:requestVote(1184)) - 6ff5905d-960c-4bc6-8c78-bddfc36801e9@group-0EC1FDF9C42E replies to ELECTION vote request: 8852ae54-4ed3-4d1d-b462-9046b334363d<-6ff5905d-960c-4bc6-8c78-bddfc36801e9#0:OK-t2. Peer's state: 6ff5905d-960c-4bc6-8c78-bddfc36801e9@group-0EC1FDF9C42E:t2, leader=null, voted=8852ae54-4ed3-4d1d-b462-9046b334363d, raftlog=6ff5905d-960c-4bc6-8c78-bddfc36801e9@group-0EC1FDF9C42E-SegmentedRaftLog:OPENED:c-1, conf=-1: [6ff5905d-960c-4bc6-8c78-bddfc36801e9|rpc:10.1.0.19:41329|priority:0, 8852ae54-4ed3-4d1d-b462-9046b334363d|rpc:10.1.0.19:36749|priority:1, eda375c3-f1b4-45e6-ba42-67ae65a4fd55|rpc:10.1.0.19:34243|priority:0], old=null
2022-08-09 13:50:40,645 [grpc-default-executor-1] INFO  server.RaftServer$Division (RaftServerImpl.java:requestVote(1152)) - 6ff5905d-960c-4bc6-8c78-bddfc36801e9@group-0EC1FDF9C42E: receive requestVote(ELECTION, eda375c3-f1b4-45e6-ba42-67ae65a4fd55, group-0EC1FDF9C42E, 2, (t:0, i:0))
2022-08-09 13:50:40,645 [grpc-default-executor-1] INFO  impl.VoteContext (VoteContext.java:log(48)) - 6ff5905d-960c-4bc6-8c78-bddfc36801e9@group-0EC1FDF9C42E-FOLLOWER: reject ELECTION from eda375c3-f1b4-45e6-ba42-67ae65a4fd55: already has voted for 8852ae54-4ed3-4d1d-b462-9046b334363d at current term 2
2022-08-09 13:50:40,645 [grpc-default-executor-1] INFO  server.RaftServer$Division (RaftServerImpl.java:requestVote(1184)) - 6ff5905d-960c-4bc6-8c78-bddfc36801e9@group-0EC1FDF9C42E replies to ELECTION vote request: eda375c3-f1b4-45e6-ba42-67ae65a4fd55<-6ff5905d-960c-4bc6-8c78-bddfc36801e9#0:FAIL-t2. Peer's state: 6ff5905d-960c-4bc6-8c78-bddfc36801e9@group-0EC1FDF9C42E:t2, leader=null, voted=8852ae54-4ed3-4d1d-b462-9046b334363d, raftlog=6ff5905d-960c-4bc6-8c78-bddfc36801e9@group-0EC1FDF9C42E-SegmentedRaftLog:OPENED:c-1, conf=-1: [6ff5905d-960c-4bc6-8c78-bddfc36801e9|rpc:10.1.0.19:41329|priority:0, 8852ae54-4ed3-4d1d-b462-9046b334363d|rpc:10.1.0.19:36749|priority:1, eda375c3-f1b4-45e6-ba42-67ae65a4fd55|rpc:10.1.0.19:34243|priority:0], old=null
2022-08-09 13:50:40,648 [8852ae54-4ed3-4d1d-b462-9046b334363d@group-0EC1FDF9C42E-LeaderElection52] INFO  impl.LeaderElection (LeaderElection.java:logAndReturn(90)) - 8852ae54-4ed3-4d1d-b462-9046b334363d@group-0EC1FDF9C42E-LeaderElection52: ELECTION PASSED received 2 response(s) and 0 exception(s):
2022-08-09 13:50:40,648 [8852ae54-4ed3-4d1d-b462-9046b334363d@group-0EC1FDF9C42E-LeaderElection52] INFO  impl.LeaderElection (LeaderElection.java:logAndReturn(94)) -   Response 0: 8852ae54-4ed3-4d1d-b462-9046b334363d<-6ff5905d-960c-4bc6-8c78-bddfc36801e9#0:OK-t2
2022-08-09 13:50:40,648 [8852ae54-4ed3-4d1d-b462-9046b334363d@group-0EC1FDF9C42E-LeaderElection52] INFO  impl.LeaderElection (LeaderElection.java:logAndReturn(94)) -   Response 1: 8852ae54-4ed3-4d1d-b462-9046b334363d<-eda375c3-f1b4-45e6-ba42-67ae65a4fd55#0:FAIL-t2
2022-08-09 13:50:40,648 [8852ae54-4ed3-4d1d-b462-9046b334363d@group-0EC1FDF9C42E-LeaderElection52] INFO  impl.LeaderElection (LeaderElection.java:askForVotes(312)) - 8852ae54-4ed3-4d1d-b462-9046b334363d@group-0EC1FDF9C42E-LeaderElection52 ELECTION round 0: result PASSED
2022-08-09 13:50:40,648 [8852ae54-4ed3-4d1d-b462-9046b334363d@group-0EC1FDF9C42E-LeaderElection52] INFO  impl.RoleInfo (RoleInfo.java:shutdownLeaderElection(130)) - 8852ae54-4ed3-4d1d-b462-9046b334363d: shutdown 8852ae54-4ed3-4d1d-b462-9046b334363d@group-0EC1FDF9C42E-LeaderElection52
2022-08-09 13:50:40,648 [8852ae54-4ed3-4d1d-b462-9046b334363d@group-0EC1FDF9C42E-LeaderElection52] INFO  server.RaftServer$Division (RaftServerImpl.java:setRole(299)) - 8852ae54-4ed3-4d1d-b462-9046b334363d@group-0EC1FDF9C42E: changes role from CANDIDATE to LEADER at term 2 for changeToLeader
2022-08-09 13:50:40,648 [8852ae54-4ed3-4d1d-b462-9046b334363d@group-0EC1FDF9C42E-LeaderElection52] INFO  ratis.XceiverServerRatis (XceiverServerRatis.java:handleLeaderChangedNotification(863)) - Leader change notification received for group: group-0EC1FDF9C42E with new leaderId: 8852ae54-4ed3-4d1d-b462-9046b334363d
2022-08-09 13:50:40,649 [8852ae54-4ed3-4d1d-b462-9046b334363d@group-0EC1FDF9C42E-LeaderElection52] INFO  server.RaftServer$Division (ServerState.java:setLeader(287)) - 8852ae54-4ed3-4d1d-b462-9046b334363d@group-0EC1FDF9C42E: change Leader from null to 8852ae54-4ed3-4d1d-b462-9046b334363d at term 2 for becomeLeader, leader elected after 10635ms
2022-08-09 13:50:40,649 [8852ae54-4ed3-4d1d-b462-9046b334363d@group-0EC1FDF9C42E-LeaderElection52] INFO  server.RaftServerConfigKeys (ConfUtils.java:logGet(46)) - raft.server.staging.catchup.gap = 1000 (default)
2022-08-09 13:50:40,649 [grpc-default-executor-1] INFO  server.RaftServer$Division (RaftServerImpl.java:requestVote(1152)) - 8852ae54-4ed3-4d1d-b462-9046b334363d@group-0EC1FDF9C42E: receive requestVote(ELECTION, eda375c3-f1b4-45e6-ba42-67ae65a4fd55, group-0EC1FDF9C42E, 2, (t:0, i:0))
2022-08-09 13:50:40,649 [8852ae54-4ed3-4d1d-b462-9046b334363d@group-0EC1FDF9C42E-LeaderElection52] INFO  server.RaftServerConfigKeys (ConfUtils.java:logGet(46)) - raft.server.write.element-limit = 1024 (custom)
2022-08-09 13:50:40,649 [8852ae54-4ed3-4d1d-b462-9046b334363d@group-0EC1FDF9C42E-LeaderElection52] INFO  server.RaftServerConfigKeys (ConfUtils.java:logGet(46)) - raft.server.write.byte-limit = 1024 M (=1073741824) (custom)
2022-08-09 13:50:40,649 [8852ae54-4ed3-4d1d-b462-9046b334363d@group-0EC1FDF9C42E-LeaderElection52] INFO  server.RaftServerConfigKeys (ConfUtils.java:logGet(46)) - raft.server.watch.timeout = 180s (custom)
2022-08-09 13:50:40,649 [8852ae54-4ed3-4d1d-b462-9046b334363d@group-0EC1FDF9C42E-LeaderElection52] INFO  server.RaftServerConfigKeys (ConfUtils.java:logGet(46)) - raft.server.watch.timeout.denomination = 1s (default)
2022-08-09 13:50:40,649 [8852ae54-4ed3-4d1d-b462-9046b334363d@group-0EC1FDF9C42E-LeaderElection52] INFO  server.RaftServerConfigKeys (ConfUtils.java:logGet(46)) - raft.server.watch.element-limit = 65536 (default)
2022-08-09 13:50:40,649 [8852ae54-4ed3-4d1d-b462-9046b334363d@group-0EC1FDF9C42E-LeaderElection52] INFO  server.RaftServerConfigKeys (ConfUtils.java:logGet(46)) - raft.server.write.element-limit = 1024 (custom)
2022-08-09 13:50:40,649 [8852ae54-4ed3-4d1d-b462-9046b334363d@group-0EC1FDF9C42E-LeaderElection52] INFO  server.RaftServerConfigKeys (ConfUtils.java:logGet(46)) - raft.server.write.follower.gap.ratio.max = -1.0 (default)
2022-08-09 13:50:40,650 [8852ae54-4ed3-4d1d-b462-9046b334363d@group-0EC1FDF9C42E-LeaderElection52] INFO  server.RaftServerConfigKeys (ConfUtils.java:logGet(46)) - raft.server.log.appender.snapshot.chunk.size.max = 16MB (=16777216) (default)
2022-08-09 13:50:40,650 [8852ae54-4ed3-4d1d-b462-9046b334363d@group-0EC1FDF9C42E-LeaderElection52] INFO  server.RaftServerConfigKeys (ConfUtils.java:logGet(46)) - raft.server.log.appender.buffer.byte-limit = 33554432 (custom)
2022-08-09 13:50:40,650 [8852ae54-4ed3-4d1d-b462-9046b334363d@group-0EC1FDF9C42E-LeaderElection52] INFO  server.RaftServerConfigKeys (ConfUtils.java:logGet(46)) - raft.server.log.appender.buffer.element-limit = 1 (custom)
2022-08-09 13:50:40,650 [8852ae54-4ed3-4d1d-b462-9046b334363d@group-0EC1FDF9C42E-LeaderElection52] INFO  grpc.GrpcConfigKeys (ConfUtils.java:logGet(46)) - raft.grpc.server.leader.outstanding.appends.max = 128 (default)
2022-08-09 13:50:40,650 [8852ae54-4ed3-4d1d-b462-9046b334363d@group-0EC1FDF9C42E-LeaderElection52] INFO  server.RaftServerConfigKeys (ConfUtils.java:logGet(46)) - raft.server.rpc.request.timeout = 60s (custom)
2022-08-09 13:50:40,651 [8852ae54-4ed3-4d1d-b462-9046b334363d@group-0EC1FDF9C42E-LeaderElection52] INFO  server.RaftServerConfigKeys (ConfUtils.java:logGet(46)) - raft.server.log.appender.install.snapshot.enabled = false (custom)
2022-08-09 13:50:40,651 [8852ae54-4ed3-4d1d-b462-9046b334363d@group-0EC1FDF9C42E-LeaderElection52] INFO  server.RaftServerConfigKeys (ConfUtils.java:logGet(46)) - raft.server.log.appender.snapshot.chunk.size.max = 16MB (=16777216) (default)
2022-08-09 13:50:40,652 [8852ae54-4ed3-4d1d-b462-9046b334363d@group-0EC1FDF9C42E-LeaderElection52] INFO  server.RaftServerConfigKeys (ConfUtils.java:logGet(46)) - raft.server.log.appender.buffer.byte-limit = 33554432 (custom)
2022-08-09 13:50:40,652 [8852ae54-4ed3-4d1d-b462-9046b334363d@group-0EC1FDF9C42E-LeaderElection52] INFO  server.RaftServerConfigKeys (ConfUtils.java:logGet(46)) - raft.server.log.appender.buffer.element-limit = 1 (custom)
2022-08-09 13:50:40,652 [8852ae54-4ed3-4d1d-b462-9046b334363d@group-0EC1FDF9C42E-LeaderElection52] INFO  grpc.GrpcConfigKeys (ConfUtils.java:logGet(46)) - raft.grpc.server.leader.outstanding.appends.max = 128 (default)
2022-08-09 13:50:40,652 [8852ae54-4ed3-4d1d-b462-9046b334363d@group-0EC1FDF9C42E-LeaderElection52] INFO  server.RaftServerConfigKeys (ConfUtils.java:logGet(46)) - raft.server.rpc.request.timeout = 60s (custom)
2022-08-09 13:50:40,652 [8852ae54-4ed3-4d1d-b462-9046b334363d@group-0EC1FDF9C42E-LeaderElection52] INFO  server.RaftServerConfigKeys (ConfUtils.java:logGet(46)) - raft.server.log.appender.install.snapshot.enabled = false (custom)
2022-08-09 13:50:40,652 [8852ae54-4ed3-4d1d-b462-9046b334363d@group-0EC1FDF9C42E-LeaderElection52] INFO  impl.RoleInfo (RoleInfo.java:updateAndGet(139)) - 8852ae54-4ed3-4d1d-b462-9046b334363d: start 8852ae54-4ed3-4d1d-b462-9046b334363d@group-0EC1FDF9C42E-LeaderStateImpl
2022-08-09 13:50:40,652 [8852ae54-4ed3-4d1d-b462-9046b334363d@group-0EC1FDF9C42E-LeaderElection52] INFO  segmented.SegmentedRaftLogWorker (SegmentedRaftLogWorker.java:startLogSegment(425)) - 8852ae54-4ed3-4d1d-b462-9046b334363d@group-0EC1FDF9C42E-SegmentedRaftLogWorker: Starting segment from index:0
2022-08-09 13:50:40,653 [EventQueue-PipelineReportForPipelineReportHandler] INFO  pipeline.PipelineManagerImpl (PipelineManagerImpl.java:openPipeline(367)) - Pipeline Pipeline[ Id: 80449312-e5e7-4c5b-be18-0ec1fdf9c42e, Nodes: eda375c3-f1b4-45e6-ba42-67ae65a4fd55{ip: 10.1.0.19, host: fv-az450-466.jnfmftgkylze5hd05chtbp1i0a.dx.internal.cloudapp.net, ports: [REPLICATION=44867, RATIS=34243, RATIS_ADMIN=34243, RATIS_SERVER=34243, STANDALONE=43943], networkLocation: /default-rack, certSerialId: null, persistedOpState: IN_SERVICE, persistedOpStateExpiryEpochSec: 0}8852ae54-4ed3-4d1d-b462-9046b334363d{ip: 10.1.0.19, host: fv-az450-466.jnfmftgkylze5hd05chtbp1i0a.dx.internal.cloudapp.net, ports: [REPLICATION=40453, RATIS=36749, RATIS_ADMIN=36749, RATIS_SERVER=36749, STANDALONE=44299], networkLocation: /default-rack, certSerialId: null, persistedOpState: IN_SERVICE, persistedOpStateExpiryEpochSec: 0}6ff5905d-960c-4bc6-8c78-bddfc36801e9{ip: 10.1.0.19, host: fv-az450-466.jnfmftgkylze5hd05chtbp1i0a.dx.internal.cloudapp.net, ports: [REPLICATION=40271, RATIS=41329, RATIS_ADMIN=41329, RATIS_SERVER=41329, STANDALONE=42977], networkLocation: /default-rack, certSerialId: null, persistedOpState: IN_SERVICE, persistedOpStateExpiryEpochSec: 0}, ReplicationConfig: RATIS/THREE, State:ALLOCATED, leaderId:8852ae54-4ed3-4d1d-b462-9046b334363d, CreationTimestamp2022-08-09T13:50:28.155Z[Etc/UTC]] moved to OPEN state
2022-08-09 13:50:40,655 [8852ae54-4ed3-4d1d-b462-9046b334363d@group-0EC1FDF9C42E-SegmentedRaftLogWorker] INFO  segmented.SegmentedRaftLogWorker (SegmentedRaftLogWorker.java:execute(629)) - 8852ae54-4ed3-4d1d-b462-9046b334363d@group-0EC1FDF9C42E-SegmentedRaftLogWorker: created new log segment /home/runner/work/ozone/ozone/hadoop-ozone/integration-test/target/test-dir/MiniOzoneClusterImpl-a5f63cd0-adde-411c-a334-77d0cb0a7b46/datanode-2/data/ratis/80449312-e5e7-4c5b-be18-0ec1fdf9c42e/current/log_inprogress_0
2022-08-09 13:50:40,657 [8852ae54-4ed3-4d1d-b462-9046b334363d@group-0EC1FDF9C42E-LeaderElection52] INFO  server.RaftServer$Division (ServerState.java:setRaftConf(393)) - 8852ae54-4ed3-4d1d-b462-9046b334363d@group-0EC1FDF9C42E: set configuration 0: [6ff5905d-960c-4bc6-8c78-bddfc36801e9|rpc:10.1.0.19:41329|dataStream:|priority:0, 8852ae54-4ed3-4d1d-b462-9046b334363d|rpc:10.1.0.19:36749|dataStream:|priority:1, eda375c3-f1b4-45e6-ba42-67ae65a4fd55|rpc:10.1.0.19:34243|dataStream:|priority:0], old=null
2022-08-09 13:50:40,659 [grpc-default-executor-1] INFO  impl.VoteContext (VoteContext.java:log(48)) - 8852ae54-4ed3-4d1d-b462-9046b334363d@group-0EC1FDF9C42E-LEADER: reject ELECTION from eda375c3-f1b4-45e6-ba42-67ae65a4fd55: already has voted for 8852ae54-4ed3-4d1d-b462-9046b334363d at current term 2
2022-08-09 13:50:40,659 [grpc-default-executor-1] INFO  server.RaftServer$Division (RaftServerImpl.java:requestVote(1184)) - 8852ae54-4ed3-4d1d-b462-9046b334363d@group-0EC1FDF9C42E replies to ELECTION vote request: eda375c3-f1b4-45e6-ba42-67ae65a4fd55<-8852ae54-4ed3-4d1d-b462-9046b334363d#0:FAIL-t2. Peer's state: 8852ae54-4ed3-4d1d-b462-9046b334363d@group-0EC1FDF9C42E:t2, leader=8852ae54-4ed3-4d1d-b462-9046b334363d, voted=8852ae54-4ed3-4d1d-b462-9046b334363d, raftlog=8852ae54-4ed3-4d1d-b462-9046b334363d@group-0EC1FDF9C42E-SegmentedRaftLog:OPENED:c-1, conf=0: [6ff5905d-960c-4bc6-8c78-bddfc36801e9|rpc:10.1.0.19:41329|dataStream:|priority:0, 8852ae54-4ed3-4d1d-b462-9046b334363d|rpc:10.1.0.19:36749|dataStream:|priority:1, eda375c3-f1b4-45e6-ba42-67ae65a4fd55|rpc:10.1.0.19:34243|dataStream:|priority:0], old=null
2022-08-09 13:50:40,660 [eda375c3-f1b4-45e6-ba42-67ae65a4fd55@group-0EC1FDF9C42E-LeaderElection53] INFO  impl.LeaderElection (LeaderElection.java:logAndReturn(90)) - eda375c3-f1b4-45e6-ba42-67ae65a4fd55@group-0EC1FDF9C42E-LeaderElection53: ELECTION REJECTED received 2 response(s) and 0 exception(s):
2022-08-09 13:50:40,660 [eda375c3-f1b4-45e6-ba42-67ae65a4fd55@group-0EC1FDF9C42E-LeaderElection53] INFO  impl.LeaderElection (LeaderElection.java:logAndReturn(94)) -   Response 0: eda375c3-f1b4-45e6-ba42-67ae65a4fd55<-6ff5905d-960c-4bc6-8c78-bddfc36801e9#0:FAIL-t2
2022-08-09 13:50:40,660 [eda375c3-f1b4-45e6-ba42-67ae65a4fd55@group-0EC1FDF9C42E-LeaderElection53] INFO  impl.LeaderElection (LeaderElection.java:logAndReturn(94)) -   Response 1: eda375c3-f1b4-45e6-ba42-67ae65a4fd55<-8852ae54-4ed3-4d1d-b462-9046b334363d#0:FAIL-t2
2022-08-09 13:50:40,660 [eda375c3-f1b4-45e6-ba42-67ae65a4fd55@group-0EC1FDF9C42E-LeaderElection53] INFO  impl.LeaderElection (LeaderElection.java:askForVotes(312)) - eda375c3-f1b4-45e6-ba42-67ae65a4fd55@group-0EC1FDF9C42E-LeaderElection53 ELECTION round 0: result REJECTED
2022-08-09 13:50:40,660 [eda375c3-f1b4-45e6-ba42-67ae65a4fd55@group-0EC1FDF9C42E-LeaderElection53] INFO  server.RaftServer$Division (RaftServerImpl.java:setRole(299)) - eda375c3-f1b4-45e6-ba42-67ae65a4fd55@group-0EC1FDF9C42E: changes role from CANDIDATE to FOLLOWER at term 2 for REJECTED
2022-08-09 13:50:40,660 [eda375c3-f1b4-45e6-ba42-67ae65a4fd55@group-0EC1FDF9C42E-LeaderElection53] INFO  impl.RoleInfo (RoleInfo.java:shutdownLeaderElection(130)) - eda375c3-f1b4-45e6-ba42-67ae65a4fd55: shutdown eda375c3-f1b4-45e6-ba42-67ae65a4fd55@group-0EC1FDF9C42E-LeaderElection53
2022-08-09 13:50:40,660 [eda375c3-f1b4-45e6-ba42-67ae65a4fd55@group-0EC1FDF9C42E-LeaderElection53] INFO  impl.RoleInfo (RoleInfo.java:updateAndGet(139)) - eda375c3-f1b4-45e6-ba42-67ae65a4fd55: start eda375c3-f1b4-45e6-ba42-67ae65a4fd55@group-0EC1FDF9C42E-FollowerState
2022-08-09 13:50:40,679 [6ff5905d-960c-4bc6-8c78-bddfc36801e9-server-thread1] INFO  ratis.XceiverServerRatis (XceiverServerRatis.java:handleLeaderChangedNotification(863)) - Leader change notification received for group: group-0EC1FDF9C42E with new leaderId: 8852ae54-4ed3-4d1d-b462-9046b334363d
2022-08-09 13:50:40,679 [6ff5905d-960c-4bc6-8c78-bddfc36801e9-server-thread1] INFO  server.RaftServer$Division (ServerState.java:setLeader(287)) - 6ff5905d-960c-4bc6-8c78-bddfc36801e9@group-0EC1FDF9C42E: change Leader from null to 8852ae54-4ed3-4d1d-b462-9046b334363d at term 2 for appendEntries, leader elected after 10472ms
2022-08-09 13:50:40,680 [eda375c3-f1b4-45e6-ba42-67ae65a4fd55-server-thread1] INFO  ratis.XceiverServerRatis (XceiverServerRatis.java:handleLeaderChangedNotification(863)) - Leader change notification received for group: group-0EC1FDF9C42E with new leaderId: 8852ae54-4ed3-4d1d-b462-9046b334363d
2022-08-09 13:50:40,680 [eda375c3-f1b4-45e6-ba42-67ae65a4fd55-server-thread1] INFO  server.RaftServer$Division (ServerState.java:setLeader(287)) - eda375c3-f1b4-45e6-ba42-67ae65a4fd55@group-0EC1FDF9C42E: change Leader from null to 8852ae54-4ed3-4d1d-b462-9046b334363d at term 2 for appendEntries, leader elected after 10818ms
2022-08-09 13:50:40,682 [6ff5905d-960c-4bc6-8c78-bddfc36801e9-server-thread1] INFO  server.RaftServer$Division (ServerState.java:setRaftConf(393)) - 6ff5905d-960c-4bc6-8c78-bddfc36801e9@group-0EC1FDF9C42E: set configuration 0: [6ff5905d-960c-4bc6-8c78-bddfc36801e9|rpc:10.1.0.19:41329|dataStream:|priority:0, 8852ae54-4ed3-4d1d-b462-9046b334363d|rpc:10.1.0.19:36749|dataStream:|priority:1, eda375c3-f1b4-45e6-ba42-67ae65a4fd55|rpc:10.1.0.19:34243|dataStream:|priority:0], old=null
2022-08-09 13:50:40,682 [6ff5905d-960c-4bc6-8c78-bddfc36801e9-server-thread1] INFO  segmented.SegmentedRaftLogWorker (SegmentedRaftLogWorker.java:startLogSegment(425)) - 6ff5905d-960c-4bc6-8c78-bddfc36801e9@group-0EC1FDF9C42E-SegmentedRaftLogWorker: Starting segment from index:0
2022-08-09 13:50:40,684 [6ff5905d-960c-4bc6-8c78-bddfc36801e9@group-0EC1FDF9C42E-SegmentedRaftLogWorker] INFO  segmented.SegmentedRaftLogWorker (SegmentedRaftLogWorker.java:execute(629)) - 6ff5905d-960c-4bc6-8c78-bddfc36801e9@group-0EC1FDF9C42E-SegmentedRaftLogWorker: created new log segment /home/runner/work/ozone/ozone/hadoop-ozone/integration-test/target/test-dir/MiniOzoneClusterImpl-a5f63cd0-adde-411c-a334-77d0cb0a7b46/datanode-1/data/ratis/80449312-e5e7-4c5b-be18-0ec1fdf9c42e/current/log_inprogress_0
2022-08-09 13:50:40,686 [eda375c3-f1b4-45e6-ba42-67ae65a4fd55-server-thread2] INFO  server.RaftServer$Division (ServerState.java:setRaftConf(393)) - eda375c3-f1b4-45e6-ba42-67ae65a4fd55@group-0EC1FDF9C42E: set configuration 0: [6ff5905d-960c-4bc6-8c78-bddfc36801e9|rpc:10.1.0.19:41329|dataStream:|priority:0, 8852ae54-4ed3-4d1d-b462-9046b334363d|rpc:10.1.0.19:36749|dataStream:|priority:1, eda375c3-f1b4-45e6-ba42-67ae65a4fd55|rpc:10.1.0.19:34243|dataStream:|priority:0], old=null
2022-08-09 13:50:40,686 [eda375c3-f1b4-45e6-ba42-67ae65a4fd55-server-thread2] INFO  segmented.SegmentedRaftLogWorker (SegmentedRaftLogWorker.java:startLogSegment(425)) - eda375c3-f1b4-45e6-ba42-67ae65a4fd55@group-0EC1FDF9C42E-SegmentedRaftLogWorker: Starting segment from index:0
2022-08-09 13:50:40,688 [eda375c3-f1b4-45e6-ba42-67ae65a4fd55@group-0EC1FDF9C42E-SegmentedRaftLogWorker] INFO  segmented.SegmentedRaftLogWorker (SegmentedRaftLogWorker.java:execute(629)) - eda375c3-f1b4-45e6-ba42-67ae65a4fd55@group-0EC1FDF9C42E-SegmentedRaftLogWorker: created new log segment /home/runner/work/ozone/ozone/hadoop-ozone/integration-test/target/test-dir/MiniOzoneClusterImpl-a5f63cd0-adde-411c-a334-77d0cb0a7b46/datanode-0/data/ratis/80449312-e5e7-4c5b-be18-0ec1fdf9c42e/current/log_inprogress_0
2022-08-09 13:50:40,735 [Time-limited test] INFO  rpc.RpcClient (RpcClient.java:createVolume(468)) - Creating Volume: volume47964, with user81181 as owner and space quota set to -1 bytes, counts quota set to -1
2022-08-09 13:50:40,739 [OM StateMachine ApplyTransaction Thread - 0] INFO  volume.OMVolumeCreateRequest (OMVolumeCreateRequest.java:validateAndUpdateCache(195)) - created volume:volume47964 for user:user81181
2022-08-09 13:50:40,741 [Time-limited test] INFO  rpc.RpcClient (RpcClient.java:createBucket(671)) - Creating Bucket: volume47964/bucket26010, with bucket layout LEGACY, runner as owner, Versioning false, Storage Type set to DISK and Encryption set to false 
2022-08-09 13:50:40,742 [OM StateMachine ApplyTransaction Thread - 0] INFO  bucket.OMBucketCreateRequest (OMBucketCreateRequest.java:validateAndUpdateCache(260)) - created bucket: bucket26010 of layout LEGACY in volume: volume47964
13:50:40.744 [IPC Server handler 9 on default port 45023] ERROR OMAudit - user=runner | ip=127.0.0.1 | op=READ_BUCKET {volume=volume-16183, bucket=bucket-29334} | ret=FAILURE
org.apache.hadoop.ozone.om.exceptions.OMException: Volume not found when getting bucket info
	at org.apache.hadoop.ozone.om.BucketManagerImpl.getBucketInfo(BucketManagerImpl.java:127) ~[ozone-manager-1.3.0-SNAPSHOT.jar:?]
	at org.apache.hadoop.ozone.om.OzoneManager.getBucketInfo(OzoneManager.java:2780) ~[ozone-manager-1.3.0-SNAPSHOT.jar:?]
	at org.apache.hadoop.ozone.protocolPB.OzoneManagerRequestHandler.infoBucket(OzoneManagerRequestHandler.java:475) ~[ozone-manager-1.3.0-SNAPSHOT.jar:?]
	at org.apache.hadoop.ozone.protocolPB.OzoneManagerRequestHandler.handleReadRequest(OzoneManagerRequestHandler.java:178) ~[ozone-manager-1.3.0-SNAPSHOT.jar:?]
	at org.apache.hadoop.ozone.protocolPB.OzoneManagerProtocolServerSideTranslatorPB.submitReadRequestToOM(OzoneManagerProtocolServerSideTranslatorPB.java:226) ~[ozone-manager-1.3.0-SNAPSHOT.jar:?]
	at org.apache.hadoop.ozone.protocolPB.OzoneManagerProtocolServerSideTranslatorPB.processRequest(OzoneManagerProtocolServerSideTranslatorPB.java:175) ~[ozone-manager-1.3.0-SNAPSHOT.jar:?]
	at org.apache.hadoop.hdds.server.OzoneProtocolMessageDispatcher.processRequest(OzoneProtocolMessageDispatcher.java:87) [hdds-server-framework-1.3.0-SNAPSHOT.jar:?]
	at org.apache.hadoop.ozone.protocolPB.OzoneManagerProtocolServerSideTranslatorPB.submitRequest(OzoneManagerProtocolServerSideTranslatorPB.java:147) [ozone-manager-1.3.0-SNAPSHOT.jar:?]
	at org.apache.hadoop.ozone.protocol.proto.OzoneManagerProtocolProtos$OzoneManagerService$2.callBlockingMethod(OzoneManagerProtocolProtos.java) [ozone-interface-client-1.3.0-SNAPSHOT.jar:?]
	at org.apache.hadoop.ipc.ProtobufRpcEngine$Server.processCall(ProtobufRpcEngine.java:466) [hadoop-common-3.3.1.jar:?]
	at org.apache.hadoop.ipc.ProtobufRpcEngine2$Server$ProtoBufRpcInvoker.call(ProtobufRpcEngine2.java:574) [hadoop-common-3.3.1.jar:?]
	at org.apache.hadoop.ipc.ProtobufRpcEngine2$Server$ProtoBufRpcInvoker.call(ProtobufRpcEngine2.java:552) [hadoop-common-3.3.1.jar:?]
	at org.apache.hadoop.ipc.RPC$Server.call(RPC.java:1093) [hadoop-common-3.3.1.jar:?]
	at org.apache.hadoop.ipc.Server$RpcCall.run(Server.java:1035) [hadoop-common-3.3.1.jar:?]
	at org.apache.hadoop.ipc.Server$RpcCall.run(Server.java:963) [hadoop-common-3.3.1.jar:?]
	at java.security.AccessController.doPrivileged(Native Method) ~[?:1.8.0_332]
	at javax.security.auth.Subject.doAs(Subject.java:422) [?:1.8.0_332]
	at org.apache.hadoop.security.UserGroupInformation.doAs(UserGroupInformation.java:1878) [hadoop-common-3.3.1.jar:?]
	at org.apache.hadoop.ipc.Server$Handler.run(Server.java:2966) [hadoop-common-3.3.1.jar:?]
2022-08-09 13:50:40,745 [Time-limited test] INFO  rpc.RpcClient (RpcClient.java:createVolume(468)) - Creating Volume: volume-16183, with runner as owner and space quota set to -1 bytes, counts quota set to -1
2022-08-09 13:50:40,746 [OM StateMachine ApplyTransaction Thread - 0] INFO  volume.OMVolumeCreateRequest (OMVolumeCreateRequest.java:validateAndUpdateCache(195)) - created volume:volume-16183 for user:runner
2022-08-09 13:50:40,747 [Time-limited test] INFO  rpc.RpcClient (RpcClient.java:createBucket(671)) - Creating Bucket: volume-16183/bucket-29334, with bucket layout LEGACY, runner as owner, Versioning false, Storage Type set to DISK and Encryption set to false 
2022-08-09 13:50:40,750 [OM StateMachine ApplyTransaction Thread - 0] INFO  bucket.OMBucketCreateRequest (OMBucketCreateRequest.java:validateAndUpdateCache(260)) - created bucket: bucket-29334 of layout LEGACY in volume: volume-16183
13:50:41.330 [IPC Server handler 15 on default port 45023] ERROR OMAudit - user=runner | ip=127.0.0.1 | op=READ_BUCKET {volume=volume-85053, bucket=bucket-05776} | ret=FAILURE
org.apache.hadoop.ozone.om.exceptions.OMException: Volume not found when getting bucket info
	at org.apache.hadoop.ozone.om.BucketManagerImpl.getBucketInfo(BucketManagerImpl.java:127) ~[ozone-manager-1.3.0-SNAPSHOT.jar:?]
	at org.apache.hadoop.ozone.om.OzoneManager.getBucketInfo(OzoneManager.java:2780) ~[ozone-manager-1.3.0-SNAPSHOT.jar:?]
	at org.apache.hadoop.ozone.protocolPB.OzoneManagerRequestHandler.infoBucket(OzoneManagerRequestHandler.java:475) ~[ozone-manager-1.3.0-SNAPSHOT.jar:?]
	at org.apache.hadoop.ozone.protocolPB.OzoneManagerRequestHandler.handleReadRequest(OzoneManagerRequestHandler.java:178) ~[ozone-manager-1.3.0-SNAPSHOT.jar:?]
	at org.apache.hadoop.ozone.protocolPB.OzoneManagerProtocolServerSideTranslatorPB.submitReadRequestToOM(OzoneManagerProtocolServerSideTranslatorPB.java:226) ~[ozone-manager-1.3.0-SNAPSHOT.jar:?]
	at org.apache.hadoop.ozone.protocolPB.OzoneManagerProtocolServerSideTranslatorPB.processRequest(OzoneManagerProtocolServerSideTranslatorPB.java:175) ~[ozone-manager-1.3.0-SNAPSHOT.jar:?]
	at org.apache.hadoop.hdds.server.OzoneProtocolMessageDispatcher.processRequest(OzoneProtocolMessageDispatcher.java:87) [hdds-server-framework-1.3.0-SNAPSHOT.jar:?]
	at org.apache.hadoop.ozone.protocolPB.OzoneManagerProtocolServerSideTranslatorPB.submitRequest(OzoneManagerProtocolServerSideTranslatorPB.java:147) [ozone-manager-1.3.0-SNAPSHOT.jar:?]
	at org.apache.hadoop.ozone.protocol.proto.OzoneManagerProtocolProtos$OzoneManagerService$2.callBlockingMethod(OzoneManagerProtocolProtos.java) [ozone-interface-client-1.3.0-SNAPSHOT.jar:?]
	at org.apache.hadoop.ipc.ProtobufRpcEngine$Server.processCall(ProtobufRpcEngine.java:466) [hadoop-common-3.3.1.jar:?]
	at org.apache.hadoop.ipc.ProtobufRpcEngine2$Server$ProtoBufRpcInvoker.call(ProtobufRpcEngine2.java:574) [hadoop-common-3.3.1.jar:?]
	at org.apache.hadoop.ipc.ProtobufRpcEngine2$Server$ProtoBufRpcInvoker.call(ProtobufRpcEngine2.java:552) [hadoop-common-3.3.1.jar:?]
	at org.apache.hadoop.ipc.RPC$Server.call(RPC.java:1093) [hadoop-common-3.3.1.jar:?]
	at org.apache.hadoop.ipc.Server$RpcCall.run(Server.java:1035) [hadoop-common-3.3.1.jar:?]
	at org.apache.hadoop.ipc.Server$RpcCall.run(Server.java:963) [hadoop-common-3.3.1.jar:?]
	at java.security.AccessController.doPrivileged(Native Method) ~[?:1.8.0_332]
	at javax.security.auth.Subject.doAs(Subject.java:422) [?:1.8.0_332]
	at org.apache.hadoop.security.UserGroupInformation.doAs(UserGroupInformation.java:1878) [hadoop-common-3.3.1.jar:?]
	at org.apache.hadoop.ipc.Server$Handler.run(Server.java:2966) [hadoop-common-3.3.1.jar:?]
2022-08-09 13:50:41,331 [Time-limited test] INFO  rpc.RpcClient (RpcClient.java:createVolume(468)) - Creating Volume: volume-85053, with runner as owner and space quota set to -1 bytes, counts quota set to -1
2022-08-09 13:50:41,332 [OM StateMachine ApplyTransaction Thread - 0] INFO  volume.OMVolumeCreateRequest (OMVolumeCreateRequest.java:validateAndUpdateCache(195)) - created volume:volume-85053 for user:runner
2022-08-09 13:50:41,333 [Time-limited test] INFO  rpc.RpcClient (RpcClient.java:createBucket(671)) - Creating Bucket: volume-85053/bucket-05776, with bucket layout LEGACY, runner as owner, Versioning false, Storage Type set to DISK and Encryption set to false 
2022-08-09 13:50:41,338 [OM StateMachine ApplyTransaction Thread - 0] INFO  bucket.OMBucketCreateRequest (OMBucketCreateRequest.java:validateAndUpdateCache(260)) - created bucket: bucket-05776 of layout LEGACY in volume: volume-85053
]]></system-out>
  </testcase>
  <testcase name="testListStatusRootAndVolumeRecursive" classname="TestRootedOzoneFileSystem" time="1.297">
    <system-out><![CDATA[2022-08-09 13:52:05,531 [Time-limited test] INFO  rpc.RpcClient (RpcClient.java:createVolume(468)) - Creating Volume: volume35398, with user22369 as owner and space quota set to -1 bytes, counts quota set to -1
2022-08-09 13:52:05,537 [IPC Server handler 6 on default port 44079] INFO  volume.OMVolumeCreateRequest (OMVolumeCreateRequest.java:validateAndUpdateCache(195)) - created volume:volume35398 for user:user22369
2022-08-09 13:52:05,538 [Time-limited test] INFO  rpc.RpcClient (RpcClient.java:createBucket(671)) - Creating Bucket: volume35398/bucket43860, with bucket layout LEGACY, runner as owner, Versioning false, Storage Type set to DISK and Encryption set to false 
2022-08-09 13:52:05,538 [IPC Server handler 10 on default port 44079] INFO  bucket.OMBucketCreateRequest (OMBucketCreateRequest.java:validateAndUpdateCache(260)) - created bucket: bucket43860 of layout LEGACY in volume: volume35398
13:52:05.541 [IPC Server handler 4 on default port 44079] ERROR OMAudit - user=runner | ip=127.0.0.1 | op=READ_BUCKET {volume=volume-24977, bucket=bucket-61534} | ret=FAILURE
org.apache.hadoop.ozone.om.exceptions.OMException: Volume not found when getting bucket info
	at org.apache.hadoop.ozone.om.BucketManagerImpl.getBucketInfo(BucketManagerImpl.java:127) ~[ozone-manager-1.3.0-SNAPSHOT.jar:?]
	at org.apache.hadoop.ozone.om.OzoneManager.getBucketInfo(OzoneManager.java:2780) ~[ozone-manager-1.3.0-SNAPSHOT.jar:?]
	at org.apache.hadoop.ozone.protocolPB.OzoneManagerRequestHandler.infoBucket(OzoneManagerRequestHandler.java:475) ~[ozone-manager-1.3.0-SNAPSHOT.jar:?]
	at org.apache.hadoop.ozone.protocolPB.OzoneManagerRequestHandler.handleReadRequest(OzoneManagerRequestHandler.java:178) ~[ozone-manager-1.3.0-SNAPSHOT.jar:?]
	at org.apache.hadoop.ozone.protocolPB.OzoneManagerProtocolServerSideTranslatorPB.submitRequestDirectlyToOM(OzoneManagerProtocolServerSideTranslatorPB.java:276) ~[ozone-manager-1.3.0-SNAPSHOT.jar:?]
	at org.apache.hadoop.ozone.protocolPB.OzoneManagerProtocolServerSideTranslatorPB.processRequest(OzoneManagerProtocolServerSideTranslatorPB.java:205) ~[ozone-manager-1.3.0-SNAPSHOT.jar:?]
	at org.apache.hadoop.hdds.server.OzoneProtocolMessageDispatcher.processRequest(OzoneProtocolMessageDispatcher.java:87) [hdds-server-framework-1.3.0-SNAPSHOT.jar:?]
	at org.apache.hadoop.ozone.protocolPB.OzoneManagerProtocolServerSideTranslatorPB.submitRequest(OzoneManagerProtocolServerSideTranslatorPB.java:147) [ozone-manager-1.3.0-SNAPSHOT.jar:?]
	at org.apache.hadoop.ozone.protocol.proto.OzoneManagerProtocolProtos$OzoneManagerService$2.callBlockingMethod(OzoneManagerProtocolProtos.java) [ozone-interface-client-1.3.0-SNAPSHOT.jar:?]
	at org.apache.hadoop.ipc.ProtobufRpcEngine$Server.processCall(ProtobufRpcEngine.java:466) [hadoop-common-3.3.1.jar:?]
	at org.apache.hadoop.ipc.ProtobufRpcEngine2$Server$ProtoBufRpcInvoker.call(ProtobufRpcEngine2.java:574) [hadoop-common-3.3.1.jar:?]
	at org.apache.hadoop.ipc.ProtobufRpcEngine2$Server$ProtoBufRpcInvoker.call(ProtobufRpcEngine2.java:552) [hadoop-common-3.3.1.jar:?]
	at org.apache.hadoop.ipc.RPC$Server.call(RPC.java:1093) [hadoop-common-3.3.1.jar:?]
	at org.apache.hadoop.ipc.Server$RpcCall.run(Server.java:1035) [hadoop-common-3.3.1.jar:?]
	at org.apache.hadoop.ipc.Server$RpcCall.run(Server.java:963) [hadoop-common-3.3.1.jar:?]
	at java.security.AccessController.doPrivileged(Native Method) ~[?:1.8.0_332]
	at javax.security.auth.Subject.doAs(Subject.java:422) [?:1.8.0_332]
	at org.apache.hadoop.security.UserGroupInformation.doAs(UserGroupInformation.java:1878) [hadoop-common-3.3.1.jar:?]
	at org.apache.hadoop.ipc.Server$Handler.run(Server.java:2966) [hadoop-common-3.3.1.jar:?]
2022-08-09 13:52:05,541 [Time-limited test] INFO  rpc.RpcClient (RpcClient.java:createVolume(468)) - Creating Volume: volume-24977, with runner as owner and space quota set to -1 bytes, counts quota set to -1
2022-08-09 13:52:05,542 [IPC Server handler 18 on default port 44079] INFO  volume.OMVolumeCreateRequest (OMVolumeCreateRequest.java:validateAndUpdateCache(195)) - created volume:volume-24977 for user:runner
2022-08-09 13:52:05,542 [Time-limited test] INFO  rpc.RpcClient (RpcClient.java:createBucket(671)) - Creating Bucket: volume-24977/bucket-61534, with bucket layout LEGACY, runner as owner, Versioning false, Storage Type set to DISK and Encryption set to false 
2022-08-09 13:52:05,543 [IPC Server handler 0 on default port 44079] INFO  bucket.OMBucketCreateRequest (OMBucketCreateRequest.java:validateAndUpdateCache(260)) - created bucket: bucket-61534 of layout LEGACY in volume: volume-24977
2022-08-09 13:52:05,793 [Finalizer] WARN  managed.ManagedRocksObjectUtils (ManagedRocksObjectUtils.java:assertClosed(39)) - ManagedColumnFamilyOptions is not closed properly
2022-08-09 13:52:05,793 [Finalizer] WARN  managed.ManagedRocksObjectUtils (ManagedRocksObjectUtils.java:assertClosed(39)) - ManagedLRUCache is not closed properly
2022-08-09 13:52:05,793 [Finalizer] WARN  managed.ManagedRocksObjectUtils (ManagedRocksObjectUtils.java:assertClosed(39)) - ManagedBloomFilter is not closed properly
2022-08-09 13:52:05,793 [Finalizer] WARN  managed.ManagedRocksObjectUtils (ManagedRocksObjectUtils.java:assertClosed(39)) - ManagedColumnFamilyOptions is not closed properly
2022-08-09 13:52:05,793 [Finalizer] WARN  managed.ManagedRocksObjectUtils (ManagedRocksObjectUtils.java:assertClosed(39)) - ManagedLRUCache is not closed properly
2022-08-09 13:52:05,793 [Finalizer] WARN  managed.ManagedRocksObjectUtils (ManagedRocksObjectUtils.java:assertClosed(39)) - ManagedBloomFilter is not closed properly
2022-08-09 13:52:05,793 [Finalizer] WARN  managed.ManagedRocksObjectUtils (ManagedRocksObjectUtils.java:assertClosed(39)) - ManagedColumnFamilyOptions is not closed properly
2022-08-09 13:52:05,793 [Finalizer] WARN  managed.ManagedRocksObjectUtils (ManagedRocksObjectUtils.java:assertClosed(39)) - ManagedLRUCache is not closed properly
2022-08-09 13:52:05,793 [Finalizer] WARN  managed.ManagedRocksObjectUtils (ManagedRocksObjectUtils.java:assertClosed(39)) - ManagedBloomFilter is not closed properly
13:52:06.115 [IPC Server handler 9 on default port 44079] ERROR OMAudit - user=runner | ip=127.0.0.1 | op=READ_BUCKET {volume=volume-70447, bucket=bucket-76703} | ret=FAILURE
org.apache.hadoop.ozone.om.exceptions.OMException: Volume not found when getting bucket info
	at org.apache.hadoop.ozone.om.BucketManagerImpl.getBucketInfo(BucketManagerImpl.java:127) ~[ozone-manager-1.3.0-SNAPSHOT.jar:?]
	at org.apache.hadoop.ozone.om.OzoneManager.getBucketInfo(OzoneManager.java:2780) ~[ozone-manager-1.3.0-SNAPSHOT.jar:?]
	at org.apache.hadoop.ozone.protocolPB.OzoneManagerRequestHandler.infoBucket(OzoneManagerRequestHandler.java:475) ~[ozone-manager-1.3.0-SNAPSHOT.jar:?]
	at org.apache.hadoop.ozone.protocolPB.OzoneManagerRequestHandler.handleReadRequest(OzoneManagerRequestHandler.java:178) ~[ozone-manager-1.3.0-SNAPSHOT.jar:?]
	at org.apache.hadoop.ozone.protocolPB.OzoneManagerProtocolServerSideTranslatorPB.submitRequestDirectlyToOM(OzoneManagerProtocolServerSideTranslatorPB.java:276) ~[ozone-manager-1.3.0-SNAPSHOT.jar:?]
	at org.apache.hadoop.ozone.protocolPB.OzoneManagerProtocolServerSideTranslatorPB.processRequest(OzoneManagerProtocolServerSideTranslatorPB.java:205) ~[ozone-manager-1.3.0-SNAPSHOT.jar:?]
	at org.apache.hadoop.hdds.server.OzoneProtocolMessageDispatcher.processRequest(OzoneProtocolMessageDispatcher.java:87) [hdds-server-framework-1.3.0-SNAPSHOT.jar:?]
	at org.apache.hadoop.ozone.protocolPB.OzoneManagerProtocolServerSideTranslatorPB.submitRequest(OzoneManagerProtocolServerSideTranslatorPB.java:147) [ozone-manager-1.3.0-SNAPSHOT.jar:?]
	at org.apache.hadoop.ozone.protocol.proto.OzoneManagerProtocolProtos$OzoneManagerService$2.callBlockingMethod(OzoneManagerProtocolProtos.java) [ozone-interface-client-1.3.0-SNAPSHOT.jar:?]
	at org.apache.hadoop.ipc.ProtobufRpcEngine$Server.processCall(ProtobufRpcEngine.java:466) [hadoop-common-3.3.1.jar:?]
	at org.apache.hadoop.ipc.ProtobufRpcEngine2$Server$ProtoBufRpcInvoker.call(ProtobufRpcEngine2.java:574) [hadoop-common-3.3.1.jar:?]
	at org.apache.hadoop.ipc.ProtobufRpcEngine2$Server$ProtoBufRpcInvoker.call(ProtobufRpcEngine2.java:552) [hadoop-common-3.3.1.jar:?]
	at org.apache.hadoop.ipc.RPC$Server.call(RPC.java:1093) [hadoop-common-3.3.1.jar:?]
	at org.apache.hadoop.ipc.Server$RpcCall.run(Server.java:1035) [hadoop-common-3.3.1.jar:?]
	at org.apache.hadoop.ipc.Server$RpcCall.run(Server.java:963) [hadoop-common-3.3.1.jar:?]
	at java.security.AccessController.doPrivileged(Native Method) ~[?:1.8.0_332]
	at javax.security.auth.Subject.doAs(Subject.java:422) [?:1.8.0_332]
	at org.apache.hadoop.security.UserGroupInformation.doAs(UserGroupInformation.java:1878) [hadoop-common-3.3.1.jar:?]
	at org.apache.hadoop.ipc.Server$Handler.run(Server.java:2966) [hadoop-common-3.3.1.jar:?]
2022-08-09 13:52:06,116 [Time-limited test] INFO  rpc.RpcClient (RpcClient.java:createVolume(468)) - Creating Volume: volume-70447, with runner as owner and space quota set to -1 bytes, counts quota set to -1
2022-08-09 13:52:06,116 [IPC Server handler 6 on default port 44079] INFO  volume.OMVolumeCreateRequest (OMVolumeCreateRequest.java:validateAndUpdateCache(195)) - created volume:volume-70447 for user:runner
2022-08-09 13:52:06,117 [Time-limited test] INFO  rpc.RpcClient (RpcClient.java:createBucket(671)) - Creating Bucket: volume-70447/bucket-76703, with bucket layout LEGACY, runner as owner, Versioning false, Storage Type set to DISK and Encryption set to false 
2022-08-09 13:52:06,117 [IPC Server handler 10 on default port 44079] INFO  bucket.OMBucketCreateRequest (OMBucketCreateRequest.java:validateAndUpdateCache(260)) - created bucket: bucket-76703 of layout LEGACY in volume: volume-70447
]]></system-out>
  </testcase>
  <testcase name="testTempMount" classname="TestRootedOzoneFileSystem" time="0.173">
    <system-out><![CDATA[2022-08-09 13:47:15,612 [Time-limited test] INFO  rpc.RpcClient (RpcClient.java:createVolume(468)) - Creating Volume: volume76793, with user67684 as owner and space quota set to -1 bytes, counts quota set to -1
2022-08-09 13:47:15,615 [OM StateMachine ApplyTransaction Thread - 0] INFO  volume.OMVolumeCreateRequest (OMVolumeCreateRequest.java:validateAndUpdateCache(195)) - created volume:volume76793 for user:user67684
2022-08-09 13:47:15,622 [Time-limited test] INFO  rpc.RpcClient (RpcClient.java:createBucket(671)) - Creating Bucket: volume76793/bucket94393, with bucket layout LEGACY, runner as owner, Versioning false, Storage Type set to DISK and Encryption set to false 
2022-08-09 13:47:15,625 [OM StateMachine ApplyTransaction Thread - 0] INFO  bucket.OMBucketCreateRequest (OMBucketCreateRequest.java:validateAndUpdateCache(260)) - created bucket: bucket94393 of layout LEGACY in volume: volume76793
2022-08-09 13:47:15,627 [Time-limited test] INFO  rpc.RpcClient (RpcClient.java:createVolume(468)) - Creating Volume: tmp, with runner as owner and space quota set to 9223372036854775807 bytes, counts quota set to 1000
2022-08-09 13:47:15,630 [OM StateMachine ApplyTransaction Thread - 0] INFO  volume.OMVolumeCreateRequest (OMVolumeCreateRequest.java:validateAndUpdateCache(195)) - created volume:tmp for user:runner
2022-08-09 13:47:15,637 [Time-limited test] INFO  rpc.RpcClient (RpcClient.java:createBucket(671)) - Creating Bucket: tmp/4bad0b8dd3074cd43f641c2ac22a3571, with bucket layout LEGACY, runner as owner, Versioning false, Storage Type set to DISK and Encryption set to false 
2022-08-09 13:47:15,640 [OM StateMachine ApplyTransaction Thread - 0] INFO  bucket.OMBucketCreateRequest (OMBucketCreateRequest.java:validateAndUpdateCache(260)) - created bucket: 4bad0b8dd3074cd43f641c2ac22a3571 of layout LEGACY in volume: tmp
]]></system-out>
  </testcase>
  <testcase name="testTempMount" classname="TestRootedOzoneFileSystem" time="0.311">
    <system-out><![CDATA[2022-08-09 13:48:19,895 [c412bf5e-d18f-42ba-b8b3-b8fb93465f91@group-3B22E2B050CC-FollowerState] INFO  impl.FollowerState (FollowerState.java:run(143)) - c412bf5e-d18f-42ba-b8b3-b8fb93465f91@group-3B22E2B050CC-FollowerState: change to CANDIDATE, lastRpcElapsedTime:5052923141ns, electionTimeout:5052ms
2022-08-09 13:48:19,896 [c412bf5e-d18f-42ba-b8b3-b8fb93465f91@group-3B22E2B050CC-FollowerState] INFO  impl.RoleInfo (RoleInfo.java:shutdownFollowerState(110)) - c412bf5e-d18f-42ba-b8b3-b8fb93465f91: shutdown c412bf5e-d18f-42ba-b8b3-b8fb93465f91@group-3B22E2B050CC-FollowerState
2022-08-09 13:48:19,896 [c412bf5e-d18f-42ba-b8b3-b8fb93465f91@group-3B22E2B050CC-FollowerState] INFO  server.RaftServer$Division (RaftServerImpl.java:setRole(299)) - c412bf5e-d18f-42ba-b8b3-b8fb93465f91@group-3B22E2B050CC: changes role from  FOLLOWER to CANDIDATE at term 0 for changeToCandidate
2022-08-09 13:48:19,906 [c412bf5e-d18f-42ba-b8b3-b8fb93465f91@group-3B22E2B050CC-FollowerState] INFO  server.RaftServerConfigKeys (ConfUtils.java:logGet(46)) - raft.server.leaderelection.pre-vote = false (custom)
2022-08-09 13:48:19,906 [c412bf5e-d18f-42ba-b8b3-b8fb93465f91@group-3B22E2B050CC-FollowerState] INFO  impl.RoleInfo (RoleInfo.java:updateAndGet(139)) - c412bf5e-d18f-42ba-b8b3-b8fb93465f91: start c412bf5e-d18f-42ba-b8b3-b8fb93465f91@group-3B22E2B050CC-LeaderElection20
2022-08-09 13:48:19,931 [c412bf5e-d18f-42ba-b8b3-b8fb93465f91@group-3B22E2B050CC-LeaderElection20] INFO  impl.LeaderElection (LeaderElection.java:askForVotes(310)) - c412bf5e-d18f-42ba-b8b3-b8fb93465f91@group-3B22E2B050CC-LeaderElection20 ELECTION round 0: submit vote requests at term 1 for -1: [c412bf5e-d18f-42ba-b8b3-b8fb93465f91|rpc:10.1.0.19:41673|priority:1], old=null
2022-08-09 13:48:19,931 [c412bf5e-d18f-42ba-b8b3-b8fb93465f91@group-3B22E2B050CC-LeaderElection20] INFO  impl.LeaderElection (LeaderElection.java:askForVotes(312)) - c412bf5e-d18f-42ba-b8b3-b8fb93465f91@group-3B22E2B050CC-LeaderElection20 ELECTION round 0: result PASSED (term=1)
2022-08-09 13:48:19,931 [c412bf5e-d18f-42ba-b8b3-b8fb93465f91@group-3B22E2B050CC-LeaderElection20] INFO  impl.RoleInfo (RoleInfo.java:shutdownLeaderElection(130)) - c412bf5e-d18f-42ba-b8b3-b8fb93465f91: shutdown c412bf5e-d18f-42ba-b8b3-b8fb93465f91@group-3B22E2B050CC-LeaderElection20
2022-08-09 13:48:19,931 [c412bf5e-d18f-42ba-b8b3-b8fb93465f91@group-3B22E2B050CC-LeaderElection20] INFO  server.RaftServer$Division (RaftServerImpl.java:setRole(299)) - c412bf5e-d18f-42ba-b8b3-b8fb93465f91@group-3B22E2B050CC: changes role from CANDIDATE to LEADER at term 1 for changeToLeader
2022-08-09 13:48:19,931 [c412bf5e-d18f-42ba-b8b3-b8fb93465f91@group-3B22E2B050CC-LeaderElection20] INFO  ratis.XceiverServerRatis (XceiverServerRatis.java:handleLeaderChangedNotification(863)) - Leader change notification received for group: group-3B22E2B050CC with new leaderId: c412bf5e-d18f-42ba-b8b3-b8fb93465f91
2022-08-09 13:48:19,932 [c412bf5e-d18f-42ba-b8b3-b8fb93465f91@group-3B22E2B050CC-LeaderElection20] INFO  server.RaftServer$Division (ServerState.java:setLeader(287)) - c412bf5e-d18f-42ba-b8b3-b8fb93465f91@group-3B22E2B050CC: change Leader from null to c412bf5e-d18f-42ba-b8b3-b8fb93465f91 at term 1 for becomeLeader, leader elected after 5122ms
2022-08-09 13:48:19,932 [c412bf5e-d18f-42ba-b8b3-b8fb93465f91@group-3B22E2B050CC-LeaderElection20] INFO  server.RaftServerConfigKeys (ConfUtils.java:logGet(46)) - raft.server.staging.catchup.gap = 1000 (default)
2022-08-09 13:48:19,932 [c412bf5e-d18f-42ba-b8b3-b8fb93465f91@group-3B22E2B050CC-LeaderElection20] INFO  server.RaftServerConfigKeys (ConfUtils.java:logGet(46)) - raft.server.write.element-limit = 1024 (custom)
2022-08-09 13:48:19,932 [c412bf5e-d18f-42ba-b8b3-b8fb93465f91@group-3B22E2B050CC-LeaderElection20] INFO  server.RaftServerConfigKeys (ConfUtils.java:logGet(46)) - raft.server.write.byte-limit = 1024 M (=1073741824) (custom)
2022-08-09 13:48:19,932 [c412bf5e-d18f-42ba-b8b3-b8fb93465f91@group-3B22E2B050CC-LeaderElection20] INFO  server.RaftServerConfigKeys (ConfUtils.java:logGet(46)) - raft.server.watch.timeout = 180s (custom)
2022-08-09 13:48:19,932 [c412bf5e-d18f-42ba-b8b3-b8fb93465f91@group-3B22E2B050CC-LeaderElection20] INFO  server.RaftServerConfigKeys (ConfUtils.java:logGet(46)) - raft.server.watch.timeout.denomination = 1s (default)
2022-08-09 13:48:19,932 [c412bf5e-d18f-42ba-b8b3-b8fb93465f91@group-3B22E2B050CC-LeaderElection20] INFO  server.RaftServerConfigKeys (ConfUtils.java:logGet(46)) - raft.server.watch.element-limit = 65536 (default)
2022-08-09 13:48:19,932 [c412bf5e-d18f-42ba-b8b3-b8fb93465f91@group-3B22E2B050CC-LeaderElection20] INFO  server.RaftServerConfigKeys (ConfUtils.java:logGet(46)) - raft.server.write.element-limit = 1024 (custom)
2022-08-09 13:48:19,932 [c412bf5e-d18f-42ba-b8b3-b8fb93465f91@group-3B22E2B050CC-LeaderElection20] INFO  server.RaftServerConfigKeys (ConfUtils.java:logGet(46)) - raft.server.write.follower.gap.ratio.max = -1.0 (default)
2022-08-09 13:48:19,932 [c412bf5e-d18f-42ba-b8b3-b8fb93465f91@group-3B22E2B050CC-LeaderElection20] INFO  impl.RoleInfo (RoleInfo.java:updateAndGet(139)) - c412bf5e-d18f-42ba-b8b3-b8fb93465f91: start c412bf5e-d18f-42ba-b8b3-b8fb93465f91@group-3B22E2B050CC-LeaderStateImpl
2022-08-09 13:48:19,933 [c412bf5e-d18f-42ba-b8b3-b8fb93465f91@group-3B22E2B050CC-LeaderElection20] INFO  segmented.SegmentedRaftLogWorker (SegmentedRaftLogWorker.java:startLogSegment(425)) - c412bf5e-d18f-42ba-b8b3-b8fb93465f91@group-3B22E2B050CC-SegmentedRaftLogWorker: Starting segment from index:0
2022-08-09 13:48:19,934 [c412bf5e-d18f-42ba-b8b3-b8fb93465f91@group-3B22E2B050CC-SegmentedRaftLogWorker] INFO  segmented.SegmentedRaftLogWorker (SegmentedRaftLogWorker.java:execute(629)) - c412bf5e-d18f-42ba-b8b3-b8fb93465f91@group-3B22E2B050CC-SegmentedRaftLogWorker: created new log segment /home/runner/work/ozone/ozone/hadoop-ozone/integration-test/target/test-dir/MiniOzoneClusterImpl-47423824-61ae-4caf-b360-a3644823e0d5/datanode-3/data/ratis/5b12f820-65e4-49c7-ac52-3b22e2b050cc/current/log_inprogress_0
2022-08-09 13:48:19,942 [c412bf5e-d18f-42ba-b8b3-b8fb93465f91@group-3B22E2B050CC-LeaderElection20] INFO  server.RaftServer$Division (ServerState.java:setRaftConf(393)) - c412bf5e-d18f-42ba-b8b3-b8fb93465f91@group-3B22E2B050CC: set configuration 0: [c412bf5e-d18f-42ba-b8b3-b8fb93465f91|rpc:10.1.0.19:41673|dataStream:|priority:1], old=null
2022-08-09 13:48:19,968 [Time-limited test] INFO  rpc.RpcClient (RpcClient.java:createVolume(468)) - Creating Volume: volume36416, with user96114 as owner and space quota set to -1 bytes, counts quota set to -1
2022-08-09 13:48:19,970 [OM StateMachine ApplyTransaction Thread - 0] INFO  volume.OMVolumeCreateRequest (OMVolumeCreateRequest.java:validateAndUpdateCache(195)) - created volume:volume36416 for user:user96114
2022-08-09 13:48:19,971 [Time-limited test] INFO  rpc.RpcClient (RpcClient.java:createBucket(671)) - Creating Bucket: volume36416/bucket93368, with bucket layout LEGACY, runner as owner, Versioning false, Storage Type set to DISK and Encryption set to false 
2022-08-09 13:48:19,973 [OM StateMachine ApplyTransaction Thread - 0] INFO  bucket.OMBucketCreateRequest (OMBucketCreateRequest.java:validateAndUpdateCache(260)) - created bucket: bucket93368 of layout LEGACY in volume: volume36416
2022-08-09 13:48:19,974 [Time-limited test] INFO  rpc.RpcClient (RpcClient.java:createVolume(468)) - Creating Volume: tmp, with runner as owner and space quota set to 9223372036854775807 bytes, counts quota set to 1000
2022-08-09 13:48:19,975 [OM StateMachine ApplyTransaction Thread - 0] INFO  volume.OMVolumeCreateRequest (OMVolumeCreateRequest.java:validateAndUpdateCache(195)) - created volume:tmp for user:runner
13:48:19.976 [IPC Server handler 14 on default port 34619] ERROR OMAudit - user=runner | ip=127.0.0.1 | op=READ_BUCKET {volume=tmp, bucket=4bad0b8dd3074cd43f641c2ac22a3571} | ret=FAILURE
org.apache.hadoop.ozone.om.exceptions.OMException: Bucket not found
	at org.apache.hadoop.ozone.om.BucketManagerImpl.getBucketInfo(BucketManagerImpl.java:131) ~[ozone-manager-1.3.0-SNAPSHOT.jar:?]
	at org.apache.hadoop.ozone.om.OzoneManager.getBucketInfo(OzoneManager.java:2780) ~[ozone-manager-1.3.0-SNAPSHOT.jar:?]
	at org.apache.hadoop.ozone.protocolPB.OzoneManagerRequestHandler.infoBucket(OzoneManagerRequestHandler.java:475) ~[ozone-manager-1.3.0-SNAPSHOT.jar:?]
	at org.apache.hadoop.ozone.protocolPB.OzoneManagerRequestHandler.handleReadRequest(OzoneManagerRequestHandler.java:178) ~[ozone-manager-1.3.0-SNAPSHOT.jar:?]
	at org.apache.hadoop.ozone.protocolPB.OzoneManagerProtocolServerSideTranslatorPB.submitReadRequestToOM(OzoneManagerProtocolServerSideTranslatorPB.java:226) ~[ozone-manager-1.3.0-SNAPSHOT.jar:?]
	at org.apache.hadoop.ozone.protocolPB.OzoneManagerProtocolServerSideTranslatorPB.processRequest(OzoneManagerProtocolServerSideTranslatorPB.java:175) ~[ozone-manager-1.3.0-SNAPSHOT.jar:?]
	at org.apache.hadoop.hdds.server.OzoneProtocolMessageDispatcher.processRequest(OzoneProtocolMessageDispatcher.java:87) [hdds-server-framework-1.3.0-SNAPSHOT.jar:?]
	at org.apache.hadoop.ozone.protocolPB.OzoneManagerProtocolServerSideTranslatorPB.submitRequest(OzoneManagerProtocolServerSideTranslatorPB.java:147) [ozone-manager-1.3.0-SNAPSHOT.jar:?]
	at org.apache.hadoop.ozone.protocol.proto.OzoneManagerProtocolProtos$OzoneManagerService$2.callBlockingMethod(OzoneManagerProtocolProtos.java) [ozone-interface-client-1.3.0-SNAPSHOT.jar:?]
	at org.apache.hadoop.ipc.ProtobufRpcEngine$Server.processCall(ProtobufRpcEngine.java:466) [hadoop-common-3.3.1.jar:?]
	at org.apache.hadoop.ipc.ProtobufRpcEngine2$Server$ProtoBufRpcInvoker.call(ProtobufRpcEngine2.java:574) [hadoop-common-3.3.1.jar:?]
	at org.apache.hadoop.ipc.ProtobufRpcEngine2$Server$ProtoBufRpcInvoker.call(ProtobufRpcEngine2.java:552) [hadoop-common-3.3.1.jar:?]
	at org.apache.hadoop.ipc.RPC$Server.call(RPC.java:1093) [hadoop-common-3.3.1.jar:?]
	at org.apache.hadoop.ipc.Server$RpcCall.run(Server.java:1035) [hadoop-common-3.3.1.jar:?]
	at org.apache.hadoop.ipc.Server$RpcCall.run(Server.java:963) [hadoop-common-3.3.1.jar:?]
	at java.security.AccessController.doPrivileged(Native Method) ~[?:1.8.0_332]
	at javax.security.auth.Subject.doAs(Subject.java:422) [?:1.8.0_332]
	at org.apache.hadoop.security.UserGroupInformation.doAs(UserGroupInformation.java:1878) [hadoop-common-3.3.1.jar:?]
	at org.apache.hadoop.ipc.Server$Handler.run(Server.java:2966) [hadoop-common-3.3.1.jar:?]
13:48:19.977 [IPC Server handler 15 on default port 34619] ERROR OMAudit - user=runner | ip=127.0.0.1 | op=READ_BUCKET {volume=tmp, bucket=4bad0b8dd3074cd43f641c2ac22a3571} | ret=FAILURE
org.apache.hadoop.ozone.om.exceptions.OMException: Bucket not found
	at org.apache.hadoop.ozone.om.BucketManagerImpl.getBucketInfo(BucketManagerImpl.java:131) ~[ozone-manager-1.3.0-SNAPSHOT.jar:?]
	at org.apache.hadoop.ozone.om.OzoneManager.getBucketInfo(OzoneManager.java:2780) ~[ozone-manager-1.3.0-SNAPSHOT.jar:?]
	at org.apache.hadoop.ozone.protocolPB.OzoneManagerRequestHandler.infoBucket(OzoneManagerRequestHandler.java:475) ~[ozone-manager-1.3.0-SNAPSHOT.jar:?]
	at org.apache.hadoop.ozone.protocolPB.OzoneManagerRequestHandler.handleReadRequest(OzoneManagerRequestHandler.java:178) ~[ozone-manager-1.3.0-SNAPSHOT.jar:?]
	at org.apache.hadoop.ozone.protocolPB.OzoneManagerProtocolServerSideTranslatorPB.submitReadRequestToOM(OzoneManagerProtocolServerSideTranslatorPB.java:226) ~[ozone-manager-1.3.0-SNAPSHOT.jar:?]
	at org.apache.hadoop.ozone.protocolPB.OzoneManagerProtocolServerSideTranslatorPB.processRequest(OzoneManagerProtocolServerSideTranslatorPB.java:175) ~[ozone-manager-1.3.0-SNAPSHOT.jar:?]
	at org.apache.hadoop.hdds.server.OzoneProtocolMessageDispatcher.processRequest(OzoneProtocolMessageDispatcher.java:87) [hdds-server-framework-1.3.0-SNAPSHOT.jar:?]
	at org.apache.hadoop.ozone.protocolPB.OzoneManagerProtocolServerSideTranslatorPB.submitRequest(OzoneManagerProtocolServerSideTranslatorPB.java:147) [ozone-manager-1.3.0-SNAPSHOT.jar:?]
	at org.apache.hadoop.ozone.protocol.proto.OzoneManagerProtocolProtos$OzoneManagerService$2.callBlockingMethod(OzoneManagerProtocolProtos.java) [ozone-interface-client-1.3.0-SNAPSHOT.jar:?]
	at org.apache.hadoop.ipc.ProtobufRpcEngine$Server.processCall(ProtobufRpcEngine.java:466) [hadoop-common-3.3.1.jar:?]
	at org.apache.hadoop.ipc.ProtobufRpcEngine2$Server$ProtoBufRpcInvoker.call(ProtobufRpcEngine2.java:574) [hadoop-common-3.3.1.jar:?]
	at org.apache.hadoop.ipc.ProtobufRpcEngine2$Server$ProtoBufRpcInvoker.call(ProtobufRpcEngine2.java:552) [hadoop-common-3.3.1.jar:?]
	at org.apache.hadoop.ipc.RPC$Server.call(RPC.java:1093) [hadoop-common-3.3.1.jar:?]
	at org.apache.hadoop.ipc.Server$RpcCall.run(Server.java:1035) [hadoop-common-3.3.1.jar:?]
	at org.apache.hadoop.ipc.Server$RpcCall.run(Server.java:963) [hadoop-common-3.3.1.jar:?]
	at java.security.AccessController.doPrivileged(Native Method) ~[?:1.8.0_332]
	at javax.security.auth.Subject.doAs(Subject.java:422) [?:1.8.0_332]
	at org.apache.hadoop.security.UserGroupInformation.doAs(UserGroupInformation.java:1878) [hadoop-common-3.3.1.jar:?]
	at org.apache.hadoop.ipc.Server$Handler.run(Server.java:2966) [hadoop-common-3.3.1.jar:?]
2022-08-09 13:48:19,978 [Time-limited test] INFO  rpc.RpcClient (RpcClient.java:createBucket(671)) - Creating Bucket: tmp/4bad0b8dd3074cd43f641c2ac22a3571, with bucket layout LEGACY, runner as owner, Versioning false, Storage Type set to DISK and Encryption set to false 
2022-08-09 13:48:19,979 [OM StateMachine ApplyTransaction Thread - 0] INFO  bucket.OMBucketCreateRequest (OMBucketCreateRequest.java:validateAndUpdateCache(260)) - created bucket: 4bad0b8dd3074cd43f641c2ac22a3571 of layout LEGACY in volume: tmp
]]></system-out>
  </testcase>
  <testcase name="testTempMount" classname="TestRootedOzoneFileSystem" time="0.472">
    <system-out><![CDATA[2022-08-09 13:49:25,865 [Time-limited test] INFO  rpc.RpcClient (RpcClient.java:createVolume(468)) - Creating Volume: volume49895, with user83049 as owner and space quota set to -1 bytes, counts quota set to -1
2022-08-09 13:49:25,866 [IPC Server handler 18 on default port 42643] INFO  volume.OMVolumeCreateRequest (OMVolumeCreateRequest.java:validateAndUpdateCache(195)) - created volume:volume49895 for user:user83049
2022-08-09 13:49:25,867 [Time-limited test] INFO  rpc.RpcClient (RpcClient.java:createBucket(671)) - Creating Bucket: volume49895/bucket08556, with bucket layout LEGACY, runner as owner, Versioning false, Storage Type set to DISK and Encryption set to false 
2022-08-09 13:49:25,867 [IPC Server handler 12 on default port 42643] INFO  bucket.OMBucketCreateRequest (OMBucketCreateRequest.java:validateAndUpdateCache(260)) - created bucket: bucket08556 of layout LEGACY in volume: volume49895
2022-08-09 13:49:25,868 [Time-limited test] INFO  rpc.RpcClient (RpcClient.java:createVolume(468)) - Creating Volume: tmp, with runner as owner and space quota set to 9223372036854775807 bytes, counts quota set to 1000
2022-08-09 13:49:25,869 [IPC Server handler 17 on default port 42643] INFO  volume.OMVolumeCreateRequest (OMVolumeCreateRequest.java:validateAndUpdateCache(195)) - created volume:tmp for user:runner
13:49:25.873 [IPC Server handler 9 on default port 42643] ERROR OMAudit - user=runner | ip=127.0.0.1 | op=READ_BUCKET {volume=tmp, bucket=4bad0b8dd3074cd43f641c2ac22a3571} | ret=FAILURE
org.apache.hadoop.ozone.om.exceptions.OMException: Bucket not found
	at org.apache.hadoop.ozone.om.BucketManagerImpl.getBucketInfo(BucketManagerImpl.java:131) ~[ozone-manager-1.3.0-SNAPSHOT.jar:?]
	at org.apache.hadoop.ozone.om.OzoneManager.getBucketInfo(OzoneManager.java:2780) ~[ozone-manager-1.3.0-SNAPSHOT.jar:?]
	at org.apache.hadoop.ozone.protocolPB.OzoneManagerRequestHandler.infoBucket(OzoneManagerRequestHandler.java:475) ~[ozone-manager-1.3.0-SNAPSHOT.jar:?]
	at org.apache.hadoop.ozone.protocolPB.OzoneManagerRequestHandler.handleReadRequest(OzoneManagerRequestHandler.java:178) ~[ozone-manager-1.3.0-SNAPSHOT.jar:?]
	at org.apache.hadoop.ozone.protocolPB.OzoneManagerProtocolServerSideTranslatorPB.submitRequestDirectlyToOM(OzoneManagerProtocolServerSideTranslatorPB.java:276) ~[ozone-manager-1.3.0-SNAPSHOT.jar:?]
	at org.apache.hadoop.ozone.protocolPB.OzoneManagerProtocolServerSideTranslatorPB.processRequest(OzoneManagerProtocolServerSideTranslatorPB.java:205) ~[ozone-manager-1.3.0-SNAPSHOT.jar:?]
	at org.apache.hadoop.hdds.server.OzoneProtocolMessageDispatcher.processRequest(OzoneProtocolMessageDispatcher.java:87) [hdds-server-framework-1.3.0-SNAPSHOT.jar:?]
	at org.apache.hadoop.ozone.protocolPB.OzoneManagerProtocolServerSideTranslatorPB.submitRequest(OzoneManagerProtocolServerSideTranslatorPB.java:147) [ozone-manager-1.3.0-SNAPSHOT.jar:?]
	at org.apache.hadoop.ozone.protocol.proto.OzoneManagerProtocolProtos$OzoneManagerService$2.callBlockingMethod(OzoneManagerProtocolProtos.java) [ozone-interface-client-1.3.0-SNAPSHOT.jar:?]
	at org.apache.hadoop.ipc.ProtobufRpcEngine$Server.processCall(ProtobufRpcEngine.java:466) [hadoop-common-3.3.1.jar:?]
	at org.apache.hadoop.ipc.ProtobufRpcEngine2$Server$ProtoBufRpcInvoker.call(ProtobufRpcEngine2.java:574) [hadoop-common-3.3.1.jar:?]
	at org.apache.hadoop.ipc.ProtobufRpcEngine2$Server$ProtoBufRpcInvoker.call(ProtobufRpcEngine2.java:552) [hadoop-common-3.3.1.jar:?]
	at org.apache.hadoop.ipc.RPC$Server.call(RPC.java:1093) [hadoop-common-3.3.1.jar:?]
	at org.apache.hadoop.ipc.Server$RpcCall.run(Server.java:1035) [hadoop-common-3.3.1.jar:?]
	at org.apache.hadoop.ipc.Server$RpcCall.run(Server.java:963) [hadoop-common-3.3.1.jar:?]
	at java.security.AccessController.doPrivileged(Native Method) ~[?:1.8.0_332]
	at javax.security.auth.Subject.doAs(Subject.java:422) [?:1.8.0_332]
	at org.apache.hadoop.security.UserGroupInformation.doAs(UserGroupInformation.java:1878) [hadoop-common-3.3.1.jar:?]
	at org.apache.hadoop.ipc.Server$Handler.run(Server.java:2966) [hadoop-common-3.3.1.jar:?]
13:49:25.874 [IPC Server handler 16 on default port 42643] ERROR OMAudit - user=runner | ip=127.0.0.1 | op=READ_BUCKET {volume=tmp, bucket=4bad0b8dd3074cd43f641c2ac22a3571} | ret=FAILURE
org.apache.hadoop.ozone.om.exceptions.OMException: Bucket not found
	at org.apache.hadoop.ozone.om.BucketManagerImpl.getBucketInfo(BucketManagerImpl.java:131) ~[ozone-manager-1.3.0-SNAPSHOT.jar:?]
	at org.apache.hadoop.ozone.om.OzoneManager.getBucketInfo(OzoneManager.java:2780) ~[ozone-manager-1.3.0-SNAPSHOT.jar:?]
	at org.apache.hadoop.ozone.protocolPB.OzoneManagerRequestHandler.infoBucket(OzoneManagerRequestHandler.java:475) ~[ozone-manager-1.3.0-SNAPSHOT.jar:?]
	at org.apache.hadoop.ozone.protocolPB.OzoneManagerRequestHandler.handleReadRequest(OzoneManagerRequestHandler.java:178) ~[ozone-manager-1.3.0-SNAPSHOT.jar:?]
	at org.apache.hadoop.ozone.protocolPB.OzoneManagerProtocolServerSideTranslatorPB.submitRequestDirectlyToOM(OzoneManagerProtocolServerSideTranslatorPB.java:276) ~[ozone-manager-1.3.0-SNAPSHOT.jar:?]
	at org.apache.hadoop.ozone.protocolPB.OzoneManagerProtocolServerSideTranslatorPB.processRequest(OzoneManagerProtocolServerSideTranslatorPB.java:205) ~[ozone-manager-1.3.0-SNAPSHOT.jar:?]
	at org.apache.hadoop.hdds.server.OzoneProtocolMessageDispatcher.processRequest(OzoneProtocolMessageDispatcher.java:87) [hdds-server-framework-1.3.0-SNAPSHOT.jar:?]
	at org.apache.hadoop.ozone.protocolPB.OzoneManagerProtocolServerSideTranslatorPB.submitRequest(OzoneManagerProtocolServerSideTranslatorPB.java:147) [ozone-manager-1.3.0-SNAPSHOT.jar:?]
	at org.apache.hadoop.ozone.protocol.proto.OzoneManagerProtocolProtos$OzoneManagerService$2.callBlockingMethod(OzoneManagerProtocolProtos.java) [ozone-interface-client-1.3.0-SNAPSHOT.jar:?]
	at org.apache.hadoop.ipc.ProtobufRpcEngine$Server.processCall(ProtobufRpcEngine.java:466) [hadoop-common-3.3.1.jar:?]
	at org.apache.hadoop.ipc.ProtobufRpcEngine2$Server$ProtoBufRpcInvoker.call(ProtobufRpcEngine2.java:574) [hadoop-common-3.3.1.jar:?]
	at org.apache.hadoop.ipc.ProtobufRpcEngine2$Server$ProtoBufRpcInvoker.call(ProtobufRpcEngine2.java:552) [hadoop-common-3.3.1.jar:?]
	at org.apache.hadoop.ipc.RPC$Server.call(RPC.java:1093) [hadoop-common-3.3.1.jar:?]
	at org.apache.hadoop.ipc.Server$RpcCall.run(Server.java:1035) [hadoop-common-3.3.1.jar:?]
	at org.apache.hadoop.ipc.Server$RpcCall.run(Server.java:963) [hadoop-common-3.3.1.jar:?]
	at java.security.AccessController.doPrivileged(Native Method) ~[?:1.8.0_332]
	at javax.security.auth.Subject.doAs(Subject.java:422) [?:1.8.0_332]
	at org.apache.hadoop.security.UserGroupInformation.doAs(UserGroupInformation.java:1878) [hadoop-common-3.3.1.jar:?]
	at org.apache.hadoop.ipc.Server$Handler.run(Server.java:2966) [hadoop-common-3.3.1.jar:?]
2022-08-09 13:49:25,875 [Time-limited test] INFO  rpc.RpcClient (RpcClient.java:createBucket(671)) - Creating Bucket: tmp/4bad0b8dd3074cd43f641c2ac22a3571, with bucket layout LEGACY, runner as owner, Versioning false, Storage Type set to DISK and Encryption set to false 
2022-08-09 13:49:25,875 [IPC Server handler 14 on default port 42643] INFO  bucket.OMBucketCreateRequest (OMBucketCreateRequest.java:validateAndUpdateCache(260)) - created bucket: 4bad0b8dd3074cd43f641c2ac22a3571 of layout LEGACY in volume: tmp
2022-08-09 13:49:26,201 [Finalizer] WARN  managed.ManagedRocksObjectUtils (ManagedRocksObjectUtils.java:assertClosed(39)) - ManagedDBOptions is not closed properly
2022-08-09 13:49:26,201 [Finalizer] WARN  managed.ManagedRocksObjectUtils (ManagedRocksObjectUtils.java:assertClosed(39)) - ManagedColumnFamilyOptions is not closed properly
2022-08-09 13:49:26,201 [Finalizer] WARN  managed.ManagedRocksObjectUtils (ManagedRocksObjectUtils.java:assertClosed(39)) - ManagedLRUCache is not closed properly
2022-08-09 13:49:26,201 [Finalizer] WARN  managed.ManagedRocksObjectUtils (ManagedRocksObjectUtils.java:assertClosed(39)) - ManagedBloomFilter is not closed properly
2022-08-09 13:49:26,201 [Finalizer] WARN  managed.ManagedRocksObjectUtils (ManagedRocksObjectUtils.java:assertClosed(39)) - ManagedDBOptions is not closed properly
2022-08-09 13:49:26,201 [Finalizer] WARN  managed.ManagedRocksObjectUtils (ManagedRocksObjectUtils.java:assertClosed(39)) - ManagedColumnFamilyOptions is not closed properly
2022-08-09 13:49:26,201 [Finalizer] WARN  managed.ManagedRocksObjectUtils (ManagedRocksObjectUtils.java:assertClosed(39)) - ManagedLRUCache is not closed properly
2022-08-09 13:49:26,201 [Finalizer] WARN  managed.ManagedRocksObjectUtils (ManagedRocksObjectUtils.java:assertClosed(39)) - ManagedBloomFilter is not closed properly
2022-08-09 13:49:26,201 [Finalizer] WARN  managed.ManagedRocksObjectUtils (ManagedRocksObjectUtils.java:assertClosed(39)) - ManagedDBOptions is not closed properly
2022-08-09 13:49:26,201 [Finalizer] WARN  managed.ManagedRocksObjectUtils (ManagedRocksObjectUtils.java:assertClosed(39)) - ManagedColumnFamilyOptions is not closed properly
2022-08-09 13:49:26,201 [Finalizer] WARN  managed.ManagedRocksObjectUtils (ManagedRocksObjectUtils.java:assertClosed(39)) - ManagedLRUCache is not closed properly
2022-08-09 13:49:26,201 [Finalizer] WARN  managed.ManagedRocksObjectUtils (ManagedRocksObjectUtils.java:assertClosed(39)) - ManagedBloomFilter is not closed properly
2022-08-09 13:49:26,202 [Finalizer] WARN  managed.ManagedRocksObjectUtils (ManagedRocksObjectUtils.java:assertClosed(39)) - ManagedDBOptions is not closed properly
2022-08-09 13:49:26,202 [Finalizer] WARN  managed.ManagedRocksObjectUtils (ManagedRocksObjectUtils.java:assertClosed(39)) - ManagedColumnFamilyOptions is not closed properly
2022-08-09 13:49:26,202 [Finalizer] WARN  managed.ManagedRocksObjectUtils (ManagedRocksObjectUtils.java:assertClosed(39)) - ManagedLRUCache is not closed properly
2022-08-09 13:49:26,202 [Finalizer] WARN  managed.ManagedRocksObjectUtils (ManagedRocksObjectUtils.java:assertClosed(39)) - ManagedBloomFilter is not closed properly
2022-08-09 13:49:26,202 [Finalizer] WARN  managed.ManagedRocksObjectUtils (ManagedRocksObjectUtils.java:assertClosed(39)) - ManagedDBOptions is not closed properly
2022-08-09 13:49:26,202 [Finalizer] WARN  managed.ManagedRocksObjectUtils (ManagedRocksObjectUtils.java:assertClosed(39)) - ManagedColumnFamilyOptions is not closed properly
2022-08-09 13:49:26,202 [Finalizer] WARN  managed.ManagedRocksObjectUtils (ManagedRocksObjectUtils.java:assertClosed(39)) - ManagedLRUCache is not closed properly
2022-08-09 13:49:26,202 [Finalizer] WARN  managed.ManagedRocksObjectUtils (ManagedRocksObjectUtils.java:assertClosed(39)) - ManagedBloomFilter is not closed properly
2022-08-09 13:49:26,202 [Finalizer] WARN  managed.ManagedRocksObjectUtils (ManagedRocksObjectUtils.java:assertClosed(39)) - ManagedDBOptions is not closed properly
2022-08-09 13:49:26,202 [Finalizer] WARN  managed.ManagedRocksObjectUtils (ManagedRocksObjectUtils.java:assertClosed(39)) - ManagedColumnFamilyOptions is not closed properly
2022-08-09 13:49:26,202 [Finalizer] WARN  managed.ManagedRocksObjectUtils (ManagedRocksObjectUtils.java:assertClosed(39)) - ManagedLRUCache is not closed properly
2022-08-09 13:49:26,202 [Finalizer] WARN  managed.ManagedRocksObjectUtils (ManagedRocksObjectUtils.java:assertClosed(39)) - ManagedBloomFilter is not closed properly
]]></system-out>
  </testcase>
  <testcase name="testTempMount" classname="TestRootedOzoneFileSystem" time="0.446">
    <system-out><![CDATA[2022-08-09 13:50:42,093 [Time-limited test] INFO  rpc.RpcClient (RpcClient.java:createVolume(468)) - Creating Volume: volume26515, with user65164 as owner and space quota set to -1 bytes, counts quota set to -1
2022-08-09 13:50:42,098 [OM StateMachine ApplyTransaction Thread - 0] INFO  volume.OMVolumeCreateRequest (OMVolumeCreateRequest.java:validateAndUpdateCache(195)) - created volume:volume26515 for user:user65164
2022-08-09 13:50:42,101 [Time-limited test] INFO  rpc.RpcClient (RpcClient.java:createBucket(671)) - Creating Bucket: volume26515/bucket63553, with bucket layout LEGACY, runner as owner, Versioning false, Storage Type set to DISK and Encryption set to false 
2022-08-09 13:50:42,103 [OM StateMachine ApplyTransaction Thread - 0] INFO  bucket.OMBucketCreateRequest (OMBucketCreateRequest.java:validateAndUpdateCache(260)) - created bucket: bucket63553 of layout LEGACY in volume: volume26515
2022-08-09 13:50:42,103 [Time-limited test] INFO  rpc.RpcClient (RpcClient.java:createVolume(468)) - Creating Volume: tmp, with runner as owner and space quota set to 9223372036854775807 bytes, counts quota set to 1000
2022-08-09 13:50:42,105 [OM StateMachine ApplyTransaction Thread - 0] INFO  volume.OMVolumeCreateRequest (OMVolumeCreateRequest.java:validateAndUpdateCache(195)) - created volume:tmp for user:runner
13:50:42.114 [IPC Server handler 17 on default port 45023] ERROR OMAudit - user=runner | ip=127.0.0.1 | op=READ_BUCKET {volume=tmp, bucket=4bad0b8dd3074cd43f641c2ac22a3571} | ret=FAILURE
org.apache.hadoop.ozone.om.exceptions.OMException: Bucket not found
	at org.apache.hadoop.ozone.om.BucketManagerImpl.getBucketInfo(BucketManagerImpl.java:131) ~[ozone-manager-1.3.0-SNAPSHOT.jar:?]
	at org.apache.hadoop.ozone.om.OzoneManager.getBucketInfo(OzoneManager.java:2780) ~[ozone-manager-1.3.0-SNAPSHOT.jar:?]
	at org.apache.hadoop.ozone.protocolPB.OzoneManagerRequestHandler.infoBucket(OzoneManagerRequestHandler.java:475) ~[ozone-manager-1.3.0-SNAPSHOT.jar:?]
	at org.apache.hadoop.ozone.protocolPB.OzoneManagerRequestHandler.handleReadRequest(OzoneManagerRequestHandler.java:178) ~[ozone-manager-1.3.0-SNAPSHOT.jar:?]
	at org.apache.hadoop.ozone.protocolPB.OzoneManagerProtocolServerSideTranslatorPB.submitReadRequestToOM(OzoneManagerProtocolServerSideTranslatorPB.java:226) ~[ozone-manager-1.3.0-SNAPSHOT.jar:?]
	at org.apache.hadoop.ozone.protocolPB.OzoneManagerProtocolServerSideTranslatorPB.processRequest(OzoneManagerProtocolServerSideTranslatorPB.java:175) ~[ozone-manager-1.3.0-SNAPSHOT.jar:?]
	at org.apache.hadoop.hdds.server.OzoneProtocolMessageDispatcher.processRequest(OzoneProtocolMessageDispatcher.java:87) [hdds-server-framework-1.3.0-SNAPSHOT.jar:?]
	at org.apache.hadoop.ozone.protocolPB.OzoneManagerProtocolServerSideTranslatorPB.submitRequest(OzoneManagerProtocolServerSideTranslatorPB.java:147) [ozone-manager-1.3.0-SNAPSHOT.jar:?]
	at org.apache.hadoop.ozone.protocol.proto.OzoneManagerProtocolProtos$OzoneManagerService$2.callBlockingMethod(OzoneManagerProtocolProtos.java) [ozone-interface-client-1.3.0-SNAPSHOT.jar:?]
	at org.apache.hadoop.ipc.ProtobufRpcEngine$Server.processCall(ProtobufRpcEngine.java:466) [hadoop-common-3.3.1.jar:?]
	at org.apache.hadoop.ipc.ProtobufRpcEngine2$Server$ProtoBufRpcInvoker.call(ProtobufRpcEngine2.java:574) [hadoop-common-3.3.1.jar:?]
	at org.apache.hadoop.ipc.ProtobufRpcEngine2$Server$ProtoBufRpcInvoker.call(ProtobufRpcEngine2.java:552) [hadoop-common-3.3.1.jar:?]
	at org.apache.hadoop.ipc.RPC$Server.call(RPC.java:1093) [hadoop-common-3.3.1.jar:?]
	at org.apache.hadoop.ipc.Server$RpcCall.run(Server.java:1035) [hadoop-common-3.3.1.jar:?]
	at org.apache.hadoop.ipc.Server$RpcCall.run(Server.java:963) [hadoop-common-3.3.1.jar:?]
	at java.security.AccessController.doPrivileged(Native Method) ~[?:1.8.0_332]
	at javax.security.auth.Subject.doAs(Subject.java:422) [?:1.8.0_332]
	at org.apache.hadoop.security.UserGroupInformation.doAs(UserGroupInformation.java:1878) [hadoop-common-3.3.1.jar:?]
	at org.apache.hadoop.ipc.Server$Handler.run(Server.java:2966) [hadoop-common-3.3.1.jar:?]
13:50:42.115 [IPC Server handler 15 on default port 45023] ERROR OMAudit - user=runner | ip=127.0.0.1 | op=READ_BUCKET {volume=tmp, bucket=4bad0b8dd3074cd43f641c2ac22a3571} | ret=FAILURE
org.apache.hadoop.ozone.om.exceptions.OMException: Bucket not found
	at org.apache.hadoop.ozone.om.BucketManagerImpl.getBucketInfo(BucketManagerImpl.java:131) ~[ozone-manager-1.3.0-SNAPSHOT.jar:?]
	at org.apache.hadoop.ozone.om.OzoneManager.getBucketInfo(OzoneManager.java:2780) ~[ozone-manager-1.3.0-SNAPSHOT.jar:?]
	at org.apache.hadoop.ozone.protocolPB.OzoneManagerRequestHandler.infoBucket(OzoneManagerRequestHandler.java:475) ~[ozone-manager-1.3.0-SNAPSHOT.jar:?]
	at org.apache.hadoop.ozone.protocolPB.OzoneManagerRequestHandler.handleReadRequest(OzoneManagerRequestHandler.java:178) ~[ozone-manager-1.3.0-SNAPSHOT.jar:?]
	at org.apache.hadoop.ozone.protocolPB.OzoneManagerProtocolServerSideTranslatorPB.submitReadRequestToOM(OzoneManagerProtocolServerSideTranslatorPB.java:226) ~[ozone-manager-1.3.0-SNAPSHOT.jar:?]
	at org.apache.hadoop.ozone.protocolPB.OzoneManagerProtocolServerSideTranslatorPB.processRequest(OzoneManagerProtocolServerSideTranslatorPB.java:175) ~[ozone-manager-1.3.0-SNAPSHOT.jar:?]
	at org.apache.hadoop.hdds.server.OzoneProtocolMessageDispatcher.processRequest(OzoneProtocolMessageDispatcher.java:87) [hdds-server-framework-1.3.0-SNAPSHOT.jar:?]
	at org.apache.hadoop.ozone.protocolPB.OzoneManagerProtocolServerSideTranslatorPB.submitRequest(OzoneManagerProtocolServerSideTranslatorPB.java:147) [ozone-manager-1.3.0-SNAPSHOT.jar:?]
	at org.apache.hadoop.ozone.protocol.proto.OzoneManagerProtocolProtos$OzoneManagerService$2.callBlockingMethod(OzoneManagerProtocolProtos.java) [ozone-interface-client-1.3.0-SNAPSHOT.jar:?]
	at org.apache.hadoop.ipc.ProtobufRpcEngine$Server.processCall(ProtobufRpcEngine.java:466) [hadoop-common-3.3.1.jar:?]
	at org.apache.hadoop.ipc.ProtobufRpcEngine2$Server$ProtoBufRpcInvoker.call(ProtobufRpcEngine2.java:574) [hadoop-common-3.3.1.jar:?]
	at org.apache.hadoop.ipc.ProtobufRpcEngine2$Server$ProtoBufRpcInvoker.call(ProtobufRpcEngine2.java:552) [hadoop-common-3.3.1.jar:?]
	at org.apache.hadoop.ipc.RPC$Server.call(RPC.java:1093) [hadoop-common-3.3.1.jar:?]
	at org.apache.hadoop.ipc.Server$RpcCall.run(Server.java:1035) [hadoop-common-3.3.1.jar:?]
	at org.apache.hadoop.ipc.Server$RpcCall.run(Server.java:963) [hadoop-common-3.3.1.jar:?]
	at java.security.AccessController.doPrivileged(Native Method) ~[?:1.8.0_332]
	at javax.security.auth.Subject.doAs(Subject.java:422) [?:1.8.0_332]
	at org.apache.hadoop.security.UserGroupInformation.doAs(UserGroupInformation.java:1878) [hadoop-common-3.3.1.jar:?]
	at org.apache.hadoop.ipc.Server$Handler.run(Server.java:2966) [hadoop-common-3.3.1.jar:?]
2022-08-09 13:50:42,115 [Time-limited test] INFO  rpc.RpcClient (RpcClient.java:createBucket(671)) - Creating Bucket: tmp/4bad0b8dd3074cd43f641c2ac22a3571, with bucket layout LEGACY, runner as owner, Versioning false, Storage Type set to DISK and Encryption set to false 
2022-08-09 13:50:42,117 [OM StateMachine ApplyTransaction Thread - 0] INFO  bucket.OMBucketCreateRequest (OMBucketCreateRequest.java:validateAndUpdateCache(260)) - created bucket: 4bad0b8dd3074cd43f641c2ac22a3571 of layout LEGACY in volume: tmp
]]></system-out>
  </testcase>
  <testcase name="testTempMount" classname="TestRootedOzoneFileSystem" time="0.468">
    <system-out><![CDATA[2022-08-09 13:52:06,882 [Time-limited test] INFO  rpc.RpcClient (RpcClient.java:createVolume(468)) - Creating Volume: volume04766, with user87873 as owner and space quota set to -1 bytes, counts quota set to -1
2022-08-09 13:52:06,883 [IPC Server handler 15 on default port 44079] INFO  volume.OMVolumeCreateRequest (OMVolumeCreateRequest.java:validateAndUpdateCache(195)) - created volume:volume04766 for user:user87873
2022-08-09 13:52:06,892 [Time-limited test] INFO  rpc.RpcClient (RpcClient.java:createBucket(671)) - Creating Bucket: volume04766/bucket12563, with bucket layout LEGACY, runner as owner, Versioning false, Storage Type set to DISK and Encryption set to false 
2022-08-09 13:52:06,892 [IPC Server handler 16 on default port 44079] INFO  bucket.OMBucketCreateRequest (OMBucketCreateRequest.java:validateAndUpdateCache(260)) - created bucket: bucket12563 of layout LEGACY in volume: volume04766
2022-08-09 13:52:06,899 [Time-limited test] INFO  rpc.RpcClient (RpcClient.java:createVolume(468)) - Creating Volume: tmp, with runner as owner and space quota set to 9223372036854775807 bytes, counts quota set to 1000
2022-08-09 13:52:06,899 [IPC Server handler 11 on default port 44079] INFO  volume.OMVolumeCreateRequest (OMVolumeCreateRequest.java:validateAndUpdateCache(195)) - created volume:tmp for user:runner
13:52:06.903 [IPC Server handler 8 on default port 44079] ERROR OMAudit - user=runner | ip=127.0.0.1 | op=READ_BUCKET {volume=tmp, bucket=4bad0b8dd3074cd43f641c2ac22a3571} | ret=FAILURE
org.apache.hadoop.ozone.om.exceptions.OMException: Bucket not found
	at org.apache.hadoop.ozone.om.BucketManagerImpl.getBucketInfo(BucketManagerImpl.java:131) ~[ozone-manager-1.3.0-SNAPSHOT.jar:?]
	at org.apache.hadoop.ozone.om.OzoneManager.getBucketInfo(OzoneManager.java:2780) ~[ozone-manager-1.3.0-SNAPSHOT.jar:?]
	at org.apache.hadoop.ozone.protocolPB.OzoneManagerRequestHandler.infoBucket(OzoneManagerRequestHandler.java:475) ~[ozone-manager-1.3.0-SNAPSHOT.jar:?]
	at org.apache.hadoop.ozone.protocolPB.OzoneManagerRequestHandler.handleReadRequest(OzoneManagerRequestHandler.java:178) ~[ozone-manager-1.3.0-SNAPSHOT.jar:?]
	at org.apache.hadoop.ozone.protocolPB.OzoneManagerProtocolServerSideTranslatorPB.submitRequestDirectlyToOM(OzoneManagerProtocolServerSideTranslatorPB.java:276) ~[ozone-manager-1.3.0-SNAPSHOT.jar:?]
	at org.apache.hadoop.ozone.protocolPB.OzoneManagerProtocolServerSideTranslatorPB.processRequest(OzoneManagerProtocolServerSideTranslatorPB.java:205) ~[ozone-manager-1.3.0-SNAPSHOT.jar:?]
	at org.apache.hadoop.hdds.server.OzoneProtocolMessageDispatcher.processRequest(OzoneProtocolMessageDispatcher.java:87) [hdds-server-framework-1.3.0-SNAPSHOT.jar:?]
	at org.apache.hadoop.ozone.protocolPB.OzoneManagerProtocolServerSideTranslatorPB.submitRequest(OzoneManagerProtocolServerSideTranslatorPB.java:147) [ozone-manager-1.3.0-SNAPSHOT.jar:?]
	at org.apache.hadoop.ozone.protocol.proto.OzoneManagerProtocolProtos$OzoneManagerService$2.callBlockingMethod(OzoneManagerProtocolProtos.java) [ozone-interface-client-1.3.0-SNAPSHOT.jar:?]
	at org.apache.hadoop.ipc.ProtobufRpcEngine$Server.processCall(ProtobufRpcEngine.java:466) [hadoop-common-3.3.1.jar:?]
	at org.apache.hadoop.ipc.ProtobufRpcEngine2$Server$ProtoBufRpcInvoker.call(ProtobufRpcEngine2.java:574) [hadoop-common-3.3.1.jar:?]
	at org.apache.hadoop.ipc.ProtobufRpcEngine2$Server$ProtoBufRpcInvoker.call(ProtobufRpcEngine2.java:552) [hadoop-common-3.3.1.jar:?]
	at org.apache.hadoop.ipc.RPC$Server.call(RPC.java:1093) [hadoop-common-3.3.1.jar:?]
	at org.apache.hadoop.ipc.Server$RpcCall.run(Server.java:1035) [hadoop-common-3.3.1.jar:?]
	at org.apache.hadoop.ipc.Server$RpcCall.run(Server.java:963) [hadoop-common-3.3.1.jar:?]
	at java.security.AccessController.doPrivileged(Native Method) ~[?:1.8.0_332]
	at javax.security.auth.Subject.doAs(Subject.java:422) [?:1.8.0_332]
	at org.apache.hadoop.security.UserGroupInformation.doAs(UserGroupInformation.java:1878) [hadoop-common-3.3.1.jar:?]
	at org.apache.hadoop.ipc.Server$Handler.run(Server.java:2966) [hadoop-common-3.3.1.jar:?]
13:52:06.903 [IPC Server handler 9 on default port 44079] ERROR OMAudit - user=runner | ip=127.0.0.1 | op=READ_BUCKET {volume=tmp, bucket=4bad0b8dd3074cd43f641c2ac22a3571} | ret=FAILURE
org.apache.hadoop.ozone.om.exceptions.OMException: Bucket not found
	at org.apache.hadoop.ozone.om.BucketManagerImpl.getBucketInfo(BucketManagerImpl.java:131) ~[ozone-manager-1.3.0-SNAPSHOT.jar:?]
	at org.apache.hadoop.ozone.om.OzoneManager.getBucketInfo(OzoneManager.java:2780) ~[ozone-manager-1.3.0-SNAPSHOT.jar:?]
	at org.apache.hadoop.ozone.protocolPB.OzoneManagerRequestHandler.infoBucket(OzoneManagerRequestHandler.java:475) ~[ozone-manager-1.3.0-SNAPSHOT.jar:?]
	at org.apache.hadoop.ozone.protocolPB.OzoneManagerRequestHandler.handleReadRequest(OzoneManagerRequestHandler.java:178) ~[ozone-manager-1.3.0-SNAPSHOT.jar:?]
	at org.apache.hadoop.ozone.protocolPB.OzoneManagerProtocolServerSideTranslatorPB.submitRequestDirectlyToOM(OzoneManagerProtocolServerSideTranslatorPB.java:276) ~[ozone-manager-1.3.0-SNAPSHOT.jar:?]
	at org.apache.hadoop.ozone.protocolPB.OzoneManagerProtocolServerSideTranslatorPB.processRequest(OzoneManagerProtocolServerSideTranslatorPB.java:205) ~[ozone-manager-1.3.0-SNAPSHOT.jar:?]
	at org.apache.hadoop.hdds.server.OzoneProtocolMessageDispatcher.processRequest(OzoneProtocolMessageDispatcher.java:87) [hdds-server-framework-1.3.0-SNAPSHOT.jar:?]
	at org.apache.hadoop.ozone.protocolPB.OzoneManagerProtocolServerSideTranslatorPB.submitRequest(OzoneManagerProtocolServerSideTranslatorPB.java:147) [ozone-manager-1.3.0-SNAPSHOT.jar:?]
	at org.apache.hadoop.ozone.protocol.proto.OzoneManagerProtocolProtos$OzoneManagerService$2.callBlockingMethod(OzoneManagerProtocolProtos.java) [ozone-interface-client-1.3.0-SNAPSHOT.jar:?]
	at org.apache.hadoop.ipc.ProtobufRpcEngine$Server.processCall(ProtobufRpcEngine.java:466) [hadoop-common-3.3.1.jar:?]
	at org.apache.hadoop.ipc.ProtobufRpcEngine2$Server$ProtoBufRpcInvoker.call(ProtobufRpcEngine2.java:574) [hadoop-common-3.3.1.jar:?]
	at org.apache.hadoop.ipc.ProtobufRpcEngine2$Server$ProtoBufRpcInvoker.call(ProtobufRpcEngine2.java:552) [hadoop-common-3.3.1.jar:?]
	at org.apache.hadoop.ipc.RPC$Server.call(RPC.java:1093) [hadoop-common-3.3.1.jar:?]
	at org.apache.hadoop.ipc.Server$RpcCall.run(Server.java:1035) [hadoop-common-3.3.1.jar:?]
	at org.apache.hadoop.ipc.Server$RpcCall.run(Server.java:963) [hadoop-common-3.3.1.jar:?]
	at java.security.AccessController.doPrivileged(Native Method) ~[?:1.8.0_332]
	at javax.security.auth.Subject.doAs(Subject.java:422) [?:1.8.0_332]
	at org.apache.hadoop.security.UserGroupInformation.doAs(UserGroupInformation.java:1878) [hadoop-common-3.3.1.jar:?]
	at org.apache.hadoop.ipc.Server$Handler.run(Server.java:2966) [hadoop-common-3.3.1.jar:?]
2022-08-09 13:52:06,909 [Time-limited test] INFO  rpc.RpcClient (RpcClient.java:createBucket(671)) - Creating Bucket: tmp/4bad0b8dd3074cd43f641c2ac22a3571, with bucket layout LEGACY, runner as owner, Versioning false, Storage Type set to DISK and Encryption set to false 
2022-08-09 13:52:06,919 [IPC Server handler 5 on default port 44079] INFO  bucket.OMBucketCreateRequest (OMBucketCreateRequest.java:validateAndUpdateCache(260)) - created bucket: 4bad0b8dd3074cd43f641c2ac22a3571 of layout LEGACY in volume: tmp
]]></system-out>
  </testcase>
  <testcase name="testListStatusRootAndVolumeNonRecursive" classname="TestRootedOzoneFileSystem" time="0.321">
    <system-out><![CDATA[2022-08-09 13:47:15,780 [Time-limited test] INFO  rpc.RpcClient (RpcClient.java:createVolume(468)) - Creating Volume: volume07662, with user10054 as owner and space quota set to -1 bytes, counts quota set to -1
2022-08-09 13:47:15,783 [OM StateMachine ApplyTransaction Thread - 0] INFO  volume.OMVolumeCreateRequest (OMVolumeCreateRequest.java:validateAndUpdateCache(195)) - created volume:volume07662 for user:user10054
2022-08-09 13:47:15,787 [Time-limited test] INFO  rpc.RpcClient (RpcClient.java:createBucket(671)) - Creating Bucket: volume07662/bucket72319, with bucket layout LEGACY, runner as owner, Versioning false, Storage Type set to DISK and Encryption set to false 
2022-08-09 13:47:15,789 [OM StateMachine ApplyTransaction Thread - 0] INFO  bucket.OMBucketCreateRequest (OMBucketCreateRequest.java:validateAndUpdateCache(260)) - created bucket: bucket72319 of layout LEGACY in volume: volume07662
2022-08-09 13:47:15,793 [Time-limited test] INFO  rpc.RpcClient (RpcClient.java:createVolume(468)) - Creating Volume: volume-81191, with runner as owner and space quota set to -1 bytes, counts quota set to -1
2022-08-09 13:47:15,797 [OM StateMachine ApplyTransaction Thread - 0] INFO  volume.OMVolumeCreateRequest (OMVolumeCreateRequest.java:validateAndUpdateCache(195)) - created volume:volume-81191 for user:runner
2022-08-09 13:47:15,799 [Time-limited test] INFO  rpc.RpcClient (RpcClient.java:createBucket(671)) - Creating Bucket: volume-81191/bucket-68305, with bucket layout LEGACY, runner as owner, Versioning false, Storage Type set to DISK and Encryption set to false 
2022-08-09 13:47:15,804 [OM StateMachine ApplyTransaction Thread - 0] INFO  bucket.OMBucketCreateRequest (OMBucketCreateRequest.java:validateAndUpdateCache(260)) - created bucket: bucket-68305 of layout LEGACY in volume: volume-81191
2022-08-09 13:47:15,887 [Time-limited test] INFO  rpc.RpcClient (RpcClient.java:createVolume(468)) - Creating Volume: volume-92302, with runner as owner and space quota set to -1 bytes, counts quota set to -1
2022-08-09 13:47:15,889 [OM StateMachine ApplyTransaction Thread - 0] INFO  volume.OMVolumeCreateRequest (OMVolumeCreateRequest.java:validateAndUpdateCache(195)) - created volume:volume-92302 for user:runner
2022-08-09 13:47:15,891 [Time-limited test] INFO  rpc.RpcClient (RpcClient.java:createBucket(671)) - Creating Bucket: volume-92302/bucket-94548, with bucket layout LEGACY, runner as owner, Versioning false, Storage Type set to DISK and Encryption set to false 
2022-08-09 13:47:15,893 [OM StateMachine ApplyTransaction Thread - 0] INFO  bucket.OMBucketCreateRequest (OMBucketCreateRequest.java:validateAndUpdateCache(260)) - created bucket: bucket-94548 of layout LEGACY in volume: volume-92302
]]></system-out>
  </testcase>
  <testcase name="testListStatusRootAndVolumeNonRecursive" classname="TestRootedOzoneFileSystem" time="0.455">
    <system-out><![CDATA[2022-08-09 13:48:20,250 [Time-limited test] INFO  rpc.RpcClient (RpcClient.java:createVolume(468)) - Creating Volume: volume16952, with user69014 as owner and space quota set to -1 bytes, counts quota set to -1
2022-08-09 13:48:20,253 [OM StateMachine ApplyTransaction Thread - 0] INFO  volume.OMVolumeCreateRequest (OMVolumeCreateRequest.java:validateAndUpdateCache(195)) - created volume:volume16952 for user:user69014
2022-08-09 13:48:20,256 [Time-limited test] INFO  rpc.RpcClient (RpcClient.java:createBucket(671)) - Creating Bucket: volume16952/bucket91137, with bucket layout LEGACY, runner as owner, Versioning false, Storage Type set to DISK and Encryption set to false 
2022-08-09 13:48:20,258 [OM StateMachine ApplyTransaction Thread - 0] INFO  bucket.OMBucketCreateRequest (OMBucketCreateRequest.java:validateAndUpdateCache(260)) - created bucket: bucket91137 of layout LEGACY in volume: volume16952
13:48:20.260 [IPC Server handler 11 on default port 34619] ERROR OMAudit - user=runner | ip=127.0.0.1 | op=READ_BUCKET {volume=volume-19198, bucket=bucket-21720} | ret=FAILURE
org.apache.hadoop.ozone.om.exceptions.OMException: Volume not found when getting bucket info
	at org.apache.hadoop.ozone.om.BucketManagerImpl.getBucketInfo(BucketManagerImpl.java:127) ~[ozone-manager-1.3.0-SNAPSHOT.jar:?]
	at org.apache.hadoop.ozone.om.OzoneManager.getBucketInfo(OzoneManager.java:2780) ~[ozone-manager-1.3.0-SNAPSHOT.jar:?]
	at org.apache.hadoop.ozone.protocolPB.OzoneManagerRequestHandler.infoBucket(OzoneManagerRequestHandler.java:475) ~[ozone-manager-1.3.0-SNAPSHOT.jar:?]
	at org.apache.hadoop.ozone.protocolPB.OzoneManagerRequestHandler.handleReadRequest(OzoneManagerRequestHandler.java:178) ~[ozone-manager-1.3.0-SNAPSHOT.jar:?]
	at org.apache.hadoop.ozone.protocolPB.OzoneManagerProtocolServerSideTranslatorPB.submitReadRequestToOM(OzoneManagerProtocolServerSideTranslatorPB.java:226) ~[ozone-manager-1.3.0-SNAPSHOT.jar:?]
	at org.apache.hadoop.ozone.protocolPB.OzoneManagerProtocolServerSideTranslatorPB.processRequest(OzoneManagerProtocolServerSideTranslatorPB.java:175) ~[ozone-manager-1.3.0-SNAPSHOT.jar:?]
	at org.apache.hadoop.hdds.server.OzoneProtocolMessageDispatcher.processRequest(OzoneProtocolMessageDispatcher.java:87) [hdds-server-framework-1.3.0-SNAPSHOT.jar:?]
	at org.apache.hadoop.ozone.protocolPB.OzoneManagerProtocolServerSideTranslatorPB.submitRequest(OzoneManagerProtocolServerSideTranslatorPB.java:147) [ozone-manager-1.3.0-SNAPSHOT.jar:?]
	at org.apache.hadoop.ozone.protocol.proto.OzoneManagerProtocolProtos$OzoneManagerService$2.callBlockingMethod(OzoneManagerProtocolProtos.java) [ozone-interface-client-1.3.0-SNAPSHOT.jar:?]
	at org.apache.hadoop.ipc.ProtobufRpcEngine$Server.processCall(ProtobufRpcEngine.java:466) [hadoop-common-3.3.1.jar:?]
	at org.apache.hadoop.ipc.ProtobufRpcEngine2$Server$ProtoBufRpcInvoker.call(ProtobufRpcEngine2.java:574) [hadoop-common-3.3.1.jar:?]
	at org.apache.hadoop.ipc.ProtobufRpcEngine2$Server$ProtoBufRpcInvoker.call(ProtobufRpcEngine2.java:552) [hadoop-common-3.3.1.jar:?]
	at org.apache.hadoop.ipc.RPC$Server.call(RPC.java:1093) [hadoop-common-3.3.1.jar:?]
	at org.apache.hadoop.ipc.Server$RpcCall.run(Server.java:1035) [hadoop-common-3.3.1.jar:?]
	at org.apache.hadoop.ipc.Server$RpcCall.run(Server.java:963) [hadoop-common-3.3.1.jar:?]
	at java.security.AccessController.doPrivileged(Native Method) ~[?:1.8.0_332]
	at javax.security.auth.Subject.doAs(Subject.java:422) [?:1.8.0_332]
	at org.apache.hadoop.security.UserGroupInformation.doAs(UserGroupInformation.java:1878) [hadoop-common-3.3.1.jar:?]
	at org.apache.hadoop.ipc.Server$Handler.run(Server.java:2966) [hadoop-common-3.3.1.jar:?]
2022-08-09 13:48:20,261 [Time-limited test] INFO  rpc.RpcClient (RpcClient.java:createVolume(468)) - Creating Volume: volume-19198, with runner as owner and space quota set to -1 bytes, counts quota set to -1
2022-08-09 13:48:20,262 [OM StateMachine ApplyTransaction Thread - 0] INFO  volume.OMVolumeCreateRequest (OMVolumeCreateRequest.java:validateAndUpdateCache(195)) - created volume:volume-19198 for user:runner
2022-08-09 13:48:20,263 [Time-limited test] INFO  rpc.RpcClient (RpcClient.java:createBucket(671)) - Creating Bucket: volume-19198/bucket-21720, with bucket layout LEGACY, runner as owner, Versioning false, Storage Type set to DISK and Encryption set to false 
2022-08-09 13:48:20,264 [OM StateMachine ApplyTransaction Thread - 0] INFO  bucket.OMBucketCreateRequest (OMBucketCreateRequest.java:validateAndUpdateCache(260)) - created bucket: bucket-21720 of layout LEGACY in volume: volume-19198
13:48:20.441 [IPC Server handler 0 on default port 34619] ERROR OMAudit - user=runner | ip=127.0.0.1 | op=READ_BUCKET {volume=volume-39385, bucket=bucket-80458} | ret=FAILURE
org.apache.hadoop.ozone.om.exceptions.OMException: Volume not found when getting bucket info
	at org.apache.hadoop.ozone.om.BucketManagerImpl.getBucketInfo(BucketManagerImpl.java:127) ~[ozone-manager-1.3.0-SNAPSHOT.jar:?]
	at org.apache.hadoop.ozone.om.OzoneManager.getBucketInfo(OzoneManager.java:2780) ~[ozone-manager-1.3.0-SNAPSHOT.jar:?]
	at org.apache.hadoop.ozone.protocolPB.OzoneManagerRequestHandler.infoBucket(OzoneManagerRequestHandler.java:475) ~[ozone-manager-1.3.0-SNAPSHOT.jar:?]
	at org.apache.hadoop.ozone.protocolPB.OzoneManagerRequestHandler.handleReadRequest(OzoneManagerRequestHandler.java:178) ~[ozone-manager-1.3.0-SNAPSHOT.jar:?]
	at org.apache.hadoop.ozone.protocolPB.OzoneManagerProtocolServerSideTranslatorPB.submitReadRequestToOM(OzoneManagerProtocolServerSideTranslatorPB.java:226) ~[ozone-manager-1.3.0-SNAPSHOT.jar:?]
	at org.apache.hadoop.ozone.protocolPB.OzoneManagerProtocolServerSideTranslatorPB.processRequest(OzoneManagerProtocolServerSideTranslatorPB.java:175) ~[ozone-manager-1.3.0-SNAPSHOT.jar:?]
	at org.apache.hadoop.hdds.server.OzoneProtocolMessageDispatcher.processRequest(OzoneProtocolMessageDispatcher.java:87) [hdds-server-framework-1.3.0-SNAPSHOT.jar:?]
	at org.apache.hadoop.ozone.protocolPB.OzoneManagerProtocolServerSideTranslatorPB.submitRequest(OzoneManagerProtocolServerSideTranslatorPB.java:147) [ozone-manager-1.3.0-SNAPSHOT.jar:?]
	at org.apache.hadoop.ozone.protocol.proto.OzoneManagerProtocolProtos$OzoneManagerService$2.callBlockingMethod(OzoneManagerProtocolProtos.java) [ozone-interface-client-1.3.0-SNAPSHOT.jar:?]
	at org.apache.hadoop.ipc.ProtobufRpcEngine$Server.processCall(ProtobufRpcEngine.java:466) [hadoop-common-3.3.1.jar:?]
	at org.apache.hadoop.ipc.ProtobufRpcEngine2$Server$ProtoBufRpcInvoker.call(ProtobufRpcEngine2.java:574) [hadoop-common-3.3.1.jar:?]
	at org.apache.hadoop.ipc.ProtobufRpcEngine2$Server$ProtoBufRpcInvoker.call(ProtobufRpcEngine2.java:552) [hadoop-common-3.3.1.jar:?]
	at org.apache.hadoop.ipc.RPC$Server.call(RPC.java:1093) [hadoop-common-3.3.1.jar:?]
	at org.apache.hadoop.ipc.Server$RpcCall.run(Server.java:1035) [hadoop-common-3.3.1.jar:?]
	at org.apache.hadoop.ipc.Server$RpcCall.run(Server.java:963) [hadoop-common-3.3.1.jar:?]
	at java.security.AccessController.doPrivileged(Native Method) ~[?:1.8.0_332]
	at javax.security.auth.Subject.doAs(Subject.java:422) [?:1.8.0_332]
	at org.apache.hadoop.security.UserGroupInformation.doAs(UserGroupInformation.java:1878) [hadoop-common-3.3.1.jar:?]
	at org.apache.hadoop.ipc.Server$Handler.run(Server.java:2966) [hadoop-common-3.3.1.jar:?]
2022-08-09 13:48:20,442 [Time-limited test] INFO  rpc.RpcClient (RpcClient.java:createVolume(468)) - Creating Volume: volume-39385, with runner as owner and space quota set to -1 bytes, counts quota set to -1
2022-08-09 13:48:20,443 [OM StateMachine ApplyTransaction Thread - 0] INFO  volume.OMVolumeCreateRequest (OMVolumeCreateRequest.java:validateAndUpdateCache(195)) - created volume:volume-39385 for user:runner
2022-08-09 13:48:20,444 [Time-limited test] INFO  rpc.RpcClient (RpcClient.java:createBucket(671)) - Creating Bucket: volume-39385/bucket-80458, with bucket layout LEGACY, runner as owner, Versioning false, Storage Type set to DISK and Encryption set to false 
2022-08-09 13:48:20,446 [OM StateMachine ApplyTransaction Thread - 0] INFO  bucket.OMBucketCreateRequest (OMBucketCreateRequest.java:validateAndUpdateCache(260)) - created bucket: bucket-80458 of layout LEGACY in volume: volume-39385
]]></system-out>
  </testcase>
  <testcase name="testListStatusRootAndVolumeNonRecursive" classname="TestRootedOzoneFileSystem" time="0.592">
    <system-out><![CDATA[2022-08-09 13:49:26,270 [Time-limited test] INFO  rpc.RpcClient (RpcClient.java:createVolume(468)) - Creating Volume: volume47715, with user36509 as owner and space quota set to -1 bytes, counts quota set to -1
2022-08-09 13:49:26,270 [IPC Server handler 0 on default port 42643] INFO  volume.OMVolumeCreateRequest (OMVolumeCreateRequest.java:validateAndUpdateCache(195)) - created volume:volume47715 for user:user36509
2022-08-09 13:49:26,275 [Time-limited test] INFO  rpc.RpcClient (RpcClient.java:createBucket(671)) - Creating Bucket: volume47715/bucket87543, with bucket layout LEGACY, runner as owner, Versioning false, Storage Type set to DISK and Encryption set to false 
2022-08-09 13:49:26,276 [IPC Server handler 3 on default port 42643] INFO  bucket.OMBucketCreateRequest (OMBucketCreateRequest.java:validateAndUpdateCache(260)) - created bucket: bucket87543 of layout LEGACY in volume: volume47715
13:49:26.277 [IPC Server handler 7 on default port 42643] ERROR OMAudit - user=runner | ip=127.0.0.1 | op=READ_BUCKET {volume=volume-39711, bucket=bucket-56249} | ret=FAILURE
org.apache.hadoop.ozone.om.exceptions.OMException: Volume not found when getting bucket info
	at org.apache.hadoop.ozone.om.BucketManagerImpl.getBucketInfo(BucketManagerImpl.java:127) ~[ozone-manager-1.3.0-SNAPSHOT.jar:?]
	at org.apache.hadoop.ozone.om.OzoneManager.getBucketInfo(OzoneManager.java:2780) ~[ozone-manager-1.3.0-SNAPSHOT.jar:?]
	at org.apache.hadoop.ozone.protocolPB.OzoneManagerRequestHandler.infoBucket(OzoneManagerRequestHandler.java:475) ~[ozone-manager-1.3.0-SNAPSHOT.jar:?]
	at org.apache.hadoop.ozone.protocolPB.OzoneManagerRequestHandler.handleReadRequest(OzoneManagerRequestHandler.java:178) ~[ozone-manager-1.3.0-SNAPSHOT.jar:?]
	at org.apache.hadoop.ozone.protocolPB.OzoneManagerProtocolServerSideTranslatorPB.submitRequestDirectlyToOM(OzoneManagerProtocolServerSideTranslatorPB.java:276) ~[ozone-manager-1.3.0-SNAPSHOT.jar:?]
	at org.apache.hadoop.ozone.protocolPB.OzoneManagerProtocolServerSideTranslatorPB.processRequest(OzoneManagerProtocolServerSideTranslatorPB.java:205) ~[ozone-manager-1.3.0-SNAPSHOT.jar:?]
	at org.apache.hadoop.hdds.server.OzoneProtocolMessageDispatcher.processRequest(OzoneProtocolMessageDispatcher.java:87) [hdds-server-framework-1.3.0-SNAPSHOT.jar:?]
	at org.apache.hadoop.ozone.protocolPB.OzoneManagerProtocolServerSideTranslatorPB.submitRequest(OzoneManagerProtocolServerSideTranslatorPB.java:147) [ozone-manager-1.3.0-SNAPSHOT.jar:?]
	at org.apache.hadoop.ozone.protocol.proto.OzoneManagerProtocolProtos$OzoneManagerService$2.callBlockingMethod(OzoneManagerProtocolProtos.java) [ozone-interface-client-1.3.0-SNAPSHOT.jar:?]
	at org.apache.hadoop.ipc.ProtobufRpcEngine$Server.processCall(ProtobufRpcEngine.java:466) [hadoop-common-3.3.1.jar:?]
	at org.apache.hadoop.ipc.ProtobufRpcEngine2$Server$ProtoBufRpcInvoker.call(ProtobufRpcEngine2.java:574) [hadoop-common-3.3.1.jar:?]
	at org.apache.hadoop.ipc.ProtobufRpcEngine2$Server$ProtoBufRpcInvoker.call(ProtobufRpcEngine2.java:552) [hadoop-common-3.3.1.jar:?]
	at org.apache.hadoop.ipc.RPC$Server.call(RPC.java:1093) [hadoop-common-3.3.1.jar:?]
	at org.apache.hadoop.ipc.Server$RpcCall.run(Server.java:1035) [hadoop-common-3.3.1.jar:?]
	at org.apache.hadoop.ipc.Server$RpcCall.run(Server.java:963) [hadoop-common-3.3.1.jar:?]
	at java.security.AccessController.doPrivileged(Native Method) ~[?:1.8.0_332]
	at javax.security.auth.Subject.doAs(Subject.java:422) [?:1.8.0_332]
	at org.apache.hadoop.security.UserGroupInformation.doAs(UserGroupInformation.java:1878) [hadoop-common-3.3.1.jar:?]
	at org.apache.hadoop.ipc.Server$Handler.run(Server.java:2966) [hadoop-common-3.3.1.jar:?]
2022-08-09 13:49:26,278 [Time-limited test] INFO  rpc.RpcClient (RpcClient.java:createVolume(468)) - Creating Volume: volume-39711, with runner as owner and space quota set to -1 bytes, counts quota set to -1
2022-08-09 13:49:26,278 [IPC Server handler 5 on default port 42643] INFO  volume.OMVolumeCreateRequest (OMVolumeCreateRequest.java:validateAndUpdateCache(195)) - created volume:volume-39711 for user:runner
2022-08-09 13:49:26,279 [Time-limited test] INFO  rpc.RpcClient (RpcClient.java:createBucket(671)) - Creating Bucket: volume-39711/bucket-56249, with bucket layout LEGACY, runner as owner, Versioning false, Storage Type set to DISK and Encryption set to false 
2022-08-09 13:49:26,279 [IPC Server handler 18 on default port 42643] INFO  bucket.OMBucketCreateRequest (OMBucketCreateRequest.java:validateAndUpdateCache(260)) - created bucket: bucket-56249 of layout LEGACY in volume: volume-39711
2022-08-09 13:49:26,350 [OverReplicatedQueueThreadThread] INFO  replication.OverReplicatedProcessor (OverReplicatedProcessor.java:processAll(83)) - Processed 0 over replicated containers, failed processing 0
2022-08-09 13:49:26,351 [UnderReplicatedQueueThreadThread] INFO  replication.UnderReplicatedProcessor (UnderReplicatedProcessor.java:processAll(85)) - Processed 0 under replicated containers, failed processing 0
13:49:26.473 [IPC Server handler 2 on default port 42643] ERROR OMAudit - user=runner | ip=127.0.0.1 | op=READ_BUCKET {volume=volume-33736, bucket=bucket-66272} | ret=FAILURE
org.apache.hadoop.ozone.om.exceptions.OMException: Volume not found when getting bucket info
	at org.apache.hadoop.ozone.om.BucketManagerImpl.getBucketInfo(BucketManagerImpl.java:127) ~[ozone-manager-1.3.0-SNAPSHOT.jar:?]
	at org.apache.hadoop.ozone.om.OzoneManager.getBucketInfo(OzoneManager.java:2780) ~[ozone-manager-1.3.0-SNAPSHOT.jar:?]
	at org.apache.hadoop.ozone.protocolPB.OzoneManagerRequestHandler.infoBucket(OzoneManagerRequestHandler.java:475) ~[ozone-manager-1.3.0-SNAPSHOT.jar:?]
	at org.apache.hadoop.ozone.protocolPB.OzoneManagerRequestHandler.handleReadRequest(OzoneManagerRequestHandler.java:178) ~[ozone-manager-1.3.0-SNAPSHOT.jar:?]
	at org.apache.hadoop.ozone.protocolPB.OzoneManagerProtocolServerSideTranslatorPB.submitRequestDirectlyToOM(OzoneManagerProtocolServerSideTranslatorPB.java:276) ~[ozone-manager-1.3.0-SNAPSHOT.jar:?]
	at org.apache.hadoop.ozone.protocolPB.OzoneManagerProtocolServerSideTranslatorPB.processRequest(OzoneManagerProtocolServerSideTranslatorPB.java:205) ~[ozone-manager-1.3.0-SNAPSHOT.jar:?]
	at org.apache.hadoop.hdds.server.OzoneProtocolMessageDispatcher.processRequest(OzoneProtocolMessageDispatcher.java:87) [hdds-server-framework-1.3.0-SNAPSHOT.jar:?]
	at org.apache.hadoop.ozone.protocolPB.OzoneManagerProtocolServerSideTranslatorPB.submitRequest(OzoneManagerProtocolServerSideTranslatorPB.java:147) [ozone-manager-1.3.0-SNAPSHOT.jar:?]
	at org.apache.hadoop.ozone.protocol.proto.OzoneManagerProtocolProtos$OzoneManagerService$2.callBlockingMethod(OzoneManagerProtocolProtos.java) [ozone-interface-client-1.3.0-SNAPSHOT.jar:?]
	at org.apache.hadoop.ipc.ProtobufRpcEngine$Server.processCall(ProtobufRpcEngine.java:466) [hadoop-common-3.3.1.jar:?]
	at org.apache.hadoop.ipc.ProtobufRpcEngine2$Server$ProtoBufRpcInvoker.call(ProtobufRpcEngine2.java:574) [hadoop-common-3.3.1.jar:?]
	at org.apache.hadoop.ipc.ProtobufRpcEngine2$Server$ProtoBufRpcInvoker.call(ProtobufRpcEngine2.java:552) [hadoop-common-3.3.1.jar:?]
	at org.apache.hadoop.ipc.RPC$Server.call(RPC.java:1093) [hadoop-common-3.3.1.jar:?]
	at org.apache.hadoop.ipc.Server$RpcCall.run(Server.java:1035) [hadoop-common-3.3.1.jar:?]
	at org.apache.hadoop.ipc.Server$RpcCall.run(Server.java:963) [hadoop-common-3.3.1.jar:?]
	at java.security.AccessController.doPrivileged(Native Method) ~[?:1.8.0_332]
	at javax.security.auth.Subject.doAs(Subject.java:422) [?:1.8.0_332]
	at org.apache.hadoop.security.UserGroupInformation.doAs(UserGroupInformation.java:1878) [hadoop-common-3.3.1.jar:?]
	at org.apache.hadoop.ipc.Server$Handler.run(Server.java:2966) [hadoop-common-3.3.1.jar:?]
2022-08-09 13:49:26,473 [Time-limited test] INFO  rpc.RpcClient (RpcClient.java:createVolume(468)) - Creating Volume: volume-33736, with runner as owner and space quota set to -1 bytes, counts quota set to -1
2022-08-09 13:49:26,474 [IPC Server handler 0 on default port 42643] INFO  volume.OMVolumeCreateRequest (OMVolumeCreateRequest.java:validateAndUpdateCache(195)) - created volume:volume-33736 for user:runner
2022-08-09 13:49:26,475 [Time-limited test] INFO  rpc.RpcClient (RpcClient.java:createBucket(671)) - Creating Bucket: volume-33736/bucket-66272, with bucket layout LEGACY, runner as owner, Versioning false, Storage Type set to DISK and Encryption set to false 
2022-08-09 13:49:26,476 [IPC Server handler 3 on default port 42643] INFO  bucket.OMBucketCreateRequest (OMBucketCreateRequest.java:validateAndUpdateCache(260)) - created bucket: bucket-66272 of layout LEGACY in volume: volume-33736
2022-08-09 13:49:26,517 [38e181f0-6c08-490a-960d-0a972fca2357@group-99AF818A252A-FollowerState] INFO  impl.FollowerState (FollowerState.java:run(143)) - 38e181f0-6c08-490a-960d-0a972fca2357@group-99AF818A252A-FollowerState: change to CANDIDATE, lastRpcElapsedTime:5186663076ns, electionTimeout:5152ms
2022-08-09 13:49:26,517 [38e181f0-6c08-490a-960d-0a972fca2357@group-99AF818A252A-FollowerState] INFO  impl.RoleInfo (RoleInfo.java:shutdownFollowerState(110)) - 38e181f0-6c08-490a-960d-0a972fca2357: shutdown 38e181f0-6c08-490a-960d-0a972fca2357@group-99AF818A252A-FollowerState
2022-08-09 13:49:26,517 [38e181f0-6c08-490a-960d-0a972fca2357@group-99AF818A252A-FollowerState] INFO  server.RaftServer$Division (RaftServerImpl.java:setRole(299)) - 38e181f0-6c08-490a-960d-0a972fca2357@group-99AF818A252A: changes role from  FOLLOWER to CANDIDATE at term 0 for changeToCandidate
2022-08-09 13:49:26,518 [38e181f0-6c08-490a-960d-0a972fca2357@group-99AF818A252A-FollowerState] INFO  server.RaftServerConfigKeys (ConfUtils.java:logGet(46)) - raft.server.leaderelection.pre-vote = false (custom)
2022-08-09 13:49:26,518 [38e181f0-6c08-490a-960d-0a972fca2357@group-99AF818A252A-FollowerState] INFO  impl.RoleInfo (RoleInfo.java:updateAndGet(139)) - 38e181f0-6c08-490a-960d-0a972fca2357: start 38e181f0-6c08-490a-960d-0a972fca2357@group-99AF818A252A-LeaderElection32
2022-08-09 13:49:26,611 [38e181f0-6c08-490a-960d-0a972fca2357@group-99AF818A252A-LeaderElection32] INFO  impl.LeaderElection (LeaderElection.java:askForVotes(310)) - 38e181f0-6c08-490a-960d-0a972fca2357@group-99AF818A252A-LeaderElection32 ELECTION round 0: submit vote requests at term 1 for -1: [38e181f0-6c08-490a-960d-0a972fca2357|rpc:10.1.0.19:45429|priority:1], old=null
2022-08-09 13:49:26,611 [38e181f0-6c08-490a-960d-0a972fca2357@group-99AF818A252A-LeaderElection32] INFO  impl.LeaderElection (LeaderElection.java:askForVotes(312)) - 38e181f0-6c08-490a-960d-0a972fca2357@group-99AF818A252A-LeaderElection32 ELECTION round 0: result PASSED (term=1)
2022-08-09 13:49:26,611 [38e181f0-6c08-490a-960d-0a972fca2357@group-99AF818A252A-LeaderElection32] INFO  impl.RoleInfo (RoleInfo.java:shutdownLeaderElection(130)) - 38e181f0-6c08-490a-960d-0a972fca2357: shutdown 38e181f0-6c08-490a-960d-0a972fca2357@group-99AF818A252A-LeaderElection32
2022-08-09 13:49:26,611 [38e181f0-6c08-490a-960d-0a972fca2357@group-99AF818A252A-LeaderElection32] INFO  server.RaftServer$Division (RaftServerImpl.java:setRole(299)) - 38e181f0-6c08-490a-960d-0a972fca2357@group-99AF818A252A: changes role from CANDIDATE to LEADER at term 1 for changeToLeader
2022-08-09 13:49:26,611 [38e181f0-6c08-490a-960d-0a972fca2357@group-99AF818A252A-LeaderElection32] INFO  ratis.XceiverServerRatis (XceiverServerRatis.java:handleLeaderChangedNotification(863)) - Leader change notification received for group: group-99AF818A252A with new leaderId: 38e181f0-6c08-490a-960d-0a972fca2357
2022-08-09 13:49:26,640 [38e181f0-6c08-490a-960d-0a972fca2357@group-99AF818A252A-LeaderElection32] INFO  server.RaftServer$Division (ServerState.java:setLeader(287)) - 38e181f0-6c08-490a-960d-0a972fca2357@group-99AF818A252A: change Leader from null to 38e181f0-6c08-490a-960d-0a972fca2357 at term 1 for becomeLeader, leader elected after 5301ms
2022-08-09 13:49:26,640 [38e181f0-6c08-490a-960d-0a972fca2357@group-99AF818A252A-LeaderElection32] INFO  server.RaftServerConfigKeys (ConfUtils.java:logGet(46)) - raft.server.staging.catchup.gap = 1000 (default)
2022-08-09 13:49:26,640 [38e181f0-6c08-490a-960d-0a972fca2357@group-99AF818A252A-LeaderElection32] INFO  server.RaftServerConfigKeys (ConfUtils.java:logGet(46)) - raft.server.write.element-limit = 1024 (custom)
2022-08-09 13:49:26,640 [38e181f0-6c08-490a-960d-0a972fca2357@group-99AF818A252A-LeaderElection32] INFO  server.RaftServerConfigKeys (ConfUtils.java:logGet(46)) - raft.server.write.byte-limit = 1024 M (=1073741824) (custom)
2022-08-09 13:49:26,640 [38e181f0-6c08-490a-960d-0a972fca2357@group-99AF818A252A-LeaderElection32] INFO  server.RaftServerConfigKeys (ConfUtils.java:logGet(46)) - raft.server.watch.timeout = 180s (custom)
2022-08-09 13:49:26,641 [38e181f0-6c08-490a-960d-0a972fca2357@group-99AF818A252A-LeaderElection32] INFO  server.RaftServerConfigKeys (ConfUtils.java:logGet(46)) - raft.server.watch.timeout.denomination = 1s (default)
2022-08-09 13:49:26,641 [38e181f0-6c08-490a-960d-0a972fca2357@group-99AF818A252A-LeaderElection32] INFO  server.RaftServerConfigKeys (ConfUtils.java:logGet(46)) - raft.server.watch.element-limit = 65536 (default)
2022-08-09 13:49:26,641 [38e181f0-6c08-490a-960d-0a972fca2357@group-99AF818A252A-LeaderElection32] INFO  server.RaftServerConfigKeys (ConfUtils.java:logGet(46)) - raft.server.write.element-limit = 1024 (custom)
2022-08-09 13:49:26,641 [38e181f0-6c08-490a-960d-0a972fca2357@group-99AF818A252A-LeaderElection32] INFO  server.RaftServerConfigKeys (ConfUtils.java:logGet(46)) - raft.server.write.follower.gap.ratio.max = -1.0 (default)
2022-08-09 13:49:26,641 [38e181f0-6c08-490a-960d-0a972fca2357@group-99AF818A252A-LeaderElection32] INFO  impl.RoleInfo (RoleInfo.java:updateAndGet(139)) - 38e181f0-6c08-490a-960d-0a972fca2357: start 38e181f0-6c08-490a-960d-0a972fca2357@group-99AF818A252A-LeaderStateImpl
2022-08-09 13:49:26,641 [38e181f0-6c08-490a-960d-0a972fca2357@group-99AF818A252A-LeaderElection32] INFO  segmented.SegmentedRaftLogWorker (SegmentedRaftLogWorker.java:startLogSegment(425)) - 38e181f0-6c08-490a-960d-0a972fca2357@group-99AF818A252A-SegmentedRaftLogWorker: Starting segment from index:0
2022-08-09 13:49:26,645 [38e181f0-6c08-490a-960d-0a972fca2357@group-99AF818A252A-SegmentedRaftLogWorker] INFO  segmented.SegmentedRaftLogWorker (SegmentedRaftLogWorker.java:execute(629)) - 38e181f0-6c08-490a-960d-0a972fca2357@group-99AF818A252A-SegmentedRaftLogWorker: created new log segment /home/runner/work/ozone/ozone/hadoop-ozone/integration-test/target/test-dir/MiniOzoneClusterImpl-1803e0c7-8320-4379-92ef-724c5694b47b/datanode-3/data/ratis/e23da19d-f639-484f-abc0-99af818a252a/current/log_inprogress_0
2022-08-09 13:49:26,678 [38e181f0-6c08-490a-960d-0a972fca2357@group-99AF818A252A-LeaderElection32] INFO  server.RaftServer$Division (ServerState.java:setRaftConf(393)) - 38e181f0-6c08-490a-960d-0a972fca2357@group-99AF818A252A: set configuration 0: [38e181f0-6c08-490a-960d-0a972fca2357|rpc:10.1.0.19:45429|dataStream:|priority:1], old=null
]]></system-out>
  </testcase>
  <testcase name="testListStatusRootAndVolumeNonRecursive" classname="TestRootedOzoneFileSystem" time="0.867">
    <system-out><![CDATA[2022-08-09 13:50:42,525 [Time-limited test] INFO  rpc.RpcClient (RpcClient.java:createVolume(468)) - Creating Volume: volume82893, with user67770 as owner and space quota set to -1 bytes, counts quota set to -1
2022-08-09 13:50:42,527 [OM StateMachine ApplyTransaction Thread - 0] INFO  volume.OMVolumeCreateRequest (OMVolumeCreateRequest.java:validateAndUpdateCache(195)) - created volume:volume82893 for user:user67770
2022-08-09 13:50:42,536 [Time-limited test] INFO  rpc.RpcClient (RpcClient.java:createBucket(671)) - Creating Bucket: volume82893/bucket14192, with bucket layout LEGACY, runner as owner, Versioning false, Storage Type set to DISK and Encryption set to false 
2022-08-09 13:50:42,538 [OM StateMachine ApplyTransaction Thread - 0] INFO  bucket.OMBucketCreateRequest (OMBucketCreateRequest.java:validateAndUpdateCache(260)) - created bucket: bucket14192 of layout LEGACY in volume: volume82893
13:50:42.539 [IPC Server handler 4 on default port 45023] ERROR OMAudit - user=runner | ip=127.0.0.1 | op=READ_BUCKET {volume=volume-88202, bucket=bucket-62079} | ret=FAILURE
org.apache.hadoop.ozone.om.exceptions.OMException: Volume not found when getting bucket info
	at org.apache.hadoop.ozone.om.BucketManagerImpl.getBucketInfo(BucketManagerImpl.java:127) ~[ozone-manager-1.3.0-SNAPSHOT.jar:?]
	at org.apache.hadoop.ozone.om.OzoneManager.getBucketInfo(OzoneManager.java:2780) ~[ozone-manager-1.3.0-SNAPSHOT.jar:?]
	at org.apache.hadoop.ozone.protocolPB.OzoneManagerRequestHandler.infoBucket(OzoneManagerRequestHandler.java:475) ~[ozone-manager-1.3.0-SNAPSHOT.jar:?]
	at org.apache.hadoop.ozone.protocolPB.OzoneManagerRequestHandler.handleReadRequest(OzoneManagerRequestHandler.java:178) ~[ozone-manager-1.3.0-SNAPSHOT.jar:?]
	at org.apache.hadoop.ozone.protocolPB.OzoneManagerProtocolServerSideTranslatorPB.submitReadRequestToOM(OzoneManagerProtocolServerSideTranslatorPB.java:226) ~[ozone-manager-1.3.0-SNAPSHOT.jar:?]
	at org.apache.hadoop.ozone.protocolPB.OzoneManagerProtocolServerSideTranslatorPB.processRequest(OzoneManagerProtocolServerSideTranslatorPB.java:175) ~[ozone-manager-1.3.0-SNAPSHOT.jar:?]
	at org.apache.hadoop.hdds.server.OzoneProtocolMessageDispatcher.processRequest(OzoneProtocolMessageDispatcher.java:87) [hdds-server-framework-1.3.0-SNAPSHOT.jar:?]
	at org.apache.hadoop.ozone.protocolPB.OzoneManagerProtocolServerSideTranslatorPB.submitRequest(OzoneManagerProtocolServerSideTranslatorPB.java:147) [ozone-manager-1.3.0-SNAPSHOT.jar:?]
	at org.apache.hadoop.ozone.protocol.proto.OzoneManagerProtocolProtos$OzoneManagerService$2.callBlockingMethod(OzoneManagerProtocolProtos.java) [ozone-interface-client-1.3.0-SNAPSHOT.jar:?]
	at org.apache.hadoop.ipc.ProtobufRpcEngine$Server.processCall(ProtobufRpcEngine.java:466) [hadoop-common-3.3.1.jar:?]
	at org.apache.hadoop.ipc.ProtobufRpcEngine2$Server$ProtoBufRpcInvoker.call(ProtobufRpcEngine2.java:574) [hadoop-common-3.3.1.jar:?]
	at org.apache.hadoop.ipc.ProtobufRpcEngine2$Server$ProtoBufRpcInvoker.call(ProtobufRpcEngine2.java:552) [hadoop-common-3.3.1.jar:?]
	at org.apache.hadoop.ipc.RPC$Server.call(RPC.java:1093) [hadoop-common-3.3.1.jar:?]
	at org.apache.hadoop.ipc.Server$RpcCall.run(Server.java:1035) [hadoop-common-3.3.1.jar:?]
	at org.apache.hadoop.ipc.Server$RpcCall.run(Server.java:963) [hadoop-common-3.3.1.jar:?]
	at java.security.AccessController.doPrivileged(Native Method) ~[?:1.8.0_332]
	at javax.security.auth.Subject.doAs(Subject.java:422) [?:1.8.0_332]
	at org.apache.hadoop.security.UserGroupInformation.doAs(UserGroupInformation.java:1878) [hadoop-common-3.3.1.jar:?]
	at org.apache.hadoop.ipc.Server$Handler.run(Server.java:2966) [hadoop-common-3.3.1.jar:?]
2022-08-09 13:50:42,540 [Time-limited test] INFO  rpc.RpcClient (RpcClient.java:createVolume(468)) - Creating Volume: volume-88202, with runner as owner and space quota set to -1 bytes, counts quota set to -1
2022-08-09 13:50:42,541 [OM StateMachine ApplyTransaction Thread - 0] INFO  volume.OMVolumeCreateRequest (OMVolumeCreateRequest.java:validateAndUpdateCache(195)) - created volume:volume-88202 for user:runner
2022-08-09 13:50:42,541 [Time-limited test] INFO  rpc.RpcClient (RpcClient.java:createBucket(671)) - Creating Bucket: volume-88202/bucket-62079, with bucket layout LEGACY, runner as owner, Versioning false, Storage Type set to DISK and Encryption set to false 
2022-08-09 13:50:42,542 [OM StateMachine ApplyTransaction Thread - 0] INFO  bucket.OMBucketCreateRequest (OMBucketCreateRequest.java:validateAndUpdateCache(260)) - created bucket: bucket-62079 of layout LEGACY in volume: volume-88202
2022-08-09 13:50:42,698 [Finalizer] WARN  managed.ManagedRocksObjectUtils (ManagedRocksObjectUtils.java:assertClosed(39)) - ManagedDBOptions is not closed properly
2022-08-09 13:50:42,698 [Finalizer] WARN  managed.ManagedRocksObjectUtils (ManagedRocksObjectUtils.java:assertClosed(39)) - ManagedColumnFamilyOptions is not closed properly
2022-08-09 13:50:42,698 [Finalizer] WARN  managed.ManagedRocksObjectUtils (ManagedRocksObjectUtils.java:assertClosed(39)) - ManagedLRUCache is not closed properly
2022-08-09 13:50:42,698 [Finalizer] WARN  managed.ManagedRocksObjectUtils (ManagedRocksObjectUtils.java:assertClosed(39)) - ManagedBloomFilter is not closed properly
2022-08-09 13:50:42,698 [Finalizer] WARN  managed.ManagedRocksObjectUtils (ManagedRocksObjectUtils.java:assertClosed(39)) - ManagedDBOptions is not closed properly
2022-08-09 13:50:42,698 [Finalizer] WARN  managed.ManagedRocksObjectUtils (ManagedRocksObjectUtils.java:assertClosed(39)) - ManagedColumnFamilyOptions is not closed properly
2022-08-09 13:50:42,698 [Finalizer] WARN  managed.ManagedRocksObjectUtils (ManagedRocksObjectUtils.java:assertClosed(39)) - ManagedLRUCache is not closed properly
2022-08-09 13:50:42,698 [Finalizer] WARN  managed.ManagedRocksObjectUtils (ManagedRocksObjectUtils.java:assertClosed(39)) - ManagedBloomFilter is not closed properly
2022-08-09 13:50:42,698 [Finalizer] WARN  managed.ManagedRocksObjectUtils (ManagedRocksObjectUtils.java:assertClosed(39)) - ManagedDBOptions is not closed properly
2022-08-09 13:50:42,698 [Finalizer] WARN  managed.ManagedRocksObjectUtils (ManagedRocksObjectUtils.java:assertClosed(39)) - ManagedColumnFamilyOptions is not closed properly
2022-08-09 13:50:42,698 [Finalizer] WARN  managed.ManagedRocksObjectUtils (ManagedRocksObjectUtils.java:assertClosed(39)) - ManagedLRUCache is not closed properly
2022-08-09 13:50:42,698 [Finalizer] WARN  managed.ManagedRocksObjectUtils (ManagedRocksObjectUtils.java:assertClosed(39)) - ManagedBloomFilter is not closed properly
2022-08-09 13:50:42,698 [Finalizer] WARN  managed.ManagedRocksObjectUtils (ManagedRocksObjectUtils.java:assertClosed(39)) - ManagedDBOptions is not closed properly
2022-08-09 13:50:42,698 [Finalizer] WARN  managed.ManagedRocksObjectUtils (ManagedRocksObjectUtils.java:assertClosed(39)) - ManagedColumnFamilyOptions is not closed properly
2022-08-09 13:50:42,698 [Finalizer] WARN  managed.ManagedRocksObjectUtils (ManagedRocksObjectUtils.java:assertClosed(39)) - ManagedLRUCache is not closed properly
2022-08-09 13:50:42,698 [Finalizer] WARN  managed.ManagedRocksObjectUtils (ManagedRocksObjectUtils.java:assertClosed(39)) - ManagedBloomFilter is not closed properly
2022-08-09 13:50:42,698 [Finalizer] WARN  managed.ManagedRocksObjectUtils (ManagedRocksObjectUtils.java:assertClosed(39)) - ManagedDBOptions is not closed properly
2022-08-09 13:50:42,698 [Finalizer] WARN  managed.ManagedRocksObjectUtils (ManagedRocksObjectUtils.java:assertClosed(39)) - ManagedColumnFamilyOptions is not closed properly
2022-08-09 13:50:42,698 [Finalizer] WARN  managed.ManagedRocksObjectUtils (ManagedRocksObjectUtils.java:assertClosed(39)) - ManagedLRUCache is not closed properly
2022-08-09 13:50:42,698 [Finalizer] WARN  managed.ManagedRocksObjectUtils (ManagedRocksObjectUtils.java:assertClosed(39)) - ManagedBloomFilter is not closed properly
2022-08-09 13:50:42,698 [Finalizer] WARN  managed.ManagedRocksObjectUtils (ManagedRocksObjectUtils.java:assertClosed(39)) - ManagedDBOptions is not closed properly
2022-08-09 13:50:42,698 [Finalizer] WARN  managed.ManagedRocksObjectUtils (ManagedRocksObjectUtils.java:assertClosed(39)) - ManagedColumnFamilyOptions is not closed properly
2022-08-09 13:50:42,698 [Finalizer] WARN  managed.ManagedRocksObjectUtils (ManagedRocksObjectUtils.java:assertClosed(39)) - ManagedLRUCache is not closed properly
2022-08-09 13:50:42,698 [Finalizer] WARN  managed.ManagedRocksObjectUtils (ManagedRocksObjectUtils.java:assertClosed(39)) - ManagedBloomFilter is not closed properly
2022-08-09 13:50:42,699 [Finalizer] WARN  managed.ManagedRocksObjectUtils (ManagedRocksObjectUtils.java:assertClosed(39)) - ManagedColumnFamilyOptions is not closed properly
2022-08-09 13:50:42,699 [Finalizer] WARN  managed.ManagedRocksObjectUtils (ManagedRocksObjectUtils.java:assertClosed(39)) - ManagedLRUCache is not closed properly
2022-08-09 13:50:42,699 [Finalizer] WARN  managed.ManagedRocksObjectUtils (ManagedRocksObjectUtils.java:assertClosed(39)) - ManagedBloomFilter is not closed properly
2022-08-09 13:50:42,699 [Finalizer] WARN  managed.ManagedRocksObjectUtils (ManagedRocksObjectUtils.java:assertClosed(39)) - ManagedColumnFamilyOptions is not closed properly
2022-08-09 13:50:42,699 [Finalizer] WARN  managed.ManagedRocksObjectUtils (ManagedRocksObjectUtils.java:assertClosed(39)) - ManagedLRUCache is not closed properly
2022-08-09 13:50:42,699 [Finalizer] WARN  managed.ManagedRocksObjectUtils (ManagedRocksObjectUtils.java:assertClosed(39)) - ManagedBloomFilter is not closed properly
2022-08-09 13:50:42,699 [Finalizer] WARN  managed.ManagedRocksObjectUtils (ManagedRocksObjectUtils.java:assertClosed(39)) - ManagedColumnFamilyOptions is not closed properly
2022-08-09 13:50:42,699 [Finalizer] WARN  managed.ManagedRocksObjectUtils (ManagedRocksObjectUtils.java:assertClosed(39)) - ManagedLRUCache is not closed properly
2022-08-09 13:50:42,699 [Finalizer] WARN  managed.ManagedRocksObjectUtils (ManagedRocksObjectUtils.java:assertClosed(39)) - ManagedBloomFilter is not closed properly
13:50:42.979 [IPC Server handler 11 on default port 45023] ERROR OMAudit - user=runner | ip=127.0.0.1 | op=READ_BUCKET {volume=volume-68398, bucket=bucket-40685} | ret=FAILURE
org.apache.hadoop.ozone.om.exceptions.OMException: Volume not found when getting bucket info
	at org.apache.hadoop.ozone.om.BucketManagerImpl.getBucketInfo(BucketManagerImpl.java:127) ~[ozone-manager-1.3.0-SNAPSHOT.jar:?]
	at org.apache.hadoop.ozone.om.OzoneManager.getBucketInfo(OzoneManager.java:2780) ~[ozone-manager-1.3.0-SNAPSHOT.jar:?]
	at org.apache.hadoop.ozone.protocolPB.OzoneManagerRequestHandler.infoBucket(OzoneManagerRequestHandler.java:475) ~[ozone-manager-1.3.0-SNAPSHOT.jar:?]
	at org.apache.hadoop.ozone.protocolPB.OzoneManagerRequestHandler.handleReadRequest(OzoneManagerRequestHandler.java:178) ~[ozone-manager-1.3.0-SNAPSHOT.jar:?]
	at org.apache.hadoop.ozone.protocolPB.OzoneManagerProtocolServerSideTranslatorPB.submitReadRequestToOM(OzoneManagerProtocolServerSideTranslatorPB.java:226) ~[ozone-manager-1.3.0-SNAPSHOT.jar:?]
	at org.apache.hadoop.ozone.protocolPB.OzoneManagerProtocolServerSideTranslatorPB.processRequest(OzoneManagerProtocolServerSideTranslatorPB.java:175) ~[ozone-manager-1.3.0-SNAPSHOT.jar:?]
	at org.apache.hadoop.hdds.server.OzoneProtocolMessageDispatcher.processRequest(OzoneProtocolMessageDispatcher.java:87) [hdds-server-framework-1.3.0-SNAPSHOT.jar:?]
	at org.apache.hadoop.ozone.protocolPB.OzoneManagerProtocolServerSideTranslatorPB.submitRequest(OzoneManagerProtocolServerSideTranslatorPB.java:147) [ozone-manager-1.3.0-SNAPSHOT.jar:?]
	at org.apache.hadoop.ozone.protocol.proto.OzoneManagerProtocolProtos$OzoneManagerService$2.callBlockingMethod(OzoneManagerProtocolProtos.java) [ozone-interface-client-1.3.0-SNAPSHOT.jar:?]
	at org.apache.hadoop.ipc.ProtobufRpcEngine$Server.processCall(ProtobufRpcEngine.java:466) [hadoop-common-3.3.1.jar:?]
	at org.apache.hadoop.ipc.ProtobufRpcEngine2$Server$ProtoBufRpcInvoker.call(ProtobufRpcEngine2.java:574) [hadoop-common-3.3.1.jar:?]
	at org.apache.hadoop.ipc.ProtobufRpcEngine2$Server$ProtoBufRpcInvoker.call(ProtobufRpcEngine2.java:552) [hadoop-common-3.3.1.jar:?]
	at org.apache.hadoop.ipc.RPC$Server.call(RPC.java:1093) [hadoop-common-3.3.1.jar:?]
	at org.apache.hadoop.ipc.Server$RpcCall.run(Server.java:1035) [hadoop-common-3.3.1.jar:?]
	at org.apache.hadoop.ipc.Server$RpcCall.run(Server.java:963) [hadoop-common-3.3.1.jar:?]
	at java.security.AccessController.doPrivileged(Native Method) ~[?:1.8.0_332]
	at javax.security.auth.Subject.doAs(Subject.java:422) [?:1.8.0_332]
	at org.apache.hadoop.security.UserGroupInformation.doAs(UserGroupInformation.java:1878) [hadoop-common-3.3.1.jar:?]
	at org.apache.hadoop.ipc.Server$Handler.run(Server.java:2966) [hadoop-common-3.3.1.jar:?]
2022-08-09 13:50:42,983 [Time-limited test] INFO  rpc.RpcClient (RpcClient.java:createVolume(468)) - Creating Volume: volume-68398, with runner as owner and space quota set to -1 bytes, counts quota set to -1
2022-08-09 13:50:42,984 [OM StateMachine ApplyTransaction Thread - 0] INFO  volume.OMVolumeCreateRequest (OMVolumeCreateRequest.java:validateAndUpdateCache(195)) - created volume:volume-68398 for user:runner
2022-08-09 13:50:42,985 [Time-limited test] INFO  rpc.RpcClient (RpcClient.java:createBucket(671)) - Creating Bucket: volume-68398/bucket-40685, with bucket layout LEGACY, runner as owner, Versioning false, Storage Type set to DISK and Encryption set to false 
2022-08-09 13:50:42,989 [OM StateMachine ApplyTransaction Thread - 0] INFO  bucket.OMBucketCreateRequest (OMBucketCreateRequest.java:validateAndUpdateCache(260)) - created bucket: bucket-40685 of layout LEGACY in volume: volume-68398
]]></system-out>
  </testcase>
  <testcase name="testListStatusRootAndVolumeNonRecursive" classname="TestRootedOzoneFileSystem" time="0.581">
    <system-out><![CDATA[2022-08-09 13:52:07,307 [Time-limited test] INFO  rpc.RpcClient (RpcClient.java:createVolume(468)) - Creating Volume: volume18791, with user77672 as owner and space quota set to -1 bytes, counts quota set to -1
2022-08-09 13:52:07,308 [IPC Server handler 3 on default port 44079] INFO  volume.OMVolumeCreateRequest (OMVolumeCreateRequest.java:validateAndUpdateCache(195)) - created volume:volume18791 for user:user77672
2022-08-09 13:52:07,310 [Time-limited test] INFO  rpc.RpcClient (RpcClient.java:createBucket(671)) - Creating Bucket: volume18791/bucket69626, with bucket layout LEGACY, runner as owner, Versioning false, Storage Type set to DISK and Encryption set to false 
2022-08-09 13:52:07,311 [IPC Server handler 18 on default port 44079] INFO  bucket.OMBucketCreateRequest (OMBucketCreateRequest.java:validateAndUpdateCache(260)) - created bucket: bucket69626 of layout LEGACY in volume: volume18791
13:52:07.316 [IPC Server handler 7 on default port 44079] ERROR OMAudit - user=runner | ip=127.0.0.1 | op=READ_BUCKET {volume=volume-58240, bucket=bucket-71752} | ret=FAILURE
org.apache.hadoop.ozone.om.exceptions.OMException: Volume not found when getting bucket info
	at org.apache.hadoop.ozone.om.BucketManagerImpl.getBucketInfo(BucketManagerImpl.java:127) ~[ozone-manager-1.3.0-SNAPSHOT.jar:?]
	at org.apache.hadoop.ozone.om.OzoneManager.getBucketInfo(OzoneManager.java:2780) ~[ozone-manager-1.3.0-SNAPSHOT.jar:?]
	at org.apache.hadoop.ozone.protocolPB.OzoneManagerRequestHandler.infoBucket(OzoneManagerRequestHandler.java:475) ~[ozone-manager-1.3.0-SNAPSHOT.jar:?]
	at org.apache.hadoop.ozone.protocolPB.OzoneManagerRequestHandler.handleReadRequest(OzoneManagerRequestHandler.java:178) ~[ozone-manager-1.3.0-SNAPSHOT.jar:?]
	at org.apache.hadoop.ozone.protocolPB.OzoneManagerProtocolServerSideTranslatorPB.submitRequestDirectlyToOM(OzoneManagerProtocolServerSideTranslatorPB.java:276) ~[ozone-manager-1.3.0-SNAPSHOT.jar:?]
	at org.apache.hadoop.ozone.protocolPB.OzoneManagerProtocolServerSideTranslatorPB.processRequest(OzoneManagerProtocolServerSideTranslatorPB.java:205) ~[ozone-manager-1.3.0-SNAPSHOT.jar:?]
	at org.apache.hadoop.hdds.server.OzoneProtocolMessageDispatcher.processRequest(OzoneProtocolMessageDispatcher.java:87) [hdds-server-framework-1.3.0-SNAPSHOT.jar:?]
	at org.apache.hadoop.ozone.protocolPB.OzoneManagerProtocolServerSideTranslatorPB.submitRequest(OzoneManagerProtocolServerSideTranslatorPB.java:147) [ozone-manager-1.3.0-SNAPSHOT.jar:?]
	at org.apache.hadoop.ozone.protocol.proto.OzoneManagerProtocolProtos$OzoneManagerService$2.callBlockingMethod(OzoneManagerProtocolProtos.java) [ozone-interface-client-1.3.0-SNAPSHOT.jar:?]
	at org.apache.hadoop.ipc.ProtobufRpcEngine$Server.processCall(ProtobufRpcEngine.java:466) [hadoop-common-3.3.1.jar:?]
	at org.apache.hadoop.ipc.ProtobufRpcEngine2$Server$ProtoBufRpcInvoker.call(ProtobufRpcEngine2.java:574) [hadoop-common-3.3.1.jar:?]
	at org.apache.hadoop.ipc.ProtobufRpcEngine2$Server$ProtoBufRpcInvoker.call(ProtobufRpcEngine2.java:552) [hadoop-common-3.3.1.jar:?]
	at org.apache.hadoop.ipc.RPC$Server.call(RPC.java:1093) [hadoop-common-3.3.1.jar:?]
	at org.apache.hadoop.ipc.Server$RpcCall.run(Server.java:1035) [hadoop-common-3.3.1.jar:?]
	at org.apache.hadoop.ipc.Server$RpcCall.run(Server.java:963) [hadoop-common-3.3.1.jar:?]
	at java.security.AccessController.doPrivileged(Native Method) ~[?:1.8.0_332]
	at javax.security.auth.Subject.doAs(Subject.java:422) [?:1.8.0_332]
	at org.apache.hadoop.security.UserGroupInformation.doAs(UserGroupInformation.java:1878) [hadoop-common-3.3.1.jar:?]
	at org.apache.hadoop.ipc.Server$Handler.run(Server.java:2966) [hadoop-common-3.3.1.jar:?]
2022-08-09 13:52:07,317 [Time-limited test] INFO  rpc.RpcClient (RpcClient.java:createVolume(468)) - Creating Volume: volume-58240, with runner as owner and space quota set to -1 bytes, counts quota set to -1
2022-08-09 13:52:07,317 [IPC Server handler 13 on default port 44079] INFO  volume.OMVolumeCreateRequest (OMVolumeCreateRequest.java:validateAndUpdateCache(195)) - created volume:volume-58240 for user:runner
2022-08-09 13:52:07,318 [Time-limited test] INFO  rpc.RpcClient (RpcClient.java:createBucket(671)) - Creating Bucket: volume-58240/bucket-71752, with bucket layout LEGACY, runner as owner, Versioning false, Storage Type set to DISK and Encryption set to false 
2022-08-09 13:52:07,319 [IPC Server handler 15 on default port 44079] INFO  bucket.OMBucketCreateRequest (OMBucketCreateRequest.java:validateAndUpdateCache(260)) - created bucket: bucket-71752 of layout LEGACY in volume: volume-58240
2022-08-09 13:52:07,534 [UnderReplicatedQueueThreadThread] INFO  replication.UnderReplicatedProcessor (UnderReplicatedProcessor.java:processAll(85)) - Processed 0 under replicated containers, failed processing 0
2022-08-09 13:52:07,541 [OverReplicatedQueueThreadThread] INFO  replication.OverReplicatedProcessor (OverReplicatedProcessor.java:processAll(83)) - Processed 0 over replicated containers, failed processing 0
13:52:07.557 [IPC Server handler 2 on default port 44079] ERROR OMAudit - user=runner | ip=127.0.0.1 | op=READ_BUCKET {volume=volume-32688, bucket=bucket-77970} | ret=FAILURE
org.apache.hadoop.ozone.om.exceptions.OMException: Volume not found when getting bucket info
	at org.apache.hadoop.ozone.om.BucketManagerImpl.getBucketInfo(BucketManagerImpl.java:127) ~[ozone-manager-1.3.0-SNAPSHOT.jar:?]
	at org.apache.hadoop.ozone.om.OzoneManager.getBucketInfo(OzoneManager.java:2780) ~[ozone-manager-1.3.0-SNAPSHOT.jar:?]
	at org.apache.hadoop.ozone.protocolPB.OzoneManagerRequestHandler.infoBucket(OzoneManagerRequestHandler.java:475) ~[ozone-manager-1.3.0-SNAPSHOT.jar:?]
	at org.apache.hadoop.ozone.protocolPB.OzoneManagerRequestHandler.handleReadRequest(OzoneManagerRequestHandler.java:178) ~[ozone-manager-1.3.0-SNAPSHOT.jar:?]
	at org.apache.hadoop.ozone.protocolPB.OzoneManagerProtocolServerSideTranslatorPB.submitRequestDirectlyToOM(OzoneManagerProtocolServerSideTranslatorPB.java:276) ~[ozone-manager-1.3.0-SNAPSHOT.jar:?]
	at org.apache.hadoop.ozone.protocolPB.OzoneManagerProtocolServerSideTranslatorPB.processRequest(OzoneManagerProtocolServerSideTranslatorPB.java:205) ~[ozone-manager-1.3.0-SNAPSHOT.jar:?]
	at org.apache.hadoop.hdds.server.OzoneProtocolMessageDispatcher.processRequest(OzoneProtocolMessageDispatcher.java:87) [hdds-server-framework-1.3.0-SNAPSHOT.jar:?]
	at org.apache.hadoop.ozone.protocolPB.OzoneManagerProtocolServerSideTranslatorPB.submitRequest(OzoneManagerProtocolServerSideTranslatorPB.java:147) [ozone-manager-1.3.0-SNAPSHOT.jar:?]
	at org.apache.hadoop.ozone.protocol.proto.OzoneManagerProtocolProtos$OzoneManagerService$2.callBlockingMethod(OzoneManagerProtocolProtos.java) [ozone-interface-client-1.3.0-SNAPSHOT.jar:?]
	at org.apache.hadoop.ipc.ProtobufRpcEngine$Server.processCall(ProtobufRpcEngine.java:466) [hadoop-common-3.3.1.jar:?]
	at org.apache.hadoop.ipc.ProtobufRpcEngine2$Server$ProtoBufRpcInvoker.call(ProtobufRpcEngine2.java:574) [hadoop-common-3.3.1.jar:?]
	at org.apache.hadoop.ipc.ProtobufRpcEngine2$Server$ProtoBufRpcInvoker.call(ProtobufRpcEngine2.java:552) [hadoop-common-3.3.1.jar:?]
	at org.apache.hadoop.ipc.RPC$Server.call(RPC.java:1093) [hadoop-common-3.3.1.jar:?]
	at org.apache.hadoop.ipc.Server$RpcCall.run(Server.java:1035) [hadoop-common-3.3.1.jar:?]
	at org.apache.hadoop.ipc.Server$RpcCall.run(Server.java:963) [hadoop-common-3.3.1.jar:?]
	at java.security.AccessController.doPrivileged(Native Method) ~[?:1.8.0_332]
	at javax.security.auth.Subject.doAs(Subject.java:422) [?:1.8.0_332]
	at org.apache.hadoop.security.UserGroupInformation.doAs(UserGroupInformation.java:1878) [hadoop-common-3.3.1.jar:?]
	at org.apache.hadoop.ipc.Server$Handler.run(Server.java:2966) [hadoop-common-3.3.1.jar:?]
2022-08-09 13:52:07,558 [Time-limited test] INFO  rpc.RpcClient (RpcClient.java:createVolume(468)) - Creating Volume: volume-32688, with runner as owner and space quota set to -1 bytes, counts quota set to -1
2022-08-09 13:52:07,558 [IPC Server handler 3 on default port 44079] INFO  volume.OMVolumeCreateRequest (OMVolumeCreateRequest.java:validateAndUpdateCache(195)) - created volume:volume-32688 for user:runner
2022-08-09 13:52:07,559 [Time-limited test] INFO  rpc.RpcClient (RpcClient.java:createBucket(671)) - Creating Bucket: volume-32688/bucket-77970, with bucket layout LEGACY, runner as owner, Versioning false, Storage Type set to DISK and Encryption set to false 
2022-08-09 13:52:07,559 [IPC Server handler 18 on default port 44079] INFO  bucket.OMBucketCreateRequest (OMBucketCreateRequest.java:validateAndUpdateCache(260)) - created bucket: bucket-77970 of layout LEGACY in volume: volume-32688
]]></system-out>
  </testcase>
  <testcase name="testDeleteVolumeAndBucket" classname="TestRootedOzoneFileSystem" time="0.094">
    <system-out><![CDATA[2022-08-09 13:47:16,105 [Time-limited test] INFO  rpc.RpcClient (RpcClient.java:createVolume(468)) - Creating Volume: volume22717, with user52215 as owner and space quota set to -1 bytes, counts quota set to -1
2022-08-09 13:47:16,108 [OM StateMachine ApplyTransaction Thread - 0] INFO  volume.OMVolumeCreateRequest (OMVolumeCreateRequest.java:validateAndUpdateCache(195)) - created volume:volume22717 for user:user52215
2022-08-09 13:47:16,110 [Time-limited test] INFO  rpc.RpcClient (RpcClient.java:createBucket(671)) - Creating Bucket: volume22717/bucket41909, with bucket layout LEGACY, runner as owner, Versioning false, Storage Type set to DISK and Encryption set to false 
2022-08-09 13:47:16,112 [OM StateMachine ApplyTransaction Thread - 0] INFO  bucket.OMBucketCreateRequest (OMBucketCreateRequest.java:validateAndUpdateCache(260)) - created bucket: bucket41909 of layout LEGACY in volume: volume22717
2022-08-09 13:47:16,116 [Time-limited test] INFO  rpc.RpcClient (RpcClient.java:createVolume(468)) - Creating Volume: volume-76332, with runner as owner and space quota set to -1 bytes, counts quota set to -1
2022-08-09 13:47:16,120 [OM StateMachine ApplyTransaction Thread - 0] INFO  volume.OMVolumeCreateRequest (OMVolumeCreateRequest.java:validateAndUpdateCache(195)) - created volume:volume-76332 for user:runner
2022-08-09 13:47:16,122 [Time-limited test] INFO  rpc.RpcClient (RpcClient.java:createBucket(671)) - Creating Bucket: volume-76332/bucket2, with bucket layout LEGACY, runner as owner, Versioning false, Storage Type set to DISK and Encryption set to false 
2022-08-09 13:47:16,124 [OM StateMachine ApplyTransaction Thread - 0] INFO  bucket.OMBucketCreateRequest (OMBucketCreateRequest.java:validateAndUpdateCache(260)) - created bucket: bucket2 of layout LEGACY in volume: volume-76332
13:47:16.131 [OM StateMachine ApplyTransaction Thread - 0] ERROR OMAudit - user=runner | ip=127.0.0.1 | op=DELETE_VOLUME {volume=volume-76332} | ret=FAILURE
org.apache.hadoop.ozone.om.exceptions.OMException: null
	at org.apache.hadoop.ozone.om.request.volume.OMVolumeDeleteRequest.validateAndUpdateCache(OMVolumeDeleteRequest.java:122) ~[ozone-manager-1.3.0-SNAPSHOT.jar:?]
	at org.apache.hadoop.ozone.protocolPB.OzoneManagerRequestHandler.handleWriteRequest(OzoneManagerRequestHandler.java:304) ~[ozone-manager-1.3.0-SNAPSHOT.jar:?]
	at org.apache.hadoop.ozone.om.ratis.OzoneManagerStateMachine.runCommand(OzoneManagerStateMachine.java:529) ~[ozone-manager-1.3.0-SNAPSHOT.jar:?]
	at org.apache.hadoop.ozone.om.ratis.OzoneManagerStateMachine.lambda$1(OzoneManagerStateMachine.java:324) ~[ozone-manager-1.3.0-SNAPSHOT.jar:?]
	at java.util.concurrent.CompletableFuture$AsyncSupply.run(CompletableFuture.java:1604) [?:1.8.0_332]
	at java.util.concurrent.ThreadPoolExecutor.runWorker(ThreadPoolExecutor.java:1149) [?:1.8.0_332]
	at java.util.concurrent.ThreadPoolExecutor$Worker.run(ThreadPoolExecutor.java:624) [?:1.8.0_332]
	at java.lang.Thread.run(Thread.java:750) [?:1.8.0_332]
2022-08-09 13:47:16,132 [OM StateMachine ApplyTransaction Thread - 0] ERROR volume.OMVolumeDeleteRequest (OMVolumeDeleteRequest.java:validateAndUpdateCache(170)) - Volume deletion failed for user:runner volume:volume-76332
VOLUME_NOT_EMPTY org.apache.hadoop.ozone.om.exceptions.OMException
	at org.apache.hadoop.ozone.om.request.volume.OMVolumeDeleteRequest.validateAndUpdateCache(OMVolumeDeleteRequest.java:122)
	at org.apache.hadoop.ozone.protocolPB.OzoneManagerRequestHandler.handleWriteRequest(OzoneManagerRequestHandler.java:304)
	at org.apache.hadoop.ozone.om.ratis.OzoneManagerStateMachine.runCommand(OzoneManagerStateMachine.java:529)
	at org.apache.hadoop.ozone.om.ratis.OzoneManagerStateMachine.lambda$1(OzoneManagerStateMachine.java:324)
	at java.util.concurrent.CompletableFuture$AsyncSupply.run(CompletableFuture.java:1604)
	at java.util.concurrent.ThreadPoolExecutor.runWorker(ThreadPoolExecutor.java:1149)
	at java.util.concurrent.ThreadPoolExecutor$Worker.run(ThreadPoolExecutor.java:624)
	at java.lang.Thread.run(Thread.java:750)
]]></system-out>
  </testcase>
  <testcase name="testDeleteVolumeAndBucket" classname="TestRootedOzoneFileSystem" time="0.173">
    <system-out><![CDATA[2022-08-09 13:48:20,770 [Time-limited test] INFO  rpc.RpcClient (RpcClient.java:createVolume(468)) - Creating Volume: volume06836, with user81504 as owner and space quota set to -1 bytes, counts quota set to -1
2022-08-09 13:48:20,774 [OM StateMachine ApplyTransaction Thread - 0] INFO  volume.OMVolumeCreateRequest (OMVolumeCreateRequest.java:validateAndUpdateCache(195)) - created volume:volume06836 for user:user81504
2022-08-09 13:48:20,775 [Time-limited test] INFO  rpc.RpcClient (RpcClient.java:createBucket(671)) - Creating Bucket: volume06836/bucket32563, with bucket layout LEGACY, runner as owner, Versioning false, Storage Type set to DISK and Encryption set to false 
2022-08-09 13:48:20,777 [OM StateMachine ApplyTransaction Thread - 0] INFO  bucket.OMBucketCreateRequest (OMBucketCreateRequest.java:validateAndUpdateCache(260)) - created bucket: bucket32563 of layout LEGACY in volume: volume06836
13:48:20.781 [IPC Server handler 5 on default port 34619] ERROR OMAudit - user=runner | ip=127.0.0.1 | op=READ_BUCKET {volume=volume-38962, bucket=bucket2} | ret=FAILURE
org.apache.hadoop.ozone.om.exceptions.OMException: Volume not found when getting bucket info
	at org.apache.hadoop.ozone.om.BucketManagerImpl.getBucketInfo(BucketManagerImpl.java:127) ~[ozone-manager-1.3.0-SNAPSHOT.jar:?]
	at org.apache.hadoop.ozone.om.OzoneManager.getBucketInfo(OzoneManager.java:2780) ~[ozone-manager-1.3.0-SNAPSHOT.jar:?]
	at org.apache.hadoop.ozone.protocolPB.OzoneManagerRequestHandler.infoBucket(OzoneManagerRequestHandler.java:475) ~[ozone-manager-1.3.0-SNAPSHOT.jar:?]
	at org.apache.hadoop.ozone.protocolPB.OzoneManagerRequestHandler.handleReadRequest(OzoneManagerRequestHandler.java:178) ~[ozone-manager-1.3.0-SNAPSHOT.jar:?]
	at org.apache.hadoop.ozone.protocolPB.OzoneManagerProtocolServerSideTranslatorPB.submitReadRequestToOM(OzoneManagerProtocolServerSideTranslatorPB.java:226) ~[ozone-manager-1.3.0-SNAPSHOT.jar:?]
	at org.apache.hadoop.ozone.protocolPB.OzoneManagerProtocolServerSideTranslatorPB.processRequest(OzoneManagerProtocolServerSideTranslatorPB.java:175) ~[ozone-manager-1.3.0-SNAPSHOT.jar:?]
	at org.apache.hadoop.hdds.server.OzoneProtocolMessageDispatcher.processRequest(OzoneProtocolMessageDispatcher.java:87) [hdds-server-framework-1.3.0-SNAPSHOT.jar:?]
	at org.apache.hadoop.ozone.protocolPB.OzoneManagerProtocolServerSideTranslatorPB.submitRequest(OzoneManagerProtocolServerSideTranslatorPB.java:147) [ozone-manager-1.3.0-SNAPSHOT.jar:?]
	at org.apache.hadoop.ozone.protocol.proto.OzoneManagerProtocolProtos$OzoneManagerService$2.callBlockingMethod(OzoneManagerProtocolProtos.java) [ozone-interface-client-1.3.0-SNAPSHOT.jar:?]
	at org.apache.hadoop.ipc.ProtobufRpcEngine$Server.processCall(ProtobufRpcEngine.java:466) [hadoop-common-3.3.1.jar:?]
	at org.apache.hadoop.ipc.ProtobufRpcEngine2$Server$ProtoBufRpcInvoker.call(ProtobufRpcEngine2.java:574) [hadoop-common-3.3.1.jar:?]
	at org.apache.hadoop.ipc.ProtobufRpcEngine2$Server$ProtoBufRpcInvoker.call(ProtobufRpcEngine2.java:552) [hadoop-common-3.3.1.jar:?]
	at org.apache.hadoop.ipc.RPC$Server.call(RPC.java:1093) [hadoop-common-3.3.1.jar:?]
	at org.apache.hadoop.ipc.Server$RpcCall.run(Server.java:1035) [hadoop-common-3.3.1.jar:?]
	at org.apache.hadoop.ipc.Server$RpcCall.run(Server.java:963) [hadoop-common-3.3.1.jar:?]
	at java.security.AccessController.doPrivileged(Native Method) ~[?:1.8.0_332]
	at javax.security.auth.Subject.doAs(Subject.java:422) [?:1.8.0_332]
	at org.apache.hadoop.security.UserGroupInformation.doAs(UserGroupInformation.java:1878) [hadoop-common-3.3.1.jar:?]
	at org.apache.hadoop.ipc.Server$Handler.run(Server.java:2966) [hadoop-common-3.3.1.jar:?]
2022-08-09 13:48:20,781 [Time-limited test] INFO  rpc.RpcClient (RpcClient.java:createVolume(468)) - Creating Volume: volume-38962, with runner as owner and space quota set to -1 bytes, counts quota set to -1
2022-08-09 13:48:20,782 [OM StateMachine ApplyTransaction Thread - 0] INFO  volume.OMVolumeCreateRequest (OMVolumeCreateRequest.java:validateAndUpdateCache(195)) - created volume:volume-38962 for user:runner
2022-08-09 13:48:20,784 [Time-limited test] INFO  rpc.RpcClient (RpcClient.java:createBucket(671)) - Creating Bucket: volume-38962/bucket2, with bucket layout LEGACY, runner as owner, Versioning false, Storage Type set to DISK and Encryption set to false 
2022-08-09 13:48:20,785 [OM StateMachine ApplyTransaction Thread - 0] INFO  bucket.OMBucketCreateRequest (OMBucketCreateRequest.java:validateAndUpdateCache(260)) - created bucket: bucket2 of layout LEGACY in volume: volume-38962
13:48:20.787 [OM StateMachine ApplyTransaction Thread - 0] ERROR OMAudit - user=runner | ip=127.0.0.1 | op=DELETE_VOLUME {volume=volume-38962} | ret=FAILURE
org.apache.hadoop.ozone.om.exceptions.OMException: null
	at org.apache.hadoop.ozone.om.request.volume.OMVolumeDeleteRequest.validateAndUpdateCache(OMVolumeDeleteRequest.java:122) ~[ozone-manager-1.3.0-SNAPSHOT.jar:?]
	at org.apache.hadoop.ozone.protocolPB.OzoneManagerRequestHandler.handleWriteRequest(OzoneManagerRequestHandler.java:304) ~[ozone-manager-1.3.0-SNAPSHOT.jar:?]
	at org.apache.hadoop.ozone.om.ratis.OzoneManagerStateMachine.runCommand(OzoneManagerStateMachine.java:529) ~[ozone-manager-1.3.0-SNAPSHOT.jar:?]
	at org.apache.hadoop.ozone.om.ratis.OzoneManagerStateMachine.lambda$1(OzoneManagerStateMachine.java:324) ~[ozone-manager-1.3.0-SNAPSHOT.jar:?]
	at java.util.concurrent.CompletableFuture$AsyncSupply.run(CompletableFuture.java:1604) [?:1.8.0_332]
	at java.util.concurrent.ThreadPoolExecutor.runWorker(ThreadPoolExecutor.java:1149) [?:1.8.0_332]
	at java.util.concurrent.ThreadPoolExecutor$Worker.run(ThreadPoolExecutor.java:624) [?:1.8.0_332]
	at java.lang.Thread.run(Thread.java:750) [?:1.8.0_332]
2022-08-09 13:48:20,787 [OM StateMachine ApplyTransaction Thread - 0] ERROR volume.OMVolumeDeleteRequest (OMVolumeDeleteRequest.java:validateAndUpdateCache(170)) - Volume deletion failed for user:runner volume:volume-38962
VOLUME_NOT_EMPTY org.apache.hadoop.ozone.om.exceptions.OMException
	at org.apache.hadoop.ozone.om.request.volume.OMVolumeDeleteRequest.validateAndUpdateCache(OMVolumeDeleteRequest.java:122)
	at org.apache.hadoop.ozone.protocolPB.OzoneManagerRequestHandler.handleWriteRequest(OzoneManagerRequestHandler.java:304)
	at org.apache.hadoop.ozone.om.ratis.OzoneManagerStateMachine.runCommand(OzoneManagerStateMachine.java:529)
	at org.apache.hadoop.ozone.om.ratis.OzoneManagerStateMachine.lambda$1(OzoneManagerStateMachine.java:324)
	at java.util.concurrent.CompletableFuture$AsyncSupply.run(CompletableFuture.java:1604)
	at java.util.concurrent.ThreadPoolExecutor.runWorker(ThreadPoolExecutor.java:1149)
	at java.util.concurrent.ThreadPoolExecutor$Worker.run(ThreadPoolExecutor.java:624)
	at java.lang.Thread.run(Thread.java:750)
13:48:20.803 [IPC Server handler 17 on default port 34619] ERROR OMAudit - user=runner | ip=127.0.0.1 | op=READ_VOLUME {volume=volume-38962} | ret=FAILURE
org.apache.hadoop.ozone.om.exceptions.OMException: Volume volume-38962 is not found
	at org.apache.hadoop.ozone.om.VolumeManagerImpl.getVolumeInfo(VolumeManagerImpl.java:74) ~[ozone-manager-1.3.0-SNAPSHOT.jar:?]
	at org.apache.hadoop.ozone.om.OzoneManager.getVolumeInfo(OzoneManager.java:2604) ~[ozone-manager-1.3.0-SNAPSHOT.jar:?]
	at org.apache.hadoop.ozone.protocolPB.OzoneManagerRequestHandler.infoVolume(OzoneManagerRequestHandler.java:401) ~[ozone-manager-1.3.0-SNAPSHOT.jar:?]
	at org.apache.hadoop.ozone.protocolPB.OzoneManagerRequestHandler.handleReadRequest(OzoneManagerRequestHandler.java:168) ~[ozone-manager-1.3.0-SNAPSHOT.jar:?]
	at org.apache.hadoop.ozone.protocolPB.OzoneManagerProtocolServerSideTranslatorPB.submitReadRequestToOM(OzoneManagerProtocolServerSideTranslatorPB.java:226) ~[ozone-manager-1.3.0-SNAPSHOT.jar:?]
	at org.apache.hadoop.ozone.protocolPB.OzoneManagerProtocolServerSideTranslatorPB.processRequest(OzoneManagerProtocolServerSideTranslatorPB.java:175) ~[ozone-manager-1.3.0-SNAPSHOT.jar:?]
	at org.apache.hadoop.hdds.server.OzoneProtocolMessageDispatcher.processRequest(OzoneProtocolMessageDispatcher.java:87) [hdds-server-framework-1.3.0-SNAPSHOT.jar:?]
	at org.apache.hadoop.ozone.protocolPB.OzoneManagerProtocolServerSideTranslatorPB.submitRequest(OzoneManagerProtocolServerSideTranslatorPB.java:147) [ozone-manager-1.3.0-SNAPSHOT.jar:?]
	at org.apache.hadoop.ozone.protocol.proto.OzoneManagerProtocolProtos$OzoneManagerService$2.callBlockingMethod(OzoneManagerProtocolProtos.java) [ozone-interface-client-1.3.0-SNAPSHOT.jar:?]
	at org.apache.hadoop.ipc.ProtobufRpcEngine$Server.processCall(ProtobufRpcEngine.java:466) [hadoop-common-3.3.1.jar:?]
	at org.apache.hadoop.ipc.ProtobufRpcEngine2$Server$ProtoBufRpcInvoker.call(ProtobufRpcEngine2.java:574) [hadoop-common-3.3.1.jar:?]
	at org.apache.hadoop.ipc.ProtobufRpcEngine2$Server$ProtoBufRpcInvoker.call(ProtobufRpcEngine2.java:552) [hadoop-common-3.3.1.jar:?]
	at org.apache.hadoop.ipc.RPC$Server.call(RPC.java:1093) [hadoop-common-3.3.1.jar:?]
	at org.apache.hadoop.ipc.Server$RpcCall.run(Server.java:1035) [hadoop-common-3.3.1.jar:?]
	at org.apache.hadoop.ipc.Server$RpcCall.run(Server.java:963) [hadoop-common-3.3.1.jar:?]
	at java.security.AccessController.doPrivileged(Native Method) ~[?:1.8.0_332]
	at javax.security.auth.Subject.doAs(Subject.java:422) [?:1.8.0_332]
	at org.apache.hadoop.security.UserGroupInformation.doAs(UserGroupInformation.java:1878) [hadoop-common-3.3.1.jar:?]
	at org.apache.hadoop.ipc.Server$Handler.run(Server.java:2966) [hadoop-common-3.3.1.jar:?]
]]></system-out>
  </testcase>
  <testcase name="testDeleteVolumeAndBucket" classname="TestRootedOzoneFileSystem" time="0.087">
    <system-out><![CDATA[2022-08-09 13:49:26,867 [Time-limited test] INFO  rpc.RpcClient (RpcClient.java:createVolume(468)) - Creating Volume: volume79696, with user33572 as owner and space quota set to -1 bytes, counts quota set to -1
2022-08-09 13:49:26,868 [IPC Server handler 13 on default port 42643] INFO  volume.OMVolumeCreateRequest (OMVolumeCreateRequest.java:validateAndUpdateCache(195)) - created volume:volume79696 for user:user33572
2022-08-09 13:49:26,873 [Time-limited test] INFO  rpc.RpcClient (RpcClient.java:createBucket(671)) - Creating Bucket: volume79696/bucket49567, with bucket layout LEGACY, runner as owner, Versioning false, Storage Type set to DISK and Encryption set to false 
2022-08-09 13:49:26,877 [IPC Server handler 10 on default port 42643] INFO  bucket.OMBucketCreateRequest (OMBucketCreateRequest.java:validateAndUpdateCache(260)) - created bucket: bucket49567 of layout LEGACY in volume: volume79696
13:49:26.880 [IPC Server handler 15 on default port 42643] ERROR OMAudit - user=runner | ip=127.0.0.1 | op=READ_BUCKET {volume=volume-88043, bucket=bucket2} | ret=FAILURE
org.apache.hadoop.ozone.om.exceptions.OMException: Volume not found when getting bucket info
	at org.apache.hadoop.ozone.om.BucketManagerImpl.getBucketInfo(BucketManagerImpl.java:127) ~[ozone-manager-1.3.0-SNAPSHOT.jar:?]
	at org.apache.hadoop.ozone.om.OzoneManager.getBucketInfo(OzoneManager.java:2780) ~[ozone-manager-1.3.0-SNAPSHOT.jar:?]
	at org.apache.hadoop.ozone.protocolPB.OzoneManagerRequestHandler.infoBucket(OzoneManagerRequestHandler.java:475) ~[ozone-manager-1.3.0-SNAPSHOT.jar:?]
	at org.apache.hadoop.ozone.protocolPB.OzoneManagerRequestHandler.handleReadRequest(OzoneManagerRequestHandler.java:178) ~[ozone-manager-1.3.0-SNAPSHOT.jar:?]
	at org.apache.hadoop.ozone.protocolPB.OzoneManagerProtocolServerSideTranslatorPB.submitRequestDirectlyToOM(OzoneManagerProtocolServerSideTranslatorPB.java:276) ~[ozone-manager-1.3.0-SNAPSHOT.jar:?]
	at org.apache.hadoop.ozone.protocolPB.OzoneManagerProtocolServerSideTranslatorPB.processRequest(OzoneManagerProtocolServerSideTranslatorPB.java:205) ~[ozone-manager-1.3.0-SNAPSHOT.jar:?]
	at org.apache.hadoop.hdds.server.OzoneProtocolMessageDispatcher.processRequest(OzoneProtocolMessageDispatcher.java:87) [hdds-server-framework-1.3.0-SNAPSHOT.jar:?]
	at org.apache.hadoop.ozone.protocolPB.OzoneManagerProtocolServerSideTranslatorPB.submitRequest(OzoneManagerProtocolServerSideTranslatorPB.java:147) [ozone-manager-1.3.0-SNAPSHOT.jar:?]
	at org.apache.hadoop.ozone.protocol.proto.OzoneManagerProtocolProtos$OzoneManagerService$2.callBlockingMethod(OzoneManagerProtocolProtos.java) [ozone-interface-client-1.3.0-SNAPSHOT.jar:?]
	at org.apache.hadoop.ipc.ProtobufRpcEngine$Server.processCall(ProtobufRpcEngine.java:466) [hadoop-common-3.3.1.jar:?]
	at org.apache.hadoop.ipc.ProtobufRpcEngine2$Server$ProtoBufRpcInvoker.call(ProtobufRpcEngine2.java:574) [hadoop-common-3.3.1.jar:?]
	at org.apache.hadoop.ipc.ProtobufRpcEngine2$Server$ProtoBufRpcInvoker.call(ProtobufRpcEngine2.java:552) [hadoop-common-3.3.1.jar:?]
	at org.apache.hadoop.ipc.RPC$Server.call(RPC.java:1093) [hadoop-common-3.3.1.jar:?]
	at org.apache.hadoop.ipc.Server$RpcCall.run(Server.java:1035) [hadoop-common-3.3.1.jar:?]
	at org.apache.hadoop.ipc.Server$RpcCall.run(Server.java:963) [hadoop-common-3.3.1.jar:?]
	at java.security.AccessController.doPrivileged(Native Method) ~[?:1.8.0_332]
	at javax.security.auth.Subject.doAs(Subject.java:422) [?:1.8.0_332]
	at org.apache.hadoop.security.UserGroupInformation.doAs(UserGroupInformation.java:1878) [hadoop-common-3.3.1.jar:?]
	at org.apache.hadoop.ipc.Server$Handler.run(Server.java:2966) [hadoop-common-3.3.1.jar:?]
2022-08-09 13:49:26,880 [Time-limited test] INFO  rpc.RpcClient (RpcClient.java:createVolume(468)) - Creating Volume: volume-88043, with runner as owner and space quota set to -1 bytes, counts quota set to -1
2022-08-09 13:49:26,881 [IPC Server handler 14 on default port 42643] INFO  volume.OMVolumeCreateRequest (OMVolumeCreateRequest.java:validateAndUpdateCache(195)) - created volume:volume-88043 for user:runner
2022-08-09 13:49:26,881 [Time-limited test] INFO  rpc.RpcClient (RpcClient.java:createBucket(671)) - Creating Bucket: volume-88043/bucket2, with bucket layout LEGACY, runner as owner, Versioning false, Storage Type set to DISK and Encryption set to false 
2022-08-09 13:49:26,882 [IPC Server handler 2 on default port 42643] INFO  bucket.OMBucketCreateRequest (OMBucketCreateRequest.java:validateAndUpdateCache(260)) - created bucket: bucket2 of layout LEGACY in volume: volume-88043
13:49:26.883 [IPC Server handler 8 on default port 42643] ERROR OMAudit - user=runner | ip=127.0.0.1 | op=DELETE_VOLUME {volume=volume-88043} | ret=FAILURE
org.apache.hadoop.ozone.om.exceptions.OMException: null
	at org.apache.hadoop.ozone.om.request.volume.OMVolumeDeleteRequest.validateAndUpdateCache(OMVolumeDeleteRequest.java:122) ~[ozone-manager-1.3.0-SNAPSHOT.jar:?]
	at org.apache.hadoop.ozone.protocolPB.OzoneManagerRequestHandler.handleWriteRequest(OzoneManagerRequestHandler.java:304) ~[ozone-manager-1.3.0-SNAPSHOT.jar:?]
	at org.apache.hadoop.ozone.protocolPB.OzoneManagerProtocolServerSideTranslatorPB.submitRequestDirectlyToOM(OzoneManagerProtocolServerSideTranslatorPB.java:282) ~[ozone-manager-1.3.0-SNAPSHOT.jar:?]
	at org.apache.hadoop.ozone.protocolPB.OzoneManagerProtocolServerSideTranslatorPB.processRequest(OzoneManagerProtocolServerSideTranslatorPB.java:205) ~[ozone-manager-1.3.0-SNAPSHOT.jar:?]
	at org.apache.hadoop.hdds.server.OzoneProtocolMessageDispatcher.processRequest(OzoneProtocolMessageDispatcher.java:87) [hdds-server-framework-1.3.0-SNAPSHOT.jar:?]
	at org.apache.hadoop.ozone.protocolPB.OzoneManagerProtocolServerSideTranslatorPB.submitRequest(OzoneManagerProtocolServerSideTranslatorPB.java:147) [ozone-manager-1.3.0-SNAPSHOT.jar:?]
	at org.apache.hadoop.ozone.protocol.proto.OzoneManagerProtocolProtos$OzoneManagerService$2.callBlockingMethod(OzoneManagerProtocolProtos.java) [ozone-interface-client-1.3.0-SNAPSHOT.jar:?]
	at org.apache.hadoop.ipc.ProtobufRpcEngine$Server.processCall(ProtobufRpcEngine.java:466) [hadoop-common-3.3.1.jar:?]
	at org.apache.hadoop.ipc.ProtobufRpcEngine2$Server$ProtoBufRpcInvoker.call(ProtobufRpcEngine2.java:574) [hadoop-common-3.3.1.jar:?]
	at org.apache.hadoop.ipc.ProtobufRpcEngine2$Server$ProtoBufRpcInvoker.call(ProtobufRpcEngine2.java:552) [hadoop-common-3.3.1.jar:?]
	at org.apache.hadoop.ipc.RPC$Server.call(RPC.java:1093) [hadoop-common-3.3.1.jar:?]
	at org.apache.hadoop.ipc.Server$RpcCall.run(Server.java:1035) [hadoop-common-3.3.1.jar:?]
	at org.apache.hadoop.ipc.Server$RpcCall.run(Server.java:963) [hadoop-common-3.3.1.jar:?]
	at java.security.AccessController.doPrivileged(Native Method) ~[?:1.8.0_332]
	at javax.security.auth.Subject.doAs(Subject.java:422) [?:1.8.0_332]
	at org.apache.hadoop.security.UserGroupInformation.doAs(UserGroupInformation.java:1878) [hadoop-common-3.3.1.jar:?]
	at org.apache.hadoop.ipc.Server$Handler.run(Server.java:2966) [hadoop-common-3.3.1.jar:?]
2022-08-09 13:49:26,884 [IPC Server handler 8 on default port 42643] ERROR volume.OMVolumeDeleteRequest (OMVolumeDeleteRequest.java:validateAndUpdateCache(170)) - Volume deletion failed for user:runner volume:volume-88043
VOLUME_NOT_EMPTY org.apache.hadoop.ozone.om.exceptions.OMException
	at org.apache.hadoop.ozone.om.request.volume.OMVolumeDeleteRequest.validateAndUpdateCache(OMVolumeDeleteRequest.java:122)
	at org.apache.hadoop.ozone.protocolPB.OzoneManagerRequestHandler.handleWriteRequest(OzoneManagerRequestHandler.java:304)
	at org.apache.hadoop.ozone.protocolPB.OzoneManagerProtocolServerSideTranslatorPB.submitRequestDirectlyToOM(OzoneManagerProtocolServerSideTranslatorPB.java:282)
	at org.apache.hadoop.ozone.protocolPB.OzoneManagerProtocolServerSideTranslatorPB.processRequest(OzoneManagerProtocolServerSideTranslatorPB.java:205)
	at org.apache.hadoop.hdds.server.OzoneProtocolMessageDispatcher.processRequest(OzoneProtocolMessageDispatcher.java:87)
	at org.apache.hadoop.ozone.protocolPB.OzoneManagerProtocolServerSideTranslatorPB.submitRequest(OzoneManagerProtocolServerSideTranslatorPB.java:147)
	at org.apache.hadoop.ozone.protocol.proto.OzoneManagerProtocolProtos$OzoneManagerService$2.callBlockingMethod(OzoneManagerProtocolProtos.java)
	at org.apache.hadoop.ipc.ProtobufRpcEngine$Server.processCall(ProtobufRpcEngine.java:466)
	at org.apache.hadoop.ipc.ProtobufRpcEngine2$Server$ProtoBufRpcInvoker.call(ProtobufRpcEngine2.java:574)
	at org.apache.hadoop.ipc.ProtobufRpcEngine2$Server$ProtoBufRpcInvoker.call(ProtobufRpcEngine2.java:552)
	at org.apache.hadoop.ipc.RPC$Server.call(RPC.java:1093)
	at org.apache.hadoop.ipc.Server$RpcCall.run(Server.java:1035)
	at org.apache.hadoop.ipc.Server$RpcCall.run(Server.java:963)
	at java.security.AccessController.doPrivileged(Native Method)
	at javax.security.auth.Subject.doAs(Subject.java:422)
	at org.apache.hadoop.security.UserGroupInformation.doAs(UserGroupInformation.java:1878)
	at org.apache.hadoop.ipc.Server$Handler.run(Server.java:2966)
13:49:26.892 [IPC Server handler 1 on default port 42643] ERROR OMAudit - user=runner | ip=127.0.0.1 | op=READ_VOLUME {volume=volume-88043} | ret=FAILURE
org.apache.hadoop.ozone.om.exceptions.OMException: Volume volume-88043 is not found
	at org.apache.hadoop.ozone.om.VolumeManagerImpl.getVolumeInfo(VolumeManagerImpl.java:74) ~[ozone-manager-1.3.0-SNAPSHOT.jar:?]
	at org.apache.hadoop.ozone.om.OzoneManager.getVolumeInfo(OzoneManager.java:2604) ~[ozone-manager-1.3.0-SNAPSHOT.jar:?]
	at org.apache.hadoop.ozone.protocolPB.OzoneManagerRequestHandler.infoVolume(OzoneManagerRequestHandler.java:401) ~[ozone-manager-1.3.0-SNAPSHOT.jar:?]
	at org.apache.hadoop.ozone.protocolPB.OzoneManagerRequestHandler.handleReadRequest(OzoneManagerRequestHandler.java:168) ~[ozone-manager-1.3.0-SNAPSHOT.jar:?]
	at org.apache.hadoop.ozone.protocolPB.OzoneManagerProtocolServerSideTranslatorPB.submitRequestDirectlyToOM(OzoneManagerProtocolServerSideTranslatorPB.java:276) ~[ozone-manager-1.3.0-SNAPSHOT.jar:?]
	at org.apache.hadoop.ozone.protocolPB.OzoneManagerProtocolServerSideTranslatorPB.processRequest(OzoneManagerProtocolServerSideTranslatorPB.java:205) ~[ozone-manager-1.3.0-SNAPSHOT.jar:?]
	at org.apache.hadoop.hdds.server.OzoneProtocolMessageDispatcher.processRequest(OzoneProtocolMessageDispatcher.java:87) [hdds-server-framework-1.3.0-SNAPSHOT.jar:?]
	at org.apache.hadoop.ozone.protocolPB.OzoneManagerProtocolServerSideTranslatorPB.submitRequest(OzoneManagerProtocolServerSideTranslatorPB.java:147) [ozone-manager-1.3.0-SNAPSHOT.jar:?]
	at org.apache.hadoop.ozone.protocol.proto.OzoneManagerProtocolProtos$OzoneManagerService$2.callBlockingMethod(OzoneManagerProtocolProtos.java) [ozone-interface-client-1.3.0-SNAPSHOT.jar:?]
	at org.apache.hadoop.ipc.ProtobufRpcEngine$Server.processCall(ProtobufRpcEngine.java:466) [hadoop-common-3.3.1.jar:?]
	at org.apache.hadoop.ipc.ProtobufRpcEngine2$Server$ProtoBufRpcInvoker.call(ProtobufRpcEngine2.java:574) [hadoop-common-3.3.1.jar:?]
	at org.apache.hadoop.ipc.ProtobufRpcEngine2$Server$ProtoBufRpcInvoker.call(ProtobufRpcEngine2.java:552) [hadoop-common-3.3.1.jar:?]
	at org.apache.hadoop.ipc.RPC$Server.call(RPC.java:1093) [hadoop-common-3.3.1.jar:?]
	at org.apache.hadoop.ipc.Server$RpcCall.run(Server.java:1035) [hadoop-common-3.3.1.jar:?]
	at org.apache.hadoop.ipc.Server$RpcCall.run(Server.java:963) [hadoop-common-3.3.1.jar:?]
	at java.security.AccessController.doPrivileged(Native Method) ~[?:1.8.0_332]
	at javax.security.auth.Subject.doAs(Subject.java:422) [?:1.8.0_332]
	at org.apache.hadoop.security.UserGroupInformation.doAs(UserGroupInformation.java:1878) [hadoop-common-3.3.1.jar:?]
	at org.apache.hadoop.ipc.Server$Handler.run(Server.java:2966) [hadoop-common-3.3.1.jar:?]
]]></system-out>
  </testcase>
  <testcase name="testDeleteVolumeAndBucket" classname="TestRootedOzoneFileSystem" time="0.138">
    <system-out><![CDATA[2022-08-09 13:50:43,339 [Time-limited test] INFO  rpc.RpcClient (RpcClient.java:createVolume(468)) - Creating Volume: volume04153, with user21513 as owner and space quota set to -1 bytes, counts quota set to -1
2022-08-09 13:50:43,349 [OM StateMachine ApplyTransaction Thread - 0] INFO  volume.OMVolumeCreateRequest (OMVolumeCreateRequest.java:validateAndUpdateCache(195)) - created volume:volume04153 for user:user21513
2022-08-09 13:50:43,350 [Time-limited test] INFO  rpc.RpcClient (RpcClient.java:createBucket(671)) - Creating Bucket: volume04153/bucket58525, with bucket layout LEGACY, runner as owner, Versioning false, Storage Type set to DISK and Encryption set to false 
2022-08-09 13:50:43,365 [OM StateMachine ApplyTransaction Thread - 0] INFO  bucket.OMBucketCreateRequest (OMBucketCreateRequest.java:validateAndUpdateCache(260)) - created bucket: bucket58525 of layout LEGACY in volume: volume04153
13:50:43.368 [IPC Server handler 14 on default port 45023] ERROR OMAudit - user=runner | ip=127.0.0.1 | op=READ_BUCKET {volume=volume-09576, bucket=bucket2} | ret=FAILURE
org.apache.hadoop.ozone.om.exceptions.OMException: Volume not found when getting bucket info
	at org.apache.hadoop.ozone.om.BucketManagerImpl.getBucketInfo(BucketManagerImpl.java:127) ~[ozone-manager-1.3.0-SNAPSHOT.jar:?]
	at org.apache.hadoop.ozone.om.OzoneManager.getBucketInfo(OzoneManager.java:2780) ~[ozone-manager-1.3.0-SNAPSHOT.jar:?]
	at org.apache.hadoop.ozone.protocolPB.OzoneManagerRequestHandler.infoBucket(OzoneManagerRequestHandler.java:475) ~[ozone-manager-1.3.0-SNAPSHOT.jar:?]
	at org.apache.hadoop.ozone.protocolPB.OzoneManagerRequestHandler.handleReadRequest(OzoneManagerRequestHandler.java:178) ~[ozone-manager-1.3.0-SNAPSHOT.jar:?]
	at org.apache.hadoop.ozone.protocolPB.OzoneManagerProtocolServerSideTranslatorPB.submitReadRequestToOM(OzoneManagerProtocolServerSideTranslatorPB.java:226) ~[ozone-manager-1.3.0-SNAPSHOT.jar:?]
	at org.apache.hadoop.ozone.protocolPB.OzoneManagerProtocolServerSideTranslatorPB.processRequest(OzoneManagerProtocolServerSideTranslatorPB.java:175) ~[ozone-manager-1.3.0-SNAPSHOT.jar:?]
	at org.apache.hadoop.hdds.server.OzoneProtocolMessageDispatcher.processRequest(OzoneProtocolMessageDispatcher.java:87) [hdds-server-framework-1.3.0-SNAPSHOT.jar:?]
	at org.apache.hadoop.ozone.protocolPB.OzoneManagerProtocolServerSideTranslatorPB.submitRequest(OzoneManagerProtocolServerSideTranslatorPB.java:147) [ozone-manager-1.3.0-SNAPSHOT.jar:?]
	at org.apache.hadoop.ozone.protocol.proto.OzoneManagerProtocolProtos$OzoneManagerService$2.callBlockingMethod(OzoneManagerProtocolProtos.java) [ozone-interface-client-1.3.0-SNAPSHOT.jar:?]
	at org.apache.hadoop.ipc.ProtobufRpcEngine$Server.processCall(ProtobufRpcEngine.java:466) [hadoop-common-3.3.1.jar:?]
	at org.apache.hadoop.ipc.ProtobufRpcEngine2$Server$ProtoBufRpcInvoker.call(ProtobufRpcEngine2.java:574) [hadoop-common-3.3.1.jar:?]
	at org.apache.hadoop.ipc.ProtobufRpcEngine2$Server$ProtoBufRpcInvoker.call(ProtobufRpcEngine2.java:552) [hadoop-common-3.3.1.jar:?]
	at org.apache.hadoop.ipc.RPC$Server.call(RPC.java:1093) [hadoop-common-3.3.1.jar:?]
	at org.apache.hadoop.ipc.Server$RpcCall.run(Server.java:1035) [hadoop-common-3.3.1.jar:?]
	at org.apache.hadoop.ipc.Server$RpcCall.run(Server.java:963) [hadoop-common-3.3.1.jar:?]
	at java.security.AccessController.doPrivileged(Native Method) ~[?:1.8.0_332]
	at javax.security.auth.Subject.doAs(Subject.java:422) [?:1.8.0_332]
	at org.apache.hadoop.security.UserGroupInformation.doAs(UserGroupInformation.java:1878) [hadoop-common-3.3.1.jar:?]
	at org.apache.hadoop.ipc.Server$Handler.run(Server.java:2966) [hadoop-common-3.3.1.jar:?]
2022-08-09 13:50:43,369 [Time-limited test] INFO  rpc.RpcClient (RpcClient.java:createVolume(468)) - Creating Volume: volume-09576, with runner as owner and space quota set to -1 bytes, counts quota set to -1
2022-08-09 13:50:43,371 [OM StateMachine ApplyTransaction Thread - 0] INFO  volume.OMVolumeCreateRequest (OMVolumeCreateRequest.java:validateAndUpdateCache(195)) - created volume:volume-09576 for user:runner
2022-08-09 13:50:43,372 [Time-limited test] INFO  rpc.RpcClient (RpcClient.java:createBucket(671)) - Creating Bucket: volume-09576/bucket2, with bucket layout LEGACY, runner as owner, Versioning false, Storage Type set to DISK and Encryption set to false 
2022-08-09 13:50:43,382 [OM StateMachine ApplyTransaction Thread - 0] INFO  bucket.OMBucketCreateRequest (OMBucketCreateRequest.java:validateAndUpdateCache(260)) - created bucket: bucket2 of layout LEGACY in volume: volume-09576
13:50:43.391 [OM StateMachine ApplyTransaction Thread - 0] ERROR OMAudit - user=runner | ip=127.0.0.1 | op=DELETE_VOLUME {volume=volume-09576} | ret=FAILURE
org.apache.hadoop.ozone.om.exceptions.OMException: null
	at org.apache.hadoop.ozone.om.request.volume.OMVolumeDeleteRequest.validateAndUpdateCache(OMVolumeDeleteRequest.java:122) ~[ozone-manager-1.3.0-SNAPSHOT.jar:?]
	at org.apache.hadoop.ozone.protocolPB.OzoneManagerRequestHandler.handleWriteRequest(OzoneManagerRequestHandler.java:304) ~[ozone-manager-1.3.0-SNAPSHOT.jar:?]
	at org.apache.hadoop.ozone.om.ratis.OzoneManagerStateMachine.runCommand(OzoneManagerStateMachine.java:529) ~[ozone-manager-1.3.0-SNAPSHOT.jar:?]
	at org.apache.hadoop.ozone.om.ratis.OzoneManagerStateMachine.lambda$1(OzoneManagerStateMachine.java:324) ~[ozone-manager-1.3.0-SNAPSHOT.jar:?]
	at java.util.concurrent.CompletableFuture$AsyncSupply.run(CompletableFuture.java:1604) [?:1.8.0_332]
	at java.util.concurrent.ThreadPoolExecutor.runWorker(ThreadPoolExecutor.java:1149) [?:1.8.0_332]
	at java.util.concurrent.ThreadPoolExecutor$Worker.run(ThreadPoolExecutor.java:624) [?:1.8.0_332]
	at java.lang.Thread.run(Thread.java:750) [?:1.8.0_332]
2022-08-09 13:50:43,391 [OM StateMachine ApplyTransaction Thread - 0] ERROR volume.OMVolumeDeleteRequest (OMVolumeDeleteRequest.java:validateAndUpdateCache(170)) - Volume deletion failed for user:runner volume:volume-09576
VOLUME_NOT_EMPTY org.apache.hadoop.ozone.om.exceptions.OMException
	at org.apache.hadoop.ozone.om.request.volume.OMVolumeDeleteRequest.validateAndUpdateCache(OMVolumeDeleteRequest.java:122)
	at org.apache.hadoop.ozone.protocolPB.OzoneManagerRequestHandler.handleWriteRequest(OzoneManagerRequestHandler.java:304)
	at org.apache.hadoop.ozone.om.ratis.OzoneManagerStateMachine.runCommand(OzoneManagerStateMachine.java:529)
	at org.apache.hadoop.ozone.om.ratis.OzoneManagerStateMachine.lambda$1(OzoneManagerStateMachine.java:324)
	at java.util.concurrent.CompletableFuture$AsyncSupply.run(CompletableFuture.java:1604)
	at java.util.concurrent.ThreadPoolExecutor.runWorker(ThreadPoolExecutor.java:1149)
	at java.util.concurrent.ThreadPoolExecutor$Worker.run(ThreadPoolExecutor.java:624)
	at java.lang.Thread.run(Thread.java:750)
13:50:43.397 [IPC Server handler 9 on default port 45023] ERROR OMAudit - user=runner | ip=127.0.0.1 | op=READ_VOLUME {volume=volume-09576} | ret=FAILURE
org.apache.hadoop.ozone.om.exceptions.OMException: Volume volume-09576 is not found
	at org.apache.hadoop.ozone.om.VolumeManagerImpl.getVolumeInfo(VolumeManagerImpl.java:74) ~[ozone-manager-1.3.0-SNAPSHOT.jar:?]
	at org.apache.hadoop.ozone.om.OzoneManager.getVolumeInfo(OzoneManager.java:2604) ~[ozone-manager-1.3.0-SNAPSHOT.jar:?]
	at org.apache.hadoop.ozone.protocolPB.OzoneManagerRequestHandler.infoVolume(OzoneManagerRequestHandler.java:401) ~[ozone-manager-1.3.0-SNAPSHOT.jar:?]
	at org.apache.hadoop.ozone.protocolPB.OzoneManagerRequestHandler.handleReadRequest(OzoneManagerRequestHandler.java:168) ~[ozone-manager-1.3.0-SNAPSHOT.jar:?]
	at org.apache.hadoop.ozone.protocolPB.OzoneManagerProtocolServerSideTranslatorPB.submitReadRequestToOM(OzoneManagerProtocolServerSideTranslatorPB.java:226) ~[ozone-manager-1.3.0-SNAPSHOT.jar:?]
	at org.apache.hadoop.ozone.protocolPB.OzoneManagerProtocolServerSideTranslatorPB.processRequest(OzoneManagerProtocolServerSideTranslatorPB.java:175) ~[ozone-manager-1.3.0-SNAPSHOT.jar:?]
	at org.apache.hadoop.hdds.server.OzoneProtocolMessageDispatcher.processRequest(OzoneProtocolMessageDispatcher.java:87) [hdds-server-framework-1.3.0-SNAPSHOT.jar:?]
	at org.apache.hadoop.ozone.protocolPB.OzoneManagerProtocolServerSideTranslatorPB.submitRequest(OzoneManagerProtocolServerSideTranslatorPB.java:147) [ozone-manager-1.3.0-SNAPSHOT.jar:?]
	at org.apache.hadoop.ozone.protocol.proto.OzoneManagerProtocolProtos$OzoneManagerService$2.callBlockingMethod(OzoneManagerProtocolProtos.java) [ozone-interface-client-1.3.0-SNAPSHOT.jar:?]
	at org.apache.hadoop.ipc.ProtobufRpcEngine$Server.processCall(ProtobufRpcEngine.java:466) [hadoop-common-3.3.1.jar:?]
	at org.apache.hadoop.ipc.ProtobufRpcEngine2$Server$ProtoBufRpcInvoker.call(ProtobufRpcEngine2.java:574) [hadoop-common-3.3.1.jar:?]
	at org.apache.hadoop.ipc.ProtobufRpcEngine2$Server$ProtoBufRpcInvoker.call(ProtobufRpcEngine2.java:552) [hadoop-common-3.3.1.jar:?]
	at org.apache.hadoop.ipc.RPC$Server.call(RPC.java:1093) [hadoop-common-3.3.1.jar:?]
	at org.apache.hadoop.ipc.Server$RpcCall.run(Server.java:1035) [hadoop-common-3.3.1.jar:?]
	at org.apache.hadoop.ipc.Server$RpcCall.run(Server.java:963) [hadoop-common-3.3.1.jar:?]
	at java.security.AccessController.doPrivileged(Native Method) ~[?:1.8.0_332]
	at javax.security.auth.Subject.doAs(Subject.java:422) [?:1.8.0_332]
	at org.apache.hadoop.security.UserGroupInformation.doAs(UserGroupInformation.java:1878) [hadoop-common-3.3.1.jar:?]
	at org.apache.hadoop.ipc.Server$Handler.run(Server.java:2966) [hadoop-common-3.3.1.jar:?]
]]></system-out>
  </testcase>
  <testcase name="testDeleteVolumeAndBucket" classname="TestRootedOzoneFileSystem" time="0.178">
    <system-out><![CDATA[2022-08-09 13:52:07,899 [Time-limited test] INFO  rpc.RpcClient (RpcClient.java:createVolume(468)) - Creating Volume: volume34774, with user55453 as owner and space quota set to -1 bytes, counts quota set to -1
2022-08-09 13:52:07,900 [IPC Server handler 12 on default port 44079] INFO  volume.OMVolumeCreateRequest (OMVolumeCreateRequest.java:validateAndUpdateCache(195)) - created volume:volume34774 for user:user55453
2022-08-09 13:52:07,901 [Time-limited test] INFO  rpc.RpcClient (RpcClient.java:createBucket(671)) - Creating Bucket: volume34774/bucket38977, with bucket layout LEGACY, runner as owner, Versioning false, Storage Type set to DISK and Encryption set to false 
2022-08-09 13:52:07,901 [IPC Server handler 17 on default port 44079] INFO  bucket.OMBucketCreateRequest (OMBucketCreateRequest.java:validateAndUpdateCache(260)) - created bucket: bucket38977 of layout LEGACY in volume: volume34774
13:52:07.909 [IPC Server handler 6 on default port 44079] ERROR OMAudit - user=runner | ip=127.0.0.1 | op=READ_BUCKET {volume=volume-77215, bucket=bucket2} | ret=FAILURE
org.apache.hadoop.ozone.om.exceptions.OMException: Volume not found when getting bucket info
	at org.apache.hadoop.ozone.om.BucketManagerImpl.getBucketInfo(BucketManagerImpl.java:127) ~[ozone-manager-1.3.0-SNAPSHOT.jar:?]
	at org.apache.hadoop.ozone.om.OzoneManager.getBucketInfo(OzoneManager.java:2780) ~[ozone-manager-1.3.0-SNAPSHOT.jar:?]
	at org.apache.hadoop.ozone.protocolPB.OzoneManagerRequestHandler.infoBucket(OzoneManagerRequestHandler.java:475) ~[ozone-manager-1.3.0-SNAPSHOT.jar:?]
	at org.apache.hadoop.ozone.protocolPB.OzoneManagerRequestHandler.handleReadRequest(OzoneManagerRequestHandler.java:178) ~[ozone-manager-1.3.0-SNAPSHOT.jar:?]
	at org.apache.hadoop.ozone.protocolPB.OzoneManagerProtocolServerSideTranslatorPB.submitRequestDirectlyToOM(OzoneManagerProtocolServerSideTranslatorPB.java:276) ~[ozone-manager-1.3.0-SNAPSHOT.jar:?]
	at org.apache.hadoop.ozone.protocolPB.OzoneManagerProtocolServerSideTranslatorPB.processRequest(OzoneManagerProtocolServerSideTranslatorPB.java:205) ~[ozone-manager-1.3.0-SNAPSHOT.jar:?]
	at org.apache.hadoop.hdds.server.OzoneProtocolMessageDispatcher.processRequest(OzoneProtocolMessageDispatcher.java:87) [hdds-server-framework-1.3.0-SNAPSHOT.jar:?]
	at org.apache.hadoop.ozone.protocolPB.OzoneManagerProtocolServerSideTranslatorPB.submitRequest(OzoneManagerProtocolServerSideTranslatorPB.java:147) [ozone-manager-1.3.0-SNAPSHOT.jar:?]
	at org.apache.hadoop.ozone.protocol.proto.OzoneManagerProtocolProtos$OzoneManagerService$2.callBlockingMethod(OzoneManagerProtocolProtos.java) [ozone-interface-client-1.3.0-SNAPSHOT.jar:?]
	at org.apache.hadoop.ipc.ProtobufRpcEngine$Server.processCall(ProtobufRpcEngine.java:466) [hadoop-common-3.3.1.jar:?]
	at org.apache.hadoop.ipc.ProtobufRpcEngine2$Server$ProtoBufRpcInvoker.call(ProtobufRpcEngine2.java:574) [hadoop-common-3.3.1.jar:?]
	at org.apache.hadoop.ipc.ProtobufRpcEngine2$Server$ProtoBufRpcInvoker.call(ProtobufRpcEngine2.java:552) [hadoop-common-3.3.1.jar:?]
	at org.apache.hadoop.ipc.RPC$Server.call(RPC.java:1093) [hadoop-common-3.3.1.jar:?]
	at org.apache.hadoop.ipc.Server$RpcCall.run(Server.java:1035) [hadoop-common-3.3.1.jar:?]
	at org.apache.hadoop.ipc.Server$RpcCall.run(Server.java:963) [hadoop-common-3.3.1.jar:?]
	at java.security.AccessController.doPrivileged(Native Method) ~[?:1.8.0_332]
	at javax.security.auth.Subject.doAs(Subject.java:422) [?:1.8.0_332]
	at org.apache.hadoop.security.UserGroupInformation.doAs(UserGroupInformation.java:1878) [hadoop-common-3.3.1.jar:?]
	at org.apache.hadoop.ipc.Server$Handler.run(Server.java:2966) [hadoop-common-3.3.1.jar:?]
2022-08-09 13:52:07,911 [Time-limited test] INFO  rpc.RpcClient (RpcClient.java:createVolume(468)) - Creating Volume: volume-77215, with runner as owner and space quota set to -1 bytes, counts quota set to -1
2022-08-09 13:52:07,911 [IPC Server handler 5 on default port 44079] INFO  volume.OMVolumeCreateRequest (OMVolumeCreateRequest.java:validateAndUpdateCache(195)) - created volume:volume-77215 for user:runner
2022-08-09 13:52:07,912 [Time-limited test] INFO  rpc.RpcClient (RpcClient.java:createBucket(671)) - Creating Bucket: volume-77215/bucket2, with bucket layout LEGACY, runner as owner, Versioning false, Storage Type set to DISK and Encryption set to false 
2022-08-09 13:52:07,912 [IPC Server handler 2 on default port 44079] INFO  bucket.OMBucketCreateRequest (OMBucketCreateRequest.java:validateAndUpdateCache(260)) - created bucket: bucket2 of layout LEGACY in volume: volume-77215
13:52:07.921 [IPC Server handler 0 on default port 44079] ERROR OMAudit - user=runner | ip=127.0.0.1 | op=DELETE_VOLUME {volume=volume-77215} | ret=FAILURE
org.apache.hadoop.ozone.om.exceptions.OMException: null
	at org.apache.hadoop.ozone.om.request.volume.OMVolumeDeleteRequest.validateAndUpdateCache(OMVolumeDeleteRequest.java:122) ~[ozone-manager-1.3.0-SNAPSHOT.jar:?]
	at org.apache.hadoop.ozone.protocolPB.OzoneManagerRequestHandler.handleWriteRequest(OzoneManagerRequestHandler.java:304) ~[ozone-manager-1.3.0-SNAPSHOT.jar:?]
	at org.apache.hadoop.ozone.protocolPB.OzoneManagerProtocolServerSideTranslatorPB.submitRequestDirectlyToOM(OzoneManagerProtocolServerSideTranslatorPB.java:282) ~[ozone-manager-1.3.0-SNAPSHOT.jar:?]
	at org.apache.hadoop.ozone.protocolPB.OzoneManagerProtocolServerSideTranslatorPB.processRequest(OzoneManagerProtocolServerSideTranslatorPB.java:205) ~[ozone-manager-1.3.0-SNAPSHOT.jar:?]
	at org.apache.hadoop.hdds.server.OzoneProtocolMessageDispatcher.processRequest(OzoneProtocolMessageDispatcher.java:87) [hdds-server-framework-1.3.0-SNAPSHOT.jar:?]
	at org.apache.hadoop.ozone.protocolPB.OzoneManagerProtocolServerSideTranslatorPB.submitRequest(OzoneManagerProtocolServerSideTranslatorPB.java:147) [ozone-manager-1.3.0-SNAPSHOT.jar:?]
	at org.apache.hadoop.ozone.protocol.proto.OzoneManagerProtocolProtos$OzoneManagerService$2.callBlockingMethod(OzoneManagerProtocolProtos.java) [ozone-interface-client-1.3.0-SNAPSHOT.jar:?]
	at org.apache.hadoop.ipc.ProtobufRpcEngine$Server.processCall(ProtobufRpcEngine.java:466) [hadoop-common-3.3.1.jar:?]
	at org.apache.hadoop.ipc.ProtobufRpcEngine2$Server$ProtoBufRpcInvoker.call(ProtobufRpcEngine2.java:574) [hadoop-common-3.3.1.jar:?]
	at org.apache.hadoop.ipc.ProtobufRpcEngine2$Server$ProtoBufRpcInvoker.call(ProtobufRpcEngine2.java:552) [hadoop-common-3.3.1.jar:?]
	at org.apache.hadoop.ipc.RPC$Server.call(RPC.java:1093) [hadoop-common-3.3.1.jar:?]
	at org.apache.hadoop.ipc.Server$RpcCall.run(Server.java:1035) [hadoop-common-3.3.1.jar:?]
	at org.apache.hadoop.ipc.Server$RpcCall.run(Server.java:963) [hadoop-common-3.3.1.jar:?]
	at java.security.AccessController.doPrivileged(Native Method) ~[?:1.8.0_332]
	at javax.security.auth.Subject.doAs(Subject.java:422) [?:1.8.0_332]
	at org.apache.hadoop.security.UserGroupInformation.doAs(UserGroupInformation.java:1878) [hadoop-common-3.3.1.jar:?]
	at org.apache.hadoop.ipc.Server$Handler.run(Server.java:2966) [hadoop-common-3.3.1.jar:?]
2022-08-09 13:52:07,922 [IPC Server handler 0 on default port 44079] ERROR volume.OMVolumeDeleteRequest (OMVolumeDeleteRequest.java:validateAndUpdateCache(170)) - Volume deletion failed for user:runner volume:volume-77215
VOLUME_NOT_EMPTY org.apache.hadoop.ozone.om.exceptions.OMException
	at org.apache.hadoop.ozone.om.request.volume.OMVolumeDeleteRequest.validateAndUpdateCache(OMVolumeDeleteRequest.java:122)
	at org.apache.hadoop.ozone.protocolPB.OzoneManagerRequestHandler.handleWriteRequest(OzoneManagerRequestHandler.java:304)
	at org.apache.hadoop.ozone.protocolPB.OzoneManagerProtocolServerSideTranslatorPB.submitRequestDirectlyToOM(OzoneManagerProtocolServerSideTranslatorPB.java:282)
	at org.apache.hadoop.ozone.protocolPB.OzoneManagerProtocolServerSideTranslatorPB.processRequest(OzoneManagerProtocolServerSideTranslatorPB.java:205)
	at org.apache.hadoop.hdds.server.OzoneProtocolMessageDispatcher.processRequest(OzoneProtocolMessageDispatcher.java:87)
	at org.apache.hadoop.ozone.protocolPB.OzoneManagerProtocolServerSideTranslatorPB.submitRequest(OzoneManagerProtocolServerSideTranslatorPB.java:147)
	at org.apache.hadoop.ozone.protocol.proto.OzoneManagerProtocolProtos$OzoneManagerService$2.callBlockingMethod(OzoneManagerProtocolProtos.java)
	at org.apache.hadoop.ipc.ProtobufRpcEngine$Server.processCall(ProtobufRpcEngine.java:466)
	at org.apache.hadoop.ipc.ProtobufRpcEngine2$Server$ProtoBufRpcInvoker.call(ProtobufRpcEngine2.java:574)
	at org.apache.hadoop.ipc.ProtobufRpcEngine2$Server$ProtoBufRpcInvoker.call(ProtobufRpcEngine2.java:552)
	at org.apache.hadoop.ipc.RPC$Server.call(RPC.java:1093)
	at org.apache.hadoop.ipc.Server$RpcCall.run(Server.java:1035)
	at org.apache.hadoop.ipc.Server$RpcCall.run(Server.java:963)
	at java.security.AccessController.doPrivileged(Native Method)
	at javax.security.auth.Subject.doAs(Subject.java:422)
	at org.apache.hadoop.security.UserGroupInformation.doAs(UserGroupInformation.java:1878)
	at org.apache.hadoop.ipc.Server$Handler.run(Server.java:2966)
13:52:07.956 [IPC Server handler 4 on default port 44079] ERROR OMAudit - user=runner | ip=127.0.0.1 | op=READ_VOLUME {volume=volume-77215} | ret=FAILURE
org.apache.hadoop.ozone.om.exceptions.OMException: Volume volume-77215 is not found
	at org.apache.hadoop.ozone.om.VolumeManagerImpl.getVolumeInfo(VolumeManagerImpl.java:74) ~[ozone-manager-1.3.0-SNAPSHOT.jar:?]
	at org.apache.hadoop.ozone.om.OzoneManager.getVolumeInfo(OzoneManager.java:2604) ~[ozone-manager-1.3.0-SNAPSHOT.jar:?]
	at org.apache.hadoop.ozone.protocolPB.OzoneManagerRequestHandler.infoVolume(OzoneManagerRequestHandler.java:401) ~[ozone-manager-1.3.0-SNAPSHOT.jar:?]
	at org.apache.hadoop.ozone.protocolPB.OzoneManagerRequestHandler.handleReadRequest(OzoneManagerRequestHandler.java:168) ~[ozone-manager-1.3.0-SNAPSHOT.jar:?]
	at org.apache.hadoop.ozone.protocolPB.OzoneManagerProtocolServerSideTranslatorPB.submitRequestDirectlyToOM(OzoneManagerProtocolServerSideTranslatorPB.java:276) ~[ozone-manager-1.3.0-SNAPSHOT.jar:?]
	at org.apache.hadoop.ozone.protocolPB.OzoneManagerProtocolServerSideTranslatorPB.processRequest(OzoneManagerProtocolServerSideTranslatorPB.java:205) ~[ozone-manager-1.3.0-SNAPSHOT.jar:?]
	at org.apache.hadoop.hdds.server.OzoneProtocolMessageDispatcher.processRequest(OzoneProtocolMessageDispatcher.java:87) [hdds-server-framework-1.3.0-SNAPSHOT.jar:?]
	at org.apache.hadoop.ozone.protocolPB.OzoneManagerProtocolServerSideTranslatorPB.submitRequest(OzoneManagerProtocolServerSideTranslatorPB.java:147) [ozone-manager-1.3.0-SNAPSHOT.jar:?]
	at org.apache.hadoop.ozone.protocol.proto.OzoneManagerProtocolProtos$OzoneManagerService$2.callBlockingMethod(OzoneManagerProtocolProtos.java) [ozone-interface-client-1.3.0-SNAPSHOT.jar:?]
	at org.apache.hadoop.ipc.ProtobufRpcEngine$Server.processCall(ProtobufRpcEngine.java:466) [hadoop-common-3.3.1.jar:?]
	at org.apache.hadoop.ipc.ProtobufRpcEngine2$Server$ProtoBufRpcInvoker.call(ProtobufRpcEngine2.java:574) [hadoop-common-3.3.1.jar:?]
	at org.apache.hadoop.ipc.ProtobufRpcEngine2$Server$ProtoBufRpcInvoker.call(ProtobufRpcEngine2.java:552) [hadoop-common-3.3.1.jar:?]
	at org.apache.hadoop.ipc.RPC$Server.call(RPC.java:1093) [hadoop-common-3.3.1.jar:?]
	at org.apache.hadoop.ipc.Server$RpcCall.run(Server.java:1035) [hadoop-common-3.3.1.jar:?]
	at org.apache.hadoop.ipc.Server$RpcCall.run(Server.java:963) [hadoop-common-3.3.1.jar:?]
	at java.security.AccessController.doPrivileged(Native Method) ~[?:1.8.0_332]
	at javax.security.auth.Subject.doAs(Subject.java:422) [?:1.8.0_332]
	at org.apache.hadoop.security.UserGroupInformation.doAs(UserGroupInformation.java:1878) [hadoop-common-3.3.1.jar:?]
	at org.apache.hadoop.ipc.Server$Handler.run(Server.java:2966) [hadoop-common-3.3.1.jar:?]
]]></system-out>
  </testcase>
  <testcase name="testRenameDirToItsOwnSubDir" classname="TestRootedOzoneFileSystem" time="0.079">
    <system-out><![CDATA[2022-08-09 13:47:16,206 [Time-limited test] INFO  rpc.RpcClient (RpcClient.java:createVolume(468)) - Creating Volume: volume83297, with user41066 as owner and space quota set to -1 bytes, counts quota set to -1
2022-08-09 13:47:16,209 [OM StateMachine ApplyTransaction Thread - 0] INFO  volume.OMVolumeCreateRequest (OMVolumeCreateRequest.java:validateAndUpdateCache(195)) - created volume:volume83297 for user:user41066
2022-08-09 13:47:16,212 [Time-limited test] INFO  rpc.RpcClient (RpcClient.java:createBucket(671)) - Creating Bucket: volume83297/bucket26916, with bucket layout LEGACY, runner as owner, Versioning false, Storage Type set to DISK and Encryption set to false 
2022-08-09 13:47:16,214 [OM StateMachine ApplyTransaction Thread - 0] INFO  bucket.OMBucketCreateRequest (OMBucketCreateRequest.java:validateAndUpdateCache(260)) - created bucket: bucket26916 of layout LEGACY in volume: volume83297
2022-08-09 13:47:16,221 [Time-limited test] INFO  ozone.TestRootedOzoneFileSystem (TestRootedOzoneFileSystem.java:testRenameDirToItsOwnSubDir(1610)) - Created dir1 /volume83297/bucket26916/root/dir1/sub_dir1
2022-08-09 13:47:16,221 [Time-limited test] INFO  ozone.TestRootedOzoneFileSystem (TestRootedOzoneFileSystem.java:testRenameDirToItsOwnSubDir(1613)) - Rename op-> source:/volume83297/bucket26916/root to destin:/volume83297/bucket26916/root/dir1/sub_dir1
]]></system-out>
  </testcase>
  <testcase name="testRenameDirToItsOwnSubDir" classname="TestRootedOzoneFileSystem" time="0.111">
    <system-out><![CDATA[2022-08-09 13:48:20,891 [Time-limited test] INFO  rpc.RpcClient (RpcClient.java:createVolume(468)) - Creating Volume: volume06023, with user71591 as owner and space quota set to -1 bytes, counts quota set to -1
2022-08-09 13:48:20,892 [OM StateMachine ApplyTransaction Thread - 0] INFO  volume.OMVolumeCreateRequest (OMVolumeCreateRequest.java:validateAndUpdateCache(195)) - created volume:volume06023 for user:user71591
2022-08-09 13:48:20,893 [Time-limited test] INFO  rpc.RpcClient (RpcClient.java:createBucket(671)) - Creating Bucket: volume06023/bucket07670, with bucket layout LEGACY, runner as owner, Versioning false, Storage Type set to DISK and Encryption set to false 
2022-08-09 13:48:20,895 [e91f8b27-0fc3-4f4d-ba73-1916ce0a206a@group-86C5355C45A4-FollowerState] INFO  impl.FollowerState (FollowerState.java:run(143)) - e91f8b27-0fc3-4f4d-ba73-1916ce0a206a@group-86C5355C45A4-FollowerState: change to CANDIDATE, lastRpcElapsedTime:5182993162ns, electionTimeout:5174ms
2022-08-09 13:48:20,895 [e91f8b27-0fc3-4f4d-ba73-1916ce0a206a@group-86C5355C45A4-FollowerState] INFO  impl.RoleInfo (RoleInfo.java:shutdownFollowerState(110)) - e91f8b27-0fc3-4f4d-ba73-1916ce0a206a: shutdown e91f8b27-0fc3-4f4d-ba73-1916ce0a206a@group-86C5355C45A4-FollowerState
2022-08-09 13:48:20,895 [e91f8b27-0fc3-4f4d-ba73-1916ce0a206a@group-86C5355C45A4-FollowerState] INFO  server.RaftServer$Division (RaftServerImpl.java:setRole(299)) - e91f8b27-0fc3-4f4d-ba73-1916ce0a206a@group-86C5355C45A4: changes role from  FOLLOWER to CANDIDATE at term 0 for changeToCandidate
2022-08-09 13:48:20,895 [e91f8b27-0fc3-4f4d-ba73-1916ce0a206a@group-86C5355C45A4-FollowerState] INFO  server.RaftServerConfigKeys (ConfUtils.java:logGet(46)) - raft.server.leaderelection.pre-vote = false (custom)
2022-08-09 13:48:20,895 [e91f8b27-0fc3-4f4d-ba73-1916ce0a206a@group-86C5355C45A4-FollowerState] INFO  impl.RoleInfo (RoleInfo.java:updateAndGet(139)) - e91f8b27-0fc3-4f4d-ba73-1916ce0a206a: start e91f8b27-0fc3-4f4d-ba73-1916ce0a206a@group-86C5355C45A4-LeaderElection21
2022-08-09 13:48:20,896 [OM StateMachine ApplyTransaction Thread - 0] INFO  bucket.OMBucketCreateRequest (OMBucketCreateRequest.java:validateAndUpdateCache(260)) - created bucket: bucket07670 of layout LEGACY in volume: volume06023
2022-08-09 13:48:20,899 [Time-limited test] INFO  ozone.TestRootedOzoneFileSystem (TestRootedOzoneFileSystem.java:testRenameDirToItsOwnSubDir(1610)) - Created dir1 /volume06023/bucket07670/root/dir1/sub_dir1
2022-08-09 13:48:20,899 [Time-limited test] INFO  ozone.TestRootedOzoneFileSystem (TestRootedOzoneFileSystem.java:testRenameDirToItsOwnSubDir(1613)) - Rename op-> source:/volume06023/bucket07670/root to destin:/volume06023/bucket07670/root/dir1/sub_dir1
2022-08-09 13:48:20,907 [e91f8b27-0fc3-4f4d-ba73-1916ce0a206a@group-86C5355C45A4-LeaderElection21] INFO  impl.LeaderElection (LeaderElection.java:askForVotes(310)) - e91f8b27-0fc3-4f4d-ba73-1916ce0a206a@group-86C5355C45A4-LeaderElection21 ELECTION round 0: submit vote requests at term 1 for -1: [e91f8b27-0fc3-4f4d-ba73-1916ce0a206a|rpc:10.1.0.19:33393|priority:1], old=null
2022-08-09 13:48:20,908 [e91f8b27-0fc3-4f4d-ba73-1916ce0a206a@group-86C5355C45A4-LeaderElection21] INFO  impl.LeaderElection (LeaderElection.java:askForVotes(312)) - e91f8b27-0fc3-4f4d-ba73-1916ce0a206a@group-86C5355C45A4-LeaderElection21 ELECTION round 0: result PASSED (term=1)
2022-08-09 13:48:20,908 [e91f8b27-0fc3-4f4d-ba73-1916ce0a206a@group-86C5355C45A4-LeaderElection21] INFO  impl.RoleInfo (RoleInfo.java:shutdownLeaderElection(130)) - e91f8b27-0fc3-4f4d-ba73-1916ce0a206a: shutdown e91f8b27-0fc3-4f4d-ba73-1916ce0a206a@group-86C5355C45A4-LeaderElection21
2022-08-09 13:48:20,908 [e91f8b27-0fc3-4f4d-ba73-1916ce0a206a@group-86C5355C45A4-LeaderElection21] INFO  server.RaftServer$Division (RaftServerImpl.java:setRole(299)) - e91f8b27-0fc3-4f4d-ba73-1916ce0a206a@group-86C5355C45A4: changes role from CANDIDATE to LEADER at term 1 for changeToLeader
2022-08-09 13:48:20,908 [e91f8b27-0fc3-4f4d-ba73-1916ce0a206a@group-86C5355C45A4-LeaderElection21] INFO  ratis.XceiverServerRatis (XceiverServerRatis.java:handleLeaderChangedNotification(863)) - Leader change notification received for group: group-86C5355C45A4 with new leaderId: e91f8b27-0fc3-4f4d-ba73-1916ce0a206a
2022-08-09 13:48:20,908 [e91f8b27-0fc3-4f4d-ba73-1916ce0a206a@group-86C5355C45A4-LeaderElection21] INFO  server.RaftServer$Division (ServerState.java:setLeader(287)) - e91f8b27-0fc3-4f4d-ba73-1916ce0a206a@group-86C5355C45A4: change Leader from null to e91f8b27-0fc3-4f4d-ba73-1916ce0a206a at term 1 for becomeLeader, leader elected after 5202ms
2022-08-09 13:48:20,908 [e91f8b27-0fc3-4f4d-ba73-1916ce0a206a@group-86C5355C45A4-LeaderElection21] INFO  server.RaftServerConfigKeys (ConfUtils.java:logGet(46)) - raft.server.staging.catchup.gap = 1000 (default)
2022-08-09 13:48:20,908 [e91f8b27-0fc3-4f4d-ba73-1916ce0a206a@group-86C5355C45A4-LeaderElection21] INFO  server.RaftServerConfigKeys (ConfUtils.java:logGet(46)) - raft.server.write.element-limit = 1024 (custom)
2022-08-09 13:48:20,908 [e91f8b27-0fc3-4f4d-ba73-1916ce0a206a@group-86C5355C45A4-LeaderElection21] INFO  server.RaftServerConfigKeys (ConfUtils.java:logGet(46)) - raft.server.write.byte-limit = 1024 M (=1073741824) (custom)
2022-08-09 13:48:20,908 [e91f8b27-0fc3-4f4d-ba73-1916ce0a206a@group-86C5355C45A4-LeaderElection21] INFO  server.RaftServerConfigKeys (ConfUtils.java:logGet(46)) - raft.server.watch.timeout = 180s (custom)
2022-08-09 13:48:20,908 [e91f8b27-0fc3-4f4d-ba73-1916ce0a206a@group-86C5355C45A4-LeaderElection21] INFO  server.RaftServerConfigKeys (ConfUtils.java:logGet(46)) - raft.server.watch.timeout.denomination = 1s (default)
2022-08-09 13:48:20,908 [e91f8b27-0fc3-4f4d-ba73-1916ce0a206a@group-86C5355C45A4-LeaderElection21] INFO  server.RaftServerConfigKeys (ConfUtils.java:logGet(46)) - raft.server.watch.element-limit = 65536 (default)
2022-08-09 13:48:20,908 [e91f8b27-0fc3-4f4d-ba73-1916ce0a206a@group-86C5355C45A4-LeaderElection21] INFO  server.RaftServerConfigKeys (ConfUtils.java:logGet(46)) - raft.server.write.element-limit = 1024 (custom)
2022-08-09 13:48:20,909 [e91f8b27-0fc3-4f4d-ba73-1916ce0a206a@group-86C5355C45A4-LeaderElection21] INFO  server.RaftServerConfigKeys (ConfUtils.java:logGet(46)) - raft.server.write.follower.gap.ratio.max = -1.0 (default)
2022-08-09 13:48:20,909 [e91f8b27-0fc3-4f4d-ba73-1916ce0a206a@group-86C5355C45A4-LeaderElection21] INFO  impl.RoleInfo (RoleInfo.java:updateAndGet(139)) - e91f8b27-0fc3-4f4d-ba73-1916ce0a206a: start e91f8b27-0fc3-4f4d-ba73-1916ce0a206a@group-86C5355C45A4-LeaderStateImpl
2022-08-09 13:48:20,913 [e91f8b27-0fc3-4f4d-ba73-1916ce0a206a@group-86C5355C45A4-LeaderElection21] INFO  segmented.SegmentedRaftLogWorker (SegmentedRaftLogWorker.java:startLogSegment(425)) - e91f8b27-0fc3-4f4d-ba73-1916ce0a206a@group-86C5355C45A4-SegmentedRaftLogWorker: Starting segment from index:0
2022-08-09 13:48:20,915 [e91f8b27-0fc3-4f4d-ba73-1916ce0a206a@group-86C5355C45A4-SegmentedRaftLogWorker] INFO  segmented.SegmentedRaftLogWorker (SegmentedRaftLogWorker.java:execute(629)) - e91f8b27-0fc3-4f4d-ba73-1916ce0a206a@group-86C5355C45A4-SegmentedRaftLogWorker: created new log segment /home/runner/work/ozone/ozone/hadoop-ozone/integration-test/target/test-dir/MiniOzoneClusterImpl-47423824-61ae-4caf-b360-a3644823e0d5/datanode-4/data/ratis/f3e333ce-8a34-48d3-b596-86c5355c45a4/current/log_inprogress_0
]]></system-out>
  </testcase>
  <testcase name="testRenameDirToItsOwnSubDir" classname="TestRootedOzoneFileSystem" time="0.047">
    <system-out><![CDATA[2022-08-09 13:49:26,920 [Time-limited test] INFO  rpc.RpcClient (RpcClient.java:createVolume(468)) - Creating Volume: volume36551, with user65707 as owner and space quota set to -1 bytes, counts quota set to -1
2022-08-09 13:49:26,925 [IPC Server handler 0 on default port 42643] INFO  volume.OMVolumeCreateRequest (OMVolumeCreateRequest.java:validateAndUpdateCache(195)) - created volume:volume36551 for user:user65707
2022-08-09 13:49:26,928 [Time-limited test] INFO  rpc.RpcClient (RpcClient.java:createBucket(671)) - Creating Bucket: volume36551/bucket86244, with bucket layout LEGACY, runner as owner, Versioning false, Storage Type set to DISK and Encryption set to false 
2022-08-09 13:49:26,929 [IPC Server handler 3 on default port 42643] INFO  bucket.OMBucketCreateRequest (OMBucketCreateRequest.java:validateAndUpdateCache(260)) - created bucket: bucket86244 of layout LEGACY in volume: volume36551
2022-08-09 13:49:26,930 [Time-limited test] INFO  ozone.TestRootedOzoneFileSystem (TestRootedOzoneFileSystem.java:testRenameDirToItsOwnSubDir(1610)) - Created dir1 /volume36551/bucket86244/root/dir1/sub_dir1
2022-08-09 13:49:26,930 [Time-limited test] INFO  ozone.TestRootedOzoneFileSystem (TestRootedOzoneFileSystem.java:testRenameDirToItsOwnSubDir(1613)) - Rename op-> source:/volume36551/bucket86244/root to destin:/volume36551/bucket86244/root/dir1/sub_dir1
]]></system-out>
  </testcase>
  <testcase name="testRenameDirToItsOwnSubDir" classname="TestRootedOzoneFileSystem" time="0.154">
    <system-out><![CDATA[2022-08-09 13:50:43,512 [Time-limited test] INFO  rpc.RpcClient (RpcClient.java:createVolume(468)) - Creating Volume: volume45374, with user63435 as owner and space quota set to -1 bytes, counts quota set to -1
2022-08-09 13:50:43,514 [OM StateMachine ApplyTransaction Thread - 0] INFO  volume.OMVolumeCreateRequest (OMVolumeCreateRequest.java:validateAndUpdateCache(195)) - created volume:volume45374 for user:user63435
2022-08-09 13:50:43,515 [Time-limited test] INFO  rpc.RpcClient (RpcClient.java:createBucket(671)) - Creating Bucket: volume45374/bucket30027, with bucket layout LEGACY, runner as owner, Versioning false, Storage Type set to DISK and Encryption set to false 
2022-08-09 13:50:43,516 [OM StateMachine ApplyTransaction Thread - 0] INFO  bucket.OMBucketCreateRequest (OMBucketCreateRequest.java:validateAndUpdateCache(260)) - created bucket: bucket30027 of layout LEGACY in volume: volume45374
2022-08-09 13:50:43,533 [Time-limited test] INFO  ozone.TestRootedOzoneFileSystem (TestRootedOzoneFileSystem.java:testRenameDirToItsOwnSubDir(1610)) - Created dir1 /volume45374/bucket30027/root/dir1/sub_dir1
2022-08-09 13:50:43,533 [Time-limited test] INFO  ozone.TestRootedOzoneFileSystem (TestRootedOzoneFileSystem.java:testRenameDirToItsOwnSubDir(1613)) - Rename op-> source:/volume45374/bucket30027/root to destin:/volume45374/bucket30027/root/dir1/sub_dir1
]]></system-out>
  </testcase>
  <testcase name="testRenameDirToItsOwnSubDir" classname="TestRootedOzoneFileSystem" time="0.132">
    <system-out><![CDATA[2022-08-09 13:52:08,068 [Time-limited test] INFO  rpc.RpcClient (RpcClient.java:createVolume(468)) - Creating Volume: volume58881, with user28582 as owner and space quota set to -1 bytes, counts quota set to -1
2022-08-09 13:52:08,069 [IPC Server handler 3 on default port 44079] INFO  volume.OMVolumeCreateRequest (OMVolumeCreateRequest.java:validateAndUpdateCache(195)) - created volume:volume58881 for user:user28582
2022-08-09 13:52:08,070 [Time-limited test] INFO  rpc.RpcClient (RpcClient.java:createBucket(671)) - Creating Bucket: volume58881/bucket20519, with bucket layout LEGACY, runner as owner, Versioning false, Storage Type set to DISK and Encryption set to false 
2022-08-09 13:52:08,070 [IPC Server handler 18 on default port 44079] INFO  bucket.OMBucketCreateRequest (OMBucketCreateRequest.java:validateAndUpdateCache(260)) - created bucket: bucket20519 of layout LEGACY in volume: volume58881
2022-08-09 13:52:08,071 [Time-limited test] INFO  ozone.TestRootedOzoneFileSystem (TestRootedOzoneFileSystem.java:testRenameDirToItsOwnSubDir(1610)) - Created dir1 /volume58881/bucket20519/root/dir1/sub_dir1
2022-08-09 13:52:08,071 [Time-limited test] INFO  ozone.TestRootedOzoneFileSystem (TestRootedOzoneFileSystem.java:testRenameDirToItsOwnSubDir(1613)) - Rename op-> source:/volume58881/bucket20519/root to destin:/volume58881/bucket20519/root/dir1/sub_dir1
]]></system-out>
  </testcase>
  <testcase name="testDeleteBucketLink" classname="TestRootedOzoneFileSystem" time="0.135">
    <system-out><![CDATA[2022-08-09 13:47:16,283 [Time-limited test] INFO  rpc.RpcClient (RpcClient.java:createVolume(468)) - Creating Volume: volume76755, with user39334 as owner and space quota set to -1 bytes, counts quota set to -1
2022-08-09 13:47:16,288 [OM StateMachine ApplyTransaction Thread - 0] INFO  volume.OMVolumeCreateRequest (OMVolumeCreateRequest.java:validateAndUpdateCache(195)) - created volume:volume76755 for user:user39334
2022-08-09 13:47:16,290 [Time-limited test] INFO  rpc.RpcClient (RpcClient.java:createBucket(671)) - Creating Bucket: volume76755/bucket73936, with bucket layout LEGACY, runner as owner, Versioning false, Storage Type set to DISK and Encryption set to false 
2022-08-09 13:47:16,292 [OM StateMachine ApplyTransaction Thread - 0] INFO  bucket.OMBucketCreateRequest (OMBucketCreateRequest.java:validateAndUpdateCache(260)) - created bucket: bucket73936 of layout LEGACY in volume: volume76755
2022-08-09 13:47:16,295 [Time-limited test] INFO  rpc.RpcClient (RpcClient.java:createVolume(468)) - Creating Volume: volume-58343, with runner as owner and space quota set to -1 bytes, counts quota set to -1
2022-08-09 13:47:16,298 [OM StateMachine ApplyTransaction Thread - 0] INFO  volume.OMVolumeCreateRequest (OMVolumeCreateRequest.java:validateAndUpdateCache(195)) - created volume:volume-58343 for user:runner
2022-08-09 13:47:16,299 [Time-limited test] INFO  rpc.RpcClient (RpcClient.java:createBucket(671)) - Creating Bucket: volume-58343/bucket, with bucket layout LEGACY, runner as owner, Versioning false, Storage Type set to DISK and Encryption set to false 
2022-08-09 13:47:16,301 [OM StateMachine ApplyTransaction Thread - 0] INFO  bucket.OMBucketCreateRequest (OMBucketCreateRequest.java:validateAndUpdateCache(260)) - created bucket: bucket of layout LEGACY in volume: volume-58343
2022-08-09 13:47:16,312 [Time-limited test] INFO  rpc.RpcClient (RpcClient.java:createVolume(468)) - Creating Volume: volume-21542, with runner as owner and space quota set to -1 bytes, counts quota set to -1
2022-08-09 13:47:16,314 [OM StateMachine ApplyTransaction Thread - 0] INFO  volume.OMVolumeCreateRequest (OMVolumeCreateRequest.java:validateAndUpdateCache(195)) - created volume:volume-21542 for user:runner
2022-08-09 13:47:16,316 [Time-limited test] INFO  rpc.RpcClient (RpcClient.java:createBucket(671)) - Creating Bucket: volume-21542/link, with server-side default bucket layout, runner as owner, Versioning false, Storage Type set to DISK and Encryption set to false 
2022-08-09 13:47:16,318 [OM StateMachine ApplyTransaction Thread - 0] INFO  bucket.OMBucketCreateRequest (OMBucketCreateRequest.java:validateAndUpdateCache(260)) - created bucket: link of layout LEGACY in volume: volume-21542
13:47:16.325 [OM StateMachine ApplyTransaction Thread - 0] ERROR OMAudit - user=runner | ip=127.0.0.1 | op=DELETE_VOLUME {volume=volume-21542} | ret=FAILURE
org.apache.hadoop.ozone.om.exceptions.OMException: null
	at org.apache.hadoop.ozone.om.request.volume.OMVolumeDeleteRequest.validateAndUpdateCache(OMVolumeDeleteRequest.java:122) ~[ozone-manager-1.3.0-SNAPSHOT.jar:?]
	at org.apache.hadoop.ozone.protocolPB.OzoneManagerRequestHandler.handleWriteRequest(OzoneManagerRequestHandler.java:304) ~[ozone-manager-1.3.0-SNAPSHOT.jar:?]
	at org.apache.hadoop.ozone.om.ratis.OzoneManagerStateMachine.runCommand(OzoneManagerStateMachine.java:529) ~[ozone-manager-1.3.0-SNAPSHOT.jar:?]
	at org.apache.hadoop.ozone.om.ratis.OzoneManagerStateMachine.lambda$1(OzoneManagerStateMachine.java:324) ~[ozone-manager-1.3.0-SNAPSHOT.jar:?]
	at java.util.concurrent.CompletableFuture$AsyncSupply.run(CompletableFuture.java:1604) [?:1.8.0_332]
	at java.util.concurrent.ThreadPoolExecutor.runWorker(ThreadPoolExecutor.java:1149) [?:1.8.0_332]
	at java.util.concurrent.ThreadPoolExecutor$Worker.run(ThreadPoolExecutor.java:624) [?:1.8.0_332]
	at java.lang.Thread.run(Thread.java:750) [?:1.8.0_332]
2022-08-09 13:47:16,325 [OM StateMachine ApplyTransaction Thread - 0] ERROR volume.OMVolumeDeleteRequest (OMVolumeDeleteRequest.java:validateAndUpdateCache(170)) - Volume deletion failed for user:runner volume:volume-21542
VOLUME_NOT_EMPTY org.apache.hadoop.ozone.om.exceptions.OMException
	at org.apache.hadoop.ozone.om.request.volume.OMVolumeDeleteRequest.validateAndUpdateCache(OMVolumeDeleteRequest.java:122)
	at org.apache.hadoop.ozone.protocolPB.OzoneManagerRequestHandler.handleWriteRequest(OzoneManagerRequestHandler.java:304)
	at org.apache.hadoop.ozone.om.ratis.OzoneManagerStateMachine.runCommand(OzoneManagerStateMachine.java:529)
	at org.apache.hadoop.ozone.om.ratis.OzoneManagerStateMachine.lambda$1(OzoneManagerStateMachine.java:324)
	at java.util.concurrent.CompletableFuture$AsyncSupply.run(CompletableFuture.java:1604)
	at java.util.concurrent.ThreadPoolExecutor.runWorker(ThreadPoolExecutor.java:1149)
	at java.util.concurrent.ThreadPoolExecutor$Worker.run(ThreadPoolExecutor.java:624)
	at java.lang.Thread.run(Thread.java:750)
]]></system-out>
  </testcase>
  <testcase name="testDeleteBucketLink" classname="TestRootedOzoneFileSystem" time="0.191">
    <system-out><![CDATA[2022-08-09 13:48:20,932 [e91f8b27-0fc3-4f4d-ba73-1916ce0a206a@group-86C5355C45A4-LeaderElection21] INFO  server.RaftServer$Division (ServerState.java:setRaftConf(393)) - e91f8b27-0fc3-4f4d-ba73-1916ce0a206a@group-86C5355C45A4: set configuration 0: [e91f8b27-0fc3-4f4d-ba73-1916ce0a206a|rpc:10.1.0.19:33393|dataStream:|priority:1], old=null
2022-08-09 13:48:21,025 [Time-limited test] INFO  rpc.RpcClient (RpcClient.java:createVolume(468)) - Creating Volume: volume07706, with user54760 as owner and space quota set to -1 bytes, counts quota set to -1
2022-08-09 13:48:21,027 [OM StateMachine ApplyTransaction Thread - 0] INFO  volume.OMVolumeCreateRequest (OMVolumeCreateRequest.java:validateAndUpdateCache(195)) - created volume:volume07706 for user:user54760
2022-08-09 13:48:21,028 [Time-limited test] INFO  rpc.RpcClient (RpcClient.java:createBucket(671)) - Creating Bucket: volume07706/bucket25604, with bucket layout LEGACY, runner as owner, Versioning false, Storage Type set to DISK and Encryption set to false 
2022-08-09 13:48:21,029 [OM StateMachine ApplyTransaction Thread - 0] INFO  bucket.OMBucketCreateRequest (OMBucketCreateRequest.java:validateAndUpdateCache(260)) - created bucket: bucket25604 of layout LEGACY in volume: volume07706
13:48:21.030 [IPC Server handler 3 on default port 34619] ERROR OMAudit - user=runner | ip=127.0.0.1 | op=READ_BUCKET {volume=volume-63666, bucket=bucket} | ret=FAILURE
org.apache.hadoop.ozone.om.exceptions.OMException: Volume not found when getting bucket info
	at org.apache.hadoop.ozone.om.BucketManagerImpl.getBucketInfo(BucketManagerImpl.java:127) ~[ozone-manager-1.3.0-SNAPSHOT.jar:?]
	at org.apache.hadoop.ozone.om.OzoneManager.getBucketInfo(OzoneManager.java:2780) ~[ozone-manager-1.3.0-SNAPSHOT.jar:?]
	at org.apache.hadoop.ozone.protocolPB.OzoneManagerRequestHandler.infoBucket(OzoneManagerRequestHandler.java:475) ~[ozone-manager-1.3.0-SNAPSHOT.jar:?]
	at org.apache.hadoop.ozone.protocolPB.OzoneManagerRequestHandler.handleReadRequest(OzoneManagerRequestHandler.java:178) ~[ozone-manager-1.3.0-SNAPSHOT.jar:?]
	at org.apache.hadoop.ozone.protocolPB.OzoneManagerProtocolServerSideTranslatorPB.submitReadRequestToOM(OzoneManagerProtocolServerSideTranslatorPB.java:226) ~[ozone-manager-1.3.0-SNAPSHOT.jar:?]
	at org.apache.hadoop.ozone.protocolPB.OzoneManagerProtocolServerSideTranslatorPB.processRequest(OzoneManagerProtocolServerSideTranslatorPB.java:175) ~[ozone-manager-1.3.0-SNAPSHOT.jar:?]
	at org.apache.hadoop.hdds.server.OzoneProtocolMessageDispatcher.processRequest(OzoneProtocolMessageDispatcher.java:87) [hdds-server-framework-1.3.0-SNAPSHOT.jar:?]
	at org.apache.hadoop.ozone.protocolPB.OzoneManagerProtocolServerSideTranslatorPB.submitRequest(OzoneManagerProtocolServerSideTranslatorPB.java:147) [ozone-manager-1.3.0-SNAPSHOT.jar:?]
	at org.apache.hadoop.ozone.protocol.proto.OzoneManagerProtocolProtos$OzoneManagerService$2.callBlockingMethod(OzoneManagerProtocolProtos.java) [ozone-interface-client-1.3.0-SNAPSHOT.jar:?]
	at org.apache.hadoop.ipc.ProtobufRpcEngine$Server.processCall(ProtobufRpcEngine.java:466) [hadoop-common-3.3.1.jar:?]
	at org.apache.hadoop.ipc.ProtobufRpcEngine2$Server$ProtoBufRpcInvoker.call(ProtobufRpcEngine2.java:574) [hadoop-common-3.3.1.jar:?]
	at org.apache.hadoop.ipc.ProtobufRpcEngine2$Server$ProtoBufRpcInvoker.call(ProtobufRpcEngine2.java:552) [hadoop-common-3.3.1.jar:?]
	at org.apache.hadoop.ipc.RPC$Server.call(RPC.java:1093) [hadoop-common-3.3.1.jar:?]
	at org.apache.hadoop.ipc.Server$RpcCall.run(Server.java:1035) [hadoop-common-3.3.1.jar:?]
	at org.apache.hadoop.ipc.Server$RpcCall.run(Server.java:963) [hadoop-common-3.3.1.jar:?]
	at java.security.AccessController.doPrivileged(Native Method) ~[?:1.8.0_332]
	at javax.security.auth.Subject.doAs(Subject.java:422) [?:1.8.0_332]
	at org.apache.hadoop.security.UserGroupInformation.doAs(UserGroupInformation.java:1878) [hadoop-common-3.3.1.jar:?]
	at org.apache.hadoop.ipc.Server$Handler.run(Server.java:2966) [hadoop-common-3.3.1.jar:?]
2022-08-09 13:48:21,031 [Time-limited test] INFO  rpc.RpcClient (RpcClient.java:createVolume(468)) - Creating Volume: volume-63666, with runner as owner and space quota set to -1 bytes, counts quota set to -1
2022-08-09 13:48:21,032 [OM StateMachine ApplyTransaction Thread - 0] INFO  volume.OMVolumeCreateRequest (OMVolumeCreateRequest.java:validateAndUpdateCache(195)) - created volume:volume-63666 for user:runner
2022-08-09 13:48:21,033 [Time-limited test] INFO  rpc.RpcClient (RpcClient.java:createBucket(671)) - Creating Bucket: volume-63666/bucket, with bucket layout LEGACY, runner as owner, Versioning false, Storage Type set to DISK and Encryption set to false 
2022-08-09 13:48:21,034 [OM StateMachine ApplyTransaction Thread - 0] INFO  bucket.OMBucketCreateRequest (OMBucketCreateRequest.java:validateAndUpdateCache(260)) - created bucket: bucket of layout LEGACY in volume: volume-63666
2022-08-09 13:48:21,038 [Time-limited test] INFO  rpc.RpcClient (RpcClient.java:createVolume(468)) - Creating Volume: volume-12668, with runner as owner and space quota set to -1 bytes, counts quota set to -1
2022-08-09 13:48:21,039 [OM StateMachine ApplyTransaction Thread - 0] INFO  volume.OMVolumeCreateRequest (OMVolumeCreateRequest.java:validateAndUpdateCache(195)) - created volume:volume-12668 for user:runner
2022-08-09 13:48:21,040 [Time-limited test] INFO  rpc.RpcClient (RpcClient.java:createBucket(671)) - Creating Bucket: volume-12668/link, with server-side default bucket layout, runner as owner, Versioning false, Storage Type set to DISK and Encryption set to false 
2022-08-09 13:48:21,041 [OM StateMachine ApplyTransaction Thread - 0] INFO  bucket.OMBucketCreateRequest (OMBucketCreateRequest.java:validateAndUpdateCache(260)) - created bucket: link of layout LEGACY in volume: volume-12668
13:48:21.045 [OM StateMachine ApplyTransaction Thread - 0] ERROR OMAudit - user=runner | ip=127.0.0.1 | op=DELETE_VOLUME {volume=volume-12668} | ret=FAILURE
org.apache.hadoop.ozone.om.exceptions.OMException: null
	at org.apache.hadoop.ozone.om.request.volume.OMVolumeDeleteRequest.validateAndUpdateCache(OMVolumeDeleteRequest.java:122) ~[ozone-manager-1.3.0-SNAPSHOT.jar:?]
	at org.apache.hadoop.ozone.protocolPB.OzoneManagerRequestHandler.handleWriteRequest(OzoneManagerRequestHandler.java:304) ~[ozone-manager-1.3.0-SNAPSHOT.jar:?]
	at org.apache.hadoop.ozone.om.ratis.OzoneManagerStateMachine.runCommand(OzoneManagerStateMachine.java:529) ~[ozone-manager-1.3.0-SNAPSHOT.jar:?]
	at org.apache.hadoop.ozone.om.ratis.OzoneManagerStateMachine.lambda$1(OzoneManagerStateMachine.java:324) ~[ozone-manager-1.3.0-SNAPSHOT.jar:?]
	at java.util.concurrent.CompletableFuture$AsyncSupply.run(CompletableFuture.java:1604) [?:1.8.0_332]
	at java.util.concurrent.ThreadPoolExecutor.runWorker(ThreadPoolExecutor.java:1149) [?:1.8.0_332]
	at java.util.concurrent.ThreadPoolExecutor$Worker.run(ThreadPoolExecutor.java:624) [?:1.8.0_332]
	at java.lang.Thread.run(Thread.java:750) [?:1.8.0_332]
2022-08-09 13:48:21,046 [OM StateMachine ApplyTransaction Thread - 0] ERROR volume.OMVolumeDeleteRequest (OMVolumeDeleteRequest.java:validateAndUpdateCache(170)) - Volume deletion failed for user:runner volume:volume-12668
VOLUME_NOT_EMPTY org.apache.hadoop.ozone.om.exceptions.OMException
	at org.apache.hadoop.ozone.om.request.volume.OMVolumeDeleteRequest.validateAndUpdateCache(OMVolumeDeleteRequest.java:122)
	at org.apache.hadoop.ozone.protocolPB.OzoneManagerRequestHandler.handleWriteRequest(OzoneManagerRequestHandler.java:304)
	at org.apache.hadoop.ozone.om.ratis.OzoneManagerStateMachine.runCommand(OzoneManagerStateMachine.java:529)
	at org.apache.hadoop.ozone.om.ratis.OzoneManagerStateMachine.lambda$1(OzoneManagerStateMachine.java:324)
	at java.util.concurrent.CompletableFuture$AsyncSupply.run(CompletableFuture.java:1604)
	at java.util.concurrent.ThreadPoolExecutor.runWorker(ThreadPoolExecutor.java:1149)
	at java.util.concurrent.ThreadPoolExecutor$Worker.run(ThreadPoolExecutor.java:624)
	at java.lang.Thread.run(Thread.java:750)
13:48:21.059 [IPC Server handler 5 on default port 34619] ERROR OMAudit - user=runner | ip=127.0.0.1 | op=READ_BUCKET {volume=volume-12668, bucket=link} | ret=FAILURE
org.apache.hadoop.ozone.om.exceptions.OMException: Volume not found when getting bucket info
	at org.apache.hadoop.ozone.om.BucketManagerImpl.getBucketInfo(BucketManagerImpl.java:127) ~[ozone-manager-1.3.0-SNAPSHOT.jar:?]
	at org.apache.hadoop.ozone.om.OzoneManager.getBucketInfo(OzoneManager.java:2780) ~[ozone-manager-1.3.0-SNAPSHOT.jar:?]
	at org.apache.hadoop.ozone.protocolPB.OzoneManagerRequestHandler.infoBucket(OzoneManagerRequestHandler.java:475) ~[ozone-manager-1.3.0-SNAPSHOT.jar:?]
	at org.apache.hadoop.ozone.protocolPB.OzoneManagerRequestHandler.handleReadRequest(OzoneManagerRequestHandler.java:178) ~[ozone-manager-1.3.0-SNAPSHOT.jar:?]
	at org.apache.hadoop.ozone.protocolPB.OzoneManagerProtocolServerSideTranslatorPB.submitReadRequestToOM(OzoneManagerProtocolServerSideTranslatorPB.java:226) ~[ozone-manager-1.3.0-SNAPSHOT.jar:?]
	at org.apache.hadoop.ozone.protocolPB.OzoneManagerProtocolServerSideTranslatorPB.processRequest(OzoneManagerProtocolServerSideTranslatorPB.java:175) ~[ozone-manager-1.3.0-SNAPSHOT.jar:?]
	at org.apache.hadoop.hdds.server.OzoneProtocolMessageDispatcher.processRequest(OzoneProtocolMessageDispatcher.java:87) [hdds-server-framework-1.3.0-SNAPSHOT.jar:?]
	at org.apache.hadoop.ozone.protocolPB.OzoneManagerProtocolServerSideTranslatorPB.submitRequest(OzoneManagerProtocolServerSideTranslatorPB.java:147) [ozone-manager-1.3.0-SNAPSHOT.jar:?]
	at org.apache.hadoop.ozone.protocol.proto.OzoneManagerProtocolProtos$OzoneManagerService$2.callBlockingMethod(OzoneManagerProtocolProtos.java) [ozone-interface-client-1.3.0-SNAPSHOT.jar:?]
	at org.apache.hadoop.ipc.ProtobufRpcEngine$Server.processCall(ProtobufRpcEngine.java:466) [hadoop-common-3.3.1.jar:?]
	at org.apache.hadoop.ipc.ProtobufRpcEngine2$Server$ProtoBufRpcInvoker.call(ProtobufRpcEngine2.java:574) [hadoop-common-3.3.1.jar:?]
	at org.apache.hadoop.ipc.ProtobufRpcEngine2$Server$ProtoBufRpcInvoker.call(ProtobufRpcEngine2.java:552) [hadoop-common-3.3.1.jar:?]
	at org.apache.hadoop.ipc.RPC$Server.call(RPC.java:1093) [hadoop-common-3.3.1.jar:?]
	at org.apache.hadoop.ipc.Server$RpcCall.run(Server.java:1035) [hadoop-common-3.3.1.jar:?]
	at org.apache.hadoop.ipc.Server$RpcCall.run(Server.java:963) [hadoop-common-3.3.1.jar:?]
	at java.security.AccessController.doPrivileged(Native Method) ~[?:1.8.0_332]
	at javax.security.auth.Subject.doAs(Subject.java:422) [?:1.8.0_332]
	at org.apache.hadoop.security.UserGroupInformation.doAs(UserGroupInformation.java:1878) [hadoop-common-3.3.1.jar:?]
	at org.apache.hadoop.ipc.Server$Handler.run(Server.java:2966) [hadoop-common-3.3.1.jar:?]
2022-08-09 13:48:21,080 [Finalizer] WARN  managed.ManagedRocksObjectUtils (ManagedRocksObjectUtils.java:assertClosed(39)) - ManagedDBOptions is not closed properly
2022-08-09 13:48:21,080 [Finalizer] WARN  managed.ManagedRocksObjectUtils (ManagedRocksObjectUtils.java:assertClosed(39)) - ManagedColumnFamilyOptions is not closed properly
2022-08-09 13:48:21,080 [Finalizer] WARN  managed.ManagedRocksObjectUtils (ManagedRocksObjectUtils.java:assertClosed(39)) - ManagedLRUCache is not closed properly
2022-08-09 13:48:21,080 [Finalizer] WARN  managed.ManagedRocksObjectUtils (ManagedRocksObjectUtils.java:assertClosed(39)) - ManagedBloomFilter is not closed properly
2022-08-09 13:48:21,080 [Finalizer] WARN  managed.ManagedRocksObjectUtils (ManagedRocksObjectUtils.java:assertClosed(39)) - ManagedDBOptions is not closed properly
2022-08-09 13:48:21,080 [Finalizer] WARN  managed.ManagedRocksObjectUtils (ManagedRocksObjectUtils.java:assertClosed(39)) - ManagedColumnFamilyOptions is not closed properly
2022-08-09 13:48:21,080 [Finalizer] WARN  managed.ManagedRocksObjectUtils (ManagedRocksObjectUtils.java:assertClosed(39)) - ManagedLRUCache is not closed properly
2022-08-09 13:48:21,080 [Finalizer] WARN  managed.ManagedRocksObjectUtils (ManagedRocksObjectUtils.java:assertClosed(39)) - ManagedBloomFilter is not closed properly
2022-08-09 13:48:21,080 [Finalizer] WARN  managed.ManagedRocksObjectUtils (ManagedRocksObjectUtils.java:assertClosed(39)) - ManagedDBOptions is not closed properly
2022-08-09 13:48:21,080 [Finalizer] WARN  managed.ManagedRocksObjectUtils (ManagedRocksObjectUtils.java:assertClosed(39)) - ManagedColumnFamilyOptions is not closed properly
2022-08-09 13:48:21,080 [Finalizer] WARN  managed.ManagedRocksObjectUtils (ManagedRocksObjectUtils.java:assertClosed(39)) - ManagedLRUCache is not closed properly
2022-08-09 13:48:21,080 [Finalizer] WARN  managed.ManagedRocksObjectUtils (ManagedRocksObjectUtils.java:assertClosed(39)) - ManagedBloomFilter is not closed properly
2022-08-09 13:48:21,081 [Finalizer] WARN  managed.ManagedRocksObjectUtils (ManagedRocksObjectUtils.java:assertClosed(39)) - ManagedDBOptions is not closed properly
2022-08-09 13:48:21,081 [Finalizer] WARN  managed.ManagedRocksObjectUtils (ManagedRocksObjectUtils.java:assertClosed(39)) - ManagedColumnFamilyOptions is not closed properly
2022-08-09 13:48:21,081 [Finalizer] WARN  managed.ManagedRocksObjectUtils (ManagedRocksObjectUtils.java:assertClosed(39)) - ManagedLRUCache is not closed properly
2022-08-09 13:48:21,081 [Finalizer] WARN  managed.ManagedRocksObjectUtils (ManagedRocksObjectUtils.java:assertClosed(39)) - ManagedBloomFilter is not closed properly
2022-08-09 13:48:21,081 [Finalizer] WARN  managed.ManagedRocksObjectUtils (ManagedRocksObjectUtils.java:assertClosed(39)) - ManagedDBOptions is not closed properly
2022-08-09 13:48:21,081 [Finalizer] WARN  managed.ManagedRocksObjectUtils (ManagedRocksObjectUtils.java:assertClosed(39)) - ManagedColumnFamilyOptions is not closed properly
2022-08-09 13:48:21,081 [Finalizer] WARN  managed.ManagedRocksObjectUtils (ManagedRocksObjectUtils.java:assertClosed(39)) - ManagedLRUCache is not closed properly
2022-08-09 13:48:21,081 [Finalizer] WARN  managed.ManagedRocksObjectUtils (ManagedRocksObjectUtils.java:assertClosed(39)) - ManagedBloomFilter is not closed properly
2022-08-09 13:48:21,081 [Finalizer] WARN  managed.ManagedRocksObjectUtils (ManagedRocksObjectUtils.java:assertClosed(39)) - ManagedDBOptions is not closed properly
2022-08-09 13:48:21,081 [Finalizer] WARN  managed.ManagedRocksObjectUtils (ManagedRocksObjectUtils.java:assertClosed(39)) - ManagedColumnFamilyOptions is not closed properly
2022-08-09 13:48:21,081 [Finalizer] WARN  managed.ManagedRocksObjectUtils (ManagedRocksObjectUtils.java:assertClosed(39)) - ManagedLRUCache is not closed properly
2022-08-09 13:48:21,081 [Finalizer] WARN  managed.ManagedRocksObjectUtils (ManagedRocksObjectUtils.java:assertClosed(39)) - ManagedBloomFilter is not closed properly
]]></system-out>
  </testcase>
  <testcase name="testDeleteBucketLink" classname="TestRootedOzoneFileSystem" time="0.131">
    <system-out><![CDATA[2022-08-09 13:49:27,025 [Time-limited test] INFO  rpc.RpcClient (RpcClient.java:createVolume(468)) - Creating Volume: volume68064, with user20038 as owner and space quota set to -1 bytes, counts quota set to -1
2022-08-09 13:49:27,026 [IPC Server handler 14 on default port 42643] INFO  volume.OMVolumeCreateRequest (OMVolumeCreateRequest.java:validateAndUpdateCache(195)) - created volume:volume68064 for user:user20038
2022-08-09 13:49:27,027 [Time-limited test] INFO  rpc.RpcClient (RpcClient.java:createBucket(671)) - Creating Bucket: volume68064/bucket06690, with bucket layout LEGACY, runner as owner, Versioning false, Storage Type set to DISK and Encryption set to false 
2022-08-09 13:49:27,028 [IPC Server handler 2 on default port 42643] INFO  bucket.OMBucketCreateRequest (OMBucketCreateRequest.java:validateAndUpdateCache(260)) - created bucket: bucket06690 of layout LEGACY in volume: volume68064
13:49:27.029 [IPC Server handler 3 on default port 42643] ERROR OMAudit - user=runner | ip=127.0.0.1 | op=READ_BUCKET {volume=volume-95279, bucket=bucket} | ret=FAILURE
org.apache.hadoop.ozone.om.exceptions.OMException: Volume not found when getting bucket info
	at org.apache.hadoop.ozone.om.BucketManagerImpl.getBucketInfo(BucketManagerImpl.java:127) ~[ozone-manager-1.3.0-SNAPSHOT.jar:?]
	at org.apache.hadoop.ozone.om.OzoneManager.getBucketInfo(OzoneManager.java:2780) ~[ozone-manager-1.3.0-SNAPSHOT.jar:?]
	at org.apache.hadoop.ozone.protocolPB.OzoneManagerRequestHandler.infoBucket(OzoneManagerRequestHandler.java:475) ~[ozone-manager-1.3.0-SNAPSHOT.jar:?]
	at org.apache.hadoop.ozone.protocolPB.OzoneManagerRequestHandler.handleReadRequest(OzoneManagerRequestHandler.java:178) ~[ozone-manager-1.3.0-SNAPSHOT.jar:?]
	at org.apache.hadoop.ozone.protocolPB.OzoneManagerProtocolServerSideTranslatorPB.submitRequestDirectlyToOM(OzoneManagerProtocolServerSideTranslatorPB.java:276) ~[ozone-manager-1.3.0-SNAPSHOT.jar:?]
	at org.apache.hadoop.ozone.protocolPB.OzoneManagerProtocolServerSideTranslatorPB.processRequest(OzoneManagerProtocolServerSideTranslatorPB.java:205) ~[ozone-manager-1.3.0-SNAPSHOT.jar:?]
	at org.apache.hadoop.hdds.server.OzoneProtocolMessageDispatcher.processRequest(OzoneProtocolMessageDispatcher.java:87) [hdds-server-framework-1.3.0-SNAPSHOT.jar:?]
	at org.apache.hadoop.ozone.protocolPB.OzoneManagerProtocolServerSideTranslatorPB.submitRequest(OzoneManagerProtocolServerSideTranslatorPB.java:147) [ozone-manager-1.3.0-SNAPSHOT.jar:?]
	at org.apache.hadoop.ozone.protocol.proto.OzoneManagerProtocolProtos$OzoneManagerService$2.callBlockingMethod(OzoneManagerProtocolProtos.java) [ozone-interface-client-1.3.0-SNAPSHOT.jar:?]
	at org.apache.hadoop.ipc.ProtobufRpcEngine$Server.processCall(ProtobufRpcEngine.java:466) [hadoop-common-3.3.1.jar:?]
	at org.apache.hadoop.ipc.ProtobufRpcEngine2$Server$ProtoBufRpcInvoker.call(ProtobufRpcEngine2.java:574) [hadoop-common-3.3.1.jar:?]
	at org.apache.hadoop.ipc.ProtobufRpcEngine2$Server$ProtoBufRpcInvoker.call(ProtobufRpcEngine2.java:552) [hadoop-common-3.3.1.jar:?]
	at org.apache.hadoop.ipc.RPC$Server.call(RPC.java:1093) [hadoop-common-3.3.1.jar:?]
	at org.apache.hadoop.ipc.Server$RpcCall.run(Server.java:1035) [hadoop-common-3.3.1.jar:?]
	at org.apache.hadoop.ipc.Server$RpcCall.run(Server.java:963) [hadoop-common-3.3.1.jar:?]
	at java.security.AccessController.doPrivileged(Native Method) ~[?:1.8.0_332]
	at javax.security.auth.Subject.doAs(Subject.java:422) [?:1.8.0_332]
	at org.apache.hadoop.security.UserGroupInformation.doAs(UserGroupInformation.java:1878) [hadoop-common-3.3.1.jar:?]
	at org.apache.hadoop.ipc.Server$Handler.run(Server.java:2966) [hadoop-common-3.3.1.jar:?]
2022-08-09 13:49:27,033 [Time-limited test] INFO  rpc.RpcClient (RpcClient.java:createVolume(468)) - Creating Volume: volume-95279, with runner as owner and space quota set to -1 bytes, counts quota set to -1
2022-08-09 13:49:27,033 [IPC Server handler 4 on default port 42643] INFO  volume.OMVolumeCreateRequest (OMVolumeCreateRequest.java:validateAndUpdateCache(195)) - created volume:volume-95279 for user:runner
2022-08-09 13:49:27,038 [Time-limited test] INFO  rpc.RpcClient (RpcClient.java:createBucket(671)) - Creating Bucket: volume-95279/bucket, with bucket layout LEGACY, runner as owner, Versioning false, Storage Type set to DISK and Encryption set to false 
2022-08-09 13:49:27,038 [IPC Server handler 7 on default port 42643] INFO  bucket.OMBucketCreateRequest (OMBucketCreateRequest.java:validateAndUpdateCache(260)) - created bucket: bucket of layout LEGACY in volume: volume-95279
2022-08-09 13:49:27,042 [Time-limited test] INFO  rpc.RpcClient (RpcClient.java:createVolume(468)) - Creating Volume: volume-72363, with runner as owner and space quota set to -1 bytes, counts quota set to -1
2022-08-09 13:49:27,042 [IPC Server handler 13 on default port 42643] INFO  volume.OMVolumeCreateRequest (OMVolumeCreateRequest.java:validateAndUpdateCache(195)) - created volume:volume-72363 for user:runner
2022-08-09 13:49:27,043 [Time-limited test] INFO  rpc.RpcClient (RpcClient.java:createBucket(671)) - Creating Bucket: volume-72363/link, with server-side default bucket layout, runner as owner, Versioning false, Storage Type set to DISK and Encryption set to false 
2022-08-09 13:49:27,043 [IPC Server handler 10 on default port 42643] INFO  bucket.OMBucketCreateRequest (OMBucketCreateRequest.java:validateAndUpdateCache(260)) - created bucket: link of layout LEGACY in volume: volume-72363
13:49:27.045 [IPC Server handler 2 on default port 42643] ERROR OMAudit - user=runner | ip=127.0.0.1 | op=DELETE_VOLUME {volume=volume-72363} | ret=FAILURE
org.apache.hadoop.ozone.om.exceptions.OMException: null
	at org.apache.hadoop.ozone.om.request.volume.OMVolumeDeleteRequest.validateAndUpdateCache(OMVolumeDeleteRequest.java:122) ~[ozone-manager-1.3.0-SNAPSHOT.jar:?]
	at org.apache.hadoop.ozone.protocolPB.OzoneManagerRequestHandler.handleWriteRequest(OzoneManagerRequestHandler.java:304) ~[ozone-manager-1.3.0-SNAPSHOT.jar:?]
	at org.apache.hadoop.ozone.protocolPB.OzoneManagerProtocolServerSideTranslatorPB.submitRequestDirectlyToOM(OzoneManagerProtocolServerSideTranslatorPB.java:282) ~[ozone-manager-1.3.0-SNAPSHOT.jar:?]
	at org.apache.hadoop.ozone.protocolPB.OzoneManagerProtocolServerSideTranslatorPB.processRequest(OzoneManagerProtocolServerSideTranslatorPB.java:205) ~[ozone-manager-1.3.0-SNAPSHOT.jar:?]
	at org.apache.hadoop.hdds.server.OzoneProtocolMessageDispatcher.processRequest(OzoneProtocolMessageDispatcher.java:87) [hdds-server-framework-1.3.0-SNAPSHOT.jar:?]
	at org.apache.hadoop.ozone.protocolPB.OzoneManagerProtocolServerSideTranslatorPB.submitRequest(OzoneManagerProtocolServerSideTranslatorPB.java:147) [ozone-manager-1.3.0-SNAPSHOT.jar:?]
	at org.apache.hadoop.ozone.protocol.proto.OzoneManagerProtocolProtos$OzoneManagerService$2.callBlockingMethod(OzoneManagerProtocolProtos.java) [ozone-interface-client-1.3.0-SNAPSHOT.jar:?]
	at org.apache.hadoop.ipc.ProtobufRpcEngine$Server.processCall(ProtobufRpcEngine.java:466) [hadoop-common-3.3.1.jar:?]
	at org.apache.hadoop.ipc.ProtobufRpcEngine2$Server$ProtoBufRpcInvoker.call(ProtobufRpcEngine2.java:574) [hadoop-common-3.3.1.jar:?]
	at org.apache.hadoop.ipc.ProtobufRpcEngine2$Server$ProtoBufRpcInvoker.call(ProtobufRpcEngine2.java:552) [hadoop-common-3.3.1.jar:?]
	at org.apache.hadoop.ipc.RPC$Server.call(RPC.java:1093) [hadoop-common-3.3.1.jar:?]
	at org.apache.hadoop.ipc.Server$RpcCall.run(Server.java:1035) [hadoop-common-3.3.1.jar:?]
	at org.apache.hadoop.ipc.Server$RpcCall.run(Server.java:963) [hadoop-common-3.3.1.jar:?]
	at java.security.AccessController.doPrivileged(Native Method) ~[?:1.8.0_332]
	at javax.security.auth.Subject.doAs(Subject.java:422) [?:1.8.0_332]
	at org.apache.hadoop.security.UserGroupInformation.doAs(UserGroupInformation.java:1878) [hadoop-common-3.3.1.jar:?]
	at org.apache.hadoop.ipc.Server$Handler.run(Server.java:2966) [hadoop-common-3.3.1.jar:?]
2022-08-09 13:49:27,046 [IPC Server handler 2 on default port 42643] ERROR volume.OMVolumeDeleteRequest (OMVolumeDeleteRequest.java:validateAndUpdateCache(170)) - Volume deletion failed for user:runner volume:volume-72363
VOLUME_NOT_EMPTY org.apache.hadoop.ozone.om.exceptions.OMException
	at org.apache.hadoop.ozone.om.request.volume.OMVolumeDeleteRequest.validateAndUpdateCache(OMVolumeDeleteRequest.java:122)
	at org.apache.hadoop.ozone.protocolPB.OzoneManagerRequestHandler.handleWriteRequest(OzoneManagerRequestHandler.java:304)
	at org.apache.hadoop.ozone.protocolPB.OzoneManagerProtocolServerSideTranslatorPB.submitRequestDirectlyToOM(OzoneManagerProtocolServerSideTranslatorPB.java:282)
	at org.apache.hadoop.ozone.protocolPB.OzoneManagerProtocolServerSideTranslatorPB.processRequest(OzoneManagerProtocolServerSideTranslatorPB.java:205)
	at org.apache.hadoop.hdds.server.OzoneProtocolMessageDispatcher.processRequest(OzoneProtocolMessageDispatcher.java:87)
	at org.apache.hadoop.ozone.protocolPB.OzoneManagerProtocolServerSideTranslatorPB.submitRequest(OzoneManagerProtocolServerSideTranslatorPB.java:147)
	at org.apache.hadoop.ozone.protocol.proto.OzoneManagerProtocolProtos$OzoneManagerService$2.callBlockingMethod(OzoneManagerProtocolProtos.java)
	at org.apache.hadoop.ipc.ProtobufRpcEngine$Server.processCall(ProtobufRpcEngine.java:466)
	at org.apache.hadoop.ipc.ProtobufRpcEngine2$Server$ProtoBufRpcInvoker.call(ProtobufRpcEngine2.java:574)
	at org.apache.hadoop.ipc.ProtobufRpcEngine2$Server$ProtoBufRpcInvoker.call(ProtobufRpcEngine2.java:552)
	at org.apache.hadoop.ipc.RPC$Server.call(RPC.java:1093)
	at org.apache.hadoop.ipc.Server$RpcCall.run(Server.java:1035)
	at org.apache.hadoop.ipc.Server$RpcCall.run(Server.java:963)
	at java.security.AccessController.doPrivileged(Native Method)
	at javax.security.auth.Subject.doAs(Subject.java:422)
	at org.apache.hadoop.security.UserGroupInformation.doAs(UserGroupInformation.java:1878)
	at org.apache.hadoop.ipc.Server$Handler.run(Server.java:2966)
13:49:27.061 [IPC Server handler 15 on default port 42643] ERROR OMAudit - user=runner | ip=127.0.0.1 | op=READ_BUCKET {volume=volume-72363, bucket=link} | ret=FAILURE
org.apache.hadoop.ozone.om.exceptions.OMException: Volume not found when getting bucket info
	at org.apache.hadoop.ozone.om.BucketManagerImpl.getBucketInfo(BucketManagerImpl.java:127) ~[ozone-manager-1.3.0-SNAPSHOT.jar:?]
	at org.apache.hadoop.ozone.om.OzoneManager.getBucketInfo(OzoneManager.java:2780) ~[ozone-manager-1.3.0-SNAPSHOT.jar:?]
	at org.apache.hadoop.ozone.protocolPB.OzoneManagerRequestHandler.infoBucket(OzoneManagerRequestHandler.java:475) ~[ozone-manager-1.3.0-SNAPSHOT.jar:?]
	at org.apache.hadoop.ozone.protocolPB.OzoneManagerRequestHandler.handleReadRequest(OzoneManagerRequestHandler.java:178) ~[ozone-manager-1.3.0-SNAPSHOT.jar:?]
	at org.apache.hadoop.ozone.protocolPB.OzoneManagerProtocolServerSideTranslatorPB.submitRequestDirectlyToOM(OzoneManagerProtocolServerSideTranslatorPB.java:276) ~[ozone-manager-1.3.0-SNAPSHOT.jar:?]
	at org.apache.hadoop.ozone.protocolPB.OzoneManagerProtocolServerSideTranslatorPB.processRequest(OzoneManagerProtocolServerSideTranslatorPB.java:205) ~[ozone-manager-1.3.0-SNAPSHOT.jar:?]
	at org.apache.hadoop.hdds.server.OzoneProtocolMessageDispatcher.processRequest(OzoneProtocolMessageDispatcher.java:87) [hdds-server-framework-1.3.0-SNAPSHOT.jar:?]
	at org.apache.hadoop.ozone.protocolPB.OzoneManagerProtocolServerSideTranslatorPB.submitRequest(OzoneManagerProtocolServerSideTranslatorPB.java:147) [ozone-manager-1.3.0-SNAPSHOT.jar:?]
	at org.apache.hadoop.ozone.protocol.proto.OzoneManagerProtocolProtos$OzoneManagerService$2.callBlockingMethod(OzoneManagerProtocolProtos.java) [ozone-interface-client-1.3.0-SNAPSHOT.jar:?]
	at org.apache.hadoop.ipc.ProtobufRpcEngine$Server.processCall(ProtobufRpcEngine.java:466) [hadoop-common-3.3.1.jar:?]
	at org.apache.hadoop.ipc.ProtobufRpcEngine2$Server$ProtoBufRpcInvoker.call(ProtobufRpcEngine2.java:574) [hadoop-common-3.3.1.jar:?]
	at org.apache.hadoop.ipc.ProtobufRpcEngine2$Server$ProtoBufRpcInvoker.call(ProtobufRpcEngine2.java:552) [hadoop-common-3.3.1.jar:?]
	at org.apache.hadoop.ipc.RPC$Server.call(RPC.java:1093) [hadoop-common-3.3.1.jar:?]
	at org.apache.hadoop.ipc.Server$RpcCall.run(Server.java:1035) [hadoop-common-3.3.1.jar:?]
	at org.apache.hadoop.ipc.Server$RpcCall.run(Server.java:963) [hadoop-common-3.3.1.jar:?]
	at java.security.AccessController.doPrivileged(Native Method) ~[?:1.8.0_332]
	at javax.security.auth.Subject.doAs(Subject.java:422) [?:1.8.0_332]
	at org.apache.hadoop.security.UserGroupInformation.doAs(UserGroupInformation.java:1878) [hadoop-common-3.3.1.jar:?]
	at org.apache.hadoop.ipc.Server$Handler.run(Server.java:2966) [hadoop-common-3.3.1.jar:?]
]]></system-out>
  </testcase>
  <testcase name="testDeleteBucketLink" classname="TestRootedOzoneFileSystem" time="0.234">
    <system-out><![CDATA[2022-08-09 13:50:43,676 [Time-limited test] INFO  rpc.RpcClient (RpcClient.java:createVolume(468)) - Creating Volume: volume74612, with user55153 as owner and space quota set to -1 bytes, counts quota set to -1
2022-08-09 13:50:43,685 [OM StateMachine ApplyTransaction Thread - 0] INFO  volume.OMVolumeCreateRequest (OMVolumeCreateRequest.java:validateAndUpdateCache(195)) - created volume:volume74612 for user:user55153
2022-08-09 13:50:43,689 [Time-limited test] INFO  rpc.RpcClient (RpcClient.java:createBucket(671)) - Creating Bucket: volume74612/bucket86276, with bucket layout LEGACY, runner as owner, Versioning false, Storage Type set to DISK and Encryption set to false 
2022-08-09 13:50:43,705 [OM StateMachine ApplyTransaction Thread - 0] INFO  bucket.OMBucketCreateRequest (OMBucketCreateRequest.java:validateAndUpdateCache(260)) - created bucket: bucket86276 of layout LEGACY in volume: volume74612
13:50:43.718 [IPC Server handler 8 on default port 45023] ERROR OMAudit - user=runner | ip=127.0.0.1 | op=READ_BUCKET {volume=volume-97120, bucket=bucket} | ret=FAILURE
org.apache.hadoop.ozone.om.exceptions.OMException: Volume not found when getting bucket info
	at org.apache.hadoop.ozone.om.BucketManagerImpl.getBucketInfo(BucketManagerImpl.java:127) ~[ozone-manager-1.3.0-SNAPSHOT.jar:?]
	at org.apache.hadoop.ozone.om.OzoneManager.getBucketInfo(OzoneManager.java:2780) ~[ozone-manager-1.3.0-SNAPSHOT.jar:?]
	at org.apache.hadoop.ozone.protocolPB.OzoneManagerRequestHandler.infoBucket(OzoneManagerRequestHandler.java:475) ~[ozone-manager-1.3.0-SNAPSHOT.jar:?]
	at org.apache.hadoop.ozone.protocolPB.OzoneManagerRequestHandler.handleReadRequest(OzoneManagerRequestHandler.java:178) ~[ozone-manager-1.3.0-SNAPSHOT.jar:?]
	at org.apache.hadoop.ozone.protocolPB.OzoneManagerProtocolServerSideTranslatorPB.submitReadRequestToOM(OzoneManagerProtocolServerSideTranslatorPB.java:226) ~[ozone-manager-1.3.0-SNAPSHOT.jar:?]
	at org.apache.hadoop.ozone.protocolPB.OzoneManagerProtocolServerSideTranslatorPB.processRequest(OzoneManagerProtocolServerSideTranslatorPB.java:175) ~[ozone-manager-1.3.0-SNAPSHOT.jar:?]
	at org.apache.hadoop.hdds.server.OzoneProtocolMessageDispatcher.processRequest(OzoneProtocolMessageDispatcher.java:87) [hdds-server-framework-1.3.0-SNAPSHOT.jar:?]
	at org.apache.hadoop.ozone.protocolPB.OzoneManagerProtocolServerSideTranslatorPB.submitRequest(OzoneManagerProtocolServerSideTranslatorPB.java:147) [ozone-manager-1.3.0-SNAPSHOT.jar:?]
	at org.apache.hadoop.ozone.protocol.proto.OzoneManagerProtocolProtos$OzoneManagerService$2.callBlockingMethod(OzoneManagerProtocolProtos.java) [ozone-interface-client-1.3.0-SNAPSHOT.jar:?]
	at org.apache.hadoop.ipc.ProtobufRpcEngine$Server.processCall(ProtobufRpcEngine.java:466) [hadoop-common-3.3.1.jar:?]
	at org.apache.hadoop.ipc.ProtobufRpcEngine2$Server$ProtoBufRpcInvoker.call(ProtobufRpcEngine2.java:574) [hadoop-common-3.3.1.jar:?]
	at org.apache.hadoop.ipc.ProtobufRpcEngine2$Server$ProtoBufRpcInvoker.call(ProtobufRpcEngine2.java:552) [hadoop-common-3.3.1.jar:?]
	at org.apache.hadoop.ipc.RPC$Server.call(RPC.java:1093) [hadoop-common-3.3.1.jar:?]
	at org.apache.hadoop.ipc.Server$RpcCall.run(Server.java:1035) [hadoop-common-3.3.1.jar:?]
	at org.apache.hadoop.ipc.Server$RpcCall.run(Server.java:963) [hadoop-common-3.3.1.jar:?]
	at java.security.AccessController.doPrivileged(Native Method) ~[?:1.8.0_332]
	at javax.security.auth.Subject.doAs(Subject.java:422) [?:1.8.0_332]
	at org.apache.hadoop.security.UserGroupInformation.doAs(UserGroupInformation.java:1878) [hadoop-common-3.3.1.jar:?]
	at org.apache.hadoop.ipc.Server$Handler.run(Server.java:2966) [hadoop-common-3.3.1.jar:?]
2022-08-09 13:50:43,720 [Time-limited test] INFO  rpc.RpcClient (RpcClient.java:createVolume(468)) - Creating Volume: volume-97120, with runner as owner and space quota set to -1 bytes, counts quota set to -1
2022-08-09 13:50:43,722 [OM StateMachine ApplyTransaction Thread - 0] INFO  volume.OMVolumeCreateRequest (OMVolumeCreateRequest.java:validateAndUpdateCache(195)) - created volume:volume-97120 for user:runner
2022-08-09 13:50:43,723 [Time-limited test] INFO  rpc.RpcClient (RpcClient.java:createBucket(671)) - Creating Bucket: volume-97120/bucket, with bucket layout LEGACY, runner as owner, Versioning false, Storage Type set to DISK and Encryption set to false 
2022-08-09 13:50:43,729 [OM StateMachine ApplyTransaction Thread - 0] INFO  bucket.OMBucketCreateRequest (OMBucketCreateRequest.java:validateAndUpdateCache(260)) - created bucket: bucket of layout LEGACY in volume: volume-97120
2022-08-09 13:50:43,753 [Time-limited test] INFO  rpc.RpcClient (RpcClient.java:createVolume(468)) - Creating Volume: volume-37891, with runner as owner and space quota set to -1 bytes, counts quota set to -1
2022-08-09 13:50:43,755 [OM StateMachine ApplyTransaction Thread - 0] INFO  volume.OMVolumeCreateRequest (OMVolumeCreateRequest.java:validateAndUpdateCache(195)) - created volume:volume-37891 for user:runner
2022-08-09 13:50:43,756 [Time-limited test] INFO  rpc.RpcClient (RpcClient.java:createBucket(671)) - Creating Bucket: volume-37891/link, with server-side default bucket layout, runner as owner, Versioning false, Storage Type set to DISK and Encryption set to false 
2022-08-09 13:50:43,769 [OM StateMachine ApplyTransaction Thread - 0] INFO  bucket.OMBucketCreateRequest (OMBucketCreateRequest.java:validateAndUpdateCache(260)) - created bucket: link of layout LEGACY in volume: volume-37891
13:50:43.772 [OM StateMachine ApplyTransaction Thread - 0] ERROR OMAudit - user=runner | ip=127.0.0.1 | op=DELETE_VOLUME {volume=volume-37891} | ret=FAILURE
org.apache.hadoop.ozone.om.exceptions.OMException: null
	at org.apache.hadoop.ozone.om.request.volume.OMVolumeDeleteRequest.validateAndUpdateCache(OMVolumeDeleteRequest.java:122) ~[ozone-manager-1.3.0-SNAPSHOT.jar:?]
	at org.apache.hadoop.ozone.protocolPB.OzoneManagerRequestHandler.handleWriteRequest(OzoneManagerRequestHandler.java:304) ~[ozone-manager-1.3.0-SNAPSHOT.jar:?]
	at org.apache.hadoop.ozone.om.ratis.OzoneManagerStateMachine.runCommand(OzoneManagerStateMachine.java:529) ~[ozone-manager-1.3.0-SNAPSHOT.jar:?]
	at org.apache.hadoop.ozone.om.ratis.OzoneManagerStateMachine.lambda$1(OzoneManagerStateMachine.java:324) ~[ozone-manager-1.3.0-SNAPSHOT.jar:?]
	at java.util.concurrent.CompletableFuture$AsyncSupply.run(CompletableFuture.java:1604) [?:1.8.0_332]
	at java.util.concurrent.ThreadPoolExecutor.runWorker(ThreadPoolExecutor.java:1149) [?:1.8.0_332]
	at java.util.concurrent.ThreadPoolExecutor$Worker.run(ThreadPoolExecutor.java:624) [?:1.8.0_332]
	at java.lang.Thread.run(Thread.java:750) [?:1.8.0_332]
2022-08-09 13:50:43,772 [OM StateMachine ApplyTransaction Thread - 0] ERROR volume.OMVolumeDeleteRequest (OMVolumeDeleteRequest.java:validateAndUpdateCache(170)) - Volume deletion failed for user:runner volume:volume-37891
VOLUME_NOT_EMPTY org.apache.hadoop.ozone.om.exceptions.OMException
	at org.apache.hadoop.ozone.om.request.volume.OMVolumeDeleteRequest.validateAndUpdateCache(OMVolumeDeleteRequest.java:122)
	at org.apache.hadoop.ozone.protocolPB.OzoneManagerRequestHandler.handleWriteRequest(OzoneManagerRequestHandler.java:304)
	at org.apache.hadoop.ozone.om.ratis.OzoneManagerStateMachine.runCommand(OzoneManagerStateMachine.java:529)
	at org.apache.hadoop.ozone.om.ratis.OzoneManagerStateMachine.lambda$1(OzoneManagerStateMachine.java:324)
	at java.util.concurrent.CompletableFuture$AsyncSupply.run(CompletableFuture.java:1604)
	at java.util.concurrent.ThreadPoolExecutor.runWorker(ThreadPoolExecutor.java:1149)
	at java.util.concurrent.ThreadPoolExecutor$Worker.run(ThreadPoolExecutor.java:624)
	at java.lang.Thread.run(Thread.java:750)
13:50:43.783 [IPC Server handler 14 on default port 45023] ERROR OMAudit - user=runner | ip=127.0.0.1 | op=READ_BUCKET {volume=volume-37891, bucket=link} | ret=FAILURE
org.apache.hadoop.ozone.om.exceptions.OMException: Volume not found when getting bucket info
	at org.apache.hadoop.ozone.om.BucketManagerImpl.getBucketInfo(BucketManagerImpl.java:127) ~[ozone-manager-1.3.0-SNAPSHOT.jar:?]
	at org.apache.hadoop.ozone.om.OzoneManager.getBucketInfo(OzoneManager.java:2780) ~[ozone-manager-1.3.0-SNAPSHOT.jar:?]
	at org.apache.hadoop.ozone.protocolPB.OzoneManagerRequestHandler.infoBucket(OzoneManagerRequestHandler.java:475) ~[ozone-manager-1.3.0-SNAPSHOT.jar:?]
	at org.apache.hadoop.ozone.protocolPB.OzoneManagerRequestHandler.handleReadRequest(OzoneManagerRequestHandler.java:178) ~[ozone-manager-1.3.0-SNAPSHOT.jar:?]
	at org.apache.hadoop.ozone.protocolPB.OzoneManagerProtocolServerSideTranslatorPB.submitReadRequestToOM(OzoneManagerProtocolServerSideTranslatorPB.java:226) ~[ozone-manager-1.3.0-SNAPSHOT.jar:?]
	at org.apache.hadoop.ozone.protocolPB.OzoneManagerProtocolServerSideTranslatorPB.processRequest(OzoneManagerProtocolServerSideTranslatorPB.java:175) ~[ozone-manager-1.3.0-SNAPSHOT.jar:?]
	at org.apache.hadoop.hdds.server.OzoneProtocolMessageDispatcher.processRequest(OzoneProtocolMessageDispatcher.java:87) [hdds-server-framework-1.3.0-SNAPSHOT.jar:?]
	at org.apache.hadoop.ozone.protocolPB.OzoneManagerProtocolServerSideTranslatorPB.submitRequest(OzoneManagerProtocolServerSideTranslatorPB.java:147) [ozone-manager-1.3.0-SNAPSHOT.jar:?]
	at org.apache.hadoop.ozone.protocol.proto.OzoneManagerProtocolProtos$OzoneManagerService$2.callBlockingMethod(OzoneManagerProtocolProtos.java) [ozone-interface-client-1.3.0-SNAPSHOT.jar:?]
	at org.apache.hadoop.ipc.ProtobufRpcEngine$Server.processCall(ProtobufRpcEngine.java:466) [hadoop-common-3.3.1.jar:?]
	at org.apache.hadoop.ipc.ProtobufRpcEngine2$Server$ProtoBufRpcInvoker.call(ProtobufRpcEngine2.java:574) [hadoop-common-3.3.1.jar:?]
	at org.apache.hadoop.ipc.ProtobufRpcEngine2$Server$ProtoBufRpcInvoker.call(ProtobufRpcEngine2.java:552) [hadoop-common-3.3.1.jar:?]
	at org.apache.hadoop.ipc.RPC$Server.call(RPC.java:1093) [hadoop-common-3.3.1.jar:?]
	at org.apache.hadoop.ipc.Server$RpcCall.run(Server.java:1035) [hadoop-common-3.3.1.jar:?]
	at org.apache.hadoop.ipc.Server$RpcCall.run(Server.java:963) [hadoop-common-3.3.1.jar:?]
	at java.security.AccessController.doPrivileged(Native Method) ~[?:1.8.0_332]
	at javax.security.auth.Subject.doAs(Subject.java:422) [?:1.8.0_332]
	at org.apache.hadoop.security.UserGroupInformation.doAs(UserGroupInformation.java:1878) [hadoop-common-3.3.1.jar:?]
	at org.apache.hadoop.ipc.Server$Handler.run(Server.java:2966) [hadoop-common-3.3.1.jar:?]
]]></system-out>
  </testcase>
  <testcase name="testDeleteBucketLink" classname="TestRootedOzoneFileSystem" time="0.183">
    <system-out><![CDATA[2022-08-09 13:52:08,172 [Time-limited test] INFO  rpc.RpcClient (RpcClient.java:createVolume(468)) - Creating Volume: volume18910, with user74851 as owner and space quota set to -1 bytes, counts quota set to -1
2022-08-09 13:52:08,172 [IPC Server handler 5 on default port 44079] INFO  volume.OMVolumeCreateRequest (OMVolumeCreateRequest.java:validateAndUpdateCache(195)) - created volume:volume18910 for user:user74851
2022-08-09 13:52:08,173 [Time-limited test] INFO  rpc.RpcClient (RpcClient.java:createBucket(671)) - Creating Bucket: volume18910/bucket00711, with bucket layout LEGACY, runner as owner, Versioning false, Storage Type set to DISK and Encryption set to false 
2022-08-09 13:52:08,174 [IPC Server handler 2 on default port 44079] INFO  bucket.OMBucketCreateRequest (OMBucketCreateRequest.java:validateAndUpdateCache(260)) - created bucket: bucket00711 of layout LEGACY in volume: volume18910
13:52:08.178 [IPC Server handler 18 on default port 44079] ERROR OMAudit - user=runner | ip=127.0.0.1 | op=READ_BUCKET {volume=volume-94171, bucket=bucket} | ret=FAILURE
org.apache.hadoop.ozone.om.exceptions.OMException: Volume not found when getting bucket info
	at org.apache.hadoop.ozone.om.BucketManagerImpl.getBucketInfo(BucketManagerImpl.java:127) ~[ozone-manager-1.3.0-SNAPSHOT.jar:?]
	at org.apache.hadoop.ozone.om.OzoneManager.getBucketInfo(OzoneManager.java:2780) ~[ozone-manager-1.3.0-SNAPSHOT.jar:?]
	at org.apache.hadoop.ozone.protocolPB.OzoneManagerRequestHandler.infoBucket(OzoneManagerRequestHandler.java:475) ~[ozone-manager-1.3.0-SNAPSHOT.jar:?]
	at org.apache.hadoop.ozone.protocolPB.OzoneManagerRequestHandler.handleReadRequest(OzoneManagerRequestHandler.java:178) ~[ozone-manager-1.3.0-SNAPSHOT.jar:?]
	at org.apache.hadoop.ozone.protocolPB.OzoneManagerProtocolServerSideTranslatorPB.submitRequestDirectlyToOM(OzoneManagerProtocolServerSideTranslatorPB.java:276) ~[ozone-manager-1.3.0-SNAPSHOT.jar:?]
	at org.apache.hadoop.ozone.protocolPB.OzoneManagerProtocolServerSideTranslatorPB.processRequest(OzoneManagerProtocolServerSideTranslatorPB.java:205) ~[ozone-manager-1.3.0-SNAPSHOT.jar:?]
	at org.apache.hadoop.hdds.server.OzoneProtocolMessageDispatcher.processRequest(OzoneProtocolMessageDispatcher.java:87) [hdds-server-framework-1.3.0-SNAPSHOT.jar:?]
	at org.apache.hadoop.ozone.protocolPB.OzoneManagerProtocolServerSideTranslatorPB.submitRequest(OzoneManagerProtocolServerSideTranslatorPB.java:147) [ozone-manager-1.3.0-SNAPSHOT.jar:?]
	at org.apache.hadoop.ozone.protocol.proto.OzoneManagerProtocolProtos$OzoneManagerService$2.callBlockingMethod(OzoneManagerProtocolProtos.java) [ozone-interface-client-1.3.0-SNAPSHOT.jar:?]
	at org.apache.hadoop.ipc.ProtobufRpcEngine$Server.processCall(ProtobufRpcEngine.java:466) [hadoop-common-3.3.1.jar:?]
	at org.apache.hadoop.ipc.ProtobufRpcEngine2$Server$ProtoBufRpcInvoker.call(ProtobufRpcEngine2.java:574) [hadoop-common-3.3.1.jar:?]
	at org.apache.hadoop.ipc.ProtobufRpcEngine2$Server$ProtoBufRpcInvoker.call(ProtobufRpcEngine2.java:552) [hadoop-common-3.3.1.jar:?]
	at org.apache.hadoop.ipc.RPC$Server.call(RPC.java:1093) [hadoop-common-3.3.1.jar:?]
	at org.apache.hadoop.ipc.Server$RpcCall.run(Server.java:1035) [hadoop-common-3.3.1.jar:?]
	at org.apache.hadoop.ipc.Server$RpcCall.run(Server.java:963) [hadoop-common-3.3.1.jar:?]
	at java.security.AccessController.doPrivileged(Native Method) ~[?:1.8.0_332]
	at javax.security.auth.Subject.doAs(Subject.java:422) [?:1.8.0_332]
	at org.apache.hadoop.security.UserGroupInformation.doAs(UserGroupInformation.java:1878) [hadoop-common-3.3.1.jar:?]
	at org.apache.hadoop.ipc.Server$Handler.run(Server.java:2966) [hadoop-common-3.3.1.jar:?]
2022-08-09 13:52:08,178 [Time-limited test] INFO  rpc.RpcClient (RpcClient.java:createVolume(468)) - Creating Volume: volume-94171, with runner as owner and space quota set to -1 bytes, counts quota set to -1
2022-08-09 13:52:08,178 [IPC Server handler 19 on default port 44079] INFO  volume.OMVolumeCreateRequest (OMVolumeCreateRequest.java:validateAndUpdateCache(195)) - created volume:volume-94171 for user:runner
2022-08-09 13:52:08,179 [Time-limited test] INFO  rpc.RpcClient (RpcClient.java:createBucket(671)) - Creating Bucket: volume-94171/bucket, with bucket layout LEGACY, runner as owner, Versioning false, Storage Type set to DISK and Encryption set to false 
2022-08-09 13:52:08,179 [IPC Server handler 7 on default port 44079] INFO  bucket.OMBucketCreateRequest (OMBucketCreateRequest.java:validateAndUpdateCache(260)) - created bucket: bucket of layout LEGACY in volume: volume-94171
2022-08-09 13:52:08,182 [Time-limited test] INFO  rpc.RpcClient (RpcClient.java:createVolume(468)) - Creating Volume: volume-94778, with runner as owner and space quota set to -1 bytes, counts quota set to -1
2022-08-09 13:52:08,183 [IPC Server handler 12 on default port 44079] INFO  volume.OMVolumeCreateRequest (OMVolumeCreateRequest.java:validateAndUpdateCache(195)) - created volume:volume-94778 for user:runner
2022-08-09 13:52:08,184 [Time-limited test] INFO  rpc.RpcClient (RpcClient.java:createBucket(671)) - Creating Bucket: volume-94778/link, with server-side default bucket layout, runner as owner, Versioning false, Storage Type set to DISK and Encryption set to false 
2022-08-09 13:52:08,184 [IPC Server handler 17 on default port 44079] INFO  bucket.OMBucketCreateRequest (OMBucketCreateRequest.java:validateAndUpdateCache(260)) - created bucket: link of layout LEGACY in volume: volume-94778
13:52:08.194 [IPC Server handler 2 on default port 44079] ERROR OMAudit - user=runner | ip=127.0.0.1 | op=DELETE_VOLUME {volume=volume-94778} | ret=FAILURE
org.apache.hadoop.ozone.om.exceptions.OMException: null
	at org.apache.hadoop.ozone.om.request.volume.OMVolumeDeleteRequest.validateAndUpdateCache(OMVolumeDeleteRequest.java:122) ~[ozone-manager-1.3.0-SNAPSHOT.jar:?]
	at org.apache.hadoop.ozone.protocolPB.OzoneManagerRequestHandler.handleWriteRequest(OzoneManagerRequestHandler.java:304) ~[ozone-manager-1.3.0-SNAPSHOT.jar:?]
	at org.apache.hadoop.ozone.protocolPB.OzoneManagerProtocolServerSideTranslatorPB.submitRequestDirectlyToOM(OzoneManagerProtocolServerSideTranslatorPB.java:282) ~[ozone-manager-1.3.0-SNAPSHOT.jar:?]
	at org.apache.hadoop.ozone.protocolPB.OzoneManagerProtocolServerSideTranslatorPB.processRequest(OzoneManagerProtocolServerSideTranslatorPB.java:205) ~[ozone-manager-1.3.0-SNAPSHOT.jar:?]
	at org.apache.hadoop.hdds.server.OzoneProtocolMessageDispatcher.processRequest(OzoneProtocolMessageDispatcher.java:87) [hdds-server-framework-1.3.0-SNAPSHOT.jar:?]
	at org.apache.hadoop.ozone.protocolPB.OzoneManagerProtocolServerSideTranslatorPB.submitRequest(OzoneManagerProtocolServerSideTranslatorPB.java:147) [ozone-manager-1.3.0-SNAPSHOT.jar:?]
	at org.apache.hadoop.ozone.protocol.proto.OzoneManagerProtocolProtos$OzoneManagerService$2.callBlockingMethod(OzoneManagerProtocolProtos.java) [ozone-interface-client-1.3.0-SNAPSHOT.jar:?]
	at org.apache.hadoop.ipc.ProtobufRpcEngine$Server.processCall(ProtobufRpcEngine.java:466) [hadoop-common-3.3.1.jar:?]
	at org.apache.hadoop.ipc.ProtobufRpcEngine2$Server$ProtoBufRpcInvoker.call(ProtobufRpcEngine2.java:574) [hadoop-common-3.3.1.jar:?]
	at org.apache.hadoop.ipc.ProtobufRpcEngine2$Server$ProtoBufRpcInvoker.call(ProtobufRpcEngine2.java:552) [hadoop-common-3.3.1.jar:?]
	at org.apache.hadoop.ipc.RPC$Server.call(RPC.java:1093) [hadoop-common-3.3.1.jar:?]
	at org.apache.hadoop.ipc.Server$RpcCall.run(Server.java:1035) [hadoop-common-3.3.1.jar:?]
	at org.apache.hadoop.ipc.Server$RpcCall.run(Server.java:963) [hadoop-common-3.3.1.jar:?]
	at java.security.AccessController.doPrivileged(Native Method) ~[?:1.8.0_332]
	at javax.security.auth.Subject.doAs(Subject.java:422) [?:1.8.0_332]
	at org.apache.hadoop.security.UserGroupInformation.doAs(UserGroupInformation.java:1878) [hadoop-common-3.3.1.jar:?]
	at org.apache.hadoop.ipc.Server$Handler.run(Server.java:2966) [hadoop-common-3.3.1.jar:?]
2022-08-09 13:52:08,194 [IPC Server handler 2 on default port 44079] ERROR volume.OMVolumeDeleteRequest (OMVolumeDeleteRequest.java:validateAndUpdateCache(170)) - Volume deletion failed for user:runner volume:volume-94778
VOLUME_NOT_EMPTY org.apache.hadoop.ozone.om.exceptions.OMException
	at org.apache.hadoop.ozone.om.request.volume.OMVolumeDeleteRequest.validateAndUpdateCache(OMVolumeDeleteRequest.java:122)
	at org.apache.hadoop.ozone.protocolPB.OzoneManagerRequestHandler.handleWriteRequest(OzoneManagerRequestHandler.java:304)
	at org.apache.hadoop.ozone.protocolPB.OzoneManagerProtocolServerSideTranslatorPB.submitRequestDirectlyToOM(OzoneManagerProtocolServerSideTranslatorPB.java:282)
	at org.apache.hadoop.ozone.protocolPB.OzoneManagerProtocolServerSideTranslatorPB.processRequest(OzoneManagerProtocolServerSideTranslatorPB.java:205)
	at org.apache.hadoop.hdds.server.OzoneProtocolMessageDispatcher.processRequest(OzoneProtocolMessageDispatcher.java:87)
	at org.apache.hadoop.ozone.protocolPB.OzoneManagerProtocolServerSideTranslatorPB.submitRequest(OzoneManagerProtocolServerSideTranslatorPB.java:147)
	at org.apache.hadoop.ozone.protocol.proto.OzoneManagerProtocolProtos$OzoneManagerService$2.callBlockingMethod(OzoneManagerProtocolProtos.java)
	at org.apache.hadoop.ipc.ProtobufRpcEngine$Server.processCall(ProtobufRpcEngine.java:466)
	at org.apache.hadoop.ipc.ProtobufRpcEngine2$Server$ProtoBufRpcInvoker.call(ProtobufRpcEngine2.java:574)
	at org.apache.hadoop.ipc.ProtobufRpcEngine2$Server$ProtoBufRpcInvoker.call(ProtobufRpcEngine2.java:552)
	at org.apache.hadoop.ipc.RPC$Server.call(RPC.java:1093)
	at org.apache.hadoop.ipc.Server$RpcCall.run(Server.java:1035)
	at org.apache.hadoop.ipc.Server$RpcCall.run(Server.java:963)
	at java.security.AccessController.doPrivileged(Native Method)
	at javax.security.auth.Subject.doAs(Subject.java:422)
	at org.apache.hadoop.security.UserGroupInformation.doAs(UserGroupInformation.java:1878)
	at org.apache.hadoop.ipc.Server$Handler.run(Server.java:2966)
13:52:08.229 [IPC Server handler 6 on default port 44079] ERROR OMAudit - user=runner | ip=127.0.0.1 | op=READ_BUCKET {volume=volume-94778, bucket=link} | ret=FAILURE
org.apache.hadoop.ozone.om.exceptions.OMException: Volume not found when getting bucket info
	at org.apache.hadoop.ozone.om.BucketManagerImpl.getBucketInfo(BucketManagerImpl.java:127) ~[ozone-manager-1.3.0-SNAPSHOT.jar:?]
	at org.apache.hadoop.ozone.om.OzoneManager.getBucketInfo(OzoneManager.java:2780) ~[ozone-manager-1.3.0-SNAPSHOT.jar:?]
	at org.apache.hadoop.ozone.protocolPB.OzoneManagerRequestHandler.infoBucket(OzoneManagerRequestHandler.java:475) ~[ozone-manager-1.3.0-SNAPSHOT.jar:?]
	at org.apache.hadoop.ozone.protocolPB.OzoneManagerRequestHandler.handleReadRequest(OzoneManagerRequestHandler.java:178) ~[ozone-manager-1.3.0-SNAPSHOT.jar:?]
	at org.apache.hadoop.ozone.protocolPB.OzoneManagerProtocolServerSideTranslatorPB.submitRequestDirectlyToOM(OzoneManagerProtocolServerSideTranslatorPB.java:276) ~[ozone-manager-1.3.0-SNAPSHOT.jar:?]
	at org.apache.hadoop.ozone.protocolPB.OzoneManagerProtocolServerSideTranslatorPB.processRequest(OzoneManagerProtocolServerSideTranslatorPB.java:205) ~[ozone-manager-1.3.0-SNAPSHOT.jar:?]
	at org.apache.hadoop.hdds.server.OzoneProtocolMessageDispatcher.processRequest(OzoneProtocolMessageDispatcher.java:87) [hdds-server-framework-1.3.0-SNAPSHOT.jar:?]
	at org.apache.hadoop.ozone.protocolPB.OzoneManagerProtocolServerSideTranslatorPB.submitRequest(OzoneManagerProtocolServerSideTranslatorPB.java:147) [ozone-manager-1.3.0-SNAPSHOT.jar:?]
	at org.apache.hadoop.ozone.protocol.proto.OzoneManagerProtocolProtos$OzoneManagerService$2.callBlockingMethod(OzoneManagerProtocolProtos.java) [ozone-interface-client-1.3.0-SNAPSHOT.jar:?]
	at org.apache.hadoop.ipc.ProtobufRpcEngine$Server.processCall(ProtobufRpcEngine.java:466) [hadoop-common-3.3.1.jar:?]
	at org.apache.hadoop.ipc.ProtobufRpcEngine2$Server$ProtoBufRpcInvoker.call(ProtobufRpcEngine2.java:574) [hadoop-common-3.3.1.jar:?]
	at org.apache.hadoop.ipc.ProtobufRpcEngine2$Server$ProtoBufRpcInvoker.call(ProtobufRpcEngine2.java:552) [hadoop-common-3.3.1.jar:?]
	at org.apache.hadoop.ipc.RPC$Server.call(RPC.java:1093) [hadoop-common-3.3.1.jar:?]
	at org.apache.hadoop.ipc.Server$RpcCall.run(Server.java:1035) [hadoop-common-3.3.1.jar:?]
	at org.apache.hadoop.ipc.Server$RpcCall.run(Server.java:963) [hadoop-common-3.3.1.jar:?]
	at java.security.AccessController.doPrivileged(Native Method) ~[?:1.8.0_332]
	at javax.security.auth.Subject.doAs(Subject.java:422) [?:1.8.0_332]
	at org.apache.hadoop.security.UserGroupInformation.doAs(UserGroupInformation.java:1878) [hadoop-common-3.3.1.jar:?]
	at org.apache.hadoop.ipc.Server$Handler.run(Server.java:2966) [hadoop-common-3.3.1.jar:?]
]]></system-out>
  </testcase>
  <testcase name="testOzoneFsServiceLoader" classname="TestRootedOzoneFileSystem" time="0.062">
    <system-out><![CDATA[2022-08-09 13:47:16,412 [Time-limited test] INFO  rpc.RpcClient (RpcClient.java:createVolume(468)) - Creating Volume: volume21898, with user84966 as owner and space quota set to -1 bytes, counts quota set to -1
2022-08-09 13:47:16,414 [OM StateMachine ApplyTransaction Thread - 0] INFO  volume.OMVolumeCreateRequest (OMVolumeCreateRequest.java:validateAndUpdateCache(195)) - created volume:volume21898 for user:user84966
2022-08-09 13:47:16,416 [Time-limited test] INFO  rpc.RpcClient (RpcClient.java:createBucket(671)) - Creating Bucket: volume21898/bucket74690, with bucket layout LEGACY, runner as owner, Versioning false, Storage Type set to DISK and Encryption set to false 
2022-08-09 13:47:16,418 [OM StateMachine ApplyTransaction Thread - 0] INFO  bucket.OMBucketCreateRequest (OMBucketCreateRequest.java:validateAndUpdateCache(260)) - created bucket: bucket74690 of layout LEGACY in volume: volume21898
]]></system-out>
  </testcase>
  <testcase name="testOzoneFsServiceLoader" classname="TestRootedOzoneFileSystem" time="0.168">
    <system-out><![CDATA[2022-08-09 13:48:21,215 [Time-limited test] INFO  rpc.RpcClient (RpcClient.java:createVolume(468)) - Creating Volume: volume89083, with user98748 as owner and space quota set to -1 bytes, counts quota set to -1
2022-08-09 13:48:21,217 [OM StateMachine ApplyTransaction Thread - 0] INFO  volume.OMVolumeCreateRequest (OMVolumeCreateRequest.java:validateAndUpdateCache(195)) - created volume:volume89083 for user:user98748
2022-08-09 13:48:21,218 [Time-limited test] INFO  rpc.RpcClient (RpcClient.java:createBucket(671)) - Creating Bucket: volume89083/bucket74763, with bucket layout LEGACY, runner as owner, Versioning false, Storage Type set to DISK and Encryption set to false 
2022-08-09 13:48:21,219 [OM StateMachine ApplyTransaction Thread - 0] INFO  bucket.OMBucketCreateRequest (OMBucketCreateRequest.java:validateAndUpdateCache(260)) - created bucket: bucket74763 of layout LEGACY in volume: volume89083
]]></system-out>
  </testcase>
  <testcase name="testOzoneFsServiceLoader" classname="TestRootedOzoneFileSystem" time="0.136">
    <system-out><![CDATA[2022-08-09 13:49:27,130 [Time-limited test] INFO  rpc.RpcClient (RpcClient.java:createVolume(468)) - Creating Volume: volume07626, with user28213 as owner and space quota set to -1 bytes, counts quota set to -1
2022-08-09 13:49:27,131 [IPC Server handler 9 on default port 42643] INFO  volume.OMVolumeCreateRequest (OMVolumeCreateRequest.java:validateAndUpdateCache(195)) - created volume:volume07626 for user:user28213
2022-08-09 13:49:27,139 [Time-limited test] INFO  rpc.RpcClient (RpcClient.java:createBucket(671)) - Creating Bucket: volume07626/bucket34559, with bucket layout LEGACY, runner as owner, Versioning false, Storage Type set to DISK and Encryption set to false 
2022-08-09 13:49:27,141 [IPC Server handler 15 on default port 42643] INFO  bucket.OMBucketCreateRequest (OMBucketCreateRequest.java:validateAndUpdateCache(260)) - created bucket: bucket34559 of layout LEGACY in volume: volume07626
]]></system-out>
  </testcase>
  <testcase name="testOzoneFsServiceLoader" classname="TestRootedOzoneFileSystem" time="0.2">
    <system-out><![CDATA[2022-08-09 13:50:43,881 [Time-limited test] INFO  rpc.RpcClient (RpcClient.java:createVolume(468)) - Creating Volume: volume36857, with user18274 as owner and space quota set to -1 bytes, counts quota set to -1
2022-08-09 13:50:43,884 [OM StateMachine ApplyTransaction Thread - 0] INFO  volume.OMVolumeCreateRequest (OMVolumeCreateRequest.java:validateAndUpdateCache(195)) - created volume:volume36857 for user:user18274
2022-08-09 13:50:43,885 [Time-limited test] INFO  rpc.RpcClient (RpcClient.java:createBucket(671)) - Creating Bucket: volume36857/bucket36225, with bucket layout LEGACY, runner as owner, Versioning false, Storage Type set to DISK and Encryption set to false 
2022-08-09 13:50:43,893 [OM StateMachine ApplyTransaction Thread - 0] INFO  bucket.OMBucketCreateRequest (OMBucketCreateRequest.java:validateAndUpdateCache(260)) - created bucket: bucket36225 of layout LEGACY in volume: volume36857
]]></system-out>
  </testcase>
  <testcase name="testOzoneFsServiceLoader" classname="TestRootedOzoneFileSystem" time="0.194">
    <system-out><![CDATA[2022-08-09 13:52:08,350 [Time-limited test] INFO  rpc.RpcClient (RpcClient.java:createVolume(468)) - Creating Volume: volume40338, with user86252 as owner and space quota set to -1 bytes, counts quota set to -1
2022-08-09 13:52:08,352 [IPC Server handler 8 on default port 44079] INFO  volume.OMVolumeCreateRequest (OMVolumeCreateRequest.java:validateAndUpdateCache(195)) - created volume:volume40338 for user:user86252
2022-08-09 13:52:08,356 [Time-limited test] INFO  rpc.RpcClient (RpcClient.java:createBucket(671)) - Creating Bucket: volume40338/bucket03440, with bucket layout LEGACY, runner as owner, Versioning false, Storage Type set to DISK and Encryption set to false 
2022-08-09 13:52:08,357 [IPC Server handler 6 on default port 44079] INFO  bucket.OMBucketCreateRequest (OMBucketCreateRequest.java:validateAndUpdateCache(260)) - created bucket: bucket03440 of layout LEGACY in volume: volume40338
]]></system-out>
  </testcase>
  <testcase name="testBucketDefaultsShouldNotBeInheritedToFileForNonEC" classname="TestRootedOzoneFileSystem" time="0.181">
    <system-out><![CDATA[2022-08-09 13:47:16,484 [Time-limited test] INFO  rpc.RpcClient (RpcClient.java:createVolume(468)) - Creating Volume: volume66130, with user91799 as owner and space quota set to -1 bytes, counts quota set to -1
2022-08-09 13:47:16,488 [OM StateMachine ApplyTransaction Thread - 0] INFO  volume.OMVolumeCreateRequest (OMVolumeCreateRequest.java:validateAndUpdateCache(195)) - created volume:volume66130 for user:user91799
2022-08-09 13:47:16,494 [Time-limited test] INFO  rpc.RpcClient (RpcClient.java:createBucket(671)) - Creating Bucket: volume66130/bucket88786, with bucket layout LEGACY, runner as owner, Versioning false, Storage Type set to DISK and Encryption set to false 
2022-08-09 13:47:16,496 [OM StateMachine ApplyTransaction Thread - 0] INFO  bucket.OMBucketCreateRequest (OMBucketCreateRequest.java:validateAndUpdateCache(260)) - created bucket: bucket88786 of layout LEGACY in volume: volume66130
2022-08-09 13:47:16,526 [Time-limited test] INFO  rpc.RpcClient (RpcClient.java:createVolume(468)) - Creating Volume: 712043e9-72d6-408d-a216-83cb72fa20bb, with user20315 as owner and space quota set to -1 bytes, counts quota set to -1
2022-08-09 13:47:16,529 [OM StateMachine ApplyTransaction Thread - 0] INFO  volume.OMVolumeCreateRequest (OMVolumeCreateRequest.java:validateAndUpdateCache(195)) - created volume:712043e9-72d6-408d-a216-83cb72fa20bb for user:user20315
2022-08-09 13:47:16,532 [Time-limited test] INFO  rpc.RpcClient (RpcClient.java:createBucket(671)) - Creating Bucket: 712043e9-72d6-408d-a216-83cb72fa20bb/f432ddd9-f4be-4143-b4bd-ebe74f5a4acb, with bucket layout LEGACY, runner as owner, Versioning false, Storage Type set to DISK and Encryption set to false 
2022-08-09 13:47:16,541 [OM StateMachine ApplyTransaction Thread - 0] INFO  bucket.OMBucketCreateRequest (OMBucketCreateRequest.java:validateAndUpdateCache(260)) - created bucket: f432ddd9-f4be-4143-b4bd-ebe74f5a4acb of layout LEGACY in volume: 712043e9-72d6-408d-a216-83cb72fa20bb
]]></system-out>
  </testcase>
  <testcase name="testBucketDefaultsShouldNotBeInheritedToFileForNonEC" classname="TestRootedOzoneFileSystem" time="0.285">
    <system-out><![CDATA[2022-08-09 13:48:21,338 [Time-limited test] INFO  rpc.RpcClient (RpcClient.java:createVolume(468)) - Creating Volume: volume63934, with user21741 as owner and space quota set to -1 bytes, counts quota set to -1
2022-08-09 13:48:21,340 [OM StateMachine ApplyTransaction Thread - 0] INFO  volume.OMVolumeCreateRequest (OMVolumeCreateRequest.java:validateAndUpdateCache(195)) - created volume:volume63934 for user:user21741
2022-08-09 13:48:21,342 [Time-limited test] INFO  rpc.RpcClient (RpcClient.java:createBucket(671)) - Creating Bucket: volume63934/bucket32228, with bucket layout LEGACY, runner as owner, Versioning false, Storage Type set to DISK and Encryption set to false 
2022-08-09 13:48:21,343 [OM StateMachine ApplyTransaction Thread - 0] INFO  bucket.OMBucketCreateRequest (OMBucketCreateRequest.java:validateAndUpdateCache(260)) - created bucket: bucket32228 of layout LEGACY in volume: volume63934
2022-08-09 13:48:21,399 [Time-limited test] INFO  rpc.RpcClient (RpcClient.java:createVolume(468)) - Creating Volume: 141ca385-9c72-4785-81b1-a5828577f6b4, with user47665 as owner and space quota set to -1 bytes, counts quota set to -1
2022-08-09 13:48:21,402 [OM StateMachine ApplyTransaction Thread - 0] INFO  volume.OMVolumeCreateRequest (OMVolumeCreateRequest.java:validateAndUpdateCache(195)) - created volume:141ca385-9c72-4785-81b1-a5828577f6b4 for user:user47665
2022-08-09 13:48:21,403 [Time-limited test] INFO  rpc.RpcClient (RpcClient.java:createBucket(671)) - Creating Bucket: 141ca385-9c72-4785-81b1-a5828577f6b4/85c83bf8-ec83-48c3-9c6e-53d8122ffe37, with bucket layout LEGACY, runner as owner, Versioning false, Storage Type set to DISK and Encryption set to false 
2022-08-09 13:48:21,405 [OM StateMachine ApplyTransaction Thread - 0] INFO  bucket.OMBucketCreateRequest (OMBucketCreateRequest.java:validateAndUpdateCache(260)) - created bucket: 85c83bf8-ec83-48c3-9c6e-53d8122ffe37 of layout LEGACY in volume: 141ca385-9c72-4785-81b1-a5828577f6b4
]]></system-out>
  </testcase>
  <testcase name="testBucketDefaultsShouldNotBeInheritedToFileForNonEC" classname="TestRootedOzoneFileSystem" time="0.365">
    <system-out><![CDATA[2022-08-09 13:49:27,239 [Time-limited test] INFO  rpc.RpcClient (RpcClient.java:createVolume(468)) - Creating Volume: volume73453, with user18066 as owner and space quota set to -1 bytes, counts quota set to -1
2022-08-09 13:49:27,240 [IPC Server handler 15 on default port 42643] INFO  volume.OMVolumeCreateRequest (OMVolumeCreateRequest.java:validateAndUpdateCache(195)) - created volume:volume73453 for user:user18066
2022-08-09 13:49:27,246 [Time-limited test] INFO  rpc.RpcClient (RpcClient.java:createBucket(671)) - Creating Bucket: volume73453/bucket69670, with bucket layout LEGACY, runner as owner, Versioning false, Storage Type set to DISK and Encryption set to false 
2022-08-09 13:49:27,249 [IPC Server handler 6 on default port 42643] INFO  bucket.OMBucketCreateRequest (OMBucketCreateRequest.java:validateAndUpdateCache(260)) - created bucket: bucket69670 of layout LEGACY in volume: volume73453
2022-08-09 13:49:27,327 [Time-limited test] INFO  rpc.RpcClient (RpcClient.java:createVolume(468)) - Creating Volume: 692b5d85-9c05-4b05-a972-a6bc4c05ae18, with user06343 as owner and space quota set to -1 bytes, counts quota set to -1
2022-08-09 13:49:27,328 [IPC Server handler 1 on default port 42643] INFO  volume.OMVolumeCreateRequest (OMVolumeCreateRequest.java:validateAndUpdateCache(195)) - created volume:692b5d85-9c05-4b05-a972-a6bc4c05ae18 for user:user06343
2022-08-09 13:49:27,329 [Time-limited test] INFO  rpc.RpcClient (RpcClient.java:createBucket(671)) - Creating Bucket: 692b5d85-9c05-4b05-a972-a6bc4c05ae18/51cd1898-7b30-426f-824d-d55f088e45f5, with bucket layout LEGACY, runner as owner, Versioning false, Storage Type set to DISK and Encryption set to false 
2022-08-09 13:49:27,330 [IPC Server handler 4 on default port 42643] INFO  bucket.OMBucketCreateRequest (OMBucketCreateRequest.java:validateAndUpdateCache(260)) - created bucket: 51cd1898-7b30-426f-824d-d55f088e45f5 of layout LEGACY in volume: 692b5d85-9c05-4b05-a972-a6bc4c05ae18
2022-08-09 13:49:27,368 [772eb59f-65bd-4f3e-8be4-0b3810e8c7eb@group-217EDFCD55C7-FollowerState] INFO  impl.FollowerState (FollowerState.java:run(143)) - 772eb59f-65bd-4f3e-8be4-0b3810e8c7eb@group-217EDFCD55C7-FollowerState: change to CANDIDATE, lastRpcElapsedTime:5051885496ns, electionTimeout:5051ms
2022-08-09 13:49:27,368 [772eb59f-65bd-4f3e-8be4-0b3810e8c7eb@group-217EDFCD55C7-FollowerState] INFO  impl.RoleInfo (RoleInfo.java:shutdownFollowerState(110)) - 772eb59f-65bd-4f3e-8be4-0b3810e8c7eb: shutdown 772eb59f-65bd-4f3e-8be4-0b3810e8c7eb@group-217EDFCD55C7-FollowerState
2022-08-09 13:49:27,368 [772eb59f-65bd-4f3e-8be4-0b3810e8c7eb@group-217EDFCD55C7-FollowerState] INFO  server.RaftServer$Division (RaftServerImpl.java:setRole(299)) - 772eb59f-65bd-4f3e-8be4-0b3810e8c7eb@group-217EDFCD55C7: changes role from  FOLLOWER to CANDIDATE at term 0 for changeToCandidate
2022-08-09 13:49:27,405 [772eb59f-65bd-4f3e-8be4-0b3810e8c7eb@group-217EDFCD55C7-FollowerState] INFO  server.RaftServerConfigKeys (ConfUtils.java:logGet(46)) - raft.server.leaderelection.pre-vote = false (custom)
2022-08-09 13:49:27,405 [772eb59f-65bd-4f3e-8be4-0b3810e8c7eb@group-217EDFCD55C7-FollowerState] INFO  impl.RoleInfo (RoleInfo.java:updateAndGet(139)) - 772eb59f-65bd-4f3e-8be4-0b3810e8c7eb: start 772eb59f-65bd-4f3e-8be4-0b3810e8c7eb@group-217EDFCD55C7-LeaderElection33
2022-08-09 13:49:27,458 [772eb59f-65bd-4f3e-8be4-0b3810e8c7eb@group-217EDFCD55C7-LeaderElection33] INFO  impl.LeaderElection (LeaderElection.java:askForVotes(310)) - 772eb59f-65bd-4f3e-8be4-0b3810e8c7eb@group-217EDFCD55C7-LeaderElection33 ELECTION round 0: submit vote requests at term 1 for -1: [772eb59f-65bd-4f3e-8be4-0b3810e8c7eb|rpc:10.1.0.19:44191|priority:1], old=null
2022-08-09 13:49:27,458 [772eb59f-65bd-4f3e-8be4-0b3810e8c7eb@group-217EDFCD55C7-LeaderElection33] INFO  impl.LeaderElection (LeaderElection.java:askForVotes(312)) - 772eb59f-65bd-4f3e-8be4-0b3810e8c7eb@group-217EDFCD55C7-LeaderElection33 ELECTION round 0: result PASSED (term=1)
2022-08-09 13:49:27,458 [772eb59f-65bd-4f3e-8be4-0b3810e8c7eb@group-217EDFCD55C7-LeaderElection33] INFO  impl.RoleInfo (RoleInfo.java:shutdownLeaderElection(130)) - 772eb59f-65bd-4f3e-8be4-0b3810e8c7eb: shutdown 772eb59f-65bd-4f3e-8be4-0b3810e8c7eb@group-217EDFCD55C7-LeaderElection33
2022-08-09 13:49:27,458 [772eb59f-65bd-4f3e-8be4-0b3810e8c7eb@group-217EDFCD55C7-LeaderElection33] INFO  server.RaftServer$Division (RaftServerImpl.java:setRole(299)) - 772eb59f-65bd-4f3e-8be4-0b3810e8c7eb@group-217EDFCD55C7: changes role from CANDIDATE to LEADER at term 1 for changeToLeader
2022-08-09 13:49:27,458 [772eb59f-65bd-4f3e-8be4-0b3810e8c7eb@group-217EDFCD55C7-LeaderElection33] INFO  ratis.XceiverServerRatis (XceiverServerRatis.java:handleLeaderChangedNotification(863)) - Leader change notification received for group: group-217EDFCD55C7 with new leaderId: 772eb59f-65bd-4f3e-8be4-0b3810e8c7eb
2022-08-09 13:49:27,458 [772eb59f-65bd-4f3e-8be4-0b3810e8c7eb@group-217EDFCD55C7-LeaderElection33] INFO  server.RaftServer$Division (ServerState.java:setLeader(287)) - 772eb59f-65bd-4f3e-8be4-0b3810e8c7eb@group-217EDFCD55C7: change Leader from null to 772eb59f-65bd-4f3e-8be4-0b3810e8c7eb at term 1 for becomeLeader, leader elected after 5176ms
2022-08-09 13:49:27,458 [772eb59f-65bd-4f3e-8be4-0b3810e8c7eb@group-217EDFCD55C7-LeaderElection33] INFO  server.RaftServerConfigKeys (ConfUtils.java:logGet(46)) - raft.server.staging.catchup.gap = 1000 (default)
2022-08-09 13:49:27,482 [772eb59f-65bd-4f3e-8be4-0b3810e8c7eb@group-217EDFCD55C7-LeaderElection33] INFO  server.RaftServerConfigKeys (ConfUtils.java:logGet(46)) - raft.server.write.element-limit = 1024 (custom)
2022-08-09 13:49:27,482 [772eb59f-65bd-4f3e-8be4-0b3810e8c7eb@group-217EDFCD55C7-LeaderElection33] INFO  server.RaftServerConfigKeys (ConfUtils.java:logGet(46)) - raft.server.write.byte-limit = 1024 M (=1073741824) (custom)
2022-08-09 13:49:27,483 [772eb59f-65bd-4f3e-8be4-0b3810e8c7eb@group-217EDFCD55C7-LeaderElection33] INFO  server.RaftServerConfigKeys (ConfUtils.java:logGet(46)) - raft.server.watch.timeout = 180s (custom)
2022-08-09 13:49:27,483 [772eb59f-65bd-4f3e-8be4-0b3810e8c7eb@group-217EDFCD55C7-LeaderElection33] INFO  server.RaftServerConfigKeys (ConfUtils.java:logGet(46)) - raft.server.watch.timeout.denomination = 1s (default)
2022-08-09 13:49:27,483 [772eb59f-65bd-4f3e-8be4-0b3810e8c7eb@group-217EDFCD55C7-LeaderElection33] INFO  server.RaftServerConfigKeys (ConfUtils.java:logGet(46)) - raft.server.watch.element-limit = 65536 (default)
2022-08-09 13:49:27,483 [772eb59f-65bd-4f3e-8be4-0b3810e8c7eb@group-217EDFCD55C7-LeaderElection33] INFO  server.RaftServerConfigKeys (ConfUtils.java:logGet(46)) - raft.server.write.element-limit = 1024 (custom)
2022-08-09 13:49:27,483 [772eb59f-65bd-4f3e-8be4-0b3810e8c7eb@group-217EDFCD55C7-LeaderElection33] INFO  server.RaftServerConfigKeys (ConfUtils.java:logGet(46)) - raft.server.write.follower.gap.ratio.max = -1.0 (default)
2022-08-09 13:49:27,483 [772eb59f-65bd-4f3e-8be4-0b3810e8c7eb@group-217EDFCD55C7-LeaderElection33] INFO  impl.RoleInfo (RoleInfo.java:updateAndGet(139)) - 772eb59f-65bd-4f3e-8be4-0b3810e8c7eb: start 772eb59f-65bd-4f3e-8be4-0b3810e8c7eb@group-217EDFCD55C7-LeaderStateImpl
2022-08-09 13:49:27,483 [772eb59f-65bd-4f3e-8be4-0b3810e8c7eb@group-217EDFCD55C7-LeaderElection33] INFO  segmented.SegmentedRaftLogWorker (SegmentedRaftLogWorker.java:startLogSegment(425)) - 772eb59f-65bd-4f3e-8be4-0b3810e8c7eb@group-217EDFCD55C7-SegmentedRaftLogWorker: Starting segment from index:0
2022-08-09 13:49:27,486 [772eb59f-65bd-4f3e-8be4-0b3810e8c7eb@group-217EDFCD55C7-SegmentedRaftLogWorker] INFO  segmented.SegmentedRaftLogWorker (SegmentedRaftLogWorker.java:execute(629)) - 772eb59f-65bd-4f3e-8be4-0b3810e8c7eb@group-217EDFCD55C7-SegmentedRaftLogWorker: created new log segment /home/runner/work/ozone/ozone/hadoop-ozone/integration-test/target/test-dir/MiniOzoneClusterImpl-1803e0c7-8320-4379-92ef-724c5694b47b/datanode-4/data/ratis/c0c07c95-4ce0-4b24-8f7d-217edfcd55c7/current/log_inprogress_0
2022-08-09 13:49:27,501 [772eb59f-65bd-4f3e-8be4-0b3810e8c7eb@group-217EDFCD55C7-LeaderElection33] INFO  server.RaftServer$Division (ServerState.java:setRaftConf(393)) - 772eb59f-65bd-4f3e-8be4-0b3810e8c7eb@group-217EDFCD55C7: set configuration 0: [772eb59f-65bd-4f3e-8be4-0b3810e8c7eb|rpc:10.1.0.19:44191|dataStream:|priority:1], old=null
]]></system-out>
  </testcase>
  <testcase name="testBucketDefaultsShouldNotBeInheritedToFileForNonEC" classname="TestRootedOzoneFileSystem" time="0.462">
    <system-out><![CDATA[2022-08-09 13:50:44,104 [Time-limited test] INFO  rpc.RpcClient (RpcClient.java:createVolume(468)) - Creating Volume: volume49391, with user80219 as owner and space quota set to -1 bytes, counts quota set to -1
2022-08-09 13:50:44,107 [OM StateMachine ApplyTransaction Thread - 0] INFO  volume.OMVolumeCreateRequest (OMVolumeCreateRequest.java:validateAndUpdateCache(195)) - created volume:volume49391 for user:user80219
2022-08-09 13:50:44,108 [Time-limited test] INFO  rpc.RpcClient (RpcClient.java:createBucket(671)) - Creating Bucket: volume49391/bucket07907, with bucket layout LEGACY, runner as owner, Versioning false, Storage Type set to DISK and Encryption set to false 
2022-08-09 13:50:44,113 [OM StateMachine ApplyTransaction Thread - 0] INFO  bucket.OMBucketCreateRequest (OMBucketCreateRequest.java:validateAndUpdateCache(260)) - created bucket: bucket07907 of layout LEGACY in volume: volume49391
2022-08-09 13:50:44,153 [Time-limited test] INFO  rpc.RpcClient (RpcClient.java:createVolume(468)) - Creating Volume: 0e16a453-033c-4ac8-a556-29cdce17371c, with user95499 as owner and space quota set to -1 bytes, counts quota set to -1
2022-08-09 13:50:44,158 [OM StateMachine ApplyTransaction Thread - 0] INFO  volume.OMVolumeCreateRequest (OMVolumeCreateRequest.java:validateAndUpdateCache(195)) - created volume:0e16a453-033c-4ac8-a556-29cdce17371c for user:user95499
2022-08-09 13:50:44,161 [Time-limited test] INFO  rpc.RpcClient (RpcClient.java:createBucket(671)) - Creating Bucket: 0e16a453-033c-4ac8-a556-29cdce17371c/e8962d35-7086-439e-8fef-3b13dd83e1ea, with bucket layout LEGACY, runner as owner, Versioning false, Storage Type set to DISK and Encryption set to false 
2022-08-09 13:50:44,162 [OM StateMachine ApplyTransaction Thread - 0] INFO  bucket.OMBucketCreateRequest (OMBucketCreateRequest.java:validateAndUpdateCache(260)) - created bucket: e8962d35-7086-439e-8fef-3b13dd83e1ea of layout LEGACY in volume: 0e16a453-033c-4ac8-a556-29cdce17371c
]]></system-out>
  </testcase>
  <testcase name="testBucketDefaultsShouldNotBeInheritedToFileForNonEC" classname="TestRootedOzoneFileSystem" time="0.441">
    <system-out><![CDATA[2022-08-09 13:52:08,548 [Finalizer] WARN  managed.ManagedRocksObjectUtils (ManagedRocksObjectUtils.java:assertClosed(39)) - ManagedDBOptions is not closed properly
2022-08-09 13:52:08,548 [Finalizer] WARN  managed.ManagedRocksObjectUtils (ManagedRocksObjectUtils.java:assertClosed(39)) - ManagedColumnFamilyOptions is not closed properly
2022-08-09 13:52:08,548 [Finalizer] WARN  managed.ManagedRocksObjectUtils (ManagedRocksObjectUtils.java:assertClosed(39)) - ManagedLRUCache is not closed properly
2022-08-09 13:52:08,548 [Finalizer] WARN  managed.ManagedRocksObjectUtils (ManagedRocksObjectUtils.java:assertClosed(39)) - ManagedBloomFilter is not closed properly
2022-08-09 13:52:08,548 [Finalizer] WARN  managed.ManagedRocksObjectUtils (ManagedRocksObjectUtils.java:assertClosed(39)) - ManagedDBOptions is not closed properly
2022-08-09 13:52:08,548 [Finalizer] WARN  managed.ManagedRocksObjectUtils (ManagedRocksObjectUtils.java:assertClosed(39)) - ManagedColumnFamilyOptions is not closed properly
2022-08-09 13:52:08,548 [Finalizer] WARN  managed.ManagedRocksObjectUtils (ManagedRocksObjectUtils.java:assertClosed(39)) - ManagedLRUCache is not closed properly
2022-08-09 13:52:08,548 [Finalizer] WARN  managed.ManagedRocksObjectUtils (ManagedRocksObjectUtils.java:assertClosed(39)) - ManagedBloomFilter is not closed properly
2022-08-09 13:52:08,548 [Finalizer] WARN  managed.ManagedRocksObjectUtils (ManagedRocksObjectUtils.java:assertClosed(39)) - ManagedDBOptions is not closed properly
2022-08-09 13:52:08,548 [Finalizer] WARN  managed.ManagedRocksObjectUtils (ManagedRocksObjectUtils.java:assertClosed(39)) - ManagedColumnFamilyOptions is not closed properly
2022-08-09 13:52:08,548 [Finalizer] WARN  managed.ManagedRocksObjectUtils (ManagedRocksObjectUtils.java:assertClosed(39)) - ManagedLRUCache is not closed properly
2022-08-09 13:52:08,548 [Finalizer] WARN  managed.ManagedRocksObjectUtils (ManagedRocksObjectUtils.java:assertClosed(39)) - ManagedBloomFilter is not closed properly
2022-08-09 13:52:08,548 [Finalizer] WARN  managed.ManagedRocksObjectUtils (ManagedRocksObjectUtils.java:assertClosed(39)) - ManagedDBOptions is not closed properly
2022-08-09 13:52:08,548 [Finalizer] WARN  managed.ManagedRocksObjectUtils (ManagedRocksObjectUtils.java:assertClosed(39)) - ManagedDBOptions is not closed properly
2022-08-09 13:52:08,548 [Finalizer] WARN  managed.ManagedRocksObjectUtils (ManagedRocksObjectUtils.java:assertClosed(39)) - ManagedDBOptions is not closed properly
2022-08-09 13:52:08,606 [Time-limited test] INFO  rpc.RpcClient (RpcClient.java:createVolume(468)) - Creating Volume: volume11860, with user81255 as owner and space quota set to -1 bytes, counts quota set to -1
2022-08-09 13:52:08,609 [IPC Server handler 6 on default port 44079] INFO  volume.OMVolumeCreateRequest (OMVolumeCreateRequest.java:validateAndUpdateCache(195)) - created volume:volume11860 for user:user81255
2022-08-09 13:52:08,617 [Time-limited test] INFO  rpc.RpcClient (RpcClient.java:createBucket(671)) - Creating Bucket: volume11860/bucket67641, with bucket layout LEGACY, runner as owner, Versioning false, Storage Type set to DISK and Encryption set to false 
2022-08-09 13:52:08,618 [IPC Server handler 10 on default port 44079] INFO  bucket.OMBucketCreateRequest (OMBucketCreateRequest.java:validateAndUpdateCache(260)) - created bucket: bucket67641 of layout LEGACY in volume: volume11860
2022-08-09 13:52:08,664 [Time-limited test] INFO  rpc.RpcClient (RpcClient.java:createVolume(468)) - Creating Volume: 7a2722e9-9f29-4dee-b2cc-d58eff375737, with user35137 as owner and space quota set to -1 bytes, counts quota set to -1
2022-08-09 13:52:08,664 [IPC Server handler 4 on default port 44079] INFO  volume.OMVolumeCreateRequest (OMVolumeCreateRequest.java:validateAndUpdateCache(195)) - created volume:7a2722e9-9f29-4dee-b2cc-d58eff375737 for user:user35137
2022-08-09 13:52:08,674 [Time-limited test] INFO  rpc.RpcClient (RpcClient.java:createBucket(671)) - Creating Bucket: 7a2722e9-9f29-4dee-b2cc-d58eff375737/08ec0a17-9e59-4d69-850f-b216d51acfce, with bucket layout LEGACY, runner as owner, Versioning false, Storage Type set to DISK and Encryption set to false 
2022-08-09 13:52:08,675 [IPC Server handler 19 on default port 44079] INFO  bucket.OMBucketCreateRequest (OMBucketCreateRequest.java:validateAndUpdateCache(260)) - created bucket: 08ec0a17-9e59-4d69-850f-b216d51acfce of layout LEGACY in volume: 7a2722e9-9f29-4dee-b2cc-d58eff375737
]]></system-out>
  </testcase>
  <testcase name="testTrash" classname="TestRootedOzoneFileSystem" time="0">
    <skipped/>
  </testcase>
  <testcase name="testTrash" classname="TestRootedOzoneFileSystem" time="0">
    <skipped/>
  </testcase>
  <testcase name="testTrash" classname="TestRootedOzoneFileSystem" time="0">
    <skipped/>
  </testcase>
  <testcase name="testTrash" classname="TestRootedOzoneFileSystem" time="0">
    <skipped/>
  </testcase>
  <testcase name="testTrash" classname="TestRootedOzoneFileSystem" time="0">
    <skipped/>
  </testcase>
  <testcase name="testRenameDestinationParentDoesntExist" classname="TestRootedOzoneFileSystem" time="0.092">
    <system-out><![CDATA[2022-08-09 13:47:16,659 [Time-limited test] INFO  rpc.RpcClient (RpcClient.java:createVolume(468)) - Creating Volume: volume91709, with user88260 as owner and space quota set to -1 bytes, counts quota set to -1
2022-08-09 13:47:16,663 [OM StateMachine ApplyTransaction Thread - 0] INFO  volume.OMVolumeCreateRequest (OMVolumeCreateRequest.java:validateAndUpdateCache(195)) - created volume:volume91709 for user:user88260
2022-08-09 13:47:16,669 [Time-limited test] INFO  rpc.RpcClient (RpcClient.java:createBucket(671)) - Creating Bucket: volume91709/bucket32000, with bucket layout LEGACY, runner as owner, Versioning false, Storage Type set to DISK and Encryption set to false 
2022-08-09 13:47:16,671 [OM StateMachine ApplyTransaction Thread - 0] INFO  bucket.OMBucketCreateRequest (OMBucketCreateRequest.java:validateAndUpdateCache(260)) - created bucket: bucket32000 of layout LEGACY in volume: volume91709
13:47:16.688 [IPC Server handler 5 on default port 44757] ERROR OMAudit - user=runner | ip=127.0.0.1 | op=GET_FILE_STATUS {volume=volume91709, bucket=bucket32000, key=root_dir/b/c, dataSize=0, replicationConfig=null} | ret=FAILURE
org.apache.hadoop.ozone.om.exceptions.OMException: Unable to get file status: volume: volume91709 bucket: bucket32000 key: root_dir/b/c
	at org.apache.hadoop.ozone.om.KeyManagerImpl.getOzoneFileStatus(KeyManagerImpl.java:1311) ~[ozone-manager-1.3.0-SNAPSHOT.jar:?]
	at org.apache.hadoop.ozone.om.KeyManagerImpl.getFileStatus(KeyManagerImpl.java:1241) ~[ozone-manager-1.3.0-SNAPSHOT.jar:?]
	at org.apache.hadoop.ozone.om.OzoneManager.getFileStatus(OzoneManager.java:3468) ~[ozone-manager-1.3.0-SNAPSHOT.jar:?]
	at org.apache.hadoop.ozone.protocolPB.OzoneManagerRequestHandler.getOzoneFileStatus(OzoneManagerRequestHandler.java:882) ~[ozone-manager-1.3.0-SNAPSHOT.jar:?]
	at org.apache.hadoop.ozone.protocolPB.OzoneManagerRequestHandler.handleReadRequest(OzoneManagerRequestHandler.java:228) ~[ozone-manager-1.3.0-SNAPSHOT.jar:?]
	at org.apache.hadoop.ozone.protocolPB.OzoneManagerProtocolServerSideTranslatorPB.submitReadRequestToOM(OzoneManagerProtocolServerSideTranslatorPB.java:226) ~[ozone-manager-1.3.0-SNAPSHOT.jar:?]
	at org.apache.hadoop.ozone.protocolPB.OzoneManagerProtocolServerSideTranslatorPB.processRequest(OzoneManagerProtocolServerSideTranslatorPB.java:175) ~[ozone-manager-1.3.0-SNAPSHOT.jar:?]
	at org.apache.hadoop.hdds.server.OzoneProtocolMessageDispatcher.processRequest(OzoneProtocolMessageDispatcher.java:87) [hdds-server-framework-1.3.0-SNAPSHOT.jar:?]
	at org.apache.hadoop.ozone.protocolPB.OzoneManagerProtocolServerSideTranslatorPB.submitRequest(OzoneManagerProtocolServerSideTranslatorPB.java:147) [ozone-manager-1.3.0-SNAPSHOT.jar:?]
	at org.apache.hadoop.ozone.protocol.proto.OzoneManagerProtocolProtos$OzoneManagerService$2.callBlockingMethod(OzoneManagerProtocolProtos.java) [ozone-interface-client-1.3.0-SNAPSHOT.jar:?]
	at org.apache.hadoop.ipc.ProtobufRpcEngine$Server.processCall(ProtobufRpcEngine.java:466) [hadoop-common-3.3.1.jar:?]
	at org.apache.hadoop.ipc.ProtobufRpcEngine2$Server$ProtoBufRpcInvoker.call(ProtobufRpcEngine2.java:574) [hadoop-common-3.3.1.jar:?]
	at org.apache.hadoop.ipc.ProtobufRpcEngine2$Server$ProtoBufRpcInvoker.call(ProtobufRpcEngine2.java:552) [hadoop-common-3.3.1.jar:?]
	at org.apache.hadoop.ipc.RPC$Server.call(RPC.java:1093) [hadoop-common-3.3.1.jar:?]
	at org.apache.hadoop.ipc.Server$RpcCall.run(Server.java:1035) [hadoop-common-3.3.1.jar:?]
	at org.apache.hadoop.ipc.Server$RpcCall.run(Server.java:963) [hadoop-common-3.3.1.jar:?]
	at java.security.AccessController.doPrivileged(Native Method) ~[?:1.8.0_332]
	at javax.security.auth.Subject.doAs(Subject.java:422) [?:1.8.0_332]
	at org.apache.hadoop.security.UserGroupInformation.doAs(UserGroupInformation.java:1878) [hadoop-common-3.3.1.jar:?]
	at org.apache.hadoop.ipc.Server$Handler.run(Server.java:2966) [hadoop-common-3.3.1.jar:?]
13:47:16.690 [IPC Server handler 16 on default port 44757] ERROR OMAudit - user=runner | ip=127.0.0.1 | op=GET_FILE_STATUS {volume=volume91709, bucket=bucket32000, key=root_dir/b, dataSize=0, replicationConfig=null} | ret=FAILURE
org.apache.hadoop.ozone.om.exceptions.OMException: Unable to get file status: volume: volume91709 bucket: bucket32000 key: root_dir/b
	at org.apache.hadoop.ozone.om.KeyManagerImpl.getOzoneFileStatus(KeyManagerImpl.java:1311) ~[ozone-manager-1.3.0-SNAPSHOT.jar:?]
	at org.apache.hadoop.ozone.om.KeyManagerImpl.getFileStatus(KeyManagerImpl.java:1241) ~[ozone-manager-1.3.0-SNAPSHOT.jar:?]
	at org.apache.hadoop.ozone.om.OzoneManager.getFileStatus(OzoneManager.java:3468) ~[ozone-manager-1.3.0-SNAPSHOT.jar:?]
	at org.apache.hadoop.ozone.protocolPB.OzoneManagerRequestHandler.getOzoneFileStatus(OzoneManagerRequestHandler.java:882) ~[ozone-manager-1.3.0-SNAPSHOT.jar:?]
	at org.apache.hadoop.ozone.protocolPB.OzoneManagerRequestHandler.handleReadRequest(OzoneManagerRequestHandler.java:228) ~[ozone-manager-1.3.0-SNAPSHOT.jar:?]
	at org.apache.hadoop.ozone.protocolPB.OzoneManagerProtocolServerSideTranslatorPB.submitReadRequestToOM(OzoneManagerProtocolServerSideTranslatorPB.java:226) ~[ozone-manager-1.3.0-SNAPSHOT.jar:?]
	at org.apache.hadoop.ozone.protocolPB.OzoneManagerProtocolServerSideTranslatorPB.processRequest(OzoneManagerProtocolServerSideTranslatorPB.java:175) ~[ozone-manager-1.3.0-SNAPSHOT.jar:?]
	at org.apache.hadoop.hdds.server.OzoneProtocolMessageDispatcher.processRequest(OzoneProtocolMessageDispatcher.java:87) [hdds-server-framework-1.3.0-SNAPSHOT.jar:?]
	at org.apache.hadoop.ozone.protocolPB.OzoneManagerProtocolServerSideTranslatorPB.submitRequest(OzoneManagerProtocolServerSideTranslatorPB.java:147) [ozone-manager-1.3.0-SNAPSHOT.jar:?]
	at org.apache.hadoop.ozone.protocol.proto.OzoneManagerProtocolProtos$OzoneManagerService$2.callBlockingMethod(OzoneManagerProtocolProtos.java) [ozone-interface-client-1.3.0-SNAPSHOT.jar:?]
	at org.apache.hadoop.ipc.ProtobufRpcEngine$Server.processCall(ProtobufRpcEngine.java:466) [hadoop-common-3.3.1.jar:?]
	at org.apache.hadoop.ipc.ProtobufRpcEngine2$Server$ProtoBufRpcInvoker.call(ProtobufRpcEngine2.java:574) [hadoop-common-3.3.1.jar:?]
	at org.apache.hadoop.ipc.ProtobufRpcEngine2$Server$ProtoBufRpcInvoker.call(ProtobufRpcEngine2.java:552) [hadoop-common-3.3.1.jar:?]
	at org.apache.hadoop.ipc.RPC$Server.call(RPC.java:1093) [hadoop-common-3.3.1.jar:?]
	at org.apache.hadoop.ipc.Server$RpcCall.run(Server.java:1035) [hadoop-common-3.3.1.jar:?]
	at org.apache.hadoop.ipc.Server$RpcCall.run(Server.java:963) [hadoop-common-3.3.1.jar:?]
	at java.security.AccessController.doPrivileged(Native Method) ~[?:1.8.0_332]
	at javax.security.auth.Subject.doAs(Subject.java:422) [?:1.8.0_332]
	at org.apache.hadoop.security.UserGroupInformation.doAs(UserGroupInformation.java:1878) [hadoop-common-3.3.1.jar:?]
	at org.apache.hadoop.ipc.Server$Handler.run(Server.java:2966) [hadoop-common-3.3.1.jar:?]
13:47:16.704 [IPC Server handler 10 on default port 44757] ERROR OMAudit - user=runner | ip=127.0.0.1 | op=GET_FILE_STATUS {volume=volume91709, bucket=bucket32000, key=root_dir/file1/c, dataSize=0, replicationConfig=null} | ret=FAILURE
org.apache.hadoop.ozone.om.exceptions.OMException: Unable to get file status: volume: volume91709 bucket: bucket32000 key: root_dir/file1/c
	at org.apache.hadoop.ozone.om.KeyManagerImpl.getOzoneFileStatus(KeyManagerImpl.java:1311) ~[ozone-manager-1.3.0-SNAPSHOT.jar:?]
	at org.apache.hadoop.ozone.om.KeyManagerImpl.getFileStatus(KeyManagerImpl.java:1241) ~[ozone-manager-1.3.0-SNAPSHOT.jar:?]
	at org.apache.hadoop.ozone.om.OzoneManager.getFileStatus(OzoneManager.java:3468) ~[ozone-manager-1.3.0-SNAPSHOT.jar:?]
	at org.apache.hadoop.ozone.protocolPB.OzoneManagerRequestHandler.getOzoneFileStatus(OzoneManagerRequestHandler.java:882) ~[ozone-manager-1.3.0-SNAPSHOT.jar:?]
	at org.apache.hadoop.ozone.protocolPB.OzoneManagerRequestHandler.handleReadRequest(OzoneManagerRequestHandler.java:228) ~[ozone-manager-1.3.0-SNAPSHOT.jar:?]
	at org.apache.hadoop.ozone.protocolPB.OzoneManagerProtocolServerSideTranslatorPB.submitReadRequestToOM(OzoneManagerProtocolServerSideTranslatorPB.java:226) ~[ozone-manager-1.3.0-SNAPSHOT.jar:?]
	at org.apache.hadoop.ozone.protocolPB.OzoneManagerProtocolServerSideTranslatorPB.processRequest(OzoneManagerProtocolServerSideTranslatorPB.java:175) ~[ozone-manager-1.3.0-SNAPSHOT.jar:?]
	at org.apache.hadoop.hdds.server.OzoneProtocolMessageDispatcher.processRequest(OzoneProtocolMessageDispatcher.java:87) [hdds-server-framework-1.3.0-SNAPSHOT.jar:?]
	at org.apache.hadoop.ozone.protocolPB.OzoneManagerProtocolServerSideTranslatorPB.submitRequest(OzoneManagerProtocolServerSideTranslatorPB.java:147) [ozone-manager-1.3.0-SNAPSHOT.jar:?]
	at org.apache.hadoop.ozone.protocol.proto.OzoneManagerProtocolProtos$OzoneManagerService$2.callBlockingMethod(OzoneManagerProtocolProtos.java) [ozone-interface-client-1.3.0-SNAPSHOT.jar:?]
	at org.apache.hadoop.ipc.ProtobufRpcEngine$Server.processCall(ProtobufRpcEngine.java:466) [hadoop-common-3.3.1.jar:?]
	at org.apache.hadoop.ipc.ProtobufRpcEngine2$Server$ProtoBufRpcInvoker.call(ProtobufRpcEngine2.java:574) [hadoop-common-3.3.1.jar:?]
	at org.apache.hadoop.ipc.ProtobufRpcEngine2$Server$ProtoBufRpcInvoker.call(ProtobufRpcEngine2.java:552) [hadoop-common-3.3.1.jar:?]
	at org.apache.hadoop.ipc.RPC$Server.call(RPC.java:1093) [hadoop-common-3.3.1.jar:?]
	at org.apache.hadoop.ipc.Server$RpcCall.run(Server.java:1035) [hadoop-common-3.3.1.jar:?]
	at org.apache.hadoop.ipc.Server$RpcCall.run(Server.java:963) [hadoop-common-3.3.1.jar:?]
	at java.security.AccessController.doPrivileged(Native Method) ~[?:1.8.0_332]
	at javax.security.auth.Subject.doAs(Subject.java:422) [?:1.8.0_332]
	at org.apache.hadoop.security.UserGroupInformation.doAs(UserGroupInformation.java:1878) [hadoop-common-3.3.1.jar:?]
	at org.apache.hadoop.ipc.Server$Handler.run(Server.java:2966) [hadoop-common-3.3.1.jar:?]
]]></system-out>
  </testcase>
  <testcase name="testRenameDestinationParentDoesntExist" classname="TestRootedOzoneFileSystem" time="0.125">
    <system-out><![CDATA[2022-08-09 13:48:21,656 [Time-limited test] INFO  rpc.RpcClient (RpcClient.java:createVolume(468)) - Creating Volume: volume44631, with user40940 as owner and space quota set to -1 bytes, counts quota set to -1
2022-08-09 13:48:21,661 [OM StateMachine ApplyTransaction Thread - 0] INFO  volume.OMVolumeCreateRequest (OMVolumeCreateRequest.java:validateAndUpdateCache(195)) - created volume:volume44631 for user:user40940
2022-08-09 13:48:21,662 [Time-limited test] INFO  rpc.RpcClient (RpcClient.java:createBucket(671)) - Creating Bucket: volume44631/bucket95535, with bucket layout LEGACY, runner as owner, Versioning false, Storage Type set to DISK and Encryption set to false 
2022-08-09 13:48:21,663 [OM StateMachine ApplyTransaction Thread - 0] INFO  bucket.OMBucketCreateRequest (OMBucketCreateRequest.java:validateAndUpdateCache(260)) - created bucket: bucket95535 of layout LEGACY in volume: volume44631
13:48:21.667 [IPC Server handler 1 on default port 34619] ERROR OMAudit - user=runner | ip=127.0.0.1 | op=GET_FILE_STATUS {volume=volume44631, bucket=bucket95535, key=root_dir/b/c, dataSize=0, replicationConfig=null} | ret=FAILURE
org.apache.hadoop.ozone.om.exceptions.OMException: Unable to get file status: volume: volume44631 bucket: bucket95535 key: root_dir/b/c
	at org.apache.hadoop.ozone.om.KeyManagerImpl.getOzoneFileStatus(KeyManagerImpl.java:1311) ~[ozone-manager-1.3.0-SNAPSHOT.jar:?]
	at org.apache.hadoop.ozone.om.KeyManagerImpl.getFileStatus(KeyManagerImpl.java:1241) ~[ozone-manager-1.3.0-SNAPSHOT.jar:?]
	at org.apache.hadoop.ozone.om.OzoneManager.getFileStatus(OzoneManager.java:3468) ~[ozone-manager-1.3.0-SNAPSHOT.jar:?]
	at org.apache.hadoop.ozone.protocolPB.OzoneManagerRequestHandler.getOzoneFileStatus(OzoneManagerRequestHandler.java:882) ~[ozone-manager-1.3.0-SNAPSHOT.jar:?]
	at org.apache.hadoop.ozone.protocolPB.OzoneManagerRequestHandler.handleReadRequest(OzoneManagerRequestHandler.java:228) ~[ozone-manager-1.3.0-SNAPSHOT.jar:?]
	at org.apache.hadoop.ozone.protocolPB.OzoneManagerProtocolServerSideTranslatorPB.submitReadRequestToOM(OzoneManagerProtocolServerSideTranslatorPB.java:226) ~[ozone-manager-1.3.0-SNAPSHOT.jar:?]
	at org.apache.hadoop.ozone.protocolPB.OzoneManagerProtocolServerSideTranslatorPB.processRequest(OzoneManagerProtocolServerSideTranslatorPB.java:175) ~[ozone-manager-1.3.0-SNAPSHOT.jar:?]
	at org.apache.hadoop.hdds.server.OzoneProtocolMessageDispatcher.processRequest(OzoneProtocolMessageDispatcher.java:87) [hdds-server-framework-1.3.0-SNAPSHOT.jar:?]
	at org.apache.hadoop.ozone.protocolPB.OzoneManagerProtocolServerSideTranslatorPB.submitRequest(OzoneManagerProtocolServerSideTranslatorPB.java:147) [ozone-manager-1.3.0-SNAPSHOT.jar:?]
	at org.apache.hadoop.ozone.protocol.proto.OzoneManagerProtocolProtos$OzoneManagerService$2.callBlockingMethod(OzoneManagerProtocolProtos.java) [ozone-interface-client-1.3.0-SNAPSHOT.jar:?]
	at org.apache.hadoop.ipc.ProtobufRpcEngine$Server.processCall(ProtobufRpcEngine.java:466) [hadoop-common-3.3.1.jar:?]
	at org.apache.hadoop.ipc.ProtobufRpcEngine2$Server$ProtoBufRpcInvoker.call(ProtobufRpcEngine2.java:574) [hadoop-common-3.3.1.jar:?]
	at org.apache.hadoop.ipc.ProtobufRpcEngine2$Server$ProtoBufRpcInvoker.call(ProtobufRpcEngine2.java:552) [hadoop-common-3.3.1.jar:?]
	at org.apache.hadoop.ipc.RPC$Server.call(RPC.java:1093) [hadoop-common-3.3.1.jar:?]
	at org.apache.hadoop.ipc.Server$RpcCall.run(Server.java:1035) [hadoop-common-3.3.1.jar:?]
	at org.apache.hadoop.ipc.Server$RpcCall.run(Server.java:963) [hadoop-common-3.3.1.jar:?]
	at java.security.AccessController.doPrivileged(Native Method) ~[?:1.8.0_332]
	at javax.security.auth.Subject.doAs(Subject.java:422) [?:1.8.0_332]
	at org.apache.hadoop.security.UserGroupInformation.doAs(UserGroupInformation.java:1878) [hadoop-common-3.3.1.jar:?]
	at org.apache.hadoop.ipc.Server$Handler.run(Server.java:2966) [hadoop-common-3.3.1.jar:?]
13:48:21.668 [IPC Server handler 18 on default port 34619] ERROR OMAudit - user=runner | ip=127.0.0.1 | op=GET_FILE_STATUS {volume=volume44631, bucket=bucket95535, key=root_dir/b, dataSize=0, replicationConfig=null} | ret=FAILURE
org.apache.hadoop.ozone.om.exceptions.OMException: Unable to get file status: volume: volume44631 bucket: bucket95535 key: root_dir/b
	at org.apache.hadoop.ozone.om.KeyManagerImpl.getOzoneFileStatus(KeyManagerImpl.java:1311) ~[ozone-manager-1.3.0-SNAPSHOT.jar:?]
	at org.apache.hadoop.ozone.om.KeyManagerImpl.getFileStatus(KeyManagerImpl.java:1241) ~[ozone-manager-1.3.0-SNAPSHOT.jar:?]
	at org.apache.hadoop.ozone.om.OzoneManager.getFileStatus(OzoneManager.java:3468) ~[ozone-manager-1.3.0-SNAPSHOT.jar:?]
	at org.apache.hadoop.ozone.protocolPB.OzoneManagerRequestHandler.getOzoneFileStatus(OzoneManagerRequestHandler.java:882) ~[ozone-manager-1.3.0-SNAPSHOT.jar:?]
	at org.apache.hadoop.ozone.protocolPB.OzoneManagerRequestHandler.handleReadRequest(OzoneManagerRequestHandler.java:228) ~[ozone-manager-1.3.0-SNAPSHOT.jar:?]
	at org.apache.hadoop.ozone.protocolPB.OzoneManagerProtocolServerSideTranslatorPB.submitReadRequestToOM(OzoneManagerProtocolServerSideTranslatorPB.java:226) ~[ozone-manager-1.3.0-SNAPSHOT.jar:?]
	at org.apache.hadoop.ozone.protocolPB.OzoneManagerProtocolServerSideTranslatorPB.processRequest(OzoneManagerProtocolServerSideTranslatorPB.java:175) ~[ozone-manager-1.3.0-SNAPSHOT.jar:?]
	at org.apache.hadoop.hdds.server.OzoneProtocolMessageDispatcher.processRequest(OzoneProtocolMessageDispatcher.java:87) [hdds-server-framework-1.3.0-SNAPSHOT.jar:?]
	at org.apache.hadoop.ozone.protocolPB.OzoneManagerProtocolServerSideTranslatorPB.submitRequest(OzoneManagerProtocolServerSideTranslatorPB.java:147) [ozone-manager-1.3.0-SNAPSHOT.jar:?]
	at org.apache.hadoop.ozone.protocol.proto.OzoneManagerProtocolProtos$OzoneManagerService$2.callBlockingMethod(OzoneManagerProtocolProtos.java) [ozone-interface-client-1.3.0-SNAPSHOT.jar:?]
	at org.apache.hadoop.ipc.ProtobufRpcEngine$Server.processCall(ProtobufRpcEngine.java:466) [hadoop-common-3.3.1.jar:?]
	at org.apache.hadoop.ipc.ProtobufRpcEngine2$Server$ProtoBufRpcInvoker.call(ProtobufRpcEngine2.java:574) [hadoop-common-3.3.1.jar:?]
	at org.apache.hadoop.ipc.ProtobufRpcEngine2$Server$ProtoBufRpcInvoker.call(ProtobufRpcEngine2.java:552) [hadoop-common-3.3.1.jar:?]
	at org.apache.hadoop.ipc.RPC$Server.call(RPC.java:1093) [hadoop-common-3.3.1.jar:?]
	at org.apache.hadoop.ipc.Server$RpcCall.run(Server.java:1035) [hadoop-common-3.3.1.jar:?]
	at org.apache.hadoop.ipc.Server$RpcCall.run(Server.java:963) [hadoop-common-3.3.1.jar:?]
	at java.security.AccessController.doPrivileged(Native Method) ~[?:1.8.0_332]
	at javax.security.auth.Subject.doAs(Subject.java:422) [?:1.8.0_332]
	at org.apache.hadoop.security.UserGroupInformation.doAs(UserGroupInformation.java:1878) [hadoop-common-3.3.1.jar:?]
	at org.apache.hadoop.ipc.Server$Handler.run(Server.java:2966) [hadoop-common-3.3.1.jar:?]
13:48:21.682 [IPC Server handler 7 on default port 34619] ERROR OMAudit - user=runner | ip=127.0.0.1 | op=GET_FILE_STATUS {volume=volume44631, bucket=bucket95535, key=root_dir/file1/c, dataSize=0, replicationConfig=null} | ret=FAILURE
org.apache.hadoop.ozone.om.exceptions.OMException: Unable to get file status: volume: volume44631 bucket: bucket95535 key: root_dir/file1/c
	at org.apache.hadoop.ozone.om.KeyManagerImpl.getOzoneFileStatus(KeyManagerImpl.java:1311) ~[ozone-manager-1.3.0-SNAPSHOT.jar:?]
	at org.apache.hadoop.ozone.om.KeyManagerImpl.getFileStatus(KeyManagerImpl.java:1241) ~[ozone-manager-1.3.0-SNAPSHOT.jar:?]
	at org.apache.hadoop.ozone.om.OzoneManager.getFileStatus(OzoneManager.java:3468) ~[ozone-manager-1.3.0-SNAPSHOT.jar:?]
	at org.apache.hadoop.ozone.protocolPB.OzoneManagerRequestHandler.getOzoneFileStatus(OzoneManagerRequestHandler.java:882) ~[ozone-manager-1.3.0-SNAPSHOT.jar:?]
	at org.apache.hadoop.ozone.protocolPB.OzoneManagerRequestHandler.handleReadRequest(OzoneManagerRequestHandler.java:228) ~[ozone-manager-1.3.0-SNAPSHOT.jar:?]
	at org.apache.hadoop.ozone.protocolPB.OzoneManagerProtocolServerSideTranslatorPB.submitReadRequestToOM(OzoneManagerProtocolServerSideTranslatorPB.java:226) ~[ozone-manager-1.3.0-SNAPSHOT.jar:?]
	at org.apache.hadoop.ozone.protocolPB.OzoneManagerProtocolServerSideTranslatorPB.processRequest(OzoneManagerProtocolServerSideTranslatorPB.java:175) ~[ozone-manager-1.3.0-SNAPSHOT.jar:?]
	at org.apache.hadoop.hdds.server.OzoneProtocolMessageDispatcher.processRequest(OzoneProtocolMessageDispatcher.java:87) [hdds-server-framework-1.3.0-SNAPSHOT.jar:?]
	at org.apache.hadoop.ozone.protocolPB.OzoneManagerProtocolServerSideTranslatorPB.submitRequest(OzoneManagerProtocolServerSideTranslatorPB.java:147) [ozone-manager-1.3.0-SNAPSHOT.jar:?]
	at org.apache.hadoop.ozone.protocol.proto.OzoneManagerProtocolProtos$OzoneManagerService$2.callBlockingMethod(OzoneManagerProtocolProtos.java) [ozone-interface-client-1.3.0-SNAPSHOT.jar:?]
	at org.apache.hadoop.ipc.ProtobufRpcEngine$Server.processCall(ProtobufRpcEngine.java:466) [hadoop-common-3.3.1.jar:?]
	at org.apache.hadoop.ipc.ProtobufRpcEngine2$Server$ProtoBufRpcInvoker.call(ProtobufRpcEngine2.java:574) [hadoop-common-3.3.1.jar:?]
	at org.apache.hadoop.ipc.ProtobufRpcEngine2$Server$ProtoBufRpcInvoker.call(ProtobufRpcEngine2.java:552) [hadoop-common-3.3.1.jar:?]
	at org.apache.hadoop.ipc.RPC$Server.call(RPC.java:1093) [hadoop-common-3.3.1.jar:?]
	at org.apache.hadoop.ipc.Server$RpcCall.run(Server.java:1035) [hadoop-common-3.3.1.jar:?]
	at org.apache.hadoop.ipc.Server$RpcCall.run(Server.java:963) [hadoop-common-3.3.1.jar:?]
	at java.security.AccessController.doPrivileged(Native Method) ~[?:1.8.0_332]
	at javax.security.auth.Subject.doAs(Subject.java:422) [?:1.8.0_332]
	at org.apache.hadoop.security.UserGroupInformation.doAs(UserGroupInformation.java:1878) [hadoop-common-3.3.1.jar:?]
	at org.apache.hadoop.ipc.Server$Handler.run(Server.java:2966) [hadoop-common-3.3.1.jar:?]
]]></system-out>
  </testcase>
  <testcase name="testRenameDestinationParentDoesntExist" classname="TestRootedOzoneFileSystem" time="0.286">
    <system-out><![CDATA[2022-08-09 13:49:27,773 [Time-limited test] INFO  rpc.RpcClient (RpcClient.java:createVolume(468)) - Creating Volume: volume35204, with user64031 as owner and space quota set to -1 bytes, counts quota set to -1
2022-08-09 13:49:27,774 [IPC Server handler 18 on default port 42643] INFO  volume.OMVolumeCreateRequest (OMVolumeCreateRequest.java:validateAndUpdateCache(195)) - created volume:volume35204 for user:user64031
2022-08-09 13:49:27,797 [Time-limited test] INFO  rpc.RpcClient (RpcClient.java:createBucket(671)) - Creating Bucket: volume35204/bucket79478, with bucket layout LEGACY, runner as owner, Versioning false, Storage Type set to DISK and Encryption set to false 
2022-08-09 13:49:27,798 [IPC Server handler 12 on default port 42643] INFO  bucket.OMBucketCreateRequest (OMBucketCreateRequest.java:validateAndUpdateCache(260)) - created bucket: bucket79478 of layout LEGACY in volume: volume35204
13:49:27.801 [IPC Server handler 6 on default port 42643] ERROR OMAudit - user=runner | ip=127.0.0.1 | op=GET_FILE_STATUS {volume=volume35204, bucket=bucket79478, key=root_dir/b/c, dataSize=0, replicationConfig=null} | ret=FAILURE
org.apache.hadoop.ozone.om.exceptions.OMException: Unable to get file status: volume: volume35204 bucket: bucket79478 key: root_dir/b/c
	at org.apache.hadoop.ozone.om.KeyManagerImpl.getOzoneFileStatus(KeyManagerImpl.java:1311) ~[ozone-manager-1.3.0-SNAPSHOT.jar:?]
	at org.apache.hadoop.ozone.om.KeyManagerImpl.getFileStatus(KeyManagerImpl.java:1241) ~[ozone-manager-1.3.0-SNAPSHOT.jar:?]
	at org.apache.hadoop.ozone.om.OzoneManager.getFileStatus(OzoneManager.java:3468) ~[ozone-manager-1.3.0-SNAPSHOT.jar:?]
	at org.apache.hadoop.ozone.protocolPB.OzoneManagerRequestHandler.getOzoneFileStatus(OzoneManagerRequestHandler.java:882) ~[ozone-manager-1.3.0-SNAPSHOT.jar:?]
	at org.apache.hadoop.ozone.protocolPB.OzoneManagerRequestHandler.handleReadRequest(OzoneManagerRequestHandler.java:228) ~[ozone-manager-1.3.0-SNAPSHOT.jar:?]
	at org.apache.hadoop.ozone.protocolPB.OzoneManagerProtocolServerSideTranslatorPB.submitRequestDirectlyToOM(OzoneManagerProtocolServerSideTranslatorPB.java:276) ~[ozone-manager-1.3.0-SNAPSHOT.jar:?]
	at org.apache.hadoop.ozone.protocolPB.OzoneManagerProtocolServerSideTranslatorPB.processRequest(OzoneManagerProtocolServerSideTranslatorPB.java:205) ~[ozone-manager-1.3.0-SNAPSHOT.jar:?]
	at org.apache.hadoop.hdds.server.OzoneProtocolMessageDispatcher.processRequest(OzoneProtocolMessageDispatcher.java:87) [hdds-server-framework-1.3.0-SNAPSHOT.jar:?]
	at org.apache.hadoop.ozone.protocolPB.OzoneManagerProtocolServerSideTranslatorPB.submitRequest(OzoneManagerProtocolServerSideTranslatorPB.java:147) [ozone-manager-1.3.0-SNAPSHOT.jar:?]
	at org.apache.hadoop.ozone.protocol.proto.OzoneManagerProtocolProtos$OzoneManagerService$2.callBlockingMethod(OzoneManagerProtocolProtos.java) [ozone-interface-client-1.3.0-SNAPSHOT.jar:?]
	at org.apache.hadoop.ipc.ProtobufRpcEngine$Server.processCall(ProtobufRpcEngine.java:466) [hadoop-common-3.3.1.jar:?]
	at org.apache.hadoop.ipc.ProtobufRpcEngine2$Server$ProtoBufRpcInvoker.call(ProtobufRpcEngine2.java:574) [hadoop-common-3.3.1.jar:?]
	at org.apache.hadoop.ipc.ProtobufRpcEngine2$Server$ProtoBufRpcInvoker.call(ProtobufRpcEngine2.java:552) [hadoop-common-3.3.1.jar:?]
	at org.apache.hadoop.ipc.RPC$Server.call(RPC.java:1093) [hadoop-common-3.3.1.jar:?]
	at org.apache.hadoop.ipc.Server$RpcCall.run(Server.java:1035) [hadoop-common-3.3.1.jar:?]
	at org.apache.hadoop.ipc.Server$RpcCall.run(Server.java:963) [hadoop-common-3.3.1.jar:?]
	at java.security.AccessController.doPrivileged(Native Method) ~[?:1.8.0_332]
	at javax.security.auth.Subject.doAs(Subject.java:422) [?:1.8.0_332]
	at org.apache.hadoop.security.UserGroupInformation.doAs(UserGroupInformation.java:1878) [hadoop-common-3.3.1.jar:?]
	at org.apache.hadoop.ipc.Server$Handler.run(Server.java:2966) [hadoop-common-3.3.1.jar:?]
13:49:27.805 [IPC Server handler 0 on default port 42643] ERROR OMAudit - user=runner | ip=127.0.0.1 | op=GET_FILE_STATUS {volume=volume35204, bucket=bucket79478, key=root_dir/b, dataSize=0, replicationConfig=null} | ret=FAILURE
org.apache.hadoop.ozone.om.exceptions.OMException: Unable to get file status: volume: volume35204 bucket: bucket79478 key: root_dir/b
	at org.apache.hadoop.ozone.om.KeyManagerImpl.getOzoneFileStatus(KeyManagerImpl.java:1311) ~[ozone-manager-1.3.0-SNAPSHOT.jar:?]
	at org.apache.hadoop.ozone.om.KeyManagerImpl.getFileStatus(KeyManagerImpl.java:1241) ~[ozone-manager-1.3.0-SNAPSHOT.jar:?]
	at org.apache.hadoop.ozone.om.OzoneManager.getFileStatus(OzoneManager.java:3468) ~[ozone-manager-1.3.0-SNAPSHOT.jar:?]
	at org.apache.hadoop.ozone.protocolPB.OzoneManagerRequestHandler.getOzoneFileStatus(OzoneManagerRequestHandler.java:882) ~[ozone-manager-1.3.0-SNAPSHOT.jar:?]
	at org.apache.hadoop.ozone.protocolPB.OzoneManagerRequestHandler.handleReadRequest(OzoneManagerRequestHandler.java:228) ~[ozone-manager-1.3.0-SNAPSHOT.jar:?]
	at org.apache.hadoop.ozone.protocolPB.OzoneManagerProtocolServerSideTranslatorPB.submitRequestDirectlyToOM(OzoneManagerProtocolServerSideTranslatorPB.java:276) ~[ozone-manager-1.3.0-SNAPSHOT.jar:?]
	at org.apache.hadoop.ozone.protocolPB.OzoneManagerProtocolServerSideTranslatorPB.processRequest(OzoneManagerProtocolServerSideTranslatorPB.java:205) ~[ozone-manager-1.3.0-SNAPSHOT.jar:?]
	at org.apache.hadoop.hdds.server.OzoneProtocolMessageDispatcher.processRequest(OzoneProtocolMessageDispatcher.java:87) [hdds-server-framework-1.3.0-SNAPSHOT.jar:?]
	at org.apache.hadoop.ozone.protocolPB.OzoneManagerProtocolServerSideTranslatorPB.submitRequest(OzoneManagerProtocolServerSideTranslatorPB.java:147) [ozone-manager-1.3.0-SNAPSHOT.jar:?]
	at org.apache.hadoop.ozone.protocol.proto.OzoneManagerProtocolProtos$OzoneManagerService$2.callBlockingMethod(OzoneManagerProtocolProtos.java) [ozone-interface-client-1.3.0-SNAPSHOT.jar:?]
	at org.apache.hadoop.ipc.ProtobufRpcEngine$Server.processCall(ProtobufRpcEngine.java:466) [hadoop-common-3.3.1.jar:?]
	at org.apache.hadoop.ipc.ProtobufRpcEngine2$Server$ProtoBufRpcInvoker.call(ProtobufRpcEngine2.java:574) [hadoop-common-3.3.1.jar:?]
	at org.apache.hadoop.ipc.ProtobufRpcEngine2$Server$ProtoBufRpcInvoker.call(ProtobufRpcEngine2.java:552) [hadoop-common-3.3.1.jar:?]
	at org.apache.hadoop.ipc.RPC$Server.call(RPC.java:1093) [hadoop-common-3.3.1.jar:?]
	at org.apache.hadoop.ipc.Server$RpcCall.run(Server.java:1035) [hadoop-common-3.3.1.jar:?]
	at org.apache.hadoop.ipc.Server$RpcCall.run(Server.java:963) [hadoop-common-3.3.1.jar:?]
	at java.security.AccessController.doPrivileged(Native Method) ~[?:1.8.0_332]
	at javax.security.auth.Subject.doAs(Subject.java:422) [?:1.8.0_332]
	at org.apache.hadoop.security.UserGroupInformation.doAs(UserGroupInformation.java:1878) [hadoop-common-3.3.1.jar:?]
	at org.apache.hadoop.ipc.Server$Handler.run(Server.java:2966) [hadoop-common-3.3.1.jar:?]
13:49:27.818 [IPC Server handler 18 on default port 42643] ERROR OMAudit - user=runner | ip=127.0.0.1 | op=GET_FILE_STATUS {volume=volume35204, bucket=bucket79478, key=root_dir/file1/c, dataSize=0, replicationConfig=null} | ret=FAILURE
org.apache.hadoop.ozone.om.exceptions.OMException: Unable to get file status: volume: volume35204 bucket: bucket79478 key: root_dir/file1/c
	at org.apache.hadoop.ozone.om.KeyManagerImpl.getOzoneFileStatus(KeyManagerImpl.java:1311) ~[ozone-manager-1.3.0-SNAPSHOT.jar:?]
	at org.apache.hadoop.ozone.om.KeyManagerImpl.getFileStatus(KeyManagerImpl.java:1241) ~[ozone-manager-1.3.0-SNAPSHOT.jar:?]
	at org.apache.hadoop.ozone.om.OzoneManager.getFileStatus(OzoneManager.java:3468) ~[ozone-manager-1.3.0-SNAPSHOT.jar:?]
	at org.apache.hadoop.ozone.protocolPB.OzoneManagerRequestHandler.getOzoneFileStatus(OzoneManagerRequestHandler.java:882) ~[ozone-manager-1.3.0-SNAPSHOT.jar:?]
	at org.apache.hadoop.ozone.protocolPB.OzoneManagerRequestHandler.handleReadRequest(OzoneManagerRequestHandler.java:228) ~[ozone-manager-1.3.0-SNAPSHOT.jar:?]
	at org.apache.hadoop.ozone.protocolPB.OzoneManagerProtocolServerSideTranslatorPB.submitRequestDirectlyToOM(OzoneManagerProtocolServerSideTranslatorPB.java:276) ~[ozone-manager-1.3.0-SNAPSHOT.jar:?]
	at org.apache.hadoop.ozone.protocolPB.OzoneManagerProtocolServerSideTranslatorPB.processRequest(OzoneManagerProtocolServerSideTranslatorPB.java:205) ~[ozone-manager-1.3.0-SNAPSHOT.jar:?]
	at org.apache.hadoop.hdds.server.OzoneProtocolMessageDispatcher.processRequest(OzoneProtocolMessageDispatcher.java:87) [hdds-server-framework-1.3.0-SNAPSHOT.jar:?]
	at org.apache.hadoop.ozone.protocolPB.OzoneManagerProtocolServerSideTranslatorPB.submitRequest(OzoneManagerProtocolServerSideTranslatorPB.java:147) [ozone-manager-1.3.0-SNAPSHOT.jar:?]
	at org.apache.hadoop.ozone.protocol.proto.OzoneManagerProtocolProtos$OzoneManagerService$2.callBlockingMethod(OzoneManagerProtocolProtos.java) [ozone-interface-client-1.3.0-SNAPSHOT.jar:?]
	at org.apache.hadoop.ipc.ProtobufRpcEngine$Server.processCall(ProtobufRpcEngine.java:466) [hadoop-common-3.3.1.jar:?]
	at org.apache.hadoop.ipc.ProtobufRpcEngine2$Server$ProtoBufRpcInvoker.call(ProtobufRpcEngine2.java:574) [hadoop-common-3.3.1.jar:?]
	at org.apache.hadoop.ipc.ProtobufRpcEngine2$Server$ProtoBufRpcInvoker.call(ProtobufRpcEngine2.java:552) [hadoop-common-3.3.1.jar:?]
	at org.apache.hadoop.ipc.RPC$Server.call(RPC.java:1093) [hadoop-common-3.3.1.jar:?]
	at org.apache.hadoop.ipc.Server$RpcCall.run(Server.java:1035) [hadoop-common-3.3.1.jar:?]
	at org.apache.hadoop.ipc.Server$RpcCall.run(Server.java:963) [hadoop-common-3.3.1.jar:?]
	at java.security.AccessController.doPrivileged(Native Method) ~[?:1.8.0_332]
	at javax.security.auth.Subject.doAs(Subject.java:422) [?:1.8.0_332]
	at org.apache.hadoop.security.UserGroupInformation.doAs(UserGroupInformation.java:1878) [hadoop-common-3.3.1.jar:?]
	at org.apache.hadoop.ipc.Server$Handler.run(Server.java:2966) [hadoop-common-3.3.1.jar:?]
]]></system-out>
  </testcase>
  <testcase name="testRenameDestinationParentDoesntExist" classname="TestRootedOzoneFileSystem" time="0.183">
    <system-out><![CDATA[2022-08-09 13:50:44,579 [Time-limited test] INFO  rpc.RpcClient (RpcClient.java:createVolume(468)) - Creating Volume: volume76874, with user57065 as owner and space quota set to -1 bytes, counts quota set to -1
2022-08-09 13:50:44,609 [OM StateMachine ApplyTransaction Thread - 0] INFO  volume.OMVolumeCreateRequest (OMVolumeCreateRequest.java:validateAndUpdateCache(195)) - created volume:volume76874 for user:user57065
2022-08-09 13:50:44,617 [Time-limited test] INFO  rpc.RpcClient (RpcClient.java:createBucket(671)) - Creating Bucket: volume76874/bucket71576, with bucket layout LEGACY, runner as owner, Versioning false, Storage Type set to DISK and Encryption set to false 
2022-08-09 13:50:44,623 [OM StateMachine ApplyTransaction Thread - 0] INFO  bucket.OMBucketCreateRequest (OMBucketCreateRequest.java:validateAndUpdateCache(260)) - created bucket: bucket71576 of layout LEGACY in volume: volume76874
13:50:44.628 [IPC Server handler 12 on default port 45023] ERROR OMAudit - user=runner | ip=127.0.0.1 | op=GET_FILE_STATUS {volume=volume76874, bucket=bucket71576, key=root_dir/b/c, dataSize=0, replicationConfig=null} | ret=FAILURE
org.apache.hadoop.ozone.om.exceptions.OMException: Unable to get file status: volume: volume76874 bucket: bucket71576 key: root_dir/b/c
	at org.apache.hadoop.ozone.om.KeyManagerImpl.getOzoneFileStatus(KeyManagerImpl.java:1311) ~[ozone-manager-1.3.0-SNAPSHOT.jar:?]
	at org.apache.hadoop.ozone.om.KeyManagerImpl.getFileStatus(KeyManagerImpl.java:1241) ~[ozone-manager-1.3.0-SNAPSHOT.jar:?]
	at org.apache.hadoop.ozone.om.OzoneManager.getFileStatus(OzoneManager.java:3468) ~[ozone-manager-1.3.0-SNAPSHOT.jar:?]
	at org.apache.hadoop.ozone.protocolPB.OzoneManagerRequestHandler.getOzoneFileStatus(OzoneManagerRequestHandler.java:882) ~[ozone-manager-1.3.0-SNAPSHOT.jar:?]
	at org.apache.hadoop.ozone.protocolPB.OzoneManagerRequestHandler.handleReadRequest(OzoneManagerRequestHandler.java:228) ~[ozone-manager-1.3.0-SNAPSHOT.jar:?]
	at org.apache.hadoop.ozone.protocolPB.OzoneManagerProtocolServerSideTranslatorPB.submitReadRequestToOM(OzoneManagerProtocolServerSideTranslatorPB.java:226) ~[ozone-manager-1.3.0-SNAPSHOT.jar:?]
	at org.apache.hadoop.ozone.protocolPB.OzoneManagerProtocolServerSideTranslatorPB.processRequest(OzoneManagerProtocolServerSideTranslatorPB.java:175) ~[ozone-manager-1.3.0-SNAPSHOT.jar:?]
	at org.apache.hadoop.hdds.server.OzoneProtocolMessageDispatcher.processRequest(OzoneProtocolMessageDispatcher.java:87) [hdds-server-framework-1.3.0-SNAPSHOT.jar:?]
	at org.apache.hadoop.ozone.protocolPB.OzoneManagerProtocolServerSideTranslatorPB.submitRequest(OzoneManagerProtocolServerSideTranslatorPB.java:147) [ozone-manager-1.3.0-SNAPSHOT.jar:?]
	at org.apache.hadoop.ozone.protocol.proto.OzoneManagerProtocolProtos$OzoneManagerService$2.callBlockingMethod(OzoneManagerProtocolProtos.java) [ozone-interface-client-1.3.0-SNAPSHOT.jar:?]
	at org.apache.hadoop.ipc.ProtobufRpcEngine$Server.processCall(ProtobufRpcEngine.java:466) [hadoop-common-3.3.1.jar:?]
	at org.apache.hadoop.ipc.ProtobufRpcEngine2$Server$ProtoBufRpcInvoker.call(ProtobufRpcEngine2.java:574) [hadoop-common-3.3.1.jar:?]
	at org.apache.hadoop.ipc.ProtobufRpcEngine2$Server$ProtoBufRpcInvoker.call(ProtobufRpcEngine2.java:552) [hadoop-common-3.3.1.jar:?]
	at org.apache.hadoop.ipc.RPC$Server.call(RPC.java:1093) [hadoop-common-3.3.1.jar:?]
	at org.apache.hadoop.ipc.Server$RpcCall.run(Server.java:1035) [hadoop-common-3.3.1.jar:?]
	at org.apache.hadoop.ipc.Server$RpcCall.run(Server.java:963) [hadoop-common-3.3.1.jar:?]
	at java.security.AccessController.doPrivileged(Native Method) ~[?:1.8.0_332]
	at javax.security.auth.Subject.doAs(Subject.java:422) [?:1.8.0_332]
	at org.apache.hadoop.security.UserGroupInformation.doAs(UserGroupInformation.java:1878) [hadoop-common-3.3.1.jar:?]
	at org.apache.hadoop.ipc.Server$Handler.run(Server.java:2966) [hadoop-common-3.3.1.jar:?]
13:50:44.629 [IPC Server handler 10 on default port 45023] ERROR OMAudit - user=runner | ip=127.0.0.1 | op=GET_FILE_STATUS {volume=volume76874, bucket=bucket71576, key=root_dir/b, dataSize=0, replicationConfig=null} | ret=FAILURE
org.apache.hadoop.ozone.om.exceptions.OMException: Unable to get file status: volume: volume76874 bucket: bucket71576 key: root_dir/b
	at org.apache.hadoop.ozone.om.KeyManagerImpl.getOzoneFileStatus(KeyManagerImpl.java:1311) ~[ozone-manager-1.3.0-SNAPSHOT.jar:?]
	at org.apache.hadoop.ozone.om.KeyManagerImpl.getFileStatus(KeyManagerImpl.java:1241) ~[ozone-manager-1.3.0-SNAPSHOT.jar:?]
	at org.apache.hadoop.ozone.om.OzoneManager.getFileStatus(OzoneManager.java:3468) ~[ozone-manager-1.3.0-SNAPSHOT.jar:?]
	at org.apache.hadoop.ozone.protocolPB.OzoneManagerRequestHandler.getOzoneFileStatus(OzoneManagerRequestHandler.java:882) ~[ozone-manager-1.3.0-SNAPSHOT.jar:?]
	at org.apache.hadoop.ozone.protocolPB.OzoneManagerRequestHandler.handleReadRequest(OzoneManagerRequestHandler.java:228) ~[ozone-manager-1.3.0-SNAPSHOT.jar:?]
	at org.apache.hadoop.ozone.protocolPB.OzoneManagerProtocolServerSideTranslatorPB.submitReadRequestToOM(OzoneManagerProtocolServerSideTranslatorPB.java:226) ~[ozone-manager-1.3.0-SNAPSHOT.jar:?]
	at org.apache.hadoop.ozone.protocolPB.OzoneManagerProtocolServerSideTranslatorPB.processRequest(OzoneManagerProtocolServerSideTranslatorPB.java:175) ~[ozone-manager-1.3.0-SNAPSHOT.jar:?]
	at org.apache.hadoop.hdds.server.OzoneProtocolMessageDispatcher.processRequest(OzoneProtocolMessageDispatcher.java:87) [hdds-server-framework-1.3.0-SNAPSHOT.jar:?]
	at org.apache.hadoop.ozone.protocolPB.OzoneManagerProtocolServerSideTranslatorPB.submitRequest(OzoneManagerProtocolServerSideTranslatorPB.java:147) [ozone-manager-1.3.0-SNAPSHOT.jar:?]
	at org.apache.hadoop.ozone.protocol.proto.OzoneManagerProtocolProtos$OzoneManagerService$2.callBlockingMethod(OzoneManagerProtocolProtos.java) [ozone-interface-client-1.3.0-SNAPSHOT.jar:?]
	at org.apache.hadoop.ipc.ProtobufRpcEngine$Server.processCall(ProtobufRpcEngine.java:466) [hadoop-common-3.3.1.jar:?]
	at org.apache.hadoop.ipc.ProtobufRpcEngine2$Server$ProtoBufRpcInvoker.call(ProtobufRpcEngine2.java:574) [hadoop-common-3.3.1.jar:?]
	at org.apache.hadoop.ipc.ProtobufRpcEngine2$Server$ProtoBufRpcInvoker.call(ProtobufRpcEngine2.java:552) [hadoop-common-3.3.1.jar:?]
	at org.apache.hadoop.ipc.RPC$Server.call(RPC.java:1093) [hadoop-common-3.3.1.jar:?]
	at org.apache.hadoop.ipc.Server$RpcCall.run(Server.java:1035) [hadoop-common-3.3.1.jar:?]
	at org.apache.hadoop.ipc.Server$RpcCall.run(Server.java:963) [hadoop-common-3.3.1.jar:?]
	at java.security.AccessController.doPrivileged(Native Method) ~[?:1.8.0_332]
	at javax.security.auth.Subject.doAs(Subject.java:422) [?:1.8.0_332]
	at org.apache.hadoop.security.UserGroupInformation.doAs(UserGroupInformation.java:1878) [hadoop-common-3.3.1.jar:?]
	at org.apache.hadoop.ipc.Server$Handler.run(Server.java:2966) [hadoop-common-3.3.1.jar:?]
13:50:44.636 [IPC Server handler 18 on default port 45023] ERROR OMAudit - user=runner | ip=127.0.0.1 | op=GET_FILE_STATUS {volume=volume76874, bucket=bucket71576, key=root_dir/file1/c, dataSize=0, replicationConfig=null} | ret=FAILURE
org.apache.hadoop.ozone.om.exceptions.OMException: Unable to get file status: volume: volume76874 bucket: bucket71576 key: root_dir/file1/c
	at org.apache.hadoop.ozone.om.KeyManagerImpl.getOzoneFileStatus(KeyManagerImpl.java:1311) ~[ozone-manager-1.3.0-SNAPSHOT.jar:?]
	at org.apache.hadoop.ozone.om.KeyManagerImpl.getFileStatus(KeyManagerImpl.java:1241) ~[ozone-manager-1.3.0-SNAPSHOT.jar:?]
	at org.apache.hadoop.ozone.om.OzoneManager.getFileStatus(OzoneManager.java:3468) ~[ozone-manager-1.3.0-SNAPSHOT.jar:?]
	at org.apache.hadoop.ozone.protocolPB.OzoneManagerRequestHandler.getOzoneFileStatus(OzoneManagerRequestHandler.java:882) ~[ozone-manager-1.3.0-SNAPSHOT.jar:?]
	at org.apache.hadoop.ozone.protocolPB.OzoneManagerRequestHandler.handleReadRequest(OzoneManagerRequestHandler.java:228) ~[ozone-manager-1.3.0-SNAPSHOT.jar:?]
	at org.apache.hadoop.ozone.protocolPB.OzoneManagerProtocolServerSideTranslatorPB.submitReadRequestToOM(OzoneManagerProtocolServerSideTranslatorPB.java:226) ~[ozone-manager-1.3.0-SNAPSHOT.jar:?]
	at org.apache.hadoop.ozone.protocolPB.OzoneManagerProtocolServerSideTranslatorPB.processRequest(OzoneManagerProtocolServerSideTranslatorPB.java:175) ~[ozone-manager-1.3.0-SNAPSHOT.jar:?]
	at org.apache.hadoop.hdds.server.OzoneProtocolMessageDispatcher.processRequest(OzoneProtocolMessageDispatcher.java:87) [hdds-server-framework-1.3.0-SNAPSHOT.jar:?]
	at org.apache.hadoop.ozone.protocolPB.OzoneManagerProtocolServerSideTranslatorPB.submitRequest(OzoneManagerProtocolServerSideTranslatorPB.java:147) [ozone-manager-1.3.0-SNAPSHOT.jar:?]
	at org.apache.hadoop.ozone.protocol.proto.OzoneManagerProtocolProtos$OzoneManagerService$2.callBlockingMethod(OzoneManagerProtocolProtos.java) [ozone-interface-client-1.3.0-SNAPSHOT.jar:?]
	at org.apache.hadoop.ipc.ProtobufRpcEngine$Server.processCall(ProtobufRpcEngine.java:466) [hadoop-common-3.3.1.jar:?]
	at org.apache.hadoop.ipc.ProtobufRpcEngine2$Server$ProtoBufRpcInvoker.call(ProtobufRpcEngine2.java:574) [hadoop-common-3.3.1.jar:?]
	at org.apache.hadoop.ipc.ProtobufRpcEngine2$Server$ProtoBufRpcInvoker.call(ProtobufRpcEngine2.java:552) [hadoop-common-3.3.1.jar:?]
	at org.apache.hadoop.ipc.RPC$Server.call(RPC.java:1093) [hadoop-common-3.3.1.jar:?]
	at org.apache.hadoop.ipc.Server$RpcCall.run(Server.java:1035) [hadoop-common-3.3.1.jar:?]
	at org.apache.hadoop.ipc.Server$RpcCall.run(Server.java:963) [hadoop-common-3.3.1.jar:?]
	at java.security.AccessController.doPrivileged(Native Method) ~[?:1.8.0_332]
	at javax.security.auth.Subject.doAs(Subject.java:422) [?:1.8.0_332]
	at org.apache.hadoop.security.UserGroupInformation.doAs(UserGroupInformation.java:1878) [hadoop-common-3.3.1.jar:?]
	at org.apache.hadoop.ipc.Server$Handler.run(Server.java:2966) [hadoop-common-3.3.1.jar:?]
]]></system-out>
  </testcase>
  <testcase name="testRenameDestinationParentDoesntExist" classname="TestRootedOzoneFileSystem" time="0.154">
    <system-out><![CDATA[2022-08-09 13:52:09,028 [Time-limited test] INFO  rpc.RpcClient (RpcClient.java:createVolume(468)) - Creating Volume: volume11345, with user53717 as owner and space quota set to -1 bytes, counts quota set to -1
2022-08-09 13:52:09,032 [IPC Server handler 15 on default port 44079] INFO  volume.OMVolumeCreateRequest (OMVolumeCreateRequest.java:validateAndUpdateCache(195)) - created volume:volume11345 for user:user53717
2022-08-09 13:52:09,037 [Time-limited test] INFO  rpc.RpcClient (RpcClient.java:createBucket(671)) - Creating Bucket: volume11345/bucket25597, with bucket layout LEGACY, runner as owner, Versioning false, Storage Type set to DISK and Encryption set to false 
2022-08-09 13:52:09,041 [IPC Server handler 16 on default port 44079] INFO  bucket.OMBucketCreateRequest (OMBucketCreateRequest.java:validateAndUpdateCache(260)) - created bucket: bucket25597 of layout LEGACY in volume: volume11345
13:52:09.052 [IPC Server handler 10 on default port 44079] ERROR OMAudit - user=runner | ip=127.0.0.1 | op=GET_FILE_STATUS {volume=volume11345, bucket=bucket25597, key=root_dir/b/c, dataSize=0, replicationConfig=null} | ret=FAILURE
org.apache.hadoop.ozone.om.exceptions.OMException: Unable to get file status: volume: volume11345 bucket: bucket25597 key: root_dir/b/c
	at org.apache.hadoop.ozone.om.KeyManagerImpl.getOzoneFileStatus(KeyManagerImpl.java:1311) ~[ozone-manager-1.3.0-SNAPSHOT.jar:?]
	at org.apache.hadoop.ozone.om.KeyManagerImpl.getFileStatus(KeyManagerImpl.java:1241) ~[ozone-manager-1.3.0-SNAPSHOT.jar:?]
	at org.apache.hadoop.ozone.om.OzoneManager.getFileStatus(OzoneManager.java:3468) ~[ozone-manager-1.3.0-SNAPSHOT.jar:?]
	at org.apache.hadoop.ozone.protocolPB.OzoneManagerRequestHandler.getOzoneFileStatus(OzoneManagerRequestHandler.java:882) ~[ozone-manager-1.3.0-SNAPSHOT.jar:?]
	at org.apache.hadoop.ozone.protocolPB.OzoneManagerRequestHandler.handleReadRequest(OzoneManagerRequestHandler.java:228) ~[ozone-manager-1.3.0-SNAPSHOT.jar:?]
	at org.apache.hadoop.ozone.protocolPB.OzoneManagerProtocolServerSideTranslatorPB.submitRequestDirectlyToOM(OzoneManagerProtocolServerSideTranslatorPB.java:276) ~[ozone-manager-1.3.0-SNAPSHOT.jar:?]
	at org.apache.hadoop.ozone.protocolPB.OzoneManagerProtocolServerSideTranslatorPB.processRequest(OzoneManagerProtocolServerSideTranslatorPB.java:205) ~[ozone-manager-1.3.0-SNAPSHOT.jar:?]
	at org.apache.hadoop.hdds.server.OzoneProtocolMessageDispatcher.processRequest(OzoneProtocolMessageDispatcher.java:87) [hdds-server-framework-1.3.0-SNAPSHOT.jar:?]
	at org.apache.hadoop.ozone.protocolPB.OzoneManagerProtocolServerSideTranslatorPB.submitRequest(OzoneManagerProtocolServerSideTranslatorPB.java:147) [ozone-manager-1.3.0-SNAPSHOT.jar:?]
	at org.apache.hadoop.ozone.protocol.proto.OzoneManagerProtocolProtos$OzoneManagerService$2.callBlockingMethod(OzoneManagerProtocolProtos.java) [ozone-interface-client-1.3.0-SNAPSHOT.jar:?]
	at org.apache.hadoop.ipc.ProtobufRpcEngine$Server.processCall(ProtobufRpcEngine.java:466) [hadoop-common-3.3.1.jar:?]
	at org.apache.hadoop.ipc.ProtobufRpcEngine2$Server$ProtoBufRpcInvoker.call(ProtobufRpcEngine2.java:574) [hadoop-common-3.3.1.jar:?]
	at org.apache.hadoop.ipc.ProtobufRpcEngine2$Server$ProtoBufRpcInvoker.call(ProtobufRpcEngine2.java:552) [hadoop-common-3.3.1.jar:?]
	at org.apache.hadoop.ipc.RPC$Server.call(RPC.java:1093) [hadoop-common-3.3.1.jar:?]
	at org.apache.hadoop.ipc.Server$RpcCall.run(Server.java:1035) [hadoop-common-3.3.1.jar:?]
	at org.apache.hadoop.ipc.Server$RpcCall.run(Server.java:963) [hadoop-common-3.3.1.jar:?]
	at java.security.AccessController.doPrivileged(Native Method) ~[?:1.8.0_332]
	at javax.security.auth.Subject.doAs(Subject.java:422) [?:1.8.0_332]
	at org.apache.hadoop.security.UserGroupInformation.doAs(UserGroupInformation.java:1878) [hadoop-common-3.3.1.jar:?]
	at org.apache.hadoop.ipc.Server$Handler.run(Server.java:2966) [hadoop-common-3.3.1.jar:?]
13:52:09.053 [IPC Server handler 3 on default port 44079] ERROR OMAudit - user=runner | ip=127.0.0.1 | op=GET_FILE_STATUS {volume=volume11345, bucket=bucket25597, key=root_dir/b, dataSize=0, replicationConfig=null} | ret=FAILURE
org.apache.hadoop.ozone.om.exceptions.OMException: Unable to get file status: volume: volume11345 bucket: bucket25597 key: root_dir/b
	at org.apache.hadoop.ozone.om.KeyManagerImpl.getOzoneFileStatus(KeyManagerImpl.java:1311) ~[ozone-manager-1.3.0-SNAPSHOT.jar:?]
	at org.apache.hadoop.ozone.om.KeyManagerImpl.getFileStatus(KeyManagerImpl.java:1241) ~[ozone-manager-1.3.0-SNAPSHOT.jar:?]
	at org.apache.hadoop.ozone.om.OzoneManager.getFileStatus(OzoneManager.java:3468) ~[ozone-manager-1.3.0-SNAPSHOT.jar:?]
	at org.apache.hadoop.ozone.protocolPB.OzoneManagerRequestHandler.getOzoneFileStatus(OzoneManagerRequestHandler.java:882) ~[ozone-manager-1.3.0-SNAPSHOT.jar:?]
	at org.apache.hadoop.ozone.protocolPB.OzoneManagerRequestHandler.handleReadRequest(OzoneManagerRequestHandler.java:228) ~[ozone-manager-1.3.0-SNAPSHOT.jar:?]
	at org.apache.hadoop.ozone.protocolPB.OzoneManagerProtocolServerSideTranslatorPB.submitRequestDirectlyToOM(OzoneManagerProtocolServerSideTranslatorPB.java:276) ~[ozone-manager-1.3.0-SNAPSHOT.jar:?]
	at org.apache.hadoop.ozone.protocolPB.OzoneManagerProtocolServerSideTranslatorPB.processRequest(OzoneManagerProtocolServerSideTranslatorPB.java:205) ~[ozone-manager-1.3.0-SNAPSHOT.jar:?]
	at org.apache.hadoop.hdds.server.OzoneProtocolMessageDispatcher.processRequest(OzoneProtocolMessageDispatcher.java:87) [hdds-server-framework-1.3.0-SNAPSHOT.jar:?]
	at org.apache.hadoop.ozone.protocolPB.OzoneManagerProtocolServerSideTranslatorPB.submitRequest(OzoneManagerProtocolServerSideTranslatorPB.java:147) [ozone-manager-1.3.0-SNAPSHOT.jar:?]
	at org.apache.hadoop.ozone.protocol.proto.OzoneManagerProtocolProtos$OzoneManagerService$2.callBlockingMethod(OzoneManagerProtocolProtos.java) [ozone-interface-client-1.3.0-SNAPSHOT.jar:?]
	at org.apache.hadoop.ipc.ProtobufRpcEngine$Server.processCall(ProtobufRpcEngine.java:466) [hadoop-common-3.3.1.jar:?]
	at org.apache.hadoop.ipc.ProtobufRpcEngine2$Server$ProtoBufRpcInvoker.call(ProtobufRpcEngine2.java:574) [hadoop-common-3.3.1.jar:?]
	at org.apache.hadoop.ipc.ProtobufRpcEngine2$Server$ProtoBufRpcInvoker.call(ProtobufRpcEngine2.java:552) [hadoop-common-3.3.1.jar:?]
	at org.apache.hadoop.ipc.RPC$Server.call(RPC.java:1093) [hadoop-common-3.3.1.jar:?]
	at org.apache.hadoop.ipc.Server$RpcCall.run(Server.java:1035) [hadoop-common-3.3.1.jar:?]
	at org.apache.hadoop.ipc.Server$RpcCall.run(Server.java:963) [hadoop-common-3.3.1.jar:?]
	at java.security.AccessController.doPrivileged(Native Method) ~[?:1.8.0_332]
	at javax.security.auth.Subject.doAs(Subject.java:422) [?:1.8.0_332]
	at org.apache.hadoop.security.UserGroupInformation.doAs(UserGroupInformation.java:1878) [hadoop-common-3.3.1.jar:?]
	at org.apache.hadoop.ipc.Server$Handler.run(Server.java:2966) [hadoop-common-3.3.1.jar:?]
13:52:09.060 [IPC Server handler 15 on default port 44079] ERROR OMAudit - user=runner | ip=127.0.0.1 | op=GET_FILE_STATUS {volume=volume11345, bucket=bucket25597, key=root_dir/file1/c, dataSize=0, replicationConfig=null} | ret=FAILURE
org.apache.hadoop.ozone.om.exceptions.OMException: Unable to get file status: volume: volume11345 bucket: bucket25597 key: root_dir/file1/c
	at org.apache.hadoop.ozone.om.KeyManagerImpl.getOzoneFileStatus(KeyManagerImpl.java:1311) ~[ozone-manager-1.3.0-SNAPSHOT.jar:?]
	at org.apache.hadoop.ozone.om.KeyManagerImpl.getFileStatus(KeyManagerImpl.java:1241) ~[ozone-manager-1.3.0-SNAPSHOT.jar:?]
	at org.apache.hadoop.ozone.om.OzoneManager.getFileStatus(OzoneManager.java:3468) ~[ozone-manager-1.3.0-SNAPSHOT.jar:?]
	at org.apache.hadoop.ozone.protocolPB.OzoneManagerRequestHandler.getOzoneFileStatus(OzoneManagerRequestHandler.java:882) ~[ozone-manager-1.3.0-SNAPSHOT.jar:?]
	at org.apache.hadoop.ozone.protocolPB.OzoneManagerRequestHandler.handleReadRequest(OzoneManagerRequestHandler.java:228) ~[ozone-manager-1.3.0-SNAPSHOT.jar:?]
	at org.apache.hadoop.ozone.protocolPB.OzoneManagerProtocolServerSideTranslatorPB.submitRequestDirectlyToOM(OzoneManagerProtocolServerSideTranslatorPB.java:276) ~[ozone-manager-1.3.0-SNAPSHOT.jar:?]
	at org.apache.hadoop.ozone.protocolPB.OzoneManagerProtocolServerSideTranslatorPB.processRequest(OzoneManagerProtocolServerSideTranslatorPB.java:205) ~[ozone-manager-1.3.0-SNAPSHOT.jar:?]
	at org.apache.hadoop.hdds.server.OzoneProtocolMessageDispatcher.processRequest(OzoneProtocolMessageDispatcher.java:87) [hdds-server-framework-1.3.0-SNAPSHOT.jar:?]
	at org.apache.hadoop.ozone.protocolPB.OzoneManagerProtocolServerSideTranslatorPB.submitRequest(OzoneManagerProtocolServerSideTranslatorPB.java:147) [ozone-manager-1.3.0-SNAPSHOT.jar:?]
	at org.apache.hadoop.ozone.protocol.proto.OzoneManagerProtocolProtos$OzoneManagerService$2.callBlockingMethod(OzoneManagerProtocolProtos.java) [ozone-interface-client-1.3.0-SNAPSHOT.jar:?]
	at org.apache.hadoop.ipc.ProtobufRpcEngine$Server.processCall(ProtobufRpcEngine.java:466) [hadoop-common-3.3.1.jar:?]
	at org.apache.hadoop.ipc.ProtobufRpcEngine2$Server$ProtoBufRpcInvoker.call(ProtobufRpcEngine2.java:574) [hadoop-common-3.3.1.jar:?]
	at org.apache.hadoop.ipc.ProtobufRpcEngine2$Server$ProtoBufRpcInvoker.call(ProtobufRpcEngine2.java:552) [hadoop-common-3.3.1.jar:?]
	at org.apache.hadoop.ipc.RPC$Server.call(RPC.java:1093) [hadoop-common-3.3.1.jar:?]
	at org.apache.hadoop.ipc.Server$RpcCall.run(Server.java:1035) [hadoop-common-3.3.1.jar:?]
	at org.apache.hadoop.ipc.Server$RpcCall.run(Server.java:963) [hadoop-common-3.3.1.jar:?]
	at java.security.AccessController.doPrivileged(Native Method) ~[?:1.8.0_332]
	at javax.security.auth.Subject.doAs(Subject.java:422) [?:1.8.0_332]
	at org.apache.hadoop.security.UserGroupInformation.doAs(UserGroupInformation.java:1878) [hadoop-common-3.3.1.jar:?]
	at org.apache.hadoop.ipc.Server$Handler.run(Server.java:2966) [hadoop-common-3.3.1.jar:?]
]]></system-out>
  </testcase>
  <testcase name="testGetFileStatusRoot" classname="TestRootedOzoneFileSystem" time="0.06">
    <system-out><![CDATA[2022-08-09 13:47:16,754 [Time-limited test] INFO  rpc.RpcClient (RpcClient.java:createVolume(468)) - Creating Volume: volume13701, with user97391 as owner and space quota set to -1 bytes, counts quota set to -1
2022-08-09 13:47:16,757 [OM StateMachine ApplyTransaction Thread - 0] INFO  volume.OMVolumeCreateRequest (OMVolumeCreateRequest.java:validateAndUpdateCache(195)) - created volume:volume13701 for user:user97391
2022-08-09 13:47:16,760 [Time-limited test] INFO  rpc.RpcClient (RpcClient.java:createBucket(671)) - Creating Bucket: volume13701/bucket51980, with bucket layout LEGACY, runner as owner, Versioning false, Storage Type set to DISK and Encryption set to false 
2022-08-09 13:47:16,763 [OM StateMachine ApplyTransaction Thread - 0] INFO  bucket.OMBucketCreateRequest (OMBucketCreateRequest.java:validateAndUpdateCache(260)) - created bucket: bucket51980 of layout LEGACY in volume: volume13701
]]></system-out>
  </testcase>
  <testcase name="testGetFileStatusRoot" classname="TestRootedOzoneFileSystem" time="0.055">
    <system-out><![CDATA[2022-08-09 13:48:21,726 [Time-limited test] INFO  rpc.RpcClient (RpcClient.java:createVolume(468)) - Creating Volume: volume07489, with user36712 as owner and space quota set to -1 bytes, counts quota set to -1
2022-08-09 13:48:21,728 [OM StateMachine ApplyTransaction Thread - 0] INFO  volume.OMVolumeCreateRequest (OMVolumeCreateRequest.java:validateAndUpdateCache(195)) - created volume:volume07489 for user:user36712
2022-08-09 13:48:21,728 [Time-limited test] INFO  rpc.RpcClient (RpcClient.java:createBucket(671)) - Creating Bucket: volume07489/bucket87654, with bucket layout LEGACY, runner as owner, Versioning false, Storage Type set to DISK and Encryption set to false 
2022-08-09 13:48:21,733 [OM StateMachine ApplyTransaction Thread - 0] INFO  bucket.OMBucketCreateRequest (OMBucketCreateRequest.java:validateAndUpdateCache(260)) - created bucket: bucket87654 of layout LEGACY in volume: volume07489
]]></system-out>
  </testcase>
  <testcase name="testGetFileStatusRoot" classname="TestRootedOzoneFileSystem" time="0.096">
    <system-out><![CDATA[2022-08-09 13:49:27,935 [Time-limited test] INFO  rpc.RpcClient (RpcClient.java:createVolume(468)) - Creating Volume: volume95921, with user09561 as owner and space quota set to -1 bytes, counts quota set to -1
2022-08-09 13:49:27,936 [IPC Server handler 13 on default port 42643] INFO  volume.OMVolumeCreateRequest (OMVolumeCreateRequest.java:validateAndUpdateCache(195)) - created volume:volume95921 for user:user09561
2022-08-09 13:49:27,945 [Time-limited test] INFO  rpc.RpcClient (RpcClient.java:createBucket(671)) - Creating Bucket: volume95921/bucket36717, with bucket layout LEGACY, runner as owner, Versioning false, Storage Type set to DISK and Encryption set to false 
2022-08-09 13:49:27,946 [IPC Server handler 10 on default port 42643] INFO  bucket.OMBucketCreateRequest (OMBucketCreateRequest.java:validateAndUpdateCache(260)) - created bucket: bucket36717 of layout LEGACY in volume: volume95921
]]></system-out>
  </testcase>
  <testcase name="testGetFileStatusRoot" classname="TestRootedOzoneFileSystem" time="0.191">
    <system-out><![CDATA[2022-08-09 13:50:44,777 [Time-limited test] INFO  rpc.RpcClient (RpcClient.java:createVolume(468)) - Creating Volume: volume13425, with user12400 as owner and space quota set to -1 bytes, counts quota set to -1
2022-08-09 13:50:44,780 [OM StateMachine ApplyTransaction Thread - 0] INFO  volume.OMVolumeCreateRequest (OMVolumeCreateRequest.java:validateAndUpdateCache(195)) - created volume:volume13425 for user:user12400
2022-08-09 13:50:44,781 [Time-limited test] INFO  rpc.RpcClient (RpcClient.java:createBucket(671)) - Creating Bucket: volume13425/bucket38454, with bucket layout LEGACY, runner as owner, Versioning false, Storage Type set to DISK and Encryption set to false 
2022-08-09 13:50:44,782 [OM StateMachine ApplyTransaction Thread - 0] INFO  bucket.OMBucketCreateRequest (OMBucketCreateRequest.java:validateAndUpdateCache(260)) - created bucket: bucket38454 of layout LEGACY in volume: volume13425
]]></system-out>
  </testcase>
  <testcase name="testGetFileStatusRoot" classname="TestRootedOzoneFileSystem" time="0.158">
    <system-out><![CDATA[2022-08-09 13:52:09,195 [Time-limited test] INFO  rpc.RpcClient (RpcClient.java:createVolume(468)) - Creating Volume: volume87369, with user94232 as owner and space quota set to -1 bytes, counts quota set to -1
2022-08-09 13:52:09,201 [IPC Server handler 12 on default port 44079] INFO  volume.OMVolumeCreateRequest (OMVolumeCreateRequest.java:validateAndUpdateCache(195)) - created volume:volume87369 for user:user94232
2022-08-09 13:52:09,206 [Time-limited test] INFO  rpc.RpcClient (RpcClient.java:createBucket(671)) - Creating Bucket: volume87369/bucket37726, with bucket layout LEGACY, runner as owner, Versioning false, Storage Type set to DISK and Encryption set to false 
2022-08-09 13:52:09,207 [IPC Server handler 17 on default port 44079] INFO  bucket.OMBucketCreateRequest (OMBucketCreateRequest.java:validateAndUpdateCache(260)) - created bucket: bucket37726 of layout LEGACY in volume: volume87369
]]></system-out>
  </testcase>
  <testcase name="testCreateWithInvalidPaths" classname="TestRootedOzoneFileSystem" time="0.057">
    <system-out><![CDATA[2022-08-09 13:47:16,814 [Time-limited test] INFO  rpc.RpcClient (RpcClient.java:createVolume(468)) - Creating Volume: volume37404, with user66016 as owner and space quota set to -1 bytes, counts quota set to -1
2022-08-09 13:47:16,818 [OM StateMachine ApplyTransaction Thread - 0] INFO  volume.OMVolumeCreateRequest (OMVolumeCreateRequest.java:validateAndUpdateCache(195)) - created volume:volume37404 for user:user66016
2022-08-09 13:47:16,820 [Time-limited test] INFO  rpc.RpcClient (RpcClient.java:createBucket(671)) - Creating Bucket: volume37404/bucket06987, with bucket layout LEGACY, runner as owner, Versioning false, Storage Type set to DISK and Encryption set to false 
2022-08-09 13:47:16,823 [OM StateMachine ApplyTransaction Thread - 0] INFO  bucket.OMBucketCreateRequest (OMBucketCreateRequest.java:validateAndUpdateCache(260)) - created bucket: bucket06987 of layout LEGACY in volume: volume37404
]]></system-out>
  </testcase>
  <testcase name="testCreateWithInvalidPaths" classname="TestRootedOzoneFileSystem" time="0.107">
    <system-out><![CDATA[2022-08-09 13:48:21,835 [Time-limited test] INFO  rpc.RpcClient (RpcClient.java:createVolume(468)) - Creating Volume: volume27369, with user28778 as owner and space quota set to -1 bytes, counts quota set to -1
2022-08-09 13:48:21,841 [OM StateMachine ApplyTransaction Thread - 0] INFO  volume.OMVolumeCreateRequest (OMVolumeCreateRequest.java:validateAndUpdateCache(195)) - created volume:volume27369 for user:user28778
2022-08-09 13:48:21,842 [Time-limited test] INFO  rpc.RpcClient (RpcClient.java:createBucket(671)) - Creating Bucket: volume27369/bucket41220, with bucket layout LEGACY, runner as owner, Versioning false, Storage Type set to DISK and Encryption set to false 
2022-08-09 13:48:21,844 [OM StateMachine ApplyTransaction Thread - 0] INFO  bucket.OMBucketCreateRequest (OMBucketCreateRequest.java:validateAndUpdateCache(260)) - created bucket: bucket41220 of layout LEGACY in volume: volume27369
]]></system-out>
  </testcase>
  <testcase name="testCreateWithInvalidPaths" classname="TestRootedOzoneFileSystem" time="0.168">
    <system-out><![CDATA[2022-08-09 13:49:28,082 [Time-limited test] INFO  rpc.RpcClient (RpcClient.java:createVolume(468)) - Creating Volume: volume61830, with user60641 as owner and space quota set to -1 bytes, counts quota set to -1
2022-08-09 13:49:28,085 [IPC Server handler 10 on default port 42643] INFO  volume.OMVolumeCreateRequest (OMVolumeCreateRequest.java:validateAndUpdateCache(195)) - created volume:volume61830 for user:user60641
2022-08-09 13:49:28,096 [Time-limited test] INFO  rpc.RpcClient (RpcClient.java:createBucket(671)) - Creating Bucket: volume61830/bucket31475, with bucket layout LEGACY, runner as owner, Versioning false, Storage Type set to DISK and Encryption set to false 
2022-08-09 13:49:28,102 [IPC Server handler 16 on default port 42643] INFO  bucket.OMBucketCreateRequest (OMBucketCreateRequest.java:validateAndUpdateCache(260)) - created bucket: bucket31475 of layout LEGACY in volume: volume61830
]]></system-out>
  </testcase>
  <testcase name="testCreateWithInvalidPaths" classname="TestRootedOzoneFileSystem" time="0.05">
    <system-out><![CDATA[2022-08-09 13:50:44,852 [Time-limited test] INFO  rpc.RpcClient (RpcClient.java:createVolume(468)) - Creating Volume: volume12318, with user23009 as owner and space quota set to -1 bytes, counts quota set to -1
2022-08-09 13:50:44,857 [OM StateMachine ApplyTransaction Thread - 0] INFO  volume.OMVolumeCreateRequest (OMVolumeCreateRequest.java:validateAndUpdateCache(195)) - created volume:volume12318 for user:user23009
2022-08-09 13:50:44,869 [Time-limited test] INFO  rpc.RpcClient (RpcClient.java:createBucket(671)) - Creating Bucket: volume12318/bucket19695, with bucket layout LEGACY, runner as owner, Versioning false, Storage Type set to DISK and Encryption set to false 
2022-08-09 13:50:44,870 [OM StateMachine ApplyTransaction Thread - 0] INFO  bucket.OMBucketCreateRequest (OMBucketCreateRequest.java:validateAndUpdateCache(260)) - created bucket: bucket19695 of layout LEGACY in volume: volume12318
]]></system-out>
  </testcase>
  <testcase name="testCreateWithInvalidPaths" classname="TestRootedOzoneFileSystem" time="0.173">
    <system-out><![CDATA[2022-08-09 13:52:09,374 [Time-limited test] INFO  rpc.RpcClient (RpcClient.java:createVolume(468)) - Creating Volume: volume77813, with user87691 as owner and space quota set to -1 bytes, counts quota set to -1
2022-08-09 13:52:09,374 [IPC Server handler 17 on default port 44079] INFO  volume.OMVolumeCreateRequest (OMVolumeCreateRequest.java:validateAndUpdateCache(195)) - created volume:volume77813 for user:user87691
2022-08-09 13:52:09,377 [Time-limited test] INFO  rpc.RpcClient (RpcClient.java:createBucket(671)) - Creating Bucket: volume77813/bucket74764, with bucket layout LEGACY, runner as owner, Versioning false, Storage Type set to DISK and Encryption set to false 
2022-08-09 13:52:09,378 [IPC Server handler 9 on default port 44079] INFO  bucket.OMBucketCreateRequest (OMBucketCreateRequest.java:validateAndUpdateCache(260)) - created bucket: bucket74764 of layout LEGACY in volume: volume77813
]]></system-out>
  </testcase>
  <testcase name="testDeleteEmptyVolume" classname="TestRootedOzoneFileSystem" time="0.063">
    <system-out><![CDATA[2022-08-09 13:47:16,869 [Time-limited test] INFO  rpc.RpcClient (RpcClient.java:createVolume(468)) - Creating Volume: volume38269, with user08035 as owner and space quota set to -1 bytes, counts quota set to -1
2022-08-09 13:47:16,871 [OM StateMachine ApplyTransaction Thread - 0] INFO  volume.OMVolumeCreateRequest (OMVolumeCreateRequest.java:validateAndUpdateCache(195)) - created volume:volume38269 for user:user08035
2022-08-09 13:47:16,874 [Time-limited test] INFO  rpc.RpcClient (RpcClient.java:createBucket(671)) - Creating Bucket: volume38269/bucket08002, with bucket layout LEGACY, runner as owner, Versioning false, Storage Type set to DISK and Encryption set to false 
2022-08-09 13:47:16,876 [OM StateMachine ApplyTransaction Thread - 0] INFO  bucket.OMBucketCreateRequest (OMBucketCreateRequest.java:validateAndUpdateCache(260)) - created bucket: bucket08002 of layout LEGACY in volume: volume38269
2022-08-09 13:47:16,878 [Time-limited test] INFO  rpc.RpcClient (RpcClient.java:createVolume(468)) - Creating Volume: volume-17982, with runner as owner and space quota set to -1 bytes, counts quota set to -1
2022-08-09 13:47:16,881 [OM StateMachine ApplyTransaction Thread - 0] INFO  volume.OMVolumeCreateRequest (OMVolumeCreateRequest.java:validateAndUpdateCache(195)) - created volume:volume-17982 for user:runner
]]></system-out>
  </testcase>
  <testcase name="testDeleteEmptyVolume" classname="TestRootedOzoneFileSystem" time="0.136">
    <system-out><![CDATA[2022-08-09 13:48:21,972 [Time-limited test] INFO  rpc.RpcClient (RpcClient.java:createVolume(468)) - Creating Volume: volume68969, with user63633 as owner and space quota set to -1 bytes, counts quota set to -1
2022-08-09 13:48:21,976 [OM StateMachine ApplyTransaction Thread - 0] INFO  volume.OMVolumeCreateRequest (OMVolumeCreateRequest.java:validateAndUpdateCache(195)) - created volume:volume68969 for user:user63633
2022-08-09 13:48:21,977 [Time-limited test] INFO  rpc.RpcClient (RpcClient.java:createBucket(671)) - Creating Bucket: volume68969/bucket41741, with bucket layout LEGACY, runner as owner, Versioning false, Storage Type set to DISK and Encryption set to false 
2022-08-09 13:48:21,978 [OM StateMachine ApplyTransaction Thread - 0] INFO  bucket.OMBucketCreateRequest (OMBucketCreateRequest.java:validateAndUpdateCache(260)) - created bucket: bucket41741 of layout LEGACY in volume: volume68969
2022-08-09 13:48:21,979 [Time-limited test] INFO  rpc.RpcClient (RpcClient.java:createVolume(468)) - Creating Volume: volume-20292, with runner as owner and space quota set to -1 bytes, counts quota set to -1
2022-08-09 13:48:21,981 [OM StateMachine ApplyTransaction Thread - 0] INFO  volume.OMVolumeCreateRequest (OMVolumeCreateRequest.java:validateAndUpdateCache(195)) - created volume:volume-20292 for user:runner
13:48:21.983 [IPC Server handler 16 on default port 34619] ERROR OMAudit - user=runner | ip=127.0.0.1 | op=READ_VOLUME {volume=volume-20292} | ret=FAILURE
org.apache.hadoop.ozone.om.exceptions.OMException: Volume volume-20292 is not found
	at org.apache.hadoop.ozone.om.VolumeManagerImpl.getVolumeInfo(VolumeManagerImpl.java:74) ~[ozone-manager-1.3.0-SNAPSHOT.jar:?]
	at org.apache.hadoop.ozone.om.OzoneManager.getVolumeInfo(OzoneManager.java:2604) ~[ozone-manager-1.3.0-SNAPSHOT.jar:?]
	at org.apache.hadoop.ozone.protocolPB.OzoneManagerRequestHandler.infoVolume(OzoneManagerRequestHandler.java:401) ~[ozone-manager-1.3.0-SNAPSHOT.jar:?]
	at org.apache.hadoop.ozone.protocolPB.OzoneManagerRequestHandler.handleReadRequest(OzoneManagerRequestHandler.java:168) ~[ozone-manager-1.3.0-SNAPSHOT.jar:?]
	at org.apache.hadoop.ozone.protocolPB.OzoneManagerProtocolServerSideTranslatorPB.submitReadRequestToOM(OzoneManagerProtocolServerSideTranslatorPB.java:226) ~[ozone-manager-1.3.0-SNAPSHOT.jar:?]
	at org.apache.hadoop.ozone.protocolPB.OzoneManagerProtocolServerSideTranslatorPB.processRequest(OzoneManagerProtocolServerSideTranslatorPB.java:175) ~[ozone-manager-1.3.0-SNAPSHOT.jar:?]
	at org.apache.hadoop.hdds.server.OzoneProtocolMessageDispatcher.processRequest(OzoneProtocolMessageDispatcher.java:87) [hdds-server-framework-1.3.0-SNAPSHOT.jar:?]
	at org.apache.hadoop.ozone.protocolPB.OzoneManagerProtocolServerSideTranslatorPB.submitRequest(OzoneManagerProtocolServerSideTranslatorPB.java:147) [ozone-manager-1.3.0-SNAPSHOT.jar:?]
	at org.apache.hadoop.ozone.protocol.proto.OzoneManagerProtocolProtos$OzoneManagerService$2.callBlockingMethod(OzoneManagerProtocolProtos.java) [ozone-interface-client-1.3.0-SNAPSHOT.jar:?]
	at org.apache.hadoop.ipc.ProtobufRpcEngine$Server.processCall(ProtobufRpcEngine.java:466) [hadoop-common-3.3.1.jar:?]
	at org.apache.hadoop.ipc.ProtobufRpcEngine2$Server$ProtoBufRpcInvoker.call(ProtobufRpcEngine2.java:574) [hadoop-common-3.3.1.jar:?]
	at org.apache.hadoop.ipc.ProtobufRpcEngine2$Server$ProtoBufRpcInvoker.call(ProtobufRpcEngine2.java:552) [hadoop-common-3.3.1.jar:?]
	at org.apache.hadoop.ipc.RPC$Server.call(RPC.java:1093) [hadoop-common-3.3.1.jar:?]
	at org.apache.hadoop.ipc.Server$RpcCall.run(Server.java:1035) [hadoop-common-3.3.1.jar:?]
	at org.apache.hadoop.ipc.Server$RpcCall.run(Server.java:963) [hadoop-common-3.3.1.jar:?]
	at java.security.AccessController.doPrivileged(Native Method) ~[?:1.8.0_332]
	at javax.security.auth.Subject.doAs(Subject.java:422) [?:1.8.0_332]
	at org.apache.hadoop.security.UserGroupInformation.doAs(UserGroupInformation.java:1878) [hadoop-common-3.3.1.jar:?]
	at org.apache.hadoop.ipc.Server$Handler.run(Server.java:2966) [hadoop-common-3.3.1.jar:?]
]]></system-out>
  </testcase>
  <testcase name="testDeleteEmptyVolume" classname="TestRootedOzoneFileSystem" time="0.135">
    <system-out><![CDATA[2022-08-09 13:49:28,247 [Time-limited test] INFO  rpc.RpcClient (RpcClient.java:createVolume(468)) - Creating Volume: volume97321, with user34677 as owner and space quota set to -1 bytes, counts quota set to -1
2022-08-09 13:49:28,248 [IPC Server handler 16 on default port 42643] INFO  volume.OMVolumeCreateRequest (OMVolumeCreateRequest.java:validateAndUpdateCache(195)) - created volume:volume97321 for user:user34677
2022-08-09 13:49:28,252 [Time-limited test] INFO  rpc.RpcClient (RpcClient.java:createBucket(671)) - Creating Bucket: volume97321/bucket68467, with bucket layout LEGACY, runner as owner, Versioning false, Storage Type set to DISK and Encryption set to false 
2022-08-09 13:49:28,252 [IPC Server handler 14 on default port 42643] INFO  bucket.OMBucketCreateRequest (OMBucketCreateRequest.java:validateAndUpdateCache(260)) - created bucket: bucket68467 of layout LEGACY in volume: volume97321
2022-08-09 13:49:28,253 [Time-limited test] INFO  rpc.RpcClient (RpcClient.java:createVolume(468)) - Creating Volume: volume-15443, with runner as owner and space quota set to -1 bytes, counts quota set to -1
2022-08-09 13:49:28,254 [IPC Server handler 0 on default port 42643] INFO  volume.OMVolumeCreateRequest (OMVolumeCreateRequest.java:validateAndUpdateCache(195)) - created volume:volume-15443 for user:runner
13:49:28.255 [IPC Server handler 8 on default port 42643] ERROR OMAudit - user=runner | ip=127.0.0.1 | op=READ_VOLUME {volume=volume-15443} | ret=FAILURE
org.apache.hadoop.ozone.om.exceptions.OMException: Volume volume-15443 is not found
	at org.apache.hadoop.ozone.om.VolumeManagerImpl.getVolumeInfo(VolumeManagerImpl.java:74) ~[ozone-manager-1.3.0-SNAPSHOT.jar:?]
	at org.apache.hadoop.ozone.om.OzoneManager.getVolumeInfo(OzoneManager.java:2604) ~[ozone-manager-1.3.0-SNAPSHOT.jar:?]
	at org.apache.hadoop.ozone.protocolPB.OzoneManagerRequestHandler.infoVolume(OzoneManagerRequestHandler.java:401) ~[ozone-manager-1.3.0-SNAPSHOT.jar:?]
	at org.apache.hadoop.ozone.protocolPB.OzoneManagerRequestHandler.handleReadRequest(OzoneManagerRequestHandler.java:168) ~[ozone-manager-1.3.0-SNAPSHOT.jar:?]
	at org.apache.hadoop.ozone.protocolPB.OzoneManagerProtocolServerSideTranslatorPB.submitRequestDirectlyToOM(OzoneManagerProtocolServerSideTranslatorPB.java:276) ~[ozone-manager-1.3.0-SNAPSHOT.jar:?]
	at org.apache.hadoop.ozone.protocolPB.OzoneManagerProtocolServerSideTranslatorPB.processRequest(OzoneManagerProtocolServerSideTranslatorPB.java:205) ~[ozone-manager-1.3.0-SNAPSHOT.jar:?]
	at org.apache.hadoop.hdds.server.OzoneProtocolMessageDispatcher.processRequest(OzoneProtocolMessageDispatcher.java:87) [hdds-server-framework-1.3.0-SNAPSHOT.jar:?]
	at org.apache.hadoop.ozone.protocolPB.OzoneManagerProtocolServerSideTranslatorPB.submitRequest(OzoneManagerProtocolServerSideTranslatorPB.java:147) [ozone-manager-1.3.0-SNAPSHOT.jar:?]
	at org.apache.hadoop.ozone.protocol.proto.OzoneManagerProtocolProtos$OzoneManagerService$2.callBlockingMethod(OzoneManagerProtocolProtos.java) [ozone-interface-client-1.3.0-SNAPSHOT.jar:?]
	at org.apache.hadoop.ipc.ProtobufRpcEngine$Server.processCall(ProtobufRpcEngine.java:466) [hadoop-common-3.3.1.jar:?]
	at org.apache.hadoop.ipc.ProtobufRpcEngine2$Server$ProtoBufRpcInvoker.call(ProtobufRpcEngine2.java:574) [hadoop-common-3.3.1.jar:?]
	at org.apache.hadoop.ipc.ProtobufRpcEngine2$Server$ProtoBufRpcInvoker.call(ProtobufRpcEngine2.java:552) [hadoop-common-3.3.1.jar:?]
	at org.apache.hadoop.ipc.RPC$Server.call(RPC.java:1093) [hadoop-common-3.3.1.jar:?]
	at org.apache.hadoop.ipc.Server$RpcCall.run(Server.java:1035) [hadoop-common-3.3.1.jar:?]
	at org.apache.hadoop.ipc.Server$RpcCall.run(Server.java:963) [hadoop-common-3.3.1.jar:?]
	at java.security.AccessController.doPrivileged(Native Method) ~[?:1.8.0_332]
	at javax.security.auth.Subject.doAs(Subject.java:422) [?:1.8.0_332]
	at org.apache.hadoop.security.UserGroupInformation.doAs(UserGroupInformation.java:1878) [hadoop-common-3.3.1.jar:?]
	at org.apache.hadoop.ipc.Server$Handler.run(Server.java:2966) [hadoop-common-3.3.1.jar:?]
]]></system-out>
  </testcase>
  <testcase name="testDeleteEmptyVolume" classname="TestRootedOzoneFileSystem" time="0.228">
    <system-out><![CDATA[2022-08-09 13:50:45,076 [Time-limited test] INFO  rpc.RpcClient (RpcClient.java:createVolume(468)) - Creating Volume: volume18818, with user71528 as owner and space quota set to -1 bytes, counts quota set to -1
2022-08-09 13:50:45,080 [OM StateMachine ApplyTransaction Thread - 0] INFO  volume.OMVolumeCreateRequest (OMVolumeCreateRequest.java:validateAndUpdateCache(195)) - created volume:volume18818 for user:user71528
2022-08-09 13:50:45,081 [Time-limited test] INFO  rpc.RpcClient (RpcClient.java:createBucket(671)) - Creating Bucket: volume18818/bucket42473, with bucket layout LEGACY, runner as owner, Versioning false, Storage Type set to DISK and Encryption set to false 
2022-08-09 13:50:45,082 [OM StateMachine ApplyTransaction Thread - 0] INFO  bucket.OMBucketCreateRequest (OMBucketCreateRequest.java:validateAndUpdateCache(260)) - created bucket: bucket42473 of layout LEGACY in volume: volume18818
2022-08-09 13:50:45,083 [Time-limited test] INFO  rpc.RpcClient (RpcClient.java:createVolume(468)) - Creating Volume: volume-43020, with runner as owner and space quota set to -1 bytes, counts quota set to -1
2022-08-09 13:50:45,084 [OM StateMachine ApplyTransaction Thread - 0] INFO  volume.OMVolumeCreateRequest (OMVolumeCreateRequest.java:validateAndUpdateCache(195)) - created volume:volume-43020 for user:runner
13:50:45.086 [IPC Server handler 5 on default port 45023] ERROR OMAudit - user=runner | ip=127.0.0.1 | op=READ_VOLUME {volume=volume-43020} | ret=FAILURE
org.apache.hadoop.ozone.om.exceptions.OMException: Volume volume-43020 is not found
	at org.apache.hadoop.ozone.om.VolumeManagerImpl.getVolumeInfo(VolumeManagerImpl.java:74) ~[ozone-manager-1.3.0-SNAPSHOT.jar:?]
	at org.apache.hadoop.ozone.om.OzoneManager.getVolumeInfo(OzoneManager.java:2604) ~[ozone-manager-1.3.0-SNAPSHOT.jar:?]
	at org.apache.hadoop.ozone.protocolPB.OzoneManagerRequestHandler.infoVolume(OzoneManagerRequestHandler.java:401) ~[ozone-manager-1.3.0-SNAPSHOT.jar:?]
	at org.apache.hadoop.ozone.protocolPB.OzoneManagerRequestHandler.handleReadRequest(OzoneManagerRequestHandler.java:168) ~[ozone-manager-1.3.0-SNAPSHOT.jar:?]
	at org.apache.hadoop.ozone.protocolPB.OzoneManagerProtocolServerSideTranslatorPB.submitReadRequestToOM(OzoneManagerProtocolServerSideTranslatorPB.java:226) ~[ozone-manager-1.3.0-SNAPSHOT.jar:?]
	at org.apache.hadoop.ozone.protocolPB.OzoneManagerProtocolServerSideTranslatorPB.processRequest(OzoneManagerProtocolServerSideTranslatorPB.java:175) ~[ozone-manager-1.3.0-SNAPSHOT.jar:?]
	at org.apache.hadoop.hdds.server.OzoneProtocolMessageDispatcher.processRequest(OzoneProtocolMessageDispatcher.java:87) [hdds-server-framework-1.3.0-SNAPSHOT.jar:?]
	at org.apache.hadoop.ozone.protocolPB.OzoneManagerProtocolServerSideTranslatorPB.submitRequest(OzoneManagerProtocolServerSideTranslatorPB.java:147) [ozone-manager-1.3.0-SNAPSHOT.jar:?]
	at org.apache.hadoop.ozone.protocol.proto.OzoneManagerProtocolProtos$OzoneManagerService$2.callBlockingMethod(OzoneManagerProtocolProtos.java) [ozone-interface-client-1.3.0-SNAPSHOT.jar:?]
	at org.apache.hadoop.ipc.ProtobufRpcEngine$Server.processCall(ProtobufRpcEngine.java:466) [hadoop-common-3.3.1.jar:?]
	at org.apache.hadoop.ipc.ProtobufRpcEngine2$Server$ProtoBufRpcInvoker.call(ProtobufRpcEngine2.java:574) [hadoop-common-3.3.1.jar:?]
	at org.apache.hadoop.ipc.ProtobufRpcEngine2$Server$ProtoBufRpcInvoker.call(ProtobufRpcEngine2.java:552) [hadoop-common-3.3.1.jar:?]
	at org.apache.hadoop.ipc.RPC$Server.call(RPC.java:1093) [hadoop-common-3.3.1.jar:?]
	at org.apache.hadoop.ipc.Server$RpcCall.run(Server.java:1035) [hadoop-common-3.3.1.jar:?]
	at org.apache.hadoop.ipc.Server$RpcCall.run(Server.java:963) [hadoop-common-3.3.1.jar:?]
	at java.security.AccessController.doPrivileged(Native Method) ~[?:1.8.0_332]
	at javax.security.auth.Subject.doAs(Subject.java:422) [?:1.8.0_332]
	at org.apache.hadoop.security.UserGroupInformation.doAs(UserGroupInformation.java:1878) [hadoop-common-3.3.1.jar:?]
	at org.apache.hadoop.ipc.Server$Handler.run(Server.java:2966) [hadoop-common-3.3.1.jar:?]
]]></system-out>
  </testcase>
  <testcase name="testDeleteEmptyVolume" classname="TestRootedOzoneFileSystem" time="0.112">
    <system-out><![CDATA[2022-08-09 13:52:09,470 [Time-limited test] INFO  rpc.RpcClient (RpcClient.java:createVolume(468)) - Creating Volume: volume81604, with user61786 as owner and space quota set to -1 bytes, counts quota set to -1
2022-08-09 13:52:09,471 [IPC Server handler 9 on default port 44079] INFO  volume.OMVolumeCreateRequest (OMVolumeCreateRequest.java:validateAndUpdateCache(195)) - created volume:volume81604 for user:user61786
2022-08-09 13:52:09,471 [Time-limited test] INFO  rpc.RpcClient (RpcClient.java:createBucket(671)) - Creating Bucket: volume81604/bucket00372, with bucket layout LEGACY, runner as owner, Versioning false, Storage Type set to DISK and Encryption set to false 
2022-08-09 13:52:09,472 [IPC Server handler 5 on default port 44079] INFO  bucket.OMBucketCreateRequest (OMBucketCreateRequest.java:validateAndUpdateCache(260)) - created bucket: bucket00372 of layout LEGACY in volume: volume81604
2022-08-09 13:52:09,473 [Time-limited test] INFO  rpc.RpcClient (RpcClient.java:createVolume(468)) - Creating Volume: volume-75041, with runner as owner and space quota set to -1 bytes, counts quota set to -1
2022-08-09 13:52:09,477 [IPC Server handler 3 on default port 44079] INFO  volume.OMVolumeCreateRequest (OMVolumeCreateRequest.java:validateAndUpdateCache(195)) - created volume:volume-75041 for user:runner
13:52:09.481 [IPC Server handler 0 on default port 44079] ERROR OMAudit - user=runner | ip=127.0.0.1 | op=READ_VOLUME {volume=volume-75041} | ret=FAILURE
org.apache.hadoop.ozone.om.exceptions.OMException: Volume volume-75041 is not found
	at org.apache.hadoop.ozone.om.VolumeManagerImpl.getVolumeInfo(VolumeManagerImpl.java:74) ~[ozone-manager-1.3.0-SNAPSHOT.jar:?]
	at org.apache.hadoop.ozone.om.OzoneManager.getVolumeInfo(OzoneManager.java:2604) ~[ozone-manager-1.3.0-SNAPSHOT.jar:?]
	at org.apache.hadoop.ozone.protocolPB.OzoneManagerRequestHandler.infoVolume(OzoneManagerRequestHandler.java:401) ~[ozone-manager-1.3.0-SNAPSHOT.jar:?]
	at org.apache.hadoop.ozone.protocolPB.OzoneManagerRequestHandler.handleReadRequest(OzoneManagerRequestHandler.java:168) ~[ozone-manager-1.3.0-SNAPSHOT.jar:?]
	at org.apache.hadoop.ozone.protocolPB.OzoneManagerProtocolServerSideTranslatorPB.submitRequestDirectlyToOM(OzoneManagerProtocolServerSideTranslatorPB.java:276) ~[ozone-manager-1.3.0-SNAPSHOT.jar:?]
	at org.apache.hadoop.ozone.protocolPB.OzoneManagerProtocolServerSideTranslatorPB.processRequest(OzoneManagerProtocolServerSideTranslatorPB.java:205) ~[ozone-manager-1.3.0-SNAPSHOT.jar:?]
	at org.apache.hadoop.hdds.server.OzoneProtocolMessageDispatcher.processRequest(OzoneProtocolMessageDispatcher.java:87) [hdds-server-framework-1.3.0-SNAPSHOT.jar:?]
	at org.apache.hadoop.ozone.protocolPB.OzoneManagerProtocolServerSideTranslatorPB.submitRequest(OzoneManagerProtocolServerSideTranslatorPB.java:147) [ozone-manager-1.3.0-SNAPSHOT.jar:?]
	at org.apache.hadoop.ozone.protocol.proto.OzoneManagerProtocolProtos$OzoneManagerService$2.callBlockingMethod(OzoneManagerProtocolProtos.java) [ozone-interface-client-1.3.0-SNAPSHOT.jar:?]
	at org.apache.hadoop.ipc.ProtobufRpcEngine$Server.processCall(ProtobufRpcEngine.java:466) [hadoop-common-3.3.1.jar:?]
	at org.apache.hadoop.ipc.ProtobufRpcEngine2$Server$ProtoBufRpcInvoker.call(ProtobufRpcEngine2.java:574) [hadoop-common-3.3.1.jar:?]
	at org.apache.hadoop.ipc.ProtobufRpcEngine2$Server$ProtoBufRpcInvoker.call(ProtobufRpcEngine2.java:552) [hadoop-common-3.3.1.jar:?]
	at org.apache.hadoop.ipc.RPC$Server.call(RPC.java:1093) [hadoop-common-3.3.1.jar:?]
	at org.apache.hadoop.ipc.Server$RpcCall.run(Server.java:1035) [hadoop-common-3.3.1.jar:?]
	at org.apache.hadoop.ipc.Server$RpcCall.run(Server.java:963) [hadoop-common-3.3.1.jar:?]
	at java.security.AccessController.doPrivileged(Native Method) ~[?:1.8.0_332]
	at javax.security.auth.Subject.doAs(Subject.java:422) [?:1.8.0_332]
	at org.apache.hadoop.security.UserGroupInformation.doAs(UserGroupInformation.java:1878) [hadoop-common-3.3.1.jar:?]
	at org.apache.hadoop.ipc.Server$Handler.run(Server.java:2966) [hadoop-common-3.3.1.jar:?]
]]></system-out>
  </testcase>
  <testcase name="testListStatusRootAndVolumeContinuation" classname="TestRootedOzoneFileSystem" time="0">
    <skipped type="org.junit.AssumptionViolatedException"><![CDATA[org.junit.AssumptionViolatedException: FS Path is enabled. Skipping this test as it is not tuned for FS Path yet
	at org.junit.Assume.assumeTrue(Assume.java:68)
	at org.apache.hadoop.fs.ozone.TestRootedOzoneFileSystem.testListStatusRootAndVolumeContinuation(TestRootedOzoneFileSystem.java:912)
	at sun.reflect.NativeMethodAccessorImpl.invoke0(Native Method)
	at sun.reflect.NativeMethodAccessorImpl.invoke(NativeMethodAccessorImpl.java:62)
	at sun.reflect.DelegatingMethodAccessorImpl.invoke(DelegatingMethodAccessorImpl.java:43)
	at java.lang.reflect.Method.invoke(Method.java:498)
	at org.junit.runners.model.FrameworkMethod$1.runReflectiveCall(FrameworkMethod.java:59)
	at org.junit.internal.runners.model.ReflectiveCallable.run(ReflectiveCallable.java:12)
	at org.junit.runners.model.FrameworkMethod.invokeExplosively(FrameworkMethod.java:56)
	at org.junit.internal.runners.statements.InvokeMethod.evaluate(InvokeMethod.java:17)
	at org.junit.internal.runners.statements.RunBefores.evaluate(RunBefores.java:26)
	at org.junit.internal.runners.statements.RunAfters.evaluate(RunAfters.java:27)
	at org.junit.internal.runners.statements.FailOnTimeout$CallableStatement.call(FailOnTimeout.java:288)
	at org.junit.internal.runners.statements.FailOnTimeout$CallableStatement.call(FailOnTimeout.java:282)
	at java.util.concurrent.FutureTask.run(FutureTask.java:266)
	at java.lang.Thread.run(Thread.java:750)
]]></skipped>
    <system-out><![CDATA[2022-08-09 13:47:16,926 [Time-limited test] INFO  rpc.RpcClient (RpcClient.java:createVolume(468)) - Creating Volume: volume82636, with user45955 as owner and space quota set to -1 bytes, counts quota set to -1
2022-08-09 13:47:16,931 [OM StateMachine ApplyTransaction Thread - 0] INFO  volume.OMVolumeCreateRequest (OMVolumeCreateRequest.java:validateAndUpdateCache(195)) - created volume:volume82636 for user:user45955
2022-08-09 13:47:16,934 [Time-limited test] INFO  rpc.RpcClient (RpcClient.java:createBucket(671)) - Creating Bucket: volume82636/bucket14589, with bucket layout LEGACY, runner as owner, Versioning false, Storage Type set to DISK and Encryption set to false 
2022-08-09 13:47:16,936 [OM StateMachine ApplyTransaction Thread - 0] INFO  bucket.OMBucketCreateRequest (OMBucketCreateRequest.java:validateAndUpdateCache(260)) - created bucket: bucket14589 of layout LEGACY in volume: volume82636
]]></system-out>
  </testcase>
  <testcase name="testListStatusRootAndVolumeContinuation" classname="TestRootedOzoneFileSystem" time="0">
    <skipped type="org.junit.AssumptionViolatedException"><![CDATA[org.junit.AssumptionViolatedException: FS Path is enabled. Skipping this test as it is not tuned for FS Path yet
	at org.junit.Assume.assumeTrue(Assume.java:68)
	at org.apache.hadoop.fs.ozone.TestRootedOzoneFileSystem.testListStatusRootAndVolumeContinuation(TestRootedOzoneFileSystem.java:912)
	at sun.reflect.NativeMethodAccessorImpl.invoke0(Native Method)
	at sun.reflect.NativeMethodAccessorImpl.invoke(NativeMethodAccessorImpl.java:62)
	at sun.reflect.DelegatingMethodAccessorImpl.invoke(DelegatingMethodAccessorImpl.java:43)
	at java.lang.reflect.Method.invoke(Method.java:498)
	at org.junit.runners.model.FrameworkMethod$1.runReflectiveCall(FrameworkMethod.java:59)
	at org.junit.internal.runners.model.ReflectiveCallable.run(ReflectiveCallable.java:12)
	at org.junit.runners.model.FrameworkMethod.invokeExplosively(FrameworkMethod.java:56)
	at org.junit.internal.runners.statements.InvokeMethod.evaluate(InvokeMethod.java:17)
	at org.junit.internal.runners.statements.RunBefores.evaluate(RunBefores.java:26)
	at org.junit.internal.runners.statements.RunAfters.evaluate(RunAfters.java:27)
	at org.junit.internal.runners.statements.FailOnTimeout$CallableStatement.call(FailOnTimeout.java:288)
	at org.junit.internal.runners.statements.FailOnTimeout$CallableStatement.call(FailOnTimeout.java:282)
	at java.util.concurrent.FutureTask.run(FutureTask.java:266)
	at java.lang.Thread.run(Thread.java:750)
]]></skipped>
    <system-out><![CDATA[2022-08-09 13:48:22,046 [Time-limited test] INFO  rpc.RpcClient (RpcClient.java:createVolume(468)) - Creating Volume: volume50929, with user66552 as owner and space quota set to -1 bytes, counts quota set to -1
2022-08-09 13:48:22,053 [OM StateMachine ApplyTransaction Thread - 0] INFO  volume.OMVolumeCreateRequest (OMVolumeCreateRequest.java:validateAndUpdateCache(195)) - created volume:volume50929 for user:user66552
2022-08-09 13:48:22,055 [Time-limited test] INFO  rpc.RpcClient (RpcClient.java:createBucket(671)) - Creating Bucket: volume50929/bucket42820, with bucket layout LEGACY, runner as owner, Versioning false, Storage Type set to DISK and Encryption set to false 
2022-08-09 13:48:22,056 [OM StateMachine ApplyTransaction Thread - 0] INFO  bucket.OMBucketCreateRequest (OMBucketCreateRequest.java:validateAndUpdateCache(260)) - created bucket: bucket42820 of layout LEGACY in volume: volume50929
]]></system-out>
  </testcase>
  <testcase name="testListStatusRootAndVolumeContinuation" classname="TestRootedOzoneFileSystem" time="0">
    <skipped type="org.junit.AssumptionViolatedException"><![CDATA[org.junit.AssumptionViolatedException: FS Path is enabled. Skipping this test as it is not tuned for FS Path yet
	at org.junit.Assume.assumeTrue(Assume.java:68)
	at org.apache.hadoop.fs.ozone.TestRootedOzoneFileSystem.testListStatusRootAndVolumeContinuation(TestRootedOzoneFileSystem.java:912)
	at sun.reflect.NativeMethodAccessorImpl.invoke0(Native Method)
	at sun.reflect.NativeMethodAccessorImpl.invoke(NativeMethodAccessorImpl.java:62)
	at sun.reflect.DelegatingMethodAccessorImpl.invoke(DelegatingMethodAccessorImpl.java:43)
	at java.lang.reflect.Method.invoke(Method.java:498)
	at org.junit.runners.model.FrameworkMethod$1.runReflectiveCall(FrameworkMethod.java:59)
	at org.junit.internal.runners.model.ReflectiveCallable.run(ReflectiveCallable.java:12)
	at org.junit.runners.model.FrameworkMethod.invokeExplosively(FrameworkMethod.java:56)
	at org.junit.internal.runners.statements.InvokeMethod.evaluate(InvokeMethod.java:17)
	at org.junit.internal.runners.statements.RunBefores.evaluate(RunBefores.java:26)
	at org.junit.internal.runners.statements.RunAfters.evaluate(RunAfters.java:27)
	at org.junit.internal.runners.statements.FailOnTimeout$CallableStatement.call(FailOnTimeout.java:288)
	at org.junit.internal.runners.statements.FailOnTimeout$CallableStatement.call(FailOnTimeout.java:282)
	at java.util.concurrent.FutureTask.run(FutureTask.java:266)
	at java.lang.Thread.run(Thread.java:750)
]]></skipped>
    <system-out><![CDATA[2022-08-09 13:49:28,303 [Time-limited test] INFO  rpc.RpcClient (RpcClient.java:createVolume(468)) - Creating Volume: volume51989, with user43511 as owner and space quota set to -1 bytes, counts quota set to -1
2022-08-09 13:49:28,305 [IPC Server handler 4 on default port 42643] INFO  volume.OMVolumeCreateRequest (OMVolumeCreateRequest.java:validateAndUpdateCache(195)) - created volume:volume51989 for user:user43511
2022-08-09 13:49:28,313 [Time-limited test] INFO  rpc.RpcClient (RpcClient.java:createBucket(671)) - Creating Bucket: volume51989/bucket53838, with bucket layout LEGACY, runner as owner, Versioning false, Storage Type set to DISK and Encryption set to false 
2022-08-09 13:49:28,314 [IPC Server handler 7 on default port 42643] INFO  bucket.OMBucketCreateRequest (OMBucketCreateRequest.java:validateAndUpdateCache(260)) - created bucket: bucket53838 of layout LEGACY in volume: volume51989
]]></system-out>
  </testcase>
  <testcase name="testListStatusRootAndVolumeContinuation" classname="TestRootedOzoneFileSystem" time="1.493">
    <system-out><![CDATA[2022-08-09 13:50:45,187 [Time-limited test] INFO  rpc.RpcClient (RpcClient.java:createVolume(468)) - Creating Volume: volume66354, with user24659 as owner and space quota set to -1 bytes, counts quota set to -1
2022-08-09 13:50:45,202 [OM StateMachine ApplyTransaction Thread - 0] INFO  volume.OMVolumeCreateRequest (OMVolumeCreateRequest.java:validateAndUpdateCache(195)) - created volume:volume66354 for user:user24659
2022-08-09 13:50:45,202 [Time-limited test] INFO  rpc.RpcClient (RpcClient.java:createBucket(671)) - Creating Bucket: volume66354/bucket86284, with bucket layout LEGACY, runner as owner, Versioning false, Storage Type set to DISK and Encryption set to false 
2022-08-09 13:50:45,204 [OM StateMachine ApplyTransaction Thread - 0] INFO  bucket.OMBucketCreateRequest (OMBucketCreateRequest.java:validateAndUpdateCache(260)) - created bucket: bucket86284 of layout LEGACY in volume: volume66354
13:50:45.205 [IPC Server handler 18 on default port 45023] ERROR OMAudit - user=runner | ip=127.0.0.1 | op=READ_BUCKET {volume=volume-56200, bucket=bucket-65225} | ret=FAILURE
org.apache.hadoop.ozone.om.exceptions.OMException: Volume not found when getting bucket info
	at org.apache.hadoop.ozone.om.BucketManagerImpl.getBucketInfo(BucketManagerImpl.java:127) ~[ozone-manager-1.3.0-SNAPSHOT.jar:?]
	at org.apache.hadoop.ozone.om.OzoneManager.getBucketInfo(OzoneManager.java:2780) ~[ozone-manager-1.3.0-SNAPSHOT.jar:?]
	at org.apache.hadoop.ozone.protocolPB.OzoneManagerRequestHandler.infoBucket(OzoneManagerRequestHandler.java:475) ~[ozone-manager-1.3.0-SNAPSHOT.jar:?]
	at org.apache.hadoop.ozone.protocolPB.OzoneManagerRequestHandler.handleReadRequest(OzoneManagerRequestHandler.java:178) ~[ozone-manager-1.3.0-SNAPSHOT.jar:?]
	at org.apache.hadoop.ozone.protocolPB.OzoneManagerProtocolServerSideTranslatorPB.submitReadRequestToOM(OzoneManagerProtocolServerSideTranslatorPB.java:226) ~[ozone-manager-1.3.0-SNAPSHOT.jar:?]
	at org.apache.hadoop.ozone.protocolPB.OzoneManagerProtocolServerSideTranslatorPB.processRequest(OzoneManagerProtocolServerSideTranslatorPB.java:175) ~[ozone-manager-1.3.0-SNAPSHOT.jar:?]
	at org.apache.hadoop.hdds.server.OzoneProtocolMessageDispatcher.processRequest(OzoneProtocolMessageDispatcher.java:87) [hdds-server-framework-1.3.0-SNAPSHOT.jar:?]
	at org.apache.hadoop.ozone.protocolPB.OzoneManagerProtocolServerSideTranslatorPB.submitRequest(OzoneManagerProtocolServerSideTranslatorPB.java:147) [ozone-manager-1.3.0-SNAPSHOT.jar:?]
	at org.apache.hadoop.ozone.protocol.proto.OzoneManagerProtocolProtos$OzoneManagerService$2.callBlockingMethod(OzoneManagerProtocolProtos.java) [ozone-interface-client-1.3.0-SNAPSHOT.jar:?]
	at org.apache.hadoop.ipc.ProtobufRpcEngine$Server.processCall(ProtobufRpcEngine.java:466) [hadoop-common-3.3.1.jar:?]
	at org.apache.hadoop.ipc.ProtobufRpcEngine2$Server$ProtoBufRpcInvoker.call(ProtobufRpcEngine2.java:574) [hadoop-common-3.3.1.jar:?]
	at org.apache.hadoop.ipc.ProtobufRpcEngine2$Server$ProtoBufRpcInvoker.call(ProtobufRpcEngine2.java:552) [hadoop-common-3.3.1.jar:?]
	at org.apache.hadoop.ipc.RPC$Server.call(RPC.java:1093) [hadoop-common-3.3.1.jar:?]
	at org.apache.hadoop.ipc.Server$RpcCall.run(Server.java:1035) [hadoop-common-3.3.1.jar:?]
	at org.apache.hadoop.ipc.Server$RpcCall.run(Server.java:963) [hadoop-common-3.3.1.jar:?]
	at java.security.AccessController.doPrivileged(Native Method) ~[?:1.8.0_332]
	at javax.security.auth.Subject.doAs(Subject.java:422) [?:1.8.0_332]
	at org.apache.hadoop.security.UserGroupInformation.doAs(UserGroupInformation.java:1878) [hadoop-common-3.3.1.jar:?]
	at org.apache.hadoop.ipc.Server$Handler.run(Server.java:2966) [hadoop-common-3.3.1.jar:?]
2022-08-09 13:50:45,206 [Time-limited test] INFO  rpc.RpcClient (RpcClient.java:createVolume(468)) - Creating Volume: volume-56200, with runner as owner and space quota set to -1 bytes, counts quota set to -1
2022-08-09 13:50:45,209 [OM StateMachine ApplyTransaction Thread - 0] INFO  volume.OMVolumeCreateRequest (OMVolumeCreateRequest.java:validateAndUpdateCache(195)) - created volume:volume-56200 for user:runner
2022-08-09 13:50:45,209 [Time-limited test] INFO  rpc.RpcClient (RpcClient.java:createBucket(671)) - Creating Bucket: volume-56200/bucket-65225, with bucket layout LEGACY, runner as owner, Versioning false, Storage Type set to DISK and Encryption set to false 
2022-08-09 13:50:45,210 [OM StateMachine ApplyTransaction Thread - 0] INFO  bucket.OMBucketCreateRequest (OMBucketCreateRequest.java:validateAndUpdateCache(260)) - created bucket: bucket-65225 of layout LEGACY in volume: volume-56200
13:50:45.377 [IPC Server handler 8 on default port 45023] ERROR OMAudit - user=runner | ip=127.0.0.1 | op=READ_BUCKET {volume=volume-01901, bucket=bucket-63546} | ret=FAILURE
org.apache.hadoop.ozone.om.exceptions.OMException: Volume not found when getting bucket info
	at org.apache.hadoop.ozone.om.BucketManagerImpl.getBucketInfo(BucketManagerImpl.java:127) ~[ozone-manager-1.3.0-SNAPSHOT.jar:?]
	at org.apache.hadoop.ozone.om.OzoneManager.getBucketInfo(OzoneManager.java:2780) ~[ozone-manager-1.3.0-SNAPSHOT.jar:?]
	at org.apache.hadoop.ozone.protocolPB.OzoneManagerRequestHandler.infoBucket(OzoneManagerRequestHandler.java:475) ~[ozone-manager-1.3.0-SNAPSHOT.jar:?]
	at org.apache.hadoop.ozone.protocolPB.OzoneManagerRequestHandler.handleReadRequest(OzoneManagerRequestHandler.java:178) ~[ozone-manager-1.3.0-SNAPSHOT.jar:?]
	at org.apache.hadoop.ozone.protocolPB.OzoneManagerProtocolServerSideTranslatorPB.submitReadRequestToOM(OzoneManagerProtocolServerSideTranslatorPB.java:226) ~[ozone-manager-1.3.0-SNAPSHOT.jar:?]
	at org.apache.hadoop.ozone.protocolPB.OzoneManagerProtocolServerSideTranslatorPB.processRequest(OzoneManagerProtocolServerSideTranslatorPB.java:175) ~[ozone-manager-1.3.0-SNAPSHOT.jar:?]
	at org.apache.hadoop.hdds.server.OzoneProtocolMessageDispatcher.processRequest(OzoneProtocolMessageDispatcher.java:87) [hdds-server-framework-1.3.0-SNAPSHOT.jar:?]
	at org.apache.hadoop.ozone.protocolPB.OzoneManagerProtocolServerSideTranslatorPB.submitRequest(OzoneManagerProtocolServerSideTranslatorPB.java:147) [ozone-manager-1.3.0-SNAPSHOT.jar:?]
	at org.apache.hadoop.ozone.protocol.proto.OzoneManagerProtocolProtos$OzoneManagerService$2.callBlockingMethod(OzoneManagerProtocolProtos.java) [ozone-interface-client-1.3.0-SNAPSHOT.jar:?]
	at org.apache.hadoop.ipc.ProtobufRpcEngine$Server.processCall(ProtobufRpcEngine.java:466) [hadoop-common-3.3.1.jar:?]
	at org.apache.hadoop.ipc.ProtobufRpcEngine2$Server$ProtoBufRpcInvoker.call(ProtobufRpcEngine2.java:574) [hadoop-common-3.3.1.jar:?]
	at org.apache.hadoop.ipc.ProtobufRpcEngine2$Server$ProtoBufRpcInvoker.call(ProtobufRpcEngine2.java:552) [hadoop-common-3.3.1.jar:?]
	at org.apache.hadoop.ipc.RPC$Server.call(RPC.java:1093) [hadoop-common-3.3.1.jar:?]
	at org.apache.hadoop.ipc.Server$RpcCall.run(Server.java:1035) [hadoop-common-3.3.1.jar:?]
	at org.apache.hadoop.ipc.Server$RpcCall.run(Server.java:963) [hadoop-common-3.3.1.jar:?]
	at java.security.AccessController.doPrivileged(Native Method) ~[?:1.8.0_332]
	at javax.security.auth.Subject.doAs(Subject.java:422) [?:1.8.0_332]
	at org.apache.hadoop.security.UserGroupInformation.doAs(UserGroupInformation.java:1878) [hadoop-common-3.3.1.jar:?]
	at org.apache.hadoop.ipc.Server$Handler.run(Server.java:2966) [hadoop-common-3.3.1.jar:?]
2022-08-09 13:50:45,381 [Time-limited test] INFO  rpc.RpcClient (RpcClient.java:createVolume(468)) - Creating Volume: volume-01901, with runner as owner and space quota set to -1 bytes, counts quota set to -1
2022-08-09 13:50:45,384 [OM StateMachine ApplyTransaction Thread - 0] INFO  volume.OMVolumeCreateRequest (OMVolumeCreateRequest.java:validateAndUpdateCache(195)) - created volume:volume-01901 for user:runner
2022-08-09 13:50:45,384 [Time-limited test] INFO  rpc.RpcClient (RpcClient.java:createBucket(671)) - Creating Bucket: volume-01901/bucket-63546, with bucket layout LEGACY, runner as owner, Versioning false, Storage Type set to DISK and Encryption set to false 
2022-08-09 13:50:45,388 [OM StateMachine ApplyTransaction Thread - 0] INFO  bucket.OMBucketCreateRequest (OMBucketCreateRequest.java:validateAndUpdateCache(260)) - created bucket: bucket-63546 of layout LEGACY in volume: volume-01901
2022-08-09 13:50:45,613 [Finalizer] WARN  managed.ManagedRocksObjectUtils (ManagedRocksObjectUtils.java:assertClosed(39)) - ManagedDBOptions is not closed properly
2022-08-09 13:50:45,622 [Finalizer] WARN  managed.ManagedRocksObjectUtils (ManagedRocksObjectUtils.java:assertClosed(39)) - ManagedDBOptions is not closed properly
2022-08-09 13:50:45,622 [Finalizer] WARN  managed.ManagedRocksObjectUtils (ManagedRocksObjectUtils.java:assertClosed(39)) - ManagedDBOptions is not closed properly
13:50:45.633 [IPC Server handler 14 on default port 45023] ERROR OMAudit - user=runner | ip=127.0.0.1 | op=READ_BUCKET {volume=volume-32363, bucket=bucket-40994} | ret=FAILURE
org.apache.hadoop.ozone.om.exceptions.OMException: Volume not found when getting bucket info
	at org.apache.hadoop.ozone.om.BucketManagerImpl.getBucketInfo(BucketManagerImpl.java:127) ~[ozone-manager-1.3.0-SNAPSHOT.jar:?]
	at org.apache.hadoop.ozone.om.OzoneManager.getBucketInfo(OzoneManager.java:2780) ~[ozone-manager-1.3.0-SNAPSHOT.jar:?]
	at org.apache.hadoop.ozone.protocolPB.OzoneManagerRequestHandler.infoBucket(OzoneManagerRequestHandler.java:475) ~[ozone-manager-1.3.0-SNAPSHOT.jar:?]
	at org.apache.hadoop.ozone.protocolPB.OzoneManagerRequestHandler.handleReadRequest(OzoneManagerRequestHandler.java:178) ~[ozone-manager-1.3.0-SNAPSHOT.jar:?]
	at org.apache.hadoop.ozone.protocolPB.OzoneManagerProtocolServerSideTranslatorPB.submitReadRequestToOM(OzoneManagerProtocolServerSideTranslatorPB.java:226) ~[ozone-manager-1.3.0-SNAPSHOT.jar:?]
	at org.apache.hadoop.ozone.protocolPB.OzoneManagerProtocolServerSideTranslatorPB.processRequest(OzoneManagerProtocolServerSideTranslatorPB.java:175) ~[ozone-manager-1.3.0-SNAPSHOT.jar:?]
	at org.apache.hadoop.hdds.server.OzoneProtocolMessageDispatcher.processRequest(OzoneProtocolMessageDispatcher.java:87) [hdds-server-framework-1.3.0-SNAPSHOT.jar:?]
	at org.apache.hadoop.ozone.protocolPB.OzoneManagerProtocolServerSideTranslatorPB.submitRequest(OzoneManagerProtocolServerSideTranslatorPB.java:147) [ozone-manager-1.3.0-SNAPSHOT.jar:?]
	at org.apache.hadoop.ozone.protocol.proto.OzoneManagerProtocolProtos$OzoneManagerService$2.callBlockingMethod(OzoneManagerProtocolProtos.java) [ozone-interface-client-1.3.0-SNAPSHOT.jar:?]
	at org.apache.hadoop.ipc.ProtobufRpcEngine$Server.processCall(ProtobufRpcEngine.java:466) [hadoop-common-3.3.1.jar:?]
	at org.apache.hadoop.ipc.ProtobufRpcEngine2$Server$ProtoBufRpcInvoker.call(ProtobufRpcEngine2.java:574) [hadoop-common-3.3.1.jar:?]
	at org.apache.hadoop.ipc.ProtobufRpcEngine2$Server$ProtoBufRpcInvoker.call(ProtobufRpcEngine2.java:552) [hadoop-common-3.3.1.jar:?]
	at org.apache.hadoop.ipc.RPC$Server.call(RPC.java:1093) [hadoop-common-3.3.1.jar:?]
	at org.apache.hadoop.ipc.Server$RpcCall.run(Server.java:1035) [hadoop-common-3.3.1.jar:?]
	at org.apache.hadoop.ipc.Server$RpcCall.run(Server.java:963) [hadoop-common-3.3.1.jar:?]
	at java.security.AccessController.doPrivileged(Native Method) ~[?:1.8.0_332]
	at javax.security.auth.Subject.doAs(Subject.java:422) [?:1.8.0_332]
	at org.apache.hadoop.security.UserGroupInformation.doAs(UserGroupInformation.java:1878) [hadoop-common-3.3.1.jar:?]
	at org.apache.hadoop.ipc.Server$Handler.run(Server.java:2966) [hadoop-common-3.3.1.jar:?]
2022-08-09 13:50:45,637 [Time-limited test] INFO  rpc.RpcClient (RpcClient.java:createVolume(468)) - Creating Volume: volume-32363, with runner as owner and space quota set to -1 bytes, counts quota set to -1
2022-08-09 13:50:45,656 [OM StateMachine ApplyTransaction Thread - 0] INFO  volume.OMVolumeCreateRequest (OMVolumeCreateRequest.java:validateAndUpdateCache(195)) - created volume:volume-32363 for user:runner
2022-08-09 13:50:45,657 [Time-limited test] INFO  rpc.RpcClient (RpcClient.java:createBucket(671)) - Creating Bucket: volume-32363/bucket-40994, with bucket layout LEGACY, runner as owner, Versioning false, Storage Type set to DISK and Encryption set to false 
2022-08-09 13:50:45,659 [OM StateMachine ApplyTransaction Thread - 0] INFO  bucket.OMBucketCreateRequest (OMBucketCreateRequest.java:validateAndUpdateCache(260)) - created bucket: bucket-40994 of layout LEGACY in volume: volume-32363
13:50:45.876 [IPC Server handler 3 on default port 45023] ERROR OMAudit - user=runner | ip=127.0.0.1 | op=READ_BUCKET {volume=volume-79986, bucket=bucket-83996} | ret=FAILURE
org.apache.hadoop.ozone.om.exceptions.OMException: Volume not found when getting bucket info
	at org.apache.hadoop.ozone.om.BucketManagerImpl.getBucketInfo(BucketManagerImpl.java:127) ~[ozone-manager-1.3.0-SNAPSHOT.jar:?]
	at org.apache.hadoop.ozone.om.OzoneManager.getBucketInfo(OzoneManager.java:2780) ~[ozone-manager-1.3.0-SNAPSHOT.jar:?]
	at org.apache.hadoop.ozone.protocolPB.OzoneManagerRequestHandler.infoBucket(OzoneManagerRequestHandler.java:475) ~[ozone-manager-1.3.0-SNAPSHOT.jar:?]
	at org.apache.hadoop.ozone.protocolPB.OzoneManagerRequestHandler.handleReadRequest(OzoneManagerRequestHandler.java:178) ~[ozone-manager-1.3.0-SNAPSHOT.jar:?]
	at org.apache.hadoop.ozone.protocolPB.OzoneManagerProtocolServerSideTranslatorPB.submitReadRequestToOM(OzoneManagerProtocolServerSideTranslatorPB.java:226) ~[ozone-manager-1.3.0-SNAPSHOT.jar:?]
	at org.apache.hadoop.ozone.protocolPB.OzoneManagerProtocolServerSideTranslatorPB.processRequest(OzoneManagerProtocolServerSideTranslatorPB.java:175) ~[ozone-manager-1.3.0-SNAPSHOT.jar:?]
	at org.apache.hadoop.hdds.server.OzoneProtocolMessageDispatcher.processRequest(OzoneProtocolMessageDispatcher.java:87) [hdds-server-framework-1.3.0-SNAPSHOT.jar:?]
	at org.apache.hadoop.ozone.protocolPB.OzoneManagerProtocolServerSideTranslatorPB.submitRequest(OzoneManagerProtocolServerSideTranslatorPB.java:147) [ozone-manager-1.3.0-SNAPSHOT.jar:?]
	at org.apache.hadoop.ozone.protocol.proto.OzoneManagerProtocolProtos$OzoneManagerService$2.callBlockingMethod(OzoneManagerProtocolProtos.java) [ozone-interface-client-1.3.0-SNAPSHOT.jar:?]
	at org.apache.hadoop.ipc.ProtobufRpcEngine$Server.processCall(ProtobufRpcEngine.java:466) [hadoop-common-3.3.1.jar:?]
	at org.apache.hadoop.ipc.ProtobufRpcEngine2$Server$ProtoBufRpcInvoker.call(ProtobufRpcEngine2.java:574) [hadoop-common-3.3.1.jar:?]
	at org.apache.hadoop.ipc.ProtobufRpcEngine2$Server$ProtoBufRpcInvoker.call(ProtobufRpcEngine2.java:552) [hadoop-common-3.3.1.jar:?]
	at org.apache.hadoop.ipc.RPC$Server.call(RPC.java:1093) [hadoop-common-3.3.1.jar:?]
	at org.apache.hadoop.ipc.Server$RpcCall.run(Server.java:1035) [hadoop-common-3.3.1.jar:?]
	at org.apache.hadoop.ipc.Server$RpcCall.run(Server.java:963) [hadoop-common-3.3.1.jar:?]
	at java.security.AccessController.doPrivileged(Native Method) ~[?:1.8.0_332]
	at javax.security.auth.Subject.doAs(Subject.java:422) [?:1.8.0_332]
	at org.apache.hadoop.security.UserGroupInformation.doAs(UserGroupInformation.java:1878) [hadoop-common-3.3.1.jar:?]
	at org.apache.hadoop.ipc.Server$Handler.run(Server.java:2966) [hadoop-common-3.3.1.jar:?]
2022-08-09 13:50:45,876 [Time-limited test] INFO  rpc.RpcClient (RpcClient.java:createVolume(468)) - Creating Volume: volume-79986, with runner as owner and space quota set to -1 bytes, counts quota set to -1
2022-08-09 13:50:45,894 [OM StateMachine ApplyTransaction Thread - 0] INFO  volume.OMVolumeCreateRequest (OMVolumeCreateRequest.java:validateAndUpdateCache(195)) - created volume:volume-79986 for user:runner
2022-08-09 13:50:45,894 [Time-limited test] INFO  rpc.RpcClient (RpcClient.java:createBucket(671)) - Creating Bucket: volume-79986/bucket-83996, with bucket layout LEGACY, runner as owner, Versioning false, Storage Type set to DISK and Encryption set to false 
2022-08-09 13:50:45,895 [OM StateMachine ApplyTransaction Thread - 0] INFO  bucket.OMBucketCreateRequest (OMBucketCreateRequest.java:validateAndUpdateCache(260)) - created bucket: bucket-83996 of layout LEGACY in volume: volume-79986
13:50:46.092 [IPC Server handler 5 on default port 45023] ERROR OMAudit - user=runner | ip=127.0.0.1 | op=READ_BUCKET {volume=volume-26565, bucket=bucket-36097} | ret=FAILURE
org.apache.hadoop.ozone.om.exceptions.OMException: Volume not found when getting bucket info
	at org.apache.hadoop.ozone.om.BucketManagerImpl.getBucketInfo(BucketManagerImpl.java:127) ~[ozone-manager-1.3.0-SNAPSHOT.jar:?]
	at org.apache.hadoop.ozone.om.OzoneManager.getBucketInfo(OzoneManager.java:2780) ~[ozone-manager-1.3.0-SNAPSHOT.jar:?]
	at org.apache.hadoop.ozone.protocolPB.OzoneManagerRequestHandler.infoBucket(OzoneManagerRequestHandler.java:475) ~[ozone-manager-1.3.0-SNAPSHOT.jar:?]
	at org.apache.hadoop.ozone.protocolPB.OzoneManagerRequestHandler.handleReadRequest(OzoneManagerRequestHandler.java:178) ~[ozone-manager-1.3.0-SNAPSHOT.jar:?]
	at org.apache.hadoop.ozone.protocolPB.OzoneManagerProtocolServerSideTranslatorPB.submitReadRequestToOM(OzoneManagerProtocolServerSideTranslatorPB.java:226) ~[ozone-manager-1.3.0-SNAPSHOT.jar:?]
	at org.apache.hadoop.ozone.protocolPB.OzoneManagerProtocolServerSideTranslatorPB.processRequest(OzoneManagerProtocolServerSideTranslatorPB.java:175) ~[ozone-manager-1.3.0-SNAPSHOT.jar:?]
	at org.apache.hadoop.hdds.server.OzoneProtocolMessageDispatcher.processRequest(OzoneProtocolMessageDispatcher.java:87) [hdds-server-framework-1.3.0-SNAPSHOT.jar:?]
	at org.apache.hadoop.ozone.protocolPB.OzoneManagerProtocolServerSideTranslatorPB.submitRequest(OzoneManagerProtocolServerSideTranslatorPB.java:147) [ozone-manager-1.3.0-SNAPSHOT.jar:?]
	at org.apache.hadoop.ozone.protocol.proto.OzoneManagerProtocolProtos$OzoneManagerService$2.callBlockingMethod(OzoneManagerProtocolProtos.java) [ozone-interface-client-1.3.0-SNAPSHOT.jar:?]
	at org.apache.hadoop.ipc.ProtobufRpcEngine$Server.processCall(ProtobufRpcEngine.java:466) [hadoop-common-3.3.1.jar:?]
	at org.apache.hadoop.ipc.ProtobufRpcEngine2$Server$ProtoBufRpcInvoker.call(ProtobufRpcEngine2.java:574) [hadoop-common-3.3.1.jar:?]
	at org.apache.hadoop.ipc.ProtobufRpcEngine2$Server$ProtoBufRpcInvoker.call(ProtobufRpcEngine2.java:552) [hadoop-common-3.3.1.jar:?]
	at org.apache.hadoop.ipc.RPC$Server.call(RPC.java:1093) [hadoop-common-3.3.1.jar:?]
	at org.apache.hadoop.ipc.Server$RpcCall.run(Server.java:1035) [hadoop-common-3.3.1.jar:?]
	at org.apache.hadoop.ipc.Server$RpcCall.run(Server.java:963) [hadoop-common-3.3.1.jar:?]
	at java.security.AccessController.doPrivileged(Native Method) ~[?:1.8.0_332]
	at javax.security.auth.Subject.doAs(Subject.java:422) [?:1.8.0_332]
	at org.apache.hadoop.security.UserGroupInformation.doAs(UserGroupInformation.java:1878) [hadoop-common-3.3.1.jar:?]
	at org.apache.hadoop.ipc.Server$Handler.run(Server.java:2966) [hadoop-common-3.3.1.jar:?]
2022-08-09 13:50:46,109 [Time-limited test] INFO  rpc.RpcClient (RpcClient.java:createVolume(468)) - Creating Volume: volume-26565, with runner as owner and space quota set to -1 bytes, counts quota set to -1
2022-08-09 13:50:46,111 [OM StateMachine ApplyTransaction Thread - 0] INFO  volume.OMVolumeCreateRequest (OMVolumeCreateRequest.java:validateAndUpdateCache(195)) - created volume:volume-26565 for user:runner
2022-08-09 13:50:46,113 [Time-limited test] INFO  rpc.RpcClient (RpcClient.java:createBucket(671)) - Creating Bucket: volume-26565/bucket-36097, with bucket layout LEGACY, runner as owner, Versioning false, Storage Type set to DISK and Encryption set to false 
2022-08-09 13:50:46,114 [OM StateMachine ApplyTransaction Thread - 0] INFO  bucket.OMBucketCreateRequest (OMBucketCreateRequest.java:validateAndUpdateCache(260)) - created bucket: bucket-36097 of layout LEGACY in volume: volume-26565
]]></system-out>
  </testcase>
  <testcase name="testListStatusRootAndVolumeContinuation" classname="TestRootedOzoneFileSystem" time="1.987">
    <system-out><![CDATA[2022-08-09 13:52:09,587 [c4ab506c-e5ff-4630-83c4-92e6a677ee06@group-A8823B900407-FollowerState] INFO  impl.FollowerState (FollowerState.java:run(143)) - c4ab506c-e5ff-4630-83c4-92e6a677ee06@group-A8823B900407-FollowerState: change to CANDIDATE, lastRpcElapsedTime:5140321848ns, electionTimeout:5134ms
2022-08-09 13:52:09,587 [c4ab506c-e5ff-4630-83c4-92e6a677ee06@group-A8823B900407-FollowerState] INFO  impl.RoleInfo (RoleInfo.java:shutdownFollowerState(110)) - c4ab506c-e5ff-4630-83c4-92e6a677ee06: shutdown c4ab506c-e5ff-4630-83c4-92e6a677ee06@group-A8823B900407-FollowerState
2022-08-09 13:52:09,587 [c4ab506c-e5ff-4630-83c4-92e6a677ee06@group-A8823B900407-FollowerState] INFO  server.RaftServer$Division (RaftServerImpl.java:setRole(299)) - c4ab506c-e5ff-4630-83c4-92e6a677ee06@group-A8823B900407: changes role from  FOLLOWER to CANDIDATE at term 2 for changeToCandidate
2022-08-09 13:52:09,587 [c4ab506c-e5ff-4630-83c4-92e6a677ee06@group-A8823B900407-FollowerState] INFO  server.RaftServerConfigKeys (ConfUtils.java:logGet(46)) - raft.server.leaderelection.pre-vote = false (custom)
2022-08-09 13:52:09,587 [c4ab506c-e5ff-4630-83c4-92e6a677ee06@group-A8823B900407-FollowerState] INFO  impl.RoleInfo (RoleInfo.java:updateAndGet(139)) - c4ab506c-e5ff-4630-83c4-92e6a677ee06: start c4ab506c-e5ff-4630-83c4-92e6a677ee06@group-A8823B900407-LeaderElection68
2022-08-09 13:52:09,626 [c4ab506c-e5ff-4630-83c4-92e6a677ee06@group-A8823B900407-LeaderElection68] INFO  impl.LeaderElection (LeaderElection.java:askForVotes(310)) - c4ab506c-e5ff-4630-83c4-92e6a677ee06@group-A8823B900407-LeaderElection68 ELECTION round 0: submit vote requests at term 3 for -1: [7f1d1c94-ff0a-4bb3-a3b2-1e31becb3d9f|rpc:10.1.0.19:34961|dataStream:|priority:0, c4ab506c-e5ff-4630-83c4-92e6a677ee06|rpc:10.1.0.19:36685|dataStream:|priority:1, 719c7f2e-9b3f-4e79-a038-a5c87def3235|rpc:10.1.0.19:41633|dataStream:|priority:0], old=null
2022-08-09 13:52:09,662 [grpc-default-executor-3] INFO  server.RaftServer$Division (RaftServerImpl.java:requestVote(1152)) - 7f1d1c94-ff0a-4bb3-a3b2-1e31becb3d9f@group-A8823B900407: receive requestVote(ELECTION, c4ab506c-e5ff-4630-83c4-92e6a677ee06, group-A8823B900407, 3, (t:0, i:0))
2022-08-09 13:52:09,662 [Time-limited test] INFO  rpc.RpcClient (RpcClient.java:createVolume(468)) - Creating Volume: volume42252, with user74665 as owner and space quota set to -1 bytes, counts quota set to -1
2022-08-09 13:52:09,663 [IPC Server handler 19 on default port 44079] INFO  volume.OMVolumeCreateRequest (OMVolumeCreateRequest.java:validateAndUpdateCache(195)) - created volume:volume42252 for user:user74665
2022-08-09 13:52:09,662 [grpc-default-executor-3] INFO  impl.VoteContext (VoteContext.java:log(48)) - 7f1d1c94-ff0a-4bb3-a3b2-1e31becb3d9f@group-A8823B900407-FOLLOWER: accept ELECTION from c4ab506c-e5ff-4630-83c4-92e6a677ee06: our priority 0 <= candidate's priority 1
2022-08-09 13:52:09,665 [grpc-default-executor-3] INFO  server.RaftServer$Division (RaftServerImpl.java:setRole(299)) - 7f1d1c94-ff0a-4bb3-a3b2-1e31becb3d9f@group-A8823B900407: changes role from  FOLLOWER to FOLLOWER at term 3 for candidate:c4ab506c-e5ff-4630-83c4-92e6a677ee06
2022-08-09 13:52:09,665 [grpc-default-executor-3] INFO  impl.RoleInfo (RoleInfo.java:shutdownFollowerState(110)) - 7f1d1c94-ff0a-4bb3-a3b2-1e31becb3d9f: shutdown 7f1d1c94-ff0a-4bb3-a3b2-1e31becb3d9f@group-A8823B900407-FollowerState
2022-08-09 13:52:09,665 [grpc-default-executor-3] INFO  impl.RoleInfo (RoleInfo.java:updateAndGet(139)) - 7f1d1c94-ff0a-4bb3-a3b2-1e31becb3d9f: start 7f1d1c94-ff0a-4bb3-a3b2-1e31becb3d9f@group-A8823B900407-FollowerState
2022-08-09 13:52:09,666 [7f1d1c94-ff0a-4bb3-a3b2-1e31becb3d9f@group-A8823B900407-FollowerState] INFO  impl.FollowerState (FollowerState.java:run(152)) - 7f1d1c94-ff0a-4bb3-a3b2-1e31becb3d9f@group-A8823B900407-FollowerState was interrupted
2022-08-09 13:52:09,666 [Time-limited test] INFO  rpc.RpcClient (RpcClient.java:createBucket(671)) - Creating Bucket: volume42252/bucket51735, with bucket layout LEGACY, runner as owner, Versioning false, Storage Type set to DISK and Encryption set to false 
2022-08-09 13:52:09,666 [IPC Server handler 7 on default port 44079] INFO  bucket.OMBucketCreateRequest (OMBucketCreateRequest.java:validateAndUpdateCache(260)) - created bucket: bucket51735 of layout LEGACY in volume: volume42252
13:52:09.668 [IPC Server handler 15 on default port 44079] ERROR OMAudit - user=runner | ip=127.0.0.1 | op=READ_BUCKET {volume=volume-72807, bucket=bucket-76196} | ret=FAILURE
org.apache.hadoop.ozone.om.exceptions.OMException: Volume not found when getting bucket info
	at org.apache.hadoop.ozone.om.BucketManagerImpl.getBucketInfo(BucketManagerImpl.java:127) ~[ozone-manager-1.3.0-SNAPSHOT.jar:?]
	at org.apache.hadoop.ozone.om.OzoneManager.getBucketInfo(OzoneManager.java:2780) ~[ozone-manager-1.3.0-SNAPSHOT.jar:?]
	at org.apache.hadoop.ozone.protocolPB.OzoneManagerRequestHandler.infoBucket(OzoneManagerRequestHandler.java:475) ~[ozone-manager-1.3.0-SNAPSHOT.jar:?]
	at org.apache.hadoop.ozone.protocolPB.OzoneManagerRequestHandler.handleReadRequest(OzoneManagerRequestHandler.java:178) ~[ozone-manager-1.3.0-SNAPSHOT.jar:?]
	at org.apache.hadoop.ozone.protocolPB.OzoneManagerProtocolServerSideTranslatorPB.submitRequestDirectlyToOM(OzoneManagerProtocolServerSideTranslatorPB.java:276) ~[ozone-manager-1.3.0-SNAPSHOT.jar:?]
	at org.apache.hadoop.ozone.protocolPB.OzoneManagerProtocolServerSideTranslatorPB.processRequest(OzoneManagerProtocolServerSideTranslatorPB.java:205) ~[ozone-manager-1.3.0-SNAPSHOT.jar:?]
	at org.apache.hadoop.hdds.server.OzoneProtocolMessageDispatcher.processRequest(OzoneProtocolMessageDispatcher.java:87) [hdds-server-framework-1.3.0-SNAPSHOT.jar:?]
	at org.apache.hadoop.ozone.protocolPB.OzoneManagerProtocolServerSideTranslatorPB.submitRequest(OzoneManagerProtocolServerSideTranslatorPB.java:147) [ozone-manager-1.3.0-SNAPSHOT.jar:?]
	at org.apache.hadoop.ozone.protocol.proto.OzoneManagerProtocolProtos$OzoneManagerService$2.callBlockingMethod(OzoneManagerProtocolProtos.java) [ozone-interface-client-1.3.0-SNAPSHOT.jar:?]
	at org.apache.hadoop.ipc.ProtobufRpcEngine$Server.processCall(ProtobufRpcEngine.java:466) [hadoop-common-3.3.1.jar:?]
	at org.apache.hadoop.ipc.ProtobufRpcEngine2$Server$ProtoBufRpcInvoker.call(ProtobufRpcEngine2.java:574) [hadoop-common-3.3.1.jar:?]
	at org.apache.hadoop.ipc.ProtobufRpcEngine2$Server$ProtoBufRpcInvoker.call(ProtobufRpcEngine2.java:552) [hadoop-common-3.3.1.jar:?]
	at org.apache.hadoop.ipc.RPC$Server.call(RPC.java:1093) [hadoop-common-3.3.1.jar:?]
	at org.apache.hadoop.ipc.Server$RpcCall.run(Server.java:1035) [hadoop-common-3.3.1.jar:?]
	at org.apache.hadoop.ipc.Server$RpcCall.run(Server.java:963) [hadoop-common-3.3.1.jar:?]
	at java.security.AccessController.doPrivileged(Native Method) ~[?:1.8.0_332]
	at javax.security.auth.Subject.doAs(Subject.java:422) [?:1.8.0_332]
	at org.apache.hadoop.security.UserGroupInformation.doAs(UserGroupInformation.java:1878) [hadoop-common-3.3.1.jar:?]
	at org.apache.hadoop.ipc.Server$Handler.run(Server.java:2966) [hadoop-common-3.3.1.jar:?]
2022-08-09 13:52:09,668 [Time-limited test] INFO  rpc.RpcClient (RpcClient.java:createVolume(468)) - Creating Volume: volume-72807, with runner as owner and space quota set to -1 bytes, counts quota set to -1
2022-08-09 13:52:09,668 [IPC Server handler 14 on default port 44079] INFO  volume.OMVolumeCreateRequest (OMVolumeCreateRequest.java:validateAndUpdateCache(195)) - created volume:volume-72807 for user:runner
2022-08-09 13:52:09,670 [Time-limited test] INFO  rpc.RpcClient (RpcClient.java:createBucket(671)) - Creating Bucket: volume-72807/bucket-76196, with bucket layout LEGACY, runner as owner, Versioning false, Storage Type set to DISK and Encryption set to false 
2022-08-09 13:52:09,670 [IPC Server handler 12 on default port 44079] INFO  bucket.OMBucketCreateRequest (OMBucketCreateRequest.java:validateAndUpdateCache(260)) - created bucket: bucket-76196 of layout LEGACY in volume: volume-72807
2022-08-09 13:52:09,674 [grpc-default-executor-3] INFO  server.RaftServer$Division (RaftServerImpl.java:requestVote(1184)) - 7f1d1c94-ff0a-4bb3-a3b2-1e31becb3d9f@group-A8823B900407 replies to ELECTION vote request: c4ab506c-e5ff-4630-83c4-92e6a677ee06<-7f1d1c94-ff0a-4bb3-a3b2-1e31becb3d9f#0:OK-t3. Peer's state: 7f1d1c94-ff0a-4bb3-a3b2-1e31becb3d9f@group-A8823B900407:t3, leader=null, voted=c4ab506c-e5ff-4630-83c4-92e6a677ee06, raftlog=7f1d1c94-ff0a-4bb3-a3b2-1e31becb3d9f@group-A8823B900407-SegmentedRaftLog:OPENED:c-1, conf=-1: [7f1d1c94-ff0a-4bb3-a3b2-1e31becb3d9f|rpc:10.1.0.19:34961|dataStream:|priority:0, c4ab506c-e5ff-4630-83c4-92e6a677ee06|rpc:10.1.0.19:36685|dataStream:|priority:1, 719c7f2e-9b3f-4e79-a038-a5c87def3235|rpc:10.1.0.19:41633|dataStream:|priority:0], old=null
2022-08-09 13:52:09,675 [c4ab506c-e5ff-4630-83c4-92e6a677ee06@group-A8823B900407-LeaderElection68] INFO  impl.LeaderElection (LeaderElection.java:logAndReturn(90)) - c4ab506c-e5ff-4630-83c4-92e6a677ee06@group-A8823B900407-LeaderElection68: ELECTION PASSED received 1 response(s) and 0 exception(s):
2022-08-09 13:52:09,675 [c4ab506c-e5ff-4630-83c4-92e6a677ee06@group-A8823B900407-LeaderElection68] INFO  impl.LeaderElection (LeaderElection.java:logAndReturn(94)) -   Response 0: c4ab506c-e5ff-4630-83c4-92e6a677ee06<-7f1d1c94-ff0a-4bb3-a3b2-1e31becb3d9f#0:OK-t3
2022-08-09 13:52:09,675 [c4ab506c-e5ff-4630-83c4-92e6a677ee06@group-A8823B900407-LeaderElection68] INFO  impl.LeaderElection (LeaderElection.java:askForVotes(312)) - c4ab506c-e5ff-4630-83c4-92e6a677ee06@group-A8823B900407-LeaderElection68 ELECTION round 0: result PASSED
2022-08-09 13:52:09,675 [c4ab506c-e5ff-4630-83c4-92e6a677ee06@group-A8823B900407-LeaderElection68] INFO  impl.RoleInfo (RoleInfo.java:shutdownLeaderElection(130)) - c4ab506c-e5ff-4630-83c4-92e6a677ee06: shutdown c4ab506c-e5ff-4630-83c4-92e6a677ee06@group-A8823B900407-LeaderElection68
2022-08-09 13:52:09,675 [c4ab506c-e5ff-4630-83c4-92e6a677ee06@group-A8823B900407-LeaderElection68] INFO  server.RaftServer$Division (RaftServerImpl.java:setRole(299)) - c4ab506c-e5ff-4630-83c4-92e6a677ee06@group-A8823B900407: changes role from CANDIDATE to LEADER at term 3 for changeToLeader
2022-08-09 13:52:09,675 [c4ab506c-e5ff-4630-83c4-92e6a677ee06@group-A8823B900407-LeaderElection68] INFO  ratis.XceiverServerRatis (XceiverServerRatis.java:handleLeaderChangedNotification(863)) - Leader change notification received for group: group-A8823B900407 with new leaderId: c4ab506c-e5ff-4630-83c4-92e6a677ee06
2022-08-09 13:52:09,675 [c4ab506c-e5ff-4630-83c4-92e6a677ee06@group-A8823B900407-LeaderElection68] INFO  server.RaftServer$Division (ServerState.java:setLeader(287)) - c4ab506c-e5ff-4630-83c4-92e6a677ee06@group-A8823B900407: change Leader from null to c4ab506c-e5ff-4630-83c4-92e6a677ee06 at term 3 for becomeLeader, leader elected after 15487ms
2022-08-09 13:52:09,675 [c4ab506c-e5ff-4630-83c4-92e6a677ee06@group-A8823B900407-LeaderElection68] INFO  server.RaftServerConfigKeys (ConfUtils.java:logGet(46)) - raft.server.staging.catchup.gap = 1000 (default)
2022-08-09 13:52:09,675 [c4ab506c-e5ff-4630-83c4-92e6a677ee06@group-A8823B900407-LeaderElection68] INFO  server.RaftServerConfigKeys (ConfUtils.java:logGet(46)) - raft.server.write.element-limit = 1024 (custom)
2022-08-09 13:52:09,675 [c4ab506c-e5ff-4630-83c4-92e6a677ee06@group-A8823B900407-LeaderElection68] INFO  server.RaftServerConfigKeys (ConfUtils.java:logGet(46)) - raft.server.write.byte-limit = 1024 M (=1073741824) (custom)
2022-08-09 13:52:09,676 [c4ab506c-e5ff-4630-83c4-92e6a677ee06@group-A8823B900407-LeaderElection68] INFO  server.RaftServerConfigKeys (ConfUtils.java:logGet(46)) - raft.server.watch.timeout = 180s (custom)
2022-08-09 13:52:09,676 [c4ab506c-e5ff-4630-83c4-92e6a677ee06@group-A8823B900407-LeaderElection68] INFO  server.RaftServerConfigKeys (ConfUtils.java:logGet(46)) - raft.server.watch.timeout.denomination = 1s (default)
2022-08-09 13:52:09,676 [c4ab506c-e5ff-4630-83c4-92e6a677ee06@group-A8823B900407-LeaderElection68] INFO  server.RaftServerConfigKeys (ConfUtils.java:logGet(46)) - raft.server.watch.element-limit = 65536 (default)
2022-08-09 13:52:09,676 [c4ab506c-e5ff-4630-83c4-92e6a677ee06@group-A8823B900407-LeaderElection68] INFO  server.RaftServerConfigKeys (ConfUtils.java:logGet(46)) - raft.server.write.element-limit = 1024 (custom)
2022-08-09 13:52:09,676 [c4ab506c-e5ff-4630-83c4-92e6a677ee06@group-A8823B900407-LeaderElection68] INFO  server.RaftServerConfigKeys (ConfUtils.java:logGet(46)) - raft.server.write.follower.gap.ratio.max = -1.0 (default)
2022-08-09 13:52:09,678 [c4ab506c-e5ff-4630-83c4-92e6a677ee06@group-A8823B900407-LeaderElection68] INFO  server.RaftServerConfigKeys (ConfUtils.java:logGet(46)) - raft.server.log.appender.snapshot.chunk.size.max = 16MB (=16777216) (default)
2022-08-09 13:52:09,678 [EventQueue-PipelineReportForPipelineReportHandler] INFO  pipeline.PipelineManagerImpl (PipelineManagerImpl.java:openPipeline(367)) - Pipeline Pipeline[ Id: d728a569-6357-43ed-803f-a8823b900407, Nodes: 7f1d1c94-ff0a-4bb3-a3b2-1e31becb3d9f{ip: 10.1.0.19, host: fv-az450-466.jnfmftgkylze5hd05chtbp1i0a.dx.internal.cloudapp.net, ports: [REPLICATION=42931, RATIS=34961, RATIS_ADMIN=34961, RATIS_SERVER=34961, STANDALONE=35779], networkLocation: /default-rack, certSerialId: null, persistedOpState: IN_SERVICE, persistedOpStateExpiryEpochSec: 0}c4ab506c-e5ff-4630-83c4-92e6a677ee06{ip: 10.1.0.19, host: fv-az450-466.jnfmftgkylze5hd05chtbp1i0a.dx.internal.cloudapp.net, ports: [REPLICATION=33147, RATIS=36685, RATIS_ADMIN=36685, RATIS_SERVER=36685, STANDALONE=46865], networkLocation: /default-rack, certSerialId: null, persistedOpState: IN_SERVICE, persistedOpStateExpiryEpochSec: 0}719c7f2e-9b3f-4e79-a038-a5c87def3235{ip: 10.1.0.19, host: fv-az450-466.jnfmftgkylze5hd05chtbp1i0a.dx.internal.cloudapp.net, ports: [REPLICATION=39459, RATIS=41633, RATIS_ADMIN=41633, RATIS_SERVER=41633, STANDALONE=46881], networkLocation: /default-rack, certSerialId: null, persistedOpState: IN_SERVICE, persistedOpStateExpiryEpochSec: 0}, ReplicationConfig: RATIS/THREE, State:ALLOCATED, leaderId:c4ab506c-e5ff-4630-83c4-92e6a677ee06, CreationTimestamp2022-08-09T13:51:52.206Z[Etc/UTC]] moved to OPEN state
2022-08-09 13:52:09,678 [c4ab506c-e5ff-4630-83c4-92e6a677ee06@group-A8823B900407-LeaderElection68] INFO  server.RaftServerConfigKeys (ConfUtils.java:logGet(46)) - raft.server.log.appender.buffer.byte-limit = 33554432 (custom)
2022-08-09 13:52:09,678 [c4ab506c-e5ff-4630-83c4-92e6a677ee06@group-A8823B900407-LeaderElection68] INFO  server.RaftServerConfigKeys (ConfUtils.java:logGet(46)) - raft.server.log.appender.buffer.element-limit = 1 (custom)
2022-08-09 13:52:09,678 [c4ab506c-e5ff-4630-83c4-92e6a677ee06@group-A8823B900407-LeaderElection68] INFO  grpc.GrpcConfigKeys (ConfUtils.java:logGet(46)) - raft.grpc.server.leader.outstanding.appends.max = 128 (default)
2022-08-09 13:52:09,678 [c4ab506c-e5ff-4630-83c4-92e6a677ee06@group-A8823B900407-LeaderElection68] INFO  server.RaftServerConfigKeys (ConfUtils.java:logGet(46)) - raft.server.rpc.request.timeout = 60s (custom)
2022-08-09 13:52:09,678 [c4ab506c-e5ff-4630-83c4-92e6a677ee06@group-A8823B900407-LeaderElection68] INFO  server.RaftServerConfigKeys (ConfUtils.java:logGet(46)) - raft.server.log.appender.install.snapshot.enabled = false (custom)
2022-08-09 13:52:09,682 [c4ab506c-e5ff-4630-83c4-92e6a677ee06@group-A8823B900407-LeaderElection68] INFO  server.RaftServerConfigKeys (ConfUtils.java:logGet(46)) - raft.server.log.appender.snapshot.chunk.size.max = 16MB (=16777216) (default)
2022-08-09 13:52:09,682 [c4ab506c-e5ff-4630-83c4-92e6a677ee06@group-A8823B900407-LeaderElection68] INFO  server.RaftServerConfigKeys (ConfUtils.java:logGet(46)) - raft.server.log.appender.buffer.byte-limit = 33554432 (custom)
2022-08-09 13:52:09,682 [c4ab506c-e5ff-4630-83c4-92e6a677ee06@group-A8823B900407-LeaderElection68] INFO  server.RaftServerConfigKeys (ConfUtils.java:logGet(46)) - raft.server.log.appender.buffer.element-limit = 1 (custom)
2022-08-09 13:52:09,682 [c4ab506c-e5ff-4630-83c4-92e6a677ee06@group-A8823B900407-LeaderElection68] INFO  grpc.GrpcConfigKeys (ConfUtils.java:logGet(46)) - raft.grpc.server.leader.outstanding.appends.max = 128 (default)
2022-08-09 13:52:09,688 [c4ab506c-e5ff-4630-83c4-92e6a677ee06@group-A8823B900407-LeaderElection68] INFO  server.RaftServerConfigKeys (ConfUtils.java:logGet(46)) - raft.server.rpc.request.timeout = 60s (custom)
2022-08-09 13:52:09,689 [c4ab506c-e5ff-4630-83c4-92e6a677ee06@group-A8823B900407-LeaderElection68] INFO  server.RaftServerConfigKeys (ConfUtils.java:logGet(46)) - raft.server.log.appender.install.snapshot.enabled = false (custom)
2022-08-09 13:52:09,689 [c4ab506c-e5ff-4630-83c4-92e6a677ee06@group-A8823B900407-LeaderElection68] INFO  impl.RoleInfo (RoleInfo.java:updateAndGet(139)) - c4ab506c-e5ff-4630-83c4-92e6a677ee06: start c4ab506c-e5ff-4630-83c4-92e6a677ee06@group-A8823B900407-LeaderStateImpl
2022-08-09 13:52:09,689 [c4ab506c-e5ff-4630-83c4-92e6a677ee06@group-A8823B900407-LeaderElection68] INFO  segmented.SegmentedRaftLogWorker (SegmentedRaftLogWorker.java:startLogSegment(425)) - c4ab506c-e5ff-4630-83c4-92e6a677ee06@group-A8823B900407-SegmentedRaftLogWorker: Starting segment from index:0
2022-08-09 13:52:09,721 [719c7f2e-9b3f-4e79-a038-a5c87def3235@group-A8823B900407-FollowerState] INFO  impl.FollowerState (FollowerState.java:run(143)) - 719c7f2e-9b3f-4e79-a038-a5c87def3235@group-A8823B900407-FollowerState: change to CANDIDATE, lastRpcElapsedTime:5181851957ns, electionTimeout:5180ms
2022-08-09 13:52:09,721 [719c7f2e-9b3f-4e79-a038-a5c87def3235@group-A8823B900407-FollowerState] INFO  impl.RoleInfo (RoleInfo.java:shutdownFollowerState(110)) - 719c7f2e-9b3f-4e79-a038-a5c87def3235: shutdown 719c7f2e-9b3f-4e79-a038-a5c87def3235@group-A8823B900407-FollowerState
2022-08-09 13:52:09,721 [719c7f2e-9b3f-4e79-a038-a5c87def3235@group-A8823B900407-FollowerState] INFO  server.RaftServer$Division (RaftServerImpl.java:setRole(299)) - 719c7f2e-9b3f-4e79-a038-a5c87def3235@group-A8823B900407: changes role from  FOLLOWER to CANDIDATE at term 2 for changeToCandidate
2022-08-09 13:52:09,754 [719c7f2e-9b3f-4e79-a038-a5c87def3235@group-A8823B900407-FollowerState] INFO  server.RaftServerConfigKeys (ConfUtils.java:logGet(46)) - raft.server.leaderelection.pre-vote = false (custom)
2022-08-09 13:52:09,754 [719c7f2e-9b3f-4e79-a038-a5c87def3235@group-A8823B900407-FollowerState] INFO  impl.RoleInfo (RoleInfo.java:updateAndGet(139)) - 719c7f2e-9b3f-4e79-a038-a5c87def3235: start 719c7f2e-9b3f-4e79-a038-a5c87def3235@group-A8823B900407-LeaderElection69
2022-08-09 13:52:09,776 [c4ab506c-e5ff-4630-83c4-92e6a677ee06@group-A8823B900407-SegmentedRaftLogWorker] INFO  segmented.SegmentedRaftLogWorker (SegmentedRaftLogWorker.java:execute(629)) - c4ab506c-e5ff-4630-83c4-92e6a677ee06@group-A8823B900407-SegmentedRaftLogWorker: created new log segment /home/runner/work/ozone/ozone/hadoop-ozone/integration-test/target/test-dir/MiniOzoneClusterImpl-88f81c17-ef50-42a7-8332-c06519bf32f4/datanode-2/data/ratis/d728a569-6357-43ed-803f-a8823b900407/current/log_inprogress_0
2022-08-09 13:52:09,799 [719c7f2e-9b3f-4e79-a038-a5c87def3235@group-A8823B900407-LeaderElection69] INFO  impl.LeaderElection (LeaderElection.java:askForVotes(310)) - 719c7f2e-9b3f-4e79-a038-a5c87def3235@group-A8823B900407-LeaderElection69 ELECTION round 0: submit vote requests at term 3 for -1: [7f1d1c94-ff0a-4bb3-a3b2-1e31becb3d9f|rpc:10.1.0.19:34961|priority:0, c4ab506c-e5ff-4630-83c4-92e6a677ee06|rpc:10.1.0.19:36685|priority:1, 719c7f2e-9b3f-4e79-a038-a5c87def3235|rpc:10.1.0.19:41633|priority:0], old=null
2022-08-09 13:52:09,823 [grpc-default-executor-0] INFO  server.RaftServer$Division (RaftServerImpl.java:requestVote(1152)) - 719c7f2e-9b3f-4e79-a038-a5c87def3235@group-A8823B900407: receive requestVote(ELECTION, c4ab506c-e5ff-4630-83c4-92e6a677ee06, group-A8823B900407, 3, (t:0, i:0))
2022-08-09 13:52:09,823 [grpc-default-executor-0] INFO  impl.VoteContext (VoteContext.java:log(48)) - 719c7f2e-9b3f-4e79-a038-a5c87def3235@group-A8823B900407-CANDIDATE: reject ELECTION from c4ab506c-e5ff-4630-83c4-92e6a677ee06: already has voted for 719c7f2e-9b3f-4e79-a038-a5c87def3235 at current term 3
2022-08-09 13:52:09,823 [grpc-default-executor-0] INFO  server.RaftServer$Division (RaftServerImpl.java:requestVote(1184)) - 719c7f2e-9b3f-4e79-a038-a5c87def3235@group-A8823B900407 replies to ELECTION vote request: c4ab506c-e5ff-4630-83c4-92e6a677ee06<-719c7f2e-9b3f-4e79-a038-a5c87def3235#0:FAIL-t3. Peer's state: 719c7f2e-9b3f-4e79-a038-a5c87def3235@group-A8823B900407:t3, leader=null, voted=719c7f2e-9b3f-4e79-a038-a5c87def3235, raftlog=719c7f2e-9b3f-4e79-a038-a5c87def3235@group-A8823B900407-SegmentedRaftLog:OPENED:c-1, conf=-1: [7f1d1c94-ff0a-4bb3-a3b2-1e31becb3d9f|rpc:10.1.0.19:34961|priority:0, c4ab506c-e5ff-4630-83c4-92e6a677ee06|rpc:10.1.0.19:36685|priority:1, 719c7f2e-9b3f-4e79-a038-a5c87def3235|rpc:10.1.0.19:41633|priority:0], old=null
2022-08-09 13:52:09,830 [c4ab506c-e5ff-4630-83c4-92e6a677ee06@group-A8823B900407-LeaderElection68] INFO  server.RaftServer$Division (ServerState.java:setRaftConf(393)) - c4ab506c-e5ff-4630-83c4-92e6a677ee06@group-A8823B900407: set configuration 0: [7f1d1c94-ff0a-4bb3-a3b2-1e31becb3d9f|rpc:10.1.0.19:34961|dataStream:|priority:0, c4ab506c-e5ff-4630-83c4-92e6a677ee06|rpc:10.1.0.19:36685|dataStream:|priority:1, 719c7f2e-9b3f-4e79-a038-a5c87def3235|rpc:10.1.0.19:41633|dataStream:|priority:0], old=null
2022-08-09 13:52:09,887 [719c7f2e-9b3f-4e79-a038-a5c87def3235-server-thread1] INFO  server.RaftServer$Division (RaftServerImpl.java:setRole(299)) - 719c7f2e-9b3f-4e79-a038-a5c87def3235@group-A8823B900407: changes role from CANDIDATE to FOLLOWER at term 3 for appendEntries
2022-08-09 13:52:09,887 [719c7f2e-9b3f-4e79-a038-a5c87def3235-server-thread1] INFO  impl.RoleInfo (RoleInfo.java:shutdownLeaderElection(130)) - 719c7f2e-9b3f-4e79-a038-a5c87def3235: shutdown 719c7f2e-9b3f-4e79-a038-a5c87def3235@group-A8823B900407-LeaderElection69
2022-08-09 13:52:09,892 [7f1d1c94-ff0a-4bb3-a3b2-1e31becb3d9f-server-thread1] INFO  ratis.XceiverServerRatis (XceiverServerRatis.java:handleLeaderChangedNotification(863)) - Leader change notification received for group: group-A8823B900407 with new leaderId: c4ab506c-e5ff-4630-83c4-92e6a677ee06
2022-08-09 13:52:09,893 [7f1d1c94-ff0a-4bb3-a3b2-1e31becb3d9f-server-thread1] INFO  server.RaftServer$Division (ServerState.java:setLeader(287)) - 7f1d1c94-ff0a-4bb3-a3b2-1e31becb3d9f@group-A8823B900407: change Leader from null to c4ab506c-e5ff-4630-83c4-92e6a677ee06 at term 3 for appendEntries, leader elected after 15813ms
2022-08-09 13:52:09,893 [719c7f2e-9b3f-4e79-a038-a5c87def3235-server-thread1] INFO  impl.RoleInfo (RoleInfo.java:updateAndGet(139)) - 719c7f2e-9b3f-4e79-a038-a5c87def3235: start 719c7f2e-9b3f-4e79-a038-a5c87def3235@group-A8823B900407-FollowerState
2022-08-09 13:52:09,917 [719c7f2e-9b3f-4e79-a038-a5c87def3235-server-thread1] INFO  ratis.XceiverServerRatis (XceiverServerRatis.java:handleLeaderChangedNotification(863)) - Leader change notification received for group: group-A8823B900407 with new leaderId: c4ab506c-e5ff-4630-83c4-92e6a677ee06
2022-08-09 13:52:09,917 [719c7f2e-9b3f-4e79-a038-a5c87def3235-server-thread1] INFO  server.RaftServer$Division (ServerState.java:setLeader(287)) - 719c7f2e-9b3f-4e79-a038-a5c87def3235@group-A8823B900407: change Leader from null to c4ab506c-e5ff-4630-83c4-92e6a677ee06 at term 3 for appendEntries, leader elected after 15919ms
2022-08-09 13:52:09,931 [grpc-default-executor-0] INFO  server.RaftServer$Division (RaftServerImpl.java:requestVote(1152)) - 7f1d1c94-ff0a-4bb3-a3b2-1e31becb3d9f@group-A8823B900407: receive requestVote(ELECTION, 719c7f2e-9b3f-4e79-a038-a5c87def3235, group-A8823B900407, 3, (t:0, i:0))
2022-08-09 13:52:09,931 [grpc-default-executor-0] INFO  impl.VoteContext (VoteContext.java:log(48)) - 7f1d1c94-ff0a-4bb3-a3b2-1e31becb3d9f@group-A8823B900407-FOLLOWER: reject ELECTION from 719c7f2e-9b3f-4e79-a038-a5c87def3235: already has voted for c4ab506c-e5ff-4630-83c4-92e6a677ee06 at current term 3
2022-08-09 13:52:09,931 [grpc-default-executor-0] INFO  server.RaftServer$Division (RaftServerImpl.java:requestVote(1184)) - 7f1d1c94-ff0a-4bb3-a3b2-1e31becb3d9f@group-A8823B900407 replies to ELECTION vote request: 719c7f2e-9b3f-4e79-a038-a5c87def3235<-7f1d1c94-ff0a-4bb3-a3b2-1e31becb3d9f#0:FAIL-t3. Peer's state: 7f1d1c94-ff0a-4bb3-a3b2-1e31becb3d9f@group-A8823B900407:t3, leader=c4ab506c-e5ff-4630-83c4-92e6a677ee06, voted=c4ab506c-e5ff-4630-83c4-92e6a677ee06, raftlog=7f1d1c94-ff0a-4bb3-a3b2-1e31becb3d9f@group-A8823B900407-SegmentedRaftLog:OPENED:c-1, conf=-1: [7f1d1c94-ff0a-4bb3-a3b2-1e31becb3d9f|rpc:10.1.0.19:34961|dataStream:|priority:0, c4ab506c-e5ff-4630-83c4-92e6a677ee06|rpc:10.1.0.19:36685|dataStream:|priority:1, 719c7f2e-9b3f-4e79-a038-a5c87def3235|rpc:10.1.0.19:41633|dataStream:|priority:0], old=null
2022-08-09 13:52:09,932 [grpc-default-executor-4] INFO  server.RaftServer$Division (RaftServerImpl.java:requestVote(1152)) - c4ab506c-e5ff-4630-83c4-92e6a677ee06@group-A8823B900407: receive requestVote(ELECTION, 719c7f2e-9b3f-4e79-a038-a5c87def3235, group-A8823B900407, 3, (t:0, i:0))
2022-08-09 13:52:09,932 [grpc-default-executor-4] INFO  impl.VoteContext (VoteContext.java:log(48)) - c4ab506c-e5ff-4630-83c4-92e6a677ee06@group-A8823B900407-LEADER: reject ELECTION from 719c7f2e-9b3f-4e79-a038-a5c87def3235: already has voted for c4ab506c-e5ff-4630-83c4-92e6a677ee06 at current term 3
2022-08-09 13:52:09,932 [grpc-default-executor-4] INFO  server.RaftServer$Division (RaftServerImpl.java:requestVote(1184)) - c4ab506c-e5ff-4630-83c4-92e6a677ee06@group-A8823B900407 replies to ELECTION vote request: 719c7f2e-9b3f-4e79-a038-a5c87def3235<-c4ab506c-e5ff-4630-83c4-92e6a677ee06#0:FAIL-t3. Peer's state: c4ab506c-e5ff-4630-83c4-92e6a677ee06@group-A8823B900407:t3, leader=c4ab506c-e5ff-4630-83c4-92e6a677ee06, voted=c4ab506c-e5ff-4630-83c4-92e6a677ee06, raftlog=c4ab506c-e5ff-4630-83c4-92e6a677ee06@group-A8823B900407-SegmentedRaftLog:OPENED:c0, conf=0: [7f1d1c94-ff0a-4bb3-a3b2-1e31becb3d9f|rpc:10.1.0.19:34961|dataStream:|priority:0, c4ab506c-e5ff-4630-83c4-92e6a677ee06|rpc:10.1.0.19:36685|dataStream:|priority:1, 719c7f2e-9b3f-4e79-a038-a5c87def3235|rpc:10.1.0.19:41633|dataStream:|priority:0], old=null
2022-08-09 13:52:09,933 [719c7f2e-9b3f-4e79-a038-a5c87def3235@group-A8823B900407-LeaderElection69] INFO  impl.LeaderElection (LeaderElection.java:logAndReturn(90)) - 719c7f2e-9b3f-4e79-a038-a5c87def3235@group-A8823B900407-LeaderElection69: ELECTION REJECTED received 1 response(s) and 0 exception(s):
2022-08-09 13:52:09,933 [719c7f2e-9b3f-4e79-a038-a5c87def3235@group-A8823B900407-LeaderElection69] INFO  impl.LeaderElection (LeaderElection.java:logAndReturn(94)) -   Response 0: 719c7f2e-9b3f-4e79-a038-a5c87def3235<-7f1d1c94-ff0a-4bb3-a3b2-1e31becb3d9f#0:FAIL-t3
2022-08-09 13:52:09,933 [719c7f2e-9b3f-4e79-a038-a5c87def3235@group-A8823B900407-LeaderElection69] INFO  impl.LeaderElection (LeaderElection.java:askForVotes(312)) - 719c7f2e-9b3f-4e79-a038-a5c87def3235@group-A8823B900407-LeaderElection69 ELECTION round 0: result REJECTED
2022-08-09 13:52:09,976 [719c7f2e-9b3f-4e79-a038-a5c87def3235-server-thread1] INFO  server.RaftServer$Division (ServerState.java:setRaftConf(393)) - 719c7f2e-9b3f-4e79-a038-a5c87def3235@group-A8823B900407: set configuration 0: [7f1d1c94-ff0a-4bb3-a3b2-1e31becb3d9f|rpc:10.1.0.19:34961|dataStream:|priority:0, c4ab506c-e5ff-4630-83c4-92e6a677ee06|rpc:10.1.0.19:36685|dataStream:|priority:1, 719c7f2e-9b3f-4e79-a038-a5c87def3235|rpc:10.1.0.19:41633|dataStream:|priority:0], old=null
2022-08-09 13:52:09,976 [719c7f2e-9b3f-4e79-a038-a5c87def3235-server-thread1] INFO  segmented.SegmentedRaftLogWorker (SegmentedRaftLogWorker.java:startLogSegment(425)) - 719c7f2e-9b3f-4e79-a038-a5c87def3235@group-A8823B900407-SegmentedRaftLogWorker: Starting segment from index:0
2022-08-09 13:52:09,979 [719c7f2e-9b3f-4e79-a038-a5c87def3235@group-A8823B900407-SegmentedRaftLogWorker] INFO  segmented.SegmentedRaftLogWorker (SegmentedRaftLogWorker.java:execute(629)) - 719c7f2e-9b3f-4e79-a038-a5c87def3235@group-A8823B900407-SegmentedRaftLogWorker: created new log segment /home/runner/work/ozone/ozone/hadoop-ozone/integration-test/target/test-dir/MiniOzoneClusterImpl-88f81c17-ef50-42a7-8332-c06519bf32f4/datanode-0/data/ratis/d728a569-6357-43ed-803f-a8823b900407/current/log_inprogress_0
13:52:09.983 [IPC Server handler 18 on default port 44079] ERROR OMAudit - user=runner | ip=127.0.0.1 | op=READ_BUCKET {volume=volume-86428, bucket=bucket-22618} | ret=FAILURE
org.apache.hadoop.ozone.om.exceptions.OMException: Volume not found when getting bucket info
	at org.apache.hadoop.ozone.om.BucketManagerImpl.getBucketInfo(BucketManagerImpl.java:127) ~[ozone-manager-1.3.0-SNAPSHOT.jar:?]
	at org.apache.hadoop.ozone.om.OzoneManager.getBucketInfo(OzoneManager.java:2780) ~[ozone-manager-1.3.0-SNAPSHOT.jar:?]
	at org.apache.hadoop.ozone.protocolPB.OzoneManagerRequestHandler.infoBucket(OzoneManagerRequestHandler.java:475) ~[ozone-manager-1.3.0-SNAPSHOT.jar:?]
	at org.apache.hadoop.ozone.protocolPB.OzoneManagerRequestHandler.handleReadRequest(OzoneManagerRequestHandler.java:178) ~[ozone-manager-1.3.0-SNAPSHOT.jar:?]
	at org.apache.hadoop.ozone.protocolPB.OzoneManagerProtocolServerSideTranslatorPB.submitRequestDirectlyToOM(OzoneManagerProtocolServerSideTranslatorPB.java:276) ~[ozone-manager-1.3.0-SNAPSHOT.jar:?]
	at org.apache.hadoop.ozone.protocolPB.OzoneManagerProtocolServerSideTranslatorPB.processRequest(OzoneManagerProtocolServerSideTranslatorPB.java:205) ~[ozone-manager-1.3.0-SNAPSHOT.jar:?]
	at org.apache.hadoop.hdds.server.OzoneProtocolMessageDispatcher.processRequest(OzoneProtocolMessageDispatcher.java:87) [hdds-server-framework-1.3.0-SNAPSHOT.jar:?]
	at org.apache.hadoop.ozone.protocolPB.OzoneManagerProtocolServerSideTranslatorPB.submitRequest(OzoneManagerProtocolServerSideTranslatorPB.java:147) [ozone-manager-1.3.0-SNAPSHOT.jar:?]
	at org.apache.hadoop.ozone.protocol.proto.OzoneManagerProtocolProtos$OzoneManagerService$2.callBlockingMethod(OzoneManagerProtocolProtos.java) [ozone-interface-client-1.3.0-SNAPSHOT.jar:?]
	at org.apache.hadoop.ipc.ProtobufRpcEngine$Server.processCall(ProtobufRpcEngine.java:466) [hadoop-common-3.3.1.jar:?]
	at org.apache.hadoop.ipc.ProtobufRpcEngine2$Server$ProtoBufRpcInvoker.call(ProtobufRpcEngine2.java:574) [hadoop-common-3.3.1.jar:?]
	at org.apache.hadoop.ipc.ProtobufRpcEngine2$Server$ProtoBufRpcInvoker.call(ProtobufRpcEngine2.java:552) [hadoop-common-3.3.1.jar:?]
	at org.apache.hadoop.ipc.RPC$Server.call(RPC.java:1093) [hadoop-common-3.3.1.jar:?]
	at org.apache.hadoop.ipc.Server$RpcCall.run(Server.java:1035) [hadoop-common-3.3.1.jar:?]
	at org.apache.hadoop.ipc.Server$RpcCall.run(Server.java:963) [hadoop-common-3.3.1.jar:?]
	at java.security.AccessController.doPrivileged(Native Method) ~[?:1.8.0_332]
	at javax.security.auth.Subject.doAs(Subject.java:422) [?:1.8.0_332]
	at org.apache.hadoop.security.UserGroupInformation.doAs(UserGroupInformation.java:1878) [hadoop-common-3.3.1.jar:?]
	at org.apache.hadoop.ipc.Server$Handler.run(Server.java:2966) [hadoop-common-3.3.1.jar:?]
2022-08-09 13:52:09,984 [Time-limited test] INFO  rpc.RpcClient (RpcClient.java:createVolume(468)) - Creating Volume: volume-86428, with runner as owner and space quota set to -1 bytes, counts quota set to -1
2022-08-09 13:52:09,984 [IPC Server handler 19 on default port 44079] INFO  volume.OMVolumeCreateRequest (OMVolumeCreateRequest.java:validateAndUpdateCache(195)) - created volume:volume-86428 for user:runner
2022-08-09 13:52:09,985 [Time-limited test] INFO  rpc.RpcClient (RpcClient.java:createBucket(671)) - Creating Bucket: volume-86428/bucket-22618, with bucket layout LEGACY, runner as owner, Versioning false, Storage Type set to DISK and Encryption set to false 
2022-08-09 13:52:09,987 [IPC Server handler 7 on default port 44079] INFO  bucket.OMBucketCreateRequest (OMBucketCreateRequest.java:validateAndUpdateCache(260)) - created bucket: bucket-22618 of layout LEGACY in volume: volume-86428
2022-08-09 13:52:09,995 [7f1d1c94-ff0a-4bb3-a3b2-1e31becb3d9f-server-thread1] INFO  server.RaftServer$Division (ServerState.java:setRaftConf(393)) - 7f1d1c94-ff0a-4bb3-a3b2-1e31becb3d9f@group-A8823B900407: set configuration 0: [7f1d1c94-ff0a-4bb3-a3b2-1e31becb3d9f|rpc:10.1.0.19:34961|dataStream:|priority:0, c4ab506c-e5ff-4630-83c4-92e6a677ee06|rpc:10.1.0.19:36685|dataStream:|priority:1, 719c7f2e-9b3f-4e79-a038-a5c87def3235|rpc:10.1.0.19:41633|dataStream:|priority:0], old=null
2022-08-09 13:52:09,996 [7f1d1c94-ff0a-4bb3-a3b2-1e31becb3d9f-server-thread1] INFO  segmented.SegmentedRaftLogWorker (SegmentedRaftLogWorker.java:startLogSegment(425)) - 7f1d1c94-ff0a-4bb3-a3b2-1e31becb3d9f@group-A8823B900407-SegmentedRaftLogWorker: Starting segment from index:0
2022-08-09 13:52:09,998 [7f1d1c94-ff0a-4bb3-a3b2-1e31becb3d9f@group-A8823B900407-SegmentedRaftLogWorker] INFO  segmented.SegmentedRaftLogWorker (SegmentedRaftLogWorker.java:execute(629)) - 7f1d1c94-ff0a-4bb3-a3b2-1e31becb3d9f@group-A8823B900407-SegmentedRaftLogWorker: created new log segment /home/runner/work/ozone/ozone/hadoop-ozone/integration-test/target/test-dir/MiniOzoneClusterImpl-88f81c17-ef50-42a7-8332-c06519bf32f4/datanode-1/data/ratis/d728a569-6357-43ed-803f-a8823b900407/current/log_inprogress_0
13:52:10.134 [IPC Server handler 6 on default port 44079] ERROR OMAudit - user=runner | ip=127.0.0.1 | op=READ_BUCKET {volume=volume-40174, bucket=bucket-33443} | ret=FAILURE
org.apache.hadoop.ozone.om.exceptions.OMException: Volume not found when getting bucket info
	at org.apache.hadoop.ozone.om.BucketManagerImpl.getBucketInfo(BucketManagerImpl.java:127) ~[ozone-manager-1.3.0-SNAPSHOT.jar:?]
	at org.apache.hadoop.ozone.om.OzoneManager.getBucketInfo(OzoneManager.java:2780) ~[ozone-manager-1.3.0-SNAPSHOT.jar:?]
	at org.apache.hadoop.ozone.protocolPB.OzoneManagerRequestHandler.infoBucket(OzoneManagerRequestHandler.java:475) ~[ozone-manager-1.3.0-SNAPSHOT.jar:?]
	at org.apache.hadoop.ozone.protocolPB.OzoneManagerRequestHandler.handleReadRequest(OzoneManagerRequestHandler.java:178) ~[ozone-manager-1.3.0-SNAPSHOT.jar:?]
	at org.apache.hadoop.ozone.protocolPB.OzoneManagerProtocolServerSideTranslatorPB.submitRequestDirectlyToOM(OzoneManagerProtocolServerSideTranslatorPB.java:276) ~[ozone-manager-1.3.0-SNAPSHOT.jar:?]
	at org.apache.hadoop.ozone.protocolPB.OzoneManagerProtocolServerSideTranslatorPB.processRequest(OzoneManagerProtocolServerSideTranslatorPB.java:205) ~[ozone-manager-1.3.0-SNAPSHOT.jar:?]
	at org.apache.hadoop.hdds.server.OzoneProtocolMessageDispatcher.processRequest(OzoneProtocolMessageDispatcher.java:87) [hdds-server-framework-1.3.0-SNAPSHOT.jar:?]
	at org.apache.hadoop.ozone.protocolPB.OzoneManagerProtocolServerSideTranslatorPB.submitRequest(OzoneManagerProtocolServerSideTranslatorPB.java:147) [ozone-manager-1.3.0-SNAPSHOT.jar:?]
	at org.apache.hadoop.ozone.protocol.proto.OzoneManagerProtocolProtos$OzoneManagerService$2.callBlockingMethod(OzoneManagerProtocolProtos.java) [ozone-interface-client-1.3.0-SNAPSHOT.jar:?]
	at org.apache.hadoop.ipc.ProtobufRpcEngine$Server.processCall(ProtobufRpcEngine.java:466) [hadoop-common-3.3.1.jar:?]
	at org.apache.hadoop.ipc.ProtobufRpcEngine2$Server$ProtoBufRpcInvoker.call(ProtobufRpcEngine2.java:574) [hadoop-common-3.3.1.jar:?]
	at org.apache.hadoop.ipc.ProtobufRpcEngine2$Server$ProtoBufRpcInvoker.call(ProtobufRpcEngine2.java:552) [hadoop-common-3.3.1.jar:?]
	at org.apache.hadoop.ipc.RPC$Server.call(RPC.java:1093) [hadoop-common-3.3.1.jar:?]
	at org.apache.hadoop.ipc.Server$RpcCall.run(Server.java:1035) [hadoop-common-3.3.1.jar:?]
	at org.apache.hadoop.ipc.Server$RpcCall.run(Server.java:963) [hadoop-common-3.3.1.jar:?]
	at java.security.AccessController.doPrivileged(Native Method) ~[?:1.8.0_332]
	at javax.security.auth.Subject.doAs(Subject.java:422) [?:1.8.0_332]
	at org.apache.hadoop.security.UserGroupInformation.doAs(UserGroupInformation.java:1878) [hadoop-common-3.3.1.jar:?]
	at org.apache.hadoop.ipc.Server$Handler.run(Server.java:2966) [hadoop-common-3.3.1.jar:?]
2022-08-09 13:52:10,137 [Time-limited test] INFO  rpc.RpcClient (RpcClient.java:createVolume(468)) - Creating Volume: volume-40174, with runner as owner and space quota set to -1 bytes, counts quota set to -1
2022-08-09 13:52:10,137 [IPC Server handler 5 on default port 44079] INFO  volume.OMVolumeCreateRequest (OMVolumeCreateRequest.java:validateAndUpdateCache(195)) - created volume:volume-40174 for user:runner
2022-08-09 13:52:10,141 [Time-limited test] INFO  rpc.RpcClient (RpcClient.java:createBucket(671)) - Creating Bucket: volume-40174/bucket-33443, with bucket layout LEGACY, runner as owner, Versioning false, Storage Type set to DISK and Encryption set to false 
2022-08-09 13:52:10,142 [IPC Server handler 2 on default port 44079] INFO  bucket.OMBucketCreateRequest (OMBucketCreateRequest.java:validateAndUpdateCache(260)) - created bucket: bucket-33443 of layout LEGACY in volume: volume-40174
13:52:10.564 [IPC Server handler 16 on default port 44079] ERROR OMAudit - user=runner | ip=127.0.0.1 | op=READ_BUCKET {volume=volume-54244, bucket=bucket-62617} | ret=FAILURE
org.apache.hadoop.ozone.om.exceptions.OMException: Volume not found when getting bucket info
	at org.apache.hadoop.ozone.om.BucketManagerImpl.getBucketInfo(BucketManagerImpl.java:127) ~[ozone-manager-1.3.0-SNAPSHOT.jar:?]
	at org.apache.hadoop.ozone.om.OzoneManager.getBucketInfo(OzoneManager.java:2780) ~[ozone-manager-1.3.0-SNAPSHOT.jar:?]
	at org.apache.hadoop.ozone.protocolPB.OzoneManagerRequestHandler.infoBucket(OzoneManagerRequestHandler.java:475) ~[ozone-manager-1.3.0-SNAPSHOT.jar:?]
	at org.apache.hadoop.ozone.protocolPB.OzoneManagerRequestHandler.handleReadRequest(OzoneManagerRequestHandler.java:178) ~[ozone-manager-1.3.0-SNAPSHOT.jar:?]
	at org.apache.hadoop.ozone.protocolPB.OzoneManagerProtocolServerSideTranslatorPB.submitRequestDirectlyToOM(OzoneManagerProtocolServerSideTranslatorPB.java:276) ~[ozone-manager-1.3.0-SNAPSHOT.jar:?]
	at org.apache.hadoop.ozone.protocolPB.OzoneManagerProtocolServerSideTranslatorPB.processRequest(OzoneManagerProtocolServerSideTranslatorPB.java:205) ~[ozone-manager-1.3.0-SNAPSHOT.jar:?]
	at org.apache.hadoop.hdds.server.OzoneProtocolMessageDispatcher.processRequest(OzoneProtocolMessageDispatcher.java:87) [hdds-server-framework-1.3.0-SNAPSHOT.jar:?]
	at org.apache.hadoop.ozone.protocolPB.OzoneManagerProtocolServerSideTranslatorPB.submitRequest(OzoneManagerProtocolServerSideTranslatorPB.java:147) [ozone-manager-1.3.0-SNAPSHOT.jar:?]
	at org.apache.hadoop.ozone.protocol.proto.OzoneManagerProtocolProtos$OzoneManagerService$2.callBlockingMethod(OzoneManagerProtocolProtos.java) [ozone-interface-client-1.3.0-SNAPSHOT.jar:?]
	at org.apache.hadoop.ipc.ProtobufRpcEngine$Server.processCall(ProtobufRpcEngine.java:466) [hadoop-common-3.3.1.jar:?]
	at org.apache.hadoop.ipc.ProtobufRpcEngine2$Server$ProtoBufRpcInvoker.call(ProtobufRpcEngine2.java:574) [hadoop-common-3.3.1.jar:?]
	at org.apache.hadoop.ipc.ProtobufRpcEngine2$Server$ProtoBufRpcInvoker.call(ProtobufRpcEngine2.java:552) [hadoop-common-3.3.1.jar:?]
	at org.apache.hadoop.ipc.RPC$Server.call(RPC.java:1093) [hadoop-common-3.3.1.jar:?]
	at org.apache.hadoop.ipc.Server$RpcCall.run(Server.java:1035) [hadoop-common-3.3.1.jar:?]
	at org.apache.hadoop.ipc.Server$RpcCall.run(Server.java:963) [hadoop-common-3.3.1.jar:?]
	at java.security.AccessController.doPrivileged(Native Method) ~[?:1.8.0_332]
	at javax.security.auth.Subject.doAs(Subject.java:422) [?:1.8.0_332]
	at org.apache.hadoop.security.UserGroupInformation.doAs(UserGroupInformation.java:1878) [hadoop-common-3.3.1.jar:?]
	at org.apache.hadoop.ipc.Server$Handler.run(Server.java:2966) [hadoop-common-3.3.1.jar:?]
2022-08-09 13:52:10,593 [Time-limited test] INFO  rpc.RpcClient (RpcClient.java:createVolume(468)) - Creating Volume: volume-54244, with runner as owner and space quota set to -1 bytes, counts quota set to -1
2022-08-09 13:52:10,594 [IPC Server handler 12 on default port 44079] INFO  volume.OMVolumeCreateRequest (OMVolumeCreateRequest.java:validateAndUpdateCache(195)) - created volume:volume-54244 for user:runner
2022-08-09 13:52:10,595 [Time-limited test] INFO  rpc.RpcClient (RpcClient.java:createBucket(671)) - Creating Bucket: volume-54244/bucket-62617, with bucket layout LEGACY, runner as owner, Versioning false, Storage Type set to DISK and Encryption set to false 
2022-08-09 13:52:10,595 [IPC Server handler 17 on default port 44079] INFO  bucket.OMBucketCreateRequest (OMBucketCreateRequest.java:validateAndUpdateCache(260)) - created bucket: bucket-62617 of layout LEGACY in volume: volume-54244
13:52:11.093 [IPC Server handler 0 on default port 44079] ERROR OMAudit - user=runner | ip=127.0.0.1 | op=READ_BUCKET {volume=volume-68745, bucket=bucket-21861} | ret=FAILURE
org.apache.hadoop.ozone.om.exceptions.OMException: Volume not found when getting bucket info
	at org.apache.hadoop.ozone.om.BucketManagerImpl.getBucketInfo(BucketManagerImpl.java:127) ~[ozone-manager-1.3.0-SNAPSHOT.jar:?]
	at org.apache.hadoop.ozone.om.OzoneManager.getBucketInfo(OzoneManager.java:2780) ~[ozone-manager-1.3.0-SNAPSHOT.jar:?]
	at org.apache.hadoop.ozone.protocolPB.OzoneManagerRequestHandler.infoBucket(OzoneManagerRequestHandler.java:475) ~[ozone-manager-1.3.0-SNAPSHOT.jar:?]
	at org.apache.hadoop.ozone.protocolPB.OzoneManagerRequestHandler.handleReadRequest(OzoneManagerRequestHandler.java:178) ~[ozone-manager-1.3.0-SNAPSHOT.jar:?]
	at org.apache.hadoop.ozone.protocolPB.OzoneManagerProtocolServerSideTranslatorPB.submitRequestDirectlyToOM(OzoneManagerProtocolServerSideTranslatorPB.java:276) ~[ozone-manager-1.3.0-SNAPSHOT.jar:?]
	at org.apache.hadoop.ozone.protocolPB.OzoneManagerProtocolServerSideTranslatorPB.processRequest(OzoneManagerProtocolServerSideTranslatorPB.java:205) ~[ozone-manager-1.3.0-SNAPSHOT.jar:?]
	at org.apache.hadoop.hdds.server.OzoneProtocolMessageDispatcher.processRequest(OzoneProtocolMessageDispatcher.java:87) [hdds-server-framework-1.3.0-SNAPSHOT.jar:?]
	at org.apache.hadoop.ozone.protocolPB.OzoneManagerProtocolServerSideTranslatorPB.submitRequest(OzoneManagerProtocolServerSideTranslatorPB.java:147) [ozone-manager-1.3.0-SNAPSHOT.jar:?]
	at org.apache.hadoop.ozone.protocol.proto.OzoneManagerProtocolProtos$OzoneManagerService$2.callBlockingMethod(OzoneManagerProtocolProtos.java) [ozone-interface-client-1.3.0-SNAPSHOT.jar:?]
	at org.apache.hadoop.ipc.ProtobufRpcEngine$Server.processCall(ProtobufRpcEngine.java:466) [hadoop-common-3.3.1.jar:?]
	at org.apache.hadoop.ipc.ProtobufRpcEngine2$Server$ProtoBufRpcInvoker.call(ProtobufRpcEngine2.java:574) [hadoop-common-3.3.1.jar:?]
	at org.apache.hadoop.ipc.ProtobufRpcEngine2$Server$ProtoBufRpcInvoker.call(ProtobufRpcEngine2.java:552) [hadoop-common-3.3.1.jar:?]
	at org.apache.hadoop.ipc.RPC$Server.call(RPC.java:1093) [hadoop-common-3.3.1.jar:?]
	at org.apache.hadoop.ipc.Server$RpcCall.run(Server.java:1035) [hadoop-common-3.3.1.jar:?]
	at org.apache.hadoop.ipc.Server$RpcCall.run(Server.java:963) [hadoop-common-3.3.1.jar:?]
	at java.security.AccessController.doPrivileged(Native Method) ~[?:1.8.0_332]
	at javax.security.auth.Subject.doAs(Subject.java:422) [?:1.8.0_332]
	at org.apache.hadoop.security.UserGroupInformation.doAs(UserGroupInformation.java:1878) [hadoop-common-3.3.1.jar:?]
	at org.apache.hadoop.ipc.Server$Handler.run(Server.java:2966) [hadoop-common-3.3.1.jar:?]
2022-08-09 13:52:11,094 [Time-limited test] INFO  rpc.RpcClient (RpcClient.java:createVolume(468)) - Creating Volume: volume-68745, with runner as owner and space quota set to -1 bytes, counts quota set to -1
2022-08-09 13:52:11,095 [IPC Server handler 7 on default port 44079] INFO  volume.OMVolumeCreateRequest (OMVolumeCreateRequest.java:validateAndUpdateCache(195)) - created volume:volume-68745 for user:runner
2022-08-09 13:52:11,097 [Time-limited test] INFO  rpc.RpcClient (RpcClient.java:createBucket(671)) - Creating Bucket: volume-68745/bucket-21861, with bucket layout LEGACY, runner as owner, Versioning false, Storage Type set to DISK and Encryption set to false 
2022-08-09 13:52:11,101 [IPC Server handler 1 on default port 44079] INFO  bucket.OMBucketCreateRequest (OMBucketCreateRequest.java:validateAndUpdateCache(260)) - created bucket: bucket-21861 of layout LEGACY in volume: volume-68745
2022-08-09 13:52:11,247 [Finalizer] WARN  managed.ManagedRocksObjectUtils (ManagedRocksObjectUtils.java:assertClosed(39)) - ManagedDBOptions is not closed properly
2022-08-09 13:52:11,247 [Finalizer] WARN  managed.ManagedRocksObjectUtils (ManagedRocksObjectUtils.java:assertClosed(39)) - ManagedColumnFamilyOptions is not closed properly
2022-08-09 13:52:11,247 [Finalizer] WARN  managed.ManagedRocksObjectUtils (ManagedRocksObjectUtils.java:assertClosed(39)) - ManagedLRUCache is not closed properly
2022-08-09 13:52:11,247 [Finalizer] WARN  managed.ManagedRocksObjectUtils (ManagedRocksObjectUtils.java:assertClosed(39)) - ManagedBloomFilter is not closed properly
2022-08-09 13:52:11,247 [Finalizer] WARN  managed.ManagedRocksObjectUtils (ManagedRocksObjectUtils.java:assertClosed(39)) - ManagedDBOptions is not closed properly
2022-08-09 13:52:11,247 [Finalizer] WARN  managed.ManagedRocksObjectUtils (ManagedRocksObjectUtils.java:assertClosed(39)) - ManagedColumnFamilyOptions is not closed properly
2022-08-09 13:52:11,248 [Finalizer] WARN  managed.ManagedRocksObjectUtils (ManagedRocksObjectUtils.java:assertClosed(39)) - ManagedLRUCache is not closed properly
2022-08-09 13:52:11,248 [Finalizer] WARN  managed.ManagedRocksObjectUtils (ManagedRocksObjectUtils.java:assertClosed(39)) - ManagedBloomFilter is not closed properly
2022-08-09 13:52:11,248 [Finalizer] WARN  managed.ManagedRocksObjectUtils (ManagedRocksObjectUtils.java:assertClosed(39)) - ManagedDBOptions is not closed properly
2022-08-09 13:52:11,248 [Finalizer] WARN  managed.ManagedRocksObjectUtils (ManagedRocksObjectUtils.java:assertClosed(39)) - ManagedColumnFamilyOptions is not closed properly
2022-08-09 13:52:11,248 [Finalizer] WARN  managed.ManagedRocksObjectUtils (ManagedRocksObjectUtils.java:assertClosed(39)) - ManagedLRUCache is not closed properly
2022-08-09 13:52:11,248 [Finalizer] WARN  managed.ManagedRocksObjectUtils (ManagedRocksObjectUtils.java:assertClosed(39)) - ManagedBloomFilter is not closed properly
2022-08-09 13:52:11,248 [Finalizer] WARN  managed.ManagedRocksObjectUtils (ManagedRocksObjectUtils.java:assertClosed(39)) - ManagedDBOptions is not closed properly
2022-08-09 13:52:11,248 [Finalizer] WARN  managed.ManagedRocksObjectUtils (ManagedRocksObjectUtils.java:assertClosed(39)) - ManagedColumnFamilyOptions is not closed properly
2022-08-09 13:52:11,248 [Finalizer] WARN  managed.ManagedRocksObjectUtils (ManagedRocksObjectUtils.java:assertClosed(39)) - ManagedLRUCache is not closed properly
2022-08-09 13:52:11,248 [Finalizer] WARN  managed.ManagedRocksObjectUtils (ManagedRocksObjectUtils.java:assertClosed(39)) - ManagedBloomFilter is not closed properly
2022-08-09 13:52:11,248 [Finalizer] WARN  managed.ManagedRocksObjectUtils (ManagedRocksObjectUtils.java:assertClosed(39)) - ManagedDBOptions is not closed properly
2022-08-09 13:52:11,248 [Finalizer] WARN  managed.ManagedRocksObjectUtils (ManagedRocksObjectUtils.java:assertClosed(39)) - ManagedColumnFamilyOptions is not closed properly
2022-08-09 13:52:11,248 [Finalizer] WARN  managed.ManagedRocksObjectUtils (ManagedRocksObjectUtils.java:assertClosed(39)) - ManagedLRUCache is not closed properly
2022-08-09 13:52:11,248 [Finalizer] WARN  managed.ManagedRocksObjectUtils (ManagedRocksObjectUtils.java:assertClosed(39)) - ManagedBloomFilter is not closed properly
2022-08-09 13:52:11,248 [Finalizer] WARN  managed.ManagedRocksObjectUtils (ManagedRocksObjectUtils.java:assertClosed(39)) - ManagedDBOptions is not closed properly
2022-08-09 13:52:11,248 [Finalizer] WARN  managed.ManagedRocksObjectUtils (ManagedRocksObjectUtils.java:assertClosed(39)) - ManagedColumnFamilyOptions is not closed properly
2022-08-09 13:52:11,248 [Finalizer] WARN  managed.ManagedRocksObjectUtils (ManagedRocksObjectUtils.java:assertClosed(39)) - ManagedLRUCache is not closed properly
2022-08-09 13:52:11,248 [Finalizer] WARN  managed.ManagedRocksObjectUtils (ManagedRocksObjectUtils.java:assertClosed(39)) - ManagedBloomFilter is not closed properly
]]></system-out>
  </testcase>
  <testcase name="testDeleteVolumeBucketAndKey" classname="TestRootedOzoneFileSystem" time="0.167">
    <system-out><![CDATA[2022-08-09 13:47:16,997 [Time-limited test] INFO  rpc.RpcClient (RpcClient.java:createVolume(468)) - Creating Volume: volume47187, with user54591 as owner and space quota set to -1 bytes, counts quota set to -1
2022-08-09 13:47:17,003 [OM StateMachine ApplyTransaction Thread - 0] INFO  volume.OMVolumeCreateRequest (OMVolumeCreateRequest.java:validateAndUpdateCache(195)) - created volume:volume47187 for user:user54591
2022-08-09 13:47:17,006 [Time-limited test] INFO  rpc.RpcClient (RpcClient.java:createBucket(671)) - Creating Bucket: volume47187/bucket62623, with bucket layout LEGACY, runner as owner, Versioning false, Storage Type set to DISK and Encryption set to false 
2022-08-09 13:47:17,008 [OM StateMachine ApplyTransaction Thread - 0] INFO  bucket.OMBucketCreateRequest (OMBucketCreateRequest.java:validateAndUpdateCache(260)) - created bucket: bucket62623 of layout LEGACY in volume: volume47187
2022-08-09 13:47:17,011 [Time-limited test] INFO  rpc.RpcClient (RpcClient.java:createVolume(468)) - Creating Volume: volume-22589, with runner as owner and space quota set to -1 bytes, counts quota set to -1
2022-08-09 13:47:17,015 [OM StateMachine ApplyTransaction Thread - 0] INFO  volume.OMVolumeCreateRequest (OMVolumeCreateRequest.java:validateAndUpdateCache(195)) - created volume:volume-22589 for user:runner
2022-08-09 13:47:17,019 [Time-limited test] INFO  rpc.RpcClient (RpcClient.java:createBucket(671)) - Creating Bucket: volume-22589/bucket3, with bucket layout LEGACY, runner as owner, Versioning false, Storage Type set to DISK and Encryption set to false 
2022-08-09 13:47:17,024 [OM StateMachine ApplyTransaction Thread - 0] INFO  bucket.OMBucketCreateRequest (OMBucketCreateRequest.java:validateAndUpdateCache(260)) - created bucket: bucket3 of layout LEGACY in volume: volume-22589
13:47:17.037 [OM StateMachine ApplyTransaction Thread - 0] ERROR OMAudit - user=runner | ip=127.0.0.1 | op=DELETE_VOLUME {volume=volume-22589} | ret=FAILURE
org.apache.hadoop.ozone.om.exceptions.OMException: null
	at org.apache.hadoop.ozone.om.request.volume.OMVolumeDeleteRequest.validateAndUpdateCache(OMVolumeDeleteRequest.java:122) ~[ozone-manager-1.3.0-SNAPSHOT.jar:?]
	at org.apache.hadoop.ozone.protocolPB.OzoneManagerRequestHandler.handleWriteRequest(OzoneManagerRequestHandler.java:304) ~[ozone-manager-1.3.0-SNAPSHOT.jar:?]
	at org.apache.hadoop.ozone.om.ratis.OzoneManagerStateMachine.runCommand(OzoneManagerStateMachine.java:529) ~[ozone-manager-1.3.0-SNAPSHOT.jar:?]
	at org.apache.hadoop.ozone.om.ratis.OzoneManagerStateMachine.lambda$1(OzoneManagerStateMachine.java:324) ~[ozone-manager-1.3.0-SNAPSHOT.jar:?]
	at java.util.concurrent.CompletableFuture$AsyncSupply.run(CompletableFuture.java:1604) [?:1.8.0_332]
	at java.util.concurrent.ThreadPoolExecutor.runWorker(ThreadPoolExecutor.java:1149) [?:1.8.0_332]
	at java.util.concurrent.ThreadPoolExecutor$Worker.run(ThreadPoolExecutor.java:624) [?:1.8.0_332]
	at java.lang.Thread.run(Thread.java:750) [?:1.8.0_332]
2022-08-09 13:47:17,037 [OM StateMachine ApplyTransaction Thread - 0] ERROR volume.OMVolumeDeleteRequest (OMVolumeDeleteRequest.java:validateAndUpdateCache(170)) - Volume deletion failed for user:runner volume:volume-22589
VOLUME_NOT_EMPTY org.apache.hadoop.ozone.om.exceptions.OMException
	at org.apache.hadoop.ozone.om.request.volume.OMVolumeDeleteRequest.validateAndUpdateCache(OMVolumeDeleteRequest.java:122)
	at org.apache.hadoop.ozone.protocolPB.OzoneManagerRequestHandler.handleWriteRequest(OzoneManagerRequestHandler.java:304)
	at org.apache.hadoop.ozone.om.ratis.OzoneManagerStateMachine.runCommand(OzoneManagerStateMachine.java:529)
	at org.apache.hadoop.ozone.om.ratis.OzoneManagerStateMachine.lambda$1(OzoneManagerStateMachine.java:324)
	at java.util.concurrent.CompletableFuture$AsyncSupply.run(CompletableFuture.java:1604)
	at java.util.concurrent.ThreadPoolExecutor.runWorker(ThreadPoolExecutor.java:1149)
	at java.util.concurrent.ThreadPoolExecutor$Worker.run(ThreadPoolExecutor.java:624)
	at java.lang.Thread.run(Thread.java:750)
2022-08-09 13:47:17,089 [Time-limited test] INFO  rpc.RpcClient (RpcClient.java:createVolume(468)) - Creating Volume: volume-22589, with runner as owner and space quota set to -1 bytes, counts quota set to -1
2022-08-09 13:47:17,091 [OM StateMachine ApplyTransaction Thread - 0] INFO  volume.OMVolumeCreateRequest (OMVolumeCreateRequest.java:validateAndUpdateCache(195)) - created volume:volume-22589 for user:runner
2022-08-09 13:47:17,092 [Time-limited test] INFO  rpc.RpcClient (RpcClient.java:createBucket(671)) - Creating Bucket: volume-22589/bucket3, with bucket layout LEGACY, runner as owner, Versioning false, Storage Type set to DISK and Encryption set to false 
2022-08-09 13:47:17,094 [OM StateMachine ApplyTransaction Thread - 0] INFO  bucket.OMBucketCreateRequest (OMBucketCreateRequest.java:validateAndUpdateCache(260)) - created bucket: bucket3 of layout LEGACY in volume: volume-22589
]]></system-out>
  </testcase>
  <testcase name="testDeleteVolumeBucketAndKey" classname="TestRootedOzoneFileSystem" time="0.172">
    <system-out><![CDATA[2022-08-09 13:48:22,158 [Time-limited test] INFO  rpc.RpcClient (RpcClient.java:createVolume(468)) - Creating Volume: volume06030, with user21738 as owner and space quota set to -1 bytes, counts quota set to -1
2022-08-09 13:48:22,162 [OM StateMachine ApplyTransaction Thread - 0] INFO  volume.OMVolumeCreateRequest (OMVolumeCreateRequest.java:validateAndUpdateCache(195)) - created volume:volume06030 for user:user21738
2022-08-09 13:48:22,163 [Time-limited test] INFO  rpc.RpcClient (RpcClient.java:createBucket(671)) - Creating Bucket: volume06030/bucket46273, with bucket layout LEGACY, runner as owner, Versioning false, Storage Type set to DISK and Encryption set to false 
2022-08-09 13:48:22,165 [OM StateMachine ApplyTransaction Thread - 0] INFO  bucket.OMBucketCreateRequest (OMBucketCreateRequest.java:validateAndUpdateCache(260)) - created bucket: bucket46273 of layout LEGACY in volume: volume06030
13:48:22.166 [IPC Server handler 9 on default port 34619] ERROR OMAudit - user=runner | ip=127.0.0.1 | op=READ_BUCKET {volume=volume-81362, bucket=bucket3} | ret=FAILURE
org.apache.hadoop.ozone.om.exceptions.OMException: Volume not found when getting bucket info
	at org.apache.hadoop.ozone.om.BucketManagerImpl.getBucketInfo(BucketManagerImpl.java:127) ~[ozone-manager-1.3.0-SNAPSHOT.jar:?]
	at org.apache.hadoop.ozone.om.OzoneManager.getBucketInfo(OzoneManager.java:2780) ~[ozone-manager-1.3.0-SNAPSHOT.jar:?]
	at org.apache.hadoop.ozone.protocolPB.OzoneManagerRequestHandler.infoBucket(OzoneManagerRequestHandler.java:475) ~[ozone-manager-1.3.0-SNAPSHOT.jar:?]
	at org.apache.hadoop.ozone.protocolPB.OzoneManagerRequestHandler.handleReadRequest(OzoneManagerRequestHandler.java:178) ~[ozone-manager-1.3.0-SNAPSHOT.jar:?]
	at org.apache.hadoop.ozone.protocolPB.OzoneManagerProtocolServerSideTranslatorPB.submitReadRequestToOM(OzoneManagerProtocolServerSideTranslatorPB.java:226) ~[ozone-manager-1.3.0-SNAPSHOT.jar:?]
	at org.apache.hadoop.ozone.protocolPB.OzoneManagerProtocolServerSideTranslatorPB.processRequest(OzoneManagerProtocolServerSideTranslatorPB.java:175) ~[ozone-manager-1.3.0-SNAPSHOT.jar:?]
	at org.apache.hadoop.hdds.server.OzoneProtocolMessageDispatcher.processRequest(OzoneProtocolMessageDispatcher.java:87) [hdds-server-framework-1.3.0-SNAPSHOT.jar:?]
	at org.apache.hadoop.ozone.protocolPB.OzoneManagerProtocolServerSideTranslatorPB.submitRequest(OzoneManagerProtocolServerSideTranslatorPB.java:147) [ozone-manager-1.3.0-SNAPSHOT.jar:?]
	at org.apache.hadoop.ozone.protocol.proto.OzoneManagerProtocolProtos$OzoneManagerService$2.callBlockingMethod(OzoneManagerProtocolProtos.java) [ozone-interface-client-1.3.0-SNAPSHOT.jar:?]
	at org.apache.hadoop.ipc.ProtobufRpcEngine$Server.processCall(ProtobufRpcEngine.java:466) [hadoop-common-3.3.1.jar:?]
	at org.apache.hadoop.ipc.ProtobufRpcEngine2$Server$ProtoBufRpcInvoker.call(ProtobufRpcEngine2.java:574) [hadoop-common-3.3.1.jar:?]
	at org.apache.hadoop.ipc.ProtobufRpcEngine2$Server$ProtoBufRpcInvoker.call(ProtobufRpcEngine2.java:552) [hadoop-common-3.3.1.jar:?]
	at org.apache.hadoop.ipc.RPC$Server.call(RPC.java:1093) [hadoop-common-3.3.1.jar:?]
	at org.apache.hadoop.ipc.Server$RpcCall.run(Server.java:1035) [hadoop-common-3.3.1.jar:?]
	at org.apache.hadoop.ipc.Server$RpcCall.run(Server.java:963) [hadoop-common-3.3.1.jar:?]
	at java.security.AccessController.doPrivileged(Native Method) ~[?:1.8.0_332]
	at javax.security.auth.Subject.doAs(Subject.java:422) [?:1.8.0_332]
	at org.apache.hadoop.security.UserGroupInformation.doAs(UserGroupInformation.java:1878) [hadoop-common-3.3.1.jar:?]
	at org.apache.hadoop.ipc.Server$Handler.run(Server.java:2966) [hadoop-common-3.3.1.jar:?]
2022-08-09 13:48:22,167 [Time-limited test] INFO  rpc.RpcClient (RpcClient.java:createVolume(468)) - Creating Volume: volume-81362, with runner as owner and space quota set to -1 bytes, counts quota set to -1
2022-08-09 13:48:22,168 [OM StateMachine ApplyTransaction Thread - 0] INFO  volume.OMVolumeCreateRequest (OMVolumeCreateRequest.java:validateAndUpdateCache(195)) - created volume:volume-81362 for user:runner
2022-08-09 13:48:22,169 [Time-limited test] INFO  rpc.RpcClient (RpcClient.java:createBucket(671)) - Creating Bucket: volume-81362/bucket3, with bucket layout LEGACY, runner as owner, Versioning false, Storage Type set to DISK and Encryption set to false 
2022-08-09 13:48:22,171 [OM StateMachine ApplyTransaction Thread - 0] INFO  bucket.OMBucketCreateRequest (OMBucketCreateRequest.java:validateAndUpdateCache(260)) - created bucket: bucket3 of layout LEGACY in volume: volume-81362
13:48:22.178 [OM StateMachine ApplyTransaction Thread - 0] ERROR OMAudit - user=runner | ip=127.0.0.1 | op=DELETE_VOLUME {volume=volume-81362} | ret=FAILURE
org.apache.hadoop.ozone.om.exceptions.OMException: null
	at org.apache.hadoop.ozone.om.request.volume.OMVolumeDeleteRequest.validateAndUpdateCache(OMVolumeDeleteRequest.java:122) ~[ozone-manager-1.3.0-SNAPSHOT.jar:?]
	at org.apache.hadoop.ozone.protocolPB.OzoneManagerRequestHandler.handleWriteRequest(OzoneManagerRequestHandler.java:304) ~[ozone-manager-1.3.0-SNAPSHOT.jar:?]
	at org.apache.hadoop.ozone.om.ratis.OzoneManagerStateMachine.runCommand(OzoneManagerStateMachine.java:529) ~[ozone-manager-1.3.0-SNAPSHOT.jar:?]
	at org.apache.hadoop.ozone.om.ratis.OzoneManagerStateMachine.lambda$1(OzoneManagerStateMachine.java:324) ~[ozone-manager-1.3.0-SNAPSHOT.jar:?]
	at java.util.concurrent.CompletableFuture$AsyncSupply.run(CompletableFuture.java:1604) [?:1.8.0_332]
	at java.util.concurrent.ThreadPoolExecutor.runWorker(ThreadPoolExecutor.java:1149) [?:1.8.0_332]
	at java.util.concurrent.ThreadPoolExecutor$Worker.run(ThreadPoolExecutor.java:624) [?:1.8.0_332]
	at java.lang.Thread.run(Thread.java:750) [?:1.8.0_332]
2022-08-09 13:48:22,178 [OM StateMachine ApplyTransaction Thread - 0] ERROR volume.OMVolumeDeleteRequest (OMVolumeDeleteRequest.java:validateAndUpdateCache(170)) - Volume deletion failed for user:runner volume:volume-81362
VOLUME_NOT_EMPTY org.apache.hadoop.ozone.om.exceptions.OMException
	at org.apache.hadoop.ozone.om.request.volume.OMVolumeDeleteRequest.validateAndUpdateCache(OMVolumeDeleteRequest.java:122)
	at org.apache.hadoop.ozone.protocolPB.OzoneManagerRequestHandler.handleWriteRequest(OzoneManagerRequestHandler.java:304)
	at org.apache.hadoop.ozone.om.ratis.OzoneManagerStateMachine.runCommand(OzoneManagerStateMachine.java:529)
	at org.apache.hadoop.ozone.om.ratis.OzoneManagerStateMachine.lambda$1(OzoneManagerStateMachine.java:324)
	at java.util.concurrent.CompletableFuture$AsyncSupply.run(CompletableFuture.java:1604)
	at java.util.concurrent.ThreadPoolExecutor.runWorker(ThreadPoolExecutor.java:1149)
	at java.util.concurrent.ThreadPoolExecutor$Worker.run(ThreadPoolExecutor.java:624)
	at java.lang.Thread.run(Thread.java:750)
13:48:22.219 [IPC Server handler 0 on default port 34619] ERROR OMAudit - user=runner | ip=127.0.0.1 | op=READ_VOLUME {volume=volume-81362} | ret=FAILURE
org.apache.hadoop.ozone.om.exceptions.OMException: Volume volume-81362 is not found
	at org.apache.hadoop.ozone.om.VolumeManagerImpl.getVolumeInfo(VolumeManagerImpl.java:74) ~[ozone-manager-1.3.0-SNAPSHOT.jar:?]
	at org.apache.hadoop.ozone.om.OzoneManager.getVolumeInfo(OzoneManager.java:2604) ~[ozone-manager-1.3.0-SNAPSHOT.jar:?]
	at org.apache.hadoop.ozone.protocolPB.OzoneManagerRequestHandler.infoVolume(OzoneManagerRequestHandler.java:401) ~[ozone-manager-1.3.0-SNAPSHOT.jar:?]
	at org.apache.hadoop.ozone.protocolPB.OzoneManagerRequestHandler.handleReadRequest(OzoneManagerRequestHandler.java:168) ~[ozone-manager-1.3.0-SNAPSHOT.jar:?]
	at org.apache.hadoop.ozone.protocolPB.OzoneManagerProtocolServerSideTranslatorPB.submitReadRequestToOM(OzoneManagerProtocolServerSideTranslatorPB.java:226) ~[ozone-manager-1.3.0-SNAPSHOT.jar:?]
	at org.apache.hadoop.ozone.protocolPB.OzoneManagerProtocolServerSideTranslatorPB.processRequest(OzoneManagerProtocolServerSideTranslatorPB.java:175) ~[ozone-manager-1.3.0-SNAPSHOT.jar:?]
	at org.apache.hadoop.hdds.server.OzoneProtocolMessageDispatcher.processRequest(OzoneProtocolMessageDispatcher.java:87) [hdds-server-framework-1.3.0-SNAPSHOT.jar:?]
	at org.apache.hadoop.ozone.protocolPB.OzoneManagerProtocolServerSideTranslatorPB.submitRequest(OzoneManagerProtocolServerSideTranslatorPB.java:147) [ozone-manager-1.3.0-SNAPSHOT.jar:?]
	at org.apache.hadoop.ozone.protocol.proto.OzoneManagerProtocolProtos$OzoneManagerService$2.callBlockingMethod(OzoneManagerProtocolProtos.java) [ozone-interface-client-1.3.0-SNAPSHOT.jar:?]
	at org.apache.hadoop.ipc.ProtobufRpcEngine$Server.processCall(ProtobufRpcEngine.java:466) [hadoop-common-3.3.1.jar:?]
	at org.apache.hadoop.ipc.ProtobufRpcEngine2$Server$ProtoBufRpcInvoker.call(ProtobufRpcEngine2.java:574) [hadoop-common-3.3.1.jar:?]
	at org.apache.hadoop.ipc.ProtobufRpcEngine2$Server$ProtoBufRpcInvoker.call(ProtobufRpcEngine2.java:552) [hadoop-common-3.3.1.jar:?]
	at org.apache.hadoop.ipc.RPC$Server.call(RPC.java:1093) [hadoop-common-3.3.1.jar:?]
	at org.apache.hadoop.ipc.Server$RpcCall.run(Server.java:1035) [hadoop-common-3.3.1.jar:?]
	at org.apache.hadoop.ipc.Server$RpcCall.run(Server.java:963) [hadoop-common-3.3.1.jar:?]
	at java.security.AccessController.doPrivileged(Native Method) ~[?:1.8.0_332]
	at javax.security.auth.Subject.doAs(Subject.java:422) [?:1.8.0_332]
	at org.apache.hadoop.security.UserGroupInformation.doAs(UserGroupInformation.java:1878) [hadoop-common-3.3.1.jar:?]
	at org.apache.hadoop.ipc.Server$Handler.run(Server.java:2966) [hadoop-common-3.3.1.jar:?]
13:48:22.219 [IPC Server handler 18 on default port 34619] ERROR OMAudit - user=runner | ip=127.0.0.1 | op=READ_BUCKET {volume=volume-81362, bucket=bucket3} | ret=FAILURE
org.apache.hadoop.ozone.om.exceptions.OMException: Volume not found when getting bucket info
	at org.apache.hadoop.ozone.om.BucketManagerImpl.getBucketInfo(BucketManagerImpl.java:127) ~[ozone-manager-1.3.0-SNAPSHOT.jar:?]
	at org.apache.hadoop.ozone.om.OzoneManager.getBucketInfo(OzoneManager.java:2780) ~[ozone-manager-1.3.0-SNAPSHOT.jar:?]
	at org.apache.hadoop.ozone.protocolPB.OzoneManagerRequestHandler.infoBucket(OzoneManagerRequestHandler.java:475) ~[ozone-manager-1.3.0-SNAPSHOT.jar:?]
	at org.apache.hadoop.ozone.protocolPB.OzoneManagerRequestHandler.handleReadRequest(OzoneManagerRequestHandler.java:178) ~[ozone-manager-1.3.0-SNAPSHOT.jar:?]
	at org.apache.hadoop.ozone.protocolPB.OzoneManagerProtocolServerSideTranslatorPB.submitReadRequestToOM(OzoneManagerProtocolServerSideTranslatorPB.java:226) ~[ozone-manager-1.3.0-SNAPSHOT.jar:?]
	at org.apache.hadoop.ozone.protocolPB.OzoneManagerProtocolServerSideTranslatorPB.processRequest(OzoneManagerProtocolServerSideTranslatorPB.java:175) ~[ozone-manager-1.3.0-SNAPSHOT.jar:?]
	at org.apache.hadoop.hdds.server.OzoneProtocolMessageDispatcher.processRequest(OzoneProtocolMessageDispatcher.java:87) [hdds-server-framework-1.3.0-SNAPSHOT.jar:?]
	at org.apache.hadoop.ozone.protocolPB.OzoneManagerProtocolServerSideTranslatorPB.submitRequest(OzoneManagerProtocolServerSideTranslatorPB.java:147) [ozone-manager-1.3.0-SNAPSHOT.jar:?]
	at org.apache.hadoop.ozone.protocol.proto.OzoneManagerProtocolProtos$OzoneManagerService$2.callBlockingMethod(OzoneManagerProtocolProtos.java) [ozone-interface-client-1.3.0-SNAPSHOT.jar:?]
	at org.apache.hadoop.ipc.ProtobufRpcEngine$Server.processCall(ProtobufRpcEngine.java:466) [hadoop-common-3.3.1.jar:?]
	at org.apache.hadoop.ipc.ProtobufRpcEngine2$Server$ProtoBufRpcInvoker.call(ProtobufRpcEngine2.java:574) [hadoop-common-3.3.1.jar:?]
	at org.apache.hadoop.ipc.ProtobufRpcEngine2$Server$ProtoBufRpcInvoker.call(ProtobufRpcEngine2.java:552) [hadoop-common-3.3.1.jar:?]
	at org.apache.hadoop.ipc.RPC$Server.call(RPC.java:1093) [hadoop-common-3.3.1.jar:?]
	at org.apache.hadoop.ipc.Server$RpcCall.run(Server.java:1035) [hadoop-common-3.3.1.jar:?]
	at org.apache.hadoop.ipc.Server$RpcCall.run(Server.java:963) [hadoop-common-3.3.1.jar:?]
	at java.security.AccessController.doPrivileged(Native Method) ~[?:1.8.0_332]
	at javax.security.auth.Subject.doAs(Subject.java:422) [?:1.8.0_332]
	at org.apache.hadoop.security.UserGroupInformation.doAs(UserGroupInformation.java:1878) [hadoop-common-3.3.1.jar:?]
	at org.apache.hadoop.ipc.Server$Handler.run(Server.java:2966) [hadoop-common-3.3.1.jar:?]
2022-08-09 13:48:22,220 [Time-limited test] INFO  rpc.RpcClient (RpcClient.java:createVolume(468)) - Creating Volume: volume-81362, with runner as owner and space quota set to -1 bytes, counts quota set to -1
2022-08-09 13:48:22,221 [OM StateMachine ApplyTransaction Thread - 0] INFO  volume.OMVolumeCreateRequest (OMVolumeCreateRequest.java:validateAndUpdateCache(195)) - created volume:volume-81362 for user:runner
2022-08-09 13:48:22,221 [Time-limited test] INFO  rpc.RpcClient (RpcClient.java:createBucket(671)) - Creating Bucket: volume-81362/bucket3, with bucket layout LEGACY, runner as owner, Versioning false, Storage Type set to DISK and Encryption set to false 
2022-08-09 13:48:22,223 [OM StateMachine ApplyTransaction Thread - 0] INFO  bucket.OMBucketCreateRequest (OMBucketCreateRequest.java:validateAndUpdateCache(260)) - created bucket: bucket3 of layout LEGACY in volume: volume-81362
13:48:22.234 [IPC Server handler 11 on default port 34619] ERROR OMAudit - user=runner | ip=127.0.0.1 | op=READ_VOLUME {volume=volume-81362} | ret=FAILURE
org.apache.hadoop.ozone.om.exceptions.OMException: Volume volume-81362 is not found
	at org.apache.hadoop.ozone.om.VolumeManagerImpl.getVolumeInfo(VolumeManagerImpl.java:74) ~[ozone-manager-1.3.0-SNAPSHOT.jar:?]
	at org.apache.hadoop.ozone.om.OzoneManager.getVolumeInfo(OzoneManager.java:2604) ~[ozone-manager-1.3.0-SNAPSHOT.jar:?]
	at org.apache.hadoop.ozone.protocolPB.OzoneManagerRequestHandler.infoVolume(OzoneManagerRequestHandler.java:401) ~[ozone-manager-1.3.0-SNAPSHOT.jar:?]
	at org.apache.hadoop.ozone.protocolPB.OzoneManagerRequestHandler.handleReadRequest(OzoneManagerRequestHandler.java:168) ~[ozone-manager-1.3.0-SNAPSHOT.jar:?]
	at org.apache.hadoop.ozone.protocolPB.OzoneManagerProtocolServerSideTranslatorPB.submitReadRequestToOM(OzoneManagerProtocolServerSideTranslatorPB.java:226) ~[ozone-manager-1.3.0-SNAPSHOT.jar:?]
	at org.apache.hadoop.ozone.protocolPB.OzoneManagerProtocolServerSideTranslatorPB.processRequest(OzoneManagerProtocolServerSideTranslatorPB.java:175) ~[ozone-manager-1.3.0-SNAPSHOT.jar:?]
	at org.apache.hadoop.hdds.server.OzoneProtocolMessageDispatcher.processRequest(OzoneProtocolMessageDispatcher.java:87) [hdds-server-framework-1.3.0-SNAPSHOT.jar:?]
	at org.apache.hadoop.ozone.protocolPB.OzoneManagerProtocolServerSideTranslatorPB.submitRequest(OzoneManagerProtocolServerSideTranslatorPB.java:147) [ozone-manager-1.3.0-SNAPSHOT.jar:?]
	at org.apache.hadoop.ozone.protocol.proto.OzoneManagerProtocolProtos$OzoneManagerService$2.callBlockingMethod(OzoneManagerProtocolProtos.java) [ozone-interface-client-1.3.0-SNAPSHOT.jar:?]
	at org.apache.hadoop.ipc.ProtobufRpcEngine$Server.processCall(ProtobufRpcEngine.java:466) [hadoop-common-3.3.1.jar:?]
	at org.apache.hadoop.ipc.ProtobufRpcEngine2$Server$ProtoBufRpcInvoker.call(ProtobufRpcEngine2.java:574) [hadoop-common-3.3.1.jar:?]
	at org.apache.hadoop.ipc.ProtobufRpcEngine2$Server$ProtoBufRpcInvoker.call(ProtobufRpcEngine2.java:552) [hadoop-common-3.3.1.jar:?]
	at org.apache.hadoop.ipc.RPC$Server.call(RPC.java:1093) [hadoop-common-3.3.1.jar:?]
	at org.apache.hadoop.ipc.Server$RpcCall.run(Server.java:1035) [hadoop-common-3.3.1.jar:?]
	at org.apache.hadoop.ipc.Server$RpcCall.run(Server.java:963) [hadoop-common-3.3.1.jar:?]
	at java.security.AccessController.doPrivileged(Native Method) ~[?:1.8.0_332]
	at javax.security.auth.Subject.doAs(Subject.java:422) [?:1.8.0_332]
	at org.apache.hadoop.security.UserGroupInformation.doAs(UserGroupInformation.java:1878) [hadoop-common-3.3.1.jar:?]
	at org.apache.hadoop.ipc.Server$Handler.run(Server.java:2966) [hadoop-common-3.3.1.jar:?]
]]></system-out>
  </testcase>
  <testcase name="testDeleteVolumeBucketAndKey" classname="TestRootedOzoneFileSystem" time="0.132">
    <system-out><![CDATA[2022-08-09 13:49:28,407 [Time-limited test] INFO  rpc.RpcClient (RpcClient.java:createVolume(468)) - Creating Volume: volume27268, with user09978 as owner and space quota set to -1 bytes, counts quota set to -1
2022-08-09 13:49:28,413 [IPC Server handler 7 on default port 42643] INFO  volume.OMVolumeCreateRequest (OMVolumeCreateRequest.java:validateAndUpdateCache(195)) - created volume:volume27268 for user:user09978
2022-08-09 13:49:28,416 [Time-limited test] INFO  rpc.RpcClient (RpcClient.java:createBucket(671)) - Creating Bucket: volume27268/bucket51359, with bucket layout LEGACY, runner as owner, Versioning false, Storage Type set to DISK and Encryption set to false 
2022-08-09 13:49:28,416 [IPC Server handler 19 on default port 42643] INFO  bucket.OMBucketCreateRequest (OMBucketCreateRequest.java:validateAndUpdateCache(260)) - created bucket: bucket51359 of layout LEGACY in volume: volume27268
13:49:28.418 [IPC Server handler 12 on default port 42643] ERROR OMAudit - user=runner | ip=127.0.0.1 | op=READ_BUCKET {volume=volume-58448, bucket=bucket3} | ret=FAILURE
org.apache.hadoop.ozone.om.exceptions.OMException: Volume not found when getting bucket info
	at org.apache.hadoop.ozone.om.BucketManagerImpl.getBucketInfo(BucketManagerImpl.java:127) ~[ozone-manager-1.3.0-SNAPSHOT.jar:?]
	at org.apache.hadoop.ozone.om.OzoneManager.getBucketInfo(OzoneManager.java:2780) ~[ozone-manager-1.3.0-SNAPSHOT.jar:?]
	at org.apache.hadoop.ozone.protocolPB.OzoneManagerRequestHandler.infoBucket(OzoneManagerRequestHandler.java:475) ~[ozone-manager-1.3.0-SNAPSHOT.jar:?]
	at org.apache.hadoop.ozone.protocolPB.OzoneManagerRequestHandler.handleReadRequest(OzoneManagerRequestHandler.java:178) ~[ozone-manager-1.3.0-SNAPSHOT.jar:?]
	at org.apache.hadoop.ozone.protocolPB.OzoneManagerProtocolServerSideTranslatorPB.submitRequestDirectlyToOM(OzoneManagerProtocolServerSideTranslatorPB.java:276) ~[ozone-manager-1.3.0-SNAPSHOT.jar:?]
	at org.apache.hadoop.ozone.protocolPB.OzoneManagerProtocolServerSideTranslatorPB.processRequest(OzoneManagerProtocolServerSideTranslatorPB.java:205) ~[ozone-manager-1.3.0-SNAPSHOT.jar:?]
	at org.apache.hadoop.hdds.server.OzoneProtocolMessageDispatcher.processRequest(OzoneProtocolMessageDispatcher.java:87) [hdds-server-framework-1.3.0-SNAPSHOT.jar:?]
	at org.apache.hadoop.ozone.protocolPB.OzoneManagerProtocolServerSideTranslatorPB.submitRequest(OzoneManagerProtocolServerSideTranslatorPB.java:147) [ozone-manager-1.3.0-SNAPSHOT.jar:?]
	at org.apache.hadoop.ozone.protocol.proto.OzoneManagerProtocolProtos$OzoneManagerService$2.callBlockingMethod(OzoneManagerProtocolProtos.java) [ozone-interface-client-1.3.0-SNAPSHOT.jar:?]
	at org.apache.hadoop.ipc.ProtobufRpcEngine$Server.processCall(ProtobufRpcEngine.java:466) [hadoop-common-3.3.1.jar:?]
	at org.apache.hadoop.ipc.ProtobufRpcEngine2$Server$ProtoBufRpcInvoker.call(ProtobufRpcEngine2.java:574) [hadoop-common-3.3.1.jar:?]
	at org.apache.hadoop.ipc.ProtobufRpcEngine2$Server$ProtoBufRpcInvoker.call(ProtobufRpcEngine2.java:552) [hadoop-common-3.3.1.jar:?]
	at org.apache.hadoop.ipc.RPC$Server.call(RPC.java:1093) [hadoop-common-3.3.1.jar:?]
	at org.apache.hadoop.ipc.Server$RpcCall.run(Server.java:1035) [hadoop-common-3.3.1.jar:?]
	at org.apache.hadoop.ipc.Server$RpcCall.run(Server.java:963) [hadoop-common-3.3.1.jar:?]
	at java.security.AccessController.doPrivileged(Native Method) ~[?:1.8.0_332]
	at javax.security.auth.Subject.doAs(Subject.java:422) [?:1.8.0_332]
	at org.apache.hadoop.security.UserGroupInformation.doAs(UserGroupInformation.java:1878) [hadoop-common-3.3.1.jar:?]
	at org.apache.hadoop.ipc.Server$Handler.run(Server.java:2966) [hadoop-common-3.3.1.jar:?]
2022-08-09 13:49:28,418 [Time-limited test] INFO  rpc.RpcClient (RpcClient.java:createVolume(468)) - Creating Volume: volume-58448, with runner as owner and space quota set to -1 bytes, counts quota set to -1
2022-08-09 13:49:28,419 [IPC Server handler 13 on default port 42643] INFO  volume.OMVolumeCreateRequest (OMVolumeCreateRequest.java:validateAndUpdateCache(195)) - created volume:volume-58448 for user:runner
2022-08-09 13:49:28,420 [Time-limited test] INFO  rpc.RpcClient (RpcClient.java:createBucket(671)) - Creating Bucket: volume-58448/bucket3, with bucket layout LEGACY, runner as owner, Versioning false, Storage Type set to DISK and Encryption set to false 
2022-08-09 13:49:28,421 [IPC Server handler 10 on default port 42643] INFO  bucket.OMBucketCreateRequest (OMBucketCreateRequest.java:validateAndUpdateCache(260)) - created bucket: bucket3 of layout LEGACY in volume: volume-58448
13:49:28.425 [IPC Server handler 14 on default port 42643] ERROR OMAudit - user=runner | ip=127.0.0.1 | op=DELETE_VOLUME {volume=volume-58448} | ret=FAILURE
org.apache.hadoop.ozone.om.exceptions.OMException: null
	at org.apache.hadoop.ozone.om.request.volume.OMVolumeDeleteRequest.validateAndUpdateCache(OMVolumeDeleteRequest.java:122) ~[ozone-manager-1.3.0-SNAPSHOT.jar:?]
	at org.apache.hadoop.ozone.protocolPB.OzoneManagerRequestHandler.handleWriteRequest(OzoneManagerRequestHandler.java:304) ~[ozone-manager-1.3.0-SNAPSHOT.jar:?]
	at org.apache.hadoop.ozone.protocolPB.OzoneManagerProtocolServerSideTranslatorPB.submitRequestDirectlyToOM(OzoneManagerProtocolServerSideTranslatorPB.java:282) ~[ozone-manager-1.3.0-SNAPSHOT.jar:?]
	at org.apache.hadoop.ozone.protocolPB.OzoneManagerProtocolServerSideTranslatorPB.processRequest(OzoneManagerProtocolServerSideTranslatorPB.java:205) ~[ozone-manager-1.3.0-SNAPSHOT.jar:?]
	at org.apache.hadoop.hdds.server.OzoneProtocolMessageDispatcher.processRequest(OzoneProtocolMessageDispatcher.java:87) [hdds-server-framework-1.3.0-SNAPSHOT.jar:?]
	at org.apache.hadoop.ozone.protocolPB.OzoneManagerProtocolServerSideTranslatorPB.submitRequest(OzoneManagerProtocolServerSideTranslatorPB.java:147) [ozone-manager-1.3.0-SNAPSHOT.jar:?]
	at org.apache.hadoop.ozone.protocol.proto.OzoneManagerProtocolProtos$OzoneManagerService$2.callBlockingMethod(OzoneManagerProtocolProtos.java) [ozone-interface-client-1.3.0-SNAPSHOT.jar:?]
	at org.apache.hadoop.ipc.ProtobufRpcEngine$Server.processCall(ProtobufRpcEngine.java:466) [hadoop-common-3.3.1.jar:?]
	at org.apache.hadoop.ipc.ProtobufRpcEngine2$Server$ProtoBufRpcInvoker.call(ProtobufRpcEngine2.java:574) [hadoop-common-3.3.1.jar:?]
	at org.apache.hadoop.ipc.ProtobufRpcEngine2$Server$ProtoBufRpcInvoker.call(ProtobufRpcEngine2.java:552) [hadoop-common-3.3.1.jar:?]
	at org.apache.hadoop.ipc.RPC$Server.call(RPC.java:1093) [hadoop-common-3.3.1.jar:?]
	at org.apache.hadoop.ipc.Server$RpcCall.run(Server.java:1035) [hadoop-common-3.3.1.jar:?]
	at org.apache.hadoop.ipc.Server$RpcCall.run(Server.java:963) [hadoop-common-3.3.1.jar:?]
	at java.security.AccessController.doPrivileged(Native Method) ~[?:1.8.0_332]
	at javax.security.auth.Subject.doAs(Subject.java:422) [?:1.8.0_332]
	at org.apache.hadoop.security.UserGroupInformation.doAs(UserGroupInformation.java:1878) [hadoop-common-3.3.1.jar:?]
	at org.apache.hadoop.ipc.Server$Handler.run(Server.java:2966) [hadoop-common-3.3.1.jar:?]
2022-08-09 13:49:28,425 [IPC Server handler 14 on default port 42643] ERROR volume.OMVolumeDeleteRequest (OMVolumeDeleteRequest.java:validateAndUpdateCache(170)) - Volume deletion failed for user:runner volume:volume-58448
VOLUME_NOT_EMPTY org.apache.hadoop.ozone.om.exceptions.OMException
	at org.apache.hadoop.ozone.om.request.volume.OMVolumeDeleteRequest.validateAndUpdateCache(OMVolumeDeleteRequest.java:122)
	at org.apache.hadoop.ozone.protocolPB.OzoneManagerRequestHandler.handleWriteRequest(OzoneManagerRequestHandler.java:304)
	at org.apache.hadoop.ozone.protocolPB.OzoneManagerProtocolServerSideTranslatorPB.submitRequestDirectlyToOM(OzoneManagerProtocolServerSideTranslatorPB.java:282)
	at org.apache.hadoop.ozone.protocolPB.OzoneManagerProtocolServerSideTranslatorPB.processRequest(OzoneManagerProtocolServerSideTranslatorPB.java:205)
	at org.apache.hadoop.hdds.server.OzoneProtocolMessageDispatcher.processRequest(OzoneProtocolMessageDispatcher.java:87)
	at org.apache.hadoop.ozone.protocolPB.OzoneManagerProtocolServerSideTranslatorPB.submitRequest(OzoneManagerProtocolServerSideTranslatorPB.java:147)
	at org.apache.hadoop.ozone.protocol.proto.OzoneManagerProtocolProtos$OzoneManagerService$2.callBlockingMethod(OzoneManagerProtocolProtos.java)
	at org.apache.hadoop.ipc.ProtobufRpcEngine$Server.processCall(ProtobufRpcEngine.java:466)
	at org.apache.hadoop.ipc.ProtobufRpcEngine2$Server$ProtoBufRpcInvoker.call(ProtobufRpcEngine2.java:574)
	at org.apache.hadoop.ipc.ProtobufRpcEngine2$Server$ProtoBufRpcInvoker.call(ProtobufRpcEngine2.java:552)
	at org.apache.hadoop.ipc.RPC$Server.call(RPC.java:1093)
	at org.apache.hadoop.ipc.Server$RpcCall.run(Server.java:1035)
	at org.apache.hadoop.ipc.Server$RpcCall.run(Server.java:963)
	at java.security.AccessController.doPrivileged(Native Method)
	at javax.security.auth.Subject.doAs(Subject.java:422)
	at org.apache.hadoop.security.UserGroupInformation.doAs(UserGroupInformation.java:1878)
	at org.apache.hadoop.ipc.Server$Handler.run(Server.java:2966)
13:49:28.443 [IPC Server handler 2 on default port 42643] ERROR OMAudit - user=runner | ip=127.0.0.1 | op=READ_VOLUME {volume=volume-58448} | ret=FAILURE
org.apache.hadoop.ozone.om.exceptions.OMException: Volume volume-58448 is not found
	at org.apache.hadoop.ozone.om.VolumeManagerImpl.getVolumeInfo(VolumeManagerImpl.java:74) ~[ozone-manager-1.3.0-SNAPSHOT.jar:?]
	at org.apache.hadoop.ozone.om.OzoneManager.getVolumeInfo(OzoneManager.java:2604) ~[ozone-manager-1.3.0-SNAPSHOT.jar:?]
	at org.apache.hadoop.ozone.protocolPB.OzoneManagerRequestHandler.infoVolume(OzoneManagerRequestHandler.java:401) ~[ozone-manager-1.3.0-SNAPSHOT.jar:?]
	at org.apache.hadoop.ozone.protocolPB.OzoneManagerRequestHandler.handleReadRequest(OzoneManagerRequestHandler.java:168) ~[ozone-manager-1.3.0-SNAPSHOT.jar:?]
	at org.apache.hadoop.ozone.protocolPB.OzoneManagerProtocolServerSideTranslatorPB.submitRequestDirectlyToOM(OzoneManagerProtocolServerSideTranslatorPB.java:276) ~[ozone-manager-1.3.0-SNAPSHOT.jar:?]
	at org.apache.hadoop.ozone.protocolPB.OzoneManagerProtocolServerSideTranslatorPB.processRequest(OzoneManagerProtocolServerSideTranslatorPB.java:205) ~[ozone-manager-1.3.0-SNAPSHOT.jar:?]
	at org.apache.hadoop.hdds.server.OzoneProtocolMessageDispatcher.processRequest(OzoneProtocolMessageDispatcher.java:87) [hdds-server-framework-1.3.0-SNAPSHOT.jar:?]
	at org.apache.hadoop.ozone.protocolPB.OzoneManagerProtocolServerSideTranslatorPB.submitRequest(OzoneManagerProtocolServerSideTranslatorPB.java:147) [ozone-manager-1.3.0-SNAPSHOT.jar:?]
	at org.apache.hadoop.ozone.protocol.proto.OzoneManagerProtocolProtos$OzoneManagerService$2.callBlockingMethod(OzoneManagerProtocolProtos.java) [ozone-interface-client-1.3.0-SNAPSHOT.jar:?]
	at org.apache.hadoop.ipc.ProtobufRpcEngine$Server.processCall(ProtobufRpcEngine.java:466) [hadoop-common-3.3.1.jar:?]
	at org.apache.hadoop.ipc.ProtobufRpcEngine2$Server$ProtoBufRpcInvoker.call(ProtobufRpcEngine2.java:574) [hadoop-common-3.3.1.jar:?]
	at org.apache.hadoop.ipc.ProtobufRpcEngine2$Server$ProtoBufRpcInvoker.call(ProtobufRpcEngine2.java:552) [hadoop-common-3.3.1.jar:?]
	at org.apache.hadoop.ipc.RPC$Server.call(RPC.java:1093) [hadoop-common-3.3.1.jar:?]
	at org.apache.hadoop.ipc.Server$RpcCall.run(Server.java:1035) [hadoop-common-3.3.1.jar:?]
	at org.apache.hadoop.ipc.Server$RpcCall.run(Server.java:963) [hadoop-common-3.3.1.jar:?]
	at java.security.AccessController.doPrivileged(Native Method) ~[?:1.8.0_332]
	at javax.security.auth.Subject.doAs(Subject.java:422) [?:1.8.0_332]
	at org.apache.hadoop.security.UserGroupInformation.doAs(UserGroupInformation.java:1878) [hadoop-common-3.3.1.jar:?]
	at org.apache.hadoop.ipc.Server$Handler.run(Server.java:2966) [hadoop-common-3.3.1.jar:?]
13:49:28.444 [IPC Server handler 0 on default port 42643] ERROR OMAudit - user=runner | ip=127.0.0.1 | op=READ_BUCKET {volume=volume-58448, bucket=bucket3} | ret=FAILURE
org.apache.hadoop.ozone.om.exceptions.OMException: Volume not found when getting bucket info
	at org.apache.hadoop.ozone.om.BucketManagerImpl.getBucketInfo(BucketManagerImpl.java:127) ~[ozone-manager-1.3.0-SNAPSHOT.jar:?]
	at org.apache.hadoop.ozone.om.OzoneManager.getBucketInfo(OzoneManager.java:2780) ~[ozone-manager-1.3.0-SNAPSHOT.jar:?]
	at org.apache.hadoop.ozone.protocolPB.OzoneManagerRequestHandler.infoBucket(OzoneManagerRequestHandler.java:475) ~[ozone-manager-1.3.0-SNAPSHOT.jar:?]
	at org.apache.hadoop.ozone.protocolPB.OzoneManagerRequestHandler.handleReadRequest(OzoneManagerRequestHandler.java:178) ~[ozone-manager-1.3.0-SNAPSHOT.jar:?]
	at org.apache.hadoop.ozone.protocolPB.OzoneManagerProtocolServerSideTranslatorPB.submitRequestDirectlyToOM(OzoneManagerProtocolServerSideTranslatorPB.java:276) ~[ozone-manager-1.3.0-SNAPSHOT.jar:?]
	at org.apache.hadoop.ozone.protocolPB.OzoneManagerProtocolServerSideTranslatorPB.processRequest(OzoneManagerProtocolServerSideTranslatorPB.java:205) ~[ozone-manager-1.3.0-SNAPSHOT.jar:?]
	at org.apache.hadoop.hdds.server.OzoneProtocolMessageDispatcher.processRequest(OzoneProtocolMessageDispatcher.java:87) [hdds-server-framework-1.3.0-SNAPSHOT.jar:?]
	at org.apache.hadoop.ozone.protocolPB.OzoneManagerProtocolServerSideTranslatorPB.submitRequest(OzoneManagerProtocolServerSideTranslatorPB.java:147) [ozone-manager-1.3.0-SNAPSHOT.jar:?]
	at org.apache.hadoop.ozone.protocol.proto.OzoneManagerProtocolProtos$OzoneManagerService$2.callBlockingMethod(OzoneManagerProtocolProtos.java) [ozone-interface-client-1.3.0-SNAPSHOT.jar:?]
	at org.apache.hadoop.ipc.ProtobufRpcEngine$Server.processCall(ProtobufRpcEngine.java:466) [hadoop-common-3.3.1.jar:?]
	at org.apache.hadoop.ipc.ProtobufRpcEngine2$Server$ProtoBufRpcInvoker.call(ProtobufRpcEngine2.java:574) [hadoop-common-3.3.1.jar:?]
	at org.apache.hadoop.ipc.ProtobufRpcEngine2$Server$ProtoBufRpcInvoker.call(ProtobufRpcEngine2.java:552) [hadoop-common-3.3.1.jar:?]
	at org.apache.hadoop.ipc.RPC$Server.call(RPC.java:1093) [hadoop-common-3.3.1.jar:?]
	at org.apache.hadoop.ipc.Server$RpcCall.run(Server.java:1035) [hadoop-common-3.3.1.jar:?]
	at org.apache.hadoop.ipc.Server$RpcCall.run(Server.java:963) [hadoop-common-3.3.1.jar:?]
	at java.security.AccessController.doPrivileged(Native Method) ~[?:1.8.0_332]
	at javax.security.auth.Subject.doAs(Subject.java:422) [?:1.8.0_332]
	at org.apache.hadoop.security.UserGroupInformation.doAs(UserGroupInformation.java:1878) [hadoop-common-3.3.1.jar:?]
	at org.apache.hadoop.ipc.Server$Handler.run(Server.java:2966) [hadoop-common-3.3.1.jar:?]
2022-08-09 13:49:28,445 [Time-limited test] INFO  rpc.RpcClient (RpcClient.java:createVolume(468)) - Creating Volume: volume-58448, with runner as owner and space quota set to -1 bytes, counts quota set to -1
2022-08-09 13:49:28,446 [IPC Server handler 1 on default port 42643] INFO  volume.OMVolumeCreateRequest (OMVolumeCreateRequest.java:validateAndUpdateCache(195)) - created volume:volume-58448 for user:runner
2022-08-09 13:49:28,447 [Time-limited test] INFO  rpc.RpcClient (RpcClient.java:createBucket(671)) - Creating Bucket: volume-58448/bucket3, with bucket layout LEGACY, runner as owner, Versioning false, Storage Type set to DISK and Encryption set to false 
2022-08-09 13:49:28,447 [IPC Server handler 4 on default port 42643] INFO  bucket.OMBucketCreateRequest (OMBucketCreateRequest.java:validateAndUpdateCache(260)) - created bucket: bucket3 of layout LEGACY in volume: volume-58448
13:49:28.468 [IPC Server handler 7 on default port 42643] ERROR OMAudit - user=runner | ip=127.0.0.1 | op=READ_VOLUME {volume=volume-58448} | ret=FAILURE
org.apache.hadoop.ozone.om.exceptions.OMException: Volume volume-58448 is not found
	at org.apache.hadoop.ozone.om.VolumeManagerImpl.getVolumeInfo(VolumeManagerImpl.java:74) ~[ozone-manager-1.3.0-SNAPSHOT.jar:?]
	at org.apache.hadoop.ozone.om.OzoneManager.getVolumeInfo(OzoneManager.java:2604) ~[ozone-manager-1.3.0-SNAPSHOT.jar:?]
	at org.apache.hadoop.ozone.protocolPB.OzoneManagerRequestHandler.infoVolume(OzoneManagerRequestHandler.java:401) ~[ozone-manager-1.3.0-SNAPSHOT.jar:?]
	at org.apache.hadoop.ozone.protocolPB.OzoneManagerRequestHandler.handleReadRequest(OzoneManagerRequestHandler.java:168) ~[ozone-manager-1.3.0-SNAPSHOT.jar:?]
	at org.apache.hadoop.ozone.protocolPB.OzoneManagerProtocolServerSideTranslatorPB.submitRequestDirectlyToOM(OzoneManagerProtocolServerSideTranslatorPB.java:276) ~[ozone-manager-1.3.0-SNAPSHOT.jar:?]
	at org.apache.hadoop.ozone.protocolPB.OzoneManagerProtocolServerSideTranslatorPB.processRequest(OzoneManagerProtocolServerSideTranslatorPB.java:205) ~[ozone-manager-1.3.0-SNAPSHOT.jar:?]
	at org.apache.hadoop.hdds.server.OzoneProtocolMessageDispatcher.processRequest(OzoneProtocolMessageDispatcher.java:87) [hdds-server-framework-1.3.0-SNAPSHOT.jar:?]
	at org.apache.hadoop.ozone.protocolPB.OzoneManagerProtocolServerSideTranslatorPB.submitRequest(OzoneManagerProtocolServerSideTranslatorPB.java:147) [ozone-manager-1.3.0-SNAPSHOT.jar:?]
	at org.apache.hadoop.ozone.protocol.proto.OzoneManagerProtocolProtos$OzoneManagerService$2.callBlockingMethod(OzoneManagerProtocolProtos.java) [ozone-interface-client-1.3.0-SNAPSHOT.jar:?]
	at org.apache.hadoop.ipc.ProtobufRpcEngine$Server.processCall(ProtobufRpcEngine.java:466) [hadoop-common-3.3.1.jar:?]
	at org.apache.hadoop.ipc.ProtobufRpcEngine2$Server$ProtoBufRpcInvoker.call(ProtobufRpcEngine2.java:574) [hadoop-common-3.3.1.jar:?]
	at org.apache.hadoop.ipc.ProtobufRpcEngine2$Server$ProtoBufRpcInvoker.call(ProtobufRpcEngine2.java:552) [hadoop-common-3.3.1.jar:?]
	at org.apache.hadoop.ipc.RPC$Server.call(RPC.java:1093) [hadoop-common-3.3.1.jar:?]
	at org.apache.hadoop.ipc.Server$RpcCall.run(Server.java:1035) [hadoop-common-3.3.1.jar:?]
	at org.apache.hadoop.ipc.Server$RpcCall.run(Server.java:963) [hadoop-common-3.3.1.jar:?]
	at java.security.AccessController.doPrivileged(Native Method) ~[?:1.8.0_332]
	at javax.security.auth.Subject.doAs(Subject.java:422) [?:1.8.0_332]
	at org.apache.hadoop.security.UserGroupInformation.doAs(UserGroupInformation.java:1878) [hadoop-common-3.3.1.jar:?]
	at org.apache.hadoop.ipc.Server$Handler.run(Server.java:2966) [hadoop-common-3.3.1.jar:?]
]]></system-out>
  </testcase>
  <testcase name="testDeleteVolumeBucketAndKey" classname="TestRootedOzoneFileSystem" time="0.209">
    <system-out><![CDATA[2022-08-09 13:50:46,728 [Time-limited test] INFO  rpc.RpcClient (RpcClient.java:createVolume(468)) - Creating Volume: volume03667, with user43167 as owner and space quota set to -1 bytes, counts quota set to -1
2022-08-09 13:50:46,741 [OM StateMachine ApplyTransaction Thread - 0] INFO  volume.OMVolumeCreateRequest (OMVolumeCreateRequest.java:validateAndUpdateCache(195)) - created volume:volume03667 for user:user43167
2022-08-09 13:50:46,742 [Time-limited test] INFO  rpc.RpcClient (RpcClient.java:createBucket(671)) - Creating Bucket: volume03667/bucket70769, with bucket layout LEGACY, runner as owner, Versioning false, Storage Type set to DISK and Encryption set to false 
2022-08-09 13:50:46,745 [OM StateMachine ApplyTransaction Thread - 0] INFO  bucket.OMBucketCreateRequest (OMBucketCreateRequest.java:validateAndUpdateCache(260)) - created bucket: bucket70769 of layout LEGACY in volume: volume03667
13:50:46.747 [IPC Server handler 9 on default port 45023] ERROR OMAudit - user=runner | ip=127.0.0.1 | op=READ_BUCKET {volume=volume-84650, bucket=bucket3} | ret=FAILURE
org.apache.hadoop.ozone.om.exceptions.OMException: Volume not found when getting bucket info
	at org.apache.hadoop.ozone.om.BucketManagerImpl.getBucketInfo(BucketManagerImpl.java:127) ~[ozone-manager-1.3.0-SNAPSHOT.jar:?]
	at org.apache.hadoop.ozone.om.OzoneManager.getBucketInfo(OzoneManager.java:2780) ~[ozone-manager-1.3.0-SNAPSHOT.jar:?]
	at org.apache.hadoop.ozone.protocolPB.OzoneManagerRequestHandler.infoBucket(OzoneManagerRequestHandler.java:475) ~[ozone-manager-1.3.0-SNAPSHOT.jar:?]
	at org.apache.hadoop.ozone.protocolPB.OzoneManagerRequestHandler.handleReadRequest(OzoneManagerRequestHandler.java:178) ~[ozone-manager-1.3.0-SNAPSHOT.jar:?]
	at org.apache.hadoop.ozone.protocolPB.OzoneManagerProtocolServerSideTranslatorPB.submitReadRequestToOM(OzoneManagerProtocolServerSideTranslatorPB.java:226) ~[ozone-manager-1.3.0-SNAPSHOT.jar:?]
	at org.apache.hadoop.ozone.protocolPB.OzoneManagerProtocolServerSideTranslatorPB.processRequest(OzoneManagerProtocolServerSideTranslatorPB.java:175) ~[ozone-manager-1.3.0-SNAPSHOT.jar:?]
	at org.apache.hadoop.hdds.server.OzoneProtocolMessageDispatcher.processRequest(OzoneProtocolMessageDispatcher.java:87) [hdds-server-framework-1.3.0-SNAPSHOT.jar:?]
	at org.apache.hadoop.ozone.protocolPB.OzoneManagerProtocolServerSideTranslatorPB.submitRequest(OzoneManagerProtocolServerSideTranslatorPB.java:147) [ozone-manager-1.3.0-SNAPSHOT.jar:?]
	at org.apache.hadoop.ozone.protocol.proto.OzoneManagerProtocolProtos$OzoneManagerService$2.callBlockingMethod(OzoneManagerProtocolProtos.java) [ozone-interface-client-1.3.0-SNAPSHOT.jar:?]
	at org.apache.hadoop.ipc.ProtobufRpcEngine$Server.processCall(ProtobufRpcEngine.java:466) [hadoop-common-3.3.1.jar:?]
	at org.apache.hadoop.ipc.ProtobufRpcEngine2$Server$ProtoBufRpcInvoker.call(ProtobufRpcEngine2.java:574) [hadoop-common-3.3.1.jar:?]
	at org.apache.hadoop.ipc.ProtobufRpcEngine2$Server$ProtoBufRpcInvoker.call(ProtobufRpcEngine2.java:552) [hadoop-common-3.3.1.jar:?]
	at org.apache.hadoop.ipc.RPC$Server.call(RPC.java:1093) [hadoop-common-3.3.1.jar:?]
	at org.apache.hadoop.ipc.Server$RpcCall.run(Server.java:1035) [hadoop-common-3.3.1.jar:?]
	at org.apache.hadoop.ipc.Server$RpcCall.run(Server.java:963) [hadoop-common-3.3.1.jar:?]
	at java.security.AccessController.doPrivileged(Native Method) ~[?:1.8.0_332]
	at javax.security.auth.Subject.doAs(Subject.java:422) [?:1.8.0_332]
	at org.apache.hadoop.security.UserGroupInformation.doAs(UserGroupInformation.java:1878) [hadoop-common-3.3.1.jar:?]
	at org.apache.hadoop.ipc.Server$Handler.run(Server.java:2966) [hadoop-common-3.3.1.jar:?]
2022-08-09 13:50:46,747 [Time-limited test] INFO  rpc.RpcClient (RpcClient.java:createVolume(468)) - Creating Volume: volume-84650, with runner as owner and space quota set to -1 bytes, counts quota set to -1
2022-08-09 13:50:46,748 [OM StateMachine ApplyTransaction Thread - 0] INFO  volume.OMVolumeCreateRequest (OMVolumeCreateRequest.java:validateAndUpdateCache(195)) - created volume:volume-84650 for user:runner
2022-08-09 13:50:46,749 [Time-limited test] INFO  rpc.RpcClient (RpcClient.java:createBucket(671)) - Creating Bucket: volume-84650/bucket3, with bucket layout LEGACY, runner as owner, Versioning false, Storage Type set to DISK and Encryption set to false 
2022-08-09 13:50:46,753 [OM StateMachine ApplyTransaction Thread - 0] INFO  bucket.OMBucketCreateRequest (OMBucketCreateRequest.java:validateAndUpdateCache(260)) - created bucket: bucket3 of layout LEGACY in volume: volume-84650
13:50:46.757 [OM StateMachine ApplyTransaction Thread - 0] ERROR OMAudit - user=runner | ip=127.0.0.1 | op=DELETE_VOLUME {volume=volume-84650} | ret=FAILURE
org.apache.hadoop.ozone.om.exceptions.OMException: null
	at org.apache.hadoop.ozone.om.request.volume.OMVolumeDeleteRequest.validateAndUpdateCache(OMVolumeDeleteRequest.java:122) ~[ozone-manager-1.3.0-SNAPSHOT.jar:?]
	at org.apache.hadoop.ozone.protocolPB.OzoneManagerRequestHandler.handleWriteRequest(OzoneManagerRequestHandler.java:304) ~[ozone-manager-1.3.0-SNAPSHOT.jar:?]
	at org.apache.hadoop.ozone.om.ratis.OzoneManagerStateMachine.runCommand(OzoneManagerStateMachine.java:529) ~[ozone-manager-1.3.0-SNAPSHOT.jar:?]
	at org.apache.hadoop.ozone.om.ratis.OzoneManagerStateMachine.lambda$1(OzoneManagerStateMachine.java:324) ~[ozone-manager-1.3.0-SNAPSHOT.jar:?]
	at java.util.concurrent.CompletableFuture$AsyncSupply.run(CompletableFuture.java:1604) [?:1.8.0_332]
	at java.util.concurrent.ThreadPoolExecutor.runWorker(ThreadPoolExecutor.java:1149) [?:1.8.0_332]
	at java.util.concurrent.ThreadPoolExecutor$Worker.run(ThreadPoolExecutor.java:624) [?:1.8.0_332]
	at java.lang.Thread.run(Thread.java:750) [?:1.8.0_332]
2022-08-09 13:50:46,757 [OM StateMachine ApplyTransaction Thread - 0] ERROR volume.OMVolumeDeleteRequest (OMVolumeDeleteRequest.java:validateAndUpdateCache(170)) - Volume deletion failed for user:runner volume:volume-84650
VOLUME_NOT_EMPTY org.apache.hadoop.ozone.om.exceptions.OMException
	at org.apache.hadoop.ozone.om.request.volume.OMVolumeDeleteRequest.validateAndUpdateCache(OMVolumeDeleteRequest.java:122)
	at org.apache.hadoop.ozone.protocolPB.OzoneManagerRequestHandler.handleWriteRequest(OzoneManagerRequestHandler.java:304)
	at org.apache.hadoop.ozone.om.ratis.OzoneManagerStateMachine.runCommand(OzoneManagerStateMachine.java:529)
	at org.apache.hadoop.ozone.om.ratis.OzoneManagerStateMachine.lambda$1(OzoneManagerStateMachine.java:324)
	at java.util.concurrent.CompletableFuture$AsyncSupply.run(CompletableFuture.java:1604)
	at java.util.concurrent.ThreadPoolExecutor.runWorker(ThreadPoolExecutor.java:1149)
	at java.util.concurrent.ThreadPoolExecutor$Worker.run(ThreadPoolExecutor.java:624)
	at java.lang.Thread.run(Thread.java:750)
13:50:46.792 [IPC Server handler 3 on default port 45023] ERROR OMAudit - user=runner | ip=127.0.0.1 | op=READ_VOLUME {volume=volume-84650} | ret=FAILURE
org.apache.hadoop.ozone.om.exceptions.OMException: Volume volume-84650 is not found
	at org.apache.hadoop.ozone.om.VolumeManagerImpl.getVolumeInfo(VolumeManagerImpl.java:74) ~[ozone-manager-1.3.0-SNAPSHOT.jar:?]
	at org.apache.hadoop.ozone.om.OzoneManager.getVolumeInfo(OzoneManager.java:2604) ~[ozone-manager-1.3.0-SNAPSHOT.jar:?]
	at org.apache.hadoop.ozone.protocolPB.OzoneManagerRequestHandler.infoVolume(OzoneManagerRequestHandler.java:401) ~[ozone-manager-1.3.0-SNAPSHOT.jar:?]
	at org.apache.hadoop.ozone.protocolPB.OzoneManagerRequestHandler.handleReadRequest(OzoneManagerRequestHandler.java:168) ~[ozone-manager-1.3.0-SNAPSHOT.jar:?]
	at org.apache.hadoop.ozone.protocolPB.OzoneManagerProtocolServerSideTranslatorPB.submitReadRequestToOM(OzoneManagerProtocolServerSideTranslatorPB.java:226) ~[ozone-manager-1.3.0-SNAPSHOT.jar:?]
	at org.apache.hadoop.ozone.protocolPB.OzoneManagerProtocolServerSideTranslatorPB.processRequest(OzoneManagerProtocolServerSideTranslatorPB.java:175) ~[ozone-manager-1.3.0-SNAPSHOT.jar:?]
	at org.apache.hadoop.hdds.server.OzoneProtocolMessageDispatcher.processRequest(OzoneProtocolMessageDispatcher.java:87) [hdds-server-framework-1.3.0-SNAPSHOT.jar:?]
	at org.apache.hadoop.ozone.protocolPB.OzoneManagerProtocolServerSideTranslatorPB.submitRequest(OzoneManagerProtocolServerSideTranslatorPB.java:147) [ozone-manager-1.3.0-SNAPSHOT.jar:?]
	at org.apache.hadoop.ozone.protocol.proto.OzoneManagerProtocolProtos$OzoneManagerService$2.callBlockingMethod(OzoneManagerProtocolProtos.java) [ozone-interface-client-1.3.0-SNAPSHOT.jar:?]
	at org.apache.hadoop.ipc.ProtobufRpcEngine$Server.processCall(ProtobufRpcEngine.java:466) [hadoop-common-3.3.1.jar:?]
	at org.apache.hadoop.ipc.ProtobufRpcEngine2$Server$ProtoBufRpcInvoker.call(ProtobufRpcEngine2.java:574) [hadoop-common-3.3.1.jar:?]
	at org.apache.hadoop.ipc.ProtobufRpcEngine2$Server$ProtoBufRpcInvoker.call(ProtobufRpcEngine2.java:552) [hadoop-common-3.3.1.jar:?]
	at org.apache.hadoop.ipc.RPC$Server.call(RPC.java:1093) [hadoop-common-3.3.1.jar:?]
	at org.apache.hadoop.ipc.Server$RpcCall.run(Server.java:1035) [hadoop-common-3.3.1.jar:?]
	at org.apache.hadoop.ipc.Server$RpcCall.run(Server.java:963) [hadoop-common-3.3.1.jar:?]
	at java.security.AccessController.doPrivileged(Native Method) ~[?:1.8.0_332]
	at javax.security.auth.Subject.doAs(Subject.java:422) [?:1.8.0_332]
	at org.apache.hadoop.security.UserGroupInformation.doAs(UserGroupInformation.java:1878) [hadoop-common-3.3.1.jar:?]
	at org.apache.hadoop.ipc.Server$Handler.run(Server.java:2966) [hadoop-common-3.3.1.jar:?]
13:50:46.792 [IPC Server handler 16 on default port 45023] ERROR OMAudit - user=runner | ip=127.0.0.1 | op=READ_BUCKET {volume=volume-84650, bucket=bucket3} | ret=FAILURE
org.apache.hadoop.ozone.om.exceptions.OMException: Volume not found when getting bucket info
	at org.apache.hadoop.ozone.om.BucketManagerImpl.getBucketInfo(BucketManagerImpl.java:127) ~[ozone-manager-1.3.0-SNAPSHOT.jar:?]
	at org.apache.hadoop.ozone.om.OzoneManager.getBucketInfo(OzoneManager.java:2780) ~[ozone-manager-1.3.0-SNAPSHOT.jar:?]
	at org.apache.hadoop.ozone.protocolPB.OzoneManagerRequestHandler.infoBucket(OzoneManagerRequestHandler.java:475) ~[ozone-manager-1.3.0-SNAPSHOT.jar:?]
	at org.apache.hadoop.ozone.protocolPB.OzoneManagerRequestHandler.handleReadRequest(OzoneManagerRequestHandler.java:178) ~[ozone-manager-1.3.0-SNAPSHOT.jar:?]
	at org.apache.hadoop.ozone.protocolPB.OzoneManagerProtocolServerSideTranslatorPB.submitReadRequestToOM(OzoneManagerProtocolServerSideTranslatorPB.java:226) ~[ozone-manager-1.3.0-SNAPSHOT.jar:?]
	at org.apache.hadoop.ozone.protocolPB.OzoneManagerProtocolServerSideTranslatorPB.processRequest(OzoneManagerProtocolServerSideTranslatorPB.java:175) ~[ozone-manager-1.3.0-SNAPSHOT.jar:?]
	at org.apache.hadoop.hdds.server.OzoneProtocolMessageDispatcher.processRequest(OzoneProtocolMessageDispatcher.java:87) [hdds-server-framework-1.3.0-SNAPSHOT.jar:?]
	at org.apache.hadoop.ozone.protocolPB.OzoneManagerProtocolServerSideTranslatorPB.submitRequest(OzoneManagerProtocolServerSideTranslatorPB.java:147) [ozone-manager-1.3.0-SNAPSHOT.jar:?]
	at org.apache.hadoop.ozone.protocol.proto.OzoneManagerProtocolProtos$OzoneManagerService$2.callBlockingMethod(OzoneManagerProtocolProtos.java) [ozone-interface-client-1.3.0-SNAPSHOT.jar:?]
	at org.apache.hadoop.ipc.ProtobufRpcEngine$Server.processCall(ProtobufRpcEngine.java:466) [hadoop-common-3.3.1.jar:?]
	at org.apache.hadoop.ipc.ProtobufRpcEngine2$Server$ProtoBufRpcInvoker.call(ProtobufRpcEngine2.java:574) [hadoop-common-3.3.1.jar:?]
	at org.apache.hadoop.ipc.ProtobufRpcEngine2$Server$ProtoBufRpcInvoker.call(ProtobufRpcEngine2.java:552) [hadoop-common-3.3.1.jar:?]
	at org.apache.hadoop.ipc.RPC$Server.call(RPC.java:1093) [hadoop-common-3.3.1.jar:?]
	at org.apache.hadoop.ipc.Server$RpcCall.run(Server.java:1035) [hadoop-common-3.3.1.jar:?]
	at org.apache.hadoop.ipc.Server$RpcCall.run(Server.java:963) [hadoop-common-3.3.1.jar:?]
	at java.security.AccessController.doPrivileged(Native Method) ~[?:1.8.0_332]
	at javax.security.auth.Subject.doAs(Subject.java:422) [?:1.8.0_332]
	at org.apache.hadoop.security.UserGroupInformation.doAs(UserGroupInformation.java:1878) [hadoop-common-3.3.1.jar:?]
	at org.apache.hadoop.ipc.Server$Handler.run(Server.java:2966) [hadoop-common-3.3.1.jar:?]
2022-08-09 13:50:46,793 [Time-limited test] INFO  rpc.RpcClient (RpcClient.java:createVolume(468)) - Creating Volume: volume-84650, with runner as owner and space quota set to -1 bytes, counts quota set to -1
2022-08-09 13:50:46,794 [OM StateMachine ApplyTransaction Thread - 0] INFO  volume.OMVolumeCreateRequest (OMVolumeCreateRequest.java:validateAndUpdateCache(195)) - created volume:volume-84650 for user:runner
2022-08-09 13:50:46,794 [Time-limited test] INFO  rpc.RpcClient (RpcClient.java:createBucket(671)) - Creating Bucket: volume-84650/bucket3, with bucket layout LEGACY, runner as owner, Versioning false, Storage Type set to DISK and Encryption set to false 
2022-08-09 13:50:46,795 [OM StateMachine ApplyTransaction Thread - 0] INFO  bucket.OMBucketCreateRequest (OMBucketCreateRequest.java:validateAndUpdateCache(260)) - created bucket: bucket3 of layout LEGACY in volume: volume-84650
13:50:46.803 [IPC Server handler 14 on default port 45023] ERROR OMAudit - user=runner | ip=127.0.0.1 | op=READ_VOLUME {volume=volume-84650} | ret=FAILURE
org.apache.hadoop.ozone.om.exceptions.OMException: Volume volume-84650 is not found
	at org.apache.hadoop.ozone.om.VolumeManagerImpl.getVolumeInfo(VolumeManagerImpl.java:74) ~[ozone-manager-1.3.0-SNAPSHOT.jar:?]
	at org.apache.hadoop.ozone.om.OzoneManager.getVolumeInfo(OzoneManager.java:2604) ~[ozone-manager-1.3.0-SNAPSHOT.jar:?]
	at org.apache.hadoop.ozone.protocolPB.OzoneManagerRequestHandler.infoVolume(OzoneManagerRequestHandler.java:401) ~[ozone-manager-1.3.0-SNAPSHOT.jar:?]
	at org.apache.hadoop.ozone.protocolPB.OzoneManagerRequestHandler.handleReadRequest(OzoneManagerRequestHandler.java:168) ~[ozone-manager-1.3.0-SNAPSHOT.jar:?]
	at org.apache.hadoop.ozone.protocolPB.OzoneManagerProtocolServerSideTranslatorPB.submitReadRequestToOM(OzoneManagerProtocolServerSideTranslatorPB.java:226) ~[ozone-manager-1.3.0-SNAPSHOT.jar:?]
	at org.apache.hadoop.ozone.protocolPB.OzoneManagerProtocolServerSideTranslatorPB.processRequest(OzoneManagerProtocolServerSideTranslatorPB.java:175) ~[ozone-manager-1.3.0-SNAPSHOT.jar:?]
	at org.apache.hadoop.hdds.server.OzoneProtocolMessageDispatcher.processRequest(OzoneProtocolMessageDispatcher.java:87) [hdds-server-framework-1.3.0-SNAPSHOT.jar:?]
	at org.apache.hadoop.ozone.protocolPB.OzoneManagerProtocolServerSideTranslatorPB.submitRequest(OzoneManagerProtocolServerSideTranslatorPB.java:147) [ozone-manager-1.3.0-SNAPSHOT.jar:?]
	at org.apache.hadoop.ozone.protocol.proto.OzoneManagerProtocolProtos$OzoneManagerService$2.callBlockingMethod(OzoneManagerProtocolProtos.java) [ozone-interface-client-1.3.0-SNAPSHOT.jar:?]
	at org.apache.hadoop.ipc.ProtobufRpcEngine$Server.processCall(ProtobufRpcEngine.java:466) [hadoop-common-3.3.1.jar:?]
	at org.apache.hadoop.ipc.ProtobufRpcEngine2$Server$ProtoBufRpcInvoker.call(ProtobufRpcEngine2.java:574) [hadoop-common-3.3.1.jar:?]
	at org.apache.hadoop.ipc.ProtobufRpcEngine2$Server$ProtoBufRpcInvoker.call(ProtobufRpcEngine2.java:552) [hadoop-common-3.3.1.jar:?]
	at org.apache.hadoop.ipc.RPC$Server.call(RPC.java:1093) [hadoop-common-3.3.1.jar:?]
	at org.apache.hadoop.ipc.Server$RpcCall.run(Server.java:1035) [hadoop-common-3.3.1.jar:?]
	at org.apache.hadoop.ipc.Server$RpcCall.run(Server.java:963) [hadoop-common-3.3.1.jar:?]
	at java.security.AccessController.doPrivileged(Native Method) ~[?:1.8.0_332]
	at javax.security.auth.Subject.doAs(Subject.java:422) [?:1.8.0_332]
	at org.apache.hadoop.security.UserGroupInformation.doAs(UserGroupInformation.java:1878) [hadoop-common-3.3.1.jar:?]
	at org.apache.hadoop.ipc.Server$Handler.run(Server.java:2966) [hadoop-common-3.3.1.jar:?]
]]></system-out>
  </testcase>
  <testcase name="testDeleteVolumeBucketAndKey" classname="TestRootedOzoneFileSystem" time="0.25">
    <system-out><![CDATA[2022-08-09 13:52:11,606 [Time-limited test] INFO  rpc.RpcClient (RpcClient.java:createVolume(468)) - Creating Volume: volume70405, with user43043 as owner and space quota set to -1 bytes, counts quota set to -1
2022-08-09 13:52:11,612 [IPC Server handler 6 on default port 44079] INFO  volume.OMVolumeCreateRequest (OMVolumeCreateRequest.java:validateAndUpdateCache(195)) - created volume:volume70405 for user:user43043
2022-08-09 13:52:11,616 [Time-limited test] INFO  rpc.RpcClient (RpcClient.java:createBucket(671)) - Creating Bucket: volume70405/bucket30162, with bucket layout LEGACY, runner as owner, Versioning false, Storage Type set to DISK and Encryption set to false 
2022-08-09 13:52:11,617 [IPC Server handler 10 on default port 44079] INFO  bucket.OMBucketCreateRequest (OMBucketCreateRequest.java:validateAndUpdateCache(260)) - created bucket: bucket30162 of layout LEGACY in volume: volume70405
13:52:11.638 [IPC Server handler 4 on default port 44079] ERROR OMAudit - user=runner | ip=127.0.0.1 | op=READ_BUCKET {volume=volume-07871, bucket=bucket3} | ret=FAILURE
org.apache.hadoop.ozone.om.exceptions.OMException: Volume not found when getting bucket info
	at org.apache.hadoop.ozone.om.BucketManagerImpl.getBucketInfo(BucketManagerImpl.java:127) ~[ozone-manager-1.3.0-SNAPSHOT.jar:?]
	at org.apache.hadoop.ozone.om.OzoneManager.getBucketInfo(OzoneManager.java:2780) ~[ozone-manager-1.3.0-SNAPSHOT.jar:?]
	at org.apache.hadoop.ozone.protocolPB.OzoneManagerRequestHandler.infoBucket(OzoneManagerRequestHandler.java:475) ~[ozone-manager-1.3.0-SNAPSHOT.jar:?]
	at org.apache.hadoop.ozone.protocolPB.OzoneManagerRequestHandler.handleReadRequest(OzoneManagerRequestHandler.java:178) ~[ozone-manager-1.3.0-SNAPSHOT.jar:?]
	at org.apache.hadoop.ozone.protocolPB.OzoneManagerProtocolServerSideTranslatorPB.submitRequestDirectlyToOM(OzoneManagerProtocolServerSideTranslatorPB.java:276) ~[ozone-manager-1.3.0-SNAPSHOT.jar:?]
	at org.apache.hadoop.ozone.protocolPB.OzoneManagerProtocolServerSideTranslatorPB.processRequest(OzoneManagerProtocolServerSideTranslatorPB.java:205) ~[ozone-manager-1.3.0-SNAPSHOT.jar:?]
	at org.apache.hadoop.hdds.server.OzoneProtocolMessageDispatcher.processRequest(OzoneProtocolMessageDispatcher.java:87) [hdds-server-framework-1.3.0-SNAPSHOT.jar:?]
	at org.apache.hadoop.ozone.protocolPB.OzoneManagerProtocolServerSideTranslatorPB.submitRequest(OzoneManagerProtocolServerSideTranslatorPB.java:147) [ozone-manager-1.3.0-SNAPSHOT.jar:?]
	at org.apache.hadoop.ozone.protocol.proto.OzoneManagerProtocolProtos$OzoneManagerService$2.callBlockingMethod(OzoneManagerProtocolProtos.java) [ozone-interface-client-1.3.0-SNAPSHOT.jar:?]
	at org.apache.hadoop.ipc.ProtobufRpcEngine$Server.processCall(ProtobufRpcEngine.java:466) [hadoop-common-3.3.1.jar:?]
	at org.apache.hadoop.ipc.ProtobufRpcEngine2$Server$ProtoBufRpcInvoker.call(ProtobufRpcEngine2.java:574) [hadoop-common-3.3.1.jar:?]
	at org.apache.hadoop.ipc.ProtobufRpcEngine2$Server$ProtoBufRpcInvoker.call(ProtobufRpcEngine2.java:552) [hadoop-common-3.3.1.jar:?]
	at org.apache.hadoop.ipc.RPC$Server.call(RPC.java:1093) [hadoop-common-3.3.1.jar:?]
	at org.apache.hadoop.ipc.Server$RpcCall.run(Server.java:1035) [hadoop-common-3.3.1.jar:?]
	at org.apache.hadoop.ipc.Server$RpcCall.run(Server.java:963) [hadoop-common-3.3.1.jar:?]
	at java.security.AccessController.doPrivileged(Native Method) ~[?:1.8.0_332]
	at javax.security.auth.Subject.doAs(Subject.java:422) [?:1.8.0_332]
	at org.apache.hadoop.security.UserGroupInformation.doAs(UserGroupInformation.java:1878) [hadoop-common-3.3.1.jar:?]
	at org.apache.hadoop.ipc.Server$Handler.run(Server.java:2966) [hadoop-common-3.3.1.jar:?]
2022-08-09 13:52:11,640 [Time-limited test] INFO  rpc.RpcClient (RpcClient.java:createVolume(468)) - Creating Volume: volume-07871, with runner as owner and space quota set to -1 bytes, counts quota set to -1
2022-08-09 13:52:11,641 [IPC Server handler 18 on default port 44079] INFO  volume.OMVolumeCreateRequest (OMVolumeCreateRequest.java:validateAndUpdateCache(195)) - created volume:volume-07871 for user:runner
2022-08-09 13:52:11,641 [Time-limited test] INFO  rpc.RpcClient (RpcClient.java:createBucket(671)) - Creating Bucket: volume-07871/bucket3, with bucket layout LEGACY, runner as owner, Versioning false, Storage Type set to DISK and Encryption set to false 
2022-08-09 13:52:11,642 [IPC Server handler 0 on default port 44079] INFO  bucket.OMBucketCreateRequest (OMBucketCreateRequest.java:validateAndUpdateCache(260)) - created bucket: bucket3 of layout LEGACY in volume: volume-07871
13:52:11.650 [IPC Server handler 15 on default port 44079] ERROR OMAudit - user=runner | ip=127.0.0.1 | op=DELETE_VOLUME {volume=volume-07871} | ret=FAILURE
org.apache.hadoop.ozone.om.exceptions.OMException: null
	at org.apache.hadoop.ozone.om.request.volume.OMVolumeDeleteRequest.validateAndUpdateCache(OMVolumeDeleteRequest.java:122) ~[ozone-manager-1.3.0-SNAPSHOT.jar:?]
	at org.apache.hadoop.ozone.protocolPB.OzoneManagerRequestHandler.handleWriteRequest(OzoneManagerRequestHandler.java:304) ~[ozone-manager-1.3.0-SNAPSHOT.jar:?]
	at org.apache.hadoop.ozone.protocolPB.OzoneManagerProtocolServerSideTranslatorPB.submitRequestDirectlyToOM(OzoneManagerProtocolServerSideTranslatorPB.java:282) ~[ozone-manager-1.3.0-SNAPSHOT.jar:?]
	at org.apache.hadoop.ozone.protocolPB.OzoneManagerProtocolServerSideTranslatorPB.processRequest(OzoneManagerProtocolServerSideTranslatorPB.java:205) ~[ozone-manager-1.3.0-SNAPSHOT.jar:?]
	at org.apache.hadoop.hdds.server.OzoneProtocolMessageDispatcher.processRequest(OzoneProtocolMessageDispatcher.java:87) [hdds-server-framework-1.3.0-SNAPSHOT.jar:?]
	at org.apache.hadoop.ozone.protocolPB.OzoneManagerProtocolServerSideTranslatorPB.submitRequest(OzoneManagerProtocolServerSideTranslatorPB.java:147) [ozone-manager-1.3.0-SNAPSHOT.jar:?]
	at org.apache.hadoop.ozone.protocol.proto.OzoneManagerProtocolProtos$OzoneManagerService$2.callBlockingMethod(OzoneManagerProtocolProtos.java) [ozone-interface-client-1.3.0-SNAPSHOT.jar:?]
	at org.apache.hadoop.ipc.ProtobufRpcEngine$Server.processCall(ProtobufRpcEngine.java:466) [hadoop-common-3.3.1.jar:?]
	at org.apache.hadoop.ipc.ProtobufRpcEngine2$Server$ProtoBufRpcInvoker.call(ProtobufRpcEngine2.java:574) [hadoop-common-3.3.1.jar:?]
	at org.apache.hadoop.ipc.ProtobufRpcEngine2$Server$ProtoBufRpcInvoker.call(ProtobufRpcEngine2.java:552) [hadoop-common-3.3.1.jar:?]
	at org.apache.hadoop.ipc.RPC$Server.call(RPC.java:1093) [hadoop-common-3.3.1.jar:?]
	at org.apache.hadoop.ipc.Server$RpcCall.run(Server.java:1035) [hadoop-common-3.3.1.jar:?]
	at org.apache.hadoop.ipc.Server$RpcCall.run(Server.java:963) [hadoop-common-3.3.1.jar:?]
	at java.security.AccessController.doPrivileged(Native Method) ~[?:1.8.0_332]
	at javax.security.auth.Subject.doAs(Subject.java:422) [?:1.8.0_332]
	at org.apache.hadoop.security.UserGroupInformation.doAs(UserGroupInformation.java:1878) [hadoop-common-3.3.1.jar:?]
	at org.apache.hadoop.ipc.Server$Handler.run(Server.java:2966) [hadoop-common-3.3.1.jar:?]
2022-08-09 13:52:11,650 [IPC Server handler 15 on default port 44079] ERROR volume.OMVolumeDeleteRequest (OMVolumeDeleteRequest.java:validateAndUpdateCache(170)) - Volume deletion failed for user:runner volume:volume-07871
VOLUME_NOT_EMPTY org.apache.hadoop.ozone.om.exceptions.OMException
	at org.apache.hadoop.ozone.om.request.volume.OMVolumeDeleteRequest.validateAndUpdateCache(OMVolumeDeleteRequest.java:122)
	at org.apache.hadoop.ozone.protocolPB.OzoneManagerRequestHandler.handleWriteRequest(OzoneManagerRequestHandler.java:304)
	at org.apache.hadoop.ozone.protocolPB.OzoneManagerProtocolServerSideTranslatorPB.submitRequestDirectlyToOM(OzoneManagerProtocolServerSideTranslatorPB.java:282)
	at org.apache.hadoop.ozone.protocolPB.OzoneManagerProtocolServerSideTranslatorPB.processRequest(OzoneManagerProtocolServerSideTranslatorPB.java:205)
	at org.apache.hadoop.hdds.server.OzoneProtocolMessageDispatcher.processRequest(OzoneProtocolMessageDispatcher.java:87)
	at org.apache.hadoop.ozone.protocolPB.OzoneManagerProtocolServerSideTranslatorPB.submitRequest(OzoneManagerProtocolServerSideTranslatorPB.java:147)
	at org.apache.hadoop.ozone.protocol.proto.OzoneManagerProtocolProtos$OzoneManagerService$2.callBlockingMethod(OzoneManagerProtocolProtos.java)
	at org.apache.hadoop.ipc.ProtobufRpcEngine$Server.processCall(ProtobufRpcEngine.java:466)
	at org.apache.hadoop.ipc.ProtobufRpcEngine2$Server$ProtoBufRpcInvoker.call(ProtobufRpcEngine2.java:574)
	at org.apache.hadoop.ipc.ProtobufRpcEngine2$Server$ProtoBufRpcInvoker.call(ProtobufRpcEngine2.java:552)
	at org.apache.hadoop.ipc.RPC$Server.call(RPC.java:1093)
	at org.apache.hadoop.ipc.Server$RpcCall.run(Server.java:1035)
	at org.apache.hadoop.ipc.Server$RpcCall.run(Server.java:963)
	at java.security.AccessController.doPrivileged(Native Method)
	at javax.security.auth.Subject.doAs(Subject.java:422)
	at org.apache.hadoop.security.UserGroupInformation.doAs(UserGroupInformation.java:1878)
	at org.apache.hadoop.ipc.Server$Handler.run(Server.java:2966)
13:52:11.662 [IPC Server handler 16 on default port 44079] ERROR OMAudit - user=runner | ip=127.0.0.1 | op=READ_VOLUME {volume=volume-07871} | ret=FAILURE
org.apache.hadoop.ozone.om.exceptions.OMException: Volume volume-07871 is not found
	at org.apache.hadoop.ozone.om.VolumeManagerImpl.getVolumeInfo(VolumeManagerImpl.java:74) ~[ozone-manager-1.3.0-SNAPSHOT.jar:?]
	at org.apache.hadoop.ozone.om.OzoneManager.getVolumeInfo(OzoneManager.java:2604) ~[ozone-manager-1.3.0-SNAPSHOT.jar:?]
	at org.apache.hadoop.ozone.protocolPB.OzoneManagerRequestHandler.infoVolume(OzoneManagerRequestHandler.java:401) ~[ozone-manager-1.3.0-SNAPSHOT.jar:?]
	at org.apache.hadoop.ozone.protocolPB.OzoneManagerRequestHandler.handleReadRequest(OzoneManagerRequestHandler.java:168) ~[ozone-manager-1.3.0-SNAPSHOT.jar:?]
	at org.apache.hadoop.ozone.protocolPB.OzoneManagerProtocolServerSideTranslatorPB.submitRequestDirectlyToOM(OzoneManagerProtocolServerSideTranslatorPB.java:276) ~[ozone-manager-1.3.0-SNAPSHOT.jar:?]
	at org.apache.hadoop.ozone.protocolPB.OzoneManagerProtocolServerSideTranslatorPB.processRequest(OzoneManagerProtocolServerSideTranslatorPB.java:205) ~[ozone-manager-1.3.0-SNAPSHOT.jar:?]
	at org.apache.hadoop.hdds.server.OzoneProtocolMessageDispatcher.processRequest(OzoneProtocolMessageDispatcher.java:87) [hdds-server-framework-1.3.0-SNAPSHOT.jar:?]
	at org.apache.hadoop.ozone.protocolPB.OzoneManagerProtocolServerSideTranslatorPB.submitRequest(OzoneManagerProtocolServerSideTranslatorPB.java:147) [ozone-manager-1.3.0-SNAPSHOT.jar:?]
	at org.apache.hadoop.ozone.protocol.proto.OzoneManagerProtocolProtos$OzoneManagerService$2.callBlockingMethod(OzoneManagerProtocolProtos.java) [ozone-interface-client-1.3.0-SNAPSHOT.jar:?]
	at org.apache.hadoop.ipc.ProtobufRpcEngine$Server.processCall(ProtobufRpcEngine.java:466) [hadoop-common-3.3.1.jar:?]
	at org.apache.hadoop.ipc.ProtobufRpcEngine2$Server$ProtoBufRpcInvoker.call(ProtobufRpcEngine2.java:574) [hadoop-common-3.3.1.jar:?]
	at org.apache.hadoop.ipc.ProtobufRpcEngine2$Server$ProtoBufRpcInvoker.call(ProtobufRpcEngine2.java:552) [hadoop-common-3.3.1.jar:?]
	at org.apache.hadoop.ipc.RPC$Server.call(RPC.java:1093) [hadoop-common-3.3.1.jar:?]
	at org.apache.hadoop.ipc.Server$RpcCall.run(Server.java:1035) [hadoop-common-3.3.1.jar:?]
	at org.apache.hadoop.ipc.Server$RpcCall.run(Server.java:963) [hadoop-common-3.3.1.jar:?]
	at java.security.AccessController.doPrivileged(Native Method) ~[?:1.8.0_332]
	at javax.security.auth.Subject.doAs(Subject.java:422) [?:1.8.0_332]
	at org.apache.hadoop.security.UserGroupInformation.doAs(UserGroupInformation.java:1878) [hadoop-common-3.3.1.jar:?]
	at org.apache.hadoop.ipc.Server$Handler.run(Server.java:2966) [hadoop-common-3.3.1.jar:?]
13:52:11.663 [IPC Server handler 12 on default port 44079] ERROR OMAudit - user=runner | ip=127.0.0.1 | op=READ_BUCKET {volume=volume-07871, bucket=bucket3} | ret=FAILURE
org.apache.hadoop.ozone.om.exceptions.OMException: Volume not found when getting bucket info
	at org.apache.hadoop.ozone.om.BucketManagerImpl.getBucketInfo(BucketManagerImpl.java:127) ~[ozone-manager-1.3.0-SNAPSHOT.jar:?]
	at org.apache.hadoop.ozone.om.OzoneManager.getBucketInfo(OzoneManager.java:2780) ~[ozone-manager-1.3.0-SNAPSHOT.jar:?]
	at org.apache.hadoop.ozone.protocolPB.OzoneManagerRequestHandler.infoBucket(OzoneManagerRequestHandler.java:475) ~[ozone-manager-1.3.0-SNAPSHOT.jar:?]
	at org.apache.hadoop.ozone.protocolPB.OzoneManagerRequestHandler.handleReadRequest(OzoneManagerRequestHandler.java:178) ~[ozone-manager-1.3.0-SNAPSHOT.jar:?]
	at org.apache.hadoop.ozone.protocolPB.OzoneManagerProtocolServerSideTranslatorPB.submitRequestDirectlyToOM(OzoneManagerProtocolServerSideTranslatorPB.java:276) ~[ozone-manager-1.3.0-SNAPSHOT.jar:?]
	at org.apache.hadoop.ozone.protocolPB.OzoneManagerProtocolServerSideTranslatorPB.processRequest(OzoneManagerProtocolServerSideTranslatorPB.java:205) ~[ozone-manager-1.3.0-SNAPSHOT.jar:?]
	at org.apache.hadoop.hdds.server.OzoneProtocolMessageDispatcher.processRequest(OzoneProtocolMessageDispatcher.java:87) [hdds-server-framework-1.3.0-SNAPSHOT.jar:?]
	at org.apache.hadoop.ozone.protocolPB.OzoneManagerProtocolServerSideTranslatorPB.submitRequest(OzoneManagerProtocolServerSideTranslatorPB.java:147) [ozone-manager-1.3.0-SNAPSHOT.jar:?]
	at org.apache.hadoop.ozone.protocol.proto.OzoneManagerProtocolProtos$OzoneManagerService$2.callBlockingMethod(OzoneManagerProtocolProtos.java) [ozone-interface-client-1.3.0-SNAPSHOT.jar:?]
	at org.apache.hadoop.ipc.ProtobufRpcEngine$Server.processCall(ProtobufRpcEngine.java:466) [hadoop-common-3.3.1.jar:?]
	at org.apache.hadoop.ipc.ProtobufRpcEngine2$Server$ProtoBufRpcInvoker.call(ProtobufRpcEngine2.java:574) [hadoop-common-3.3.1.jar:?]
	at org.apache.hadoop.ipc.ProtobufRpcEngine2$Server$ProtoBufRpcInvoker.call(ProtobufRpcEngine2.java:552) [hadoop-common-3.3.1.jar:?]
	at org.apache.hadoop.ipc.RPC$Server.call(RPC.java:1093) [hadoop-common-3.3.1.jar:?]
	at org.apache.hadoop.ipc.Server$RpcCall.run(Server.java:1035) [hadoop-common-3.3.1.jar:?]
	at org.apache.hadoop.ipc.Server$RpcCall.run(Server.java:963) [hadoop-common-3.3.1.jar:?]
	at java.security.AccessController.doPrivileged(Native Method) ~[?:1.8.0_332]
	at javax.security.auth.Subject.doAs(Subject.java:422) [?:1.8.0_332]
	at org.apache.hadoop.security.UserGroupInformation.doAs(UserGroupInformation.java:1878) [hadoop-common-3.3.1.jar:?]
	at org.apache.hadoop.ipc.Server$Handler.run(Server.java:2966) [hadoop-common-3.3.1.jar:?]
2022-08-09 13:52:11,669 [Time-limited test] INFO  rpc.RpcClient (RpcClient.java:createVolume(468)) - Creating Volume: volume-07871, with runner as owner and space quota set to -1 bytes, counts quota set to -1
2022-08-09 13:52:11,669 [IPC Server handler 11 on default port 44079] INFO  volume.OMVolumeCreateRequest (OMVolumeCreateRequest.java:validateAndUpdateCache(195)) - created volume:volume-07871 for user:runner
2022-08-09 13:52:11,685 [Time-limited test] INFO  rpc.RpcClient (RpcClient.java:createBucket(671)) - Creating Bucket: volume-07871/bucket3, with bucket layout LEGACY, runner as owner, Versioning false, Storage Type set to DISK and Encryption set to false 
2022-08-09 13:52:11,685 [IPC Server handler 8 on default port 44079] INFO  bucket.OMBucketCreateRequest (OMBucketCreateRequest.java:validateAndUpdateCache(260)) - created bucket: bucket3 of layout LEGACY in volume: volume-07871
13:52:11.716 [IPC Server handler 6 on default port 44079] ERROR OMAudit - user=runner | ip=127.0.0.1 | op=READ_VOLUME {volume=volume-07871} | ret=FAILURE
org.apache.hadoop.ozone.om.exceptions.OMException: Volume volume-07871 is not found
	at org.apache.hadoop.ozone.om.VolumeManagerImpl.getVolumeInfo(VolumeManagerImpl.java:74) ~[ozone-manager-1.3.0-SNAPSHOT.jar:?]
	at org.apache.hadoop.ozone.om.OzoneManager.getVolumeInfo(OzoneManager.java:2604) ~[ozone-manager-1.3.0-SNAPSHOT.jar:?]
	at org.apache.hadoop.ozone.protocolPB.OzoneManagerRequestHandler.infoVolume(OzoneManagerRequestHandler.java:401) ~[ozone-manager-1.3.0-SNAPSHOT.jar:?]
	at org.apache.hadoop.ozone.protocolPB.OzoneManagerRequestHandler.handleReadRequest(OzoneManagerRequestHandler.java:168) ~[ozone-manager-1.3.0-SNAPSHOT.jar:?]
	at org.apache.hadoop.ozone.protocolPB.OzoneManagerProtocolServerSideTranslatorPB.submitRequestDirectlyToOM(OzoneManagerProtocolServerSideTranslatorPB.java:276) ~[ozone-manager-1.3.0-SNAPSHOT.jar:?]
	at org.apache.hadoop.ozone.protocolPB.OzoneManagerProtocolServerSideTranslatorPB.processRequest(OzoneManagerProtocolServerSideTranslatorPB.java:205) ~[ozone-manager-1.3.0-SNAPSHOT.jar:?]
	at org.apache.hadoop.hdds.server.OzoneProtocolMessageDispatcher.processRequest(OzoneProtocolMessageDispatcher.java:87) [hdds-server-framework-1.3.0-SNAPSHOT.jar:?]
	at org.apache.hadoop.ozone.protocolPB.OzoneManagerProtocolServerSideTranslatorPB.submitRequest(OzoneManagerProtocolServerSideTranslatorPB.java:147) [ozone-manager-1.3.0-SNAPSHOT.jar:?]
	at org.apache.hadoop.ozone.protocol.proto.OzoneManagerProtocolProtos$OzoneManagerService$2.callBlockingMethod(OzoneManagerProtocolProtos.java) [ozone-interface-client-1.3.0-SNAPSHOT.jar:?]
	at org.apache.hadoop.ipc.ProtobufRpcEngine$Server.processCall(ProtobufRpcEngine.java:466) [hadoop-common-3.3.1.jar:?]
	at org.apache.hadoop.ipc.ProtobufRpcEngine2$Server$ProtoBufRpcInvoker.call(ProtobufRpcEngine2.java:574) [hadoop-common-3.3.1.jar:?]
	at org.apache.hadoop.ipc.ProtobufRpcEngine2$Server$ProtoBufRpcInvoker.call(ProtobufRpcEngine2.java:552) [hadoop-common-3.3.1.jar:?]
	at org.apache.hadoop.ipc.RPC$Server.call(RPC.java:1093) [hadoop-common-3.3.1.jar:?]
	at org.apache.hadoop.ipc.Server$RpcCall.run(Server.java:1035) [hadoop-common-3.3.1.jar:?]
	at org.apache.hadoop.ipc.Server$RpcCall.run(Server.java:963) [hadoop-common-3.3.1.jar:?]
	at java.security.AccessController.doPrivileged(Native Method) ~[?:1.8.0_332]
	at javax.security.auth.Subject.doAs(Subject.java:422) [?:1.8.0_332]
	at org.apache.hadoop.security.UserGroupInformation.doAs(UserGroupInformation.java:1878) [hadoop-common-3.3.1.jar:?]
	at org.apache.hadoop.ipc.Server$Handler.run(Server.java:2966) [hadoop-common-3.3.1.jar:?]
]]></system-out>
  </testcase>
  <testcase name="testRenameToParentDir" classname="TestRootedOzoneFileSystem" time="0.124">
    <system-out><![CDATA[2022-08-09 13:47:17,166 [Time-limited test] INFO  rpc.RpcClient (RpcClient.java:createVolume(468)) - Creating Volume: volume10519, with user06103 as owner and space quota set to -1 bytes, counts quota set to -1
2022-08-09 13:47:17,171 [OM StateMachine ApplyTransaction Thread - 0] INFO  volume.OMVolumeCreateRequest (OMVolumeCreateRequest.java:validateAndUpdateCache(195)) - created volume:volume10519 for user:user06103
2022-08-09 13:47:17,173 [Time-limited test] INFO  rpc.RpcClient (RpcClient.java:createBucket(671)) - Creating Bucket: volume10519/bucket36047, with bucket layout LEGACY, runner as owner, Versioning false, Storage Type set to DISK and Encryption set to false 
2022-08-09 13:47:17,174 [OM StateMachine ApplyTransaction Thread - 0] INFO  bucket.OMBucketCreateRequest (OMBucketCreateRequest.java:validateAndUpdateCache(260)) - created bucket: bucket36047 of layout LEGACY in volume: volume10519
13:47:17.195 [IPC Server handler 10 on default port 44757] ERROR OMAudit - user=runner | ip=127.0.0.1 | op=LIST_STATUS {volume=volume10519, bucket=bucket36047, key=root_dir/dir2, dataSize=0, replicationConfig=null} | ret=FAILURE
org.apache.hadoop.ozone.om.exceptions.OMException: Unable to get file status: volume: volume10519 bucket: bucket36047 key: root_dir/dir2
	at org.apache.hadoop.ozone.om.KeyManagerImpl.getOzoneFileStatus(KeyManagerImpl.java:1311) ~[ozone-manager-1.3.0-SNAPSHOT.jar:?]
	at org.apache.hadoop.ozone.om.KeyManagerImpl.getFileStatus(KeyManagerImpl.java:1241) ~[ozone-manager-1.3.0-SNAPSHOT.jar:?]
	at org.apache.hadoop.ozone.om.KeyManagerImpl.listStatus(KeyManagerImpl.java:1565) ~[ozone-manager-1.3.0-SNAPSHOT.jar:?]
	at org.apache.hadoop.ozone.om.OzoneManager.listStatus(OzoneManager.java:3546) ~[ozone-manager-1.3.0-SNAPSHOT.jar:?]
	at org.apache.hadoop.ozone.protocolPB.OzoneManagerRequestHandler.listStatus(OzoneManagerRequestHandler.java:1072) ~[ozone-manager-1.3.0-SNAPSHOT.jar:?]
	at org.apache.hadoop.ozone.protocolPB.OzoneManagerRequestHandler.handleReadRequest(OzoneManagerRequestHandler.java:239) ~[ozone-manager-1.3.0-SNAPSHOT.jar:?]
	at org.apache.hadoop.ozone.protocolPB.OzoneManagerProtocolServerSideTranslatorPB.submitReadRequestToOM(OzoneManagerProtocolServerSideTranslatorPB.java:226) ~[ozone-manager-1.3.0-SNAPSHOT.jar:?]
	at org.apache.hadoop.ozone.protocolPB.OzoneManagerProtocolServerSideTranslatorPB.processRequest(OzoneManagerProtocolServerSideTranslatorPB.java:175) ~[ozone-manager-1.3.0-SNAPSHOT.jar:?]
	at org.apache.hadoop.hdds.server.OzoneProtocolMessageDispatcher.processRequest(OzoneProtocolMessageDispatcher.java:87) [hdds-server-framework-1.3.0-SNAPSHOT.jar:?]
	at org.apache.hadoop.ozone.protocolPB.OzoneManagerProtocolServerSideTranslatorPB.submitRequest(OzoneManagerProtocolServerSideTranslatorPB.java:147) [ozone-manager-1.3.0-SNAPSHOT.jar:?]
	at org.apache.hadoop.ozone.protocol.proto.OzoneManagerProtocolProtos$OzoneManagerService$2.callBlockingMethod(OzoneManagerProtocolProtos.java) [ozone-interface-client-1.3.0-SNAPSHOT.jar:?]
	at org.apache.hadoop.ipc.ProtobufRpcEngine$Server.processCall(ProtobufRpcEngine.java:466) [hadoop-common-3.3.1.jar:?]
	at org.apache.hadoop.ipc.ProtobufRpcEngine2$Server$ProtoBufRpcInvoker.call(ProtobufRpcEngine2.java:574) [hadoop-common-3.3.1.jar:?]
	at org.apache.hadoop.ipc.ProtobufRpcEngine2$Server$ProtoBufRpcInvoker.call(ProtobufRpcEngine2.java:552) [hadoop-common-3.3.1.jar:?]
	at org.apache.hadoop.ipc.RPC$Server.call(RPC.java:1093) [hadoop-common-3.3.1.jar:?]
	at org.apache.hadoop.ipc.Server$RpcCall.run(Server.java:1035) [hadoop-common-3.3.1.jar:?]
	at org.apache.hadoop.ipc.Server$RpcCall.run(Server.java:963) [hadoop-common-3.3.1.jar:?]
	at java.security.AccessController.doPrivileged(Native Method) ~[?:1.8.0_332]
	at javax.security.auth.Subject.doAs(Subject.java:422) [?:1.8.0_332]
	at org.apache.hadoop.security.UserGroupInformation.doAs(UserGroupInformation.java:1878) [hadoop-common-3.3.1.jar:?]
	at org.apache.hadoop.ipc.Server$Handler.run(Server.java:2966) [hadoop-common-3.3.1.jar:?]
13:47:17.212 [IPC Server handler 4 on default port 44757] ERROR OMAudit - user=runner | ip=127.0.0.1 | op=LIST_STATUS {volume=volume10519, bucket=bucket36047, key=root_dir/file2, dataSize=0, replicationConfig=null} | ret=FAILURE
org.apache.hadoop.ozone.om.exceptions.OMException: Unable to get file status: volume: volume10519 bucket: bucket36047 key: root_dir/file2
	at org.apache.hadoop.ozone.om.KeyManagerImpl.getOzoneFileStatus(KeyManagerImpl.java:1311) ~[ozone-manager-1.3.0-SNAPSHOT.jar:?]
	at org.apache.hadoop.ozone.om.KeyManagerImpl.getFileStatus(KeyManagerImpl.java:1241) ~[ozone-manager-1.3.0-SNAPSHOT.jar:?]
	at org.apache.hadoop.ozone.om.KeyManagerImpl.listStatus(KeyManagerImpl.java:1565) ~[ozone-manager-1.3.0-SNAPSHOT.jar:?]
	at org.apache.hadoop.ozone.om.OzoneManager.listStatus(OzoneManager.java:3546) ~[ozone-manager-1.3.0-SNAPSHOT.jar:?]
	at org.apache.hadoop.ozone.protocolPB.OzoneManagerRequestHandler.listStatus(OzoneManagerRequestHandler.java:1072) ~[ozone-manager-1.3.0-SNAPSHOT.jar:?]
	at org.apache.hadoop.ozone.protocolPB.OzoneManagerRequestHandler.handleReadRequest(OzoneManagerRequestHandler.java:239) ~[ozone-manager-1.3.0-SNAPSHOT.jar:?]
	at org.apache.hadoop.ozone.protocolPB.OzoneManagerProtocolServerSideTranslatorPB.submitReadRequestToOM(OzoneManagerProtocolServerSideTranslatorPB.java:226) ~[ozone-manager-1.3.0-SNAPSHOT.jar:?]
	at org.apache.hadoop.ozone.protocolPB.OzoneManagerProtocolServerSideTranslatorPB.processRequest(OzoneManagerProtocolServerSideTranslatorPB.java:175) ~[ozone-manager-1.3.0-SNAPSHOT.jar:?]
	at org.apache.hadoop.hdds.server.OzoneProtocolMessageDispatcher.processRequest(OzoneProtocolMessageDispatcher.java:87) [hdds-server-framework-1.3.0-SNAPSHOT.jar:?]
	at org.apache.hadoop.ozone.protocolPB.OzoneManagerProtocolServerSideTranslatorPB.submitRequest(OzoneManagerProtocolServerSideTranslatorPB.java:147) [ozone-manager-1.3.0-SNAPSHOT.jar:?]
	at org.apache.hadoop.ozone.protocol.proto.OzoneManagerProtocolProtos$OzoneManagerService$2.callBlockingMethod(OzoneManagerProtocolProtos.java) [ozone-interface-client-1.3.0-SNAPSHOT.jar:?]
	at org.apache.hadoop.ipc.ProtobufRpcEngine$Server.processCall(ProtobufRpcEngine.java:466) [hadoop-common-3.3.1.jar:?]
	at org.apache.hadoop.ipc.ProtobufRpcEngine2$Server$ProtoBufRpcInvoker.call(ProtobufRpcEngine2.java:574) [hadoop-common-3.3.1.jar:?]
	at org.apache.hadoop.ipc.ProtobufRpcEngine2$Server$ProtoBufRpcInvoker.call(ProtobufRpcEngine2.java:552) [hadoop-common-3.3.1.jar:?]
	at org.apache.hadoop.ipc.RPC$Server.call(RPC.java:1093) [hadoop-common-3.3.1.jar:?]
	at org.apache.hadoop.ipc.Server$RpcCall.run(Server.java:1035) [hadoop-common-3.3.1.jar:?]
	at org.apache.hadoop.ipc.Server$RpcCall.run(Server.java:963) [hadoop-common-3.3.1.jar:?]
	at java.security.AccessController.doPrivileged(Native Method) ~[?:1.8.0_332]
	at javax.security.auth.Subject.doAs(Subject.java:422) [?:1.8.0_332]
	at org.apache.hadoop.security.UserGroupInformation.doAs(UserGroupInformation.java:1878) [hadoop-common-3.3.1.jar:?]
	at org.apache.hadoop.ipc.Server$Handler.run(Server.java:2966) [hadoop-common-3.3.1.jar:?]
13:47:17.223 [IPC Server handler 2 on default port 44757] ERROR OMAudit - user=runner | ip=127.0.0.1 | op=GET_FILE_STATUS {volume=volume10519, bucket=bucket36047, key=root_dir/dir1/file2, dataSize=0, replicationConfig=null} | ret=FAILURE
org.apache.hadoop.ozone.om.exceptions.OMException: Unable to get file status: volume: volume10519 bucket: bucket36047 key: root_dir/dir1/file2
	at org.apache.hadoop.ozone.om.KeyManagerImpl.getOzoneFileStatus(KeyManagerImpl.java:1311) ~[ozone-manager-1.3.0-SNAPSHOT.jar:?]
	at org.apache.hadoop.ozone.om.KeyManagerImpl.getFileStatus(KeyManagerImpl.java:1241) ~[ozone-manager-1.3.0-SNAPSHOT.jar:?]
	at org.apache.hadoop.ozone.om.OzoneManager.getFileStatus(OzoneManager.java:3468) ~[ozone-manager-1.3.0-SNAPSHOT.jar:?]
	at org.apache.hadoop.ozone.protocolPB.OzoneManagerRequestHandler.getOzoneFileStatus(OzoneManagerRequestHandler.java:882) ~[ozone-manager-1.3.0-SNAPSHOT.jar:?]
	at org.apache.hadoop.ozone.protocolPB.OzoneManagerRequestHandler.handleReadRequest(OzoneManagerRequestHandler.java:228) ~[ozone-manager-1.3.0-SNAPSHOT.jar:?]
	at org.apache.hadoop.ozone.protocolPB.OzoneManagerProtocolServerSideTranslatorPB.submitReadRequestToOM(OzoneManagerProtocolServerSideTranslatorPB.java:226) ~[ozone-manager-1.3.0-SNAPSHOT.jar:?]
	at org.apache.hadoop.ozone.protocolPB.OzoneManagerProtocolServerSideTranslatorPB.processRequest(OzoneManagerProtocolServerSideTranslatorPB.java:175) ~[ozone-manager-1.3.0-SNAPSHOT.jar:?]
	at org.apache.hadoop.hdds.server.OzoneProtocolMessageDispatcher.processRequest(OzoneProtocolMessageDispatcher.java:87) [hdds-server-framework-1.3.0-SNAPSHOT.jar:?]
	at org.apache.hadoop.ozone.protocolPB.OzoneManagerProtocolServerSideTranslatorPB.submitRequest(OzoneManagerProtocolServerSideTranslatorPB.java:147) [ozone-manager-1.3.0-SNAPSHOT.jar:?]
	at org.apache.hadoop.ozone.protocol.proto.OzoneManagerProtocolProtos$OzoneManagerService$2.callBlockingMethod(OzoneManagerProtocolProtos.java) [ozone-interface-client-1.3.0-SNAPSHOT.jar:?]
	at org.apache.hadoop.ipc.ProtobufRpcEngine$Server.processCall(ProtobufRpcEngine.java:466) [hadoop-common-3.3.1.jar:?]
	at org.apache.hadoop.ipc.ProtobufRpcEngine2$Server$ProtoBufRpcInvoker.call(ProtobufRpcEngine2.java:574) [hadoop-common-3.3.1.jar:?]
	at org.apache.hadoop.ipc.ProtobufRpcEngine2$Server$ProtoBufRpcInvoker.call(ProtobufRpcEngine2.java:552) [hadoop-common-3.3.1.jar:?]
	at org.apache.hadoop.ipc.RPC$Server.call(RPC.java:1093) [hadoop-common-3.3.1.jar:?]
	at org.apache.hadoop.ipc.Server$RpcCall.run(Server.java:1035) [hadoop-common-3.3.1.jar:?]
	at org.apache.hadoop.ipc.Server$RpcCall.run(Server.java:963) [hadoop-common-3.3.1.jar:?]
	at java.security.AccessController.doPrivileged(Native Method) ~[?:1.8.0_332]
	at javax.security.auth.Subject.doAs(Subject.java:422) [?:1.8.0_332]
	at org.apache.hadoop.security.UserGroupInformation.doAs(UserGroupInformation.java:1878) [hadoop-common-3.3.1.jar:?]
	at org.apache.hadoop.ipc.Server$Handler.run(Server.java:2966) [hadoop-common-3.3.1.jar:?]
2022-08-09 13:47:17,224 [Time-limited test] WARN  ozone.BasicRootedOzoneFileSystem (BasicRootedOzoneFileSystem.java:delete(572)) - delete: Path does not exist: /volume10519/bucket36047/root_dir/dir1/file2
13:47:17.225 [IPC Server handler 13 on default port 44757] ERROR OMAudit - user=runner | ip=127.0.0.1 | op=GET_FILE_STATUS {volume=volume10519, bucket=bucket36047, key=root_dir/dir1/dir2, dataSize=0, replicationConfig=null} | ret=FAILURE
org.apache.hadoop.ozone.om.exceptions.OMException: Unable to get file status: volume: volume10519 bucket: bucket36047 key: root_dir/dir1/dir2
	at org.apache.hadoop.ozone.om.KeyManagerImpl.getOzoneFileStatus(KeyManagerImpl.java:1311) ~[ozone-manager-1.3.0-SNAPSHOT.jar:?]
	at org.apache.hadoop.ozone.om.KeyManagerImpl.getFileStatus(KeyManagerImpl.java:1241) ~[ozone-manager-1.3.0-SNAPSHOT.jar:?]
	at org.apache.hadoop.ozone.om.OzoneManager.getFileStatus(OzoneManager.java:3468) ~[ozone-manager-1.3.0-SNAPSHOT.jar:?]
	at org.apache.hadoop.ozone.protocolPB.OzoneManagerRequestHandler.getOzoneFileStatus(OzoneManagerRequestHandler.java:882) ~[ozone-manager-1.3.0-SNAPSHOT.jar:?]
	at org.apache.hadoop.ozone.protocolPB.OzoneManagerRequestHandler.handleReadRequest(OzoneManagerRequestHandler.java:228) ~[ozone-manager-1.3.0-SNAPSHOT.jar:?]
	at org.apache.hadoop.ozone.protocolPB.OzoneManagerProtocolServerSideTranslatorPB.submitReadRequestToOM(OzoneManagerProtocolServerSideTranslatorPB.java:226) ~[ozone-manager-1.3.0-SNAPSHOT.jar:?]
	at org.apache.hadoop.ozone.protocolPB.OzoneManagerProtocolServerSideTranslatorPB.processRequest(OzoneManagerProtocolServerSideTranslatorPB.java:175) ~[ozone-manager-1.3.0-SNAPSHOT.jar:?]
	at org.apache.hadoop.hdds.server.OzoneProtocolMessageDispatcher.processRequest(OzoneProtocolMessageDispatcher.java:87) [hdds-server-framework-1.3.0-SNAPSHOT.jar:?]
	at org.apache.hadoop.ozone.protocolPB.OzoneManagerProtocolServerSideTranslatorPB.submitRequest(OzoneManagerProtocolServerSideTranslatorPB.java:147) [ozone-manager-1.3.0-SNAPSHOT.jar:?]
	at org.apache.hadoop.ozone.protocol.proto.OzoneManagerProtocolProtos$OzoneManagerService$2.callBlockingMethod(OzoneManagerProtocolProtos.java) [ozone-interface-client-1.3.0-SNAPSHOT.jar:?]
	at org.apache.hadoop.ipc.ProtobufRpcEngine$Server.processCall(ProtobufRpcEngine.java:466) [hadoop-common-3.3.1.jar:?]
	at org.apache.hadoop.ipc.ProtobufRpcEngine2$Server$ProtoBufRpcInvoker.call(ProtobufRpcEngine2.java:574) [hadoop-common-3.3.1.jar:?]
	at org.apache.hadoop.ipc.ProtobufRpcEngine2$Server$ProtoBufRpcInvoker.call(ProtobufRpcEngine2.java:552) [hadoop-common-3.3.1.jar:?]
	at org.apache.hadoop.ipc.RPC$Server.call(RPC.java:1093) [hadoop-common-3.3.1.jar:?]
	at org.apache.hadoop.ipc.Server$RpcCall.run(Server.java:1035) [hadoop-common-3.3.1.jar:?]
	at org.apache.hadoop.ipc.Server$RpcCall.run(Server.java:963) [hadoop-common-3.3.1.jar:?]
	at java.security.AccessController.doPrivileged(Native Method) ~[?:1.8.0_332]
	at javax.security.auth.Subject.doAs(Subject.java:422) [?:1.8.0_332]
	at org.apache.hadoop.security.UserGroupInformation.doAs(UserGroupInformation.java:1878) [hadoop-common-3.3.1.jar:?]
	at org.apache.hadoop.ipc.Server$Handler.run(Server.java:2966) [hadoop-common-3.3.1.jar:?]
2022-08-09 13:47:17,226 [Time-limited test] WARN  ozone.BasicRootedOzoneFileSystem (BasicRootedOzoneFileSystem.java:delete(572)) - delete: Path does not exist: /volume10519/bucket36047/root_dir/dir1/dir2
]]></system-out>
  </testcase>
  <testcase name="testRenameToParentDir" classname="TestRootedOzoneFileSystem" time="0.132">
    <system-out><![CDATA[2022-08-09 13:48:22,333 [Time-limited test] INFO  rpc.RpcClient (RpcClient.java:createVolume(468)) - Creating Volume: volume08768, with user12284 as owner and space quota set to -1 bytes, counts quota set to -1
2022-08-09 13:48:22,335 [OM StateMachine ApplyTransaction Thread - 0] INFO  volume.OMVolumeCreateRequest (OMVolumeCreateRequest.java:validateAndUpdateCache(195)) - created volume:volume08768 for user:user12284
2022-08-09 13:48:22,336 [Time-limited test] INFO  rpc.RpcClient (RpcClient.java:createBucket(671)) - Creating Bucket: volume08768/bucket84802, with bucket layout LEGACY, runner as owner, Versioning false, Storage Type set to DISK and Encryption set to false 
2022-08-09 13:48:22,337 [OM StateMachine ApplyTransaction Thread - 0] INFO  bucket.OMBucketCreateRequest (OMBucketCreateRequest.java:validateAndUpdateCache(260)) - created bucket: bucket84802 of layout LEGACY in volume: volume08768
13:48:22.350 [IPC Server handler 0 on default port 34619] ERROR OMAudit - user=runner | ip=127.0.0.1 | op=LIST_STATUS {volume=volume08768, bucket=bucket84802, key=root_dir/dir2, dataSize=0, replicationConfig=null} | ret=FAILURE
org.apache.hadoop.ozone.om.exceptions.OMException: Unable to get file status: volume: volume08768 bucket: bucket84802 key: root_dir/dir2
	at org.apache.hadoop.ozone.om.KeyManagerImpl.getOzoneFileStatus(KeyManagerImpl.java:1311) ~[ozone-manager-1.3.0-SNAPSHOT.jar:?]
	at org.apache.hadoop.ozone.om.KeyManagerImpl.getFileStatus(KeyManagerImpl.java:1241) ~[ozone-manager-1.3.0-SNAPSHOT.jar:?]
	at org.apache.hadoop.ozone.om.KeyManagerImpl.listStatus(KeyManagerImpl.java:1565) ~[ozone-manager-1.3.0-SNAPSHOT.jar:?]
	at org.apache.hadoop.ozone.om.OzoneManager.listStatus(OzoneManager.java:3546) ~[ozone-manager-1.3.0-SNAPSHOT.jar:?]
	at org.apache.hadoop.ozone.protocolPB.OzoneManagerRequestHandler.listStatus(OzoneManagerRequestHandler.java:1072) ~[ozone-manager-1.3.0-SNAPSHOT.jar:?]
	at org.apache.hadoop.ozone.protocolPB.OzoneManagerRequestHandler.handleReadRequest(OzoneManagerRequestHandler.java:239) ~[ozone-manager-1.3.0-SNAPSHOT.jar:?]
	at org.apache.hadoop.ozone.protocolPB.OzoneManagerProtocolServerSideTranslatorPB.submitReadRequestToOM(OzoneManagerProtocolServerSideTranslatorPB.java:226) ~[ozone-manager-1.3.0-SNAPSHOT.jar:?]
	at org.apache.hadoop.ozone.protocolPB.OzoneManagerProtocolServerSideTranslatorPB.processRequest(OzoneManagerProtocolServerSideTranslatorPB.java:175) ~[ozone-manager-1.3.0-SNAPSHOT.jar:?]
	at org.apache.hadoop.hdds.server.OzoneProtocolMessageDispatcher.processRequest(OzoneProtocolMessageDispatcher.java:87) [hdds-server-framework-1.3.0-SNAPSHOT.jar:?]
	at org.apache.hadoop.ozone.protocolPB.OzoneManagerProtocolServerSideTranslatorPB.submitRequest(OzoneManagerProtocolServerSideTranslatorPB.java:147) [ozone-manager-1.3.0-SNAPSHOT.jar:?]
	at org.apache.hadoop.ozone.protocol.proto.OzoneManagerProtocolProtos$OzoneManagerService$2.callBlockingMethod(OzoneManagerProtocolProtos.java) [ozone-interface-client-1.3.0-SNAPSHOT.jar:?]
	at org.apache.hadoop.ipc.ProtobufRpcEngine$Server.processCall(ProtobufRpcEngine.java:466) [hadoop-common-3.3.1.jar:?]
	at org.apache.hadoop.ipc.ProtobufRpcEngine2$Server$ProtoBufRpcInvoker.call(ProtobufRpcEngine2.java:574) [hadoop-common-3.3.1.jar:?]
	at org.apache.hadoop.ipc.ProtobufRpcEngine2$Server$ProtoBufRpcInvoker.call(ProtobufRpcEngine2.java:552) [hadoop-common-3.3.1.jar:?]
	at org.apache.hadoop.ipc.RPC$Server.call(RPC.java:1093) [hadoop-common-3.3.1.jar:?]
	at org.apache.hadoop.ipc.Server$RpcCall.run(Server.java:1035) [hadoop-common-3.3.1.jar:?]
	at org.apache.hadoop.ipc.Server$RpcCall.run(Server.java:963) [hadoop-common-3.3.1.jar:?]
	at java.security.AccessController.doPrivileged(Native Method) ~[?:1.8.0_332]
	at javax.security.auth.Subject.doAs(Subject.java:422) [?:1.8.0_332]
	at org.apache.hadoop.security.UserGroupInformation.doAs(UserGroupInformation.java:1878) [hadoop-common-3.3.1.jar:?]
	at org.apache.hadoop.ipc.Server$Handler.run(Server.java:2966) [hadoop-common-3.3.1.jar:?]
13:48:22.358 [IPC Server handler 19 on default port 34619] ERROR OMAudit - user=runner | ip=127.0.0.1 | op=LIST_STATUS {volume=volume08768, bucket=bucket84802, key=root_dir/file2, dataSize=0, replicationConfig=null} | ret=FAILURE
org.apache.hadoop.ozone.om.exceptions.OMException: Unable to get file status: volume: volume08768 bucket: bucket84802 key: root_dir/file2
	at org.apache.hadoop.ozone.om.KeyManagerImpl.getOzoneFileStatus(KeyManagerImpl.java:1311) ~[ozone-manager-1.3.0-SNAPSHOT.jar:?]
	at org.apache.hadoop.ozone.om.KeyManagerImpl.getFileStatus(KeyManagerImpl.java:1241) ~[ozone-manager-1.3.0-SNAPSHOT.jar:?]
	at org.apache.hadoop.ozone.om.KeyManagerImpl.listStatus(KeyManagerImpl.java:1565) ~[ozone-manager-1.3.0-SNAPSHOT.jar:?]
	at org.apache.hadoop.ozone.om.OzoneManager.listStatus(OzoneManager.java:3546) ~[ozone-manager-1.3.0-SNAPSHOT.jar:?]
	at org.apache.hadoop.ozone.protocolPB.OzoneManagerRequestHandler.listStatus(OzoneManagerRequestHandler.java:1072) ~[ozone-manager-1.3.0-SNAPSHOT.jar:?]
	at org.apache.hadoop.ozone.protocolPB.OzoneManagerRequestHandler.handleReadRequest(OzoneManagerRequestHandler.java:239) ~[ozone-manager-1.3.0-SNAPSHOT.jar:?]
	at org.apache.hadoop.ozone.protocolPB.OzoneManagerProtocolServerSideTranslatorPB.submitReadRequestToOM(OzoneManagerProtocolServerSideTranslatorPB.java:226) ~[ozone-manager-1.3.0-SNAPSHOT.jar:?]
	at org.apache.hadoop.ozone.protocolPB.OzoneManagerProtocolServerSideTranslatorPB.processRequest(OzoneManagerProtocolServerSideTranslatorPB.java:175) ~[ozone-manager-1.3.0-SNAPSHOT.jar:?]
	at org.apache.hadoop.hdds.server.OzoneProtocolMessageDispatcher.processRequest(OzoneProtocolMessageDispatcher.java:87) [hdds-server-framework-1.3.0-SNAPSHOT.jar:?]
	at org.apache.hadoop.ozone.protocolPB.OzoneManagerProtocolServerSideTranslatorPB.submitRequest(OzoneManagerProtocolServerSideTranslatorPB.java:147) [ozone-manager-1.3.0-SNAPSHOT.jar:?]
	at org.apache.hadoop.ozone.protocol.proto.OzoneManagerProtocolProtos$OzoneManagerService$2.callBlockingMethod(OzoneManagerProtocolProtos.java) [ozone-interface-client-1.3.0-SNAPSHOT.jar:?]
	at org.apache.hadoop.ipc.ProtobufRpcEngine$Server.processCall(ProtobufRpcEngine.java:466) [hadoop-common-3.3.1.jar:?]
	at org.apache.hadoop.ipc.ProtobufRpcEngine2$Server$ProtoBufRpcInvoker.call(ProtobufRpcEngine2.java:574) [hadoop-common-3.3.1.jar:?]
	at org.apache.hadoop.ipc.ProtobufRpcEngine2$Server$ProtoBufRpcInvoker.call(ProtobufRpcEngine2.java:552) [hadoop-common-3.3.1.jar:?]
	at org.apache.hadoop.ipc.RPC$Server.call(RPC.java:1093) [hadoop-common-3.3.1.jar:?]
	at org.apache.hadoop.ipc.Server$RpcCall.run(Server.java:1035) [hadoop-common-3.3.1.jar:?]
	at org.apache.hadoop.ipc.Server$RpcCall.run(Server.java:963) [hadoop-common-3.3.1.jar:?]
	at java.security.AccessController.doPrivileged(Native Method) ~[?:1.8.0_332]
	at javax.security.auth.Subject.doAs(Subject.java:422) [?:1.8.0_332]
	at org.apache.hadoop.security.UserGroupInformation.doAs(UserGroupInformation.java:1878) [hadoop-common-3.3.1.jar:?]
	at org.apache.hadoop.ipc.Server$Handler.run(Server.java:2966) [hadoop-common-3.3.1.jar:?]
13:48:22.362 [IPC Server handler 8 on default port 34619] ERROR OMAudit - user=runner | ip=127.0.0.1 | op=GET_FILE_STATUS {volume=volume08768, bucket=bucket84802, key=root_dir/dir1/file2, dataSize=0, replicationConfig=null} | ret=FAILURE
org.apache.hadoop.ozone.om.exceptions.OMException: Unable to get file status: volume: volume08768 bucket: bucket84802 key: root_dir/dir1/file2
	at org.apache.hadoop.ozone.om.KeyManagerImpl.getOzoneFileStatus(KeyManagerImpl.java:1311) ~[ozone-manager-1.3.0-SNAPSHOT.jar:?]
	at org.apache.hadoop.ozone.om.KeyManagerImpl.getFileStatus(KeyManagerImpl.java:1241) ~[ozone-manager-1.3.0-SNAPSHOT.jar:?]
	at org.apache.hadoop.ozone.om.OzoneManager.getFileStatus(OzoneManager.java:3468) ~[ozone-manager-1.3.0-SNAPSHOT.jar:?]
	at org.apache.hadoop.ozone.protocolPB.OzoneManagerRequestHandler.getOzoneFileStatus(OzoneManagerRequestHandler.java:882) ~[ozone-manager-1.3.0-SNAPSHOT.jar:?]
	at org.apache.hadoop.ozone.protocolPB.OzoneManagerRequestHandler.handleReadRequest(OzoneManagerRequestHandler.java:228) ~[ozone-manager-1.3.0-SNAPSHOT.jar:?]
	at org.apache.hadoop.ozone.protocolPB.OzoneManagerProtocolServerSideTranslatorPB.submitReadRequestToOM(OzoneManagerProtocolServerSideTranslatorPB.java:226) ~[ozone-manager-1.3.0-SNAPSHOT.jar:?]
	at org.apache.hadoop.ozone.protocolPB.OzoneManagerProtocolServerSideTranslatorPB.processRequest(OzoneManagerProtocolServerSideTranslatorPB.java:175) ~[ozone-manager-1.3.0-SNAPSHOT.jar:?]
	at org.apache.hadoop.hdds.server.OzoneProtocolMessageDispatcher.processRequest(OzoneProtocolMessageDispatcher.java:87) [hdds-server-framework-1.3.0-SNAPSHOT.jar:?]
	at org.apache.hadoop.ozone.protocolPB.OzoneManagerProtocolServerSideTranslatorPB.submitRequest(OzoneManagerProtocolServerSideTranslatorPB.java:147) [ozone-manager-1.3.0-SNAPSHOT.jar:?]
	at org.apache.hadoop.ozone.protocol.proto.OzoneManagerProtocolProtos$OzoneManagerService$2.callBlockingMethod(OzoneManagerProtocolProtos.java) [ozone-interface-client-1.3.0-SNAPSHOT.jar:?]
	at org.apache.hadoop.ipc.ProtobufRpcEngine$Server.processCall(ProtobufRpcEngine.java:466) [hadoop-common-3.3.1.jar:?]
	at org.apache.hadoop.ipc.ProtobufRpcEngine2$Server$ProtoBufRpcInvoker.call(ProtobufRpcEngine2.java:574) [hadoop-common-3.3.1.jar:?]
	at org.apache.hadoop.ipc.ProtobufRpcEngine2$Server$ProtoBufRpcInvoker.call(ProtobufRpcEngine2.java:552) [hadoop-common-3.3.1.jar:?]
	at org.apache.hadoop.ipc.RPC$Server.call(RPC.java:1093) [hadoop-common-3.3.1.jar:?]
	at org.apache.hadoop.ipc.Server$RpcCall.run(Server.java:1035) [hadoop-common-3.3.1.jar:?]
	at org.apache.hadoop.ipc.Server$RpcCall.run(Server.java:963) [hadoop-common-3.3.1.jar:?]
	at java.security.AccessController.doPrivileged(Native Method) ~[?:1.8.0_332]
	at javax.security.auth.Subject.doAs(Subject.java:422) [?:1.8.0_332]
	at org.apache.hadoop.security.UserGroupInformation.doAs(UserGroupInformation.java:1878) [hadoop-common-3.3.1.jar:?]
	at org.apache.hadoop.ipc.Server$Handler.run(Server.java:2966) [hadoop-common-3.3.1.jar:?]
2022-08-09 13:48:22,363 [Time-limited test] WARN  ozone.BasicRootedOzoneFileSystem (BasicRootedOzoneFileSystem.java:delete(572)) - delete: Path does not exist: /volume08768/bucket84802/root_dir/dir1/file2
13:48:22.363 [IPC Server handler 10 on default port 34619] ERROR OMAudit - user=runner | ip=127.0.0.1 | op=GET_FILE_STATUS {volume=volume08768, bucket=bucket84802, key=root_dir/dir1/dir2, dataSize=0, replicationConfig=null} | ret=FAILURE
org.apache.hadoop.ozone.om.exceptions.OMException: Unable to get file status: volume: volume08768 bucket: bucket84802 key: root_dir/dir1/dir2
	at org.apache.hadoop.ozone.om.KeyManagerImpl.getOzoneFileStatus(KeyManagerImpl.java:1311) ~[ozone-manager-1.3.0-SNAPSHOT.jar:?]
	at org.apache.hadoop.ozone.om.KeyManagerImpl.getFileStatus(KeyManagerImpl.java:1241) ~[ozone-manager-1.3.0-SNAPSHOT.jar:?]
	at org.apache.hadoop.ozone.om.OzoneManager.getFileStatus(OzoneManager.java:3468) ~[ozone-manager-1.3.0-SNAPSHOT.jar:?]
	at org.apache.hadoop.ozone.protocolPB.OzoneManagerRequestHandler.getOzoneFileStatus(OzoneManagerRequestHandler.java:882) ~[ozone-manager-1.3.0-SNAPSHOT.jar:?]
	at org.apache.hadoop.ozone.protocolPB.OzoneManagerRequestHandler.handleReadRequest(OzoneManagerRequestHandler.java:228) ~[ozone-manager-1.3.0-SNAPSHOT.jar:?]
	at org.apache.hadoop.ozone.protocolPB.OzoneManagerProtocolServerSideTranslatorPB.submitReadRequestToOM(OzoneManagerProtocolServerSideTranslatorPB.java:226) ~[ozone-manager-1.3.0-SNAPSHOT.jar:?]
	at org.apache.hadoop.ozone.protocolPB.OzoneManagerProtocolServerSideTranslatorPB.processRequest(OzoneManagerProtocolServerSideTranslatorPB.java:175) ~[ozone-manager-1.3.0-SNAPSHOT.jar:?]
	at org.apache.hadoop.hdds.server.OzoneProtocolMessageDispatcher.processRequest(OzoneProtocolMessageDispatcher.java:87) [hdds-server-framework-1.3.0-SNAPSHOT.jar:?]
	at org.apache.hadoop.ozone.protocolPB.OzoneManagerProtocolServerSideTranslatorPB.submitRequest(OzoneManagerProtocolServerSideTranslatorPB.java:147) [ozone-manager-1.3.0-SNAPSHOT.jar:?]
	at org.apache.hadoop.ozone.protocol.proto.OzoneManagerProtocolProtos$OzoneManagerService$2.callBlockingMethod(OzoneManagerProtocolProtos.java) [ozone-interface-client-1.3.0-SNAPSHOT.jar:?]
	at org.apache.hadoop.ipc.ProtobufRpcEngine$Server.processCall(ProtobufRpcEngine.java:466) [hadoop-common-3.3.1.jar:?]
	at org.apache.hadoop.ipc.ProtobufRpcEngine2$Server$ProtoBufRpcInvoker.call(ProtobufRpcEngine2.java:574) [hadoop-common-3.3.1.jar:?]
	at org.apache.hadoop.ipc.ProtobufRpcEngine2$Server$ProtoBufRpcInvoker.call(ProtobufRpcEngine2.java:552) [hadoop-common-3.3.1.jar:?]
	at org.apache.hadoop.ipc.RPC$Server.call(RPC.java:1093) [hadoop-common-3.3.1.jar:?]
	at org.apache.hadoop.ipc.Server$RpcCall.run(Server.java:1035) [hadoop-common-3.3.1.jar:?]
	at org.apache.hadoop.ipc.Server$RpcCall.run(Server.java:963) [hadoop-common-3.3.1.jar:?]
	at java.security.AccessController.doPrivileged(Native Method) ~[?:1.8.0_332]
	at javax.security.auth.Subject.doAs(Subject.java:422) [?:1.8.0_332]
	at org.apache.hadoop.security.UserGroupInformation.doAs(UserGroupInformation.java:1878) [hadoop-common-3.3.1.jar:?]
	at org.apache.hadoop.ipc.Server$Handler.run(Server.java:2966) [hadoop-common-3.3.1.jar:?]
2022-08-09 13:48:22,364 [Time-limited test] WARN  ozone.BasicRootedOzoneFileSystem (BasicRootedOzoneFileSystem.java:delete(572)) - delete: Path does not exist: /volume08768/bucket84802/root_dir/dir1/dir2
]]></system-out>
  </testcase>
  <testcase name="testRenameToParentDir" classname="TestRootedOzoneFileSystem" time="0.14">
    <system-out><![CDATA[2022-08-09 13:49:28,544 [Time-limited test] INFO  rpc.RpcClient (RpcClient.java:createVolume(468)) - Creating Volume: volume20554, with user61718 as owner and space quota set to -1 bytes, counts quota set to -1
2022-08-09 13:49:28,545 [IPC Server handler 8 on default port 42643] INFO  volume.OMVolumeCreateRequest (OMVolumeCreateRequest.java:validateAndUpdateCache(195)) - created volume:volume20554 for user:user61718
2022-08-09 13:49:28,547 [Time-limited test] INFO  rpc.RpcClient (RpcClient.java:createBucket(671)) - Creating Bucket: volume20554/bucket10884, with bucket layout LEGACY, runner as owner, Versioning false, Storage Type set to DISK and Encryption set to false 
2022-08-09 13:49:28,547 [IPC Server handler 5 on default port 42643] INFO  bucket.OMBucketCreateRequest (OMBucketCreateRequest.java:validateAndUpdateCache(260)) - created bucket: bucket10884 of layout LEGACY in volume: volume20554
13:49:28.564 [IPC Server handler 2 on default port 42643] ERROR OMAudit - user=runner | ip=127.0.0.1 | op=LIST_STATUS {volume=volume20554, bucket=bucket10884, key=root_dir/dir2, dataSize=0, replicationConfig=null} | ret=FAILURE
org.apache.hadoop.ozone.om.exceptions.OMException: Unable to get file status: volume: volume20554 bucket: bucket10884 key: root_dir/dir2
	at org.apache.hadoop.ozone.om.KeyManagerImpl.getOzoneFileStatus(KeyManagerImpl.java:1311) ~[ozone-manager-1.3.0-SNAPSHOT.jar:?]
	at org.apache.hadoop.ozone.om.KeyManagerImpl.getFileStatus(KeyManagerImpl.java:1241) ~[ozone-manager-1.3.0-SNAPSHOT.jar:?]
	at org.apache.hadoop.ozone.om.KeyManagerImpl.listStatus(KeyManagerImpl.java:1565) ~[ozone-manager-1.3.0-SNAPSHOT.jar:?]
	at org.apache.hadoop.ozone.om.OzoneManager.listStatus(OzoneManager.java:3546) ~[ozone-manager-1.3.0-SNAPSHOT.jar:?]
	at org.apache.hadoop.ozone.protocolPB.OzoneManagerRequestHandler.listStatus(OzoneManagerRequestHandler.java:1072) ~[ozone-manager-1.3.0-SNAPSHOT.jar:?]
	at org.apache.hadoop.ozone.protocolPB.OzoneManagerRequestHandler.handleReadRequest(OzoneManagerRequestHandler.java:239) ~[ozone-manager-1.3.0-SNAPSHOT.jar:?]
	at org.apache.hadoop.ozone.protocolPB.OzoneManagerProtocolServerSideTranslatorPB.submitRequestDirectlyToOM(OzoneManagerProtocolServerSideTranslatorPB.java:276) ~[ozone-manager-1.3.0-SNAPSHOT.jar:?]
	at org.apache.hadoop.ozone.protocolPB.OzoneManagerProtocolServerSideTranslatorPB.processRequest(OzoneManagerProtocolServerSideTranslatorPB.java:205) ~[ozone-manager-1.3.0-SNAPSHOT.jar:?]
	at org.apache.hadoop.hdds.server.OzoneProtocolMessageDispatcher.processRequest(OzoneProtocolMessageDispatcher.java:87) [hdds-server-framework-1.3.0-SNAPSHOT.jar:?]
	at org.apache.hadoop.ozone.protocolPB.OzoneManagerProtocolServerSideTranslatorPB.submitRequest(OzoneManagerProtocolServerSideTranslatorPB.java:147) [ozone-manager-1.3.0-SNAPSHOT.jar:?]
	at org.apache.hadoop.ozone.protocol.proto.OzoneManagerProtocolProtos$OzoneManagerService$2.callBlockingMethod(OzoneManagerProtocolProtos.java) [ozone-interface-client-1.3.0-SNAPSHOT.jar:?]
	at org.apache.hadoop.ipc.ProtobufRpcEngine$Server.processCall(ProtobufRpcEngine.java:466) [hadoop-common-3.3.1.jar:?]
	at org.apache.hadoop.ipc.ProtobufRpcEngine2$Server$ProtoBufRpcInvoker.call(ProtobufRpcEngine2.java:574) [hadoop-common-3.3.1.jar:?]
	at org.apache.hadoop.ipc.ProtobufRpcEngine2$Server$ProtoBufRpcInvoker.call(ProtobufRpcEngine2.java:552) [hadoop-common-3.3.1.jar:?]
	at org.apache.hadoop.ipc.RPC$Server.call(RPC.java:1093) [hadoop-common-3.3.1.jar:?]
	at org.apache.hadoop.ipc.Server$RpcCall.run(Server.java:1035) [hadoop-common-3.3.1.jar:?]
	at org.apache.hadoop.ipc.Server$RpcCall.run(Server.java:963) [hadoop-common-3.3.1.jar:?]
	at java.security.AccessController.doPrivileged(Native Method) ~[?:1.8.0_332]
	at javax.security.auth.Subject.doAs(Subject.java:422) [?:1.8.0_332]
	at org.apache.hadoop.security.UserGroupInformation.doAs(UserGroupInformation.java:1878) [hadoop-common-3.3.1.jar:?]
	at org.apache.hadoop.ipc.Server$Handler.run(Server.java:2966) [hadoop-common-3.3.1.jar:?]
13:49:28.581 [IPC Server handler 14 on default port 42643] ERROR OMAudit - user=runner | ip=127.0.0.1 | op=LIST_STATUS {volume=volume20554, bucket=bucket10884, key=root_dir/file2, dataSize=0, replicationConfig=null} | ret=FAILURE
org.apache.hadoop.ozone.om.exceptions.OMException: Unable to get file status: volume: volume20554 bucket: bucket10884 key: root_dir/file2
	at org.apache.hadoop.ozone.om.KeyManagerImpl.getOzoneFileStatus(KeyManagerImpl.java:1311) ~[ozone-manager-1.3.0-SNAPSHOT.jar:?]
	at org.apache.hadoop.ozone.om.KeyManagerImpl.getFileStatus(KeyManagerImpl.java:1241) ~[ozone-manager-1.3.0-SNAPSHOT.jar:?]
	at org.apache.hadoop.ozone.om.KeyManagerImpl.listStatus(KeyManagerImpl.java:1565) ~[ozone-manager-1.3.0-SNAPSHOT.jar:?]
	at org.apache.hadoop.ozone.om.OzoneManager.listStatus(OzoneManager.java:3546) ~[ozone-manager-1.3.0-SNAPSHOT.jar:?]
	at org.apache.hadoop.ozone.protocolPB.OzoneManagerRequestHandler.listStatus(OzoneManagerRequestHandler.java:1072) ~[ozone-manager-1.3.0-SNAPSHOT.jar:?]
	at org.apache.hadoop.ozone.protocolPB.OzoneManagerRequestHandler.handleReadRequest(OzoneManagerRequestHandler.java:239) ~[ozone-manager-1.3.0-SNAPSHOT.jar:?]
	at org.apache.hadoop.ozone.protocolPB.OzoneManagerProtocolServerSideTranslatorPB.submitRequestDirectlyToOM(OzoneManagerProtocolServerSideTranslatorPB.java:276) ~[ozone-manager-1.3.0-SNAPSHOT.jar:?]
	at org.apache.hadoop.ozone.protocolPB.OzoneManagerProtocolServerSideTranslatorPB.processRequest(OzoneManagerProtocolServerSideTranslatorPB.java:205) ~[ozone-manager-1.3.0-SNAPSHOT.jar:?]
	at org.apache.hadoop.hdds.server.OzoneProtocolMessageDispatcher.processRequest(OzoneProtocolMessageDispatcher.java:87) [hdds-server-framework-1.3.0-SNAPSHOT.jar:?]
	at org.apache.hadoop.ozone.protocolPB.OzoneManagerProtocolServerSideTranslatorPB.submitRequest(OzoneManagerProtocolServerSideTranslatorPB.java:147) [ozone-manager-1.3.0-SNAPSHOT.jar:?]
	at org.apache.hadoop.ozone.protocol.proto.OzoneManagerProtocolProtos$OzoneManagerService$2.callBlockingMethod(OzoneManagerProtocolProtos.java) [ozone-interface-client-1.3.0-SNAPSHOT.jar:?]
	at org.apache.hadoop.ipc.ProtobufRpcEngine$Server.processCall(ProtobufRpcEngine.java:466) [hadoop-common-3.3.1.jar:?]
	at org.apache.hadoop.ipc.ProtobufRpcEngine2$Server$ProtoBufRpcInvoker.call(ProtobufRpcEngine2.java:574) [hadoop-common-3.3.1.jar:?]
	at org.apache.hadoop.ipc.ProtobufRpcEngine2$Server$ProtoBufRpcInvoker.call(ProtobufRpcEngine2.java:552) [hadoop-common-3.3.1.jar:?]
	at org.apache.hadoop.ipc.RPC$Server.call(RPC.java:1093) [hadoop-common-3.3.1.jar:?]
	at org.apache.hadoop.ipc.Server$RpcCall.run(Server.java:1035) [hadoop-common-3.3.1.jar:?]
	at org.apache.hadoop.ipc.Server$RpcCall.run(Server.java:963) [hadoop-common-3.3.1.jar:?]
	at java.security.AccessController.doPrivileged(Native Method) ~[?:1.8.0_332]
	at javax.security.auth.Subject.doAs(Subject.java:422) [?:1.8.0_332]
	at org.apache.hadoop.security.UserGroupInformation.doAs(UserGroupInformation.java:1878) [hadoop-common-3.3.1.jar:?]
	at org.apache.hadoop.ipc.Server$Handler.run(Server.java:2966) [hadoop-common-3.3.1.jar:?]
13:49:28.589 [IPC Server handler 11 on default port 42643] ERROR OMAudit - user=runner | ip=127.0.0.1 | op=GET_FILE_STATUS {volume=volume20554, bucket=bucket10884, key=root_dir/dir1/file2, dataSize=0, replicationConfig=null} | ret=FAILURE
org.apache.hadoop.ozone.om.exceptions.OMException: Unable to get file status: volume: volume20554 bucket: bucket10884 key: root_dir/dir1/file2
	at org.apache.hadoop.ozone.om.KeyManagerImpl.getOzoneFileStatus(KeyManagerImpl.java:1311) ~[ozone-manager-1.3.0-SNAPSHOT.jar:?]
	at org.apache.hadoop.ozone.om.KeyManagerImpl.getFileStatus(KeyManagerImpl.java:1241) ~[ozone-manager-1.3.0-SNAPSHOT.jar:?]
	at org.apache.hadoop.ozone.om.OzoneManager.getFileStatus(OzoneManager.java:3468) ~[ozone-manager-1.3.0-SNAPSHOT.jar:?]
	at org.apache.hadoop.ozone.protocolPB.OzoneManagerRequestHandler.getOzoneFileStatus(OzoneManagerRequestHandler.java:882) ~[ozone-manager-1.3.0-SNAPSHOT.jar:?]
	at org.apache.hadoop.ozone.protocolPB.OzoneManagerRequestHandler.handleReadRequest(OzoneManagerRequestHandler.java:228) ~[ozone-manager-1.3.0-SNAPSHOT.jar:?]
	at org.apache.hadoop.ozone.protocolPB.OzoneManagerProtocolServerSideTranslatorPB.submitRequestDirectlyToOM(OzoneManagerProtocolServerSideTranslatorPB.java:276) ~[ozone-manager-1.3.0-SNAPSHOT.jar:?]
	at org.apache.hadoop.ozone.protocolPB.OzoneManagerProtocolServerSideTranslatorPB.processRequest(OzoneManagerProtocolServerSideTranslatorPB.java:205) ~[ozone-manager-1.3.0-SNAPSHOT.jar:?]
	at org.apache.hadoop.hdds.server.OzoneProtocolMessageDispatcher.processRequest(OzoneProtocolMessageDispatcher.java:87) [hdds-server-framework-1.3.0-SNAPSHOT.jar:?]
	at org.apache.hadoop.ozone.protocolPB.OzoneManagerProtocolServerSideTranslatorPB.submitRequest(OzoneManagerProtocolServerSideTranslatorPB.java:147) [ozone-manager-1.3.0-SNAPSHOT.jar:?]
	at org.apache.hadoop.ozone.protocol.proto.OzoneManagerProtocolProtos$OzoneManagerService$2.callBlockingMethod(OzoneManagerProtocolProtos.java) [ozone-interface-client-1.3.0-SNAPSHOT.jar:?]
	at org.apache.hadoop.ipc.ProtobufRpcEngine$Server.processCall(ProtobufRpcEngine.java:466) [hadoop-common-3.3.1.jar:?]
	at org.apache.hadoop.ipc.ProtobufRpcEngine2$Server$ProtoBufRpcInvoker.call(ProtobufRpcEngine2.java:574) [hadoop-common-3.3.1.jar:?]
	at org.apache.hadoop.ipc.ProtobufRpcEngine2$Server$ProtoBufRpcInvoker.call(ProtobufRpcEngine2.java:552) [hadoop-common-3.3.1.jar:?]
	at org.apache.hadoop.ipc.RPC$Server.call(RPC.java:1093) [hadoop-common-3.3.1.jar:?]
	at org.apache.hadoop.ipc.Server$RpcCall.run(Server.java:1035) [hadoop-common-3.3.1.jar:?]
	at org.apache.hadoop.ipc.Server$RpcCall.run(Server.java:963) [hadoop-common-3.3.1.jar:?]
	at java.security.AccessController.doPrivileged(Native Method) ~[?:1.8.0_332]
	at javax.security.auth.Subject.doAs(Subject.java:422) [?:1.8.0_332]
	at org.apache.hadoop.security.UserGroupInformation.doAs(UserGroupInformation.java:1878) [hadoop-common-3.3.1.jar:?]
	at org.apache.hadoop.ipc.Server$Handler.run(Server.java:2966) [hadoop-common-3.3.1.jar:?]
2022-08-09 13:49:28,591 [Time-limited test] WARN  ozone.BasicRootedOzoneFileSystem (BasicRootedOzoneFileSystem.java:delete(572)) - delete: Path does not exist: /volume20554/bucket10884/root_dir/dir1/file2
13:49:28.592 [IPC Server handler 13 on default port 42643] ERROR OMAudit - user=runner | ip=127.0.0.1 | op=GET_FILE_STATUS {volume=volume20554, bucket=bucket10884, key=root_dir/dir1/dir2, dataSize=0, replicationConfig=null} | ret=FAILURE
org.apache.hadoop.ozone.om.exceptions.OMException: Unable to get file status: volume: volume20554 bucket: bucket10884 key: root_dir/dir1/dir2
	at org.apache.hadoop.ozone.om.KeyManagerImpl.getOzoneFileStatus(KeyManagerImpl.java:1311) ~[ozone-manager-1.3.0-SNAPSHOT.jar:?]
	at org.apache.hadoop.ozone.om.KeyManagerImpl.getFileStatus(KeyManagerImpl.java:1241) ~[ozone-manager-1.3.0-SNAPSHOT.jar:?]
	at org.apache.hadoop.ozone.om.OzoneManager.getFileStatus(OzoneManager.java:3468) ~[ozone-manager-1.3.0-SNAPSHOT.jar:?]
	at org.apache.hadoop.ozone.protocolPB.OzoneManagerRequestHandler.getOzoneFileStatus(OzoneManagerRequestHandler.java:882) ~[ozone-manager-1.3.0-SNAPSHOT.jar:?]
	at org.apache.hadoop.ozone.protocolPB.OzoneManagerRequestHandler.handleReadRequest(OzoneManagerRequestHandler.java:228) ~[ozone-manager-1.3.0-SNAPSHOT.jar:?]
	at org.apache.hadoop.ozone.protocolPB.OzoneManagerProtocolServerSideTranslatorPB.submitRequestDirectlyToOM(OzoneManagerProtocolServerSideTranslatorPB.java:276) ~[ozone-manager-1.3.0-SNAPSHOT.jar:?]
	at org.apache.hadoop.ozone.protocolPB.OzoneManagerProtocolServerSideTranslatorPB.processRequest(OzoneManagerProtocolServerSideTranslatorPB.java:205) ~[ozone-manager-1.3.0-SNAPSHOT.jar:?]
	at org.apache.hadoop.hdds.server.OzoneProtocolMessageDispatcher.processRequest(OzoneProtocolMessageDispatcher.java:87) [hdds-server-framework-1.3.0-SNAPSHOT.jar:?]
	at org.apache.hadoop.ozone.protocolPB.OzoneManagerProtocolServerSideTranslatorPB.submitRequest(OzoneManagerProtocolServerSideTranslatorPB.java:147) [ozone-manager-1.3.0-SNAPSHOT.jar:?]
	at org.apache.hadoop.ozone.protocol.proto.OzoneManagerProtocolProtos$OzoneManagerService$2.callBlockingMethod(OzoneManagerProtocolProtos.java) [ozone-interface-client-1.3.0-SNAPSHOT.jar:?]
	at org.apache.hadoop.ipc.ProtobufRpcEngine$Server.processCall(ProtobufRpcEngine.java:466) [hadoop-common-3.3.1.jar:?]
	at org.apache.hadoop.ipc.ProtobufRpcEngine2$Server$ProtoBufRpcInvoker.call(ProtobufRpcEngine2.java:574) [hadoop-common-3.3.1.jar:?]
	at org.apache.hadoop.ipc.ProtobufRpcEngine2$Server$ProtoBufRpcInvoker.call(ProtobufRpcEngine2.java:552) [hadoop-common-3.3.1.jar:?]
	at org.apache.hadoop.ipc.RPC$Server.call(RPC.java:1093) [hadoop-common-3.3.1.jar:?]
	at org.apache.hadoop.ipc.Server$RpcCall.run(Server.java:1035) [hadoop-common-3.3.1.jar:?]
	at org.apache.hadoop.ipc.Server$RpcCall.run(Server.java:963) [hadoop-common-3.3.1.jar:?]
	at java.security.AccessController.doPrivileged(Native Method) ~[?:1.8.0_332]
	at javax.security.auth.Subject.doAs(Subject.java:422) [?:1.8.0_332]
	at org.apache.hadoop.security.UserGroupInformation.doAs(UserGroupInformation.java:1878) [hadoop-common-3.3.1.jar:?]
	at org.apache.hadoop.ipc.Server$Handler.run(Server.java:2966) [hadoop-common-3.3.1.jar:?]
2022-08-09 13:49:28,592 [Time-limited test] WARN  ozone.BasicRootedOzoneFileSystem (BasicRootedOzoneFileSystem.java:delete(572)) - delete: Path does not exist: /volume20554/bucket10884/root_dir/dir1/dir2
]]></system-out>
  </testcase>
  <testcase name="testRenameToParentDir" classname="TestRootedOzoneFileSystem" time="0.183">
    <system-out><![CDATA[2022-08-09 13:50:46,925 [Time-limited test] INFO  rpc.RpcClient (RpcClient.java:createVolume(468)) - Creating Volume: volume29954, with user25792 as owner and space quota set to -1 bytes, counts quota set to -1
2022-08-09 13:50:46,927 [OM StateMachine ApplyTransaction Thread - 0] INFO  volume.OMVolumeCreateRequest (OMVolumeCreateRequest.java:validateAndUpdateCache(195)) - created volume:volume29954 for user:user25792
2022-08-09 13:50:46,929 [Time-limited test] INFO  rpc.RpcClient (RpcClient.java:createBucket(671)) - Creating Bucket: volume29954/bucket98083, with bucket layout LEGACY, runner as owner, Versioning false, Storage Type set to DISK and Encryption set to false 
2022-08-09 13:50:46,930 [OM StateMachine ApplyTransaction Thread - 0] INFO  bucket.OMBucketCreateRequest (OMBucketCreateRequest.java:validateAndUpdateCache(260)) - created bucket: bucket98083 of layout LEGACY in volume: volume29954
13:50:46.948 [IPC Server handler 3 on default port 45023] ERROR OMAudit - user=runner | ip=127.0.0.1 | op=LIST_STATUS {volume=volume29954, bucket=bucket98083, key=root_dir/dir2, dataSize=0, replicationConfig=null} | ret=FAILURE
org.apache.hadoop.ozone.om.exceptions.OMException: Unable to get file status: volume: volume29954 bucket: bucket98083 key: root_dir/dir2
	at org.apache.hadoop.ozone.om.KeyManagerImpl.getOzoneFileStatus(KeyManagerImpl.java:1311) ~[ozone-manager-1.3.0-SNAPSHOT.jar:?]
	at org.apache.hadoop.ozone.om.KeyManagerImpl.getFileStatus(KeyManagerImpl.java:1241) ~[ozone-manager-1.3.0-SNAPSHOT.jar:?]
	at org.apache.hadoop.ozone.om.KeyManagerImpl.listStatus(KeyManagerImpl.java:1565) ~[ozone-manager-1.3.0-SNAPSHOT.jar:?]
	at org.apache.hadoop.ozone.om.OzoneManager.listStatus(OzoneManager.java:3546) ~[ozone-manager-1.3.0-SNAPSHOT.jar:?]
	at org.apache.hadoop.ozone.protocolPB.OzoneManagerRequestHandler.listStatus(OzoneManagerRequestHandler.java:1072) ~[ozone-manager-1.3.0-SNAPSHOT.jar:?]
	at org.apache.hadoop.ozone.protocolPB.OzoneManagerRequestHandler.handleReadRequest(OzoneManagerRequestHandler.java:239) ~[ozone-manager-1.3.0-SNAPSHOT.jar:?]
	at org.apache.hadoop.ozone.protocolPB.OzoneManagerProtocolServerSideTranslatorPB.submitReadRequestToOM(OzoneManagerProtocolServerSideTranslatorPB.java:226) ~[ozone-manager-1.3.0-SNAPSHOT.jar:?]
	at org.apache.hadoop.ozone.protocolPB.OzoneManagerProtocolServerSideTranslatorPB.processRequest(OzoneManagerProtocolServerSideTranslatorPB.java:175) ~[ozone-manager-1.3.0-SNAPSHOT.jar:?]
	at org.apache.hadoop.hdds.server.OzoneProtocolMessageDispatcher.processRequest(OzoneProtocolMessageDispatcher.java:87) [hdds-server-framework-1.3.0-SNAPSHOT.jar:?]
	at org.apache.hadoop.ozone.protocolPB.OzoneManagerProtocolServerSideTranslatorPB.submitRequest(OzoneManagerProtocolServerSideTranslatorPB.java:147) [ozone-manager-1.3.0-SNAPSHOT.jar:?]
	at org.apache.hadoop.ozone.protocol.proto.OzoneManagerProtocolProtos$OzoneManagerService$2.callBlockingMethod(OzoneManagerProtocolProtos.java) [ozone-interface-client-1.3.0-SNAPSHOT.jar:?]
	at org.apache.hadoop.ipc.ProtobufRpcEngine$Server.processCall(ProtobufRpcEngine.java:466) [hadoop-common-3.3.1.jar:?]
	at org.apache.hadoop.ipc.ProtobufRpcEngine2$Server$ProtoBufRpcInvoker.call(ProtobufRpcEngine2.java:574) [hadoop-common-3.3.1.jar:?]
	at org.apache.hadoop.ipc.ProtobufRpcEngine2$Server$ProtoBufRpcInvoker.call(ProtobufRpcEngine2.java:552) [hadoop-common-3.3.1.jar:?]
	at org.apache.hadoop.ipc.RPC$Server.call(RPC.java:1093) [hadoop-common-3.3.1.jar:?]
	at org.apache.hadoop.ipc.Server$RpcCall.run(Server.java:1035) [hadoop-common-3.3.1.jar:?]
	at org.apache.hadoop.ipc.Server$RpcCall.run(Server.java:963) [hadoop-common-3.3.1.jar:?]
	at java.security.AccessController.doPrivileged(Native Method) ~[?:1.8.0_332]
	at javax.security.auth.Subject.doAs(Subject.java:422) [?:1.8.0_332]
	at org.apache.hadoop.security.UserGroupInformation.doAs(UserGroupInformation.java:1878) [hadoop-common-3.3.1.jar:?]
	at org.apache.hadoop.ipc.Server$Handler.run(Server.java:2966) [hadoop-common-3.3.1.jar:?]
13:50:46.957 [IPC Server handler 18 on default port 45023] ERROR OMAudit - user=runner | ip=127.0.0.1 | op=LIST_STATUS {volume=volume29954, bucket=bucket98083, key=root_dir/file2, dataSize=0, replicationConfig=null} | ret=FAILURE
org.apache.hadoop.ozone.om.exceptions.OMException: Unable to get file status: volume: volume29954 bucket: bucket98083 key: root_dir/file2
	at org.apache.hadoop.ozone.om.KeyManagerImpl.getOzoneFileStatus(KeyManagerImpl.java:1311) ~[ozone-manager-1.3.0-SNAPSHOT.jar:?]
	at org.apache.hadoop.ozone.om.KeyManagerImpl.getFileStatus(KeyManagerImpl.java:1241) ~[ozone-manager-1.3.0-SNAPSHOT.jar:?]
	at org.apache.hadoop.ozone.om.KeyManagerImpl.listStatus(KeyManagerImpl.java:1565) ~[ozone-manager-1.3.0-SNAPSHOT.jar:?]
	at org.apache.hadoop.ozone.om.OzoneManager.listStatus(OzoneManager.java:3546) ~[ozone-manager-1.3.0-SNAPSHOT.jar:?]
	at org.apache.hadoop.ozone.protocolPB.OzoneManagerRequestHandler.listStatus(OzoneManagerRequestHandler.java:1072) ~[ozone-manager-1.3.0-SNAPSHOT.jar:?]
	at org.apache.hadoop.ozone.protocolPB.OzoneManagerRequestHandler.handleReadRequest(OzoneManagerRequestHandler.java:239) ~[ozone-manager-1.3.0-SNAPSHOT.jar:?]
	at org.apache.hadoop.ozone.protocolPB.OzoneManagerProtocolServerSideTranslatorPB.submitReadRequestToOM(OzoneManagerProtocolServerSideTranslatorPB.java:226) ~[ozone-manager-1.3.0-SNAPSHOT.jar:?]
	at org.apache.hadoop.ozone.protocolPB.OzoneManagerProtocolServerSideTranslatorPB.processRequest(OzoneManagerProtocolServerSideTranslatorPB.java:175) ~[ozone-manager-1.3.0-SNAPSHOT.jar:?]
	at org.apache.hadoop.hdds.server.OzoneProtocolMessageDispatcher.processRequest(OzoneProtocolMessageDispatcher.java:87) [hdds-server-framework-1.3.0-SNAPSHOT.jar:?]
	at org.apache.hadoop.ozone.protocolPB.OzoneManagerProtocolServerSideTranslatorPB.submitRequest(OzoneManagerProtocolServerSideTranslatorPB.java:147) [ozone-manager-1.3.0-SNAPSHOT.jar:?]
	at org.apache.hadoop.ozone.protocol.proto.OzoneManagerProtocolProtos$OzoneManagerService$2.callBlockingMethod(OzoneManagerProtocolProtos.java) [ozone-interface-client-1.3.0-SNAPSHOT.jar:?]
	at org.apache.hadoop.ipc.ProtobufRpcEngine$Server.processCall(ProtobufRpcEngine.java:466) [hadoop-common-3.3.1.jar:?]
	at org.apache.hadoop.ipc.ProtobufRpcEngine2$Server$ProtoBufRpcInvoker.call(ProtobufRpcEngine2.java:574) [hadoop-common-3.3.1.jar:?]
	at org.apache.hadoop.ipc.ProtobufRpcEngine2$Server$ProtoBufRpcInvoker.call(ProtobufRpcEngine2.java:552) [hadoop-common-3.3.1.jar:?]
	at org.apache.hadoop.ipc.RPC$Server.call(RPC.java:1093) [hadoop-common-3.3.1.jar:?]
	at org.apache.hadoop.ipc.Server$RpcCall.run(Server.java:1035) [hadoop-common-3.3.1.jar:?]
	at org.apache.hadoop.ipc.Server$RpcCall.run(Server.java:963) [hadoop-common-3.3.1.jar:?]
	at java.security.AccessController.doPrivileged(Native Method) ~[?:1.8.0_332]
	at javax.security.auth.Subject.doAs(Subject.java:422) [?:1.8.0_332]
	at org.apache.hadoop.security.UserGroupInformation.doAs(UserGroupInformation.java:1878) [hadoop-common-3.3.1.jar:?]
	at org.apache.hadoop.ipc.Server$Handler.run(Server.java:2966) [hadoop-common-3.3.1.jar:?]
13:50:46.968 [IPC Server handler 10 on default port 45023] ERROR OMAudit - user=runner | ip=127.0.0.1 | op=GET_FILE_STATUS {volume=volume29954, bucket=bucket98083, key=root_dir/dir1/file2, dataSize=0, replicationConfig=null} | ret=FAILURE
org.apache.hadoop.ozone.om.exceptions.OMException: Unable to get file status: volume: volume29954 bucket: bucket98083 key: root_dir/dir1/file2
	at org.apache.hadoop.ozone.om.KeyManagerImpl.getOzoneFileStatus(KeyManagerImpl.java:1311) ~[ozone-manager-1.3.0-SNAPSHOT.jar:?]
	at org.apache.hadoop.ozone.om.KeyManagerImpl.getFileStatus(KeyManagerImpl.java:1241) ~[ozone-manager-1.3.0-SNAPSHOT.jar:?]
	at org.apache.hadoop.ozone.om.OzoneManager.getFileStatus(OzoneManager.java:3468) ~[ozone-manager-1.3.0-SNAPSHOT.jar:?]
	at org.apache.hadoop.ozone.protocolPB.OzoneManagerRequestHandler.getOzoneFileStatus(OzoneManagerRequestHandler.java:882) ~[ozone-manager-1.3.0-SNAPSHOT.jar:?]
	at org.apache.hadoop.ozone.protocolPB.OzoneManagerRequestHandler.handleReadRequest(OzoneManagerRequestHandler.java:228) ~[ozone-manager-1.3.0-SNAPSHOT.jar:?]
	at org.apache.hadoop.ozone.protocolPB.OzoneManagerProtocolServerSideTranslatorPB.submitReadRequestToOM(OzoneManagerProtocolServerSideTranslatorPB.java:226) ~[ozone-manager-1.3.0-SNAPSHOT.jar:?]
	at org.apache.hadoop.ozone.protocolPB.OzoneManagerProtocolServerSideTranslatorPB.processRequest(OzoneManagerProtocolServerSideTranslatorPB.java:175) ~[ozone-manager-1.3.0-SNAPSHOT.jar:?]
	at org.apache.hadoop.hdds.server.OzoneProtocolMessageDispatcher.processRequest(OzoneProtocolMessageDispatcher.java:87) [hdds-server-framework-1.3.0-SNAPSHOT.jar:?]
	at org.apache.hadoop.ozone.protocolPB.OzoneManagerProtocolServerSideTranslatorPB.submitRequest(OzoneManagerProtocolServerSideTranslatorPB.java:147) [ozone-manager-1.3.0-SNAPSHOT.jar:?]
	at org.apache.hadoop.ozone.protocol.proto.OzoneManagerProtocolProtos$OzoneManagerService$2.callBlockingMethod(OzoneManagerProtocolProtos.java) [ozone-interface-client-1.3.0-SNAPSHOT.jar:?]
	at org.apache.hadoop.ipc.ProtobufRpcEngine$Server.processCall(ProtobufRpcEngine.java:466) [hadoop-common-3.3.1.jar:?]
	at org.apache.hadoop.ipc.ProtobufRpcEngine2$Server$ProtoBufRpcInvoker.call(ProtobufRpcEngine2.java:574) [hadoop-common-3.3.1.jar:?]
	at org.apache.hadoop.ipc.ProtobufRpcEngine2$Server$ProtoBufRpcInvoker.call(ProtobufRpcEngine2.java:552) [hadoop-common-3.3.1.jar:?]
	at org.apache.hadoop.ipc.RPC$Server.call(RPC.java:1093) [hadoop-common-3.3.1.jar:?]
	at org.apache.hadoop.ipc.Server$RpcCall.run(Server.java:1035) [hadoop-common-3.3.1.jar:?]
	at org.apache.hadoop.ipc.Server$RpcCall.run(Server.java:963) [hadoop-common-3.3.1.jar:?]
	at java.security.AccessController.doPrivileged(Native Method) ~[?:1.8.0_332]
	at javax.security.auth.Subject.doAs(Subject.java:422) [?:1.8.0_332]
	at org.apache.hadoop.security.UserGroupInformation.doAs(UserGroupInformation.java:1878) [hadoop-common-3.3.1.jar:?]
	at org.apache.hadoop.ipc.Server$Handler.run(Server.java:2966) [hadoop-common-3.3.1.jar:?]
2022-08-09 13:50:46,969 [Time-limited test] WARN  ozone.BasicRootedOzoneFileSystem (BasicRootedOzoneFileSystem.java:delete(572)) - delete: Path does not exist: /volume29954/bucket98083/root_dir/dir1/file2
13:50:46.969 [IPC Server handler 8 on default port 45023] ERROR OMAudit - user=runner | ip=127.0.0.1 | op=GET_FILE_STATUS {volume=volume29954, bucket=bucket98083, key=root_dir/dir1/dir2, dataSize=0, replicationConfig=null} | ret=FAILURE
org.apache.hadoop.ozone.om.exceptions.OMException: Unable to get file status: volume: volume29954 bucket: bucket98083 key: root_dir/dir1/dir2
	at org.apache.hadoop.ozone.om.KeyManagerImpl.getOzoneFileStatus(KeyManagerImpl.java:1311) ~[ozone-manager-1.3.0-SNAPSHOT.jar:?]
	at org.apache.hadoop.ozone.om.KeyManagerImpl.getFileStatus(KeyManagerImpl.java:1241) ~[ozone-manager-1.3.0-SNAPSHOT.jar:?]
	at org.apache.hadoop.ozone.om.OzoneManager.getFileStatus(OzoneManager.java:3468) ~[ozone-manager-1.3.0-SNAPSHOT.jar:?]
	at org.apache.hadoop.ozone.protocolPB.OzoneManagerRequestHandler.getOzoneFileStatus(OzoneManagerRequestHandler.java:882) ~[ozone-manager-1.3.0-SNAPSHOT.jar:?]
	at org.apache.hadoop.ozone.protocolPB.OzoneManagerRequestHandler.handleReadRequest(OzoneManagerRequestHandler.java:228) ~[ozone-manager-1.3.0-SNAPSHOT.jar:?]
	at org.apache.hadoop.ozone.protocolPB.OzoneManagerProtocolServerSideTranslatorPB.submitReadRequestToOM(OzoneManagerProtocolServerSideTranslatorPB.java:226) ~[ozone-manager-1.3.0-SNAPSHOT.jar:?]
	at org.apache.hadoop.ozone.protocolPB.OzoneManagerProtocolServerSideTranslatorPB.processRequest(OzoneManagerProtocolServerSideTranslatorPB.java:175) ~[ozone-manager-1.3.0-SNAPSHOT.jar:?]
	at org.apache.hadoop.hdds.server.OzoneProtocolMessageDispatcher.processRequest(OzoneProtocolMessageDispatcher.java:87) [hdds-server-framework-1.3.0-SNAPSHOT.jar:?]
	at org.apache.hadoop.ozone.protocolPB.OzoneManagerProtocolServerSideTranslatorPB.submitRequest(OzoneManagerProtocolServerSideTranslatorPB.java:147) [ozone-manager-1.3.0-SNAPSHOT.jar:?]
	at org.apache.hadoop.ozone.protocol.proto.OzoneManagerProtocolProtos$OzoneManagerService$2.callBlockingMethod(OzoneManagerProtocolProtos.java) [ozone-interface-client-1.3.0-SNAPSHOT.jar:?]
	at org.apache.hadoop.ipc.ProtobufRpcEngine$Server.processCall(ProtobufRpcEngine.java:466) [hadoop-common-3.3.1.jar:?]
	at org.apache.hadoop.ipc.ProtobufRpcEngine2$Server$ProtoBufRpcInvoker.call(ProtobufRpcEngine2.java:574) [hadoop-common-3.3.1.jar:?]
	at org.apache.hadoop.ipc.ProtobufRpcEngine2$Server$ProtoBufRpcInvoker.call(ProtobufRpcEngine2.java:552) [hadoop-common-3.3.1.jar:?]
	at org.apache.hadoop.ipc.RPC$Server.call(RPC.java:1093) [hadoop-common-3.3.1.jar:?]
	at org.apache.hadoop.ipc.Server$RpcCall.run(Server.java:1035) [hadoop-common-3.3.1.jar:?]
	at org.apache.hadoop.ipc.Server$RpcCall.run(Server.java:963) [hadoop-common-3.3.1.jar:?]
	at java.security.AccessController.doPrivileged(Native Method) ~[?:1.8.0_332]
	at javax.security.auth.Subject.doAs(Subject.java:422) [?:1.8.0_332]
	at org.apache.hadoop.security.UserGroupInformation.doAs(UserGroupInformation.java:1878) [hadoop-common-3.3.1.jar:?]
	at org.apache.hadoop.ipc.Server$Handler.run(Server.java:2966) [hadoop-common-3.3.1.jar:?]
2022-08-09 13:50:46,970 [Time-limited test] WARN  ozone.BasicRootedOzoneFileSystem (BasicRootedOzoneFileSystem.java:delete(572)) - delete: Path does not exist: /volume29954/bucket98083/root_dir/dir1/dir2
]]></system-out>
  </testcase>
  <testcase name="testRenameToParentDir" classname="TestRootedOzoneFileSystem" time="0.22">
    <system-out><![CDATA[2022-08-09 13:52:11,872 [Time-limited test] INFO  rpc.RpcClient (RpcClient.java:createVolume(468)) - Creating Volume: volume10126, with user16806 as owner and space quota set to -1 bytes, counts quota set to -1
2022-08-09 13:52:11,873 [IPC Server handler 9 on default port 44079] INFO  volume.OMVolumeCreateRequest (OMVolumeCreateRequest.java:validateAndUpdateCache(195)) - created volume:volume10126 for user:user16806
2022-08-09 13:52:11,877 [Time-limited test] INFO  rpc.RpcClient (RpcClient.java:createBucket(671)) - Creating Bucket: volume10126/bucket44842, with bucket layout LEGACY, runner as owner, Versioning false, Storage Type set to DISK and Encryption set to false 
2022-08-09 13:52:11,878 [IPC Server handler 5 on default port 44079] INFO  bucket.OMBucketCreateRequest (OMBucketCreateRequest.java:validateAndUpdateCache(260)) - created bucket: bucket44842 of layout LEGACY in volume: volume10126
13:52:11.891 [IPC Server handler 16 on default port 44079] ERROR OMAudit - user=runner | ip=127.0.0.1 | op=LIST_STATUS {volume=volume10126, bucket=bucket44842, key=root_dir/dir2, dataSize=0, replicationConfig=null} | ret=FAILURE
org.apache.hadoop.ozone.om.exceptions.OMException: Unable to get file status: volume: volume10126 bucket: bucket44842 key: root_dir/dir2
	at org.apache.hadoop.ozone.om.KeyManagerImpl.getOzoneFileStatus(KeyManagerImpl.java:1311) ~[ozone-manager-1.3.0-SNAPSHOT.jar:?]
	at org.apache.hadoop.ozone.om.KeyManagerImpl.getFileStatus(KeyManagerImpl.java:1241) ~[ozone-manager-1.3.0-SNAPSHOT.jar:?]
	at org.apache.hadoop.ozone.om.KeyManagerImpl.listStatus(KeyManagerImpl.java:1565) ~[ozone-manager-1.3.0-SNAPSHOT.jar:?]
	at org.apache.hadoop.ozone.om.OzoneManager.listStatus(OzoneManager.java:3546) ~[ozone-manager-1.3.0-SNAPSHOT.jar:?]
	at org.apache.hadoop.ozone.protocolPB.OzoneManagerRequestHandler.listStatus(OzoneManagerRequestHandler.java:1072) ~[ozone-manager-1.3.0-SNAPSHOT.jar:?]
	at org.apache.hadoop.ozone.protocolPB.OzoneManagerRequestHandler.handleReadRequest(OzoneManagerRequestHandler.java:239) ~[ozone-manager-1.3.0-SNAPSHOT.jar:?]
	at org.apache.hadoop.ozone.protocolPB.OzoneManagerProtocolServerSideTranslatorPB.submitRequestDirectlyToOM(OzoneManagerProtocolServerSideTranslatorPB.java:276) ~[ozone-manager-1.3.0-SNAPSHOT.jar:?]
	at org.apache.hadoop.ozone.protocolPB.OzoneManagerProtocolServerSideTranslatorPB.processRequest(OzoneManagerProtocolServerSideTranslatorPB.java:205) ~[ozone-manager-1.3.0-SNAPSHOT.jar:?]
	at org.apache.hadoop.hdds.server.OzoneProtocolMessageDispatcher.processRequest(OzoneProtocolMessageDispatcher.java:87) [hdds-server-framework-1.3.0-SNAPSHOT.jar:?]
	at org.apache.hadoop.ozone.protocolPB.OzoneManagerProtocolServerSideTranslatorPB.submitRequest(OzoneManagerProtocolServerSideTranslatorPB.java:147) [ozone-manager-1.3.0-SNAPSHOT.jar:?]
	at org.apache.hadoop.ozone.protocol.proto.OzoneManagerProtocolProtos$OzoneManagerService$2.callBlockingMethod(OzoneManagerProtocolProtos.java) [ozone-interface-client-1.3.0-SNAPSHOT.jar:?]
	at org.apache.hadoop.ipc.ProtobufRpcEngine$Server.processCall(ProtobufRpcEngine.java:466) [hadoop-common-3.3.1.jar:?]
	at org.apache.hadoop.ipc.ProtobufRpcEngine2$Server$ProtoBufRpcInvoker.call(ProtobufRpcEngine2.java:574) [hadoop-common-3.3.1.jar:?]
	at org.apache.hadoop.ipc.ProtobufRpcEngine2$Server$ProtoBufRpcInvoker.call(ProtobufRpcEngine2.java:552) [hadoop-common-3.3.1.jar:?]
	at org.apache.hadoop.ipc.RPC$Server.call(RPC.java:1093) [hadoop-common-3.3.1.jar:?]
	at org.apache.hadoop.ipc.Server$RpcCall.run(Server.java:1035) [hadoop-common-3.3.1.jar:?]
	at org.apache.hadoop.ipc.Server$RpcCall.run(Server.java:963) [hadoop-common-3.3.1.jar:?]
	at java.security.AccessController.doPrivileged(Native Method) ~[?:1.8.0_332]
	at javax.security.auth.Subject.doAs(Subject.java:422) [?:1.8.0_332]
	at org.apache.hadoop.security.UserGroupInformation.doAs(UserGroupInformation.java:1878) [hadoop-common-3.3.1.jar:?]
	at org.apache.hadoop.ipc.Server$Handler.run(Server.java:2966) [hadoop-common-3.3.1.jar:?]
13:52:11.907 [IPC Server handler 15 on default port 44079] ERROR OMAudit - user=runner | ip=127.0.0.1 | op=LIST_STATUS {volume=volume10126, bucket=bucket44842, key=root_dir/file2, dataSize=0, replicationConfig=null} | ret=FAILURE
org.apache.hadoop.ozone.om.exceptions.OMException: Unable to get file status: volume: volume10126 bucket: bucket44842 key: root_dir/file2
	at org.apache.hadoop.ozone.om.KeyManagerImpl.getOzoneFileStatus(KeyManagerImpl.java:1311) ~[ozone-manager-1.3.0-SNAPSHOT.jar:?]
	at org.apache.hadoop.ozone.om.KeyManagerImpl.getFileStatus(KeyManagerImpl.java:1241) ~[ozone-manager-1.3.0-SNAPSHOT.jar:?]
	at org.apache.hadoop.ozone.om.KeyManagerImpl.listStatus(KeyManagerImpl.java:1565) ~[ozone-manager-1.3.0-SNAPSHOT.jar:?]
	at org.apache.hadoop.ozone.om.OzoneManager.listStatus(OzoneManager.java:3546) ~[ozone-manager-1.3.0-SNAPSHOT.jar:?]
	at org.apache.hadoop.ozone.protocolPB.OzoneManagerRequestHandler.listStatus(OzoneManagerRequestHandler.java:1072) ~[ozone-manager-1.3.0-SNAPSHOT.jar:?]
	at org.apache.hadoop.ozone.protocolPB.OzoneManagerRequestHandler.handleReadRequest(OzoneManagerRequestHandler.java:239) ~[ozone-manager-1.3.0-SNAPSHOT.jar:?]
	at org.apache.hadoop.ozone.protocolPB.OzoneManagerProtocolServerSideTranslatorPB.submitRequestDirectlyToOM(OzoneManagerProtocolServerSideTranslatorPB.java:276) ~[ozone-manager-1.3.0-SNAPSHOT.jar:?]
	at org.apache.hadoop.ozone.protocolPB.OzoneManagerProtocolServerSideTranslatorPB.processRequest(OzoneManagerProtocolServerSideTranslatorPB.java:205) ~[ozone-manager-1.3.0-SNAPSHOT.jar:?]
	at org.apache.hadoop.hdds.server.OzoneProtocolMessageDispatcher.processRequest(OzoneProtocolMessageDispatcher.java:87) [hdds-server-framework-1.3.0-SNAPSHOT.jar:?]
	at org.apache.hadoop.ozone.protocolPB.OzoneManagerProtocolServerSideTranslatorPB.submitRequest(OzoneManagerProtocolServerSideTranslatorPB.java:147) [ozone-manager-1.3.0-SNAPSHOT.jar:?]
	at org.apache.hadoop.ozone.protocol.proto.OzoneManagerProtocolProtos$OzoneManagerService$2.callBlockingMethod(OzoneManagerProtocolProtos.java) [ozone-interface-client-1.3.0-SNAPSHOT.jar:?]
	at org.apache.hadoop.ipc.ProtobufRpcEngine$Server.processCall(ProtobufRpcEngine.java:466) [hadoop-common-3.3.1.jar:?]
	at org.apache.hadoop.ipc.ProtobufRpcEngine2$Server$ProtoBufRpcInvoker.call(ProtobufRpcEngine2.java:574) [hadoop-common-3.3.1.jar:?]
	at org.apache.hadoop.ipc.ProtobufRpcEngine2$Server$ProtoBufRpcInvoker.call(ProtobufRpcEngine2.java:552) [hadoop-common-3.3.1.jar:?]
	at org.apache.hadoop.ipc.RPC$Server.call(RPC.java:1093) [hadoop-common-3.3.1.jar:?]
	at org.apache.hadoop.ipc.Server$RpcCall.run(Server.java:1035) [hadoop-common-3.3.1.jar:?]
	at org.apache.hadoop.ipc.Server$RpcCall.run(Server.java:963) [hadoop-common-3.3.1.jar:?]
	at java.security.AccessController.doPrivileged(Native Method) ~[?:1.8.0_332]
	at javax.security.auth.Subject.doAs(Subject.java:422) [?:1.8.0_332]
	at org.apache.hadoop.security.UserGroupInformation.doAs(UserGroupInformation.java:1878) [hadoop-common-3.3.1.jar:?]
	at org.apache.hadoop.ipc.Server$Handler.run(Server.java:2966) [hadoop-common-3.3.1.jar:?]
13:52:11.924 [IPC Server handler 3 on default port 44079] ERROR OMAudit - user=runner | ip=127.0.0.1 | op=GET_FILE_STATUS {volume=volume10126, bucket=bucket44842, key=root_dir/dir1/file2, dataSize=0, replicationConfig=null} | ret=FAILURE
org.apache.hadoop.ozone.om.exceptions.OMException: Unable to get file status: volume: volume10126 bucket: bucket44842 key: root_dir/dir1/file2
	at org.apache.hadoop.ozone.om.KeyManagerImpl.getOzoneFileStatus(KeyManagerImpl.java:1311) ~[ozone-manager-1.3.0-SNAPSHOT.jar:?]
	at org.apache.hadoop.ozone.om.KeyManagerImpl.getFileStatus(KeyManagerImpl.java:1241) ~[ozone-manager-1.3.0-SNAPSHOT.jar:?]
	at org.apache.hadoop.ozone.om.OzoneManager.getFileStatus(OzoneManager.java:3468) ~[ozone-manager-1.3.0-SNAPSHOT.jar:?]
	at org.apache.hadoop.ozone.protocolPB.OzoneManagerRequestHandler.getOzoneFileStatus(OzoneManagerRequestHandler.java:882) ~[ozone-manager-1.3.0-SNAPSHOT.jar:?]
	at org.apache.hadoop.ozone.protocolPB.OzoneManagerRequestHandler.handleReadRequest(OzoneManagerRequestHandler.java:228) ~[ozone-manager-1.3.0-SNAPSHOT.jar:?]
	at org.apache.hadoop.ozone.protocolPB.OzoneManagerProtocolServerSideTranslatorPB.submitRequestDirectlyToOM(OzoneManagerProtocolServerSideTranslatorPB.java:276) ~[ozone-manager-1.3.0-SNAPSHOT.jar:?]
	at org.apache.hadoop.ozone.protocolPB.OzoneManagerProtocolServerSideTranslatorPB.processRequest(OzoneManagerProtocolServerSideTranslatorPB.java:205) ~[ozone-manager-1.3.0-SNAPSHOT.jar:?]
	at org.apache.hadoop.hdds.server.OzoneProtocolMessageDispatcher.processRequest(OzoneProtocolMessageDispatcher.java:87) [hdds-server-framework-1.3.0-SNAPSHOT.jar:?]
	at org.apache.hadoop.ozone.protocolPB.OzoneManagerProtocolServerSideTranslatorPB.submitRequest(OzoneManagerProtocolServerSideTranslatorPB.java:147) [ozone-manager-1.3.0-SNAPSHOT.jar:?]
	at org.apache.hadoop.ozone.protocol.proto.OzoneManagerProtocolProtos$OzoneManagerService$2.callBlockingMethod(OzoneManagerProtocolProtos.java) [ozone-interface-client-1.3.0-SNAPSHOT.jar:?]
	at org.apache.hadoop.ipc.ProtobufRpcEngine$Server.processCall(ProtobufRpcEngine.java:466) [hadoop-common-3.3.1.jar:?]
	at org.apache.hadoop.ipc.ProtobufRpcEngine2$Server$ProtoBufRpcInvoker.call(ProtobufRpcEngine2.java:574) [hadoop-common-3.3.1.jar:?]
	at org.apache.hadoop.ipc.ProtobufRpcEngine2$Server$ProtoBufRpcInvoker.call(ProtobufRpcEngine2.java:552) [hadoop-common-3.3.1.jar:?]
	at org.apache.hadoop.ipc.RPC$Server.call(RPC.java:1093) [hadoop-common-3.3.1.jar:?]
	at org.apache.hadoop.ipc.Server$RpcCall.run(Server.java:1035) [hadoop-common-3.3.1.jar:?]
	at org.apache.hadoop.ipc.Server$RpcCall.run(Server.java:963) [hadoop-common-3.3.1.jar:?]
	at java.security.AccessController.doPrivileged(Native Method) ~[?:1.8.0_332]
	at javax.security.auth.Subject.doAs(Subject.java:422) [?:1.8.0_332]
	at org.apache.hadoop.security.UserGroupInformation.doAs(UserGroupInformation.java:1878) [hadoop-common-3.3.1.jar:?]
	at org.apache.hadoop.ipc.Server$Handler.run(Server.java:2966) [hadoop-common-3.3.1.jar:?]
2022-08-09 13:52:11,924 [Time-limited test] WARN  ozone.BasicRootedOzoneFileSystem (BasicRootedOzoneFileSystem.java:delete(572)) - delete: Path does not exist: /volume10126/bucket44842/root_dir/dir1/file2
13:52:11.924 [IPC Server handler 18 on default port 44079] ERROR OMAudit - user=runner | ip=127.0.0.1 | op=GET_FILE_STATUS {volume=volume10126, bucket=bucket44842, key=root_dir/dir1/dir2, dataSize=0, replicationConfig=null} | ret=FAILURE
org.apache.hadoop.ozone.om.exceptions.OMException: Unable to get file status: volume: volume10126 bucket: bucket44842 key: root_dir/dir1/dir2
	at org.apache.hadoop.ozone.om.KeyManagerImpl.getOzoneFileStatus(KeyManagerImpl.java:1311) ~[ozone-manager-1.3.0-SNAPSHOT.jar:?]
	at org.apache.hadoop.ozone.om.KeyManagerImpl.getFileStatus(KeyManagerImpl.java:1241) ~[ozone-manager-1.3.0-SNAPSHOT.jar:?]
	at org.apache.hadoop.ozone.om.OzoneManager.getFileStatus(OzoneManager.java:3468) ~[ozone-manager-1.3.0-SNAPSHOT.jar:?]
	at org.apache.hadoop.ozone.protocolPB.OzoneManagerRequestHandler.getOzoneFileStatus(OzoneManagerRequestHandler.java:882) ~[ozone-manager-1.3.0-SNAPSHOT.jar:?]
	at org.apache.hadoop.ozone.protocolPB.OzoneManagerRequestHandler.handleReadRequest(OzoneManagerRequestHandler.java:228) ~[ozone-manager-1.3.0-SNAPSHOT.jar:?]
	at org.apache.hadoop.ozone.protocolPB.OzoneManagerProtocolServerSideTranslatorPB.submitRequestDirectlyToOM(OzoneManagerProtocolServerSideTranslatorPB.java:276) ~[ozone-manager-1.3.0-SNAPSHOT.jar:?]
	at org.apache.hadoop.ozone.protocolPB.OzoneManagerProtocolServerSideTranslatorPB.processRequest(OzoneManagerProtocolServerSideTranslatorPB.java:205) ~[ozone-manager-1.3.0-SNAPSHOT.jar:?]
	at org.apache.hadoop.hdds.server.OzoneProtocolMessageDispatcher.processRequest(OzoneProtocolMessageDispatcher.java:87) [hdds-server-framework-1.3.0-SNAPSHOT.jar:?]
	at org.apache.hadoop.ozone.protocolPB.OzoneManagerProtocolServerSideTranslatorPB.submitRequest(OzoneManagerProtocolServerSideTranslatorPB.java:147) [ozone-manager-1.3.0-SNAPSHOT.jar:?]
	at org.apache.hadoop.ozone.protocol.proto.OzoneManagerProtocolProtos$OzoneManagerService$2.callBlockingMethod(OzoneManagerProtocolProtos.java) [ozone-interface-client-1.3.0-SNAPSHOT.jar:?]
	at org.apache.hadoop.ipc.ProtobufRpcEngine$Server.processCall(ProtobufRpcEngine.java:466) [hadoop-common-3.3.1.jar:?]
	at org.apache.hadoop.ipc.ProtobufRpcEngine2$Server$ProtoBufRpcInvoker.call(ProtobufRpcEngine2.java:574) [hadoop-common-3.3.1.jar:?]
	at org.apache.hadoop.ipc.ProtobufRpcEngine2$Server$ProtoBufRpcInvoker.call(ProtobufRpcEngine2.java:552) [hadoop-common-3.3.1.jar:?]
	at org.apache.hadoop.ipc.RPC$Server.call(RPC.java:1093) [hadoop-common-3.3.1.jar:?]
	at org.apache.hadoop.ipc.Server$RpcCall.run(Server.java:1035) [hadoop-common-3.3.1.jar:?]
	at org.apache.hadoop.ipc.Server$RpcCall.run(Server.java:963) [hadoop-common-3.3.1.jar:?]
	at java.security.AccessController.doPrivileged(Native Method) ~[?:1.8.0_332]
	at javax.security.auth.Subject.doAs(Subject.java:422) [?:1.8.0_332]
	at org.apache.hadoop.security.UserGroupInformation.doAs(UserGroupInformation.java:1878) [hadoop-common-3.3.1.jar:?]
	at org.apache.hadoop.ipc.Server$Handler.run(Server.java:2966) [hadoop-common-3.3.1.jar:?]
2022-08-09 13:52:11,925 [Time-limited test] WARN  ozone.BasicRootedOzoneFileSystem (BasicRootedOzoneFileSystem.java:delete(572)) - delete: Path does not exist: /volume10126/bucket44842/root_dir/dir1/dir2
]]></system-out>
  </testcase>
  <testcase name="testMkdirNonExistentVolumeBucket" classname="TestRootedOzoneFileSystem" time="0.072">
    <system-out><![CDATA[2022-08-09 13:47:17,286 [Time-limited test] INFO  rpc.RpcClient (RpcClient.java:createVolume(468)) - Creating Volume: volume45712, with user48499 as owner and space quota set to -1 bytes, counts quota set to -1
2022-08-09 13:47:17,289 [OM StateMachine ApplyTransaction Thread - 0] INFO  volume.OMVolumeCreateRequest (OMVolumeCreateRequest.java:validateAndUpdateCache(195)) - created volume:volume45712 for user:user48499
2022-08-09 13:47:17,291 [Time-limited test] INFO  rpc.RpcClient (RpcClient.java:createBucket(671)) - Creating Bucket: volume45712/bucket06672, with bucket layout LEGACY, runner as owner, Versioning false, Storage Type set to DISK and Encryption set to false 
2022-08-09 13:47:17,293 [OM StateMachine ApplyTransaction Thread - 0] INFO  bucket.OMBucketCreateRequest (OMBucketCreateRequest.java:validateAndUpdateCache(260)) - created bucket: bucket06672 of layout LEGACY in volume: volume45712
2022-08-09 13:47:17,297 [Time-limited test] INFO  rpc.RpcClient (RpcClient.java:createVolume(468)) - Creating Volume: volume-25581, with runner as owner and space quota set to -1 bytes, counts quota set to -1
2022-08-09 13:47:17,299 [OM StateMachine ApplyTransaction Thread - 0] INFO  volume.OMVolumeCreateRequest (OMVolumeCreateRequest.java:validateAndUpdateCache(195)) - created volume:volume-25581 for user:runner
2022-08-09 13:47:17,302 [Time-limited test] INFO  rpc.RpcClient (RpcClient.java:createBucket(671)) - Creating Bucket: volume-25581/bucket-90876, with bucket layout LEGACY, runner as owner, Versioning false, Storage Type set to DISK and Encryption set to false 
2022-08-09 13:47:17,304 [OM StateMachine ApplyTransaction Thread - 0] INFO  bucket.OMBucketCreateRequest (OMBucketCreateRequest.java:validateAndUpdateCache(260)) - created bucket: bucket-90876 of layout LEGACY in volume: volume-25581
]]></system-out>
  </testcase>
  <testcase name="testMkdirNonExistentVolumeBucket" classname="TestRootedOzoneFileSystem" time="0.078">
    <system-out><![CDATA[2022-08-09 13:48:22,426 [Time-limited test] INFO  rpc.RpcClient (RpcClient.java:createVolume(468)) - Creating Volume: volume16621, with user36957 as owner and space quota set to -1 bytes, counts quota set to -1
2022-08-09 13:48:22,434 [OM StateMachine ApplyTransaction Thread - 0] INFO  volume.OMVolumeCreateRequest (OMVolumeCreateRequest.java:validateAndUpdateCache(195)) - created volume:volume16621 for user:user36957
2022-08-09 13:48:22,435 [Time-limited test] INFO  rpc.RpcClient (RpcClient.java:createBucket(671)) - Creating Bucket: volume16621/bucket48661, with bucket layout LEGACY, runner as owner, Versioning false, Storage Type set to DISK and Encryption set to false 
2022-08-09 13:48:22,436 [OM StateMachine ApplyTransaction Thread - 0] INFO  bucket.OMBucketCreateRequest (OMBucketCreateRequest.java:validateAndUpdateCache(260)) - created bucket: bucket48661 of layout LEGACY in volume: volume16621
13:48:22.438 [IPC Server handler 6 on default port 34619] ERROR OMAudit - user=runner | ip=127.0.0.1 | op=READ_BUCKET {volume=volume-88834, bucket=bucket-95822} | ret=FAILURE
org.apache.hadoop.ozone.om.exceptions.OMException: Volume not found when getting bucket info
	at org.apache.hadoop.ozone.om.BucketManagerImpl.getBucketInfo(BucketManagerImpl.java:127) ~[ozone-manager-1.3.0-SNAPSHOT.jar:?]
	at org.apache.hadoop.ozone.om.OzoneManager.getBucketInfo(OzoneManager.java:2780) ~[ozone-manager-1.3.0-SNAPSHOT.jar:?]
	at org.apache.hadoop.ozone.protocolPB.OzoneManagerRequestHandler.infoBucket(OzoneManagerRequestHandler.java:475) ~[ozone-manager-1.3.0-SNAPSHOT.jar:?]
	at org.apache.hadoop.ozone.protocolPB.OzoneManagerRequestHandler.handleReadRequest(OzoneManagerRequestHandler.java:178) ~[ozone-manager-1.3.0-SNAPSHOT.jar:?]
	at org.apache.hadoop.ozone.protocolPB.OzoneManagerProtocolServerSideTranslatorPB.submitReadRequestToOM(OzoneManagerProtocolServerSideTranslatorPB.java:226) ~[ozone-manager-1.3.0-SNAPSHOT.jar:?]
	at org.apache.hadoop.ozone.protocolPB.OzoneManagerProtocolServerSideTranslatorPB.processRequest(OzoneManagerProtocolServerSideTranslatorPB.java:175) ~[ozone-manager-1.3.0-SNAPSHOT.jar:?]
	at org.apache.hadoop.hdds.server.OzoneProtocolMessageDispatcher.processRequest(OzoneProtocolMessageDispatcher.java:87) [hdds-server-framework-1.3.0-SNAPSHOT.jar:?]
	at org.apache.hadoop.ozone.protocolPB.OzoneManagerProtocolServerSideTranslatorPB.submitRequest(OzoneManagerProtocolServerSideTranslatorPB.java:147) [ozone-manager-1.3.0-SNAPSHOT.jar:?]
	at org.apache.hadoop.ozone.protocol.proto.OzoneManagerProtocolProtos$OzoneManagerService$2.callBlockingMethod(OzoneManagerProtocolProtos.java) [ozone-interface-client-1.3.0-SNAPSHOT.jar:?]
	at org.apache.hadoop.ipc.ProtobufRpcEngine$Server.processCall(ProtobufRpcEngine.java:466) [hadoop-common-3.3.1.jar:?]
	at org.apache.hadoop.ipc.ProtobufRpcEngine2$Server$ProtoBufRpcInvoker.call(ProtobufRpcEngine2.java:574) [hadoop-common-3.3.1.jar:?]
	at org.apache.hadoop.ipc.ProtobufRpcEngine2$Server$ProtoBufRpcInvoker.call(ProtobufRpcEngine2.java:552) [hadoop-common-3.3.1.jar:?]
	at org.apache.hadoop.ipc.RPC$Server.call(RPC.java:1093) [hadoop-common-3.3.1.jar:?]
	at org.apache.hadoop.ipc.Server$RpcCall.run(Server.java:1035) [hadoop-common-3.3.1.jar:?]
	at org.apache.hadoop.ipc.Server$RpcCall.run(Server.java:963) [hadoop-common-3.3.1.jar:?]
	at java.security.AccessController.doPrivileged(Native Method) ~[?:1.8.0_332]
	at javax.security.auth.Subject.doAs(Subject.java:422) [?:1.8.0_332]
	at org.apache.hadoop.security.UserGroupInformation.doAs(UserGroupInformation.java:1878) [hadoop-common-3.3.1.jar:?]
	at org.apache.hadoop.ipc.Server$Handler.run(Server.java:2966) [hadoop-common-3.3.1.jar:?]
2022-08-09 13:48:22,439 [Time-limited test] INFO  rpc.RpcClient (RpcClient.java:createVolume(468)) - Creating Volume: volume-88834, with runner as owner and space quota set to -1 bytes, counts quota set to -1
2022-08-09 13:48:22,440 [OM StateMachine ApplyTransaction Thread - 0] INFO  volume.OMVolumeCreateRequest (OMVolumeCreateRequest.java:validateAndUpdateCache(195)) - created volume:volume-88834 for user:runner
2022-08-09 13:48:22,440 [Time-limited test] INFO  rpc.RpcClient (RpcClient.java:createBucket(671)) - Creating Bucket: volume-88834/bucket-95822, with bucket layout LEGACY, runner as owner, Versioning false, Storage Type set to DISK and Encryption set to false 
2022-08-09 13:48:22,441 [OM StateMachine ApplyTransaction Thread - 0] INFO  bucket.OMBucketCreateRequest (OMBucketCreateRequest.java:validateAndUpdateCache(260)) - created bucket: bucket-95822 of layout LEGACY in volume: volume-88834
]]></system-out>
  </testcase>
  <testcase name="testMkdirNonExistentVolumeBucket" classname="TestRootedOzoneFileSystem" time="0.107">
    <system-out><![CDATA[2022-08-09 13:49:28,681 [Time-limited test] INFO  rpc.RpcClient (RpcClient.java:createVolume(468)) - Creating Volume: volume55150, with user80832 as owner and space quota set to -1 bytes, counts quota set to -1
2022-08-09 13:49:28,682 [IPC Server handler 3 on default port 42643] INFO  volume.OMVolumeCreateRequest (OMVolumeCreateRequest.java:validateAndUpdateCache(195)) - created volume:volume55150 for user:user80832
2022-08-09 13:49:28,683 [Time-limited test] INFO  rpc.RpcClient (RpcClient.java:createBucket(671)) - Creating Bucket: volume55150/bucket66201, with bucket layout LEGACY, runner as owner, Versioning false, Storage Type set to DISK and Encryption set to false 
2022-08-09 13:49:28,683 [IPC Server handler 8 on default port 42643] INFO  bucket.OMBucketCreateRequest (OMBucketCreateRequest.java:validateAndUpdateCache(260)) - created bucket: bucket66201 of layout LEGACY in volume: volume55150
13:49:28.685 [IPC Server handler 19 on default port 42643] ERROR OMAudit - user=runner | ip=127.0.0.1 | op=READ_BUCKET {volume=volume-23198, bucket=bucket-24782} | ret=FAILURE
org.apache.hadoop.ozone.om.exceptions.OMException: Volume not found when getting bucket info
	at org.apache.hadoop.ozone.om.BucketManagerImpl.getBucketInfo(BucketManagerImpl.java:127) ~[ozone-manager-1.3.0-SNAPSHOT.jar:?]
	at org.apache.hadoop.ozone.om.OzoneManager.getBucketInfo(OzoneManager.java:2780) ~[ozone-manager-1.3.0-SNAPSHOT.jar:?]
	at org.apache.hadoop.ozone.protocolPB.OzoneManagerRequestHandler.infoBucket(OzoneManagerRequestHandler.java:475) ~[ozone-manager-1.3.0-SNAPSHOT.jar:?]
	at org.apache.hadoop.ozone.protocolPB.OzoneManagerRequestHandler.handleReadRequest(OzoneManagerRequestHandler.java:178) ~[ozone-manager-1.3.0-SNAPSHOT.jar:?]
	at org.apache.hadoop.ozone.protocolPB.OzoneManagerProtocolServerSideTranslatorPB.submitRequestDirectlyToOM(OzoneManagerProtocolServerSideTranslatorPB.java:276) ~[ozone-manager-1.3.0-SNAPSHOT.jar:?]
	at org.apache.hadoop.ozone.protocolPB.OzoneManagerProtocolServerSideTranslatorPB.processRequest(OzoneManagerProtocolServerSideTranslatorPB.java:205) ~[ozone-manager-1.3.0-SNAPSHOT.jar:?]
	at org.apache.hadoop.hdds.server.OzoneProtocolMessageDispatcher.processRequest(OzoneProtocolMessageDispatcher.java:87) [hdds-server-framework-1.3.0-SNAPSHOT.jar:?]
	at org.apache.hadoop.ozone.protocolPB.OzoneManagerProtocolServerSideTranslatorPB.submitRequest(OzoneManagerProtocolServerSideTranslatorPB.java:147) [ozone-manager-1.3.0-SNAPSHOT.jar:?]
	at org.apache.hadoop.ozone.protocol.proto.OzoneManagerProtocolProtos$OzoneManagerService$2.callBlockingMethod(OzoneManagerProtocolProtos.java) [ozone-interface-client-1.3.0-SNAPSHOT.jar:?]
	at org.apache.hadoop.ipc.ProtobufRpcEngine$Server.processCall(ProtobufRpcEngine.java:466) [hadoop-common-3.3.1.jar:?]
	at org.apache.hadoop.ipc.ProtobufRpcEngine2$Server$ProtoBufRpcInvoker.call(ProtobufRpcEngine2.java:574) [hadoop-common-3.3.1.jar:?]
	at org.apache.hadoop.ipc.ProtobufRpcEngine2$Server$ProtoBufRpcInvoker.call(ProtobufRpcEngine2.java:552) [hadoop-common-3.3.1.jar:?]
	at org.apache.hadoop.ipc.RPC$Server.call(RPC.java:1093) [hadoop-common-3.3.1.jar:?]
	at org.apache.hadoop.ipc.Server$RpcCall.run(Server.java:1035) [hadoop-common-3.3.1.jar:?]
	at org.apache.hadoop.ipc.Server$RpcCall.run(Server.java:963) [hadoop-common-3.3.1.jar:?]
	at java.security.AccessController.doPrivileged(Native Method) ~[?:1.8.0_332]
	at javax.security.auth.Subject.doAs(Subject.java:422) [?:1.8.0_332]
	at org.apache.hadoop.security.UserGroupInformation.doAs(UserGroupInformation.java:1878) [hadoop-common-3.3.1.jar:?]
	at org.apache.hadoop.ipc.Server$Handler.run(Server.java:2966) [hadoop-common-3.3.1.jar:?]
2022-08-09 13:49:28,685 [Time-limited test] INFO  rpc.RpcClient (RpcClient.java:createVolume(468)) - Creating Volume: volume-23198, with runner as owner and space quota set to -1 bytes, counts quota set to -1
2022-08-09 13:49:28,693 [IPC Server handler 18 on default port 42643] INFO  volume.OMVolumeCreateRequest (OMVolumeCreateRequest.java:validateAndUpdateCache(195)) - created volume:volume-23198 for user:runner
2022-08-09 13:49:28,707 [Time-limited test] INFO  rpc.RpcClient (RpcClient.java:createBucket(671)) - Creating Bucket: volume-23198/bucket-24782, with bucket layout LEGACY, runner as owner, Versioning false, Storage Type set to DISK and Encryption set to false 
2022-08-09 13:49:28,708 [IPC Server handler 12 on default port 42643] INFO  bucket.OMBucketCreateRequest (OMBucketCreateRequest.java:validateAndUpdateCache(260)) - created bucket: bucket-24782 of layout LEGACY in volume: volume-23198
]]></system-out>
  </testcase>
  <testcase name="testMkdirNonExistentVolumeBucket" classname="TestRootedOzoneFileSystem" time="0.217">
    <system-out><![CDATA[2022-08-09 13:50:47,146 [Time-limited test] INFO  rpc.RpcClient (RpcClient.java:createVolume(468)) - Creating Volume: volume97993, with user28423 as owner and space quota set to -1 bytes, counts quota set to -1
2022-08-09 13:50:47,155 [OM StateMachine ApplyTransaction Thread - 0] INFO  volume.OMVolumeCreateRequest (OMVolumeCreateRequest.java:validateAndUpdateCache(195)) - created volume:volume97993 for user:user28423
2022-08-09 13:50:47,156 [Time-limited test] INFO  rpc.RpcClient (RpcClient.java:createBucket(671)) - Creating Bucket: volume97993/bucket61899, with bucket layout LEGACY, runner as owner, Versioning false, Storage Type set to DISK and Encryption set to false 
2022-08-09 13:50:47,158 [OM StateMachine ApplyTransaction Thread - 0] INFO  bucket.OMBucketCreateRequest (OMBucketCreateRequest.java:validateAndUpdateCache(260)) - created bucket: bucket61899 of layout LEGACY in volume: volume97993
13:50:47.159 [IPC Server handler 12 on default port 45023] ERROR OMAudit - user=runner | ip=127.0.0.1 | op=READ_BUCKET {volume=volume-73120, bucket=bucket-07731} | ret=FAILURE
org.apache.hadoop.ozone.om.exceptions.OMException: Volume not found when getting bucket info
	at org.apache.hadoop.ozone.om.BucketManagerImpl.getBucketInfo(BucketManagerImpl.java:127) ~[ozone-manager-1.3.0-SNAPSHOT.jar:?]
	at org.apache.hadoop.ozone.om.OzoneManager.getBucketInfo(OzoneManager.java:2780) ~[ozone-manager-1.3.0-SNAPSHOT.jar:?]
	at org.apache.hadoop.ozone.protocolPB.OzoneManagerRequestHandler.infoBucket(OzoneManagerRequestHandler.java:475) ~[ozone-manager-1.3.0-SNAPSHOT.jar:?]
	at org.apache.hadoop.ozone.protocolPB.OzoneManagerRequestHandler.handleReadRequest(OzoneManagerRequestHandler.java:178) ~[ozone-manager-1.3.0-SNAPSHOT.jar:?]
	at org.apache.hadoop.ozone.protocolPB.OzoneManagerProtocolServerSideTranslatorPB.submitReadRequestToOM(OzoneManagerProtocolServerSideTranslatorPB.java:226) ~[ozone-manager-1.3.0-SNAPSHOT.jar:?]
	at org.apache.hadoop.ozone.protocolPB.OzoneManagerProtocolServerSideTranslatorPB.processRequest(OzoneManagerProtocolServerSideTranslatorPB.java:175) ~[ozone-manager-1.3.0-SNAPSHOT.jar:?]
	at org.apache.hadoop.hdds.server.OzoneProtocolMessageDispatcher.processRequest(OzoneProtocolMessageDispatcher.java:87) [hdds-server-framework-1.3.0-SNAPSHOT.jar:?]
	at org.apache.hadoop.ozone.protocolPB.OzoneManagerProtocolServerSideTranslatorPB.submitRequest(OzoneManagerProtocolServerSideTranslatorPB.java:147) [ozone-manager-1.3.0-SNAPSHOT.jar:?]
	at org.apache.hadoop.ozone.protocol.proto.OzoneManagerProtocolProtos$OzoneManagerService$2.callBlockingMethod(OzoneManagerProtocolProtos.java) [ozone-interface-client-1.3.0-SNAPSHOT.jar:?]
	at org.apache.hadoop.ipc.ProtobufRpcEngine$Server.processCall(ProtobufRpcEngine.java:466) [hadoop-common-3.3.1.jar:?]
	at org.apache.hadoop.ipc.ProtobufRpcEngine2$Server$ProtoBufRpcInvoker.call(ProtobufRpcEngine2.java:574) [hadoop-common-3.3.1.jar:?]
	at org.apache.hadoop.ipc.ProtobufRpcEngine2$Server$ProtoBufRpcInvoker.call(ProtobufRpcEngine2.java:552) [hadoop-common-3.3.1.jar:?]
	at org.apache.hadoop.ipc.RPC$Server.call(RPC.java:1093) [hadoop-common-3.3.1.jar:?]
	at org.apache.hadoop.ipc.Server$RpcCall.run(Server.java:1035) [hadoop-common-3.3.1.jar:?]
	at org.apache.hadoop.ipc.Server$RpcCall.run(Server.java:963) [hadoop-common-3.3.1.jar:?]
	at java.security.AccessController.doPrivileged(Native Method) ~[?:1.8.0_332]
	at javax.security.auth.Subject.doAs(Subject.java:422) [?:1.8.0_332]
	at org.apache.hadoop.security.UserGroupInformation.doAs(UserGroupInformation.java:1878) [hadoop-common-3.3.1.jar:?]
	at org.apache.hadoop.ipc.Server$Handler.run(Server.java:2966) [hadoop-common-3.3.1.jar:?]
2022-08-09 13:50:47,160 [Time-limited test] INFO  rpc.RpcClient (RpcClient.java:createVolume(468)) - Creating Volume: volume-73120, with runner as owner and space quota set to -1 bytes, counts quota set to -1
2022-08-09 13:50:47,161 [OM StateMachine ApplyTransaction Thread - 0] INFO  volume.OMVolumeCreateRequest (OMVolumeCreateRequest.java:validateAndUpdateCache(195)) - created volume:volume-73120 for user:runner
2022-08-09 13:50:47,163 [Time-limited test] INFO  rpc.RpcClient (RpcClient.java:createBucket(671)) - Creating Bucket: volume-73120/bucket-07731, with bucket layout LEGACY, runner as owner, Versioning false, Storage Type set to DISK and Encryption set to false 
2022-08-09 13:50:47,199 [OM StateMachine ApplyTransaction Thread - 0] INFO  bucket.OMBucketCreateRequest (OMBucketCreateRequest.java:validateAndUpdateCache(260)) - created bucket: bucket-07731 of layout LEGACY in volume: volume-73120
]]></system-out>
  </testcase>
  <testcase name="testMkdirNonExistentVolumeBucket" classname="TestRootedOzoneFileSystem" time="0.147">
    <system-out><![CDATA[2022-08-09 13:52:12,064 [Time-limited test] INFO  rpc.RpcClient (RpcClient.java:createVolume(468)) - Creating Volume: volume21166, with user01221 as owner and space quota set to -1 bytes, counts quota set to -1
2022-08-09 13:52:12,065 [IPC Server handler 17 on default port 44079] INFO  volume.OMVolumeCreateRequest (OMVolumeCreateRequest.java:validateAndUpdateCache(195)) - created volume:volume21166 for user:user01221
2022-08-09 13:52:12,073 [Time-limited test] INFO  rpc.RpcClient (RpcClient.java:createBucket(671)) - Creating Bucket: volume21166/bucket65449, with bucket layout LEGACY, runner as owner, Versioning false, Storage Type set to DISK and Encryption set to false 
2022-08-09 13:52:12,073 [IPC Server handler 9 on default port 44079] INFO  bucket.OMBucketCreateRequest (OMBucketCreateRequest.java:validateAndUpdateCache(260)) - created bucket: bucket65449 of layout LEGACY in volume: volume21166
13:52:12.075 [IPC Server handler 10 on default port 44079] ERROR OMAudit - user=runner | ip=127.0.0.1 | op=READ_BUCKET {volume=volume-28601, bucket=bucket-53206} | ret=FAILURE
org.apache.hadoop.ozone.om.exceptions.OMException: Volume not found when getting bucket info
	at org.apache.hadoop.ozone.om.BucketManagerImpl.getBucketInfo(BucketManagerImpl.java:127) ~[ozone-manager-1.3.0-SNAPSHOT.jar:?]
	at org.apache.hadoop.ozone.om.OzoneManager.getBucketInfo(OzoneManager.java:2780) ~[ozone-manager-1.3.0-SNAPSHOT.jar:?]
	at org.apache.hadoop.ozone.protocolPB.OzoneManagerRequestHandler.infoBucket(OzoneManagerRequestHandler.java:475) ~[ozone-manager-1.3.0-SNAPSHOT.jar:?]
	at org.apache.hadoop.ozone.protocolPB.OzoneManagerRequestHandler.handleReadRequest(OzoneManagerRequestHandler.java:178) ~[ozone-manager-1.3.0-SNAPSHOT.jar:?]
	at org.apache.hadoop.ozone.protocolPB.OzoneManagerProtocolServerSideTranslatorPB.submitRequestDirectlyToOM(OzoneManagerProtocolServerSideTranslatorPB.java:276) ~[ozone-manager-1.3.0-SNAPSHOT.jar:?]
	at org.apache.hadoop.ozone.protocolPB.OzoneManagerProtocolServerSideTranslatorPB.processRequest(OzoneManagerProtocolServerSideTranslatorPB.java:205) ~[ozone-manager-1.3.0-SNAPSHOT.jar:?]
	at org.apache.hadoop.hdds.server.OzoneProtocolMessageDispatcher.processRequest(OzoneProtocolMessageDispatcher.java:87) [hdds-server-framework-1.3.0-SNAPSHOT.jar:?]
	at org.apache.hadoop.ozone.protocolPB.OzoneManagerProtocolServerSideTranslatorPB.submitRequest(OzoneManagerProtocolServerSideTranslatorPB.java:147) [ozone-manager-1.3.0-SNAPSHOT.jar:?]
	at org.apache.hadoop.ozone.protocol.proto.OzoneManagerProtocolProtos$OzoneManagerService$2.callBlockingMethod(OzoneManagerProtocolProtos.java) [ozone-interface-client-1.3.0-SNAPSHOT.jar:?]
	at org.apache.hadoop.ipc.ProtobufRpcEngine$Server.processCall(ProtobufRpcEngine.java:466) [hadoop-common-3.3.1.jar:?]
	at org.apache.hadoop.ipc.ProtobufRpcEngine2$Server$ProtoBufRpcInvoker.call(ProtobufRpcEngine2.java:574) [hadoop-common-3.3.1.jar:?]
	at org.apache.hadoop.ipc.ProtobufRpcEngine2$Server$ProtoBufRpcInvoker.call(ProtobufRpcEngine2.java:552) [hadoop-common-3.3.1.jar:?]
	at org.apache.hadoop.ipc.RPC$Server.call(RPC.java:1093) [hadoop-common-3.3.1.jar:?]
	at org.apache.hadoop.ipc.Server$RpcCall.run(Server.java:1035) [hadoop-common-3.3.1.jar:?]
	at org.apache.hadoop.ipc.Server$RpcCall.run(Server.java:963) [hadoop-common-3.3.1.jar:?]
	at java.security.AccessController.doPrivileged(Native Method) ~[?:1.8.0_332]
	at javax.security.auth.Subject.doAs(Subject.java:422) [?:1.8.0_332]
	at org.apache.hadoop.security.UserGroupInformation.doAs(UserGroupInformation.java:1878) [hadoop-common-3.3.1.jar:?]
	at org.apache.hadoop.ipc.Server$Handler.run(Server.java:2966) [hadoop-common-3.3.1.jar:?]
2022-08-09 13:52:12,076 [Time-limited test] INFO  rpc.RpcClient (RpcClient.java:createVolume(468)) - Creating Volume: volume-28601, with runner as owner and space quota set to -1 bytes, counts quota set to -1
2022-08-09 13:52:12,077 [IPC Server handler 2 on default port 44079] INFO  volume.OMVolumeCreateRequest (OMVolumeCreateRequest.java:validateAndUpdateCache(195)) - created volume:volume-28601 for user:runner
2022-08-09 13:52:12,079 [Time-limited test] INFO  rpc.RpcClient (RpcClient.java:createBucket(671)) - Creating Bucket: volume-28601/bucket-53206, with bucket layout LEGACY, runner as owner, Versioning false, Storage Type set to DISK and Encryption set to false 
2022-08-09 13:52:12,079 [IPC Server handler 4 on default port 44079] INFO  bucket.OMBucketCreateRequest (OMBucketCreateRequest.java:validateAndUpdateCache(260)) - created bucket: bucket-53206 of layout LEGACY in volume: volume-28601
]]></system-out>
  </testcase>
  <testcase name="testFailToDeleteRoot" classname="TestRootedOzoneFileSystem" time="0.057">
    <system-out><![CDATA[2022-08-09 13:47:17,359 [Time-limited test] INFO  rpc.RpcClient (RpcClient.java:createVolume(468)) - Creating Volume: volume59939, with user51969 as owner and space quota set to -1 bytes, counts quota set to -1
2022-08-09 13:47:17,361 [OM StateMachine ApplyTransaction Thread - 0] INFO  volume.OMVolumeCreateRequest (OMVolumeCreateRequest.java:validateAndUpdateCache(195)) - created volume:volume59939 for user:user51969
2022-08-09 13:47:17,364 [Time-limited test] INFO  rpc.RpcClient (RpcClient.java:createBucket(671)) - Creating Bucket: volume59939/bucket35112, with bucket layout LEGACY, runner as owner, Versioning false, Storage Type set to DISK and Encryption set to false 
2022-08-09 13:47:17,366 [OM StateMachine ApplyTransaction Thread - 0] INFO  bucket.OMBucketCreateRequest (OMBucketCreateRequest.java:validateAndUpdateCache(260)) - created bucket: bucket35112 of layout LEGACY in volume: volume59939
2022-08-09 13:47:17,368 [Time-limited test] WARN  ozone.BasicRootedOzoneFileSystem (BasicRootedOzoneFileSystem.java:delete(591)) - delete: OFS does not support rm root. To wipe the cluster, please re-init OM instead.
2022-08-09 13:47:17,368 [Time-limited test] WARN  ozone.BasicRootedOzoneFileSystem (BasicRootedOzoneFileSystem.java:delete(591)) - delete: OFS does not support rm root. To wipe the cluster, please re-init OM instead.
]]></system-out>
  </testcase>
  <testcase name="testFailToDeleteRoot" classname="TestRootedOzoneFileSystem" time="0.067">
    <system-out><![CDATA[2022-08-09 13:48:22,505 [Time-limited test] INFO  rpc.RpcClient (RpcClient.java:createVolume(468)) - Creating Volume: volume17978, with user60903 as owner and space quota set to -1 bytes, counts quota set to -1
2022-08-09 13:48:22,506 [OM StateMachine ApplyTransaction Thread - 0] INFO  volume.OMVolumeCreateRequest (OMVolumeCreateRequest.java:validateAndUpdateCache(195)) - created volume:volume17978 for user:user60903
2022-08-09 13:48:22,507 [Time-limited test] INFO  rpc.RpcClient (RpcClient.java:createBucket(671)) - Creating Bucket: volume17978/bucket03591, with bucket layout LEGACY, runner as owner, Versioning false, Storage Type set to DISK and Encryption set to false 
2022-08-09 13:48:22,508 [OM StateMachine ApplyTransaction Thread - 0] INFO  bucket.OMBucketCreateRequest (OMBucketCreateRequest.java:validateAndUpdateCache(260)) - created bucket: bucket03591 of layout LEGACY in volume: volume17978
2022-08-09 13:48:22,509 [Time-limited test] WARN  ozone.BasicRootedOzoneFileSystem (BasicRootedOzoneFileSystem.java:delete(591)) - delete: OFS does not support rm root. To wipe the cluster, please re-init OM instead.
2022-08-09 13:48:22,509 [Time-limited test] WARN  ozone.BasicRootedOzoneFileSystem (BasicRootedOzoneFileSystem.java:delete(591)) - delete: OFS does not support rm root. To wipe the cluster, please re-init OM instead.
]]></system-out>
  </testcase>
  <testcase name="testFailToDeleteRoot" classname="TestRootedOzoneFileSystem" time="0.078">
    <system-out><![CDATA[2022-08-09 13:49:28,775 [Time-limited test] INFO  rpc.RpcClient (RpcClient.java:createVolume(468)) - Creating Volume: volume33388, with user71392 as owner and space quota set to -1 bytes, counts quota set to -1
2022-08-09 13:49:28,776 [IPC Server handler 9 on default port 42643] INFO  volume.OMVolumeCreateRequest (OMVolumeCreateRequest.java:validateAndUpdateCache(195)) - created volume:volume33388 for user:user71392
2022-08-09 13:49:28,777 [Time-limited test] INFO  rpc.RpcClient (RpcClient.java:createBucket(671)) - Creating Bucket: volume33388/bucket67722, with bucket layout LEGACY, runner as owner, Versioning false, Storage Type set to DISK and Encryption set to false 
2022-08-09 13:49:28,778 [IPC Server handler 15 on default port 42643] INFO  bucket.OMBucketCreateRequest (OMBucketCreateRequest.java:validateAndUpdateCache(260)) - created bucket: bucket67722 of layout LEGACY in volume: volume33388
2022-08-09 13:49:28,783 [Time-limited test] WARN  ozone.BasicRootedOzoneFileSystem (BasicRootedOzoneFileSystem.java:delete(591)) - delete: OFS does not support rm root. To wipe the cluster, please re-init OM instead.
2022-08-09 13:49:28,784 [Time-limited test] WARN  ozone.BasicRootedOzoneFileSystem (BasicRootedOzoneFileSystem.java:delete(591)) - delete: OFS does not support rm root. To wipe the cluster, please re-init OM instead.
]]></system-out>
  </testcase>
  <testcase name="testFailToDeleteRoot" classname="TestRootedOzoneFileSystem" time="0.137">
    <system-out><![CDATA[2022-08-09 13:50:47,295 [UnderReplicatedQueueThreadThread] INFO  replication.UnderReplicatedProcessor (UnderReplicatedProcessor.java:processAll(85)) - Processed 0 under replicated containers, failed processing 0
2022-08-09 13:50:47,296 [OverReplicatedQueueThreadThread] INFO  replication.OverReplicatedProcessor (OverReplicatedProcessor.java:processAll(83)) - Processed 0 over replicated containers, failed processing 0
2022-08-09 13:50:47,330 [Time-limited test] INFO  rpc.RpcClient (RpcClient.java:createVolume(468)) - Creating Volume: volume57621, with user20475 as owner and space quota set to -1 bytes, counts quota set to -1
2022-08-09 13:50:47,337 [OM StateMachine ApplyTransaction Thread - 0] INFO  volume.OMVolumeCreateRequest (OMVolumeCreateRequest.java:validateAndUpdateCache(195)) - created volume:volume57621 for user:user20475
2022-08-09 13:50:47,341 [Time-limited test] INFO  rpc.RpcClient (RpcClient.java:createBucket(671)) - Creating Bucket: volume57621/bucket16302, with bucket layout LEGACY, runner as owner, Versioning false, Storage Type set to DISK and Encryption set to false 
2022-08-09 13:50:47,342 [OM StateMachine ApplyTransaction Thread - 0] INFO  bucket.OMBucketCreateRequest (OMBucketCreateRequest.java:validateAndUpdateCache(260)) - created bucket: bucket16302 of layout LEGACY in volume: volume57621
2022-08-09 13:50:47,343 [Time-limited test] WARN  ozone.BasicRootedOzoneFileSystem (BasicRootedOzoneFileSystem.java:delete(591)) - delete: OFS does not support rm root. To wipe the cluster, please re-init OM instead.
2022-08-09 13:50:47,343 [Time-limited test] WARN  ozone.BasicRootedOzoneFileSystem (BasicRootedOzoneFileSystem.java:delete(591)) - delete: OFS does not support rm root. To wipe the cluster, please re-init OM instead.
]]></system-out>
  </testcase>
  <testcase name="testFailToDeleteRoot" classname="TestRootedOzoneFileSystem" time="0.136">
    <system-out><![CDATA[2022-08-09 13:52:12,188 [UnderReplicatedQueueThreadThread] INFO  replication.UnderReplicatedProcessor (UnderReplicatedProcessor.java:processAll(85)) - Processed 0 under replicated containers, failed processing 0
2022-08-09 13:52:12,189 [OverReplicatedQueueThreadThread] INFO  replication.OverReplicatedProcessor (OverReplicatedProcessor.java:processAll(83)) - Processed 0 over replicated containers, failed processing 0
2022-08-09 13:52:12,234 [Time-limited test] INFO  rpc.RpcClient (RpcClient.java:createVolume(468)) - Creating Volume: volume75250, with user79823 as owner and space quota set to -1 bytes, counts quota set to -1
2022-08-09 13:52:12,234 [IPC Server handler 7 on default port 44079] INFO  volume.OMVolumeCreateRequest (OMVolumeCreateRequest.java:validateAndUpdateCache(195)) - created volume:volume75250 for user:user79823
2022-08-09 13:52:12,235 [Time-limited test] INFO  rpc.RpcClient (RpcClient.java:createBucket(671)) - Creating Bucket: volume75250/bucket27734, with bucket layout LEGACY, runner as owner, Versioning false, Storage Type set to DISK and Encryption set to false 
2022-08-09 13:52:12,235 [IPC Server handler 1 on default port 44079] INFO  bucket.OMBucketCreateRequest (OMBucketCreateRequest.java:validateAndUpdateCache(260)) - created bucket: bucket27734 of layout LEGACY in volume: volume75250
2022-08-09 13:52:12,236 [Time-limited test] WARN  ozone.BasicRootedOzoneFileSystem (BasicRootedOzoneFileSystem.java:delete(591)) - delete: OFS does not support rm root. To wipe the cluster, please re-init OM instead.
2022-08-09 13:52:12,236 [Time-limited test] WARN  ozone.BasicRootedOzoneFileSystem (BasicRootedOzoneFileSystem.java:delete(591)) - delete: OFS does not support rm root. To wipe the cluster, please re-init OM instead.
]]></system-out>
  </testcase>
  <testcase name="testListStatusOnSubDirs" classname="TestRootedOzoneFileSystem" time="0.088">
    <system-out><![CDATA[2022-08-09 13:47:17,404 [Time-limited test] INFO  rpc.RpcClient (RpcClient.java:createVolume(468)) - Creating Volume: volume23538, with user45654 as owner and space quota set to -1 bytes, counts quota set to -1
2022-08-09 13:47:17,406 [OM StateMachine ApplyTransaction Thread - 0] INFO  volume.OMVolumeCreateRequest (OMVolumeCreateRequest.java:validateAndUpdateCache(195)) - created volume:volume23538 for user:user45654
2022-08-09 13:47:17,408 [Time-limited test] INFO  rpc.RpcClient (RpcClient.java:createBucket(671)) - Creating Bucket: volume23538/bucket10365, with bucket layout LEGACY, runner as owner, Versioning false, Storage Type set to DISK and Encryption set to false 
2022-08-09 13:47:17,414 [OM StateMachine ApplyTransaction Thread - 0] INFO  bucket.OMBucketCreateRequest (OMBucketCreateRequest.java:validateAndUpdateCache(260)) - created bucket: bucket10365 of layout LEGACY in volume: volume23538
]]></system-out>
  </testcase>
  <testcase name="testListStatusOnSubDirs" classname="TestRootedOzoneFileSystem" time="0.135">
    <system-out><![CDATA[2022-08-09 13:48:22,612 [Time-limited test] INFO  rpc.RpcClient (RpcClient.java:createVolume(468)) - Creating Volume: volume01237, with user09237 as owner and space quota set to -1 bytes, counts quota set to -1
2022-08-09 13:48:22,618 [OM StateMachine ApplyTransaction Thread - 0] INFO  volume.OMVolumeCreateRequest (OMVolumeCreateRequest.java:validateAndUpdateCache(195)) - created volume:volume01237 for user:user09237
2022-08-09 13:48:22,622 [Time-limited test] INFO  rpc.RpcClient (RpcClient.java:createBucket(671)) - Creating Bucket: volume01237/bucket84025, with bucket layout LEGACY, runner as owner, Versioning false, Storage Type set to DISK and Encryption set to false 
2022-08-09 13:48:22,623 [OM StateMachine ApplyTransaction Thread - 0] INFO  bucket.OMBucketCreateRequest (OMBucketCreateRequest.java:validateAndUpdateCache(260)) - created bucket: bucket84025 of layout LEGACY in volume: volume01237
]]></system-out>
  </testcase>
  <testcase name="testListStatusOnSubDirs" classname="TestRootedOzoneFileSystem" time="0.127">
    <system-out><![CDATA[2022-08-09 13:49:28,873 [Time-limited test] INFO  rpc.RpcClient (RpcClient.java:createVolume(468)) - Creating Volume: volume32708, with user29551 as owner and space quota set to -1 bytes, counts quota set to -1
2022-08-09 13:49:28,874 [IPC Server handler 15 on default port 42643] INFO  volume.OMVolumeCreateRequest (OMVolumeCreateRequest.java:validateAndUpdateCache(195)) - created volume:volume32708 for user:user29551
2022-08-09 13:49:28,876 [Time-limited test] INFO  rpc.RpcClient (RpcClient.java:createBucket(671)) - Creating Bucket: volume32708/bucket20229, with bucket layout LEGACY, runner as owner, Versioning false, Storage Type set to DISK and Encryption set to false 
2022-08-09 13:49:28,877 [IPC Server handler 6 on default port 42643] INFO  bucket.OMBucketCreateRequest (OMBucketCreateRequest.java:validateAndUpdateCache(260)) - created bucket: bucket20229 of layout LEGACY in volume: volume32708
]]></system-out>
  </testcase>
  <testcase name="testListStatusOnSubDirs" classname="TestRootedOzoneFileSystem" time="0.193">
    <system-out><![CDATA[2022-08-09 13:50:47,483 [Time-limited test] INFO  rpc.RpcClient (RpcClient.java:createVolume(468)) - Creating Volume: volume76336, with user06341 as owner and space quota set to -1 bytes, counts quota set to -1
2022-08-09 13:50:47,485 [OM StateMachine ApplyTransaction Thread - 0] INFO  volume.OMVolumeCreateRequest (OMVolumeCreateRequest.java:validateAndUpdateCache(195)) - created volume:volume76336 for user:user06341
2022-08-09 13:50:47,487 [Time-limited test] INFO  rpc.RpcClient (RpcClient.java:createBucket(671)) - Creating Bucket: volume76336/bucket63347, with bucket layout LEGACY, runner as owner, Versioning false, Storage Type set to DISK and Encryption set to false 
2022-08-09 13:50:47,500 [OM StateMachine ApplyTransaction Thread - 0] INFO  bucket.OMBucketCreateRequest (OMBucketCreateRequest.java:validateAndUpdateCache(260)) - created bucket: bucket63347 of layout LEGACY in volume: volume76336
]]></system-out>
  </testcase>
  <testcase name="testListStatusOnSubDirs" classname="TestRootedOzoneFileSystem" time="0.264">
    <system-out><![CDATA[2022-08-09 13:52:12,404 [Time-limited test] INFO  rpc.RpcClient (RpcClient.java:createVolume(468)) - Creating Volume: volume35704, with user12969 as owner and space quota set to -1 bytes, counts quota set to -1
2022-08-09 13:52:12,410 [IPC Server handler 1 on default port 44079] INFO  volume.OMVolumeCreateRequest (OMVolumeCreateRequest.java:validateAndUpdateCache(195)) - created volume:volume35704 for user:user12969
2022-08-09 13:52:12,414 [Time-limited test] INFO  rpc.RpcClient (RpcClient.java:createBucket(671)) - Creating Bucket: volume35704/bucket27036, with bucket layout LEGACY, runner as owner, Versioning false, Storage Type set to DISK and Encryption set to false 
2022-08-09 13:52:12,415 [IPC Server handler 14 on default port 44079] INFO  bucket.OMBucketCreateRequest (OMBucketCreateRequest.java:validateAndUpdateCache(260)) - created bucket: bucket27036 of layout LEGACY in volume: volume35704
]]></system-out>
  </testcase>
  <testcase name="testListStatus" classname="TestRootedOzoneFileSystem" time="0.107">
    <system-out><![CDATA[2022-08-09 13:47:17,500 [Time-limited test] INFO  rpc.RpcClient (RpcClient.java:createVolume(468)) - Creating Volume: volume39676, with user27734 as owner and space quota set to -1 bytes, counts quota set to -1
2022-08-09 13:47:17,502 [OM StateMachine ApplyTransaction Thread - 0] INFO  volume.OMVolumeCreateRequest (OMVolumeCreateRequest.java:validateAndUpdateCache(195)) - created volume:volume39676 for user:user27734
2022-08-09 13:47:17,510 [Time-limited test] INFO  rpc.RpcClient (RpcClient.java:createBucket(671)) - Creating Bucket: volume39676/bucket04260, with bucket layout LEGACY, runner as owner, Versioning false, Storage Type set to DISK and Encryption set to false 
2022-08-09 13:47:17,512 [OM StateMachine ApplyTransaction Thread - 0] INFO  bucket.OMBucketCreateRequest (OMBucketCreateRequest.java:validateAndUpdateCache(260)) - created bucket: bucket04260 of layout LEGACY in volume: volume39676
]]></system-out>
  </testcase>
  <testcase name="testListStatus" classname="TestRootedOzoneFileSystem" time="0.198">
    <system-out><![CDATA[2022-08-09 13:48:22,782 [Time-limited test] INFO  rpc.RpcClient (RpcClient.java:createVolume(468)) - Creating Volume: volume90872, with user07793 as owner and space quota set to -1 bytes, counts quota set to -1
2022-08-09 13:48:22,784 [OM StateMachine ApplyTransaction Thread - 0] INFO  volume.OMVolumeCreateRequest (OMVolumeCreateRequest.java:validateAndUpdateCache(195)) - created volume:volume90872 for user:user07793
2022-08-09 13:48:22,789 [Time-limited test] INFO  rpc.RpcClient (RpcClient.java:createBucket(671)) - Creating Bucket: volume90872/bucket20040, with bucket layout LEGACY, runner as owner, Versioning false, Storage Type set to DISK and Encryption set to false 
2022-08-09 13:48:22,790 [OM StateMachine ApplyTransaction Thread - 0] INFO  bucket.OMBucketCreateRequest (OMBucketCreateRequest.java:validateAndUpdateCache(260)) - created bucket: bucket20040 of layout LEGACY in volume: volume90872
]]></system-out>
  </testcase>
  <testcase name="testListStatus" classname="TestRootedOzoneFileSystem" time="0.15">
    <system-out><![CDATA[2022-08-09 13:49:28,980 [Time-limited test] INFO  rpc.RpcClient (RpcClient.java:createVolume(468)) - Creating Volume: volume29156, with user45531 as owner and space quota set to -1 bytes, counts quota set to -1
2022-08-09 13:49:28,981 [IPC Server handler 10 on default port 42643] INFO  volume.OMVolumeCreateRequest (OMVolumeCreateRequest.java:validateAndUpdateCache(195)) - created volume:volume29156 for user:user45531
2022-08-09 13:49:28,986 [Time-limited test] INFO  rpc.RpcClient (RpcClient.java:createBucket(671)) - Creating Bucket: volume29156/bucket10338, with bucket layout LEGACY, runner as owner, Versioning false, Storage Type set to DISK and Encryption set to false 
2022-08-09 13:49:28,989 [IPC Server handler 16 on default port 42643] INFO  bucket.OMBucketCreateRequest (OMBucketCreateRequest.java:validateAndUpdateCache(260)) - created bucket: bucket10338 of layout LEGACY in volume: volume29156
]]></system-out>
  </testcase>
  <testcase name="testListStatus" classname="TestRootedOzoneFileSystem" time="0.193">
    <system-out><![CDATA[2022-08-09 13:50:47,646 [Time-limited test] INFO  rpc.RpcClient (RpcClient.java:createVolume(468)) - Creating Volume: volume66210, with user31786 as owner and space quota set to -1 bytes, counts quota set to -1
2022-08-09 13:50:47,677 [OM StateMachine ApplyTransaction Thread - 0] INFO  volume.OMVolumeCreateRequest (OMVolumeCreateRequest.java:validateAndUpdateCache(195)) - created volume:volume66210 for user:user31786
2022-08-09 13:50:47,681 [Time-limited test] INFO  rpc.RpcClient (RpcClient.java:createBucket(671)) - Creating Bucket: volume66210/bucket36472, with bucket layout LEGACY, runner as owner, Versioning false, Storage Type set to DISK and Encryption set to false 
2022-08-09 13:50:47,684 [OM StateMachine ApplyTransaction Thread - 0] INFO  bucket.OMBucketCreateRequest (OMBucketCreateRequest.java:validateAndUpdateCache(260)) - created bucket: bucket36472 of layout LEGACY in volume: volume66210
]]></system-out>
  </testcase>
  <testcase name="testListStatus" classname="TestRootedOzoneFileSystem" time="0.25">
    <system-out><![CDATA[2022-08-09 13:52:12,667 [Time-limited test] INFO  rpc.RpcClient (RpcClient.java:createVolume(468)) - Creating Volume: volume43040, with user95099 as owner and space quota set to -1 bytes, counts quota set to -1
2022-08-09 13:52:12,677 [IPC Server handler 0 on default port 44079] INFO  volume.OMVolumeCreateRequest (OMVolumeCreateRequest.java:validateAndUpdateCache(195)) - created volume:volume43040 for user:user95099
2022-08-09 13:52:12,682 [Time-limited test] INFO  rpc.RpcClient (RpcClient.java:createBucket(671)) - Creating Bucket: volume43040/bucket75726, with bucket layout LEGACY, runner as owner, Versioning false, Storage Type set to DISK and Encryption set to false 
2022-08-09 13:52:12,683 [IPC Server handler 13 on default port 44079] INFO  bucket.OMBucketCreateRequest (OMBucketCreateRequest.java:validateAndUpdateCache(260)) - created bucket: bucket75726 of layout LEGACY in volume: volume43040
]]></system-out>
  </testcase>
  <testcase name="testGetTrashRoots" classname="TestRootedOzoneFileSystem" time="0.679">
    <system-out><![CDATA[2022-08-09 13:47:17,612 [Time-limited test] INFO  rpc.RpcClient (RpcClient.java:createVolume(468)) - Creating Volume: volume71067, with user57537 as owner and space quota set to -1 bytes, counts quota set to -1
2022-08-09 13:47:17,614 [OM StateMachine ApplyTransaction Thread - 0] INFO  volume.OMVolumeCreateRequest (OMVolumeCreateRequest.java:validateAndUpdateCache(195)) - created volume:volume71067 for user:user57537
2022-08-09 13:47:17,617 [Time-limited test] INFO  rpc.RpcClient (RpcClient.java:createBucket(671)) - Creating Bucket: volume71067/bucket60516, with bucket layout LEGACY, runner as owner, Versioning false, Storage Type set to DISK and Encryption set to false 
2022-08-09 13:47:17,618 [OM StateMachine ApplyTransaction Thread - 0] INFO  bucket.OMBucketCreateRequest (OMBucketCreateRequest.java:validateAndUpdateCache(260)) - created bucket: bucket60516 of layout LEGACY in volume: volume71067
13:47:17.633 [IPC Server handler 4 on default port 44757] ERROR OMAudit - user=runner | ip=127.0.0.1 | op=GET_FILE_STATUS {volume=712043e9-72d6-408d-a216-83cb72fa20bb, bucket=f432ddd9-f4be-4143-b4bd-ebe74f5a4acb, key=.Trash/runner, dataSize=0, replicationConfig=null} | ret=FAILURE
org.apache.hadoop.ozone.om.exceptions.OMException: Unable to get file status: volume: 712043e9-72d6-408d-a216-83cb72fa20bb bucket: f432ddd9-f4be-4143-b4bd-ebe74f5a4acb key: .Trash/runner
	at org.apache.hadoop.ozone.om.KeyManagerImpl.getOzoneFileStatus(KeyManagerImpl.java:1311) ~[ozone-manager-1.3.0-SNAPSHOT.jar:?]
	at org.apache.hadoop.ozone.om.KeyManagerImpl.getFileStatus(KeyManagerImpl.java:1241) ~[ozone-manager-1.3.0-SNAPSHOT.jar:?]
	at org.apache.hadoop.ozone.om.OzoneManager.getFileStatus(OzoneManager.java:3468) ~[ozone-manager-1.3.0-SNAPSHOT.jar:?]
	at org.apache.hadoop.ozone.protocolPB.OzoneManagerRequestHandler.getOzoneFileStatus(OzoneManagerRequestHandler.java:882) ~[ozone-manager-1.3.0-SNAPSHOT.jar:?]
	at org.apache.hadoop.ozone.protocolPB.OzoneManagerRequestHandler.handleReadRequest(OzoneManagerRequestHandler.java:228) ~[ozone-manager-1.3.0-SNAPSHOT.jar:?]
	at org.apache.hadoop.ozone.protocolPB.OzoneManagerProtocolServerSideTranslatorPB.submitReadRequestToOM(OzoneManagerProtocolServerSideTranslatorPB.java:226) ~[ozone-manager-1.3.0-SNAPSHOT.jar:?]
	at org.apache.hadoop.ozone.protocolPB.OzoneManagerProtocolServerSideTranslatorPB.processRequest(OzoneManagerProtocolServerSideTranslatorPB.java:175) ~[ozone-manager-1.3.0-SNAPSHOT.jar:?]
	at org.apache.hadoop.hdds.server.OzoneProtocolMessageDispatcher.processRequest(OzoneProtocolMessageDispatcher.java:87) [hdds-server-framework-1.3.0-SNAPSHOT.jar:?]
	at org.apache.hadoop.ozone.protocolPB.OzoneManagerProtocolServerSideTranslatorPB.submitRequest(OzoneManagerProtocolServerSideTranslatorPB.java:147) [ozone-manager-1.3.0-SNAPSHOT.jar:?]
	at org.apache.hadoop.ozone.protocol.proto.OzoneManagerProtocolProtos$OzoneManagerService$2.callBlockingMethod(OzoneManagerProtocolProtos.java) [ozone-interface-client-1.3.0-SNAPSHOT.jar:?]
	at org.apache.hadoop.ipc.ProtobufRpcEngine$Server.processCall(ProtobufRpcEngine.java:466) [hadoop-common-3.3.1.jar:?]
	at org.apache.hadoop.ipc.ProtobufRpcEngine2$Server$ProtoBufRpcInvoker.call(ProtobufRpcEngine2.java:574) [hadoop-common-3.3.1.jar:?]
	at org.apache.hadoop.ipc.ProtobufRpcEngine2$Server$ProtoBufRpcInvoker.call(ProtobufRpcEngine2.java:552) [hadoop-common-3.3.1.jar:?]
	at org.apache.hadoop.ipc.RPC$Server.call(RPC.java:1093) [hadoop-common-3.3.1.jar:?]
	at org.apache.hadoop.ipc.Server$RpcCall.run(Server.java:1035) [hadoop-common-3.3.1.jar:?]
	at org.apache.hadoop.ipc.Server$RpcCall.run(Server.java:963) [hadoop-common-3.3.1.jar:?]
	at java.security.AccessController.doPrivileged(Native Method) ~[?:1.8.0_332]
	at javax.security.auth.Subject.doAs(Subject.java:422) [?:1.8.0_332]
	at org.apache.hadoop.security.UserGroupInformation.doAs(UserGroupInformation.java:1878) [hadoop-common-3.3.1.jar:?]
	at org.apache.hadoop.ipc.Server$Handler.run(Server.java:2966) [hadoop-common-3.3.1.jar:?]
13:47:17.640 [IPC Server handler 6 on default port 44757] ERROR OMAudit - user=runner | ip=127.0.0.1 | op=GET_FILE_STATUS {volume=volume71067, bucket=bucket60516, key=.Trash/runner, dataSize=0, replicationConfig=null} | ret=FAILURE
org.apache.hadoop.ozone.om.exceptions.OMException: Unable to get file status: volume: volume71067 bucket: bucket60516 key: .Trash/runner
	at org.apache.hadoop.ozone.om.KeyManagerImpl.getOzoneFileStatus(KeyManagerImpl.java:1311) ~[ozone-manager-1.3.0-SNAPSHOT.jar:?]
	at org.apache.hadoop.ozone.om.KeyManagerImpl.getFileStatus(KeyManagerImpl.java:1241) ~[ozone-manager-1.3.0-SNAPSHOT.jar:?]
	at org.apache.hadoop.ozone.om.OzoneManager.getFileStatus(OzoneManager.java:3468) ~[ozone-manager-1.3.0-SNAPSHOT.jar:?]
	at org.apache.hadoop.ozone.protocolPB.OzoneManagerRequestHandler.getOzoneFileStatus(OzoneManagerRequestHandler.java:882) ~[ozone-manager-1.3.0-SNAPSHOT.jar:?]
	at org.apache.hadoop.ozone.protocolPB.OzoneManagerRequestHandler.handleReadRequest(OzoneManagerRequestHandler.java:228) ~[ozone-manager-1.3.0-SNAPSHOT.jar:?]
	at org.apache.hadoop.ozone.protocolPB.OzoneManagerProtocolServerSideTranslatorPB.submitReadRequestToOM(OzoneManagerProtocolServerSideTranslatorPB.java:226) ~[ozone-manager-1.3.0-SNAPSHOT.jar:?]
	at org.apache.hadoop.ozone.protocolPB.OzoneManagerProtocolServerSideTranslatorPB.processRequest(OzoneManagerProtocolServerSideTranslatorPB.java:175) ~[ozone-manager-1.3.0-SNAPSHOT.jar:?]
	at org.apache.hadoop.hdds.server.OzoneProtocolMessageDispatcher.processRequest(OzoneProtocolMessageDispatcher.java:87) [hdds-server-framework-1.3.0-SNAPSHOT.jar:?]
	at org.apache.hadoop.ozone.protocolPB.OzoneManagerProtocolServerSideTranslatorPB.submitRequest(OzoneManagerProtocolServerSideTranslatorPB.java:147) [ozone-manager-1.3.0-SNAPSHOT.jar:?]
	at org.apache.hadoop.ozone.protocol.proto.OzoneManagerProtocolProtos$OzoneManagerService$2.callBlockingMethod(OzoneManagerProtocolProtos.java) [ozone-interface-client-1.3.0-SNAPSHOT.jar:?]
	at org.apache.hadoop.ipc.ProtobufRpcEngine$Server.processCall(ProtobufRpcEngine.java:466) [hadoop-common-3.3.1.jar:?]
	at org.apache.hadoop.ipc.ProtobufRpcEngine2$Server$ProtoBufRpcInvoker.call(ProtobufRpcEngine2.java:574) [hadoop-common-3.3.1.jar:?]
	at org.apache.hadoop.ipc.ProtobufRpcEngine2$Server$ProtoBufRpcInvoker.call(ProtobufRpcEngine2.java:552) [hadoop-common-3.3.1.jar:?]
	at org.apache.hadoop.ipc.RPC$Server.call(RPC.java:1093) [hadoop-common-3.3.1.jar:?]
	at org.apache.hadoop.ipc.Server$RpcCall.run(Server.java:1035) [hadoop-common-3.3.1.jar:?]
	at org.apache.hadoop.ipc.Server$RpcCall.run(Server.java:963) [hadoop-common-3.3.1.jar:?]
	at java.security.AccessController.doPrivileged(Native Method) ~[?:1.8.0_332]
	at javax.security.auth.Subject.doAs(Subject.java:422) [?:1.8.0_332]
	at org.apache.hadoop.security.UserGroupInformation.doAs(UserGroupInformation.java:1878) [hadoop-common-3.3.1.jar:?]
	at org.apache.hadoop.ipc.Server$Handler.run(Server.java:2966) [hadoop-common-3.3.1.jar:?]
13:47:17.645 [IPC Server handler 3 on default port 44757] ERROR OMAudit - user=runner | ip=127.0.0.1 | op=GET_FILE_STATUS {volume=712043e9-72d6-408d-a216-83cb72fa20bb, bucket=f432ddd9-f4be-4143-b4bd-ebe74f5a4acb, key=.Trash, dataSize=0, replicationConfig=null} | ret=FAILURE
org.apache.hadoop.ozone.om.exceptions.OMException: Unable to get file status: volume: 712043e9-72d6-408d-a216-83cb72fa20bb bucket: f432ddd9-f4be-4143-b4bd-ebe74f5a4acb key: .Trash
	at org.apache.hadoop.ozone.om.KeyManagerImpl.getOzoneFileStatus(KeyManagerImpl.java:1311) ~[ozone-manager-1.3.0-SNAPSHOT.jar:?]
	at org.apache.hadoop.ozone.om.KeyManagerImpl.getFileStatus(KeyManagerImpl.java:1241) ~[ozone-manager-1.3.0-SNAPSHOT.jar:?]
	at org.apache.hadoop.ozone.om.OzoneManager.getFileStatus(OzoneManager.java:3468) ~[ozone-manager-1.3.0-SNAPSHOT.jar:?]
	at org.apache.hadoop.ozone.protocolPB.OzoneManagerRequestHandler.getOzoneFileStatus(OzoneManagerRequestHandler.java:882) ~[ozone-manager-1.3.0-SNAPSHOT.jar:?]
	at org.apache.hadoop.ozone.protocolPB.OzoneManagerRequestHandler.handleReadRequest(OzoneManagerRequestHandler.java:228) ~[ozone-manager-1.3.0-SNAPSHOT.jar:?]
	at org.apache.hadoop.ozone.protocolPB.OzoneManagerProtocolServerSideTranslatorPB.submitReadRequestToOM(OzoneManagerProtocolServerSideTranslatorPB.java:226) ~[ozone-manager-1.3.0-SNAPSHOT.jar:?]
	at org.apache.hadoop.ozone.protocolPB.OzoneManagerProtocolServerSideTranslatorPB.processRequest(OzoneManagerProtocolServerSideTranslatorPB.java:175) ~[ozone-manager-1.3.0-SNAPSHOT.jar:?]
	at org.apache.hadoop.hdds.server.OzoneProtocolMessageDispatcher.processRequest(OzoneProtocolMessageDispatcher.java:87) [hdds-server-framework-1.3.0-SNAPSHOT.jar:?]
	at org.apache.hadoop.ozone.protocolPB.OzoneManagerProtocolServerSideTranslatorPB.submitRequest(OzoneManagerProtocolServerSideTranslatorPB.java:147) [ozone-manager-1.3.0-SNAPSHOT.jar:?]
	at org.apache.hadoop.ozone.protocol.proto.OzoneManagerProtocolProtos$OzoneManagerService$2.callBlockingMethod(OzoneManagerProtocolProtos.java) [ozone-interface-client-1.3.0-SNAPSHOT.jar:?]
	at org.apache.hadoop.ipc.ProtobufRpcEngine$Server.processCall(ProtobufRpcEngine.java:466) [hadoop-common-3.3.1.jar:?]
	at org.apache.hadoop.ipc.ProtobufRpcEngine2$Server$ProtoBufRpcInvoker.call(ProtobufRpcEngine2.java:574) [hadoop-common-3.3.1.jar:?]
	at org.apache.hadoop.ipc.ProtobufRpcEngine2$Server$ProtoBufRpcInvoker.call(ProtobufRpcEngine2.java:552) [hadoop-common-3.3.1.jar:?]
	at org.apache.hadoop.ipc.RPC$Server.call(RPC.java:1093) [hadoop-common-3.3.1.jar:?]
	at org.apache.hadoop.ipc.Server$RpcCall.run(Server.java:1035) [hadoop-common-3.3.1.jar:?]
	at org.apache.hadoop.ipc.Server$RpcCall.run(Server.java:963) [hadoop-common-3.3.1.jar:?]
	at java.security.AccessController.doPrivileged(Native Method) ~[?:1.8.0_332]
	at javax.security.auth.Subject.doAs(Subject.java:422) [?:1.8.0_332]
	at org.apache.hadoop.security.UserGroupInformation.doAs(UserGroupInformation.java:1878) [hadoop-common-3.3.1.jar:?]
	at org.apache.hadoop.ipc.Server$Handler.run(Server.java:2966) [hadoop-common-3.3.1.jar:?]
13:47:17.649 [IPC Server handler 17 on default port 44757] ERROR OMAudit - user=runner | ip=127.0.0.1 | op=GET_FILE_STATUS {volume=volume71067, bucket=bucket60516, key=.Trash, dataSize=0, replicationConfig=null} | ret=FAILURE
org.apache.hadoop.ozone.om.exceptions.OMException: Unable to get file status: volume: volume71067 bucket: bucket60516 key: .Trash
	at org.apache.hadoop.ozone.om.KeyManagerImpl.getOzoneFileStatus(KeyManagerImpl.java:1311) ~[ozone-manager-1.3.0-SNAPSHOT.jar:?]
	at org.apache.hadoop.ozone.om.KeyManagerImpl.getFileStatus(KeyManagerImpl.java:1241) ~[ozone-manager-1.3.0-SNAPSHOT.jar:?]
	at org.apache.hadoop.ozone.om.OzoneManager.getFileStatus(OzoneManager.java:3468) ~[ozone-manager-1.3.0-SNAPSHOT.jar:?]
	at org.apache.hadoop.ozone.protocolPB.OzoneManagerRequestHandler.getOzoneFileStatus(OzoneManagerRequestHandler.java:882) ~[ozone-manager-1.3.0-SNAPSHOT.jar:?]
	at org.apache.hadoop.ozone.protocolPB.OzoneManagerRequestHandler.handleReadRequest(OzoneManagerRequestHandler.java:228) ~[ozone-manager-1.3.0-SNAPSHOT.jar:?]
	at org.apache.hadoop.ozone.protocolPB.OzoneManagerProtocolServerSideTranslatorPB.submitReadRequestToOM(OzoneManagerProtocolServerSideTranslatorPB.java:226) ~[ozone-manager-1.3.0-SNAPSHOT.jar:?]
	at org.apache.hadoop.ozone.protocolPB.OzoneManagerProtocolServerSideTranslatorPB.processRequest(OzoneManagerProtocolServerSideTranslatorPB.java:175) ~[ozone-manager-1.3.0-SNAPSHOT.jar:?]
	at org.apache.hadoop.hdds.server.OzoneProtocolMessageDispatcher.processRequest(OzoneProtocolMessageDispatcher.java:87) [hdds-server-framework-1.3.0-SNAPSHOT.jar:?]
	at org.apache.hadoop.ozone.protocolPB.OzoneManagerProtocolServerSideTranslatorPB.submitRequest(OzoneManagerProtocolServerSideTranslatorPB.java:147) [ozone-manager-1.3.0-SNAPSHOT.jar:?]
	at org.apache.hadoop.ozone.protocol.proto.OzoneManagerProtocolProtos$OzoneManagerService$2.callBlockingMethod(OzoneManagerProtocolProtos.java) [ozone-interface-client-1.3.0-SNAPSHOT.jar:?]
	at org.apache.hadoop.ipc.ProtobufRpcEngine$Server.processCall(ProtobufRpcEngine.java:466) [hadoop-common-3.3.1.jar:?]
	at org.apache.hadoop.ipc.ProtobufRpcEngine2$Server$ProtoBufRpcInvoker.call(ProtobufRpcEngine2.java:574) [hadoop-common-3.3.1.jar:?]
	at org.apache.hadoop.ipc.ProtobufRpcEngine2$Server$ProtoBufRpcInvoker.call(ProtobufRpcEngine2.java:552) [hadoop-common-3.3.1.jar:?]
	at org.apache.hadoop.ipc.RPC$Server.call(RPC.java:1093) [hadoop-common-3.3.1.jar:?]
	at org.apache.hadoop.ipc.Server$RpcCall.run(Server.java:1035) [hadoop-common-3.3.1.jar:?]
	at org.apache.hadoop.ipc.Server$RpcCall.run(Server.java:963) [hadoop-common-3.3.1.jar:?]
	at java.security.AccessController.doPrivileged(Native Method) ~[?:1.8.0_332]
	at javax.security.auth.Subject.doAs(Subject.java:422) [?:1.8.0_332]
	at org.apache.hadoop.security.UserGroupInformation.doAs(UserGroupInformation.java:1878) [hadoop-common-3.3.1.jar:?]
	at org.apache.hadoop.ipc.Server$Handler.run(Server.java:2966) [hadoop-common-3.3.1.jar:?]
13:47:17.663 [IPC Server handler 7 on default port 44757] ERROR OMAudit - user=runner | ip=127.0.0.1 | op=GET_FILE_STATUS {volume=712043e9-72d6-408d-a216-83cb72fa20bb, bucket=f432ddd9-f4be-4143-b4bd-ebe74f5a4acb, key=.Trash/runner, dataSize=0, replicationConfig=null} | ret=FAILURE
org.apache.hadoop.ozone.om.exceptions.OMException: Unable to get file status: volume: 712043e9-72d6-408d-a216-83cb72fa20bb bucket: f432ddd9-f4be-4143-b4bd-ebe74f5a4acb key: .Trash/runner
	at org.apache.hadoop.ozone.om.KeyManagerImpl.getOzoneFileStatus(KeyManagerImpl.java:1311) ~[ozone-manager-1.3.0-SNAPSHOT.jar:?]
	at org.apache.hadoop.ozone.om.KeyManagerImpl.getFileStatus(KeyManagerImpl.java:1241) ~[ozone-manager-1.3.0-SNAPSHOT.jar:?]
	at org.apache.hadoop.ozone.om.OzoneManager.getFileStatus(OzoneManager.java:3468) ~[ozone-manager-1.3.0-SNAPSHOT.jar:?]
	at org.apache.hadoop.ozone.protocolPB.OzoneManagerRequestHandler.getOzoneFileStatus(OzoneManagerRequestHandler.java:882) ~[ozone-manager-1.3.0-SNAPSHOT.jar:?]
	at org.apache.hadoop.ozone.protocolPB.OzoneManagerRequestHandler.handleReadRequest(OzoneManagerRequestHandler.java:228) ~[ozone-manager-1.3.0-SNAPSHOT.jar:?]
	at org.apache.hadoop.ozone.protocolPB.OzoneManagerProtocolServerSideTranslatorPB.submitReadRequestToOM(OzoneManagerProtocolServerSideTranslatorPB.java:226) ~[ozone-manager-1.3.0-SNAPSHOT.jar:?]
	at org.apache.hadoop.ozone.protocolPB.OzoneManagerProtocolServerSideTranslatorPB.processRequest(OzoneManagerProtocolServerSideTranslatorPB.java:175) ~[ozone-manager-1.3.0-SNAPSHOT.jar:?]
	at org.apache.hadoop.hdds.server.OzoneProtocolMessageDispatcher.processRequest(OzoneProtocolMessageDispatcher.java:87) [hdds-server-framework-1.3.0-SNAPSHOT.jar:?]
	at org.apache.hadoop.ozone.protocolPB.OzoneManagerProtocolServerSideTranslatorPB.submitRequest(OzoneManagerProtocolServerSideTranslatorPB.java:147) [ozone-manager-1.3.0-SNAPSHOT.jar:?]
	at org.apache.hadoop.ozone.protocol.proto.OzoneManagerProtocolProtos$OzoneManagerService$2.callBlockingMethod(OzoneManagerProtocolProtos.java) [ozone-interface-client-1.3.0-SNAPSHOT.jar:?]
	at org.apache.hadoop.ipc.ProtobufRpcEngine$Server.processCall(ProtobufRpcEngine.java:466) [hadoop-common-3.3.1.jar:?]
	at org.apache.hadoop.ipc.ProtobufRpcEngine2$Server$ProtoBufRpcInvoker.call(ProtobufRpcEngine2.java:574) [hadoop-common-3.3.1.jar:?]
	at org.apache.hadoop.ipc.ProtobufRpcEngine2$Server$ProtoBufRpcInvoker.call(ProtobufRpcEngine2.java:552) [hadoop-common-3.3.1.jar:?]
	at org.apache.hadoop.ipc.RPC$Server.call(RPC.java:1093) [hadoop-common-3.3.1.jar:?]
	at org.apache.hadoop.ipc.Server$RpcCall.run(Server.java:1035) [hadoop-common-3.3.1.jar:?]
	at org.apache.hadoop.ipc.Server$RpcCall.run(Server.java:963) [hadoop-common-3.3.1.jar:?]
	at java.security.AccessController.doPrivileged(Native Method) ~[?:1.8.0_332]
	at javax.security.auth.Subject.doAs(Subject.java:422) [?:1.8.0_332]
	at org.apache.hadoop.security.UserGroupInformation.doAs(UserGroupInformation.java:1878) [hadoop-common-3.3.1.jar:?]
	at org.apache.hadoop.ipc.Server$Handler.run(Server.java:2966) [hadoop-common-3.3.1.jar:?]
13:47:17.676 [IPC Server handler 15 on default port 44757] ERROR OMAudit - user=runner | ip=127.0.0.1 | op=GET_FILE_STATUS {volume=712043e9-72d6-408d-a216-83cb72fa20bb, bucket=f432ddd9-f4be-4143-b4bd-ebe74f5a4acb, key=.Trash, dataSize=0, replicationConfig=null} | ret=FAILURE
org.apache.hadoop.ozone.om.exceptions.OMException: Unable to get file status: volume: 712043e9-72d6-408d-a216-83cb72fa20bb bucket: f432ddd9-f4be-4143-b4bd-ebe74f5a4acb key: .Trash
	at org.apache.hadoop.ozone.om.KeyManagerImpl.getOzoneFileStatus(KeyManagerImpl.java:1311) ~[ozone-manager-1.3.0-SNAPSHOT.jar:?]
	at org.apache.hadoop.ozone.om.KeyManagerImpl.getFileStatus(KeyManagerImpl.java:1241) ~[ozone-manager-1.3.0-SNAPSHOT.jar:?]
	at org.apache.hadoop.ozone.om.OzoneManager.getFileStatus(OzoneManager.java:3468) ~[ozone-manager-1.3.0-SNAPSHOT.jar:?]
	at org.apache.hadoop.ozone.protocolPB.OzoneManagerRequestHandler.getOzoneFileStatus(OzoneManagerRequestHandler.java:882) ~[ozone-manager-1.3.0-SNAPSHOT.jar:?]
	at org.apache.hadoop.ozone.protocolPB.OzoneManagerRequestHandler.handleReadRequest(OzoneManagerRequestHandler.java:228) ~[ozone-manager-1.3.0-SNAPSHOT.jar:?]
	at org.apache.hadoop.ozone.protocolPB.OzoneManagerProtocolServerSideTranslatorPB.submitReadRequestToOM(OzoneManagerProtocolServerSideTranslatorPB.java:226) ~[ozone-manager-1.3.0-SNAPSHOT.jar:?]
	at org.apache.hadoop.ozone.protocolPB.OzoneManagerProtocolServerSideTranslatorPB.processRequest(OzoneManagerProtocolServerSideTranslatorPB.java:175) ~[ozone-manager-1.3.0-SNAPSHOT.jar:?]
	at org.apache.hadoop.hdds.server.OzoneProtocolMessageDispatcher.processRequest(OzoneProtocolMessageDispatcher.java:87) [hdds-server-framework-1.3.0-SNAPSHOT.jar:?]
	at org.apache.hadoop.ozone.protocolPB.OzoneManagerProtocolServerSideTranslatorPB.submitRequest(OzoneManagerProtocolServerSideTranslatorPB.java:147) [ozone-manager-1.3.0-SNAPSHOT.jar:?]
	at org.apache.hadoop.ozone.protocol.proto.OzoneManagerProtocolProtos$OzoneManagerService$2.callBlockingMethod(OzoneManagerProtocolProtos.java) [ozone-interface-client-1.3.0-SNAPSHOT.jar:?]
	at org.apache.hadoop.ipc.ProtobufRpcEngine$Server.processCall(ProtobufRpcEngine.java:466) [hadoop-common-3.3.1.jar:?]
	at org.apache.hadoop.ipc.ProtobufRpcEngine2$Server$ProtoBufRpcInvoker.call(ProtobufRpcEngine2.java:574) [hadoop-common-3.3.1.jar:?]
	at org.apache.hadoop.ipc.ProtobufRpcEngine2$Server$ProtoBufRpcInvoker.call(ProtobufRpcEngine2.java:552) [hadoop-common-3.3.1.jar:?]
	at org.apache.hadoop.ipc.RPC$Server.call(RPC.java:1093) [hadoop-common-3.3.1.jar:?]
	at org.apache.hadoop.ipc.Server$RpcCall.run(Server.java:1035) [hadoop-common-3.3.1.jar:?]
	at org.apache.hadoop.ipc.Server$RpcCall.run(Server.java:963) [hadoop-common-3.3.1.jar:?]
	at java.security.AccessController.doPrivileged(Native Method) ~[?:1.8.0_332]
	at javax.security.auth.Subject.doAs(Subject.java:422) [?:1.8.0_332]
	at org.apache.hadoop.security.UserGroupInformation.doAs(UserGroupInformation.java:1878) [hadoop-common-3.3.1.jar:?]
	at org.apache.hadoop.ipc.Server$Handler.run(Server.java:2966) [hadoop-common-3.3.1.jar:?]
13:47:17.694 [IPC Server handler 17 on default port 44757] ERROR OMAudit - user=runner | ip=127.0.0.1 | op=GET_FILE_STATUS {volume=712043e9-72d6-408d-a216-83cb72fa20bb, bucket=f432ddd9-f4be-4143-b4bd-ebe74f5a4acb, key=.Trash/runner, dataSize=0, replicationConfig=null} | ret=FAILURE
org.apache.hadoop.ozone.om.exceptions.OMException: Unable to get file status: volume: 712043e9-72d6-408d-a216-83cb72fa20bb bucket: f432ddd9-f4be-4143-b4bd-ebe74f5a4acb key: .Trash/runner
	at org.apache.hadoop.ozone.om.KeyManagerImpl.getOzoneFileStatus(KeyManagerImpl.java:1311) ~[ozone-manager-1.3.0-SNAPSHOT.jar:?]
	at org.apache.hadoop.ozone.om.KeyManagerImpl.getFileStatus(KeyManagerImpl.java:1241) ~[ozone-manager-1.3.0-SNAPSHOT.jar:?]
	at org.apache.hadoop.ozone.om.OzoneManager.getFileStatus(OzoneManager.java:3468) ~[ozone-manager-1.3.0-SNAPSHOT.jar:?]
	at org.apache.hadoop.ozone.protocolPB.OzoneManagerRequestHandler.getOzoneFileStatus(OzoneManagerRequestHandler.java:882) ~[ozone-manager-1.3.0-SNAPSHOT.jar:?]
	at org.apache.hadoop.ozone.protocolPB.OzoneManagerRequestHandler.handleReadRequest(OzoneManagerRequestHandler.java:228) ~[ozone-manager-1.3.0-SNAPSHOT.jar:?]
	at org.apache.hadoop.ozone.protocolPB.OzoneManagerProtocolServerSideTranslatorPB.submitReadRequestToOM(OzoneManagerProtocolServerSideTranslatorPB.java:226) ~[ozone-manager-1.3.0-SNAPSHOT.jar:?]
	at org.apache.hadoop.ozone.protocolPB.OzoneManagerProtocolServerSideTranslatorPB.processRequest(OzoneManagerProtocolServerSideTranslatorPB.java:175) ~[ozone-manager-1.3.0-SNAPSHOT.jar:?]
	at org.apache.hadoop.hdds.server.OzoneProtocolMessageDispatcher.processRequest(OzoneProtocolMessageDispatcher.java:87) [hdds-server-framework-1.3.0-SNAPSHOT.jar:?]
	at org.apache.hadoop.ozone.protocolPB.OzoneManagerProtocolServerSideTranslatorPB.submitRequest(OzoneManagerProtocolServerSideTranslatorPB.java:147) [ozone-manager-1.3.0-SNAPSHOT.jar:?]
	at org.apache.hadoop.ozone.protocol.proto.OzoneManagerProtocolProtos$OzoneManagerService$2.callBlockingMethod(OzoneManagerProtocolProtos.java) [ozone-interface-client-1.3.0-SNAPSHOT.jar:?]
	at org.apache.hadoop.ipc.ProtobufRpcEngine$Server.processCall(ProtobufRpcEngine.java:466) [hadoop-common-3.3.1.jar:?]
	at org.apache.hadoop.ipc.ProtobufRpcEngine2$Server$ProtoBufRpcInvoker.call(ProtobufRpcEngine2.java:574) [hadoop-common-3.3.1.jar:?]
	at org.apache.hadoop.ipc.ProtobufRpcEngine2$Server$ProtoBufRpcInvoker.call(ProtobufRpcEngine2.java:552) [hadoop-common-3.3.1.jar:?]
	at org.apache.hadoop.ipc.RPC$Server.call(RPC.java:1093) [hadoop-common-3.3.1.jar:?]
	at org.apache.hadoop.ipc.Server$RpcCall.run(Server.java:1035) [hadoop-common-3.3.1.jar:?]
	at org.apache.hadoop.ipc.Server$RpcCall.run(Server.java:963) [hadoop-common-3.3.1.jar:?]
	at java.security.AccessController.doPrivileged(Native Method) ~[?:1.8.0_332]
	at javax.security.auth.Subject.doAs(Subject.java:422) [?:1.8.0_332]
	at org.apache.hadoop.security.UserGroupInformation.doAs(UserGroupInformation.java:1878) [hadoop-common-3.3.1.jar:?]
	at org.apache.hadoop.ipc.Server$Handler.run(Server.java:2966) [hadoop-common-3.3.1.jar:?]
13:47:17.710 [IPC Server handler 3 on default port 44757] ERROR OMAudit - user=runner | ip=127.0.0.1 | op=GET_FILE_STATUS {volume=712043e9-72d6-408d-a216-83cb72fa20bb, bucket=f432ddd9-f4be-4143-b4bd-ebe74f5a4acb, key=.Trash, dataSize=0, replicationConfig=null} | ret=FAILURE
org.apache.hadoop.ozone.om.exceptions.OMException: Unable to get file status: volume: 712043e9-72d6-408d-a216-83cb72fa20bb bucket: f432ddd9-f4be-4143-b4bd-ebe74f5a4acb key: .Trash
	at org.apache.hadoop.ozone.om.KeyManagerImpl.getOzoneFileStatus(KeyManagerImpl.java:1311) ~[ozone-manager-1.3.0-SNAPSHOT.jar:?]
	at org.apache.hadoop.ozone.om.KeyManagerImpl.getFileStatus(KeyManagerImpl.java:1241) ~[ozone-manager-1.3.0-SNAPSHOT.jar:?]
	at org.apache.hadoop.ozone.om.OzoneManager.getFileStatus(OzoneManager.java:3468) ~[ozone-manager-1.3.0-SNAPSHOT.jar:?]
	at org.apache.hadoop.ozone.protocolPB.OzoneManagerRequestHandler.getOzoneFileStatus(OzoneManagerRequestHandler.java:882) ~[ozone-manager-1.3.0-SNAPSHOT.jar:?]
	at org.apache.hadoop.ozone.protocolPB.OzoneManagerRequestHandler.handleReadRequest(OzoneManagerRequestHandler.java:228) ~[ozone-manager-1.3.0-SNAPSHOT.jar:?]
	at org.apache.hadoop.ozone.protocolPB.OzoneManagerProtocolServerSideTranslatorPB.submitReadRequestToOM(OzoneManagerProtocolServerSideTranslatorPB.java:226) ~[ozone-manager-1.3.0-SNAPSHOT.jar:?]
	at org.apache.hadoop.ozone.protocolPB.OzoneManagerProtocolServerSideTranslatorPB.processRequest(OzoneManagerProtocolServerSideTranslatorPB.java:175) ~[ozone-manager-1.3.0-SNAPSHOT.jar:?]
	at org.apache.hadoop.hdds.server.OzoneProtocolMessageDispatcher.processRequest(OzoneProtocolMessageDispatcher.java:87) [hdds-server-framework-1.3.0-SNAPSHOT.jar:?]
	at org.apache.hadoop.ozone.protocolPB.OzoneManagerProtocolServerSideTranslatorPB.submitRequest(OzoneManagerProtocolServerSideTranslatorPB.java:147) [ozone-manager-1.3.0-SNAPSHOT.jar:?]
	at org.apache.hadoop.ozone.protocol.proto.OzoneManagerProtocolProtos$OzoneManagerService$2.callBlockingMethod(OzoneManagerProtocolProtos.java) [ozone-interface-client-1.3.0-SNAPSHOT.jar:?]
	at org.apache.hadoop.ipc.ProtobufRpcEngine$Server.processCall(ProtobufRpcEngine.java:466) [hadoop-common-3.3.1.jar:?]
	at org.apache.hadoop.ipc.ProtobufRpcEngine2$Server$ProtoBufRpcInvoker.call(ProtobufRpcEngine2.java:574) [hadoop-common-3.3.1.jar:?]
	at org.apache.hadoop.ipc.ProtobufRpcEngine2$Server$ProtoBufRpcInvoker.call(ProtobufRpcEngine2.java:552) [hadoop-common-3.3.1.jar:?]
	at org.apache.hadoop.ipc.RPC$Server.call(RPC.java:1093) [hadoop-common-3.3.1.jar:?]
	at org.apache.hadoop.ipc.Server$RpcCall.run(Server.java:1035) [hadoop-common-3.3.1.jar:?]
	at org.apache.hadoop.ipc.Server$RpcCall.run(Server.java:963) [hadoop-common-3.3.1.jar:?]
	at java.security.AccessController.doPrivileged(Native Method) ~[?:1.8.0_332]
	at javax.security.auth.Subject.doAs(Subject.java:422) [?:1.8.0_332]
	at org.apache.hadoop.security.UserGroupInformation.doAs(UserGroupInformation.java:1878) [hadoop-common-3.3.1.jar:?]
	at org.apache.hadoop.ipc.Server$Handler.run(Server.java:2966) [hadoop-common-3.3.1.jar:?]
2022-08-09 13:47:17,720 [Time-limited test] INFO  rpc.RpcClient (RpcClient.java:createBucket(671)) - Creating Bucket: volume71067/trashroottest2, with bucket layout LEGACY, runner as owner, Versioning false, Storage Type set to DISK and Encryption set to false 
2022-08-09 13:47:17,723 [OM StateMachine ApplyTransaction Thread - 0] INFO  bucket.OMBucketCreateRequest (OMBucketCreateRequest.java:validateAndUpdateCache(260)) - created bucket: trashroottest2 of layout LEGACY in volume: volume71067
13:47:17.812 [IPC Server handler 2 on default port 44757] ERROR OMAudit - user=runner | ip=127.0.0.1 | op=GET_FILE_STATUS {volume=712043e9-72d6-408d-a216-83cb72fa20bb, bucket=f432ddd9-f4be-4143-b4bd-ebe74f5a4acb, key=.Trash/runner, dataSize=0, replicationConfig=null} | ret=FAILURE
org.apache.hadoop.ozone.om.exceptions.OMException: Unable to get file status: volume: 712043e9-72d6-408d-a216-83cb72fa20bb bucket: f432ddd9-f4be-4143-b4bd-ebe74f5a4acb key: .Trash/runner
	at org.apache.hadoop.ozone.om.KeyManagerImpl.getOzoneFileStatus(KeyManagerImpl.java:1311) ~[ozone-manager-1.3.0-SNAPSHOT.jar:?]
	at org.apache.hadoop.ozone.om.KeyManagerImpl.getFileStatus(KeyManagerImpl.java:1241) ~[ozone-manager-1.3.0-SNAPSHOT.jar:?]
	at org.apache.hadoop.ozone.om.OzoneManager.getFileStatus(OzoneManager.java:3468) ~[ozone-manager-1.3.0-SNAPSHOT.jar:?]
	at org.apache.hadoop.ozone.protocolPB.OzoneManagerRequestHandler.getOzoneFileStatus(OzoneManagerRequestHandler.java:882) ~[ozone-manager-1.3.0-SNAPSHOT.jar:?]
	at org.apache.hadoop.ozone.protocolPB.OzoneManagerRequestHandler.handleReadRequest(OzoneManagerRequestHandler.java:228) ~[ozone-manager-1.3.0-SNAPSHOT.jar:?]
	at org.apache.hadoop.ozone.protocolPB.OzoneManagerProtocolServerSideTranslatorPB.submitReadRequestToOM(OzoneManagerProtocolServerSideTranslatorPB.java:226) ~[ozone-manager-1.3.0-SNAPSHOT.jar:?]
	at org.apache.hadoop.ozone.protocolPB.OzoneManagerProtocolServerSideTranslatorPB.processRequest(OzoneManagerProtocolServerSideTranslatorPB.java:175) ~[ozone-manager-1.3.0-SNAPSHOT.jar:?]
	at org.apache.hadoop.hdds.server.OzoneProtocolMessageDispatcher.processRequest(OzoneProtocolMessageDispatcher.java:87) [hdds-server-framework-1.3.0-SNAPSHOT.jar:?]
	at org.apache.hadoop.ozone.protocolPB.OzoneManagerProtocolServerSideTranslatorPB.submitRequest(OzoneManagerProtocolServerSideTranslatorPB.java:147) [ozone-manager-1.3.0-SNAPSHOT.jar:?]
	at org.apache.hadoop.ozone.protocol.proto.OzoneManagerProtocolProtos$OzoneManagerService$2.callBlockingMethod(OzoneManagerProtocolProtos.java) [ozone-interface-client-1.3.0-SNAPSHOT.jar:?]
	at org.apache.hadoop.ipc.ProtobufRpcEngine$Server.processCall(ProtobufRpcEngine.java:466) [hadoop-common-3.3.1.jar:?]
	at org.apache.hadoop.ipc.ProtobufRpcEngine2$Server$ProtoBufRpcInvoker.call(ProtobufRpcEngine2.java:574) [hadoop-common-3.3.1.jar:?]
	at org.apache.hadoop.ipc.ProtobufRpcEngine2$Server$ProtoBufRpcInvoker.call(ProtobufRpcEngine2.java:552) [hadoop-common-3.3.1.jar:?]
	at org.apache.hadoop.ipc.RPC$Server.call(RPC.java:1093) [hadoop-common-3.3.1.jar:?]
	at org.apache.hadoop.ipc.Server$RpcCall.run(Server.java:1035) [hadoop-common-3.3.1.jar:?]
	at org.apache.hadoop.ipc.Server$RpcCall.run(Server.java:963) [hadoop-common-3.3.1.jar:?]
	at java.security.AccessController.doPrivileged(Native Method) ~[?:1.8.0_332]
	at javax.security.auth.Subject.doAs(Subject.java:422) [?:1.8.0_332]
	at org.apache.hadoop.security.UserGroupInformation.doAs(UserGroupInformation.java:1878) [hadoop-common-3.3.1.jar:?]
	at org.apache.hadoop.ipc.Server$Handler.run(Server.java:2966) [hadoop-common-3.3.1.jar:?]
13:47:17.833 [IPC Server handler 3 on default port 44757] ERROR OMAudit - user=runner | ip=127.0.0.1 | op=GET_FILE_STATUS {volume=712043e9-72d6-408d-a216-83cb72fa20bb, bucket=f432ddd9-f4be-4143-b4bd-ebe74f5a4acb, key=.Trash, dataSize=0, replicationConfig=null} | ret=FAILURE
org.apache.hadoop.ozone.om.exceptions.OMException: Unable to get file status: volume: 712043e9-72d6-408d-a216-83cb72fa20bb bucket: f432ddd9-f4be-4143-b4bd-ebe74f5a4acb key: .Trash
	at org.apache.hadoop.ozone.om.KeyManagerImpl.getOzoneFileStatus(KeyManagerImpl.java:1311) ~[ozone-manager-1.3.0-SNAPSHOT.jar:?]
	at org.apache.hadoop.ozone.om.KeyManagerImpl.getFileStatus(KeyManagerImpl.java:1241) ~[ozone-manager-1.3.0-SNAPSHOT.jar:?]
	at org.apache.hadoop.ozone.om.OzoneManager.getFileStatus(OzoneManager.java:3468) ~[ozone-manager-1.3.0-SNAPSHOT.jar:?]
	at org.apache.hadoop.ozone.protocolPB.OzoneManagerRequestHandler.getOzoneFileStatus(OzoneManagerRequestHandler.java:882) ~[ozone-manager-1.3.0-SNAPSHOT.jar:?]
	at org.apache.hadoop.ozone.protocolPB.OzoneManagerRequestHandler.handleReadRequest(OzoneManagerRequestHandler.java:228) ~[ozone-manager-1.3.0-SNAPSHOT.jar:?]
	at org.apache.hadoop.ozone.protocolPB.OzoneManagerProtocolServerSideTranslatorPB.submitReadRequestToOM(OzoneManagerProtocolServerSideTranslatorPB.java:226) ~[ozone-manager-1.3.0-SNAPSHOT.jar:?]
	at org.apache.hadoop.ozone.protocolPB.OzoneManagerProtocolServerSideTranslatorPB.processRequest(OzoneManagerProtocolServerSideTranslatorPB.java:175) ~[ozone-manager-1.3.0-SNAPSHOT.jar:?]
	at org.apache.hadoop.hdds.server.OzoneProtocolMessageDispatcher.processRequest(OzoneProtocolMessageDispatcher.java:87) [hdds-server-framework-1.3.0-SNAPSHOT.jar:?]
	at org.apache.hadoop.ozone.protocolPB.OzoneManagerProtocolServerSideTranslatorPB.submitRequest(OzoneManagerProtocolServerSideTranslatorPB.java:147) [ozone-manager-1.3.0-SNAPSHOT.jar:?]
	at org.apache.hadoop.ozone.protocol.proto.OzoneManagerProtocolProtos$OzoneManagerService$2.callBlockingMethod(OzoneManagerProtocolProtos.java) [ozone-interface-client-1.3.0-SNAPSHOT.jar:?]
	at org.apache.hadoop.ipc.ProtobufRpcEngine$Server.processCall(ProtobufRpcEngine.java:466) [hadoop-common-3.3.1.jar:?]
	at org.apache.hadoop.ipc.ProtobufRpcEngine2$Server$ProtoBufRpcInvoker.call(ProtobufRpcEngine2.java:574) [hadoop-common-3.3.1.jar:?]
	at org.apache.hadoop.ipc.ProtobufRpcEngine2$Server$ProtoBufRpcInvoker.call(ProtobufRpcEngine2.java:552) [hadoop-common-3.3.1.jar:?]
	at org.apache.hadoop.ipc.RPC$Server.call(RPC.java:1093) [hadoop-common-3.3.1.jar:?]
	at org.apache.hadoop.ipc.Server$RpcCall.run(Server.java:1035) [hadoop-common-3.3.1.jar:?]
	at org.apache.hadoop.ipc.Server$RpcCall.run(Server.java:963) [hadoop-common-3.3.1.jar:?]
	at java.security.AccessController.doPrivileged(Native Method) ~[?:1.8.0_332]
	at javax.security.auth.Subject.doAs(Subject.java:422) [?:1.8.0_332]
	at org.apache.hadoop.security.UserGroupInformation.doAs(UserGroupInformation.java:1878) [hadoop-common-3.3.1.jar:?]
	at org.apache.hadoop.ipc.Server$Handler.run(Server.java:2966) [hadoop-common-3.3.1.jar:?]
13:47:17.874 [IPC Server handler 10 on default port 44757] ERROR OMAudit - user=runner | ip=127.0.0.1 | op=GET_FILE_STATUS {volume=712043e9-72d6-408d-a216-83cb72fa20bb, bucket=f432ddd9-f4be-4143-b4bd-ebe74f5a4acb, key=.Trash/runner, dataSize=0, replicationConfig=null} | ret=FAILURE
org.apache.hadoop.ozone.om.exceptions.OMException: Unable to get file status: volume: 712043e9-72d6-408d-a216-83cb72fa20bb bucket: f432ddd9-f4be-4143-b4bd-ebe74f5a4acb key: .Trash/runner
	at org.apache.hadoop.ozone.om.KeyManagerImpl.getOzoneFileStatus(KeyManagerImpl.java:1311) ~[ozone-manager-1.3.0-SNAPSHOT.jar:?]
	at org.apache.hadoop.ozone.om.KeyManagerImpl.getFileStatus(KeyManagerImpl.java:1241) ~[ozone-manager-1.3.0-SNAPSHOT.jar:?]
	at org.apache.hadoop.ozone.om.OzoneManager.getFileStatus(OzoneManager.java:3468) ~[ozone-manager-1.3.0-SNAPSHOT.jar:?]
	at org.apache.hadoop.ozone.protocolPB.OzoneManagerRequestHandler.getOzoneFileStatus(OzoneManagerRequestHandler.java:882) ~[ozone-manager-1.3.0-SNAPSHOT.jar:?]
	at org.apache.hadoop.ozone.protocolPB.OzoneManagerRequestHandler.handleReadRequest(OzoneManagerRequestHandler.java:228) ~[ozone-manager-1.3.0-SNAPSHOT.jar:?]
	at org.apache.hadoop.ozone.protocolPB.OzoneManagerProtocolServerSideTranslatorPB.submitReadRequestToOM(OzoneManagerProtocolServerSideTranslatorPB.java:226) ~[ozone-manager-1.3.0-SNAPSHOT.jar:?]
	at org.apache.hadoop.ozone.protocolPB.OzoneManagerProtocolServerSideTranslatorPB.processRequest(OzoneManagerProtocolServerSideTranslatorPB.java:175) ~[ozone-manager-1.3.0-SNAPSHOT.jar:?]
	at org.apache.hadoop.hdds.server.OzoneProtocolMessageDispatcher.processRequest(OzoneProtocolMessageDispatcher.java:87) [hdds-server-framework-1.3.0-SNAPSHOT.jar:?]
	at org.apache.hadoop.ozone.protocolPB.OzoneManagerProtocolServerSideTranslatorPB.submitRequest(OzoneManagerProtocolServerSideTranslatorPB.java:147) [ozone-manager-1.3.0-SNAPSHOT.jar:?]
	at org.apache.hadoop.ozone.protocol.proto.OzoneManagerProtocolProtos$OzoneManagerService$2.callBlockingMethod(OzoneManagerProtocolProtos.java) [ozone-interface-client-1.3.0-SNAPSHOT.jar:?]
	at org.apache.hadoop.ipc.ProtobufRpcEngine$Server.processCall(ProtobufRpcEngine.java:466) [hadoop-common-3.3.1.jar:?]
	at org.apache.hadoop.ipc.ProtobufRpcEngine2$Server$ProtoBufRpcInvoker.call(ProtobufRpcEngine2.java:574) [hadoop-common-3.3.1.jar:?]
	at org.apache.hadoop.ipc.ProtobufRpcEngine2$Server$ProtoBufRpcInvoker.call(ProtobufRpcEngine2.java:552) [hadoop-common-3.3.1.jar:?]
	at org.apache.hadoop.ipc.RPC$Server.call(RPC.java:1093) [hadoop-common-3.3.1.jar:?]
	at org.apache.hadoop.ipc.Server$RpcCall.run(Server.java:1035) [hadoop-common-3.3.1.jar:?]
	at org.apache.hadoop.ipc.Server$RpcCall.run(Server.java:963) [hadoop-common-3.3.1.jar:?]
	at java.security.AccessController.doPrivileged(Native Method) ~[?:1.8.0_332]
	at javax.security.auth.Subject.doAs(Subject.java:422) [?:1.8.0_332]
	at org.apache.hadoop.security.UserGroupInformation.doAs(UserGroupInformation.java:1878) [hadoop-common-3.3.1.jar:?]
	at org.apache.hadoop.ipc.Server$Handler.run(Server.java:2966) [hadoop-common-3.3.1.jar:?]
13:47:17.888 [IPC Server handler 11 on default port 44757] ERROR OMAudit - user=runner | ip=127.0.0.1 | op=GET_FILE_STATUS {volume=712043e9-72d6-408d-a216-83cb72fa20bb, bucket=f432ddd9-f4be-4143-b4bd-ebe74f5a4acb, key=.Trash, dataSize=0, replicationConfig=null} | ret=FAILURE
org.apache.hadoop.ozone.om.exceptions.OMException: Unable to get file status: volume: 712043e9-72d6-408d-a216-83cb72fa20bb bucket: f432ddd9-f4be-4143-b4bd-ebe74f5a4acb key: .Trash
	at org.apache.hadoop.ozone.om.KeyManagerImpl.getOzoneFileStatus(KeyManagerImpl.java:1311) ~[ozone-manager-1.3.0-SNAPSHOT.jar:?]
	at org.apache.hadoop.ozone.om.KeyManagerImpl.getFileStatus(KeyManagerImpl.java:1241) ~[ozone-manager-1.3.0-SNAPSHOT.jar:?]
	at org.apache.hadoop.ozone.om.OzoneManager.getFileStatus(OzoneManager.java:3468) ~[ozone-manager-1.3.0-SNAPSHOT.jar:?]
	at org.apache.hadoop.ozone.protocolPB.OzoneManagerRequestHandler.getOzoneFileStatus(OzoneManagerRequestHandler.java:882) ~[ozone-manager-1.3.0-SNAPSHOT.jar:?]
	at org.apache.hadoop.ozone.protocolPB.OzoneManagerRequestHandler.handleReadRequest(OzoneManagerRequestHandler.java:228) ~[ozone-manager-1.3.0-SNAPSHOT.jar:?]
	at org.apache.hadoop.ozone.protocolPB.OzoneManagerProtocolServerSideTranslatorPB.submitReadRequestToOM(OzoneManagerProtocolServerSideTranslatorPB.java:226) ~[ozone-manager-1.3.0-SNAPSHOT.jar:?]
	at org.apache.hadoop.ozone.protocolPB.OzoneManagerProtocolServerSideTranslatorPB.processRequest(OzoneManagerProtocolServerSideTranslatorPB.java:175) ~[ozone-manager-1.3.0-SNAPSHOT.jar:?]
	at org.apache.hadoop.hdds.server.OzoneProtocolMessageDispatcher.processRequest(OzoneProtocolMessageDispatcher.java:87) [hdds-server-framework-1.3.0-SNAPSHOT.jar:?]
	at org.apache.hadoop.ozone.protocolPB.OzoneManagerProtocolServerSideTranslatorPB.submitRequest(OzoneManagerProtocolServerSideTranslatorPB.java:147) [ozone-manager-1.3.0-SNAPSHOT.jar:?]
	at org.apache.hadoop.ozone.protocol.proto.OzoneManagerProtocolProtos$OzoneManagerService$2.callBlockingMethod(OzoneManagerProtocolProtos.java) [ozone-interface-client-1.3.0-SNAPSHOT.jar:?]
	at org.apache.hadoop.ipc.ProtobufRpcEngine$Server.processCall(ProtobufRpcEngine.java:466) [hadoop-common-3.3.1.jar:?]
	at org.apache.hadoop.ipc.ProtobufRpcEngine2$Server$ProtoBufRpcInvoker.call(ProtobufRpcEngine2.java:574) [hadoop-common-3.3.1.jar:?]
	at org.apache.hadoop.ipc.ProtobufRpcEngine2$Server$ProtoBufRpcInvoker.call(ProtobufRpcEngine2.java:552) [hadoop-common-3.3.1.jar:?]
	at org.apache.hadoop.ipc.RPC$Server.call(RPC.java:1093) [hadoop-common-3.3.1.jar:?]
	at org.apache.hadoop.ipc.Server$RpcCall.run(Server.java:1035) [hadoop-common-3.3.1.jar:?]
	at org.apache.hadoop.ipc.Server$RpcCall.run(Server.java:963) [hadoop-common-3.3.1.jar:?]
	at java.security.AccessController.doPrivileged(Native Method) ~[?:1.8.0_332]
	at javax.security.auth.Subject.doAs(Subject.java:422) [?:1.8.0_332]
	at org.apache.hadoop.security.UserGroupInformation.doAs(UserGroupInformation.java:1878) [hadoop-common-3.3.1.jar:?]
	at org.apache.hadoop.ipc.Server$Handler.run(Server.java:2966) [hadoop-common-3.3.1.jar:?]
2022-08-09 13:47:17,928 [Time-limited test] INFO  rpc.RpcClient (RpcClient.java:createVolume(468)) - Creating Volume: volume48632, with user42325 as owner and space quota set to -1 bytes, counts quota set to -1
2022-08-09 13:47:17,933 [OM StateMachine ApplyTransaction Thread - 0] INFO  volume.OMVolumeCreateRequest (OMVolumeCreateRequest.java:validateAndUpdateCache(195)) - created volume:volume48632 for user:user42325
2022-08-09 13:47:17,935 [Time-limited test] INFO  rpc.RpcClient (RpcClient.java:createBucket(671)) - Creating Bucket: volume48632/bucket32559, with bucket layout LEGACY, runner as owner, Versioning false, Storage Type set to DISK and Encryption set to false 
2022-08-09 13:47:17,936 [OM StateMachine ApplyTransaction Thread - 0] INFO  bucket.OMBucketCreateRequest (OMBucketCreateRequest.java:validateAndUpdateCache(260)) - created bucket: bucket32559 of layout LEGACY in volume: volume48632
13:47:17.950 [IPC Server handler 18 on default port 44757] ERROR OMAudit - user=runner | ip=127.0.0.1 | op=GET_FILE_STATUS {volume=712043e9-72d6-408d-a216-83cb72fa20bb, bucket=f432ddd9-f4be-4143-b4bd-ebe74f5a4acb, key=.Trash/runner, dataSize=0, replicationConfig=null} | ret=FAILURE
org.apache.hadoop.ozone.om.exceptions.OMException: Unable to get file status: volume: 712043e9-72d6-408d-a216-83cb72fa20bb bucket: f432ddd9-f4be-4143-b4bd-ebe74f5a4acb key: .Trash/runner
	at org.apache.hadoop.ozone.om.KeyManagerImpl.getOzoneFileStatus(KeyManagerImpl.java:1311) ~[ozone-manager-1.3.0-SNAPSHOT.jar:?]
	at org.apache.hadoop.ozone.om.KeyManagerImpl.getFileStatus(KeyManagerImpl.java:1241) ~[ozone-manager-1.3.0-SNAPSHOT.jar:?]
	at org.apache.hadoop.ozone.om.OzoneManager.getFileStatus(OzoneManager.java:3468) ~[ozone-manager-1.3.0-SNAPSHOT.jar:?]
	at org.apache.hadoop.ozone.protocolPB.OzoneManagerRequestHandler.getOzoneFileStatus(OzoneManagerRequestHandler.java:882) ~[ozone-manager-1.3.0-SNAPSHOT.jar:?]
	at org.apache.hadoop.ozone.protocolPB.OzoneManagerRequestHandler.handleReadRequest(OzoneManagerRequestHandler.java:228) ~[ozone-manager-1.3.0-SNAPSHOT.jar:?]
	at org.apache.hadoop.ozone.protocolPB.OzoneManagerProtocolServerSideTranslatorPB.submitReadRequestToOM(OzoneManagerProtocolServerSideTranslatorPB.java:226) ~[ozone-manager-1.3.0-SNAPSHOT.jar:?]
	at org.apache.hadoop.ozone.protocolPB.OzoneManagerProtocolServerSideTranslatorPB.processRequest(OzoneManagerProtocolServerSideTranslatorPB.java:175) ~[ozone-manager-1.3.0-SNAPSHOT.jar:?]
	at org.apache.hadoop.hdds.server.OzoneProtocolMessageDispatcher.processRequest(OzoneProtocolMessageDispatcher.java:87) [hdds-server-framework-1.3.0-SNAPSHOT.jar:?]
	at org.apache.hadoop.ozone.protocolPB.OzoneManagerProtocolServerSideTranslatorPB.submitRequest(OzoneManagerProtocolServerSideTranslatorPB.java:147) [ozone-manager-1.3.0-SNAPSHOT.jar:?]
	at org.apache.hadoop.ozone.protocol.proto.OzoneManagerProtocolProtos$OzoneManagerService$2.callBlockingMethod(OzoneManagerProtocolProtos.java) [ozone-interface-client-1.3.0-SNAPSHOT.jar:?]
	at org.apache.hadoop.ipc.ProtobufRpcEngine$Server.processCall(ProtobufRpcEngine.java:466) [hadoop-common-3.3.1.jar:?]
	at org.apache.hadoop.ipc.ProtobufRpcEngine2$Server$ProtoBufRpcInvoker.call(ProtobufRpcEngine2.java:574) [hadoop-common-3.3.1.jar:?]
	at org.apache.hadoop.ipc.ProtobufRpcEngine2$Server$ProtoBufRpcInvoker.call(ProtobufRpcEngine2.java:552) [hadoop-common-3.3.1.jar:?]
	at org.apache.hadoop.ipc.RPC$Server.call(RPC.java:1093) [hadoop-common-3.3.1.jar:?]
	at org.apache.hadoop.ipc.Server$RpcCall.run(Server.java:1035) [hadoop-common-3.3.1.jar:?]
	at org.apache.hadoop.ipc.Server$RpcCall.run(Server.java:963) [hadoop-common-3.3.1.jar:?]
	at java.security.AccessController.doPrivileged(Native Method) ~[?:1.8.0_332]
	at javax.security.auth.Subject.doAs(Subject.java:422) [?:1.8.0_332]
	at org.apache.hadoop.security.UserGroupInformation.doAs(UserGroupInformation.java:1878) [hadoop-common-3.3.1.jar:?]
	at org.apache.hadoop.ipc.Server$Handler.run(Server.java:2966) [hadoop-common-3.3.1.jar:?]
13:47:17.970 [IPC Server handler 7 on default port 44757] ERROR OMAudit - user=runner | ip=127.0.0.1 | op=GET_FILE_STATUS {volume=712043e9-72d6-408d-a216-83cb72fa20bb, bucket=f432ddd9-f4be-4143-b4bd-ebe74f5a4acb, key=.Trash, dataSize=0, replicationConfig=null} | ret=FAILURE
org.apache.hadoop.ozone.om.exceptions.OMException: Unable to get file status: volume: 712043e9-72d6-408d-a216-83cb72fa20bb bucket: f432ddd9-f4be-4143-b4bd-ebe74f5a4acb key: .Trash
	at org.apache.hadoop.ozone.om.KeyManagerImpl.getOzoneFileStatus(KeyManagerImpl.java:1311) ~[ozone-manager-1.3.0-SNAPSHOT.jar:?]
	at org.apache.hadoop.ozone.om.KeyManagerImpl.getFileStatus(KeyManagerImpl.java:1241) ~[ozone-manager-1.3.0-SNAPSHOT.jar:?]
	at org.apache.hadoop.ozone.om.OzoneManager.getFileStatus(OzoneManager.java:3468) ~[ozone-manager-1.3.0-SNAPSHOT.jar:?]
	at org.apache.hadoop.ozone.protocolPB.OzoneManagerRequestHandler.getOzoneFileStatus(OzoneManagerRequestHandler.java:882) ~[ozone-manager-1.3.0-SNAPSHOT.jar:?]
	at org.apache.hadoop.ozone.protocolPB.OzoneManagerRequestHandler.handleReadRequest(OzoneManagerRequestHandler.java:228) ~[ozone-manager-1.3.0-SNAPSHOT.jar:?]
	at org.apache.hadoop.ozone.protocolPB.OzoneManagerProtocolServerSideTranslatorPB.submitReadRequestToOM(OzoneManagerProtocolServerSideTranslatorPB.java:226) ~[ozone-manager-1.3.0-SNAPSHOT.jar:?]
	at org.apache.hadoop.ozone.protocolPB.OzoneManagerProtocolServerSideTranslatorPB.processRequest(OzoneManagerProtocolServerSideTranslatorPB.java:175) ~[ozone-manager-1.3.0-SNAPSHOT.jar:?]
	at org.apache.hadoop.hdds.server.OzoneProtocolMessageDispatcher.processRequest(OzoneProtocolMessageDispatcher.java:87) [hdds-server-framework-1.3.0-SNAPSHOT.jar:?]
	at org.apache.hadoop.ozone.protocolPB.OzoneManagerProtocolServerSideTranslatorPB.submitRequest(OzoneManagerProtocolServerSideTranslatorPB.java:147) [ozone-manager-1.3.0-SNAPSHOT.jar:?]
	at org.apache.hadoop.ozone.protocol.proto.OzoneManagerProtocolProtos$OzoneManagerService$2.callBlockingMethod(OzoneManagerProtocolProtos.java) [ozone-interface-client-1.3.0-SNAPSHOT.jar:?]
	at org.apache.hadoop.ipc.ProtobufRpcEngine$Server.processCall(ProtobufRpcEngine.java:466) [hadoop-common-3.3.1.jar:?]
	at org.apache.hadoop.ipc.ProtobufRpcEngine2$Server$ProtoBufRpcInvoker.call(ProtobufRpcEngine2.java:574) [hadoop-common-3.3.1.jar:?]
	at org.apache.hadoop.ipc.ProtobufRpcEngine2$Server$ProtoBufRpcInvoker.call(ProtobufRpcEngine2.java:552) [hadoop-common-3.3.1.jar:?]
	at org.apache.hadoop.ipc.RPC$Server.call(RPC.java:1093) [hadoop-common-3.3.1.jar:?]
	at org.apache.hadoop.ipc.Server$RpcCall.run(Server.java:1035) [hadoop-common-3.3.1.jar:?]
	at org.apache.hadoop.ipc.Server$RpcCall.run(Server.java:963) [hadoop-common-3.3.1.jar:?]
	at java.security.AccessController.doPrivileged(Native Method) ~[?:1.8.0_332]
	at javax.security.auth.Subject.doAs(Subject.java:422) [?:1.8.0_332]
	at org.apache.hadoop.security.UserGroupInformation.doAs(UserGroupInformation.java:1878) [hadoop-common-3.3.1.jar:?]
	at org.apache.hadoop.ipc.Server$Handler.run(Server.java:2966) [hadoop-common-3.3.1.jar:?]
13:47:17.995 [IPC Server handler 1 on default port 44757] ERROR OMAudit - user=runner | ip=127.0.0.1 | op=GET_FILE_STATUS {volume=712043e9-72d6-408d-a216-83cb72fa20bb, bucket=f432ddd9-f4be-4143-b4bd-ebe74f5a4acb, key=.Trash/runner, dataSize=0, replicationConfig=null} | ret=FAILURE
org.apache.hadoop.ozone.om.exceptions.OMException: Unable to get file status: volume: 712043e9-72d6-408d-a216-83cb72fa20bb bucket: f432ddd9-f4be-4143-b4bd-ebe74f5a4acb key: .Trash/runner
	at org.apache.hadoop.ozone.om.KeyManagerImpl.getOzoneFileStatus(KeyManagerImpl.java:1311) ~[ozone-manager-1.3.0-SNAPSHOT.jar:?]
	at org.apache.hadoop.ozone.om.KeyManagerImpl.getFileStatus(KeyManagerImpl.java:1241) ~[ozone-manager-1.3.0-SNAPSHOT.jar:?]
	at org.apache.hadoop.ozone.om.OzoneManager.getFileStatus(OzoneManager.java:3468) ~[ozone-manager-1.3.0-SNAPSHOT.jar:?]
	at org.apache.hadoop.ozone.protocolPB.OzoneManagerRequestHandler.getOzoneFileStatus(OzoneManagerRequestHandler.java:882) ~[ozone-manager-1.3.0-SNAPSHOT.jar:?]
	at org.apache.hadoop.ozone.protocolPB.OzoneManagerRequestHandler.handleReadRequest(OzoneManagerRequestHandler.java:228) ~[ozone-manager-1.3.0-SNAPSHOT.jar:?]
	at org.apache.hadoop.ozone.protocolPB.OzoneManagerProtocolServerSideTranslatorPB.submitReadRequestToOM(OzoneManagerProtocolServerSideTranslatorPB.java:226) ~[ozone-manager-1.3.0-SNAPSHOT.jar:?]
	at org.apache.hadoop.ozone.protocolPB.OzoneManagerProtocolServerSideTranslatorPB.processRequest(OzoneManagerProtocolServerSideTranslatorPB.java:175) ~[ozone-manager-1.3.0-SNAPSHOT.jar:?]
	at org.apache.hadoop.hdds.server.OzoneProtocolMessageDispatcher.processRequest(OzoneProtocolMessageDispatcher.java:87) [hdds-server-framework-1.3.0-SNAPSHOT.jar:?]
	at org.apache.hadoop.ozone.protocolPB.OzoneManagerProtocolServerSideTranslatorPB.submitRequest(OzoneManagerProtocolServerSideTranslatorPB.java:147) [ozone-manager-1.3.0-SNAPSHOT.jar:?]
	at org.apache.hadoop.ozone.protocol.proto.OzoneManagerProtocolProtos$OzoneManagerService$2.callBlockingMethod(OzoneManagerProtocolProtos.java) [ozone-interface-client-1.3.0-SNAPSHOT.jar:?]
	at org.apache.hadoop.ipc.ProtobufRpcEngine$Server.processCall(ProtobufRpcEngine.java:466) [hadoop-common-3.3.1.jar:?]
	at org.apache.hadoop.ipc.ProtobufRpcEngine2$Server$ProtoBufRpcInvoker.call(ProtobufRpcEngine2.java:574) [hadoop-common-3.3.1.jar:?]
	at org.apache.hadoop.ipc.ProtobufRpcEngine2$Server$ProtoBufRpcInvoker.call(ProtobufRpcEngine2.java:552) [hadoop-common-3.3.1.jar:?]
	at org.apache.hadoop.ipc.RPC$Server.call(RPC.java:1093) [hadoop-common-3.3.1.jar:?]
	at org.apache.hadoop.ipc.Server$RpcCall.run(Server.java:1035) [hadoop-common-3.3.1.jar:?]
	at org.apache.hadoop.ipc.Server$RpcCall.run(Server.java:963) [hadoop-common-3.3.1.jar:?]
	at java.security.AccessController.doPrivileged(Native Method) ~[?:1.8.0_332]
	at javax.security.auth.Subject.doAs(Subject.java:422) [?:1.8.0_332]
	at org.apache.hadoop.security.UserGroupInformation.doAs(UserGroupInformation.java:1878) [hadoop-common-3.3.1.jar:?]
	at org.apache.hadoop.ipc.Server$Handler.run(Server.java:2966) [hadoop-common-3.3.1.jar:?]
13:47:18.022 [IPC Server handler 5 on default port 44757] ERROR OMAudit - user=runner | ip=127.0.0.1 | op=GET_FILE_STATUS {volume=712043e9-72d6-408d-a216-83cb72fa20bb, bucket=f432ddd9-f4be-4143-b4bd-ebe74f5a4acb, key=.Trash, dataSize=0, replicationConfig=null} | ret=FAILURE
org.apache.hadoop.ozone.om.exceptions.OMException: Unable to get file status: volume: 712043e9-72d6-408d-a216-83cb72fa20bb bucket: f432ddd9-f4be-4143-b4bd-ebe74f5a4acb key: .Trash
	at org.apache.hadoop.ozone.om.KeyManagerImpl.getOzoneFileStatus(KeyManagerImpl.java:1311) ~[ozone-manager-1.3.0-SNAPSHOT.jar:?]
	at org.apache.hadoop.ozone.om.KeyManagerImpl.getFileStatus(KeyManagerImpl.java:1241) ~[ozone-manager-1.3.0-SNAPSHOT.jar:?]
	at org.apache.hadoop.ozone.om.OzoneManager.getFileStatus(OzoneManager.java:3468) ~[ozone-manager-1.3.0-SNAPSHOT.jar:?]
	at org.apache.hadoop.ozone.protocolPB.OzoneManagerRequestHandler.getOzoneFileStatus(OzoneManagerRequestHandler.java:882) ~[ozone-manager-1.3.0-SNAPSHOT.jar:?]
	at org.apache.hadoop.ozone.protocolPB.OzoneManagerRequestHandler.handleReadRequest(OzoneManagerRequestHandler.java:228) ~[ozone-manager-1.3.0-SNAPSHOT.jar:?]
	at org.apache.hadoop.ozone.protocolPB.OzoneManagerProtocolServerSideTranslatorPB.submitReadRequestToOM(OzoneManagerProtocolServerSideTranslatorPB.java:226) ~[ozone-manager-1.3.0-SNAPSHOT.jar:?]
	at org.apache.hadoop.ozone.protocolPB.OzoneManagerProtocolServerSideTranslatorPB.processRequest(OzoneManagerProtocolServerSideTranslatorPB.java:175) ~[ozone-manager-1.3.0-SNAPSHOT.jar:?]
	at org.apache.hadoop.hdds.server.OzoneProtocolMessageDispatcher.processRequest(OzoneProtocolMessageDispatcher.java:87) [hdds-server-framework-1.3.0-SNAPSHOT.jar:?]
	at org.apache.hadoop.ozone.protocolPB.OzoneManagerProtocolServerSideTranslatorPB.submitRequest(OzoneManagerProtocolServerSideTranslatorPB.java:147) [ozone-manager-1.3.0-SNAPSHOT.jar:?]
	at org.apache.hadoop.ozone.protocol.proto.OzoneManagerProtocolProtos$OzoneManagerService$2.callBlockingMethod(OzoneManagerProtocolProtos.java) [ozone-interface-client-1.3.0-SNAPSHOT.jar:?]
	at org.apache.hadoop.ipc.ProtobufRpcEngine$Server.processCall(ProtobufRpcEngine.java:466) [hadoop-common-3.3.1.jar:?]
	at org.apache.hadoop.ipc.ProtobufRpcEngine2$Server$ProtoBufRpcInvoker.call(ProtobufRpcEngine2.java:574) [hadoop-common-3.3.1.jar:?]
	at org.apache.hadoop.ipc.ProtobufRpcEngine2$Server$ProtoBufRpcInvoker.call(ProtobufRpcEngine2.java:552) [hadoop-common-3.3.1.jar:?]
	at org.apache.hadoop.ipc.RPC$Server.call(RPC.java:1093) [hadoop-common-3.3.1.jar:?]
	at org.apache.hadoop.ipc.Server$RpcCall.run(Server.java:1035) [hadoop-common-3.3.1.jar:?]
	at org.apache.hadoop.ipc.Server$RpcCall.run(Server.java:963) [hadoop-common-3.3.1.jar:?]
	at java.security.AccessController.doPrivileged(Native Method) ~[?:1.8.0_332]
	at javax.security.auth.Subject.doAs(Subject.java:422) [?:1.8.0_332]
	at org.apache.hadoop.security.UserGroupInformation.doAs(UserGroupInformation.java:1878) [hadoop-common-3.3.1.jar:?]
	at org.apache.hadoop.ipc.Server$Handler.run(Server.java:2966) [hadoop-common-3.3.1.jar:?]
13:47:18.056 [IPC Server handler 3 on default port 44757] ERROR OMAudit - user=runner | ip=127.0.0.1 | op=GET_FILE_STATUS {volume=712043e9-72d6-408d-a216-83cb72fa20bb, bucket=f432ddd9-f4be-4143-b4bd-ebe74f5a4acb, key=.Trash/runner, dataSize=0, replicationConfig=null} | ret=FAILURE
org.apache.hadoop.ozone.om.exceptions.OMException: Unable to get file status: volume: 712043e9-72d6-408d-a216-83cb72fa20bb bucket: f432ddd9-f4be-4143-b4bd-ebe74f5a4acb key: .Trash/runner
	at org.apache.hadoop.ozone.om.KeyManagerImpl.getOzoneFileStatus(KeyManagerImpl.java:1311) ~[ozone-manager-1.3.0-SNAPSHOT.jar:?]
	at org.apache.hadoop.ozone.om.KeyManagerImpl.getFileStatus(KeyManagerImpl.java:1241) ~[ozone-manager-1.3.0-SNAPSHOT.jar:?]
	at org.apache.hadoop.ozone.om.OzoneManager.getFileStatus(OzoneManager.java:3468) ~[ozone-manager-1.3.0-SNAPSHOT.jar:?]
	at org.apache.hadoop.ozone.protocolPB.OzoneManagerRequestHandler.getOzoneFileStatus(OzoneManagerRequestHandler.java:882) ~[ozone-manager-1.3.0-SNAPSHOT.jar:?]
	at org.apache.hadoop.ozone.protocolPB.OzoneManagerRequestHandler.handleReadRequest(OzoneManagerRequestHandler.java:228) ~[ozone-manager-1.3.0-SNAPSHOT.jar:?]
	at org.apache.hadoop.ozone.protocolPB.OzoneManagerProtocolServerSideTranslatorPB.submitReadRequestToOM(OzoneManagerProtocolServerSideTranslatorPB.java:226) ~[ozone-manager-1.3.0-SNAPSHOT.jar:?]
	at org.apache.hadoop.ozone.protocolPB.OzoneManagerProtocolServerSideTranslatorPB.processRequest(OzoneManagerProtocolServerSideTranslatorPB.java:175) ~[ozone-manager-1.3.0-SNAPSHOT.jar:?]
	at org.apache.hadoop.hdds.server.OzoneProtocolMessageDispatcher.processRequest(OzoneProtocolMessageDispatcher.java:87) [hdds-server-framework-1.3.0-SNAPSHOT.jar:?]
	at org.apache.hadoop.ozone.protocolPB.OzoneManagerProtocolServerSideTranslatorPB.submitRequest(OzoneManagerProtocolServerSideTranslatorPB.java:147) [ozone-manager-1.3.0-SNAPSHOT.jar:?]
	at org.apache.hadoop.ozone.protocol.proto.OzoneManagerProtocolProtos$OzoneManagerService$2.callBlockingMethod(OzoneManagerProtocolProtos.java) [ozone-interface-client-1.3.0-SNAPSHOT.jar:?]
	at org.apache.hadoop.ipc.ProtobufRpcEngine$Server.processCall(ProtobufRpcEngine.java:466) [hadoop-common-3.3.1.jar:?]
	at org.apache.hadoop.ipc.ProtobufRpcEngine2$Server$ProtoBufRpcInvoker.call(ProtobufRpcEngine2.java:574) [hadoop-common-3.3.1.jar:?]
	at org.apache.hadoop.ipc.ProtobufRpcEngine2$Server$ProtoBufRpcInvoker.call(ProtobufRpcEngine2.java:552) [hadoop-common-3.3.1.jar:?]
	at org.apache.hadoop.ipc.RPC$Server.call(RPC.java:1093) [hadoop-common-3.3.1.jar:?]
	at org.apache.hadoop.ipc.Server$RpcCall.run(Server.java:1035) [hadoop-common-3.3.1.jar:?]
	at org.apache.hadoop.ipc.Server$RpcCall.run(Server.java:963) [hadoop-common-3.3.1.jar:?]
	at java.security.AccessController.doPrivileged(Native Method) ~[?:1.8.0_332]
	at javax.security.auth.Subject.doAs(Subject.java:422) [?:1.8.0_332]
	at org.apache.hadoop.security.UserGroupInformation.doAs(UserGroupInformation.java:1878) [hadoop-common-3.3.1.jar:?]
	at org.apache.hadoop.ipc.Server$Handler.run(Server.java:2966) [hadoop-common-3.3.1.jar:?]
13:47:18.059 [IPC Server handler 17 on default port 44757] ERROR OMAudit - user=runner | ip=127.0.0.1 | op=GET_FILE_STATUS {volume=volume48632, bucket=bucket32559, key=.Trash/runner, dataSize=0, replicationConfig=null} | ret=FAILURE
org.apache.hadoop.ozone.om.exceptions.OMException: Unable to get file status: volume: volume48632 bucket: bucket32559 key: .Trash/runner
	at org.apache.hadoop.ozone.om.KeyManagerImpl.getOzoneFileStatus(KeyManagerImpl.java:1311) ~[ozone-manager-1.3.0-SNAPSHOT.jar:?]
	at org.apache.hadoop.ozone.om.KeyManagerImpl.getFileStatus(KeyManagerImpl.java:1241) ~[ozone-manager-1.3.0-SNAPSHOT.jar:?]
	at org.apache.hadoop.ozone.om.OzoneManager.getFileStatus(OzoneManager.java:3468) ~[ozone-manager-1.3.0-SNAPSHOT.jar:?]
	at org.apache.hadoop.ozone.protocolPB.OzoneManagerRequestHandler.getOzoneFileStatus(OzoneManagerRequestHandler.java:882) ~[ozone-manager-1.3.0-SNAPSHOT.jar:?]
	at org.apache.hadoop.ozone.protocolPB.OzoneManagerRequestHandler.handleReadRequest(OzoneManagerRequestHandler.java:228) ~[ozone-manager-1.3.0-SNAPSHOT.jar:?]
	at org.apache.hadoop.ozone.protocolPB.OzoneManagerProtocolServerSideTranslatorPB.submitReadRequestToOM(OzoneManagerProtocolServerSideTranslatorPB.java:226) ~[ozone-manager-1.3.0-SNAPSHOT.jar:?]
	at org.apache.hadoop.ozone.protocolPB.OzoneManagerProtocolServerSideTranslatorPB.processRequest(OzoneManagerProtocolServerSideTranslatorPB.java:175) ~[ozone-manager-1.3.0-SNAPSHOT.jar:?]
	at org.apache.hadoop.hdds.server.OzoneProtocolMessageDispatcher.processRequest(OzoneProtocolMessageDispatcher.java:87) [hdds-server-framework-1.3.0-SNAPSHOT.jar:?]
	at org.apache.hadoop.ozone.protocolPB.OzoneManagerProtocolServerSideTranslatorPB.submitRequest(OzoneManagerProtocolServerSideTranslatorPB.java:147) [ozone-manager-1.3.0-SNAPSHOT.jar:?]
	at org.apache.hadoop.ozone.protocol.proto.OzoneManagerProtocolProtos$OzoneManagerService$2.callBlockingMethod(OzoneManagerProtocolProtos.java) [ozone-interface-client-1.3.0-SNAPSHOT.jar:?]
	at org.apache.hadoop.ipc.ProtobufRpcEngine$Server.processCall(ProtobufRpcEngine.java:466) [hadoop-common-3.3.1.jar:?]
	at org.apache.hadoop.ipc.ProtobufRpcEngine2$Server$ProtoBufRpcInvoker.call(ProtobufRpcEngine2.java:574) [hadoop-common-3.3.1.jar:?]
	at org.apache.hadoop.ipc.ProtobufRpcEngine2$Server$ProtoBufRpcInvoker.call(ProtobufRpcEngine2.java:552) [hadoop-common-3.3.1.jar:?]
	at org.apache.hadoop.ipc.RPC$Server.call(RPC.java:1093) [hadoop-common-3.3.1.jar:?]
	at org.apache.hadoop.ipc.Server$RpcCall.run(Server.java:1035) [hadoop-common-3.3.1.jar:?]
	at org.apache.hadoop.ipc.Server$RpcCall.run(Server.java:963) [hadoop-common-3.3.1.jar:?]
	at java.security.AccessController.doPrivileged(Native Method) ~[?:1.8.0_332]
	at javax.security.auth.Subject.doAs(Subject.java:422) [?:1.8.0_332]
	at org.apache.hadoop.security.UserGroupInformation.doAs(UserGroupInformation.java:1878) [hadoop-common-3.3.1.jar:?]
	at org.apache.hadoop.ipc.Server$Handler.run(Server.java:2966) [hadoop-common-3.3.1.jar:?]
13:47:18.074 [IPC Server handler 17 on default port 44757] ERROR OMAudit - user=runner | ip=127.0.0.1 | op=GET_FILE_STATUS {volume=712043e9-72d6-408d-a216-83cb72fa20bb, bucket=f432ddd9-f4be-4143-b4bd-ebe74f5a4acb, key=.Trash, dataSize=0, replicationConfig=null} | ret=FAILURE
org.apache.hadoop.ozone.om.exceptions.OMException: Unable to get file status: volume: 712043e9-72d6-408d-a216-83cb72fa20bb bucket: f432ddd9-f4be-4143-b4bd-ebe74f5a4acb key: .Trash
	at org.apache.hadoop.ozone.om.KeyManagerImpl.getOzoneFileStatus(KeyManagerImpl.java:1311) ~[ozone-manager-1.3.0-SNAPSHOT.jar:?]
	at org.apache.hadoop.ozone.om.KeyManagerImpl.getFileStatus(KeyManagerImpl.java:1241) ~[ozone-manager-1.3.0-SNAPSHOT.jar:?]
	at org.apache.hadoop.ozone.om.OzoneManager.getFileStatus(OzoneManager.java:3468) ~[ozone-manager-1.3.0-SNAPSHOT.jar:?]
	at org.apache.hadoop.ozone.protocolPB.OzoneManagerRequestHandler.getOzoneFileStatus(OzoneManagerRequestHandler.java:882) ~[ozone-manager-1.3.0-SNAPSHOT.jar:?]
	at org.apache.hadoop.ozone.protocolPB.OzoneManagerRequestHandler.handleReadRequest(OzoneManagerRequestHandler.java:228) ~[ozone-manager-1.3.0-SNAPSHOT.jar:?]
	at org.apache.hadoop.ozone.protocolPB.OzoneManagerProtocolServerSideTranslatorPB.submitReadRequestToOM(OzoneManagerProtocolServerSideTranslatorPB.java:226) ~[ozone-manager-1.3.0-SNAPSHOT.jar:?]
	at org.apache.hadoop.ozone.protocolPB.OzoneManagerProtocolServerSideTranslatorPB.processRequest(OzoneManagerProtocolServerSideTranslatorPB.java:175) ~[ozone-manager-1.3.0-SNAPSHOT.jar:?]
	at org.apache.hadoop.hdds.server.OzoneProtocolMessageDispatcher.processRequest(OzoneProtocolMessageDispatcher.java:87) [hdds-server-framework-1.3.0-SNAPSHOT.jar:?]
	at org.apache.hadoop.ozone.protocolPB.OzoneManagerProtocolServerSideTranslatorPB.submitRequest(OzoneManagerProtocolServerSideTranslatorPB.java:147) [ozone-manager-1.3.0-SNAPSHOT.jar:?]
	at org.apache.hadoop.ozone.protocol.proto.OzoneManagerProtocolProtos$OzoneManagerService$2.callBlockingMethod(OzoneManagerProtocolProtos.java) [ozone-interface-client-1.3.0-SNAPSHOT.jar:?]
	at org.apache.hadoop.ipc.ProtobufRpcEngine$Server.processCall(ProtobufRpcEngine.java:466) [hadoop-common-3.3.1.jar:?]
	at org.apache.hadoop.ipc.ProtobufRpcEngine2$Server$ProtoBufRpcInvoker.call(ProtobufRpcEngine2.java:574) [hadoop-common-3.3.1.jar:?]
	at org.apache.hadoop.ipc.ProtobufRpcEngine2$Server$ProtoBufRpcInvoker.call(ProtobufRpcEngine2.java:552) [hadoop-common-3.3.1.jar:?]
	at org.apache.hadoop.ipc.RPC$Server.call(RPC.java:1093) [hadoop-common-3.3.1.jar:?]
	at org.apache.hadoop.ipc.Server$RpcCall.run(Server.java:1035) [hadoop-common-3.3.1.jar:?]
	at org.apache.hadoop.ipc.Server$RpcCall.run(Server.java:963) [hadoop-common-3.3.1.jar:?]
	at java.security.AccessController.doPrivileged(Native Method) ~[?:1.8.0_332]
	at javax.security.auth.Subject.doAs(Subject.java:422) [?:1.8.0_332]
	at org.apache.hadoop.security.UserGroupInformation.doAs(UserGroupInformation.java:1878) [hadoop-common-3.3.1.jar:?]
	at org.apache.hadoop.ipc.Server$Handler.run(Server.java:2966) [hadoop-common-3.3.1.jar:?]
13:47:18.077 [IPC Server handler 9 on default port 44757] ERROR OMAudit - user=runner | ip=127.0.0.1 | op=GET_FILE_STATUS {volume=volume48632, bucket=bucket32559, key=.Trash, dataSize=0, replicationConfig=null} | ret=FAILURE
org.apache.hadoop.ozone.om.exceptions.OMException: Unable to get file status: volume: volume48632 bucket: bucket32559 key: .Trash
	at org.apache.hadoop.ozone.om.KeyManagerImpl.getOzoneFileStatus(KeyManagerImpl.java:1311) ~[ozone-manager-1.3.0-SNAPSHOT.jar:?]
	at org.apache.hadoop.ozone.om.KeyManagerImpl.getFileStatus(KeyManagerImpl.java:1241) ~[ozone-manager-1.3.0-SNAPSHOT.jar:?]
	at org.apache.hadoop.ozone.om.OzoneManager.getFileStatus(OzoneManager.java:3468) ~[ozone-manager-1.3.0-SNAPSHOT.jar:?]
	at org.apache.hadoop.ozone.protocolPB.OzoneManagerRequestHandler.getOzoneFileStatus(OzoneManagerRequestHandler.java:882) ~[ozone-manager-1.3.0-SNAPSHOT.jar:?]
	at org.apache.hadoop.ozone.protocolPB.OzoneManagerRequestHandler.handleReadRequest(OzoneManagerRequestHandler.java:228) ~[ozone-manager-1.3.0-SNAPSHOT.jar:?]
	at org.apache.hadoop.ozone.protocolPB.OzoneManagerProtocolServerSideTranslatorPB.submitReadRequestToOM(OzoneManagerProtocolServerSideTranslatorPB.java:226) ~[ozone-manager-1.3.0-SNAPSHOT.jar:?]
	at org.apache.hadoop.ozone.protocolPB.OzoneManagerProtocolServerSideTranslatorPB.processRequest(OzoneManagerProtocolServerSideTranslatorPB.java:175) ~[ozone-manager-1.3.0-SNAPSHOT.jar:?]
	at org.apache.hadoop.hdds.server.OzoneProtocolMessageDispatcher.processRequest(OzoneProtocolMessageDispatcher.java:87) [hdds-server-framework-1.3.0-SNAPSHOT.jar:?]
	at org.apache.hadoop.ozone.protocolPB.OzoneManagerProtocolServerSideTranslatorPB.submitRequest(OzoneManagerProtocolServerSideTranslatorPB.java:147) [ozone-manager-1.3.0-SNAPSHOT.jar:?]
	at org.apache.hadoop.ozone.protocol.proto.OzoneManagerProtocolProtos$OzoneManagerService$2.callBlockingMethod(OzoneManagerProtocolProtos.java) [ozone-interface-client-1.3.0-SNAPSHOT.jar:?]
	at org.apache.hadoop.ipc.ProtobufRpcEngine$Server.processCall(ProtobufRpcEngine.java:466) [hadoop-common-3.3.1.jar:?]
	at org.apache.hadoop.ipc.ProtobufRpcEngine2$Server$ProtoBufRpcInvoker.call(ProtobufRpcEngine2.java:574) [hadoop-common-3.3.1.jar:?]
	at org.apache.hadoop.ipc.ProtobufRpcEngine2$Server$ProtoBufRpcInvoker.call(ProtobufRpcEngine2.java:552) [hadoop-common-3.3.1.jar:?]
	at org.apache.hadoop.ipc.RPC$Server.call(RPC.java:1093) [hadoop-common-3.3.1.jar:?]
	at org.apache.hadoop.ipc.Server$RpcCall.run(Server.java:1035) [hadoop-common-3.3.1.jar:?]
	at org.apache.hadoop.ipc.Server$RpcCall.run(Server.java:963) [hadoop-common-3.3.1.jar:?]
	at java.security.AccessController.doPrivileged(Native Method) ~[?:1.8.0_332]
	at javax.security.auth.Subject.doAs(Subject.java:422) [?:1.8.0_332]
	at org.apache.hadoop.security.UserGroupInformation.doAs(UserGroupInformation.java:1878) [hadoop-common-3.3.1.jar:?]
	at org.apache.hadoop.ipc.Server$Handler.run(Server.java:2966) [hadoop-common-3.3.1.jar:?]
13:47:18.113 [IPC Server handler 18 on default port 44757] ERROR OMAudit - user=runner | ip=127.0.0.1 | op=GET_FILE_STATUS {volume=712043e9-72d6-408d-a216-83cb72fa20bb, bucket=f432ddd9-f4be-4143-b4bd-ebe74f5a4acb, key=.Trash/runner, dataSize=0, replicationConfig=null} | ret=FAILURE
org.apache.hadoop.ozone.om.exceptions.OMException: Unable to get file status: volume: 712043e9-72d6-408d-a216-83cb72fa20bb bucket: f432ddd9-f4be-4143-b4bd-ebe74f5a4acb key: .Trash/runner
	at org.apache.hadoop.ozone.om.KeyManagerImpl.getOzoneFileStatus(KeyManagerImpl.java:1311) ~[ozone-manager-1.3.0-SNAPSHOT.jar:?]
	at org.apache.hadoop.ozone.om.KeyManagerImpl.getFileStatus(KeyManagerImpl.java:1241) ~[ozone-manager-1.3.0-SNAPSHOT.jar:?]
	at org.apache.hadoop.ozone.om.OzoneManager.getFileStatus(OzoneManager.java:3468) ~[ozone-manager-1.3.0-SNAPSHOT.jar:?]
	at org.apache.hadoop.ozone.protocolPB.OzoneManagerRequestHandler.getOzoneFileStatus(OzoneManagerRequestHandler.java:882) ~[ozone-manager-1.3.0-SNAPSHOT.jar:?]
	at org.apache.hadoop.ozone.protocolPB.OzoneManagerRequestHandler.handleReadRequest(OzoneManagerRequestHandler.java:228) ~[ozone-manager-1.3.0-SNAPSHOT.jar:?]
	at org.apache.hadoop.ozone.protocolPB.OzoneManagerProtocolServerSideTranslatorPB.submitReadRequestToOM(OzoneManagerProtocolServerSideTranslatorPB.java:226) ~[ozone-manager-1.3.0-SNAPSHOT.jar:?]
	at org.apache.hadoop.ozone.protocolPB.OzoneManagerProtocolServerSideTranslatorPB.processRequest(OzoneManagerProtocolServerSideTranslatorPB.java:175) ~[ozone-manager-1.3.0-SNAPSHOT.jar:?]
	at org.apache.hadoop.hdds.server.OzoneProtocolMessageDispatcher.processRequest(OzoneProtocolMessageDispatcher.java:87) [hdds-server-framework-1.3.0-SNAPSHOT.jar:?]
	at org.apache.hadoop.ozone.protocolPB.OzoneManagerProtocolServerSideTranslatorPB.submitRequest(OzoneManagerProtocolServerSideTranslatorPB.java:147) [ozone-manager-1.3.0-SNAPSHOT.jar:?]
	at org.apache.hadoop.ozone.protocol.proto.OzoneManagerProtocolProtos$OzoneManagerService$2.callBlockingMethod(OzoneManagerProtocolProtos.java) [ozone-interface-client-1.3.0-SNAPSHOT.jar:?]
	at org.apache.hadoop.ipc.ProtobufRpcEngine$Server.processCall(ProtobufRpcEngine.java:466) [hadoop-common-3.3.1.jar:?]
	at org.apache.hadoop.ipc.ProtobufRpcEngine2$Server$ProtoBufRpcInvoker.call(ProtobufRpcEngine2.java:574) [hadoop-common-3.3.1.jar:?]
	at org.apache.hadoop.ipc.ProtobufRpcEngine2$Server$ProtoBufRpcInvoker.call(ProtobufRpcEngine2.java:552) [hadoop-common-3.3.1.jar:?]
	at org.apache.hadoop.ipc.RPC$Server.call(RPC.java:1093) [hadoop-common-3.3.1.jar:?]
	at org.apache.hadoop.ipc.Server$RpcCall.run(Server.java:1035) [hadoop-common-3.3.1.jar:?]
	at org.apache.hadoop.ipc.Server$RpcCall.run(Server.java:963) [hadoop-common-3.3.1.jar:?]
	at java.security.AccessController.doPrivileged(Native Method) ~[?:1.8.0_332]
	at javax.security.auth.Subject.doAs(Subject.java:422) [?:1.8.0_332]
	at org.apache.hadoop.security.UserGroupInformation.doAs(UserGroupInformation.java:1878) [hadoop-common-3.3.1.jar:?]
	at org.apache.hadoop.ipc.Server$Handler.run(Server.java:2966) [hadoop-common-3.3.1.jar:?]
13:47:18.116 [IPC Server handler 4 on default port 44757] ERROR OMAudit - user=runner | ip=127.0.0.1 | op=GET_FILE_STATUS {volume=volume48632, bucket=bucket32559, key=.Trash/runner, dataSize=0, replicationConfig=null} | ret=FAILURE
org.apache.hadoop.ozone.om.exceptions.OMException: Unable to get file status: volume: volume48632 bucket: bucket32559 key: .Trash/runner
	at org.apache.hadoop.ozone.om.KeyManagerImpl.getOzoneFileStatus(KeyManagerImpl.java:1311) ~[ozone-manager-1.3.0-SNAPSHOT.jar:?]
	at org.apache.hadoop.ozone.om.KeyManagerImpl.getFileStatus(KeyManagerImpl.java:1241) ~[ozone-manager-1.3.0-SNAPSHOT.jar:?]
	at org.apache.hadoop.ozone.om.OzoneManager.getFileStatus(OzoneManager.java:3468) ~[ozone-manager-1.3.0-SNAPSHOT.jar:?]
	at org.apache.hadoop.ozone.protocolPB.OzoneManagerRequestHandler.getOzoneFileStatus(OzoneManagerRequestHandler.java:882) ~[ozone-manager-1.3.0-SNAPSHOT.jar:?]
	at org.apache.hadoop.ozone.protocolPB.OzoneManagerRequestHandler.handleReadRequest(OzoneManagerRequestHandler.java:228) ~[ozone-manager-1.3.0-SNAPSHOT.jar:?]
	at org.apache.hadoop.ozone.protocolPB.OzoneManagerProtocolServerSideTranslatorPB.submitReadRequestToOM(OzoneManagerProtocolServerSideTranslatorPB.java:226) ~[ozone-manager-1.3.0-SNAPSHOT.jar:?]
	at org.apache.hadoop.ozone.protocolPB.OzoneManagerProtocolServerSideTranslatorPB.processRequest(OzoneManagerProtocolServerSideTranslatorPB.java:175) ~[ozone-manager-1.3.0-SNAPSHOT.jar:?]
	at org.apache.hadoop.hdds.server.OzoneProtocolMessageDispatcher.processRequest(OzoneProtocolMessageDispatcher.java:87) [hdds-server-framework-1.3.0-SNAPSHOT.jar:?]
	at org.apache.hadoop.ozone.protocolPB.OzoneManagerProtocolServerSideTranslatorPB.submitRequest(OzoneManagerProtocolServerSideTranslatorPB.java:147) [ozone-manager-1.3.0-SNAPSHOT.jar:?]
	at org.apache.hadoop.ozone.protocol.proto.OzoneManagerProtocolProtos$OzoneManagerService$2.callBlockingMethod(OzoneManagerProtocolProtos.java) [ozone-interface-client-1.3.0-SNAPSHOT.jar:?]
	at org.apache.hadoop.ipc.ProtobufRpcEngine$Server.processCall(ProtobufRpcEngine.java:466) [hadoop-common-3.3.1.jar:?]
	at org.apache.hadoop.ipc.ProtobufRpcEngine2$Server$ProtoBufRpcInvoker.call(ProtobufRpcEngine2.java:574) [hadoop-common-3.3.1.jar:?]
	at org.apache.hadoop.ipc.ProtobufRpcEngine2$Server$ProtoBufRpcInvoker.call(ProtobufRpcEngine2.java:552) [hadoop-common-3.3.1.jar:?]
	at org.apache.hadoop.ipc.RPC$Server.call(RPC.java:1093) [hadoop-common-3.3.1.jar:?]
	at org.apache.hadoop.ipc.Server$RpcCall.run(Server.java:1035) [hadoop-common-3.3.1.jar:?]
	at org.apache.hadoop.ipc.Server$RpcCall.run(Server.java:963) [hadoop-common-3.3.1.jar:?]
	at java.security.AccessController.doPrivileged(Native Method) ~[?:1.8.0_332]
	at javax.security.auth.Subject.doAs(Subject.java:422) [?:1.8.0_332]
	at org.apache.hadoop.security.UserGroupInformation.doAs(UserGroupInformation.java:1878) [hadoop-common-3.3.1.jar:?]
	at org.apache.hadoop.ipc.Server$Handler.run(Server.java:2966) [hadoop-common-3.3.1.jar:?]
13:47:18.123 [IPC Server handler 19 on default port 44757] ERROR OMAudit - user=runner | ip=127.0.0.1 | op=GET_FILE_STATUS {volume=volume71067, bucket=trashroottest2, key=.Trash/runner, dataSize=0, replicationConfig=null} | ret=FAILURE
org.apache.hadoop.ozone.om.exceptions.OMException: Unable to get file status: volume: volume71067 bucket: trashroottest2 key: .Trash/runner
	at org.apache.hadoop.ozone.om.KeyManagerImpl.getOzoneFileStatus(KeyManagerImpl.java:1311) ~[ozone-manager-1.3.0-SNAPSHOT.jar:?]
	at org.apache.hadoop.ozone.om.KeyManagerImpl.getFileStatus(KeyManagerImpl.java:1241) ~[ozone-manager-1.3.0-SNAPSHOT.jar:?]
	at org.apache.hadoop.ozone.om.OzoneManager.getFileStatus(OzoneManager.java:3468) ~[ozone-manager-1.3.0-SNAPSHOT.jar:?]
	at org.apache.hadoop.ozone.protocolPB.OzoneManagerRequestHandler.getOzoneFileStatus(OzoneManagerRequestHandler.java:882) ~[ozone-manager-1.3.0-SNAPSHOT.jar:?]
	at org.apache.hadoop.ozone.protocolPB.OzoneManagerRequestHandler.handleReadRequest(OzoneManagerRequestHandler.java:228) ~[ozone-manager-1.3.0-SNAPSHOT.jar:?]
	at org.apache.hadoop.ozone.protocolPB.OzoneManagerProtocolServerSideTranslatorPB.submitReadRequestToOM(OzoneManagerProtocolServerSideTranslatorPB.java:226) ~[ozone-manager-1.3.0-SNAPSHOT.jar:?]
	at org.apache.hadoop.ozone.protocolPB.OzoneManagerProtocolServerSideTranslatorPB.processRequest(OzoneManagerProtocolServerSideTranslatorPB.java:175) ~[ozone-manager-1.3.0-SNAPSHOT.jar:?]
	at org.apache.hadoop.hdds.server.OzoneProtocolMessageDispatcher.processRequest(OzoneProtocolMessageDispatcher.java:87) [hdds-server-framework-1.3.0-SNAPSHOT.jar:?]
	at org.apache.hadoop.ozone.protocolPB.OzoneManagerProtocolServerSideTranslatorPB.submitRequest(OzoneManagerProtocolServerSideTranslatorPB.java:147) [ozone-manager-1.3.0-SNAPSHOT.jar:?]
	at org.apache.hadoop.ozone.protocol.proto.OzoneManagerProtocolProtos$OzoneManagerService$2.callBlockingMethod(OzoneManagerProtocolProtos.java) [ozone-interface-client-1.3.0-SNAPSHOT.jar:?]
	at org.apache.hadoop.ipc.ProtobufRpcEngine$Server.processCall(ProtobufRpcEngine.java:466) [hadoop-common-3.3.1.jar:?]
	at org.apache.hadoop.ipc.ProtobufRpcEngine2$Server$ProtoBufRpcInvoker.call(ProtobufRpcEngine2.java:574) [hadoop-common-3.3.1.jar:?]
	at org.apache.hadoop.ipc.ProtobufRpcEngine2$Server$ProtoBufRpcInvoker.call(ProtobufRpcEngine2.java:552) [hadoop-common-3.3.1.jar:?]
	at org.apache.hadoop.ipc.RPC$Server.call(RPC.java:1093) [hadoop-common-3.3.1.jar:?]
	at org.apache.hadoop.ipc.Server$RpcCall.run(Server.java:1035) [hadoop-common-3.3.1.jar:?]
	at org.apache.hadoop.ipc.Server$RpcCall.run(Server.java:963) [hadoop-common-3.3.1.jar:?]
	at java.security.AccessController.doPrivileged(Native Method) ~[?:1.8.0_332]
	at javax.security.auth.Subject.doAs(Subject.java:422) [?:1.8.0_332]
	at org.apache.hadoop.security.UserGroupInformation.doAs(UserGroupInformation.java:1878) [hadoop-common-3.3.1.jar:?]
	at org.apache.hadoop.ipc.Server$Handler.run(Server.java:2966) [hadoop-common-3.3.1.jar:?]
13:47:18.127 [IPC Server handler 17 on default port 44757] ERROR OMAudit - user=runner | ip=127.0.0.1 | op=GET_FILE_STATUS {volume=712043e9-72d6-408d-a216-83cb72fa20bb, bucket=f432ddd9-f4be-4143-b4bd-ebe74f5a4acb, key=.Trash, dataSize=0, replicationConfig=null} | ret=FAILURE
org.apache.hadoop.ozone.om.exceptions.OMException: Unable to get file status: volume: 712043e9-72d6-408d-a216-83cb72fa20bb bucket: f432ddd9-f4be-4143-b4bd-ebe74f5a4acb key: .Trash
	at org.apache.hadoop.ozone.om.KeyManagerImpl.getOzoneFileStatus(KeyManagerImpl.java:1311) ~[ozone-manager-1.3.0-SNAPSHOT.jar:?]
	at org.apache.hadoop.ozone.om.KeyManagerImpl.getFileStatus(KeyManagerImpl.java:1241) ~[ozone-manager-1.3.0-SNAPSHOT.jar:?]
	at org.apache.hadoop.ozone.om.OzoneManager.getFileStatus(OzoneManager.java:3468) ~[ozone-manager-1.3.0-SNAPSHOT.jar:?]
	at org.apache.hadoop.ozone.protocolPB.OzoneManagerRequestHandler.getOzoneFileStatus(OzoneManagerRequestHandler.java:882) ~[ozone-manager-1.3.0-SNAPSHOT.jar:?]
	at org.apache.hadoop.ozone.protocolPB.OzoneManagerRequestHandler.handleReadRequest(OzoneManagerRequestHandler.java:228) ~[ozone-manager-1.3.0-SNAPSHOT.jar:?]
	at org.apache.hadoop.ozone.protocolPB.OzoneManagerProtocolServerSideTranslatorPB.submitReadRequestToOM(OzoneManagerProtocolServerSideTranslatorPB.java:226) ~[ozone-manager-1.3.0-SNAPSHOT.jar:?]
	at org.apache.hadoop.ozone.protocolPB.OzoneManagerProtocolServerSideTranslatorPB.processRequest(OzoneManagerProtocolServerSideTranslatorPB.java:175) ~[ozone-manager-1.3.0-SNAPSHOT.jar:?]
	at org.apache.hadoop.hdds.server.OzoneProtocolMessageDispatcher.processRequest(OzoneProtocolMessageDispatcher.java:87) [hdds-server-framework-1.3.0-SNAPSHOT.jar:?]
	at org.apache.hadoop.ozone.protocolPB.OzoneManagerProtocolServerSideTranslatorPB.submitRequest(OzoneManagerProtocolServerSideTranslatorPB.java:147) [ozone-manager-1.3.0-SNAPSHOT.jar:?]
	at org.apache.hadoop.ozone.protocol.proto.OzoneManagerProtocolProtos$OzoneManagerService$2.callBlockingMethod(OzoneManagerProtocolProtos.java) [ozone-interface-client-1.3.0-SNAPSHOT.jar:?]
	at org.apache.hadoop.ipc.ProtobufRpcEngine$Server.processCall(ProtobufRpcEngine.java:466) [hadoop-common-3.3.1.jar:?]
	at org.apache.hadoop.ipc.ProtobufRpcEngine2$Server$ProtoBufRpcInvoker.call(ProtobufRpcEngine2.java:574) [hadoop-common-3.3.1.jar:?]
	at org.apache.hadoop.ipc.ProtobufRpcEngine2$Server$ProtoBufRpcInvoker.call(ProtobufRpcEngine2.java:552) [hadoop-common-3.3.1.jar:?]
	at org.apache.hadoop.ipc.RPC$Server.call(RPC.java:1093) [hadoop-common-3.3.1.jar:?]
	at org.apache.hadoop.ipc.Server$RpcCall.run(Server.java:1035) [hadoop-common-3.3.1.jar:?]
	at org.apache.hadoop.ipc.Server$RpcCall.run(Server.java:963) [hadoop-common-3.3.1.jar:?]
	at java.security.AccessController.doPrivileged(Native Method) ~[?:1.8.0_332]
	at javax.security.auth.Subject.doAs(Subject.java:422) [?:1.8.0_332]
	at org.apache.hadoop.security.UserGroupInformation.doAs(UserGroupInformation.java:1878) [hadoop-common-3.3.1.jar:?]
	at org.apache.hadoop.ipc.Server$Handler.run(Server.java:2966) [hadoop-common-3.3.1.jar:?]
13:47:18.130 [IPC Server handler 9 on default port 44757] ERROR OMAudit - user=runner | ip=127.0.0.1 | op=GET_FILE_STATUS {volume=volume48632, bucket=bucket32559, key=.Trash, dataSize=0, replicationConfig=null} | ret=FAILURE
org.apache.hadoop.ozone.om.exceptions.OMException: Unable to get file status: volume: volume48632 bucket: bucket32559 key: .Trash
	at org.apache.hadoop.ozone.om.KeyManagerImpl.getOzoneFileStatus(KeyManagerImpl.java:1311) ~[ozone-manager-1.3.0-SNAPSHOT.jar:?]
	at org.apache.hadoop.ozone.om.KeyManagerImpl.getFileStatus(KeyManagerImpl.java:1241) ~[ozone-manager-1.3.0-SNAPSHOT.jar:?]
	at org.apache.hadoop.ozone.om.OzoneManager.getFileStatus(OzoneManager.java:3468) ~[ozone-manager-1.3.0-SNAPSHOT.jar:?]
	at org.apache.hadoop.ozone.protocolPB.OzoneManagerRequestHandler.getOzoneFileStatus(OzoneManagerRequestHandler.java:882) ~[ozone-manager-1.3.0-SNAPSHOT.jar:?]
	at org.apache.hadoop.ozone.protocolPB.OzoneManagerRequestHandler.handleReadRequest(OzoneManagerRequestHandler.java:228) ~[ozone-manager-1.3.0-SNAPSHOT.jar:?]
	at org.apache.hadoop.ozone.protocolPB.OzoneManagerProtocolServerSideTranslatorPB.submitReadRequestToOM(OzoneManagerProtocolServerSideTranslatorPB.java:226) ~[ozone-manager-1.3.0-SNAPSHOT.jar:?]
	at org.apache.hadoop.ozone.protocolPB.OzoneManagerProtocolServerSideTranslatorPB.processRequest(OzoneManagerProtocolServerSideTranslatorPB.java:175) ~[ozone-manager-1.3.0-SNAPSHOT.jar:?]
	at org.apache.hadoop.hdds.server.OzoneProtocolMessageDispatcher.processRequest(OzoneProtocolMessageDispatcher.java:87) [hdds-server-framework-1.3.0-SNAPSHOT.jar:?]
	at org.apache.hadoop.ozone.protocolPB.OzoneManagerProtocolServerSideTranslatorPB.submitRequest(OzoneManagerProtocolServerSideTranslatorPB.java:147) [ozone-manager-1.3.0-SNAPSHOT.jar:?]
	at org.apache.hadoop.ozone.protocol.proto.OzoneManagerProtocolProtos$OzoneManagerService$2.callBlockingMethod(OzoneManagerProtocolProtos.java) [ozone-interface-client-1.3.0-SNAPSHOT.jar:?]
	at org.apache.hadoop.ipc.ProtobufRpcEngine$Server.processCall(ProtobufRpcEngine.java:466) [hadoop-common-3.3.1.jar:?]
	at org.apache.hadoop.ipc.ProtobufRpcEngine2$Server$ProtoBufRpcInvoker.call(ProtobufRpcEngine2.java:574) [hadoop-common-3.3.1.jar:?]
	at org.apache.hadoop.ipc.ProtobufRpcEngine2$Server$ProtoBufRpcInvoker.call(ProtobufRpcEngine2.java:552) [hadoop-common-3.3.1.jar:?]
	at org.apache.hadoop.ipc.RPC$Server.call(RPC.java:1093) [hadoop-common-3.3.1.jar:?]
	at org.apache.hadoop.ipc.Server$RpcCall.run(Server.java:1035) [hadoop-common-3.3.1.jar:?]
	at org.apache.hadoop.ipc.Server$RpcCall.run(Server.java:963) [hadoop-common-3.3.1.jar:?]
	at java.security.AccessController.doPrivileged(Native Method) ~[?:1.8.0_332]
	at javax.security.auth.Subject.doAs(Subject.java:422) [?:1.8.0_332]
	at org.apache.hadoop.security.UserGroupInformation.doAs(UserGroupInformation.java:1878) [hadoop-common-3.3.1.jar:?]
	at org.apache.hadoop.ipc.Server$Handler.run(Server.java:2966) [hadoop-common-3.3.1.jar:?]
13:47:18.138 [IPC Server handler 12 on default port 44757] ERROR OMAudit - user=runner | ip=127.0.0.1 | op=GET_FILE_STATUS {volume=volume71067, bucket=trashroottest2, key=.Trash, dataSize=0, replicationConfig=null} | ret=FAILURE
org.apache.hadoop.ozone.om.exceptions.OMException: Unable to get file status: volume: volume71067 bucket: trashroottest2 key: .Trash
	at org.apache.hadoop.ozone.om.KeyManagerImpl.getOzoneFileStatus(KeyManagerImpl.java:1311) ~[ozone-manager-1.3.0-SNAPSHOT.jar:?]
	at org.apache.hadoop.ozone.om.KeyManagerImpl.getFileStatus(KeyManagerImpl.java:1241) ~[ozone-manager-1.3.0-SNAPSHOT.jar:?]
	at org.apache.hadoop.ozone.om.OzoneManager.getFileStatus(OzoneManager.java:3468) ~[ozone-manager-1.3.0-SNAPSHOT.jar:?]
	at org.apache.hadoop.ozone.protocolPB.OzoneManagerRequestHandler.getOzoneFileStatus(OzoneManagerRequestHandler.java:882) ~[ozone-manager-1.3.0-SNAPSHOT.jar:?]
	at org.apache.hadoop.ozone.protocolPB.OzoneManagerRequestHandler.handleReadRequest(OzoneManagerRequestHandler.java:228) ~[ozone-manager-1.3.0-SNAPSHOT.jar:?]
	at org.apache.hadoop.ozone.protocolPB.OzoneManagerProtocolServerSideTranslatorPB.submitReadRequestToOM(OzoneManagerProtocolServerSideTranslatorPB.java:226) ~[ozone-manager-1.3.0-SNAPSHOT.jar:?]
	at org.apache.hadoop.ozone.protocolPB.OzoneManagerProtocolServerSideTranslatorPB.processRequest(OzoneManagerProtocolServerSideTranslatorPB.java:175) ~[ozone-manager-1.3.0-SNAPSHOT.jar:?]
	at org.apache.hadoop.hdds.server.OzoneProtocolMessageDispatcher.processRequest(OzoneProtocolMessageDispatcher.java:87) [hdds-server-framework-1.3.0-SNAPSHOT.jar:?]
	at org.apache.hadoop.ozone.protocolPB.OzoneManagerProtocolServerSideTranslatorPB.submitRequest(OzoneManagerProtocolServerSideTranslatorPB.java:147) [ozone-manager-1.3.0-SNAPSHOT.jar:?]
	at org.apache.hadoop.ozone.protocol.proto.OzoneManagerProtocolProtos$OzoneManagerService$2.callBlockingMethod(OzoneManagerProtocolProtos.java) [ozone-interface-client-1.3.0-SNAPSHOT.jar:?]
	at org.apache.hadoop.ipc.ProtobufRpcEngine$Server.processCall(ProtobufRpcEngine.java:466) [hadoop-common-3.3.1.jar:?]
	at org.apache.hadoop.ipc.ProtobufRpcEngine2$Server$ProtoBufRpcInvoker.call(ProtobufRpcEngine2.java:574) [hadoop-common-3.3.1.jar:?]
	at org.apache.hadoop.ipc.ProtobufRpcEngine2$Server$ProtoBufRpcInvoker.call(ProtobufRpcEngine2.java:552) [hadoop-common-3.3.1.jar:?]
	at org.apache.hadoop.ipc.RPC$Server.call(RPC.java:1093) [hadoop-common-3.3.1.jar:?]
	at org.apache.hadoop.ipc.Server$RpcCall.run(Server.java:1035) [hadoop-common-3.3.1.jar:?]
	at org.apache.hadoop.ipc.Server$RpcCall.run(Server.java:963) [hadoop-common-3.3.1.jar:?]
	at java.security.AccessController.doPrivileged(Native Method) ~[?:1.8.0_332]
	at javax.security.auth.Subject.doAs(Subject.java:422) [?:1.8.0_332]
	at org.apache.hadoop.security.UserGroupInformation.doAs(UserGroupInformation.java:1878) [hadoop-common-3.3.1.jar:?]
	at org.apache.hadoop.ipc.Server$Handler.run(Server.java:2966) [hadoop-common-3.3.1.jar:?]
13:47:18.152 [IPC Server handler 3 on default port 44757] ERROR OMAudit - user=runner | ip=127.0.0.1 | op=GET_FILE_STATUS {volume=712043e9-72d6-408d-a216-83cb72fa20bb, bucket=f432ddd9-f4be-4143-b4bd-ebe74f5a4acb, key=.Trash/runner, dataSize=0, replicationConfig=null} | ret=FAILURE
org.apache.hadoop.ozone.om.exceptions.OMException: Unable to get file status: volume: 712043e9-72d6-408d-a216-83cb72fa20bb bucket: f432ddd9-f4be-4143-b4bd-ebe74f5a4acb key: .Trash/runner
	at org.apache.hadoop.ozone.om.KeyManagerImpl.getOzoneFileStatus(KeyManagerImpl.java:1311) ~[ozone-manager-1.3.0-SNAPSHOT.jar:?]
	at org.apache.hadoop.ozone.om.KeyManagerImpl.getFileStatus(KeyManagerImpl.java:1241) ~[ozone-manager-1.3.0-SNAPSHOT.jar:?]
	at org.apache.hadoop.ozone.om.OzoneManager.getFileStatus(OzoneManager.java:3468) ~[ozone-manager-1.3.0-SNAPSHOT.jar:?]
	at org.apache.hadoop.ozone.protocolPB.OzoneManagerRequestHandler.getOzoneFileStatus(OzoneManagerRequestHandler.java:882) ~[ozone-manager-1.3.0-SNAPSHOT.jar:?]
	at org.apache.hadoop.ozone.protocolPB.OzoneManagerRequestHandler.handleReadRequest(OzoneManagerRequestHandler.java:228) ~[ozone-manager-1.3.0-SNAPSHOT.jar:?]
	at org.apache.hadoop.ozone.protocolPB.OzoneManagerProtocolServerSideTranslatorPB.submitReadRequestToOM(OzoneManagerProtocolServerSideTranslatorPB.java:226) ~[ozone-manager-1.3.0-SNAPSHOT.jar:?]
	at org.apache.hadoop.ozone.protocolPB.OzoneManagerProtocolServerSideTranslatorPB.processRequest(OzoneManagerProtocolServerSideTranslatorPB.java:175) ~[ozone-manager-1.3.0-SNAPSHOT.jar:?]
	at org.apache.hadoop.hdds.server.OzoneProtocolMessageDispatcher.processRequest(OzoneProtocolMessageDispatcher.java:87) [hdds-server-framework-1.3.0-SNAPSHOT.jar:?]
	at org.apache.hadoop.ozone.protocolPB.OzoneManagerProtocolServerSideTranslatorPB.submitRequest(OzoneManagerProtocolServerSideTranslatorPB.java:147) [ozone-manager-1.3.0-SNAPSHOT.jar:?]
	at org.apache.hadoop.ozone.protocol.proto.OzoneManagerProtocolProtos$OzoneManagerService$2.callBlockingMethod(OzoneManagerProtocolProtos.java) [ozone-interface-client-1.3.0-SNAPSHOT.jar:?]
	at org.apache.hadoop.ipc.ProtobufRpcEngine$Server.processCall(ProtobufRpcEngine.java:466) [hadoop-common-3.3.1.jar:?]
	at org.apache.hadoop.ipc.ProtobufRpcEngine2$Server$ProtoBufRpcInvoker.call(ProtobufRpcEngine2.java:574) [hadoop-common-3.3.1.jar:?]
	at org.apache.hadoop.ipc.ProtobufRpcEngine2$Server$ProtoBufRpcInvoker.call(ProtobufRpcEngine2.java:552) [hadoop-common-3.3.1.jar:?]
	at org.apache.hadoop.ipc.RPC$Server.call(RPC.java:1093) [hadoop-common-3.3.1.jar:?]
	at org.apache.hadoop.ipc.Server$RpcCall.run(Server.java:1035) [hadoop-common-3.3.1.jar:?]
	at org.apache.hadoop.ipc.Server$RpcCall.run(Server.java:963) [hadoop-common-3.3.1.jar:?]
	at java.security.AccessController.doPrivileged(Native Method) ~[?:1.8.0_332]
	at javax.security.auth.Subject.doAs(Subject.java:422) [?:1.8.0_332]
	at org.apache.hadoop.security.UserGroupInformation.doAs(UserGroupInformation.java:1878) [hadoop-common-3.3.1.jar:?]
	at org.apache.hadoop.ipc.Server$Handler.run(Server.java:2966) [hadoop-common-3.3.1.jar:?]
13:47:18.155 [IPC Server handler 17 on default port 44757] ERROR OMAudit - user=runner | ip=127.0.0.1 | op=GET_FILE_STATUS {volume=volume48632, bucket=bucket32559, key=.Trash/runner, dataSize=0, replicationConfig=null} | ret=FAILURE
org.apache.hadoop.ozone.om.exceptions.OMException: Unable to get file status: volume: volume48632 bucket: bucket32559 key: .Trash/runner
	at org.apache.hadoop.ozone.om.KeyManagerImpl.getOzoneFileStatus(KeyManagerImpl.java:1311) ~[ozone-manager-1.3.0-SNAPSHOT.jar:?]
	at org.apache.hadoop.ozone.om.KeyManagerImpl.getFileStatus(KeyManagerImpl.java:1241) ~[ozone-manager-1.3.0-SNAPSHOT.jar:?]
	at org.apache.hadoop.ozone.om.OzoneManager.getFileStatus(OzoneManager.java:3468) ~[ozone-manager-1.3.0-SNAPSHOT.jar:?]
	at org.apache.hadoop.ozone.protocolPB.OzoneManagerRequestHandler.getOzoneFileStatus(OzoneManagerRequestHandler.java:882) ~[ozone-manager-1.3.0-SNAPSHOT.jar:?]
	at org.apache.hadoop.ozone.protocolPB.OzoneManagerRequestHandler.handleReadRequest(OzoneManagerRequestHandler.java:228) ~[ozone-manager-1.3.0-SNAPSHOT.jar:?]
	at org.apache.hadoop.ozone.protocolPB.OzoneManagerProtocolServerSideTranslatorPB.submitReadRequestToOM(OzoneManagerProtocolServerSideTranslatorPB.java:226) ~[ozone-manager-1.3.0-SNAPSHOT.jar:?]
	at org.apache.hadoop.ozone.protocolPB.OzoneManagerProtocolServerSideTranslatorPB.processRequest(OzoneManagerProtocolServerSideTranslatorPB.java:175) ~[ozone-manager-1.3.0-SNAPSHOT.jar:?]
	at org.apache.hadoop.hdds.server.OzoneProtocolMessageDispatcher.processRequest(OzoneProtocolMessageDispatcher.java:87) [hdds-server-framework-1.3.0-SNAPSHOT.jar:?]
	at org.apache.hadoop.ozone.protocolPB.OzoneManagerProtocolServerSideTranslatorPB.submitRequest(OzoneManagerProtocolServerSideTranslatorPB.java:147) [ozone-manager-1.3.0-SNAPSHOT.jar:?]
	at org.apache.hadoop.ozone.protocol.proto.OzoneManagerProtocolProtos$OzoneManagerService$2.callBlockingMethod(OzoneManagerProtocolProtos.java) [ozone-interface-client-1.3.0-SNAPSHOT.jar:?]
	at org.apache.hadoop.ipc.ProtobufRpcEngine$Server.processCall(ProtobufRpcEngine.java:466) [hadoop-common-3.3.1.jar:?]
	at org.apache.hadoop.ipc.ProtobufRpcEngine2$Server$ProtoBufRpcInvoker.call(ProtobufRpcEngine2.java:574) [hadoop-common-3.3.1.jar:?]
	at org.apache.hadoop.ipc.ProtobufRpcEngine2$Server$ProtoBufRpcInvoker.call(ProtobufRpcEngine2.java:552) [hadoop-common-3.3.1.jar:?]
	at org.apache.hadoop.ipc.RPC$Server.call(RPC.java:1093) [hadoop-common-3.3.1.jar:?]
	at org.apache.hadoop.ipc.Server$RpcCall.run(Server.java:1035) [hadoop-common-3.3.1.jar:?]
	at org.apache.hadoop.ipc.Server$RpcCall.run(Server.java:963) [hadoop-common-3.3.1.jar:?]
	at java.security.AccessController.doPrivileged(Native Method) ~[?:1.8.0_332]
	at javax.security.auth.Subject.doAs(Subject.java:422) [?:1.8.0_332]
	at org.apache.hadoop.security.UserGroupInformation.doAs(UserGroupInformation.java:1878) [hadoop-common-3.3.1.jar:?]
	at org.apache.hadoop.ipc.Server$Handler.run(Server.java:2966) [hadoop-common-3.3.1.jar:?]
13:47:18.162 [IPC Server handler 5 on default port 44757] ERROR OMAudit - user=runner | ip=127.0.0.1 | op=GET_FILE_STATUS {volume=volume71067, bucket=trashroottest2, key=.Trash/runner, dataSize=0, replicationConfig=null} | ret=FAILURE
org.apache.hadoop.ozone.om.exceptions.OMException: Unable to get file status: volume: volume71067 bucket: trashroottest2 key: .Trash/runner
	at org.apache.hadoop.ozone.om.KeyManagerImpl.getOzoneFileStatus(KeyManagerImpl.java:1311) ~[ozone-manager-1.3.0-SNAPSHOT.jar:?]
	at org.apache.hadoop.ozone.om.KeyManagerImpl.getFileStatus(KeyManagerImpl.java:1241) ~[ozone-manager-1.3.0-SNAPSHOT.jar:?]
	at org.apache.hadoop.ozone.om.OzoneManager.getFileStatus(OzoneManager.java:3468) ~[ozone-manager-1.3.0-SNAPSHOT.jar:?]
	at org.apache.hadoop.ozone.protocolPB.OzoneManagerRequestHandler.getOzoneFileStatus(OzoneManagerRequestHandler.java:882) ~[ozone-manager-1.3.0-SNAPSHOT.jar:?]
	at org.apache.hadoop.ozone.protocolPB.OzoneManagerRequestHandler.handleReadRequest(OzoneManagerRequestHandler.java:228) ~[ozone-manager-1.3.0-SNAPSHOT.jar:?]
	at org.apache.hadoop.ozone.protocolPB.OzoneManagerProtocolServerSideTranslatorPB.submitReadRequestToOM(OzoneManagerProtocolServerSideTranslatorPB.java:226) ~[ozone-manager-1.3.0-SNAPSHOT.jar:?]
	at org.apache.hadoop.ozone.protocolPB.OzoneManagerProtocolServerSideTranslatorPB.processRequest(OzoneManagerProtocolServerSideTranslatorPB.java:175) ~[ozone-manager-1.3.0-SNAPSHOT.jar:?]
	at org.apache.hadoop.hdds.server.OzoneProtocolMessageDispatcher.processRequest(OzoneProtocolMessageDispatcher.java:87) [hdds-server-framework-1.3.0-SNAPSHOT.jar:?]
	at org.apache.hadoop.ozone.protocolPB.OzoneManagerProtocolServerSideTranslatorPB.submitRequest(OzoneManagerProtocolServerSideTranslatorPB.java:147) [ozone-manager-1.3.0-SNAPSHOT.jar:?]
	at org.apache.hadoop.ozone.protocol.proto.OzoneManagerProtocolProtos$OzoneManagerService$2.callBlockingMethod(OzoneManagerProtocolProtos.java) [ozone-interface-client-1.3.0-SNAPSHOT.jar:?]
	at org.apache.hadoop.ipc.ProtobufRpcEngine$Server.processCall(ProtobufRpcEngine.java:466) [hadoop-common-3.3.1.jar:?]
	at org.apache.hadoop.ipc.ProtobufRpcEngine2$Server$ProtoBufRpcInvoker.call(ProtobufRpcEngine2.java:574) [hadoop-common-3.3.1.jar:?]
	at org.apache.hadoop.ipc.ProtobufRpcEngine2$Server$ProtoBufRpcInvoker.call(ProtobufRpcEngine2.java:552) [hadoop-common-3.3.1.jar:?]
	at org.apache.hadoop.ipc.RPC$Server.call(RPC.java:1093) [hadoop-common-3.3.1.jar:?]
	at org.apache.hadoop.ipc.Server$RpcCall.run(Server.java:1035) [hadoop-common-3.3.1.jar:?]
	at org.apache.hadoop.ipc.Server$RpcCall.run(Server.java:963) [hadoop-common-3.3.1.jar:?]
	at java.security.AccessController.doPrivileged(Native Method) ~[?:1.8.0_332]
	at javax.security.auth.Subject.doAs(Subject.java:422) [?:1.8.0_332]
	at org.apache.hadoop.security.UserGroupInformation.doAs(UserGroupInformation.java:1878) [hadoop-common-3.3.1.jar:?]
	at org.apache.hadoop.ipc.Server$Handler.run(Server.java:2966) [hadoop-common-3.3.1.jar:?]
13:47:18.165 [IPC Server handler 2 on default port 44757] ERROR OMAudit - user=runner | ip=127.0.0.1 | op=GET_FILE_STATUS {volume=712043e9-72d6-408d-a216-83cb72fa20bb, bucket=f432ddd9-f4be-4143-b4bd-ebe74f5a4acb, key=.Trash, dataSize=0, replicationConfig=null} | ret=FAILURE
org.apache.hadoop.ozone.om.exceptions.OMException: Unable to get file status: volume: 712043e9-72d6-408d-a216-83cb72fa20bb bucket: f432ddd9-f4be-4143-b4bd-ebe74f5a4acb key: .Trash
	at org.apache.hadoop.ozone.om.KeyManagerImpl.getOzoneFileStatus(KeyManagerImpl.java:1311) ~[ozone-manager-1.3.0-SNAPSHOT.jar:?]
	at org.apache.hadoop.ozone.om.KeyManagerImpl.getFileStatus(KeyManagerImpl.java:1241) ~[ozone-manager-1.3.0-SNAPSHOT.jar:?]
	at org.apache.hadoop.ozone.om.OzoneManager.getFileStatus(OzoneManager.java:3468) ~[ozone-manager-1.3.0-SNAPSHOT.jar:?]
	at org.apache.hadoop.ozone.protocolPB.OzoneManagerRequestHandler.getOzoneFileStatus(OzoneManagerRequestHandler.java:882) ~[ozone-manager-1.3.0-SNAPSHOT.jar:?]
	at org.apache.hadoop.ozone.protocolPB.OzoneManagerRequestHandler.handleReadRequest(OzoneManagerRequestHandler.java:228) ~[ozone-manager-1.3.0-SNAPSHOT.jar:?]
	at org.apache.hadoop.ozone.protocolPB.OzoneManagerProtocolServerSideTranslatorPB.submitReadRequestToOM(OzoneManagerProtocolServerSideTranslatorPB.java:226) ~[ozone-manager-1.3.0-SNAPSHOT.jar:?]
	at org.apache.hadoop.ozone.protocolPB.OzoneManagerProtocolServerSideTranslatorPB.processRequest(OzoneManagerProtocolServerSideTranslatorPB.java:175) ~[ozone-manager-1.3.0-SNAPSHOT.jar:?]
	at org.apache.hadoop.hdds.server.OzoneProtocolMessageDispatcher.processRequest(OzoneProtocolMessageDispatcher.java:87) [hdds-server-framework-1.3.0-SNAPSHOT.jar:?]
	at org.apache.hadoop.ozone.protocolPB.OzoneManagerProtocolServerSideTranslatorPB.submitRequest(OzoneManagerProtocolServerSideTranslatorPB.java:147) [ozone-manager-1.3.0-SNAPSHOT.jar:?]
	at org.apache.hadoop.ozone.protocol.proto.OzoneManagerProtocolProtos$OzoneManagerService$2.callBlockingMethod(OzoneManagerProtocolProtos.java) [ozone-interface-client-1.3.0-SNAPSHOT.jar:?]
	at org.apache.hadoop.ipc.ProtobufRpcEngine$Server.processCall(ProtobufRpcEngine.java:466) [hadoop-common-3.3.1.jar:?]
	at org.apache.hadoop.ipc.ProtobufRpcEngine2$Server$ProtoBufRpcInvoker.call(ProtobufRpcEngine2.java:574) [hadoop-common-3.3.1.jar:?]
	at org.apache.hadoop.ipc.ProtobufRpcEngine2$Server$ProtoBufRpcInvoker.call(ProtobufRpcEngine2.java:552) [hadoop-common-3.3.1.jar:?]
	at org.apache.hadoop.ipc.RPC$Server.call(RPC.java:1093) [hadoop-common-3.3.1.jar:?]
	at org.apache.hadoop.ipc.Server$RpcCall.run(Server.java:1035) [hadoop-common-3.3.1.jar:?]
	at org.apache.hadoop.ipc.Server$RpcCall.run(Server.java:963) [hadoop-common-3.3.1.jar:?]
	at java.security.AccessController.doPrivileged(Native Method) ~[?:1.8.0_332]
	at javax.security.auth.Subject.doAs(Subject.java:422) [?:1.8.0_332]
	at org.apache.hadoop.security.UserGroupInformation.doAs(UserGroupInformation.java:1878) [hadoop-common-3.3.1.jar:?]
	at org.apache.hadoop.ipc.Server$Handler.run(Server.java:2966) [hadoop-common-3.3.1.jar:?]
13:47:18.170 [IPC Server handler 1 on default port 44757] ERROR OMAudit - user=runner | ip=127.0.0.1 | op=GET_FILE_STATUS {volume=volume48632, bucket=bucket32559, key=.Trash, dataSize=0, replicationConfig=null} | ret=FAILURE
org.apache.hadoop.ozone.om.exceptions.OMException: Unable to get file status: volume: volume48632 bucket: bucket32559 key: .Trash
	at org.apache.hadoop.ozone.om.KeyManagerImpl.getOzoneFileStatus(KeyManagerImpl.java:1311) ~[ozone-manager-1.3.0-SNAPSHOT.jar:?]
	at org.apache.hadoop.ozone.om.KeyManagerImpl.getFileStatus(KeyManagerImpl.java:1241) ~[ozone-manager-1.3.0-SNAPSHOT.jar:?]
	at org.apache.hadoop.ozone.om.OzoneManager.getFileStatus(OzoneManager.java:3468) ~[ozone-manager-1.3.0-SNAPSHOT.jar:?]
	at org.apache.hadoop.ozone.protocolPB.OzoneManagerRequestHandler.getOzoneFileStatus(OzoneManagerRequestHandler.java:882) ~[ozone-manager-1.3.0-SNAPSHOT.jar:?]
	at org.apache.hadoop.ozone.protocolPB.OzoneManagerRequestHandler.handleReadRequest(OzoneManagerRequestHandler.java:228) ~[ozone-manager-1.3.0-SNAPSHOT.jar:?]
	at org.apache.hadoop.ozone.protocolPB.OzoneManagerProtocolServerSideTranslatorPB.submitReadRequestToOM(OzoneManagerProtocolServerSideTranslatorPB.java:226) ~[ozone-manager-1.3.0-SNAPSHOT.jar:?]
	at org.apache.hadoop.ozone.protocolPB.OzoneManagerProtocolServerSideTranslatorPB.processRequest(OzoneManagerProtocolServerSideTranslatorPB.java:175) ~[ozone-manager-1.3.0-SNAPSHOT.jar:?]
	at org.apache.hadoop.hdds.server.OzoneProtocolMessageDispatcher.processRequest(OzoneProtocolMessageDispatcher.java:87) [hdds-server-framework-1.3.0-SNAPSHOT.jar:?]
	at org.apache.hadoop.ozone.protocolPB.OzoneManagerProtocolServerSideTranslatorPB.submitRequest(OzoneManagerProtocolServerSideTranslatorPB.java:147) [ozone-manager-1.3.0-SNAPSHOT.jar:?]
	at org.apache.hadoop.ozone.protocol.proto.OzoneManagerProtocolProtos$OzoneManagerService$2.callBlockingMethod(OzoneManagerProtocolProtos.java) [ozone-interface-client-1.3.0-SNAPSHOT.jar:?]
	at org.apache.hadoop.ipc.ProtobufRpcEngine$Server.processCall(ProtobufRpcEngine.java:466) [hadoop-common-3.3.1.jar:?]
	at org.apache.hadoop.ipc.ProtobufRpcEngine2$Server$ProtoBufRpcInvoker.call(ProtobufRpcEngine2.java:574) [hadoop-common-3.3.1.jar:?]
	at org.apache.hadoop.ipc.ProtobufRpcEngine2$Server$ProtoBufRpcInvoker.call(ProtobufRpcEngine2.java:552) [hadoop-common-3.3.1.jar:?]
	at org.apache.hadoop.ipc.RPC$Server.call(RPC.java:1093) [hadoop-common-3.3.1.jar:?]
	at org.apache.hadoop.ipc.Server$RpcCall.run(Server.java:1035) [hadoop-common-3.3.1.jar:?]
	at org.apache.hadoop.ipc.Server$RpcCall.run(Server.java:963) [hadoop-common-3.3.1.jar:?]
	at java.security.AccessController.doPrivileged(Native Method) ~[?:1.8.0_332]
	at javax.security.auth.Subject.doAs(Subject.java:422) [?:1.8.0_332]
	at org.apache.hadoop.security.UserGroupInformation.doAs(UserGroupInformation.java:1878) [hadoop-common-3.3.1.jar:?]
	at org.apache.hadoop.ipc.Server$Handler.run(Server.java:2966) [hadoop-common-3.3.1.jar:?]
13:47:18.180 [IPC Server handler 8 on default port 44757] ERROR OMAudit - user=runner | ip=127.0.0.1 | op=GET_FILE_STATUS {volume=volume71067, bucket=trashroottest2, key=.Trash, dataSize=0, replicationConfig=null} | ret=FAILURE
org.apache.hadoop.ozone.om.exceptions.OMException: Unable to get file status: volume: volume71067 bucket: trashroottest2 key: .Trash
	at org.apache.hadoop.ozone.om.KeyManagerImpl.getOzoneFileStatus(KeyManagerImpl.java:1311) ~[ozone-manager-1.3.0-SNAPSHOT.jar:?]
	at org.apache.hadoop.ozone.om.KeyManagerImpl.getFileStatus(KeyManagerImpl.java:1241) ~[ozone-manager-1.3.0-SNAPSHOT.jar:?]
	at org.apache.hadoop.ozone.om.OzoneManager.getFileStatus(OzoneManager.java:3468) ~[ozone-manager-1.3.0-SNAPSHOT.jar:?]
	at org.apache.hadoop.ozone.protocolPB.OzoneManagerRequestHandler.getOzoneFileStatus(OzoneManagerRequestHandler.java:882) ~[ozone-manager-1.3.0-SNAPSHOT.jar:?]
	at org.apache.hadoop.ozone.protocolPB.OzoneManagerRequestHandler.handleReadRequest(OzoneManagerRequestHandler.java:228) ~[ozone-manager-1.3.0-SNAPSHOT.jar:?]
	at org.apache.hadoop.ozone.protocolPB.OzoneManagerProtocolServerSideTranslatorPB.submitReadRequestToOM(OzoneManagerProtocolServerSideTranslatorPB.java:226) ~[ozone-manager-1.3.0-SNAPSHOT.jar:?]
	at org.apache.hadoop.ozone.protocolPB.OzoneManagerProtocolServerSideTranslatorPB.processRequest(OzoneManagerProtocolServerSideTranslatorPB.java:175) ~[ozone-manager-1.3.0-SNAPSHOT.jar:?]
	at org.apache.hadoop.hdds.server.OzoneProtocolMessageDispatcher.processRequest(OzoneProtocolMessageDispatcher.java:87) [hdds-server-framework-1.3.0-SNAPSHOT.jar:?]
	at org.apache.hadoop.ozone.protocolPB.OzoneManagerProtocolServerSideTranslatorPB.submitRequest(OzoneManagerProtocolServerSideTranslatorPB.java:147) [ozone-manager-1.3.0-SNAPSHOT.jar:?]
	at org.apache.hadoop.ozone.protocol.proto.OzoneManagerProtocolProtos$OzoneManagerService$2.callBlockingMethod(OzoneManagerProtocolProtos.java) [ozone-interface-client-1.3.0-SNAPSHOT.jar:?]
	at org.apache.hadoop.ipc.ProtobufRpcEngine$Server.processCall(ProtobufRpcEngine.java:466) [hadoop-common-3.3.1.jar:?]
	at org.apache.hadoop.ipc.ProtobufRpcEngine2$Server$ProtoBufRpcInvoker.call(ProtobufRpcEngine2.java:574) [hadoop-common-3.3.1.jar:?]
	at org.apache.hadoop.ipc.ProtobufRpcEngine2$Server$ProtoBufRpcInvoker.call(ProtobufRpcEngine2.java:552) [hadoop-common-3.3.1.jar:?]
	at org.apache.hadoop.ipc.RPC$Server.call(RPC.java:1093) [hadoop-common-3.3.1.jar:?]
	at org.apache.hadoop.ipc.Server$RpcCall.run(Server.java:1035) [hadoop-common-3.3.1.jar:?]
	at org.apache.hadoop.ipc.Server$RpcCall.run(Server.java:963) [hadoop-common-3.3.1.jar:?]
	at java.security.AccessController.doPrivileged(Native Method) ~[?:1.8.0_332]
	at javax.security.auth.Subject.doAs(Subject.java:422) [?:1.8.0_332]
	at org.apache.hadoop.security.UserGroupInformation.doAs(UserGroupInformation.java:1878) [hadoop-common-3.3.1.jar:?]
	at org.apache.hadoop.ipc.Server$Handler.run(Server.java:2966) [hadoop-common-3.3.1.jar:?]
13:47:18.211 [IPC Server handler 16 on default port 44757] ERROR OMAudit - user=runner | ip=127.0.0.1 | op=GET_FILE_STATUS {volume=712043e9-72d6-408d-a216-83cb72fa20bb, bucket=f432ddd9-f4be-4143-b4bd-ebe74f5a4acb, key=.Trash/runner, dataSize=0, replicationConfig=null} | ret=FAILURE
org.apache.hadoop.ozone.om.exceptions.OMException: Unable to get file status: volume: 712043e9-72d6-408d-a216-83cb72fa20bb bucket: f432ddd9-f4be-4143-b4bd-ebe74f5a4acb key: .Trash/runner
	at org.apache.hadoop.ozone.om.KeyManagerImpl.getOzoneFileStatus(KeyManagerImpl.java:1311) ~[ozone-manager-1.3.0-SNAPSHOT.jar:?]
	at org.apache.hadoop.ozone.om.KeyManagerImpl.getFileStatus(KeyManagerImpl.java:1241) ~[ozone-manager-1.3.0-SNAPSHOT.jar:?]
	at org.apache.hadoop.ozone.om.OzoneManager.getFileStatus(OzoneManager.java:3468) ~[ozone-manager-1.3.0-SNAPSHOT.jar:?]
	at org.apache.hadoop.ozone.protocolPB.OzoneManagerRequestHandler.getOzoneFileStatus(OzoneManagerRequestHandler.java:882) ~[ozone-manager-1.3.0-SNAPSHOT.jar:?]
	at org.apache.hadoop.ozone.protocolPB.OzoneManagerRequestHandler.handleReadRequest(OzoneManagerRequestHandler.java:228) ~[ozone-manager-1.3.0-SNAPSHOT.jar:?]
	at org.apache.hadoop.ozone.protocolPB.OzoneManagerProtocolServerSideTranslatorPB.submitReadRequestToOM(OzoneManagerProtocolServerSideTranslatorPB.java:226) ~[ozone-manager-1.3.0-SNAPSHOT.jar:?]
	at org.apache.hadoop.ozone.protocolPB.OzoneManagerProtocolServerSideTranslatorPB.processRequest(OzoneManagerProtocolServerSideTranslatorPB.java:175) ~[ozone-manager-1.3.0-SNAPSHOT.jar:?]
	at org.apache.hadoop.hdds.server.OzoneProtocolMessageDispatcher.processRequest(OzoneProtocolMessageDispatcher.java:87) [hdds-server-framework-1.3.0-SNAPSHOT.jar:?]
	at org.apache.hadoop.ozone.protocolPB.OzoneManagerProtocolServerSideTranslatorPB.submitRequest(OzoneManagerProtocolServerSideTranslatorPB.java:147) [ozone-manager-1.3.0-SNAPSHOT.jar:?]
	at org.apache.hadoop.ozone.protocol.proto.OzoneManagerProtocolProtos$OzoneManagerService$2.callBlockingMethod(OzoneManagerProtocolProtos.java) [ozone-interface-client-1.3.0-SNAPSHOT.jar:?]
	at org.apache.hadoop.ipc.ProtobufRpcEngine$Server.processCall(ProtobufRpcEngine.java:466) [hadoop-common-3.3.1.jar:?]
	at org.apache.hadoop.ipc.ProtobufRpcEngine2$Server$ProtoBufRpcInvoker.call(ProtobufRpcEngine2.java:574) [hadoop-common-3.3.1.jar:?]
	at org.apache.hadoop.ipc.ProtobufRpcEngine2$Server$ProtoBufRpcInvoker.call(ProtobufRpcEngine2.java:552) [hadoop-common-3.3.1.jar:?]
	at org.apache.hadoop.ipc.RPC$Server.call(RPC.java:1093) [hadoop-common-3.3.1.jar:?]
	at org.apache.hadoop.ipc.Server$RpcCall.run(Server.java:1035) [hadoop-common-3.3.1.jar:?]
	at org.apache.hadoop.ipc.Server$RpcCall.run(Server.java:963) [hadoop-common-3.3.1.jar:?]
	at java.security.AccessController.doPrivileged(Native Method) ~[?:1.8.0_332]
	at javax.security.auth.Subject.doAs(Subject.java:422) [?:1.8.0_332]
	at org.apache.hadoop.security.UserGroupInformation.doAs(UserGroupInformation.java:1878) [hadoop-common-3.3.1.jar:?]
	at org.apache.hadoop.ipc.Server$Handler.run(Server.java:2966) [hadoop-common-3.3.1.jar:?]
13:47:18.215 [IPC Server handler 12 on default port 44757] ERROR OMAudit - user=runner | ip=127.0.0.1 | op=GET_FILE_STATUS {volume=volume71067, bucket=bucket60516, key=.Trash/runner, dataSize=0, replicationConfig=null} | ret=FAILURE
org.apache.hadoop.ozone.om.exceptions.OMException: Unable to get file status: volume: volume71067 bucket: bucket60516 key: .Trash/runner
	at org.apache.hadoop.ozone.om.KeyManagerImpl.getOzoneFileStatus(KeyManagerImpl.java:1311) ~[ozone-manager-1.3.0-SNAPSHOT.jar:?]
	at org.apache.hadoop.ozone.om.KeyManagerImpl.getFileStatus(KeyManagerImpl.java:1241) ~[ozone-manager-1.3.0-SNAPSHOT.jar:?]
	at org.apache.hadoop.ozone.om.OzoneManager.getFileStatus(OzoneManager.java:3468) ~[ozone-manager-1.3.0-SNAPSHOT.jar:?]
	at org.apache.hadoop.ozone.protocolPB.OzoneManagerRequestHandler.getOzoneFileStatus(OzoneManagerRequestHandler.java:882) ~[ozone-manager-1.3.0-SNAPSHOT.jar:?]
	at org.apache.hadoop.ozone.protocolPB.OzoneManagerRequestHandler.handleReadRequest(OzoneManagerRequestHandler.java:228) ~[ozone-manager-1.3.0-SNAPSHOT.jar:?]
	at org.apache.hadoop.ozone.protocolPB.OzoneManagerProtocolServerSideTranslatorPB.submitReadRequestToOM(OzoneManagerProtocolServerSideTranslatorPB.java:226) ~[ozone-manager-1.3.0-SNAPSHOT.jar:?]
	at org.apache.hadoop.ozone.protocolPB.OzoneManagerProtocolServerSideTranslatorPB.processRequest(OzoneManagerProtocolServerSideTranslatorPB.java:175) ~[ozone-manager-1.3.0-SNAPSHOT.jar:?]
	at org.apache.hadoop.hdds.server.OzoneProtocolMessageDispatcher.processRequest(OzoneProtocolMessageDispatcher.java:87) [hdds-server-framework-1.3.0-SNAPSHOT.jar:?]
	at org.apache.hadoop.ozone.protocolPB.OzoneManagerProtocolServerSideTranslatorPB.submitRequest(OzoneManagerProtocolServerSideTranslatorPB.java:147) [ozone-manager-1.3.0-SNAPSHOT.jar:?]
	at org.apache.hadoop.ozone.protocol.proto.OzoneManagerProtocolProtos$OzoneManagerService$2.callBlockingMethod(OzoneManagerProtocolProtos.java) [ozone-interface-client-1.3.0-SNAPSHOT.jar:?]
	at org.apache.hadoop.ipc.ProtobufRpcEngine$Server.processCall(ProtobufRpcEngine.java:466) [hadoop-common-3.3.1.jar:?]
	at org.apache.hadoop.ipc.ProtobufRpcEngine2$Server$ProtoBufRpcInvoker.call(ProtobufRpcEngine2.java:574) [hadoop-common-3.3.1.jar:?]
	at org.apache.hadoop.ipc.ProtobufRpcEngine2$Server$ProtoBufRpcInvoker.call(ProtobufRpcEngine2.java:552) [hadoop-common-3.3.1.jar:?]
	at org.apache.hadoop.ipc.RPC$Server.call(RPC.java:1093) [hadoop-common-3.3.1.jar:?]
	at org.apache.hadoop.ipc.Server$RpcCall.run(Server.java:1035) [hadoop-common-3.3.1.jar:?]
	at org.apache.hadoop.ipc.Server$RpcCall.run(Server.java:963) [hadoop-common-3.3.1.jar:?]
	at java.security.AccessController.doPrivileged(Native Method) ~[?:1.8.0_332]
	at javax.security.auth.Subject.doAs(Subject.java:422) [?:1.8.0_332]
	at org.apache.hadoop.security.UserGroupInformation.doAs(UserGroupInformation.java:1878) [hadoop-common-3.3.1.jar:?]
	at org.apache.hadoop.ipc.Server$Handler.run(Server.java:2966) [hadoop-common-3.3.1.jar:?]
13:47:18.221 [IPC Server handler 15 on default port 44757] ERROR OMAudit - user=runner | ip=127.0.0.1 | op=GET_FILE_STATUS {volume=712043e9-72d6-408d-a216-83cb72fa20bb, bucket=f432ddd9-f4be-4143-b4bd-ebe74f5a4acb, key=.Trash, dataSize=0, replicationConfig=null} | ret=FAILURE
org.apache.hadoop.ozone.om.exceptions.OMException: Unable to get file status: volume: 712043e9-72d6-408d-a216-83cb72fa20bb bucket: f432ddd9-f4be-4143-b4bd-ebe74f5a4acb key: .Trash
	at org.apache.hadoop.ozone.om.KeyManagerImpl.getOzoneFileStatus(KeyManagerImpl.java:1311) ~[ozone-manager-1.3.0-SNAPSHOT.jar:?]
	at org.apache.hadoop.ozone.om.KeyManagerImpl.getFileStatus(KeyManagerImpl.java:1241) ~[ozone-manager-1.3.0-SNAPSHOT.jar:?]
	at org.apache.hadoop.ozone.om.OzoneManager.getFileStatus(OzoneManager.java:3468) ~[ozone-manager-1.3.0-SNAPSHOT.jar:?]
	at org.apache.hadoop.ozone.protocolPB.OzoneManagerRequestHandler.getOzoneFileStatus(OzoneManagerRequestHandler.java:882) ~[ozone-manager-1.3.0-SNAPSHOT.jar:?]
	at org.apache.hadoop.ozone.protocolPB.OzoneManagerRequestHandler.handleReadRequest(OzoneManagerRequestHandler.java:228) ~[ozone-manager-1.3.0-SNAPSHOT.jar:?]
	at org.apache.hadoop.ozone.protocolPB.OzoneManagerProtocolServerSideTranslatorPB.submitReadRequestToOM(OzoneManagerProtocolServerSideTranslatorPB.java:226) ~[ozone-manager-1.3.0-SNAPSHOT.jar:?]
	at org.apache.hadoop.ozone.protocolPB.OzoneManagerProtocolServerSideTranslatorPB.processRequest(OzoneManagerProtocolServerSideTranslatorPB.java:175) ~[ozone-manager-1.3.0-SNAPSHOT.jar:?]
	at org.apache.hadoop.hdds.server.OzoneProtocolMessageDispatcher.processRequest(OzoneProtocolMessageDispatcher.java:87) [hdds-server-framework-1.3.0-SNAPSHOT.jar:?]
	at org.apache.hadoop.ozone.protocolPB.OzoneManagerProtocolServerSideTranslatorPB.submitRequest(OzoneManagerProtocolServerSideTranslatorPB.java:147) [ozone-manager-1.3.0-SNAPSHOT.jar:?]
	at org.apache.hadoop.ozone.protocol.proto.OzoneManagerProtocolProtos$OzoneManagerService$2.callBlockingMethod(OzoneManagerProtocolProtos.java) [ozone-interface-client-1.3.0-SNAPSHOT.jar:?]
	at org.apache.hadoop.ipc.ProtobufRpcEngine$Server.processCall(ProtobufRpcEngine.java:466) [hadoop-common-3.3.1.jar:?]
	at org.apache.hadoop.ipc.ProtobufRpcEngine2$Server$ProtoBufRpcInvoker.call(ProtobufRpcEngine2.java:574) [hadoop-common-3.3.1.jar:?]
	at org.apache.hadoop.ipc.ProtobufRpcEngine2$Server$ProtoBufRpcInvoker.call(ProtobufRpcEngine2.java:552) [hadoop-common-3.3.1.jar:?]
	at org.apache.hadoop.ipc.RPC$Server.call(RPC.java:1093) [hadoop-common-3.3.1.jar:?]
	at org.apache.hadoop.ipc.Server$RpcCall.run(Server.java:1035) [hadoop-common-3.3.1.jar:?]
	at org.apache.hadoop.ipc.Server$RpcCall.run(Server.java:963) [hadoop-common-3.3.1.jar:?]
	at java.security.AccessController.doPrivileged(Native Method) ~[?:1.8.0_332]
	at javax.security.auth.Subject.doAs(Subject.java:422) [?:1.8.0_332]
	at org.apache.hadoop.security.UserGroupInformation.doAs(UserGroupInformation.java:1878) [hadoop-common-3.3.1.jar:?]
	at org.apache.hadoop.ipc.Server$Handler.run(Server.java:2966) [hadoop-common-3.3.1.jar:?]
]]></system-out>
  </testcase>
  <testcase name="testGetTrashRoots" classname="TestRootedOzoneFileSystem" time="0.65">
    <system-out><![CDATA[2022-08-09 13:48:22,940 [Time-limited test] INFO  rpc.RpcClient (RpcClient.java:createVolume(468)) - Creating Volume: volume31329, with user40060 as owner and space quota set to -1 bytes, counts quota set to -1
2022-08-09 13:48:22,945 [OM StateMachine ApplyTransaction Thread - 0] INFO  volume.OMVolumeCreateRequest (OMVolumeCreateRequest.java:validateAndUpdateCache(195)) - created volume:volume31329 for user:user40060
2022-08-09 13:48:22,946 [Time-limited test] INFO  rpc.RpcClient (RpcClient.java:createBucket(671)) - Creating Bucket: volume31329/bucket53293, with bucket layout LEGACY, runner as owner, Versioning false, Storage Type set to DISK and Encryption set to false 
2022-08-09 13:48:22,947 [OM StateMachine ApplyTransaction Thread - 0] INFO  bucket.OMBucketCreateRequest (OMBucketCreateRequest.java:validateAndUpdateCache(260)) - created bucket: bucket53293 of layout LEGACY in volume: volume31329
13:48:22.951 [IPC Server handler 19 on default port 34619] ERROR OMAudit - user=runner | ip=127.0.0.1 | op=GET_FILE_STATUS {volume=volume31329, bucket=bucket53293, key=.Trash/runner, dataSize=0, replicationConfig=null} | ret=FAILURE
org.apache.hadoop.ozone.om.exceptions.OMException: Unable to get file status: volume: volume31329 bucket: bucket53293 key: .Trash/runner
	at org.apache.hadoop.ozone.om.KeyManagerImpl.getOzoneFileStatus(KeyManagerImpl.java:1311) ~[ozone-manager-1.3.0-SNAPSHOT.jar:?]
	at org.apache.hadoop.ozone.om.KeyManagerImpl.getFileStatus(KeyManagerImpl.java:1241) ~[ozone-manager-1.3.0-SNAPSHOT.jar:?]
	at org.apache.hadoop.ozone.om.OzoneManager.getFileStatus(OzoneManager.java:3468) ~[ozone-manager-1.3.0-SNAPSHOT.jar:?]
	at org.apache.hadoop.ozone.protocolPB.OzoneManagerRequestHandler.getOzoneFileStatus(OzoneManagerRequestHandler.java:882) ~[ozone-manager-1.3.0-SNAPSHOT.jar:?]
	at org.apache.hadoop.ozone.protocolPB.OzoneManagerRequestHandler.handleReadRequest(OzoneManagerRequestHandler.java:228) ~[ozone-manager-1.3.0-SNAPSHOT.jar:?]
	at org.apache.hadoop.ozone.protocolPB.OzoneManagerProtocolServerSideTranslatorPB.submitReadRequestToOM(OzoneManagerProtocolServerSideTranslatorPB.java:226) ~[ozone-manager-1.3.0-SNAPSHOT.jar:?]
	at org.apache.hadoop.ozone.protocolPB.OzoneManagerProtocolServerSideTranslatorPB.processRequest(OzoneManagerProtocolServerSideTranslatorPB.java:175) ~[ozone-manager-1.3.0-SNAPSHOT.jar:?]
	at org.apache.hadoop.hdds.server.OzoneProtocolMessageDispatcher.processRequest(OzoneProtocolMessageDispatcher.java:87) [hdds-server-framework-1.3.0-SNAPSHOT.jar:?]
	at org.apache.hadoop.ozone.protocolPB.OzoneManagerProtocolServerSideTranslatorPB.submitRequest(OzoneManagerProtocolServerSideTranslatorPB.java:147) [ozone-manager-1.3.0-SNAPSHOT.jar:?]
	at org.apache.hadoop.ozone.protocol.proto.OzoneManagerProtocolProtos$OzoneManagerService$2.callBlockingMethod(OzoneManagerProtocolProtos.java) [ozone-interface-client-1.3.0-SNAPSHOT.jar:?]
	at org.apache.hadoop.ipc.ProtobufRpcEngine$Server.processCall(ProtobufRpcEngine.java:466) [hadoop-common-3.3.1.jar:?]
	at org.apache.hadoop.ipc.ProtobufRpcEngine2$Server$ProtoBufRpcInvoker.call(ProtobufRpcEngine2.java:574) [hadoop-common-3.3.1.jar:?]
	at org.apache.hadoop.ipc.ProtobufRpcEngine2$Server$ProtoBufRpcInvoker.call(ProtobufRpcEngine2.java:552) [hadoop-common-3.3.1.jar:?]
	at org.apache.hadoop.ipc.RPC$Server.call(RPC.java:1093) [hadoop-common-3.3.1.jar:?]
	at org.apache.hadoop.ipc.Server$RpcCall.run(Server.java:1035) [hadoop-common-3.3.1.jar:?]
	at org.apache.hadoop.ipc.Server$RpcCall.run(Server.java:963) [hadoop-common-3.3.1.jar:?]
	at java.security.AccessController.doPrivileged(Native Method) ~[?:1.8.0_332]
	at javax.security.auth.Subject.doAs(Subject.java:422) [?:1.8.0_332]
	at org.apache.hadoop.security.UserGroupInformation.doAs(UserGroupInformation.java:1878) [hadoop-common-3.3.1.jar:?]
	at org.apache.hadoop.ipc.Server$Handler.run(Server.java:2966) [hadoop-common-3.3.1.jar:?]
13:48:22.954 [IPC Server handler 16 on default port 34619] ERROR OMAudit - user=runner | ip=127.0.0.1 | op=GET_FILE_STATUS {volume=141ca385-9c72-4785-81b1-a5828577f6b4, bucket=85c83bf8-ec83-48c3-9c6e-53d8122ffe37, key=.Trash, dataSize=0, replicationConfig=null} | ret=FAILURE
org.apache.hadoop.ozone.om.exceptions.OMException: Unable to get file status: volume: 141ca385-9c72-4785-81b1-a5828577f6b4 bucket: 85c83bf8-ec83-48c3-9c6e-53d8122ffe37 key: .Trash
	at org.apache.hadoop.ozone.om.KeyManagerImpl.getOzoneFileStatus(KeyManagerImpl.java:1311) ~[ozone-manager-1.3.0-SNAPSHOT.jar:?]
	at org.apache.hadoop.ozone.om.KeyManagerImpl.getFileStatus(KeyManagerImpl.java:1241) ~[ozone-manager-1.3.0-SNAPSHOT.jar:?]
	at org.apache.hadoop.ozone.om.OzoneManager.getFileStatus(OzoneManager.java:3468) ~[ozone-manager-1.3.0-SNAPSHOT.jar:?]
	at org.apache.hadoop.ozone.protocolPB.OzoneManagerRequestHandler.getOzoneFileStatus(OzoneManagerRequestHandler.java:882) ~[ozone-manager-1.3.0-SNAPSHOT.jar:?]
	at org.apache.hadoop.ozone.protocolPB.OzoneManagerRequestHandler.handleReadRequest(OzoneManagerRequestHandler.java:228) ~[ozone-manager-1.3.0-SNAPSHOT.jar:?]
	at org.apache.hadoop.ozone.protocolPB.OzoneManagerProtocolServerSideTranslatorPB.submitReadRequestToOM(OzoneManagerProtocolServerSideTranslatorPB.java:226) ~[ozone-manager-1.3.0-SNAPSHOT.jar:?]
	at org.apache.hadoop.ozone.protocolPB.OzoneManagerProtocolServerSideTranslatorPB.processRequest(OzoneManagerProtocolServerSideTranslatorPB.java:175) ~[ozone-manager-1.3.0-SNAPSHOT.jar:?]
	at org.apache.hadoop.hdds.server.OzoneProtocolMessageDispatcher.processRequest(OzoneProtocolMessageDispatcher.java:87) [hdds-server-framework-1.3.0-SNAPSHOT.jar:?]
	at org.apache.hadoop.ozone.protocolPB.OzoneManagerProtocolServerSideTranslatorPB.submitRequest(OzoneManagerProtocolServerSideTranslatorPB.java:147) [ozone-manager-1.3.0-SNAPSHOT.jar:?]
	at org.apache.hadoop.ozone.protocol.proto.OzoneManagerProtocolProtos$OzoneManagerService$2.callBlockingMethod(OzoneManagerProtocolProtos.java) [ozone-interface-client-1.3.0-SNAPSHOT.jar:?]
	at org.apache.hadoop.ipc.ProtobufRpcEngine$Server.processCall(ProtobufRpcEngine.java:466) [hadoop-common-3.3.1.jar:?]
	at org.apache.hadoop.ipc.ProtobufRpcEngine2$Server$ProtoBufRpcInvoker.call(ProtobufRpcEngine2.java:574) [hadoop-common-3.3.1.jar:?]
	at org.apache.hadoop.ipc.ProtobufRpcEngine2$Server$ProtoBufRpcInvoker.call(ProtobufRpcEngine2.java:552) [hadoop-common-3.3.1.jar:?]
	at org.apache.hadoop.ipc.RPC$Server.call(RPC.java:1093) [hadoop-common-3.3.1.jar:?]
	at org.apache.hadoop.ipc.Server$RpcCall.run(Server.java:1035) [hadoop-common-3.3.1.jar:?]
	at org.apache.hadoop.ipc.Server$RpcCall.run(Server.java:963) [hadoop-common-3.3.1.jar:?]
	at java.security.AccessController.doPrivileged(Native Method) ~[?:1.8.0_332]
	at javax.security.auth.Subject.doAs(Subject.java:422) [?:1.8.0_332]
	at org.apache.hadoop.security.UserGroupInformation.doAs(UserGroupInformation.java:1878) [hadoop-common-3.3.1.jar:?]
	at org.apache.hadoop.ipc.Server$Handler.run(Server.java:2966) [hadoop-common-3.3.1.jar:?]
13:48:22.957 [IPC Server handler 8 on default port 34619] ERROR OMAudit - user=runner | ip=127.0.0.1 | op=GET_FILE_STATUS {volume=volume31329, bucket=bucket53293, key=.Trash, dataSize=0, replicationConfig=null} | ret=FAILURE
org.apache.hadoop.ozone.om.exceptions.OMException: Unable to get file status: volume: volume31329 bucket: bucket53293 key: .Trash
	at org.apache.hadoop.ozone.om.KeyManagerImpl.getOzoneFileStatus(KeyManagerImpl.java:1311) ~[ozone-manager-1.3.0-SNAPSHOT.jar:?]
	at org.apache.hadoop.ozone.om.KeyManagerImpl.getFileStatus(KeyManagerImpl.java:1241) ~[ozone-manager-1.3.0-SNAPSHOT.jar:?]
	at org.apache.hadoop.ozone.om.OzoneManager.getFileStatus(OzoneManager.java:3468) ~[ozone-manager-1.3.0-SNAPSHOT.jar:?]
	at org.apache.hadoop.ozone.protocolPB.OzoneManagerRequestHandler.getOzoneFileStatus(OzoneManagerRequestHandler.java:882) ~[ozone-manager-1.3.0-SNAPSHOT.jar:?]
	at org.apache.hadoop.ozone.protocolPB.OzoneManagerRequestHandler.handleReadRequest(OzoneManagerRequestHandler.java:228) ~[ozone-manager-1.3.0-SNAPSHOT.jar:?]
	at org.apache.hadoop.ozone.protocolPB.OzoneManagerProtocolServerSideTranslatorPB.submitReadRequestToOM(OzoneManagerProtocolServerSideTranslatorPB.java:226) ~[ozone-manager-1.3.0-SNAPSHOT.jar:?]
	at org.apache.hadoop.ozone.protocolPB.OzoneManagerProtocolServerSideTranslatorPB.processRequest(OzoneManagerProtocolServerSideTranslatorPB.java:175) ~[ozone-manager-1.3.0-SNAPSHOT.jar:?]
	at org.apache.hadoop.hdds.server.OzoneProtocolMessageDispatcher.processRequest(OzoneProtocolMessageDispatcher.java:87) [hdds-server-framework-1.3.0-SNAPSHOT.jar:?]
	at org.apache.hadoop.ozone.protocolPB.OzoneManagerProtocolServerSideTranslatorPB.submitRequest(OzoneManagerProtocolServerSideTranslatorPB.java:147) [ozone-manager-1.3.0-SNAPSHOT.jar:?]
	at org.apache.hadoop.ozone.protocol.proto.OzoneManagerProtocolProtos$OzoneManagerService$2.callBlockingMethod(OzoneManagerProtocolProtos.java) [ozone-interface-client-1.3.0-SNAPSHOT.jar:?]
	at org.apache.hadoop.ipc.ProtobufRpcEngine$Server.processCall(ProtobufRpcEngine.java:466) [hadoop-common-3.3.1.jar:?]
	at org.apache.hadoop.ipc.ProtobufRpcEngine2$Server$ProtoBufRpcInvoker.call(ProtobufRpcEngine2.java:574) [hadoop-common-3.3.1.jar:?]
	at org.apache.hadoop.ipc.ProtobufRpcEngine2$Server$ProtoBufRpcInvoker.call(ProtobufRpcEngine2.java:552) [hadoop-common-3.3.1.jar:?]
	at org.apache.hadoop.ipc.RPC$Server.call(RPC.java:1093) [hadoop-common-3.3.1.jar:?]
	at org.apache.hadoop.ipc.Server$RpcCall.run(Server.java:1035) [hadoop-common-3.3.1.jar:?]
	at org.apache.hadoop.ipc.Server$RpcCall.run(Server.java:963) [hadoop-common-3.3.1.jar:?]
	at java.security.AccessController.doPrivileged(Native Method) ~[?:1.8.0_332]
	at javax.security.auth.Subject.doAs(Subject.java:422) [?:1.8.0_332]
	at org.apache.hadoop.security.UserGroupInformation.doAs(UserGroupInformation.java:1878) [hadoop-common-3.3.1.jar:?]
	at org.apache.hadoop.ipc.Server$Handler.run(Server.java:2966) [hadoop-common-3.3.1.jar:?]
13:48:22.969 [IPC Server handler 7 on default port 34619] ERROR OMAudit - user=runner | ip=127.0.0.1 | op=GET_FILE_STATUS {volume=141ca385-9c72-4785-81b1-a5828577f6b4, bucket=85c83bf8-ec83-48c3-9c6e-53d8122ffe37, key=.Trash, dataSize=0, replicationConfig=null} | ret=FAILURE
org.apache.hadoop.ozone.om.exceptions.OMException: Unable to get file status: volume: 141ca385-9c72-4785-81b1-a5828577f6b4 bucket: 85c83bf8-ec83-48c3-9c6e-53d8122ffe37 key: .Trash
	at org.apache.hadoop.ozone.om.KeyManagerImpl.getOzoneFileStatus(KeyManagerImpl.java:1311) ~[ozone-manager-1.3.0-SNAPSHOT.jar:?]
	at org.apache.hadoop.ozone.om.KeyManagerImpl.getFileStatus(KeyManagerImpl.java:1241) ~[ozone-manager-1.3.0-SNAPSHOT.jar:?]
	at org.apache.hadoop.ozone.om.OzoneManager.getFileStatus(OzoneManager.java:3468) ~[ozone-manager-1.3.0-SNAPSHOT.jar:?]
	at org.apache.hadoop.ozone.protocolPB.OzoneManagerRequestHandler.getOzoneFileStatus(OzoneManagerRequestHandler.java:882) ~[ozone-manager-1.3.0-SNAPSHOT.jar:?]
	at org.apache.hadoop.ozone.protocolPB.OzoneManagerRequestHandler.handleReadRequest(OzoneManagerRequestHandler.java:228) ~[ozone-manager-1.3.0-SNAPSHOT.jar:?]
	at org.apache.hadoop.ozone.protocolPB.OzoneManagerProtocolServerSideTranslatorPB.submitReadRequestToOM(OzoneManagerProtocolServerSideTranslatorPB.java:226) ~[ozone-manager-1.3.0-SNAPSHOT.jar:?]
	at org.apache.hadoop.ozone.protocolPB.OzoneManagerProtocolServerSideTranslatorPB.processRequest(OzoneManagerProtocolServerSideTranslatorPB.java:175) ~[ozone-manager-1.3.0-SNAPSHOT.jar:?]
	at org.apache.hadoop.hdds.server.OzoneProtocolMessageDispatcher.processRequest(OzoneProtocolMessageDispatcher.java:87) [hdds-server-framework-1.3.0-SNAPSHOT.jar:?]
	at org.apache.hadoop.ozone.protocolPB.OzoneManagerProtocolServerSideTranslatorPB.submitRequest(OzoneManagerProtocolServerSideTranslatorPB.java:147) [ozone-manager-1.3.0-SNAPSHOT.jar:?]
	at org.apache.hadoop.ozone.protocol.proto.OzoneManagerProtocolProtos$OzoneManagerService$2.callBlockingMethod(OzoneManagerProtocolProtos.java) [ozone-interface-client-1.3.0-SNAPSHOT.jar:?]
	at org.apache.hadoop.ipc.ProtobufRpcEngine$Server.processCall(ProtobufRpcEngine.java:466) [hadoop-common-3.3.1.jar:?]
	at org.apache.hadoop.ipc.ProtobufRpcEngine2$Server$ProtoBufRpcInvoker.call(ProtobufRpcEngine2.java:574) [hadoop-common-3.3.1.jar:?]
	at org.apache.hadoop.ipc.ProtobufRpcEngine2$Server$ProtoBufRpcInvoker.call(ProtobufRpcEngine2.java:552) [hadoop-common-3.3.1.jar:?]
	at org.apache.hadoop.ipc.RPC$Server.call(RPC.java:1093) [hadoop-common-3.3.1.jar:?]
	at org.apache.hadoop.ipc.Server$RpcCall.run(Server.java:1035) [hadoop-common-3.3.1.jar:?]
	at org.apache.hadoop.ipc.Server$RpcCall.run(Server.java:963) [hadoop-common-3.3.1.jar:?]
	at java.security.AccessController.doPrivileged(Native Method) ~[?:1.8.0_332]
	at javax.security.auth.Subject.doAs(Subject.java:422) [?:1.8.0_332]
	at org.apache.hadoop.security.UserGroupInformation.doAs(UserGroupInformation.java:1878) [hadoop-common-3.3.1.jar:?]
	at org.apache.hadoop.ipc.Server$Handler.run(Server.java:2966) [hadoop-common-3.3.1.jar:?]
13:48:22.984 [IPC Server handler 5 on default port 34619] ERROR OMAudit - user=runner | ip=127.0.0.1 | op=GET_FILE_STATUS {volume=141ca385-9c72-4785-81b1-a5828577f6b4, bucket=85c83bf8-ec83-48c3-9c6e-53d8122ffe37, key=.Trash, dataSize=0, replicationConfig=null} | ret=FAILURE
org.apache.hadoop.ozone.om.exceptions.OMException: Unable to get file status: volume: 141ca385-9c72-4785-81b1-a5828577f6b4 bucket: 85c83bf8-ec83-48c3-9c6e-53d8122ffe37 key: .Trash
	at org.apache.hadoop.ozone.om.KeyManagerImpl.getOzoneFileStatus(KeyManagerImpl.java:1311) ~[ozone-manager-1.3.0-SNAPSHOT.jar:?]
	at org.apache.hadoop.ozone.om.KeyManagerImpl.getFileStatus(KeyManagerImpl.java:1241) ~[ozone-manager-1.3.0-SNAPSHOT.jar:?]
	at org.apache.hadoop.ozone.om.OzoneManager.getFileStatus(OzoneManager.java:3468) ~[ozone-manager-1.3.0-SNAPSHOT.jar:?]
	at org.apache.hadoop.ozone.protocolPB.OzoneManagerRequestHandler.getOzoneFileStatus(OzoneManagerRequestHandler.java:882) ~[ozone-manager-1.3.0-SNAPSHOT.jar:?]
	at org.apache.hadoop.ozone.protocolPB.OzoneManagerRequestHandler.handleReadRequest(OzoneManagerRequestHandler.java:228) ~[ozone-manager-1.3.0-SNAPSHOT.jar:?]
	at org.apache.hadoop.ozone.protocolPB.OzoneManagerProtocolServerSideTranslatorPB.submitReadRequestToOM(OzoneManagerProtocolServerSideTranslatorPB.java:226) ~[ozone-manager-1.3.0-SNAPSHOT.jar:?]
	at org.apache.hadoop.ozone.protocolPB.OzoneManagerProtocolServerSideTranslatorPB.processRequest(OzoneManagerProtocolServerSideTranslatorPB.java:175) ~[ozone-manager-1.3.0-SNAPSHOT.jar:?]
	at org.apache.hadoop.hdds.server.OzoneProtocolMessageDispatcher.processRequest(OzoneProtocolMessageDispatcher.java:87) [hdds-server-framework-1.3.0-SNAPSHOT.jar:?]
	at org.apache.hadoop.ozone.protocolPB.OzoneManagerProtocolServerSideTranslatorPB.submitRequest(OzoneManagerProtocolServerSideTranslatorPB.java:147) [ozone-manager-1.3.0-SNAPSHOT.jar:?]
	at org.apache.hadoop.ozone.protocol.proto.OzoneManagerProtocolProtos$OzoneManagerService$2.callBlockingMethod(OzoneManagerProtocolProtos.java) [ozone-interface-client-1.3.0-SNAPSHOT.jar:?]
	at org.apache.hadoop.ipc.ProtobufRpcEngine$Server.processCall(ProtobufRpcEngine.java:466) [hadoop-common-3.3.1.jar:?]
	at org.apache.hadoop.ipc.ProtobufRpcEngine2$Server$ProtoBufRpcInvoker.call(ProtobufRpcEngine2.java:574) [hadoop-common-3.3.1.jar:?]
	at org.apache.hadoop.ipc.ProtobufRpcEngine2$Server$ProtoBufRpcInvoker.call(ProtobufRpcEngine2.java:552) [hadoop-common-3.3.1.jar:?]
	at org.apache.hadoop.ipc.RPC$Server.call(RPC.java:1093) [hadoop-common-3.3.1.jar:?]
	at org.apache.hadoop.ipc.Server$RpcCall.run(Server.java:1035) [hadoop-common-3.3.1.jar:?]
	at org.apache.hadoop.ipc.Server$RpcCall.run(Server.java:963) [hadoop-common-3.3.1.jar:?]
	at java.security.AccessController.doPrivileged(Native Method) ~[?:1.8.0_332]
	at javax.security.auth.Subject.doAs(Subject.java:422) [?:1.8.0_332]
	at org.apache.hadoop.security.UserGroupInformation.doAs(UserGroupInformation.java:1878) [hadoop-common-3.3.1.jar:?]
	at org.apache.hadoop.ipc.Server$Handler.run(Server.java:2966) [hadoop-common-3.3.1.jar:?]
2022-08-09 13:48:23,001 [Time-limited test] INFO  rpc.RpcClient (RpcClient.java:createBucket(671)) - Creating Bucket: volume31329/trashroottest2, with bucket layout LEGACY, runner as owner, Versioning false, Storage Type set to DISK and Encryption set to false 
2022-08-09 13:48:23,002 [OM StateMachine ApplyTransaction Thread - 0] INFO  bucket.OMBucketCreateRequest (OMBucketCreateRequest.java:validateAndUpdateCache(260)) - created bucket: trashroottest2 of layout LEGACY in volume: volume31329
2022-08-09 13:48:23,102 [7ea02f52-0524-4638-b817-10339939da37@group-D06DED371CF4-FollowerState] INFO  impl.FollowerState (FollowerState.java:run(143)) - 7ea02f52-0524-4638-b817-10339939da37@group-D06DED371CF4-FollowerState: change to CANDIDATE, lastRpcElapsedTime:5189213724ns, electionTimeout:5160ms
2022-08-09 13:48:23,102 [7ea02f52-0524-4638-b817-10339939da37@group-D06DED371CF4-FollowerState] INFO  impl.RoleInfo (RoleInfo.java:shutdownFollowerState(110)) - 7ea02f52-0524-4638-b817-10339939da37: shutdown 7ea02f52-0524-4638-b817-10339939da37@group-D06DED371CF4-FollowerState
2022-08-09 13:48:23,102 [7ea02f52-0524-4638-b817-10339939da37@group-D06DED371CF4-FollowerState] INFO  server.RaftServer$Division (RaftServerImpl.java:setRole(299)) - 7ea02f52-0524-4638-b817-10339939da37@group-D06DED371CF4: changes role from  FOLLOWER to CANDIDATE at term 1 for changeToCandidate
2022-08-09 13:48:23,102 [7ea02f52-0524-4638-b817-10339939da37@group-D06DED371CF4-FollowerState] INFO  server.RaftServerConfigKeys (ConfUtils.java:logGet(46)) - raft.server.leaderelection.pre-vote = false (custom)
2022-08-09 13:48:23,103 [7ea02f52-0524-4638-b817-10339939da37@group-D06DED371CF4-FollowerState] INFO  impl.RoleInfo (RoleInfo.java:updateAndGet(139)) - 7ea02f52-0524-4638-b817-10339939da37: start 7ea02f52-0524-4638-b817-10339939da37@group-D06DED371CF4-LeaderElection22
2022-08-09 13:48:23,122 [3eae53bb-90ae-447f-858b-4086883680b9@group-D06DED371CF4-FollowerState] INFO  impl.FollowerState (FollowerState.java:run(143)) - 3eae53bb-90ae-447f-858b-4086883680b9@group-D06DED371CF4-FollowerState: change to CANDIDATE, lastRpcElapsedTime:5178854894ns, electionTimeout:5145ms
2022-08-09 13:48:23,122 [3eae53bb-90ae-447f-858b-4086883680b9@group-D06DED371CF4-FollowerState] INFO  impl.RoleInfo (RoleInfo.java:shutdownFollowerState(110)) - 3eae53bb-90ae-447f-858b-4086883680b9: shutdown 3eae53bb-90ae-447f-858b-4086883680b9@group-D06DED371CF4-FollowerState
2022-08-09 13:48:23,122 [3eae53bb-90ae-447f-858b-4086883680b9@group-D06DED371CF4-FollowerState] INFO  server.RaftServer$Division (RaftServerImpl.java:setRole(299)) - 3eae53bb-90ae-447f-858b-4086883680b9@group-D06DED371CF4: changes role from  FOLLOWER to CANDIDATE at term 1 for changeToCandidate
2022-08-09 13:48:23,122 [3eae53bb-90ae-447f-858b-4086883680b9@group-D06DED371CF4-FollowerState] INFO  server.RaftServerConfigKeys (ConfUtils.java:logGet(46)) - raft.server.leaderelection.pre-vote = false (custom)
2022-08-09 13:48:23,122 [3eae53bb-90ae-447f-858b-4086883680b9@group-D06DED371CF4-FollowerState] INFO  impl.RoleInfo (RoleInfo.java:updateAndGet(139)) - 3eae53bb-90ae-447f-858b-4086883680b9: start 3eae53bb-90ae-447f-858b-4086883680b9@group-D06DED371CF4-LeaderElection23
2022-08-09 13:48:23,143 [3eae53bb-90ae-447f-858b-4086883680b9@group-D06DED371CF4-LeaderElection23] INFO  impl.LeaderElection (LeaderElection.java:askForVotes(310)) - 3eae53bb-90ae-447f-858b-4086883680b9@group-D06DED371CF4-LeaderElection23 ELECTION round 0: submit vote requests at term 2 for -1: [7eae729b-82ee-421b-843d-240299c4e56c|rpc:10.1.0.19:36615|priority:0, 7ea02f52-0524-4638-b817-10339939da37|rpc:10.1.0.19:45003|priority:1, 3eae53bb-90ae-447f-858b-4086883680b9|rpc:10.1.0.19:38969|priority:0], old=null
2022-08-09 13:48:23,173 [7ea02f52-0524-4638-b817-10339939da37@group-D06DED371CF4-LeaderElection22] INFO  impl.LeaderElection (LeaderElection.java:askForVotes(310)) - 7ea02f52-0524-4638-b817-10339939da37@group-D06DED371CF4-LeaderElection22 ELECTION round 0: submit vote requests at term 2 for -1: [7eae729b-82ee-421b-843d-240299c4e56c|rpc:10.1.0.19:36615|dataStream:|priority:0, 7ea02f52-0524-4638-b817-10339939da37|rpc:10.1.0.19:45003|dataStream:|priority:1, 3eae53bb-90ae-447f-858b-4086883680b9|rpc:10.1.0.19:38969|dataStream:|priority:0], old=null
2022-08-09 13:48:23,202 [grpc-default-executor-1] INFO  server.RaftServer$Division (RaftServerImpl.java:requestVote(1152)) - 7eae729b-82ee-421b-843d-240299c4e56c@group-D06DED371CF4: receive requestVote(ELECTION, 3eae53bb-90ae-447f-858b-4086883680b9, group-D06DED371CF4, 2, (t:0, i:0))
2022-08-09 13:48:23,215 [grpc-default-executor-2] INFO  server.RaftServer$Division (RaftServerImpl.java:requestVote(1152)) - 7ea02f52-0524-4638-b817-10339939da37@group-D06DED371CF4: receive requestVote(ELECTION, 3eae53bb-90ae-447f-858b-4086883680b9, group-D06DED371CF4, 2, (t:0, i:0))
2022-08-09 13:48:23,215 [grpc-default-executor-2] INFO  impl.VoteContext (VoteContext.java:log(48)) - 7ea02f52-0524-4638-b817-10339939da37@group-D06DED371CF4-CANDIDATE: reject ELECTION from 3eae53bb-90ae-447f-858b-4086883680b9: already has voted for 7ea02f52-0524-4638-b817-10339939da37 at current term 2
2022-08-09 13:48:23,215 [grpc-default-executor-2] INFO  server.RaftServer$Division (RaftServerImpl.java:requestVote(1184)) - 7ea02f52-0524-4638-b817-10339939da37@group-D06DED371CF4 replies to ELECTION vote request: 3eae53bb-90ae-447f-858b-4086883680b9<-7ea02f52-0524-4638-b817-10339939da37#0:FAIL-t2. Peer's state: 7ea02f52-0524-4638-b817-10339939da37@group-D06DED371CF4:t2, leader=null, voted=7ea02f52-0524-4638-b817-10339939da37, raftlog=7ea02f52-0524-4638-b817-10339939da37@group-D06DED371CF4-SegmentedRaftLog:OPENED:c-1, conf=-1: [7eae729b-82ee-421b-843d-240299c4e56c|rpc:10.1.0.19:36615|dataStream:|priority:0, 7ea02f52-0524-4638-b817-10339939da37|rpc:10.1.0.19:45003|dataStream:|priority:1, 3eae53bb-90ae-447f-858b-4086883680b9|rpc:10.1.0.19:38969|dataStream:|priority:0], old=null
2022-08-09 13:48:23,215 [grpc-default-executor-1] INFO  impl.VoteContext (VoteContext.java:log(48)) - 7eae729b-82ee-421b-843d-240299c4e56c@group-D06DED371CF4-FOLLOWER: accept ELECTION from 3eae53bb-90ae-447f-858b-4086883680b9: our priority 0 <= candidate's priority 0
2022-08-09 13:48:23,216 [grpc-default-executor-1] INFO  server.RaftServer$Division (RaftServerImpl.java:setRole(299)) - 7eae729b-82ee-421b-843d-240299c4e56c@group-D06DED371CF4: changes role from  FOLLOWER to FOLLOWER at term 2 for candidate:3eae53bb-90ae-447f-858b-4086883680b9
2022-08-09 13:48:23,216 [grpc-default-executor-1] INFO  impl.RoleInfo (RoleInfo.java:shutdownFollowerState(110)) - 7eae729b-82ee-421b-843d-240299c4e56c: shutdown 7eae729b-82ee-421b-843d-240299c4e56c@group-D06DED371CF4-FollowerState
2022-08-09 13:48:23,216 [grpc-default-executor-1] INFO  impl.RoleInfo (RoleInfo.java:updateAndGet(139)) - 7eae729b-82ee-421b-843d-240299c4e56c: start 7eae729b-82ee-421b-843d-240299c4e56c@group-D06DED371CF4-FollowerState
2022-08-09 13:48:23,217 [7eae729b-82ee-421b-843d-240299c4e56c@group-D06DED371CF4-FollowerState] INFO  impl.FollowerState (FollowerState.java:run(152)) - 7eae729b-82ee-421b-843d-240299c4e56c@group-D06DED371CF4-FollowerState was interrupted
2022-08-09 13:48:23,236 [3eae53bb-90ae-447f-858b-4086883680b9@group-D06DED371CF4-LeaderElection23] INFO  impl.LeaderElection (LeaderElection.java:logAndReturn(90)) - 3eae53bb-90ae-447f-858b-4086883680b9@group-D06DED371CF4-LeaderElection23: ELECTION REJECTED received 1 response(s) and 0 exception(s):
2022-08-09 13:48:23,237 [grpc-default-executor-1] INFO  server.RaftServer$Division (RaftServerImpl.java:requestVote(1184)) - 7eae729b-82ee-421b-843d-240299c4e56c@group-D06DED371CF4 replies to ELECTION vote request: 3eae53bb-90ae-447f-858b-4086883680b9<-7eae729b-82ee-421b-843d-240299c4e56c#0:OK-t2. Peer's state: 7eae729b-82ee-421b-843d-240299c4e56c@group-D06DED371CF4:t2, leader=null, voted=3eae53bb-90ae-447f-858b-4086883680b9, raftlog=7eae729b-82ee-421b-843d-240299c4e56c@group-D06DED371CF4-SegmentedRaftLog:OPENED:c-1, conf=-1: [7eae729b-82ee-421b-843d-240299c4e56c|rpc:10.1.0.19:36615|dataStream:|priority:0, 7ea02f52-0524-4638-b817-10339939da37|rpc:10.1.0.19:45003|dataStream:|priority:1, 3eae53bb-90ae-447f-858b-4086883680b9|rpc:10.1.0.19:38969|dataStream:|priority:0], old=null
2022-08-09 13:48:23,242 [3eae53bb-90ae-447f-858b-4086883680b9@group-D06DED371CF4-LeaderElection23] INFO  impl.LeaderElection (LeaderElection.java:logAndReturn(94)) -   Response 0: 3eae53bb-90ae-447f-858b-4086883680b9<-7ea02f52-0524-4638-b817-10339939da37#0:FAIL-t2
2022-08-09 13:48:23,242 [3eae53bb-90ae-447f-858b-4086883680b9@group-D06DED371CF4-LeaderElection23] INFO  impl.LeaderElection (LeaderElection.java:askForVotes(312)) - 3eae53bb-90ae-447f-858b-4086883680b9@group-D06DED371CF4-LeaderElection23 ELECTION round 0: result REJECTED
2022-08-09 13:48:23,242 [3eae53bb-90ae-447f-858b-4086883680b9@group-D06DED371CF4-LeaderElection23] INFO  server.RaftServer$Division (RaftServerImpl.java:setRole(299)) - 3eae53bb-90ae-447f-858b-4086883680b9@group-D06DED371CF4: changes role from CANDIDATE to FOLLOWER at term 2 for REJECTED
2022-08-09 13:48:23,242 [3eae53bb-90ae-447f-858b-4086883680b9@group-D06DED371CF4-LeaderElection23] INFO  impl.RoleInfo (RoleInfo.java:shutdownLeaderElection(130)) - 3eae53bb-90ae-447f-858b-4086883680b9: shutdown 3eae53bb-90ae-447f-858b-4086883680b9@group-D06DED371CF4-LeaderElection23
2022-08-09 13:48:23,242 [3eae53bb-90ae-447f-858b-4086883680b9@group-D06DED371CF4-LeaderElection23] INFO  impl.RoleInfo (RoleInfo.java:updateAndGet(139)) - 3eae53bb-90ae-447f-858b-4086883680b9: start 3eae53bb-90ae-447f-858b-4086883680b9@group-D06DED371CF4-FollowerState
13:48:23.247 [IPC Server handler 12 on default port 34619] ERROR OMAudit - user=runner | ip=127.0.0.1 | op=GET_FILE_STATUS {volume=141ca385-9c72-4785-81b1-a5828577f6b4, bucket=85c83bf8-ec83-48c3-9c6e-53d8122ffe37, key=.Trash, dataSize=0, replicationConfig=null} | ret=FAILURE
org.apache.hadoop.ozone.om.exceptions.OMException: Unable to get file status: volume: 141ca385-9c72-4785-81b1-a5828577f6b4 bucket: 85c83bf8-ec83-48c3-9c6e-53d8122ffe37 key: .Trash
	at org.apache.hadoop.ozone.om.KeyManagerImpl.getOzoneFileStatus(KeyManagerImpl.java:1311) ~[ozone-manager-1.3.0-SNAPSHOT.jar:?]
	at org.apache.hadoop.ozone.om.KeyManagerImpl.getFileStatus(KeyManagerImpl.java:1241) ~[ozone-manager-1.3.0-SNAPSHOT.jar:?]
	at org.apache.hadoop.ozone.om.OzoneManager.getFileStatus(OzoneManager.java:3468) ~[ozone-manager-1.3.0-SNAPSHOT.jar:?]
	at org.apache.hadoop.ozone.protocolPB.OzoneManagerRequestHandler.getOzoneFileStatus(OzoneManagerRequestHandler.java:882) ~[ozone-manager-1.3.0-SNAPSHOT.jar:?]
	at org.apache.hadoop.ozone.protocolPB.OzoneManagerRequestHandler.handleReadRequest(OzoneManagerRequestHandler.java:228) ~[ozone-manager-1.3.0-SNAPSHOT.jar:?]
	at org.apache.hadoop.ozone.protocolPB.OzoneManagerProtocolServerSideTranslatorPB.submitReadRequestToOM(OzoneManagerProtocolServerSideTranslatorPB.java:226) ~[ozone-manager-1.3.0-SNAPSHOT.jar:?]
	at org.apache.hadoop.ozone.protocolPB.OzoneManagerProtocolServerSideTranslatorPB.processRequest(OzoneManagerProtocolServerSideTranslatorPB.java:175) ~[ozone-manager-1.3.0-SNAPSHOT.jar:?]
	at org.apache.hadoop.hdds.server.OzoneProtocolMessageDispatcher.processRequest(OzoneProtocolMessageDispatcher.java:87) [hdds-server-framework-1.3.0-SNAPSHOT.jar:?]
	at org.apache.hadoop.ozone.protocolPB.OzoneManagerProtocolServerSideTranslatorPB.submitRequest(OzoneManagerProtocolServerSideTranslatorPB.java:147) [ozone-manager-1.3.0-SNAPSHOT.jar:?]
	at org.apache.hadoop.ozone.protocol.proto.OzoneManagerProtocolProtos$OzoneManagerService$2.callBlockingMethod(OzoneManagerProtocolProtos.java) [ozone-interface-client-1.3.0-SNAPSHOT.jar:?]
	at org.apache.hadoop.ipc.ProtobufRpcEngine$Server.processCall(ProtobufRpcEngine.java:466) [hadoop-common-3.3.1.jar:?]
	at org.apache.hadoop.ipc.ProtobufRpcEngine2$Server$ProtoBufRpcInvoker.call(ProtobufRpcEngine2.java:574) [hadoop-common-3.3.1.jar:?]
	at org.apache.hadoop.ipc.ProtobufRpcEngine2$Server$ProtoBufRpcInvoker.call(ProtobufRpcEngine2.java:552) [hadoop-common-3.3.1.jar:?]
	at org.apache.hadoop.ipc.RPC$Server.call(RPC.java:1093) [hadoop-common-3.3.1.jar:?]
	at org.apache.hadoop.ipc.Server$RpcCall.run(Server.java:1035) [hadoop-common-3.3.1.jar:?]
	at org.apache.hadoop.ipc.Server$RpcCall.run(Server.java:963) [hadoop-common-3.3.1.jar:?]
	at java.security.AccessController.doPrivileged(Native Method) ~[?:1.8.0_332]
	at javax.security.auth.Subject.doAs(Subject.java:422) [?:1.8.0_332]
	at org.apache.hadoop.security.UserGroupInformation.doAs(UserGroupInformation.java:1878) [hadoop-common-3.3.1.jar:?]
	at org.apache.hadoop.ipc.Server$Handler.run(Server.java:2966) [hadoop-common-3.3.1.jar:?]
2022-08-09 13:48:23,270 [grpc-default-executor-2] INFO  server.RaftServer$Division (RaftServerImpl.java:requestVote(1152)) - 7eae729b-82ee-421b-843d-240299c4e56c@group-D06DED371CF4: receive requestVote(ELECTION, 7ea02f52-0524-4638-b817-10339939da37, group-D06DED371CF4, 2, (t:0, i:0))
2022-08-09 13:48:23,270 [grpc-default-executor-2] INFO  impl.VoteContext (VoteContext.java:log(48)) - 7eae729b-82ee-421b-843d-240299c4e56c@group-D06DED371CF4-FOLLOWER: reject ELECTION from 7ea02f52-0524-4638-b817-10339939da37: already has voted for 3eae53bb-90ae-447f-858b-4086883680b9 at current term 2
2022-08-09 13:48:23,270 [grpc-default-executor-2] INFO  server.RaftServer$Division (RaftServerImpl.java:requestVote(1184)) - 7eae729b-82ee-421b-843d-240299c4e56c@group-D06DED371CF4 replies to ELECTION vote request: 7ea02f52-0524-4638-b817-10339939da37<-7eae729b-82ee-421b-843d-240299c4e56c#0:FAIL-t2. Peer's state: 7eae729b-82ee-421b-843d-240299c4e56c@group-D06DED371CF4:t2, leader=null, voted=3eae53bb-90ae-447f-858b-4086883680b9, raftlog=7eae729b-82ee-421b-843d-240299c4e56c@group-D06DED371CF4-SegmentedRaftLog:OPENED:c-1, conf=-1: [7eae729b-82ee-421b-843d-240299c4e56c|rpc:10.1.0.19:36615|dataStream:|priority:0, 7ea02f52-0524-4638-b817-10339939da37|rpc:10.1.0.19:45003|dataStream:|priority:1, 3eae53bb-90ae-447f-858b-4086883680b9|rpc:10.1.0.19:38969|dataStream:|priority:0], old=null
2022-08-09 13:48:23,278 [grpc-default-executor-1] INFO  server.RaftServer$Division (RaftServerImpl.java:requestVote(1152)) - 3eae53bb-90ae-447f-858b-4086883680b9@group-D06DED371CF4: receive requestVote(ELECTION, 7ea02f52-0524-4638-b817-10339939da37, group-D06DED371CF4, 2, (t:0, i:0))
2022-08-09 13:48:23,278 [grpc-default-executor-1] INFO  impl.VoteContext (VoteContext.java:log(48)) - 3eae53bb-90ae-447f-858b-4086883680b9@group-D06DED371CF4-FOLLOWER: reject ELECTION from 7ea02f52-0524-4638-b817-10339939da37: already has voted for 3eae53bb-90ae-447f-858b-4086883680b9 at current term 2
2022-08-09 13:48:23,278 [grpc-default-executor-1] INFO  server.RaftServer$Division (RaftServerImpl.java:requestVote(1184)) - 3eae53bb-90ae-447f-858b-4086883680b9@group-D06DED371CF4 replies to ELECTION vote request: 7ea02f52-0524-4638-b817-10339939da37<-3eae53bb-90ae-447f-858b-4086883680b9#0:FAIL-t2. Peer's state: 3eae53bb-90ae-447f-858b-4086883680b9@group-D06DED371CF4:t2, leader=null, voted=3eae53bb-90ae-447f-858b-4086883680b9, raftlog=3eae53bb-90ae-447f-858b-4086883680b9@group-D06DED371CF4-SegmentedRaftLog:OPENED:c-1, conf=-1: [7eae729b-82ee-421b-843d-240299c4e56c|rpc:10.1.0.19:36615|priority:0, 7ea02f52-0524-4638-b817-10339939da37|rpc:10.1.0.19:45003|priority:1, 3eae53bb-90ae-447f-858b-4086883680b9|rpc:10.1.0.19:38969|priority:0], old=null
2022-08-09 13:48:23,280 [7ea02f52-0524-4638-b817-10339939da37@group-D06DED371CF4-LeaderElection22] INFO  impl.LeaderElection (LeaderElection.java:logAndReturn(90)) - 7ea02f52-0524-4638-b817-10339939da37@group-D06DED371CF4-LeaderElection22: ELECTION REJECTED received 2 response(s) and 0 exception(s):
2022-08-09 13:48:23,280 [7ea02f52-0524-4638-b817-10339939da37@group-D06DED371CF4-LeaderElection22] INFO  impl.LeaderElection (LeaderElection.java:logAndReturn(94)) -   Response 0: 7ea02f52-0524-4638-b817-10339939da37<-7eae729b-82ee-421b-843d-240299c4e56c#0:FAIL-t2
2022-08-09 13:48:23,281 [7ea02f52-0524-4638-b817-10339939da37@group-D06DED371CF4-LeaderElection22] INFO  impl.LeaderElection (LeaderElection.java:logAndReturn(94)) -   Response 1: 7ea02f52-0524-4638-b817-10339939da37<-3eae53bb-90ae-447f-858b-4086883680b9#0:FAIL-t2
2022-08-09 13:48:23,281 [7ea02f52-0524-4638-b817-10339939da37@group-D06DED371CF4-LeaderElection22] INFO  impl.LeaderElection (LeaderElection.java:askForVotes(312)) - 7ea02f52-0524-4638-b817-10339939da37@group-D06DED371CF4-LeaderElection22 ELECTION round 0: result REJECTED
2022-08-09 13:48:23,281 [7ea02f52-0524-4638-b817-10339939da37@group-D06DED371CF4-LeaderElection22] INFO  server.RaftServer$Division (RaftServerImpl.java:setRole(299)) - 7ea02f52-0524-4638-b817-10339939da37@group-D06DED371CF4: changes role from CANDIDATE to FOLLOWER at term 2 for REJECTED
2022-08-09 13:48:23,281 [7ea02f52-0524-4638-b817-10339939da37@group-D06DED371CF4-LeaderElection22] INFO  impl.RoleInfo (RoleInfo.java:shutdownLeaderElection(130)) - 7ea02f52-0524-4638-b817-10339939da37: shutdown 7ea02f52-0524-4638-b817-10339939da37@group-D06DED371CF4-LeaderElection22
2022-08-09 13:48:23,281 [7ea02f52-0524-4638-b817-10339939da37@group-D06DED371CF4-LeaderElection22] INFO  impl.RoleInfo (RoleInfo.java:updateAndGet(139)) - 7ea02f52-0524-4638-b817-10339939da37: start 7ea02f52-0524-4638-b817-10339939da37@group-D06DED371CF4-FollowerState
13:48:23.310 [IPC Server handler 18 on default port 34619] ERROR OMAudit - user=runner | ip=127.0.0.1 | op=GET_FILE_STATUS {volume=141ca385-9c72-4785-81b1-a5828577f6b4, bucket=85c83bf8-ec83-48c3-9c6e-53d8122ffe37, key=.Trash, dataSize=0, replicationConfig=null} | ret=FAILURE
org.apache.hadoop.ozone.om.exceptions.OMException: Unable to get file status: volume: 141ca385-9c72-4785-81b1-a5828577f6b4 bucket: 85c83bf8-ec83-48c3-9c6e-53d8122ffe37 key: .Trash
	at org.apache.hadoop.ozone.om.KeyManagerImpl.getOzoneFileStatus(KeyManagerImpl.java:1311) ~[ozone-manager-1.3.0-SNAPSHOT.jar:?]
	at org.apache.hadoop.ozone.om.KeyManagerImpl.getFileStatus(KeyManagerImpl.java:1241) ~[ozone-manager-1.3.0-SNAPSHOT.jar:?]
	at org.apache.hadoop.ozone.om.OzoneManager.getFileStatus(OzoneManager.java:3468) ~[ozone-manager-1.3.0-SNAPSHOT.jar:?]
	at org.apache.hadoop.ozone.protocolPB.OzoneManagerRequestHandler.getOzoneFileStatus(OzoneManagerRequestHandler.java:882) ~[ozone-manager-1.3.0-SNAPSHOT.jar:?]
	at org.apache.hadoop.ozone.protocolPB.OzoneManagerRequestHandler.handleReadRequest(OzoneManagerRequestHandler.java:228) ~[ozone-manager-1.3.0-SNAPSHOT.jar:?]
	at org.apache.hadoop.ozone.protocolPB.OzoneManagerProtocolServerSideTranslatorPB.submitReadRequestToOM(OzoneManagerProtocolServerSideTranslatorPB.java:226) ~[ozone-manager-1.3.0-SNAPSHOT.jar:?]
	at org.apache.hadoop.ozone.protocolPB.OzoneManagerProtocolServerSideTranslatorPB.processRequest(OzoneManagerProtocolServerSideTranslatorPB.java:175) ~[ozone-manager-1.3.0-SNAPSHOT.jar:?]
	at org.apache.hadoop.hdds.server.OzoneProtocolMessageDispatcher.processRequest(OzoneProtocolMessageDispatcher.java:87) [hdds-server-framework-1.3.0-SNAPSHOT.jar:?]
	at org.apache.hadoop.ozone.protocolPB.OzoneManagerProtocolServerSideTranslatorPB.submitRequest(OzoneManagerProtocolServerSideTranslatorPB.java:147) [ozone-manager-1.3.0-SNAPSHOT.jar:?]
	at org.apache.hadoop.ozone.protocol.proto.OzoneManagerProtocolProtos$OzoneManagerService$2.callBlockingMethod(OzoneManagerProtocolProtos.java) [ozone-interface-client-1.3.0-SNAPSHOT.jar:?]
	at org.apache.hadoop.ipc.ProtobufRpcEngine$Server.processCall(ProtobufRpcEngine.java:466) [hadoop-common-3.3.1.jar:?]
	at org.apache.hadoop.ipc.ProtobufRpcEngine2$Server$ProtoBufRpcInvoker.call(ProtobufRpcEngine2.java:574) [hadoop-common-3.3.1.jar:?]
	at org.apache.hadoop.ipc.ProtobufRpcEngine2$Server$ProtoBufRpcInvoker.call(ProtobufRpcEngine2.java:552) [hadoop-common-3.3.1.jar:?]
	at org.apache.hadoop.ipc.RPC$Server.call(RPC.java:1093) [hadoop-common-3.3.1.jar:?]
	at org.apache.hadoop.ipc.Server$RpcCall.run(Server.java:1035) [hadoop-common-3.3.1.jar:?]
	at org.apache.hadoop.ipc.Server$RpcCall.run(Server.java:963) [hadoop-common-3.3.1.jar:?]
	at java.security.AccessController.doPrivileged(Native Method) ~[?:1.8.0_332]
	at javax.security.auth.Subject.doAs(Subject.java:422) [?:1.8.0_332]
	at org.apache.hadoop.security.UserGroupInformation.doAs(UserGroupInformation.java:1878) [hadoop-common-3.3.1.jar:?]
	at org.apache.hadoop.ipc.Server$Handler.run(Server.java:2966) [hadoop-common-3.3.1.jar:?]
2022-08-09 13:48:23,339 [Time-limited test] INFO  rpc.RpcClient (RpcClient.java:createVolume(468)) - Creating Volume: volume90290, with user17214 as owner and space quota set to -1 bytes, counts quota set to -1
2022-08-09 13:48:23,343 [OM StateMachine ApplyTransaction Thread - 0] INFO  volume.OMVolumeCreateRequest (OMVolumeCreateRequest.java:validateAndUpdateCache(195)) - created volume:volume90290 for user:user17214
2022-08-09 13:48:23,343 [Time-limited test] INFO  rpc.RpcClient (RpcClient.java:createBucket(671)) - Creating Bucket: volume90290/bucket55812, with bucket layout LEGACY, runner as owner, Versioning false, Storage Type set to DISK and Encryption set to false 
2022-08-09 13:48:23,344 [OM StateMachine ApplyTransaction Thread - 0] INFO  bucket.OMBucketCreateRequest (OMBucketCreateRequest.java:validateAndUpdateCache(260)) - created bucket: bucket55812 of layout LEGACY in volume: volume90290
13:48:23.357 [IPC Server handler 19 on default port 34619] ERROR OMAudit - user=runner | ip=127.0.0.1 | op=GET_FILE_STATUS {volume=141ca385-9c72-4785-81b1-a5828577f6b4, bucket=85c83bf8-ec83-48c3-9c6e-53d8122ffe37, key=.Trash, dataSize=0, replicationConfig=null} | ret=FAILURE
org.apache.hadoop.ozone.om.exceptions.OMException: Unable to get file status: volume: 141ca385-9c72-4785-81b1-a5828577f6b4 bucket: 85c83bf8-ec83-48c3-9c6e-53d8122ffe37 key: .Trash
	at org.apache.hadoop.ozone.om.KeyManagerImpl.getOzoneFileStatus(KeyManagerImpl.java:1311) ~[ozone-manager-1.3.0-SNAPSHOT.jar:?]
	at org.apache.hadoop.ozone.om.KeyManagerImpl.getFileStatus(KeyManagerImpl.java:1241) ~[ozone-manager-1.3.0-SNAPSHOT.jar:?]
	at org.apache.hadoop.ozone.om.OzoneManager.getFileStatus(OzoneManager.java:3468) ~[ozone-manager-1.3.0-SNAPSHOT.jar:?]
	at org.apache.hadoop.ozone.protocolPB.OzoneManagerRequestHandler.getOzoneFileStatus(OzoneManagerRequestHandler.java:882) ~[ozone-manager-1.3.0-SNAPSHOT.jar:?]
	at org.apache.hadoop.ozone.protocolPB.OzoneManagerRequestHandler.handleReadRequest(OzoneManagerRequestHandler.java:228) ~[ozone-manager-1.3.0-SNAPSHOT.jar:?]
	at org.apache.hadoop.ozone.protocolPB.OzoneManagerProtocolServerSideTranslatorPB.submitReadRequestToOM(OzoneManagerProtocolServerSideTranslatorPB.java:226) ~[ozone-manager-1.3.0-SNAPSHOT.jar:?]
	at org.apache.hadoop.ozone.protocolPB.OzoneManagerProtocolServerSideTranslatorPB.processRequest(OzoneManagerProtocolServerSideTranslatorPB.java:175) ~[ozone-manager-1.3.0-SNAPSHOT.jar:?]
	at org.apache.hadoop.hdds.server.OzoneProtocolMessageDispatcher.processRequest(OzoneProtocolMessageDispatcher.java:87) [hdds-server-framework-1.3.0-SNAPSHOT.jar:?]
	at org.apache.hadoop.ozone.protocolPB.OzoneManagerProtocolServerSideTranslatorPB.submitRequest(OzoneManagerProtocolServerSideTranslatorPB.java:147) [ozone-manager-1.3.0-SNAPSHOT.jar:?]
	at org.apache.hadoop.ozone.protocol.proto.OzoneManagerProtocolProtos$OzoneManagerService$2.callBlockingMethod(OzoneManagerProtocolProtos.java) [ozone-interface-client-1.3.0-SNAPSHOT.jar:?]
	at org.apache.hadoop.ipc.ProtobufRpcEngine$Server.processCall(ProtobufRpcEngine.java:466) [hadoop-common-3.3.1.jar:?]
	at org.apache.hadoop.ipc.ProtobufRpcEngine2$Server$ProtoBufRpcInvoker.call(ProtobufRpcEngine2.java:574) [hadoop-common-3.3.1.jar:?]
	at org.apache.hadoop.ipc.ProtobufRpcEngine2$Server$ProtoBufRpcInvoker.call(ProtobufRpcEngine2.java:552) [hadoop-common-3.3.1.jar:?]
	at org.apache.hadoop.ipc.RPC$Server.call(RPC.java:1093) [hadoop-common-3.3.1.jar:?]
	at org.apache.hadoop.ipc.Server$RpcCall.run(Server.java:1035) [hadoop-common-3.3.1.jar:?]
	at org.apache.hadoop.ipc.Server$RpcCall.run(Server.java:963) [hadoop-common-3.3.1.jar:?]
	at java.security.AccessController.doPrivileged(Native Method) ~[?:1.8.0_332]
	at javax.security.auth.Subject.doAs(Subject.java:422) [?:1.8.0_332]
	at org.apache.hadoop.security.UserGroupInformation.doAs(UserGroupInformation.java:1878) [hadoop-common-3.3.1.jar:?]
	at org.apache.hadoop.ipc.Server$Handler.run(Server.java:2966) [hadoop-common-3.3.1.jar:?]
13:48:23.384 [IPC Server handler 15 on default port 34619] ERROR OMAudit - user=runner | ip=127.0.0.1 | op=GET_FILE_STATUS {volume=141ca385-9c72-4785-81b1-a5828577f6b4, bucket=85c83bf8-ec83-48c3-9c6e-53d8122ffe37, key=.Trash, dataSize=0, replicationConfig=null} | ret=FAILURE
org.apache.hadoop.ozone.om.exceptions.OMException: Unable to get file status: volume: 141ca385-9c72-4785-81b1-a5828577f6b4 bucket: 85c83bf8-ec83-48c3-9c6e-53d8122ffe37 key: .Trash
	at org.apache.hadoop.ozone.om.KeyManagerImpl.getOzoneFileStatus(KeyManagerImpl.java:1311) ~[ozone-manager-1.3.0-SNAPSHOT.jar:?]
	at org.apache.hadoop.ozone.om.KeyManagerImpl.getFileStatus(KeyManagerImpl.java:1241) ~[ozone-manager-1.3.0-SNAPSHOT.jar:?]
	at org.apache.hadoop.ozone.om.OzoneManager.getFileStatus(OzoneManager.java:3468) ~[ozone-manager-1.3.0-SNAPSHOT.jar:?]
	at org.apache.hadoop.ozone.protocolPB.OzoneManagerRequestHandler.getOzoneFileStatus(OzoneManagerRequestHandler.java:882) ~[ozone-manager-1.3.0-SNAPSHOT.jar:?]
	at org.apache.hadoop.ozone.protocolPB.OzoneManagerRequestHandler.handleReadRequest(OzoneManagerRequestHandler.java:228) ~[ozone-manager-1.3.0-SNAPSHOT.jar:?]
	at org.apache.hadoop.ozone.protocolPB.OzoneManagerProtocolServerSideTranslatorPB.submitReadRequestToOM(OzoneManagerProtocolServerSideTranslatorPB.java:226) ~[ozone-manager-1.3.0-SNAPSHOT.jar:?]
	at org.apache.hadoop.ozone.protocolPB.OzoneManagerProtocolServerSideTranslatorPB.processRequest(OzoneManagerProtocolServerSideTranslatorPB.java:175) ~[ozone-manager-1.3.0-SNAPSHOT.jar:?]
	at org.apache.hadoop.hdds.server.OzoneProtocolMessageDispatcher.processRequest(OzoneProtocolMessageDispatcher.java:87) [hdds-server-framework-1.3.0-SNAPSHOT.jar:?]
	at org.apache.hadoop.ozone.protocolPB.OzoneManagerProtocolServerSideTranslatorPB.submitRequest(OzoneManagerProtocolServerSideTranslatorPB.java:147) [ozone-manager-1.3.0-SNAPSHOT.jar:?]
	at org.apache.hadoop.ozone.protocol.proto.OzoneManagerProtocolProtos$OzoneManagerService$2.callBlockingMethod(OzoneManagerProtocolProtos.java) [ozone-interface-client-1.3.0-SNAPSHOT.jar:?]
	at org.apache.hadoop.ipc.ProtobufRpcEngine$Server.processCall(ProtobufRpcEngine.java:466) [hadoop-common-3.3.1.jar:?]
	at org.apache.hadoop.ipc.ProtobufRpcEngine2$Server$ProtoBufRpcInvoker.call(ProtobufRpcEngine2.java:574) [hadoop-common-3.3.1.jar:?]
	at org.apache.hadoop.ipc.ProtobufRpcEngine2$Server$ProtoBufRpcInvoker.call(ProtobufRpcEngine2.java:552) [hadoop-common-3.3.1.jar:?]
	at org.apache.hadoop.ipc.RPC$Server.call(RPC.java:1093) [hadoop-common-3.3.1.jar:?]
	at org.apache.hadoop.ipc.Server$RpcCall.run(Server.java:1035) [hadoop-common-3.3.1.jar:?]
	at org.apache.hadoop.ipc.Server$RpcCall.run(Server.java:963) [hadoop-common-3.3.1.jar:?]
	at java.security.AccessController.doPrivileged(Native Method) ~[?:1.8.0_332]
	at javax.security.auth.Subject.doAs(Subject.java:422) [?:1.8.0_332]
	at org.apache.hadoop.security.UserGroupInformation.doAs(UserGroupInformation.java:1878) [hadoop-common-3.3.1.jar:?]
	at org.apache.hadoop.ipc.Server$Handler.run(Server.java:2966) [hadoop-common-3.3.1.jar:?]
13:48:23.413 [IPC Server handler 15 on default port 34619] ERROR OMAudit - user=runner | ip=127.0.0.1 | op=GET_FILE_STATUS {volume=volume90290, bucket=bucket55812, key=.Trash/runner, dataSize=0, replicationConfig=null} | ret=FAILURE
org.apache.hadoop.ozone.om.exceptions.OMException: Unable to get file status: volume: volume90290 bucket: bucket55812 key: .Trash/runner
	at org.apache.hadoop.ozone.om.KeyManagerImpl.getOzoneFileStatus(KeyManagerImpl.java:1311) ~[ozone-manager-1.3.0-SNAPSHOT.jar:?]
	at org.apache.hadoop.ozone.om.KeyManagerImpl.getFileStatus(KeyManagerImpl.java:1241) ~[ozone-manager-1.3.0-SNAPSHOT.jar:?]
	at org.apache.hadoop.ozone.om.OzoneManager.getFileStatus(OzoneManager.java:3468) ~[ozone-manager-1.3.0-SNAPSHOT.jar:?]
	at org.apache.hadoop.ozone.protocolPB.OzoneManagerRequestHandler.getOzoneFileStatus(OzoneManagerRequestHandler.java:882) ~[ozone-manager-1.3.0-SNAPSHOT.jar:?]
	at org.apache.hadoop.ozone.protocolPB.OzoneManagerRequestHandler.handleReadRequest(OzoneManagerRequestHandler.java:228) ~[ozone-manager-1.3.0-SNAPSHOT.jar:?]
	at org.apache.hadoop.ozone.protocolPB.OzoneManagerProtocolServerSideTranslatorPB.submitReadRequestToOM(OzoneManagerProtocolServerSideTranslatorPB.java:226) ~[ozone-manager-1.3.0-SNAPSHOT.jar:?]
	at org.apache.hadoop.ozone.protocolPB.OzoneManagerProtocolServerSideTranslatorPB.processRequest(OzoneManagerProtocolServerSideTranslatorPB.java:175) ~[ozone-manager-1.3.0-SNAPSHOT.jar:?]
	at org.apache.hadoop.hdds.server.OzoneProtocolMessageDispatcher.processRequest(OzoneProtocolMessageDispatcher.java:87) [hdds-server-framework-1.3.0-SNAPSHOT.jar:?]
	at org.apache.hadoop.ozone.protocolPB.OzoneManagerProtocolServerSideTranslatorPB.submitRequest(OzoneManagerProtocolServerSideTranslatorPB.java:147) [ozone-manager-1.3.0-SNAPSHOT.jar:?]
	at org.apache.hadoop.ozone.protocol.proto.OzoneManagerProtocolProtos$OzoneManagerService$2.callBlockingMethod(OzoneManagerProtocolProtos.java) [ozone-interface-client-1.3.0-SNAPSHOT.jar:?]
	at org.apache.hadoop.ipc.ProtobufRpcEngine$Server.processCall(ProtobufRpcEngine.java:466) [hadoop-common-3.3.1.jar:?]
	at org.apache.hadoop.ipc.ProtobufRpcEngine2$Server$ProtoBufRpcInvoker.call(ProtobufRpcEngine2.java:574) [hadoop-common-3.3.1.jar:?]
	at org.apache.hadoop.ipc.ProtobufRpcEngine2$Server$ProtoBufRpcInvoker.call(ProtobufRpcEngine2.java:552) [hadoop-common-3.3.1.jar:?]
	at org.apache.hadoop.ipc.RPC$Server.call(RPC.java:1093) [hadoop-common-3.3.1.jar:?]
	at org.apache.hadoop.ipc.Server$RpcCall.run(Server.java:1035) [hadoop-common-3.3.1.jar:?]
	at org.apache.hadoop.ipc.Server$RpcCall.run(Server.java:963) [hadoop-common-3.3.1.jar:?]
	at java.security.AccessController.doPrivileged(Native Method) ~[?:1.8.0_332]
	at javax.security.auth.Subject.doAs(Subject.java:422) [?:1.8.0_332]
	at org.apache.hadoop.security.UserGroupInformation.doAs(UserGroupInformation.java:1878) [hadoop-common-3.3.1.jar:?]
	at org.apache.hadoop.ipc.Server$Handler.run(Server.java:2966) [hadoop-common-3.3.1.jar:?]
13:48:23.417 [IPC Server handler 17 on default port 34619] ERROR OMAudit - user=runner | ip=127.0.0.1 | op=GET_FILE_STATUS {volume=141ca385-9c72-4785-81b1-a5828577f6b4, bucket=85c83bf8-ec83-48c3-9c6e-53d8122ffe37, key=.Trash, dataSize=0, replicationConfig=null} | ret=FAILURE
org.apache.hadoop.ozone.om.exceptions.OMException: Unable to get file status: volume: 141ca385-9c72-4785-81b1-a5828577f6b4 bucket: 85c83bf8-ec83-48c3-9c6e-53d8122ffe37 key: .Trash
	at org.apache.hadoop.ozone.om.KeyManagerImpl.getOzoneFileStatus(KeyManagerImpl.java:1311) ~[ozone-manager-1.3.0-SNAPSHOT.jar:?]
	at org.apache.hadoop.ozone.om.KeyManagerImpl.getFileStatus(KeyManagerImpl.java:1241) ~[ozone-manager-1.3.0-SNAPSHOT.jar:?]
	at org.apache.hadoop.ozone.om.OzoneManager.getFileStatus(OzoneManager.java:3468) ~[ozone-manager-1.3.0-SNAPSHOT.jar:?]
	at org.apache.hadoop.ozone.protocolPB.OzoneManagerRequestHandler.getOzoneFileStatus(OzoneManagerRequestHandler.java:882) ~[ozone-manager-1.3.0-SNAPSHOT.jar:?]
	at org.apache.hadoop.ozone.protocolPB.OzoneManagerRequestHandler.handleReadRequest(OzoneManagerRequestHandler.java:228) ~[ozone-manager-1.3.0-SNAPSHOT.jar:?]
	at org.apache.hadoop.ozone.protocolPB.OzoneManagerProtocolServerSideTranslatorPB.submitReadRequestToOM(OzoneManagerProtocolServerSideTranslatorPB.java:226) ~[ozone-manager-1.3.0-SNAPSHOT.jar:?]
	at org.apache.hadoop.ozone.protocolPB.OzoneManagerProtocolServerSideTranslatorPB.processRequest(OzoneManagerProtocolServerSideTranslatorPB.java:175) ~[ozone-manager-1.3.0-SNAPSHOT.jar:?]
	at org.apache.hadoop.hdds.server.OzoneProtocolMessageDispatcher.processRequest(OzoneProtocolMessageDispatcher.java:87) [hdds-server-framework-1.3.0-SNAPSHOT.jar:?]
	at org.apache.hadoop.ozone.protocolPB.OzoneManagerProtocolServerSideTranslatorPB.submitRequest(OzoneManagerProtocolServerSideTranslatorPB.java:147) [ozone-manager-1.3.0-SNAPSHOT.jar:?]
	at org.apache.hadoop.ozone.protocol.proto.OzoneManagerProtocolProtos$OzoneManagerService$2.callBlockingMethod(OzoneManagerProtocolProtos.java) [ozone-interface-client-1.3.0-SNAPSHOT.jar:?]
	at org.apache.hadoop.ipc.ProtobufRpcEngine$Server.processCall(ProtobufRpcEngine.java:466) [hadoop-common-3.3.1.jar:?]
	at org.apache.hadoop.ipc.ProtobufRpcEngine2$Server$ProtoBufRpcInvoker.call(ProtobufRpcEngine2.java:574) [hadoop-common-3.3.1.jar:?]
	at org.apache.hadoop.ipc.ProtobufRpcEngine2$Server$ProtoBufRpcInvoker.call(ProtobufRpcEngine2.java:552) [hadoop-common-3.3.1.jar:?]
	at org.apache.hadoop.ipc.RPC$Server.call(RPC.java:1093) [hadoop-common-3.3.1.jar:?]
	at org.apache.hadoop.ipc.Server$RpcCall.run(Server.java:1035) [hadoop-common-3.3.1.jar:?]
	at org.apache.hadoop.ipc.Server$RpcCall.run(Server.java:963) [hadoop-common-3.3.1.jar:?]
	at java.security.AccessController.doPrivileged(Native Method) ~[?:1.8.0_332]
	at javax.security.auth.Subject.doAs(Subject.java:422) [?:1.8.0_332]
	at org.apache.hadoop.security.UserGroupInformation.doAs(UserGroupInformation.java:1878) [hadoop-common-3.3.1.jar:?]
	at org.apache.hadoop.ipc.Server$Handler.run(Server.java:2966) [hadoop-common-3.3.1.jar:?]
13:48:23.427 [IPC Server handler 3 on default port 34619] ERROR OMAudit - user=runner | ip=127.0.0.1 | op=GET_FILE_STATUS {volume=volume90290, bucket=bucket55812, key=.Trash, dataSize=0, replicationConfig=null} | ret=FAILURE
org.apache.hadoop.ozone.om.exceptions.OMException: Unable to get file status: volume: volume90290 bucket: bucket55812 key: .Trash
	at org.apache.hadoop.ozone.om.KeyManagerImpl.getOzoneFileStatus(KeyManagerImpl.java:1311) ~[ozone-manager-1.3.0-SNAPSHOT.jar:?]
	at org.apache.hadoop.ozone.om.KeyManagerImpl.getFileStatus(KeyManagerImpl.java:1241) ~[ozone-manager-1.3.0-SNAPSHOT.jar:?]
	at org.apache.hadoop.ozone.om.OzoneManager.getFileStatus(OzoneManager.java:3468) ~[ozone-manager-1.3.0-SNAPSHOT.jar:?]
	at org.apache.hadoop.ozone.protocolPB.OzoneManagerRequestHandler.getOzoneFileStatus(OzoneManagerRequestHandler.java:882) ~[ozone-manager-1.3.0-SNAPSHOT.jar:?]
	at org.apache.hadoop.ozone.protocolPB.OzoneManagerRequestHandler.handleReadRequest(OzoneManagerRequestHandler.java:228) ~[ozone-manager-1.3.0-SNAPSHOT.jar:?]
	at org.apache.hadoop.ozone.protocolPB.OzoneManagerProtocolServerSideTranslatorPB.submitReadRequestToOM(OzoneManagerProtocolServerSideTranslatorPB.java:226) ~[ozone-manager-1.3.0-SNAPSHOT.jar:?]
	at org.apache.hadoop.ozone.protocolPB.OzoneManagerProtocolServerSideTranslatorPB.processRequest(OzoneManagerProtocolServerSideTranslatorPB.java:175) ~[ozone-manager-1.3.0-SNAPSHOT.jar:?]
	at org.apache.hadoop.hdds.server.OzoneProtocolMessageDispatcher.processRequest(OzoneProtocolMessageDispatcher.java:87) [hdds-server-framework-1.3.0-SNAPSHOT.jar:?]
	at org.apache.hadoop.ozone.protocolPB.OzoneManagerProtocolServerSideTranslatorPB.submitRequest(OzoneManagerProtocolServerSideTranslatorPB.java:147) [ozone-manager-1.3.0-SNAPSHOT.jar:?]
	at org.apache.hadoop.ozone.protocol.proto.OzoneManagerProtocolProtos$OzoneManagerService$2.callBlockingMethod(OzoneManagerProtocolProtos.java) [ozone-interface-client-1.3.0-SNAPSHOT.jar:?]
	at org.apache.hadoop.ipc.ProtobufRpcEngine$Server.processCall(ProtobufRpcEngine.java:466) [hadoop-common-3.3.1.jar:?]
	at org.apache.hadoop.ipc.ProtobufRpcEngine2$Server$ProtoBufRpcInvoker.call(ProtobufRpcEngine2.java:574) [hadoop-common-3.3.1.jar:?]
	at org.apache.hadoop.ipc.ProtobufRpcEngine2$Server$ProtoBufRpcInvoker.call(ProtobufRpcEngine2.java:552) [hadoop-common-3.3.1.jar:?]
	at org.apache.hadoop.ipc.RPC$Server.call(RPC.java:1093) [hadoop-common-3.3.1.jar:?]
	at org.apache.hadoop.ipc.Server$RpcCall.run(Server.java:1035) [hadoop-common-3.3.1.jar:?]
	at org.apache.hadoop.ipc.Server$RpcCall.run(Server.java:963) [hadoop-common-3.3.1.jar:?]
	at java.security.AccessController.doPrivileged(Native Method) ~[?:1.8.0_332]
	at javax.security.auth.Subject.doAs(Subject.java:422) [?:1.8.0_332]
	at org.apache.hadoop.security.UserGroupInformation.doAs(UserGroupInformation.java:1878) [hadoop-common-3.3.1.jar:?]
	at org.apache.hadoop.ipc.Server$Handler.run(Server.java:2966) [hadoop-common-3.3.1.jar:?]
13:48:23.435 [IPC Server handler 2 on default port 34619] ERROR OMAudit - user=runner | ip=127.0.0.1 | op=GET_FILE_STATUS {volume=volume31329, bucket=trashroottest2, key=.Trash/runner, dataSize=0, replicationConfig=null} | ret=FAILURE
org.apache.hadoop.ozone.om.exceptions.OMException: Unable to get file status: volume: volume31329 bucket: trashroottest2 key: .Trash/runner
	at org.apache.hadoop.ozone.om.KeyManagerImpl.getOzoneFileStatus(KeyManagerImpl.java:1311) ~[ozone-manager-1.3.0-SNAPSHOT.jar:?]
	at org.apache.hadoop.ozone.om.KeyManagerImpl.getFileStatus(KeyManagerImpl.java:1241) ~[ozone-manager-1.3.0-SNAPSHOT.jar:?]
	at org.apache.hadoop.ozone.om.OzoneManager.getFileStatus(OzoneManager.java:3468) ~[ozone-manager-1.3.0-SNAPSHOT.jar:?]
	at org.apache.hadoop.ozone.protocolPB.OzoneManagerRequestHandler.getOzoneFileStatus(OzoneManagerRequestHandler.java:882) ~[ozone-manager-1.3.0-SNAPSHOT.jar:?]
	at org.apache.hadoop.ozone.protocolPB.OzoneManagerRequestHandler.handleReadRequest(OzoneManagerRequestHandler.java:228) ~[ozone-manager-1.3.0-SNAPSHOT.jar:?]
	at org.apache.hadoop.ozone.protocolPB.OzoneManagerProtocolServerSideTranslatorPB.submitReadRequestToOM(OzoneManagerProtocolServerSideTranslatorPB.java:226) ~[ozone-manager-1.3.0-SNAPSHOT.jar:?]
	at org.apache.hadoop.ozone.protocolPB.OzoneManagerProtocolServerSideTranslatorPB.processRequest(OzoneManagerProtocolServerSideTranslatorPB.java:175) ~[ozone-manager-1.3.0-SNAPSHOT.jar:?]
	at org.apache.hadoop.hdds.server.OzoneProtocolMessageDispatcher.processRequest(OzoneProtocolMessageDispatcher.java:87) [hdds-server-framework-1.3.0-SNAPSHOT.jar:?]
	at org.apache.hadoop.ozone.protocolPB.OzoneManagerProtocolServerSideTranslatorPB.submitRequest(OzoneManagerProtocolServerSideTranslatorPB.java:147) [ozone-manager-1.3.0-SNAPSHOT.jar:?]
	at org.apache.hadoop.ozone.protocol.proto.OzoneManagerProtocolProtos$OzoneManagerService$2.callBlockingMethod(OzoneManagerProtocolProtos.java) [ozone-interface-client-1.3.0-SNAPSHOT.jar:?]
	at org.apache.hadoop.ipc.ProtobufRpcEngine$Server.processCall(ProtobufRpcEngine.java:466) [hadoop-common-3.3.1.jar:?]
	at org.apache.hadoop.ipc.ProtobufRpcEngine2$Server$ProtoBufRpcInvoker.call(ProtobufRpcEngine2.java:574) [hadoop-common-3.3.1.jar:?]
	at org.apache.hadoop.ipc.ProtobufRpcEngine2$Server$ProtoBufRpcInvoker.call(ProtobufRpcEngine2.java:552) [hadoop-common-3.3.1.jar:?]
	at org.apache.hadoop.ipc.RPC$Server.call(RPC.java:1093) [hadoop-common-3.3.1.jar:?]
	at org.apache.hadoop.ipc.Server$RpcCall.run(Server.java:1035) [hadoop-common-3.3.1.jar:?]
	at org.apache.hadoop.ipc.Server$RpcCall.run(Server.java:963) [hadoop-common-3.3.1.jar:?]
	at java.security.AccessController.doPrivileged(Native Method) ~[?:1.8.0_332]
	at javax.security.auth.Subject.doAs(Subject.java:422) [?:1.8.0_332]
	at org.apache.hadoop.security.UserGroupInformation.doAs(UserGroupInformation.java:1878) [hadoop-common-3.3.1.jar:?]
	at org.apache.hadoop.ipc.Server$Handler.run(Server.java:2966) [hadoop-common-3.3.1.jar:?]
13:48:23.437 [IPC Server handler 10 on default port 34619] ERROR OMAudit - user=runner | ip=127.0.0.1 | op=GET_FILE_STATUS {volume=volume90290, bucket=bucket55812, key=.Trash/runner, dataSize=0, replicationConfig=null} | ret=FAILURE
org.apache.hadoop.ozone.om.exceptions.OMException: Unable to get file status: volume: volume90290 bucket: bucket55812 key: .Trash/runner
	at org.apache.hadoop.ozone.om.KeyManagerImpl.getOzoneFileStatus(KeyManagerImpl.java:1311) ~[ozone-manager-1.3.0-SNAPSHOT.jar:?]
	at org.apache.hadoop.ozone.om.KeyManagerImpl.getFileStatus(KeyManagerImpl.java:1241) ~[ozone-manager-1.3.0-SNAPSHOT.jar:?]
	at org.apache.hadoop.ozone.om.OzoneManager.getFileStatus(OzoneManager.java:3468) ~[ozone-manager-1.3.0-SNAPSHOT.jar:?]
	at org.apache.hadoop.ozone.protocolPB.OzoneManagerRequestHandler.getOzoneFileStatus(OzoneManagerRequestHandler.java:882) ~[ozone-manager-1.3.0-SNAPSHOT.jar:?]
	at org.apache.hadoop.ozone.protocolPB.OzoneManagerRequestHandler.handleReadRequest(OzoneManagerRequestHandler.java:228) ~[ozone-manager-1.3.0-SNAPSHOT.jar:?]
	at org.apache.hadoop.ozone.protocolPB.OzoneManagerProtocolServerSideTranslatorPB.submitReadRequestToOM(OzoneManagerProtocolServerSideTranslatorPB.java:226) ~[ozone-manager-1.3.0-SNAPSHOT.jar:?]
	at org.apache.hadoop.ozone.protocolPB.OzoneManagerProtocolServerSideTranslatorPB.processRequest(OzoneManagerProtocolServerSideTranslatorPB.java:175) ~[ozone-manager-1.3.0-SNAPSHOT.jar:?]
	at org.apache.hadoop.hdds.server.OzoneProtocolMessageDispatcher.processRequest(OzoneProtocolMessageDispatcher.java:87) [hdds-server-framework-1.3.0-SNAPSHOT.jar:?]
	at org.apache.hadoop.ozone.protocolPB.OzoneManagerProtocolServerSideTranslatorPB.submitRequest(OzoneManagerProtocolServerSideTranslatorPB.java:147) [ozone-manager-1.3.0-SNAPSHOT.jar:?]
	at org.apache.hadoop.ozone.protocol.proto.OzoneManagerProtocolProtos$OzoneManagerService$2.callBlockingMethod(OzoneManagerProtocolProtos.java) [ozone-interface-client-1.3.0-SNAPSHOT.jar:?]
	at org.apache.hadoop.ipc.ProtobufRpcEngine$Server.processCall(ProtobufRpcEngine.java:466) [hadoop-common-3.3.1.jar:?]
	at org.apache.hadoop.ipc.ProtobufRpcEngine2$Server$ProtoBufRpcInvoker.call(ProtobufRpcEngine2.java:574) [hadoop-common-3.3.1.jar:?]
	at org.apache.hadoop.ipc.ProtobufRpcEngine2$Server$ProtoBufRpcInvoker.call(ProtobufRpcEngine2.java:552) [hadoop-common-3.3.1.jar:?]
	at org.apache.hadoop.ipc.RPC$Server.call(RPC.java:1093) [hadoop-common-3.3.1.jar:?]
	at org.apache.hadoop.ipc.Server$RpcCall.run(Server.java:1035) [hadoop-common-3.3.1.jar:?]
	at org.apache.hadoop.ipc.Server$RpcCall.run(Server.java:963) [hadoop-common-3.3.1.jar:?]
	at java.security.AccessController.doPrivileged(Native Method) ~[?:1.8.0_332]
	at javax.security.auth.Subject.doAs(Subject.java:422) [?:1.8.0_332]
	at org.apache.hadoop.security.UserGroupInformation.doAs(UserGroupInformation.java:1878) [hadoop-common-3.3.1.jar:?]
	at org.apache.hadoop.ipc.Server$Handler.run(Server.java:2966) [hadoop-common-3.3.1.jar:?]
13:48:23.439 [IPC Server handler 19 on default port 34619] ERROR OMAudit - user=runner | ip=127.0.0.1 | op=GET_FILE_STATUS {volume=141ca385-9c72-4785-81b1-a5828577f6b4, bucket=85c83bf8-ec83-48c3-9c6e-53d8122ffe37, key=.Trash, dataSize=0, replicationConfig=null} | ret=FAILURE
org.apache.hadoop.ozone.om.exceptions.OMException: Unable to get file status: volume: 141ca385-9c72-4785-81b1-a5828577f6b4 bucket: 85c83bf8-ec83-48c3-9c6e-53d8122ffe37 key: .Trash
	at org.apache.hadoop.ozone.om.KeyManagerImpl.getOzoneFileStatus(KeyManagerImpl.java:1311) ~[ozone-manager-1.3.0-SNAPSHOT.jar:?]
	at org.apache.hadoop.ozone.om.KeyManagerImpl.getFileStatus(KeyManagerImpl.java:1241) ~[ozone-manager-1.3.0-SNAPSHOT.jar:?]
	at org.apache.hadoop.ozone.om.OzoneManager.getFileStatus(OzoneManager.java:3468) ~[ozone-manager-1.3.0-SNAPSHOT.jar:?]
	at org.apache.hadoop.ozone.protocolPB.OzoneManagerRequestHandler.getOzoneFileStatus(OzoneManagerRequestHandler.java:882) ~[ozone-manager-1.3.0-SNAPSHOT.jar:?]
	at org.apache.hadoop.ozone.protocolPB.OzoneManagerRequestHandler.handleReadRequest(OzoneManagerRequestHandler.java:228) ~[ozone-manager-1.3.0-SNAPSHOT.jar:?]
	at org.apache.hadoop.ozone.protocolPB.OzoneManagerProtocolServerSideTranslatorPB.submitReadRequestToOM(OzoneManagerProtocolServerSideTranslatorPB.java:226) ~[ozone-manager-1.3.0-SNAPSHOT.jar:?]
	at org.apache.hadoop.ozone.protocolPB.OzoneManagerProtocolServerSideTranslatorPB.processRequest(OzoneManagerProtocolServerSideTranslatorPB.java:175) ~[ozone-manager-1.3.0-SNAPSHOT.jar:?]
	at org.apache.hadoop.hdds.server.OzoneProtocolMessageDispatcher.processRequest(OzoneProtocolMessageDispatcher.java:87) [hdds-server-framework-1.3.0-SNAPSHOT.jar:?]
	at org.apache.hadoop.ozone.protocolPB.OzoneManagerProtocolServerSideTranslatorPB.submitRequest(OzoneManagerProtocolServerSideTranslatorPB.java:147) [ozone-manager-1.3.0-SNAPSHOT.jar:?]
	at org.apache.hadoop.ozone.protocol.proto.OzoneManagerProtocolProtos$OzoneManagerService$2.callBlockingMethod(OzoneManagerProtocolProtos.java) [ozone-interface-client-1.3.0-SNAPSHOT.jar:?]
	at org.apache.hadoop.ipc.ProtobufRpcEngine$Server.processCall(ProtobufRpcEngine.java:466) [hadoop-common-3.3.1.jar:?]
	at org.apache.hadoop.ipc.ProtobufRpcEngine2$Server$ProtoBufRpcInvoker.call(ProtobufRpcEngine2.java:574) [hadoop-common-3.3.1.jar:?]
	at org.apache.hadoop.ipc.ProtobufRpcEngine2$Server$ProtoBufRpcInvoker.call(ProtobufRpcEngine2.java:552) [hadoop-common-3.3.1.jar:?]
	at org.apache.hadoop.ipc.RPC$Server.call(RPC.java:1093) [hadoop-common-3.3.1.jar:?]
	at org.apache.hadoop.ipc.Server$RpcCall.run(Server.java:1035) [hadoop-common-3.3.1.jar:?]
	at org.apache.hadoop.ipc.Server$RpcCall.run(Server.java:963) [hadoop-common-3.3.1.jar:?]
	at java.security.AccessController.doPrivileged(Native Method) ~[?:1.8.0_332]
	at javax.security.auth.Subject.doAs(Subject.java:422) [?:1.8.0_332]
	at org.apache.hadoop.security.UserGroupInformation.doAs(UserGroupInformation.java:1878) [hadoop-common-3.3.1.jar:?]
	at org.apache.hadoop.ipc.Server$Handler.run(Server.java:2966) [hadoop-common-3.3.1.jar:?]
13:48:23.443 [IPC Server handler 9 on default port 34619] ERROR OMAudit - user=runner | ip=127.0.0.1 | op=GET_FILE_STATUS {volume=volume31329, bucket=trashroottest2, key=.Trash, dataSize=0, replicationConfig=null} | ret=FAILURE
org.apache.hadoop.ozone.om.exceptions.OMException: Unable to get file status: volume: volume31329 bucket: trashroottest2 key: .Trash
	at org.apache.hadoop.ozone.om.KeyManagerImpl.getOzoneFileStatus(KeyManagerImpl.java:1311) ~[ozone-manager-1.3.0-SNAPSHOT.jar:?]
	at org.apache.hadoop.ozone.om.KeyManagerImpl.getFileStatus(KeyManagerImpl.java:1241) ~[ozone-manager-1.3.0-SNAPSHOT.jar:?]
	at org.apache.hadoop.ozone.om.OzoneManager.getFileStatus(OzoneManager.java:3468) ~[ozone-manager-1.3.0-SNAPSHOT.jar:?]
	at org.apache.hadoop.ozone.protocolPB.OzoneManagerRequestHandler.getOzoneFileStatus(OzoneManagerRequestHandler.java:882) ~[ozone-manager-1.3.0-SNAPSHOT.jar:?]
	at org.apache.hadoop.ozone.protocolPB.OzoneManagerRequestHandler.handleReadRequest(OzoneManagerRequestHandler.java:228) ~[ozone-manager-1.3.0-SNAPSHOT.jar:?]
	at org.apache.hadoop.ozone.protocolPB.OzoneManagerProtocolServerSideTranslatorPB.submitReadRequestToOM(OzoneManagerProtocolServerSideTranslatorPB.java:226) ~[ozone-manager-1.3.0-SNAPSHOT.jar:?]
	at org.apache.hadoop.ozone.protocolPB.OzoneManagerProtocolServerSideTranslatorPB.processRequest(OzoneManagerProtocolServerSideTranslatorPB.java:175) ~[ozone-manager-1.3.0-SNAPSHOT.jar:?]
	at org.apache.hadoop.hdds.server.OzoneProtocolMessageDispatcher.processRequest(OzoneProtocolMessageDispatcher.java:87) [hdds-server-framework-1.3.0-SNAPSHOT.jar:?]
	at org.apache.hadoop.ozone.protocolPB.OzoneManagerProtocolServerSideTranslatorPB.submitRequest(OzoneManagerProtocolServerSideTranslatorPB.java:147) [ozone-manager-1.3.0-SNAPSHOT.jar:?]
	at org.apache.hadoop.ozone.protocol.proto.OzoneManagerProtocolProtos$OzoneManagerService$2.callBlockingMethod(OzoneManagerProtocolProtos.java) [ozone-interface-client-1.3.0-SNAPSHOT.jar:?]
	at org.apache.hadoop.ipc.ProtobufRpcEngine$Server.processCall(ProtobufRpcEngine.java:466) [hadoop-common-3.3.1.jar:?]
	at org.apache.hadoop.ipc.ProtobufRpcEngine2$Server$ProtoBufRpcInvoker.call(ProtobufRpcEngine2.java:574) [hadoop-common-3.3.1.jar:?]
	at org.apache.hadoop.ipc.ProtobufRpcEngine2$Server$ProtoBufRpcInvoker.call(ProtobufRpcEngine2.java:552) [hadoop-common-3.3.1.jar:?]
	at org.apache.hadoop.ipc.RPC$Server.call(RPC.java:1093) [hadoop-common-3.3.1.jar:?]
	at org.apache.hadoop.ipc.Server$RpcCall.run(Server.java:1035) [hadoop-common-3.3.1.jar:?]
	at org.apache.hadoop.ipc.Server$RpcCall.run(Server.java:963) [hadoop-common-3.3.1.jar:?]
	at java.security.AccessController.doPrivileged(Native Method) ~[?:1.8.0_332]
	at javax.security.auth.Subject.doAs(Subject.java:422) [?:1.8.0_332]
	at org.apache.hadoop.security.UserGroupInformation.doAs(UserGroupInformation.java:1878) [hadoop-common-3.3.1.jar:?]
	at org.apache.hadoop.ipc.Server$Handler.run(Server.java:2966) [hadoop-common-3.3.1.jar:?]
13:48:23.446 [IPC Server handler 14 on default port 34619] ERROR OMAudit - user=runner | ip=127.0.0.1 | op=GET_FILE_STATUS {volume=volume90290, bucket=bucket55812, key=.Trash, dataSize=0, replicationConfig=null} | ret=FAILURE
org.apache.hadoop.ozone.om.exceptions.OMException: Unable to get file status: volume: volume90290 bucket: bucket55812 key: .Trash
	at org.apache.hadoop.ozone.om.KeyManagerImpl.getOzoneFileStatus(KeyManagerImpl.java:1311) ~[ozone-manager-1.3.0-SNAPSHOT.jar:?]
	at org.apache.hadoop.ozone.om.KeyManagerImpl.getFileStatus(KeyManagerImpl.java:1241) ~[ozone-manager-1.3.0-SNAPSHOT.jar:?]
	at org.apache.hadoop.ozone.om.OzoneManager.getFileStatus(OzoneManager.java:3468) ~[ozone-manager-1.3.0-SNAPSHOT.jar:?]
	at org.apache.hadoop.ozone.protocolPB.OzoneManagerRequestHandler.getOzoneFileStatus(OzoneManagerRequestHandler.java:882) ~[ozone-manager-1.3.0-SNAPSHOT.jar:?]
	at org.apache.hadoop.ozone.protocolPB.OzoneManagerRequestHandler.handleReadRequest(OzoneManagerRequestHandler.java:228) ~[ozone-manager-1.3.0-SNAPSHOT.jar:?]
	at org.apache.hadoop.ozone.protocolPB.OzoneManagerProtocolServerSideTranslatorPB.submitReadRequestToOM(OzoneManagerProtocolServerSideTranslatorPB.java:226) ~[ozone-manager-1.3.0-SNAPSHOT.jar:?]
	at org.apache.hadoop.ozone.protocolPB.OzoneManagerProtocolServerSideTranslatorPB.processRequest(OzoneManagerProtocolServerSideTranslatorPB.java:175) ~[ozone-manager-1.3.0-SNAPSHOT.jar:?]
	at org.apache.hadoop.hdds.server.OzoneProtocolMessageDispatcher.processRequest(OzoneProtocolMessageDispatcher.java:87) [hdds-server-framework-1.3.0-SNAPSHOT.jar:?]
	at org.apache.hadoop.ozone.protocolPB.OzoneManagerProtocolServerSideTranslatorPB.submitRequest(OzoneManagerProtocolServerSideTranslatorPB.java:147) [ozone-manager-1.3.0-SNAPSHOT.jar:?]
	at org.apache.hadoop.ozone.protocol.proto.OzoneManagerProtocolProtos$OzoneManagerService$2.callBlockingMethod(OzoneManagerProtocolProtos.java) [ozone-interface-client-1.3.0-SNAPSHOT.jar:?]
	at org.apache.hadoop.ipc.ProtobufRpcEngine$Server.processCall(ProtobufRpcEngine.java:466) [hadoop-common-3.3.1.jar:?]
	at org.apache.hadoop.ipc.ProtobufRpcEngine2$Server$ProtoBufRpcInvoker.call(ProtobufRpcEngine2.java:574) [hadoop-common-3.3.1.jar:?]
	at org.apache.hadoop.ipc.ProtobufRpcEngine2$Server$ProtoBufRpcInvoker.call(ProtobufRpcEngine2.java:552) [hadoop-common-3.3.1.jar:?]
	at org.apache.hadoop.ipc.RPC$Server.call(RPC.java:1093) [hadoop-common-3.3.1.jar:?]
	at org.apache.hadoop.ipc.Server$RpcCall.run(Server.java:1035) [hadoop-common-3.3.1.jar:?]
	at org.apache.hadoop.ipc.Server$RpcCall.run(Server.java:963) [hadoop-common-3.3.1.jar:?]
	at java.security.AccessController.doPrivileged(Native Method) ~[?:1.8.0_332]
	at javax.security.auth.Subject.doAs(Subject.java:422) [?:1.8.0_332]
	at org.apache.hadoop.security.UserGroupInformation.doAs(UserGroupInformation.java:1878) [hadoop-common-3.3.1.jar:?]
	at org.apache.hadoop.ipc.Server$Handler.run(Server.java:2966) [hadoop-common-3.3.1.jar:?]
13:48:23.454 [IPC Server handler 1 on default port 34619] ERROR OMAudit - user=runner | ip=127.0.0.1 | op=GET_FILE_STATUS {volume=volume31329, bucket=trashroottest2, key=.Trash/runner, dataSize=0, replicationConfig=null} | ret=FAILURE
org.apache.hadoop.ozone.om.exceptions.OMException: Unable to get file status: volume: volume31329 bucket: trashroottest2 key: .Trash/runner
	at org.apache.hadoop.ozone.om.KeyManagerImpl.getOzoneFileStatus(KeyManagerImpl.java:1311) ~[ozone-manager-1.3.0-SNAPSHOT.jar:?]
	at org.apache.hadoop.ozone.om.KeyManagerImpl.getFileStatus(KeyManagerImpl.java:1241) ~[ozone-manager-1.3.0-SNAPSHOT.jar:?]
	at org.apache.hadoop.ozone.om.OzoneManager.getFileStatus(OzoneManager.java:3468) ~[ozone-manager-1.3.0-SNAPSHOT.jar:?]
	at org.apache.hadoop.ozone.protocolPB.OzoneManagerRequestHandler.getOzoneFileStatus(OzoneManagerRequestHandler.java:882) ~[ozone-manager-1.3.0-SNAPSHOT.jar:?]
	at org.apache.hadoop.ozone.protocolPB.OzoneManagerRequestHandler.handleReadRequest(OzoneManagerRequestHandler.java:228) ~[ozone-manager-1.3.0-SNAPSHOT.jar:?]
	at org.apache.hadoop.ozone.protocolPB.OzoneManagerProtocolServerSideTranslatorPB.submitReadRequestToOM(OzoneManagerProtocolServerSideTranslatorPB.java:226) ~[ozone-manager-1.3.0-SNAPSHOT.jar:?]
	at org.apache.hadoop.ozone.protocolPB.OzoneManagerProtocolServerSideTranslatorPB.processRequest(OzoneManagerProtocolServerSideTranslatorPB.java:175) ~[ozone-manager-1.3.0-SNAPSHOT.jar:?]
	at org.apache.hadoop.hdds.server.OzoneProtocolMessageDispatcher.processRequest(OzoneProtocolMessageDispatcher.java:87) [hdds-server-framework-1.3.0-SNAPSHOT.jar:?]
	at org.apache.hadoop.ozone.protocolPB.OzoneManagerProtocolServerSideTranslatorPB.submitRequest(OzoneManagerProtocolServerSideTranslatorPB.java:147) [ozone-manager-1.3.0-SNAPSHOT.jar:?]
	at org.apache.hadoop.ozone.protocol.proto.OzoneManagerProtocolProtos$OzoneManagerService$2.callBlockingMethod(OzoneManagerProtocolProtos.java) [ozone-interface-client-1.3.0-SNAPSHOT.jar:?]
	at org.apache.hadoop.ipc.ProtobufRpcEngine$Server.processCall(ProtobufRpcEngine.java:466) [hadoop-common-3.3.1.jar:?]
	at org.apache.hadoop.ipc.ProtobufRpcEngine2$Server$ProtoBufRpcInvoker.call(ProtobufRpcEngine2.java:574) [hadoop-common-3.3.1.jar:?]
	at org.apache.hadoop.ipc.ProtobufRpcEngine2$Server$ProtoBufRpcInvoker.call(ProtobufRpcEngine2.java:552) [hadoop-common-3.3.1.jar:?]
	at org.apache.hadoop.ipc.RPC$Server.call(RPC.java:1093) [hadoop-common-3.3.1.jar:?]
	at org.apache.hadoop.ipc.Server$RpcCall.run(Server.java:1035) [hadoop-common-3.3.1.jar:?]
	at org.apache.hadoop.ipc.Server$RpcCall.run(Server.java:963) [hadoop-common-3.3.1.jar:?]
	at java.security.AccessController.doPrivileged(Native Method) ~[?:1.8.0_332]
	at javax.security.auth.Subject.doAs(Subject.java:422) [?:1.8.0_332]
	at org.apache.hadoop.security.UserGroupInformation.doAs(UserGroupInformation.java:1878) [hadoop-common-3.3.1.jar:?]
	at org.apache.hadoop.ipc.Server$Handler.run(Server.java:2966) [hadoop-common-3.3.1.jar:?]
13:48:23.456 [IPC Server handler 4 on default port 34619] ERROR OMAudit - user=runner | ip=127.0.0.1 | op=GET_FILE_STATUS {volume=volume90290, bucket=bucket55812, key=.Trash/runner, dataSize=0, replicationConfig=null} | ret=FAILURE
org.apache.hadoop.ozone.om.exceptions.OMException: Unable to get file status: volume: volume90290 bucket: bucket55812 key: .Trash/runner
	at org.apache.hadoop.ozone.om.KeyManagerImpl.getOzoneFileStatus(KeyManagerImpl.java:1311) ~[ozone-manager-1.3.0-SNAPSHOT.jar:?]
	at org.apache.hadoop.ozone.om.KeyManagerImpl.getFileStatus(KeyManagerImpl.java:1241) ~[ozone-manager-1.3.0-SNAPSHOT.jar:?]
	at org.apache.hadoop.ozone.om.OzoneManager.getFileStatus(OzoneManager.java:3468) ~[ozone-manager-1.3.0-SNAPSHOT.jar:?]
	at org.apache.hadoop.ozone.protocolPB.OzoneManagerRequestHandler.getOzoneFileStatus(OzoneManagerRequestHandler.java:882) ~[ozone-manager-1.3.0-SNAPSHOT.jar:?]
	at org.apache.hadoop.ozone.protocolPB.OzoneManagerRequestHandler.handleReadRequest(OzoneManagerRequestHandler.java:228) ~[ozone-manager-1.3.0-SNAPSHOT.jar:?]
	at org.apache.hadoop.ozone.protocolPB.OzoneManagerProtocolServerSideTranslatorPB.submitReadRequestToOM(OzoneManagerProtocolServerSideTranslatorPB.java:226) ~[ozone-manager-1.3.0-SNAPSHOT.jar:?]
	at org.apache.hadoop.ozone.protocolPB.OzoneManagerProtocolServerSideTranslatorPB.processRequest(OzoneManagerProtocolServerSideTranslatorPB.java:175) ~[ozone-manager-1.3.0-SNAPSHOT.jar:?]
	at org.apache.hadoop.hdds.server.OzoneProtocolMessageDispatcher.processRequest(OzoneProtocolMessageDispatcher.java:87) [hdds-server-framework-1.3.0-SNAPSHOT.jar:?]
	at org.apache.hadoop.ozone.protocolPB.OzoneManagerProtocolServerSideTranslatorPB.submitRequest(OzoneManagerProtocolServerSideTranslatorPB.java:147) [ozone-manager-1.3.0-SNAPSHOT.jar:?]
	at org.apache.hadoop.ozone.protocol.proto.OzoneManagerProtocolProtos$OzoneManagerService$2.callBlockingMethod(OzoneManagerProtocolProtos.java) [ozone-interface-client-1.3.0-SNAPSHOT.jar:?]
	at org.apache.hadoop.ipc.ProtobufRpcEngine$Server.processCall(ProtobufRpcEngine.java:466) [hadoop-common-3.3.1.jar:?]
	at org.apache.hadoop.ipc.ProtobufRpcEngine2$Server$ProtoBufRpcInvoker.call(ProtobufRpcEngine2.java:574) [hadoop-common-3.3.1.jar:?]
	at org.apache.hadoop.ipc.ProtobufRpcEngine2$Server$ProtoBufRpcInvoker.call(ProtobufRpcEngine2.java:552) [hadoop-common-3.3.1.jar:?]
	at org.apache.hadoop.ipc.RPC$Server.call(RPC.java:1093) [hadoop-common-3.3.1.jar:?]
	at org.apache.hadoop.ipc.Server$RpcCall.run(Server.java:1035) [hadoop-common-3.3.1.jar:?]
	at org.apache.hadoop.ipc.Server$RpcCall.run(Server.java:963) [hadoop-common-3.3.1.jar:?]
	at java.security.AccessController.doPrivileged(Native Method) ~[?:1.8.0_332]
	at javax.security.auth.Subject.doAs(Subject.java:422) [?:1.8.0_332]
	at org.apache.hadoop.security.UserGroupInformation.doAs(UserGroupInformation.java:1878) [hadoop-common-3.3.1.jar:?]
	at org.apache.hadoop.ipc.Server$Handler.run(Server.java:2966) [hadoop-common-3.3.1.jar:?]
13:48:23.458 [IPC Server handler 8 on default port 34619] ERROR OMAudit - user=runner | ip=127.0.0.1 | op=GET_FILE_STATUS {volume=141ca385-9c72-4785-81b1-a5828577f6b4, bucket=85c83bf8-ec83-48c3-9c6e-53d8122ffe37, key=.Trash, dataSize=0, replicationConfig=null} | ret=FAILURE
org.apache.hadoop.ozone.om.exceptions.OMException: Unable to get file status: volume: 141ca385-9c72-4785-81b1-a5828577f6b4 bucket: 85c83bf8-ec83-48c3-9c6e-53d8122ffe37 key: .Trash
	at org.apache.hadoop.ozone.om.KeyManagerImpl.getOzoneFileStatus(KeyManagerImpl.java:1311) ~[ozone-manager-1.3.0-SNAPSHOT.jar:?]
	at org.apache.hadoop.ozone.om.KeyManagerImpl.getFileStatus(KeyManagerImpl.java:1241) ~[ozone-manager-1.3.0-SNAPSHOT.jar:?]
	at org.apache.hadoop.ozone.om.OzoneManager.getFileStatus(OzoneManager.java:3468) ~[ozone-manager-1.3.0-SNAPSHOT.jar:?]
	at org.apache.hadoop.ozone.protocolPB.OzoneManagerRequestHandler.getOzoneFileStatus(OzoneManagerRequestHandler.java:882) ~[ozone-manager-1.3.0-SNAPSHOT.jar:?]
	at org.apache.hadoop.ozone.protocolPB.OzoneManagerRequestHandler.handleReadRequest(OzoneManagerRequestHandler.java:228) ~[ozone-manager-1.3.0-SNAPSHOT.jar:?]
	at org.apache.hadoop.ozone.protocolPB.OzoneManagerProtocolServerSideTranslatorPB.submitReadRequestToOM(OzoneManagerProtocolServerSideTranslatorPB.java:226) ~[ozone-manager-1.3.0-SNAPSHOT.jar:?]
	at org.apache.hadoop.ozone.protocolPB.OzoneManagerProtocolServerSideTranslatorPB.processRequest(OzoneManagerProtocolServerSideTranslatorPB.java:175) ~[ozone-manager-1.3.0-SNAPSHOT.jar:?]
	at org.apache.hadoop.hdds.server.OzoneProtocolMessageDispatcher.processRequest(OzoneProtocolMessageDispatcher.java:87) [hdds-server-framework-1.3.0-SNAPSHOT.jar:?]
	at org.apache.hadoop.ozone.protocolPB.OzoneManagerProtocolServerSideTranslatorPB.submitRequest(OzoneManagerProtocolServerSideTranslatorPB.java:147) [ozone-manager-1.3.0-SNAPSHOT.jar:?]
	at org.apache.hadoop.ozone.protocol.proto.OzoneManagerProtocolProtos$OzoneManagerService$2.callBlockingMethod(OzoneManagerProtocolProtos.java) [ozone-interface-client-1.3.0-SNAPSHOT.jar:?]
	at org.apache.hadoop.ipc.ProtobufRpcEngine$Server.processCall(ProtobufRpcEngine.java:466) [hadoop-common-3.3.1.jar:?]
	at org.apache.hadoop.ipc.ProtobufRpcEngine2$Server$ProtoBufRpcInvoker.call(ProtobufRpcEngine2.java:574) [hadoop-common-3.3.1.jar:?]
	at org.apache.hadoop.ipc.ProtobufRpcEngine2$Server$ProtoBufRpcInvoker.call(ProtobufRpcEngine2.java:552) [hadoop-common-3.3.1.jar:?]
	at org.apache.hadoop.ipc.RPC$Server.call(RPC.java:1093) [hadoop-common-3.3.1.jar:?]
	at org.apache.hadoop.ipc.Server$RpcCall.run(Server.java:1035) [hadoop-common-3.3.1.jar:?]
	at org.apache.hadoop.ipc.Server$RpcCall.run(Server.java:963) [hadoop-common-3.3.1.jar:?]
	at java.security.AccessController.doPrivileged(Native Method) ~[?:1.8.0_332]
	at javax.security.auth.Subject.doAs(Subject.java:422) [?:1.8.0_332]
	at org.apache.hadoop.security.UserGroupInformation.doAs(UserGroupInformation.java:1878) [hadoop-common-3.3.1.jar:?]
	at org.apache.hadoop.ipc.Server$Handler.run(Server.java:2966) [hadoop-common-3.3.1.jar:?]
13:48:23.462 [IPC Server handler 18 on default port 34619] ERROR OMAudit - user=runner | ip=127.0.0.1 | op=GET_FILE_STATUS {volume=volume31329, bucket=trashroottest2, key=.Trash, dataSize=0, replicationConfig=null} | ret=FAILURE
org.apache.hadoop.ozone.om.exceptions.OMException: Unable to get file status: volume: volume31329 bucket: trashroottest2 key: .Trash
	at org.apache.hadoop.ozone.om.KeyManagerImpl.getOzoneFileStatus(KeyManagerImpl.java:1311) ~[ozone-manager-1.3.0-SNAPSHOT.jar:?]
	at org.apache.hadoop.ozone.om.KeyManagerImpl.getFileStatus(KeyManagerImpl.java:1241) ~[ozone-manager-1.3.0-SNAPSHOT.jar:?]
	at org.apache.hadoop.ozone.om.OzoneManager.getFileStatus(OzoneManager.java:3468) ~[ozone-manager-1.3.0-SNAPSHOT.jar:?]
	at org.apache.hadoop.ozone.protocolPB.OzoneManagerRequestHandler.getOzoneFileStatus(OzoneManagerRequestHandler.java:882) ~[ozone-manager-1.3.0-SNAPSHOT.jar:?]
	at org.apache.hadoop.ozone.protocolPB.OzoneManagerRequestHandler.handleReadRequest(OzoneManagerRequestHandler.java:228) ~[ozone-manager-1.3.0-SNAPSHOT.jar:?]
	at org.apache.hadoop.ozone.protocolPB.OzoneManagerProtocolServerSideTranslatorPB.submitReadRequestToOM(OzoneManagerProtocolServerSideTranslatorPB.java:226) ~[ozone-manager-1.3.0-SNAPSHOT.jar:?]
	at org.apache.hadoop.ozone.protocolPB.OzoneManagerProtocolServerSideTranslatorPB.processRequest(OzoneManagerProtocolServerSideTranslatorPB.java:175) ~[ozone-manager-1.3.0-SNAPSHOT.jar:?]
	at org.apache.hadoop.hdds.server.OzoneProtocolMessageDispatcher.processRequest(OzoneProtocolMessageDispatcher.java:87) [hdds-server-framework-1.3.0-SNAPSHOT.jar:?]
	at org.apache.hadoop.ozone.protocolPB.OzoneManagerProtocolServerSideTranslatorPB.submitRequest(OzoneManagerProtocolServerSideTranslatorPB.java:147) [ozone-manager-1.3.0-SNAPSHOT.jar:?]
	at org.apache.hadoop.ozone.protocol.proto.OzoneManagerProtocolProtos$OzoneManagerService$2.callBlockingMethod(OzoneManagerProtocolProtos.java) [ozone-interface-client-1.3.0-SNAPSHOT.jar:?]
	at org.apache.hadoop.ipc.ProtobufRpcEngine$Server.processCall(ProtobufRpcEngine.java:466) [hadoop-common-3.3.1.jar:?]
	at org.apache.hadoop.ipc.ProtobufRpcEngine2$Server$ProtoBufRpcInvoker.call(ProtobufRpcEngine2.java:574) [hadoop-common-3.3.1.jar:?]
	at org.apache.hadoop.ipc.ProtobufRpcEngine2$Server$ProtoBufRpcInvoker.call(ProtobufRpcEngine2.java:552) [hadoop-common-3.3.1.jar:?]
	at org.apache.hadoop.ipc.RPC$Server.call(RPC.java:1093) [hadoop-common-3.3.1.jar:?]
	at org.apache.hadoop.ipc.Server$RpcCall.run(Server.java:1035) [hadoop-common-3.3.1.jar:?]
	at org.apache.hadoop.ipc.Server$RpcCall.run(Server.java:963) [hadoop-common-3.3.1.jar:?]
	at java.security.AccessController.doPrivileged(Native Method) ~[?:1.8.0_332]
	at javax.security.auth.Subject.doAs(Subject.java:422) [?:1.8.0_332]
	at org.apache.hadoop.security.UserGroupInformation.doAs(UserGroupInformation.java:1878) [hadoop-common-3.3.1.jar:?]
	at org.apache.hadoop.ipc.Server$Handler.run(Server.java:2966) [hadoop-common-3.3.1.jar:?]
13:48:23.466 [IPC Server handler 16 on default port 34619] ERROR OMAudit - user=runner | ip=127.0.0.1 | op=GET_FILE_STATUS {volume=volume90290, bucket=bucket55812, key=.Trash, dataSize=0, replicationConfig=null} | ret=FAILURE
org.apache.hadoop.ozone.om.exceptions.OMException: Unable to get file status: volume: volume90290 bucket: bucket55812 key: .Trash
	at org.apache.hadoop.ozone.om.KeyManagerImpl.getOzoneFileStatus(KeyManagerImpl.java:1311) ~[ozone-manager-1.3.0-SNAPSHOT.jar:?]
	at org.apache.hadoop.ozone.om.KeyManagerImpl.getFileStatus(KeyManagerImpl.java:1241) ~[ozone-manager-1.3.0-SNAPSHOT.jar:?]
	at org.apache.hadoop.ozone.om.OzoneManager.getFileStatus(OzoneManager.java:3468) ~[ozone-manager-1.3.0-SNAPSHOT.jar:?]
	at org.apache.hadoop.ozone.protocolPB.OzoneManagerRequestHandler.getOzoneFileStatus(OzoneManagerRequestHandler.java:882) ~[ozone-manager-1.3.0-SNAPSHOT.jar:?]
	at org.apache.hadoop.ozone.protocolPB.OzoneManagerRequestHandler.handleReadRequest(OzoneManagerRequestHandler.java:228) ~[ozone-manager-1.3.0-SNAPSHOT.jar:?]
	at org.apache.hadoop.ozone.protocolPB.OzoneManagerProtocolServerSideTranslatorPB.submitReadRequestToOM(OzoneManagerProtocolServerSideTranslatorPB.java:226) ~[ozone-manager-1.3.0-SNAPSHOT.jar:?]
	at org.apache.hadoop.ozone.protocolPB.OzoneManagerProtocolServerSideTranslatorPB.processRequest(OzoneManagerProtocolServerSideTranslatorPB.java:175) ~[ozone-manager-1.3.0-SNAPSHOT.jar:?]
	at org.apache.hadoop.hdds.server.OzoneProtocolMessageDispatcher.processRequest(OzoneProtocolMessageDispatcher.java:87) [hdds-server-framework-1.3.0-SNAPSHOT.jar:?]
	at org.apache.hadoop.ozone.protocolPB.OzoneManagerProtocolServerSideTranslatorPB.submitRequest(OzoneManagerProtocolServerSideTranslatorPB.java:147) [ozone-manager-1.3.0-SNAPSHOT.jar:?]
	at org.apache.hadoop.ozone.protocol.proto.OzoneManagerProtocolProtos$OzoneManagerService$2.callBlockingMethod(OzoneManagerProtocolProtos.java) [ozone-interface-client-1.3.0-SNAPSHOT.jar:?]
	at org.apache.hadoop.ipc.ProtobufRpcEngine$Server.processCall(ProtobufRpcEngine.java:466) [hadoop-common-3.3.1.jar:?]
	at org.apache.hadoop.ipc.ProtobufRpcEngine2$Server$ProtoBufRpcInvoker.call(ProtobufRpcEngine2.java:574) [hadoop-common-3.3.1.jar:?]
	at org.apache.hadoop.ipc.ProtobufRpcEngine2$Server$ProtoBufRpcInvoker.call(ProtobufRpcEngine2.java:552) [hadoop-common-3.3.1.jar:?]
	at org.apache.hadoop.ipc.RPC$Server.call(RPC.java:1093) [hadoop-common-3.3.1.jar:?]
	at org.apache.hadoop.ipc.Server$RpcCall.run(Server.java:1035) [hadoop-common-3.3.1.jar:?]
	at org.apache.hadoop.ipc.Server$RpcCall.run(Server.java:963) [hadoop-common-3.3.1.jar:?]
	at java.security.AccessController.doPrivileged(Native Method) ~[?:1.8.0_332]
	at javax.security.auth.Subject.doAs(Subject.java:422) [?:1.8.0_332]
	at org.apache.hadoop.security.UserGroupInformation.doAs(UserGroupInformation.java:1878) [hadoop-common-3.3.1.jar:?]
	at org.apache.hadoop.ipc.Server$Handler.run(Server.java:2966) [hadoop-common-3.3.1.jar:?]
13:48:23.480 [IPC Server handler 11 on default port 34619] ERROR OMAudit - user=runner | ip=127.0.0.1 | op=GET_FILE_STATUS {volume=volume31329, bucket=bucket53293, key=.Trash/runner, dataSize=0, replicationConfig=null} | ret=FAILURE
org.apache.hadoop.ozone.om.exceptions.OMException: Unable to get file status: volume: volume31329 bucket: bucket53293 key: .Trash/runner
	at org.apache.hadoop.ozone.om.KeyManagerImpl.getOzoneFileStatus(KeyManagerImpl.java:1311) ~[ozone-manager-1.3.0-SNAPSHOT.jar:?]
	at org.apache.hadoop.ozone.om.KeyManagerImpl.getFileStatus(KeyManagerImpl.java:1241) ~[ozone-manager-1.3.0-SNAPSHOT.jar:?]
	at org.apache.hadoop.ozone.om.OzoneManager.getFileStatus(OzoneManager.java:3468) ~[ozone-manager-1.3.0-SNAPSHOT.jar:?]
	at org.apache.hadoop.ozone.protocolPB.OzoneManagerRequestHandler.getOzoneFileStatus(OzoneManagerRequestHandler.java:882) ~[ozone-manager-1.3.0-SNAPSHOT.jar:?]
	at org.apache.hadoop.ozone.protocolPB.OzoneManagerRequestHandler.handleReadRequest(OzoneManagerRequestHandler.java:228) ~[ozone-manager-1.3.0-SNAPSHOT.jar:?]
	at org.apache.hadoop.ozone.protocolPB.OzoneManagerProtocolServerSideTranslatorPB.submitReadRequestToOM(OzoneManagerProtocolServerSideTranslatorPB.java:226) ~[ozone-manager-1.3.0-SNAPSHOT.jar:?]
	at org.apache.hadoop.ozone.protocolPB.OzoneManagerProtocolServerSideTranslatorPB.processRequest(OzoneManagerProtocolServerSideTranslatorPB.java:175) ~[ozone-manager-1.3.0-SNAPSHOT.jar:?]
	at org.apache.hadoop.hdds.server.OzoneProtocolMessageDispatcher.processRequest(OzoneProtocolMessageDispatcher.java:87) [hdds-server-framework-1.3.0-SNAPSHOT.jar:?]
	at org.apache.hadoop.ozone.protocolPB.OzoneManagerProtocolServerSideTranslatorPB.submitRequest(OzoneManagerProtocolServerSideTranslatorPB.java:147) [ozone-manager-1.3.0-SNAPSHOT.jar:?]
	at org.apache.hadoop.ozone.protocol.proto.OzoneManagerProtocolProtos$OzoneManagerService$2.callBlockingMethod(OzoneManagerProtocolProtos.java) [ozone-interface-client-1.3.0-SNAPSHOT.jar:?]
	at org.apache.hadoop.ipc.ProtobufRpcEngine$Server.processCall(ProtobufRpcEngine.java:466) [hadoop-common-3.3.1.jar:?]
	at org.apache.hadoop.ipc.ProtobufRpcEngine2$Server$ProtoBufRpcInvoker.call(ProtobufRpcEngine2.java:574) [hadoop-common-3.3.1.jar:?]
	at org.apache.hadoop.ipc.ProtobufRpcEngine2$Server$ProtoBufRpcInvoker.call(ProtobufRpcEngine2.java:552) [hadoop-common-3.3.1.jar:?]
	at org.apache.hadoop.ipc.RPC$Server.call(RPC.java:1093) [hadoop-common-3.3.1.jar:?]
	at org.apache.hadoop.ipc.Server$RpcCall.run(Server.java:1035) [hadoop-common-3.3.1.jar:?]
	at org.apache.hadoop.ipc.Server$RpcCall.run(Server.java:963) [hadoop-common-3.3.1.jar:?]
	at java.security.AccessController.doPrivileged(Native Method) ~[?:1.8.0_332]
	at javax.security.auth.Subject.doAs(Subject.java:422) [?:1.8.0_332]
	at org.apache.hadoop.security.UserGroupInformation.doAs(UserGroupInformation.java:1878) [hadoop-common-3.3.1.jar:?]
	at org.apache.hadoop.ipc.Server$Handler.run(Server.java:2966) [hadoop-common-3.3.1.jar:?]
13:48:23.484 [IPC Server handler 12 on default port 34619] ERROR OMAudit - user=runner | ip=127.0.0.1 | op=GET_FILE_STATUS {volume=141ca385-9c72-4785-81b1-a5828577f6b4, bucket=85c83bf8-ec83-48c3-9c6e-53d8122ffe37, key=.Trash, dataSize=0, replicationConfig=null} | ret=FAILURE
org.apache.hadoop.ozone.om.exceptions.OMException: Unable to get file status: volume: 141ca385-9c72-4785-81b1-a5828577f6b4 bucket: 85c83bf8-ec83-48c3-9c6e-53d8122ffe37 key: .Trash
	at org.apache.hadoop.ozone.om.KeyManagerImpl.getOzoneFileStatus(KeyManagerImpl.java:1311) ~[ozone-manager-1.3.0-SNAPSHOT.jar:?]
	at org.apache.hadoop.ozone.om.KeyManagerImpl.getFileStatus(KeyManagerImpl.java:1241) ~[ozone-manager-1.3.0-SNAPSHOT.jar:?]
	at org.apache.hadoop.ozone.om.OzoneManager.getFileStatus(OzoneManager.java:3468) ~[ozone-manager-1.3.0-SNAPSHOT.jar:?]
	at org.apache.hadoop.ozone.protocolPB.OzoneManagerRequestHandler.getOzoneFileStatus(OzoneManagerRequestHandler.java:882) ~[ozone-manager-1.3.0-SNAPSHOT.jar:?]
	at org.apache.hadoop.ozone.protocolPB.OzoneManagerRequestHandler.handleReadRequest(OzoneManagerRequestHandler.java:228) ~[ozone-manager-1.3.0-SNAPSHOT.jar:?]
	at org.apache.hadoop.ozone.protocolPB.OzoneManagerProtocolServerSideTranslatorPB.submitReadRequestToOM(OzoneManagerProtocolServerSideTranslatorPB.java:226) ~[ozone-manager-1.3.0-SNAPSHOT.jar:?]
	at org.apache.hadoop.ozone.protocolPB.OzoneManagerProtocolServerSideTranslatorPB.processRequest(OzoneManagerProtocolServerSideTranslatorPB.java:175) ~[ozone-manager-1.3.0-SNAPSHOT.jar:?]
	at org.apache.hadoop.hdds.server.OzoneProtocolMessageDispatcher.processRequest(OzoneProtocolMessageDispatcher.java:87) [hdds-server-framework-1.3.0-SNAPSHOT.jar:?]
	at org.apache.hadoop.ozone.protocolPB.OzoneManagerProtocolServerSideTranslatorPB.submitRequest(OzoneManagerProtocolServerSideTranslatorPB.java:147) [ozone-manager-1.3.0-SNAPSHOT.jar:?]
	at org.apache.hadoop.ozone.protocol.proto.OzoneManagerProtocolProtos$OzoneManagerService$2.callBlockingMethod(OzoneManagerProtocolProtos.java) [ozone-interface-client-1.3.0-SNAPSHOT.jar:?]
	at org.apache.hadoop.ipc.ProtobufRpcEngine$Server.processCall(ProtobufRpcEngine.java:466) [hadoop-common-3.3.1.jar:?]
	at org.apache.hadoop.ipc.ProtobufRpcEngine2$Server$ProtoBufRpcInvoker.call(ProtobufRpcEngine2.java:574) [hadoop-common-3.3.1.jar:?]
	at org.apache.hadoop.ipc.ProtobufRpcEngine2$Server$ProtoBufRpcInvoker.call(ProtobufRpcEngine2.java:552) [hadoop-common-3.3.1.jar:?]
	at org.apache.hadoop.ipc.RPC$Server.call(RPC.java:1093) [hadoop-common-3.3.1.jar:?]
	at org.apache.hadoop.ipc.Server$RpcCall.run(Server.java:1035) [hadoop-common-3.3.1.jar:?]
	at org.apache.hadoop.ipc.Server$RpcCall.run(Server.java:963) [hadoop-common-3.3.1.jar:?]
	at java.security.AccessController.doPrivileged(Native Method) ~[?:1.8.0_332]
	at javax.security.auth.Subject.doAs(Subject.java:422) [?:1.8.0_332]
	at org.apache.hadoop.security.UserGroupInformation.doAs(UserGroupInformation.java:1878) [hadoop-common-3.3.1.jar:?]
	at org.apache.hadoop.ipc.Server$Handler.run(Server.java:2966) [hadoop-common-3.3.1.jar:?]
]]></system-out>
  </testcase>
  <testcase name="testGetTrashRoots" classname="TestRootedOzoneFileSystem" time="1.028">
    <system-out><![CDATA[2022-08-09 13:49:29,173 [Time-limited test] INFO  rpc.RpcClient (RpcClient.java:createVolume(468)) - Creating Volume: volume19093, with user06628 as owner and space quota set to -1 bytes, counts quota set to -1
2022-08-09 13:49:29,174 [IPC Server handler 18 on default port 42643] INFO  volume.OMVolumeCreateRequest (OMVolumeCreateRequest.java:validateAndUpdateCache(195)) - created volume:volume19093 for user:user06628
2022-08-09 13:49:29,175 [Time-limited test] INFO  rpc.RpcClient (RpcClient.java:createBucket(671)) - Creating Bucket: volume19093/bucket44121, with bucket layout LEGACY, runner as owner, Versioning false, Storage Type set to DISK and Encryption set to false 
2022-08-09 13:49:29,175 [IPC Server handler 12 on default port 42643] INFO  bucket.OMBucketCreateRequest (OMBucketCreateRequest.java:validateAndUpdateCache(260)) - created bucket: bucket44121 of layout LEGACY in volume: volume19093
13:49:29.193 [IPC Server handler 14 on default port 42643] ERROR OMAudit - user=runner | ip=127.0.0.1 | op=GET_FILE_STATUS {volume=volume19093, bucket=bucket44121, key=.Trash/runner, dataSize=0, replicationConfig=null} | ret=FAILURE
org.apache.hadoop.ozone.om.exceptions.OMException: Unable to get file status: volume: volume19093 bucket: bucket44121 key: .Trash/runner
	at org.apache.hadoop.ozone.om.KeyManagerImpl.getOzoneFileStatus(KeyManagerImpl.java:1311) ~[ozone-manager-1.3.0-SNAPSHOT.jar:?]
	at org.apache.hadoop.ozone.om.KeyManagerImpl.getFileStatus(KeyManagerImpl.java:1241) ~[ozone-manager-1.3.0-SNAPSHOT.jar:?]
	at org.apache.hadoop.ozone.om.OzoneManager.getFileStatus(OzoneManager.java:3468) ~[ozone-manager-1.3.0-SNAPSHOT.jar:?]
	at org.apache.hadoop.ozone.protocolPB.OzoneManagerRequestHandler.getOzoneFileStatus(OzoneManagerRequestHandler.java:882) ~[ozone-manager-1.3.0-SNAPSHOT.jar:?]
	at org.apache.hadoop.ozone.protocolPB.OzoneManagerRequestHandler.handleReadRequest(OzoneManagerRequestHandler.java:228) ~[ozone-manager-1.3.0-SNAPSHOT.jar:?]
	at org.apache.hadoop.ozone.protocolPB.OzoneManagerProtocolServerSideTranslatorPB.submitRequestDirectlyToOM(OzoneManagerProtocolServerSideTranslatorPB.java:276) ~[ozone-manager-1.3.0-SNAPSHOT.jar:?]
	at org.apache.hadoop.ozone.protocolPB.OzoneManagerProtocolServerSideTranslatorPB.processRequest(OzoneManagerProtocolServerSideTranslatorPB.java:205) ~[ozone-manager-1.3.0-SNAPSHOT.jar:?]
	at org.apache.hadoop.hdds.server.OzoneProtocolMessageDispatcher.processRequest(OzoneProtocolMessageDispatcher.java:87) [hdds-server-framework-1.3.0-SNAPSHOT.jar:?]
	at org.apache.hadoop.ozone.protocolPB.OzoneManagerProtocolServerSideTranslatorPB.submitRequest(OzoneManagerProtocolServerSideTranslatorPB.java:147) [ozone-manager-1.3.0-SNAPSHOT.jar:?]
	at org.apache.hadoop.ozone.protocol.proto.OzoneManagerProtocolProtos$OzoneManagerService$2.callBlockingMethod(OzoneManagerProtocolProtos.java) [ozone-interface-client-1.3.0-SNAPSHOT.jar:?]
	at org.apache.hadoop.ipc.ProtobufRpcEngine$Server.processCall(ProtobufRpcEngine.java:466) [hadoop-common-3.3.1.jar:?]
	at org.apache.hadoop.ipc.ProtobufRpcEngine2$Server$ProtoBufRpcInvoker.call(ProtobufRpcEngine2.java:574) [hadoop-common-3.3.1.jar:?]
	at org.apache.hadoop.ipc.ProtobufRpcEngine2$Server$ProtoBufRpcInvoker.call(ProtobufRpcEngine2.java:552) [hadoop-common-3.3.1.jar:?]
	at org.apache.hadoop.ipc.RPC$Server.call(RPC.java:1093) [hadoop-common-3.3.1.jar:?]
	at org.apache.hadoop.ipc.Server$RpcCall.run(Server.java:1035) [hadoop-common-3.3.1.jar:?]
	at org.apache.hadoop.ipc.Server$RpcCall.run(Server.java:963) [hadoop-common-3.3.1.jar:?]
	at java.security.AccessController.doPrivileged(Native Method) ~[?:1.8.0_332]
	at javax.security.auth.Subject.doAs(Subject.java:422) [?:1.8.0_332]
	at org.apache.hadoop.security.UserGroupInformation.doAs(UserGroupInformation.java:1878) [hadoop-common-3.3.1.jar:?]
	at org.apache.hadoop.ipc.Server$Handler.run(Server.java:2966) [hadoop-common-3.3.1.jar:?]
13:49:29.200 [IPC Server handler 8 on default port 42643] ERROR OMAudit - user=runner | ip=127.0.0.1 | op=GET_FILE_STATUS {volume=692b5d85-9c05-4b05-a972-a6bc4c05ae18, bucket=51cd1898-7b30-426f-824d-d55f088e45f5, key=.Trash, dataSize=0, replicationConfig=null} | ret=FAILURE
org.apache.hadoop.ozone.om.exceptions.OMException: Unable to get file status: volume: 692b5d85-9c05-4b05-a972-a6bc4c05ae18 bucket: 51cd1898-7b30-426f-824d-d55f088e45f5 key: .Trash
	at org.apache.hadoop.ozone.om.KeyManagerImpl.getOzoneFileStatus(KeyManagerImpl.java:1311) ~[ozone-manager-1.3.0-SNAPSHOT.jar:?]
	at org.apache.hadoop.ozone.om.KeyManagerImpl.getFileStatus(KeyManagerImpl.java:1241) ~[ozone-manager-1.3.0-SNAPSHOT.jar:?]
	at org.apache.hadoop.ozone.om.OzoneManager.getFileStatus(OzoneManager.java:3468) ~[ozone-manager-1.3.0-SNAPSHOT.jar:?]
	at org.apache.hadoop.ozone.protocolPB.OzoneManagerRequestHandler.getOzoneFileStatus(OzoneManagerRequestHandler.java:882) ~[ozone-manager-1.3.0-SNAPSHOT.jar:?]
	at org.apache.hadoop.ozone.protocolPB.OzoneManagerRequestHandler.handleReadRequest(OzoneManagerRequestHandler.java:228) ~[ozone-manager-1.3.0-SNAPSHOT.jar:?]
	at org.apache.hadoop.ozone.protocolPB.OzoneManagerProtocolServerSideTranslatorPB.submitRequestDirectlyToOM(OzoneManagerProtocolServerSideTranslatorPB.java:276) ~[ozone-manager-1.3.0-SNAPSHOT.jar:?]
	at org.apache.hadoop.ozone.protocolPB.OzoneManagerProtocolServerSideTranslatorPB.processRequest(OzoneManagerProtocolServerSideTranslatorPB.java:205) ~[ozone-manager-1.3.0-SNAPSHOT.jar:?]
	at org.apache.hadoop.hdds.server.OzoneProtocolMessageDispatcher.processRequest(OzoneProtocolMessageDispatcher.java:87) [hdds-server-framework-1.3.0-SNAPSHOT.jar:?]
	at org.apache.hadoop.ozone.protocolPB.OzoneManagerProtocolServerSideTranslatorPB.submitRequest(OzoneManagerProtocolServerSideTranslatorPB.java:147) [ozone-manager-1.3.0-SNAPSHOT.jar:?]
	at org.apache.hadoop.ozone.protocol.proto.OzoneManagerProtocolProtos$OzoneManagerService$2.callBlockingMethod(OzoneManagerProtocolProtos.java) [ozone-interface-client-1.3.0-SNAPSHOT.jar:?]
	at org.apache.hadoop.ipc.ProtobufRpcEngine$Server.processCall(ProtobufRpcEngine.java:466) [hadoop-common-3.3.1.jar:?]
	at org.apache.hadoop.ipc.ProtobufRpcEngine2$Server$ProtoBufRpcInvoker.call(ProtobufRpcEngine2.java:574) [hadoop-common-3.3.1.jar:?]
	at org.apache.hadoop.ipc.ProtobufRpcEngine2$Server$ProtoBufRpcInvoker.call(ProtobufRpcEngine2.java:552) [hadoop-common-3.3.1.jar:?]
	at org.apache.hadoop.ipc.RPC$Server.call(RPC.java:1093) [hadoop-common-3.3.1.jar:?]
	at org.apache.hadoop.ipc.Server$RpcCall.run(Server.java:1035) [hadoop-common-3.3.1.jar:?]
	at org.apache.hadoop.ipc.Server$RpcCall.run(Server.java:963) [hadoop-common-3.3.1.jar:?]
	at java.security.AccessController.doPrivileged(Native Method) ~[?:1.8.0_332]
	at javax.security.auth.Subject.doAs(Subject.java:422) [?:1.8.0_332]
	at org.apache.hadoop.security.UserGroupInformation.doAs(UserGroupInformation.java:1878) [hadoop-common-3.3.1.jar:?]
	at org.apache.hadoop.ipc.Server$Handler.run(Server.java:2966) [hadoop-common-3.3.1.jar:?]
13:49:29.202 [IPC Server handler 11 on default port 42643] ERROR OMAudit - user=runner | ip=127.0.0.1 | op=GET_FILE_STATUS {volume=volume19093, bucket=bucket44121, key=.Trash, dataSize=0, replicationConfig=null} | ret=FAILURE
org.apache.hadoop.ozone.om.exceptions.OMException: Unable to get file status: volume: volume19093 bucket: bucket44121 key: .Trash
	at org.apache.hadoop.ozone.om.KeyManagerImpl.getOzoneFileStatus(KeyManagerImpl.java:1311) ~[ozone-manager-1.3.0-SNAPSHOT.jar:?]
	at org.apache.hadoop.ozone.om.KeyManagerImpl.getFileStatus(KeyManagerImpl.java:1241) ~[ozone-manager-1.3.0-SNAPSHOT.jar:?]
	at org.apache.hadoop.ozone.om.OzoneManager.getFileStatus(OzoneManager.java:3468) ~[ozone-manager-1.3.0-SNAPSHOT.jar:?]
	at org.apache.hadoop.ozone.protocolPB.OzoneManagerRequestHandler.getOzoneFileStatus(OzoneManagerRequestHandler.java:882) ~[ozone-manager-1.3.0-SNAPSHOT.jar:?]
	at org.apache.hadoop.ozone.protocolPB.OzoneManagerRequestHandler.handleReadRequest(OzoneManagerRequestHandler.java:228) ~[ozone-manager-1.3.0-SNAPSHOT.jar:?]
	at org.apache.hadoop.ozone.protocolPB.OzoneManagerProtocolServerSideTranslatorPB.submitRequestDirectlyToOM(OzoneManagerProtocolServerSideTranslatorPB.java:276) ~[ozone-manager-1.3.0-SNAPSHOT.jar:?]
	at org.apache.hadoop.ozone.protocolPB.OzoneManagerProtocolServerSideTranslatorPB.processRequest(OzoneManagerProtocolServerSideTranslatorPB.java:205) ~[ozone-manager-1.3.0-SNAPSHOT.jar:?]
	at org.apache.hadoop.hdds.server.OzoneProtocolMessageDispatcher.processRequest(OzoneProtocolMessageDispatcher.java:87) [hdds-server-framework-1.3.0-SNAPSHOT.jar:?]
	at org.apache.hadoop.ozone.protocolPB.OzoneManagerProtocolServerSideTranslatorPB.submitRequest(OzoneManagerProtocolServerSideTranslatorPB.java:147) [ozone-manager-1.3.0-SNAPSHOT.jar:?]
	at org.apache.hadoop.ozone.protocol.proto.OzoneManagerProtocolProtos$OzoneManagerService$2.callBlockingMethod(OzoneManagerProtocolProtos.java) [ozone-interface-client-1.3.0-SNAPSHOT.jar:?]
	at org.apache.hadoop.ipc.ProtobufRpcEngine$Server.processCall(ProtobufRpcEngine.java:466) [hadoop-common-3.3.1.jar:?]
	at org.apache.hadoop.ipc.ProtobufRpcEngine2$Server$ProtoBufRpcInvoker.call(ProtobufRpcEngine2.java:574) [hadoop-common-3.3.1.jar:?]
	at org.apache.hadoop.ipc.ProtobufRpcEngine2$Server$ProtoBufRpcInvoker.call(ProtobufRpcEngine2.java:552) [hadoop-common-3.3.1.jar:?]
	at org.apache.hadoop.ipc.RPC$Server.call(RPC.java:1093) [hadoop-common-3.3.1.jar:?]
	at org.apache.hadoop.ipc.Server$RpcCall.run(Server.java:1035) [hadoop-common-3.3.1.jar:?]
	at org.apache.hadoop.ipc.Server$RpcCall.run(Server.java:963) [hadoop-common-3.3.1.jar:?]
	at java.security.AccessController.doPrivileged(Native Method) ~[?:1.8.0_332]
	at javax.security.auth.Subject.doAs(Subject.java:422) [?:1.8.0_332]
	at org.apache.hadoop.security.UserGroupInformation.doAs(UserGroupInformation.java:1878) [hadoop-common-3.3.1.jar:?]
	at org.apache.hadoop.ipc.Server$Handler.run(Server.java:2966) [hadoop-common-3.3.1.jar:?]
13:49:29.210 [IPC Server handler 18 on default port 42643] ERROR OMAudit - user=runner | ip=127.0.0.1 | op=GET_FILE_STATUS {volume=692b5d85-9c05-4b05-a972-a6bc4c05ae18, bucket=51cd1898-7b30-426f-824d-d55f088e45f5, key=.Trash, dataSize=0, replicationConfig=null} | ret=FAILURE
org.apache.hadoop.ozone.om.exceptions.OMException: Unable to get file status: volume: 692b5d85-9c05-4b05-a972-a6bc4c05ae18 bucket: 51cd1898-7b30-426f-824d-d55f088e45f5 key: .Trash
	at org.apache.hadoop.ozone.om.KeyManagerImpl.getOzoneFileStatus(KeyManagerImpl.java:1311) ~[ozone-manager-1.3.0-SNAPSHOT.jar:?]
	at org.apache.hadoop.ozone.om.KeyManagerImpl.getFileStatus(KeyManagerImpl.java:1241) ~[ozone-manager-1.3.0-SNAPSHOT.jar:?]
	at org.apache.hadoop.ozone.om.OzoneManager.getFileStatus(OzoneManager.java:3468) ~[ozone-manager-1.3.0-SNAPSHOT.jar:?]
	at org.apache.hadoop.ozone.protocolPB.OzoneManagerRequestHandler.getOzoneFileStatus(OzoneManagerRequestHandler.java:882) ~[ozone-manager-1.3.0-SNAPSHOT.jar:?]
	at org.apache.hadoop.ozone.protocolPB.OzoneManagerRequestHandler.handleReadRequest(OzoneManagerRequestHandler.java:228) ~[ozone-manager-1.3.0-SNAPSHOT.jar:?]
	at org.apache.hadoop.ozone.protocolPB.OzoneManagerProtocolServerSideTranslatorPB.submitRequestDirectlyToOM(OzoneManagerProtocolServerSideTranslatorPB.java:276) ~[ozone-manager-1.3.0-SNAPSHOT.jar:?]
	at org.apache.hadoop.ozone.protocolPB.OzoneManagerProtocolServerSideTranslatorPB.processRequest(OzoneManagerProtocolServerSideTranslatorPB.java:205) ~[ozone-manager-1.3.0-SNAPSHOT.jar:?]
	at org.apache.hadoop.hdds.server.OzoneProtocolMessageDispatcher.processRequest(OzoneProtocolMessageDispatcher.java:87) [hdds-server-framework-1.3.0-SNAPSHOT.jar:?]
	at org.apache.hadoop.ozone.protocolPB.OzoneManagerProtocolServerSideTranslatorPB.submitRequest(OzoneManagerProtocolServerSideTranslatorPB.java:147) [ozone-manager-1.3.0-SNAPSHOT.jar:?]
	at org.apache.hadoop.ozone.protocol.proto.OzoneManagerProtocolProtos$OzoneManagerService$2.callBlockingMethod(OzoneManagerProtocolProtos.java) [ozone-interface-client-1.3.0-SNAPSHOT.jar:?]
	at org.apache.hadoop.ipc.ProtobufRpcEngine$Server.processCall(ProtobufRpcEngine.java:466) [hadoop-common-3.3.1.jar:?]
	at org.apache.hadoop.ipc.ProtobufRpcEngine2$Server$ProtoBufRpcInvoker.call(ProtobufRpcEngine2.java:574) [hadoop-common-3.3.1.jar:?]
	at org.apache.hadoop.ipc.ProtobufRpcEngine2$Server$ProtoBufRpcInvoker.call(ProtobufRpcEngine2.java:552) [hadoop-common-3.3.1.jar:?]
	at org.apache.hadoop.ipc.RPC$Server.call(RPC.java:1093) [hadoop-common-3.3.1.jar:?]
	at org.apache.hadoop.ipc.Server$RpcCall.run(Server.java:1035) [hadoop-common-3.3.1.jar:?]
	at org.apache.hadoop.ipc.Server$RpcCall.run(Server.java:963) [hadoop-common-3.3.1.jar:?]
	at java.security.AccessController.doPrivileged(Native Method) ~[?:1.8.0_332]
	at javax.security.auth.Subject.doAs(Subject.java:422) [?:1.8.0_332]
	at org.apache.hadoop.security.UserGroupInformation.doAs(UserGroupInformation.java:1878) [hadoop-common-3.3.1.jar:?]
	at org.apache.hadoop.ipc.Server$Handler.run(Server.java:2966) [hadoop-common-3.3.1.jar:?]
13:49:29.230 [IPC Server handler 15 on default port 42643] ERROR OMAudit - user=runner | ip=127.0.0.1 | op=GET_FILE_STATUS {volume=692b5d85-9c05-4b05-a972-a6bc4c05ae18, bucket=51cd1898-7b30-426f-824d-d55f088e45f5, key=.Trash, dataSize=0, replicationConfig=null} | ret=FAILURE
org.apache.hadoop.ozone.om.exceptions.OMException: Unable to get file status: volume: 692b5d85-9c05-4b05-a972-a6bc4c05ae18 bucket: 51cd1898-7b30-426f-824d-d55f088e45f5 key: .Trash
	at org.apache.hadoop.ozone.om.KeyManagerImpl.getOzoneFileStatus(KeyManagerImpl.java:1311) ~[ozone-manager-1.3.0-SNAPSHOT.jar:?]
	at org.apache.hadoop.ozone.om.KeyManagerImpl.getFileStatus(KeyManagerImpl.java:1241) ~[ozone-manager-1.3.0-SNAPSHOT.jar:?]
	at org.apache.hadoop.ozone.om.OzoneManager.getFileStatus(OzoneManager.java:3468) ~[ozone-manager-1.3.0-SNAPSHOT.jar:?]
	at org.apache.hadoop.ozone.protocolPB.OzoneManagerRequestHandler.getOzoneFileStatus(OzoneManagerRequestHandler.java:882) ~[ozone-manager-1.3.0-SNAPSHOT.jar:?]
	at org.apache.hadoop.ozone.protocolPB.OzoneManagerRequestHandler.handleReadRequest(OzoneManagerRequestHandler.java:228) ~[ozone-manager-1.3.0-SNAPSHOT.jar:?]
	at org.apache.hadoop.ozone.protocolPB.OzoneManagerProtocolServerSideTranslatorPB.submitRequestDirectlyToOM(OzoneManagerProtocolServerSideTranslatorPB.java:276) ~[ozone-manager-1.3.0-SNAPSHOT.jar:?]
	at org.apache.hadoop.ozone.protocolPB.OzoneManagerProtocolServerSideTranslatorPB.processRequest(OzoneManagerProtocolServerSideTranslatorPB.java:205) ~[ozone-manager-1.3.0-SNAPSHOT.jar:?]
	at org.apache.hadoop.hdds.server.OzoneProtocolMessageDispatcher.processRequest(OzoneProtocolMessageDispatcher.java:87) [hdds-server-framework-1.3.0-SNAPSHOT.jar:?]
	at org.apache.hadoop.ozone.protocolPB.OzoneManagerProtocolServerSideTranslatorPB.submitRequest(OzoneManagerProtocolServerSideTranslatorPB.java:147) [ozone-manager-1.3.0-SNAPSHOT.jar:?]
	at org.apache.hadoop.ozone.protocol.proto.OzoneManagerProtocolProtos$OzoneManagerService$2.callBlockingMethod(OzoneManagerProtocolProtos.java) [ozone-interface-client-1.3.0-SNAPSHOT.jar:?]
	at org.apache.hadoop.ipc.ProtobufRpcEngine$Server.processCall(ProtobufRpcEngine.java:466) [hadoop-common-3.3.1.jar:?]
	at org.apache.hadoop.ipc.ProtobufRpcEngine2$Server$ProtoBufRpcInvoker.call(ProtobufRpcEngine2.java:574) [hadoop-common-3.3.1.jar:?]
	at org.apache.hadoop.ipc.ProtobufRpcEngine2$Server$ProtoBufRpcInvoker.call(ProtobufRpcEngine2.java:552) [hadoop-common-3.3.1.jar:?]
	at org.apache.hadoop.ipc.RPC$Server.call(RPC.java:1093) [hadoop-common-3.3.1.jar:?]
	at org.apache.hadoop.ipc.Server$RpcCall.run(Server.java:1035) [hadoop-common-3.3.1.jar:?]
	at org.apache.hadoop.ipc.Server$RpcCall.run(Server.java:963) [hadoop-common-3.3.1.jar:?]
	at java.security.AccessController.doPrivileged(Native Method) ~[?:1.8.0_332]
	at javax.security.auth.Subject.doAs(Subject.java:422) [?:1.8.0_332]
	at org.apache.hadoop.security.UserGroupInformation.doAs(UserGroupInformation.java:1878) [hadoop-common-3.3.1.jar:?]
	at org.apache.hadoop.ipc.Server$Handler.run(Server.java:2966) [hadoop-common-3.3.1.jar:?]
2022-08-09 13:49:29,243 [Time-limited test] INFO  rpc.RpcClient (RpcClient.java:createBucket(671)) - Creating Bucket: volume19093/trashroottest2, with bucket layout LEGACY, runner as owner, Versioning false, Storage Type set to DISK and Encryption set to false 
2022-08-09 13:49:29,246 [IPC Server handler 12 on default port 42643] INFO  bucket.OMBucketCreateRequest (OMBucketCreateRequest.java:validateAndUpdateCache(260)) - created bucket: trashroottest2 of layout LEGACY in volume: volume19093
2022-08-09 13:49:29,406 [a9bcd0ff-35fc-4d0a-8e3c-7398e9e8d683@group-2A5D6D219DA0-FollowerState] INFO  impl.FollowerState (FollowerState.java:run(143)) - a9bcd0ff-35fc-4d0a-8e3c-7398e9e8d683@group-2A5D6D219DA0-FollowerState: change to CANDIDATE, lastRpcElapsedTime:5077734904ns, electionTimeout:5013ms
2022-08-09 13:49:29,406 [a9bcd0ff-35fc-4d0a-8e3c-7398e9e8d683@group-2A5D6D219DA0-FollowerState] INFO  impl.RoleInfo (RoleInfo.java:shutdownFollowerState(110)) - a9bcd0ff-35fc-4d0a-8e3c-7398e9e8d683: shutdown a9bcd0ff-35fc-4d0a-8e3c-7398e9e8d683@group-2A5D6D219DA0-FollowerState
2022-08-09 13:49:29,406 [a9bcd0ff-35fc-4d0a-8e3c-7398e9e8d683@group-2A5D6D219DA0-FollowerState] INFO  server.RaftServer$Division (RaftServerImpl.java:setRole(299)) - a9bcd0ff-35fc-4d0a-8e3c-7398e9e8d683@group-2A5D6D219DA0: changes role from  FOLLOWER to CANDIDATE at term 1 for changeToCandidate
2022-08-09 13:49:29,406 [a9bcd0ff-35fc-4d0a-8e3c-7398e9e8d683@group-2A5D6D219DA0-FollowerState] INFO  server.RaftServerConfigKeys (ConfUtils.java:logGet(46)) - raft.server.leaderelection.pre-vote = false (custom)
2022-08-09 13:49:29,406 [a9bcd0ff-35fc-4d0a-8e3c-7398e9e8d683@group-2A5D6D219DA0-FollowerState] INFO  impl.RoleInfo (RoleInfo.java:updateAndGet(139)) - a9bcd0ff-35fc-4d0a-8e3c-7398e9e8d683: start a9bcd0ff-35fc-4d0a-8e3c-7398e9e8d683@group-2A5D6D219DA0-LeaderElection34
2022-08-09 13:49:29,443 [a9bcd0ff-35fc-4d0a-8e3c-7398e9e8d683@group-2A5D6D219DA0-LeaderElection34] INFO  impl.LeaderElection (LeaderElection.java:askForVotes(310)) - a9bcd0ff-35fc-4d0a-8e3c-7398e9e8d683@group-2A5D6D219DA0-LeaderElection34 ELECTION round 0: submit vote requests at term 2 for -1: [facac9a0-ce51-4f90-b128-080475d31873|rpc:10.1.0.19:44939|dataStream:|priority:0, a642edec-ac5e-4d27-8806-3ece717121b6|rpc:10.1.0.19:36299|dataStream:|priority:1, a9bcd0ff-35fc-4d0a-8e3c-7398e9e8d683|rpc:10.1.0.19:44419|dataStream:|priority:0], old=null
2022-08-09 13:49:29,473 [a642edec-ac5e-4d27-8806-3ece717121b6@group-2A5D6D219DA0-FollowerState] INFO  impl.FollowerState (FollowerState.java:run(143)) - a642edec-ac5e-4d27-8806-3ece717121b6@group-2A5D6D219DA0-FollowerState: change to CANDIDATE, lastRpcElapsedTime:5193951049ns, electionTimeout:5144ms
2022-08-09 13:49:29,474 [a642edec-ac5e-4d27-8806-3ece717121b6@group-2A5D6D219DA0-FollowerState] INFO  impl.RoleInfo (RoleInfo.java:shutdownFollowerState(110)) - a642edec-ac5e-4d27-8806-3ece717121b6: shutdown a642edec-ac5e-4d27-8806-3ece717121b6@group-2A5D6D219DA0-FollowerState
2022-08-09 13:49:29,474 [a642edec-ac5e-4d27-8806-3ece717121b6@group-2A5D6D219DA0-FollowerState] INFO  server.RaftServer$Division (RaftServerImpl.java:setRole(299)) - a642edec-ac5e-4d27-8806-3ece717121b6@group-2A5D6D219DA0: changes role from  FOLLOWER to CANDIDATE at term 1 for changeToCandidate
2022-08-09 13:49:29,474 [a642edec-ac5e-4d27-8806-3ece717121b6@group-2A5D6D219DA0-FollowerState] INFO  server.RaftServerConfigKeys (ConfUtils.java:logGet(46)) - raft.server.leaderelection.pre-vote = false (custom)
2022-08-09 13:49:29,474 [a642edec-ac5e-4d27-8806-3ece717121b6@group-2A5D6D219DA0-FollowerState] INFO  impl.RoleInfo (RoleInfo.java:updateAndGet(139)) - a642edec-ac5e-4d27-8806-3ece717121b6: start a642edec-ac5e-4d27-8806-3ece717121b6@group-2A5D6D219DA0-LeaderElection35
13:49:29.503 [IPC Server handler 17 on default port 42643] ERROR OMAudit - user=runner | ip=127.0.0.1 | op=GET_FILE_STATUS {volume=692b5d85-9c05-4b05-a972-a6bc4c05ae18, bucket=51cd1898-7b30-426f-824d-d55f088e45f5, key=.Trash, dataSize=0, replicationConfig=null} | ret=FAILURE
org.apache.hadoop.ozone.om.exceptions.OMException: Unable to get file status: volume: 692b5d85-9c05-4b05-a972-a6bc4c05ae18 bucket: 51cd1898-7b30-426f-824d-d55f088e45f5 key: .Trash
	at org.apache.hadoop.ozone.om.KeyManagerImpl.getOzoneFileStatus(KeyManagerImpl.java:1311) ~[ozone-manager-1.3.0-SNAPSHOT.jar:?]
	at org.apache.hadoop.ozone.om.KeyManagerImpl.getFileStatus(KeyManagerImpl.java:1241) ~[ozone-manager-1.3.0-SNAPSHOT.jar:?]
	at org.apache.hadoop.ozone.om.OzoneManager.getFileStatus(OzoneManager.java:3468) ~[ozone-manager-1.3.0-SNAPSHOT.jar:?]
	at org.apache.hadoop.ozone.protocolPB.OzoneManagerRequestHandler.getOzoneFileStatus(OzoneManagerRequestHandler.java:882) ~[ozone-manager-1.3.0-SNAPSHOT.jar:?]
	at org.apache.hadoop.ozone.protocolPB.OzoneManagerRequestHandler.handleReadRequest(OzoneManagerRequestHandler.java:228) ~[ozone-manager-1.3.0-SNAPSHOT.jar:?]
	at org.apache.hadoop.ozone.protocolPB.OzoneManagerProtocolServerSideTranslatorPB.submitRequestDirectlyToOM(OzoneManagerProtocolServerSideTranslatorPB.java:276) ~[ozone-manager-1.3.0-SNAPSHOT.jar:?]
	at org.apache.hadoop.ozone.protocolPB.OzoneManagerProtocolServerSideTranslatorPB.processRequest(OzoneManagerProtocolServerSideTranslatorPB.java:205) ~[ozone-manager-1.3.0-SNAPSHOT.jar:?]
	at org.apache.hadoop.hdds.server.OzoneProtocolMessageDispatcher.processRequest(OzoneProtocolMessageDispatcher.java:87) [hdds-server-framework-1.3.0-SNAPSHOT.jar:?]
	at org.apache.hadoop.ozone.protocolPB.OzoneManagerProtocolServerSideTranslatorPB.submitRequest(OzoneManagerProtocolServerSideTranslatorPB.java:147) [ozone-manager-1.3.0-SNAPSHOT.jar:?]
	at org.apache.hadoop.ozone.protocol.proto.OzoneManagerProtocolProtos$OzoneManagerService$2.callBlockingMethod(OzoneManagerProtocolProtos.java) [ozone-interface-client-1.3.0-SNAPSHOT.jar:?]
	at org.apache.hadoop.ipc.ProtobufRpcEngine$Server.processCall(ProtobufRpcEngine.java:466) [hadoop-common-3.3.1.jar:?]
	at org.apache.hadoop.ipc.ProtobufRpcEngine2$Server$ProtoBufRpcInvoker.call(ProtobufRpcEngine2.java:574) [hadoop-common-3.3.1.jar:?]
	at org.apache.hadoop.ipc.ProtobufRpcEngine2$Server$ProtoBufRpcInvoker.call(ProtobufRpcEngine2.java:552) [hadoop-common-3.3.1.jar:?]
	at org.apache.hadoop.ipc.RPC$Server.call(RPC.java:1093) [hadoop-common-3.3.1.jar:?]
	at org.apache.hadoop.ipc.Server$RpcCall.run(Server.java:1035) [hadoop-common-3.3.1.jar:?]
	at org.apache.hadoop.ipc.Server$RpcCall.run(Server.java:963) [hadoop-common-3.3.1.jar:?]
	at java.security.AccessController.doPrivileged(Native Method) ~[?:1.8.0_332]
	at javax.security.auth.Subject.doAs(Subject.java:422) [?:1.8.0_332]
	at org.apache.hadoop.security.UserGroupInformation.doAs(UserGroupInformation.java:1878) [hadoop-common-3.3.1.jar:?]
	at org.apache.hadoop.ipc.Server$Handler.run(Server.java:2966) [hadoop-common-3.3.1.jar:?]
2022-08-09 13:49:29,521 [facac9a0-ce51-4f90-b128-080475d31873@group-2A5D6D219DA0-FollowerState] INFO  impl.FollowerState (FollowerState.java:run(143)) - facac9a0-ce51-4f90-b128-080475d31873@group-2A5D6D219DA0-FollowerState: change to CANDIDATE, lastRpcElapsedTime:5163520671ns, electionTimeout:5147ms
2022-08-09 13:49:29,521 [facac9a0-ce51-4f90-b128-080475d31873@group-2A5D6D219DA0-FollowerState] INFO  impl.RoleInfo (RoleInfo.java:shutdownFollowerState(110)) - facac9a0-ce51-4f90-b128-080475d31873: shutdown facac9a0-ce51-4f90-b128-080475d31873@group-2A5D6D219DA0-FollowerState
2022-08-09 13:49:29,521 [facac9a0-ce51-4f90-b128-080475d31873@group-2A5D6D219DA0-FollowerState] INFO  server.RaftServer$Division (RaftServerImpl.java:setRole(299)) - facac9a0-ce51-4f90-b128-080475d31873@group-2A5D6D219DA0: changes role from  FOLLOWER to CANDIDATE at term 1 for changeToCandidate
2022-08-09 13:49:29,521 [facac9a0-ce51-4f90-b128-080475d31873@group-2A5D6D219DA0-FollowerState] INFO  server.RaftServerConfigKeys (ConfUtils.java:logGet(46)) - raft.server.leaderelection.pre-vote = false (custom)
2022-08-09 13:49:29,521 [facac9a0-ce51-4f90-b128-080475d31873@group-2A5D6D219DA0-FollowerState] INFO  impl.RoleInfo (RoleInfo.java:updateAndGet(139)) - facac9a0-ce51-4f90-b128-080475d31873: start facac9a0-ce51-4f90-b128-080475d31873@group-2A5D6D219DA0-LeaderElection36
2022-08-09 13:49:29,525 [a642edec-ac5e-4d27-8806-3ece717121b6@group-2A5D6D219DA0-LeaderElection35] INFO  impl.LeaderElection (LeaderElection.java:askForVotes(310)) - a642edec-ac5e-4d27-8806-3ece717121b6@group-2A5D6D219DA0-LeaderElection35 ELECTION round 0: submit vote requests at term 2 for -1: [facac9a0-ce51-4f90-b128-080475d31873|rpc:10.1.0.19:44939|dataStream:|priority:0, a642edec-ac5e-4d27-8806-3ece717121b6|rpc:10.1.0.19:36299|dataStream:|priority:1, a9bcd0ff-35fc-4d0a-8e3c-7398e9e8d683|rpc:10.1.0.19:44419|dataStream:|priority:0], old=null
13:49:29.528 [IPC Server handler 0 on default port 42643] ERROR OMAudit - user=runner | ip=127.0.0.1 | op=GET_FILE_STATUS {volume=692b5d85-9c05-4b05-a972-a6bc4c05ae18, bucket=51cd1898-7b30-426f-824d-d55f088e45f5, key=.Trash, dataSize=0, replicationConfig=null} | ret=FAILURE
org.apache.hadoop.ozone.om.exceptions.OMException: Unable to get file status: volume: 692b5d85-9c05-4b05-a972-a6bc4c05ae18 bucket: 51cd1898-7b30-426f-824d-d55f088e45f5 key: .Trash
	at org.apache.hadoop.ozone.om.KeyManagerImpl.getOzoneFileStatus(KeyManagerImpl.java:1311) ~[ozone-manager-1.3.0-SNAPSHOT.jar:?]
	at org.apache.hadoop.ozone.om.KeyManagerImpl.getFileStatus(KeyManagerImpl.java:1241) ~[ozone-manager-1.3.0-SNAPSHOT.jar:?]
	at org.apache.hadoop.ozone.om.OzoneManager.getFileStatus(OzoneManager.java:3468) ~[ozone-manager-1.3.0-SNAPSHOT.jar:?]
	at org.apache.hadoop.ozone.protocolPB.OzoneManagerRequestHandler.getOzoneFileStatus(OzoneManagerRequestHandler.java:882) ~[ozone-manager-1.3.0-SNAPSHOT.jar:?]
	at org.apache.hadoop.ozone.protocolPB.OzoneManagerRequestHandler.handleReadRequest(OzoneManagerRequestHandler.java:228) ~[ozone-manager-1.3.0-SNAPSHOT.jar:?]
	at org.apache.hadoop.ozone.protocolPB.OzoneManagerProtocolServerSideTranslatorPB.submitRequestDirectlyToOM(OzoneManagerProtocolServerSideTranslatorPB.java:276) ~[ozone-manager-1.3.0-SNAPSHOT.jar:?]
	at org.apache.hadoop.ozone.protocolPB.OzoneManagerProtocolServerSideTranslatorPB.processRequest(OzoneManagerProtocolServerSideTranslatorPB.java:205) ~[ozone-manager-1.3.0-SNAPSHOT.jar:?]
	at org.apache.hadoop.hdds.server.OzoneProtocolMessageDispatcher.processRequest(OzoneProtocolMessageDispatcher.java:87) [hdds-server-framework-1.3.0-SNAPSHOT.jar:?]
	at org.apache.hadoop.ozone.protocolPB.OzoneManagerProtocolServerSideTranslatorPB.submitRequest(OzoneManagerProtocolServerSideTranslatorPB.java:147) [ozone-manager-1.3.0-SNAPSHOT.jar:?]
	at org.apache.hadoop.ozone.protocol.proto.OzoneManagerProtocolProtos$OzoneManagerService$2.callBlockingMethod(OzoneManagerProtocolProtos.java) [ozone-interface-client-1.3.0-SNAPSHOT.jar:?]
	at org.apache.hadoop.ipc.ProtobufRpcEngine$Server.processCall(ProtobufRpcEngine.java:466) [hadoop-common-3.3.1.jar:?]
	at org.apache.hadoop.ipc.ProtobufRpcEngine2$Server$ProtoBufRpcInvoker.call(ProtobufRpcEngine2.java:574) [hadoop-common-3.3.1.jar:?]
	at org.apache.hadoop.ipc.ProtobufRpcEngine2$Server$ProtoBufRpcInvoker.call(ProtobufRpcEngine2.java:552) [hadoop-common-3.3.1.jar:?]
	at org.apache.hadoop.ipc.RPC$Server.call(RPC.java:1093) [hadoop-common-3.3.1.jar:?]
	at org.apache.hadoop.ipc.Server$RpcCall.run(Server.java:1035) [hadoop-common-3.3.1.jar:?]
	at org.apache.hadoop.ipc.Server$RpcCall.run(Server.java:963) [hadoop-common-3.3.1.jar:?]
	at java.security.AccessController.doPrivileged(Native Method) ~[?:1.8.0_332]
	at javax.security.auth.Subject.doAs(Subject.java:422) [?:1.8.0_332]
	at org.apache.hadoop.security.UserGroupInformation.doAs(UserGroupInformation.java:1878) [hadoop-common-3.3.1.jar:?]
	at org.apache.hadoop.ipc.Server$Handler.run(Server.java:2966) [hadoop-common-3.3.1.jar:?]
2022-08-09 13:49:29,535 [grpc-default-executor-0] INFO  server.RaftServer$Division (RaftServerImpl.java:requestVote(1152)) - a642edec-ac5e-4d27-8806-3ece717121b6@group-2A5D6D219DA0: receive requestVote(ELECTION, a9bcd0ff-35fc-4d0a-8e3c-7398e9e8d683, group-2A5D6D219DA0, 2, (t:0, i:0))
2022-08-09 13:49:29,535 [grpc-default-executor-0] INFO  impl.VoteContext (VoteContext.java:log(48)) - a642edec-ac5e-4d27-8806-3ece717121b6@group-2A5D6D219DA0-CANDIDATE: reject ELECTION from a9bcd0ff-35fc-4d0a-8e3c-7398e9e8d683: already has voted for a642edec-ac5e-4d27-8806-3ece717121b6 at current term 2
2022-08-09 13:49:29,535 [grpc-default-executor-0] INFO  server.RaftServer$Division (RaftServerImpl.java:requestVote(1184)) - a642edec-ac5e-4d27-8806-3ece717121b6@group-2A5D6D219DA0 replies to ELECTION vote request: a9bcd0ff-35fc-4d0a-8e3c-7398e9e8d683<-a642edec-ac5e-4d27-8806-3ece717121b6#0:FAIL-t2. Peer's state: a642edec-ac5e-4d27-8806-3ece717121b6@group-2A5D6D219DA0:t2, leader=null, voted=a642edec-ac5e-4d27-8806-3ece717121b6, raftlog=a642edec-ac5e-4d27-8806-3ece717121b6@group-2A5D6D219DA0-SegmentedRaftLog:OPENED:c-1, conf=-1: [facac9a0-ce51-4f90-b128-080475d31873|rpc:10.1.0.19:44939|dataStream:|priority:0, a642edec-ac5e-4d27-8806-3ece717121b6|rpc:10.1.0.19:36299|dataStream:|priority:1, a9bcd0ff-35fc-4d0a-8e3c-7398e9e8d683|rpc:10.1.0.19:44419|dataStream:|priority:0], old=null
2022-08-09 13:49:29,537 [grpc-default-executor-2] INFO  server.RaftServer$Division (RaftServerImpl.java:requestVote(1152)) - facac9a0-ce51-4f90-b128-080475d31873@group-2A5D6D219DA0: receive requestVote(ELECTION, a9bcd0ff-35fc-4d0a-8e3c-7398e9e8d683, group-2A5D6D219DA0, 2, (t:0, i:0))
2022-08-09 13:49:29,537 [grpc-default-executor-2] INFO  impl.VoteContext (VoteContext.java:log(48)) - facac9a0-ce51-4f90-b128-080475d31873@group-2A5D6D219DA0-CANDIDATE: accept ELECTION from a9bcd0ff-35fc-4d0a-8e3c-7398e9e8d683: our priority 0 <= candidate's priority 0
2022-08-09 13:49:29,537 [grpc-default-executor-2] INFO  server.RaftServer$Division (RaftServerImpl.java:setRole(299)) - facac9a0-ce51-4f90-b128-080475d31873@group-2A5D6D219DA0: changes role from CANDIDATE to FOLLOWER at term 2 for candidate:a9bcd0ff-35fc-4d0a-8e3c-7398e9e8d683
2022-08-09 13:49:29,537 [grpc-default-executor-2] INFO  impl.RoleInfo (RoleInfo.java:shutdownLeaderElection(130)) - facac9a0-ce51-4f90-b128-080475d31873: shutdown facac9a0-ce51-4f90-b128-080475d31873@group-2A5D6D219DA0-LeaderElection36
2022-08-09 13:49:29,537 [grpc-default-executor-2] INFO  impl.RoleInfo (RoleInfo.java:updateAndGet(139)) - facac9a0-ce51-4f90-b128-080475d31873: start facac9a0-ce51-4f90-b128-080475d31873@group-2A5D6D219DA0-FollowerState
2022-08-09 13:49:29,539 [grpc-default-executor-2] INFO  server.RaftServer$Division (RaftServerImpl.java:requestVote(1184)) - facac9a0-ce51-4f90-b128-080475d31873@group-2A5D6D219DA0 replies to ELECTION vote request: a9bcd0ff-35fc-4d0a-8e3c-7398e9e8d683<-facac9a0-ce51-4f90-b128-080475d31873#0:OK-t2. Peer's state: facac9a0-ce51-4f90-b128-080475d31873@group-2A5D6D219DA0:t2, leader=null, voted=a9bcd0ff-35fc-4d0a-8e3c-7398e9e8d683, raftlog=facac9a0-ce51-4f90-b128-080475d31873@group-2A5D6D219DA0-SegmentedRaftLog:OPENED:c-1, conf=-1: [facac9a0-ce51-4f90-b128-080475d31873|rpc:10.1.0.19:44939|priority:0, a642edec-ac5e-4d27-8806-3ece717121b6|rpc:10.1.0.19:36299|priority:1, a9bcd0ff-35fc-4d0a-8e3c-7398e9e8d683|rpc:10.1.0.19:44419|priority:0], old=null
2022-08-09 13:49:29,568 [facac9a0-ce51-4f90-b128-080475d31873@group-2A5D6D219DA0-LeaderElection36] INFO  impl.LeaderElection (LeaderElection.java:run(231)) - facac9a0-ce51-4f90-b128-080475d31873@group-2A5D6D219DA0-LeaderElection36: skip running since this is already CLOSING
2022-08-09 13:49:29,574 [a9bcd0ff-35fc-4d0a-8e3c-7398e9e8d683@group-2A5D6D219DA0-LeaderElection34] INFO  impl.LeaderElection (LeaderElection.java:logAndReturn(90)) - a9bcd0ff-35fc-4d0a-8e3c-7398e9e8d683@group-2A5D6D219DA0-LeaderElection34: ELECTION REJECTED received 1 response(s) and 0 exception(s):
2022-08-09 13:49:29,574 [a9bcd0ff-35fc-4d0a-8e3c-7398e9e8d683@group-2A5D6D219DA0-LeaderElection34] INFO  impl.LeaderElection (LeaderElection.java:logAndReturn(94)) -   Response 0: a9bcd0ff-35fc-4d0a-8e3c-7398e9e8d683<-a642edec-ac5e-4d27-8806-3ece717121b6#0:FAIL-t2
2022-08-09 13:49:29,574 [a9bcd0ff-35fc-4d0a-8e3c-7398e9e8d683@group-2A5D6D219DA0-LeaderElection34] INFO  impl.LeaderElection (LeaderElection.java:askForVotes(312)) - a9bcd0ff-35fc-4d0a-8e3c-7398e9e8d683@group-2A5D6D219DA0-LeaderElection34 ELECTION round 0: result REJECTED
2022-08-09 13:49:29,574 [a9bcd0ff-35fc-4d0a-8e3c-7398e9e8d683@group-2A5D6D219DA0-LeaderElection34] INFO  server.RaftServer$Division (RaftServerImpl.java:setRole(299)) - a9bcd0ff-35fc-4d0a-8e3c-7398e9e8d683@group-2A5D6D219DA0: changes role from CANDIDATE to FOLLOWER at term 2 for REJECTED
2022-08-09 13:49:29,574 [a9bcd0ff-35fc-4d0a-8e3c-7398e9e8d683@group-2A5D6D219DA0-LeaderElection34] INFO  impl.RoleInfo (RoleInfo.java:shutdownLeaderElection(130)) - a9bcd0ff-35fc-4d0a-8e3c-7398e9e8d683: shutdown a9bcd0ff-35fc-4d0a-8e3c-7398e9e8d683@group-2A5D6D219DA0-LeaderElection34
2022-08-09 13:49:29,574 [a9bcd0ff-35fc-4d0a-8e3c-7398e9e8d683@group-2A5D6D219DA0-LeaderElection34] INFO  impl.RoleInfo (RoleInfo.java:updateAndGet(139)) - a9bcd0ff-35fc-4d0a-8e3c-7398e9e8d683: start a9bcd0ff-35fc-4d0a-8e3c-7398e9e8d683@group-2A5D6D219DA0-FollowerState
2022-08-09 13:49:29,666 [grpc-default-executor-0] INFO  server.RaftServer$Division (RaftServerImpl.java:requestVote(1152)) - a9bcd0ff-35fc-4d0a-8e3c-7398e9e8d683@group-2A5D6D219DA0: receive requestVote(ELECTION, a642edec-ac5e-4d27-8806-3ece717121b6, group-2A5D6D219DA0, 2, (t:0, i:0))
2022-08-09 13:49:29,666 [grpc-default-executor-0] INFO  impl.VoteContext (VoteContext.java:log(48)) - a9bcd0ff-35fc-4d0a-8e3c-7398e9e8d683@group-2A5D6D219DA0-FOLLOWER: reject ELECTION from a642edec-ac5e-4d27-8806-3ece717121b6: already has voted for a9bcd0ff-35fc-4d0a-8e3c-7398e9e8d683 at current term 2
2022-08-09 13:49:29,666 [grpc-default-executor-0] INFO  server.RaftServer$Division (RaftServerImpl.java:requestVote(1184)) - a9bcd0ff-35fc-4d0a-8e3c-7398e9e8d683@group-2A5D6D219DA0 replies to ELECTION vote request: a642edec-ac5e-4d27-8806-3ece717121b6<-a9bcd0ff-35fc-4d0a-8e3c-7398e9e8d683#0:FAIL-t2. Peer's state: a9bcd0ff-35fc-4d0a-8e3c-7398e9e8d683@group-2A5D6D219DA0:t2, leader=null, voted=a9bcd0ff-35fc-4d0a-8e3c-7398e9e8d683, raftlog=a9bcd0ff-35fc-4d0a-8e3c-7398e9e8d683@group-2A5D6D219DA0-SegmentedRaftLog:OPENED:c-1, conf=-1: [facac9a0-ce51-4f90-b128-080475d31873|rpc:10.1.0.19:44939|dataStream:|priority:0, a642edec-ac5e-4d27-8806-3ece717121b6|rpc:10.1.0.19:36299|dataStream:|priority:1, a9bcd0ff-35fc-4d0a-8e3c-7398e9e8d683|rpc:10.1.0.19:44419|dataStream:|priority:0], old=null
2022-08-09 13:49:29,667 [grpc-default-executor-2] INFO  server.RaftServer$Division (RaftServerImpl.java:requestVote(1152)) - facac9a0-ce51-4f90-b128-080475d31873@group-2A5D6D219DA0: receive requestVote(ELECTION, a642edec-ac5e-4d27-8806-3ece717121b6, group-2A5D6D219DA0, 2, (t:0, i:0))
2022-08-09 13:49:29,667 [grpc-default-executor-2] INFO  impl.VoteContext (VoteContext.java:log(48)) - facac9a0-ce51-4f90-b128-080475d31873@group-2A5D6D219DA0-FOLLOWER: reject ELECTION from a642edec-ac5e-4d27-8806-3ece717121b6: already has voted for a9bcd0ff-35fc-4d0a-8e3c-7398e9e8d683 at current term 2
2022-08-09 13:49:29,667 [grpc-default-executor-2] INFO  server.RaftServer$Division (RaftServerImpl.java:requestVote(1184)) - facac9a0-ce51-4f90-b128-080475d31873@group-2A5D6D219DA0 replies to ELECTION vote request: a642edec-ac5e-4d27-8806-3ece717121b6<-facac9a0-ce51-4f90-b128-080475d31873#0:FAIL-t2. Peer's state: facac9a0-ce51-4f90-b128-080475d31873@group-2A5D6D219DA0:t2, leader=null, voted=a9bcd0ff-35fc-4d0a-8e3c-7398e9e8d683, raftlog=facac9a0-ce51-4f90-b128-080475d31873@group-2A5D6D219DA0-SegmentedRaftLog:OPENED:c-1, conf=-1: [facac9a0-ce51-4f90-b128-080475d31873|rpc:10.1.0.19:44939|priority:0, a642edec-ac5e-4d27-8806-3ece717121b6|rpc:10.1.0.19:36299|priority:1, a9bcd0ff-35fc-4d0a-8e3c-7398e9e8d683|rpc:10.1.0.19:44419|priority:0], old=null
2022-08-09 13:49:29,697 [a642edec-ac5e-4d27-8806-3ece717121b6@group-2A5D6D219DA0-LeaderElection35] INFO  impl.LeaderElection (LeaderElection.java:logAndReturn(90)) - a642edec-ac5e-4d27-8806-3ece717121b6@group-2A5D6D219DA0-LeaderElection35: ELECTION REJECTED received 2 response(s) and 0 exception(s):
2022-08-09 13:49:29,697 [a642edec-ac5e-4d27-8806-3ece717121b6@group-2A5D6D219DA0-LeaderElection35] INFO  impl.LeaderElection (LeaderElection.java:logAndReturn(94)) -   Response 0: a642edec-ac5e-4d27-8806-3ece717121b6<-facac9a0-ce51-4f90-b128-080475d31873#0:FAIL-t2
2022-08-09 13:49:29,697 [a642edec-ac5e-4d27-8806-3ece717121b6@group-2A5D6D219DA0-LeaderElection35] INFO  impl.LeaderElection (LeaderElection.java:logAndReturn(94)) -   Response 1: a642edec-ac5e-4d27-8806-3ece717121b6<-a9bcd0ff-35fc-4d0a-8e3c-7398e9e8d683#0:FAIL-t2
2022-08-09 13:49:29,697 [a642edec-ac5e-4d27-8806-3ece717121b6@group-2A5D6D219DA0-LeaderElection35] INFO  impl.LeaderElection (LeaderElection.java:askForVotes(312)) - a642edec-ac5e-4d27-8806-3ece717121b6@group-2A5D6D219DA0-LeaderElection35 ELECTION round 0: result REJECTED
2022-08-09 13:49:29,697 [a642edec-ac5e-4d27-8806-3ece717121b6@group-2A5D6D219DA0-LeaderElection35] INFO  server.RaftServer$Division (RaftServerImpl.java:setRole(299)) - a642edec-ac5e-4d27-8806-3ece717121b6@group-2A5D6D219DA0: changes role from CANDIDATE to FOLLOWER at term 2 for REJECTED
2022-08-09 13:49:29,697 [a642edec-ac5e-4d27-8806-3ece717121b6@group-2A5D6D219DA0-LeaderElection35] INFO  impl.RoleInfo (RoleInfo.java:shutdownLeaderElection(130)) - a642edec-ac5e-4d27-8806-3ece717121b6: shutdown a642edec-ac5e-4d27-8806-3ece717121b6@group-2A5D6D219DA0-LeaderElection35
2022-08-09 13:49:29,697 [a642edec-ac5e-4d27-8806-3ece717121b6@group-2A5D6D219DA0-LeaderElection35] INFO  impl.RoleInfo (RoleInfo.java:updateAndGet(139)) - a642edec-ac5e-4d27-8806-3ece717121b6: start a642edec-ac5e-4d27-8806-3ece717121b6@group-2A5D6D219DA0-FollowerState
2022-08-09 13:49:29,806 [Time-limited test] INFO  rpc.RpcClient (RpcClient.java:createVolume(468)) - Creating Volume: volume85868, with user99264 as owner and space quota set to -1 bytes, counts quota set to -1
2022-08-09 13:49:29,807 [IPC Server handler 1 on default port 42643] INFO  volume.OMVolumeCreateRequest (OMVolumeCreateRequest.java:validateAndUpdateCache(195)) - created volume:volume85868 for user:user99264
2022-08-09 13:49:29,810 [Time-limited test] INFO  rpc.RpcClient (RpcClient.java:createBucket(671)) - Creating Bucket: volume85868/bucket56530, with bucket layout LEGACY, runner as owner, Versioning false, Storage Type set to DISK and Encryption set to false 
2022-08-09 13:49:29,810 [IPC Server handler 4 on default port 42643] INFO  bucket.OMBucketCreateRequest (OMBucketCreateRequest.java:validateAndUpdateCache(260)) - created bucket: bucket56530 of layout LEGACY in volume: volume85868
13:49:29.830 [IPC Server handler 14 on default port 42643] ERROR OMAudit - user=runner | ip=127.0.0.1 | op=GET_FILE_STATUS {volume=692b5d85-9c05-4b05-a972-a6bc4c05ae18, bucket=51cd1898-7b30-426f-824d-d55f088e45f5, key=.Trash, dataSize=0, replicationConfig=null} | ret=FAILURE
org.apache.hadoop.ozone.om.exceptions.OMException: Unable to get file status: volume: 692b5d85-9c05-4b05-a972-a6bc4c05ae18 bucket: 51cd1898-7b30-426f-824d-d55f088e45f5 key: .Trash
	at org.apache.hadoop.ozone.om.KeyManagerImpl.getOzoneFileStatus(KeyManagerImpl.java:1311) ~[ozone-manager-1.3.0-SNAPSHOT.jar:?]
	at org.apache.hadoop.ozone.om.KeyManagerImpl.getFileStatus(KeyManagerImpl.java:1241) ~[ozone-manager-1.3.0-SNAPSHOT.jar:?]
	at org.apache.hadoop.ozone.om.OzoneManager.getFileStatus(OzoneManager.java:3468) ~[ozone-manager-1.3.0-SNAPSHOT.jar:?]
	at org.apache.hadoop.ozone.protocolPB.OzoneManagerRequestHandler.getOzoneFileStatus(OzoneManagerRequestHandler.java:882) ~[ozone-manager-1.3.0-SNAPSHOT.jar:?]
	at org.apache.hadoop.ozone.protocolPB.OzoneManagerRequestHandler.handleReadRequest(OzoneManagerRequestHandler.java:228) ~[ozone-manager-1.3.0-SNAPSHOT.jar:?]
	at org.apache.hadoop.ozone.protocolPB.OzoneManagerProtocolServerSideTranslatorPB.submitRequestDirectlyToOM(OzoneManagerProtocolServerSideTranslatorPB.java:276) ~[ozone-manager-1.3.0-SNAPSHOT.jar:?]
	at org.apache.hadoop.ozone.protocolPB.OzoneManagerProtocolServerSideTranslatorPB.processRequest(OzoneManagerProtocolServerSideTranslatorPB.java:205) ~[ozone-manager-1.3.0-SNAPSHOT.jar:?]
	at org.apache.hadoop.hdds.server.OzoneProtocolMessageDispatcher.processRequest(OzoneProtocolMessageDispatcher.java:87) [hdds-server-framework-1.3.0-SNAPSHOT.jar:?]
	at org.apache.hadoop.ozone.protocolPB.OzoneManagerProtocolServerSideTranslatorPB.submitRequest(OzoneManagerProtocolServerSideTranslatorPB.java:147) [ozone-manager-1.3.0-SNAPSHOT.jar:?]
	at org.apache.hadoop.ozone.protocol.proto.OzoneManagerProtocolProtos$OzoneManagerService$2.callBlockingMethod(OzoneManagerProtocolProtos.java) [ozone-interface-client-1.3.0-SNAPSHOT.jar:?]
	at org.apache.hadoop.ipc.ProtobufRpcEngine$Server.processCall(ProtobufRpcEngine.java:466) [hadoop-common-3.3.1.jar:?]
	at org.apache.hadoop.ipc.ProtobufRpcEngine2$Server$ProtoBufRpcInvoker.call(ProtobufRpcEngine2.java:574) [hadoop-common-3.3.1.jar:?]
	at org.apache.hadoop.ipc.ProtobufRpcEngine2$Server$ProtoBufRpcInvoker.call(ProtobufRpcEngine2.java:552) [hadoop-common-3.3.1.jar:?]
	at org.apache.hadoop.ipc.RPC$Server.call(RPC.java:1093) [hadoop-common-3.3.1.jar:?]
	at org.apache.hadoop.ipc.Server$RpcCall.run(Server.java:1035) [hadoop-common-3.3.1.jar:?]
	at org.apache.hadoop.ipc.Server$RpcCall.run(Server.java:963) [hadoop-common-3.3.1.jar:?]
	at java.security.AccessController.doPrivileged(Native Method) ~[?:1.8.0_332]
	at javax.security.auth.Subject.doAs(Subject.java:422) [?:1.8.0_332]
	at org.apache.hadoop.security.UserGroupInformation.doAs(UserGroupInformation.java:1878) [hadoop-common-3.3.1.jar:?]
	at org.apache.hadoop.ipc.Server$Handler.run(Server.java:2966) [hadoop-common-3.3.1.jar:?]
13:49:29.874 [IPC Server handler 16 on default port 42643] ERROR OMAudit - user=runner | ip=127.0.0.1 | op=GET_FILE_STATUS {volume=692b5d85-9c05-4b05-a972-a6bc4c05ae18, bucket=51cd1898-7b30-426f-824d-d55f088e45f5, key=.Trash, dataSize=0, replicationConfig=null} | ret=FAILURE
org.apache.hadoop.ozone.om.exceptions.OMException: Unable to get file status: volume: 692b5d85-9c05-4b05-a972-a6bc4c05ae18 bucket: 51cd1898-7b30-426f-824d-d55f088e45f5 key: .Trash
	at org.apache.hadoop.ozone.om.KeyManagerImpl.getOzoneFileStatus(KeyManagerImpl.java:1311) ~[ozone-manager-1.3.0-SNAPSHOT.jar:?]
	at org.apache.hadoop.ozone.om.KeyManagerImpl.getFileStatus(KeyManagerImpl.java:1241) ~[ozone-manager-1.3.0-SNAPSHOT.jar:?]
	at org.apache.hadoop.ozone.om.OzoneManager.getFileStatus(OzoneManager.java:3468) ~[ozone-manager-1.3.0-SNAPSHOT.jar:?]
	at org.apache.hadoop.ozone.protocolPB.OzoneManagerRequestHandler.getOzoneFileStatus(OzoneManagerRequestHandler.java:882) ~[ozone-manager-1.3.0-SNAPSHOT.jar:?]
	at org.apache.hadoop.ozone.protocolPB.OzoneManagerRequestHandler.handleReadRequest(OzoneManagerRequestHandler.java:228) ~[ozone-manager-1.3.0-SNAPSHOT.jar:?]
	at org.apache.hadoop.ozone.protocolPB.OzoneManagerProtocolServerSideTranslatorPB.submitRequestDirectlyToOM(OzoneManagerProtocolServerSideTranslatorPB.java:276) ~[ozone-manager-1.3.0-SNAPSHOT.jar:?]
	at org.apache.hadoop.ozone.protocolPB.OzoneManagerProtocolServerSideTranslatorPB.processRequest(OzoneManagerProtocolServerSideTranslatorPB.java:205) ~[ozone-manager-1.3.0-SNAPSHOT.jar:?]
	at org.apache.hadoop.hdds.server.OzoneProtocolMessageDispatcher.processRequest(OzoneProtocolMessageDispatcher.java:87) [hdds-server-framework-1.3.0-SNAPSHOT.jar:?]
	at org.apache.hadoop.ozone.protocolPB.OzoneManagerProtocolServerSideTranslatorPB.submitRequest(OzoneManagerProtocolServerSideTranslatorPB.java:147) [ozone-manager-1.3.0-SNAPSHOT.jar:?]
	at org.apache.hadoop.ozone.protocol.proto.OzoneManagerProtocolProtos$OzoneManagerService$2.callBlockingMethod(OzoneManagerProtocolProtos.java) [ozone-interface-client-1.3.0-SNAPSHOT.jar:?]
	at org.apache.hadoop.ipc.ProtobufRpcEngine$Server.processCall(ProtobufRpcEngine.java:466) [hadoop-common-3.3.1.jar:?]
	at org.apache.hadoop.ipc.ProtobufRpcEngine2$Server$ProtoBufRpcInvoker.call(ProtobufRpcEngine2.java:574) [hadoop-common-3.3.1.jar:?]
	at org.apache.hadoop.ipc.ProtobufRpcEngine2$Server$ProtoBufRpcInvoker.call(ProtobufRpcEngine2.java:552) [hadoop-common-3.3.1.jar:?]
	at org.apache.hadoop.ipc.RPC$Server.call(RPC.java:1093) [hadoop-common-3.3.1.jar:?]
	at org.apache.hadoop.ipc.Server$RpcCall.run(Server.java:1035) [hadoop-common-3.3.1.jar:?]
	at org.apache.hadoop.ipc.Server$RpcCall.run(Server.java:963) [hadoop-common-3.3.1.jar:?]
	at java.security.AccessController.doPrivileged(Native Method) ~[?:1.8.0_332]
	at javax.security.auth.Subject.doAs(Subject.java:422) [?:1.8.0_332]
	at org.apache.hadoop.security.UserGroupInformation.doAs(UserGroupInformation.java:1878) [hadoop-common-3.3.1.jar:?]
	at org.apache.hadoop.ipc.Server$Handler.run(Server.java:2966) [hadoop-common-3.3.1.jar:?]
13:49:29.934 [IPC Server handler 16 on default port 42643] ERROR OMAudit - user=runner | ip=127.0.0.1 | op=GET_FILE_STATUS {volume=volume85868, bucket=bucket56530, key=.Trash/runner, dataSize=0, replicationConfig=null} | ret=FAILURE
org.apache.hadoop.ozone.om.exceptions.OMException: Unable to get file status: volume: volume85868 bucket: bucket56530 key: .Trash/runner
	at org.apache.hadoop.ozone.om.KeyManagerImpl.getOzoneFileStatus(KeyManagerImpl.java:1311) ~[ozone-manager-1.3.0-SNAPSHOT.jar:?]
	at org.apache.hadoop.ozone.om.KeyManagerImpl.getFileStatus(KeyManagerImpl.java:1241) ~[ozone-manager-1.3.0-SNAPSHOT.jar:?]
	at org.apache.hadoop.ozone.om.OzoneManager.getFileStatus(OzoneManager.java:3468) ~[ozone-manager-1.3.0-SNAPSHOT.jar:?]
	at org.apache.hadoop.ozone.protocolPB.OzoneManagerRequestHandler.getOzoneFileStatus(OzoneManagerRequestHandler.java:882) ~[ozone-manager-1.3.0-SNAPSHOT.jar:?]
	at org.apache.hadoop.ozone.protocolPB.OzoneManagerRequestHandler.handleReadRequest(OzoneManagerRequestHandler.java:228) ~[ozone-manager-1.3.0-SNAPSHOT.jar:?]
	at org.apache.hadoop.ozone.protocolPB.OzoneManagerProtocolServerSideTranslatorPB.submitRequestDirectlyToOM(OzoneManagerProtocolServerSideTranslatorPB.java:276) ~[ozone-manager-1.3.0-SNAPSHOT.jar:?]
	at org.apache.hadoop.ozone.protocolPB.OzoneManagerProtocolServerSideTranslatorPB.processRequest(OzoneManagerProtocolServerSideTranslatorPB.java:205) ~[ozone-manager-1.3.0-SNAPSHOT.jar:?]
	at org.apache.hadoop.hdds.server.OzoneProtocolMessageDispatcher.processRequest(OzoneProtocolMessageDispatcher.java:87) [hdds-server-framework-1.3.0-SNAPSHOT.jar:?]
	at org.apache.hadoop.ozone.protocolPB.OzoneManagerProtocolServerSideTranslatorPB.submitRequest(OzoneManagerProtocolServerSideTranslatorPB.java:147) [ozone-manager-1.3.0-SNAPSHOT.jar:?]
	at org.apache.hadoop.ozone.protocol.proto.OzoneManagerProtocolProtos$OzoneManagerService$2.callBlockingMethod(OzoneManagerProtocolProtos.java) [ozone-interface-client-1.3.0-SNAPSHOT.jar:?]
	at org.apache.hadoop.ipc.ProtobufRpcEngine$Server.processCall(ProtobufRpcEngine.java:466) [hadoop-common-3.3.1.jar:?]
	at org.apache.hadoop.ipc.ProtobufRpcEngine2$Server$ProtoBufRpcInvoker.call(ProtobufRpcEngine2.java:574) [hadoop-common-3.3.1.jar:?]
	at org.apache.hadoop.ipc.ProtobufRpcEngine2$Server$ProtoBufRpcInvoker.call(ProtobufRpcEngine2.java:552) [hadoop-common-3.3.1.jar:?]
	at org.apache.hadoop.ipc.RPC$Server.call(RPC.java:1093) [hadoop-common-3.3.1.jar:?]
	at org.apache.hadoop.ipc.Server$RpcCall.run(Server.java:1035) [hadoop-common-3.3.1.jar:?]
	at org.apache.hadoop.ipc.Server$RpcCall.run(Server.java:963) [hadoop-common-3.3.1.jar:?]
	at java.security.AccessController.doPrivileged(Native Method) ~[?:1.8.0_332]
	at javax.security.auth.Subject.doAs(Subject.java:422) [?:1.8.0_332]
	at org.apache.hadoop.security.UserGroupInformation.doAs(UserGroupInformation.java:1878) [hadoop-common-3.3.1.jar:?]
	at org.apache.hadoop.ipc.Server$Handler.run(Server.java:2966) [hadoop-common-3.3.1.jar:?]
13:49:29.939 [IPC Server handler 1 on default port 42643] ERROR OMAudit - user=runner | ip=127.0.0.1 | op=GET_FILE_STATUS {volume=692b5d85-9c05-4b05-a972-a6bc4c05ae18, bucket=51cd1898-7b30-426f-824d-d55f088e45f5, key=.Trash, dataSize=0, replicationConfig=null} | ret=FAILURE
org.apache.hadoop.ozone.om.exceptions.OMException: Unable to get file status: volume: 692b5d85-9c05-4b05-a972-a6bc4c05ae18 bucket: 51cd1898-7b30-426f-824d-d55f088e45f5 key: .Trash
	at org.apache.hadoop.ozone.om.KeyManagerImpl.getOzoneFileStatus(KeyManagerImpl.java:1311) ~[ozone-manager-1.3.0-SNAPSHOT.jar:?]
	at org.apache.hadoop.ozone.om.KeyManagerImpl.getFileStatus(KeyManagerImpl.java:1241) ~[ozone-manager-1.3.0-SNAPSHOT.jar:?]
	at org.apache.hadoop.ozone.om.OzoneManager.getFileStatus(OzoneManager.java:3468) ~[ozone-manager-1.3.0-SNAPSHOT.jar:?]
	at org.apache.hadoop.ozone.protocolPB.OzoneManagerRequestHandler.getOzoneFileStatus(OzoneManagerRequestHandler.java:882) ~[ozone-manager-1.3.0-SNAPSHOT.jar:?]
	at org.apache.hadoop.ozone.protocolPB.OzoneManagerRequestHandler.handleReadRequest(OzoneManagerRequestHandler.java:228) ~[ozone-manager-1.3.0-SNAPSHOT.jar:?]
	at org.apache.hadoop.ozone.protocolPB.OzoneManagerProtocolServerSideTranslatorPB.submitRequestDirectlyToOM(OzoneManagerProtocolServerSideTranslatorPB.java:276) ~[ozone-manager-1.3.0-SNAPSHOT.jar:?]
	at org.apache.hadoop.ozone.protocolPB.OzoneManagerProtocolServerSideTranslatorPB.processRequest(OzoneManagerProtocolServerSideTranslatorPB.java:205) ~[ozone-manager-1.3.0-SNAPSHOT.jar:?]
	at org.apache.hadoop.hdds.server.OzoneProtocolMessageDispatcher.processRequest(OzoneProtocolMessageDispatcher.java:87) [hdds-server-framework-1.3.0-SNAPSHOT.jar:?]
	at org.apache.hadoop.ozone.protocolPB.OzoneManagerProtocolServerSideTranslatorPB.submitRequest(OzoneManagerProtocolServerSideTranslatorPB.java:147) [ozone-manager-1.3.0-SNAPSHOT.jar:?]
	at org.apache.hadoop.ozone.protocol.proto.OzoneManagerProtocolProtos$OzoneManagerService$2.callBlockingMethod(OzoneManagerProtocolProtos.java) [ozone-interface-client-1.3.0-SNAPSHOT.jar:?]
	at org.apache.hadoop.ipc.ProtobufRpcEngine$Server.processCall(ProtobufRpcEngine.java:466) [hadoop-common-3.3.1.jar:?]
	at org.apache.hadoop.ipc.ProtobufRpcEngine2$Server$ProtoBufRpcInvoker.call(ProtobufRpcEngine2.java:574) [hadoop-common-3.3.1.jar:?]
	at org.apache.hadoop.ipc.ProtobufRpcEngine2$Server$ProtoBufRpcInvoker.call(ProtobufRpcEngine2.java:552) [hadoop-common-3.3.1.jar:?]
	at org.apache.hadoop.ipc.RPC$Server.call(RPC.java:1093) [hadoop-common-3.3.1.jar:?]
	at org.apache.hadoop.ipc.Server$RpcCall.run(Server.java:1035) [hadoop-common-3.3.1.jar:?]
	at org.apache.hadoop.ipc.Server$RpcCall.run(Server.java:963) [hadoop-common-3.3.1.jar:?]
	at java.security.AccessController.doPrivileged(Native Method) ~[?:1.8.0_332]
	at javax.security.auth.Subject.doAs(Subject.java:422) [?:1.8.0_332]
	at org.apache.hadoop.security.UserGroupInformation.doAs(UserGroupInformation.java:1878) [hadoop-common-3.3.1.jar:?]
	at org.apache.hadoop.ipc.Server$Handler.run(Server.java:2966) [hadoop-common-3.3.1.jar:?]
13:49:29.960 [IPC Server handler 3 on default port 42643] ERROR OMAudit - user=runner | ip=127.0.0.1 | op=GET_FILE_STATUS {volume=volume85868, bucket=bucket56530, key=.Trash, dataSize=0, replicationConfig=null} | ret=FAILURE
org.apache.hadoop.ozone.om.exceptions.OMException: Unable to get file status: volume: volume85868 bucket: bucket56530 key: .Trash
	at org.apache.hadoop.ozone.om.KeyManagerImpl.getOzoneFileStatus(KeyManagerImpl.java:1311) ~[ozone-manager-1.3.0-SNAPSHOT.jar:?]
	at org.apache.hadoop.ozone.om.KeyManagerImpl.getFileStatus(KeyManagerImpl.java:1241) ~[ozone-manager-1.3.0-SNAPSHOT.jar:?]
	at org.apache.hadoop.ozone.om.OzoneManager.getFileStatus(OzoneManager.java:3468) ~[ozone-manager-1.3.0-SNAPSHOT.jar:?]
	at org.apache.hadoop.ozone.protocolPB.OzoneManagerRequestHandler.getOzoneFileStatus(OzoneManagerRequestHandler.java:882) ~[ozone-manager-1.3.0-SNAPSHOT.jar:?]
	at org.apache.hadoop.ozone.protocolPB.OzoneManagerRequestHandler.handleReadRequest(OzoneManagerRequestHandler.java:228) ~[ozone-manager-1.3.0-SNAPSHOT.jar:?]
	at org.apache.hadoop.ozone.protocolPB.OzoneManagerProtocolServerSideTranslatorPB.submitRequestDirectlyToOM(OzoneManagerProtocolServerSideTranslatorPB.java:276) ~[ozone-manager-1.3.0-SNAPSHOT.jar:?]
	at org.apache.hadoop.ozone.protocolPB.OzoneManagerProtocolServerSideTranslatorPB.processRequest(OzoneManagerProtocolServerSideTranslatorPB.java:205) ~[ozone-manager-1.3.0-SNAPSHOT.jar:?]
	at org.apache.hadoop.hdds.server.OzoneProtocolMessageDispatcher.processRequest(OzoneProtocolMessageDispatcher.java:87) [hdds-server-framework-1.3.0-SNAPSHOT.jar:?]
	at org.apache.hadoop.ozone.protocolPB.OzoneManagerProtocolServerSideTranslatorPB.submitRequest(OzoneManagerProtocolServerSideTranslatorPB.java:147) [ozone-manager-1.3.0-SNAPSHOT.jar:?]
	at org.apache.hadoop.ozone.protocol.proto.OzoneManagerProtocolProtos$OzoneManagerService$2.callBlockingMethod(OzoneManagerProtocolProtos.java) [ozone-interface-client-1.3.0-SNAPSHOT.jar:?]
	at org.apache.hadoop.ipc.ProtobufRpcEngine$Server.processCall(ProtobufRpcEngine.java:466) [hadoop-common-3.3.1.jar:?]
	at org.apache.hadoop.ipc.ProtobufRpcEngine2$Server$ProtoBufRpcInvoker.call(ProtobufRpcEngine2.java:574) [hadoop-common-3.3.1.jar:?]
	at org.apache.hadoop.ipc.ProtobufRpcEngine2$Server$ProtoBufRpcInvoker.call(ProtobufRpcEngine2.java:552) [hadoop-common-3.3.1.jar:?]
	at org.apache.hadoop.ipc.RPC$Server.call(RPC.java:1093) [hadoop-common-3.3.1.jar:?]
	at org.apache.hadoop.ipc.Server$RpcCall.run(Server.java:1035) [hadoop-common-3.3.1.jar:?]
	at org.apache.hadoop.ipc.Server$RpcCall.run(Server.java:963) [hadoop-common-3.3.1.jar:?]
	at java.security.AccessController.doPrivileged(Native Method) ~[?:1.8.0_332]
	at javax.security.auth.Subject.doAs(Subject.java:422) [?:1.8.0_332]
	at org.apache.hadoop.security.UserGroupInformation.doAs(UserGroupInformation.java:1878) [hadoop-common-3.3.1.jar:?]
	at org.apache.hadoop.ipc.Server$Handler.run(Server.java:2966) [hadoop-common-3.3.1.jar:?]
13:49:29.976 [IPC Server handler 5 on default port 42643] ERROR OMAudit - user=runner | ip=127.0.0.1 | op=GET_FILE_STATUS {volume=volume19093, bucket=trashroottest2, key=.Trash/runner, dataSize=0, replicationConfig=null} | ret=FAILURE
org.apache.hadoop.ozone.om.exceptions.OMException: Unable to get file status: volume: volume19093 bucket: trashroottest2 key: .Trash/runner
	at org.apache.hadoop.ozone.om.KeyManagerImpl.getOzoneFileStatus(KeyManagerImpl.java:1311) ~[ozone-manager-1.3.0-SNAPSHOT.jar:?]
	at org.apache.hadoop.ozone.om.KeyManagerImpl.getFileStatus(KeyManagerImpl.java:1241) ~[ozone-manager-1.3.0-SNAPSHOT.jar:?]
	at org.apache.hadoop.ozone.om.OzoneManager.getFileStatus(OzoneManager.java:3468) ~[ozone-manager-1.3.0-SNAPSHOT.jar:?]
	at org.apache.hadoop.ozone.protocolPB.OzoneManagerRequestHandler.getOzoneFileStatus(OzoneManagerRequestHandler.java:882) ~[ozone-manager-1.3.0-SNAPSHOT.jar:?]
	at org.apache.hadoop.ozone.protocolPB.OzoneManagerRequestHandler.handleReadRequest(OzoneManagerRequestHandler.java:228) ~[ozone-manager-1.3.0-SNAPSHOT.jar:?]
	at org.apache.hadoop.ozone.protocolPB.OzoneManagerProtocolServerSideTranslatorPB.submitRequestDirectlyToOM(OzoneManagerProtocolServerSideTranslatorPB.java:276) ~[ozone-manager-1.3.0-SNAPSHOT.jar:?]
	at org.apache.hadoop.ozone.protocolPB.OzoneManagerProtocolServerSideTranslatorPB.processRequest(OzoneManagerProtocolServerSideTranslatorPB.java:205) ~[ozone-manager-1.3.0-SNAPSHOT.jar:?]
	at org.apache.hadoop.hdds.server.OzoneProtocolMessageDispatcher.processRequest(OzoneProtocolMessageDispatcher.java:87) [hdds-server-framework-1.3.0-SNAPSHOT.jar:?]
	at org.apache.hadoop.ozone.protocolPB.OzoneManagerProtocolServerSideTranslatorPB.submitRequest(OzoneManagerProtocolServerSideTranslatorPB.java:147) [ozone-manager-1.3.0-SNAPSHOT.jar:?]
	at org.apache.hadoop.ozone.protocol.proto.OzoneManagerProtocolProtos$OzoneManagerService$2.callBlockingMethod(OzoneManagerProtocolProtos.java) [ozone-interface-client-1.3.0-SNAPSHOT.jar:?]
	at org.apache.hadoop.ipc.ProtobufRpcEngine$Server.processCall(ProtobufRpcEngine.java:466) [hadoop-common-3.3.1.jar:?]
	at org.apache.hadoop.ipc.ProtobufRpcEngine2$Server$ProtoBufRpcInvoker.call(ProtobufRpcEngine2.java:574) [hadoop-common-3.3.1.jar:?]
	at org.apache.hadoop.ipc.ProtobufRpcEngine2$Server$ProtoBufRpcInvoker.call(ProtobufRpcEngine2.java:552) [hadoop-common-3.3.1.jar:?]
	at org.apache.hadoop.ipc.RPC$Server.call(RPC.java:1093) [hadoop-common-3.3.1.jar:?]
	at org.apache.hadoop.ipc.Server$RpcCall.run(Server.java:1035) [hadoop-common-3.3.1.jar:?]
	at org.apache.hadoop.ipc.Server$RpcCall.run(Server.java:963) [hadoop-common-3.3.1.jar:?]
	at java.security.AccessController.doPrivileged(Native Method) ~[?:1.8.0_332]
	at javax.security.auth.Subject.doAs(Subject.java:422) [?:1.8.0_332]
	at org.apache.hadoop.security.UserGroupInformation.doAs(UserGroupInformation.java:1878) [hadoop-common-3.3.1.jar:?]
	at org.apache.hadoop.ipc.Server$Handler.run(Server.java:2966) [hadoop-common-3.3.1.jar:?]
13:49:29.984 [IPC Server handler 13 on default port 42643] ERROR OMAudit - user=runner | ip=127.0.0.1 | op=GET_FILE_STATUS {volume=volume85868, bucket=bucket56530, key=.Trash/runner, dataSize=0, replicationConfig=null} | ret=FAILURE
org.apache.hadoop.ozone.om.exceptions.OMException: Unable to get file status: volume: volume85868 bucket: bucket56530 key: .Trash/runner
	at org.apache.hadoop.ozone.om.KeyManagerImpl.getOzoneFileStatus(KeyManagerImpl.java:1311) ~[ozone-manager-1.3.0-SNAPSHOT.jar:?]
	at org.apache.hadoop.ozone.om.KeyManagerImpl.getFileStatus(KeyManagerImpl.java:1241) ~[ozone-manager-1.3.0-SNAPSHOT.jar:?]
	at org.apache.hadoop.ozone.om.OzoneManager.getFileStatus(OzoneManager.java:3468) ~[ozone-manager-1.3.0-SNAPSHOT.jar:?]
	at org.apache.hadoop.ozone.protocolPB.OzoneManagerRequestHandler.getOzoneFileStatus(OzoneManagerRequestHandler.java:882) ~[ozone-manager-1.3.0-SNAPSHOT.jar:?]
	at org.apache.hadoop.ozone.protocolPB.OzoneManagerRequestHandler.handleReadRequest(OzoneManagerRequestHandler.java:228) ~[ozone-manager-1.3.0-SNAPSHOT.jar:?]
	at org.apache.hadoop.ozone.protocolPB.OzoneManagerProtocolServerSideTranslatorPB.submitRequestDirectlyToOM(OzoneManagerProtocolServerSideTranslatorPB.java:276) ~[ozone-manager-1.3.0-SNAPSHOT.jar:?]
	at org.apache.hadoop.ozone.protocolPB.OzoneManagerProtocolServerSideTranslatorPB.processRequest(OzoneManagerProtocolServerSideTranslatorPB.java:205) ~[ozone-manager-1.3.0-SNAPSHOT.jar:?]
	at org.apache.hadoop.hdds.server.OzoneProtocolMessageDispatcher.processRequest(OzoneProtocolMessageDispatcher.java:87) [hdds-server-framework-1.3.0-SNAPSHOT.jar:?]
	at org.apache.hadoop.ozone.protocolPB.OzoneManagerProtocolServerSideTranslatorPB.submitRequest(OzoneManagerProtocolServerSideTranslatorPB.java:147) [ozone-manager-1.3.0-SNAPSHOT.jar:?]
	at org.apache.hadoop.ozone.protocol.proto.OzoneManagerProtocolProtos$OzoneManagerService$2.callBlockingMethod(OzoneManagerProtocolProtos.java) [ozone-interface-client-1.3.0-SNAPSHOT.jar:?]
	at org.apache.hadoop.ipc.ProtobufRpcEngine$Server.processCall(ProtobufRpcEngine.java:466) [hadoop-common-3.3.1.jar:?]
	at org.apache.hadoop.ipc.ProtobufRpcEngine2$Server$ProtoBufRpcInvoker.call(ProtobufRpcEngine2.java:574) [hadoop-common-3.3.1.jar:?]
	at org.apache.hadoop.ipc.ProtobufRpcEngine2$Server$ProtoBufRpcInvoker.call(ProtobufRpcEngine2.java:552) [hadoop-common-3.3.1.jar:?]
	at org.apache.hadoop.ipc.RPC$Server.call(RPC.java:1093) [hadoop-common-3.3.1.jar:?]
	at org.apache.hadoop.ipc.Server$RpcCall.run(Server.java:1035) [hadoop-common-3.3.1.jar:?]
	at org.apache.hadoop.ipc.Server$RpcCall.run(Server.java:963) [hadoop-common-3.3.1.jar:?]
	at java.security.AccessController.doPrivileged(Native Method) ~[?:1.8.0_332]
	at javax.security.auth.Subject.doAs(Subject.java:422) [?:1.8.0_332]
	at org.apache.hadoop.security.UserGroupInformation.doAs(UserGroupInformation.java:1878) [hadoop-common-3.3.1.jar:?]
	at org.apache.hadoop.ipc.Server$Handler.run(Server.java:2966) [hadoop-common-3.3.1.jar:?]
13:49:29.987 [IPC Server handler 14 on default port 42643] ERROR OMAudit - user=runner | ip=127.0.0.1 | op=GET_FILE_STATUS {volume=692b5d85-9c05-4b05-a972-a6bc4c05ae18, bucket=51cd1898-7b30-426f-824d-d55f088e45f5, key=.Trash, dataSize=0, replicationConfig=null} | ret=FAILURE
org.apache.hadoop.ozone.om.exceptions.OMException: Unable to get file status: volume: 692b5d85-9c05-4b05-a972-a6bc4c05ae18 bucket: 51cd1898-7b30-426f-824d-d55f088e45f5 key: .Trash
	at org.apache.hadoop.ozone.om.KeyManagerImpl.getOzoneFileStatus(KeyManagerImpl.java:1311) ~[ozone-manager-1.3.0-SNAPSHOT.jar:?]
	at org.apache.hadoop.ozone.om.KeyManagerImpl.getFileStatus(KeyManagerImpl.java:1241) ~[ozone-manager-1.3.0-SNAPSHOT.jar:?]
	at org.apache.hadoop.ozone.om.OzoneManager.getFileStatus(OzoneManager.java:3468) ~[ozone-manager-1.3.0-SNAPSHOT.jar:?]
	at org.apache.hadoop.ozone.protocolPB.OzoneManagerRequestHandler.getOzoneFileStatus(OzoneManagerRequestHandler.java:882) ~[ozone-manager-1.3.0-SNAPSHOT.jar:?]
	at org.apache.hadoop.ozone.protocolPB.OzoneManagerRequestHandler.handleReadRequest(OzoneManagerRequestHandler.java:228) ~[ozone-manager-1.3.0-SNAPSHOT.jar:?]
	at org.apache.hadoop.ozone.protocolPB.OzoneManagerProtocolServerSideTranslatorPB.submitRequestDirectlyToOM(OzoneManagerProtocolServerSideTranslatorPB.java:276) ~[ozone-manager-1.3.0-SNAPSHOT.jar:?]
	at org.apache.hadoop.ozone.protocolPB.OzoneManagerProtocolServerSideTranslatorPB.processRequest(OzoneManagerProtocolServerSideTranslatorPB.java:205) ~[ozone-manager-1.3.0-SNAPSHOT.jar:?]
	at org.apache.hadoop.hdds.server.OzoneProtocolMessageDispatcher.processRequest(OzoneProtocolMessageDispatcher.java:87) [hdds-server-framework-1.3.0-SNAPSHOT.jar:?]
	at org.apache.hadoop.ozone.protocolPB.OzoneManagerProtocolServerSideTranslatorPB.submitRequest(OzoneManagerProtocolServerSideTranslatorPB.java:147) [ozone-manager-1.3.0-SNAPSHOT.jar:?]
	at org.apache.hadoop.ozone.protocol.proto.OzoneManagerProtocolProtos$OzoneManagerService$2.callBlockingMethod(OzoneManagerProtocolProtos.java) [ozone-interface-client-1.3.0-SNAPSHOT.jar:?]
	at org.apache.hadoop.ipc.ProtobufRpcEngine$Server.processCall(ProtobufRpcEngine.java:466) [hadoop-common-3.3.1.jar:?]
	at org.apache.hadoop.ipc.ProtobufRpcEngine2$Server$ProtoBufRpcInvoker.call(ProtobufRpcEngine2.java:574) [hadoop-common-3.3.1.jar:?]
	at org.apache.hadoop.ipc.ProtobufRpcEngine2$Server$ProtoBufRpcInvoker.call(ProtobufRpcEngine2.java:552) [hadoop-common-3.3.1.jar:?]
	at org.apache.hadoop.ipc.RPC$Server.call(RPC.java:1093) [hadoop-common-3.3.1.jar:?]
	at org.apache.hadoop.ipc.Server$RpcCall.run(Server.java:1035) [hadoop-common-3.3.1.jar:?]
	at org.apache.hadoop.ipc.Server$RpcCall.run(Server.java:963) [hadoop-common-3.3.1.jar:?]
	at java.security.AccessController.doPrivileged(Native Method) ~[?:1.8.0_332]
	at javax.security.auth.Subject.doAs(Subject.java:422) [?:1.8.0_332]
	at org.apache.hadoop.security.UserGroupInformation.doAs(UserGroupInformation.java:1878) [hadoop-common-3.3.1.jar:?]
	at org.apache.hadoop.ipc.Server$Handler.run(Server.java:2966) [hadoop-common-3.3.1.jar:?]
13:49:30.014 [IPC Server handler 12 on default port 42643] ERROR OMAudit - user=runner | ip=127.0.0.1 | op=GET_FILE_STATUS {volume=volume19093, bucket=trashroottest2, key=.Trash, dataSize=0, replicationConfig=null} | ret=FAILURE
org.apache.hadoop.ozone.om.exceptions.OMException: Unable to get file status: volume: volume19093 bucket: trashroottest2 key: .Trash
	at org.apache.hadoop.ozone.om.KeyManagerImpl.getOzoneFileStatus(KeyManagerImpl.java:1311) ~[ozone-manager-1.3.0-SNAPSHOT.jar:?]
	at org.apache.hadoop.ozone.om.KeyManagerImpl.getFileStatus(KeyManagerImpl.java:1241) ~[ozone-manager-1.3.0-SNAPSHOT.jar:?]
	at org.apache.hadoop.ozone.om.OzoneManager.getFileStatus(OzoneManager.java:3468) ~[ozone-manager-1.3.0-SNAPSHOT.jar:?]
	at org.apache.hadoop.ozone.protocolPB.OzoneManagerRequestHandler.getOzoneFileStatus(OzoneManagerRequestHandler.java:882) ~[ozone-manager-1.3.0-SNAPSHOT.jar:?]
	at org.apache.hadoop.ozone.protocolPB.OzoneManagerRequestHandler.handleReadRequest(OzoneManagerRequestHandler.java:228) ~[ozone-manager-1.3.0-SNAPSHOT.jar:?]
	at org.apache.hadoop.ozone.protocolPB.OzoneManagerProtocolServerSideTranslatorPB.submitRequestDirectlyToOM(OzoneManagerProtocolServerSideTranslatorPB.java:276) ~[ozone-manager-1.3.0-SNAPSHOT.jar:?]
	at org.apache.hadoop.ozone.protocolPB.OzoneManagerProtocolServerSideTranslatorPB.processRequest(OzoneManagerProtocolServerSideTranslatorPB.java:205) ~[ozone-manager-1.3.0-SNAPSHOT.jar:?]
	at org.apache.hadoop.hdds.server.OzoneProtocolMessageDispatcher.processRequest(OzoneProtocolMessageDispatcher.java:87) [hdds-server-framework-1.3.0-SNAPSHOT.jar:?]
	at org.apache.hadoop.ozone.protocolPB.OzoneManagerProtocolServerSideTranslatorPB.submitRequest(OzoneManagerProtocolServerSideTranslatorPB.java:147) [ozone-manager-1.3.0-SNAPSHOT.jar:?]
	at org.apache.hadoop.ozone.protocol.proto.OzoneManagerProtocolProtos$OzoneManagerService$2.callBlockingMethod(OzoneManagerProtocolProtos.java) [ozone-interface-client-1.3.0-SNAPSHOT.jar:?]
	at org.apache.hadoop.ipc.ProtobufRpcEngine$Server.processCall(ProtobufRpcEngine.java:466) [hadoop-common-3.3.1.jar:?]
	at org.apache.hadoop.ipc.ProtobufRpcEngine2$Server$ProtoBufRpcInvoker.call(ProtobufRpcEngine2.java:574) [hadoop-common-3.3.1.jar:?]
	at org.apache.hadoop.ipc.ProtobufRpcEngine2$Server$ProtoBufRpcInvoker.call(ProtobufRpcEngine2.java:552) [hadoop-common-3.3.1.jar:?]
	at org.apache.hadoop.ipc.RPC$Server.call(RPC.java:1093) [hadoop-common-3.3.1.jar:?]
	at org.apache.hadoop.ipc.Server$RpcCall.run(Server.java:1035) [hadoop-common-3.3.1.jar:?]
	at org.apache.hadoop.ipc.Server$RpcCall.run(Server.java:963) [hadoop-common-3.3.1.jar:?]
	at java.security.AccessController.doPrivileged(Native Method) ~[?:1.8.0_332]
	at javax.security.auth.Subject.doAs(Subject.java:422) [?:1.8.0_332]
	at org.apache.hadoop.security.UserGroupInformation.doAs(UserGroupInformation.java:1878) [hadoop-common-3.3.1.jar:?]
	at org.apache.hadoop.ipc.Server$Handler.run(Server.java:2966) [hadoop-common-3.3.1.jar:?]
13:49:30.016 [IPC Server handler 9 on default port 42643] ERROR OMAudit - user=runner | ip=127.0.0.1 | op=GET_FILE_STATUS {volume=volume85868, bucket=bucket56530, key=.Trash, dataSize=0, replicationConfig=null} | ret=FAILURE
org.apache.hadoop.ozone.om.exceptions.OMException: Unable to get file status: volume: volume85868 bucket: bucket56530 key: .Trash
	at org.apache.hadoop.ozone.om.KeyManagerImpl.getOzoneFileStatus(KeyManagerImpl.java:1311) ~[ozone-manager-1.3.0-SNAPSHOT.jar:?]
	at org.apache.hadoop.ozone.om.KeyManagerImpl.getFileStatus(KeyManagerImpl.java:1241) ~[ozone-manager-1.3.0-SNAPSHOT.jar:?]
	at org.apache.hadoop.ozone.om.OzoneManager.getFileStatus(OzoneManager.java:3468) ~[ozone-manager-1.3.0-SNAPSHOT.jar:?]
	at org.apache.hadoop.ozone.protocolPB.OzoneManagerRequestHandler.getOzoneFileStatus(OzoneManagerRequestHandler.java:882) ~[ozone-manager-1.3.0-SNAPSHOT.jar:?]
	at org.apache.hadoop.ozone.protocolPB.OzoneManagerRequestHandler.handleReadRequest(OzoneManagerRequestHandler.java:228) ~[ozone-manager-1.3.0-SNAPSHOT.jar:?]
	at org.apache.hadoop.ozone.protocolPB.OzoneManagerProtocolServerSideTranslatorPB.submitRequestDirectlyToOM(OzoneManagerProtocolServerSideTranslatorPB.java:276) ~[ozone-manager-1.3.0-SNAPSHOT.jar:?]
	at org.apache.hadoop.ozone.protocolPB.OzoneManagerProtocolServerSideTranslatorPB.processRequest(OzoneManagerProtocolServerSideTranslatorPB.java:205) ~[ozone-manager-1.3.0-SNAPSHOT.jar:?]
	at org.apache.hadoop.hdds.server.OzoneProtocolMessageDispatcher.processRequest(OzoneProtocolMessageDispatcher.java:87) [hdds-server-framework-1.3.0-SNAPSHOT.jar:?]
	at org.apache.hadoop.ozone.protocolPB.OzoneManagerProtocolServerSideTranslatorPB.submitRequest(OzoneManagerProtocolServerSideTranslatorPB.java:147) [ozone-manager-1.3.0-SNAPSHOT.jar:?]
	at org.apache.hadoop.ozone.protocol.proto.OzoneManagerProtocolProtos$OzoneManagerService$2.callBlockingMethod(OzoneManagerProtocolProtos.java) [ozone-interface-client-1.3.0-SNAPSHOT.jar:?]
	at org.apache.hadoop.ipc.ProtobufRpcEngine$Server.processCall(ProtobufRpcEngine.java:466) [hadoop-common-3.3.1.jar:?]
	at org.apache.hadoop.ipc.ProtobufRpcEngine2$Server$ProtoBufRpcInvoker.call(ProtobufRpcEngine2.java:574) [hadoop-common-3.3.1.jar:?]
	at org.apache.hadoop.ipc.ProtobufRpcEngine2$Server$ProtoBufRpcInvoker.call(ProtobufRpcEngine2.java:552) [hadoop-common-3.3.1.jar:?]
	at org.apache.hadoop.ipc.RPC$Server.call(RPC.java:1093) [hadoop-common-3.3.1.jar:?]
	at org.apache.hadoop.ipc.Server$RpcCall.run(Server.java:1035) [hadoop-common-3.3.1.jar:?]
	at org.apache.hadoop.ipc.Server$RpcCall.run(Server.java:963) [hadoop-common-3.3.1.jar:?]
	at java.security.AccessController.doPrivileged(Native Method) ~[?:1.8.0_332]
	at javax.security.auth.Subject.doAs(Subject.java:422) [?:1.8.0_332]
	at org.apache.hadoop.security.UserGroupInformation.doAs(UserGroupInformation.java:1878) [hadoop-common-3.3.1.jar:?]
	at org.apache.hadoop.ipc.Server$Handler.run(Server.java:2966) [hadoop-common-3.3.1.jar:?]
13:49:30.027 [IPC Server handler 6 on default port 42643] ERROR OMAudit - user=runner | ip=127.0.0.1 | op=GET_FILE_STATUS {volume=volume19093, bucket=trashroottest2, key=.Trash/runner, dataSize=0, replicationConfig=null} | ret=FAILURE
org.apache.hadoop.ozone.om.exceptions.OMException: Unable to get file status: volume: volume19093 bucket: trashroottest2 key: .Trash/runner
	at org.apache.hadoop.ozone.om.KeyManagerImpl.getOzoneFileStatus(KeyManagerImpl.java:1311) ~[ozone-manager-1.3.0-SNAPSHOT.jar:?]
	at org.apache.hadoop.ozone.om.KeyManagerImpl.getFileStatus(KeyManagerImpl.java:1241) ~[ozone-manager-1.3.0-SNAPSHOT.jar:?]
	at org.apache.hadoop.ozone.om.OzoneManager.getFileStatus(OzoneManager.java:3468) ~[ozone-manager-1.3.0-SNAPSHOT.jar:?]
	at org.apache.hadoop.ozone.protocolPB.OzoneManagerRequestHandler.getOzoneFileStatus(OzoneManagerRequestHandler.java:882) ~[ozone-manager-1.3.0-SNAPSHOT.jar:?]
	at org.apache.hadoop.ozone.protocolPB.OzoneManagerRequestHandler.handleReadRequest(OzoneManagerRequestHandler.java:228) ~[ozone-manager-1.3.0-SNAPSHOT.jar:?]
	at org.apache.hadoop.ozone.protocolPB.OzoneManagerProtocolServerSideTranslatorPB.submitRequestDirectlyToOM(OzoneManagerProtocolServerSideTranslatorPB.java:276) ~[ozone-manager-1.3.0-SNAPSHOT.jar:?]
	at org.apache.hadoop.ozone.protocolPB.OzoneManagerProtocolServerSideTranslatorPB.processRequest(OzoneManagerProtocolServerSideTranslatorPB.java:205) ~[ozone-manager-1.3.0-SNAPSHOT.jar:?]
	at org.apache.hadoop.hdds.server.OzoneProtocolMessageDispatcher.processRequest(OzoneProtocolMessageDispatcher.java:87) [hdds-server-framework-1.3.0-SNAPSHOT.jar:?]
	at org.apache.hadoop.ozone.protocolPB.OzoneManagerProtocolServerSideTranslatorPB.submitRequest(OzoneManagerProtocolServerSideTranslatorPB.java:147) [ozone-manager-1.3.0-SNAPSHOT.jar:?]
	at org.apache.hadoop.ozone.protocol.proto.OzoneManagerProtocolProtos$OzoneManagerService$2.callBlockingMethod(OzoneManagerProtocolProtos.java) [ozone-interface-client-1.3.0-SNAPSHOT.jar:?]
	at org.apache.hadoop.ipc.ProtobufRpcEngine$Server.processCall(ProtobufRpcEngine.java:466) [hadoop-common-3.3.1.jar:?]
	at org.apache.hadoop.ipc.ProtobufRpcEngine2$Server$ProtoBufRpcInvoker.call(ProtobufRpcEngine2.java:574) [hadoop-common-3.3.1.jar:?]
	at org.apache.hadoop.ipc.ProtobufRpcEngine2$Server$ProtoBufRpcInvoker.call(ProtobufRpcEngine2.java:552) [hadoop-common-3.3.1.jar:?]
	at org.apache.hadoop.ipc.RPC$Server.call(RPC.java:1093) [hadoop-common-3.3.1.jar:?]
	at org.apache.hadoop.ipc.Server$RpcCall.run(Server.java:1035) [hadoop-common-3.3.1.jar:?]
	at org.apache.hadoop.ipc.Server$RpcCall.run(Server.java:963) [hadoop-common-3.3.1.jar:?]
	at java.security.AccessController.doPrivileged(Native Method) ~[?:1.8.0_332]
	at javax.security.auth.Subject.doAs(Subject.java:422) [?:1.8.0_332]
	at org.apache.hadoop.security.UserGroupInformation.doAs(UserGroupInformation.java:1878) [hadoop-common-3.3.1.jar:?]
	at org.apache.hadoop.ipc.Server$Handler.run(Server.java:2966) [hadoop-common-3.3.1.jar:?]
13:49:30.028 [pool-577-thread-2] ERROR OMAudit - user=null | ip=null | op=LIST_STATUS {volume=volume19093, bucket=bucket44121, key=.Trash/testuser2, dataSize=0, replicationConfig=null} | ret=FAILURE
org.apache.hadoop.ozone.om.exceptions.OMException: Unable to get file status: volume: volume19093 bucket: bucket44121 key: .Trash/testuser2
	at org.apache.hadoop.ozone.om.KeyManagerImpl.getOzoneFileStatus(KeyManagerImpl.java:1311) ~[ozone-manager-1.3.0-SNAPSHOT.jar:?]
	at org.apache.hadoop.ozone.om.KeyManagerImpl.getFileStatus(KeyManagerImpl.java:1241) ~[ozone-manager-1.3.0-SNAPSHOT.jar:?]
	at org.apache.hadoop.ozone.om.KeyManagerImpl.listStatus(KeyManagerImpl.java:1565) ~[ozone-manager-1.3.0-SNAPSHOT.jar:?]
	at org.apache.hadoop.ozone.om.OzoneManager.listStatus(OzoneManager.java:3546) ~[ozone-manager-1.3.0-SNAPSHOT.jar:?]
	at org.apache.hadoop.ozone.om.OzoneManager.listStatus(OzoneManager.java:3525) ~[ozone-manager-1.3.0-SNAPSHOT.jar:?]
	at org.apache.hadoop.ozone.om.TrashOzoneFileSystem.listStatus(TrashOzoneFileSystem.java:227) ~[ozone-manager-1.3.0-SNAPSHOT.jar:?]
	at org.apache.hadoop.ozone.om.TrashPolicyOzone.deleteCheckpoint(TrashPolicyOzone.java:303) ~[ozone-manager-1.3.0-SNAPSHOT.jar:?]
	at org.apache.hadoop.ozone.om.TrashPolicyOzone.access$4(TrashPolicyOzone.java:296) ~[ozone-manager-1.3.0-SNAPSHOT.jar:?]
	at org.apache.hadoop.ozone.om.TrashPolicyOzone$Emptier.lambda$0(TrashPolicyOzone.java:225) ~[ozone-manager-1.3.0-SNAPSHOT.jar:?]
	at java.util.concurrent.Executors$RunnableAdapter.call(Executors.java:511) [?:1.8.0_332]
	at java.util.concurrent.FutureTask.run(FutureTask.java:266) [?:1.8.0_332]
	at java.util.concurrent.ThreadPoolExecutor.runWorker(ThreadPoolExecutor.java:1149) [?:1.8.0_332]
	at java.util.concurrent.ThreadPoolExecutor$Worker.run(ThreadPoolExecutor.java:624) [?:1.8.0_332]
	at java.lang.Thread.run(Thread.java:750) [?:1.8.0_332]
2022-08-09 13:49:30,029 [pool-577-thread-2] ERROR om.TrashPolicyOzone (TrashPolicyOzone.java:lambda$0(230)) - Unable to checkpoint:/volume19093/bucket44121/.Trash/testuser2
FILE_NOT_FOUND org.apache.hadoop.ozone.om.exceptions.OMException: Unable to get file status: volume: volume19093 bucket: bucket44121 key: .Trash/testuser2
	at org.apache.hadoop.ozone.om.KeyManagerImpl.getOzoneFileStatus(KeyManagerImpl.java:1311)
	at org.apache.hadoop.ozone.om.KeyManagerImpl.getFileStatus(KeyManagerImpl.java:1241)
	at org.apache.hadoop.ozone.om.KeyManagerImpl.listStatus(KeyManagerImpl.java:1565)
	at org.apache.hadoop.ozone.om.OzoneManager.listStatus(OzoneManager.java:3546)
	at org.apache.hadoop.ozone.om.OzoneManager.listStatus(OzoneManager.java:3525)
	at org.apache.hadoop.ozone.om.TrashOzoneFileSystem.listStatus(TrashOzoneFileSystem.java:227)
	at org.apache.hadoop.ozone.om.TrashPolicyOzone.deleteCheckpoint(TrashPolicyOzone.java:303)
	at org.apache.hadoop.ozone.om.TrashPolicyOzone.access$4(TrashPolicyOzone.java:296)
	at org.apache.hadoop.ozone.om.TrashPolicyOzone$Emptier.lambda$0(TrashPolicyOzone.java:225)
	at java.util.concurrent.Executors$RunnableAdapter.call(Executors.java:511)
	at java.util.concurrent.FutureTask.run(FutureTask.java:266)
	at java.util.concurrent.ThreadPoolExecutor.runWorker(ThreadPoolExecutor.java:1149)
	at java.util.concurrent.ThreadPoolExecutor$Worker.run(ThreadPoolExecutor.java:624)
	at java.lang.Thread.run(Thread.java:750)
13:49:30.037 [IPC Server handler 4 on default port 42643] ERROR OMAudit - user=runner | ip=127.0.0.1 | op=GET_FILE_STATUS {volume=volume85868, bucket=bucket56530, key=.Trash/runner, dataSize=0, replicationConfig=null} | ret=FAILURE
org.apache.hadoop.ozone.om.exceptions.OMException: Unable to get file status: volume: volume85868 bucket: bucket56530 key: .Trash/runner
	at org.apache.hadoop.ozone.om.KeyManagerImpl.getOzoneFileStatus(KeyManagerImpl.java:1311) ~[ozone-manager-1.3.0-SNAPSHOT.jar:?]
	at org.apache.hadoop.ozone.om.KeyManagerImpl.getFileStatus(KeyManagerImpl.java:1241) ~[ozone-manager-1.3.0-SNAPSHOT.jar:?]
	at org.apache.hadoop.ozone.om.OzoneManager.getFileStatus(OzoneManager.java:3468) ~[ozone-manager-1.3.0-SNAPSHOT.jar:?]
	at org.apache.hadoop.ozone.protocolPB.OzoneManagerRequestHandler.getOzoneFileStatus(OzoneManagerRequestHandler.java:882) ~[ozone-manager-1.3.0-SNAPSHOT.jar:?]
	at org.apache.hadoop.ozone.protocolPB.OzoneManagerRequestHandler.handleReadRequest(OzoneManagerRequestHandler.java:228) ~[ozone-manager-1.3.0-SNAPSHOT.jar:?]
	at org.apache.hadoop.ozone.protocolPB.OzoneManagerProtocolServerSideTranslatorPB.submitRequestDirectlyToOM(OzoneManagerProtocolServerSideTranslatorPB.java:276) ~[ozone-manager-1.3.0-SNAPSHOT.jar:?]
	at org.apache.hadoop.ozone.protocolPB.OzoneManagerProtocolServerSideTranslatorPB.processRequest(OzoneManagerProtocolServerSideTranslatorPB.java:205) ~[ozone-manager-1.3.0-SNAPSHOT.jar:?]
	at org.apache.hadoop.hdds.server.OzoneProtocolMessageDispatcher.processRequest(OzoneProtocolMessageDispatcher.java:87) [hdds-server-framework-1.3.0-SNAPSHOT.jar:?]
	at org.apache.hadoop.ozone.protocolPB.OzoneManagerProtocolServerSideTranslatorPB.submitRequest(OzoneManagerProtocolServerSideTranslatorPB.java:147) [ozone-manager-1.3.0-SNAPSHOT.jar:?]
	at org.apache.hadoop.ozone.protocol.proto.OzoneManagerProtocolProtos$OzoneManagerService$2.callBlockingMethod(OzoneManagerProtocolProtos.java) [ozone-interface-client-1.3.0-SNAPSHOT.jar:?]
	at org.apache.hadoop.ipc.ProtobufRpcEngine$Server.processCall(ProtobufRpcEngine.java:466) [hadoop-common-3.3.1.jar:?]
	at org.apache.hadoop.ipc.ProtobufRpcEngine2$Server$ProtoBufRpcInvoker.call(ProtobufRpcEngine2.java:574) [hadoop-common-3.3.1.jar:?]
	at org.apache.hadoop.ipc.ProtobufRpcEngine2$Server$ProtoBufRpcInvoker.call(ProtobufRpcEngine2.java:552) [hadoop-common-3.3.1.jar:?]
	at org.apache.hadoop.ipc.RPC$Server.call(RPC.java:1093) [hadoop-common-3.3.1.jar:?]
	at org.apache.hadoop.ipc.Server$RpcCall.run(Server.java:1035) [hadoop-common-3.3.1.jar:?]
	at org.apache.hadoop.ipc.Server$RpcCall.run(Server.java:963) [hadoop-common-3.3.1.jar:?]
	at java.security.AccessController.doPrivileged(Native Method) ~[?:1.8.0_332]
	at javax.security.auth.Subject.doAs(Subject.java:422) [?:1.8.0_332]
	at org.apache.hadoop.security.UserGroupInformation.doAs(UserGroupInformation.java:1878) [hadoop-common-3.3.1.jar:?]
	at org.apache.hadoop.ipc.Server$Handler.run(Server.java:2966) [hadoop-common-3.3.1.jar:?]
13:49:30.044 [IPC Server handler 11 on default port 42643] ERROR OMAudit - user=runner | ip=127.0.0.1 | op=GET_FILE_STATUS {volume=692b5d85-9c05-4b05-a972-a6bc4c05ae18, bucket=51cd1898-7b30-426f-824d-d55f088e45f5, key=.Trash, dataSize=0, replicationConfig=null} | ret=FAILURE
org.apache.hadoop.ozone.om.exceptions.OMException: Unable to get file status: volume: 692b5d85-9c05-4b05-a972-a6bc4c05ae18 bucket: 51cd1898-7b30-426f-824d-d55f088e45f5 key: .Trash
	at org.apache.hadoop.ozone.om.KeyManagerImpl.getOzoneFileStatus(KeyManagerImpl.java:1311) ~[ozone-manager-1.3.0-SNAPSHOT.jar:?]
	at org.apache.hadoop.ozone.om.KeyManagerImpl.getFileStatus(KeyManagerImpl.java:1241) ~[ozone-manager-1.3.0-SNAPSHOT.jar:?]
	at org.apache.hadoop.ozone.om.OzoneManager.getFileStatus(OzoneManager.java:3468) ~[ozone-manager-1.3.0-SNAPSHOT.jar:?]
	at org.apache.hadoop.ozone.protocolPB.OzoneManagerRequestHandler.getOzoneFileStatus(OzoneManagerRequestHandler.java:882) ~[ozone-manager-1.3.0-SNAPSHOT.jar:?]
	at org.apache.hadoop.ozone.protocolPB.OzoneManagerRequestHandler.handleReadRequest(OzoneManagerRequestHandler.java:228) ~[ozone-manager-1.3.0-SNAPSHOT.jar:?]
	at org.apache.hadoop.ozone.protocolPB.OzoneManagerProtocolServerSideTranslatorPB.submitRequestDirectlyToOM(OzoneManagerProtocolServerSideTranslatorPB.java:276) ~[ozone-manager-1.3.0-SNAPSHOT.jar:?]
	at org.apache.hadoop.ozone.protocolPB.OzoneManagerProtocolServerSideTranslatorPB.processRequest(OzoneManagerProtocolServerSideTranslatorPB.java:205) ~[ozone-manager-1.3.0-SNAPSHOT.jar:?]
	at org.apache.hadoop.hdds.server.OzoneProtocolMessageDispatcher.processRequest(OzoneProtocolMessageDispatcher.java:87) [hdds-server-framework-1.3.0-SNAPSHOT.jar:?]
	at org.apache.hadoop.ozone.protocolPB.OzoneManagerProtocolServerSideTranslatorPB.submitRequest(OzoneManagerProtocolServerSideTranslatorPB.java:147) [ozone-manager-1.3.0-SNAPSHOT.jar:?]
	at org.apache.hadoop.ozone.protocol.proto.OzoneManagerProtocolProtos$OzoneManagerService$2.callBlockingMethod(OzoneManagerProtocolProtos.java) [ozone-interface-client-1.3.0-SNAPSHOT.jar:?]
	at org.apache.hadoop.ipc.ProtobufRpcEngine$Server.processCall(ProtobufRpcEngine.java:466) [hadoop-common-3.3.1.jar:?]
	at org.apache.hadoop.ipc.ProtobufRpcEngine2$Server$ProtoBufRpcInvoker.call(ProtobufRpcEngine2.java:574) [hadoop-common-3.3.1.jar:?]
	at org.apache.hadoop.ipc.ProtobufRpcEngine2$Server$ProtoBufRpcInvoker.call(ProtobufRpcEngine2.java:552) [hadoop-common-3.3.1.jar:?]
	at org.apache.hadoop.ipc.RPC$Server.call(RPC.java:1093) [hadoop-common-3.3.1.jar:?]
	at org.apache.hadoop.ipc.Server$RpcCall.run(Server.java:1035) [hadoop-common-3.3.1.jar:?]
	at org.apache.hadoop.ipc.Server$RpcCall.run(Server.java:963) [hadoop-common-3.3.1.jar:?]
	at java.security.AccessController.doPrivileged(Native Method) ~[?:1.8.0_332]
	at javax.security.auth.Subject.doAs(Subject.java:422) [?:1.8.0_332]
	at org.apache.hadoop.security.UserGroupInformation.doAs(UserGroupInformation.java:1878) [hadoop-common-3.3.1.jar:?]
	at org.apache.hadoop.ipc.Server$Handler.run(Server.java:2966) [hadoop-common-3.3.1.jar:?]
13:49:30.049 [IPC Server handler 0 on default port 42643] ERROR OMAudit - user=runner | ip=127.0.0.1 | op=GET_FILE_STATUS {volume=volume19093, bucket=trashroottest2, key=.Trash, dataSize=0, replicationConfig=null} | ret=FAILURE
org.apache.hadoop.ozone.om.exceptions.OMException: Unable to get file status: volume: volume19093 bucket: trashroottest2 key: .Trash
	at org.apache.hadoop.ozone.om.KeyManagerImpl.getOzoneFileStatus(KeyManagerImpl.java:1311) ~[ozone-manager-1.3.0-SNAPSHOT.jar:?]
	at org.apache.hadoop.ozone.om.KeyManagerImpl.getFileStatus(KeyManagerImpl.java:1241) ~[ozone-manager-1.3.0-SNAPSHOT.jar:?]
	at org.apache.hadoop.ozone.om.OzoneManager.getFileStatus(OzoneManager.java:3468) ~[ozone-manager-1.3.0-SNAPSHOT.jar:?]
	at org.apache.hadoop.ozone.protocolPB.OzoneManagerRequestHandler.getOzoneFileStatus(OzoneManagerRequestHandler.java:882) ~[ozone-manager-1.3.0-SNAPSHOT.jar:?]
	at org.apache.hadoop.ozone.protocolPB.OzoneManagerRequestHandler.handleReadRequest(OzoneManagerRequestHandler.java:228) ~[ozone-manager-1.3.0-SNAPSHOT.jar:?]
	at org.apache.hadoop.ozone.protocolPB.OzoneManagerProtocolServerSideTranslatorPB.submitRequestDirectlyToOM(OzoneManagerProtocolServerSideTranslatorPB.java:276) ~[ozone-manager-1.3.0-SNAPSHOT.jar:?]
	at org.apache.hadoop.ozone.protocolPB.OzoneManagerProtocolServerSideTranslatorPB.processRequest(OzoneManagerProtocolServerSideTranslatorPB.java:205) ~[ozone-manager-1.3.0-SNAPSHOT.jar:?]
	at org.apache.hadoop.hdds.server.OzoneProtocolMessageDispatcher.processRequest(OzoneProtocolMessageDispatcher.java:87) [hdds-server-framework-1.3.0-SNAPSHOT.jar:?]
	at org.apache.hadoop.ozone.protocolPB.OzoneManagerProtocolServerSideTranslatorPB.submitRequest(OzoneManagerProtocolServerSideTranslatorPB.java:147) [ozone-manager-1.3.0-SNAPSHOT.jar:?]
	at org.apache.hadoop.ozone.protocol.proto.OzoneManagerProtocolProtos$OzoneManagerService$2.callBlockingMethod(OzoneManagerProtocolProtos.java) [ozone-interface-client-1.3.0-SNAPSHOT.jar:?]
	at org.apache.hadoop.ipc.ProtobufRpcEngine$Server.processCall(ProtobufRpcEngine.java:466) [hadoop-common-3.3.1.jar:?]
	at org.apache.hadoop.ipc.ProtobufRpcEngine2$Server$ProtoBufRpcInvoker.call(ProtobufRpcEngine2.java:574) [hadoop-common-3.3.1.jar:?]
	at org.apache.hadoop.ipc.ProtobufRpcEngine2$Server$ProtoBufRpcInvoker.call(ProtobufRpcEngine2.java:552) [hadoop-common-3.3.1.jar:?]
	at org.apache.hadoop.ipc.RPC$Server.call(RPC.java:1093) [hadoop-common-3.3.1.jar:?]
	at org.apache.hadoop.ipc.Server$RpcCall.run(Server.java:1035) [hadoop-common-3.3.1.jar:?]
	at org.apache.hadoop.ipc.Server$RpcCall.run(Server.java:963) [hadoop-common-3.3.1.jar:?]
	at java.security.AccessController.doPrivileged(Native Method) ~[?:1.8.0_332]
	at javax.security.auth.Subject.doAs(Subject.java:422) [?:1.8.0_332]
	at org.apache.hadoop.security.UserGroupInformation.doAs(UserGroupInformation.java:1878) [hadoop-common-3.3.1.jar:?]
	at org.apache.hadoop.ipc.Server$Handler.run(Server.java:2966) [hadoop-common-3.3.1.jar:?]
13:49:30.051 [IPC Server handler 8 on default port 42643] ERROR OMAudit - user=runner | ip=127.0.0.1 | op=GET_FILE_STATUS {volume=volume85868, bucket=bucket56530, key=.Trash, dataSize=0, replicationConfig=null} | ret=FAILURE
org.apache.hadoop.ozone.om.exceptions.OMException: Unable to get file status: volume: volume85868 bucket: bucket56530 key: .Trash
	at org.apache.hadoop.ozone.om.KeyManagerImpl.getOzoneFileStatus(KeyManagerImpl.java:1311) ~[ozone-manager-1.3.0-SNAPSHOT.jar:?]
	at org.apache.hadoop.ozone.om.KeyManagerImpl.getFileStatus(KeyManagerImpl.java:1241) ~[ozone-manager-1.3.0-SNAPSHOT.jar:?]
	at org.apache.hadoop.ozone.om.OzoneManager.getFileStatus(OzoneManager.java:3468) ~[ozone-manager-1.3.0-SNAPSHOT.jar:?]
	at org.apache.hadoop.ozone.protocolPB.OzoneManagerRequestHandler.getOzoneFileStatus(OzoneManagerRequestHandler.java:882) ~[ozone-manager-1.3.0-SNAPSHOT.jar:?]
	at org.apache.hadoop.ozone.protocolPB.OzoneManagerRequestHandler.handleReadRequest(OzoneManagerRequestHandler.java:228) ~[ozone-manager-1.3.0-SNAPSHOT.jar:?]
	at org.apache.hadoop.ozone.protocolPB.OzoneManagerProtocolServerSideTranslatorPB.submitRequestDirectlyToOM(OzoneManagerProtocolServerSideTranslatorPB.java:276) ~[ozone-manager-1.3.0-SNAPSHOT.jar:?]
	at org.apache.hadoop.ozone.protocolPB.OzoneManagerProtocolServerSideTranslatorPB.processRequest(OzoneManagerProtocolServerSideTranslatorPB.java:205) ~[ozone-manager-1.3.0-SNAPSHOT.jar:?]
	at org.apache.hadoop.hdds.server.OzoneProtocolMessageDispatcher.processRequest(OzoneProtocolMessageDispatcher.java:87) [hdds-server-framework-1.3.0-SNAPSHOT.jar:?]
	at org.apache.hadoop.ozone.protocolPB.OzoneManagerProtocolServerSideTranslatorPB.submitRequest(OzoneManagerProtocolServerSideTranslatorPB.java:147) [ozone-manager-1.3.0-SNAPSHOT.jar:?]
	at org.apache.hadoop.ozone.protocol.proto.OzoneManagerProtocolProtos$OzoneManagerService$2.callBlockingMethod(OzoneManagerProtocolProtos.java) [ozone-interface-client-1.3.0-SNAPSHOT.jar:?]
	at org.apache.hadoop.ipc.ProtobufRpcEngine$Server.processCall(ProtobufRpcEngine.java:466) [hadoop-common-3.3.1.jar:?]
	at org.apache.hadoop.ipc.ProtobufRpcEngine2$Server$ProtoBufRpcInvoker.call(ProtobufRpcEngine2.java:574) [hadoop-common-3.3.1.jar:?]
	at org.apache.hadoop.ipc.ProtobufRpcEngine2$Server$ProtoBufRpcInvoker.call(ProtobufRpcEngine2.java:552) [hadoop-common-3.3.1.jar:?]
	at org.apache.hadoop.ipc.RPC$Server.call(RPC.java:1093) [hadoop-common-3.3.1.jar:?]
	at org.apache.hadoop.ipc.Server$RpcCall.run(Server.java:1035) [hadoop-common-3.3.1.jar:?]
	at org.apache.hadoop.ipc.Server$RpcCall.run(Server.java:963) [hadoop-common-3.3.1.jar:?]
	at java.security.AccessController.doPrivileged(Native Method) ~[?:1.8.0_332]
	at javax.security.auth.Subject.doAs(Subject.java:422) [?:1.8.0_332]
	at org.apache.hadoop.security.UserGroupInformation.doAs(UserGroupInformation.java:1878) [hadoop-common-3.3.1.jar:?]
	at org.apache.hadoop.ipc.Server$Handler.run(Server.java:2966) [hadoop-common-3.3.1.jar:?]
13:49:30.082 [IPC Server handler 7 on default port 42643] ERROR OMAudit - user=runner | ip=127.0.0.1 | op=GET_FILE_STATUS {volume=volume19093, bucket=bucket44121, key=.Trash/runner, dataSize=0, replicationConfig=null} | ret=FAILURE
org.apache.hadoop.ozone.om.exceptions.OMException: Unable to get file status: volume: volume19093 bucket: bucket44121 key: .Trash/runner
	at org.apache.hadoop.ozone.om.KeyManagerImpl.getOzoneFileStatus(KeyManagerImpl.java:1311) ~[ozone-manager-1.3.0-SNAPSHOT.jar:?]
	at org.apache.hadoop.ozone.om.KeyManagerImpl.getFileStatus(KeyManagerImpl.java:1241) ~[ozone-manager-1.3.0-SNAPSHOT.jar:?]
	at org.apache.hadoop.ozone.om.OzoneManager.getFileStatus(OzoneManager.java:3468) ~[ozone-manager-1.3.0-SNAPSHOT.jar:?]
	at org.apache.hadoop.ozone.protocolPB.OzoneManagerRequestHandler.getOzoneFileStatus(OzoneManagerRequestHandler.java:882) ~[ozone-manager-1.3.0-SNAPSHOT.jar:?]
	at org.apache.hadoop.ozone.protocolPB.OzoneManagerRequestHandler.handleReadRequest(OzoneManagerRequestHandler.java:228) ~[ozone-manager-1.3.0-SNAPSHOT.jar:?]
	at org.apache.hadoop.ozone.protocolPB.OzoneManagerProtocolServerSideTranslatorPB.submitRequestDirectlyToOM(OzoneManagerProtocolServerSideTranslatorPB.java:276) ~[ozone-manager-1.3.0-SNAPSHOT.jar:?]
	at org.apache.hadoop.ozone.protocolPB.OzoneManagerProtocolServerSideTranslatorPB.processRequest(OzoneManagerProtocolServerSideTranslatorPB.java:205) ~[ozone-manager-1.3.0-SNAPSHOT.jar:?]
	at org.apache.hadoop.hdds.server.OzoneProtocolMessageDispatcher.processRequest(OzoneProtocolMessageDispatcher.java:87) [hdds-server-framework-1.3.0-SNAPSHOT.jar:?]
	at org.apache.hadoop.ozone.protocolPB.OzoneManagerProtocolServerSideTranslatorPB.submitRequest(OzoneManagerProtocolServerSideTranslatorPB.java:147) [ozone-manager-1.3.0-SNAPSHOT.jar:?]
	at org.apache.hadoop.ozone.protocol.proto.OzoneManagerProtocolProtos$OzoneManagerService$2.callBlockingMethod(OzoneManagerProtocolProtos.java) [ozone-interface-client-1.3.0-SNAPSHOT.jar:?]
	at org.apache.hadoop.ipc.ProtobufRpcEngine$Server.processCall(ProtobufRpcEngine.java:466) [hadoop-common-3.3.1.jar:?]
	at org.apache.hadoop.ipc.ProtobufRpcEngine2$Server$ProtoBufRpcInvoker.call(ProtobufRpcEngine2.java:574) [hadoop-common-3.3.1.jar:?]
	at org.apache.hadoop.ipc.ProtobufRpcEngine2$Server$ProtoBufRpcInvoker.call(ProtobufRpcEngine2.java:552) [hadoop-common-3.3.1.jar:?]
	at org.apache.hadoop.ipc.RPC$Server.call(RPC.java:1093) [hadoop-common-3.3.1.jar:?]
	at org.apache.hadoop.ipc.Server$RpcCall.run(Server.java:1035) [hadoop-common-3.3.1.jar:?]
	at org.apache.hadoop.ipc.Server$RpcCall.run(Server.java:963) [hadoop-common-3.3.1.jar:?]
	at java.security.AccessController.doPrivileged(Native Method) ~[?:1.8.0_332]
	at javax.security.auth.Subject.doAs(Subject.java:422) [?:1.8.0_332]
	at org.apache.hadoop.security.UserGroupInformation.doAs(UserGroupInformation.java:1878) [hadoop-common-3.3.1.jar:?]
	at org.apache.hadoop.ipc.Server$Handler.run(Server.java:2966) [hadoop-common-3.3.1.jar:?]
13:49:30.091 [IPC Server handler 17 on default port 42643] ERROR OMAudit - user=runner | ip=127.0.0.1 | op=GET_FILE_STATUS {volume=692b5d85-9c05-4b05-a972-a6bc4c05ae18, bucket=51cd1898-7b30-426f-824d-d55f088e45f5, key=.Trash, dataSize=0, replicationConfig=null} | ret=FAILURE
org.apache.hadoop.ozone.om.exceptions.OMException: Unable to get file status: volume: 692b5d85-9c05-4b05-a972-a6bc4c05ae18 bucket: 51cd1898-7b30-426f-824d-d55f088e45f5 key: .Trash
	at org.apache.hadoop.ozone.om.KeyManagerImpl.getOzoneFileStatus(KeyManagerImpl.java:1311) ~[ozone-manager-1.3.0-SNAPSHOT.jar:?]
	at org.apache.hadoop.ozone.om.KeyManagerImpl.getFileStatus(KeyManagerImpl.java:1241) ~[ozone-manager-1.3.0-SNAPSHOT.jar:?]
	at org.apache.hadoop.ozone.om.OzoneManager.getFileStatus(OzoneManager.java:3468) ~[ozone-manager-1.3.0-SNAPSHOT.jar:?]
	at org.apache.hadoop.ozone.protocolPB.OzoneManagerRequestHandler.getOzoneFileStatus(OzoneManagerRequestHandler.java:882) ~[ozone-manager-1.3.0-SNAPSHOT.jar:?]
	at org.apache.hadoop.ozone.protocolPB.OzoneManagerRequestHandler.handleReadRequest(OzoneManagerRequestHandler.java:228) ~[ozone-manager-1.3.0-SNAPSHOT.jar:?]
	at org.apache.hadoop.ozone.protocolPB.OzoneManagerProtocolServerSideTranslatorPB.submitRequestDirectlyToOM(OzoneManagerProtocolServerSideTranslatorPB.java:276) ~[ozone-manager-1.3.0-SNAPSHOT.jar:?]
	at org.apache.hadoop.ozone.protocolPB.OzoneManagerProtocolServerSideTranslatorPB.processRequest(OzoneManagerProtocolServerSideTranslatorPB.java:205) ~[ozone-manager-1.3.0-SNAPSHOT.jar:?]
	at org.apache.hadoop.hdds.server.OzoneProtocolMessageDispatcher.processRequest(OzoneProtocolMessageDispatcher.java:87) [hdds-server-framework-1.3.0-SNAPSHOT.jar:?]
	at org.apache.hadoop.ozone.protocolPB.OzoneManagerProtocolServerSideTranslatorPB.submitRequest(OzoneManagerProtocolServerSideTranslatorPB.java:147) [ozone-manager-1.3.0-SNAPSHOT.jar:?]
	at org.apache.hadoop.ozone.protocol.proto.OzoneManagerProtocolProtos$OzoneManagerService$2.callBlockingMethod(OzoneManagerProtocolProtos.java) [ozone-interface-client-1.3.0-SNAPSHOT.jar:?]
	at org.apache.hadoop.ipc.ProtobufRpcEngine$Server.processCall(ProtobufRpcEngine.java:466) [hadoop-common-3.3.1.jar:?]
	at org.apache.hadoop.ipc.ProtobufRpcEngine2$Server$ProtoBufRpcInvoker.call(ProtobufRpcEngine2.java:574) [hadoop-common-3.3.1.jar:?]
	at org.apache.hadoop.ipc.ProtobufRpcEngine2$Server$ProtoBufRpcInvoker.call(ProtobufRpcEngine2.java:552) [hadoop-common-3.3.1.jar:?]
	at org.apache.hadoop.ipc.RPC$Server.call(RPC.java:1093) [hadoop-common-3.3.1.jar:?]
	at org.apache.hadoop.ipc.Server$RpcCall.run(Server.java:1035) [hadoop-common-3.3.1.jar:?]
	at org.apache.hadoop.ipc.Server$RpcCall.run(Server.java:963) [hadoop-common-3.3.1.jar:?]
	at java.security.AccessController.doPrivileged(Native Method) ~[?:1.8.0_332]
	at javax.security.auth.Subject.doAs(Subject.java:422) [?:1.8.0_332]
	at org.apache.hadoop.security.UserGroupInformation.doAs(UserGroupInformation.java:1878) [hadoop-common-3.3.1.jar:?]
	at org.apache.hadoop.ipc.Server$Handler.run(Server.java:2966) [hadoop-common-3.3.1.jar:?]
]]></system-out>
  </testcase>
  <testcase name="testGetTrashRoots" classname="TestRootedOzoneFileSystem" time="1.003">
    <system-out><![CDATA[2022-08-09 13:50:47,826 [Time-limited test] INFO  rpc.RpcClient (RpcClient.java:createVolume(468)) - Creating Volume: volume74283, with user38755 as owner and space quota set to -1 bytes, counts quota set to -1
2022-08-09 13:50:47,833 [OM StateMachine ApplyTransaction Thread - 0] INFO  volume.OMVolumeCreateRequest (OMVolumeCreateRequest.java:validateAndUpdateCache(195)) - created volume:volume74283 for user:user38755
2022-08-09 13:50:47,834 [Time-limited test] INFO  rpc.RpcClient (RpcClient.java:createBucket(671)) - Creating Bucket: volume74283/bucket28388, with bucket layout LEGACY, runner as owner, Versioning false, Storage Type set to DISK and Encryption set to false 
2022-08-09 13:50:47,841 [OM StateMachine ApplyTransaction Thread - 0] INFO  bucket.OMBucketCreateRequest (OMBucketCreateRequest.java:validateAndUpdateCache(260)) - created bucket: bucket28388 of layout LEGACY in volume: volume74283
13:50:47.856 [IPC Server handler 0 on default port 45023] ERROR OMAudit - user=runner | ip=127.0.0.1 | op=GET_FILE_STATUS {volume=volume74283, bucket=bucket28388, key=.Trash/runner, dataSize=0, replicationConfig=null} | ret=FAILURE
org.apache.hadoop.ozone.om.exceptions.OMException: Unable to get file status: volume: volume74283 bucket: bucket28388 key: .Trash/runner
	at org.apache.hadoop.ozone.om.KeyManagerImpl.getOzoneFileStatus(KeyManagerImpl.java:1311) ~[ozone-manager-1.3.0-SNAPSHOT.jar:?]
	at org.apache.hadoop.ozone.om.KeyManagerImpl.getFileStatus(KeyManagerImpl.java:1241) ~[ozone-manager-1.3.0-SNAPSHOT.jar:?]
	at org.apache.hadoop.ozone.om.OzoneManager.getFileStatus(OzoneManager.java:3468) ~[ozone-manager-1.3.0-SNAPSHOT.jar:?]
	at org.apache.hadoop.ozone.protocolPB.OzoneManagerRequestHandler.getOzoneFileStatus(OzoneManagerRequestHandler.java:882) ~[ozone-manager-1.3.0-SNAPSHOT.jar:?]
	at org.apache.hadoop.ozone.protocolPB.OzoneManagerRequestHandler.handleReadRequest(OzoneManagerRequestHandler.java:228) ~[ozone-manager-1.3.0-SNAPSHOT.jar:?]
	at org.apache.hadoop.ozone.protocolPB.OzoneManagerProtocolServerSideTranslatorPB.submitReadRequestToOM(OzoneManagerProtocolServerSideTranslatorPB.java:226) ~[ozone-manager-1.3.0-SNAPSHOT.jar:?]
	at org.apache.hadoop.ozone.protocolPB.OzoneManagerProtocolServerSideTranslatorPB.processRequest(OzoneManagerProtocolServerSideTranslatorPB.java:175) ~[ozone-manager-1.3.0-SNAPSHOT.jar:?]
	at org.apache.hadoop.hdds.server.OzoneProtocolMessageDispatcher.processRequest(OzoneProtocolMessageDispatcher.java:87) [hdds-server-framework-1.3.0-SNAPSHOT.jar:?]
	at org.apache.hadoop.ozone.protocolPB.OzoneManagerProtocolServerSideTranslatorPB.submitRequest(OzoneManagerProtocolServerSideTranslatorPB.java:147) [ozone-manager-1.3.0-SNAPSHOT.jar:?]
	at org.apache.hadoop.ozone.protocol.proto.OzoneManagerProtocolProtos$OzoneManagerService$2.callBlockingMethod(OzoneManagerProtocolProtos.java) [ozone-interface-client-1.3.0-SNAPSHOT.jar:?]
	at org.apache.hadoop.ipc.ProtobufRpcEngine$Server.processCall(ProtobufRpcEngine.java:466) [hadoop-common-3.3.1.jar:?]
	at org.apache.hadoop.ipc.ProtobufRpcEngine2$Server$ProtoBufRpcInvoker.call(ProtobufRpcEngine2.java:574) [hadoop-common-3.3.1.jar:?]
	at org.apache.hadoop.ipc.ProtobufRpcEngine2$Server$ProtoBufRpcInvoker.call(ProtobufRpcEngine2.java:552) [hadoop-common-3.3.1.jar:?]
	at org.apache.hadoop.ipc.RPC$Server.call(RPC.java:1093) [hadoop-common-3.3.1.jar:?]
	at org.apache.hadoop.ipc.Server$RpcCall.run(Server.java:1035) [hadoop-common-3.3.1.jar:?]
	at org.apache.hadoop.ipc.Server$RpcCall.run(Server.java:963) [hadoop-common-3.3.1.jar:?]
	at java.security.AccessController.doPrivileged(Native Method) ~[?:1.8.0_332]
	at javax.security.auth.Subject.doAs(Subject.java:422) [?:1.8.0_332]
	at org.apache.hadoop.security.UserGroupInformation.doAs(UserGroupInformation.java:1878) [hadoop-common-3.3.1.jar:?]
	at org.apache.hadoop.ipc.Server$Handler.run(Server.java:2966) [hadoop-common-3.3.1.jar:?]
13:50:47.859 [IPC Server handler 15 on default port 45023] ERROR OMAudit - user=runner | ip=127.0.0.1 | op=GET_FILE_STATUS {volume=0e16a453-033c-4ac8-a556-29cdce17371c, bucket=e8962d35-7086-439e-8fef-3b13dd83e1ea, key=.Trash, dataSize=0, replicationConfig=null} | ret=FAILURE
org.apache.hadoop.ozone.om.exceptions.OMException: Unable to get file status: volume: 0e16a453-033c-4ac8-a556-29cdce17371c bucket: e8962d35-7086-439e-8fef-3b13dd83e1ea key: .Trash
	at org.apache.hadoop.ozone.om.KeyManagerImpl.getOzoneFileStatus(KeyManagerImpl.java:1311) ~[ozone-manager-1.3.0-SNAPSHOT.jar:?]
	at org.apache.hadoop.ozone.om.KeyManagerImpl.getFileStatus(KeyManagerImpl.java:1241) ~[ozone-manager-1.3.0-SNAPSHOT.jar:?]
	at org.apache.hadoop.ozone.om.OzoneManager.getFileStatus(OzoneManager.java:3468) ~[ozone-manager-1.3.0-SNAPSHOT.jar:?]
	at org.apache.hadoop.ozone.protocolPB.OzoneManagerRequestHandler.getOzoneFileStatus(OzoneManagerRequestHandler.java:882) ~[ozone-manager-1.3.0-SNAPSHOT.jar:?]
	at org.apache.hadoop.ozone.protocolPB.OzoneManagerRequestHandler.handleReadRequest(OzoneManagerRequestHandler.java:228) ~[ozone-manager-1.3.0-SNAPSHOT.jar:?]
	at org.apache.hadoop.ozone.protocolPB.OzoneManagerProtocolServerSideTranslatorPB.submitReadRequestToOM(OzoneManagerProtocolServerSideTranslatorPB.java:226) ~[ozone-manager-1.3.0-SNAPSHOT.jar:?]
	at org.apache.hadoop.ozone.protocolPB.OzoneManagerProtocolServerSideTranslatorPB.processRequest(OzoneManagerProtocolServerSideTranslatorPB.java:175) ~[ozone-manager-1.3.0-SNAPSHOT.jar:?]
	at org.apache.hadoop.hdds.server.OzoneProtocolMessageDispatcher.processRequest(OzoneProtocolMessageDispatcher.java:87) [hdds-server-framework-1.3.0-SNAPSHOT.jar:?]
	at org.apache.hadoop.ozone.protocolPB.OzoneManagerProtocolServerSideTranslatorPB.submitRequest(OzoneManagerProtocolServerSideTranslatorPB.java:147) [ozone-manager-1.3.0-SNAPSHOT.jar:?]
	at org.apache.hadoop.ozone.protocol.proto.OzoneManagerProtocolProtos$OzoneManagerService$2.callBlockingMethod(OzoneManagerProtocolProtos.java) [ozone-interface-client-1.3.0-SNAPSHOT.jar:?]
	at org.apache.hadoop.ipc.ProtobufRpcEngine$Server.processCall(ProtobufRpcEngine.java:466) [hadoop-common-3.3.1.jar:?]
	at org.apache.hadoop.ipc.ProtobufRpcEngine2$Server$ProtoBufRpcInvoker.call(ProtobufRpcEngine2.java:574) [hadoop-common-3.3.1.jar:?]
	at org.apache.hadoop.ipc.ProtobufRpcEngine2$Server$ProtoBufRpcInvoker.call(ProtobufRpcEngine2.java:552) [hadoop-common-3.3.1.jar:?]
	at org.apache.hadoop.ipc.RPC$Server.call(RPC.java:1093) [hadoop-common-3.3.1.jar:?]
	at org.apache.hadoop.ipc.Server$RpcCall.run(Server.java:1035) [hadoop-common-3.3.1.jar:?]
	at org.apache.hadoop.ipc.Server$RpcCall.run(Server.java:963) [hadoop-common-3.3.1.jar:?]
	at java.security.AccessController.doPrivileged(Native Method) ~[?:1.8.0_332]
	at javax.security.auth.Subject.doAs(Subject.java:422) [?:1.8.0_332]
	at org.apache.hadoop.security.UserGroupInformation.doAs(UserGroupInformation.java:1878) [hadoop-common-3.3.1.jar:?]
	at org.apache.hadoop.ipc.Server$Handler.run(Server.java:2966) [hadoop-common-3.3.1.jar:?]
13:50:47.860 [IPC Server handler 10 on default port 45023] ERROR OMAudit - user=runner | ip=127.0.0.1 | op=GET_FILE_STATUS {volume=volume74283, bucket=bucket28388, key=.Trash, dataSize=0, replicationConfig=null} | ret=FAILURE
org.apache.hadoop.ozone.om.exceptions.OMException: Unable to get file status: volume: volume74283 bucket: bucket28388 key: .Trash
	at org.apache.hadoop.ozone.om.KeyManagerImpl.getOzoneFileStatus(KeyManagerImpl.java:1311) ~[ozone-manager-1.3.0-SNAPSHOT.jar:?]
	at org.apache.hadoop.ozone.om.KeyManagerImpl.getFileStatus(KeyManagerImpl.java:1241) ~[ozone-manager-1.3.0-SNAPSHOT.jar:?]
	at org.apache.hadoop.ozone.om.OzoneManager.getFileStatus(OzoneManager.java:3468) ~[ozone-manager-1.3.0-SNAPSHOT.jar:?]
	at org.apache.hadoop.ozone.protocolPB.OzoneManagerRequestHandler.getOzoneFileStatus(OzoneManagerRequestHandler.java:882) ~[ozone-manager-1.3.0-SNAPSHOT.jar:?]
	at org.apache.hadoop.ozone.protocolPB.OzoneManagerRequestHandler.handleReadRequest(OzoneManagerRequestHandler.java:228) ~[ozone-manager-1.3.0-SNAPSHOT.jar:?]
	at org.apache.hadoop.ozone.protocolPB.OzoneManagerProtocolServerSideTranslatorPB.submitReadRequestToOM(OzoneManagerProtocolServerSideTranslatorPB.java:226) ~[ozone-manager-1.3.0-SNAPSHOT.jar:?]
	at org.apache.hadoop.ozone.protocolPB.OzoneManagerProtocolServerSideTranslatorPB.processRequest(OzoneManagerProtocolServerSideTranslatorPB.java:175) ~[ozone-manager-1.3.0-SNAPSHOT.jar:?]
	at org.apache.hadoop.hdds.server.OzoneProtocolMessageDispatcher.processRequest(OzoneProtocolMessageDispatcher.java:87) [hdds-server-framework-1.3.0-SNAPSHOT.jar:?]
	at org.apache.hadoop.ozone.protocolPB.OzoneManagerProtocolServerSideTranslatorPB.submitRequest(OzoneManagerProtocolServerSideTranslatorPB.java:147) [ozone-manager-1.3.0-SNAPSHOT.jar:?]
	at org.apache.hadoop.ozone.protocol.proto.OzoneManagerProtocolProtos$OzoneManagerService$2.callBlockingMethod(OzoneManagerProtocolProtos.java) [ozone-interface-client-1.3.0-SNAPSHOT.jar:?]
	at org.apache.hadoop.ipc.ProtobufRpcEngine$Server.processCall(ProtobufRpcEngine.java:466) [hadoop-common-3.3.1.jar:?]
	at org.apache.hadoop.ipc.ProtobufRpcEngine2$Server$ProtoBufRpcInvoker.call(ProtobufRpcEngine2.java:574) [hadoop-common-3.3.1.jar:?]
	at org.apache.hadoop.ipc.ProtobufRpcEngine2$Server$ProtoBufRpcInvoker.call(ProtobufRpcEngine2.java:552) [hadoop-common-3.3.1.jar:?]
	at org.apache.hadoop.ipc.RPC$Server.call(RPC.java:1093) [hadoop-common-3.3.1.jar:?]
	at org.apache.hadoop.ipc.Server$RpcCall.run(Server.java:1035) [hadoop-common-3.3.1.jar:?]
	at org.apache.hadoop.ipc.Server$RpcCall.run(Server.java:963) [hadoop-common-3.3.1.jar:?]
	at java.security.AccessController.doPrivileged(Native Method) ~[?:1.8.0_332]
	at javax.security.auth.Subject.doAs(Subject.java:422) [?:1.8.0_332]
	at org.apache.hadoop.security.UserGroupInformation.doAs(UserGroupInformation.java:1878) [hadoop-common-3.3.1.jar:?]
	at org.apache.hadoop.ipc.Server$Handler.run(Server.java:2966) [hadoop-common-3.3.1.jar:?]
13:50:47.913 [IPC Server handler 11 on default port 45023] ERROR OMAudit - user=runner | ip=127.0.0.1 | op=GET_FILE_STATUS {volume=0e16a453-033c-4ac8-a556-29cdce17371c, bucket=e8962d35-7086-439e-8fef-3b13dd83e1ea, key=.Trash, dataSize=0, replicationConfig=null} | ret=FAILURE
org.apache.hadoop.ozone.om.exceptions.OMException: Unable to get file status: volume: 0e16a453-033c-4ac8-a556-29cdce17371c bucket: e8962d35-7086-439e-8fef-3b13dd83e1ea key: .Trash
	at org.apache.hadoop.ozone.om.KeyManagerImpl.getOzoneFileStatus(KeyManagerImpl.java:1311) ~[ozone-manager-1.3.0-SNAPSHOT.jar:?]
	at org.apache.hadoop.ozone.om.KeyManagerImpl.getFileStatus(KeyManagerImpl.java:1241) ~[ozone-manager-1.3.0-SNAPSHOT.jar:?]
	at org.apache.hadoop.ozone.om.OzoneManager.getFileStatus(OzoneManager.java:3468) ~[ozone-manager-1.3.0-SNAPSHOT.jar:?]
	at org.apache.hadoop.ozone.protocolPB.OzoneManagerRequestHandler.getOzoneFileStatus(OzoneManagerRequestHandler.java:882) ~[ozone-manager-1.3.0-SNAPSHOT.jar:?]
	at org.apache.hadoop.ozone.protocolPB.OzoneManagerRequestHandler.handleReadRequest(OzoneManagerRequestHandler.java:228) ~[ozone-manager-1.3.0-SNAPSHOT.jar:?]
	at org.apache.hadoop.ozone.protocolPB.OzoneManagerProtocolServerSideTranslatorPB.submitReadRequestToOM(OzoneManagerProtocolServerSideTranslatorPB.java:226) ~[ozone-manager-1.3.0-SNAPSHOT.jar:?]
	at org.apache.hadoop.ozone.protocolPB.OzoneManagerProtocolServerSideTranslatorPB.processRequest(OzoneManagerProtocolServerSideTranslatorPB.java:175) ~[ozone-manager-1.3.0-SNAPSHOT.jar:?]
	at org.apache.hadoop.hdds.server.OzoneProtocolMessageDispatcher.processRequest(OzoneProtocolMessageDispatcher.java:87) [hdds-server-framework-1.3.0-SNAPSHOT.jar:?]
	at org.apache.hadoop.ozone.protocolPB.OzoneManagerProtocolServerSideTranslatorPB.submitRequest(OzoneManagerProtocolServerSideTranslatorPB.java:147) [ozone-manager-1.3.0-SNAPSHOT.jar:?]
	at org.apache.hadoop.ozone.protocol.proto.OzoneManagerProtocolProtos$OzoneManagerService$2.callBlockingMethod(OzoneManagerProtocolProtos.java) [ozone-interface-client-1.3.0-SNAPSHOT.jar:?]
	at org.apache.hadoop.ipc.ProtobufRpcEngine$Server.processCall(ProtobufRpcEngine.java:466) [hadoop-common-3.3.1.jar:?]
	at org.apache.hadoop.ipc.ProtobufRpcEngine2$Server$ProtoBufRpcInvoker.call(ProtobufRpcEngine2.java:574) [hadoop-common-3.3.1.jar:?]
	at org.apache.hadoop.ipc.ProtobufRpcEngine2$Server$ProtoBufRpcInvoker.call(ProtobufRpcEngine2.java:552) [hadoop-common-3.3.1.jar:?]
	at org.apache.hadoop.ipc.RPC$Server.call(RPC.java:1093) [hadoop-common-3.3.1.jar:?]
	at org.apache.hadoop.ipc.Server$RpcCall.run(Server.java:1035) [hadoop-common-3.3.1.jar:?]
	at org.apache.hadoop.ipc.Server$RpcCall.run(Server.java:963) [hadoop-common-3.3.1.jar:?]
	at java.security.AccessController.doPrivileged(Native Method) ~[?:1.8.0_332]
	at javax.security.auth.Subject.doAs(Subject.java:422) [?:1.8.0_332]
	at org.apache.hadoop.security.UserGroupInformation.doAs(UserGroupInformation.java:1878) [hadoop-common-3.3.1.jar:?]
	at org.apache.hadoop.ipc.Server$Handler.run(Server.java:2966) [hadoop-common-3.3.1.jar:?]
13:50:47.929 [IPC Server handler 2 on default port 45023] ERROR OMAudit - user=runner | ip=127.0.0.1 | op=GET_FILE_STATUS {volume=0e16a453-033c-4ac8-a556-29cdce17371c, bucket=e8962d35-7086-439e-8fef-3b13dd83e1ea, key=.Trash, dataSize=0, replicationConfig=null} | ret=FAILURE
org.apache.hadoop.ozone.om.exceptions.OMException: Unable to get file status: volume: 0e16a453-033c-4ac8-a556-29cdce17371c bucket: e8962d35-7086-439e-8fef-3b13dd83e1ea key: .Trash
	at org.apache.hadoop.ozone.om.KeyManagerImpl.getOzoneFileStatus(KeyManagerImpl.java:1311) ~[ozone-manager-1.3.0-SNAPSHOT.jar:?]
	at org.apache.hadoop.ozone.om.KeyManagerImpl.getFileStatus(KeyManagerImpl.java:1241) ~[ozone-manager-1.3.0-SNAPSHOT.jar:?]
	at org.apache.hadoop.ozone.om.OzoneManager.getFileStatus(OzoneManager.java:3468) ~[ozone-manager-1.3.0-SNAPSHOT.jar:?]
	at org.apache.hadoop.ozone.protocolPB.OzoneManagerRequestHandler.getOzoneFileStatus(OzoneManagerRequestHandler.java:882) ~[ozone-manager-1.3.0-SNAPSHOT.jar:?]
	at org.apache.hadoop.ozone.protocolPB.OzoneManagerRequestHandler.handleReadRequest(OzoneManagerRequestHandler.java:228) ~[ozone-manager-1.3.0-SNAPSHOT.jar:?]
	at org.apache.hadoop.ozone.protocolPB.OzoneManagerProtocolServerSideTranslatorPB.submitReadRequestToOM(OzoneManagerProtocolServerSideTranslatorPB.java:226) ~[ozone-manager-1.3.0-SNAPSHOT.jar:?]
	at org.apache.hadoop.ozone.protocolPB.OzoneManagerProtocolServerSideTranslatorPB.processRequest(OzoneManagerProtocolServerSideTranslatorPB.java:175) ~[ozone-manager-1.3.0-SNAPSHOT.jar:?]
	at org.apache.hadoop.hdds.server.OzoneProtocolMessageDispatcher.processRequest(OzoneProtocolMessageDispatcher.java:87) [hdds-server-framework-1.3.0-SNAPSHOT.jar:?]
	at org.apache.hadoop.ozone.protocolPB.OzoneManagerProtocolServerSideTranslatorPB.submitRequest(OzoneManagerProtocolServerSideTranslatorPB.java:147) [ozone-manager-1.3.0-SNAPSHOT.jar:?]
	at org.apache.hadoop.ozone.protocol.proto.OzoneManagerProtocolProtos$OzoneManagerService$2.callBlockingMethod(OzoneManagerProtocolProtos.java) [ozone-interface-client-1.3.0-SNAPSHOT.jar:?]
	at org.apache.hadoop.ipc.ProtobufRpcEngine$Server.processCall(ProtobufRpcEngine.java:466) [hadoop-common-3.3.1.jar:?]
	at org.apache.hadoop.ipc.ProtobufRpcEngine2$Server$ProtoBufRpcInvoker.call(ProtobufRpcEngine2.java:574) [hadoop-common-3.3.1.jar:?]
	at org.apache.hadoop.ipc.ProtobufRpcEngine2$Server$ProtoBufRpcInvoker.call(ProtobufRpcEngine2.java:552) [hadoop-common-3.3.1.jar:?]
	at org.apache.hadoop.ipc.RPC$Server.call(RPC.java:1093) [hadoop-common-3.3.1.jar:?]
	at org.apache.hadoop.ipc.Server$RpcCall.run(Server.java:1035) [hadoop-common-3.3.1.jar:?]
	at org.apache.hadoop.ipc.Server$RpcCall.run(Server.java:963) [hadoop-common-3.3.1.jar:?]
	at java.security.AccessController.doPrivileged(Native Method) ~[?:1.8.0_332]
	at javax.security.auth.Subject.doAs(Subject.java:422) [?:1.8.0_332]
	at org.apache.hadoop.security.UserGroupInformation.doAs(UserGroupInformation.java:1878) [hadoop-common-3.3.1.jar:?]
	at org.apache.hadoop.ipc.Server$Handler.run(Server.java:2966) [hadoop-common-3.3.1.jar:?]
2022-08-09 13:50:47,934 [Time-limited test] INFO  rpc.RpcClient (RpcClient.java:createBucket(671)) - Creating Bucket: volume74283/trashroottest2, with bucket layout LEGACY, runner as owner, Versioning false, Storage Type set to DISK and Encryption set to false 
2022-08-09 13:50:47,935 [OM StateMachine ApplyTransaction Thread - 0] INFO  bucket.OMBucketCreateRequest (OMBucketCreateRequest.java:validateAndUpdateCache(260)) - created bucket: trashroottest2 of layout LEGACY in volume: volume74283
13:50:48.205 [IPC Server handler 6 on default port 45023] ERROR OMAudit - user=runner | ip=127.0.0.1 | op=GET_FILE_STATUS {volume=0e16a453-033c-4ac8-a556-29cdce17371c, bucket=e8962d35-7086-439e-8fef-3b13dd83e1ea, key=.Trash, dataSize=0, replicationConfig=null} | ret=FAILURE
org.apache.hadoop.ozone.om.exceptions.OMException: Unable to get file status: volume: 0e16a453-033c-4ac8-a556-29cdce17371c bucket: e8962d35-7086-439e-8fef-3b13dd83e1ea key: .Trash
	at org.apache.hadoop.ozone.om.KeyManagerImpl.getOzoneFileStatus(KeyManagerImpl.java:1311) ~[ozone-manager-1.3.0-SNAPSHOT.jar:?]
	at org.apache.hadoop.ozone.om.KeyManagerImpl.getFileStatus(KeyManagerImpl.java:1241) ~[ozone-manager-1.3.0-SNAPSHOT.jar:?]
	at org.apache.hadoop.ozone.om.OzoneManager.getFileStatus(OzoneManager.java:3468) ~[ozone-manager-1.3.0-SNAPSHOT.jar:?]
	at org.apache.hadoop.ozone.protocolPB.OzoneManagerRequestHandler.getOzoneFileStatus(OzoneManagerRequestHandler.java:882) ~[ozone-manager-1.3.0-SNAPSHOT.jar:?]
	at org.apache.hadoop.ozone.protocolPB.OzoneManagerRequestHandler.handleReadRequest(OzoneManagerRequestHandler.java:228) ~[ozone-manager-1.3.0-SNAPSHOT.jar:?]
	at org.apache.hadoop.ozone.protocolPB.OzoneManagerProtocolServerSideTranslatorPB.submitReadRequestToOM(OzoneManagerProtocolServerSideTranslatorPB.java:226) ~[ozone-manager-1.3.0-SNAPSHOT.jar:?]
	at org.apache.hadoop.ozone.protocolPB.OzoneManagerProtocolServerSideTranslatorPB.processRequest(OzoneManagerProtocolServerSideTranslatorPB.java:175) ~[ozone-manager-1.3.0-SNAPSHOT.jar:?]
	at org.apache.hadoop.hdds.server.OzoneProtocolMessageDispatcher.processRequest(OzoneProtocolMessageDispatcher.java:87) [hdds-server-framework-1.3.0-SNAPSHOT.jar:?]
	at org.apache.hadoop.ozone.protocolPB.OzoneManagerProtocolServerSideTranslatorPB.submitRequest(OzoneManagerProtocolServerSideTranslatorPB.java:147) [ozone-manager-1.3.0-SNAPSHOT.jar:?]
	at org.apache.hadoop.ozone.protocol.proto.OzoneManagerProtocolProtos$OzoneManagerService$2.callBlockingMethod(OzoneManagerProtocolProtos.java) [ozone-interface-client-1.3.0-SNAPSHOT.jar:?]
	at org.apache.hadoop.ipc.ProtobufRpcEngine$Server.processCall(ProtobufRpcEngine.java:466) [hadoop-common-3.3.1.jar:?]
	at org.apache.hadoop.ipc.ProtobufRpcEngine2$Server$ProtoBufRpcInvoker.call(ProtobufRpcEngine2.java:574) [hadoop-common-3.3.1.jar:?]
	at org.apache.hadoop.ipc.ProtobufRpcEngine2$Server$ProtoBufRpcInvoker.call(ProtobufRpcEngine2.java:552) [hadoop-common-3.3.1.jar:?]
	at org.apache.hadoop.ipc.RPC$Server.call(RPC.java:1093) [hadoop-common-3.3.1.jar:?]
	at org.apache.hadoop.ipc.Server$RpcCall.run(Server.java:1035) [hadoop-common-3.3.1.jar:?]
	at org.apache.hadoop.ipc.Server$RpcCall.run(Server.java:963) [hadoop-common-3.3.1.jar:?]
	at java.security.AccessController.doPrivileged(Native Method) ~[?:1.8.0_332]
	at javax.security.auth.Subject.doAs(Subject.java:422) [?:1.8.0_332]
	at org.apache.hadoop.security.UserGroupInformation.doAs(UserGroupInformation.java:1878) [hadoop-common-3.3.1.jar:?]
	at org.apache.hadoop.ipc.Server$Handler.run(Server.java:2966) [hadoop-common-3.3.1.jar:?]
13:50:48.230 [IPC Server handler 16 on default port 45023] ERROR OMAudit - user=runner | ip=127.0.0.1 | op=GET_FILE_STATUS {volume=0e16a453-033c-4ac8-a556-29cdce17371c, bucket=e8962d35-7086-439e-8fef-3b13dd83e1ea, key=.Trash, dataSize=0, replicationConfig=null} | ret=FAILURE
org.apache.hadoop.ozone.om.exceptions.OMException: Unable to get file status: volume: 0e16a453-033c-4ac8-a556-29cdce17371c bucket: e8962d35-7086-439e-8fef-3b13dd83e1ea key: .Trash
	at org.apache.hadoop.ozone.om.KeyManagerImpl.getOzoneFileStatus(KeyManagerImpl.java:1311) ~[ozone-manager-1.3.0-SNAPSHOT.jar:?]
	at org.apache.hadoop.ozone.om.KeyManagerImpl.getFileStatus(KeyManagerImpl.java:1241) ~[ozone-manager-1.3.0-SNAPSHOT.jar:?]
	at org.apache.hadoop.ozone.om.OzoneManager.getFileStatus(OzoneManager.java:3468) ~[ozone-manager-1.3.0-SNAPSHOT.jar:?]
	at org.apache.hadoop.ozone.protocolPB.OzoneManagerRequestHandler.getOzoneFileStatus(OzoneManagerRequestHandler.java:882) ~[ozone-manager-1.3.0-SNAPSHOT.jar:?]
	at org.apache.hadoop.ozone.protocolPB.OzoneManagerRequestHandler.handleReadRequest(OzoneManagerRequestHandler.java:228) ~[ozone-manager-1.3.0-SNAPSHOT.jar:?]
	at org.apache.hadoop.ozone.protocolPB.OzoneManagerProtocolServerSideTranslatorPB.submitReadRequestToOM(OzoneManagerProtocolServerSideTranslatorPB.java:226) ~[ozone-manager-1.3.0-SNAPSHOT.jar:?]
	at org.apache.hadoop.ozone.protocolPB.OzoneManagerProtocolServerSideTranslatorPB.processRequest(OzoneManagerProtocolServerSideTranslatorPB.java:175) ~[ozone-manager-1.3.0-SNAPSHOT.jar:?]
	at org.apache.hadoop.hdds.server.OzoneProtocolMessageDispatcher.processRequest(OzoneProtocolMessageDispatcher.java:87) [hdds-server-framework-1.3.0-SNAPSHOT.jar:?]
	at org.apache.hadoop.ozone.protocolPB.OzoneManagerProtocolServerSideTranslatorPB.submitRequest(OzoneManagerProtocolServerSideTranslatorPB.java:147) [ozone-manager-1.3.0-SNAPSHOT.jar:?]
	at org.apache.hadoop.ozone.protocol.proto.OzoneManagerProtocolProtos$OzoneManagerService$2.callBlockingMethod(OzoneManagerProtocolProtos.java) [ozone-interface-client-1.3.0-SNAPSHOT.jar:?]
	at org.apache.hadoop.ipc.ProtobufRpcEngine$Server.processCall(ProtobufRpcEngine.java:466) [hadoop-common-3.3.1.jar:?]
	at org.apache.hadoop.ipc.ProtobufRpcEngine2$Server$ProtoBufRpcInvoker.call(ProtobufRpcEngine2.java:574) [hadoop-common-3.3.1.jar:?]
	at org.apache.hadoop.ipc.ProtobufRpcEngine2$Server$ProtoBufRpcInvoker.call(ProtobufRpcEngine2.java:552) [hadoop-common-3.3.1.jar:?]
	at org.apache.hadoop.ipc.RPC$Server.call(RPC.java:1093) [hadoop-common-3.3.1.jar:?]
	at org.apache.hadoop.ipc.Server$RpcCall.run(Server.java:1035) [hadoop-common-3.3.1.jar:?]
	at org.apache.hadoop.ipc.Server$RpcCall.run(Server.java:963) [hadoop-common-3.3.1.jar:?]
	at java.security.AccessController.doPrivileged(Native Method) ~[?:1.8.0_332]
	at javax.security.auth.Subject.doAs(Subject.java:422) [?:1.8.0_332]
	at org.apache.hadoop.security.UserGroupInformation.doAs(UserGroupInformation.java:1878) [hadoop-common-3.3.1.jar:?]
	at org.apache.hadoop.ipc.Server$Handler.run(Server.java:2966) [hadoop-common-3.3.1.jar:?]
2022-08-09 13:50:48,353 [Time-limited test] INFO  rpc.RpcClient (RpcClient.java:createVolume(468)) - Creating Volume: volume30705, with user12485 as owner and space quota set to -1 bytes, counts quota set to -1
2022-08-09 13:50:48,386 [OM StateMachine ApplyTransaction Thread - 0] INFO  volume.OMVolumeCreateRequest (OMVolumeCreateRequest.java:validateAndUpdateCache(195)) - created volume:volume30705 for user:user12485
2022-08-09 13:50:48,389 [Time-limited test] INFO  rpc.RpcClient (RpcClient.java:createBucket(671)) - Creating Bucket: volume30705/bucket28051, with bucket layout LEGACY, runner as owner, Versioning false, Storage Type set to DISK and Encryption set to false 
2022-08-09 13:50:48,394 [OM StateMachine ApplyTransaction Thread - 0] INFO  bucket.OMBucketCreateRequest (OMBucketCreateRequest.java:validateAndUpdateCache(260)) - created bucket: bucket28051 of layout LEGACY in volume: volume30705
13:50:48.408 [IPC Server handler 18 on default port 45023] ERROR OMAudit - user=runner | ip=127.0.0.1 | op=GET_FILE_STATUS {volume=0e16a453-033c-4ac8-a556-29cdce17371c, bucket=e8962d35-7086-439e-8fef-3b13dd83e1ea, key=.Trash, dataSize=0, replicationConfig=null} | ret=FAILURE
org.apache.hadoop.ozone.om.exceptions.OMException: Unable to get file status: volume: 0e16a453-033c-4ac8-a556-29cdce17371c bucket: e8962d35-7086-439e-8fef-3b13dd83e1ea key: .Trash
	at org.apache.hadoop.ozone.om.KeyManagerImpl.getOzoneFileStatus(KeyManagerImpl.java:1311) ~[ozone-manager-1.3.0-SNAPSHOT.jar:?]
	at org.apache.hadoop.ozone.om.KeyManagerImpl.getFileStatus(KeyManagerImpl.java:1241) ~[ozone-manager-1.3.0-SNAPSHOT.jar:?]
	at org.apache.hadoop.ozone.om.OzoneManager.getFileStatus(OzoneManager.java:3468) ~[ozone-manager-1.3.0-SNAPSHOT.jar:?]
	at org.apache.hadoop.ozone.protocolPB.OzoneManagerRequestHandler.getOzoneFileStatus(OzoneManagerRequestHandler.java:882) ~[ozone-manager-1.3.0-SNAPSHOT.jar:?]
	at org.apache.hadoop.ozone.protocolPB.OzoneManagerRequestHandler.handleReadRequest(OzoneManagerRequestHandler.java:228) ~[ozone-manager-1.3.0-SNAPSHOT.jar:?]
	at org.apache.hadoop.ozone.protocolPB.OzoneManagerProtocolServerSideTranslatorPB.submitReadRequestToOM(OzoneManagerProtocolServerSideTranslatorPB.java:226) ~[ozone-manager-1.3.0-SNAPSHOT.jar:?]
	at org.apache.hadoop.ozone.protocolPB.OzoneManagerProtocolServerSideTranslatorPB.processRequest(OzoneManagerProtocolServerSideTranslatorPB.java:175) ~[ozone-manager-1.3.0-SNAPSHOT.jar:?]
	at org.apache.hadoop.hdds.server.OzoneProtocolMessageDispatcher.processRequest(OzoneProtocolMessageDispatcher.java:87) [hdds-server-framework-1.3.0-SNAPSHOT.jar:?]
	at org.apache.hadoop.ozone.protocolPB.OzoneManagerProtocolServerSideTranslatorPB.submitRequest(OzoneManagerProtocolServerSideTranslatorPB.java:147) [ozone-manager-1.3.0-SNAPSHOT.jar:?]
	at org.apache.hadoop.ozone.protocol.proto.OzoneManagerProtocolProtos$OzoneManagerService$2.callBlockingMethod(OzoneManagerProtocolProtos.java) [ozone-interface-client-1.3.0-SNAPSHOT.jar:?]
	at org.apache.hadoop.ipc.ProtobufRpcEngine$Server.processCall(ProtobufRpcEngine.java:466) [hadoop-common-3.3.1.jar:?]
	at org.apache.hadoop.ipc.ProtobufRpcEngine2$Server$ProtoBufRpcInvoker.call(ProtobufRpcEngine2.java:574) [hadoop-common-3.3.1.jar:?]
	at org.apache.hadoop.ipc.ProtobufRpcEngine2$Server$ProtoBufRpcInvoker.call(ProtobufRpcEngine2.java:552) [hadoop-common-3.3.1.jar:?]
	at org.apache.hadoop.ipc.RPC$Server.call(RPC.java:1093) [hadoop-common-3.3.1.jar:?]
	at org.apache.hadoop.ipc.Server$RpcCall.run(Server.java:1035) [hadoop-common-3.3.1.jar:?]
	at org.apache.hadoop.ipc.Server$RpcCall.run(Server.java:963) [hadoop-common-3.3.1.jar:?]
	at java.security.AccessController.doPrivileged(Native Method) ~[?:1.8.0_332]
	at javax.security.auth.Subject.doAs(Subject.java:422) [?:1.8.0_332]
	at org.apache.hadoop.security.UserGroupInformation.doAs(UserGroupInformation.java:1878) [hadoop-common-3.3.1.jar:?]
	at org.apache.hadoop.ipc.Server$Handler.run(Server.java:2966) [hadoop-common-3.3.1.jar:?]
2022-08-09 13:50:48,433 [Finalizer] WARN  managed.ManagedRocksObjectUtils (ManagedRocksObjectUtils.java:assertClosed(39)) - ManagedDBOptions is not closed properly
2022-08-09 13:50:48,433 [Finalizer] WARN  managed.ManagedRocksObjectUtils (ManagedRocksObjectUtils.java:assertClosed(39)) - ManagedColumnFamilyOptions is not closed properly
2022-08-09 13:50:48,433 [Finalizer] WARN  managed.ManagedRocksObjectUtils (ManagedRocksObjectUtils.java:assertClosed(39)) - ManagedLRUCache is not closed properly
2022-08-09 13:50:48,433 [Finalizer] WARN  managed.ManagedRocksObjectUtils (ManagedRocksObjectUtils.java:assertClosed(39)) - ManagedBloomFilter is not closed properly
2022-08-09 13:50:48,433 [Finalizer] WARN  managed.ManagedRocksObjectUtils (ManagedRocksObjectUtils.java:assertClosed(39)) - ManagedDBOptions is not closed properly
2022-08-09 13:50:48,433 [Finalizer] WARN  managed.ManagedRocksObjectUtils (ManagedRocksObjectUtils.java:assertClosed(39)) - ManagedColumnFamilyOptions is not closed properly
2022-08-09 13:50:48,433 [Finalizer] WARN  managed.ManagedRocksObjectUtils (ManagedRocksObjectUtils.java:assertClosed(39)) - ManagedLRUCache is not closed properly
2022-08-09 13:50:48,433 [Finalizer] WARN  managed.ManagedRocksObjectUtils (ManagedRocksObjectUtils.java:assertClosed(39)) - ManagedBloomFilter is not closed properly
2022-08-09 13:50:48,433 [Finalizer] WARN  managed.ManagedRocksObjectUtils (ManagedRocksObjectUtils.java:assertClosed(39)) - ManagedDBOptions is not closed properly
2022-08-09 13:50:48,433 [Finalizer] WARN  managed.ManagedRocksObjectUtils (ManagedRocksObjectUtils.java:assertClosed(39)) - ManagedColumnFamilyOptions is not closed properly
2022-08-09 13:50:48,434 [Finalizer] WARN  managed.ManagedRocksObjectUtils (ManagedRocksObjectUtils.java:assertClosed(39)) - ManagedLRUCache is not closed properly
2022-08-09 13:50:48,434 [Finalizer] WARN  managed.ManagedRocksObjectUtils (ManagedRocksObjectUtils.java:assertClosed(39)) - ManagedBloomFilter is not closed properly
13:50:48.512 [IPC Server handler 1 on default port 45023] ERROR OMAudit - user=runner | ip=127.0.0.1 | op=GET_FILE_STATUS {volume=0e16a453-033c-4ac8-a556-29cdce17371c, bucket=e8962d35-7086-439e-8fef-3b13dd83e1ea, key=.Trash, dataSize=0, replicationConfig=null} | ret=FAILURE
org.apache.hadoop.ozone.om.exceptions.OMException: Unable to get file status: volume: 0e16a453-033c-4ac8-a556-29cdce17371c bucket: e8962d35-7086-439e-8fef-3b13dd83e1ea key: .Trash
	at org.apache.hadoop.ozone.om.KeyManagerImpl.getOzoneFileStatus(KeyManagerImpl.java:1311) ~[ozone-manager-1.3.0-SNAPSHOT.jar:?]
	at org.apache.hadoop.ozone.om.KeyManagerImpl.getFileStatus(KeyManagerImpl.java:1241) ~[ozone-manager-1.3.0-SNAPSHOT.jar:?]
	at org.apache.hadoop.ozone.om.OzoneManager.getFileStatus(OzoneManager.java:3468) ~[ozone-manager-1.3.0-SNAPSHOT.jar:?]
	at org.apache.hadoop.ozone.protocolPB.OzoneManagerRequestHandler.getOzoneFileStatus(OzoneManagerRequestHandler.java:882) ~[ozone-manager-1.3.0-SNAPSHOT.jar:?]
	at org.apache.hadoop.ozone.protocolPB.OzoneManagerRequestHandler.handleReadRequest(OzoneManagerRequestHandler.java:228) ~[ozone-manager-1.3.0-SNAPSHOT.jar:?]
	at org.apache.hadoop.ozone.protocolPB.OzoneManagerProtocolServerSideTranslatorPB.submitReadRequestToOM(OzoneManagerProtocolServerSideTranslatorPB.java:226) ~[ozone-manager-1.3.0-SNAPSHOT.jar:?]
	at org.apache.hadoop.ozone.protocolPB.OzoneManagerProtocolServerSideTranslatorPB.processRequest(OzoneManagerProtocolServerSideTranslatorPB.java:175) ~[ozone-manager-1.3.0-SNAPSHOT.jar:?]
	at org.apache.hadoop.hdds.server.OzoneProtocolMessageDispatcher.processRequest(OzoneProtocolMessageDispatcher.java:87) [hdds-server-framework-1.3.0-SNAPSHOT.jar:?]
	at org.apache.hadoop.ozone.protocolPB.OzoneManagerProtocolServerSideTranslatorPB.submitRequest(OzoneManagerProtocolServerSideTranslatorPB.java:147) [ozone-manager-1.3.0-SNAPSHOT.jar:?]
	at org.apache.hadoop.ozone.protocol.proto.OzoneManagerProtocolProtos$OzoneManagerService$2.callBlockingMethod(OzoneManagerProtocolProtos.java) [ozone-interface-client-1.3.0-SNAPSHOT.jar:?]
	at org.apache.hadoop.ipc.ProtobufRpcEngine$Server.processCall(ProtobufRpcEngine.java:466) [hadoop-common-3.3.1.jar:?]
	at org.apache.hadoop.ipc.ProtobufRpcEngine2$Server$ProtoBufRpcInvoker.call(ProtobufRpcEngine2.java:574) [hadoop-common-3.3.1.jar:?]
	at org.apache.hadoop.ipc.ProtobufRpcEngine2$Server$ProtoBufRpcInvoker.call(ProtobufRpcEngine2.java:552) [hadoop-common-3.3.1.jar:?]
	at org.apache.hadoop.ipc.RPC$Server.call(RPC.java:1093) [hadoop-common-3.3.1.jar:?]
	at org.apache.hadoop.ipc.Server$RpcCall.run(Server.java:1035) [hadoop-common-3.3.1.jar:?]
	at org.apache.hadoop.ipc.Server$RpcCall.run(Server.java:963) [hadoop-common-3.3.1.jar:?]
	at java.security.AccessController.doPrivileged(Native Method) ~[?:1.8.0_332]
	at javax.security.auth.Subject.doAs(Subject.java:422) [?:1.8.0_332]
	at org.apache.hadoop.security.UserGroupInformation.doAs(UserGroupInformation.java:1878) [hadoop-common-3.3.1.jar:?]
	at org.apache.hadoop.ipc.Server$Handler.run(Server.java:2966) [hadoop-common-3.3.1.jar:?]
13:50:48.541 [IPC Server handler 16 on default port 45023] ERROR OMAudit - user=runner | ip=127.0.0.1 | op=GET_FILE_STATUS {volume=volume30705, bucket=bucket28051, key=.Trash/runner, dataSize=0, replicationConfig=null} | ret=FAILURE
org.apache.hadoop.ozone.om.exceptions.OMException: Unable to get file status: volume: volume30705 bucket: bucket28051 key: .Trash/runner
	at org.apache.hadoop.ozone.om.KeyManagerImpl.getOzoneFileStatus(KeyManagerImpl.java:1311) ~[ozone-manager-1.3.0-SNAPSHOT.jar:?]
	at org.apache.hadoop.ozone.om.KeyManagerImpl.getFileStatus(KeyManagerImpl.java:1241) ~[ozone-manager-1.3.0-SNAPSHOT.jar:?]
	at org.apache.hadoop.ozone.om.OzoneManager.getFileStatus(OzoneManager.java:3468) ~[ozone-manager-1.3.0-SNAPSHOT.jar:?]
	at org.apache.hadoop.ozone.protocolPB.OzoneManagerRequestHandler.getOzoneFileStatus(OzoneManagerRequestHandler.java:882) ~[ozone-manager-1.3.0-SNAPSHOT.jar:?]
	at org.apache.hadoop.ozone.protocolPB.OzoneManagerRequestHandler.handleReadRequest(OzoneManagerRequestHandler.java:228) ~[ozone-manager-1.3.0-SNAPSHOT.jar:?]
	at org.apache.hadoop.ozone.protocolPB.OzoneManagerProtocolServerSideTranslatorPB.submitReadRequestToOM(OzoneManagerProtocolServerSideTranslatorPB.java:226) ~[ozone-manager-1.3.0-SNAPSHOT.jar:?]
	at org.apache.hadoop.ozone.protocolPB.OzoneManagerProtocolServerSideTranslatorPB.processRequest(OzoneManagerProtocolServerSideTranslatorPB.java:175) ~[ozone-manager-1.3.0-SNAPSHOT.jar:?]
	at org.apache.hadoop.hdds.server.OzoneProtocolMessageDispatcher.processRequest(OzoneProtocolMessageDispatcher.java:87) [hdds-server-framework-1.3.0-SNAPSHOT.jar:?]
	at org.apache.hadoop.ozone.protocolPB.OzoneManagerProtocolServerSideTranslatorPB.submitRequest(OzoneManagerProtocolServerSideTranslatorPB.java:147) [ozone-manager-1.3.0-SNAPSHOT.jar:?]
	at org.apache.hadoop.ozone.protocol.proto.OzoneManagerProtocolProtos$OzoneManagerService$2.callBlockingMethod(OzoneManagerProtocolProtos.java) [ozone-interface-client-1.3.0-SNAPSHOT.jar:?]
	at org.apache.hadoop.ipc.ProtobufRpcEngine$Server.processCall(ProtobufRpcEngine.java:466) [hadoop-common-3.3.1.jar:?]
	at org.apache.hadoop.ipc.ProtobufRpcEngine2$Server$ProtoBufRpcInvoker.call(ProtobufRpcEngine2.java:574) [hadoop-common-3.3.1.jar:?]
	at org.apache.hadoop.ipc.ProtobufRpcEngine2$Server$ProtoBufRpcInvoker.call(ProtobufRpcEngine2.java:552) [hadoop-common-3.3.1.jar:?]
	at org.apache.hadoop.ipc.RPC$Server.call(RPC.java:1093) [hadoop-common-3.3.1.jar:?]
	at org.apache.hadoop.ipc.Server$RpcCall.run(Server.java:1035) [hadoop-common-3.3.1.jar:?]
	at org.apache.hadoop.ipc.Server$RpcCall.run(Server.java:963) [hadoop-common-3.3.1.jar:?]
	at java.security.AccessController.doPrivileged(Native Method) ~[?:1.8.0_332]
	at javax.security.auth.Subject.doAs(Subject.java:422) [?:1.8.0_332]
	at org.apache.hadoop.security.UserGroupInformation.doAs(UserGroupInformation.java:1878) [hadoop-common-3.3.1.jar:?]
	at org.apache.hadoop.ipc.Server$Handler.run(Server.java:2966) [hadoop-common-3.3.1.jar:?]
13:50:48.549 [IPC Server handler 19 on default port 45023] ERROR OMAudit - user=runner | ip=127.0.0.1 | op=GET_FILE_STATUS {volume=0e16a453-033c-4ac8-a556-29cdce17371c, bucket=e8962d35-7086-439e-8fef-3b13dd83e1ea, key=.Trash, dataSize=0, replicationConfig=null} | ret=FAILURE
org.apache.hadoop.ozone.om.exceptions.OMException: Unable to get file status: volume: 0e16a453-033c-4ac8-a556-29cdce17371c bucket: e8962d35-7086-439e-8fef-3b13dd83e1ea key: .Trash
	at org.apache.hadoop.ozone.om.KeyManagerImpl.getOzoneFileStatus(KeyManagerImpl.java:1311) ~[ozone-manager-1.3.0-SNAPSHOT.jar:?]
	at org.apache.hadoop.ozone.om.KeyManagerImpl.getFileStatus(KeyManagerImpl.java:1241) ~[ozone-manager-1.3.0-SNAPSHOT.jar:?]
	at org.apache.hadoop.ozone.om.OzoneManager.getFileStatus(OzoneManager.java:3468) ~[ozone-manager-1.3.0-SNAPSHOT.jar:?]
	at org.apache.hadoop.ozone.protocolPB.OzoneManagerRequestHandler.getOzoneFileStatus(OzoneManagerRequestHandler.java:882) ~[ozone-manager-1.3.0-SNAPSHOT.jar:?]
	at org.apache.hadoop.ozone.protocolPB.OzoneManagerRequestHandler.handleReadRequest(OzoneManagerRequestHandler.java:228) ~[ozone-manager-1.3.0-SNAPSHOT.jar:?]
	at org.apache.hadoop.ozone.protocolPB.OzoneManagerProtocolServerSideTranslatorPB.submitReadRequestToOM(OzoneManagerProtocolServerSideTranslatorPB.java:226) ~[ozone-manager-1.3.0-SNAPSHOT.jar:?]
	at org.apache.hadoop.ozone.protocolPB.OzoneManagerProtocolServerSideTranslatorPB.processRequest(OzoneManagerProtocolServerSideTranslatorPB.java:175) ~[ozone-manager-1.3.0-SNAPSHOT.jar:?]
	at org.apache.hadoop.hdds.server.OzoneProtocolMessageDispatcher.processRequest(OzoneProtocolMessageDispatcher.java:87) [hdds-server-framework-1.3.0-SNAPSHOT.jar:?]
	at org.apache.hadoop.ozone.protocolPB.OzoneManagerProtocolServerSideTranslatorPB.submitRequest(OzoneManagerProtocolServerSideTranslatorPB.java:147) [ozone-manager-1.3.0-SNAPSHOT.jar:?]
	at org.apache.hadoop.ozone.protocol.proto.OzoneManagerProtocolProtos$OzoneManagerService$2.callBlockingMethod(OzoneManagerProtocolProtos.java) [ozone-interface-client-1.3.0-SNAPSHOT.jar:?]
	at org.apache.hadoop.ipc.ProtobufRpcEngine$Server.processCall(ProtobufRpcEngine.java:466) [hadoop-common-3.3.1.jar:?]
	at org.apache.hadoop.ipc.ProtobufRpcEngine2$Server$ProtoBufRpcInvoker.call(ProtobufRpcEngine2.java:574) [hadoop-common-3.3.1.jar:?]
	at org.apache.hadoop.ipc.ProtobufRpcEngine2$Server$ProtoBufRpcInvoker.call(ProtobufRpcEngine2.java:552) [hadoop-common-3.3.1.jar:?]
	at org.apache.hadoop.ipc.RPC$Server.call(RPC.java:1093) [hadoop-common-3.3.1.jar:?]
	at org.apache.hadoop.ipc.Server$RpcCall.run(Server.java:1035) [hadoop-common-3.3.1.jar:?]
	at org.apache.hadoop.ipc.Server$RpcCall.run(Server.java:963) [hadoop-common-3.3.1.jar:?]
	at java.security.AccessController.doPrivileged(Native Method) ~[?:1.8.0_332]
	at javax.security.auth.Subject.doAs(Subject.java:422) [?:1.8.0_332]
	at org.apache.hadoop.security.UserGroupInformation.doAs(UserGroupInformation.java:1878) [hadoop-common-3.3.1.jar:?]
	at org.apache.hadoop.ipc.Server$Handler.run(Server.java:2966) [hadoop-common-3.3.1.jar:?]
13:50:48.552 [IPC Server handler 13 on default port 45023] ERROR OMAudit - user=runner | ip=127.0.0.1 | op=GET_FILE_STATUS {volume=volume30705, bucket=bucket28051, key=.Trash, dataSize=0, replicationConfig=null} | ret=FAILURE
org.apache.hadoop.ozone.om.exceptions.OMException: Unable to get file status: volume: volume30705 bucket: bucket28051 key: .Trash
	at org.apache.hadoop.ozone.om.KeyManagerImpl.getOzoneFileStatus(KeyManagerImpl.java:1311) ~[ozone-manager-1.3.0-SNAPSHOT.jar:?]
	at org.apache.hadoop.ozone.om.KeyManagerImpl.getFileStatus(KeyManagerImpl.java:1241) ~[ozone-manager-1.3.0-SNAPSHOT.jar:?]
	at org.apache.hadoop.ozone.om.OzoneManager.getFileStatus(OzoneManager.java:3468) ~[ozone-manager-1.3.0-SNAPSHOT.jar:?]
	at org.apache.hadoop.ozone.protocolPB.OzoneManagerRequestHandler.getOzoneFileStatus(OzoneManagerRequestHandler.java:882) ~[ozone-manager-1.3.0-SNAPSHOT.jar:?]
	at org.apache.hadoop.ozone.protocolPB.OzoneManagerRequestHandler.handleReadRequest(OzoneManagerRequestHandler.java:228) ~[ozone-manager-1.3.0-SNAPSHOT.jar:?]
	at org.apache.hadoop.ozone.protocolPB.OzoneManagerProtocolServerSideTranslatorPB.submitReadRequestToOM(OzoneManagerProtocolServerSideTranslatorPB.java:226) ~[ozone-manager-1.3.0-SNAPSHOT.jar:?]
	at org.apache.hadoop.ozone.protocolPB.OzoneManagerProtocolServerSideTranslatorPB.processRequest(OzoneManagerProtocolServerSideTranslatorPB.java:175) ~[ozone-manager-1.3.0-SNAPSHOT.jar:?]
	at org.apache.hadoop.hdds.server.OzoneProtocolMessageDispatcher.processRequest(OzoneProtocolMessageDispatcher.java:87) [hdds-server-framework-1.3.0-SNAPSHOT.jar:?]
	at org.apache.hadoop.ozone.protocolPB.OzoneManagerProtocolServerSideTranslatorPB.submitRequest(OzoneManagerProtocolServerSideTranslatorPB.java:147) [ozone-manager-1.3.0-SNAPSHOT.jar:?]
	at org.apache.hadoop.ozone.protocol.proto.OzoneManagerProtocolProtos$OzoneManagerService$2.callBlockingMethod(OzoneManagerProtocolProtos.java) [ozone-interface-client-1.3.0-SNAPSHOT.jar:?]
	at org.apache.hadoop.ipc.ProtobufRpcEngine$Server.processCall(ProtobufRpcEngine.java:466) [hadoop-common-3.3.1.jar:?]
	at org.apache.hadoop.ipc.ProtobufRpcEngine2$Server$ProtoBufRpcInvoker.call(ProtobufRpcEngine2.java:574) [hadoop-common-3.3.1.jar:?]
	at org.apache.hadoop.ipc.ProtobufRpcEngine2$Server$ProtoBufRpcInvoker.call(ProtobufRpcEngine2.java:552) [hadoop-common-3.3.1.jar:?]
	at org.apache.hadoop.ipc.RPC$Server.call(RPC.java:1093) [hadoop-common-3.3.1.jar:?]
	at org.apache.hadoop.ipc.Server$RpcCall.run(Server.java:1035) [hadoop-common-3.3.1.jar:?]
	at org.apache.hadoop.ipc.Server$RpcCall.run(Server.java:963) [hadoop-common-3.3.1.jar:?]
	at java.security.AccessController.doPrivileged(Native Method) ~[?:1.8.0_332]
	at javax.security.auth.Subject.doAs(Subject.java:422) [?:1.8.0_332]
	at org.apache.hadoop.security.UserGroupInformation.doAs(UserGroupInformation.java:1878) [hadoop-common-3.3.1.jar:?]
	at org.apache.hadoop.ipc.Server$Handler.run(Server.java:2966) [hadoop-common-3.3.1.jar:?]
13:50:48.572 [IPC Server handler 16 on default port 45023] ERROR OMAudit - user=runner | ip=127.0.0.1 | op=GET_FILE_STATUS {volume=volume30705, bucket=bucket28051, key=.Trash/runner, dataSize=0, replicationConfig=null} | ret=FAILURE
org.apache.hadoop.ozone.om.exceptions.OMException: Unable to get file status: volume: volume30705 bucket: bucket28051 key: .Trash/runner
	at org.apache.hadoop.ozone.om.KeyManagerImpl.getOzoneFileStatus(KeyManagerImpl.java:1311) ~[ozone-manager-1.3.0-SNAPSHOT.jar:?]
	at org.apache.hadoop.ozone.om.KeyManagerImpl.getFileStatus(KeyManagerImpl.java:1241) ~[ozone-manager-1.3.0-SNAPSHOT.jar:?]
	at org.apache.hadoop.ozone.om.OzoneManager.getFileStatus(OzoneManager.java:3468) ~[ozone-manager-1.3.0-SNAPSHOT.jar:?]
	at org.apache.hadoop.ozone.protocolPB.OzoneManagerRequestHandler.getOzoneFileStatus(OzoneManagerRequestHandler.java:882) ~[ozone-manager-1.3.0-SNAPSHOT.jar:?]
	at org.apache.hadoop.ozone.protocolPB.OzoneManagerRequestHandler.handleReadRequest(OzoneManagerRequestHandler.java:228) ~[ozone-manager-1.3.0-SNAPSHOT.jar:?]
	at org.apache.hadoop.ozone.protocolPB.OzoneManagerProtocolServerSideTranslatorPB.submitReadRequestToOM(OzoneManagerProtocolServerSideTranslatorPB.java:226) ~[ozone-manager-1.3.0-SNAPSHOT.jar:?]
	at org.apache.hadoop.ozone.protocolPB.OzoneManagerProtocolServerSideTranslatorPB.processRequest(OzoneManagerProtocolServerSideTranslatorPB.java:175) ~[ozone-manager-1.3.0-SNAPSHOT.jar:?]
	at org.apache.hadoop.hdds.server.OzoneProtocolMessageDispatcher.processRequest(OzoneProtocolMessageDispatcher.java:87) [hdds-server-framework-1.3.0-SNAPSHOT.jar:?]
	at org.apache.hadoop.ozone.protocolPB.OzoneManagerProtocolServerSideTranslatorPB.submitRequest(OzoneManagerProtocolServerSideTranslatorPB.java:147) [ozone-manager-1.3.0-SNAPSHOT.jar:?]
	at org.apache.hadoop.ozone.protocol.proto.OzoneManagerProtocolProtos$OzoneManagerService$2.callBlockingMethod(OzoneManagerProtocolProtos.java) [ozone-interface-client-1.3.0-SNAPSHOT.jar:?]
	at org.apache.hadoop.ipc.ProtobufRpcEngine$Server.processCall(ProtobufRpcEngine.java:466) [hadoop-common-3.3.1.jar:?]
	at org.apache.hadoop.ipc.ProtobufRpcEngine2$Server$ProtoBufRpcInvoker.call(ProtobufRpcEngine2.java:574) [hadoop-common-3.3.1.jar:?]
	at org.apache.hadoop.ipc.ProtobufRpcEngine2$Server$ProtoBufRpcInvoker.call(ProtobufRpcEngine2.java:552) [hadoop-common-3.3.1.jar:?]
	at org.apache.hadoop.ipc.RPC$Server.call(RPC.java:1093) [hadoop-common-3.3.1.jar:?]
	at org.apache.hadoop.ipc.Server$RpcCall.run(Server.java:1035) [hadoop-common-3.3.1.jar:?]
	at org.apache.hadoop.ipc.Server$RpcCall.run(Server.java:963) [hadoop-common-3.3.1.jar:?]
	at java.security.AccessController.doPrivileged(Native Method) ~[?:1.8.0_332]
	at javax.security.auth.Subject.doAs(Subject.java:422) [?:1.8.0_332]
	at org.apache.hadoop.security.UserGroupInformation.doAs(UserGroupInformation.java:1878) [hadoop-common-3.3.1.jar:?]
	at org.apache.hadoop.ipc.Server$Handler.run(Server.java:2966) [hadoop-common-3.3.1.jar:?]
13:50:48.577 [IPC Server handler 8 on default port 45023] ERROR OMAudit - user=runner | ip=127.0.0.1 | op=GET_FILE_STATUS {volume=volume74283, bucket=trashroottest2, key=.Trash/runner, dataSize=0, replicationConfig=null} | ret=FAILURE
org.apache.hadoop.ozone.om.exceptions.OMException: Unable to get file status: volume: volume74283 bucket: trashroottest2 key: .Trash/runner
	at org.apache.hadoop.ozone.om.KeyManagerImpl.getOzoneFileStatus(KeyManagerImpl.java:1311) ~[ozone-manager-1.3.0-SNAPSHOT.jar:?]
	at org.apache.hadoop.ozone.om.KeyManagerImpl.getFileStatus(KeyManagerImpl.java:1241) ~[ozone-manager-1.3.0-SNAPSHOT.jar:?]
	at org.apache.hadoop.ozone.om.OzoneManager.getFileStatus(OzoneManager.java:3468) ~[ozone-manager-1.3.0-SNAPSHOT.jar:?]
	at org.apache.hadoop.ozone.protocolPB.OzoneManagerRequestHandler.getOzoneFileStatus(OzoneManagerRequestHandler.java:882) ~[ozone-manager-1.3.0-SNAPSHOT.jar:?]
	at org.apache.hadoop.ozone.protocolPB.OzoneManagerRequestHandler.handleReadRequest(OzoneManagerRequestHandler.java:228) ~[ozone-manager-1.3.0-SNAPSHOT.jar:?]
	at org.apache.hadoop.ozone.protocolPB.OzoneManagerProtocolServerSideTranslatorPB.submitReadRequestToOM(OzoneManagerProtocolServerSideTranslatorPB.java:226) ~[ozone-manager-1.3.0-SNAPSHOT.jar:?]
	at org.apache.hadoop.ozone.protocolPB.OzoneManagerProtocolServerSideTranslatorPB.processRequest(OzoneManagerProtocolServerSideTranslatorPB.java:175) ~[ozone-manager-1.3.0-SNAPSHOT.jar:?]
	at org.apache.hadoop.hdds.server.OzoneProtocolMessageDispatcher.processRequest(OzoneProtocolMessageDispatcher.java:87) [hdds-server-framework-1.3.0-SNAPSHOT.jar:?]
	at org.apache.hadoop.ozone.protocolPB.OzoneManagerProtocolServerSideTranslatorPB.submitRequest(OzoneManagerProtocolServerSideTranslatorPB.java:147) [ozone-manager-1.3.0-SNAPSHOT.jar:?]
	at org.apache.hadoop.ozone.protocol.proto.OzoneManagerProtocolProtos$OzoneManagerService$2.callBlockingMethod(OzoneManagerProtocolProtos.java) [ozone-interface-client-1.3.0-SNAPSHOT.jar:?]
	at org.apache.hadoop.ipc.ProtobufRpcEngine$Server.processCall(ProtobufRpcEngine.java:466) [hadoop-common-3.3.1.jar:?]
	at org.apache.hadoop.ipc.ProtobufRpcEngine2$Server$ProtoBufRpcInvoker.call(ProtobufRpcEngine2.java:574) [hadoop-common-3.3.1.jar:?]
	at org.apache.hadoop.ipc.ProtobufRpcEngine2$Server$ProtoBufRpcInvoker.call(ProtobufRpcEngine2.java:552) [hadoop-common-3.3.1.jar:?]
	at org.apache.hadoop.ipc.RPC$Server.call(RPC.java:1093) [hadoop-common-3.3.1.jar:?]
	at org.apache.hadoop.ipc.Server$RpcCall.run(Server.java:1035) [hadoop-common-3.3.1.jar:?]
	at org.apache.hadoop.ipc.Server$RpcCall.run(Server.java:963) [hadoop-common-3.3.1.jar:?]
	at java.security.AccessController.doPrivileged(Native Method) ~[?:1.8.0_332]
	at javax.security.auth.Subject.doAs(Subject.java:422) [?:1.8.0_332]
	at org.apache.hadoop.security.UserGroupInformation.doAs(UserGroupInformation.java:1878) [hadoop-common-3.3.1.jar:?]
	at org.apache.hadoop.ipc.Server$Handler.run(Server.java:2966) [hadoop-common-3.3.1.jar:?]
13:50:48.579 [IPC Server handler 18 on default port 45023] ERROR OMAudit - user=runner | ip=127.0.0.1 | op=GET_FILE_STATUS {volume=0e16a453-033c-4ac8-a556-29cdce17371c, bucket=e8962d35-7086-439e-8fef-3b13dd83e1ea, key=.Trash, dataSize=0, replicationConfig=null} | ret=FAILURE
org.apache.hadoop.ozone.om.exceptions.OMException: Unable to get file status: volume: 0e16a453-033c-4ac8-a556-29cdce17371c bucket: e8962d35-7086-439e-8fef-3b13dd83e1ea key: .Trash
	at org.apache.hadoop.ozone.om.KeyManagerImpl.getOzoneFileStatus(KeyManagerImpl.java:1311) ~[ozone-manager-1.3.0-SNAPSHOT.jar:?]
	at org.apache.hadoop.ozone.om.KeyManagerImpl.getFileStatus(KeyManagerImpl.java:1241) ~[ozone-manager-1.3.0-SNAPSHOT.jar:?]
	at org.apache.hadoop.ozone.om.OzoneManager.getFileStatus(OzoneManager.java:3468) ~[ozone-manager-1.3.0-SNAPSHOT.jar:?]
	at org.apache.hadoop.ozone.protocolPB.OzoneManagerRequestHandler.getOzoneFileStatus(OzoneManagerRequestHandler.java:882) ~[ozone-manager-1.3.0-SNAPSHOT.jar:?]
	at org.apache.hadoop.ozone.protocolPB.OzoneManagerRequestHandler.handleReadRequest(OzoneManagerRequestHandler.java:228) ~[ozone-manager-1.3.0-SNAPSHOT.jar:?]
	at org.apache.hadoop.ozone.protocolPB.OzoneManagerProtocolServerSideTranslatorPB.submitReadRequestToOM(OzoneManagerProtocolServerSideTranslatorPB.java:226) ~[ozone-manager-1.3.0-SNAPSHOT.jar:?]
	at org.apache.hadoop.ozone.protocolPB.OzoneManagerProtocolServerSideTranslatorPB.processRequest(OzoneManagerProtocolServerSideTranslatorPB.java:175) ~[ozone-manager-1.3.0-SNAPSHOT.jar:?]
	at org.apache.hadoop.hdds.server.OzoneProtocolMessageDispatcher.processRequest(OzoneProtocolMessageDispatcher.java:87) [hdds-server-framework-1.3.0-SNAPSHOT.jar:?]
	at org.apache.hadoop.ozone.protocolPB.OzoneManagerProtocolServerSideTranslatorPB.submitRequest(OzoneManagerProtocolServerSideTranslatorPB.java:147) [ozone-manager-1.3.0-SNAPSHOT.jar:?]
	at org.apache.hadoop.ozone.protocol.proto.OzoneManagerProtocolProtos$OzoneManagerService$2.callBlockingMethod(OzoneManagerProtocolProtos.java) [ozone-interface-client-1.3.0-SNAPSHOT.jar:?]
	at org.apache.hadoop.ipc.ProtobufRpcEngine$Server.processCall(ProtobufRpcEngine.java:466) [hadoop-common-3.3.1.jar:?]
	at org.apache.hadoop.ipc.ProtobufRpcEngine2$Server$ProtoBufRpcInvoker.call(ProtobufRpcEngine2.java:574) [hadoop-common-3.3.1.jar:?]
	at org.apache.hadoop.ipc.ProtobufRpcEngine2$Server$ProtoBufRpcInvoker.call(ProtobufRpcEngine2.java:552) [hadoop-common-3.3.1.jar:?]
	at org.apache.hadoop.ipc.RPC$Server.call(RPC.java:1093) [hadoop-common-3.3.1.jar:?]
	at org.apache.hadoop.ipc.Server$RpcCall.run(Server.java:1035) [hadoop-common-3.3.1.jar:?]
	at org.apache.hadoop.ipc.Server$RpcCall.run(Server.java:963) [hadoop-common-3.3.1.jar:?]
	at java.security.AccessController.doPrivileged(Native Method) ~[?:1.8.0_332]
	at javax.security.auth.Subject.doAs(Subject.java:422) [?:1.8.0_332]
	at org.apache.hadoop.security.UserGroupInformation.doAs(UserGroupInformation.java:1878) [hadoop-common-3.3.1.jar:?]
	at org.apache.hadoop.ipc.Server$Handler.run(Server.java:2966) [hadoop-common-3.3.1.jar:?]
13:50:48.588 [IPC Server handler 7 on default port 45023] ERROR OMAudit - user=runner | ip=127.0.0.1 | op=GET_FILE_STATUS {volume=volume30705, bucket=bucket28051, key=.Trash, dataSize=0, replicationConfig=null} | ret=FAILURE
org.apache.hadoop.ozone.om.exceptions.OMException: Unable to get file status: volume: volume30705 bucket: bucket28051 key: .Trash
	at org.apache.hadoop.ozone.om.KeyManagerImpl.getOzoneFileStatus(KeyManagerImpl.java:1311) ~[ozone-manager-1.3.0-SNAPSHOT.jar:?]
	at org.apache.hadoop.ozone.om.KeyManagerImpl.getFileStatus(KeyManagerImpl.java:1241) ~[ozone-manager-1.3.0-SNAPSHOT.jar:?]
	at org.apache.hadoop.ozone.om.OzoneManager.getFileStatus(OzoneManager.java:3468) ~[ozone-manager-1.3.0-SNAPSHOT.jar:?]
	at org.apache.hadoop.ozone.protocolPB.OzoneManagerRequestHandler.getOzoneFileStatus(OzoneManagerRequestHandler.java:882) ~[ozone-manager-1.3.0-SNAPSHOT.jar:?]
	at org.apache.hadoop.ozone.protocolPB.OzoneManagerRequestHandler.handleReadRequest(OzoneManagerRequestHandler.java:228) ~[ozone-manager-1.3.0-SNAPSHOT.jar:?]
	at org.apache.hadoop.ozone.protocolPB.OzoneManagerProtocolServerSideTranslatorPB.submitReadRequestToOM(OzoneManagerProtocolServerSideTranslatorPB.java:226) ~[ozone-manager-1.3.0-SNAPSHOT.jar:?]
	at org.apache.hadoop.ozone.protocolPB.OzoneManagerProtocolServerSideTranslatorPB.processRequest(OzoneManagerProtocolServerSideTranslatorPB.java:175) ~[ozone-manager-1.3.0-SNAPSHOT.jar:?]
	at org.apache.hadoop.hdds.server.OzoneProtocolMessageDispatcher.processRequest(OzoneProtocolMessageDispatcher.java:87) [hdds-server-framework-1.3.0-SNAPSHOT.jar:?]
	at org.apache.hadoop.ozone.protocolPB.OzoneManagerProtocolServerSideTranslatorPB.submitRequest(OzoneManagerProtocolServerSideTranslatorPB.java:147) [ozone-manager-1.3.0-SNAPSHOT.jar:?]
	at org.apache.hadoop.ozone.protocol.proto.OzoneManagerProtocolProtos$OzoneManagerService$2.callBlockingMethod(OzoneManagerProtocolProtos.java) [ozone-interface-client-1.3.0-SNAPSHOT.jar:?]
	at org.apache.hadoop.ipc.ProtobufRpcEngine$Server.processCall(ProtobufRpcEngine.java:466) [hadoop-common-3.3.1.jar:?]
	at org.apache.hadoop.ipc.ProtobufRpcEngine2$Server$ProtoBufRpcInvoker.call(ProtobufRpcEngine2.java:574) [hadoop-common-3.3.1.jar:?]
	at org.apache.hadoop.ipc.ProtobufRpcEngine2$Server$ProtoBufRpcInvoker.call(ProtobufRpcEngine2.java:552) [hadoop-common-3.3.1.jar:?]
	at org.apache.hadoop.ipc.RPC$Server.call(RPC.java:1093) [hadoop-common-3.3.1.jar:?]
	at org.apache.hadoop.ipc.Server$RpcCall.run(Server.java:1035) [hadoop-common-3.3.1.jar:?]
	at org.apache.hadoop.ipc.Server$RpcCall.run(Server.java:963) [hadoop-common-3.3.1.jar:?]
	at java.security.AccessController.doPrivileged(Native Method) ~[?:1.8.0_332]
	at javax.security.auth.Subject.doAs(Subject.java:422) [?:1.8.0_332]
	at org.apache.hadoop.security.UserGroupInformation.doAs(UserGroupInformation.java:1878) [hadoop-common-3.3.1.jar:?]
	at org.apache.hadoop.ipc.Server$Handler.run(Server.java:2966) [hadoop-common-3.3.1.jar:?]
13:50:48.592 [IPC Server handler 4 on default port 45023] ERROR OMAudit - user=runner | ip=127.0.0.1 | op=GET_FILE_STATUS {volume=volume74283, bucket=trashroottest2, key=.Trash, dataSize=0, replicationConfig=null} | ret=FAILURE
org.apache.hadoop.ozone.om.exceptions.OMException: Unable to get file status: volume: volume74283 bucket: trashroottest2 key: .Trash
	at org.apache.hadoop.ozone.om.KeyManagerImpl.getOzoneFileStatus(KeyManagerImpl.java:1311) ~[ozone-manager-1.3.0-SNAPSHOT.jar:?]
	at org.apache.hadoop.ozone.om.KeyManagerImpl.getFileStatus(KeyManagerImpl.java:1241) ~[ozone-manager-1.3.0-SNAPSHOT.jar:?]
	at org.apache.hadoop.ozone.om.OzoneManager.getFileStatus(OzoneManager.java:3468) ~[ozone-manager-1.3.0-SNAPSHOT.jar:?]
	at org.apache.hadoop.ozone.protocolPB.OzoneManagerRequestHandler.getOzoneFileStatus(OzoneManagerRequestHandler.java:882) ~[ozone-manager-1.3.0-SNAPSHOT.jar:?]
	at org.apache.hadoop.ozone.protocolPB.OzoneManagerRequestHandler.handleReadRequest(OzoneManagerRequestHandler.java:228) ~[ozone-manager-1.3.0-SNAPSHOT.jar:?]
	at org.apache.hadoop.ozone.protocolPB.OzoneManagerProtocolServerSideTranslatorPB.submitReadRequestToOM(OzoneManagerProtocolServerSideTranslatorPB.java:226) ~[ozone-manager-1.3.0-SNAPSHOT.jar:?]
	at org.apache.hadoop.ozone.protocolPB.OzoneManagerProtocolServerSideTranslatorPB.processRequest(OzoneManagerProtocolServerSideTranslatorPB.java:175) ~[ozone-manager-1.3.0-SNAPSHOT.jar:?]
	at org.apache.hadoop.hdds.server.OzoneProtocolMessageDispatcher.processRequest(OzoneProtocolMessageDispatcher.java:87) [hdds-server-framework-1.3.0-SNAPSHOT.jar:?]
	at org.apache.hadoop.ozone.protocolPB.OzoneManagerProtocolServerSideTranslatorPB.submitRequest(OzoneManagerProtocolServerSideTranslatorPB.java:147) [ozone-manager-1.3.0-SNAPSHOT.jar:?]
	at org.apache.hadoop.ozone.protocol.proto.OzoneManagerProtocolProtos$OzoneManagerService$2.callBlockingMethod(OzoneManagerProtocolProtos.java) [ozone-interface-client-1.3.0-SNAPSHOT.jar:?]
	at org.apache.hadoop.ipc.ProtobufRpcEngine$Server.processCall(ProtobufRpcEngine.java:466) [hadoop-common-3.3.1.jar:?]
	at org.apache.hadoop.ipc.ProtobufRpcEngine2$Server$ProtoBufRpcInvoker.call(ProtobufRpcEngine2.java:574) [hadoop-common-3.3.1.jar:?]
	at org.apache.hadoop.ipc.ProtobufRpcEngine2$Server$ProtoBufRpcInvoker.call(ProtobufRpcEngine2.java:552) [hadoop-common-3.3.1.jar:?]
	at org.apache.hadoop.ipc.RPC$Server.call(RPC.java:1093) [hadoop-common-3.3.1.jar:?]
	at org.apache.hadoop.ipc.Server$RpcCall.run(Server.java:1035) [hadoop-common-3.3.1.jar:?]
	at org.apache.hadoop.ipc.Server$RpcCall.run(Server.java:963) [hadoop-common-3.3.1.jar:?]
	at java.security.AccessController.doPrivileged(Native Method) ~[?:1.8.0_332]
	at javax.security.auth.Subject.doAs(Subject.java:422) [?:1.8.0_332]
	at org.apache.hadoop.security.UserGroupInformation.doAs(UserGroupInformation.java:1878) [hadoop-common-3.3.1.jar:?]
	at org.apache.hadoop.ipc.Server$Handler.run(Server.java:2966) [hadoop-common-3.3.1.jar:?]
13:50:48.614 [IPC Server handler 6 on default port 45023] ERROR OMAudit - user=runner | ip=127.0.0.1 | op=GET_FILE_STATUS {volume=volume30705, bucket=bucket28051, key=.Trash/runner, dataSize=0, replicationConfig=null} | ret=FAILURE
org.apache.hadoop.ozone.om.exceptions.OMException: Unable to get file status: volume: volume30705 bucket: bucket28051 key: .Trash/runner
	at org.apache.hadoop.ozone.om.KeyManagerImpl.getOzoneFileStatus(KeyManagerImpl.java:1311) ~[ozone-manager-1.3.0-SNAPSHOT.jar:?]
	at org.apache.hadoop.ozone.om.KeyManagerImpl.getFileStatus(KeyManagerImpl.java:1241) ~[ozone-manager-1.3.0-SNAPSHOT.jar:?]
	at org.apache.hadoop.ozone.om.OzoneManager.getFileStatus(OzoneManager.java:3468) ~[ozone-manager-1.3.0-SNAPSHOT.jar:?]
	at org.apache.hadoop.ozone.protocolPB.OzoneManagerRequestHandler.getOzoneFileStatus(OzoneManagerRequestHandler.java:882) ~[ozone-manager-1.3.0-SNAPSHOT.jar:?]
	at org.apache.hadoop.ozone.protocolPB.OzoneManagerRequestHandler.handleReadRequest(OzoneManagerRequestHandler.java:228) ~[ozone-manager-1.3.0-SNAPSHOT.jar:?]
	at org.apache.hadoop.ozone.protocolPB.OzoneManagerProtocolServerSideTranslatorPB.submitReadRequestToOM(OzoneManagerProtocolServerSideTranslatorPB.java:226) ~[ozone-manager-1.3.0-SNAPSHOT.jar:?]
	at org.apache.hadoop.ozone.protocolPB.OzoneManagerProtocolServerSideTranslatorPB.processRequest(OzoneManagerProtocolServerSideTranslatorPB.java:175) ~[ozone-manager-1.3.0-SNAPSHOT.jar:?]
	at org.apache.hadoop.hdds.server.OzoneProtocolMessageDispatcher.processRequest(OzoneProtocolMessageDispatcher.java:87) [hdds-server-framework-1.3.0-SNAPSHOT.jar:?]
	at org.apache.hadoop.ozone.protocolPB.OzoneManagerProtocolServerSideTranslatorPB.submitRequest(OzoneManagerProtocolServerSideTranslatorPB.java:147) [ozone-manager-1.3.0-SNAPSHOT.jar:?]
	at org.apache.hadoop.ozone.protocol.proto.OzoneManagerProtocolProtos$OzoneManagerService$2.callBlockingMethod(OzoneManagerProtocolProtos.java) [ozone-interface-client-1.3.0-SNAPSHOT.jar:?]
	at org.apache.hadoop.ipc.ProtobufRpcEngine$Server.processCall(ProtobufRpcEngine.java:466) [hadoop-common-3.3.1.jar:?]
	at org.apache.hadoop.ipc.ProtobufRpcEngine2$Server$ProtoBufRpcInvoker.call(ProtobufRpcEngine2.java:574) [hadoop-common-3.3.1.jar:?]
	at org.apache.hadoop.ipc.ProtobufRpcEngine2$Server$ProtoBufRpcInvoker.call(ProtobufRpcEngine2.java:552) [hadoop-common-3.3.1.jar:?]
	at org.apache.hadoop.ipc.RPC$Server.call(RPC.java:1093) [hadoop-common-3.3.1.jar:?]
	at org.apache.hadoop.ipc.Server$RpcCall.run(Server.java:1035) [hadoop-common-3.3.1.jar:?]
	at org.apache.hadoop.ipc.Server$RpcCall.run(Server.java:963) [hadoop-common-3.3.1.jar:?]
	at java.security.AccessController.doPrivileged(Native Method) ~[?:1.8.0_332]
	at javax.security.auth.Subject.doAs(Subject.java:422) [?:1.8.0_332]
	at org.apache.hadoop.security.UserGroupInformation.doAs(UserGroupInformation.java:1878) [hadoop-common-3.3.1.jar:?]
	at org.apache.hadoop.ipc.Server$Handler.run(Server.java:2966) [hadoop-common-3.3.1.jar:?]
13:50:48.623 [IPC Server handler 17 on default port 45023] ERROR OMAudit - user=runner | ip=127.0.0.1 | op=GET_FILE_STATUS {volume=volume74283, bucket=trashroottest2, key=.Trash/runner, dataSize=0, replicationConfig=null} | ret=FAILURE
org.apache.hadoop.ozone.om.exceptions.OMException: Unable to get file status: volume: volume74283 bucket: trashroottest2 key: .Trash/runner
	at org.apache.hadoop.ozone.om.KeyManagerImpl.getOzoneFileStatus(KeyManagerImpl.java:1311) ~[ozone-manager-1.3.0-SNAPSHOT.jar:?]
	at org.apache.hadoop.ozone.om.KeyManagerImpl.getFileStatus(KeyManagerImpl.java:1241) ~[ozone-manager-1.3.0-SNAPSHOT.jar:?]
	at org.apache.hadoop.ozone.om.OzoneManager.getFileStatus(OzoneManager.java:3468) ~[ozone-manager-1.3.0-SNAPSHOT.jar:?]
	at org.apache.hadoop.ozone.protocolPB.OzoneManagerRequestHandler.getOzoneFileStatus(OzoneManagerRequestHandler.java:882) ~[ozone-manager-1.3.0-SNAPSHOT.jar:?]
	at org.apache.hadoop.ozone.protocolPB.OzoneManagerRequestHandler.handleReadRequest(OzoneManagerRequestHandler.java:228) ~[ozone-manager-1.3.0-SNAPSHOT.jar:?]
	at org.apache.hadoop.ozone.protocolPB.OzoneManagerProtocolServerSideTranslatorPB.submitReadRequestToOM(OzoneManagerProtocolServerSideTranslatorPB.java:226) ~[ozone-manager-1.3.0-SNAPSHOT.jar:?]
	at org.apache.hadoop.ozone.protocolPB.OzoneManagerProtocolServerSideTranslatorPB.processRequest(OzoneManagerProtocolServerSideTranslatorPB.java:175) ~[ozone-manager-1.3.0-SNAPSHOT.jar:?]
	at org.apache.hadoop.hdds.server.OzoneProtocolMessageDispatcher.processRequest(OzoneProtocolMessageDispatcher.java:87) [hdds-server-framework-1.3.0-SNAPSHOT.jar:?]
	at org.apache.hadoop.ozone.protocolPB.OzoneManagerProtocolServerSideTranslatorPB.submitRequest(OzoneManagerProtocolServerSideTranslatorPB.java:147) [ozone-manager-1.3.0-SNAPSHOT.jar:?]
	at org.apache.hadoop.ozone.protocol.proto.OzoneManagerProtocolProtos$OzoneManagerService$2.callBlockingMethod(OzoneManagerProtocolProtos.java) [ozone-interface-client-1.3.0-SNAPSHOT.jar:?]
	at org.apache.hadoop.ipc.ProtobufRpcEngine$Server.processCall(ProtobufRpcEngine.java:466) [hadoop-common-3.3.1.jar:?]
	at org.apache.hadoop.ipc.ProtobufRpcEngine2$Server$ProtoBufRpcInvoker.call(ProtobufRpcEngine2.java:574) [hadoop-common-3.3.1.jar:?]
	at org.apache.hadoop.ipc.ProtobufRpcEngine2$Server$ProtoBufRpcInvoker.call(ProtobufRpcEngine2.java:552) [hadoop-common-3.3.1.jar:?]
	at org.apache.hadoop.ipc.RPC$Server.call(RPC.java:1093) [hadoop-common-3.3.1.jar:?]
	at org.apache.hadoop.ipc.Server$RpcCall.run(Server.java:1035) [hadoop-common-3.3.1.jar:?]
	at org.apache.hadoop.ipc.Server$RpcCall.run(Server.java:963) [hadoop-common-3.3.1.jar:?]
	at java.security.AccessController.doPrivileged(Native Method) ~[?:1.8.0_332]
	at javax.security.auth.Subject.doAs(Subject.java:422) [?:1.8.0_332]
	at org.apache.hadoop.security.UserGroupInformation.doAs(UserGroupInformation.java:1878) [hadoop-common-3.3.1.jar:?]
	at org.apache.hadoop.ipc.Server$Handler.run(Server.java:2966) [hadoop-common-3.3.1.jar:?]
13:50:48.629 [IPC Server handler 10 on default port 45023] ERROR OMAudit - user=runner | ip=127.0.0.1 | op=GET_FILE_STATUS {volume=0e16a453-033c-4ac8-a556-29cdce17371c, bucket=e8962d35-7086-439e-8fef-3b13dd83e1ea, key=.Trash, dataSize=0, replicationConfig=null} | ret=FAILURE
org.apache.hadoop.ozone.om.exceptions.OMException: Unable to get file status: volume: 0e16a453-033c-4ac8-a556-29cdce17371c bucket: e8962d35-7086-439e-8fef-3b13dd83e1ea key: .Trash
	at org.apache.hadoop.ozone.om.KeyManagerImpl.getOzoneFileStatus(KeyManagerImpl.java:1311) ~[ozone-manager-1.3.0-SNAPSHOT.jar:?]
	at org.apache.hadoop.ozone.om.KeyManagerImpl.getFileStatus(KeyManagerImpl.java:1241) ~[ozone-manager-1.3.0-SNAPSHOT.jar:?]
	at org.apache.hadoop.ozone.om.OzoneManager.getFileStatus(OzoneManager.java:3468) ~[ozone-manager-1.3.0-SNAPSHOT.jar:?]
	at org.apache.hadoop.ozone.protocolPB.OzoneManagerRequestHandler.getOzoneFileStatus(OzoneManagerRequestHandler.java:882) ~[ozone-manager-1.3.0-SNAPSHOT.jar:?]
	at org.apache.hadoop.ozone.protocolPB.OzoneManagerRequestHandler.handleReadRequest(OzoneManagerRequestHandler.java:228) ~[ozone-manager-1.3.0-SNAPSHOT.jar:?]
	at org.apache.hadoop.ozone.protocolPB.OzoneManagerProtocolServerSideTranslatorPB.submitReadRequestToOM(OzoneManagerProtocolServerSideTranslatorPB.java:226) ~[ozone-manager-1.3.0-SNAPSHOT.jar:?]
	at org.apache.hadoop.ozone.protocolPB.OzoneManagerProtocolServerSideTranslatorPB.processRequest(OzoneManagerProtocolServerSideTranslatorPB.java:175) ~[ozone-manager-1.3.0-SNAPSHOT.jar:?]
	at org.apache.hadoop.hdds.server.OzoneProtocolMessageDispatcher.processRequest(OzoneProtocolMessageDispatcher.java:87) [hdds-server-framework-1.3.0-SNAPSHOT.jar:?]
	at org.apache.hadoop.ozone.protocolPB.OzoneManagerProtocolServerSideTranslatorPB.submitRequest(OzoneManagerProtocolServerSideTranslatorPB.java:147) [ozone-manager-1.3.0-SNAPSHOT.jar:?]
	at org.apache.hadoop.ozone.protocol.proto.OzoneManagerProtocolProtos$OzoneManagerService$2.callBlockingMethod(OzoneManagerProtocolProtos.java) [ozone-interface-client-1.3.0-SNAPSHOT.jar:?]
	at org.apache.hadoop.ipc.ProtobufRpcEngine$Server.processCall(ProtobufRpcEngine.java:466) [hadoop-common-3.3.1.jar:?]
	at org.apache.hadoop.ipc.ProtobufRpcEngine2$Server$ProtoBufRpcInvoker.call(ProtobufRpcEngine2.java:574) [hadoop-common-3.3.1.jar:?]
	at org.apache.hadoop.ipc.ProtobufRpcEngine2$Server$ProtoBufRpcInvoker.call(ProtobufRpcEngine2.java:552) [hadoop-common-3.3.1.jar:?]
	at org.apache.hadoop.ipc.RPC$Server.call(RPC.java:1093) [hadoop-common-3.3.1.jar:?]
	at org.apache.hadoop.ipc.Server$RpcCall.run(Server.java:1035) [hadoop-common-3.3.1.jar:?]
	at org.apache.hadoop.ipc.Server$RpcCall.run(Server.java:963) [hadoop-common-3.3.1.jar:?]
	at java.security.AccessController.doPrivileged(Native Method) ~[?:1.8.0_332]
	at javax.security.auth.Subject.doAs(Subject.java:422) [?:1.8.0_332]
	at org.apache.hadoop.security.UserGroupInformation.doAs(UserGroupInformation.java:1878) [hadoop-common-3.3.1.jar:?]
	at org.apache.hadoop.ipc.Server$Handler.run(Server.java:2966) [hadoop-common-3.3.1.jar:?]
13:50:48.638 [IPC Server handler 4 on default port 45023] ERROR OMAudit - user=runner | ip=127.0.0.1 | op=GET_FILE_STATUS {volume=volume30705, bucket=bucket28051, key=.Trash, dataSize=0, replicationConfig=null} | ret=FAILURE
org.apache.hadoop.ozone.om.exceptions.OMException: Unable to get file status: volume: volume30705 bucket: bucket28051 key: .Trash
	at org.apache.hadoop.ozone.om.KeyManagerImpl.getOzoneFileStatus(KeyManagerImpl.java:1311) ~[ozone-manager-1.3.0-SNAPSHOT.jar:?]
	at org.apache.hadoop.ozone.om.KeyManagerImpl.getFileStatus(KeyManagerImpl.java:1241) ~[ozone-manager-1.3.0-SNAPSHOT.jar:?]
	at org.apache.hadoop.ozone.om.OzoneManager.getFileStatus(OzoneManager.java:3468) ~[ozone-manager-1.3.0-SNAPSHOT.jar:?]
	at org.apache.hadoop.ozone.protocolPB.OzoneManagerRequestHandler.getOzoneFileStatus(OzoneManagerRequestHandler.java:882) ~[ozone-manager-1.3.0-SNAPSHOT.jar:?]
	at org.apache.hadoop.ozone.protocolPB.OzoneManagerRequestHandler.handleReadRequest(OzoneManagerRequestHandler.java:228) ~[ozone-manager-1.3.0-SNAPSHOT.jar:?]
	at org.apache.hadoop.ozone.protocolPB.OzoneManagerProtocolServerSideTranslatorPB.submitReadRequestToOM(OzoneManagerProtocolServerSideTranslatorPB.java:226) ~[ozone-manager-1.3.0-SNAPSHOT.jar:?]
	at org.apache.hadoop.ozone.protocolPB.OzoneManagerProtocolServerSideTranslatorPB.processRequest(OzoneManagerProtocolServerSideTranslatorPB.java:175) ~[ozone-manager-1.3.0-SNAPSHOT.jar:?]
	at org.apache.hadoop.hdds.server.OzoneProtocolMessageDispatcher.processRequest(OzoneProtocolMessageDispatcher.java:87) [hdds-server-framework-1.3.0-SNAPSHOT.jar:?]
	at org.apache.hadoop.ozone.protocolPB.OzoneManagerProtocolServerSideTranslatorPB.submitRequest(OzoneManagerProtocolServerSideTranslatorPB.java:147) [ozone-manager-1.3.0-SNAPSHOT.jar:?]
	at org.apache.hadoop.ozone.protocol.proto.OzoneManagerProtocolProtos$OzoneManagerService$2.callBlockingMethod(OzoneManagerProtocolProtos.java) [ozone-interface-client-1.3.0-SNAPSHOT.jar:?]
	at org.apache.hadoop.ipc.ProtobufRpcEngine$Server.processCall(ProtobufRpcEngine.java:466) [hadoop-common-3.3.1.jar:?]
	at org.apache.hadoop.ipc.ProtobufRpcEngine2$Server$ProtoBufRpcInvoker.call(ProtobufRpcEngine2.java:574) [hadoop-common-3.3.1.jar:?]
	at org.apache.hadoop.ipc.ProtobufRpcEngine2$Server$ProtoBufRpcInvoker.call(ProtobufRpcEngine2.java:552) [hadoop-common-3.3.1.jar:?]
	at org.apache.hadoop.ipc.RPC$Server.call(RPC.java:1093) [hadoop-common-3.3.1.jar:?]
	at org.apache.hadoop.ipc.Server$RpcCall.run(Server.java:1035) [hadoop-common-3.3.1.jar:?]
	at org.apache.hadoop.ipc.Server$RpcCall.run(Server.java:963) [hadoop-common-3.3.1.jar:?]
	at java.security.AccessController.doPrivileged(Native Method) ~[?:1.8.0_332]
	at javax.security.auth.Subject.doAs(Subject.java:422) [?:1.8.0_332]
	at org.apache.hadoop.security.UserGroupInformation.doAs(UserGroupInformation.java:1878) [hadoop-common-3.3.1.jar:?]
	at org.apache.hadoop.ipc.Server$Handler.run(Server.java:2966) [hadoop-common-3.3.1.jar:?]
13:50:48.657 [IPC Server handler 15 on default port 45023] ERROR OMAudit - user=runner | ip=127.0.0.1 | op=GET_FILE_STATUS {volume=volume74283, bucket=trashroottest2, key=.Trash, dataSize=0, replicationConfig=null} | ret=FAILURE
org.apache.hadoop.ozone.om.exceptions.OMException: Unable to get file status: volume: volume74283 bucket: trashroottest2 key: .Trash
	at org.apache.hadoop.ozone.om.KeyManagerImpl.getOzoneFileStatus(KeyManagerImpl.java:1311) ~[ozone-manager-1.3.0-SNAPSHOT.jar:?]
	at org.apache.hadoop.ozone.om.KeyManagerImpl.getFileStatus(KeyManagerImpl.java:1241) ~[ozone-manager-1.3.0-SNAPSHOT.jar:?]
	at org.apache.hadoop.ozone.om.OzoneManager.getFileStatus(OzoneManager.java:3468) ~[ozone-manager-1.3.0-SNAPSHOT.jar:?]
	at org.apache.hadoop.ozone.protocolPB.OzoneManagerRequestHandler.getOzoneFileStatus(OzoneManagerRequestHandler.java:882) ~[ozone-manager-1.3.0-SNAPSHOT.jar:?]
	at org.apache.hadoop.ozone.protocolPB.OzoneManagerRequestHandler.handleReadRequest(OzoneManagerRequestHandler.java:228) ~[ozone-manager-1.3.0-SNAPSHOT.jar:?]
	at org.apache.hadoop.ozone.protocolPB.OzoneManagerProtocolServerSideTranslatorPB.submitReadRequestToOM(OzoneManagerProtocolServerSideTranslatorPB.java:226) ~[ozone-manager-1.3.0-SNAPSHOT.jar:?]
	at org.apache.hadoop.ozone.protocolPB.OzoneManagerProtocolServerSideTranslatorPB.processRequest(OzoneManagerProtocolServerSideTranslatorPB.java:175) ~[ozone-manager-1.3.0-SNAPSHOT.jar:?]
	at org.apache.hadoop.hdds.server.OzoneProtocolMessageDispatcher.processRequest(OzoneProtocolMessageDispatcher.java:87) [hdds-server-framework-1.3.0-SNAPSHOT.jar:?]
	at org.apache.hadoop.ozone.protocolPB.OzoneManagerProtocolServerSideTranslatorPB.submitRequest(OzoneManagerProtocolServerSideTranslatorPB.java:147) [ozone-manager-1.3.0-SNAPSHOT.jar:?]
	at org.apache.hadoop.ozone.protocol.proto.OzoneManagerProtocolProtos$OzoneManagerService$2.callBlockingMethod(OzoneManagerProtocolProtos.java) [ozone-interface-client-1.3.0-SNAPSHOT.jar:?]
	at org.apache.hadoop.ipc.ProtobufRpcEngine$Server.processCall(ProtobufRpcEngine.java:466) [hadoop-common-3.3.1.jar:?]
	at org.apache.hadoop.ipc.ProtobufRpcEngine2$Server$ProtoBufRpcInvoker.call(ProtobufRpcEngine2.java:574) [hadoop-common-3.3.1.jar:?]
	at org.apache.hadoop.ipc.ProtobufRpcEngine2$Server$ProtoBufRpcInvoker.call(ProtobufRpcEngine2.java:552) [hadoop-common-3.3.1.jar:?]
	at org.apache.hadoop.ipc.RPC$Server.call(RPC.java:1093) [hadoop-common-3.3.1.jar:?]
	at org.apache.hadoop.ipc.Server$RpcCall.run(Server.java:1035) [hadoop-common-3.3.1.jar:?]
	at org.apache.hadoop.ipc.Server$RpcCall.run(Server.java:963) [hadoop-common-3.3.1.jar:?]
	at java.security.AccessController.doPrivileged(Native Method) ~[?:1.8.0_332]
	at javax.security.auth.Subject.doAs(Subject.java:422) [?:1.8.0_332]
	at org.apache.hadoop.security.UserGroupInformation.doAs(UserGroupInformation.java:1878) [hadoop-common-3.3.1.jar:?]
	at org.apache.hadoop.ipc.Server$Handler.run(Server.java:2966) [hadoop-common-3.3.1.jar:?]
13:50:48.684 [IPC Server handler 13 on default port 45023] ERROR OMAudit - user=runner | ip=127.0.0.1 | op=GET_FILE_STATUS {volume=volume74283, bucket=bucket28388, key=.Trash/runner, dataSize=0, replicationConfig=null} | ret=FAILURE
org.apache.hadoop.ozone.om.exceptions.OMException: Unable to get file status: volume: volume74283 bucket: bucket28388 key: .Trash/runner
	at org.apache.hadoop.ozone.om.KeyManagerImpl.getOzoneFileStatus(KeyManagerImpl.java:1311) ~[ozone-manager-1.3.0-SNAPSHOT.jar:?]
	at org.apache.hadoop.ozone.om.KeyManagerImpl.getFileStatus(KeyManagerImpl.java:1241) ~[ozone-manager-1.3.0-SNAPSHOT.jar:?]
	at org.apache.hadoop.ozone.om.OzoneManager.getFileStatus(OzoneManager.java:3468) ~[ozone-manager-1.3.0-SNAPSHOT.jar:?]
	at org.apache.hadoop.ozone.protocolPB.OzoneManagerRequestHandler.getOzoneFileStatus(OzoneManagerRequestHandler.java:882) ~[ozone-manager-1.3.0-SNAPSHOT.jar:?]
	at org.apache.hadoop.ozone.protocolPB.OzoneManagerRequestHandler.handleReadRequest(OzoneManagerRequestHandler.java:228) ~[ozone-manager-1.3.0-SNAPSHOT.jar:?]
	at org.apache.hadoop.ozone.protocolPB.OzoneManagerProtocolServerSideTranslatorPB.submitReadRequestToOM(OzoneManagerProtocolServerSideTranslatorPB.java:226) ~[ozone-manager-1.3.0-SNAPSHOT.jar:?]
	at org.apache.hadoop.ozone.protocolPB.OzoneManagerProtocolServerSideTranslatorPB.processRequest(OzoneManagerProtocolServerSideTranslatorPB.java:175) ~[ozone-manager-1.3.0-SNAPSHOT.jar:?]
	at org.apache.hadoop.hdds.server.OzoneProtocolMessageDispatcher.processRequest(OzoneProtocolMessageDispatcher.java:87) [hdds-server-framework-1.3.0-SNAPSHOT.jar:?]
	at org.apache.hadoop.ozone.protocolPB.OzoneManagerProtocolServerSideTranslatorPB.submitRequest(OzoneManagerProtocolServerSideTranslatorPB.java:147) [ozone-manager-1.3.0-SNAPSHOT.jar:?]
	at org.apache.hadoop.ozone.protocol.proto.OzoneManagerProtocolProtos$OzoneManagerService$2.callBlockingMethod(OzoneManagerProtocolProtos.java) [ozone-interface-client-1.3.0-SNAPSHOT.jar:?]
	at org.apache.hadoop.ipc.ProtobufRpcEngine$Server.processCall(ProtobufRpcEngine.java:466) [hadoop-common-3.3.1.jar:?]
	at org.apache.hadoop.ipc.ProtobufRpcEngine2$Server$ProtoBufRpcInvoker.call(ProtobufRpcEngine2.java:574) [hadoop-common-3.3.1.jar:?]
	at org.apache.hadoop.ipc.ProtobufRpcEngine2$Server$ProtoBufRpcInvoker.call(ProtobufRpcEngine2.java:552) [hadoop-common-3.3.1.jar:?]
	at org.apache.hadoop.ipc.RPC$Server.call(RPC.java:1093) [hadoop-common-3.3.1.jar:?]
	at org.apache.hadoop.ipc.Server$RpcCall.run(Server.java:1035) [hadoop-common-3.3.1.jar:?]
	at org.apache.hadoop.ipc.Server$RpcCall.run(Server.java:963) [hadoop-common-3.3.1.jar:?]
	at java.security.AccessController.doPrivileged(Native Method) ~[?:1.8.0_332]
	at javax.security.auth.Subject.doAs(Subject.java:422) [?:1.8.0_332]
	at org.apache.hadoop.security.UserGroupInformation.doAs(UserGroupInformation.java:1878) [hadoop-common-3.3.1.jar:?]
	at org.apache.hadoop.ipc.Server$Handler.run(Server.java:2966) [hadoop-common-3.3.1.jar:?]
13:50:48.690 [IPC Server handler 6 on default port 45023] ERROR OMAudit - user=runner | ip=127.0.0.1 | op=GET_FILE_STATUS {volume=0e16a453-033c-4ac8-a556-29cdce17371c, bucket=e8962d35-7086-439e-8fef-3b13dd83e1ea, key=.Trash, dataSize=0, replicationConfig=null} | ret=FAILURE
org.apache.hadoop.ozone.om.exceptions.OMException: Unable to get file status: volume: 0e16a453-033c-4ac8-a556-29cdce17371c bucket: e8962d35-7086-439e-8fef-3b13dd83e1ea key: .Trash
	at org.apache.hadoop.ozone.om.KeyManagerImpl.getOzoneFileStatus(KeyManagerImpl.java:1311) ~[ozone-manager-1.3.0-SNAPSHOT.jar:?]
	at org.apache.hadoop.ozone.om.KeyManagerImpl.getFileStatus(KeyManagerImpl.java:1241) ~[ozone-manager-1.3.0-SNAPSHOT.jar:?]
	at org.apache.hadoop.ozone.om.OzoneManager.getFileStatus(OzoneManager.java:3468) ~[ozone-manager-1.3.0-SNAPSHOT.jar:?]
	at org.apache.hadoop.ozone.protocolPB.OzoneManagerRequestHandler.getOzoneFileStatus(OzoneManagerRequestHandler.java:882) ~[ozone-manager-1.3.0-SNAPSHOT.jar:?]
	at org.apache.hadoop.ozone.protocolPB.OzoneManagerRequestHandler.handleReadRequest(OzoneManagerRequestHandler.java:228) ~[ozone-manager-1.3.0-SNAPSHOT.jar:?]
	at org.apache.hadoop.ozone.protocolPB.OzoneManagerProtocolServerSideTranslatorPB.submitReadRequestToOM(OzoneManagerProtocolServerSideTranslatorPB.java:226) ~[ozone-manager-1.3.0-SNAPSHOT.jar:?]
	at org.apache.hadoop.ozone.protocolPB.OzoneManagerProtocolServerSideTranslatorPB.processRequest(OzoneManagerProtocolServerSideTranslatorPB.java:175) ~[ozone-manager-1.3.0-SNAPSHOT.jar:?]
	at org.apache.hadoop.hdds.server.OzoneProtocolMessageDispatcher.processRequest(OzoneProtocolMessageDispatcher.java:87) [hdds-server-framework-1.3.0-SNAPSHOT.jar:?]
	at org.apache.hadoop.ozone.protocolPB.OzoneManagerProtocolServerSideTranslatorPB.submitRequest(OzoneManagerProtocolServerSideTranslatorPB.java:147) [ozone-manager-1.3.0-SNAPSHOT.jar:?]
	at org.apache.hadoop.ozone.protocol.proto.OzoneManagerProtocolProtos$OzoneManagerService$2.callBlockingMethod(OzoneManagerProtocolProtos.java) [ozone-interface-client-1.3.0-SNAPSHOT.jar:?]
	at org.apache.hadoop.ipc.ProtobufRpcEngine$Server.processCall(ProtobufRpcEngine.java:466) [hadoop-common-3.3.1.jar:?]
	at org.apache.hadoop.ipc.ProtobufRpcEngine2$Server$ProtoBufRpcInvoker.call(ProtobufRpcEngine2.java:574) [hadoop-common-3.3.1.jar:?]
	at org.apache.hadoop.ipc.ProtobufRpcEngine2$Server$ProtoBufRpcInvoker.call(ProtobufRpcEngine2.java:552) [hadoop-common-3.3.1.jar:?]
	at org.apache.hadoop.ipc.RPC$Server.call(RPC.java:1093) [hadoop-common-3.3.1.jar:?]
	at org.apache.hadoop.ipc.Server$RpcCall.run(Server.java:1035) [hadoop-common-3.3.1.jar:?]
	at org.apache.hadoop.ipc.Server$RpcCall.run(Server.java:963) [hadoop-common-3.3.1.jar:?]
	at java.security.AccessController.doPrivileged(Native Method) ~[?:1.8.0_332]
	at javax.security.auth.Subject.doAs(Subject.java:422) [?:1.8.0_332]
	at org.apache.hadoop.security.UserGroupInformation.doAs(UserGroupInformation.java:1878) [hadoop-common-3.3.1.jar:?]
	at org.apache.hadoop.ipc.Server$Handler.run(Server.java:2966) [hadoop-common-3.3.1.jar:?]
]]></system-out>
  </testcase>
  <testcase name="testGetTrashRoots" classname="TestRootedOzoneFileSystem" time="1.046">
    <system-out><![CDATA[2022-08-09 13:52:12,824 [Time-limited test] INFO  rpc.RpcClient (RpcClient.java:createVolume(468)) - Creating Volume: volume35167, with user62059 as owner and space quota set to -1 bytes, counts quota set to -1
2022-08-09 13:52:12,829 [IPC Server handler 2 on default port 44079] INFO  volume.OMVolumeCreateRequest (OMVolumeCreateRequest.java:validateAndUpdateCache(195)) - created volume:volume35167 for user:user62059
2022-08-09 13:52:12,840 [Time-limited test] INFO  rpc.RpcClient (RpcClient.java:createBucket(671)) - Creating Bucket: volume35167/bucket38841, with bucket layout LEGACY, runner as owner, Versioning false, Storage Type set to DISK and Encryption set to false 
2022-08-09 13:52:12,840 [IPC Server handler 4 on default port 44079] INFO  bucket.OMBucketCreateRequest (OMBucketCreateRequest.java:validateAndUpdateCache(260)) - created bucket: bucket38841 of layout LEGACY in volume: volume35167
13:52:12.847 [IPC Server handler 15 on default port 44079] ERROR OMAudit - user=runner | ip=127.0.0.1 | op=GET_FILE_STATUS {volume=volume35167, bucket=bucket38841, key=.Trash/runner, dataSize=0, replicationConfig=null} | ret=FAILURE
org.apache.hadoop.ozone.om.exceptions.OMException: Unable to get file status: volume: volume35167 bucket: bucket38841 key: .Trash/runner
	at org.apache.hadoop.ozone.om.KeyManagerImpl.getOzoneFileStatus(KeyManagerImpl.java:1311) ~[ozone-manager-1.3.0-SNAPSHOT.jar:?]
	at org.apache.hadoop.ozone.om.KeyManagerImpl.getFileStatus(KeyManagerImpl.java:1241) ~[ozone-manager-1.3.0-SNAPSHOT.jar:?]
	at org.apache.hadoop.ozone.om.OzoneManager.getFileStatus(OzoneManager.java:3468) ~[ozone-manager-1.3.0-SNAPSHOT.jar:?]
	at org.apache.hadoop.ozone.protocolPB.OzoneManagerRequestHandler.getOzoneFileStatus(OzoneManagerRequestHandler.java:882) ~[ozone-manager-1.3.0-SNAPSHOT.jar:?]
	at org.apache.hadoop.ozone.protocolPB.OzoneManagerRequestHandler.handleReadRequest(OzoneManagerRequestHandler.java:228) ~[ozone-manager-1.3.0-SNAPSHOT.jar:?]
	at org.apache.hadoop.ozone.protocolPB.OzoneManagerProtocolServerSideTranslatorPB.submitRequestDirectlyToOM(OzoneManagerProtocolServerSideTranslatorPB.java:276) ~[ozone-manager-1.3.0-SNAPSHOT.jar:?]
	at org.apache.hadoop.ozone.protocolPB.OzoneManagerProtocolServerSideTranslatorPB.processRequest(OzoneManagerProtocolServerSideTranslatorPB.java:205) ~[ozone-manager-1.3.0-SNAPSHOT.jar:?]
	at org.apache.hadoop.hdds.server.OzoneProtocolMessageDispatcher.processRequest(OzoneProtocolMessageDispatcher.java:87) [hdds-server-framework-1.3.0-SNAPSHOT.jar:?]
	at org.apache.hadoop.ozone.protocolPB.OzoneManagerProtocolServerSideTranslatorPB.submitRequest(OzoneManagerProtocolServerSideTranslatorPB.java:147) [ozone-manager-1.3.0-SNAPSHOT.jar:?]
	at org.apache.hadoop.ozone.protocol.proto.OzoneManagerProtocolProtos$OzoneManagerService$2.callBlockingMethod(OzoneManagerProtocolProtos.java) [ozone-interface-client-1.3.0-SNAPSHOT.jar:?]
	at org.apache.hadoop.ipc.ProtobufRpcEngine$Server.processCall(ProtobufRpcEngine.java:466) [hadoop-common-3.3.1.jar:?]
	at org.apache.hadoop.ipc.ProtobufRpcEngine2$Server$ProtoBufRpcInvoker.call(ProtobufRpcEngine2.java:574) [hadoop-common-3.3.1.jar:?]
	at org.apache.hadoop.ipc.ProtobufRpcEngine2$Server$ProtoBufRpcInvoker.call(ProtobufRpcEngine2.java:552) [hadoop-common-3.3.1.jar:?]
	at org.apache.hadoop.ipc.RPC$Server.call(RPC.java:1093) [hadoop-common-3.3.1.jar:?]
	at org.apache.hadoop.ipc.Server$RpcCall.run(Server.java:1035) [hadoop-common-3.3.1.jar:?]
	at org.apache.hadoop.ipc.Server$RpcCall.run(Server.java:963) [hadoop-common-3.3.1.jar:?]
	at java.security.AccessController.doPrivileged(Native Method) ~[?:1.8.0_332]
	at javax.security.auth.Subject.doAs(Subject.java:422) [?:1.8.0_332]
	at org.apache.hadoop.security.UserGroupInformation.doAs(UserGroupInformation.java:1878) [hadoop-common-3.3.1.jar:?]
	at org.apache.hadoop.ipc.Server$Handler.run(Server.java:2966) [hadoop-common-3.3.1.jar:?]
13:52:12.851 [IPC Server handler 9 on default port 44079] ERROR OMAudit - user=runner | ip=127.0.0.1 | op=GET_FILE_STATUS {volume=7a2722e9-9f29-4dee-b2cc-d58eff375737, bucket=08ec0a17-9e59-4d69-850f-b216d51acfce, key=.Trash, dataSize=0, replicationConfig=null} | ret=FAILURE
org.apache.hadoop.ozone.om.exceptions.OMException: Unable to get file status: volume: 7a2722e9-9f29-4dee-b2cc-d58eff375737 bucket: 08ec0a17-9e59-4d69-850f-b216d51acfce key: .Trash
	at org.apache.hadoop.ozone.om.KeyManagerImpl.getOzoneFileStatus(KeyManagerImpl.java:1311) ~[ozone-manager-1.3.0-SNAPSHOT.jar:?]
	at org.apache.hadoop.ozone.om.KeyManagerImpl.getFileStatus(KeyManagerImpl.java:1241) ~[ozone-manager-1.3.0-SNAPSHOT.jar:?]
	at org.apache.hadoop.ozone.om.OzoneManager.getFileStatus(OzoneManager.java:3468) ~[ozone-manager-1.3.0-SNAPSHOT.jar:?]
	at org.apache.hadoop.ozone.protocolPB.OzoneManagerRequestHandler.getOzoneFileStatus(OzoneManagerRequestHandler.java:882) ~[ozone-manager-1.3.0-SNAPSHOT.jar:?]
	at org.apache.hadoop.ozone.protocolPB.OzoneManagerRequestHandler.handleReadRequest(OzoneManagerRequestHandler.java:228) ~[ozone-manager-1.3.0-SNAPSHOT.jar:?]
	at org.apache.hadoop.ozone.protocolPB.OzoneManagerProtocolServerSideTranslatorPB.submitRequestDirectlyToOM(OzoneManagerProtocolServerSideTranslatorPB.java:276) ~[ozone-manager-1.3.0-SNAPSHOT.jar:?]
	at org.apache.hadoop.ozone.protocolPB.OzoneManagerProtocolServerSideTranslatorPB.processRequest(OzoneManagerProtocolServerSideTranslatorPB.java:205) ~[ozone-manager-1.3.0-SNAPSHOT.jar:?]
	at org.apache.hadoop.hdds.server.OzoneProtocolMessageDispatcher.processRequest(OzoneProtocolMessageDispatcher.java:87) [hdds-server-framework-1.3.0-SNAPSHOT.jar:?]
	at org.apache.hadoop.ozone.protocolPB.OzoneManagerProtocolServerSideTranslatorPB.submitRequest(OzoneManagerProtocolServerSideTranslatorPB.java:147) [ozone-manager-1.3.0-SNAPSHOT.jar:?]
	at org.apache.hadoop.ozone.protocol.proto.OzoneManagerProtocolProtos$OzoneManagerService$2.callBlockingMethod(OzoneManagerProtocolProtos.java) [ozone-interface-client-1.3.0-SNAPSHOT.jar:?]
	at org.apache.hadoop.ipc.ProtobufRpcEngine$Server.processCall(ProtobufRpcEngine.java:466) [hadoop-common-3.3.1.jar:?]
	at org.apache.hadoop.ipc.ProtobufRpcEngine2$Server$ProtoBufRpcInvoker.call(ProtobufRpcEngine2.java:574) [hadoop-common-3.3.1.jar:?]
	at org.apache.hadoop.ipc.ProtobufRpcEngine2$Server$ProtoBufRpcInvoker.call(ProtobufRpcEngine2.java:552) [hadoop-common-3.3.1.jar:?]
	at org.apache.hadoop.ipc.RPC$Server.call(RPC.java:1093) [hadoop-common-3.3.1.jar:?]
	at org.apache.hadoop.ipc.Server$RpcCall.run(Server.java:1035) [hadoop-common-3.3.1.jar:?]
	at org.apache.hadoop.ipc.Server$RpcCall.run(Server.java:963) [hadoop-common-3.3.1.jar:?]
	at java.security.AccessController.doPrivileged(Native Method) ~[?:1.8.0_332]
	at javax.security.auth.Subject.doAs(Subject.java:422) [?:1.8.0_332]
	at org.apache.hadoop.security.UserGroupInformation.doAs(UserGroupInformation.java:1878) [hadoop-common-3.3.1.jar:?]
	at org.apache.hadoop.ipc.Server$Handler.run(Server.java:2966) [hadoop-common-3.3.1.jar:?]
13:52:12.855 [IPC Server handler 3 on default port 44079] ERROR OMAudit - user=runner | ip=127.0.0.1 | op=GET_FILE_STATUS {volume=volume35167, bucket=bucket38841, key=.Trash, dataSize=0, replicationConfig=null} | ret=FAILURE
org.apache.hadoop.ozone.om.exceptions.OMException: Unable to get file status: volume: volume35167 bucket: bucket38841 key: .Trash
	at org.apache.hadoop.ozone.om.KeyManagerImpl.getOzoneFileStatus(KeyManagerImpl.java:1311) ~[ozone-manager-1.3.0-SNAPSHOT.jar:?]
	at org.apache.hadoop.ozone.om.KeyManagerImpl.getFileStatus(KeyManagerImpl.java:1241) ~[ozone-manager-1.3.0-SNAPSHOT.jar:?]
	at org.apache.hadoop.ozone.om.OzoneManager.getFileStatus(OzoneManager.java:3468) ~[ozone-manager-1.3.0-SNAPSHOT.jar:?]
	at org.apache.hadoop.ozone.protocolPB.OzoneManagerRequestHandler.getOzoneFileStatus(OzoneManagerRequestHandler.java:882) ~[ozone-manager-1.3.0-SNAPSHOT.jar:?]
	at org.apache.hadoop.ozone.protocolPB.OzoneManagerRequestHandler.handleReadRequest(OzoneManagerRequestHandler.java:228) ~[ozone-manager-1.3.0-SNAPSHOT.jar:?]
	at org.apache.hadoop.ozone.protocolPB.OzoneManagerProtocolServerSideTranslatorPB.submitRequestDirectlyToOM(OzoneManagerProtocolServerSideTranslatorPB.java:276) ~[ozone-manager-1.3.0-SNAPSHOT.jar:?]
	at org.apache.hadoop.ozone.protocolPB.OzoneManagerProtocolServerSideTranslatorPB.processRequest(OzoneManagerProtocolServerSideTranslatorPB.java:205) ~[ozone-manager-1.3.0-SNAPSHOT.jar:?]
	at org.apache.hadoop.hdds.server.OzoneProtocolMessageDispatcher.processRequest(OzoneProtocolMessageDispatcher.java:87) [hdds-server-framework-1.3.0-SNAPSHOT.jar:?]
	at org.apache.hadoop.ozone.protocolPB.OzoneManagerProtocolServerSideTranslatorPB.submitRequest(OzoneManagerProtocolServerSideTranslatorPB.java:147) [ozone-manager-1.3.0-SNAPSHOT.jar:?]
	at org.apache.hadoop.ozone.protocol.proto.OzoneManagerProtocolProtos$OzoneManagerService$2.callBlockingMethod(OzoneManagerProtocolProtos.java) [ozone-interface-client-1.3.0-SNAPSHOT.jar:?]
	at org.apache.hadoop.ipc.ProtobufRpcEngine$Server.processCall(ProtobufRpcEngine.java:466) [hadoop-common-3.3.1.jar:?]
	at org.apache.hadoop.ipc.ProtobufRpcEngine2$Server$ProtoBufRpcInvoker.call(ProtobufRpcEngine2.java:574) [hadoop-common-3.3.1.jar:?]
	at org.apache.hadoop.ipc.ProtobufRpcEngine2$Server$ProtoBufRpcInvoker.call(ProtobufRpcEngine2.java:552) [hadoop-common-3.3.1.jar:?]
	at org.apache.hadoop.ipc.RPC$Server.call(RPC.java:1093) [hadoop-common-3.3.1.jar:?]
	at org.apache.hadoop.ipc.Server$RpcCall.run(Server.java:1035) [hadoop-common-3.3.1.jar:?]
	at org.apache.hadoop.ipc.Server$RpcCall.run(Server.java:963) [hadoop-common-3.3.1.jar:?]
	at java.security.AccessController.doPrivileged(Native Method) ~[?:1.8.0_332]
	at javax.security.auth.Subject.doAs(Subject.java:422) [?:1.8.0_332]
	at org.apache.hadoop.security.UserGroupInformation.doAs(UserGroupInformation.java:1878) [hadoop-common-3.3.1.jar:?]
	at org.apache.hadoop.ipc.Server$Handler.run(Server.java:2966) [hadoop-common-3.3.1.jar:?]
13:52:12.883 [IPC Server handler 2 on default port 44079] ERROR OMAudit - user=runner | ip=127.0.0.1 | op=GET_FILE_STATUS {volume=7a2722e9-9f29-4dee-b2cc-d58eff375737, bucket=08ec0a17-9e59-4d69-850f-b216d51acfce, key=.Trash, dataSize=0, replicationConfig=null} | ret=FAILURE
org.apache.hadoop.ozone.om.exceptions.OMException: Unable to get file status: volume: 7a2722e9-9f29-4dee-b2cc-d58eff375737 bucket: 08ec0a17-9e59-4d69-850f-b216d51acfce key: .Trash
	at org.apache.hadoop.ozone.om.KeyManagerImpl.getOzoneFileStatus(KeyManagerImpl.java:1311) ~[ozone-manager-1.3.0-SNAPSHOT.jar:?]
	at org.apache.hadoop.ozone.om.KeyManagerImpl.getFileStatus(KeyManagerImpl.java:1241) ~[ozone-manager-1.3.0-SNAPSHOT.jar:?]
	at org.apache.hadoop.ozone.om.OzoneManager.getFileStatus(OzoneManager.java:3468) ~[ozone-manager-1.3.0-SNAPSHOT.jar:?]
	at org.apache.hadoop.ozone.protocolPB.OzoneManagerRequestHandler.getOzoneFileStatus(OzoneManagerRequestHandler.java:882) ~[ozone-manager-1.3.0-SNAPSHOT.jar:?]
	at org.apache.hadoop.ozone.protocolPB.OzoneManagerRequestHandler.handleReadRequest(OzoneManagerRequestHandler.java:228) ~[ozone-manager-1.3.0-SNAPSHOT.jar:?]
	at org.apache.hadoop.ozone.protocolPB.OzoneManagerProtocolServerSideTranslatorPB.submitRequestDirectlyToOM(OzoneManagerProtocolServerSideTranslatorPB.java:276) ~[ozone-manager-1.3.0-SNAPSHOT.jar:?]
	at org.apache.hadoop.ozone.protocolPB.OzoneManagerProtocolServerSideTranslatorPB.processRequest(OzoneManagerProtocolServerSideTranslatorPB.java:205) ~[ozone-manager-1.3.0-SNAPSHOT.jar:?]
	at org.apache.hadoop.hdds.server.OzoneProtocolMessageDispatcher.processRequest(OzoneProtocolMessageDispatcher.java:87) [hdds-server-framework-1.3.0-SNAPSHOT.jar:?]
	at org.apache.hadoop.ozone.protocolPB.OzoneManagerProtocolServerSideTranslatorPB.submitRequest(OzoneManagerProtocolServerSideTranslatorPB.java:147) [ozone-manager-1.3.0-SNAPSHOT.jar:?]
	at org.apache.hadoop.ozone.protocol.proto.OzoneManagerProtocolProtos$OzoneManagerService$2.callBlockingMethod(OzoneManagerProtocolProtos.java) [ozone-interface-client-1.3.0-SNAPSHOT.jar:?]
	at org.apache.hadoop.ipc.ProtobufRpcEngine$Server.processCall(ProtobufRpcEngine.java:466) [hadoop-common-3.3.1.jar:?]
	at org.apache.hadoop.ipc.ProtobufRpcEngine2$Server$ProtoBufRpcInvoker.call(ProtobufRpcEngine2.java:574) [hadoop-common-3.3.1.jar:?]
	at org.apache.hadoop.ipc.ProtobufRpcEngine2$Server$ProtoBufRpcInvoker.call(ProtobufRpcEngine2.java:552) [hadoop-common-3.3.1.jar:?]
	at org.apache.hadoop.ipc.RPC$Server.call(RPC.java:1093) [hadoop-common-3.3.1.jar:?]
	at org.apache.hadoop.ipc.Server$RpcCall.run(Server.java:1035) [hadoop-common-3.3.1.jar:?]
	at org.apache.hadoop.ipc.Server$RpcCall.run(Server.java:963) [hadoop-common-3.3.1.jar:?]
	at java.security.AccessController.doPrivileged(Native Method) ~[?:1.8.0_332]
	at javax.security.auth.Subject.doAs(Subject.java:422) [?:1.8.0_332]
	at org.apache.hadoop.security.UserGroupInformation.doAs(UserGroupInformation.java:1878) [hadoop-common-3.3.1.jar:?]
	at org.apache.hadoop.ipc.Server$Handler.run(Server.java:2966) [hadoop-common-3.3.1.jar:?]
13:52:12.903 [IPC Server handler 1 on default port 44079] ERROR OMAudit - user=runner | ip=127.0.0.1 | op=GET_FILE_STATUS {volume=7a2722e9-9f29-4dee-b2cc-d58eff375737, bucket=08ec0a17-9e59-4d69-850f-b216d51acfce, key=.Trash, dataSize=0, replicationConfig=null} | ret=FAILURE
org.apache.hadoop.ozone.om.exceptions.OMException: Unable to get file status: volume: 7a2722e9-9f29-4dee-b2cc-d58eff375737 bucket: 08ec0a17-9e59-4d69-850f-b216d51acfce key: .Trash
	at org.apache.hadoop.ozone.om.KeyManagerImpl.getOzoneFileStatus(KeyManagerImpl.java:1311) ~[ozone-manager-1.3.0-SNAPSHOT.jar:?]
	at org.apache.hadoop.ozone.om.KeyManagerImpl.getFileStatus(KeyManagerImpl.java:1241) ~[ozone-manager-1.3.0-SNAPSHOT.jar:?]
	at org.apache.hadoop.ozone.om.OzoneManager.getFileStatus(OzoneManager.java:3468) ~[ozone-manager-1.3.0-SNAPSHOT.jar:?]
	at org.apache.hadoop.ozone.protocolPB.OzoneManagerRequestHandler.getOzoneFileStatus(OzoneManagerRequestHandler.java:882) ~[ozone-manager-1.3.0-SNAPSHOT.jar:?]
	at org.apache.hadoop.ozone.protocolPB.OzoneManagerRequestHandler.handleReadRequest(OzoneManagerRequestHandler.java:228) ~[ozone-manager-1.3.0-SNAPSHOT.jar:?]
	at org.apache.hadoop.ozone.protocolPB.OzoneManagerProtocolServerSideTranslatorPB.submitRequestDirectlyToOM(OzoneManagerProtocolServerSideTranslatorPB.java:276) ~[ozone-manager-1.3.0-SNAPSHOT.jar:?]
	at org.apache.hadoop.ozone.protocolPB.OzoneManagerProtocolServerSideTranslatorPB.processRequest(OzoneManagerProtocolServerSideTranslatorPB.java:205) ~[ozone-manager-1.3.0-SNAPSHOT.jar:?]
	at org.apache.hadoop.hdds.server.OzoneProtocolMessageDispatcher.processRequest(OzoneProtocolMessageDispatcher.java:87) [hdds-server-framework-1.3.0-SNAPSHOT.jar:?]
	at org.apache.hadoop.ozone.protocolPB.OzoneManagerProtocolServerSideTranslatorPB.submitRequest(OzoneManagerProtocolServerSideTranslatorPB.java:147) [ozone-manager-1.3.0-SNAPSHOT.jar:?]
	at org.apache.hadoop.ozone.protocol.proto.OzoneManagerProtocolProtos$OzoneManagerService$2.callBlockingMethod(OzoneManagerProtocolProtos.java) [ozone-interface-client-1.3.0-SNAPSHOT.jar:?]
	at org.apache.hadoop.ipc.ProtobufRpcEngine$Server.processCall(ProtobufRpcEngine.java:466) [hadoop-common-3.3.1.jar:?]
	at org.apache.hadoop.ipc.ProtobufRpcEngine2$Server$ProtoBufRpcInvoker.call(ProtobufRpcEngine2.java:574) [hadoop-common-3.3.1.jar:?]
	at org.apache.hadoop.ipc.ProtobufRpcEngine2$Server$ProtoBufRpcInvoker.call(ProtobufRpcEngine2.java:552) [hadoop-common-3.3.1.jar:?]
	at org.apache.hadoop.ipc.RPC$Server.call(RPC.java:1093) [hadoop-common-3.3.1.jar:?]
	at org.apache.hadoop.ipc.Server$RpcCall.run(Server.java:1035) [hadoop-common-3.3.1.jar:?]
	at org.apache.hadoop.ipc.Server$RpcCall.run(Server.java:963) [hadoop-common-3.3.1.jar:?]
	at java.security.AccessController.doPrivileged(Native Method) ~[?:1.8.0_332]
	at javax.security.auth.Subject.doAs(Subject.java:422) [?:1.8.0_332]
	at org.apache.hadoop.security.UserGroupInformation.doAs(UserGroupInformation.java:1878) [hadoop-common-3.3.1.jar:?]
	at org.apache.hadoop.ipc.Server$Handler.run(Server.java:2966) [hadoop-common-3.3.1.jar:?]
2022-08-09 13:52:12,913 [Time-limited test] INFO  rpc.RpcClient (RpcClient.java:createBucket(671)) - Creating Bucket: volume35167/trashroottest2, with bucket layout LEGACY, runner as owner, Versioning false, Storage Type set to DISK and Encryption set to false 
2022-08-09 13:52:12,915 [IPC Server handler 4 on default port 44079] INFO  bucket.OMBucketCreateRequest (OMBucketCreateRequest.java:validateAndUpdateCache(260)) - created bucket: trashroottest2 of layout LEGACY in volume: volume35167
13:52:13.165 [IPC Server handler 19 on default port 44079] ERROR OMAudit - user=runner | ip=127.0.0.1 | op=GET_FILE_STATUS {volume=7a2722e9-9f29-4dee-b2cc-d58eff375737, bucket=08ec0a17-9e59-4d69-850f-b216d51acfce, key=.Trash, dataSize=0, replicationConfig=null} | ret=FAILURE
org.apache.hadoop.ozone.om.exceptions.OMException: Unable to get file status: volume: 7a2722e9-9f29-4dee-b2cc-d58eff375737 bucket: 08ec0a17-9e59-4d69-850f-b216d51acfce key: .Trash
	at org.apache.hadoop.ozone.om.KeyManagerImpl.getOzoneFileStatus(KeyManagerImpl.java:1311) ~[ozone-manager-1.3.0-SNAPSHOT.jar:?]
	at org.apache.hadoop.ozone.om.KeyManagerImpl.getFileStatus(KeyManagerImpl.java:1241) ~[ozone-manager-1.3.0-SNAPSHOT.jar:?]
	at org.apache.hadoop.ozone.om.OzoneManager.getFileStatus(OzoneManager.java:3468) ~[ozone-manager-1.3.0-SNAPSHOT.jar:?]
	at org.apache.hadoop.ozone.protocolPB.OzoneManagerRequestHandler.getOzoneFileStatus(OzoneManagerRequestHandler.java:882) ~[ozone-manager-1.3.0-SNAPSHOT.jar:?]
	at org.apache.hadoop.ozone.protocolPB.OzoneManagerRequestHandler.handleReadRequest(OzoneManagerRequestHandler.java:228) ~[ozone-manager-1.3.0-SNAPSHOT.jar:?]
	at org.apache.hadoop.ozone.protocolPB.OzoneManagerProtocolServerSideTranslatorPB.submitRequestDirectlyToOM(OzoneManagerProtocolServerSideTranslatorPB.java:276) ~[ozone-manager-1.3.0-SNAPSHOT.jar:?]
	at org.apache.hadoop.ozone.protocolPB.OzoneManagerProtocolServerSideTranslatorPB.processRequest(OzoneManagerProtocolServerSideTranslatorPB.java:205) ~[ozone-manager-1.3.0-SNAPSHOT.jar:?]
	at org.apache.hadoop.hdds.server.OzoneProtocolMessageDispatcher.processRequest(OzoneProtocolMessageDispatcher.java:87) [hdds-server-framework-1.3.0-SNAPSHOT.jar:?]
	at org.apache.hadoop.ozone.protocolPB.OzoneManagerProtocolServerSideTranslatorPB.submitRequest(OzoneManagerProtocolServerSideTranslatorPB.java:147) [ozone-manager-1.3.0-SNAPSHOT.jar:?]
	at org.apache.hadoop.ozone.protocol.proto.OzoneManagerProtocolProtos$OzoneManagerService$2.callBlockingMethod(OzoneManagerProtocolProtos.java) [ozone-interface-client-1.3.0-SNAPSHOT.jar:?]
	at org.apache.hadoop.ipc.ProtobufRpcEngine$Server.processCall(ProtobufRpcEngine.java:466) [hadoop-common-3.3.1.jar:?]
	at org.apache.hadoop.ipc.ProtobufRpcEngine2$Server$ProtoBufRpcInvoker.call(ProtobufRpcEngine2.java:574) [hadoop-common-3.3.1.jar:?]
	at org.apache.hadoop.ipc.ProtobufRpcEngine2$Server$ProtoBufRpcInvoker.call(ProtobufRpcEngine2.java:552) [hadoop-common-3.3.1.jar:?]
	at org.apache.hadoop.ipc.RPC$Server.call(RPC.java:1093) [hadoop-common-3.3.1.jar:?]
	at org.apache.hadoop.ipc.Server$RpcCall.run(Server.java:1035) [hadoop-common-3.3.1.jar:?]
	at org.apache.hadoop.ipc.Server$RpcCall.run(Server.java:963) [hadoop-common-3.3.1.jar:?]
	at java.security.AccessController.doPrivileged(Native Method) ~[?:1.8.0_332]
	at javax.security.auth.Subject.doAs(Subject.java:422) [?:1.8.0_332]
	at org.apache.hadoop.security.UserGroupInformation.doAs(UserGroupInformation.java:1878) [hadoop-common-3.3.1.jar:?]
	at org.apache.hadoop.ipc.Server$Handler.run(Server.java:2966) [hadoop-common-3.3.1.jar:?]
13:52:13.256 [IPC Server handler 12 on default port 44079] ERROR OMAudit - user=runner | ip=127.0.0.1 | op=GET_FILE_STATUS {volume=7a2722e9-9f29-4dee-b2cc-d58eff375737, bucket=08ec0a17-9e59-4d69-850f-b216d51acfce, key=.Trash, dataSize=0, replicationConfig=null} | ret=FAILURE
org.apache.hadoop.ozone.om.exceptions.OMException: Unable to get file status: volume: 7a2722e9-9f29-4dee-b2cc-d58eff375737 bucket: 08ec0a17-9e59-4d69-850f-b216d51acfce key: .Trash
	at org.apache.hadoop.ozone.om.KeyManagerImpl.getOzoneFileStatus(KeyManagerImpl.java:1311) ~[ozone-manager-1.3.0-SNAPSHOT.jar:?]
	at org.apache.hadoop.ozone.om.KeyManagerImpl.getFileStatus(KeyManagerImpl.java:1241) ~[ozone-manager-1.3.0-SNAPSHOT.jar:?]
	at org.apache.hadoop.ozone.om.OzoneManager.getFileStatus(OzoneManager.java:3468) ~[ozone-manager-1.3.0-SNAPSHOT.jar:?]
	at org.apache.hadoop.ozone.protocolPB.OzoneManagerRequestHandler.getOzoneFileStatus(OzoneManagerRequestHandler.java:882) ~[ozone-manager-1.3.0-SNAPSHOT.jar:?]
	at org.apache.hadoop.ozone.protocolPB.OzoneManagerRequestHandler.handleReadRequest(OzoneManagerRequestHandler.java:228) ~[ozone-manager-1.3.0-SNAPSHOT.jar:?]
	at org.apache.hadoop.ozone.protocolPB.OzoneManagerProtocolServerSideTranslatorPB.submitRequestDirectlyToOM(OzoneManagerProtocolServerSideTranslatorPB.java:276) ~[ozone-manager-1.3.0-SNAPSHOT.jar:?]
	at org.apache.hadoop.ozone.protocolPB.OzoneManagerProtocolServerSideTranslatorPB.processRequest(OzoneManagerProtocolServerSideTranslatorPB.java:205) ~[ozone-manager-1.3.0-SNAPSHOT.jar:?]
	at org.apache.hadoop.hdds.server.OzoneProtocolMessageDispatcher.processRequest(OzoneProtocolMessageDispatcher.java:87) [hdds-server-framework-1.3.0-SNAPSHOT.jar:?]
	at org.apache.hadoop.ozone.protocolPB.OzoneManagerProtocolServerSideTranslatorPB.submitRequest(OzoneManagerProtocolServerSideTranslatorPB.java:147) [ozone-manager-1.3.0-SNAPSHOT.jar:?]
	at org.apache.hadoop.ozone.protocol.proto.OzoneManagerProtocolProtos$OzoneManagerService$2.callBlockingMethod(OzoneManagerProtocolProtos.java) [ozone-interface-client-1.3.0-SNAPSHOT.jar:?]
	at org.apache.hadoop.ipc.ProtobufRpcEngine$Server.processCall(ProtobufRpcEngine.java:466) [hadoop-common-3.3.1.jar:?]
	at org.apache.hadoop.ipc.ProtobufRpcEngine2$Server$ProtoBufRpcInvoker.call(ProtobufRpcEngine2.java:574) [hadoop-common-3.3.1.jar:?]
	at org.apache.hadoop.ipc.ProtobufRpcEngine2$Server$ProtoBufRpcInvoker.call(ProtobufRpcEngine2.java:552) [hadoop-common-3.3.1.jar:?]
	at org.apache.hadoop.ipc.RPC$Server.call(RPC.java:1093) [hadoop-common-3.3.1.jar:?]
	at org.apache.hadoop.ipc.Server$RpcCall.run(Server.java:1035) [hadoop-common-3.3.1.jar:?]
	at org.apache.hadoop.ipc.Server$RpcCall.run(Server.java:963) [hadoop-common-3.3.1.jar:?]
	at java.security.AccessController.doPrivileged(Native Method) ~[?:1.8.0_332]
	at javax.security.auth.Subject.doAs(Subject.java:422) [?:1.8.0_332]
	at org.apache.hadoop.security.UserGroupInformation.doAs(UserGroupInformation.java:1878) [hadoop-common-3.3.1.jar:?]
	at org.apache.hadoop.ipc.Server$Handler.run(Server.java:2966) [hadoop-common-3.3.1.jar:?]
2022-08-09 13:52:13,391 [Time-limited test] INFO  rpc.RpcClient (RpcClient.java:createVolume(468)) - Creating Volume: volume73915, with user62568 as owner and space quota set to -1 bytes, counts quota set to -1
2022-08-09 13:52:13,391 [IPC Server handler 11 on default port 44079] INFO  volume.OMVolumeCreateRequest (OMVolumeCreateRequest.java:validateAndUpdateCache(195)) - created volume:volume73915 for user:user62568
2022-08-09 13:52:13,393 [Time-limited test] INFO  rpc.RpcClient (RpcClient.java:createBucket(671)) - Creating Bucket: volume73915/bucket07338, with bucket layout LEGACY, runner as owner, Versioning false, Storage Type set to DISK and Encryption set to false 
2022-08-09 13:52:13,393 [IPC Server handler 8 on default port 44079] INFO  bucket.OMBucketCreateRequest (OMBucketCreateRequest.java:validateAndUpdateCache(260)) - created bucket: bucket07338 of layout LEGACY in volume: volume73915
13:52:13.415 [IPC Server handler 15 on default port 44079] ERROR OMAudit - user=runner | ip=127.0.0.1 | op=GET_FILE_STATUS {volume=7a2722e9-9f29-4dee-b2cc-d58eff375737, bucket=08ec0a17-9e59-4d69-850f-b216d51acfce, key=.Trash, dataSize=0, replicationConfig=null} | ret=FAILURE
org.apache.hadoop.ozone.om.exceptions.OMException: Unable to get file status: volume: 7a2722e9-9f29-4dee-b2cc-d58eff375737 bucket: 08ec0a17-9e59-4d69-850f-b216d51acfce key: .Trash
	at org.apache.hadoop.ozone.om.KeyManagerImpl.getOzoneFileStatus(KeyManagerImpl.java:1311) ~[ozone-manager-1.3.0-SNAPSHOT.jar:?]
	at org.apache.hadoop.ozone.om.KeyManagerImpl.getFileStatus(KeyManagerImpl.java:1241) ~[ozone-manager-1.3.0-SNAPSHOT.jar:?]
	at org.apache.hadoop.ozone.om.OzoneManager.getFileStatus(OzoneManager.java:3468) ~[ozone-manager-1.3.0-SNAPSHOT.jar:?]
	at org.apache.hadoop.ozone.protocolPB.OzoneManagerRequestHandler.getOzoneFileStatus(OzoneManagerRequestHandler.java:882) ~[ozone-manager-1.3.0-SNAPSHOT.jar:?]
	at org.apache.hadoop.ozone.protocolPB.OzoneManagerRequestHandler.handleReadRequest(OzoneManagerRequestHandler.java:228) ~[ozone-manager-1.3.0-SNAPSHOT.jar:?]
	at org.apache.hadoop.ozone.protocolPB.OzoneManagerProtocolServerSideTranslatorPB.submitRequestDirectlyToOM(OzoneManagerProtocolServerSideTranslatorPB.java:276) ~[ozone-manager-1.3.0-SNAPSHOT.jar:?]
	at org.apache.hadoop.ozone.protocolPB.OzoneManagerProtocolServerSideTranslatorPB.processRequest(OzoneManagerProtocolServerSideTranslatorPB.java:205) ~[ozone-manager-1.3.0-SNAPSHOT.jar:?]
	at org.apache.hadoop.hdds.server.OzoneProtocolMessageDispatcher.processRequest(OzoneProtocolMessageDispatcher.java:87) [hdds-server-framework-1.3.0-SNAPSHOT.jar:?]
	at org.apache.hadoop.ozone.protocolPB.OzoneManagerProtocolServerSideTranslatorPB.submitRequest(OzoneManagerProtocolServerSideTranslatorPB.java:147) [ozone-manager-1.3.0-SNAPSHOT.jar:?]
	at org.apache.hadoop.ozone.protocol.proto.OzoneManagerProtocolProtos$OzoneManagerService$2.callBlockingMethod(OzoneManagerProtocolProtos.java) [ozone-interface-client-1.3.0-SNAPSHOT.jar:?]
	at org.apache.hadoop.ipc.ProtobufRpcEngine$Server.processCall(ProtobufRpcEngine.java:466) [hadoop-common-3.3.1.jar:?]
	at org.apache.hadoop.ipc.ProtobufRpcEngine2$Server$ProtoBufRpcInvoker.call(ProtobufRpcEngine2.java:574) [hadoop-common-3.3.1.jar:?]
	at org.apache.hadoop.ipc.ProtobufRpcEngine2$Server$ProtoBufRpcInvoker.call(ProtobufRpcEngine2.java:552) [hadoop-common-3.3.1.jar:?]
	at org.apache.hadoop.ipc.RPC$Server.call(RPC.java:1093) [hadoop-common-3.3.1.jar:?]
	at org.apache.hadoop.ipc.Server$RpcCall.run(Server.java:1035) [hadoop-common-3.3.1.jar:?]
	at org.apache.hadoop.ipc.Server$RpcCall.run(Server.java:963) [hadoop-common-3.3.1.jar:?]
	at java.security.AccessController.doPrivileged(Native Method) ~[?:1.8.0_332]
	at javax.security.auth.Subject.doAs(Subject.java:422) [?:1.8.0_332]
	at org.apache.hadoop.security.UserGroupInformation.doAs(UserGroupInformation.java:1878) [hadoop-common-3.3.1.jar:?]
	at org.apache.hadoop.ipc.Server$Handler.run(Server.java:2966) [hadoop-common-3.3.1.jar:?]
13:52:13.448 [IPC Server handler 13 on default port 44079] ERROR OMAudit - user=runner | ip=127.0.0.1 | op=GET_FILE_STATUS {volume=7a2722e9-9f29-4dee-b2cc-d58eff375737, bucket=08ec0a17-9e59-4d69-850f-b216d51acfce, key=.Trash, dataSize=0, replicationConfig=null} | ret=FAILURE
org.apache.hadoop.ozone.om.exceptions.OMException: Unable to get file status: volume: 7a2722e9-9f29-4dee-b2cc-d58eff375737 bucket: 08ec0a17-9e59-4d69-850f-b216d51acfce key: .Trash
	at org.apache.hadoop.ozone.om.KeyManagerImpl.getOzoneFileStatus(KeyManagerImpl.java:1311) ~[ozone-manager-1.3.0-SNAPSHOT.jar:?]
	at org.apache.hadoop.ozone.om.KeyManagerImpl.getFileStatus(KeyManagerImpl.java:1241) ~[ozone-manager-1.3.0-SNAPSHOT.jar:?]
	at org.apache.hadoop.ozone.om.OzoneManager.getFileStatus(OzoneManager.java:3468) ~[ozone-manager-1.3.0-SNAPSHOT.jar:?]
	at org.apache.hadoop.ozone.protocolPB.OzoneManagerRequestHandler.getOzoneFileStatus(OzoneManagerRequestHandler.java:882) ~[ozone-manager-1.3.0-SNAPSHOT.jar:?]
	at org.apache.hadoop.ozone.protocolPB.OzoneManagerRequestHandler.handleReadRequest(OzoneManagerRequestHandler.java:228) ~[ozone-manager-1.3.0-SNAPSHOT.jar:?]
	at org.apache.hadoop.ozone.protocolPB.OzoneManagerProtocolServerSideTranslatorPB.submitRequestDirectlyToOM(OzoneManagerProtocolServerSideTranslatorPB.java:276) ~[ozone-manager-1.3.0-SNAPSHOT.jar:?]
	at org.apache.hadoop.ozone.protocolPB.OzoneManagerProtocolServerSideTranslatorPB.processRequest(OzoneManagerProtocolServerSideTranslatorPB.java:205) ~[ozone-manager-1.3.0-SNAPSHOT.jar:?]
	at org.apache.hadoop.hdds.server.OzoneProtocolMessageDispatcher.processRequest(OzoneProtocolMessageDispatcher.java:87) [hdds-server-framework-1.3.0-SNAPSHOT.jar:?]
	at org.apache.hadoop.ozone.protocolPB.OzoneManagerProtocolServerSideTranslatorPB.submitRequest(OzoneManagerProtocolServerSideTranslatorPB.java:147) [ozone-manager-1.3.0-SNAPSHOT.jar:?]
	at org.apache.hadoop.ozone.protocol.proto.OzoneManagerProtocolProtos$OzoneManagerService$2.callBlockingMethod(OzoneManagerProtocolProtos.java) [ozone-interface-client-1.3.0-SNAPSHOT.jar:?]
	at org.apache.hadoop.ipc.ProtobufRpcEngine$Server.processCall(ProtobufRpcEngine.java:466) [hadoop-common-3.3.1.jar:?]
	at org.apache.hadoop.ipc.ProtobufRpcEngine2$Server$ProtoBufRpcInvoker.call(ProtobufRpcEngine2.java:574) [hadoop-common-3.3.1.jar:?]
	at org.apache.hadoop.ipc.ProtobufRpcEngine2$Server$ProtoBufRpcInvoker.call(ProtobufRpcEngine2.java:552) [hadoop-common-3.3.1.jar:?]
	at org.apache.hadoop.ipc.RPC$Server.call(RPC.java:1093) [hadoop-common-3.3.1.jar:?]
	at org.apache.hadoop.ipc.Server$RpcCall.run(Server.java:1035) [hadoop-common-3.3.1.jar:?]
	at org.apache.hadoop.ipc.Server$RpcCall.run(Server.java:963) [hadoop-common-3.3.1.jar:?]
	at java.security.AccessController.doPrivileged(Native Method) ~[?:1.8.0_332]
	at javax.security.auth.Subject.doAs(Subject.java:422) [?:1.8.0_332]
	at org.apache.hadoop.security.UserGroupInformation.doAs(UserGroupInformation.java:1878) [hadoop-common-3.3.1.jar:?]
	at org.apache.hadoop.ipc.Server$Handler.run(Server.java:2966) [hadoop-common-3.3.1.jar:?]
13:52:13.546 [IPC Server handler 13 on default port 44079] ERROR OMAudit - user=runner | ip=127.0.0.1 | op=GET_FILE_STATUS {volume=volume73915, bucket=bucket07338, key=.Trash/runner, dataSize=0, replicationConfig=null} | ret=FAILURE
org.apache.hadoop.ozone.om.exceptions.OMException: Unable to get file status: volume: volume73915 bucket: bucket07338 key: .Trash/runner
	at org.apache.hadoop.ozone.om.KeyManagerImpl.getOzoneFileStatus(KeyManagerImpl.java:1311) ~[ozone-manager-1.3.0-SNAPSHOT.jar:?]
	at org.apache.hadoop.ozone.om.KeyManagerImpl.getFileStatus(KeyManagerImpl.java:1241) ~[ozone-manager-1.3.0-SNAPSHOT.jar:?]
	at org.apache.hadoop.ozone.om.OzoneManager.getFileStatus(OzoneManager.java:3468) ~[ozone-manager-1.3.0-SNAPSHOT.jar:?]
	at org.apache.hadoop.ozone.protocolPB.OzoneManagerRequestHandler.getOzoneFileStatus(OzoneManagerRequestHandler.java:882) ~[ozone-manager-1.3.0-SNAPSHOT.jar:?]
	at org.apache.hadoop.ozone.protocolPB.OzoneManagerRequestHandler.handleReadRequest(OzoneManagerRequestHandler.java:228) ~[ozone-manager-1.3.0-SNAPSHOT.jar:?]
	at org.apache.hadoop.ozone.protocolPB.OzoneManagerProtocolServerSideTranslatorPB.submitRequestDirectlyToOM(OzoneManagerProtocolServerSideTranslatorPB.java:276) ~[ozone-manager-1.3.0-SNAPSHOT.jar:?]
	at org.apache.hadoop.ozone.protocolPB.OzoneManagerProtocolServerSideTranslatorPB.processRequest(OzoneManagerProtocolServerSideTranslatorPB.java:205) ~[ozone-manager-1.3.0-SNAPSHOT.jar:?]
	at org.apache.hadoop.hdds.server.OzoneProtocolMessageDispatcher.processRequest(OzoneProtocolMessageDispatcher.java:87) [hdds-server-framework-1.3.0-SNAPSHOT.jar:?]
	at org.apache.hadoop.ozone.protocolPB.OzoneManagerProtocolServerSideTranslatorPB.submitRequest(OzoneManagerProtocolServerSideTranslatorPB.java:147) [ozone-manager-1.3.0-SNAPSHOT.jar:?]
	at org.apache.hadoop.ozone.protocol.proto.OzoneManagerProtocolProtos$OzoneManagerService$2.callBlockingMethod(OzoneManagerProtocolProtos.java) [ozone-interface-client-1.3.0-SNAPSHOT.jar:?]
	at org.apache.hadoop.ipc.ProtobufRpcEngine$Server.processCall(ProtobufRpcEngine.java:466) [hadoop-common-3.3.1.jar:?]
	at org.apache.hadoop.ipc.ProtobufRpcEngine2$Server$ProtoBufRpcInvoker.call(ProtobufRpcEngine2.java:574) [hadoop-common-3.3.1.jar:?]
	at org.apache.hadoop.ipc.ProtobufRpcEngine2$Server$ProtoBufRpcInvoker.call(ProtobufRpcEngine2.java:552) [hadoop-common-3.3.1.jar:?]
	at org.apache.hadoop.ipc.RPC$Server.call(RPC.java:1093) [hadoop-common-3.3.1.jar:?]
	at org.apache.hadoop.ipc.Server$RpcCall.run(Server.java:1035) [hadoop-common-3.3.1.jar:?]
	at org.apache.hadoop.ipc.Server$RpcCall.run(Server.java:963) [hadoop-common-3.3.1.jar:?]
	at java.security.AccessController.doPrivileged(Native Method) ~[?:1.8.0_332]
	at javax.security.auth.Subject.doAs(Subject.java:422) [?:1.8.0_332]
	at org.apache.hadoop.security.UserGroupInformation.doAs(UserGroupInformation.java:1878) [hadoop-common-3.3.1.jar:?]
	at org.apache.hadoop.ipc.Server$Handler.run(Server.java:2966) [hadoop-common-3.3.1.jar:?]
13:52:13.593 [IPC Server handler 11 on default port 44079] ERROR OMAudit - user=runner | ip=127.0.0.1 | op=GET_FILE_STATUS {volume=7a2722e9-9f29-4dee-b2cc-d58eff375737, bucket=08ec0a17-9e59-4d69-850f-b216d51acfce, key=.Trash, dataSize=0, replicationConfig=null} | ret=FAILURE
org.apache.hadoop.ozone.om.exceptions.OMException: Unable to get file status: volume: 7a2722e9-9f29-4dee-b2cc-d58eff375737 bucket: 08ec0a17-9e59-4d69-850f-b216d51acfce key: .Trash
	at org.apache.hadoop.ozone.om.KeyManagerImpl.getOzoneFileStatus(KeyManagerImpl.java:1311) ~[ozone-manager-1.3.0-SNAPSHOT.jar:?]
	at org.apache.hadoop.ozone.om.KeyManagerImpl.getFileStatus(KeyManagerImpl.java:1241) ~[ozone-manager-1.3.0-SNAPSHOT.jar:?]
	at org.apache.hadoop.ozone.om.OzoneManager.getFileStatus(OzoneManager.java:3468) ~[ozone-manager-1.3.0-SNAPSHOT.jar:?]
	at org.apache.hadoop.ozone.protocolPB.OzoneManagerRequestHandler.getOzoneFileStatus(OzoneManagerRequestHandler.java:882) ~[ozone-manager-1.3.0-SNAPSHOT.jar:?]
	at org.apache.hadoop.ozone.protocolPB.OzoneManagerRequestHandler.handleReadRequest(OzoneManagerRequestHandler.java:228) ~[ozone-manager-1.3.0-SNAPSHOT.jar:?]
	at org.apache.hadoop.ozone.protocolPB.OzoneManagerProtocolServerSideTranslatorPB.submitRequestDirectlyToOM(OzoneManagerProtocolServerSideTranslatorPB.java:276) ~[ozone-manager-1.3.0-SNAPSHOT.jar:?]
	at org.apache.hadoop.ozone.protocolPB.OzoneManagerProtocolServerSideTranslatorPB.processRequest(OzoneManagerProtocolServerSideTranslatorPB.java:205) ~[ozone-manager-1.3.0-SNAPSHOT.jar:?]
	at org.apache.hadoop.hdds.server.OzoneProtocolMessageDispatcher.processRequest(OzoneProtocolMessageDispatcher.java:87) [hdds-server-framework-1.3.0-SNAPSHOT.jar:?]
	at org.apache.hadoop.ozone.protocolPB.OzoneManagerProtocolServerSideTranslatorPB.submitRequest(OzoneManagerProtocolServerSideTranslatorPB.java:147) [ozone-manager-1.3.0-SNAPSHOT.jar:?]
	at org.apache.hadoop.ozone.protocol.proto.OzoneManagerProtocolProtos$OzoneManagerService$2.callBlockingMethod(OzoneManagerProtocolProtos.java) [ozone-interface-client-1.3.0-SNAPSHOT.jar:?]
	at org.apache.hadoop.ipc.ProtobufRpcEngine$Server.processCall(ProtobufRpcEngine.java:466) [hadoop-common-3.3.1.jar:?]
	at org.apache.hadoop.ipc.ProtobufRpcEngine2$Server$ProtoBufRpcInvoker.call(ProtobufRpcEngine2.java:574) [hadoop-common-3.3.1.jar:?]
	at org.apache.hadoop.ipc.ProtobufRpcEngine2$Server$ProtoBufRpcInvoker.call(ProtobufRpcEngine2.java:552) [hadoop-common-3.3.1.jar:?]
	at org.apache.hadoop.ipc.RPC$Server.call(RPC.java:1093) [hadoop-common-3.3.1.jar:?]
	at org.apache.hadoop.ipc.Server$RpcCall.run(Server.java:1035) [hadoop-common-3.3.1.jar:?]
	at org.apache.hadoop.ipc.Server$RpcCall.run(Server.java:963) [hadoop-common-3.3.1.jar:?]
	at java.security.AccessController.doPrivileged(Native Method) ~[?:1.8.0_332]
	at javax.security.auth.Subject.doAs(Subject.java:422) [?:1.8.0_332]
	at org.apache.hadoop.security.UserGroupInformation.doAs(UserGroupInformation.java:1878) [hadoop-common-3.3.1.jar:?]
	at org.apache.hadoop.ipc.Server$Handler.run(Server.java:2966) [hadoop-common-3.3.1.jar:?]
13:52:13.614 [IPC Server handler 17 on default port 44079] ERROR OMAudit - user=runner | ip=127.0.0.1 | op=GET_FILE_STATUS {volume=volume73915, bucket=bucket07338, key=.Trash, dataSize=0, replicationConfig=null} | ret=FAILURE
org.apache.hadoop.ozone.om.exceptions.OMException: Unable to get file status: volume: volume73915 bucket: bucket07338 key: .Trash
	at org.apache.hadoop.ozone.om.KeyManagerImpl.getOzoneFileStatus(KeyManagerImpl.java:1311) ~[ozone-manager-1.3.0-SNAPSHOT.jar:?]
	at org.apache.hadoop.ozone.om.KeyManagerImpl.getFileStatus(KeyManagerImpl.java:1241) ~[ozone-manager-1.3.0-SNAPSHOT.jar:?]
	at org.apache.hadoop.ozone.om.OzoneManager.getFileStatus(OzoneManager.java:3468) ~[ozone-manager-1.3.0-SNAPSHOT.jar:?]
	at org.apache.hadoop.ozone.protocolPB.OzoneManagerRequestHandler.getOzoneFileStatus(OzoneManagerRequestHandler.java:882) ~[ozone-manager-1.3.0-SNAPSHOT.jar:?]
	at org.apache.hadoop.ozone.protocolPB.OzoneManagerRequestHandler.handleReadRequest(OzoneManagerRequestHandler.java:228) ~[ozone-manager-1.3.0-SNAPSHOT.jar:?]
	at org.apache.hadoop.ozone.protocolPB.OzoneManagerProtocolServerSideTranslatorPB.submitRequestDirectlyToOM(OzoneManagerProtocolServerSideTranslatorPB.java:276) ~[ozone-manager-1.3.0-SNAPSHOT.jar:?]
	at org.apache.hadoop.ozone.protocolPB.OzoneManagerProtocolServerSideTranslatorPB.processRequest(OzoneManagerProtocolServerSideTranslatorPB.java:205) ~[ozone-manager-1.3.0-SNAPSHOT.jar:?]
	at org.apache.hadoop.hdds.server.OzoneProtocolMessageDispatcher.processRequest(OzoneProtocolMessageDispatcher.java:87) [hdds-server-framework-1.3.0-SNAPSHOT.jar:?]
	at org.apache.hadoop.ozone.protocolPB.OzoneManagerProtocolServerSideTranslatorPB.submitRequest(OzoneManagerProtocolServerSideTranslatorPB.java:147) [ozone-manager-1.3.0-SNAPSHOT.jar:?]
	at org.apache.hadoop.ozone.protocol.proto.OzoneManagerProtocolProtos$OzoneManagerService$2.callBlockingMethod(OzoneManagerProtocolProtos.java) [ozone-interface-client-1.3.0-SNAPSHOT.jar:?]
	at org.apache.hadoop.ipc.ProtobufRpcEngine$Server.processCall(ProtobufRpcEngine.java:466) [hadoop-common-3.3.1.jar:?]
	at org.apache.hadoop.ipc.ProtobufRpcEngine2$Server$ProtoBufRpcInvoker.call(ProtobufRpcEngine2.java:574) [hadoop-common-3.3.1.jar:?]
	at org.apache.hadoop.ipc.ProtobufRpcEngine2$Server$ProtoBufRpcInvoker.call(ProtobufRpcEngine2.java:552) [hadoop-common-3.3.1.jar:?]
	at org.apache.hadoop.ipc.RPC$Server.call(RPC.java:1093) [hadoop-common-3.3.1.jar:?]
	at org.apache.hadoop.ipc.Server$RpcCall.run(Server.java:1035) [hadoop-common-3.3.1.jar:?]
	at org.apache.hadoop.ipc.Server$RpcCall.run(Server.java:963) [hadoop-common-3.3.1.jar:?]
	at java.security.AccessController.doPrivileged(Native Method) ~[?:1.8.0_332]
	at javax.security.auth.Subject.doAs(Subject.java:422) [?:1.8.0_332]
	at org.apache.hadoop.security.UserGroupInformation.doAs(UserGroupInformation.java:1878) [hadoop-common-3.3.1.jar:?]
	at org.apache.hadoop.ipc.Server$Handler.run(Server.java:2966) [hadoop-common-3.3.1.jar:?]
13:52:13.624 [IPC Server handler 5 on default port 44079] ERROR OMAudit - user=runner | ip=127.0.0.1 | op=GET_FILE_STATUS {volume=volume35167, bucket=trashroottest2, key=.Trash/runner, dataSize=0, replicationConfig=null} | ret=FAILURE
org.apache.hadoop.ozone.om.exceptions.OMException: Unable to get file status: volume: volume35167 bucket: trashroottest2 key: .Trash/runner
	at org.apache.hadoop.ozone.om.KeyManagerImpl.getOzoneFileStatus(KeyManagerImpl.java:1311) ~[ozone-manager-1.3.0-SNAPSHOT.jar:?]
	at org.apache.hadoop.ozone.om.KeyManagerImpl.getFileStatus(KeyManagerImpl.java:1241) ~[ozone-manager-1.3.0-SNAPSHOT.jar:?]
	at org.apache.hadoop.ozone.om.OzoneManager.getFileStatus(OzoneManager.java:3468) ~[ozone-manager-1.3.0-SNAPSHOT.jar:?]
	at org.apache.hadoop.ozone.protocolPB.OzoneManagerRequestHandler.getOzoneFileStatus(OzoneManagerRequestHandler.java:882) ~[ozone-manager-1.3.0-SNAPSHOT.jar:?]
	at org.apache.hadoop.ozone.protocolPB.OzoneManagerRequestHandler.handleReadRequest(OzoneManagerRequestHandler.java:228) ~[ozone-manager-1.3.0-SNAPSHOT.jar:?]
	at org.apache.hadoop.ozone.protocolPB.OzoneManagerProtocolServerSideTranslatorPB.submitRequestDirectlyToOM(OzoneManagerProtocolServerSideTranslatorPB.java:276) ~[ozone-manager-1.3.0-SNAPSHOT.jar:?]
	at org.apache.hadoop.ozone.protocolPB.OzoneManagerProtocolServerSideTranslatorPB.processRequest(OzoneManagerProtocolServerSideTranslatorPB.java:205) ~[ozone-manager-1.3.0-SNAPSHOT.jar:?]
	at org.apache.hadoop.hdds.server.OzoneProtocolMessageDispatcher.processRequest(OzoneProtocolMessageDispatcher.java:87) [hdds-server-framework-1.3.0-SNAPSHOT.jar:?]
	at org.apache.hadoop.ozone.protocolPB.OzoneManagerProtocolServerSideTranslatorPB.submitRequest(OzoneManagerProtocolServerSideTranslatorPB.java:147) [ozone-manager-1.3.0-SNAPSHOT.jar:?]
	at org.apache.hadoop.ozone.protocol.proto.OzoneManagerProtocolProtos$OzoneManagerService$2.callBlockingMethod(OzoneManagerProtocolProtos.java) [ozone-interface-client-1.3.0-SNAPSHOT.jar:?]
	at org.apache.hadoop.ipc.ProtobufRpcEngine$Server.processCall(ProtobufRpcEngine.java:466) [hadoop-common-3.3.1.jar:?]
	at org.apache.hadoop.ipc.ProtobufRpcEngine2$Server$ProtoBufRpcInvoker.call(ProtobufRpcEngine2.java:574) [hadoop-common-3.3.1.jar:?]
	at org.apache.hadoop.ipc.ProtobufRpcEngine2$Server$ProtoBufRpcInvoker.call(ProtobufRpcEngine2.java:552) [hadoop-common-3.3.1.jar:?]
	at org.apache.hadoop.ipc.RPC$Server.call(RPC.java:1093) [hadoop-common-3.3.1.jar:?]
	at org.apache.hadoop.ipc.Server$RpcCall.run(Server.java:1035) [hadoop-common-3.3.1.jar:?]
	at org.apache.hadoop.ipc.Server$RpcCall.run(Server.java:963) [hadoop-common-3.3.1.jar:?]
	at java.security.AccessController.doPrivileged(Native Method) ~[?:1.8.0_332]
	at javax.security.auth.Subject.doAs(Subject.java:422) [?:1.8.0_332]
	at org.apache.hadoop.security.UserGroupInformation.doAs(UserGroupInformation.java:1878) [hadoop-common-3.3.1.jar:?]
	at org.apache.hadoop.ipc.Server$Handler.run(Server.java:2966) [hadoop-common-3.3.1.jar:?]
13:52:13.625 [IPC Server handler 18 on default port 44079] ERROR OMAudit - user=runner | ip=127.0.0.1 | op=GET_FILE_STATUS {volume=volume73915, bucket=bucket07338, key=.Trash/runner, dataSize=0, replicationConfig=null} | ret=FAILURE
org.apache.hadoop.ozone.om.exceptions.OMException: Unable to get file status: volume: volume73915 bucket: bucket07338 key: .Trash/runner
	at org.apache.hadoop.ozone.om.KeyManagerImpl.getOzoneFileStatus(KeyManagerImpl.java:1311) ~[ozone-manager-1.3.0-SNAPSHOT.jar:?]
	at org.apache.hadoop.ozone.om.KeyManagerImpl.getFileStatus(KeyManagerImpl.java:1241) ~[ozone-manager-1.3.0-SNAPSHOT.jar:?]
	at org.apache.hadoop.ozone.om.OzoneManager.getFileStatus(OzoneManager.java:3468) ~[ozone-manager-1.3.0-SNAPSHOT.jar:?]
	at org.apache.hadoop.ozone.protocolPB.OzoneManagerRequestHandler.getOzoneFileStatus(OzoneManagerRequestHandler.java:882) ~[ozone-manager-1.3.0-SNAPSHOT.jar:?]
	at org.apache.hadoop.ozone.protocolPB.OzoneManagerRequestHandler.handleReadRequest(OzoneManagerRequestHandler.java:228) ~[ozone-manager-1.3.0-SNAPSHOT.jar:?]
	at org.apache.hadoop.ozone.protocolPB.OzoneManagerProtocolServerSideTranslatorPB.submitRequestDirectlyToOM(OzoneManagerProtocolServerSideTranslatorPB.java:276) ~[ozone-manager-1.3.0-SNAPSHOT.jar:?]
	at org.apache.hadoop.ozone.protocolPB.OzoneManagerProtocolServerSideTranslatorPB.processRequest(OzoneManagerProtocolServerSideTranslatorPB.java:205) ~[ozone-manager-1.3.0-SNAPSHOT.jar:?]
	at org.apache.hadoop.hdds.server.OzoneProtocolMessageDispatcher.processRequest(OzoneProtocolMessageDispatcher.java:87) [hdds-server-framework-1.3.0-SNAPSHOT.jar:?]
	at org.apache.hadoop.ozone.protocolPB.OzoneManagerProtocolServerSideTranslatorPB.submitRequest(OzoneManagerProtocolServerSideTranslatorPB.java:147) [ozone-manager-1.3.0-SNAPSHOT.jar:?]
	at org.apache.hadoop.ozone.protocol.proto.OzoneManagerProtocolProtos$OzoneManagerService$2.callBlockingMethod(OzoneManagerProtocolProtos.java) [ozone-interface-client-1.3.0-SNAPSHOT.jar:?]
	at org.apache.hadoop.ipc.ProtobufRpcEngine$Server.processCall(ProtobufRpcEngine.java:466) [hadoop-common-3.3.1.jar:?]
	at org.apache.hadoop.ipc.ProtobufRpcEngine2$Server$ProtoBufRpcInvoker.call(ProtobufRpcEngine2.java:574) [hadoop-common-3.3.1.jar:?]
	at org.apache.hadoop.ipc.ProtobufRpcEngine2$Server$ProtoBufRpcInvoker.call(ProtobufRpcEngine2.java:552) [hadoop-common-3.3.1.jar:?]
	at org.apache.hadoop.ipc.RPC$Server.call(RPC.java:1093) [hadoop-common-3.3.1.jar:?]
	at org.apache.hadoop.ipc.Server$RpcCall.run(Server.java:1035) [hadoop-common-3.3.1.jar:?]
	at org.apache.hadoop.ipc.Server$RpcCall.run(Server.java:963) [hadoop-common-3.3.1.jar:?]
	at java.security.AccessController.doPrivileged(Native Method) ~[?:1.8.0_332]
	at javax.security.auth.Subject.doAs(Subject.java:422) [?:1.8.0_332]
	at org.apache.hadoop.security.UserGroupInformation.doAs(UserGroupInformation.java:1878) [hadoop-common-3.3.1.jar:?]
	at org.apache.hadoop.ipc.Server$Handler.run(Server.java:2966) [hadoop-common-3.3.1.jar:?]
13:52:13.627 [IPC Server handler 15 on default port 44079] ERROR OMAudit - user=runner | ip=127.0.0.1 | op=GET_FILE_STATUS {volume=7a2722e9-9f29-4dee-b2cc-d58eff375737, bucket=08ec0a17-9e59-4d69-850f-b216d51acfce, key=.Trash, dataSize=0, replicationConfig=null} | ret=FAILURE
org.apache.hadoop.ozone.om.exceptions.OMException: Unable to get file status: volume: 7a2722e9-9f29-4dee-b2cc-d58eff375737 bucket: 08ec0a17-9e59-4d69-850f-b216d51acfce key: .Trash
	at org.apache.hadoop.ozone.om.KeyManagerImpl.getOzoneFileStatus(KeyManagerImpl.java:1311) ~[ozone-manager-1.3.0-SNAPSHOT.jar:?]
	at org.apache.hadoop.ozone.om.KeyManagerImpl.getFileStatus(KeyManagerImpl.java:1241) ~[ozone-manager-1.3.0-SNAPSHOT.jar:?]
	at org.apache.hadoop.ozone.om.OzoneManager.getFileStatus(OzoneManager.java:3468) ~[ozone-manager-1.3.0-SNAPSHOT.jar:?]
	at org.apache.hadoop.ozone.protocolPB.OzoneManagerRequestHandler.getOzoneFileStatus(OzoneManagerRequestHandler.java:882) ~[ozone-manager-1.3.0-SNAPSHOT.jar:?]
	at org.apache.hadoop.ozone.protocolPB.OzoneManagerRequestHandler.handleReadRequest(OzoneManagerRequestHandler.java:228) ~[ozone-manager-1.3.0-SNAPSHOT.jar:?]
	at org.apache.hadoop.ozone.protocolPB.OzoneManagerProtocolServerSideTranslatorPB.submitRequestDirectlyToOM(OzoneManagerProtocolServerSideTranslatorPB.java:276) ~[ozone-manager-1.3.0-SNAPSHOT.jar:?]
	at org.apache.hadoop.ozone.protocolPB.OzoneManagerProtocolServerSideTranslatorPB.processRequest(OzoneManagerProtocolServerSideTranslatorPB.java:205) ~[ozone-manager-1.3.0-SNAPSHOT.jar:?]
	at org.apache.hadoop.hdds.server.OzoneProtocolMessageDispatcher.processRequest(OzoneProtocolMessageDispatcher.java:87) [hdds-server-framework-1.3.0-SNAPSHOT.jar:?]
	at org.apache.hadoop.ozone.protocolPB.OzoneManagerProtocolServerSideTranslatorPB.submitRequest(OzoneManagerProtocolServerSideTranslatorPB.java:147) [ozone-manager-1.3.0-SNAPSHOT.jar:?]
	at org.apache.hadoop.ozone.protocol.proto.OzoneManagerProtocolProtos$OzoneManagerService$2.callBlockingMethod(OzoneManagerProtocolProtos.java) [ozone-interface-client-1.3.0-SNAPSHOT.jar:?]
	at org.apache.hadoop.ipc.ProtobufRpcEngine$Server.processCall(ProtobufRpcEngine.java:466) [hadoop-common-3.3.1.jar:?]
	at org.apache.hadoop.ipc.ProtobufRpcEngine2$Server$ProtoBufRpcInvoker.call(ProtobufRpcEngine2.java:574) [hadoop-common-3.3.1.jar:?]
	at org.apache.hadoop.ipc.ProtobufRpcEngine2$Server$ProtoBufRpcInvoker.call(ProtobufRpcEngine2.java:552) [hadoop-common-3.3.1.jar:?]
	at org.apache.hadoop.ipc.RPC$Server.call(RPC.java:1093) [hadoop-common-3.3.1.jar:?]
	at org.apache.hadoop.ipc.Server$RpcCall.run(Server.java:1035) [hadoop-common-3.3.1.jar:?]
	at org.apache.hadoop.ipc.Server$RpcCall.run(Server.java:963) [hadoop-common-3.3.1.jar:?]
	at java.security.AccessController.doPrivileged(Native Method) ~[?:1.8.0_332]
	at javax.security.auth.Subject.doAs(Subject.java:422) [?:1.8.0_332]
	at org.apache.hadoop.security.UserGroupInformation.doAs(UserGroupInformation.java:1878) [hadoop-common-3.3.1.jar:?]
	at org.apache.hadoop.ipc.Server$Handler.run(Server.java:2966) [hadoop-common-3.3.1.jar:?]
13:52:13.661 [IPC Server handler 4 on default port 44079] ERROR OMAudit - user=runner | ip=127.0.0.1 | op=GET_FILE_STATUS {volume=volume35167, bucket=trashroottest2, key=.Trash, dataSize=0, replicationConfig=null} | ret=FAILURE
org.apache.hadoop.ozone.om.exceptions.OMException: Unable to get file status: volume: volume35167 bucket: trashroottest2 key: .Trash
	at org.apache.hadoop.ozone.om.KeyManagerImpl.getOzoneFileStatus(KeyManagerImpl.java:1311) ~[ozone-manager-1.3.0-SNAPSHOT.jar:?]
	at org.apache.hadoop.ozone.om.KeyManagerImpl.getFileStatus(KeyManagerImpl.java:1241) ~[ozone-manager-1.3.0-SNAPSHOT.jar:?]
	at org.apache.hadoop.ozone.om.OzoneManager.getFileStatus(OzoneManager.java:3468) ~[ozone-manager-1.3.0-SNAPSHOT.jar:?]
	at org.apache.hadoop.ozone.protocolPB.OzoneManagerRequestHandler.getOzoneFileStatus(OzoneManagerRequestHandler.java:882) ~[ozone-manager-1.3.0-SNAPSHOT.jar:?]
	at org.apache.hadoop.ozone.protocolPB.OzoneManagerRequestHandler.handleReadRequest(OzoneManagerRequestHandler.java:228) ~[ozone-manager-1.3.0-SNAPSHOT.jar:?]
	at org.apache.hadoop.ozone.protocolPB.OzoneManagerProtocolServerSideTranslatorPB.submitRequestDirectlyToOM(OzoneManagerProtocolServerSideTranslatorPB.java:276) ~[ozone-manager-1.3.0-SNAPSHOT.jar:?]
	at org.apache.hadoop.ozone.protocolPB.OzoneManagerProtocolServerSideTranslatorPB.processRequest(OzoneManagerProtocolServerSideTranslatorPB.java:205) ~[ozone-manager-1.3.0-SNAPSHOT.jar:?]
	at org.apache.hadoop.hdds.server.OzoneProtocolMessageDispatcher.processRequest(OzoneProtocolMessageDispatcher.java:87) [hdds-server-framework-1.3.0-SNAPSHOT.jar:?]
	at org.apache.hadoop.ozone.protocolPB.OzoneManagerProtocolServerSideTranslatorPB.submitRequest(OzoneManagerProtocolServerSideTranslatorPB.java:147) [ozone-manager-1.3.0-SNAPSHOT.jar:?]
	at org.apache.hadoop.ozone.protocol.proto.OzoneManagerProtocolProtos$OzoneManagerService$2.callBlockingMethod(OzoneManagerProtocolProtos.java) [ozone-interface-client-1.3.0-SNAPSHOT.jar:?]
	at org.apache.hadoop.ipc.ProtobufRpcEngine$Server.processCall(ProtobufRpcEngine.java:466) [hadoop-common-3.3.1.jar:?]
	at org.apache.hadoop.ipc.ProtobufRpcEngine2$Server$ProtoBufRpcInvoker.call(ProtobufRpcEngine2.java:574) [hadoop-common-3.3.1.jar:?]
	at org.apache.hadoop.ipc.ProtobufRpcEngine2$Server$ProtoBufRpcInvoker.call(ProtobufRpcEngine2.java:552) [hadoop-common-3.3.1.jar:?]
	at org.apache.hadoop.ipc.RPC$Server.call(RPC.java:1093) [hadoop-common-3.3.1.jar:?]
	at org.apache.hadoop.ipc.Server$RpcCall.run(Server.java:1035) [hadoop-common-3.3.1.jar:?]
	at org.apache.hadoop.ipc.Server$RpcCall.run(Server.java:963) [hadoop-common-3.3.1.jar:?]
	at java.security.AccessController.doPrivileged(Native Method) ~[?:1.8.0_332]
	at javax.security.auth.Subject.doAs(Subject.java:422) [?:1.8.0_332]
	at org.apache.hadoop.security.UserGroupInformation.doAs(UserGroupInformation.java:1878) [hadoop-common-3.3.1.jar:?]
	at org.apache.hadoop.ipc.Server$Handler.run(Server.java:2966) [hadoop-common-3.3.1.jar:?]
13:52:13.685 [IPC Server handler 7 on default port 44079] ERROR OMAudit - user=runner | ip=127.0.0.1 | op=GET_FILE_STATUS {volume=volume73915, bucket=bucket07338, key=.Trash, dataSize=0, replicationConfig=null} | ret=FAILURE
org.apache.hadoop.ozone.om.exceptions.OMException: Unable to get file status: volume: volume73915 bucket: bucket07338 key: .Trash
	at org.apache.hadoop.ozone.om.KeyManagerImpl.getOzoneFileStatus(KeyManagerImpl.java:1311) ~[ozone-manager-1.3.0-SNAPSHOT.jar:?]
	at org.apache.hadoop.ozone.om.KeyManagerImpl.getFileStatus(KeyManagerImpl.java:1241) ~[ozone-manager-1.3.0-SNAPSHOT.jar:?]
	at org.apache.hadoop.ozone.om.OzoneManager.getFileStatus(OzoneManager.java:3468) ~[ozone-manager-1.3.0-SNAPSHOT.jar:?]
	at org.apache.hadoop.ozone.protocolPB.OzoneManagerRequestHandler.getOzoneFileStatus(OzoneManagerRequestHandler.java:882) ~[ozone-manager-1.3.0-SNAPSHOT.jar:?]
	at org.apache.hadoop.ozone.protocolPB.OzoneManagerRequestHandler.handleReadRequest(OzoneManagerRequestHandler.java:228) ~[ozone-manager-1.3.0-SNAPSHOT.jar:?]
	at org.apache.hadoop.ozone.protocolPB.OzoneManagerProtocolServerSideTranslatorPB.submitRequestDirectlyToOM(OzoneManagerProtocolServerSideTranslatorPB.java:276) ~[ozone-manager-1.3.0-SNAPSHOT.jar:?]
	at org.apache.hadoop.ozone.protocolPB.OzoneManagerProtocolServerSideTranslatorPB.processRequest(OzoneManagerProtocolServerSideTranslatorPB.java:205) ~[ozone-manager-1.3.0-SNAPSHOT.jar:?]
	at org.apache.hadoop.hdds.server.OzoneProtocolMessageDispatcher.processRequest(OzoneProtocolMessageDispatcher.java:87) [hdds-server-framework-1.3.0-SNAPSHOT.jar:?]
	at org.apache.hadoop.ozone.protocolPB.OzoneManagerProtocolServerSideTranslatorPB.submitRequest(OzoneManagerProtocolServerSideTranslatorPB.java:147) [ozone-manager-1.3.0-SNAPSHOT.jar:?]
	at org.apache.hadoop.ozone.protocol.proto.OzoneManagerProtocolProtos$OzoneManagerService$2.callBlockingMethod(OzoneManagerProtocolProtos.java) [ozone-interface-client-1.3.0-SNAPSHOT.jar:?]
	at org.apache.hadoop.ipc.ProtobufRpcEngine$Server.processCall(ProtobufRpcEngine.java:466) [hadoop-common-3.3.1.jar:?]
	at org.apache.hadoop.ipc.ProtobufRpcEngine2$Server$ProtoBufRpcInvoker.call(ProtobufRpcEngine2.java:574) [hadoop-common-3.3.1.jar:?]
	at org.apache.hadoop.ipc.ProtobufRpcEngine2$Server$ProtoBufRpcInvoker.call(ProtobufRpcEngine2.java:552) [hadoop-common-3.3.1.jar:?]
	at org.apache.hadoop.ipc.RPC$Server.call(RPC.java:1093) [hadoop-common-3.3.1.jar:?]
	at org.apache.hadoop.ipc.Server$RpcCall.run(Server.java:1035) [hadoop-common-3.3.1.jar:?]
	at org.apache.hadoop.ipc.Server$RpcCall.run(Server.java:963) [hadoop-common-3.3.1.jar:?]
	at java.security.AccessController.doPrivileged(Native Method) ~[?:1.8.0_332]
	at javax.security.auth.Subject.doAs(Subject.java:422) [?:1.8.0_332]
	at org.apache.hadoop.security.UserGroupInformation.doAs(UserGroupInformation.java:1878) [hadoop-common-3.3.1.jar:?]
	at org.apache.hadoop.ipc.Server$Handler.run(Server.java:2966) [hadoop-common-3.3.1.jar:?]
13:52:13.711 [IPC Server handler 14 on default port 44079] ERROR OMAudit - user=runner | ip=127.0.0.1 | op=GET_FILE_STATUS {volume=volume35167, bucket=trashroottest2, key=.Trash/runner, dataSize=0, replicationConfig=null} | ret=FAILURE
org.apache.hadoop.ozone.om.exceptions.OMException: Unable to get file status: volume: volume35167 bucket: trashroottest2 key: .Trash/runner
	at org.apache.hadoop.ozone.om.KeyManagerImpl.getOzoneFileStatus(KeyManagerImpl.java:1311) ~[ozone-manager-1.3.0-SNAPSHOT.jar:?]
	at org.apache.hadoop.ozone.om.KeyManagerImpl.getFileStatus(KeyManagerImpl.java:1241) ~[ozone-manager-1.3.0-SNAPSHOT.jar:?]
	at org.apache.hadoop.ozone.om.OzoneManager.getFileStatus(OzoneManager.java:3468) ~[ozone-manager-1.3.0-SNAPSHOT.jar:?]
	at org.apache.hadoop.ozone.protocolPB.OzoneManagerRequestHandler.getOzoneFileStatus(OzoneManagerRequestHandler.java:882) ~[ozone-manager-1.3.0-SNAPSHOT.jar:?]
	at org.apache.hadoop.ozone.protocolPB.OzoneManagerRequestHandler.handleReadRequest(OzoneManagerRequestHandler.java:228) ~[ozone-manager-1.3.0-SNAPSHOT.jar:?]
	at org.apache.hadoop.ozone.protocolPB.OzoneManagerProtocolServerSideTranslatorPB.submitRequestDirectlyToOM(OzoneManagerProtocolServerSideTranslatorPB.java:276) ~[ozone-manager-1.3.0-SNAPSHOT.jar:?]
	at org.apache.hadoop.ozone.protocolPB.OzoneManagerProtocolServerSideTranslatorPB.processRequest(OzoneManagerProtocolServerSideTranslatorPB.java:205) ~[ozone-manager-1.3.0-SNAPSHOT.jar:?]
	at org.apache.hadoop.hdds.server.OzoneProtocolMessageDispatcher.processRequest(OzoneProtocolMessageDispatcher.java:87) [hdds-server-framework-1.3.0-SNAPSHOT.jar:?]
	at org.apache.hadoop.ozone.protocolPB.OzoneManagerProtocolServerSideTranslatorPB.submitRequest(OzoneManagerProtocolServerSideTranslatorPB.java:147) [ozone-manager-1.3.0-SNAPSHOT.jar:?]
	at org.apache.hadoop.ozone.protocol.proto.OzoneManagerProtocolProtos$OzoneManagerService$2.callBlockingMethod(OzoneManagerProtocolProtos.java) [ozone-interface-client-1.3.0-SNAPSHOT.jar:?]
	at org.apache.hadoop.ipc.ProtobufRpcEngine$Server.processCall(ProtobufRpcEngine.java:466) [hadoop-common-3.3.1.jar:?]
	at org.apache.hadoop.ipc.ProtobufRpcEngine2$Server$ProtoBufRpcInvoker.call(ProtobufRpcEngine2.java:574) [hadoop-common-3.3.1.jar:?]
	at org.apache.hadoop.ipc.ProtobufRpcEngine2$Server$ProtoBufRpcInvoker.call(ProtobufRpcEngine2.java:552) [hadoop-common-3.3.1.jar:?]
	at org.apache.hadoop.ipc.RPC$Server.call(RPC.java:1093) [hadoop-common-3.3.1.jar:?]
	at org.apache.hadoop.ipc.Server$RpcCall.run(Server.java:1035) [hadoop-common-3.3.1.jar:?]
	at org.apache.hadoop.ipc.Server$RpcCall.run(Server.java:963) [hadoop-common-3.3.1.jar:?]
	at java.security.AccessController.doPrivileged(Native Method) ~[?:1.8.0_332]
	at javax.security.auth.Subject.doAs(Subject.java:422) [?:1.8.0_332]
	at org.apache.hadoop.security.UserGroupInformation.doAs(UserGroupInformation.java:1878) [hadoop-common-3.3.1.jar:?]
	at org.apache.hadoop.ipc.Server$Handler.run(Server.java:2966) [hadoop-common-3.3.1.jar:?]
13:52:13.718 [IPC Server handler 8 on default port 44079] ERROR OMAudit - user=runner | ip=127.0.0.1 | op=GET_FILE_STATUS {volume=volume73915, bucket=bucket07338, key=.Trash/runner, dataSize=0, replicationConfig=null} | ret=FAILURE
org.apache.hadoop.ozone.om.exceptions.OMException: Unable to get file status: volume: volume73915 bucket: bucket07338 key: .Trash/runner
	at org.apache.hadoop.ozone.om.KeyManagerImpl.getOzoneFileStatus(KeyManagerImpl.java:1311) ~[ozone-manager-1.3.0-SNAPSHOT.jar:?]
	at org.apache.hadoop.ozone.om.KeyManagerImpl.getFileStatus(KeyManagerImpl.java:1241) ~[ozone-manager-1.3.0-SNAPSHOT.jar:?]
	at org.apache.hadoop.ozone.om.OzoneManager.getFileStatus(OzoneManager.java:3468) ~[ozone-manager-1.3.0-SNAPSHOT.jar:?]
	at org.apache.hadoop.ozone.protocolPB.OzoneManagerRequestHandler.getOzoneFileStatus(OzoneManagerRequestHandler.java:882) ~[ozone-manager-1.3.0-SNAPSHOT.jar:?]
	at org.apache.hadoop.ozone.protocolPB.OzoneManagerRequestHandler.handleReadRequest(OzoneManagerRequestHandler.java:228) ~[ozone-manager-1.3.0-SNAPSHOT.jar:?]
	at org.apache.hadoop.ozone.protocolPB.OzoneManagerProtocolServerSideTranslatorPB.submitRequestDirectlyToOM(OzoneManagerProtocolServerSideTranslatorPB.java:276) ~[ozone-manager-1.3.0-SNAPSHOT.jar:?]
	at org.apache.hadoop.ozone.protocolPB.OzoneManagerProtocolServerSideTranslatorPB.processRequest(OzoneManagerProtocolServerSideTranslatorPB.java:205) ~[ozone-manager-1.3.0-SNAPSHOT.jar:?]
	at org.apache.hadoop.hdds.server.OzoneProtocolMessageDispatcher.processRequest(OzoneProtocolMessageDispatcher.java:87) [hdds-server-framework-1.3.0-SNAPSHOT.jar:?]
	at org.apache.hadoop.ozone.protocolPB.OzoneManagerProtocolServerSideTranslatorPB.submitRequest(OzoneManagerProtocolServerSideTranslatorPB.java:147) [ozone-manager-1.3.0-SNAPSHOT.jar:?]
	at org.apache.hadoop.ozone.protocol.proto.OzoneManagerProtocolProtos$OzoneManagerService$2.callBlockingMethod(OzoneManagerProtocolProtos.java) [ozone-interface-client-1.3.0-SNAPSHOT.jar:?]
	at org.apache.hadoop.ipc.ProtobufRpcEngine$Server.processCall(ProtobufRpcEngine.java:466) [hadoop-common-3.3.1.jar:?]
	at org.apache.hadoop.ipc.ProtobufRpcEngine2$Server$ProtoBufRpcInvoker.call(ProtobufRpcEngine2.java:574) [hadoop-common-3.3.1.jar:?]
	at org.apache.hadoop.ipc.ProtobufRpcEngine2$Server$ProtoBufRpcInvoker.call(ProtobufRpcEngine2.java:552) [hadoop-common-3.3.1.jar:?]
	at org.apache.hadoop.ipc.RPC$Server.call(RPC.java:1093) [hadoop-common-3.3.1.jar:?]
	at org.apache.hadoop.ipc.Server$RpcCall.run(Server.java:1035) [hadoop-common-3.3.1.jar:?]
	at org.apache.hadoop.ipc.Server$RpcCall.run(Server.java:963) [hadoop-common-3.3.1.jar:?]
	at java.security.AccessController.doPrivileged(Native Method) ~[?:1.8.0_332]
	at javax.security.auth.Subject.doAs(Subject.java:422) [?:1.8.0_332]
	at org.apache.hadoop.security.UserGroupInformation.doAs(UserGroupInformation.java:1878) [hadoop-common-3.3.1.jar:?]
	at org.apache.hadoop.ipc.Server$Handler.run(Server.java:2966) [hadoop-common-3.3.1.jar:?]
13:52:13.730 [IPC Server handler 3 on default port 44079] ERROR OMAudit - user=runner | ip=127.0.0.1 | op=GET_FILE_STATUS {volume=7a2722e9-9f29-4dee-b2cc-d58eff375737, bucket=08ec0a17-9e59-4d69-850f-b216d51acfce, key=.Trash, dataSize=0, replicationConfig=null} | ret=FAILURE
org.apache.hadoop.ozone.om.exceptions.OMException: Unable to get file status: volume: 7a2722e9-9f29-4dee-b2cc-d58eff375737 bucket: 08ec0a17-9e59-4d69-850f-b216d51acfce key: .Trash
	at org.apache.hadoop.ozone.om.KeyManagerImpl.getOzoneFileStatus(KeyManagerImpl.java:1311) ~[ozone-manager-1.3.0-SNAPSHOT.jar:?]
	at org.apache.hadoop.ozone.om.KeyManagerImpl.getFileStatus(KeyManagerImpl.java:1241) ~[ozone-manager-1.3.0-SNAPSHOT.jar:?]
	at org.apache.hadoop.ozone.om.OzoneManager.getFileStatus(OzoneManager.java:3468) ~[ozone-manager-1.3.0-SNAPSHOT.jar:?]
	at org.apache.hadoop.ozone.protocolPB.OzoneManagerRequestHandler.getOzoneFileStatus(OzoneManagerRequestHandler.java:882) ~[ozone-manager-1.3.0-SNAPSHOT.jar:?]
	at org.apache.hadoop.ozone.protocolPB.OzoneManagerRequestHandler.handleReadRequest(OzoneManagerRequestHandler.java:228) ~[ozone-manager-1.3.0-SNAPSHOT.jar:?]
	at org.apache.hadoop.ozone.protocolPB.OzoneManagerProtocolServerSideTranslatorPB.submitRequestDirectlyToOM(OzoneManagerProtocolServerSideTranslatorPB.java:276) ~[ozone-manager-1.3.0-SNAPSHOT.jar:?]
	at org.apache.hadoop.ozone.protocolPB.OzoneManagerProtocolServerSideTranslatorPB.processRequest(OzoneManagerProtocolServerSideTranslatorPB.java:205) ~[ozone-manager-1.3.0-SNAPSHOT.jar:?]
	at org.apache.hadoop.hdds.server.OzoneProtocolMessageDispatcher.processRequest(OzoneProtocolMessageDispatcher.java:87) [hdds-server-framework-1.3.0-SNAPSHOT.jar:?]
	at org.apache.hadoop.ozone.protocolPB.OzoneManagerProtocolServerSideTranslatorPB.submitRequest(OzoneManagerProtocolServerSideTranslatorPB.java:147) [ozone-manager-1.3.0-SNAPSHOT.jar:?]
	at org.apache.hadoop.ozone.protocol.proto.OzoneManagerProtocolProtos$OzoneManagerService$2.callBlockingMethod(OzoneManagerProtocolProtos.java) [ozone-interface-client-1.3.0-SNAPSHOT.jar:?]
	at org.apache.hadoop.ipc.ProtobufRpcEngine$Server.processCall(ProtobufRpcEngine.java:466) [hadoop-common-3.3.1.jar:?]
	at org.apache.hadoop.ipc.ProtobufRpcEngine2$Server$ProtoBufRpcInvoker.call(ProtobufRpcEngine2.java:574) [hadoop-common-3.3.1.jar:?]
	at org.apache.hadoop.ipc.ProtobufRpcEngine2$Server$ProtoBufRpcInvoker.call(ProtobufRpcEngine2.java:552) [hadoop-common-3.3.1.jar:?]
	at org.apache.hadoop.ipc.RPC$Server.call(RPC.java:1093) [hadoop-common-3.3.1.jar:?]
	at org.apache.hadoop.ipc.Server$RpcCall.run(Server.java:1035) [hadoop-common-3.3.1.jar:?]
	at org.apache.hadoop.ipc.Server$RpcCall.run(Server.java:963) [hadoop-common-3.3.1.jar:?]
	at java.security.AccessController.doPrivileged(Native Method) ~[?:1.8.0_332]
	at javax.security.auth.Subject.doAs(Subject.java:422) [?:1.8.0_332]
	at org.apache.hadoop.security.UserGroupInformation.doAs(UserGroupInformation.java:1878) [hadoop-common-3.3.1.jar:?]
	at org.apache.hadoop.ipc.Server$Handler.run(Server.java:2966) [hadoop-common-3.3.1.jar:?]
13:52:13.744 [IPC Server handler 12 on default port 44079] ERROR OMAudit - user=runner | ip=127.0.0.1 | op=GET_FILE_STATUS {volume=volume35167, bucket=trashroottest2, key=.Trash, dataSize=0, replicationConfig=null} | ret=FAILURE
org.apache.hadoop.ozone.om.exceptions.OMException: Unable to get file status: volume: volume35167 bucket: trashroottest2 key: .Trash
	at org.apache.hadoop.ozone.om.KeyManagerImpl.getOzoneFileStatus(KeyManagerImpl.java:1311) ~[ozone-manager-1.3.0-SNAPSHOT.jar:?]
	at org.apache.hadoop.ozone.om.KeyManagerImpl.getFileStatus(KeyManagerImpl.java:1241) ~[ozone-manager-1.3.0-SNAPSHOT.jar:?]
	at org.apache.hadoop.ozone.om.OzoneManager.getFileStatus(OzoneManager.java:3468) ~[ozone-manager-1.3.0-SNAPSHOT.jar:?]
	at org.apache.hadoop.ozone.protocolPB.OzoneManagerRequestHandler.getOzoneFileStatus(OzoneManagerRequestHandler.java:882) ~[ozone-manager-1.3.0-SNAPSHOT.jar:?]
	at org.apache.hadoop.ozone.protocolPB.OzoneManagerRequestHandler.handleReadRequest(OzoneManagerRequestHandler.java:228) ~[ozone-manager-1.3.0-SNAPSHOT.jar:?]
	at org.apache.hadoop.ozone.protocolPB.OzoneManagerProtocolServerSideTranslatorPB.submitRequestDirectlyToOM(OzoneManagerProtocolServerSideTranslatorPB.java:276) ~[ozone-manager-1.3.0-SNAPSHOT.jar:?]
	at org.apache.hadoop.ozone.protocolPB.OzoneManagerProtocolServerSideTranslatorPB.processRequest(OzoneManagerProtocolServerSideTranslatorPB.java:205) ~[ozone-manager-1.3.0-SNAPSHOT.jar:?]
	at org.apache.hadoop.hdds.server.OzoneProtocolMessageDispatcher.processRequest(OzoneProtocolMessageDispatcher.java:87) [hdds-server-framework-1.3.0-SNAPSHOT.jar:?]
	at org.apache.hadoop.ozone.protocolPB.OzoneManagerProtocolServerSideTranslatorPB.submitRequest(OzoneManagerProtocolServerSideTranslatorPB.java:147) [ozone-manager-1.3.0-SNAPSHOT.jar:?]
	at org.apache.hadoop.ozone.protocol.proto.OzoneManagerProtocolProtos$OzoneManagerService$2.callBlockingMethod(OzoneManagerProtocolProtos.java) [ozone-interface-client-1.3.0-SNAPSHOT.jar:?]
	at org.apache.hadoop.ipc.ProtobufRpcEngine$Server.processCall(ProtobufRpcEngine.java:466) [hadoop-common-3.3.1.jar:?]
	at org.apache.hadoop.ipc.ProtobufRpcEngine2$Server$ProtoBufRpcInvoker.call(ProtobufRpcEngine2.java:574) [hadoop-common-3.3.1.jar:?]
	at org.apache.hadoop.ipc.ProtobufRpcEngine2$Server$ProtoBufRpcInvoker.call(ProtobufRpcEngine2.java:552) [hadoop-common-3.3.1.jar:?]
	at org.apache.hadoop.ipc.RPC$Server.call(RPC.java:1093) [hadoop-common-3.3.1.jar:?]
	at org.apache.hadoop.ipc.Server$RpcCall.run(Server.java:1035) [hadoop-common-3.3.1.jar:?]
	at org.apache.hadoop.ipc.Server$RpcCall.run(Server.java:963) [hadoop-common-3.3.1.jar:?]
	at java.security.AccessController.doPrivileged(Native Method) ~[?:1.8.0_332]
	at javax.security.auth.Subject.doAs(Subject.java:422) [?:1.8.0_332]
	at org.apache.hadoop.security.UserGroupInformation.doAs(UserGroupInformation.java:1878) [hadoop-common-3.3.1.jar:?]
	at org.apache.hadoop.ipc.Server$Handler.run(Server.java:2966) [hadoop-common-3.3.1.jar:?]
13:52:13.745 [IPC Server handler 9 on default port 44079] ERROR OMAudit - user=runner | ip=127.0.0.1 | op=GET_FILE_STATUS {volume=volume73915, bucket=bucket07338, key=.Trash, dataSize=0, replicationConfig=null} | ret=FAILURE
org.apache.hadoop.ozone.om.exceptions.OMException: Unable to get file status: volume: volume73915 bucket: bucket07338 key: .Trash
	at org.apache.hadoop.ozone.om.KeyManagerImpl.getOzoneFileStatus(KeyManagerImpl.java:1311) ~[ozone-manager-1.3.0-SNAPSHOT.jar:?]
	at org.apache.hadoop.ozone.om.KeyManagerImpl.getFileStatus(KeyManagerImpl.java:1241) ~[ozone-manager-1.3.0-SNAPSHOT.jar:?]
	at org.apache.hadoop.ozone.om.OzoneManager.getFileStatus(OzoneManager.java:3468) ~[ozone-manager-1.3.0-SNAPSHOT.jar:?]
	at org.apache.hadoop.ozone.protocolPB.OzoneManagerRequestHandler.getOzoneFileStatus(OzoneManagerRequestHandler.java:882) ~[ozone-manager-1.3.0-SNAPSHOT.jar:?]
	at org.apache.hadoop.ozone.protocolPB.OzoneManagerRequestHandler.handleReadRequest(OzoneManagerRequestHandler.java:228) ~[ozone-manager-1.3.0-SNAPSHOT.jar:?]
	at org.apache.hadoop.ozone.protocolPB.OzoneManagerProtocolServerSideTranslatorPB.submitRequestDirectlyToOM(OzoneManagerProtocolServerSideTranslatorPB.java:276) ~[ozone-manager-1.3.0-SNAPSHOT.jar:?]
	at org.apache.hadoop.ozone.protocolPB.OzoneManagerProtocolServerSideTranslatorPB.processRequest(OzoneManagerProtocolServerSideTranslatorPB.java:205) ~[ozone-manager-1.3.0-SNAPSHOT.jar:?]
	at org.apache.hadoop.hdds.server.OzoneProtocolMessageDispatcher.processRequest(OzoneProtocolMessageDispatcher.java:87) [hdds-server-framework-1.3.0-SNAPSHOT.jar:?]
	at org.apache.hadoop.ozone.protocolPB.OzoneManagerProtocolServerSideTranslatorPB.submitRequest(OzoneManagerProtocolServerSideTranslatorPB.java:147) [ozone-manager-1.3.0-SNAPSHOT.jar:?]
	at org.apache.hadoop.ozone.protocol.proto.OzoneManagerProtocolProtos$OzoneManagerService$2.callBlockingMethod(OzoneManagerProtocolProtos.java) [ozone-interface-client-1.3.0-SNAPSHOT.jar:?]
	at org.apache.hadoop.ipc.ProtobufRpcEngine$Server.processCall(ProtobufRpcEngine.java:466) [hadoop-common-3.3.1.jar:?]
	at org.apache.hadoop.ipc.ProtobufRpcEngine2$Server$ProtoBufRpcInvoker.call(ProtobufRpcEngine2.java:574) [hadoop-common-3.3.1.jar:?]
	at org.apache.hadoop.ipc.ProtobufRpcEngine2$Server$ProtoBufRpcInvoker.call(ProtobufRpcEngine2.java:552) [hadoop-common-3.3.1.jar:?]
	at org.apache.hadoop.ipc.RPC$Server.call(RPC.java:1093) [hadoop-common-3.3.1.jar:?]
	at org.apache.hadoop.ipc.Server$RpcCall.run(Server.java:1035) [hadoop-common-3.3.1.jar:?]
	at org.apache.hadoop.ipc.Server$RpcCall.run(Server.java:963) [hadoop-common-3.3.1.jar:?]
	at java.security.AccessController.doPrivileged(Native Method) ~[?:1.8.0_332]
	at javax.security.auth.Subject.doAs(Subject.java:422) [?:1.8.0_332]
	at org.apache.hadoop.security.UserGroupInformation.doAs(UserGroupInformation.java:1878) [hadoop-common-3.3.1.jar:?]
	at org.apache.hadoop.ipc.Server$Handler.run(Server.java:2966) [hadoop-common-3.3.1.jar:?]
13:52:13.788 [IPC Server handler 6 on default port 44079] ERROR OMAudit - user=runner | ip=127.0.0.1 | op=GET_FILE_STATUS {volume=volume35167, bucket=bucket38841, key=.Trash/runner, dataSize=0, replicationConfig=null} | ret=FAILURE
org.apache.hadoop.ozone.om.exceptions.OMException: Unable to get file status: volume: volume35167 bucket: bucket38841 key: .Trash/runner
	at org.apache.hadoop.ozone.om.KeyManagerImpl.getOzoneFileStatus(KeyManagerImpl.java:1311) ~[ozone-manager-1.3.0-SNAPSHOT.jar:?]
	at org.apache.hadoop.ozone.om.KeyManagerImpl.getFileStatus(KeyManagerImpl.java:1241) ~[ozone-manager-1.3.0-SNAPSHOT.jar:?]
	at org.apache.hadoop.ozone.om.OzoneManager.getFileStatus(OzoneManager.java:3468) ~[ozone-manager-1.3.0-SNAPSHOT.jar:?]
	at org.apache.hadoop.ozone.protocolPB.OzoneManagerRequestHandler.getOzoneFileStatus(OzoneManagerRequestHandler.java:882) ~[ozone-manager-1.3.0-SNAPSHOT.jar:?]
	at org.apache.hadoop.ozone.protocolPB.OzoneManagerRequestHandler.handleReadRequest(OzoneManagerRequestHandler.java:228) ~[ozone-manager-1.3.0-SNAPSHOT.jar:?]
	at org.apache.hadoop.ozone.protocolPB.OzoneManagerProtocolServerSideTranslatorPB.submitRequestDirectlyToOM(OzoneManagerProtocolServerSideTranslatorPB.java:276) ~[ozone-manager-1.3.0-SNAPSHOT.jar:?]
	at org.apache.hadoop.ozone.protocolPB.OzoneManagerProtocolServerSideTranslatorPB.processRequest(OzoneManagerProtocolServerSideTranslatorPB.java:205) ~[ozone-manager-1.3.0-SNAPSHOT.jar:?]
	at org.apache.hadoop.hdds.server.OzoneProtocolMessageDispatcher.processRequest(OzoneProtocolMessageDispatcher.java:87) [hdds-server-framework-1.3.0-SNAPSHOT.jar:?]
	at org.apache.hadoop.ozone.protocolPB.OzoneManagerProtocolServerSideTranslatorPB.submitRequest(OzoneManagerProtocolServerSideTranslatorPB.java:147) [ozone-manager-1.3.0-SNAPSHOT.jar:?]
	at org.apache.hadoop.ozone.protocol.proto.OzoneManagerProtocolProtos$OzoneManagerService$2.callBlockingMethod(OzoneManagerProtocolProtos.java) [ozone-interface-client-1.3.0-SNAPSHOT.jar:?]
	at org.apache.hadoop.ipc.ProtobufRpcEngine$Server.processCall(ProtobufRpcEngine.java:466) [hadoop-common-3.3.1.jar:?]
	at org.apache.hadoop.ipc.ProtobufRpcEngine2$Server$ProtoBufRpcInvoker.call(ProtobufRpcEngine2.java:574) [hadoop-common-3.3.1.jar:?]
	at org.apache.hadoop.ipc.ProtobufRpcEngine2$Server$ProtoBufRpcInvoker.call(ProtobufRpcEngine2.java:552) [hadoop-common-3.3.1.jar:?]
	at org.apache.hadoop.ipc.RPC$Server.call(RPC.java:1093) [hadoop-common-3.3.1.jar:?]
	at org.apache.hadoop.ipc.Server$RpcCall.run(Server.java:1035) [hadoop-common-3.3.1.jar:?]
	at org.apache.hadoop.ipc.Server$RpcCall.run(Server.java:963) [hadoop-common-3.3.1.jar:?]
	at java.security.AccessController.doPrivileged(Native Method) ~[?:1.8.0_332]
	at javax.security.auth.Subject.doAs(Subject.java:422) [?:1.8.0_332]
	at org.apache.hadoop.security.UserGroupInformation.doAs(UserGroupInformation.java:1878) [hadoop-common-3.3.1.jar:?]
	at org.apache.hadoop.ipc.Server$Handler.run(Server.java:2966) [hadoop-common-3.3.1.jar:?]
13:52:13.790 [IPC Server handler 19 on default port 44079] ERROR OMAudit - user=runner | ip=127.0.0.1 | op=GET_FILE_STATUS {volume=7a2722e9-9f29-4dee-b2cc-d58eff375737, bucket=08ec0a17-9e59-4d69-850f-b216d51acfce, key=.Trash, dataSize=0, replicationConfig=null} | ret=FAILURE
org.apache.hadoop.ozone.om.exceptions.OMException: Unable to get file status: volume: 7a2722e9-9f29-4dee-b2cc-d58eff375737 bucket: 08ec0a17-9e59-4d69-850f-b216d51acfce key: .Trash
	at org.apache.hadoop.ozone.om.KeyManagerImpl.getOzoneFileStatus(KeyManagerImpl.java:1311) ~[ozone-manager-1.3.0-SNAPSHOT.jar:?]
	at org.apache.hadoop.ozone.om.KeyManagerImpl.getFileStatus(KeyManagerImpl.java:1241) ~[ozone-manager-1.3.0-SNAPSHOT.jar:?]
	at org.apache.hadoop.ozone.om.OzoneManager.getFileStatus(OzoneManager.java:3468) ~[ozone-manager-1.3.0-SNAPSHOT.jar:?]
	at org.apache.hadoop.ozone.protocolPB.OzoneManagerRequestHandler.getOzoneFileStatus(OzoneManagerRequestHandler.java:882) ~[ozone-manager-1.3.0-SNAPSHOT.jar:?]
	at org.apache.hadoop.ozone.protocolPB.OzoneManagerRequestHandler.handleReadRequest(OzoneManagerRequestHandler.java:228) ~[ozone-manager-1.3.0-SNAPSHOT.jar:?]
	at org.apache.hadoop.ozone.protocolPB.OzoneManagerProtocolServerSideTranslatorPB.submitRequestDirectlyToOM(OzoneManagerProtocolServerSideTranslatorPB.java:276) ~[ozone-manager-1.3.0-SNAPSHOT.jar:?]
	at org.apache.hadoop.ozone.protocolPB.OzoneManagerProtocolServerSideTranslatorPB.processRequest(OzoneManagerProtocolServerSideTranslatorPB.java:205) ~[ozone-manager-1.3.0-SNAPSHOT.jar:?]
	at org.apache.hadoop.hdds.server.OzoneProtocolMessageDispatcher.processRequest(OzoneProtocolMessageDispatcher.java:87) [hdds-server-framework-1.3.0-SNAPSHOT.jar:?]
	at org.apache.hadoop.ozone.protocolPB.OzoneManagerProtocolServerSideTranslatorPB.submitRequest(OzoneManagerProtocolServerSideTranslatorPB.java:147) [ozone-manager-1.3.0-SNAPSHOT.jar:?]
	at org.apache.hadoop.ozone.protocol.proto.OzoneManagerProtocolProtos$OzoneManagerService$2.callBlockingMethod(OzoneManagerProtocolProtos.java) [ozone-interface-client-1.3.0-SNAPSHOT.jar:?]
	at org.apache.hadoop.ipc.ProtobufRpcEngine$Server.processCall(ProtobufRpcEngine.java:466) [hadoop-common-3.3.1.jar:?]
	at org.apache.hadoop.ipc.ProtobufRpcEngine2$Server$ProtoBufRpcInvoker.call(ProtobufRpcEngine2.java:574) [hadoop-common-3.3.1.jar:?]
	at org.apache.hadoop.ipc.ProtobufRpcEngine2$Server$ProtoBufRpcInvoker.call(ProtobufRpcEngine2.java:552) [hadoop-common-3.3.1.jar:?]
	at org.apache.hadoop.ipc.RPC$Server.call(RPC.java:1093) [hadoop-common-3.3.1.jar:?]
	at org.apache.hadoop.ipc.Server$RpcCall.run(Server.java:1035) [hadoop-common-3.3.1.jar:?]
	at org.apache.hadoop.ipc.Server$RpcCall.run(Server.java:963) [hadoop-common-3.3.1.jar:?]
	at java.security.AccessController.doPrivileged(Native Method) ~[?:1.8.0_332]
	at javax.security.auth.Subject.doAs(Subject.java:422) [?:1.8.0_332]
	at org.apache.hadoop.security.UserGroupInformation.doAs(UserGroupInformation.java:1878) [hadoop-common-3.3.1.jar:?]
	at org.apache.hadoop.ipc.Server$Handler.run(Server.java:2966) [hadoop-common-3.3.1.jar:?]
]]></system-out>
  </testcase>
  <testcase name="testCreateDoesNotAddParentDirKeys" classname="TestRootedOzoneFileSystem" time="0.106">
    <system-out><![CDATA[2022-08-09 13:47:18,296 [Time-limited test] INFO  rpc.RpcClient (RpcClient.java:createVolume(468)) - Creating Volume: volume95673, with user42315 as owner and space quota set to -1 bytes, counts quota set to -1
2022-08-09 13:47:18,299 [OM StateMachine ApplyTransaction Thread - 0] INFO  volume.OMVolumeCreateRequest (OMVolumeCreateRequest.java:validateAndUpdateCache(195)) - created volume:volume95673 for user:user42315
2022-08-09 13:47:18,303 [Time-limited test] INFO  rpc.RpcClient (RpcClient.java:createBucket(671)) - Creating Bucket: volume95673/bucket17661, with bucket layout LEGACY, runner as owner, Versioning false, Storage Type set to DISK and Encryption set to false 
2022-08-09 13:47:18,305 [OM StateMachine ApplyTransaction Thread - 0] INFO  bucket.OMBucketCreateRequest (OMBucketCreateRequest.java:validateAndUpdateCache(260)) - created bucket: bucket17661 of layout LEGACY in volume: volume95673
13:47:18.339 [IPC Server handler 13 on default port 44757] ERROR OMAudit - user=runner | ip=127.0.0.1 | op=READ_KEY {volume=volume95673, bucket=bucket17661, key=testCreateDoesNotAddParentDirKeys/parent/, dataSize=0, replicationConfig=null} | ret=FAILURE
org.apache.hadoop.ozone.om.exceptions.OMException: Key:testCreateDoesNotAddParentDirKeys/parent not found
	at org.apache.hadoop.ozone.om.KeyManagerImpl.lookupKey(KeyManagerImpl.java:399) ~[ozone-manager-1.3.0-SNAPSHOT.jar:?]
	at org.apache.hadoop.ozone.om.OzoneManager.lookupKey(OzoneManager.java:2819) ~[ozone-manager-1.3.0-SNAPSHOT.jar:?]
	at org.apache.hadoop.ozone.protocolPB.OzoneManagerRequestHandler.lookupKey(OzoneManagerRequestHandler.java:495) ~[ozone-manager-1.3.0-SNAPSHOT.jar:?]
	at org.apache.hadoop.ozone.protocolPB.OzoneManagerRequestHandler.handleReadRequest(OzoneManagerRequestHandler.java:188) ~[ozone-manager-1.3.0-SNAPSHOT.jar:?]
	at org.apache.hadoop.ozone.protocolPB.OzoneManagerProtocolServerSideTranslatorPB.submitReadRequestToOM(OzoneManagerProtocolServerSideTranslatorPB.java:226) ~[ozone-manager-1.3.0-SNAPSHOT.jar:?]
	at org.apache.hadoop.ozone.protocolPB.OzoneManagerProtocolServerSideTranslatorPB.processRequest(OzoneManagerProtocolServerSideTranslatorPB.java:175) ~[ozone-manager-1.3.0-SNAPSHOT.jar:?]
	at org.apache.hadoop.hdds.server.OzoneProtocolMessageDispatcher.processRequest(OzoneProtocolMessageDispatcher.java:87) [hdds-server-framework-1.3.0-SNAPSHOT.jar:?]
	at org.apache.hadoop.ozone.protocolPB.OzoneManagerProtocolServerSideTranslatorPB.submitRequest(OzoneManagerProtocolServerSideTranslatorPB.java:147) [ozone-manager-1.3.0-SNAPSHOT.jar:?]
	at org.apache.hadoop.ozone.protocol.proto.OzoneManagerProtocolProtos$OzoneManagerService$2.callBlockingMethod(OzoneManagerProtocolProtos.java) [ozone-interface-client-1.3.0-SNAPSHOT.jar:?]
	at org.apache.hadoop.ipc.ProtobufRpcEngine$Server.processCall(ProtobufRpcEngine.java:466) [hadoop-common-3.3.1.jar:?]
	at org.apache.hadoop.ipc.ProtobufRpcEngine2$Server$ProtoBufRpcInvoker.call(ProtobufRpcEngine2.java:574) [hadoop-common-3.3.1.jar:?]
	at org.apache.hadoop.ipc.ProtobufRpcEngine2$Server$ProtoBufRpcInvoker.call(ProtobufRpcEngine2.java:552) [hadoop-common-3.3.1.jar:?]
	at org.apache.hadoop.ipc.RPC$Server.call(RPC.java:1093) [hadoop-common-3.3.1.jar:?]
	at org.apache.hadoop.ipc.Server$RpcCall.run(Server.java:1035) [hadoop-common-3.3.1.jar:?]
	at org.apache.hadoop.ipc.Server$RpcCall.run(Server.java:963) [hadoop-common-3.3.1.jar:?]
	at java.security.AccessController.doPrivileged(Native Method) ~[?:1.8.0_332]
	at javax.security.auth.Subject.doAs(Subject.java:422) [?:1.8.0_332]
	at org.apache.hadoop.security.UserGroupInformation.doAs(UserGroupInformation.java:1878) [hadoop-common-3.3.1.jar:?]
	at org.apache.hadoop.ipc.Server$Handler.run(Server.java:2966) [hadoop-common-3.3.1.jar:?]
]]></system-out>
  </testcase>
  <testcase name="testCreateDoesNotAddParentDirKeys" classname="TestRootedOzoneFileSystem" time="0.155">
    <system-out><![CDATA[2022-08-09 13:48:23,599 [Time-limited test] INFO  rpc.RpcClient (RpcClient.java:createVolume(468)) - Creating Volume: volume74340, with user79421 as owner and space quota set to -1 bytes, counts quota set to -1
2022-08-09 13:48:23,600 [OM StateMachine ApplyTransaction Thread - 0] INFO  volume.OMVolumeCreateRequest (OMVolumeCreateRequest.java:validateAndUpdateCache(195)) - created volume:volume74340 for user:user79421
2022-08-09 13:48:23,604 [Time-limited test] INFO  rpc.RpcClient (RpcClient.java:createBucket(671)) - Creating Bucket: volume74340/bucket25238, with bucket layout LEGACY, runner as owner, Versioning false, Storage Type set to DISK and Encryption set to false 
2022-08-09 13:48:23,607 [OM StateMachine ApplyTransaction Thread - 0] INFO  bucket.OMBucketCreateRequest (OMBucketCreateRequest.java:validateAndUpdateCache(260)) - created bucket: bucket25238 of layout LEGACY in volume: volume74340
13:48:23.645 [IPC Server handler 6 on default port 34619] ERROR OMAudit - user=runner | ip=127.0.0.1 | op=READ_KEY {volume=volume74340, bucket=bucket25238, key=testCreateDoesNotAddParentDirKeys/parent/, dataSize=0, replicationConfig=null} | ret=FAILURE
org.apache.hadoop.ozone.om.exceptions.OMException: Key:testCreateDoesNotAddParentDirKeys/parent not found
	at org.apache.hadoop.ozone.om.KeyManagerImpl.lookupKey(KeyManagerImpl.java:399) ~[ozone-manager-1.3.0-SNAPSHOT.jar:?]
	at org.apache.hadoop.ozone.om.OzoneManager.lookupKey(OzoneManager.java:2819) ~[ozone-manager-1.3.0-SNAPSHOT.jar:?]
	at org.apache.hadoop.ozone.protocolPB.OzoneManagerRequestHandler.lookupKey(OzoneManagerRequestHandler.java:495) ~[ozone-manager-1.3.0-SNAPSHOT.jar:?]
	at org.apache.hadoop.ozone.protocolPB.OzoneManagerRequestHandler.handleReadRequest(OzoneManagerRequestHandler.java:188) ~[ozone-manager-1.3.0-SNAPSHOT.jar:?]
	at org.apache.hadoop.ozone.protocolPB.OzoneManagerProtocolServerSideTranslatorPB.submitReadRequestToOM(OzoneManagerProtocolServerSideTranslatorPB.java:226) ~[ozone-manager-1.3.0-SNAPSHOT.jar:?]
	at org.apache.hadoop.ozone.protocolPB.OzoneManagerProtocolServerSideTranslatorPB.processRequest(OzoneManagerProtocolServerSideTranslatorPB.java:175) ~[ozone-manager-1.3.0-SNAPSHOT.jar:?]
	at org.apache.hadoop.hdds.server.OzoneProtocolMessageDispatcher.processRequest(OzoneProtocolMessageDispatcher.java:87) [hdds-server-framework-1.3.0-SNAPSHOT.jar:?]
	at org.apache.hadoop.ozone.protocolPB.OzoneManagerProtocolServerSideTranslatorPB.submitRequest(OzoneManagerProtocolServerSideTranslatorPB.java:147) [ozone-manager-1.3.0-SNAPSHOT.jar:?]
	at org.apache.hadoop.ozone.protocol.proto.OzoneManagerProtocolProtos$OzoneManagerService$2.callBlockingMethod(OzoneManagerProtocolProtos.java) [ozone-interface-client-1.3.0-SNAPSHOT.jar:?]
	at org.apache.hadoop.ipc.ProtobufRpcEngine$Server.processCall(ProtobufRpcEngine.java:466) [hadoop-common-3.3.1.jar:?]
	at org.apache.hadoop.ipc.ProtobufRpcEngine2$Server$ProtoBufRpcInvoker.call(ProtobufRpcEngine2.java:574) [hadoop-common-3.3.1.jar:?]
	at org.apache.hadoop.ipc.ProtobufRpcEngine2$Server$ProtoBufRpcInvoker.call(ProtobufRpcEngine2.java:552) [hadoop-common-3.3.1.jar:?]
	at org.apache.hadoop.ipc.RPC$Server.call(RPC.java:1093) [hadoop-common-3.3.1.jar:?]
	at org.apache.hadoop.ipc.Server$RpcCall.run(Server.java:1035) [hadoop-common-3.3.1.jar:?]
	at org.apache.hadoop.ipc.Server$RpcCall.run(Server.java:963) [hadoop-common-3.3.1.jar:?]
	at java.security.AccessController.doPrivileged(Native Method) ~[?:1.8.0_332]
	at javax.security.auth.Subject.doAs(Subject.java:422) [?:1.8.0_332]
	at org.apache.hadoop.security.UserGroupInformation.doAs(UserGroupInformation.java:1878) [hadoop-common-3.3.1.jar:?]
	at org.apache.hadoop.ipc.Server$Handler.run(Server.java:2966) [hadoop-common-3.3.1.jar:?]
]]></system-out>
  </testcase>
  <testcase name="testCreateDoesNotAddParentDirKeys" classname="TestRootedOzoneFileSystem" time="0.211">
    <system-out><![CDATA[2022-08-09 13:49:30,243 [Time-limited test] INFO  rpc.RpcClient (RpcClient.java:createVolume(468)) - Creating Volume: volume28991, with user39809 as owner and space quota set to -1 bytes, counts quota set to -1
2022-08-09 13:49:30,245 [IPC Server handler 10 on default port 42643] INFO  volume.OMVolumeCreateRequest (OMVolumeCreateRequest.java:validateAndUpdateCache(195)) - created volume:volume28991 for user:user39809
2022-08-09 13:49:30,246 [Time-limited test] INFO  rpc.RpcClient (RpcClient.java:createBucket(671)) - Creating Bucket: volume28991/bucket79661, with bucket layout LEGACY, runner as owner, Versioning false, Storage Type set to DISK and Encryption set to false 
2022-08-09 13:49:30,247 [IPC Server handler 16 on default port 42643] INFO  bucket.OMBucketCreateRequest (OMBucketCreateRequest.java:validateAndUpdateCache(260)) - created bucket: bucket79661 of layout LEGACY in volume: volume28991
13:49:30.285 [IPC Server handler 19 on default port 42643] ERROR OMAudit - user=runner | ip=127.0.0.1 | op=READ_KEY {volume=volume28991, bucket=bucket79661, key=testCreateDoesNotAddParentDirKeys/parent/, dataSize=0, replicationConfig=null} | ret=FAILURE
org.apache.hadoop.ozone.om.exceptions.OMException: Key:testCreateDoesNotAddParentDirKeys/parent not found
	at org.apache.hadoop.ozone.om.KeyManagerImpl.lookupKey(KeyManagerImpl.java:399) ~[ozone-manager-1.3.0-SNAPSHOT.jar:?]
	at org.apache.hadoop.ozone.om.OzoneManager.lookupKey(OzoneManager.java:2819) ~[ozone-manager-1.3.0-SNAPSHOT.jar:?]
	at org.apache.hadoop.ozone.protocolPB.OzoneManagerRequestHandler.lookupKey(OzoneManagerRequestHandler.java:495) ~[ozone-manager-1.3.0-SNAPSHOT.jar:?]
	at org.apache.hadoop.ozone.protocolPB.OzoneManagerRequestHandler.handleReadRequest(OzoneManagerRequestHandler.java:188) ~[ozone-manager-1.3.0-SNAPSHOT.jar:?]
	at org.apache.hadoop.ozone.protocolPB.OzoneManagerProtocolServerSideTranslatorPB.submitRequestDirectlyToOM(OzoneManagerProtocolServerSideTranslatorPB.java:276) ~[ozone-manager-1.3.0-SNAPSHOT.jar:?]
	at org.apache.hadoop.ozone.protocolPB.OzoneManagerProtocolServerSideTranslatorPB.processRequest(OzoneManagerProtocolServerSideTranslatorPB.java:205) ~[ozone-manager-1.3.0-SNAPSHOT.jar:?]
	at org.apache.hadoop.hdds.server.OzoneProtocolMessageDispatcher.processRequest(OzoneProtocolMessageDispatcher.java:87) [hdds-server-framework-1.3.0-SNAPSHOT.jar:?]
	at org.apache.hadoop.ozone.protocolPB.OzoneManagerProtocolServerSideTranslatorPB.submitRequest(OzoneManagerProtocolServerSideTranslatorPB.java:147) [ozone-manager-1.3.0-SNAPSHOT.jar:?]
	at org.apache.hadoop.ozone.protocol.proto.OzoneManagerProtocolProtos$OzoneManagerService$2.callBlockingMethod(OzoneManagerProtocolProtos.java) [ozone-interface-client-1.3.0-SNAPSHOT.jar:?]
	at org.apache.hadoop.ipc.ProtobufRpcEngine$Server.processCall(ProtobufRpcEngine.java:466) [hadoop-common-3.3.1.jar:?]
	at org.apache.hadoop.ipc.ProtobufRpcEngine2$Server$ProtoBufRpcInvoker.call(ProtobufRpcEngine2.java:574) [hadoop-common-3.3.1.jar:?]
	at org.apache.hadoop.ipc.ProtobufRpcEngine2$Server$ProtoBufRpcInvoker.call(ProtobufRpcEngine2.java:552) [hadoop-common-3.3.1.jar:?]
	at org.apache.hadoop.ipc.RPC$Server.call(RPC.java:1093) [hadoop-common-3.3.1.jar:?]
	at org.apache.hadoop.ipc.Server$RpcCall.run(Server.java:1035) [hadoop-common-3.3.1.jar:?]
	at org.apache.hadoop.ipc.Server$RpcCall.run(Server.java:963) [hadoop-common-3.3.1.jar:?]
	at java.security.AccessController.doPrivileged(Native Method) ~[?:1.8.0_332]
	at javax.security.auth.Subject.doAs(Subject.java:422) [?:1.8.0_332]
	at org.apache.hadoop.security.UserGroupInformation.doAs(UserGroupInformation.java:1878) [hadoop-common-3.3.1.jar:?]
	at org.apache.hadoop.ipc.Server$Handler.run(Server.java:2966) [hadoop-common-3.3.1.jar:?]
]]></system-out>
  </testcase>
  <testcase name="testCreateDoesNotAddParentDirKeys" classname="TestRootedOzoneFileSystem" time="0.236">
    <system-out><![CDATA[2022-08-09 13:50:48,851 [Time-limited test] INFO  rpc.RpcClient (RpcClient.java:createVolume(468)) - Creating Volume: volume41076, with user27378 as owner and space quota set to -1 bytes, counts quota set to -1
2022-08-09 13:50:48,853 [OM StateMachine ApplyTransaction Thread - 0] INFO  volume.OMVolumeCreateRequest (OMVolumeCreateRequest.java:validateAndUpdateCache(195)) - created volume:volume41076 for user:user27378
2022-08-09 13:50:48,854 [Time-limited test] INFO  rpc.RpcClient (RpcClient.java:createBucket(671)) - Creating Bucket: volume41076/bucket27614, with bucket layout LEGACY, runner as owner, Versioning false, Storage Type set to DISK and Encryption set to false 
2022-08-09 13:50:48,856 [OM StateMachine ApplyTransaction Thread - 0] INFO  bucket.OMBucketCreateRequest (OMBucketCreateRequest.java:validateAndUpdateCache(260)) - created bucket: bucket27614 of layout LEGACY in volume: volume41076
]]></system-out>
  </testcase>
  <testcase name="testCreateDoesNotAddParentDirKeys" classname="TestRootedOzoneFileSystem" time="0.182">
    <system-out><![CDATA[2022-08-09 13:52:13,889 [Time-limited test] INFO  rpc.RpcClient (RpcClient.java:createVolume(468)) - Creating Volume: volume72181, with user08633 as owner and space quota set to -1 bytes, counts quota set to -1
2022-08-09 13:52:13,893 [IPC Server handler 0 on default port 44079] INFO  volume.OMVolumeCreateRequest (OMVolumeCreateRequest.java:validateAndUpdateCache(195)) - created volume:volume72181 for user:user08633
2022-08-09 13:52:13,897 [Time-limited test] INFO  rpc.RpcClient (RpcClient.java:createBucket(671)) - Creating Bucket: volume72181/bucket15182, with bucket layout LEGACY, runner as owner, Versioning false, Storage Type set to DISK and Encryption set to false 
2022-08-09 13:52:13,900 [IPC Server handler 13 on default port 44079] INFO  bucket.OMBucketCreateRequest (OMBucketCreateRequest.java:validateAndUpdateCache(260)) - created bucket: bucket15182 of layout LEGACY in volume: volume72181
]]></system-out>
  </testcase>
  <testcase name="testMkdirNonExistentVolume" classname="TestRootedOzoneFileSystem" time="0.05">
    <system-out><![CDATA[2022-08-09 13:47:18,388 [Time-limited test] INFO  rpc.RpcClient (RpcClient.java:createVolume(468)) - Creating Volume: volume30087, with user51124 as owner and space quota set to -1 bytes, counts quota set to -1
2022-08-09 13:47:18,393 [OM StateMachine ApplyTransaction Thread - 0] INFO  volume.OMVolumeCreateRequest (OMVolumeCreateRequest.java:validateAndUpdateCache(195)) - created volume:volume30087 for user:user51124
2022-08-09 13:47:18,395 [Time-limited test] INFO  rpc.RpcClient (RpcClient.java:createBucket(671)) - Creating Bucket: volume30087/bucket89885, with bucket layout LEGACY, runner as owner, Versioning false, Storage Type set to DISK and Encryption set to false 
2022-08-09 13:47:18,397 [OM StateMachine ApplyTransaction Thread - 0] INFO  bucket.OMBucketCreateRequest (OMBucketCreateRequest.java:validateAndUpdateCache(260)) - created bucket: bucket89885 of layout LEGACY in volume: volume30087
2022-08-09 13:47:18,399 [Time-limited test] INFO  rpc.RpcClient (RpcClient.java:createVolume(468)) - Creating Volume: volume-20203, with runner as owner and space quota set to -1 bytes, counts quota set to -1
2022-08-09 13:47:18,400 [OM StateMachine ApplyTransaction Thread - 0] INFO  volume.OMVolumeCreateRequest (OMVolumeCreateRequest.java:validateAndUpdateCache(195)) - created volume:volume-20203 for user:runner
]]></system-out>
  </testcase>
  <testcase name="testMkdirNonExistentVolume" classname="TestRootedOzoneFileSystem" time="0.107">
    <system-out><![CDATA[2022-08-09 13:48:23,751 [Time-limited test] INFO  rpc.RpcClient (RpcClient.java:createVolume(468)) - Creating Volume: volume00074, with user96494 as owner and space quota set to -1 bytes, counts quota set to -1
2022-08-09 13:48:23,753 [OM StateMachine ApplyTransaction Thread - 0] INFO  volume.OMVolumeCreateRequest (OMVolumeCreateRequest.java:validateAndUpdateCache(195)) - created volume:volume00074 for user:user96494
2022-08-09 13:48:23,754 [Time-limited test] INFO  rpc.RpcClient (RpcClient.java:createBucket(671)) - Creating Bucket: volume00074/bucket24988, with bucket layout LEGACY, runner as owner, Versioning false, Storage Type set to DISK and Encryption set to false 
2022-08-09 13:48:23,755 [OM StateMachine ApplyTransaction Thread - 0] INFO  bucket.OMBucketCreateRequest (OMBucketCreateRequest.java:validateAndUpdateCache(260)) - created bucket: bucket24988 of layout LEGACY in volume: volume00074
2022-08-09 13:48:23,757 [Time-limited test] INFO  rpc.RpcClient (RpcClient.java:createVolume(468)) - Creating Volume: volume-61267, with runner as owner and space quota set to -1 bytes, counts quota set to -1
2022-08-09 13:48:23,758 [OM StateMachine ApplyTransaction Thread - 0] INFO  volume.OMVolumeCreateRequest (OMVolumeCreateRequest.java:validateAndUpdateCache(195)) - created volume:volume-61267 for user:runner
]]></system-out>
  </testcase>
  <testcase name="testMkdirNonExistentVolume" classname="TestRootedOzoneFileSystem" time="0.151">
    <system-out><![CDATA[2022-08-09 13:49:30,425 [Time-limited test] INFO  rpc.RpcClient (RpcClient.java:createVolume(468)) - Creating Volume: volume67252, with user80343 as owner and space quota set to -1 bytes, counts quota set to -1
2022-08-09 13:49:30,429 [IPC Server handler 3 on default port 42643] INFO  volume.OMVolumeCreateRequest (OMVolumeCreateRequest.java:validateAndUpdateCache(195)) - created volume:volume67252 for user:user80343
2022-08-09 13:49:30,431 [Time-limited test] INFO  rpc.RpcClient (RpcClient.java:createBucket(671)) - Creating Bucket: volume67252/bucket18200, with bucket layout LEGACY, runner as owner, Versioning false, Storage Type set to DISK and Encryption set to false 
2022-08-09 13:49:30,431 [IPC Server handler 8 on default port 42643] INFO  bucket.OMBucketCreateRequest (OMBucketCreateRequest.java:validateAndUpdateCache(260)) - created bucket: bucket18200 of layout LEGACY in volume: volume67252
2022-08-09 13:49:30,434 [Time-limited test] INFO  rpc.RpcClient (RpcClient.java:createVolume(468)) - Creating Volume: volume-95499, with runner as owner and space quota set to -1 bytes, counts quota set to -1
2022-08-09 13:49:30,434 [IPC Server handler 19 on default port 42643] INFO  volume.OMVolumeCreateRequest (OMVolumeCreateRequest.java:validateAndUpdateCache(195)) - created volume:volume-95499 for user:runner
]]></system-out>
  </testcase>
  <testcase name="testMkdirNonExistentVolume" classname="TestRootedOzoneFileSystem" time="0.094">
    <system-out><![CDATA[2022-08-09 13:50:49,026 [Time-limited test] INFO  rpc.RpcClient (RpcClient.java:createVolume(468)) - Creating Volume: volume85077, with user33065 as owner and space quota set to -1 bytes, counts quota set to -1
2022-08-09 13:50:49,040 [OM StateMachine ApplyTransaction Thread - 0] INFO  volume.OMVolumeCreateRequest (OMVolumeCreateRequest.java:validateAndUpdateCache(195)) - created volume:volume85077 for user:user33065
2022-08-09 13:50:49,041 [Time-limited test] INFO  rpc.RpcClient (RpcClient.java:createBucket(671)) - Creating Bucket: volume85077/bucket10155, with bucket layout LEGACY, runner as owner, Versioning false, Storage Type set to DISK and Encryption set to false 
2022-08-09 13:50:49,044 [OM StateMachine ApplyTransaction Thread - 0] INFO  bucket.OMBucketCreateRequest (OMBucketCreateRequest.java:validateAndUpdateCache(260)) - created bucket: bucket10155 of layout LEGACY in volume: volume85077
2022-08-09 13:50:49,052 [Time-limited test] INFO  rpc.RpcClient (RpcClient.java:createVolume(468)) - Creating Volume: volume-72462, with runner as owner and space quota set to -1 bytes, counts quota set to -1
2022-08-09 13:50:49,053 [OM StateMachine ApplyTransaction Thread - 0] INFO  volume.OMVolumeCreateRequest (OMVolumeCreateRequest.java:validateAndUpdateCache(195)) - created volume:volume-72462 for user:runner
]]></system-out>
  </testcase>
  <testcase name="testMkdirNonExistentVolume" classname="TestRootedOzoneFileSystem" time="0.103">
    <system-out><![CDATA[2022-08-09 13:52:14,058 [Time-limited test] INFO  rpc.RpcClient (RpcClient.java:createVolume(468)) - Creating Volume: volume18913, with user27446 as owner and space quota set to -1 bytes, counts quota set to -1
2022-08-09 13:52:14,062 [IPC Server handler 17 on default port 44079] INFO  volume.OMVolumeCreateRequest (OMVolumeCreateRequest.java:validateAndUpdateCache(195)) - created volume:volume18913 for user:user27446
2022-08-09 13:52:14,079 [Time-limited test] INFO  rpc.RpcClient (RpcClient.java:createBucket(671)) - Creating Bucket: volume18913/bucket23573, with bucket layout LEGACY, runner as owner, Versioning false, Storage Type set to DISK and Encryption set to false 
2022-08-09 13:52:14,081 [IPC Server handler 9 on default port 44079] INFO  bucket.OMBucketCreateRequest (OMBucketCreateRequest.java:validateAndUpdateCache(260)) - created bucket: bucket23573 of layout LEGACY in volume: volume18913
2022-08-09 13:52:14,081 [Time-limited test] INFO  rpc.RpcClient (RpcClient.java:createVolume(468)) - Creating Volume: volume-84750, with runner as owner and space quota set to -1 bytes, counts quota set to -1
2022-08-09 13:52:14,082 [IPC Server handler 10 on default port 44079] INFO  volume.OMVolumeCreateRequest (OMVolumeCreateRequest.java:validateAndUpdateCache(195)) - created volume:volume-84750 for user:runner
]]></system-out>
  </testcase>
  <testcase name="testDeleteCreatesFakeParentDir" classname="TestRootedOzoneFileSystem" time="0">
    <skipped type="org.junit.AssumptionViolatedException"><![CDATA[org.junit.AssumptionViolatedException: FS Path is enabled. Skipping this test as it is not tuned for FS Path yet
	at org.junit.Assume.assumeTrue(Assume.java:68)
	at org.apache.hadoop.fs.ozone.TestRootedOzoneFileSystem.testDeleteCreatesFakeParentDir(TestRootedOzoneFileSystem.java:318)
	at sun.reflect.NativeMethodAccessorImpl.invoke0(Native Method)
	at sun.reflect.NativeMethodAccessorImpl.invoke(NativeMethodAccessorImpl.java:62)
	at sun.reflect.DelegatingMethodAccessorImpl.invoke(DelegatingMethodAccessorImpl.java:43)
	at java.lang.reflect.Method.invoke(Method.java:498)
	at org.junit.runners.model.FrameworkMethod$1.runReflectiveCall(FrameworkMethod.java:59)
	at org.junit.internal.runners.model.ReflectiveCallable.run(ReflectiveCallable.java:12)
	at org.junit.runners.model.FrameworkMethod.invokeExplosively(FrameworkMethod.java:56)
	at org.junit.internal.runners.statements.InvokeMethod.evaluate(InvokeMethod.java:17)
	at org.junit.internal.runners.statements.RunBefores.evaluate(RunBefores.java:26)
	at org.junit.internal.runners.statements.RunAfters.evaluate(RunAfters.java:27)
	at org.junit.internal.runners.statements.FailOnTimeout$CallableStatement.call(FailOnTimeout.java:288)
	at org.junit.internal.runners.statements.FailOnTimeout$CallableStatement.call(FailOnTimeout.java:282)
	at java.util.concurrent.FutureTask.run(FutureTask.java:266)
	at java.lang.Thread.run(Thread.java:750)
]]></skipped>
    <system-out><![CDATA[2022-08-09 13:47:18,449 [Time-limited test] INFO  rpc.RpcClient (RpcClient.java:createVolume(468)) - Creating Volume: volume28769, with user13591 as owner and space quota set to -1 bytes, counts quota set to -1
2022-08-09 13:47:18,451 [OM StateMachine ApplyTransaction Thread - 0] INFO  volume.OMVolumeCreateRequest (OMVolumeCreateRequest.java:validateAndUpdateCache(195)) - created volume:volume28769 for user:user13591
2022-08-09 13:47:18,453 [Time-limited test] INFO  rpc.RpcClient (RpcClient.java:createBucket(671)) - Creating Bucket: volume28769/bucket96669, with bucket layout LEGACY, runner as owner, Versioning false, Storage Type set to DISK and Encryption set to false 
2022-08-09 13:47:18,455 [OM StateMachine ApplyTransaction Thread - 0] INFO  bucket.OMBucketCreateRequest (OMBucketCreateRequest.java:validateAndUpdateCache(260)) - created bucket: bucket96669 of layout LEGACY in volume: volume28769
]]></system-out>
  </testcase>
  <testcase name="testDeleteCreatesFakeParentDir" classname="TestRootedOzoneFileSystem" time="0">
    <skipped type="org.junit.AssumptionViolatedException"><![CDATA[org.junit.AssumptionViolatedException: FS Path is enabled. Skipping this test as it is not tuned for FS Path yet
	at org.junit.Assume.assumeTrue(Assume.java:68)
	at org.apache.hadoop.fs.ozone.TestRootedOzoneFileSystem.testDeleteCreatesFakeParentDir(TestRootedOzoneFileSystem.java:318)
	at sun.reflect.NativeMethodAccessorImpl.invoke0(Native Method)
	at sun.reflect.NativeMethodAccessorImpl.invoke(NativeMethodAccessorImpl.java:62)
	at sun.reflect.DelegatingMethodAccessorImpl.invoke(DelegatingMethodAccessorImpl.java:43)
	at java.lang.reflect.Method.invoke(Method.java:498)
	at org.junit.runners.model.FrameworkMethod$1.runReflectiveCall(FrameworkMethod.java:59)
	at org.junit.internal.runners.model.ReflectiveCallable.run(ReflectiveCallable.java:12)
	at org.junit.runners.model.FrameworkMethod.invokeExplosively(FrameworkMethod.java:56)
	at org.junit.internal.runners.statements.InvokeMethod.evaluate(InvokeMethod.java:17)
	at org.junit.internal.runners.statements.RunBefores.evaluate(RunBefores.java:26)
	at org.junit.internal.runners.statements.RunAfters.evaluate(RunAfters.java:27)
	at org.junit.internal.runners.statements.FailOnTimeout$CallableStatement.call(FailOnTimeout.java:288)
	at org.junit.internal.runners.statements.FailOnTimeout$CallableStatement.call(FailOnTimeout.java:282)
	at java.util.concurrent.FutureTask.run(FutureTask.java:266)
	at java.lang.Thread.run(Thread.java:750)
]]></skipped>
    <system-out><![CDATA[2022-08-09 13:48:23,805 [Time-limited test] INFO  rpc.RpcClient (RpcClient.java:createVolume(468)) - Creating Volume: volume76784, with user76661 as owner and space quota set to -1 bytes, counts quota set to -1
2022-08-09 13:48:23,809 [OM StateMachine ApplyTransaction Thread - 0] INFO  volume.OMVolumeCreateRequest (OMVolumeCreateRequest.java:validateAndUpdateCache(195)) - created volume:volume76784 for user:user76661
2022-08-09 13:48:23,810 [Time-limited test] INFO  rpc.RpcClient (RpcClient.java:createBucket(671)) - Creating Bucket: volume76784/bucket68572, with bucket layout LEGACY, runner as owner, Versioning false, Storage Type set to DISK and Encryption set to false 
2022-08-09 13:48:23,814 [OM StateMachine ApplyTransaction Thread - 0] INFO  bucket.OMBucketCreateRequest (OMBucketCreateRequest.java:validateAndUpdateCache(260)) - created bucket: bucket68572 of layout LEGACY in volume: volume76784
]]></system-out>
  </testcase>
  <testcase name="testDeleteCreatesFakeParentDir" classname="TestRootedOzoneFileSystem" time="0">
    <skipped type="org.junit.AssumptionViolatedException"><![CDATA[org.junit.AssumptionViolatedException: FS Path is enabled. Skipping this test as it is not tuned for FS Path yet
	at org.junit.Assume.assumeTrue(Assume.java:68)
	at org.apache.hadoop.fs.ozone.TestRootedOzoneFileSystem.testDeleteCreatesFakeParentDir(TestRootedOzoneFileSystem.java:318)
	at sun.reflect.NativeMethodAccessorImpl.invoke0(Native Method)
	at sun.reflect.NativeMethodAccessorImpl.invoke(NativeMethodAccessorImpl.java:62)
	at sun.reflect.DelegatingMethodAccessorImpl.invoke(DelegatingMethodAccessorImpl.java:43)
	at java.lang.reflect.Method.invoke(Method.java:498)
	at org.junit.runners.model.FrameworkMethod$1.runReflectiveCall(FrameworkMethod.java:59)
	at org.junit.internal.runners.model.ReflectiveCallable.run(ReflectiveCallable.java:12)
	at org.junit.runners.model.FrameworkMethod.invokeExplosively(FrameworkMethod.java:56)
	at org.junit.internal.runners.statements.InvokeMethod.evaluate(InvokeMethod.java:17)
	at org.junit.internal.runners.statements.RunBefores.evaluate(RunBefores.java:26)
	at org.junit.internal.runners.statements.RunAfters.evaluate(RunAfters.java:27)
	at org.junit.internal.runners.statements.FailOnTimeout$CallableStatement.call(FailOnTimeout.java:288)
	at org.junit.internal.runners.statements.FailOnTimeout$CallableStatement.call(FailOnTimeout.java:282)
	at java.util.concurrent.FutureTask.run(FutureTask.java:266)
	at java.lang.Thread.run(Thread.java:750)
]]></skipped>
    <system-out><![CDATA[2022-08-09 13:49:30,563 [Time-limited test] INFO  rpc.RpcClient (RpcClient.java:createVolume(468)) - Creating Volume: volume74241, with user53106 as owner and space quota set to -1 bytes, counts quota set to -1
2022-08-09 13:49:30,567 [IPC Server handler 18 on default port 42643] INFO  volume.OMVolumeCreateRequest (OMVolumeCreateRequest.java:validateAndUpdateCache(195)) - created volume:volume74241 for user:user53106
2022-08-09 13:49:30,568 [Time-limited test] INFO  rpc.RpcClient (RpcClient.java:createBucket(671)) - Creating Bucket: volume74241/bucket65883, with bucket layout LEGACY, runner as owner, Versioning false, Storage Type set to DISK and Encryption set to false 
2022-08-09 13:49:30,569 [IPC Server handler 12 on default port 42643] INFO  bucket.OMBucketCreateRequest (OMBucketCreateRequest.java:validateAndUpdateCache(260)) - created bucket: bucket65883 of layout LEGACY in volume: volume74241
]]></system-out>
  </testcase>
  <testcase name="testDeleteCreatesFakeParentDir" classname="TestRootedOzoneFileSystem" time="0.195">
    <system-out><![CDATA[2022-08-09 13:50:49,157 [Time-limited test] INFO  rpc.RpcClient (RpcClient.java:createVolume(468)) - Creating Volume: volume99016, with user00874 as owner and space quota set to -1 bytes, counts quota set to -1
2022-08-09 13:50:49,165 [OM StateMachine ApplyTransaction Thread - 0] INFO  volume.OMVolumeCreateRequest (OMVolumeCreateRequest.java:validateAndUpdateCache(195)) - created volume:volume99016 for user:user00874
2022-08-09 13:50:49,166 [Time-limited test] INFO  rpc.RpcClient (RpcClient.java:createBucket(671)) - Creating Bucket: volume99016/bucket87653, with bucket layout LEGACY, runner as owner, Versioning false, Storage Type set to DISK and Encryption set to false 
2022-08-09 13:50:49,169 [OM StateMachine ApplyTransaction Thread - 0] INFO  bucket.OMBucketCreateRequest (OMBucketCreateRequest.java:validateAndUpdateCache(260)) - created bucket: bucket87653 of layout LEGACY in volume: volume99016
]]></system-out>
  </testcase>
  <testcase name="testDeleteCreatesFakeParentDir" classname="TestRootedOzoneFileSystem" time="0.227">
    <system-out><![CDATA[2022-08-09 13:52:14,184 [Time-limited test] INFO  rpc.RpcClient (RpcClient.java:createVolume(468)) - Creating Volume: volume33123, with user18273 as owner and space quota set to -1 bytes, counts quota set to -1
2022-08-09 13:52:14,186 [IPC Server handler 2 on default port 44079] INFO  volume.OMVolumeCreateRequest (OMVolumeCreateRequest.java:validateAndUpdateCache(195)) - created volume:volume33123 for user:user18273
2022-08-09 13:52:14,191 [Time-limited test] INFO  rpc.RpcClient (RpcClient.java:createBucket(671)) - Creating Bucket: volume33123/bucket29652, with bucket layout LEGACY, runner as owner, Versioning false, Storage Type set to DISK and Encryption set to false 
2022-08-09 13:52:14,196 [IPC Server handler 4 on default port 44079] INFO  bucket.OMBucketCreateRequest (OMBucketCreateRequest.java:validateAndUpdateCache(260)) - created bucket: bucket29652 of layout LEGACY in volume: volume33123
]]></system-out>
  </testcase>
  <testcase name="testNonExplicitlyCreatedPathExistsAfterItsLeafsWereRemoved" classname="TestRootedOzoneFileSystem" time="0.092">
    <system-out><![CDATA[2022-08-09 13:47:18,490 [Time-limited test] INFO  rpc.RpcClient (RpcClient.java:createVolume(468)) - Creating Volume: volume63372, with user77055 as owner and space quota set to -1 bytes, counts quota set to -1
2022-08-09 13:47:18,491 [OM StateMachine ApplyTransaction Thread - 0] INFO  volume.OMVolumeCreateRequest (OMVolumeCreateRequest.java:validateAndUpdateCache(195)) - created volume:volume63372 for user:user77055
2022-08-09 13:47:18,494 [Time-limited test] INFO  rpc.RpcClient (RpcClient.java:createBucket(671)) - Creating Bucket: volume63372/bucket12037, with bucket layout LEGACY, runner as owner, Versioning false, Storage Type set to DISK and Encryption set to false 
2022-08-09 13:47:18,496 [OM StateMachine ApplyTransaction Thread - 0] INFO  bucket.OMBucketCreateRequest (OMBucketCreateRequest.java:validateAndUpdateCache(260)) - created bucket: bucket12037 of layout LEGACY in volume: volume63372
13:47:18.510 [IPC Server handler 3 on default port 44757] ERROR OMAudit - user=runner | ip=127.0.0.1 | op=GET_FILE_STATUS {volume=volume63372, bucket=bucket12037, key=target/leaf, dataSize=0, replicationConfig=null} | ret=FAILURE
org.apache.hadoop.ozone.om.exceptions.OMException: Unable to get file status: volume: volume63372 bucket: bucket12037 key: target/leaf
	at org.apache.hadoop.ozone.om.KeyManagerImpl.getOzoneFileStatus(KeyManagerImpl.java:1311) ~[ozone-manager-1.3.0-SNAPSHOT.jar:?]
	at org.apache.hadoop.ozone.om.KeyManagerImpl.getFileStatus(KeyManagerImpl.java:1241) ~[ozone-manager-1.3.0-SNAPSHOT.jar:?]
	at org.apache.hadoop.ozone.om.OzoneManager.getFileStatus(OzoneManager.java:3468) ~[ozone-manager-1.3.0-SNAPSHOT.jar:?]
	at org.apache.hadoop.ozone.protocolPB.OzoneManagerRequestHandler.getOzoneFileStatus(OzoneManagerRequestHandler.java:882) ~[ozone-manager-1.3.0-SNAPSHOT.jar:?]
	at org.apache.hadoop.ozone.protocolPB.OzoneManagerRequestHandler.handleReadRequest(OzoneManagerRequestHandler.java:228) ~[ozone-manager-1.3.0-SNAPSHOT.jar:?]
	at org.apache.hadoop.ozone.protocolPB.OzoneManagerProtocolServerSideTranslatorPB.submitReadRequestToOM(OzoneManagerProtocolServerSideTranslatorPB.java:226) ~[ozone-manager-1.3.0-SNAPSHOT.jar:?]
	at org.apache.hadoop.ozone.protocolPB.OzoneManagerProtocolServerSideTranslatorPB.processRequest(OzoneManagerProtocolServerSideTranslatorPB.java:175) ~[ozone-manager-1.3.0-SNAPSHOT.jar:?]
	at org.apache.hadoop.hdds.server.OzoneProtocolMessageDispatcher.processRequest(OzoneProtocolMessageDispatcher.java:87) [hdds-server-framework-1.3.0-SNAPSHOT.jar:?]
	at org.apache.hadoop.ozone.protocolPB.OzoneManagerProtocolServerSideTranslatorPB.submitRequest(OzoneManagerProtocolServerSideTranslatorPB.java:147) [ozone-manager-1.3.0-SNAPSHOT.jar:?]
	at org.apache.hadoop.ozone.protocol.proto.OzoneManagerProtocolProtos$OzoneManagerService$2.callBlockingMethod(OzoneManagerProtocolProtos.java) [ozone-interface-client-1.3.0-SNAPSHOT.jar:?]
	at org.apache.hadoop.ipc.ProtobufRpcEngine$Server.processCall(ProtobufRpcEngine.java:466) [hadoop-common-3.3.1.jar:?]
	at org.apache.hadoop.ipc.ProtobufRpcEngine2$Server$ProtoBufRpcInvoker.call(ProtobufRpcEngine2.java:574) [hadoop-common-3.3.1.jar:?]
	at org.apache.hadoop.ipc.ProtobufRpcEngine2$Server$ProtoBufRpcInvoker.call(ProtobufRpcEngine2.java:552) [hadoop-common-3.3.1.jar:?]
	at org.apache.hadoop.ipc.RPC$Server.call(RPC.java:1093) [hadoop-common-3.3.1.jar:?]
	at org.apache.hadoop.ipc.Server$RpcCall.run(Server.java:1035) [hadoop-common-3.3.1.jar:?]
	at org.apache.hadoop.ipc.Server$RpcCall.run(Server.java:963) [hadoop-common-3.3.1.jar:?]
	at java.security.AccessController.doPrivileged(Native Method) ~[?:1.8.0_332]
	at javax.security.auth.Subject.doAs(Subject.java:422) [?:1.8.0_332]
	at org.apache.hadoop.security.UserGroupInformation.doAs(UserGroupInformation.java:1878) [hadoop-common-3.3.1.jar:?]
	at org.apache.hadoop.ipc.Server$Handler.run(Server.java:2966) [hadoop-common-3.3.1.jar:?]
]]></system-out>
  </testcase>
  <testcase name="testNonExplicitlyCreatedPathExistsAfterItsLeafsWereRemoved" classname="TestRootedOzoneFileSystem" time="0.131">
    <system-out><![CDATA[2022-08-09 13:48:23,909 [Time-limited test] INFO  rpc.RpcClient (RpcClient.java:createVolume(468)) - Creating Volume: volume35586, with user77323 as owner and space quota set to -1 bytes, counts quota set to -1
2022-08-09 13:48:23,912 [OM StateMachine ApplyTransaction Thread - 0] INFO  volume.OMVolumeCreateRequest (OMVolumeCreateRequest.java:validateAndUpdateCache(195)) - created volume:volume35586 for user:user77323
2022-08-09 13:48:23,914 [Time-limited test] INFO  rpc.RpcClient (RpcClient.java:createBucket(671)) - Creating Bucket: volume35586/bucket09289, with bucket layout LEGACY, runner as owner, Versioning false, Storage Type set to DISK and Encryption set to false 
2022-08-09 13:48:23,918 [OM StateMachine ApplyTransaction Thread - 0] INFO  bucket.OMBucketCreateRequest (OMBucketCreateRequest.java:validateAndUpdateCache(260)) - created bucket: bucket09289 of layout LEGACY in volume: volume35586
13:48:23.930 [IPC Server handler 16 on default port 34619] ERROR OMAudit - user=runner | ip=127.0.0.1 | op=GET_FILE_STATUS {volume=volume35586, bucket=bucket09289, key=target/leaf, dataSize=0, replicationConfig=null} | ret=FAILURE
org.apache.hadoop.ozone.om.exceptions.OMException: Unable to get file status: volume: volume35586 bucket: bucket09289 key: target/leaf
	at org.apache.hadoop.ozone.om.KeyManagerImpl.getOzoneFileStatus(KeyManagerImpl.java:1311) ~[ozone-manager-1.3.0-SNAPSHOT.jar:?]
	at org.apache.hadoop.ozone.om.KeyManagerImpl.getFileStatus(KeyManagerImpl.java:1241) ~[ozone-manager-1.3.0-SNAPSHOT.jar:?]
	at org.apache.hadoop.ozone.om.OzoneManager.getFileStatus(OzoneManager.java:3468) ~[ozone-manager-1.3.0-SNAPSHOT.jar:?]
	at org.apache.hadoop.ozone.protocolPB.OzoneManagerRequestHandler.getOzoneFileStatus(OzoneManagerRequestHandler.java:882) ~[ozone-manager-1.3.0-SNAPSHOT.jar:?]
	at org.apache.hadoop.ozone.protocolPB.OzoneManagerRequestHandler.handleReadRequest(OzoneManagerRequestHandler.java:228) ~[ozone-manager-1.3.0-SNAPSHOT.jar:?]
	at org.apache.hadoop.ozone.protocolPB.OzoneManagerProtocolServerSideTranslatorPB.submitReadRequestToOM(OzoneManagerProtocolServerSideTranslatorPB.java:226) ~[ozone-manager-1.3.0-SNAPSHOT.jar:?]
	at org.apache.hadoop.ozone.protocolPB.OzoneManagerProtocolServerSideTranslatorPB.processRequest(OzoneManagerProtocolServerSideTranslatorPB.java:175) ~[ozone-manager-1.3.0-SNAPSHOT.jar:?]
	at org.apache.hadoop.hdds.server.OzoneProtocolMessageDispatcher.processRequest(OzoneProtocolMessageDispatcher.java:87) [hdds-server-framework-1.3.0-SNAPSHOT.jar:?]
	at org.apache.hadoop.ozone.protocolPB.OzoneManagerProtocolServerSideTranslatorPB.submitRequest(OzoneManagerProtocolServerSideTranslatorPB.java:147) [ozone-manager-1.3.0-SNAPSHOT.jar:?]
	at org.apache.hadoop.ozone.protocol.proto.OzoneManagerProtocolProtos$OzoneManagerService$2.callBlockingMethod(OzoneManagerProtocolProtos.java) [ozone-interface-client-1.3.0-SNAPSHOT.jar:?]
	at org.apache.hadoop.ipc.ProtobufRpcEngine$Server.processCall(ProtobufRpcEngine.java:466) [hadoop-common-3.3.1.jar:?]
	at org.apache.hadoop.ipc.ProtobufRpcEngine2$Server$ProtoBufRpcInvoker.call(ProtobufRpcEngine2.java:574) [hadoop-common-3.3.1.jar:?]
	at org.apache.hadoop.ipc.ProtobufRpcEngine2$Server$ProtoBufRpcInvoker.call(ProtobufRpcEngine2.java:552) [hadoop-common-3.3.1.jar:?]
	at org.apache.hadoop.ipc.RPC$Server.call(RPC.java:1093) [hadoop-common-3.3.1.jar:?]
	at org.apache.hadoop.ipc.Server$RpcCall.run(Server.java:1035) [hadoop-common-3.3.1.jar:?]
	at org.apache.hadoop.ipc.Server$RpcCall.run(Server.java:963) [hadoop-common-3.3.1.jar:?]
	at java.security.AccessController.doPrivileged(Native Method) ~[?:1.8.0_332]
	at javax.security.auth.Subject.doAs(Subject.java:422) [?:1.8.0_332]
	at org.apache.hadoop.security.UserGroupInformation.doAs(UserGroupInformation.java:1878) [hadoop-common-3.3.1.jar:?]
	at org.apache.hadoop.ipc.Server$Handler.run(Server.java:2966) [hadoop-common-3.3.1.jar:?]
]]></system-out>
  </testcase>
  <testcase name="testNonExplicitlyCreatedPathExistsAfterItsLeafsWereRemoved" classname="TestRootedOzoneFileSystem" time="0.207">
    <system-out><![CDATA[2022-08-09 13:49:30,742 [Time-limited test] INFO  rpc.RpcClient (RpcClient.java:createVolume(468)) - Creating Volume: volume33774, with user32621 as owner and space quota set to -1 bytes, counts quota set to -1
2022-08-09 13:49:30,743 [IPC Server handler 12 on default port 42643] INFO  volume.OMVolumeCreateRequest (OMVolumeCreateRequest.java:validateAndUpdateCache(195)) - created volume:volume33774 for user:user32621
2022-08-09 13:49:30,752 [Time-limited test] INFO  rpc.RpcClient (RpcClient.java:createBucket(671)) - Creating Bucket: volume33774/bucket12889, with bucket layout LEGACY, runner as owner, Versioning false, Storage Type set to DISK and Encryption set to false 
2022-08-09 13:49:30,753 [IPC Server handler 17 on default port 42643] INFO  bucket.OMBucketCreateRequest (OMBucketCreateRequest.java:validateAndUpdateCache(260)) - created bucket: bucket12889 of layout LEGACY in volume: volume33774
13:49:30.758 [IPC Server handler 8 on default port 42643] ERROR OMAudit - user=runner | ip=127.0.0.1 | op=GET_FILE_STATUS {volume=volume33774, bucket=bucket12889, key=target/leaf, dataSize=0, replicationConfig=null} | ret=FAILURE
org.apache.hadoop.ozone.om.exceptions.OMException: Unable to get file status: volume: volume33774 bucket: bucket12889 key: target/leaf
	at org.apache.hadoop.ozone.om.KeyManagerImpl.getOzoneFileStatus(KeyManagerImpl.java:1311) ~[ozone-manager-1.3.0-SNAPSHOT.jar:?]
	at org.apache.hadoop.ozone.om.KeyManagerImpl.getFileStatus(KeyManagerImpl.java:1241) ~[ozone-manager-1.3.0-SNAPSHOT.jar:?]
	at org.apache.hadoop.ozone.om.OzoneManager.getFileStatus(OzoneManager.java:3468) ~[ozone-manager-1.3.0-SNAPSHOT.jar:?]
	at org.apache.hadoop.ozone.protocolPB.OzoneManagerRequestHandler.getOzoneFileStatus(OzoneManagerRequestHandler.java:882) ~[ozone-manager-1.3.0-SNAPSHOT.jar:?]
	at org.apache.hadoop.ozone.protocolPB.OzoneManagerRequestHandler.handleReadRequest(OzoneManagerRequestHandler.java:228) ~[ozone-manager-1.3.0-SNAPSHOT.jar:?]
	at org.apache.hadoop.ozone.protocolPB.OzoneManagerProtocolServerSideTranslatorPB.submitRequestDirectlyToOM(OzoneManagerProtocolServerSideTranslatorPB.java:276) ~[ozone-manager-1.3.0-SNAPSHOT.jar:?]
	at org.apache.hadoop.ozone.protocolPB.OzoneManagerProtocolServerSideTranslatorPB.processRequest(OzoneManagerProtocolServerSideTranslatorPB.java:205) ~[ozone-manager-1.3.0-SNAPSHOT.jar:?]
	at org.apache.hadoop.hdds.server.OzoneProtocolMessageDispatcher.processRequest(OzoneProtocolMessageDispatcher.java:87) [hdds-server-framework-1.3.0-SNAPSHOT.jar:?]
	at org.apache.hadoop.ozone.protocolPB.OzoneManagerProtocolServerSideTranslatorPB.submitRequest(OzoneManagerProtocolServerSideTranslatorPB.java:147) [ozone-manager-1.3.0-SNAPSHOT.jar:?]
	at org.apache.hadoop.ozone.protocol.proto.OzoneManagerProtocolProtos$OzoneManagerService$2.callBlockingMethod(OzoneManagerProtocolProtos.java) [ozone-interface-client-1.3.0-SNAPSHOT.jar:?]
	at org.apache.hadoop.ipc.ProtobufRpcEngine$Server.processCall(ProtobufRpcEngine.java:466) [hadoop-common-3.3.1.jar:?]
	at org.apache.hadoop.ipc.ProtobufRpcEngine2$Server$ProtoBufRpcInvoker.call(ProtobufRpcEngine2.java:574) [hadoop-common-3.3.1.jar:?]
	at org.apache.hadoop.ipc.ProtobufRpcEngine2$Server$ProtoBufRpcInvoker.call(ProtobufRpcEngine2.java:552) [hadoop-common-3.3.1.jar:?]
	at org.apache.hadoop.ipc.RPC$Server.call(RPC.java:1093) [hadoop-common-3.3.1.jar:?]
	at org.apache.hadoop.ipc.Server$RpcCall.run(Server.java:1035) [hadoop-common-3.3.1.jar:?]
	at org.apache.hadoop.ipc.Server$RpcCall.run(Server.java:963) [hadoop-common-3.3.1.jar:?]
	at java.security.AccessController.doPrivileged(Native Method) ~[?:1.8.0_332]
	at javax.security.auth.Subject.doAs(Subject.java:422) [?:1.8.0_332]
	at org.apache.hadoop.security.UserGroupInformation.doAs(UserGroupInformation.java:1878) [hadoop-common-3.3.1.jar:?]
	at org.apache.hadoop.ipc.Server$Handler.run(Server.java:2966) [hadoop-common-3.3.1.jar:?]
]]></system-out>
  </testcase>
  <testcase name="testNonExplicitlyCreatedPathExistsAfterItsLeafsWereRemoved" classname="TestRootedOzoneFileSystem" time="0.143">
    <system-out><![CDATA[2022-08-09 13:50:49,329 [Time-limited test] INFO  rpc.RpcClient (RpcClient.java:createVolume(468)) - Creating Volume: volume86319, with user70271 as owner and space quota set to -1 bytes, counts quota set to -1
2022-08-09 13:50:49,334 [OM StateMachine ApplyTransaction Thread - 0] INFO  volume.OMVolumeCreateRequest (OMVolumeCreateRequest.java:validateAndUpdateCache(195)) - created volume:volume86319 for user:user70271
2022-08-09 13:50:49,335 [Time-limited test] INFO  rpc.RpcClient (RpcClient.java:createBucket(671)) - Creating Bucket: volume86319/bucket78734, with bucket layout LEGACY, runner as owner, Versioning false, Storage Type set to DISK and Encryption set to false 
2022-08-09 13:50:49,336 [OM StateMachine ApplyTransaction Thread - 0] INFO  bucket.OMBucketCreateRequest (OMBucketCreateRequest.java:validateAndUpdateCache(260)) - created bucket: bucket78734 of layout LEGACY in volume: volume86319
13:50:49.343 [IPC Server handler 5 on default port 45023] ERROR OMAudit - user=runner | ip=127.0.0.1 | op=GET_FILE_STATUS {volume=volume86319, bucket=bucket78734, key=target/leaf, dataSize=0, replicationConfig=null} | ret=FAILURE
org.apache.hadoop.ozone.om.exceptions.OMException: Unable to get file status: volume: volume86319 bucket: bucket78734 key: target/leaf
	at org.apache.hadoop.ozone.om.KeyManagerImpl.getOzoneFileStatus(KeyManagerImpl.java:1311) ~[ozone-manager-1.3.0-SNAPSHOT.jar:?]
	at org.apache.hadoop.ozone.om.KeyManagerImpl.getFileStatus(KeyManagerImpl.java:1241) ~[ozone-manager-1.3.0-SNAPSHOT.jar:?]
	at org.apache.hadoop.ozone.om.OzoneManager.getFileStatus(OzoneManager.java:3468) ~[ozone-manager-1.3.0-SNAPSHOT.jar:?]
	at org.apache.hadoop.ozone.protocolPB.OzoneManagerRequestHandler.getOzoneFileStatus(OzoneManagerRequestHandler.java:882) ~[ozone-manager-1.3.0-SNAPSHOT.jar:?]
	at org.apache.hadoop.ozone.protocolPB.OzoneManagerRequestHandler.handleReadRequest(OzoneManagerRequestHandler.java:228) ~[ozone-manager-1.3.0-SNAPSHOT.jar:?]
	at org.apache.hadoop.ozone.protocolPB.OzoneManagerProtocolServerSideTranslatorPB.submitReadRequestToOM(OzoneManagerProtocolServerSideTranslatorPB.java:226) ~[ozone-manager-1.3.0-SNAPSHOT.jar:?]
	at org.apache.hadoop.ozone.protocolPB.OzoneManagerProtocolServerSideTranslatorPB.processRequest(OzoneManagerProtocolServerSideTranslatorPB.java:175) ~[ozone-manager-1.3.0-SNAPSHOT.jar:?]
	at org.apache.hadoop.hdds.server.OzoneProtocolMessageDispatcher.processRequest(OzoneProtocolMessageDispatcher.java:87) [hdds-server-framework-1.3.0-SNAPSHOT.jar:?]
	at org.apache.hadoop.ozone.protocolPB.OzoneManagerProtocolServerSideTranslatorPB.submitRequest(OzoneManagerProtocolServerSideTranslatorPB.java:147) [ozone-manager-1.3.0-SNAPSHOT.jar:?]
	at org.apache.hadoop.ozone.protocol.proto.OzoneManagerProtocolProtos$OzoneManagerService$2.callBlockingMethod(OzoneManagerProtocolProtos.java) [ozone-interface-client-1.3.0-SNAPSHOT.jar:?]
	at org.apache.hadoop.ipc.ProtobufRpcEngine$Server.processCall(ProtobufRpcEngine.java:466) [hadoop-common-3.3.1.jar:?]
	at org.apache.hadoop.ipc.ProtobufRpcEngine2$Server$ProtoBufRpcInvoker.call(ProtobufRpcEngine2.java:574) [hadoop-common-3.3.1.jar:?]
	at org.apache.hadoop.ipc.ProtobufRpcEngine2$Server$ProtoBufRpcInvoker.call(ProtobufRpcEngine2.java:552) [hadoop-common-3.3.1.jar:?]
	at org.apache.hadoop.ipc.RPC$Server.call(RPC.java:1093) [hadoop-common-3.3.1.jar:?]
	at org.apache.hadoop.ipc.Server$RpcCall.run(Server.java:1035) [hadoop-common-3.3.1.jar:?]
	at org.apache.hadoop.ipc.Server$RpcCall.run(Server.java:963) [hadoop-common-3.3.1.jar:?]
	at java.security.AccessController.doPrivileged(Native Method) ~[?:1.8.0_332]
	at javax.security.auth.Subject.doAs(Subject.java:422) [?:1.8.0_332]
	at org.apache.hadoop.security.UserGroupInformation.doAs(UserGroupInformation.java:1878) [hadoop-common-3.3.1.jar:?]
	at org.apache.hadoop.ipc.Server$Handler.run(Server.java:2966) [hadoop-common-3.3.1.jar:?]
]]></system-out>
  </testcase>
  <testcase name="testNonExplicitlyCreatedPathExistsAfterItsLeafsWereRemoved" classname="TestRootedOzoneFileSystem" time="0.189">
    <system-out><![CDATA[2022-08-09 13:52:14,423 [Time-limited test] INFO  rpc.RpcClient (RpcClient.java:createVolume(468)) - Creating Volume: volume60683, with user51385 as owner and space quota set to -1 bytes, counts quota set to -1
2022-08-09 13:52:14,424 [IPC Server handler 16 on default port 44079] INFO  volume.OMVolumeCreateRequest (OMVolumeCreateRequest.java:validateAndUpdateCache(195)) - created volume:volume60683 for user:user51385
2022-08-09 13:52:14,430 [Time-limited test] INFO  rpc.RpcClient (RpcClient.java:createBucket(671)) - Creating Bucket: volume60683/bucket20460, with bucket layout LEGACY, runner as owner, Versioning false, Storage Type set to DISK and Encryption set to false 
2022-08-09 13:52:14,430 [IPC Server handler 11 on default port 44079] INFO  bucket.OMBucketCreateRequest (OMBucketCreateRequest.java:validateAndUpdateCache(260)) - created bucket: bucket20460 of layout LEGACY in volume: volume60683
13:52:14.443 [IPC Server handler 0 on default port 44079] ERROR OMAudit - user=runner | ip=127.0.0.1 | op=GET_FILE_STATUS {volume=volume60683, bucket=bucket20460, key=target/leaf, dataSize=0, replicationConfig=null} | ret=FAILURE
org.apache.hadoop.ozone.om.exceptions.OMException: Unable to get file status: volume: volume60683 bucket: bucket20460 key: target/leaf
	at org.apache.hadoop.ozone.om.KeyManagerImpl.getOzoneFileStatus(KeyManagerImpl.java:1311) ~[ozone-manager-1.3.0-SNAPSHOT.jar:?]
	at org.apache.hadoop.ozone.om.KeyManagerImpl.getFileStatus(KeyManagerImpl.java:1241) ~[ozone-manager-1.3.0-SNAPSHOT.jar:?]
	at org.apache.hadoop.ozone.om.OzoneManager.getFileStatus(OzoneManager.java:3468) ~[ozone-manager-1.3.0-SNAPSHOT.jar:?]
	at org.apache.hadoop.ozone.protocolPB.OzoneManagerRequestHandler.getOzoneFileStatus(OzoneManagerRequestHandler.java:882) ~[ozone-manager-1.3.0-SNAPSHOT.jar:?]
	at org.apache.hadoop.ozone.protocolPB.OzoneManagerRequestHandler.handleReadRequest(OzoneManagerRequestHandler.java:228) ~[ozone-manager-1.3.0-SNAPSHOT.jar:?]
	at org.apache.hadoop.ozone.protocolPB.OzoneManagerProtocolServerSideTranslatorPB.submitRequestDirectlyToOM(OzoneManagerProtocolServerSideTranslatorPB.java:276) ~[ozone-manager-1.3.0-SNAPSHOT.jar:?]
	at org.apache.hadoop.ozone.protocolPB.OzoneManagerProtocolServerSideTranslatorPB.processRequest(OzoneManagerProtocolServerSideTranslatorPB.java:205) ~[ozone-manager-1.3.0-SNAPSHOT.jar:?]
	at org.apache.hadoop.hdds.server.OzoneProtocolMessageDispatcher.processRequest(OzoneProtocolMessageDispatcher.java:87) [hdds-server-framework-1.3.0-SNAPSHOT.jar:?]
	at org.apache.hadoop.ozone.protocolPB.OzoneManagerProtocolServerSideTranslatorPB.submitRequest(OzoneManagerProtocolServerSideTranslatorPB.java:147) [ozone-manager-1.3.0-SNAPSHOT.jar:?]
	at org.apache.hadoop.ozone.protocol.proto.OzoneManagerProtocolProtos$OzoneManagerService$2.callBlockingMethod(OzoneManagerProtocolProtos.java) [ozone-interface-client-1.3.0-SNAPSHOT.jar:?]
	at org.apache.hadoop.ipc.ProtobufRpcEngine$Server.processCall(ProtobufRpcEngine.java:466) [hadoop-common-3.3.1.jar:?]
	at org.apache.hadoop.ipc.ProtobufRpcEngine2$Server$ProtoBufRpcInvoker.call(ProtobufRpcEngine2.java:574) [hadoop-common-3.3.1.jar:?]
	at org.apache.hadoop.ipc.ProtobufRpcEngine2$Server$ProtoBufRpcInvoker.call(ProtobufRpcEngine2.java:552) [hadoop-common-3.3.1.jar:?]
	at org.apache.hadoop.ipc.RPC$Server.call(RPC.java:1093) [hadoop-common-3.3.1.jar:?]
	at org.apache.hadoop.ipc.Server$RpcCall.run(Server.java:1035) [hadoop-common-3.3.1.jar:?]
	at org.apache.hadoop.ipc.Server$RpcCall.run(Server.java:963) [hadoop-common-3.3.1.jar:?]
	at java.security.AccessController.doPrivileged(Native Method) ~[?:1.8.0_332]
	at javax.security.auth.Subject.doAs(Subject.java:422) [?:1.8.0_332]
	at org.apache.hadoop.security.UserGroupInformation.doAs(UserGroupInformation.java:1878) [hadoop-common-3.3.1.jar:?]
	at org.apache.hadoop.ipc.Server$Handler.run(Server.java:2966) [hadoop-common-3.3.1.jar:?]
]]></system-out>
  </testcase>
  <testcase name="testFileDelete" classname="TestRootedOzoneFileSystem" time="0.216">
    <system-out><![CDATA[2022-08-09 13:47:18,594 [Time-limited test] INFO  rpc.RpcClient (RpcClient.java:createVolume(468)) - Creating Volume: volume63649, with user53548 as owner and space quota set to -1 bytes, counts quota set to -1
2022-08-09 13:47:18,597 [OM StateMachine ApplyTransaction Thread - 0] INFO  volume.OMVolumeCreateRequest (OMVolumeCreateRequest.java:validateAndUpdateCache(195)) - created volume:volume63649 for user:user53548
2022-08-09 13:47:18,599 [Time-limited test] INFO  rpc.RpcClient (RpcClient.java:createBucket(671)) - Creating Bucket: volume63649/bucket89956, with bucket layout LEGACY, runner as owner, Versioning false, Storage Type set to DISK and Encryption set to false 
2022-08-09 13:47:18,601 [OM StateMachine ApplyTransaction Thread - 0] INFO  bucket.OMBucketCreateRequest (OMBucketCreateRequest.java:validateAndUpdateCache(260)) - created bucket: bucket89956 of layout LEGACY in volume: volume63649
13:47:18.743 [IPC Server handler 11 on default port 44757] ERROR OMAudit - user=runner | ip=127.0.0.1 | op=GET_FILE_STATUS {volume=volume63649, bucket=bucket89956, key=testBatchDelete, dataSize=0, replicationConfig=null} | ret=FAILURE
org.apache.hadoop.ozone.om.exceptions.OMException: Unable to get file status: volume: volume63649 bucket: bucket89956 key: testBatchDelete
	at org.apache.hadoop.ozone.om.KeyManagerImpl.getOzoneFileStatus(KeyManagerImpl.java:1311) ~[ozone-manager-1.3.0-SNAPSHOT.jar:?]
	at org.apache.hadoop.ozone.om.KeyManagerImpl.getFileStatus(KeyManagerImpl.java:1241) ~[ozone-manager-1.3.0-SNAPSHOT.jar:?]
	at org.apache.hadoop.ozone.om.OzoneManager.getFileStatus(OzoneManager.java:3468) ~[ozone-manager-1.3.0-SNAPSHOT.jar:?]
	at org.apache.hadoop.ozone.protocolPB.OzoneManagerRequestHandler.getOzoneFileStatus(OzoneManagerRequestHandler.java:882) ~[ozone-manager-1.3.0-SNAPSHOT.jar:?]
	at org.apache.hadoop.ozone.protocolPB.OzoneManagerRequestHandler.handleReadRequest(OzoneManagerRequestHandler.java:228) ~[ozone-manager-1.3.0-SNAPSHOT.jar:?]
	at org.apache.hadoop.ozone.protocolPB.OzoneManagerProtocolServerSideTranslatorPB.submitReadRequestToOM(OzoneManagerProtocolServerSideTranslatorPB.java:226) ~[ozone-manager-1.3.0-SNAPSHOT.jar:?]
	at org.apache.hadoop.ozone.protocolPB.OzoneManagerProtocolServerSideTranslatorPB.processRequest(OzoneManagerProtocolServerSideTranslatorPB.java:175) ~[ozone-manager-1.3.0-SNAPSHOT.jar:?]
	at org.apache.hadoop.hdds.server.OzoneProtocolMessageDispatcher.processRequest(OzoneProtocolMessageDispatcher.java:87) [hdds-server-framework-1.3.0-SNAPSHOT.jar:?]
	at org.apache.hadoop.ozone.protocolPB.OzoneManagerProtocolServerSideTranslatorPB.submitRequest(OzoneManagerProtocolServerSideTranslatorPB.java:147) [ozone-manager-1.3.0-SNAPSHOT.jar:?]
	at org.apache.hadoop.ozone.protocol.proto.OzoneManagerProtocolProtos$OzoneManagerService$2.callBlockingMethod(OzoneManagerProtocolProtos.java) [ozone-interface-client-1.3.0-SNAPSHOT.jar:?]
	at org.apache.hadoop.ipc.ProtobufRpcEngine$Server.processCall(ProtobufRpcEngine.java:466) [hadoop-common-3.3.1.jar:?]
	at org.apache.hadoop.ipc.ProtobufRpcEngine2$Server$ProtoBufRpcInvoker.call(ProtobufRpcEngine2.java:574) [hadoop-common-3.3.1.jar:?]
	at org.apache.hadoop.ipc.ProtobufRpcEngine2$Server$ProtoBufRpcInvoker.call(ProtobufRpcEngine2.java:552) [hadoop-common-3.3.1.jar:?]
	at org.apache.hadoop.ipc.RPC$Server.call(RPC.java:1093) [hadoop-common-3.3.1.jar:?]
	at org.apache.hadoop.ipc.Server$RpcCall.run(Server.java:1035) [hadoop-common-3.3.1.jar:?]
	at org.apache.hadoop.ipc.Server$RpcCall.run(Server.java:963) [hadoop-common-3.3.1.jar:?]
	at java.security.AccessController.doPrivileged(Native Method) ~[?:1.8.0_332]
	at javax.security.auth.Subject.doAs(Subject.java:422) [?:1.8.0_332]
	at org.apache.hadoop.security.UserGroupInformation.doAs(UserGroupInformation.java:1878) [hadoop-common-3.3.1.jar:?]
	at org.apache.hadoop.ipc.Server$Handler.run(Server.java:2966) [hadoop-common-3.3.1.jar:?]
13:47:18.745 [IPC Server handler 6 on default port 44757] ERROR OMAudit - user=runner | ip=127.0.0.1 | op=GET_FILE_STATUS {volume=volume63649, bucket=bucket89956, key=testBatchDelete/parent/child0, dataSize=0, replicationConfig=null} | ret=FAILURE
org.apache.hadoop.ozone.om.exceptions.OMException: Unable to get file status: volume: volume63649 bucket: bucket89956 key: testBatchDelete/parent/child0
	at org.apache.hadoop.ozone.om.KeyManagerImpl.getOzoneFileStatus(KeyManagerImpl.java:1311) ~[ozone-manager-1.3.0-SNAPSHOT.jar:?]
	at org.apache.hadoop.ozone.om.KeyManagerImpl.getFileStatus(KeyManagerImpl.java:1241) ~[ozone-manager-1.3.0-SNAPSHOT.jar:?]
	at org.apache.hadoop.ozone.om.OzoneManager.getFileStatus(OzoneManager.java:3468) ~[ozone-manager-1.3.0-SNAPSHOT.jar:?]
	at org.apache.hadoop.ozone.protocolPB.OzoneManagerRequestHandler.getOzoneFileStatus(OzoneManagerRequestHandler.java:882) ~[ozone-manager-1.3.0-SNAPSHOT.jar:?]
	at org.apache.hadoop.ozone.protocolPB.OzoneManagerRequestHandler.handleReadRequest(OzoneManagerRequestHandler.java:228) ~[ozone-manager-1.3.0-SNAPSHOT.jar:?]
	at org.apache.hadoop.ozone.protocolPB.OzoneManagerProtocolServerSideTranslatorPB.submitReadRequestToOM(OzoneManagerProtocolServerSideTranslatorPB.java:226) ~[ozone-manager-1.3.0-SNAPSHOT.jar:?]
	at org.apache.hadoop.ozone.protocolPB.OzoneManagerProtocolServerSideTranslatorPB.processRequest(OzoneManagerProtocolServerSideTranslatorPB.java:175) ~[ozone-manager-1.3.0-SNAPSHOT.jar:?]
	at org.apache.hadoop.hdds.server.OzoneProtocolMessageDispatcher.processRequest(OzoneProtocolMessageDispatcher.java:87) [hdds-server-framework-1.3.0-SNAPSHOT.jar:?]
	at org.apache.hadoop.ozone.protocolPB.OzoneManagerProtocolServerSideTranslatorPB.submitRequest(OzoneManagerProtocolServerSideTranslatorPB.java:147) [ozone-manager-1.3.0-SNAPSHOT.jar:?]
	at org.apache.hadoop.ozone.protocol.proto.OzoneManagerProtocolProtos$OzoneManagerService$2.callBlockingMethod(OzoneManagerProtocolProtos.java) [ozone-interface-client-1.3.0-SNAPSHOT.jar:?]
	at org.apache.hadoop.ipc.ProtobufRpcEngine$Server.processCall(ProtobufRpcEngine.java:466) [hadoop-common-3.3.1.jar:?]
	at org.apache.hadoop.ipc.ProtobufRpcEngine2$Server$ProtoBufRpcInvoker.call(ProtobufRpcEngine2.java:574) [hadoop-common-3.3.1.jar:?]
	at org.apache.hadoop.ipc.ProtobufRpcEngine2$Server$ProtoBufRpcInvoker.call(ProtobufRpcEngine2.java:552) [hadoop-common-3.3.1.jar:?]
	at org.apache.hadoop.ipc.RPC$Server.call(RPC.java:1093) [hadoop-common-3.3.1.jar:?]
	at org.apache.hadoop.ipc.Server$RpcCall.run(Server.java:1035) [hadoop-common-3.3.1.jar:?]
	at org.apache.hadoop.ipc.Server$RpcCall.run(Server.java:963) [hadoop-common-3.3.1.jar:?]
	at java.security.AccessController.doPrivileged(Native Method) ~[?:1.8.0_332]
	at javax.security.auth.Subject.doAs(Subject.java:422) [?:1.8.0_332]
	at org.apache.hadoop.security.UserGroupInformation.doAs(UserGroupInformation.java:1878) [hadoop-common-3.3.1.jar:?]
	at org.apache.hadoop.ipc.Server$Handler.run(Server.java:2966) [hadoop-common-3.3.1.jar:?]
13:47:18.747 [IPC Server handler 8 on default port 44757] ERROR OMAudit - user=runner | ip=127.0.0.1 | op=GET_FILE_STATUS {volume=volume63649, bucket=bucket89956, key=testBatchDelete/parent/childFolder/child0, dataSize=0, replicationConfig=null} | ret=FAILURE
org.apache.hadoop.ozone.om.exceptions.OMException: Unable to get file status: volume: volume63649 bucket: bucket89956 key: testBatchDelete/parent/childFolder/child0
	at org.apache.hadoop.ozone.om.KeyManagerImpl.getOzoneFileStatus(KeyManagerImpl.java:1311) ~[ozone-manager-1.3.0-SNAPSHOT.jar:?]
	at org.apache.hadoop.ozone.om.KeyManagerImpl.getFileStatus(KeyManagerImpl.java:1241) ~[ozone-manager-1.3.0-SNAPSHOT.jar:?]
	at org.apache.hadoop.ozone.om.OzoneManager.getFileStatus(OzoneManager.java:3468) ~[ozone-manager-1.3.0-SNAPSHOT.jar:?]
	at org.apache.hadoop.ozone.protocolPB.OzoneManagerRequestHandler.getOzoneFileStatus(OzoneManagerRequestHandler.java:882) ~[ozone-manager-1.3.0-SNAPSHOT.jar:?]
	at org.apache.hadoop.ozone.protocolPB.OzoneManagerRequestHandler.handleReadRequest(OzoneManagerRequestHandler.java:228) ~[ozone-manager-1.3.0-SNAPSHOT.jar:?]
	at org.apache.hadoop.ozone.protocolPB.OzoneManagerProtocolServerSideTranslatorPB.submitReadRequestToOM(OzoneManagerProtocolServerSideTranslatorPB.java:226) ~[ozone-manager-1.3.0-SNAPSHOT.jar:?]
	at org.apache.hadoop.ozone.protocolPB.OzoneManagerProtocolServerSideTranslatorPB.processRequest(OzoneManagerProtocolServerSideTranslatorPB.java:175) ~[ozone-manager-1.3.0-SNAPSHOT.jar:?]
	at org.apache.hadoop.hdds.server.OzoneProtocolMessageDispatcher.processRequest(OzoneProtocolMessageDispatcher.java:87) [hdds-server-framework-1.3.0-SNAPSHOT.jar:?]
	at org.apache.hadoop.ozone.protocolPB.OzoneManagerProtocolServerSideTranslatorPB.submitRequest(OzoneManagerProtocolServerSideTranslatorPB.java:147) [ozone-manager-1.3.0-SNAPSHOT.jar:?]
	at org.apache.hadoop.ozone.protocol.proto.OzoneManagerProtocolProtos$OzoneManagerService$2.callBlockingMethod(OzoneManagerProtocolProtos.java) [ozone-interface-client-1.3.0-SNAPSHOT.jar:?]
	at org.apache.hadoop.ipc.ProtobufRpcEngine$Server.processCall(ProtobufRpcEngine.java:466) [hadoop-common-3.3.1.jar:?]
	at org.apache.hadoop.ipc.ProtobufRpcEngine2$Server$ProtoBufRpcInvoker.call(ProtobufRpcEngine2.java:574) [hadoop-common-3.3.1.jar:?]
	at org.apache.hadoop.ipc.ProtobufRpcEngine2$Server$ProtoBufRpcInvoker.call(ProtobufRpcEngine2.java:552) [hadoop-common-3.3.1.jar:?]
	at org.apache.hadoop.ipc.RPC$Server.call(RPC.java:1093) [hadoop-common-3.3.1.jar:?]
	at org.apache.hadoop.ipc.Server$RpcCall.run(Server.java:1035) [hadoop-common-3.3.1.jar:?]
	at org.apache.hadoop.ipc.Server$RpcCall.run(Server.java:963) [hadoop-common-3.3.1.jar:?]
	at java.security.AccessController.doPrivileged(Native Method) ~[?:1.8.0_332]
	at javax.security.auth.Subject.doAs(Subject.java:422) [?:1.8.0_332]
	at org.apache.hadoop.security.UserGroupInformation.doAs(UserGroupInformation.java:1878) [hadoop-common-3.3.1.jar:?]
	at org.apache.hadoop.ipc.Server$Handler.run(Server.java:2966) [hadoop-common-3.3.1.jar:?]
13:47:18.748 [IPC Server handler 14 on default port 44757] ERROR OMAudit - user=runner | ip=127.0.0.1 | op=GET_FILE_STATUS {volume=volume63649, bucket=bucket89956, key=testBatchDelete/parent/child1, dataSize=0, replicationConfig=null} | ret=FAILURE
org.apache.hadoop.ozone.om.exceptions.OMException: Unable to get file status: volume: volume63649 bucket: bucket89956 key: testBatchDelete/parent/child1
	at org.apache.hadoop.ozone.om.KeyManagerImpl.getOzoneFileStatus(KeyManagerImpl.java:1311) ~[ozone-manager-1.3.0-SNAPSHOT.jar:?]
	at org.apache.hadoop.ozone.om.KeyManagerImpl.getFileStatus(KeyManagerImpl.java:1241) ~[ozone-manager-1.3.0-SNAPSHOT.jar:?]
	at org.apache.hadoop.ozone.om.OzoneManager.getFileStatus(OzoneManager.java:3468) ~[ozone-manager-1.3.0-SNAPSHOT.jar:?]
	at org.apache.hadoop.ozone.protocolPB.OzoneManagerRequestHandler.getOzoneFileStatus(OzoneManagerRequestHandler.java:882) ~[ozone-manager-1.3.0-SNAPSHOT.jar:?]
	at org.apache.hadoop.ozone.protocolPB.OzoneManagerRequestHandler.handleReadRequest(OzoneManagerRequestHandler.java:228) ~[ozone-manager-1.3.0-SNAPSHOT.jar:?]
	at org.apache.hadoop.ozone.protocolPB.OzoneManagerProtocolServerSideTranslatorPB.submitReadRequestToOM(OzoneManagerProtocolServerSideTranslatorPB.java:226) ~[ozone-manager-1.3.0-SNAPSHOT.jar:?]
	at org.apache.hadoop.ozone.protocolPB.OzoneManagerProtocolServerSideTranslatorPB.processRequest(OzoneManagerProtocolServerSideTranslatorPB.java:175) ~[ozone-manager-1.3.0-SNAPSHOT.jar:?]
	at org.apache.hadoop.hdds.server.OzoneProtocolMessageDispatcher.processRequest(OzoneProtocolMessageDispatcher.java:87) [hdds-server-framework-1.3.0-SNAPSHOT.jar:?]
	at org.apache.hadoop.ozone.protocolPB.OzoneManagerProtocolServerSideTranslatorPB.submitRequest(OzoneManagerProtocolServerSideTranslatorPB.java:147) [ozone-manager-1.3.0-SNAPSHOT.jar:?]
	at org.apache.hadoop.ozone.protocol.proto.OzoneManagerProtocolProtos$OzoneManagerService$2.callBlockingMethod(OzoneManagerProtocolProtos.java) [ozone-interface-client-1.3.0-SNAPSHOT.jar:?]
	at org.apache.hadoop.ipc.ProtobufRpcEngine$Server.processCall(ProtobufRpcEngine.java:466) [hadoop-common-3.3.1.jar:?]
	at org.apache.hadoop.ipc.ProtobufRpcEngine2$Server$ProtoBufRpcInvoker.call(ProtobufRpcEngine2.java:574) [hadoop-common-3.3.1.jar:?]
	at org.apache.hadoop.ipc.ProtobufRpcEngine2$Server$ProtoBufRpcInvoker.call(ProtobufRpcEngine2.java:552) [hadoop-common-3.3.1.jar:?]
	at org.apache.hadoop.ipc.RPC$Server.call(RPC.java:1093) [hadoop-common-3.3.1.jar:?]
	at org.apache.hadoop.ipc.Server$RpcCall.run(Server.java:1035) [hadoop-common-3.3.1.jar:?]
	at org.apache.hadoop.ipc.Server$RpcCall.run(Server.java:963) [hadoop-common-3.3.1.jar:?]
	at java.security.AccessController.doPrivileged(Native Method) ~[?:1.8.0_332]
	at javax.security.auth.Subject.doAs(Subject.java:422) [?:1.8.0_332]
	at org.apache.hadoop.security.UserGroupInformation.doAs(UserGroupInformation.java:1878) [hadoop-common-3.3.1.jar:?]
	at org.apache.hadoop.ipc.Server$Handler.run(Server.java:2966) [hadoop-common-3.3.1.jar:?]
13:47:18.749 [IPC Server handler 3 on default port 44757] ERROR OMAudit - user=runner | ip=127.0.0.1 | op=GET_FILE_STATUS {volume=volume63649, bucket=bucket89956, key=testBatchDelete/parent/childFolder/child1, dataSize=0, replicationConfig=null} | ret=FAILURE
org.apache.hadoop.ozone.om.exceptions.OMException: Unable to get file status: volume: volume63649 bucket: bucket89956 key: testBatchDelete/parent/childFolder/child1
	at org.apache.hadoop.ozone.om.KeyManagerImpl.getOzoneFileStatus(KeyManagerImpl.java:1311) ~[ozone-manager-1.3.0-SNAPSHOT.jar:?]
	at org.apache.hadoop.ozone.om.KeyManagerImpl.getFileStatus(KeyManagerImpl.java:1241) ~[ozone-manager-1.3.0-SNAPSHOT.jar:?]
	at org.apache.hadoop.ozone.om.OzoneManager.getFileStatus(OzoneManager.java:3468) ~[ozone-manager-1.3.0-SNAPSHOT.jar:?]
	at org.apache.hadoop.ozone.protocolPB.OzoneManagerRequestHandler.getOzoneFileStatus(OzoneManagerRequestHandler.java:882) ~[ozone-manager-1.3.0-SNAPSHOT.jar:?]
	at org.apache.hadoop.ozone.protocolPB.OzoneManagerRequestHandler.handleReadRequest(OzoneManagerRequestHandler.java:228) ~[ozone-manager-1.3.0-SNAPSHOT.jar:?]
	at org.apache.hadoop.ozone.protocolPB.OzoneManagerProtocolServerSideTranslatorPB.submitReadRequestToOM(OzoneManagerProtocolServerSideTranslatorPB.java:226) ~[ozone-manager-1.3.0-SNAPSHOT.jar:?]
	at org.apache.hadoop.ozone.protocolPB.OzoneManagerProtocolServerSideTranslatorPB.processRequest(OzoneManagerProtocolServerSideTranslatorPB.java:175) ~[ozone-manager-1.3.0-SNAPSHOT.jar:?]
	at org.apache.hadoop.hdds.server.OzoneProtocolMessageDispatcher.processRequest(OzoneProtocolMessageDispatcher.java:87) [hdds-server-framework-1.3.0-SNAPSHOT.jar:?]
	at org.apache.hadoop.ozone.protocolPB.OzoneManagerProtocolServerSideTranslatorPB.submitRequest(OzoneManagerProtocolServerSideTranslatorPB.java:147) [ozone-manager-1.3.0-SNAPSHOT.jar:?]
	at org.apache.hadoop.ozone.protocol.proto.OzoneManagerProtocolProtos$OzoneManagerService$2.callBlockingMethod(OzoneManagerProtocolProtos.java) [ozone-interface-client-1.3.0-SNAPSHOT.jar:?]
	at org.apache.hadoop.ipc.ProtobufRpcEngine$Server.processCall(ProtobufRpcEngine.java:466) [hadoop-common-3.3.1.jar:?]
	at org.apache.hadoop.ipc.ProtobufRpcEngine2$Server$ProtoBufRpcInvoker.call(ProtobufRpcEngine2.java:574) [hadoop-common-3.3.1.jar:?]
	at org.apache.hadoop.ipc.ProtobufRpcEngine2$Server$ProtoBufRpcInvoker.call(ProtobufRpcEngine2.java:552) [hadoop-common-3.3.1.jar:?]
	at org.apache.hadoop.ipc.RPC$Server.call(RPC.java:1093) [hadoop-common-3.3.1.jar:?]
	at org.apache.hadoop.ipc.Server$RpcCall.run(Server.java:1035) [hadoop-common-3.3.1.jar:?]
	at org.apache.hadoop.ipc.Server$RpcCall.run(Server.java:963) [hadoop-common-3.3.1.jar:?]
	at java.security.AccessController.doPrivileged(Native Method) ~[?:1.8.0_332]
	at javax.security.auth.Subject.doAs(Subject.java:422) [?:1.8.0_332]
	at org.apache.hadoop.security.UserGroupInformation.doAs(UserGroupInformation.java:1878) [hadoop-common-3.3.1.jar:?]
	at org.apache.hadoop.ipc.Server$Handler.run(Server.java:2966) [hadoop-common-3.3.1.jar:?]
13:47:18.751 [IPC Server handler 12 on default port 44757] ERROR OMAudit - user=runner | ip=127.0.0.1 | op=GET_FILE_STATUS {volume=volume63649, bucket=bucket89956, key=testBatchDelete/parent/child2, dataSize=0, replicationConfig=null} | ret=FAILURE
org.apache.hadoop.ozone.om.exceptions.OMException: Unable to get file status: volume: volume63649 bucket: bucket89956 key: testBatchDelete/parent/child2
	at org.apache.hadoop.ozone.om.KeyManagerImpl.getOzoneFileStatus(KeyManagerImpl.java:1311) ~[ozone-manager-1.3.0-SNAPSHOT.jar:?]
	at org.apache.hadoop.ozone.om.KeyManagerImpl.getFileStatus(KeyManagerImpl.java:1241) ~[ozone-manager-1.3.0-SNAPSHOT.jar:?]
	at org.apache.hadoop.ozone.om.OzoneManager.getFileStatus(OzoneManager.java:3468) ~[ozone-manager-1.3.0-SNAPSHOT.jar:?]
	at org.apache.hadoop.ozone.protocolPB.OzoneManagerRequestHandler.getOzoneFileStatus(OzoneManagerRequestHandler.java:882) ~[ozone-manager-1.3.0-SNAPSHOT.jar:?]
	at org.apache.hadoop.ozone.protocolPB.OzoneManagerRequestHandler.handleReadRequest(OzoneManagerRequestHandler.java:228) ~[ozone-manager-1.3.0-SNAPSHOT.jar:?]
	at org.apache.hadoop.ozone.protocolPB.OzoneManagerProtocolServerSideTranslatorPB.submitReadRequestToOM(OzoneManagerProtocolServerSideTranslatorPB.java:226) ~[ozone-manager-1.3.0-SNAPSHOT.jar:?]
	at org.apache.hadoop.ozone.protocolPB.OzoneManagerProtocolServerSideTranslatorPB.processRequest(OzoneManagerProtocolServerSideTranslatorPB.java:175) ~[ozone-manager-1.3.0-SNAPSHOT.jar:?]
	at org.apache.hadoop.hdds.server.OzoneProtocolMessageDispatcher.processRequest(OzoneProtocolMessageDispatcher.java:87) [hdds-server-framework-1.3.0-SNAPSHOT.jar:?]
	at org.apache.hadoop.ozone.protocolPB.OzoneManagerProtocolServerSideTranslatorPB.submitRequest(OzoneManagerProtocolServerSideTranslatorPB.java:147) [ozone-manager-1.3.0-SNAPSHOT.jar:?]
	at org.apache.hadoop.ozone.protocol.proto.OzoneManagerProtocolProtos$OzoneManagerService$2.callBlockingMethod(OzoneManagerProtocolProtos.java) [ozone-interface-client-1.3.0-SNAPSHOT.jar:?]
	at org.apache.hadoop.ipc.ProtobufRpcEngine$Server.processCall(ProtobufRpcEngine.java:466) [hadoop-common-3.3.1.jar:?]
	at org.apache.hadoop.ipc.ProtobufRpcEngine2$Server$ProtoBufRpcInvoker.call(ProtobufRpcEngine2.java:574) [hadoop-common-3.3.1.jar:?]
	at org.apache.hadoop.ipc.ProtobufRpcEngine2$Server$ProtoBufRpcInvoker.call(ProtobufRpcEngine2.java:552) [hadoop-common-3.3.1.jar:?]
	at org.apache.hadoop.ipc.RPC$Server.call(RPC.java:1093) [hadoop-common-3.3.1.jar:?]
	at org.apache.hadoop.ipc.Server$RpcCall.run(Server.java:1035) [hadoop-common-3.3.1.jar:?]
	at org.apache.hadoop.ipc.Server$RpcCall.run(Server.java:963) [hadoop-common-3.3.1.jar:?]
	at java.security.AccessController.doPrivileged(Native Method) ~[?:1.8.0_332]
	at javax.security.auth.Subject.doAs(Subject.java:422) [?:1.8.0_332]
	at org.apache.hadoop.security.UserGroupInformation.doAs(UserGroupInformation.java:1878) [hadoop-common-3.3.1.jar:?]
	at org.apache.hadoop.ipc.Server$Handler.run(Server.java:2966) [hadoop-common-3.3.1.jar:?]
13:47:18.752 [IPC Server handler 18 on default port 44757] ERROR OMAudit - user=runner | ip=127.0.0.1 | op=GET_FILE_STATUS {volume=volume63649, bucket=bucket89956, key=testBatchDelete/parent/childFolder/child2, dataSize=0, replicationConfig=null} | ret=FAILURE
org.apache.hadoop.ozone.om.exceptions.OMException: Unable to get file status: volume: volume63649 bucket: bucket89956 key: testBatchDelete/parent/childFolder/child2
	at org.apache.hadoop.ozone.om.KeyManagerImpl.getOzoneFileStatus(KeyManagerImpl.java:1311) ~[ozone-manager-1.3.0-SNAPSHOT.jar:?]
	at org.apache.hadoop.ozone.om.KeyManagerImpl.getFileStatus(KeyManagerImpl.java:1241) ~[ozone-manager-1.3.0-SNAPSHOT.jar:?]
	at org.apache.hadoop.ozone.om.OzoneManager.getFileStatus(OzoneManager.java:3468) ~[ozone-manager-1.3.0-SNAPSHOT.jar:?]
	at org.apache.hadoop.ozone.protocolPB.OzoneManagerRequestHandler.getOzoneFileStatus(OzoneManagerRequestHandler.java:882) ~[ozone-manager-1.3.0-SNAPSHOT.jar:?]
	at org.apache.hadoop.ozone.protocolPB.OzoneManagerRequestHandler.handleReadRequest(OzoneManagerRequestHandler.java:228) ~[ozone-manager-1.3.0-SNAPSHOT.jar:?]
	at org.apache.hadoop.ozone.protocolPB.OzoneManagerProtocolServerSideTranslatorPB.submitReadRequestToOM(OzoneManagerProtocolServerSideTranslatorPB.java:226) ~[ozone-manager-1.3.0-SNAPSHOT.jar:?]
	at org.apache.hadoop.ozone.protocolPB.OzoneManagerProtocolServerSideTranslatorPB.processRequest(OzoneManagerProtocolServerSideTranslatorPB.java:175) ~[ozone-manager-1.3.0-SNAPSHOT.jar:?]
	at org.apache.hadoop.hdds.server.OzoneProtocolMessageDispatcher.processRequest(OzoneProtocolMessageDispatcher.java:87) [hdds-server-framework-1.3.0-SNAPSHOT.jar:?]
	at org.apache.hadoop.ozone.protocolPB.OzoneManagerProtocolServerSideTranslatorPB.submitRequest(OzoneManagerProtocolServerSideTranslatorPB.java:147) [ozone-manager-1.3.0-SNAPSHOT.jar:?]
	at org.apache.hadoop.ozone.protocol.proto.OzoneManagerProtocolProtos$OzoneManagerService$2.callBlockingMethod(OzoneManagerProtocolProtos.java) [ozone-interface-client-1.3.0-SNAPSHOT.jar:?]
	at org.apache.hadoop.ipc.ProtobufRpcEngine$Server.processCall(ProtobufRpcEngine.java:466) [hadoop-common-3.3.1.jar:?]
	at org.apache.hadoop.ipc.ProtobufRpcEngine2$Server$ProtoBufRpcInvoker.call(ProtobufRpcEngine2.java:574) [hadoop-common-3.3.1.jar:?]
	at org.apache.hadoop.ipc.ProtobufRpcEngine2$Server$ProtoBufRpcInvoker.call(ProtobufRpcEngine2.java:552) [hadoop-common-3.3.1.jar:?]
	at org.apache.hadoop.ipc.RPC$Server.call(RPC.java:1093) [hadoop-common-3.3.1.jar:?]
	at org.apache.hadoop.ipc.Server$RpcCall.run(Server.java:1035) [hadoop-common-3.3.1.jar:?]
	at org.apache.hadoop.ipc.Server$RpcCall.run(Server.java:963) [hadoop-common-3.3.1.jar:?]
	at java.security.AccessController.doPrivileged(Native Method) ~[?:1.8.0_332]
	at javax.security.auth.Subject.doAs(Subject.java:422) [?:1.8.0_332]
	at org.apache.hadoop.security.UserGroupInformation.doAs(UserGroupInformation.java:1878) [hadoop-common-3.3.1.jar:?]
	at org.apache.hadoop.ipc.Server$Handler.run(Server.java:2966) [hadoop-common-3.3.1.jar:?]
13:47:18.753 [IPC Server handler 1 on default port 44757] ERROR OMAudit - user=runner | ip=127.0.0.1 | op=GET_FILE_STATUS {volume=volume63649, bucket=bucket89956, key=testBatchDelete/parent/child3, dataSize=0, replicationConfig=null} | ret=FAILURE
org.apache.hadoop.ozone.om.exceptions.OMException: Unable to get file status: volume: volume63649 bucket: bucket89956 key: testBatchDelete/parent/child3
	at org.apache.hadoop.ozone.om.KeyManagerImpl.getOzoneFileStatus(KeyManagerImpl.java:1311) ~[ozone-manager-1.3.0-SNAPSHOT.jar:?]
	at org.apache.hadoop.ozone.om.KeyManagerImpl.getFileStatus(KeyManagerImpl.java:1241) ~[ozone-manager-1.3.0-SNAPSHOT.jar:?]
	at org.apache.hadoop.ozone.om.OzoneManager.getFileStatus(OzoneManager.java:3468) ~[ozone-manager-1.3.0-SNAPSHOT.jar:?]
	at org.apache.hadoop.ozone.protocolPB.OzoneManagerRequestHandler.getOzoneFileStatus(OzoneManagerRequestHandler.java:882) ~[ozone-manager-1.3.0-SNAPSHOT.jar:?]
	at org.apache.hadoop.ozone.protocolPB.OzoneManagerRequestHandler.handleReadRequest(OzoneManagerRequestHandler.java:228) ~[ozone-manager-1.3.0-SNAPSHOT.jar:?]
	at org.apache.hadoop.ozone.protocolPB.OzoneManagerProtocolServerSideTranslatorPB.submitReadRequestToOM(OzoneManagerProtocolServerSideTranslatorPB.java:226) ~[ozone-manager-1.3.0-SNAPSHOT.jar:?]
	at org.apache.hadoop.ozone.protocolPB.OzoneManagerProtocolServerSideTranslatorPB.processRequest(OzoneManagerProtocolServerSideTranslatorPB.java:175) ~[ozone-manager-1.3.0-SNAPSHOT.jar:?]
	at org.apache.hadoop.hdds.server.OzoneProtocolMessageDispatcher.processRequest(OzoneProtocolMessageDispatcher.java:87) [hdds-server-framework-1.3.0-SNAPSHOT.jar:?]
	at org.apache.hadoop.ozone.protocolPB.OzoneManagerProtocolServerSideTranslatorPB.submitRequest(OzoneManagerProtocolServerSideTranslatorPB.java:147) [ozone-manager-1.3.0-SNAPSHOT.jar:?]
	at org.apache.hadoop.ozone.protocol.proto.OzoneManagerProtocolProtos$OzoneManagerService$2.callBlockingMethod(OzoneManagerProtocolProtos.java) [ozone-interface-client-1.3.0-SNAPSHOT.jar:?]
	at org.apache.hadoop.ipc.ProtobufRpcEngine$Server.processCall(ProtobufRpcEngine.java:466) [hadoop-common-3.3.1.jar:?]
	at org.apache.hadoop.ipc.ProtobufRpcEngine2$Server$ProtoBufRpcInvoker.call(ProtobufRpcEngine2.java:574) [hadoop-common-3.3.1.jar:?]
	at org.apache.hadoop.ipc.ProtobufRpcEngine2$Server$ProtoBufRpcInvoker.call(ProtobufRpcEngine2.java:552) [hadoop-common-3.3.1.jar:?]
	at org.apache.hadoop.ipc.RPC$Server.call(RPC.java:1093) [hadoop-common-3.3.1.jar:?]
	at org.apache.hadoop.ipc.Server$RpcCall.run(Server.java:1035) [hadoop-common-3.3.1.jar:?]
	at org.apache.hadoop.ipc.Server$RpcCall.run(Server.java:963) [hadoop-common-3.3.1.jar:?]
	at java.security.AccessController.doPrivileged(Native Method) ~[?:1.8.0_332]
	at javax.security.auth.Subject.doAs(Subject.java:422) [?:1.8.0_332]
	at org.apache.hadoop.security.UserGroupInformation.doAs(UserGroupInformation.java:1878) [hadoop-common-3.3.1.jar:?]
	at org.apache.hadoop.ipc.Server$Handler.run(Server.java:2966) [hadoop-common-3.3.1.jar:?]
13:47:18.755 [IPC Server handler 15 on default port 44757] ERROR OMAudit - user=runner | ip=127.0.0.1 | op=GET_FILE_STATUS {volume=volume63649, bucket=bucket89956, key=testBatchDelete/parent/childFolder/child3, dataSize=0, replicationConfig=null} | ret=FAILURE
org.apache.hadoop.ozone.om.exceptions.OMException: Unable to get file status: volume: volume63649 bucket: bucket89956 key: testBatchDelete/parent/childFolder/child3
	at org.apache.hadoop.ozone.om.KeyManagerImpl.getOzoneFileStatus(KeyManagerImpl.java:1311) ~[ozone-manager-1.3.0-SNAPSHOT.jar:?]
	at org.apache.hadoop.ozone.om.KeyManagerImpl.getFileStatus(KeyManagerImpl.java:1241) ~[ozone-manager-1.3.0-SNAPSHOT.jar:?]
	at org.apache.hadoop.ozone.om.OzoneManager.getFileStatus(OzoneManager.java:3468) ~[ozone-manager-1.3.0-SNAPSHOT.jar:?]
	at org.apache.hadoop.ozone.protocolPB.OzoneManagerRequestHandler.getOzoneFileStatus(OzoneManagerRequestHandler.java:882) ~[ozone-manager-1.3.0-SNAPSHOT.jar:?]
	at org.apache.hadoop.ozone.protocolPB.OzoneManagerRequestHandler.handleReadRequest(OzoneManagerRequestHandler.java:228) ~[ozone-manager-1.3.0-SNAPSHOT.jar:?]
	at org.apache.hadoop.ozone.protocolPB.OzoneManagerProtocolServerSideTranslatorPB.submitReadRequestToOM(OzoneManagerProtocolServerSideTranslatorPB.java:226) ~[ozone-manager-1.3.0-SNAPSHOT.jar:?]
	at org.apache.hadoop.ozone.protocolPB.OzoneManagerProtocolServerSideTranslatorPB.processRequest(OzoneManagerProtocolServerSideTranslatorPB.java:175) ~[ozone-manager-1.3.0-SNAPSHOT.jar:?]
	at org.apache.hadoop.hdds.server.OzoneProtocolMessageDispatcher.processRequest(OzoneProtocolMessageDispatcher.java:87) [hdds-server-framework-1.3.0-SNAPSHOT.jar:?]
	at org.apache.hadoop.ozone.protocolPB.OzoneManagerProtocolServerSideTranslatorPB.submitRequest(OzoneManagerProtocolServerSideTranslatorPB.java:147) [ozone-manager-1.3.0-SNAPSHOT.jar:?]
	at org.apache.hadoop.ozone.protocol.proto.OzoneManagerProtocolProtos$OzoneManagerService$2.callBlockingMethod(OzoneManagerProtocolProtos.java) [ozone-interface-client-1.3.0-SNAPSHOT.jar:?]
	at org.apache.hadoop.ipc.ProtobufRpcEngine$Server.processCall(ProtobufRpcEngine.java:466) [hadoop-common-3.3.1.jar:?]
	at org.apache.hadoop.ipc.ProtobufRpcEngine2$Server$ProtoBufRpcInvoker.call(ProtobufRpcEngine2.java:574) [hadoop-common-3.3.1.jar:?]
	at org.apache.hadoop.ipc.ProtobufRpcEngine2$Server$ProtoBufRpcInvoker.call(ProtobufRpcEngine2.java:552) [hadoop-common-3.3.1.jar:?]
	at org.apache.hadoop.ipc.RPC$Server.call(RPC.java:1093) [hadoop-common-3.3.1.jar:?]
	at org.apache.hadoop.ipc.Server$RpcCall.run(Server.java:1035) [hadoop-common-3.3.1.jar:?]
	at org.apache.hadoop.ipc.Server$RpcCall.run(Server.java:963) [hadoop-common-3.3.1.jar:?]
	at java.security.AccessController.doPrivileged(Native Method) ~[?:1.8.0_332]
	at javax.security.auth.Subject.doAs(Subject.java:422) [?:1.8.0_332]
	at org.apache.hadoop.security.UserGroupInformation.doAs(UserGroupInformation.java:1878) [hadoop-common-3.3.1.jar:?]
	at org.apache.hadoop.ipc.Server$Handler.run(Server.java:2966) [hadoop-common-3.3.1.jar:?]
13:47:18.756 [IPC Server handler 9 on default port 44757] ERROR OMAudit - user=runner | ip=127.0.0.1 | op=GET_FILE_STATUS {volume=volume63649, bucket=bucket89956, key=testBatchDelete/parent/child4, dataSize=0, replicationConfig=null} | ret=FAILURE
org.apache.hadoop.ozone.om.exceptions.OMException: Unable to get file status: volume: volume63649 bucket: bucket89956 key: testBatchDelete/parent/child4
	at org.apache.hadoop.ozone.om.KeyManagerImpl.getOzoneFileStatus(KeyManagerImpl.java:1311) ~[ozone-manager-1.3.0-SNAPSHOT.jar:?]
	at org.apache.hadoop.ozone.om.KeyManagerImpl.getFileStatus(KeyManagerImpl.java:1241) ~[ozone-manager-1.3.0-SNAPSHOT.jar:?]
	at org.apache.hadoop.ozone.om.OzoneManager.getFileStatus(OzoneManager.java:3468) ~[ozone-manager-1.3.0-SNAPSHOT.jar:?]
	at org.apache.hadoop.ozone.protocolPB.OzoneManagerRequestHandler.getOzoneFileStatus(OzoneManagerRequestHandler.java:882) ~[ozone-manager-1.3.0-SNAPSHOT.jar:?]
	at org.apache.hadoop.ozone.protocolPB.OzoneManagerRequestHandler.handleReadRequest(OzoneManagerRequestHandler.java:228) ~[ozone-manager-1.3.0-SNAPSHOT.jar:?]
	at org.apache.hadoop.ozone.protocolPB.OzoneManagerProtocolServerSideTranslatorPB.submitReadRequestToOM(OzoneManagerProtocolServerSideTranslatorPB.java:226) ~[ozone-manager-1.3.0-SNAPSHOT.jar:?]
	at org.apache.hadoop.ozone.protocolPB.OzoneManagerProtocolServerSideTranslatorPB.processRequest(OzoneManagerProtocolServerSideTranslatorPB.java:175) ~[ozone-manager-1.3.0-SNAPSHOT.jar:?]
	at org.apache.hadoop.hdds.server.OzoneProtocolMessageDispatcher.processRequest(OzoneProtocolMessageDispatcher.java:87) [hdds-server-framework-1.3.0-SNAPSHOT.jar:?]
	at org.apache.hadoop.ozone.protocolPB.OzoneManagerProtocolServerSideTranslatorPB.submitRequest(OzoneManagerProtocolServerSideTranslatorPB.java:147) [ozone-manager-1.3.0-SNAPSHOT.jar:?]
	at org.apache.hadoop.ozone.protocol.proto.OzoneManagerProtocolProtos$OzoneManagerService$2.callBlockingMethod(OzoneManagerProtocolProtos.java) [ozone-interface-client-1.3.0-SNAPSHOT.jar:?]
	at org.apache.hadoop.ipc.ProtobufRpcEngine$Server.processCall(ProtobufRpcEngine.java:466) [hadoop-common-3.3.1.jar:?]
	at org.apache.hadoop.ipc.ProtobufRpcEngine2$Server$ProtoBufRpcInvoker.call(ProtobufRpcEngine2.java:574) [hadoop-common-3.3.1.jar:?]
	at org.apache.hadoop.ipc.ProtobufRpcEngine2$Server$ProtoBufRpcInvoker.call(ProtobufRpcEngine2.java:552) [hadoop-common-3.3.1.jar:?]
	at org.apache.hadoop.ipc.RPC$Server.call(RPC.java:1093) [hadoop-common-3.3.1.jar:?]
	at org.apache.hadoop.ipc.Server$RpcCall.run(Server.java:1035) [hadoop-common-3.3.1.jar:?]
	at org.apache.hadoop.ipc.Server$RpcCall.run(Server.java:963) [hadoop-common-3.3.1.jar:?]
	at java.security.AccessController.doPrivileged(Native Method) ~[?:1.8.0_332]
	at javax.security.auth.Subject.doAs(Subject.java:422) [?:1.8.0_332]
	at org.apache.hadoop.security.UserGroupInformation.doAs(UserGroupInformation.java:1878) [hadoop-common-3.3.1.jar:?]
	at org.apache.hadoop.ipc.Server$Handler.run(Server.java:2966) [hadoop-common-3.3.1.jar:?]
13:47:18.758 [IPC Server handler 11 on default port 44757] ERROR OMAudit - user=runner | ip=127.0.0.1 | op=GET_FILE_STATUS {volume=volume63649, bucket=bucket89956, key=testBatchDelete/parent/childFolder/child4, dataSize=0, replicationConfig=null} | ret=FAILURE
org.apache.hadoop.ozone.om.exceptions.OMException: Unable to get file status: volume: volume63649 bucket: bucket89956 key: testBatchDelete/parent/childFolder/child4
	at org.apache.hadoop.ozone.om.KeyManagerImpl.getOzoneFileStatus(KeyManagerImpl.java:1311) ~[ozone-manager-1.3.0-SNAPSHOT.jar:?]
	at org.apache.hadoop.ozone.om.KeyManagerImpl.getFileStatus(KeyManagerImpl.java:1241) ~[ozone-manager-1.3.0-SNAPSHOT.jar:?]
	at org.apache.hadoop.ozone.om.OzoneManager.getFileStatus(OzoneManager.java:3468) ~[ozone-manager-1.3.0-SNAPSHOT.jar:?]
	at org.apache.hadoop.ozone.protocolPB.OzoneManagerRequestHandler.getOzoneFileStatus(OzoneManagerRequestHandler.java:882) ~[ozone-manager-1.3.0-SNAPSHOT.jar:?]
	at org.apache.hadoop.ozone.protocolPB.OzoneManagerRequestHandler.handleReadRequest(OzoneManagerRequestHandler.java:228) ~[ozone-manager-1.3.0-SNAPSHOT.jar:?]
	at org.apache.hadoop.ozone.protocolPB.OzoneManagerProtocolServerSideTranslatorPB.submitReadRequestToOM(OzoneManagerProtocolServerSideTranslatorPB.java:226) ~[ozone-manager-1.3.0-SNAPSHOT.jar:?]
	at org.apache.hadoop.ozone.protocolPB.OzoneManagerProtocolServerSideTranslatorPB.processRequest(OzoneManagerProtocolServerSideTranslatorPB.java:175) ~[ozone-manager-1.3.0-SNAPSHOT.jar:?]
	at org.apache.hadoop.hdds.server.OzoneProtocolMessageDispatcher.processRequest(OzoneProtocolMessageDispatcher.java:87) [hdds-server-framework-1.3.0-SNAPSHOT.jar:?]
	at org.apache.hadoop.ozone.protocolPB.OzoneManagerProtocolServerSideTranslatorPB.submitRequest(OzoneManagerProtocolServerSideTranslatorPB.java:147) [ozone-manager-1.3.0-SNAPSHOT.jar:?]
	at org.apache.hadoop.ozone.protocol.proto.OzoneManagerProtocolProtos$OzoneManagerService$2.callBlockingMethod(OzoneManagerProtocolProtos.java) [ozone-interface-client-1.3.0-SNAPSHOT.jar:?]
	at org.apache.hadoop.ipc.ProtobufRpcEngine$Server.processCall(ProtobufRpcEngine.java:466) [hadoop-common-3.3.1.jar:?]
	at org.apache.hadoop.ipc.ProtobufRpcEngine2$Server$ProtoBufRpcInvoker.call(ProtobufRpcEngine2.java:574) [hadoop-common-3.3.1.jar:?]
	at org.apache.hadoop.ipc.ProtobufRpcEngine2$Server$ProtoBufRpcInvoker.call(ProtobufRpcEngine2.java:552) [hadoop-common-3.3.1.jar:?]
	at org.apache.hadoop.ipc.RPC$Server.call(RPC.java:1093) [hadoop-common-3.3.1.jar:?]
	at org.apache.hadoop.ipc.Server$RpcCall.run(Server.java:1035) [hadoop-common-3.3.1.jar:?]
	at org.apache.hadoop.ipc.Server$RpcCall.run(Server.java:963) [hadoop-common-3.3.1.jar:?]
	at java.security.AccessController.doPrivileged(Native Method) ~[?:1.8.0_332]
	at javax.security.auth.Subject.doAs(Subject.java:422) [?:1.8.0_332]
	at org.apache.hadoop.security.UserGroupInformation.doAs(UserGroupInformation.java:1878) [hadoop-common-3.3.1.jar:?]
	at org.apache.hadoop.ipc.Server$Handler.run(Server.java:2966) [hadoop-common-3.3.1.jar:?]
13:47:18.759 [IPC Server handler 6 on default port 44757] ERROR OMAudit - user=runner | ip=127.0.0.1 | op=GET_FILE_STATUS {volume=volume63649, bucket=bucket89956, key=testBatchDelete/parent/child5, dataSize=0, replicationConfig=null} | ret=FAILURE
org.apache.hadoop.ozone.om.exceptions.OMException: Unable to get file status: volume: volume63649 bucket: bucket89956 key: testBatchDelete/parent/child5
	at org.apache.hadoop.ozone.om.KeyManagerImpl.getOzoneFileStatus(KeyManagerImpl.java:1311) ~[ozone-manager-1.3.0-SNAPSHOT.jar:?]
	at org.apache.hadoop.ozone.om.KeyManagerImpl.getFileStatus(KeyManagerImpl.java:1241) ~[ozone-manager-1.3.0-SNAPSHOT.jar:?]
	at org.apache.hadoop.ozone.om.OzoneManager.getFileStatus(OzoneManager.java:3468) ~[ozone-manager-1.3.0-SNAPSHOT.jar:?]
	at org.apache.hadoop.ozone.protocolPB.OzoneManagerRequestHandler.getOzoneFileStatus(OzoneManagerRequestHandler.java:882) ~[ozone-manager-1.3.0-SNAPSHOT.jar:?]
	at org.apache.hadoop.ozone.protocolPB.OzoneManagerRequestHandler.handleReadRequest(OzoneManagerRequestHandler.java:228) ~[ozone-manager-1.3.0-SNAPSHOT.jar:?]
	at org.apache.hadoop.ozone.protocolPB.OzoneManagerProtocolServerSideTranslatorPB.submitReadRequestToOM(OzoneManagerProtocolServerSideTranslatorPB.java:226) ~[ozone-manager-1.3.0-SNAPSHOT.jar:?]
	at org.apache.hadoop.ozone.protocolPB.OzoneManagerProtocolServerSideTranslatorPB.processRequest(OzoneManagerProtocolServerSideTranslatorPB.java:175) ~[ozone-manager-1.3.0-SNAPSHOT.jar:?]
	at org.apache.hadoop.hdds.server.OzoneProtocolMessageDispatcher.processRequest(OzoneProtocolMessageDispatcher.java:87) [hdds-server-framework-1.3.0-SNAPSHOT.jar:?]
	at org.apache.hadoop.ozone.protocolPB.OzoneManagerProtocolServerSideTranslatorPB.submitRequest(OzoneManagerProtocolServerSideTranslatorPB.java:147) [ozone-manager-1.3.0-SNAPSHOT.jar:?]
	at org.apache.hadoop.ozone.protocol.proto.OzoneManagerProtocolProtos$OzoneManagerService$2.callBlockingMethod(OzoneManagerProtocolProtos.java) [ozone-interface-client-1.3.0-SNAPSHOT.jar:?]
	at org.apache.hadoop.ipc.ProtobufRpcEngine$Server.processCall(ProtobufRpcEngine.java:466) [hadoop-common-3.3.1.jar:?]
	at org.apache.hadoop.ipc.ProtobufRpcEngine2$Server$ProtoBufRpcInvoker.call(ProtobufRpcEngine2.java:574) [hadoop-common-3.3.1.jar:?]
	at org.apache.hadoop.ipc.ProtobufRpcEngine2$Server$ProtoBufRpcInvoker.call(ProtobufRpcEngine2.java:552) [hadoop-common-3.3.1.jar:?]
	at org.apache.hadoop.ipc.RPC$Server.call(RPC.java:1093) [hadoop-common-3.3.1.jar:?]
	at org.apache.hadoop.ipc.Server$RpcCall.run(Server.java:1035) [hadoop-common-3.3.1.jar:?]
	at org.apache.hadoop.ipc.Server$RpcCall.run(Server.java:963) [hadoop-common-3.3.1.jar:?]
	at java.security.AccessController.doPrivileged(Native Method) ~[?:1.8.0_332]
	at javax.security.auth.Subject.doAs(Subject.java:422) [?:1.8.0_332]
	at org.apache.hadoop.security.UserGroupInformation.doAs(UserGroupInformation.java:1878) [hadoop-common-3.3.1.jar:?]
	at org.apache.hadoop.ipc.Server$Handler.run(Server.java:2966) [hadoop-common-3.3.1.jar:?]
13:47:18.760 [IPC Server handler 8 on default port 44757] ERROR OMAudit - user=runner | ip=127.0.0.1 | op=GET_FILE_STATUS {volume=volume63649, bucket=bucket89956, key=testBatchDelete/parent/childFolder/child5, dataSize=0, replicationConfig=null} | ret=FAILURE
org.apache.hadoop.ozone.om.exceptions.OMException: Unable to get file status: volume: volume63649 bucket: bucket89956 key: testBatchDelete/parent/childFolder/child5
	at org.apache.hadoop.ozone.om.KeyManagerImpl.getOzoneFileStatus(KeyManagerImpl.java:1311) ~[ozone-manager-1.3.0-SNAPSHOT.jar:?]
	at org.apache.hadoop.ozone.om.KeyManagerImpl.getFileStatus(KeyManagerImpl.java:1241) ~[ozone-manager-1.3.0-SNAPSHOT.jar:?]
	at org.apache.hadoop.ozone.om.OzoneManager.getFileStatus(OzoneManager.java:3468) ~[ozone-manager-1.3.0-SNAPSHOT.jar:?]
	at org.apache.hadoop.ozone.protocolPB.OzoneManagerRequestHandler.getOzoneFileStatus(OzoneManagerRequestHandler.java:882) ~[ozone-manager-1.3.0-SNAPSHOT.jar:?]
	at org.apache.hadoop.ozone.protocolPB.OzoneManagerRequestHandler.handleReadRequest(OzoneManagerRequestHandler.java:228) ~[ozone-manager-1.3.0-SNAPSHOT.jar:?]
	at org.apache.hadoop.ozone.protocolPB.OzoneManagerProtocolServerSideTranslatorPB.submitReadRequestToOM(OzoneManagerProtocolServerSideTranslatorPB.java:226) ~[ozone-manager-1.3.0-SNAPSHOT.jar:?]
	at org.apache.hadoop.ozone.protocolPB.OzoneManagerProtocolServerSideTranslatorPB.processRequest(OzoneManagerProtocolServerSideTranslatorPB.java:175) ~[ozone-manager-1.3.0-SNAPSHOT.jar:?]
	at org.apache.hadoop.hdds.server.OzoneProtocolMessageDispatcher.processRequest(OzoneProtocolMessageDispatcher.java:87) [hdds-server-framework-1.3.0-SNAPSHOT.jar:?]
	at org.apache.hadoop.ozone.protocolPB.OzoneManagerProtocolServerSideTranslatorPB.submitRequest(OzoneManagerProtocolServerSideTranslatorPB.java:147) [ozone-manager-1.3.0-SNAPSHOT.jar:?]
	at org.apache.hadoop.ozone.protocol.proto.OzoneManagerProtocolProtos$OzoneManagerService$2.callBlockingMethod(OzoneManagerProtocolProtos.java) [ozone-interface-client-1.3.0-SNAPSHOT.jar:?]
	at org.apache.hadoop.ipc.ProtobufRpcEngine$Server.processCall(ProtobufRpcEngine.java:466) [hadoop-common-3.3.1.jar:?]
	at org.apache.hadoop.ipc.ProtobufRpcEngine2$Server$ProtoBufRpcInvoker.call(ProtobufRpcEngine2.java:574) [hadoop-common-3.3.1.jar:?]
	at org.apache.hadoop.ipc.ProtobufRpcEngine2$Server$ProtoBufRpcInvoker.call(ProtobufRpcEngine2.java:552) [hadoop-common-3.3.1.jar:?]
	at org.apache.hadoop.ipc.RPC$Server.call(RPC.java:1093) [hadoop-common-3.3.1.jar:?]
	at org.apache.hadoop.ipc.Server$RpcCall.run(Server.java:1035) [hadoop-common-3.3.1.jar:?]
	at org.apache.hadoop.ipc.Server$RpcCall.run(Server.java:963) [hadoop-common-3.3.1.jar:?]
	at java.security.AccessController.doPrivileged(Native Method) ~[?:1.8.0_332]
	at javax.security.auth.Subject.doAs(Subject.java:422) [?:1.8.0_332]
	at org.apache.hadoop.security.UserGroupInformation.doAs(UserGroupInformation.java:1878) [hadoop-common-3.3.1.jar:?]
	at org.apache.hadoop.ipc.Server$Handler.run(Server.java:2966) [hadoop-common-3.3.1.jar:?]
13:47:18.762 [IPC Server handler 14 on default port 44757] ERROR OMAudit - user=runner | ip=127.0.0.1 | op=GET_FILE_STATUS {volume=volume63649, bucket=bucket89956, key=testBatchDelete/parent/child6, dataSize=0, replicationConfig=null} | ret=FAILURE
org.apache.hadoop.ozone.om.exceptions.OMException: Unable to get file status: volume: volume63649 bucket: bucket89956 key: testBatchDelete/parent/child6
	at org.apache.hadoop.ozone.om.KeyManagerImpl.getOzoneFileStatus(KeyManagerImpl.java:1311) ~[ozone-manager-1.3.0-SNAPSHOT.jar:?]
	at org.apache.hadoop.ozone.om.KeyManagerImpl.getFileStatus(KeyManagerImpl.java:1241) ~[ozone-manager-1.3.0-SNAPSHOT.jar:?]
	at org.apache.hadoop.ozone.om.OzoneManager.getFileStatus(OzoneManager.java:3468) ~[ozone-manager-1.3.0-SNAPSHOT.jar:?]
	at org.apache.hadoop.ozone.protocolPB.OzoneManagerRequestHandler.getOzoneFileStatus(OzoneManagerRequestHandler.java:882) ~[ozone-manager-1.3.0-SNAPSHOT.jar:?]
	at org.apache.hadoop.ozone.protocolPB.OzoneManagerRequestHandler.handleReadRequest(OzoneManagerRequestHandler.java:228) ~[ozone-manager-1.3.0-SNAPSHOT.jar:?]
	at org.apache.hadoop.ozone.protocolPB.OzoneManagerProtocolServerSideTranslatorPB.submitReadRequestToOM(OzoneManagerProtocolServerSideTranslatorPB.java:226) ~[ozone-manager-1.3.0-SNAPSHOT.jar:?]
	at org.apache.hadoop.ozone.protocolPB.OzoneManagerProtocolServerSideTranslatorPB.processRequest(OzoneManagerProtocolServerSideTranslatorPB.java:175) ~[ozone-manager-1.3.0-SNAPSHOT.jar:?]
	at org.apache.hadoop.hdds.server.OzoneProtocolMessageDispatcher.processRequest(OzoneProtocolMessageDispatcher.java:87) [hdds-server-framework-1.3.0-SNAPSHOT.jar:?]
	at org.apache.hadoop.ozone.protocolPB.OzoneManagerProtocolServerSideTranslatorPB.submitRequest(OzoneManagerProtocolServerSideTranslatorPB.java:147) [ozone-manager-1.3.0-SNAPSHOT.jar:?]
	at org.apache.hadoop.ozone.protocol.proto.OzoneManagerProtocolProtos$OzoneManagerService$2.callBlockingMethod(OzoneManagerProtocolProtos.java) [ozone-interface-client-1.3.0-SNAPSHOT.jar:?]
	at org.apache.hadoop.ipc.ProtobufRpcEngine$Server.processCall(ProtobufRpcEngine.java:466) [hadoop-common-3.3.1.jar:?]
	at org.apache.hadoop.ipc.ProtobufRpcEngine2$Server$ProtoBufRpcInvoker.call(ProtobufRpcEngine2.java:574) [hadoop-common-3.3.1.jar:?]
	at org.apache.hadoop.ipc.ProtobufRpcEngine2$Server$ProtoBufRpcInvoker.call(ProtobufRpcEngine2.java:552) [hadoop-common-3.3.1.jar:?]
	at org.apache.hadoop.ipc.RPC$Server.call(RPC.java:1093) [hadoop-common-3.3.1.jar:?]
	at org.apache.hadoop.ipc.Server$RpcCall.run(Server.java:1035) [hadoop-common-3.3.1.jar:?]
	at org.apache.hadoop.ipc.Server$RpcCall.run(Server.java:963) [hadoop-common-3.3.1.jar:?]
	at java.security.AccessController.doPrivileged(Native Method) ~[?:1.8.0_332]
	at javax.security.auth.Subject.doAs(Subject.java:422) [?:1.8.0_332]
	at org.apache.hadoop.security.UserGroupInformation.doAs(UserGroupInformation.java:1878) [hadoop-common-3.3.1.jar:?]
	at org.apache.hadoop.ipc.Server$Handler.run(Server.java:2966) [hadoop-common-3.3.1.jar:?]
13:47:18.763 [IPC Server handler 3 on default port 44757] ERROR OMAudit - user=runner | ip=127.0.0.1 | op=GET_FILE_STATUS {volume=volume63649, bucket=bucket89956, key=testBatchDelete/parent/childFolder/child6, dataSize=0, replicationConfig=null} | ret=FAILURE
org.apache.hadoop.ozone.om.exceptions.OMException: Unable to get file status: volume: volume63649 bucket: bucket89956 key: testBatchDelete/parent/childFolder/child6
	at org.apache.hadoop.ozone.om.KeyManagerImpl.getOzoneFileStatus(KeyManagerImpl.java:1311) ~[ozone-manager-1.3.0-SNAPSHOT.jar:?]
	at org.apache.hadoop.ozone.om.KeyManagerImpl.getFileStatus(KeyManagerImpl.java:1241) ~[ozone-manager-1.3.0-SNAPSHOT.jar:?]
	at org.apache.hadoop.ozone.om.OzoneManager.getFileStatus(OzoneManager.java:3468) ~[ozone-manager-1.3.0-SNAPSHOT.jar:?]
	at org.apache.hadoop.ozone.protocolPB.OzoneManagerRequestHandler.getOzoneFileStatus(OzoneManagerRequestHandler.java:882) ~[ozone-manager-1.3.0-SNAPSHOT.jar:?]
	at org.apache.hadoop.ozone.protocolPB.OzoneManagerRequestHandler.handleReadRequest(OzoneManagerRequestHandler.java:228) ~[ozone-manager-1.3.0-SNAPSHOT.jar:?]
	at org.apache.hadoop.ozone.protocolPB.OzoneManagerProtocolServerSideTranslatorPB.submitReadRequestToOM(OzoneManagerProtocolServerSideTranslatorPB.java:226) ~[ozone-manager-1.3.0-SNAPSHOT.jar:?]
	at org.apache.hadoop.ozone.protocolPB.OzoneManagerProtocolServerSideTranslatorPB.processRequest(OzoneManagerProtocolServerSideTranslatorPB.java:175) ~[ozone-manager-1.3.0-SNAPSHOT.jar:?]
	at org.apache.hadoop.hdds.server.OzoneProtocolMessageDispatcher.processRequest(OzoneProtocolMessageDispatcher.java:87) [hdds-server-framework-1.3.0-SNAPSHOT.jar:?]
	at org.apache.hadoop.ozone.protocolPB.OzoneManagerProtocolServerSideTranslatorPB.submitRequest(OzoneManagerProtocolServerSideTranslatorPB.java:147) [ozone-manager-1.3.0-SNAPSHOT.jar:?]
	at org.apache.hadoop.ozone.protocol.proto.OzoneManagerProtocolProtos$OzoneManagerService$2.callBlockingMethod(OzoneManagerProtocolProtos.java) [ozone-interface-client-1.3.0-SNAPSHOT.jar:?]
	at org.apache.hadoop.ipc.ProtobufRpcEngine$Server.processCall(ProtobufRpcEngine.java:466) [hadoop-common-3.3.1.jar:?]
	at org.apache.hadoop.ipc.ProtobufRpcEngine2$Server$ProtoBufRpcInvoker.call(ProtobufRpcEngine2.java:574) [hadoop-common-3.3.1.jar:?]
	at org.apache.hadoop.ipc.ProtobufRpcEngine2$Server$ProtoBufRpcInvoker.call(ProtobufRpcEngine2.java:552) [hadoop-common-3.3.1.jar:?]
	at org.apache.hadoop.ipc.RPC$Server.call(RPC.java:1093) [hadoop-common-3.3.1.jar:?]
	at org.apache.hadoop.ipc.Server$RpcCall.run(Server.java:1035) [hadoop-common-3.3.1.jar:?]
	at org.apache.hadoop.ipc.Server$RpcCall.run(Server.java:963) [hadoop-common-3.3.1.jar:?]
	at java.security.AccessController.doPrivileged(Native Method) ~[?:1.8.0_332]
	at javax.security.auth.Subject.doAs(Subject.java:422) [?:1.8.0_332]
	at org.apache.hadoop.security.UserGroupInformation.doAs(UserGroupInformation.java:1878) [hadoop-common-3.3.1.jar:?]
	at org.apache.hadoop.ipc.Server$Handler.run(Server.java:2966) [hadoop-common-3.3.1.jar:?]
13:47:18.764 [IPC Server handler 12 on default port 44757] ERROR OMAudit - user=runner | ip=127.0.0.1 | op=GET_FILE_STATUS {volume=volume63649, bucket=bucket89956, key=testBatchDelete/parent/child7, dataSize=0, replicationConfig=null} | ret=FAILURE
org.apache.hadoop.ozone.om.exceptions.OMException: Unable to get file status: volume: volume63649 bucket: bucket89956 key: testBatchDelete/parent/child7
	at org.apache.hadoop.ozone.om.KeyManagerImpl.getOzoneFileStatus(KeyManagerImpl.java:1311) ~[ozone-manager-1.3.0-SNAPSHOT.jar:?]
	at org.apache.hadoop.ozone.om.KeyManagerImpl.getFileStatus(KeyManagerImpl.java:1241) ~[ozone-manager-1.3.0-SNAPSHOT.jar:?]
	at org.apache.hadoop.ozone.om.OzoneManager.getFileStatus(OzoneManager.java:3468) ~[ozone-manager-1.3.0-SNAPSHOT.jar:?]
	at org.apache.hadoop.ozone.protocolPB.OzoneManagerRequestHandler.getOzoneFileStatus(OzoneManagerRequestHandler.java:882) ~[ozone-manager-1.3.0-SNAPSHOT.jar:?]
	at org.apache.hadoop.ozone.protocolPB.OzoneManagerRequestHandler.handleReadRequest(OzoneManagerRequestHandler.java:228) ~[ozone-manager-1.3.0-SNAPSHOT.jar:?]
	at org.apache.hadoop.ozone.protocolPB.OzoneManagerProtocolServerSideTranslatorPB.submitReadRequestToOM(OzoneManagerProtocolServerSideTranslatorPB.java:226) ~[ozone-manager-1.3.0-SNAPSHOT.jar:?]
	at org.apache.hadoop.ozone.protocolPB.OzoneManagerProtocolServerSideTranslatorPB.processRequest(OzoneManagerProtocolServerSideTranslatorPB.java:175) ~[ozone-manager-1.3.0-SNAPSHOT.jar:?]
	at org.apache.hadoop.hdds.server.OzoneProtocolMessageDispatcher.processRequest(OzoneProtocolMessageDispatcher.java:87) [hdds-server-framework-1.3.0-SNAPSHOT.jar:?]
	at org.apache.hadoop.ozone.protocolPB.OzoneManagerProtocolServerSideTranslatorPB.submitRequest(OzoneManagerProtocolServerSideTranslatorPB.java:147) [ozone-manager-1.3.0-SNAPSHOT.jar:?]
	at org.apache.hadoop.ozone.protocol.proto.OzoneManagerProtocolProtos$OzoneManagerService$2.callBlockingMethod(OzoneManagerProtocolProtos.java) [ozone-interface-client-1.3.0-SNAPSHOT.jar:?]
	at org.apache.hadoop.ipc.ProtobufRpcEngine$Server.processCall(ProtobufRpcEngine.java:466) [hadoop-common-3.3.1.jar:?]
	at org.apache.hadoop.ipc.ProtobufRpcEngine2$Server$ProtoBufRpcInvoker.call(ProtobufRpcEngine2.java:574) [hadoop-common-3.3.1.jar:?]
	at org.apache.hadoop.ipc.ProtobufRpcEngine2$Server$ProtoBufRpcInvoker.call(ProtobufRpcEngine2.java:552) [hadoop-common-3.3.1.jar:?]
	at org.apache.hadoop.ipc.RPC$Server.call(RPC.java:1093) [hadoop-common-3.3.1.jar:?]
	at org.apache.hadoop.ipc.Server$RpcCall.run(Server.java:1035) [hadoop-common-3.3.1.jar:?]
	at org.apache.hadoop.ipc.Server$RpcCall.run(Server.java:963) [hadoop-common-3.3.1.jar:?]
	at java.security.AccessController.doPrivileged(Native Method) ~[?:1.8.0_332]
	at javax.security.auth.Subject.doAs(Subject.java:422) [?:1.8.0_332]
	at org.apache.hadoop.security.UserGroupInformation.doAs(UserGroupInformation.java:1878) [hadoop-common-3.3.1.jar:?]
	at org.apache.hadoop.ipc.Server$Handler.run(Server.java:2966) [hadoop-common-3.3.1.jar:?]
13:47:18.767 [IPC Server handler 18 on default port 44757] ERROR OMAudit - user=runner | ip=127.0.0.1 | op=GET_FILE_STATUS {volume=volume63649, bucket=bucket89956, key=testBatchDelete/parent/childFolder/child7, dataSize=0, replicationConfig=null} | ret=FAILURE
org.apache.hadoop.ozone.om.exceptions.OMException: Unable to get file status: volume: volume63649 bucket: bucket89956 key: testBatchDelete/parent/childFolder/child7
	at org.apache.hadoop.ozone.om.KeyManagerImpl.getOzoneFileStatus(KeyManagerImpl.java:1311) ~[ozone-manager-1.3.0-SNAPSHOT.jar:?]
	at org.apache.hadoop.ozone.om.KeyManagerImpl.getFileStatus(KeyManagerImpl.java:1241) ~[ozone-manager-1.3.0-SNAPSHOT.jar:?]
	at org.apache.hadoop.ozone.om.OzoneManager.getFileStatus(OzoneManager.java:3468) ~[ozone-manager-1.3.0-SNAPSHOT.jar:?]
	at org.apache.hadoop.ozone.protocolPB.OzoneManagerRequestHandler.getOzoneFileStatus(OzoneManagerRequestHandler.java:882) ~[ozone-manager-1.3.0-SNAPSHOT.jar:?]
	at org.apache.hadoop.ozone.protocolPB.OzoneManagerRequestHandler.handleReadRequest(OzoneManagerRequestHandler.java:228) ~[ozone-manager-1.3.0-SNAPSHOT.jar:?]
	at org.apache.hadoop.ozone.protocolPB.OzoneManagerProtocolServerSideTranslatorPB.submitReadRequestToOM(OzoneManagerProtocolServerSideTranslatorPB.java:226) ~[ozone-manager-1.3.0-SNAPSHOT.jar:?]
	at org.apache.hadoop.ozone.protocolPB.OzoneManagerProtocolServerSideTranslatorPB.processRequest(OzoneManagerProtocolServerSideTranslatorPB.java:175) ~[ozone-manager-1.3.0-SNAPSHOT.jar:?]
	at org.apache.hadoop.hdds.server.OzoneProtocolMessageDispatcher.processRequest(OzoneProtocolMessageDispatcher.java:87) [hdds-server-framework-1.3.0-SNAPSHOT.jar:?]
	at org.apache.hadoop.ozone.protocolPB.OzoneManagerProtocolServerSideTranslatorPB.submitRequest(OzoneManagerProtocolServerSideTranslatorPB.java:147) [ozone-manager-1.3.0-SNAPSHOT.jar:?]
	at org.apache.hadoop.ozone.protocol.proto.OzoneManagerProtocolProtos$OzoneManagerService$2.callBlockingMethod(OzoneManagerProtocolProtos.java) [ozone-interface-client-1.3.0-SNAPSHOT.jar:?]
	at org.apache.hadoop.ipc.ProtobufRpcEngine$Server.processCall(ProtobufRpcEngine.java:466) [hadoop-common-3.3.1.jar:?]
	at org.apache.hadoop.ipc.ProtobufRpcEngine2$Server$ProtoBufRpcInvoker.call(ProtobufRpcEngine2.java:574) [hadoop-common-3.3.1.jar:?]
	at org.apache.hadoop.ipc.ProtobufRpcEngine2$Server$ProtoBufRpcInvoker.call(ProtobufRpcEngine2.java:552) [hadoop-common-3.3.1.jar:?]
	at org.apache.hadoop.ipc.RPC$Server.call(RPC.java:1093) [hadoop-common-3.3.1.jar:?]
	at org.apache.hadoop.ipc.Server$RpcCall.run(Server.java:1035) [hadoop-common-3.3.1.jar:?]
	at org.apache.hadoop.ipc.Server$RpcCall.run(Server.java:963) [hadoop-common-3.3.1.jar:?]
	at java.security.AccessController.doPrivileged(Native Method) ~[?:1.8.0_332]
	at javax.security.auth.Subject.doAs(Subject.java:422) [?:1.8.0_332]
	at org.apache.hadoop.security.UserGroupInformation.doAs(UserGroupInformation.java:1878) [hadoop-common-3.3.1.jar:?]
	at org.apache.hadoop.ipc.Server$Handler.run(Server.java:2966) [hadoop-common-3.3.1.jar:?]
13:47:18.768 [IPC Server handler 1 on default port 44757] ERROR OMAudit - user=runner | ip=127.0.0.1 | op=GET_FILE_STATUS {volume=volume63649, bucket=bucket89956, key=testBatchDelete/parent, dataSize=0, replicationConfig=null} | ret=FAILURE
org.apache.hadoop.ozone.om.exceptions.OMException: Unable to get file status: volume: volume63649 bucket: bucket89956 key: testBatchDelete/parent
	at org.apache.hadoop.ozone.om.KeyManagerImpl.getOzoneFileStatus(KeyManagerImpl.java:1311) ~[ozone-manager-1.3.0-SNAPSHOT.jar:?]
	at org.apache.hadoop.ozone.om.KeyManagerImpl.getFileStatus(KeyManagerImpl.java:1241) ~[ozone-manager-1.3.0-SNAPSHOT.jar:?]
	at org.apache.hadoop.ozone.om.OzoneManager.getFileStatus(OzoneManager.java:3468) ~[ozone-manager-1.3.0-SNAPSHOT.jar:?]
	at org.apache.hadoop.ozone.protocolPB.OzoneManagerRequestHandler.getOzoneFileStatus(OzoneManagerRequestHandler.java:882) ~[ozone-manager-1.3.0-SNAPSHOT.jar:?]
	at org.apache.hadoop.ozone.protocolPB.OzoneManagerRequestHandler.handleReadRequest(OzoneManagerRequestHandler.java:228) ~[ozone-manager-1.3.0-SNAPSHOT.jar:?]
	at org.apache.hadoop.ozone.protocolPB.OzoneManagerProtocolServerSideTranslatorPB.submitReadRequestToOM(OzoneManagerProtocolServerSideTranslatorPB.java:226) ~[ozone-manager-1.3.0-SNAPSHOT.jar:?]
	at org.apache.hadoop.ozone.protocolPB.OzoneManagerProtocolServerSideTranslatorPB.processRequest(OzoneManagerProtocolServerSideTranslatorPB.java:175) ~[ozone-manager-1.3.0-SNAPSHOT.jar:?]
	at org.apache.hadoop.hdds.server.OzoneProtocolMessageDispatcher.processRequest(OzoneProtocolMessageDispatcher.java:87) [hdds-server-framework-1.3.0-SNAPSHOT.jar:?]
	at org.apache.hadoop.ozone.protocolPB.OzoneManagerProtocolServerSideTranslatorPB.submitRequest(OzoneManagerProtocolServerSideTranslatorPB.java:147) [ozone-manager-1.3.0-SNAPSHOT.jar:?]
	at org.apache.hadoop.ozone.protocol.proto.OzoneManagerProtocolProtos$OzoneManagerService$2.callBlockingMethod(OzoneManagerProtocolProtos.java) [ozone-interface-client-1.3.0-SNAPSHOT.jar:?]
	at org.apache.hadoop.ipc.ProtobufRpcEngine$Server.processCall(ProtobufRpcEngine.java:466) [hadoop-common-3.3.1.jar:?]
	at org.apache.hadoop.ipc.ProtobufRpcEngine2$Server$ProtoBufRpcInvoker.call(ProtobufRpcEngine2.java:574) [hadoop-common-3.3.1.jar:?]
	at org.apache.hadoop.ipc.ProtobufRpcEngine2$Server$ProtoBufRpcInvoker.call(ProtobufRpcEngine2.java:552) [hadoop-common-3.3.1.jar:?]
	at org.apache.hadoop.ipc.RPC$Server.call(RPC.java:1093) [hadoop-common-3.3.1.jar:?]
	at org.apache.hadoop.ipc.Server$RpcCall.run(Server.java:1035) [hadoop-common-3.3.1.jar:?]
	at org.apache.hadoop.ipc.Server$RpcCall.run(Server.java:963) [hadoop-common-3.3.1.jar:?]
	at java.security.AccessController.doPrivileged(Native Method) ~[?:1.8.0_332]
	at javax.security.auth.Subject.doAs(Subject.java:422) [?:1.8.0_332]
	at org.apache.hadoop.security.UserGroupInformation.doAs(UserGroupInformation.java:1878) [hadoop-common-3.3.1.jar:?]
	at org.apache.hadoop.ipc.Server$Handler.run(Server.java:2966) [hadoop-common-3.3.1.jar:?]
2022-08-09 13:47:18,769 [Time-limited test] WARN  ozone.BasicRootedOzoneFileSystem (BasicRootedOzoneFileSystem.java:delete(572)) - delete: Path does not exist: /volume63649/bucket89956/testBatchDelete/parent
]]></system-out>
  </testcase>
  <testcase name="testFileDelete" classname="TestRootedOzoneFileSystem" time="0.201">
    <system-out><![CDATA[2022-08-09 13:48:24,036 [Time-limited test] INFO  rpc.RpcClient (RpcClient.java:createVolume(468)) - Creating Volume: volume31213, with user65277 as owner and space quota set to -1 bytes, counts quota set to -1
2022-08-09 13:48:24,038 [OM StateMachine ApplyTransaction Thread - 0] INFO  volume.OMVolumeCreateRequest (OMVolumeCreateRequest.java:validateAndUpdateCache(195)) - created volume:volume31213 for user:user65277
2022-08-09 13:48:24,040 [Time-limited test] INFO  rpc.RpcClient (RpcClient.java:createBucket(671)) - Creating Bucket: volume31213/bucket82479, with bucket layout LEGACY, runner as owner, Versioning false, Storage Type set to DISK and Encryption set to false 
2022-08-09 13:48:24,046 [OM StateMachine ApplyTransaction Thread - 0] INFO  bucket.OMBucketCreateRequest (OMBucketCreateRequest.java:validateAndUpdateCache(260)) - created bucket: bucket82479 of layout LEGACY in volume: volume31213
13:48:24.136 [IPC Server handler 5 on default port 34619] ERROR OMAudit - user=runner | ip=127.0.0.1 | op=GET_FILE_STATUS {volume=volume31213, bucket=bucket82479, key=testBatchDelete, dataSize=0, replicationConfig=null} | ret=FAILURE
org.apache.hadoop.ozone.om.exceptions.OMException: Unable to get file status: volume: volume31213 bucket: bucket82479 key: testBatchDelete
	at org.apache.hadoop.ozone.om.KeyManagerImpl.getOzoneFileStatus(KeyManagerImpl.java:1311) ~[ozone-manager-1.3.0-SNAPSHOT.jar:?]
	at org.apache.hadoop.ozone.om.KeyManagerImpl.getFileStatus(KeyManagerImpl.java:1241) ~[ozone-manager-1.3.0-SNAPSHOT.jar:?]
	at org.apache.hadoop.ozone.om.OzoneManager.getFileStatus(OzoneManager.java:3468) ~[ozone-manager-1.3.0-SNAPSHOT.jar:?]
	at org.apache.hadoop.ozone.protocolPB.OzoneManagerRequestHandler.getOzoneFileStatus(OzoneManagerRequestHandler.java:882) ~[ozone-manager-1.3.0-SNAPSHOT.jar:?]
	at org.apache.hadoop.ozone.protocolPB.OzoneManagerRequestHandler.handleReadRequest(OzoneManagerRequestHandler.java:228) ~[ozone-manager-1.3.0-SNAPSHOT.jar:?]
	at org.apache.hadoop.ozone.protocolPB.OzoneManagerProtocolServerSideTranslatorPB.submitReadRequestToOM(OzoneManagerProtocolServerSideTranslatorPB.java:226) ~[ozone-manager-1.3.0-SNAPSHOT.jar:?]
	at org.apache.hadoop.ozone.protocolPB.OzoneManagerProtocolServerSideTranslatorPB.processRequest(OzoneManagerProtocolServerSideTranslatorPB.java:175) ~[ozone-manager-1.3.0-SNAPSHOT.jar:?]
	at org.apache.hadoop.hdds.server.OzoneProtocolMessageDispatcher.processRequest(OzoneProtocolMessageDispatcher.java:87) [hdds-server-framework-1.3.0-SNAPSHOT.jar:?]
	at org.apache.hadoop.ozone.protocolPB.OzoneManagerProtocolServerSideTranslatorPB.submitRequest(OzoneManagerProtocolServerSideTranslatorPB.java:147) [ozone-manager-1.3.0-SNAPSHOT.jar:?]
	at org.apache.hadoop.ozone.protocol.proto.OzoneManagerProtocolProtos$OzoneManagerService$2.callBlockingMethod(OzoneManagerProtocolProtos.java) [ozone-interface-client-1.3.0-SNAPSHOT.jar:?]
	at org.apache.hadoop.ipc.ProtobufRpcEngine$Server.processCall(ProtobufRpcEngine.java:466) [hadoop-common-3.3.1.jar:?]
	at org.apache.hadoop.ipc.ProtobufRpcEngine2$Server$ProtoBufRpcInvoker.call(ProtobufRpcEngine2.java:574) [hadoop-common-3.3.1.jar:?]
	at org.apache.hadoop.ipc.ProtobufRpcEngine2$Server$ProtoBufRpcInvoker.call(ProtobufRpcEngine2.java:552) [hadoop-common-3.3.1.jar:?]
	at org.apache.hadoop.ipc.RPC$Server.call(RPC.java:1093) [hadoop-common-3.3.1.jar:?]
	at org.apache.hadoop.ipc.Server$RpcCall.run(Server.java:1035) [hadoop-common-3.3.1.jar:?]
	at org.apache.hadoop.ipc.Server$RpcCall.run(Server.java:963) [hadoop-common-3.3.1.jar:?]
	at java.security.AccessController.doPrivileged(Native Method) ~[?:1.8.0_332]
	at javax.security.auth.Subject.doAs(Subject.java:422) [?:1.8.0_332]
	at org.apache.hadoop.security.UserGroupInformation.doAs(UserGroupInformation.java:1878) [hadoop-common-3.3.1.jar:?]
	at org.apache.hadoop.ipc.Server$Handler.run(Server.java:2966) [hadoop-common-3.3.1.jar:?]
13:48:24.137 [IPC Server handler 1 on default port 34619] ERROR OMAudit - user=runner | ip=127.0.0.1 | op=GET_FILE_STATUS {volume=volume31213, bucket=bucket82479, key=testBatchDelete/parent/child0, dataSize=0, replicationConfig=null} | ret=FAILURE
org.apache.hadoop.ozone.om.exceptions.OMException: Unable to get file status: volume: volume31213 bucket: bucket82479 key: testBatchDelete/parent/child0
	at org.apache.hadoop.ozone.om.KeyManagerImpl.getOzoneFileStatus(KeyManagerImpl.java:1311) ~[ozone-manager-1.3.0-SNAPSHOT.jar:?]
	at org.apache.hadoop.ozone.om.KeyManagerImpl.getFileStatus(KeyManagerImpl.java:1241) ~[ozone-manager-1.3.0-SNAPSHOT.jar:?]
	at org.apache.hadoop.ozone.om.OzoneManager.getFileStatus(OzoneManager.java:3468) ~[ozone-manager-1.3.0-SNAPSHOT.jar:?]
	at org.apache.hadoop.ozone.protocolPB.OzoneManagerRequestHandler.getOzoneFileStatus(OzoneManagerRequestHandler.java:882) ~[ozone-manager-1.3.0-SNAPSHOT.jar:?]
	at org.apache.hadoop.ozone.protocolPB.OzoneManagerRequestHandler.handleReadRequest(OzoneManagerRequestHandler.java:228) ~[ozone-manager-1.3.0-SNAPSHOT.jar:?]
	at org.apache.hadoop.ozone.protocolPB.OzoneManagerProtocolServerSideTranslatorPB.submitReadRequestToOM(OzoneManagerProtocolServerSideTranslatorPB.java:226) ~[ozone-manager-1.3.0-SNAPSHOT.jar:?]
	at org.apache.hadoop.ozone.protocolPB.OzoneManagerProtocolServerSideTranslatorPB.processRequest(OzoneManagerProtocolServerSideTranslatorPB.java:175) ~[ozone-manager-1.3.0-SNAPSHOT.jar:?]
	at org.apache.hadoop.hdds.server.OzoneProtocolMessageDispatcher.processRequest(OzoneProtocolMessageDispatcher.java:87) [hdds-server-framework-1.3.0-SNAPSHOT.jar:?]
	at org.apache.hadoop.ozone.protocolPB.OzoneManagerProtocolServerSideTranslatorPB.submitRequest(OzoneManagerProtocolServerSideTranslatorPB.java:147) [ozone-manager-1.3.0-SNAPSHOT.jar:?]
	at org.apache.hadoop.ozone.protocol.proto.OzoneManagerProtocolProtos$OzoneManagerService$2.callBlockingMethod(OzoneManagerProtocolProtos.java) [ozone-interface-client-1.3.0-SNAPSHOT.jar:?]
	at org.apache.hadoop.ipc.ProtobufRpcEngine$Server.processCall(ProtobufRpcEngine.java:466) [hadoop-common-3.3.1.jar:?]
	at org.apache.hadoop.ipc.ProtobufRpcEngine2$Server$ProtoBufRpcInvoker.call(ProtobufRpcEngine2.java:574) [hadoop-common-3.3.1.jar:?]
	at org.apache.hadoop.ipc.ProtobufRpcEngine2$Server$ProtoBufRpcInvoker.call(ProtobufRpcEngine2.java:552) [hadoop-common-3.3.1.jar:?]
	at org.apache.hadoop.ipc.RPC$Server.call(RPC.java:1093) [hadoop-common-3.3.1.jar:?]
	at org.apache.hadoop.ipc.Server$RpcCall.run(Server.java:1035) [hadoop-common-3.3.1.jar:?]
	at org.apache.hadoop.ipc.Server$RpcCall.run(Server.java:963) [hadoop-common-3.3.1.jar:?]
	at java.security.AccessController.doPrivileged(Native Method) ~[?:1.8.0_332]
	at javax.security.auth.Subject.doAs(Subject.java:422) [?:1.8.0_332]
	at org.apache.hadoop.security.UserGroupInformation.doAs(UserGroupInformation.java:1878) [hadoop-common-3.3.1.jar:?]
	at org.apache.hadoop.ipc.Server$Handler.run(Server.java:2966) [hadoop-common-3.3.1.jar:?]
13:48:24.138 [IPC Server handler 18 on default port 34619] ERROR OMAudit - user=runner | ip=127.0.0.1 | op=GET_FILE_STATUS {volume=volume31213, bucket=bucket82479, key=testBatchDelete/parent/childFolder/child0, dataSize=0, replicationConfig=null} | ret=FAILURE
org.apache.hadoop.ozone.om.exceptions.OMException: Unable to get file status: volume: volume31213 bucket: bucket82479 key: testBatchDelete/parent/childFolder/child0
	at org.apache.hadoop.ozone.om.KeyManagerImpl.getOzoneFileStatus(KeyManagerImpl.java:1311) ~[ozone-manager-1.3.0-SNAPSHOT.jar:?]
	at org.apache.hadoop.ozone.om.KeyManagerImpl.getFileStatus(KeyManagerImpl.java:1241) ~[ozone-manager-1.3.0-SNAPSHOT.jar:?]
	at org.apache.hadoop.ozone.om.OzoneManager.getFileStatus(OzoneManager.java:3468) ~[ozone-manager-1.3.0-SNAPSHOT.jar:?]
	at org.apache.hadoop.ozone.protocolPB.OzoneManagerRequestHandler.getOzoneFileStatus(OzoneManagerRequestHandler.java:882) ~[ozone-manager-1.3.0-SNAPSHOT.jar:?]
	at org.apache.hadoop.ozone.protocolPB.OzoneManagerRequestHandler.handleReadRequest(OzoneManagerRequestHandler.java:228) ~[ozone-manager-1.3.0-SNAPSHOT.jar:?]
	at org.apache.hadoop.ozone.protocolPB.OzoneManagerProtocolServerSideTranslatorPB.submitReadRequestToOM(OzoneManagerProtocolServerSideTranslatorPB.java:226) ~[ozone-manager-1.3.0-SNAPSHOT.jar:?]
	at org.apache.hadoop.ozone.protocolPB.OzoneManagerProtocolServerSideTranslatorPB.processRequest(OzoneManagerProtocolServerSideTranslatorPB.java:175) ~[ozone-manager-1.3.0-SNAPSHOT.jar:?]
	at org.apache.hadoop.hdds.server.OzoneProtocolMessageDispatcher.processRequest(OzoneProtocolMessageDispatcher.java:87) [hdds-server-framework-1.3.0-SNAPSHOT.jar:?]
	at org.apache.hadoop.ozone.protocolPB.OzoneManagerProtocolServerSideTranslatorPB.submitRequest(OzoneManagerProtocolServerSideTranslatorPB.java:147) [ozone-manager-1.3.0-SNAPSHOT.jar:?]
	at org.apache.hadoop.ozone.protocol.proto.OzoneManagerProtocolProtos$OzoneManagerService$2.callBlockingMethod(OzoneManagerProtocolProtos.java) [ozone-interface-client-1.3.0-SNAPSHOT.jar:?]
	at org.apache.hadoop.ipc.ProtobufRpcEngine$Server.processCall(ProtobufRpcEngine.java:466) [hadoop-common-3.3.1.jar:?]
	at org.apache.hadoop.ipc.ProtobufRpcEngine2$Server$ProtoBufRpcInvoker.call(ProtobufRpcEngine2.java:574) [hadoop-common-3.3.1.jar:?]
	at org.apache.hadoop.ipc.ProtobufRpcEngine2$Server$ProtoBufRpcInvoker.call(ProtobufRpcEngine2.java:552) [hadoop-common-3.3.1.jar:?]
	at org.apache.hadoop.ipc.RPC$Server.call(RPC.java:1093) [hadoop-common-3.3.1.jar:?]
	at org.apache.hadoop.ipc.Server$RpcCall.run(Server.java:1035) [hadoop-common-3.3.1.jar:?]
	at org.apache.hadoop.ipc.Server$RpcCall.run(Server.java:963) [hadoop-common-3.3.1.jar:?]
	at java.security.AccessController.doPrivileged(Native Method) ~[?:1.8.0_332]
	at javax.security.auth.Subject.doAs(Subject.java:422) [?:1.8.0_332]
	at org.apache.hadoop.security.UserGroupInformation.doAs(UserGroupInformation.java:1878) [hadoop-common-3.3.1.jar:?]
	at org.apache.hadoop.ipc.Server$Handler.run(Server.java:2966) [hadoop-common-3.3.1.jar:?]
13:48:24.139 [IPC Server handler 3 on default port 34619] ERROR OMAudit - user=runner | ip=127.0.0.1 | op=GET_FILE_STATUS {volume=volume31213, bucket=bucket82479, key=testBatchDelete/parent/child1, dataSize=0, replicationConfig=null} | ret=FAILURE
org.apache.hadoop.ozone.om.exceptions.OMException: Unable to get file status: volume: volume31213 bucket: bucket82479 key: testBatchDelete/parent/child1
	at org.apache.hadoop.ozone.om.KeyManagerImpl.getOzoneFileStatus(KeyManagerImpl.java:1311) ~[ozone-manager-1.3.0-SNAPSHOT.jar:?]
	at org.apache.hadoop.ozone.om.KeyManagerImpl.getFileStatus(KeyManagerImpl.java:1241) ~[ozone-manager-1.3.0-SNAPSHOT.jar:?]
	at org.apache.hadoop.ozone.om.OzoneManager.getFileStatus(OzoneManager.java:3468) ~[ozone-manager-1.3.0-SNAPSHOT.jar:?]
	at org.apache.hadoop.ozone.protocolPB.OzoneManagerRequestHandler.getOzoneFileStatus(OzoneManagerRequestHandler.java:882) ~[ozone-manager-1.3.0-SNAPSHOT.jar:?]
	at org.apache.hadoop.ozone.protocolPB.OzoneManagerRequestHandler.handleReadRequest(OzoneManagerRequestHandler.java:228) ~[ozone-manager-1.3.0-SNAPSHOT.jar:?]
	at org.apache.hadoop.ozone.protocolPB.OzoneManagerProtocolServerSideTranslatorPB.submitReadRequestToOM(OzoneManagerProtocolServerSideTranslatorPB.java:226) ~[ozone-manager-1.3.0-SNAPSHOT.jar:?]
	at org.apache.hadoop.ozone.protocolPB.OzoneManagerProtocolServerSideTranslatorPB.processRequest(OzoneManagerProtocolServerSideTranslatorPB.java:175) ~[ozone-manager-1.3.0-SNAPSHOT.jar:?]
	at org.apache.hadoop.hdds.server.OzoneProtocolMessageDispatcher.processRequest(OzoneProtocolMessageDispatcher.java:87) [hdds-server-framework-1.3.0-SNAPSHOT.jar:?]
	at org.apache.hadoop.ozone.protocolPB.OzoneManagerProtocolServerSideTranslatorPB.submitRequest(OzoneManagerProtocolServerSideTranslatorPB.java:147) [ozone-manager-1.3.0-SNAPSHOT.jar:?]
	at org.apache.hadoop.ozone.protocol.proto.OzoneManagerProtocolProtos$OzoneManagerService$2.callBlockingMethod(OzoneManagerProtocolProtos.java) [ozone-interface-client-1.3.0-SNAPSHOT.jar:?]
	at org.apache.hadoop.ipc.ProtobufRpcEngine$Server.processCall(ProtobufRpcEngine.java:466) [hadoop-common-3.3.1.jar:?]
	at org.apache.hadoop.ipc.ProtobufRpcEngine2$Server$ProtoBufRpcInvoker.call(ProtobufRpcEngine2.java:574) [hadoop-common-3.3.1.jar:?]
	at org.apache.hadoop.ipc.ProtobufRpcEngine2$Server$ProtoBufRpcInvoker.call(ProtobufRpcEngine2.java:552) [hadoop-common-3.3.1.jar:?]
	at org.apache.hadoop.ipc.RPC$Server.call(RPC.java:1093) [hadoop-common-3.3.1.jar:?]
	at org.apache.hadoop.ipc.Server$RpcCall.run(Server.java:1035) [hadoop-common-3.3.1.jar:?]
	at org.apache.hadoop.ipc.Server$RpcCall.run(Server.java:963) [hadoop-common-3.3.1.jar:?]
	at java.security.AccessController.doPrivileged(Native Method) ~[?:1.8.0_332]
	at javax.security.auth.Subject.doAs(Subject.java:422) [?:1.8.0_332]
	at org.apache.hadoop.security.UserGroupInformation.doAs(UserGroupInformation.java:1878) [hadoop-common-3.3.1.jar:?]
	at org.apache.hadoop.ipc.Server$Handler.run(Server.java:2966) [hadoop-common-3.3.1.jar:?]
13:48:24.140 [IPC Server handler 16 on default port 34619] ERROR OMAudit - user=runner | ip=127.0.0.1 | op=GET_FILE_STATUS {volume=volume31213, bucket=bucket82479, key=testBatchDelete/parent/childFolder/child1, dataSize=0, replicationConfig=null} | ret=FAILURE
org.apache.hadoop.ozone.om.exceptions.OMException: Unable to get file status: volume: volume31213 bucket: bucket82479 key: testBatchDelete/parent/childFolder/child1
	at org.apache.hadoop.ozone.om.KeyManagerImpl.getOzoneFileStatus(KeyManagerImpl.java:1311) ~[ozone-manager-1.3.0-SNAPSHOT.jar:?]
	at org.apache.hadoop.ozone.om.KeyManagerImpl.getFileStatus(KeyManagerImpl.java:1241) ~[ozone-manager-1.3.0-SNAPSHOT.jar:?]
	at org.apache.hadoop.ozone.om.OzoneManager.getFileStatus(OzoneManager.java:3468) ~[ozone-manager-1.3.0-SNAPSHOT.jar:?]
	at org.apache.hadoop.ozone.protocolPB.OzoneManagerRequestHandler.getOzoneFileStatus(OzoneManagerRequestHandler.java:882) ~[ozone-manager-1.3.0-SNAPSHOT.jar:?]
	at org.apache.hadoop.ozone.protocolPB.OzoneManagerRequestHandler.handleReadRequest(OzoneManagerRequestHandler.java:228) ~[ozone-manager-1.3.0-SNAPSHOT.jar:?]
	at org.apache.hadoop.ozone.protocolPB.OzoneManagerProtocolServerSideTranslatorPB.submitReadRequestToOM(OzoneManagerProtocolServerSideTranslatorPB.java:226) ~[ozone-manager-1.3.0-SNAPSHOT.jar:?]
	at org.apache.hadoop.ozone.protocolPB.OzoneManagerProtocolServerSideTranslatorPB.processRequest(OzoneManagerProtocolServerSideTranslatorPB.java:175) ~[ozone-manager-1.3.0-SNAPSHOT.jar:?]
	at org.apache.hadoop.hdds.server.OzoneProtocolMessageDispatcher.processRequest(OzoneProtocolMessageDispatcher.java:87) [hdds-server-framework-1.3.0-SNAPSHOT.jar:?]
	at org.apache.hadoop.ozone.protocolPB.OzoneManagerProtocolServerSideTranslatorPB.submitRequest(OzoneManagerProtocolServerSideTranslatorPB.java:147) [ozone-manager-1.3.0-SNAPSHOT.jar:?]
	at org.apache.hadoop.ozone.protocol.proto.OzoneManagerProtocolProtos$OzoneManagerService$2.callBlockingMethod(OzoneManagerProtocolProtos.java) [ozone-interface-client-1.3.0-SNAPSHOT.jar:?]
	at org.apache.hadoop.ipc.ProtobufRpcEngine$Server.processCall(ProtobufRpcEngine.java:466) [hadoop-common-3.3.1.jar:?]
	at org.apache.hadoop.ipc.ProtobufRpcEngine2$Server$ProtoBufRpcInvoker.call(ProtobufRpcEngine2.java:574) [hadoop-common-3.3.1.jar:?]
	at org.apache.hadoop.ipc.ProtobufRpcEngine2$Server$ProtoBufRpcInvoker.call(ProtobufRpcEngine2.java:552) [hadoop-common-3.3.1.jar:?]
	at org.apache.hadoop.ipc.RPC$Server.call(RPC.java:1093) [hadoop-common-3.3.1.jar:?]
	at org.apache.hadoop.ipc.Server$RpcCall.run(Server.java:1035) [hadoop-common-3.3.1.jar:?]
	at org.apache.hadoop.ipc.Server$RpcCall.run(Server.java:963) [hadoop-common-3.3.1.jar:?]
	at java.security.AccessController.doPrivileged(Native Method) ~[?:1.8.0_332]
	at javax.security.auth.Subject.doAs(Subject.java:422) [?:1.8.0_332]
	at org.apache.hadoop.security.UserGroupInformation.doAs(UserGroupInformation.java:1878) [hadoop-common-3.3.1.jar:?]
	at org.apache.hadoop.ipc.Server$Handler.run(Server.java:2966) [hadoop-common-3.3.1.jar:?]
13:48:24.141 [IPC Server handler 2 on default port 34619] ERROR OMAudit - user=runner | ip=127.0.0.1 | op=GET_FILE_STATUS {volume=volume31213, bucket=bucket82479, key=testBatchDelete/parent/child2, dataSize=0, replicationConfig=null} | ret=FAILURE
org.apache.hadoop.ozone.om.exceptions.OMException: Unable to get file status: volume: volume31213 bucket: bucket82479 key: testBatchDelete/parent/child2
	at org.apache.hadoop.ozone.om.KeyManagerImpl.getOzoneFileStatus(KeyManagerImpl.java:1311) ~[ozone-manager-1.3.0-SNAPSHOT.jar:?]
	at org.apache.hadoop.ozone.om.KeyManagerImpl.getFileStatus(KeyManagerImpl.java:1241) ~[ozone-manager-1.3.0-SNAPSHOT.jar:?]
	at org.apache.hadoop.ozone.om.OzoneManager.getFileStatus(OzoneManager.java:3468) ~[ozone-manager-1.3.0-SNAPSHOT.jar:?]
	at org.apache.hadoop.ozone.protocolPB.OzoneManagerRequestHandler.getOzoneFileStatus(OzoneManagerRequestHandler.java:882) ~[ozone-manager-1.3.0-SNAPSHOT.jar:?]
	at org.apache.hadoop.ozone.protocolPB.OzoneManagerRequestHandler.handleReadRequest(OzoneManagerRequestHandler.java:228) ~[ozone-manager-1.3.0-SNAPSHOT.jar:?]
	at org.apache.hadoop.ozone.protocolPB.OzoneManagerProtocolServerSideTranslatorPB.submitReadRequestToOM(OzoneManagerProtocolServerSideTranslatorPB.java:226) ~[ozone-manager-1.3.0-SNAPSHOT.jar:?]
	at org.apache.hadoop.ozone.protocolPB.OzoneManagerProtocolServerSideTranslatorPB.processRequest(OzoneManagerProtocolServerSideTranslatorPB.java:175) ~[ozone-manager-1.3.0-SNAPSHOT.jar:?]
	at org.apache.hadoop.hdds.server.OzoneProtocolMessageDispatcher.processRequest(OzoneProtocolMessageDispatcher.java:87) [hdds-server-framework-1.3.0-SNAPSHOT.jar:?]
	at org.apache.hadoop.ozone.protocolPB.OzoneManagerProtocolServerSideTranslatorPB.submitRequest(OzoneManagerProtocolServerSideTranslatorPB.java:147) [ozone-manager-1.3.0-SNAPSHOT.jar:?]
	at org.apache.hadoop.ozone.protocol.proto.OzoneManagerProtocolProtos$OzoneManagerService$2.callBlockingMethod(OzoneManagerProtocolProtos.java) [ozone-interface-client-1.3.0-SNAPSHOT.jar:?]
	at org.apache.hadoop.ipc.ProtobufRpcEngine$Server.processCall(ProtobufRpcEngine.java:466) [hadoop-common-3.3.1.jar:?]
	at org.apache.hadoop.ipc.ProtobufRpcEngine2$Server$ProtoBufRpcInvoker.call(ProtobufRpcEngine2.java:574) [hadoop-common-3.3.1.jar:?]
	at org.apache.hadoop.ipc.ProtobufRpcEngine2$Server$ProtoBufRpcInvoker.call(ProtobufRpcEngine2.java:552) [hadoop-common-3.3.1.jar:?]
	at org.apache.hadoop.ipc.RPC$Server.call(RPC.java:1093) [hadoop-common-3.3.1.jar:?]
	at org.apache.hadoop.ipc.Server$RpcCall.run(Server.java:1035) [hadoop-common-3.3.1.jar:?]
	at org.apache.hadoop.ipc.Server$RpcCall.run(Server.java:963) [hadoop-common-3.3.1.jar:?]
	at java.security.AccessController.doPrivileged(Native Method) ~[?:1.8.0_332]
	at javax.security.auth.Subject.doAs(Subject.java:422) [?:1.8.0_332]
	at org.apache.hadoop.security.UserGroupInformation.doAs(UserGroupInformation.java:1878) [hadoop-common-3.3.1.jar:?]
	at org.apache.hadoop.ipc.Server$Handler.run(Server.java:2966) [hadoop-common-3.3.1.jar:?]
13:48:24.141 [IPC Server handler 7 on default port 34619] ERROR OMAudit - user=runner | ip=127.0.0.1 | op=GET_FILE_STATUS {volume=volume31213, bucket=bucket82479, key=testBatchDelete/parent/childFolder/child2, dataSize=0, replicationConfig=null} | ret=FAILURE
org.apache.hadoop.ozone.om.exceptions.OMException: Unable to get file status: volume: volume31213 bucket: bucket82479 key: testBatchDelete/parent/childFolder/child2
	at org.apache.hadoop.ozone.om.KeyManagerImpl.getOzoneFileStatus(KeyManagerImpl.java:1311) ~[ozone-manager-1.3.0-SNAPSHOT.jar:?]
	at org.apache.hadoop.ozone.om.KeyManagerImpl.getFileStatus(KeyManagerImpl.java:1241) ~[ozone-manager-1.3.0-SNAPSHOT.jar:?]
	at org.apache.hadoop.ozone.om.OzoneManager.getFileStatus(OzoneManager.java:3468) ~[ozone-manager-1.3.0-SNAPSHOT.jar:?]
	at org.apache.hadoop.ozone.protocolPB.OzoneManagerRequestHandler.getOzoneFileStatus(OzoneManagerRequestHandler.java:882) ~[ozone-manager-1.3.0-SNAPSHOT.jar:?]
	at org.apache.hadoop.ozone.protocolPB.OzoneManagerRequestHandler.handleReadRequest(OzoneManagerRequestHandler.java:228) ~[ozone-manager-1.3.0-SNAPSHOT.jar:?]
	at org.apache.hadoop.ozone.protocolPB.OzoneManagerProtocolServerSideTranslatorPB.submitReadRequestToOM(OzoneManagerProtocolServerSideTranslatorPB.java:226) ~[ozone-manager-1.3.0-SNAPSHOT.jar:?]
	at org.apache.hadoop.ozone.protocolPB.OzoneManagerProtocolServerSideTranslatorPB.processRequest(OzoneManagerProtocolServerSideTranslatorPB.java:175) ~[ozone-manager-1.3.0-SNAPSHOT.jar:?]
	at org.apache.hadoop.hdds.server.OzoneProtocolMessageDispatcher.processRequest(OzoneProtocolMessageDispatcher.java:87) [hdds-server-framework-1.3.0-SNAPSHOT.jar:?]
	at org.apache.hadoop.ozone.protocolPB.OzoneManagerProtocolServerSideTranslatorPB.submitRequest(OzoneManagerProtocolServerSideTranslatorPB.java:147) [ozone-manager-1.3.0-SNAPSHOT.jar:?]
	at org.apache.hadoop.ozone.protocol.proto.OzoneManagerProtocolProtos$OzoneManagerService$2.callBlockingMethod(OzoneManagerProtocolProtos.java) [ozone-interface-client-1.3.0-SNAPSHOT.jar:?]
	at org.apache.hadoop.ipc.ProtobufRpcEngine$Server.processCall(ProtobufRpcEngine.java:466) [hadoop-common-3.3.1.jar:?]
	at org.apache.hadoop.ipc.ProtobufRpcEngine2$Server$ProtoBufRpcInvoker.call(ProtobufRpcEngine2.java:574) [hadoop-common-3.3.1.jar:?]
	at org.apache.hadoop.ipc.ProtobufRpcEngine2$Server$ProtoBufRpcInvoker.call(ProtobufRpcEngine2.java:552) [hadoop-common-3.3.1.jar:?]
	at org.apache.hadoop.ipc.RPC$Server.call(RPC.java:1093) [hadoop-common-3.3.1.jar:?]
	at org.apache.hadoop.ipc.Server$RpcCall.run(Server.java:1035) [hadoop-common-3.3.1.jar:?]
	at org.apache.hadoop.ipc.Server$RpcCall.run(Server.java:963) [hadoop-common-3.3.1.jar:?]
	at java.security.AccessController.doPrivileged(Native Method) ~[?:1.8.0_332]
	at javax.security.auth.Subject.doAs(Subject.java:422) [?:1.8.0_332]
	at org.apache.hadoop.security.UserGroupInformation.doAs(UserGroupInformation.java:1878) [hadoop-common-3.3.1.jar:?]
	at org.apache.hadoop.ipc.Server$Handler.run(Server.java:2966) [hadoop-common-3.3.1.jar:?]
13:48:24.142 [IPC Server handler 9 on default port 34619] ERROR OMAudit - user=runner | ip=127.0.0.1 | op=GET_FILE_STATUS {volume=volume31213, bucket=bucket82479, key=testBatchDelete/parent/child3, dataSize=0, replicationConfig=null} | ret=FAILURE
org.apache.hadoop.ozone.om.exceptions.OMException: Unable to get file status: volume: volume31213 bucket: bucket82479 key: testBatchDelete/parent/child3
	at org.apache.hadoop.ozone.om.KeyManagerImpl.getOzoneFileStatus(KeyManagerImpl.java:1311) ~[ozone-manager-1.3.0-SNAPSHOT.jar:?]
	at org.apache.hadoop.ozone.om.KeyManagerImpl.getFileStatus(KeyManagerImpl.java:1241) ~[ozone-manager-1.3.0-SNAPSHOT.jar:?]
	at org.apache.hadoop.ozone.om.OzoneManager.getFileStatus(OzoneManager.java:3468) ~[ozone-manager-1.3.0-SNAPSHOT.jar:?]
	at org.apache.hadoop.ozone.protocolPB.OzoneManagerRequestHandler.getOzoneFileStatus(OzoneManagerRequestHandler.java:882) ~[ozone-manager-1.3.0-SNAPSHOT.jar:?]
	at org.apache.hadoop.ozone.protocolPB.OzoneManagerRequestHandler.handleReadRequest(OzoneManagerRequestHandler.java:228) ~[ozone-manager-1.3.0-SNAPSHOT.jar:?]
	at org.apache.hadoop.ozone.protocolPB.OzoneManagerProtocolServerSideTranslatorPB.submitReadRequestToOM(OzoneManagerProtocolServerSideTranslatorPB.java:226) ~[ozone-manager-1.3.0-SNAPSHOT.jar:?]
	at org.apache.hadoop.ozone.protocolPB.OzoneManagerProtocolServerSideTranslatorPB.processRequest(OzoneManagerProtocolServerSideTranslatorPB.java:175) ~[ozone-manager-1.3.0-SNAPSHOT.jar:?]
	at org.apache.hadoop.hdds.server.OzoneProtocolMessageDispatcher.processRequest(OzoneProtocolMessageDispatcher.java:87) [hdds-server-framework-1.3.0-SNAPSHOT.jar:?]
	at org.apache.hadoop.ozone.protocolPB.OzoneManagerProtocolServerSideTranslatorPB.submitRequest(OzoneManagerProtocolServerSideTranslatorPB.java:147) [ozone-manager-1.3.0-SNAPSHOT.jar:?]
	at org.apache.hadoop.ozone.protocol.proto.OzoneManagerProtocolProtos$OzoneManagerService$2.callBlockingMethod(OzoneManagerProtocolProtos.java) [ozone-interface-client-1.3.0-SNAPSHOT.jar:?]
	at org.apache.hadoop.ipc.ProtobufRpcEngine$Server.processCall(ProtobufRpcEngine.java:466) [hadoop-common-3.3.1.jar:?]
	at org.apache.hadoop.ipc.ProtobufRpcEngine2$Server$ProtoBufRpcInvoker.call(ProtobufRpcEngine2.java:574) [hadoop-common-3.3.1.jar:?]
	at org.apache.hadoop.ipc.ProtobufRpcEngine2$Server$ProtoBufRpcInvoker.call(ProtobufRpcEngine2.java:552) [hadoop-common-3.3.1.jar:?]
	at org.apache.hadoop.ipc.RPC$Server.call(RPC.java:1093) [hadoop-common-3.3.1.jar:?]
	at org.apache.hadoop.ipc.Server$RpcCall.run(Server.java:1035) [hadoop-common-3.3.1.jar:?]
	at org.apache.hadoop.ipc.Server$RpcCall.run(Server.java:963) [hadoop-common-3.3.1.jar:?]
	at java.security.AccessController.doPrivileged(Native Method) ~[?:1.8.0_332]
	at javax.security.auth.Subject.doAs(Subject.java:422) [?:1.8.0_332]
	at org.apache.hadoop.security.UserGroupInformation.doAs(UserGroupInformation.java:1878) [hadoop-common-3.3.1.jar:?]
	at org.apache.hadoop.ipc.Server$Handler.run(Server.java:2966) [hadoop-common-3.3.1.jar:?]
13:48:24.143 [IPC Server handler 12 on default port 34619] ERROR OMAudit - user=runner | ip=127.0.0.1 | op=GET_FILE_STATUS {volume=volume31213, bucket=bucket82479, key=testBatchDelete/parent/childFolder/child3, dataSize=0, replicationConfig=null} | ret=FAILURE
org.apache.hadoop.ozone.om.exceptions.OMException: Unable to get file status: volume: volume31213 bucket: bucket82479 key: testBatchDelete/parent/childFolder/child3
	at org.apache.hadoop.ozone.om.KeyManagerImpl.getOzoneFileStatus(KeyManagerImpl.java:1311) ~[ozone-manager-1.3.0-SNAPSHOT.jar:?]
	at org.apache.hadoop.ozone.om.KeyManagerImpl.getFileStatus(KeyManagerImpl.java:1241) ~[ozone-manager-1.3.0-SNAPSHOT.jar:?]
	at org.apache.hadoop.ozone.om.OzoneManager.getFileStatus(OzoneManager.java:3468) ~[ozone-manager-1.3.0-SNAPSHOT.jar:?]
	at org.apache.hadoop.ozone.protocolPB.OzoneManagerRequestHandler.getOzoneFileStatus(OzoneManagerRequestHandler.java:882) ~[ozone-manager-1.3.0-SNAPSHOT.jar:?]
	at org.apache.hadoop.ozone.protocolPB.OzoneManagerRequestHandler.handleReadRequest(OzoneManagerRequestHandler.java:228) ~[ozone-manager-1.3.0-SNAPSHOT.jar:?]
	at org.apache.hadoop.ozone.protocolPB.OzoneManagerProtocolServerSideTranslatorPB.submitReadRequestToOM(OzoneManagerProtocolServerSideTranslatorPB.java:226) ~[ozone-manager-1.3.0-SNAPSHOT.jar:?]
	at org.apache.hadoop.ozone.protocolPB.OzoneManagerProtocolServerSideTranslatorPB.processRequest(OzoneManagerProtocolServerSideTranslatorPB.java:175) ~[ozone-manager-1.3.0-SNAPSHOT.jar:?]
	at org.apache.hadoop.hdds.server.OzoneProtocolMessageDispatcher.processRequest(OzoneProtocolMessageDispatcher.java:87) [hdds-server-framework-1.3.0-SNAPSHOT.jar:?]
	at org.apache.hadoop.ozone.protocolPB.OzoneManagerProtocolServerSideTranslatorPB.submitRequest(OzoneManagerProtocolServerSideTranslatorPB.java:147) [ozone-manager-1.3.0-SNAPSHOT.jar:?]
	at org.apache.hadoop.ozone.protocol.proto.OzoneManagerProtocolProtos$OzoneManagerService$2.callBlockingMethod(OzoneManagerProtocolProtos.java) [ozone-interface-client-1.3.0-SNAPSHOT.jar:?]
	at org.apache.hadoop.ipc.ProtobufRpcEngine$Server.processCall(ProtobufRpcEngine.java:466) [hadoop-common-3.3.1.jar:?]
	at org.apache.hadoop.ipc.ProtobufRpcEngine2$Server$ProtoBufRpcInvoker.call(ProtobufRpcEngine2.java:574) [hadoop-common-3.3.1.jar:?]
	at org.apache.hadoop.ipc.ProtobufRpcEngine2$Server$ProtoBufRpcInvoker.call(ProtobufRpcEngine2.java:552) [hadoop-common-3.3.1.jar:?]
	at org.apache.hadoop.ipc.RPC$Server.call(RPC.java:1093) [hadoop-common-3.3.1.jar:?]
	at org.apache.hadoop.ipc.Server$RpcCall.run(Server.java:1035) [hadoop-common-3.3.1.jar:?]
	at org.apache.hadoop.ipc.Server$RpcCall.run(Server.java:963) [hadoop-common-3.3.1.jar:?]
	at java.security.AccessController.doPrivileged(Native Method) ~[?:1.8.0_332]
	at javax.security.auth.Subject.doAs(Subject.java:422) [?:1.8.0_332]
	at org.apache.hadoop.security.UserGroupInformation.doAs(UserGroupInformation.java:1878) [hadoop-common-3.3.1.jar:?]
	at org.apache.hadoop.ipc.Server$Handler.run(Server.java:2966) [hadoop-common-3.3.1.jar:?]
13:48:24.144 [IPC Server handler 14 on default port 34619] ERROR OMAudit - user=runner | ip=127.0.0.1 | op=GET_FILE_STATUS {volume=volume31213, bucket=bucket82479, key=testBatchDelete/parent/child4, dataSize=0, replicationConfig=null} | ret=FAILURE
org.apache.hadoop.ozone.om.exceptions.OMException: Unable to get file status: volume: volume31213 bucket: bucket82479 key: testBatchDelete/parent/child4
	at org.apache.hadoop.ozone.om.KeyManagerImpl.getOzoneFileStatus(KeyManagerImpl.java:1311) ~[ozone-manager-1.3.0-SNAPSHOT.jar:?]
	at org.apache.hadoop.ozone.om.KeyManagerImpl.getFileStatus(KeyManagerImpl.java:1241) ~[ozone-manager-1.3.0-SNAPSHOT.jar:?]
	at org.apache.hadoop.ozone.om.OzoneManager.getFileStatus(OzoneManager.java:3468) ~[ozone-manager-1.3.0-SNAPSHOT.jar:?]
	at org.apache.hadoop.ozone.protocolPB.OzoneManagerRequestHandler.getOzoneFileStatus(OzoneManagerRequestHandler.java:882) ~[ozone-manager-1.3.0-SNAPSHOT.jar:?]
	at org.apache.hadoop.ozone.protocolPB.OzoneManagerRequestHandler.handleReadRequest(OzoneManagerRequestHandler.java:228) ~[ozone-manager-1.3.0-SNAPSHOT.jar:?]
	at org.apache.hadoop.ozone.protocolPB.OzoneManagerProtocolServerSideTranslatorPB.submitReadRequestToOM(OzoneManagerProtocolServerSideTranslatorPB.java:226) ~[ozone-manager-1.3.0-SNAPSHOT.jar:?]
	at org.apache.hadoop.ozone.protocolPB.OzoneManagerProtocolServerSideTranslatorPB.processRequest(OzoneManagerProtocolServerSideTranslatorPB.java:175) ~[ozone-manager-1.3.0-SNAPSHOT.jar:?]
	at org.apache.hadoop.hdds.server.OzoneProtocolMessageDispatcher.processRequest(OzoneProtocolMessageDispatcher.java:87) [hdds-server-framework-1.3.0-SNAPSHOT.jar:?]
	at org.apache.hadoop.ozone.protocolPB.OzoneManagerProtocolServerSideTranslatorPB.submitRequest(OzoneManagerProtocolServerSideTranslatorPB.java:147) [ozone-manager-1.3.0-SNAPSHOT.jar:?]
	at org.apache.hadoop.ozone.protocol.proto.OzoneManagerProtocolProtos$OzoneManagerService$2.callBlockingMethod(OzoneManagerProtocolProtos.java) [ozone-interface-client-1.3.0-SNAPSHOT.jar:?]
	at org.apache.hadoop.ipc.ProtobufRpcEngine$Server.processCall(ProtobufRpcEngine.java:466) [hadoop-common-3.3.1.jar:?]
	at org.apache.hadoop.ipc.ProtobufRpcEngine2$Server$ProtoBufRpcInvoker.call(ProtobufRpcEngine2.java:574) [hadoop-common-3.3.1.jar:?]
	at org.apache.hadoop.ipc.ProtobufRpcEngine2$Server$ProtoBufRpcInvoker.call(ProtobufRpcEngine2.java:552) [hadoop-common-3.3.1.jar:?]
	at org.apache.hadoop.ipc.RPC$Server.call(RPC.java:1093) [hadoop-common-3.3.1.jar:?]
	at org.apache.hadoop.ipc.Server$RpcCall.run(Server.java:1035) [hadoop-common-3.3.1.jar:?]
	at org.apache.hadoop.ipc.Server$RpcCall.run(Server.java:963) [hadoop-common-3.3.1.jar:?]
	at java.security.AccessController.doPrivileged(Native Method) ~[?:1.8.0_332]
	at javax.security.auth.Subject.doAs(Subject.java:422) [?:1.8.0_332]
	at org.apache.hadoop.security.UserGroupInformation.doAs(UserGroupInformation.java:1878) [hadoop-common-3.3.1.jar:?]
	at org.apache.hadoop.ipc.Server$Handler.run(Server.java:2966) [hadoop-common-3.3.1.jar:?]
13:48:24.145 [IPC Server handler 5 on default port 34619] ERROR OMAudit - user=runner | ip=127.0.0.1 | op=GET_FILE_STATUS {volume=volume31213, bucket=bucket82479, key=testBatchDelete/parent/childFolder/child4, dataSize=0, replicationConfig=null} | ret=FAILURE
org.apache.hadoop.ozone.om.exceptions.OMException: Unable to get file status: volume: volume31213 bucket: bucket82479 key: testBatchDelete/parent/childFolder/child4
	at org.apache.hadoop.ozone.om.KeyManagerImpl.getOzoneFileStatus(KeyManagerImpl.java:1311) ~[ozone-manager-1.3.0-SNAPSHOT.jar:?]
	at org.apache.hadoop.ozone.om.KeyManagerImpl.getFileStatus(KeyManagerImpl.java:1241) ~[ozone-manager-1.3.0-SNAPSHOT.jar:?]
	at org.apache.hadoop.ozone.om.OzoneManager.getFileStatus(OzoneManager.java:3468) ~[ozone-manager-1.3.0-SNAPSHOT.jar:?]
	at org.apache.hadoop.ozone.protocolPB.OzoneManagerRequestHandler.getOzoneFileStatus(OzoneManagerRequestHandler.java:882) ~[ozone-manager-1.3.0-SNAPSHOT.jar:?]
	at org.apache.hadoop.ozone.protocolPB.OzoneManagerRequestHandler.handleReadRequest(OzoneManagerRequestHandler.java:228) ~[ozone-manager-1.3.0-SNAPSHOT.jar:?]
	at org.apache.hadoop.ozone.protocolPB.OzoneManagerProtocolServerSideTranslatorPB.submitReadRequestToOM(OzoneManagerProtocolServerSideTranslatorPB.java:226) ~[ozone-manager-1.3.0-SNAPSHOT.jar:?]
	at org.apache.hadoop.ozone.protocolPB.OzoneManagerProtocolServerSideTranslatorPB.processRequest(OzoneManagerProtocolServerSideTranslatorPB.java:175) ~[ozone-manager-1.3.0-SNAPSHOT.jar:?]
	at org.apache.hadoop.hdds.server.OzoneProtocolMessageDispatcher.processRequest(OzoneProtocolMessageDispatcher.java:87) [hdds-server-framework-1.3.0-SNAPSHOT.jar:?]
	at org.apache.hadoop.ozone.protocolPB.OzoneManagerProtocolServerSideTranslatorPB.submitRequest(OzoneManagerProtocolServerSideTranslatorPB.java:147) [ozone-manager-1.3.0-SNAPSHOT.jar:?]
	at org.apache.hadoop.ozone.protocol.proto.OzoneManagerProtocolProtos$OzoneManagerService$2.callBlockingMethod(OzoneManagerProtocolProtos.java) [ozone-interface-client-1.3.0-SNAPSHOT.jar:?]
	at org.apache.hadoop.ipc.ProtobufRpcEngine$Server.processCall(ProtobufRpcEngine.java:466) [hadoop-common-3.3.1.jar:?]
	at org.apache.hadoop.ipc.ProtobufRpcEngine2$Server$ProtoBufRpcInvoker.call(ProtobufRpcEngine2.java:574) [hadoop-common-3.3.1.jar:?]
	at org.apache.hadoop.ipc.ProtobufRpcEngine2$Server$ProtoBufRpcInvoker.call(ProtobufRpcEngine2.java:552) [hadoop-common-3.3.1.jar:?]
	at org.apache.hadoop.ipc.RPC$Server.call(RPC.java:1093) [hadoop-common-3.3.1.jar:?]
	at org.apache.hadoop.ipc.Server$RpcCall.run(Server.java:1035) [hadoop-common-3.3.1.jar:?]
	at org.apache.hadoop.ipc.Server$RpcCall.run(Server.java:963) [hadoop-common-3.3.1.jar:?]
	at java.security.AccessController.doPrivileged(Native Method) ~[?:1.8.0_332]
	at javax.security.auth.Subject.doAs(Subject.java:422) [?:1.8.0_332]
	at org.apache.hadoop.security.UserGroupInformation.doAs(UserGroupInformation.java:1878) [hadoop-common-3.3.1.jar:?]
	at org.apache.hadoop.ipc.Server$Handler.run(Server.java:2966) [hadoop-common-3.3.1.jar:?]
13:48:24.146 [IPC Server handler 1 on default port 34619] ERROR OMAudit - user=runner | ip=127.0.0.1 | op=GET_FILE_STATUS {volume=volume31213, bucket=bucket82479, key=testBatchDelete/parent/child5, dataSize=0, replicationConfig=null} | ret=FAILURE
org.apache.hadoop.ozone.om.exceptions.OMException: Unable to get file status: volume: volume31213 bucket: bucket82479 key: testBatchDelete/parent/child5
	at org.apache.hadoop.ozone.om.KeyManagerImpl.getOzoneFileStatus(KeyManagerImpl.java:1311) ~[ozone-manager-1.3.0-SNAPSHOT.jar:?]
	at org.apache.hadoop.ozone.om.KeyManagerImpl.getFileStatus(KeyManagerImpl.java:1241) ~[ozone-manager-1.3.0-SNAPSHOT.jar:?]
	at org.apache.hadoop.ozone.om.OzoneManager.getFileStatus(OzoneManager.java:3468) ~[ozone-manager-1.3.0-SNAPSHOT.jar:?]
	at org.apache.hadoop.ozone.protocolPB.OzoneManagerRequestHandler.getOzoneFileStatus(OzoneManagerRequestHandler.java:882) ~[ozone-manager-1.3.0-SNAPSHOT.jar:?]
	at org.apache.hadoop.ozone.protocolPB.OzoneManagerRequestHandler.handleReadRequest(OzoneManagerRequestHandler.java:228) ~[ozone-manager-1.3.0-SNAPSHOT.jar:?]
	at org.apache.hadoop.ozone.protocolPB.OzoneManagerProtocolServerSideTranslatorPB.submitReadRequestToOM(OzoneManagerProtocolServerSideTranslatorPB.java:226) ~[ozone-manager-1.3.0-SNAPSHOT.jar:?]
	at org.apache.hadoop.ozone.protocolPB.OzoneManagerProtocolServerSideTranslatorPB.processRequest(OzoneManagerProtocolServerSideTranslatorPB.java:175) ~[ozone-manager-1.3.0-SNAPSHOT.jar:?]
	at org.apache.hadoop.hdds.server.OzoneProtocolMessageDispatcher.processRequest(OzoneProtocolMessageDispatcher.java:87) [hdds-server-framework-1.3.0-SNAPSHOT.jar:?]
	at org.apache.hadoop.ozone.protocolPB.OzoneManagerProtocolServerSideTranslatorPB.submitRequest(OzoneManagerProtocolServerSideTranslatorPB.java:147) [ozone-manager-1.3.0-SNAPSHOT.jar:?]
	at org.apache.hadoop.ozone.protocol.proto.OzoneManagerProtocolProtos$OzoneManagerService$2.callBlockingMethod(OzoneManagerProtocolProtos.java) [ozone-interface-client-1.3.0-SNAPSHOT.jar:?]
	at org.apache.hadoop.ipc.ProtobufRpcEngine$Server.processCall(ProtobufRpcEngine.java:466) [hadoop-common-3.3.1.jar:?]
	at org.apache.hadoop.ipc.ProtobufRpcEngine2$Server$ProtoBufRpcInvoker.call(ProtobufRpcEngine2.java:574) [hadoop-common-3.3.1.jar:?]
	at org.apache.hadoop.ipc.ProtobufRpcEngine2$Server$ProtoBufRpcInvoker.call(ProtobufRpcEngine2.java:552) [hadoop-common-3.3.1.jar:?]
	at org.apache.hadoop.ipc.RPC$Server.call(RPC.java:1093) [hadoop-common-3.3.1.jar:?]
	at org.apache.hadoop.ipc.Server$RpcCall.run(Server.java:1035) [hadoop-common-3.3.1.jar:?]
	at org.apache.hadoop.ipc.Server$RpcCall.run(Server.java:963) [hadoop-common-3.3.1.jar:?]
	at java.security.AccessController.doPrivileged(Native Method) ~[?:1.8.0_332]
	at javax.security.auth.Subject.doAs(Subject.java:422) [?:1.8.0_332]
	at org.apache.hadoop.security.UserGroupInformation.doAs(UserGroupInformation.java:1878) [hadoop-common-3.3.1.jar:?]
	at org.apache.hadoop.ipc.Server$Handler.run(Server.java:2966) [hadoop-common-3.3.1.jar:?]
13:48:24.146 [IPC Server handler 18 on default port 34619] ERROR OMAudit - user=runner | ip=127.0.0.1 | op=GET_FILE_STATUS {volume=volume31213, bucket=bucket82479, key=testBatchDelete/parent/childFolder/child5, dataSize=0, replicationConfig=null} | ret=FAILURE
org.apache.hadoop.ozone.om.exceptions.OMException: Unable to get file status: volume: volume31213 bucket: bucket82479 key: testBatchDelete/parent/childFolder/child5
	at org.apache.hadoop.ozone.om.KeyManagerImpl.getOzoneFileStatus(KeyManagerImpl.java:1311) ~[ozone-manager-1.3.0-SNAPSHOT.jar:?]
	at org.apache.hadoop.ozone.om.KeyManagerImpl.getFileStatus(KeyManagerImpl.java:1241) ~[ozone-manager-1.3.0-SNAPSHOT.jar:?]
	at org.apache.hadoop.ozone.om.OzoneManager.getFileStatus(OzoneManager.java:3468) ~[ozone-manager-1.3.0-SNAPSHOT.jar:?]
	at org.apache.hadoop.ozone.protocolPB.OzoneManagerRequestHandler.getOzoneFileStatus(OzoneManagerRequestHandler.java:882) ~[ozone-manager-1.3.0-SNAPSHOT.jar:?]
	at org.apache.hadoop.ozone.protocolPB.OzoneManagerRequestHandler.handleReadRequest(OzoneManagerRequestHandler.java:228) ~[ozone-manager-1.3.0-SNAPSHOT.jar:?]
	at org.apache.hadoop.ozone.protocolPB.OzoneManagerProtocolServerSideTranslatorPB.submitReadRequestToOM(OzoneManagerProtocolServerSideTranslatorPB.java:226) ~[ozone-manager-1.3.0-SNAPSHOT.jar:?]
	at org.apache.hadoop.ozone.protocolPB.OzoneManagerProtocolServerSideTranslatorPB.processRequest(OzoneManagerProtocolServerSideTranslatorPB.java:175) ~[ozone-manager-1.3.0-SNAPSHOT.jar:?]
	at org.apache.hadoop.hdds.server.OzoneProtocolMessageDispatcher.processRequest(OzoneProtocolMessageDispatcher.java:87) [hdds-server-framework-1.3.0-SNAPSHOT.jar:?]
	at org.apache.hadoop.ozone.protocolPB.OzoneManagerProtocolServerSideTranslatorPB.submitRequest(OzoneManagerProtocolServerSideTranslatorPB.java:147) [ozone-manager-1.3.0-SNAPSHOT.jar:?]
	at org.apache.hadoop.ozone.protocol.proto.OzoneManagerProtocolProtos$OzoneManagerService$2.callBlockingMethod(OzoneManagerProtocolProtos.java) [ozone-interface-client-1.3.0-SNAPSHOT.jar:?]
	at org.apache.hadoop.ipc.ProtobufRpcEngine$Server.processCall(ProtobufRpcEngine.java:466) [hadoop-common-3.3.1.jar:?]
	at org.apache.hadoop.ipc.ProtobufRpcEngine2$Server$ProtoBufRpcInvoker.call(ProtobufRpcEngine2.java:574) [hadoop-common-3.3.1.jar:?]
	at org.apache.hadoop.ipc.ProtobufRpcEngine2$Server$ProtoBufRpcInvoker.call(ProtobufRpcEngine2.java:552) [hadoop-common-3.3.1.jar:?]
	at org.apache.hadoop.ipc.RPC$Server.call(RPC.java:1093) [hadoop-common-3.3.1.jar:?]
	at org.apache.hadoop.ipc.Server$RpcCall.run(Server.java:1035) [hadoop-common-3.3.1.jar:?]
	at org.apache.hadoop.ipc.Server$RpcCall.run(Server.java:963) [hadoop-common-3.3.1.jar:?]
	at java.security.AccessController.doPrivileged(Native Method) ~[?:1.8.0_332]
	at javax.security.auth.Subject.doAs(Subject.java:422) [?:1.8.0_332]
	at org.apache.hadoop.security.UserGroupInformation.doAs(UserGroupInformation.java:1878) [hadoop-common-3.3.1.jar:?]
	at org.apache.hadoop.ipc.Server$Handler.run(Server.java:2966) [hadoop-common-3.3.1.jar:?]
13:48:24.147 [IPC Server handler 3 on default port 34619] ERROR OMAudit - user=runner | ip=127.0.0.1 | op=GET_FILE_STATUS {volume=volume31213, bucket=bucket82479, key=testBatchDelete/parent/child6, dataSize=0, replicationConfig=null} | ret=FAILURE
org.apache.hadoop.ozone.om.exceptions.OMException: Unable to get file status: volume: volume31213 bucket: bucket82479 key: testBatchDelete/parent/child6
	at org.apache.hadoop.ozone.om.KeyManagerImpl.getOzoneFileStatus(KeyManagerImpl.java:1311) ~[ozone-manager-1.3.0-SNAPSHOT.jar:?]
	at org.apache.hadoop.ozone.om.KeyManagerImpl.getFileStatus(KeyManagerImpl.java:1241) ~[ozone-manager-1.3.0-SNAPSHOT.jar:?]
	at org.apache.hadoop.ozone.om.OzoneManager.getFileStatus(OzoneManager.java:3468) ~[ozone-manager-1.3.0-SNAPSHOT.jar:?]
	at org.apache.hadoop.ozone.protocolPB.OzoneManagerRequestHandler.getOzoneFileStatus(OzoneManagerRequestHandler.java:882) ~[ozone-manager-1.3.0-SNAPSHOT.jar:?]
	at org.apache.hadoop.ozone.protocolPB.OzoneManagerRequestHandler.handleReadRequest(OzoneManagerRequestHandler.java:228) ~[ozone-manager-1.3.0-SNAPSHOT.jar:?]
	at org.apache.hadoop.ozone.protocolPB.OzoneManagerProtocolServerSideTranslatorPB.submitReadRequestToOM(OzoneManagerProtocolServerSideTranslatorPB.java:226) ~[ozone-manager-1.3.0-SNAPSHOT.jar:?]
	at org.apache.hadoop.ozone.protocolPB.OzoneManagerProtocolServerSideTranslatorPB.processRequest(OzoneManagerProtocolServerSideTranslatorPB.java:175) ~[ozone-manager-1.3.0-SNAPSHOT.jar:?]
	at org.apache.hadoop.hdds.server.OzoneProtocolMessageDispatcher.processRequest(OzoneProtocolMessageDispatcher.java:87) [hdds-server-framework-1.3.0-SNAPSHOT.jar:?]
	at org.apache.hadoop.ozone.protocolPB.OzoneManagerProtocolServerSideTranslatorPB.submitRequest(OzoneManagerProtocolServerSideTranslatorPB.java:147) [ozone-manager-1.3.0-SNAPSHOT.jar:?]
	at org.apache.hadoop.ozone.protocol.proto.OzoneManagerProtocolProtos$OzoneManagerService$2.callBlockingMethod(OzoneManagerProtocolProtos.java) [ozone-interface-client-1.3.0-SNAPSHOT.jar:?]
	at org.apache.hadoop.ipc.ProtobufRpcEngine$Server.processCall(ProtobufRpcEngine.java:466) [hadoop-common-3.3.1.jar:?]
	at org.apache.hadoop.ipc.ProtobufRpcEngine2$Server$ProtoBufRpcInvoker.call(ProtobufRpcEngine2.java:574) [hadoop-common-3.3.1.jar:?]
	at org.apache.hadoop.ipc.ProtobufRpcEngine2$Server$ProtoBufRpcInvoker.call(ProtobufRpcEngine2.java:552) [hadoop-common-3.3.1.jar:?]
	at org.apache.hadoop.ipc.RPC$Server.call(RPC.java:1093) [hadoop-common-3.3.1.jar:?]
	at org.apache.hadoop.ipc.Server$RpcCall.run(Server.java:1035) [hadoop-common-3.3.1.jar:?]
	at org.apache.hadoop.ipc.Server$RpcCall.run(Server.java:963) [hadoop-common-3.3.1.jar:?]
	at java.security.AccessController.doPrivileged(Native Method) ~[?:1.8.0_332]
	at javax.security.auth.Subject.doAs(Subject.java:422) [?:1.8.0_332]
	at org.apache.hadoop.security.UserGroupInformation.doAs(UserGroupInformation.java:1878) [hadoop-common-3.3.1.jar:?]
	at org.apache.hadoop.ipc.Server$Handler.run(Server.java:2966) [hadoop-common-3.3.1.jar:?]
13:48:24.148 [IPC Server handler 16 on default port 34619] ERROR OMAudit - user=runner | ip=127.0.0.1 | op=GET_FILE_STATUS {volume=volume31213, bucket=bucket82479, key=testBatchDelete/parent/childFolder/child6, dataSize=0, replicationConfig=null} | ret=FAILURE
org.apache.hadoop.ozone.om.exceptions.OMException: Unable to get file status: volume: volume31213 bucket: bucket82479 key: testBatchDelete/parent/childFolder/child6
	at org.apache.hadoop.ozone.om.KeyManagerImpl.getOzoneFileStatus(KeyManagerImpl.java:1311) ~[ozone-manager-1.3.0-SNAPSHOT.jar:?]
	at org.apache.hadoop.ozone.om.KeyManagerImpl.getFileStatus(KeyManagerImpl.java:1241) ~[ozone-manager-1.3.0-SNAPSHOT.jar:?]
	at org.apache.hadoop.ozone.om.OzoneManager.getFileStatus(OzoneManager.java:3468) ~[ozone-manager-1.3.0-SNAPSHOT.jar:?]
	at org.apache.hadoop.ozone.protocolPB.OzoneManagerRequestHandler.getOzoneFileStatus(OzoneManagerRequestHandler.java:882) ~[ozone-manager-1.3.0-SNAPSHOT.jar:?]
	at org.apache.hadoop.ozone.protocolPB.OzoneManagerRequestHandler.handleReadRequest(OzoneManagerRequestHandler.java:228) ~[ozone-manager-1.3.0-SNAPSHOT.jar:?]
	at org.apache.hadoop.ozone.protocolPB.OzoneManagerProtocolServerSideTranslatorPB.submitReadRequestToOM(OzoneManagerProtocolServerSideTranslatorPB.java:226) ~[ozone-manager-1.3.0-SNAPSHOT.jar:?]
	at org.apache.hadoop.ozone.protocolPB.OzoneManagerProtocolServerSideTranslatorPB.processRequest(OzoneManagerProtocolServerSideTranslatorPB.java:175) ~[ozone-manager-1.3.0-SNAPSHOT.jar:?]
	at org.apache.hadoop.hdds.server.OzoneProtocolMessageDispatcher.processRequest(OzoneProtocolMessageDispatcher.java:87) [hdds-server-framework-1.3.0-SNAPSHOT.jar:?]
	at org.apache.hadoop.ozone.protocolPB.OzoneManagerProtocolServerSideTranslatorPB.submitRequest(OzoneManagerProtocolServerSideTranslatorPB.java:147) [ozone-manager-1.3.0-SNAPSHOT.jar:?]
	at org.apache.hadoop.ozone.protocol.proto.OzoneManagerProtocolProtos$OzoneManagerService$2.callBlockingMethod(OzoneManagerProtocolProtos.java) [ozone-interface-client-1.3.0-SNAPSHOT.jar:?]
	at org.apache.hadoop.ipc.ProtobufRpcEngine$Server.processCall(ProtobufRpcEngine.java:466) [hadoop-common-3.3.1.jar:?]
	at org.apache.hadoop.ipc.ProtobufRpcEngine2$Server$ProtoBufRpcInvoker.call(ProtobufRpcEngine2.java:574) [hadoop-common-3.3.1.jar:?]
	at org.apache.hadoop.ipc.ProtobufRpcEngine2$Server$ProtoBufRpcInvoker.call(ProtobufRpcEngine2.java:552) [hadoop-common-3.3.1.jar:?]
	at org.apache.hadoop.ipc.RPC$Server.call(RPC.java:1093) [hadoop-common-3.3.1.jar:?]
	at org.apache.hadoop.ipc.Server$RpcCall.run(Server.java:1035) [hadoop-common-3.3.1.jar:?]
	at org.apache.hadoop.ipc.Server$RpcCall.run(Server.java:963) [hadoop-common-3.3.1.jar:?]
	at java.security.AccessController.doPrivileged(Native Method) ~[?:1.8.0_332]
	at javax.security.auth.Subject.doAs(Subject.java:422) [?:1.8.0_332]
	at org.apache.hadoop.security.UserGroupInformation.doAs(UserGroupInformation.java:1878) [hadoop-common-3.3.1.jar:?]
	at org.apache.hadoop.ipc.Server$Handler.run(Server.java:2966) [hadoop-common-3.3.1.jar:?]
13:48:24.149 [IPC Server handler 2 on default port 34619] ERROR OMAudit - user=runner | ip=127.0.0.1 | op=GET_FILE_STATUS {volume=volume31213, bucket=bucket82479, key=testBatchDelete/parent/child7, dataSize=0, replicationConfig=null} | ret=FAILURE
org.apache.hadoop.ozone.om.exceptions.OMException: Unable to get file status: volume: volume31213 bucket: bucket82479 key: testBatchDelete/parent/child7
	at org.apache.hadoop.ozone.om.KeyManagerImpl.getOzoneFileStatus(KeyManagerImpl.java:1311) ~[ozone-manager-1.3.0-SNAPSHOT.jar:?]
	at org.apache.hadoop.ozone.om.KeyManagerImpl.getFileStatus(KeyManagerImpl.java:1241) ~[ozone-manager-1.3.0-SNAPSHOT.jar:?]
	at org.apache.hadoop.ozone.om.OzoneManager.getFileStatus(OzoneManager.java:3468) ~[ozone-manager-1.3.0-SNAPSHOT.jar:?]
	at org.apache.hadoop.ozone.protocolPB.OzoneManagerRequestHandler.getOzoneFileStatus(OzoneManagerRequestHandler.java:882) ~[ozone-manager-1.3.0-SNAPSHOT.jar:?]
	at org.apache.hadoop.ozone.protocolPB.OzoneManagerRequestHandler.handleReadRequest(OzoneManagerRequestHandler.java:228) ~[ozone-manager-1.3.0-SNAPSHOT.jar:?]
	at org.apache.hadoop.ozone.protocolPB.OzoneManagerProtocolServerSideTranslatorPB.submitReadRequestToOM(OzoneManagerProtocolServerSideTranslatorPB.java:226) ~[ozone-manager-1.3.0-SNAPSHOT.jar:?]
	at org.apache.hadoop.ozone.protocolPB.OzoneManagerProtocolServerSideTranslatorPB.processRequest(OzoneManagerProtocolServerSideTranslatorPB.java:175) ~[ozone-manager-1.3.0-SNAPSHOT.jar:?]
	at org.apache.hadoop.hdds.server.OzoneProtocolMessageDispatcher.processRequest(OzoneProtocolMessageDispatcher.java:87) [hdds-server-framework-1.3.0-SNAPSHOT.jar:?]
	at org.apache.hadoop.ozone.protocolPB.OzoneManagerProtocolServerSideTranslatorPB.submitRequest(OzoneManagerProtocolServerSideTranslatorPB.java:147) [ozone-manager-1.3.0-SNAPSHOT.jar:?]
	at org.apache.hadoop.ozone.protocol.proto.OzoneManagerProtocolProtos$OzoneManagerService$2.callBlockingMethod(OzoneManagerProtocolProtos.java) [ozone-interface-client-1.3.0-SNAPSHOT.jar:?]
	at org.apache.hadoop.ipc.ProtobufRpcEngine$Server.processCall(ProtobufRpcEngine.java:466) [hadoop-common-3.3.1.jar:?]
	at org.apache.hadoop.ipc.ProtobufRpcEngine2$Server$ProtoBufRpcInvoker.call(ProtobufRpcEngine2.java:574) [hadoop-common-3.3.1.jar:?]
	at org.apache.hadoop.ipc.ProtobufRpcEngine2$Server$ProtoBufRpcInvoker.call(ProtobufRpcEngine2.java:552) [hadoop-common-3.3.1.jar:?]
	at org.apache.hadoop.ipc.RPC$Server.call(RPC.java:1093) [hadoop-common-3.3.1.jar:?]
	at org.apache.hadoop.ipc.Server$RpcCall.run(Server.java:1035) [hadoop-common-3.3.1.jar:?]
	at org.apache.hadoop.ipc.Server$RpcCall.run(Server.java:963) [hadoop-common-3.3.1.jar:?]
	at java.security.AccessController.doPrivileged(Native Method) ~[?:1.8.0_332]
	at javax.security.auth.Subject.doAs(Subject.java:422) [?:1.8.0_332]
	at org.apache.hadoop.security.UserGroupInformation.doAs(UserGroupInformation.java:1878) [hadoop-common-3.3.1.jar:?]
	at org.apache.hadoop.ipc.Server$Handler.run(Server.java:2966) [hadoop-common-3.3.1.jar:?]
13:48:24.151 [IPC Server handler 7 on default port 34619] ERROR OMAudit - user=runner | ip=127.0.0.1 | op=GET_FILE_STATUS {volume=volume31213, bucket=bucket82479, key=testBatchDelete/parent/childFolder/child7, dataSize=0, replicationConfig=null} | ret=FAILURE
org.apache.hadoop.ozone.om.exceptions.OMException: Unable to get file status: volume: volume31213 bucket: bucket82479 key: testBatchDelete/parent/childFolder/child7
	at org.apache.hadoop.ozone.om.KeyManagerImpl.getOzoneFileStatus(KeyManagerImpl.java:1311) ~[ozone-manager-1.3.0-SNAPSHOT.jar:?]
	at org.apache.hadoop.ozone.om.KeyManagerImpl.getFileStatus(KeyManagerImpl.java:1241) ~[ozone-manager-1.3.0-SNAPSHOT.jar:?]
	at org.apache.hadoop.ozone.om.OzoneManager.getFileStatus(OzoneManager.java:3468) ~[ozone-manager-1.3.0-SNAPSHOT.jar:?]
	at org.apache.hadoop.ozone.protocolPB.OzoneManagerRequestHandler.getOzoneFileStatus(OzoneManagerRequestHandler.java:882) ~[ozone-manager-1.3.0-SNAPSHOT.jar:?]
	at org.apache.hadoop.ozone.protocolPB.OzoneManagerRequestHandler.handleReadRequest(OzoneManagerRequestHandler.java:228) ~[ozone-manager-1.3.0-SNAPSHOT.jar:?]
	at org.apache.hadoop.ozone.protocolPB.OzoneManagerProtocolServerSideTranslatorPB.submitReadRequestToOM(OzoneManagerProtocolServerSideTranslatorPB.java:226) ~[ozone-manager-1.3.0-SNAPSHOT.jar:?]
	at org.apache.hadoop.ozone.protocolPB.OzoneManagerProtocolServerSideTranslatorPB.processRequest(OzoneManagerProtocolServerSideTranslatorPB.java:175) ~[ozone-manager-1.3.0-SNAPSHOT.jar:?]
	at org.apache.hadoop.hdds.server.OzoneProtocolMessageDispatcher.processRequest(OzoneProtocolMessageDispatcher.java:87) [hdds-server-framework-1.3.0-SNAPSHOT.jar:?]
	at org.apache.hadoop.ozone.protocolPB.OzoneManagerProtocolServerSideTranslatorPB.submitRequest(OzoneManagerProtocolServerSideTranslatorPB.java:147) [ozone-manager-1.3.0-SNAPSHOT.jar:?]
	at org.apache.hadoop.ozone.protocol.proto.OzoneManagerProtocolProtos$OzoneManagerService$2.callBlockingMethod(OzoneManagerProtocolProtos.java) [ozone-interface-client-1.3.0-SNAPSHOT.jar:?]
	at org.apache.hadoop.ipc.ProtobufRpcEngine$Server.processCall(ProtobufRpcEngine.java:466) [hadoop-common-3.3.1.jar:?]
	at org.apache.hadoop.ipc.ProtobufRpcEngine2$Server$ProtoBufRpcInvoker.call(ProtobufRpcEngine2.java:574) [hadoop-common-3.3.1.jar:?]
	at org.apache.hadoop.ipc.ProtobufRpcEngine2$Server$ProtoBufRpcInvoker.call(ProtobufRpcEngine2.java:552) [hadoop-common-3.3.1.jar:?]
	at org.apache.hadoop.ipc.RPC$Server.call(RPC.java:1093) [hadoop-common-3.3.1.jar:?]
	at org.apache.hadoop.ipc.Server$RpcCall.run(Server.java:1035) [hadoop-common-3.3.1.jar:?]
	at org.apache.hadoop.ipc.Server$RpcCall.run(Server.java:963) [hadoop-common-3.3.1.jar:?]
	at java.security.AccessController.doPrivileged(Native Method) ~[?:1.8.0_332]
	at javax.security.auth.Subject.doAs(Subject.java:422) [?:1.8.0_332]
	at org.apache.hadoop.security.UserGroupInformation.doAs(UserGroupInformation.java:1878) [hadoop-common-3.3.1.jar:?]
	at org.apache.hadoop.ipc.Server$Handler.run(Server.java:2966) [hadoop-common-3.3.1.jar:?]
13:48:24.152 [IPC Server handler 9 on default port 34619] ERROR OMAudit - user=runner | ip=127.0.0.1 | op=GET_FILE_STATUS {volume=volume31213, bucket=bucket82479, key=testBatchDelete/parent, dataSize=0, replicationConfig=null} | ret=FAILURE
org.apache.hadoop.ozone.om.exceptions.OMException: Unable to get file status: volume: volume31213 bucket: bucket82479 key: testBatchDelete/parent
	at org.apache.hadoop.ozone.om.KeyManagerImpl.getOzoneFileStatus(KeyManagerImpl.java:1311) ~[ozone-manager-1.3.0-SNAPSHOT.jar:?]
	at org.apache.hadoop.ozone.om.KeyManagerImpl.getFileStatus(KeyManagerImpl.java:1241) ~[ozone-manager-1.3.0-SNAPSHOT.jar:?]
	at org.apache.hadoop.ozone.om.OzoneManager.getFileStatus(OzoneManager.java:3468) ~[ozone-manager-1.3.0-SNAPSHOT.jar:?]
	at org.apache.hadoop.ozone.protocolPB.OzoneManagerRequestHandler.getOzoneFileStatus(OzoneManagerRequestHandler.java:882) ~[ozone-manager-1.3.0-SNAPSHOT.jar:?]
	at org.apache.hadoop.ozone.protocolPB.OzoneManagerRequestHandler.handleReadRequest(OzoneManagerRequestHandler.java:228) ~[ozone-manager-1.3.0-SNAPSHOT.jar:?]
	at org.apache.hadoop.ozone.protocolPB.OzoneManagerProtocolServerSideTranslatorPB.submitReadRequestToOM(OzoneManagerProtocolServerSideTranslatorPB.java:226) ~[ozone-manager-1.3.0-SNAPSHOT.jar:?]
	at org.apache.hadoop.ozone.protocolPB.OzoneManagerProtocolServerSideTranslatorPB.processRequest(OzoneManagerProtocolServerSideTranslatorPB.java:175) ~[ozone-manager-1.3.0-SNAPSHOT.jar:?]
	at org.apache.hadoop.hdds.server.OzoneProtocolMessageDispatcher.processRequest(OzoneProtocolMessageDispatcher.java:87) [hdds-server-framework-1.3.0-SNAPSHOT.jar:?]
	at org.apache.hadoop.ozone.protocolPB.OzoneManagerProtocolServerSideTranslatorPB.submitRequest(OzoneManagerProtocolServerSideTranslatorPB.java:147) [ozone-manager-1.3.0-SNAPSHOT.jar:?]
	at org.apache.hadoop.ozone.protocol.proto.OzoneManagerProtocolProtos$OzoneManagerService$2.callBlockingMethod(OzoneManagerProtocolProtos.java) [ozone-interface-client-1.3.0-SNAPSHOT.jar:?]
	at org.apache.hadoop.ipc.ProtobufRpcEngine$Server.processCall(ProtobufRpcEngine.java:466) [hadoop-common-3.3.1.jar:?]
	at org.apache.hadoop.ipc.ProtobufRpcEngine2$Server$ProtoBufRpcInvoker.call(ProtobufRpcEngine2.java:574) [hadoop-common-3.3.1.jar:?]
	at org.apache.hadoop.ipc.ProtobufRpcEngine2$Server$ProtoBufRpcInvoker.call(ProtobufRpcEngine2.java:552) [hadoop-common-3.3.1.jar:?]
	at org.apache.hadoop.ipc.RPC$Server.call(RPC.java:1093) [hadoop-common-3.3.1.jar:?]
	at org.apache.hadoop.ipc.Server$RpcCall.run(Server.java:1035) [hadoop-common-3.3.1.jar:?]
	at org.apache.hadoop.ipc.Server$RpcCall.run(Server.java:963) [hadoop-common-3.3.1.jar:?]
	at java.security.AccessController.doPrivileged(Native Method) ~[?:1.8.0_332]
	at javax.security.auth.Subject.doAs(Subject.java:422) [?:1.8.0_332]
	at org.apache.hadoop.security.UserGroupInformation.doAs(UserGroupInformation.java:1878) [hadoop-common-3.3.1.jar:?]
	at org.apache.hadoop.ipc.Server$Handler.run(Server.java:2966) [hadoop-common-3.3.1.jar:?]
2022-08-09 13:48:24,152 [Time-limited test] WARN  ozone.BasicRootedOzoneFileSystem (BasicRootedOzoneFileSystem.java:delete(572)) - delete: Path does not exist: /volume31213/bucket82479/testBatchDelete/parent
]]></system-out>
  </testcase>
  <testcase name="testFileDelete" classname="TestRootedOzoneFileSystem" time="0.193">
    <system-out><![CDATA[2022-08-09 13:49:30,851 [Time-limited test] INFO  rpc.RpcClient (RpcClient.java:createVolume(468)) - Creating Volume: volume86287, with user69613 as owner and space quota set to -1 bytes, counts quota set to -1
2022-08-09 13:49:30,852 [IPC Server handler 3 on default port 42643] INFO  volume.OMVolumeCreateRequest (OMVolumeCreateRequest.java:validateAndUpdateCache(195)) - created volume:volume86287 for user:user69613
2022-08-09 13:49:30,855 [Time-limited test] INFO  rpc.RpcClient (RpcClient.java:createBucket(671)) - Creating Bucket: volume86287/bucket47209, with bucket layout LEGACY, runner as owner, Versioning false, Storage Type set to DISK and Encryption set to false 
2022-08-09 13:49:30,855 [IPC Server handler 8 on default port 42643] INFO  bucket.OMBucketCreateRequest (OMBucketCreateRequest.java:validateAndUpdateCache(260)) - created bucket: bucket47209 of layout LEGACY in volume: volume86287
13:49:30.954 [IPC Server handler 15 on default port 42643] ERROR OMAudit - user=runner | ip=127.0.0.1 | op=GET_FILE_STATUS {volume=volume86287, bucket=bucket47209, key=testBatchDelete, dataSize=0, replicationConfig=null} | ret=FAILURE
org.apache.hadoop.ozone.om.exceptions.OMException: Unable to get file status: volume: volume86287 bucket: bucket47209 key: testBatchDelete
	at org.apache.hadoop.ozone.om.KeyManagerImpl.getOzoneFileStatus(KeyManagerImpl.java:1311) ~[ozone-manager-1.3.0-SNAPSHOT.jar:?]
	at org.apache.hadoop.ozone.om.KeyManagerImpl.getFileStatus(KeyManagerImpl.java:1241) ~[ozone-manager-1.3.0-SNAPSHOT.jar:?]
	at org.apache.hadoop.ozone.om.OzoneManager.getFileStatus(OzoneManager.java:3468) ~[ozone-manager-1.3.0-SNAPSHOT.jar:?]
	at org.apache.hadoop.ozone.protocolPB.OzoneManagerRequestHandler.getOzoneFileStatus(OzoneManagerRequestHandler.java:882) ~[ozone-manager-1.3.0-SNAPSHOT.jar:?]
	at org.apache.hadoop.ozone.protocolPB.OzoneManagerRequestHandler.handleReadRequest(OzoneManagerRequestHandler.java:228) ~[ozone-manager-1.3.0-SNAPSHOT.jar:?]
	at org.apache.hadoop.ozone.protocolPB.OzoneManagerProtocolServerSideTranslatorPB.submitRequestDirectlyToOM(OzoneManagerProtocolServerSideTranslatorPB.java:276) ~[ozone-manager-1.3.0-SNAPSHOT.jar:?]
	at org.apache.hadoop.ozone.protocolPB.OzoneManagerProtocolServerSideTranslatorPB.processRequest(OzoneManagerProtocolServerSideTranslatorPB.java:205) ~[ozone-manager-1.3.0-SNAPSHOT.jar:?]
	at org.apache.hadoop.hdds.server.OzoneProtocolMessageDispatcher.processRequest(OzoneProtocolMessageDispatcher.java:87) [hdds-server-framework-1.3.0-SNAPSHOT.jar:?]
	at org.apache.hadoop.ozone.protocolPB.OzoneManagerProtocolServerSideTranslatorPB.submitRequest(OzoneManagerProtocolServerSideTranslatorPB.java:147) [ozone-manager-1.3.0-SNAPSHOT.jar:?]
	at org.apache.hadoop.ozone.protocol.proto.OzoneManagerProtocolProtos$OzoneManagerService$2.callBlockingMethod(OzoneManagerProtocolProtos.java) [ozone-interface-client-1.3.0-SNAPSHOT.jar:?]
	at org.apache.hadoop.ipc.ProtobufRpcEngine$Server.processCall(ProtobufRpcEngine.java:466) [hadoop-common-3.3.1.jar:?]
	at org.apache.hadoop.ipc.ProtobufRpcEngine2$Server$ProtoBufRpcInvoker.call(ProtobufRpcEngine2.java:574) [hadoop-common-3.3.1.jar:?]
	at org.apache.hadoop.ipc.ProtobufRpcEngine2$Server$ProtoBufRpcInvoker.call(ProtobufRpcEngine2.java:552) [hadoop-common-3.3.1.jar:?]
	at org.apache.hadoop.ipc.RPC$Server.call(RPC.java:1093) [hadoop-common-3.3.1.jar:?]
	at org.apache.hadoop.ipc.Server$RpcCall.run(Server.java:1035) [hadoop-common-3.3.1.jar:?]
	at org.apache.hadoop.ipc.Server$RpcCall.run(Server.java:963) [hadoop-common-3.3.1.jar:?]
	at java.security.AccessController.doPrivileged(Native Method) ~[?:1.8.0_332]
	at javax.security.auth.Subject.doAs(Subject.java:422) [?:1.8.0_332]
	at org.apache.hadoop.security.UserGroupInformation.doAs(UserGroupInformation.java:1878) [hadoop-common-3.3.1.jar:?]
	at org.apache.hadoop.ipc.Server$Handler.run(Server.java:2966) [hadoop-common-3.3.1.jar:?]
13:49:30.955 [IPC Server handler 6 on default port 42643] ERROR OMAudit - user=runner | ip=127.0.0.1 | op=GET_FILE_STATUS {volume=volume86287, bucket=bucket47209, key=testBatchDelete/parent/child0, dataSize=0, replicationConfig=null} | ret=FAILURE
org.apache.hadoop.ozone.om.exceptions.OMException: Unable to get file status: volume: volume86287 bucket: bucket47209 key: testBatchDelete/parent/child0
	at org.apache.hadoop.ozone.om.KeyManagerImpl.getOzoneFileStatus(KeyManagerImpl.java:1311) ~[ozone-manager-1.3.0-SNAPSHOT.jar:?]
	at org.apache.hadoop.ozone.om.KeyManagerImpl.getFileStatus(KeyManagerImpl.java:1241) ~[ozone-manager-1.3.0-SNAPSHOT.jar:?]
	at org.apache.hadoop.ozone.om.OzoneManager.getFileStatus(OzoneManager.java:3468) ~[ozone-manager-1.3.0-SNAPSHOT.jar:?]
	at org.apache.hadoop.ozone.protocolPB.OzoneManagerRequestHandler.getOzoneFileStatus(OzoneManagerRequestHandler.java:882) ~[ozone-manager-1.3.0-SNAPSHOT.jar:?]
	at org.apache.hadoop.ozone.protocolPB.OzoneManagerRequestHandler.handleReadRequest(OzoneManagerRequestHandler.java:228) ~[ozone-manager-1.3.0-SNAPSHOT.jar:?]
	at org.apache.hadoop.ozone.protocolPB.OzoneManagerProtocolServerSideTranslatorPB.submitRequestDirectlyToOM(OzoneManagerProtocolServerSideTranslatorPB.java:276) ~[ozone-manager-1.3.0-SNAPSHOT.jar:?]
	at org.apache.hadoop.ozone.protocolPB.OzoneManagerProtocolServerSideTranslatorPB.processRequest(OzoneManagerProtocolServerSideTranslatorPB.java:205) ~[ozone-manager-1.3.0-SNAPSHOT.jar:?]
	at org.apache.hadoop.hdds.server.OzoneProtocolMessageDispatcher.processRequest(OzoneProtocolMessageDispatcher.java:87) [hdds-server-framework-1.3.0-SNAPSHOT.jar:?]
	at org.apache.hadoop.ozone.protocolPB.OzoneManagerProtocolServerSideTranslatorPB.submitRequest(OzoneManagerProtocolServerSideTranslatorPB.java:147) [ozone-manager-1.3.0-SNAPSHOT.jar:?]
	at org.apache.hadoop.ozone.protocol.proto.OzoneManagerProtocolProtos$OzoneManagerService$2.callBlockingMethod(OzoneManagerProtocolProtos.java) [ozone-interface-client-1.3.0-SNAPSHOT.jar:?]
	at org.apache.hadoop.ipc.ProtobufRpcEngine$Server.processCall(ProtobufRpcEngine.java:466) [hadoop-common-3.3.1.jar:?]
	at org.apache.hadoop.ipc.ProtobufRpcEngine2$Server$ProtoBufRpcInvoker.call(ProtobufRpcEngine2.java:574) [hadoop-common-3.3.1.jar:?]
	at org.apache.hadoop.ipc.ProtobufRpcEngine2$Server$ProtoBufRpcInvoker.call(ProtobufRpcEngine2.java:552) [hadoop-common-3.3.1.jar:?]
	at org.apache.hadoop.ipc.RPC$Server.call(RPC.java:1093) [hadoop-common-3.3.1.jar:?]
	at org.apache.hadoop.ipc.Server$RpcCall.run(Server.java:1035) [hadoop-common-3.3.1.jar:?]
	at org.apache.hadoop.ipc.Server$RpcCall.run(Server.java:963) [hadoop-common-3.3.1.jar:?]
	at java.security.AccessController.doPrivileged(Native Method) ~[?:1.8.0_332]
	at javax.security.auth.Subject.doAs(Subject.java:422) [?:1.8.0_332]
	at org.apache.hadoop.security.UserGroupInformation.doAs(UserGroupInformation.java:1878) [hadoop-common-3.3.1.jar:?]
	at org.apache.hadoop.ipc.Server$Handler.run(Server.java:2966) [hadoop-common-3.3.1.jar:?]
13:49:30.961 [IPC Server handler 0 on default port 42643] ERROR OMAudit - user=runner | ip=127.0.0.1 | op=GET_FILE_STATUS {volume=volume86287, bucket=bucket47209, key=testBatchDelete/parent/childFolder/child0, dataSize=0, replicationConfig=null} | ret=FAILURE
org.apache.hadoop.ozone.om.exceptions.OMException: Unable to get file status: volume: volume86287 bucket: bucket47209 key: testBatchDelete/parent/childFolder/child0
	at org.apache.hadoop.ozone.om.KeyManagerImpl.getOzoneFileStatus(KeyManagerImpl.java:1311) ~[ozone-manager-1.3.0-SNAPSHOT.jar:?]
	at org.apache.hadoop.ozone.om.KeyManagerImpl.getFileStatus(KeyManagerImpl.java:1241) ~[ozone-manager-1.3.0-SNAPSHOT.jar:?]
	at org.apache.hadoop.ozone.om.OzoneManager.getFileStatus(OzoneManager.java:3468) ~[ozone-manager-1.3.0-SNAPSHOT.jar:?]
	at org.apache.hadoop.ozone.protocolPB.OzoneManagerRequestHandler.getOzoneFileStatus(OzoneManagerRequestHandler.java:882) ~[ozone-manager-1.3.0-SNAPSHOT.jar:?]
	at org.apache.hadoop.ozone.protocolPB.OzoneManagerRequestHandler.handleReadRequest(OzoneManagerRequestHandler.java:228) ~[ozone-manager-1.3.0-SNAPSHOT.jar:?]
	at org.apache.hadoop.ozone.protocolPB.OzoneManagerProtocolServerSideTranslatorPB.submitRequestDirectlyToOM(OzoneManagerProtocolServerSideTranslatorPB.java:276) ~[ozone-manager-1.3.0-SNAPSHOT.jar:?]
	at org.apache.hadoop.ozone.protocolPB.OzoneManagerProtocolServerSideTranslatorPB.processRequest(OzoneManagerProtocolServerSideTranslatorPB.java:205) ~[ozone-manager-1.3.0-SNAPSHOT.jar:?]
	at org.apache.hadoop.hdds.server.OzoneProtocolMessageDispatcher.processRequest(OzoneProtocolMessageDispatcher.java:87) [hdds-server-framework-1.3.0-SNAPSHOT.jar:?]
	at org.apache.hadoop.ozone.protocolPB.OzoneManagerProtocolServerSideTranslatorPB.submitRequest(OzoneManagerProtocolServerSideTranslatorPB.java:147) [ozone-manager-1.3.0-SNAPSHOT.jar:?]
	at org.apache.hadoop.ozone.protocol.proto.OzoneManagerProtocolProtos$OzoneManagerService$2.callBlockingMethod(OzoneManagerProtocolProtos.java) [ozone-interface-client-1.3.0-SNAPSHOT.jar:?]
	at org.apache.hadoop.ipc.ProtobufRpcEngine$Server.processCall(ProtobufRpcEngine.java:466) [hadoop-common-3.3.1.jar:?]
	at org.apache.hadoop.ipc.ProtobufRpcEngine2$Server$ProtoBufRpcInvoker.call(ProtobufRpcEngine2.java:574) [hadoop-common-3.3.1.jar:?]
	at org.apache.hadoop.ipc.ProtobufRpcEngine2$Server$ProtoBufRpcInvoker.call(ProtobufRpcEngine2.java:552) [hadoop-common-3.3.1.jar:?]
	at org.apache.hadoop.ipc.RPC$Server.call(RPC.java:1093) [hadoop-common-3.3.1.jar:?]
	at org.apache.hadoop.ipc.Server$RpcCall.run(Server.java:1035) [hadoop-common-3.3.1.jar:?]
	at org.apache.hadoop.ipc.Server$RpcCall.run(Server.java:963) [hadoop-common-3.3.1.jar:?]
	at java.security.AccessController.doPrivileged(Native Method) ~[?:1.8.0_332]
	at javax.security.auth.Subject.doAs(Subject.java:422) [?:1.8.0_332]
	at org.apache.hadoop.security.UserGroupInformation.doAs(UserGroupInformation.java:1878) [hadoop-common-3.3.1.jar:?]
	at org.apache.hadoop.ipc.Server$Handler.run(Server.java:2966) [hadoop-common-3.3.1.jar:?]
13:49:30.964 [IPC Server handler 3 on default port 42643] ERROR OMAudit - user=runner | ip=127.0.0.1 | op=GET_FILE_STATUS {volume=volume86287, bucket=bucket47209, key=testBatchDelete/parent/child1, dataSize=0, replicationConfig=null} | ret=FAILURE
org.apache.hadoop.ozone.om.exceptions.OMException: Unable to get file status: volume: volume86287 bucket: bucket47209 key: testBatchDelete/parent/child1
	at org.apache.hadoop.ozone.om.KeyManagerImpl.getOzoneFileStatus(KeyManagerImpl.java:1311) ~[ozone-manager-1.3.0-SNAPSHOT.jar:?]
	at org.apache.hadoop.ozone.om.KeyManagerImpl.getFileStatus(KeyManagerImpl.java:1241) ~[ozone-manager-1.3.0-SNAPSHOT.jar:?]
	at org.apache.hadoop.ozone.om.OzoneManager.getFileStatus(OzoneManager.java:3468) ~[ozone-manager-1.3.0-SNAPSHOT.jar:?]
	at org.apache.hadoop.ozone.protocolPB.OzoneManagerRequestHandler.getOzoneFileStatus(OzoneManagerRequestHandler.java:882) ~[ozone-manager-1.3.0-SNAPSHOT.jar:?]
	at org.apache.hadoop.ozone.protocolPB.OzoneManagerRequestHandler.handleReadRequest(OzoneManagerRequestHandler.java:228) ~[ozone-manager-1.3.0-SNAPSHOT.jar:?]
	at org.apache.hadoop.ozone.protocolPB.OzoneManagerProtocolServerSideTranslatorPB.submitRequestDirectlyToOM(OzoneManagerProtocolServerSideTranslatorPB.java:276) ~[ozone-manager-1.3.0-SNAPSHOT.jar:?]
	at org.apache.hadoop.ozone.protocolPB.OzoneManagerProtocolServerSideTranslatorPB.processRequest(OzoneManagerProtocolServerSideTranslatorPB.java:205) ~[ozone-manager-1.3.0-SNAPSHOT.jar:?]
	at org.apache.hadoop.hdds.server.OzoneProtocolMessageDispatcher.processRequest(OzoneProtocolMessageDispatcher.java:87) [hdds-server-framework-1.3.0-SNAPSHOT.jar:?]
	at org.apache.hadoop.ozone.protocolPB.OzoneManagerProtocolServerSideTranslatorPB.submitRequest(OzoneManagerProtocolServerSideTranslatorPB.java:147) [ozone-manager-1.3.0-SNAPSHOT.jar:?]
	at org.apache.hadoop.ozone.protocol.proto.OzoneManagerProtocolProtos$OzoneManagerService$2.callBlockingMethod(OzoneManagerProtocolProtos.java) [ozone-interface-client-1.3.0-SNAPSHOT.jar:?]
	at org.apache.hadoop.ipc.ProtobufRpcEngine$Server.processCall(ProtobufRpcEngine.java:466) [hadoop-common-3.3.1.jar:?]
	at org.apache.hadoop.ipc.ProtobufRpcEngine2$Server$ProtoBufRpcInvoker.call(ProtobufRpcEngine2.java:574) [hadoop-common-3.3.1.jar:?]
	at org.apache.hadoop.ipc.ProtobufRpcEngine2$Server$ProtoBufRpcInvoker.call(ProtobufRpcEngine2.java:552) [hadoop-common-3.3.1.jar:?]
	at org.apache.hadoop.ipc.RPC$Server.call(RPC.java:1093) [hadoop-common-3.3.1.jar:?]
	at org.apache.hadoop.ipc.Server$RpcCall.run(Server.java:1035) [hadoop-common-3.3.1.jar:?]
	at org.apache.hadoop.ipc.Server$RpcCall.run(Server.java:963) [hadoop-common-3.3.1.jar:?]
	at java.security.AccessController.doPrivileged(Native Method) ~[?:1.8.0_332]
	at javax.security.auth.Subject.doAs(Subject.java:422) [?:1.8.0_332]
	at org.apache.hadoop.security.UserGroupInformation.doAs(UserGroupInformation.java:1878) [hadoop-common-3.3.1.jar:?]
	at org.apache.hadoop.ipc.Server$Handler.run(Server.java:2966) [hadoop-common-3.3.1.jar:?]
13:49:30.965 [IPC Server handler 8 on default port 42643] ERROR OMAudit - user=runner | ip=127.0.0.1 | op=GET_FILE_STATUS {volume=volume86287, bucket=bucket47209, key=testBatchDelete/parent/childFolder/child1, dataSize=0, replicationConfig=null} | ret=FAILURE
org.apache.hadoop.ozone.om.exceptions.OMException: Unable to get file status: volume: volume86287 bucket: bucket47209 key: testBatchDelete/parent/childFolder/child1
	at org.apache.hadoop.ozone.om.KeyManagerImpl.getOzoneFileStatus(KeyManagerImpl.java:1311) ~[ozone-manager-1.3.0-SNAPSHOT.jar:?]
	at org.apache.hadoop.ozone.om.KeyManagerImpl.getFileStatus(KeyManagerImpl.java:1241) ~[ozone-manager-1.3.0-SNAPSHOT.jar:?]
	at org.apache.hadoop.ozone.om.OzoneManager.getFileStatus(OzoneManager.java:3468) ~[ozone-manager-1.3.0-SNAPSHOT.jar:?]
	at org.apache.hadoop.ozone.protocolPB.OzoneManagerRequestHandler.getOzoneFileStatus(OzoneManagerRequestHandler.java:882) ~[ozone-manager-1.3.0-SNAPSHOT.jar:?]
	at org.apache.hadoop.ozone.protocolPB.OzoneManagerRequestHandler.handleReadRequest(OzoneManagerRequestHandler.java:228) ~[ozone-manager-1.3.0-SNAPSHOT.jar:?]
	at org.apache.hadoop.ozone.protocolPB.OzoneManagerProtocolServerSideTranslatorPB.submitRequestDirectlyToOM(OzoneManagerProtocolServerSideTranslatorPB.java:276) ~[ozone-manager-1.3.0-SNAPSHOT.jar:?]
	at org.apache.hadoop.ozone.protocolPB.OzoneManagerProtocolServerSideTranslatorPB.processRequest(OzoneManagerProtocolServerSideTranslatorPB.java:205) ~[ozone-manager-1.3.0-SNAPSHOT.jar:?]
	at org.apache.hadoop.hdds.server.OzoneProtocolMessageDispatcher.processRequest(OzoneProtocolMessageDispatcher.java:87) [hdds-server-framework-1.3.0-SNAPSHOT.jar:?]
	at org.apache.hadoop.ozone.protocolPB.OzoneManagerProtocolServerSideTranslatorPB.submitRequest(OzoneManagerProtocolServerSideTranslatorPB.java:147) [ozone-manager-1.3.0-SNAPSHOT.jar:?]
	at org.apache.hadoop.ozone.protocol.proto.OzoneManagerProtocolProtos$OzoneManagerService$2.callBlockingMethod(OzoneManagerProtocolProtos.java) [ozone-interface-client-1.3.0-SNAPSHOT.jar:?]
	at org.apache.hadoop.ipc.ProtobufRpcEngine$Server.processCall(ProtobufRpcEngine.java:466) [hadoop-common-3.3.1.jar:?]
	at org.apache.hadoop.ipc.ProtobufRpcEngine2$Server$ProtoBufRpcInvoker.call(ProtobufRpcEngine2.java:574) [hadoop-common-3.3.1.jar:?]
	at org.apache.hadoop.ipc.ProtobufRpcEngine2$Server$ProtoBufRpcInvoker.call(ProtobufRpcEngine2.java:552) [hadoop-common-3.3.1.jar:?]
	at org.apache.hadoop.ipc.RPC$Server.call(RPC.java:1093) [hadoop-common-3.3.1.jar:?]
	at org.apache.hadoop.ipc.Server$RpcCall.run(Server.java:1035) [hadoop-common-3.3.1.jar:?]
	at org.apache.hadoop.ipc.Server$RpcCall.run(Server.java:963) [hadoop-common-3.3.1.jar:?]
	at java.security.AccessController.doPrivileged(Native Method) ~[?:1.8.0_332]
	at javax.security.auth.Subject.doAs(Subject.java:422) [?:1.8.0_332]
	at org.apache.hadoop.security.UserGroupInformation.doAs(UserGroupInformation.java:1878) [hadoop-common-3.3.1.jar:?]
	at org.apache.hadoop.ipc.Server$Handler.run(Server.java:2966) [hadoop-common-3.3.1.jar:?]
13:49:30.967 [IPC Server handler 5 on default port 42643] ERROR OMAudit - user=runner | ip=127.0.0.1 | op=GET_FILE_STATUS {volume=volume86287, bucket=bucket47209, key=testBatchDelete/parent/child2, dataSize=0, replicationConfig=null} | ret=FAILURE
org.apache.hadoop.ozone.om.exceptions.OMException: Unable to get file status: volume: volume86287 bucket: bucket47209 key: testBatchDelete/parent/child2
	at org.apache.hadoop.ozone.om.KeyManagerImpl.getOzoneFileStatus(KeyManagerImpl.java:1311) ~[ozone-manager-1.3.0-SNAPSHOT.jar:?]
	at org.apache.hadoop.ozone.om.KeyManagerImpl.getFileStatus(KeyManagerImpl.java:1241) ~[ozone-manager-1.3.0-SNAPSHOT.jar:?]
	at org.apache.hadoop.ozone.om.OzoneManager.getFileStatus(OzoneManager.java:3468) ~[ozone-manager-1.3.0-SNAPSHOT.jar:?]
	at org.apache.hadoop.ozone.protocolPB.OzoneManagerRequestHandler.getOzoneFileStatus(OzoneManagerRequestHandler.java:882) ~[ozone-manager-1.3.0-SNAPSHOT.jar:?]
	at org.apache.hadoop.ozone.protocolPB.OzoneManagerRequestHandler.handleReadRequest(OzoneManagerRequestHandler.java:228) ~[ozone-manager-1.3.0-SNAPSHOT.jar:?]
	at org.apache.hadoop.ozone.protocolPB.OzoneManagerProtocolServerSideTranslatorPB.submitRequestDirectlyToOM(OzoneManagerProtocolServerSideTranslatorPB.java:276) ~[ozone-manager-1.3.0-SNAPSHOT.jar:?]
	at org.apache.hadoop.ozone.protocolPB.OzoneManagerProtocolServerSideTranslatorPB.processRequest(OzoneManagerProtocolServerSideTranslatorPB.java:205) ~[ozone-manager-1.3.0-SNAPSHOT.jar:?]
	at org.apache.hadoop.hdds.server.OzoneProtocolMessageDispatcher.processRequest(OzoneProtocolMessageDispatcher.java:87) [hdds-server-framework-1.3.0-SNAPSHOT.jar:?]
	at org.apache.hadoop.ozone.protocolPB.OzoneManagerProtocolServerSideTranslatorPB.submitRequest(OzoneManagerProtocolServerSideTranslatorPB.java:147) [ozone-manager-1.3.0-SNAPSHOT.jar:?]
	at org.apache.hadoop.ozone.protocol.proto.OzoneManagerProtocolProtos$OzoneManagerService$2.callBlockingMethod(OzoneManagerProtocolProtos.java) [ozone-interface-client-1.3.0-SNAPSHOT.jar:?]
	at org.apache.hadoop.ipc.ProtobufRpcEngine$Server.processCall(ProtobufRpcEngine.java:466) [hadoop-common-3.3.1.jar:?]
	at org.apache.hadoop.ipc.ProtobufRpcEngine2$Server$ProtoBufRpcInvoker.call(ProtobufRpcEngine2.java:574) [hadoop-common-3.3.1.jar:?]
	at org.apache.hadoop.ipc.ProtobufRpcEngine2$Server$ProtoBufRpcInvoker.call(ProtobufRpcEngine2.java:552) [hadoop-common-3.3.1.jar:?]
	at org.apache.hadoop.ipc.RPC$Server.call(RPC.java:1093) [hadoop-common-3.3.1.jar:?]
	at org.apache.hadoop.ipc.Server$RpcCall.run(Server.java:1035) [hadoop-common-3.3.1.jar:?]
	at org.apache.hadoop.ipc.Server$RpcCall.run(Server.java:963) [hadoop-common-3.3.1.jar:?]
	at java.security.AccessController.doPrivileged(Native Method) ~[?:1.8.0_332]
	at javax.security.auth.Subject.doAs(Subject.java:422) [?:1.8.0_332]
	at org.apache.hadoop.security.UserGroupInformation.doAs(UserGroupInformation.java:1878) [hadoop-common-3.3.1.jar:?]
	at org.apache.hadoop.ipc.Server$Handler.run(Server.java:2966) [hadoop-common-3.3.1.jar:?]
13:49:30.967 [IPC Server handler 18 on default port 42643] ERROR OMAudit - user=runner | ip=127.0.0.1 | op=GET_FILE_STATUS {volume=volume86287, bucket=bucket47209, key=testBatchDelete/parent/childFolder/child2, dataSize=0, replicationConfig=null} | ret=FAILURE
org.apache.hadoop.ozone.om.exceptions.OMException: Unable to get file status: volume: volume86287 bucket: bucket47209 key: testBatchDelete/parent/childFolder/child2
	at org.apache.hadoop.ozone.om.KeyManagerImpl.getOzoneFileStatus(KeyManagerImpl.java:1311) ~[ozone-manager-1.3.0-SNAPSHOT.jar:?]
	at org.apache.hadoop.ozone.om.KeyManagerImpl.getFileStatus(KeyManagerImpl.java:1241) ~[ozone-manager-1.3.0-SNAPSHOT.jar:?]
	at org.apache.hadoop.ozone.om.OzoneManager.getFileStatus(OzoneManager.java:3468) ~[ozone-manager-1.3.0-SNAPSHOT.jar:?]
	at org.apache.hadoop.ozone.protocolPB.OzoneManagerRequestHandler.getOzoneFileStatus(OzoneManagerRequestHandler.java:882) ~[ozone-manager-1.3.0-SNAPSHOT.jar:?]
	at org.apache.hadoop.ozone.protocolPB.OzoneManagerRequestHandler.handleReadRequest(OzoneManagerRequestHandler.java:228) ~[ozone-manager-1.3.0-SNAPSHOT.jar:?]
	at org.apache.hadoop.ozone.protocolPB.OzoneManagerProtocolServerSideTranslatorPB.submitRequestDirectlyToOM(OzoneManagerProtocolServerSideTranslatorPB.java:276) ~[ozone-manager-1.3.0-SNAPSHOT.jar:?]
	at org.apache.hadoop.ozone.protocolPB.OzoneManagerProtocolServerSideTranslatorPB.processRequest(OzoneManagerProtocolServerSideTranslatorPB.java:205) ~[ozone-manager-1.3.0-SNAPSHOT.jar:?]
	at org.apache.hadoop.hdds.server.OzoneProtocolMessageDispatcher.processRequest(OzoneProtocolMessageDispatcher.java:87) [hdds-server-framework-1.3.0-SNAPSHOT.jar:?]
	at org.apache.hadoop.ozone.protocolPB.OzoneManagerProtocolServerSideTranslatorPB.submitRequest(OzoneManagerProtocolServerSideTranslatorPB.java:147) [ozone-manager-1.3.0-SNAPSHOT.jar:?]
	at org.apache.hadoop.ozone.protocol.proto.OzoneManagerProtocolProtos$OzoneManagerService$2.callBlockingMethod(OzoneManagerProtocolProtos.java) [ozone-interface-client-1.3.0-SNAPSHOT.jar:?]
	at org.apache.hadoop.ipc.ProtobufRpcEngine$Server.processCall(ProtobufRpcEngine.java:466) [hadoop-common-3.3.1.jar:?]
	at org.apache.hadoop.ipc.ProtobufRpcEngine2$Server$ProtoBufRpcInvoker.call(ProtobufRpcEngine2.java:574) [hadoop-common-3.3.1.jar:?]
	at org.apache.hadoop.ipc.ProtobufRpcEngine2$Server$ProtoBufRpcInvoker.call(ProtobufRpcEngine2.java:552) [hadoop-common-3.3.1.jar:?]
	at org.apache.hadoop.ipc.RPC$Server.call(RPC.java:1093) [hadoop-common-3.3.1.jar:?]
	at org.apache.hadoop.ipc.Server$RpcCall.run(Server.java:1035) [hadoop-common-3.3.1.jar:?]
	at org.apache.hadoop.ipc.Server$RpcCall.run(Server.java:963) [hadoop-common-3.3.1.jar:?]
	at java.security.AccessController.doPrivileged(Native Method) ~[?:1.8.0_332]
	at javax.security.auth.Subject.doAs(Subject.java:422) [?:1.8.0_332]
	at org.apache.hadoop.security.UserGroupInformation.doAs(UserGroupInformation.java:1878) [hadoop-common-3.3.1.jar:?]
	at org.apache.hadoop.ipc.Server$Handler.run(Server.java:2966) [hadoop-common-3.3.1.jar:?]
13:49:30.973 [IPC Server handler 12 on default port 42643] ERROR OMAudit - user=runner | ip=127.0.0.1 | op=GET_FILE_STATUS {volume=volume86287, bucket=bucket47209, key=testBatchDelete/parent/child3, dataSize=0, replicationConfig=null} | ret=FAILURE
org.apache.hadoop.ozone.om.exceptions.OMException: Unable to get file status: volume: volume86287 bucket: bucket47209 key: testBatchDelete/parent/child3
	at org.apache.hadoop.ozone.om.KeyManagerImpl.getOzoneFileStatus(KeyManagerImpl.java:1311) ~[ozone-manager-1.3.0-SNAPSHOT.jar:?]
	at org.apache.hadoop.ozone.om.KeyManagerImpl.getFileStatus(KeyManagerImpl.java:1241) ~[ozone-manager-1.3.0-SNAPSHOT.jar:?]
	at org.apache.hadoop.ozone.om.OzoneManager.getFileStatus(OzoneManager.java:3468) ~[ozone-manager-1.3.0-SNAPSHOT.jar:?]
	at org.apache.hadoop.ozone.protocolPB.OzoneManagerRequestHandler.getOzoneFileStatus(OzoneManagerRequestHandler.java:882) ~[ozone-manager-1.3.0-SNAPSHOT.jar:?]
	at org.apache.hadoop.ozone.protocolPB.OzoneManagerRequestHandler.handleReadRequest(OzoneManagerRequestHandler.java:228) ~[ozone-manager-1.3.0-SNAPSHOT.jar:?]
	at org.apache.hadoop.ozone.protocolPB.OzoneManagerProtocolServerSideTranslatorPB.submitRequestDirectlyToOM(OzoneManagerProtocolServerSideTranslatorPB.java:276) ~[ozone-manager-1.3.0-SNAPSHOT.jar:?]
	at org.apache.hadoop.ozone.protocolPB.OzoneManagerProtocolServerSideTranslatorPB.processRequest(OzoneManagerProtocolServerSideTranslatorPB.java:205) ~[ozone-manager-1.3.0-SNAPSHOT.jar:?]
	at org.apache.hadoop.hdds.server.OzoneProtocolMessageDispatcher.processRequest(OzoneProtocolMessageDispatcher.java:87) [hdds-server-framework-1.3.0-SNAPSHOT.jar:?]
	at org.apache.hadoop.ozone.protocolPB.OzoneManagerProtocolServerSideTranslatorPB.submitRequest(OzoneManagerProtocolServerSideTranslatorPB.java:147) [ozone-manager-1.3.0-SNAPSHOT.jar:?]
	at org.apache.hadoop.ozone.protocol.proto.OzoneManagerProtocolProtos$OzoneManagerService$2.callBlockingMethod(OzoneManagerProtocolProtos.java) [ozone-interface-client-1.3.0-SNAPSHOT.jar:?]
	at org.apache.hadoop.ipc.ProtobufRpcEngine$Server.processCall(ProtobufRpcEngine.java:466) [hadoop-common-3.3.1.jar:?]
	at org.apache.hadoop.ipc.ProtobufRpcEngine2$Server$ProtoBufRpcInvoker.call(ProtobufRpcEngine2.java:574) [hadoop-common-3.3.1.jar:?]
	at org.apache.hadoop.ipc.ProtobufRpcEngine2$Server$ProtoBufRpcInvoker.call(ProtobufRpcEngine2.java:552) [hadoop-common-3.3.1.jar:?]
	at org.apache.hadoop.ipc.RPC$Server.call(RPC.java:1093) [hadoop-common-3.3.1.jar:?]
	at org.apache.hadoop.ipc.Server$RpcCall.run(Server.java:1035) [hadoop-common-3.3.1.jar:?]
	at org.apache.hadoop.ipc.Server$RpcCall.run(Server.java:963) [hadoop-common-3.3.1.jar:?]
	at java.security.AccessController.doPrivileged(Native Method) ~[?:1.8.0_332]
	at javax.security.auth.Subject.doAs(Subject.java:422) [?:1.8.0_332]
	at org.apache.hadoop.security.UserGroupInformation.doAs(UserGroupInformation.java:1878) [hadoop-common-3.3.1.jar:?]
	at org.apache.hadoop.ipc.Server$Handler.run(Server.java:2966) [hadoop-common-3.3.1.jar:?]
13:49:30.974 [IPC Server handler 17 on default port 42643] ERROR OMAudit - user=runner | ip=127.0.0.1 | op=GET_FILE_STATUS {volume=volume86287, bucket=bucket47209, key=testBatchDelete/parent/childFolder/child3, dataSize=0, replicationConfig=null} | ret=FAILURE
org.apache.hadoop.ozone.om.exceptions.OMException: Unable to get file status: volume: volume86287 bucket: bucket47209 key: testBatchDelete/parent/childFolder/child3
	at org.apache.hadoop.ozone.om.KeyManagerImpl.getOzoneFileStatus(KeyManagerImpl.java:1311) ~[ozone-manager-1.3.0-SNAPSHOT.jar:?]
	at org.apache.hadoop.ozone.om.KeyManagerImpl.getFileStatus(KeyManagerImpl.java:1241) ~[ozone-manager-1.3.0-SNAPSHOT.jar:?]
	at org.apache.hadoop.ozone.om.OzoneManager.getFileStatus(OzoneManager.java:3468) ~[ozone-manager-1.3.0-SNAPSHOT.jar:?]
	at org.apache.hadoop.ozone.protocolPB.OzoneManagerRequestHandler.getOzoneFileStatus(OzoneManagerRequestHandler.java:882) ~[ozone-manager-1.3.0-SNAPSHOT.jar:?]
	at org.apache.hadoop.ozone.protocolPB.OzoneManagerRequestHandler.handleReadRequest(OzoneManagerRequestHandler.java:228) ~[ozone-manager-1.3.0-SNAPSHOT.jar:?]
	at org.apache.hadoop.ozone.protocolPB.OzoneManagerProtocolServerSideTranslatorPB.submitRequestDirectlyToOM(OzoneManagerProtocolServerSideTranslatorPB.java:276) ~[ozone-manager-1.3.0-SNAPSHOT.jar:?]
	at org.apache.hadoop.ozone.protocolPB.OzoneManagerProtocolServerSideTranslatorPB.processRequest(OzoneManagerProtocolServerSideTranslatorPB.java:205) ~[ozone-manager-1.3.0-SNAPSHOT.jar:?]
	at org.apache.hadoop.hdds.server.OzoneProtocolMessageDispatcher.processRequest(OzoneProtocolMessageDispatcher.java:87) [hdds-server-framework-1.3.0-SNAPSHOT.jar:?]
	at org.apache.hadoop.ozone.protocolPB.OzoneManagerProtocolServerSideTranslatorPB.submitRequest(OzoneManagerProtocolServerSideTranslatorPB.java:147) [ozone-manager-1.3.0-SNAPSHOT.jar:?]
	at org.apache.hadoop.ozone.protocol.proto.OzoneManagerProtocolProtos$OzoneManagerService$2.callBlockingMethod(OzoneManagerProtocolProtos.java) [ozone-interface-client-1.3.0-SNAPSHOT.jar:?]
	at org.apache.hadoop.ipc.ProtobufRpcEngine$Server.processCall(ProtobufRpcEngine.java:466) [hadoop-common-3.3.1.jar:?]
	at org.apache.hadoop.ipc.ProtobufRpcEngine2$Server$ProtoBufRpcInvoker.call(ProtobufRpcEngine2.java:574) [hadoop-common-3.3.1.jar:?]
	at org.apache.hadoop.ipc.ProtobufRpcEngine2$Server$ProtoBufRpcInvoker.call(ProtobufRpcEngine2.java:552) [hadoop-common-3.3.1.jar:?]
	at org.apache.hadoop.ipc.RPC$Server.call(RPC.java:1093) [hadoop-common-3.3.1.jar:?]
	at org.apache.hadoop.ipc.Server$RpcCall.run(Server.java:1035) [hadoop-common-3.3.1.jar:?]
	at org.apache.hadoop.ipc.Server$RpcCall.run(Server.java:963) [hadoop-common-3.3.1.jar:?]
	at java.security.AccessController.doPrivileged(Native Method) ~[?:1.8.0_332]
	at javax.security.auth.Subject.doAs(Subject.java:422) [?:1.8.0_332]
	at org.apache.hadoop.security.UserGroupInformation.doAs(UserGroupInformation.java:1878) [hadoop-common-3.3.1.jar:?]
	at org.apache.hadoop.ipc.Server$Handler.run(Server.java:2966) [hadoop-common-3.3.1.jar:?]
13:49:30.975 [IPC Server handler 9 on default port 42643] ERROR OMAudit - user=runner | ip=127.0.0.1 | op=GET_FILE_STATUS {volume=volume86287, bucket=bucket47209, key=testBatchDelete/parent/child4, dataSize=0, replicationConfig=null} | ret=FAILURE
org.apache.hadoop.ozone.om.exceptions.OMException: Unable to get file status: volume: volume86287 bucket: bucket47209 key: testBatchDelete/parent/child4
	at org.apache.hadoop.ozone.om.KeyManagerImpl.getOzoneFileStatus(KeyManagerImpl.java:1311) ~[ozone-manager-1.3.0-SNAPSHOT.jar:?]
	at org.apache.hadoop.ozone.om.KeyManagerImpl.getFileStatus(KeyManagerImpl.java:1241) ~[ozone-manager-1.3.0-SNAPSHOT.jar:?]
	at org.apache.hadoop.ozone.om.OzoneManager.getFileStatus(OzoneManager.java:3468) ~[ozone-manager-1.3.0-SNAPSHOT.jar:?]
	at org.apache.hadoop.ozone.protocolPB.OzoneManagerRequestHandler.getOzoneFileStatus(OzoneManagerRequestHandler.java:882) ~[ozone-manager-1.3.0-SNAPSHOT.jar:?]
	at org.apache.hadoop.ozone.protocolPB.OzoneManagerRequestHandler.handleReadRequest(OzoneManagerRequestHandler.java:228) ~[ozone-manager-1.3.0-SNAPSHOT.jar:?]
	at org.apache.hadoop.ozone.protocolPB.OzoneManagerProtocolServerSideTranslatorPB.submitRequestDirectlyToOM(OzoneManagerProtocolServerSideTranslatorPB.java:276) ~[ozone-manager-1.3.0-SNAPSHOT.jar:?]
	at org.apache.hadoop.ozone.protocolPB.OzoneManagerProtocolServerSideTranslatorPB.processRequest(OzoneManagerProtocolServerSideTranslatorPB.java:205) ~[ozone-manager-1.3.0-SNAPSHOT.jar:?]
	at org.apache.hadoop.hdds.server.OzoneProtocolMessageDispatcher.processRequest(OzoneProtocolMessageDispatcher.java:87) [hdds-server-framework-1.3.0-SNAPSHOT.jar:?]
	at org.apache.hadoop.ozone.protocolPB.OzoneManagerProtocolServerSideTranslatorPB.submitRequest(OzoneManagerProtocolServerSideTranslatorPB.java:147) [ozone-manager-1.3.0-SNAPSHOT.jar:?]
	at org.apache.hadoop.ozone.protocol.proto.OzoneManagerProtocolProtos$OzoneManagerService$2.callBlockingMethod(OzoneManagerProtocolProtos.java) [ozone-interface-client-1.3.0-SNAPSHOT.jar:?]
	at org.apache.hadoop.ipc.ProtobufRpcEngine$Server.processCall(ProtobufRpcEngine.java:466) [hadoop-common-3.3.1.jar:?]
	at org.apache.hadoop.ipc.ProtobufRpcEngine2$Server$ProtoBufRpcInvoker.call(ProtobufRpcEngine2.java:574) [hadoop-common-3.3.1.jar:?]
	at org.apache.hadoop.ipc.ProtobufRpcEngine2$Server$ProtoBufRpcInvoker.call(ProtobufRpcEngine2.java:552) [hadoop-common-3.3.1.jar:?]
	at org.apache.hadoop.ipc.RPC$Server.call(RPC.java:1093) [hadoop-common-3.3.1.jar:?]
	at org.apache.hadoop.ipc.Server$RpcCall.run(Server.java:1035) [hadoop-common-3.3.1.jar:?]
	at org.apache.hadoop.ipc.Server$RpcCall.run(Server.java:963) [hadoop-common-3.3.1.jar:?]
	at java.security.AccessController.doPrivileged(Native Method) ~[?:1.8.0_332]
	at javax.security.auth.Subject.doAs(Subject.java:422) [?:1.8.0_332]
	at org.apache.hadoop.security.UserGroupInformation.doAs(UserGroupInformation.java:1878) [hadoop-common-3.3.1.jar:?]
	at org.apache.hadoop.ipc.Server$Handler.run(Server.java:2966) [hadoop-common-3.3.1.jar:?]
13:49:30.976 [IPC Server handler 15 on default port 42643] ERROR OMAudit - user=runner | ip=127.0.0.1 | op=GET_FILE_STATUS {volume=volume86287, bucket=bucket47209, key=testBatchDelete/parent/childFolder/child4, dataSize=0, replicationConfig=null} | ret=FAILURE
org.apache.hadoop.ozone.om.exceptions.OMException: Unable to get file status: volume: volume86287 bucket: bucket47209 key: testBatchDelete/parent/childFolder/child4
	at org.apache.hadoop.ozone.om.KeyManagerImpl.getOzoneFileStatus(KeyManagerImpl.java:1311) ~[ozone-manager-1.3.0-SNAPSHOT.jar:?]
	at org.apache.hadoop.ozone.om.KeyManagerImpl.getFileStatus(KeyManagerImpl.java:1241) ~[ozone-manager-1.3.0-SNAPSHOT.jar:?]
	at org.apache.hadoop.ozone.om.OzoneManager.getFileStatus(OzoneManager.java:3468) ~[ozone-manager-1.3.0-SNAPSHOT.jar:?]
	at org.apache.hadoop.ozone.protocolPB.OzoneManagerRequestHandler.getOzoneFileStatus(OzoneManagerRequestHandler.java:882) ~[ozone-manager-1.3.0-SNAPSHOT.jar:?]
	at org.apache.hadoop.ozone.protocolPB.OzoneManagerRequestHandler.handleReadRequest(OzoneManagerRequestHandler.java:228) ~[ozone-manager-1.3.0-SNAPSHOT.jar:?]
	at org.apache.hadoop.ozone.protocolPB.OzoneManagerProtocolServerSideTranslatorPB.submitRequestDirectlyToOM(OzoneManagerProtocolServerSideTranslatorPB.java:276) ~[ozone-manager-1.3.0-SNAPSHOT.jar:?]
	at org.apache.hadoop.ozone.protocolPB.OzoneManagerProtocolServerSideTranslatorPB.processRequest(OzoneManagerProtocolServerSideTranslatorPB.java:205) ~[ozone-manager-1.3.0-SNAPSHOT.jar:?]
	at org.apache.hadoop.hdds.server.OzoneProtocolMessageDispatcher.processRequest(OzoneProtocolMessageDispatcher.java:87) [hdds-server-framework-1.3.0-SNAPSHOT.jar:?]
	at org.apache.hadoop.ozone.protocolPB.OzoneManagerProtocolServerSideTranslatorPB.submitRequest(OzoneManagerProtocolServerSideTranslatorPB.java:147) [ozone-manager-1.3.0-SNAPSHOT.jar:?]
	at org.apache.hadoop.ozone.protocol.proto.OzoneManagerProtocolProtos$OzoneManagerService$2.callBlockingMethod(OzoneManagerProtocolProtos.java) [ozone-interface-client-1.3.0-SNAPSHOT.jar:?]
	at org.apache.hadoop.ipc.ProtobufRpcEngine$Server.processCall(ProtobufRpcEngine.java:466) [hadoop-common-3.3.1.jar:?]
	at org.apache.hadoop.ipc.ProtobufRpcEngine2$Server$ProtoBufRpcInvoker.call(ProtobufRpcEngine2.java:574) [hadoop-common-3.3.1.jar:?]
	at org.apache.hadoop.ipc.ProtobufRpcEngine2$Server$ProtoBufRpcInvoker.call(ProtobufRpcEngine2.java:552) [hadoop-common-3.3.1.jar:?]
	at org.apache.hadoop.ipc.RPC$Server.call(RPC.java:1093) [hadoop-common-3.3.1.jar:?]
	at org.apache.hadoop.ipc.Server$RpcCall.run(Server.java:1035) [hadoop-common-3.3.1.jar:?]
	at org.apache.hadoop.ipc.Server$RpcCall.run(Server.java:963) [hadoop-common-3.3.1.jar:?]
	at java.security.AccessController.doPrivileged(Native Method) ~[?:1.8.0_332]
	at javax.security.auth.Subject.doAs(Subject.java:422) [?:1.8.0_332]
	at org.apache.hadoop.security.UserGroupInformation.doAs(UserGroupInformation.java:1878) [hadoop-common-3.3.1.jar:?]
	at org.apache.hadoop.ipc.Server$Handler.run(Server.java:2966) [hadoop-common-3.3.1.jar:?]
13:49:30.977 [IPC Server handler 6 on default port 42643] ERROR OMAudit - user=runner | ip=127.0.0.1 | op=GET_FILE_STATUS {volume=volume86287, bucket=bucket47209, key=testBatchDelete/parent/child5, dataSize=0, replicationConfig=null} | ret=FAILURE
org.apache.hadoop.ozone.om.exceptions.OMException: Unable to get file status: volume: volume86287 bucket: bucket47209 key: testBatchDelete/parent/child5
	at org.apache.hadoop.ozone.om.KeyManagerImpl.getOzoneFileStatus(KeyManagerImpl.java:1311) ~[ozone-manager-1.3.0-SNAPSHOT.jar:?]
	at org.apache.hadoop.ozone.om.KeyManagerImpl.getFileStatus(KeyManagerImpl.java:1241) ~[ozone-manager-1.3.0-SNAPSHOT.jar:?]
	at org.apache.hadoop.ozone.om.OzoneManager.getFileStatus(OzoneManager.java:3468) ~[ozone-manager-1.3.0-SNAPSHOT.jar:?]
	at org.apache.hadoop.ozone.protocolPB.OzoneManagerRequestHandler.getOzoneFileStatus(OzoneManagerRequestHandler.java:882) ~[ozone-manager-1.3.0-SNAPSHOT.jar:?]
	at org.apache.hadoop.ozone.protocolPB.OzoneManagerRequestHandler.handleReadRequest(OzoneManagerRequestHandler.java:228) ~[ozone-manager-1.3.0-SNAPSHOT.jar:?]
	at org.apache.hadoop.ozone.protocolPB.OzoneManagerProtocolServerSideTranslatorPB.submitRequestDirectlyToOM(OzoneManagerProtocolServerSideTranslatorPB.java:276) ~[ozone-manager-1.3.0-SNAPSHOT.jar:?]
	at org.apache.hadoop.ozone.protocolPB.OzoneManagerProtocolServerSideTranslatorPB.processRequest(OzoneManagerProtocolServerSideTranslatorPB.java:205) ~[ozone-manager-1.3.0-SNAPSHOT.jar:?]
	at org.apache.hadoop.hdds.server.OzoneProtocolMessageDispatcher.processRequest(OzoneProtocolMessageDispatcher.java:87) [hdds-server-framework-1.3.0-SNAPSHOT.jar:?]
	at org.apache.hadoop.ozone.protocolPB.OzoneManagerProtocolServerSideTranslatorPB.submitRequest(OzoneManagerProtocolServerSideTranslatorPB.java:147) [ozone-manager-1.3.0-SNAPSHOT.jar:?]
	at org.apache.hadoop.ozone.protocol.proto.OzoneManagerProtocolProtos$OzoneManagerService$2.callBlockingMethod(OzoneManagerProtocolProtos.java) [ozone-interface-client-1.3.0-SNAPSHOT.jar:?]
	at org.apache.hadoop.ipc.ProtobufRpcEngine$Server.processCall(ProtobufRpcEngine.java:466) [hadoop-common-3.3.1.jar:?]
	at org.apache.hadoop.ipc.ProtobufRpcEngine2$Server$ProtoBufRpcInvoker.call(ProtobufRpcEngine2.java:574) [hadoop-common-3.3.1.jar:?]
	at org.apache.hadoop.ipc.ProtobufRpcEngine2$Server$ProtoBufRpcInvoker.call(ProtobufRpcEngine2.java:552) [hadoop-common-3.3.1.jar:?]
	at org.apache.hadoop.ipc.RPC$Server.call(RPC.java:1093) [hadoop-common-3.3.1.jar:?]
	at org.apache.hadoop.ipc.Server$RpcCall.run(Server.java:1035) [hadoop-common-3.3.1.jar:?]
	at org.apache.hadoop.ipc.Server$RpcCall.run(Server.java:963) [hadoop-common-3.3.1.jar:?]
	at java.security.AccessController.doPrivileged(Native Method) ~[?:1.8.0_332]
	at javax.security.auth.Subject.doAs(Subject.java:422) [?:1.8.0_332]
	at org.apache.hadoop.security.UserGroupInformation.doAs(UserGroupInformation.java:1878) [hadoop-common-3.3.1.jar:?]
	at org.apache.hadoop.ipc.Server$Handler.run(Server.java:2966) [hadoop-common-3.3.1.jar:?]
13:49:30.978 [IPC Server handler 0 on default port 42643] ERROR OMAudit - user=runner | ip=127.0.0.1 | op=GET_FILE_STATUS {volume=volume86287, bucket=bucket47209, key=testBatchDelete/parent/childFolder/child5, dataSize=0, replicationConfig=null} | ret=FAILURE
org.apache.hadoop.ozone.om.exceptions.OMException: Unable to get file status: volume: volume86287 bucket: bucket47209 key: testBatchDelete/parent/childFolder/child5
	at org.apache.hadoop.ozone.om.KeyManagerImpl.getOzoneFileStatus(KeyManagerImpl.java:1311) ~[ozone-manager-1.3.0-SNAPSHOT.jar:?]
	at org.apache.hadoop.ozone.om.KeyManagerImpl.getFileStatus(KeyManagerImpl.java:1241) ~[ozone-manager-1.3.0-SNAPSHOT.jar:?]
	at org.apache.hadoop.ozone.om.OzoneManager.getFileStatus(OzoneManager.java:3468) ~[ozone-manager-1.3.0-SNAPSHOT.jar:?]
	at org.apache.hadoop.ozone.protocolPB.OzoneManagerRequestHandler.getOzoneFileStatus(OzoneManagerRequestHandler.java:882) ~[ozone-manager-1.3.0-SNAPSHOT.jar:?]
	at org.apache.hadoop.ozone.protocolPB.OzoneManagerRequestHandler.handleReadRequest(OzoneManagerRequestHandler.java:228) ~[ozone-manager-1.3.0-SNAPSHOT.jar:?]
	at org.apache.hadoop.ozone.protocolPB.OzoneManagerProtocolServerSideTranslatorPB.submitRequestDirectlyToOM(OzoneManagerProtocolServerSideTranslatorPB.java:276) ~[ozone-manager-1.3.0-SNAPSHOT.jar:?]
	at org.apache.hadoop.ozone.protocolPB.OzoneManagerProtocolServerSideTranslatorPB.processRequest(OzoneManagerProtocolServerSideTranslatorPB.java:205) ~[ozone-manager-1.3.0-SNAPSHOT.jar:?]
	at org.apache.hadoop.hdds.server.OzoneProtocolMessageDispatcher.processRequest(OzoneProtocolMessageDispatcher.java:87) [hdds-server-framework-1.3.0-SNAPSHOT.jar:?]
	at org.apache.hadoop.ozone.protocolPB.OzoneManagerProtocolServerSideTranslatorPB.submitRequest(OzoneManagerProtocolServerSideTranslatorPB.java:147) [ozone-manager-1.3.0-SNAPSHOT.jar:?]
	at org.apache.hadoop.ozone.protocol.proto.OzoneManagerProtocolProtos$OzoneManagerService$2.callBlockingMethod(OzoneManagerProtocolProtos.java) [ozone-interface-client-1.3.0-SNAPSHOT.jar:?]
	at org.apache.hadoop.ipc.ProtobufRpcEngine$Server.processCall(ProtobufRpcEngine.java:466) [hadoop-common-3.3.1.jar:?]
	at org.apache.hadoop.ipc.ProtobufRpcEngine2$Server$ProtoBufRpcInvoker.call(ProtobufRpcEngine2.java:574) [hadoop-common-3.3.1.jar:?]
	at org.apache.hadoop.ipc.ProtobufRpcEngine2$Server$ProtoBufRpcInvoker.call(ProtobufRpcEngine2.java:552) [hadoop-common-3.3.1.jar:?]
	at org.apache.hadoop.ipc.RPC$Server.call(RPC.java:1093) [hadoop-common-3.3.1.jar:?]
	at org.apache.hadoop.ipc.Server$RpcCall.run(Server.java:1035) [hadoop-common-3.3.1.jar:?]
	at org.apache.hadoop.ipc.Server$RpcCall.run(Server.java:963) [hadoop-common-3.3.1.jar:?]
	at java.security.AccessController.doPrivileged(Native Method) ~[?:1.8.0_332]
	at javax.security.auth.Subject.doAs(Subject.java:422) [?:1.8.0_332]
	at org.apache.hadoop.security.UserGroupInformation.doAs(UserGroupInformation.java:1878) [hadoop-common-3.3.1.jar:?]
	at org.apache.hadoop.ipc.Server$Handler.run(Server.java:2966) [hadoop-common-3.3.1.jar:?]
13:49:30.978 [IPC Server handler 3 on default port 42643] ERROR OMAudit - user=runner | ip=127.0.0.1 | op=GET_FILE_STATUS {volume=volume86287, bucket=bucket47209, key=testBatchDelete/parent/child6, dataSize=0, replicationConfig=null} | ret=FAILURE
org.apache.hadoop.ozone.om.exceptions.OMException: Unable to get file status: volume: volume86287 bucket: bucket47209 key: testBatchDelete/parent/child6
	at org.apache.hadoop.ozone.om.KeyManagerImpl.getOzoneFileStatus(KeyManagerImpl.java:1311) ~[ozone-manager-1.3.0-SNAPSHOT.jar:?]
	at org.apache.hadoop.ozone.om.KeyManagerImpl.getFileStatus(KeyManagerImpl.java:1241) ~[ozone-manager-1.3.0-SNAPSHOT.jar:?]
	at org.apache.hadoop.ozone.om.OzoneManager.getFileStatus(OzoneManager.java:3468) ~[ozone-manager-1.3.0-SNAPSHOT.jar:?]
	at org.apache.hadoop.ozone.protocolPB.OzoneManagerRequestHandler.getOzoneFileStatus(OzoneManagerRequestHandler.java:882) ~[ozone-manager-1.3.0-SNAPSHOT.jar:?]
	at org.apache.hadoop.ozone.protocolPB.OzoneManagerRequestHandler.handleReadRequest(OzoneManagerRequestHandler.java:228) ~[ozone-manager-1.3.0-SNAPSHOT.jar:?]
	at org.apache.hadoop.ozone.protocolPB.OzoneManagerProtocolServerSideTranslatorPB.submitRequestDirectlyToOM(OzoneManagerProtocolServerSideTranslatorPB.java:276) ~[ozone-manager-1.3.0-SNAPSHOT.jar:?]
	at org.apache.hadoop.ozone.protocolPB.OzoneManagerProtocolServerSideTranslatorPB.processRequest(OzoneManagerProtocolServerSideTranslatorPB.java:205) ~[ozone-manager-1.3.0-SNAPSHOT.jar:?]
	at org.apache.hadoop.hdds.server.OzoneProtocolMessageDispatcher.processRequest(OzoneProtocolMessageDispatcher.java:87) [hdds-server-framework-1.3.0-SNAPSHOT.jar:?]
	at org.apache.hadoop.ozone.protocolPB.OzoneManagerProtocolServerSideTranslatorPB.submitRequest(OzoneManagerProtocolServerSideTranslatorPB.java:147) [ozone-manager-1.3.0-SNAPSHOT.jar:?]
	at org.apache.hadoop.ozone.protocol.proto.OzoneManagerProtocolProtos$OzoneManagerService$2.callBlockingMethod(OzoneManagerProtocolProtos.java) [ozone-interface-client-1.3.0-SNAPSHOT.jar:?]
	at org.apache.hadoop.ipc.ProtobufRpcEngine$Server.processCall(ProtobufRpcEngine.java:466) [hadoop-common-3.3.1.jar:?]
	at org.apache.hadoop.ipc.ProtobufRpcEngine2$Server$ProtoBufRpcInvoker.call(ProtobufRpcEngine2.java:574) [hadoop-common-3.3.1.jar:?]
	at org.apache.hadoop.ipc.ProtobufRpcEngine2$Server$ProtoBufRpcInvoker.call(ProtobufRpcEngine2.java:552) [hadoop-common-3.3.1.jar:?]
	at org.apache.hadoop.ipc.RPC$Server.call(RPC.java:1093) [hadoop-common-3.3.1.jar:?]
	at org.apache.hadoop.ipc.Server$RpcCall.run(Server.java:1035) [hadoop-common-3.3.1.jar:?]
	at org.apache.hadoop.ipc.Server$RpcCall.run(Server.java:963) [hadoop-common-3.3.1.jar:?]
	at java.security.AccessController.doPrivileged(Native Method) ~[?:1.8.0_332]
	at javax.security.auth.Subject.doAs(Subject.java:422) [?:1.8.0_332]
	at org.apache.hadoop.security.UserGroupInformation.doAs(UserGroupInformation.java:1878) [hadoop-common-3.3.1.jar:?]
	at org.apache.hadoop.ipc.Server$Handler.run(Server.java:2966) [hadoop-common-3.3.1.jar:?]
13:49:30.981 [IPC Server handler 8 on default port 42643] ERROR OMAudit - user=runner | ip=127.0.0.1 | op=GET_FILE_STATUS {volume=volume86287, bucket=bucket47209, key=testBatchDelete/parent/childFolder/child6, dataSize=0, replicationConfig=null} | ret=FAILURE
org.apache.hadoop.ozone.om.exceptions.OMException: Unable to get file status: volume: volume86287 bucket: bucket47209 key: testBatchDelete/parent/childFolder/child6
	at org.apache.hadoop.ozone.om.KeyManagerImpl.getOzoneFileStatus(KeyManagerImpl.java:1311) ~[ozone-manager-1.3.0-SNAPSHOT.jar:?]
	at org.apache.hadoop.ozone.om.KeyManagerImpl.getFileStatus(KeyManagerImpl.java:1241) ~[ozone-manager-1.3.0-SNAPSHOT.jar:?]
	at org.apache.hadoop.ozone.om.OzoneManager.getFileStatus(OzoneManager.java:3468) ~[ozone-manager-1.3.0-SNAPSHOT.jar:?]
	at org.apache.hadoop.ozone.protocolPB.OzoneManagerRequestHandler.getOzoneFileStatus(OzoneManagerRequestHandler.java:882) ~[ozone-manager-1.3.0-SNAPSHOT.jar:?]
	at org.apache.hadoop.ozone.protocolPB.OzoneManagerRequestHandler.handleReadRequest(OzoneManagerRequestHandler.java:228) ~[ozone-manager-1.3.0-SNAPSHOT.jar:?]
	at org.apache.hadoop.ozone.protocolPB.OzoneManagerProtocolServerSideTranslatorPB.submitRequestDirectlyToOM(OzoneManagerProtocolServerSideTranslatorPB.java:276) ~[ozone-manager-1.3.0-SNAPSHOT.jar:?]
	at org.apache.hadoop.ozone.protocolPB.OzoneManagerProtocolServerSideTranslatorPB.processRequest(OzoneManagerProtocolServerSideTranslatorPB.java:205) ~[ozone-manager-1.3.0-SNAPSHOT.jar:?]
	at org.apache.hadoop.hdds.server.OzoneProtocolMessageDispatcher.processRequest(OzoneProtocolMessageDispatcher.java:87) [hdds-server-framework-1.3.0-SNAPSHOT.jar:?]
	at org.apache.hadoop.ozone.protocolPB.OzoneManagerProtocolServerSideTranslatorPB.submitRequest(OzoneManagerProtocolServerSideTranslatorPB.java:147) [ozone-manager-1.3.0-SNAPSHOT.jar:?]
	at org.apache.hadoop.ozone.protocol.proto.OzoneManagerProtocolProtos$OzoneManagerService$2.callBlockingMethod(OzoneManagerProtocolProtos.java) [ozone-interface-client-1.3.0-SNAPSHOT.jar:?]
	at org.apache.hadoop.ipc.ProtobufRpcEngine$Server.processCall(ProtobufRpcEngine.java:466) [hadoop-common-3.3.1.jar:?]
	at org.apache.hadoop.ipc.ProtobufRpcEngine2$Server$ProtoBufRpcInvoker.call(ProtobufRpcEngine2.java:574) [hadoop-common-3.3.1.jar:?]
	at org.apache.hadoop.ipc.ProtobufRpcEngine2$Server$ProtoBufRpcInvoker.call(ProtobufRpcEngine2.java:552) [hadoop-common-3.3.1.jar:?]
	at org.apache.hadoop.ipc.RPC$Server.call(RPC.java:1093) [hadoop-common-3.3.1.jar:?]
	at org.apache.hadoop.ipc.Server$RpcCall.run(Server.java:1035) [hadoop-common-3.3.1.jar:?]
	at org.apache.hadoop.ipc.Server$RpcCall.run(Server.java:963) [hadoop-common-3.3.1.jar:?]
	at java.security.AccessController.doPrivileged(Native Method) ~[?:1.8.0_332]
	at javax.security.auth.Subject.doAs(Subject.java:422) [?:1.8.0_332]
	at org.apache.hadoop.security.UserGroupInformation.doAs(UserGroupInformation.java:1878) [hadoop-common-3.3.1.jar:?]
	at org.apache.hadoop.ipc.Server$Handler.run(Server.java:2966) [hadoop-common-3.3.1.jar:?]
13:49:30.982 [IPC Server handler 5 on default port 42643] ERROR OMAudit - user=runner | ip=127.0.0.1 | op=GET_FILE_STATUS {volume=volume86287, bucket=bucket47209, key=testBatchDelete/parent/child7, dataSize=0, replicationConfig=null} | ret=FAILURE
org.apache.hadoop.ozone.om.exceptions.OMException: Unable to get file status: volume: volume86287 bucket: bucket47209 key: testBatchDelete/parent/child7
	at org.apache.hadoop.ozone.om.KeyManagerImpl.getOzoneFileStatus(KeyManagerImpl.java:1311) ~[ozone-manager-1.3.0-SNAPSHOT.jar:?]
	at org.apache.hadoop.ozone.om.KeyManagerImpl.getFileStatus(KeyManagerImpl.java:1241) ~[ozone-manager-1.3.0-SNAPSHOT.jar:?]
	at org.apache.hadoop.ozone.om.OzoneManager.getFileStatus(OzoneManager.java:3468) ~[ozone-manager-1.3.0-SNAPSHOT.jar:?]
	at org.apache.hadoop.ozone.protocolPB.OzoneManagerRequestHandler.getOzoneFileStatus(OzoneManagerRequestHandler.java:882) ~[ozone-manager-1.3.0-SNAPSHOT.jar:?]
	at org.apache.hadoop.ozone.protocolPB.OzoneManagerRequestHandler.handleReadRequest(OzoneManagerRequestHandler.java:228) ~[ozone-manager-1.3.0-SNAPSHOT.jar:?]
	at org.apache.hadoop.ozone.protocolPB.OzoneManagerProtocolServerSideTranslatorPB.submitRequestDirectlyToOM(OzoneManagerProtocolServerSideTranslatorPB.java:276) ~[ozone-manager-1.3.0-SNAPSHOT.jar:?]
	at org.apache.hadoop.ozone.protocolPB.OzoneManagerProtocolServerSideTranslatorPB.processRequest(OzoneManagerProtocolServerSideTranslatorPB.java:205) ~[ozone-manager-1.3.0-SNAPSHOT.jar:?]
	at org.apache.hadoop.hdds.server.OzoneProtocolMessageDispatcher.processRequest(OzoneProtocolMessageDispatcher.java:87) [hdds-server-framework-1.3.0-SNAPSHOT.jar:?]
	at org.apache.hadoop.ozone.protocolPB.OzoneManagerProtocolServerSideTranslatorPB.submitRequest(OzoneManagerProtocolServerSideTranslatorPB.java:147) [ozone-manager-1.3.0-SNAPSHOT.jar:?]
	at org.apache.hadoop.ozone.protocol.proto.OzoneManagerProtocolProtos$OzoneManagerService$2.callBlockingMethod(OzoneManagerProtocolProtos.java) [ozone-interface-client-1.3.0-SNAPSHOT.jar:?]
	at org.apache.hadoop.ipc.ProtobufRpcEngine$Server.processCall(ProtobufRpcEngine.java:466) [hadoop-common-3.3.1.jar:?]
	at org.apache.hadoop.ipc.ProtobufRpcEngine2$Server$ProtoBufRpcInvoker.call(ProtobufRpcEngine2.java:574) [hadoop-common-3.3.1.jar:?]
	at org.apache.hadoop.ipc.ProtobufRpcEngine2$Server$ProtoBufRpcInvoker.call(ProtobufRpcEngine2.java:552) [hadoop-common-3.3.1.jar:?]
	at org.apache.hadoop.ipc.RPC$Server.call(RPC.java:1093) [hadoop-common-3.3.1.jar:?]
	at org.apache.hadoop.ipc.Server$RpcCall.run(Server.java:1035) [hadoop-common-3.3.1.jar:?]
	at org.apache.hadoop.ipc.Server$RpcCall.run(Server.java:963) [hadoop-common-3.3.1.jar:?]
	at java.security.AccessController.doPrivileged(Native Method) ~[?:1.8.0_332]
	at javax.security.auth.Subject.doAs(Subject.java:422) [?:1.8.0_332]
	at org.apache.hadoop.security.UserGroupInformation.doAs(UserGroupInformation.java:1878) [hadoop-common-3.3.1.jar:?]
	at org.apache.hadoop.ipc.Server$Handler.run(Server.java:2966) [hadoop-common-3.3.1.jar:?]
13:49:30.984 [IPC Server handler 18 on default port 42643] ERROR OMAudit - user=runner | ip=127.0.0.1 | op=GET_FILE_STATUS {volume=volume86287, bucket=bucket47209, key=testBatchDelete/parent/childFolder/child7, dataSize=0, replicationConfig=null} | ret=FAILURE
org.apache.hadoop.ozone.om.exceptions.OMException: Unable to get file status: volume: volume86287 bucket: bucket47209 key: testBatchDelete/parent/childFolder/child7
	at org.apache.hadoop.ozone.om.KeyManagerImpl.getOzoneFileStatus(KeyManagerImpl.java:1311) ~[ozone-manager-1.3.0-SNAPSHOT.jar:?]
	at org.apache.hadoop.ozone.om.KeyManagerImpl.getFileStatus(KeyManagerImpl.java:1241) ~[ozone-manager-1.3.0-SNAPSHOT.jar:?]
	at org.apache.hadoop.ozone.om.OzoneManager.getFileStatus(OzoneManager.java:3468) ~[ozone-manager-1.3.0-SNAPSHOT.jar:?]
	at org.apache.hadoop.ozone.protocolPB.OzoneManagerRequestHandler.getOzoneFileStatus(OzoneManagerRequestHandler.java:882) ~[ozone-manager-1.3.0-SNAPSHOT.jar:?]
	at org.apache.hadoop.ozone.protocolPB.OzoneManagerRequestHandler.handleReadRequest(OzoneManagerRequestHandler.java:228) ~[ozone-manager-1.3.0-SNAPSHOT.jar:?]
	at org.apache.hadoop.ozone.protocolPB.OzoneManagerProtocolServerSideTranslatorPB.submitRequestDirectlyToOM(OzoneManagerProtocolServerSideTranslatorPB.java:276) ~[ozone-manager-1.3.0-SNAPSHOT.jar:?]
	at org.apache.hadoop.ozone.protocolPB.OzoneManagerProtocolServerSideTranslatorPB.processRequest(OzoneManagerProtocolServerSideTranslatorPB.java:205) ~[ozone-manager-1.3.0-SNAPSHOT.jar:?]
	at org.apache.hadoop.hdds.server.OzoneProtocolMessageDispatcher.processRequest(OzoneProtocolMessageDispatcher.java:87) [hdds-server-framework-1.3.0-SNAPSHOT.jar:?]
	at org.apache.hadoop.ozone.protocolPB.OzoneManagerProtocolServerSideTranslatorPB.submitRequest(OzoneManagerProtocolServerSideTranslatorPB.java:147) [ozone-manager-1.3.0-SNAPSHOT.jar:?]
	at org.apache.hadoop.ozone.protocol.proto.OzoneManagerProtocolProtos$OzoneManagerService$2.callBlockingMethod(OzoneManagerProtocolProtos.java) [ozone-interface-client-1.3.0-SNAPSHOT.jar:?]
	at org.apache.hadoop.ipc.ProtobufRpcEngine$Server.processCall(ProtobufRpcEngine.java:466) [hadoop-common-3.3.1.jar:?]
	at org.apache.hadoop.ipc.ProtobufRpcEngine2$Server$ProtoBufRpcInvoker.call(ProtobufRpcEngine2.java:574) [hadoop-common-3.3.1.jar:?]
	at org.apache.hadoop.ipc.ProtobufRpcEngine2$Server$ProtoBufRpcInvoker.call(ProtobufRpcEngine2.java:552) [hadoop-common-3.3.1.jar:?]
	at org.apache.hadoop.ipc.RPC$Server.call(RPC.java:1093) [hadoop-common-3.3.1.jar:?]
	at org.apache.hadoop.ipc.Server$RpcCall.run(Server.java:1035) [hadoop-common-3.3.1.jar:?]
	at org.apache.hadoop.ipc.Server$RpcCall.run(Server.java:963) [hadoop-common-3.3.1.jar:?]
	at java.security.AccessController.doPrivileged(Native Method) ~[?:1.8.0_332]
	at javax.security.auth.Subject.doAs(Subject.java:422) [?:1.8.0_332]
	at org.apache.hadoop.security.UserGroupInformation.doAs(UserGroupInformation.java:1878) [hadoop-common-3.3.1.jar:?]
	at org.apache.hadoop.ipc.Server$Handler.run(Server.java:2966) [hadoop-common-3.3.1.jar:?]
13:49:30.985 [IPC Server handler 12 on default port 42643] ERROR OMAudit - user=runner | ip=127.0.0.1 | op=GET_FILE_STATUS {volume=volume86287, bucket=bucket47209, key=testBatchDelete/parent, dataSize=0, replicationConfig=null} | ret=FAILURE
org.apache.hadoop.ozone.om.exceptions.OMException: Unable to get file status: volume: volume86287 bucket: bucket47209 key: testBatchDelete/parent
	at org.apache.hadoop.ozone.om.KeyManagerImpl.getOzoneFileStatus(KeyManagerImpl.java:1311) ~[ozone-manager-1.3.0-SNAPSHOT.jar:?]
	at org.apache.hadoop.ozone.om.KeyManagerImpl.getFileStatus(KeyManagerImpl.java:1241) ~[ozone-manager-1.3.0-SNAPSHOT.jar:?]
	at org.apache.hadoop.ozone.om.OzoneManager.getFileStatus(OzoneManager.java:3468) ~[ozone-manager-1.3.0-SNAPSHOT.jar:?]
	at org.apache.hadoop.ozone.protocolPB.OzoneManagerRequestHandler.getOzoneFileStatus(OzoneManagerRequestHandler.java:882) ~[ozone-manager-1.3.0-SNAPSHOT.jar:?]
	at org.apache.hadoop.ozone.protocolPB.OzoneManagerRequestHandler.handleReadRequest(OzoneManagerRequestHandler.java:228) ~[ozone-manager-1.3.0-SNAPSHOT.jar:?]
	at org.apache.hadoop.ozone.protocolPB.OzoneManagerProtocolServerSideTranslatorPB.submitRequestDirectlyToOM(OzoneManagerProtocolServerSideTranslatorPB.java:276) ~[ozone-manager-1.3.0-SNAPSHOT.jar:?]
	at org.apache.hadoop.ozone.protocolPB.OzoneManagerProtocolServerSideTranslatorPB.processRequest(OzoneManagerProtocolServerSideTranslatorPB.java:205) ~[ozone-manager-1.3.0-SNAPSHOT.jar:?]
	at org.apache.hadoop.hdds.server.OzoneProtocolMessageDispatcher.processRequest(OzoneProtocolMessageDispatcher.java:87) [hdds-server-framework-1.3.0-SNAPSHOT.jar:?]
	at org.apache.hadoop.ozone.protocolPB.OzoneManagerProtocolServerSideTranslatorPB.submitRequest(OzoneManagerProtocolServerSideTranslatorPB.java:147) [ozone-manager-1.3.0-SNAPSHOT.jar:?]
	at org.apache.hadoop.ozone.protocol.proto.OzoneManagerProtocolProtos$OzoneManagerService$2.callBlockingMethod(OzoneManagerProtocolProtos.java) [ozone-interface-client-1.3.0-SNAPSHOT.jar:?]
	at org.apache.hadoop.ipc.ProtobufRpcEngine$Server.processCall(ProtobufRpcEngine.java:466) [hadoop-common-3.3.1.jar:?]
	at org.apache.hadoop.ipc.ProtobufRpcEngine2$Server$ProtoBufRpcInvoker.call(ProtobufRpcEngine2.java:574) [hadoop-common-3.3.1.jar:?]
	at org.apache.hadoop.ipc.ProtobufRpcEngine2$Server$ProtoBufRpcInvoker.call(ProtobufRpcEngine2.java:552) [hadoop-common-3.3.1.jar:?]
	at org.apache.hadoop.ipc.RPC$Server.call(RPC.java:1093) [hadoop-common-3.3.1.jar:?]
	at org.apache.hadoop.ipc.Server$RpcCall.run(Server.java:1035) [hadoop-common-3.3.1.jar:?]
	at org.apache.hadoop.ipc.Server$RpcCall.run(Server.java:963) [hadoop-common-3.3.1.jar:?]
	at java.security.AccessController.doPrivileged(Native Method) ~[?:1.8.0_332]
	at javax.security.auth.Subject.doAs(Subject.java:422) [?:1.8.0_332]
	at org.apache.hadoop.security.UserGroupInformation.doAs(UserGroupInformation.java:1878) [hadoop-common-3.3.1.jar:?]
	at org.apache.hadoop.ipc.Server$Handler.run(Server.java:2966) [hadoop-common-3.3.1.jar:?]
2022-08-09 13:49:30,985 [Time-limited test] WARN  ozone.BasicRootedOzoneFileSystem (BasicRootedOzoneFileSystem.java:delete(572)) - delete: Path does not exist: /volume86287/bucket47209/testBatchDelete/parent
]]></system-out>
  </testcase>
  <testcase name="testFileDelete" classname="TestRootedOzoneFileSystem" time="0.206">
    <system-out><![CDATA[2022-08-09 13:50:49,432 [Time-limited test] INFO  rpc.RpcClient (RpcClient.java:createVolume(468)) - Creating Volume: volume97373, with user04804 as owner and space quota set to -1 bytes, counts quota set to -1
2022-08-09 13:50:49,439 [OM StateMachine ApplyTransaction Thread - 0] INFO  volume.OMVolumeCreateRequest (OMVolumeCreateRequest.java:validateAndUpdateCache(195)) - created volume:volume97373 for user:user04804
2022-08-09 13:50:49,440 [Time-limited test] INFO  rpc.RpcClient (RpcClient.java:createBucket(671)) - Creating Bucket: volume97373/bucket90848, with bucket layout LEGACY, runner as owner, Versioning false, Storage Type set to DISK and Encryption set to false 
2022-08-09 13:50:49,441 [OM StateMachine ApplyTransaction Thread - 0] INFO  bucket.OMBucketCreateRequest (OMBucketCreateRequest.java:validateAndUpdateCache(260)) - created bucket: bucket90848 of layout LEGACY in volume: volume97373
13:50:49.560 [IPC Server handler 14 on default port 45023] ERROR OMAudit - user=runner | ip=127.0.0.1 | op=GET_FILE_STATUS {volume=volume97373, bucket=bucket90848, key=testBatchDelete, dataSize=0, replicationConfig=null} | ret=FAILURE
org.apache.hadoop.ozone.om.exceptions.OMException: Unable to get file status: volume: volume97373 bucket: bucket90848 key: testBatchDelete
	at org.apache.hadoop.ozone.om.KeyManagerImpl.getOzoneFileStatus(KeyManagerImpl.java:1311) ~[ozone-manager-1.3.0-SNAPSHOT.jar:?]
	at org.apache.hadoop.ozone.om.KeyManagerImpl.getFileStatus(KeyManagerImpl.java:1241) ~[ozone-manager-1.3.0-SNAPSHOT.jar:?]
	at org.apache.hadoop.ozone.om.OzoneManager.getFileStatus(OzoneManager.java:3468) ~[ozone-manager-1.3.0-SNAPSHOT.jar:?]
	at org.apache.hadoop.ozone.protocolPB.OzoneManagerRequestHandler.getOzoneFileStatus(OzoneManagerRequestHandler.java:882) ~[ozone-manager-1.3.0-SNAPSHOT.jar:?]
	at org.apache.hadoop.ozone.protocolPB.OzoneManagerRequestHandler.handleReadRequest(OzoneManagerRequestHandler.java:228) ~[ozone-manager-1.3.0-SNAPSHOT.jar:?]
	at org.apache.hadoop.ozone.protocolPB.OzoneManagerProtocolServerSideTranslatorPB.submitReadRequestToOM(OzoneManagerProtocolServerSideTranslatorPB.java:226) ~[ozone-manager-1.3.0-SNAPSHOT.jar:?]
	at org.apache.hadoop.ozone.protocolPB.OzoneManagerProtocolServerSideTranslatorPB.processRequest(OzoneManagerProtocolServerSideTranslatorPB.java:175) ~[ozone-manager-1.3.0-SNAPSHOT.jar:?]
	at org.apache.hadoop.hdds.server.OzoneProtocolMessageDispatcher.processRequest(OzoneProtocolMessageDispatcher.java:87) [hdds-server-framework-1.3.0-SNAPSHOT.jar:?]
	at org.apache.hadoop.ozone.protocolPB.OzoneManagerProtocolServerSideTranslatorPB.submitRequest(OzoneManagerProtocolServerSideTranslatorPB.java:147) [ozone-manager-1.3.0-SNAPSHOT.jar:?]
	at org.apache.hadoop.ozone.protocol.proto.OzoneManagerProtocolProtos$OzoneManagerService$2.callBlockingMethod(OzoneManagerProtocolProtos.java) [ozone-interface-client-1.3.0-SNAPSHOT.jar:?]
	at org.apache.hadoop.ipc.ProtobufRpcEngine$Server.processCall(ProtobufRpcEngine.java:466) [hadoop-common-3.3.1.jar:?]
	at org.apache.hadoop.ipc.ProtobufRpcEngine2$Server$ProtoBufRpcInvoker.call(ProtobufRpcEngine2.java:574) [hadoop-common-3.3.1.jar:?]
	at org.apache.hadoop.ipc.ProtobufRpcEngine2$Server$ProtoBufRpcInvoker.call(ProtobufRpcEngine2.java:552) [hadoop-common-3.3.1.jar:?]
	at org.apache.hadoop.ipc.RPC$Server.call(RPC.java:1093) [hadoop-common-3.3.1.jar:?]
	at org.apache.hadoop.ipc.Server$RpcCall.run(Server.java:1035) [hadoop-common-3.3.1.jar:?]
	at org.apache.hadoop.ipc.Server$RpcCall.run(Server.java:963) [hadoop-common-3.3.1.jar:?]
	at java.security.AccessController.doPrivileged(Native Method) ~[?:1.8.0_332]
	at javax.security.auth.Subject.doAs(Subject.java:422) [?:1.8.0_332]
	at org.apache.hadoop.security.UserGroupInformation.doAs(UserGroupInformation.java:1878) [hadoop-common-3.3.1.jar:?]
	at org.apache.hadoop.ipc.Server$Handler.run(Server.java:2966) [hadoop-common-3.3.1.jar:?]
13:50:49.567 [IPC Server handler 12 on default port 45023] ERROR OMAudit - user=runner | ip=127.0.0.1 | op=GET_FILE_STATUS {volume=volume97373, bucket=bucket90848, key=testBatchDelete/parent/child0, dataSize=0, replicationConfig=null} | ret=FAILURE
org.apache.hadoop.ozone.om.exceptions.OMException: Unable to get file status: volume: volume97373 bucket: bucket90848 key: testBatchDelete/parent/child0
	at org.apache.hadoop.ozone.om.KeyManagerImpl.getOzoneFileStatus(KeyManagerImpl.java:1311) ~[ozone-manager-1.3.0-SNAPSHOT.jar:?]
	at org.apache.hadoop.ozone.om.KeyManagerImpl.getFileStatus(KeyManagerImpl.java:1241) ~[ozone-manager-1.3.0-SNAPSHOT.jar:?]
	at org.apache.hadoop.ozone.om.OzoneManager.getFileStatus(OzoneManager.java:3468) ~[ozone-manager-1.3.0-SNAPSHOT.jar:?]
	at org.apache.hadoop.ozone.protocolPB.OzoneManagerRequestHandler.getOzoneFileStatus(OzoneManagerRequestHandler.java:882) ~[ozone-manager-1.3.0-SNAPSHOT.jar:?]
	at org.apache.hadoop.ozone.protocolPB.OzoneManagerRequestHandler.handleReadRequest(OzoneManagerRequestHandler.java:228) ~[ozone-manager-1.3.0-SNAPSHOT.jar:?]
	at org.apache.hadoop.ozone.protocolPB.OzoneManagerProtocolServerSideTranslatorPB.submitReadRequestToOM(OzoneManagerProtocolServerSideTranslatorPB.java:226) ~[ozone-manager-1.3.0-SNAPSHOT.jar:?]
	at org.apache.hadoop.ozone.protocolPB.OzoneManagerProtocolServerSideTranslatorPB.processRequest(OzoneManagerProtocolServerSideTranslatorPB.java:175) ~[ozone-manager-1.3.0-SNAPSHOT.jar:?]
	at org.apache.hadoop.hdds.server.OzoneProtocolMessageDispatcher.processRequest(OzoneProtocolMessageDispatcher.java:87) [hdds-server-framework-1.3.0-SNAPSHOT.jar:?]
	at org.apache.hadoop.ozone.protocolPB.OzoneManagerProtocolServerSideTranslatorPB.submitRequest(OzoneManagerProtocolServerSideTranslatorPB.java:147) [ozone-manager-1.3.0-SNAPSHOT.jar:?]
	at org.apache.hadoop.ozone.protocol.proto.OzoneManagerProtocolProtos$OzoneManagerService$2.callBlockingMethod(OzoneManagerProtocolProtos.java) [ozone-interface-client-1.3.0-SNAPSHOT.jar:?]
	at org.apache.hadoop.ipc.ProtobufRpcEngine$Server.processCall(ProtobufRpcEngine.java:466) [hadoop-common-3.3.1.jar:?]
	at org.apache.hadoop.ipc.ProtobufRpcEngine2$Server$ProtoBufRpcInvoker.call(ProtobufRpcEngine2.java:574) [hadoop-common-3.3.1.jar:?]
	at org.apache.hadoop.ipc.ProtobufRpcEngine2$Server$ProtoBufRpcInvoker.call(ProtobufRpcEngine2.java:552) [hadoop-common-3.3.1.jar:?]
	at org.apache.hadoop.ipc.RPC$Server.call(RPC.java:1093) [hadoop-common-3.3.1.jar:?]
	at org.apache.hadoop.ipc.Server$RpcCall.run(Server.java:1035) [hadoop-common-3.3.1.jar:?]
	at org.apache.hadoop.ipc.Server$RpcCall.run(Server.java:963) [hadoop-common-3.3.1.jar:?]
	at java.security.AccessController.doPrivileged(Native Method) ~[?:1.8.0_332]
	at javax.security.auth.Subject.doAs(Subject.java:422) [?:1.8.0_332]
	at org.apache.hadoop.security.UserGroupInformation.doAs(UserGroupInformation.java:1878) [hadoop-common-3.3.1.jar:?]
	at org.apache.hadoop.ipc.Server$Handler.run(Server.java:2966) [hadoop-common-3.3.1.jar:?]
13:50:49.568 [IPC Server handler 10 on default port 45023] ERROR OMAudit - user=runner | ip=127.0.0.1 | op=GET_FILE_STATUS {volume=volume97373, bucket=bucket90848, key=testBatchDelete/parent/childFolder/child0, dataSize=0, replicationConfig=null} | ret=FAILURE
org.apache.hadoop.ozone.om.exceptions.OMException: Unable to get file status: volume: volume97373 bucket: bucket90848 key: testBatchDelete/parent/childFolder/child0
	at org.apache.hadoop.ozone.om.KeyManagerImpl.getOzoneFileStatus(KeyManagerImpl.java:1311) ~[ozone-manager-1.3.0-SNAPSHOT.jar:?]
	at org.apache.hadoop.ozone.om.KeyManagerImpl.getFileStatus(KeyManagerImpl.java:1241) ~[ozone-manager-1.3.0-SNAPSHOT.jar:?]
	at org.apache.hadoop.ozone.om.OzoneManager.getFileStatus(OzoneManager.java:3468) ~[ozone-manager-1.3.0-SNAPSHOT.jar:?]
	at org.apache.hadoop.ozone.protocolPB.OzoneManagerRequestHandler.getOzoneFileStatus(OzoneManagerRequestHandler.java:882) ~[ozone-manager-1.3.0-SNAPSHOT.jar:?]
	at org.apache.hadoop.ozone.protocolPB.OzoneManagerRequestHandler.handleReadRequest(OzoneManagerRequestHandler.java:228) ~[ozone-manager-1.3.0-SNAPSHOT.jar:?]
	at org.apache.hadoop.ozone.protocolPB.OzoneManagerProtocolServerSideTranslatorPB.submitReadRequestToOM(OzoneManagerProtocolServerSideTranslatorPB.java:226) ~[ozone-manager-1.3.0-SNAPSHOT.jar:?]
	at org.apache.hadoop.ozone.protocolPB.OzoneManagerProtocolServerSideTranslatorPB.processRequest(OzoneManagerProtocolServerSideTranslatorPB.java:175) ~[ozone-manager-1.3.0-SNAPSHOT.jar:?]
	at org.apache.hadoop.hdds.server.OzoneProtocolMessageDispatcher.processRequest(OzoneProtocolMessageDispatcher.java:87) [hdds-server-framework-1.3.0-SNAPSHOT.jar:?]
	at org.apache.hadoop.ozone.protocolPB.OzoneManagerProtocolServerSideTranslatorPB.submitRequest(OzoneManagerProtocolServerSideTranslatorPB.java:147) [ozone-manager-1.3.0-SNAPSHOT.jar:?]
	at org.apache.hadoop.ozone.protocol.proto.OzoneManagerProtocolProtos$OzoneManagerService$2.callBlockingMethod(OzoneManagerProtocolProtos.java) [ozone-interface-client-1.3.0-SNAPSHOT.jar:?]
	at org.apache.hadoop.ipc.ProtobufRpcEngine$Server.processCall(ProtobufRpcEngine.java:466) [hadoop-common-3.3.1.jar:?]
	at org.apache.hadoop.ipc.ProtobufRpcEngine2$Server$ProtoBufRpcInvoker.call(ProtobufRpcEngine2.java:574) [hadoop-common-3.3.1.jar:?]
	at org.apache.hadoop.ipc.ProtobufRpcEngine2$Server$ProtoBufRpcInvoker.call(ProtobufRpcEngine2.java:552) [hadoop-common-3.3.1.jar:?]
	at org.apache.hadoop.ipc.RPC$Server.call(RPC.java:1093) [hadoop-common-3.3.1.jar:?]
	at org.apache.hadoop.ipc.Server$RpcCall.run(Server.java:1035) [hadoop-common-3.3.1.jar:?]
	at org.apache.hadoop.ipc.Server$RpcCall.run(Server.java:963) [hadoop-common-3.3.1.jar:?]
	at java.security.AccessController.doPrivileged(Native Method) ~[?:1.8.0_332]
	at javax.security.auth.Subject.doAs(Subject.java:422) [?:1.8.0_332]
	at org.apache.hadoop.security.UserGroupInformation.doAs(UserGroupInformation.java:1878) [hadoop-common-3.3.1.jar:?]
	at org.apache.hadoop.ipc.Server$Handler.run(Server.java:2966) [hadoop-common-3.3.1.jar:?]
13:50:49.568 [IPC Server handler 8 on default port 45023] ERROR OMAudit - user=runner | ip=127.0.0.1 | op=GET_FILE_STATUS {volume=volume97373, bucket=bucket90848, key=testBatchDelete/parent/child1, dataSize=0, replicationConfig=null} | ret=FAILURE
org.apache.hadoop.ozone.om.exceptions.OMException: Unable to get file status: volume: volume97373 bucket: bucket90848 key: testBatchDelete/parent/child1
	at org.apache.hadoop.ozone.om.KeyManagerImpl.getOzoneFileStatus(KeyManagerImpl.java:1311) ~[ozone-manager-1.3.0-SNAPSHOT.jar:?]
	at org.apache.hadoop.ozone.om.KeyManagerImpl.getFileStatus(KeyManagerImpl.java:1241) ~[ozone-manager-1.3.0-SNAPSHOT.jar:?]
	at org.apache.hadoop.ozone.om.OzoneManager.getFileStatus(OzoneManager.java:3468) ~[ozone-manager-1.3.0-SNAPSHOT.jar:?]
	at org.apache.hadoop.ozone.protocolPB.OzoneManagerRequestHandler.getOzoneFileStatus(OzoneManagerRequestHandler.java:882) ~[ozone-manager-1.3.0-SNAPSHOT.jar:?]
	at org.apache.hadoop.ozone.protocolPB.OzoneManagerRequestHandler.handleReadRequest(OzoneManagerRequestHandler.java:228) ~[ozone-manager-1.3.0-SNAPSHOT.jar:?]
	at org.apache.hadoop.ozone.protocolPB.OzoneManagerProtocolServerSideTranslatorPB.submitReadRequestToOM(OzoneManagerProtocolServerSideTranslatorPB.java:226) ~[ozone-manager-1.3.0-SNAPSHOT.jar:?]
	at org.apache.hadoop.ozone.protocolPB.OzoneManagerProtocolServerSideTranslatorPB.processRequest(OzoneManagerProtocolServerSideTranslatorPB.java:175) ~[ozone-manager-1.3.0-SNAPSHOT.jar:?]
	at org.apache.hadoop.hdds.server.OzoneProtocolMessageDispatcher.processRequest(OzoneProtocolMessageDispatcher.java:87) [hdds-server-framework-1.3.0-SNAPSHOT.jar:?]
	at org.apache.hadoop.ozone.protocolPB.OzoneManagerProtocolServerSideTranslatorPB.submitRequest(OzoneManagerProtocolServerSideTranslatorPB.java:147) [ozone-manager-1.3.0-SNAPSHOT.jar:?]
	at org.apache.hadoop.ozone.protocol.proto.OzoneManagerProtocolProtos$OzoneManagerService$2.callBlockingMethod(OzoneManagerProtocolProtos.java) [ozone-interface-client-1.3.0-SNAPSHOT.jar:?]
	at org.apache.hadoop.ipc.ProtobufRpcEngine$Server.processCall(ProtobufRpcEngine.java:466) [hadoop-common-3.3.1.jar:?]
	at org.apache.hadoop.ipc.ProtobufRpcEngine2$Server$ProtoBufRpcInvoker.call(ProtobufRpcEngine2.java:574) [hadoop-common-3.3.1.jar:?]
	at org.apache.hadoop.ipc.ProtobufRpcEngine2$Server$ProtoBufRpcInvoker.call(ProtobufRpcEngine2.java:552) [hadoop-common-3.3.1.jar:?]
	at org.apache.hadoop.ipc.RPC$Server.call(RPC.java:1093) [hadoop-common-3.3.1.jar:?]
	at org.apache.hadoop.ipc.Server$RpcCall.run(Server.java:1035) [hadoop-common-3.3.1.jar:?]
	at org.apache.hadoop.ipc.Server$RpcCall.run(Server.java:963) [hadoop-common-3.3.1.jar:?]
	at java.security.AccessController.doPrivileged(Native Method) ~[?:1.8.0_332]
	at javax.security.auth.Subject.doAs(Subject.java:422) [?:1.8.0_332]
	at org.apache.hadoop.security.UserGroupInformation.doAs(UserGroupInformation.java:1878) [hadoop-common-3.3.1.jar:?]
	at org.apache.hadoop.ipc.Server$Handler.run(Server.java:2966) [hadoop-common-3.3.1.jar:?]
13:50:49.569 [IPC Server handler 5 on default port 45023] ERROR OMAudit - user=runner | ip=127.0.0.1 | op=GET_FILE_STATUS {volume=volume97373, bucket=bucket90848, key=testBatchDelete/parent/childFolder/child1, dataSize=0, replicationConfig=null} | ret=FAILURE
org.apache.hadoop.ozone.om.exceptions.OMException: Unable to get file status: volume: volume97373 bucket: bucket90848 key: testBatchDelete/parent/childFolder/child1
	at org.apache.hadoop.ozone.om.KeyManagerImpl.getOzoneFileStatus(KeyManagerImpl.java:1311) ~[ozone-manager-1.3.0-SNAPSHOT.jar:?]
	at org.apache.hadoop.ozone.om.KeyManagerImpl.getFileStatus(KeyManagerImpl.java:1241) ~[ozone-manager-1.3.0-SNAPSHOT.jar:?]
	at org.apache.hadoop.ozone.om.OzoneManager.getFileStatus(OzoneManager.java:3468) ~[ozone-manager-1.3.0-SNAPSHOT.jar:?]
	at org.apache.hadoop.ozone.protocolPB.OzoneManagerRequestHandler.getOzoneFileStatus(OzoneManagerRequestHandler.java:882) ~[ozone-manager-1.3.0-SNAPSHOT.jar:?]
	at org.apache.hadoop.ozone.protocolPB.OzoneManagerRequestHandler.handleReadRequest(OzoneManagerRequestHandler.java:228) ~[ozone-manager-1.3.0-SNAPSHOT.jar:?]
	at org.apache.hadoop.ozone.protocolPB.OzoneManagerProtocolServerSideTranslatorPB.submitReadRequestToOM(OzoneManagerProtocolServerSideTranslatorPB.java:226) ~[ozone-manager-1.3.0-SNAPSHOT.jar:?]
	at org.apache.hadoop.ozone.protocolPB.OzoneManagerProtocolServerSideTranslatorPB.processRequest(OzoneManagerProtocolServerSideTranslatorPB.java:175) ~[ozone-manager-1.3.0-SNAPSHOT.jar:?]
	at org.apache.hadoop.hdds.server.OzoneProtocolMessageDispatcher.processRequest(OzoneProtocolMessageDispatcher.java:87) [hdds-server-framework-1.3.0-SNAPSHOT.jar:?]
	at org.apache.hadoop.ozone.protocolPB.OzoneManagerProtocolServerSideTranslatorPB.submitRequest(OzoneManagerProtocolServerSideTranslatorPB.java:147) [ozone-manager-1.3.0-SNAPSHOT.jar:?]
	at org.apache.hadoop.ozone.protocol.proto.OzoneManagerProtocolProtos$OzoneManagerService$2.callBlockingMethod(OzoneManagerProtocolProtos.java) [ozone-interface-client-1.3.0-SNAPSHOT.jar:?]
	at org.apache.hadoop.ipc.ProtobufRpcEngine$Server.processCall(ProtobufRpcEngine.java:466) [hadoop-common-3.3.1.jar:?]
	at org.apache.hadoop.ipc.ProtobufRpcEngine2$Server$ProtoBufRpcInvoker.call(ProtobufRpcEngine2.java:574) [hadoop-common-3.3.1.jar:?]
	at org.apache.hadoop.ipc.ProtobufRpcEngine2$Server$ProtoBufRpcInvoker.call(ProtobufRpcEngine2.java:552) [hadoop-common-3.3.1.jar:?]
	at org.apache.hadoop.ipc.RPC$Server.call(RPC.java:1093) [hadoop-common-3.3.1.jar:?]
	at org.apache.hadoop.ipc.Server$RpcCall.run(Server.java:1035) [hadoop-common-3.3.1.jar:?]
	at org.apache.hadoop.ipc.Server$RpcCall.run(Server.java:963) [hadoop-common-3.3.1.jar:?]
	at java.security.AccessController.doPrivileged(Native Method) ~[?:1.8.0_332]
	at javax.security.auth.Subject.doAs(Subject.java:422) [?:1.8.0_332]
	at org.apache.hadoop.security.UserGroupInformation.doAs(UserGroupInformation.java:1878) [hadoop-common-3.3.1.jar:?]
	at org.apache.hadoop.ipc.Server$Handler.run(Server.java:2966) [hadoop-common-3.3.1.jar:?]
13:50:49.570 [IPC Server handler 1 on default port 45023] ERROR OMAudit - user=runner | ip=127.0.0.1 | op=GET_FILE_STATUS {volume=volume97373, bucket=bucket90848, key=testBatchDelete/parent/child2, dataSize=0, replicationConfig=null} | ret=FAILURE
org.apache.hadoop.ozone.om.exceptions.OMException: Unable to get file status: volume: volume97373 bucket: bucket90848 key: testBatchDelete/parent/child2
	at org.apache.hadoop.ozone.om.KeyManagerImpl.getOzoneFileStatus(KeyManagerImpl.java:1311) ~[ozone-manager-1.3.0-SNAPSHOT.jar:?]
	at org.apache.hadoop.ozone.om.KeyManagerImpl.getFileStatus(KeyManagerImpl.java:1241) ~[ozone-manager-1.3.0-SNAPSHOT.jar:?]
	at org.apache.hadoop.ozone.om.OzoneManager.getFileStatus(OzoneManager.java:3468) ~[ozone-manager-1.3.0-SNAPSHOT.jar:?]
	at org.apache.hadoop.ozone.protocolPB.OzoneManagerRequestHandler.getOzoneFileStatus(OzoneManagerRequestHandler.java:882) ~[ozone-manager-1.3.0-SNAPSHOT.jar:?]
	at org.apache.hadoop.ozone.protocolPB.OzoneManagerRequestHandler.handleReadRequest(OzoneManagerRequestHandler.java:228) ~[ozone-manager-1.3.0-SNAPSHOT.jar:?]
	at org.apache.hadoop.ozone.protocolPB.OzoneManagerProtocolServerSideTranslatorPB.submitReadRequestToOM(OzoneManagerProtocolServerSideTranslatorPB.java:226) ~[ozone-manager-1.3.0-SNAPSHOT.jar:?]
	at org.apache.hadoop.ozone.protocolPB.OzoneManagerProtocolServerSideTranslatorPB.processRequest(OzoneManagerProtocolServerSideTranslatorPB.java:175) ~[ozone-manager-1.3.0-SNAPSHOT.jar:?]
	at org.apache.hadoop.hdds.server.OzoneProtocolMessageDispatcher.processRequest(OzoneProtocolMessageDispatcher.java:87) [hdds-server-framework-1.3.0-SNAPSHOT.jar:?]
	at org.apache.hadoop.ozone.protocolPB.OzoneManagerProtocolServerSideTranslatorPB.submitRequest(OzoneManagerProtocolServerSideTranslatorPB.java:147) [ozone-manager-1.3.0-SNAPSHOT.jar:?]
	at org.apache.hadoop.ozone.protocol.proto.OzoneManagerProtocolProtos$OzoneManagerService$2.callBlockingMethod(OzoneManagerProtocolProtos.java) [ozone-interface-client-1.3.0-SNAPSHOT.jar:?]
	at org.apache.hadoop.ipc.ProtobufRpcEngine$Server.processCall(ProtobufRpcEngine.java:466) [hadoop-common-3.3.1.jar:?]
	at org.apache.hadoop.ipc.ProtobufRpcEngine2$Server$ProtoBufRpcInvoker.call(ProtobufRpcEngine2.java:574) [hadoop-common-3.3.1.jar:?]
	at org.apache.hadoop.ipc.ProtobufRpcEngine2$Server$ProtoBufRpcInvoker.call(ProtobufRpcEngine2.java:552) [hadoop-common-3.3.1.jar:?]
	at org.apache.hadoop.ipc.RPC$Server.call(RPC.java:1093) [hadoop-common-3.3.1.jar:?]
	at org.apache.hadoop.ipc.Server$RpcCall.run(Server.java:1035) [hadoop-common-3.3.1.jar:?]
	at org.apache.hadoop.ipc.Server$RpcCall.run(Server.java:963) [hadoop-common-3.3.1.jar:?]
	at java.security.AccessController.doPrivileged(Native Method) ~[?:1.8.0_332]
	at javax.security.auth.Subject.doAs(Subject.java:422) [?:1.8.0_332]
	at org.apache.hadoop.security.UserGroupInformation.doAs(UserGroupInformation.java:1878) [hadoop-common-3.3.1.jar:?]
	at org.apache.hadoop.ipc.Server$Handler.run(Server.java:2966) [hadoop-common-3.3.1.jar:?]
13:50:49.571 [IPC Server handler 18 on default port 45023] ERROR OMAudit - user=runner | ip=127.0.0.1 | op=GET_FILE_STATUS {volume=volume97373, bucket=bucket90848, key=testBatchDelete/parent/childFolder/child2, dataSize=0, replicationConfig=null} | ret=FAILURE
org.apache.hadoop.ozone.om.exceptions.OMException: Unable to get file status: volume: volume97373 bucket: bucket90848 key: testBatchDelete/parent/childFolder/child2
	at org.apache.hadoop.ozone.om.KeyManagerImpl.getOzoneFileStatus(KeyManagerImpl.java:1311) ~[ozone-manager-1.3.0-SNAPSHOT.jar:?]
	at org.apache.hadoop.ozone.om.KeyManagerImpl.getFileStatus(KeyManagerImpl.java:1241) ~[ozone-manager-1.3.0-SNAPSHOT.jar:?]
	at org.apache.hadoop.ozone.om.OzoneManager.getFileStatus(OzoneManager.java:3468) ~[ozone-manager-1.3.0-SNAPSHOT.jar:?]
	at org.apache.hadoop.ozone.protocolPB.OzoneManagerRequestHandler.getOzoneFileStatus(OzoneManagerRequestHandler.java:882) ~[ozone-manager-1.3.0-SNAPSHOT.jar:?]
	at org.apache.hadoop.ozone.protocolPB.OzoneManagerRequestHandler.handleReadRequest(OzoneManagerRequestHandler.java:228) ~[ozone-manager-1.3.0-SNAPSHOT.jar:?]
	at org.apache.hadoop.ozone.protocolPB.OzoneManagerProtocolServerSideTranslatorPB.submitReadRequestToOM(OzoneManagerProtocolServerSideTranslatorPB.java:226) ~[ozone-manager-1.3.0-SNAPSHOT.jar:?]
	at org.apache.hadoop.ozone.protocolPB.OzoneManagerProtocolServerSideTranslatorPB.processRequest(OzoneManagerProtocolServerSideTranslatorPB.java:175) ~[ozone-manager-1.3.0-SNAPSHOT.jar:?]
	at org.apache.hadoop.hdds.server.OzoneProtocolMessageDispatcher.processRequest(OzoneProtocolMessageDispatcher.java:87) [hdds-server-framework-1.3.0-SNAPSHOT.jar:?]
	at org.apache.hadoop.ozone.protocolPB.OzoneManagerProtocolServerSideTranslatorPB.submitRequest(OzoneManagerProtocolServerSideTranslatorPB.java:147) [ozone-manager-1.3.0-SNAPSHOT.jar:?]
	at org.apache.hadoop.ozone.protocol.proto.OzoneManagerProtocolProtos$OzoneManagerService$2.callBlockingMethod(OzoneManagerProtocolProtos.java) [ozone-interface-client-1.3.0-SNAPSHOT.jar:?]
	at org.apache.hadoop.ipc.ProtobufRpcEngine$Server.processCall(ProtobufRpcEngine.java:466) [hadoop-common-3.3.1.jar:?]
	at org.apache.hadoop.ipc.ProtobufRpcEngine2$Server$ProtoBufRpcInvoker.call(ProtobufRpcEngine2.java:574) [hadoop-common-3.3.1.jar:?]
	at org.apache.hadoop.ipc.ProtobufRpcEngine2$Server$ProtoBufRpcInvoker.call(ProtobufRpcEngine2.java:552) [hadoop-common-3.3.1.jar:?]
	at org.apache.hadoop.ipc.RPC$Server.call(RPC.java:1093) [hadoop-common-3.3.1.jar:?]
	at org.apache.hadoop.ipc.Server$RpcCall.run(Server.java:1035) [hadoop-common-3.3.1.jar:?]
	at org.apache.hadoop.ipc.Server$RpcCall.run(Server.java:963) [hadoop-common-3.3.1.jar:?]
	at java.security.AccessController.doPrivileged(Native Method) ~[?:1.8.0_332]
	at javax.security.auth.Subject.doAs(Subject.java:422) [?:1.8.0_332]
	at org.apache.hadoop.security.UserGroupInformation.doAs(UserGroupInformation.java:1878) [hadoop-common-3.3.1.jar:?]
	at org.apache.hadoop.ipc.Server$Handler.run(Server.java:2966) [hadoop-common-3.3.1.jar:?]
13:50:49.571 [IPC Server handler 3 on default port 45023] ERROR OMAudit - user=runner | ip=127.0.0.1 | op=GET_FILE_STATUS {volume=volume97373, bucket=bucket90848, key=testBatchDelete/parent/child3, dataSize=0, replicationConfig=null} | ret=FAILURE
org.apache.hadoop.ozone.om.exceptions.OMException: Unable to get file status: volume: volume97373 bucket: bucket90848 key: testBatchDelete/parent/child3
	at org.apache.hadoop.ozone.om.KeyManagerImpl.getOzoneFileStatus(KeyManagerImpl.java:1311) ~[ozone-manager-1.3.0-SNAPSHOT.jar:?]
	at org.apache.hadoop.ozone.om.KeyManagerImpl.getFileStatus(KeyManagerImpl.java:1241) ~[ozone-manager-1.3.0-SNAPSHOT.jar:?]
	at org.apache.hadoop.ozone.om.OzoneManager.getFileStatus(OzoneManager.java:3468) ~[ozone-manager-1.3.0-SNAPSHOT.jar:?]
	at org.apache.hadoop.ozone.protocolPB.OzoneManagerRequestHandler.getOzoneFileStatus(OzoneManagerRequestHandler.java:882) ~[ozone-manager-1.3.0-SNAPSHOT.jar:?]
	at org.apache.hadoop.ozone.protocolPB.OzoneManagerRequestHandler.handleReadRequest(OzoneManagerRequestHandler.java:228) ~[ozone-manager-1.3.0-SNAPSHOT.jar:?]
	at org.apache.hadoop.ozone.protocolPB.OzoneManagerProtocolServerSideTranslatorPB.submitReadRequestToOM(OzoneManagerProtocolServerSideTranslatorPB.java:226) ~[ozone-manager-1.3.0-SNAPSHOT.jar:?]
	at org.apache.hadoop.ozone.protocolPB.OzoneManagerProtocolServerSideTranslatorPB.processRequest(OzoneManagerProtocolServerSideTranslatorPB.java:175) ~[ozone-manager-1.3.0-SNAPSHOT.jar:?]
	at org.apache.hadoop.hdds.server.OzoneProtocolMessageDispatcher.processRequest(OzoneProtocolMessageDispatcher.java:87) [hdds-server-framework-1.3.0-SNAPSHOT.jar:?]
	at org.apache.hadoop.ozone.protocolPB.OzoneManagerProtocolServerSideTranslatorPB.submitRequest(OzoneManagerProtocolServerSideTranslatorPB.java:147) [ozone-manager-1.3.0-SNAPSHOT.jar:?]
	at org.apache.hadoop.ozone.protocol.proto.OzoneManagerProtocolProtos$OzoneManagerService$2.callBlockingMethod(OzoneManagerProtocolProtos.java) [ozone-interface-client-1.3.0-SNAPSHOT.jar:?]
	at org.apache.hadoop.ipc.ProtobufRpcEngine$Server.processCall(ProtobufRpcEngine.java:466) [hadoop-common-3.3.1.jar:?]
	at org.apache.hadoop.ipc.ProtobufRpcEngine2$Server$ProtoBufRpcInvoker.call(ProtobufRpcEngine2.java:574) [hadoop-common-3.3.1.jar:?]
	at org.apache.hadoop.ipc.ProtobufRpcEngine2$Server$ProtoBufRpcInvoker.call(ProtobufRpcEngine2.java:552) [hadoop-common-3.3.1.jar:?]
	at org.apache.hadoop.ipc.RPC$Server.call(RPC.java:1093) [hadoop-common-3.3.1.jar:?]
	at org.apache.hadoop.ipc.Server$RpcCall.run(Server.java:1035) [hadoop-common-3.3.1.jar:?]
	at org.apache.hadoop.ipc.Server$RpcCall.run(Server.java:963) [hadoop-common-3.3.1.jar:?]
	at java.security.AccessController.doPrivileged(Native Method) ~[?:1.8.0_332]
	at javax.security.auth.Subject.doAs(Subject.java:422) [?:1.8.0_332]
	at org.apache.hadoop.security.UserGroupInformation.doAs(UserGroupInformation.java:1878) [hadoop-common-3.3.1.jar:?]
	at org.apache.hadoop.ipc.Server$Handler.run(Server.java:2966) [hadoop-common-3.3.1.jar:?]
13:50:49.572 [IPC Server handler 19 on default port 45023] ERROR OMAudit - user=runner | ip=127.0.0.1 | op=GET_FILE_STATUS {volume=volume97373, bucket=bucket90848, key=testBatchDelete/parent/childFolder/child3, dataSize=0, replicationConfig=null} | ret=FAILURE
org.apache.hadoop.ozone.om.exceptions.OMException: Unable to get file status: volume: volume97373 bucket: bucket90848 key: testBatchDelete/parent/childFolder/child3
	at org.apache.hadoop.ozone.om.KeyManagerImpl.getOzoneFileStatus(KeyManagerImpl.java:1311) ~[ozone-manager-1.3.0-SNAPSHOT.jar:?]
	at org.apache.hadoop.ozone.om.KeyManagerImpl.getFileStatus(KeyManagerImpl.java:1241) ~[ozone-manager-1.3.0-SNAPSHOT.jar:?]
	at org.apache.hadoop.ozone.om.OzoneManager.getFileStatus(OzoneManager.java:3468) ~[ozone-manager-1.3.0-SNAPSHOT.jar:?]
	at org.apache.hadoop.ozone.protocolPB.OzoneManagerRequestHandler.getOzoneFileStatus(OzoneManagerRequestHandler.java:882) ~[ozone-manager-1.3.0-SNAPSHOT.jar:?]
	at org.apache.hadoop.ozone.protocolPB.OzoneManagerRequestHandler.handleReadRequest(OzoneManagerRequestHandler.java:228) ~[ozone-manager-1.3.0-SNAPSHOT.jar:?]
	at org.apache.hadoop.ozone.protocolPB.OzoneManagerProtocolServerSideTranslatorPB.submitReadRequestToOM(OzoneManagerProtocolServerSideTranslatorPB.java:226) ~[ozone-manager-1.3.0-SNAPSHOT.jar:?]
	at org.apache.hadoop.ozone.protocolPB.OzoneManagerProtocolServerSideTranslatorPB.processRequest(OzoneManagerProtocolServerSideTranslatorPB.java:175) ~[ozone-manager-1.3.0-SNAPSHOT.jar:?]
	at org.apache.hadoop.hdds.server.OzoneProtocolMessageDispatcher.processRequest(OzoneProtocolMessageDispatcher.java:87) [hdds-server-framework-1.3.0-SNAPSHOT.jar:?]
	at org.apache.hadoop.ozone.protocolPB.OzoneManagerProtocolServerSideTranslatorPB.submitRequest(OzoneManagerProtocolServerSideTranslatorPB.java:147) [ozone-manager-1.3.0-SNAPSHOT.jar:?]
	at org.apache.hadoop.ozone.protocol.proto.OzoneManagerProtocolProtos$OzoneManagerService$2.callBlockingMethod(OzoneManagerProtocolProtos.java) [ozone-interface-client-1.3.0-SNAPSHOT.jar:?]
	at org.apache.hadoop.ipc.ProtobufRpcEngine$Server.processCall(ProtobufRpcEngine.java:466) [hadoop-common-3.3.1.jar:?]
	at org.apache.hadoop.ipc.ProtobufRpcEngine2$Server$ProtoBufRpcInvoker.call(ProtobufRpcEngine2.java:574) [hadoop-common-3.3.1.jar:?]
	at org.apache.hadoop.ipc.ProtobufRpcEngine2$Server$ProtoBufRpcInvoker.call(ProtobufRpcEngine2.java:552) [hadoop-common-3.3.1.jar:?]
	at org.apache.hadoop.ipc.RPC$Server.call(RPC.java:1093) [hadoop-common-3.3.1.jar:?]
	at org.apache.hadoop.ipc.Server$RpcCall.run(Server.java:1035) [hadoop-common-3.3.1.jar:?]
	at org.apache.hadoop.ipc.Server$RpcCall.run(Server.java:963) [hadoop-common-3.3.1.jar:?]
	at java.security.AccessController.doPrivileged(Native Method) ~[?:1.8.0_332]
	at javax.security.auth.Subject.doAs(Subject.java:422) [?:1.8.0_332]
	at org.apache.hadoop.security.UserGroupInformation.doAs(UserGroupInformation.java:1878) [hadoop-common-3.3.1.jar:?]
	at org.apache.hadoop.ipc.Server$Handler.run(Server.java:2966) [hadoop-common-3.3.1.jar:?]
13:50:49.573 [IPC Server handler 17 on default port 45023] ERROR OMAudit - user=runner | ip=127.0.0.1 | op=GET_FILE_STATUS {volume=volume97373, bucket=bucket90848, key=testBatchDelete/parent/child4, dataSize=0, replicationConfig=null} | ret=FAILURE
org.apache.hadoop.ozone.om.exceptions.OMException: Unable to get file status: volume: volume97373 bucket: bucket90848 key: testBatchDelete/parent/child4
	at org.apache.hadoop.ozone.om.KeyManagerImpl.getOzoneFileStatus(KeyManagerImpl.java:1311) ~[ozone-manager-1.3.0-SNAPSHOT.jar:?]
	at org.apache.hadoop.ozone.om.KeyManagerImpl.getFileStatus(KeyManagerImpl.java:1241) ~[ozone-manager-1.3.0-SNAPSHOT.jar:?]
	at org.apache.hadoop.ozone.om.OzoneManager.getFileStatus(OzoneManager.java:3468) ~[ozone-manager-1.3.0-SNAPSHOT.jar:?]
	at org.apache.hadoop.ozone.protocolPB.OzoneManagerRequestHandler.getOzoneFileStatus(OzoneManagerRequestHandler.java:882) ~[ozone-manager-1.3.0-SNAPSHOT.jar:?]
	at org.apache.hadoop.ozone.protocolPB.OzoneManagerRequestHandler.handleReadRequest(OzoneManagerRequestHandler.java:228) ~[ozone-manager-1.3.0-SNAPSHOT.jar:?]
	at org.apache.hadoop.ozone.protocolPB.OzoneManagerProtocolServerSideTranslatorPB.submitReadRequestToOM(OzoneManagerProtocolServerSideTranslatorPB.java:226) ~[ozone-manager-1.3.0-SNAPSHOT.jar:?]
	at org.apache.hadoop.ozone.protocolPB.OzoneManagerProtocolServerSideTranslatorPB.processRequest(OzoneManagerProtocolServerSideTranslatorPB.java:175) ~[ozone-manager-1.3.0-SNAPSHOT.jar:?]
	at org.apache.hadoop.hdds.server.OzoneProtocolMessageDispatcher.processRequest(OzoneProtocolMessageDispatcher.java:87) [hdds-server-framework-1.3.0-SNAPSHOT.jar:?]
	at org.apache.hadoop.ozone.protocolPB.OzoneManagerProtocolServerSideTranslatorPB.submitRequest(OzoneManagerProtocolServerSideTranslatorPB.java:147) [ozone-manager-1.3.0-SNAPSHOT.jar:?]
	at org.apache.hadoop.ozone.protocol.proto.OzoneManagerProtocolProtos$OzoneManagerService$2.callBlockingMethod(OzoneManagerProtocolProtos.java) [ozone-interface-client-1.3.0-SNAPSHOT.jar:?]
	at org.apache.hadoop.ipc.ProtobufRpcEngine$Server.processCall(ProtobufRpcEngine.java:466) [hadoop-common-3.3.1.jar:?]
	at org.apache.hadoop.ipc.ProtobufRpcEngine2$Server$ProtoBufRpcInvoker.call(ProtobufRpcEngine2.java:574) [hadoop-common-3.3.1.jar:?]
	at org.apache.hadoop.ipc.ProtobufRpcEngine2$Server$ProtoBufRpcInvoker.call(ProtobufRpcEngine2.java:552) [hadoop-common-3.3.1.jar:?]
	at org.apache.hadoop.ipc.RPC$Server.call(RPC.java:1093) [hadoop-common-3.3.1.jar:?]
	at org.apache.hadoop.ipc.Server$RpcCall.run(Server.java:1035) [hadoop-common-3.3.1.jar:?]
	at org.apache.hadoop.ipc.Server$RpcCall.run(Server.java:963) [hadoop-common-3.3.1.jar:?]
	at java.security.AccessController.doPrivileged(Native Method) ~[?:1.8.0_332]
	at javax.security.auth.Subject.doAs(Subject.java:422) [?:1.8.0_332]
	at org.apache.hadoop.security.UserGroupInformation.doAs(UserGroupInformation.java:1878) [hadoop-common-3.3.1.jar:?]
	at org.apache.hadoop.ipc.Server$Handler.run(Server.java:2966) [hadoop-common-3.3.1.jar:?]
13:50:49.574 [IPC Server handler 14 on default port 45023] ERROR OMAudit - user=runner | ip=127.0.0.1 | op=GET_FILE_STATUS {volume=volume97373, bucket=bucket90848, key=testBatchDelete/parent/childFolder/child4, dataSize=0, replicationConfig=null} | ret=FAILURE
org.apache.hadoop.ozone.om.exceptions.OMException: Unable to get file status: volume: volume97373 bucket: bucket90848 key: testBatchDelete/parent/childFolder/child4
	at org.apache.hadoop.ozone.om.KeyManagerImpl.getOzoneFileStatus(KeyManagerImpl.java:1311) ~[ozone-manager-1.3.0-SNAPSHOT.jar:?]
	at org.apache.hadoop.ozone.om.KeyManagerImpl.getFileStatus(KeyManagerImpl.java:1241) ~[ozone-manager-1.3.0-SNAPSHOT.jar:?]
	at org.apache.hadoop.ozone.om.OzoneManager.getFileStatus(OzoneManager.java:3468) ~[ozone-manager-1.3.0-SNAPSHOT.jar:?]
	at org.apache.hadoop.ozone.protocolPB.OzoneManagerRequestHandler.getOzoneFileStatus(OzoneManagerRequestHandler.java:882) ~[ozone-manager-1.3.0-SNAPSHOT.jar:?]
	at org.apache.hadoop.ozone.protocolPB.OzoneManagerRequestHandler.handleReadRequest(OzoneManagerRequestHandler.java:228) ~[ozone-manager-1.3.0-SNAPSHOT.jar:?]
	at org.apache.hadoop.ozone.protocolPB.OzoneManagerProtocolServerSideTranslatorPB.submitReadRequestToOM(OzoneManagerProtocolServerSideTranslatorPB.java:226) ~[ozone-manager-1.3.0-SNAPSHOT.jar:?]
	at org.apache.hadoop.ozone.protocolPB.OzoneManagerProtocolServerSideTranslatorPB.processRequest(OzoneManagerProtocolServerSideTranslatorPB.java:175) ~[ozone-manager-1.3.0-SNAPSHOT.jar:?]
	at org.apache.hadoop.hdds.server.OzoneProtocolMessageDispatcher.processRequest(OzoneProtocolMessageDispatcher.java:87) [hdds-server-framework-1.3.0-SNAPSHOT.jar:?]
	at org.apache.hadoop.ozone.protocolPB.OzoneManagerProtocolServerSideTranslatorPB.submitRequest(OzoneManagerProtocolServerSideTranslatorPB.java:147) [ozone-manager-1.3.0-SNAPSHOT.jar:?]
	at org.apache.hadoop.ozone.protocol.proto.OzoneManagerProtocolProtos$OzoneManagerService$2.callBlockingMethod(OzoneManagerProtocolProtos.java) [ozone-interface-client-1.3.0-SNAPSHOT.jar:?]
	at org.apache.hadoop.ipc.ProtobufRpcEngine$Server.processCall(ProtobufRpcEngine.java:466) [hadoop-common-3.3.1.jar:?]
	at org.apache.hadoop.ipc.ProtobufRpcEngine2$Server$ProtoBufRpcInvoker.call(ProtobufRpcEngine2.java:574) [hadoop-common-3.3.1.jar:?]
	at org.apache.hadoop.ipc.ProtobufRpcEngine2$Server$ProtoBufRpcInvoker.call(ProtobufRpcEngine2.java:552) [hadoop-common-3.3.1.jar:?]
	at org.apache.hadoop.ipc.RPC$Server.call(RPC.java:1093) [hadoop-common-3.3.1.jar:?]
	at org.apache.hadoop.ipc.Server$RpcCall.run(Server.java:1035) [hadoop-common-3.3.1.jar:?]
	at org.apache.hadoop.ipc.Server$RpcCall.run(Server.java:963) [hadoop-common-3.3.1.jar:?]
	at java.security.AccessController.doPrivileged(Native Method) ~[?:1.8.0_332]
	at javax.security.auth.Subject.doAs(Subject.java:422) [?:1.8.0_332]
	at org.apache.hadoop.security.UserGroupInformation.doAs(UserGroupInformation.java:1878) [hadoop-common-3.3.1.jar:?]
	at org.apache.hadoop.ipc.Server$Handler.run(Server.java:2966) [hadoop-common-3.3.1.jar:?]
13:50:49.574 [IPC Server handler 12 on default port 45023] ERROR OMAudit - user=runner | ip=127.0.0.1 | op=GET_FILE_STATUS {volume=volume97373, bucket=bucket90848, key=testBatchDelete/parent/child5, dataSize=0, replicationConfig=null} | ret=FAILURE
org.apache.hadoop.ozone.om.exceptions.OMException: Unable to get file status: volume: volume97373 bucket: bucket90848 key: testBatchDelete/parent/child5
	at org.apache.hadoop.ozone.om.KeyManagerImpl.getOzoneFileStatus(KeyManagerImpl.java:1311) ~[ozone-manager-1.3.0-SNAPSHOT.jar:?]
	at org.apache.hadoop.ozone.om.KeyManagerImpl.getFileStatus(KeyManagerImpl.java:1241) ~[ozone-manager-1.3.0-SNAPSHOT.jar:?]
	at org.apache.hadoop.ozone.om.OzoneManager.getFileStatus(OzoneManager.java:3468) ~[ozone-manager-1.3.0-SNAPSHOT.jar:?]
	at org.apache.hadoop.ozone.protocolPB.OzoneManagerRequestHandler.getOzoneFileStatus(OzoneManagerRequestHandler.java:882) ~[ozone-manager-1.3.0-SNAPSHOT.jar:?]
	at org.apache.hadoop.ozone.protocolPB.OzoneManagerRequestHandler.handleReadRequest(OzoneManagerRequestHandler.java:228) ~[ozone-manager-1.3.0-SNAPSHOT.jar:?]
	at org.apache.hadoop.ozone.protocolPB.OzoneManagerProtocolServerSideTranslatorPB.submitReadRequestToOM(OzoneManagerProtocolServerSideTranslatorPB.java:226) ~[ozone-manager-1.3.0-SNAPSHOT.jar:?]
	at org.apache.hadoop.ozone.protocolPB.OzoneManagerProtocolServerSideTranslatorPB.processRequest(OzoneManagerProtocolServerSideTranslatorPB.java:175) ~[ozone-manager-1.3.0-SNAPSHOT.jar:?]
	at org.apache.hadoop.hdds.server.OzoneProtocolMessageDispatcher.processRequest(OzoneProtocolMessageDispatcher.java:87) [hdds-server-framework-1.3.0-SNAPSHOT.jar:?]
	at org.apache.hadoop.ozone.protocolPB.OzoneManagerProtocolServerSideTranslatorPB.submitRequest(OzoneManagerProtocolServerSideTranslatorPB.java:147) [ozone-manager-1.3.0-SNAPSHOT.jar:?]
	at org.apache.hadoop.ozone.protocol.proto.OzoneManagerProtocolProtos$OzoneManagerService$2.callBlockingMethod(OzoneManagerProtocolProtos.java) [ozone-interface-client-1.3.0-SNAPSHOT.jar:?]
	at org.apache.hadoop.ipc.ProtobufRpcEngine$Server.processCall(ProtobufRpcEngine.java:466) [hadoop-common-3.3.1.jar:?]
	at org.apache.hadoop.ipc.ProtobufRpcEngine2$Server$ProtoBufRpcInvoker.call(ProtobufRpcEngine2.java:574) [hadoop-common-3.3.1.jar:?]
	at org.apache.hadoop.ipc.ProtobufRpcEngine2$Server$ProtoBufRpcInvoker.call(ProtobufRpcEngine2.java:552) [hadoop-common-3.3.1.jar:?]
	at org.apache.hadoop.ipc.RPC$Server.call(RPC.java:1093) [hadoop-common-3.3.1.jar:?]
	at org.apache.hadoop.ipc.Server$RpcCall.run(Server.java:1035) [hadoop-common-3.3.1.jar:?]
	at org.apache.hadoop.ipc.Server$RpcCall.run(Server.java:963) [hadoop-common-3.3.1.jar:?]
	at java.security.AccessController.doPrivileged(Native Method) ~[?:1.8.0_332]
	at javax.security.auth.Subject.doAs(Subject.java:422) [?:1.8.0_332]
	at org.apache.hadoop.security.UserGroupInformation.doAs(UserGroupInformation.java:1878) [hadoop-common-3.3.1.jar:?]
	at org.apache.hadoop.ipc.Server$Handler.run(Server.java:2966) [hadoop-common-3.3.1.jar:?]
13:50:49.575 [IPC Server handler 10 on default port 45023] ERROR OMAudit - user=runner | ip=127.0.0.1 | op=GET_FILE_STATUS {volume=volume97373, bucket=bucket90848, key=testBatchDelete/parent/childFolder/child5, dataSize=0, replicationConfig=null} | ret=FAILURE
org.apache.hadoop.ozone.om.exceptions.OMException: Unable to get file status: volume: volume97373 bucket: bucket90848 key: testBatchDelete/parent/childFolder/child5
	at org.apache.hadoop.ozone.om.KeyManagerImpl.getOzoneFileStatus(KeyManagerImpl.java:1311) ~[ozone-manager-1.3.0-SNAPSHOT.jar:?]
	at org.apache.hadoop.ozone.om.KeyManagerImpl.getFileStatus(KeyManagerImpl.java:1241) ~[ozone-manager-1.3.0-SNAPSHOT.jar:?]
	at org.apache.hadoop.ozone.om.OzoneManager.getFileStatus(OzoneManager.java:3468) ~[ozone-manager-1.3.0-SNAPSHOT.jar:?]
	at org.apache.hadoop.ozone.protocolPB.OzoneManagerRequestHandler.getOzoneFileStatus(OzoneManagerRequestHandler.java:882) ~[ozone-manager-1.3.0-SNAPSHOT.jar:?]
	at org.apache.hadoop.ozone.protocolPB.OzoneManagerRequestHandler.handleReadRequest(OzoneManagerRequestHandler.java:228) ~[ozone-manager-1.3.0-SNAPSHOT.jar:?]
	at org.apache.hadoop.ozone.protocolPB.OzoneManagerProtocolServerSideTranslatorPB.submitReadRequestToOM(OzoneManagerProtocolServerSideTranslatorPB.java:226) ~[ozone-manager-1.3.0-SNAPSHOT.jar:?]
	at org.apache.hadoop.ozone.protocolPB.OzoneManagerProtocolServerSideTranslatorPB.processRequest(OzoneManagerProtocolServerSideTranslatorPB.java:175) ~[ozone-manager-1.3.0-SNAPSHOT.jar:?]
	at org.apache.hadoop.hdds.server.OzoneProtocolMessageDispatcher.processRequest(OzoneProtocolMessageDispatcher.java:87) [hdds-server-framework-1.3.0-SNAPSHOT.jar:?]
	at org.apache.hadoop.ozone.protocolPB.OzoneManagerProtocolServerSideTranslatorPB.submitRequest(OzoneManagerProtocolServerSideTranslatorPB.java:147) [ozone-manager-1.3.0-SNAPSHOT.jar:?]
	at org.apache.hadoop.ozone.protocol.proto.OzoneManagerProtocolProtos$OzoneManagerService$2.callBlockingMethod(OzoneManagerProtocolProtos.java) [ozone-interface-client-1.3.0-SNAPSHOT.jar:?]
	at org.apache.hadoop.ipc.ProtobufRpcEngine$Server.processCall(ProtobufRpcEngine.java:466) [hadoop-common-3.3.1.jar:?]
	at org.apache.hadoop.ipc.ProtobufRpcEngine2$Server$ProtoBufRpcInvoker.call(ProtobufRpcEngine2.java:574) [hadoop-common-3.3.1.jar:?]
	at org.apache.hadoop.ipc.ProtobufRpcEngine2$Server$ProtoBufRpcInvoker.call(ProtobufRpcEngine2.java:552) [hadoop-common-3.3.1.jar:?]
	at org.apache.hadoop.ipc.RPC$Server.call(RPC.java:1093) [hadoop-common-3.3.1.jar:?]
	at org.apache.hadoop.ipc.Server$RpcCall.run(Server.java:1035) [hadoop-common-3.3.1.jar:?]
	at org.apache.hadoop.ipc.Server$RpcCall.run(Server.java:963) [hadoop-common-3.3.1.jar:?]
	at java.security.AccessController.doPrivileged(Native Method) ~[?:1.8.0_332]
	at javax.security.auth.Subject.doAs(Subject.java:422) [?:1.8.0_332]
	at org.apache.hadoop.security.UserGroupInformation.doAs(UserGroupInformation.java:1878) [hadoop-common-3.3.1.jar:?]
	at org.apache.hadoop.ipc.Server$Handler.run(Server.java:2966) [hadoop-common-3.3.1.jar:?]
13:50:49.576 [IPC Server handler 8 on default port 45023] ERROR OMAudit - user=runner | ip=127.0.0.1 | op=GET_FILE_STATUS {volume=volume97373, bucket=bucket90848, key=testBatchDelete/parent/child6, dataSize=0, replicationConfig=null} | ret=FAILURE
org.apache.hadoop.ozone.om.exceptions.OMException: Unable to get file status: volume: volume97373 bucket: bucket90848 key: testBatchDelete/parent/child6
	at org.apache.hadoop.ozone.om.KeyManagerImpl.getOzoneFileStatus(KeyManagerImpl.java:1311) ~[ozone-manager-1.3.0-SNAPSHOT.jar:?]
	at org.apache.hadoop.ozone.om.KeyManagerImpl.getFileStatus(KeyManagerImpl.java:1241) ~[ozone-manager-1.3.0-SNAPSHOT.jar:?]
	at org.apache.hadoop.ozone.om.OzoneManager.getFileStatus(OzoneManager.java:3468) ~[ozone-manager-1.3.0-SNAPSHOT.jar:?]
	at org.apache.hadoop.ozone.protocolPB.OzoneManagerRequestHandler.getOzoneFileStatus(OzoneManagerRequestHandler.java:882) ~[ozone-manager-1.3.0-SNAPSHOT.jar:?]
	at org.apache.hadoop.ozone.protocolPB.OzoneManagerRequestHandler.handleReadRequest(OzoneManagerRequestHandler.java:228) ~[ozone-manager-1.3.0-SNAPSHOT.jar:?]
	at org.apache.hadoop.ozone.protocolPB.OzoneManagerProtocolServerSideTranslatorPB.submitReadRequestToOM(OzoneManagerProtocolServerSideTranslatorPB.java:226) ~[ozone-manager-1.3.0-SNAPSHOT.jar:?]
	at org.apache.hadoop.ozone.protocolPB.OzoneManagerProtocolServerSideTranslatorPB.processRequest(OzoneManagerProtocolServerSideTranslatorPB.java:175) ~[ozone-manager-1.3.0-SNAPSHOT.jar:?]
	at org.apache.hadoop.hdds.server.OzoneProtocolMessageDispatcher.processRequest(OzoneProtocolMessageDispatcher.java:87) [hdds-server-framework-1.3.0-SNAPSHOT.jar:?]
	at org.apache.hadoop.ozone.protocolPB.OzoneManagerProtocolServerSideTranslatorPB.submitRequest(OzoneManagerProtocolServerSideTranslatorPB.java:147) [ozone-manager-1.3.0-SNAPSHOT.jar:?]
	at org.apache.hadoop.ozone.protocol.proto.OzoneManagerProtocolProtos$OzoneManagerService$2.callBlockingMethod(OzoneManagerProtocolProtos.java) [ozone-interface-client-1.3.0-SNAPSHOT.jar:?]
	at org.apache.hadoop.ipc.ProtobufRpcEngine$Server.processCall(ProtobufRpcEngine.java:466) [hadoop-common-3.3.1.jar:?]
	at org.apache.hadoop.ipc.ProtobufRpcEngine2$Server$ProtoBufRpcInvoker.call(ProtobufRpcEngine2.java:574) [hadoop-common-3.3.1.jar:?]
	at org.apache.hadoop.ipc.ProtobufRpcEngine2$Server$ProtoBufRpcInvoker.call(ProtobufRpcEngine2.java:552) [hadoop-common-3.3.1.jar:?]
	at org.apache.hadoop.ipc.RPC$Server.call(RPC.java:1093) [hadoop-common-3.3.1.jar:?]
	at org.apache.hadoop.ipc.Server$RpcCall.run(Server.java:1035) [hadoop-common-3.3.1.jar:?]
	at org.apache.hadoop.ipc.Server$RpcCall.run(Server.java:963) [hadoop-common-3.3.1.jar:?]
	at java.security.AccessController.doPrivileged(Native Method) ~[?:1.8.0_332]
	at javax.security.auth.Subject.doAs(Subject.java:422) [?:1.8.0_332]
	at org.apache.hadoop.security.UserGroupInformation.doAs(UserGroupInformation.java:1878) [hadoop-common-3.3.1.jar:?]
	at org.apache.hadoop.ipc.Server$Handler.run(Server.java:2966) [hadoop-common-3.3.1.jar:?]
13:50:49.576 [IPC Server handler 5 on default port 45023] ERROR OMAudit - user=runner | ip=127.0.0.1 | op=GET_FILE_STATUS {volume=volume97373, bucket=bucket90848, key=testBatchDelete/parent/childFolder/child6, dataSize=0, replicationConfig=null} | ret=FAILURE
org.apache.hadoop.ozone.om.exceptions.OMException: Unable to get file status: volume: volume97373 bucket: bucket90848 key: testBatchDelete/parent/childFolder/child6
	at org.apache.hadoop.ozone.om.KeyManagerImpl.getOzoneFileStatus(KeyManagerImpl.java:1311) ~[ozone-manager-1.3.0-SNAPSHOT.jar:?]
	at org.apache.hadoop.ozone.om.KeyManagerImpl.getFileStatus(KeyManagerImpl.java:1241) ~[ozone-manager-1.3.0-SNAPSHOT.jar:?]
	at org.apache.hadoop.ozone.om.OzoneManager.getFileStatus(OzoneManager.java:3468) ~[ozone-manager-1.3.0-SNAPSHOT.jar:?]
	at org.apache.hadoop.ozone.protocolPB.OzoneManagerRequestHandler.getOzoneFileStatus(OzoneManagerRequestHandler.java:882) ~[ozone-manager-1.3.0-SNAPSHOT.jar:?]
	at org.apache.hadoop.ozone.protocolPB.OzoneManagerRequestHandler.handleReadRequest(OzoneManagerRequestHandler.java:228) ~[ozone-manager-1.3.0-SNAPSHOT.jar:?]
	at org.apache.hadoop.ozone.protocolPB.OzoneManagerProtocolServerSideTranslatorPB.submitReadRequestToOM(OzoneManagerProtocolServerSideTranslatorPB.java:226) ~[ozone-manager-1.3.0-SNAPSHOT.jar:?]
	at org.apache.hadoop.ozone.protocolPB.OzoneManagerProtocolServerSideTranslatorPB.processRequest(OzoneManagerProtocolServerSideTranslatorPB.java:175) ~[ozone-manager-1.3.0-SNAPSHOT.jar:?]
	at org.apache.hadoop.hdds.server.OzoneProtocolMessageDispatcher.processRequest(OzoneProtocolMessageDispatcher.java:87) [hdds-server-framework-1.3.0-SNAPSHOT.jar:?]
	at org.apache.hadoop.ozone.protocolPB.OzoneManagerProtocolServerSideTranslatorPB.submitRequest(OzoneManagerProtocolServerSideTranslatorPB.java:147) [ozone-manager-1.3.0-SNAPSHOT.jar:?]
	at org.apache.hadoop.ozone.protocol.proto.OzoneManagerProtocolProtos$OzoneManagerService$2.callBlockingMethod(OzoneManagerProtocolProtos.java) [ozone-interface-client-1.3.0-SNAPSHOT.jar:?]
	at org.apache.hadoop.ipc.ProtobufRpcEngine$Server.processCall(ProtobufRpcEngine.java:466) [hadoop-common-3.3.1.jar:?]
	at org.apache.hadoop.ipc.ProtobufRpcEngine2$Server$ProtoBufRpcInvoker.call(ProtobufRpcEngine2.java:574) [hadoop-common-3.3.1.jar:?]
	at org.apache.hadoop.ipc.ProtobufRpcEngine2$Server$ProtoBufRpcInvoker.call(ProtobufRpcEngine2.java:552) [hadoop-common-3.3.1.jar:?]
	at org.apache.hadoop.ipc.RPC$Server.call(RPC.java:1093) [hadoop-common-3.3.1.jar:?]
	at org.apache.hadoop.ipc.Server$RpcCall.run(Server.java:1035) [hadoop-common-3.3.1.jar:?]
	at org.apache.hadoop.ipc.Server$RpcCall.run(Server.java:963) [hadoop-common-3.3.1.jar:?]
	at java.security.AccessController.doPrivileged(Native Method) ~[?:1.8.0_332]
	at javax.security.auth.Subject.doAs(Subject.java:422) [?:1.8.0_332]
	at org.apache.hadoop.security.UserGroupInformation.doAs(UserGroupInformation.java:1878) [hadoop-common-3.3.1.jar:?]
	at org.apache.hadoop.ipc.Server$Handler.run(Server.java:2966) [hadoop-common-3.3.1.jar:?]
13:50:49.577 [IPC Server handler 1 on default port 45023] ERROR OMAudit - user=runner | ip=127.0.0.1 | op=GET_FILE_STATUS {volume=volume97373, bucket=bucket90848, key=testBatchDelete/parent/child7, dataSize=0, replicationConfig=null} | ret=FAILURE
org.apache.hadoop.ozone.om.exceptions.OMException: Unable to get file status: volume: volume97373 bucket: bucket90848 key: testBatchDelete/parent/child7
	at org.apache.hadoop.ozone.om.KeyManagerImpl.getOzoneFileStatus(KeyManagerImpl.java:1311) ~[ozone-manager-1.3.0-SNAPSHOT.jar:?]
	at org.apache.hadoop.ozone.om.KeyManagerImpl.getFileStatus(KeyManagerImpl.java:1241) ~[ozone-manager-1.3.0-SNAPSHOT.jar:?]
	at org.apache.hadoop.ozone.om.OzoneManager.getFileStatus(OzoneManager.java:3468) ~[ozone-manager-1.3.0-SNAPSHOT.jar:?]
	at org.apache.hadoop.ozone.protocolPB.OzoneManagerRequestHandler.getOzoneFileStatus(OzoneManagerRequestHandler.java:882) ~[ozone-manager-1.3.0-SNAPSHOT.jar:?]
	at org.apache.hadoop.ozone.protocolPB.OzoneManagerRequestHandler.handleReadRequest(OzoneManagerRequestHandler.java:228) ~[ozone-manager-1.3.0-SNAPSHOT.jar:?]
	at org.apache.hadoop.ozone.protocolPB.OzoneManagerProtocolServerSideTranslatorPB.submitReadRequestToOM(OzoneManagerProtocolServerSideTranslatorPB.java:226) ~[ozone-manager-1.3.0-SNAPSHOT.jar:?]
	at org.apache.hadoop.ozone.protocolPB.OzoneManagerProtocolServerSideTranslatorPB.processRequest(OzoneManagerProtocolServerSideTranslatorPB.java:175) ~[ozone-manager-1.3.0-SNAPSHOT.jar:?]
	at org.apache.hadoop.hdds.server.OzoneProtocolMessageDispatcher.processRequest(OzoneProtocolMessageDispatcher.java:87) [hdds-server-framework-1.3.0-SNAPSHOT.jar:?]
	at org.apache.hadoop.ozone.protocolPB.OzoneManagerProtocolServerSideTranslatorPB.submitRequest(OzoneManagerProtocolServerSideTranslatorPB.java:147) [ozone-manager-1.3.0-SNAPSHOT.jar:?]
	at org.apache.hadoop.ozone.protocol.proto.OzoneManagerProtocolProtos$OzoneManagerService$2.callBlockingMethod(OzoneManagerProtocolProtos.java) [ozone-interface-client-1.3.0-SNAPSHOT.jar:?]
	at org.apache.hadoop.ipc.ProtobufRpcEngine$Server.processCall(ProtobufRpcEngine.java:466) [hadoop-common-3.3.1.jar:?]
	at org.apache.hadoop.ipc.ProtobufRpcEngine2$Server$ProtoBufRpcInvoker.call(ProtobufRpcEngine2.java:574) [hadoop-common-3.3.1.jar:?]
	at org.apache.hadoop.ipc.ProtobufRpcEngine2$Server$ProtoBufRpcInvoker.call(ProtobufRpcEngine2.java:552) [hadoop-common-3.3.1.jar:?]
	at org.apache.hadoop.ipc.RPC$Server.call(RPC.java:1093) [hadoop-common-3.3.1.jar:?]
	at org.apache.hadoop.ipc.Server$RpcCall.run(Server.java:1035) [hadoop-common-3.3.1.jar:?]
	at org.apache.hadoop.ipc.Server$RpcCall.run(Server.java:963) [hadoop-common-3.3.1.jar:?]
	at java.security.AccessController.doPrivileged(Native Method) ~[?:1.8.0_332]
	at javax.security.auth.Subject.doAs(Subject.java:422) [?:1.8.0_332]
	at org.apache.hadoop.security.UserGroupInformation.doAs(UserGroupInformation.java:1878) [hadoop-common-3.3.1.jar:?]
	at org.apache.hadoop.ipc.Server$Handler.run(Server.java:2966) [hadoop-common-3.3.1.jar:?]
13:50:49.589 [IPC Server handler 18 on default port 45023] ERROR OMAudit - user=runner | ip=127.0.0.1 | op=GET_FILE_STATUS {volume=volume97373, bucket=bucket90848, key=testBatchDelete/parent/childFolder/child7, dataSize=0, replicationConfig=null} | ret=FAILURE
org.apache.hadoop.ozone.om.exceptions.OMException: Unable to get file status: volume: volume97373 bucket: bucket90848 key: testBatchDelete/parent/childFolder/child7
	at org.apache.hadoop.ozone.om.KeyManagerImpl.getOzoneFileStatus(KeyManagerImpl.java:1311) ~[ozone-manager-1.3.0-SNAPSHOT.jar:?]
	at org.apache.hadoop.ozone.om.KeyManagerImpl.getFileStatus(KeyManagerImpl.java:1241) ~[ozone-manager-1.3.0-SNAPSHOT.jar:?]
	at org.apache.hadoop.ozone.om.OzoneManager.getFileStatus(OzoneManager.java:3468) ~[ozone-manager-1.3.0-SNAPSHOT.jar:?]
	at org.apache.hadoop.ozone.protocolPB.OzoneManagerRequestHandler.getOzoneFileStatus(OzoneManagerRequestHandler.java:882) ~[ozone-manager-1.3.0-SNAPSHOT.jar:?]
	at org.apache.hadoop.ozone.protocolPB.OzoneManagerRequestHandler.handleReadRequest(OzoneManagerRequestHandler.java:228) ~[ozone-manager-1.3.0-SNAPSHOT.jar:?]
	at org.apache.hadoop.ozone.protocolPB.OzoneManagerProtocolServerSideTranslatorPB.submitReadRequestToOM(OzoneManagerProtocolServerSideTranslatorPB.java:226) ~[ozone-manager-1.3.0-SNAPSHOT.jar:?]
	at org.apache.hadoop.ozone.protocolPB.OzoneManagerProtocolServerSideTranslatorPB.processRequest(OzoneManagerProtocolServerSideTranslatorPB.java:175) ~[ozone-manager-1.3.0-SNAPSHOT.jar:?]
	at org.apache.hadoop.hdds.server.OzoneProtocolMessageDispatcher.processRequest(OzoneProtocolMessageDispatcher.java:87) [hdds-server-framework-1.3.0-SNAPSHOT.jar:?]
	at org.apache.hadoop.ozone.protocolPB.OzoneManagerProtocolServerSideTranslatorPB.submitRequest(OzoneManagerProtocolServerSideTranslatorPB.java:147) [ozone-manager-1.3.0-SNAPSHOT.jar:?]
	at org.apache.hadoop.ozone.protocol.proto.OzoneManagerProtocolProtos$OzoneManagerService$2.callBlockingMethod(OzoneManagerProtocolProtos.java) [ozone-interface-client-1.3.0-SNAPSHOT.jar:?]
	at org.apache.hadoop.ipc.ProtobufRpcEngine$Server.processCall(ProtobufRpcEngine.java:466) [hadoop-common-3.3.1.jar:?]
	at org.apache.hadoop.ipc.ProtobufRpcEngine2$Server$ProtoBufRpcInvoker.call(ProtobufRpcEngine2.java:574) [hadoop-common-3.3.1.jar:?]
	at org.apache.hadoop.ipc.ProtobufRpcEngine2$Server$ProtoBufRpcInvoker.call(ProtobufRpcEngine2.java:552) [hadoop-common-3.3.1.jar:?]
	at org.apache.hadoop.ipc.RPC$Server.call(RPC.java:1093) [hadoop-common-3.3.1.jar:?]
	at org.apache.hadoop.ipc.Server$RpcCall.run(Server.java:1035) [hadoop-common-3.3.1.jar:?]
	at org.apache.hadoop.ipc.Server$RpcCall.run(Server.java:963) [hadoop-common-3.3.1.jar:?]
	at java.security.AccessController.doPrivileged(Native Method) ~[?:1.8.0_332]
	at javax.security.auth.Subject.doAs(Subject.java:422) [?:1.8.0_332]
	at org.apache.hadoop.security.UserGroupInformation.doAs(UserGroupInformation.java:1878) [hadoop-common-3.3.1.jar:?]
	at org.apache.hadoop.ipc.Server$Handler.run(Server.java:2966) [hadoop-common-3.3.1.jar:?]
13:50:49.590 [IPC Server handler 3 on default port 45023] ERROR OMAudit - user=runner | ip=127.0.0.1 | op=GET_FILE_STATUS {volume=volume97373, bucket=bucket90848, key=testBatchDelete/parent, dataSize=0, replicationConfig=null} | ret=FAILURE
org.apache.hadoop.ozone.om.exceptions.OMException: Unable to get file status: volume: volume97373 bucket: bucket90848 key: testBatchDelete/parent
	at org.apache.hadoop.ozone.om.KeyManagerImpl.getOzoneFileStatus(KeyManagerImpl.java:1311) ~[ozone-manager-1.3.0-SNAPSHOT.jar:?]
	at org.apache.hadoop.ozone.om.KeyManagerImpl.getFileStatus(KeyManagerImpl.java:1241) ~[ozone-manager-1.3.0-SNAPSHOT.jar:?]
	at org.apache.hadoop.ozone.om.OzoneManager.getFileStatus(OzoneManager.java:3468) ~[ozone-manager-1.3.0-SNAPSHOT.jar:?]
	at org.apache.hadoop.ozone.protocolPB.OzoneManagerRequestHandler.getOzoneFileStatus(OzoneManagerRequestHandler.java:882) ~[ozone-manager-1.3.0-SNAPSHOT.jar:?]
	at org.apache.hadoop.ozone.protocolPB.OzoneManagerRequestHandler.handleReadRequest(OzoneManagerRequestHandler.java:228) ~[ozone-manager-1.3.0-SNAPSHOT.jar:?]
	at org.apache.hadoop.ozone.protocolPB.OzoneManagerProtocolServerSideTranslatorPB.submitReadRequestToOM(OzoneManagerProtocolServerSideTranslatorPB.java:226) ~[ozone-manager-1.3.0-SNAPSHOT.jar:?]
	at org.apache.hadoop.ozone.protocolPB.OzoneManagerProtocolServerSideTranslatorPB.processRequest(OzoneManagerProtocolServerSideTranslatorPB.java:175) ~[ozone-manager-1.3.0-SNAPSHOT.jar:?]
	at org.apache.hadoop.hdds.server.OzoneProtocolMessageDispatcher.processRequest(OzoneProtocolMessageDispatcher.java:87) [hdds-server-framework-1.3.0-SNAPSHOT.jar:?]
	at org.apache.hadoop.ozone.protocolPB.OzoneManagerProtocolServerSideTranslatorPB.submitRequest(OzoneManagerProtocolServerSideTranslatorPB.java:147) [ozone-manager-1.3.0-SNAPSHOT.jar:?]
	at org.apache.hadoop.ozone.protocol.proto.OzoneManagerProtocolProtos$OzoneManagerService$2.callBlockingMethod(OzoneManagerProtocolProtos.java) [ozone-interface-client-1.3.0-SNAPSHOT.jar:?]
	at org.apache.hadoop.ipc.ProtobufRpcEngine$Server.processCall(ProtobufRpcEngine.java:466) [hadoop-common-3.3.1.jar:?]
	at org.apache.hadoop.ipc.ProtobufRpcEngine2$Server$ProtoBufRpcInvoker.call(ProtobufRpcEngine2.java:574) [hadoop-common-3.3.1.jar:?]
	at org.apache.hadoop.ipc.ProtobufRpcEngine2$Server$ProtoBufRpcInvoker.call(ProtobufRpcEngine2.java:552) [hadoop-common-3.3.1.jar:?]
	at org.apache.hadoop.ipc.RPC$Server.call(RPC.java:1093) [hadoop-common-3.3.1.jar:?]
	at org.apache.hadoop.ipc.Server$RpcCall.run(Server.java:1035) [hadoop-common-3.3.1.jar:?]
	at org.apache.hadoop.ipc.Server$RpcCall.run(Server.java:963) [hadoop-common-3.3.1.jar:?]
	at java.security.AccessController.doPrivileged(Native Method) ~[?:1.8.0_332]
	at javax.security.auth.Subject.doAs(Subject.java:422) [?:1.8.0_332]
	at org.apache.hadoop.security.UserGroupInformation.doAs(UserGroupInformation.java:1878) [hadoop-common-3.3.1.jar:?]
	at org.apache.hadoop.ipc.Server$Handler.run(Server.java:2966) [hadoop-common-3.3.1.jar:?]
2022-08-09 13:50:49,591 [Time-limited test] WARN  ozone.BasicRootedOzoneFileSystem (BasicRootedOzoneFileSystem.java:delete(572)) - delete: Path does not exist: /volume97373/bucket90848/testBatchDelete/parent
]]></system-out>
  </testcase>
  <testcase name="testFileDelete" classname="TestRootedOzoneFileSystem" time="0.193">
    <system-out><![CDATA[2022-08-09 13:52:14,559 [Time-limited test] INFO  rpc.RpcClient (RpcClient.java:createVolume(468)) - Creating Volume: volume62399, with user40152 as owner and space quota set to -1 bytes, counts quota set to -1
2022-08-09 13:52:14,560 [IPC Server handler 18 on default port 44079] INFO  volume.OMVolumeCreateRequest (OMVolumeCreateRequest.java:validateAndUpdateCache(195)) - created volume:volume62399 for user:user40152
2022-08-09 13:52:14,572 [Time-limited test] INFO  rpc.RpcClient (RpcClient.java:createBucket(671)) - Creating Bucket: volume62399/bucket30588, with bucket layout LEGACY, runner as owner, Versioning false, Storage Type set to DISK and Encryption set to false 
2022-08-09 13:52:14,576 [IPC Server handler 0 on default port 44079] INFO  bucket.OMBucketCreateRequest (OMBucketCreateRequest.java:validateAndUpdateCache(260)) - created bucket: bucket30588 of layout LEGACY in volume: volume62399
13:52:14.678 [IPC Server handler 6 on default port 44079] ERROR OMAudit - user=runner | ip=127.0.0.1 | op=GET_FILE_STATUS {volume=volume62399, bucket=bucket30588, key=testBatchDelete, dataSize=0, replicationConfig=null} | ret=FAILURE
org.apache.hadoop.ozone.om.exceptions.OMException: Unable to get file status: volume: volume62399 bucket: bucket30588 key: testBatchDelete
	at org.apache.hadoop.ozone.om.KeyManagerImpl.getOzoneFileStatus(KeyManagerImpl.java:1311) ~[ozone-manager-1.3.0-SNAPSHOT.jar:?]
	at org.apache.hadoop.ozone.om.KeyManagerImpl.getFileStatus(KeyManagerImpl.java:1241) ~[ozone-manager-1.3.0-SNAPSHOT.jar:?]
	at org.apache.hadoop.ozone.om.OzoneManager.getFileStatus(OzoneManager.java:3468) ~[ozone-manager-1.3.0-SNAPSHOT.jar:?]
	at org.apache.hadoop.ozone.protocolPB.OzoneManagerRequestHandler.getOzoneFileStatus(OzoneManagerRequestHandler.java:882) ~[ozone-manager-1.3.0-SNAPSHOT.jar:?]
	at org.apache.hadoop.ozone.protocolPB.OzoneManagerRequestHandler.handleReadRequest(OzoneManagerRequestHandler.java:228) ~[ozone-manager-1.3.0-SNAPSHOT.jar:?]
	at org.apache.hadoop.ozone.protocolPB.OzoneManagerProtocolServerSideTranslatorPB.submitRequestDirectlyToOM(OzoneManagerProtocolServerSideTranslatorPB.java:276) ~[ozone-manager-1.3.0-SNAPSHOT.jar:?]
	at org.apache.hadoop.ozone.protocolPB.OzoneManagerProtocolServerSideTranslatorPB.processRequest(OzoneManagerProtocolServerSideTranslatorPB.java:205) ~[ozone-manager-1.3.0-SNAPSHOT.jar:?]
	at org.apache.hadoop.hdds.server.OzoneProtocolMessageDispatcher.processRequest(OzoneProtocolMessageDispatcher.java:87) [hdds-server-framework-1.3.0-SNAPSHOT.jar:?]
	at org.apache.hadoop.ozone.protocolPB.OzoneManagerProtocolServerSideTranslatorPB.submitRequest(OzoneManagerProtocolServerSideTranslatorPB.java:147) [ozone-manager-1.3.0-SNAPSHOT.jar:?]
	at org.apache.hadoop.ozone.protocol.proto.OzoneManagerProtocolProtos$OzoneManagerService$2.callBlockingMethod(OzoneManagerProtocolProtos.java) [ozone-interface-client-1.3.0-SNAPSHOT.jar:?]
	at org.apache.hadoop.ipc.ProtobufRpcEngine$Server.processCall(ProtobufRpcEngine.java:466) [hadoop-common-3.3.1.jar:?]
	at org.apache.hadoop.ipc.ProtobufRpcEngine2$Server$ProtoBufRpcInvoker.call(ProtobufRpcEngine2.java:574) [hadoop-common-3.3.1.jar:?]
	at org.apache.hadoop.ipc.ProtobufRpcEngine2$Server$ProtoBufRpcInvoker.call(ProtobufRpcEngine2.java:552) [hadoop-common-3.3.1.jar:?]
	at org.apache.hadoop.ipc.RPC$Server.call(RPC.java:1093) [hadoop-common-3.3.1.jar:?]
	at org.apache.hadoop.ipc.Server$RpcCall.run(Server.java:1035) [hadoop-common-3.3.1.jar:?]
	at org.apache.hadoop.ipc.Server$RpcCall.run(Server.java:963) [hadoop-common-3.3.1.jar:?]
	at java.security.AccessController.doPrivileged(Native Method) ~[?:1.8.0_332]
	at javax.security.auth.Subject.doAs(Subject.java:422) [?:1.8.0_332]
	at org.apache.hadoop.security.UserGroupInformation.doAs(UserGroupInformation.java:1878) [hadoop-common-3.3.1.jar:?]
	at org.apache.hadoop.ipc.Server$Handler.run(Server.java:2966) [hadoop-common-3.3.1.jar:?]
13:52:14.679 [IPC Server handler 10 on default port 44079] ERROR OMAudit - user=runner | ip=127.0.0.1 | op=GET_FILE_STATUS {volume=volume62399, bucket=bucket30588, key=testBatchDelete/parent/child0, dataSize=0, replicationConfig=null} | ret=FAILURE
org.apache.hadoop.ozone.om.exceptions.OMException: Unable to get file status: volume: volume62399 bucket: bucket30588 key: testBatchDelete/parent/child0
	at org.apache.hadoop.ozone.om.KeyManagerImpl.getOzoneFileStatus(KeyManagerImpl.java:1311) ~[ozone-manager-1.3.0-SNAPSHOT.jar:?]
	at org.apache.hadoop.ozone.om.KeyManagerImpl.getFileStatus(KeyManagerImpl.java:1241) ~[ozone-manager-1.3.0-SNAPSHOT.jar:?]
	at org.apache.hadoop.ozone.om.OzoneManager.getFileStatus(OzoneManager.java:3468) ~[ozone-manager-1.3.0-SNAPSHOT.jar:?]
	at org.apache.hadoop.ozone.protocolPB.OzoneManagerRequestHandler.getOzoneFileStatus(OzoneManagerRequestHandler.java:882) ~[ozone-manager-1.3.0-SNAPSHOT.jar:?]
	at org.apache.hadoop.ozone.protocolPB.OzoneManagerRequestHandler.handleReadRequest(OzoneManagerRequestHandler.java:228) ~[ozone-manager-1.3.0-SNAPSHOT.jar:?]
	at org.apache.hadoop.ozone.protocolPB.OzoneManagerProtocolServerSideTranslatorPB.submitRequestDirectlyToOM(OzoneManagerProtocolServerSideTranslatorPB.java:276) ~[ozone-manager-1.3.0-SNAPSHOT.jar:?]
	at org.apache.hadoop.ozone.protocolPB.OzoneManagerProtocolServerSideTranslatorPB.processRequest(OzoneManagerProtocolServerSideTranslatorPB.java:205) ~[ozone-manager-1.3.0-SNAPSHOT.jar:?]
	at org.apache.hadoop.hdds.server.OzoneProtocolMessageDispatcher.processRequest(OzoneProtocolMessageDispatcher.java:87) [hdds-server-framework-1.3.0-SNAPSHOT.jar:?]
	at org.apache.hadoop.ozone.protocolPB.OzoneManagerProtocolServerSideTranslatorPB.submitRequest(OzoneManagerProtocolServerSideTranslatorPB.java:147) [ozone-manager-1.3.0-SNAPSHOT.jar:?]
	at org.apache.hadoop.ozone.protocol.proto.OzoneManagerProtocolProtos$OzoneManagerService$2.callBlockingMethod(OzoneManagerProtocolProtos.java) [ozone-interface-client-1.3.0-SNAPSHOT.jar:?]
	at org.apache.hadoop.ipc.ProtobufRpcEngine$Server.processCall(ProtobufRpcEngine.java:466) [hadoop-common-3.3.1.jar:?]
	at org.apache.hadoop.ipc.ProtobufRpcEngine2$Server$ProtoBufRpcInvoker.call(ProtobufRpcEngine2.java:574) [hadoop-common-3.3.1.jar:?]
	at org.apache.hadoop.ipc.ProtobufRpcEngine2$Server$ProtoBufRpcInvoker.call(ProtobufRpcEngine2.java:552) [hadoop-common-3.3.1.jar:?]
	at org.apache.hadoop.ipc.RPC$Server.call(RPC.java:1093) [hadoop-common-3.3.1.jar:?]
	at org.apache.hadoop.ipc.Server$RpcCall.run(Server.java:1035) [hadoop-common-3.3.1.jar:?]
	at org.apache.hadoop.ipc.Server$RpcCall.run(Server.java:963) [hadoop-common-3.3.1.jar:?]
	at java.security.AccessController.doPrivileged(Native Method) ~[?:1.8.0_332]
	at javax.security.auth.Subject.doAs(Subject.java:422) [?:1.8.0_332]
	at org.apache.hadoop.security.UserGroupInformation.doAs(UserGroupInformation.java:1878) [hadoop-common-3.3.1.jar:?]
	at org.apache.hadoop.ipc.Server$Handler.run(Server.java:2966) [hadoop-common-3.3.1.jar:?]
13:52:14.680 [IPC Server handler 3 on default port 44079] ERROR OMAudit - user=runner | ip=127.0.0.1 | op=GET_FILE_STATUS {volume=volume62399, bucket=bucket30588, key=testBatchDelete/parent/childFolder/child0, dataSize=0, replicationConfig=null} | ret=FAILURE
org.apache.hadoop.ozone.om.exceptions.OMException: Unable to get file status: volume: volume62399 bucket: bucket30588 key: testBatchDelete/parent/childFolder/child0
	at org.apache.hadoop.ozone.om.KeyManagerImpl.getOzoneFileStatus(KeyManagerImpl.java:1311) ~[ozone-manager-1.3.0-SNAPSHOT.jar:?]
	at org.apache.hadoop.ozone.om.KeyManagerImpl.getFileStatus(KeyManagerImpl.java:1241) ~[ozone-manager-1.3.0-SNAPSHOT.jar:?]
	at org.apache.hadoop.ozone.om.OzoneManager.getFileStatus(OzoneManager.java:3468) ~[ozone-manager-1.3.0-SNAPSHOT.jar:?]
	at org.apache.hadoop.ozone.protocolPB.OzoneManagerRequestHandler.getOzoneFileStatus(OzoneManagerRequestHandler.java:882) ~[ozone-manager-1.3.0-SNAPSHOT.jar:?]
	at org.apache.hadoop.ozone.protocolPB.OzoneManagerRequestHandler.handleReadRequest(OzoneManagerRequestHandler.java:228) ~[ozone-manager-1.3.0-SNAPSHOT.jar:?]
	at org.apache.hadoop.ozone.protocolPB.OzoneManagerProtocolServerSideTranslatorPB.submitRequestDirectlyToOM(OzoneManagerProtocolServerSideTranslatorPB.java:276) ~[ozone-manager-1.3.0-SNAPSHOT.jar:?]
	at org.apache.hadoop.ozone.protocolPB.OzoneManagerProtocolServerSideTranslatorPB.processRequest(OzoneManagerProtocolServerSideTranslatorPB.java:205) ~[ozone-manager-1.3.0-SNAPSHOT.jar:?]
	at org.apache.hadoop.hdds.server.OzoneProtocolMessageDispatcher.processRequest(OzoneProtocolMessageDispatcher.java:87) [hdds-server-framework-1.3.0-SNAPSHOT.jar:?]
	at org.apache.hadoop.ozone.protocolPB.OzoneManagerProtocolServerSideTranslatorPB.submitRequest(OzoneManagerProtocolServerSideTranslatorPB.java:147) [ozone-manager-1.3.0-SNAPSHOT.jar:?]
	at org.apache.hadoop.ozone.protocol.proto.OzoneManagerProtocolProtos$OzoneManagerService$2.callBlockingMethod(OzoneManagerProtocolProtos.java) [ozone-interface-client-1.3.0-SNAPSHOT.jar:?]
	at org.apache.hadoop.ipc.ProtobufRpcEngine$Server.processCall(ProtobufRpcEngine.java:466) [hadoop-common-3.3.1.jar:?]
	at org.apache.hadoop.ipc.ProtobufRpcEngine2$Server$ProtoBufRpcInvoker.call(ProtobufRpcEngine2.java:574) [hadoop-common-3.3.1.jar:?]
	at org.apache.hadoop.ipc.ProtobufRpcEngine2$Server$ProtoBufRpcInvoker.call(ProtobufRpcEngine2.java:552) [hadoop-common-3.3.1.jar:?]
	at org.apache.hadoop.ipc.RPC$Server.call(RPC.java:1093) [hadoop-common-3.3.1.jar:?]
	at org.apache.hadoop.ipc.Server$RpcCall.run(Server.java:1035) [hadoop-common-3.3.1.jar:?]
	at org.apache.hadoop.ipc.Server$RpcCall.run(Server.java:963) [hadoop-common-3.3.1.jar:?]
	at java.security.AccessController.doPrivileged(Native Method) ~[?:1.8.0_332]
	at javax.security.auth.Subject.doAs(Subject.java:422) [?:1.8.0_332]
	at org.apache.hadoop.security.UserGroupInformation.doAs(UserGroupInformation.java:1878) [hadoop-common-3.3.1.jar:?]
	at org.apache.hadoop.ipc.Server$Handler.run(Server.java:2966) [hadoop-common-3.3.1.jar:?]
13:52:14.681 [IPC Server handler 18 on default port 44079] ERROR OMAudit - user=runner | ip=127.0.0.1 | op=GET_FILE_STATUS {volume=volume62399, bucket=bucket30588, key=testBatchDelete/parent/child1, dataSize=0, replicationConfig=null} | ret=FAILURE
org.apache.hadoop.ozone.om.exceptions.OMException: Unable to get file status: volume: volume62399 bucket: bucket30588 key: testBatchDelete/parent/child1
	at org.apache.hadoop.ozone.om.KeyManagerImpl.getOzoneFileStatus(KeyManagerImpl.java:1311) ~[ozone-manager-1.3.0-SNAPSHOT.jar:?]
	at org.apache.hadoop.ozone.om.KeyManagerImpl.getFileStatus(KeyManagerImpl.java:1241) ~[ozone-manager-1.3.0-SNAPSHOT.jar:?]
	at org.apache.hadoop.ozone.om.OzoneManager.getFileStatus(OzoneManager.java:3468) ~[ozone-manager-1.3.0-SNAPSHOT.jar:?]
	at org.apache.hadoop.ozone.protocolPB.OzoneManagerRequestHandler.getOzoneFileStatus(OzoneManagerRequestHandler.java:882) ~[ozone-manager-1.3.0-SNAPSHOT.jar:?]
	at org.apache.hadoop.ozone.protocolPB.OzoneManagerRequestHandler.handleReadRequest(OzoneManagerRequestHandler.java:228) ~[ozone-manager-1.3.0-SNAPSHOT.jar:?]
	at org.apache.hadoop.ozone.protocolPB.OzoneManagerProtocolServerSideTranslatorPB.submitRequestDirectlyToOM(OzoneManagerProtocolServerSideTranslatorPB.java:276) ~[ozone-manager-1.3.0-SNAPSHOT.jar:?]
	at org.apache.hadoop.ozone.protocolPB.OzoneManagerProtocolServerSideTranslatorPB.processRequest(OzoneManagerProtocolServerSideTranslatorPB.java:205) ~[ozone-manager-1.3.0-SNAPSHOT.jar:?]
	at org.apache.hadoop.hdds.server.OzoneProtocolMessageDispatcher.processRequest(OzoneProtocolMessageDispatcher.java:87) [hdds-server-framework-1.3.0-SNAPSHOT.jar:?]
	at org.apache.hadoop.ozone.protocolPB.OzoneManagerProtocolServerSideTranslatorPB.submitRequest(OzoneManagerProtocolServerSideTranslatorPB.java:147) [ozone-manager-1.3.0-SNAPSHOT.jar:?]
	at org.apache.hadoop.ozone.protocol.proto.OzoneManagerProtocolProtos$OzoneManagerService$2.callBlockingMethod(OzoneManagerProtocolProtos.java) [ozone-interface-client-1.3.0-SNAPSHOT.jar:?]
	at org.apache.hadoop.ipc.ProtobufRpcEngine$Server.processCall(ProtobufRpcEngine.java:466) [hadoop-common-3.3.1.jar:?]
	at org.apache.hadoop.ipc.ProtobufRpcEngine2$Server$ProtoBufRpcInvoker.call(ProtobufRpcEngine2.java:574) [hadoop-common-3.3.1.jar:?]
	at org.apache.hadoop.ipc.ProtobufRpcEngine2$Server$ProtoBufRpcInvoker.call(ProtobufRpcEngine2.java:552) [hadoop-common-3.3.1.jar:?]
	at org.apache.hadoop.ipc.RPC$Server.call(RPC.java:1093) [hadoop-common-3.3.1.jar:?]
	at org.apache.hadoop.ipc.Server$RpcCall.run(Server.java:1035) [hadoop-common-3.3.1.jar:?]
	at org.apache.hadoop.ipc.Server$RpcCall.run(Server.java:963) [hadoop-common-3.3.1.jar:?]
	at java.security.AccessController.doPrivileged(Native Method) ~[?:1.8.0_332]
	at javax.security.auth.Subject.doAs(Subject.java:422) [?:1.8.0_332]
	at org.apache.hadoop.security.UserGroupInformation.doAs(UserGroupInformation.java:1878) [hadoop-common-3.3.1.jar:?]
	at org.apache.hadoop.ipc.Server$Handler.run(Server.java:2966) [hadoop-common-3.3.1.jar:?]
13:52:14.682 [IPC Server handler 0 on default port 44079] ERROR OMAudit - user=runner | ip=127.0.0.1 | op=GET_FILE_STATUS {volume=volume62399, bucket=bucket30588, key=testBatchDelete/parent/childFolder/child1, dataSize=0, replicationConfig=null} | ret=FAILURE
org.apache.hadoop.ozone.om.exceptions.OMException: Unable to get file status: volume: volume62399 bucket: bucket30588 key: testBatchDelete/parent/childFolder/child1
	at org.apache.hadoop.ozone.om.KeyManagerImpl.getOzoneFileStatus(KeyManagerImpl.java:1311) ~[ozone-manager-1.3.0-SNAPSHOT.jar:?]
	at org.apache.hadoop.ozone.om.KeyManagerImpl.getFileStatus(KeyManagerImpl.java:1241) ~[ozone-manager-1.3.0-SNAPSHOT.jar:?]
	at org.apache.hadoop.ozone.om.OzoneManager.getFileStatus(OzoneManager.java:3468) ~[ozone-manager-1.3.0-SNAPSHOT.jar:?]
	at org.apache.hadoop.ozone.protocolPB.OzoneManagerRequestHandler.getOzoneFileStatus(OzoneManagerRequestHandler.java:882) ~[ozone-manager-1.3.0-SNAPSHOT.jar:?]
	at org.apache.hadoop.ozone.protocolPB.OzoneManagerRequestHandler.handleReadRequest(OzoneManagerRequestHandler.java:228) ~[ozone-manager-1.3.0-SNAPSHOT.jar:?]
	at org.apache.hadoop.ozone.protocolPB.OzoneManagerProtocolServerSideTranslatorPB.submitRequestDirectlyToOM(OzoneManagerProtocolServerSideTranslatorPB.java:276) ~[ozone-manager-1.3.0-SNAPSHOT.jar:?]
	at org.apache.hadoop.ozone.protocolPB.OzoneManagerProtocolServerSideTranslatorPB.processRequest(OzoneManagerProtocolServerSideTranslatorPB.java:205) ~[ozone-manager-1.3.0-SNAPSHOT.jar:?]
	at org.apache.hadoop.hdds.server.OzoneProtocolMessageDispatcher.processRequest(OzoneProtocolMessageDispatcher.java:87) [hdds-server-framework-1.3.0-SNAPSHOT.jar:?]
	at org.apache.hadoop.ozone.protocolPB.OzoneManagerProtocolServerSideTranslatorPB.submitRequest(OzoneManagerProtocolServerSideTranslatorPB.java:147) [ozone-manager-1.3.0-SNAPSHOT.jar:?]
	at org.apache.hadoop.ozone.protocol.proto.OzoneManagerProtocolProtos$OzoneManagerService$2.callBlockingMethod(OzoneManagerProtocolProtos.java) [ozone-interface-client-1.3.0-SNAPSHOT.jar:?]
	at org.apache.hadoop.ipc.ProtobufRpcEngine$Server.processCall(ProtobufRpcEngine.java:466) [hadoop-common-3.3.1.jar:?]
	at org.apache.hadoop.ipc.ProtobufRpcEngine2$Server$ProtoBufRpcInvoker.call(ProtobufRpcEngine2.java:574) [hadoop-common-3.3.1.jar:?]
	at org.apache.hadoop.ipc.ProtobufRpcEngine2$Server$ProtoBufRpcInvoker.call(ProtobufRpcEngine2.java:552) [hadoop-common-3.3.1.jar:?]
	at org.apache.hadoop.ipc.RPC$Server.call(RPC.java:1093) [hadoop-common-3.3.1.jar:?]
	at org.apache.hadoop.ipc.Server$RpcCall.run(Server.java:1035) [hadoop-common-3.3.1.jar:?]
	at org.apache.hadoop.ipc.Server$RpcCall.run(Server.java:963) [hadoop-common-3.3.1.jar:?]
	at java.security.AccessController.doPrivileged(Native Method) ~[?:1.8.0_332]
	at javax.security.auth.Subject.doAs(Subject.java:422) [?:1.8.0_332]
	at org.apache.hadoop.security.UserGroupInformation.doAs(UserGroupInformation.java:1878) [hadoop-common-3.3.1.jar:?]
	at org.apache.hadoop.ipc.Server$Handler.run(Server.java:2966) [hadoop-common-3.3.1.jar:?]
13:52:14.682 [IPC Server handler 13 on default port 44079] ERROR OMAudit - user=runner | ip=127.0.0.1 | op=GET_FILE_STATUS {volume=volume62399, bucket=bucket30588, key=testBatchDelete/parent/child2, dataSize=0, replicationConfig=null} | ret=FAILURE
org.apache.hadoop.ozone.om.exceptions.OMException: Unable to get file status: volume: volume62399 bucket: bucket30588 key: testBatchDelete/parent/child2
	at org.apache.hadoop.ozone.om.KeyManagerImpl.getOzoneFileStatus(KeyManagerImpl.java:1311) ~[ozone-manager-1.3.0-SNAPSHOT.jar:?]
	at org.apache.hadoop.ozone.om.KeyManagerImpl.getFileStatus(KeyManagerImpl.java:1241) ~[ozone-manager-1.3.0-SNAPSHOT.jar:?]
	at org.apache.hadoop.ozone.om.OzoneManager.getFileStatus(OzoneManager.java:3468) ~[ozone-manager-1.3.0-SNAPSHOT.jar:?]
	at org.apache.hadoop.ozone.protocolPB.OzoneManagerRequestHandler.getOzoneFileStatus(OzoneManagerRequestHandler.java:882) ~[ozone-manager-1.3.0-SNAPSHOT.jar:?]
	at org.apache.hadoop.ozone.protocolPB.OzoneManagerRequestHandler.handleReadRequest(OzoneManagerRequestHandler.java:228) ~[ozone-manager-1.3.0-SNAPSHOT.jar:?]
	at org.apache.hadoop.ozone.protocolPB.OzoneManagerProtocolServerSideTranslatorPB.submitRequestDirectlyToOM(OzoneManagerProtocolServerSideTranslatorPB.java:276) ~[ozone-manager-1.3.0-SNAPSHOT.jar:?]
	at org.apache.hadoop.ozone.protocolPB.OzoneManagerProtocolServerSideTranslatorPB.processRequest(OzoneManagerProtocolServerSideTranslatorPB.java:205) ~[ozone-manager-1.3.0-SNAPSHOT.jar:?]
	at org.apache.hadoop.hdds.server.OzoneProtocolMessageDispatcher.processRequest(OzoneProtocolMessageDispatcher.java:87) [hdds-server-framework-1.3.0-SNAPSHOT.jar:?]
	at org.apache.hadoop.ozone.protocolPB.OzoneManagerProtocolServerSideTranslatorPB.submitRequest(OzoneManagerProtocolServerSideTranslatorPB.java:147) [ozone-manager-1.3.0-SNAPSHOT.jar:?]
	at org.apache.hadoop.ozone.protocol.proto.OzoneManagerProtocolProtos$OzoneManagerService$2.callBlockingMethod(OzoneManagerProtocolProtos.java) [ozone-interface-client-1.3.0-SNAPSHOT.jar:?]
	at org.apache.hadoop.ipc.ProtobufRpcEngine$Server.processCall(ProtobufRpcEngine.java:466) [hadoop-common-3.3.1.jar:?]
	at org.apache.hadoop.ipc.ProtobufRpcEngine2$Server$ProtoBufRpcInvoker.call(ProtobufRpcEngine2.java:574) [hadoop-common-3.3.1.jar:?]
	at org.apache.hadoop.ipc.ProtobufRpcEngine2$Server$ProtoBufRpcInvoker.call(ProtobufRpcEngine2.java:552) [hadoop-common-3.3.1.jar:?]
	at org.apache.hadoop.ipc.RPC$Server.call(RPC.java:1093) [hadoop-common-3.3.1.jar:?]
	at org.apache.hadoop.ipc.Server$RpcCall.run(Server.java:1035) [hadoop-common-3.3.1.jar:?]
	at org.apache.hadoop.ipc.Server$RpcCall.run(Server.java:963) [hadoop-common-3.3.1.jar:?]
	at java.security.AccessController.doPrivileged(Native Method) ~[?:1.8.0_332]
	at javax.security.auth.Subject.doAs(Subject.java:422) [?:1.8.0_332]
	at org.apache.hadoop.security.UserGroupInformation.doAs(UserGroupInformation.java:1878) [hadoop-common-3.3.1.jar:?]
	at org.apache.hadoop.ipc.Server$Handler.run(Server.java:2966) [hadoop-common-3.3.1.jar:?]
13:52:14.683 [IPC Server handler 15 on default port 44079] ERROR OMAudit - user=runner | ip=127.0.0.1 | op=GET_FILE_STATUS {volume=volume62399, bucket=bucket30588, key=testBatchDelete/parent/childFolder/child2, dataSize=0, replicationConfig=null} | ret=FAILURE
org.apache.hadoop.ozone.om.exceptions.OMException: Unable to get file status: volume: volume62399 bucket: bucket30588 key: testBatchDelete/parent/childFolder/child2
	at org.apache.hadoop.ozone.om.KeyManagerImpl.getOzoneFileStatus(KeyManagerImpl.java:1311) ~[ozone-manager-1.3.0-SNAPSHOT.jar:?]
	at org.apache.hadoop.ozone.om.KeyManagerImpl.getFileStatus(KeyManagerImpl.java:1241) ~[ozone-manager-1.3.0-SNAPSHOT.jar:?]
	at org.apache.hadoop.ozone.om.OzoneManager.getFileStatus(OzoneManager.java:3468) ~[ozone-manager-1.3.0-SNAPSHOT.jar:?]
	at org.apache.hadoop.ozone.protocolPB.OzoneManagerRequestHandler.getOzoneFileStatus(OzoneManagerRequestHandler.java:882) ~[ozone-manager-1.3.0-SNAPSHOT.jar:?]
	at org.apache.hadoop.ozone.protocolPB.OzoneManagerRequestHandler.handleReadRequest(OzoneManagerRequestHandler.java:228) ~[ozone-manager-1.3.0-SNAPSHOT.jar:?]
	at org.apache.hadoop.ozone.protocolPB.OzoneManagerProtocolServerSideTranslatorPB.submitRequestDirectlyToOM(OzoneManagerProtocolServerSideTranslatorPB.java:276) ~[ozone-manager-1.3.0-SNAPSHOT.jar:?]
	at org.apache.hadoop.ozone.protocolPB.OzoneManagerProtocolServerSideTranslatorPB.processRequest(OzoneManagerProtocolServerSideTranslatorPB.java:205) ~[ozone-manager-1.3.0-SNAPSHOT.jar:?]
	at org.apache.hadoop.hdds.server.OzoneProtocolMessageDispatcher.processRequest(OzoneProtocolMessageDispatcher.java:87) [hdds-server-framework-1.3.0-SNAPSHOT.jar:?]
	at org.apache.hadoop.ozone.protocolPB.OzoneManagerProtocolServerSideTranslatorPB.submitRequest(OzoneManagerProtocolServerSideTranslatorPB.java:147) [ozone-manager-1.3.0-SNAPSHOT.jar:?]
	at org.apache.hadoop.ozone.protocol.proto.OzoneManagerProtocolProtos$OzoneManagerService$2.callBlockingMethod(OzoneManagerProtocolProtos.java) [ozone-interface-client-1.3.0-SNAPSHOT.jar:?]
	at org.apache.hadoop.ipc.ProtobufRpcEngine$Server.processCall(ProtobufRpcEngine.java:466) [hadoop-common-3.3.1.jar:?]
	at org.apache.hadoop.ipc.ProtobufRpcEngine2$Server$ProtoBufRpcInvoker.call(ProtobufRpcEngine2.java:574) [hadoop-common-3.3.1.jar:?]
	at org.apache.hadoop.ipc.ProtobufRpcEngine2$Server$ProtoBufRpcInvoker.call(ProtobufRpcEngine2.java:552) [hadoop-common-3.3.1.jar:?]
	at org.apache.hadoop.ipc.RPC$Server.call(RPC.java:1093) [hadoop-common-3.3.1.jar:?]
	at org.apache.hadoop.ipc.Server$RpcCall.run(Server.java:1035) [hadoop-common-3.3.1.jar:?]
	at org.apache.hadoop.ipc.Server$RpcCall.run(Server.java:963) [hadoop-common-3.3.1.jar:?]
	at java.security.AccessController.doPrivileged(Native Method) ~[?:1.8.0_332]
	at javax.security.auth.Subject.doAs(Subject.java:422) [?:1.8.0_332]
	at org.apache.hadoop.security.UserGroupInformation.doAs(UserGroupInformation.java:1878) [hadoop-common-3.3.1.jar:?]
	at org.apache.hadoop.ipc.Server$Handler.run(Server.java:2966) [hadoop-common-3.3.1.jar:?]
13:52:14.683 [IPC Server handler 16 on default port 44079] ERROR OMAudit - user=runner | ip=127.0.0.1 | op=GET_FILE_STATUS {volume=volume62399, bucket=bucket30588, key=testBatchDelete/parent/child3, dataSize=0, replicationConfig=null} | ret=FAILURE
org.apache.hadoop.ozone.om.exceptions.OMException: Unable to get file status: volume: volume62399 bucket: bucket30588 key: testBatchDelete/parent/child3
	at org.apache.hadoop.ozone.om.KeyManagerImpl.getOzoneFileStatus(KeyManagerImpl.java:1311) ~[ozone-manager-1.3.0-SNAPSHOT.jar:?]
	at org.apache.hadoop.ozone.om.KeyManagerImpl.getFileStatus(KeyManagerImpl.java:1241) ~[ozone-manager-1.3.0-SNAPSHOT.jar:?]
	at org.apache.hadoop.ozone.om.OzoneManager.getFileStatus(OzoneManager.java:3468) ~[ozone-manager-1.3.0-SNAPSHOT.jar:?]
	at org.apache.hadoop.ozone.protocolPB.OzoneManagerRequestHandler.getOzoneFileStatus(OzoneManagerRequestHandler.java:882) ~[ozone-manager-1.3.0-SNAPSHOT.jar:?]
	at org.apache.hadoop.ozone.protocolPB.OzoneManagerRequestHandler.handleReadRequest(OzoneManagerRequestHandler.java:228) ~[ozone-manager-1.3.0-SNAPSHOT.jar:?]
	at org.apache.hadoop.ozone.protocolPB.OzoneManagerProtocolServerSideTranslatorPB.submitRequestDirectlyToOM(OzoneManagerProtocolServerSideTranslatorPB.java:276) ~[ozone-manager-1.3.0-SNAPSHOT.jar:?]
	at org.apache.hadoop.ozone.protocolPB.OzoneManagerProtocolServerSideTranslatorPB.processRequest(OzoneManagerProtocolServerSideTranslatorPB.java:205) ~[ozone-manager-1.3.0-SNAPSHOT.jar:?]
	at org.apache.hadoop.hdds.server.OzoneProtocolMessageDispatcher.processRequest(OzoneProtocolMessageDispatcher.java:87) [hdds-server-framework-1.3.0-SNAPSHOT.jar:?]
	at org.apache.hadoop.ozone.protocolPB.OzoneManagerProtocolServerSideTranslatorPB.submitRequest(OzoneManagerProtocolServerSideTranslatorPB.java:147) [ozone-manager-1.3.0-SNAPSHOT.jar:?]
	at org.apache.hadoop.ozone.protocol.proto.OzoneManagerProtocolProtos$OzoneManagerService$2.callBlockingMethod(OzoneManagerProtocolProtos.java) [ozone-interface-client-1.3.0-SNAPSHOT.jar:?]
	at org.apache.hadoop.ipc.ProtobufRpcEngine$Server.processCall(ProtobufRpcEngine.java:466) [hadoop-common-3.3.1.jar:?]
	at org.apache.hadoop.ipc.ProtobufRpcEngine2$Server$ProtoBufRpcInvoker.call(ProtobufRpcEngine2.java:574) [hadoop-common-3.3.1.jar:?]
	at org.apache.hadoop.ipc.ProtobufRpcEngine2$Server$ProtoBufRpcInvoker.call(ProtobufRpcEngine2.java:552) [hadoop-common-3.3.1.jar:?]
	at org.apache.hadoop.ipc.RPC$Server.call(RPC.java:1093) [hadoop-common-3.3.1.jar:?]
	at org.apache.hadoop.ipc.Server$RpcCall.run(Server.java:1035) [hadoop-common-3.3.1.jar:?]
	at org.apache.hadoop.ipc.Server$RpcCall.run(Server.java:963) [hadoop-common-3.3.1.jar:?]
	at java.security.AccessController.doPrivileged(Native Method) ~[?:1.8.0_332]
	at javax.security.auth.Subject.doAs(Subject.java:422) [?:1.8.0_332]
	at org.apache.hadoop.security.UserGroupInformation.doAs(UserGroupInformation.java:1878) [hadoop-common-3.3.1.jar:?]
	at org.apache.hadoop.ipc.Server$Handler.run(Server.java:2966) [hadoop-common-3.3.1.jar:?]
13:52:14.684 [IPC Server handler 11 on default port 44079] ERROR OMAudit - user=runner | ip=127.0.0.1 | op=GET_FILE_STATUS {volume=volume62399, bucket=bucket30588, key=testBatchDelete/parent/childFolder/child3, dataSize=0, replicationConfig=null} | ret=FAILURE
org.apache.hadoop.ozone.om.exceptions.OMException: Unable to get file status: volume: volume62399 bucket: bucket30588 key: testBatchDelete/parent/childFolder/child3
	at org.apache.hadoop.ozone.om.KeyManagerImpl.getOzoneFileStatus(KeyManagerImpl.java:1311) ~[ozone-manager-1.3.0-SNAPSHOT.jar:?]
	at org.apache.hadoop.ozone.om.KeyManagerImpl.getFileStatus(KeyManagerImpl.java:1241) ~[ozone-manager-1.3.0-SNAPSHOT.jar:?]
	at org.apache.hadoop.ozone.om.OzoneManager.getFileStatus(OzoneManager.java:3468) ~[ozone-manager-1.3.0-SNAPSHOT.jar:?]
	at org.apache.hadoop.ozone.protocolPB.OzoneManagerRequestHandler.getOzoneFileStatus(OzoneManagerRequestHandler.java:882) ~[ozone-manager-1.3.0-SNAPSHOT.jar:?]
	at org.apache.hadoop.ozone.protocolPB.OzoneManagerRequestHandler.handleReadRequest(OzoneManagerRequestHandler.java:228) ~[ozone-manager-1.3.0-SNAPSHOT.jar:?]
	at org.apache.hadoop.ozone.protocolPB.OzoneManagerProtocolServerSideTranslatorPB.submitRequestDirectlyToOM(OzoneManagerProtocolServerSideTranslatorPB.java:276) ~[ozone-manager-1.3.0-SNAPSHOT.jar:?]
	at org.apache.hadoop.ozone.protocolPB.OzoneManagerProtocolServerSideTranslatorPB.processRequest(OzoneManagerProtocolServerSideTranslatorPB.java:205) ~[ozone-manager-1.3.0-SNAPSHOT.jar:?]
	at org.apache.hadoop.hdds.server.OzoneProtocolMessageDispatcher.processRequest(OzoneProtocolMessageDispatcher.java:87) [hdds-server-framework-1.3.0-SNAPSHOT.jar:?]
	at org.apache.hadoop.ozone.protocolPB.OzoneManagerProtocolServerSideTranslatorPB.submitRequest(OzoneManagerProtocolServerSideTranslatorPB.java:147) [ozone-manager-1.3.0-SNAPSHOT.jar:?]
	at org.apache.hadoop.ozone.protocol.proto.OzoneManagerProtocolProtos$OzoneManagerService$2.callBlockingMethod(OzoneManagerProtocolProtos.java) [ozone-interface-client-1.3.0-SNAPSHOT.jar:?]
	at org.apache.hadoop.ipc.ProtobufRpcEngine$Server.processCall(ProtobufRpcEngine.java:466) [hadoop-common-3.3.1.jar:?]
	at org.apache.hadoop.ipc.ProtobufRpcEngine2$Server$ProtoBufRpcInvoker.call(ProtobufRpcEngine2.java:574) [hadoop-common-3.3.1.jar:?]
	at org.apache.hadoop.ipc.ProtobufRpcEngine2$Server$ProtoBufRpcInvoker.call(ProtobufRpcEngine2.java:552) [hadoop-common-3.3.1.jar:?]
	at org.apache.hadoop.ipc.RPC$Server.call(RPC.java:1093) [hadoop-common-3.3.1.jar:?]
	at org.apache.hadoop.ipc.Server$RpcCall.run(Server.java:1035) [hadoop-common-3.3.1.jar:?]
	at org.apache.hadoop.ipc.Server$RpcCall.run(Server.java:963) [hadoop-common-3.3.1.jar:?]
	at java.security.AccessController.doPrivileged(Native Method) ~[?:1.8.0_332]
	at javax.security.auth.Subject.doAs(Subject.java:422) [?:1.8.0_332]
	at org.apache.hadoop.security.UserGroupInformation.doAs(UserGroupInformation.java:1878) [hadoop-common-3.3.1.jar:?]
	at org.apache.hadoop.ipc.Server$Handler.run(Server.java:2966) [hadoop-common-3.3.1.jar:?]
13:52:14.685 [IPC Server handler 8 on default port 44079] ERROR OMAudit - user=runner | ip=127.0.0.1 | op=GET_FILE_STATUS {volume=volume62399, bucket=bucket30588, key=testBatchDelete/parent/child4, dataSize=0, replicationConfig=null} | ret=FAILURE
org.apache.hadoop.ozone.om.exceptions.OMException: Unable to get file status: volume: volume62399 bucket: bucket30588 key: testBatchDelete/parent/child4
	at org.apache.hadoop.ozone.om.KeyManagerImpl.getOzoneFileStatus(KeyManagerImpl.java:1311) ~[ozone-manager-1.3.0-SNAPSHOT.jar:?]
	at org.apache.hadoop.ozone.om.KeyManagerImpl.getFileStatus(KeyManagerImpl.java:1241) ~[ozone-manager-1.3.0-SNAPSHOT.jar:?]
	at org.apache.hadoop.ozone.om.OzoneManager.getFileStatus(OzoneManager.java:3468) ~[ozone-manager-1.3.0-SNAPSHOT.jar:?]
	at org.apache.hadoop.ozone.protocolPB.OzoneManagerRequestHandler.getOzoneFileStatus(OzoneManagerRequestHandler.java:882) ~[ozone-manager-1.3.0-SNAPSHOT.jar:?]
	at org.apache.hadoop.ozone.protocolPB.OzoneManagerRequestHandler.handleReadRequest(OzoneManagerRequestHandler.java:228) ~[ozone-manager-1.3.0-SNAPSHOT.jar:?]
	at org.apache.hadoop.ozone.protocolPB.OzoneManagerProtocolServerSideTranslatorPB.submitRequestDirectlyToOM(OzoneManagerProtocolServerSideTranslatorPB.java:276) ~[ozone-manager-1.3.0-SNAPSHOT.jar:?]
	at org.apache.hadoop.ozone.protocolPB.OzoneManagerProtocolServerSideTranslatorPB.processRequest(OzoneManagerProtocolServerSideTranslatorPB.java:205) ~[ozone-manager-1.3.0-SNAPSHOT.jar:?]
	at org.apache.hadoop.hdds.server.OzoneProtocolMessageDispatcher.processRequest(OzoneProtocolMessageDispatcher.java:87) [hdds-server-framework-1.3.0-SNAPSHOT.jar:?]
	at org.apache.hadoop.ozone.protocolPB.OzoneManagerProtocolServerSideTranslatorPB.submitRequest(OzoneManagerProtocolServerSideTranslatorPB.java:147) [ozone-manager-1.3.0-SNAPSHOT.jar:?]
	at org.apache.hadoop.ozone.protocol.proto.OzoneManagerProtocolProtos$OzoneManagerService$2.callBlockingMethod(OzoneManagerProtocolProtos.java) [ozone-interface-client-1.3.0-SNAPSHOT.jar:?]
	at org.apache.hadoop.ipc.ProtobufRpcEngine$Server.processCall(ProtobufRpcEngine.java:466) [hadoop-common-3.3.1.jar:?]
	at org.apache.hadoop.ipc.ProtobufRpcEngine2$Server$ProtoBufRpcInvoker.call(ProtobufRpcEngine2.java:574) [hadoop-common-3.3.1.jar:?]
	at org.apache.hadoop.ipc.ProtobufRpcEngine2$Server$ProtoBufRpcInvoker.call(ProtobufRpcEngine2.java:552) [hadoop-common-3.3.1.jar:?]
	at org.apache.hadoop.ipc.RPC$Server.call(RPC.java:1093) [hadoop-common-3.3.1.jar:?]
	at org.apache.hadoop.ipc.Server$RpcCall.run(Server.java:1035) [hadoop-common-3.3.1.jar:?]
	at org.apache.hadoop.ipc.Server$RpcCall.run(Server.java:963) [hadoop-common-3.3.1.jar:?]
	at java.security.AccessController.doPrivileged(Native Method) ~[?:1.8.0_332]
	at javax.security.auth.Subject.doAs(Subject.java:422) [?:1.8.0_332]
	at org.apache.hadoop.security.UserGroupInformation.doAs(UserGroupInformation.java:1878) [hadoop-common-3.3.1.jar:?]
	at org.apache.hadoop.ipc.Server$Handler.run(Server.java:2966) [hadoop-common-3.3.1.jar:?]
13:52:14.685 [IPC Server handler 6 on default port 44079] ERROR OMAudit - user=runner | ip=127.0.0.1 | op=GET_FILE_STATUS {volume=volume62399, bucket=bucket30588, key=testBatchDelete/parent/childFolder/child4, dataSize=0, replicationConfig=null} | ret=FAILURE
org.apache.hadoop.ozone.om.exceptions.OMException: Unable to get file status: volume: volume62399 bucket: bucket30588 key: testBatchDelete/parent/childFolder/child4
	at org.apache.hadoop.ozone.om.KeyManagerImpl.getOzoneFileStatus(KeyManagerImpl.java:1311) ~[ozone-manager-1.3.0-SNAPSHOT.jar:?]
	at org.apache.hadoop.ozone.om.KeyManagerImpl.getFileStatus(KeyManagerImpl.java:1241) ~[ozone-manager-1.3.0-SNAPSHOT.jar:?]
	at org.apache.hadoop.ozone.om.OzoneManager.getFileStatus(OzoneManager.java:3468) ~[ozone-manager-1.3.0-SNAPSHOT.jar:?]
	at org.apache.hadoop.ozone.protocolPB.OzoneManagerRequestHandler.getOzoneFileStatus(OzoneManagerRequestHandler.java:882) ~[ozone-manager-1.3.0-SNAPSHOT.jar:?]
	at org.apache.hadoop.ozone.protocolPB.OzoneManagerRequestHandler.handleReadRequest(OzoneManagerRequestHandler.java:228) ~[ozone-manager-1.3.0-SNAPSHOT.jar:?]
	at org.apache.hadoop.ozone.protocolPB.OzoneManagerProtocolServerSideTranslatorPB.submitRequestDirectlyToOM(OzoneManagerProtocolServerSideTranslatorPB.java:276) ~[ozone-manager-1.3.0-SNAPSHOT.jar:?]
	at org.apache.hadoop.ozone.protocolPB.OzoneManagerProtocolServerSideTranslatorPB.processRequest(OzoneManagerProtocolServerSideTranslatorPB.java:205) ~[ozone-manager-1.3.0-SNAPSHOT.jar:?]
	at org.apache.hadoop.hdds.server.OzoneProtocolMessageDispatcher.processRequest(OzoneProtocolMessageDispatcher.java:87) [hdds-server-framework-1.3.0-SNAPSHOT.jar:?]
	at org.apache.hadoop.ozone.protocolPB.OzoneManagerProtocolServerSideTranslatorPB.submitRequest(OzoneManagerProtocolServerSideTranslatorPB.java:147) [ozone-manager-1.3.0-SNAPSHOT.jar:?]
	at org.apache.hadoop.ozone.protocol.proto.OzoneManagerProtocolProtos$OzoneManagerService$2.callBlockingMethod(OzoneManagerProtocolProtos.java) [ozone-interface-client-1.3.0-SNAPSHOT.jar:?]
	at org.apache.hadoop.ipc.ProtobufRpcEngine$Server.processCall(ProtobufRpcEngine.java:466) [hadoop-common-3.3.1.jar:?]
	at org.apache.hadoop.ipc.ProtobufRpcEngine2$Server$ProtoBufRpcInvoker.call(ProtobufRpcEngine2.java:574) [hadoop-common-3.3.1.jar:?]
	at org.apache.hadoop.ipc.ProtobufRpcEngine2$Server$ProtoBufRpcInvoker.call(ProtobufRpcEngine2.java:552) [hadoop-common-3.3.1.jar:?]
	at org.apache.hadoop.ipc.RPC$Server.call(RPC.java:1093) [hadoop-common-3.3.1.jar:?]
	at org.apache.hadoop.ipc.Server$RpcCall.run(Server.java:1035) [hadoop-common-3.3.1.jar:?]
	at org.apache.hadoop.ipc.Server$RpcCall.run(Server.java:963) [hadoop-common-3.3.1.jar:?]
	at java.security.AccessController.doPrivileged(Native Method) ~[?:1.8.0_332]
	at javax.security.auth.Subject.doAs(Subject.java:422) [?:1.8.0_332]
	at org.apache.hadoop.security.UserGroupInformation.doAs(UserGroupInformation.java:1878) [hadoop-common-3.3.1.jar:?]
	at org.apache.hadoop.ipc.Server$Handler.run(Server.java:2966) [hadoop-common-3.3.1.jar:?]
13:52:14.686 [IPC Server handler 10 on default port 44079] ERROR OMAudit - user=runner | ip=127.0.0.1 | op=GET_FILE_STATUS {volume=volume62399, bucket=bucket30588, key=testBatchDelete/parent/child5, dataSize=0, replicationConfig=null} | ret=FAILURE
org.apache.hadoop.ozone.om.exceptions.OMException: Unable to get file status: volume: volume62399 bucket: bucket30588 key: testBatchDelete/parent/child5
	at org.apache.hadoop.ozone.om.KeyManagerImpl.getOzoneFileStatus(KeyManagerImpl.java:1311) ~[ozone-manager-1.3.0-SNAPSHOT.jar:?]
	at org.apache.hadoop.ozone.om.KeyManagerImpl.getFileStatus(KeyManagerImpl.java:1241) ~[ozone-manager-1.3.0-SNAPSHOT.jar:?]
	at org.apache.hadoop.ozone.om.OzoneManager.getFileStatus(OzoneManager.java:3468) ~[ozone-manager-1.3.0-SNAPSHOT.jar:?]
	at org.apache.hadoop.ozone.protocolPB.OzoneManagerRequestHandler.getOzoneFileStatus(OzoneManagerRequestHandler.java:882) ~[ozone-manager-1.3.0-SNAPSHOT.jar:?]
	at org.apache.hadoop.ozone.protocolPB.OzoneManagerRequestHandler.handleReadRequest(OzoneManagerRequestHandler.java:228) ~[ozone-manager-1.3.0-SNAPSHOT.jar:?]
	at org.apache.hadoop.ozone.protocolPB.OzoneManagerProtocolServerSideTranslatorPB.submitRequestDirectlyToOM(OzoneManagerProtocolServerSideTranslatorPB.java:276) ~[ozone-manager-1.3.0-SNAPSHOT.jar:?]
	at org.apache.hadoop.ozone.protocolPB.OzoneManagerProtocolServerSideTranslatorPB.processRequest(OzoneManagerProtocolServerSideTranslatorPB.java:205) ~[ozone-manager-1.3.0-SNAPSHOT.jar:?]
	at org.apache.hadoop.hdds.server.OzoneProtocolMessageDispatcher.processRequest(OzoneProtocolMessageDispatcher.java:87) [hdds-server-framework-1.3.0-SNAPSHOT.jar:?]
	at org.apache.hadoop.ozone.protocolPB.OzoneManagerProtocolServerSideTranslatorPB.submitRequest(OzoneManagerProtocolServerSideTranslatorPB.java:147) [ozone-manager-1.3.0-SNAPSHOT.jar:?]
	at org.apache.hadoop.ozone.protocol.proto.OzoneManagerProtocolProtos$OzoneManagerService$2.callBlockingMethod(OzoneManagerProtocolProtos.java) [ozone-interface-client-1.3.0-SNAPSHOT.jar:?]
	at org.apache.hadoop.ipc.ProtobufRpcEngine$Server.processCall(ProtobufRpcEngine.java:466) [hadoop-common-3.3.1.jar:?]
	at org.apache.hadoop.ipc.ProtobufRpcEngine2$Server$ProtoBufRpcInvoker.call(ProtobufRpcEngine2.java:574) [hadoop-common-3.3.1.jar:?]
	at org.apache.hadoop.ipc.ProtobufRpcEngine2$Server$ProtoBufRpcInvoker.call(ProtobufRpcEngine2.java:552) [hadoop-common-3.3.1.jar:?]
	at org.apache.hadoop.ipc.RPC$Server.call(RPC.java:1093) [hadoop-common-3.3.1.jar:?]
	at org.apache.hadoop.ipc.Server$RpcCall.run(Server.java:1035) [hadoop-common-3.3.1.jar:?]
	at org.apache.hadoop.ipc.Server$RpcCall.run(Server.java:963) [hadoop-common-3.3.1.jar:?]
	at java.security.AccessController.doPrivileged(Native Method) ~[?:1.8.0_332]
	at javax.security.auth.Subject.doAs(Subject.java:422) [?:1.8.0_332]
	at org.apache.hadoop.security.UserGroupInformation.doAs(UserGroupInformation.java:1878) [hadoop-common-3.3.1.jar:?]
	at org.apache.hadoop.ipc.Server$Handler.run(Server.java:2966) [hadoop-common-3.3.1.jar:?]
13:52:14.687 [IPC Server handler 3 on default port 44079] ERROR OMAudit - user=runner | ip=127.0.0.1 | op=GET_FILE_STATUS {volume=volume62399, bucket=bucket30588, key=testBatchDelete/parent/childFolder/child5, dataSize=0, replicationConfig=null} | ret=FAILURE
org.apache.hadoop.ozone.om.exceptions.OMException: Unable to get file status: volume: volume62399 bucket: bucket30588 key: testBatchDelete/parent/childFolder/child5
	at org.apache.hadoop.ozone.om.KeyManagerImpl.getOzoneFileStatus(KeyManagerImpl.java:1311) ~[ozone-manager-1.3.0-SNAPSHOT.jar:?]
	at org.apache.hadoop.ozone.om.KeyManagerImpl.getFileStatus(KeyManagerImpl.java:1241) ~[ozone-manager-1.3.0-SNAPSHOT.jar:?]
	at org.apache.hadoop.ozone.om.OzoneManager.getFileStatus(OzoneManager.java:3468) ~[ozone-manager-1.3.0-SNAPSHOT.jar:?]
	at org.apache.hadoop.ozone.protocolPB.OzoneManagerRequestHandler.getOzoneFileStatus(OzoneManagerRequestHandler.java:882) ~[ozone-manager-1.3.0-SNAPSHOT.jar:?]
	at org.apache.hadoop.ozone.protocolPB.OzoneManagerRequestHandler.handleReadRequest(OzoneManagerRequestHandler.java:228) ~[ozone-manager-1.3.0-SNAPSHOT.jar:?]
	at org.apache.hadoop.ozone.protocolPB.OzoneManagerProtocolServerSideTranslatorPB.submitRequestDirectlyToOM(OzoneManagerProtocolServerSideTranslatorPB.java:276) ~[ozone-manager-1.3.0-SNAPSHOT.jar:?]
	at org.apache.hadoop.ozone.protocolPB.OzoneManagerProtocolServerSideTranslatorPB.processRequest(OzoneManagerProtocolServerSideTranslatorPB.java:205) ~[ozone-manager-1.3.0-SNAPSHOT.jar:?]
	at org.apache.hadoop.hdds.server.OzoneProtocolMessageDispatcher.processRequest(OzoneProtocolMessageDispatcher.java:87) [hdds-server-framework-1.3.0-SNAPSHOT.jar:?]
	at org.apache.hadoop.ozone.protocolPB.OzoneManagerProtocolServerSideTranslatorPB.submitRequest(OzoneManagerProtocolServerSideTranslatorPB.java:147) [ozone-manager-1.3.0-SNAPSHOT.jar:?]
	at org.apache.hadoop.ozone.protocol.proto.OzoneManagerProtocolProtos$OzoneManagerService$2.callBlockingMethod(OzoneManagerProtocolProtos.java) [ozone-interface-client-1.3.0-SNAPSHOT.jar:?]
	at org.apache.hadoop.ipc.ProtobufRpcEngine$Server.processCall(ProtobufRpcEngine.java:466) [hadoop-common-3.3.1.jar:?]
	at org.apache.hadoop.ipc.ProtobufRpcEngine2$Server$ProtoBufRpcInvoker.call(ProtobufRpcEngine2.java:574) [hadoop-common-3.3.1.jar:?]
	at org.apache.hadoop.ipc.ProtobufRpcEngine2$Server$ProtoBufRpcInvoker.call(ProtobufRpcEngine2.java:552) [hadoop-common-3.3.1.jar:?]
	at org.apache.hadoop.ipc.RPC$Server.call(RPC.java:1093) [hadoop-common-3.3.1.jar:?]
	at org.apache.hadoop.ipc.Server$RpcCall.run(Server.java:1035) [hadoop-common-3.3.1.jar:?]
	at org.apache.hadoop.ipc.Server$RpcCall.run(Server.java:963) [hadoop-common-3.3.1.jar:?]
	at java.security.AccessController.doPrivileged(Native Method) ~[?:1.8.0_332]
	at javax.security.auth.Subject.doAs(Subject.java:422) [?:1.8.0_332]
	at org.apache.hadoop.security.UserGroupInformation.doAs(UserGroupInformation.java:1878) [hadoop-common-3.3.1.jar:?]
	at org.apache.hadoop.ipc.Server$Handler.run(Server.java:2966) [hadoop-common-3.3.1.jar:?]
13:52:14.687 [IPC Server handler 18 on default port 44079] ERROR OMAudit - user=runner | ip=127.0.0.1 | op=GET_FILE_STATUS {volume=volume62399, bucket=bucket30588, key=testBatchDelete/parent/child6, dataSize=0, replicationConfig=null} | ret=FAILURE
org.apache.hadoop.ozone.om.exceptions.OMException: Unable to get file status: volume: volume62399 bucket: bucket30588 key: testBatchDelete/parent/child6
	at org.apache.hadoop.ozone.om.KeyManagerImpl.getOzoneFileStatus(KeyManagerImpl.java:1311) ~[ozone-manager-1.3.0-SNAPSHOT.jar:?]
	at org.apache.hadoop.ozone.om.KeyManagerImpl.getFileStatus(KeyManagerImpl.java:1241) ~[ozone-manager-1.3.0-SNAPSHOT.jar:?]
	at org.apache.hadoop.ozone.om.OzoneManager.getFileStatus(OzoneManager.java:3468) ~[ozone-manager-1.3.0-SNAPSHOT.jar:?]
	at org.apache.hadoop.ozone.protocolPB.OzoneManagerRequestHandler.getOzoneFileStatus(OzoneManagerRequestHandler.java:882) ~[ozone-manager-1.3.0-SNAPSHOT.jar:?]
	at org.apache.hadoop.ozone.protocolPB.OzoneManagerRequestHandler.handleReadRequest(OzoneManagerRequestHandler.java:228) ~[ozone-manager-1.3.0-SNAPSHOT.jar:?]
	at org.apache.hadoop.ozone.protocolPB.OzoneManagerProtocolServerSideTranslatorPB.submitRequestDirectlyToOM(OzoneManagerProtocolServerSideTranslatorPB.java:276) ~[ozone-manager-1.3.0-SNAPSHOT.jar:?]
	at org.apache.hadoop.ozone.protocolPB.OzoneManagerProtocolServerSideTranslatorPB.processRequest(OzoneManagerProtocolServerSideTranslatorPB.java:205) ~[ozone-manager-1.3.0-SNAPSHOT.jar:?]
	at org.apache.hadoop.hdds.server.OzoneProtocolMessageDispatcher.processRequest(OzoneProtocolMessageDispatcher.java:87) [hdds-server-framework-1.3.0-SNAPSHOT.jar:?]
	at org.apache.hadoop.ozone.protocolPB.OzoneManagerProtocolServerSideTranslatorPB.submitRequest(OzoneManagerProtocolServerSideTranslatorPB.java:147) [ozone-manager-1.3.0-SNAPSHOT.jar:?]
	at org.apache.hadoop.ozone.protocol.proto.OzoneManagerProtocolProtos$OzoneManagerService$2.callBlockingMethod(OzoneManagerProtocolProtos.java) [ozone-interface-client-1.3.0-SNAPSHOT.jar:?]
	at org.apache.hadoop.ipc.ProtobufRpcEngine$Server.processCall(ProtobufRpcEngine.java:466) [hadoop-common-3.3.1.jar:?]
	at org.apache.hadoop.ipc.ProtobufRpcEngine2$Server$ProtoBufRpcInvoker.call(ProtobufRpcEngine2.java:574) [hadoop-common-3.3.1.jar:?]
	at org.apache.hadoop.ipc.ProtobufRpcEngine2$Server$ProtoBufRpcInvoker.call(ProtobufRpcEngine2.java:552) [hadoop-common-3.3.1.jar:?]
	at org.apache.hadoop.ipc.RPC$Server.call(RPC.java:1093) [hadoop-common-3.3.1.jar:?]
	at org.apache.hadoop.ipc.Server$RpcCall.run(Server.java:1035) [hadoop-common-3.3.1.jar:?]
	at org.apache.hadoop.ipc.Server$RpcCall.run(Server.java:963) [hadoop-common-3.3.1.jar:?]
	at java.security.AccessController.doPrivileged(Native Method) ~[?:1.8.0_332]
	at javax.security.auth.Subject.doAs(Subject.java:422) [?:1.8.0_332]
	at org.apache.hadoop.security.UserGroupInformation.doAs(UserGroupInformation.java:1878) [hadoop-common-3.3.1.jar:?]
	at org.apache.hadoop.ipc.Server$Handler.run(Server.java:2966) [hadoop-common-3.3.1.jar:?]
13:52:14.688 [IPC Server handler 0 on default port 44079] ERROR OMAudit - user=runner | ip=127.0.0.1 | op=GET_FILE_STATUS {volume=volume62399, bucket=bucket30588, key=testBatchDelete/parent/childFolder/child6, dataSize=0, replicationConfig=null} | ret=FAILURE
org.apache.hadoop.ozone.om.exceptions.OMException: Unable to get file status: volume: volume62399 bucket: bucket30588 key: testBatchDelete/parent/childFolder/child6
	at org.apache.hadoop.ozone.om.KeyManagerImpl.getOzoneFileStatus(KeyManagerImpl.java:1311) ~[ozone-manager-1.3.0-SNAPSHOT.jar:?]
	at org.apache.hadoop.ozone.om.KeyManagerImpl.getFileStatus(KeyManagerImpl.java:1241) ~[ozone-manager-1.3.0-SNAPSHOT.jar:?]
	at org.apache.hadoop.ozone.om.OzoneManager.getFileStatus(OzoneManager.java:3468) ~[ozone-manager-1.3.0-SNAPSHOT.jar:?]
	at org.apache.hadoop.ozone.protocolPB.OzoneManagerRequestHandler.getOzoneFileStatus(OzoneManagerRequestHandler.java:882) ~[ozone-manager-1.3.0-SNAPSHOT.jar:?]
	at org.apache.hadoop.ozone.protocolPB.OzoneManagerRequestHandler.handleReadRequest(OzoneManagerRequestHandler.java:228) ~[ozone-manager-1.3.0-SNAPSHOT.jar:?]
	at org.apache.hadoop.ozone.protocolPB.OzoneManagerProtocolServerSideTranslatorPB.submitRequestDirectlyToOM(OzoneManagerProtocolServerSideTranslatorPB.java:276) ~[ozone-manager-1.3.0-SNAPSHOT.jar:?]
	at org.apache.hadoop.ozone.protocolPB.OzoneManagerProtocolServerSideTranslatorPB.processRequest(OzoneManagerProtocolServerSideTranslatorPB.java:205) ~[ozone-manager-1.3.0-SNAPSHOT.jar:?]
	at org.apache.hadoop.hdds.server.OzoneProtocolMessageDispatcher.processRequest(OzoneProtocolMessageDispatcher.java:87) [hdds-server-framework-1.3.0-SNAPSHOT.jar:?]
	at org.apache.hadoop.ozone.protocolPB.OzoneManagerProtocolServerSideTranslatorPB.submitRequest(OzoneManagerProtocolServerSideTranslatorPB.java:147) [ozone-manager-1.3.0-SNAPSHOT.jar:?]
	at org.apache.hadoop.ozone.protocol.proto.OzoneManagerProtocolProtos$OzoneManagerService$2.callBlockingMethod(OzoneManagerProtocolProtos.java) [ozone-interface-client-1.3.0-SNAPSHOT.jar:?]
	at org.apache.hadoop.ipc.ProtobufRpcEngine$Server.processCall(ProtobufRpcEngine.java:466) [hadoop-common-3.3.1.jar:?]
	at org.apache.hadoop.ipc.ProtobufRpcEngine2$Server$ProtoBufRpcInvoker.call(ProtobufRpcEngine2.java:574) [hadoop-common-3.3.1.jar:?]
	at org.apache.hadoop.ipc.ProtobufRpcEngine2$Server$ProtoBufRpcInvoker.call(ProtobufRpcEngine2.java:552) [hadoop-common-3.3.1.jar:?]
	at org.apache.hadoop.ipc.RPC$Server.call(RPC.java:1093) [hadoop-common-3.3.1.jar:?]
	at org.apache.hadoop.ipc.Server$RpcCall.run(Server.java:1035) [hadoop-common-3.3.1.jar:?]
	at org.apache.hadoop.ipc.Server$RpcCall.run(Server.java:963) [hadoop-common-3.3.1.jar:?]
	at java.security.AccessController.doPrivileged(Native Method) ~[?:1.8.0_332]
	at javax.security.auth.Subject.doAs(Subject.java:422) [?:1.8.0_332]
	at org.apache.hadoop.security.UserGroupInformation.doAs(UserGroupInformation.java:1878) [hadoop-common-3.3.1.jar:?]
	at org.apache.hadoop.ipc.Server$Handler.run(Server.java:2966) [hadoop-common-3.3.1.jar:?]
13:52:14.689 [IPC Server handler 13 on default port 44079] ERROR OMAudit - user=runner | ip=127.0.0.1 | op=GET_FILE_STATUS {volume=volume62399, bucket=bucket30588, key=testBatchDelete/parent/child7, dataSize=0, replicationConfig=null} | ret=FAILURE
org.apache.hadoop.ozone.om.exceptions.OMException: Unable to get file status: volume: volume62399 bucket: bucket30588 key: testBatchDelete/parent/child7
	at org.apache.hadoop.ozone.om.KeyManagerImpl.getOzoneFileStatus(KeyManagerImpl.java:1311) ~[ozone-manager-1.3.0-SNAPSHOT.jar:?]
	at org.apache.hadoop.ozone.om.KeyManagerImpl.getFileStatus(KeyManagerImpl.java:1241) ~[ozone-manager-1.3.0-SNAPSHOT.jar:?]
	at org.apache.hadoop.ozone.om.OzoneManager.getFileStatus(OzoneManager.java:3468) ~[ozone-manager-1.3.0-SNAPSHOT.jar:?]
	at org.apache.hadoop.ozone.protocolPB.OzoneManagerRequestHandler.getOzoneFileStatus(OzoneManagerRequestHandler.java:882) ~[ozone-manager-1.3.0-SNAPSHOT.jar:?]
	at org.apache.hadoop.ozone.protocolPB.OzoneManagerRequestHandler.handleReadRequest(OzoneManagerRequestHandler.java:228) ~[ozone-manager-1.3.0-SNAPSHOT.jar:?]
	at org.apache.hadoop.ozone.protocolPB.OzoneManagerProtocolServerSideTranslatorPB.submitRequestDirectlyToOM(OzoneManagerProtocolServerSideTranslatorPB.java:276) ~[ozone-manager-1.3.0-SNAPSHOT.jar:?]
	at org.apache.hadoop.ozone.protocolPB.OzoneManagerProtocolServerSideTranslatorPB.processRequest(OzoneManagerProtocolServerSideTranslatorPB.java:205) ~[ozone-manager-1.3.0-SNAPSHOT.jar:?]
	at org.apache.hadoop.hdds.server.OzoneProtocolMessageDispatcher.processRequest(OzoneProtocolMessageDispatcher.java:87) [hdds-server-framework-1.3.0-SNAPSHOT.jar:?]
	at org.apache.hadoop.ozone.protocolPB.OzoneManagerProtocolServerSideTranslatorPB.submitRequest(OzoneManagerProtocolServerSideTranslatorPB.java:147) [ozone-manager-1.3.0-SNAPSHOT.jar:?]
	at org.apache.hadoop.ozone.protocol.proto.OzoneManagerProtocolProtos$OzoneManagerService$2.callBlockingMethod(OzoneManagerProtocolProtos.java) [ozone-interface-client-1.3.0-SNAPSHOT.jar:?]
	at org.apache.hadoop.ipc.ProtobufRpcEngine$Server.processCall(ProtobufRpcEngine.java:466) [hadoop-common-3.3.1.jar:?]
	at org.apache.hadoop.ipc.ProtobufRpcEngine2$Server$ProtoBufRpcInvoker.call(ProtobufRpcEngine2.java:574) [hadoop-common-3.3.1.jar:?]
	at org.apache.hadoop.ipc.ProtobufRpcEngine2$Server$ProtoBufRpcInvoker.call(ProtobufRpcEngine2.java:552) [hadoop-common-3.3.1.jar:?]
	at org.apache.hadoop.ipc.RPC$Server.call(RPC.java:1093) [hadoop-common-3.3.1.jar:?]
	at org.apache.hadoop.ipc.Server$RpcCall.run(Server.java:1035) [hadoop-common-3.3.1.jar:?]
	at org.apache.hadoop.ipc.Server$RpcCall.run(Server.java:963) [hadoop-common-3.3.1.jar:?]
	at java.security.AccessController.doPrivileged(Native Method) ~[?:1.8.0_332]
	at javax.security.auth.Subject.doAs(Subject.java:422) [?:1.8.0_332]
	at org.apache.hadoop.security.UserGroupInformation.doAs(UserGroupInformation.java:1878) [hadoop-common-3.3.1.jar:?]
	at org.apache.hadoop.ipc.Server$Handler.run(Server.java:2966) [hadoop-common-3.3.1.jar:?]
13:52:14.696 [IPC Server handler 15 on default port 44079] ERROR OMAudit - user=runner | ip=127.0.0.1 | op=GET_FILE_STATUS {volume=volume62399, bucket=bucket30588, key=testBatchDelete/parent/childFolder/child7, dataSize=0, replicationConfig=null} | ret=FAILURE
org.apache.hadoop.ozone.om.exceptions.OMException: Unable to get file status: volume: volume62399 bucket: bucket30588 key: testBatchDelete/parent/childFolder/child7
	at org.apache.hadoop.ozone.om.KeyManagerImpl.getOzoneFileStatus(KeyManagerImpl.java:1311) ~[ozone-manager-1.3.0-SNAPSHOT.jar:?]
	at org.apache.hadoop.ozone.om.KeyManagerImpl.getFileStatus(KeyManagerImpl.java:1241) ~[ozone-manager-1.3.0-SNAPSHOT.jar:?]
	at org.apache.hadoop.ozone.om.OzoneManager.getFileStatus(OzoneManager.java:3468) ~[ozone-manager-1.3.0-SNAPSHOT.jar:?]
	at org.apache.hadoop.ozone.protocolPB.OzoneManagerRequestHandler.getOzoneFileStatus(OzoneManagerRequestHandler.java:882) ~[ozone-manager-1.3.0-SNAPSHOT.jar:?]
	at org.apache.hadoop.ozone.protocolPB.OzoneManagerRequestHandler.handleReadRequest(OzoneManagerRequestHandler.java:228) ~[ozone-manager-1.3.0-SNAPSHOT.jar:?]
	at org.apache.hadoop.ozone.protocolPB.OzoneManagerProtocolServerSideTranslatorPB.submitRequestDirectlyToOM(OzoneManagerProtocolServerSideTranslatorPB.java:276) ~[ozone-manager-1.3.0-SNAPSHOT.jar:?]
	at org.apache.hadoop.ozone.protocolPB.OzoneManagerProtocolServerSideTranslatorPB.processRequest(OzoneManagerProtocolServerSideTranslatorPB.java:205) ~[ozone-manager-1.3.0-SNAPSHOT.jar:?]
	at org.apache.hadoop.hdds.server.OzoneProtocolMessageDispatcher.processRequest(OzoneProtocolMessageDispatcher.java:87) [hdds-server-framework-1.3.0-SNAPSHOT.jar:?]
	at org.apache.hadoop.ozone.protocolPB.OzoneManagerProtocolServerSideTranslatorPB.submitRequest(OzoneManagerProtocolServerSideTranslatorPB.java:147) [ozone-manager-1.3.0-SNAPSHOT.jar:?]
	at org.apache.hadoop.ozone.protocol.proto.OzoneManagerProtocolProtos$OzoneManagerService$2.callBlockingMethod(OzoneManagerProtocolProtos.java) [ozone-interface-client-1.3.0-SNAPSHOT.jar:?]
	at org.apache.hadoop.ipc.ProtobufRpcEngine$Server.processCall(ProtobufRpcEngine.java:466) [hadoop-common-3.3.1.jar:?]
	at org.apache.hadoop.ipc.ProtobufRpcEngine2$Server$ProtoBufRpcInvoker.call(ProtobufRpcEngine2.java:574) [hadoop-common-3.3.1.jar:?]
	at org.apache.hadoop.ipc.ProtobufRpcEngine2$Server$ProtoBufRpcInvoker.call(ProtobufRpcEngine2.java:552) [hadoop-common-3.3.1.jar:?]
	at org.apache.hadoop.ipc.RPC$Server.call(RPC.java:1093) [hadoop-common-3.3.1.jar:?]
	at org.apache.hadoop.ipc.Server$RpcCall.run(Server.java:1035) [hadoop-common-3.3.1.jar:?]
	at org.apache.hadoop.ipc.Server$RpcCall.run(Server.java:963) [hadoop-common-3.3.1.jar:?]
	at java.security.AccessController.doPrivileged(Native Method) ~[?:1.8.0_332]
	at javax.security.auth.Subject.doAs(Subject.java:422) [?:1.8.0_332]
	at org.apache.hadoop.security.UserGroupInformation.doAs(UserGroupInformation.java:1878) [hadoop-common-3.3.1.jar:?]
	at org.apache.hadoop.ipc.Server$Handler.run(Server.java:2966) [hadoop-common-3.3.1.jar:?]
13:52:14.697 [IPC Server handler 16 on default port 44079] ERROR OMAudit - user=runner | ip=127.0.0.1 | op=GET_FILE_STATUS {volume=volume62399, bucket=bucket30588, key=testBatchDelete/parent, dataSize=0, replicationConfig=null} | ret=FAILURE
org.apache.hadoop.ozone.om.exceptions.OMException: Unable to get file status: volume: volume62399 bucket: bucket30588 key: testBatchDelete/parent
	at org.apache.hadoop.ozone.om.KeyManagerImpl.getOzoneFileStatus(KeyManagerImpl.java:1311) ~[ozone-manager-1.3.0-SNAPSHOT.jar:?]
	at org.apache.hadoop.ozone.om.KeyManagerImpl.getFileStatus(KeyManagerImpl.java:1241) ~[ozone-manager-1.3.0-SNAPSHOT.jar:?]
	at org.apache.hadoop.ozone.om.OzoneManager.getFileStatus(OzoneManager.java:3468) ~[ozone-manager-1.3.0-SNAPSHOT.jar:?]
	at org.apache.hadoop.ozone.protocolPB.OzoneManagerRequestHandler.getOzoneFileStatus(OzoneManagerRequestHandler.java:882) ~[ozone-manager-1.3.0-SNAPSHOT.jar:?]
	at org.apache.hadoop.ozone.protocolPB.OzoneManagerRequestHandler.handleReadRequest(OzoneManagerRequestHandler.java:228) ~[ozone-manager-1.3.0-SNAPSHOT.jar:?]
	at org.apache.hadoop.ozone.protocolPB.OzoneManagerProtocolServerSideTranslatorPB.submitRequestDirectlyToOM(OzoneManagerProtocolServerSideTranslatorPB.java:276) ~[ozone-manager-1.3.0-SNAPSHOT.jar:?]
	at org.apache.hadoop.ozone.protocolPB.OzoneManagerProtocolServerSideTranslatorPB.processRequest(OzoneManagerProtocolServerSideTranslatorPB.java:205) ~[ozone-manager-1.3.0-SNAPSHOT.jar:?]
	at org.apache.hadoop.hdds.server.OzoneProtocolMessageDispatcher.processRequest(OzoneProtocolMessageDispatcher.java:87) [hdds-server-framework-1.3.0-SNAPSHOT.jar:?]
	at org.apache.hadoop.ozone.protocolPB.OzoneManagerProtocolServerSideTranslatorPB.submitRequest(OzoneManagerProtocolServerSideTranslatorPB.java:147) [ozone-manager-1.3.0-SNAPSHOT.jar:?]
	at org.apache.hadoop.ozone.protocol.proto.OzoneManagerProtocolProtos$OzoneManagerService$2.callBlockingMethod(OzoneManagerProtocolProtos.java) [ozone-interface-client-1.3.0-SNAPSHOT.jar:?]
	at org.apache.hadoop.ipc.ProtobufRpcEngine$Server.processCall(ProtobufRpcEngine.java:466) [hadoop-common-3.3.1.jar:?]
	at org.apache.hadoop.ipc.ProtobufRpcEngine2$Server$ProtoBufRpcInvoker.call(ProtobufRpcEngine2.java:574) [hadoop-common-3.3.1.jar:?]
	at org.apache.hadoop.ipc.ProtobufRpcEngine2$Server$ProtoBufRpcInvoker.call(ProtobufRpcEngine2.java:552) [hadoop-common-3.3.1.jar:?]
	at org.apache.hadoop.ipc.RPC$Server.call(RPC.java:1093) [hadoop-common-3.3.1.jar:?]
	at org.apache.hadoop.ipc.Server$RpcCall.run(Server.java:1035) [hadoop-common-3.3.1.jar:?]
	at org.apache.hadoop.ipc.Server$RpcCall.run(Server.java:963) [hadoop-common-3.3.1.jar:?]
	at java.security.AccessController.doPrivileged(Native Method) ~[?:1.8.0_332]
	at javax.security.auth.Subject.doAs(Subject.java:422) [?:1.8.0_332]
	at org.apache.hadoop.security.UserGroupInformation.doAs(UserGroupInformation.java:1878) [hadoop-common-3.3.1.jar:?]
	at org.apache.hadoop.ipc.Server$Handler.run(Server.java:2966) [hadoop-common-3.3.1.jar:?]
2022-08-09 13:52:14,697 [Time-limited test] WARN  ozone.BasicRootedOzoneFileSystem (BasicRootedOzoneFileSystem.java:delete(572)) - delete: Path does not exist: /volume62399/bucket30588/testBatchDelete/parent
]]></system-out>
  </testcase>
  <testcase name="testRenameToTrashEnabled" classname="TestRootedOzoneFileSystem" time="0.148">
    <system-out><![CDATA[2022-08-09 13:47:18,806 [Time-limited test] INFO  rpc.RpcClient (RpcClient.java:createVolume(468)) - Creating Volume: volume02060, with user79018 as owner and space quota set to -1 bytes, counts quota set to -1
2022-08-09 13:47:18,812 [OM StateMachine ApplyTransaction Thread - 0] INFO  volume.OMVolumeCreateRequest (OMVolumeCreateRequest.java:validateAndUpdateCache(195)) - created volume:volume02060 for user:user79018
2022-08-09 13:47:18,815 [Time-limited test] INFO  rpc.RpcClient (RpcClient.java:createBucket(671)) - Creating Bucket: volume02060/bucket36111, with bucket layout LEGACY, runner as owner, Versioning false, Storage Type set to DISK and Encryption set to false 
2022-08-09 13:47:18,817 [OM StateMachine ApplyTransaction Thread - 0] INFO  bucket.OMBucketCreateRequest (OMBucketCreateRequest.java:validateAndUpdateCache(260)) - created bucket: bucket36111 of layout LEGACY in volume: volume02060
13:47:18.883 [IPC Server handler 19 on default port 44757] ERROR OMAudit - user=runner | ip=127.0.0.1 | op=GET_FILE_STATUS {volume=volume02060, bucket=bucket36111, key=.Trash/runner/Current/volume02060/bucket36111/testKey2, dataSize=0, replicationConfig=null} | ret=FAILURE
org.apache.hadoop.ozone.om.exceptions.OMException: Unable to get file status: volume: volume02060 bucket: bucket36111 key: .Trash/runner/Current/volume02060/bucket36111/testKey2
	at org.apache.hadoop.ozone.om.KeyManagerImpl.getOzoneFileStatus(KeyManagerImpl.java:1311) ~[ozone-manager-1.3.0-SNAPSHOT.jar:?]
	at org.apache.hadoop.ozone.om.KeyManagerImpl.getFileStatus(KeyManagerImpl.java:1241) ~[ozone-manager-1.3.0-SNAPSHOT.jar:?]
	at org.apache.hadoop.ozone.om.OzoneManager.getFileStatus(OzoneManager.java:3468) ~[ozone-manager-1.3.0-SNAPSHOT.jar:?]
	at org.apache.hadoop.ozone.protocolPB.OzoneManagerRequestHandler.getOzoneFileStatus(OzoneManagerRequestHandler.java:882) ~[ozone-manager-1.3.0-SNAPSHOT.jar:?]
	at org.apache.hadoop.ozone.protocolPB.OzoneManagerRequestHandler.handleReadRequest(OzoneManagerRequestHandler.java:228) ~[ozone-manager-1.3.0-SNAPSHOT.jar:?]
	at org.apache.hadoop.ozone.protocolPB.OzoneManagerProtocolServerSideTranslatorPB.submitReadRequestToOM(OzoneManagerProtocolServerSideTranslatorPB.java:226) ~[ozone-manager-1.3.0-SNAPSHOT.jar:?]
	at org.apache.hadoop.ozone.protocolPB.OzoneManagerProtocolServerSideTranslatorPB.processRequest(OzoneManagerProtocolServerSideTranslatorPB.java:175) ~[ozone-manager-1.3.0-SNAPSHOT.jar:?]
	at org.apache.hadoop.hdds.server.OzoneProtocolMessageDispatcher.processRequest(OzoneProtocolMessageDispatcher.java:87) [hdds-server-framework-1.3.0-SNAPSHOT.jar:?]
	at org.apache.hadoop.ozone.protocolPB.OzoneManagerProtocolServerSideTranslatorPB.submitRequest(OzoneManagerProtocolServerSideTranslatorPB.java:147) [ozone-manager-1.3.0-SNAPSHOT.jar:?]
	at org.apache.hadoop.ozone.protocol.proto.OzoneManagerProtocolProtos$OzoneManagerService$2.callBlockingMethod(OzoneManagerProtocolProtos.java) [ozone-interface-client-1.3.0-SNAPSHOT.jar:?]
	at org.apache.hadoop.ipc.ProtobufRpcEngine$Server.processCall(ProtobufRpcEngine.java:466) [hadoop-common-3.3.1.jar:?]
	at org.apache.hadoop.ipc.ProtobufRpcEngine2$Server$ProtoBufRpcInvoker.call(ProtobufRpcEngine2.java:574) [hadoop-common-3.3.1.jar:?]
	at org.apache.hadoop.ipc.ProtobufRpcEngine2$Server$ProtoBufRpcInvoker.call(ProtobufRpcEngine2.java:552) [hadoop-common-3.3.1.jar:?]
	at org.apache.hadoop.ipc.RPC$Server.call(RPC.java:1093) [hadoop-common-3.3.1.jar:?]
	at org.apache.hadoop.ipc.Server$RpcCall.run(Server.java:1035) [hadoop-common-3.3.1.jar:?]
	at org.apache.hadoop.ipc.Server$RpcCall.run(Server.java:963) [hadoop-common-3.3.1.jar:?]
	at java.security.AccessController.doPrivileged(Native Method) ~[?:1.8.0_332]
	at javax.security.auth.Subject.doAs(Subject.java:422) [?:1.8.0_332]
	at org.apache.hadoop.security.UserGroupInformation.doAs(UserGroupInformation.java:1878) [hadoop-common-3.3.1.jar:?]
	at org.apache.hadoop.ipc.Server$Handler.run(Server.java:2966) [hadoop-common-3.3.1.jar:?]
13:47:18.893 [IPC Server handler 18 on default port 44757] ERROR OMAudit - user=runner | ip=127.0.0.1 | op=GET_FILE_STATUS {volume=volume02060, bucket=bucket36111, key=.Trash/runner/Current/volume02060/bucket36111/testKey2, dataSize=0, replicationConfig=null} | ret=FAILURE
org.apache.hadoop.ozone.om.exceptions.OMException: Unable to get file status: volume: volume02060 bucket: bucket36111 key: .Trash/runner/Current/volume02060/bucket36111/testKey2
	at org.apache.hadoop.ozone.om.KeyManagerImpl.getOzoneFileStatus(KeyManagerImpl.java:1311) ~[ozone-manager-1.3.0-SNAPSHOT.jar:?]
	at org.apache.hadoop.ozone.om.KeyManagerImpl.getFileStatus(KeyManagerImpl.java:1241) ~[ozone-manager-1.3.0-SNAPSHOT.jar:?]
	at org.apache.hadoop.ozone.om.OzoneManager.getFileStatus(OzoneManager.java:3468) ~[ozone-manager-1.3.0-SNAPSHOT.jar:?]
	at org.apache.hadoop.ozone.protocolPB.OzoneManagerRequestHandler.getOzoneFileStatus(OzoneManagerRequestHandler.java:882) ~[ozone-manager-1.3.0-SNAPSHOT.jar:?]
	at org.apache.hadoop.ozone.protocolPB.OzoneManagerRequestHandler.handleReadRequest(OzoneManagerRequestHandler.java:228) ~[ozone-manager-1.3.0-SNAPSHOT.jar:?]
	at org.apache.hadoop.ozone.protocolPB.OzoneManagerProtocolServerSideTranslatorPB.submitReadRequestToOM(OzoneManagerProtocolServerSideTranslatorPB.java:226) ~[ozone-manager-1.3.0-SNAPSHOT.jar:?]
	at org.apache.hadoop.ozone.protocolPB.OzoneManagerProtocolServerSideTranslatorPB.processRequest(OzoneManagerProtocolServerSideTranslatorPB.java:175) ~[ozone-manager-1.3.0-SNAPSHOT.jar:?]
	at org.apache.hadoop.hdds.server.OzoneProtocolMessageDispatcher.processRequest(OzoneProtocolMessageDispatcher.java:87) [hdds-server-framework-1.3.0-SNAPSHOT.jar:?]
	at org.apache.hadoop.ozone.protocolPB.OzoneManagerProtocolServerSideTranslatorPB.submitRequest(OzoneManagerProtocolServerSideTranslatorPB.java:147) [ozone-manager-1.3.0-SNAPSHOT.jar:?]
	at org.apache.hadoop.ozone.protocol.proto.OzoneManagerProtocolProtos$OzoneManagerService$2.callBlockingMethod(OzoneManagerProtocolProtos.java) [ozone-interface-client-1.3.0-SNAPSHOT.jar:?]
	at org.apache.hadoop.ipc.ProtobufRpcEngine$Server.processCall(ProtobufRpcEngine.java:466) [hadoop-common-3.3.1.jar:?]
	at org.apache.hadoop.ipc.ProtobufRpcEngine2$Server$ProtoBufRpcInvoker.call(ProtobufRpcEngine2.java:574) [hadoop-common-3.3.1.jar:?]
	at org.apache.hadoop.ipc.ProtobufRpcEngine2$Server$ProtoBufRpcInvoker.call(ProtobufRpcEngine2.java:552) [hadoop-common-3.3.1.jar:?]
	at org.apache.hadoop.ipc.RPC$Server.call(RPC.java:1093) [hadoop-common-3.3.1.jar:?]
	at org.apache.hadoop.ipc.Server$RpcCall.run(Server.java:1035) [hadoop-common-3.3.1.jar:?]
	at org.apache.hadoop.ipc.Server$RpcCall.run(Server.java:963) [hadoop-common-3.3.1.jar:?]
	at java.security.AccessController.doPrivileged(Native Method) ~[?:1.8.0_332]
	at javax.security.auth.Subject.doAs(Subject.java:422) [?:1.8.0_332]
	at org.apache.hadoop.security.UserGroupInformation.doAs(UserGroupInformation.java:1878) [hadoop-common-3.3.1.jar:?]
	at org.apache.hadoop.ipc.Server$Handler.run(Server.java:2966) [hadoop-common-3.3.1.jar:?]
2022-08-09 13:47:18,903 [Time-limited test] INFO  fs.TrashPolicyDefault (TrashPolicyDefault.java:moveToTrash(188)) - Moved: '/volume02060/bucket36111/testKey2' to trash at: ofs:/volume02060/bucket36111/.Trash/runner/Current/volume02060/bucket36111/testKey2
]]></system-out>
  </testcase>
  <testcase name="testRenameToTrashEnabled" classname="TestRootedOzoneFileSystem" time="0.274">
    <system-out><![CDATA[2022-08-09 13:48:24,224 [Time-limited test] INFO  rpc.RpcClient (RpcClient.java:createVolume(468)) - Creating Volume: volume71641, with user61288 as owner and space quota set to -1 bytes, counts quota set to -1
2022-08-09 13:48:24,227 [OM StateMachine ApplyTransaction Thread - 0] INFO  volume.OMVolumeCreateRequest (OMVolumeCreateRequest.java:validateAndUpdateCache(195)) - created volume:volume71641 for user:user61288
2022-08-09 13:48:24,229 [Time-limited test] INFO  rpc.RpcClient (RpcClient.java:createBucket(671)) - Creating Bucket: volume71641/bucket97103, with bucket layout LEGACY, runner as owner, Versioning false, Storage Type set to DISK and Encryption set to false 
2022-08-09 13:48:24,236 [OM StateMachine ApplyTransaction Thread - 0] INFO  bucket.OMBucketCreateRequest (OMBucketCreateRequest.java:validateAndUpdateCache(260)) - created bucket: bucket97103 of layout LEGACY in volume: volume71641
13:48:24.396 [IPC Server handler 4 on default port 34619] ERROR OMAudit - user=runner | ip=127.0.0.1 | op=GET_FILE_STATUS {volume=volume71641, bucket=bucket97103, key=.Trash/runner/Current/volume71641/bucket97103/testKey2, dataSize=0, replicationConfig=null} | ret=FAILURE
org.apache.hadoop.ozone.om.exceptions.OMException: Unable to get file status: volume: volume71641 bucket: bucket97103 key: .Trash/runner/Current/volume71641/bucket97103/testKey2
	at org.apache.hadoop.ozone.om.KeyManagerImpl.getOzoneFileStatus(KeyManagerImpl.java:1311) ~[ozone-manager-1.3.0-SNAPSHOT.jar:?]
	at org.apache.hadoop.ozone.om.KeyManagerImpl.getFileStatus(KeyManagerImpl.java:1241) ~[ozone-manager-1.3.0-SNAPSHOT.jar:?]
	at org.apache.hadoop.ozone.om.OzoneManager.getFileStatus(OzoneManager.java:3468) ~[ozone-manager-1.3.0-SNAPSHOT.jar:?]
	at org.apache.hadoop.ozone.protocolPB.OzoneManagerRequestHandler.getOzoneFileStatus(OzoneManagerRequestHandler.java:882) ~[ozone-manager-1.3.0-SNAPSHOT.jar:?]
	at org.apache.hadoop.ozone.protocolPB.OzoneManagerRequestHandler.handleReadRequest(OzoneManagerRequestHandler.java:228) ~[ozone-manager-1.3.0-SNAPSHOT.jar:?]
	at org.apache.hadoop.ozone.protocolPB.OzoneManagerProtocolServerSideTranslatorPB.submitReadRequestToOM(OzoneManagerProtocolServerSideTranslatorPB.java:226) ~[ozone-manager-1.3.0-SNAPSHOT.jar:?]
	at org.apache.hadoop.ozone.protocolPB.OzoneManagerProtocolServerSideTranslatorPB.processRequest(OzoneManagerProtocolServerSideTranslatorPB.java:175) ~[ozone-manager-1.3.0-SNAPSHOT.jar:?]
	at org.apache.hadoop.hdds.server.OzoneProtocolMessageDispatcher.processRequest(OzoneProtocolMessageDispatcher.java:87) [hdds-server-framework-1.3.0-SNAPSHOT.jar:?]
	at org.apache.hadoop.ozone.protocolPB.OzoneManagerProtocolServerSideTranslatorPB.submitRequest(OzoneManagerProtocolServerSideTranslatorPB.java:147) [ozone-manager-1.3.0-SNAPSHOT.jar:?]
	at org.apache.hadoop.ozone.protocol.proto.OzoneManagerProtocolProtos$OzoneManagerService$2.callBlockingMethod(OzoneManagerProtocolProtos.java) [ozone-interface-client-1.3.0-SNAPSHOT.jar:?]
	at org.apache.hadoop.ipc.ProtobufRpcEngine$Server.processCall(ProtobufRpcEngine.java:466) [hadoop-common-3.3.1.jar:?]
	at org.apache.hadoop.ipc.ProtobufRpcEngine2$Server$ProtoBufRpcInvoker.call(ProtobufRpcEngine2.java:574) [hadoop-common-3.3.1.jar:?]
	at org.apache.hadoop.ipc.ProtobufRpcEngine2$Server$ProtoBufRpcInvoker.call(ProtobufRpcEngine2.java:552) [hadoop-common-3.3.1.jar:?]
	at org.apache.hadoop.ipc.RPC$Server.call(RPC.java:1093) [hadoop-common-3.3.1.jar:?]
	at org.apache.hadoop.ipc.Server$RpcCall.run(Server.java:1035) [hadoop-common-3.3.1.jar:?]
	at org.apache.hadoop.ipc.Server$RpcCall.run(Server.java:963) [hadoop-common-3.3.1.jar:?]
	at java.security.AccessController.doPrivileged(Native Method) ~[?:1.8.0_332]
	at javax.security.auth.Subject.doAs(Subject.java:422) [?:1.8.0_332]
	at org.apache.hadoop.security.UserGroupInformation.doAs(UserGroupInformation.java:1878) [hadoop-common-3.3.1.jar:?]
	at org.apache.hadoop.ipc.Server$Handler.run(Server.java:2966) [hadoop-common-3.3.1.jar:?]
13:48:24.399 [IPC Server handler 7 on default port 34619] ERROR OMAudit - user=runner | ip=127.0.0.1 | op=GET_FILE_STATUS {volume=volume71641, bucket=bucket97103, key=.Trash/runner/Current/volume71641/bucket97103/testKey2, dataSize=0, replicationConfig=null} | ret=FAILURE
org.apache.hadoop.ozone.om.exceptions.OMException: Unable to get file status: volume: volume71641 bucket: bucket97103 key: .Trash/runner/Current/volume71641/bucket97103/testKey2
	at org.apache.hadoop.ozone.om.KeyManagerImpl.getOzoneFileStatus(KeyManagerImpl.java:1311) ~[ozone-manager-1.3.0-SNAPSHOT.jar:?]
	at org.apache.hadoop.ozone.om.KeyManagerImpl.getFileStatus(KeyManagerImpl.java:1241) ~[ozone-manager-1.3.0-SNAPSHOT.jar:?]
	at org.apache.hadoop.ozone.om.OzoneManager.getFileStatus(OzoneManager.java:3468) ~[ozone-manager-1.3.0-SNAPSHOT.jar:?]
	at org.apache.hadoop.ozone.protocolPB.OzoneManagerRequestHandler.getOzoneFileStatus(OzoneManagerRequestHandler.java:882) ~[ozone-manager-1.3.0-SNAPSHOT.jar:?]
	at org.apache.hadoop.ozone.protocolPB.OzoneManagerRequestHandler.handleReadRequest(OzoneManagerRequestHandler.java:228) ~[ozone-manager-1.3.0-SNAPSHOT.jar:?]
	at org.apache.hadoop.ozone.protocolPB.OzoneManagerProtocolServerSideTranslatorPB.submitReadRequestToOM(OzoneManagerProtocolServerSideTranslatorPB.java:226) ~[ozone-manager-1.3.0-SNAPSHOT.jar:?]
	at org.apache.hadoop.ozone.protocolPB.OzoneManagerProtocolServerSideTranslatorPB.processRequest(OzoneManagerProtocolServerSideTranslatorPB.java:175) ~[ozone-manager-1.3.0-SNAPSHOT.jar:?]
	at org.apache.hadoop.hdds.server.OzoneProtocolMessageDispatcher.processRequest(OzoneProtocolMessageDispatcher.java:87) [hdds-server-framework-1.3.0-SNAPSHOT.jar:?]
	at org.apache.hadoop.ozone.protocolPB.OzoneManagerProtocolServerSideTranslatorPB.submitRequest(OzoneManagerProtocolServerSideTranslatorPB.java:147) [ozone-manager-1.3.0-SNAPSHOT.jar:?]
	at org.apache.hadoop.ozone.protocol.proto.OzoneManagerProtocolProtos$OzoneManagerService$2.callBlockingMethod(OzoneManagerProtocolProtos.java) [ozone-interface-client-1.3.0-SNAPSHOT.jar:?]
	at org.apache.hadoop.ipc.ProtobufRpcEngine$Server.processCall(ProtobufRpcEngine.java:466) [hadoop-common-3.3.1.jar:?]
	at org.apache.hadoop.ipc.ProtobufRpcEngine2$Server$ProtoBufRpcInvoker.call(ProtobufRpcEngine2.java:574) [hadoop-common-3.3.1.jar:?]
	at org.apache.hadoop.ipc.ProtobufRpcEngine2$Server$ProtoBufRpcInvoker.call(ProtobufRpcEngine2.java:552) [hadoop-common-3.3.1.jar:?]
	at org.apache.hadoop.ipc.RPC$Server.call(RPC.java:1093) [hadoop-common-3.3.1.jar:?]
	at org.apache.hadoop.ipc.Server$RpcCall.run(Server.java:1035) [hadoop-common-3.3.1.jar:?]
	at org.apache.hadoop.ipc.Server$RpcCall.run(Server.java:963) [hadoop-common-3.3.1.jar:?]
	at java.security.AccessController.doPrivileged(Native Method) ~[?:1.8.0_332]
	at javax.security.auth.Subject.doAs(Subject.java:422) [?:1.8.0_332]
	at org.apache.hadoop.security.UserGroupInformation.doAs(UserGroupInformation.java:1878) [hadoop-common-3.3.1.jar:?]
	at org.apache.hadoop.ipc.Server$Handler.run(Server.java:2966) [hadoop-common-3.3.1.jar:?]
2022-08-09 13:48:24,405 [Time-limited test] INFO  fs.TrashPolicyDefault (TrashPolicyDefault.java:moveToTrash(188)) - Moved: '/volume71641/bucket97103/testKey2' to trash at: ofs:/volume71641/bucket97103/.Trash/runner/Current/volume71641/bucket97103/testKey2
]]></system-out>
  </testcase>
  <testcase name="testRenameToTrashEnabled" classname="TestRootedOzoneFileSystem" time="0.343">
    <system-out><![CDATA[2022-08-09 13:49:31,095 [Time-limited test] INFO  rpc.RpcClient (RpcClient.java:createVolume(468)) - Creating Volume: volume44990, with user98413 as owner and space quota set to -1 bytes, counts quota set to -1
2022-08-09 13:49:31,096 [IPC Server handler 11 on default port 42643] INFO  volume.OMVolumeCreateRequest (OMVolumeCreateRequest.java:validateAndUpdateCache(195)) - created volume:volume44990 for user:user98413
2022-08-09 13:49:31,097 [Time-limited test] INFO  rpc.RpcClient (RpcClient.java:createBucket(671)) - Creating Bucket: volume44990/bucket19365, with bucket layout LEGACY, runner as owner, Versioning false, Storage Type set to DISK and Encryption set to false 
2022-08-09 13:49:31,101 [IPC Server handler 13 on default port 42643] INFO  bucket.OMBucketCreateRequest (OMBucketCreateRequest.java:validateAndUpdateCache(260)) - created bucket: bucket19365 of layout LEGACY in volume: volume44990
13:49:31.291 [IPC Server handler 4 on default port 42643] ERROR OMAudit - user=runner | ip=127.0.0.1 | op=GET_FILE_STATUS {volume=volume44990, bucket=bucket19365, key=.Trash/runner/Current/volume44990/bucket19365/testKey2, dataSize=0, replicationConfig=null} | ret=FAILURE
org.apache.hadoop.ozone.om.exceptions.OMException: Unable to get file status: volume: volume44990 bucket: bucket19365 key: .Trash/runner/Current/volume44990/bucket19365/testKey2
	at org.apache.hadoop.ozone.om.KeyManagerImpl.getOzoneFileStatus(KeyManagerImpl.java:1311) ~[ozone-manager-1.3.0-SNAPSHOT.jar:?]
	at org.apache.hadoop.ozone.om.KeyManagerImpl.getFileStatus(KeyManagerImpl.java:1241) ~[ozone-manager-1.3.0-SNAPSHOT.jar:?]
	at org.apache.hadoop.ozone.om.OzoneManager.getFileStatus(OzoneManager.java:3468) ~[ozone-manager-1.3.0-SNAPSHOT.jar:?]
	at org.apache.hadoop.ozone.protocolPB.OzoneManagerRequestHandler.getOzoneFileStatus(OzoneManagerRequestHandler.java:882) ~[ozone-manager-1.3.0-SNAPSHOT.jar:?]
	at org.apache.hadoop.ozone.protocolPB.OzoneManagerRequestHandler.handleReadRequest(OzoneManagerRequestHandler.java:228) ~[ozone-manager-1.3.0-SNAPSHOT.jar:?]
	at org.apache.hadoop.ozone.protocolPB.OzoneManagerProtocolServerSideTranslatorPB.submitRequestDirectlyToOM(OzoneManagerProtocolServerSideTranslatorPB.java:276) ~[ozone-manager-1.3.0-SNAPSHOT.jar:?]
	at org.apache.hadoop.ozone.protocolPB.OzoneManagerProtocolServerSideTranslatorPB.processRequest(OzoneManagerProtocolServerSideTranslatorPB.java:205) ~[ozone-manager-1.3.0-SNAPSHOT.jar:?]
	at org.apache.hadoop.hdds.server.OzoneProtocolMessageDispatcher.processRequest(OzoneProtocolMessageDispatcher.java:87) [hdds-server-framework-1.3.0-SNAPSHOT.jar:?]
	at org.apache.hadoop.ozone.protocolPB.OzoneManagerProtocolServerSideTranslatorPB.submitRequest(OzoneManagerProtocolServerSideTranslatorPB.java:147) [ozone-manager-1.3.0-SNAPSHOT.jar:?]
	at org.apache.hadoop.ozone.protocol.proto.OzoneManagerProtocolProtos$OzoneManagerService$2.callBlockingMethod(OzoneManagerProtocolProtos.java) [ozone-interface-client-1.3.0-SNAPSHOT.jar:?]
	at org.apache.hadoop.ipc.ProtobufRpcEngine$Server.processCall(ProtobufRpcEngine.java:466) [hadoop-common-3.3.1.jar:?]
	at org.apache.hadoop.ipc.ProtobufRpcEngine2$Server$ProtoBufRpcInvoker.call(ProtobufRpcEngine2.java:574) [hadoop-common-3.3.1.jar:?]
	at org.apache.hadoop.ipc.ProtobufRpcEngine2$Server$ProtoBufRpcInvoker.call(ProtobufRpcEngine2.java:552) [hadoop-common-3.3.1.jar:?]
	at org.apache.hadoop.ipc.RPC$Server.call(RPC.java:1093) [hadoop-common-3.3.1.jar:?]
	at org.apache.hadoop.ipc.Server$RpcCall.run(Server.java:1035) [hadoop-common-3.3.1.jar:?]
	at org.apache.hadoop.ipc.Server$RpcCall.run(Server.java:963) [hadoop-common-3.3.1.jar:?]
	at java.security.AccessController.doPrivileged(Native Method) ~[?:1.8.0_332]
	at javax.security.auth.Subject.doAs(Subject.java:422) [?:1.8.0_332]
	at org.apache.hadoop.security.UserGroupInformation.doAs(UserGroupInformation.java:1878) [hadoop-common-3.3.1.jar:?]
	at org.apache.hadoop.ipc.Server$Handler.run(Server.java:2966) [hadoop-common-3.3.1.jar:?]
13:49:31.293 [IPC Server handler 18 on default port 42643] ERROR OMAudit - user=runner | ip=127.0.0.1 | op=GET_FILE_STATUS {volume=volume44990, bucket=bucket19365, key=.Trash/runner/Current/volume44990/bucket19365/testKey2, dataSize=0, replicationConfig=null} | ret=FAILURE
org.apache.hadoop.ozone.om.exceptions.OMException: Unable to get file status: volume: volume44990 bucket: bucket19365 key: .Trash/runner/Current/volume44990/bucket19365/testKey2
	at org.apache.hadoop.ozone.om.KeyManagerImpl.getOzoneFileStatus(KeyManagerImpl.java:1311) ~[ozone-manager-1.3.0-SNAPSHOT.jar:?]
	at org.apache.hadoop.ozone.om.KeyManagerImpl.getFileStatus(KeyManagerImpl.java:1241) ~[ozone-manager-1.3.0-SNAPSHOT.jar:?]
	at org.apache.hadoop.ozone.om.OzoneManager.getFileStatus(OzoneManager.java:3468) ~[ozone-manager-1.3.0-SNAPSHOT.jar:?]
	at org.apache.hadoop.ozone.protocolPB.OzoneManagerRequestHandler.getOzoneFileStatus(OzoneManagerRequestHandler.java:882) ~[ozone-manager-1.3.0-SNAPSHOT.jar:?]
	at org.apache.hadoop.ozone.protocolPB.OzoneManagerRequestHandler.handleReadRequest(OzoneManagerRequestHandler.java:228) ~[ozone-manager-1.3.0-SNAPSHOT.jar:?]
	at org.apache.hadoop.ozone.protocolPB.OzoneManagerProtocolServerSideTranslatorPB.submitRequestDirectlyToOM(OzoneManagerProtocolServerSideTranslatorPB.java:276) ~[ozone-manager-1.3.0-SNAPSHOT.jar:?]
	at org.apache.hadoop.ozone.protocolPB.OzoneManagerProtocolServerSideTranslatorPB.processRequest(OzoneManagerProtocolServerSideTranslatorPB.java:205) ~[ozone-manager-1.3.0-SNAPSHOT.jar:?]
	at org.apache.hadoop.hdds.server.OzoneProtocolMessageDispatcher.processRequest(OzoneProtocolMessageDispatcher.java:87) [hdds-server-framework-1.3.0-SNAPSHOT.jar:?]
	at org.apache.hadoop.ozone.protocolPB.OzoneManagerProtocolServerSideTranslatorPB.submitRequest(OzoneManagerProtocolServerSideTranslatorPB.java:147) [ozone-manager-1.3.0-SNAPSHOT.jar:?]
	at org.apache.hadoop.ozone.protocol.proto.OzoneManagerProtocolProtos$OzoneManagerService$2.callBlockingMethod(OzoneManagerProtocolProtos.java) [ozone-interface-client-1.3.0-SNAPSHOT.jar:?]
	at org.apache.hadoop.ipc.ProtobufRpcEngine$Server.processCall(ProtobufRpcEngine.java:466) [hadoop-common-3.3.1.jar:?]
	at org.apache.hadoop.ipc.ProtobufRpcEngine2$Server$ProtoBufRpcInvoker.call(ProtobufRpcEngine2.java:574) [hadoop-common-3.3.1.jar:?]
	at org.apache.hadoop.ipc.ProtobufRpcEngine2$Server$ProtoBufRpcInvoker.call(ProtobufRpcEngine2.java:552) [hadoop-common-3.3.1.jar:?]
	at org.apache.hadoop.ipc.RPC$Server.call(RPC.java:1093) [hadoop-common-3.3.1.jar:?]
	at org.apache.hadoop.ipc.Server$RpcCall.run(Server.java:1035) [hadoop-common-3.3.1.jar:?]
	at org.apache.hadoop.ipc.Server$RpcCall.run(Server.java:963) [hadoop-common-3.3.1.jar:?]
	at java.security.AccessController.doPrivileged(Native Method) ~[?:1.8.0_332]
	at javax.security.auth.Subject.doAs(Subject.java:422) [?:1.8.0_332]
	at org.apache.hadoop.security.UserGroupInformation.doAs(UserGroupInformation.java:1878) [hadoop-common-3.3.1.jar:?]
	at org.apache.hadoop.ipc.Server$Handler.run(Server.java:2966) [hadoop-common-3.3.1.jar:?]
2022-08-09 13:49:31,298 [Time-limited test] INFO  fs.TrashPolicyDefault (TrashPolicyDefault.java:moveToTrash(188)) - Moved: '/volume44990/bucket19365/testKey2' to trash at: ofs:/volume44990/bucket19365/.Trash/runner/Current/volume44990/bucket19365/testKey2
]]></system-out>
  </testcase>
  <testcase name="testRenameToTrashEnabled" classname="TestRootedOzoneFileSystem" time="0.598">
    <system-out><![CDATA[2022-08-09 13:50:49,752 [Time-limited test] INFO  rpc.RpcClient (RpcClient.java:createVolume(468)) - Creating Volume: volume91751, with user76341 as owner and space quota set to -1 bytes, counts quota set to -1
2022-08-09 13:50:49,755 [OM StateMachine ApplyTransaction Thread - 0] INFO  volume.OMVolumeCreateRequest (OMVolumeCreateRequest.java:validateAndUpdateCache(195)) - created volume:volume91751 for user:user76341
2022-08-09 13:50:49,756 [Time-limited test] INFO  rpc.RpcClient (RpcClient.java:createBucket(671)) - Creating Bucket: volume91751/bucket21395, with bucket layout LEGACY, runner as owner, Versioning false, Storage Type set to DISK and Encryption set to false 
2022-08-09 13:50:49,757 [OM StateMachine ApplyTransaction Thread - 0] INFO  bucket.OMBucketCreateRequest (OMBucketCreateRequest.java:validateAndUpdateCache(260)) - created bucket: bucket21395 of layout LEGACY in volume: volume91751
13:50:50.166 [IPC Server handler 6 on default port 45023] ERROR OMAudit - user=runner | ip=127.0.0.1 | op=GET_FILE_STATUS {volume=volume91751, bucket=bucket21395, key=.Trash/runner/Current/volume91751/bucket21395/testKey2, dataSize=0, replicationConfig=null} | ret=FAILURE
org.apache.hadoop.ozone.om.exceptions.OMException: Unable to get file status: volume: volume91751 bucket: bucket21395 key: .Trash/runner/Current/volume91751/bucket21395/testKey2
	at org.apache.hadoop.ozone.om.KeyManagerImpl.getOzoneFileStatus(KeyManagerImpl.java:1311) ~[ozone-manager-1.3.0-SNAPSHOT.jar:?]
	at org.apache.hadoop.ozone.om.KeyManagerImpl.getFileStatus(KeyManagerImpl.java:1241) ~[ozone-manager-1.3.0-SNAPSHOT.jar:?]
	at org.apache.hadoop.ozone.om.OzoneManager.getFileStatus(OzoneManager.java:3468) ~[ozone-manager-1.3.0-SNAPSHOT.jar:?]
	at org.apache.hadoop.ozone.protocolPB.OzoneManagerRequestHandler.getOzoneFileStatus(OzoneManagerRequestHandler.java:882) ~[ozone-manager-1.3.0-SNAPSHOT.jar:?]
	at org.apache.hadoop.ozone.protocolPB.OzoneManagerRequestHandler.handleReadRequest(OzoneManagerRequestHandler.java:228) ~[ozone-manager-1.3.0-SNAPSHOT.jar:?]
	at org.apache.hadoop.ozone.protocolPB.OzoneManagerProtocolServerSideTranslatorPB.submitReadRequestToOM(OzoneManagerProtocolServerSideTranslatorPB.java:226) ~[ozone-manager-1.3.0-SNAPSHOT.jar:?]
	at org.apache.hadoop.ozone.protocolPB.OzoneManagerProtocolServerSideTranslatorPB.processRequest(OzoneManagerProtocolServerSideTranslatorPB.java:175) ~[ozone-manager-1.3.0-SNAPSHOT.jar:?]
	at org.apache.hadoop.hdds.server.OzoneProtocolMessageDispatcher.processRequest(OzoneProtocolMessageDispatcher.java:87) [hdds-server-framework-1.3.0-SNAPSHOT.jar:?]
	at org.apache.hadoop.ozone.protocolPB.OzoneManagerProtocolServerSideTranslatorPB.submitRequest(OzoneManagerProtocolServerSideTranslatorPB.java:147) [ozone-manager-1.3.0-SNAPSHOT.jar:?]
	at org.apache.hadoop.ozone.protocol.proto.OzoneManagerProtocolProtos$OzoneManagerService$2.callBlockingMethod(OzoneManagerProtocolProtos.java) [ozone-interface-client-1.3.0-SNAPSHOT.jar:?]
	at org.apache.hadoop.ipc.ProtobufRpcEngine$Server.processCall(ProtobufRpcEngine.java:466) [hadoop-common-3.3.1.jar:?]
	at org.apache.hadoop.ipc.ProtobufRpcEngine2$Server$ProtoBufRpcInvoker.call(ProtobufRpcEngine2.java:574) [hadoop-common-3.3.1.jar:?]
	at org.apache.hadoop.ipc.ProtobufRpcEngine2$Server$ProtoBufRpcInvoker.call(ProtobufRpcEngine2.java:552) [hadoop-common-3.3.1.jar:?]
	at org.apache.hadoop.ipc.RPC$Server.call(RPC.java:1093) [hadoop-common-3.3.1.jar:?]
	at org.apache.hadoop.ipc.Server$RpcCall.run(Server.java:1035) [hadoop-common-3.3.1.jar:?]
	at org.apache.hadoop.ipc.Server$RpcCall.run(Server.java:963) [hadoop-common-3.3.1.jar:?]
	at java.security.AccessController.doPrivileged(Native Method) ~[?:1.8.0_332]
	at javax.security.auth.Subject.doAs(Subject.java:422) [?:1.8.0_332]
	at org.apache.hadoop.security.UserGroupInformation.doAs(UserGroupInformation.java:1878) [hadoop-common-3.3.1.jar:?]
	at org.apache.hadoop.ipc.Server$Handler.run(Server.java:2966) [hadoop-common-3.3.1.jar:?]
13:50:50.175 [IPC Server handler 18 on default port 45023] ERROR OMAudit - user=runner | ip=127.0.0.1 | op=GET_FILE_STATUS {volume=volume91751, bucket=bucket21395, key=.Trash/runner/Current/volume91751/bucket21395/testKey2, dataSize=0, replicationConfig=null} | ret=FAILURE
org.apache.hadoop.ozone.om.exceptions.OMException: Unable to get file status: volume: volume91751 bucket: bucket21395 key: .Trash/runner/Current/volume91751/bucket21395/testKey2
	at org.apache.hadoop.ozone.om.KeyManagerImpl.getOzoneFileStatus(KeyManagerImpl.java:1311) ~[ozone-manager-1.3.0-SNAPSHOT.jar:?]
	at org.apache.hadoop.ozone.om.KeyManagerImpl.getFileStatus(KeyManagerImpl.java:1241) ~[ozone-manager-1.3.0-SNAPSHOT.jar:?]
	at org.apache.hadoop.ozone.om.OzoneManager.getFileStatus(OzoneManager.java:3468) ~[ozone-manager-1.3.0-SNAPSHOT.jar:?]
	at org.apache.hadoop.ozone.protocolPB.OzoneManagerRequestHandler.getOzoneFileStatus(OzoneManagerRequestHandler.java:882) ~[ozone-manager-1.3.0-SNAPSHOT.jar:?]
	at org.apache.hadoop.ozone.protocolPB.OzoneManagerRequestHandler.handleReadRequest(OzoneManagerRequestHandler.java:228) ~[ozone-manager-1.3.0-SNAPSHOT.jar:?]
	at org.apache.hadoop.ozone.protocolPB.OzoneManagerProtocolServerSideTranslatorPB.submitReadRequestToOM(OzoneManagerProtocolServerSideTranslatorPB.java:226) ~[ozone-manager-1.3.0-SNAPSHOT.jar:?]
	at org.apache.hadoop.ozone.protocolPB.OzoneManagerProtocolServerSideTranslatorPB.processRequest(OzoneManagerProtocolServerSideTranslatorPB.java:175) ~[ozone-manager-1.3.0-SNAPSHOT.jar:?]
	at org.apache.hadoop.hdds.server.OzoneProtocolMessageDispatcher.processRequest(OzoneProtocolMessageDispatcher.java:87) [hdds-server-framework-1.3.0-SNAPSHOT.jar:?]
	at org.apache.hadoop.ozone.protocolPB.OzoneManagerProtocolServerSideTranslatorPB.submitRequest(OzoneManagerProtocolServerSideTranslatorPB.java:147) [ozone-manager-1.3.0-SNAPSHOT.jar:?]
	at org.apache.hadoop.ozone.protocol.proto.OzoneManagerProtocolProtos$OzoneManagerService$2.callBlockingMethod(OzoneManagerProtocolProtos.java) [ozone-interface-client-1.3.0-SNAPSHOT.jar:?]
	at org.apache.hadoop.ipc.ProtobufRpcEngine$Server.processCall(ProtobufRpcEngine.java:466) [hadoop-common-3.3.1.jar:?]
	at org.apache.hadoop.ipc.ProtobufRpcEngine2$Server$ProtoBufRpcInvoker.call(ProtobufRpcEngine2.java:574) [hadoop-common-3.3.1.jar:?]
	at org.apache.hadoop.ipc.ProtobufRpcEngine2$Server$ProtoBufRpcInvoker.call(ProtobufRpcEngine2.java:552) [hadoop-common-3.3.1.jar:?]
	at org.apache.hadoop.ipc.RPC$Server.call(RPC.java:1093) [hadoop-common-3.3.1.jar:?]
	at org.apache.hadoop.ipc.Server$RpcCall.run(Server.java:1035) [hadoop-common-3.3.1.jar:?]
	at org.apache.hadoop.ipc.Server$RpcCall.run(Server.java:963) [hadoop-common-3.3.1.jar:?]
	at java.security.AccessController.doPrivileged(Native Method) ~[?:1.8.0_332]
	at javax.security.auth.Subject.doAs(Subject.java:422) [?:1.8.0_332]
	at org.apache.hadoop.security.UserGroupInformation.doAs(UserGroupInformation.java:1878) [hadoop-common-3.3.1.jar:?]
	at org.apache.hadoop.ipc.Server$Handler.run(Server.java:2966) [hadoop-common-3.3.1.jar:?]
2022-08-09 13:50:50,181 [Time-limited test] INFO  fs.TrashPolicyDefault (TrashPolicyDefault.java:moveToTrash(188)) - Moved: '/volume91751/bucket21395/testKey2' to trash at: ofs:/volume91751/bucket21395/.Trash/runner/Current/volume91751/bucket21395/testKey2
]]></system-out>
  </testcase>
  <testcase name="testRenameToTrashEnabled" classname="TestRootedOzoneFileSystem" time="0.352">
    <failure type="java.lang.AssertionError"><![CDATA[java.lang.AssertionError
	at org.junit.Assert.fail(Assert.java:87)
	at org.junit.Assert.assertTrue(Assert.java:42)
	at org.junit.Assert.assertTrue(Assert.java:53)
	at org.apache.hadoop.fs.ozone.TestRootedOzoneFileSystem.testRenameToTrashEnabled(TestRootedOzoneFileSystem.java:1331)
	at sun.reflect.NativeMethodAccessorImpl.invoke0(Native Method)
	at sun.reflect.NativeMethodAccessorImpl.invoke(NativeMethodAccessorImpl.java:62)
	at sun.reflect.DelegatingMethodAccessorImpl.invoke(DelegatingMethodAccessorImpl.java:43)
	at java.lang.reflect.Method.invoke(Method.java:498)
	at org.junit.runners.model.FrameworkMethod$1.runReflectiveCall(FrameworkMethod.java:59)
	at org.junit.internal.runners.model.ReflectiveCallable.run(ReflectiveCallable.java:12)
	at org.junit.runners.model.FrameworkMethod.invokeExplosively(FrameworkMethod.java:56)
	at org.junit.internal.runners.statements.InvokeMethod.evaluate(InvokeMethod.java:17)
	at org.junit.internal.runners.statements.RunBefores.evaluate(RunBefores.java:26)
	at org.junit.internal.runners.statements.RunAfters.evaluate(RunAfters.java:27)
	at org.junit.internal.runners.statements.FailOnTimeout$CallableStatement.call(FailOnTimeout.java:288)
	at org.junit.internal.runners.statements.FailOnTimeout$CallableStatement.call(FailOnTimeout.java:282)
	at java.util.concurrent.FutureTask.run(FutureTask.java:266)
	at java.lang.Thread.run(Thread.java:750)
]]></failure>
    <system-out><![CDATA[2022-08-09 13:52:14,775 [Time-limited test] INFO  rpc.RpcClient (RpcClient.java:createVolume(468)) - Creating Volume: volume13979, with user56136 as owner and space quota set to -1 bytes, counts quota set to -1
2022-08-09 13:52:14,781 [IPC Server handler 14 on default port 44079] INFO  volume.OMVolumeCreateRequest (OMVolumeCreateRequest.java:validateAndUpdateCache(195)) - created volume:volume13979 for user:user56136
2022-08-09 13:52:14,785 [Time-limited test] INFO  rpc.RpcClient (RpcClient.java:createBucket(671)) - Creating Bucket: volume13979/bucket63969, with bucket layout LEGACY, runner as owner, Versioning false, Storage Type set to DISK and Encryption set to false 
2022-08-09 13:52:14,789 [IPC Server handler 12 on default port 44079] INFO  bucket.OMBucketCreateRequest (OMBucketCreateRequest.java:validateAndUpdateCache(260)) - created bucket: bucket63969 of layout LEGACY in volume: volume13979
13:52:14.997 [IPC Server handler 19 on default port 44079] ERROR OMAudit - user=runner | ip=127.0.0.1 | op=GET_FILE_STATUS {volume=volume13979, bucket=bucket63969, key=.Trash/runner/Current/volume13979/bucket63969/testKey2, dataSize=0, replicationConfig=null} | ret=FAILURE
org.apache.hadoop.ozone.om.exceptions.OMException: Unable to get file status: volume: volume13979 bucket: bucket63969 key: .Trash/runner/Current/volume13979/bucket63969/testKey2
	at org.apache.hadoop.ozone.om.KeyManagerImpl.getOzoneFileStatus(KeyManagerImpl.java:1311) ~[ozone-manager-1.3.0-SNAPSHOT.jar:?]
	at org.apache.hadoop.ozone.om.KeyManagerImpl.getFileStatus(KeyManagerImpl.java:1241) ~[ozone-manager-1.3.0-SNAPSHOT.jar:?]
	at org.apache.hadoop.ozone.om.OzoneManager.getFileStatus(OzoneManager.java:3468) ~[ozone-manager-1.3.0-SNAPSHOT.jar:?]
	at org.apache.hadoop.ozone.protocolPB.OzoneManagerRequestHandler.getOzoneFileStatus(OzoneManagerRequestHandler.java:882) ~[ozone-manager-1.3.0-SNAPSHOT.jar:?]
	at org.apache.hadoop.ozone.protocolPB.OzoneManagerRequestHandler.handleReadRequest(OzoneManagerRequestHandler.java:228) ~[ozone-manager-1.3.0-SNAPSHOT.jar:?]
	at org.apache.hadoop.ozone.protocolPB.OzoneManagerProtocolServerSideTranslatorPB.submitRequestDirectlyToOM(OzoneManagerProtocolServerSideTranslatorPB.java:276) ~[ozone-manager-1.3.0-SNAPSHOT.jar:?]
	at org.apache.hadoop.ozone.protocolPB.OzoneManagerProtocolServerSideTranslatorPB.processRequest(OzoneManagerProtocolServerSideTranslatorPB.java:205) ~[ozone-manager-1.3.0-SNAPSHOT.jar:?]
	at org.apache.hadoop.hdds.server.OzoneProtocolMessageDispatcher.processRequest(OzoneProtocolMessageDispatcher.java:87) [hdds-server-framework-1.3.0-SNAPSHOT.jar:?]
	at org.apache.hadoop.ozone.protocolPB.OzoneManagerProtocolServerSideTranslatorPB.submitRequest(OzoneManagerProtocolServerSideTranslatorPB.java:147) [ozone-manager-1.3.0-SNAPSHOT.jar:?]
	at org.apache.hadoop.ozone.protocol.proto.OzoneManagerProtocolProtos$OzoneManagerService$2.callBlockingMethod(OzoneManagerProtocolProtos.java) [ozone-interface-client-1.3.0-SNAPSHOT.jar:?]
	at org.apache.hadoop.ipc.ProtobufRpcEngine$Server.processCall(ProtobufRpcEngine.java:466) [hadoop-common-3.3.1.jar:?]
	at org.apache.hadoop.ipc.ProtobufRpcEngine2$Server$ProtoBufRpcInvoker.call(ProtobufRpcEngine2.java:574) [hadoop-common-3.3.1.jar:?]
	at org.apache.hadoop.ipc.ProtobufRpcEngine2$Server$ProtoBufRpcInvoker.call(ProtobufRpcEngine2.java:552) [hadoop-common-3.3.1.jar:?]
	at org.apache.hadoop.ipc.RPC$Server.call(RPC.java:1093) [hadoop-common-3.3.1.jar:?]
	at org.apache.hadoop.ipc.Server$RpcCall.run(Server.java:1035) [hadoop-common-3.3.1.jar:?]
	at org.apache.hadoop.ipc.Server$RpcCall.run(Server.java:963) [hadoop-common-3.3.1.jar:?]
	at java.security.AccessController.doPrivileged(Native Method) ~[?:1.8.0_332]
	at javax.security.auth.Subject.doAs(Subject.java:422) [?:1.8.0_332]
	at org.apache.hadoop.security.UserGroupInformation.doAs(UserGroupInformation.java:1878) [hadoop-common-3.3.1.jar:?]
	at org.apache.hadoop.ipc.Server$Handler.run(Server.java:2966) [hadoop-common-3.3.1.jar:?]
13:52:15.000 [IPC Server handler 15 on default port 44079] ERROR OMAudit - user=runner | ip=127.0.0.1 | op=GET_FILE_STATUS {volume=volume13979, bucket=bucket63969, key=.Trash/runner/Current/volume13979/bucket63969/testKey2, dataSize=0, replicationConfig=null} | ret=FAILURE
org.apache.hadoop.ozone.om.exceptions.OMException: Unable to get file status: volume: volume13979 bucket: bucket63969 key: .Trash/runner/Current/volume13979/bucket63969/testKey2
	at org.apache.hadoop.ozone.om.KeyManagerImpl.getOzoneFileStatus(KeyManagerImpl.java:1311) ~[ozone-manager-1.3.0-SNAPSHOT.jar:?]
	at org.apache.hadoop.ozone.om.KeyManagerImpl.getFileStatus(KeyManagerImpl.java:1241) ~[ozone-manager-1.3.0-SNAPSHOT.jar:?]
	at org.apache.hadoop.ozone.om.OzoneManager.getFileStatus(OzoneManager.java:3468) ~[ozone-manager-1.3.0-SNAPSHOT.jar:?]
	at org.apache.hadoop.ozone.protocolPB.OzoneManagerRequestHandler.getOzoneFileStatus(OzoneManagerRequestHandler.java:882) ~[ozone-manager-1.3.0-SNAPSHOT.jar:?]
	at org.apache.hadoop.ozone.protocolPB.OzoneManagerRequestHandler.handleReadRequest(OzoneManagerRequestHandler.java:228) ~[ozone-manager-1.3.0-SNAPSHOT.jar:?]
	at org.apache.hadoop.ozone.protocolPB.OzoneManagerProtocolServerSideTranslatorPB.submitRequestDirectlyToOM(OzoneManagerProtocolServerSideTranslatorPB.java:276) ~[ozone-manager-1.3.0-SNAPSHOT.jar:?]
	at org.apache.hadoop.ozone.protocolPB.OzoneManagerProtocolServerSideTranslatorPB.processRequest(OzoneManagerProtocolServerSideTranslatorPB.java:205) ~[ozone-manager-1.3.0-SNAPSHOT.jar:?]
	at org.apache.hadoop.hdds.server.OzoneProtocolMessageDispatcher.processRequest(OzoneProtocolMessageDispatcher.java:87) [hdds-server-framework-1.3.0-SNAPSHOT.jar:?]
	at org.apache.hadoop.ozone.protocolPB.OzoneManagerProtocolServerSideTranslatorPB.submitRequest(OzoneManagerProtocolServerSideTranslatorPB.java:147) [ozone-manager-1.3.0-SNAPSHOT.jar:?]
	at org.apache.hadoop.ozone.protocol.proto.OzoneManagerProtocolProtos$OzoneManagerService$2.callBlockingMethod(OzoneManagerProtocolProtos.java) [ozone-interface-client-1.3.0-SNAPSHOT.jar:?]
	at org.apache.hadoop.ipc.ProtobufRpcEngine$Server.processCall(ProtobufRpcEngine.java:466) [hadoop-common-3.3.1.jar:?]
	at org.apache.hadoop.ipc.ProtobufRpcEngine2$Server$ProtoBufRpcInvoker.call(ProtobufRpcEngine2.java:574) [hadoop-common-3.3.1.jar:?]
	at org.apache.hadoop.ipc.ProtobufRpcEngine2$Server$ProtoBufRpcInvoker.call(ProtobufRpcEngine2.java:552) [hadoop-common-3.3.1.jar:?]
	at org.apache.hadoop.ipc.RPC$Server.call(RPC.java:1093) [hadoop-common-3.3.1.jar:?]
	at org.apache.hadoop.ipc.Server$RpcCall.run(Server.java:1035) [hadoop-common-3.3.1.jar:?]
	at org.apache.hadoop.ipc.Server$RpcCall.run(Server.java:963) [hadoop-common-3.3.1.jar:?]
	at java.security.AccessController.doPrivileged(Native Method) ~[?:1.8.0_332]
	at javax.security.auth.Subject.doAs(Subject.java:422) [?:1.8.0_332]
	at org.apache.hadoop.security.UserGroupInformation.doAs(UserGroupInformation.java:1878) [hadoop-common-3.3.1.jar:?]
	at org.apache.hadoop.ipc.Server$Handler.run(Server.java:2966) [hadoop-common-3.3.1.jar:?]
2022-08-09 13:52:15,029 [Time-limited test] INFO  fs.TrashPolicyDefault (TrashPolicyDefault.java:moveToTrash(188)) - Moved: '/volume13979/bucket63969/testKey2' to trash at: ofs:/volume13979/bucket63969/.Trash/runner/Current/volume13979/bucket63969/testKey2
13:52:15.030 [IPC Server handler 3 on default port 44079] ERROR OMAudit - user=runner | ip=127.0.0.1 | op=GET_FILE_STATUS {volume=volume13979, bucket=bucket63969, key=.Trash/runner/Current, dataSize=0, replicationConfig=null} | ret=FAILURE
org.apache.hadoop.ozone.om.exceptions.OMException: Unable to get file status: volume: volume13979 bucket: bucket63969 key: .Trash/runner/Current
	at org.apache.hadoop.ozone.om.KeyManagerImpl.getOzoneFileStatus(KeyManagerImpl.java:1311) ~[ozone-manager-1.3.0-SNAPSHOT.jar:?]
	at org.apache.hadoop.ozone.om.KeyManagerImpl.getFileStatus(KeyManagerImpl.java:1241) ~[ozone-manager-1.3.0-SNAPSHOT.jar:?]
	at org.apache.hadoop.ozone.om.OzoneManager.getFileStatus(OzoneManager.java:3468) ~[ozone-manager-1.3.0-SNAPSHOT.jar:?]
	at org.apache.hadoop.ozone.protocolPB.OzoneManagerRequestHandler.getOzoneFileStatus(OzoneManagerRequestHandler.java:882) ~[ozone-manager-1.3.0-SNAPSHOT.jar:?]
	at org.apache.hadoop.ozone.protocolPB.OzoneManagerRequestHandler.handleReadRequest(OzoneManagerRequestHandler.java:228) ~[ozone-manager-1.3.0-SNAPSHOT.jar:?]
	at org.apache.hadoop.ozone.protocolPB.OzoneManagerProtocolServerSideTranslatorPB.submitRequestDirectlyToOM(OzoneManagerProtocolServerSideTranslatorPB.java:276) ~[ozone-manager-1.3.0-SNAPSHOT.jar:?]
	at org.apache.hadoop.ozone.protocolPB.OzoneManagerProtocolServerSideTranslatorPB.processRequest(OzoneManagerProtocolServerSideTranslatorPB.java:205) ~[ozone-manager-1.3.0-SNAPSHOT.jar:?]
	at org.apache.hadoop.hdds.server.OzoneProtocolMessageDispatcher.processRequest(OzoneProtocolMessageDispatcher.java:87) [hdds-server-framework-1.3.0-SNAPSHOT.jar:?]
	at org.apache.hadoop.ozone.protocolPB.OzoneManagerProtocolServerSideTranslatorPB.submitRequest(OzoneManagerProtocolServerSideTranslatorPB.java:147) [ozone-manager-1.3.0-SNAPSHOT.jar:?]
	at org.apache.hadoop.ozone.protocol.proto.OzoneManagerProtocolProtos$OzoneManagerService$2.callBlockingMethod(OzoneManagerProtocolProtos.java) [ozone-interface-client-1.3.0-SNAPSHOT.jar:?]
	at org.apache.hadoop.ipc.ProtobufRpcEngine$Server.processCall(ProtobufRpcEngine.java:466) [hadoop-common-3.3.1.jar:?]
	at org.apache.hadoop.ipc.ProtobufRpcEngine2$Server$ProtoBufRpcInvoker.call(ProtobufRpcEngine2.java:574) [hadoop-common-3.3.1.jar:?]
	at org.apache.hadoop.ipc.ProtobufRpcEngine2$Server$ProtoBufRpcInvoker.call(ProtobufRpcEngine2.java:552) [hadoop-common-3.3.1.jar:?]
	at org.apache.hadoop.ipc.RPC$Server.call(RPC.java:1093) [hadoop-common-3.3.1.jar:?]
	at org.apache.hadoop.ipc.Server$RpcCall.run(Server.java:1035) [hadoop-common-3.3.1.jar:?]
	at org.apache.hadoop.ipc.Server$RpcCall.run(Server.java:963) [hadoop-common-3.3.1.jar:?]
	at java.security.AccessController.doPrivileged(Native Method) ~[?:1.8.0_332]
	at javax.security.auth.Subject.doAs(Subject.java:422) [?:1.8.0_332]
	at org.apache.hadoop.security.UserGroupInformation.doAs(UserGroupInformation.java:1878) [hadoop-common-3.3.1.jar:?]
	at org.apache.hadoop.ipc.Server$Handler.run(Server.java:2966) [hadoop-common-3.3.1.jar:?]
]]></system-out>
  </testcase>
  <testcase name="testMkdirOnNonExistentVolumeBucketDir" classname="TestRootedOzoneFileSystem" time="0">
    <skipped type="org.junit.AssumptionViolatedException"><![CDATA[org.junit.AssumptionViolatedException: FS Path is enabled. Skipping this test as it is not tuned for FS Path yet
	at org.junit.Assume.assumeTrue(Assume.java:68)
	at org.apache.hadoop.fs.ozone.TestRootedOzoneFileSystem.testMkdirOnNonExistentVolumeBucketDir(TestRootedOzoneFileSystem.java:421)
	at sun.reflect.NativeMethodAccessorImpl.invoke0(Native Method)
	at sun.reflect.NativeMethodAccessorImpl.invoke(NativeMethodAccessorImpl.java:62)
	at sun.reflect.DelegatingMethodAccessorImpl.invoke(DelegatingMethodAccessorImpl.java:43)
	at java.lang.reflect.Method.invoke(Method.java:498)
	at org.junit.runners.model.FrameworkMethod$1.runReflectiveCall(FrameworkMethod.java:59)
	at org.junit.internal.runners.model.ReflectiveCallable.run(ReflectiveCallable.java:12)
	at org.junit.runners.model.FrameworkMethod.invokeExplosively(FrameworkMethod.java:56)
	at org.junit.internal.runners.statements.InvokeMethod.evaluate(InvokeMethod.java:17)
	at org.junit.internal.runners.statements.RunBefores.evaluate(RunBefores.java:26)
	at org.junit.internal.runners.statements.RunAfters.evaluate(RunAfters.java:27)
	at org.junit.internal.runners.statements.FailOnTimeout$CallableStatement.call(FailOnTimeout.java:288)
	at org.junit.internal.runners.statements.FailOnTimeout$CallableStatement.call(FailOnTimeout.java:282)
	at java.util.concurrent.FutureTask.run(FutureTask.java:266)
	at java.lang.Thread.run(Thread.java:750)
]]></skipped>
    <system-out><![CDATA[2022-08-09 13:47:18,961 [Time-limited test] INFO  rpc.RpcClient (RpcClient.java:createVolume(468)) - Creating Volume: volume91104, with user18770 as owner and space quota set to -1 bytes, counts quota set to -1
2022-08-09 13:47:18,964 [OM StateMachine ApplyTransaction Thread - 0] INFO  volume.OMVolumeCreateRequest (OMVolumeCreateRequest.java:validateAndUpdateCache(195)) - created volume:volume91104 for user:user18770
2022-08-09 13:47:18,967 [Time-limited test] INFO  rpc.RpcClient (RpcClient.java:createBucket(671)) - Creating Bucket: volume91104/bucket96694, with bucket layout LEGACY, runner as owner, Versioning false, Storage Type set to DISK and Encryption set to false 
2022-08-09 13:47:18,969 [OM StateMachine ApplyTransaction Thread - 0] INFO  bucket.OMBucketCreateRequest (OMBucketCreateRequest.java:validateAndUpdateCache(260)) - created bucket: bucket96694 of layout LEGACY in volume: volume91104
2022-08-09 13:47:18,979 [1fcb99f6-8828-4195-ae29-7192ffc3f248@group-2900A7781F59-FollowerState] INFO  impl.FollowerState (FollowerState.java:run(143)) - 1fcb99f6-8828-4195-ae29-7192ffc3f248@group-2900A7781F59-FollowerState: change to CANDIDATE, lastRpcElapsedTime:5023588113ns, electionTimeout:5017ms
2022-08-09 13:47:18,979 [1fcb99f6-8828-4195-ae29-7192ffc3f248@group-2900A7781F59-FollowerState] INFO  impl.RoleInfo (RoleInfo.java:shutdownFollowerState(110)) - 1fcb99f6-8828-4195-ae29-7192ffc3f248: shutdown 1fcb99f6-8828-4195-ae29-7192ffc3f248@group-2900A7781F59-FollowerState
2022-08-09 13:47:18,980 [1fcb99f6-8828-4195-ae29-7192ffc3f248@group-2900A7781F59-FollowerState] INFO  server.RaftServer$Division (RaftServerImpl.java:setRole(299)) - 1fcb99f6-8828-4195-ae29-7192ffc3f248@group-2900A7781F59: changes role from  FOLLOWER to CANDIDATE at term 1 for changeToCandidate
2022-08-09 13:47:18,980 [1fcb99f6-8828-4195-ae29-7192ffc3f248@group-2900A7781F59-FollowerState] INFO  server.RaftServerConfigKeys (ConfUtils.java:logGet(46)) - raft.server.leaderelection.pre-vote = false (custom)
2022-08-09 13:47:18,980 [1fcb99f6-8828-4195-ae29-7192ffc3f248@group-2900A7781F59-FollowerState] INFO  impl.RoleInfo (RoleInfo.java:updateAndGet(139)) - 1fcb99f6-8828-4195-ae29-7192ffc3f248: start 1fcb99f6-8828-4195-ae29-7192ffc3f248@group-2900A7781F59-LeaderElection10
2022-08-09 13:47:18,993 [1fcb99f6-8828-4195-ae29-7192ffc3f248@group-2900A7781F59-LeaderElection10] INFO  impl.LeaderElection (LeaderElection.java:askForVotes(310)) - 1fcb99f6-8828-4195-ae29-7192ffc3f248@group-2900A7781F59-LeaderElection10 ELECTION round 0: submit vote requests at term 2 for -1: [1fcb99f6-8828-4195-ae29-7192ffc3f248|rpc:10.1.0.19:42165|priority:0, 51becc16-89cb-4fad-bf94-a36b935bb005|rpc:10.1.0.19:38313|priority:0, 364e6842-d032-4d6d-bdb1-058b551233a8|rpc:10.1.0.19:35261|priority:1], old=null
]]></system-out>
  </testcase>
  <testcase name="testMkdirOnNonExistentVolumeBucketDir" classname="TestRootedOzoneFileSystem" time="0">
    <skipped type="org.junit.AssumptionViolatedException"><![CDATA[org.junit.AssumptionViolatedException: FS Path is enabled. Skipping this test as it is not tuned for FS Path yet
	at org.junit.Assume.assumeTrue(Assume.java:68)
	at org.apache.hadoop.fs.ozone.TestRootedOzoneFileSystem.testMkdirOnNonExistentVolumeBucketDir(TestRootedOzoneFileSystem.java:421)
	at sun.reflect.NativeMethodAccessorImpl.invoke0(Native Method)
	at sun.reflect.NativeMethodAccessorImpl.invoke(NativeMethodAccessorImpl.java:62)
	at sun.reflect.DelegatingMethodAccessorImpl.invoke(DelegatingMethodAccessorImpl.java:43)
	at java.lang.reflect.Method.invoke(Method.java:498)
	at org.junit.runners.model.FrameworkMethod$1.runReflectiveCall(FrameworkMethod.java:59)
	at org.junit.internal.runners.model.ReflectiveCallable.run(ReflectiveCallable.java:12)
	at org.junit.runners.model.FrameworkMethod.invokeExplosively(FrameworkMethod.java:56)
	at org.junit.internal.runners.statements.InvokeMethod.evaluate(InvokeMethod.java:17)
	at org.junit.internal.runners.statements.RunBefores.evaluate(RunBefores.java:26)
	at org.junit.internal.runners.statements.RunAfters.evaluate(RunAfters.java:27)
	at org.junit.internal.runners.statements.FailOnTimeout$CallableStatement.call(FailOnTimeout.java:288)
	at org.junit.internal.runners.statements.FailOnTimeout$CallableStatement.call(FailOnTimeout.java:282)
	at java.util.concurrent.FutureTask.run(FutureTask.java:266)
	at java.lang.Thread.run(Thread.java:750)
]]></skipped>
    <system-out><![CDATA[2022-08-09 13:48:24,491 [Time-limited test] INFO  rpc.RpcClient (RpcClient.java:createVolume(468)) - Creating Volume: volume16347, with user36002 as owner and space quota set to -1 bytes, counts quota set to -1
2022-08-09 13:48:24,492 [OM StateMachine ApplyTransaction Thread - 0] INFO  volume.OMVolumeCreateRequest (OMVolumeCreateRequest.java:validateAndUpdateCache(195)) - created volume:volume16347 for user:user36002
2022-08-09 13:48:24,493 [Time-limited test] INFO  rpc.RpcClient (RpcClient.java:createBucket(671)) - Creating Bucket: volume16347/bucket93161, with bucket layout LEGACY, runner as owner, Versioning false, Storage Type set to DISK and Encryption set to false 
2022-08-09 13:48:24,496 [OM StateMachine ApplyTransaction Thread - 0] INFO  bucket.OMBucketCreateRequest (OMBucketCreateRequest.java:validateAndUpdateCache(260)) - created bucket: bucket93161 of layout LEGACY in volume: volume16347
]]></system-out>
  </testcase>
  <testcase name="testMkdirOnNonExistentVolumeBucketDir" classname="TestRootedOzoneFileSystem" time="0">
    <skipped type="org.junit.AssumptionViolatedException"><![CDATA[org.junit.AssumptionViolatedException: FS Path is enabled. Skipping this test as it is not tuned for FS Path yet
	at org.junit.Assume.assumeTrue(Assume.java:68)
	at org.apache.hadoop.fs.ozone.TestRootedOzoneFileSystem.testMkdirOnNonExistentVolumeBucketDir(TestRootedOzoneFileSystem.java:421)
	at sun.reflect.NativeMethodAccessorImpl.invoke0(Native Method)
	at sun.reflect.NativeMethodAccessorImpl.invoke(NativeMethodAccessorImpl.java:62)
	at sun.reflect.DelegatingMethodAccessorImpl.invoke(DelegatingMethodAccessorImpl.java:43)
	at java.lang.reflect.Method.invoke(Method.java:498)
	at org.junit.runners.model.FrameworkMethod$1.runReflectiveCall(FrameworkMethod.java:59)
	at org.junit.internal.runners.model.ReflectiveCallable.run(ReflectiveCallable.java:12)
	at org.junit.runners.model.FrameworkMethod.invokeExplosively(FrameworkMethod.java:56)
	at org.junit.internal.runners.statements.InvokeMethod.evaluate(InvokeMethod.java:17)
	at org.junit.internal.runners.statements.RunBefores.evaluate(RunBefores.java:26)
	at org.junit.internal.runners.statements.RunAfters.evaluate(RunAfters.java:27)
	at org.junit.internal.runners.statements.FailOnTimeout$CallableStatement.call(FailOnTimeout.java:288)
	at org.junit.internal.runners.statements.FailOnTimeout$CallableStatement.call(FailOnTimeout.java:282)
	at java.util.concurrent.FutureTask.run(FutureTask.java:266)
	at java.lang.Thread.run(Thread.java:750)
]]></skipped>
    <system-out><![CDATA[2022-08-09 13:49:31,433 [Time-limited test] INFO  rpc.RpcClient (RpcClient.java:createVolume(468)) - Creating Volume: volume99885, with user85636 as owner and space quota set to -1 bytes, counts quota set to -1
2022-08-09 13:49:31,436 [IPC Server handler 9 on default port 42643] INFO  volume.OMVolumeCreateRequest (OMVolumeCreateRequest.java:validateAndUpdateCache(195)) - created volume:volume99885 for user:user85636
2022-08-09 13:49:31,437 [Time-limited test] INFO  rpc.RpcClient (RpcClient.java:createBucket(671)) - Creating Bucket: volume99885/bucket46046, with bucket layout LEGACY, runner as owner, Versioning false, Storage Type set to DISK and Encryption set to false 
2022-08-09 13:49:31,440 [IPC Server handler 15 on default port 42643] INFO  bucket.OMBucketCreateRequest (OMBucketCreateRequest.java:validateAndUpdateCache(260)) - created bucket: bucket46046 of layout LEGACY in volume: volume99885
]]></system-out>
  </testcase>
  <testcase name="testMkdirOnNonExistentVolumeBucketDir" classname="TestRootedOzoneFileSystem" time="0.271">
    <system-out><![CDATA[2022-08-09 13:50:50,391 [Time-limited test] INFO  rpc.RpcClient (RpcClient.java:createVolume(468)) - Creating Volume: volume03088, with user08537 as owner and space quota set to -1 bytes, counts quota set to -1
2022-08-09 13:50:50,399 [OM StateMachine ApplyTransaction Thread - 0] INFO  volume.OMVolumeCreateRequest (OMVolumeCreateRequest.java:validateAndUpdateCache(195)) - created volume:volume03088 for user:user08537
2022-08-09 13:50:50,400 [Time-limited test] INFO  rpc.RpcClient (RpcClient.java:createBucket(671)) - Creating Bucket: volume03088/bucket21972, with bucket layout LEGACY, runner as owner, Versioning false, Storage Type set to DISK and Encryption set to false 
2022-08-09 13:50:50,405 [OM StateMachine ApplyTransaction Thread - 0] INFO  bucket.OMBucketCreateRequest (OMBucketCreateRequest.java:validateAndUpdateCache(260)) - created bucket: bucket21972 of layout LEGACY in volume: volume03088
13:50:50.408 [IPC Server handler 11 on default port 45023] ERROR OMAudit - user=runner | ip=127.0.0.1 | op=READ_BUCKET {volume=volume-96780, bucket=bucket-88932} | ret=FAILURE
org.apache.hadoop.ozone.om.exceptions.OMException: Volume not found when getting bucket info
	at org.apache.hadoop.ozone.om.BucketManagerImpl.getBucketInfo(BucketManagerImpl.java:127) ~[ozone-manager-1.3.0-SNAPSHOT.jar:?]
	at org.apache.hadoop.ozone.om.OzoneManager.getBucketInfo(OzoneManager.java:2780) ~[ozone-manager-1.3.0-SNAPSHOT.jar:?]
	at org.apache.hadoop.ozone.protocolPB.OzoneManagerRequestHandler.infoBucket(OzoneManagerRequestHandler.java:475) ~[ozone-manager-1.3.0-SNAPSHOT.jar:?]
	at org.apache.hadoop.ozone.protocolPB.OzoneManagerRequestHandler.handleReadRequest(OzoneManagerRequestHandler.java:178) ~[ozone-manager-1.3.0-SNAPSHOT.jar:?]
	at org.apache.hadoop.ozone.protocolPB.OzoneManagerProtocolServerSideTranslatorPB.submitReadRequestToOM(OzoneManagerProtocolServerSideTranslatorPB.java:226) ~[ozone-manager-1.3.0-SNAPSHOT.jar:?]
	at org.apache.hadoop.ozone.protocolPB.OzoneManagerProtocolServerSideTranslatorPB.processRequest(OzoneManagerProtocolServerSideTranslatorPB.java:175) ~[ozone-manager-1.3.0-SNAPSHOT.jar:?]
	at org.apache.hadoop.hdds.server.OzoneProtocolMessageDispatcher.processRequest(OzoneProtocolMessageDispatcher.java:87) [hdds-server-framework-1.3.0-SNAPSHOT.jar:?]
	at org.apache.hadoop.ozone.protocolPB.OzoneManagerProtocolServerSideTranslatorPB.submitRequest(OzoneManagerProtocolServerSideTranslatorPB.java:147) [ozone-manager-1.3.0-SNAPSHOT.jar:?]
	at org.apache.hadoop.ozone.protocol.proto.OzoneManagerProtocolProtos$OzoneManagerService$2.callBlockingMethod(OzoneManagerProtocolProtos.java) [ozone-interface-client-1.3.0-SNAPSHOT.jar:?]
	at org.apache.hadoop.ipc.ProtobufRpcEngine$Server.processCall(ProtobufRpcEngine.java:466) [hadoop-common-3.3.1.jar:?]
	at org.apache.hadoop.ipc.ProtobufRpcEngine2$Server$ProtoBufRpcInvoker.call(ProtobufRpcEngine2.java:574) [hadoop-common-3.3.1.jar:?]
	at org.apache.hadoop.ipc.ProtobufRpcEngine2$Server$ProtoBufRpcInvoker.call(ProtobufRpcEngine2.java:552) [hadoop-common-3.3.1.jar:?]
	at org.apache.hadoop.ipc.RPC$Server.call(RPC.java:1093) [hadoop-common-3.3.1.jar:?]
	at org.apache.hadoop.ipc.Server$RpcCall.run(Server.java:1035) [hadoop-common-3.3.1.jar:?]
	at org.apache.hadoop.ipc.Server$RpcCall.run(Server.java:963) [hadoop-common-3.3.1.jar:?]
	at java.security.AccessController.doPrivileged(Native Method) ~[?:1.8.0_332]
	at javax.security.auth.Subject.doAs(Subject.java:422) [?:1.8.0_332]
	at org.apache.hadoop.security.UserGroupInformation.doAs(UserGroupInformation.java:1878) [hadoop-common-3.3.1.jar:?]
	at org.apache.hadoop.ipc.Server$Handler.run(Server.java:2966) [hadoop-common-3.3.1.jar:?]
2022-08-09 13:50:50,409 [Time-limited test] INFO  rpc.RpcClient (RpcClient.java:createVolume(468)) - Creating Volume: volume-96780, with runner as owner and space quota set to -1 bytes, counts quota set to -1
2022-08-09 13:50:50,410 [OM StateMachine ApplyTransaction Thread - 0] INFO  volume.OMVolumeCreateRequest (OMVolumeCreateRequest.java:validateAndUpdateCache(195)) - created volume:volume-96780 for user:runner
2022-08-09 13:50:50,411 [Time-limited test] INFO  rpc.RpcClient (RpcClient.java:createBucket(671)) - Creating Bucket: volume-96780/bucket-88932, with bucket layout LEGACY, runner as owner, Versioning false, Storage Type set to DISK and Encryption set to false 
2022-08-09 13:50:50,412 [OM StateMachine ApplyTransaction Thread - 0] INFO  bucket.OMBucketCreateRequest (OMBucketCreateRequest.java:validateAndUpdateCache(260)) - created bucket: bucket-88932 of layout LEGACY in volume: volume-96780
]]></system-out>
  </testcase>
  <testcase name="testMkdirOnNonExistentVolumeBucketDir" classname="TestRootedOzoneFileSystem" time="0.211">
    <system-out><![CDATA[2022-08-09 13:52:15,184 [Time-limited test] INFO  rpc.RpcClient (RpcClient.java:createVolume(468)) - Creating Volume: volume02909, with user60633 as owner and space quota set to -1 bytes, counts quota set to -1
2022-08-09 13:52:15,186 [IPC Server handler 18 on default port 44079] INFO  volume.OMVolumeCreateRequest (OMVolumeCreateRequest.java:validateAndUpdateCache(195)) - created volume:volume02909 for user:user60633
2022-08-09 13:52:15,186 [Time-limited test] INFO  rpc.RpcClient (RpcClient.java:createBucket(671)) - Creating Bucket: volume02909/bucket07070, with bucket layout LEGACY, runner as owner, Versioning false, Storage Type set to DISK and Encryption set to false 
2022-08-09 13:52:15,189 [IPC Server handler 0 on default port 44079] INFO  bucket.OMBucketCreateRequest (OMBucketCreateRequest.java:validateAndUpdateCache(260)) - created bucket: bucket07070 of layout LEGACY in volume: volume02909
13:52:15.190 [IPC Server handler 1 on default port 44079] ERROR OMAudit - user=runner | ip=127.0.0.1 | op=READ_BUCKET {volume=volume-29734, bucket=bucket-94113} | ret=FAILURE
org.apache.hadoop.ozone.om.exceptions.OMException: Volume not found when getting bucket info
	at org.apache.hadoop.ozone.om.BucketManagerImpl.getBucketInfo(BucketManagerImpl.java:127) ~[ozone-manager-1.3.0-SNAPSHOT.jar:?]
	at org.apache.hadoop.ozone.om.OzoneManager.getBucketInfo(OzoneManager.java:2780) ~[ozone-manager-1.3.0-SNAPSHOT.jar:?]
	at org.apache.hadoop.ozone.protocolPB.OzoneManagerRequestHandler.infoBucket(OzoneManagerRequestHandler.java:475) ~[ozone-manager-1.3.0-SNAPSHOT.jar:?]
	at org.apache.hadoop.ozone.protocolPB.OzoneManagerRequestHandler.handleReadRequest(OzoneManagerRequestHandler.java:178) ~[ozone-manager-1.3.0-SNAPSHOT.jar:?]
	at org.apache.hadoop.ozone.protocolPB.OzoneManagerProtocolServerSideTranslatorPB.submitRequestDirectlyToOM(OzoneManagerProtocolServerSideTranslatorPB.java:276) ~[ozone-manager-1.3.0-SNAPSHOT.jar:?]
	at org.apache.hadoop.ozone.protocolPB.OzoneManagerProtocolServerSideTranslatorPB.processRequest(OzoneManagerProtocolServerSideTranslatorPB.java:205) ~[ozone-manager-1.3.0-SNAPSHOT.jar:?]
	at org.apache.hadoop.hdds.server.OzoneProtocolMessageDispatcher.processRequest(OzoneProtocolMessageDispatcher.java:87) [hdds-server-framework-1.3.0-SNAPSHOT.jar:?]
	at org.apache.hadoop.ozone.protocolPB.OzoneManagerProtocolServerSideTranslatorPB.submitRequest(OzoneManagerProtocolServerSideTranslatorPB.java:147) [ozone-manager-1.3.0-SNAPSHOT.jar:?]
	at org.apache.hadoop.ozone.protocol.proto.OzoneManagerProtocolProtos$OzoneManagerService$2.callBlockingMethod(OzoneManagerProtocolProtos.java) [ozone-interface-client-1.3.0-SNAPSHOT.jar:?]
	at org.apache.hadoop.ipc.ProtobufRpcEngine$Server.processCall(ProtobufRpcEngine.java:466) [hadoop-common-3.3.1.jar:?]
	at org.apache.hadoop.ipc.ProtobufRpcEngine2$Server$ProtoBufRpcInvoker.call(ProtobufRpcEngine2.java:574) [hadoop-common-3.3.1.jar:?]
	at org.apache.hadoop.ipc.ProtobufRpcEngine2$Server$ProtoBufRpcInvoker.call(ProtobufRpcEngine2.java:552) [hadoop-common-3.3.1.jar:?]
	at org.apache.hadoop.ipc.RPC$Server.call(RPC.java:1093) [hadoop-common-3.3.1.jar:?]
	at org.apache.hadoop.ipc.Server$RpcCall.run(Server.java:1035) [hadoop-common-3.3.1.jar:?]
	at org.apache.hadoop.ipc.Server$RpcCall.run(Server.java:963) [hadoop-common-3.3.1.jar:?]
	at java.security.AccessController.doPrivileged(Native Method) ~[?:1.8.0_332]
	at javax.security.auth.Subject.doAs(Subject.java:422) [?:1.8.0_332]
	at org.apache.hadoop.security.UserGroupInformation.doAs(UserGroupInformation.java:1878) [hadoop-common-3.3.1.jar:?]
	at org.apache.hadoop.ipc.Server$Handler.run(Server.java:2966) [hadoop-common-3.3.1.jar:?]
2022-08-09 13:52:15,192 [Time-limited test] INFO  rpc.RpcClient (RpcClient.java:createVolume(468)) - Creating Volume: volume-29734, with runner as owner and space quota set to -1 bytes, counts quota set to -1
2022-08-09 13:52:15,193 [IPC Server handler 15 on default port 44079] INFO  volume.OMVolumeCreateRequest (OMVolumeCreateRequest.java:validateAndUpdateCache(195)) - created volume:volume-29734 for user:runner
2022-08-09 13:52:15,204 [Time-limited test] INFO  rpc.RpcClient (RpcClient.java:createBucket(671)) - Creating Bucket: volume-29734/bucket-94113, with bucket layout LEGACY, runner as owner, Versioning false, Storage Type set to DISK and Encryption set to false 
2022-08-09 13:52:15,207 [IPC Server handler 16 on default port 44079] INFO  bucket.OMBucketCreateRequest (OMBucketCreateRequest.java:validateAndUpdateCache(260)) - created bucket: bucket-94113 of layout LEGACY in volume: volume-29734
]]></system-out>
  </testcase>
  <testcase name="testListStatusOnLargeDirectory" classname="TestRootedOzoneFileSystem" time="11.707">
    <system-out><![CDATA[2022-08-09 13:47:19,009 [grpc-default-executor-1] INFO  server.RaftServer$Division (RaftServerImpl.java:requestVote(1152)) - 51becc16-89cb-4fad-bf94-a36b935bb005@group-2900A7781F59: receive requestVote(ELECTION, 1fcb99f6-8828-4195-ae29-7192ffc3f248, group-2900A7781F59, 2, (t:0, i:0))
2022-08-09 13:47:19,010 [grpc-default-executor-1] INFO  impl.VoteContext (VoteContext.java:log(48)) - 51becc16-89cb-4fad-bf94-a36b935bb005@group-2900A7781F59-FOLLOWER: accept ELECTION from 1fcb99f6-8828-4195-ae29-7192ffc3f248: our priority 0 <= candidate's priority 0
2022-08-09 13:47:19,010 [grpc-default-executor-1] INFO  server.RaftServer$Division (RaftServerImpl.java:setRole(299)) - 51becc16-89cb-4fad-bf94-a36b935bb005@group-2900A7781F59: changes role from  FOLLOWER to FOLLOWER at term 2 for candidate:1fcb99f6-8828-4195-ae29-7192ffc3f248
2022-08-09 13:47:19,010 [grpc-default-executor-1] INFO  impl.RoleInfo (RoleInfo.java:shutdownFollowerState(110)) - 51becc16-89cb-4fad-bf94-a36b935bb005: shutdown 51becc16-89cb-4fad-bf94-a36b935bb005@group-2900A7781F59-FollowerState
2022-08-09 13:47:19,013 [grpc-default-executor-1] INFO  impl.RoleInfo (RoleInfo.java:updateAndGet(139)) - 51becc16-89cb-4fad-bf94-a36b935bb005: start 51becc16-89cb-4fad-bf94-a36b935bb005@group-2900A7781F59-FollowerState
2022-08-09 13:47:19,013 [51becc16-89cb-4fad-bf94-a36b935bb005@group-2900A7781F59-FollowerState] INFO  impl.FollowerState (FollowerState.java:run(152)) - 51becc16-89cb-4fad-bf94-a36b935bb005@group-2900A7781F59-FollowerState was interrupted
2022-08-09 13:47:19,020 [grpc-default-executor-0] INFO  server.RaftServer$Division (RaftServerImpl.java:requestVote(1152)) - 364e6842-d032-4d6d-bdb1-058b551233a8@group-2900A7781F59: receive requestVote(ELECTION, 1fcb99f6-8828-4195-ae29-7192ffc3f248, group-2900A7781F59, 2, (t:0, i:0))
2022-08-09 13:47:19,024 [grpc-default-executor-0] INFO  impl.VoteContext (VoteContext.java:log(48)) - 364e6842-d032-4d6d-bdb1-058b551233a8@group-2900A7781F59-FOLLOWER: reject ELECTION from 1fcb99f6-8828-4195-ae29-7192ffc3f248: our priority 1 > candidate's priority 0
2022-08-09 13:47:19,024 [grpc-default-executor-0] INFO  server.RaftServer$Division (RaftServerImpl.java:setRole(299)) - 364e6842-d032-4d6d-bdb1-058b551233a8@group-2900A7781F59: changes role from  FOLLOWER to FOLLOWER at term 2 for candidate:1fcb99f6-8828-4195-ae29-7192ffc3f248
2022-08-09 13:47:19,024 [grpc-default-executor-0] INFO  impl.RoleInfo (RoleInfo.java:shutdownFollowerState(110)) - 364e6842-d032-4d6d-bdb1-058b551233a8: shutdown 364e6842-d032-4d6d-bdb1-058b551233a8@group-2900A7781F59-FollowerState
2022-08-09 13:47:19,024 [grpc-default-executor-0] INFO  impl.RoleInfo (RoleInfo.java:updateAndGet(139)) - 364e6842-d032-4d6d-bdb1-058b551233a8: start 364e6842-d032-4d6d-bdb1-058b551233a8@group-2900A7781F59-FollowerState
2022-08-09 13:47:19,024 [364e6842-d032-4d6d-bdb1-058b551233a8@group-2900A7781F59-FollowerState] INFO  impl.FollowerState (FollowerState.java:run(152)) - 364e6842-d032-4d6d-bdb1-058b551233a8@group-2900A7781F59-FollowerState was interrupted
2022-08-09 13:47:19,025 [grpc-default-executor-1] INFO  server.RaftServer$Division (RaftServerImpl.java:requestVote(1184)) - 51becc16-89cb-4fad-bf94-a36b935bb005@group-2900A7781F59 replies to ELECTION vote request: 1fcb99f6-8828-4195-ae29-7192ffc3f248<-51becc16-89cb-4fad-bf94-a36b935bb005#0:OK-t2. Peer's state: 51becc16-89cb-4fad-bf94-a36b935bb005@group-2900A7781F59:t2, leader=null, voted=1fcb99f6-8828-4195-ae29-7192ffc3f248, raftlog=51becc16-89cb-4fad-bf94-a36b935bb005@group-2900A7781F59-SegmentedRaftLog:OPENED:c-1, conf=-1: [1fcb99f6-8828-4195-ae29-7192ffc3f248|rpc:10.1.0.19:42165|dataStream:|priority:0, 51becc16-89cb-4fad-bf94-a36b935bb005|rpc:10.1.0.19:38313|dataStream:|priority:0, 364e6842-d032-4d6d-bdb1-058b551233a8|rpc:10.1.0.19:35261|dataStream:|priority:1], old=null
2022-08-09 13:47:19,044 [grpc-default-executor-0] INFO  server.RaftServer$Division (RaftServerImpl.java:requestVote(1184)) - 364e6842-d032-4d6d-bdb1-058b551233a8@group-2900A7781F59 replies to ELECTION vote request: 1fcb99f6-8828-4195-ae29-7192ffc3f248<-364e6842-d032-4d6d-bdb1-058b551233a8#0:FAIL-t2. Peer's state: 364e6842-d032-4d6d-bdb1-058b551233a8@group-2900A7781F59:t2, leader=null, voted=null, raftlog=364e6842-d032-4d6d-bdb1-058b551233a8@group-2900A7781F59-SegmentedRaftLog:OPENED:c-1, conf=-1: [1fcb99f6-8828-4195-ae29-7192ffc3f248|rpc:10.1.0.19:42165|priority:0, 51becc16-89cb-4fad-bf94-a36b935bb005|rpc:10.1.0.19:38313|priority:0, 364e6842-d032-4d6d-bdb1-058b551233a8|rpc:10.1.0.19:35261|priority:1], old=null
2022-08-09 13:47:19,046 [1fcb99f6-8828-4195-ae29-7192ffc3f248@group-2900A7781F59-LeaderElection10] INFO  impl.LeaderElection (LeaderElection.java:logAndReturn(90)) - 1fcb99f6-8828-4195-ae29-7192ffc3f248@group-2900A7781F59-LeaderElection10: ELECTION REJECTED received 2 response(s) and 0 exception(s):
2022-08-09 13:47:19,046 [1fcb99f6-8828-4195-ae29-7192ffc3f248@group-2900A7781F59-LeaderElection10] INFO  impl.LeaderElection (LeaderElection.java:logAndReturn(94)) -   Response 0: 1fcb99f6-8828-4195-ae29-7192ffc3f248<-51becc16-89cb-4fad-bf94-a36b935bb005#0:OK-t2
2022-08-09 13:47:19,046 [1fcb99f6-8828-4195-ae29-7192ffc3f248@group-2900A7781F59-LeaderElection10] INFO  impl.LeaderElection (LeaderElection.java:logAndReturn(94)) -   Response 1: 1fcb99f6-8828-4195-ae29-7192ffc3f248<-364e6842-d032-4d6d-bdb1-058b551233a8#0:FAIL-t2
2022-08-09 13:47:19,046 [1fcb99f6-8828-4195-ae29-7192ffc3f248@group-2900A7781F59-LeaderElection10] INFO  impl.LeaderElection (LeaderElection.java:askForVotes(312)) - 1fcb99f6-8828-4195-ae29-7192ffc3f248@group-2900A7781F59-LeaderElection10 ELECTION round 0: result REJECTED
2022-08-09 13:47:19,046 [1fcb99f6-8828-4195-ae29-7192ffc3f248@group-2900A7781F59-LeaderElection10] INFO  server.RaftServer$Division (RaftServerImpl.java:setRole(299)) - 1fcb99f6-8828-4195-ae29-7192ffc3f248@group-2900A7781F59: changes role from CANDIDATE to FOLLOWER at term 2 for REJECTED
2022-08-09 13:47:19,046 [1fcb99f6-8828-4195-ae29-7192ffc3f248@group-2900A7781F59-LeaderElection10] INFO  impl.RoleInfo (RoleInfo.java:shutdownLeaderElection(130)) - 1fcb99f6-8828-4195-ae29-7192ffc3f248: shutdown 1fcb99f6-8828-4195-ae29-7192ffc3f248@group-2900A7781F59-LeaderElection10
2022-08-09 13:47:19,046 [1fcb99f6-8828-4195-ae29-7192ffc3f248@group-2900A7781F59-LeaderElection10] INFO  impl.RoleInfo (RoleInfo.java:updateAndGet(139)) - 1fcb99f6-8828-4195-ae29-7192ffc3f248: start 1fcb99f6-8828-4195-ae29-7192ffc3f248@group-2900A7781F59-FollowerState
2022-08-09 13:47:19,063 [Time-limited test] INFO  rpc.RpcClient (RpcClient.java:createVolume(468)) - Creating Volume: volume21199, with user16153 as owner and space quota set to -1 bytes, counts quota set to -1
2022-08-09 13:47:19,065 [OM StateMachine ApplyTransaction Thread - 0] INFO  volume.OMVolumeCreateRequest (OMVolumeCreateRequest.java:validateAndUpdateCache(195)) - created volume:volume21199 for user:user16153
2022-08-09 13:47:19,070 [Time-limited test] INFO  rpc.RpcClient (RpcClient.java:createBucket(671)) - Creating Bucket: volume21199/bucket49241, with bucket layout LEGACY, runner as owner, Versioning false, Storage Type set to DISK and Encryption set to false 
2022-08-09 13:47:19,072 [OM StateMachine ApplyTransaction Thread - 0] INFO  bucket.OMBucketCreateRequest (OMBucketCreateRequest.java:validateAndUpdateCache(260)) - created bucket: bucket49241 of layout LEGACY in volume: volume21199
2022-08-09 13:47:24,067 [364e6842-d032-4d6d-bdb1-058b551233a8@group-2900A7781F59-FollowerState] INFO  impl.FollowerState (FollowerState.java:run(143)) - 364e6842-d032-4d6d-bdb1-058b551233a8@group-2900A7781F59-FollowerState: change to CANDIDATE, lastRpcElapsedTime:5042347610ns, electionTimeout:5023ms
2022-08-09 13:47:24,067 [364e6842-d032-4d6d-bdb1-058b551233a8@group-2900A7781F59-FollowerState] INFO  impl.RoleInfo (RoleInfo.java:shutdownFollowerState(110)) - 364e6842-d032-4d6d-bdb1-058b551233a8: shutdown 364e6842-d032-4d6d-bdb1-058b551233a8@group-2900A7781F59-FollowerState
2022-08-09 13:47:24,067 [364e6842-d032-4d6d-bdb1-058b551233a8@group-2900A7781F59-FollowerState] INFO  server.RaftServer$Division (RaftServerImpl.java:setRole(299)) - 364e6842-d032-4d6d-bdb1-058b551233a8@group-2900A7781F59: changes role from  FOLLOWER to CANDIDATE at term 2 for changeToCandidate
2022-08-09 13:47:24,067 [364e6842-d032-4d6d-bdb1-058b551233a8@group-2900A7781F59-FollowerState] INFO  server.RaftServerConfigKeys (ConfUtils.java:logGet(46)) - raft.server.leaderelection.pre-vote = false (custom)
2022-08-09 13:47:24,067 [364e6842-d032-4d6d-bdb1-058b551233a8@group-2900A7781F59-FollowerState] INFO  impl.RoleInfo (RoleInfo.java:updateAndGet(139)) - 364e6842-d032-4d6d-bdb1-058b551233a8: start 364e6842-d032-4d6d-bdb1-058b551233a8@group-2900A7781F59-LeaderElection11
2022-08-09 13:47:24,075 [364e6842-d032-4d6d-bdb1-058b551233a8@group-2900A7781F59-LeaderElection11] INFO  impl.LeaderElection (LeaderElection.java:askForVotes(310)) - 364e6842-d032-4d6d-bdb1-058b551233a8@group-2900A7781F59-LeaderElection11 ELECTION round 0: submit vote requests at term 3 for -1: [1fcb99f6-8828-4195-ae29-7192ffc3f248|rpc:10.1.0.19:42165|priority:0, 51becc16-89cb-4fad-bf94-a36b935bb005|rpc:10.1.0.19:38313|priority:0, 364e6842-d032-4d6d-bdb1-058b551233a8|rpc:10.1.0.19:35261|priority:1], old=null
2022-08-09 13:47:24,111 [grpc-default-executor-0] INFO  server.RaftServer$Division (RaftServerImpl.java:requestVote(1152)) - 51becc16-89cb-4fad-bf94-a36b935bb005@group-2900A7781F59: receive requestVote(ELECTION, 364e6842-d032-4d6d-bdb1-058b551233a8, group-2900A7781F59, 3, (t:0, i:0))
2022-08-09 13:47:24,111 [grpc-default-executor-0] INFO  impl.VoteContext (VoteContext.java:log(48)) - 51becc16-89cb-4fad-bf94-a36b935bb005@group-2900A7781F59-FOLLOWER: accept ELECTION from 364e6842-d032-4d6d-bdb1-058b551233a8: our priority 0 <= candidate's priority 1
2022-08-09 13:47:24,111 [grpc-default-executor-0] INFO  server.RaftServer$Division (RaftServerImpl.java:setRole(299)) - 51becc16-89cb-4fad-bf94-a36b935bb005@group-2900A7781F59: changes role from  FOLLOWER to FOLLOWER at term 3 for candidate:364e6842-d032-4d6d-bdb1-058b551233a8
2022-08-09 13:47:24,111 [grpc-default-executor-0] INFO  impl.RoleInfo (RoleInfo.java:shutdownFollowerState(110)) - 51becc16-89cb-4fad-bf94-a36b935bb005: shutdown 51becc16-89cb-4fad-bf94-a36b935bb005@group-2900A7781F59-FollowerState
2022-08-09 13:47:24,112 [grpc-default-executor-0] INFO  impl.RoleInfo (RoleInfo.java:updateAndGet(139)) - 51becc16-89cb-4fad-bf94-a36b935bb005: start 51becc16-89cb-4fad-bf94-a36b935bb005@group-2900A7781F59-FollowerState
2022-08-09 13:47:24,112 [51becc16-89cb-4fad-bf94-a36b935bb005@group-2900A7781F59-FollowerState] INFO  impl.FollowerState (FollowerState.java:run(152)) - 51becc16-89cb-4fad-bf94-a36b935bb005@group-2900A7781F59-FollowerState was interrupted
2022-08-09 13:47:24,113 [grpc-default-executor-0] INFO  server.RaftServer$Division (RaftServerImpl.java:requestVote(1184)) - 51becc16-89cb-4fad-bf94-a36b935bb005@group-2900A7781F59 replies to ELECTION vote request: 364e6842-d032-4d6d-bdb1-058b551233a8<-51becc16-89cb-4fad-bf94-a36b935bb005#0:OK-t3. Peer's state: 51becc16-89cb-4fad-bf94-a36b935bb005@group-2900A7781F59:t3, leader=null, voted=364e6842-d032-4d6d-bdb1-058b551233a8, raftlog=51becc16-89cb-4fad-bf94-a36b935bb005@group-2900A7781F59-SegmentedRaftLog:OPENED:c-1, conf=-1: [1fcb99f6-8828-4195-ae29-7192ffc3f248|rpc:10.1.0.19:42165|dataStream:|priority:0, 51becc16-89cb-4fad-bf94-a36b935bb005|rpc:10.1.0.19:38313|dataStream:|priority:0, 364e6842-d032-4d6d-bdb1-058b551233a8|rpc:10.1.0.19:35261|dataStream:|priority:1], old=null
2022-08-09 13:47:24,118 [364e6842-d032-4d6d-bdb1-058b551233a8@group-2900A7781F59-LeaderElection11] INFO  impl.LeaderElection (LeaderElection.java:logAndReturn(90)) - 364e6842-d032-4d6d-bdb1-058b551233a8@group-2900A7781F59-LeaderElection11: ELECTION PASSED received 1 response(s) and 0 exception(s):
2022-08-09 13:47:24,118 [364e6842-d032-4d6d-bdb1-058b551233a8@group-2900A7781F59-LeaderElection11] INFO  impl.LeaderElection (LeaderElection.java:logAndReturn(94)) -   Response 0: 364e6842-d032-4d6d-bdb1-058b551233a8<-51becc16-89cb-4fad-bf94-a36b935bb005#0:OK-t3
2022-08-09 13:47:24,118 [364e6842-d032-4d6d-bdb1-058b551233a8@group-2900A7781F59-LeaderElection11] INFO  impl.LeaderElection (LeaderElection.java:askForVotes(312)) - 364e6842-d032-4d6d-bdb1-058b551233a8@group-2900A7781F59-LeaderElection11 ELECTION round 0: result PASSED
2022-08-09 13:47:24,118 [364e6842-d032-4d6d-bdb1-058b551233a8@group-2900A7781F59-LeaderElection11] INFO  impl.RoleInfo (RoleInfo.java:shutdownLeaderElection(130)) - 364e6842-d032-4d6d-bdb1-058b551233a8: shutdown 364e6842-d032-4d6d-bdb1-058b551233a8@group-2900A7781F59-LeaderElection11
2022-08-09 13:47:24,118 [364e6842-d032-4d6d-bdb1-058b551233a8@group-2900A7781F59-LeaderElection11] INFO  server.RaftServer$Division (RaftServerImpl.java:setRole(299)) - 364e6842-d032-4d6d-bdb1-058b551233a8@group-2900A7781F59: changes role from CANDIDATE to LEADER at term 3 for changeToLeader
2022-08-09 13:47:24,118 [364e6842-d032-4d6d-bdb1-058b551233a8@group-2900A7781F59-LeaderElection11] INFO  ratis.XceiverServerRatis (XceiverServerRatis.java:handleLeaderChangedNotification(863)) - Leader change notification received for group: group-2900A7781F59 with new leaderId: 364e6842-d032-4d6d-bdb1-058b551233a8
2022-08-09 13:47:24,118 [364e6842-d032-4d6d-bdb1-058b551233a8@group-2900A7781F59-LeaderElection11] INFO  server.RaftServer$Division (ServerState.java:setLeader(287)) - 364e6842-d032-4d6d-bdb1-058b551233a8@group-2900A7781F59: change Leader from null to 364e6842-d032-4d6d-bdb1-058b551233a8 at term 3 for becomeLeader, leader elected after 15304ms
2022-08-09 13:47:24,118 [364e6842-d032-4d6d-bdb1-058b551233a8@group-2900A7781F59-LeaderElection11] INFO  server.RaftServerConfigKeys (ConfUtils.java:logGet(46)) - raft.server.staging.catchup.gap = 1000 (default)
2022-08-09 13:47:24,119 [364e6842-d032-4d6d-bdb1-058b551233a8@group-2900A7781F59-LeaderElection11] INFO  server.RaftServerConfigKeys (ConfUtils.java:logGet(46)) - raft.server.write.element-limit = 1024 (custom)
2022-08-09 13:47:24,119 [364e6842-d032-4d6d-bdb1-058b551233a8@group-2900A7781F59-LeaderElection11] INFO  server.RaftServerConfigKeys (ConfUtils.java:logGet(46)) - raft.server.write.byte-limit = 1024 M (=1073741824) (custom)
2022-08-09 13:47:24,119 [364e6842-d032-4d6d-bdb1-058b551233a8@group-2900A7781F59-LeaderElection11] INFO  server.RaftServerConfigKeys (ConfUtils.java:logGet(46)) - raft.server.watch.timeout = 180s (custom)
2022-08-09 13:47:24,119 [364e6842-d032-4d6d-bdb1-058b551233a8@group-2900A7781F59-LeaderElection11] INFO  server.RaftServerConfigKeys (ConfUtils.java:logGet(46)) - raft.server.watch.timeout.denomination = 1s (default)
2022-08-09 13:47:24,119 [364e6842-d032-4d6d-bdb1-058b551233a8@group-2900A7781F59-LeaderElection11] INFO  server.RaftServerConfigKeys (ConfUtils.java:logGet(46)) - raft.server.watch.element-limit = 65536 (default)
2022-08-09 13:47:24,119 [364e6842-d032-4d6d-bdb1-058b551233a8@group-2900A7781F59-LeaderElection11] INFO  server.RaftServerConfigKeys (ConfUtils.java:logGet(46)) - raft.server.write.element-limit = 1024 (custom)
2022-08-09 13:47:24,119 [364e6842-d032-4d6d-bdb1-058b551233a8@group-2900A7781F59-LeaderElection11] INFO  server.RaftServerConfigKeys (ConfUtils.java:logGet(46)) - raft.server.write.follower.gap.ratio.max = -1.0 (default)
2022-08-09 13:47:24,120 [364e6842-d032-4d6d-bdb1-058b551233a8@group-2900A7781F59-LeaderElection11] INFO  server.RaftServerConfigKeys (ConfUtils.java:logGet(46)) - raft.server.log.appender.snapshot.chunk.size.max = 16MB (=16777216) (default)
2022-08-09 13:47:24,120 [364e6842-d032-4d6d-bdb1-058b551233a8@group-2900A7781F59-LeaderElection11] INFO  server.RaftServerConfigKeys (ConfUtils.java:logGet(46)) - raft.server.log.appender.buffer.byte-limit = 33554432 (custom)
2022-08-09 13:47:24,120 [364e6842-d032-4d6d-bdb1-058b551233a8@group-2900A7781F59-LeaderElection11] INFO  server.RaftServerConfigKeys (ConfUtils.java:logGet(46)) - raft.server.log.appender.buffer.element-limit = 1 (custom)
2022-08-09 13:47:24,122 [EventQueue-PipelineReportForPipelineReportHandler] INFO  pipeline.PipelineManagerImpl (PipelineManagerImpl.java:openPipeline(367)) - Pipeline Pipeline[ Id: fc94a62e-1af6-4805-a15b-2900a7781f59, Nodes: 51becc16-89cb-4fad-bf94-a36b935bb005{ip: 10.1.0.19, host: fv-az450-466.jnfmftgkylze5hd05chtbp1i0a.dx.internal.cloudapp.net, ports: [REPLICATION=45611, RATIS=38313, RATIS_ADMIN=38313, RATIS_SERVER=38313, STANDALONE=40157], networkLocation: /default-rack, certSerialId: null, persistedOpState: IN_SERVICE, persistedOpStateExpiryEpochSec: 0}1fcb99f6-8828-4195-ae29-7192ffc3f248{ip: 10.1.0.19, host: fv-az450-466.jnfmftgkylze5hd05chtbp1i0a.dx.internal.cloudapp.net, ports: [REPLICATION=39683, RATIS=42165, RATIS_ADMIN=42165, RATIS_SERVER=42165, STANDALONE=46129], networkLocation: /default-rack, certSerialId: null, persistedOpState: IN_SERVICE, persistedOpStateExpiryEpochSec: 0}364e6842-d032-4d6d-bdb1-058b551233a8{ip: 10.1.0.19, host: fv-az450-466.jnfmftgkylze5hd05chtbp1i0a.dx.internal.cloudapp.net, ports: [REPLICATION=34663, RATIS=35261, RATIS_ADMIN=35261, RATIS_SERVER=35261, STANDALONE=35335], networkLocation: /default-rack, certSerialId: null, persistedOpState: IN_SERVICE, persistedOpStateExpiryEpochSec: 0}, ReplicationConfig: RATIS/THREE, State:ALLOCATED, leaderId:364e6842-d032-4d6d-bdb1-058b551233a8, CreationTimestamp2022-08-09T13:47:05.760Z[Etc/UTC]] moved to OPEN state
2022-08-09 13:47:24,120 [364e6842-d032-4d6d-bdb1-058b551233a8@group-2900A7781F59-LeaderElection11] INFO  grpc.GrpcConfigKeys (ConfUtils.java:logGet(46)) - raft.grpc.server.leader.outstanding.appends.max = 128 (default)
2022-08-09 13:47:24,123 [364e6842-d032-4d6d-bdb1-058b551233a8@group-2900A7781F59-LeaderElection11] INFO  server.RaftServerConfigKeys (ConfUtils.java:logGet(46)) - raft.server.rpc.request.timeout = 60s (custom)
2022-08-09 13:47:24,123 [364e6842-d032-4d6d-bdb1-058b551233a8@group-2900A7781F59-LeaderElection11] INFO  server.RaftServerConfigKeys (ConfUtils.java:logGet(46)) - raft.server.log.appender.install.snapshot.enabled = false (custom)
2022-08-09 13:47:24,128 [364e6842-d032-4d6d-bdb1-058b551233a8@group-2900A7781F59-LeaderElection11] INFO  server.RaftServerConfigKeys (ConfUtils.java:logGet(46)) - raft.server.log.appender.snapshot.chunk.size.max = 16MB (=16777216) (default)
2022-08-09 13:47:24,128 [364e6842-d032-4d6d-bdb1-058b551233a8@group-2900A7781F59-LeaderElection11] INFO  server.RaftServerConfigKeys (ConfUtils.java:logGet(46)) - raft.server.log.appender.buffer.byte-limit = 33554432 (custom)
2022-08-09 13:47:24,129 [364e6842-d032-4d6d-bdb1-058b551233a8@group-2900A7781F59-LeaderElection11] INFO  server.RaftServerConfigKeys (ConfUtils.java:logGet(46)) - raft.server.log.appender.buffer.element-limit = 1 (custom)
2022-08-09 13:47:24,129 [364e6842-d032-4d6d-bdb1-058b551233a8@group-2900A7781F59-LeaderElection11] INFO  grpc.GrpcConfigKeys (ConfUtils.java:logGet(46)) - raft.grpc.server.leader.outstanding.appends.max = 128 (default)
2022-08-09 13:47:24,129 [364e6842-d032-4d6d-bdb1-058b551233a8@group-2900A7781F59-LeaderElection11] INFO  server.RaftServerConfigKeys (ConfUtils.java:logGet(46)) - raft.server.rpc.request.timeout = 60s (custom)
2022-08-09 13:47:24,129 [364e6842-d032-4d6d-bdb1-058b551233a8@group-2900A7781F59-LeaderElection11] INFO  server.RaftServerConfigKeys (ConfUtils.java:logGet(46)) - raft.server.log.appender.install.snapshot.enabled = false (custom)
2022-08-09 13:47:24,129 [364e6842-d032-4d6d-bdb1-058b551233a8@group-2900A7781F59-LeaderElection11] INFO  impl.RoleInfo (RoleInfo.java:updateAndGet(139)) - 364e6842-d032-4d6d-bdb1-058b551233a8: start 364e6842-d032-4d6d-bdb1-058b551233a8@group-2900A7781F59-LeaderStateImpl
2022-08-09 13:47:24,129 [364e6842-d032-4d6d-bdb1-058b551233a8@group-2900A7781F59-LeaderElection11] INFO  segmented.SegmentedRaftLogWorker (SegmentedRaftLogWorker.java:startLogSegment(425)) - 364e6842-d032-4d6d-bdb1-058b551233a8@group-2900A7781F59-SegmentedRaftLogWorker: Starting segment from index:0
2022-08-09 13:47:24,137 [364e6842-d032-4d6d-bdb1-058b551233a8@group-2900A7781F59-SegmentedRaftLogWorker] INFO  segmented.SegmentedRaftLogWorker (SegmentedRaftLogWorker.java:execute(629)) - 364e6842-d032-4d6d-bdb1-058b551233a8@group-2900A7781F59-SegmentedRaftLogWorker: created new log segment /home/runner/work/ozone/ozone/hadoop-ozone/integration-test/target/test-dir/MiniOzoneClusterImpl-e9ece791-7ef2-4ada-98fe-daefa8f21954/datanode-2/data/ratis/fc94a62e-1af6-4805-a15b-2900a7781f59/current/log_inprogress_0
2022-08-09 13:47:24,154 [grpc-default-executor-0] INFO  server.RaftServer$Division (RaftServerImpl.java:requestVote(1152)) - 1fcb99f6-8828-4195-ae29-7192ffc3f248@group-2900A7781F59: receive requestVote(ELECTION, 364e6842-d032-4d6d-bdb1-058b551233a8, group-2900A7781F59, 3, (t:0, i:0))
2022-08-09 13:47:24,154 [grpc-default-executor-0] INFO  impl.VoteContext (VoteContext.java:log(48)) - 1fcb99f6-8828-4195-ae29-7192ffc3f248@group-2900A7781F59-FOLLOWER: accept ELECTION from 364e6842-d032-4d6d-bdb1-058b551233a8: our priority 0 <= candidate's priority 1
2022-08-09 13:47:24,154 [grpc-default-executor-0] INFO  server.RaftServer$Division (RaftServerImpl.java:setRole(299)) - 1fcb99f6-8828-4195-ae29-7192ffc3f248@group-2900A7781F59: changes role from  FOLLOWER to FOLLOWER at term 3 for candidate:364e6842-d032-4d6d-bdb1-058b551233a8
2022-08-09 13:47:24,154 [grpc-default-executor-0] INFO  impl.RoleInfo (RoleInfo.java:shutdownFollowerState(110)) - 1fcb99f6-8828-4195-ae29-7192ffc3f248: shutdown 1fcb99f6-8828-4195-ae29-7192ffc3f248@group-2900A7781F59-FollowerState
2022-08-09 13:47:24,154 [grpc-default-executor-0] INFO  impl.RoleInfo (RoleInfo.java:updateAndGet(139)) - 1fcb99f6-8828-4195-ae29-7192ffc3f248: start 1fcb99f6-8828-4195-ae29-7192ffc3f248@group-2900A7781F59-FollowerState
2022-08-09 13:47:24,154 [364e6842-d032-4d6d-bdb1-058b551233a8@group-2900A7781F59-LeaderElection11] INFO  server.RaftServer$Division (ServerState.java:setRaftConf(393)) - 364e6842-d032-4d6d-bdb1-058b551233a8@group-2900A7781F59: set configuration 0: [1fcb99f6-8828-4195-ae29-7192ffc3f248|rpc:10.1.0.19:42165|dataStream:|priority:0, 51becc16-89cb-4fad-bf94-a36b935bb005|rpc:10.1.0.19:38313|dataStream:|priority:0, 364e6842-d032-4d6d-bdb1-058b551233a8|rpc:10.1.0.19:35261|dataStream:|priority:1], old=null
2022-08-09 13:47:24,154 [1fcb99f6-8828-4195-ae29-7192ffc3f248@group-2900A7781F59-FollowerState] INFO  impl.FollowerState (FollowerState.java:run(152)) - 1fcb99f6-8828-4195-ae29-7192ffc3f248@group-2900A7781F59-FollowerState was interrupted
2022-08-09 13:47:24,171 [51becc16-89cb-4fad-bf94-a36b935bb005-server-thread1] INFO  ratis.XceiverServerRatis (XceiverServerRatis.java:handleLeaderChangedNotification(863)) - Leader change notification received for group: group-2900A7781F59 with new leaderId: 364e6842-d032-4d6d-bdb1-058b551233a8
2022-08-09 13:47:24,171 [51becc16-89cb-4fad-bf94-a36b935bb005-server-thread1] INFO  server.RaftServer$Division (ServerState.java:setLeader(287)) - 51becc16-89cb-4fad-bf94-a36b935bb005@group-2900A7781F59: change Leader from null to 364e6842-d032-4d6d-bdb1-058b551233a8 at term 3 for appendEntries, leader elected after 15309ms
2022-08-09 13:47:24,172 [grpc-default-executor-0] INFO  server.RaftServer$Division (RaftServerImpl.java:requestVote(1184)) - 1fcb99f6-8828-4195-ae29-7192ffc3f248@group-2900A7781F59 replies to ELECTION vote request: 364e6842-d032-4d6d-bdb1-058b551233a8<-1fcb99f6-8828-4195-ae29-7192ffc3f248#0:OK-t3. Peer's state: 1fcb99f6-8828-4195-ae29-7192ffc3f248@group-2900A7781F59:t3, leader=null, voted=364e6842-d032-4d6d-bdb1-058b551233a8, raftlog=1fcb99f6-8828-4195-ae29-7192ffc3f248@group-2900A7781F59-SegmentedRaftLog:OPENED:c-1, conf=-1: [1fcb99f6-8828-4195-ae29-7192ffc3f248|rpc:10.1.0.19:42165|priority:0, 51becc16-89cb-4fad-bf94-a36b935bb005|rpc:10.1.0.19:38313|priority:0, 364e6842-d032-4d6d-bdb1-058b551233a8|rpc:10.1.0.19:35261|priority:1], old=null
2022-08-09 13:47:24,178 [1fcb99f6-8828-4195-ae29-7192ffc3f248-server-thread1] INFO  ratis.XceiverServerRatis (XceiverServerRatis.java:handleLeaderChangedNotification(863)) - Leader change notification received for group: group-2900A7781F59 with new leaderId: 364e6842-d032-4d6d-bdb1-058b551233a8
2022-08-09 13:47:24,178 [1fcb99f6-8828-4195-ae29-7192ffc3f248-server-thread1] INFO  server.RaftServer$Division (ServerState.java:setLeader(287)) - 1fcb99f6-8828-4195-ae29-7192ffc3f248@group-2900A7781F59: change Leader from null to 364e6842-d032-4d6d-bdb1-058b551233a8 at term 3 for appendEntries, leader elected after 15274ms
2022-08-09 13:47:24,181 [51becc16-89cb-4fad-bf94-a36b935bb005-server-thread1] INFO  server.RaftServer$Division (ServerState.java:setRaftConf(393)) - 51becc16-89cb-4fad-bf94-a36b935bb005@group-2900A7781F59: set configuration 0: [1fcb99f6-8828-4195-ae29-7192ffc3f248|rpc:10.1.0.19:42165|dataStream:|priority:0, 51becc16-89cb-4fad-bf94-a36b935bb005|rpc:10.1.0.19:38313|dataStream:|priority:0, 364e6842-d032-4d6d-bdb1-058b551233a8|rpc:10.1.0.19:35261|dataStream:|priority:1], old=null
2022-08-09 13:47:24,182 [51becc16-89cb-4fad-bf94-a36b935bb005-server-thread1] INFO  segmented.SegmentedRaftLogWorker (SegmentedRaftLogWorker.java:startLogSegment(425)) - 51becc16-89cb-4fad-bf94-a36b935bb005@group-2900A7781F59-SegmentedRaftLogWorker: Starting segment from index:0
2022-08-09 13:47:24,190 [1fcb99f6-8828-4195-ae29-7192ffc3f248-server-thread1] INFO  server.RaftServer$Division (ServerState.java:setRaftConf(393)) - 1fcb99f6-8828-4195-ae29-7192ffc3f248@group-2900A7781F59: set configuration 0: [1fcb99f6-8828-4195-ae29-7192ffc3f248|rpc:10.1.0.19:42165|dataStream:|priority:0, 51becc16-89cb-4fad-bf94-a36b935bb005|rpc:10.1.0.19:38313|dataStream:|priority:0, 364e6842-d032-4d6d-bdb1-058b551233a8|rpc:10.1.0.19:35261|dataStream:|priority:1], old=null
2022-08-09 13:47:24,190 [1fcb99f6-8828-4195-ae29-7192ffc3f248-server-thread1] INFO  segmented.SegmentedRaftLogWorker (SegmentedRaftLogWorker.java:startLogSegment(425)) - 1fcb99f6-8828-4195-ae29-7192ffc3f248@group-2900A7781F59-SegmentedRaftLogWorker: Starting segment from index:0
2022-08-09 13:47:24,190 [51becc16-89cb-4fad-bf94-a36b935bb005@group-2900A7781F59-SegmentedRaftLogWorker] INFO  segmented.SegmentedRaftLogWorker (SegmentedRaftLogWorker.java:execute(629)) - 51becc16-89cb-4fad-bf94-a36b935bb005@group-2900A7781F59-SegmentedRaftLogWorker: created new log segment /home/runner/work/ozone/ozone/hadoop-ozone/integration-test/target/test-dir/MiniOzoneClusterImpl-e9ece791-7ef2-4ada-98fe-daefa8f21954/datanode-1/data/ratis/fc94a62e-1af6-4805-a15b-2900a7781f59/current/log_inprogress_0
2022-08-09 13:47:24,193 [1fcb99f6-8828-4195-ae29-7192ffc3f248@group-2900A7781F59-SegmentedRaftLogWorker] INFO  segmented.SegmentedRaftLogWorker (SegmentedRaftLogWorker.java:execute(629)) - 1fcb99f6-8828-4195-ae29-7192ffc3f248@group-2900A7781F59-SegmentedRaftLogWorker: created new log segment /home/runner/work/ozone/ozone/hadoop-ozone/integration-test/target/test-dir/MiniOzoneClusterImpl-e9ece791-7ef2-4ada-98fe-daefa8f21954/datanode-0/data/ratis/fc94a62e-1af6-4805-a15b-2900a7781f59/current/log_inprogress_0
2022-08-09 13:47:26,349 [UnderReplicatedQueueThreadThread] INFO  replication.UnderReplicatedProcessor (UnderReplicatedProcessor.java:processAll(85)) - Processed 0 under replicated containers, failed processing 0
2022-08-09 13:47:26,350 [OverReplicatedQueueThreadThread] INFO  replication.OverReplicatedProcessor (OverReplicatedProcessor.java:processAll(83)) - Processed 0 over replicated containers, failed processing 0
]]></system-out>
  </testcase>
  <testcase name="testListStatusOnLargeDirectory" classname="TestRootedOzoneFileSystem" time="10.531">
    <system-out><![CDATA[2022-08-09 13:48:24,574 [Time-limited test] INFO  rpc.RpcClient (RpcClient.java:createVolume(468)) - Creating Volume: volume15232, with user59366 as owner and space quota set to -1 bytes, counts quota set to -1
2022-08-09 13:48:24,577 [OM StateMachine ApplyTransaction Thread - 0] INFO  volume.OMVolumeCreateRequest (OMVolumeCreateRequest.java:validateAndUpdateCache(195)) - created volume:volume15232 for user:user59366
2022-08-09 13:48:24,578 [Time-limited test] INFO  rpc.RpcClient (RpcClient.java:createBucket(671)) - Creating Bucket: volume15232/bucket74526, with bucket layout LEGACY, runner as owner, Versioning false, Storage Type set to DISK and Encryption set to false 
2022-08-09 13:48:24,579 [OM StateMachine ApplyTransaction Thread - 0] INFO  bucket.OMBucketCreateRequest (OMBucketCreateRequest.java:validateAndUpdateCache(260)) - created bucket: bucket74526 of layout LEGACY in volume: volume15232
2022-08-09 13:48:26,349 [UnderReplicatedQueueThreadThread] INFO  replication.UnderReplicatedProcessor (UnderReplicatedProcessor.java:processAll(85)) - Processed 0 under replicated containers, failed processing 0
2022-08-09 13:48:26,350 [OverReplicatedQueueThreadThread] INFO  replication.OverReplicatedProcessor (OverReplicatedProcessor.java:processAll(83)) - Processed 0 over replicated containers, failed processing 0
2022-08-09 13:48:28,311 [7ea02f52-0524-4638-b817-10339939da37@group-D06DED371CF4-FollowerState] INFO  impl.FollowerState (FollowerState.java:run(143)) - 7ea02f52-0524-4638-b817-10339939da37@group-D06DED371CF4-FollowerState: change to CANDIDATE, lastRpcElapsedTime:5030598404ns, electionTimeout:5016ms
2022-08-09 13:48:28,311 [7ea02f52-0524-4638-b817-10339939da37@group-D06DED371CF4-FollowerState] INFO  impl.RoleInfo (RoleInfo.java:shutdownFollowerState(110)) - 7ea02f52-0524-4638-b817-10339939da37: shutdown 7ea02f52-0524-4638-b817-10339939da37@group-D06DED371CF4-FollowerState
2022-08-09 13:48:28,312 [7ea02f52-0524-4638-b817-10339939da37@group-D06DED371CF4-FollowerState] INFO  server.RaftServer$Division (RaftServerImpl.java:setRole(299)) - 7ea02f52-0524-4638-b817-10339939da37@group-D06DED371CF4: changes role from  FOLLOWER to CANDIDATE at term 2 for changeToCandidate
2022-08-09 13:48:28,312 [7ea02f52-0524-4638-b817-10339939da37@group-D06DED371CF4-FollowerState] INFO  server.RaftServerConfigKeys (ConfUtils.java:logGet(46)) - raft.server.leaderelection.pre-vote = false (custom)
2022-08-09 13:48:28,312 [7ea02f52-0524-4638-b817-10339939da37@group-D06DED371CF4-FollowerState] INFO  impl.RoleInfo (RoleInfo.java:updateAndGet(139)) - 7ea02f52-0524-4638-b817-10339939da37: start 7ea02f52-0524-4638-b817-10339939da37@group-D06DED371CF4-LeaderElection24
2022-08-09 13:48:28,325 [7ea02f52-0524-4638-b817-10339939da37@group-D06DED371CF4-LeaderElection24] INFO  impl.LeaderElection (LeaderElection.java:askForVotes(310)) - 7ea02f52-0524-4638-b817-10339939da37@group-D06DED371CF4-LeaderElection24 ELECTION round 0: submit vote requests at term 3 for -1: [7eae729b-82ee-421b-843d-240299c4e56c|rpc:10.1.0.19:36615|dataStream:|priority:0, 7ea02f52-0524-4638-b817-10339939da37|rpc:10.1.0.19:45003|dataStream:|priority:1, 3eae53bb-90ae-447f-858b-4086883680b9|rpc:10.1.0.19:38969|dataStream:|priority:0], old=null
2022-08-09 13:48:28,360 [grpc-default-executor-1] INFO  server.RaftServer$Division (RaftServerImpl.java:requestVote(1152)) - 7eae729b-82ee-421b-843d-240299c4e56c@group-D06DED371CF4: receive requestVote(ELECTION, 7ea02f52-0524-4638-b817-10339939da37, group-D06DED371CF4, 3, (t:0, i:0))
2022-08-09 13:48:28,360 [grpc-default-executor-1] INFO  impl.VoteContext (VoteContext.java:log(48)) - 7eae729b-82ee-421b-843d-240299c4e56c@group-D06DED371CF4-FOLLOWER: accept ELECTION from 7ea02f52-0524-4638-b817-10339939da37: our priority 0 <= candidate's priority 1
2022-08-09 13:48:28,360 [grpc-default-executor-1] INFO  server.RaftServer$Division (RaftServerImpl.java:setRole(299)) - 7eae729b-82ee-421b-843d-240299c4e56c@group-D06DED371CF4: changes role from  FOLLOWER to FOLLOWER at term 3 for candidate:7ea02f52-0524-4638-b817-10339939da37
2022-08-09 13:48:28,361 [grpc-default-executor-1] INFO  impl.RoleInfo (RoleInfo.java:shutdownFollowerState(110)) - 7eae729b-82ee-421b-843d-240299c4e56c: shutdown 7eae729b-82ee-421b-843d-240299c4e56c@group-D06DED371CF4-FollowerState
2022-08-09 13:48:28,361 [grpc-default-executor-1] INFO  impl.RoleInfo (RoleInfo.java:updateAndGet(139)) - 7eae729b-82ee-421b-843d-240299c4e56c: start 7eae729b-82ee-421b-843d-240299c4e56c@group-D06DED371CF4-FollowerState
2022-08-09 13:48:28,361 [7eae729b-82ee-421b-843d-240299c4e56c@group-D06DED371CF4-FollowerState] INFO  impl.FollowerState (FollowerState.java:run(152)) - 7eae729b-82ee-421b-843d-240299c4e56c@group-D06DED371CF4-FollowerState was interrupted
2022-08-09 13:48:28,375 [grpc-default-executor-2] INFO  server.RaftServer$Division (RaftServerImpl.java:requestVote(1152)) - 3eae53bb-90ae-447f-858b-4086883680b9@group-D06DED371CF4: receive requestVote(ELECTION, 7ea02f52-0524-4638-b817-10339939da37, group-D06DED371CF4, 3, (t:0, i:0))
2022-08-09 13:48:28,375 [grpc-default-executor-2] INFO  impl.VoteContext (VoteContext.java:log(48)) - 3eae53bb-90ae-447f-858b-4086883680b9@group-D06DED371CF4-FOLLOWER: accept ELECTION from 7ea02f52-0524-4638-b817-10339939da37: our priority 0 <= candidate's priority 1
2022-08-09 13:48:28,375 [grpc-default-executor-2] INFO  server.RaftServer$Division (RaftServerImpl.java:setRole(299)) - 3eae53bb-90ae-447f-858b-4086883680b9@group-D06DED371CF4: changes role from  FOLLOWER to FOLLOWER at term 3 for candidate:7ea02f52-0524-4638-b817-10339939da37
2022-08-09 13:48:28,375 [grpc-default-executor-2] INFO  impl.RoleInfo (RoleInfo.java:shutdownFollowerState(110)) - 3eae53bb-90ae-447f-858b-4086883680b9: shutdown 3eae53bb-90ae-447f-858b-4086883680b9@group-D06DED371CF4-FollowerState
2022-08-09 13:48:28,375 [grpc-default-executor-2] INFO  impl.RoleInfo (RoleInfo.java:updateAndGet(139)) - 3eae53bb-90ae-447f-858b-4086883680b9: start 3eae53bb-90ae-447f-858b-4086883680b9@group-D06DED371CF4-FollowerState
2022-08-09 13:48:28,375 [3eae53bb-90ae-447f-858b-4086883680b9@group-D06DED371CF4-FollowerState] INFO  impl.FollowerState (FollowerState.java:run(152)) - 3eae53bb-90ae-447f-858b-4086883680b9@group-D06DED371CF4-FollowerState was interrupted
2022-08-09 13:48:28,394 [grpc-default-executor-1] INFO  server.RaftServer$Division (RaftServerImpl.java:requestVote(1184)) - 7eae729b-82ee-421b-843d-240299c4e56c@group-D06DED371CF4 replies to ELECTION vote request: 7ea02f52-0524-4638-b817-10339939da37<-7eae729b-82ee-421b-843d-240299c4e56c#0:OK-t3. Peer's state: 7eae729b-82ee-421b-843d-240299c4e56c@group-D06DED371CF4:t3, leader=null, voted=7ea02f52-0524-4638-b817-10339939da37, raftlog=7eae729b-82ee-421b-843d-240299c4e56c@group-D06DED371CF4-SegmentedRaftLog:OPENED:c-1, conf=-1: [7eae729b-82ee-421b-843d-240299c4e56c|rpc:10.1.0.19:36615|dataStream:|priority:0, 7ea02f52-0524-4638-b817-10339939da37|rpc:10.1.0.19:45003|dataStream:|priority:1, 3eae53bb-90ae-447f-858b-4086883680b9|rpc:10.1.0.19:38969|dataStream:|priority:0], old=null
2022-08-09 13:48:28,396 [7ea02f52-0524-4638-b817-10339939da37@group-D06DED371CF4-LeaderElection24] INFO  impl.LeaderElection (LeaderElection.java:logAndReturn(90)) - 7ea02f52-0524-4638-b817-10339939da37@group-D06DED371CF4-LeaderElection24: ELECTION PASSED received 1 response(s) and 0 exception(s):
2022-08-09 13:48:28,396 [7ea02f52-0524-4638-b817-10339939da37@group-D06DED371CF4-LeaderElection24] INFO  impl.LeaderElection (LeaderElection.java:logAndReturn(94)) -   Response 0: 7ea02f52-0524-4638-b817-10339939da37<-7eae729b-82ee-421b-843d-240299c4e56c#0:OK-t3
2022-08-09 13:48:28,396 [7ea02f52-0524-4638-b817-10339939da37@group-D06DED371CF4-LeaderElection24] INFO  impl.LeaderElection (LeaderElection.java:askForVotes(312)) - 7ea02f52-0524-4638-b817-10339939da37@group-D06DED371CF4-LeaderElection24 ELECTION round 0: result PASSED
2022-08-09 13:48:28,396 [7ea02f52-0524-4638-b817-10339939da37@group-D06DED371CF4-LeaderElection24] INFO  impl.RoleInfo (RoleInfo.java:shutdownLeaderElection(130)) - 7ea02f52-0524-4638-b817-10339939da37: shutdown 7ea02f52-0524-4638-b817-10339939da37@group-D06DED371CF4-LeaderElection24
2022-08-09 13:48:28,396 [7ea02f52-0524-4638-b817-10339939da37@group-D06DED371CF4-LeaderElection24] INFO  server.RaftServer$Division (RaftServerImpl.java:setRole(299)) - 7ea02f52-0524-4638-b817-10339939da37@group-D06DED371CF4: changes role from CANDIDATE to LEADER at term 3 for changeToLeader
2022-08-09 13:48:28,396 [7ea02f52-0524-4638-b817-10339939da37@group-D06DED371CF4-LeaderElection24] INFO  ratis.XceiverServerRatis (XceiverServerRatis.java:handleLeaderChangedNotification(863)) - Leader change notification received for group: group-D06DED371CF4 with new leaderId: 7ea02f52-0524-4638-b817-10339939da37
2022-08-09 13:48:28,396 [7ea02f52-0524-4638-b817-10339939da37@group-D06DED371CF4-LeaderElection24] INFO  server.RaftServer$Division (ServerState.java:setLeader(287)) - 7ea02f52-0524-4638-b817-10339939da37@group-D06DED371CF4: change Leader from null to 7ea02f52-0524-4638-b817-10339939da37 at term 3 for becomeLeader, leader elected after 15342ms
2022-08-09 13:48:28,396 [7ea02f52-0524-4638-b817-10339939da37@group-D06DED371CF4-LeaderElection24] INFO  server.RaftServerConfigKeys (ConfUtils.java:logGet(46)) - raft.server.staging.catchup.gap = 1000 (default)
2022-08-09 13:48:28,396 [7ea02f52-0524-4638-b817-10339939da37@group-D06DED371CF4-LeaderElection24] INFO  server.RaftServerConfigKeys (ConfUtils.java:logGet(46)) - raft.server.write.element-limit = 1024 (custom)
2022-08-09 13:48:28,396 [7ea02f52-0524-4638-b817-10339939da37@group-D06DED371CF4-LeaderElection24] INFO  server.RaftServerConfigKeys (ConfUtils.java:logGet(46)) - raft.server.write.byte-limit = 1024 M (=1073741824) (custom)
2022-08-09 13:48:28,397 [7ea02f52-0524-4638-b817-10339939da37@group-D06DED371CF4-LeaderElection24] INFO  server.RaftServerConfigKeys (ConfUtils.java:logGet(46)) - raft.server.watch.timeout = 180s (custom)
2022-08-09 13:48:28,397 [7ea02f52-0524-4638-b817-10339939da37@group-D06DED371CF4-LeaderElection24] INFO  server.RaftServerConfigKeys (ConfUtils.java:logGet(46)) - raft.server.watch.timeout.denomination = 1s (default)
2022-08-09 13:48:28,397 [7ea02f52-0524-4638-b817-10339939da37@group-D06DED371CF4-LeaderElection24] INFO  server.RaftServerConfigKeys (ConfUtils.java:logGet(46)) - raft.server.watch.element-limit = 65536 (default)
2022-08-09 13:48:28,397 [7ea02f52-0524-4638-b817-10339939da37@group-D06DED371CF4-LeaderElection24] INFO  server.RaftServerConfigKeys (ConfUtils.java:logGet(46)) - raft.server.write.element-limit = 1024 (custom)
2022-08-09 13:48:28,397 [7ea02f52-0524-4638-b817-10339939da37@group-D06DED371CF4-LeaderElection24] INFO  server.RaftServerConfigKeys (ConfUtils.java:logGet(46)) - raft.server.write.follower.gap.ratio.max = -1.0 (default)
2022-08-09 13:48:28,397 [grpc-default-executor-2] INFO  server.RaftServer$Division (RaftServerImpl.java:requestVote(1184)) - 3eae53bb-90ae-447f-858b-4086883680b9@group-D06DED371CF4 replies to ELECTION vote request: 7ea02f52-0524-4638-b817-10339939da37<-3eae53bb-90ae-447f-858b-4086883680b9#0:OK-t3. Peer's state: 3eae53bb-90ae-447f-858b-4086883680b9@group-D06DED371CF4:t3, leader=null, voted=7ea02f52-0524-4638-b817-10339939da37, raftlog=3eae53bb-90ae-447f-858b-4086883680b9@group-D06DED371CF4-SegmentedRaftLog:OPENED:c-1, conf=-1: [7eae729b-82ee-421b-843d-240299c4e56c|rpc:10.1.0.19:36615|priority:0, 7ea02f52-0524-4638-b817-10339939da37|rpc:10.1.0.19:45003|priority:1, 3eae53bb-90ae-447f-858b-4086883680b9|rpc:10.1.0.19:38969|priority:0], old=null
2022-08-09 13:48:28,397 [7ea02f52-0524-4638-b817-10339939da37@group-D06DED371CF4-LeaderElection24] INFO  server.RaftServerConfigKeys (ConfUtils.java:logGet(46)) - raft.server.log.appender.snapshot.chunk.size.max = 16MB (=16777216) (default)
2022-08-09 13:48:28,397 [7ea02f52-0524-4638-b817-10339939da37@group-D06DED371CF4-LeaderElection24] INFO  server.RaftServerConfigKeys (ConfUtils.java:logGet(46)) - raft.server.log.appender.buffer.byte-limit = 33554432 (custom)
2022-08-09 13:48:28,398 [7ea02f52-0524-4638-b817-10339939da37@group-D06DED371CF4-LeaderElection24] INFO  server.RaftServerConfigKeys (ConfUtils.java:logGet(46)) - raft.server.log.appender.buffer.element-limit = 1 (custom)
2022-08-09 13:48:28,398 [7ea02f52-0524-4638-b817-10339939da37@group-D06DED371CF4-LeaderElection24] INFO  grpc.GrpcConfigKeys (ConfUtils.java:logGet(46)) - raft.grpc.server.leader.outstanding.appends.max = 128 (default)
2022-08-09 13:48:28,398 [7ea02f52-0524-4638-b817-10339939da37@group-D06DED371CF4-LeaderElection24] INFO  server.RaftServerConfigKeys (ConfUtils.java:logGet(46)) - raft.server.rpc.request.timeout = 60s (custom)
2022-08-09 13:48:28,398 [7ea02f52-0524-4638-b817-10339939da37@group-D06DED371CF4-LeaderElection24] INFO  server.RaftServerConfigKeys (ConfUtils.java:logGet(46)) - raft.server.log.appender.install.snapshot.enabled = false (custom)
2022-08-09 13:48:28,398 [EventQueue-PipelineReportForPipelineReportHandler] INFO  pipeline.PipelineManagerImpl (PipelineManagerImpl.java:openPipeline(367)) - Pipeline Pipeline[ Id: d5aa702c-433d-4894-acad-d06ded371cf4, Nodes: 7eae729b-82ee-421b-843d-240299c4e56c{ip: 10.1.0.19, host: fv-az450-466.jnfmftgkylze5hd05chtbp1i0a.dx.internal.cloudapp.net, ports: [REPLICATION=35761, RATIS=36615, RATIS_ADMIN=36615, RATIS_SERVER=36615, STANDALONE=45625], networkLocation: /default-rack, certSerialId: null, persistedOpState: IN_SERVICE, persistedOpStateExpiryEpochSec: 0}7ea02f52-0524-4638-b817-10339939da37{ip: 10.1.0.19, host: fv-az450-466.jnfmftgkylze5hd05chtbp1i0a.dx.internal.cloudapp.net, ports: [REPLICATION=43617, RATIS=45003, RATIS_ADMIN=45003, RATIS_SERVER=45003, STANDALONE=45317], networkLocation: /default-rack, certSerialId: null, persistedOpState: IN_SERVICE, persistedOpStateExpiryEpochSec: 0}3eae53bb-90ae-447f-858b-4086883680b9{ip: 10.1.0.19, host: fv-az450-466.jnfmftgkylze5hd05chtbp1i0a.dx.internal.cloudapp.net, ports: [REPLICATION=37213, RATIS=38969, RATIS_ADMIN=38969, RATIS_SERVER=38969, STANDALONE=38115], networkLocation: /default-rack, certSerialId: null, persistedOpState: IN_SERVICE, persistedOpStateExpiryEpochSec: 0}, ReplicationConfig: RATIS/THREE, State:ALLOCATED, leaderId:7ea02f52-0524-4638-b817-10339939da37, CreationTimestamp2022-08-09T13:48:10.936Z[Etc/UTC]] moved to OPEN state
2022-08-09 13:48:28,409 [7ea02f52-0524-4638-b817-10339939da37@group-D06DED371CF4-LeaderElection24] INFO  server.RaftServerConfigKeys (ConfUtils.java:logGet(46)) - raft.server.log.appender.snapshot.chunk.size.max = 16MB (=16777216) (default)
2022-08-09 13:48:28,409 [7ea02f52-0524-4638-b817-10339939da37@group-D06DED371CF4-LeaderElection24] INFO  server.RaftServerConfigKeys (ConfUtils.java:logGet(46)) - raft.server.log.appender.buffer.byte-limit = 33554432 (custom)
2022-08-09 13:48:28,409 [7ea02f52-0524-4638-b817-10339939da37@group-D06DED371CF4-LeaderElection24] INFO  server.RaftServerConfigKeys (ConfUtils.java:logGet(46)) - raft.server.log.appender.buffer.element-limit = 1 (custom)
2022-08-09 13:48:28,410 [7ea02f52-0524-4638-b817-10339939da37@group-D06DED371CF4-LeaderElection24] INFO  grpc.GrpcConfigKeys (ConfUtils.java:logGet(46)) - raft.grpc.server.leader.outstanding.appends.max = 128 (default)
2022-08-09 13:48:28,410 [7ea02f52-0524-4638-b817-10339939da37@group-D06DED371CF4-LeaderElection24] INFO  server.RaftServerConfigKeys (ConfUtils.java:logGet(46)) - raft.server.rpc.request.timeout = 60s (custom)
2022-08-09 13:48:28,410 [7ea02f52-0524-4638-b817-10339939da37@group-D06DED371CF4-LeaderElection24] INFO  server.RaftServerConfigKeys (ConfUtils.java:logGet(46)) - raft.server.log.appender.install.snapshot.enabled = false (custom)
2022-08-09 13:48:28,410 [7ea02f52-0524-4638-b817-10339939da37@group-D06DED371CF4-LeaderElection24] INFO  impl.RoleInfo (RoleInfo.java:updateAndGet(139)) - 7ea02f52-0524-4638-b817-10339939da37: start 7ea02f52-0524-4638-b817-10339939da37@group-D06DED371CF4-LeaderStateImpl
2022-08-09 13:48:28,411 [7ea02f52-0524-4638-b817-10339939da37@group-D06DED371CF4-LeaderElection24] INFO  segmented.SegmentedRaftLogWorker (SegmentedRaftLogWorker.java:startLogSegment(425)) - 7ea02f52-0524-4638-b817-10339939da37@group-D06DED371CF4-SegmentedRaftLogWorker: Starting segment from index:0
2022-08-09 13:48:28,413 [7ea02f52-0524-4638-b817-10339939da37@group-D06DED371CF4-SegmentedRaftLogWorker] INFO  segmented.SegmentedRaftLogWorker (SegmentedRaftLogWorker.java:execute(629)) - 7ea02f52-0524-4638-b817-10339939da37@group-D06DED371CF4-SegmentedRaftLogWorker: created new log segment /home/runner/work/ozone/ozone/hadoop-ozone/integration-test/target/test-dir/MiniOzoneClusterImpl-47423824-61ae-4caf-b360-a3644823e0d5/datanode-1/data/ratis/d5aa702c-433d-4894-acad-d06ded371cf4/current/log_inprogress_0
2022-08-09 13:48:28,419 [7ea02f52-0524-4638-b817-10339939da37@group-D06DED371CF4-LeaderElection24] INFO  server.RaftServer$Division (ServerState.java:setRaftConf(393)) - 7ea02f52-0524-4638-b817-10339939da37@group-D06DED371CF4: set configuration 0: [7eae729b-82ee-421b-843d-240299c4e56c|rpc:10.1.0.19:36615|dataStream:|priority:0, 7ea02f52-0524-4638-b817-10339939da37|rpc:10.1.0.19:45003|dataStream:|priority:1, 3eae53bb-90ae-447f-858b-4086883680b9|rpc:10.1.0.19:38969|dataStream:|priority:0], old=null
2022-08-09 13:48:28,438 [7eae729b-82ee-421b-843d-240299c4e56c-server-thread1] INFO  ratis.XceiverServerRatis (XceiverServerRatis.java:handleLeaderChangedNotification(863)) - Leader change notification received for group: group-D06DED371CF4 with new leaderId: 7ea02f52-0524-4638-b817-10339939da37
2022-08-09 13:48:28,438 [7eae729b-82ee-421b-843d-240299c4e56c-server-thread1] INFO  server.RaftServer$Division (ServerState.java:setLeader(287)) - 7eae729b-82ee-421b-843d-240299c4e56c@group-D06DED371CF4: change Leader from null to 7ea02f52-0524-4638-b817-10339939da37 at term 3 for appendEntries, leader elected after 15564ms
2022-08-09 13:48:28,461 [7eae729b-82ee-421b-843d-240299c4e56c-server-thread1] INFO  server.RaftServer$Division (ServerState.java:setRaftConf(393)) - 7eae729b-82ee-421b-843d-240299c4e56c@group-D06DED371CF4: set configuration 0: [7eae729b-82ee-421b-843d-240299c4e56c|rpc:10.1.0.19:36615|dataStream:|priority:0, 7ea02f52-0524-4638-b817-10339939da37|rpc:10.1.0.19:45003|dataStream:|priority:1, 3eae53bb-90ae-447f-858b-4086883680b9|rpc:10.1.0.19:38969|dataStream:|priority:0], old=null
2022-08-09 13:48:28,461 [7eae729b-82ee-421b-843d-240299c4e56c-server-thread1] INFO  segmented.SegmentedRaftLogWorker (SegmentedRaftLogWorker.java:startLogSegment(425)) - 7eae729b-82ee-421b-843d-240299c4e56c@group-D06DED371CF4-SegmentedRaftLogWorker: Starting segment from index:0
2022-08-09 13:48:28,462 [3eae53bb-90ae-447f-858b-4086883680b9-server-thread1] INFO  ratis.XceiverServerRatis (XceiverServerRatis.java:handleLeaderChangedNotification(863)) - Leader change notification received for group: group-D06DED371CF4 with new leaderId: 7ea02f52-0524-4638-b817-10339939da37
2022-08-09 13:48:28,462 [3eae53bb-90ae-447f-858b-4086883680b9-server-thread1] INFO  server.RaftServer$Division (ServerState.java:setLeader(287)) - 3eae53bb-90ae-447f-858b-4086883680b9@group-D06DED371CF4: change Leader from null to 7ea02f52-0524-4638-b817-10339939da37 at term 3 for appendEntries, leader elected after 15755ms
2022-08-09 13:48:28,463 [7eae729b-82ee-421b-843d-240299c4e56c@group-D06DED371CF4-SegmentedRaftLogWorker] INFO  segmented.SegmentedRaftLogWorker (SegmentedRaftLogWorker.java:execute(629)) - 7eae729b-82ee-421b-843d-240299c4e56c@group-D06DED371CF4-SegmentedRaftLogWorker: created new log segment /home/runner/work/ozone/ozone/hadoop-ozone/integration-test/target/test-dir/MiniOzoneClusterImpl-47423824-61ae-4caf-b360-a3644823e0d5/datanode-2/data/ratis/d5aa702c-433d-4894-acad-d06ded371cf4/current/log_inprogress_0
2022-08-09 13:48:28,500 [3eae53bb-90ae-447f-858b-4086883680b9-server-thread1] INFO  server.RaftServer$Division (ServerState.java:setRaftConf(393)) - 3eae53bb-90ae-447f-858b-4086883680b9@group-D06DED371CF4: set configuration 0: [7eae729b-82ee-421b-843d-240299c4e56c|rpc:10.1.0.19:36615|dataStream:|priority:0, 7ea02f52-0524-4638-b817-10339939da37|rpc:10.1.0.19:45003|dataStream:|priority:1, 3eae53bb-90ae-447f-858b-4086883680b9|rpc:10.1.0.19:38969|dataStream:|priority:0], old=null
2022-08-09 13:48:28,501 [3eae53bb-90ae-447f-858b-4086883680b9-server-thread1] INFO  segmented.SegmentedRaftLogWorker (SegmentedRaftLogWorker.java:startLogSegment(425)) - 3eae53bb-90ae-447f-858b-4086883680b9@group-D06DED371CF4-SegmentedRaftLogWorker: Starting segment from index:0
2022-08-09 13:48:28,502 [3eae53bb-90ae-447f-858b-4086883680b9@group-D06DED371CF4-SegmentedRaftLogWorker] INFO  segmented.SegmentedRaftLogWorker (SegmentedRaftLogWorker.java:execute(629)) - 3eae53bb-90ae-447f-858b-4086883680b9@group-D06DED371CF4-SegmentedRaftLogWorker: created new log segment /home/runner/work/ozone/ozone/hadoop-ozone/integration-test/target/test-dir/MiniOzoneClusterImpl-47423824-61ae-4caf-b360-a3644823e0d5/datanode-0/data/ratis/d5aa702c-433d-4894-acad-d06ded371cf4/current/log_inprogress_0
2022-08-09 13:48:32,604 [UnderReplicatedQueueThreadThread] INFO  replication.UnderReplicatedProcessor (UnderReplicatedProcessor.java:processAll(85)) - Processed 0 under replicated containers, failed processing 0
2022-08-09 13:48:32,609 [OverReplicatedQueueThreadThread] INFO  replication.OverReplicatedProcessor (OverReplicatedProcessor.java:processAll(83)) - Processed 0 over replicated containers, failed processing 0
]]></system-out>
  </testcase>
  <testcase name="testListStatusOnLargeDirectory" classname="TestRootedOzoneFileSystem" time="12.797">
    <system-out><![CDATA[2022-08-09 13:49:31,643 [Time-limited test] INFO  rpc.RpcClient (RpcClient.java:createVolume(468)) - Creating Volume: volume80938, with user25146 as owner and space quota set to -1 bytes, counts quota set to -1
2022-08-09 13:49:31,645 [IPC Server handler 15 on default port 42643] INFO  volume.OMVolumeCreateRequest (OMVolumeCreateRequest.java:validateAndUpdateCache(195)) - created volume:volume80938 for user:user25146
2022-08-09 13:49:31,658 [Time-limited test] INFO  rpc.RpcClient (RpcClient.java:createBucket(671)) - Creating Bucket: volume80938/bucket78512, with bucket layout LEGACY, runner as owner, Versioning false, Storage Type set to DISK and Encryption set to false 
2022-08-09 13:49:31,658 [IPC Server handler 6 on default port 42643] INFO  bucket.OMBucketCreateRequest (OMBucketCreateRequest.java:validateAndUpdateCache(260)) - created bucket: bucket78512 of layout LEGACY in volume: volume80938
2022-08-09 13:49:32,605 [UnderReplicatedQueueThreadThread] INFO  replication.UnderReplicatedProcessor (UnderReplicatedProcessor.java:processAll(85)) - Processed 0 under replicated containers, failed processing 0
2022-08-09 13:49:32,609 [OverReplicatedQueueThreadThread] INFO  replication.OverReplicatedProcessor (OverReplicatedProcessor.java:processAll(83)) - Processed 0 over replicated containers, failed processing 0
2022-08-09 13:49:34,644 [a9bcd0ff-35fc-4d0a-8e3c-7398e9e8d683@group-2A5D6D219DA0-FollowerState] INFO  impl.FollowerState (FollowerState.java:run(143)) - a9bcd0ff-35fc-4d0a-8e3c-7398e9e8d683@group-2A5D6D219DA0-FollowerState: change to CANDIDATE, lastRpcElapsedTime:5069847376ns, electionTimeout:5069ms
2022-08-09 13:49:34,644 [a9bcd0ff-35fc-4d0a-8e3c-7398e9e8d683@group-2A5D6D219DA0-FollowerState] INFO  impl.RoleInfo (RoleInfo.java:shutdownFollowerState(110)) - a9bcd0ff-35fc-4d0a-8e3c-7398e9e8d683: shutdown a9bcd0ff-35fc-4d0a-8e3c-7398e9e8d683@group-2A5D6D219DA0-FollowerState
2022-08-09 13:49:34,645 [a9bcd0ff-35fc-4d0a-8e3c-7398e9e8d683@group-2A5D6D219DA0-FollowerState] INFO  server.RaftServer$Division (RaftServerImpl.java:setRole(299)) - a9bcd0ff-35fc-4d0a-8e3c-7398e9e8d683@group-2A5D6D219DA0: changes role from  FOLLOWER to CANDIDATE at term 2 for changeToCandidate
2022-08-09 13:49:34,645 [a9bcd0ff-35fc-4d0a-8e3c-7398e9e8d683@group-2A5D6D219DA0-FollowerState] INFO  server.RaftServerConfigKeys (ConfUtils.java:logGet(46)) - raft.server.leaderelection.pre-vote = false (custom)
2022-08-09 13:49:34,645 [a9bcd0ff-35fc-4d0a-8e3c-7398e9e8d683@group-2A5D6D219DA0-FollowerState] INFO  impl.RoleInfo (RoleInfo.java:updateAndGet(139)) - a9bcd0ff-35fc-4d0a-8e3c-7398e9e8d683: start a9bcd0ff-35fc-4d0a-8e3c-7398e9e8d683@group-2A5D6D219DA0-LeaderElection37
2022-08-09 13:49:34,670 [a9bcd0ff-35fc-4d0a-8e3c-7398e9e8d683@group-2A5D6D219DA0-LeaderElection37] INFO  impl.LeaderElection (LeaderElection.java:askForVotes(310)) - a9bcd0ff-35fc-4d0a-8e3c-7398e9e8d683@group-2A5D6D219DA0-LeaderElection37 ELECTION round 0: submit vote requests at term 3 for -1: [facac9a0-ce51-4f90-b128-080475d31873|rpc:10.1.0.19:44939|dataStream:|priority:0, a642edec-ac5e-4d27-8806-3ece717121b6|rpc:10.1.0.19:36299|dataStream:|priority:1, a9bcd0ff-35fc-4d0a-8e3c-7398e9e8d683|rpc:10.1.0.19:44419|dataStream:|priority:0], old=null
2022-08-09 13:49:34,684 [grpc-default-executor-3] INFO  server.RaftServer$Division (RaftServerImpl.java:requestVote(1152)) - a642edec-ac5e-4d27-8806-3ece717121b6@group-2A5D6D219DA0: receive requestVote(ELECTION, a9bcd0ff-35fc-4d0a-8e3c-7398e9e8d683, group-2A5D6D219DA0, 3, (t:0, i:0))
2022-08-09 13:49:34,684 [grpc-default-executor-3] INFO  impl.VoteContext (VoteContext.java:log(48)) - a642edec-ac5e-4d27-8806-3ece717121b6@group-2A5D6D219DA0-FOLLOWER: reject ELECTION from a9bcd0ff-35fc-4d0a-8e3c-7398e9e8d683: our priority 1 > candidate's priority 0
2022-08-09 13:49:34,684 [grpc-default-executor-3] INFO  server.RaftServer$Division (RaftServerImpl.java:setRole(299)) - a642edec-ac5e-4d27-8806-3ece717121b6@group-2A5D6D219DA0: changes role from  FOLLOWER to FOLLOWER at term 3 for candidate:a9bcd0ff-35fc-4d0a-8e3c-7398e9e8d683
2022-08-09 13:49:34,684 [grpc-default-executor-3] INFO  impl.RoleInfo (RoleInfo.java:shutdownFollowerState(110)) - a642edec-ac5e-4d27-8806-3ece717121b6: shutdown a642edec-ac5e-4d27-8806-3ece717121b6@group-2A5D6D219DA0-FollowerState
2022-08-09 13:49:34,684 [grpc-default-executor-3] INFO  impl.RoleInfo (RoleInfo.java:updateAndGet(139)) - a642edec-ac5e-4d27-8806-3ece717121b6: start a642edec-ac5e-4d27-8806-3ece717121b6@group-2A5D6D219DA0-FollowerState
2022-08-09 13:49:34,685 [a642edec-ac5e-4d27-8806-3ece717121b6@group-2A5D6D219DA0-FollowerState] INFO  impl.FollowerState (FollowerState.java:run(152)) - a642edec-ac5e-4d27-8806-3ece717121b6@group-2A5D6D219DA0-FollowerState was interrupted
2022-08-09 13:49:34,727 [facac9a0-ce51-4f90-b128-080475d31873@group-2A5D6D219DA0-FollowerState] INFO  impl.FollowerState (FollowerState.java:run(143)) - facac9a0-ce51-4f90-b128-080475d31873@group-2A5D6D219DA0-FollowerState: change to CANDIDATE, lastRpcElapsedTime:5188097544ns, electionTimeout:5179ms
2022-08-09 13:49:34,727 [facac9a0-ce51-4f90-b128-080475d31873@group-2A5D6D219DA0-FollowerState] INFO  impl.RoleInfo (RoleInfo.java:shutdownFollowerState(110)) - facac9a0-ce51-4f90-b128-080475d31873: shutdown facac9a0-ce51-4f90-b128-080475d31873@group-2A5D6D219DA0-FollowerState
2022-08-09 13:49:34,727 [facac9a0-ce51-4f90-b128-080475d31873@group-2A5D6D219DA0-FollowerState] INFO  server.RaftServer$Division (RaftServerImpl.java:setRole(299)) - facac9a0-ce51-4f90-b128-080475d31873@group-2A5D6D219DA0: changes role from  FOLLOWER to CANDIDATE at term 2 for changeToCandidate
2022-08-09 13:49:34,727 [facac9a0-ce51-4f90-b128-080475d31873@group-2A5D6D219DA0-FollowerState] INFO  server.RaftServerConfigKeys (ConfUtils.java:logGet(46)) - raft.server.leaderelection.pre-vote = false (custom)
2022-08-09 13:49:34,727 [facac9a0-ce51-4f90-b128-080475d31873@group-2A5D6D219DA0-FollowerState] INFO  impl.RoleInfo (RoleInfo.java:updateAndGet(139)) - facac9a0-ce51-4f90-b128-080475d31873: start facac9a0-ce51-4f90-b128-080475d31873@group-2A5D6D219DA0-LeaderElection38
2022-08-09 13:49:34,734 [grpc-default-executor-0] INFO  server.RaftServer$Division (RaftServerImpl.java:requestVote(1152)) - facac9a0-ce51-4f90-b128-080475d31873@group-2A5D6D219DA0: receive requestVote(ELECTION, a9bcd0ff-35fc-4d0a-8e3c-7398e9e8d683, group-2A5D6D219DA0, 3, (t:0, i:0))
2022-08-09 13:49:34,734 [grpc-default-executor-0] INFO  impl.VoteContext (VoteContext.java:log(48)) - facac9a0-ce51-4f90-b128-080475d31873@group-2A5D6D219DA0-CANDIDATE: accept ELECTION from a9bcd0ff-35fc-4d0a-8e3c-7398e9e8d683: our priority 0 <= candidate's priority 0
2022-08-09 13:49:34,734 [grpc-default-executor-0] INFO  server.RaftServer$Division (RaftServerImpl.java:setRole(299)) - facac9a0-ce51-4f90-b128-080475d31873@group-2A5D6D219DA0: changes role from CANDIDATE to FOLLOWER at term 3 for candidate:a9bcd0ff-35fc-4d0a-8e3c-7398e9e8d683
2022-08-09 13:49:34,734 [grpc-default-executor-0] INFO  impl.RoleInfo (RoleInfo.java:shutdownLeaderElection(130)) - facac9a0-ce51-4f90-b128-080475d31873: shutdown facac9a0-ce51-4f90-b128-080475d31873@group-2A5D6D219DA0-LeaderElection38
2022-08-09 13:49:34,734 [grpc-default-executor-0] INFO  impl.RoleInfo (RoleInfo.java:updateAndGet(139)) - facac9a0-ce51-4f90-b128-080475d31873: start facac9a0-ce51-4f90-b128-080475d31873@group-2A5D6D219DA0-FollowerState
2022-08-09 13:49:34,735 [grpc-default-executor-0] INFO  server.RaftServer$Division (RaftServerImpl.java:requestVote(1184)) - facac9a0-ce51-4f90-b128-080475d31873@group-2A5D6D219DA0 replies to ELECTION vote request: a9bcd0ff-35fc-4d0a-8e3c-7398e9e8d683<-facac9a0-ce51-4f90-b128-080475d31873#0:OK-t3. Peer's state: facac9a0-ce51-4f90-b128-080475d31873@group-2A5D6D219DA0:t3, leader=null, voted=a9bcd0ff-35fc-4d0a-8e3c-7398e9e8d683, raftlog=facac9a0-ce51-4f90-b128-080475d31873@group-2A5D6D219DA0-SegmentedRaftLog:OPENED:c-1, conf=-1: [facac9a0-ce51-4f90-b128-080475d31873|rpc:10.1.0.19:44939|priority:0, a642edec-ac5e-4d27-8806-3ece717121b6|rpc:10.1.0.19:36299|priority:1, a9bcd0ff-35fc-4d0a-8e3c-7398e9e8d683|rpc:10.1.0.19:44419|priority:0], old=null
2022-08-09 13:49:34,740 [grpc-default-executor-3] INFO  server.RaftServer$Division (RaftServerImpl.java:requestVote(1184)) - a642edec-ac5e-4d27-8806-3ece717121b6@group-2A5D6D219DA0 replies to ELECTION vote request: a9bcd0ff-35fc-4d0a-8e3c-7398e9e8d683<-a642edec-ac5e-4d27-8806-3ece717121b6#0:FAIL-t3. Peer's state: a642edec-ac5e-4d27-8806-3ece717121b6@group-2A5D6D219DA0:t3, leader=null, voted=null, raftlog=a642edec-ac5e-4d27-8806-3ece717121b6@group-2A5D6D219DA0-SegmentedRaftLog:OPENED:c-1, conf=-1: [facac9a0-ce51-4f90-b128-080475d31873|rpc:10.1.0.19:44939|dataStream:|priority:0, a642edec-ac5e-4d27-8806-3ece717121b6|rpc:10.1.0.19:36299|dataStream:|priority:1, a9bcd0ff-35fc-4d0a-8e3c-7398e9e8d683|rpc:10.1.0.19:44419|dataStream:|priority:0], old=null
2022-08-09 13:49:34,742 [a9bcd0ff-35fc-4d0a-8e3c-7398e9e8d683@group-2A5D6D219DA0-LeaderElection37] INFO  impl.LeaderElection (LeaderElection.java:logAndReturn(90)) - a9bcd0ff-35fc-4d0a-8e3c-7398e9e8d683@group-2A5D6D219DA0-LeaderElection37: ELECTION REJECTED received 2 response(s) and 0 exception(s):
2022-08-09 13:49:34,742 [a9bcd0ff-35fc-4d0a-8e3c-7398e9e8d683@group-2A5D6D219DA0-LeaderElection37] INFO  impl.LeaderElection (LeaderElection.java:logAndReturn(94)) -   Response 0: a9bcd0ff-35fc-4d0a-8e3c-7398e9e8d683<-facac9a0-ce51-4f90-b128-080475d31873#0:OK-t3
2022-08-09 13:49:34,742 [a9bcd0ff-35fc-4d0a-8e3c-7398e9e8d683@group-2A5D6D219DA0-LeaderElection37] INFO  impl.LeaderElection (LeaderElection.java:logAndReturn(94)) -   Response 1: a9bcd0ff-35fc-4d0a-8e3c-7398e9e8d683<-a642edec-ac5e-4d27-8806-3ece717121b6#0:FAIL-t3
2022-08-09 13:49:34,742 [a9bcd0ff-35fc-4d0a-8e3c-7398e9e8d683@group-2A5D6D219DA0-LeaderElection37] INFO  impl.LeaderElection (LeaderElection.java:askForVotes(312)) - a9bcd0ff-35fc-4d0a-8e3c-7398e9e8d683@group-2A5D6D219DA0-LeaderElection37 ELECTION round 0: result REJECTED
2022-08-09 13:49:34,742 [a9bcd0ff-35fc-4d0a-8e3c-7398e9e8d683@group-2A5D6D219DA0-LeaderElection37] INFO  server.RaftServer$Division (RaftServerImpl.java:setRole(299)) - a9bcd0ff-35fc-4d0a-8e3c-7398e9e8d683@group-2A5D6D219DA0: changes role from CANDIDATE to FOLLOWER at term 3 for REJECTED
2022-08-09 13:49:34,742 [a9bcd0ff-35fc-4d0a-8e3c-7398e9e8d683@group-2A5D6D219DA0-LeaderElection37] INFO  impl.RoleInfo (RoleInfo.java:shutdownLeaderElection(130)) - a9bcd0ff-35fc-4d0a-8e3c-7398e9e8d683: shutdown a9bcd0ff-35fc-4d0a-8e3c-7398e9e8d683@group-2A5D6D219DA0-LeaderElection37
2022-08-09 13:49:34,742 [a9bcd0ff-35fc-4d0a-8e3c-7398e9e8d683@group-2A5D6D219DA0-LeaderElection37] INFO  impl.RoleInfo (RoleInfo.java:updateAndGet(139)) - a9bcd0ff-35fc-4d0a-8e3c-7398e9e8d683: start a9bcd0ff-35fc-4d0a-8e3c-7398e9e8d683@group-2A5D6D219DA0-FollowerState
2022-08-09 13:49:34,773 [facac9a0-ce51-4f90-b128-080475d31873@group-2A5D6D219DA0-LeaderElection38] INFO  impl.LeaderElection (LeaderElection.java:run(231)) - facac9a0-ce51-4f90-b128-080475d31873@group-2A5D6D219DA0-LeaderElection38: skip running since this is already CLOSING
2022-08-09 13:49:37,531 [UnderReplicatedQueueThreadThread] INFO  replication.UnderReplicatedProcessor (UnderReplicatedProcessor.java:processAll(85)) - Processed 0 under replicated containers, failed processing 0
2022-08-09 13:49:37,536 [OverReplicatedQueueThreadThread] INFO  replication.OverReplicatedProcessor (OverReplicatedProcessor.java:processAll(83)) - Processed 0 over replicated containers, failed processing 0
2022-08-09 13:49:39,787 [a642edec-ac5e-4d27-8806-3ece717121b6@group-2A5D6D219DA0-FollowerState] INFO  impl.FollowerState (FollowerState.java:run(143)) - a642edec-ac5e-4d27-8806-3ece717121b6@group-2A5D6D219DA0-FollowerState: change to CANDIDATE, lastRpcElapsedTime:5103048558ns, electionTimeout:5047ms
2022-08-09 13:49:39,788 [a642edec-ac5e-4d27-8806-3ece717121b6@group-2A5D6D219DA0-FollowerState] INFO  impl.RoleInfo (RoleInfo.java:shutdownFollowerState(110)) - a642edec-ac5e-4d27-8806-3ece717121b6: shutdown a642edec-ac5e-4d27-8806-3ece717121b6@group-2A5D6D219DA0-FollowerState
2022-08-09 13:49:39,788 [a642edec-ac5e-4d27-8806-3ece717121b6@group-2A5D6D219DA0-FollowerState] INFO  server.RaftServer$Division (RaftServerImpl.java:setRole(299)) - a642edec-ac5e-4d27-8806-3ece717121b6@group-2A5D6D219DA0: changes role from  FOLLOWER to CANDIDATE at term 3 for changeToCandidate
2022-08-09 13:49:39,788 [a642edec-ac5e-4d27-8806-3ece717121b6@group-2A5D6D219DA0-FollowerState] INFO  server.RaftServerConfigKeys (ConfUtils.java:logGet(46)) - raft.server.leaderelection.pre-vote = false (custom)
2022-08-09 13:49:39,788 [a642edec-ac5e-4d27-8806-3ece717121b6@group-2A5D6D219DA0-FollowerState] INFO  impl.RoleInfo (RoleInfo.java:updateAndGet(139)) - a642edec-ac5e-4d27-8806-3ece717121b6: start a642edec-ac5e-4d27-8806-3ece717121b6@group-2A5D6D219DA0-LeaderElection39
2022-08-09 13:49:39,840 [a642edec-ac5e-4d27-8806-3ece717121b6@group-2A5D6D219DA0-LeaderElection39] INFO  impl.LeaderElection (LeaderElection.java:askForVotes(310)) - a642edec-ac5e-4d27-8806-3ece717121b6@group-2A5D6D219DA0-LeaderElection39 ELECTION round 0: submit vote requests at term 4 for -1: [facac9a0-ce51-4f90-b128-080475d31873|rpc:10.1.0.19:44939|dataStream:|priority:0, a642edec-ac5e-4d27-8806-3ece717121b6|rpc:10.1.0.19:36299|dataStream:|priority:1, a9bcd0ff-35fc-4d0a-8e3c-7398e9e8d683|rpc:10.1.0.19:44419|dataStream:|priority:0], old=null
2022-08-09 13:49:39,857 [facac9a0-ce51-4f90-b128-080475d31873@group-2A5D6D219DA0-FollowerState] INFO  impl.FollowerState (FollowerState.java:run(143)) - facac9a0-ce51-4f90-b128-080475d31873@group-2A5D6D219DA0-FollowerState: change to CANDIDATE, lastRpcElapsedTime:5121888192ns, electionTimeout:5105ms
2022-08-09 13:49:39,857 [facac9a0-ce51-4f90-b128-080475d31873@group-2A5D6D219DA0-FollowerState] INFO  impl.RoleInfo (RoleInfo.java:shutdownFollowerState(110)) - facac9a0-ce51-4f90-b128-080475d31873: shutdown facac9a0-ce51-4f90-b128-080475d31873@group-2A5D6D219DA0-FollowerState
2022-08-09 13:49:39,857 [facac9a0-ce51-4f90-b128-080475d31873@group-2A5D6D219DA0-FollowerState] INFO  server.RaftServer$Division (RaftServerImpl.java:setRole(299)) - facac9a0-ce51-4f90-b128-080475d31873@group-2A5D6D219DA0: changes role from  FOLLOWER to CANDIDATE at term 3 for changeToCandidate
2022-08-09 13:49:39,890 [facac9a0-ce51-4f90-b128-080475d31873@group-2A5D6D219DA0-FollowerState] INFO  server.RaftServerConfigKeys (ConfUtils.java:logGet(46)) - raft.server.leaderelection.pre-vote = false (custom)
2022-08-09 13:49:39,890 [facac9a0-ce51-4f90-b128-080475d31873@group-2A5D6D219DA0-FollowerState] INFO  impl.RoleInfo (RoleInfo.java:updateAndGet(139)) - facac9a0-ce51-4f90-b128-080475d31873: start facac9a0-ce51-4f90-b128-080475d31873@group-2A5D6D219DA0-LeaderElection40
2022-08-09 13:49:39,891 [grpc-default-executor-3] INFO  server.RaftServer$Division (RaftServerImpl.java:requestVote(1152)) - facac9a0-ce51-4f90-b128-080475d31873@group-2A5D6D219DA0: receive requestVote(ELECTION, a642edec-ac5e-4d27-8806-3ece717121b6, group-2A5D6D219DA0, 4, (t:0, i:0))
2022-08-09 13:49:39,893 [grpc-default-executor-3] INFO  impl.VoteContext (VoteContext.java:log(48)) - facac9a0-ce51-4f90-b128-080475d31873@group-2A5D6D219DA0-CANDIDATE: accept ELECTION from a642edec-ac5e-4d27-8806-3ece717121b6: our priority 0 <= candidate's priority 1
2022-08-09 13:49:39,893 [grpc-default-executor-3] INFO  server.RaftServer$Division (RaftServerImpl.java:setRole(299)) - facac9a0-ce51-4f90-b128-080475d31873@group-2A5D6D219DA0: changes role from CANDIDATE to FOLLOWER at term 4 for candidate:a642edec-ac5e-4d27-8806-3ece717121b6
2022-08-09 13:49:39,893 [grpc-default-executor-3] INFO  impl.RoleInfo (RoleInfo.java:shutdownLeaderElection(130)) - facac9a0-ce51-4f90-b128-080475d31873: shutdown facac9a0-ce51-4f90-b128-080475d31873@group-2A5D6D219DA0-LeaderElection40
2022-08-09 13:49:39,893 [grpc-default-executor-3] INFO  impl.RoleInfo (RoleInfo.java:updateAndGet(139)) - facac9a0-ce51-4f90-b128-080475d31873: start facac9a0-ce51-4f90-b128-080475d31873@group-2A5D6D219DA0-FollowerState
2022-08-09 13:49:39,897 [facac9a0-ce51-4f90-b128-080475d31873@group-2A5D6D219DA0-LeaderElection40] INFO  impl.LeaderElection (LeaderElection.java:run(231)) - facac9a0-ce51-4f90-b128-080475d31873@group-2A5D6D219DA0-LeaderElection40: skip running since this is already CLOSING
2022-08-09 13:49:39,902 [a9bcd0ff-35fc-4d0a-8e3c-7398e9e8d683@group-2A5D6D219DA0-FollowerState] INFO  impl.FollowerState (FollowerState.java:run(143)) - a9bcd0ff-35fc-4d0a-8e3c-7398e9e8d683@group-2A5D6D219DA0-FollowerState: change to CANDIDATE, lastRpcElapsedTime:5159878062ns, electionTimeout:5137ms
2022-08-09 13:49:39,902 [a9bcd0ff-35fc-4d0a-8e3c-7398e9e8d683@group-2A5D6D219DA0-FollowerState] INFO  impl.RoleInfo (RoleInfo.java:shutdownFollowerState(110)) - a9bcd0ff-35fc-4d0a-8e3c-7398e9e8d683: shutdown a9bcd0ff-35fc-4d0a-8e3c-7398e9e8d683@group-2A5D6D219DA0-FollowerState
2022-08-09 13:49:39,902 [a9bcd0ff-35fc-4d0a-8e3c-7398e9e8d683@group-2A5D6D219DA0-FollowerState] INFO  server.RaftServer$Division (RaftServerImpl.java:setRole(299)) - a9bcd0ff-35fc-4d0a-8e3c-7398e9e8d683@group-2A5D6D219DA0: changes role from  FOLLOWER to CANDIDATE at term 3 for changeToCandidate
2022-08-09 13:49:39,902 [a9bcd0ff-35fc-4d0a-8e3c-7398e9e8d683@group-2A5D6D219DA0-FollowerState] INFO  server.RaftServerConfigKeys (ConfUtils.java:logGet(46)) - raft.server.leaderelection.pre-vote = false (custom)
2022-08-09 13:49:39,902 [a9bcd0ff-35fc-4d0a-8e3c-7398e9e8d683@group-2A5D6D219DA0-FollowerState] INFO  impl.RoleInfo (RoleInfo.java:updateAndGet(139)) - a9bcd0ff-35fc-4d0a-8e3c-7398e9e8d683: start a9bcd0ff-35fc-4d0a-8e3c-7398e9e8d683@group-2A5D6D219DA0-LeaderElection41
2022-08-09 13:49:39,904 [grpc-default-executor-3] INFO  server.RaftServer$Division (RaftServerImpl.java:requestVote(1184)) - facac9a0-ce51-4f90-b128-080475d31873@group-2A5D6D219DA0 replies to ELECTION vote request: a642edec-ac5e-4d27-8806-3ece717121b6<-facac9a0-ce51-4f90-b128-080475d31873#0:OK-t4. Peer's state: facac9a0-ce51-4f90-b128-080475d31873@group-2A5D6D219DA0:t4, leader=null, voted=a642edec-ac5e-4d27-8806-3ece717121b6, raftlog=facac9a0-ce51-4f90-b128-080475d31873@group-2A5D6D219DA0-SegmentedRaftLog:OPENED:c-1, conf=-1: [facac9a0-ce51-4f90-b128-080475d31873|rpc:10.1.0.19:44939|priority:0, a642edec-ac5e-4d27-8806-3ece717121b6|rpc:10.1.0.19:36299|priority:1, a9bcd0ff-35fc-4d0a-8e3c-7398e9e8d683|rpc:10.1.0.19:44419|priority:0], old=null
2022-08-09 13:49:39,925 [grpc-default-executor-3] INFO  server.RaftServer$Division (RaftServerImpl.java:requestVote(1152)) - a9bcd0ff-35fc-4d0a-8e3c-7398e9e8d683@group-2A5D6D219DA0: receive requestVote(ELECTION, a642edec-ac5e-4d27-8806-3ece717121b6, group-2A5D6D219DA0, 4, (t:0, i:0))
2022-08-09 13:49:39,925 [grpc-default-executor-3] INFO  impl.VoteContext (VoteContext.java:log(48)) - a9bcd0ff-35fc-4d0a-8e3c-7398e9e8d683@group-2A5D6D219DA0-CANDIDATE: accept ELECTION from a642edec-ac5e-4d27-8806-3ece717121b6: our priority 0 <= candidate's priority 1
2022-08-09 13:49:39,925 [grpc-default-executor-3] INFO  server.RaftServer$Division (RaftServerImpl.java:setRole(299)) - a9bcd0ff-35fc-4d0a-8e3c-7398e9e8d683@group-2A5D6D219DA0: changes role from CANDIDATE to FOLLOWER at term 4 for candidate:a642edec-ac5e-4d27-8806-3ece717121b6
2022-08-09 13:49:39,925 [grpc-default-executor-3] INFO  impl.RoleInfo (RoleInfo.java:shutdownLeaderElection(130)) - a9bcd0ff-35fc-4d0a-8e3c-7398e9e8d683: shutdown a9bcd0ff-35fc-4d0a-8e3c-7398e9e8d683@group-2A5D6D219DA0-LeaderElection41
2022-08-09 13:49:39,926 [grpc-default-executor-3] INFO  impl.RoleInfo (RoleInfo.java:updateAndGet(139)) - a9bcd0ff-35fc-4d0a-8e3c-7398e9e8d683: start a9bcd0ff-35fc-4d0a-8e3c-7398e9e8d683@group-2A5D6D219DA0-FollowerState
2022-08-09 13:49:39,926 [a9bcd0ff-35fc-4d0a-8e3c-7398e9e8d683@group-2A5D6D219DA0-LeaderElection41] INFO  impl.LeaderElection (LeaderElection.java:run(231)) - a9bcd0ff-35fc-4d0a-8e3c-7398e9e8d683@group-2A5D6D219DA0-LeaderElection41: skip running since this is already CLOSING
2022-08-09 13:49:39,928 [grpc-default-executor-3] INFO  server.RaftServer$Division (RaftServerImpl.java:requestVote(1184)) - a9bcd0ff-35fc-4d0a-8e3c-7398e9e8d683@group-2A5D6D219DA0 replies to ELECTION vote request: a642edec-ac5e-4d27-8806-3ece717121b6<-a9bcd0ff-35fc-4d0a-8e3c-7398e9e8d683#0:OK-t4. Peer's state: a9bcd0ff-35fc-4d0a-8e3c-7398e9e8d683@group-2A5D6D219DA0:t4, leader=null, voted=a642edec-ac5e-4d27-8806-3ece717121b6, raftlog=a9bcd0ff-35fc-4d0a-8e3c-7398e9e8d683@group-2A5D6D219DA0-SegmentedRaftLog:OPENED:c-1, conf=-1: [facac9a0-ce51-4f90-b128-080475d31873|rpc:10.1.0.19:44939|dataStream:|priority:0, a642edec-ac5e-4d27-8806-3ece717121b6|rpc:10.1.0.19:36299|dataStream:|priority:1, a9bcd0ff-35fc-4d0a-8e3c-7398e9e8d683|rpc:10.1.0.19:44419|dataStream:|priority:0], old=null
2022-08-09 13:49:39,929 [a642edec-ac5e-4d27-8806-3ece717121b6@group-2A5D6D219DA0-LeaderElection39] INFO  impl.LeaderElection (LeaderElection.java:logAndReturn(90)) - a642edec-ac5e-4d27-8806-3ece717121b6@group-2A5D6D219DA0-LeaderElection39: ELECTION PASSED received 1 response(s) and 0 exception(s):
2022-08-09 13:49:39,929 [a642edec-ac5e-4d27-8806-3ece717121b6@group-2A5D6D219DA0-LeaderElection39] INFO  impl.LeaderElection (LeaderElection.java:logAndReturn(94)) -   Response 0: a642edec-ac5e-4d27-8806-3ece717121b6<-a9bcd0ff-35fc-4d0a-8e3c-7398e9e8d683#0:OK-t4
2022-08-09 13:49:39,929 [a642edec-ac5e-4d27-8806-3ece717121b6@group-2A5D6D219DA0-LeaderElection39] INFO  impl.LeaderElection (LeaderElection.java:askForVotes(312)) - a642edec-ac5e-4d27-8806-3ece717121b6@group-2A5D6D219DA0-LeaderElection39 ELECTION round 0: result PASSED
2022-08-09 13:49:39,929 [a642edec-ac5e-4d27-8806-3ece717121b6@group-2A5D6D219DA0-LeaderElection39] INFO  impl.RoleInfo (RoleInfo.java:shutdownLeaderElection(130)) - a642edec-ac5e-4d27-8806-3ece717121b6: shutdown a642edec-ac5e-4d27-8806-3ece717121b6@group-2A5D6D219DA0-LeaderElection39
2022-08-09 13:49:39,929 [a642edec-ac5e-4d27-8806-3ece717121b6@group-2A5D6D219DA0-LeaderElection39] INFO  server.RaftServer$Division (RaftServerImpl.java:setRole(299)) - a642edec-ac5e-4d27-8806-3ece717121b6@group-2A5D6D219DA0: changes role from CANDIDATE to LEADER at term 4 for changeToLeader
2022-08-09 13:49:39,929 [a642edec-ac5e-4d27-8806-3ece717121b6@group-2A5D6D219DA0-LeaderElection39] INFO  ratis.XceiverServerRatis (XceiverServerRatis.java:handleLeaderChangedNotification(863)) - Leader change notification received for group: group-2A5D6D219DA0 with new leaderId: a642edec-ac5e-4d27-8806-3ece717121b6
2022-08-09 13:49:39,929 [a642edec-ac5e-4d27-8806-3ece717121b6@group-2A5D6D219DA0-LeaderElection39] INFO  server.RaftServer$Division (ServerState.java:setLeader(287)) - a642edec-ac5e-4d27-8806-3ece717121b6@group-2A5D6D219DA0: change Leader from null to a642edec-ac5e-4d27-8806-3ece717121b6 at term 4 for becomeLeader, leader elected after 20651ms
2022-08-09 13:49:39,929 [a642edec-ac5e-4d27-8806-3ece717121b6@group-2A5D6D219DA0-LeaderElection39] INFO  server.RaftServerConfigKeys (ConfUtils.java:logGet(46)) - raft.server.staging.catchup.gap = 1000 (default)
2022-08-09 13:49:39,930 [a642edec-ac5e-4d27-8806-3ece717121b6@group-2A5D6D219DA0-LeaderElection39] INFO  server.RaftServerConfigKeys (ConfUtils.java:logGet(46)) - raft.server.write.element-limit = 1024 (custom)
2022-08-09 13:49:39,930 [a642edec-ac5e-4d27-8806-3ece717121b6@group-2A5D6D219DA0-LeaderElection39] INFO  server.RaftServerConfigKeys (ConfUtils.java:logGet(46)) - raft.server.write.byte-limit = 1024 M (=1073741824) (custom)
2022-08-09 13:49:39,930 [a642edec-ac5e-4d27-8806-3ece717121b6@group-2A5D6D219DA0-LeaderElection39] INFO  server.RaftServerConfigKeys (ConfUtils.java:logGet(46)) - raft.server.watch.timeout = 180s (custom)
2022-08-09 13:49:39,930 [a642edec-ac5e-4d27-8806-3ece717121b6@group-2A5D6D219DA0-LeaderElection39] INFO  server.RaftServerConfigKeys (ConfUtils.java:logGet(46)) - raft.server.watch.timeout.denomination = 1s (default)
2022-08-09 13:49:39,930 [a642edec-ac5e-4d27-8806-3ece717121b6@group-2A5D6D219DA0-LeaderElection39] INFO  server.RaftServerConfigKeys (ConfUtils.java:logGet(46)) - raft.server.watch.element-limit = 65536 (default)
2022-08-09 13:49:39,930 [a642edec-ac5e-4d27-8806-3ece717121b6@group-2A5D6D219DA0-LeaderElection39] INFO  server.RaftServerConfigKeys (ConfUtils.java:logGet(46)) - raft.server.write.element-limit = 1024 (custom)
2022-08-09 13:49:39,930 [a642edec-ac5e-4d27-8806-3ece717121b6@group-2A5D6D219DA0-LeaderElection39] INFO  server.RaftServerConfigKeys (ConfUtils.java:logGet(46)) - raft.server.write.follower.gap.ratio.max = -1.0 (default)
2022-08-09 13:49:39,931 [a642edec-ac5e-4d27-8806-3ece717121b6@group-2A5D6D219DA0-LeaderElection39] INFO  server.RaftServerConfigKeys (ConfUtils.java:logGet(46)) - raft.server.log.appender.snapshot.chunk.size.max = 16MB (=16777216) (default)
2022-08-09 13:49:39,931 [a642edec-ac5e-4d27-8806-3ece717121b6@group-2A5D6D219DA0-LeaderElection39] INFO  server.RaftServerConfigKeys (ConfUtils.java:logGet(46)) - raft.server.log.appender.buffer.byte-limit = 33554432 (custom)
2022-08-09 13:49:39,931 [a642edec-ac5e-4d27-8806-3ece717121b6@group-2A5D6D219DA0-LeaderElection39] INFO  server.RaftServerConfigKeys (ConfUtils.java:logGet(46)) - raft.server.log.appender.buffer.element-limit = 1 (custom)
2022-08-09 13:49:39,931 [a642edec-ac5e-4d27-8806-3ece717121b6@group-2A5D6D219DA0-LeaderElection39] INFO  grpc.GrpcConfigKeys (ConfUtils.java:logGet(46)) - raft.grpc.server.leader.outstanding.appends.max = 128 (default)
2022-08-09 13:49:39,931 [a642edec-ac5e-4d27-8806-3ece717121b6@group-2A5D6D219DA0-LeaderElection39] INFO  server.RaftServerConfigKeys (ConfUtils.java:logGet(46)) - raft.server.rpc.request.timeout = 60s (custom)
2022-08-09 13:49:39,931 [a642edec-ac5e-4d27-8806-3ece717121b6@group-2A5D6D219DA0-LeaderElection39] INFO  server.RaftServerConfigKeys (ConfUtils.java:logGet(46)) - raft.server.log.appender.install.snapshot.enabled = false (custom)
2022-08-09 13:49:39,932 [a642edec-ac5e-4d27-8806-3ece717121b6@group-2A5D6D219DA0-LeaderElection39] INFO  server.RaftServerConfigKeys (ConfUtils.java:logGet(46)) - raft.server.log.appender.snapshot.chunk.size.max = 16MB (=16777216) (default)
2022-08-09 13:49:39,932 [a642edec-ac5e-4d27-8806-3ece717121b6@group-2A5D6D219DA0-LeaderElection39] INFO  server.RaftServerConfigKeys (ConfUtils.java:logGet(46)) - raft.server.log.appender.buffer.byte-limit = 33554432 (custom)
2022-08-09 13:49:39,932 [a642edec-ac5e-4d27-8806-3ece717121b6@group-2A5D6D219DA0-LeaderElection39] INFO  server.RaftServerConfigKeys (ConfUtils.java:logGet(46)) - raft.server.log.appender.buffer.element-limit = 1 (custom)
2022-08-09 13:49:39,932 [a642edec-ac5e-4d27-8806-3ece717121b6@group-2A5D6D219DA0-LeaderElection39] INFO  grpc.GrpcConfigKeys (ConfUtils.java:logGet(46)) - raft.grpc.server.leader.outstanding.appends.max = 128 (default)
2022-08-09 13:49:39,932 [a642edec-ac5e-4d27-8806-3ece717121b6@group-2A5D6D219DA0-LeaderElection39] INFO  server.RaftServerConfigKeys (ConfUtils.java:logGet(46)) - raft.server.rpc.request.timeout = 60s (custom)
2022-08-09 13:49:39,932 [a642edec-ac5e-4d27-8806-3ece717121b6@group-2A5D6D219DA0-LeaderElection39] INFO  server.RaftServerConfigKeys (ConfUtils.java:logGet(46)) - raft.server.log.appender.install.snapshot.enabled = false (custom)
2022-08-09 13:49:39,932 [a642edec-ac5e-4d27-8806-3ece717121b6@group-2A5D6D219DA0-LeaderElection39] INFO  impl.RoleInfo (RoleInfo.java:updateAndGet(139)) - a642edec-ac5e-4d27-8806-3ece717121b6: start a642edec-ac5e-4d27-8806-3ece717121b6@group-2A5D6D219DA0-LeaderStateImpl
2022-08-09 13:49:39,932 [a642edec-ac5e-4d27-8806-3ece717121b6@group-2A5D6D219DA0-LeaderElection39] INFO  segmented.SegmentedRaftLogWorker (SegmentedRaftLogWorker.java:startLogSegment(425)) - a642edec-ac5e-4d27-8806-3ece717121b6@group-2A5D6D219DA0-SegmentedRaftLogWorker: Starting segment from index:0
2022-08-09 13:49:39,933 [EventQueue-PipelineReportForPipelineReportHandler] INFO  pipeline.PipelineManagerImpl (PipelineManagerImpl.java:openPipeline(367)) - Pipeline Pipeline[ Id: ebea5230-8bf4-41e2-921d-2a5d6d219da0, Nodes: a9bcd0ff-35fc-4d0a-8e3c-7398e9e8d683{ip: 10.1.0.19, host: fv-az450-466.jnfmftgkylze5hd05chtbp1i0a.dx.internal.cloudapp.net, ports: [REPLICATION=36215, RATIS=44419, RATIS_ADMIN=44419, RATIS_SERVER=44419, STANDALONE=41537], networkLocation: /default-rack, certSerialId: null, persistedOpState: IN_SERVICE, persistedOpStateExpiryEpochSec: 0}facac9a0-ce51-4f90-b128-080475d31873{ip: 10.1.0.19, host: fv-az450-466.jnfmftgkylze5hd05chtbp1i0a.dx.internal.cloudapp.net, ports: [REPLICATION=34845, RATIS=44939, RATIS_ADMIN=44939, RATIS_SERVER=44939, STANDALONE=32789], networkLocation: /default-rack, certSerialId: null, persistedOpState: IN_SERVICE, persistedOpStateExpiryEpochSec: 0}a642edec-ac5e-4d27-8806-3ece717121b6{ip: 10.1.0.19, host: fv-az450-466.jnfmftgkylze5hd05chtbp1i0a.dx.internal.cloudapp.net, ports: [REPLICATION=34617, RATIS=36299, RATIS_ADMIN=36299, RATIS_SERVER=36299, STANDALONE=35003], networkLocation: /default-rack, certSerialId: null, persistedOpState: IN_SERVICE, persistedOpStateExpiryEpochSec: 0}, ReplicationConfig: RATIS/THREE, State:ALLOCATED, leaderId:a642edec-ac5e-4d27-8806-3ece717121b6, CreationTimestamp2022-08-09T13:49:17.182Z[Etc/UTC]] moved to OPEN state
2022-08-09 13:49:39,944 [a642edec-ac5e-4d27-8806-3ece717121b6@group-2A5D6D219DA0-SegmentedRaftLogWorker] INFO  segmented.SegmentedRaftLogWorker (SegmentedRaftLogWorker.java:execute(629)) - a642edec-ac5e-4d27-8806-3ece717121b6@group-2A5D6D219DA0-SegmentedRaftLogWorker: created new log segment /home/runner/work/ozone/ozone/hadoop-ozone/integration-test/target/test-dir/MiniOzoneClusterImpl-1803e0c7-8320-4379-92ef-724c5694b47b/datanode-1/data/ratis/ebea5230-8bf4-41e2-921d-2a5d6d219da0/current/log_inprogress_0
2022-08-09 13:49:39,961 [a642edec-ac5e-4d27-8806-3ece717121b6@group-2A5D6D219DA0-LeaderElection39] INFO  server.RaftServer$Division (ServerState.java:setRaftConf(393)) - a642edec-ac5e-4d27-8806-3ece717121b6@group-2A5D6D219DA0: set configuration 0: [facac9a0-ce51-4f90-b128-080475d31873|rpc:10.1.0.19:44939|dataStream:|priority:0, a642edec-ac5e-4d27-8806-3ece717121b6|rpc:10.1.0.19:36299|dataStream:|priority:1, a9bcd0ff-35fc-4d0a-8e3c-7398e9e8d683|rpc:10.1.0.19:44419|dataStream:|priority:0], old=null
2022-08-09 13:49:39,997 [a9bcd0ff-35fc-4d0a-8e3c-7398e9e8d683-server-thread1] INFO  ratis.XceiverServerRatis (XceiverServerRatis.java:handleLeaderChangedNotification(863)) - Leader change notification received for group: group-2A5D6D219DA0 with new leaderId: a642edec-ac5e-4d27-8806-3ece717121b6
2022-08-09 13:49:39,997 [a9bcd0ff-35fc-4d0a-8e3c-7398e9e8d683-server-thread1] INFO  server.RaftServer$Division (ServerState.java:setLeader(287)) - a9bcd0ff-35fc-4d0a-8e3c-7398e9e8d683@group-2A5D6D219DA0: change Leader from null to a642edec-ac5e-4d27-8806-3ece717121b6 at term 4 for appendEntries, leader elected after 20863ms
2022-08-09 13:49:40,016 [facac9a0-ce51-4f90-b128-080475d31873-server-thread1] INFO  ratis.XceiverServerRatis (XceiverServerRatis.java:handleLeaderChangedNotification(863)) - Leader change notification received for group: group-2A5D6D219DA0 with new leaderId: a642edec-ac5e-4d27-8806-3ece717121b6
2022-08-09 13:49:40,016 [facac9a0-ce51-4f90-b128-080475d31873-server-thread1] INFO  server.RaftServer$Division (ServerState.java:setLeader(287)) - facac9a0-ce51-4f90-b128-080475d31873@group-2A5D6D219DA0: change Leader from null to a642edec-ac5e-4d27-8806-3ece717121b6 at term 4 for appendEntries, leader elected after 20965ms
2022-08-09 13:49:40,018 [a9bcd0ff-35fc-4d0a-8e3c-7398e9e8d683-server-thread1] INFO  server.RaftServer$Division (ServerState.java:setRaftConf(393)) - a9bcd0ff-35fc-4d0a-8e3c-7398e9e8d683@group-2A5D6D219DA0: set configuration 0: [facac9a0-ce51-4f90-b128-080475d31873|rpc:10.1.0.19:44939|dataStream:|priority:0, a642edec-ac5e-4d27-8806-3ece717121b6|rpc:10.1.0.19:36299|dataStream:|priority:1, a9bcd0ff-35fc-4d0a-8e3c-7398e9e8d683|rpc:10.1.0.19:44419|dataStream:|priority:0], old=null
2022-08-09 13:49:40,018 [a9bcd0ff-35fc-4d0a-8e3c-7398e9e8d683-server-thread1] INFO  segmented.SegmentedRaftLogWorker (SegmentedRaftLogWorker.java:startLogSegment(425)) - a9bcd0ff-35fc-4d0a-8e3c-7398e9e8d683@group-2A5D6D219DA0-SegmentedRaftLogWorker: Starting segment from index:0
2022-08-09 13:49:40,026 [facac9a0-ce51-4f90-b128-080475d31873-server-thread1] INFO  server.RaftServer$Division (ServerState.java:setRaftConf(393)) - facac9a0-ce51-4f90-b128-080475d31873@group-2A5D6D219DA0: set configuration 0: [facac9a0-ce51-4f90-b128-080475d31873|rpc:10.1.0.19:44939|dataStream:|priority:0, a642edec-ac5e-4d27-8806-3ece717121b6|rpc:10.1.0.19:36299|dataStream:|priority:1, a9bcd0ff-35fc-4d0a-8e3c-7398e9e8d683|rpc:10.1.0.19:44419|dataStream:|priority:0], old=null
2022-08-09 13:49:40,026 [facac9a0-ce51-4f90-b128-080475d31873-server-thread1] INFO  segmented.SegmentedRaftLogWorker (SegmentedRaftLogWorker.java:startLogSegment(425)) - facac9a0-ce51-4f90-b128-080475d31873@group-2A5D6D219DA0-SegmentedRaftLogWorker: Starting segment from index:0
2022-08-09 13:49:40,028 [facac9a0-ce51-4f90-b128-080475d31873@group-2A5D6D219DA0-SegmentedRaftLogWorker] INFO  segmented.SegmentedRaftLogWorker (SegmentedRaftLogWorker.java:execute(629)) - facac9a0-ce51-4f90-b128-080475d31873@group-2A5D6D219DA0-SegmentedRaftLogWorker: created new log segment /home/runner/work/ozone/ozone/hadoop-ozone/integration-test/target/test-dir/MiniOzoneClusterImpl-1803e0c7-8320-4379-92ef-724c5694b47b/datanode-0/data/ratis/ebea5230-8bf4-41e2-921d-2a5d6d219da0/current/log_inprogress_0
2022-08-09 13:49:40,037 [a9bcd0ff-35fc-4d0a-8e3c-7398e9e8d683@group-2A5D6D219DA0-SegmentedRaftLogWorker] INFO  segmented.SegmentedRaftLogWorker (SegmentedRaftLogWorker.java:execute(629)) - a9bcd0ff-35fc-4d0a-8e3c-7398e9e8d683@group-2A5D6D219DA0-SegmentedRaftLogWorker: created new log segment /home/runner/work/ozone/ozone/hadoop-ozone/integration-test/target/test-dir/MiniOzoneClusterImpl-1803e0c7-8320-4379-92ef-724c5694b47b/datanode-2/data/ratis/ebea5230-8bf4-41e2-921d-2a5d6d219da0/current/log_inprogress_0
]]></system-out>
  </testcase>
  <testcase name="testListStatusOnLargeDirectory" classname="TestRootedOzoneFileSystem" time="18.14">
    <system-out><![CDATA[2022-08-09 13:50:50,567 [Time-limited test] INFO  rpc.RpcClient (RpcClient.java:createVolume(468)) - Creating Volume: volume90332, with user33396 as owner and space quota set to -1 bytes, counts quota set to -1
2022-08-09 13:50:50,576 [OM StateMachine ApplyTransaction Thread - 0] INFO  volume.OMVolumeCreateRequest (OMVolumeCreateRequest.java:validateAndUpdateCache(195)) - created volume:volume90332 for user:user33396
2022-08-09 13:50:50,578 [Time-limited test] INFO  rpc.RpcClient (RpcClient.java:createBucket(671)) - Creating Bucket: volume90332/bucket28800, with bucket layout LEGACY, runner as owner, Versioning false, Storage Type set to DISK and Encryption set to false 
2022-08-09 13:50:50,579 [OM StateMachine ApplyTransaction Thread - 0] INFO  bucket.OMBucketCreateRequest (OMBucketCreateRequest.java:validateAndUpdateCache(260)) - created bucket: bucket28800 of layout LEGACY in volume: volume90332
2022-08-09 13:50:56,351 [OverReplicatedQueueThreadThread] INFO  replication.OverReplicatedProcessor (OverReplicatedProcessor.java:processAll(83)) - Processed 0 over replicated containers, failed processing 0
2022-08-09 13:50:56,358 [UnderReplicatedQueueThreadThread] INFO  replication.UnderReplicatedProcessor (UnderReplicatedProcessor.java:processAll(85)) - Processed 0 under replicated containers, failed processing 0
2022-08-09 13:51:02,609 [UnderReplicatedQueueThreadThread] INFO  replication.UnderReplicatedProcessor (UnderReplicatedProcessor.java:processAll(85)) - Processed 0 under replicated containers, failed processing 0
2022-08-09 13:51:02,610 [OverReplicatedQueueThreadThread] INFO  replication.OverReplicatedProcessor (OverReplicatedProcessor.java:processAll(83)) - Processed 0 over replicated containers, failed processing 0
2022-08-09 13:51:07,532 [UnderReplicatedQueueThreadThread] INFO  replication.UnderReplicatedProcessor (UnderReplicatedProcessor.java:processAll(85)) - Processed 0 under replicated containers, failed processing 0
2022-08-09 13:51:07,539 [OverReplicatedQueueThreadThread] INFO  replication.OverReplicatedProcessor (OverReplicatedProcessor.java:processAll(83)) - Processed 0 over replicated containers, failed processing 0
]]></system-out>
  </testcase>
  <testcase name="testListStatusOnLargeDirectory" classname="TestRootedOzoneFileSystem" time="19.322">
    <system-out><![CDATA[2022-08-09 13:52:15,346 [Time-limited test] INFO  rpc.RpcClient (RpcClient.java:createVolume(468)) - Creating Volume: volume19220, with user85090 as owner and space quota set to -1 bytes, counts quota set to -1
2022-08-09 13:52:15,350 [IPC Server handler 16 on default port 44079] INFO  volume.OMVolumeCreateRequest (OMVolumeCreateRequest.java:validateAndUpdateCache(195)) - created volume:volume19220 for user:user85090
2022-08-09 13:52:15,358 [Time-limited test] INFO  rpc.RpcClient (RpcClient.java:createBucket(671)) - Creating Bucket: volume19220/bucket03621, with bucket layout LEGACY, runner as owner, Versioning false, Storage Type set to DISK and Encryption set to false 
2022-08-09 13:52:15,358 [IPC Server handler 11 on default port 44079] INFO  bucket.OMBucketCreateRequest (OMBucketCreateRequest.java:validateAndUpdateCache(260)) - created bucket: bucket03621 of layout LEGACY in volume: volume19220
2022-08-09 13:52:17,296 [UnderReplicatedQueueThreadThread] INFO  replication.UnderReplicatedProcessor (UnderReplicatedProcessor.java:processAll(85)) - Processed 0 under replicated containers, failed processing 0
2022-08-09 13:52:17,297 [OverReplicatedQueueThreadThread] INFO  replication.OverReplicatedProcessor (OverReplicatedProcessor.java:processAll(83)) - Processed 0 over replicated containers, failed processing 0
2022-08-09 13:52:26,351 [OverReplicatedQueueThreadThread] INFO  replication.OverReplicatedProcessor (OverReplicatedProcessor.java:processAll(83)) - Processed 0 over replicated containers, failed processing 0
2022-08-09 13:52:26,359 [UnderReplicatedQueueThreadThread] INFO  replication.UnderReplicatedProcessor (UnderReplicatedProcessor.java:processAll(85)) - Processed 0 under replicated containers, failed processing 0
2022-08-09 13:52:32,611 [UnderReplicatedQueueThreadThread] INFO  replication.UnderReplicatedProcessor (UnderReplicatedProcessor.java:processAll(85)) - Processed 0 under replicated containers, failed processing 0
2022-08-09 13:52:32,611 [OverReplicatedQueueThreadThread] INFO  replication.OverReplicatedProcessor (OverReplicatedProcessor.java:processAll(83)) - Processed 0 over replicated containers, failed processing 0
]]></system-out>
  </testcase>
  <testcase name="testRenameToDifferentBucket" classname="TestRootedOzoneFileSystem" time="0.048">
    <system-out><![CDATA[2022-08-09 13:47:30,727 [Time-limited test] INFO  rpc.RpcClient (RpcClient.java:createVolume(468)) - Creating Volume: volume68651, with user16838 as owner and space quota set to -1 bytes, counts quota set to -1
2022-08-09 13:47:30,729 [OM StateMachine ApplyTransaction Thread - 0] INFO  volume.OMVolumeCreateRequest (OMVolumeCreateRequest.java:validateAndUpdateCache(195)) - created volume:volume68651 for user:user16838
2022-08-09 13:47:30,732 [Time-limited test] INFO  rpc.RpcClient (RpcClient.java:createBucket(671)) - Creating Bucket: volume68651/bucket72206, with bucket layout LEGACY, runner as owner, Versioning false, Storage Type set to DISK and Encryption set to false 
2022-08-09 13:47:30,733 [OM StateMachine ApplyTransaction Thread - 0] INFO  bucket.OMBucketCreateRequest (OMBucketCreateRequest.java:validateAndUpdateCache(260)) - created bucket: bucket72206 of layout LEGACY in volume: volume68651
]]></system-out>
  </testcase>
  <testcase name="testRenameToDifferentBucket" classname="TestRootedOzoneFileSystem" time="0.085">
    <system-out><![CDATA[2022-08-09 13:48:35,097 [Time-limited test] INFO  rpc.RpcClient (RpcClient.java:createVolume(468)) - Creating Volume: volume92366, with user45503 as owner and space quota set to -1 bytes, counts quota set to -1
2022-08-09 13:48:35,099 [OM StateMachine ApplyTransaction Thread - 0] INFO  volume.OMVolumeCreateRequest (OMVolumeCreateRequest.java:validateAndUpdateCache(195)) - created volume:volume92366 for user:user45503
2022-08-09 13:48:35,102 [Time-limited test] INFO  rpc.RpcClient (RpcClient.java:createBucket(671)) - Creating Bucket: volume92366/bucket42509, with bucket layout LEGACY, runner as owner, Versioning false, Storage Type set to DISK and Encryption set to false 
2022-08-09 13:48:35,103 [OM StateMachine ApplyTransaction Thread - 0] INFO  bucket.OMBucketCreateRequest (OMBucketCreateRequest.java:validateAndUpdateCache(260)) - created bucket: bucket42509 of layout LEGACY in volume: volume92366
]]></system-out>
  </testcase>
  <testcase name="testRenameToDifferentBucket" classname="TestRootedOzoneFileSystem" time="0.166">
    <system-out><![CDATA[2022-08-09 13:49:44,437 [Time-limited test] INFO  rpc.RpcClient (RpcClient.java:createVolume(468)) - Creating Volume: volume28152, with user10504 as owner and space quota set to -1 bytes, counts quota set to -1
2022-08-09 13:49:44,438 [IPC Server handler 5 on default port 42643] INFO  volume.OMVolumeCreateRequest (OMVolumeCreateRequest.java:validateAndUpdateCache(195)) - created volume:volume28152 for user:user10504
2022-08-09 13:49:44,442 [Time-limited test] INFO  rpc.RpcClient (RpcClient.java:createBucket(671)) - Creating Bucket: volume28152/bucket78875, with bucket layout LEGACY, runner as owner, Versioning false, Storage Type set to DISK and Encryption set to false 
2022-08-09 13:49:44,443 [IPC Server handler 18 on default port 42643] INFO  bucket.OMBucketCreateRequest (OMBucketCreateRequest.java:validateAndUpdateCache(260)) - created bucket: bucket78875 of layout LEGACY in volume: volume28152
]]></system-out>
  </testcase>
  <testcase name="testRenameToDifferentBucket" classname="TestRootedOzoneFileSystem" time="0.242">
    <system-out><![CDATA[2022-08-09 13:51:08,802 [Time-limited test] INFO  rpc.RpcClient (RpcClient.java:createVolume(468)) - Creating Volume: volume47181, with user57919 as owner and space quota set to -1 bytes, counts quota set to -1
2022-08-09 13:51:08,805 [OM StateMachine ApplyTransaction Thread - 0] INFO  volume.OMVolumeCreateRequest (OMVolumeCreateRequest.java:validateAndUpdateCache(195)) - created volume:volume47181 for user:user57919
2022-08-09 13:51:08,809 [Time-limited test] INFO  rpc.RpcClient (RpcClient.java:createBucket(671)) - Creating Bucket: volume47181/bucket09520, with bucket layout LEGACY, runner as owner, Versioning false, Storage Type set to DISK and Encryption set to false 
2022-08-09 13:51:08,812 [OM StateMachine ApplyTransaction Thread - 0] INFO  bucket.OMBucketCreateRequest (OMBucketCreateRequest.java:validateAndUpdateCache(260)) - created bucket: bucket09520 of layout LEGACY in volume: volume47181
]]></system-out>
  </testcase>
  <testcase name="testRenameToDifferentBucket" classname="TestRootedOzoneFileSystem" time="0.165">
    <system-out><![CDATA[2022-08-09 13:52:34,703 [Time-limited test] INFO  rpc.RpcClient (RpcClient.java:createVolume(468)) - Creating Volume: volume39944, with user04978 as owner and space quota set to -1 bytes, counts quota set to -1
2022-08-09 13:52:34,704 [IPC Server handler 3 on default port 44079] INFO  volume.OMVolumeCreateRequest (OMVolumeCreateRequest.java:validateAndUpdateCache(195)) - created volume:volume39944 for user:user04978
2022-08-09 13:52:34,704 [Time-limited test] INFO  rpc.RpcClient (RpcClient.java:createBucket(671)) - Creating Bucket: volume39944/bucket82077, with bucket layout LEGACY, runner as owner, Versioning false, Storage Type set to DISK and Encryption set to false 
2022-08-09 13:52:34,707 [IPC Server handler 18 on default port 44079] INFO  bucket.OMBucketCreateRequest (OMBucketCreateRequest.java:validateAndUpdateCache(260)) - created bucket: bucket82077 of layout LEGACY in volume: volume39944
]]></system-out>
  </testcase>
  <testcase name="testBucketDefaultsShouldBeInheritedToFileForEC" classname="TestRootedOzoneFileSystem" time="0.447">
    <system-out><![CDATA[2022-08-09 13:47:30,775 [Time-limited test] INFO  rpc.RpcClient (RpcClient.java:createVolume(468)) - Creating Volume: volume73805, with user16016 as owner and space quota set to -1 bytes, counts quota set to -1
2022-08-09 13:47:30,776 [OM StateMachine ApplyTransaction Thread - 0] INFO  volume.OMVolumeCreateRequest (OMVolumeCreateRequest.java:validateAndUpdateCache(195)) - created volume:volume73805 for user:user16016
2022-08-09 13:47:30,777 [Time-limited test] INFO  rpc.RpcClient (RpcClient.java:createBucket(671)) - Creating Bucket: volume73805/bucket22436, with bucket layout LEGACY, runner as owner, Versioning false, Storage Type set to DISK and Encryption set to false 
2022-08-09 13:47:30,779 [OM StateMachine ApplyTransaction Thread - 0] INFO  bucket.OMBucketCreateRequest (OMBucketCreateRequest.java:validateAndUpdateCache(260)) - created bucket: bucket22436 of layout LEGACY in volume: volume73805
2022-08-09 13:47:30,798 [Time-limited test] INFO  rpc.RpcClient (RpcClient.java:createVolume(468)) - Creating Volume: 2625fa18-b72b-49a1-90a2-843390f58cbb, with user86216 as owner and space quota set to -1 bytes, counts quota set to -1
2022-08-09 13:47:30,800 [OM StateMachine ApplyTransaction Thread - 0] INFO  volume.OMVolumeCreateRequest (OMVolumeCreateRequest.java:validateAndUpdateCache(195)) - created volume:2625fa18-b72b-49a1-90a2-843390f58cbb for user:user86216
2022-08-09 13:47:30,800 [Time-limited test] INFO  rpc.RpcClient (RpcClient.java:createBucket(671)) - Creating Bucket: 2625fa18-b72b-49a1-90a2-843390f58cbb/603df718-a5cf-4e5f-be53-8c69c6ff4c5e, with bucket layout LEGACY, runner as owner, Versioning false, Storage Type set to DISK and Encryption set to false 
2022-08-09 13:47:30,804 [OM StateMachine ApplyTransaction Thread - 0] INFO  bucket.OMBucketCreateRequest (OMBucketCreateRequest.java:validateAndUpdateCache(260)) - created bucket: 603df718-a5cf-4e5f-be53-8c69c6ff4c5e of layout LEGACY in volume: 2625fa18-b72b-49a1-90a2-843390f58cbb
2022-08-09 13:47:30,815 [IPC Server handler 7 on default port 38055] INFO  pipeline.PipelineStateManagerImpl (PipelineStateManagerImpl.java:addPipeline(103)) - Created pipeline Pipeline[ Id: 2162a95a-7809-4b1d-8486-6f223f44b0bd, Nodes: 51becc16-89cb-4fad-bf94-a36b935bb005{ip: 10.1.0.19, host: fv-az450-466.jnfmftgkylze5hd05chtbp1i0a.dx.internal.cloudapp.net, ports: [REPLICATION=45611, RATIS=38313, RATIS_ADMIN=38313, RATIS_SERVER=38313, STANDALONE=40157], networkLocation: /default-rack, certSerialId: null, persistedOpState: null, persistedOpStateExpiryEpochSec: 0}364e6842-d032-4d6d-bdb1-058b551233a8{ip: 10.1.0.19, host: fv-az450-466.jnfmftgkylze5hd05chtbp1i0a.dx.internal.cloudapp.net, ports: [REPLICATION=34663, RATIS=35261, RATIS_ADMIN=35261, RATIS_SERVER=35261, STANDALONE=35335], networkLocation: /default-rack, certSerialId: null, persistedOpState: null, persistedOpStateExpiryEpochSec: 0}727e95bd-5db3-41ce-a16b-fd1add2220b0{ip: 10.1.0.19, host: fv-az450-466.jnfmftgkylze5hd05chtbp1i0a.dx.internal.cloudapp.net, ports: [REPLICATION=35419, RATIS=40819, RATIS_ADMIN=40819, RATIS_SERVER=40819, STANDALONE=34287], networkLocation: /default-rack, certSerialId: null, persistedOpState: null, persistedOpStateExpiryEpochSec: 0}1fcb99f6-8828-4195-ae29-7192ffc3f248{ip: 10.1.0.19, host: fv-az450-466.jnfmftgkylze5hd05chtbp1i0a.dx.internal.cloudapp.net, ports: [REPLICATION=39683, RATIS=42165, RATIS_ADMIN=42165, RATIS_SERVER=42165, STANDALONE=46129], networkLocation: /default-rack, certSerialId: null, persistedOpState: null, persistedOpStateExpiryEpochSec: 0}3ead37bf-6f08-4c7f-839f-0a9366388f78{ip: 10.1.0.19, host: fv-az450-466.jnfmftgkylze5hd05chtbp1i0a.dx.internal.cloudapp.net, ports: [REPLICATION=40131, RATIS=46861, RATIS_ADMIN=46861, RATIS_SERVER=46861, STANDALONE=38355], networkLocation: /default-rack, certSerialId: null, persistedOpState: null, persistedOpStateExpiryEpochSec: 0}, ReplicationConfig: EC/ECReplicationConfig{data=3, parity=2, ecChunkSize=1024, codec=rs}, State:ALLOCATED, leaderId:, CreationTimestamp2022-08-09T13:47:30.815Z[Etc/UTC]].
2022-08-09 13:47:30,816 [IPC Server handler 7 on default port 38055] INFO  pipeline.PipelineManagerImpl (PipelineManagerImpl.java:openPipeline(367)) - Pipeline Pipeline[ Id: 2162a95a-7809-4b1d-8486-6f223f44b0bd, Nodes: 51becc16-89cb-4fad-bf94-a36b935bb005{ip: 10.1.0.19, host: fv-az450-466.jnfmftgkylze5hd05chtbp1i0a.dx.internal.cloudapp.net, ports: [REPLICATION=45611, RATIS=38313, RATIS_ADMIN=38313, RATIS_SERVER=38313, STANDALONE=40157], networkLocation: /default-rack, certSerialId: null, persistedOpState: null, persistedOpStateExpiryEpochSec: 0}364e6842-d032-4d6d-bdb1-058b551233a8{ip: 10.1.0.19, host: fv-az450-466.jnfmftgkylze5hd05chtbp1i0a.dx.internal.cloudapp.net, ports: [REPLICATION=34663, RATIS=35261, RATIS_ADMIN=35261, RATIS_SERVER=35261, STANDALONE=35335], networkLocation: /default-rack, certSerialId: null, persistedOpState: null, persistedOpStateExpiryEpochSec: 0}727e95bd-5db3-41ce-a16b-fd1add2220b0{ip: 10.1.0.19, host: fv-az450-466.jnfmftgkylze5hd05chtbp1i0a.dx.internal.cloudapp.net, ports: [REPLICATION=35419, RATIS=40819, RATIS_ADMIN=40819, RATIS_SERVER=40819, STANDALONE=34287], networkLocation: /default-rack, certSerialId: null, persistedOpState: null, persistedOpStateExpiryEpochSec: 0}1fcb99f6-8828-4195-ae29-7192ffc3f248{ip: 10.1.0.19, host: fv-az450-466.jnfmftgkylze5hd05chtbp1i0a.dx.internal.cloudapp.net, ports: [REPLICATION=39683, RATIS=42165, RATIS_ADMIN=42165, RATIS_SERVER=42165, STANDALONE=46129], networkLocation: /default-rack, certSerialId: null, persistedOpState: null, persistedOpStateExpiryEpochSec: 0}3ead37bf-6f08-4c7f-839f-0a9366388f78{ip: 10.1.0.19, host: fv-az450-466.jnfmftgkylze5hd05chtbp1i0a.dx.internal.cloudapp.net, ports: [REPLICATION=40131, RATIS=46861, RATIS_ADMIN=46861, RATIS_SERVER=46861, STANDALONE=38355], networkLocation: /default-rack, certSerialId: null, persistedOpState: null, persistedOpStateExpiryEpochSec: 0}, ReplicationConfig: EC/ECReplicationConfig{data=3, parity=2, ecChunkSize=1024, codec=rs}, State:ALLOCATED, leaderId:, CreationTimestamp2022-08-09T13:47:30.815Z[Etc/UTC]] moved to OPEN state
2022-08-09 13:47:30,857 [Time-limited test] WARN  erasurecode.ErasureCodeNative (ErasureCodeNative.java:<clinit>(55)) - ISA-L support is not available in your platform... using builtin-java codec where applicable
]]></system-out>
  </testcase>
  <testcase name="testBucketDefaultsShouldBeInheritedToFileForEC" classname="TestRootedOzoneFileSystem" time="0.602">
    <system-out><![CDATA[2022-08-09 13:48:35,192 [Time-limited test] INFO  rpc.RpcClient (RpcClient.java:createVolume(468)) - Creating Volume: volume51032, with user73483 as owner and space quota set to -1 bytes, counts quota set to -1
2022-08-09 13:48:35,193 [OM StateMachine ApplyTransaction Thread - 0] INFO  volume.OMVolumeCreateRequest (OMVolumeCreateRequest.java:validateAndUpdateCache(195)) - created volume:volume51032 for user:user73483
2022-08-09 13:48:35,194 [Time-limited test] INFO  rpc.RpcClient (RpcClient.java:createBucket(671)) - Creating Bucket: volume51032/bucket24157, with bucket layout LEGACY, runner as owner, Versioning false, Storage Type set to DISK and Encryption set to false 
2022-08-09 13:48:35,196 [OM StateMachine ApplyTransaction Thread - 0] INFO  bucket.OMBucketCreateRequest (OMBucketCreateRequest.java:validateAndUpdateCache(260)) - created bucket: bucket24157 of layout LEGACY in volume: volume51032
2022-08-09 13:48:35,230 [Time-limited test] INFO  rpc.RpcClient (RpcClient.java:createVolume(468)) - Creating Volume: ce7fe9c2-54c0-4900-b32b-e638de31af8d, with user28437 as owner and space quota set to -1 bytes, counts quota set to -1
2022-08-09 13:48:35,231 [OM StateMachine ApplyTransaction Thread - 0] INFO  volume.OMVolumeCreateRequest (OMVolumeCreateRequest.java:validateAndUpdateCache(195)) - created volume:ce7fe9c2-54c0-4900-b32b-e638de31af8d for user:user28437
2022-08-09 13:48:35,233 [Time-limited test] INFO  rpc.RpcClient (RpcClient.java:createBucket(671)) - Creating Bucket: ce7fe9c2-54c0-4900-b32b-e638de31af8d/4da30b80-4ff9-47e8-ba0d-b78aad8e535e, with bucket layout LEGACY, runner as owner, Versioning false, Storage Type set to DISK and Encryption set to false 
2022-08-09 13:48:35,234 [OM StateMachine ApplyTransaction Thread - 0] INFO  bucket.OMBucketCreateRequest (OMBucketCreateRequest.java:validateAndUpdateCache(260)) - created bucket: 4da30b80-4ff9-47e8-ba0d-b78aad8e535e of layout LEGACY in volume: ce7fe9c2-54c0-4900-b32b-e638de31af8d
2022-08-09 13:48:35,241 [IPC Server handler 7 on default port 46691] INFO  pipeline.PipelineStateManagerImpl (PipelineStateManagerImpl.java:addPipeline(103)) - Created pipeline Pipeline[ Id: 99a993bb-78d2-418a-b037-488504d23ecb, Nodes: 3eae53bb-90ae-447f-858b-4086883680b9{ip: 10.1.0.19, host: fv-az450-466.jnfmftgkylze5hd05chtbp1i0a.dx.internal.cloudapp.net, ports: [REPLICATION=37213, RATIS=38969, RATIS_ADMIN=38969, RATIS_SERVER=38969, STANDALONE=38115], networkLocation: /default-rack, certSerialId: null, persistedOpState: null, persistedOpStateExpiryEpochSec: 0}7ea02f52-0524-4638-b817-10339939da37{ip: 10.1.0.19, host: fv-az450-466.jnfmftgkylze5hd05chtbp1i0a.dx.internal.cloudapp.net, ports: [REPLICATION=43617, RATIS=45003, RATIS_ADMIN=45003, RATIS_SERVER=45003, STANDALONE=45317], networkLocation: /default-rack, certSerialId: null, persistedOpState: null, persistedOpStateExpiryEpochSec: 0}7eae729b-82ee-421b-843d-240299c4e56c{ip: 10.1.0.19, host: fv-az450-466.jnfmftgkylze5hd05chtbp1i0a.dx.internal.cloudapp.net, ports: [REPLICATION=35761, RATIS=36615, RATIS_ADMIN=36615, RATIS_SERVER=36615, STANDALONE=45625], networkLocation: /default-rack, certSerialId: null, persistedOpState: null, persistedOpStateExpiryEpochSec: 0}c412bf5e-d18f-42ba-b8b3-b8fb93465f91{ip: 10.1.0.19, host: fv-az450-466.jnfmftgkylze5hd05chtbp1i0a.dx.internal.cloudapp.net, ports: [REPLICATION=44355, RATIS=41673, RATIS_ADMIN=41673, RATIS_SERVER=41673, STANDALONE=46261], networkLocation: /default-rack, certSerialId: null, persistedOpState: null, persistedOpStateExpiryEpochSec: 0}e91f8b27-0fc3-4f4d-ba73-1916ce0a206a{ip: 10.1.0.19, host: fv-az450-466.jnfmftgkylze5hd05chtbp1i0a.dx.internal.cloudapp.net, ports: [REPLICATION=45601, RATIS=33393, RATIS_ADMIN=33393, RATIS_SERVER=33393, STANDALONE=36607], networkLocation: /default-rack, certSerialId: null, persistedOpState: null, persistedOpStateExpiryEpochSec: 0}, ReplicationConfig: EC/ECReplicationConfig{data=3, parity=2, ecChunkSize=1024, codec=rs}, State:ALLOCATED, leaderId:, CreationTimestamp2022-08-09T13:48:35.240Z[Etc/UTC]].
2022-08-09 13:48:35,242 [IPC Server handler 7 on default port 46691] INFO  pipeline.PipelineManagerImpl (PipelineManagerImpl.java:openPipeline(367)) - Pipeline Pipeline[ Id: 99a993bb-78d2-418a-b037-488504d23ecb, Nodes: 3eae53bb-90ae-447f-858b-4086883680b9{ip: 10.1.0.19, host: fv-az450-466.jnfmftgkylze5hd05chtbp1i0a.dx.internal.cloudapp.net, ports: [REPLICATION=37213, RATIS=38969, RATIS_ADMIN=38969, RATIS_SERVER=38969, STANDALONE=38115], networkLocation: /default-rack, certSerialId: null, persistedOpState: null, persistedOpStateExpiryEpochSec: 0}7ea02f52-0524-4638-b817-10339939da37{ip: 10.1.0.19, host: fv-az450-466.jnfmftgkylze5hd05chtbp1i0a.dx.internal.cloudapp.net, ports: [REPLICATION=43617, RATIS=45003, RATIS_ADMIN=45003, RATIS_SERVER=45003, STANDALONE=45317], networkLocation: /default-rack, certSerialId: null, persistedOpState: null, persistedOpStateExpiryEpochSec: 0}7eae729b-82ee-421b-843d-240299c4e56c{ip: 10.1.0.19, host: fv-az450-466.jnfmftgkylze5hd05chtbp1i0a.dx.internal.cloudapp.net, ports: [REPLICATION=35761, RATIS=36615, RATIS_ADMIN=36615, RATIS_SERVER=36615, STANDALONE=45625], networkLocation: /default-rack, certSerialId: null, persistedOpState: null, persistedOpStateExpiryEpochSec: 0}c412bf5e-d18f-42ba-b8b3-b8fb93465f91{ip: 10.1.0.19, host: fv-az450-466.jnfmftgkylze5hd05chtbp1i0a.dx.internal.cloudapp.net, ports: [REPLICATION=44355, RATIS=41673, RATIS_ADMIN=41673, RATIS_SERVER=41673, STANDALONE=46261], networkLocation: /default-rack, certSerialId: null, persistedOpState: null, persistedOpStateExpiryEpochSec: 0}e91f8b27-0fc3-4f4d-ba73-1916ce0a206a{ip: 10.1.0.19, host: fv-az450-466.jnfmftgkylze5hd05chtbp1i0a.dx.internal.cloudapp.net, ports: [REPLICATION=45601, RATIS=33393, RATIS_ADMIN=33393, RATIS_SERVER=33393, STANDALONE=36607], networkLocation: /default-rack, certSerialId: null, persistedOpState: null, persistedOpStateExpiryEpochSec: 0}, ReplicationConfig: EC/ECReplicationConfig{data=3, parity=2, ecChunkSize=1024, codec=rs}, State:ALLOCATED, leaderId:, CreationTimestamp2022-08-09T13:48:35.240Z[Etc/UTC]] moved to OPEN state
]]></system-out>
  </testcase>
  <testcase name="testBucketDefaultsShouldBeInheritedToFileForEC" classname="TestRootedOzoneFileSystem" time="0.825">
    <system-out><![CDATA[2022-08-09 13:49:44,515 [Time-limited test] INFO  rpc.RpcClient (RpcClient.java:createVolume(468)) - Creating Volume: volume60434, with user67709 as owner and space quota set to -1 bytes, counts quota set to -1
2022-08-09 13:49:44,517 [IPC Server handler 6 on default port 42643] INFO  volume.OMVolumeCreateRequest (OMVolumeCreateRequest.java:validateAndUpdateCache(195)) - created volume:volume60434 for user:user67709
2022-08-09 13:49:44,531 [Time-limited test] INFO  rpc.RpcClient (RpcClient.java:createBucket(671)) - Creating Bucket: volume60434/bucket28344, with bucket layout LEGACY, runner as owner, Versioning false, Storage Type set to DISK and Encryption set to false 
2022-08-09 13:49:44,532 [IPC Server handler 0 on default port 42643] INFO  bucket.OMBucketCreateRequest (OMBucketCreateRequest.java:validateAndUpdateCache(260)) - created bucket: bucket28344 of layout LEGACY in volume: volume60434
2022-08-09 13:49:44,616 [Time-limited test] INFO  rpc.RpcClient (RpcClient.java:createVolume(468)) - Creating Volume: af908858-5fd5-4aea-bce7-35bce4604310, with user03961 as owner and space quota set to -1 bytes, counts quota set to -1
2022-08-09 13:49:44,617 [IPC Server handler 4 on default port 42643] INFO  volume.OMVolumeCreateRequest (OMVolumeCreateRequest.java:validateAndUpdateCache(195)) - created volume:af908858-5fd5-4aea-bce7-35bce4604310 for user:user03961
2022-08-09 13:49:44,618 [Time-limited test] INFO  rpc.RpcClient (RpcClient.java:createBucket(671)) - Creating Bucket: af908858-5fd5-4aea-bce7-35bce4604310/0eaf9e5b-6bca-48d9-883d-ae9b9ea8f4e6, with bucket layout LEGACY, runner as owner, Versioning false, Storage Type set to DISK and Encryption set to false 
2022-08-09 13:49:44,618 [IPC Server handler 7 on default port 42643] INFO  bucket.OMBucketCreateRequest (OMBucketCreateRequest.java:validateAndUpdateCache(260)) - created bucket: 0eaf9e5b-6bca-48d9-883d-ae9b9ea8f4e6 of layout LEGACY in volume: af908858-5fd5-4aea-bce7-35bce4604310
2022-08-09 13:49:44,670 [IPC Server handler 10 on default port 36297] INFO  pipeline.PipelineStateManagerImpl (PipelineStateManagerImpl.java:addPipeline(103)) - Created pipeline Pipeline[ Id: a23b3895-d55e-47ce-95d9-30807d7684eb, Nodes: a9bcd0ff-35fc-4d0a-8e3c-7398e9e8d683{ip: 10.1.0.19, host: fv-az450-466.jnfmftgkylze5hd05chtbp1i0a.dx.internal.cloudapp.net, ports: [REPLICATION=36215, RATIS=44419, RATIS_ADMIN=44419, RATIS_SERVER=44419, STANDALONE=41537], networkLocation: /default-rack, certSerialId: null, persistedOpState: null, persistedOpStateExpiryEpochSec: 0}a642edec-ac5e-4d27-8806-3ece717121b6{ip: 10.1.0.19, host: fv-az450-466.jnfmftgkylze5hd05chtbp1i0a.dx.internal.cloudapp.net, ports: [REPLICATION=34617, RATIS=36299, RATIS_ADMIN=36299, RATIS_SERVER=36299, STANDALONE=35003], networkLocation: /default-rack, certSerialId: null, persistedOpState: null, persistedOpStateExpiryEpochSec: 0}facac9a0-ce51-4f90-b128-080475d31873{ip: 10.1.0.19, host: fv-az450-466.jnfmftgkylze5hd05chtbp1i0a.dx.internal.cloudapp.net, ports: [REPLICATION=34845, RATIS=44939, RATIS_ADMIN=44939, RATIS_SERVER=44939, STANDALONE=32789], networkLocation: /default-rack, certSerialId: null, persistedOpState: null, persistedOpStateExpiryEpochSec: 0}38e181f0-6c08-490a-960d-0a972fca2357{ip: 10.1.0.19, host: fv-az450-466.jnfmftgkylze5hd05chtbp1i0a.dx.internal.cloudapp.net, ports: [REPLICATION=40051, RATIS=45429, RATIS_ADMIN=45429, RATIS_SERVER=45429, STANDALONE=42261], networkLocation: /default-rack, certSerialId: null, persistedOpState: null, persistedOpStateExpiryEpochSec: 0}772eb59f-65bd-4f3e-8be4-0b3810e8c7eb{ip: 10.1.0.19, host: fv-az450-466.jnfmftgkylze5hd05chtbp1i0a.dx.internal.cloudapp.net, ports: [REPLICATION=39271, RATIS=44191, RATIS_ADMIN=44191, RATIS_SERVER=44191, STANDALONE=42757], networkLocation: /default-rack, certSerialId: null, persistedOpState: null, persistedOpStateExpiryEpochSec: 0}, ReplicationConfig: EC/ECReplicationConfig{data=3, parity=2, ecChunkSize=1024, codec=rs}, State:ALLOCATED, leaderId:, CreationTimestamp2022-08-09T13:49:44.666Z[Etc/UTC]].
2022-08-09 13:49:44,686 [IPC Server handler 10 on default port 36297] INFO  pipeline.PipelineManagerImpl (PipelineManagerImpl.java:openPipeline(367)) - Pipeline Pipeline[ Id: a23b3895-d55e-47ce-95d9-30807d7684eb, Nodes: a9bcd0ff-35fc-4d0a-8e3c-7398e9e8d683{ip: 10.1.0.19, host: fv-az450-466.jnfmftgkylze5hd05chtbp1i0a.dx.internal.cloudapp.net, ports: [REPLICATION=36215, RATIS=44419, RATIS_ADMIN=44419, RATIS_SERVER=44419, STANDALONE=41537], networkLocation: /default-rack, certSerialId: null, persistedOpState: null, persistedOpStateExpiryEpochSec: 0}a642edec-ac5e-4d27-8806-3ece717121b6{ip: 10.1.0.19, host: fv-az450-466.jnfmftgkylze5hd05chtbp1i0a.dx.internal.cloudapp.net, ports: [REPLICATION=34617, RATIS=36299, RATIS_ADMIN=36299, RATIS_SERVER=36299, STANDALONE=35003], networkLocation: /default-rack, certSerialId: null, persistedOpState: null, persistedOpStateExpiryEpochSec: 0}facac9a0-ce51-4f90-b128-080475d31873{ip: 10.1.0.19, host: fv-az450-466.jnfmftgkylze5hd05chtbp1i0a.dx.internal.cloudapp.net, ports: [REPLICATION=34845, RATIS=44939, RATIS_ADMIN=44939, RATIS_SERVER=44939, STANDALONE=32789], networkLocation: /default-rack, certSerialId: null, persistedOpState: null, persistedOpStateExpiryEpochSec: 0}38e181f0-6c08-490a-960d-0a972fca2357{ip: 10.1.0.19, host: fv-az450-466.jnfmftgkylze5hd05chtbp1i0a.dx.internal.cloudapp.net, ports: [REPLICATION=40051, RATIS=45429, RATIS_ADMIN=45429, RATIS_SERVER=45429, STANDALONE=42261], networkLocation: /default-rack, certSerialId: null, persistedOpState: null, persistedOpStateExpiryEpochSec: 0}772eb59f-65bd-4f3e-8be4-0b3810e8c7eb{ip: 10.1.0.19, host: fv-az450-466.jnfmftgkylze5hd05chtbp1i0a.dx.internal.cloudapp.net, ports: [REPLICATION=39271, RATIS=44191, RATIS_ADMIN=44191, RATIS_SERVER=44191, STANDALONE=42757], networkLocation: /default-rack, certSerialId: null, persistedOpState: null, persistedOpStateExpiryEpochSec: 0}, ReplicationConfig: EC/ECReplicationConfig{data=3, parity=2, ecChunkSize=1024, codec=rs}, State:ALLOCATED, leaderId:, CreationTimestamp2022-08-09T13:49:44.666Z[Etc/UTC]] moved to OPEN state
]]></system-out>
  </testcase>
  <testcase name="testBucketDefaultsShouldBeInheritedToFileForEC" classname="TestRootedOzoneFileSystem" time="0.845">
    <system-out><![CDATA[2022-08-09 13:51:08,955 [Time-limited test] INFO  rpc.RpcClient (RpcClient.java:createVolume(468)) - Creating Volume: volume35489, with user63574 as owner and space quota set to -1 bytes, counts quota set to -1
2022-08-09 13:51:08,959 [OM StateMachine ApplyTransaction Thread - 0] INFO  volume.OMVolumeCreateRequest (OMVolumeCreateRequest.java:validateAndUpdateCache(195)) - created volume:volume35489 for user:user63574
2022-08-09 13:51:08,960 [Time-limited test] INFO  rpc.RpcClient (RpcClient.java:createBucket(671)) - Creating Bucket: volume35489/bucket98778, with bucket layout LEGACY, runner as owner, Versioning false, Storage Type set to DISK and Encryption set to false 
2022-08-09 13:51:08,961 [OM StateMachine ApplyTransaction Thread - 0] INFO  bucket.OMBucketCreateRequest (OMBucketCreateRequest.java:validateAndUpdateCache(260)) - created bucket: bucket98778 of layout LEGACY in volume: volume35489
2022-08-09 13:51:09,016 [Time-limited test] INFO  rpc.RpcClient (RpcClient.java:createVolume(468)) - Creating Volume: 1a9e0715-d6ee-4be7-8d51-c221183a37da, with user17675 as owner and space quota set to -1 bytes, counts quota set to -1
2022-08-09 13:51:09,022 [OM StateMachine ApplyTransaction Thread - 0] INFO  volume.OMVolumeCreateRequest (OMVolumeCreateRequest.java:validateAndUpdateCache(195)) - created volume:1a9e0715-d6ee-4be7-8d51-c221183a37da for user:user17675
2022-08-09 13:51:09,029 [Time-limited test] INFO  rpc.RpcClient (RpcClient.java:createBucket(671)) - Creating Bucket: 1a9e0715-d6ee-4be7-8d51-c221183a37da/4379ed58-ae47-4d5d-8f9f-611f00517c78, with bucket layout LEGACY, runner as owner, Versioning false, Storage Type set to DISK and Encryption set to false 
2022-08-09 13:51:09,030 [OM StateMachine ApplyTransaction Thread - 0] INFO  bucket.OMBucketCreateRequest (OMBucketCreateRequest.java:validateAndUpdateCache(260)) - created bucket: 4379ed58-ae47-4d5d-8f9f-611f00517c78 of layout LEGACY in volume: 1a9e0715-d6ee-4be7-8d51-c221183a37da
2022-08-09 13:51:09,047 [IPC Server handler 7 on default port 36263] INFO  pipeline.PipelineStateManagerImpl (PipelineStateManagerImpl.java:addPipeline(103)) - Created pipeline Pipeline[ Id: e7e3cc4c-3262-4de2-b0e2-c3dee1425301, Nodes: 6ff5905d-960c-4bc6-8c78-bddfc36801e9{ip: 10.1.0.19, host: fv-az450-466.jnfmftgkylze5hd05chtbp1i0a.dx.internal.cloudapp.net, ports: [REPLICATION=40271, RATIS=41329, RATIS_ADMIN=41329, RATIS_SERVER=41329, STANDALONE=42977], networkLocation: /default-rack, certSerialId: null, persistedOpState: null, persistedOpStateExpiryEpochSec: 0}7ef00aaf-719f-4d6c-a113-08e756e8a738{ip: 10.1.0.19, host: fv-az450-466.jnfmftgkylze5hd05chtbp1i0a.dx.internal.cloudapp.net, ports: [REPLICATION=38227, RATIS=35461, RATIS_ADMIN=35461, RATIS_SERVER=35461, STANDALONE=33183], networkLocation: /default-rack, certSerialId: null, persistedOpState: null, persistedOpStateExpiryEpochSec: 0}8852ae54-4ed3-4d1d-b462-9046b334363d{ip: 10.1.0.19, host: fv-az450-466.jnfmftgkylze5hd05chtbp1i0a.dx.internal.cloudapp.net, ports: [REPLICATION=40453, RATIS=36749, RATIS_ADMIN=36749, RATIS_SERVER=36749, STANDALONE=44299], networkLocation: /default-rack, certSerialId: null, persistedOpState: null, persistedOpStateExpiryEpochSec: 0}09723a4e-7fd0-4003-a68d-b4a2e2b403bd{ip: 10.1.0.19, host: fv-az450-466.jnfmftgkylze5hd05chtbp1i0a.dx.internal.cloudapp.net, ports: [REPLICATION=35331, RATIS=33703, RATIS_ADMIN=33703, RATIS_SERVER=33703, STANDALONE=39847], networkLocation: /default-rack, certSerialId: null, persistedOpState: null, persistedOpStateExpiryEpochSec: 0}eda375c3-f1b4-45e6-ba42-67ae65a4fd55{ip: 10.1.0.19, host: fv-az450-466.jnfmftgkylze5hd05chtbp1i0a.dx.internal.cloudapp.net, ports: [REPLICATION=44867, RATIS=34243, RATIS_ADMIN=34243, RATIS_SERVER=34243, STANDALONE=43943], networkLocation: /default-rack, certSerialId: null, persistedOpState: null, persistedOpStateExpiryEpochSec: 0}, ReplicationConfig: EC/ECReplicationConfig{data=3, parity=2, ecChunkSize=1024, codec=rs}, State:ALLOCATED, leaderId:, CreationTimestamp2022-08-09T13:51:09.045Z[Etc/UTC]].
2022-08-09 13:51:09,047 [IPC Server handler 7 on default port 36263] INFO  pipeline.PipelineManagerImpl (PipelineManagerImpl.java:openPipeline(367)) - Pipeline Pipeline[ Id: e7e3cc4c-3262-4de2-b0e2-c3dee1425301, Nodes: 6ff5905d-960c-4bc6-8c78-bddfc36801e9{ip: 10.1.0.19, host: fv-az450-466.jnfmftgkylze5hd05chtbp1i0a.dx.internal.cloudapp.net, ports: [REPLICATION=40271, RATIS=41329, RATIS_ADMIN=41329, RATIS_SERVER=41329, STANDALONE=42977], networkLocation: /default-rack, certSerialId: null, persistedOpState: null, persistedOpStateExpiryEpochSec: 0}7ef00aaf-719f-4d6c-a113-08e756e8a738{ip: 10.1.0.19, host: fv-az450-466.jnfmftgkylze5hd05chtbp1i0a.dx.internal.cloudapp.net, ports: [REPLICATION=38227, RATIS=35461, RATIS_ADMIN=35461, RATIS_SERVER=35461, STANDALONE=33183], networkLocation: /default-rack, certSerialId: null, persistedOpState: null, persistedOpStateExpiryEpochSec: 0}8852ae54-4ed3-4d1d-b462-9046b334363d{ip: 10.1.0.19, host: fv-az450-466.jnfmftgkylze5hd05chtbp1i0a.dx.internal.cloudapp.net, ports: [REPLICATION=40453, RATIS=36749, RATIS_ADMIN=36749, RATIS_SERVER=36749, STANDALONE=44299], networkLocation: /default-rack, certSerialId: null, persistedOpState: null, persistedOpStateExpiryEpochSec: 0}09723a4e-7fd0-4003-a68d-b4a2e2b403bd{ip: 10.1.0.19, host: fv-az450-466.jnfmftgkylze5hd05chtbp1i0a.dx.internal.cloudapp.net, ports: [REPLICATION=35331, RATIS=33703, RATIS_ADMIN=33703, RATIS_SERVER=33703, STANDALONE=39847], networkLocation: /default-rack, certSerialId: null, persistedOpState: null, persistedOpStateExpiryEpochSec: 0}eda375c3-f1b4-45e6-ba42-67ae65a4fd55{ip: 10.1.0.19, host: fv-az450-466.jnfmftgkylze5hd05chtbp1i0a.dx.internal.cloudapp.net, ports: [REPLICATION=44867, RATIS=34243, RATIS_ADMIN=34243, RATIS_SERVER=34243, STANDALONE=43943], networkLocation: /default-rack, certSerialId: null, persistedOpState: null, persistedOpStateExpiryEpochSec: 0}, ReplicationConfig: EC/ECReplicationConfig{data=3, parity=2, ecChunkSize=1024, codec=rs}, State:ALLOCATED, leaderId:, CreationTimestamp2022-08-09T13:51:09.045Z[Etc/UTC]] moved to OPEN state
]]></system-out>
  </testcase>
  <testcase name="testBucketDefaultsShouldBeInheritedToFileForEC" classname="TestRootedOzoneFileSystem" time="1.095">
    <system-out><![CDATA[2022-08-09 13:52:34,822 [Time-limited test] INFO  rpc.RpcClient (RpcClient.java:createVolume(468)) - Creating Volume: volume49181, with user48118 as owner and space quota set to -1 bytes, counts quota set to -1
2022-08-09 13:52:34,823 [IPC Server handler 11 on default port 44079] INFO  volume.OMVolumeCreateRequest (OMVolumeCreateRequest.java:validateAndUpdateCache(195)) - created volume:volume49181 for user:user48118
2022-08-09 13:52:34,828 [Time-limited test] INFO  rpc.RpcClient (RpcClient.java:createBucket(671)) - Creating Bucket: volume49181/bucket66160, with bucket layout LEGACY, runner as owner, Versioning false, Storage Type set to DISK and Encryption set to false 
2022-08-09 13:52:34,833 [IPC Server handler 8 on default port 44079] INFO  bucket.OMBucketCreateRequest (OMBucketCreateRequest.java:validateAndUpdateCache(260)) - created bucket: bucket66160 of layout LEGACY in volume: volume49181
2022-08-09 13:52:34,903 [Time-limited test] INFO  rpc.RpcClient (RpcClient.java:createVolume(468)) - Creating Volume: 62b776af-504f-4ea1-b4d0-f04f184d4544, with user90474 as owner and space quota set to -1 bytes, counts quota set to -1
2022-08-09 13:52:34,905 [IPC Server handler 5 on default port 44079] INFO  volume.OMVolumeCreateRequest (OMVolumeCreateRequest.java:validateAndUpdateCache(195)) - created volume:62b776af-504f-4ea1-b4d0-f04f184d4544 for user:user90474
2022-08-09 13:52:34,917 [Time-limited test] INFO  rpc.RpcClient (RpcClient.java:createBucket(671)) - Creating Bucket: 62b776af-504f-4ea1-b4d0-f04f184d4544/dfaac345-fd0e-4196-8ad4-14844e8999c1, with bucket layout LEGACY, runner as owner, Versioning false, Storage Type set to DISK and Encryption set to false 
2022-08-09 13:52:34,917 [IPC Server handler 2 on default port 44079] INFO  bucket.OMBucketCreateRequest (OMBucketCreateRequest.java:validateAndUpdateCache(260)) - created bucket: dfaac345-fd0e-4196-8ad4-14844e8999c1 of layout LEGACY in volume: 62b776af-504f-4ea1-b4d0-f04f184d4544
2022-08-09 13:52:34,944 [IPC Server handler 14 on default port 34067] INFO  pipeline.PipelineStateManagerImpl (PipelineStateManagerImpl.java:addPipeline(103)) - Created pipeline Pipeline[ Id: 61ed9338-026f-48de-a7b6-220936734686, Nodes: c4ab506c-e5ff-4630-83c4-92e6a677ee06{ip: 10.1.0.19, host: fv-az450-466.jnfmftgkylze5hd05chtbp1i0a.dx.internal.cloudapp.net, ports: [REPLICATION=33147, RATIS=36685, RATIS_ADMIN=36685, RATIS_SERVER=36685, STANDALONE=46865], networkLocation: /default-rack, certSerialId: null, persistedOpState: null, persistedOpStateExpiryEpochSec: 0}7f1d1c94-ff0a-4bb3-a3b2-1e31becb3d9f{ip: 10.1.0.19, host: fv-az450-466.jnfmftgkylze5hd05chtbp1i0a.dx.internal.cloudapp.net, ports: [REPLICATION=42931, RATIS=34961, RATIS_ADMIN=34961, RATIS_SERVER=34961, STANDALONE=35779], networkLocation: /default-rack, certSerialId: null, persistedOpState: null, persistedOpStateExpiryEpochSec: 0}3bac5bb1-bc16-454d-9924-1bb7373e00e4{ip: 10.1.0.19, host: fv-az450-466.jnfmftgkylze5hd05chtbp1i0a.dx.internal.cloudapp.net, ports: [REPLICATION=46845, RATIS=37547, RATIS_ADMIN=37547, RATIS_SERVER=37547, STANDALONE=38575], networkLocation: /default-rack, certSerialId: null, persistedOpState: null, persistedOpStateExpiryEpochSec: 0}719c7f2e-9b3f-4e79-a038-a5c87def3235{ip: 10.1.0.19, host: fv-az450-466.jnfmftgkylze5hd05chtbp1i0a.dx.internal.cloudapp.net, ports: [REPLICATION=39459, RATIS=41633, RATIS_ADMIN=41633, RATIS_SERVER=41633, STANDALONE=46881], networkLocation: /default-rack, certSerialId: null, persistedOpState: null, persistedOpStateExpiryEpochSec: 0}d404f66d-97e2-4d92-a65f-8c5f8d00df6e{ip: 10.1.0.19, host: fv-az450-466.jnfmftgkylze5hd05chtbp1i0a.dx.internal.cloudapp.net, ports: [REPLICATION=46717, RATIS=38445, RATIS_ADMIN=38445, RATIS_SERVER=38445, STANDALONE=45073], networkLocation: /default-rack, certSerialId: null, persistedOpState: null, persistedOpStateExpiryEpochSec: 0}, ReplicationConfig: EC/ECReplicationConfig{data=3, parity=2, ecChunkSize=1024, codec=rs}, State:ALLOCATED, leaderId:, CreationTimestamp2022-08-09T13:52:34.941Z[Etc/UTC]].
2022-08-09 13:52:34,944 [IPC Server handler 14 on default port 34067] INFO  pipeline.PipelineManagerImpl (PipelineManagerImpl.java:openPipeline(367)) - Pipeline Pipeline[ Id: 61ed9338-026f-48de-a7b6-220936734686, Nodes: c4ab506c-e5ff-4630-83c4-92e6a677ee06{ip: 10.1.0.19, host: fv-az450-466.jnfmftgkylze5hd05chtbp1i0a.dx.internal.cloudapp.net, ports: [REPLICATION=33147, RATIS=36685, RATIS_ADMIN=36685, RATIS_SERVER=36685, STANDALONE=46865], networkLocation: /default-rack, certSerialId: null, persistedOpState: null, persistedOpStateExpiryEpochSec: 0}7f1d1c94-ff0a-4bb3-a3b2-1e31becb3d9f{ip: 10.1.0.19, host: fv-az450-466.jnfmftgkylze5hd05chtbp1i0a.dx.internal.cloudapp.net, ports: [REPLICATION=42931, RATIS=34961, RATIS_ADMIN=34961, RATIS_SERVER=34961, STANDALONE=35779], networkLocation: /default-rack, certSerialId: null, persistedOpState: null, persistedOpStateExpiryEpochSec: 0}3bac5bb1-bc16-454d-9924-1bb7373e00e4{ip: 10.1.0.19, host: fv-az450-466.jnfmftgkylze5hd05chtbp1i0a.dx.internal.cloudapp.net, ports: [REPLICATION=46845, RATIS=37547, RATIS_ADMIN=37547, RATIS_SERVER=37547, STANDALONE=38575], networkLocation: /default-rack, certSerialId: null, persistedOpState: null, persistedOpStateExpiryEpochSec: 0}719c7f2e-9b3f-4e79-a038-a5c87def3235{ip: 10.1.0.19, host: fv-az450-466.jnfmftgkylze5hd05chtbp1i0a.dx.internal.cloudapp.net, ports: [REPLICATION=39459, RATIS=41633, RATIS_ADMIN=41633, RATIS_SERVER=41633, STANDALONE=46881], networkLocation: /default-rack, certSerialId: null, persistedOpState: null, persistedOpStateExpiryEpochSec: 0}d404f66d-97e2-4d92-a65f-8c5f8d00df6e{ip: 10.1.0.19, host: fv-az450-466.jnfmftgkylze5hd05chtbp1i0a.dx.internal.cloudapp.net, ports: [REPLICATION=46717, RATIS=38445, RATIS_ADMIN=38445, RATIS_SERVER=38445, STANDALONE=45073], networkLocation: /default-rack, certSerialId: null, persistedOpState: null, persistedOpStateExpiryEpochSec: 0}, ReplicationConfig: EC/ECReplicationConfig{data=3, parity=2, ecChunkSize=1024, codec=rs}, State:ALLOCATED, leaderId:, CreationTimestamp2022-08-09T13:52:34.941Z[Etc/UTC]] moved to OPEN state
]]></system-out>
  </testcase>
  <testcase name="testListStatusInBucket" classname="TestRootedOzoneFileSystem" time="0.048">
    <system-out><![CDATA[2022-08-09 13:47:31,216 [Time-limited test] INFO  rpc.RpcClient (RpcClient.java:createVolume(468)) - Creating Volume: volume59052, with user59035 as owner and space quota set to -1 bytes, counts quota set to -1
2022-08-09 13:47:31,217 [OM StateMachine ApplyTransaction Thread - 0] INFO  volume.OMVolumeCreateRequest (OMVolumeCreateRequest.java:validateAndUpdateCache(195)) - created volume:volume59052 for user:user59035
2022-08-09 13:47:31,218 [Time-limited test] INFO  rpc.RpcClient (RpcClient.java:createBucket(671)) - Creating Bucket: volume59052/bucket64470, with bucket layout LEGACY, runner as owner, Versioning false, Storage Type set to DISK and Encryption set to false 
2022-08-09 13:47:31,220 [OM StateMachine ApplyTransaction Thread - 0] INFO  bucket.OMBucketCreateRequest (OMBucketCreateRequest.java:validateAndUpdateCache(260)) - created bucket: bucket64470 of layout LEGACY in volume: volume59052
]]></system-out>
  </testcase>
  <testcase name="testListStatusInBucket" classname="TestRootedOzoneFileSystem" time="0.086">
    <system-out><![CDATA[2022-08-09 13:48:35,792 [Time-limited test] INFO  rpc.RpcClient (RpcClient.java:createVolume(468)) - Creating Volume: volume98440, with user49697 as owner and space quota set to -1 bytes, counts quota set to -1
2022-08-09 13:48:35,797 [OM StateMachine ApplyTransaction Thread - 0] INFO  volume.OMVolumeCreateRequest (OMVolumeCreateRequest.java:validateAndUpdateCache(195)) - created volume:volume98440 for user:user49697
2022-08-09 13:48:35,798 [Time-limited test] INFO  rpc.RpcClient (RpcClient.java:createBucket(671)) - Creating Bucket: volume98440/bucket80635, with bucket layout LEGACY, runner as owner, Versioning false, Storage Type set to DISK and Encryption set to false 
2022-08-09 13:48:35,799 [OM StateMachine ApplyTransaction Thread - 0] INFO  bucket.OMBucketCreateRequest (OMBucketCreateRequest.java:validateAndUpdateCache(260)) - created bucket: bucket80635 of layout LEGACY in volume: volume98440
]]></system-out>
  </testcase>
  <testcase name="testListStatusInBucket" classname="TestRootedOzoneFileSystem" time="0.126">
    <system-out><![CDATA[2022-08-09 13:49:45,371 [Time-limited test] INFO  rpc.RpcClient (RpcClient.java:createVolume(468)) - Creating Volume: volume16306, with user18833 as owner and space quota set to -1 bytes, counts quota set to -1
2022-08-09 13:49:45,372 [IPC Server handler 12 on default port 42643] INFO  volume.OMVolumeCreateRequest (OMVolumeCreateRequest.java:validateAndUpdateCache(195)) - created volume:volume16306 for user:user18833
2022-08-09 13:49:45,372 [Time-limited test] INFO  rpc.RpcClient (RpcClient.java:createBucket(671)) - Creating Bucket: volume16306/bucket64636, with bucket layout LEGACY, runner as owner, Versioning false, Storage Type set to DISK and Encryption set to false 
2022-08-09 13:49:45,373 [IPC Server handler 17 on default port 42643] INFO  bucket.OMBucketCreateRequest (OMBucketCreateRequest.java:validateAndUpdateCache(260)) - created bucket: bucket64636 of layout LEGACY in volume: volume16306
]]></system-out>
  </testcase>
  <testcase name="testListStatusInBucket" classname="TestRootedOzoneFileSystem" time="0.11">
    <system-out><![CDATA[2022-08-09 13:51:09,773 [Time-limited test] INFO  rpc.RpcClient (RpcClient.java:createVolume(468)) - Creating Volume: volume01276, with user53258 as owner and space quota set to -1 bytes, counts quota set to -1
2022-08-09 13:51:09,777 [OM StateMachine ApplyTransaction Thread - 0] INFO  volume.OMVolumeCreateRequest (OMVolumeCreateRequest.java:validateAndUpdateCache(195)) - created volume:volume01276 for user:user53258
2022-08-09 13:51:09,778 [Time-limited test] INFO  rpc.RpcClient (RpcClient.java:createBucket(671)) - Creating Bucket: volume01276/bucket99107, with bucket layout LEGACY, runner as owner, Versioning false, Storage Type set to DISK and Encryption set to false 
2022-08-09 13:51:09,779 [OM StateMachine ApplyTransaction Thread - 0] INFO  bucket.OMBucketCreateRequest (OMBucketCreateRequest.java:validateAndUpdateCache(260)) - created bucket: bucket99107 of layout LEGACY in volume: volume01276
]]></system-out>
  </testcase>
  <testcase name="testListStatusInBucket" classname="TestRootedOzoneFileSystem" time="0.147">
    <system-out><![CDATA[2022-08-09 13:52:35,953 [Time-limited test] INFO  rpc.RpcClient (RpcClient.java:createVolume(468)) - Creating Volume: volume83558, with user18947 as owner and space quota set to -1 bytes, counts quota set to -1
2022-08-09 13:52:35,954 [IPC Server handler 9 on default port 44079] INFO  volume.OMVolumeCreateRequest (OMVolumeCreateRequest.java:validateAndUpdateCache(195)) - created volume:volume83558 for user:user18947
2022-08-09 13:52:35,955 [Time-limited test] INFO  rpc.RpcClient (RpcClient.java:createBucket(671)) - Creating Bucket: volume83558/bucket83904, with bucket layout LEGACY, runner as owner, Versioning false, Storage Type set to DISK and Encryption set to false 
2022-08-09 13:52:35,955 [IPC Server handler 6 on default port 44079] INFO  bucket.OMBucketCreateRequest (OMBucketCreateRequest.java:validateAndUpdateCache(260)) - created bucket: bucket83904 of layout LEGACY in volume: volume83558
]]></system-out>
  </testcase>
  <testcase name="testRenameFileToDir" classname="TestRootedOzoneFileSystem" time="0.05">
    <system-out><![CDATA[2022-08-09 13:47:31,265 [Time-limited test] INFO  rpc.RpcClient (RpcClient.java:createVolume(468)) - Creating Volume: volume72716, with user25758 as owner and space quota set to -1 bytes, counts quota set to -1
2022-08-09 13:47:31,266 [OM StateMachine ApplyTransaction Thread - 0] INFO  volume.OMVolumeCreateRequest (OMVolumeCreateRequest.java:validateAndUpdateCache(195)) - created volume:volume72716 for user:user25758
2022-08-09 13:47:31,267 [Time-limited test] INFO  rpc.RpcClient (RpcClient.java:createBucket(671)) - Creating Bucket: volume72716/bucket13903, with bucket layout LEGACY, runner as owner, Versioning false, Storage Type set to DISK and Encryption set to false 
2022-08-09 13:47:31,268 [OM StateMachine ApplyTransaction Thread - 0] INFO  bucket.OMBucketCreateRequest (OMBucketCreateRequest.java:validateAndUpdateCache(260)) - created bucket: bucket13903 of layout LEGACY in volume: volume72716
13:47:31.283 [IPC Server handler 5 on default port 44757] ERROR OMAudit - user=runner | ip=127.0.0.1 | op=LIST_STATUS {volume=volume72716, bucket=bucket13903, key=a/b/c/file1, dataSize=0, replicationConfig=null} | ret=FAILURE
org.apache.hadoop.ozone.om.exceptions.OMException: Unable to get file status: volume: volume72716 bucket: bucket13903 key: a/b/c/file1
	at org.apache.hadoop.ozone.om.KeyManagerImpl.getOzoneFileStatus(KeyManagerImpl.java:1311) ~[ozone-manager-1.3.0-SNAPSHOT.jar:?]
	at org.apache.hadoop.ozone.om.KeyManagerImpl.getFileStatus(KeyManagerImpl.java:1241) ~[ozone-manager-1.3.0-SNAPSHOT.jar:?]
	at org.apache.hadoop.ozone.om.KeyManagerImpl.listStatus(KeyManagerImpl.java:1565) ~[ozone-manager-1.3.0-SNAPSHOT.jar:?]
	at org.apache.hadoop.ozone.om.OzoneManager.listStatus(OzoneManager.java:3546) ~[ozone-manager-1.3.0-SNAPSHOT.jar:?]
	at org.apache.hadoop.ozone.protocolPB.OzoneManagerRequestHandler.listStatus(OzoneManagerRequestHandler.java:1072) ~[ozone-manager-1.3.0-SNAPSHOT.jar:?]
	at org.apache.hadoop.ozone.protocolPB.OzoneManagerRequestHandler.handleReadRequest(OzoneManagerRequestHandler.java:239) ~[ozone-manager-1.3.0-SNAPSHOT.jar:?]
	at org.apache.hadoop.ozone.protocolPB.OzoneManagerProtocolServerSideTranslatorPB.submitReadRequestToOM(OzoneManagerProtocolServerSideTranslatorPB.java:226) ~[ozone-manager-1.3.0-SNAPSHOT.jar:?]
	at org.apache.hadoop.ozone.protocolPB.OzoneManagerProtocolServerSideTranslatorPB.processRequest(OzoneManagerProtocolServerSideTranslatorPB.java:175) ~[ozone-manager-1.3.0-SNAPSHOT.jar:?]
	at org.apache.hadoop.hdds.server.OzoneProtocolMessageDispatcher.processRequest(OzoneProtocolMessageDispatcher.java:87) [hdds-server-framework-1.3.0-SNAPSHOT.jar:?]
	at org.apache.hadoop.ozone.protocolPB.OzoneManagerProtocolServerSideTranslatorPB.submitRequest(OzoneManagerProtocolServerSideTranslatorPB.java:147) [ozone-manager-1.3.0-SNAPSHOT.jar:?]
	at org.apache.hadoop.ozone.protocol.proto.OzoneManagerProtocolProtos$OzoneManagerService$2.callBlockingMethod(OzoneManagerProtocolProtos.java) [ozone-interface-client-1.3.0-SNAPSHOT.jar:?]
	at org.apache.hadoop.ipc.ProtobufRpcEngine$Server.processCall(ProtobufRpcEngine.java:466) [hadoop-common-3.3.1.jar:?]
	at org.apache.hadoop.ipc.ProtobufRpcEngine2$Server$ProtoBufRpcInvoker.call(ProtobufRpcEngine2.java:574) [hadoop-common-3.3.1.jar:?]
	at org.apache.hadoop.ipc.ProtobufRpcEngine2$Server$ProtoBufRpcInvoker.call(ProtobufRpcEngine2.java:552) [hadoop-common-3.3.1.jar:?]
	at org.apache.hadoop.ipc.RPC$Server.call(RPC.java:1093) [hadoop-common-3.3.1.jar:?]
	at org.apache.hadoop.ipc.Server$RpcCall.run(Server.java:1035) [hadoop-common-3.3.1.jar:?]
	at org.apache.hadoop.ipc.Server$RpcCall.run(Server.java:963) [hadoop-common-3.3.1.jar:?]
	at java.security.AccessController.doPrivileged(Native Method) ~[?:1.8.0_332]
	at javax.security.auth.Subject.doAs(Subject.java:422) [?:1.8.0_332]
	at org.apache.hadoop.security.UserGroupInformation.doAs(UserGroupInformation.java:1878) [hadoop-common-3.3.1.jar:?]
	at org.apache.hadoop.ipc.Server$Handler.run(Server.java:2966) [hadoop-common-3.3.1.jar:?]
]]></system-out>
  </testcase>
  <testcase name="testRenameFileToDir" classname="TestRootedOzoneFileSystem" time="0.126">
    <system-out><![CDATA[2022-08-09 13:48:35,899 [Time-limited test] INFO  rpc.RpcClient (RpcClient.java:createVolume(468)) - Creating Volume: volume55292, with user79353 as owner and space quota set to -1 bytes, counts quota set to -1
2022-08-09 13:48:35,905 [OM StateMachine ApplyTransaction Thread - 0] INFO  volume.OMVolumeCreateRequest (OMVolumeCreateRequest.java:validateAndUpdateCache(195)) - created volume:volume55292 for user:user79353
2022-08-09 13:48:35,906 [Time-limited test] INFO  rpc.RpcClient (RpcClient.java:createBucket(671)) - Creating Bucket: volume55292/bucket27898, with bucket layout LEGACY, runner as owner, Versioning false, Storage Type set to DISK and Encryption set to false 
2022-08-09 13:48:35,907 [OM StateMachine ApplyTransaction Thread - 0] INFO  bucket.OMBucketCreateRequest (OMBucketCreateRequest.java:validateAndUpdateCache(260)) - created bucket: bucket27898 of layout LEGACY in volume: volume55292
13:48:35.921 [IPC Server handler 0 on default port 34619] ERROR OMAudit - user=runner | ip=127.0.0.1 | op=LIST_STATUS {volume=volume55292, bucket=bucket27898, key=a/b/c/file1, dataSize=0, replicationConfig=null} | ret=FAILURE
org.apache.hadoop.ozone.om.exceptions.OMException: Unable to get file status: volume: volume55292 bucket: bucket27898 key: a/b/c/file1
	at org.apache.hadoop.ozone.om.KeyManagerImpl.getOzoneFileStatus(KeyManagerImpl.java:1311) ~[ozone-manager-1.3.0-SNAPSHOT.jar:?]
	at org.apache.hadoop.ozone.om.KeyManagerImpl.getFileStatus(KeyManagerImpl.java:1241) ~[ozone-manager-1.3.0-SNAPSHOT.jar:?]
	at org.apache.hadoop.ozone.om.KeyManagerImpl.listStatus(KeyManagerImpl.java:1565) ~[ozone-manager-1.3.0-SNAPSHOT.jar:?]
	at org.apache.hadoop.ozone.om.OzoneManager.listStatus(OzoneManager.java:3546) ~[ozone-manager-1.3.0-SNAPSHOT.jar:?]
	at org.apache.hadoop.ozone.protocolPB.OzoneManagerRequestHandler.listStatus(OzoneManagerRequestHandler.java:1072) ~[ozone-manager-1.3.0-SNAPSHOT.jar:?]
	at org.apache.hadoop.ozone.protocolPB.OzoneManagerRequestHandler.handleReadRequest(OzoneManagerRequestHandler.java:239) ~[ozone-manager-1.3.0-SNAPSHOT.jar:?]
	at org.apache.hadoop.ozone.protocolPB.OzoneManagerProtocolServerSideTranslatorPB.submitReadRequestToOM(OzoneManagerProtocolServerSideTranslatorPB.java:226) ~[ozone-manager-1.3.0-SNAPSHOT.jar:?]
	at org.apache.hadoop.ozone.protocolPB.OzoneManagerProtocolServerSideTranslatorPB.processRequest(OzoneManagerProtocolServerSideTranslatorPB.java:175) ~[ozone-manager-1.3.0-SNAPSHOT.jar:?]
	at org.apache.hadoop.hdds.server.OzoneProtocolMessageDispatcher.processRequest(OzoneProtocolMessageDispatcher.java:87) [hdds-server-framework-1.3.0-SNAPSHOT.jar:?]
	at org.apache.hadoop.ozone.protocolPB.OzoneManagerProtocolServerSideTranslatorPB.submitRequest(OzoneManagerProtocolServerSideTranslatorPB.java:147) [ozone-manager-1.3.0-SNAPSHOT.jar:?]
	at org.apache.hadoop.ozone.protocol.proto.OzoneManagerProtocolProtos$OzoneManagerService$2.callBlockingMethod(OzoneManagerProtocolProtos.java) [ozone-interface-client-1.3.0-SNAPSHOT.jar:?]
	at org.apache.hadoop.ipc.ProtobufRpcEngine$Server.processCall(ProtobufRpcEngine.java:466) [hadoop-common-3.3.1.jar:?]
	at org.apache.hadoop.ipc.ProtobufRpcEngine2$Server$ProtoBufRpcInvoker.call(ProtobufRpcEngine2.java:574) [hadoop-common-3.3.1.jar:?]
	at org.apache.hadoop.ipc.ProtobufRpcEngine2$Server$ProtoBufRpcInvoker.call(ProtobufRpcEngine2.java:552) [hadoop-common-3.3.1.jar:?]
	at org.apache.hadoop.ipc.RPC$Server.call(RPC.java:1093) [hadoop-common-3.3.1.jar:?]
	at org.apache.hadoop.ipc.Server$RpcCall.run(Server.java:1035) [hadoop-common-3.3.1.jar:?]
	at org.apache.hadoop.ipc.Server$RpcCall.run(Server.java:963) [hadoop-common-3.3.1.jar:?]
	at java.security.AccessController.doPrivileged(Native Method) ~[?:1.8.0_332]
	at javax.security.auth.Subject.doAs(Subject.java:422) [?:1.8.0_332]
	at org.apache.hadoop.security.UserGroupInformation.doAs(UserGroupInformation.java:1878) [hadoop-common-3.3.1.jar:?]
	at org.apache.hadoop.ipc.Server$Handler.run(Server.java:2966) [hadoop-common-3.3.1.jar:?]
]]></system-out>
  </testcase>
  <testcase name="testRenameFileToDir" classname="TestRootedOzoneFileSystem" time="0.067">
    <system-out><![CDATA[2022-08-09 13:49:45,466 [Time-limited test] INFO  rpc.RpcClient (RpcClient.java:createVolume(468)) - Creating Volume: volume93305, with user87851 as owner and space quota set to -1 bytes, counts quota set to -1
2022-08-09 13:49:45,467 [IPC Server handler 3 on default port 42643] INFO  volume.OMVolumeCreateRequest (OMVolumeCreateRequest.java:validateAndUpdateCache(195)) - created volume:volume93305 for user:user87851
2022-08-09 13:49:45,472 [Time-limited test] INFO  rpc.RpcClient (RpcClient.java:createBucket(671)) - Creating Bucket: volume93305/bucket05450, with bucket layout LEGACY, runner as owner, Versioning false, Storage Type set to DISK and Encryption set to false 
2022-08-09 13:49:45,472 [IPC Server handler 8 on default port 42643] INFO  bucket.OMBucketCreateRequest (OMBucketCreateRequest.java:validateAndUpdateCache(260)) - created bucket: bucket05450 of layout LEGACY in volume: volume93305
13:49:45.486 [IPC Server handler 2 on default port 42643] ERROR OMAudit - user=runner | ip=127.0.0.1 | op=LIST_STATUS {volume=volume93305, bucket=bucket05450, key=a/b/c/file1, dataSize=0, replicationConfig=null} | ret=FAILURE
org.apache.hadoop.ozone.om.exceptions.OMException: Unable to get file status: volume: volume93305 bucket: bucket05450 key: a/b/c/file1
	at org.apache.hadoop.ozone.om.KeyManagerImpl.getOzoneFileStatus(KeyManagerImpl.java:1311) ~[ozone-manager-1.3.0-SNAPSHOT.jar:?]
	at org.apache.hadoop.ozone.om.KeyManagerImpl.getFileStatus(KeyManagerImpl.java:1241) ~[ozone-manager-1.3.0-SNAPSHOT.jar:?]
	at org.apache.hadoop.ozone.om.KeyManagerImpl.listStatus(KeyManagerImpl.java:1565) ~[ozone-manager-1.3.0-SNAPSHOT.jar:?]
	at org.apache.hadoop.ozone.om.OzoneManager.listStatus(OzoneManager.java:3546) ~[ozone-manager-1.3.0-SNAPSHOT.jar:?]
	at org.apache.hadoop.ozone.protocolPB.OzoneManagerRequestHandler.listStatus(OzoneManagerRequestHandler.java:1072) ~[ozone-manager-1.3.0-SNAPSHOT.jar:?]
	at org.apache.hadoop.ozone.protocolPB.OzoneManagerRequestHandler.handleReadRequest(OzoneManagerRequestHandler.java:239) ~[ozone-manager-1.3.0-SNAPSHOT.jar:?]
	at org.apache.hadoop.ozone.protocolPB.OzoneManagerProtocolServerSideTranslatorPB.submitRequestDirectlyToOM(OzoneManagerProtocolServerSideTranslatorPB.java:276) ~[ozone-manager-1.3.0-SNAPSHOT.jar:?]
	at org.apache.hadoop.ozone.protocolPB.OzoneManagerProtocolServerSideTranslatorPB.processRequest(OzoneManagerProtocolServerSideTranslatorPB.java:205) ~[ozone-manager-1.3.0-SNAPSHOT.jar:?]
	at org.apache.hadoop.hdds.server.OzoneProtocolMessageDispatcher.processRequest(OzoneProtocolMessageDispatcher.java:87) [hdds-server-framework-1.3.0-SNAPSHOT.jar:?]
	at org.apache.hadoop.ozone.protocolPB.OzoneManagerProtocolServerSideTranslatorPB.submitRequest(OzoneManagerProtocolServerSideTranslatorPB.java:147) [ozone-manager-1.3.0-SNAPSHOT.jar:?]
	at org.apache.hadoop.ozone.protocol.proto.OzoneManagerProtocolProtos$OzoneManagerService$2.callBlockingMethod(OzoneManagerProtocolProtos.java) [ozone-interface-client-1.3.0-SNAPSHOT.jar:?]
	at org.apache.hadoop.ipc.ProtobufRpcEngine$Server.processCall(ProtobufRpcEngine.java:466) [hadoop-common-3.3.1.jar:?]
	at org.apache.hadoop.ipc.ProtobufRpcEngine2$Server$ProtoBufRpcInvoker.call(ProtobufRpcEngine2.java:574) [hadoop-common-3.3.1.jar:?]
	at org.apache.hadoop.ipc.ProtobufRpcEngine2$Server$ProtoBufRpcInvoker.call(ProtobufRpcEngine2.java:552) [hadoop-common-3.3.1.jar:?]
	at org.apache.hadoop.ipc.RPC$Server.call(RPC.java:1093) [hadoop-common-3.3.1.jar:?]
	at org.apache.hadoop.ipc.Server$RpcCall.run(Server.java:1035) [hadoop-common-3.3.1.jar:?]
	at org.apache.hadoop.ipc.Server$RpcCall.run(Server.java:963) [hadoop-common-3.3.1.jar:?]
	at java.security.AccessController.doPrivileged(Native Method) ~[?:1.8.0_332]
	at javax.security.auth.Subject.doAs(Subject.java:422) [?:1.8.0_332]
	at org.apache.hadoop.security.UserGroupInformation.doAs(UserGroupInformation.java:1878) [hadoop-common-3.3.1.jar:?]
	at org.apache.hadoop.ipc.Server$Handler.run(Server.java:2966) [hadoop-common-3.3.1.jar:?]
]]></system-out>
  </testcase>
  <testcase name="testRenameFileToDir" classname="TestRootedOzoneFileSystem" time="0.168">
    <system-out><![CDATA[2022-08-09 13:51:09,912 [Time-limited test] INFO  rpc.RpcClient (RpcClient.java:createVolume(468)) - Creating Volume: volume15475, with user34039 as owner and space quota set to -1 bytes, counts quota set to -1
2022-08-09 13:51:09,923 [OM StateMachine ApplyTransaction Thread - 0] INFO  volume.OMVolumeCreateRequest (OMVolumeCreateRequest.java:validateAndUpdateCache(195)) - created volume:volume15475 for user:user34039
2022-08-09 13:51:09,927 [Time-limited test] INFO  rpc.RpcClient (RpcClient.java:createBucket(671)) - Creating Bucket: volume15475/bucket90598, with bucket layout LEGACY, runner as owner, Versioning false, Storage Type set to DISK and Encryption set to false 
2022-08-09 13:51:09,928 [OM StateMachine ApplyTransaction Thread - 0] INFO  bucket.OMBucketCreateRequest (OMBucketCreateRequest.java:validateAndUpdateCache(260)) - created bucket: bucket90598 of layout LEGACY in volume: volume15475
13:51:09.956 [IPC Server handler 4 on default port 45023] ERROR OMAudit - user=runner | ip=127.0.0.1 | op=LIST_STATUS {volume=volume15475, bucket=bucket90598, key=a/b/c/file1, dataSize=0, replicationConfig=null} | ret=FAILURE
org.apache.hadoop.ozone.om.exceptions.OMException: Unable to get file status: volume: volume15475 bucket: bucket90598 key: a/b/c/file1
	at org.apache.hadoop.ozone.om.KeyManagerImpl.getOzoneFileStatus(KeyManagerImpl.java:1311) ~[ozone-manager-1.3.0-SNAPSHOT.jar:?]
	at org.apache.hadoop.ozone.om.KeyManagerImpl.getFileStatus(KeyManagerImpl.java:1241) ~[ozone-manager-1.3.0-SNAPSHOT.jar:?]
	at org.apache.hadoop.ozone.om.KeyManagerImpl.listStatus(KeyManagerImpl.java:1565) ~[ozone-manager-1.3.0-SNAPSHOT.jar:?]
	at org.apache.hadoop.ozone.om.OzoneManager.listStatus(OzoneManager.java:3546) ~[ozone-manager-1.3.0-SNAPSHOT.jar:?]
	at org.apache.hadoop.ozone.protocolPB.OzoneManagerRequestHandler.listStatus(OzoneManagerRequestHandler.java:1072) ~[ozone-manager-1.3.0-SNAPSHOT.jar:?]
	at org.apache.hadoop.ozone.protocolPB.OzoneManagerRequestHandler.handleReadRequest(OzoneManagerRequestHandler.java:239) ~[ozone-manager-1.3.0-SNAPSHOT.jar:?]
	at org.apache.hadoop.ozone.protocolPB.OzoneManagerProtocolServerSideTranslatorPB.submitReadRequestToOM(OzoneManagerProtocolServerSideTranslatorPB.java:226) ~[ozone-manager-1.3.0-SNAPSHOT.jar:?]
	at org.apache.hadoop.ozone.protocolPB.OzoneManagerProtocolServerSideTranslatorPB.processRequest(OzoneManagerProtocolServerSideTranslatorPB.java:175) ~[ozone-manager-1.3.0-SNAPSHOT.jar:?]
	at org.apache.hadoop.hdds.server.OzoneProtocolMessageDispatcher.processRequest(OzoneProtocolMessageDispatcher.java:87) [hdds-server-framework-1.3.0-SNAPSHOT.jar:?]
	at org.apache.hadoop.ozone.protocolPB.OzoneManagerProtocolServerSideTranslatorPB.submitRequest(OzoneManagerProtocolServerSideTranslatorPB.java:147) [ozone-manager-1.3.0-SNAPSHOT.jar:?]
	at org.apache.hadoop.ozone.protocol.proto.OzoneManagerProtocolProtos$OzoneManagerService$2.callBlockingMethod(OzoneManagerProtocolProtos.java) [ozone-interface-client-1.3.0-SNAPSHOT.jar:?]
	at org.apache.hadoop.ipc.ProtobufRpcEngine$Server.processCall(ProtobufRpcEngine.java:466) [hadoop-common-3.3.1.jar:?]
	at org.apache.hadoop.ipc.ProtobufRpcEngine2$Server$ProtoBufRpcInvoker.call(ProtobufRpcEngine2.java:574) [hadoop-common-3.3.1.jar:?]
	at org.apache.hadoop.ipc.ProtobufRpcEngine2$Server$ProtoBufRpcInvoker.call(ProtobufRpcEngine2.java:552) [hadoop-common-3.3.1.jar:?]
	at org.apache.hadoop.ipc.RPC$Server.call(RPC.java:1093) [hadoop-common-3.3.1.jar:?]
	at org.apache.hadoop.ipc.Server$RpcCall.run(Server.java:1035) [hadoop-common-3.3.1.jar:?]
	at org.apache.hadoop.ipc.Server$RpcCall.run(Server.java:963) [hadoop-common-3.3.1.jar:?]
	at java.security.AccessController.doPrivileged(Native Method) ~[?:1.8.0_332]
	at javax.security.auth.Subject.doAs(Subject.java:422) [?:1.8.0_332]
	at org.apache.hadoop.security.UserGroupInformation.doAs(UserGroupInformation.java:1878) [hadoop-common-3.3.1.jar:?]
	at org.apache.hadoop.ipc.Server$Handler.run(Server.java:2966) [hadoop-common-3.3.1.jar:?]
]]></system-out>
  </testcase>
  <testcase name="testRenameFileToDir" classname="TestRootedOzoneFileSystem" time="0.156">
    <system-out><![CDATA[2022-08-09 13:52:36,053 [Time-limited test] INFO  rpc.RpcClient (RpcClient.java:createVolume(468)) - Creating Volume: volume02802, with user23067 as owner and space quota set to -1 bytes, counts quota set to -1
2022-08-09 13:52:36,057 [IPC Server handler 14 on default port 44079] INFO  volume.OMVolumeCreateRequest (OMVolumeCreateRequest.java:validateAndUpdateCache(195)) - created volume:volume02802 for user:user23067
2022-08-09 13:52:36,058 [Time-limited test] INFO  rpc.RpcClient (RpcClient.java:createBucket(671)) - Creating Bucket: volume02802/bucket04457, with bucket layout LEGACY, runner as owner, Versioning false, Storage Type set to DISK and Encryption set to false 
2022-08-09 13:52:36,059 [IPC Server handler 0 on default port 44079] INFO  bucket.OMBucketCreateRequest (OMBucketCreateRequest.java:validateAndUpdateCache(260)) - created bucket: bucket04457 of layout LEGACY in volume: volume02802
13:52:36.075 [IPC Server handler 19 on default port 44079] ERROR OMAudit - user=runner | ip=127.0.0.1 | op=LIST_STATUS {volume=volume02802, bucket=bucket04457, key=a/b/c/file1, dataSize=0, replicationConfig=null} | ret=FAILURE
org.apache.hadoop.ozone.om.exceptions.OMException: Unable to get file status: volume: volume02802 bucket: bucket04457 key: a/b/c/file1
	at org.apache.hadoop.ozone.om.KeyManagerImpl.getOzoneFileStatus(KeyManagerImpl.java:1311) ~[ozone-manager-1.3.0-SNAPSHOT.jar:?]
	at org.apache.hadoop.ozone.om.KeyManagerImpl.getFileStatus(KeyManagerImpl.java:1241) ~[ozone-manager-1.3.0-SNAPSHOT.jar:?]
	at org.apache.hadoop.ozone.om.KeyManagerImpl.listStatus(KeyManagerImpl.java:1565) ~[ozone-manager-1.3.0-SNAPSHOT.jar:?]
	at org.apache.hadoop.ozone.om.OzoneManager.listStatus(OzoneManager.java:3546) ~[ozone-manager-1.3.0-SNAPSHOT.jar:?]
	at org.apache.hadoop.ozone.protocolPB.OzoneManagerRequestHandler.listStatus(OzoneManagerRequestHandler.java:1072) ~[ozone-manager-1.3.0-SNAPSHOT.jar:?]
	at org.apache.hadoop.ozone.protocolPB.OzoneManagerRequestHandler.handleReadRequest(OzoneManagerRequestHandler.java:239) ~[ozone-manager-1.3.0-SNAPSHOT.jar:?]
	at org.apache.hadoop.ozone.protocolPB.OzoneManagerProtocolServerSideTranslatorPB.submitRequestDirectlyToOM(OzoneManagerProtocolServerSideTranslatorPB.java:276) ~[ozone-manager-1.3.0-SNAPSHOT.jar:?]
	at org.apache.hadoop.ozone.protocolPB.OzoneManagerProtocolServerSideTranslatorPB.processRequest(OzoneManagerProtocolServerSideTranslatorPB.java:205) ~[ozone-manager-1.3.0-SNAPSHOT.jar:?]
	at org.apache.hadoop.hdds.server.OzoneProtocolMessageDispatcher.processRequest(OzoneProtocolMessageDispatcher.java:87) [hdds-server-framework-1.3.0-SNAPSHOT.jar:?]
	at org.apache.hadoop.ozone.protocolPB.OzoneManagerProtocolServerSideTranslatorPB.submitRequest(OzoneManagerProtocolServerSideTranslatorPB.java:147) [ozone-manager-1.3.0-SNAPSHOT.jar:?]
	at org.apache.hadoop.ozone.protocol.proto.OzoneManagerProtocolProtos$OzoneManagerService$2.callBlockingMethod(OzoneManagerProtocolProtos.java) [ozone-interface-client-1.3.0-SNAPSHOT.jar:?]
	at org.apache.hadoop.ipc.ProtobufRpcEngine$Server.processCall(ProtobufRpcEngine.java:466) [hadoop-common-3.3.1.jar:?]
	at org.apache.hadoop.ipc.ProtobufRpcEngine2$Server$ProtoBufRpcInvoker.call(ProtobufRpcEngine2.java:574) [hadoop-common-3.3.1.jar:?]
	at org.apache.hadoop.ipc.ProtobufRpcEngine2$Server$ProtoBufRpcInvoker.call(ProtobufRpcEngine2.java:552) [hadoop-common-3.3.1.jar:?]
	at org.apache.hadoop.ipc.RPC$Server.call(RPC.java:1093) [hadoop-common-3.3.1.jar:?]
	at org.apache.hadoop.ipc.Server$RpcCall.run(Server.java:1035) [hadoop-common-3.3.1.jar:?]
	at org.apache.hadoop.ipc.Server$RpcCall.run(Server.java:963) [hadoop-common-3.3.1.jar:?]
	at java.security.AccessController.doPrivileged(Native Method) ~[?:1.8.0_332]
	at javax.security.auth.Subject.doAs(Subject.java:422) [?:1.8.0_332]
	at org.apache.hadoop.security.UserGroupInformation.doAs(UserGroupInformation.java:1878) [hadoop-common-3.3.1.jar:?]
	at org.apache.hadoop.ipc.Server$Handler.run(Server.java:2966) [hadoop-common-3.3.1.jar:?]
]]></system-out>
  </testcase>
</testsuite>