<?xml version="1.0" encoding="UTF-8"?>
<testsuite xmlns:xsi="http://www.w3.org/2001/XMLSchema-instance" xsi:noNamespaceSchemaLocation="https://maven.apache.org/surefire/maven-surefire-plugin/xsd/surefire-test-report-3.0.xsd" version="3.0" name="org.apache.hadoop.ozone.parser.TestOzoneHARatisLogParser" time="62.169" tests="1" errors="1" skipped="0" failures="0">
  <properties>
    <property name="awt.toolkit" value="sun.awt.X11.XToolkit"/>
    <property name="file.encoding.pkg" value="sun.io"/>
    <property name="java.specification.version" value="1.8"/>
    <property name="sun.cpu.isalist" value=""/>
    <property name="sun.jnu.encoding" value="UTF-8"/>
    <property name="java.class.path" value="/home/runner/work/ozone/ozone/hadoop-ozone/integration-test/target/test-classes:/home/runner/work/ozone/ozone/hadoop-ozone/integration-test/target/classes:/home/runner/.m2/repository/org/apache/ozone/ozone-common/1.3.0-SNAPSHOT/ozone-common-1.3.0-SNAPSHOT.jar:/home/runner/.m2/repository/io/grpc/grpc-netty/1.48.1/grpc-netty-1.48.1.jar:/home/runner/.m2/repository/io/grpc/grpc-core/1.48.1/grpc-core-1.48.1.jar:/home/runner/.m2/repository/com/google/android/annotations/4.1.1.4/annotations-4.1.1.4.jar:/home/runner/.m2/repository/org/codehaus/mojo/animal-sniffer-annotations/1.21/animal-sniffer-annotations-1.21.jar:/home/runner/.m2/repository/com/google/errorprone/error_prone_annotations/2.2.0/error_prone_annotations-2.2.0.jar:/home/runner/.m2/repository/io/perfmark/perfmark-api/0.25.0/perfmark-api-0.25.0.jar:/home/runner/.m2/repository/io/netty/netty-codec-http2/4.1.79.Final/netty-codec-http2-4.1.79.Final.jar:/home/runner/.m2/repository/io/netty/netty-common/4.1.79.Final/netty-common-4.1.79.Final.jar:/home/runner/.m2/repository/io/netty/netty-buffer/4.1.79.Final/netty-buffer-4.1.79.Final.jar:/home/runner/.m2/repository/io/netty/netty-codec-http/4.1.79.Final/netty-codec-http-4.1.79.Final.jar:/home/runner/.m2/repository/io/netty/netty-handler-proxy/4.1.79.Final/netty-handler-proxy-4.1.79.Final.jar:/home/runner/.m2/repository/io/netty/netty-codec-socks/4.1.79.Final/netty-codec-socks-4.1.79.Final.jar:/home/runner/.m2/repository/io/netty/netty-tcnative-boringssl-static/2.0.53.Final/netty-tcnative-boringssl-static-2.0.53.Final.jar:/home/runner/.m2/repository/io/netty/netty-tcnative-classes/2.0.53.Final/netty-tcnative-classes-2.0.53.Final.jar:/home/runner/.m2/repository/io/netty/netty-tcnative-boringssl-static/2.0.53.Final/netty-tcnative-boringssl-static-2.0.53.Final-linux-x86_64.jar:/home/runner/.m2/repository/io/netty/netty-tcnative-boringssl-static/2.0.53.Final/netty-tcnative-boringssl-static-2.0.53.Final-linux-aarch_64.jar:/home/runner/.m2/repository/io/netty/netty-tcnative-boringssl-static/2.0.53.Final/netty-tcnative-boringssl-static-2.0.53.Final-osx-x86_64.jar:/home/runner/.m2/repository/io/netty/netty-tcnative-boringssl-static/2.0.53.Final/netty-tcnative-boringssl-static-2.0.53.Final-osx-aarch_64.jar:/home/runner/.m2/repository/io/netty/netty-tcnative-boringssl-static/2.0.53.Final/netty-tcnative-boringssl-static-2.0.53.Final-windows-x86_64.jar:/home/runner/.m2/repository/org/apache/commons/commons-compress/1.21/commons-compress-1.21.jar:/home/runner/.m2/repository/org/apache/ozone/hdds-common/1.3.0-SNAPSHOT/hdds-common-1.3.0-SNAPSHOT.jar:/home/runner/.m2/repository/org/apache/ozone/hdds-client/1.3.0-SNAPSHOT/hdds-client-1.3.0-SNAPSHOT.jar:/home/runner/.m2/repository/org/apache/ozone/ozone-interface-client/1.3.0-SNAPSHOT/ozone-interface-client-1.3.0-SNAPSHOT.jar:/home/runner/.m2/repository/org/apache/ozone/hdds-test-utils/1.3.0-SNAPSHOT/hdds-test-utils-1.3.0-SNAPSHOT.jar:/home/runner/.m2/repository/com/google/guava/guava/31.1-jre/guava-31.1-jre.jar:/home/runner/.m2/repository/com/google/guava/failureaccess/1.0.1/failureaccess-1.0.1.jar:/home/runner/.m2/repository/com/google/guava/listenablefuture/9999.0-empty-to-avoid-conflict-with-guava/listenablefuture-9999.0-empty-to-avoid-conflict-with-guava.jar:/home/runner/.m2/repository/com/google/code/findbugs/jsr305/3.0.0/jsr305-3.0.0.jar:/home/runner/.m2/repository/org/checkerframework/checker-qual/3.12.0/checker-qual-3.12.0.jar:/home/runner/.m2/repository/com/google/j2objc/j2objc-annotations/1.3/j2objc-annotations-1.3.jar:/home/runner/.m2/repository/commons-io/commons-io/2.11.0/commons-io-2.11.0.jar:/home/runner/.m2/repository/commons-logging/commons-logging/1.2/commons-logging-1.2.jar:/home/runner/.m2/repository/ch/qos/reload4j/reload4j/1.2.22/reload4j-1.2.22.jar:/home/runner/.m2/repository/org/slf4j/slf4j-api/1.7.36/slf4j-api-1.7.36.jar:/home/runner/.m2/repository/org/apache/ozone/hdds-server-scm/1.3.0-SNAPSHOT/hdds-server-scm-1.3.0-SNAPSHOT.jar:/home/runner/.m2/repository/org/apache/ozone/hdds-container-service/1.3.0-SNAPSHOT/hdds-container-service-1.3.0-SNAPSHOT.jar:/home/runner/.m2/repository/org/apache/ozone/hdds-hadoop-dependency-server/1.3.0-SNAPSHOT/hdds-hadoop-dependency-server-1.3.0-SNAPSHOT.jar:/home/runner/.m2/repository/org/apache/hadoop/hadoop-hdfs/3.3.4/hadoop-hdfs-3.3.4.jar:/home/runner/.m2/repository/org/eclipse/jetty/jetty-util-ajax/9.4.49.v20220914/jetty-util-ajax-9.4.49.v20220914.jar:/home/runner/.m2/repository/commons-daemon/commons-daemon/1.0.13/commons-daemon-1.0.13.jar:/home/runner/.m2/repository/org/apache/ozone/hdds-server-framework/1.3.0-SNAPSHOT/hdds-server-framework-1.3.0-SNAPSHOT.jar:/home/runner/.m2/repository/org/apache/ozone/hdds-interface-server/1.3.0-SNAPSHOT/hdds-interface-server-1.3.0-SNAPSHOT.jar:/home/runner/.m2/repository/org/apache/commons/commons-configuration2/2.1.1/commons-configuration2-2.1.1.jar:/home/runner/.m2/repository/org/apache/logging/log4j/log4j-core/2.17.1/log4j-core-2.17.1.jar:/home/runner/.m2/repository/com/lmax/disruptor/3.4.2/disruptor-3.4.2.jar:/home/runner/.m2/repository/org/eclipse/jetty/jetty-servlet/9.4.49.v20220914/jetty-servlet-9.4.49.v20220914.jar:/home/runner/.m2/repository/org/eclipse/jetty/jetty-security/9.4.49.v20220914/jetty-security-9.4.49.v20220914.jar:/home/runner/.m2/repository/org/rocksdb/rocksdbjni/7.7.3/rocksdbjni-7.7.3.jar:/home/runner/.m2/repository/io/prometheus/simpleclient_dropwizard/0.7.0/simpleclient_dropwizard-0.7.0.jar:/home/runner/.m2/repository/io/prometheus/simpleclient/0.7.0/simpleclient-0.7.0.jar:/home/runner/.m2/repository/io/prometheus/simpleclient_common/0.7.0/simpleclient_common-0.7.0.jar:/home/runner/.m2/repository/com/github/spotbugs/spotbugs-annotations/3.1.12/spotbugs-annotations-3.1.12.jar:/home/runner/.m2/repository/io/dropwizard/metrics/metrics-core/3.2.4/metrics-core-3.2.4.jar:/home/runner/.m2/repository/org/apache/commons/commons-text/1.4/commons-text-1.4.jar:/home/runner/.m2/repository/org/apache/hadoop/hadoop-hdfs-client/3.3.4/hadoop-hdfs-client-3.3.4.jar:/home/runner/.m2/repository/com/squareup/okhttp3/okhttp/4.9.3/okhttp-4.9.3.jar:/home/runner/.m2/repository/com/squareup/okio/okio/2.8.0/okio-2.8.0.jar:/home/runner/.m2/repository/org/jetbrains/kotlin/kotlin-stdlib-common/1.4.10/kotlin-stdlib-common-1.4.10.jar:/home/runner/.m2/repository/org/bouncycastle/bcprov-jdk15on/1.67/bcprov-jdk15on-1.67.jar:/home/runner/.m2/repository/com/google/protobuf/protobuf-java/2.5.0/protobuf-java-2.5.0.jar:/home/runner/.m2/repository/org/apache/ozone/ozone-manager/1.3.0-SNAPSHOT/ozone-manager-1.3.0-SNAPSHOT.jar:/home/runner/.m2/repository/org/aspectj/aspectjrt/1.9.7/aspectjrt-1.9.7.jar:/home/runner/.m2/repository/org/aspectj/aspectjweaver/1.9.7/aspectjweaver-1.9.7.jar:/home/runner/.m2/repository/org/apache/ozone/hdds-interface-client/1.3.0-SNAPSHOT/hdds-interface-client-1.3.0-SNAPSHOT.jar:/home/runner/.m2/repository/org/apache/hadoop/thirdparty/hadoop-shaded-protobuf_3_7/1.1.1/hadoop-shaded-protobuf_3_7-1.1.1.jar:/home/runner/.m2/repository/org/apache/ozone/ozone-interface-storage/1.3.0-SNAPSHOT/ozone-interface-storage-1.3.0-SNAPSHOT.jar:/home/runner/.m2/repository/org/reflections/reflections/0.9.11/reflections-0.9.11.jar:/home/runner/.m2/repository/com/sun/jersey/jersey-client/1.19/jersey-client-1.19.jar:/home/runner/.m2/repository/org/apache/ranger/ranger-intg/2.3.0/ranger-intg-2.3.0.jar:/home/runner/.m2/repository/org/apache/ranger/ranger-plugins-common/2.3.0/ranger-plugins-common-2.3.0.jar:/home/runner/.m2/repository/commons-lang/commons-lang/2.6/commons-lang-2.6.jar:/home/runner/.m2/repository/org/codehaus/jackson/jackson-jaxrs/1.9.13/jackson-jaxrs-1.9.13.jar:/home/runner/.m2/repository/org/apache/ranger/ranger-plugins-cred/2.3.0/ranger-plugins-cred-2.3.0.jar:/home/runner/.m2/repository/org/apache/ranger/ranger-plugins-audit/2.3.0/ranger-plugins-audit-2.3.0.jar:/home/runner/.m2/repository/org/eclipse/jetty/jetty-client/9.4.31.v20200723/jetty-client-9.4.31.v20200723.jar:/home/runner/.m2/repository/org/apache/httpcomponents/httpmime/4.5.6/httpmime-4.5.6.jar:/home/runner/.m2/repository/org/apache/httpcomponents/httpcore-nio/4.4.6/httpcore-nio-4.4.6.jar:/home/runner/.m2/repository/org/apache/httpcomponents/httpasyncclient/4.1.3/httpasyncclient-4.1.3.jar:/home/runner/.m2/repository/com/carrotsearch/hppc/0.8.0/hppc-0.8.0.jar:/home/runner/.m2/repository/org/apache/orc/orc-core/1.5.8/orc-core-1.5.8.jar:/home/runner/.m2/repository/net/java/dev/jna/jna/5.2.0/jna-5.2.0.jar:/home/runner/.m2/repository/net/java/dev/jna/jna-platform/5.2.0/jna-platform-5.2.0.jar:/home/runner/.m2/repository/com/kstruct/gethostname4j/0.0.2/gethostname4j-0.0.2.jar:/home/runner/.m2/repository/org/apache/ranger/ranger-plugin-classloader/2.3.0/ranger-plugin-classloader-2.3.0.jar:/home/runner/.m2/repository/org/apache/hadoop/hadoop-minikdc/3.3.4/hadoop-minikdc-3.3.4.jar:/home/runner/.m2/repository/org/apache/kerby/kerb-simplekdc/1.0.1/kerb-simplekdc-1.0.1.jar:/home/runner/.m2/repository/org/apache/kerby/kerb-client/1.0.1/kerb-client-1.0.1.jar:/home/runner/.m2/repository/org/apache/kerby/kerby-config/1.0.1/kerby-config-1.0.1.jar:/home/runner/.m2/repository/org/apache/kerby/kerb-common/1.0.1/kerb-common-1.0.1.jar:/home/runner/.m2/repository/org/apache/kerby/kerb-crypto/1.0.1/kerb-crypto-1.0.1.jar:/home/runner/.m2/repository/org/apache/kerby/kerb-util/1.0.1/kerb-util-1.0.1.jar:/home/runner/.m2/repository/org/apache/kerby/token-provider/1.0.1/token-provider-1.0.1.jar:/home/runner/.m2/repository/org/apache/kerby/kerb-admin/1.0.1/kerb-admin-1.0.1.jar:/home/runner/.m2/repository/org/apache/kerby/kerb-server/1.0.1/kerb-server-1.0.1.jar:/home/runner/.m2/repository/org/apache/kerby/kerb-identity/1.0.1/kerb-identity-1.0.1.jar:/home/runner/.m2/repository/org/apache/kerby/kerby-xdr/1.0.1/kerby-xdr-1.0.1.jar:/home/runner/.m2/repository/org/apache/ozone/ozone-s3gateway/1.3.0-SNAPSHOT/ozone-s3gateway-1.3.0-SNAPSHOT.jar:/home/runner/.m2/repository/org/javassist/javassist/3.21.0-GA/javassist-3.21.0-GA.jar:/home/runner/.m2/repository/org/jboss/weld/servlet/weld-servlet/2.4.7.Final/weld-servlet-2.4.7.Final.jar:/home/runner/.m2/repository/org/glassfish/jersey/containers/jersey-container-servlet-core/2.34/jersey-container-servlet-core-2.34.jar:/home/runner/.m2/repository/org/glassfish/hk2/external/jakarta.inject/2.6.1/jakarta.inject-2.6.1.jar:/home/runner/.m2/repository/org/glassfish/jersey/core/jersey-common/2.34/jersey-common-2.34.jar:/home/runner/.m2/repository/jakarta/ws/rs/jakarta.ws.rs-api/2.1.6/jakarta.ws.rs-api-2.1.6.jar:/home/runner/.m2/repository/org/glassfish/jersey/ext/cdi/jersey-cdi1x/2.34/jersey-cdi1x-2.34.jar:/home/runner/.m2/repository/org/glassfish/jersey/inject/jersey-hk2/2.34/jersey-hk2-2.34.jar:/home/runner/.m2/repository/org/glassfish/hk2/hk2-locator/2.6.1/hk2-locator-2.6.1.jar:/home/runner/.m2/repository/org/glassfish/jersey/media/jersey-media-jaxb/2.34/jersey-media-jaxb-2.34.jar:/home/runner/.m2/repository/org/glassfish/hk2/osgi-resource-locator/1.0.3/osgi-resource-locator-1.0.3.jar:/home/runner/.m2/repository/org/glassfish/hk2/hk2-api/2.5.0/hk2-api-2.5.0.jar:/home/runner/.m2/repository/org/glassfish/hk2/hk2-utils/2.5.0/hk2-utils-2.5.0.jar:/home/runner/.m2/repository/org/glassfish/hk2/external/aopalliance-repackaged/2.5.0/aopalliance-repackaged-2.5.0.jar:/home/runner/.m2/repository/com/fasterxml/jackson/dataformat/jackson-dataformat-xml/2.13.4/jackson-dataformat-xml-2.13.4.jar:/home/runner/.m2/repository/com/fasterxml/jackson/core/jackson-core/2.13.4/jackson-core-2.13.4.jar:/home/runner/.m2/repository/org/codehaus/woodstox/stax2-api/3.1.4/stax2-api-3.1.4.jar:/home/runner/.m2/repository/com/fasterxml/woodstox/woodstox-core/5.4.0/woodstox-core-5.4.0.jar:/home/runner/.m2/repository/com/fasterxml/jackson/module/jackson-module-jaxb-annotations/2.13.4/jackson-module-jaxb-annotations-2.13.4.jar:/home/runner/.m2/repository/jakarta/xml/bind/jakarta.xml.bind-api/2.3.3/jakarta.xml.bind-api-2.3.3.jar:/home/runner/.m2/repository/jakarta/activation/jakarta.activation-api/1.2.1/jakarta.activation-api-1.2.1.jar:/home/runner/.m2/repository/javax/enterprise/cdi-api/1.2/cdi-api-1.2.jar:/home/runner/.m2/repository/javax/el/javax.el-api/3.0.0/javax.el-api-3.0.0.jar:/home/runner/.m2/repository/javax/interceptor/javax.interceptor-api/1.2/javax.interceptor-api-1.2.jar:/home/runner/.m2/repository/javax/inject/javax.inject/1/javax.inject-1.jar:/home/runner/.m2/repository/javax/xml/bind/jaxb-api/2.3.0/jaxb-api-2.3.0.jar:/home/runner/.m2/repository/org/glassfish/jaxb/jaxb-runtime/2.3.0.1/jaxb-runtime-2.3.0.1.jar:/home/runner/.m2/repository/org/glassfish/jaxb/jaxb-core/2.3.0.1/jaxb-core-2.3.0.1.jar:/home/runner/.m2/repository/org/glassfish/jaxb/txw2/2.3.0.1/txw2-2.3.0.1.jar:/home/runner/.m2/repository/com/sun/istack/istack-commons-runtime/3.0.5/istack-commons-runtime-3.0.5.jar:/home/runner/.m2/repository/org/jvnet/staxex/stax-ex/1.7.8/stax-ex-1.7.8.jar:/home/runner/.m2/repository/com/sun/xml/fastinfoset/FastInfoset/1.2.13/FastInfoset-1.2.13.jar:/home/runner/.m2/repository/javax/activation/activation/1.1.1/activation-1.1.1.jar:/home/runner/.m2/repository/io/grpc/grpc-protobuf/1.48.1/grpc-protobuf-1.48.1.jar:/home/runner/.m2/repository/io/grpc/grpc-api/1.48.1/grpc-api-1.48.1.jar:/home/runner/.m2/repository/io/grpc/grpc-context/1.48.1/grpc-context-1.48.1.jar:/home/runner/.m2/repository/com/google/api/grpc/proto-google-common-protos/2.9.0/proto-google-common-protos-2.9.0.jar:/home/runner/.m2/repository/io/grpc/grpc-protobuf-lite/1.48.1/grpc-protobuf-lite-1.48.1.jar:/home/runner/.m2/repository/io/grpc/grpc-stub/1.48.1/grpc-stub-1.48.1.jar:/home/runner/.m2/repository/io/netty/netty-transport/4.1.79.Final/netty-transport-4.1.79.Final.jar:/home/runner/.m2/repository/io/netty/netty-resolver/4.1.79.Final/netty-resolver-4.1.79.Final.jar:/home/runner/.m2/repository/org/apache/ozone/ozone-csi/1.3.0-SNAPSHOT/ozone-csi-1.3.0-SNAPSHOT.jar:/home/runner/.m2/repository/com/google/protobuf/protobuf-java-util/3.19.2/protobuf-java-util-3.19.2.jar:/home/runner/.m2/repository/com/google/code/gson/gson/2.9.0/gson-2.9.0.jar:/home/runner/.m2/repository/org/apache/ozone/hdds-config/1.3.0-SNAPSHOT/hdds-config-1.3.0-SNAPSHOT.jar:/home/runner/.m2/repository/io/netty/netty-transport-native-epoll/4.1.79.Final/netty-transport-native-epoll-4.1.79.Final-linux-x86_64.jar:/home/runner/.m2/repository/io/netty/netty-transport-classes-epoll/4.1.79.Final/netty-transport-classes-epoll-4.1.79.Final.jar:/home/runner/.m2/repository/io/netty/netty-transport-native-unix-common/4.1.79.Final/netty-transport-native-unix-common-4.1.79.Final.jar:/home/runner/.m2/repository/org/slf4j/slf4j-reload4j/1.7.36/slf4j-reload4j-1.7.36.jar:/home/runner/.m2/repository/org/apache/ozone/ozone-recon/1.3.0-SNAPSHOT/ozone-recon-1.3.0-SNAPSHOT.jar:/home/runner/.m2/repository/org/apache/ozone/ozone-reconcodegen/1.3.0-SNAPSHOT/ozone-reconcodegen-1.3.0-SNAPSHOT.jar:/home/runner/.m2/repository/com/google/inject/extensions/guice-multibindings/4.0/guice-multibindings-4.0.jar:/home/runner/.m2/repository/com/google/inject/guice/4.0/guice-4.0.jar:/home/runner/.m2/repository/aopalliance/aopalliance/1.0/aopalliance-1.0.jar:/home/runner/.m2/repository/com/google/inject/extensions/guice-assistedinject/4.0/guice-assistedinject-4.0.jar:/home/runner/.m2/repository/com/google/inject/extensions/guice-servlet/4.0/guice-servlet-4.0.jar:/home/runner/.m2/repository/org/glassfish/jersey/containers/jersey-container-servlet/2.34/jersey-container-servlet-2.34.jar:/home/runner/.m2/repository/org/glassfish/hk2/guice-bridge/2.5.0/guice-bridge-2.5.0.jar:/home/runner/.m2/repository/org/glassfish/jersey/core/jersey-server/2.34/jersey-server-2.34.jar:/home/runner/.m2/repository/org/glassfish/jersey/core/jersey-client/2.34/jersey-client-2.34.jar:/home/runner/.m2/repository/jakarta/annotation/jakarta.annotation-api/1.3.5/jakarta.annotation-api-1.3.5.jar:/home/runner/.m2/repository/jakarta/validation/jakarta.validation-api/2.0.2/jakarta.validation-api-2.0.2.jar:/home/runner/.m2/repository/org/glassfish/jersey/media/jersey-media-json-jackson/2.34/jersey-media-json-jackson-2.34.jar:/home/runner/.m2/repository/org/glassfish/jersey/ext/jersey-entity-filtering/2.34/jersey-entity-filtering-2.34.jar:/home/runner/.m2/repository/org/jooq/jooq/3.11.10/jooq-3.11.10.jar:/home/runner/.m2/repository/org/jooq/jooq-meta/3.11.10/jooq-meta-3.11.10.jar:/home/runner/.m2/repository/org/jooq/jooq-codegen/3.11.10/jooq-codegen-3.11.10.jar:/home/runner/.m2/repository/com/jolbox/bonecp/0.8.0.RELEASE/bonecp-0.8.0.RELEASE.jar:/home/runner/.m2/repository/org/apache/derby/derby/10.14.2.0/derby-10.14.2.0.jar:/home/runner/.m2/repository/org/xerial/sqlite-jdbc/3.25.2/sqlite-jdbc-3.25.2.jar:/home/runner/.m2/repository/org/springframework/spring-jdbc/5.3.23/spring-jdbc-5.3.23.jar:/home/runner/.m2/repository/org/springframework/spring-beans/5.3.23/spring-beans-5.3.23.jar:/home/runner/.m2/repository/org/springframework/spring-core/5.3.23/spring-core-5.3.23.jar:/home/runner/.m2/repository/org/springframework/spring-jcl/5.3.23/spring-jcl-5.3.23.jar:/home/runner/.m2/repository/org/springframework/spring-tx/5.3.23/spring-tx-5.3.23.jar:/home/runner/.m2/repository/org/apache/ozone/ozone-client/1.3.0-SNAPSHOT/ozone-client-1.3.0-SNAPSHOT.jar:/home/runner/.m2/repository/org/apache/ozone/hdds-erasurecode/1.3.0-SNAPSHOT/hdds-erasurecode-1.3.0-SNAPSHOT.jar:/home/runner/.m2/repository/org/apache/ozone/ozone-filesystem/1.3.0-SNAPSHOT/ozone-filesystem-1.3.0-SNAPSHOT.jar:/home/runner/.m2/repository/org/apache/ozone/ozone-filesystem-common/1.3.0-SNAPSHOT/ozone-filesystem-common-1.3.0-SNAPSHOT.jar:/home/runner/.m2/repository/org/apache/ozone/ozone-tools/1.3.0-SNAPSHOT/ozone-tools-1.3.0-SNAPSHOT.jar:/home/runner/.m2/repository/org/apache/ratis/ratis-tools/2.4.0/ratis-tools-2.4.0.jar:/home/runner/.m2/repository/com/amazonaws/aws-java-sdk-core/1.12.261/aws-java-sdk-core-1.12.261.jar:/home/runner/.m2/repository/org/apache/httpcomponents/httpclient/4.5.13/httpclient-4.5.13.jar:/home/runner/.m2/repository/org/apache/httpcomponents/httpcore/4.4.13/httpcore-4.4.13.jar:/home/runner/.m2/repository/software/amazon/ion/ion-java/1.0.2/ion-java-1.0.2.jar:/home/runner/.m2/repository/com/fasterxml/jackson/dataformat/jackson-dataformat-cbor/2.13.4/jackson-dataformat-cbor-2.13.4.jar:/home/runner/.m2/repository/joda-time/joda-time/2.8.1/joda-time-2.8.1.jar:/home/runner/.m2/repository/com/amazonaws/aws-java-sdk-s3/1.12.261/aws-java-sdk-s3-1.12.261.jar:/home/runner/.m2/repository/com/amazonaws/aws-java-sdk-kms/1.12.261/aws-java-sdk-kms-1.12.261.jar:/home/runner/.m2/repository/com/amazonaws/jmespath-java/1.12.261/jmespath-java-1.12.261.jar:/home/runner/.m2/repository/org/kohsuke/metainf-services/metainf-services/1.8/metainf-services-1.8.jar:/home/runner/.m2/repository/org/apache/ozone/hdds-tools/1.3.0-SNAPSHOT/hdds-tools-1.3.0-SNAPSHOT.jar:/home/runner/.m2/repository/commons-cli/commons-cli/1.2/commons-cli-1.2.jar:/home/runner/.m2/repository/org/apache/commons/commons-lang3/3.7/commons-lang3-3.7.jar:/home/runner/.m2/repository/org/apache/ozone/ozone-manager/1.3.0-SNAPSHOT/ozone-manager-1.3.0-SNAPSHOT-tests.jar:/home/runner/.m2/repository/org/apache/ozone/hdds-common/1.3.0-SNAPSHOT/hdds-common-1.3.0-SNAPSHOT-tests.jar:/home/runner/.m2/repository/org/apache/ozone/hdds-hadoop-dependency-client/1.3.0-SNAPSHOT/hdds-hadoop-dependency-client-1.3.0-SNAPSHOT.jar:/home/runner/.m2/repository/info/picocli/picocli/4.6.1/picocli-4.6.1.jar:/home/runner/.m2/repository/com/fasterxml/jackson/core/jackson-annotations/2.13.4/jackson-annotations-2.13.4.jar:/home/runner/.m2/repository/com/fasterxml/jackson/datatype/jackson-datatype-jsr310/2.13.4/jackson-datatype-jsr310-2.13.4.jar:/home/runner/.m2/repository/org/apache/ozone/hdds-annotation-processing/1.3.0-SNAPSHOT/hdds-annotation-processing-1.3.0-SNAPSHOT.jar:/home/runner/.m2/repository/javax/annotation/javax.annotation-api/1.2/javax.annotation-api-1.2.jar:/home/runner/.m2/repository/org/apache/ratis/ratis-server/2.4.0/ratis-server-2.4.0.jar:/home/runner/.m2/repository/org/apache/ratis/ratis-client/2.4.0/ratis-client-2.4.0.jar:/home/runner/.m2/repository/org/apache/ratis/ratis-server-api/2.4.0/ratis-server-api-2.4.0.jar:/home/runner/.m2/repository/org/apache/ratis/ratis-metrics/2.4.0/ratis-metrics-2.4.0.jar:/home/runner/.m2/repository/org/apache/ratis/ratis-netty/2.4.0/ratis-netty-2.4.0.jar:/home/runner/.m2/repository/org/apache/ratis/ratis-grpc/2.4.0/ratis-grpc-2.4.0.jar:/home/runner/.m2/repository/org/apache/logging/log4j/log4j-api/2.17.1/log4j-api-2.17.1.jar:/home/runner/.m2/repository/org/apache/commons/commons-pool2/2.6.0/commons-pool2-2.6.0.jar:/home/runner/.m2/repository/org/bouncycastle/bcpkix-jdk15on/1.67/bcpkix-jdk15on-1.67.jar:/home/runner/.m2/repository/commons-validator/commons-validator/1.6/commons-validator-1.6.jar:/home/runner/.m2/repository/commons-beanutils/commons-beanutils/1.9.4/commons-beanutils-1.9.4.jar:/home/runner/.m2/repository/commons-digester/commons-digester/1.8.1/commons-digester-1.8.1.jar:/home/runner/.m2/repository/commons-collections/commons-collections/3.2.2/commons-collections-3.2.2.jar:/home/runner/.m2/repository/io/jaegertracing/jaeger-client/1.6.0/jaeger-client-1.6.0.jar:/home/runner/.m2/repository/io/jaegertracing/jaeger-thrift/1.6.0/jaeger-thrift-1.6.0.jar:/home/runner/.m2/repository/org/apache/thrift/libthrift/0.14.1/libthrift-0.14.1.jar:/home/runner/.m2/repository/io/jaegertracing/jaeger-core/1.6.0/jaeger-core-1.6.0.jar:/home/runner/.m2/repository/io/jaegertracing/jaeger-tracerresolver/1.6.0/jaeger-tracerresolver-1.6.0.jar:/home/runner/.m2/repository/io/opentracing/contrib/opentracing-tracerresolver/0.1.8/opentracing-tracerresolver-0.1.8.jar:/home/runner/.m2/repository/org/jetbrains/kotlin/kotlin-stdlib/1.6.21/kotlin-stdlib-1.6.21.jar:/home/runner/.m2/repository/org/jetbrains/annotations/13.0/annotations-13.0.jar:/home/runner/.m2/repository/io/opentracing/opentracing-util/0.33.0/opentracing-util-0.33.0.jar:/home/runner/.m2/repository/io/opentracing/opentracing-api/0.33.0/opentracing-api-0.33.0.jar:/home/runner/.m2/repository/io/opentracing/opentracing-noop/0.33.0/opentracing-noop-0.33.0.jar:/home/runner/.m2/repository/org/yaml/snakeyaml/1.33/snakeyaml-1.33.jar:/home/runner/.m2/repository/org/apache/ozone/hdds-interface-admin/1.3.0-SNAPSHOT/hdds-interface-admin-1.3.0-SNAPSHOT.jar:/home/runner/.m2/repository/junit/junit/4.13.1/junit-4.13.1.jar:/home/runner/.m2/repository/org/hamcrest/hamcrest-core/1.3/hamcrest-core-1.3.jar:/home/runner/.m2/repository/org/junit/jupiter/junit-jupiter-api/5.8.2/junit-jupiter-api-5.8.2.jar:/home/runner/.m2/repository/org/opentest4j/opentest4j/1.2.0/opentest4j-1.2.0.jar:/home/runner/.m2/repository/org/junit/platform/junit-platform-commons/1.8.2/junit-platform-commons-1.8.2.jar:/home/runner/.m2/repository/org/apiguardian/apiguardian-api/1.1.2/apiguardian-api-1.1.2.jar:/home/runner/.m2/repository/org/junit/jupiter/junit-jupiter-params/5.8.2/junit-jupiter-params-5.8.2.jar:/home/runner/.m2/repository/org/junit/jupiter/junit-jupiter-migrationsupport/5.8.2/junit-jupiter-migrationsupport-5.8.2.jar:/home/runner/.m2/repository/org/junit/jupiter/junit-jupiter-engine/5.8.2/junit-jupiter-engine-5.8.2.jar:/home/runner/.m2/repository/org/junit/platform/junit-platform-engine/1.8.2/junit-platform-engine-1.8.2.jar:/home/runner/.m2/repository/org/junit/vintage/junit-vintage-engine/5.8.2/junit-vintage-engine-5.8.2.jar:/home/runner/.m2/repository/org/junit/platform/junit-platform-launcher/1.8.2/junit-platform-launcher-1.8.2.jar:/home/runner/.m2/repository/org/mockito/mockito-core/2.28.2/mockito-core-2.28.2.jar:/home/runner/.m2/repository/net/bytebuddy/byte-buddy/1.9.10/byte-buddy-1.9.10.jar:/home/runner/.m2/repository/net/bytebuddy/byte-buddy-agent/1.9.10/byte-buddy-agent-1.9.10.jar:/home/runner/.m2/repository/org/objenesis/objenesis/1.0/objenesis-1.0.jar:/home/runner/.m2/repository/org/apache/hadoop/hadoop-kms/3.3.4/hadoop-kms-3.3.4.jar:/home/runner/.m2/repository/org/apache/hadoop/hadoop-auth/3.3.4/hadoop-auth-3.3.4.jar:/home/runner/.m2/repository/com/nimbusds/nimbus-jose-jwt/7.9/nimbus-jose-jwt-7.9.jar:/home/runner/.m2/repository/com/github/stephenc/jcip/jcip-annotations/1.0-1/jcip-annotations-1.0-1.jar:/home/runner/.m2/repository/net/minidev/json-smart/2.4.7/json-smart-2.4.7.jar:/home/runner/.m2/repository/net/minidev/accessors-smart/2.4.7/accessors-smart-2.4.7.jar:/home/runner/.m2/repository/org/ow2/asm/asm/5.0.4/asm-5.0.4.jar:/home/runner/.m2/repository/org/apache/zookeeper/zookeeper/3.5.6/zookeeper-3.5.6.jar:/home/runner/.m2/repository/org/apache/zookeeper/zookeeper-jute/3.5.6/zookeeper-jute-3.5.6.jar:/home/runner/.m2/repository/org/apache/yetus/audience-annotations/0.5.0/audience-annotations-0.5.0.jar:/home/runner/.m2/repository/org/apache/curator/curator-framework/4.2.0/curator-framework-4.2.0.jar:/home/runner/.m2/repository/org/apache/hadoop/thirdparty/hadoop-shaded-guava/1.1.1/hadoop-shaded-guava-1.1.1.jar:/home/runner/.m2/repository/com/sun/jersey/jersey-core/1.19/jersey-core-1.19.jar:/home/runner/.m2/repository/javax/ws/rs/jsr311-api/1.1.1/jsr311-api-1.1.1.jar:/home/runner/.m2/repository/com/sun/jersey/jersey-server/1.19/jersey-server-1.19.jar:/home/runner/.m2/repository/javax/servlet/javax.servlet-api/3.1.0/javax.servlet-api-3.1.0.jar:/home/runner/.m2/repository/org/eclipse/jetty/jetty-server/9.4.49.v20220914/jetty-server-9.4.49.v20220914.jar:/home/runner/.m2/repository/org/eclipse/jetty/jetty-http/9.4.49.v20220914/jetty-http-9.4.49.v20220914.jar:/home/runner/.m2/repository/org/eclipse/jetty/jetty-io/9.4.49.v20220914/jetty-io-9.4.49.v20220914.jar:/home/runner/.m2/repository/org/eclipse/jetty/jetty-webapp/9.4.49.v20220914/jetty-webapp-9.4.49.v20220914.jar:/home/runner/.m2/repository/org/eclipse/jetty/jetty-xml/9.4.49.v20220914/jetty-xml-9.4.49.v20220914.jar:/home/runner/.m2/repository/org/apache/hadoop/hadoop-common/3.3.4/hadoop-common-3.3.4.jar:/home/runner/.m2/repository/org/apache/commons/commons-math3/3.1.1/commons-math3-3.1.1.jar:/home/runner/.m2/repository/commons-net/commons-net/3.6/commons-net-3.6.jar:/home/runner/.m2/repository/com/sun/jersey/jersey-servlet/1.19/jersey-servlet-1.19.jar:/home/runner/.m2/repository/com/sun/jersey/jersey-json/1.19/jersey-json-1.19.jar:/home/runner/.m2/repository/org/codehaus/jettison/jettison/1.1/jettison-1.1.jar:/home/runner/.m2/repository/com/sun/xml/bind/jaxb-impl/2.2.3-1/jaxb-impl-2.2.3-1.jar:/home/runner/.m2/repository/org/codehaus/jackson/jackson-xc/1.9.2/jackson-xc-1.9.2.jar:/home/runner/.m2/repository/com/google/re2j/re2j/1.1/re2j-1.1.jar:/home/runner/.m2/repository/com/jcraft/jsch/0.1.54/jsch-0.1.54.jar:/home/runner/.m2/repository/org/apache/curator/curator-client/4.2.0/curator-client-4.2.0.jar:/home/runner/.m2/repository/org/apache/curator/curator-recipes/4.2.0/curator-recipes-4.2.0.jar:/home/runner/.m2/repository/org/apache/kerby/kerb-core/1.0.1/kerb-core-1.0.1.jar:/home/runner/.m2/repository/org/apache/kerby/kerby-pkix/1.0.1/kerby-pkix-1.0.1.jar:/home/runner/.m2/repository/org/apache/kerby/kerby-asn1/1.0.1/kerby-asn1-1.0.1.jar:/home/runner/.m2/repository/org/apache/kerby/kerby-util/1.0.1/kerby-util-1.0.1.jar:/home/runner/.m2/repository/dnsjava/dnsjava/2.1.7/dnsjava-2.1.7.jar:/home/runner/.m2/repository/org/xerial/snappy/snappy-java/1.1.8.2/snappy-java-1.1.8.2.jar:/home/runner/.m2/repository/org/eclipse/jetty/jetty-util/9.4.49.v20220914/jetty-util-9.4.49.v20220914.jar:/home/runner/.m2/repository/com/fasterxml/jackson/core/jackson-databind/2.13.4.2/jackson-databind-2.13.4.2.jar:/home/runner/.m2/repository/org/apache/hadoop/hadoop-kms/3.3.4/hadoop-kms-3.3.4-tests.jar:/home/runner/.m2/repository/org/apache/ozone/hdds-server-scm/1.3.0-SNAPSHOT/hdds-server-scm-1.3.0-SNAPSHOT-tests.jar:/home/runner/.m2/repository/org/apache/ozone/hdds-container-service/1.3.0-SNAPSHOT/hdds-container-service-1.3.0-SNAPSHOT-tests.jar:/home/runner/.m2/repository/commons-codec/commons-codec/1.11/commons-codec-1.11.jar:/home/runner/.m2/repository/io/netty/netty-codec/4.1.79.Final/netty-codec-4.1.79.Final.jar:/home/runner/.m2/repository/io/netty/netty-handler/4.1.79.Final/netty-handler-4.1.79.Final.jar:/home/runner/.m2/repository/org/apache/ozone/hdds-hadoop-dependency-test/1.3.0-SNAPSHOT/hdds-hadoop-dependency-test-1.3.0-SNAPSHOT.jar:/home/runner/.m2/repository/org/apache/hadoop/hadoop-common/3.3.4/hadoop-common-3.3.4-tests.jar:/home/runner/.m2/repository/org/apache/hadoop/hadoop-hdfs/3.3.4/hadoop-hdfs-3.3.4-tests.jar:/home/runner/.m2/repository/org/assertj/assertj-core/3.12.2/assertj-core-3.12.2.jar:/home/runner/.m2/repository/org/apache/hadoop/hadoop-distcp/3.3.4/hadoop-distcp-3.3.4.jar:/home/runner/.m2/repository/org/apache/hadoop/hadoop-mapreduce-client-jobclient/3.3.4/hadoop-mapreduce-client-jobclient-3.3.4.jar:/home/runner/.m2/repository/org/apache/hadoop/hadoop-mapreduce-client-common/3.3.4/hadoop-mapreduce-client-common-3.3.4.jar:/home/runner/.m2/repository/org/apache/hadoop/hadoop-yarn-common/3.3.4/hadoop-yarn-common-3.3.4.jar:/home/runner/.m2/repository/org/apache/hadoop/hadoop-yarn-api/3.3.4/hadoop-yarn-api-3.3.4.jar:/home/runner/.m2/repository/com/sun/jersey/contribs/jersey-guice/1.19/jersey-guice-1.19.jar:/home/runner/.m2/repository/com/fasterxml/jackson/jaxrs/jackson-jaxrs-json-provider/2.13.4/jackson-jaxrs-json-provider-2.13.4.jar:/home/runner/.m2/repository/com/fasterxml/jackson/jaxrs/jackson-jaxrs-base/2.13.4/jackson-jaxrs-base-2.13.4.jar:/home/runner/.m2/repository/org/apache/hadoop/hadoop-yarn-client/3.3.4/hadoop-yarn-client-3.3.4.jar:/home/runner/.m2/repository/org/eclipse/jetty/websocket/websocket-client/9.4.43.v20210629/websocket-client-9.4.43.v20210629.jar:/home/runner/.m2/repository/org/eclipse/jetty/websocket/websocket-common/9.4.43.v20210629/websocket-common-9.4.43.v20210629.jar:/home/runner/.m2/repository/org/eclipse/jetty/websocket/websocket-api/9.4.43.v20210629/websocket-api-9.4.43.v20210629.jar:/home/runner/.m2/repository/org/jline/jline/3.9.0/jline-3.9.0.jar:/home/runner/.m2/repository/org/apache/hadoop/hadoop-mapreduce-client-core/3.3.4/hadoop-mapreduce-client-core-3.3.4.jar:/home/runner/.m2/repository/org/apache/avro/avro/1.7.7/avro-1.7.7.jar:/home/runner/.m2/repository/org/codehaus/jackson/jackson-core-asl/1.9.13/jackson-core-asl-1.9.13.jar:/home/runner/.m2/repository/org/codehaus/jackson/jackson-mapper-asl/1.9.13/jackson-mapper-asl-1.9.13.jar:/home/runner/.m2/repository/com/thoughtworks/paranamer/paranamer/2.3/paranamer-2.3.jar:/home/runner/.m2/repository/org/apache/hadoop/hadoop-annotations/3.3.4/hadoop-annotations-3.3.4.jar:/usr/lib/jvm/temurin-8-jdk-amd64/jre/../lib/tools.jar:/home/runner/.m2/repository/io/netty/netty/3.10.6.Final/netty-3.10.6.Final.jar:/home/runner/.m2/repository/org/apache/hadoop/hadoop-distcp/3.3.4/hadoop-distcp-3.3.4-tests.jar:/home/runner/.m2/repository/org/slf4j/jul-to-slf4j/1.7.36/jul-to-slf4j-1.7.36.jar:/home/runner/.m2/repository/org/apache/ratis/ratis-common/2.4.0/ratis-common-2.4.0.jar:/home/runner/.m2/repository/org/apache/ratis/ratis-thirdparty-misc/1.0.2/ratis-thirdparty-misc-1.0.2.jar:/home/runner/.m2/repository/org/apache/ratis/ratis-proto/2.4.0/ratis-proto-2.4.0.jar:"/>
    <property name="java.vm.vendor" value="Temurin"/>
    <property name="sun.arch.data.model" value="64"/>
    <property name="test.build.dir" value="/home/runner/work/ozone/ozone/hadoop-ozone/integration-test/target/test-dir"/>
    <property name="test.cache.data" value=""/>
    <property name="java.vendor.url" value="https://adoptium.net/"/>
    <property name="user.timezone" value="Etc/UTC"/>
    <property name="java.vm.specification.version" value="1.8"/>
    <property name="os.name" value="Linux"/>
    <property name="test.build.data" value="/home/runner/work/ozone/ozone/hadoop-ozone/integration-test/target/test-dir"/>
    <property name="sun.java.launcher" value="SUN_STANDARD"/>
    <property name="sun.boot.library.path" value="/usr/lib/jvm/temurin-8-jdk-amd64/jre/lib/amd64"/>
    <property name="sun.java.command" value="/home/runner/work/ozone/ozone/hadoop-ozone/integration-test/target/surefire/surefirebooter8253956693038276524.jar /home/runner/work/ozone/ozone/hadoop-ozone/integration-test/target/surefire 2022-11-09T16-17-39_000-jvmRun1 surefire1675540443930574332tmp surefire_27078949883160038843tmp"/>
    <property name="surefire.test.class.path" value="/home/runner/work/ozone/ozone/hadoop-ozone/integration-test/target/test-classes:/home/runner/work/ozone/ozone/hadoop-ozone/integration-test/target/classes:/home/runner/.m2/repository/org/apache/ozone/ozone-common/1.3.0-SNAPSHOT/ozone-common-1.3.0-SNAPSHOT.jar:/home/runner/.m2/repository/io/grpc/grpc-netty/1.48.1/grpc-netty-1.48.1.jar:/home/runner/.m2/repository/io/grpc/grpc-core/1.48.1/grpc-core-1.48.1.jar:/home/runner/.m2/repository/com/google/android/annotations/4.1.1.4/annotations-4.1.1.4.jar:/home/runner/.m2/repository/org/codehaus/mojo/animal-sniffer-annotations/1.21/animal-sniffer-annotations-1.21.jar:/home/runner/.m2/repository/com/google/errorprone/error_prone_annotations/2.2.0/error_prone_annotations-2.2.0.jar:/home/runner/.m2/repository/io/perfmark/perfmark-api/0.25.0/perfmark-api-0.25.0.jar:/home/runner/.m2/repository/io/netty/netty-codec-http2/4.1.79.Final/netty-codec-http2-4.1.79.Final.jar:/home/runner/.m2/repository/io/netty/netty-common/4.1.79.Final/netty-common-4.1.79.Final.jar:/home/runner/.m2/repository/io/netty/netty-buffer/4.1.79.Final/netty-buffer-4.1.79.Final.jar:/home/runner/.m2/repository/io/netty/netty-codec-http/4.1.79.Final/netty-codec-http-4.1.79.Final.jar:/home/runner/.m2/repository/io/netty/netty-handler-proxy/4.1.79.Final/netty-handler-proxy-4.1.79.Final.jar:/home/runner/.m2/repository/io/netty/netty-codec-socks/4.1.79.Final/netty-codec-socks-4.1.79.Final.jar:/home/runner/.m2/repository/io/netty/netty-tcnative-boringssl-static/2.0.53.Final/netty-tcnative-boringssl-static-2.0.53.Final.jar:/home/runner/.m2/repository/io/netty/netty-tcnative-classes/2.0.53.Final/netty-tcnative-classes-2.0.53.Final.jar:/home/runner/.m2/repository/io/netty/netty-tcnative-boringssl-static/2.0.53.Final/netty-tcnative-boringssl-static-2.0.53.Final-linux-x86_64.jar:/home/runner/.m2/repository/io/netty/netty-tcnative-boringssl-static/2.0.53.Final/netty-tcnative-boringssl-static-2.0.53.Final-linux-aarch_64.jar:/home/runner/.m2/repository/io/netty/netty-tcnative-boringssl-static/2.0.53.Final/netty-tcnative-boringssl-static-2.0.53.Final-osx-x86_64.jar:/home/runner/.m2/repository/io/netty/netty-tcnative-boringssl-static/2.0.53.Final/netty-tcnative-boringssl-static-2.0.53.Final-osx-aarch_64.jar:/home/runner/.m2/repository/io/netty/netty-tcnative-boringssl-static/2.0.53.Final/netty-tcnative-boringssl-static-2.0.53.Final-windows-x86_64.jar:/home/runner/.m2/repository/org/apache/commons/commons-compress/1.21/commons-compress-1.21.jar:/home/runner/.m2/repository/org/apache/ozone/hdds-common/1.3.0-SNAPSHOT/hdds-common-1.3.0-SNAPSHOT.jar:/home/runner/.m2/repository/org/apache/ozone/hdds-client/1.3.0-SNAPSHOT/hdds-client-1.3.0-SNAPSHOT.jar:/home/runner/.m2/repository/org/apache/ozone/ozone-interface-client/1.3.0-SNAPSHOT/ozone-interface-client-1.3.0-SNAPSHOT.jar:/home/runner/.m2/repository/org/apache/ozone/hdds-test-utils/1.3.0-SNAPSHOT/hdds-test-utils-1.3.0-SNAPSHOT.jar:/home/runner/.m2/repository/com/google/guava/guava/31.1-jre/guava-31.1-jre.jar:/home/runner/.m2/repository/com/google/guava/failureaccess/1.0.1/failureaccess-1.0.1.jar:/home/runner/.m2/repository/com/google/guava/listenablefuture/9999.0-empty-to-avoid-conflict-with-guava/listenablefuture-9999.0-empty-to-avoid-conflict-with-guava.jar:/home/runner/.m2/repository/com/google/code/findbugs/jsr305/3.0.0/jsr305-3.0.0.jar:/home/runner/.m2/repository/org/checkerframework/checker-qual/3.12.0/checker-qual-3.12.0.jar:/home/runner/.m2/repository/com/google/j2objc/j2objc-annotations/1.3/j2objc-annotations-1.3.jar:/home/runner/.m2/repository/commons-io/commons-io/2.11.0/commons-io-2.11.0.jar:/home/runner/.m2/repository/commons-logging/commons-logging/1.2/commons-logging-1.2.jar:/home/runner/.m2/repository/ch/qos/reload4j/reload4j/1.2.22/reload4j-1.2.22.jar:/home/runner/.m2/repository/org/slf4j/slf4j-api/1.7.36/slf4j-api-1.7.36.jar:/home/runner/.m2/repository/org/apache/ozone/hdds-server-scm/1.3.0-SNAPSHOT/hdds-server-scm-1.3.0-SNAPSHOT.jar:/home/runner/.m2/repository/org/apache/ozone/hdds-container-service/1.3.0-SNAPSHOT/hdds-container-service-1.3.0-SNAPSHOT.jar:/home/runner/.m2/repository/org/apache/ozone/hdds-hadoop-dependency-server/1.3.0-SNAPSHOT/hdds-hadoop-dependency-server-1.3.0-SNAPSHOT.jar:/home/runner/.m2/repository/org/apache/hadoop/hadoop-hdfs/3.3.4/hadoop-hdfs-3.3.4.jar:/home/runner/.m2/repository/org/eclipse/jetty/jetty-util-ajax/9.4.49.v20220914/jetty-util-ajax-9.4.49.v20220914.jar:/home/runner/.m2/repository/commons-daemon/commons-daemon/1.0.13/commons-daemon-1.0.13.jar:/home/runner/.m2/repository/org/apache/ozone/hdds-server-framework/1.3.0-SNAPSHOT/hdds-server-framework-1.3.0-SNAPSHOT.jar:/home/runner/.m2/repository/org/apache/ozone/hdds-interface-server/1.3.0-SNAPSHOT/hdds-interface-server-1.3.0-SNAPSHOT.jar:/home/runner/.m2/repository/org/apache/commons/commons-configuration2/2.1.1/commons-configuration2-2.1.1.jar:/home/runner/.m2/repository/org/apache/logging/log4j/log4j-core/2.17.1/log4j-core-2.17.1.jar:/home/runner/.m2/repository/com/lmax/disruptor/3.4.2/disruptor-3.4.2.jar:/home/runner/.m2/repository/org/eclipse/jetty/jetty-servlet/9.4.49.v20220914/jetty-servlet-9.4.49.v20220914.jar:/home/runner/.m2/repository/org/eclipse/jetty/jetty-security/9.4.49.v20220914/jetty-security-9.4.49.v20220914.jar:/home/runner/.m2/repository/org/rocksdb/rocksdbjni/7.7.3/rocksdbjni-7.7.3.jar:/home/runner/.m2/repository/io/prometheus/simpleclient_dropwizard/0.7.0/simpleclient_dropwizard-0.7.0.jar:/home/runner/.m2/repository/io/prometheus/simpleclient/0.7.0/simpleclient-0.7.0.jar:/home/runner/.m2/repository/io/prometheus/simpleclient_common/0.7.0/simpleclient_common-0.7.0.jar:/home/runner/.m2/repository/com/github/spotbugs/spotbugs-annotations/3.1.12/spotbugs-annotations-3.1.12.jar:/home/runner/.m2/repository/io/dropwizard/metrics/metrics-core/3.2.4/metrics-core-3.2.4.jar:/home/runner/.m2/repository/org/apache/commons/commons-text/1.4/commons-text-1.4.jar:/home/runner/.m2/repository/org/apache/hadoop/hadoop-hdfs-client/3.3.4/hadoop-hdfs-client-3.3.4.jar:/home/runner/.m2/repository/com/squareup/okhttp3/okhttp/4.9.3/okhttp-4.9.3.jar:/home/runner/.m2/repository/com/squareup/okio/okio/2.8.0/okio-2.8.0.jar:/home/runner/.m2/repository/org/jetbrains/kotlin/kotlin-stdlib-common/1.4.10/kotlin-stdlib-common-1.4.10.jar:/home/runner/.m2/repository/org/bouncycastle/bcprov-jdk15on/1.67/bcprov-jdk15on-1.67.jar:/home/runner/.m2/repository/com/google/protobuf/protobuf-java/2.5.0/protobuf-java-2.5.0.jar:/home/runner/.m2/repository/org/apache/ozone/ozone-manager/1.3.0-SNAPSHOT/ozone-manager-1.3.0-SNAPSHOT.jar:/home/runner/.m2/repository/org/aspectj/aspectjrt/1.9.7/aspectjrt-1.9.7.jar:/home/runner/.m2/repository/org/aspectj/aspectjweaver/1.9.7/aspectjweaver-1.9.7.jar:/home/runner/.m2/repository/org/apache/ozone/hdds-interface-client/1.3.0-SNAPSHOT/hdds-interface-client-1.3.0-SNAPSHOT.jar:/home/runner/.m2/repository/org/apache/hadoop/thirdparty/hadoop-shaded-protobuf_3_7/1.1.1/hadoop-shaded-protobuf_3_7-1.1.1.jar:/home/runner/.m2/repository/org/apache/ozone/ozone-interface-storage/1.3.0-SNAPSHOT/ozone-interface-storage-1.3.0-SNAPSHOT.jar:/home/runner/.m2/repository/org/reflections/reflections/0.9.11/reflections-0.9.11.jar:/home/runner/.m2/repository/com/sun/jersey/jersey-client/1.19/jersey-client-1.19.jar:/home/runner/.m2/repository/org/apache/ranger/ranger-intg/2.3.0/ranger-intg-2.3.0.jar:/home/runner/.m2/repository/org/apache/ranger/ranger-plugins-common/2.3.0/ranger-plugins-common-2.3.0.jar:/home/runner/.m2/repository/commons-lang/commons-lang/2.6/commons-lang-2.6.jar:/home/runner/.m2/repository/org/codehaus/jackson/jackson-jaxrs/1.9.13/jackson-jaxrs-1.9.13.jar:/home/runner/.m2/repository/org/apache/ranger/ranger-plugins-cred/2.3.0/ranger-plugins-cred-2.3.0.jar:/home/runner/.m2/repository/org/apache/ranger/ranger-plugins-audit/2.3.0/ranger-plugins-audit-2.3.0.jar:/home/runner/.m2/repository/org/eclipse/jetty/jetty-client/9.4.31.v20200723/jetty-client-9.4.31.v20200723.jar:/home/runner/.m2/repository/org/apache/httpcomponents/httpmime/4.5.6/httpmime-4.5.6.jar:/home/runner/.m2/repository/org/apache/httpcomponents/httpcore-nio/4.4.6/httpcore-nio-4.4.6.jar:/home/runner/.m2/repository/org/apache/httpcomponents/httpasyncclient/4.1.3/httpasyncclient-4.1.3.jar:/home/runner/.m2/repository/com/carrotsearch/hppc/0.8.0/hppc-0.8.0.jar:/home/runner/.m2/repository/org/apache/orc/orc-core/1.5.8/orc-core-1.5.8.jar:/home/runner/.m2/repository/net/java/dev/jna/jna/5.2.0/jna-5.2.0.jar:/home/runner/.m2/repository/net/java/dev/jna/jna-platform/5.2.0/jna-platform-5.2.0.jar:/home/runner/.m2/repository/com/kstruct/gethostname4j/0.0.2/gethostname4j-0.0.2.jar:/home/runner/.m2/repository/org/apache/ranger/ranger-plugin-classloader/2.3.0/ranger-plugin-classloader-2.3.0.jar:/home/runner/.m2/repository/org/apache/hadoop/hadoop-minikdc/3.3.4/hadoop-minikdc-3.3.4.jar:/home/runner/.m2/repository/org/apache/kerby/kerb-simplekdc/1.0.1/kerb-simplekdc-1.0.1.jar:/home/runner/.m2/repository/org/apache/kerby/kerb-client/1.0.1/kerb-client-1.0.1.jar:/home/runner/.m2/repository/org/apache/kerby/kerby-config/1.0.1/kerby-config-1.0.1.jar:/home/runner/.m2/repository/org/apache/kerby/kerb-common/1.0.1/kerb-common-1.0.1.jar:/home/runner/.m2/repository/org/apache/kerby/kerb-crypto/1.0.1/kerb-crypto-1.0.1.jar:/home/runner/.m2/repository/org/apache/kerby/kerb-util/1.0.1/kerb-util-1.0.1.jar:/home/runner/.m2/repository/org/apache/kerby/token-provider/1.0.1/token-provider-1.0.1.jar:/home/runner/.m2/repository/org/apache/kerby/kerb-admin/1.0.1/kerb-admin-1.0.1.jar:/home/runner/.m2/repository/org/apache/kerby/kerb-server/1.0.1/kerb-server-1.0.1.jar:/home/runner/.m2/repository/org/apache/kerby/kerb-identity/1.0.1/kerb-identity-1.0.1.jar:/home/runner/.m2/repository/org/apache/kerby/kerby-xdr/1.0.1/kerby-xdr-1.0.1.jar:/home/runner/.m2/repository/org/apache/ozone/ozone-s3gateway/1.3.0-SNAPSHOT/ozone-s3gateway-1.3.0-SNAPSHOT.jar:/home/runner/.m2/repository/org/javassist/javassist/3.21.0-GA/javassist-3.21.0-GA.jar:/home/runner/.m2/repository/org/jboss/weld/servlet/weld-servlet/2.4.7.Final/weld-servlet-2.4.7.Final.jar:/home/runner/.m2/repository/org/glassfish/jersey/containers/jersey-container-servlet-core/2.34/jersey-container-servlet-core-2.34.jar:/home/runner/.m2/repository/org/glassfish/hk2/external/jakarta.inject/2.6.1/jakarta.inject-2.6.1.jar:/home/runner/.m2/repository/org/glassfish/jersey/core/jersey-common/2.34/jersey-common-2.34.jar:/home/runner/.m2/repository/jakarta/ws/rs/jakarta.ws.rs-api/2.1.6/jakarta.ws.rs-api-2.1.6.jar:/home/runner/.m2/repository/org/glassfish/jersey/ext/cdi/jersey-cdi1x/2.34/jersey-cdi1x-2.34.jar:/home/runner/.m2/repository/org/glassfish/jersey/inject/jersey-hk2/2.34/jersey-hk2-2.34.jar:/home/runner/.m2/repository/org/glassfish/hk2/hk2-locator/2.6.1/hk2-locator-2.6.1.jar:/home/runner/.m2/repository/org/glassfish/jersey/media/jersey-media-jaxb/2.34/jersey-media-jaxb-2.34.jar:/home/runner/.m2/repository/org/glassfish/hk2/osgi-resource-locator/1.0.3/osgi-resource-locator-1.0.3.jar:/home/runner/.m2/repository/org/glassfish/hk2/hk2-api/2.5.0/hk2-api-2.5.0.jar:/home/runner/.m2/repository/org/glassfish/hk2/hk2-utils/2.5.0/hk2-utils-2.5.0.jar:/home/runner/.m2/repository/org/glassfish/hk2/external/aopalliance-repackaged/2.5.0/aopalliance-repackaged-2.5.0.jar:/home/runner/.m2/repository/com/fasterxml/jackson/dataformat/jackson-dataformat-xml/2.13.4/jackson-dataformat-xml-2.13.4.jar:/home/runner/.m2/repository/com/fasterxml/jackson/core/jackson-core/2.13.4/jackson-core-2.13.4.jar:/home/runner/.m2/repository/org/codehaus/woodstox/stax2-api/3.1.4/stax2-api-3.1.4.jar:/home/runner/.m2/repository/com/fasterxml/woodstox/woodstox-core/5.4.0/woodstox-core-5.4.0.jar:/home/runner/.m2/repository/com/fasterxml/jackson/module/jackson-module-jaxb-annotations/2.13.4/jackson-module-jaxb-annotations-2.13.4.jar:/home/runner/.m2/repository/jakarta/xml/bind/jakarta.xml.bind-api/2.3.3/jakarta.xml.bind-api-2.3.3.jar:/home/runner/.m2/repository/jakarta/activation/jakarta.activation-api/1.2.1/jakarta.activation-api-1.2.1.jar:/home/runner/.m2/repository/javax/enterprise/cdi-api/1.2/cdi-api-1.2.jar:/home/runner/.m2/repository/javax/el/javax.el-api/3.0.0/javax.el-api-3.0.0.jar:/home/runner/.m2/repository/javax/interceptor/javax.interceptor-api/1.2/javax.interceptor-api-1.2.jar:/home/runner/.m2/repository/javax/inject/javax.inject/1/javax.inject-1.jar:/home/runner/.m2/repository/javax/xml/bind/jaxb-api/2.3.0/jaxb-api-2.3.0.jar:/home/runner/.m2/repository/org/glassfish/jaxb/jaxb-runtime/2.3.0.1/jaxb-runtime-2.3.0.1.jar:/home/runner/.m2/repository/org/glassfish/jaxb/jaxb-core/2.3.0.1/jaxb-core-2.3.0.1.jar:/home/runner/.m2/repository/org/glassfish/jaxb/txw2/2.3.0.1/txw2-2.3.0.1.jar:/home/runner/.m2/repository/com/sun/istack/istack-commons-runtime/3.0.5/istack-commons-runtime-3.0.5.jar:/home/runner/.m2/repository/org/jvnet/staxex/stax-ex/1.7.8/stax-ex-1.7.8.jar:/home/runner/.m2/repository/com/sun/xml/fastinfoset/FastInfoset/1.2.13/FastInfoset-1.2.13.jar:/home/runner/.m2/repository/javax/activation/activation/1.1.1/activation-1.1.1.jar:/home/runner/.m2/repository/io/grpc/grpc-protobuf/1.48.1/grpc-protobuf-1.48.1.jar:/home/runner/.m2/repository/io/grpc/grpc-api/1.48.1/grpc-api-1.48.1.jar:/home/runner/.m2/repository/io/grpc/grpc-context/1.48.1/grpc-context-1.48.1.jar:/home/runner/.m2/repository/com/google/api/grpc/proto-google-common-protos/2.9.0/proto-google-common-protos-2.9.0.jar:/home/runner/.m2/repository/io/grpc/grpc-protobuf-lite/1.48.1/grpc-protobuf-lite-1.48.1.jar:/home/runner/.m2/repository/io/grpc/grpc-stub/1.48.1/grpc-stub-1.48.1.jar:/home/runner/.m2/repository/io/netty/netty-transport/4.1.79.Final/netty-transport-4.1.79.Final.jar:/home/runner/.m2/repository/io/netty/netty-resolver/4.1.79.Final/netty-resolver-4.1.79.Final.jar:/home/runner/.m2/repository/org/apache/ozone/ozone-csi/1.3.0-SNAPSHOT/ozone-csi-1.3.0-SNAPSHOT.jar:/home/runner/.m2/repository/com/google/protobuf/protobuf-java-util/3.19.2/protobuf-java-util-3.19.2.jar:/home/runner/.m2/repository/com/google/code/gson/gson/2.9.0/gson-2.9.0.jar:/home/runner/.m2/repository/org/apache/ozone/hdds-config/1.3.0-SNAPSHOT/hdds-config-1.3.0-SNAPSHOT.jar:/home/runner/.m2/repository/io/netty/netty-transport-native-epoll/4.1.79.Final/netty-transport-native-epoll-4.1.79.Final-linux-x86_64.jar:/home/runner/.m2/repository/io/netty/netty-transport-classes-epoll/4.1.79.Final/netty-transport-classes-epoll-4.1.79.Final.jar:/home/runner/.m2/repository/io/netty/netty-transport-native-unix-common/4.1.79.Final/netty-transport-native-unix-common-4.1.79.Final.jar:/home/runner/.m2/repository/org/slf4j/slf4j-reload4j/1.7.36/slf4j-reload4j-1.7.36.jar:/home/runner/.m2/repository/org/apache/ozone/ozone-recon/1.3.0-SNAPSHOT/ozone-recon-1.3.0-SNAPSHOT.jar:/home/runner/.m2/repository/org/apache/ozone/ozone-reconcodegen/1.3.0-SNAPSHOT/ozone-reconcodegen-1.3.0-SNAPSHOT.jar:/home/runner/.m2/repository/com/google/inject/extensions/guice-multibindings/4.0/guice-multibindings-4.0.jar:/home/runner/.m2/repository/com/google/inject/guice/4.0/guice-4.0.jar:/home/runner/.m2/repository/aopalliance/aopalliance/1.0/aopalliance-1.0.jar:/home/runner/.m2/repository/com/google/inject/extensions/guice-assistedinject/4.0/guice-assistedinject-4.0.jar:/home/runner/.m2/repository/com/google/inject/extensions/guice-servlet/4.0/guice-servlet-4.0.jar:/home/runner/.m2/repository/org/glassfish/jersey/containers/jersey-container-servlet/2.34/jersey-container-servlet-2.34.jar:/home/runner/.m2/repository/org/glassfish/hk2/guice-bridge/2.5.0/guice-bridge-2.5.0.jar:/home/runner/.m2/repository/org/glassfish/jersey/core/jersey-server/2.34/jersey-server-2.34.jar:/home/runner/.m2/repository/org/glassfish/jersey/core/jersey-client/2.34/jersey-client-2.34.jar:/home/runner/.m2/repository/jakarta/annotation/jakarta.annotation-api/1.3.5/jakarta.annotation-api-1.3.5.jar:/home/runner/.m2/repository/jakarta/validation/jakarta.validation-api/2.0.2/jakarta.validation-api-2.0.2.jar:/home/runner/.m2/repository/org/glassfish/jersey/media/jersey-media-json-jackson/2.34/jersey-media-json-jackson-2.34.jar:/home/runner/.m2/repository/org/glassfish/jersey/ext/jersey-entity-filtering/2.34/jersey-entity-filtering-2.34.jar:/home/runner/.m2/repository/org/jooq/jooq/3.11.10/jooq-3.11.10.jar:/home/runner/.m2/repository/org/jooq/jooq-meta/3.11.10/jooq-meta-3.11.10.jar:/home/runner/.m2/repository/org/jooq/jooq-codegen/3.11.10/jooq-codegen-3.11.10.jar:/home/runner/.m2/repository/com/jolbox/bonecp/0.8.0.RELEASE/bonecp-0.8.0.RELEASE.jar:/home/runner/.m2/repository/org/apache/derby/derby/10.14.2.0/derby-10.14.2.0.jar:/home/runner/.m2/repository/org/xerial/sqlite-jdbc/3.25.2/sqlite-jdbc-3.25.2.jar:/home/runner/.m2/repository/org/springframework/spring-jdbc/5.3.23/spring-jdbc-5.3.23.jar:/home/runner/.m2/repository/org/springframework/spring-beans/5.3.23/spring-beans-5.3.23.jar:/home/runner/.m2/repository/org/springframework/spring-core/5.3.23/spring-core-5.3.23.jar:/home/runner/.m2/repository/org/springframework/spring-jcl/5.3.23/spring-jcl-5.3.23.jar:/home/runner/.m2/repository/org/springframework/spring-tx/5.3.23/spring-tx-5.3.23.jar:/home/runner/.m2/repository/org/apache/ozone/ozone-client/1.3.0-SNAPSHOT/ozone-client-1.3.0-SNAPSHOT.jar:/home/runner/.m2/repository/org/apache/ozone/hdds-erasurecode/1.3.0-SNAPSHOT/hdds-erasurecode-1.3.0-SNAPSHOT.jar:/home/runner/.m2/repository/org/apache/ozone/ozone-filesystem/1.3.0-SNAPSHOT/ozone-filesystem-1.3.0-SNAPSHOT.jar:/home/runner/.m2/repository/org/apache/ozone/ozone-filesystem-common/1.3.0-SNAPSHOT/ozone-filesystem-common-1.3.0-SNAPSHOT.jar:/home/runner/.m2/repository/org/apache/ozone/ozone-tools/1.3.0-SNAPSHOT/ozone-tools-1.3.0-SNAPSHOT.jar:/home/runner/.m2/repository/org/apache/ratis/ratis-tools/2.4.0/ratis-tools-2.4.0.jar:/home/runner/.m2/repository/com/amazonaws/aws-java-sdk-core/1.12.261/aws-java-sdk-core-1.12.261.jar:/home/runner/.m2/repository/org/apache/httpcomponents/httpclient/4.5.13/httpclient-4.5.13.jar:/home/runner/.m2/repository/org/apache/httpcomponents/httpcore/4.4.13/httpcore-4.4.13.jar:/home/runner/.m2/repository/software/amazon/ion/ion-java/1.0.2/ion-java-1.0.2.jar:/home/runner/.m2/repository/com/fasterxml/jackson/dataformat/jackson-dataformat-cbor/2.13.4/jackson-dataformat-cbor-2.13.4.jar:/home/runner/.m2/repository/joda-time/joda-time/2.8.1/joda-time-2.8.1.jar:/home/runner/.m2/repository/com/amazonaws/aws-java-sdk-s3/1.12.261/aws-java-sdk-s3-1.12.261.jar:/home/runner/.m2/repository/com/amazonaws/aws-java-sdk-kms/1.12.261/aws-java-sdk-kms-1.12.261.jar:/home/runner/.m2/repository/com/amazonaws/jmespath-java/1.12.261/jmespath-java-1.12.261.jar:/home/runner/.m2/repository/org/kohsuke/metainf-services/metainf-services/1.8/metainf-services-1.8.jar:/home/runner/.m2/repository/org/apache/ozone/hdds-tools/1.3.0-SNAPSHOT/hdds-tools-1.3.0-SNAPSHOT.jar:/home/runner/.m2/repository/commons-cli/commons-cli/1.2/commons-cli-1.2.jar:/home/runner/.m2/repository/org/apache/commons/commons-lang3/3.7/commons-lang3-3.7.jar:/home/runner/.m2/repository/org/apache/ozone/ozone-manager/1.3.0-SNAPSHOT/ozone-manager-1.3.0-SNAPSHOT-tests.jar:/home/runner/.m2/repository/org/apache/ozone/hdds-common/1.3.0-SNAPSHOT/hdds-common-1.3.0-SNAPSHOT-tests.jar:/home/runner/.m2/repository/org/apache/ozone/hdds-hadoop-dependency-client/1.3.0-SNAPSHOT/hdds-hadoop-dependency-client-1.3.0-SNAPSHOT.jar:/home/runner/.m2/repository/info/picocli/picocli/4.6.1/picocli-4.6.1.jar:/home/runner/.m2/repository/com/fasterxml/jackson/core/jackson-annotations/2.13.4/jackson-annotations-2.13.4.jar:/home/runner/.m2/repository/com/fasterxml/jackson/datatype/jackson-datatype-jsr310/2.13.4/jackson-datatype-jsr310-2.13.4.jar:/home/runner/.m2/repository/org/apache/ozone/hdds-annotation-processing/1.3.0-SNAPSHOT/hdds-annotation-processing-1.3.0-SNAPSHOT.jar:/home/runner/.m2/repository/javax/annotation/javax.annotation-api/1.2/javax.annotation-api-1.2.jar:/home/runner/.m2/repository/org/apache/ratis/ratis-server/2.4.0/ratis-server-2.4.0.jar:/home/runner/.m2/repository/org/apache/ratis/ratis-client/2.4.0/ratis-client-2.4.0.jar:/home/runner/.m2/repository/org/apache/ratis/ratis-server-api/2.4.0/ratis-server-api-2.4.0.jar:/home/runner/.m2/repository/org/apache/ratis/ratis-metrics/2.4.0/ratis-metrics-2.4.0.jar:/home/runner/.m2/repository/org/apache/ratis/ratis-netty/2.4.0/ratis-netty-2.4.0.jar:/home/runner/.m2/repository/org/apache/ratis/ratis-grpc/2.4.0/ratis-grpc-2.4.0.jar:/home/runner/.m2/repository/org/apache/logging/log4j/log4j-api/2.17.1/log4j-api-2.17.1.jar:/home/runner/.m2/repository/org/apache/commons/commons-pool2/2.6.0/commons-pool2-2.6.0.jar:/home/runner/.m2/repository/org/bouncycastle/bcpkix-jdk15on/1.67/bcpkix-jdk15on-1.67.jar:/home/runner/.m2/repository/commons-validator/commons-validator/1.6/commons-validator-1.6.jar:/home/runner/.m2/repository/commons-beanutils/commons-beanutils/1.9.4/commons-beanutils-1.9.4.jar:/home/runner/.m2/repository/commons-digester/commons-digester/1.8.1/commons-digester-1.8.1.jar:/home/runner/.m2/repository/commons-collections/commons-collections/3.2.2/commons-collections-3.2.2.jar:/home/runner/.m2/repository/io/jaegertracing/jaeger-client/1.6.0/jaeger-client-1.6.0.jar:/home/runner/.m2/repository/io/jaegertracing/jaeger-thrift/1.6.0/jaeger-thrift-1.6.0.jar:/home/runner/.m2/repository/org/apache/thrift/libthrift/0.14.1/libthrift-0.14.1.jar:/home/runner/.m2/repository/io/jaegertracing/jaeger-core/1.6.0/jaeger-core-1.6.0.jar:/home/runner/.m2/repository/io/jaegertracing/jaeger-tracerresolver/1.6.0/jaeger-tracerresolver-1.6.0.jar:/home/runner/.m2/repository/io/opentracing/contrib/opentracing-tracerresolver/0.1.8/opentracing-tracerresolver-0.1.8.jar:/home/runner/.m2/repository/org/jetbrains/kotlin/kotlin-stdlib/1.6.21/kotlin-stdlib-1.6.21.jar:/home/runner/.m2/repository/org/jetbrains/annotations/13.0/annotations-13.0.jar:/home/runner/.m2/repository/io/opentracing/opentracing-util/0.33.0/opentracing-util-0.33.0.jar:/home/runner/.m2/repository/io/opentracing/opentracing-api/0.33.0/opentracing-api-0.33.0.jar:/home/runner/.m2/repository/io/opentracing/opentracing-noop/0.33.0/opentracing-noop-0.33.0.jar:/home/runner/.m2/repository/org/yaml/snakeyaml/1.33/snakeyaml-1.33.jar:/home/runner/.m2/repository/org/apache/ozone/hdds-interface-admin/1.3.0-SNAPSHOT/hdds-interface-admin-1.3.0-SNAPSHOT.jar:/home/runner/.m2/repository/junit/junit/4.13.1/junit-4.13.1.jar:/home/runner/.m2/repository/org/hamcrest/hamcrest-core/1.3/hamcrest-core-1.3.jar:/home/runner/.m2/repository/org/junit/jupiter/junit-jupiter-api/5.8.2/junit-jupiter-api-5.8.2.jar:/home/runner/.m2/repository/org/opentest4j/opentest4j/1.2.0/opentest4j-1.2.0.jar:/home/runner/.m2/repository/org/junit/platform/junit-platform-commons/1.8.2/junit-platform-commons-1.8.2.jar:/home/runner/.m2/repository/org/apiguardian/apiguardian-api/1.1.2/apiguardian-api-1.1.2.jar:/home/runner/.m2/repository/org/junit/jupiter/junit-jupiter-params/5.8.2/junit-jupiter-params-5.8.2.jar:/home/runner/.m2/repository/org/junit/jupiter/junit-jupiter-migrationsupport/5.8.2/junit-jupiter-migrationsupport-5.8.2.jar:/home/runner/.m2/repository/org/junit/jupiter/junit-jupiter-engine/5.8.2/junit-jupiter-engine-5.8.2.jar:/home/runner/.m2/repository/org/junit/platform/junit-platform-engine/1.8.2/junit-platform-engine-1.8.2.jar:/home/runner/.m2/repository/org/junit/vintage/junit-vintage-engine/5.8.2/junit-vintage-engine-5.8.2.jar:/home/runner/.m2/repository/org/junit/platform/junit-platform-launcher/1.8.2/junit-platform-launcher-1.8.2.jar:/home/runner/.m2/repository/org/mockito/mockito-core/2.28.2/mockito-core-2.28.2.jar:/home/runner/.m2/repository/net/bytebuddy/byte-buddy/1.9.10/byte-buddy-1.9.10.jar:/home/runner/.m2/repository/net/bytebuddy/byte-buddy-agent/1.9.10/byte-buddy-agent-1.9.10.jar:/home/runner/.m2/repository/org/objenesis/objenesis/1.0/objenesis-1.0.jar:/home/runner/.m2/repository/org/apache/hadoop/hadoop-kms/3.3.4/hadoop-kms-3.3.4.jar:/home/runner/.m2/repository/org/apache/hadoop/hadoop-auth/3.3.4/hadoop-auth-3.3.4.jar:/home/runner/.m2/repository/com/nimbusds/nimbus-jose-jwt/7.9/nimbus-jose-jwt-7.9.jar:/home/runner/.m2/repository/com/github/stephenc/jcip/jcip-annotations/1.0-1/jcip-annotations-1.0-1.jar:/home/runner/.m2/repository/net/minidev/json-smart/2.4.7/json-smart-2.4.7.jar:/home/runner/.m2/repository/net/minidev/accessors-smart/2.4.7/accessors-smart-2.4.7.jar:/home/runner/.m2/repository/org/ow2/asm/asm/5.0.4/asm-5.0.4.jar:/home/runner/.m2/repository/org/apache/zookeeper/zookeeper/3.5.6/zookeeper-3.5.6.jar:/home/runner/.m2/repository/org/apache/zookeeper/zookeeper-jute/3.5.6/zookeeper-jute-3.5.6.jar:/home/runner/.m2/repository/org/apache/yetus/audience-annotations/0.5.0/audience-annotations-0.5.0.jar:/home/runner/.m2/repository/org/apache/curator/curator-framework/4.2.0/curator-framework-4.2.0.jar:/home/runner/.m2/repository/org/apache/hadoop/thirdparty/hadoop-shaded-guava/1.1.1/hadoop-shaded-guava-1.1.1.jar:/home/runner/.m2/repository/com/sun/jersey/jersey-core/1.19/jersey-core-1.19.jar:/home/runner/.m2/repository/javax/ws/rs/jsr311-api/1.1.1/jsr311-api-1.1.1.jar:/home/runner/.m2/repository/com/sun/jersey/jersey-server/1.19/jersey-server-1.19.jar:/home/runner/.m2/repository/javax/servlet/javax.servlet-api/3.1.0/javax.servlet-api-3.1.0.jar:/home/runner/.m2/repository/org/eclipse/jetty/jetty-server/9.4.49.v20220914/jetty-server-9.4.49.v20220914.jar:/home/runner/.m2/repository/org/eclipse/jetty/jetty-http/9.4.49.v20220914/jetty-http-9.4.49.v20220914.jar:/home/runner/.m2/repository/org/eclipse/jetty/jetty-io/9.4.49.v20220914/jetty-io-9.4.49.v20220914.jar:/home/runner/.m2/repository/org/eclipse/jetty/jetty-webapp/9.4.49.v20220914/jetty-webapp-9.4.49.v20220914.jar:/home/runner/.m2/repository/org/eclipse/jetty/jetty-xml/9.4.49.v20220914/jetty-xml-9.4.49.v20220914.jar:/home/runner/.m2/repository/org/apache/hadoop/hadoop-common/3.3.4/hadoop-common-3.3.4.jar:/home/runner/.m2/repository/org/apache/commons/commons-math3/3.1.1/commons-math3-3.1.1.jar:/home/runner/.m2/repository/commons-net/commons-net/3.6/commons-net-3.6.jar:/home/runner/.m2/repository/com/sun/jersey/jersey-servlet/1.19/jersey-servlet-1.19.jar:/home/runner/.m2/repository/com/sun/jersey/jersey-json/1.19/jersey-json-1.19.jar:/home/runner/.m2/repository/org/codehaus/jettison/jettison/1.1/jettison-1.1.jar:/home/runner/.m2/repository/com/sun/xml/bind/jaxb-impl/2.2.3-1/jaxb-impl-2.2.3-1.jar:/home/runner/.m2/repository/org/codehaus/jackson/jackson-xc/1.9.2/jackson-xc-1.9.2.jar:/home/runner/.m2/repository/com/google/re2j/re2j/1.1/re2j-1.1.jar:/home/runner/.m2/repository/com/jcraft/jsch/0.1.54/jsch-0.1.54.jar:/home/runner/.m2/repository/org/apache/curator/curator-client/4.2.0/curator-client-4.2.0.jar:/home/runner/.m2/repository/org/apache/curator/curator-recipes/4.2.0/curator-recipes-4.2.0.jar:/home/runner/.m2/repository/org/apache/kerby/kerb-core/1.0.1/kerb-core-1.0.1.jar:/home/runner/.m2/repository/org/apache/kerby/kerby-pkix/1.0.1/kerby-pkix-1.0.1.jar:/home/runner/.m2/repository/org/apache/kerby/kerby-asn1/1.0.1/kerby-asn1-1.0.1.jar:/home/runner/.m2/repository/org/apache/kerby/kerby-util/1.0.1/kerby-util-1.0.1.jar:/home/runner/.m2/repository/dnsjava/dnsjava/2.1.7/dnsjava-2.1.7.jar:/home/runner/.m2/repository/org/xerial/snappy/snappy-java/1.1.8.2/snappy-java-1.1.8.2.jar:/home/runner/.m2/repository/org/eclipse/jetty/jetty-util/9.4.49.v20220914/jetty-util-9.4.49.v20220914.jar:/home/runner/.m2/repository/com/fasterxml/jackson/core/jackson-databind/2.13.4.2/jackson-databind-2.13.4.2.jar:/home/runner/.m2/repository/org/apache/hadoop/hadoop-kms/3.3.4/hadoop-kms-3.3.4-tests.jar:/home/runner/.m2/repository/org/apache/ozone/hdds-server-scm/1.3.0-SNAPSHOT/hdds-server-scm-1.3.0-SNAPSHOT-tests.jar:/home/runner/.m2/repository/org/apache/ozone/hdds-container-service/1.3.0-SNAPSHOT/hdds-container-service-1.3.0-SNAPSHOT-tests.jar:/home/runner/.m2/repository/commons-codec/commons-codec/1.11/commons-codec-1.11.jar:/home/runner/.m2/repository/io/netty/netty-codec/4.1.79.Final/netty-codec-4.1.79.Final.jar:/home/runner/.m2/repository/io/netty/netty-handler/4.1.79.Final/netty-handler-4.1.79.Final.jar:/home/runner/.m2/repository/org/apache/ozone/hdds-hadoop-dependency-test/1.3.0-SNAPSHOT/hdds-hadoop-dependency-test-1.3.0-SNAPSHOT.jar:/home/runner/.m2/repository/org/apache/hadoop/hadoop-common/3.3.4/hadoop-common-3.3.4-tests.jar:/home/runner/.m2/repository/org/apache/hadoop/hadoop-hdfs/3.3.4/hadoop-hdfs-3.3.4-tests.jar:/home/runner/.m2/repository/org/assertj/assertj-core/3.12.2/assertj-core-3.12.2.jar:/home/runner/.m2/repository/org/apache/hadoop/hadoop-distcp/3.3.4/hadoop-distcp-3.3.4.jar:/home/runner/.m2/repository/org/apache/hadoop/hadoop-mapreduce-client-jobclient/3.3.4/hadoop-mapreduce-client-jobclient-3.3.4.jar:/home/runner/.m2/repository/org/apache/hadoop/hadoop-mapreduce-client-common/3.3.4/hadoop-mapreduce-client-common-3.3.4.jar:/home/runner/.m2/repository/org/apache/hadoop/hadoop-yarn-common/3.3.4/hadoop-yarn-common-3.3.4.jar:/home/runner/.m2/repository/org/apache/hadoop/hadoop-yarn-api/3.3.4/hadoop-yarn-api-3.3.4.jar:/home/runner/.m2/repository/com/sun/jersey/contribs/jersey-guice/1.19/jersey-guice-1.19.jar:/home/runner/.m2/repository/com/fasterxml/jackson/jaxrs/jackson-jaxrs-json-provider/2.13.4/jackson-jaxrs-json-provider-2.13.4.jar:/home/runner/.m2/repository/com/fasterxml/jackson/jaxrs/jackson-jaxrs-base/2.13.4/jackson-jaxrs-base-2.13.4.jar:/home/runner/.m2/repository/org/apache/hadoop/hadoop-yarn-client/3.3.4/hadoop-yarn-client-3.3.4.jar:/home/runner/.m2/repository/org/eclipse/jetty/websocket/websocket-client/9.4.43.v20210629/websocket-client-9.4.43.v20210629.jar:/home/runner/.m2/repository/org/eclipse/jetty/websocket/websocket-common/9.4.43.v20210629/websocket-common-9.4.43.v20210629.jar:/home/runner/.m2/repository/org/eclipse/jetty/websocket/websocket-api/9.4.43.v20210629/websocket-api-9.4.43.v20210629.jar:/home/runner/.m2/repository/org/jline/jline/3.9.0/jline-3.9.0.jar:/home/runner/.m2/repository/org/apache/hadoop/hadoop-mapreduce-client-core/3.3.4/hadoop-mapreduce-client-core-3.3.4.jar:/home/runner/.m2/repository/org/apache/avro/avro/1.7.7/avro-1.7.7.jar:/home/runner/.m2/repository/org/codehaus/jackson/jackson-core-asl/1.9.13/jackson-core-asl-1.9.13.jar:/home/runner/.m2/repository/org/codehaus/jackson/jackson-mapper-asl/1.9.13/jackson-mapper-asl-1.9.13.jar:/home/runner/.m2/repository/com/thoughtworks/paranamer/paranamer/2.3/paranamer-2.3.jar:/home/runner/.m2/repository/org/apache/hadoop/hadoop-annotations/3.3.4/hadoop-annotations-3.3.4.jar:/usr/lib/jvm/temurin-8-jdk-amd64/jre/../lib/tools.jar:/home/runner/.m2/repository/io/netty/netty/3.10.6.Final/netty-3.10.6.Final.jar:/home/runner/.m2/repository/org/apache/hadoop/hadoop-distcp/3.3.4/hadoop-distcp-3.3.4-tests.jar:/home/runner/.m2/repository/org/slf4j/jul-to-slf4j/1.7.36/jul-to-slf4j-1.7.36.jar:/home/runner/.m2/repository/org/apache/ratis/ratis-common/2.4.0/ratis-common-2.4.0.jar:/home/runner/.m2/repository/org/apache/ratis/ratis-thirdparty-misc/1.0.2/ratis-thirdparty-misc-1.0.2.jar:/home/runner/.m2/repository/org/apache/ratis/ratis-proto/2.4.0/ratis-proto-2.4.0.jar:"/>
    <property name="sun.cpu.endian" value="little"/>
    <property name="user.home" value="/home/runner"/>
    <property name="user.language" value="en"/>
    <property name="java.specification.vendor" value="Oracle Corporation"/>
    <property name="java.home" value="/usr/lib/jvm/temurin-8-jdk-amd64/jre"/>
    <property name="java.security.krb5.conf" value="/home/runner/work/ozone/ozone/hadoop-ozone/integration-test/target/test-classes/krb5.conf"/>
    <property name="basedir" value="/home/runner/work/ozone/ozone/hadoop-ozone/integration-test"/>
    <property name="file.separator" value="/"/>
    <property name="line.separator" value="&#10;"/>
    <property name="java.vm.specification.vendor" value="Oracle Corporation"/>
    <property name="java.specification.name" value="Java Platform API Specification"/>
    <property name="java.awt.graphicsenv" value="sun.awt.X11GraphicsEnvironment"/>
    <property name="skip.installnpx" value="true"/>
    <property name="surefire.real.class.path" value="/home/runner/work/ozone/ozone/hadoop-ozone/integration-test/target/surefire/surefirebooter8253956693038276524.jar:/home/runner/.m2/repository/org/jacoco/org.jacoco.agent/0.8.5/org.jacoco.agent-0.8.5-runtime.jar"/>
    <property name="hadoop.log.dir" value="/home/runner/work/ozone/ozone/hadoop-ozone/integration-test/target/log"/>
    <property name="sun.boot.class.path" value="/usr/lib/jvm/temurin-8-jdk-amd64/jre/lib/resources.jar:/usr/lib/jvm/temurin-8-jdk-amd64/jre/lib/rt.jar:/usr/lib/jvm/temurin-8-jdk-amd64/jre/lib/sunrsasign.jar:/usr/lib/jvm/temurin-8-jdk-amd64/jre/lib/jsse.jar:/usr/lib/jvm/temurin-8-jdk-amd64/jre/lib/jce.jar:/usr/lib/jvm/temurin-8-jdk-amd64/jre/lib/charsets.jar:/usr/lib/jvm/temurin-8-jdk-amd64/jre/lib/jfr.jar:/usr/lib/jvm/temurin-8-jdk-amd64/jre/classes"/>
    <property name="sun.management.compiler" value="HotSpot 64-Bit Tiered Compilers"/>
    <property name="skip.npx" value="true"/>
    <property name="java.runtime.version" value="1.8.0_345-b01"/>
    <property name="java.net.preferIPv4Stack" value="true"/>
    <property name="user.name" value="runner"/>
    <property name="path.separator" value=":"/>
    <property name="java.security.egd" value="file:///dev/urandom"/>
    <property name="os.version" value="5.15.0-1022-azure"/>
    <property name="java.endorsed.dirs" value="/usr/lib/jvm/temurin-8-jdk-amd64/jre/lib/endorsed"/>
    <property name="java.runtime.name" value="OpenJDK Runtime Environment"/>
    <property name="file.encoding" value="UTF-8"/>
    <property name="java.vm.name" value="OpenJDK 64-Bit Server VM"/>
    <property name="test.build.webapps" value=""/>
    <property name="localRepository" value="/home/runner/.m2/repository"/>
    <property name="jetty.git.hash" value="4231a3b2e4cb8548a412a789936d640a97b1aa0a"/>
    <property name="java.vendor.url.bug" value="https://github.com/adoptium/adoptium-support/issues"/>
    <property name="java.io.tmpdir" value="/tmp"/>
    <property name="require.test.libhadoop" value=""/>
    <property name="java.version" value="1.8.0_345"/>
    <property name="user.dir" value="/home/runner/work/ozone/ozone/hadoop-ozone/integration-test"/>
    <property name="os.arch" value="amd64"/>
    <property name="java.vm.specification.name" value="Java Virtual Machine Specification"/>
    <property name="test.build.classes" value="/home/runner/work/ozone/ozone/hadoop-ozone/integration-test/target/test-classes"/>
    <property name="java.awt.printerjob" value="sun.print.PSPrinterJob"/>
    <property name="sun.os.patch.level" value="unknown"/>
    <property name="org.apache.ratis.thirdparty.io.netty.allocator.useCacheForAllThreads" value="false"/>
    <property name="hadoop.tmp.dir" value="/home/runner/work/ozone/ozone/hadoop-ozone/integration-test/target/tmp"/>
    <property name="java.library.path" value="/usr/java/packages/lib/amd64:/usr/lib64:/lib64:/lib:/usr/lib"/>
    <property name="java.vm.info" value="mixed mode"/>
    <property name="java.vendor" value="Temurin"/>
    <property name="java.vm.version" value="25.345-b01"/>
    <property name="java.ext.dirs" value="/usr/lib/jvm/temurin-8-jdk-amd64/jre/lib/ext:/usr/java/packages/lib/ext"/>
    <property name="sun.io.unicode.encoding" value="UnicodeLittle"/>
    <property name="java.class.version" value="52.0"/>
  </properties>
  <testcase name="testRatisLogParsing" classname="org.apache.hadoop.ozone.parser.TestOzoneHARatisLogParser" time="62.145">
    <error type="java.util.concurrent.TimeoutException"><![CDATA[java.util.concurrent.TimeoutException: 
Timed out waiting for condition. Thread diagnostics:
Timestamp: 2022-11-09 04:19:44,005

"surefire-forkedjvm-command-thread" daemon prio=5 tid=10 runnable
java.lang.Thread.State: RUNNABLE
        at java.io.FileInputStream.readBytes(Native Method)
        at java.io.FileInputStream.read(FileInputStream.java:255)
        at java.io.BufferedInputStream.read1(BufferedInputStream.java:284)
        at java.io.BufferedInputStream.read(BufferedInputStream.java:345)
        at java.io.BufferedInputStream.fill(BufferedInputStream.java:246)
        at java.io.BufferedInputStream.read1(BufferedInputStream.java:286)
        at java.io.BufferedInputStream.read(BufferedInputStream.java:345)
        at org.apache.maven.surefire.api.util.internal.Channels$3.readImpl(Channels.java:214)
        at org.apache.maven.surefire.api.util.internal.AbstractNoninterruptibleReadableChannel.read(AbstractNoninterruptibleReadableChannel.java:54)
        at org.apache.maven.surefire.booter.spi.LegacyMasterProcessChannelDecoder.decode(LegacyMasterProcessChannelDecoder.java:80)
        at org.apache.maven.surefire.booter.CommandReader$CommandRunnable.run(CommandReader.java:343)
        at java.lang.Thread.run(Thread.java:750)
"EndpointStateMachine task thread for /127.0.0.1:44507 - 0 "  prio=5 tid=942 timed_waiting
java.lang.Thread.State: TIMED_WAITING
        at java.lang.Thread.sleep(Native Method)
        at org.apache.hadoop.ipc.Client$Connection.handleConnectionFailure(Client.java:1005)
        at org.apache.hadoop.ipc.Client$Connection.setupConnection(Client.java:734)
        at org.apache.hadoop.ipc.Client$Connection.setupIOstreams(Client.java:833)
        at org.apache.hadoop.ipc.Client$Connection.access$3800(Client.java:414)
        at org.apache.hadoop.ipc.Client.getConnection(Client.java:1677)
        at org.apache.hadoop.ipc.Client.call(Client.java:1502)
        at org.apache.hadoop.ipc.Client.call(Client.java:1455)
        at org.apache.hadoop.ipc.ProtobufRpcEngine$Invoker.invoke(ProtobufRpcEngine.java:235)
        at org.apache.hadoop.ipc.ProtobufRpcEngine$Invoker.invoke(ProtobufRpcEngine.java:122)
        at com.sun.proxy.$Proxy51.submitRequest(Unknown Source)
        at org.apache.hadoop.ozone.protocolPB.StorageContainerDatanodeProtocolClientSideTranslatorPB.submitRequest(StorageContainerDatanodeProtocolClientSideTranslatorPB.java:117)
        at org.apache.hadoop.ozone.protocolPB.StorageContainerDatanodeProtocolClientSideTranslatorPB.sendHeartbeat(StorageContainerDatanodeProtocolClientSideTranslatorPB.java:149)
        at org.apache.hadoop.ozone.container.common.states.endpoint.HeartbeatEndpointTask.call(HeartbeatEndpointTask.java:185)
        at org.apache.hadoop.ozone.container.common.states.endpoint.HeartbeatEndpointTask.call(HeartbeatEndpointTask.java:87)
        at java.util.concurrent.FutureTask.run(FutureTask.java:266)
        at java.util.concurrent.ThreadPoolExecutor.runWorker(ThreadPoolExecutor.java:1149)
        at java.util.concurrent.ThreadPoolExecutor$Worker.run(ThreadPoolExecutor.java:624)
        at java.lang.Thread.run(Thread.java:750)
"EndpointStateMachine task thread for /127.0.0.1:44989 - 0 "  prio=5 tid=943 timed_waiting
java.lang.Thread.State: TIMED_WAITING
        at java.lang.Thread.sleep(Native Method)
        at org.apache.hadoop.ipc.Client$Connection.handleConnectionFailure(Client.java:1005)
        at org.apache.hadoop.ipc.Client$Connection.setupConnection(Client.java:734)
        at org.apache.hadoop.ipc.Client$Connection.setupIOstreams(Client.java:833)
        at org.apache.hadoop.ipc.Client$Connection.access$3800(Client.java:414)
        at org.apache.hadoop.ipc.Client.getConnection(Client.java:1677)
        at org.apache.hadoop.ipc.Client.call(Client.java:1502)
        at org.apache.hadoop.ipc.Client.call(Client.java:1455)
        at org.apache.hadoop.ipc.ProtobufRpcEngine$Invoker.invoke(ProtobufRpcEngine.java:235)
        at org.apache.hadoop.ipc.ProtobufRpcEngine$Invoker.invoke(ProtobufRpcEngine.java:122)
        at com.sun.proxy.$Proxy51.submitRequest(Unknown Source)
        at org.apache.hadoop.ozone.protocolPB.StorageContainerDatanodeProtocolClientSideTranslatorPB.submitRequest(StorageContainerDatanodeProtocolClientSideTranslatorPB.java:117)
        at org.apache.hadoop.ozone.protocolPB.StorageContainerDatanodeProtocolClientSideTranslatorPB.sendHeartbeat(StorageContainerDatanodeProtocolClientSideTranslatorPB.java:149)
        at org.apache.hadoop.ozone.container.common.states.endpoint.HeartbeatEndpointTask.call(HeartbeatEndpointTask.java:185)
        at org.apache.hadoop.ozone.container.common.states.endpoint.HeartbeatEndpointTask.call(HeartbeatEndpointTask.java:87)
        at java.util.concurrent.FutureTask.run(FutureTask.java:266)
        at java.util.concurrent.ThreadPoolExecutor.runWorker(ThreadPoolExecutor.java:1149)
        at java.util.concurrent.ThreadPoolExecutor$Worker.run(ThreadPoolExecutor.java:624)
        at java.lang.Thread.run(Thread.java:750)
"timer2" daemon prio=5 tid=429 timed_waiting
java.lang.Thread.State: TIMED_WAITING
        at java.lang.Object.wait(Native Method)
        at java.util.TimerThread.mainLoop(Timer.java:552)
        at java.util.TimerThread.run(Timer.java:505)
"Signal Dispatcher" daemon prio=9 tid=4 runnable
java.lang.Thread.State: RUNNABLE
"FullTableCache Cleanup Thread - 0" daemon prio=5 tid=1054 in Object.wait()
java.lang.Thread.State: WAITING (on object monitor)
        at sun.misc.Unsafe.park(Native Method)
        at java.util.concurrent.locks.LockSupport.park(LockSupport.java:175)
        at java.util.concurrent.locks.AbstractQueuedSynchronizer$ConditionObject.await(AbstractQueuedSynchronizer.java:2039)
        at java.util.concurrent.LinkedBlockingQueue.take(LinkedBlockingQueue.java:442)
        at java.util.concurrent.ThreadPoolExecutor.getTask(ThreadPoolExecutor.java:1074)
        at java.util.concurrent.ThreadPoolExecutor.runWorker(ThreadPoolExecutor.java:1134)
        at java.util.concurrent.ThreadPoolExecutor$Worker.run(ThreadPoolExecutor.java:624)
        at java.lang.Thread.run(Thread.java:750)
"timer6" daemon prio=5 tid=454 timed_waiting
java.lang.Thread.State: TIMED_WAITING
        at java.lang.Object.wait(Native Method)
        at java.util.TimerThread.mainLoop(Timer.java:552)
        at java.util.TimerThread.run(Timer.java:505)
"FullTableCache Cleanup Thread - 0" daemon prio=5 tid=1059 in Object.wait()
java.lang.Thread.State: WAITING (on object monitor)
        at sun.misc.Unsafe.park(Native Method)
        at java.util.concurrent.locks.LockSupport.park(LockSupport.java:175)
        at java.util.concurrent.locks.AbstractQueuedSynchronizer$ConditionObject.await(AbstractQueuedSynchronizer.java:2039)
        at java.util.concurrent.LinkedBlockingQueue.take(LinkedBlockingQueue.java:442)
        at java.util.concurrent.ThreadPoolExecutor.getTask(ThreadPoolExecutor.java:1074)
        at java.util.concurrent.ThreadPoolExecutor.runWorker(ThreadPoolExecutor.java:1134)
        at java.util.concurrent.ThreadPoolExecutor$Worker.run(ThreadPoolExecutor.java:624)
        at java.lang.Thread.run(Thread.java:750)
"FullTableCache Cleanup Thread - 0" daemon prio=5 tid=1058 in Object.wait()
java.lang.Thread.State: WAITING (on object monitor)
        at sun.misc.Unsafe.park(Native Method)
        at java.util.concurrent.locks.LockSupport.park(LockSupport.java:175)
        at java.util.concurrent.locks.AbstractQueuedSynchronizer$ConditionObject.await(AbstractQueuedSynchronizer.java:2039)
        at java.util.concurrent.LinkedBlockingQueue.take(LinkedBlockingQueue.java:442)
        at java.util.concurrent.ThreadPoolExecutor.getTask(ThreadPoolExecutor.java:1074)
        at java.util.concurrent.ThreadPoolExecutor.runWorker(ThreadPoolExecutor.java:1134)
        at java.util.concurrent.ThreadPoolExecutor$Worker.run(ThreadPoolExecutor.java:624)
        at java.lang.Thread.run(Thread.java:750)
"EndpointStateMachine task thread for /127.0.0.1:35701 - 0 "  prio=5 tid=924 timed_waiting
java.lang.Thread.State: TIMED_WAITING
        at java.lang.Thread.sleep(Native Method)
        at org.apache.hadoop.ipc.Client$Connection.handleConnectionFailure(Client.java:1005)
        at org.apache.hadoop.ipc.Client$Connection.setupConnection(Client.java:734)
        at org.apache.hadoop.ipc.Client$Connection.setupIOstreams(Client.java:833)
        at org.apache.hadoop.ipc.Client$Connection.access$3800(Client.java:414)
        at org.apache.hadoop.ipc.Client.getConnection(Client.java:1677)
        at org.apache.hadoop.ipc.Client.call(Client.java:1502)
        at org.apache.hadoop.ipc.Client.call(Client.java:1455)
        at org.apache.hadoop.ipc.ProtobufRpcEngine$Invoker.invoke(ProtobufRpcEngine.java:235)
        at org.apache.hadoop.ipc.ProtobufRpcEngine$Invoker.invoke(ProtobufRpcEngine.java:122)
        at com.sun.proxy.$Proxy51.submitRequest(Unknown Source)
        at org.apache.hadoop.ozone.protocolPB.StorageContainerDatanodeProtocolClientSideTranslatorPB.submitRequest(StorageContainerDatanodeProtocolClientSideTranslatorPB.java:117)
        at org.apache.hadoop.ozone.protocolPB.StorageContainerDatanodeProtocolClientSideTranslatorPB.sendHeartbeat(StorageContainerDatanodeProtocolClientSideTranslatorPB.java:149)
        at org.apache.hadoop.ozone.container.common.states.endpoint.HeartbeatEndpointTask.call(HeartbeatEndpointTask.java:185)
        at org.apache.hadoop.ozone.container.common.states.endpoint.HeartbeatEndpointTask.call(HeartbeatEndpointTask.java:87)
        at java.util.concurrent.FutureTask.run(FutureTask.java:266)
        at java.util.concurrent.ThreadPoolExecutor.runWorker(ThreadPoolExecutor.java:1149)
        at java.util.concurrent.ThreadPoolExecutor$Worker.run(ThreadPoolExecutor.java:624)
        at java.lang.Thread.run(Thread.java:750)
"EndpointStateMachine task thread for /127.0.0.1:44989 - 0 "  prio=5 tid=927 blocked
java.lang.Thread.State: BLOCKED
        at org.apache.hadoop.ipc.Client$Connection.addCall(Client.java:522)
        at org.apache.hadoop.ipc.Client$Connection.access$3700(Client.java:414)
        at org.apache.hadoop.ipc.Client.getConnection(Client.java:1664)
        at org.apache.hadoop.ipc.Client.call(Client.java:1502)
        at org.apache.hadoop.ipc.Client.call(Client.java:1455)
        at org.apache.hadoop.ipc.ProtobufRpcEngine$Invoker.invoke(ProtobufRpcEngine.java:235)
        at org.apache.hadoop.ipc.ProtobufRpcEngine$Invoker.invoke(ProtobufRpcEngine.java:122)
        at com.sun.proxy.$Proxy51.submitRequest(Unknown Source)
        at org.apache.hadoop.ozone.protocolPB.StorageContainerDatanodeProtocolClientSideTranslatorPB.submitRequest(StorageContainerDatanodeProtocolClientSideTranslatorPB.java:117)
        at org.apache.hadoop.ozone.protocolPB.StorageContainerDatanodeProtocolClientSideTranslatorPB.sendHeartbeat(StorageContainerDatanodeProtocolClientSideTranslatorPB.java:149)
        at org.apache.hadoop.ozone.container.common.states.endpoint.HeartbeatEndpointTask.call(HeartbeatEndpointTask.java:185)
        at org.apache.hadoop.ozone.container.common.states.endpoint.HeartbeatEndpointTask.call(HeartbeatEndpointTask.java:87)
        at java.util.concurrent.FutureTask.run(FutureTask.java:266)
        at java.util.concurrent.ThreadPoolExecutor.runWorker(ThreadPoolExecutor.java:1149)
        at java.util.concurrent.ThreadPoolExecutor$Worker.run(ThreadPoolExecutor.java:624)
        at java.lang.Thread.run(Thread.java:750)
"timer3" daemon prio=5 tid=431 timed_waiting
java.lang.Thread.State: TIMED_WAITING
        at java.lang.Object.wait(Native Method)
        at java.util.TimerThread.mainLoop(Timer.java:552)
        at java.util.TimerThread.run(Timer.java:505)
"EndpointStateMachine task thread for /127.0.0.1:35701 - 0 "  prio=5 tid=940 blocked
java.lang.Thread.State: BLOCKED
        at org.apache.hadoop.ipc.Client$Connection.addCall(Client.java:522)
        at org.apache.hadoop.ipc.Client$Connection.access$3700(Client.java:414)
        at org.apache.hadoop.ipc.Client.getConnection(Client.java:1664)
        at org.apache.hadoop.ipc.Client.call(Client.java:1502)
        at org.apache.hadoop.ipc.Client.call(Client.java:1455)
        at org.apache.hadoop.ipc.ProtobufRpcEngine$Invoker.invoke(ProtobufRpcEngine.java:235)
        at org.apache.hadoop.ipc.ProtobufRpcEngine$Invoker.invoke(ProtobufRpcEngine.java:122)
        at com.sun.proxy.$Proxy51.submitRequest(Unknown Source)
        at org.apache.hadoop.ozone.protocolPB.StorageContainerDatanodeProtocolClientSideTranslatorPB.submitRequest(StorageContainerDatanodeProtocolClientSideTranslatorPB.java:117)
        at org.apache.hadoop.ozone.protocolPB.StorageContainerDatanodeProtocolClientSideTranslatorPB.sendHeartbeat(StorageContainerDatanodeProtocolClientSideTranslatorPB.java:149)
        at org.apache.hadoop.ozone.container.common.states.endpoint.HeartbeatEndpointTask.call(HeartbeatEndpointTask.java:185)
        at org.apache.hadoop.ozone.container.common.states.endpoint.HeartbeatEndpointTask.call(HeartbeatEndpointTask.java:87)
        at java.util.concurrent.FutureTask.run(FutureTask.java:266)
        at java.util.concurrent.ThreadPoolExecutor.runWorker(ThreadPoolExecutor.java:1149)
        at java.util.concurrent.ThreadPoolExecutor$Worker.run(ThreadPoolExecutor.java:624)
        at java.lang.Thread.run(Thread.java:750)
"FullTableCache Cleanup Thread - 0" daemon prio=5 tid=1056 in Object.wait()
java.lang.Thread.State: WAITING (on object monitor)
        at sun.misc.Unsafe.park(Native Method)
        at java.util.concurrent.locks.LockSupport.park(LockSupport.java:175)
        at java.util.concurrent.locks.AbstractQueuedSynchronizer$ConditionObject.await(AbstractQueuedSynchronizer.java:2039)
        at java.util.concurrent.LinkedBlockingQueue.take(LinkedBlockingQueue.java:442)
        at java.util.concurrent.ThreadPoolExecutor.getTask(ThreadPoolExecutor.java:1074)
        at java.util.concurrent.ThreadPoolExecutor.runWorker(ThreadPoolExecutor.java:1134)
        at java.util.concurrent.ThreadPoolExecutor$Worker.run(ThreadPoolExecutor.java:624)
        at java.lang.Thread.run(Thread.java:750)
"SSL Certificates Store Monitor" daemon prio=5 tid=740 in Object.wait()
java.lang.Thread.State: WAITING (on object monitor)
        at java.lang.Object.wait(Native Method)
        at java.lang.Object.wait(Object.java:502)
        at java.util.TimerThread.mainLoop(Timer.java:526)
        at java.util.TimerThread.run(Timer.java:505)
"timer1" daemon prio=5 tid=426 timed_waiting
java.lang.Thread.State: TIMED_WAITING
        at java.lang.Object.wait(Native Method)
        at java.util.TimerThread.mainLoop(Timer.java:552)
        at java.util.TimerThread.run(Timer.java:505)
"SSL Certificates Store Monitor" daemon prio=5 tid=683 in Object.wait()
java.lang.Thread.State: WAITING (on object monitor)
        at java.lang.Object.wait(Native Method)
        at java.lang.Object.wait(Object.java:502)
        at java.util.TimerThread.mainLoop(Timer.java:526)
        at java.util.TimerThread.run(Timer.java:505)
"EndpointStateMachine task thread for /127.0.0.1:35701 - 0 "  prio=5 tid=905 blocked
java.lang.Thread.State: BLOCKED
        at org.apache.hadoop.ipc.Client$Connection.addCall(Client.java:522)
        at org.apache.hadoop.ipc.Client$Connection.access$3700(Client.java:414)
        at org.apache.hadoop.ipc.Client.getConnection(Client.java:1664)
        at org.apache.hadoop.ipc.Client.call(Client.java:1502)
        at org.apache.hadoop.ipc.Client.call(Client.java:1455)
        at org.apache.hadoop.ipc.ProtobufRpcEngine$Invoker.invoke(ProtobufRpcEngine.java:235)
        at org.apache.hadoop.ipc.ProtobufRpcEngine$Invoker.invoke(ProtobufRpcEngine.java:122)
        at com.sun.proxy.$Proxy51.submitRequest(Unknown Source)
        at org.apache.hadoop.ozone.protocolPB.StorageContainerDatanodeProtocolClientSideTranslatorPB.submitRequest(StorageContainerDatanodeProtocolClientSideTranslatorPB.java:117)
        at org.apache.hadoop.ozone.protocolPB.StorageContainerDatanodeProtocolClientSideTranslatorPB.sendHeartbeat(StorageContainerDatanodeProtocolClientSideTranslatorPB.java:149)
        at org.apache.hadoop.ozone.container.common.states.endpoint.HeartbeatEndpointTask.call(HeartbeatEndpointTask.java:185)
        at org.apache.hadoop.ozone.container.common.states.endpoint.HeartbeatEndpointTask.call(HeartbeatEndpointTask.java:87)
        at java.util.concurrent.FutureTask.run(FutureTask.java:266)
        at java.util.concurrent.ThreadPoolExecutor.runWorker(ThreadPoolExecutor.java:1149)
        at java.util.concurrent.ThreadPoolExecutor$Worker.run(ThreadPoolExecutor.java:624)
        at java.lang.Thread.run(Thread.java:750)
"IPC Parameter Sending Thread #0" daemon prio=5 tid=278 timed_waiting
java.lang.Thread.State: TIMED_WAITING
        at sun.misc.Unsafe.park(Native Method)
        at java.util.concurrent.locks.LockSupport.parkNanos(LockSupport.java:215)
        at java.util.concurrent.SynchronousQueue$TransferStack.awaitFulfill(SynchronousQueue.java:460)
        at java.util.concurrent.SynchronousQueue$TransferStack.transfer(SynchronousQueue.java:362)
        at java.util.concurrent.SynchronousQueue.poll(SynchronousQueue.java:941)
        at java.util.concurrent.ThreadPoolExecutor.getTask(ThreadPoolExecutor.java:1073)
        at java.util.concurrent.ThreadPoolExecutor.runWorker(ThreadPoolExecutor.java:1134)
        at java.util.concurrent.ThreadPoolExecutor$Worker.run(ThreadPoolExecutor.java:624)
        at java.lang.Thread.run(Thread.java:750)
"Listener at 127.0.0.1/42701" daemon prio=5 tid=12 runnable
java.lang.Thread.State: RUNNABLE
        at java.lang.Thread.dumpThreads(Native Method)
        at java.lang.Thread.getAllStackTraces(Thread.java:1615)
        at org.apache.ozone.test.TimedOutTestsListener.buildThreadDump(TimedOutTestsListener.java:93)
        at org.apache.ozone.test.TimedOutTestsListener.buildThreadDiagnosticString(TimedOutTestsListener.java:79)
        at org.apache.ozone.test.GenericTestUtils.waitFor(GenericTestUtils.java:224)
        at org.apache.hadoop.ozone.parser.TestOzoneHARatisLogParser.testRatisLogParsing(TestOzoneHARatisLogParser.java:129)
        at sun.reflect.NativeMethodAccessorImpl.invoke0(Native Method)
        at sun.reflect.NativeMethodAccessorImpl.invoke(NativeMethodAccessorImpl.java:62)
        at sun.reflect.DelegatingMethodAccessorImpl.invoke(DelegatingMethodAccessorImpl.java:43)
        at java.lang.reflect.Method.invoke(Method.java:498)
        at org.junit.runners.model.FrameworkMethod$1.runReflectiveCall(FrameworkMethod.java:59)
        at org.junit.internal.runners.model.ReflectiveCallable.run(ReflectiveCallable.java:12)
        at org.junit.runners.model.FrameworkMethod.invokeExplosively(FrameworkMethod.java:56)
        at org.junit.internal.runners.statements.InvokeMethod.evaluate(InvokeMethod.java:17)
        at org.junit.internal.runners.statements.RunBefores.evaluate(RunBefores.java:26)
        at org.junit.internal.runners.statements.RunAfters.evaluate(RunAfters.java:27)
        at org.junit.internal.runners.statements.FailOnTimeout$CallableStatement.call(FailOnTimeout.java:288)
        at org.junit.internal.runners.statements.FailOnTimeout$CallableStatement.call(FailOnTimeout.java:282)
        at java.util.concurrent.FutureTask.run(FutureTask.java:266)
        at java.lang.Thread.run(Thread.java:750)
"IPC Parameter Sending Thread #1" daemon prio=5 tid=910 timed_waiting
java.lang.Thread.State: TIMED_WAITING
        at sun.misc.Unsafe.park(Native Method)
        at java.util.concurrent.locks.LockSupport.parkNanos(LockSupport.java:215)
        at java.util.concurrent.SynchronousQueue$TransferStack.awaitFulfill(SynchronousQueue.java:460)
        at java.util.concurrent.SynchronousQueue$TransferStack.transfer(SynchronousQueue.java:362)
        at java.util.concurrent.SynchronousQueue.poll(SynchronousQueue.java:941)
        at java.util.concurrent.ThreadPoolExecutor.getTask(ThreadPoolExecutor.java:1073)
        at java.util.concurrent.ThreadPoolExecutor.runWorker(ThreadPoolExecutor.java:1134)
        at java.util.concurrent.ThreadPoolExecutor$Worker.run(ThreadPoolExecutor.java:624)
        at java.lang.Thread.run(Thread.java:750)
"EndpointStateMachine task thread for /127.0.0.1:44507 - 0 "  prio=5 tid=904 blocked
java.lang.Thread.State: BLOCKED
        at org.apache.hadoop.ipc.Client$Connection.addCall(Client.java:522)
        at org.apache.hadoop.ipc.Client$Connection.access$3700(Client.java:414)
        at org.apache.hadoop.ipc.Client.getConnection(Client.java:1664)
        at org.apache.hadoop.ipc.Client.call(Client.java:1502)
        at org.apache.hadoop.ipc.Client.call(Client.java:1455)
        at org.apache.hadoop.ipc.ProtobufRpcEngine$Invoker.invoke(ProtobufRpcEngine.java:235)
        at org.apache.hadoop.ipc.ProtobufRpcEngine$Invoker.invoke(ProtobufRpcEngine.java:122)
        at com.sun.proxy.$Proxy51.submitRequest(Unknown Source)
        at org.apache.hadoop.ozone.protocolPB.StorageContainerDatanodeProtocolClientSideTranslatorPB.submitRequest(StorageContainerDatanodeProtocolClientSideTranslatorPB.java:117)
        at org.apache.hadoop.ozone.protocolPB.StorageContainerDatanodeProtocolClientSideTranslatorPB.sendHeartbeat(StorageContainerDatanodeProtocolClientSideTranslatorPB.java:149)
        at org.apache.hadoop.ozone.container.common.states.endpoint.HeartbeatEndpointTask.call(HeartbeatEndpointTask.java:185)
        at org.apache.hadoop.ozone.container.common.states.endpoint.HeartbeatEndpointTask.call(HeartbeatEndpointTask.java:87)
        at java.util.concurrent.FutureTask.run(FutureTask.java:266)
        at java.util.concurrent.ThreadPoolExecutor.runWorker(ThreadPoolExecutor.java:1149)
        at java.util.concurrent.ThreadPoolExecutor$Worker.run(ThreadPoolExecutor.java:624)
        at java.lang.Thread.run(Thread.java:750)
"SSL Certificates Store Monitor" daemon prio=5 tid=629 in Object.wait()
java.lang.Thread.State: WAITING (on object monitor)
        at java.lang.Object.wait(Native Method)
        at java.lang.Object.wait(Object.java:502)
        at java.util.TimerThread.mainLoop(Timer.java:526)
        at java.util.TimerThread.run(Timer.java:505)
"EndpointStateMachine task thread for /127.0.0.1:44989 - 0 "  prio=5 tid=906 blocked
java.lang.Thread.State: BLOCKED
        at org.apache.hadoop.ipc.Client$Connection.addCall(Client.java:522)
        at org.apache.hadoop.ipc.Client$Connection.access$3700(Client.java:414)
        at org.apache.hadoop.ipc.Client.getConnection(Client.java:1664)
        at org.apache.hadoop.ipc.Client.call(Client.java:1502)
        at org.apache.hadoop.ipc.Client.call(Client.java:1455)
        at org.apache.hadoop.ipc.ProtobufRpcEngine$Invoker.invoke(ProtobufRpcEngine.java:235)
        at org.apache.hadoop.ipc.ProtobufRpcEngine$Invoker.invoke(ProtobufRpcEngine.java:122)
        at com.sun.proxy.$Proxy51.submitRequest(Unknown Source)
        at org.apache.hadoop.ozone.protocolPB.StorageContainerDatanodeProtocolClientSideTranslatorPB.submitRequest(StorageContainerDatanodeProtocolClientSideTranslatorPB.java:117)
        at org.apache.hadoop.ozone.protocolPB.StorageContainerDatanodeProtocolClientSideTranslatorPB.sendHeartbeat(StorageContainerDatanodeProtocolClientSideTranslatorPB.java:149)
        at org.apache.hadoop.ozone.container.common.states.endpoint.HeartbeatEndpointTask.call(HeartbeatEndpointTask.java:185)
        at org.apache.hadoop.ozone.container.common.states.endpoint.HeartbeatEndpointTask.call(HeartbeatEndpointTask.java:87)
        at java.util.concurrent.FutureTask.run(FutureTask.java:266)
        at java.util.concurrent.ThreadPoolExecutor.runWorker(ThreadPoolExecutor.java:1149)
        at java.util.concurrent.ThreadPoolExecutor$Worker.run(ThreadPoolExecutor.java:624)
        at java.lang.Thread.run(Thread.java:750)
"Reference Handler" daemon prio=10 tid=2 in Object.wait()
java.lang.Thread.State: WAITING (on object monitor)
        at java.lang.Object.wait(Native Method)
        at java.lang.Object.wait(Object.java:502)
        at java.lang.ref.Reference.tryHandlePending(Reference.java:191)
        at java.lang.ref.Reference$ReferenceHandler.run(Reference.java:153)
"timer7" daemon prio=5 tid=546 timed_waiting
java.lang.Thread.State: TIMED_WAITING
        at java.lang.Object.wait(Native Method)
        at java.util.TimerThread.mainLoop(Timer.java:552)
        at java.util.TimerThread.run(Timer.java:505)
"timer0" daemon prio=5 tid=547 timed_waiting
java.lang.Thread.State: TIMED_WAITING
        at java.lang.Object.wait(Native Method)
        at java.util.TimerThread.mainLoop(Timer.java:552)
        at java.util.TimerThread.run(Timer.java:505)
"Finalizer" daemon prio=8 tid=3 in Object.wait()
java.lang.Thread.State: WAITING (on object monitor)
        at java.lang.Object.wait(Native Method)
        at java.lang.ref.ReferenceQueue.remove(ReferenceQueue.java:144)
        at java.lang.ref.ReferenceQueue.remove(ReferenceQueue.java:165)
        at java.lang.ref.Finalizer$FinalizerThread.run(Finalizer.java:216)
"IPC Parameter Sending Thread #2" daemon prio=5 tid=911 timed_waiting
java.lang.Thread.State: TIMED_WAITING
        at sun.misc.Unsafe.park(Native Method)
        at java.util.concurrent.locks.LockSupport.parkNanos(LockSupport.java:215)
        at java.util.concurrent.SynchronousQueue$TransferStack.awaitFulfill(SynchronousQueue.java:460)
        at java.util.concurrent.SynchronousQueue$TransferStack.transfer(SynchronousQueue.java:362)
        at java.util.concurrent.SynchronousQueue.poll(SynchronousQueue.java:941)
        at java.util.concurrent.ThreadPoolExecutor.getTask(ThreadPoolExecutor.java:1073)
        at java.util.concurrent.ThreadPoolExecutor.runWorker(ThreadPoolExecutor.java:1134)
        at java.util.concurrent.ThreadPoolExecutor$Worker.run(ThreadPoolExecutor.java:624)
        at java.lang.Thread.run(Thread.java:750)
"FullTableCache Cleanup Thread - 0" daemon prio=5 tid=1057 in Object.wait()
java.lang.Thread.State: WAITING (on object monitor)
        at sun.misc.Unsafe.park(Native Method)
        at java.util.concurrent.locks.LockSupport.park(LockSupport.java:175)
        at java.util.concurrent.locks.AbstractQueuedSynchronizer$ConditionObject.await(AbstractQueuedSynchronizer.java:2039)
        at java.util.concurrent.LinkedBlockingQueue.take(LinkedBlockingQueue.java:442)
        at java.util.concurrent.ThreadPoolExecutor.getTask(ThreadPoolExecutor.java:1074)
        at java.util.concurrent.ThreadPoolExecutor.runWorker(ThreadPoolExecutor.java:1134)
        at java.util.concurrent.ThreadPoolExecutor$Worker.run(ThreadPoolExecutor.java:624)
        at java.lang.Thread.run(Thread.java:750)
"main"  prio=5 tid=1 timed_waiting
java.lang.Thread.State: TIMED_WAITING
        at sun.misc.Unsafe.park(Native Method)
        at java.util.concurrent.locks.LockSupport.parkNanos(LockSupport.java:215)
        at java.util.concurrent.FutureTask.awaitDone(FutureTask.java:426)
        at java.util.concurrent.FutureTask.get(FutureTask.java:204)
        at org.junit.internal.runners.statements.FailOnTimeout.getResult(FailOnTimeout.java:156)
        at org.junit.internal.runners.statements.FailOnTimeout.evaluate(FailOnTimeout.java:129)
        at org.junit.runners.ParentRunner$3.evaluate(ParentRunner.java:306)
        at org.junit.runners.BlockJUnit4ClassRunner$1.evaluate(BlockJUnit4ClassRunner.java:100)
        at org.junit.runners.ParentRunner.runLeaf(ParentRunner.java:366)
        at org.junit.runners.BlockJUnit4ClassRunner.runChild(BlockJUnit4ClassRunner.java:103)
        at org.junit.runners.BlockJUnit4ClassRunner.runChild(BlockJUnit4ClassRunner.java:63)
        at org.junit.runners.ParentRunner$4.run(ParentRunner.java:331)
        at org.junit.runners.ParentRunner$1.schedule(ParentRunner.java:79)
        at org.junit.runners.ParentRunner.runChildren(ParentRunner.java:329)
        at org.junit.runners.ParentRunner.access$100(ParentRunner.java:66)
        at org.junit.runners.ParentRunner$2.evaluate(ParentRunner.java:293)
        at org.junit.runners.ParentRunner$3.evaluate(ParentRunner.java:306)
        at org.junit.runners.ParentRunner.run(ParentRunner.java:413)
        at org.junit.runner.JUnitCore.run(JUnitCore.java:137)
        at org.junit.runner.JUnitCore.run(JUnitCore.java:115)
        at org.junit.vintage.engine.execution.RunnerExecutor.execute(RunnerExecutor.java:42)
        at org.junit.vintage.engine.VintageTestEngine.executeAllChildren(VintageTestEngine.java:80)
        at org.junit.vintage.engine.VintageTestEngine.execute(VintageTestEngine.java:72)
        at org.junit.platform.launcher.core.EngineExecutionOrchestrator.execute(EngineExecutionOrchestrator.java:107)
        at org.junit.platform.launcher.core.EngineExecutionOrchestrator.execute(EngineExecutionOrchestrator.java:88)
        at org.junit.platform.launcher.core.EngineExecutionOrchestrator.lambda$execute$0(EngineExecutionOrchestrator.java:54)
        at org.junit.platform.launcher.core.EngineExecutionOrchestrator$$Lambda$188/1661406123.accept(Unknown Source)
        at org.junit.platform.launcher.core.EngineExecutionOrchestrator.withInterceptedStreams(EngineExecutionOrchestrator.java:67)
        at org.junit.platform.launcher.core.EngineExecutionOrchestrator.execute(EngineExecutionOrchestrator.java:52)
        at org.junit.platform.launcher.core.DefaultLauncher.execute(DefaultLauncher.java:114)
        at org.junit.platform.launcher.core.DefaultLauncher.execute(DefaultLauncher.java:86)
        at org.junit.platform.launcher.core.DefaultLauncherSession$DelegatingLauncher.execute(DefaultLauncherSession.java:86)
        at org.junit.platform.launcher.core.SessionPerRequestLauncher.execute(SessionPerRequestLauncher.java:53)
        at org.apache.maven.surefire.junitplatform.JUnitPlatformProvider.execute(JUnitPlatformProvider.java:188)
        at org.apache.maven.surefire.junitplatform.JUnitPlatformProvider.invokeAllTests(JUnitPlatformProvider.java:154)
        at org.apache.maven.surefire.junitplatform.JUnitPlatformProvider.invoke(JUnitPlatformProvider.java:124)
        at org.apache.maven.surefire.booter.ForkedBooter.runSuitesInProcess(ForkedBooter.java:428)
        at org.apache.maven.surefire.booter.ForkedBooter.execute(ForkedBooter.java:162)
        at org.apache.maven.surefire.booter.ForkedBooter.run(ForkedBooter.java:562)
        at org.apache.maven.surefire.booter.ForkedBooter.main(ForkedBooter.java:548)
"timer5" daemon prio=5 tid=453 timed_waiting
java.lang.Thread.State: TIMED_WAITING
        at java.lang.Object.wait(Native Method)
        at java.util.TimerThread.mainLoop(Timer.java:552)
        at java.util.TimerThread.run(Timer.java:505)
"timer4" daemon prio=5 tid=452 timed_waiting
java.lang.Thread.State: TIMED_WAITING
        at java.lang.Object.wait(Native Method)
        at java.util.TimerThread.mainLoop(Timer.java:552)
        at java.util.TimerThread.run(Timer.java:505)
"FullTableCache Cleanup Thread - 0" daemon prio=5 tid=1055 in Object.wait()
java.lang.Thread.State: WAITING (on object monitor)
        at sun.misc.Unsafe.park(Native Method)
        at java.util.concurrent.locks.LockSupport.park(LockSupport.java:175)
        at java.util.concurrent.locks.AbstractQueuedSynchronizer$ConditionObject.await(AbstractQueuedSynchronizer.java:2039)
        at java.util.concurrent.LinkedBlockingQueue.take(LinkedBlockingQueue.java:442)
        at java.util.concurrent.ThreadPoolExecutor.getTask(ThreadPoolExecutor.java:1074)
        at java.util.concurrent.ThreadPoolExecutor.runWorker(ThreadPoolExecutor.java:1134)
        at java.util.concurrent.ThreadPoolExecutor$Worker.run(ThreadPoolExecutor.java:624)
        at java.lang.Thread.run(Thread.java:750)
"EndpointStateMachine task thread for /127.0.0.1:44507 - 0 "  prio=5 tid=926 blocked
java.lang.Thread.State: BLOCKED
        at org.apache.hadoop.ipc.Client$Connection.addCall(Client.java:522)
        at org.apache.hadoop.ipc.Client$Connection.access$3700(Client.java:414)
        at org.apache.hadoop.ipc.Client.getConnection(Client.java:1664)
        at org.apache.hadoop.ipc.Client.call(Client.java:1502)
        at org.apache.hadoop.ipc.Client.call(Client.java:1455)
        at org.apache.hadoop.ipc.ProtobufRpcEngine$Invoker.invoke(ProtobufRpcEngine.java:235)
        at org.apache.hadoop.ipc.ProtobufRpcEngine$Invoker.invoke(ProtobufRpcEngine.java:122)
        at com.sun.proxy.$Proxy51.submitRequest(Unknown Source)
        at org.apache.hadoop.ozone.protocolPB.StorageContainerDatanodeProtocolClientSideTranslatorPB.submitRequest(StorageContainerDatanodeProtocolClientSideTranslatorPB.java:117)
        at org.apache.hadoop.ozone.protocolPB.StorageContainerDatanodeProtocolClientSideTranslatorPB.sendHeartbeat(StorageContainerDatanodeProtocolClientSideTranslatorPB.java:149)
        at org.apache.hadoop.ozone.container.common.states.endpoint.HeartbeatEndpointTask.call(HeartbeatEndpointTask.java:185)
        at org.apache.hadoop.ozone.container.common.states.endpoint.HeartbeatEndpointTask.call(HeartbeatEndpointTask.java:87)
        at java.util.concurrent.FutureTask.run(FutureTask.java:266)
        at java.util.concurrent.ThreadPoolExecutor.runWorker(ThreadPoolExecutor.java:1149)
        at java.util.concurrent.ThreadPoolExecutor$Worker.run(ThreadPoolExecutor.java:624)
        at java.lang.Thread.run(Thread.java:750)
"process reaper" daemon prio=10 tid=13 timed_waiting
java.lang.Thread.State: TIMED_WAITING
        at sun.misc.Unsafe.park(Native Method)
        at java.util.concurrent.locks.LockSupport.parkNanos(LockSupport.java:215)
        at java.util.concurrent.SynchronousQueue$TransferStack.awaitFulfill(SynchronousQueue.java:460)
        at java.util.concurrent.SynchronousQueue$TransferStack.transfer(SynchronousQueue.java:362)
        at java.util.concurrent.SynchronousQueue.poll(SynchronousQueue.java:941)
        at java.util.concurrent.ThreadPoolExecutor.getTask(ThreadPoolExecutor.java:1073)
        at java.util.concurrent.ThreadPoolExecutor.runWorker(ThreadPoolExecutor.java:1134)
        at java.util.concurrent.ThreadPoolExecutor$Worker.run(ThreadPoolExecutor.java:624)
        at java.lang.Thread.run(Thread.java:750)


	at org.apache.ozone.test.GenericTestUtils.waitFor(GenericTestUtils.java:224)
	at org.apache.hadoop.ozone.parser.TestOzoneHARatisLogParser.testRatisLogParsing(TestOzoneHARatisLogParser.java:129)
	at sun.reflect.NativeMethodAccessorImpl.invoke0(Native Method)
	at sun.reflect.NativeMethodAccessorImpl.invoke(NativeMethodAccessorImpl.java:62)
	at sun.reflect.DelegatingMethodAccessorImpl.invoke(DelegatingMethodAccessorImpl.java:43)
	at java.lang.reflect.Method.invoke(Method.java:498)
	at org.junit.runners.model.FrameworkMethod$1.runReflectiveCall(FrameworkMethod.java:59)
	at org.junit.internal.runners.model.ReflectiveCallable.run(ReflectiveCallable.java:12)
	at org.junit.runners.model.FrameworkMethod.invokeExplosively(FrameworkMethod.java:56)
	at org.junit.internal.runners.statements.InvokeMethod.evaluate(InvokeMethod.java:17)
	at org.junit.internal.runners.statements.RunBefores.evaluate(RunBefores.java:26)
	at org.junit.internal.runners.statements.RunAfters.evaluate(RunAfters.java:27)
	at org.junit.internal.runners.statements.FailOnTimeout$CallableStatement.call(FailOnTimeout.java:288)
	at org.junit.internal.runners.statements.FailOnTimeout$CallableStatement.call(FailOnTimeout.java:282)
	at java.util.concurrent.FutureTask.run(FutureTask.java:266)
	at java.lang.Thread.run(Thread.java:750)
]]></error>
    <system-out><![CDATA[2022-11-09 16:18:42,347 [Time-limited test] WARN  server.ServerUtils (ServerUtils.java:getScmDbDir(148)) - ozone.scm.db.dirs is not configured. We recommend adding this setting. Falling back to ozone.metadata.dirs instead.
2022-11-09 16:18:42,382 [Time-limited test] INFO  ha.SCMHANodeDetails (SCMHANodeDetails.java:loadSCMHAConfig(209)) - ServiceID for StorageContainerManager is scmServiceId
2022-11-09 16:18:42,392 [Time-limited test] INFO  ha.SCMHANodeDetails (SCMHANodeDetails.java:loadSCMHAConfig(220)) - ServiceID for StorageContainerManager is scmServiceId
2022-11-09 16:18:42,471 [Time-limited test] WARN  scm.ScmUtils (ScmUtils.java:logWarn(190)) - ConfigKey ozone.scm.block.client.address is deprecated, For configuring different ports for each SCM use PortConfigKey ozone.scm.block.client.port appended with serviceId and nodeId. If want to configure same port configure ozone.scm.block.client.port
2022-11-09 16:18:42,472 [Time-limited test] WARN  scm.ScmUtils (ScmUtils.java:logWarn(190)) - ConfigKey ozone.scm.client.address is deprecated, For configuring different ports for each SCM use PortConfigKey ozone.scm.client.port appended with serviceId and nodeId. If want to configure same port configure ozone.scm.client.port
2022-11-09 16:18:42,472 [Time-limited test] WARN  scm.ScmUtils (ScmUtils.java:logWarn(190)) - ConfigKey ozone.scm.datanode.address is deprecated, For configuring different ports for each SCM use PortConfigKey ozone.scm.datanode.port appended with serviceId and nodeId. If want to configure same port configure ozone.scm.datanode.port
2022-11-09 16:18:42,475 [Time-limited test] WARN  scm.ScmUtils (ScmUtils.java:logWarn(190)) - ConfigKey ozone.scm.block.client.address is deprecated, For configuring different ports for each SCM use PortConfigKey ozone.scm.block.client.port appended with serviceId and nodeId. If want to configure same port configure ozone.scm.block.client.port
2022-11-09 16:18:42,476 [Time-limited test] WARN  scm.ScmUtils (ScmUtils.java:logWarn(190)) - ConfigKey ozone.scm.client.address is deprecated, For configuring different ports for each SCM use PortConfigKey ozone.scm.client.port appended with serviceId and nodeId. If want to configure same port configure ozone.scm.client.port
2022-11-09 16:18:42,476 [Time-limited test] WARN  scm.ScmUtils (ScmUtils.java:logWarn(190)) - ConfigKey ozone.scm.datanode.address is deprecated, For configuring different ports for each SCM use PortConfigKey ozone.scm.datanode.port appended with serviceId and nodeId. If want to configure same port configure ozone.scm.datanode.port
2022-11-09 16:18:42,476 [Time-limited test] INFO  ha.SCMHANodeDetails (SCMHANodeDetails.java:loadSCMHAConfig(307)) - Found matching SCM address with SCMServiceId: scmServiceId, SCMNodeId: scmNode-1, RPC Address: localhost:44325 and Ratis port: 44325
2022-11-09 16:18:42,477 [Time-limited test] INFO  ha.SCMHANodeDetails (ConfUtils.java:setNodeSpecificConfigs(97)) - Setting configuration key ozone.scm.datanode.address with value of key ozone.scm.datanode.address.scmServiceId.scmNode-1: 127.0.0.1:44989
2022-11-09 16:18:42,477 [Time-limited test] INFO  ha.SCMHANodeDetails (ConfUtils.java:setNodeSpecificConfigs(97)) - Setting configuration key ozone.scm.block.client.address with value of key ozone.scm.block.client.address.scmServiceId.scmNode-1: 127.0.0.1:46207
2022-11-09 16:18:42,477 [Time-limited test] INFO  ha.SCMHANodeDetails (ConfUtils.java:setNodeSpecificConfigs(97)) - Setting configuration key ozone.scm.client.address with value of key ozone.scm.client.address.scmServiceId.scmNode-1: 127.0.0.1:44125
2022-11-09 16:18:42,478 [Time-limited test] INFO  ha.SCMHANodeDetails (ConfUtils.java:setNodeSpecificConfigs(97)) - Setting configuration key ozone.scm.ratis.port with value of key ozone.scm.ratis.port.scmServiceId.scmNode-1: 44325
2022-11-09 16:18:42,479 [Time-limited test] INFO  ha.SCMHANodeDetails (ConfUtils.java:setNodeSpecificConfigs(97)) - Setting configuration key ozone.scm.grpc.port with value of key ozone.scm.grpc.port.scmServiceId.scmNode-1: 41535
2022-11-09 16:18:42,479 [Time-limited test] INFO  ha.SCMHANodeDetails (ConfUtils.java:setNodeSpecificConfigs(97)) - Setting configuration key ozone.scm.http-address with value of key ozone.scm.http-address.scmServiceId.scmNode-1: 127.0.0.1:36353
2022-11-09 16:18:42,479 [Time-limited test] INFO  ha.SCMHANodeDetails (ConfUtils.java:setNodeSpecificConfigs(97)) - Setting configuration key ozone.scm.https-address with value of key ozone.scm.https-address.scmServiceId.scmNode-1: 127.0.0.1:44713
2022-11-09 16:18:42,479 [Time-limited test] INFO  ha.SCMHANodeDetails (ConfUtils.java:setNodeSpecificConfigs(97)) - Setting configuration key ozone.scm.address with value of key ozone.scm.address.scmServiceId.scmNode-1: 127.0.0.1
2022-11-09 16:18:42,480 [Time-limited test] WARN  scm.ScmUtils (ScmUtils.java:logWarn(190)) - ConfigKey ozone.scm.block.client.address is deprecated, For configuring different ports for each SCM use PortConfigKey ozone.scm.block.client.port appended with serviceId and nodeId. If want to configure same port configure ozone.scm.block.client.port
2022-11-09 16:18:42,480 [Time-limited test] WARN  scm.ScmUtils (ScmUtils.java:logWarn(190)) - ConfigKey ozone.scm.client.address is deprecated, For configuring different ports for each SCM use PortConfigKey ozone.scm.client.port appended with serviceId and nodeId. If want to configure same port configure ozone.scm.client.port
2022-11-09 16:18:42,481 [Time-limited test] WARN  scm.ScmUtils (ScmUtils.java:logWarn(190)) - ConfigKey ozone.scm.datanode.address is deprecated, For configuring different ports for each SCM use PortConfigKey ozone.scm.datanode.port appended with serviceId and nodeId. If want to configure same port configure ozone.scm.datanode.port
2022-11-09 16:18:42,586 [Time-limited test] INFO  server.RaftServer (ConfUtils.java:logGet(46)) - raft.rpc.type = GRPC (default)
2022-11-09 16:18:42,686 [Time-limited test] INFO  grpc.GrpcConfigKeys (ConfUtils.java:logFallback(53)) - raft.grpc.admin.host = null (fallback to raft.grpc.server.host)
2022-11-09 16:18:42,688 [Time-limited test] INFO  grpc.GrpcConfigKeys (ConfUtils.java:logFallback(53)) - raft.grpc.admin.port = 44325 (fallback to raft.grpc.server.port)
2022-11-09 16:18:42,689 [Time-limited test] INFO  grpc.GrpcConfigKeys (ConfUtils.java:logFallback(53)) - raft.grpc.client.host = null (fallback to raft.grpc.server.host)
2022-11-09 16:18:42,689 [Time-limited test] INFO  grpc.GrpcConfigKeys (ConfUtils.java:logFallback(53)) - raft.grpc.client.port = 44325 (fallback to raft.grpc.server.port)
2022-11-09 16:18:42,690 [Time-limited test] INFO  grpc.GrpcConfigKeys (ConfUtils.java:logGet(46)) - raft.grpc.server.host = null (default)
2022-11-09 16:18:42,690 [Time-limited test] INFO  grpc.GrpcConfigKeys (ConfUtils.java:logGet(46)) - raft.grpc.server.port = 44325 (custom)
2022-11-09 16:18:42,691 [Time-limited test] INFO  server.GrpcService (ConfUtils.java:logGet(46)) - raft.grpc.message.size.max = 32m (=33554432) (custom)
2022-11-09 16:18:42,693 [Time-limited test] INFO  server.RaftServerConfigKeys (ConfUtils.java:logGet(46)) - raft.server.log.appender.buffer.byte-limit = 33554432 (custom)
2022-11-09 16:18:42,694 [Time-limited test] INFO  server.GrpcService (ConfUtils.java:logGet(46)) - raft.grpc.flow.control.window = 1MB (=1048576) (default)
2022-11-09 16:18:42,695 [Time-limited test] INFO  server.RaftServerConfigKeys (ConfUtils.java:logGet(46)) - raft.server.rpc.request.timeout = 30000ms (custom)
2022-11-09 16:18:42,718 [Time-limited test] INFO  grpc.GrpcConfigKeys (ConfUtils.java:logGet(46)) - raft.grpc.server.heartbeat.channel = true (default)
2022-11-09 16:18:42,725 [Time-limited test] INFO  grpc.GrpcConfigKeys (ConfUtils.java:logGet(46)) - raft.grpc.server.async.request.thread.pool.cached = true (default)
2022-11-09 16:18:42,725 [Time-limited test] INFO  grpc.GrpcConfigKeys (ConfUtils.java:logGet(46)) - raft.grpc.server.async.request.thread.pool.size = 32 (default)
2022-11-09 16:18:43,058 [Time-limited test] INFO  impl.DataStreamServerImpl (ConfUtils.java:logGet(46)) - raft.datastream.type = DISABLED (default)
2022-11-09 16:18:43,061 [Time-limited test] INFO  server.RaftServerConfigKeys (ConfUtils.java:logGet(46)) - raft.server.threadpool.proxy.cached = true (default)
2022-11-09 16:18:43,062 [Time-limited test] INFO  server.RaftServerConfigKeys (ConfUtils.java:logGet(46)) - raft.server.threadpool.proxy.size = 0 (default)
2022-11-09 16:18:43,062 [Time-limited test] INFO  server.RaftServerConfigKeys (ConfUtils.java:logGet(46)) - raft.server.rpc.slowness.timeout = 120000ms (custom)
2022-11-09 16:18:43,062 [Time-limited test] INFO  server.RaftServerConfigKeys (ConfUtils.java:logGet(46)) - raft.server.leaderelection.leader.step-down.wait-time = 10s (default)
2022-11-09 16:18:43,065 [Time-limited test] INFO  server.RaftServerConfigKeys (ConfUtils.java:logGet(46)) - raft.server.storage.dir = [/home/runner/work/ozone/ozone/hadoop-ozone/integration-test/target/test-dir/MiniOzoneClusterImpl-5b74f3a4-74d7-4700-a005-fabb0032522b/scmNode-1/scm-ha] (custom)
2022-11-09 16:18:43,075 [Time-limited test] INFO  server.RaftServer (RaftServerProxy.java:addNew(96)) - b72141cc-d5cc-4373-b066-0e22769f6f76: addNew group-FABB0032522B:[b72141cc-d5cc-4373-b066-0e22769f6f76|rpc:localhost:44325|priority:0|startupRole:FOLLOWER] returns group-FABB0032522B:java.util.concurrent.CompletableFuture@292c6b3a[Not completed]
2022-11-09 16:18:43,095 [pool-2-thread-1] INFO  server.RaftServer$Division (RaftServerImpl.java:<init>(195)) - b72141cc-d5cc-4373-b066-0e22769f6f76: new RaftServerImpl for group-FABB0032522B:[b72141cc-d5cc-4373-b066-0e22769f6f76|rpc:localhost:44325|priority:0|startupRole:FOLLOWER] with SCMStateMachine:uninitialized
2022-11-09 16:18:43,097 [pool-2-thread-1] INFO  server.RaftServerConfigKeys (ConfUtils.java:logGet(46)) - raft.server.rpc.timeout.min = 5000ms (custom)
2022-11-09 16:18:43,097 [pool-2-thread-1] INFO  server.RaftServerConfigKeys (ConfUtils.java:logGet(46)) - raft.server.rpc.timeout.max = 5200ms (custom)
2022-11-09 16:18:43,097 [pool-2-thread-1] INFO  server.RaftServerConfigKeys (ConfUtils.java:logGet(46)) - raft.server.rpc.sleep.time = 25ms (default)
2022-11-09 16:18:43,098 [pool-2-thread-1] INFO  server.RaftServerConfigKeys (ConfUtils.java:logGet(46)) - raft.server.rpc.slowness.timeout = 120000ms (custom)
2022-11-09 16:18:43,098 [pool-2-thread-1] INFO  server.RaftServerConfigKeys (ConfUtils.java:logGet(46)) - raft.server.leaderelection.leader.step-down.wait-time = 10s (default)
2022-11-09 16:18:43,098 [pool-2-thread-1] INFO  server.RaftServerConfigKeys (ConfUtils.java:logGet(46)) - raft.server.sleep.deviation.threshold = 300ms (default)
2022-11-09 16:18:43,105 [pool-2-thread-1] INFO  server.RaftServer$Division (ServerState.java:<init>(118)) - b72141cc-d5cc-4373-b066-0e22769f6f76@group-FABB0032522B: ConfigurationManager, init=-1: peers:[b72141cc-d5cc-4373-b066-0e22769f6f76|rpc:localhost:44325|priority:0|startupRole:FOLLOWER]|listeners:[], old=null, confs=<EMPTY_MAP>
2022-11-09 16:18:43,105 [pool-2-thread-1] INFO  server.RaftServerConfigKeys (ConfUtils.java:logGet(46)) - raft.server.storage.dir = [/home/runner/work/ozone/ozone/hadoop-ozone/integration-test/target/test-dir/MiniOzoneClusterImpl-5b74f3a4-74d7-4700-a005-fabb0032522b/scmNode-1/scm-ha] (custom)
2022-11-09 16:18:43,110 [pool-2-thread-1] INFO  server.RaftServerConfigKeys (ConfUtils.java:logGet(46)) - raft.server.log.corruption.policy = EXCEPTION (default)
2022-11-09 16:18:43,110 [pool-2-thread-1] INFO  server.RaftServerConfigKeys (ConfUtils.java:logGet(46)) - raft.server.storage.free-space.min = 0MB (=0) (default)
2022-11-09 16:18:43,117 [pool-2-thread-1] INFO  server.RaftServerConfigKeys (ConfUtils.java:logGet(46)) - raft.server.notification.no-leader.timeout = 60s (default)
2022-11-09 16:18:43,119 [pool-2-thread-1] INFO  server.RaftServerConfigKeys (ConfUtils.java:logGet(46)) - raft.server.retrycache.expirytime = 60000ms (default)
2022-11-09 16:18:43,119 [pool-2-thread-1] INFO  server.RaftServerConfigKeys (ConfUtils.java:logGet(46)) - raft.server.retrycache.statistics.expirytime = 100μs (default)
2022-11-09 16:18:43,171 [pool-2-thread-1] INFO  metrics.MetricRegistries (MetricRegistriesLoader.java:load(64)) - Loaded MetricRegistries class org.apache.ratis.metrics.impl.MetricRegistriesImpl
2022-11-09 16:18:43,258 [pool-2-thread-1] INFO  server.RaftServerConfigKeys (ConfUtils.java:logGet(46)) - raft.server.log.appender.install.snapshot.enabled = false (custom)
2022-11-09 16:18:43,259 [pool-2-thread-1] INFO  server.RaftServerConfigKeys (ConfUtils.java:logGet(46)) - raft.server.threadpool.server.cached = true (default)
2022-11-09 16:18:43,260 [pool-2-thread-1] INFO  server.RaftServerConfigKeys (ConfUtils.java:logGet(46)) - raft.server.threadpool.server.size = 0 (default)
2022-11-09 16:18:43,260 [pool-2-thread-1] INFO  server.RaftServerConfigKeys (ConfUtils.java:logGet(46)) - raft.server.threadpool.client.cached = true (default)
2022-11-09 16:18:43,261 [pool-2-thread-1] INFO  server.RaftServerConfigKeys (ConfUtils.java:logGet(46)) - raft.server.threadpool.client.size = 0 (default)
2022-11-09 16:18:43,261 [b72141cc-d5cc-4373-b066-0e22769f6f76-impl-thread1] INFO  storage.RaftStorageDirectory (RaftStorageDirectoryImpl.java:analyzeStorage(137)) - The storage directory /home/runner/work/ozone/ozone/hadoop-ozone/integration-test/target/test-dir/MiniOzoneClusterImpl-5b74f3a4-74d7-4700-a005-fabb0032522b/scmNode-1/scm-ha/5b74f3a4-74d7-4700-a005-fabb0032522b does not exist. Creating ...
2022-11-09 16:18:43,266 [b72141cc-d5cc-4373-b066-0e22769f6f76-impl-thread1] INFO  storage.RaftStorageDirectory (RaftStorageDirectoryImpl.java:tryLock(231)) - Lock on /home/runner/work/ozone/ozone/hadoop-ozone/integration-test/target/test-dir/MiniOzoneClusterImpl-5b74f3a4-74d7-4700-a005-fabb0032522b/scmNode-1/scm-ha/5b74f3a4-74d7-4700-a005-fabb0032522b/in_use.lock acquired by nodename 3584@fv-az91-492
2022-11-09 16:18:43,272 [b72141cc-d5cc-4373-b066-0e22769f6f76-impl-thread1] INFO  storage.RaftStorage (RaftStorageImpl.java:format(96)) - Storage directory /home/runner/work/ozone/ozone/hadoop-ozone/integration-test/target/test-dir/MiniOzoneClusterImpl-5b74f3a4-74d7-4700-a005-fabb0032522b/scmNode-1/scm-ha/5b74f3a4-74d7-4700-a005-fabb0032522b has been successfully formatted.
2022-11-09 16:18:43,275 [b72141cc-d5cc-4373-b066-0e22769f6f76-impl-thread1] INFO  server.RaftServerConfigKeys (ConfUtils.java:logGet(46)) - raft.server.log.use.memory = false (default)
2022-11-09 16:18:43,284 [b72141cc-d5cc-4373-b066-0e22769f6f76-impl-thread1] INFO  server.RaftServerConfigKeys (ConfUtils.java:logGet(46)) - raft.server.log.purge.gap = 1000000 (custom)
2022-11-09 16:18:43,284 [b72141cc-d5cc-4373-b066-0e22769f6f76-impl-thread1] INFO  server.RaftServerConfigKeys (ConfUtils.java:logGet(46)) - raft.server.log.appender.buffer.byte-limit = 33554432 (custom)
2022-11-09 16:18:43,287 [b72141cc-d5cc-4373-b066-0e22769f6f76-impl-thread1] INFO  server.RaftServerConfigKeys (ConfUtils.java:logGet(46)) - raft.server.log.statemachine.data.read.timeout = 1000ms (default)
2022-11-09 16:18:43,288 [b72141cc-d5cc-4373-b066-0e22769f6f76-impl-thread1] INFO  server.RaftServerConfigKeys (ConfUtils.java:logGet(46)) - raft.server.log.purge.preservation.log.num = 0 (default)
2022-11-09 16:18:43,291 [b72141cc-d5cc-4373-b066-0e22769f6f76-impl-thread1] INFO  server.RaftServerConfigKeys (ConfUtils.java:logGet(46)) - raft.server.log.segment.size.max = 4194304 (custom)
2022-11-09 16:18:43,296 [b72141cc-d5cc-4373-b066-0e22769f6f76-impl-thread1] INFO  server.RaftServerConfigKeys (ConfUtils.java:logGet(46)) - raft.server.log.segment.cache.num.max = 2 (custom)
2022-11-09 16:18:43,297 [b72141cc-d5cc-4373-b066-0e22769f6f76-impl-thread1] INFO  server.RaftServerConfigKeys (ConfUtils.java:logGet(46)) - raft.server.log.segment.cache.size.max = 200MB (=209715200) (default)
2022-11-09 16:18:43,304 [b72141cc-d5cc-4373-b066-0e22769f6f76-impl-thread1] INFO  segmented.SegmentedRaftLogWorker (SegmentedRaftLogWorker.java:<init>(191)) - new b72141cc-d5cc-4373-b066-0e22769f6f76@group-FABB0032522B-SegmentedRaftLogWorker for RaftStorageImpl:Storage Directory /home/runner/work/ozone/ozone/hadoop-ozone/integration-test/target/test-dir/MiniOzoneClusterImpl-5b74f3a4-74d7-4700-a005-fabb0032522b/scmNode-1/scm-ha/5b74f3a4-74d7-4700-a005-fabb0032522b
2022-11-09 16:18:43,304 [b72141cc-d5cc-4373-b066-0e22769f6f76-impl-thread1] INFO  server.RaftServerConfigKeys (ConfUtils.java:logGet(46)) - raft.server.log.queue.byte-limit = 64MB (=67108864) (default)
2022-11-09 16:18:43,305 [b72141cc-d5cc-4373-b066-0e22769f6f76-impl-thread1] INFO  server.RaftServerConfigKeys (ConfUtils.java:logGet(46)) - raft.server.log.queue.element-limit = 4096 (default)
2022-11-09 16:18:43,307 [b72141cc-d5cc-4373-b066-0e22769f6f76-impl-thread1] INFO  server.RaftServerConfigKeys (ConfUtils.java:logGet(46)) - raft.server.log.segment.size.max = 4194304 (custom)
2022-11-09 16:18:43,307 [b72141cc-d5cc-4373-b066-0e22769f6f76-impl-thread1] INFO  server.RaftServerConfigKeys (ConfUtils.java:logGet(46)) - raft.server.log.preallocated.size = 4194304 (custom)
2022-11-09 16:18:43,308 [b72141cc-d5cc-4373-b066-0e22769f6f76-impl-thread1] INFO  server.RaftServerConfigKeys (ConfUtils.java:logGet(46)) - raft.server.log.force.sync.num = 128 (default)
2022-11-09 16:18:43,309 [b72141cc-d5cc-4373-b066-0e22769f6f76-impl-thread1] INFO  server.RaftServerConfigKeys (ConfUtils.java:logGet(46)) - raft.server.log.statemachine.data.sync = true (default)
2022-11-09 16:18:43,309 [b72141cc-d5cc-4373-b066-0e22769f6f76-impl-thread1] INFO  server.RaftServerConfigKeys (ConfUtils.java:logGet(46)) - raft.server.log.statemachine.data.sync.timeout = 10s (default)
2022-11-09 16:18:43,310 [b72141cc-d5cc-4373-b066-0e22769f6f76-impl-thread1] INFO  server.RaftServerConfigKeys (ConfUtils.java:logGet(46)) - raft.server.log.statemachine.data.sync.timeout.retry = -1 (default)
2022-11-09 16:18:43,322 [b72141cc-d5cc-4373-b066-0e22769f6f76-impl-thread1] INFO  server.RaftServerConfigKeys (ConfUtils.java:logGet(46)) - raft.server.log.write.buffer.size = 64KB (=65536) (default)
2022-11-09 16:18:43,323 [b72141cc-d5cc-4373-b066-0e22769f6f76-impl-thread1] INFO  server.RaftServerConfigKeys (ConfUtils.java:logGet(46)) - raft.server.log.unsafe-flush.enabled = false (default)
2022-11-09 16:18:43,324 [b72141cc-d5cc-4373-b066-0e22769f6f76-impl-thread1] INFO  server.RaftServerConfigKeys (ConfUtils.java:logGet(46)) - raft.server.log.async-flush.enabled = false (default)
2022-11-09 16:18:43,324 [b72141cc-d5cc-4373-b066-0e22769f6f76-impl-thread1] INFO  server.RaftServerConfigKeys (ConfUtils.java:logGet(46)) - raft.server.log.statemachine.data.caching.enabled = false (default)
2022-11-09 16:18:43,334 [b72141cc-d5cc-4373-b066-0e22769f6f76-impl-thread1] INFO  segmented.SegmentedRaftLogWorker (SegmentedRaftLogWorker.java:lambda$new$0(136)) - b72141cc-d5cc-4373-b066-0e22769f6f76@group-FABB0032522B-SegmentedRaftLogWorker: flushIndex: setUnconditionally 0 -> -1
2022-11-09 16:18:43,335 [b72141cc-d5cc-4373-b066-0e22769f6f76-impl-thread1] INFO  segmented.SegmentedRaftLogWorker (SegmentedRaftLogWorker.java:lambda$new$0(136)) - b72141cc-d5cc-4373-b066-0e22769f6f76@group-FABB0032522B-SegmentedRaftLogWorker: safeCacheEvictIndex: setUnconditionally 0 -> -1
2022-11-09 16:18:43,336 [b72141cc-d5cc-4373-b066-0e22769f6f76-impl-thread1] INFO  server.RaftServer$Division (RaftServerImpl.java:start(334)) - b72141cc-d5cc-4373-b066-0e22769f6f76@group-FABB0032522B: start as a follower, conf=-1: peers:[b72141cc-d5cc-4373-b066-0e22769f6f76|rpc:localhost:44325|priority:0|startupRole:FOLLOWER]|listeners:[], old=null
2022-11-09 16:18:43,336 [b72141cc-d5cc-4373-b066-0e22769f6f76-impl-thread1] INFO  server.RaftServer$Division (RaftServerImpl.java:setRole(321)) - b72141cc-d5cc-4373-b066-0e22769f6f76@group-FABB0032522B: changes role from      null to FOLLOWER at term 0 for startAsFollower
2022-11-09 16:18:43,338 [b72141cc-d5cc-4373-b066-0e22769f6f76-impl-thread1] INFO  impl.RoleInfo (RoleInfo.java:updateAndGet(139)) - b72141cc-d5cc-4373-b066-0e22769f6f76: start b72141cc-d5cc-4373-b066-0e22769f6f76@group-FABB0032522B-FollowerState
2022-11-09 16:18:43,345 [b72141cc-d5cc-4373-b066-0e22769f6f76-impl-thread1] INFO  util.JmxRegister (JmxRegister.java:tryRegister(44)) - Successfully registered JMX Bean with object name Ratis:service=RaftServer,group=group-FABB0032522B,id=b72141cc-d5cc-4373-b066-0e22769f6f76
2022-11-09 16:18:43,347 [b72141cc-d5cc-4373-b066-0e22769f6f76-impl-thread1] INFO  server.RaftServerConfigKeys (ConfUtils.java:logGet(46)) - raft.server.snapshot.auto.trigger.enabled = true (custom)
2022-11-09 16:18:43,347 [b72141cc-d5cc-4373-b066-0e22769f6f76-impl-thread1] INFO  server.RaftServerConfigKeys (ConfUtils.java:logGet(46)) - raft.server.snapshot.auto.trigger.threshold = 1000 (custom)
2022-11-09 16:18:43,350 [b72141cc-d5cc-4373-b066-0e22769f6f76@group-FABB0032522B-FollowerState] INFO  server.RaftServerConfigKeys (ConfUtils.java:logFallback(53)) - raft.server.rpc.first-election.timeout.min = 5000ms (fallback to raft.server.rpc.timeout.min)
2022-11-09 16:18:43,350 [b72141cc-d5cc-4373-b066-0e22769f6f76@group-FABB0032522B-FollowerState] INFO  server.RaftServerConfigKeys (ConfUtils.java:logFallback(53)) - raft.server.rpc.first-election.timeout.max = 5200ms (fallback to raft.server.rpc.timeout.max)
2022-11-09 16:18:43,351 [b72141cc-d5cc-4373-b066-0e22769f6f76-impl-thread1] INFO  server.RaftServerConfigKeys (ConfUtils.java:logGet(46)) - raft.server.snapshot.retention.file.num = -1 (default)
2022-11-09 16:18:43,352 [b72141cc-d5cc-4373-b066-0e22769f6f76-impl-thread1] INFO  server.RaftServerConfigKeys (ConfUtils.java:logGet(46)) - raft.server.log.purge.upto.snapshot.index = false (default)
2022-11-09 16:18:43,355 [Time-limited test] INFO  server.RaftServer (RaftServerProxy.java:startImpl(393)) - b72141cc-d5cc-4373-b066-0e22769f6f76: start RPC server
2022-11-09 16:18:43,427 [Time-limited test] INFO  server.GrpcService (GrpcService.java:startImpl(270)) - b72141cc-d5cc-4373-b066-0e22769f6f76: GrpcService started, listening on 44325
2022-11-09 16:18:43,429 [JvmPauseMonitor0] INFO  util.JvmPauseMonitor (JvmPauseMonitor.java:run(105)) - JvmPauseMonitor-b72141cc-d5cc-4373-b066-0e22769f6f76: Started
2022-11-09 16:18:48,428 [b72141cc-d5cc-4373-b066-0e22769f6f76@group-FABB0032522B-FollowerState] INFO  impl.FollowerState (FollowerState.java:run(143)) - b72141cc-d5cc-4373-b066-0e22769f6f76@group-FABB0032522B-FollowerState: change to CANDIDATE, lastRpcElapsedTime:5089542284ns, electionTimeout:5076ms
2022-11-09 16:18:48,429 [b72141cc-d5cc-4373-b066-0e22769f6f76@group-FABB0032522B-FollowerState] INFO  impl.RoleInfo (RoleInfo.java:shutdownFollowerState(110)) - b72141cc-d5cc-4373-b066-0e22769f6f76: shutdown b72141cc-d5cc-4373-b066-0e22769f6f76@group-FABB0032522B-FollowerState
2022-11-09 16:18:48,430 [b72141cc-d5cc-4373-b066-0e22769f6f76@group-FABB0032522B-FollowerState] INFO  server.RaftServer$Division (RaftServerImpl.java:setRole(321)) - b72141cc-d5cc-4373-b066-0e22769f6f76@group-FABB0032522B: changes role from  FOLLOWER to CANDIDATE at term 0 for changeToCandidate
2022-11-09 16:18:48,432 [b72141cc-d5cc-4373-b066-0e22769f6f76@group-FABB0032522B-FollowerState] INFO  server.RaftServerConfigKeys (ConfUtils.java:logGet(46)) - raft.server.leaderelection.pre-vote = false (custom)
2022-11-09 16:18:48,432 [b72141cc-d5cc-4373-b066-0e22769f6f76@group-FABB0032522B-FollowerState] INFO  impl.RoleInfo (RoleInfo.java:updateAndGet(139)) - b72141cc-d5cc-4373-b066-0e22769f6f76: start b72141cc-d5cc-4373-b066-0e22769f6f76@group-FABB0032522B-LeaderElection1
2022-11-09 16:18:48,436 [b72141cc-d5cc-4373-b066-0e22769f6f76@group-FABB0032522B-LeaderElection1] INFO  impl.LeaderElection (LeaderElection.java:askForVotes(312)) - b72141cc-d5cc-4373-b066-0e22769f6f76@group-FABB0032522B-LeaderElection1 ELECTION round 0: submit vote requests at term 1 for -1: peers:[b72141cc-d5cc-4373-b066-0e22769f6f76|rpc:localhost:44325|priority:0|startupRole:FOLLOWER]|listeners:[], old=null
2022-11-09 16:18:48,437 [b72141cc-d5cc-4373-b066-0e22769f6f76@group-FABB0032522B-LeaderElection1] INFO  impl.LeaderElection (LeaderElection.java:askForVotes(314)) - b72141cc-d5cc-4373-b066-0e22769f6f76@group-FABB0032522B-LeaderElection1 ELECTION round 0: result PASSED (term=1)
2022-11-09 16:18:48,438 [b72141cc-d5cc-4373-b066-0e22769f6f76@group-FABB0032522B-LeaderElection1] INFO  impl.RoleInfo (RoleInfo.java:shutdownLeaderElection(130)) - b72141cc-d5cc-4373-b066-0e22769f6f76: shutdown b72141cc-d5cc-4373-b066-0e22769f6f76@group-FABB0032522B-LeaderElection1
2022-11-09 16:18:48,438 [b72141cc-d5cc-4373-b066-0e22769f6f76@group-FABB0032522B-LeaderElection1] INFO  server.RaftServer$Division (RaftServerImpl.java:setRole(321)) - b72141cc-d5cc-4373-b066-0e22769f6f76@group-FABB0032522B: changes role from CANDIDATE to LEADER at term 1 for changeToLeader
2022-11-09 16:18:48,439 [b72141cc-d5cc-4373-b066-0e22769f6f76@group-FABB0032522B-LeaderElection1] INFO  server.RaftServer$Division (ServerState.java:setLeader(313)) - b72141cc-d5cc-4373-b066-0e22769f6f76@group-FABB0032522B: change Leader from null to b72141cc-d5cc-4373-b066-0e22769f6f76 at term 1 for becomeLeader, leader elected after 5322ms
2022-11-09 16:18:48,444 [b72141cc-d5cc-4373-b066-0e22769f6f76@group-FABB0032522B-LeaderElection1] INFO  server.RaftServerConfigKeys (ConfUtils.java:logGet(46)) - raft.server.staging.catchup.gap = 1000 (default)
2022-11-09 16:18:48,449 [b72141cc-d5cc-4373-b066-0e22769f6f76@group-FABB0032522B-LeaderElection1] INFO  server.RaftServerConfigKeys (ConfUtils.java:logGet(46)) - raft.server.write.element-limit = 4096 (default)
2022-11-09 16:18:48,449 [b72141cc-d5cc-4373-b066-0e22769f6f76@group-FABB0032522B-LeaderElection1] INFO  server.RaftServerConfigKeys (ConfUtils.java:logGet(46)) - raft.server.write.byte-limit = 64MB (=67108864) (default)
2022-11-09 16:18:48,458 [b72141cc-d5cc-4373-b066-0e22769f6f76@group-FABB0032522B-LeaderElection1] INFO  server.RaftServerConfigKeys (ConfUtils.java:logGet(46)) - raft.server.watch.timeout = 10s (default)
2022-11-09 16:18:48,458 [b72141cc-d5cc-4373-b066-0e22769f6f76@group-FABB0032522B-LeaderElection1] INFO  server.RaftServerConfigKeys (ConfUtils.java:logGet(46)) - raft.server.watch.timeout.denomination = 1s (default)
2022-11-09 16:18:48,459 [b72141cc-d5cc-4373-b066-0e22769f6f76@group-FABB0032522B-LeaderElection1] INFO  server.RaftServerConfigKeys (ConfUtils.java:logGet(46)) - raft.server.watch.element-limit = 65536 (default)
2022-11-09 16:18:48,464 [b72141cc-d5cc-4373-b066-0e22769f6f76@group-FABB0032522B-LeaderElection1] INFO  server.RaftServerConfigKeys (ConfUtils.java:logGet(46)) - raft.server.write.element-limit = 4096 (default)
2022-11-09 16:18:48,465 [b72141cc-d5cc-4373-b066-0e22769f6f76@group-FABB0032522B-LeaderElection1] INFO  server.RaftServerConfigKeys (ConfUtils.java:logGet(46)) - raft.server.write.follower.gap.ratio.max = -1.0 (default)
2022-11-09 16:18:48,468 [b72141cc-d5cc-4373-b066-0e22769f6f76@group-FABB0032522B-LeaderElection1] INFO  impl.RoleInfo (RoleInfo.java:updateAndGet(139)) - b72141cc-d5cc-4373-b066-0e22769f6f76: start b72141cc-d5cc-4373-b066-0e22769f6f76@group-FABB0032522B-LeaderStateImpl
2022-11-09 16:18:48,492 [b72141cc-d5cc-4373-b066-0e22769f6f76@group-FABB0032522B-LeaderElection1] INFO  segmented.SegmentedRaftLogWorker (SegmentedRaftLogWorker.java:startLogSegment(452)) - b72141cc-d5cc-4373-b066-0e22769f6f76@group-FABB0032522B-SegmentedRaftLogWorker: Starting segment from index:0
2022-11-09 16:18:48,542 [b72141cc-d5cc-4373-b066-0e22769f6f76@group-FABB0032522B-LeaderElection1] INFO  server.RaftServer$Division (ServerState.java:setRaftConf(430)) - b72141cc-d5cc-4373-b066-0e22769f6f76@group-FABB0032522B: set configuration 0: peers:[b72141cc-d5cc-4373-b066-0e22769f6f76|rpc:localhost:44325|admin:|client:|dataStream:|priority:0|startupRole:FOLLOWER]|listeners:[], old=null
2022-11-09 16:18:48,586 [b72141cc-d5cc-4373-b066-0e22769f6f76@group-FABB0032522B-SegmentedRaftLogWorker] INFO  segmented.SegmentedRaftLogWorker (SegmentedRaftLogWorker.java:execute(656)) - b72141cc-d5cc-4373-b066-0e22769f6f76@group-FABB0032522B-SegmentedRaftLogWorker: created new log segment /home/runner/work/ozone/ozone/hadoop-ozone/integration-test/target/test-dir/MiniOzoneClusterImpl-5b74f3a4-74d7-4700-a005-fabb0032522b/scmNode-1/scm-ha/5b74f3a4-74d7-4700-a005-fabb0032522b/current/log_inprogress_0
2022-11-09 16:18:49,432 [Time-limited test] INFO  server.RaftServer (RaftServerProxy.java:lambda$close$6(409)) - b72141cc-d5cc-4373-b066-0e22769f6f76: close
2022-11-09 16:18:49,433 [Time-limited test] INFO  server.GrpcService (GrpcService.java:closeImpl(279)) - b72141cc-d5cc-4373-b066-0e22769f6f76: shutdown server GrpcServerProtocolService now
2022-11-09 16:18:49,433 [b72141cc-d5cc-4373-b066-0e22769f6f76-impl-thread1] INFO  server.RaftServer$Division (RaftServerImpl.java:lambda$close$4(458)) - b72141cc-d5cc-4373-b066-0e22769f6f76@group-FABB0032522B: shutdown
2022-11-09 16:18:49,433 [b72141cc-d5cc-4373-b066-0e22769f6f76-impl-thread1] INFO  util.JmxRegister (JmxRegister.java:unregister(73)) - Successfully un-registered JMX Bean with object name Ratis:service=RaftServer,group=group-FABB0032522B,id=b72141cc-d5cc-4373-b066-0e22769f6f76
2022-11-09 16:18:49,433 [b72141cc-d5cc-4373-b066-0e22769f6f76-impl-thread1] INFO  impl.RoleInfo (RoleInfo.java:shutdownLeaderState(93)) - b72141cc-d5cc-4373-b066-0e22769f6f76: shutdown b72141cc-d5cc-4373-b066-0e22769f6f76@group-FABB0032522B-LeaderStateImpl
2022-11-09 16:18:49,441 [b72141cc-d5cc-4373-b066-0e22769f6f76-impl-thread1] INFO  impl.PendingRequests (PendingRequests.java:sendNotLeaderResponses(282)) - b72141cc-d5cc-4373-b066-0e22769f6f76@group-FABB0032522B-PendingRequests: sendNotLeaderResponses
2022-11-09 16:18:49,449 [b72141cc-d5cc-4373-b066-0e22769f6f76@group-FABB0032522B-StateMachineUpdater] INFO  impl.StateMachineUpdater (StateMachineUpdater.java:takeSnapshot(287)) - b72141cc-d5cc-4373-b066-0e22769f6f76@group-FABB0032522B-StateMachineUpdater: Took a snapshot at index 0
2022-11-09 16:18:49,449 [b72141cc-d5cc-4373-b066-0e22769f6f76@group-FABB0032522B-StateMachineUpdater] INFO  impl.StateMachineUpdater (StateMachineUpdater.java:lambda$new$0(92)) - b72141cc-d5cc-4373-b066-0e22769f6f76@group-FABB0032522B-StateMachineUpdater: snapshotIndex: updateIncreasingly -1 -> 0
2022-11-09 16:18:49,451 [b72141cc-d5cc-4373-b066-0e22769f6f76-impl-thread1] INFO  impl.StateMachineUpdater (StateMachineUpdater.java:stopAndJoin(153)) - b72141cc-d5cc-4373-b066-0e22769f6f76@group-FABB0032522B-StateMachineUpdater: set stopIndex = 0
2022-11-09 16:18:49,451 [b72141cc-d5cc-4373-b066-0e22769f6f76-impl-thread1] INFO  server.RaftServer$Division (ServerState.java:close(466)) - b72141cc-d5cc-4373-b066-0e22769f6f76@group-FABB0032522B: closes. applyIndex: 0
2022-11-09 16:18:49,452 [b72141cc-d5cc-4373-b066-0e22769f6f76@group-FABB0032522B-SegmentedRaftLogWorker] INFO  segmented.SegmentedRaftLogWorker (SegmentedRaftLogWorker.java:run(345)) - b72141cc-d5cc-4373-b066-0e22769f6f76@group-FABB0032522B-SegmentedRaftLogWorker was interrupted, exiting. There are 0 tasks remaining in the queue.
2022-11-09 16:18:49,459 [Time-limited test] INFO  server.GrpcService (GrpcService.java:closeImpl(288)) - b72141cc-d5cc-4373-b066-0e22769f6f76: shutdown server GrpcServerProtocolService successfully
2022-11-09 16:18:49,460 [b72141cc-d5cc-4373-b066-0e22769f6f76-impl-thread1] INFO  segmented.SegmentedRaftLogWorker (SegmentedRaftLogWorker.java:close(255)) - b72141cc-d5cc-4373-b066-0e22769f6f76@group-FABB0032522B-SegmentedRaftLogWorker close()
2022-11-09 16:18:49,461 [JvmPauseMonitor0] INFO  util.JvmPauseMonitor (JvmPauseMonitor.java:run(111)) - JvmPauseMonitor-b72141cc-d5cc-4373-b066-0e22769f6f76: Stopped
2022-11-09 16:18:49,461 [Time-limited test] WARN  server.ServerUtils (ServerUtils.java:getScmDbDir(148)) - ozone.scm.db.dirs is not configured. We recommend adding this setting. Falling back to ozone.metadata.dirs instead.
2022-11-09 16:18:49,464 [Time-limited test] INFO  server.StorageContainerManager (StorageContainerManager.java:scmInit(1229)) - SCM initialization succeeded. Current cluster id for sd=/home/runner/work/ozone/ozone/hadoop-ozone/integration-test/target/test-dir/MiniOzoneClusterImpl-5b74f3a4-74d7-4700-a005-fabb0032522b/scmNode-1/scm; cid=5b74f3a4-74d7-4700-a005-fabb0032522b; layoutVersion=4; scmId=b72141cc-d5cc-4373-b066-0e22769f6f76
2022-11-09 16:18:49,473 [Time-limited test] WARN  server.ServerUtils (ServerUtils.java:getScmDbDir(148)) - ozone.scm.db.dirs is not configured. We recommend adding this setting. Falling back to ozone.metadata.dirs instead.
2022-11-09 16:18:49,473 [Time-limited test] INFO  ha.SCMHANodeDetails (SCMHANodeDetails.java:loadSCMHAConfig(209)) - ServiceID for StorageContainerManager is scmServiceId
2022-11-09 16:18:49,474 [Time-limited test] INFO  ha.SCMHANodeDetails (SCMHANodeDetails.java:loadSCMHAConfig(220)) - ServiceID for StorageContainerManager is scmServiceId
2022-11-09 16:18:49,474 [Time-limited test] WARN  scm.ScmUtils (ScmUtils.java:logWarn(190)) - ConfigKey ozone.scm.block.client.address is deprecated, For configuring different ports for each SCM use PortConfigKey ozone.scm.block.client.port appended with serviceId and nodeId. If want to configure same port configure ozone.scm.block.client.port
2022-11-09 16:18:49,474 [Time-limited test] WARN  scm.ScmUtils (ScmUtils.java:logWarn(190)) - ConfigKey ozone.scm.client.address is deprecated, For configuring different ports for each SCM use PortConfigKey ozone.scm.client.port appended with serviceId and nodeId. If want to configure same port configure ozone.scm.client.port
2022-11-09 16:18:49,474 [Time-limited test] WARN  scm.ScmUtils (ScmUtils.java:logWarn(190)) - ConfigKey ozone.scm.datanode.address is deprecated, For configuring different ports for each SCM use PortConfigKey ozone.scm.datanode.port appended with serviceId and nodeId. If want to configure same port configure ozone.scm.datanode.port
2022-11-09 16:18:49,475 [Time-limited test] WARN  scm.ScmUtils (ScmUtils.java:logWarn(190)) - ConfigKey ozone.scm.block.client.address is deprecated, For configuring different ports for each SCM use PortConfigKey ozone.scm.block.client.port appended with serviceId and nodeId. If want to configure same port configure ozone.scm.block.client.port
2022-11-09 16:18:49,475 [Time-limited test] WARN  scm.ScmUtils (ScmUtils.java:logWarn(190)) - ConfigKey ozone.scm.client.address is deprecated, For configuring different ports for each SCM use PortConfigKey ozone.scm.client.port appended with serviceId and nodeId. If want to configure same port configure ozone.scm.client.port
2022-11-09 16:18:49,475 [Time-limited test] WARN  scm.ScmUtils (ScmUtils.java:logWarn(190)) - ConfigKey ozone.scm.datanode.address is deprecated, For configuring different ports for each SCM use PortConfigKey ozone.scm.datanode.port appended with serviceId and nodeId. If want to configure same port configure ozone.scm.datanode.port
2022-11-09 16:18:49,475 [Time-limited test] INFO  ha.SCMHANodeDetails (SCMHANodeDetails.java:loadSCMHAConfig(307)) - Found matching SCM address with SCMServiceId: scmServiceId, SCMNodeId: scmNode-1, RPC Address: localhost:44325 and Ratis port: 44325
2022-11-09 16:18:49,475 [Time-limited test] INFO  ha.SCMHANodeDetails (ConfUtils.java:setNodeSpecificConfigs(97)) - Setting configuration key ozone.scm.datanode.address with value of key ozone.scm.datanode.address.scmServiceId.scmNode-1: 127.0.0.1:44989
2022-11-09 16:18:49,475 [Time-limited test] INFO  ha.SCMHANodeDetails (ConfUtils.java:setNodeSpecificConfigs(97)) - Setting configuration key ozone.scm.block.client.address with value of key ozone.scm.block.client.address.scmServiceId.scmNode-1: 127.0.0.1:46207
2022-11-09 16:18:49,475 [Time-limited test] INFO  ha.SCMHANodeDetails (ConfUtils.java:setNodeSpecificConfigs(97)) - Setting configuration key ozone.scm.client.address with value of key ozone.scm.client.address.scmServiceId.scmNode-1: 127.0.0.1:44125
2022-11-09 16:18:49,476 [Time-limited test] INFO  ha.SCMHANodeDetails (ConfUtils.java:setNodeSpecificConfigs(97)) - Setting configuration key ozone.scm.ratis.port with value of key ozone.scm.ratis.port.scmServiceId.scmNode-1: 44325
2022-11-09 16:18:49,476 [Time-limited test] INFO  ha.SCMHANodeDetails (ConfUtils.java:setNodeSpecificConfigs(97)) - Setting configuration key ozone.scm.grpc.port with value of key ozone.scm.grpc.port.scmServiceId.scmNode-1: 41535
2022-11-09 16:18:49,476 [Time-limited test] INFO  ha.SCMHANodeDetails (ConfUtils.java:setNodeSpecificConfigs(97)) - Setting configuration key ozone.scm.http-address with value of key ozone.scm.http-address.scmServiceId.scmNode-1: 127.0.0.1:36353
2022-11-09 16:18:49,476 [Time-limited test] INFO  ha.SCMHANodeDetails (ConfUtils.java:setNodeSpecificConfigs(97)) - Setting configuration key ozone.scm.https-address with value of key ozone.scm.https-address.scmServiceId.scmNode-1: 127.0.0.1:44713
2022-11-09 16:18:49,476 [Time-limited test] INFO  ha.SCMHANodeDetails (ConfUtils.java:setNodeSpecificConfigs(97)) - Setting configuration key ozone.scm.address with value of key ozone.scm.address.scmServiceId.scmNode-1: 127.0.0.1
2022-11-09 16:18:49,476 [Time-limited test] WARN  scm.ScmUtils (ScmUtils.java:logWarn(190)) - ConfigKey ozone.scm.block.client.address is deprecated, For configuring different ports for each SCM use PortConfigKey ozone.scm.block.client.port appended with serviceId and nodeId. If want to configure same port configure ozone.scm.block.client.port
2022-11-09 16:18:49,476 [Time-limited test] WARN  scm.ScmUtils (ScmUtils.java:logWarn(190)) - ConfigKey ozone.scm.client.address is deprecated, For configuring different ports for each SCM use PortConfigKey ozone.scm.client.port appended with serviceId and nodeId. If want to configure same port configure ozone.scm.client.port
2022-11-09 16:18:49,476 [Time-limited test] WARN  scm.ScmUtils (ScmUtils.java:logWarn(190)) - ConfigKey ozone.scm.datanode.address is deprecated, For configuring different ports for each SCM use PortConfigKey ozone.scm.datanode.port appended with serviceId and nodeId. If want to configure same port configure ozone.scm.datanode.port
2022-11-09 16:18:49,827 [Time-limited test] WARN  utils.HAUtils (HAUtils.java:getMetaDir(342)) - ozone.scm.db.dirs is not configured. We recommend adding this setting. Falling back to ozone.metadata.dirs instead.
2022-11-09 16:18:49,966 [Time-limited test] WARN  db.DBStoreBuilder (DBStoreBuilder.java:applyDBDefinition(144)) - ozone.scm.db.dirs is not configured. We recommend adding this setting. Falling back to ozone.metadata.dirs instead.
2022-11-09 16:18:50,189 [Time-limited test] INFO  net.NodeSchemaLoader (NodeSchemaLoader.java:loadSchemaFromFile(129)) - Loading schema from [jar:file:/home/runner/.m2/repository/org/apache/ozone/hdds-common/1.3.0-SNAPSHOT/hdds-common-1.3.0-SNAPSHOT.jar!/network-topology-default.xml]
2022-11-09 16:18:50,190 [Time-limited test] INFO  net.NodeSchemaLoader (NodeSchemaLoader.java:loadSchema(176)) - Loading network topology layer schema file
2022-11-09 16:18:50,319 [Time-limited test] INFO  ha.SCMRatisServerImpl (SCMRatisServerImpl.java:<init>(87)) - starting Raft server for scm:b72141cc-d5cc-4373-b066-0e22769f6f76
2022-11-09 16:18:50,327 [Time-limited test] INFO  server.RaftServer (ConfUtils.java:logGet(46)) - raft.rpc.type = GRPC (default)
2022-11-09 16:18:50,328 [Time-limited test] INFO  grpc.GrpcConfigKeys (ConfUtils.java:logFallback(53)) - raft.grpc.admin.host = null (fallback to raft.grpc.server.host)
2022-11-09 16:18:50,328 [Time-limited test] INFO  grpc.GrpcConfigKeys (ConfUtils.java:logFallback(53)) - raft.grpc.admin.port = 44325 (fallback to raft.grpc.server.port)
2022-11-09 16:18:50,328 [Time-limited test] INFO  grpc.GrpcConfigKeys (ConfUtils.java:logFallback(53)) - raft.grpc.client.host = null (fallback to raft.grpc.server.host)
2022-11-09 16:18:50,328 [Time-limited test] INFO  grpc.GrpcConfigKeys (ConfUtils.java:logFallback(53)) - raft.grpc.client.port = 44325 (fallback to raft.grpc.server.port)
2022-11-09 16:18:50,329 [Time-limited test] INFO  grpc.GrpcConfigKeys (ConfUtils.java:logGet(46)) - raft.grpc.server.host = null (default)
2022-11-09 16:18:50,329 [Time-limited test] INFO  grpc.GrpcConfigKeys (ConfUtils.java:logGet(46)) - raft.grpc.server.port = 44325 (custom)
2022-11-09 16:18:50,329 [Time-limited test] INFO  server.GrpcService (ConfUtils.java:logGet(46)) - raft.grpc.message.size.max = 32m (=33554432) (custom)
2022-11-09 16:18:50,330 [Time-limited test] INFO  server.RaftServerConfigKeys (ConfUtils.java:logGet(46)) - raft.server.log.appender.buffer.byte-limit = 33554432 (custom)
2022-11-09 16:18:50,330 [Time-limited test] INFO  server.GrpcService (ConfUtils.java:logGet(46)) - raft.grpc.flow.control.window = 1MB (=1048576) (default)
2022-11-09 16:18:50,332 [Time-limited test] INFO  server.RaftServerConfigKeys (ConfUtils.java:logGet(46)) - raft.server.rpc.request.timeout = 30000ms (custom)
2022-11-09 16:18:50,332 [Time-limited test] INFO  grpc.GrpcConfigKeys (ConfUtils.java:logGet(46)) - raft.grpc.server.heartbeat.channel = true (default)
2022-11-09 16:18:50,332 [Time-limited test] INFO  grpc.GrpcConfigKeys (ConfUtils.java:logGet(46)) - raft.grpc.server.async.request.thread.pool.cached = true (default)
2022-11-09 16:18:50,333 [Time-limited test] INFO  grpc.GrpcConfigKeys (ConfUtils.java:logGet(46)) - raft.grpc.server.async.request.thread.pool.size = 32 (default)
2022-11-09 16:18:50,334 [Time-limited test] INFO  impl.DataStreamServerImpl (ConfUtils.java:logGet(46)) - raft.datastream.type = DISABLED (default)
2022-11-09 16:18:50,335 [Time-limited test] INFO  server.RaftServerConfigKeys (ConfUtils.java:logGet(46)) - raft.server.threadpool.proxy.cached = true (default)
2022-11-09 16:18:50,335 [Time-limited test] INFO  server.RaftServerConfigKeys (ConfUtils.java:logGet(46)) - raft.server.threadpool.proxy.size = 0 (default)
2022-11-09 16:18:50,335 [Time-limited test] INFO  server.RaftServerConfigKeys (ConfUtils.java:logGet(46)) - raft.server.rpc.slowness.timeout = 120000ms (custom)
2022-11-09 16:18:50,336 [Time-limited test] INFO  server.RaftServerConfigKeys (ConfUtils.java:logGet(46)) - raft.server.leaderelection.leader.step-down.wait-time = 10s (default)
2022-11-09 16:18:50,336 [Time-limited test] INFO  server.RaftServerConfigKeys (ConfUtils.java:logGet(46)) - raft.server.storage.dir = [/home/runner/work/ozone/ozone/hadoop-ozone/integration-test/target/test-dir/MiniOzoneClusterImpl-5b74f3a4-74d7-4700-a005-fabb0032522b/scmNode-1/scm-ha] (custom)
2022-11-09 16:18:50,336 [b72141cc-d5cc-4373-b066-0e22769f6f76-impl-thread1] INFO  server.RaftServer (RaftServerProxy.java:initGroupDir(251)) - b72141cc-d5cc-4373-b066-0e22769f6f76: found a subdirectory /home/runner/work/ozone/ozone/hadoop-ozone/integration-test/target/test-dir/MiniOzoneClusterImpl-5b74f3a4-74d7-4700-a005-fabb0032522b/scmNode-1/scm-ha/5b74f3a4-74d7-4700-a005-fabb0032522b
2022-11-09 16:18:50,337 [Time-limited test] INFO  server.RaftServer (RaftServerProxy.java:addNew(96)) - b72141cc-d5cc-4373-b066-0e22769f6f76: addNew group-FABB0032522B:[] returns group-FABB0032522B:java.util.concurrent.CompletableFuture@16ccc9b4[Not completed]
2022-11-09 16:18:50,340 [pool-19-thread-1] INFO  server.RaftServer$Division (RaftServerImpl.java:<init>(195)) - b72141cc-d5cc-4373-b066-0e22769f6f76: new RaftServerImpl for group-FABB0032522B:[] with SCMStateMachine:uninitialized
2022-11-09 16:18:50,340 [pool-19-thread-1] INFO  server.RaftServerConfigKeys (ConfUtils.java:logGet(46)) - raft.server.rpc.timeout.min = 5000ms (custom)
2022-11-09 16:18:50,340 [pool-19-thread-1] INFO  server.RaftServerConfigKeys (ConfUtils.java:logGet(46)) - raft.server.rpc.timeout.max = 5200ms (custom)
2022-11-09 16:18:50,340 [pool-19-thread-1] INFO  server.RaftServerConfigKeys (ConfUtils.java:logGet(46)) - raft.server.rpc.sleep.time = 25ms (default)
2022-11-09 16:18:50,341 [pool-19-thread-1] INFO  server.RaftServerConfigKeys (ConfUtils.java:logGet(46)) - raft.server.rpc.slowness.timeout = 120000ms (custom)
2022-11-09 16:18:50,341 [pool-19-thread-1] INFO  server.RaftServerConfigKeys (ConfUtils.java:logGet(46)) - raft.server.leaderelection.leader.step-down.wait-time = 10s (default)
2022-11-09 16:18:50,341 [pool-19-thread-1] INFO  server.RaftServerConfigKeys (ConfUtils.java:logGet(46)) - raft.server.sleep.deviation.threshold = 300ms (default)
2022-11-09 16:18:50,341 [pool-19-thread-1] INFO  server.RaftServer$Division (ServerState.java:<init>(118)) - b72141cc-d5cc-4373-b066-0e22769f6f76@group-FABB0032522B: ConfigurationManager, init=-1: peers:[]|listeners:[], old=null, confs=<EMPTY_MAP>
2022-11-09 16:18:50,341 [pool-19-thread-1] INFO  server.RaftServerConfigKeys (ConfUtils.java:logGet(46)) - raft.server.storage.dir = [/home/runner/work/ozone/ozone/hadoop-ozone/integration-test/target/test-dir/MiniOzoneClusterImpl-5b74f3a4-74d7-4700-a005-fabb0032522b/scmNode-1/scm-ha] (custom)
2022-11-09 16:18:50,342 [pool-19-thread-1] INFO  server.RaftServerConfigKeys (ConfUtils.java:logGet(46)) - raft.server.log.corruption.policy = EXCEPTION (default)
2022-11-09 16:18:50,342 [pool-19-thread-1] INFO  server.RaftServerConfigKeys (ConfUtils.java:logGet(46)) - raft.server.storage.free-space.min = 0MB (=0) (default)
2022-11-09 16:18:50,342 [pool-19-thread-1] INFO  server.RaftServerConfigKeys (ConfUtils.java:logGet(46)) - raft.server.notification.no-leader.timeout = 60s (default)
2022-11-09 16:18:50,342 [pool-19-thread-1] INFO  server.RaftServerConfigKeys (ConfUtils.java:logGet(46)) - raft.server.retrycache.expirytime = 60000ms (default)
2022-11-09 16:18:50,342 [pool-19-thread-1] INFO  server.RaftServerConfigKeys (ConfUtils.java:logGet(46)) - raft.server.retrycache.statistics.expirytime = 100μs (default)
2022-11-09 16:18:50,348 [pool-19-thread-1] INFO  server.RaftServerConfigKeys (ConfUtils.java:logGet(46)) - raft.server.log.appender.install.snapshot.enabled = false (custom)
2022-11-09 16:18:50,348 [pool-19-thread-1] INFO  server.RaftServerConfigKeys (ConfUtils.java:logGet(46)) - raft.server.threadpool.server.cached = true (default)
2022-11-09 16:18:50,348 [pool-19-thread-1] INFO  server.RaftServerConfigKeys (ConfUtils.java:logGet(46)) - raft.server.threadpool.server.size = 0 (default)
2022-11-09 16:18:50,348 [pool-19-thread-1] INFO  server.RaftServerConfigKeys (ConfUtils.java:logGet(46)) - raft.server.threadpool.client.cached = true (default)
2022-11-09 16:18:50,348 [pool-19-thread-1] INFO  server.RaftServerConfigKeys (ConfUtils.java:logGet(46)) - raft.server.threadpool.client.size = 0 (default)
2022-11-09 16:18:50,350 [Time-limited test] INFO  ha.SCMSnapshotProvider (SCMSnapshotProvider.java:<init>(66)) - Initializing SCM Snapshot Provider
2022-11-09 16:18:50,350 [Time-limited test] WARN  server.ServerUtils (ServerUtils.java:getDefaultRatisDirectory(237)) - Storage directory for Ratis is not configured. It is a good idea to map this to an SSD disk. Falling back to ozone.metadata.dirs
2022-11-09 16:18:50,350 [Time-limited test] WARN  ha.SCMHAUtils (SCMHAUtils.java:getSCMRatisSnapshotDirectory(153)) - SCM snapshot dir is not configured. Falling back to ozone.metadata.dirs config
2022-11-09 16:18:50,377 [Time-limited test] INFO  upgrade.AbstractLayoutVersionManager (AbstractLayoutVersionManager.java:init(83)) - Initializing Layout version manager with metadata layout = DATANODE_SCHEMA_V3 (version = 4), software layout = DATANODE_SCHEMA_V3 (version = 4)
2022-11-09 16:18:50,550 [Time-limited test] INFO  reflections.Reflections (Reflections.java:scan(232)) - Reflections took 144 ms to scan 7 urls, producing 139 keys and 336 values 
2022-11-09 16:18:50,637 [Time-limited test] INFO  ha.SequenceIdGenerator (SequenceIdGenerator.java:upgradeToSequenceId(349)) - upgrade localId to 109611004723200000
2022-11-09 16:18:50,637 [Time-limited test] INFO  ha.SequenceIdGenerator (SequenceIdGenerator.java:upgradeToSequenceId(359)) - upgrade delTxnId to 0
2022-11-09 16:18:50,642 [Time-limited test] INFO  ha.SequenceIdGenerator (SequenceIdGenerator.java:upgradeToSequenceId(376)) - upgrade containerId to 0
2022-11-09 16:18:50,644 [Time-limited test] INFO  ha.SequenceIdGenerator (SequenceIdGenerator.java:<init>(220)) - Init the HA SequenceIdGenerator.
2022-11-09 16:18:50,690 [Time-limited test] INFO  node.SCMNodeManager (SCMNodeManager.java:<init>(149)) - Entering startup safe mode.
2022-11-09 16:18:50,745 [Time-limited test] INFO  algorithms.ContainerPlacementPolicyFactory (ContainerPlacementPolicyFactory.java:getPolicyInternal(86)) - Create container placement policy of type org.apache.hadoop.hdds.scm.container.placement.algorithms.SCMContainerPlacementRandom
2022-11-09 16:18:50,746 [Time-limited test] INFO  algorithms.ContainerPlacementPolicyFactory (ContainerPlacementPolicyFactory.java:getPolicyInternal(86)) - Create container placement policy of type org.apache.hadoop.hdds.scm.container.placement.algorithms.SCMContainerPlacementRackScatter
2022-11-09 16:18:50,754 [Time-limited test] INFO  pipeline.PipelineStateManagerImpl (PipelineStateManagerImpl.java:initialize(78)) - No pipeline exists in current db
2022-11-09 16:18:50,785 [Time-limited test] INFO  algorithms.LeaderChoosePolicyFactory (LeaderChoosePolicyFactory.java:getPolicy(57)) - Create leader choose policy of type org.apache.hadoop.hdds.scm.pipeline.leader.choose.algorithms.MinLeaderCountChoosePolicy
2022-11-09 16:18:50,785 [Time-limited test] INFO  algorithms.ContainerPlacementPolicyFactory (ContainerPlacementPolicyFactory.java:getPolicyInternal(86)) - Create container placement policy of type org.apache.hadoop.hdds.scm.container.placement.algorithms.SCMContainerPlacementRackScatter
2022-11-09 16:18:50,790 [Time-limited test] INFO  ha.SCMServiceManager (SCMServiceManager.java:register(42)) - Registering service BackgroundPipelineCreator.
2022-11-09 16:18:50,791 [Time-limited test] INFO  pipeline.BackgroundPipelineCreator (BackgroundPipelineCreator.java:start(124)) - Starting RatisPipelineUtilsThread.
2022-11-09 16:18:50,793 [Time-limited test] INFO  BackgroundPipelineScrubber (BackgroundSCMService.java:start(68)) - Starting BackgroundPipelineScrubber Service.
2022-11-09 16:18:50,796 [Time-limited test] INFO  ha.SCMServiceManager (SCMServiceManager.java:register(42)) - Registering service BackgroundPipelineScrubber.
2022-11-09 16:18:50,802 [Time-limited test] INFO  ExpiredContainerReplicaOpScrubber (BackgroundSCMService.java:start(68)) - Starting ExpiredContainerReplicaOpScrubber Service.
2022-11-09 16:18:50,809 [Time-limited test] INFO  ha.SCMServiceManager (SCMServiceManager.java:register(42)) - Registering service ExpiredContainerReplicaOpScrubber.
2022-11-09 16:18:50,848 [Time-limited test] INFO  algorithms.PipelineChoosePolicyFactory (PipelineChoosePolicyFactory.java:createPipelineChoosePolicyFromClass(73)) - Create pipeline choose policy of type org.apache.hadoop.hdds.scm.pipeline.choose.algorithms.RandomPipelineChoosePolicy
2022-11-09 16:18:50,868 [Time-limited test] INFO  ha.SCMServiceManager (SCMServiceManager.java:register(42)) - Registering service SCMBlockDeletingService.
2022-11-09 16:18:50,942 [Time-limited test] INFO  replication.ReplicationManager (ReplicationManager.java:start(239)) - Starting Replication Monitor Thread.
2022-11-09 16:18:50,965 [Time-limited test] INFO  ha.SCMServiceManager (SCMServiceManager.java:register(42)) - Registering service ReplicationManager.
2022-11-09 16:18:50,965 [ReplicationMonitor] INFO  replication.ReplicationManager (ReplicationManager.java:processAll(308)) - Replication Manager is not ready to run until 300000ms after safemode exit
2022-11-09 16:18:50,975 [Time-limited test] INFO  safemode.ContainerSafeModeRule (ContainerSafeModeRule.java:<init>(89)) - containers with one replica threshold count 0
2022-11-09 16:18:50,978 [Time-limited test] INFO  safemode.HealthyPipelineSafeModeRule (HealthyPipelineSafeModeRule.java:initializeRule(169)) - Total pipeline count is 0, healthy pipeline threshold count is 1
2022-11-09 16:18:50,980 [Time-limited test] INFO  safemode.OneReplicaPipelineSafeModeRule (OneReplicaPipelineSafeModeRule.java:initializeRule(180)) - Total pipeline count is 0, pipeline's with at least one datanode reported threshold count is 0
2022-11-09 16:18:51,283 [Time-limited test] INFO  audit.AuditLogger (AuditLogger.java:refreshDebugCmdSet(126)) - Refresh DebugCmdSet for SCMAudit to [].
2022-11-09 16:18:51,316 [Time-limited test] INFO  ipc.CallQueueManager (CallQueueManager.java:<init>(90)) - Using callQueue: class java.util.concurrent.LinkedBlockingQueue, queueCapacity: 10000, scheduler: class org.apache.hadoop.ipc.DefaultRpcScheduler, ipcBackoff: false.
2022-11-09 16:18:51,373 [Socket Reader #1 for port 44989] INFO  ipc.Server (Server.java:run(1273)) - Starting Socket Reader #1 for port 44989
2022-11-09 16:18:51,439 [Listener at 0.0.0.0/44989] INFO  audit.AuditLogger (AuditLogger.java:refreshDebugCmdSet(126)) - Refresh DebugCmdSet for SCMAudit to [].
2022-11-09 16:18:51,444 [Listener at 0.0.0.0/44989] INFO  ipc.CallQueueManager (CallQueueManager.java:<init>(90)) - Using callQueue: class java.util.concurrent.LinkedBlockingQueue, queueCapacity: 10000, scheduler: class org.apache.hadoop.ipc.DefaultRpcScheduler, ipcBackoff: false.
2022-11-09 16:18:51,448 [Socket Reader #1 for port 46207] INFO  ipc.Server (Server.java:run(1273)) - Starting Socket Reader #1 for port 46207
2022-11-09 16:18:51,489 [Listener at 0.0.0.0/46207] INFO  audit.AuditLogger (AuditLogger.java:refreshDebugCmdSet(126)) - Refresh DebugCmdSet for SCMAudit to [].
2022-11-09 16:18:51,500 [Listener at 0.0.0.0/46207] INFO  ipc.CallQueueManager (CallQueueManager.java:<init>(90)) - Using callQueue: class java.util.concurrent.LinkedBlockingQueue, queueCapacity: 10000, scheduler: class org.apache.hadoop.ipc.DefaultRpcScheduler, ipcBackoff: false.
2022-11-09 16:18:51,501 [Socket Reader #1 for port 44125] INFO  ipc.Server (Server.java:run(1273)) - Starting Socket Reader #1 for port 44125
2022-11-09 16:18:51,555 [Listener at 0.0.0.0/44125] INFO  ha.SCMServiceManager (SCMServiceManager.java:register(42)) - Registering service ContainerBalancer.
2022-11-09 16:18:51,558 [Listener at 0.0.0.0/44125] INFO  server.StorageContainerManager (StorageContainerManager.java:<init>(415)) - 
Container Balancer status:
Key                            Value
Running                        true
Container Balancer Configuration values:
Key                                                Value
Threshold                                          10
Max Datanodes to Involve per Iteration(percent)    20
Max Size to Move per Iteration                     500GB
Max Size Entering Target per Iteration             26GB
Max Size Leaving Source per Iteration              26GB

2022-11-09 16:18:51,559 [Listener at 0.0.0.0/44125] WARN  events.EventQueue (EventQueue.java:fireEvent(216)) - No event handler registered for event TypedEvent{payloadType=SafeModeStatus, name='Safe mode status'}
2022-11-09 16:18:51,559 [Listener at 0.0.0.0/44125] INFO  ha.SCMContext (SCMContext.java:updateSafeModeStatus(228)) - Update SafeModeStatus from SafeModeStatus{safeModeStatus=true, preCheckPassed=false} to SafeModeStatus{safeModeStatus=true, preCheckPassed=false}.
2022-11-09 16:18:51,565 [Listener at 0.0.0.0/44125] INFO  server.StorageContainerManager (StorageContainerManager.java:start(1449)) - StorageContainerLocationProtocol RPC server is listening at /0.0.0.0:44125
2022-11-09 16:18:51,567 [Listener at 0.0.0.0/44125] INFO  ha.SCMRatisServerImpl (SCMRatisServerImpl.java:start(178)) - starting ratis server 0.0.0.0:44325
2022-11-09 16:18:51,569 [b72141cc-d5cc-4373-b066-0e22769f6f76-impl-thread1] INFO  storage.RaftStorageDirectory (RaftStorageDirectoryImpl.java:tryLock(231)) - Lock on /home/runner/work/ozone/ozone/hadoop-ozone/integration-test/target/test-dir/MiniOzoneClusterImpl-5b74f3a4-74d7-4700-a005-fabb0032522b/scmNode-1/scm-ha/5b74f3a4-74d7-4700-a005-fabb0032522b/in_use.lock acquired by nodename 3584@fv-az91-492
2022-11-09 16:18:51,570 [b72141cc-d5cc-4373-b066-0e22769f6f76-impl-thread1] INFO  storage.RaftStorage (RaftStorageImpl.java:analyzeAndRecoverStorage(117)) - Read RaftStorageMetadata{term=1, votedFor=b72141cc-d5cc-4373-b066-0e22769f6f76} from /home/runner/work/ozone/ozone/hadoop-ozone/integration-test/target/test-dir/MiniOzoneClusterImpl-5b74f3a4-74d7-4700-a005-fabb0032522b/scmNode-1/scm-ha/5b74f3a4-74d7-4700-a005-fabb0032522b/current/raft-meta
2022-11-09 16:18:51,582 [b72141cc-d5cc-4373-b066-0e22769f6f76-impl-thread1] INFO  server.RaftServer$Division (ServerState.java:setRaftConf(430)) - b72141cc-d5cc-4373-b066-0e22769f6f76@group-FABB0032522B: set configuration 0: peers:[b72141cc-d5cc-4373-b066-0e22769f6f76|rpc:localhost:44325|admin:|client:|dataStream:|priority:0|startupRole:FOLLOWER]|listeners:[], old=null
2022-11-09 16:18:51,583 [b72141cc-d5cc-4373-b066-0e22769f6f76-impl-thread1] INFO  server.RaftServerConfigKeys (ConfUtils.java:logGet(46)) - raft.server.log.use.memory = false (default)
2022-11-09 16:18:51,585 [b72141cc-d5cc-4373-b066-0e22769f6f76-impl-thread1] INFO  server.RaftServerConfigKeys (ConfUtils.java:logGet(46)) - raft.server.log.purge.gap = 1000000 (custom)
2022-11-09 16:18:51,585 [b72141cc-d5cc-4373-b066-0e22769f6f76-impl-thread1] INFO  server.RaftServerConfigKeys (ConfUtils.java:logGet(46)) - raft.server.log.appender.buffer.byte-limit = 33554432 (custom)
2022-11-09 16:18:51,585 [b72141cc-d5cc-4373-b066-0e22769f6f76-impl-thread1] INFO  server.RaftServerConfigKeys (ConfUtils.java:logGet(46)) - raft.server.log.statemachine.data.read.timeout = 1000ms (default)
2022-11-09 16:18:51,586 [b72141cc-d5cc-4373-b066-0e22769f6f76-impl-thread1] INFO  server.RaftServerConfigKeys (ConfUtils.java:logGet(46)) - raft.server.log.purge.preservation.log.num = 0 (default)
2022-11-09 16:18:51,586 [b72141cc-d5cc-4373-b066-0e22769f6f76-impl-thread1] INFO  server.RaftServerConfigKeys (ConfUtils.java:logGet(46)) - raft.server.log.segment.size.max = 4194304 (custom)
2022-11-09 16:18:51,587 [b72141cc-d5cc-4373-b066-0e22769f6f76-impl-thread1] INFO  server.RaftServerConfigKeys (ConfUtils.java:logGet(46)) - raft.server.log.segment.cache.num.max = 2 (custom)
2022-11-09 16:18:51,587 [b72141cc-d5cc-4373-b066-0e22769f6f76-impl-thread1] INFO  server.RaftServerConfigKeys (ConfUtils.java:logGet(46)) - raft.server.log.segment.cache.size.max = 200MB (=209715200) (default)
2022-11-09 16:18:51,587 [b72141cc-d5cc-4373-b066-0e22769f6f76-impl-thread1] INFO  segmented.SegmentedRaftLogWorker (SegmentedRaftLogWorker.java:<init>(191)) - new b72141cc-d5cc-4373-b066-0e22769f6f76@group-FABB0032522B-SegmentedRaftLogWorker for RaftStorageImpl:Storage Directory /home/runner/work/ozone/ozone/hadoop-ozone/integration-test/target/test-dir/MiniOzoneClusterImpl-5b74f3a4-74d7-4700-a005-fabb0032522b/scmNode-1/scm-ha/5b74f3a4-74d7-4700-a005-fabb0032522b
2022-11-09 16:18:51,587 [b72141cc-d5cc-4373-b066-0e22769f6f76-impl-thread1] INFO  server.RaftServerConfigKeys (ConfUtils.java:logGet(46)) - raft.server.log.queue.byte-limit = 64MB (=67108864) (default)
2022-11-09 16:18:51,587 [b72141cc-d5cc-4373-b066-0e22769f6f76-impl-thread1] INFO  server.RaftServerConfigKeys (ConfUtils.java:logGet(46)) - raft.server.log.queue.element-limit = 4096 (default)
2022-11-09 16:18:51,587 [b72141cc-d5cc-4373-b066-0e22769f6f76-impl-thread1] INFO  server.RaftServerConfigKeys (ConfUtils.java:logGet(46)) - raft.server.log.segment.size.max = 4194304 (custom)
2022-11-09 16:18:51,588 [b72141cc-d5cc-4373-b066-0e22769f6f76-impl-thread1] INFO  server.RaftServerConfigKeys (ConfUtils.java:logGet(46)) - raft.server.log.preallocated.size = 4194304 (custom)
2022-11-09 16:18:51,588 [b72141cc-d5cc-4373-b066-0e22769f6f76-impl-thread1] INFO  server.RaftServerConfigKeys (ConfUtils.java:logGet(46)) - raft.server.log.force.sync.num = 128 (default)
2022-11-09 16:18:51,588 [b72141cc-d5cc-4373-b066-0e22769f6f76-impl-thread1] INFO  server.RaftServerConfigKeys (ConfUtils.java:logGet(46)) - raft.server.log.statemachine.data.sync = true (default)
2022-11-09 16:18:51,588 [b72141cc-d5cc-4373-b066-0e22769f6f76-impl-thread1] INFO  server.RaftServerConfigKeys (ConfUtils.java:logGet(46)) - raft.server.log.statemachine.data.sync.timeout = 10s (default)
2022-11-09 16:18:51,588 [b72141cc-d5cc-4373-b066-0e22769f6f76-impl-thread1] INFO  server.RaftServerConfigKeys (ConfUtils.java:logGet(46)) - raft.server.log.statemachine.data.sync.timeout.retry = -1 (default)
2022-11-09 16:18:51,590 [b72141cc-d5cc-4373-b066-0e22769f6f76-impl-thread1] INFO  server.RaftServerConfigKeys (ConfUtils.java:logGet(46)) - raft.server.log.write.buffer.size = 64KB (=65536) (default)
2022-11-09 16:18:51,590 [b72141cc-d5cc-4373-b066-0e22769f6f76-impl-thread1] INFO  server.RaftServerConfigKeys (ConfUtils.java:logGet(46)) - raft.server.log.unsafe-flush.enabled = false (default)
2022-11-09 16:18:51,590 [b72141cc-d5cc-4373-b066-0e22769f6f76-impl-thread1] INFO  server.RaftServerConfigKeys (ConfUtils.java:logGet(46)) - raft.server.log.async-flush.enabled = false (default)
2022-11-09 16:18:51,592 [b72141cc-d5cc-4373-b066-0e22769f6f76-impl-thread1] INFO  server.RaftServerConfigKeys (ConfUtils.java:logGet(46)) - raft.server.log.statemachine.data.caching.enabled = false (default)
2022-11-09 16:18:51,604 [b72141cc-d5cc-4373-b066-0e22769f6f76-impl-thread1] INFO  server.RaftServer$Division (ServerState.java:setRaftConf(430)) - b72141cc-d5cc-4373-b066-0e22769f6f76@group-FABB0032522B: set configuration 0: peers:[b72141cc-d5cc-4373-b066-0e22769f6f76|rpc:localhost:44325|admin:|client:|dataStream:|priority:0|startupRole:FOLLOWER]|listeners:[], old=null
2022-11-09 16:18:51,605 [b72141cc-d5cc-4373-b066-0e22769f6f76-impl-thread1] INFO  segmented.LogSegment (LogSegment.java:loadSegment(173)) - Successfully read 1 entries from segment file /home/runner/work/ozone/ozone/hadoop-ozone/integration-test/target/test-dir/MiniOzoneClusterImpl-5b74f3a4-74d7-4700-a005-fabb0032522b/scmNode-1/scm-ha/5b74f3a4-74d7-4700-a005-fabb0032522b/current/log_inprogress_0
2022-11-09 16:18:51,605 [b72141cc-d5cc-4373-b066-0e22769f6f76-impl-thread1] INFO  segmented.SegmentedRaftLogWorker (SegmentedRaftLogWorker.java:lambda$new$0(136)) - b72141cc-d5cc-4373-b066-0e22769f6f76@group-FABB0032522B-SegmentedRaftLogWorker: flushIndex: setUnconditionally 0 -> 0
2022-11-09 16:18:51,605 [b72141cc-d5cc-4373-b066-0e22769f6f76-impl-thread1] INFO  segmented.SegmentedRaftLogWorker (SegmentedRaftLogWorker.java:lambda$new$0(136)) - b72141cc-d5cc-4373-b066-0e22769f6f76@group-FABB0032522B-SegmentedRaftLogWorker: safeCacheEvictIndex: setUnconditionally 0 -> -1
2022-11-09 16:18:51,606 [b72141cc-d5cc-4373-b066-0e22769f6f76-impl-thread1] INFO  server.RaftServer$Division (RaftServerImpl.java:start(334)) - b72141cc-d5cc-4373-b066-0e22769f6f76@group-FABB0032522B: start as a follower, conf=0: peers:[b72141cc-d5cc-4373-b066-0e22769f6f76|rpc:localhost:44325|admin:|client:|dataStream:|priority:0|startupRole:FOLLOWER]|listeners:[], old=null
2022-11-09 16:18:51,606 [b72141cc-d5cc-4373-b066-0e22769f6f76-impl-thread1] INFO  server.RaftServer$Division (RaftServerImpl.java:setRole(321)) - b72141cc-d5cc-4373-b066-0e22769f6f76@group-FABB0032522B: changes role from      null to FOLLOWER at term 1 for startAsFollower
2022-11-09 16:18:51,606 [b72141cc-d5cc-4373-b066-0e22769f6f76-impl-thread1] INFO  impl.RoleInfo (RoleInfo.java:updateAndGet(139)) - b72141cc-d5cc-4373-b066-0e22769f6f76: start b72141cc-d5cc-4373-b066-0e22769f6f76@group-FABB0032522B-FollowerState
2022-11-09 16:18:51,607 [b72141cc-d5cc-4373-b066-0e22769f6f76-impl-thread1] INFO  util.JmxRegister (JmxRegister.java:tryRegister(44)) - Successfully registered JMX Bean with object name Ratis:service=RaftServer,group=group-FABB0032522B,id=b72141cc-d5cc-4373-b066-0e22769f6f76
2022-11-09 16:18:51,607 [b72141cc-d5cc-4373-b066-0e22769f6f76-impl-thread1] INFO  server.RaftServerConfigKeys (ConfUtils.java:logGet(46)) - raft.server.snapshot.auto.trigger.enabled = true (custom)
2022-11-09 16:18:51,607 [b72141cc-d5cc-4373-b066-0e22769f6f76-impl-thread1] INFO  server.RaftServerConfigKeys (ConfUtils.java:logGet(46)) - raft.server.snapshot.auto.trigger.threshold = 1000 (custom)
2022-11-09 16:18:51,607 [b72141cc-d5cc-4373-b066-0e22769f6f76-impl-thread1] INFO  server.RaftServerConfigKeys (ConfUtils.java:logGet(46)) - raft.server.snapshot.retention.file.num = -1 (default)
2022-11-09 16:18:51,607 [b72141cc-d5cc-4373-b066-0e22769f6f76-impl-thread1] INFO  server.RaftServerConfigKeys (ConfUtils.java:logGet(46)) - raft.server.log.purge.upto.snapshot.index = false (default)
2022-11-09 16:18:51,608 [b72141cc-d5cc-4373-b066-0e22769f6f76@group-FABB0032522B-FollowerState] INFO  server.RaftServerConfigKeys (ConfUtils.java:logFallback(53)) - raft.server.rpc.first-election.timeout.min = 5000ms (fallback to raft.server.rpc.timeout.min)
2022-11-09 16:18:51,608 [b72141cc-d5cc-4373-b066-0e22769f6f76@group-FABB0032522B-FollowerState] INFO  server.RaftServerConfigKeys (ConfUtils.java:logFallback(53)) - raft.server.rpc.first-election.timeout.max = 5200ms (fallback to raft.server.rpc.timeout.max)
2022-11-09 16:18:51,609 [Listener at 0.0.0.0/44125] INFO  server.RaftServer (RaftServerProxy.java:startImpl(393)) - b72141cc-d5cc-4373-b066-0e22769f6f76: start RPC server
2022-11-09 16:18:51,614 [Listener at 0.0.0.0/44125] INFO  server.GrpcService (GrpcService.java:startImpl(270)) - b72141cc-d5cc-4373-b066-0e22769f6f76: GrpcService started, listening on 44325
2022-11-09 16:18:51,624 [JvmPauseMonitor1] INFO  util.JvmPauseMonitor (JvmPauseMonitor.java:run(105)) - JvmPauseMonitor-b72141cc-d5cc-4373-b066-0e22769f6f76: Started
2022-11-09 16:18:51,627 [Listener at 0.0.0.0/44125] INFO  ha.SCMHAManagerImpl (SCMHAManagerImpl.java:start(121)) -  scm role is FOLLOWER peers [b72141cc-d5cc-4373-b066-0e22769f6f76|rpc:localhost:44325|admin:|client:|dataStream:|priority:0|startupRole:FOLLOWER]
2022-11-09 16:18:51,627 [Listener at 0.0.0.0/44125] INFO  ha.InterSCMGrpcService (InterSCMGrpcProtocolService.java:start(94)) - Starting SCM Grpc Service at port 41535
2022-11-09 16:18:51,692 [Listener at 0.0.0.0/44125] WARN  impl.MetricsConfig (MetricsConfig.java:loadFirst(136)) - Cannot locate configuration: tried hadoop-metrics2-storagecontainermanager.properties,hadoop-metrics2.properties
2022-11-09 16:18:51,708 [Listener at 0.0.0.0/44125] INFO  impl.MetricsSystemImpl (MetricsSystemImpl.java:startTimer(378)) - Scheduled Metric snapshot period at 10 second(s).
2022-11-09 16:18:51,708 [Listener at 0.0.0.0/44125] INFO  impl.MetricsSystemImpl (MetricsSystemImpl.java:start(191)) - StorageContainerManager metrics system started
2022-11-09 16:18:51,964 [Listener at 0.0.0.0/44125] INFO  server.SCMClientProtocolServer (SCMClientProtocolServer.java:start(170)) - RPC server for Client  is listening at /0.0.0.0:44125
2022-11-09 16:18:51,965 [IPC Server Responder] INFO  ipc.Server (Server.java:run(1512)) - IPC Server Responder: starting
2022-11-09 16:18:51,966 [IPC Server listener on 44125] INFO  ipc.Server (Server.java:run(1352)) - IPC Server listener on 44125: starting
2022-11-09 16:18:52,023 [Listener at 0.0.0.0/44125] INFO  server.StorageContainerManager (StorageContainerManager.java:start(1464)) - ScmBlockLocationProtocol RPC server is listening at /0.0.0.0:46207
2022-11-09 16:18:52,024 [Listener at 0.0.0.0/44125] INFO  server.SCMBlockProtocolServer (SCMBlockProtocolServer.java:start(152)) - RPC server for Block Protocol is listening at /0.0.0.0:46207
2022-11-09 16:18:52,025 [IPC Server Responder] INFO  ipc.Server (Server.java:run(1512)) - IPC Server Responder: starting
2022-11-09 16:18:52,025 [IPC Server listener on 46207] INFO  ipc.Server (Server.java:run(1352)) - IPC Server listener on 46207: starting
2022-11-09 16:18:52,097 [org.apache.hadoop.util.JvmPauseMonitor$Monitor@44cfdce5] INFO  util.JvmPauseMonitor (JvmPauseMonitor.java:run(188)) - Starting JVM pause monitor
2022-11-09 16:18:52,112 [Listener at 0.0.0.0/44125] INFO  http.BaseHttpServer (BaseHttpServer.java:newHttpServer2BuilderForOzone(213)) - Starting Web-server for scm at: http://0.0.0.0:36353
2022-11-09 16:18:52,113 [Listener at 0.0.0.0/44125] INFO  http.BaseHttpServer (BaseHttpServer.java:<init>(108)) - Hadoop Security Enabled: false Ozone Security Enabled: false Ozone HTTP Security Enabled: false 
2022-11-09 16:18:52,143 [Listener at 0.0.0.0/44125] INFO  util.log (Log.java:initialized(170)) - Logging initialized @11160ms to org.eclipse.jetty.util.log.Slf4jLog
2022-11-09 16:18:52,261 [Listener at 0.0.0.0/44125] WARN  server.AuthenticationFilter (AuthenticationFilter.java:constructSecretProvider(240)) - Unable to initialize FileSignerSecretProvider, falling back to use random secrets. Reason: Could not read signature secret file: /home/runner/hadoop-http-auth-signature-secret
2022-11-09 16:18:52,268 [Listener at 0.0.0.0/44125] WARN  http.HttpRequestLog (HttpRequestLog.java:getRequestLog(103)) - Jetty request log can only be enabled using Log4j
2022-11-09 16:18:52,275 [Listener at 0.0.0.0/44125] INFO  http.HttpServer2 (HttpServer2.java:addGlobalFilter(1031)) - Added global filter 'safety' (class=org.apache.hadoop.hdds.server.http.HttpServer2$QuotingInputFilter)
2022-11-09 16:18:52,278 [Listener at 0.0.0.0/44125] INFO  http.HttpServer2 (HttpServer2.java:addFilter(1007)) - Added filter static_user_filter (class=org.apache.hadoop.http.lib.StaticUserWebFilter$StaticUserFilter) to context scm
2022-11-09 16:18:52,278 [Listener at 0.0.0.0/44125] INFO  http.HttpServer2 (HttpServer2.java:addFilter(1015)) - Added filter static_user_filter (class=org.apache.hadoop.http.lib.StaticUserWebFilter$StaticUserFilter) to context static
2022-11-09 16:18:52,278 [Listener at 0.0.0.0/44125] INFO  http.HttpServer2 (HttpServer2.java:addFilter(1015)) - Added filter static_user_filter (class=org.apache.hadoop.http.lib.StaticUserWebFilter$StaticUserFilter) to context logs
2022-11-09 16:18:52,327 [Listener at 0.0.0.0/44125] INFO  http.HttpServer2 (HttpServer2.java:bindListener(1250)) - Jetty bound to port 36353
2022-11-09 16:18:52,329 [Listener at 0.0.0.0/44125] INFO  server.Server (Server.java:doStart(375)) - jetty-9.4.49.v20220914; built: 2022-09-14T01:07:36.601Z; git: 4231a3b2e4cb8548a412a789936d640a97b1aa0a; jvm 1.8.0_345-b01
2022-11-09 16:18:52,384 [Listener at 0.0.0.0/44125] INFO  server.session (DefaultSessionIdManager.java:doStart(334)) - DefaultSessionIdManager workerName=node0
2022-11-09 16:18:52,385 [Listener at 0.0.0.0/44125] INFO  server.session (DefaultSessionIdManager.java:doStart(339)) - No SessionScavenger set, using defaults
2022-11-09 16:18:52,387 [Listener at 0.0.0.0/44125] INFO  server.session (HouseKeeper.java:startScavenging(132)) - node0 Scavenging every 660000ms
2022-11-09 16:18:52,401 [Listener at 0.0.0.0/44125] INFO  handler.ContextHandler (ContextHandler.java:doStart(921)) - Started o.e.j.s.ServletContextHandler@4558998{logs,/logs,file:///home/runner/work/ozone/ozone/hadoop-ozone/integration-test/target/log,AVAILABLE}
2022-11-09 16:18:52,402 [Listener at 0.0.0.0/44125] INFO  handler.ContextHandler (ContextHandler.java:doStart(921)) - Started o.e.j.s.ServletContextHandler@9e409ed{static,/static,file:///home/runner/work/ozone/ozone/hadoop-ozone/integration-test/target/test-classes/webapps/static,AVAILABLE}
2022-11-09 16:18:52,463 [Listener at 0.0.0.0/44125] INFO  handler.ContextHandler (ContextHandler.java:doStart(921)) - Started o.e.j.w.WebAppContext@6fdb9c5e{scm,/,file:///home/runner/work/ozone/ozone/hadoop-ozone/integration-test/target/test-classes/webapps/scm/,AVAILABLE}{file:/home/runner/work/ozone/ozone/hadoop-ozone/integration-test/target/test-classes/webapps/scm}
2022-11-09 16:18:52,473 [Listener at 0.0.0.0/44125] INFO  server.AbstractConnector (AbstractConnector.java:doStart(333)) - Started ServerConnector@48b1334d{HTTP/1.1, (http/1.1)}{0.0.0.0:36353}
2022-11-09 16:18:52,474 [Listener at 0.0.0.0/44125] INFO  server.Server (Server.java:doStart(415)) - Started @11490ms
2022-11-09 16:18:52,476 [Listener at 0.0.0.0/44125] INFO  impl.MetricsSinkAdapter (MetricsSinkAdapter.java:start(204)) - Sink prometheus started
2022-11-09 16:18:52,476 [Listener at 0.0.0.0/44125] INFO  impl.MetricsSystemImpl (MetricsSystemImpl.java:registerSink(305)) - Registered sink prometheus
2022-11-09 16:18:52,477 [Listener at 0.0.0.0/44125] INFO  http.BaseHttpServer (BaseHttpServer.java:updateConnectorAddress(333)) - HTTP server of scm listening at http://0.0.0.0:36353
2022-11-09 16:18:52,477 [Listener at 0.0.0.0/44125] INFO  ozone.MiniOzoneHAClusterImpl (MiniOzoneHAClusterImpl.java:createSCMService(606)) - Started SCM RPC server at /0.0.0.0:44125
2022-11-09 16:18:52,496 [Listener at 0.0.0.0/44125] WARN  server.ServerUtils (ServerUtils.java:getScmDbDir(148)) - ozone.scm.db.dirs is not configured. We recommend adding this setting. Falling back to ozone.metadata.dirs instead.
2022-11-09 16:18:52,497 [Listener at 0.0.0.0/44125] INFO  ha.SCMHANodeDetails (SCMHANodeDetails.java:loadSCMHAConfig(209)) - ServiceID for StorageContainerManager is scmServiceId
2022-11-09 16:18:52,497 [Listener at 0.0.0.0/44125] INFO  ha.SCMHANodeDetails (SCMHANodeDetails.java:loadSCMHAConfig(220)) - ServiceID for StorageContainerManager is scmServiceId
2022-11-09 16:18:52,497 [Listener at 0.0.0.0/44125] WARN  scm.ScmUtils (ScmUtils.java:logWarn(190)) - ConfigKey ozone.scm.block.client.address is deprecated, For configuring different ports for each SCM use PortConfigKey ozone.scm.block.client.port appended with serviceId and nodeId. If want to configure same port configure ozone.scm.block.client.port
2022-11-09 16:18:52,497 [Listener at 0.0.0.0/44125] WARN  scm.ScmUtils (ScmUtils.java:logWarn(190)) - ConfigKey ozone.scm.client.address is deprecated, For configuring different ports for each SCM use PortConfigKey ozone.scm.client.port appended with serviceId and nodeId. If want to configure same port configure ozone.scm.client.port
2022-11-09 16:18:52,497 [Listener at 0.0.0.0/44125] WARN  scm.ScmUtils (ScmUtils.java:logWarn(190)) - ConfigKey ozone.scm.datanode.address is deprecated, For configuring different ports for each SCM use PortConfigKey ozone.scm.datanode.port appended with serviceId and nodeId. If want to configure same port configure ozone.scm.datanode.port
2022-11-09 16:18:52,498 [Listener at 0.0.0.0/44125] WARN  scm.ScmUtils (ScmUtils.java:logWarn(190)) - ConfigKey ozone.scm.block.client.address is deprecated, For configuring different ports for each SCM use PortConfigKey ozone.scm.block.client.port appended with serviceId and nodeId. If want to configure same port configure ozone.scm.block.client.port
2022-11-09 16:18:52,498 [Listener at 0.0.0.0/44125] WARN  scm.ScmUtils (ScmUtils.java:logWarn(190)) - ConfigKey ozone.scm.client.address is deprecated, For configuring different ports for each SCM use PortConfigKey ozone.scm.client.port appended with serviceId and nodeId. If want to configure same port configure ozone.scm.client.port
2022-11-09 16:18:52,498 [Listener at 0.0.0.0/44125] WARN  scm.ScmUtils (ScmUtils.java:logWarn(190)) - ConfigKey ozone.scm.datanode.address is deprecated, For configuring different ports for each SCM use PortConfigKey ozone.scm.datanode.port appended with serviceId and nodeId. If want to configure same port configure ozone.scm.datanode.port
2022-11-09 16:18:52,498 [Listener at 0.0.0.0/44125] INFO  ha.SCMHANodeDetails (SCMHANodeDetails.java:loadSCMHAConfig(307)) - Found matching SCM address with SCMServiceId: scmServiceId, SCMNodeId: scmNode-2, RPC Address: localhost:40591 and Ratis port: 40591
2022-11-09 16:18:52,498 [Listener at 0.0.0.0/44125] INFO  ha.SCMHANodeDetails (ConfUtils.java:setNodeSpecificConfigs(97)) - Setting configuration key ozone.scm.datanode.address with value of key ozone.scm.datanode.address.scmServiceId.scmNode-2: 127.0.0.1:35701
2022-11-09 16:18:52,498 [Listener at 0.0.0.0/44125] INFO  ha.SCMHANodeDetails (ConfUtils.java:setNodeSpecificConfigs(97)) - Setting configuration key ozone.scm.block.client.address with value of key ozone.scm.block.client.address.scmServiceId.scmNode-2: 127.0.0.1:44141
2022-11-09 16:18:52,498 [Listener at 0.0.0.0/44125] INFO  ha.SCMHANodeDetails (ConfUtils.java:setNodeSpecificConfigs(97)) - Setting configuration key ozone.scm.client.address with value of key ozone.scm.client.address.scmServiceId.scmNode-2: 127.0.0.1:43445
2022-11-09 16:18:52,498 [Listener at 0.0.0.0/44125] INFO  ha.SCMHANodeDetails (ConfUtils.java:setNodeSpecificConfigs(97)) - Setting configuration key ozone.scm.ratis.port with value of key ozone.scm.ratis.port.scmServiceId.scmNode-2: 40591
2022-11-09 16:18:52,498 [Listener at 0.0.0.0/44125] INFO  ha.SCMHANodeDetails (ConfUtils.java:setNodeSpecificConfigs(97)) - Setting configuration key ozone.scm.grpc.port with value of key ozone.scm.grpc.port.scmServiceId.scmNode-2: 41491
2022-11-09 16:18:52,498 [Listener at 0.0.0.0/44125] INFO  ha.SCMHANodeDetails (ConfUtils.java:setNodeSpecificConfigs(97)) - Setting configuration key ozone.scm.http-address with value of key ozone.scm.http-address.scmServiceId.scmNode-2: 127.0.0.1:40827
2022-11-09 16:18:52,499 [Listener at 0.0.0.0/44125] INFO  ha.SCMHANodeDetails (ConfUtils.java:setNodeSpecificConfigs(97)) - Setting configuration key ozone.scm.https-address with value of key ozone.scm.https-address.scmServiceId.scmNode-2: 127.0.0.1:42187
2022-11-09 16:18:52,499 [Listener at 0.0.0.0/44125] INFO  ha.SCMHANodeDetails (ConfUtils.java:setNodeSpecificConfigs(97)) - Setting configuration key ozone.scm.address with value of key ozone.scm.address.scmServiceId.scmNode-2: 127.0.0.1
2022-11-09 16:18:52,499 [Listener at 0.0.0.0/44125] WARN  scm.ScmUtils (ScmUtils.java:logWarn(190)) - ConfigKey ozone.scm.block.client.address is deprecated, For configuring different ports for each SCM use PortConfigKey ozone.scm.block.client.port appended with serviceId and nodeId. If want to configure same port configure ozone.scm.block.client.port
2022-11-09 16:18:52,499 [Listener at 0.0.0.0/44125] WARN  scm.ScmUtils (ScmUtils.java:logWarn(190)) - ConfigKey ozone.scm.client.address is deprecated, For configuring different ports for each SCM use PortConfigKey ozone.scm.client.port appended with serviceId and nodeId. If want to configure same port configure ozone.scm.client.port
2022-11-09 16:18:52,499 [Listener at 0.0.0.0/44125] WARN  scm.ScmUtils (ScmUtils.java:logWarn(190)) - ConfigKey ozone.scm.datanode.address is deprecated, For configuring different ports for each SCM use PortConfigKey ozone.scm.datanode.port appended with serviceId and nodeId. If want to configure same port configure ozone.scm.datanode.port
2022-11-09 16:18:52,507 [Listener at 0.0.0.0/44125] INFO  ha.SCMNodeInfo (SCMNodeInfo.java:getPort(197)) - ConfigKey ozone.scm.client.address is deprecated, For configuring different ports for each SCM use PortConfigKey ozone.scm.client.port appended with serviceId and nodeId
2022-11-09 16:18:52,507 [Listener at 0.0.0.0/44125] INFO  ha.SCMNodeInfo (SCMNodeInfo.java:getPort(197)) - ConfigKey ozone.scm.block.client.address is deprecated, For configuring different ports for each SCM use PortConfigKey ozone.scm.block.client.port appended with serviceId and nodeId
2022-11-09 16:18:52,507 [Listener at 0.0.0.0/44125] INFO  ha.SCMNodeInfo (SCMNodeInfo.java:getPort(197)) - ConfigKey ozone.scm.datanode.address is deprecated, For configuring different ports for each SCM use PortConfigKey ozone.scm.datanode.port appended with serviceId and nodeId
2022-11-09 16:18:52,507 [Listener at 0.0.0.0/44125] INFO  ha.SCMNodeInfo (SCMNodeInfo.java:getPort(197)) - ConfigKey ozone.scm.client.address is deprecated, For configuring different ports for each SCM use PortConfigKey ozone.scm.client.port appended with serviceId and nodeId
2022-11-09 16:18:52,508 [Listener at 0.0.0.0/44125] INFO  ha.SCMNodeInfo (SCMNodeInfo.java:getPort(197)) - ConfigKey ozone.scm.block.client.address is deprecated, For configuring different ports for each SCM use PortConfigKey ozone.scm.block.client.port appended with serviceId and nodeId
2022-11-09 16:18:52,508 [Listener at 0.0.0.0/44125] INFO  ha.SCMNodeInfo (SCMNodeInfo.java:getPort(197)) - ConfigKey ozone.scm.datanode.address is deprecated, For configuring different ports for each SCM use PortConfigKey ozone.scm.datanode.port appended with serviceId and nodeId
2022-11-09 16:18:52,509 [Listener at 0.0.0.0/44125] INFO  proxy.SCMBlockLocationFailoverProxyProvider (SCMBlockLocationFailoverProxyProvider.java:<init>(114)) - Created block location fail-over proxy with 2 nodes: [nodeId=scmNode-3,nodeAddress=/127.0.0.1:41133, nodeId=scmNode-1,nodeAddress=/127.0.0.1:46207]
2022-11-09 16:18:54,746 [Listener at 0.0.0.0/44125] INFO  retry.RetryInvocationHandler (RetryInvocationHandler.java:log(411)) - com.google.protobuf.ServiceException: java.net.ConnectException: Call From fv-az91-492/10.1.0.111 to localhost:41133 failed on connection exception: java.net.ConnectException: Connection refused; For more details see:  http://wiki.apache.org/hadoop/ConnectionRefused, while invoking $Proxy41.send over nodeId=scmNode-3,nodeAddress=/127.0.0.1:41133 after 1 failover attempts. Trying to failover after sleeping for 2000ms.
2022-11-09 16:18:56,740 [b72141cc-d5cc-4373-b066-0e22769f6f76@group-FABB0032522B-FollowerState] INFO  impl.FollowerState (FollowerState.java:run(143)) - b72141cc-d5cc-4373-b066-0e22769f6f76@group-FABB0032522B-FollowerState: change to CANDIDATE, lastRpcElapsedTime:5133691096ns, electionTimeout:5131ms
2022-11-09 16:18:56,740 [b72141cc-d5cc-4373-b066-0e22769f6f76@group-FABB0032522B-FollowerState] INFO  impl.RoleInfo (RoleInfo.java:shutdownFollowerState(110)) - b72141cc-d5cc-4373-b066-0e22769f6f76: shutdown b72141cc-d5cc-4373-b066-0e22769f6f76@group-FABB0032522B-FollowerState
2022-11-09 16:18:56,740 [b72141cc-d5cc-4373-b066-0e22769f6f76@group-FABB0032522B-FollowerState] INFO  server.RaftServer$Division (RaftServerImpl.java:setRole(321)) - b72141cc-d5cc-4373-b066-0e22769f6f76@group-FABB0032522B: changes role from  FOLLOWER to CANDIDATE at term 1 for changeToCandidate
2022-11-09 16:18:56,741 [b72141cc-d5cc-4373-b066-0e22769f6f76@group-FABB0032522B-FollowerState] INFO  server.RaftServerConfigKeys (ConfUtils.java:logGet(46)) - raft.server.leaderelection.pre-vote = false (custom)
2022-11-09 16:18:56,741 [b72141cc-d5cc-4373-b066-0e22769f6f76@group-FABB0032522B-FollowerState] INFO  impl.RoleInfo (RoleInfo.java:updateAndGet(139)) - b72141cc-d5cc-4373-b066-0e22769f6f76: start b72141cc-d5cc-4373-b066-0e22769f6f76@group-FABB0032522B-LeaderElection2
2022-11-09 16:18:56,743 [b72141cc-d5cc-4373-b066-0e22769f6f76@group-FABB0032522B-LeaderElection2] INFO  impl.LeaderElection (LeaderElection.java:askForVotes(312)) - b72141cc-d5cc-4373-b066-0e22769f6f76@group-FABB0032522B-LeaderElection2 ELECTION round 0: submit vote requests at term 2 for 0: peers:[b72141cc-d5cc-4373-b066-0e22769f6f76|rpc:localhost:44325|admin:|client:|dataStream:|priority:0|startupRole:FOLLOWER]|listeners:[], old=null
2022-11-09 16:18:56,744 [b72141cc-d5cc-4373-b066-0e22769f6f76@group-FABB0032522B-LeaderElection2] INFO  impl.LeaderElection (LeaderElection.java:askForVotes(314)) - b72141cc-d5cc-4373-b066-0e22769f6f76@group-FABB0032522B-LeaderElection2 ELECTION round 0: result PASSED (term=2)
2022-11-09 16:18:56,744 [b72141cc-d5cc-4373-b066-0e22769f6f76@group-FABB0032522B-LeaderElection2] INFO  impl.RoleInfo (RoleInfo.java:shutdownLeaderElection(130)) - b72141cc-d5cc-4373-b066-0e22769f6f76: shutdown b72141cc-d5cc-4373-b066-0e22769f6f76@group-FABB0032522B-LeaderElection2
2022-11-09 16:18:56,745 [b72141cc-d5cc-4373-b066-0e22769f6f76@group-FABB0032522B-LeaderElection2] INFO  server.RaftServer$Division (RaftServerImpl.java:setRole(321)) - b72141cc-d5cc-4373-b066-0e22769f6f76@group-FABB0032522B: changes role from CANDIDATE to LEADER at term 2 for changeToLeader
2022-11-09 16:18:56,745 [b72141cc-d5cc-4373-b066-0e22769f6f76@group-FABB0032522B-LeaderElection2] INFO  ha.SCMStateMachine (SCMStateMachine.java:notifyLeaderChanged(259)) - current SCM becomes leader of term 2.
2022-11-09 16:18:56,745 [b72141cc-d5cc-4373-b066-0e22769f6f76@group-FABB0032522B-LeaderElection2] INFO  ha.SCMContext (SCMContext.java:updateLeaderAndTerm(99)) - update <isLeader,term> from <false,0> to <true,2>
2022-11-09 16:18:56,747 [b72141cc-d5cc-4373-b066-0e22769f6f76@group-FABB0032522B-LeaderElection2] INFO  server.RaftServer$Division (ServerState.java:setLeader(313)) - b72141cc-d5cc-4373-b066-0e22769f6f76@group-FABB0032522B: change Leader from null to b72141cc-d5cc-4373-b066-0e22769f6f76 at term 2 for becomeLeader, leader elected after 6403ms
2022-11-09 16:18:56,748 [b72141cc-d5cc-4373-b066-0e22769f6f76@group-FABB0032522B-LeaderElection2] INFO  server.RaftServerConfigKeys (ConfUtils.java:logGet(46)) - raft.server.staging.catchup.gap = 1000 (default)
2022-11-09 16:18:56,749 [b72141cc-d5cc-4373-b066-0e22769f6f76@group-FABB0032522B-LeaderElection2] INFO  server.RaftServerConfigKeys (ConfUtils.java:logGet(46)) - raft.server.write.element-limit = 4096 (default)
2022-11-09 16:18:56,749 [b72141cc-d5cc-4373-b066-0e22769f6f76@group-FABB0032522B-LeaderElection2] INFO  server.RaftServerConfigKeys (ConfUtils.java:logGet(46)) - raft.server.write.byte-limit = 64MB (=67108864) (default)
2022-11-09 16:18:56,750 [b72141cc-d5cc-4373-b066-0e22769f6f76@group-FABB0032522B-LeaderElection2] INFO  server.RaftServerConfigKeys (ConfUtils.java:logGet(46)) - raft.server.watch.timeout = 10s (default)
2022-11-09 16:18:56,750 [b72141cc-d5cc-4373-b066-0e22769f6f76@group-FABB0032522B-LeaderElection2] INFO  server.RaftServerConfigKeys (ConfUtils.java:logGet(46)) - raft.server.watch.timeout.denomination = 1s (default)
2022-11-09 16:18:56,750 [b72141cc-d5cc-4373-b066-0e22769f6f76@group-FABB0032522B-LeaderElection2] INFO  server.RaftServerConfigKeys (ConfUtils.java:logGet(46)) - raft.server.watch.element-limit = 65536 (default)
2022-11-09 16:18:56,750 [b72141cc-d5cc-4373-b066-0e22769f6f76@group-FABB0032522B-LeaderElection2] INFO  server.RaftServerConfigKeys (ConfUtils.java:logGet(46)) - raft.server.write.element-limit = 4096 (default)
2022-11-09 16:18:56,751 [b72141cc-d5cc-4373-b066-0e22769f6f76@group-FABB0032522B-LeaderElection2] INFO  server.RaftServerConfigKeys (ConfUtils.java:logGet(46)) - raft.server.write.follower.gap.ratio.max = -1.0 (default)
2022-11-09 16:18:56,751 [b72141cc-d5cc-4373-b066-0e22769f6f76@group-FABB0032522B-LeaderElection2] INFO  impl.RoleInfo (RoleInfo.java:updateAndGet(139)) - b72141cc-d5cc-4373-b066-0e22769f6f76: start b72141cc-d5cc-4373-b066-0e22769f6f76@group-FABB0032522B-LeaderStateImpl
2022-11-09 16:18:56,752 [b72141cc-d5cc-4373-b066-0e22769f6f76@group-FABB0032522B-LeaderElection2] INFO  segmented.SegmentedRaftLogWorker (SegmentedRaftLogWorker.java:rollLogSegment(457)) - b72141cc-d5cc-4373-b066-0e22769f6f76@group-FABB0032522B-SegmentedRaftLogWorker: Rolling segment log-0_0 to index:0
2022-11-09 16:18:56,755 [b72141cc-d5cc-4373-b066-0e22769f6f76@group-FABB0032522B-SegmentedRaftLogWorker] INFO  segmented.SegmentedRaftLogWorker (SegmentedRaftLogWorker.java:execute(613)) - b72141cc-d5cc-4373-b066-0e22769f6f76@group-FABB0032522B-SegmentedRaftLogWorker: Rolled log segment from /home/runner/work/ozone/ozone/hadoop-ozone/integration-test/target/test-dir/MiniOzoneClusterImpl-5b74f3a4-74d7-4700-a005-fabb0032522b/scmNode-1/scm-ha/5b74f3a4-74d7-4700-a005-fabb0032522b/current/log_inprogress_0 to /home/runner/work/ozone/ozone/hadoop-ozone/integration-test/target/test-dir/MiniOzoneClusterImpl-5b74f3a4-74d7-4700-a005-fabb0032522b/scmNode-1/scm-ha/5b74f3a4-74d7-4700-a005-fabb0032522b/current/log_0-0
2022-11-09 16:18:56,762 [Listener at 0.0.0.0/44125] INFO  retry.RetryInvocationHandler (RetryInvocationHandler.java:log(411)) - com.google.protobuf.ServiceException: org.apache.hadoop.ipc.RemoteException(org.apache.hadoop.hdds.ratis.ServerNotLeaderException): Server:b72141cc-d5cc-4373-b066-0e22769f6f76 is not the leader. Could not determine the leader node.
	at org.apache.hadoop.hdds.ratis.ServerNotLeaderException.convertToNotLeaderException(ServerNotLeaderException.java:109)
	at org.apache.hadoop.hdds.scm.ha.RatisUtil.checkRatisException(RatisUtil.java:246)
	at org.apache.hadoop.hdds.scm.protocol.ScmBlockLocationProtocolServerSideTranslatorPB.send(ScmBlockLocationProtocolServerSideTranslatorPB.java:109)
	at org.apache.hadoop.hdds.protocol.proto.ScmBlockLocationProtocolProtos$ScmBlockLocationProtocolService$2.callBlockingMethod(ScmBlockLocationProtocolProtos.java:14202)
	at org.apache.hadoop.ipc.ProtobufRpcEngine$Server.processCall(ProtobufRpcEngine.java:465)
	at org.apache.hadoop.ipc.ProtobufRpcEngine2$Server$ProtoBufRpcInvoker.call(ProtobufRpcEngine2.java:578)
	at org.apache.hadoop.ipc.ProtobufRpcEngine2$Server$ProtoBufRpcInvoker.call(ProtobufRpcEngine2.java:556)
	at org.apache.hadoop.ipc.RPC$Server.call(RPC.java:1093)
	at org.apache.hadoop.ipc.Server$RpcCall.run(Server.java:1043)
	at org.apache.hadoop.ipc.Server$RpcCall.run(Server.java:971)
	at java.security.AccessController.doPrivileged(Native Method)
	at javax.security.auth.Subject.doAs(Subject.java:422)
	at org.apache.hadoop.security.UserGroupInformation.doAs(UserGroupInformation.java:1878)
	at org.apache.hadoop.ipc.Server$Handler.run(Server.java:2976)
, while invoking $Proxy41.send over nodeId=scmNode-1,nodeAddress=/127.0.0.1:46207 after 2 failover attempts. Trying to failover after sleeping for 2000ms.
2022-11-09 16:18:56,768 [b72141cc-d5cc-4373-b066-0e22769f6f76@group-FABB0032522B-LeaderElection2] INFO  server.RaftServer$Division (ServerState.java:setRaftConf(430)) - b72141cc-d5cc-4373-b066-0e22769f6f76@group-FABB0032522B: set configuration 1: peers:[b72141cc-d5cc-4373-b066-0e22769f6f76|rpc:localhost:44325|admin:|client:|dataStream:|priority:0|startupRole:FOLLOWER]|listeners:[], old=null
2022-11-09 16:18:56,773 [b72141cc-d5cc-4373-b066-0e22769f6f76@group-FABB0032522B-SegmentedRaftLogWorker] INFO  segmented.SegmentedRaftLogWorker (SegmentedRaftLogWorker.java:execute(656)) - b72141cc-d5cc-4373-b066-0e22769f6f76@group-FABB0032522B-SegmentedRaftLogWorker: created new log segment /home/runner/work/ozone/ozone/hadoop-ozone/integration-test/target/test-dir/MiniOzoneClusterImpl-5b74f3a4-74d7-4700-a005-fabb0032522b/scmNode-1/scm-ha/5b74f3a4-74d7-4700-a005-fabb0032522b/current/log_inprogress_1
2022-11-09 16:18:56,778 [b72141cc-d5cc-4373-b066-0e22769f6f76@group-FABB0032522B-StateMachineUpdater] INFO  ha.SCMContext (SCMContext.java:setLeaderReady(126)) - update <isLeaderReady> from <false> to <true>
2022-11-09 16:18:56,778 [b72141cc-d5cc-4373-b066-0e22769f6f76@group-FABB0032522B-StateMachineUpdater] INFO  pipeline.BackgroundPipelineCreator (BackgroundPipelineCreator.java:notifyStatusChanged(254)) - Service BackgroundPipelineCreator transitions to RUNNING.
2022-11-09 16:18:56,783 [b72141cc-d5cc-4373-b066-0e22769f6f76@group-FABB0032522B-StateMachineUpdater] INFO  safemode.HealthyPipelineSafeModeRule (HealthyPipelineSafeModeRule.java:initializeRule(165)) - Refreshed total pipeline count is 0, healthy pipeline threshold count is 1
2022-11-09 16:18:56,783 [b72141cc-d5cc-4373-b066-0e22769f6f76@group-FABB0032522B-StateMachineUpdater] INFO  safemode.ContainerSafeModeRule (ContainerSafeModeRule.java:reInitializeRule(177)) - Refreshed one replica container threshold 0, currentThreshold 0
2022-11-09 16:18:56,784 [b72141cc-d5cc-4373-b066-0e22769f6f76@group-FABB0032522B-StateMachineUpdater] INFO  safemode.OneReplicaPipelineSafeModeRule (OneReplicaPipelineSafeModeRule.java:initializeRule(176)) - Refreshed Total pipeline count is 0, pipeline's with at least one datanode reported threshold count is 0
2022-11-09 16:18:56,784 [b72141cc-d5cc-4373-b066-0e22769f6f76@group-FABB0032522B-StateMachineUpdater] INFO  server.SCMDatanodeProtocolServer (SCMDatanodeProtocolServer.java:start(186)) - ScmDatanodeProtocol RPC server for DataNodes is listening at /0.0.0.0:44989
2022-11-09 16:18:56,786 [IPC Server Responder] INFO  ipc.Server (Server.java:run(1512)) - IPC Server Responder: starting
2022-11-09 16:18:56,786 [IPC Server listener on 44989] INFO  ipc.Server (Server.java:run(1352)) - IPC Server listener on 44989: starting
2022-11-09 16:18:58,763 [Listener at 0.0.0.0/44125] INFO  retry.RetryInvocationHandler (RetryInvocationHandler.java:log(411)) - com.google.protobuf.ServiceException: java.net.ConnectException: Call From fv-az91-492/10.1.0.111 to localhost:41133 failed on connection exception: java.net.ConnectException: Connection refused; For more details see:  http://wiki.apache.org/hadoop/ConnectionRefused, while invoking $Proxy41.send over nodeId=scmNode-3,nodeAddress=/127.0.0.1:41133 after 3 failover attempts. Trying to failover after sleeping for 2000ms.
2022-11-09 16:19:00,794 [Listener at 0.0.0.0/44125] INFO  server.StorageContainerManager (StorageContainerManager.java:scmBootstrap(1131)) - SCM BootStrap  is successful for ClusterID 5b74f3a4-74d7-4700-a005-fabb0032522b, SCMID 622c10ad-5518-4f12-b7b6-fef968aa587d
2022-11-09 16:19:00,794 [Listener at 0.0.0.0/44125] INFO  server.StorageContainerManager (StorageContainerManager.java:scmBootstrap(1133)) - Primary SCM Node ID b72141cc-d5cc-4373-b066-0e22769f6f76
2022-11-09 16:19:00,794 [Listener at 0.0.0.0/44125] WARN  server.ServerUtils (ServerUtils.java:getScmDbDir(148)) - ozone.scm.db.dirs is not configured. We recommend adding this setting. Falling back to ozone.metadata.dirs instead.
2022-11-09 16:19:00,795 [Listener at 0.0.0.0/44125] INFO  ha.SCMHANodeDetails (SCMHANodeDetails.java:loadSCMHAConfig(209)) - ServiceID for StorageContainerManager is scmServiceId
2022-11-09 16:19:00,795 [Listener at 0.0.0.0/44125] INFO  ha.SCMHANodeDetails (SCMHANodeDetails.java:loadSCMHAConfig(220)) - ServiceID for StorageContainerManager is scmServiceId
2022-11-09 16:19:00,795 [Listener at 0.0.0.0/44125] WARN  scm.ScmUtils (ScmUtils.java:logWarn(190)) - ConfigKey ozone.scm.block.client.address is deprecated, For configuring different ports for each SCM use PortConfigKey ozone.scm.block.client.port appended with serviceId and nodeId. If want to configure same port configure ozone.scm.block.client.port
2022-11-09 16:19:00,795 [Listener at 0.0.0.0/44125] WARN  scm.ScmUtils (ScmUtils.java:logWarn(190)) - ConfigKey ozone.scm.client.address is deprecated, For configuring different ports for each SCM use PortConfigKey ozone.scm.client.port appended with serviceId and nodeId. If want to configure same port configure ozone.scm.client.port
2022-11-09 16:19:00,795 [Listener at 0.0.0.0/44125] WARN  scm.ScmUtils (ScmUtils.java:logWarn(190)) - ConfigKey ozone.scm.datanode.address is deprecated, For configuring different ports for each SCM use PortConfigKey ozone.scm.datanode.port appended with serviceId and nodeId. If want to configure same port configure ozone.scm.datanode.port
2022-11-09 16:19:00,796 [Listener at 0.0.0.0/44125] WARN  scm.ScmUtils (ScmUtils.java:logWarn(190)) - ConfigKey ozone.scm.block.client.address is deprecated, For configuring different ports for each SCM use PortConfigKey ozone.scm.block.client.port appended with serviceId and nodeId. If want to configure same port configure ozone.scm.block.client.port
2022-11-09 16:19:00,796 [Listener at 0.0.0.0/44125] WARN  scm.ScmUtils (ScmUtils.java:logWarn(190)) - ConfigKey ozone.scm.client.address is deprecated, For configuring different ports for each SCM use PortConfigKey ozone.scm.client.port appended with serviceId and nodeId. If want to configure same port configure ozone.scm.client.port
2022-11-09 16:19:00,796 [Listener at 0.0.0.0/44125] WARN  scm.ScmUtils (ScmUtils.java:logWarn(190)) - ConfigKey ozone.scm.datanode.address is deprecated, For configuring different ports for each SCM use PortConfigKey ozone.scm.datanode.port appended with serviceId and nodeId. If want to configure same port configure ozone.scm.datanode.port
2022-11-09 16:19:00,796 [Listener at 0.0.0.0/44125] INFO  ha.SCMHANodeDetails (SCMHANodeDetails.java:loadSCMHAConfig(307)) - Found matching SCM address with SCMServiceId: scmServiceId, SCMNodeId: scmNode-2, RPC Address: localhost:40591 and Ratis port: 40591
2022-11-09 16:19:00,796 [Listener at 0.0.0.0/44125] INFO  ha.SCMHANodeDetails (ConfUtils.java:setNodeSpecificConfigs(97)) - Setting configuration key ozone.scm.datanode.address with value of key ozone.scm.datanode.address.scmServiceId.scmNode-2: 127.0.0.1:35701
2022-11-09 16:19:00,796 [Listener at 0.0.0.0/44125] INFO  ha.SCMHANodeDetails (ConfUtils.java:setNodeSpecificConfigs(97)) - Setting configuration key ozone.scm.block.client.address with value of key ozone.scm.block.client.address.scmServiceId.scmNode-2: 127.0.0.1:44141
2022-11-09 16:19:00,796 [Listener at 0.0.0.0/44125] INFO  ha.SCMHANodeDetails (ConfUtils.java:setNodeSpecificConfigs(97)) - Setting configuration key ozone.scm.client.address with value of key ozone.scm.client.address.scmServiceId.scmNode-2: 127.0.0.1:43445
2022-11-09 16:19:00,797 [Listener at 0.0.0.0/44125] INFO  ha.SCMHANodeDetails (ConfUtils.java:setNodeSpecificConfigs(97)) - Setting configuration key ozone.scm.ratis.port with value of key ozone.scm.ratis.port.scmServiceId.scmNode-2: 40591
2022-11-09 16:19:00,797 [Listener at 0.0.0.0/44125] INFO  ha.SCMHANodeDetails (ConfUtils.java:setNodeSpecificConfigs(97)) - Setting configuration key ozone.scm.grpc.port with value of key ozone.scm.grpc.port.scmServiceId.scmNode-2: 41491
2022-11-09 16:19:00,798 [Listener at 0.0.0.0/44125] INFO  ha.SCMHANodeDetails (ConfUtils.java:setNodeSpecificConfigs(97)) - Setting configuration key ozone.scm.http-address with value of key ozone.scm.http-address.scmServiceId.scmNode-2: 127.0.0.1:40827
2022-11-09 16:19:00,798 [Listener at 0.0.0.0/44125] INFO  ha.SCMHANodeDetails (ConfUtils.java:setNodeSpecificConfigs(97)) - Setting configuration key ozone.scm.https-address with value of key ozone.scm.https-address.scmServiceId.scmNode-2: 127.0.0.1:42187
2022-11-09 16:19:00,799 [Listener at 0.0.0.0/44125] INFO  ha.SCMHANodeDetails (ConfUtils.java:setNodeSpecificConfigs(97)) - Setting configuration key ozone.scm.address with value of key ozone.scm.address.scmServiceId.scmNode-2: 127.0.0.1
2022-11-09 16:19:00,799 [Listener at 0.0.0.0/44125] WARN  scm.ScmUtils (ScmUtils.java:logWarn(190)) - ConfigKey ozone.scm.block.client.address is deprecated, For configuring different ports for each SCM use PortConfigKey ozone.scm.block.client.port appended with serviceId and nodeId. If want to configure same port configure ozone.scm.block.client.port
2022-11-09 16:19:00,799 [Listener at 0.0.0.0/44125] WARN  scm.ScmUtils (ScmUtils.java:logWarn(190)) - ConfigKey ozone.scm.client.address is deprecated, For configuring different ports for each SCM use PortConfigKey ozone.scm.client.port appended with serviceId and nodeId. If want to configure same port configure ozone.scm.client.port
2022-11-09 16:19:00,799 [Listener at 0.0.0.0/44125] WARN  scm.ScmUtils (ScmUtils.java:logWarn(190)) - ConfigKey ozone.scm.datanode.address is deprecated, For configuring different ports for each SCM use PortConfigKey ozone.scm.datanode.port appended with serviceId and nodeId. If want to configure same port configure ozone.scm.datanode.port
2022-11-09 16:19:00,804 [Listener at 0.0.0.0/44125] WARN  utils.HAUtils (HAUtils.java:getMetaDir(342)) - ozone.scm.db.dirs is not configured. We recommend adding this setting. Falling back to ozone.metadata.dirs instead.
2022-11-09 16:19:00,805 [Listener at 0.0.0.0/44125] WARN  db.DBStoreBuilder (DBStoreBuilder.java:applyDBDefinition(144)) - ozone.scm.db.dirs is not configured. We recommend adding this setting. Falling back to ozone.metadata.dirs instead.
2022-11-09 16:19:00,910 [Listener at 0.0.0.0/44125] INFO  net.NodeSchemaLoader (NodeSchemaLoader.java:loadSchemaFromFile(129)) - Loading schema from [jar:file:/home/runner/.m2/repository/org/apache/ozone/hdds-common/1.3.0-SNAPSHOT/hdds-common-1.3.0-SNAPSHOT.jar!/network-topology-default.xml]
2022-11-09 16:19:00,911 [Listener at 0.0.0.0/44125] INFO  net.NodeSchemaLoader (NodeSchemaLoader.java:loadSchema(176)) - Loading network topology layer schema file
2022-11-09 16:19:00,915 [Listener at 0.0.0.0/44125] WARN  impl.MetricRegistriesImpl (MetricRegistriesImpl.java:addReporterRegistration(111)) - New reporters are added after registries were created. Some metrics will be missing from the reporter. Please add reporter before adding any new registry.
2022-11-09 16:19:00,915 [Listener at 0.0.0.0/44125] WARN  impl.MetricRegistriesImpl (MetricRegistriesImpl.java:addReporterRegistration(111)) - New reporters are added after registries were created. Some metrics will be missing from the reporter. Please add reporter before adding any new registry.
2022-11-09 16:19:00,916 [Listener at 0.0.0.0/44125] INFO  ha.SCMRatisServerImpl (SCMRatisServerImpl.java:<init>(87)) - starting Raft server for scm:622c10ad-5518-4f12-b7b6-fef968aa587d
2022-11-09 16:19:00,917 [Listener at 0.0.0.0/44125] INFO  server.RaftServer (ConfUtils.java:logGet(46)) - raft.rpc.type = GRPC (default)
2022-11-09 16:19:00,917 [Listener at 0.0.0.0/44125] INFO  grpc.GrpcConfigKeys (ConfUtils.java:logFallback(53)) - raft.grpc.admin.host = null (fallback to raft.grpc.server.host)
2022-11-09 16:19:00,917 [Listener at 0.0.0.0/44125] INFO  grpc.GrpcConfigKeys (ConfUtils.java:logFallback(53)) - raft.grpc.admin.port = 40591 (fallback to raft.grpc.server.port)
2022-11-09 16:19:00,917 [Listener at 0.0.0.0/44125] INFO  grpc.GrpcConfigKeys (ConfUtils.java:logFallback(53)) - raft.grpc.client.host = null (fallback to raft.grpc.server.host)
2022-11-09 16:19:00,917 [Listener at 0.0.0.0/44125] INFO  grpc.GrpcConfigKeys (ConfUtils.java:logFallback(53)) - raft.grpc.client.port = 40591 (fallback to raft.grpc.server.port)
2022-11-09 16:19:00,917 [Listener at 0.0.0.0/44125] INFO  grpc.GrpcConfigKeys (ConfUtils.java:logGet(46)) - raft.grpc.server.host = null (default)
2022-11-09 16:19:00,917 [Listener at 0.0.0.0/44125] INFO  grpc.GrpcConfigKeys (ConfUtils.java:logGet(46)) - raft.grpc.server.port = 40591 (custom)
2022-11-09 16:19:00,917 [Listener at 0.0.0.0/44125] INFO  server.GrpcService (ConfUtils.java:logGet(46)) - raft.grpc.message.size.max = 32m (=33554432) (custom)
2022-11-09 16:19:00,918 [Listener at 0.0.0.0/44125] INFO  server.RaftServerConfigKeys (ConfUtils.java:logGet(46)) - raft.server.log.appender.buffer.byte-limit = 33554432 (custom)
2022-11-09 16:19:00,918 [Listener at 0.0.0.0/44125] INFO  server.GrpcService (ConfUtils.java:logGet(46)) - raft.grpc.flow.control.window = 1MB (=1048576) (default)
2022-11-09 16:19:00,918 [Listener at 0.0.0.0/44125] INFO  server.RaftServerConfigKeys (ConfUtils.java:logGet(46)) - raft.server.rpc.request.timeout = 30000ms (custom)
2022-11-09 16:19:00,918 [Listener at 0.0.0.0/44125] INFO  grpc.GrpcConfigKeys (ConfUtils.java:logGet(46)) - raft.grpc.server.heartbeat.channel = true (default)
2022-11-09 16:19:00,918 [Listener at 0.0.0.0/44125] INFO  grpc.GrpcConfigKeys (ConfUtils.java:logGet(46)) - raft.grpc.server.async.request.thread.pool.cached = true (default)
2022-11-09 16:19:00,919 [Listener at 0.0.0.0/44125] INFO  grpc.GrpcConfigKeys (ConfUtils.java:logGet(46)) - raft.grpc.server.async.request.thread.pool.size = 32 (default)
2022-11-09 16:19:00,920 [Listener at 0.0.0.0/44125] INFO  impl.DataStreamServerImpl (ConfUtils.java:logGet(46)) - raft.datastream.type = DISABLED (default)
2022-11-09 16:19:00,921 [Listener at 0.0.0.0/44125] INFO  server.RaftServerConfigKeys (ConfUtils.java:logGet(46)) - raft.server.threadpool.proxy.cached = true (default)
2022-11-09 16:19:00,921 [Listener at 0.0.0.0/44125] INFO  server.RaftServerConfigKeys (ConfUtils.java:logGet(46)) - raft.server.threadpool.proxy.size = 0 (default)
2022-11-09 16:19:00,922 [Listener at 0.0.0.0/44125] INFO  server.RaftServerConfigKeys (ConfUtils.java:logGet(46)) - raft.server.rpc.slowness.timeout = 120000ms (custom)
2022-11-09 16:19:00,922 [Listener at 0.0.0.0/44125] INFO  server.RaftServerConfigKeys (ConfUtils.java:logGet(46)) - raft.server.leaderelection.leader.step-down.wait-time = 10s (default)
2022-11-09 16:19:00,922 [Listener at 0.0.0.0/44125] INFO  server.RaftServerConfigKeys (ConfUtils.java:logGet(46)) - raft.server.storage.dir = [/home/runner/work/ozone/ozone/hadoop-ozone/integration-test/target/test-dir/MiniOzoneClusterImpl-5b74f3a4-74d7-4700-a005-fabb0032522b/scmNode-2/scm-ha] (custom)
2022-11-09 16:19:00,928 [Listener at 0.0.0.0/44125] INFO  server.RaftServer (RaftServerProxy.java:addNew(96)) - 622c10ad-5518-4f12-b7b6-fef968aa587d: addNew group-FABB0032522B:[] returns group-FABB0032522B:java.util.concurrent.CompletableFuture@3acc4739[Not completed]
2022-11-09 16:19:00,928 [pool-54-thread-1] INFO  server.RaftServer$Division (RaftServerImpl.java:<init>(195)) - 622c10ad-5518-4f12-b7b6-fef968aa587d: new RaftServerImpl for group-FABB0032522B:[] with SCMStateMachine:uninitialized
2022-11-09 16:19:00,930 [pool-54-thread-1] INFO  server.RaftServerConfigKeys (ConfUtils.java:logGet(46)) - raft.server.rpc.timeout.min = 5000ms (custom)
2022-11-09 16:19:00,930 [pool-54-thread-1] INFO  server.RaftServerConfigKeys (ConfUtils.java:logGet(46)) - raft.server.rpc.timeout.max = 5200ms (custom)
2022-11-09 16:19:00,930 [pool-54-thread-1] INFO  server.RaftServerConfigKeys (ConfUtils.java:logGet(46)) - raft.server.rpc.sleep.time = 25ms (default)
2022-11-09 16:19:00,931 [pool-54-thread-1] INFO  server.RaftServerConfigKeys (ConfUtils.java:logGet(46)) - raft.server.rpc.slowness.timeout = 120000ms (custom)
2022-11-09 16:19:00,931 [pool-54-thread-1] INFO  server.RaftServerConfigKeys (ConfUtils.java:logGet(46)) - raft.server.leaderelection.leader.step-down.wait-time = 10s (default)
2022-11-09 16:19:00,931 [pool-54-thread-1] INFO  server.RaftServerConfigKeys (ConfUtils.java:logGet(46)) - raft.server.sleep.deviation.threshold = 300ms (default)
2022-11-09 16:19:00,931 [pool-54-thread-1] INFO  server.RaftServer$Division (ServerState.java:<init>(118)) - 622c10ad-5518-4f12-b7b6-fef968aa587d@group-FABB0032522B: ConfigurationManager, init=-1: peers:[]|listeners:[], old=null, confs=<EMPTY_MAP>
2022-11-09 16:19:00,932 [pool-54-thread-1] INFO  server.RaftServerConfigKeys (ConfUtils.java:logGet(46)) - raft.server.storage.dir = [/home/runner/work/ozone/ozone/hadoop-ozone/integration-test/target/test-dir/MiniOzoneClusterImpl-5b74f3a4-74d7-4700-a005-fabb0032522b/scmNode-2/scm-ha] (custom)
2022-11-09 16:19:00,932 [pool-54-thread-1] INFO  server.RaftServerConfigKeys (ConfUtils.java:logGet(46)) - raft.server.log.corruption.policy = EXCEPTION (default)
2022-11-09 16:19:00,932 [pool-54-thread-1] INFO  server.RaftServerConfigKeys (ConfUtils.java:logGet(46)) - raft.server.storage.free-space.min = 0MB (=0) (default)
2022-11-09 16:19:00,932 [pool-54-thread-1] INFO  server.RaftServerConfigKeys (ConfUtils.java:logGet(46)) - raft.server.notification.no-leader.timeout = 60s (default)
2022-11-09 16:19:00,933 [pool-54-thread-1] INFO  server.RaftServerConfigKeys (ConfUtils.java:logGet(46)) - raft.server.retrycache.expirytime = 60000ms (default)
2022-11-09 16:19:00,933 [pool-54-thread-1] INFO  server.RaftServerConfigKeys (ConfUtils.java:logGet(46)) - raft.server.retrycache.statistics.expirytime = 100μs (default)
2022-11-09 16:19:00,937 [pool-54-thread-1] INFO  server.RaftServerConfigKeys (ConfUtils.java:logGet(46)) - raft.server.log.appender.install.snapshot.enabled = false (custom)
2022-11-09 16:19:00,937 [pool-54-thread-1] INFO  server.RaftServerConfigKeys (ConfUtils.java:logGet(46)) - raft.server.threadpool.server.cached = true (default)
2022-11-09 16:19:00,937 [pool-54-thread-1] INFO  server.RaftServerConfigKeys (ConfUtils.java:logGet(46)) - raft.server.threadpool.server.size = 0 (default)
2022-11-09 16:19:00,937 [pool-54-thread-1] INFO  server.RaftServerConfigKeys (ConfUtils.java:logGet(46)) - raft.server.threadpool.client.cached = true (default)
2022-11-09 16:19:00,937 [pool-54-thread-1] INFO  server.RaftServerConfigKeys (ConfUtils.java:logGet(46)) - raft.server.threadpool.client.size = 0 (default)
2022-11-09 16:19:00,937 [Listener at 0.0.0.0/44125] INFO  ha.SCMSnapshotProvider (SCMSnapshotProvider.java:<init>(66)) - Initializing SCM Snapshot Provider
2022-11-09 16:19:00,937 [Listener at 0.0.0.0/44125] WARN  server.ServerUtils (ServerUtils.java:getDefaultRatisDirectory(237)) - Storage directory for Ratis is not configured. It is a good idea to map this to an SSD disk. Falling back to ozone.metadata.dirs
2022-11-09 16:19:00,938 [Listener at 0.0.0.0/44125] WARN  ha.SCMHAUtils (SCMHAUtils.java:getSCMRatisSnapshotDirectory(153)) - SCM snapshot dir is not configured. Falling back to ozone.metadata.dirs config
2022-11-09 16:19:00,939 [Listener at 0.0.0.0/44125] INFO  upgrade.AbstractLayoutVersionManager (AbstractLayoutVersionManager.java:init(83)) - Initializing Layout version manager with metadata layout = DATANODE_SCHEMA_V3 (version = 4), software layout = DATANODE_SCHEMA_V3 (version = 4)
2022-11-09 16:19:00,998 [Listener at 0.0.0.0/44125] INFO  reflections.Reflections (Reflections.java:scan(232)) - Reflections took 57 ms to scan 7 urls, producing 139 keys and 336 values 
2022-11-09 16:19:01,004 [Listener at 0.0.0.0/44125] INFO  ha.SequenceIdGenerator (SequenceIdGenerator.java:upgradeToSequenceId(349)) - upgrade localId to 109611004723200000
2022-11-09 16:19:01,005 [Listener at 0.0.0.0/44125] INFO  ha.SequenceIdGenerator (SequenceIdGenerator.java:upgradeToSequenceId(359)) - upgrade delTxnId to 0
2022-11-09 16:19:01,005 [Listener at 0.0.0.0/44125] INFO  ha.SequenceIdGenerator (SequenceIdGenerator.java:upgradeToSequenceId(376)) - upgrade containerId to 0
2022-11-09 16:19:01,005 [Listener at 0.0.0.0/44125] INFO  ha.SequenceIdGenerator (SequenceIdGenerator.java:<init>(220)) - Init the HA SequenceIdGenerator.
2022-11-09 16:19:01,005 [Listener at 0.0.0.0/44125] WARN  server.ServerUtils (ServerUtils.java:sanitizeUserArgs(73)) - ozone.scm.stale.node.interval value = 300000 is larger than max = 100000 based on the key value of ozone.scm.heartbeat.thread.interval, reset to the max value 100000.
2022-11-09 16:19:01,005 [Listener at 0.0.0.0/44125] WARN  server.ServerUtils (ServerUtils.java:sanitizeUserArgs(73)) - ozone.scm.stale.node.interval value = 300000 is larger than max = 100000 based on the key value of ozone.scm.heartbeat.thread.interval, reset to the max value 100000.
2022-11-09 16:19:01,012 [Listener at 0.0.0.0/44125] INFO  node.SCMNodeManager (SCMNodeManager.java:<init>(149)) - Entering startup safe mode.
2022-11-09 16:19:01,039 [Listener at 0.0.0.0/44125] INFO  algorithms.ContainerPlacementPolicyFactory (ContainerPlacementPolicyFactory.java:getPolicyInternal(86)) - Create container placement policy of type org.apache.hadoop.hdds.scm.container.placement.algorithms.SCMContainerPlacementRandom
2022-11-09 16:19:01,040 [Listener at 0.0.0.0/44125] INFO  algorithms.ContainerPlacementPolicyFactory (ContainerPlacementPolicyFactory.java:getPolicyInternal(86)) - Create container placement policy of type org.apache.hadoop.hdds.scm.container.placement.algorithms.SCMContainerPlacementRackScatter
2022-11-09 16:19:01,040 [Listener at 0.0.0.0/44125] INFO  pipeline.PipelineStateManagerImpl (PipelineStateManagerImpl.java:initialize(78)) - No pipeline exists in current db
2022-11-09 16:19:01,040 [Listener at 0.0.0.0/44125] INFO  algorithms.LeaderChoosePolicyFactory (LeaderChoosePolicyFactory.java:getPolicy(57)) - Create leader choose policy of type org.apache.hadoop.hdds.scm.pipeline.leader.choose.algorithms.MinLeaderCountChoosePolicy
2022-11-09 16:19:01,040 [Listener at 0.0.0.0/44125] INFO  algorithms.ContainerPlacementPolicyFactory (ContainerPlacementPolicyFactory.java:getPolicyInternal(86)) - Create container placement policy of type org.apache.hadoop.hdds.scm.container.placement.algorithms.SCMContainerPlacementRackScatter
2022-11-09 16:19:01,041 [Listener at 0.0.0.0/44125] INFO  ha.SCMServiceManager (SCMServiceManager.java:register(42)) - Registering service BackgroundPipelineCreator.
2022-11-09 16:19:01,041 [Listener at 0.0.0.0/44125] INFO  pipeline.BackgroundPipelineCreator (BackgroundPipelineCreator.java:start(124)) - Starting RatisPipelineUtilsThread.
2022-11-09 16:19:01,052 [Listener at 0.0.0.0/44125] INFO  BackgroundPipelineScrubber (BackgroundSCMService.java:start(68)) - Starting BackgroundPipelineScrubber Service.
2022-11-09 16:19:01,052 [Listener at 0.0.0.0/44125] INFO  ha.SCMServiceManager (SCMServiceManager.java:register(42)) - Registering service BackgroundPipelineScrubber.
2022-11-09 16:19:01,053 [Listener at 0.0.0.0/44125] INFO  ExpiredContainerReplicaOpScrubber (BackgroundSCMService.java:start(68)) - Starting ExpiredContainerReplicaOpScrubber Service.
2022-11-09 16:19:01,054 [Listener at 0.0.0.0/44125] INFO  ha.SCMServiceManager (SCMServiceManager.java:register(42)) - Registering service ExpiredContainerReplicaOpScrubber.
2022-11-09 16:19:01,055 [Listener at 0.0.0.0/44125] INFO  algorithms.PipelineChoosePolicyFactory (PipelineChoosePolicyFactory.java:createPipelineChoosePolicyFromClass(73)) - Create pipeline choose policy of type org.apache.hadoop.hdds.scm.pipeline.choose.algorithms.RandomPipelineChoosePolicy
2022-11-09 16:19:01,056 [Listener at 0.0.0.0/44125] INFO  ha.SCMServiceManager (SCMServiceManager.java:register(42)) - Registering service SCMBlockDeletingService.
2022-11-09 16:19:01,056 [Listener at 0.0.0.0/44125] INFO  replication.ReplicationManager (ReplicationManager.java:start(239)) - Starting Replication Monitor Thread.
2022-11-09 16:19:01,057 [Listener at 0.0.0.0/44125] INFO  ha.SCMServiceManager (SCMServiceManager.java:register(42)) - Registering service ReplicationManager.
2022-11-09 16:19:01,058 [Listener at 0.0.0.0/44125] INFO  safemode.ContainerSafeModeRule (ContainerSafeModeRule.java:<init>(89)) - containers with one replica threshold count 0
2022-11-09 16:19:01,059 [Listener at 0.0.0.0/44125] INFO  safemode.HealthyPipelineSafeModeRule (HealthyPipelineSafeModeRule.java:initializeRule(169)) - Total pipeline count is 0, healthy pipeline threshold count is 1
2022-11-09 16:19:01,059 [Listener at 0.0.0.0/44125] INFO  safemode.OneReplicaPipelineSafeModeRule (OneReplicaPipelineSafeModeRule.java:initializeRule(180)) - Total pipeline count is 0, pipeline's with at least one datanode reported threshold count is 0
2022-11-09 16:19:01,067 [ReplicationMonitor] INFO  replication.ReplicationManager (ReplicationManager.java:processAll(308)) - Replication Manager is not ready to run until 3000ms after safemode exit
2022-11-09 16:19:01,069 [Listener at 0.0.0.0/44125] INFO  ipc.CallQueueManager (CallQueueManager.java:<init>(90)) - Using callQueue: class java.util.concurrent.LinkedBlockingQueue, queueCapacity: 2000, scheduler: class org.apache.hadoop.ipc.DefaultRpcScheduler, ipcBackoff: false.
2022-11-09 16:19:01,070 [Socket Reader #1 for port 35701] INFO  ipc.Server (Server.java:run(1273)) - Starting Socket Reader #1 for port 35701
2022-11-09 16:19:01,072 [Listener at 0.0.0.0/35701] INFO  ipc.CallQueueManager (CallQueueManager.java:<init>(90)) - Using callQueue: class java.util.concurrent.LinkedBlockingQueue, queueCapacity: 2000, scheduler: class org.apache.hadoop.ipc.DefaultRpcScheduler, ipcBackoff: false.
2022-11-09 16:19:01,074 [Socket Reader #1 for port 44141] INFO  ipc.Server (Server.java:run(1273)) - Starting Socket Reader #1 for port 44141
2022-11-09 16:19:01,075 [Listener at 0.0.0.0/44141] INFO  ipc.CallQueueManager (CallQueueManager.java:<init>(90)) - Using callQueue: class java.util.concurrent.LinkedBlockingQueue, queueCapacity: 2000, scheduler: class org.apache.hadoop.ipc.DefaultRpcScheduler, ipcBackoff: false.
2022-11-09 16:19:01,077 [Socket Reader #1 for port 43445] INFO  ipc.Server (Server.java:run(1273)) - Starting Socket Reader #1 for port 43445
2022-11-09 16:19:01,087 [Listener at 0.0.0.0/43445] INFO  ha.SCMServiceManager (SCMServiceManager.java:register(42)) - Registering service ContainerBalancer.
2022-11-09 16:19:01,087 [Listener at 0.0.0.0/43445] INFO  server.StorageContainerManager (StorageContainerManager.java:<init>(415)) - 
Container Balancer status:
Key                            Value
Running                        true
Container Balancer Configuration values:
Key                                                Value
Threshold                                          10
Max Datanodes to Involve per Iteration(percent)    20
Max Size to Move per Iteration                     500GB
Max Size Entering Target per Iteration             26GB
Max Size Leaving Source per Iteration              26GB

2022-11-09 16:19:01,088 [Listener at 0.0.0.0/43445] WARN  events.EventQueue (EventQueue.java:fireEvent(216)) - No event handler registered for event TypedEvent{payloadType=SafeModeStatus, name='Safe mode status'}
2022-11-09 16:19:01,088 [Listener at 0.0.0.0/43445] INFO  ha.SCMContext (SCMContext.java:updateSafeModeStatus(228)) - Update SafeModeStatus from SafeModeStatus{safeModeStatus=true, preCheckPassed=false} to SafeModeStatus{safeModeStatus=true, preCheckPassed=false}.
2022-11-09 16:19:01,091 [Listener at 0.0.0.0/43445] INFO  server.StorageContainerManager (StorageContainerManager.java:start(1449)) - StorageContainerLocationProtocol RPC server is listening at /0.0.0.0:43445
2022-11-09 16:19:01,091 [Listener at 0.0.0.0/43445] INFO  ha.SCMRatisServerImpl (SCMRatisServerImpl.java:start(178)) - starting ratis server 0.0.0.0:40591
2022-11-09 16:19:01,092 [622c10ad-5518-4f12-b7b6-fef968aa587d-impl-thread1] INFO  storage.RaftStorageDirectory (RaftStorageDirectoryImpl.java:analyzeStorage(137)) - The storage directory /home/runner/work/ozone/ozone/hadoop-ozone/integration-test/target/test-dir/MiniOzoneClusterImpl-5b74f3a4-74d7-4700-a005-fabb0032522b/scmNode-2/scm-ha/5b74f3a4-74d7-4700-a005-fabb0032522b does not exist. Creating ...
2022-11-09 16:19:01,094 [622c10ad-5518-4f12-b7b6-fef968aa587d-impl-thread1] INFO  storage.RaftStorageDirectory (RaftStorageDirectoryImpl.java:tryLock(231)) - Lock on /home/runner/work/ozone/ozone/hadoop-ozone/integration-test/target/test-dir/MiniOzoneClusterImpl-5b74f3a4-74d7-4700-a005-fabb0032522b/scmNode-2/scm-ha/5b74f3a4-74d7-4700-a005-fabb0032522b/in_use.lock acquired by nodename 3584@fv-az91-492
2022-11-09 16:19:01,095 [622c10ad-5518-4f12-b7b6-fef968aa587d-impl-thread1] INFO  storage.RaftStorage (RaftStorageImpl.java:format(96)) - Storage directory /home/runner/work/ozone/ozone/hadoop-ozone/integration-test/target/test-dir/MiniOzoneClusterImpl-5b74f3a4-74d7-4700-a005-fabb0032522b/scmNode-2/scm-ha/5b74f3a4-74d7-4700-a005-fabb0032522b has been successfully formatted.
2022-11-09 16:19:01,095 [622c10ad-5518-4f12-b7b6-fef968aa587d-impl-thread1] INFO  server.RaftServerConfigKeys (ConfUtils.java:logGet(46)) - raft.server.log.use.memory = false (default)
2022-11-09 16:19:01,095 [622c10ad-5518-4f12-b7b6-fef968aa587d-impl-thread1] INFO  server.RaftServerConfigKeys (ConfUtils.java:logGet(46)) - raft.server.log.purge.gap = 1000000 (custom)
2022-11-09 16:19:01,095 [622c10ad-5518-4f12-b7b6-fef968aa587d-impl-thread1] INFO  server.RaftServerConfigKeys (ConfUtils.java:logGet(46)) - raft.server.log.appender.buffer.byte-limit = 33554432 (custom)
2022-11-09 16:19:01,095 [622c10ad-5518-4f12-b7b6-fef968aa587d-impl-thread1] INFO  server.RaftServerConfigKeys (ConfUtils.java:logGet(46)) - raft.server.log.statemachine.data.read.timeout = 1000ms (default)
2022-11-09 16:19:01,096 [622c10ad-5518-4f12-b7b6-fef968aa587d-impl-thread1] INFO  server.RaftServerConfigKeys (ConfUtils.java:logGet(46)) - raft.server.log.purge.preservation.log.num = 0 (default)
2022-11-09 16:19:01,096 [622c10ad-5518-4f12-b7b6-fef968aa587d-impl-thread1] INFO  server.RaftServerConfigKeys (ConfUtils.java:logGet(46)) - raft.server.log.segment.size.max = 4194304 (custom)
2022-11-09 16:19:01,096 [622c10ad-5518-4f12-b7b6-fef968aa587d-impl-thread1] INFO  server.RaftServerConfigKeys (ConfUtils.java:logGet(46)) - raft.server.log.segment.cache.num.max = 2 (custom)
2022-11-09 16:19:01,096 [622c10ad-5518-4f12-b7b6-fef968aa587d-impl-thread1] INFO  server.RaftServerConfigKeys (ConfUtils.java:logGet(46)) - raft.server.log.segment.cache.size.max = 200MB (=209715200) (default)
2022-11-09 16:19:01,097 [622c10ad-5518-4f12-b7b6-fef968aa587d-impl-thread1] INFO  segmented.SegmentedRaftLogWorker (SegmentedRaftLogWorker.java:<init>(191)) - new 622c10ad-5518-4f12-b7b6-fef968aa587d@group-FABB0032522B-SegmentedRaftLogWorker for RaftStorageImpl:Storage Directory /home/runner/work/ozone/ozone/hadoop-ozone/integration-test/target/test-dir/MiniOzoneClusterImpl-5b74f3a4-74d7-4700-a005-fabb0032522b/scmNode-2/scm-ha/5b74f3a4-74d7-4700-a005-fabb0032522b
2022-11-09 16:19:01,097 [622c10ad-5518-4f12-b7b6-fef968aa587d-impl-thread1] INFO  server.RaftServerConfigKeys (ConfUtils.java:logGet(46)) - raft.server.log.queue.byte-limit = 64MB (=67108864) (default)
2022-11-09 16:19:01,097 [622c10ad-5518-4f12-b7b6-fef968aa587d-impl-thread1] INFO  server.RaftServerConfigKeys (ConfUtils.java:logGet(46)) - raft.server.log.queue.element-limit = 4096 (default)
2022-11-09 16:19:01,097 [622c10ad-5518-4f12-b7b6-fef968aa587d-impl-thread1] INFO  server.RaftServerConfigKeys (ConfUtils.java:logGet(46)) - raft.server.log.segment.size.max = 4194304 (custom)
2022-11-09 16:19:01,097 [622c10ad-5518-4f12-b7b6-fef968aa587d-impl-thread1] INFO  server.RaftServerConfigKeys (ConfUtils.java:logGet(46)) - raft.server.log.preallocated.size = 4194304 (custom)
2022-11-09 16:19:01,097 [622c10ad-5518-4f12-b7b6-fef968aa587d-impl-thread1] INFO  server.RaftServerConfigKeys (ConfUtils.java:logGet(46)) - raft.server.log.force.sync.num = 128 (default)
2022-11-09 16:19:01,097 [622c10ad-5518-4f12-b7b6-fef968aa587d-impl-thread1] INFO  server.RaftServerConfigKeys (ConfUtils.java:logGet(46)) - raft.server.log.statemachine.data.sync = true (default)
2022-11-09 16:19:01,097 [622c10ad-5518-4f12-b7b6-fef968aa587d-impl-thread1] INFO  server.RaftServerConfigKeys (ConfUtils.java:logGet(46)) - raft.server.log.statemachine.data.sync.timeout = 10s (default)
2022-11-09 16:19:01,097 [622c10ad-5518-4f12-b7b6-fef968aa587d-impl-thread1] INFO  server.RaftServerConfigKeys (ConfUtils.java:logGet(46)) - raft.server.log.statemachine.data.sync.timeout.retry = -1 (default)
2022-11-09 16:19:01,098 [622c10ad-5518-4f12-b7b6-fef968aa587d-impl-thread1] INFO  server.RaftServerConfigKeys (ConfUtils.java:logGet(46)) - raft.server.log.write.buffer.size = 64KB (=65536) (default)
2022-11-09 16:19:01,098 [622c10ad-5518-4f12-b7b6-fef968aa587d-impl-thread1] INFO  server.RaftServerConfigKeys (ConfUtils.java:logGet(46)) - raft.server.log.unsafe-flush.enabled = false (default)
2022-11-09 16:19:01,098 [622c10ad-5518-4f12-b7b6-fef968aa587d-impl-thread1] INFO  server.RaftServerConfigKeys (ConfUtils.java:logGet(46)) - raft.server.log.async-flush.enabled = false (default)
2022-11-09 16:19:01,098 [622c10ad-5518-4f12-b7b6-fef968aa587d-impl-thread1] INFO  server.RaftServerConfigKeys (ConfUtils.java:logGet(46)) - raft.server.log.statemachine.data.caching.enabled = false (default)
2022-11-09 16:19:01,098 [622c10ad-5518-4f12-b7b6-fef968aa587d-impl-thread1] INFO  segmented.SegmentedRaftLogWorker (SegmentedRaftLogWorker.java:lambda$new$0(136)) - 622c10ad-5518-4f12-b7b6-fef968aa587d@group-FABB0032522B-SegmentedRaftLogWorker: flushIndex: setUnconditionally 0 -> -1
2022-11-09 16:19:01,099 [622c10ad-5518-4f12-b7b6-fef968aa587d-impl-thread1] INFO  segmented.SegmentedRaftLogWorker (SegmentedRaftLogWorker.java:lambda$new$0(136)) - 622c10ad-5518-4f12-b7b6-fef968aa587d@group-FABB0032522B-SegmentedRaftLogWorker: safeCacheEvictIndex: setUnconditionally 0 -> -1
2022-11-09 16:19:01,099 [622c10ad-5518-4f12-b7b6-fef968aa587d-impl-thread1] INFO  server.RaftServer$Division (RaftServerImpl.java:start(340)) - 622c10ad-5518-4f12-b7b6-fef968aa587d@group-FABB0032522B: start with initializing state, conf=-1: peers:[]|listeners:[], old=null
2022-11-09 16:19:01,099 [622c10ad-5518-4f12-b7b6-fef968aa587d-impl-thread1] INFO  server.RaftServer$Division (RaftServerImpl.java:setRole(321)) - 622c10ad-5518-4f12-b7b6-fef968aa587d@group-FABB0032522B: changes role from      null to FOLLOWER at term 0 for startInitializing
2022-11-09 16:19:01,099 [622c10ad-5518-4f12-b7b6-fef968aa587d-impl-thread1] INFO  util.JmxRegister (JmxRegister.java:tryRegister(44)) - Successfully registered JMX Bean with object name Ratis:service=RaftServer,group=group-FABB0032522B,id=622c10ad-5518-4f12-b7b6-fef968aa587d
2022-11-09 16:19:01,099 [622c10ad-5518-4f12-b7b6-fef968aa587d-impl-thread1] INFO  server.RaftServerConfigKeys (ConfUtils.java:logGet(46)) - raft.server.snapshot.auto.trigger.enabled = true (custom)
2022-11-09 16:19:01,099 [622c10ad-5518-4f12-b7b6-fef968aa587d-impl-thread1] INFO  server.RaftServerConfigKeys (ConfUtils.java:logGet(46)) - raft.server.snapshot.auto.trigger.threshold = 1000 (custom)
2022-11-09 16:19:01,099 [622c10ad-5518-4f12-b7b6-fef968aa587d-impl-thread1] INFO  server.RaftServerConfigKeys (ConfUtils.java:logGet(46)) - raft.server.snapshot.retention.file.num = -1 (default)
2022-11-09 16:19:01,099 [622c10ad-5518-4f12-b7b6-fef968aa587d-impl-thread1] INFO  server.RaftServerConfigKeys (ConfUtils.java:logGet(46)) - raft.server.log.purge.upto.snapshot.index = false (default)
2022-11-09 16:19:01,100 [Listener at 0.0.0.0/43445] INFO  server.RaftServer (RaftServerProxy.java:startImpl(393)) - 622c10ad-5518-4f12-b7b6-fef968aa587d: start RPC server
2022-11-09 16:19:01,103 [Listener at 0.0.0.0/43445] INFO  server.GrpcService (GrpcService.java:startImpl(270)) - 622c10ad-5518-4f12-b7b6-fef968aa587d: GrpcService started, listening on 40591
2022-11-09 16:19:01,105 [Listener at 0.0.0.0/43445] INFO  ha.SCMNodeInfo (SCMNodeInfo.java:getPort(197)) - ConfigKey ozone.scm.client.address is deprecated, For configuring different ports for each SCM use PortConfigKey ozone.scm.client.port appended with serviceId and nodeId
2022-11-09 16:19:01,105 [Listener at 0.0.0.0/43445] INFO  ha.SCMNodeInfo (SCMNodeInfo.java:getPort(197)) - ConfigKey ozone.scm.block.client.address is deprecated, For configuring different ports for each SCM use PortConfigKey ozone.scm.block.client.port appended with serviceId and nodeId
2022-11-09 16:19:01,105 [Listener at 0.0.0.0/43445] INFO  ha.SCMNodeInfo (SCMNodeInfo.java:getPort(197)) - ConfigKey ozone.scm.datanode.address is deprecated, For configuring different ports for each SCM use PortConfigKey ozone.scm.datanode.port appended with serviceId and nodeId
2022-11-09 16:19:01,105 [Listener at 0.0.0.0/43445] INFO  ha.SCMNodeInfo (SCMNodeInfo.java:getPort(197)) - ConfigKey ozone.scm.client.address is deprecated, For configuring different ports for each SCM use PortConfigKey ozone.scm.client.port appended with serviceId and nodeId
2022-11-09 16:19:01,105 [Listener at 0.0.0.0/43445] INFO  ha.SCMNodeInfo (SCMNodeInfo.java:getPort(197)) - ConfigKey ozone.scm.block.client.address is deprecated, For configuring different ports for each SCM use PortConfigKey ozone.scm.block.client.port appended with serviceId and nodeId
2022-11-09 16:19:01,106 [Listener at 0.0.0.0/43445] INFO  ha.SCMNodeInfo (SCMNodeInfo.java:getPort(197)) - ConfigKey ozone.scm.datanode.address is deprecated, For configuring different ports for each SCM use PortConfigKey ozone.scm.datanode.port appended with serviceId and nodeId
2022-11-09 16:19:01,106 [Listener at 0.0.0.0/43445] INFO  proxy.SCMBlockLocationFailoverProxyProvider (SCMBlockLocationFailoverProxyProvider.java:<init>(114)) - Created block location fail-over proxy with 2 nodes: [nodeId=scmNode-3,nodeAddress=/127.0.0.1:41133, nodeId=scmNode-1,nodeAddress=/127.0.0.1:46207]
2022-11-09 16:19:01,114 [JvmPauseMonitor2] INFO  util.JvmPauseMonitor (JvmPauseMonitor.java:run(105)) - JvmPauseMonitor-622c10ad-5518-4f12-b7b6-fef968aa587d: Started
2022-11-09 16:19:01,118 [IPC Server handler 0 on default port 46207] INFO  ha.SCMRatisServerImpl (SCMRatisServerImpl.java:addSCM(298)) - b72141cc-d5cc-4373-b066-0e22769f6f76: Submitting SetConfiguration request to Ratis server with new SCM peers list: [b72141cc-d5cc-4373-b066-0e22769f6f76|rpc:localhost:44325|admin:|client:|dataStream:|priority:0|startupRole:FOLLOWER, 622c10ad-5518-4f12-b7b6-fef968aa587d|rpc:localhost:40591|priority:0|startupRole:FOLLOWER]
2022-11-09 16:19:01,143 [IPC Server handler 0 on default port 46207] INFO  server.RaftServer$Division (RaftServerImpl.java:setConfigurationAsync(1112)) - b72141cc-d5cc-4373-b066-0e22769f6f76@group-FABB0032522B: receive setConfiguration SetConfigurationRequest:client-D83EDED8C3D0->b72141cc-d5cc-4373-b066-0e22769f6f76@group-FABB0032522B, cid=0, seq=0, RW, null, SET_UNCONDITIONALLY, servers:[b72141cc-d5cc-4373-b066-0e22769f6f76|rpc:localhost:44325|admin:|client:|dataStream:|priority:0|startupRole:FOLLOWER, 622c10ad-5518-4f12-b7b6-fef968aa587d|rpc:localhost:40591|priority:0|startupRole:FOLLOWER], listeners:[]
2022-11-09 16:19:01,144 [IPC Server handler 0 on default port 46207] INFO  server.RaftServer$Division (LeaderStateImpl.java:startSetConfiguration(368)) - b72141cc-d5cc-4373-b066-0e22769f6f76@group-FABB0032522B-LeaderStateImpl: startSetConfiguration SetConfigurationRequest:client-D83EDED8C3D0->b72141cc-d5cc-4373-b066-0e22769f6f76@group-FABB0032522B, cid=0, seq=0, RW, null, SET_UNCONDITIONALLY, servers:[b72141cc-d5cc-4373-b066-0e22769f6f76|rpc:localhost:44325|admin:|client:|dataStream:|priority:0|startupRole:FOLLOWER, 622c10ad-5518-4f12-b7b6-fef968aa587d|rpc:localhost:40591|priority:0|startupRole:FOLLOWER], listeners:[]
2022-11-09 16:19:01,154 [IPC Server handler 0 on default port 46207] INFO  server.RaftServerConfigKeys (ConfUtils.java:logGet(46)) - raft.server.log.appender.snapshot.chunk.size.max = 16MB (=16777216) (default)
2022-11-09 16:19:01,154 [IPC Server handler 0 on default port 46207] INFO  server.RaftServerConfigKeys (ConfUtils.java:logGet(46)) - raft.server.log.appender.buffer.byte-limit = 33554432 (custom)
2022-11-09 16:19:01,155 [IPC Server handler 0 on default port 46207] INFO  server.RaftServerConfigKeys (ConfUtils.java:logGet(46)) - raft.server.log.appender.buffer.element-limit = 1024 (custom)
2022-11-09 16:19:01,158 [IPC Server handler 0 on default port 46207] INFO  grpc.GrpcConfigKeys (ConfUtils.java:logGet(46)) - raft.grpc.server.leader.outstanding.appends.max = 128 (default)
2022-11-09 16:19:01,159 [IPC Server handler 0 on default port 46207] INFO  server.RaftServerConfigKeys (ConfUtils.java:logGet(46)) - raft.server.rpc.request.timeout = 30000ms (custom)
2022-11-09 16:19:01,159 [IPC Server handler 0 on default port 46207] INFO  server.RaftServerConfigKeys (ConfUtils.java:logGet(46)) - raft.server.log.appender.install.snapshot.enabled = false (custom)
2022-11-09 16:19:01,159 [IPC Server handler 0 on default port 46207] INFO  grpc.GrpcConfigKeys (ConfUtils.java:logGet(46)) - raft.grpc.server.heartbeat.channel = true (default)
2022-11-09 16:19:01,159 [IPC Server handler 0 on default port 46207] INFO  server.RaftServerConfigKeys (ConfUtils.java:logGet(46)) - raft.server.log.appender.wait-time.min = 10ms (default)
2022-11-09 16:19:01,164 [b72141cc-d5cc-4373-b066-0e22769f6f76@group-FABB0032522B->622c10ad-5518-4f12-b7b6-fef968aa587d-GrpcLogAppender-LogAppenderDaemon] INFO  server.GrpcLogAppender (GrpcLogAppender.java:installSnapshot(635)) - b72141cc-d5cc-4373-b066-0e22769f6f76@group-FABB0032522B->622c10ad-5518-4f12-b7b6-fef968aa587d-GrpcLogAppender: followerNextIndex = 0 but logStartIndex = 0, notify follower to install snapshot-(t:1, i:0)
2022-11-09 16:19:01,186 [b72141cc-d5cc-4373-b066-0e22769f6f76@group-FABB0032522B->622c10ad-5518-4f12-b7b6-fef968aa587d-GrpcLogAppender-LogAppenderDaemon] INFO  server.GrpcLogAppender (GrpcLogAppender.java:installSnapshot(643)) - b72141cc-d5cc-4373-b066-0e22769f6f76@group-FABB0032522B->622c10ad-5518-4f12-b7b6-fef968aa587d-GrpcLogAppender: send b72141cc-d5cc-4373-b066-0e22769f6f76->622c10ad-5518-4f12-b7b6-fef968aa587d#0-t2,notify:(t:1, i:0)
2022-11-09 16:19:01,187 [b72141cc-d5cc-4373-b066-0e22769f6f76@group-FABB0032522B->622c10ad-5518-4f12-b7b6-fef968aa587d-GrpcLogAppender-LogAppenderDaemon] INFO  server.GrpcServerProtocolClient (GrpcServerProtocolClient.java:<init>(63)) - Build channel for 622c10ad-5518-4f12-b7b6-fef968aa587d
2022-11-09 16:19:01,853 [grpc-default-executor-0] INFO  impl.SnapshotInstallationHandler (SnapshotInstallationHandler.java:installSnapshot(89)) - 622c10ad-5518-4f12-b7b6-fef968aa587d@group-FABB0032522B: receive installSnapshot: b72141cc-d5cc-4373-b066-0e22769f6f76->622c10ad-5518-4f12-b7b6-fef968aa587d#0-t2,notify:(t:1, i:0)
2022-11-09 16:19:01,856 [grpc-default-executor-0] INFO  ha.SCMStateMachine (SCMStateMachine.java:notifyLeaderChanged(255)) - leader changed, yet current SCM is still follower.
2022-11-09 16:19:01,856 [grpc-default-executor-0] INFO  server.RaftServer$Division (ServerState.java:setLeader(313)) - 622c10ad-5518-4f12-b7b6-fef968aa587d@group-FABB0032522B: change Leader from null to b72141cc-d5cc-4373-b066-0e22769f6f76 at term 2 for installSnapshot, leader elected after 923ms
2022-11-09 16:19:01,857 [grpc-default-executor-0] INFO  impl.SnapshotInstallationHandler (SnapshotInstallationHandler.java:notifyStateMachineToInstallSnapshot(220)) - 622c10ad-5518-4f12-b7b6-fef968aa587d@group-FABB0032522B: Received notification to install snapshot at index 0
2022-11-09 16:19:01,859 [grpc-default-executor-0] INFO  impl.SnapshotInstallationHandler (SnapshotInstallationHandler.java:notifyStateMachineToInstallSnapshot(229)) - 622c10ad-5518-4f12-b7b6-fef968aa587d@group-FABB0032522B: InstallSnapshot notification result: ALREADY_INSTALLED, current snapshot index: -1
2022-11-09 16:19:01,950 [grpc-default-executor-0] INFO  impl.SnapshotInstallationHandler (SnapshotInstallationHandler.java:installSnapshotImpl(134)) - 622c10ad-5518-4f12-b7b6-fef968aa587d@group-FABB0032522B: set new configuration index: 1
configurationEntry {
  peers {
    id: "b72141cc-d5cc-4373-b066-0e22769f6f76"
    address: "localhost:44325"
    startupRole: FOLLOWER
  }
}
 from snapshot
2022-11-09 16:19:01,951 [grpc-default-executor-0] INFO  server.RaftServer$Division (ServerState.java:setRaftConf(430)) - 622c10ad-5518-4f12-b7b6-fef968aa587d@group-FABB0032522B: set configuration 1: peers:[b72141cc-d5cc-4373-b066-0e22769f6f76|rpc:localhost:44325|admin:|client:|dataStream:|priority:0|startupRole:FOLLOWER]|listeners:[], old=null
2022-11-09 16:19:01,951 [grpc-default-executor-0] INFO  impl.SnapshotInstallationHandler (SnapshotInstallationHandler.java:installSnapshot(100)) - 622c10ad-5518-4f12-b7b6-fef968aa587d@group-FABB0032522B: reply installSnapshot: b72141cc-d5cc-4373-b066-0e22769f6f76<-622c10ad-5518-4f12-b7b6-fef968aa587d#0:OK-t0,ALREADY_INSTALLED
2022-11-09 16:19:01,958 [grpc-default-executor-0] INFO  server.GrpcServerProtocolService (GrpcServerProtocolService.java:onCompleted(145)) - 622c10ad-5518-4f12-b7b6-fef968aa587d: Completed INSTALL_SNAPSHOT, lastRequest: b72141cc-d5cc-4373-b066-0e22769f6f76->622c10ad-5518-4f12-b7b6-fef968aa587d#0-t2,notify:(t:1, i:0)
2022-11-09 16:19:01,959 [grpc-default-executor-2] INFO  server.GrpcLogAppender (GrpcLogAppender.java:onNext(494)) - b72141cc-d5cc-4373-b066-0e22769f6f76@group-FABB0032522B->622c10ad-5518-4f12-b7b6-fef968aa587d-InstallSnapshotResponseHandler: received the first reply b72141cc-d5cc-4373-b066-0e22769f6f76<-622c10ad-5518-4f12-b7b6-fef968aa587d#0:OK-t0,ALREADY_INSTALLED
2022-11-09 16:19:01,962 [grpc-default-executor-2] INFO  server.GrpcLogAppender (GrpcLogAppender.java:onNext(517)) - b72141cc-d5cc-4373-b066-0e22769f6f76@group-FABB0032522B->622c10ad-5518-4f12-b7b6-fef968aa587d-InstallSnapshotResponseHandler: Follower snapshot is already at index 0.
2022-11-09 16:19:01,963 [grpc-default-executor-2] INFO  leader.FollowerInfo (FollowerInfoImpl.java:lambda$new$0(48)) - b72141cc-d5cc-4373-b066-0e22769f6f76@group-FABB0032522B->622c10ad-5518-4f12-b7b6-fef968aa587d: snapshotIndex: setUnconditionally 0 -> 0
2022-11-09 16:19:01,963 [grpc-default-executor-2] INFO  leader.FollowerInfo (FollowerInfoImpl.java:lambda$new$0(48)) - b72141cc-d5cc-4373-b066-0e22769f6f76@group-FABB0032522B->622c10ad-5518-4f12-b7b6-fef968aa587d: matchIndex: setUnconditionally 0 -> 0
2022-11-09 16:19:01,963 [grpc-default-executor-2] INFO  leader.FollowerInfo (FollowerInfoImpl.java:lambda$new$0(48)) - b72141cc-d5cc-4373-b066-0e22769f6f76@group-FABB0032522B->622c10ad-5518-4f12-b7b6-fef968aa587d: nextIndex: setUnconditionally 0 -> 1
2022-11-09 16:19:01,963 [grpc-default-executor-2] INFO  leader.FollowerInfo (FollowerInfoImpl.java:setAttemptedToInstallSnapshot(118)) - Follower b72141cc-d5cc-4373-b066-0e22769f6f76@group-FABB0032522B->622c10ad-5518-4f12-b7b6-fef968aa587d acknowledged installing snapshot
2022-11-09 16:19:01,963 [grpc-default-executor-2] INFO  leader.FollowerInfo (FollowerInfoImpl.java:lambda$new$0(48)) - b72141cc-d5cc-4373-b066-0e22769f6f76@group-FABB0032522B->622c10ad-5518-4f12-b7b6-fef968aa587d: nextIndex: updateToMax old=1, new=1, updated? false
2022-11-09 16:19:01,983 [b72141cc-d5cc-4373-b066-0e22769f6f76@group-FABB0032522B-LeaderStateImpl] INFO  server.RaftServer$Division (ServerState.java:setRaftConf(430)) - b72141cc-d5cc-4373-b066-0e22769f6f76@group-FABB0032522B: set configuration 3: peers:[622c10ad-5518-4f12-b7b6-fef968aa587d|rpc:localhost:40591|priority:0|startupRole:FOLLOWER, b72141cc-d5cc-4373-b066-0e22769f6f76|rpc:localhost:44325|admin:|client:|dataStream:|priority:0|startupRole:FOLLOWER]|listeners:[], old=peers:[b72141cc-d5cc-4373-b066-0e22769f6f76|rpc:localhost:44325|admin:|client:|dataStream:|priority:0|startupRole:FOLLOWER]|listeners:[]
2022-11-09 16:19:02,017 [622c10ad-5518-4f12-b7b6-fef968aa587d-server-thread1] INFO  impl.RoleInfo (RoleInfo.java:updateAndGet(139)) - 622c10ad-5518-4f12-b7b6-fef968aa587d: start 622c10ad-5518-4f12-b7b6-fef968aa587d@group-FABB0032522B-FollowerState
2022-11-09 16:19:02,018 [622c10ad-5518-4f12-b7b6-fef968aa587d-server-thread1] INFO  server.RaftServer$Division (RaftServerImpl.java:checkInconsistentAppendEntries(1508)) - 622c10ad-5518-4f12-b7b6-fef968aa587d@group-FABB0032522B: Failed appendEntries as previous log entry ((t:1, i:0)) is not found
2022-11-09 16:19:02,020 [622c10ad-5518-4f12-b7b6-fef968aa587d-server-thread1] INFO  server.RaftServer$Division (RaftServerImpl.java:checkInconsistentAppendEntries(1478)) - 622c10ad-5518-4f12-b7b6-fef968aa587d@group-FABB0032522B: inconsistency entries. Reply:b72141cc-d5cc-4373-b066-0e22769f6f76<-622c10ad-5518-4f12-b7b6-fef968aa587d#0:FAIL-t2,INCONSISTENCY,nextIndex=0,followerCommit=-1,matchIndex=-1
2022-11-09 16:19:02,020 [622c10ad-5518-4f12-b7b6-fef968aa587d-server-thread2] INFO  server.RaftServer$Division (RaftServerImpl.java:checkInconsistentAppendEntries(1508)) - 622c10ad-5518-4f12-b7b6-fef968aa587d@group-FABB0032522B: Failed appendEntries as previous log entry ((t:1, i:0)) is not found
2022-11-09 16:19:02,021 [622c10ad-5518-4f12-b7b6-fef968aa587d-server-thread2] INFO  server.RaftServer$Division (RaftServerImpl.java:checkInconsistentAppendEntries(1478)) - 622c10ad-5518-4f12-b7b6-fef968aa587d@group-FABB0032522B: inconsistency entries. Reply:b72141cc-d5cc-4373-b066-0e22769f6f76<-622c10ad-5518-4f12-b7b6-fef968aa587d#1:FAIL-t2,INCONSISTENCY,nextIndex=0,followerCommit=-1,matchIndex=-1
2022-11-09 16:19:02,026 [grpc-default-executor-0] INFO  leader.FollowerInfo (FollowerInfoImpl.java:lambda$new$0(48)) - b72141cc-d5cc-4373-b066-0e22769f6f76@group-FABB0032522B->622c10ad-5518-4f12-b7b6-fef968aa587d: nextIndex: updateUnconditionally 4 -> 0
2022-11-09 16:19:02,028 [grpc-default-executor-0] INFO  leader.FollowerInfo (FollowerInfoImpl.java:lambda$new$0(48)) - b72141cc-d5cc-4373-b066-0e22769f6f76@group-FABB0032522B->622c10ad-5518-4f12-b7b6-fef968aa587d: nextIndex: updateUnconditionally 0 -> 0
2022-11-09 16:19:02,032 [622c10ad-5518-4f12-b7b6-fef968aa587d-server-thread1] INFO  server.RaftServer$Division (ServerState.java:setRaftConf(430)) - 622c10ad-5518-4f12-b7b6-fef968aa587d@group-FABB0032522B: set configuration 0: peers:[b72141cc-d5cc-4373-b066-0e22769f6f76|rpc:localhost:44325|admin:|client:|dataStream:|priority:0|startupRole:FOLLOWER]|listeners:[], old=null
2022-11-09 16:19:02,032 [622c10ad-5518-4f12-b7b6-fef968aa587d-server-thread1] INFO  server.RaftServer$Division (ServerState.java:setRaftConf(430)) - 622c10ad-5518-4f12-b7b6-fef968aa587d@group-FABB0032522B: set configuration 1: peers:[b72141cc-d5cc-4373-b066-0e22769f6f76|rpc:localhost:44325|admin:|client:|dataStream:|priority:0|startupRole:FOLLOWER]|listeners:[], old=null
2022-11-09 16:19:02,032 [622c10ad-5518-4f12-b7b6-fef968aa587d-server-thread1] INFO  server.RaftServer$Division (ServerState.java:setRaftConf(430)) - 622c10ad-5518-4f12-b7b6-fef968aa587d@group-FABB0032522B: set configuration 3: peers:[622c10ad-5518-4f12-b7b6-fef968aa587d|rpc:localhost:40591|admin:|client:|dataStream:|priority:0|startupRole:FOLLOWER, b72141cc-d5cc-4373-b066-0e22769f6f76|rpc:localhost:44325|admin:|client:|dataStream:|priority:0|startupRole:FOLLOWER]|listeners:[], old=peers:[b72141cc-d5cc-4373-b066-0e22769f6f76|rpc:localhost:44325|admin:|client:|dataStream:|priority:0|startupRole:FOLLOWER]|listeners:[]
2022-11-09 16:19:02,032 [622c10ad-5518-4f12-b7b6-fef968aa587d-server-thread1] INFO  segmented.SegmentedRaftLogWorker (SegmentedRaftLogWorker.java:startLogSegment(452)) - 622c10ad-5518-4f12-b7b6-fef968aa587d@group-FABB0032522B-SegmentedRaftLogWorker: Starting segment from index:0
2022-11-09 16:19:02,033 [622c10ad-5518-4f12-b7b6-fef968aa587d-server-thread1] INFO  segmented.SegmentedRaftLogWorker (SegmentedRaftLogWorker.java:rollLogSegment(457)) - 622c10ad-5518-4f12-b7b6-fef968aa587d@group-FABB0032522B-SegmentedRaftLogWorker: Rolling segment log-0_0 to index:0
2022-11-09 16:19:02,046 [622c10ad-5518-4f12-b7b6-fef968aa587d@group-FABB0032522B-SegmentedRaftLogWorker] INFO  segmented.SegmentedRaftLogWorker (SegmentedRaftLogWorker.java:execute(656)) - 622c10ad-5518-4f12-b7b6-fef968aa587d@group-FABB0032522B-SegmentedRaftLogWorker: created new log segment /home/runner/work/ozone/ozone/hadoop-ozone/integration-test/target/test-dir/MiniOzoneClusterImpl-5b74f3a4-74d7-4700-a005-fabb0032522b/scmNode-2/scm-ha/5b74f3a4-74d7-4700-a005-fabb0032522b/current/log_inprogress_0
2022-11-09 16:19:02,048 [622c10ad-5518-4f12-b7b6-fef968aa587d@group-FABB0032522B-SegmentedRaftLogWorker] INFO  segmented.SegmentedRaftLogWorker (SegmentedRaftLogWorker.java:execute(613)) - 622c10ad-5518-4f12-b7b6-fef968aa587d@group-FABB0032522B-SegmentedRaftLogWorker: Rolled log segment from /home/runner/work/ozone/ozone/hadoop-ozone/integration-test/target/test-dir/MiniOzoneClusterImpl-5b74f3a4-74d7-4700-a005-fabb0032522b/scmNode-2/scm-ha/5b74f3a4-74d7-4700-a005-fabb0032522b/current/log_inprogress_0 to /home/runner/work/ozone/ozone/hadoop-ozone/integration-test/target/test-dir/MiniOzoneClusterImpl-5b74f3a4-74d7-4700-a005-fabb0032522b/scmNode-2/scm-ha/5b74f3a4-74d7-4700-a005-fabb0032522b/current/log_0-0
2022-11-09 16:19:02,059 [622c10ad-5518-4f12-b7b6-fef968aa587d@group-FABB0032522B-SegmentedRaftLogWorker] INFO  segmented.SegmentedRaftLogWorker (SegmentedRaftLogWorker.java:execute(656)) - 622c10ad-5518-4f12-b7b6-fef968aa587d@group-FABB0032522B-SegmentedRaftLogWorker: created new log segment /home/runner/work/ozone/ozone/hadoop-ozone/integration-test/target/test-dir/MiniOzoneClusterImpl-5b74f3a4-74d7-4700-a005-fabb0032522b/scmNode-2/scm-ha/5b74f3a4-74d7-4700-a005-fabb0032522b/current/log_inprogress_1
2022-11-09 16:19:02,062 [622c10ad-5518-4f12-b7b6-fef968aa587d@group-FABB0032522B-StateMachineUpdater] INFO  safemode.HealthyPipelineSafeModeRule (HealthyPipelineSafeModeRule.java:initializeRule(165)) - Refreshed total pipeline count is 0, healthy pipeline threshold count is 1
2022-11-09 16:19:02,063 [622c10ad-5518-4f12-b7b6-fef968aa587d@group-FABB0032522B-StateMachineUpdater] INFO  safemode.ContainerSafeModeRule (ContainerSafeModeRule.java:reInitializeRule(177)) - Refreshed one replica container threshold 0, currentThreshold 0
2022-11-09 16:19:02,063 [622c10ad-5518-4f12-b7b6-fef968aa587d@group-FABB0032522B-StateMachineUpdater] INFO  safemode.OneReplicaPipelineSafeModeRule (OneReplicaPipelineSafeModeRule.java:initializeRule(176)) - Refreshed Total pipeline count is 0, pipeline's with at least one datanode reported threshold count is 0
2022-11-09 16:19:02,063 [622c10ad-5518-4f12-b7b6-fef968aa587d@group-FABB0032522B-StateMachineUpdater] INFO  server.SCMDatanodeProtocolServer (SCMDatanodeProtocolServer.java:start(186)) - ScmDatanodeProtocol RPC server for DataNodes is listening at /0.0.0.0:35701
2022-11-09 16:19:02,066 [IPC Server listener on 35701] INFO  ipc.Server (Server.java:run(1352)) - IPC Server listener on 35701: starting
2022-11-09 16:19:02,071 [b72141cc-d5cc-4373-b066-0e22769f6f76@group-FABB0032522B-LeaderStateImpl] INFO  server.RaftServer$Division (ServerState.java:setRaftConf(430)) - b72141cc-d5cc-4373-b066-0e22769f6f76@group-FABB0032522B: set configuration 5: peers:[622c10ad-5518-4f12-b7b6-fef968aa587d|rpc:localhost:40591|priority:0|startupRole:FOLLOWER, b72141cc-d5cc-4373-b066-0e22769f6f76|rpc:localhost:44325|admin:|client:|dataStream:|priority:0|startupRole:FOLLOWER]|listeners:[], old=null
2022-11-09 16:19:02,079 [IPC Server Responder] INFO  ipc.Server (Server.java:run(1512)) - IPC Server Responder: starting
2022-11-09 16:19:02,086 [622c10ad-5518-4f12-b7b6-fef968aa587d-server-thread1] INFO  server.RaftServer$Division (ServerState.java:setRaftConf(430)) - 622c10ad-5518-4f12-b7b6-fef968aa587d@group-FABB0032522B: set configuration 5: peers:[622c10ad-5518-4f12-b7b6-fef968aa587d|rpc:localhost:40591|admin:|client:|dataStream:|priority:0|startupRole:FOLLOWER, b72141cc-d5cc-4373-b066-0e22769f6f76|rpc:localhost:44325|admin:|client:|dataStream:|priority:0|startupRole:FOLLOWER]|listeners:[], old=null
2022-11-09 16:19:02,091 [IPC Server handler 0 on default port 46207] INFO  ha.SCMRatisServerImpl (SCMRatisServerImpl.java:addSCM(309)) - Successfully added new SCM: 622c10ad-5518-4f12-b7b6-fef968aa587d.
2022-11-09 16:19:02,094 [Listener at 0.0.0.0/43445] INFO  ha.SCMHAManagerImpl (SCMHAManagerImpl.java:start(117)) - Successfully added SCM scmNode-2 to group group-FABB0032522B:[622c10ad-5518-4f12-b7b6-fef968aa587d|rpc:localhost:40591|admin:|client:|dataStream:|priority:0|startupRole:FOLLOWER, b72141cc-d5cc-4373-b066-0e22769f6f76|rpc:localhost:44325|admin:|client:|dataStream:|priority:0|startupRole:FOLLOWER]
2022-11-09 16:19:02,094 [Listener at 0.0.0.0/43445] INFO  ha.InterSCMGrpcService (InterSCMGrpcProtocolService.java:start(94)) - Starting SCM Grpc Service at port 41491
2022-11-09 16:19:02,096 [Listener at 0.0.0.0/43445] INFO  impl.MetricsSystemImpl (MetricsSystemImpl.java:init(158)) - StorageContainerManager metrics system started (again)
2022-11-09 16:19:02,122 [Listener at 0.0.0.0/43445] INFO  server.SCMClientProtocolServer (SCMClientProtocolServer.java:start(170)) - RPC server for Client  is listening at /0.0.0.0:43445
2022-11-09 16:19:02,123 [IPC Server Responder] INFO  ipc.Server (Server.java:run(1512)) - IPC Server Responder: starting
2022-11-09 16:19:02,129 [IPC Server listener on 43445] INFO  ipc.Server (Server.java:run(1352)) - IPC Server listener on 43445: starting
2022-11-09 16:19:02,151 [Listener at 0.0.0.0/43445] INFO  server.StorageContainerManager (StorageContainerManager.java:start(1464)) - ScmBlockLocationProtocol RPC server is listening at /0.0.0.0:44141
2022-11-09 16:19:02,151 [Listener at 0.0.0.0/43445] INFO  server.SCMBlockProtocolServer (SCMBlockProtocolServer.java:start(152)) - RPC server for Block Protocol is listening at /0.0.0.0:44141
2022-11-09 16:19:02,152 [IPC Server Responder] INFO  ipc.Server (Server.java:run(1512)) - IPC Server Responder: starting
2022-11-09 16:19:02,157 [IPC Server listener on 44141] INFO  ipc.Server (Server.java:run(1352)) - IPC Server listener on 44141: starting
2022-11-09 16:19:02,161 [Listener at 0.0.0.0/43445] INFO  http.BaseHttpServer (BaseHttpServer.java:newHttpServer2BuilderForOzone(213)) - Starting Web-server for scm at: http://0.0.0.0:40827
2022-11-09 16:19:02,162 [Listener at 0.0.0.0/43445] INFO  http.BaseHttpServer (BaseHttpServer.java:<init>(108)) - Hadoop Security Enabled: false Ozone Security Enabled: false Ozone HTTP Security Enabled: false 
2022-11-09 16:19:02,165 [Listener at 0.0.0.0/43445] WARN  server.AuthenticationFilter (AuthenticationFilter.java:constructSecretProvider(240)) - Unable to initialize FileSignerSecretProvider, falling back to use random secrets. Reason: Could not read signature secret file: /home/runner/hadoop-http-auth-signature-secret
2022-11-09 16:19:02,166 [Listener at 0.0.0.0/43445] WARN  http.HttpRequestLog (HttpRequestLog.java:getRequestLog(103)) - Jetty request log can only be enabled using Log4j
2022-11-09 16:19:02,162 [org.apache.hadoop.util.JvmPauseMonitor$Monitor@30ec7443] INFO  util.JvmPauseMonitor (JvmPauseMonitor.java:run(188)) - Starting JVM pause monitor
2022-11-09 16:19:02,169 [Listener at 0.0.0.0/43445] INFO  http.HttpServer2 (HttpServer2.java:addGlobalFilter(1031)) - Added global filter 'safety' (class=org.apache.hadoop.hdds.server.http.HttpServer2$QuotingInputFilter)
2022-11-09 16:19:02,170 [Listener at 0.0.0.0/43445] INFO  http.HttpServer2 (HttpServer2.java:addFilter(1007)) - Added filter static_user_filter (class=org.apache.hadoop.http.lib.StaticUserWebFilter$StaticUserFilter) to context scm
2022-11-09 16:19:02,171 [Listener at 0.0.0.0/43445] INFO  http.HttpServer2 (HttpServer2.java:addFilter(1015)) - Added filter static_user_filter (class=org.apache.hadoop.http.lib.StaticUserWebFilter$StaticUserFilter) to context logs
2022-11-09 16:19:02,171 [Listener at 0.0.0.0/43445] INFO  http.HttpServer2 (HttpServer2.java:addFilter(1015)) - Added filter static_user_filter (class=org.apache.hadoop.http.lib.StaticUserWebFilter$StaticUserFilter) to context static
2022-11-09 16:19:02,173 [Listener at 0.0.0.0/43445] INFO  http.HttpServer2 (HttpServer2.java:bindListener(1250)) - Jetty bound to port 40827
2022-11-09 16:19:02,173 [Listener at 0.0.0.0/43445] INFO  server.Server (Server.java:doStart(375)) - jetty-9.4.49.v20220914; built: 2022-09-14T01:07:36.601Z; git: 4231a3b2e4cb8548a412a789936d640a97b1aa0a; jvm 1.8.0_345-b01
2022-11-09 16:19:02,188 [Listener at 0.0.0.0/43445] INFO  server.session (DefaultSessionIdManager.java:doStart(334)) - DefaultSessionIdManager workerName=node0
2022-11-09 16:19:02,189 [Listener at 0.0.0.0/43445] INFO  server.session (DefaultSessionIdManager.java:doStart(339)) - No SessionScavenger set, using defaults
2022-11-09 16:19:02,189 [Listener at 0.0.0.0/43445] INFO  server.session (HouseKeeper.java:startScavenging(132)) - node0 Scavenging every 600000ms
2022-11-09 16:19:02,189 [Listener at 0.0.0.0/43445] INFO  handler.ContextHandler (ContextHandler.java:doStart(921)) - Started o.e.j.s.ServletContextHandler@10eb20{logs,/logs,file:///home/runner/work/ozone/ozone/hadoop-ozone/integration-test/target/log,AVAILABLE}
2022-11-09 16:19:02,190 [Listener at 0.0.0.0/43445] INFO  handler.ContextHandler (ContextHandler.java:doStart(921)) - Started o.e.j.s.ServletContextHandler@42fc896a{static,/static,file:///home/runner/work/ozone/ozone/hadoop-ozone/integration-test/target/test-classes/webapps/static,AVAILABLE}
2022-11-09 16:19:02,195 [Listener at 0.0.0.0/43445] INFO  handler.ContextHandler (ContextHandler.java:doStart(921)) - Started o.e.j.w.WebAppContext@3bad20e5{scm,/,file:///home/runner/work/ozone/ozone/hadoop-ozone/integration-test/target/test-classes/webapps/scm/,AVAILABLE}{file:/home/runner/work/ozone/ozone/hadoop-ozone/integration-test/target/test-classes/webapps/scm}
2022-11-09 16:19:02,197 [Listener at 0.0.0.0/43445] INFO  server.AbstractConnector (AbstractConnector.java:doStart(333)) - Started ServerConnector@1bd2fcb8{HTTP/1.1, (http/1.1)}{0.0.0.0:40827}
2022-11-09 16:19:02,197 [Listener at 0.0.0.0/43445] INFO  server.Server (Server.java:doStart(415)) - Started @21214ms
2022-11-09 16:19:02,197 [Listener at 0.0.0.0/43445] WARN  impl.MetricsSystemImpl (MetricsSystemImpl.java:register(279)) - Sink prometheus already exists!
2022-11-09 16:19:02,198 [Listener at 0.0.0.0/43445] INFO  http.BaseHttpServer (BaseHttpServer.java:updateConnectorAddress(333)) - HTTP server of scm listening at http://0.0.0.0:40827
2022-11-09 16:19:02,198 [Listener at 0.0.0.0/43445] INFO  ozone.MiniOzoneHAClusterImpl (MiniOzoneHAClusterImpl.java:createSCMService(606)) - Started SCM RPC server at /0.0.0.0:43445
2022-11-09 16:19:02,199 [Listener at 0.0.0.0/43445] WARN  server.ServerUtils (ServerUtils.java:getScmDbDir(148)) - ozone.scm.db.dirs is not configured. We recommend adding this setting. Falling back to ozone.metadata.dirs instead.
2022-11-09 16:19:02,199 [Listener at 0.0.0.0/43445] INFO  ha.SCMHANodeDetails (SCMHANodeDetails.java:loadSCMHAConfig(209)) - ServiceID for StorageContainerManager is scmServiceId
2022-11-09 16:19:02,199 [Listener at 0.0.0.0/43445] INFO  ha.SCMHANodeDetails (SCMHANodeDetails.java:loadSCMHAConfig(220)) - ServiceID for StorageContainerManager is scmServiceId
2022-11-09 16:19:02,200 [Listener at 0.0.0.0/43445] WARN  scm.ScmUtils (ScmUtils.java:logWarn(190)) - ConfigKey ozone.scm.block.client.address is deprecated, For configuring different ports for each SCM use PortConfigKey ozone.scm.block.client.port appended with serviceId and nodeId. If want to configure same port configure ozone.scm.block.client.port
2022-11-09 16:19:02,200 [Listener at 0.0.0.0/43445] WARN  scm.ScmUtils (ScmUtils.java:logWarn(190)) - ConfigKey ozone.scm.client.address is deprecated, For configuring different ports for each SCM use PortConfigKey ozone.scm.client.port appended with serviceId and nodeId. If want to configure same port configure ozone.scm.client.port
2022-11-09 16:19:02,200 [Listener at 0.0.0.0/43445] WARN  scm.ScmUtils (ScmUtils.java:logWarn(190)) - ConfigKey ozone.scm.datanode.address is deprecated, For configuring different ports for each SCM use PortConfigKey ozone.scm.datanode.port appended with serviceId and nodeId. If want to configure same port configure ozone.scm.datanode.port
2022-11-09 16:19:02,202 [Listener at 0.0.0.0/43445] WARN  scm.ScmUtils (ScmUtils.java:logWarn(190)) - ConfigKey ozone.scm.block.client.address is deprecated, For configuring different ports for each SCM use PortConfigKey ozone.scm.block.client.port appended with serviceId and nodeId. If want to configure same port configure ozone.scm.block.client.port
2022-11-09 16:19:02,203 [Listener at 0.0.0.0/43445] WARN  scm.ScmUtils (ScmUtils.java:logWarn(190)) - ConfigKey ozone.scm.client.address is deprecated, For configuring different ports for each SCM use PortConfigKey ozone.scm.client.port appended with serviceId and nodeId. If want to configure same port configure ozone.scm.client.port
2022-11-09 16:19:02,203 [Listener at 0.0.0.0/43445] WARN  scm.ScmUtils (ScmUtils.java:logWarn(190)) - ConfigKey ozone.scm.datanode.address is deprecated, For configuring different ports for each SCM use PortConfigKey ozone.scm.datanode.port appended with serviceId and nodeId. If want to configure same port configure ozone.scm.datanode.port
2022-11-09 16:19:02,203 [Listener at 0.0.0.0/43445] INFO  ha.SCMHANodeDetails (SCMHANodeDetails.java:loadSCMHAConfig(307)) - Found matching SCM address with SCMServiceId: scmServiceId, SCMNodeId: scmNode-3, RPC Address: localhost:33921 and Ratis port: 33921
2022-11-09 16:19:02,203 [Listener at 0.0.0.0/43445] INFO  ha.SCMHANodeDetails (ConfUtils.java:setNodeSpecificConfigs(97)) - Setting configuration key ozone.scm.datanode.address with value of key ozone.scm.datanode.address.scmServiceId.scmNode-3: 127.0.0.1:44507
2022-11-09 16:19:02,203 [Listener at 0.0.0.0/43445] INFO  ha.SCMHANodeDetails (ConfUtils.java:setNodeSpecificConfigs(97)) - Setting configuration key ozone.scm.block.client.address with value of key ozone.scm.block.client.address.scmServiceId.scmNode-3: 127.0.0.1:41133
2022-11-09 16:19:02,205 [Listener at 0.0.0.0/43445] INFO  ha.SCMHANodeDetails (ConfUtils.java:setNodeSpecificConfigs(97)) - Setting configuration key ozone.scm.client.address with value of key ozone.scm.client.address.scmServiceId.scmNode-3: 127.0.0.1:38443
2022-11-09 16:19:02,205 [Listener at 0.0.0.0/43445] INFO  ha.SCMHANodeDetails (ConfUtils.java:setNodeSpecificConfigs(97)) - Setting configuration key ozone.scm.ratis.port with value of key ozone.scm.ratis.port.scmServiceId.scmNode-3: 33921
2022-11-09 16:19:02,205 [Listener at 0.0.0.0/43445] INFO  ha.SCMHANodeDetails (ConfUtils.java:setNodeSpecificConfigs(97)) - Setting configuration key ozone.scm.grpc.port with value of key ozone.scm.grpc.port.scmServiceId.scmNode-3: 45071
2022-11-09 16:19:02,205 [Listener at 0.0.0.0/43445] INFO  ha.SCMHANodeDetails (ConfUtils.java:setNodeSpecificConfigs(97)) - Setting configuration key ozone.scm.http-address with value of key ozone.scm.http-address.scmServiceId.scmNode-3: 127.0.0.1:37719
2022-11-09 16:19:02,206 [Listener at 0.0.0.0/43445] INFO  ha.SCMHANodeDetails (ConfUtils.java:setNodeSpecificConfigs(97)) - Setting configuration key ozone.scm.https-address with value of key ozone.scm.https-address.scmServiceId.scmNode-3: 127.0.0.1:42699
2022-11-09 16:19:02,206 [Listener at 0.0.0.0/43445] INFO  ha.SCMHANodeDetails (ConfUtils.java:setNodeSpecificConfigs(97)) - Setting configuration key ozone.scm.address with value of key ozone.scm.address.scmServiceId.scmNode-3: 127.0.0.1
2022-11-09 16:19:02,206 [Listener at 0.0.0.0/43445] WARN  scm.ScmUtils (ScmUtils.java:logWarn(190)) - ConfigKey ozone.scm.block.client.address is deprecated, For configuring different ports for each SCM use PortConfigKey ozone.scm.block.client.port appended with serviceId and nodeId. If want to configure same port configure ozone.scm.block.client.port
2022-11-09 16:19:02,206 [Listener at 0.0.0.0/43445] WARN  scm.ScmUtils (ScmUtils.java:logWarn(190)) - ConfigKey ozone.scm.client.address is deprecated, For configuring different ports for each SCM use PortConfigKey ozone.scm.client.port appended with serviceId and nodeId. If want to configure same port configure ozone.scm.client.port
2022-11-09 16:19:02,206 [Listener at 0.0.0.0/43445] WARN  scm.ScmUtils (ScmUtils.java:logWarn(190)) - ConfigKey ozone.scm.datanode.address is deprecated, For configuring different ports for each SCM use PortConfigKey ozone.scm.datanode.port appended with serviceId and nodeId. If want to configure same port configure ozone.scm.datanode.port
2022-11-09 16:19:02,209 [Listener at 0.0.0.0/43445] INFO  ha.SCMNodeInfo (SCMNodeInfo.java:getPort(197)) - ConfigKey ozone.scm.client.address is deprecated, For configuring different ports for each SCM use PortConfigKey ozone.scm.client.port appended with serviceId and nodeId
2022-11-09 16:19:02,209 [Listener at 0.0.0.0/43445] INFO  ha.SCMNodeInfo (SCMNodeInfo.java:getPort(197)) - ConfigKey ozone.scm.block.client.address is deprecated, For configuring different ports for each SCM use PortConfigKey ozone.scm.block.client.port appended with serviceId and nodeId
2022-11-09 16:19:02,209 [Listener at 0.0.0.0/43445] INFO  ha.SCMNodeInfo (SCMNodeInfo.java:getPort(197)) - ConfigKey ozone.scm.datanode.address is deprecated, For configuring different ports for each SCM use PortConfigKey ozone.scm.datanode.port appended with serviceId and nodeId
2022-11-09 16:19:02,209 [Listener at 0.0.0.0/43445] INFO  ha.SCMNodeInfo (SCMNodeInfo.java:getPort(197)) - ConfigKey ozone.scm.client.address is deprecated, For configuring different ports for each SCM use PortConfigKey ozone.scm.client.port appended with serviceId and nodeId
2022-11-09 16:19:02,209 [Listener at 0.0.0.0/43445] INFO  ha.SCMNodeInfo (SCMNodeInfo.java:getPort(197)) - ConfigKey ozone.scm.block.client.address is deprecated, For configuring different ports for each SCM use PortConfigKey ozone.scm.block.client.port appended with serviceId and nodeId
2022-11-09 16:19:02,209 [Listener at 0.0.0.0/43445] INFO  ha.SCMNodeInfo (SCMNodeInfo.java:getPort(197)) - ConfigKey ozone.scm.datanode.address is deprecated, For configuring different ports for each SCM use PortConfigKey ozone.scm.datanode.port appended with serviceId and nodeId
2022-11-09 16:19:02,209 [Listener at 0.0.0.0/43445] INFO  proxy.SCMBlockLocationFailoverProxyProvider (SCMBlockLocationFailoverProxyProvider.java:<init>(114)) - Created block location fail-over proxy with 2 nodes: [nodeId=scmNode-2,nodeAddress=/127.0.0.1:44141, nodeId=scmNode-1,nodeAddress=/127.0.0.1:46207]
2022-11-09 16:19:02,217 [Listener at 0.0.0.0/43445] INFO  server.StorageContainerManager (StorageContainerManager.java:scmBootstrap(1131)) - SCM BootStrap  is successful for ClusterID 5b74f3a4-74d7-4700-a005-fabb0032522b, SCMID 2b0403aa-f9f3-4c84-9f99-08ca89661127
2022-11-09 16:19:02,217 [Listener at 0.0.0.0/43445] INFO  server.StorageContainerManager (StorageContainerManager.java:scmBootstrap(1133)) - Primary SCM Node ID b72141cc-d5cc-4373-b066-0e22769f6f76
2022-11-09 16:19:02,217 [Listener at 0.0.0.0/43445] WARN  server.ServerUtils (ServerUtils.java:getScmDbDir(148)) - ozone.scm.db.dirs is not configured. We recommend adding this setting. Falling back to ozone.metadata.dirs instead.
2022-11-09 16:19:02,217 [Listener at 0.0.0.0/43445] INFO  ha.SCMHANodeDetails (SCMHANodeDetails.java:loadSCMHAConfig(209)) - ServiceID for StorageContainerManager is scmServiceId
2022-11-09 16:19:02,217 [Listener at 0.0.0.0/43445] INFO  ha.SCMHANodeDetails (SCMHANodeDetails.java:loadSCMHAConfig(220)) - ServiceID for StorageContainerManager is scmServiceId
2022-11-09 16:19:02,218 [Listener at 0.0.0.0/43445] WARN  scm.ScmUtils (ScmUtils.java:logWarn(190)) - ConfigKey ozone.scm.block.client.address is deprecated, For configuring different ports for each SCM use PortConfigKey ozone.scm.block.client.port appended with serviceId and nodeId. If want to configure same port configure ozone.scm.block.client.port
2022-11-09 16:19:02,218 [Listener at 0.0.0.0/43445] WARN  scm.ScmUtils (ScmUtils.java:logWarn(190)) - ConfigKey ozone.scm.client.address is deprecated, For configuring different ports for each SCM use PortConfigKey ozone.scm.client.port appended with serviceId and nodeId. If want to configure same port configure ozone.scm.client.port
2022-11-09 16:19:02,218 [Listener at 0.0.0.0/43445] WARN  scm.ScmUtils (ScmUtils.java:logWarn(190)) - ConfigKey ozone.scm.datanode.address is deprecated, For configuring different ports for each SCM use PortConfigKey ozone.scm.datanode.port appended with serviceId and nodeId. If want to configure same port configure ozone.scm.datanode.port
2022-11-09 16:19:02,218 [Listener at 0.0.0.0/43445] WARN  scm.ScmUtils (ScmUtils.java:logWarn(190)) - ConfigKey ozone.scm.block.client.address is deprecated, For configuring different ports for each SCM use PortConfigKey ozone.scm.block.client.port appended with serviceId and nodeId. If want to configure same port configure ozone.scm.block.client.port
2022-11-09 16:19:02,218 [Listener at 0.0.0.0/43445] WARN  scm.ScmUtils (ScmUtils.java:logWarn(190)) - ConfigKey ozone.scm.client.address is deprecated, For configuring different ports for each SCM use PortConfigKey ozone.scm.client.port appended with serviceId and nodeId. If want to configure same port configure ozone.scm.client.port
2022-11-09 16:19:02,218 [Listener at 0.0.0.0/43445] WARN  scm.ScmUtils (ScmUtils.java:logWarn(190)) - ConfigKey ozone.scm.datanode.address is deprecated, For configuring different ports for each SCM use PortConfigKey ozone.scm.datanode.port appended with serviceId and nodeId. If want to configure same port configure ozone.scm.datanode.port
2022-11-09 16:19:02,218 [Listener at 0.0.0.0/43445] INFO  ha.SCMHANodeDetails (SCMHANodeDetails.java:loadSCMHAConfig(307)) - Found matching SCM address with SCMServiceId: scmServiceId, SCMNodeId: scmNode-3, RPC Address: localhost:33921 and Ratis port: 33921
2022-11-09 16:19:02,218 [Listener at 0.0.0.0/43445] INFO  ha.SCMHANodeDetails (ConfUtils.java:setNodeSpecificConfigs(97)) - Setting configuration key ozone.scm.datanode.address with value of key ozone.scm.datanode.address.scmServiceId.scmNode-3: 127.0.0.1:44507
2022-11-09 16:19:02,218 [Listener at 0.0.0.0/43445] INFO  ha.SCMHANodeDetails (ConfUtils.java:setNodeSpecificConfigs(97)) - Setting configuration key ozone.scm.block.client.address with value of key ozone.scm.block.client.address.scmServiceId.scmNode-3: 127.0.0.1:41133
2022-11-09 16:19:02,218 [Listener at 0.0.0.0/43445] INFO  ha.SCMHANodeDetails (ConfUtils.java:setNodeSpecificConfigs(97)) - Setting configuration key ozone.scm.client.address with value of key ozone.scm.client.address.scmServiceId.scmNode-3: 127.0.0.1:38443
2022-11-09 16:19:02,218 [Listener at 0.0.0.0/43445] INFO  ha.SCMHANodeDetails (ConfUtils.java:setNodeSpecificConfigs(97)) - Setting configuration key ozone.scm.ratis.port with value of key ozone.scm.ratis.port.scmServiceId.scmNode-3: 33921
2022-11-09 16:19:02,218 [Listener at 0.0.0.0/43445] INFO  ha.SCMHANodeDetails (ConfUtils.java:setNodeSpecificConfigs(97)) - Setting configuration key ozone.scm.grpc.port with value of key ozone.scm.grpc.port.scmServiceId.scmNode-3: 45071
2022-11-09 16:19:02,218 [Listener at 0.0.0.0/43445] INFO  ha.SCMHANodeDetails (ConfUtils.java:setNodeSpecificConfigs(97)) - Setting configuration key ozone.scm.http-address with value of key ozone.scm.http-address.scmServiceId.scmNode-3: 127.0.0.1:37719
2022-11-09 16:19:02,219 [Listener at 0.0.0.0/43445] INFO  ha.SCMHANodeDetails (ConfUtils.java:setNodeSpecificConfigs(97)) - Setting configuration key ozone.scm.https-address with value of key ozone.scm.https-address.scmServiceId.scmNode-3: 127.0.0.1:42699
2022-11-09 16:19:02,219 [Listener at 0.0.0.0/43445] INFO  ha.SCMHANodeDetails (ConfUtils.java:setNodeSpecificConfigs(97)) - Setting configuration key ozone.scm.address with value of key ozone.scm.address.scmServiceId.scmNode-3: 127.0.0.1
2022-11-09 16:19:02,219 [Listener at 0.0.0.0/43445] WARN  scm.ScmUtils (ScmUtils.java:logWarn(190)) - ConfigKey ozone.scm.block.client.address is deprecated, For configuring different ports for each SCM use PortConfigKey ozone.scm.block.client.port appended with serviceId and nodeId. If want to configure same port configure ozone.scm.block.client.port
2022-11-09 16:19:02,219 [Listener at 0.0.0.0/43445] WARN  scm.ScmUtils (ScmUtils.java:logWarn(190)) - ConfigKey ozone.scm.client.address is deprecated, For configuring different ports for each SCM use PortConfigKey ozone.scm.client.port appended with serviceId and nodeId. If want to configure same port configure ozone.scm.client.port
2022-11-09 16:19:02,219 [Listener at 0.0.0.0/43445] WARN  scm.ScmUtils (ScmUtils.java:logWarn(190)) - ConfigKey ozone.scm.datanode.address is deprecated, For configuring different ports for each SCM use PortConfigKey ozone.scm.datanode.port appended with serviceId and nodeId. If want to configure same port configure ozone.scm.datanode.port
2022-11-09 16:19:02,220 [Listener at 0.0.0.0/43445] WARN  utils.HAUtils (HAUtils.java:getMetaDir(342)) - ozone.scm.db.dirs is not configured. We recommend adding this setting. Falling back to ozone.metadata.dirs instead.
2022-11-09 16:19:02,220 [Listener at 0.0.0.0/43445] WARN  db.DBStoreBuilder (DBStoreBuilder.java:applyDBDefinition(144)) - ozone.scm.db.dirs is not configured. We recommend adding this setting. Falling back to ozone.metadata.dirs instead.
2022-11-09 16:19:02,318 [Listener at 0.0.0.0/43445] INFO  net.NodeSchemaLoader (NodeSchemaLoader.java:loadSchemaFromFile(129)) - Loading schema from [jar:file:/home/runner/.m2/repository/org/apache/ozone/hdds-common/1.3.0-SNAPSHOT/hdds-common-1.3.0-SNAPSHOT.jar!/network-topology-default.xml]
2022-11-09 16:19:02,319 [Listener at 0.0.0.0/43445] INFO  net.NodeSchemaLoader (NodeSchemaLoader.java:loadSchema(176)) - Loading network topology layer schema file
2022-11-09 16:19:02,325 [Listener at 0.0.0.0/43445] WARN  impl.MetricRegistriesImpl (MetricRegistriesImpl.java:addReporterRegistration(111)) - New reporters are added after registries were created. Some metrics will be missing from the reporter. Please add reporter before adding any new registry.
2022-11-09 16:19:02,325 [Listener at 0.0.0.0/43445] WARN  impl.MetricRegistriesImpl (MetricRegistriesImpl.java:addReporterRegistration(111)) - New reporters are added after registries were created. Some metrics will be missing from the reporter. Please add reporter before adding any new registry.
2022-11-09 16:19:02,326 [Listener at 0.0.0.0/43445] INFO  ha.SCMRatisServerImpl (SCMRatisServerImpl.java:<init>(87)) - starting Raft server for scm:2b0403aa-f9f3-4c84-9f99-08ca89661127
2022-11-09 16:19:02,327 [Listener at 0.0.0.0/43445] INFO  server.RaftServer (ConfUtils.java:logGet(46)) - raft.rpc.type = GRPC (default)
2022-11-09 16:19:02,327 [Listener at 0.0.0.0/43445] INFO  grpc.GrpcConfigKeys (ConfUtils.java:logFallback(53)) - raft.grpc.admin.host = null (fallback to raft.grpc.server.host)
2022-11-09 16:19:02,327 [Listener at 0.0.0.0/43445] INFO  grpc.GrpcConfigKeys (ConfUtils.java:logFallback(53)) - raft.grpc.admin.port = 33921 (fallback to raft.grpc.server.port)
2022-11-09 16:19:02,328 [Listener at 0.0.0.0/43445] INFO  grpc.GrpcConfigKeys (ConfUtils.java:logFallback(53)) - raft.grpc.client.host = null (fallback to raft.grpc.server.host)
2022-11-09 16:19:02,332 [Listener at 0.0.0.0/43445] INFO  grpc.GrpcConfigKeys (ConfUtils.java:logFallback(53)) - raft.grpc.client.port = 33921 (fallback to raft.grpc.server.port)
2022-11-09 16:19:02,332 [Listener at 0.0.0.0/43445] INFO  grpc.GrpcConfigKeys (ConfUtils.java:logGet(46)) - raft.grpc.server.host = null (default)
2022-11-09 16:19:02,332 [Listener at 0.0.0.0/43445] INFO  grpc.GrpcConfigKeys (ConfUtils.java:logGet(46)) - raft.grpc.server.port = 33921 (custom)
2022-11-09 16:19:02,332 [Listener at 0.0.0.0/43445] INFO  server.GrpcService (ConfUtils.java:logGet(46)) - raft.grpc.message.size.max = 32m (=33554432) (custom)
2022-11-09 16:19:02,332 [Listener at 0.0.0.0/43445] INFO  server.RaftServerConfigKeys (ConfUtils.java:logGet(46)) - raft.server.log.appender.buffer.byte-limit = 33554432 (custom)
2022-11-09 16:19:02,332 [Listener at 0.0.0.0/43445] INFO  server.GrpcService (ConfUtils.java:logGet(46)) - raft.grpc.flow.control.window = 1MB (=1048576) (default)
2022-11-09 16:19:02,333 [Listener at 0.0.0.0/43445] INFO  server.RaftServerConfigKeys (ConfUtils.java:logGet(46)) - raft.server.rpc.request.timeout = 30000ms (custom)
2022-11-09 16:19:02,333 [Listener at 0.0.0.0/43445] INFO  grpc.GrpcConfigKeys (ConfUtils.java:logGet(46)) - raft.grpc.server.heartbeat.channel = true (default)
2022-11-09 16:19:02,333 [Listener at 0.0.0.0/43445] INFO  grpc.GrpcConfigKeys (ConfUtils.java:logGet(46)) - raft.grpc.server.async.request.thread.pool.cached = true (default)
2022-11-09 16:19:02,333 [Listener at 0.0.0.0/43445] INFO  grpc.GrpcConfigKeys (ConfUtils.java:logGet(46)) - raft.grpc.server.async.request.thread.pool.size = 32 (default)
2022-11-09 16:19:02,334 [Listener at 0.0.0.0/43445] INFO  impl.DataStreamServerImpl (ConfUtils.java:logGet(46)) - raft.datastream.type = DISABLED (default)
2022-11-09 16:19:02,334 [Listener at 0.0.0.0/43445] INFO  server.RaftServerConfigKeys (ConfUtils.java:logGet(46)) - raft.server.threadpool.proxy.cached = true (default)
2022-11-09 16:19:02,334 [Listener at 0.0.0.0/43445] INFO  server.RaftServerConfigKeys (ConfUtils.java:logGet(46)) - raft.server.threadpool.proxy.size = 0 (default)
2022-11-09 16:19:02,335 [Listener at 0.0.0.0/43445] INFO  server.RaftServerConfigKeys (ConfUtils.java:logGet(46)) - raft.server.rpc.slowness.timeout = 120000ms (custom)
2022-11-09 16:19:02,335 [Listener at 0.0.0.0/43445] INFO  server.RaftServerConfigKeys (ConfUtils.java:logGet(46)) - raft.server.leaderelection.leader.step-down.wait-time = 10s (default)
2022-11-09 16:19:02,335 [Listener at 0.0.0.0/43445] INFO  server.RaftServerConfigKeys (ConfUtils.java:logGet(46)) - raft.server.storage.dir = [/home/runner/work/ozone/ozone/hadoop-ozone/integration-test/target/test-dir/MiniOzoneClusterImpl-5b74f3a4-74d7-4700-a005-fabb0032522b/scmNode-3/scm-ha] (custom)
2022-11-09 16:19:02,336 [Listener at 0.0.0.0/43445] INFO  server.RaftServer (RaftServerProxy.java:addNew(96)) - 2b0403aa-f9f3-4c84-9f99-08ca89661127: addNew group-FABB0032522B:[] returns group-FABB0032522B:java.util.concurrent.CompletableFuture@4a487887[Not completed]
2022-11-09 16:19:02,336 [pool-85-thread-1] INFO  server.RaftServer$Division (RaftServerImpl.java:<init>(195)) - 2b0403aa-f9f3-4c84-9f99-08ca89661127: new RaftServerImpl for group-FABB0032522B:[] with SCMStateMachine:uninitialized
2022-11-09 16:19:02,336 [pool-85-thread-1] INFO  server.RaftServerConfigKeys (ConfUtils.java:logGet(46)) - raft.server.rpc.timeout.min = 5000ms (custom)
2022-11-09 16:19:02,336 [pool-85-thread-1] INFO  server.RaftServerConfigKeys (ConfUtils.java:logGet(46)) - raft.server.rpc.timeout.max = 5200ms (custom)
2022-11-09 16:19:02,339 [pool-85-thread-1] INFO  server.RaftServerConfigKeys (ConfUtils.java:logGet(46)) - raft.server.rpc.sleep.time = 25ms (default)
2022-11-09 16:19:02,340 [pool-85-thread-1] INFO  server.RaftServerConfigKeys (ConfUtils.java:logGet(46)) - raft.server.rpc.slowness.timeout = 120000ms (custom)
2022-11-09 16:19:02,340 [pool-85-thread-1] INFO  server.RaftServerConfigKeys (ConfUtils.java:logGet(46)) - raft.server.leaderelection.leader.step-down.wait-time = 10s (default)
2022-11-09 16:19:02,340 [pool-85-thread-1] INFO  server.RaftServerConfigKeys (ConfUtils.java:logGet(46)) - raft.server.sleep.deviation.threshold = 300ms (default)
2022-11-09 16:19:02,340 [pool-85-thread-1] INFO  server.RaftServer$Division (ServerState.java:<init>(118)) - 2b0403aa-f9f3-4c84-9f99-08ca89661127@group-FABB0032522B: ConfigurationManager, init=-1: peers:[]|listeners:[], old=null, confs=<EMPTY_MAP>
2022-11-09 16:19:02,340 [pool-85-thread-1] INFO  server.RaftServerConfigKeys (ConfUtils.java:logGet(46)) - raft.server.storage.dir = [/home/runner/work/ozone/ozone/hadoop-ozone/integration-test/target/test-dir/MiniOzoneClusterImpl-5b74f3a4-74d7-4700-a005-fabb0032522b/scmNode-3/scm-ha] (custom)
2022-11-09 16:19:02,340 [pool-85-thread-1] INFO  server.RaftServerConfigKeys (ConfUtils.java:logGet(46)) - raft.server.log.corruption.policy = EXCEPTION (default)
2022-11-09 16:19:02,340 [pool-85-thread-1] INFO  server.RaftServerConfigKeys (ConfUtils.java:logGet(46)) - raft.server.storage.free-space.min = 0MB (=0) (default)
2022-11-09 16:19:02,340 [pool-85-thread-1] INFO  server.RaftServerConfigKeys (ConfUtils.java:logGet(46)) - raft.server.notification.no-leader.timeout = 60s (default)
2022-11-09 16:19:02,340 [pool-85-thread-1] INFO  server.RaftServerConfigKeys (ConfUtils.java:logGet(46)) - raft.server.retrycache.expirytime = 60000ms (default)
2022-11-09 16:19:02,341 [pool-85-thread-1] INFO  server.RaftServerConfigKeys (ConfUtils.java:logGet(46)) - raft.server.retrycache.statistics.expirytime = 100μs (default)
2022-11-09 16:19:02,344 [pool-85-thread-1] INFO  server.RaftServerConfigKeys (ConfUtils.java:logGet(46)) - raft.server.log.appender.install.snapshot.enabled = false (custom)
2022-11-09 16:19:02,344 [pool-85-thread-1] INFO  server.RaftServerConfigKeys (ConfUtils.java:logGet(46)) - raft.server.threadpool.server.cached = true (default)
2022-11-09 16:19:02,344 [pool-85-thread-1] INFO  server.RaftServerConfigKeys (ConfUtils.java:logGet(46)) - raft.server.threadpool.server.size = 0 (default)
2022-11-09 16:19:02,344 [pool-85-thread-1] INFO  server.RaftServerConfigKeys (ConfUtils.java:logGet(46)) - raft.server.threadpool.client.cached = true (default)
2022-11-09 16:19:02,344 [pool-85-thread-1] INFO  server.RaftServerConfigKeys (ConfUtils.java:logGet(46)) - raft.server.threadpool.client.size = 0 (default)
2022-11-09 16:19:02,344 [Listener at 0.0.0.0/43445] INFO  ha.SCMSnapshotProvider (SCMSnapshotProvider.java:<init>(66)) - Initializing SCM Snapshot Provider
2022-11-09 16:19:02,345 [Listener at 0.0.0.0/43445] WARN  server.ServerUtils (ServerUtils.java:getDefaultRatisDirectory(237)) - Storage directory for Ratis is not configured. It is a good idea to map this to an SSD disk. Falling back to ozone.metadata.dirs
2022-11-09 16:19:02,345 [Listener at 0.0.0.0/43445] WARN  ha.SCMHAUtils (SCMHAUtils.java:getSCMRatisSnapshotDirectory(153)) - SCM snapshot dir is not configured. Falling back to ozone.metadata.dirs config
2022-11-09 16:19:02,346 [Listener at 0.0.0.0/43445] INFO  upgrade.AbstractLayoutVersionManager (AbstractLayoutVersionManager.java:init(83)) - Initializing Layout version manager with metadata layout = DATANODE_SCHEMA_V3 (version = 4), software layout = DATANODE_SCHEMA_V3 (version = 4)
2022-11-09 16:19:02,400 [Listener at 0.0.0.0/43445] INFO  reflections.Reflections (Reflections.java:scan(232)) - Reflections took 53 ms to scan 7 urls, producing 139 keys and 336 values 
2022-11-09 16:19:02,402 [Listener at 0.0.0.0/43445] INFO  ha.SequenceIdGenerator (SequenceIdGenerator.java:upgradeToSequenceId(349)) - upgrade localId to 109611004723200000
2022-11-09 16:19:02,402 [Listener at 0.0.0.0/43445] INFO  ha.SequenceIdGenerator (SequenceIdGenerator.java:upgradeToSequenceId(359)) - upgrade delTxnId to 0
2022-11-09 16:19:02,402 [Listener at 0.0.0.0/43445] INFO  ha.SequenceIdGenerator (SequenceIdGenerator.java:upgradeToSequenceId(376)) - upgrade containerId to 0
2022-11-09 16:19:02,402 [Listener at 0.0.0.0/43445] INFO  ha.SequenceIdGenerator (SequenceIdGenerator.java:<init>(220)) - Init the HA SequenceIdGenerator.
2022-11-09 16:19:02,403 [Listener at 0.0.0.0/43445] WARN  server.ServerUtils (ServerUtils.java:sanitizeUserArgs(73)) - ozone.scm.stale.node.interval value = 300000 is larger than max = 100000 based on the key value of ozone.scm.heartbeat.thread.interval, reset to the max value 100000.
2022-11-09 16:19:02,403 [Listener at 0.0.0.0/43445] WARN  server.ServerUtils (ServerUtils.java:sanitizeUserArgs(73)) - ozone.scm.stale.node.interval value = 300000 is larger than max = 100000 based on the key value of ozone.scm.heartbeat.thread.interval, reset to the max value 100000.
2022-11-09 16:19:02,403 [Listener at 0.0.0.0/43445] INFO  node.SCMNodeManager (SCMNodeManager.java:<init>(149)) - Entering startup safe mode.
2022-11-09 16:19:02,404 [Listener at 0.0.0.0/43445] INFO  algorithms.ContainerPlacementPolicyFactory (ContainerPlacementPolicyFactory.java:getPolicyInternal(86)) - Create container placement policy of type org.apache.hadoop.hdds.scm.container.placement.algorithms.SCMContainerPlacementRandom
2022-11-09 16:19:02,404 [Listener at 0.0.0.0/43445] INFO  algorithms.ContainerPlacementPolicyFactory (ContainerPlacementPolicyFactory.java:getPolicyInternal(86)) - Create container placement policy of type org.apache.hadoop.hdds.scm.container.placement.algorithms.SCMContainerPlacementRackScatter
2022-11-09 16:19:02,404 [Listener at 0.0.0.0/43445] INFO  pipeline.PipelineStateManagerImpl (PipelineStateManagerImpl.java:initialize(78)) - No pipeline exists in current db
2022-11-09 16:19:02,405 [Listener at 0.0.0.0/43445] INFO  algorithms.LeaderChoosePolicyFactory (LeaderChoosePolicyFactory.java:getPolicy(57)) - Create leader choose policy of type org.apache.hadoop.hdds.scm.pipeline.leader.choose.algorithms.MinLeaderCountChoosePolicy
2022-11-09 16:19:02,405 [Listener at 0.0.0.0/43445] INFO  algorithms.ContainerPlacementPolicyFactory (ContainerPlacementPolicyFactory.java:getPolicyInternal(86)) - Create container placement policy of type org.apache.hadoop.hdds.scm.container.placement.algorithms.SCMContainerPlacementRackScatter
2022-11-09 16:19:02,405 [Listener at 0.0.0.0/43445] INFO  ha.SCMServiceManager (SCMServiceManager.java:register(42)) - Registering service BackgroundPipelineCreator.
2022-11-09 16:19:02,405 [Listener at 0.0.0.0/43445] INFO  pipeline.BackgroundPipelineCreator (BackgroundPipelineCreator.java:start(124)) - Starting RatisPipelineUtilsThread.
2022-11-09 16:19:02,408 [Listener at 0.0.0.0/43445] INFO  BackgroundPipelineScrubber (BackgroundSCMService.java:start(68)) - Starting BackgroundPipelineScrubber Service.
2022-11-09 16:19:02,411 [Listener at 0.0.0.0/43445] INFO  ha.SCMServiceManager (SCMServiceManager.java:register(42)) - Registering service BackgroundPipelineScrubber.
2022-11-09 16:19:02,412 [Listener at 0.0.0.0/43445] INFO  ExpiredContainerReplicaOpScrubber (BackgroundSCMService.java:start(68)) - Starting ExpiredContainerReplicaOpScrubber Service.
2022-11-09 16:19:02,412 [Listener at 0.0.0.0/43445] INFO  ha.SCMServiceManager (SCMServiceManager.java:register(42)) - Registering service ExpiredContainerReplicaOpScrubber.
2022-11-09 16:19:02,413 [Listener at 0.0.0.0/43445] INFO  algorithms.PipelineChoosePolicyFactory (PipelineChoosePolicyFactory.java:createPipelineChoosePolicyFromClass(73)) - Create pipeline choose policy of type org.apache.hadoop.hdds.scm.pipeline.choose.algorithms.RandomPipelineChoosePolicy
2022-11-09 16:19:02,414 [Listener at 0.0.0.0/43445] INFO  ha.SCMServiceManager (SCMServiceManager.java:register(42)) - Registering service SCMBlockDeletingService.
2022-11-09 16:19:02,414 [Listener at 0.0.0.0/43445] INFO  replication.ReplicationManager (ReplicationManager.java:start(239)) - Starting Replication Monitor Thread.
2022-11-09 16:19:02,423 [Listener at 0.0.0.0/43445] INFO  ha.SCMServiceManager (SCMServiceManager.java:register(42)) - Registering service ReplicationManager.
2022-11-09 16:19:02,423 [ReplicationMonitor] INFO  replication.ReplicationManager (ReplicationManager.java:processAll(308)) - Replication Manager is not ready to run until 3000ms after safemode exit
2022-11-09 16:19:02,424 [Listener at 0.0.0.0/43445] INFO  safemode.ContainerSafeModeRule (ContainerSafeModeRule.java:<init>(89)) - containers with one replica threshold count 0
2022-11-09 16:19:02,424 [Listener at 0.0.0.0/43445] INFO  safemode.HealthyPipelineSafeModeRule (HealthyPipelineSafeModeRule.java:initializeRule(169)) - Total pipeline count is 0, healthy pipeline threshold count is 1
2022-11-09 16:19:02,425 [Listener at 0.0.0.0/43445] INFO  safemode.OneReplicaPipelineSafeModeRule (OneReplicaPipelineSafeModeRule.java:initializeRule(180)) - Total pipeline count is 0, pipeline's with at least one datanode reported threshold count is 0
2022-11-09 16:19:02,426 [Listener at 0.0.0.0/43445] INFO  ipc.CallQueueManager (CallQueueManager.java:<init>(90)) - Using callQueue: class java.util.concurrent.LinkedBlockingQueue, queueCapacity: 2000, scheduler: class org.apache.hadoop.ipc.DefaultRpcScheduler, ipcBackoff: false.
2022-11-09 16:19:02,440 [Socket Reader #1 for port 44507] INFO  ipc.Server (Server.java:run(1273)) - Starting Socket Reader #1 for port 44507
2022-11-09 16:19:02,445 [Listener at 0.0.0.0/44507] INFO  ipc.CallQueueManager (CallQueueManager.java:<init>(90)) - Using callQueue: class java.util.concurrent.LinkedBlockingQueue, queueCapacity: 2000, scheduler: class org.apache.hadoop.ipc.DefaultRpcScheduler, ipcBackoff: false.
2022-11-09 16:19:02,452 [Socket Reader #1 for port 41133] INFO  ipc.Server (Server.java:run(1273)) - Starting Socket Reader #1 for port 41133
2022-11-09 16:19:02,470 [Listener at 0.0.0.0/41133] INFO  ipc.CallQueueManager (CallQueueManager.java:<init>(90)) - Using callQueue: class java.util.concurrent.LinkedBlockingQueue, queueCapacity: 2000, scheduler: class org.apache.hadoop.ipc.DefaultRpcScheduler, ipcBackoff: false.
2022-11-09 16:19:02,471 [Socket Reader #1 for port 38443] INFO  ipc.Server (Server.java:run(1273)) - Starting Socket Reader #1 for port 38443
2022-11-09 16:19:02,485 [Listener at 0.0.0.0/38443] INFO  ha.SCMServiceManager (SCMServiceManager.java:register(42)) - Registering service ContainerBalancer.
2022-11-09 16:19:02,485 [Listener at 0.0.0.0/38443] INFO  server.StorageContainerManager (StorageContainerManager.java:<init>(415)) - 
Container Balancer status:
Key                            Value
Running                        true
Container Balancer Configuration values:
Key                                                Value
Threshold                                          10
Max Datanodes to Involve per Iteration(percent)    20
Max Size to Move per Iteration                     500GB
Max Size Entering Target per Iteration             26GB
Max Size Leaving Source per Iteration              26GB

2022-11-09 16:19:02,485 [Listener at 0.0.0.0/38443] WARN  events.EventQueue (EventQueue.java:fireEvent(216)) - No event handler registered for event TypedEvent{payloadType=SafeModeStatus, name='Safe mode status'}
2022-11-09 16:19:02,486 [Listener at 0.0.0.0/38443] INFO  ha.SCMContext (SCMContext.java:updateSafeModeStatus(228)) - Update SafeModeStatus from SafeModeStatus{safeModeStatus=true, preCheckPassed=false} to SafeModeStatus{safeModeStatus=true, preCheckPassed=false}.
2022-11-09 16:19:02,486 [Listener at 0.0.0.0/38443] INFO  server.StorageContainerManager (StorageContainerManager.java:start(1449)) - StorageContainerLocationProtocol RPC server is listening at /0.0.0.0:38443
2022-11-09 16:19:02,486 [Listener at 0.0.0.0/38443] INFO  ha.SCMRatisServerImpl (SCMRatisServerImpl.java:start(178)) - starting ratis server 0.0.0.0:33921
2022-11-09 16:19:02,487 [2b0403aa-f9f3-4c84-9f99-08ca89661127-impl-thread1] INFO  storage.RaftStorageDirectory (RaftStorageDirectoryImpl.java:analyzeStorage(137)) - The storage directory /home/runner/work/ozone/ozone/hadoop-ozone/integration-test/target/test-dir/MiniOzoneClusterImpl-5b74f3a4-74d7-4700-a005-fabb0032522b/scmNode-3/scm-ha/5b74f3a4-74d7-4700-a005-fabb0032522b does not exist. Creating ...
2022-11-09 16:19:02,489 [2b0403aa-f9f3-4c84-9f99-08ca89661127-impl-thread1] INFO  storage.RaftStorageDirectory (RaftStorageDirectoryImpl.java:tryLock(231)) - Lock on /home/runner/work/ozone/ozone/hadoop-ozone/integration-test/target/test-dir/MiniOzoneClusterImpl-5b74f3a4-74d7-4700-a005-fabb0032522b/scmNode-3/scm-ha/5b74f3a4-74d7-4700-a005-fabb0032522b/in_use.lock acquired by nodename 3584@fv-az91-492
2022-11-09 16:19:02,491 [2b0403aa-f9f3-4c84-9f99-08ca89661127-impl-thread1] INFO  storage.RaftStorage (RaftStorageImpl.java:format(96)) - Storage directory /home/runner/work/ozone/ozone/hadoop-ozone/integration-test/target/test-dir/MiniOzoneClusterImpl-5b74f3a4-74d7-4700-a005-fabb0032522b/scmNode-3/scm-ha/5b74f3a4-74d7-4700-a005-fabb0032522b has been successfully formatted.
2022-11-09 16:19:02,491 [2b0403aa-f9f3-4c84-9f99-08ca89661127-impl-thread1] INFO  server.RaftServerConfigKeys (ConfUtils.java:logGet(46)) - raft.server.log.use.memory = false (default)
2022-11-09 16:19:02,491 [2b0403aa-f9f3-4c84-9f99-08ca89661127-impl-thread1] INFO  server.RaftServerConfigKeys (ConfUtils.java:logGet(46)) - raft.server.log.purge.gap = 1000000 (custom)
2022-11-09 16:19:02,491 [2b0403aa-f9f3-4c84-9f99-08ca89661127-impl-thread1] INFO  server.RaftServerConfigKeys (ConfUtils.java:logGet(46)) - raft.server.log.appender.buffer.byte-limit = 33554432 (custom)
2022-11-09 16:19:02,491 [2b0403aa-f9f3-4c84-9f99-08ca89661127-impl-thread1] INFO  server.RaftServerConfigKeys (ConfUtils.java:logGet(46)) - raft.server.log.statemachine.data.read.timeout = 1000ms (default)
2022-11-09 16:19:02,491 [2b0403aa-f9f3-4c84-9f99-08ca89661127-impl-thread1] INFO  server.RaftServerConfigKeys (ConfUtils.java:logGet(46)) - raft.server.log.purge.preservation.log.num = 0 (default)
2022-11-09 16:19:02,491 [2b0403aa-f9f3-4c84-9f99-08ca89661127-impl-thread1] INFO  server.RaftServerConfigKeys (ConfUtils.java:logGet(46)) - raft.server.log.segment.size.max = 4194304 (custom)
2022-11-09 16:19:02,492 [2b0403aa-f9f3-4c84-9f99-08ca89661127-impl-thread1] INFO  server.RaftServerConfigKeys (ConfUtils.java:logGet(46)) - raft.server.log.segment.cache.num.max = 2 (custom)
2022-11-09 16:19:02,492 [2b0403aa-f9f3-4c84-9f99-08ca89661127-impl-thread1] INFO  server.RaftServerConfigKeys (ConfUtils.java:logGet(46)) - raft.server.log.segment.cache.size.max = 200MB (=209715200) (default)
2022-11-09 16:19:02,492 [2b0403aa-f9f3-4c84-9f99-08ca89661127-impl-thread1] INFO  segmented.SegmentedRaftLogWorker (SegmentedRaftLogWorker.java:<init>(191)) - new 2b0403aa-f9f3-4c84-9f99-08ca89661127@group-FABB0032522B-SegmentedRaftLogWorker for RaftStorageImpl:Storage Directory /home/runner/work/ozone/ozone/hadoop-ozone/integration-test/target/test-dir/MiniOzoneClusterImpl-5b74f3a4-74d7-4700-a005-fabb0032522b/scmNode-3/scm-ha/5b74f3a4-74d7-4700-a005-fabb0032522b
2022-11-09 16:19:02,492 [2b0403aa-f9f3-4c84-9f99-08ca89661127-impl-thread1] INFO  server.RaftServerConfigKeys (ConfUtils.java:logGet(46)) - raft.server.log.queue.byte-limit = 64MB (=67108864) (default)
2022-11-09 16:19:02,492 [2b0403aa-f9f3-4c84-9f99-08ca89661127-impl-thread1] INFO  server.RaftServerConfigKeys (ConfUtils.java:logGet(46)) - raft.server.log.queue.element-limit = 4096 (default)
2022-11-09 16:19:02,492 [2b0403aa-f9f3-4c84-9f99-08ca89661127-impl-thread1] INFO  server.RaftServerConfigKeys (ConfUtils.java:logGet(46)) - raft.server.log.segment.size.max = 4194304 (custom)
2022-11-09 16:19:02,492 [2b0403aa-f9f3-4c84-9f99-08ca89661127-impl-thread1] INFO  server.RaftServerConfigKeys (ConfUtils.java:logGet(46)) - raft.server.log.preallocated.size = 4194304 (custom)
2022-11-09 16:19:02,492 [2b0403aa-f9f3-4c84-9f99-08ca89661127-impl-thread1] INFO  server.RaftServerConfigKeys (ConfUtils.java:logGet(46)) - raft.server.log.force.sync.num = 128 (default)
2022-11-09 16:19:02,492 [2b0403aa-f9f3-4c84-9f99-08ca89661127-impl-thread1] INFO  server.RaftServerConfigKeys (ConfUtils.java:logGet(46)) - raft.server.log.statemachine.data.sync = true (default)
2022-11-09 16:19:02,492 [2b0403aa-f9f3-4c84-9f99-08ca89661127-impl-thread1] INFO  server.RaftServerConfigKeys (ConfUtils.java:logGet(46)) - raft.server.log.statemachine.data.sync.timeout = 10s (default)
2022-11-09 16:19:02,492 [2b0403aa-f9f3-4c84-9f99-08ca89661127-impl-thread1] INFO  server.RaftServerConfigKeys (ConfUtils.java:logGet(46)) - raft.server.log.statemachine.data.sync.timeout.retry = -1 (default)
2022-11-09 16:19:02,494 [2b0403aa-f9f3-4c84-9f99-08ca89661127-impl-thread1] INFO  server.RaftServerConfigKeys (ConfUtils.java:logGet(46)) - raft.server.log.write.buffer.size = 64KB (=65536) (default)
2022-11-09 16:19:02,494 [2b0403aa-f9f3-4c84-9f99-08ca89661127-impl-thread1] INFO  server.RaftServerConfigKeys (ConfUtils.java:logGet(46)) - raft.server.log.unsafe-flush.enabled = false (default)
2022-11-09 16:19:02,495 [2b0403aa-f9f3-4c84-9f99-08ca89661127-impl-thread1] INFO  server.RaftServerConfigKeys (ConfUtils.java:logGet(46)) - raft.server.log.async-flush.enabled = false (default)
2022-11-09 16:19:02,495 [2b0403aa-f9f3-4c84-9f99-08ca89661127-impl-thread1] INFO  server.RaftServerConfigKeys (ConfUtils.java:logGet(46)) - raft.server.log.statemachine.data.caching.enabled = false (default)
2022-11-09 16:19:02,495 [2b0403aa-f9f3-4c84-9f99-08ca89661127-impl-thread1] INFO  segmented.SegmentedRaftLogWorker (SegmentedRaftLogWorker.java:lambda$new$0(136)) - 2b0403aa-f9f3-4c84-9f99-08ca89661127@group-FABB0032522B-SegmentedRaftLogWorker: flushIndex: setUnconditionally 0 -> -1
2022-11-09 16:19:02,495 [2b0403aa-f9f3-4c84-9f99-08ca89661127-impl-thread1] INFO  segmented.SegmentedRaftLogWorker (SegmentedRaftLogWorker.java:lambda$new$0(136)) - 2b0403aa-f9f3-4c84-9f99-08ca89661127@group-FABB0032522B-SegmentedRaftLogWorker: safeCacheEvictIndex: setUnconditionally 0 -> -1
2022-11-09 16:19:02,496 [2b0403aa-f9f3-4c84-9f99-08ca89661127-impl-thread1] INFO  server.RaftServer$Division (RaftServerImpl.java:start(340)) - 2b0403aa-f9f3-4c84-9f99-08ca89661127@group-FABB0032522B: start with initializing state, conf=-1: peers:[]|listeners:[], old=null
2022-11-09 16:19:02,496 [2b0403aa-f9f3-4c84-9f99-08ca89661127-impl-thread1] INFO  server.RaftServer$Division (RaftServerImpl.java:setRole(321)) - 2b0403aa-f9f3-4c84-9f99-08ca89661127@group-FABB0032522B: changes role from      null to FOLLOWER at term 0 for startInitializing
2022-11-09 16:19:02,496 [2b0403aa-f9f3-4c84-9f99-08ca89661127-impl-thread1] INFO  util.JmxRegister (JmxRegister.java:tryRegister(44)) - Successfully registered JMX Bean with object name Ratis:service=RaftServer,group=group-FABB0032522B,id=2b0403aa-f9f3-4c84-9f99-08ca89661127
2022-11-09 16:19:02,496 [2b0403aa-f9f3-4c84-9f99-08ca89661127-impl-thread1] INFO  server.RaftServerConfigKeys (ConfUtils.java:logGet(46)) - raft.server.snapshot.auto.trigger.enabled = true (custom)
2022-11-09 16:19:02,496 [2b0403aa-f9f3-4c84-9f99-08ca89661127-impl-thread1] INFO  server.RaftServerConfigKeys (ConfUtils.java:logGet(46)) - raft.server.snapshot.auto.trigger.threshold = 1000 (custom)
2022-11-09 16:19:02,496 [2b0403aa-f9f3-4c84-9f99-08ca89661127-impl-thread1] INFO  server.RaftServerConfigKeys (ConfUtils.java:logGet(46)) - raft.server.snapshot.retention.file.num = -1 (default)
2022-11-09 16:19:02,497 [2b0403aa-f9f3-4c84-9f99-08ca89661127-impl-thread1] INFO  server.RaftServerConfigKeys (ConfUtils.java:logGet(46)) - raft.server.log.purge.upto.snapshot.index = false (default)
2022-11-09 16:19:02,499 [Listener at 0.0.0.0/38443] INFO  server.RaftServer (RaftServerProxy.java:startImpl(393)) - 2b0403aa-f9f3-4c84-9f99-08ca89661127: start RPC server
2022-11-09 16:19:02,502 [Listener at 0.0.0.0/38443] INFO  server.GrpcService (GrpcService.java:startImpl(270)) - 2b0403aa-f9f3-4c84-9f99-08ca89661127: GrpcService started, listening on 33921
2022-11-09 16:19:02,503 [Listener at 0.0.0.0/38443] INFO  ha.SCMNodeInfo (SCMNodeInfo.java:getPort(197)) - ConfigKey ozone.scm.client.address is deprecated, For configuring different ports for each SCM use PortConfigKey ozone.scm.client.port appended with serviceId and nodeId
2022-11-09 16:19:02,503 [Listener at 0.0.0.0/38443] INFO  ha.SCMNodeInfo (SCMNodeInfo.java:getPort(197)) - ConfigKey ozone.scm.block.client.address is deprecated, For configuring different ports for each SCM use PortConfigKey ozone.scm.block.client.port appended with serviceId and nodeId
2022-11-09 16:19:02,503 [Listener at 0.0.0.0/38443] INFO  ha.SCMNodeInfo (SCMNodeInfo.java:getPort(197)) - ConfigKey ozone.scm.datanode.address is deprecated, For configuring different ports for each SCM use PortConfigKey ozone.scm.datanode.port appended with serviceId and nodeId
2022-11-09 16:19:02,504 [Listener at 0.0.0.0/38443] INFO  ha.SCMNodeInfo (SCMNodeInfo.java:getPort(197)) - ConfigKey ozone.scm.client.address is deprecated, For configuring different ports for each SCM use PortConfigKey ozone.scm.client.port appended with serviceId and nodeId
2022-11-09 16:19:02,504 [Listener at 0.0.0.0/38443] INFO  ha.SCMNodeInfo (SCMNodeInfo.java:getPort(197)) - ConfigKey ozone.scm.block.client.address is deprecated, For configuring different ports for each SCM use PortConfigKey ozone.scm.block.client.port appended with serviceId and nodeId
2022-11-09 16:19:02,504 [Listener at 0.0.0.0/38443] INFO  ha.SCMNodeInfo (SCMNodeInfo.java:getPort(197)) - ConfigKey ozone.scm.datanode.address is deprecated, For configuring different ports for each SCM use PortConfigKey ozone.scm.datanode.port appended with serviceId and nodeId
2022-11-09 16:19:02,504 [Listener at 0.0.0.0/38443] INFO  proxy.SCMBlockLocationFailoverProxyProvider (SCMBlockLocationFailoverProxyProvider.java:<init>(114)) - Created block location fail-over proxy with 2 nodes: [nodeId=scmNode-2,nodeAddress=/127.0.0.1:44141, nodeId=scmNode-1,nodeAddress=/127.0.0.1:46207]
2022-11-09 16:19:02,505 [JvmPauseMonitor3] INFO  util.JvmPauseMonitor (JvmPauseMonitor.java:run(105)) - JvmPauseMonitor-2b0403aa-f9f3-4c84-9f99-08ca89661127: Started
2022-11-09 16:19:02,514 [IPC Server handler 2 on default port 46207] INFO  ha.SCMRatisServerImpl (SCMRatisServerImpl.java:addSCM(298)) - b72141cc-d5cc-4373-b066-0e22769f6f76: Submitting SetConfiguration request to Ratis server with new SCM peers list: [622c10ad-5518-4f12-b7b6-fef968aa587d|rpc:localhost:40591|priority:0|startupRole:FOLLOWER, b72141cc-d5cc-4373-b066-0e22769f6f76|rpc:localhost:44325|admin:|client:|dataStream:|priority:0|startupRole:FOLLOWER, 2b0403aa-f9f3-4c84-9f99-08ca89661127|rpc:localhost:33921|priority:0|startupRole:FOLLOWER]
2022-11-09 16:19:02,514 [IPC Server handler 2 on default port 46207] INFO  server.RaftServer$Division (RaftServerImpl.java:setConfigurationAsync(1112)) - b72141cc-d5cc-4373-b066-0e22769f6f76@group-FABB0032522B: receive setConfiguration SetConfigurationRequest:client-D83EDED8C3D0->b72141cc-d5cc-4373-b066-0e22769f6f76@group-FABB0032522B, cid=1, seq=0, RW, null, SET_UNCONDITIONALLY, servers:[622c10ad-5518-4f12-b7b6-fef968aa587d|rpc:localhost:40591|priority:0|startupRole:FOLLOWER, b72141cc-d5cc-4373-b066-0e22769f6f76|rpc:localhost:44325|admin:|client:|dataStream:|priority:0|startupRole:FOLLOWER, 2b0403aa-f9f3-4c84-9f99-08ca89661127|rpc:localhost:33921|priority:0|startupRole:FOLLOWER], listeners:[]
2022-11-09 16:19:02,514 [IPC Server handler 2 on default port 46207] INFO  server.RaftServer$Division (LeaderStateImpl.java:startSetConfiguration(368)) - b72141cc-d5cc-4373-b066-0e22769f6f76@group-FABB0032522B-LeaderStateImpl: startSetConfiguration SetConfigurationRequest:client-D83EDED8C3D0->b72141cc-d5cc-4373-b066-0e22769f6f76@group-FABB0032522B, cid=1, seq=0, RW, null, SET_UNCONDITIONALLY, servers:[622c10ad-5518-4f12-b7b6-fef968aa587d|rpc:localhost:40591|priority:0|startupRole:FOLLOWER, b72141cc-d5cc-4373-b066-0e22769f6f76|rpc:localhost:44325|admin:|client:|dataStream:|priority:0|startupRole:FOLLOWER, 2b0403aa-f9f3-4c84-9f99-08ca89661127|rpc:localhost:33921|priority:0|startupRole:FOLLOWER], listeners:[]
2022-11-09 16:19:02,515 [IPC Server handler 2 on default port 46207] INFO  server.RaftServerConfigKeys (ConfUtils.java:logGet(46)) - raft.server.log.appender.snapshot.chunk.size.max = 16MB (=16777216) (default)
2022-11-09 16:19:02,515 [IPC Server handler 2 on default port 46207] INFO  server.RaftServerConfigKeys (ConfUtils.java:logGet(46)) - raft.server.log.appender.buffer.byte-limit = 33554432 (custom)
2022-11-09 16:19:02,515 [IPC Server handler 2 on default port 46207] INFO  server.RaftServerConfigKeys (ConfUtils.java:logGet(46)) - raft.server.log.appender.buffer.element-limit = 1024 (custom)
2022-11-09 16:19:02,516 [IPC Server handler 2 on default port 46207] INFO  grpc.GrpcConfigKeys (ConfUtils.java:logGet(46)) - raft.grpc.server.leader.outstanding.appends.max = 128 (default)
2022-11-09 16:19:02,516 [IPC Server handler 2 on default port 46207] INFO  server.RaftServerConfigKeys (ConfUtils.java:logGet(46)) - raft.server.rpc.request.timeout = 30000ms (custom)
2022-11-09 16:19:02,517 [IPC Server handler 2 on default port 46207] INFO  server.RaftServerConfigKeys (ConfUtils.java:logGet(46)) - raft.server.log.appender.install.snapshot.enabled = false (custom)
2022-11-09 16:19:02,517 [IPC Server handler 2 on default port 46207] INFO  grpc.GrpcConfigKeys (ConfUtils.java:logGet(46)) - raft.grpc.server.heartbeat.channel = true (default)
2022-11-09 16:19:02,517 [IPC Server handler 2 on default port 46207] INFO  server.RaftServerConfigKeys (ConfUtils.java:logGet(46)) - raft.server.log.appender.wait-time.min = 10ms (default)
2022-11-09 16:19:02,518 [b72141cc-d5cc-4373-b066-0e22769f6f76@group-FABB0032522B->2b0403aa-f9f3-4c84-9f99-08ca89661127-GrpcLogAppender-LogAppenderDaemon] INFO  server.GrpcLogAppender (GrpcLogAppender.java:installSnapshot(635)) - b72141cc-d5cc-4373-b066-0e22769f6f76@group-FABB0032522B->2b0403aa-f9f3-4c84-9f99-08ca89661127-GrpcLogAppender: followerNextIndex = 0 but logStartIndex = 0, notify follower to install snapshot-(t:1, i:0)
2022-11-09 16:19:02,519 [b72141cc-d5cc-4373-b066-0e22769f6f76@group-FABB0032522B->2b0403aa-f9f3-4c84-9f99-08ca89661127-GrpcLogAppender-LogAppenderDaemon] INFO  server.GrpcLogAppender (GrpcLogAppender.java:installSnapshot(643)) - b72141cc-d5cc-4373-b066-0e22769f6f76@group-FABB0032522B->2b0403aa-f9f3-4c84-9f99-08ca89661127-GrpcLogAppender: send b72141cc-d5cc-4373-b066-0e22769f6f76->2b0403aa-f9f3-4c84-9f99-08ca89661127#0-t2,notify:(t:1, i:0)
2022-11-09 16:19:02,519 [b72141cc-d5cc-4373-b066-0e22769f6f76@group-FABB0032522B->2b0403aa-f9f3-4c84-9f99-08ca89661127-GrpcLogAppender-LogAppenderDaemon] INFO  server.GrpcServerProtocolClient (GrpcServerProtocolClient.java:<init>(63)) - Build channel for 2b0403aa-f9f3-4c84-9f99-08ca89661127
2022-11-09 16:19:02,549 [grpc-default-executor-1] INFO  impl.SnapshotInstallationHandler (SnapshotInstallationHandler.java:installSnapshot(89)) - 2b0403aa-f9f3-4c84-9f99-08ca89661127@group-FABB0032522B: receive installSnapshot: b72141cc-d5cc-4373-b066-0e22769f6f76->2b0403aa-f9f3-4c84-9f99-08ca89661127#0-t2,notify:(t:1, i:0)
2022-11-09 16:19:02,550 [grpc-default-executor-1] INFO  ha.SCMStateMachine (SCMStateMachine.java:notifyLeaderChanged(255)) - leader changed, yet current SCM is still follower.
2022-11-09 16:19:02,550 [grpc-default-executor-1] INFO  server.RaftServer$Division (ServerState.java:setLeader(313)) - 2b0403aa-f9f3-4c84-9f99-08ca89661127@group-FABB0032522B: change Leader from null to b72141cc-d5cc-4373-b066-0e22769f6f76 at term 2 for installSnapshot, leader elected after 209ms
2022-11-09 16:19:02,550 [grpc-default-executor-1] INFO  impl.SnapshotInstallationHandler (SnapshotInstallationHandler.java:notifyStateMachineToInstallSnapshot(220)) - 2b0403aa-f9f3-4c84-9f99-08ca89661127@group-FABB0032522B: Received notification to install snapshot at index 0
2022-11-09 16:19:02,550 [grpc-default-executor-1] INFO  impl.SnapshotInstallationHandler (SnapshotInstallationHandler.java:notifyStateMachineToInstallSnapshot(229)) - 2b0403aa-f9f3-4c84-9f99-08ca89661127@group-FABB0032522B: InstallSnapshot notification result: ALREADY_INSTALLED, current snapshot index: -1
2022-11-09 16:19:02,551 [grpc-default-executor-1] INFO  impl.SnapshotInstallationHandler (SnapshotInstallationHandler.java:installSnapshotImpl(134)) - 2b0403aa-f9f3-4c84-9f99-08ca89661127@group-FABB0032522B: set new configuration index: 5
configurationEntry {
  peers {
    id: "622c10ad-5518-4f12-b7b6-fef968aa587d"
    address: "localhost:40591"
    startupRole: FOLLOWER
  }
  peers {
    id: "b72141cc-d5cc-4373-b066-0e22769f6f76"
    address: "localhost:44325"
    startupRole: FOLLOWER
  }
}
 from snapshot
2022-11-09 16:19:02,552 [grpc-default-executor-1] INFO  server.RaftServer$Division (ServerState.java:setRaftConf(430)) - 2b0403aa-f9f3-4c84-9f99-08ca89661127@group-FABB0032522B: set configuration 5: peers:[622c10ad-5518-4f12-b7b6-fef968aa587d|rpc:localhost:40591|admin:|client:|dataStream:|priority:0|startupRole:FOLLOWER, b72141cc-d5cc-4373-b066-0e22769f6f76|rpc:localhost:44325|admin:|client:|dataStream:|priority:0|startupRole:FOLLOWER]|listeners:[], old=null
2022-11-09 16:19:02,552 [grpc-default-executor-1] INFO  impl.SnapshotInstallationHandler (SnapshotInstallationHandler.java:installSnapshot(100)) - 2b0403aa-f9f3-4c84-9f99-08ca89661127@group-FABB0032522B: reply installSnapshot: b72141cc-d5cc-4373-b066-0e22769f6f76<-2b0403aa-f9f3-4c84-9f99-08ca89661127#0:OK-t0,ALREADY_INSTALLED
2022-11-09 16:19:02,552 [grpc-default-executor-1] INFO  server.GrpcServerProtocolService (GrpcServerProtocolService.java:onCompleted(145)) - 2b0403aa-f9f3-4c84-9f99-08ca89661127: Completed INSTALL_SNAPSHOT, lastRequest: b72141cc-d5cc-4373-b066-0e22769f6f76->2b0403aa-f9f3-4c84-9f99-08ca89661127#0-t2,notify:(t:1, i:0)
2022-11-09 16:19:02,554 [grpc-default-executor-1] INFO  server.GrpcLogAppender (GrpcLogAppender.java:onNext(494)) - b72141cc-d5cc-4373-b066-0e22769f6f76@group-FABB0032522B->2b0403aa-f9f3-4c84-9f99-08ca89661127-InstallSnapshotResponseHandler: received the first reply b72141cc-d5cc-4373-b066-0e22769f6f76<-2b0403aa-f9f3-4c84-9f99-08ca89661127#0:OK-t0,ALREADY_INSTALLED
2022-11-09 16:19:02,554 [grpc-default-executor-1] INFO  server.GrpcLogAppender (GrpcLogAppender.java:onNext(517)) - b72141cc-d5cc-4373-b066-0e22769f6f76@group-FABB0032522B->2b0403aa-f9f3-4c84-9f99-08ca89661127-InstallSnapshotResponseHandler: Follower snapshot is already at index 0.
2022-11-09 16:19:02,554 [grpc-default-executor-1] INFO  leader.FollowerInfo (FollowerInfoImpl.java:lambda$new$0(48)) - b72141cc-d5cc-4373-b066-0e22769f6f76@group-FABB0032522B->2b0403aa-f9f3-4c84-9f99-08ca89661127: snapshotIndex: setUnconditionally 0 -> 0
2022-11-09 16:19:02,554 [grpc-default-executor-1] INFO  leader.FollowerInfo (FollowerInfoImpl.java:lambda$new$0(48)) - b72141cc-d5cc-4373-b066-0e22769f6f76@group-FABB0032522B->2b0403aa-f9f3-4c84-9f99-08ca89661127: matchIndex: setUnconditionally 0 -> 0
2022-11-09 16:19:02,554 [grpc-default-executor-1] INFO  leader.FollowerInfo (FollowerInfoImpl.java:lambda$new$0(48)) - b72141cc-d5cc-4373-b066-0e22769f6f76@group-FABB0032522B->2b0403aa-f9f3-4c84-9f99-08ca89661127: nextIndex: setUnconditionally 0 -> 1
2022-11-09 16:19:02,554 [grpc-default-executor-1] INFO  leader.FollowerInfo (FollowerInfoImpl.java:setAttemptedToInstallSnapshot(118)) - Follower b72141cc-d5cc-4373-b066-0e22769f6f76@group-FABB0032522B->2b0403aa-f9f3-4c84-9f99-08ca89661127 acknowledged installing snapshot
2022-11-09 16:19:02,554 [grpc-default-executor-1] INFO  leader.FollowerInfo (FollowerInfoImpl.java:lambda$new$0(48)) - b72141cc-d5cc-4373-b066-0e22769f6f76@group-FABB0032522B->2b0403aa-f9f3-4c84-9f99-08ca89661127: nextIndex: updateToMax old=1, new=1, updated? false
2022-11-09 16:19:02,578 [2b0403aa-f9f3-4c84-9f99-08ca89661127-server-thread1] INFO  impl.RoleInfo (RoleInfo.java:updateAndGet(139)) - 2b0403aa-f9f3-4c84-9f99-08ca89661127: start 2b0403aa-f9f3-4c84-9f99-08ca89661127@group-FABB0032522B-FollowerState
2022-11-09 16:19:02,579 [2b0403aa-f9f3-4c84-9f99-08ca89661127-server-thread1] INFO  server.RaftServer$Division (RaftServerImpl.java:checkInconsistentAppendEntries(1508)) - 2b0403aa-f9f3-4c84-9f99-08ca89661127@group-FABB0032522B: Failed appendEntries as previous log entry ((t:1, i:0)) is not found
2022-11-09 16:19:02,579 [2b0403aa-f9f3-4c84-9f99-08ca89661127-server-thread1] INFO  server.RaftServer$Division (RaftServerImpl.java:checkInconsistentAppendEntries(1478)) - 2b0403aa-f9f3-4c84-9f99-08ca89661127@group-FABB0032522B: inconsistency entries. Reply:b72141cc-d5cc-4373-b066-0e22769f6f76<-2b0403aa-f9f3-4c84-9f99-08ca89661127#0:FAIL-t2,INCONSISTENCY,nextIndex=0,followerCommit=-1,matchIndex=-1
2022-11-09 16:19:02,579 [2b0403aa-f9f3-4c84-9f99-08ca89661127-server-thread2] INFO  server.RaftServer$Division (RaftServerImpl.java:checkInconsistentAppendEntries(1508)) - 2b0403aa-f9f3-4c84-9f99-08ca89661127@group-FABB0032522B: Failed appendEntries as previous log entry ((t:1, i:0)) is not found
2022-11-09 16:19:02,580 [2b0403aa-f9f3-4c84-9f99-08ca89661127-server-thread2] INFO  server.RaftServer$Division (RaftServerImpl.java:checkInconsistentAppendEntries(1478)) - 2b0403aa-f9f3-4c84-9f99-08ca89661127@group-FABB0032522B: inconsistency entries. Reply:b72141cc-d5cc-4373-b066-0e22769f6f76<-2b0403aa-f9f3-4c84-9f99-08ca89661127#1:FAIL-t2,INCONSISTENCY,nextIndex=0,followerCommit=-1,matchIndex=-1
2022-11-09 16:19:02,582 [grpc-default-executor-2] INFO  leader.FollowerInfo (FollowerInfoImpl.java:lambda$new$0(48)) - b72141cc-d5cc-4373-b066-0e22769f6f76@group-FABB0032522B->2b0403aa-f9f3-4c84-9f99-08ca89661127: nextIndex: updateUnconditionally 7 -> 0
2022-11-09 16:19:02,585 [grpc-default-executor-2] INFO  leader.FollowerInfo (FollowerInfoImpl.java:lambda$new$0(48)) - b72141cc-d5cc-4373-b066-0e22769f6f76@group-FABB0032522B->2b0403aa-f9f3-4c84-9f99-08ca89661127: nextIndex: updateUnconditionally 7 -> 0
2022-11-09 16:19:02,588 [2b0403aa-f9f3-4c84-9f99-08ca89661127-server-thread2] INFO  server.RaftServer$Division (ServerState.java:setRaftConf(430)) - 2b0403aa-f9f3-4c84-9f99-08ca89661127@group-FABB0032522B: set configuration 0: peers:[b72141cc-d5cc-4373-b066-0e22769f6f76|rpc:localhost:44325|admin:|client:|dataStream:|priority:0|startupRole:FOLLOWER]|listeners:[], old=null
2022-11-09 16:19:02,588 [2b0403aa-f9f3-4c84-9f99-08ca89661127-server-thread2] INFO  server.RaftServer$Division (ServerState.java:setRaftConf(430)) - 2b0403aa-f9f3-4c84-9f99-08ca89661127@group-FABB0032522B: set configuration 1: peers:[b72141cc-d5cc-4373-b066-0e22769f6f76|rpc:localhost:44325|admin:|client:|dataStream:|priority:0|startupRole:FOLLOWER]|listeners:[], old=null
2022-11-09 16:19:02,588 [2b0403aa-f9f3-4c84-9f99-08ca89661127-server-thread2] INFO  server.RaftServer$Division (ServerState.java:setRaftConf(430)) - 2b0403aa-f9f3-4c84-9f99-08ca89661127@group-FABB0032522B: set configuration 3: peers:[622c10ad-5518-4f12-b7b6-fef968aa587d|rpc:localhost:40591|admin:|client:|dataStream:|priority:0|startupRole:FOLLOWER, b72141cc-d5cc-4373-b066-0e22769f6f76|rpc:localhost:44325|admin:|client:|dataStream:|priority:0|startupRole:FOLLOWER]|listeners:[], old=peers:[b72141cc-d5cc-4373-b066-0e22769f6f76|rpc:localhost:44325|admin:|client:|dataStream:|priority:0|startupRole:FOLLOWER]|listeners:[]
2022-11-09 16:19:02,588 [2b0403aa-f9f3-4c84-9f99-08ca89661127-server-thread2] INFO  server.RaftServer$Division (ServerState.java:setRaftConf(430)) - 2b0403aa-f9f3-4c84-9f99-08ca89661127@group-FABB0032522B: set configuration 5: peers:[622c10ad-5518-4f12-b7b6-fef968aa587d|rpc:localhost:40591|admin:|client:|dataStream:|priority:0|startupRole:FOLLOWER, b72141cc-d5cc-4373-b066-0e22769f6f76|rpc:localhost:44325|admin:|client:|dataStream:|priority:0|startupRole:FOLLOWER]|listeners:[], old=null
2022-11-09 16:19:02,588 [2b0403aa-f9f3-4c84-9f99-08ca89661127-server-thread2] INFO  segmented.SegmentedRaftLogWorker (SegmentedRaftLogWorker.java:startLogSegment(452)) - 2b0403aa-f9f3-4c84-9f99-08ca89661127@group-FABB0032522B-SegmentedRaftLogWorker: Starting segment from index:0
2022-11-09 16:19:02,589 [2b0403aa-f9f3-4c84-9f99-08ca89661127-server-thread2] INFO  segmented.SegmentedRaftLogWorker (SegmentedRaftLogWorker.java:rollLogSegment(457)) - 2b0403aa-f9f3-4c84-9f99-08ca89661127@group-FABB0032522B-SegmentedRaftLogWorker: Rolling segment log-0_0 to index:0
2022-11-09 16:19:02,594 [2b0403aa-f9f3-4c84-9f99-08ca89661127-server-thread1] INFO  server.RaftServer$Division (ServerState.java:setRaftConf(430)) - 2b0403aa-f9f3-4c84-9f99-08ca89661127@group-FABB0032522B: set configuration 0: peers:[b72141cc-d5cc-4373-b066-0e22769f6f76|rpc:localhost:44325|admin:|client:|dataStream:|priority:0|startupRole:FOLLOWER]|listeners:[], old=null
2022-11-09 16:19:02,595 [2b0403aa-f9f3-4c84-9f99-08ca89661127-server-thread1] INFO  server.RaftServer$Division (ServerState.java:setRaftConf(430)) - 2b0403aa-f9f3-4c84-9f99-08ca89661127@group-FABB0032522B: set configuration 1: peers:[b72141cc-d5cc-4373-b066-0e22769f6f76|rpc:localhost:44325|admin:|client:|dataStream:|priority:0|startupRole:FOLLOWER]|listeners:[], old=null
2022-11-09 16:19:02,595 [2b0403aa-f9f3-4c84-9f99-08ca89661127-server-thread1] INFO  server.RaftServer$Division (ServerState.java:setRaftConf(430)) - 2b0403aa-f9f3-4c84-9f99-08ca89661127@group-FABB0032522B: set configuration 3: peers:[622c10ad-5518-4f12-b7b6-fef968aa587d|rpc:localhost:40591|admin:|client:|dataStream:|priority:0|startupRole:FOLLOWER, b72141cc-d5cc-4373-b066-0e22769f6f76|rpc:localhost:44325|admin:|client:|dataStream:|priority:0|startupRole:FOLLOWER]|listeners:[], old=peers:[b72141cc-d5cc-4373-b066-0e22769f6f76|rpc:localhost:44325|admin:|client:|dataStream:|priority:0|startupRole:FOLLOWER]|listeners:[]
2022-11-09 16:19:02,595 [2b0403aa-f9f3-4c84-9f99-08ca89661127-server-thread1] INFO  server.RaftServer$Division (ServerState.java:setRaftConf(430)) - 2b0403aa-f9f3-4c84-9f99-08ca89661127@group-FABB0032522B: set configuration 5: peers:[622c10ad-5518-4f12-b7b6-fef968aa587d|rpc:localhost:40591|admin:|client:|dataStream:|priority:0|startupRole:FOLLOWER, b72141cc-d5cc-4373-b066-0e22769f6f76|rpc:localhost:44325|admin:|client:|dataStream:|priority:0|startupRole:FOLLOWER]|listeners:[], old=null
2022-11-09 16:19:02,601 [2b0403aa-f9f3-4c84-9f99-08ca89661127@group-FABB0032522B-SegmentedRaftLogWorker] INFO  segmented.SegmentedRaftLogWorker (SegmentedRaftLogWorker.java:execute(656)) - 2b0403aa-f9f3-4c84-9f99-08ca89661127@group-FABB0032522B-SegmentedRaftLogWorker: created new log segment /home/runner/work/ozone/ozone/hadoop-ozone/integration-test/target/test-dir/MiniOzoneClusterImpl-5b74f3a4-74d7-4700-a005-fabb0032522b/scmNode-3/scm-ha/5b74f3a4-74d7-4700-a005-fabb0032522b/current/log_inprogress_0
2022-11-09 16:19:02,603 [2b0403aa-f9f3-4c84-9f99-08ca89661127@group-FABB0032522B-SegmentedRaftLogWorker] INFO  segmented.SegmentedRaftLogWorker (SegmentedRaftLogWorker.java:execute(613)) - 2b0403aa-f9f3-4c84-9f99-08ca89661127@group-FABB0032522B-SegmentedRaftLogWorker: Rolled log segment from /home/runner/work/ozone/ozone/hadoop-ozone/integration-test/target/test-dir/MiniOzoneClusterImpl-5b74f3a4-74d7-4700-a005-fabb0032522b/scmNode-3/scm-ha/5b74f3a4-74d7-4700-a005-fabb0032522b/current/log_inprogress_0 to /home/runner/work/ozone/ozone/hadoop-ozone/integration-test/target/test-dir/MiniOzoneClusterImpl-5b74f3a4-74d7-4700-a005-fabb0032522b/scmNode-3/scm-ha/5b74f3a4-74d7-4700-a005-fabb0032522b/current/log_0-0
2022-11-09 16:19:02,614 [2b0403aa-f9f3-4c84-9f99-08ca89661127@group-FABB0032522B-SegmentedRaftLogWorker] INFO  segmented.SegmentedRaftLogWorker (SegmentedRaftLogWorker.java:execute(656)) - 2b0403aa-f9f3-4c84-9f99-08ca89661127@group-FABB0032522B-SegmentedRaftLogWorker: created new log segment /home/runner/work/ozone/ozone/hadoop-ozone/integration-test/target/test-dir/MiniOzoneClusterImpl-5b74f3a4-74d7-4700-a005-fabb0032522b/scmNode-3/scm-ha/5b74f3a4-74d7-4700-a005-fabb0032522b/current/log_inprogress_1
2022-11-09 16:19:02,621 [2b0403aa-f9f3-4c84-9f99-08ca89661127@group-FABB0032522B-StateMachineUpdater] INFO  safemode.HealthyPipelineSafeModeRule (HealthyPipelineSafeModeRule.java:initializeRule(165)) - Refreshed total pipeline count is 0, healthy pipeline threshold count is 1
2022-11-09 16:19:02,622 [2b0403aa-f9f3-4c84-9f99-08ca89661127@group-FABB0032522B-StateMachineUpdater] INFO  safemode.ContainerSafeModeRule (ContainerSafeModeRule.java:reInitializeRule(177)) - Refreshed one replica container threshold 0, currentThreshold 0
2022-11-09 16:19:02,622 [2b0403aa-f9f3-4c84-9f99-08ca89661127@group-FABB0032522B-StateMachineUpdater] INFO  safemode.OneReplicaPipelineSafeModeRule (OneReplicaPipelineSafeModeRule.java:initializeRule(176)) - Refreshed Total pipeline count is 0, pipeline's with at least one datanode reported threshold count is 0
2022-11-09 16:19:02,622 [2b0403aa-f9f3-4c84-9f99-08ca89661127@group-FABB0032522B-StateMachineUpdater] INFO  server.SCMDatanodeProtocolServer (SCMDatanodeProtocolServer.java:start(186)) - ScmDatanodeProtocol RPC server for DataNodes is listening at /0.0.0.0:44507
2022-11-09 16:19:02,623 [b72141cc-d5cc-4373-b066-0e22769f6f76@group-FABB0032522B-LeaderStateImpl] INFO  server.RaftServer$Division (ServerState.java:setRaftConf(430)) - b72141cc-d5cc-4373-b066-0e22769f6f76@group-FABB0032522B: set configuration 7: peers:[622c10ad-5518-4f12-b7b6-fef968aa587d|rpc:localhost:40591|priority:0|startupRole:FOLLOWER, b72141cc-d5cc-4373-b066-0e22769f6f76|rpc:localhost:44325|admin:|client:|dataStream:|priority:0|startupRole:FOLLOWER, 2b0403aa-f9f3-4c84-9f99-08ca89661127|rpc:localhost:33921|priority:0|startupRole:FOLLOWER]|listeners:[], old=peers:[622c10ad-5518-4f12-b7b6-fef968aa587d|rpc:localhost:40591|priority:0|startupRole:FOLLOWER, b72141cc-d5cc-4373-b066-0e22769f6f76|rpc:localhost:44325|admin:|client:|dataStream:|priority:0|startupRole:FOLLOWER]|listeners:[]
2022-11-09 16:19:02,626 [622c10ad-5518-4f12-b7b6-fef968aa587d-server-thread1] INFO  server.RaftServer$Division (ServerState.java:setRaftConf(430)) - 622c10ad-5518-4f12-b7b6-fef968aa587d@group-FABB0032522B: set configuration 7: peers:[622c10ad-5518-4f12-b7b6-fef968aa587d|rpc:localhost:40591|admin:|client:|dataStream:|priority:0|startupRole:FOLLOWER, b72141cc-d5cc-4373-b066-0e22769f6f76|rpc:localhost:44325|admin:|client:|dataStream:|priority:0|startupRole:FOLLOWER, 2b0403aa-f9f3-4c84-9f99-08ca89661127|rpc:localhost:33921|admin:|client:|dataStream:|priority:0|startupRole:FOLLOWER]|listeners:[], old=peers:[622c10ad-5518-4f12-b7b6-fef968aa587d|rpc:localhost:40591|admin:|client:|dataStream:|priority:0|startupRole:FOLLOWER, b72141cc-d5cc-4373-b066-0e22769f6f76|rpc:localhost:44325|admin:|client:|dataStream:|priority:0|startupRole:FOLLOWER]|listeners:[]
2022-11-09 16:19:02,629 [2b0403aa-f9f3-4c84-9f99-08ca89661127-server-thread1] INFO  server.RaftServer$Division (ServerState.java:setRaftConf(430)) - 2b0403aa-f9f3-4c84-9f99-08ca89661127@group-FABB0032522B: set configuration 7: peers:[622c10ad-5518-4f12-b7b6-fef968aa587d|rpc:localhost:40591|admin:|client:|dataStream:|priority:0|startupRole:FOLLOWER, b72141cc-d5cc-4373-b066-0e22769f6f76|rpc:localhost:44325|admin:|client:|dataStream:|priority:0|startupRole:FOLLOWER, 2b0403aa-f9f3-4c84-9f99-08ca89661127|rpc:localhost:33921|admin:|client:|dataStream:|priority:0|startupRole:FOLLOWER]|listeners:[], old=peers:[622c10ad-5518-4f12-b7b6-fef968aa587d|rpc:localhost:40591|admin:|client:|dataStream:|priority:0|startupRole:FOLLOWER, b72141cc-d5cc-4373-b066-0e22769f6f76|rpc:localhost:44325|admin:|client:|dataStream:|priority:0|startupRole:FOLLOWER]|listeners:[]
2022-11-09 16:19:02,632 [b72141cc-d5cc-4373-b066-0e22769f6f76@group-FABB0032522B-LeaderStateImpl] INFO  server.RaftServer$Division (ServerState.java:setRaftConf(430)) - b72141cc-d5cc-4373-b066-0e22769f6f76@group-FABB0032522B: set configuration 9: peers:[622c10ad-5518-4f12-b7b6-fef968aa587d|rpc:localhost:40591|priority:0|startupRole:FOLLOWER, b72141cc-d5cc-4373-b066-0e22769f6f76|rpc:localhost:44325|admin:|client:|dataStream:|priority:0|startupRole:FOLLOWER, 2b0403aa-f9f3-4c84-9f99-08ca89661127|rpc:localhost:33921|priority:0|startupRole:FOLLOWER]|listeners:[], old=null
2022-11-09 16:19:02,636 [IPC Server Responder] INFO  ipc.Server (Server.java:run(1512)) - IPC Server Responder: starting
2022-11-09 16:19:02,633 [IPC Server listener on 44507] INFO  ipc.Server (Server.java:run(1352)) - IPC Server listener on 44507: starting
2022-11-09 16:19:02,642 [622c10ad-5518-4f12-b7b6-fef968aa587d-server-thread1] INFO  server.RaftServer$Division (ServerState.java:setRaftConf(430)) - 622c10ad-5518-4f12-b7b6-fef968aa587d@group-FABB0032522B: set configuration 9: peers:[622c10ad-5518-4f12-b7b6-fef968aa587d|rpc:localhost:40591|admin:|client:|dataStream:|priority:0|startupRole:FOLLOWER, b72141cc-d5cc-4373-b066-0e22769f6f76|rpc:localhost:44325|admin:|client:|dataStream:|priority:0|startupRole:FOLLOWER, 2b0403aa-f9f3-4c84-9f99-08ca89661127|rpc:localhost:33921|admin:|client:|dataStream:|priority:0|startupRole:FOLLOWER]|listeners:[], old=null
2022-11-09 16:19:02,642 [2b0403aa-f9f3-4c84-9f99-08ca89661127-server-thread1] INFO  server.RaftServer$Division (ServerState.java:setRaftConf(430)) - 2b0403aa-f9f3-4c84-9f99-08ca89661127@group-FABB0032522B: set configuration 9: peers:[622c10ad-5518-4f12-b7b6-fef968aa587d|rpc:localhost:40591|admin:|client:|dataStream:|priority:0|startupRole:FOLLOWER, b72141cc-d5cc-4373-b066-0e22769f6f76|rpc:localhost:44325|admin:|client:|dataStream:|priority:0|startupRole:FOLLOWER, 2b0403aa-f9f3-4c84-9f99-08ca89661127|rpc:localhost:33921|admin:|client:|dataStream:|priority:0|startupRole:FOLLOWER]|listeners:[], old=null
2022-11-09 16:19:02,648 [IPC Server handler 2 on default port 46207] INFO  ha.SCMRatisServerImpl (SCMRatisServerImpl.java:addSCM(309)) - Successfully added new SCM: 2b0403aa-f9f3-4c84-9f99-08ca89661127.
2022-11-09 16:19:02,653 [Listener at 0.0.0.0/38443] INFO  ha.SCMHAManagerImpl (SCMHAManagerImpl.java:start(117)) - Successfully added SCM scmNode-3 to group group-FABB0032522B:[622c10ad-5518-4f12-b7b6-fef968aa587d|rpc:localhost:40591|admin:|client:|dataStream:|priority:0|startupRole:FOLLOWER, b72141cc-d5cc-4373-b066-0e22769f6f76|rpc:localhost:44325|admin:|client:|dataStream:|priority:0|startupRole:FOLLOWER, 2b0403aa-f9f3-4c84-9f99-08ca89661127|rpc:localhost:33921|admin:|client:|dataStream:|priority:0|startupRole:FOLLOWER]
2022-11-09 16:19:02,654 [Listener at 0.0.0.0/38443] INFO  ha.InterSCMGrpcService (InterSCMGrpcProtocolService.java:start(94)) - Starting SCM Grpc Service at port 45071
2022-11-09 16:19:02,657 [Listener at 0.0.0.0/38443] INFO  impl.MetricsSystemImpl (MetricsSystemImpl.java:init(158)) - StorageContainerManager metrics system started (again)
2022-11-09 16:19:02,672 [Listener at 0.0.0.0/38443] INFO  server.SCMClientProtocolServer (SCMClientProtocolServer.java:start(170)) - RPC server for Client  is listening at /0.0.0.0:38443
2022-11-09 16:19:02,672 [IPC Server Responder] INFO  ipc.Server (Server.java:run(1512)) - IPC Server Responder: starting
2022-11-09 16:19:02,674 [Listener at 0.0.0.0/38443] INFO  server.StorageContainerManager (StorageContainerManager.java:start(1464)) - ScmBlockLocationProtocol RPC server is listening at /0.0.0.0:41133
2022-11-09 16:19:02,672 [IPC Server listener on 38443] INFO  ipc.Server (Server.java:run(1352)) - IPC Server listener on 38443: starting
2022-11-09 16:19:02,677 [Listener at 0.0.0.0/38443] INFO  server.SCMBlockProtocolServer (SCMBlockProtocolServer.java:start(152)) - RPC server for Block Protocol is listening at /0.0.0.0:41133
2022-11-09 16:19:02,680 [IPC Server Responder] INFO  ipc.Server (Server.java:run(1512)) - IPC Server Responder: starting
2022-11-09 16:19:02,690 [IPC Server listener on 41133] INFO  ipc.Server (Server.java:run(1352)) - IPC Server listener on 41133: starting
2022-11-09 16:19:02,694 [org.apache.hadoop.util.JvmPauseMonitor$Monitor@25070cae] INFO  util.JvmPauseMonitor (JvmPauseMonitor.java:run(188)) - Starting JVM pause monitor
2022-11-09 16:19:02,697 [Listener at 0.0.0.0/38443] INFO  http.BaseHttpServer (BaseHttpServer.java:newHttpServer2BuilderForOzone(213)) - Starting Web-server for scm at: http://0.0.0.0:37719
2022-11-09 16:19:02,697 [Listener at 0.0.0.0/38443] INFO  http.BaseHttpServer (BaseHttpServer.java:<init>(108)) - Hadoop Security Enabled: false Ozone Security Enabled: false Ozone HTTP Security Enabled: false 
2022-11-09 16:19:02,699 [Listener at 0.0.0.0/38443] WARN  server.AuthenticationFilter (AuthenticationFilter.java:constructSecretProvider(240)) - Unable to initialize FileSignerSecretProvider, falling back to use random secrets. Reason: Could not read signature secret file: /home/runner/hadoop-http-auth-signature-secret
2022-11-09 16:19:02,702 [Listener at 0.0.0.0/38443] WARN  http.HttpRequestLog (HttpRequestLog.java:getRequestLog(103)) - Jetty request log can only be enabled using Log4j
2022-11-09 16:19:02,707 [Listener at 0.0.0.0/38443] INFO  http.HttpServer2 (HttpServer2.java:addGlobalFilter(1031)) - Added global filter 'safety' (class=org.apache.hadoop.hdds.server.http.HttpServer2$QuotingInputFilter)
2022-11-09 16:19:02,711 [Listener at 0.0.0.0/38443] INFO  http.HttpServer2 (HttpServer2.java:addFilter(1007)) - Added filter static_user_filter (class=org.apache.hadoop.http.lib.StaticUserWebFilter$StaticUserFilter) to context scm
2022-11-09 16:19:02,711 [Listener at 0.0.0.0/38443] INFO  http.HttpServer2 (HttpServer2.java:addFilter(1015)) - Added filter static_user_filter (class=org.apache.hadoop.http.lib.StaticUserWebFilter$StaticUserFilter) to context logs
2022-11-09 16:19:02,711 [Listener at 0.0.0.0/38443] INFO  http.HttpServer2 (HttpServer2.java:addFilter(1015)) - Added filter static_user_filter (class=org.apache.hadoop.http.lib.StaticUserWebFilter$StaticUserFilter) to context static
2022-11-09 16:19:02,713 [Listener at 0.0.0.0/38443] INFO  http.HttpServer2 (HttpServer2.java:bindListener(1250)) - Jetty bound to port 37719
2022-11-09 16:19:02,713 [Listener at 0.0.0.0/38443] INFO  server.Server (Server.java:doStart(375)) - jetty-9.4.49.v20220914; built: 2022-09-14T01:07:36.601Z; git: 4231a3b2e4cb8548a412a789936d640a97b1aa0a; jvm 1.8.0_345-b01
2022-11-09 16:19:02,723 [Listener at 0.0.0.0/38443] INFO  server.session (DefaultSessionIdManager.java:doStart(334)) - DefaultSessionIdManager workerName=node0
2022-11-09 16:19:02,724 [Listener at 0.0.0.0/38443] INFO  server.session (DefaultSessionIdManager.java:doStart(339)) - No SessionScavenger set, using defaults
2022-11-09 16:19:02,724 [Listener at 0.0.0.0/38443] INFO  server.session (HouseKeeper.java:startScavenging(132)) - node0 Scavenging every 660000ms
2022-11-09 16:19:02,725 [Listener at 0.0.0.0/38443] INFO  handler.ContextHandler (ContextHandler.java:doStart(921)) - Started o.e.j.s.ServletContextHandler@5c36d827{logs,/logs,file:///home/runner/work/ozone/ozone/hadoop-ozone/integration-test/target/log,AVAILABLE}
2022-11-09 16:19:02,725 [Listener at 0.0.0.0/38443] INFO  handler.ContextHandler (ContextHandler.java:doStart(921)) - Started o.e.j.s.ServletContextHandler@186e025{static,/static,file:///home/runner/work/ozone/ozone/hadoop-ozone/integration-test/target/test-classes/webapps/static,AVAILABLE}
2022-11-09 16:19:02,729 [Listener at 0.0.0.0/38443] INFO  handler.ContextHandler (ContextHandler.java:doStart(921)) - Started o.e.j.w.WebAppContext@41b93a67{scm,/,file:///home/runner/work/ozone/ozone/hadoop-ozone/integration-test/target/test-classes/webapps/scm/,AVAILABLE}{file:/home/runner/work/ozone/ozone/hadoop-ozone/integration-test/target/test-classes/webapps/scm}
2022-11-09 16:19:02,731 [Listener at 0.0.0.0/38443] INFO  server.AbstractConnector (AbstractConnector.java:doStart(333)) - Started ServerConnector@33963d83{HTTP/1.1, (http/1.1)}{0.0.0.0:37719}
2022-11-09 16:19:02,731 [Listener at 0.0.0.0/38443] INFO  server.Server (Server.java:doStart(415)) - Started @21747ms
2022-11-09 16:19:02,731 [Listener at 0.0.0.0/38443] WARN  impl.MetricsSystemImpl (MetricsSystemImpl.java:register(279)) - Sink prometheus already exists!
2022-11-09 16:19:02,733 [Listener at 0.0.0.0/38443] INFO  http.BaseHttpServer (BaseHttpServer.java:updateConnectorAddress(333)) - HTTP server of scm listening at http://0.0.0.0:37719
2022-11-09 16:19:02,733 [Listener at 0.0.0.0/38443] INFO  ozone.MiniOzoneHAClusterImpl (MiniOzoneHAClusterImpl.java:createSCMService(606)) - Started SCM RPC server at /0.0.0.0:38443
2022-11-09 16:19:02,794 [Listener at 0.0.0.0/38443] INFO  audit.AuditLogger (AuditLogger.java:refreshDebugCmdSet(126)) - Refresh DebugCmdSet for OMAudit to [].
2022-11-09 16:19:02,888 [Listener at 0.0.0.0/38443] INFO  ha.OMHANodeDetails (OMHANodeDetails.java:loadOMHAConfig(121)) - ServiceID for OzoneManager is omServiceId1
2022-11-09 16:19:02,893 [Listener at 0.0.0.0/38443] INFO  ha.OMHANodeDetails (OMHANodeDetails.java:loadOMHAConfig(201)) - Found matching OM address with OMServiceId: omServiceId1, OMNodeId: omNode-1, RPC Address: localhost:37491 and Ratis port: 35747
2022-11-09 16:19:02,894 [Listener at 0.0.0.0/38443] INFO  ha.OMHANodeDetails (ConfUtils.java:setNodeSpecificConfigs(97)) - Setting configuration key ozone.om.http-address with value of key ozone.om.http-address.omServiceId1.omNode-1: 127.0.0.1:33223
2022-11-09 16:19:02,894 [Listener at 0.0.0.0/38443] INFO  ha.OMHANodeDetails (ConfUtils.java:setNodeSpecificConfigs(97)) - Setting configuration key ozone.om.https-address with value of key ozone.om.https-address.omServiceId1.omNode-1: 127.0.0.1:42163
2022-11-09 16:19:02,894 [Listener at 0.0.0.0/38443] INFO  ha.OMHANodeDetails (ConfUtils.java:setNodeSpecificConfigs(97)) - Setting configuration key ozone.om.address with value of key ozone.om.address.omServiceId1.omNode-1: 127.0.0.1:37491
2022-11-09 16:19:02,894 [Listener at 0.0.0.0/38443] WARN  server.ServerUtils (ServerUtils.java:getDBPath(225)) - ozone.om.db.dirs is not configured. We recommend adding this setting. Falling back to ozone.metadata.dirs instead.
2022-11-09 16:19:02,899 [Listener at 0.0.0.0/38443] INFO  ha.SCMNodeInfo (SCMNodeInfo.java:getPort(197)) - ConfigKey ozone.scm.client.address is deprecated, For configuring different ports for each SCM use PortConfigKey ozone.scm.client.port appended with serviceId and nodeId
2022-11-09 16:19:02,899 [Listener at 0.0.0.0/38443] INFO  ha.SCMNodeInfo (SCMNodeInfo.java:getPort(197)) - ConfigKey ozone.scm.block.client.address is deprecated, For configuring different ports for each SCM use PortConfigKey ozone.scm.block.client.port appended with serviceId and nodeId
2022-11-09 16:19:02,899 [Listener at 0.0.0.0/38443] INFO  ha.SCMNodeInfo (SCMNodeInfo.java:getPort(197)) - ConfigKey ozone.scm.datanode.address is deprecated, For configuring different ports for each SCM use PortConfigKey ozone.scm.datanode.port appended with serviceId and nodeId
2022-11-09 16:19:02,899 [Listener at 0.0.0.0/38443] INFO  ha.SCMNodeInfo (SCMNodeInfo.java:getPort(197)) - ConfigKey ozone.scm.client.address is deprecated, For configuring different ports for each SCM use PortConfigKey ozone.scm.client.port appended with serviceId and nodeId
2022-11-09 16:19:02,899 [Listener at 0.0.0.0/38443] INFO  ha.SCMNodeInfo (SCMNodeInfo.java:getPort(197)) - ConfigKey ozone.scm.block.client.address is deprecated, For configuring different ports for each SCM use PortConfigKey ozone.scm.block.client.port appended with serviceId and nodeId
2022-11-09 16:19:02,899 [Listener at 0.0.0.0/38443] INFO  ha.SCMNodeInfo (SCMNodeInfo.java:getPort(197)) - ConfigKey ozone.scm.datanode.address is deprecated, For configuring different ports for each SCM use PortConfigKey ozone.scm.datanode.port appended with serviceId and nodeId
2022-11-09 16:19:02,899 [Listener at 0.0.0.0/38443] INFO  ha.SCMNodeInfo (SCMNodeInfo.java:getPort(197)) - ConfigKey ozone.scm.client.address is deprecated, For configuring different ports for each SCM use PortConfigKey ozone.scm.client.port appended with serviceId and nodeId
2022-11-09 16:19:02,899 [Listener at 0.0.0.0/38443] INFO  ha.SCMNodeInfo (SCMNodeInfo.java:getPort(197)) - ConfigKey ozone.scm.block.client.address is deprecated, For configuring different ports for each SCM use PortConfigKey ozone.scm.block.client.port appended with serviceId and nodeId
2022-11-09 16:19:02,899 [Listener at 0.0.0.0/38443] INFO  ha.SCMNodeInfo (SCMNodeInfo.java:getPort(197)) - ConfigKey ozone.scm.datanode.address is deprecated, For configuring different ports for each SCM use PortConfigKey ozone.scm.datanode.port appended with serviceId and nodeId
2022-11-09 16:19:02,899 [Listener at 0.0.0.0/38443] INFO  proxy.SCMBlockLocationFailoverProxyProvider (SCMBlockLocationFailoverProxyProvider.java:<init>(114)) - Created block location fail-over proxy with 3 nodes: [nodeId=scmNode-2,nodeAddress=/127.0.0.1:44141, nodeId=scmNode-3,nodeAddress=/127.0.0.1:41133, nodeId=scmNode-1,nodeAddress=/127.0.0.1:46207]
OM initialization succeeded.Current cluster id for sd=/home/runner/work/ozone/ozone/hadoop-ozone/integration-test/target/test-dir/MiniOzoneClusterImpl-5b74f3a4-74d7-4700-a005-fabb0032522b/omNode-1/om;cid=5b74f3a4-74d7-4700-a005-fabb0032522b;layoutVersion=3
2022-11-09 16:19:02,918 [Listener at 0.0.0.0/38443] INFO  ha.OMHANodeDetails (OMHANodeDetails.java:loadOMHAConfig(121)) - ServiceID for OzoneManager is omServiceId1
2022-11-09 16:19:02,920 [Listener at 0.0.0.0/38443] INFO  ha.OMHANodeDetails (OMHANodeDetails.java:loadOMHAConfig(201)) - Found matching OM address with OMServiceId: omServiceId1, OMNodeId: omNode-1, RPC Address: localhost:37491 and Ratis port: 35747
2022-11-09 16:19:02,920 [Listener at 0.0.0.0/38443] INFO  ha.OMHANodeDetails (ConfUtils.java:setNodeSpecificConfigs(97)) - Setting configuration key ozone.om.http-address with value of key ozone.om.http-address.omServiceId1.omNode-1: 127.0.0.1:33223
2022-11-09 16:19:02,920 [Listener at 0.0.0.0/38443] INFO  ha.OMHANodeDetails (ConfUtils.java:setNodeSpecificConfigs(97)) - Setting configuration key ozone.om.https-address with value of key ozone.om.https-address.omServiceId1.omNode-1: 127.0.0.1:42163
2022-11-09 16:19:02,920 [Listener at 0.0.0.0/38443] INFO  ha.OMHANodeDetails (ConfUtils.java:setNodeSpecificConfigs(97)) - Setting configuration key ozone.om.address with value of key ozone.om.address.omServiceId1.omNode-1: 127.0.0.1:37491
2022-11-09 16:19:02,921 [Listener at 0.0.0.0/38443] WARN  server.ServerUtils (ServerUtils.java:getDBPath(225)) - ozone.om.db.dirs is not configured. We recommend adding this setting. Falling back to ozone.metadata.dirs instead.
2022-11-09 16:19:02,922 [Listener at 0.0.0.0/38443] INFO  upgrade.AbstractLayoutVersionManager (AbstractLayoutVersionManager.java:init(83)) - Initializing Layout version manager with metadata layout = MULTITENANCY_SCHEMA (version = 3), software layout = MULTITENANCY_SCHEMA (version = 3)
2022-11-09 16:19:03,070 [Listener at 0.0.0.0/38443] INFO  reflections.Reflections (Reflections.java:scan(232)) - Reflections took 142 ms to scan 2 urls, producing 154 keys and 428 values [using 2 cores]
2022-11-09 16:19:03,079 [Listener at 0.0.0.0/38443] INFO  upgrade.OMLayoutVersionManager (OMLayoutVersionManager.java:lambda$0(115)) - Skipping Upgrade Action MockOmUpgradeAction since it has been finalized.
2022-11-09 16:19:03,082 [Listener at 0.0.0.0/38443] WARN  server.ServerUtils (ServerUtils.java:getDBPath(225)) - ozone.om.db.dirs is not configured. We recommend adding this setting. Falling back to ozone.metadata.dirs instead.
2022-11-09 16:19:03,096 [Listener at 0.0.0.0/38443] INFO  ha.SCMNodeInfo (SCMNodeInfo.java:getPort(197)) - ConfigKey ozone.scm.client.address is deprecated, For configuring different ports for each SCM use PortConfigKey ozone.scm.client.port appended with serviceId and nodeId
2022-11-09 16:19:03,096 [Listener at 0.0.0.0/38443] INFO  ha.SCMNodeInfo (SCMNodeInfo.java:getPort(197)) - ConfigKey ozone.scm.block.client.address is deprecated, For configuring different ports for each SCM use PortConfigKey ozone.scm.block.client.port appended with serviceId and nodeId
2022-11-09 16:19:03,096 [Listener at 0.0.0.0/38443] INFO  ha.SCMNodeInfo (SCMNodeInfo.java:getPort(197)) - ConfigKey ozone.scm.datanode.address is deprecated, For configuring different ports for each SCM use PortConfigKey ozone.scm.datanode.port appended with serviceId and nodeId
2022-11-09 16:19:03,097 [Listener at 0.0.0.0/38443] INFO  ha.SCMNodeInfo (SCMNodeInfo.java:getPort(197)) - ConfigKey ozone.scm.client.address is deprecated, For configuring different ports for each SCM use PortConfigKey ozone.scm.client.port appended with serviceId and nodeId
2022-11-09 16:19:03,097 [Listener at 0.0.0.0/38443] INFO  ha.SCMNodeInfo (SCMNodeInfo.java:getPort(197)) - ConfigKey ozone.scm.block.client.address is deprecated, For configuring different ports for each SCM use PortConfigKey ozone.scm.block.client.port appended with serviceId and nodeId
2022-11-09 16:19:03,097 [Listener at 0.0.0.0/38443] INFO  ha.SCMNodeInfo (SCMNodeInfo.java:getPort(197)) - ConfigKey ozone.scm.datanode.address is deprecated, For configuring different ports for each SCM use PortConfigKey ozone.scm.datanode.port appended with serviceId and nodeId
2022-11-09 16:19:03,097 [Listener at 0.0.0.0/38443] INFO  ha.SCMNodeInfo (SCMNodeInfo.java:getPort(197)) - ConfigKey ozone.scm.client.address is deprecated, For configuring different ports for each SCM use PortConfigKey ozone.scm.client.port appended with serviceId and nodeId
2022-11-09 16:19:03,097 [Listener at 0.0.0.0/38443] INFO  ha.SCMNodeInfo (SCMNodeInfo.java:getPort(197)) - ConfigKey ozone.scm.block.client.address is deprecated, For configuring different ports for each SCM use PortConfigKey ozone.scm.block.client.port appended with serviceId and nodeId
2022-11-09 16:19:03,097 [Listener at 0.0.0.0/38443] INFO  ha.SCMNodeInfo (SCMNodeInfo.java:getPort(197)) - ConfigKey ozone.scm.datanode.address is deprecated, For configuring different ports for each SCM use PortConfigKey ozone.scm.datanode.port appended with serviceId and nodeId
2022-11-09 16:19:03,248 [Listener at 0.0.0.0/38443] INFO  ha.SCMNodeInfo (SCMNodeInfo.java:getPort(197)) - ConfigKey ozone.scm.client.address is deprecated, For configuring different ports for each SCM use PortConfigKey ozone.scm.client.port appended with serviceId and nodeId
2022-11-09 16:19:03,248 [Listener at 0.0.0.0/38443] INFO  ha.SCMNodeInfo (SCMNodeInfo.java:getPort(197)) - ConfigKey ozone.scm.block.client.address is deprecated, For configuring different ports for each SCM use PortConfigKey ozone.scm.block.client.port appended with serviceId and nodeId
2022-11-09 16:19:03,248 [Listener at 0.0.0.0/38443] INFO  ha.SCMNodeInfo (SCMNodeInfo.java:getPort(197)) - ConfigKey ozone.scm.datanode.address is deprecated, For configuring different ports for each SCM use PortConfigKey ozone.scm.datanode.port appended with serviceId and nodeId
2022-11-09 16:19:03,248 [Listener at 0.0.0.0/38443] INFO  ha.SCMNodeInfo (SCMNodeInfo.java:getPort(197)) - ConfigKey ozone.scm.client.address is deprecated, For configuring different ports for each SCM use PortConfigKey ozone.scm.client.port appended with serviceId and nodeId
2022-11-09 16:19:03,248 [Listener at 0.0.0.0/38443] INFO  ha.SCMNodeInfo (SCMNodeInfo.java:getPort(197)) - ConfigKey ozone.scm.block.client.address is deprecated, For configuring different ports for each SCM use PortConfigKey ozone.scm.block.client.port appended with serviceId and nodeId
2022-11-09 16:19:03,248 [Listener at 0.0.0.0/38443] INFO  ha.SCMNodeInfo (SCMNodeInfo.java:getPort(197)) - ConfigKey ozone.scm.datanode.address is deprecated, For configuring different ports for each SCM use PortConfigKey ozone.scm.datanode.port appended with serviceId and nodeId
2022-11-09 16:19:03,248 [Listener at 0.0.0.0/38443] INFO  ha.SCMNodeInfo (SCMNodeInfo.java:getPort(197)) - ConfigKey ozone.scm.client.address is deprecated, For configuring different ports for each SCM use PortConfigKey ozone.scm.client.port appended with serviceId and nodeId
2022-11-09 16:19:03,249 [Listener at 0.0.0.0/38443] INFO  ha.SCMNodeInfo (SCMNodeInfo.java:getPort(197)) - ConfigKey ozone.scm.block.client.address is deprecated, For configuring different ports for each SCM use PortConfigKey ozone.scm.block.client.port appended with serviceId and nodeId
2022-11-09 16:19:03,249 [Listener at 0.0.0.0/38443] INFO  ha.SCMNodeInfo (SCMNodeInfo.java:getPort(197)) - ConfigKey ozone.scm.datanode.address is deprecated, For configuring different ports for each SCM use PortConfigKey ozone.scm.datanode.port appended with serviceId and nodeId
2022-11-09 16:19:03,250 [Listener at 0.0.0.0/38443] INFO  proxy.SCMBlockLocationFailoverProxyProvider (SCMBlockLocationFailoverProxyProvider.java:<init>(114)) - Created block location fail-over proxy with 3 nodes: [nodeId=scmNode-2,nodeAddress=/127.0.0.1:44141, nodeId=scmNode-3,nodeAddress=/127.0.0.1:41133, nodeId=scmNode-1,nodeAddress=/127.0.0.1:46207]
2022-11-09 16:19:03,259 [Listener at 0.0.0.0/38443] INFO  ha.SCMNodeInfo (SCMNodeInfo.java:getPort(197)) - ConfigKey ozone.scm.client.address is deprecated, For configuring different ports for each SCM use PortConfigKey ozone.scm.client.port appended with serviceId and nodeId
2022-11-09 16:19:03,259 [Listener at 0.0.0.0/38443] INFO  ha.SCMNodeInfo (SCMNodeInfo.java:getPort(197)) - ConfigKey ozone.scm.block.client.address is deprecated, For configuring different ports for each SCM use PortConfigKey ozone.scm.block.client.port appended with serviceId and nodeId
2022-11-09 16:19:03,259 [Listener at 0.0.0.0/38443] INFO  ha.SCMNodeInfo (SCMNodeInfo.java:getPort(197)) - ConfigKey ozone.scm.datanode.address is deprecated, For configuring different ports for each SCM use PortConfigKey ozone.scm.datanode.port appended with serviceId and nodeId
2022-11-09 16:19:03,259 [Listener at 0.0.0.0/38443] INFO  ha.SCMNodeInfo (SCMNodeInfo.java:getPort(197)) - ConfigKey ozone.scm.client.address is deprecated, For configuring different ports for each SCM use PortConfigKey ozone.scm.client.port appended with serviceId and nodeId
2022-11-09 16:19:03,259 [Listener at 0.0.0.0/38443] INFO  ha.SCMNodeInfo (SCMNodeInfo.java:getPort(197)) - ConfigKey ozone.scm.block.client.address is deprecated, For configuring different ports for each SCM use PortConfigKey ozone.scm.block.client.port appended with serviceId and nodeId
2022-11-09 16:19:03,259 [Listener at 0.0.0.0/38443] INFO  ha.SCMNodeInfo (SCMNodeInfo.java:getPort(197)) - ConfigKey ozone.scm.datanode.address is deprecated, For configuring different ports for each SCM use PortConfigKey ozone.scm.datanode.port appended with serviceId and nodeId
2022-11-09 16:19:03,260 [Listener at 0.0.0.0/38443] INFO  ha.SCMNodeInfo (SCMNodeInfo.java:getPort(197)) - ConfigKey ozone.scm.client.address is deprecated, For configuring different ports for each SCM use PortConfigKey ozone.scm.client.port appended with serviceId and nodeId
2022-11-09 16:19:03,260 [Listener at 0.0.0.0/38443] INFO  ha.SCMNodeInfo (SCMNodeInfo.java:getPort(197)) - ConfigKey ozone.scm.block.client.address is deprecated, For configuring different ports for each SCM use PortConfigKey ozone.scm.block.client.port appended with serviceId and nodeId
2022-11-09 16:19:03,260 [Listener at 0.0.0.0/38443] INFO  ha.SCMNodeInfo (SCMNodeInfo.java:getPort(197)) - ConfigKey ozone.scm.datanode.address is deprecated, For configuring different ports for each SCM use PortConfigKey ozone.scm.datanode.port appended with serviceId and nodeId
2022-11-09 16:19:03,261 [Listener at 0.0.0.0/38443] INFO  proxy.SCMBlockLocationFailoverProxyProvider (SCMBlockLocationFailoverProxyProvider.java:<init>(114)) - Created block location fail-over proxy with 3 nodes: [nodeId=scmNode-2,nodeAddress=/127.0.0.1:44141, nodeId=scmNode-3,nodeAddress=/127.0.0.1:41133, nodeId=scmNode-1,nodeAddress=/127.0.0.1:46207]
2022-11-09 16:19:03,286 [Listener at 0.0.0.0/38443] WARN  server.ServerUtils (ServerUtils.java:getDBPath(225)) - ozone.om.db.dirs is not configured. We recommend adding this setting. Falling back to ozone.metadata.dirs instead.
2022-11-09 16:19:03,296 [Listener at 0.0.0.0/38443] INFO  codec.OmKeyInfoCodec (OmKeyInfoCodec.java:<init>(49)) - OmKeyInfoCodec ignorePipeline = true
2022-11-09 16:19:03,299 [Listener at 0.0.0.0/38443] INFO  codec.RepeatedOmKeyInfoCodec (RepeatedOmKeyInfoCodec.java:<init>(41)) - RepeatedOmKeyInfoCodec ignorePipeline = true
2022-11-09 16:19:03,486 [Listener at 0.0.0.0/38443] INFO  om.OzoneManager (OzoneManager.java:instantiateServices(715)) - S3 Multi-Tenancy is disabled
2022-11-09 16:19:03,570 [Listener at 0.0.0.0/38443] INFO  om.OzoneManager (OzoneManager.java:addS3GVolumeToDB(4394)) - Created Volume s3v With Owner runner required for S3Gateway operations.
2022-11-09 16:19:03,647 [Listener at 0.0.0.0/38443] WARN  server.ServerUtils (ServerUtils.java:getDefaultRatisDirectory(237)) - Storage directory for Ratis is not configured. It is a good idea to map this to an SSD disk. Falling back to ozone.metadata.dirs
2022-11-09 16:19:03,647 [Listener at 0.0.0.0/38443] WARN  utils.OzoneManagerRatisUtils (OzoneManagerRatisUtils.java:getOMRatisSnapshotDirectory(434)) - ozone.om.ratis.snapshot.dir is not configured. Falling back to ozone.metadata.dirs config
2022-11-09 16:19:03,654 [Listener at 0.0.0.0/38443] INFO  snapshot.OzoneManagerSnapshotProvider (OzoneManagerSnapshotProvider.java:<init>(76)) - Initializing OM Snapshot Provider
2022-11-09 16:19:03,761 [Listener at 0.0.0.0/38443] WARN  impl.MetricRegistriesImpl (MetricRegistriesImpl.java:addReporterRegistration(111)) - New reporters are added after registries were created. Some metrics will be missing from the reporter. Please add reporter before adding any new registry.
2022-11-09 16:19:03,761 [Listener at 0.0.0.0/38443] WARN  impl.MetricRegistriesImpl (MetricRegistriesImpl.java:addReporterRegistration(111)) - New reporters are added after registries were created. Some metrics will be missing from the reporter. Please add reporter before adding any new registry.
2022-11-09 16:19:03,762 [Listener at 0.0.0.0/38443] WARN  server.ServerUtils (ServerUtils.java:getDefaultRatisDirectory(237)) - Storage directory for Ratis is not configured. It is a good idea to map this to an SSD disk. Falling back to ozone.metadata.dirs
2022-11-09 16:19:03,764 [Listener at 0.0.0.0/38443] INFO  ratis.OzoneManagerRatisServer (OzoneManagerRatisServer.java:<init>(160)) - Instantiating OM Ratis server with groupID: omServiceId1 and peers: localhost:35747, localhost:45745, localhost:40777
2022-11-09 16:19:03,768 [Listener at 0.0.0.0/38443] INFO  ratis.OzoneManagerStateMachine (OzoneManagerStateMachine.java:loadSnapshotInfoFromDB(636)) - LastAppliedIndex is set from TransactionInfo from OM DB as (t:0, i:~)
2022-11-09 16:19:03,796 [Listener at 0.0.0.0/38443] INFO  server.RaftServer (ConfUtils.java:logGet(46)) - raft.rpc.type = GRPC (default)
2022-11-09 16:19:03,797 [Listener at 0.0.0.0/38443] INFO  grpc.GrpcConfigKeys (ConfUtils.java:logFallback(53)) - raft.grpc.admin.host = null (fallback to raft.grpc.server.host)
2022-11-09 16:19:03,797 [Listener at 0.0.0.0/38443] INFO  grpc.GrpcConfigKeys (ConfUtils.java:logFallback(53)) - raft.grpc.admin.port = 35747 (fallback to raft.grpc.server.port)
2022-11-09 16:19:03,797 [Listener at 0.0.0.0/38443] INFO  grpc.GrpcConfigKeys (ConfUtils.java:logFallback(53)) - raft.grpc.client.host = null (fallback to raft.grpc.server.host)
2022-11-09 16:19:03,797 [Listener at 0.0.0.0/38443] INFO  grpc.GrpcConfigKeys (ConfUtils.java:logFallback(53)) - raft.grpc.client.port = 35747 (fallback to raft.grpc.server.port)
2022-11-09 16:19:03,797 [Listener at 0.0.0.0/38443] INFO  grpc.GrpcConfigKeys (ConfUtils.java:logGet(46)) - raft.grpc.server.host = null (default)
2022-11-09 16:19:03,797 [Listener at 0.0.0.0/38443] INFO  grpc.GrpcConfigKeys (ConfUtils.java:logGet(46)) - raft.grpc.server.port = 35747 (custom)
2022-11-09 16:19:03,797 [Listener at 0.0.0.0/38443] INFO  server.GrpcService (ConfUtils.java:logGet(46)) - raft.grpc.message.size.max = 33554432 (custom)
2022-11-09 16:19:03,797 [Listener at 0.0.0.0/38443] INFO  server.RaftServerConfigKeys (ConfUtils.java:logGet(46)) - raft.server.log.appender.buffer.byte-limit = 33554432 (custom)
2022-11-09 16:19:03,797 [Listener at 0.0.0.0/38443] INFO  server.GrpcService (ConfUtils.java:logGet(46)) - raft.grpc.flow.control.window = 1MB (=1048576) (default)
2022-11-09 16:19:03,797 [Listener at 0.0.0.0/38443] INFO  server.RaftServerConfigKeys (ConfUtils.java:logGet(46)) - raft.server.rpc.request.timeout = 3000ms (default)
2022-11-09 16:19:03,797 [Listener at 0.0.0.0/38443] INFO  grpc.GrpcConfigKeys (ConfUtils.java:logGet(46)) - raft.grpc.server.heartbeat.channel = true (default)
2022-11-09 16:19:03,797 [Listener at 0.0.0.0/38443] INFO  grpc.GrpcConfigKeys (ConfUtils.java:logGet(46)) - raft.grpc.server.async.request.thread.pool.cached = true (default)
2022-11-09 16:19:03,798 [Listener at 0.0.0.0/38443] INFO  grpc.GrpcConfigKeys (ConfUtils.java:logGet(46)) - raft.grpc.server.async.request.thread.pool.size = 32 (default)
2022-11-09 16:19:03,799 [Listener at 0.0.0.0/38443] INFO  impl.DataStreamServerImpl (ConfUtils.java:logGet(46)) - raft.datastream.type = DISABLED (default)
2022-11-09 16:19:03,799 [Listener at 0.0.0.0/38443] INFO  server.RaftServerConfigKeys (ConfUtils.java:logGet(46)) - raft.server.threadpool.proxy.cached = true (default)
2022-11-09 16:19:03,799 [Listener at 0.0.0.0/38443] INFO  server.RaftServerConfigKeys (ConfUtils.java:logGet(46)) - raft.server.threadpool.proxy.size = 0 (default)
2022-11-09 16:19:03,799 [Listener at 0.0.0.0/38443] INFO  server.RaftServerConfigKeys (ConfUtils.java:logGet(46)) - raft.server.rpc.slowness.timeout = 2s (custom)
2022-11-09 16:19:03,799 [Listener at 0.0.0.0/38443] INFO  server.RaftServerConfigKeys (ConfUtils.java:logGet(46)) - raft.server.leaderelection.leader.step-down.wait-time = 10s (default)
2022-11-09 16:19:03,799 [Listener at 0.0.0.0/38443] INFO  server.RaftServerConfigKeys (ConfUtils.java:logGet(46)) - raft.server.storage.dir = [/home/runner/work/ozone/ozone/hadoop-ozone/integration-test/target/test-dir/MiniOzoneClusterImpl-5b74f3a4-74d7-4700-a005-fabb0032522b/omNode-1/ratis] (custom)
2022-11-09 16:19:03,804 [Listener at 0.0.0.0/38443] INFO  server.RaftServer (RaftServerProxy.java:addNew(96)) - omNode-1: addNew group-6C22E66A003A:[omNode-3|rpc:localhost:45745|priority:0|startupRole:FOLLOWER, omNode-1|rpc:localhost:35747|priority:0|startupRole:FOLLOWER, omNode-2|rpc:localhost:40777|priority:0|startupRole:FOLLOWER] returns group-6C22E66A003A:java.util.concurrent.CompletableFuture@166c29d0[Not completed]
2022-11-09 16:19:03,804 [Listener at 0.0.0.0/38443] INFO  om.OzoneManager (OzoneManager.java:initializeRatisServer(1977)) - OzoneManager Ratis server initialized at port 35747
2022-11-09 16:19:03,811 [pool-124-thread-1] INFO  server.RaftServer$Division (RaftServerImpl.java:<init>(195)) - omNode-1: new RaftServerImpl for group-6C22E66A003A:[omNode-3|rpc:localhost:45745|priority:0|startupRole:FOLLOWER, omNode-1|rpc:localhost:35747|priority:0|startupRole:FOLLOWER, omNode-2|rpc:localhost:40777|priority:0|startupRole:FOLLOWER] with OzoneManagerStateMachine:uninitialized
2022-11-09 16:19:03,811 [pool-124-thread-1] INFO  server.RaftServerConfigKeys (ConfUtils.java:logGet(46)) - raft.server.rpc.timeout.min = 1s (custom)
2022-11-09 16:19:03,812 [pool-124-thread-1] INFO  server.RaftServerConfigKeys (ConfUtils.java:logGet(46)) - raft.server.rpc.timeout.max = 1200ms (custom)
2022-11-09 16:19:03,812 [pool-124-thread-1] INFO  server.RaftServerConfigKeys (ConfUtils.java:logGet(46)) - raft.server.rpc.sleep.time = 25ms (default)
2022-11-09 16:19:03,812 [pool-124-thread-1] INFO  server.RaftServerConfigKeys (ConfUtils.java:logGet(46)) - raft.server.rpc.slowness.timeout = 2s (custom)
2022-11-09 16:19:03,812 [pool-124-thread-1] INFO  server.RaftServerConfigKeys (ConfUtils.java:logGet(46)) - raft.server.leaderelection.leader.step-down.wait-time = 10s (default)
2022-11-09 16:19:03,812 [pool-124-thread-1] INFO  server.RaftServerConfigKeys (ConfUtils.java:logGet(46)) - raft.server.sleep.deviation.threshold = 300ms (default)
2022-11-09 16:19:03,812 [pool-124-thread-1] INFO  server.RaftServer$Division (ServerState.java:<init>(118)) - omNode-1@group-6C22E66A003A: ConfigurationManager, init=-1: peers:[omNode-3|rpc:localhost:45745|priority:0|startupRole:FOLLOWER, omNode-1|rpc:localhost:35747|priority:0|startupRole:FOLLOWER, omNode-2|rpc:localhost:40777|priority:0|startupRole:FOLLOWER]|listeners:[], old=null, confs=<EMPTY_MAP>
2022-11-09 16:19:03,812 [pool-124-thread-1] INFO  server.RaftServerConfigKeys (ConfUtils.java:logGet(46)) - raft.server.storage.dir = [/home/runner/work/ozone/ozone/hadoop-ozone/integration-test/target/test-dir/MiniOzoneClusterImpl-5b74f3a4-74d7-4700-a005-fabb0032522b/omNode-1/ratis] (custom)
2022-11-09 16:19:03,813 [pool-124-thread-1] INFO  server.RaftServerConfigKeys (ConfUtils.java:logGet(46)) - raft.server.log.corruption.policy = EXCEPTION (default)
2022-11-09 16:19:03,813 [pool-124-thread-1] INFO  server.RaftServerConfigKeys (ConfUtils.java:logGet(46)) - raft.server.storage.free-space.min = 0MB (=0) (default)
2022-11-09 16:19:03,813 [pool-124-thread-1] INFO  server.RaftServerConfigKeys (ConfUtils.java:logGet(46)) - raft.server.notification.no-leader.timeout = 2s (custom)
2022-11-09 16:19:03,814 [pool-124-thread-1] INFO  server.RaftServerConfigKeys (ConfUtils.java:logGet(46)) - raft.server.retrycache.expirytime = 300s (custom)
2022-11-09 16:19:03,814 [pool-124-thread-1] INFO  server.RaftServerConfigKeys (ConfUtils.java:logGet(46)) - raft.server.retrycache.statistics.expirytime = 100μs (default)
2022-11-09 16:19:03,817 [pool-124-thread-1] INFO  server.RaftServerConfigKeys (ConfUtils.java:logGet(46)) - raft.server.log.appender.install.snapshot.enabled = false (custom)
2022-11-09 16:19:03,817 [pool-124-thread-1] INFO  server.RaftServerConfigKeys (ConfUtils.java:logGet(46)) - raft.server.threadpool.server.cached = true (default)
2022-11-09 16:19:03,817 [pool-124-thread-1] INFO  server.RaftServerConfigKeys (ConfUtils.java:logGet(46)) - raft.server.threadpool.server.size = 0 (default)
2022-11-09 16:19:03,818 [pool-124-thread-1] INFO  server.RaftServerConfigKeys (ConfUtils.java:logGet(46)) - raft.server.threadpool.client.cached = true (default)
2022-11-09 16:19:03,818 [pool-124-thread-1] INFO  server.RaftServerConfigKeys (ConfUtils.java:logGet(46)) - raft.server.threadpool.client.size = 0 (default)
2022-11-09 16:19:03,819 [Listener at 0.0.0.0/38443] INFO  om.OzoneManager (OzoneManager.java:getRpcServer(1104)) - Creating RPC Server
2022-11-09 16:19:04,527 [Listener at 0.0.0.0/38443] INFO  reflections.Reflections (Reflections.java:scan(232)) - Reflections took 656 ms to scan 19 urls, producing 67 keys and 4327 values [using 2 cores]
2022-11-09 16:19:04,678 [Listener at 0.0.0.0/38443] INFO  ipc.CallQueueManager (CallQueueManager.java:<init>(90)) - Using callQueue: class java.util.concurrent.LinkedBlockingQueue, queueCapacity: 2000, scheduler: class org.apache.hadoop.ipc.DefaultRpcScheduler, ipcBackoff: false.
2022-11-09 16:19:04,678 [Socket Reader #1 for port 37491] INFO  ipc.Server (Server.java:run(1273)) - Starting Socket Reader #1 for port 37491
2022-11-09 16:19:04,711 [Listener at 127.0.0.1/37491] INFO  impl.MetricsSystemImpl (MetricsSystemImpl.java:init(158)) - OzoneManager metrics system started (again)
2022-11-09 16:19:04,724 [Listener at 127.0.0.1/37491] INFO  om.OzoneManager (OzoneManager.java:start(1484)) - OzoneManager RPC server is listening at localhost/127.0.0.1:37491
2022-11-09 16:19:04,725 [Listener at 127.0.0.1/37491] INFO  ratis.OzoneManagerRatisServer (OzoneManagerRatisServer.java:start(555)) - Starting OzoneManagerRatisServer omNode-1 at port 35747
2022-11-09 16:19:04,725 [omNode-1-impl-thread1] INFO  storage.RaftStorageDirectory (RaftStorageDirectoryImpl.java:analyzeStorage(137)) - The storage directory /home/runner/work/ozone/ozone/hadoop-ozone/integration-test/target/test-dir/MiniOzoneClusterImpl-5b74f3a4-74d7-4700-a005-fabb0032522b/omNode-1/ratis/9c9825ce-8ba7-3ee6-a7c3-6c22e66a003a does not exist. Creating ...
2022-11-09 16:19:04,726 [omNode-1-impl-thread1] INFO  storage.RaftStorageDirectory (RaftStorageDirectoryImpl.java:tryLock(231)) - Lock on /home/runner/work/ozone/ozone/hadoop-ozone/integration-test/target/test-dir/MiniOzoneClusterImpl-5b74f3a4-74d7-4700-a005-fabb0032522b/omNode-1/ratis/9c9825ce-8ba7-3ee6-a7c3-6c22e66a003a/in_use.lock acquired by nodename 3584@fv-az91-492
2022-11-09 16:19:04,727 [omNode-1-impl-thread1] INFO  storage.RaftStorage (RaftStorageImpl.java:format(96)) - Storage directory /home/runner/work/ozone/ozone/hadoop-ozone/integration-test/target/test-dir/MiniOzoneClusterImpl-5b74f3a4-74d7-4700-a005-fabb0032522b/omNode-1/ratis/9c9825ce-8ba7-3ee6-a7c3-6c22e66a003a has been successfully formatted.
2022-11-09 16:19:04,729 [omNode-1-impl-thread1] INFO  server.RaftServerConfigKeys (ConfUtils.java:logGet(46)) - raft.server.log.use.memory = false (default)
2022-11-09 16:19:04,729 [omNode-1-impl-thread1] INFO  server.RaftServerConfigKeys (ConfUtils.java:logGet(46)) - raft.server.log.purge.gap = 1000000 (custom)
2022-11-09 16:19:04,729 [omNode-1-impl-thread1] INFO  server.RaftServerConfigKeys (ConfUtils.java:logGet(46)) - raft.server.log.appender.buffer.byte-limit = 33554432 (custom)
2022-11-09 16:19:04,729 [omNode-1-impl-thread1] INFO  server.RaftServerConfigKeys (ConfUtils.java:logGet(46)) - raft.server.log.statemachine.data.read.timeout = 1000ms (default)
2022-11-09 16:19:04,729 [omNode-1-impl-thread1] INFO  server.RaftServerConfigKeys (ConfUtils.java:logGet(46)) - raft.server.log.purge.preservation.log.num = 0 (default)
2022-11-09 16:19:04,730 [omNode-1-impl-thread1] INFO  server.RaftServerConfigKeys (ConfUtils.java:logGet(46)) - raft.server.log.segment.size.max = 4194304 (custom)
2022-11-09 16:19:04,732 [omNode-1-impl-thread1] INFO  server.RaftServerConfigKeys (ConfUtils.java:logGet(46)) - raft.server.log.segment.cache.num.max = 2 (custom)
2022-11-09 16:19:04,732 [omNode-1-impl-thread1] INFO  server.RaftServerConfigKeys (ConfUtils.java:logGet(46)) - raft.server.log.segment.cache.size.max = 200MB (=209715200) (default)
2022-11-09 16:19:04,732 [omNode-1-impl-thread1] INFO  segmented.SegmentedRaftLogWorker (SegmentedRaftLogWorker.java:<init>(191)) - new omNode-1@group-6C22E66A003A-SegmentedRaftLogWorker for RaftStorageImpl:Storage Directory /home/runner/work/ozone/ozone/hadoop-ozone/integration-test/target/test-dir/MiniOzoneClusterImpl-5b74f3a4-74d7-4700-a005-fabb0032522b/omNode-1/ratis/9c9825ce-8ba7-3ee6-a7c3-6c22e66a003a
2022-11-09 16:19:04,732 [omNode-1-impl-thread1] INFO  server.RaftServerConfigKeys (ConfUtils.java:logGet(46)) - raft.server.log.queue.byte-limit = 64MB (=67108864) (default)
2022-11-09 16:19:04,732 [omNode-1-impl-thread1] INFO  server.RaftServerConfigKeys (ConfUtils.java:logGet(46)) - raft.server.log.queue.element-limit = 4096 (default)
2022-11-09 16:19:04,732 [omNode-1-impl-thread1] INFO  server.RaftServerConfigKeys (ConfUtils.java:logGet(46)) - raft.server.log.segment.size.max = 4194304 (custom)
2022-11-09 16:19:04,732 [omNode-1-impl-thread1] INFO  server.RaftServerConfigKeys (ConfUtils.java:logGet(46)) - raft.server.log.preallocated.size = 4194304 (custom)
2022-11-09 16:19:04,732 [omNode-1-impl-thread1] INFO  server.RaftServerConfigKeys (ConfUtils.java:logGet(46)) - raft.server.log.force.sync.num = 128 (default)
2022-11-09 16:19:04,732 [omNode-1-impl-thread1] INFO  server.RaftServerConfigKeys (ConfUtils.java:logGet(46)) - raft.server.log.statemachine.data.sync = true (default)
2022-11-09 16:19:04,732 [omNode-1-impl-thread1] INFO  server.RaftServerConfigKeys (ConfUtils.java:logGet(46)) - raft.server.log.statemachine.data.sync.timeout = 10s (default)
2022-11-09 16:19:04,732 [omNode-1-impl-thread1] INFO  server.RaftServerConfigKeys (ConfUtils.java:logGet(46)) - raft.server.log.statemachine.data.sync.timeout.retry = -1 (default)
2022-11-09 16:19:04,733 [omNode-1-impl-thread1] INFO  server.RaftServerConfigKeys (ConfUtils.java:logGet(46)) - raft.server.log.write.buffer.size = 64KB (=65536) (default)
2022-11-09 16:19:04,734 [omNode-1-impl-thread1] INFO  server.RaftServerConfigKeys (ConfUtils.java:logGet(46)) - raft.server.log.unsafe-flush.enabled = false (default)
2022-11-09 16:19:04,734 [omNode-1-impl-thread1] INFO  server.RaftServerConfigKeys (ConfUtils.java:logGet(46)) - raft.server.log.async-flush.enabled = false (default)
2022-11-09 16:19:04,734 [omNode-1-impl-thread1] INFO  server.RaftServerConfigKeys (ConfUtils.java:logGet(46)) - raft.server.log.statemachine.data.caching.enabled = false (default)
2022-11-09 16:19:04,734 [omNode-1-impl-thread1] INFO  segmented.SegmentedRaftLogWorker (SegmentedRaftLogWorker.java:lambda$new$0(136)) - omNode-1@group-6C22E66A003A-SegmentedRaftLogWorker: flushIndex: setUnconditionally 0 -> -1
2022-11-09 16:19:04,734 [omNode-1-impl-thread1] INFO  segmented.SegmentedRaftLogWorker (SegmentedRaftLogWorker.java:lambda$new$0(136)) - omNode-1@group-6C22E66A003A-SegmentedRaftLogWorker: safeCacheEvictIndex: setUnconditionally 0 -> -1
2022-11-09 16:19:04,740 [omNode-1-impl-thread1] INFO  server.RaftServer$Division (RaftServerImpl.java:start(334)) - omNode-1@group-6C22E66A003A: start as a follower, conf=-1: peers:[omNode-3|rpc:localhost:45745|priority:0|startupRole:FOLLOWER, omNode-1|rpc:localhost:35747|priority:0|startupRole:FOLLOWER, omNode-2|rpc:localhost:40777|priority:0|startupRole:FOLLOWER]|listeners:[], old=null
2022-11-09 16:19:04,740 [omNode-1-impl-thread1] INFO  server.RaftServer$Division (RaftServerImpl.java:setRole(321)) - omNode-1@group-6C22E66A003A: changes role from      null to FOLLOWER at term 0 for startAsFollower
2022-11-09 16:19:04,742 [omNode-1-impl-thread1] INFO  impl.RoleInfo (RoleInfo.java:updateAndGet(139)) - omNode-1: start omNode-1@group-6C22E66A003A-FollowerState
2022-11-09 16:19:04,746 [omNode-1-impl-thread1] INFO  util.JmxRegister (JmxRegister.java:tryRegister(44)) - Successfully registered JMX Bean with object name Ratis:service=RaftServer,group=group-6C22E66A003A,id=omNode-1
2022-11-09 16:19:04,746 [omNode-1-impl-thread1] INFO  server.RaftServerConfigKeys (ConfUtils.java:logGet(46)) - raft.server.snapshot.auto.trigger.enabled = true (custom)
2022-11-09 16:19:04,746 [omNode-1-impl-thread1] INFO  server.RaftServerConfigKeys (ConfUtils.java:logGet(46)) - raft.server.snapshot.auto.trigger.threshold = 400000 (default)
2022-11-09 16:19:04,746 [omNode-1-impl-thread1] INFO  server.RaftServerConfigKeys (ConfUtils.java:logGet(46)) - raft.server.snapshot.retention.file.num = -1 (default)
2022-11-09 16:19:04,746 [omNode-1-impl-thread1] INFO  server.RaftServerConfigKeys (ConfUtils.java:logGet(46)) - raft.server.log.purge.upto.snapshot.index = true (custom)
2022-11-09 16:19:04,747 [omNode-1@group-6C22E66A003A-FollowerState] INFO  server.RaftServerConfigKeys (ConfUtils.java:logFallback(53)) - raft.server.rpc.first-election.timeout.min = 1s (fallback to raft.server.rpc.timeout.min)
2022-11-09 16:19:04,747 [Listener at 127.0.0.1/37491] INFO  server.RaftServer (RaftServerProxy.java:startImpl(393)) - omNode-1: start RPC server
2022-11-09 16:19:04,747 [omNode-1@group-6C22E66A003A-FollowerState] INFO  server.RaftServerConfigKeys (ConfUtils.java:logFallback(53)) - raft.server.rpc.first-election.timeout.max = 1200ms (fallback to raft.server.rpc.timeout.max)
2022-11-09 16:19:04,751 [Listener at 127.0.0.1/37491] INFO  server.GrpcService (GrpcService.java:startImpl(270)) - omNode-1: GrpcService started, listening on 35747
2022-11-09 16:19:04,756 [Listener at 127.0.0.1/37491] INFO  om.OzoneManager (OzoneManager.java:start(1500)) - Version File has different layout version (3) than OM DB (null). That is expected if this OM has never been finalized to a newer layout version.
2022-11-09 16:19:04,758 [JvmPauseMonitor4] INFO  util.JvmPauseMonitor (JvmPauseMonitor.java:run(105)) - JvmPauseMonitor-omNode-1: Started
2022-11-09 16:19:04,777 [Listener at 127.0.0.1/37491] INFO  http.BaseHttpServer (BaseHttpServer.java:newHttpServer2BuilderForOzone(213)) - Starting Web-server for ozoneManager at: http://0.0.0.0:33223
2022-11-09 16:19:04,778 [Listener at 127.0.0.1/37491] INFO  http.BaseHttpServer (BaseHttpServer.java:<init>(108)) - Hadoop Security Enabled: false Ozone Security Enabled: false Ozone HTTP Security Enabled: false 
2022-11-09 16:19:04,780 [Listener at 127.0.0.1/37491] WARN  server.AuthenticationFilter (AuthenticationFilter.java:constructSecretProvider(240)) - Unable to initialize FileSignerSecretProvider, falling back to use random secrets. Reason: Could not read signature secret file: /home/runner/hadoop-http-auth-signature-secret
2022-11-09 16:19:04,784 [Listener at 127.0.0.1/37491] WARN  http.HttpRequestLog (HttpRequestLog.java:getRequestLog(103)) - Jetty request log can only be enabled using Log4j
2022-11-09 16:19:04,786 [Listener at 127.0.0.1/37491] INFO  http.HttpServer2 (HttpServer2.java:addGlobalFilter(1031)) - Added global filter 'safety' (class=org.apache.hadoop.hdds.server.http.HttpServer2$QuotingInputFilter)
2022-11-09 16:19:04,787 [Listener at 127.0.0.1/37491] INFO  http.HttpServer2 (HttpServer2.java:addFilter(1007)) - Added filter static_user_filter (class=org.apache.hadoop.http.lib.StaticUserWebFilter$StaticUserFilter) to context ozoneManager
2022-11-09 16:19:04,787 [Listener at 127.0.0.1/37491] INFO  http.HttpServer2 (HttpServer2.java:addFilter(1015)) - Added filter static_user_filter (class=org.apache.hadoop.http.lib.StaticUserWebFilter$StaticUserFilter) to context static
2022-11-09 16:19:04,787 [Listener at 127.0.0.1/37491] INFO  http.HttpServer2 (HttpServer2.java:addFilter(1015)) - Added filter static_user_filter (class=org.apache.hadoop.http.lib.StaticUserWebFilter$StaticUserFilter) to context logs
2022-11-09 16:19:04,789 [Listener at 127.0.0.1/37491] INFO  http.HttpServer2 (HttpServer2.java:bindListener(1250)) - Jetty bound to port 33223
2022-11-09 16:19:04,789 [Listener at 127.0.0.1/37491] INFO  server.Server (Server.java:doStart(375)) - jetty-9.4.49.v20220914; built: 2022-09-14T01:07:36.601Z; git: 4231a3b2e4cb8548a412a789936d640a97b1aa0a; jvm 1.8.0_345-b01
2022-11-09 16:19:04,817 [Listener at 127.0.0.1/37491] INFO  server.session (DefaultSessionIdManager.java:doStart(334)) - DefaultSessionIdManager workerName=node0
2022-11-09 16:19:04,817 [Listener at 127.0.0.1/37491] INFO  server.session (DefaultSessionIdManager.java:doStart(339)) - No SessionScavenger set, using defaults
2022-11-09 16:19:04,817 [Listener at 127.0.0.1/37491] INFO  server.session (HouseKeeper.java:startScavenging(132)) - node0 Scavenging every 600000ms
2022-11-09 16:19:04,818 [Listener at 127.0.0.1/37491] INFO  handler.ContextHandler (ContextHandler.java:doStart(921)) - Started o.e.j.s.ServletContextHandler@586c5aa4{logs,/logs,file:///home/runner/work/ozone/ozone/hadoop-ozone/integration-test/target/log,AVAILABLE}
2022-11-09 16:19:04,818 [Listener at 127.0.0.1/37491] INFO  handler.ContextHandler (ContextHandler.java:doStart(921)) - Started o.e.j.s.ServletContextHandler@3a3d597b{static,/static,file:///home/runner/work/ozone/ozone/hadoop-ozone/integration-test/target/test-classes/webapps/static,AVAILABLE}
2022-11-09 16:19:04,826 [Listener at 127.0.0.1/37491] INFO  handler.ContextHandler (ContextHandler.java:doStart(921)) - Started o.e.j.w.WebAppContext@544b94af{ozoneManager,/,file:///home/runner/work/ozone/ozone/hadoop-ozone/integration-test/target/test-classes/webapps/ozoneManager/,AVAILABLE}{file:/home/runner/work/ozone/ozone/hadoop-ozone/integration-test/target/test-classes/webapps/ozoneManager}
2022-11-09 16:19:04,837 [Listener at 127.0.0.1/37491] INFO  server.AbstractConnector (AbstractConnector.java:doStart(333)) - Started ServerConnector@1d52def{HTTP/1.1, (http/1.1)}{0.0.0.0:33223}
2022-11-09 16:19:04,837 [Listener at 127.0.0.1/37491] INFO  server.Server (Server.java:doStart(415)) - Started @23854ms
2022-11-09 16:19:04,838 [Listener at 127.0.0.1/37491] WARN  impl.MetricsSystemImpl (MetricsSystemImpl.java:register(279)) - Sink prometheus already exists!
2022-11-09 16:19:04,840 [Listener at 127.0.0.1/37491] INFO  http.BaseHttpServer (BaseHttpServer.java:updateConnectorAddress(333)) - HTTP server of ozoneManager listening at http://0.0.0.0:33223
2022-11-09 16:19:04,848 [IPC Server Responder] INFO  ipc.Server (Server.java:run(1512)) - IPC Server Responder: starting
2022-11-09 16:19:04,848 [IPC Server listener on 37491] INFO  ipc.Server (Server.java:run(1352)) - IPC Server listener on 37491: starting
2022-11-09 16:19:04,863 [Listener at 127.0.0.1/37491] INFO  om.OzoneManager (OzoneManager.java:startTrashEmptier(1921)) - Trash Interval set to 0. Files deleted won't move to trash
2022-11-09 16:19:04,864 [Listener at 127.0.0.1/37491] INFO  ozone.MiniOzoneHAClusterImpl (MiniOzoneHAClusterImpl.java:createOMService(527)) - Started OzoneManager omNode-1 RPC server at localhost/127.0.0.1:37491
2022-11-09 16:19:04,864 [Listener at 127.0.0.1/37491] INFO  ha.OMHANodeDetails (OMHANodeDetails.java:loadOMHAConfig(121)) - ServiceID for OzoneManager is omServiceId1
2022-11-09 16:19:04,865 [Listener at 127.0.0.1/37491] INFO  ha.OMHANodeDetails (OMHANodeDetails.java:loadOMHAConfig(201)) - Found matching OM address with OMServiceId: omServiceId1, OMNodeId: omNode-2, RPC Address: localhost:41185 and Ratis port: 40777
2022-11-09 16:19:04,865 [Listener at 127.0.0.1/37491] INFO  ha.OMHANodeDetails (ConfUtils.java:setNodeSpecificConfigs(97)) - Setting configuration key ozone.om.http-address with value of key ozone.om.http-address.omServiceId1.omNode-2: 127.0.0.1:36315
2022-11-09 16:19:04,865 [Listener at 127.0.0.1/37491] INFO  ha.OMHANodeDetails (ConfUtils.java:setNodeSpecificConfigs(97)) - Setting configuration key ozone.om.https-address with value of key ozone.om.https-address.omServiceId1.omNode-2: 127.0.0.1:42123
2022-11-09 16:19:04,865 [Listener at 127.0.0.1/37491] INFO  ha.OMHANodeDetails (ConfUtils.java:setNodeSpecificConfigs(97)) - Setting configuration key ozone.om.address with value of key ozone.om.address.omServiceId1.omNode-2: 127.0.0.1:41185
2022-11-09 16:19:04,865 [Listener at 127.0.0.1/37491] WARN  server.ServerUtils (ServerUtils.java:getDBPath(225)) - ozone.om.db.dirs is not configured. We recommend adding this setting. Falling back to ozone.metadata.dirs instead.
2022-11-09 16:19:04,866 [Listener at 127.0.0.1/37491] INFO  ha.SCMNodeInfo (SCMNodeInfo.java:getPort(197)) - ConfigKey ozone.scm.client.address is deprecated, For configuring different ports for each SCM use PortConfigKey ozone.scm.client.port appended with serviceId and nodeId
2022-11-09 16:19:04,866 [Listener at 127.0.0.1/37491] INFO  ha.SCMNodeInfo (SCMNodeInfo.java:getPort(197)) - ConfigKey ozone.scm.block.client.address is deprecated, For configuring different ports for each SCM use PortConfigKey ozone.scm.block.client.port appended with serviceId and nodeId
2022-11-09 16:19:04,866 [Listener at 127.0.0.1/37491] INFO  ha.SCMNodeInfo (SCMNodeInfo.java:getPort(197)) - ConfigKey ozone.scm.datanode.address is deprecated, For configuring different ports for each SCM use PortConfigKey ozone.scm.datanode.port appended with serviceId and nodeId
2022-11-09 16:19:04,867 [Listener at 127.0.0.1/37491] INFO  ha.SCMNodeInfo (SCMNodeInfo.java:getPort(197)) - ConfigKey ozone.scm.client.address is deprecated, For configuring different ports for each SCM use PortConfigKey ozone.scm.client.port appended with serviceId and nodeId
2022-11-09 16:19:04,867 [Listener at 127.0.0.1/37491] INFO  ha.SCMNodeInfo (SCMNodeInfo.java:getPort(197)) - ConfigKey ozone.scm.block.client.address is deprecated, For configuring different ports for each SCM use PortConfigKey ozone.scm.block.client.port appended with serviceId and nodeId
2022-11-09 16:19:04,867 [Listener at 127.0.0.1/37491] INFO  ha.SCMNodeInfo (SCMNodeInfo.java:getPort(197)) - ConfigKey ozone.scm.datanode.address is deprecated, For configuring different ports for each SCM use PortConfigKey ozone.scm.datanode.port appended with serviceId and nodeId
2022-11-09 16:19:04,867 [Listener at 127.0.0.1/37491] INFO  ha.SCMNodeInfo (SCMNodeInfo.java:getPort(197)) - ConfigKey ozone.scm.client.address is deprecated, For configuring different ports for each SCM use PortConfigKey ozone.scm.client.port appended with serviceId and nodeId
2022-11-09 16:19:04,867 [Listener at 127.0.0.1/37491] INFO  ha.SCMNodeInfo (SCMNodeInfo.java:getPort(197)) - ConfigKey ozone.scm.block.client.address is deprecated, For configuring different ports for each SCM use PortConfigKey ozone.scm.block.client.port appended with serviceId and nodeId
2022-11-09 16:19:04,867 [Listener at 127.0.0.1/37491] INFO  ha.SCMNodeInfo (SCMNodeInfo.java:getPort(197)) - ConfigKey ozone.scm.datanode.address is deprecated, For configuring different ports for each SCM use PortConfigKey ozone.scm.datanode.port appended with serviceId and nodeId
2022-11-09 16:19:04,867 [Listener at 127.0.0.1/37491] INFO  proxy.SCMBlockLocationFailoverProxyProvider (SCMBlockLocationFailoverProxyProvider.java:<init>(114)) - Created block location fail-over proxy with 3 nodes: [nodeId=scmNode-2,nodeAddress=/127.0.0.1:44141, nodeId=scmNode-3,nodeAddress=/127.0.0.1:41133, nodeId=scmNode-1,nodeAddress=/127.0.0.1:46207]
2022-11-09 16:19:04,873 [org.apache.hadoop.util.JvmPauseMonitor$Monitor@38fc2f1c] INFO  util.JvmPauseMonitor (JvmPauseMonitor.java:run(188)) - Starting JVM pause monitor
OM initialization succeeded.Current cluster id for sd=/home/runner/work/ozone/ozone/hadoop-ozone/integration-test/target/test-dir/MiniOzoneClusterImpl-5b74f3a4-74d7-4700-a005-fabb0032522b/omNode-2/om;cid=5b74f3a4-74d7-4700-a005-fabb0032522b;layoutVersion=3
2022-11-09 16:19:04,894 [Listener at 127.0.0.1/37491] INFO  ha.OMHANodeDetails (OMHANodeDetails.java:loadOMHAConfig(121)) - ServiceID for OzoneManager is omServiceId1
2022-11-09 16:19:04,895 [Listener at 127.0.0.1/37491] INFO  ha.OMHANodeDetails (OMHANodeDetails.java:loadOMHAConfig(201)) - Found matching OM address with OMServiceId: omServiceId1, OMNodeId: omNode-2, RPC Address: localhost:41185 and Ratis port: 40777
2022-11-09 16:19:04,895 [Listener at 127.0.0.1/37491] INFO  ha.OMHANodeDetails (ConfUtils.java:setNodeSpecificConfigs(97)) - Setting configuration key ozone.om.http-address with value of key ozone.om.http-address.omServiceId1.omNode-2: 127.0.0.1:36315
2022-11-09 16:19:04,895 [Listener at 127.0.0.1/37491] INFO  ha.OMHANodeDetails (ConfUtils.java:setNodeSpecificConfigs(97)) - Setting configuration key ozone.om.https-address with value of key ozone.om.https-address.omServiceId1.omNode-2: 127.0.0.1:42123
2022-11-09 16:19:04,895 [Listener at 127.0.0.1/37491] INFO  ha.OMHANodeDetails (ConfUtils.java:setNodeSpecificConfigs(97)) - Setting configuration key ozone.om.address with value of key ozone.om.address.omServiceId1.omNode-2: 127.0.0.1:41185
2022-11-09 16:19:04,895 [Listener at 127.0.0.1/37491] WARN  server.ServerUtils (ServerUtils.java:getDBPath(225)) - ozone.om.db.dirs is not configured. We recommend adding this setting. Falling back to ozone.metadata.dirs instead.
2022-11-09 16:19:04,895 [Listener at 127.0.0.1/37491] INFO  upgrade.AbstractLayoutVersionManager (AbstractLayoutVersionManager.java:init(83)) - Initializing Layout version manager with metadata layout = MULTITENANCY_SCHEMA (version = 3), software layout = MULTITENANCY_SCHEMA (version = 3)
2022-11-09 16:19:04,986 [Listener at 127.0.0.1/37491] INFO  reflections.Reflections (Reflections.java:scan(232)) - Reflections took 90 ms to scan 2 urls, producing 154 keys and 428 values [using 2 cores]
2022-11-09 16:19:04,987 [Listener at 127.0.0.1/37491] INFO  upgrade.OMLayoutVersionManager (OMLayoutVersionManager.java:lambda$0(115)) - Skipping Upgrade Action MockOmUpgradeAction since it has been finalized.
2022-11-09 16:19:04,987 [Listener at 127.0.0.1/37491] WARN  server.ServerUtils (ServerUtils.java:getDBPath(225)) - ozone.om.db.dirs is not configured. We recommend adding this setting. Falling back to ozone.metadata.dirs instead.
2022-11-09 16:19:04,987 [Listener at 127.0.0.1/37491] INFO  ha.SCMNodeInfo (SCMNodeInfo.java:getPort(197)) - ConfigKey ozone.scm.client.address is deprecated, For configuring different ports for each SCM use PortConfigKey ozone.scm.client.port appended with serviceId and nodeId
2022-11-09 16:19:04,987 [Listener at 127.0.0.1/37491] INFO  ha.SCMNodeInfo (SCMNodeInfo.java:getPort(197)) - ConfigKey ozone.scm.block.client.address is deprecated, For configuring different ports for each SCM use PortConfigKey ozone.scm.block.client.port appended with serviceId and nodeId
2022-11-09 16:19:04,987 [Listener at 127.0.0.1/37491] INFO  ha.SCMNodeInfo (SCMNodeInfo.java:getPort(197)) - ConfigKey ozone.scm.datanode.address is deprecated, For configuring different ports for each SCM use PortConfigKey ozone.scm.datanode.port appended with serviceId and nodeId
2022-11-09 16:19:04,987 [Listener at 127.0.0.1/37491] INFO  ha.SCMNodeInfo (SCMNodeInfo.java:getPort(197)) - ConfigKey ozone.scm.client.address is deprecated, For configuring different ports for each SCM use PortConfigKey ozone.scm.client.port appended with serviceId and nodeId
2022-11-09 16:19:04,988 [Listener at 127.0.0.1/37491] INFO  ha.SCMNodeInfo (SCMNodeInfo.java:getPort(197)) - ConfigKey ozone.scm.block.client.address is deprecated, For configuring different ports for each SCM use PortConfigKey ozone.scm.block.client.port appended with serviceId and nodeId
2022-11-09 16:19:04,988 [Listener at 127.0.0.1/37491] INFO  ha.SCMNodeInfo (SCMNodeInfo.java:getPort(197)) - ConfigKey ozone.scm.datanode.address is deprecated, For configuring different ports for each SCM use PortConfigKey ozone.scm.datanode.port appended with serviceId and nodeId
2022-11-09 16:19:04,988 [Listener at 127.0.0.1/37491] INFO  ha.SCMNodeInfo (SCMNodeInfo.java:getPort(197)) - ConfigKey ozone.scm.client.address is deprecated, For configuring different ports for each SCM use PortConfigKey ozone.scm.client.port appended with serviceId and nodeId
2022-11-09 16:19:04,988 [Listener at 127.0.0.1/37491] INFO  ha.SCMNodeInfo (SCMNodeInfo.java:getPort(197)) - ConfigKey ozone.scm.block.client.address is deprecated, For configuring different ports for each SCM use PortConfigKey ozone.scm.block.client.port appended with serviceId and nodeId
2022-11-09 16:19:04,988 [Listener at 127.0.0.1/37491] INFO  ha.SCMNodeInfo (SCMNodeInfo.java:getPort(197)) - ConfigKey ozone.scm.datanode.address is deprecated, For configuring different ports for each SCM use PortConfigKey ozone.scm.datanode.port appended with serviceId and nodeId
2022-11-09 16:19:04,990 [Listener at 127.0.0.1/37491] INFO  ha.SCMNodeInfo (SCMNodeInfo.java:getPort(197)) - ConfigKey ozone.scm.client.address is deprecated, For configuring different ports for each SCM use PortConfigKey ozone.scm.client.port appended with serviceId and nodeId
2022-11-09 16:19:04,990 [Listener at 127.0.0.1/37491] INFO  ha.SCMNodeInfo (SCMNodeInfo.java:getPort(197)) - ConfigKey ozone.scm.block.client.address is deprecated, For configuring different ports for each SCM use PortConfigKey ozone.scm.block.client.port appended with serviceId and nodeId
2022-11-09 16:19:04,993 [Listener at 127.0.0.1/37491] INFO  ha.SCMNodeInfo (SCMNodeInfo.java:getPort(197)) - ConfigKey ozone.scm.datanode.address is deprecated, For configuring different ports for each SCM use PortConfigKey ozone.scm.datanode.port appended with serviceId and nodeId
2022-11-09 16:19:04,993 [Listener at 127.0.0.1/37491] INFO  ha.SCMNodeInfo (SCMNodeInfo.java:getPort(197)) - ConfigKey ozone.scm.client.address is deprecated, For configuring different ports for each SCM use PortConfigKey ozone.scm.client.port appended with serviceId and nodeId
2022-11-09 16:19:04,993 [Listener at 127.0.0.1/37491] INFO  ha.SCMNodeInfo (SCMNodeInfo.java:getPort(197)) - ConfigKey ozone.scm.block.client.address is deprecated, For configuring different ports for each SCM use PortConfigKey ozone.scm.block.client.port appended with serviceId and nodeId
2022-11-09 16:19:04,993 [Listener at 127.0.0.1/37491] INFO  ha.SCMNodeInfo (SCMNodeInfo.java:getPort(197)) - ConfigKey ozone.scm.datanode.address is deprecated, For configuring different ports for each SCM use PortConfigKey ozone.scm.datanode.port appended with serviceId and nodeId
2022-11-09 16:19:04,993 [Listener at 127.0.0.1/37491] INFO  ha.SCMNodeInfo (SCMNodeInfo.java:getPort(197)) - ConfigKey ozone.scm.client.address is deprecated, For configuring different ports for each SCM use PortConfigKey ozone.scm.client.port appended with serviceId and nodeId
2022-11-09 16:19:04,993 [Listener at 127.0.0.1/37491] INFO  ha.SCMNodeInfo (SCMNodeInfo.java:getPort(197)) - ConfigKey ozone.scm.block.client.address is deprecated, For configuring different ports for each SCM use PortConfigKey ozone.scm.block.client.port appended with serviceId and nodeId
2022-11-09 16:19:04,993 [Listener at 127.0.0.1/37491] INFO  ha.SCMNodeInfo (SCMNodeInfo.java:getPort(197)) - ConfigKey ozone.scm.datanode.address is deprecated, For configuring different ports for each SCM use PortConfigKey ozone.scm.datanode.port appended with serviceId and nodeId
2022-11-09 16:19:04,993 [Listener at 127.0.0.1/37491] INFO  proxy.SCMBlockLocationFailoverProxyProvider (SCMBlockLocationFailoverProxyProvider.java:<init>(114)) - Created block location fail-over proxy with 3 nodes: [nodeId=scmNode-2,nodeAddress=/127.0.0.1:44141, nodeId=scmNode-3,nodeAddress=/127.0.0.1:41133, nodeId=scmNode-1,nodeAddress=/127.0.0.1:46207]
2022-11-09 16:19:04,996 [Listener at 127.0.0.1/37491] INFO  ha.SCMNodeInfo (SCMNodeInfo.java:getPort(197)) - ConfigKey ozone.scm.client.address is deprecated, For configuring different ports for each SCM use PortConfigKey ozone.scm.client.port appended with serviceId and nodeId
2022-11-09 16:19:04,996 [Listener at 127.0.0.1/37491] INFO  ha.SCMNodeInfo (SCMNodeInfo.java:getPort(197)) - ConfigKey ozone.scm.block.client.address is deprecated, For configuring different ports for each SCM use PortConfigKey ozone.scm.block.client.port appended with serviceId and nodeId
2022-11-09 16:19:04,996 [Listener at 127.0.0.1/37491] INFO  ha.SCMNodeInfo (SCMNodeInfo.java:getPort(197)) - ConfigKey ozone.scm.datanode.address is deprecated, For configuring different ports for each SCM use PortConfigKey ozone.scm.datanode.port appended with serviceId and nodeId
2022-11-09 16:19:04,996 [Listener at 127.0.0.1/37491] INFO  ha.SCMNodeInfo (SCMNodeInfo.java:getPort(197)) - ConfigKey ozone.scm.client.address is deprecated, For configuring different ports for each SCM use PortConfigKey ozone.scm.client.port appended with serviceId and nodeId
2022-11-09 16:19:04,996 [Listener at 127.0.0.1/37491] INFO  ha.SCMNodeInfo (SCMNodeInfo.java:getPort(197)) - ConfigKey ozone.scm.block.client.address is deprecated, For configuring different ports for each SCM use PortConfigKey ozone.scm.block.client.port appended with serviceId and nodeId
2022-11-09 16:19:04,996 [Listener at 127.0.0.1/37491] INFO  ha.SCMNodeInfo (SCMNodeInfo.java:getPort(197)) - ConfigKey ozone.scm.datanode.address is deprecated, For configuring different ports for each SCM use PortConfigKey ozone.scm.datanode.port appended with serviceId and nodeId
2022-11-09 16:19:04,996 [Listener at 127.0.0.1/37491] INFO  ha.SCMNodeInfo (SCMNodeInfo.java:getPort(197)) - ConfigKey ozone.scm.client.address is deprecated, For configuring different ports for each SCM use PortConfigKey ozone.scm.client.port appended with serviceId and nodeId
2022-11-09 16:19:04,996 [Listener at 127.0.0.1/37491] INFO  ha.SCMNodeInfo (SCMNodeInfo.java:getPort(197)) - ConfigKey ozone.scm.block.client.address is deprecated, For configuring different ports for each SCM use PortConfigKey ozone.scm.block.client.port appended with serviceId and nodeId
2022-11-09 16:19:04,996 [Listener at 127.0.0.1/37491] INFO  ha.SCMNodeInfo (SCMNodeInfo.java:getPort(197)) - ConfigKey ozone.scm.datanode.address is deprecated, For configuring different ports for each SCM use PortConfigKey ozone.scm.datanode.port appended with serviceId and nodeId
2022-11-09 16:19:04,997 [Listener at 127.0.0.1/37491] INFO  proxy.SCMBlockLocationFailoverProxyProvider (SCMBlockLocationFailoverProxyProvider.java:<init>(114)) - Created block location fail-over proxy with 3 nodes: [nodeId=scmNode-2,nodeAddress=/127.0.0.1:44141, nodeId=scmNode-3,nodeAddress=/127.0.0.1:41133, nodeId=scmNode-1,nodeAddress=/127.0.0.1:46207]
2022-11-09 16:19:05,018 [Listener at 127.0.0.1/37491] WARN  server.ServerUtils (ServerUtils.java:getDBPath(225)) - ozone.om.db.dirs is not configured. We recommend adding this setting. Falling back to ozone.metadata.dirs instead.
2022-11-09 16:19:05,018 [Listener at 127.0.0.1/37491] INFO  codec.OmKeyInfoCodec (OmKeyInfoCodec.java:<init>(49)) - OmKeyInfoCodec ignorePipeline = true
2022-11-09 16:19:05,018 [Listener at 127.0.0.1/37491] INFO  codec.RepeatedOmKeyInfoCodec (RepeatedOmKeyInfoCodec.java:<init>(41)) - RepeatedOmKeyInfoCodec ignorePipeline = true
2022-11-09 16:19:05,225 [Listener at 127.0.0.1/37491] INFO  om.OzoneManager (OzoneManager.java:instantiateServices(715)) - S3 Multi-Tenancy is disabled
2022-11-09 16:19:05,229 [Listener at 127.0.0.1/37491] INFO  om.OzoneManager (OzoneManager.java:addS3GVolumeToDB(4394)) - Created Volume s3v With Owner runner required for S3Gateway operations.
2022-11-09 16:19:05,229 [Listener at 127.0.0.1/37491] WARN  server.ServerUtils (ServerUtils.java:getDefaultRatisDirectory(237)) - Storage directory for Ratis is not configured. It is a good idea to map this to an SSD disk. Falling back to ozone.metadata.dirs
2022-11-09 16:19:05,230 [Listener at 127.0.0.1/37491] WARN  utils.OzoneManagerRatisUtils (OzoneManagerRatisUtils.java:getOMRatisSnapshotDirectory(434)) - ozone.om.ratis.snapshot.dir is not configured. Falling back to ozone.metadata.dirs config
2022-11-09 16:19:05,230 [Listener at 127.0.0.1/37491] INFO  snapshot.OzoneManagerSnapshotProvider (OzoneManagerSnapshotProvider.java:<init>(76)) - Initializing OM Snapshot Provider
2022-11-09 16:19:05,232 [Listener at 127.0.0.1/37491] WARN  impl.MetricRegistriesImpl (MetricRegistriesImpl.java:addReporterRegistration(111)) - New reporters are added after registries were created. Some metrics will be missing from the reporter. Please add reporter before adding any new registry.
2022-11-09 16:19:05,232 [Listener at 127.0.0.1/37491] WARN  impl.MetricRegistriesImpl (MetricRegistriesImpl.java:addReporterRegistration(111)) - New reporters are added after registries were created. Some metrics will be missing from the reporter. Please add reporter before adding any new registry.
2022-11-09 16:19:05,232 [Listener at 127.0.0.1/37491] WARN  server.ServerUtils (ServerUtils.java:getDefaultRatisDirectory(237)) - Storage directory for Ratis is not configured. It is a good idea to map this to an SSD disk. Falling back to ozone.metadata.dirs
2022-11-09 16:19:05,234 [Listener at 127.0.0.1/37491] INFO  ratis.OzoneManagerRatisServer (OzoneManagerRatisServer.java:<init>(160)) - Instantiating OM Ratis server with groupID: omServiceId1 and peers: localhost:40777, localhost:45745, localhost:35747
2022-11-09 16:19:05,234 [Listener at 127.0.0.1/37491] INFO  ratis.OzoneManagerStateMachine (OzoneManagerStateMachine.java:loadSnapshotInfoFromDB(636)) - LastAppliedIndex is set from TransactionInfo from OM DB as (t:0, i:~)
2022-11-09 16:19:05,240 [Listener at 127.0.0.1/37491] INFO  server.RaftServer (ConfUtils.java:logGet(46)) - raft.rpc.type = GRPC (default)
2022-11-09 16:19:05,240 [Listener at 127.0.0.1/37491] INFO  grpc.GrpcConfigKeys (ConfUtils.java:logFallback(53)) - raft.grpc.admin.host = null (fallback to raft.grpc.server.host)
2022-11-09 16:19:05,240 [Listener at 127.0.0.1/37491] INFO  grpc.GrpcConfigKeys (ConfUtils.java:logFallback(53)) - raft.grpc.admin.port = 40777 (fallback to raft.grpc.server.port)
2022-11-09 16:19:05,241 [Listener at 127.0.0.1/37491] INFO  grpc.GrpcConfigKeys (ConfUtils.java:logFallback(53)) - raft.grpc.client.host = null (fallback to raft.grpc.server.host)
2022-11-09 16:19:05,241 [Listener at 127.0.0.1/37491] INFO  grpc.GrpcConfigKeys (ConfUtils.java:logFallback(53)) - raft.grpc.client.port = 40777 (fallback to raft.grpc.server.port)
2022-11-09 16:19:05,241 [Listener at 127.0.0.1/37491] INFO  grpc.GrpcConfigKeys (ConfUtils.java:logGet(46)) - raft.grpc.server.host = null (default)
2022-11-09 16:19:05,241 [Listener at 127.0.0.1/37491] INFO  grpc.GrpcConfigKeys (ConfUtils.java:logGet(46)) - raft.grpc.server.port = 40777 (custom)
2022-11-09 16:19:05,241 [Listener at 127.0.0.1/37491] INFO  server.GrpcService (ConfUtils.java:logGet(46)) - raft.grpc.message.size.max = 33554432 (custom)
2022-11-09 16:19:05,241 [Listener at 127.0.0.1/37491] INFO  server.RaftServerConfigKeys (ConfUtils.java:logGet(46)) - raft.server.log.appender.buffer.byte-limit = 33554432 (custom)
2022-11-09 16:19:05,241 [Listener at 127.0.0.1/37491] INFO  server.GrpcService (ConfUtils.java:logGet(46)) - raft.grpc.flow.control.window = 1MB (=1048576) (default)
2022-11-09 16:19:05,241 [Listener at 127.0.0.1/37491] INFO  server.RaftServerConfigKeys (ConfUtils.java:logGet(46)) - raft.server.rpc.request.timeout = 3000ms (default)
2022-11-09 16:19:05,242 [Listener at 127.0.0.1/37491] INFO  grpc.GrpcConfigKeys (ConfUtils.java:logGet(46)) - raft.grpc.server.heartbeat.channel = true (default)
2022-11-09 16:19:05,242 [Listener at 127.0.0.1/37491] INFO  grpc.GrpcConfigKeys (ConfUtils.java:logGet(46)) - raft.grpc.server.async.request.thread.pool.cached = true (default)
2022-11-09 16:19:05,242 [Listener at 127.0.0.1/37491] INFO  grpc.GrpcConfigKeys (ConfUtils.java:logGet(46)) - raft.grpc.server.async.request.thread.pool.size = 32 (default)
2022-11-09 16:19:05,244 [Listener at 127.0.0.1/37491] INFO  impl.DataStreamServerImpl (ConfUtils.java:logGet(46)) - raft.datastream.type = DISABLED (default)
2022-11-09 16:19:05,244 [Listener at 127.0.0.1/37491] INFO  server.RaftServerConfigKeys (ConfUtils.java:logGet(46)) - raft.server.threadpool.proxy.cached = true (default)
2022-11-09 16:19:05,244 [Listener at 127.0.0.1/37491] INFO  server.RaftServerConfigKeys (ConfUtils.java:logGet(46)) - raft.server.threadpool.proxy.size = 0 (default)
2022-11-09 16:19:05,245 [Listener at 127.0.0.1/37491] INFO  server.RaftServerConfigKeys (ConfUtils.java:logGet(46)) - raft.server.rpc.slowness.timeout = 2s (custom)
2022-11-09 16:19:05,245 [Listener at 127.0.0.1/37491] INFO  server.RaftServerConfigKeys (ConfUtils.java:logGet(46)) - raft.server.leaderelection.leader.step-down.wait-time = 10s (default)
2022-11-09 16:19:05,245 [Listener at 127.0.0.1/37491] INFO  server.RaftServerConfigKeys (ConfUtils.java:logGet(46)) - raft.server.storage.dir = [/home/runner/work/ozone/ozone/hadoop-ozone/integration-test/target/test-dir/MiniOzoneClusterImpl-5b74f3a4-74d7-4700-a005-fabb0032522b/omNode-2/ratis] (custom)
2022-11-09 16:19:05,260 [Listener at 127.0.0.1/37491] INFO  server.RaftServer (RaftServerProxy.java:addNew(96)) - omNode-2: addNew group-6C22E66A003A:[omNode-3|rpc:localhost:45745|priority:0|startupRole:FOLLOWER, omNode-1|rpc:localhost:35747|priority:0|startupRole:FOLLOWER, omNode-2|rpc:localhost:40777|priority:0|startupRole:FOLLOWER] returns group-6C22E66A003A:java.util.concurrent.CompletableFuture@3fa219bd[Not completed]
2022-11-09 16:19:05,260 [Listener at 127.0.0.1/37491] INFO  om.OzoneManager (OzoneManager.java:initializeRatisServer(1977)) - OzoneManager Ratis server initialized at port 40777
2022-11-09 16:19:05,261 [pool-150-thread-1] INFO  server.RaftServer$Division (RaftServerImpl.java:<init>(195)) - omNode-2: new RaftServerImpl for group-6C22E66A003A:[omNode-3|rpc:localhost:45745|priority:0|startupRole:FOLLOWER, omNode-1|rpc:localhost:35747|priority:0|startupRole:FOLLOWER, omNode-2|rpc:localhost:40777|priority:0|startupRole:FOLLOWER] with OzoneManagerStateMachine:uninitialized
2022-11-09 16:19:05,261 [pool-150-thread-1] INFO  server.RaftServerConfigKeys (ConfUtils.java:logGet(46)) - raft.server.rpc.timeout.min = 1s (custom)
2022-11-09 16:19:05,261 [pool-150-thread-1] INFO  server.RaftServerConfigKeys (ConfUtils.java:logGet(46)) - raft.server.rpc.timeout.max = 1200ms (custom)
2022-11-09 16:19:05,261 [pool-150-thread-1] INFO  server.RaftServerConfigKeys (ConfUtils.java:logGet(46)) - raft.server.rpc.sleep.time = 25ms (default)
2022-11-09 16:19:05,261 [pool-150-thread-1] INFO  server.RaftServerConfigKeys (ConfUtils.java:logGet(46)) - raft.server.rpc.slowness.timeout = 2s (custom)
2022-11-09 16:19:05,261 [pool-150-thread-1] INFO  server.RaftServerConfigKeys (ConfUtils.java:logGet(46)) - raft.server.leaderelection.leader.step-down.wait-time = 10s (default)
2022-11-09 16:19:05,262 [pool-150-thread-1] INFO  server.RaftServerConfigKeys (ConfUtils.java:logGet(46)) - raft.server.sleep.deviation.threshold = 300ms (default)
2022-11-09 16:19:05,262 [pool-150-thread-1] INFO  server.RaftServer$Division (ServerState.java:<init>(118)) - omNode-2@group-6C22E66A003A: ConfigurationManager, init=-1: peers:[omNode-3|rpc:localhost:45745|priority:0|startupRole:FOLLOWER, omNode-1|rpc:localhost:35747|priority:0|startupRole:FOLLOWER, omNode-2|rpc:localhost:40777|priority:0|startupRole:FOLLOWER]|listeners:[], old=null, confs=<EMPTY_MAP>
2022-11-09 16:19:05,262 [pool-150-thread-1] INFO  server.RaftServerConfigKeys (ConfUtils.java:logGet(46)) - raft.server.storage.dir = [/home/runner/work/ozone/ozone/hadoop-ozone/integration-test/target/test-dir/MiniOzoneClusterImpl-5b74f3a4-74d7-4700-a005-fabb0032522b/omNode-2/ratis] (custom)
2022-11-09 16:19:05,264 [Listener at 127.0.0.1/37491] INFO  om.OzoneManager (OzoneManager.java:getRpcServer(1104)) - Creating RPC Server
2022-11-09 16:19:05,265 [pool-150-thread-1] INFO  server.RaftServerConfigKeys (ConfUtils.java:logGet(46)) - raft.server.log.corruption.policy = EXCEPTION (default)
2022-11-09 16:19:05,265 [pool-150-thread-1] INFO  server.RaftServerConfigKeys (ConfUtils.java:logGet(46)) - raft.server.storage.free-space.min = 0MB (=0) (default)
2022-11-09 16:19:05,265 [pool-150-thread-1] INFO  server.RaftServerConfigKeys (ConfUtils.java:logGet(46)) - raft.server.notification.no-leader.timeout = 2s (custom)
2022-11-09 16:19:05,265 [pool-150-thread-1] INFO  server.RaftServerConfigKeys (ConfUtils.java:logGet(46)) - raft.server.retrycache.expirytime = 300s (custom)
2022-11-09 16:19:05,265 [pool-150-thread-1] INFO  server.RaftServerConfigKeys (ConfUtils.java:logGet(46)) - raft.server.retrycache.statistics.expirytime = 100μs (default)
2022-11-09 16:19:05,271 [pool-150-thread-1] INFO  server.RaftServerConfigKeys (ConfUtils.java:logGet(46)) - raft.server.log.appender.install.snapshot.enabled = false (custom)
2022-11-09 16:19:05,271 [pool-150-thread-1] INFO  server.RaftServerConfigKeys (ConfUtils.java:logGet(46)) - raft.server.threadpool.server.cached = true (default)
2022-11-09 16:19:05,273 [pool-150-thread-1] INFO  server.RaftServerConfigKeys (ConfUtils.java:logGet(46)) - raft.server.threadpool.server.size = 0 (default)
2022-11-09 16:19:05,273 [pool-150-thread-1] INFO  server.RaftServerConfigKeys (ConfUtils.java:logGet(46)) - raft.server.threadpool.client.cached = true (default)
2022-11-09 16:19:05,273 [pool-150-thread-1] INFO  server.RaftServerConfigKeys (ConfUtils.java:logGet(46)) - raft.server.threadpool.client.size = 0 (default)
2022-11-09 16:19:05,850 [omNode-1@group-6C22E66A003A-FollowerState] INFO  impl.FollowerState (FollowerState.java:run(143)) - omNode-1@group-6C22E66A003A-FollowerState: change to CANDIDATE, lastRpcElapsedTime:1108375468ns, electionTimeout:1100ms
2022-11-09 16:19:05,850 [omNode-1@group-6C22E66A003A-FollowerState] INFO  impl.RoleInfo (RoleInfo.java:shutdownFollowerState(110)) - omNode-1: shutdown omNode-1@group-6C22E66A003A-FollowerState
2022-11-09 16:19:05,851 [omNode-1@group-6C22E66A003A-FollowerState] INFO  server.RaftServer$Division (RaftServerImpl.java:setRole(321)) - omNode-1@group-6C22E66A003A: changes role from  FOLLOWER to CANDIDATE at term 0 for changeToCandidate
2022-11-09 16:19:05,855 [omNode-1@group-6C22E66A003A-FollowerState] INFO  server.RaftServerConfigKeys (ConfUtils.java:logGet(46)) - raft.server.leaderelection.pre-vote = false (custom)
2022-11-09 16:19:05,855 [omNode-1@group-6C22E66A003A-FollowerState] INFO  impl.RoleInfo (RoleInfo.java:updateAndGet(139)) - omNode-1: start omNode-1@group-6C22E66A003A-LeaderElection3
2022-11-09 16:19:05,867 [omNode-1@group-6C22E66A003A-LeaderElection3] INFO  impl.LeaderElection (LeaderElection.java:askForVotes(312)) - omNode-1@group-6C22E66A003A-LeaderElection3 ELECTION round 0: submit vote requests at term 1 for -1: peers:[omNode-3|rpc:localhost:45745|priority:0|startupRole:FOLLOWER, omNode-1|rpc:localhost:35747|priority:0|startupRole:FOLLOWER, omNode-2|rpc:localhost:40777|priority:0|startupRole:FOLLOWER]|listeners:[], old=null
2022-11-09 16:19:05,873 [omNode-1@group-6C22E66A003A-LeaderElection3-1] INFO  server.GrpcServerProtocolClient (GrpcServerProtocolClient.java:<init>(63)) - Build channel for omNode-3
2022-11-09 16:19:05,889 [omNode-1@group-6C22E66A003A-LeaderElection3] INFO  server.RaftServerConfigKeys (ConfUtils.java:logFallback(53)) - raft.server.rpc.first-election.timeout.min = 1s (fallback to raft.server.rpc.timeout.min)
2022-11-09 16:19:05,889 [omNode-1@group-6C22E66A003A-LeaderElection3] INFO  server.RaftServerConfigKeys (ConfUtils.java:logFallback(53)) - raft.server.rpc.first-election.timeout.max = 1200ms (fallback to raft.server.rpc.timeout.max)
2022-11-09 16:19:05,893 [omNode-1@group-6C22E66A003A-LeaderElection3-2] INFO  server.GrpcServerProtocolClient (GrpcServerProtocolClient.java:<init>(63)) - Build channel for omNode-2
2022-11-09 16:19:05,906 [omNode-1@group-6C22E66A003A-LeaderElection3] INFO  impl.LeaderElection (LogUtils.java:infoOrTrace(137)) - omNode-1@group-6C22E66A003A-LeaderElection3 got exception when requesting votes: java.util.concurrent.ExecutionException: org.apache.ratis.thirdparty.io.grpc.StatusRuntimeException: UNAVAILABLE: io exception
2022-11-09 16:19:05,909 [omNode-1@group-6C22E66A003A-LeaderElection3] INFO  impl.LeaderElection (LogUtils.java:infoOrTrace(137)) - omNode-1@group-6C22E66A003A-LeaderElection3 got exception when requesting votes: java.util.concurrent.ExecutionException: org.apache.ratis.thirdparty.io.grpc.StatusRuntimeException: UNAVAILABLE: io exception
2022-11-09 16:19:05,909 [omNode-1@group-6C22E66A003A-LeaderElection3] INFO  impl.LeaderElection (LeaderElection.java:logAndReturn(90)) - omNode-1@group-6C22E66A003A-LeaderElection3: ELECTION REJECTED received 0 response(s) and 2 exception(s):
2022-11-09 16:19:05,910 [omNode-1@group-6C22E66A003A-LeaderElection3] INFO  impl.LeaderElection (LogUtils.java:infoOrTrace(137)) -   Exception 0: java.util.concurrent.ExecutionException: org.apache.ratis.thirdparty.io.grpc.StatusRuntimeException: UNAVAILABLE: io exception
2022-11-09 16:19:05,910 [omNode-1@group-6C22E66A003A-LeaderElection3] INFO  impl.LeaderElection (LogUtils.java:infoOrTrace(137)) -   Exception 1: java.util.concurrent.ExecutionException: org.apache.ratis.thirdparty.io.grpc.StatusRuntimeException: UNAVAILABLE: io exception
2022-11-09 16:19:05,910 [omNode-1@group-6C22E66A003A-LeaderElection3] INFO  impl.LeaderElection (LeaderElection.java:askForVotes(314)) - omNode-1@group-6C22E66A003A-LeaderElection3 ELECTION round 0: result REJECTED
2022-11-09 16:19:05,910 [omNode-1@group-6C22E66A003A-LeaderElection3] INFO  server.RaftServer$Division (RaftServerImpl.java:setRole(321)) - omNode-1@group-6C22E66A003A: changes role from CANDIDATE to FOLLOWER at term 1 for REJECTED
2022-11-09 16:19:05,910 [omNode-1@group-6C22E66A003A-LeaderElection3] INFO  impl.RoleInfo (RoleInfo.java:shutdownLeaderElection(130)) - omNode-1: shutdown omNode-1@group-6C22E66A003A-LeaderElection3
2022-11-09 16:19:05,910 [omNode-1@group-6C22E66A003A-LeaderElection3] INFO  impl.RoleInfo (RoleInfo.java:updateAndGet(139)) - omNode-1: start omNode-1@group-6C22E66A003A-FollowerState
2022-11-09 16:19:05,911 [omNode-1@group-6C22E66A003A-FollowerState] INFO  server.RaftServerConfigKeys (ConfUtils.java:logFallback(53)) - raft.server.rpc.first-election.timeout.min = 1s (fallback to raft.server.rpc.timeout.min)
2022-11-09 16:19:05,914 [omNode-1@group-6C22E66A003A-FollowerState] INFO  server.RaftServerConfigKeys (ConfUtils.java:logFallback(53)) - raft.server.rpc.first-election.timeout.max = 1200ms (fallback to raft.server.rpc.timeout.max)
2022-11-09 16:19:05,916 [Listener at 127.0.0.1/37491] INFO  reflections.Reflections (Reflections.java:scan(232)) - Reflections took 648 ms to scan 19 urls, producing 67 keys and 4327 values [using 2 cores]
2022-11-09 16:19:05,917 [Listener at 127.0.0.1/37491] INFO  ipc.CallQueueManager (CallQueueManager.java:<init>(90)) - Using callQueue: class java.util.concurrent.LinkedBlockingQueue, queueCapacity: 2000, scheduler: class org.apache.hadoop.ipc.DefaultRpcScheduler, ipcBackoff: false.
2022-11-09 16:19:05,920 [Socket Reader #1 for port 41185] INFO  ipc.Server (Server.java:run(1273)) - Starting Socket Reader #1 for port 41185
2022-11-09 16:19:05,948 [Listener at 127.0.0.1/41185] INFO  impl.MetricsSystemImpl (MetricsSystemImpl.java:init(158)) - OzoneManager metrics system started (again)
2022-11-09 16:19:05,962 [Listener at 127.0.0.1/41185] INFO  om.OzoneManager (OzoneManager.java:start(1484)) - OzoneManager RPC server is listening at localhost/127.0.0.1:41185
2022-11-09 16:19:05,962 [Listener at 127.0.0.1/41185] INFO  ratis.OzoneManagerRatisServer (OzoneManagerRatisServer.java:start(555)) - Starting OzoneManagerRatisServer omNode-2 at port 40777
2022-11-09 16:19:05,962 [omNode-2-impl-thread1] INFO  storage.RaftStorageDirectory (RaftStorageDirectoryImpl.java:analyzeStorage(137)) - The storage directory /home/runner/work/ozone/ozone/hadoop-ozone/integration-test/target/test-dir/MiniOzoneClusterImpl-5b74f3a4-74d7-4700-a005-fabb0032522b/omNode-2/ratis/9c9825ce-8ba7-3ee6-a7c3-6c22e66a003a does not exist. Creating ...
2022-11-09 16:19:05,964 [omNode-2-impl-thread1] INFO  storage.RaftStorageDirectory (RaftStorageDirectoryImpl.java:tryLock(231)) - Lock on /home/runner/work/ozone/ozone/hadoop-ozone/integration-test/target/test-dir/MiniOzoneClusterImpl-5b74f3a4-74d7-4700-a005-fabb0032522b/omNode-2/ratis/9c9825ce-8ba7-3ee6-a7c3-6c22e66a003a/in_use.lock acquired by nodename 3584@fv-az91-492
2022-11-09 16:19:05,965 [omNode-2-impl-thread1] INFO  storage.RaftStorage (RaftStorageImpl.java:format(96)) - Storage directory /home/runner/work/ozone/ozone/hadoop-ozone/integration-test/target/test-dir/MiniOzoneClusterImpl-5b74f3a4-74d7-4700-a005-fabb0032522b/omNode-2/ratis/9c9825ce-8ba7-3ee6-a7c3-6c22e66a003a has been successfully formatted.
2022-11-09 16:19:05,965 [omNode-2-impl-thread1] INFO  server.RaftServerConfigKeys (ConfUtils.java:logGet(46)) - raft.server.log.use.memory = false (default)
2022-11-09 16:19:05,965 [omNode-2-impl-thread1] INFO  server.RaftServerConfigKeys (ConfUtils.java:logGet(46)) - raft.server.log.purge.gap = 1000000 (custom)
2022-11-09 16:19:05,965 [omNode-2-impl-thread1] INFO  server.RaftServerConfigKeys (ConfUtils.java:logGet(46)) - raft.server.log.appender.buffer.byte-limit = 33554432 (custom)
2022-11-09 16:19:05,965 [omNode-2-impl-thread1] INFO  server.RaftServerConfigKeys (ConfUtils.java:logGet(46)) - raft.server.log.statemachine.data.read.timeout = 1000ms (default)
2022-11-09 16:19:05,966 [omNode-2-impl-thread1] INFO  server.RaftServerConfigKeys (ConfUtils.java:logGet(46)) - raft.server.log.purge.preservation.log.num = 0 (default)
2022-11-09 16:19:05,966 [omNode-2-impl-thread1] INFO  server.RaftServerConfigKeys (ConfUtils.java:logGet(46)) - raft.server.log.segment.size.max = 4194304 (custom)
2022-11-09 16:19:05,966 [omNode-2-impl-thread1] INFO  server.RaftServerConfigKeys (ConfUtils.java:logGet(46)) - raft.server.log.segment.cache.num.max = 2 (custom)
2022-11-09 16:19:05,966 [omNode-2-impl-thread1] INFO  server.RaftServerConfigKeys (ConfUtils.java:logGet(46)) - raft.server.log.segment.cache.size.max = 200MB (=209715200) (default)
2022-11-09 16:19:05,966 [omNode-2-impl-thread1] INFO  segmented.SegmentedRaftLogWorker (SegmentedRaftLogWorker.java:<init>(191)) - new omNode-2@group-6C22E66A003A-SegmentedRaftLogWorker for RaftStorageImpl:Storage Directory /home/runner/work/ozone/ozone/hadoop-ozone/integration-test/target/test-dir/MiniOzoneClusterImpl-5b74f3a4-74d7-4700-a005-fabb0032522b/omNode-2/ratis/9c9825ce-8ba7-3ee6-a7c3-6c22e66a003a
2022-11-09 16:19:05,966 [omNode-2-impl-thread1] INFO  server.RaftServerConfigKeys (ConfUtils.java:logGet(46)) - raft.server.log.queue.byte-limit = 64MB (=67108864) (default)
2022-11-09 16:19:05,967 [omNode-2-impl-thread1] INFO  server.RaftServerConfigKeys (ConfUtils.java:logGet(46)) - raft.server.log.queue.element-limit = 4096 (default)
2022-11-09 16:19:05,967 [omNode-2-impl-thread1] INFO  server.RaftServerConfigKeys (ConfUtils.java:logGet(46)) - raft.server.log.segment.size.max = 4194304 (custom)
2022-11-09 16:19:05,967 [omNode-2-impl-thread1] INFO  server.RaftServerConfigKeys (ConfUtils.java:logGet(46)) - raft.server.log.preallocated.size = 4194304 (custom)
2022-11-09 16:19:05,967 [omNode-2-impl-thread1] INFO  server.RaftServerConfigKeys (ConfUtils.java:logGet(46)) - raft.server.log.force.sync.num = 128 (default)
2022-11-09 16:19:05,967 [omNode-2-impl-thread1] INFO  server.RaftServerConfigKeys (ConfUtils.java:logGet(46)) - raft.server.log.statemachine.data.sync = true (default)
2022-11-09 16:19:05,967 [omNode-2-impl-thread1] INFO  server.RaftServerConfigKeys (ConfUtils.java:logGet(46)) - raft.server.log.statemachine.data.sync.timeout = 10s (default)
2022-11-09 16:19:05,967 [omNode-2-impl-thread1] INFO  server.RaftServerConfigKeys (ConfUtils.java:logGet(46)) - raft.server.log.statemachine.data.sync.timeout.retry = -1 (default)
2022-11-09 16:19:05,967 [omNode-2-impl-thread1] INFO  server.RaftServerConfigKeys (ConfUtils.java:logGet(46)) - raft.server.log.write.buffer.size = 64KB (=65536) (default)
2022-11-09 16:19:05,968 [omNode-2-impl-thread1] INFO  server.RaftServerConfigKeys (ConfUtils.java:logGet(46)) - raft.server.log.unsafe-flush.enabled = false (default)
2022-11-09 16:19:05,968 [omNode-2-impl-thread1] INFO  server.RaftServerConfigKeys (ConfUtils.java:logGet(46)) - raft.server.log.async-flush.enabled = false (default)
2022-11-09 16:19:05,968 [omNode-2-impl-thread1] INFO  server.RaftServerConfigKeys (ConfUtils.java:logGet(46)) - raft.server.log.statemachine.data.caching.enabled = false (default)
2022-11-09 16:19:05,968 [omNode-2-impl-thread1] INFO  segmented.SegmentedRaftLogWorker (SegmentedRaftLogWorker.java:lambda$new$0(136)) - omNode-2@group-6C22E66A003A-SegmentedRaftLogWorker: flushIndex: setUnconditionally 0 -> -1
2022-11-09 16:19:05,968 [omNode-2-impl-thread1] INFO  segmented.SegmentedRaftLogWorker (SegmentedRaftLogWorker.java:lambda$new$0(136)) - omNode-2@group-6C22E66A003A-SegmentedRaftLogWorker: safeCacheEvictIndex: setUnconditionally 0 -> -1
2022-11-09 16:19:05,971 [omNode-2-impl-thread1] INFO  server.RaftServer$Division (RaftServerImpl.java:start(334)) - omNode-2@group-6C22E66A003A: start as a follower, conf=-1: peers:[omNode-3|rpc:localhost:45745|priority:0|startupRole:FOLLOWER, omNode-1|rpc:localhost:35747|priority:0|startupRole:FOLLOWER, omNode-2|rpc:localhost:40777|priority:0|startupRole:FOLLOWER]|listeners:[], old=null
2022-11-09 16:19:05,972 [omNode-2-impl-thread1] INFO  server.RaftServer$Division (RaftServerImpl.java:setRole(321)) - omNode-2@group-6C22E66A003A: changes role from      null to FOLLOWER at term 0 for startAsFollower
2022-11-09 16:19:05,973 [omNode-2-impl-thread1] INFO  impl.RoleInfo (RoleInfo.java:updateAndGet(139)) - omNode-2: start omNode-2@group-6C22E66A003A-FollowerState
2022-11-09 16:19:05,976 [omNode-2-impl-thread1] INFO  util.JmxRegister (JmxRegister.java:tryRegister(44)) - Successfully registered JMX Bean with object name Ratis:service=RaftServer,group=group-6C22E66A003A,id=omNode-2
2022-11-09 16:19:05,976 [omNode-2-impl-thread1] INFO  server.RaftServerConfigKeys (ConfUtils.java:logGet(46)) - raft.server.snapshot.auto.trigger.enabled = true (custom)
2022-11-09 16:19:05,976 [omNode-2-impl-thread1] INFO  server.RaftServerConfigKeys (ConfUtils.java:logGet(46)) - raft.server.snapshot.auto.trigger.threshold = 400000 (default)
2022-11-09 16:19:05,976 [omNode-2-impl-thread1] INFO  server.RaftServerConfigKeys (ConfUtils.java:logGet(46)) - raft.server.snapshot.retention.file.num = -1 (default)
2022-11-09 16:19:05,976 [omNode-2-impl-thread1] INFO  server.RaftServerConfigKeys (ConfUtils.java:logGet(46)) - raft.server.log.purge.upto.snapshot.index = true (custom)
2022-11-09 16:19:05,978 [omNode-2@group-6C22E66A003A-FollowerState] INFO  server.RaftServerConfigKeys (ConfUtils.java:logFallback(53)) - raft.server.rpc.first-election.timeout.min = 1s (fallback to raft.server.rpc.timeout.min)
2022-11-09 16:19:05,978 [omNode-2@group-6C22E66A003A-FollowerState] INFO  server.RaftServerConfigKeys (ConfUtils.java:logFallback(53)) - raft.server.rpc.first-election.timeout.max = 1200ms (fallback to raft.server.rpc.timeout.max)
2022-11-09 16:19:05,979 [Listener at 127.0.0.1/41185] INFO  server.RaftServer (RaftServerProxy.java:startImpl(393)) - omNode-2: start RPC server
2022-11-09 16:19:05,987 [Listener at 127.0.0.1/41185] INFO  server.GrpcService (GrpcService.java:startImpl(270)) - omNode-2: GrpcService started, listening on 40777
2022-11-09 16:19:05,987 [JvmPauseMonitor5] INFO  util.JvmPauseMonitor (JvmPauseMonitor.java:run(105)) - JvmPauseMonitor-omNode-2: Started
2022-11-09 16:19:05,987 [Listener at 127.0.0.1/41185] INFO  om.OzoneManager (OzoneManager.java:start(1500)) - Version File has different layout version (3) than OM DB (null). That is expected if this OM has never been finalized to a newer layout version.
2022-11-09 16:19:05,993 [Listener at 127.0.0.1/41185] INFO  http.BaseHttpServer (BaseHttpServer.java:newHttpServer2BuilderForOzone(213)) - Starting Web-server for ozoneManager at: http://0.0.0.0:36315
2022-11-09 16:19:05,993 [Listener at 127.0.0.1/41185] INFO  http.BaseHttpServer (BaseHttpServer.java:<init>(108)) - Hadoop Security Enabled: false Ozone Security Enabled: false Ozone HTTP Security Enabled: false 
2022-11-09 16:19:05,995 [Listener at 127.0.0.1/41185] WARN  server.AuthenticationFilter (AuthenticationFilter.java:constructSecretProvider(240)) - Unable to initialize FileSignerSecretProvider, falling back to use random secrets. Reason: Could not read signature secret file: /home/runner/hadoop-http-auth-signature-secret
2022-11-09 16:19:05,997 [Listener at 127.0.0.1/41185] WARN  http.HttpRequestLog (HttpRequestLog.java:getRequestLog(103)) - Jetty request log can only be enabled using Log4j
2022-11-09 16:19:05,999 [Listener at 127.0.0.1/41185] INFO  http.HttpServer2 (HttpServer2.java:addGlobalFilter(1031)) - Added global filter 'safety' (class=org.apache.hadoop.hdds.server.http.HttpServer2$QuotingInputFilter)
2022-11-09 16:19:06,000 [Listener at 127.0.0.1/41185] INFO  http.HttpServer2 (HttpServer2.java:addFilter(1007)) - Added filter static_user_filter (class=org.apache.hadoop.http.lib.StaticUserWebFilter$StaticUserFilter) to context ozoneManager
2022-11-09 16:19:06,002 [Listener at 127.0.0.1/41185] INFO  http.HttpServer2 (HttpServer2.java:addFilter(1015)) - Added filter static_user_filter (class=org.apache.hadoop.http.lib.StaticUserWebFilter$StaticUserFilter) to context static
2022-11-09 16:19:06,003 [Listener at 127.0.0.1/41185] INFO  http.HttpServer2 (HttpServer2.java:addFilter(1015)) - Added filter static_user_filter (class=org.apache.hadoop.http.lib.StaticUserWebFilter$StaticUserFilter) to context logs
2022-11-09 16:19:06,005 [Listener at 127.0.0.1/41185] INFO  http.HttpServer2 (HttpServer2.java:bindListener(1250)) - Jetty bound to port 36315
2022-11-09 16:19:06,006 [Listener at 127.0.0.1/41185] INFO  server.Server (Server.java:doStart(375)) - jetty-9.4.49.v20220914; built: 2022-09-14T01:07:36.601Z; git: 4231a3b2e4cb8548a412a789936d640a97b1aa0a; jvm 1.8.0_345-b01
2022-11-09 16:19:06,014 [Listener at 127.0.0.1/41185] INFO  server.session (DefaultSessionIdManager.java:doStart(334)) - DefaultSessionIdManager workerName=node0
2022-11-09 16:19:06,014 [Listener at 127.0.0.1/41185] INFO  server.session (DefaultSessionIdManager.java:doStart(339)) - No SessionScavenger set, using defaults
2022-11-09 16:19:06,015 [Listener at 127.0.0.1/41185] INFO  server.session (HouseKeeper.java:startScavenging(132)) - node0 Scavenging every 600000ms
2022-11-09 16:19:06,015 [Listener at 127.0.0.1/41185] INFO  handler.ContextHandler (ContextHandler.java:doStart(921)) - Started o.e.j.s.ServletContextHandler@652865c4{logs,/logs,file:///home/runner/work/ozone/ozone/hadoop-ozone/integration-test/target/log,AVAILABLE}
2022-11-09 16:19:06,016 [Listener at 127.0.0.1/41185] INFO  handler.ContextHandler (ContextHandler.java:doStart(921)) - Started o.e.j.s.ServletContextHandler@234fa8dd{static,/static,file:///home/runner/work/ozone/ozone/hadoop-ozone/integration-test/target/test-classes/webapps/static,AVAILABLE}
2022-11-09 16:19:06,021 [Listener at 127.0.0.1/41185] INFO  handler.ContextHandler (ContextHandler.java:doStart(921)) - Started o.e.j.w.WebAppContext@efcef97{ozoneManager,/,file:///home/runner/work/ozone/ozone/hadoop-ozone/integration-test/target/test-classes/webapps/ozoneManager/,AVAILABLE}{file:/home/runner/work/ozone/ozone/hadoop-ozone/integration-test/target/test-classes/webapps/ozoneManager}
2022-11-09 16:19:06,023 [Listener at 127.0.0.1/41185] INFO  server.AbstractConnector (AbstractConnector.java:doStart(333)) - Started ServerConnector@5f828226{HTTP/1.1, (http/1.1)}{0.0.0.0:36315}
2022-11-09 16:19:06,024 [Listener at 127.0.0.1/41185] INFO  server.Server (Server.java:doStart(415)) - Started @25040ms
2022-11-09 16:19:06,024 [Listener at 127.0.0.1/41185] WARN  impl.MetricsSystemImpl (MetricsSystemImpl.java:register(279)) - Sink prometheus already exists!
2022-11-09 16:19:06,024 [Listener at 127.0.0.1/41185] INFO  http.BaseHttpServer (BaseHttpServer.java:updateConnectorAddress(333)) - HTTP server of ozoneManager listening at http://0.0.0.0:36315
2022-11-09 16:19:06,025 [IPC Server Responder] INFO  ipc.Server (Server.java:run(1512)) - IPC Server Responder: starting
2022-11-09 16:19:06,026 [IPC Server listener on 41185] INFO  ipc.Server (Server.java:run(1352)) - IPC Server listener on 41185: starting
2022-11-09 16:19:06,038 [Listener at 127.0.0.1/41185] INFO  om.OzoneManager (OzoneManager.java:startTrashEmptier(1921)) - Trash Interval set to 0. Files deleted won't move to trash
2022-11-09 16:19:06,041 [Listener at 127.0.0.1/41185] INFO  ozone.MiniOzoneHAClusterImpl (MiniOzoneHAClusterImpl.java:createOMService(527)) - Started OzoneManager omNode-2 RPC server at localhost/127.0.0.1:41185
2022-11-09 16:19:06,042 [Listener at 127.0.0.1/41185] INFO  ha.OMHANodeDetails (OMHANodeDetails.java:loadOMHAConfig(121)) - ServiceID for OzoneManager is omServiceId1
2022-11-09 16:19:06,042 [Listener at 127.0.0.1/41185] INFO  ha.OMHANodeDetails (OMHANodeDetails.java:loadOMHAConfig(201)) - Found matching OM address with OMServiceId: omServiceId1, OMNodeId: omNode-3, RPC Address: localhost:42701 and Ratis port: 45745
2022-11-09 16:19:06,043 [Listener at 127.0.0.1/41185] INFO  ha.OMHANodeDetails (ConfUtils.java:setNodeSpecificConfigs(97)) - Setting configuration key ozone.om.http-address with value of key ozone.om.http-address.omServiceId1.omNode-3: 127.0.0.1:44801
2022-11-09 16:19:06,043 [Listener at 127.0.0.1/41185] INFO  ha.OMHANodeDetails (ConfUtils.java:setNodeSpecificConfigs(97)) - Setting configuration key ozone.om.https-address with value of key ozone.om.https-address.omServiceId1.omNode-3: 127.0.0.1:41947
2022-11-09 16:19:06,043 [Listener at 127.0.0.1/41185] INFO  ha.OMHANodeDetails (ConfUtils.java:setNodeSpecificConfigs(97)) - Setting configuration key ozone.om.address with value of key ozone.om.address.omServiceId1.omNode-3: 127.0.0.1:42701
2022-11-09 16:19:06,043 [Listener at 127.0.0.1/41185] WARN  server.ServerUtils (ServerUtils.java:getDBPath(225)) - ozone.om.db.dirs is not configured. We recommend adding this setting. Falling back to ozone.metadata.dirs instead.
2022-11-09 16:19:06,045 [Listener at 127.0.0.1/41185] INFO  ha.SCMNodeInfo (SCMNodeInfo.java:getPort(197)) - ConfigKey ozone.scm.client.address is deprecated, For configuring different ports for each SCM use PortConfigKey ozone.scm.client.port appended with serviceId and nodeId
2022-11-09 16:19:06,045 [Listener at 127.0.0.1/41185] INFO  ha.SCMNodeInfo (SCMNodeInfo.java:getPort(197)) - ConfigKey ozone.scm.block.client.address is deprecated, For configuring different ports for each SCM use PortConfigKey ozone.scm.block.client.port appended with serviceId and nodeId
2022-11-09 16:19:06,045 [Listener at 127.0.0.1/41185] INFO  ha.SCMNodeInfo (SCMNodeInfo.java:getPort(197)) - ConfigKey ozone.scm.datanode.address is deprecated, For configuring different ports for each SCM use PortConfigKey ozone.scm.datanode.port appended with serviceId and nodeId
2022-11-09 16:19:06,045 [Listener at 127.0.0.1/41185] INFO  ha.SCMNodeInfo (SCMNodeInfo.java:getPort(197)) - ConfigKey ozone.scm.client.address is deprecated, For configuring different ports for each SCM use PortConfigKey ozone.scm.client.port appended with serviceId and nodeId
2022-11-09 16:19:06,045 [Listener at 127.0.0.1/41185] INFO  ha.SCMNodeInfo (SCMNodeInfo.java:getPort(197)) - ConfigKey ozone.scm.block.client.address is deprecated, For configuring different ports for each SCM use PortConfigKey ozone.scm.block.client.port appended with serviceId and nodeId
2022-11-09 16:19:06,045 [Listener at 127.0.0.1/41185] INFO  ha.SCMNodeInfo (SCMNodeInfo.java:getPort(197)) - ConfigKey ozone.scm.datanode.address is deprecated, For configuring different ports for each SCM use PortConfigKey ozone.scm.datanode.port appended with serviceId and nodeId
2022-11-09 16:19:06,045 [Listener at 127.0.0.1/41185] INFO  ha.SCMNodeInfo (SCMNodeInfo.java:getPort(197)) - ConfigKey ozone.scm.client.address is deprecated, For configuring different ports for each SCM use PortConfigKey ozone.scm.client.port appended with serviceId and nodeId
2022-11-09 16:19:06,045 [Listener at 127.0.0.1/41185] INFO  ha.SCMNodeInfo (SCMNodeInfo.java:getPort(197)) - ConfigKey ozone.scm.block.client.address is deprecated, For configuring different ports for each SCM use PortConfigKey ozone.scm.block.client.port appended with serviceId and nodeId
2022-11-09 16:19:06,045 [Listener at 127.0.0.1/41185] INFO  ha.SCMNodeInfo (SCMNodeInfo.java:getPort(197)) - ConfigKey ozone.scm.datanode.address is deprecated, For configuring different ports for each SCM use PortConfigKey ozone.scm.datanode.port appended with serviceId and nodeId
2022-11-09 16:19:06,046 [Listener at 127.0.0.1/41185] INFO  proxy.SCMBlockLocationFailoverProxyProvider (SCMBlockLocationFailoverProxyProvider.java:<init>(114)) - Created block location fail-over proxy with 3 nodes: [nodeId=scmNode-2,nodeAddress=/127.0.0.1:44141, nodeId=scmNode-3,nodeAddress=/127.0.0.1:41133, nodeId=scmNode-1,nodeAddress=/127.0.0.1:46207]
2022-11-09 16:19:06,047 [org.apache.hadoop.util.JvmPauseMonitor$Monitor@2a63369f] INFO  util.JvmPauseMonitor (JvmPauseMonitor.java:run(188)) - Starting JVM pause monitor
OM initialization succeeded.Current cluster id for sd=/home/runner/work/ozone/ozone/hadoop-ozone/integration-test/target/test-dir/MiniOzoneClusterImpl-5b74f3a4-74d7-4700-a005-fabb0032522b/omNode-3/om;cid=5b74f3a4-74d7-4700-a005-fabb0032522b;layoutVersion=3
2022-11-09 16:19:06,058 [Listener at 127.0.0.1/41185] INFO  ha.OMHANodeDetails (OMHANodeDetails.java:loadOMHAConfig(121)) - ServiceID for OzoneManager is omServiceId1
2022-11-09 16:19:06,059 [Listener at 127.0.0.1/41185] INFO  ha.OMHANodeDetails (OMHANodeDetails.java:loadOMHAConfig(201)) - Found matching OM address with OMServiceId: omServiceId1, OMNodeId: omNode-3, RPC Address: localhost:42701 and Ratis port: 45745
2022-11-09 16:19:06,059 [Listener at 127.0.0.1/41185] INFO  ha.OMHANodeDetails (ConfUtils.java:setNodeSpecificConfigs(97)) - Setting configuration key ozone.om.http-address with value of key ozone.om.http-address.omServiceId1.omNode-3: 127.0.0.1:44801
2022-11-09 16:19:06,059 [Listener at 127.0.0.1/41185] INFO  ha.OMHANodeDetails (ConfUtils.java:setNodeSpecificConfigs(97)) - Setting configuration key ozone.om.https-address with value of key ozone.om.https-address.omServiceId1.omNode-3: 127.0.0.1:41947
2022-11-09 16:19:06,059 [Listener at 127.0.0.1/41185] INFO  ha.OMHANodeDetails (ConfUtils.java:setNodeSpecificConfigs(97)) - Setting configuration key ozone.om.address with value of key ozone.om.address.omServiceId1.omNode-3: 127.0.0.1:42701
2022-11-09 16:19:06,059 [Listener at 127.0.0.1/41185] WARN  server.ServerUtils (ServerUtils.java:getDBPath(225)) - ozone.om.db.dirs is not configured. We recommend adding this setting. Falling back to ozone.metadata.dirs instead.
2022-11-09 16:19:06,060 [Listener at 127.0.0.1/41185] INFO  upgrade.AbstractLayoutVersionManager (AbstractLayoutVersionManager.java:init(83)) - Initializing Layout version manager with metadata layout = MULTITENANCY_SCHEMA (version = 3), software layout = MULTITENANCY_SCHEMA (version = 3)
2022-11-09 16:19:06,139 [Listener at 127.0.0.1/41185] INFO  reflections.Reflections (Reflections.java:scan(232)) - Reflections took 78 ms to scan 2 urls, producing 154 keys and 428 values [using 2 cores]
2022-11-09 16:19:06,139 [Listener at 127.0.0.1/41185] INFO  upgrade.OMLayoutVersionManager (OMLayoutVersionManager.java:lambda$0(115)) - Skipping Upgrade Action MockOmUpgradeAction since it has been finalized.
2022-11-09 16:19:06,139 [Listener at 127.0.0.1/41185] WARN  server.ServerUtils (ServerUtils.java:getDBPath(225)) - ozone.om.db.dirs is not configured. We recommend adding this setting. Falling back to ozone.metadata.dirs instead.
2022-11-09 16:19:06,140 [Listener at 127.0.0.1/41185] INFO  ha.SCMNodeInfo (SCMNodeInfo.java:getPort(197)) - ConfigKey ozone.scm.client.address is deprecated, For configuring different ports for each SCM use PortConfigKey ozone.scm.client.port appended with serviceId and nodeId
2022-11-09 16:19:06,140 [Listener at 127.0.0.1/41185] INFO  ha.SCMNodeInfo (SCMNodeInfo.java:getPort(197)) - ConfigKey ozone.scm.block.client.address is deprecated, For configuring different ports for each SCM use PortConfigKey ozone.scm.block.client.port appended with serviceId and nodeId
2022-11-09 16:19:06,140 [Listener at 127.0.0.1/41185] INFO  ha.SCMNodeInfo (SCMNodeInfo.java:getPort(197)) - ConfigKey ozone.scm.datanode.address is deprecated, For configuring different ports for each SCM use PortConfigKey ozone.scm.datanode.port appended with serviceId and nodeId
2022-11-09 16:19:06,140 [Listener at 127.0.0.1/41185] INFO  ha.SCMNodeInfo (SCMNodeInfo.java:getPort(197)) - ConfigKey ozone.scm.client.address is deprecated, For configuring different ports for each SCM use PortConfigKey ozone.scm.client.port appended with serviceId and nodeId
2022-11-09 16:19:06,140 [Listener at 127.0.0.1/41185] INFO  ha.SCMNodeInfo (SCMNodeInfo.java:getPort(197)) - ConfigKey ozone.scm.block.client.address is deprecated, For configuring different ports for each SCM use PortConfigKey ozone.scm.block.client.port appended with serviceId and nodeId
2022-11-09 16:19:06,140 [Listener at 127.0.0.1/41185] INFO  ha.SCMNodeInfo (SCMNodeInfo.java:getPort(197)) - ConfigKey ozone.scm.datanode.address is deprecated, For configuring different ports for each SCM use PortConfigKey ozone.scm.datanode.port appended with serviceId and nodeId
2022-11-09 16:19:06,140 [Listener at 127.0.0.1/41185] INFO  ha.SCMNodeInfo (SCMNodeInfo.java:getPort(197)) - ConfigKey ozone.scm.client.address is deprecated, For configuring different ports for each SCM use PortConfigKey ozone.scm.client.port appended with serviceId and nodeId
2022-11-09 16:19:06,140 [Listener at 127.0.0.1/41185] INFO  ha.SCMNodeInfo (SCMNodeInfo.java:getPort(197)) - ConfigKey ozone.scm.block.client.address is deprecated, For configuring different ports for each SCM use PortConfigKey ozone.scm.block.client.port appended with serviceId and nodeId
2022-11-09 16:19:06,140 [Listener at 127.0.0.1/41185] INFO  ha.SCMNodeInfo (SCMNodeInfo.java:getPort(197)) - ConfigKey ozone.scm.datanode.address is deprecated, For configuring different ports for each SCM use PortConfigKey ozone.scm.datanode.port appended with serviceId and nodeId
2022-11-09 16:19:06,141 [Listener at 127.0.0.1/41185] INFO  ha.SCMNodeInfo (SCMNodeInfo.java:getPort(197)) - ConfigKey ozone.scm.client.address is deprecated, For configuring different ports for each SCM use PortConfigKey ozone.scm.client.port appended with serviceId and nodeId
2022-11-09 16:19:06,141 [Listener at 127.0.0.1/41185] INFO  ha.SCMNodeInfo (SCMNodeInfo.java:getPort(197)) - ConfigKey ozone.scm.block.client.address is deprecated, For configuring different ports for each SCM use PortConfigKey ozone.scm.block.client.port appended with serviceId and nodeId
2022-11-09 16:19:06,141 [Listener at 127.0.0.1/41185] INFO  ha.SCMNodeInfo (SCMNodeInfo.java:getPort(197)) - ConfigKey ozone.scm.datanode.address is deprecated, For configuring different ports for each SCM use PortConfigKey ozone.scm.datanode.port appended with serviceId and nodeId
2022-11-09 16:19:06,141 [Listener at 127.0.0.1/41185] INFO  ha.SCMNodeInfo (SCMNodeInfo.java:getPort(197)) - ConfigKey ozone.scm.client.address is deprecated, For configuring different ports for each SCM use PortConfigKey ozone.scm.client.port appended with serviceId and nodeId
2022-11-09 16:19:06,141 [Listener at 127.0.0.1/41185] INFO  ha.SCMNodeInfo (SCMNodeInfo.java:getPort(197)) - ConfigKey ozone.scm.block.client.address is deprecated, For configuring different ports for each SCM use PortConfigKey ozone.scm.block.client.port appended with serviceId and nodeId
2022-11-09 16:19:06,141 [Listener at 127.0.0.1/41185] INFO  ha.SCMNodeInfo (SCMNodeInfo.java:getPort(197)) - ConfigKey ozone.scm.datanode.address is deprecated, For configuring different ports for each SCM use PortConfigKey ozone.scm.datanode.port appended with serviceId and nodeId
2022-11-09 16:19:06,141 [Listener at 127.0.0.1/41185] INFO  ha.SCMNodeInfo (SCMNodeInfo.java:getPort(197)) - ConfigKey ozone.scm.client.address is deprecated, For configuring different ports for each SCM use PortConfigKey ozone.scm.client.port appended with serviceId and nodeId
2022-11-09 16:19:06,141 [Listener at 127.0.0.1/41185] INFO  ha.SCMNodeInfo (SCMNodeInfo.java:getPort(197)) - ConfigKey ozone.scm.block.client.address is deprecated, For configuring different ports for each SCM use PortConfigKey ozone.scm.block.client.port appended with serviceId and nodeId
2022-11-09 16:19:06,141 [Listener at 127.0.0.1/41185] INFO  ha.SCMNodeInfo (SCMNodeInfo.java:getPort(197)) - ConfigKey ozone.scm.datanode.address is deprecated, For configuring different ports for each SCM use PortConfigKey ozone.scm.datanode.port appended with serviceId and nodeId
2022-11-09 16:19:06,141 [Listener at 127.0.0.1/41185] INFO  proxy.SCMBlockLocationFailoverProxyProvider (SCMBlockLocationFailoverProxyProvider.java:<init>(114)) - Created block location fail-over proxy with 3 nodes: [nodeId=scmNode-2,nodeAddress=/127.0.0.1:44141, nodeId=scmNode-3,nodeAddress=/127.0.0.1:41133, nodeId=scmNode-1,nodeAddress=/127.0.0.1:46207]
2022-11-09 16:19:06,143 [Listener at 127.0.0.1/41185] INFO  ha.SCMNodeInfo (SCMNodeInfo.java:getPort(197)) - ConfigKey ozone.scm.client.address is deprecated, For configuring different ports for each SCM use PortConfigKey ozone.scm.client.port appended with serviceId and nodeId
2022-11-09 16:19:06,143 [Listener at 127.0.0.1/41185] INFO  ha.SCMNodeInfo (SCMNodeInfo.java:getPort(197)) - ConfigKey ozone.scm.block.client.address is deprecated, For configuring different ports for each SCM use PortConfigKey ozone.scm.block.client.port appended with serviceId and nodeId
2022-11-09 16:19:06,143 [Listener at 127.0.0.1/41185] INFO  ha.SCMNodeInfo (SCMNodeInfo.java:getPort(197)) - ConfigKey ozone.scm.datanode.address is deprecated, For configuring different ports for each SCM use PortConfigKey ozone.scm.datanode.port appended with serviceId and nodeId
2022-11-09 16:19:06,143 [Listener at 127.0.0.1/41185] INFO  ha.SCMNodeInfo (SCMNodeInfo.java:getPort(197)) - ConfigKey ozone.scm.client.address is deprecated, For configuring different ports for each SCM use PortConfigKey ozone.scm.client.port appended with serviceId and nodeId
2022-11-09 16:19:06,143 [Listener at 127.0.0.1/41185] INFO  ha.SCMNodeInfo (SCMNodeInfo.java:getPort(197)) - ConfigKey ozone.scm.block.client.address is deprecated, For configuring different ports for each SCM use PortConfigKey ozone.scm.block.client.port appended with serviceId and nodeId
2022-11-09 16:19:06,143 [Listener at 127.0.0.1/41185] INFO  ha.SCMNodeInfo (SCMNodeInfo.java:getPort(197)) - ConfigKey ozone.scm.datanode.address is deprecated, For configuring different ports for each SCM use PortConfigKey ozone.scm.datanode.port appended with serviceId and nodeId
2022-11-09 16:19:06,143 [Listener at 127.0.0.1/41185] INFO  ha.SCMNodeInfo (SCMNodeInfo.java:getPort(197)) - ConfigKey ozone.scm.client.address is deprecated, For configuring different ports for each SCM use PortConfigKey ozone.scm.client.port appended with serviceId and nodeId
2022-11-09 16:19:06,143 [Listener at 127.0.0.1/41185] INFO  ha.SCMNodeInfo (SCMNodeInfo.java:getPort(197)) - ConfigKey ozone.scm.block.client.address is deprecated, For configuring different ports for each SCM use PortConfigKey ozone.scm.block.client.port appended with serviceId and nodeId
2022-11-09 16:19:06,143 [Listener at 127.0.0.1/41185] INFO  ha.SCMNodeInfo (SCMNodeInfo.java:getPort(197)) - ConfigKey ozone.scm.datanode.address is deprecated, For configuring different ports for each SCM use PortConfigKey ozone.scm.datanode.port appended with serviceId and nodeId
2022-11-09 16:19:06,144 [Listener at 127.0.0.1/41185] INFO  proxy.SCMBlockLocationFailoverProxyProvider (SCMBlockLocationFailoverProxyProvider.java:<init>(114)) - Created block location fail-over proxy with 3 nodes: [nodeId=scmNode-2,nodeAddress=/127.0.0.1:44141, nodeId=scmNode-3,nodeAddress=/127.0.0.1:41133, nodeId=scmNode-1,nodeAddress=/127.0.0.1:46207]
2022-11-09 16:19:06,154 [Listener at 127.0.0.1/41185] WARN  server.ServerUtils (ServerUtils.java:getDBPath(225)) - ozone.om.db.dirs is not configured. We recommend adding this setting. Falling back to ozone.metadata.dirs instead.
2022-11-09 16:19:06,154 [Listener at 127.0.0.1/41185] INFO  codec.OmKeyInfoCodec (OmKeyInfoCodec.java:<init>(49)) - OmKeyInfoCodec ignorePipeline = true
2022-11-09 16:19:06,154 [Listener at 127.0.0.1/41185] INFO  codec.RepeatedOmKeyInfoCodec (RepeatedOmKeyInfoCodec.java:<init>(41)) - RepeatedOmKeyInfoCodec ignorePipeline = true
2022-11-09 16:19:06,312 [Listener at 127.0.0.1/41185] INFO  om.OzoneManager (OzoneManager.java:instantiateServices(715)) - S3 Multi-Tenancy is disabled
2022-11-09 16:19:06,313 [Listener at 127.0.0.1/41185] INFO  om.OzoneManager (OzoneManager.java:addS3GVolumeToDB(4394)) - Created Volume s3v With Owner runner required for S3Gateway operations.
2022-11-09 16:19:06,313 [Listener at 127.0.0.1/41185] WARN  server.ServerUtils (ServerUtils.java:getDefaultRatisDirectory(237)) - Storage directory for Ratis is not configured. It is a good idea to map this to an SSD disk. Falling back to ozone.metadata.dirs
2022-11-09 16:19:06,313 [Listener at 127.0.0.1/41185] WARN  utils.OzoneManagerRatisUtils (OzoneManagerRatisUtils.java:getOMRatisSnapshotDirectory(434)) - ozone.om.ratis.snapshot.dir is not configured. Falling back to ozone.metadata.dirs config
2022-11-09 16:19:06,314 [Listener at 127.0.0.1/41185] INFO  snapshot.OzoneManagerSnapshotProvider (OzoneManagerSnapshotProvider.java:<init>(76)) - Initializing OM Snapshot Provider
2022-11-09 16:19:06,315 [Listener at 127.0.0.1/41185] WARN  impl.MetricRegistriesImpl (MetricRegistriesImpl.java:addReporterRegistration(111)) - New reporters are added after registries were created. Some metrics will be missing from the reporter. Please add reporter before adding any new registry.
2022-11-09 16:19:06,315 [Listener at 127.0.0.1/41185] WARN  impl.MetricRegistriesImpl (MetricRegistriesImpl.java:addReporterRegistration(111)) - New reporters are added after registries were created. Some metrics will be missing from the reporter. Please add reporter before adding any new registry.
2022-11-09 16:19:06,315 [Listener at 127.0.0.1/41185] WARN  server.ServerUtils (ServerUtils.java:getDefaultRatisDirectory(237)) - Storage directory for Ratis is not configured. It is a good idea to map this to an SSD disk. Falling back to ozone.metadata.dirs
2022-11-09 16:19:06,316 [Listener at 127.0.0.1/41185] INFO  ratis.OzoneManagerRatisServer (OzoneManagerRatisServer.java:<init>(160)) - Instantiating OM Ratis server with groupID: omServiceId1 and peers: localhost:45745, localhost:35747, localhost:40777
2022-11-09 16:19:06,317 [Listener at 127.0.0.1/41185] INFO  ratis.OzoneManagerStateMachine (OzoneManagerStateMachine.java:loadSnapshotInfoFromDB(636)) - LastAppliedIndex is set from TransactionInfo from OM DB as (t:0, i:~)
2022-11-09 16:19:06,319 [Listener at 127.0.0.1/41185] INFO  server.RaftServer (ConfUtils.java:logGet(46)) - raft.rpc.type = GRPC (default)
2022-11-09 16:19:06,319 [Listener at 127.0.0.1/41185] INFO  grpc.GrpcConfigKeys (ConfUtils.java:logFallback(53)) - raft.grpc.admin.host = null (fallback to raft.grpc.server.host)
2022-11-09 16:19:06,320 [Listener at 127.0.0.1/41185] INFO  grpc.GrpcConfigKeys (ConfUtils.java:logFallback(53)) - raft.grpc.admin.port = 45745 (fallback to raft.grpc.server.port)
2022-11-09 16:19:06,320 [Listener at 127.0.0.1/41185] INFO  grpc.GrpcConfigKeys (ConfUtils.java:logFallback(53)) - raft.grpc.client.host = null (fallback to raft.grpc.server.host)
2022-11-09 16:19:06,320 [Listener at 127.0.0.1/41185] INFO  grpc.GrpcConfigKeys (ConfUtils.java:logFallback(53)) - raft.grpc.client.port = 45745 (fallback to raft.grpc.server.port)
2022-11-09 16:19:06,320 [Listener at 127.0.0.1/41185] INFO  grpc.GrpcConfigKeys (ConfUtils.java:logGet(46)) - raft.grpc.server.host = null (default)
2022-11-09 16:19:06,320 [Listener at 127.0.0.1/41185] INFO  grpc.GrpcConfigKeys (ConfUtils.java:logGet(46)) - raft.grpc.server.port = 45745 (custom)
2022-11-09 16:19:06,320 [Listener at 127.0.0.1/41185] INFO  server.GrpcService (ConfUtils.java:logGet(46)) - raft.grpc.message.size.max = 33554432 (custom)
2022-11-09 16:19:06,320 [Listener at 127.0.0.1/41185] INFO  server.RaftServerConfigKeys (ConfUtils.java:logGet(46)) - raft.server.log.appender.buffer.byte-limit = 33554432 (custom)
2022-11-09 16:19:06,320 [Listener at 127.0.0.1/41185] INFO  server.GrpcService (ConfUtils.java:logGet(46)) - raft.grpc.flow.control.window = 1MB (=1048576) (default)
2022-11-09 16:19:06,320 [Listener at 127.0.0.1/41185] INFO  server.RaftServerConfigKeys (ConfUtils.java:logGet(46)) - raft.server.rpc.request.timeout = 3000ms (default)
2022-11-09 16:19:06,320 [Listener at 127.0.0.1/41185] INFO  grpc.GrpcConfigKeys (ConfUtils.java:logGet(46)) - raft.grpc.server.heartbeat.channel = true (default)
2022-11-09 16:19:06,320 [Listener at 127.0.0.1/41185] INFO  grpc.GrpcConfigKeys (ConfUtils.java:logGet(46)) - raft.grpc.server.async.request.thread.pool.cached = true (default)
2022-11-09 16:19:06,320 [Listener at 127.0.0.1/41185] INFO  grpc.GrpcConfigKeys (ConfUtils.java:logGet(46)) - raft.grpc.server.async.request.thread.pool.size = 32 (default)
2022-11-09 16:19:06,322 [Listener at 127.0.0.1/41185] INFO  impl.DataStreamServerImpl (ConfUtils.java:logGet(46)) - raft.datastream.type = DISABLED (default)
2022-11-09 16:19:06,322 [Listener at 127.0.0.1/41185] INFO  server.RaftServerConfigKeys (ConfUtils.java:logGet(46)) - raft.server.threadpool.proxy.cached = true (default)
2022-11-09 16:19:06,322 [Listener at 127.0.0.1/41185] INFO  server.RaftServerConfigKeys (ConfUtils.java:logGet(46)) - raft.server.threadpool.proxy.size = 0 (default)
2022-11-09 16:19:06,322 [Listener at 127.0.0.1/41185] INFO  server.RaftServerConfigKeys (ConfUtils.java:logGet(46)) - raft.server.rpc.slowness.timeout = 2s (custom)
2022-11-09 16:19:06,324 [Listener at 127.0.0.1/41185] INFO  server.RaftServerConfigKeys (ConfUtils.java:logGet(46)) - raft.server.leaderelection.leader.step-down.wait-time = 10s (default)
2022-11-09 16:19:06,324 [Listener at 127.0.0.1/41185] INFO  server.RaftServerConfigKeys (ConfUtils.java:logGet(46)) - raft.server.storage.dir = [/home/runner/work/ozone/ozone/hadoop-ozone/integration-test/target/test-dir/MiniOzoneClusterImpl-5b74f3a4-74d7-4700-a005-fabb0032522b/omNode-3/ratis] (custom)
2022-11-09 16:19:06,325 [Listener at 127.0.0.1/41185] INFO  server.RaftServer (RaftServerProxy.java:addNew(96)) - omNode-3: addNew group-6C22E66A003A:[omNode-3|rpc:localhost:45745|priority:0|startupRole:FOLLOWER, omNode-1|rpc:localhost:35747|priority:0|startupRole:FOLLOWER, omNode-2|rpc:localhost:40777|priority:0|startupRole:FOLLOWER] returns group-6C22E66A003A:java.util.concurrent.CompletableFuture@6a346cd1[Not completed]
2022-11-09 16:19:06,325 [pool-175-thread-1] INFO  server.RaftServer$Division (RaftServerImpl.java:<init>(195)) - omNode-3: new RaftServerImpl for group-6C22E66A003A:[omNode-3|rpc:localhost:45745|priority:0|startupRole:FOLLOWER, omNode-1|rpc:localhost:35747|priority:0|startupRole:FOLLOWER, omNode-2|rpc:localhost:40777|priority:0|startupRole:FOLLOWER] with OzoneManagerStateMachine:uninitialized
2022-11-09 16:19:06,325 [pool-175-thread-1] INFO  server.RaftServerConfigKeys (ConfUtils.java:logGet(46)) - raft.server.rpc.timeout.min = 1s (custom)
2022-11-09 16:19:06,325 [pool-175-thread-1] INFO  server.RaftServerConfigKeys (ConfUtils.java:logGet(46)) - raft.server.rpc.timeout.max = 1200ms (custom)
2022-11-09 16:19:06,325 [pool-175-thread-1] INFO  server.RaftServerConfigKeys (ConfUtils.java:logGet(46)) - raft.server.rpc.sleep.time = 25ms (default)
2022-11-09 16:19:06,325 [pool-175-thread-1] INFO  server.RaftServerConfigKeys (ConfUtils.java:logGet(46)) - raft.server.rpc.slowness.timeout = 2s (custom)
2022-11-09 16:19:06,325 [pool-175-thread-1] INFO  server.RaftServerConfigKeys (ConfUtils.java:logGet(46)) - raft.server.leaderelection.leader.step-down.wait-time = 10s (default)
2022-11-09 16:19:06,325 [pool-175-thread-1] INFO  server.RaftServerConfigKeys (ConfUtils.java:logGet(46)) - raft.server.sleep.deviation.threshold = 300ms (default)
2022-11-09 16:19:06,326 [pool-175-thread-1] INFO  server.RaftServer$Division (ServerState.java:<init>(118)) - omNode-3@group-6C22E66A003A: ConfigurationManager, init=-1: peers:[omNode-3|rpc:localhost:45745|priority:0|startupRole:FOLLOWER, omNode-1|rpc:localhost:35747|priority:0|startupRole:FOLLOWER, omNode-2|rpc:localhost:40777|priority:0|startupRole:FOLLOWER]|listeners:[], old=null, confs=<EMPTY_MAP>
2022-11-09 16:19:06,326 [pool-175-thread-1] INFO  server.RaftServerConfigKeys (ConfUtils.java:logGet(46)) - raft.server.storage.dir = [/home/runner/work/ozone/ozone/hadoop-ozone/integration-test/target/test-dir/MiniOzoneClusterImpl-5b74f3a4-74d7-4700-a005-fabb0032522b/omNode-3/ratis] (custom)
2022-11-09 16:19:06,326 [pool-175-thread-1] INFO  server.RaftServerConfigKeys (ConfUtils.java:logGet(46)) - raft.server.log.corruption.policy = EXCEPTION (default)
2022-11-09 16:19:06,326 [pool-175-thread-1] INFO  server.RaftServerConfigKeys (ConfUtils.java:logGet(46)) - raft.server.storage.free-space.min = 0MB (=0) (default)
2022-11-09 16:19:06,326 [pool-175-thread-1] INFO  server.RaftServerConfigKeys (ConfUtils.java:logGet(46)) - raft.server.notification.no-leader.timeout = 2s (custom)
2022-11-09 16:19:06,326 [pool-175-thread-1] INFO  server.RaftServerConfigKeys (ConfUtils.java:logGet(46)) - raft.server.retrycache.expirytime = 300s (custom)
2022-11-09 16:19:06,326 [pool-175-thread-1] INFO  server.RaftServerConfigKeys (ConfUtils.java:logGet(46)) - raft.server.retrycache.statistics.expirytime = 100μs (default)
2022-11-09 16:19:06,325 [Listener at 127.0.0.1/41185] INFO  om.OzoneManager (OzoneManager.java:initializeRatisServer(1977)) - OzoneManager Ratis server initialized at port 45745
2022-11-09 16:19:06,327 [Listener at 127.0.0.1/41185] INFO  om.OzoneManager (OzoneManager.java:getRpcServer(1104)) - Creating RPC Server
2022-11-09 16:19:06,329 [pool-175-thread-1] INFO  server.RaftServerConfigKeys (ConfUtils.java:logGet(46)) - raft.server.log.appender.install.snapshot.enabled = false (custom)
2022-11-09 16:19:06,329 [pool-175-thread-1] INFO  server.RaftServerConfigKeys (ConfUtils.java:logGet(46)) - raft.server.threadpool.server.cached = true (default)
2022-11-09 16:19:06,329 [pool-175-thread-1] INFO  server.RaftServerConfigKeys (ConfUtils.java:logGet(46)) - raft.server.threadpool.server.size = 0 (default)
2022-11-09 16:19:06,329 [pool-175-thread-1] INFO  server.RaftServerConfigKeys (ConfUtils.java:logGet(46)) - raft.server.threadpool.client.cached = true (default)
2022-11-09 16:19:06,329 [pool-175-thread-1] INFO  server.RaftServerConfigKeys (ConfUtils.java:logGet(46)) - raft.server.threadpool.client.size = 0 (default)
2022-11-09 16:19:06,857 [Listener at 127.0.0.1/41185] INFO  reflections.Reflections (Reflections.java:scan(232)) - Reflections took 528 ms to scan 19 urls, producing 67 keys and 4327 values [using 2 cores]
2022-11-09 16:19:06,858 [Listener at 127.0.0.1/41185] INFO  ipc.CallQueueManager (CallQueueManager.java:<init>(90)) - Using callQueue: class java.util.concurrent.LinkedBlockingQueue, queueCapacity: 2000, scheduler: class org.apache.hadoop.ipc.DefaultRpcScheduler, ipcBackoff: false.
2022-11-09 16:19:06,859 [Socket Reader #1 for port 42701] INFO  ipc.Server (Server.java:run(1273)) - Starting Socket Reader #1 for port 42701
2022-11-09 16:19:06,879 [Listener at 127.0.0.1/42701] INFO  impl.MetricsSystemImpl (MetricsSystemImpl.java:init(158)) - OzoneManager metrics system started (again)
2022-11-09 16:19:06,891 [Listener at 127.0.0.1/42701] INFO  om.OzoneManager (OzoneManager.java:start(1484)) - OzoneManager RPC server is listening at localhost/127.0.0.1:42701
2022-11-09 16:19:06,891 [Listener at 127.0.0.1/42701] INFO  ratis.OzoneManagerRatisServer (OzoneManagerRatisServer.java:start(555)) - Starting OzoneManagerRatisServer omNode-3 at port 45745
2022-11-09 16:19:06,891 [omNode-3-impl-thread1] INFO  storage.RaftStorageDirectory (RaftStorageDirectoryImpl.java:analyzeStorage(137)) - The storage directory /home/runner/work/ozone/ozone/hadoop-ozone/integration-test/target/test-dir/MiniOzoneClusterImpl-5b74f3a4-74d7-4700-a005-fabb0032522b/omNode-3/ratis/9c9825ce-8ba7-3ee6-a7c3-6c22e66a003a does not exist. Creating ...
2022-11-09 16:19:06,893 [omNode-3-impl-thread1] INFO  storage.RaftStorageDirectory (RaftStorageDirectoryImpl.java:tryLock(231)) - Lock on /home/runner/work/ozone/ozone/hadoop-ozone/integration-test/target/test-dir/MiniOzoneClusterImpl-5b74f3a4-74d7-4700-a005-fabb0032522b/omNode-3/ratis/9c9825ce-8ba7-3ee6-a7c3-6c22e66a003a/in_use.lock acquired by nodename 3584@fv-az91-492
2022-11-09 16:19:06,894 [omNode-3-impl-thread1] INFO  storage.RaftStorage (RaftStorageImpl.java:format(96)) - Storage directory /home/runner/work/ozone/ozone/hadoop-ozone/integration-test/target/test-dir/MiniOzoneClusterImpl-5b74f3a4-74d7-4700-a005-fabb0032522b/omNode-3/ratis/9c9825ce-8ba7-3ee6-a7c3-6c22e66a003a has been successfully formatted.
2022-11-09 16:19:06,894 [omNode-3-impl-thread1] INFO  server.RaftServerConfigKeys (ConfUtils.java:logGet(46)) - raft.server.log.use.memory = false (default)
2022-11-09 16:19:06,895 [omNode-3-impl-thread1] INFO  server.RaftServerConfigKeys (ConfUtils.java:logGet(46)) - raft.server.log.purge.gap = 1000000 (custom)
2022-11-09 16:19:06,895 [omNode-3-impl-thread1] INFO  server.RaftServerConfigKeys (ConfUtils.java:logGet(46)) - raft.server.log.appender.buffer.byte-limit = 33554432 (custom)
2022-11-09 16:19:06,895 [omNode-3-impl-thread1] INFO  server.RaftServerConfigKeys (ConfUtils.java:logGet(46)) - raft.server.log.statemachine.data.read.timeout = 1000ms (default)
2022-11-09 16:19:06,895 [omNode-3-impl-thread1] INFO  server.RaftServerConfigKeys (ConfUtils.java:logGet(46)) - raft.server.log.purge.preservation.log.num = 0 (default)
2022-11-09 16:19:06,895 [omNode-3-impl-thread1] INFO  server.RaftServerConfigKeys (ConfUtils.java:logGet(46)) - raft.server.log.segment.size.max = 4194304 (custom)
2022-11-09 16:19:06,896 [omNode-3-impl-thread1] INFO  server.RaftServerConfigKeys (ConfUtils.java:logGet(46)) - raft.server.log.segment.cache.num.max = 2 (custom)
2022-11-09 16:19:06,896 [omNode-3-impl-thread1] INFO  server.RaftServerConfigKeys (ConfUtils.java:logGet(46)) - raft.server.log.segment.cache.size.max = 200MB (=209715200) (default)
2022-11-09 16:19:06,896 [omNode-3-impl-thread1] INFO  segmented.SegmentedRaftLogWorker (SegmentedRaftLogWorker.java:<init>(191)) - new omNode-3@group-6C22E66A003A-SegmentedRaftLogWorker for RaftStorageImpl:Storage Directory /home/runner/work/ozone/ozone/hadoop-ozone/integration-test/target/test-dir/MiniOzoneClusterImpl-5b74f3a4-74d7-4700-a005-fabb0032522b/omNode-3/ratis/9c9825ce-8ba7-3ee6-a7c3-6c22e66a003a
2022-11-09 16:19:06,896 [omNode-3-impl-thread1] INFO  server.RaftServerConfigKeys (ConfUtils.java:logGet(46)) - raft.server.log.queue.byte-limit = 64MB (=67108864) (default)
2022-11-09 16:19:06,896 [omNode-3-impl-thread1] INFO  server.RaftServerConfigKeys (ConfUtils.java:logGet(46)) - raft.server.log.queue.element-limit = 4096 (default)
2022-11-09 16:19:06,896 [omNode-3-impl-thread1] INFO  server.RaftServerConfigKeys (ConfUtils.java:logGet(46)) - raft.server.log.segment.size.max = 4194304 (custom)
2022-11-09 16:19:06,896 [omNode-3-impl-thread1] INFO  server.RaftServerConfigKeys (ConfUtils.java:logGet(46)) - raft.server.log.preallocated.size = 4194304 (custom)
2022-11-09 16:19:06,896 [omNode-3-impl-thread1] INFO  server.RaftServerConfigKeys (ConfUtils.java:logGet(46)) - raft.server.log.force.sync.num = 128 (default)
2022-11-09 16:19:06,896 [omNode-3-impl-thread1] INFO  server.RaftServerConfigKeys (ConfUtils.java:logGet(46)) - raft.server.log.statemachine.data.sync = true (default)
2022-11-09 16:19:06,896 [omNode-3-impl-thread1] INFO  server.RaftServerConfigKeys (ConfUtils.java:logGet(46)) - raft.server.log.statemachine.data.sync.timeout = 10s (default)
2022-11-09 16:19:06,896 [omNode-3-impl-thread1] INFO  server.RaftServerConfigKeys (ConfUtils.java:logGet(46)) - raft.server.log.statemachine.data.sync.timeout.retry = -1 (default)
2022-11-09 16:19:06,900 [omNode-3-impl-thread1] INFO  server.RaftServerConfigKeys (ConfUtils.java:logGet(46)) - raft.server.log.write.buffer.size = 64KB (=65536) (default)
2022-11-09 16:19:06,900 [omNode-3-impl-thread1] INFO  server.RaftServerConfigKeys (ConfUtils.java:logGet(46)) - raft.server.log.unsafe-flush.enabled = false (default)
2022-11-09 16:19:06,900 [omNode-3-impl-thread1] INFO  server.RaftServerConfigKeys (ConfUtils.java:logGet(46)) - raft.server.log.async-flush.enabled = false (default)
2022-11-09 16:19:06,900 [omNode-3-impl-thread1] INFO  server.RaftServerConfigKeys (ConfUtils.java:logGet(46)) - raft.server.log.statemachine.data.caching.enabled = false (default)
2022-11-09 16:19:06,900 [omNode-3-impl-thread1] INFO  segmented.SegmentedRaftLogWorker (SegmentedRaftLogWorker.java:lambda$new$0(136)) - omNode-3@group-6C22E66A003A-SegmentedRaftLogWorker: flushIndex: setUnconditionally 0 -> -1
2022-11-09 16:19:06,900 [omNode-3-impl-thread1] INFO  segmented.SegmentedRaftLogWorker (SegmentedRaftLogWorker.java:lambda$new$0(136)) - omNode-3@group-6C22E66A003A-SegmentedRaftLogWorker: safeCacheEvictIndex: setUnconditionally 0 -> -1
2022-11-09 16:19:06,900 [omNode-3-impl-thread1] INFO  server.RaftServer$Division (RaftServerImpl.java:start(334)) - omNode-3@group-6C22E66A003A: start as a follower, conf=-1: peers:[omNode-3|rpc:localhost:45745|priority:0|startupRole:FOLLOWER, omNode-1|rpc:localhost:35747|priority:0|startupRole:FOLLOWER, omNode-2|rpc:localhost:40777|priority:0|startupRole:FOLLOWER]|listeners:[], old=null
2022-11-09 16:19:06,900 [omNode-3-impl-thread1] INFO  server.RaftServer$Division (RaftServerImpl.java:setRole(321)) - omNode-3@group-6C22E66A003A: changes role from      null to FOLLOWER at term 0 for startAsFollower
2022-11-09 16:19:06,906 [omNode-3-impl-thread1] INFO  impl.RoleInfo (RoleInfo.java:updateAndGet(139)) - omNode-3: start omNode-3@group-6C22E66A003A-FollowerState
2022-11-09 16:19:06,906 [omNode-3-impl-thread1] INFO  util.JmxRegister (JmxRegister.java:tryRegister(44)) - Successfully registered JMX Bean with object name Ratis:service=RaftServer,group=group-6C22E66A003A,id=omNode-3
2022-11-09 16:19:06,906 [omNode-3-impl-thread1] INFO  server.RaftServerConfigKeys (ConfUtils.java:logGet(46)) - raft.server.snapshot.auto.trigger.enabled = true (custom)
2022-11-09 16:19:06,906 [omNode-3-impl-thread1] INFO  server.RaftServerConfigKeys (ConfUtils.java:logGet(46)) - raft.server.snapshot.auto.trigger.threshold = 400000 (default)
2022-11-09 16:19:06,906 [omNode-3-impl-thread1] INFO  server.RaftServerConfigKeys (ConfUtils.java:logGet(46)) - raft.server.snapshot.retention.file.num = -1 (default)
2022-11-09 16:19:06,906 [omNode-3-impl-thread1] INFO  server.RaftServerConfigKeys (ConfUtils.java:logGet(46)) - raft.server.log.purge.upto.snapshot.index = true (custom)
2022-11-09 16:19:06,907 [omNode-3@group-6C22E66A003A-FollowerState] INFO  server.RaftServerConfigKeys (ConfUtils.java:logFallback(53)) - raft.server.rpc.first-election.timeout.min = 1s (fallback to raft.server.rpc.timeout.min)
2022-11-09 16:19:06,907 [omNode-3@group-6C22E66A003A-FollowerState] INFO  server.RaftServerConfigKeys (ConfUtils.java:logFallback(53)) - raft.server.rpc.first-election.timeout.max = 1200ms (fallback to raft.server.rpc.timeout.max)
2022-11-09 16:19:06,909 [Listener at 127.0.0.1/42701] INFO  server.RaftServer (RaftServerProxy.java:startImpl(393)) - omNode-3: start RPC server
2022-11-09 16:19:06,913 [Listener at 127.0.0.1/42701] INFO  server.GrpcService (GrpcService.java:startImpl(270)) - omNode-3: GrpcService started, listening on 45745
2022-11-09 16:19:06,920 [Listener at 127.0.0.1/42701] INFO  om.OzoneManager (OzoneManager.java:start(1500)) - Version File has different layout version (3) than OM DB (null). That is expected if this OM has never been finalized to a newer layout version.
2022-11-09 16:19:06,920 [JvmPauseMonitor6] INFO  util.JvmPauseMonitor (JvmPauseMonitor.java:run(105)) - JvmPauseMonitor-omNode-3: Started
2022-11-09 16:19:06,924 [Listener at 127.0.0.1/42701] INFO  http.BaseHttpServer (BaseHttpServer.java:newHttpServer2BuilderForOzone(213)) - Starting Web-server for ozoneManager at: http://0.0.0.0:44801
2022-11-09 16:19:06,924 [Listener at 127.0.0.1/42701] INFO  http.BaseHttpServer (BaseHttpServer.java:<init>(108)) - Hadoop Security Enabled: false Ozone Security Enabled: false Ozone HTTP Security Enabled: false 
2022-11-09 16:19:06,926 [Listener at 127.0.0.1/42701] WARN  server.AuthenticationFilter (AuthenticationFilter.java:constructSecretProvider(240)) - Unable to initialize FileSignerSecretProvider, falling back to use random secrets. Reason: Could not read signature secret file: /home/runner/hadoop-http-auth-signature-secret
2022-11-09 16:19:06,927 [Listener at 127.0.0.1/42701] WARN  http.HttpRequestLog (HttpRequestLog.java:getRequestLog(103)) - Jetty request log can only be enabled using Log4j
2022-11-09 16:19:06,928 [Listener at 127.0.0.1/42701] INFO  http.HttpServer2 (HttpServer2.java:addGlobalFilter(1031)) - Added global filter 'safety' (class=org.apache.hadoop.hdds.server.http.HttpServer2$QuotingInputFilter)
2022-11-09 16:19:06,929 [Listener at 127.0.0.1/42701] INFO  http.HttpServer2 (HttpServer2.java:addFilter(1007)) - Added filter static_user_filter (class=org.apache.hadoop.http.lib.StaticUserWebFilter$StaticUserFilter) to context ozoneManager
2022-11-09 16:19:06,929 [Listener at 127.0.0.1/42701] INFO  http.HttpServer2 (HttpServer2.java:addFilter(1015)) - Added filter static_user_filter (class=org.apache.hadoop.http.lib.StaticUserWebFilter$StaticUserFilter) to context logs
2022-11-09 16:19:06,929 [Listener at 127.0.0.1/42701] INFO  http.HttpServer2 (HttpServer2.java:addFilter(1015)) - Added filter static_user_filter (class=org.apache.hadoop.http.lib.StaticUserWebFilter$StaticUserFilter) to context static
2022-11-09 16:19:06,930 [Listener at 127.0.0.1/42701] INFO  http.HttpServer2 (HttpServer2.java:bindListener(1250)) - Jetty bound to port 44801
2022-11-09 16:19:06,930 [Listener at 127.0.0.1/42701] INFO  server.Server (Server.java:doStart(375)) - jetty-9.4.49.v20220914; built: 2022-09-14T01:07:36.601Z; git: 4231a3b2e4cb8548a412a789936d640a97b1aa0a; jvm 1.8.0_345-b01
2022-11-09 16:19:06,935 [Listener at 127.0.0.1/42701] INFO  server.session (DefaultSessionIdManager.java:doStart(334)) - DefaultSessionIdManager workerName=node0
2022-11-09 16:19:06,935 [Listener at 127.0.0.1/42701] INFO  server.session (DefaultSessionIdManager.java:doStart(339)) - No SessionScavenger set, using defaults
2022-11-09 16:19:06,935 [Listener at 127.0.0.1/42701] INFO  server.session (HouseKeeper.java:startScavenging(132)) - node0 Scavenging every 600000ms
2022-11-09 16:19:06,936 [Listener at 127.0.0.1/42701] INFO  handler.ContextHandler (ContextHandler.java:doStart(921)) - Started o.e.j.s.ServletContextHandler@6e36bbe7{logs,/logs,file:///home/runner/work/ozone/ozone/hadoop-ozone/integration-test/target/log,AVAILABLE}
2022-11-09 16:19:06,936 [Listener at 127.0.0.1/42701] INFO  handler.ContextHandler (ContextHandler.java:doStart(921)) - Started o.e.j.s.ServletContextHandler@145f843b{static,/static,file:///home/runner/work/ozone/ozone/hadoop-ozone/integration-test/target/test-classes/webapps/static,AVAILABLE}
2022-11-09 16:19:06,939 [Listener at 127.0.0.1/42701] INFO  handler.ContextHandler (ContextHandler.java:doStart(921)) - Started o.e.j.w.WebAppContext@796a32e9{ozoneManager,/,file:///home/runner/work/ozone/ozone/hadoop-ozone/integration-test/target/test-classes/webapps/ozoneManager/,AVAILABLE}{file:/home/runner/work/ozone/ozone/hadoop-ozone/integration-test/target/test-classes/webapps/ozoneManager}
2022-11-09 16:19:06,941 [Listener at 127.0.0.1/42701] INFO  server.AbstractConnector (AbstractConnector.java:doStart(333)) - Started ServerConnector@5f9ac6bf{HTTP/1.1, (http/1.1)}{0.0.0.0:44801}
2022-11-09 16:19:06,942 [Listener at 127.0.0.1/42701] INFO  server.Server (Server.java:doStart(415)) - Started @25958ms
2022-11-09 16:19:06,942 [Listener at 127.0.0.1/42701] WARN  impl.MetricsSystemImpl (MetricsSystemImpl.java:register(279)) - Sink prometheus already exists!
2022-11-09 16:19:06,942 [Listener at 127.0.0.1/42701] INFO  http.BaseHttpServer (BaseHttpServer.java:updateConnectorAddress(333)) - HTTP server of ozoneManager listening at http://0.0.0.0:44801
2022-11-09 16:19:06,943 [IPC Server Responder] INFO  ipc.Server (Server.java:run(1512)) - IPC Server Responder: starting
2022-11-09 16:19:06,943 [IPC Server listener on 42701] INFO  ipc.Server (Server.java:run(1352)) - IPC Server listener on 42701: starting
2022-11-09 16:19:06,946 [Listener at 127.0.0.1/42701] INFO  om.OzoneManager (OzoneManager.java:startTrashEmptier(1921)) - Trash Interval set to 0. Files deleted won't move to trash
2022-11-09 16:19:06,950 [Listener at 127.0.0.1/42701] INFO  ozone.MiniOzoneHAClusterImpl (MiniOzoneHAClusterImpl.java:createOMService(527)) - Started OzoneManager omNode-3 RPC server at localhost/127.0.0.1:42701
2022-11-09 16:19:06,950 [org.apache.hadoop.util.JvmPauseMonitor$Monitor@6a95875b] INFO  util.JvmPauseMonitor (JvmPauseMonitor.java:run(188)) - Starting JVM pause monitor
2022-11-09 16:19:06,992 [omNode-2@group-6C22E66A003A-FollowerState] INFO  impl.FollowerState (FollowerState.java:run(143)) - omNode-2@group-6C22E66A003A-FollowerState: change to CANDIDATE, lastRpcElapsedTime:1018865103ns, electionTimeout:1014ms
2022-11-09 16:19:06,992 [omNode-2@group-6C22E66A003A-FollowerState] INFO  impl.RoleInfo (RoleInfo.java:shutdownFollowerState(110)) - omNode-2: shutdown omNode-2@group-6C22E66A003A-FollowerState
2022-11-09 16:19:06,992 [omNode-2@group-6C22E66A003A-FollowerState] INFO  server.RaftServer$Division (RaftServerImpl.java:setRole(321)) - omNode-2@group-6C22E66A003A: changes role from  FOLLOWER to CANDIDATE at term 0 for changeToCandidate
2022-11-09 16:19:06,992 [omNode-2@group-6C22E66A003A-FollowerState] INFO  server.RaftServerConfigKeys (ConfUtils.java:logGet(46)) - raft.server.leaderelection.pre-vote = false (custom)
2022-11-09 16:19:06,992 [omNode-2@group-6C22E66A003A-FollowerState] INFO  impl.RoleInfo (RoleInfo.java:updateAndGet(139)) - omNode-2: start omNode-2@group-6C22E66A003A-LeaderElection4
2022-11-09 16:19:07,001 [omNode-2@group-6C22E66A003A-LeaderElection4] INFO  impl.LeaderElection (LeaderElection.java:askForVotes(312)) - omNode-2@group-6C22E66A003A-LeaderElection4 ELECTION round 0: submit vote requests at term 1 for -1: peers:[omNode-3|rpc:localhost:45745|priority:0|startupRole:FOLLOWER, omNode-1|rpc:localhost:35747|priority:0|startupRole:FOLLOWER, omNode-2|rpc:localhost:40777|priority:0|startupRole:FOLLOWER]|listeners:[], old=null
2022-11-09 16:19:07,002 [omNode-2@group-6C22E66A003A-LeaderElection4-1] INFO  server.GrpcServerProtocolClient (GrpcServerProtocolClient.java:<init>(63)) - Build channel for omNode-3
2022-11-09 16:19:07,004 [omNode-2@group-6C22E66A003A-LeaderElection4] INFO  server.RaftServerConfigKeys (ConfUtils.java:logFallback(53)) - raft.server.rpc.first-election.timeout.min = 1s (fallback to raft.server.rpc.timeout.min)
2022-11-09 16:19:07,004 [omNode-2@group-6C22E66A003A-LeaderElection4] INFO  server.RaftServerConfigKeys (ConfUtils.java:logFallback(53)) - raft.server.rpc.first-election.timeout.max = 1200ms (fallback to raft.server.rpc.timeout.max)
2022-11-09 16:19:07,011 [omNode-2@group-6C22E66A003A-LeaderElection4-2] INFO  server.GrpcServerProtocolClient (GrpcServerProtocolClient.java:<init>(63)) - Build channel for omNode-1
2022-11-09 16:19:07,018 [grpc-default-executor-2] INFO  server.RaftServer$Division (RaftServerImpl.java:requestVote(1218)) - omNode-3@group-6C22E66A003A: receive requestVote(ELECTION, omNode-2, group-6C22E66A003A, 1, (t:0, i:~))
2022-11-09 16:19:07,022 [grpc-default-executor-2] INFO  impl.VoteContext (VoteContext.java:log(48)) - omNode-3@group-6C22E66A003A-FOLLOWER: accept ELECTION from omNode-2: our priority 0 <= candidate's priority 0
2022-11-09 16:19:07,022 [grpc-default-executor-2] INFO  server.RaftServer$Division (RaftServerImpl.java:setRole(321)) - omNode-3@group-6C22E66A003A: changes role from  FOLLOWER to FOLLOWER at term 1 for candidate:omNode-2
2022-11-09 16:19:07,022 [grpc-default-executor-2] INFO  impl.RoleInfo (RoleInfo.java:shutdownFollowerState(110)) - omNode-3: shutdown omNode-3@group-6C22E66A003A-FollowerState
2022-11-09 16:19:07,022 [omNode-3@group-6C22E66A003A-FollowerState] INFO  impl.FollowerState (FollowerState.java:run(152)) - omNode-3@group-6C22E66A003A-FollowerState was interrupted
2022-11-09 16:19:07,023 [grpc-default-executor-2] INFO  impl.RoleInfo (RoleInfo.java:updateAndGet(139)) - omNode-3: start omNode-3@group-6C22E66A003A-FollowerState
2022-11-09 16:19:07,029 [omNode-3@group-6C22E66A003A-FollowerState] INFO  server.RaftServerConfigKeys (ConfUtils.java:logFallback(53)) - raft.server.rpc.first-election.timeout.min = 1s (fallback to raft.server.rpc.timeout.min)
2022-11-09 16:19:07,033 [grpc-default-executor-2] INFO  server.RaftServer$Division (RaftServerImpl.java:requestVote(1251)) - omNode-3@group-6C22E66A003A replies to ELECTION vote request: omNode-2<-omNode-3#0:OK-t1. Peer's state: omNode-3@group-6C22E66A003A:t1, leader=null, voted=omNode-2, raftlog=Memoized:omNode-3@group-6C22E66A003A-SegmentedRaftLog:OPENED:c-1, conf=-1: peers:[omNode-3|rpc:localhost:45745|priority:0|startupRole:FOLLOWER, omNode-1|rpc:localhost:35747|priority:0|startupRole:FOLLOWER, omNode-2|rpc:localhost:40777|priority:0|startupRole:FOLLOWER]|listeners:[], old=null
2022-11-09 16:19:07,031 [grpc-default-executor-1] INFO  server.RaftServer$Division (RaftServerImpl.java:requestVote(1218)) - omNode-1@group-6C22E66A003A: receive requestVote(ELECTION, omNode-2, group-6C22E66A003A, 1, (t:0, i:~))
2022-11-09 16:19:07,033 [grpc-default-executor-1] INFO  impl.VoteContext (VoteContext.java:log(48)) - omNode-1@group-6C22E66A003A-FOLLOWER: reject ELECTION from omNode-2: already has voted for omNode-1 at current term 1
2022-11-09 16:19:07,035 [grpc-default-executor-1] INFO  server.RaftServer$Division (RaftServerImpl.java:requestVote(1251)) - omNode-1@group-6C22E66A003A replies to ELECTION vote request: omNode-2<-omNode-1#0:FAIL-t1. Peer's state: omNode-1@group-6C22E66A003A:t1, leader=null, voted=omNode-1, raftlog=Memoized:omNode-1@group-6C22E66A003A-SegmentedRaftLog:OPENED:c-1, conf=-1: peers:[omNode-3|rpc:localhost:45745|priority:0|startupRole:FOLLOWER, omNode-1|rpc:localhost:35747|priority:0|startupRole:FOLLOWER, omNode-2|rpc:localhost:40777|priority:0|startupRole:FOLLOWER]|listeners:[], old=null
2022-11-09 16:19:07,040 [omNode-3@group-6C22E66A003A-FollowerState] INFO  server.RaftServerConfigKeys (ConfUtils.java:logFallback(53)) - raft.server.rpc.first-election.timeout.max = 1200ms (fallback to raft.server.rpc.timeout.max)
2022-11-09 16:19:07,044 [omNode-2@group-6C22E66A003A-LeaderElection4] INFO  impl.LeaderElection (LeaderElection.java:logAndReturn(90)) - omNode-2@group-6C22E66A003A-LeaderElection4: ELECTION PASSED received 2 response(s) and 0 exception(s):
2022-11-09 16:19:07,045 [omNode-2@group-6C22E66A003A-LeaderElection4] INFO  impl.LeaderElection (LeaderElection.java:logAndReturn(94)) -   Response 0: omNode-2<-omNode-3#0:OK-t1
2022-11-09 16:19:07,045 [omNode-2@group-6C22E66A003A-LeaderElection4] INFO  impl.LeaderElection (LeaderElection.java:logAndReturn(94)) -   Response 1: omNode-2<-omNode-1#0:FAIL-t1
2022-11-09 16:19:07,045 [omNode-2@group-6C22E66A003A-LeaderElection4] INFO  impl.LeaderElection (LeaderElection.java:askForVotes(314)) - omNode-2@group-6C22E66A003A-LeaderElection4 ELECTION round 0: result PASSED
2022-11-09 16:19:07,045 [omNode-2@group-6C22E66A003A-LeaderElection4] INFO  impl.RoleInfo (RoleInfo.java:shutdownLeaderElection(130)) - omNode-2: shutdown omNode-2@group-6C22E66A003A-LeaderElection4
2022-11-09 16:19:07,047 [omNode-2@group-6C22E66A003A-LeaderElection4] INFO  server.RaftServer$Division (RaftServerImpl.java:setRole(321)) - omNode-2@group-6C22E66A003A: changes role from CANDIDATE to LEADER at term 1 for changeToLeader
2022-11-09 16:19:07,047 [omNode-2@group-6C22E66A003A-LeaderElection4] INFO  server.RaftServer$Division (ServerState.java:setLeader(313)) - omNode-2@group-6C22E66A003A: change Leader from null to omNode-2 at term 1 for becomeLeader, leader elected after 1781ms
2022-11-09 16:19:07,047 [omNode-2@group-6C22E66A003A-LeaderElection4] INFO  server.RaftServerConfigKeys (ConfUtils.java:logGet(46)) - raft.server.staging.catchup.gap = 1000 (default)
2022-11-09 16:19:07,047 [omNode-2@group-6C22E66A003A-LeaderElection4] INFO  server.RaftServerConfigKeys (ConfUtils.java:logGet(46)) - raft.server.write.element-limit = 4096 (default)
2022-11-09 16:19:07,048 [omNode-2@group-6C22E66A003A-LeaderElection4] INFO  server.RaftServerConfigKeys (ConfUtils.java:logGet(46)) - raft.server.write.byte-limit = 64MB (=67108864) (default)
2022-11-09 16:19:07,048 [omNode-2@group-6C22E66A003A-LeaderElection4] INFO  server.RaftServerConfigKeys (ConfUtils.java:logGet(46)) - raft.server.watch.timeout = 10s (default)
2022-11-09 16:19:07,049 [omNode-2@group-6C22E66A003A-LeaderElection4] INFO  server.RaftServerConfigKeys (ConfUtils.java:logGet(46)) - raft.server.watch.timeout.denomination = 1s (default)
2022-11-09 16:19:07,049 [omNode-2@group-6C22E66A003A-LeaderElection4] INFO  server.RaftServerConfigKeys (ConfUtils.java:logGet(46)) - raft.server.watch.element-limit = 65536 (default)
2022-11-09 16:19:07,049 [omNode-2@group-6C22E66A003A-LeaderElection4] INFO  server.RaftServerConfigKeys (ConfUtils.java:logGet(46)) - raft.server.write.element-limit = 4096 (default)
2022-11-09 16:19:07,049 [omNode-2@group-6C22E66A003A-LeaderElection4] INFO  server.RaftServerConfigKeys (ConfUtils.java:logGet(46)) - raft.server.write.follower.gap.ratio.max = -1.0 (default)
2022-11-09 16:19:07,050 [omNode-2@group-6C22E66A003A-LeaderElection4] INFO  server.RaftServerConfigKeys (ConfUtils.java:logGet(46)) - raft.server.log.appender.snapshot.chunk.size.max = 16MB (=16777216) (default)
2022-11-09 16:19:07,050 [omNode-2@group-6C22E66A003A-LeaderElection4] INFO  server.RaftServerConfigKeys (ConfUtils.java:logGet(46)) - raft.server.log.appender.buffer.byte-limit = 33554432 (custom)
2022-11-09 16:19:07,050 [omNode-2@group-6C22E66A003A-LeaderElection4] INFO  server.RaftServerConfigKeys (ConfUtils.java:logGet(46)) - raft.server.log.appender.buffer.element-limit = 1024 (custom)
2022-11-09 16:19:07,050 [omNode-2@group-6C22E66A003A-LeaderElection4] INFO  grpc.GrpcConfigKeys (ConfUtils.java:logGet(46)) - raft.grpc.server.leader.outstanding.appends.max = 128 (default)
2022-11-09 16:19:07,050 [omNode-2@group-6C22E66A003A-LeaderElection4] INFO  server.RaftServerConfigKeys (ConfUtils.java:logGet(46)) - raft.server.rpc.request.timeout = 3000ms (default)
2022-11-09 16:19:07,050 [omNode-2@group-6C22E66A003A-LeaderElection4] INFO  server.RaftServerConfigKeys (ConfUtils.java:logGet(46)) - raft.server.log.appender.install.snapshot.enabled = false (custom)
2022-11-09 16:19:07,050 [omNode-2@group-6C22E66A003A-LeaderElection4] INFO  grpc.GrpcConfigKeys (ConfUtils.java:logGet(46)) - raft.grpc.server.heartbeat.channel = true (default)
2022-11-09 16:19:07,050 [omNode-2@group-6C22E66A003A-LeaderElection4] INFO  server.RaftServerConfigKeys (ConfUtils.java:logGet(46)) - raft.server.log.appender.wait-time.min = 10ms (default)
2022-11-09 16:19:07,051 [omNode-2@group-6C22E66A003A-LeaderElection4] INFO  server.RaftServerConfigKeys (ConfUtils.java:logGet(46)) - raft.server.log.appender.snapshot.chunk.size.max = 16MB (=16777216) (default)
2022-11-09 16:19:07,051 [omNode-2@group-6C22E66A003A-LeaderElection4] INFO  server.RaftServerConfigKeys (ConfUtils.java:logGet(46)) - raft.server.log.appender.buffer.byte-limit = 33554432 (custom)
2022-11-09 16:19:07,051 [omNode-2@group-6C22E66A003A-LeaderElection4] INFO  server.RaftServerConfigKeys (ConfUtils.java:logGet(46)) - raft.server.log.appender.buffer.element-limit = 1024 (custom)
2022-11-09 16:19:07,051 [omNode-2@group-6C22E66A003A-LeaderElection4] INFO  grpc.GrpcConfigKeys (ConfUtils.java:logGet(46)) - raft.grpc.server.leader.outstanding.appends.max = 128 (default)
2022-11-09 16:19:07,051 [omNode-2@group-6C22E66A003A-LeaderElection4] INFO  server.RaftServerConfigKeys (ConfUtils.java:logGet(46)) - raft.server.rpc.request.timeout = 3000ms (default)
2022-11-09 16:19:07,051 [omNode-2@group-6C22E66A003A-LeaderElection4] INFO  server.RaftServerConfigKeys (ConfUtils.java:logGet(46)) - raft.server.log.appender.install.snapshot.enabled = false (custom)
2022-11-09 16:19:07,051 [omNode-2@group-6C22E66A003A-LeaderElection4] INFO  grpc.GrpcConfigKeys (ConfUtils.java:logGet(46)) - raft.grpc.server.heartbeat.channel = true (default)
2022-11-09 16:19:07,051 [omNode-2@group-6C22E66A003A-LeaderElection4] INFO  server.RaftServerConfigKeys (ConfUtils.java:logGet(46)) - raft.server.log.appender.wait-time.min = 10ms (default)
2022-11-09 16:19:07,052 [omNode-2@group-6C22E66A003A-LeaderElection4] INFO  impl.RoleInfo (RoleInfo.java:updateAndGet(139)) - omNode-2: start omNode-2@group-6C22E66A003A-LeaderStateImpl
2022-11-09 16:19:07,052 [omNode-2@group-6C22E66A003A-LeaderElection4] INFO  segmented.SegmentedRaftLogWorker (SegmentedRaftLogWorker.java:startLogSegment(452)) - omNode-2@group-6C22E66A003A-SegmentedRaftLogWorker: Starting segment from index:0
2022-11-09 16:19:07,069 [omNode-2@group-6C22E66A003A-LeaderElection4] INFO  server.RaftServer$Division (ServerState.java:setRaftConf(430)) - omNode-2@group-6C22E66A003A: set configuration 0: peers:[omNode-3|rpc:localhost:45745|admin:|client:|dataStream:|priority:0|startupRole:FOLLOWER, omNode-1|rpc:localhost:35747|admin:|client:|dataStream:|priority:0|startupRole:FOLLOWER, omNode-2|rpc:localhost:40777|admin:|client:|dataStream:|priority:0|startupRole:FOLLOWER]|listeners:[], old=null
2022-11-09 16:19:07,079 [omNode-2@group-6C22E66A003A-SegmentedRaftLogWorker] INFO  segmented.SegmentedRaftLogWorker (SegmentedRaftLogWorker.java:execute(656)) - omNode-2@group-6C22E66A003A-SegmentedRaftLogWorker: created new log segment /home/runner/work/ozone/ozone/hadoop-ozone/integration-test/target/test-dir/MiniOzoneClusterImpl-5b74f3a4-74d7-4700-a005-fabb0032522b/omNode-2/ratis/9c9825ce-8ba7-3ee6-a7c3-6c22e66a003a/current/log_inprogress_0
2022-11-09 16:19:07,091 [omNode-1@group-6C22E66A003A-FollowerState] INFO  impl.FollowerState (FollowerState.java:run(143)) - omNode-1@group-6C22E66A003A-FollowerState: change to CANDIDATE, lastRpcElapsedTime:1180848187ns, electionTimeout:1176ms
2022-11-09 16:19:07,091 [omNode-1@group-6C22E66A003A-FollowerState] INFO  impl.RoleInfo (RoleInfo.java:shutdownFollowerState(110)) - omNode-1: shutdown omNode-1@group-6C22E66A003A-FollowerState
2022-11-09 16:19:07,091 [omNode-1@group-6C22E66A003A-FollowerState] INFO  server.RaftServer$Division (RaftServerImpl.java:setRole(321)) - omNode-1@group-6C22E66A003A: changes role from  FOLLOWER to CANDIDATE at term 1 for changeToCandidate
2022-11-09 16:19:07,094 [omNode-1@group-6C22E66A003A-FollowerState] INFO  server.RaftServerConfigKeys (ConfUtils.java:logGet(46)) - raft.server.leaderelection.pre-vote = false (custom)
2022-11-09 16:19:07,094 [omNode-1@group-6C22E66A003A-FollowerState] INFO  impl.RoleInfo (RoleInfo.java:updateAndGet(139)) - omNode-1: start omNode-1@group-6C22E66A003A-LeaderElection5
2022-11-09 16:19:07,103 [omNode-1@group-6C22E66A003A-LeaderElection5] INFO  impl.LeaderElection (LeaderElection.java:askForVotes(312)) - omNode-1@group-6C22E66A003A-LeaderElection5 ELECTION round 0: submit vote requests at term 2 for -1: peers:[omNode-3|rpc:localhost:45745|priority:0|startupRole:FOLLOWER, omNode-1|rpc:localhost:35747|priority:0|startupRole:FOLLOWER, omNode-2|rpc:localhost:40777|priority:0|startupRole:FOLLOWER]|listeners:[], old=null
2022-11-09 16:19:07,118 [omNode-3-server-thread1] INFO  server.RaftServer$Division (ServerState.java:setLeader(313)) - omNode-3@group-6C22E66A003A: change Leader from null to omNode-2 at term 1 for appendEntries, leader elected after 792ms
2022-11-09 16:19:07,099 [omNode-2@group-6C22E66A003A-StateMachineUpdater] INFO  ratis.OzoneManagerStateMachine (OzoneManagerStateMachine.java:notifyConfigurationChanged(192)) - Received Configuration change notification from Ratis. New Peer list:
[id: "omNode-3"
address: "localhost:45745"
startupRole: FOLLOWER
, id: "omNode-1"
address: "localhost:35747"
startupRole: FOLLOWER
, id: "omNode-2"
address: "localhost:40777"
startupRole: FOLLOWER
]
2022-11-09 16:19:07,124 [omNode-2@group-6C22E66A003A-LeaderStateImpl] INFO  server.RaftServer$Division (ServerState.java:setLeader(313)) - omNode-2@group-6C22E66A003A: change Leader from omNode-2 to null at term 2 for updateCurrentTerm
2022-11-09 16:19:07,124 [omNode-2@group-6C22E66A003A-LeaderStateImpl] INFO  server.RaftServer$Division (RaftServerImpl.java:setRole(321)) - omNode-2@group-6C22E66A003A: changes role from    LEADER to FOLLOWER at term 2 for StepDownReason:HIGHER_TERM
2022-11-09 16:19:07,124 [omNode-2@group-6C22E66A003A-LeaderStateImpl] INFO  impl.RoleInfo (RoleInfo.java:shutdownLeaderState(93)) - omNode-2: shutdown omNode-2@group-6C22E66A003A-LeaderStateImpl
2022-11-09 16:19:07,127 [omNode-1@group-6C22E66A003A-LeaderElection5] INFO  server.RaftServerConfigKeys (ConfUtils.java:logFallback(53)) - raft.server.rpc.first-election.timeout.min = 1s (fallback to raft.server.rpc.timeout.min)
2022-11-09 16:19:07,127 [omNode-1@group-6C22E66A003A-LeaderElection5] INFO  server.RaftServerConfigKeys (ConfUtils.java:logFallback(53)) - raft.server.rpc.first-election.timeout.max = 1200ms (fallback to raft.server.rpc.timeout.max)
2022-11-09 16:19:07,129 [omNode-2@group-6C22E66A003A->omNode-3-GrpcLogAppender-LogAppenderDaemon] WARN  server.GrpcLogAppender (GrpcLogAppender.java:mayWait(200)) - omNode-2@group-6C22E66A003A->omNode-3-GrpcLogAppender: Wait interrupted by java.lang.InterruptedException
2022-11-09 16:19:07,130 [omNode-2@group-6C22E66A003A->omNode-1-GrpcLogAppender-LogAppenderDaemon] WARN  server.GrpcLogAppender (GrpcLogAppender.java:mayWait(200)) - omNode-2@group-6C22E66A003A->omNode-1-GrpcLogAppender: Wait interrupted by java.lang.InterruptedException
2022-11-09 16:19:07,133 [omNode-3-server-thread1] INFO  server.RaftServer$Division (ServerState.java:setRaftConf(430)) - omNode-3@group-6C22E66A003A: set configuration 0: peers:[omNode-3|rpc:localhost:45745|admin:|client:|dataStream:|priority:0|startupRole:FOLLOWER, omNode-1|rpc:localhost:35747|admin:|client:|dataStream:|priority:0|startupRole:FOLLOWER, omNode-2|rpc:localhost:40777|admin:|client:|dataStream:|priority:0|startupRole:FOLLOWER]|listeners:[], old=null
2022-11-09 16:19:07,134 [omNode-3-server-thread1] INFO  segmented.SegmentedRaftLogWorker (SegmentedRaftLogWorker.java:startLogSegment(452)) - omNode-3@group-6C22E66A003A-SegmentedRaftLogWorker: Starting segment from index:0
2022-11-09 16:19:07,134 [grpc-default-executor-2] INFO  server.RaftServer$Division (RaftServerImpl.java:requestVote(1218)) - omNode-3@group-6C22E66A003A: receive requestVote(ELECTION, omNode-1, group-6C22E66A003A, 2, (t:0, i:~))
2022-11-09 16:19:07,134 [grpc-default-executor-2] INFO  impl.VoteContext (VoteContext.java:log(48)) - omNode-3@group-6C22E66A003A-FOLLOWER: reject ELECTION from omNode-1: our last entry (t:1, i:0) > candidate's last entry (t:0, i:~)
2022-11-09 16:19:07,134 [grpc-default-executor-2] INFO  server.RaftServer$Division (ServerState.java:setLeader(313)) - omNode-3@group-6C22E66A003A: change Leader from omNode-2 to null at term 2 for updateCurrentTerm
2022-11-09 16:19:07,134 [grpc-default-executor-2] INFO  server.RaftServer$Division (RaftServerImpl.java:setRole(321)) - omNode-3@group-6C22E66A003A: changes role from  FOLLOWER to FOLLOWER at term 2 for candidate:omNode-1
2022-11-09 16:19:07,135 [grpc-default-executor-2] INFO  impl.RoleInfo (RoleInfo.java:shutdownFollowerState(110)) - omNode-3: shutdown omNode-3@group-6C22E66A003A-FollowerState
2022-11-09 16:19:07,135 [grpc-default-executor-2] INFO  impl.RoleInfo (RoleInfo.java:updateAndGet(139)) - omNode-3: start omNode-3@group-6C22E66A003A-FollowerState
2022-11-09 16:19:07,136 [omNode-3@group-6C22E66A003A-FollowerState] INFO  impl.FollowerState (FollowerState.java:run(152)) - omNode-3@group-6C22E66A003A-FollowerState was interrupted
2022-11-09 16:19:07,137 [grpc-default-executor-0] INFO  server.GrpcServerProtocolService (GrpcServerProtocolService.java:onCompleted(145)) - omNode-3: Completed APPEND_ENTRIES, lastRequest: omNode-2->omNode-3#1-t1,previous=(t:0, i:0),leaderCommit=-1,initializing? true,entries: size=1, first=(t:1, i:0), CONFIGURATIONENTRY(current:id: "omNode-3"
address: "localhost:45745"
startupRole: FOLLOWER
,id: "omNode-1"
address: "localhost:35747"
startupRole: FOLLOWER
,id: "omNode-2"
address: "localhost:40777"
startupRole: FOLLOWER
, old:)
2022-11-09 16:19:07,130 [omNode-2@group-6C22E66A003A-LeaderStateImpl] INFO  impl.PendingRequests (PendingRequests.java:sendNotLeaderResponses(282)) - omNode-2@group-6C22E66A003A-PendingRequests: sendNotLeaderResponses
2022-11-09 16:19:07,137 [omNode-2@group-6C22E66A003A-LeaderStateImpl] INFO  impl.RoleInfo (RoleInfo.java:updateAndGet(139)) - omNode-2: start omNode-2@group-6C22E66A003A-FollowerState
2022-11-09 16:19:07,141 [grpc-default-executor-1] INFO  server.GrpcLogAppender (GrpcLogAppender.java:onCompleted(415)) - omNode-2@group-6C22E66A003A->omNode-3-AppendLogResponseHandler: follower responses appendEntries COMPLETED
2022-11-09 16:19:07,146 [grpc-default-executor-5] INFO  server.GrpcServerProtocolService (GrpcServerProtocolService.java:onCompleted(145)) - omNode-1: Completed APPEND_ENTRIES, lastRequest: omNode-2->omNode-1#1-t1,previous=(t:0, i:0),leaderCommit=-1,initializing? true,entries: size=1, first=(t:1, i:0), CONFIGURATIONENTRY(current:id: "omNode-3"
address: "localhost:45745"
startupRole: FOLLOWER
,id: "omNode-1"
address: "localhost:35747"
startupRole: FOLLOWER
,id: "omNode-2"
address: "localhost:40777"
startupRole: FOLLOWER
, old:)
2022-11-09 16:19:07,147 [grpc-default-executor-2] INFO  server.RaftServer$Division (RaftServerImpl.java:requestVote(1251)) - omNode-3@group-6C22E66A003A replies to ELECTION vote request: omNode-1<-omNode-3#0:FAIL-t2. Peer's state: omNode-3@group-6C22E66A003A:t2, leader=null, voted=null, raftlog=Memoized:omNode-3@group-6C22E66A003A-SegmentedRaftLog:OPENED:c-1, conf=0: peers:[omNode-3|rpc:localhost:45745|admin:|client:|dataStream:|priority:0|startupRole:FOLLOWER, omNode-1|rpc:localhost:35747|admin:|client:|dataStream:|priority:0|startupRole:FOLLOWER, omNode-2|rpc:localhost:40777|admin:|client:|dataStream:|priority:0|startupRole:FOLLOWER]|listeners:[], old=null
2022-11-09 16:19:07,148 [omNode-3@group-6C22E66A003A-SegmentedRaftLogWorker] INFO  segmented.SegmentedRaftLogWorker (SegmentedRaftLogWorker.java:execute(656)) - omNode-3@group-6C22E66A003A-SegmentedRaftLogWorker: created new log segment /home/runner/work/ozone/ozone/hadoop-ozone/integration-test/target/test-dir/MiniOzoneClusterImpl-5b74f3a4-74d7-4700-a005-fabb0032522b/omNode-3/ratis/9c9825ce-8ba7-3ee6-a7c3-6c22e66a003a/current/log_inprogress_0
2022-11-09 16:19:07,151 [grpc-default-executor-2] INFO  server.GrpcServerProtocolService (GrpcServerProtocolService.java:onCompleted(145)) - omNode-3: Completed APPEND_ENTRIES, lastRequest: null
2022-11-09 16:19:07,150 [grpc-default-executor-5] INFO  server.GrpcLogAppender (GrpcLogAppender.java:onCompleted(415)) - omNode-2@group-6C22E66A003A->omNode-1-AppendLogResponseHandler: follower responses appendEntries COMPLETED
2022-11-09 16:19:07,171 [grpc-default-executor-5] INFO  leader.FollowerInfo (FollowerInfoImpl.java:lambda$new$0(48)) - omNode-2@group-6C22E66A003A->omNode-1: nextIndex: updateUnconditionally 1 -> 0
2022-11-09 16:19:07,165 [grpc-default-executor-1] INFO  leader.FollowerInfo (FollowerInfoImpl.java:lambda$new$0(48)) - omNode-2@group-6C22E66A003A->omNode-3: nextIndex: updateUnconditionally 1 -> 0
2022-11-09 16:19:07,175 [grpc-default-executor-4] INFO  server.GrpcServerProtocolService (GrpcServerProtocolService.java:onCompleted(145)) - omNode-1: Completed APPEND_ENTRIES, lastRequest: null
2022-11-09 16:19:07,176 [grpc-default-executor-0] INFO  server.RaftServer$Division (RaftServerImpl.java:requestVote(1218)) - omNode-2@group-6C22E66A003A: receive requestVote(ELECTION, omNode-1, group-6C22E66A003A, 2, (t:0, i:~))
2022-11-09 16:19:07,176 [grpc-default-executor-0] INFO  impl.VoteContext (VoteContext.java:log(48)) - omNode-2@group-6C22E66A003A-FOLLOWER: reject ELECTION from omNode-1: our last entry (t:1, i:0) > candidate's last entry (t:0, i:~)
2022-11-09 16:19:07,176 [grpc-default-executor-0] INFO  server.RaftServer$Division (RaftServerImpl.java:setRole(321)) - omNode-2@group-6C22E66A003A: changes role from  FOLLOWER to FOLLOWER at term 2 for candidate:omNode-1
2022-11-09 16:19:07,176 [grpc-default-executor-0] INFO  impl.RoleInfo (RoleInfo.java:shutdownFollowerState(110)) - omNode-2: shutdown omNode-2@group-6C22E66A003A-FollowerState
2022-11-09 16:19:07,176 [grpc-default-executor-0] INFO  impl.RoleInfo (RoleInfo.java:updateAndGet(139)) - omNode-2: start omNode-2@group-6C22E66A003A-FollowerState
2022-11-09 16:19:07,176 [omNode-2@group-6C22E66A003A-FollowerState] INFO  impl.FollowerState (FollowerState.java:run(152)) - omNode-2@group-6C22E66A003A-FollowerState was interrupted
2022-11-09 16:19:07,188 [grpc-default-executor-1] INFO  server.GrpcLogAppender (GrpcLogAppender.java:onCompleted(415)) - omNode-2@group-6C22E66A003A->omNode-3-AppendLogResponseHandler: follower responses appendEntries COMPLETED
2022-11-09 16:19:07,188 [grpc-default-executor-0] INFO  server.RaftServer$Division (RaftServerImpl.java:requestVote(1251)) - omNode-2@group-6C22E66A003A replies to ELECTION vote request: omNode-1<-omNode-2#0:FAIL-t2. Peer's state: omNode-2@group-6C22E66A003A:t2, leader=null, voted=null, raftlog=Memoized:omNode-2@group-6C22E66A003A-SegmentedRaftLog:OPENED:c0, conf=0: peers:[omNode-3|rpc:localhost:45745|admin:|client:|dataStream:|priority:0|startupRole:FOLLOWER, omNode-1|rpc:localhost:35747|admin:|client:|dataStream:|priority:0|startupRole:FOLLOWER, omNode-2|rpc:localhost:40777|admin:|client:|dataStream:|priority:0|startupRole:FOLLOWER]|listeners:[], old=null
2022-11-09 16:19:07,189 [grpc-default-executor-1] INFO  leader.FollowerInfo (FollowerInfoImpl.java:lambda$new$0(48)) - omNode-2@group-6C22E66A003A->omNode-3: nextIndex: updateUnconditionally 0 -> 0
2022-11-09 16:19:07,189 [grpc-default-executor-1] INFO  server.GrpcLogAppender (GrpcLogAppender.java:onCompleted(415)) - omNode-2@group-6C22E66A003A->omNode-1-AppendLogResponseHandler: follower responses appendEntries COMPLETED
2022-11-09 16:19:07,189 [grpc-default-executor-1] INFO  leader.FollowerInfo (FollowerInfoImpl.java:lambda$new$0(48)) - omNode-2@group-6C22E66A003A->omNode-1: nextIndex: updateUnconditionally 0 -> 0
2022-11-09 16:19:07,193 [omNode-1@group-6C22E66A003A-LeaderElection5] INFO  impl.LeaderElection (LeaderElection.java:logAndReturn(90)) - omNode-1@group-6C22E66A003A-LeaderElection5: ELECTION REJECTED received 2 response(s) and 0 exception(s):
2022-11-09 16:19:07,194 [omNode-1@group-6C22E66A003A-LeaderElection5] INFO  impl.LeaderElection (LeaderElection.java:logAndReturn(94)) -   Response 0: omNode-1<-omNode-3#0:FAIL-t2
2022-11-09 16:19:07,194 [omNode-1@group-6C22E66A003A-LeaderElection5] INFO  impl.LeaderElection (LeaderElection.java:logAndReturn(94)) -   Response 1: omNode-1<-omNode-2#0:FAIL-t2
2022-11-09 16:19:07,194 [omNode-1@group-6C22E66A003A-LeaderElection5] INFO  impl.LeaderElection (LeaderElection.java:askForVotes(314)) - omNode-1@group-6C22E66A003A-LeaderElection5 ELECTION round 0: result REJECTED
2022-11-09 16:19:07,194 [omNode-1@group-6C22E66A003A-LeaderElection5] INFO  server.RaftServer$Division (RaftServerImpl.java:setRole(321)) - omNode-1@group-6C22E66A003A: changes role from CANDIDATE to FOLLOWER at term 2 for REJECTED
2022-11-09 16:19:07,194 [omNode-1@group-6C22E66A003A-LeaderElection5] INFO  impl.RoleInfo (RoleInfo.java:shutdownLeaderElection(130)) - omNode-1: shutdown omNode-1@group-6C22E66A003A-LeaderElection5
2022-11-09 16:19:07,195 [omNode-1@group-6C22E66A003A-LeaderElection5] INFO  impl.RoleInfo (RoleInfo.java:updateAndGet(139)) - omNode-1: start omNode-1@group-6C22E66A003A-FollowerState
2022-11-09 16:19:07,195 [omNode-1@group-6C22E66A003A-FollowerState] INFO  server.RaftServerConfigKeys (ConfUtils.java:logFallback(53)) - raft.server.rpc.first-election.timeout.min = 1s (fallback to raft.server.rpc.timeout.min)
2022-11-09 16:19:07,195 [omNode-1@group-6C22E66A003A-FollowerState] INFO  server.RaftServerConfigKeys (ConfUtils.java:logFallback(53)) - raft.server.rpc.first-election.timeout.max = 1200ms (fallback to raft.server.rpc.timeout.max)
2022-11-09 16:19:07,285 [Listener at 127.0.0.1/42701] WARN  impl.MetricRegistriesImpl (MetricRegistriesImpl.java:addReporterRegistration(111)) - New reporters are added after registries were created. Some metrics will be missing from the reporter. Please add reporter before adding any new registry.
2022-11-09 16:19:07,285 [Listener at 127.0.0.1/42701] WARN  impl.MetricRegistriesImpl (MetricRegistriesImpl.java:addReporterRegistration(111)) - New reporters are added after registries were created. Some metrics will be missing from the reporter. Please add reporter before adding any new registry.
2022-11-09 16:19:07,285 [Listener at 127.0.0.1/42701] INFO  impl.MetricsSystemImpl (MetricsSystemImpl.java:init(158)) - HddsDatanode metrics system started (again)
2022-11-09 16:19:07,302 [Listener at 127.0.0.1/42701] INFO  ozone.HddsDatanodeService (HddsDatanodeService.java:start(236)) - HddsDatanodeService host:fv-az91-492.1u4dveb1r3ruphbftqvtwhitpc.gx.internal.cloudapp.net ip:10.1.0.111
2022-11-09 16:19:07,331 [Listener at 127.0.0.1/42701] INFO  upgrade.AbstractLayoutVersionManager (AbstractLayoutVersionManager.java:init(83)) - Initializing Layout version manager with metadata layout = DATANODE_SCHEMA_V3 (version = 4), software layout = DATANODE_SCHEMA_V3 (version = 4)
2022-11-09 16:19:07,377 [Listener at 127.0.0.1/42701] INFO  reflections.Reflections (Reflections.java:scan(232)) - Reflections took 44 ms to scan 7 urls, producing 139 keys and 336 values 
2022-11-09 16:19:07,381 [Listener at 127.0.0.1/42701] INFO  ha.SCMNodeInfo (SCMNodeInfo.java:getPort(197)) - ConfigKey ozone.scm.client.address is deprecated, For configuring different ports for each SCM use PortConfigKey ozone.scm.client.port appended with serviceId and nodeId
2022-11-09 16:19:07,381 [Listener at 127.0.0.1/42701] INFO  ha.SCMNodeInfo (SCMNodeInfo.java:getPort(197)) - ConfigKey ozone.scm.block.client.address is deprecated, For configuring different ports for each SCM use PortConfigKey ozone.scm.block.client.port appended with serviceId and nodeId
2022-11-09 16:19:07,381 [Listener at 127.0.0.1/42701] INFO  ha.SCMNodeInfo (SCMNodeInfo.java:getPort(197)) - ConfigKey ozone.scm.datanode.address is deprecated, For configuring different ports for each SCM use PortConfigKey ozone.scm.datanode.port appended with serviceId and nodeId
2022-11-09 16:19:07,381 [Listener at 127.0.0.1/42701] INFO  ha.SCMNodeInfo (SCMNodeInfo.java:getPort(197)) - ConfigKey ozone.scm.client.address is deprecated, For configuring different ports for each SCM use PortConfigKey ozone.scm.client.port appended with serviceId and nodeId
2022-11-09 16:19:07,381 [Listener at 127.0.0.1/42701] INFO  ha.SCMNodeInfo (SCMNodeInfo.java:getPort(197)) - ConfigKey ozone.scm.block.client.address is deprecated, For configuring different ports for each SCM use PortConfigKey ozone.scm.block.client.port appended with serviceId and nodeId
2022-11-09 16:19:07,381 [Listener at 127.0.0.1/42701] INFO  ha.SCMNodeInfo (SCMNodeInfo.java:getPort(197)) - ConfigKey ozone.scm.datanode.address is deprecated, For configuring different ports for each SCM use PortConfigKey ozone.scm.datanode.port appended with serviceId and nodeId
2022-11-09 16:19:07,381 [Listener at 127.0.0.1/42701] INFO  ha.SCMNodeInfo (SCMNodeInfo.java:getPort(197)) - ConfigKey ozone.scm.client.address is deprecated, For configuring different ports for each SCM use PortConfigKey ozone.scm.client.port appended with serviceId and nodeId
2022-11-09 16:19:07,381 [Listener at 127.0.0.1/42701] INFO  ha.SCMNodeInfo (SCMNodeInfo.java:getPort(197)) - ConfigKey ozone.scm.block.client.address is deprecated, For configuring different ports for each SCM use PortConfigKey ozone.scm.block.client.port appended with serviceId and nodeId
2022-11-09 16:19:07,381 [Listener at 127.0.0.1/42701] INFO  ha.SCMNodeInfo (SCMNodeInfo.java:getPort(197)) - ConfigKey ozone.scm.datanode.address is deprecated, For configuring different ports for each SCM use PortConfigKey ozone.scm.datanode.port appended with serviceId and nodeId
2022-11-09 16:19:07,381 [Listener at 127.0.0.1/42701] INFO  statemachine.DatanodeStateMachine (DatanodeStateMachine.java:getEndPointTaskThreadPoolSize(245)) - Datanode State Machine Task Thread Pool size 4
2022-11-09 16:19:07,433 [Listener at 127.0.0.1/42701] INFO  volume.HddsVolume (HddsVolume.java:<init>(117)) - Creating HddsVolume: /home/runner/work/ozone/ozone/hadoop-ozone/integration-test/target/test-dir/MiniOzoneClusterImpl-5b74f3a4-74d7-4700-a005-fabb0032522b/datanode-0/data-0/containers/hdds of storage type : DISK capacity : 9223372036854775807
2022-11-09 16:19:07,435 [Listener at 127.0.0.1/42701] INFO  volume.MutableVolumeSet (MutableVolumeSet.java:initializeVolumeSet(174)) - Added Volume : /home/runner/work/ozone/ozone/hadoop-ozone/integration-test/target/test-dir/MiniOzoneClusterImpl-5b74f3a4-74d7-4700-a005-fabb0032522b/datanode-0/data-0/containers/hdds to VolumeSet
2022-11-09 16:19:07,436 [Listener at 127.0.0.1/42701] INFO  volume.ThrottledAsyncChecker (ThrottledAsyncChecker.java:schedule(141)) - Scheduling a check for /home/runner/work/ozone/ozone/hadoop-ozone/integration-test/target/test-dir/MiniOzoneClusterImpl-5b74f3a4-74d7-4700-a005-fabb0032522b/datanode-0/data-0/containers/hdds
2022-11-09 16:19:07,456 [Listener at 127.0.0.1/42701] INFO  volume.StorageVolumeChecker (StorageVolumeChecker.java:checkAllVolumes(202)) - Scheduled health check for volume /home/runner/work/ozone/ozone/hadoop-ozone/integration-test/target/test-dir/MiniOzoneClusterImpl-5b74f3a4-74d7-4700-a005-fabb0032522b/datanode-0/data-0/containers/hdds
2022-11-09 16:19:07,473 [Listener at 127.0.0.1/42701] INFO  volume.MutableVolumeSet (MutableVolumeSet.java:initializeVolumeSet(174)) - Added Volume : /home/runner/work/ozone/ozone/hadoop-ozone/integration-test/target/test-dir/MiniOzoneClusterImpl-5b74f3a4-74d7-4700-a005-fabb0032522b/datanode-0/data/ratis to VolumeSet
2022-11-09 16:19:07,473 [Listener at 127.0.0.1/42701] INFO  volume.ThrottledAsyncChecker (ThrottledAsyncChecker.java:schedule(141)) - Scheduling a check for /home/runner/work/ozone/ozone/hadoop-ozone/integration-test/target/test-dir/MiniOzoneClusterImpl-5b74f3a4-74d7-4700-a005-fabb0032522b/datanode-0/data/ratis
2022-11-09 16:19:07,473 [Listener at 127.0.0.1/42701] INFO  volume.StorageVolumeChecker (StorageVolumeChecker.java:checkAllVolumes(202)) - Scheduled health check for volume /home/runner/work/ozone/ozone/hadoop-ozone/integration-test/target/test-dir/MiniOzoneClusterImpl-5b74f3a4-74d7-4700-a005-fabb0032522b/datanode-0/data/ratis
2022-11-09 16:19:07,495 [Thread-698] INFO  ozoneimpl.ContainerReader (ContainerReader.java:readVolume(175)) - Finish verifying containers on volume /home/runner/work/ozone/ozone/hadoop-ozone/integration-test/target/test-dir/MiniOzoneClusterImpl-5b74f3a4-74d7-4700-a005-fabb0032522b/datanode-0/data-0/containers/hdds
2022-11-09 16:19:07,495 [Listener at 127.0.0.1/42701] INFO  ozoneimpl.OzoneContainer (OzoneContainer.java:buildContainerSet(300)) - Build ContainerSet costs 0s
2022-11-09 16:19:07,537 [Listener at 127.0.0.1/42701] INFO  audit.AuditLogger (AuditLogger.java:refreshDebugCmdSet(126)) - Refresh DebugCmdSet for DNAudit to [].
2022-11-09 16:19:07,571 [Listener at 127.0.0.1/42701] INFO  server.RaftServer (ConfUtils.java:logGet(46)) - raft.rpc.type = GRPC (default)
2022-11-09 16:19:07,572 [Listener at 127.0.0.1/42701] INFO  grpc.GrpcConfigKeys (ConfUtils.java:logFallback(53)) - raft.grpc.admin.host = null (fallback to raft.grpc.server.host)
2022-11-09 16:19:07,572 [Listener at 127.0.0.1/42701] INFO  grpc.GrpcConfigKeys (ConfUtils.java:logGet(46)) - raft.grpc.admin.port = 0 (custom)
2022-11-09 16:19:07,572 [Listener at 127.0.0.1/42701] INFO  grpc.GrpcConfigKeys (ConfUtils.java:logFallback(53)) - raft.grpc.client.host = null (fallback to raft.grpc.server.host)
2022-11-09 16:19:07,572 [Listener at 127.0.0.1/42701] INFO  grpc.GrpcConfigKeys (ConfUtils.java:logGet(46)) - raft.grpc.client.port = 0 (custom)
2022-11-09 16:19:07,572 [Listener at 127.0.0.1/42701] INFO  grpc.GrpcConfigKeys (ConfUtils.java:logGet(46)) - raft.grpc.server.host = null (default)
2022-11-09 16:19:07,572 [Listener at 127.0.0.1/42701] INFO  grpc.GrpcConfigKeys (ConfUtils.java:logGet(46)) - raft.grpc.server.port = 0 (default)
2022-11-09 16:19:07,572 [Listener at 127.0.0.1/42701] INFO  server.GrpcService (ConfUtils.java:logGet(46)) - raft.grpc.message.size.max = 32MB (=33554432) (custom)
2022-11-09 16:19:07,572 [Listener at 127.0.0.1/42701] INFO  server.RaftServerConfigKeys (ConfUtils.java:logGet(46)) - raft.server.log.appender.buffer.byte-limit = 33554432 (custom)
2022-11-09 16:19:07,572 [Listener at 127.0.0.1/42701] INFO  server.GrpcService (ConfUtils.java:logGet(46)) - raft.grpc.flow.control.window = 5MB (=5242880) (custom)
2022-11-09 16:19:07,572 [Listener at 127.0.0.1/42701] INFO  server.RaftServerConfigKeys (ConfUtils.java:logGet(46)) - raft.server.rpc.request.timeout = 60s (custom)
2022-11-09 16:19:07,572 [Listener at 127.0.0.1/42701] INFO  grpc.GrpcConfigKeys (ConfUtils.java:logGet(46)) - raft.grpc.server.heartbeat.channel = true (default)
2022-11-09 16:19:07,572 [Listener at 127.0.0.1/42701] INFO  grpc.GrpcConfigKeys (ConfUtils.java:logGet(46)) - raft.grpc.server.async.request.thread.pool.cached = true (default)
2022-11-09 16:19:07,573 [Listener at 127.0.0.1/42701] INFO  grpc.GrpcConfigKeys (ConfUtils.java:logGet(46)) - raft.grpc.server.async.request.thread.pool.size = 32 (default)
2022-11-09 16:19:07,576 [Listener at 127.0.0.1/42701] INFO  impl.DataStreamServerImpl (ConfUtils.java:logGet(46)) - raft.datastream.type = DISABLED (default)
2022-11-09 16:19:07,576 [Listener at 127.0.0.1/42701] INFO  server.RaftServerConfigKeys (ConfUtils.java:logGet(46)) - raft.server.threadpool.proxy.cached = true (default)
2022-11-09 16:19:07,576 [Listener at 127.0.0.1/42701] INFO  server.RaftServerConfigKeys (ConfUtils.java:logGet(46)) - raft.server.threadpool.proxy.size = 0 (default)
2022-11-09 16:19:07,576 [Listener at 127.0.0.1/42701] INFO  server.RaftServerConfigKeys (ConfUtils.java:logGet(46)) - raft.server.rpc.slowness.timeout = 300s (custom)
2022-11-09 16:19:07,576 [Listener at 127.0.0.1/42701] INFO  server.RaftServerConfigKeys (ConfUtils.java:logGet(46)) - raft.server.leaderelection.leader.step-down.wait-time = 10s (default)
2022-11-09 16:19:07,576 [Listener at 127.0.0.1/42701] INFO  server.RaftServerConfigKeys (ConfUtils.java:logGet(46)) - raft.server.storage.dir = [/home/runner/work/ozone/ozone/hadoop-ozone/integration-test/target/test-dir/MiniOzoneClusterImpl-5b74f3a4-74d7-4700-a005-fabb0032522b/datanode-0/data/ratis] (custom)
2022-11-09 16:19:07,593 [Listener at 127.0.0.1/42701] INFO  server.XceiverServerGrpc (XceiverServerGrpc.java:<init>(132)) - GrpcServer channel type EpollServerSocketChannel
2022-11-09 16:19:07,659 [Listener at 127.0.0.1/42701] INFO  http.BaseHttpServer (BaseHttpServer.java:newHttpServer2BuilderForOzone(213)) - Starting Web-server for hddsDatanode at: http://0.0.0.0:0
2022-11-09 16:19:07,659 [Listener at 127.0.0.1/42701] INFO  http.BaseHttpServer (BaseHttpServer.java:<init>(108)) - Hadoop Security Enabled: false Ozone Security Enabled: false Ozone HTTP Security Enabled: false 
2022-11-09 16:19:07,661 [Listener at 127.0.0.1/42701] WARN  server.AuthenticationFilter (AuthenticationFilter.java:constructSecretProvider(240)) - Unable to initialize FileSignerSecretProvider, falling back to use random secrets. Reason: Could not read signature secret file: /home/runner/hadoop-http-auth-signature-secret
2022-11-09 16:19:07,662 [Listener at 127.0.0.1/42701] WARN  http.HttpRequestLog (HttpRequestLog.java:getRequestLog(103)) - Jetty request log can only be enabled using Log4j
2022-11-09 16:19:07,663 [Listener at 127.0.0.1/42701] INFO  http.HttpServer2 (HttpServer2.java:addGlobalFilter(1031)) - Added global filter 'safety' (class=org.apache.hadoop.hdds.server.http.HttpServer2$QuotingInputFilter)
2022-11-09 16:19:07,664 [Listener at 127.0.0.1/42701] INFO  http.HttpServer2 (HttpServer2.java:addFilter(1007)) - Added filter static_user_filter (class=org.apache.hadoop.http.lib.StaticUserWebFilter$StaticUserFilter) to context hddsDatanode
2022-11-09 16:19:07,664 [Listener at 127.0.0.1/42701] INFO  http.HttpServer2 (HttpServer2.java:addFilter(1015)) - Added filter static_user_filter (class=org.apache.hadoop.http.lib.StaticUserWebFilter$StaticUserFilter) to context logs
2022-11-09 16:19:07,664 [Listener at 127.0.0.1/42701] INFO  http.HttpServer2 (HttpServer2.java:addFilter(1015)) - Added filter static_user_filter (class=org.apache.hadoop.http.lib.StaticUserWebFilter$StaticUserFilter) to context static
2022-11-09 16:19:07,664 [Listener at 127.0.0.1/42701] INFO  http.HttpServer2 (HttpServer2.java:bindListener(1250)) - Jetty bound to port 38691
2022-11-09 16:19:07,664 [Listener at 127.0.0.1/42701] INFO  server.Server (Server.java:doStart(375)) - jetty-9.4.49.v20220914; built: 2022-09-14T01:07:36.601Z; git: 4231a3b2e4cb8548a412a789936d640a97b1aa0a; jvm 1.8.0_345-b01
2022-11-09 16:19:07,689 [Listener at 127.0.0.1/42701] INFO  server.session (DefaultSessionIdManager.java:doStart(334)) - DefaultSessionIdManager workerName=node0
2022-11-09 16:19:07,689 [Listener at 127.0.0.1/42701] INFO  server.session (DefaultSessionIdManager.java:doStart(339)) - No SessionScavenger set, using defaults
2022-11-09 16:19:07,690 [Listener at 127.0.0.1/42701] INFO  server.session (HouseKeeper.java:startScavenging(132)) - node0 Scavenging every 660000ms
2022-11-09 16:19:07,690 [Listener at 127.0.0.1/42701] INFO  handler.ContextHandler (ContextHandler.java:doStart(921)) - Started o.e.j.s.ServletContextHandler@7c5678f5{logs,/logs,file:///home/runner/work/ozone/ozone/hadoop-ozone/integration-test/target/log,AVAILABLE}
2022-11-09 16:19:07,691 [Listener at 127.0.0.1/42701] INFO  handler.ContextHandler (ContextHandler.java:doStart(921)) - Started o.e.j.s.ServletContextHandler@7fcbd685{static,/static,jar:file:/home/runner/.m2/repository/org/apache/ozone/hdds-container-service/1.3.0-SNAPSHOT/hdds-container-service-1.3.0-SNAPSHOT.jar!/webapps/static,AVAILABLE}
2022-11-09 16:19:07,920 [Listener at 127.0.0.1/42701] INFO  handler.ContextHandler (ContextHandler.java:doStart(921)) - Started o.e.j.w.WebAppContext@1fd92497{hddsDatanode,/,file:///tmp/jetty-0_0_0_0-38691-hdds-container-service-1_3_0-SNAPSHOT_jar-_-any-1763429146470721271/webapp/,AVAILABLE}{jar:file:/home/runner/.m2/repository/org/apache/ozone/hdds-container-service/1.3.0-SNAPSHOT/hdds-container-service-1.3.0-SNAPSHOT.jar!/webapps/hddsDatanode}
2022-11-09 16:19:07,923 [Listener at 127.0.0.1/42701] INFO  server.AbstractConnector (AbstractConnector.java:doStart(333)) - Started ServerConnector@56b50bcf{HTTP/1.1, (http/1.1)}{0.0.0.0:38691}
2022-11-09 16:19:07,923 [Listener at 127.0.0.1/42701] INFO  server.Server (Server.java:doStart(415)) - Started @26939ms
2022-11-09 16:19:07,923 [Listener at 127.0.0.1/42701] WARN  impl.MetricsSystemImpl (MetricsSystemImpl.java:register(279)) - Sink prometheus already exists!
2022-11-09 16:19:07,924 [Listener at 127.0.0.1/42701] INFO  http.BaseHttpServer (BaseHttpServer.java:updateConnectorAddress(333)) - HTTP server of hddsDatanode listening at http://0.0.0.0:38691
2022-11-09 16:19:07,927 [Listener at 127.0.0.1/42701] WARN  impl.MetricRegistriesImpl (MetricRegistriesImpl.java:addReporterRegistration(111)) - New reporters are added after registries were created. Some metrics will be missing from the reporter. Please add reporter before adding any new registry.
2022-11-09 16:19:07,927 [Listener at 127.0.0.1/42701] WARN  impl.MetricRegistriesImpl (MetricRegistriesImpl.java:addReporterRegistration(111)) - New reporters are added after registries were created. Some metrics will be missing from the reporter. Please add reporter before adding any new registry.
2022-11-09 16:19:07,927 [Listener at 127.0.0.1/42701] INFO  impl.MetricsSystemImpl (MetricsSystemImpl.java:init(158)) - HddsDatanode metrics system started (again)
2022-11-09 16:19:07,925 [Datanode State Machine Daemon Thread] INFO  statemachine.DatanodeStateMachine (DatanodeStateMachine.java:lambda$startDaemon$0(505)) - Ozone container server started.
2022-11-09 16:19:07,947 [Listener at 127.0.0.1/42701] INFO  ozone.HddsDatanodeService (HddsDatanodeService.java:start(236)) - HddsDatanodeService host:fv-az91-492.1u4dveb1r3ruphbftqvtwhitpc.gx.internal.cloudapp.net ip:10.1.0.111
2022-11-09 16:19:07,950 [org.apache.hadoop.util.JvmPauseMonitor$Monitor@b8e043a] INFO  util.JvmPauseMonitor (JvmPauseMonitor.java:run(188)) - Starting JVM pause monitor
2022-11-09 16:19:07,958 [Datanode State Machine Task Thread - 0] INFO  ha.SCMNodeInfo (SCMNodeInfo.java:getPort(197)) - ConfigKey ozone.scm.client.address is deprecated, For configuring different ports for each SCM use PortConfigKey ozone.scm.client.port appended with serviceId and nodeId
2022-11-09 16:19:07,960 [Datanode State Machine Task Thread - 0] INFO  ha.SCMNodeInfo (SCMNodeInfo.java:getPort(197)) - ConfigKey ozone.scm.block.client.address is deprecated, For configuring different ports for each SCM use PortConfigKey ozone.scm.block.client.port appended with serviceId and nodeId
2022-11-09 16:19:07,960 [Datanode State Machine Task Thread - 0] INFO  ha.SCMNodeInfo (SCMNodeInfo.java:getPort(197)) - ConfigKey ozone.scm.datanode.address is deprecated, For configuring different ports for each SCM use PortConfigKey ozone.scm.datanode.port appended with serviceId and nodeId
2022-11-09 16:19:07,960 [Datanode State Machine Task Thread - 0] INFO  ha.SCMNodeInfo (SCMNodeInfo.java:getPort(197)) - ConfigKey ozone.scm.client.address is deprecated, For configuring different ports for each SCM use PortConfigKey ozone.scm.client.port appended with serviceId and nodeId
2022-11-09 16:19:07,960 [Datanode State Machine Task Thread - 0] INFO  ha.SCMNodeInfo (SCMNodeInfo.java:getPort(197)) - ConfigKey ozone.scm.block.client.address is deprecated, For configuring different ports for each SCM use PortConfigKey ozone.scm.block.client.port appended with serviceId and nodeId
2022-11-09 16:19:07,960 [Datanode State Machine Task Thread - 0] INFO  ha.SCMNodeInfo (SCMNodeInfo.java:getPort(197)) - ConfigKey ozone.scm.datanode.address is deprecated, For configuring different ports for each SCM use PortConfigKey ozone.scm.datanode.port appended with serviceId and nodeId
2022-11-09 16:19:07,960 [Datanode State Machine Task Thread - 0] INFO  ha.SCMNodeInfo (SCMNodeInfo.java:getPort(197)) - ConfigKey ozone.scm.client.address is deprecated, For configuring different ports for each SCM use PortConfigKey ozone.scm.client.port appended with serviceId and nodeId
2022-11-09 16:19:07,960 [Datanode State Machine Task Thread - 0] INFO  ha.SCMNodeInfo (SCMNodeInfo.java:getPort(197)) - ConfigKey ozone.scm.block.client.address is deprecated, For configuring different ports for each SCM use PortConfigKey ozone.scm.block.client.port appended with serviceId and nodeId
2022-11-09 16:19:07,960 [Datanode State Machine Task Thread - 0] INFO  ha.SCMNodeInfo (SCMNodeInfo.java:getPort(197)) - ConfigKey ozone.scm.datanode.address is deprecated, For configuring different ports for each SCM use PortConfigKey ozone.scm.datanode.port appended with serviceId and nodeId
2022-11-09 16:19:07,990 [Listener at 127.0.0.1/42701] INFO  upgrade.AbstractLayoutVersionManager (AbstractLayoutVersionManager.java:init(83)) - Initializing Layout version manager with metadata layout = DATANODE_SCHEMA_V3 (version = 4), software layout = DATANODE_SCHEMA_V3 (version = 4)
2022-11-09 16:19:08,073 [Listener at 127.0.0.1/42701] INFO  reflections.Reflections (Reflections.java:scan(232)) - Reflections took 82 ms to scan 7 urls, producing 139 keys and 336 values 
2022-11-09 16:19:08,075 [Listener at 127.0.0.1/42701] INFO  ha.SCMNodeInfo (SCMNodeInfo.java:getPort(197)) - ConfigKey ozone.scm.client.address is deprecated, For configuring different ports for each SCM use PortConfigKey ozone.scm.client.port appended with serviceId and nodeId
2022-11-09 16:19:08,075 [Listener at 127.0.0.1/42701] INFO  ha.SCMNodeInfo (SCMNodeInfo.java:getPort(197)) - ConfigKey ozone.scm.block.client.address is deprecated, For configuring different ports for each SCM use PortConfigKey ozone.scm.block.client.port appended with serviceId and nodeId
2022-11-09 16:19:08,075 [Listener at 127.0.0.1/42701] INFO  ha.SCMNodeInfo (SCMNodeInfo.java:getPort(197)) - ConfigKey ozone.scm.datanode.address is deprecated, For configuring different ports for each SCM use PortConfigKey ozone.scm.datanode.port appended with serviceId and nodeId
2022-11-09 16:19:08,075 [Listener at 127.0.0.1/42701] INFO  ha.SCMNodeInfo (SCMNodeInfo.java:getPort(197)) - ConfigKey ozone.scm.client.address is deprecated, For configuring different ports for each SCM use PortConfigKey ozone.scm.client.port appended with serviceId and nodeId
2022-11-09 16:19:08,075 [Listener at 127.0.0.1/42701] INFO  ha.SCMNodeInfo (SCMNodeInfo.java:getPort(197)) - ConfigKey ozone.scm.block.client.address is deprecated, For configuring different ports for each SCM use PortConfigKey ozone.scm.block.client.port appended with serviceId and nodeId
2022-11-09 16:19:08,075 [Listener at 127.0.0.1/42701] INFO  ha.SCMNodeInfo (SCMNodeInfo.java:getPort(197)) - ConfigKey ozone.scm.datanode.address is deprecated, For configuring different ports for each SCM use PortConfigKey ozone.scm.datanode.port appended with serviceId and nodeId
2022-11-09 16:19:08,075 [Listener at 127.0.0.1/42701] INFO  ha.SCMNodeInfo (SCMNodeInfo.java:getPort(197)) - ConfigKey ozone.scm.client.address is deprecated, For configuring different ports for each SCM use PortConfigKey ozone.scm.client.port appended with serviceId and nodeId
2022-11-09 16:19:08,075 [Listener at 127.0.0.1/42701] INFO  ha.SCMNodeInfo (SCMNodeInfo.java:getPort(197)) - ConfigKey ozone.scm.block.client.address is deprecated, For configuring different ports for each SCM use PortConfigKey ozone.scm.block.client.port appended with serviceId and nodeId
2022-11-09 16:19:08,075 [Listener at 127.0.0.1/42701] INFO  ha.SCMNodeInfo (SCMNodeInfo.java:getPort(197)) - ConfigKey ozone.scm.datanode.address is deprecated, For configuring different ports for each SCM use PortConfigKey ozone.scm.datanode.port appended with serviceId and nodeId
2022-11-09 16:19:08,075 [Listener at 127.0.0.1/42701] INFO  statemachine.DatanodeStateMachine (DatanodeStateMachine.java:getEndPointTaskThreadPoolSize(245)) - Datanode State Machine Task Thread Pool size 4
2022-11-09 16:19:08,078 [Listener at 127.0.0.1/42701] INFO  volume.HddsVolume (HddsVolume.java:<init>(117)) - Creating HddsVolume: /home/runner/work/ozone/ozone/hadoop-ozone/integration-test/target/test-dir/MiniOzoneClusterImpl-5b74f3a4-74d7-4700-a005-fabb0032522b/datanode-1/data-0/containers/hdds of storage type : DISK capacity : 9223372036854775807
2022-11-09 16:19:08,078 [Listener at 127.0.0.1/42701] INFO  volume.MutableVolumeSet (MutableVolumeSet.java:initializeVolumeSet(174)) - Added Volume : /home/runner/work/ozone/ozone/hadoop-ozone/integration-test/target/test-dir/MiniOzoneClusterImpl-5b74f3a4-74d7-4700-a005-fabb0032522b/datanode-1/data-0/containers/hdds to VolumeSet
2022-11-09 16:19:08,078 [Listener at 127.0.0.1/42701] INFO  volume.ThrottledAsyncChecker (ThrottledAsyncChecker.java:schedule(141)) - Scheduling a check for /home/runner/work/ozone/ozone/hadoop-ozone/integration-test/target/test-dir/MiniOzoneClusterImpl-5b74f3a4-74d7-4700-a005-fabb0032522b/datanode-1/data-0/containers/hdds
2022-11-09 16:19:08,079 [Listener at 127.0.0.1/42701] INFO  volume.StorageVolumeChecker (StorageVolumeChecker.java:checkAllVolumes(202)) - Scheduled health check for volume /home/runner/work/ozone/ozone/hadoop-ozone/integration-test/target/test-dir/MiniOzoneClusterImpl-5b74f3a4-74d7-4700-a005-fabb0032522b/datanode-1/data-0/containers/hdds
2022-11-09 16:19:08,094 [Listener at 127.0.0.1/42701] INFO  volume.MutableVolumeSet (MutableVolumeSet.java:initializeVolumeSet(174)) - Added Volume : /home/runner/work/ozone/ozone/hadoop-ozone/integration-test/target/test-dir/MiniOzoneClusterImpl-5b74f3a4-74d7-4700-a005-fabb0032522b/datanode-1/data/ratis to VolumeSet
2022-11-09 16:19:08,095 [Listener at 127.0.0.1/42701] INFO  volume.ThrottledAsyncChecker (ThrottledAsyncChecker.java:schedule(141)) - Scheduling a check for /home/runner/work/ozone/ozone/hadoop-ozone/integration-test/target/test-dir/MiniOzoneClusterImpl-5b74f3a4-74d7-4700-a005-fabb0032522b/datanode-1/data/ratis
2022-11-09 16:19:08,095 [Listener at 127.0.0.1/42701] INFO  volume.StorageVolumeChecker (StorageVolumeChecker.java:checkAllVolumes(202)) - Scheduled health check for volume /home/runner/work/ozone/ozone/hadoop-ozone/integration-test/target/test-dir/MiniOzoneClusterImpl-5b74f3a4-74d7-4700-a005-fabb0032522b/datanode-1/data/ratis
2022-11-09 16:19:08,108 [Thread-711] INFO  ozoneimpl.ContainerReader (ContainerReader.java:readVolume(175)) - Finish verifying containers on volume /home/runner/work/ozone/ozone/hadoop-ozone/integration-test/target/test-dir/MiniOzoneClusterImpl-5b74f3a4-74d7-4700-a005-fabb0032522b/datanode-1/data-0/containers/hdds
2022-11-09 16:19:08,111 [Listener at 127.0.0.1/42701] INFO  ozoneimpl.OzoneContainer (OzoneContainer.java:buildContainerSet(300)) - Build ContainerSet costs 0s
2022-11-09 16:19:08,114 [Listener at 127.0.0.1/42701] INFO  server.RaftServer (ConfUtils.java:logGet(46)) - raft.rpc.type = GRPC (default)
2022-11-09 16:19:08,114 [Listener at 127.0.0.1/42701] INFO  grpc.GrpcConfigKeys (ConfUtils.java:logFallback(53)) - raft.grpc.admin.host = null (fallback to raft.grpc.server.host)
2022-11-09 16:19:08,115 [Listener at 127.0.0.1/42701] INFO  grpc.GrpcConfigKeys (ConfUtils.java:logGet(46)) - raft.grpc.admin.port = 0 (custom)
2022-11-09 16:19:08,115 [Listener at 127.0.0.1/42701] INFO  grpc.GrpcConfigKeys (ConfUtils.java:logFallback(53)) - raft.grpc.client.host = null (fallback to raft.grpc.server.host)
2022-11-09 16:19:08,115 [Listener at 127.0.0.1/42701] INFO  grpc.GrpcConfigKeys (ConfUtils.java:logGet(46)) - raft.grpc.client.port = 0 (custom)
2022-11-09 16:19:08,115 [Listener at 127.0.0.1/42701] INFO  grpc.GrpcConfigKeys (ConfUtils.java:logGet(46)) - raft.grpc.server.host = null (default)
2022-11-09 16:19:08,115 [Listener at 127.0.0.1/42701] INFO  grpc.GrpcConfigKeys (ConfUtils.java:logGet(46)) - raft.grpc.server.port = 0 (default)
2022-11-09 16:19:08,115 [Listener at 127.0.0.1/42701] INFO  server.GrpcService (ConfUtils.java:logGet(46)) - raft.grpc.message.size.max = 32MB (=33554432) (custom)
2022-11-09 16:19:08,115 [Listener at 127.0.0.1/42701] INFO  server.RaftServerConfigKeys (ConfUtils.java:logGet(46)) - raft.server.log.appender.buffer.byte-limit = 33554432 (custom)
2022-11-09 16:19:08,115 [Listener at 127.0.0.1/42701] INFO  server.GrpcService (ConfUtils.java:logGet(46)) - raft.grpc.flow.control.window = 5MB (=5242880) (custom)
2022-11-09 16:19:08,115 [Listener at 127.0.0.1/42701] INFO  server.RaftServerConfigKeys (ConfUtils.java:logGet(46)) - raft.server.rpc.request.timeout = 60s (custom)
2022-11-09 16:19:08,115 [Listener at 127.0.0.1/42701] INFO  grpc.GrpcConfigKeys (ConfUtils.java:logGet(46)) - raft.grpc.server.heartbeat.channel = true (default)
2022-11-09 16:19:08,115 [Listener at 127.0.0.1/42701] INFO  grpc.GrpcConfigKeys (ConfUtils.java:logGet(46)) - raft.grpc.server.async.request.thread.pool.cached = true (default)
2022-11-09 16:19:08,115 [Listener at 127.0.0.1/42701] INFO  grpc.GrpcConfigKeys (ConfUtils.java:logGet(46)) - raft.grpc.server.async.request.thread.pool.size = 32 (default)
2022-11-09 16:19:08,118 [Listener at 127.0.0.1/42701] INFO  impl.DataStreamServerImpl (ConfUtils.java:logGet(46)) - raft.datastream.type = DISABLED (default)
2022-11-09 16:19:08,118 [Listener at 127.0.0.1/42701] INFO  server.RaftServerConfigKeys (ConfUtils.java:logGet(46)) - raft.server.threadpool.proxy.cached = true (default)
2022-11-09 16:19:08,118 [Listener at 127.0.0.1/42701] INFO  server.RaftServerConfigKeys (ConfUtils.java:logGet(46)) - raft.server.threadpool.proxy.size = 0 (default)
2022-11-09 16:19:08,118 [Listener at 127.0.0.1/42701] INFO  server.RaftServerConfigKeys (ConfUtils.java:logGet(46)) - raft.server.rpc.slowness.timeout = 300s (custom)
2022-11-09 16:19:08,118 [Listener at 127.0.0.1/42701] INFO  server.RaftServerConfigKeys (ConfUtils.java:logGet(46)) - raft.server.leaderelection.leader.step-down.wait-time = 10s (default)
2022-11-09 16:19:08,119 [Listener at 127.0.0.1/42701] INFO  server.RaftServerConfigKeys (ConfUtils.java:logGet(46)) - raft.server.storage.dir = [/home/runner/work/ozone/ozone/hadoop-ozone/integration-test/target/test-dir/MiniOzoneClusterImpl-5b74f3a4-74d7-4700-a005-fabb0032522b/datanode-1/data/ratis] (custom)
2022-11-09 16:19:08,122 [Listener at 127.0.0.1/42701] INFO  server.XceiverServerGrpc (XceiverServerGrpc.java:<init>(132)) - GrpcServer channel type EpollServerSocketChannel
2022-11-09 16:19:08,126 [Datanode State Machine Task Thread - 0] INFO  datanode.InitDatanodeState (InitDatanodeState.java:persistContainerDatanodeDetails(138)) - DatanodeDetails is persisted to /home/runner/work/ozone/ozone/hadoop-ozone/integration-test/target/test-dir/MiniOzoneClusterImpl-5b74f3a4-74d7-4700-a005-fabb0032522b/datanode-0/meta/datanode.id
2022-11-09 16:19:08,127 [Listener at 127.0.0.1/42701] INFO  http.BaseHttpServer (BaseHttpServer.java:newHttpServer2BuilderForOzone(213)) - Starting Web-server for hddsDatanode at: http://0.0.0.0:0
2022-11-09 16:19:08,128 [Listener at 127.0.0.1/42701] INFO  http.BaseHttpServer (BaseHttpServer.java:<init>(108)) - Hadoop Security Enabled: false Ozone Security Enabled: false Ozone HTTP Security Enabled: false 
2022-11-09 16:19:08,129 [Listener at 127.0.0.1/42701] WARN  server.AuthenticationFilter (AuthenticationFilter.java:constructSecretProvider(240)) - Unable to initialize FileSignerSecretProvider, falling back to use random secrets. Reason: Could not read signature secret file: /home/runner/hadoop-http-auth-signature-secret
2022-11-09 16:19:08,130 [Listener at 127.0.0.1/42701] WARN  http.HttpRequestLog (HttpRequestLog.java:getRequestLog(103)) - Jetty request log can only be enabled using Log4j
2022-11-09 16:19:08,132 [Listener at 127.0.0.1/42701] INFO  http.HttpServer2 (HttpServer2.java:addGlobalFilter(1031)) - Added global filter 'safety' (class=org.apache.hadoop.hdds.server.http.HttpServer2$QuotingInputFilter)
2022-11-09 16:19:08,133 [Listener at 127.0.0.1/42701] INFO  http.HttpServer2 (HttpServer2.java:addFilter(1007)) - Added filter static_user_filter (class=org.apache.hadoop.http.lib.StaticUserWebFilter$StaticUserFilter) to context hddsDatanode
2022-11-09 16:19:08,133 [Listener at 127.0.0.1/42701] INFO  http.HttpServer2 (HttpServer2.java:addFilter(1015)) - Added filter static_user_filter (class=org.apache.hadoop.http.lib.StaticUserWebFilter$StaticUserFilter) to context static
2022-11-09 16:19:08,133 [Listener at 127.0.0.1/42701] INFO  http.HttpServer2 (HttpServer2.java:addFilter(1015)) - Added filter static_user_filter (class=org.apache.hadoop.http.lib.StaticUserWebFilter$StaticUserFilter) to context logs
2022-11-09 16:19:08,133 [Listener at 127.0.0.1/42701] INFO  http.HttpServer2 (HttpServer2.java:bindListener(1250)) - Jetty bound to port 35347
2022-11-09 16:19:08,133 [Listener at 127.0.0.1/42701] INFO  server.Server (Server.java:doStart(375)) - jetty-9.4.49.v20220914; built: 2022-09-14T01:07:36.601Z; git: 4231a3b2e4cb8548a412a789936d640a97b1aa0a; jvm 1.8.0_345-b01
2022-11-09 16:19:08,134 [Listener at 127.0.0.1/42701] INFO  server.session (DefaultSessionIdManager.java:doStart(334)) - DefaultSessionIdManager workerName=node0
2022-11-09 16:19:08,135 [Listener at 127.0.0.1/42701] INFO  server.session (DefaultSessionIdManager.java:doStart(339)) - No SessionScavenger set, using defaults
2022-11-09 16:19:08,135 [Listener at 127.0.0.1/42701] INFO  server.session (HouseKeeper.java:startScavenging(132)) - node0 Scavenging every 600000ms
2022-11-09 16:19:08,135 [Listener at 127.0.0.1/42701] INFO  handler.ContextHandler (ContextHandler.java:doStart(921)) - Started o.e.j.s.ServletContextHandler@492f2076{logs,/logs,file:///home/runner/work/ozone/ozone/hadoop-ozone/integration-test/target/log,AVAILABLE}
2022-11-09 16:19:08,136 [Listener at 127.0.0.1/42701] INFO  handler.ContextHandler (ContextHandler.java:doStart(921)) - Started o.e.j.s.ServletContextHandler@1605a92d{static,/static,jar:file:/home/runner/.m2/repository/org/apache/ozone/hdds-container-service/1.3.0-SNAPSHOT/hdds-container-service-1.3.0-SNAPSHOT.jar!/webapps/static,AVAILABLE}
2022-11-09 16:19:08,279 [omNode-2@group-6C22E66A003A-FollowerState] INFO  impl.FollowerState (FollowerState.java:run(143)) - omNode-2@group-6C22E66A003A-FollowerState: change to CANDIDATE, lastRpcElapsedTime:1102564464ns, electionTimeout:1089ms
2022-11-09 16:19:08,279 [omNode-2@group-6C22E66A003A-FollowerState] INFO  impl.RoleInfo (RoleInfo.java:shutdownFollowerState(110)) - omNode-2: shutdown omNode-2@group-6C22E66A003A-FollowerState
2022-11-09 16:19:08,279 [omNode-2@group-6C22E66A003A-FollowerState] INFO  server.RaftServer$Division (RaftServerImpl.java:setRole(321)) - omNode-2@group-6C22E66A003A: changes role from  FOLLOWER to CANDIDATE at term 2 for changeToCandidate
2022-11-09 16:19:08,279 [omNode-2@group-6C22E66A003A-FollowerState] INFO  server.RaftServerConfigKeys (ConfUtils.java:logGet(46)) - raft.server.leaderelection.pre-vote = false (custom)
2022-11-09 16:19:08,279 [omNode-2@group-6C22E66A003A-FollowerState] INFO  impl.RoleInfo (RoleInfo.java:updateAndGet(139)) - omNode-2: start omNode-2@group-6C22E66A003A-LeaderElection6
2022-11-09 16:19:08,291 [omNode-2@group-6C22E66A003A-LeaderElection6] INFO  impl.LeaderElection (LeaderElection.java:askForVotes(312)) - omNode-2@group-6C22E66A003A-LeaderElection6 ELECTION round 0: submit vote requests at term 3 for 0: peers:[omNode-3|rpc:localhost:45745|admin:|client:|dataStream:|priority:0|startupRole:FOLLOWER, omNode-1|rpc:localhost:35747|admin:|client:|dataStream:|priority:0|startupRole:FOLLOWER, omNode-2|rpc:localhost:40777|admin:|client:|dataStream:|priority:0|startupRole:FOLLOWER]|listeners:[], old=null
2022-11-09 16:19:08,309 [grpc-default-executor-0] INFO  server.RaftServer$Division (RaftServerImpl.java:requestVote(1218)) - omNode-3@group-6C22E66A003A: receive requestVote(ELECTION, omNode-2, group-6C22E66A003A, 3, (t:1, i:0))
2022-11-09 16:19:08,309 [grpc-default-executor-0] INFO  impl.VoteContext (VoteContext.java:log(48)) - omNode-3@group-6C22E66A003A-FOLLOWER: accept ELECTION from omNode-2: our priority 0 <= candidate's priority 0
2022-11-09 16:19:08,310 [grpc-default-executor-0] INFO  server.RaftServer$Division (RaftServerImpl.java:setRole(321)) - omNode-3@group-6C22E66A003A: changes role from  FOLLOWER to FOLLOWER at term 3 for candidate:omNode-2
2022-11-09 16:19:08,310 [grpc-default-executor-0] INFO  impl.RoleInfo (RoleInfo.java:shutdownFollowerState(110)) - omNode-3: shutdown omNode-3@group-6C22E66A003A-FollowerState
2022-11-09 16:19:08,310 [grpc-default-executor-0] INFO  impl.RoleInfo (RoleInfo.java:updateAndGet(139)) - omNode-3: start omNode-3@group-6C22E66A003A-FollowerState
2022-11-09 16:19:08,310 [omNode-3@group-6C22E66A003A-FollowerState] INFO  impl.FollowerState (FollowerState.java:run(152)) - omNode-3@group-6C22E66A003A-FollowerState was interrupted
2022-11-09 16:19:08,320 [grpc-default-executor-0] INFO  server.RaftServer$Division (RaftServerImpl.java:requestVote(1251)) - omNode-3@group-6C22E66A003A replies to ELECTION vote request: omNode-2<-omNode-3#0:OK-t3. Peer's state: omNode-3@group-6C22E66A003A:t3, leader=null, voted=omNode-2, raftlog=Memoized:omNode-3@group-6C22E66A003A-SegmentedRaftLog:OPENED:c-1, conf=0: peers:[omNode-3|rpc:localhost:45745|admin:|client:|dataStream:|priority:0|startupRole:FOLLOWER, omNode-1|rpc:localhost:35747|admin:|client:|dataStream:|priority:0|startupRole:FOLLOWER, omNode-2|rpc:localhost:40777|admin:|client:|dataStream:|priority:0|startupRole:FOLLOWER]|listeners:[], old=null
2022-11-09 16:19:08,324 [omNode-2@group-6C22E66A003A-LeaderElection6] INFO  impl.LeaderElection (LeaderElection.java:logAndReturn(90)) - omNode-2@group-6C22E66A003A-LeaderElection6: ELECTION PASSED received 1 response(s) and 0 exception(s):
2022-11-09 16:19:08,324 [omNode-2@group-6C22E66A003A-LeaderElection6] INFO  impl.LeaderElection (LeaderElection.java:logAndReturn(94)) -   Response 0: omNode-2<-omNode-3#0:OK-t3
2022-11-09 16:19:08,324 [omNode-2@group-6C22E66A003A-LeaderElection6] INFO  impl.LeaderElection (LeaderElection.java:askForVotes(314)) - omNode-2@group-6C22E66A003A-LeaderElection6 ELECTION round 0: result PASSED
2022-11-09 16:19:08,324 [omNode-2@group-6C22E66A003A-LeaderElection6] INFO  impl.RoleInfo (RoleInfo.java:shutdownLeaderElection(130)) - omNode-2: shutdown omNode-2@group-6C22E66A003A-LeaderElection6
2022-11-09 16:19:08,324 [omNode-2@group-6C22E66A003A-LeaderElection6] INFO  server.RaftServer$Division (RaftServerImpl.java:setRole(321)) - omNode-2@group-6C22E66A003A: changes role from CANDIDATE to LEADER at term 3 for changeToLeader
2022-11-09 16:19:08,324 [omNode-2@group-6C22E66A003A-LeaderElection6] INFO  server.RaftServer$Division (ServerState.java:setLeader(313)) - omNode-2@group-6C22E66A003A: change Leader from null to omNode-2 at term 3 for becomeLeader, leader elected after 1200ms
2022-11-09 16:19:08,324 [omNode-2@group-6C22E66A003A-LeaderElection6] INFO  server.RaftServerConfigKeys (ConfUtils.java:logGet(46)) - raft.server.staging.catchup.gap = 1000 (default)
2022-11-09 16:19:08,325 [omNode-2@group-6C22E66A003A-LeaderElection6] INFO  server.RaftServerConfigKeys (ConfUtils.java:logGet(46)) - raft.server.write.element-limit = 4096 (default)
2022-11-09 16:19:08,325 [omNode-2@group-6C22E66A003A-LeaderElection6] INFO  server.RaftServerConfigKeys (ConfUtils.java:logGet(46)) - raft.server.write.byte-limit = 64MB (=67108864) (default)
2022-11-09 16:19:08,325 [omNode-2@group-6C22E66A003A-LeaderElection6] INFO  server.RaftServerConfigKeys (ConfUtils.java:logGet(46)) - raft.server.watch.timeout = 10s (default)
2022-11-09 16:19:08,325 [omNode-2@group-6C22E66A003A-LeaderElection6] INFO  server.RaftServerConfigKeys (ConfUtils.java:logGet(46)) - raft.server.watch.timeout.denomination = 1s (default)
2022-11-09 16:19:08,325 [omNode-2@group-6C22E66A003A-LeaderElection6] INFO  server.RaftServerConfigKeys (ConfUtils.java:logGet(46)) - raft.server.watch.element-limit = 65536 (default)
2022-11-09 16:19:08,325 [omNode-2@group-6C22E66A003A-LeaderElection6] INFO  server.RaftServerConfigKeys (ConfUtils.java:logGet(46)) - raft.server.write.element-limit = 4096 (default)
2022-11-09 16:19:08,325 [omNode-2@group-6C22E66A003A-LeaderElection6] INFO  server.RaftServerConfigKeys (ConfUtils.java:logGet(46)) - raft.server.write.follower.gap.ratio.max = -1.0 (default)
2022-11-09 16:19:08,326 [omNode-2@group-6C22E66A003A-LeaderElection6] INFO  server.RaftServerConfigKeys (ConfUtils.java:logGet(46)) - raft.server.log.appender.snapshot.chunk.size.max = 16MB (=16777216) (default)
2022-11-09 16:19:08,326 [omNode-2@group-6C22E66A003A-LeaderElection6] INFO  server.RaftServerConfigKeys (ConfUtils.java:logGet(46)) - raft.server.log.appender.buffer.byte-limit = 33554432 (custom)
2022-11-09 16:19:08,326 [omNode-2@group-6C22E66A003A-LeaderElection6] INFO  server.RaftServerConfigKeys (ConfUtils.java:logGet(46)) - raft.server.log.appender.buffer.element-limit = 1024 (custom)
2022-11-09 16:19:08,326 [omNode-2@group-6C22E66A003A-LeaderElection6] INFO  grpc.GrpcConfigKeys (ConfUtils.java:logGet(46)) - raft.grpc.server.leader.outstanding.appends.max = 128 (default)
2022-11-09 16:19:08,326 [omNode-2@group-6C22E66A003A-LeaderElection6] INFO  server.RaftServerConfigKeys (ConfUtils.java:logGet(46)) - raft.server.rpc.request.timeout = 3000ms (default)
2022-11-09 16:19:08,326 [omNode-2@group-6C22E66A003A-LeaderElection6] INFO  server.RaftServerConfigKeys (ConfUtils.java:logGet(46)) - raft.server.log.appender.install.snapshot.enabled = false (custom)
2022-11-09 16:19:08,326 [omNode-2@group-6C22E66A003A-LeaderElection6] INFO  grpc.GrpcConfigKeys (ConfUtils.java:logGet(46)) - raft.grpc.server.heartbeat.channel = true (default)
2022-11-09 16:19:08,326 [omNode-2@group-6C22E66A003A-LeaderElection6] INFO  server.RaftServerConfigKeys (ConfUtils.java:logGet(46)) - raft.server.log.appender.wait-time.min = 10ms (default)
2022-11-09 16:19:08,327 [omNode-2@group-6C22E66A003A-LeaderElection6] INFO  server.RaftServerConfigKeys (ConfUtils.java:logGet(46)) - raft.server.log.appender.snapshot.chunk.size.max = 16MB (=16777216) (default)
2022-11-09 16:19:08,327 [omNode-2@group-6C22E66A003A-LeaderElection6] INFO  server.RaftServerConfigKeys (ConfUtils.java:logGet(46)) - raft.server.log.appender.buffer.byte-limit = 33554432 (custom)
2022-11-09 16:19:08,327 [omNode-2@group-6C22E66A003A-LeaderElection6] INFO  server.RaftServerConfigKeys (ConfUtils.java:logGet(46)) - raft.server.log.appender.buffer.element-limit = 1024 (custom)
2022-11-09 16:19:08,327 [omNode-2@group-6C22E66A003A-LeaderElection6] INFO  grpc.GrpcConfigKeys (ConfUtils.java:logGet(46)) - raft.grpc.server.leader.outstanding.appends.max = 128 (default)
2022-11-09 16:19:08,327 [omNode-2@group-6C22E66A003A-LeaderElection6] INFO  server.RaftServerConfigKeys (ConfUtils.java:logGet(46)) - raft.server.rpc.request.timeout = 3000ms (default)
2022-11-09 16:19:08,327 [omNode-2@group-6C22E66A003A-LeaderElection6] INFO  server.RaftServerConfigKeys (ConfUtils.java:logGet(46)) - raft.server.log.appender.install.snapshot.enabled = false (custom)
2022-11-09 16:19:08,327 [omNode-2@group-6C22E66A003A-LeaderElection6] INFO  grpc.GrpcConfigKeys (ConfUtils.java:logGet(46)) - raft.grpc.server.heartbeat.channel = true (default)
2022-11-09 16:19:08,327 [omNode-2@group-6C22E66A003A-LeaderElection6] INFO  server.RaftServerConfigKeys (ConfUtils.java:logGet(46)) - raft.server.log.appender.wait-time.min = 10ms (default)
2022-11-09 16:19:08,327 [omNode-2@group-6C22E66A003A-LeaderElection6] INFO  impl.RoleInfo (RoleInfo.java:updateAndGet(139)) - omNode-2: start omNode-2@group-6C22E66A003A-LeaderStateImpl
2022-11-09 16:19:08,327 [omNode-2@group-6C22E66A003A-LeaderElection6] INFO  segmented.SegmentedRaftLogWorker (SegmentedRaftLogWorker.java:rollLogSegment(457)) - omNode-2@group-6C22E66A003A-SegmentedRaftLogWorker: Rolling segment log-0_0 to index:0
2022-11-09 16:19:08,329 [omNode-2@group-6C22E66A003A-SegmentedRaftLogWorker] INFO  segmented.SegmentedRaftLogWorker (SegmentedRaftLogWorker.java:execute(613)) - omNode-2@group-6C22E66A003A-SegmentedRaftLogWorker: Rolled log segment from /home/runner/work/ozone/ozone/hadoop-ozone/integration-test/target/test-dir/MiniOzoneClusterImpl-5b74f3a4-74d7-4700-a005-fabb0032522b/omNode-2/ratis/9c9825ce-8ba7-3ee6-a7c3-6c22e66a003a/current/log_inprogress_0 to /home/runner/work/ozone/ozone/hadoop-ozone/integration-test/target/test-dir/MiniOzoneClusterImpl-5b74f3a4-74d7-4700-a005-fabb0032522b/omNode-2/ratis/9c9825ce-8ba7-3ee6-a7c3-6c22e66a003a/current/log_0-0
2022-11-09 16:19:08,337 [omNode-1@group-6C22E66A003A-FollowerState] INFO  impl.FollowerState (FollowerState.java:run(143)) - omNode-1@group-6C22E66A003A-FollowerState: change to CANDIDATE, lastRpcElapsedTime:1142671394ns, electionTimeout:1142ms
2022-11-09 16:19:08,337 [omNode-1@group-6C22E66A003A-FollowerState] INFO  impl.RoleInfo (RoleInfo.java:shutdownFollowerState(110)) - omNode-1: shutdown omNode-1@group-6C22E66A003A-FollowerState
2022-11-09 16:19:08,337 [omNode-1@group-6C22E66A003A-FollowerState] INFO  server.RaftServer$Division (RaftServerImpl.java:setRole(321)) - omNode-1@group-6C22E66A003A: changes role from  FOLLOWER to CANDIDATE at term 2 for changeToCandidate
2022-11-09 16:19:08,349 [omNode-1@group-6C22E66A003A-FollowerState] INFO  server.RaftServerConfigKeys (ConfUtils.java:logGet(46)) - raft.server.leaderelection.pre-vote = false (custom)
2022-11-09 16:19:08,349 [omNode-1@group-6C22E66A003A-FollowerState] INFO  impl.RoleInfo (RoleInfo.java:updateAndGet(139)) - omNode-1: start omNode-1@group-6C22E66A003A-LeaderElection7
2022-11-09 16:19:08,354 [omNode-2@group-6C22E66A003A-LeaderElection6] INFO  server.RaftServer$Division (ServerState.java:setRaftConf(430)) - omNode-2@group-6C22E66A003A: set configuration 1: peers:[omNode-3|rpc:localhost:45745|admin:|client:|dataStream:|priority:0|startupRole:FOLLOWER, omNode-1|rpc:localhost:35747|admin:|client:|dataStream:|priority:0|startupRole:FOLLOWER, omNode-2|rpc:localhost:40777|admin:|client:|dataStream:|priority:0|startupRole:FOLLOWER]|listeners:[], old=null
2022-11-09 16:19:08,357 [grpc-default-executor-0] INFO  server.RaftServer$Division (RaftServerImpl.java:requestVote(1218)) - omNode-1@group-6C22E66A003A: receive requestVote(ELECTION, omNode-2, group-6C22E66A003A, 3, (t:1, i:0))
2022-11-09 16:19:08,355 [omNode-2@group-6C22E66A003A-SegmentedRaftLogWorker] INFO  segmented.SegmentedRaftLogWorker (SegmentedRaftLogWorker.java:execute(656)) - omNode-2@group-6C22E66A003A-SegmentedRaftLogWorker: created new log segment /home/runner/work/ozone/ozone/hadoop-ozone/integration-test/target/test-dir/MiniOzoneClusterImpl-5b74f3a4-74d7-4700-a005-fabb0032522b/omNode-2/ratis/9c9825ce-8ba7-3ee6-a7c3-6c22e66a003a/current/log_inprogress_1
2022-11-09 16:19:08,355 [Listener at 127.0.0.1/42701] INFO  handler.ContextHandler (ContextHandler.java:doStart(921)) - Started o.e.j.w.WebAppContext@541b65e4{hddsDatanode,/,file:///tmp/jetty-0_0_0_0-35347-hdds-container-service-1_3_0-SNAPSHOT_jar-_-any-2082132177970536982/webapp/,AVAILABLE}{jar:file:/home/runner/.m2/repository/org/apache/ozone/hdds-container-service/1.3.0-SNAPSHOT/hdds-container-service-1.3.0-SNAPSHOT.jar!/webapps/hddsDatanode}
2022-11-09 16:19:08,361 [Listener at 127.0.0.1/42701] INFO  server.AbstractConnector (AbstractConnector.java:doStart(333)) - Started ServerConnector@42d379d3{HTTP/1.1, (http/1.1)}{0.0.0.0:35347}
2022-11-09 16:19:08,361 [Listener at 127.0.0.1/42701] INFO  server.Server (Server.java:doStart(415)) - Started @27378ms
2022-11-09 16:19:08,361 [Listener at 127.0.0.1/42701] WARN  impl.MetricsSystemImpl (MetricsSystemImpl.java:register(279)) - Sink prometheus already exists!
2022-11-09 16:19:08,362 [Listener at 127.0.0.1/42701] INFO  http.BaseHttpServer (BaseHttpServer.java:updateConnectorAddress(333)) - HTTP server of hddsDatanode listening at http://0.0.0.0:35347
2022-11-09 16:19:08,362 [Listener at 127.0.0.1/42701] WARN  impl.MetricRegistriesImpl (MetricRegistriesImpl.java:addReporterRegistration(111)) - New reporters are added after registries were created. Some metrics will be missing from the reporter. Please add reporter before adding any new registry.
2022-11-09 16:19:08,362 [Listener at 127.0.0.1/42701] WARN  impl.MetricRegistriesImpl (MetricRegistriesImpl.java:addReporterRegistration(111)) - New reporters are added after registries were created. Some metrics will be missing from the reporter. Please add reporter before adding any new registry.
2022-11-09 16:19:08,362 [Listener at 127.0.0.1/42701] INFO  impl.MetricsSystemImpl (MetricsSystemImpl.java:init(158)) - HddsDatanode metrics system started (again)
2022-11-09 16:19:08,364 [omNode-3-server-thread2] INFO  server.RaftServer$Division (ServerState.java:setLeader(313)) - omNode-3@group-6C22E66A003A: change Leader from null to omNode-2 at term 3 for appendEntries, leader elected after 1229ms
2022-11-09 16:19:08,365 [omNode-3@group-6C22E66A003A-StateMachineUpdater] INFO  ratis.OzoneManagerStateMachine (OzoneManagerStateMachine.java:notifyConfigurationChanged(192)) - Received Configuration change notification from Ratis. New Peer list:
[id: "omNode-3"
address: "localhost:45745"
startupRole: FOLLOWER
, id: "omNode-1"
address: "localhost:35747"
startupRole: FOLLOWER
, id: "omNode-2"
address: "localhost:40777"
startupRole: FOLLOWER
]
2022-11-09 16:19:08,366 [omNode-1@group-6C22E66A003A-LeaderElection7] INFO  impl.LeaderElection (LeaderElection.java:askForVotes(312)) - omNode-1@group-6C22E66A003A-LeaderElection7 ELECTION round 0: submit vote requests at term 3 for -1: peers:[omNode-3|rpc:localhost:45745|priority:0|startupRole:FOLLOWER, omNode-1|rpc:localhost:35747|priority:0|startupRole:FOLLOWER, omNode-2|rpc:localhost:40777|priority:0|startupRole:FOLLOWER]|listeners:[], old=null
2022-11-09 16:19:08,366 [omNode-1-server-thread1] INFO  server.RaftServer$Division (RaftServerImpl.java:setRole(321)) - omNode-1@group-6C22E66A003A: changes role from CANDIDATE to FOLLOWER at term 3 for appendEntries
2022-11-09 16:19:08,366 [omNode-1-server-thread1] INFO  impl.RoleInfo (RoleInfo.java:shutdownLeaderElection(130)) - omNode-1: shutdown omNode-1@group-6C22E66A003A-LeaderElection7
2022-11-09 16:19:08,371 [omNode-1@group-6C22E66A003A-LeaderElection7] INFO  server.RaftServerConfigKeys (ConfUtils.java:logFallback(53)) - raft.server.rpc.first-election.timeout.min = 1s (fallback to raft.server.rpc.timeout.min)
2022-11-09 16:19:08,371 [omNode-1@group-6C22E66A003A-LeaderElection7] INFO  server.RaftServerConfigKeys (ConfUtils.java:logFallback(53)) - raft.server.rpc.first-election.timeout.max = 1200ms (fallback to raft.server.rpc.timeout.max)
2022-11-09 16:19:08,371 [omNode-1@group-6C22E66A003A-LeaderElection7] INFO  impl.LeaderElection (LeaderElection.java:logAndReturn(90)) - omNode-1@group-6C22E66A003A-LeaderElection7: ELECTION REJECTED received 0 response(s) and 0 exception(s):
2022-11-09 16:19:08,371 [omNode-1@group-6C22E66A003A-LeaderElection7] INFO  impl.LeaderElection (LeaderElection.java:askForVotes(314)) - omNode-1@group-6C22E66A003A-LeaderElection7 ELECTION round 0: result REJECTED
2022-11-09 16:19:08,374 [grpc-default-executor-4] INFO  server.RaftServer$Division (RaftServerImpl.java:requestVote(1218)) - omNode-3@group-6C22E66A003A: receive requestVote(ELECTION, omNode-1, group-6C22E66A003A, 3, (t:0, i:~))
2022-11-09 16:19:08,374 [grpc-default-executor-4] INFO  impl.VoteContext (VoteContext.java:log(48)) - omNode-3@group-6C22E66A003A-FOLLOWER: reject ELECTION from omNode-1: already has voted for omNode-2 at current term 3
2022-11-09 16:19:08,374 [grpc-default-executor-4] INFO  server.RaftServer$Division (RaftServerImpl.java:requestVote(1251)) - omNode-3@group-6C22E66A003A replies to ELECTION vote request: omNode-1<-omNode-3#0:FAIL-t3. Peer's state: omNode-3@group-6C22E66A003A:t3, leader=omNode-2, voted=omNode-2, raftlog=Memoized:omNode-3@group-6C22E66A003A-SegmentedRaftLog:OPENED:c0, conf=0: peers:[omNode-3|rpc:localhost:45745|admin:|client:|dataStream:|priority:0|startupRole:FOLLOWER, omNode-1|rpc:localhost:35747|admin:|client:|dataStream:|priority:0|startupRole:FOLLOWER, omNode-2|rpc:localhost:40777|admin:|client:|dataStream:|priority:0|startupRole:FOLLOWER]|listeners:[], old=null
2022-11-09 16:19:08,374 [omNode-1-server-thread1] INFO  impl.RoleInfo (RoleInfo.java:updateAndGet(139)) - omNode-1: start omNode-1@group-6C22E66A003A-FollowerState
2022-11-09 16:19:08,375 [omNode-1-server-thread1] INFO  server.RaftServer$Division (ServerState.java:setLeader(313)) - omNode-1@group-6C22E66A003A: change Leader from null to omNode-2 at term 3 for appendEntries, leader elected after 4561ms
2022-11-09 16:19:08,375 [omNode-1-server-thread1] INFO  server.RaftServer$Division (RaftServerImpl.java:checkInconsistentAppendEntries(1508)) - omNode-1@group-6C22E66A003A: Failed appendEntries as previous log entry ((t:1, i:0)) is not found
2022-11-09 16:19:08,375 [omNode-1-server-thread1] INFO  server.RaftServer$Division (RaftServerImpl.java:checkInconsistentAppendEntries(1478)) - omNode-1@group-6C22E66A003A: inconsistency entries. Reply:omNode-2<-omNode-1#0:FAIL-t3,INCONSISTENCY,nextIndex=0,followerCommit=-1,matchIndex=-1
2022-11-09 16:19:08,375 [grpc-default-executor-0] INFO  impl.VoteContext (VoteContext.java:log(48)) - omNode-1@group-6C22E66A003A-FOLLOWER: reject ELECTION from omNode-2: already has voted for omNode-1 at current term 3
2022-11-09 16:19:08,376 [grpc-default-executor-6] INFO  leader.FollowerInfo (FollowerInfoImpl.java:lambda$new$0(48)) - omNode-2@group-6C22E66A003A->omNode-1: nextIndex: updateUnconditionally 2 -> 0
2022-11-09 16:19:08,378 [grpc-default-executor-0] INFO  server.RaftServer$Division (RaftServerImpl.java:requestVote(1251)) - omNode-1@group-6C22E66A003A replies to ELECTION vote request: omNode-2<-omNode-1#0:FAIL-t3. Peer's state: omNode-1@group-6C22E66A003A:t3, leader=omNode-2, voted=omNode-1, raftlog=Memoized:omNode-1@group-6C22E66A003A-SegmentedRaftLog:OPENED:c-1, conf=-1: peers:[omNode-3|rpc:localhost:45745|priority:0|startupRole:FOLLOWER, omNode-1|rpc:localhost:35747|priority:0|startupRole:FOLLOWER, omNode-2|rpc:localhost:40777|priority:0|startupRole:FOLLOWER]|listeners:[], old=null
2022-11-09 16:19:08,379 [omNode-1-server-thread2] INFO  server.RaftServer$Division (RaftServerImpl.java:checkInconsistentAppendEntries(1508)) - omNode-1@group-6C22E66A003A: Failed appendEntries as previous log entry ((t:1, i:0)) is not found
2022-11-09 16:19:08,379 [omNode-1-server-thread2] INFO  server.RaftServer$Division (RaftServerImpl.java:checkInconsistentAppendEntries(1478)) - omNode-1@group-6C22E66A003A: inconsistency entries. Reply:omNode-2<-omNode-1#1:FAIL-t3,INCONSISTENCY,nextIndex=0,followerCommit=-1,matchIndex=-1
2022-11-09 16:19:08,381 [Datanode State Machine Daemon Thread] INFO  statemachine.DatanodeStateMachine (DatanodeStateMachine.java:lambda$startDaemon$0(505)) - Ozone container server started.
2022-11-09 16:19:08,384 [omNode-3-server-thread1] INFO  server.RaftServer$Division (ServerState.java:setRaftConf(430)) - omNode-3@group-6C22E66A003A: set configuration 1: peers:[omNode-3|rpc:localhost:45745|admin:|client:|dataStream:|priority:0|startupRole:FOLLOWER, omNode-1|rpc:localhost:35747|admin:|client:|dataStream:|priority:0|startupRole:FOLLOWER, omNode-2|rpc:localhost:40777|admin:|client:|dataStream:|priority:0|startupRole:FOLLOWER]|listeners:[], old=null
2022-11-09 16:19:08,386 [omNode-3-server-thread1] INFO  segmented.SegmentedRaftLogWorker (SegmentedRaftLogWorker.java:rollLogSegment(457)) - omNode-3@group-6C22E66A003A-SegmentedRaftLogWorker: Rolling segment log-0_0 to index:0
2022-11-09 16:19:08,383 [grpc-default-executor-6] INFO  leader.FollowerInfo (FollowerInfoImpl.java:lambda$new$0(48)) - omNode-2@group-6C22E66A003A->omNode-1: nextIndex: updateUnconditionally 2 -> 0
2022-11-09 16:19:08,387 [omNode-3@group-6C22E66A003A-SegmentedRaftLogWorker] INFO  segmented.SegmentedRaftLogWorker (SegmentedRaftLogWorker.java:execute(613)) - omNode-3@group-6C22E66A003A-SegmentedRaftLogWorker: Rolled log segment from /home/runner/work/ozone/ozone/hadoop-ozone/integration-test/target/test-dir/MiniOzoneClusterImpl-5b74f3a4-74d7-4700-a005-fabb0032522b/omNode-3/ratis/9c9825ce-8ba7-3ee6-a7c3-6c22e66a003a/current/log_inprogress_0 to /home/runner/work/ozone/ozone/hadoop-ozone/integration-test/target/test-dir/MiniOzoneClusterImpl-5b74f3a4-74d7-4700-a005-fabb0032522b/omNode-3/ratis/9c9825ce-8ba7-3ee6-a7c3-6c22e66a003a/current/log_0-0
2022-11-09 16:19:08,395 [grpc-default-executor-2] INFO  server.RaftServer$Division (RaftServerImpl.java:requestVote(1218)) - omNode-2@group-6C22E66A003A: receive requestVote(ELECTION, omNode-1, group-6C22E66A003A, 3, (t:0, i:~))
2022-11-09 16:19:08,395 [grpc-default-executor-2] INFO  impl.VoteContext (VoteContext.java:log(48)) - omNode-2@group-6C22E66A003A-LEADER: reject ELECTION from omNode-1: already has voted for omNode-2 at current term 3
2022-11-09 16:19:08,395 [grpc-default-executor-2] INFO  server.RaftServer$Division (RaftServerImpl.java:requestVote(1251)) - omNode-2@group-6C22E66A003A replies to ELECTION vote request: omNode-1<-omNode-2#0:FAIL-t3. Peer's state: omNode-2@group-6C22E66A003A:t3, leader=omNode-2, voted=omNode-2, raftlog=Memoized:omNode-2@group-6C22E66A003A-SegmentedRaftLog:OPENED:c0, conf=1: peers:[omNode-3|rpc:localhost:45745|admin:|client:|dataStream:|priority:0|startupRole:FOLLOWER, omNode-1|rpc:localhost:35747|admin:|client:|dataStream:|priority:0|startupRole:FOLLOWER, omNode-2|rpc:localhost:40777|admin:|client:|dataStream:|priority:0|startupRole:FOLLOWER]|listeners:[], old=null
2022-11-09 16:19:08,395 [omNode-1-server-thread2] INFO  server.RaftServer$Division (ServerState.java:setRaftConf(430)) - omNode-1@group-6C22E66A003A: set configuration 0: peers:[omNode-3|rpc:localhost:45745|admin:|client:|dataStream:|priority:0|startupRole:FOLLOWER, omNode-1|rpc:localhost:35747|admin:|client:|dataStream:|priority:0|startupRole:FOLLOWER, omNode-2|rpc:localhost:40777|admin:|client:|dataStream:|priority:0|startupRole:FOLLOWER]|listeners:[], old=null
2022-11-09 16:19:08,397 [omNode-1-server-thread2] INFO  server.RaftServer$Division (ServerState.java:setRaftConf(430)) - omNode-1@group-6C22E66A003A: set configuration 1: peers:[omNode-3|rpc:localhost:45745|admin:|client:|dataStream:|priority:0|startupRole:FOLLOWER, omNode-1|rpc:localhost:35747|admin:|client:|dataStream:|priority:0|startupRole:FOLLOWER, omNode-2|rpc:localhost:40777|admin:|client:|dataStream:|priority:0|startupRole:FOLLOWER]|listeners:[], old=null
2022-11-09 16:19:08,397 [omNode-1-server-thread2] INFO  segmented.SegmentedRaftLogWorker (SegmentedRaftLogWorker.java:startLogSegment(452)) - omNode-1@group-6C22E66A003A-SegmentedRaftLogWorker: Starting segment from index:0
2022-11-09 16:19:08,398 [omNode-3@group-6C22E66A003A-SegmentedRaftLogWorker] INFO  segmented.SegmentedRaftLogWorker (SegmentedRaftLogWorker.java:execute(656)) - omNode-3@group-6C22E66A003A-SegmentedRaftLogWorker: created new log segment /home/runner/work/ozone/ozone/hadoop-ozone/integration-test/target/test-dir/MiniOzoneClusterImpl-5b74f3a4-74d7-4700-a005-fabb0032522b/omNode-3/ratis/9c9825ce-8ba7-3ee6-a7c3-6c22e66a003a/current/log_inprogress_1
2022-11-09 16:19:08,402 [Listener at 127.0.0.1/42701] INFO  ozone.HddsDatanodeService (HddsDatanodeService.java:start(236)) - HddsDatanodeService host:fv-az91-492.1u4dveb1r3ruphbftqvtwhitpc.gx.internal.cloudapp.net ip:10.1.0.111
2022-11-09 16:19:08,412 [org.apache.hadoop.util.JvmPauseMonitor$Monitor@1a17daba] INFO  util.JvmPauseMonitor (JvmPauseMonitor.java:run(188)) - Starting JVM pause monitor
2022-11-09 16:19:08,413 [Datanode State Machine Task Thread - 0] INFO  ha.SCMNodeInfo (SCMNodeInfo.java:getPort(197)) - ConfigKey ozone.scm.client.address is deprecated, For configuring different ports for each SCM use PortConfigKey ozone.scm.client.port appended with serviceId and nodeId
2022-11-09 16:19:08,413 [Datanode State Machine Task Thread - 0] INFO  ha.SCMNodeInfo (SCMNodeInfo.java:getPort(197)) - ConfigKey ozone.scm.block.client.address is deprecated, For configuring different ports for each SCM use PortConfigKey ozone.scm.block.client.port appended with serviceId and nodeId
2022-11-09 16:19:08,413 [Datanode State Machine Task Thread - 0] INFO  ha.SCMNodeInfo (SCMNodeInfo.java:getPort(197)) - ConfigKey ozone.scm.datanode.address is deprecated, For configuring different ports for each SCM use PortConfigKey ozone.scm.datanode.port appended with serviceId and nodeId
2022-11-09 16:19:08,413 [Datanode State Machine Task Thread - 0] INFO  ha.SCMNodeInfo (SCMNodeInfo.java:getPort(197)) - ConfigKey ozone.scm.client.address is deprecated, For configuring different ports for each SCM use PortConfigKey ozone.scm.client.port appended with serviceId and nodeId
2022-11-09 16:19:08,413 [Datanode State Machine Task Thread - 0] INFO  ha.SCMNodeInfo (SCMNodeInfo.java:getPort(197)) - ConfigKey ozone.scm.block.client.address is deprecated, For configuring different ports for each SCM use PortConfigKey ozone.scm.block.client.port appended with serviceId and nodeId
2022-11-09 16:19:08,413 [Datanode State Machine Task Thread - 0] INFO  ha.SCMNodeInfo (SCMNodeInfo.java:getPort(197)) - ConfigKey ozone.scm.datanode.address is deprecated, For configuring different ports for each SCM use PortConfigKey ozone.scm.datanode.port appended with serviceId and nodeId
2022-11-09 16:19:08,413 [Datanode State Machine Task Thread - 0] INFO  ha.SCMNodeInfo (SCMNodeInfo.java:getPort(197)) - ConfigKey ozone.scm.client.address is deprecated, For configuring different ports for each SCM use PortConfigKey ozone.scm.client.port appended with serviceId and nodeId
2022-11-09 16:19:08,413 [Datanode State Machine Task Thread - 0] INFO  ha.SCMNodeInfo (SCMNodeInfo.java:getPort(197)) - ConfigKey ozone.scm.block.client.address is deprecated, For configuring different ports for each SCM use PortConfigKey ozone.scm.block.client.port appended with serviceId and nodeId
2022-11-09 16:19:08,413 [Datanode State Machine Task Thread - 0] INFO  ha.SCMNodeInfo (SCMNodeInfo.java:getPort(197)) - ConfigKey ozone.scm.datanode.address is deprecated, For configuring different ports for each SCM use PortConfigKey ozone.scm.datanode.port appended with serviceId and nodeId
2022-11-09 16:19:08,414 [omNode-1-server-thread2] INFO  segmented.SegmentedRaftLogWorker (SegmentedRaftLogWorker.java:rollLogSegment(457)) - omNode-1@group-6C22E66A003A-SegmentedRaftLogWorker: Rolling segment log-0_0 to index:0
2022-11-09 16:19:08,418 [omNode-1-server-thread2] INFO  server.RaftServer$Division (ServerState.java:setRaftConf(430)) - omNode-1@group-6C22E66A003A: set configuration 0: peers:[omNode-3|rpc:localhost:45745|admin:|client:|dataStream:|priority:0|startupRole:FOLLOWER, omNode-1|rpc:localhost:35747|admin:|client:|dataStream:|priority:0|startupRole:FOLLOWER, omNode-2|rpc:localhost:40777|admin:|client:|dataStream:|priority:0|startupRole:FOLLOWER]|listeners:[], old=null
2022-11-09 16:19:08,418 [omNode-1-server-thread2] INFO  server.RaftServer$Division (ServerState.java:setRaftConf(430)) - omNode-1@group-6C22E66A003A: set configuration 1: peers:[omNode-3|rpc:localhost:45745|admin:|client:|dataStream:|priority:0|startupRole:FOLLOWER, omNode-1|rpc:localhost:35747|admin:|client:|dataStream:|priority:0|startupRole:FOLLOWER, omNode-2|rpc:localhost:40777|admin:|client:|dataStream:|priority:0|startupRole:FOLLOWER]|listeners:[], old=null
2022-11-09 16:19:08,423 [omNode-2@group-6C22E66A003A-StateMachineUpdater] INFO  ratis.OzoneManagerStateMachine (OzoneManagerStateMachine.java:notifyConfigurationChanged(192)) - Received Configuration change notification from Ratis. New Peer list:
[id: "omNode-3"
address: "localhost:45745"
startupRole: FOLLOWER
, id: "omNode-1"
address: "localhost:35747"
startupRole: FOLLOWER
, id: "omNode-2"
address: "localhost:40777"
startupRole: FOLLOWER
]
2022-11-09 16:19:08,427 [omNode-3@group-6C22E66A003A-StateMachineUpdater] INFO  ratis.OzoneManagerStateMachine (OzoneManagerStateMachine.java:notifyConfigurationChanged(192)) - Received Configuration change notification from Ratis. New Peer list:
[id: "omNode-3"
address: "localhost:45745"
startupRole: FOLLOWER
, id: "omNode-1"
address: "localhost:35747"
startupRole: FOLLOWER
, id: "omNode-2"
address: "localhost:40777"
startupRole: FOLLOWER
]
2022-11-09 16:19:08,441 [Listener at 127.0.0.1/42701] INFO  upgrade.AbstractLayoutVersionManager (AbstractLayoutVersionManager.java:init(83)) - Initializing Layout version manager with metadata layout = DATANODE_SCHEMA_V3 (version = 4), software layout = DATANODE_SCHEMA_V3 (version = 4)
2022-11-09 16:19:08,442 [omNode-1@group-6C22E66A003A-SegmentedRaftLogWorker] INFO  segmented.SegmentedRaftLogWorker (SegmentedRaftLogWorker.java:execute(656)) - omNode-1@group-6C22E66A003A-SegmentedRaftLogWorker: created new log segment /home/runner/work/ozone/ozone/hadoop-ozone/integration-test/target/test-dir/MiniOzoneClusterImpl-5b74f3a4-74d7-4700-a005-fabb0032522b/omNode-1/ratis/9c9825ce-8ba7-3ee6-a7c3-6c22e66a003a/current/log_inprogress_0
2022-11-09 16:19:08,443 [omNode-1@group-6C22E66A003A-SegmentedRaftLogWorker] INFO  segmented.SegmentedRaftLogWorker (SegmentedRaftLogWorker.java:execute(613)) - omNode-1@group-6C22E66A003A-SegmentedRaftLogWorker: Rolled log segment from /home/runner/work/ozone/ozone/hadoop-ozone/integration-test/target/test-dir/MiniOzoneClusterImpl-5b74f3a4-74d7-4700-a005-fabb0032522b/omNode-1/ratis/9c9825ce-8ba7-3ee6-a7c3-6c22e66a003a/current/log_inprogress_0 to /home/runner/work/ozone/ozone/hadoop-ozone/integration-test/target/test-dir/MiniOzoneClusterImpl-5b74f3a4-74d7-4700-a005-fabb0032522b/omNode-1/ratis/9c9825ce-8ba7-3ee6-a7c3-6c22e66a003a/current/log_0-0
2022-11-09 16:19:08,456 [Datanode State Machine Task Thread - 0] INFO  datanode.InitDatanodeState (InitDatanodeState.java:persistContainerDatanodeDetails(138)) - DatanodeDetails is persisted to /home/runner/work/ozone/ozone/hadoop-ozone/integration-test/target/test-dir/MiniOzoneClusterImpl-5b74f3a4-74d7-4700-a005-fabb0032522b/datanode-1/meta/datanode.id
2022-11-09 16:19:08,459 [omNode-1@group-6C22E66A003A-SegmentedRaftLogWorker] INFO  segmented.SegmentedRaftLogWorker (SegmentedRaftLogWorker.java:execute(656)) - omNode-1@group-6C22E66A003A-SegmentedRaftLogWorker: created new log segment /home/runner/work/ozone/ozone/hadoop-ozone/integration-test/target/test-dir/MiniOzoneClusterImpl-5b74f3a4-74d7-4700-a005-fabb0032522b/omNode-1/ratis/9c9825ce-8ba7-3ee6-a7c3-6c22e66a003a/current/log_inprogress_1
2022-11-09 16:19:08,462 [omNode-1@group-6C22E66A003A-StateMachineUpdater] INFO  ratis.OzoneManagerStateMachine (OzoneManagerStateMachine.java:notifyConfigurationChanged(192)) - Received Configuration change notification from Ratis. New Peer list:
[id: "omNode-3"
address: "localhost:45745"
startupRole: FOLLOWER
, id: "omNode-1"
address: "localhost:35747"
startupRole: FOLLOWER
, id: "omNode-2"
address: "localhost:40777"
startupRole: FOLLOWER
]
2022-11-09 16:19:08,462 [omNode-1@group-6C22E66A003A-StateMachineUpdater] INFO  ratis.OzoneManagerStateMachine (OzoneManagerStateMachine.java:notifyConfigurationChanged(192)) - Received Configuration change notification from Ratis. New Peer list:
[id: "omNode-3"
address: "localhost:45745"
startupRole: FOLLOWER
, id: "omNode-1"
address: "localhost:35747"
startupRole: FOLLOWER
, id: "omNode-2"
address: "localhost:40777"
startupRole: FOLLOWER
]
2022-11-09 16:19:08,504 [Listener at 127.0.0.1/42701] INFO  reflections.Reflections (Reflections.java:scan(232)) - Reflections took 62 ms to scan 7 urls, producing 139 keys and 336 values 
2022-11-09 16:19:08,505 [Listener at 127.0.0.1/42701] INFO  ha.SCMNodeInfo (SCMNodeInfo.java:getPort(197)) - ConfigKey ozone.scm.client.address is deprecated, For configuring different ports for each SCM use PortConfigKey ozone.scm.client.port appended with serviceId and nodeId
2022-11-09 16:19:08,506 [Listener at 127.0.0.1/42701] INFO  ha.SCMNodeInfo (SCMNodeInfo.java:getPort(197)) - ConfigKey ozone.scm.block.client.address is deprecated, For configuring different ports for each SCM use PortConfigKey ozone.scm.block.client.port appended with serviceId and nodeId
2022-11-09 16:19:08,506 [Listener at 127.0.0.1/42701] INFO  ha.SCMNodeInfo (SCMNodeInfo.java:getPort(197)) - ConfigKey ozone.scm.datanode.address is deprecated, For configuring different ports for each SCM use PortConfigKey ozone.scm.datanode.port appended with serviceId and nodeId
2022-11-09 16:19:08,506 [Listener at 127.0.0.1/42701] INFO  ha.SCMNodeInfo (SCMNodeInfo.java:getPort(197)) - ConfigKey ozone.scm.client.address is deprecated, For configuring different ports for each SCM use PortConfigKey ozone.scm.client.port appended with serviceId and nodeId
2022-11-09 16:19:08,506 [Listener at 127.0.0.1/42701] INFO  ha.SCMNodeInfo (SCMNodeInfo.java:getPort(197)) - ConfigKey ozone.scm.block.client.address is deprecated, For configuring different ports for each SCM use PortConfigKey ozone.scm.block.client.port appended with serviceId and nodeId
2022-11-09 16:19:08,506 [Listener at 127.0.0.1/42701] INFO  ha.SCMNodeInfo (SCMNodeInfo.java:getPort(197)) - ConfigKey ozone.scm.datanode.address is deprecated, For configuring different ports for each SCM use PortConfigKey ozone.scm.datanode.port appended with serviceId and nodeId
2022-11-09 16:19:08,506 [Listener at 127.0.0.1/42701] INFO  ha.SCMNodeInfo (SCMNodeInfo.java:getPort(197)) - ConfigKey ozone.scm.client.address is deprecated, For configuring different ports for each SCM use PortConfigKey ozone.scm.client.port appended with serviceId and nodeId
2022-11-09 16:19:08,506 [Listener at 127.0.0.1/42701] INFO  ha.SCMNodeInfo (SCMNodeInfo.java:getPort(197)) - ConfigKey ozone.scm.block.client.address is deprecated, For configuring different ports for each SCM use PortConfigKey ozone.scm.block.client.port appended with serviceId and nodeId
2022-11-09 16:19:08,506 [Listener at 127.0.0.1/42701] INFO  ha.SCMNodeInfo (SCMNodeInfo.java:getPort(197)) - ConfigKey ozone.scm.datanode.address is deprecated, For configuring different ports for each SCM use PortConfigKey ozone.scm.datanode.port appended with serviceId and nodeId
2022-11-09 16:19:08,506 [Listener at 127.0.0.1/42701] INFO  statemachine.DatanodeStateMachine (DatanodeStateMachine.java:getEndPointTaskThreadPoolSize(245)) - Datanode State Machine Task Thread Pool size 4
2022-11-09 16:19:08,508 [Listener at 127.0.0.1/42701] INFO  volume.HddsVolume (HddsVolume.java:<init>(117)) - Creating HddsVolume: /home/runner/work/ozone/ozone/hadoop-ozone/integration-test/target/test-dir/MiniOzoneClusterImpl-5b74f3a4-74d7-4700-a005-fabb0032522b/datanode-2/data-0/containers/hdds of storage type : DISK capacity : 9223372036854775807
2022-11-09 16:19:08,508 [Listener at 127.0.0.1/42701] INFO  volume.MutableVolumeSet (MutableVolumeSet.java:initializeVolumeSet(174)) - Added Volume : /home/runner/work/ozone/ozone/hadoop-ozone/integration-test/target/test-dir/MiniOzoneClusterImpl-5b74f3a4-74d7-4700-a005-fabb0032522b/datanode-2/data-0/containers/hdds to VolumeSet
2022-11-09 16:19:08,508 [Listener at 127.0.0.1/42701] INFO  volume.ThrottledAsyncChecker (ThrottledAsyncChecker.java:schedule(141)) - Scheduling a check for /home/runner/work/ozone/ozone/hadoop-ozone/integration-test/target/test-dir/MiniOzoneClusterImpl-5b74f3a4-74d7-4700-a005-fabb0032522b/datanode-2/data-0/containers/hdds
2022-11-09 16:19:08,509 [Listener at 127.0.0.1/42701] INFO  volume.StorageVolumeChecker (StorageVolumeChecker.java:checkAllVolumes(202)) - Scheduled health check for volume /home/runner/work/ozone/ozone/hadoop-ozone/integration-test/target/test-dir/MiniOzoneClusterImpl-5b74f3a4-74d7-4700-a005-fabb0032522b/datanode-2/data-0/containers/hdds
2022-11-09 16:19:08,520 [Listener at 127.0.0.1/42701] INFO  volume.MutableVolumeSet (MutableVolumeSet.java:initializeVolumeSet(174)) - Added Volume : /home/runner/work/ozone/ozone/hadoop-ozone/integration-test/target/test-dir/MiniOzoneClusterImpl-5b74f3a4-74d7-4700-a005-fabb0032522b/datanode-2/data/ratis to VolumeSet
2022-11-09 16:19:08,520 [Listener at 127.0.0.1/42701] INFO  volume.ThrottledAsyncChecker (ThrottledAsyncChecker.java:schedule(141)) - Scheduling a check for /home/runner/work/ozone/ozone/hadoop-ozone/integration-test/target/test-dir/MiniOzoneClusterImpl-5b74f3a4-74d7-4700-a005-fabb0032522b/datanode-2/data/ratis
2022-11-09 16:19:08,521 [Listener at 127.0.0.1/42701] INFO  volume.StorageVolumeChecker (StorageVolumeChecker.java:checkAllVolumes(202)) - Scheduled health check for volume /home/runner/work/ozone/ozone/hadoop-ozone/integration-test/target/test-dir/MiniOzoneClusterImpl-5b74f3a4-74d7-4700-a005-fabb0032522b/datanode-2/data/ratis
2022-11-09 16:19:08,532 [Thread-735] INFO  ozoneimpl.ContainerReader (ContainerReader.java:readVolume(175)) - Finish verifying containers on volume /home/runner/work/ozone/ozone/hadoop-ozone/integration-test/target/test-dir/MiniOzoneClusterImpl-5b74f3a4-74d7-4700-a005-fabb0032522b/datanode-2/data-0/containers/hdds
2022-11-09 16:19:08,532 [Listener at 127.0.0.1/42701] INFO  ozoneimpl.OzoneContainer (OzoneContainer.java:buildContainerSet(300)) - Build ContainerSet costs 0s
2022-11-09 16:19:08,535 [Listener at 127.0.0.1/42701] INFO  server.RaftServer (ConfUtils.java:logGet(46)) - raft.rpc.type = GRPC (default)
2022-11-09 16:19:08,535 [Listener at 127.0.0.1/42701] INFO  grpc.GrpcConfigKeys (ConfUtils.java:logFallback(53)) - raft.grpc.admin.host = null (fallback to raft.grpc.server.host)
2022-11-09 16:19:08,535 [Listener at 127.0.0.1/42701] INFO  grpc.GrpcConfigKeys (ConfUtils.java:logGet(46)) - raft.grpc.admin.port = 0 (custom)
2022-11-09 16:19:08,535 [Listener at 127.0.0.1/42701] INFO  grpc.GrpcConfigKeys (ConfUtils.java:logFallback(53)) - raft.grpc.client.host = null (fallback to raft.grpc.server.host)
2022-11-09 16:19:08,535 [Listener at 127.0.0.1/42701] INFO  grpc.GrpcConfigKeys (ConfUtils.java:logGet(46)) - raft.grpc.client.port = 0 (custom)
2022-11-09 16:19:08,535 [Listener at 127.0.0.1/42701] INFO  grpc.GrpcConfigKeys (ConfUtils.java:logGet(46)) - raft.grpc.server.host = null (default)
2022-11-09 16:19:08,535 [Listener at 127.0.0.1/42701] INFO  grpc.GrpcConfigKeys (ConfUtils.java:logGet(46)) - raft.grpc.server.port = 0 (default)
2022-11-09 16:19:08,535 [Listener at 127.0.0.1/42701] INFO  server.GrpcService (ConfUtils.java:logGet(46)) - raft.grpc.message.size.max = 32MB (=33554432) (custom)
2022-11-09 16:19:08,535 [Listener at 127.0.0.1/42701] INFO  server.RaftServerConfigKeys (ConfUtils.java:logGet(46)) - raft.server.log.appender.buffer.byte-limit = 33554432 (custom)
2022-11-09 16:19:08,535 [Listener at 127.0.0.1/42701] INFO  server.GrpcService (ConfUtils.java:logGet(46)) - raft.grpc.flow.control.window = 5MB (=5242880) (custom)
2022-11-09 16:19:08,536 [Listener at 127.0.0.1/42701] INFO  server.RaftServerConfigKeys (ConfUtils.java:logGet(46)) - raft.server.rpc.request.timeout = 60s (custom)
2022-11-09 16:19:08,536 [Listener at 127.0.0.1/42701] INFO  grpc.GrpcConfigKeys (ConfUtils.java:logGet(46)) - raft.grpc.server.heartbeat.channel = true (default)
2022-11-09 16:19:08,536 [Listener at 127.0.0.1/42701] INFO  grpc.GrpcConfigKeys (ConfUtils.java:logGet(46)) - raft.grpc.server.async.request.thread.pool.cached = true (default)
2022-11-09 16:19:08,536 [Listener at 127.0.0.1/42701] INFO  grpc.GrpcConfigKeys (ConfUtils.java:logGet(46)) - raft.grpc.server.async.request.thread.pool.size = 32 (default)
2022-11-09 16:19:08,537 [Listener at 127.0.0.1/42701] INFO  impl.DataStreamServerImpl (ConfUtils.java:logGet(46)) - raft.datastream.type = DISABLED (default)
2022-11-09 16:19:08,537 [Listener at 127.0.0.1/42701] INFO  server.RaftServerConfigKeys (ConfUtils.java:logGet(46)) - raft.server.threadpool.proxy.cached = true (default)
2022-11-09 16:19:08,537 [Listener at 127.0.0.1/42701] INFO  server.RaftServerConfigKeys (ConfUtils.java:logGet(46)) - raft.server.threadpool.proxy.size = 0 (default)
2022-11-09 16:19:08,537 [Listener at 127.0.0.1/42701] INFO  server.RaftServerConfigKeys (ConfUtils.java:logGet(46)) - raft.server.rpc.slowness.timeout = 300s (custom)
2022-11-09 16:19:08,537 [Listener at 127.0.0.1/42701] INFO  server.RaftServerConfigKeys (ConfUtils.java:logGet(46)) - raft.server.leaderelection.leader.step-down.wait-time = 10s (default)
2022-11-09 16:19:08,538 [Listener at 127.0.0.1/42701] INFO  server.RaftServerConfigKeys (ConfUtils.java:logGet(46)) - raft.server.storage.dir = [/home/runner/work/ozone/ozone/hadoop-ozone/integration-test/target/test-dir/MiniOzoneClusterImpl-5b74f3a4-74d7-4700-a005-fabb0032522b/datanode-2/data/ratis] (custom)
2022-11-09 16:19:08,541 [Listener at 127.0.0.1/42701] INFO  server.XceiverServerGrpc (XceiverServerGrpc.java:<init>(132)) - GrpcServer channel type EpollServerSocketChannel
2022-11-09 16:19:08,549 [Listener at 127.0.0.1/42701] INFO  http.BaseHttpServer (BaseHttpServer.java:newHttpServer2BuilderForOzone(213)) - Starting Web-server for hddsDatanode at: http://0.0.0.0:0
2022-11-09 16:19:08,549 [Listener at 127.0.0.1/42701] INFO  http.BaseHttpServer (BaseHttpServer.java:<init>(108)) - Hadoop Security Enabled: false Ozone Security Enabled: false Ozone HTTP Security Enabled: false 
2022-11-09 16:19:08,550 [Listener at 127.0.0.1/42701] WARN  server.AuthenticationFilter (AuthenticationFilter.java:constructSecretProvider(240)) - Unable to initialize FileSignerSecretProvider, falling back to use random secrets. Reason: Could not read signature secret file: /home/runner/hadoop-http-auth-signature-secret
2022-11-09 16:19:08,556 [Listener at 127.0.0.1/42701] WARN  http.HttpRequestLog (HttpRequestLog.java:getRequestLog(103)) - Jetty request log can only be enabled using Log4j
2022-11-09 16:19:08,558 [Listener at 127.0.0.1/42701] INFO  http.HttpServer2 (HttpServer2.java:addGlobalFilter(1031)) - Added global filter 'safety' (class=org.apache.hadoop.hdds.server.http.HttpServer2$QuotingInputFilter)
2022-11-09 16:19:08,559 [Listener at 127.0.0.1/42701] INFO  http.HttpServer2 (HttpServer2.java:addFilter(1007)) - Added filter static_user_filter (class=org.apache.hadoop.http.lib.StaticUserWebFilter$StaticUserFilter) to context hddsDatanode
2022-11-09 16:19:08,559 [Listener at 127.0.0.1/42701] INFO  http.HttpServer2 (HttpServer2.java:addFilter(1015)) - Added filter static_user_filter (class=org.apache.hadoop.http.lib.StaticUserWebFilter$StaticUserFilter) to context static
2022-11-09 16:19:08,559 [Listener at 127.0.0.1/42701] INFO  http.HttpServer2 (HttpServer2.java:addFilter(1015)) - Added filter static_user_filter (class=org.apache.hadoop.http.lib.StaticUserWebFilter$StaticUserFilter) to context logs
2022-11-09 16:19:08,560 [Listener at 127.0.0.1/42701] INFO  http.HttpServer2 (HttpServer2.java:bindListener(1250)) - Jetty bound to port 43475
2022-11-09 16:19:08,560 [Listener at 127.0.0.1/42701] INFO  server.Server (Server.java:doStart(375)) - jetty-9.4.49.v20220914; built: 2022-09-14T01:07:36.601Z; git: 4231a3b2e4cb8548a412a789936d640a97b1aa0a; jvm 1.8.0_345-b01
2022-11-09 16:19:08,571 [Listener at 127.0.0.1/42701] INFO  server.session (DefaultSessionIdManager.java:doStart(334)) - DefaultSessionIdManager workerName=node0
2022-11-09 16:19:08,571 [Listener at 127.0.0.1/42701] INFO  server.session (DefaultSessionIdManager.java:doStart(339)) - No SessionScavenger set, using defaults
2022-11-09 16:19:08,571 [Listener at 127.0.0.1/42701] INFO  server.session (HouseKeeper.java:startScavenging(132)) - node0 Scavenging every 600000ms
2022-11-09 16:19:08,572 [Listener at 127.0.0.1/42701] INFO  handler.ContextHandler (ContextHandler.java:doStart(921)) - Started o.e.j.s.ServletContextHandler@1b44ecf0{logs,/logs,file:///home/runner/work/ozone/ozone/hadoop-ozone/integration-test/target/log,AVAILABLE}
2022-11-09 16:19:08,573 [Listener at 127.0.0.1/42701] INFO  handler.ContextHandler (ContextHandler.java:doStart(921)) - Started o.e.j.s.ServletContextHandler@42d7e106{static,/static,jar:file:/home/runner/.m2/repository/org/apache/ozone/hdds-container-service/1.3.0-SNAPSHOT/hdds-container-service-1.3.0-SNAPSHOT.jar!/webapps/static,AVAILABLE}
2022-11-09 16:19:08,737 [Listener at 127.0.0.1/42701] INFO  handler.ContextHandler (ContextHandler.java:doStart(921)) - Started o.e.j.w.WebAppContext@140f8857{hddsDatanode,/,file:///tmp/jetty-0_0_0_0-43475-hdds-container-service-1_3_0-SNAPSHOT_jar-_-any-288475317410068182/webapp/,AVAILABLE}{jar:file:/home/runner/.m2/repository/org/apache/ozone/hdds-container-service/1.3.0-SNAPSHOT/hdds-container-service-1.3.0-SNAPSHOT.jar!/webapps/hddsDatanode}
2022-11-09 16:19:08,739 [Listener at 127.0.0.1/42701] INFO  server.AbstractConnector (AbstractConnector.java:doStart(333)) - Started ServerConnector@19983fd8{HTTP/1.1, (http/1.1)}{0.0.0.0:43475}
2022-11-09 16:19:08,739 [Listener at 127.0.0.1/42701] INFO  server.Server (Server.java:doStart(415)) - Started @27756ms
2022-11-09 16:19:08,739 [Listener at 127.0.0.1/42701] WARN  impl.MetricsSystemImpl (MetricsSystemImpl.java:register(279)) - Sink prometheus already exists!
2022-11-09 16:19:08,740 [Listener at 127.0.0.1/42701] INFO  http.BaseHttpServer (BaseHttpServer.java:updateConnectorAddress(333)) - HTTP server of hddsDatanode listening at http://0.0.0.0:43475
2022-11-09 16:19:08,740 [Datanode State Machine Daemon Thread] INFO  statemachine.DatanodeStateMachine (DatanodeStateMachine.java:lambda$startDaemon$0(505)) - Ozone container server started.
2022-11-09 16:19:08,743 [Listener at 127.0.0.1/42701] INFO  ozone.MiniOzoneClusterImpl (MiniOzoneClusterImpl.java:lambda$waitForClusterToBeReady$0(216)) - Waiting for nodes to be ready. Got 0 of 3 DN Heartbeats.
2022-11-09 16:19:08,743 [Listener at 127.0.0.1/42701] INFO  ozone.MiniOzoneClusterImpl (MiniOzoneClusterImpl.java:lambda$waitForClusterToBeReady$0(219)) - Waiting for cluster to exit safe mode
2022-11-09 16:19:08,743 [Listener at 127.0.0.1/42701] INFO  ozone.MiniOzoneClusterImpl (MiniOzoneClusterImpl.java:lambda$waitForClusterToBeReady$0(221)) - SCM became leader
2022-11-09 16:19:08,747 [org.apache.hadoop.util.JvmPauseMonitor$Monitor@3532bb0d] INFO  util.JvmPauseMonitor (JvmPauseMonitor.java:run(188)) - Starting JVM pause monitor
2022-11-09 16:19:08,748 [Datanode State Machine Task Thread - 0] INFO  ha.SCMNodeInfo (SCMNodeInfo.java:getPort(197)) - ConfigKey ozone.scm.client.address is deprecated, For configuring different ports for each SCM use PortConfigKey ozone.scm.client.port appended with serviceId and nodeId
2022-11-09 16:19:08,748 [Datanode State Machine Task Thread - 0] INFO  ha.SCMNodeInfo (SCMNodeInfo.java:getPort(197)) - ConfigKey ozone.scm.block.client.address is deprecated, For configuring different ports for each SCM use PortConfigKey ozone.scm.block.client.port appended with serviceId and nodeId
2022-11-09 16:19:08,748 [Datanode State Machine Task Thread - 0] INFO  ha.SCMNodeInfo (SCMNodeInfo.java:getPort(197)) - ConfigKey ozone.scm.datanode.address is deprecated, For configuring different ports for each SCM use PortConfigKey ozone.scm.datanode.port appended with serviceId and nodeId
2022-11-09 16:19:08,748 [Datanode State Machine Task Thread - 0] INFO  ha.SCMNodeInfo (SCMNodeInfo.java:getPort(197)) - ConfigKey ozone.scm.client.address is deprecated, For configuring different ports for each SCM use PortConfigKey ozone.scm.client.port appended with serviceId and nodeId
2022-11-09 16:19:08,748 [Datanode State Machine Task Thread - 0] INFO  ha.SCMNodeInfo (SCMNodeInfo.java:getPort(197)) - ConfigKey ozone.scm.block.client.address is deprecated, For configuring different ports for each SCM use PortConfigKey ozone.scm.block.client.port appended with serviceId and nodeId
2022-11-09 16:19:08,748 [Datanode State Machine Task Thread - 0] INFO  ha.SCMNodeInfo (SCMNodeInfo.java:getPort(197)) - ConfigKey ozone.scm.datanode.address is deprecated, For configuring different ports for each SCM use PortConfigKey ozone.scm.datanode.port appended with serviceId and nodeId
2022-11-09 16:19:08,748 [Datanode State Machine Task Thread - 0] INFO  ha.SCMNodeInfo (SCMNodeInfo.java:getPort(197)) - ConfigKey ozone.scm.client.address is deprecated, For configuring different ports for each SCM use PortConfigKey ozone.scm.client.port appended with serviceId and nodeId
2022-11-09 16:19:08,748 [Datanode State Machine Task Thread - 0] INFO  ha.SCMNodeInfo (SCMNodeInfo.java:getPort(197)) - ConfigKey ozone.scm.block.client.address is deprecated, For configuring different ports for each SCM use PortConfigKey ozone.scm.block.client.port appended with serviceId and nodeId
2022-11-09 16:19:08,748 [Datanode State Machine Task Thread - 0] INFO  ha.SCMNodeInfo (SCMNodeInfo.java:getPort(197)) - ConfigKey ozone.scm.datanode.address is deprecated, For configuring different ports for each SCM use PortConfigKey ozone.scm.datanode.port appended with serviceId and nodeId
2022-11-09 16:19:08,750 [Datanode State Machine Task Thread - 0] INFO  datanode.InitDatanodeState (InitDatanodeState.java:persistContainerDatanodeDetails(138)) - DatanodeDetails is persisted to /home/runner/work/ozone/ozone/hadoop-ozone/integration-test/target/test-dir/MiniOzoneClusterImpl-5b74f3a4-74d7-4700-a005-fabb0032522b/datanode-2/meta/datanode.id
2022-11-09 16:19:09,743 [Listener at 127.0.0.1/42701] INFO  ozone.MiniOzoneClusterImpl (MiniOzoneClusterImpl.java:lambda$waitForClusterToBeReady$0(216)) - Waiting for nodes to be ready. Got 0 of 3 DN Heartbeats.
2022-11-09 16:19:09,744 [Listener at 127.0.0.1/42701] INFO  ozone.MiniOzoneClusterImpl (MiniOzoneClusterImpl.java:lambda$waitForClusterToBeReady$0(219)) - Waiting for cluster to exit safe mode
2022-11-09 16:19:09,744 [Listener at 127.0.0.1/42701] INFO  ozone.MiniOzoneClusterImpl (MiniOzoneClusterImpl.java:lambda$waitForClusterToBeReady$0(221)) - SCM became leader
2022-11-09 16:19:10,104 [EndpointStateMachine task thread for /127.0.0.1:44989 - 0 ] INFO  utils.DatanodeStoreCache (DatanodeStoreCache.java:addDB(58)) - Added db /home/runner/work/ozone/ozone/hadoop-ozone/integration-test/target/test-dir/MiniOzoneClusterImpl-5b74f3a4-74d7-4700-a005-fabb0032522b/datanode-0/data-0/containers/hdds/5b74f3a4-74d7-4700-a005-fabb0032522b/DS-4b4ac6e3-4403-4f14-b647-c29634ee08bf/container.db to cache
2022-11-09 16:19:10,104 [EndpointStateMachine task thread for /127.0.0.1:44989 - 0 ] INFO  volume.HddsVolume (HddsVolume.java:createDbStore(307)) - SchemaV3 db is created and loaded at /home/runner/work/ozone/ozone/hadoop-ozone/integration-test/target/test-dir/MiniOzoneClusterImpl-5b74f3a4-74d7-4700-a005-fabb0032522b/datanode-0/data-0/containers/hdds/5b74f3a4-74d7-4700-a005-fabb0032522b/DS-4b4ac6e3-4403-4f14-b647-c29634ee08bf/container.db for volume DS-4b4ac6e3-4403-4f14-b647-c29634ee08bf
2022-11-09 16:19:10,109 [EndpointStateMachine task thread for /127.0.0.1:35701 - 0 ] INFO  ozoneimpl.OzoneContainer (OzoneContainer.java:start(378)) - Attempting to start container services.
2022-11-09 16:19:10,113 [EndpointStateMachine task thread for /127.0.0.1:35701 - 0 ] INFO  ozoneimpl.OzoneContainer (OzoneContainer.java:startContainerScrub(313)) - Background container scanner has been disabled.
2022-11-09 16:19:10,120 [EndpointStateMachine task thread for /127.0.0.1:35701 - 0 ] INFO  replication.ReplicationServer (ReplicationServer.java:start(111)) - ReplicationServer is started using port 46839
2022-11-09 16:19:10,123 [EndpointStateMachine task thread for /127.0.0.1:35701 - 0 ] INFO  ratis.XceiverServerRatis (XceiverServerRatis.java:start(481)) - Starting XceiverServerRatis b2c93a51-a95c-4f35-b86d-509595609ea9
2022-11-09 16:19:10,124 [EndpointStateMachine task thread for /127.0.0.1:35701 - 0 ] INFO  server.RaftServer (RaftServerProxy.java:startImpl(393)) - b2c93a51-a95c-4f35-b86d-509595609ea9: start RPC server
2022-11-09 16:19:10,126 [EndpointStateMachine task thread for /127.0.0.1:35701 - 0 ] INFO  server.GrpcService (GrpcService.java:startImpl(270)) - b2c93a51-a95c-4f35-b86d-509595609ea9: GrpcService started, listening on 46167
2022-11-09 16:19:10,127 [EndpointStateMachine task thread for /127.0.0.1:35701 - 0 ] INFO  ratis.XceiverServerRatis (XceiverServerRatis.java:getRealPort(502)) - XceiverServerRatis b2c93a51-a95c-4f35-b86d-509595609ea9 is started using port 46167 for RATIS
2022-11-09 16:19:10,127 [JvmPauseMonitor7] INFO  util.JvmPauseMonitor (JvmPauseMonitor.java:run(105)) - JvmPauseMonitor-b2c93a51-a95c-4f35-b86d-509595609ea9: Started
2022-11-09 16:19:10,127 [EndpointStateMachine task thread for /127.0.0.1:35701 - 0 ] INFO  ratis.XceiverServerRatis (XceiverServerRatis.java:getRealPort(502)) - XceiverServerRatis b2c93a51-a95c-4f35-b86d-509595609ea9 is started using port 46167 for RATIS_ADMIN
2022-11-09 16:19:10,127 [EndpointStateMachine task thread for /127.0.0.1:35701 - 0 ] INFO  ratis.XceiverServerRatis (XceiverServerRatis.java:getRealPort(502)) - XceiverServerRatis b2c93a51-a95c-4f35-b86d-509595609ea9 is started using port 46167 for RATIS_SERVER
2022-11-09 16:19:10,130 [EndpointStateMachine task thread for /127.0.0.1:35701 - 0 ] INFO  server.XceiverServerGrpc (XceiverServerGrpc.java:start(180)) - XceiverServerGrpc b2c93a51-a95c-4f35-b86d-509595609ea9 is started using port 40909
2022-11-09 16:19:10,133 [EndpointStateMachine task thread for /127.0.0.1:44507 - 0 ] INFO  ozoneimpl.OzoneContainer (OzoneContainer.java:start(374)) - Ignore. OzoneContainer already started.
2022-11-09 16:19:10,135 [EndpointStateMachine task thread for /127.0.0.1:44989 - 0 ] INFO  ozoneimpl.OzoneContainer (OzoneContainer.java:start(374)) - Ignore. OzoneContainer already started.
2022-11-09 16:19:10,458 [EndpointStateMachine task thread for /127.0.0.1:35701 - 0 ] INFO  utils.DatanodeStoreCache (DatanodeStoreCache.java:addDB(58)) - Added db /home/runner/work/ozone/ozone/hadoop-ozone/integration-test/target/test-dir/MiniOzoneClusterImpl-5b74f3a4-74d7-4700-a005-fabb0032522b/datanode-1/data-0/containers/hdds/5b74f3a4-74d7-4700-a005-fabb0032522b/DS-2b826869-d831-4f61-96d8-dab38415a7b9/container.db to cache
2022-11-09 16:19:10,459 [EndpointStateMachine task thread for /127.0.0.1:35701 - 0 ] INFO  volume.HddsVolume (HddsVolume.java:createDbStore(307)) - SchemaV3 db is created and loaded at /home/runner/work/ozone/ozone/hadoop-ozone/integration-test/target/test-dir/MiniOzoneClusterImpl-5b74f3a4-74d7-4700-a005-fabb0032522b/datanode-1/data-0/containers/hdds/5b74f3a4-74d7-4700-a005-fabb0032522b/DS-2b826869-d831-4f61-96d8-dab38415a7b9/container.db for volume DS-2b826869-d831-4f61-96d8-dab38415a7b9
2022-11-09 16:19:10,459 [EndpointStateMachine task thread for /127.0.0.1:35701 - 0 ] INFO  ozoneimpl.OzoneContainer (OzoneContainer.java:start(378)) - Attempting to start container services.
2022-11-09 16:19:10,459 [EndpointStateMachine task thread for /127.0.0.1:35701 - 0 ] INFO  ozoneimpl.OzoneContainer (OzoneContainer.java:startContainerScrub(313)) - Background container scanner has been disabled.
2022-11-09 16:19:10,466 [EndpointStateMachine task thread for /127.0.0.1:35701 - 0 ] INFO  replication.ReplicationServer (ReplicationServer.java:start(111)) - ReplicationServer is started using port 38037
2022-11-09 16:19:10,468 [EndpointStateMachine task thread for /127.0.0.1:35701 - 0 ] INFO  ratis.XceiverServerRatis (XceiverServerRatis.java:start(481)) - Starting XceiverServerRatis 0f4d65c1-9a91-4277-90d2-948c429b5f4c
2022-11-09 16:19:10,469 [EndpointStateMachine task thread for /127.0.0.1:35701 - 0 ] INFO  server.RaftServer (RaftServerProxy.java:startImpl(393)) - 0f4d65c1-9a91-4277-90d2-948c429b5f4c: start RPC server
2022-11-09 16:19:10,473 [EndpointStateMachine task thread for /127.0.0.1:35701 - 0 ] INFO  server.GrpcService (GrpcService.java:startImpl(270)) - 0f4d65c1-9a91-4277-90d2-948c429b5f4c: GrpcService started, listening on 44283
2022-11-09 16:19:10,473 [EndpointStateMachine task thread for /127.0.0.1:35701 - 0 ] INFO  ratis.XceiverServerRatis (XceiverServerRatis.java:getRealPort(502)) - XceiverServerRatis 0f4d65c1-9a91-4277-90d2-948c429b5f4c is started using port 44283 for RATIS
2022-11-09 16:19:10,473 [EndpointStateMachine task thread for /127.0.0.1:35701 - 0 ] INFO  ratis.XceiverServerRatis (XceiverServerRatis.java:getRealPort(502)) - XceiverServerRatis 0f4d65c1-9a91-4277-90d2-948c429b5f4c is started using port 44283 for RATIS_ADMIN
2022-11-09 16:19:10,473 [EndpointStateMachine task thread for /127.0.0.1:35701 - 0 ] INFO  ratis.XceiverServerRatis (XceiverServerRatis.java:getRealPort(502)) - XceiverServerRatis 0f4d65c1-9a91-4277-90d2-948c429b5f4c is started using port 44283 for RATIS_SERVER
2022-11-09 16:19:10,473 [JvmPauseMonitor8] INFO  util.JvmPauseMonitor (JvmPauseMonitor.java:run(105)) - JvmPauseMonitor-0f4d65c1-9a91-4277-90d2-948c429b5f4c: Started
2022-11-09 16:19:10,480 [EndpointStateMachine task thread for /127.0.0.1:35701 - 0 ] INFO  server.XceiverServerGrpc (XceiverServerGrpc.java:start(180)) - XceiverServerGrpc 0f4d65c1-9a91-4277-90d2-948c429b5f4c is started using port 45065
2022-11-09 16:19:10,483 [EndpointStateMachine task thread for /127.0.0.1:44989 - 0 ] INFO  ozoneimpl.OzoneContainer (OzoneContainer.java:start(374)) - Ignore. OzoneContainer already started.
2022-11-09 16:19:10,483 [EndpointStateMachine task thread for /127.0.0.1:44507 - 0 ] INFO  ozoneimpl.OzoneContainer (OzoneContainer.java:start(374)) - Ignore. OzoneContainer already started.
2022-11-09 16:19:10,744 [Listener at 127.0.0.1/42701] INFO  ozone.MiniOzoneClusterImpl (MiniOzoneClusterImpl.java:lambda$waitForClusterToBeReady$0(216)) - Waiting for nodes to be ready. Got 0 of 3 DN Heartbeats.
2022-11-09 16:19:10,744 [Listener at 127.0.0.1/42701] INFO  ozone.MiniOzoneClusterImpl (MiniOzoneClusterImpl.java:lambda$waitForClusterToBeReady$0(219)) - Waiting for cluster to exit safe mode
2022-11-09 16:19:10,744 [Listener at 127.0.0.1/42701] INFO  ozone.MiniOzoneClusterImpl (MiniOzoneClusterImpl.java:lambda$waitForClusterToBeReady$0(221)) - SCM became leader
2022-11-09 16:19:10,791 [EndpointStateMachine task thread for /127.0.0.1:35701 - 0 ] INFO  utils.DatanodeStoreCache (DatanodeStoreCache.java:addDB(58)) - Added db /home/runner/work/ozone/ozone/hadoop-ozone/integration-test/target/test-dir/MiniOzoneClusterImpl-5b74f3a4-74d7-4700-a005-fabb0032522b/datanode-2/data-0/containers/hdds/5b74f3a4-74d7-4700-a005-fabb0032522b/DS-e970cd74-fdd5-4deb-8a9a-3fa996bf5630/container.db to cache
2022-11-09 16:19:10,791 [EndpointStateMachine task thread for /127.0.0.1:35701 - 0 ] INFO  volume.HddsVolume (HddsVolume.java:createDbStore(307)) - SchemaV3 db is created and loaded at /home/runner/work/ozone/ozone/hadoop-ozone/integration-test/target/test-dir/MiniOzoneClusterImpl-5b74f3a4-74d7-4700-a005-fabb0032522b/datanode-2/data-0/containers/hdds/5b74f3a4-74d7-4700-a005-fabb0032522b/DS-e970cd74-fdd5-4deb-8a9a-3fa996bf5630/container.db for volume DS-e970cd74-fdd5-4deb-8a9a-3fa996bf5630
2022-11-09 16:19:10,791 [EndpointStateMachine task thread for /127.0.0.1:44989 - 0 ] INFO  ozoneimpl.OzoneContainer (OzoneContainer.java:start(378)) - Attempting to start container services.
2022-11-09 16:19:10,792 [EndpointStateMachine task thread for /127.0.0.1:44989 - 0 ] INFO  ozoneimpl.OzoneContainer (OzoneContainer.java:startContainerScrub(313)) - Background container scanner has been disabled.
2022-11-09 16:19:10,795 [EndpointStateMachine task thread for /127.0.0.1:44989 - 0 ] INFO  replication.ReplicationServer (ReplicationServer.java:start(111)) - ReplicationServer is started using port 33685
2022-11-09 16:19:10,796 [EndpointStateMachine task thread for /127.0.0.1:44989 - 0 ] INFO  ratis.XceiverServerRatis (XceiverServerRatis.java:start(481)) - Starting XceiverServerRatis c305175a-c10c-4712-990e-ad58ba6eeba7
2022-11-09 16:19:10,797 [EndpointStateMachine task thread for /127.0.0.1:44989 - 0 ] INFO  server.RaftServer (RaftServerProxy.java:startImpl(393)) - c305175a-c10c-4712-990e-ad58ba6eeba7: start RPC server
2022-11-09 16:19:10,801 [EndpointStateMachine task thread for /127.0.0.1:44989 - 0 ] INFO  server.GrpcService (GrpcService.java:startImpl(270)) - c305175a-c10c-4712-990e-ad58ba6eeba7: GrpcService started, listening on 43159
2022-11-09 16:19:10,802 [EndpointStateMachine task thread for /127.0.0.1:44989 - 0 ] INFO  ratis.XceiverServerRatis (XceiverServerRatis.java:getRealPort(502)) - XceiverServerRatis c305175a-c10c-4712-990e-ad58ba6eeba7 is started using port 43159 for RATIS
2022-11-09 16:19:10,802 [EndpointStateMachine task thread for /127.0.0.1:44989 - 0 ] INFO  ratis.XceiverServerRatis (XceiverServerRatis.java:getRealPort(502)) - XceiverServerRatis c305175a-c10c-4712-990e-ad58ba6eeba7 is started using port 43159 for RATIS_ADMIN
2022-11-09 16:19:10,802 [EndpointStateMachine task thread for /127.0.0.1:44989 - 0 ] INFO  ratis.XceiverServerRatis (XceiverServerRatis.java:getRealPort(502)) - XceiverServerRatis c305175a-c10c-4712-990e-ad58ba6eeba7 is started using port 43159 for RATIS_SERVER
2022-11-09 16:19:10,803 [JvmPauseMonitor9] INFO  util.JvmPauseMonitor (JvmPauseMonitor.java:run(105)) - JvmPauseMonitor-c305175a-c10c-4712-990e-ad58ba6eeba7: Started
2022-11-09 16:19:10,809 [EndpointStateMachine task thread for /127.0.0.1:44989 - 0 ] INFO  server.XceiverServerGrpc (XceiverServerGrpc.java:start(180)) - XceiverServerGrpc c305175a-c10c-4712-990e-ad58ba6eeba7 is started using port 46417
2022-11-09 16:19:10,811 [EndpointStateMachine task thread for /127.0.0.1:35701 - 0 ] INFO  ozoneimpl.OzoneContainer (OzoneContainer.java:start(374)) - Ignore. OzoneContainer already started.
2022-11-09 16:19:10,811 [EndpointStateMachine task thread for /127.0.0.1:44507 - 0 ] INFO  ozoneimpl.OzoneContainer (OzoneContainer.java:start(374)) - Ignore. OzoneContainer already started.
2022-11-09 16:19:11,761 [Listener at 127.0.0.1/42701] INFO  ozone.MiniOzoneClusterImpl (MiniOzoneClusterImpl.java:lambda$waitForClusterToBeReady$0(216)) - Waiting for nodes to be ready. Got 0 of 3 DN Heartbeats.
2022-11-09 16:19:11,761 [Listener at 127.0.0.1/42701] INFO  ozone.MiniOzoneClusterImpl (MiniOzoneClusterImpl.java:lambda$waitForClusterToBeReady$0(219)) - Waiting for cluster to exit safe mode
2022-11-09 16:19:11,761 [Listener at 127.0.0.1/42701] INFO  ozone.MiniOzoneClusterImpl (MiniOzoneClusterImpl.java:lambda$waitForClusterToBeReady$0(221)) - SCM became leader
2022-11-09 16:19:11,992 [IPC Server handler 2 on default port 44507] INFO  net.NetworkTopologyImpl (NetworkTopologyImpl.java:add(112)) - Added a new node: /default-rack/b2c93a51-a95c-4f35-b86d-509595609ea9
2022-11-09 16:19:11,992 [IPC Server handler 0 on default port 44989] INFO  net.NetworkTopologyImpl (NetworkTopologyImpl.java:add(112)) - Added a new node: /default-rack/b2c93a51-a95c-4f35-b86d-509595609ea9
2022-11-09 16:19:12,001 [IPC Server handler 2 on default port 44507] INFO  node.SCMNodeManager (SCMNodeManager.java:register(397)) - Registered Data node : b2c93a51-a95c-4f35-b86d-509595609ea9{ip: 127.0.0.1, host: localhost, ports: [REPLICATION=46839, RATIS=46167, RATIS_ADMIN=46167, RATIS_SERVER=46167, STANDALONE=40909], networkLocation: /default-rack, certSerialId: null, persistedOpState: null, persistedOpStateExpiryEpochSec: 0}
2022-11-09 16:19:12,001 [IPC Server handler 0 on default port 44989] INFO  node.SCMNodeManager (SCMNodeManager.java:register(397)) - Registered Data node : b2c93a51-a95c-4f35-b86d-509595609ea9{ip: 127.0.0.1, host: localhost, ports: [REPLICATION=46839, RATIS=46167, RATIS_ADMIN=46167, RATIS_SERVER=46167, STANDALONE=40909], networkLocation: /default-rack, certSerialId: null, persistedOpState: null, persistedOpStateExpiryEpochSec: 0}
2022-11-09 16:19:12,014 [IPC Server handler 13 on default port 35701] INFO  net.NetworkTopologyImpl (NetworkTopologyImpl.java:add(112)) - Added a new node: /default-rack/b2c93a51-a95c-4f35-b86d-509595609ea9
2022-11-09 16:19:12,014 [IPC Server handler 13 on default port 35701] INFO  node.SCMNodeManager (SCMNodeManager.java:register(397)) - Registered Data node : b2c93a51-a95c-4f35-b86d-509595609ea9{ip: 127.0.0.1, host: localhost, ports: [REPLICATION=46839, RATIS=46167, RATIS_ADMIN=46167, RATIS_SERVER=46167, STANDALONE=40909], networkLocation: /default-rack, certSerialId: null, persistedOpState: null, persistedOpStateExpiryEpochSec: 0}
2022-11-09 16:19:12,021 [EventQueue-NewNodeForNewNodeHandler] INFO  pipeline.BackgroundPipelineCreator (BackgroundPipelineCreator.java:notifyEventTriggered(276)) - trigger a one-shot run on RatisPipelineUtilsThread.
2022-11-09 16:19:12,022 [EventQueue-NodeRegistrationContainerReportForDataNodeSafeModeRule] INFO  safemode.SCMSafeModeManager (DataNodeSafeModeRule.java:process(71)) - SCM in safe mode. 1 DataNodes registered, 3 required.
2022-11-09 16:19:12,034 [EventQueue-NewNodeForNewNodeHandler] INFO  pipeline.BackgroundPipelineCreator (BackgroundPipelineCreator.java:notifyEventTriggered(269)) - ignore, not leader SCM.
2022-11-09 16:19:12,034 [EventQueue-NodeRegistrationContainerReportForContainerSafeModeRule] INFO  safemode.SCMSafeModeManager (SCMSafeModeManager.java:validateSafeModeExitRules(204)) - ContainerSafeModeRule rule is successfully validated
2022-11-09 16:19:12,034 [EventQueue-NewNodeForNewNodeHandler] INFO  pipeline.BackgroundPipelineCreator (BackgroundPipelineCreator.java:notifyEventTriggered(269)) - ignore, not leader SCM.
2022-11-09 16:19:12,027 [EventQueue-NodeRegistrationContainerReportForDataNodeSafeModeRule] INFO  safemode.SCMSafeModeManager (DataNodeSafeModeRule.java:process(71)) - SCM in safe mode. 1 DataNodes registered, 3 required.
2022-11-09 16:19:12,034 [EventQueue-NodeRegistrationContainerReportForContainerSafeModeRule] INFO  safemode.SCMSafeModeManager (SCMSafeModeManager.java:validateSafeModeExitRules(204)) - ContainerSafeModeRule rule is successfully validated
2022-11-09 16:19:12,037 [RatisPipelineUtilsThread - 0] INFO  pipeline.RatisPipelineProvider (RatisPipelineProvider.java:lambda$create$0(195)) - Sending CreatePipelineCommand for pipeline:PipelineID=79f3bb43-9316-4a67-b8f4-0a2b984e6862 to datanode:b2c93a51-a95c-4f35-b86d-509595609ea9
2022-11-09 16:19:12,039 [EventQueue-PipelineReportForOneReplicaPipelineSafeModeRule] INFO  safemode.SCMSafeModeManager (SCMSafeModeManager.java:validateSafeModeExitRules(204)) - AtleastOneDatanodeReportedRule rule is successfully validated
2022-11-09 16:19:12,041 [EventQueue-PipelineReportForOneReplicaPipelineSafeModeRule] INFO  safemode.SCMSafeModeManager (SCMSafeModeManager.java:validateSafeModeExitRules(204)) - AtleastOneDatanodeReportedRule rule is successfully validated
2022-11-09 16:19:12,042 [EventQueue-NodeRegistrationContainerReportForDataNodeSafeModeRule] INFO  safemode.SCMSafeModeManager (DataNodeSafeModeRule.java:process(71)) - SCM in safe mode. 1 DataNodes registered, 3 required.
2022-11-09 16:19:12,066 [EventQueue-NodeRegistrationContainerReportForContainerSafeModeRule] INFO  safemode.SCMSafeModeManager (SCMSafeModeManager.java:validateSafeModeExitRules(204)) - ContainerSafeModeRule rule is successfully validated
2022-11-09 16:19:12,068 [EventQueue-PipelineReportForOneReplicaPipelineSafeModeRule] INFO  safemode.SCMSafeModeManager (SCMSafeModeManager.java:validateSafeModeExitRules(204)) - AtleastOneDatanodeReportedRule rule is successfully validated
2022-11-09 16:19:12,137 [622c10ad-5518-4f12-b7b6-fef968aa587d@group-FABB0032522B-StateMachineUpdater] INFO  pipeline.PipelineStateManagerImpl (PipelineStateManagerImpl.java:addPipeline(103)) - Created pipeline Pipeline[ Id: 79f3bb43-9316-4a67-b8f4-0a2b984e6862, Nodes: b2c93a51-a95c-4f35-b86d-509595609ea9{ip: 127.0.0.1, host: localhost, ports: [REPLICATION=46839, RATIS=46167, RATIS_ADMIN=46167, RATIS_SERVER=46167, STANDALONE=40909], networkLocation: /default-rack, certSerialId: null, persistedOpState: IN_SERVICE, persistedOpStateExpiryEpochSec: 0}, ReplicationConfig: RATIS/ONE, State:ALLOCATED, leaderId:, CreationTimestamp2022-11-09T16:19:12.036Z[Etc/UTC]].
2022-11-09 16:19:12,138 [622c10ad-5518-4f12-b7b6-fef968aa587d@group-FABB0032522B-StateMachineUpdater] INFO  safemode.HealthyPipelineSafeModeRule (HealthyPipelineSafeModeRule.java:initializeRule(165)) - Refreshed total pipeline count is 0, healthy pipeline threshold count is 1
2022-11-09 16:19:12,140 [2b0403aa-f9f3-4c84-9f99-08ca89661127@group-FABB0032522B-StateMachineUpdater] INFO  pipeline.PipelineStateManagerImpl (PipelineStateManagerImpl.java:addPipeline(103)) - Created pipeline Pipeline[ Id: 79f3bb43-9316-4a67-b8f4-0a2b984e6862, Nodes: b2c93a51-a95c-4f35-b86d-509595609ea9{ip: 127.0.0.1, host: localhost, ports: [REPLICATION=46839, RATIS=46167, RATIS_ADMIN=46167, RATIS_SERVER=46167, STANDALONE=40909], networkLocation: /default-rack, certSerialId: null, persistedOpState: IN_SERVICE, persistedOpStateExpiryEpochSec: 0}, ReplicationConfig: RATIS/ONE, State:ALLOCATED, leaderId:, CreationTimestamp2022-11-09T16:19:12.036Z[Etc/UTC]].
2022-11-09 16:19:12,144 [2b0403aa-f9f3-4c84-9f99-08ca89661127@group-FABB0032522B-StateMachineUpdater] INFO  safemode.HealthyPipelineSafeModeRule (HealthyPipelineSafeModeRule.java:initializeRule(165)) - Refreshed total pipeline count is 0, healthy pipeline threshold count is 1
2022-11-09 16:19:12,142 [b72141cc-d5cc-4373-b066-0e22769f6f76@group-FABB0032522B-StateMachineUpdater] INFO  pipeline.PipelineStateManagerImpl (PipelineStateManagerImpl.java:addPipeline(103)) - Created pipeline Pipeline[ Id: 79f3bb43-9316-4a67-b8f4-0a2b984e6862, Nodes: b2c93a51-a95c-4f35-b86d-509595609ea9{ip: 127.0.0.1, host: localhost, ports: [REPLICATION=46839, RATIS=46167, RATIS_ADMIN=46167, RATIS_SERVER=46167, STANDALONE=40909], networkLocation: /default-rack, certSerialId: null, persistedOpState: IN_SERVICE, persistedOpStateExpiryEpochSec: 0}, ReplicationConfig: RATIS/ONE, State:ALLOCATED, leaderId:, CreationTimestamp2022-11-09T16:19:12.036Z[Etc/UTC]].
2022-11-09 16:19:12,146 [b72141cc-d5cc-4373-b066-0e22769f6f76@group-FABB0032522B-StateMachineUpdater] INFO  safemode.HealthyPipelineSafeModeRule (HealthyPipelineSafeModeRule.java:initializeRule(165)) - Refreshed total pipeline count is 0, healthy pipeline threshold count is 1
2022-11-09 16:19:12,418 [IPC Server handler 16 on default port 35701] INFO  net.NetworkTopologyImpl (NetworkTopologyImpl.java:add(112)) - Added a new node: /default-rack/0f4d65c1-9a91-4277-90d2-948c429b5f4c
2022-11-09 16:19:12,419 [IPC Server handler 16 on default port 35701] INFO  node.SCMNodeManager (SCMNodeManager.java:register(397)) - Registered Data node : 0f4d65c1-9a91-4277-90d2-948c429b5f4c{ip: 127.0.0.1, host: localhost, ports: [REPLICATION=38037, RATIS=44283, RATIS_ADMIN=44283, RATIS_SERVER=44283, STANDALONE=45065], networkLocation: /default-rack, certSerialId: null, persistedOpState: null, persistedOpStateExpiryEpochSec: 0}
2022-11-09 16:19:12,420 [EventQueue-NewNodeForNewNodeHandler] INFO  pipeline.BackgroundPipelineCreator (BackgroundPipelineCreator.java:notifyEventTriggered(269)) - ignore, not leader SCM.
2022-11-09 16:19:12,421 [EventQueue-NodeRegistrationContainerReportForDataNodeSafeModeRule] INFO  safemode.SCMSafeModeManager (DataNodeSafeModeRule.java:process(71)) - SCM in safe mode. 2 DataNodes registered, 3 required.
2022-11-09 16:19:12,422 [IPC Server handler 1 on default port 44989] INFO  net.NetworkTopologyImpl (NetworkTopologyImpl.java:add(112)) - Added a new node: /default-rack/0f4d65c1-9a91-4277-90d2-948c429b5f4c
2022-11-09 16:19:12,422 [IPC Server handler 1 on default port 44989] INFO  node.SCMNodeManager (SCMNodeManager.java:register(397)) - Registered Data node : 0f4d65c1-9a91-4277-90d2-948c429b5f4c{ip: 127.0.0.1, host: localhost, ports: [REPLICATION=38037, RATIS=44283, RATIS_ADMIN=44283, RATIS_SERVER=44283, STANDALONE=45065], networkLocation: /default-rack, certSerialId: null, persistedOpState: null, persistedOpStateExpiryEpochSec: 0}
2022-11-09 16:19:12,422 [EventQueue-NewNodeForNewNodeHandler] INFO  pipeline.BackgroundPipelineCreator (BackgroundPipelineCreator.java:notifyEventTriggered(276)) - trigger a one-shot run on RatisPipelineUtilsThread.
2022-11-09 16:19:12,423 [IPC Server handler 4 on default port 44507] INFO  net.NetworkTopologyImpl (NetworkTopologyImpl.java:add(112)) - Added a new node: /default-rack/0f4d65c1-9a91-4277-90d2-948c429b5f4c
2022-11-09 16:19:12,423 [IPC Server handler 4 on default port 44507] INFO  node.SCMNodeManager (SCMNodeManager.java:register(397)) - Registered Data node : 0f4d65c1-9a91-4277-90d2-948c429b5f4c{ip: 127.0.0.1, host: localhost, ports: [REPLICATION=38037, RATIS=44283, RATIS_ADMIN=44283, RATIS_SERVER=44283, STANDALONE=45065], networkLocation: /default-rack, certSerialId: null, persistedOpState: null, persistedOpStateExpiryEpochSec: 0}
2022-11-09 16:19:12,424 [EventQueue-NodeRegistrationContainerReportForDataNodeSafeModeRule] INFO  safemode.SCMSafeModeManager (DataNodeSafeModeRule.java:process(71)) - SCM in safe mode. 2 DataNodes registered, 3 required.
2022-11-09 16:19:12,424 [EventQueue-NodeRegistrationContainerReportForDataNodeSafeModeRule] INFO  safemode.SCMSafeModeManager (DataNodeSafeModeRule.java:process(71)) - SCM in safe mode. 2 DataNodes registered, 3 required.
2022-11-09 16:19:12,425 [EventQueue-NewNodeForNewNodeHandler] INFO  pipeline.BackgroundPipelineCreator (BackgroundPipelineCreator.java:notifyEventTriggered(269)) - ignore, not leader SCM.
2022-11-09 16:19:12,428 [RatisPipelineUtilsThread - 0] INFO  pipeline.RatisPipelineProvider (RatisPipelineProvider.java:lambda$create$0(195)) - Sending CreatePipelineCommand for pipeline:PipelineID=b8eac135-ad9b-43db-afe5-be6ae64012bb to datanode:0f4d65c1-9a91-4277-90d2-948c429b5f4c
2022-11-09 16:19:12,436 [b72141cc-d5cc-4373-b066-0e22769f6f76@group-FABB0032522B-StateMachineUpdater] INFO  pipeline.PipelineStateManagerImpl (PipelineStateManagerImpl.java:addPipeline(103)) - Created pipeline Pipeline[ Id: b8eac135-ad9b-43db-afe5-be6ae64012bb, Nodes: 0f4d65c1-9a91-4277-90d2-948c429b5f4c{ip: 127.0.0.1, host: localhost, ports: [REPLICATION=38037, RATIS=44283, RATIS_ADMIN=44283, RATIS_SERVER=44283, STANDALONE=45065], networkLocation: /default-rack, certSerialId: null, persistedOpState: IN_SERVICE, persistedOpStateExpiryEpochSec: 0}, ReplicationConfig: RATIS/ONE, State:ALLOCATED, leaderId:, CreationTimestamp2022-11-09T16:19:12.428Z[Etc/UTC]].
2022-11-09 16:19:12,436 [b72141cc-d5cc-4373-b066-0e22769f6f76@group-FABB0032522B-StateMachineUpdater] INFO  safemode.HealthyPipelineSafeModeRule (HealthyPipelineSafeModeRule.java:initializeRule(165)) - Refreshed total pipeline count is 0, healthy pipeline threshold count is 1
2022-11-09 16:19:12,441 [622c10ad-5518-4f12-b7b6-fef968aa587d@group-FABB0032522B-StateMachineUpdater] INFO  pipeline.PipelineStateManagerImpl (PipelineStateManagerImpl.java:addPipeline(103)) - Created pipeline Pipeline[ Id: b8eac135-ad9b-43db-afe5-be6ae64012bb, Nodes: 0f4d65c1-9a91-4277-90d2-948c429b5f4c{ip: 127.0.0.1, host: localhost, ports: [REPLICATION=38037, RATIS=44283, RATIS_ADMIN=44283, RATIS_SERVER=44283, STANDALONE=45065], networkLocation: /default-rack, certSerialId: null, persistedOpState: IN_SERVICE, persistedOpStateExpiryEpochSec: 0}, ReplicationConfig: RATIS/ONE, State:ALLOCATED, leaderId:, CreationTimestamp2022-11-09T16:19:12.428Z[Etc/UTC]].
2022-11-09 16:19:12,446 [622c10ad-5518-4f12-b7b6-fef968aa587d@group-FABB0032522B-StateMachineUpdater] INFO  safemode.HealthyPipelineSafeModeRule (HealthyPipelineSafeModeRule.java:initializeRule(165)) - Refreshed total pipeline count is 0, healthy pipeline threshold count is 1
2022-11-09 16:19:12,448 [2b0403aa-f9f3-4c84-9f99-08ca89661127@group-FABB0032522B-StateMachineUpdater] INFO  pipeline.PipelineStateManagerImpl (PipelineStateManagerImpl.java:addPipeline(103)) - Created pipeline Pipeline[ Id: b8eac135-ad9b-43db-afe5-be6ae64012bb, Nodes: 0f4d65c1-9a91-4277-90d2-948c429b5f4c{ip: 127.0.0.1, host: localhost, ports: [REPLICATION=38037, RATIS=44283, RATIS_ADMIN=44283, RATIS_SERVER=44283, STANDALONE=45065], networkLocation: /default-rack, certSerialId: null, persistedOpState: IN_SERVICE, persistedOpStateExpiryEpochSec: 0}, ReplicationConfig: RATIS/ONE, State:ALLOCATED, leaderId:, CreationTimestamp2022-11-09T16:19:12.428Z[Etc/UTC]].
2022-11-09 16:19:12,448 [2b0403aa-f9f3-4c84-9f99-08ca89661127@group-FABB0032522B-StateMachineUpdater] INFO  safemode.HealthyPipelineSafeModeRule (HealthyPipelineSafeModeRule.java:initializeRule(165)) - Refreshed total pipeline count is 0, healthy pipeline threshold count is 1
2022-11-09 16:19:12,754 [IPC Server handler 15 on default port 35701] INFO  net.NetworkTopologyImpl (NetworkTopologyImpl.java:add(112)) - Added a new node: /default-rack/c305175a-c10c-4712-990e-ad58ba6eeba7
2022-11-09 16:19:12,754 [IPC Server handler 15 on default port 35701] INFO  node.SCMNodeManager (SCMNodeManager.java:register(397)) - Registered Data node : c305175a-c10c-4712-990e-ad58ba6eeba7{ip: 127.0.0.1, host: localhost, ports: [REPLICATION=33685, RATIS=43159, RATIS_ADMIN=43159, RATIS_SERVER=43159, STANDALONE=46417], networkLocation: /default-rack, certSerialId: null, persistedOpState: null, persistedOpStateExpiryEpochSec: 0}
2022-11-09 16:19:12,754 [EventQueue-NewNodeForNewNodeHandler] INFO  pipeline.BackgroundPipelineCreator (BackgroundPipelineCreator.java:notifyEventTriggered(269)) - ignore, not leader SCM.
2022-11-09 16:19:12,755 [IPC Server handler 3 on default port 44989] INFO  net.NetworkTopologyImpl (NetworkTopologyImpl.java:add(112)) - Added a new node: /default-rack/c305175a-c10c-4712-990e-ad58ba6eeba7
2022-11-09 16:19:12,755 [IPC Server handler 3 on default port 44989] INFO  node.SCMNodeManager (SCMNodeManager.java:register(397)) - Registered Data node : c305175a-c10c-4712-990e-ad58ba6eeba7{ip: 127.0.0.1, host: localhost, ports: [REPLICATION=33685, RATIS=43159, RATIS_ADMIN=43159, RATIS_SERVER=43159, STANDALONE=46417], networkLocation: /default-rack, certSerialId: null, persistedOpState: null, persistedOpStateExpiryEpochSec: 0}
2022-11-09 16:19:12,755 [EventQueue-NewNodeForNewNodeHandler] INFO  pipeline.BackgroundPipelineCreator (BackgroundPipelineCreator.java:notifyEventTriggered(276)) - trigger a one-shot run on RatisPipelineUtilsThread.
2022-11-09 16:19:12,756 [EventQueue-NodeRegistrationContainerReportForDataNodeSafeModeRule] INFO  safemode.SCMSafeModeManager (DataNodeSafeModeRule.java:process(71)) - SCM in safe mode. 3 DataNodes registered, 3 required.
2022-11-09 16:19:12,756 [EventQueue-NodeRegistrationContainerReportForDataNodeSafeModeRule] INFO  safemode.SCMSafeModeManager (SCMSafeModeManager.java:validateSafeModeExitRules(204)) - DataNodeSafeModeRule rule is successfully validated
2022-11-09 16:19:12,756 [EventQueue-NodeRegistrationContainerReportForDataNodeSafeModeRule] INFO  safemode.SCMSafeModeManager (SCMSafeModeManager.java:completePreCheck(233)) - All SCM safe mode pre check rules have passed
2022-11-09 16:19:12,756 [EventQueue-NodeRegistrationContainerReportForDataNodeSafeModeRule] WARN  events.EventQueue (EventQueue.java:fireEvent(216)) - No event handler registered for event TypedEvent{payloadType=SafeModeStatus, name='Safe mode status'}
2022-11-09 16:19:12,756 [EventQueue-NodeRegistrationContainerReportForDataNodeSafeModeRule] INFO  ha.SCMContext (SCMContext.java:updateSafeModeStatus(228)) - Update SafeModeStatus from SafeModeStatus{safeModeStatus=true, preCheckPassed=false} to SafeModeStatus{safeModeStatus=true, preCheckPassed=true}.
2022-11-09 16:19:12,757 [EventQueue-NodeRegistrationContainerReportForDataNodeSafeModeRule] INFO  pipeline.BackgroundPipelineCreator (BackgroundPipelineCreator.java:notifyEventTriggered(269)) - ignore, not leader SCM.
2022-11-09 16:19:12,757 [EventQueue-NodeRegistrationContainerReportForDataNodeSafeModeRule] INFO  safemode.SCMSafeModeManager (DataNodeSafeModeRule.java:process(71)) - SCM in safe mode. 3 DataNodes registered, 3 required.
2022-11-09 16:19:12,757 [EventQueue-NodeRegistrationContainerReportForDataNodeSafeModeRule] INFO  safemode.SCMSafeModeManager (SCMSafeModeManager.java:validateSafeModeExitRules(204)) - DataNodeSafeModeRule rule is successfully validated
2022-11-09 16:19:12,757 [EventQueue-NodeRegistrationContainerReportForDataNodeSafeModeRule] INFO  safemode.SCMSafeModeManager (SCMSafeModeManager.java:completePreCheck(233)) - All SCM safe mode pre check rules have passed
2022-11-09 16:19:12,757 [EventQueue-NodeRegistrationContainerReportForDataNodeSafeModeRule] WARN  events.EventQueue (EventQueue.java:fireEvent(216)) - No event handler registered for event TypedEvent{payloadType=SafeModeStatus, name='Safe mode status'}
2022-11-09 16:19:12,758 [EventQueue-NodeRegistrationContainerReportForDataNodeSafeModeRule] INFO  ha.SCMContext (SCMContext.java:updateSafeModeStatus(228)) - Update SafeModeStatus from SafeModeStatus{safeModeStatus=true, preCheckPassed=false} to SafeModeStatus{safeModeStatus=true, preCheckPassed=true}.
2022-11-09 16:19:12,760 [EventQueue-NodeRegistrationContainerReportForDataNodeSafeModeRule] INFO  pipeline.BackgroundPipelineCreator (BackgroundPipelineCreator.java:notifyEventTriggered(276)) - trigger a one-shot run on RatisPipelineUtilsThread.
2022-11-09 16:19:12,760 [RatisPipelineUtilsThread - 0] INFO  pipeline.RatisPipelineProvider (RatisPipelineProvider.java:lambda$create$0(195)) - Sending CreatePipelineCommand for pipeline:PipelineID=e129364b-2358-44eb-821a-207d78df9387 to datanode:c305175a-c10c-4712-990e-ad58ba6eeba7
2022-11-09 16:19:12,762 [Listener at 127.0.0.1/42701] INFO  ozone.MiniOzoneClusterImpl (MiniOzoneClusterImpl.java:lambda$waitForClusterToBeReady$0(216)) - Nodes are ready. Got 3 of 3 DN Heartbeats.
2022-11-09 16:19:12,762 [Listener at 127.0.0.1/42701] INFO  ozone.MiniOzoneClusterImpl (MiniOzoneClusterImpl.java:lambda$waitForClusterToBeReady$0(219)) - Waiting for cluster to exit safe mode
2022-11-09 16:19:12,762 [Listener at 127.0.0.1/42701] INFO  ozone.MiniOzoneClusterImpl (MiniOzoneClusterImpl.java:lambda$waitForClusterToBeReady$0(221)) - SCM became leader
2022-11-09 16:19:12,763 [IPC Server handler 1 on default port 44507] INFO  net.NetworkTopologyImpl (NetworkTopologyImpl.java:add(112)) - Added a new node: /default-rack/c305175a-c10c-4712-990e-ad58ba6eeba7
2022-11-09 16:19:12,763 [IPC Server handler 1 on default port 44507] INFO  node.SCMNodeManager (SCMNodeManager.java:register(397)) - Registered Data node : c305175a-c10c-4712-990e-ad58ba6eeba7{ip: 127.0.0.1, host: localhost, ports: [REPLICATION=33685, RATIS=43159, RATIS_ADMIN=43159, RATIS_SERVER=43159, STANDALONE=46417], networkLocation: /default-rack, certSerialId: null, persistedOpState: null, persistedOpStateExpiryEpochSec: 0}
2022-11-09 16:19:12,765 [EventQueue-NodeRegistrationContainerReportForDataNodeSafeModeRule] INFO  safemode.SCMSafeModeManager (DataNodeSafeModeRule.java:process(71)) - SCM in safe mode. 3 DataNodes registered, 3 required.
2022-11-09 16:19:12,765 [EventQueue-NodeRegistrationContainerReportForDataNodeSafeModeRule] INFO  safemode.SCMSafeModeManager (SCMSafeModeManager.java:validateSafeModeExitRules(204)) - DataNodeSafeModeRule rule is successfully validated
2022-11-09 16:19:12,765 [EventQueue-NodeRegistrationContainerReportForDataNodeSafeModeRule] INFO  safemode.SCMSafeModeManager (SCMSafeModeManager.java:completePreCheck(233)) - All SCM safe mode pre check rules have passed
2022-11-09 16:19:12,765 [EventQueue-NodeRegistrationContainerReportForDataNodeSafeModeRule] WARN  events.EventQueue (EventQueue.java:fireEvent(216)) - No event handler registered for event TypedEvent{payloadType=SafeModeStatus, name='Safe mode status'}
2022-11-09 16:19:12,765 [EventQueue-NodeRegistrationContainerReportForDataNodeSafeModeRule] INFO  ha.SCMContext (SCMContext.java:updateSafeModeStatus(228)) - Update SafeModeStatus from SafeModeStatus{safeModeStatus=true, preCheckPassed=false} to SafeModeStatus{safeModeStatus=true, preCheckPassed=true}.
2022-11-09 16:19:12,765 [EventQueue-NodeRegistrationContainerReportForDataNodeSafeModeRule] INFO  pipeline.BackgroundPipelineCreator (BackgroundPipelineCreator.java:notifyEventTriggered(269)) - ignore, not leader SCM.
2022-11-09 16:19:12,766 [EventQueue-NewNodeForNewNodeHandler] INFO  pipeline.BackgroundPipelineCreator (BackgroundPipelineCreator.java:notifyEventTriggered(269)) - ignore, not leader SCM.
2022-11-09 16:19:12,769 [b72141cc-d5cc-4373-b066-0e22769f6f76@group-FABB0032522B-StateMachineUpdater] INFO  pipeline.PipelineStateManagerImpl (PipelineStateManagerImpl.java:addPipeline(103)) - Created pipeline Pipeline[ Id: e129364b-2358-44eb-821a-207d78df9387, Nodes: c305175a-c10c-4712-990e-ad58ba6eeba7{ip: 127.0.0.1, host: localhost, ports: [REPLICATION=33685, RATIS=43159, RATIS_ADMIN=43159, RATIS_SERVER=43159, STANDALONE=46417], networkLocation: /default-rack, certSerialId: null, persistedOpState: IN_SERVICE, persistedOpStateExpiryEpochSec: 0}, ReplicationConfig: RATIS/ONE, State:ALLOCATED, leaderId:, CreationTimestamp2022-11-09T16:19:12.760Z[Etc/UTC]].
2022-11-09 16:19:12,769 [b72141cc-d5cc-4373-b066-0e22769f6f76@group-FABB0032522B-StateMachineUpdater] INFO  safemode.HealthyPipelineSafeModeRule (HealthyPipelineSafeModeRule.java:initializeRule(165)) - Refreshed total pipeline count is 0, healthy pipeline threshold count is 1
2022-11-09 16:19:12,772 [RatisPipelineUtilsThread - 0] INFO  pipeline.RatisPipelineProvider (RatisPipelineProvider.java:lambda$create$0(195)) - Sending CreatePipelineCommand for pipeline:PipelineID=389e4be9-7155-4403-a4d8-32287f085b78 to datanode:b2c93a51-a95c-4f35-b86d-509595609ea9
2022-11-09 16:19:12,773 [RatisPipelineUtilsThread - 0] INFO  pipeline.RatisPipelineProvider (RatisPipelineProvider.java:lambda$create$0(195)) - Sending CreatePipelineCommand for pipeline:PipelineID=389e4be9-7155-4403-a4d8-32287f085b78 to datanode:c305175a-c10c-4712-990e-ad58ba6eeba7
2022-11-09 16:19:12,773 [RatisPipelineUtilsThread - 0] INFO  pipeline.RatisPipelineProvider (RatisPipelineProvider.java:lambda$create$0(195)) - Sending CreatePipelineCommand for pipeline:PipelineID=389e4be9-7155-4403-a4d8-32287f085b78 to datanode:0f4d65c1-9a91-4277-90d2-948c429b5f4c
2022-11-09 16:19:12,774 [2b0403aa-f9f3-4c84-9f99-08ca89661127@group-FABB0032522B-StateMachineUpdater] INFO  pipeline.PipelineStateManagerImpl (PipelineStateManagerImpl.java:addPipeline(103)) - Created pipeline Pipeline[ Id: e129364b-2358-44eb-821a-207d78df9387, Nodes: c305175a-c10c-4712-990e-ad58ba6eeba7{ip: 127.0.0.1, host: localhost, ports: [REPLICATION=33685, RATIS=43159, RATIS_ADMIN=43159, RATIS_SERVER=43159, STANDALONE=46417], networkLocation: /default-rack, certSerialId: null, persistedOpState: IN_SERVICE, persistedOpStateExpiryEpochSec: 0}, ReplicationConfig: RATIS/ONE, State:ALLOCATED, leaderId:, CreationTimestamp2022-11-09T16:19:12.760Z[Etc/UTC]].
2022-11-09 16:19:12,779 [2b0403aa-f9f3-4c84-9f99-08ca89661127@group-FABB0032522B-StateMachineUpdater] INFO  safemode.HealthyPipelineSafeModeRule (HealthyPipelineSafeModeRule.java:initializeRule(165)) - Refreshed total pipeline count is 0, healthy pipeline threshold count is 1
2022-11-09 16:19:12,774 [622c10ad-5518-4f12-b7b6-fef968aa587d@group-FABB0032522B-StateMachineUpdater] INFO  pipeline.PipelineStateManagerImpl (PipelineStateManagerImpl.java:addPipeline(103)) - Created pipeline Pipeline[ Id: e129364b-2358-44eb-821a-207d78df9387, Nodes: c305175a-c10c-4712-990e-ad58ba6eeba7{ip: 127.0.0.1, host: localhost, ports: [REPLICATION=33685, RATIS=43159, RATIS_ADMIN=43159, RATIS_SERVER=43159, STANDALONE=46417], networkLocation: /default-rack, certSerialId: null, persistedOpState: IN_SERVICE, persistedOpStateExpiryEpochSec: 0}, ReplicationConfig: RATIS/ONE, State:ALLOCATED, leaderId:, CreationTimestamp2022-11-09T16:19:12.760Z[Etc/UTC]].
2022-11-09 16:19:12,780 [622c10ad-5518-4f12-b7b6-fef968aa587d@group-FABB0032522B-StateMachineUpdater] INFO  safemode.HealthyPipelineSafeModeRule (HealthyPipelineSafeModeRule.java:initializeRule(165)) - Refreshed total pipeline count is 0, healthy pipeline threshold count is 1
2022-11-09 16:19:12,785 [b72141cc-d5cc-4373-b066-0e22769f6f76@group-FABB0032522B-StateMachineUpdater] INFO  pipeline.PipelineStateManagerImpl (PipelineStateManagerImpl.java:addPipeline(103)) - Created pipeline Pipeline[ Id: 389e4be9-7155-4403-a4d8-32287f085b78, Nodes: b2c93a51-a95c-4f35-b86d-509595609ea9{ip: 127.0.0.1, host: localhost, ports: [REPLICATION=46839, RATIS=46167, RATIS_ADMIN=46167, RATIS_SERVER=46167, STANDALONE=40909], networkLocation: /default-rack, certSerialId: null, persistedOpState: IN_SERVICE, persistedOpStateExpiryEpochSec: 0}c305175a-c10c-4712-990e-ad58ba6eeba7{ip: 127.0.0.1, host: localhost, ports: [REPLICATION=33685, RATIS=43159, RATIS_ADMIN=43159, RATIS_SERVER=43159, STANDALONE=46417], networkLocation: /default-rack, certSerialId: null, persistedOpState: IN_SERVICE, persistedOpStateExpiryEpochSec: 0}0f4d65c1-9a91-4277-90d2-948c429b5f4c{ip: 127.0.0.1, host: localhost, ports: [REPLICATION=38037, RATIS=44283, RATIS_ADMIN=44283, RATIS_SERVER=44283, STANDALONE=45065], networkLocation: /default-rack, certSerialId: null, persistedOpState: IN_SERVICE, persistedOpStateExpiryEpochSec: 0}, ReplicationConfig: RATIS/THREE, State:ALLOCATED, leaderId:, CreationTimestamp2022-11-09T16:19:12.772Z[Etc/UTC]].
2022-11-09 16:19:12,786 [b72141cc-d5cc-4373-b066-0e22769f6f76@group-FABB0032522B-StateMachineUpdater] INFO  safemode.HealthyPipelineSafeModeRule (HealthyPipelineSafeModeRule.java:initializeRule(165)) - Refreshed total pipeline count is 0, healthy pipeline threshold count is 1
2022-11-09 16:19:12,788 [RatisPipelineUtilsThread - 0] INFO  pipeline.RatisPipelineProvider (RatisPipelineProvider.java:lambda$create$0(195)) - Sending CreatePipelineCommand for pipeline:PipelineID=21abcab8-d120-483e-bf06-9092d43f070d to datanode:0f4d65c1-9a91-4277-90d2-948c429b5f4c
2022-11-09 16:19:12,788 [RatisPipelineUtilsThread - 0] INFO  pipeline.RatisPipelineProvider (RatisPipelineProvider.java:lambda$create$0(195)) - Sending CreatePipelineCommand for pipeline:PipelineID=21abcab8-d120-483e-bf06-9092d43f070d to datanode:c305175a-c10c-4712-990e-ad58ba6eeba7
2022-11-09 16:19:12,788 [RatisPipelineUtilsThread - 0] INFO  pipeline.RatisPipelineProvider (RatisPipelineProvider.java:lambda$create$0(195)) - Sending CreatePipelineCommand for pipeline:PipelineID=21abcab8-d120-483e-bf06-9092d43f070d to datanode:b2c93a51-a95c-4f35-b86d-509595609ea9
2022-11-09 16:19:12,827 [2b0403aa-f9f3-4c84-9f99-08ca89661127@group-FABB0032522B-StateMachineUpdater] INFO  pipeline.PipelineStateManagerImpl (PipelineStateManagerImpl.java:addPipeline(103)) - Created pipeline Pipeline[ Id: 389e4be9-7155-4403-a4d8-32287f085b78, Nodes: b2c93a51-a95c-4f35-b86d-509595609ea9{ip: 127.0.0.1, host: localhost, ports: [REPLICATION=46839, RATIS=46167, RATIS_ADMIN=46167, RATIS_SERVER=46167, STANDALONE=40909], networkLocation: /default-rack, certSerialId: null, persistedOpState: IN_SERVICE, persistedOpStateExpiryEpochSec: 0}c305175a-c10c-4712-990e-ad58ba6eeba7{ip: 127.0.0.1, host: localhost, ports: [REPLICATION=33685, RATIS=43159, RATIS_ADMIN=43159, RATIS_SERVER=43159, STANDALONE=46417], networkLocation: /default-rack, certSerialId: null, persistedOpState: IN_SERVICE, persistedOpStateExpiryEpochSec: 0}0f4d65c1-9a91-4277-90d2-948c429b5f4c{ip: 127.0.0.1, host: localhost, ports: [REPLICATION=38037, RATIS=44283, RATIS_ADMIN=44283, RATIS_SERVER=44283, STANDALONE=45065], networkLocation: /default-rack, certSerialId: null, persistedOpState: IN_SERVICE, persistedOpStateExpiryEpochSec: 0}, ReplicationConfig: RATIS/THREE, State:ALLOCATED, leaderId:, CreationTimestamp2022-11-09T16:19:12.772Z[Etc/UTC]].
2022-11-09 16:19:12,828 [2b0403aa-f9f3-4c84-9f99-08ca89661127@group-FABB0032522B-StateMachineUpdater] INFO  safemode.HealthyPipelineSafeModeRule (HealthyPipelineSafeModeRule.java:initializeRule(165)) - Refreshed total pipeline count is 0, healthy pipeline threshold count is 1
2022-11-09 16:19:12,829 [622c10ad-5518-4f12-b7b6-fef968aa587d@group-FABB0032522B-StateMachineUpdater] INFO  pipeline.PipelineStateManagerImpl (PipelineStateManagerImpl.java:addPipeline(103)) - Created pipeline Pipeline[ Id: 389e4be9-7155-4403-a4d8-32287f085b78, Nodes: b2c93a51-a95c-4f35-b86d-509595609ea9{ip: 127.0.0.1, host: localhost, ports: [REPLICATION=46839, RATIS=46167, RATIS_ADMIN=46167, RATIS_SERVER=46167, STANDALONE=40909], networkLocation: /default-rack, certSerialId: null, persistedOpState: IN_SERVICE, persistedOpStateExpiryEpochSec: 0}c305175a-c10c-4712-990e-ad58ba6eeba7{ip: 127.0.0.1, host: localhost, ports: [REPLICATION=33685, RATIS=43159, RATIS_ADMIN=43159, RATIS_SERVER=43159, STANDALONE=46417], networkLocation: /default-rack, certSerialId: null, persistedOpState: IN_SERVICE, persistedOpStateExpiryEpochSec: 0}0f4d65c1-9a91-4277-90d2-948c429b5f4c{ip: 127.0.0.1, host: localhost, ports: [REPLICATION=38037, RATIS=44283, RATIS_ADMIN=44283, RATIS_SERVER=44283, STANDALONE=45065], networkLocation: /default-rack, certSerialId: null, persistedOpState: IN_SERVICE, persistedOpStateExpiryEpochSec: 0}, ReplicationConfig: RATIS/THREE, State:ALLOCATED, leaderId:, CreationTimestamp2022-11-09T16:19:12.772Z[Etc/UTC]].
2022-11-09 16:19:12,829 [622c10ad-5518-4f12-b7b6-fef968aa587d@group-FABB0032522B-StateMachineUpdater] INFO  safemode.HealthyPipelineSafeModeRule (HealthyPipelineSafeModeRule.java:initializeRule(165)) - Refreshed total pipeline count is 0, healthy pipeline threshold count is 1
2022-11-09 16:19:12,843 [b72141cc-d5cc-4373-b066-0e22769f6f76@group-FABB0032522B-StateMachineUpdater] INFO  pipeline.PipelineStateManagerImpl (PipelineStateManagerImpl.java:addPipeline(103)) - Created pipeline Pipeline[ Id: 21abcab8-d120-483e-bf06-9092d43f070d, Nodes: 0f4d65c1-9a91-4277-90d2-948c429b5f4c{ip: 127.0.0.1, host: localhost, ports: [REPLICATION=38037, RATIS=44283, RATIS_ADMIN=44283, RATIS_SERVER=44283, STANDALONE=45065], networkLocation: /default-rack, certSerialId: null, persistedOpState: IN_SERVICE, persistedOpStateExpiryEpochSec: 0}c305175a-c10c-4712-990e-ad58ba6eeba7{ip: 127.0.0.1, host: localhost, ports: [REPLICATION=33685, RATIS=43159, RATIS_ADMIN=43159, RATIS_SERVER=43159, STANDALONE=46417], networkLocation: /default-rack, certSerialId: null, persistedOpState: IN_SERVICE, persistedOpStateExpiryEpochSec: 0}b2c93a51-a95c-4f35-b86d-509595609ea9{ip: 127.0.0.1, host: localhost, ports: [REPLICATION=46839, RATIS=46167, RATIS_ADMIN=46167, RATIS_SERVER=46167, STANDALONE=40909], networkLocation: /default-rack, certSerialId: null, persistedOpState: IN_SERVICE, persistedOpStateExpiryEpochSec: 0}, ReplicationConfig: RATIS/THREE, State:ALLOCATED, leaderId:, CreationTimestamp2022-11-09T16:19:12.788Z[Etc/UTC]].
2022-11-09 16:19:12,843 [b72141cc-d5cc-4373-b066-0e22769f6f76@group-FABB0032522B-StateMachineUpdater] INFO  safemode.HealthyPipelineSafeModeRule (HealthyPipelineSafeModeRule.java:initializeRule(165)) - Refreshed total pipeline count is 0, healthy pipeline threshold count is 1
2022-11-09 16:19:12,843 [RatisPipelineUtilsThread - 0] INFO  pipeline.PipelineManagerImpl (PipelineManagerImpl.java:recordMetricsForPipeline(826)) - Pipeline: PipelineID=21abcab8-d120-483e-bf06-9092d43f070d contains same datanodes as previous pipelines: PipelineID=389e4be9-7155-4403-a4d8-32287f085b78 nodeIds: 0f4d65c1-9a91-4277-90d2-948c429b5f4c, c305175a-c10c-4712-990e-ad58ba6eeba7, b2c93a51-a95c-4f35-b86d-509595609ea9
2022-11-09 16:19:12,847 [2b0403aa-f9f3-4c84-9f99-08ca89661127@group-FABB0032522B-StateMachineUpdater] INFO  pipeline.PipelineStateManagerImpl (PipelineStateManagerImpl.java:addPipeline(103)) - Created pipeline Pipeline[ Id: 21abcab8-d120-483e-bf06-9092d43f070d, Nodes: 0f4d65c1-9a91-4277-90d2-948c429b5f4c{ip: 127.0.0.1, host: localhost, ports: [REPLICATION=38037, RATIS=44283, RATIS_ADMIN=44283, RATIS_SERVER=44283, STANDALONE=45065], networkLocation: /default-rack, certSerialId: null, persistedOpState: IN_SERVICE, persistedOpStateExpiryEpochSec: 0}c305175a-c10c-4712-990e-ad58ba6eeba7{ip: 127.0.0.1, host: localhost, ports: [REPLICATION=33685, RATIS=43159, RATIS_ADMIN=43159, RATIS_SERVER=43159, STANDALONE=46417], networkLocation: /default-rack, certSerialId: null, persistedOpState: IN_SERVICE, persistedOpStateExpiryEpochSec: 0}b2c93a51-a95c-4f35-b86d-509595609ea9{ip: 127.0.0.1, host: localhost, ports: [REPLICATION=46839, RATIS=46167, RATIS_ADMIN=46167, RATIS_SERVER=46167, STANDALONE=40909], networkLocation: /default-rack, certSerialId: null, persistedOpState: IN_SERVICE, persistedOpStateExpiryEpochSec: 0}, ReplicationConfig: RATIS/THREE, State:ALLOCATED, leaderId:, CreationTimestamp2022-11-09T16:19:12.788Z[Etc/UTC]].
2022-11-09 16:19:12,847 [2b0403aa-f9f3-4c84-9f99-08ca89661127@group-FABB0032522B-StateMachineUpdater] INFO  safemode.HealthyPipelineSafeModeRule (HealthyPipelineSafeModeRule.java:initializeRule(165)) - Refreshed total pipeline count is 0, healthy pipeline threshold count is 1
2022-11-09 16:19:12,848 [622c10ad-5518-4f12-b7b6-fef968aa587d@group-FABB0032522B-StateMachineUpdater] INFO  pipeline.PipelineStateManagerImpl (PipelineStateManagerImpl.java:addPipeline(103)) - Created pipeline Pipeline[ Id: 21abcab8-d120-483e-bf06-9092d43f070d, Nodes: 0f4d65c1-9a91-4277-90d2-948c429b5f4c{ip: 127.0.0.1, host: localhost, ports: [REPLICATION=38037, RATIS=44283, RATIS_ADMIN=44283, RATIS_SERVER=44283, STANDALONE=45065], networkLocation: /default-rack, certSerialId: null, persistedOpState: IN_SERVICE, persistedOpStateExpiryEpochSec: 0}c305175a-c10c-4712-990e-ad58ba6eeba7{ip: 127.0.0.1, host: localhost, ports: [REPLICATION=33685, RATIS=43159, RATIS_ADMIN=43159, RATIS_SERVER=43159, STANDALONE=46417], networkLocation: /default-rack, certSerialId: null, persistedOpState: IN_SERVICE, persistedOpStateExpiryEpochSec: 0}b2c93a51-a95c-4f35-b86d-509595609ea9{ip: 127.0.0.1, host: localhost, ports: [REPLICATION=46839, RATIS=46167, RATIS_ADMIN=46167, RATIS_SERVER=46167, STANDALONE=40909], networkLocation: /default-rack, certSerialId: null, persistedOpState: IN_SERVICE, persistedOpStateExpiryEpochSec: 0}, ReplicationConfig: RATIS/THREE, State:ALLOCATED, leaderId:, CreationTimestamp2022-11-09T16:19:12.788Z[Etc/UTC]].
2022-11-09 16:19:12,849 [622c10ad-5518-4f12-b7b6-fef968aa587d@group-FABB0032522B-StateMachineUpdater] INFO  safemode.HealthyPipelineSafeModeRule (HealthyPipelineSafeModeRule.java:initializeRule(165)) - Refreshed total pipeline count is 0, healthy pipeline threshold count is 1
2022-11-09 16:19:13,763 [Listener at 127.0.0.1/42701] INFO  ozone.MiniOzoneClusterImpl (MiniOzoneClusterImpl.java:lambda$waitForClusterToBeReady$0(216)) - Nodes are ready. Got 3 of 3 DN Heartbeats.
2022-11-09 16:19:13,763 [Listener at 127.0.0.1/42701] INFO  ozone.MiniOzoneClusterImpl (MiniOzoneClusterImpl.java:lambda$waitForClusterToBeReady$0(219)) - Waiting for cluster to exit safe mode
2022-11-09 16:19:13,763 [Listener at 127.0.0.1/42701] INFO  ozone.MiniOzoneClusterImpl (MiniOzoneClusterImpl.java:lambda$waitForClusterToBeReady$0(221)) - SCM became leader
2022-11-09 16:19:14,763 [Listener at 127.0.0.1/42701] INFO  ozone.MiniOzoneClusterImpl (MiniOzoneClusterImpl.java:lambda$waitForClusterToBeReady$0(216)) - Nodes are ready. Got 3 of 3 DN Heartbeats.
2022-11-09 16:19:14,763 [Listener at 127.0.0.1/42701] INFO  ozone.MiniOzoneClusterImpl (MiniOzoneClusterImpl.java:lambda$waitForClusterToBeReady$0(219)) - Waiting for cluster to exit safe mode
2022-11-09 16:19:14,763 [Listener at 127.0.0.1/42701] INFO  ozone.MiniOzoneClusterImpl (MiniOzoneClusterImpl.java:lambda$waitForClusterToBeReady$0(221)) - SCM became leader
2022-11-09 16:19:14,981 [Command processor thread] INFO  server.RaftServer (RaftServerProxy.java:addNew(96)) - b2c93a51-a95c-4f35-b86d-509595609ea9: addNew group-0A2B984E6862:[b2c93a51-a95c-4f35-b86d-509595609ea9|rpc:127.0.0.1:46167|priority:1|startupRole:FOLLOWER] returns group-0A2B984E6862:java.util.concurrent.CompletableFuture@45bca335[Not completed]
2022-11-09 16:19:14,996 [pool-190-thread-1] INFO  server.RaftServer$Division (RaftServerImpl.java:<init>(195)) - b2c93a51-a95c-4f35-b86d-509595609ea9: new RaftServerImpl for group-0A2B984E6862:[b2c93a51-a95c-4f35-b86d-509595609ea9|rpc:127.0.0.1:46167|priority:1|startupRole:FOLLOWER] with ContainerStateMachine:uninitialized
2022-11-09 16:19:14,996 [pool-190-thread-1] INFO  server.RaftServerConfigKeys (ConfUtils.java:logGet(46)) - raft.server.rpc.timeout.min = 5s (custom)
2022-11-09 16:19:14,996 [pool-190-thread-1] INFO  server.RaftServerConfigKeys (ConfUtils.java:logGet(46)) - raft.server.rpc.timeout.max = 5200ms (custom)
2022-11-09 16:19:14,996 [pool-190-thread-1] INFO  server.RaftServerConfigKeys (ConfUtils.java:logGet(46)) - raft.server.rpc.sleep.time = 25ms (default)
2022-11-09 16:19:14,996 [pool-190-thread-1] INFO  server.RaftServerConfigKeys (ConfUtils.java:logGet(46)) - raft.server.rpc.slowness.timeout = 300s (custom)
2022-11-09 16:19:14,996 [pool-190-thread-1] INFO  server.RaftServerConfigKeys (ConfUtils.java:logGet(46)) - raft.server.leaderelection.leader.step-down.wait-time = 10s (default)
2022-11-09 16:19:14,996 [pool-190-thread-1] INFO  server.RaftServerConfigKeys (ConfUtils.java:logGet(46)) - raft.server.sleep.deviation.threshold = 300ms (default)
2022-11-09 16:19:14,997 [pool-190-thread-1] INFO  server.RaftServer$Division (ServerState.java:<init>(118)) - b2c93a51-a95c-4f35-b86d-509595609ea9@group-0A2B984E6862: ConfigurationManager, init=-1: peers:[b2c93a51-a95c-4f35-b86d-509595609ea9|rpc:127.0.0.1:46167|priority:1|startupRole:FOLLOWER]|listeners:[], old=null, confs=<EMPTY_MAP>
2022-11-09 16:19:14,997 [pool-190-thread-1] INFO  server.RaftServerConfigKeys (ConfUtils.java:logGet(46)) - raft.server.storage.dir = [/home/runner/work/ozone/ozone/hadoop-ozone/integration-test/target/test-dir/MiniOzoneClusterImpl-5b74f3a4-74d7-4700-a005-fabb0032522b/datanode-0/data/ratis] (custom)
2022-11-09 16:19:14,997 [pool-190-thread-1] INFO  server.RaftServerConfigKeys (ConfUtils.java:logGet(46)) - raft.server.log.corruption.policy = EXCEPTION (default)
2022-11-09 16:19:14,997 [pool-190-thread-1] INFO  server.RaftServerConfigKeys (ConfUtils.java:logGet(46)) - raft.server.storage.free-space.min = 0MB (=0) (default)
2022-11-09 16:19:14,997 [pool-190-thread-1] INFO  server.RaftServerConfigKeys (ConfUtils.java:logGet(46)) - raft.server.notification.no-leader.timeout = 300s (custom)
2022-11-09 16:19:14,997 [pool-190-thread-1] INFO  server.RaftServerConfigKeys (ConfUtils.java:logGet(46)) - raft.server.retrycache.expirytime = 600000ms (custom)
2022-11-09 16:19:14,997 [pool-190-thread-1] INFO  server.RaftServerConfigKeys (ConfUtils.java:logGet(46)) - raft.server.retrycache.statistics.expirytime = 100μs (default)
2022-11-09 16:19:15,001 [pool-190-thread-1] INFO  server.RaftServerConfigKeys (ConfUtils.java:logGet(46)) - raft.server.log.appender.install.snapshot.enabled = false (custom)
2022-11-09 16:19:15,001 [pool-190-thread-1] INFO  server.RaftServerConfigKeys (ConfUtils.java:logGet(46)) - raft.server.threadpool.server.cached = true (default)
2022-11-09 16:19:15,001 [pool-190-thread-1] INFO  server.RaftServerConfigKeys (ConfUtils.java:logGet(46)) - raft.server.threadpool.server.size = 0 (default)
2022-11-09 16:19:15,001 [pool-190-thread-1] INFO  server.RaftServerConfigKeys (ConfUtils.java:logGet(46)) - raft.server.threadpool.client.cached = true (default)
2022-11-09 16:19:15,001 [pool-190-thread-1] INFO  server.RaftServerConfigKeys (ConfUtils.java:logGet(46)) - raft.server.threadpool.client.size = 0 (default)
2022-11-09 16:19:15,001 [pool-190-thread-1] INFO  storage.RaftStorageDirectory (RaftStorageDirectoryImpl.java:analyzeStorage(137)) - The storage directory /home/runner/work/ozone/ozone/hadoop-ozone/integration-test/target/test-dir/MiniOzoneClusterImpl-5b74f3a4-74d7-4700-a005-fabb0032522b/datanode-0/data/ratis/79f3bb43-9316-4a67-b8f4-0a2b984e6862 does not exist. Creating ...
2022-11-09 16:19:15,002 [pool-190-thread-1] INFO  storage.RaftStorageDirectory (RaftStorageDirectoryImpl.java:tryLock(231)) - Lock on /home/runner/work/ozone/ozone/hadoop-ozone/integration-test/target/test-dir/MiniOzoneClusterImpl-5b74f3a4-74d7-4700-a005-fabb0032522b/datanode-0/data/ratis/79f3bb43-9316-4a67-b8f4-0a2b984e6862/in_use.lock acquired by nodename 3584@fv-az91-492
2022-11-09 16:19:15,004 [pool-190-thread-1] INFO  storage.RaftStorage (RaftStorageImpl.java:format(96)) - Storage directory /home/runner/work/ozone/ozone/hadoop-ozone/integration-test/target/test-dir/MiniOzoneClusterImpl-5b74f3a4-74d7-4700-a005-fabb0032522b/datanode-0/data/ratis/79f3bb43-9316-4a67-b8f4-0a2b984e6862 has been successfully formatted.
2022-11-09 16:19:15,008 [pool-190-thread-1] INFO  ratis.ContainerStateMachine (ContainerStateMachine.java:loadSnapshot(236)) - group-0A2B984E6862: The snapshot info is null. Setting the last applied indexto:(t:0, i:~)
2022-11-09 16:19:15,008 [pool-190-thread-1] INFO  server.RaftServerConfigKeys (ConfUtils.java:logGet(46)) - raft.server.log.use.memory = false (default)
2022-11-09 16:19:15,008 [pool-190-thread-1] INFO  server.RaftServerConfigKeys (ConfUtils.java:logGet(46)) - raft.server.log.purge.gap = 1000000 (custom)
2022-11-09 16:19:15,008 [pool-190-thread-1] INFO  server.RaftServerConfigKeys (ConfUtils.java:logGet(46)) - raft.server.log.appender.buffer.byte-limit = 33554432 (custom)
2022-11-09 16:19:15,008 [pool-190-thread-1] INFO  server.RaftServerConfigKeys (ConfUtils.java:logGet(46)) - raft.server.log.statemachine.data.read.timeout = 1000ms (default)
2022-11-09 16:19:15,008 [pool-190-thread-1] INFO  server.RaftServerConfigKeys (ConfUtils.java:logGet(46)) - raft.server.log.purge.preservation.log.num = 0 (default)
2022-11-09 16:19:15,009 [pool-190-thread-1] INFO  server.RaftServerConfigKeys (ConfUtils.java:logGet(46)) - raft.server.log.segment.size.max = 1048576 (custom)
2022-11-09 16:19:15,009 [pool-190-thread-1] INFO  server.RaftServerConfigKeys (ConfUtils.java:logGet(46)) - raft.server.log.segment.cache.num.max = 2 (custom)
2022-11-09 16:19:15,009 [pool-190-thread-1] INFO  server.RaftServerConfigKeys (ConfUtils.java:logGet(46)) - raft.server.log.segment.cache.size.max = 200MB (=209715200) (default)
2022-11-09 16:19:15,009 [pool-190-thread-1] INFO  segmented.SegmentedRaftLogWorker (SegmentedRaftLogWorker.java:<init>(191)) - new b2c93a51-a95c-4f35-b86d-509595609ea9@group-0A2B984E6862-SegmentedRaftLogWorker for RaftStorageImpl:Storage Directory /home/runner/work/ozone/ozone/hadoop-ozone/integration-test/target/test-dir/MiniOzoneClusterImpl-5b74f3a4-74d7-4700-a005-fabb0032522b/datanode-0/data/ratis/79f3bb43-9316-4a67-b8f4-0a2b984e6862
2022-11-09 16:19:15,009 [pool-190-thread-1] INFO  server.RaftServerConfigKeys (ConfUtils.java:logGet(46)) - raft.server.log.queue.byte-limit = 4294967296 (custom)
2022-11-09 16:19:15,009 [pool-190-thread-1] INFO  server.RaftServerConfigKeys (ConfUtils.java:logGet(46)) - raft.server.log.queue.element-limit = 1024 (custom)
2022-11-09 16:19:15,009 [pool-190-thread-1] INFO  server.RaftServerConfigKeys (ConfUtils.java:logGet(46)) - raft.server.log.segment.size.max = 1048576 (custom)
2022-11-09 16:19:15,009 [pool-190-thread-1] INFO  server.RaftServerConfigKeys (ConfUtils.java:logGet(46)) - raft.server.log.preallocated.size = 16384 (custom)
2022-11-09 16:19:15,009 [pool-190-thread-1] INFO  server.RaftServerConfigKeys (ConfUtils.java:logGet(46)) - raft.server.log.force.sync.num = 128 (default)
2022-11-09 16:19:15,009 [pool-190-thread-1] INFO  server.RaftServerConfigKeys (ConfUtils.java:logGet(46)) - raft.server.log.statemachine.data.sync = true (default)
2022-11-09 16:19:15,009 [pool-190-thread-1] INFO  server.RaftServerConfigKeys (ConfUtils.java:logGet(46)) - raft.server.log.statemachine.data.sync.timeout = 10s (default)
2022-11-09 16:19:15,010 [pool-190-thread-1] INFO  server.RaftServerConfigKeys (ConfUtils.java:logGet(46)) - raft.server.log.statemachine.data.sync.timeout.retry = -1 (default)
2022-11-09 16:19:15,017 [pool-190-thread-1] INFO  server.RaftServerConfigKeys (ConfUtils.java:logGet(46)) - raft.server.log.write.buffer.size = 1048576 (custom)
2022-11-09 16:19:15,017 [pool-190-thread-1] INFO  server.RaftServerConfigKeys (ConfUtils.java:logGet(46)) - raft.server.log.unsafe-flush.enabled = false (default)
2022-11-09 16:19:15,017 [pool-190-thread-1] INFO  server.RaftServerConfigKeys (ConfUtils.java:logGet(46)) - raft.server.log.async-flush.enabled = false (default)
2022-11-09 16:19:15,017 [pool-190-thread-1] INFO  server.RaftServerConfigKeys (ConfUtils.java:logGet(46)) - raft.server.log.statemachine.data.caching.enabled = true (custom)
2022-11-09 16:19:15,019 [pool-190-thread-1] INFO  segmented.SegmentedRaftLogWorker (SegmentedRaftLogWorker.java:lambda$new$0(136)) - b2c93a51-a95c-4f35-b86d-509595609ea9@group-0A2B984E6862-SegmentedRaftLogWorker: flushIndex: setUnconditionally 0 -> -1
2022-11-09 16:19:15,019 [pool-190-thread-1] INFO  segmented.SegmentedRaftLogWorker (SegmentedRaftLogWorker.java:lambda$new$0(136)) - b2c93a51-a95c-4f35-b86d-509595609ea9@group-0A2B984E6862-SegmentedRaftLogWorker: safeCacheEvictIndex: setUnconditionally 0 -> -1
2022-11-09 16:19:15,023 [pool-190-thread-1] INFO  server.RaftServer$Division (RaftServerImpl.java:start(334)) - b2c93a51-a95c-4f35-b86d-509595609ea9@group-0A2B984E6862: start as a follower, conf=-1: peers:[b2c93a51-a95c-4f35-b86d-509595609ea9|rpc:127.0.0.1:46167|priority:1|startupRole:FOLLOWER]|listeners:[], old=null
2022-11-09 16:19:15,023 [pool-190-thread-1] INFO  server.RaftServer$Division (RaftServerImpl.java:setRole(321)) - b2c93a51-a95c-4f35-b86d-509595609ea9@group-0A2B984E6862: changes role from      null to FOLLOWER at term 0 for startAsFollower
2022-11-09 16:19:15,023 [pool-190-thread-1] INFO  impl.RoleInfo (RoleInfo.java:updateAndGet(139)) - b2c93a51-a95c-4f35-b86d-509595609ea9: start b2c93a51-a95c-4f35-b86d-509595609ea9@group-0A2B984E6862-FollowerState
2022-11-09 16:19:15,028 [EventQueue-PipelineReportForPipelineReportHandler] INFO  pipeline.PipelineManagerImpl (PipelineManagerImpl.java:openPipeline(367)) - Pipeline Pipeline[ Id: 79f3bb43-9316-4a67-b8f4-0a2b984e6862, Nodes: b2c93a51-a95c-4f35-b86d-509595609ea9{ip: 127.0.0.1, host: localhost, ports: [REPLICATION=46839, RATIS=46167, RATIS_ADMIN=46167, RATIS_SERVER=46167, STANDALONE=40909], networkLocation: /default-rack, certSerialId: null, persistedOpState: IN_SERVICE, persistedOpStateExpiryEpochSec: 0}, ReplicationConfig: RATIS/ONE, State:ALLOCATED, leaderId:b2c93a51-a95c-4f35-b86d-509595609ea9, CreationTimestamp2022-11-09T16:19:12.036Z[Etc/UTC]] moved to OPEN state
2022-11-09 16:19:15,031 [pool-190-thread-1] INFO  util.JmxRegister (JmxRegister.java:tryRegister(44)) - Successfully registered JMX Bean with object name Ratis:service=RaftServer,group=group-0A2B984E6862,id=b2c93a51-a95c-4f35-b86d-509595609ea9
2022-11-09 16:19:15,031 [pool-190-thread-1] INFO  server.RaftServerConfigKeys (ConfUtils.java:logGet(46)) - raft.server.snapshot.auto.trigger.enabled = true (custom)
2022-11-09 16:19:15,031 [pool-190-thread-1] INFO  server.RaftServerConfigKeys (ConfUtils.java:logGet(46)) - raft.server.snapshot.auto.trigger.threshold = 10000 (custom)
2022-11-09 16:19:15,031 [pool-190-thread-1] INFO  server.RaftServerConfigKeys (ConfUtils.java:logGet(46)) - raft.server.snapshot.retention.file.num = 5 (custom)
2022-11-09 16:19:15,031 [pool-190-thread-1] INFO  server.RaftServerConfigKeys (ConfUtils.java:logGet(46)) - raft.server.log.purge.upto.snapshot.index = false (default)
2022-11-09 16:19:15,029 [EventQueue-PipelineReportForPipelineReportHandler] INFO  pipeline.PipelineManagerImpl (PipelineManagerImpl.java:openPipeline(367)) - Pipeline Pipeline[ Id: 79f3bb43-9316-4a67-b8f4-0a2b984e6862, Nodes: b2c93a51-a95c-4f35-b86d-509595609ea9{ip: 127.0.0.1, host: localhost, ports: [REPLICATION=46839, RATIS=46167, RATIS_ADMIN=46167, RATIS_SERVER=46167, STANDALONE=40909], networkLocation: /default-rack, certSerialId: null, persistedOpState: IN_SERVICE, persistedOpStateExpiryEpochSec: 0}, ReplicationConfig: RATIS/ONE, State:ALLOCATED, leaderId:b2c93a51-a95c-4f35-b86d-509595609ea9, CreationTimestamp2022-11-09T16:19:12.036Z[Etc/UTC]] moved to OPEN state
2022-11-09 16:19:15,035 [Command processor thread] INFO  ratis.XceiverServerRatis (XceiverServerRatis.java:addGroup(765)) - Created group PipelineID=79f3bb43-9316-4a67-b8f4-0a2b984e6862
2022-11-09 16:19:15,036 [Command processor thread] INFO  commandhandler.CreatePipelineCommandHandler (CreatePipelineCommandHandler.java:handle(113)) - Created Pipeline RATIS ONE PipelineID=79f3bb43-9316-4a67-b8f4-0a2b984e6862.
2022-11-09 16:19:15,041 [b2c93a51-a95c-4f35-b86d-509595609ea9@group-0A2B984E6862-FollowerState] INFO  server.RaftServerConfigKeys (ConfUtils.java:logFallback(53)) - raft.server.rpc.first-election.timeout.min = 5s (fallback to raft.server.rpc.timeout.min)
2022-11-09 16:19:15,041 [b2c93a51-a95c-4f35-b86d-509595609ea9@group-0A2B984E6862-FollowerState] INFO  server.RaftServerConfigKeys (ConfUtils.java:logFallback(53)) - raft.server.rpc.first-election.timeout.max = 5200ms (fallback to raft.server.rpc.timeout.max)
2022-11-09 16:19:15,042 [Command processor thread] INFO  server.RaftServer (RaftServerProxy.java:addNew(96)) - b2c93a51-a95c-4f35-b86d-509595609ea9: addNew group-32287F085B78:[b2c93a51-a95c-4f35-b86d-509595609ea9|rpc:127.0.0.1:46167|priority:1|startupRole:FOLLOWER, c305175a-c10c-4712-990e-ad58ba6eeba7|rpc:127.0.0.1:43159|priority:0|startupRole:FOLLOWER, 0f4d65c1-9a91-4277-90d2-948c429b5f4c|rpc:127.0.0.1:44283|priority:0|startupRole:FOLLOWER] returns group-32287F085B78:java.util.concurrent.CompletableFuture@1c39817e[Not completed]
2022-11-09 16:19:15,043 [pool-190-thread-1] INFO  server.RaftServer$Division (RaftServerImpl.java:<init>(195)) - b2c93a51-a95c-4f35-b86d-509595609ea9: new RaftServerImpl for group-32287F085B78:[b2c93a51-a95c-4f35-b86d-509595609ea9|rpc:127.0.0.1:46167|priority:1|startupRole:FOLLOWER, c305175a-c10c-4712-990e-ad58ba6eeba7|rpc:127.0.0.1:43159|priority:0|startupRole:FOLLOWER, 0f4d65c1-9a91-4277-90d2-948c429b5f4c|rpc:127.0.0.1:44283|priority:0|startupRole:FOLLOWER] with ContainerStateMachine:uninitialized
2022-11-09 16:19:15,043 [pool-190-thread-1] INFO  server.RaftServerConfigKeys (ConfUtils.java:logGet(46)) - raft.server.rpc.timeout.min = 5s (custom)
2022-11-09 16:19:15,043 [pool-190-thread-1] INFO  server.RaftServerConfigKeys (ConfUtils.java:logGet(46)) - raft.server.rpc.timeout.max = 5200ms (custom)
2022-11-09 16:19:15,043 [pool-190-thread-1] INFO  server.RaftServerConfigKeys (ConfUtils.java:logGet(46)) - raft.server.rpc.sleep.time = 25ms (default)
2022-11-09 16:19:15,043 [pool-190-thread-1] INFO  server.RaftServerConfigKeys (ConfUtils.java:logGet(46)) - raft.server.rpc.slowness.timeout = 300s (custom)
2022-11-09 16:19:15,043 [pool-190-thread-1] INFO  server.RaftServerConfigKeys (ConfUtils.java:logGet(46)) - raft.server.leaderelection.leader.step-down.wait-time = 10s (default)
2022-11-09 16:19:15,043 [pool-190-thread-1] INFO  server.RaftServerConfigKeys (ConfUtils.java:logGet(46)) - raft.server.sleep.deviation.threshold = 300ms (default)
2022-11-09 16:19:15,043 [pool-190-thread-1] INFO  server.RaftServer$Division (ServerState.java:<init>(118)) - b2c93a51-a95c-4f35-b86d-509595609ea9@group-32287F085B78: ConfigurationManager, init=-1: peers:[b2c93a51-a95c-4f35-b86d-509595609ea9|rpc:127.0.0.1:46167|priority:1|startupRole:FOLLOWER, c305175a-c10c-4712-990e-ad58ba6eeba7|rpc:127.0.0.1:43159|priority:0|startupRole:FOLLOWER, 0f4d65c1-9a91-4277-90d2-948c429b5f4c|rpc:127.0.0.1:44283|priority:0|startupRole:FOLLOWER]|listeners:[], old=null, confs=<EMPTY_MAP>
2022-11-09 16:19:15,043 [pool-190-thread-1] INFO  server.RaftServerConfigKeys (ConfUtils.java:logGet(46)) - raft.server.storage.dir = [/home/runner/work/ozone/ozone/hadoop-ozone/integration-test/target/test-dir/MiniOzoneClusterImpl-5b74f3a4-74d7-4700-a005-fabb0032522b/datanode-0/data/ratis] (custom)
2022-11-09 16:19:15,044 [pool-190-thread-1] INFO  server.RaftServerConfigKeys (ConfUtils.java:logGet(46)) - raft.server.log.corruption.policy = EXCEPTION (default)
2022-11-09 16:19:15,044 [pool-190-thread-1] INFO  server.RaftServerConfigKeys (ConfUtils.java:logGet(46)) - raft.server.storage.free-space.min = 0MB (=0) (default)
2022-11-09 16:19:15,044 [pool-190-thread-1] INFO  server.RaftServerConfigKeys (ConfUtils.java:logGet(46)) - raft.server.notification.no-leader.timeout = 300s (custom)
2022-11-09 16:19:15,044 [pool-190-thread-1] INFO  server.RaftServerConfigKeys (ConfUtils.java:logGet(46)) - raft.server.retrycache.expirytime = 600000ms (custom)
2022-11-09 16:19:15,045 [pool-190-thread-1] INFO  server.RaftServerConfigKeys (ConfUtils.java:logGet(46)) - raft.server.retrycache.statistics.expirytime = 100μs (default)
2022-11-09 16:19:15,046 [pool-190-thread-1] INFO  server.RaftServerConfigKeys (ConfUtils.java:logGet(46)) - raft.server.log.appender.install.snapshot.enabled = false (custom)
2022-11-09 16:19:15,046 [pool-190-thread-1] INFO  server.RaftServerConfigKeys (ConfUtils.java:logGet(46)) - raft.server.threadpool.server.cached = true (default)
2022-11-09 16:19:15,047 [pool-190-thread-1] INFO  server.RaftServerConfigKeys (ConfUtils.java:logGet(46)) - raft.server.threadpool.server.size = 0 (default)
2022-11-09 16:19:15,047 [pool-190-thread-1] INFO  server.RaftServerConfigKeys (ConfUtils.java:logGet(46)) - raft.server.threadpool.client.cached = true (default)
2022-11-09 16:19:15,047 [pool-190-thread-1] INFO  server.RaftServerConfigKeys (ConfUtils.java:logGet(46)) - raft.server.threadpool.client.size = 0 (default)
2022-11-09 16:19:15,047 [pool-190-thread-1] INFO  storage.RaftStorageDirectory (RaftStorageDirectoryImpl.java:analyzeStorage(137)) - The storage directory /home/runner/work/ozone/ozone/hadoop-ozone/integration-test/target/test-dir/MiniOzoneClusterImpl-5b74f3a4-74d7-4700-a005-fabb0032522b/datanode-0/data/ratis/389e4be9-7155-4403-a4d8-32287f085b78 does not exist. Creating ...
2022-11-09 16:19:15,047 [2b0403aa-f9f3-4c84-9f99-08ca89661127@group-FABB0032522B-StateMachineUpdater] INFO  safemode.HealthyPipelineSafeModeRule (HealthyPipelineSafeModeRule.java:initializeRule(165)) - Refreshed total pipeline count is 0, healthy pipeline threshold count is 1
2022-11-09 16:19:15,044 [b72141cc-d5cc-4373-b066-0e22769f6f76@group-FABB0032522B-StateMachineUpdater] INFO  safemode.HealthyPipelineSafeModeRule (HealthyPipelineSafeModeRule.java:initializeRule(165)) - Refreshed total pipeline count is 0, healthy pipeline threshold count is 1
2022-11-09 16:19:15,048 [622c10ad-5518-4f12-b7b6-fef968aa587d@group-FABB0032522B-StateMachineUpdater] INFO  safemode.HealthyPipelineSafeModeRule (HealthyPipelineSafeModeRule.java:initializeRule(165)) - Refreshed total pipeline count is 0, healthy pipeline threshold count is 1
2022-11-09 16:19:15,049 [pool-190-thread-1] INFO  storage.RaftStorageDirectory (RaftStorageDirectoryImpl.java:tryLock(231)) - Lock on /home/runner/work/ozone/ozone/hadoop-ozone/integration-test/target/test-dir/MiniOzoneClusterImpl-5b74f3a4-74d7-4700-a005-fabb0032522b/datanode-0/data/ratis/389e4be9-7155-4403-a4d8-32287f085b78/in_use.lock acquired by nodename 3584@fv-az91-492
2022-11-09 16:19:15,057 [EventQueue-OpenPipelineForHealthyPipelineSafeModeRule] INFO  safemode.SCMSafeModeManager (HealthyPipelineSafeModeRule.java:process(137)) - SCM in safe mode. Healthy pipelines reported count is 0, required healthy pipeline reported count is 1
2022-11-09 16:19:15,060 [pool-190-thread-1] INFO  storage.RaftStorage (RaftStorageImpl.java:format(96)) - Storage directory /home/runner/work/ozone/ozone/hadoop-ozone/integration-test/target/test-dir/MiniOzoneClusterImpl-5b74f3a4-74d7-4700-a005-fabb0032522b/datanode-0/data/ratis/389e4be9-7155-4403-a4d8-32287f085b78 has been successfully formatted.
2022-11-09 16:19:15,061 [pool-190-thread-1] INFO  ratis.ContainerStateMachine (ContainerStateMachine.java:loadSnapshot(236)) - group-32287F085B78: The snapshot info is null. Setting the last applied indexto:(t:0, i:~)
2022-11-09 16:19:15,061 [pool-190-thread-1] INFO  server.RaftServerConfigKeys (ConfUtils.java:logGet(46)) - raft.server.log.use.memory = false (default)
2022-11-09 16:19:15,061 [pool-190-thread-1] INFO  server.RaftServerConfigKeys (ConfUtils.java:logGet(46)) - raft.server.log.purge.gap = 1000000 (custom)
2022-11-09 16:19:15,061 [pool-190-thread-1] INFO  server.RaftServerConfigKeys (ConfUtils.java:logGet(46)) - raft.server.log.appender.buffer.byte-limit = 33554432 (custom)
2022-11-09 16:19:15,061 [pool-190-thread-1] INFO  server.RaftServerConfigKeys (ConfUtils.java:logGet(46)) - raft.server.log.statemachine.data.read.timeout = 1000ms (default)
2022-11-09 16:19:15,061 [pool-190-thread-1] INFO  server.RaftServerConfigKeys (ConfUtils.java:logGet(46)) - raft.server.log.purge.preservation.log.num = 0 (default)
2022-11-09 16:19:15,061 [pool-190-thread-1] INFO  server.RaftServerConfigKeys (ConfUtils.java:logGet(46)) - raft.server.log.segment.size.max = 1048576 (custom)
2022-11-09 16:19:15,061 [pool-190-thread-1] INFO  server.RaftServerConfigKeys (ConfUtils.java:logGet(46)) - raft.server.log.segment.cache.num.max = 2 (custom)
2022-11-09 16:19:15,062 [pool-190-thread-1] INFO  server.RaftServerConfigKeys (ConfUtils.java:logGet(46)) - raft.server.log.segment.cache.size.max = 200MB (=209715200) (default)
2022-11-09 16:19:15,062 [pool-190-thread-1] INFO  segmented.SegmentedRaftLogWorker (SegmentedRaftLogWorker.java:<init>(191)) - new b2c93a51-a95c-4f35-b86d-509595609ea9@group-32287F085B78-SegmentedRaftLogWorker for RaftStorageImpl:Storage Directory /home/runner/work/ozone/ozone/hadoop-ozone/integration-test/target/test-dir/MiniOzoneClusterImpl-5b74f3a4-74d7-4700-a005-fabb0032522b/datanode-0/data/ratis/389e4be9-7155-4403-a4d8-32287f085b78
2022-11-09 16:19:15,062 [pool-190-thread-1] INFO  server.RaftServerConfigKeys (ConfUtils.java:logGet(46)) - raft.server.log.queue.byte-limit = 4294967296 (custom)
2022-11-09 16:19:15,062 [pool-190-thread-1] INFO  server.RaftServerConfigKeys (ConfUtils.java:logGet(46)) - raft.server.log.queue.element-limit = 1024 (custom)
2022-11-09 16:19:15,062 [pool-190-thread-1] INFO  server.RaftServerConfigKeys (ConfUtils.java:logGet(46)) - raft.server.log.segment.size.max = 1048576 (custom)
2022-11-09 16:19:15,062 [pool-190-thread-1] INFO  server.RaftServerConfigKeys (ConfUtils.java:logGet(46)) - raft.server.log.preallocated.size = 16384 (custom)
2022-11-09 16:19:15,062 [pool-190-thread-1] INFO  server.RaftServerConfigKeys (ConfUtils.java:logGet(46)) - raft.server.log.force.sync.num = 128 (default)
2022-11-09 16:19:15,062 [pool-190-thread-1] INFO  server.RaftServerConfigKeys (ConfUtils.java:logGet(46)) - raft.server.log.statemachine.data.sync = true (default)
2022-11-09 16:19:15,062 [pool-190-thread-1] INFO  server.RaftServerConfigKeys (ConfUtils.java:logGet(46)) - raft.server.log.statemachine.data.sync.timeout = 10s (default)
2022-11-09 16:19:15,062 [pool-190-thread-1] INFO  server.RaftServerConfigKeys (ConfUtils.java:logGet(46)) - raft.server.log.statemachine.data.sync.timeout.retry = -1 (default)
2022-11-09 16:19:15,064 [EventQueue-OpenPipelineForHealthyPipelineSafeModeRule] INFO  safemode.SCMSafeModeManager (HealthyPipelineSafeModeRule.java:process(137)) - SCM in safe mode. Healthy pipelines reported count is 0, required healthy pipeline reported count is 1
2022-11-09 16:19:15,064 [EventQueue-OpenPipelineForHealthyPipelineSafeModeRule] INFO  safemode.SCMSafeModeManager (HealthyPipelineSafeModeRule.java:process(137)) - SCM in safe mode. Healthy pipelines reported count is 0, required healthy pipeline reported count is 1
2022-11-09 16:19:15,065 [pool-190-thread-1] INFO  server.RaftServerConfigKeys (ConfUtils.java:logGet(46)) - raft.server.log.write.buffer.size = 1048576 (custom)
2022-11-09 16:19:15,066 [EventQueue-OpenPipelineForHealthyPipelineSafeModeRule] INFO  safemode.SCMSafeModeManager (HealthyPipelineSafeModeRule.java:process(137)) - SCM in safe mode. Healthy pipelines reported count is 0, required healthy pipeline reported count is 1
2022-11-09 16:19:15,066 [pool-190-thread-1] INFO  server.RaftServerConfigKeys (ConfUtils.java:logGet(46)) - raft.server.log.unsafe-flush.enabled = false (default)
2022-11-09 16:19:15,066 [pool-190-thread-1] INFO  server.RaftServerConfigKeys (ConfUtils.java:logGet(46)) - raft.server.log.async-flush.enabled = false (default)
2022-11-09 16:19:15,066 [pool-190-thread-1] INFO  server.RaftServerConfigKeys (ConfUtils.java:logGet(46)) - raft.server.log.statemachine.data.caching.enabled = true (custom)
2022-11-09 16:19:15,067 [pool-190-thread-1] INFO  segmented.SegmentedRaftLogWorker (SegmentedRaftLogWorker.java:lambda$new$0(136)) - b2c93a51-a95c-4f35-b86d-509595609ea9@group-32287F085B78-SegmentedRaftLogWorker: flushIndex: setUnconditionally 0 -> -1
2022-11-09 16:19:15,068 [pool-190-thread-1] INFO  segmented.SegmentedRaftLogWorker (SegmentedRaftLogWorker.java:lambda$new$0(136)) - b2c93a51-a95c-4f35-b86d-509595609ea9@group-32287F085B78-SegmentedRaftLogWorker: safeCacheEvictIndex: setUnconditionally 0 -> -1
2022-11-09 16:19:15,071 [pool-190-thread-1] INFO  server.RaftServer$Division (RaftServerImpl.java:start(334)) - b2c93a51-a95c-4f35-b86d-509595609ea9@group-32287F085B78: start as a follower, conf=-1: peers:[b2c93a51-a95c-4f35-b86d-509595609ea9|rpc:127.0.0.1:46167|priority:1|startupRole:FOLLOWER, c305175a-c10c-4712-990e-ad58ba6eeba7|rpc:127.0.0.1:43159|priority:0|startupRole:FOLLOWER, 0f4d65c1-9a91-4277-90d2-948c429b5f4c|rpc:127.0.0.1:44283|priority:0|startupRole:FOLLOWER]|listeners:[], old=null
2022-11-09 16:19:15,071 [pool-190-thread-1] INFO  server.RaftServer$Division (RaftServerImpl.java:setRole(321)) - b2c93a51-a95c-4f35-b86d-509595609ea9@group-32287F085B78: changes role from      null to FOLLOWER at term 0 for startAsFollower
2022-11-09 16:19:15,071 [pool-190-thread-1] INFO  impl.RoleInfo (RoleInfo.java:updateAndGet(139)) - b2c93a51-a95c-4f35-b86d-509595609ea9: start b2c93a51-a95c-4f35-b86d-509595609ea9@group-32287F085B78-FollowerState
2022-11-09 16:19:15,075 [pool-190-thread-1] INFO  util.JmxRegister (JmxRegister.java:tryRegister(44)) - Successfully registered JMX Bean with object name Ratis:service=RaftServer,group=group-32287F085B78,id=b2c93a51-a95c-4f35-b86d-509595609ea9
2022-11-09 16:19:15,076 [pool-190-thread-1] INFO  server.RaftServerConfigKeys (ConfUtils.java:logGet(46)) - raft.server.snapshot.auto.trigger.enabled = true (custom)
2022-11-09 16:19:15,076 [pool-190-thread-1] INFO  server.RaftServerConfigKeys (ConfUtils.java:logGet(46)) - raft.server.snapshot.auto.trigger.threshold = 10000 (custom)
2022-11-09 16:19:15,076 [pool-190-thread-1] INFO  server.RaftServerConfigKeys (ConfUtils.java:logGet(46)) - raft.server.snapshot.retention.file.num = 5 (custom)
2022-11-09 16:19:15,076 [pool-190-thread-1] INFO  server.RaftServerConfigKeys (ConfUtils.java:logGet(46)) - raft.server.log.purge.upto.snapshot.index = false (default)
2022-11-09 16:19:15,076 [b2c93a51-a95c-4f35-b86d-509595609ea9@group-32287F085B78-FollowerState] INFO  server.RaftServerConfigKeys (ConfUtils.java:logFallback(53)) - raft.server.rpc.first-election.timeout.min = 5s (fallback to raft.server.rpc.timeout.min)
2022-11-09 16:19:15,076 [b2c93a51-a95c-4f35-b86d-509595609ea9@group-32287F085B78-FollowerState] INFO  server.RaftServerConfigKeys (ConfUtils.java:logFallback(53)) - raft.server.rpc.first-election.timeout.max = 5200ms (fallback to raft.server.rpc.timeout.max)
2022-11-09 16:19:15,081 [Command processor thread] INFO  ratis.XceiverServerRatis (XceiverServerRatis.java:addGroup(765)) - Created group PipelineID=389e4be9-7155-4403-a4d8-32287f085b78
2022-11-09 16:19:15,083 [EventQueue-OpenPipelineForHealthyPipelineSafeModeRule] INFO  safemode.SCMSafeModeManager (HealthyPipelineSafeModeRule.java:process(137)) - SCM in safe mode. Healthy pipelines reported count is 0, required healthy pipeline reported count is 1
2022-11-09 16:19:15,171 [grpc-default-executor-0] INFO  server.RaftServer (RaftServerProxy.java:addNew(96)) - c305175a-c10c-4712-990e-ad58ba6eeba7: addNew group-32287F085B78:[b2c93a51-a95c-4f35-b86d-509595609ea9|rpc:127.0.0.1:46167|dataStream:|priority:1|startupRole:FOLLOWER, c305175a-c10c-4712-990e-ad58ba6eeba7|rpc:127.0.0.1:43159|dataStream:|priority:0|startupRole:FOLLOWER, 0f4d65c1-9a91-4277-90d2-948c429b5f4c|rpc:127.0.0.1:44283|dataStream:|priority:0|startupRole:FOLLOWER] returns group-32287F085B78:java.util.concurrent.CompletableFuture@25d7c09[Not completed]
2022-11-09 16:19:15,173 [pool-240-thread-1] INFO  server.RaftServer$Division (RaftServerImpl.java:<init>(195)) - c305175a-c10c-4712-990e-ad58ba6eeba7: new RaftServerImpl for group-32287F085B78:[b2c93a51-a95c-4f35-b86d-509595609ea9|rpc:127.0.0.1:46167|dataStream:|priority:1|startupRole:FOLLOWER, c305175a-c10c-4712-990e-ad58ba6eeba7|rpc:127.0.0.1:43159|dataStream:|priority:0|startupRole:FOLLOWER, 0f4d65c1-9a91-4277-90d2-948c429b5f4c|rpc:127.0.0.1:44283|dataStream:|priority:0|startupRole:FOLLOWER] with ContainerStateMachine:uninitialized
2022-11-09 16:19:15,173 [pool-240-thread-1] INFO  server.RaftServerConfigKeys (ConfUtils.java:logGet(46)) - raft.server.rpc.timeout.min = 5s (custom)
2022-11-09 16:19:15,173 [pool-240-thread-1] INFO  server.RaftServerConfigKeys (ConfUtils.java:logGet(46)) - raft.server.rpc.timeout.max = 5200ms (custom)
2022-11-09 16:19:15,173 [pool-240-thread-1] INFO  server.RaftServerConfigKeys (ConfUtils.java:logGet(46)) - raft.server.rpc.sleep.time = 25ms (default)
2022-11-09 16:19:15,180 [pool-240-thread-1] INFO  server.RaftServerConfigKeys (ConfUtils.java:logGet(46)) - raft.server.rpc.slowness.timeout = 300s (custom)
2022-11-09 16:19:15,180 [pool-240-thread-1] INFO  server.RaftServerConfigKeys (ConfUtils.java:logGet(46)) - raft.server.leaderelection.leader.step-down.wait-time = 10s (default)
2022-11-09 16:19:15,180 [pool-240-thread-1] INFO  server.RaftServerConfigKeys (ConfUtils.java:logGet(46)) - raft.server.sleep.deviation.threshold = 300ms (default)
2022-11-09 16:19:15,180 [pool-240-thread-1] INFO  server.RaftServer$Division (ServerState.java:<init>(118)) - c305175a-c10c-4712-990e-ad58ba6eeba7@group-32287F085B78: ConfigurationManager, init=-1: peers:[b2c93a51-a95c-4f35-b86d-509595609ea9|rpc:127.0.0.1:46167|dataStream:|priority:1|startupRole:FOLLOWER, c305175a-c10c-4712-990e-ad58ba6eeba7|rpc:127.0.0.1:43159|dataStream:|priority:0|startupRole:FOLLOWER, 0f4d65c1-9a91-4277-90d2-948c429b5f4c|rpc:127.0.0.1:44283|dataStream:|priority:0|startupRole:FOLLOWER]|listeners:[], old=null, confs=<EMPTY_MAP>
2022-11-09 16:19:15,181 [pool-240-thread-1] INFO  server.RaftServerConfigKeys (ConfUtils.java:logGet(46)) - raft.server.storage.dir = [/home/runner/work/ozone/ozone/hadoop-ozone/integration-test/target/test-dir/MiniOzoneClusterImpl-5b74f3a4-74d7-4700-a005-fabb0032522b/datanode-2/data/ratis] (custom)
2022-11-09 16:19:15,181 [pool-240-thread-1] INFO  server.RaftServerConfigKeys (ConfUtils.java:logGet(46)) - raft.server.log.corruption.policy = EXCEPTION (default)
2022-11-09 16:19:15,181 [pool-240-thread-1] INFO  server.RaftServerConfigKeys (ConfUtils.java:logGet(46)) - raft.server.storage.free-space.min = 0MB (=0) (default)
2022-11-09 16:19:15,181 [pool-240-thread-1] INFO  server.RaftServerConfigKeys (ConfUtils.java:logGet(46)) - raft.server.notification.no-leader.timeout = 300s (custom)
2022-11-09 16:19:15,181 [pool-240-thread-1] INFO  server.RaftServerConfigKeys (ConfUtils.java:logGet(46)) - raft.server.retrycache.expirytime = 600000ms (custom)
2022-11-09 16:19:15,181 [pool-240-thread-1] INFO  server.RaftServerConfigKeys (ConfUtils.java:logGet(46)) - raft.server.retrycache.statistics.expirytime = 100μs (default)
2022-11-09 16:19:15,186 [pool-240-thread-1] INFO  server.RaftServerConfigKeys (ConfUtils.java:logGet(46)) - raft.server.log.appender.install.snapshot.enabled = false (custom)
2022-11-09 16:19:15,186 [pool-240-thread-1] INFO  server.RaftServerConfigKeys (ConfUtils.java:logGet(46)) - raft.server.threadpool.server.cached = true (default)
2022-11-09 16:19:15,187 [pool-240-thread-1] INFO  server.RaftServerConfigKeys (ConfUtils.java:logGet(46)) - raft.server.threadpool.server.size = 0 (default)
2022-11-09 16:19:15,187 [pool-240-thread-1] INFO  server.RaftServerConfigKeys (ConfUtils.java:logGet(46)) - raft.server.threadpool.client.cached = true (default)
2022-11-09 16:19:15,187 [pool-240-thread-1] INFO  server.RaftServerConfigKeys (ConfUtils.java:logGet(46)) - raft.server.threadpool.client.size = 0 (default)
2022-11-09 16:19:15,187 [pool-240-thread-1] INFO  storage.RaftStorageDirectory (RaftStorageDirectoryImpl.java:analyzeStorage(137)) - The storage directory /home/runner/work/ozone/ozone/hadoop-ozone/integration-test/target/test-dir/MiniOzoneClusterImpl-5b74f3a4-74d7-4700-a005-fabb0032522b/datanode-2/data/ratis/389e4be9-7155-4403-a4d8-32287f085b78 does not exist. Creating ...
2022-11-09 16:19:15,188 [pool-240-thread-1] INFO  storage.RaftStorageDirectory (RaftStorageDirectoryImpl.java:tryLock(231)) - Lock on /home/runner/work/ozone/ozone/hadoop-ozone/integration-test/target/test-dir/MiniOzoneClusterImpl-5b74f3a4-74d7-4700-a005-fabb0032522b/datanode-2/data/ratis/389e4be9-7155-4403-a4d8-32287f085b78/in_use.lock acquired by nodename 3584@fv-az91-492
2022-11-09 16:19:15,189 [pool-240-thread-1] INFO  storage.RaftStorage (RaftStorageImpl.java:format(96)) - Storage directory /home/runner/work/ozone/ozone/hadoop-ozone/integration-test/target/test-dir/MiniOzoneClusterImpl-5b74f3a4-74d7-4700-a005-fabb0032522b/datanode-2/data/ratis/389e4be9-7155-4403-a4d8-32287f085b78 has been successfully formatted.
2022-11-09 16:19:15,190 [pool-240-thread-1] INFO  ratis.ContainerStateMachine (ContainerStateMachine.java:loadSnapshot(236)) - group-32287F085B78: The snapshot info is null. Setting the last applied indexto:(t:0, i:~)
2022-11-09 16:19:15,192 [pool-240-thread-1] INFO  server.RaftServerConfigKeys (ConfUtils.java:logGet(46)) - raft.server.log.use.memory = false (default)
2022-11-09 16:19:15,192 [pool-240-thread-1] INFO  server.RaftServerConfigKeys (ConfUtils.java:logGet(46)) - raft.server.log.purge.gap = 1000000 (custom)
2022-11-09 16:19:15,192 [pool-240-thread-1] INFO  server.RaftServerConfigKeys (ConfUtils.java:logGet(46)) - raft.server.log.appender.buffer.byte-limit = 33554432 (custom)
2022-11-09 16:19:15,192 [pool-240-thread-1] INFO  server.RaftServerConfigKeys (ConfUtils.java:logGet(46)) - raft.server.log.statemachine.data.read.timeout = 1000ms (default)
2022-11-09 16:19:15,192 [pool-240-thread-1] INFO  server.RaftServerConfigKeys (ConfUtils.java:logGet(46)) - raft.server.log.purge.preservation.log.num = 0 (default)
2022-11-09 16:19:15,192 [pool-240-thread-1] INFO  server.RaftServerConfigKeys (ConfUtils.java:logGet(46)) - raft.server.log.segment.size.max = 1048576 (custom)
2022-11-09 16:19:15,193 [pool-240-thread-1] INFO  server.RaftServerConfigKeys (ConfUtils.java:logGet(46)) - raft.server.log.segment.cache.num.max = 2 (custom)
2022-11-09 16:19:15,193 [pool-240-thread-1] INFO  server.RaftServerConfigKeys (ConfUtils.java:logGet(46)) - raft.server.log.segment.cache.size.max = 200MB (=209715200) (default)
2022-11-09 16:19:15,193 [pool-240-thread-1] INFO  segmented.SegmentedRaftLogWorker (SegmentedRaftLogWorker.java:<init>(191)) - new c305175a-c10c-4712-990e-ad58ba6eeba7@group-32287F085B78-SegmentedRaftLogWorker for RaftStorageImpl:Storage Directory /home/runner/work/ozone/ozone/hadoop-ozone/integration-test/target/test-dir/MiniOzoneClusterImpl-5b74f3a4-74d7-4700-a005-fabb0032522b/datanode-2/data/ratis/389e4be9-7155-4403-a4d8-32287f085b78
2022-11-09 16:19:15,193 [pool-240-thread-1] INFO  server.RaftServerConfigKeys (ConfUtils.java:logGet(46)) - raft.server.log.queue.byte-limit = 4294967296 (custom)
2022-11-09 16:19:15,193 [pool-240-thread-1] INFO  server.RaftServerConfigKeys (ConfUtils.java:logGet(46)) - raft.server.log.queue.element-limit = 1024 (custom)
2022-11-09 16:19:15,193 [pool-240-thread-1] INFO  server.RaftServerConfigKeys (ConfUtils.java:logGet(46)) - raft.server.log.segment.size.max = 1048576 (custom)
2022-11-09 16:19:15,193 [pool-240-thread-1] INFO  server.RaftServerConfigKeys (ConfUtils.java:logGet(46)) - raft.server.log.preallocated.size = 16384 (custom)
2022-11-09 16:19:15,193 [pool-240-thread-1] INFO  server.RaftServerConfigKeys (ConfUtils.java:logGet(46)) - raft.server.log.force.sync.num = 128 (default)
2022-11-09 16:19:15,193 [pool-240-thread-1] INFO  server.RaftServerConfigKeys (ConfUtils.java:logGet(46)) - raft.server.log.statemachine.data.sync = true (default)
2022-11-09 16:19:15,193 [pool-240-thread-1] INFO  server.RaftServerConfigKeys (ConfUtils.java:logGet(46)) - raft.server.log.statemachine.data.sync.timeout = 10s (default)
2022-11-09 16:19:15,193 [pool-240-thread-1] INFO  server.RaftServerConfigKeys (ConfUtils.java:logGet(46)) - raft.server.log.statemachine.data.sync.timeout.retry = -1 (default)
2022-11-09 16:19:15,195 [pool-240-thread-1] INFO  server.RaftServerConfigKeys (ConfUtils.java:logGet(46)) - raft.server.log.write.buffer.size = 1048576 (custom)
2022-11-09 16:19:15,196 [pool-240-thread-1] INFO  server.RaftServerConfigKeys (ConfUtils.java:logGet(46)) - raft.server.log.unsafe-flush.enabled = false (default)
2022-11-09 16:19:15,196 [pool-240-thread-1] INFO  server.RaftServerConfigKeys (ConfUtils.java:logGet(46)) - raft.server.log.async-flush.enabled = false (default)
2022-11-09 16:19:15,196 [pool-240-thread-1] INFO  server.RaftServerConfigKeys (ConfUtils.java:logGet(46)) - raft.server.log.statemachine.data.caching.enabled = true (custom)
2022-11-09 16:19:15,196 [pool-240-thread-1] INFO  segmented.SegmentedRaftLogWorker (SegmentedRaftLogWorker.java:lambda$new$0(136)) - c305175a-c10c-4712-990e-ad58ba6eeba7@group-32287F085B78-SegmentedRaftLogWorker: flushIndex: setUnconditionally 0 -> -1
2022-11-09 16:19:15,196 [pool-240-thread-1] INFO  segmented.SegmentedRaftLogWorker (SegmentedRaftLogWorker.java:lambda$new$0(136)) - c305175a-c10c-4712-990e-ad58ba6eeba7@group-32287F085B78-SegmentedRaftLogWorker: safeCacheEvictIndex: setUnconditionally 0 -> -1
2022-11-09 16:19:15,196 [pool-240-thread-1] INFO  server.RaftServer$Division (RaftServerImpl.java:start(334)) - c305175a-c10c-4712-990e-ad58ba6eeba7@group-32287F085B78: start as a follower, conf=-1: peers:[b2c93a51-a95c-4f35-b86d-509595609ea9|rpc:127.0.0.1:46167|dataStream:|priority:1|startupRole:FOLLOWER, c305175a-c10c-4712-990e-ad58ba6eeba7|rpc:127.0.0.1:43159|dataStream:|priority:0|startupRole:FOLLOWER, 0f4d65c1-9a91-4277-90d2-948c429b5f4c|rpc:127.0.0.1:44283|dataStream:|priority:0|startupRole:FOLLOWER]|listeners:[], old=null
2022-11-09 16:19:15,196 [pool-240-thread-1] INFO  server.RaftServer$Division (RaftServerImpl.java:setRole(321)) - c305175a-c10c-4712-990e-ad58ba6eeba7@group-32287F085B78: changes role from      null to FOLLOWER at term 0 for startAsFollower
2022-11-09 16:19:15,196 [pool-240-thread-1] INFO  impl.RoleInfo (RoleInfo.java:updateAndGet(139)) - c305175a-c10c-4712-990e-ad58ba6eeba7: start c305175a-c10c-4712-990e-ad58ba6eeba7@group-32287F085B78-FollowerState
2022-11-09 16:19:15,200 [pool-240-thread-1] INFO  util.JmxRegister (JmxRegister.java:tryRegister(44)) - Successfully registered JMX Bean with object name Ratis:service=RaftServer,group=group-32287F085B78,id=c305175a-c10c-4712-990e-ad58ba6eeba7
2022-11-09 16:19:15,200 [pool-240-thread-1] INFO  server.RaftServerConfigKeys (ConfUtils.java:logGet(46)) - raft.server.snapshot.auto.trigger.enabled = true (custom)
2022-11-09 16:19:15,200 [pool-240-thread-1] INFO  server.RaftServerConfigKeys (ConfUtils.java:logGet(46)) - raft.server.snapshot.auto.trigger.threshold = 10000 (custom)
2022-11-09 16:19:15,200 [pool-240-thread-1] INFO  server.RaftServerConfigKeys (ConfUtils.java:logGet(46)) - raft.server.snapshot.retention.file.num = 5 (custom)
2022-11-09 16:19:15,200 [pool-240-thread-1] INFO  server.RaftServerConfigKeys (ConfUtils.java:logGet(46)) - raft.server.log.purge.upto.snapshot.index = false (default)
2022-11-09 16:19:15,201 [c305175a-c10c-4712-990e-ad58ba6eeba7@group-32287F085B78-FollowerState] INFO  server.RaftServerConfigKeys (ConfUtils.java:logFallback(53)) - raft.server.rpc.first-election.timeout.min = 5s (fallback to raft.server.rpc.timeout.min)
2022-11-09 16:19:15,201 [c305175a-c10c-4712-990e-ad58ba6eeba7@group-32287F085B78-FollowerState] INFO  server.RaftServerConfigKeys (ConfUtils.java:logFallback(53)) - raft.server.rpc.first-election.timeout.max = 5200ms (fallback to raft.server.rpc.timeout.max)
2022-11-09 16:19:15,253 [grpc-default-executor-0] INFO  server.RaftServer (RaftServerProxy.java:addNew(96)) - 0f4d65c1-9a91-4277-90d2-948c429b5f4c: addNew group-32287F085B78:[b2c93a51-a95c-4f35-b86d-509595609ea9|rpc:127.0.0.1:46167|dataStream:|priority:1|startupRole:FOLLOWER, c305175a-c10c-4712-990e-ad58ba6eeba7|rpc:127.0.0.1:43159|dataStream:|priority:0|startupRole:FOLLOWER, 0f4d65c1-9a91-4277-90d2-948c429b5f4c|rpc:127.0.0.1:44283|dataStream:|priority:0|startupRole:FOLLOWER] returns group-32287F085B78:java.util.concurrent.CompletableFuture@6ba1d27e[Not completed]
2022-11-09 16:19:15,254 [pool-215-thread-1] INFO  server.RaftServer$Division (RaftServerImpl.java:<init>(195)) - 0f4d65c1-9a91-4277-90d2-948c429b5f4c: new RaftServerImpl for group-32287F085B78:[b2c93a51-a95c-4f35-b86d-509595609ea9|rpc:127.0.0.1:46167|dataStream:|priority:1|startupRole:FOLLOWER, c305175a-c10c-4712-990e-ad58ba6eeba7|rpc:127.0.0.1:43159|dataStream:|priority:0|startupRole:FOLLOWER, 0f4d65c1-9a91-4277-90d2-948c429b5f4c|rpc:127.0.0.1:44283|dataStream:|priority:0|startupRole:FOLLOWER] with ContainerStateMachine:uninitialized
2022-11-09 16:19:15,254 [pool-215-thread-1] INFO  server.RaftServerConfigKeys (ConfUtils.java:logGet(46)) - raft.server.rpc.timeout.min = 5s (custom)
2022-11-09 16:19:15,254 [pool-215-thread-1] INFO  server.RaftServerConfigKeys (ConfUtils.java:logGet(46)) - raft.server.rpc.timeout.max = 5200ms (custom)
2022-11-09 16:19:15,254 [pool-215-thread-1] INFO  server.RaftServerConfigKeys (ConfUtils.java:logGet(46)) - raft.server.rpc.sleep.time = 25ms (default)
2022-11-09 16:19:15,254 [pool-215-thread-1] INFO  server.RaftServerConfigKeys (ConfUtils.java:logGet(46)) - raft.server.rpc.slowness.timeout = 300s (custom)
2022-11-09 16:19:15,254 [pool-215-thread-1] INFO  server.RaftServerConfigKeys (ConfUtils.java:logGet(46)) - raft.server.leaderelection.leader.step-down.wait-time = 10s (default)
2022-11-09 16:19:15,255 [pool-215-thread-1] INFO  server.RaftServerConfigKeys (ConfUtils.java:logGet(46)) - raft.server.sleep.deviation.threshold = 300ms (default)
2022-11-09 16:19:15,255 [pool-215-thread-1] INFO  server.RaftServer$Division (ServerState.java:<init>(118)) - 0f4d65c1-9a91-4277-90d2-948c429b5f4c@group-32287F085B78: ConfigurationManager, init=-1: peers:[b2c93a51-a95c-4f35-b86d-509595609ea9|rpc:127.0.0.1:46167|dataStream:|priority:1|startupRole:FOLLOWER, c305175a-c10c-4712-990e-ad58ba6eeba7|rpc:127.0.0.1:43159|dataStream:|priority:0|startupRole:FOLLOWER, 0f4d65c1-9a91-4277-90d2-948c429b5f4c|rpc:127.0.0.1:44283|dataStream:|priority:0|startupRole:FOLLOWER]|listeners:[], old=null, confs=<EMPTY_MAP>
2022-11-09 16:19:15,255 [pool-215-thread-1] INFO  server.RaftServerConfigKeys (ConfUtils.java:logGet(46)) - raft.server.storage.dir = [/home/runner/work/ozone/ozone/hadoop-ozone/integration-test/target/test-dir/MiniOzoneClusterImpl-5b74f3a4-74d7-4700-a005-fabb0032522b/datanode-1/data/ratis] (custom)
2022-11-09 16:19:15,255 [pool-215-thread-1] INFO  server.RaftServerConfigKeys (ConfUtils.java:logGet(46)) - raft.server.log.corruption.policy = EXCEPTION (default)
2022-11-09 16:19:15,255 [pool-215-thread-1] INFO  server.RaftServerConfigKeys (ConfUtils.java:logGet(46)) - raft.server.storage.free-space.min = 0MB (=0) (default)
2022-11-09 16:19:15,255 [pool-215-thread-1] INFO  server.RaftServerConfigKeys (ConfUtils.java:logGet(46)) - raft.server.notification.no-leader.timeout = 300s (custom)
2022-11-09 16:19:15,255 [pool-215-thread-1] INFO  server.RaftServerConfigKeys (ConfUtils.java:logGet(46)) - raft.server.retrycache.expirytime = 600000ms (custom)
2022-11-09 16:19:15,255 [pool-215-thread-1] INFO  server.RaftServerConfigKeys (ConfUtils.java:logGet(46)) - raft.server.retrycache.statistics.expirytime = 100μs (default)
2022-11-09 16:19:15,258 [pool-215-thread-1] INFO  server.RaftServerConfigKeys (ConfUtils.java:logGet(46)) - raft.server.log.appender.install.snapshot.enabled = false (custom)
2022-11-09 16:19:15,258 [pool-215-thread-1] INFO  server.RaftServerConfigKeys (ConfUtils.java:logGet(46)) - raft.server.threadpool.server.cached = true (default)
2022-11-09 16:19:15,258 [pool-215-thread-1] INFO  server.RaftServerConfigKeys (ConfUtils.java:logGet(46)) - raft.server.threadpool.server.size = 0 (default)
2022-11-09 16:19:15,258 [pool-215-thread-1] INFO  server.RaftServerConfigKeys (ConfUtils.java:logGet(46)) - raft.server.threadpool.client.cached = true (default)
2022-11-09 16:19:15,258 [pool-215-thread-1] INFO  server.RaftServerConfigKeys (ConfUtils.java:logGet(46)) - raft.server.threadpool.client.size = 0 (default)
2022-11-09 16:19:15,259 [pool-215-thread-1] INFO  storage.RaftStorageDirectory (RaftStorageDirectoryImpl.java:analyzeStorage(137)) - The storage directory /home/runner/work/ozone/ozone/hadoop-ozone/integration-test/target/test-dir/MiniOzoneClusterImpl-5b74f3a4-74d7-4700-a005-fabb0032522b/datanode-1/data/ratis/389e4be9-7155-4403-a4d8-32287f085b78 does not exist. Creating ...
2022-11-09 16:19:15,260 [pool-215-thread-1] INFO  storage.RaftStorageDirectory (RaftStorageDirectoryImpl.java:tryLock(231)) - Lock on /home/runner/work/ozone/ozone/hadoop-ozone/integration-test/target/test-dir/MiniOzoneClusterImpl-5b74f3a4-74d7-4700-a005-fabb0032522b/datanode-1/data/ratis/389e4be9-7155-4403-a4d8-32287f085b78/in_use.lock acquired by nodename 3584@fv-az91-492
2022-11-09 16:19:15,261 [pool-215-thread-1] INFO  storage.RaftStorage (RaftStorageImpl.java:format(96)) - Storage directory /home/runner/work/ozone/ozone/hadoop-ozone/integration-test/target/test-dir/MiniOzoneClusterImpl-5b74f3a4-74d7-4700-a005-fabb0032522b/datanode-1/data/ratis/389e4be9-7155-4403-a4d8-32287f085b78 has been successfully formatted.
2022-11-09 16:19:15,266 [pool-215-thread-1] INFO  ratis.ContainerStateMachine (ContainerStateMachine.java:loadSnapshot(236)) - group-32287F085B78: The snapshot info is null. Setting the last applied indexto:(t:0, i:~)
2022-11-09 16:19:15,267 [pool-215-thread-1] INFO  server.RaftServerConfigKeys (ConfUtils.java:logGet(46)) - raft.server.log.use.memory = false (default)
2022-11-09 16:19:15,267 [pool-215-thread-1] INFO  server.RaftServerConfigKeys (ConfUtils.java:logGet(46)) - raft.server.log.purge.gap = 1000000 (custom)
2022-11-09 16:19:15,267 [pool-215-thread-1] INFO  server.RaftServerConfigKeys (ConfUtils.java:logGet(46)) - raft.server.log.appender.buffer.byte-limit = 33554432 (custom)
2022-11-09 16:19:15,267 [pool-215-thread-1] INFO  server.RaftServerConfigKeys (ConfUtils.java:logGet(46)) - raft.server.log.statemachine.data.read.timeout = 1000ms (default)
2022-11-09 16:19:15,267 [pool-215-thread-1] INFO  server.RaftServerConfigKeys (ConfUtils.java:logGet(46)) - raft.server.log.purge.preservation.log.num = 0 (default)
2022-11-09 16:19:15,267 [pool-215-thread-1] INFO  server.RaftServerConfigKeys (ConfUtils.java:logGet(46)) - raft.server.log.segment.size.max = 1048576 (custom)
2022-11-09 16:19:15,268 [pool-215-thread-1] INFO  server.RaftServerConfigKeys (ConfUtils.java:logGet(46)) - raft.server.log.segment.cache.num.max = 2 (custom)
2022-11-09 16:19:15,268 [pool-215-thread-1] INFO  server.RaftServerConfigKeys (ConfUtils.java:logGet(46)) - raft.server.log.segment.cache.size.max = 200MB (=209715200) (default)
2022-11-09 16:19:15,268 [pool-215-thread-1] INFO  segmented.SegmentedRaftLogWorker (SegmentedRaftLogWorker.java:<init>(191)) - new 0f4d65c1-9a91-4277-90d2-948c429b5f4c@group-32287F085B78-SegmentedRaftLogWorker for RaftStorageImpl:Storage Directory /home/runner/work/ozone/ozone/hadoop-ozone/integration-test/target/test-dir/MiniOzoneClusterImpl-5b74f3a4-74d7-4700-a005-fabb0032522b/datanode-1/data/ratis/389e4be9-7155-4403-a4d8-32287f085b78
2022-11-09 16:19:15,268 [pool-215-thread-1] INFO  server.RaftServerConfigKeys (ConfUtils.java:logGet(46)) - raft.server.log.queue.byte-limit = 4294967296 (custom)
2022-11-09 16:19:15,268 [pool-215-thread-1] INFO  server.RaftServerConfigKeys (ConfUtils.java:logGet(46)) - raft.server.log.queue.element-limit = 1024 (custom)
2022-11-09 16:19:15,268 [pool-215-thread-1] INFO  server.RaftServerConfigKeys (ConfUtils.java:logGet(46)) - raft.server.log.segment.size.max = 1048576 (custom)
2022-11-09 16:19:15,268 [pool-215-thread-1] INFO  server.RaftServerConfigKeys (ConfUtils.java:logGet(46)) - raft.server.log.preallocated.size = 16384 (custom)
2022-11-09 16:19:15,268 [pool-215-thread-1] INFO  server.RaftServerConfigKeys (ConfUtils.java:logGet(46)) - raft.server.log.force.sync.num = 128 (default)
2022-11-09 16:19:15,268 [pool-215-thread-1] INFO  server.RaftServerConfigKeys (ConfUtils.java:logGet(46)) - raft.server.log.statemachine.data.sync = true (default)
2022-11-09 16:19:15,268 [pool-215-thread-1] INFO  server.RaftServerConfigKeys (ConfUtils.java:logGet(46)) - raft.server.log.statemachine.data.sync.timeout = 10s (default)
2022-11-09 16:19:15,268 [pool-215-thread-1] INFO  server.RaftServerConfigKeys (ConfUtils.java:logGet(46)) - raft.server.log.statemachine.data.sync.timeout.retry = -1 (default)
2022-11-09 16:19:15,269 [pool-215-thread-1] INFO  server.RaftServerConfigKeys (ConfUtils.java:logGet(46)) - raft.server.log.write.buffer.size = 1048576 (custom)
2022-11-09 16:19:15,270 [pool-215-thread-1] INFO  server.RaftServerConfigKeys (ConfUtils.java:logGet(46)) - raft.server.log.unsafe-flush.enabled = false (default)
2022-11-09 16:19:15,270 [pool-215-thread-1] INFO  server.RaftServerConfigKeys (ConfUtils.java:logGet(46)) - raft.server.log.async-flush.enabled = false (default)
2022-11-09 16:19:15,270 [pool-215-thread-1] INFO  server.RaftServerConfigKeys (ConfUtils.java:logGet(46)) - raft.server.log.statemachine.data.caching.enabled = true (custom)
2022-11-09 16:19:15,270 [pool-215-thread-1] INFO  segmented.SegmentedRaftLogWorker (SegmentedRaftLogWorker.java:lambda$new$0(136)) - 0f4d65c1-9a91-4277-90d2-948c429b5f4c@group-32287F085B78-SegmentedRaftLogWorker: flushIndex: setUnconditionally 0 -> -1
2022-11-09 16:19:15,270 [pool-215-thread-1] INFO  segmented.SegmentedRaftLogWorker (SegmentedRaftLogWorker.java:lambda$new$0(136)) - 0f4d65c1-9a91-4277-90d2-948c429b5f4c@group-32287F085B78-SegmentedRaftLogWorker: safeCacheEvictIndex: setUnconditionally 0 -> -1
2022-11-09 16:19:15,271 [pool-215-thread-1] INFO  server.RaftServer$Division (RaftServerImpl.java:start(334)) - 0f4d65c1-9a91-4277-90d2-948c429b5f4c@group-32287F085B78: start as a follower, conf=-1: peers:[b2c93a51-a95c-4f35-b86d-509595609ea9|rpc:127.0.0.1:46167|dataStream:|priority:1|startupRole:FOLLOWER, c305175a-c10c-4712-990e-ad58ba6eeba7|rpc:127.0.0.1:43159|dataStream:|priority:0|startupRole:FOLLOWER, 0f4d65c1-9a91-4277-90d2-948c429b5f4c|rpc:127.0.0.1:44283|dataStream:|priority:0|startupRole:FOLLOWER]|listeners:[], old=null
2022-11-09 16:19:15,271 [pool-215-thread-1] INFO  server.RaftServer$Division (RaftServerImpl.java:setRole(321)) - 0f4d65c1-9a91-4277-90d2-948c429b5f4c@group-32287F085B78: changes role from      null to FOLLOWER at term 0 for startAsFollower
2022-11-09 16:19:15,271 [pool-215-thread-1] INFO  impl.RoleInfo (RoleInfo.java:updateAndGet(139)) - 0f4d65c1-9a91-4277-90d2-948c429b5f4c: start 0f4d65c1-9a91-4277-90d2-948c429b5f4c@group-32287F085B78-FollowerState
2022-11-09 16:19:15,271 [pool-215-thread-1] INFO  util.JmxRegister (JmxRegister.java:tryRegister(44)) - Successfully registered JMX Bean with object name Ratis:service=RaftServer,group=group-32287F085B78,id=0f4d65c1-9a91-4277-90d2-948c429b5f4c
2022-11-09 16:19:15,271 [pool-215-thread-1] INFO  server.RaftServerConfigKeys (ConfUtils.java:logGet(46)) - raft.server.snapshot.auto.trigger.enabled = true (custom)
2022-11-09 16:19:15,271 [pool-215-thread-1] INFO  server.RaftServerConfigKeys (ConfUtils.java:logGet(46)) - raft.server.snapshot.auto.trigger.threshold = 10000 (custom)
2022-11-09 16:19:15,271 [pool-215-thread-1] INFO  server.RaftServerConfigKeys (ConfUtils.java:logGet(46)) - raft.server.snapshot.retention.file.num = 5 (custom)
2022-11-09 16:19:15,271 [pool-215-thread-1] INFO  server.RaftServerConfigKeys (ConfUtils.java:logGet(46)) - raft.server.log.purge.upto.snapshot.index = false (default)
2022-11-09 16:19:15,272 [0f4d65c1-9a91-4277-90d2-948c429b5f4c@group-32287F085B78-FollowerState] INFO  server.RaftServerConfigKeys (ConfUtils.java:logFallback(53)) - raft.server.rpc.first-election.timeout.min = 5s (fallback to raft.server.rpc.timeout.min)
2022-11-09 16:19:15,272 [0f4d65c1-9a91-4277-90d2-948c429b5f4c@group-32287F085B78-FollowerState] INFO  server.RaftServerConfigKeys (ConfUtils.java:logFallback(53)) - raft.server.rpc.first-election.timeout.max = 5200ms (fallback to raft.server.rpc.timeout.max)
2022-11-09 16:19:15,283 [Command processor thread] INFO  commandhandler.CreatePipelineCommandHandler (CreatePipelineCommandHandler.java:handle(113)) - Created Pipeline RATIS THREE PipelineID=389e4be9-7155-4403-a4d8-32287f085b78.
2022-11-09 16:19:15,283 [Command processor thread] INFO  server.RaftServer (RaftServerProxy.java:addNew(96)) - b2c93a51-a95c-4f35-b86d-509595609ea9: addNew group-9092D43F070D:[b2c93a51-a95c-4f35-b86d-509595609ea9|rpc:127.0.0.1:46167|priority:0|startupRole:FOLLOWER, 0f4d65c1-9a91-4277-90d2-948c429b5f4c|rpc:127.0.0.1:44283|priority:1|startupRole:FOLLOWER, c305175a-c10c-4712-990e-ad58ba6eeba7|rpc:127.0.0.1:43159|priority:0|startupRole:FOLLOWER] returns group-9092D43F070D:java.util.concurrent.CompletableFuture@62911713[Not completed]
2022-11-09 16:19:15,285 [pool-190-thread-1] INFO  server.RaftServer$Division (RaftServerImpl.java:<init>(195)) - b2c93a51-a95c-4f35-b86d-509595609ea9: new RaftServerImpl for group-9092D43F070D:[b2c93a51-a95c-4f35-b86d-509595609ea9|rpc:127.0.0.1:46167|priority:0|startupRole:FOLLOWER, 0f4d65c1-9a91-4277-90d2-948c429b5f4c|rpc:127.0.0.1:44283|priority:1|startupRole:FOLLOWER, c305175a-c10c-4712-990e-ad58ba6eeba7|rpc:127.0.0.1:43159|priority:0|startupRole:FOLLOWER] with ContainerStateMachine:uninitialized
2022-11-09 16:19:15,285 [pool-190-thread-1] INFO  server.RaftServerConfigKeys (ConfUtils.java:logGet(46)) - raft.server.rpc.timeout.min = 5s (custom)
2022-11-09 16:19:15,285 [pool-190-thread-1] INFO  server.RaftServerConfigKeys (ConfUtils.java:logGet(46)) - raft.server.rpc.timeout.max = 5200ms (custom)
2022-11-09 16:19:15,285 [pool-190-thread-1] INFO  server.RaftServerConfigKeys (ConfUtils.java:logGet(46)) - raft.server.rpc.sleep.time = 25ms (default)
2022-11-09 16:19:15,285 [pool-190-thread-1] INFO  server.RaftServerConfigKeys (ConfUtils.java:logGet(46)) - raft.server.rpc.slowness.timeout = 300s (custom)
2022-11-09 16:19:15,285 [pool-190-thread-1] INFO  server.RaftServerConfigKeys (ConfUtils.java:logGet(46)) - raft.server.leaderelection.leader.step-down.wait-time = 10s (default)
2022-11-09 16:19:15,285 [pool-190-thread-1] INFO  server.RaftServerConfigKeys (ConfUtils.java:logGet(46)) - raft.server.sleep.deviation.threshold = 300ms (default)
2022-11-09 16:19:15,285 [pool-190-thread-1] INFO  server.RaftServer$Division (ServerState.java:<init>(118)) - b2c93a51-a95c-4f35-b86d-509595609ea9@group-9092D43F070D: ConfigurationManager, init=-1: peers:[b2c93a51-a95c-4f35-b86d-509595609ea9|rpc:127.0.0.1:46167|priority:0|startupRole:FOLLOWER, 0f4d65c1-9a91-4277-90d2-948c429b5f4c|rpc:127.0.0.1:44283|priority:1|startupRole:FOLLOWER, c305175a-c10c-4712-990e-ad58ba6eeba7|rpc:127.0.0.1:43159|priority:0|startupRole:FOLLOWER]|listeners:[], old=null, confs=<EMPTY_MAP>
2022-11-09 16:19:15,285 [pool-190-thread-1] INFO  server.RaftServerConfigKeys (ConfUtils.java:logGet(46)) - raft.server.storage.dir = [/home/runner/work/ozone/ozone/hadoop-ozone/integration-test/target/test-dir/MiniOzoneClusterImpl-5b74f3a4-74d7-4700-a005-fabb0032522b/datanode-0/data/ratis] (custom)
2022-11-09 16:19:15,285 [pool-190-thread-1] INFO  server.RaftServerConfigKeys (ConfUtils.java:logGet(46)) - raft.server.log.corruption.policy = EXCEPTION (default)
2022-11-09 16:19:15,285 [pool-190-thread-1] INFO  server.RaftServerConfigKeys (ConfUtils.java:logGet(46)) - raft.server.storage.free-space.min = 0MB (=0) (default)
2022-11-09 16:19:15,285 [pool-190-thread-1] INFO  server.RaftServerConfigKeys (ConfUtils.java:logGet(46)) - raft.server.notification.no-leader.timeout = 300s (custom)
2022-11-09 16:19:15,285 [pool-190-thread-1] INFO  server.RaftServerConfigKeys (ConfUtils.java:logGet(46)) - raft.server.retrycache.expirytime = 600000ms (custom)
2022-11-09 16:19:15,285 [pool-190-thread-1] INFO  server.RaftServerConfigKeys (ConfUtils.java:logGet(46)) - raft.server.retrycache.statistics.expirytime = 100μs (default)
2022-11-09 16:19:15,287 [pool-190-thread-1] INFO  server.RaftServerConfigKeys (ConfUtils.java:logGet(46)) - raft.server.log.appender.install.snapshot.enabled = false (custom)
2022-11-09 16:19:15,287 [pool-190-thread-1] INFO  server.RaftServerConfigKeys (ConfUtils.java:logGet(46)) - raft.server.threadpool.server.cached = true (default)
2022-11-09 16:19:15,287 [pool-190-thread-1] INFO  server.RaftServerConfigKeys (ConfUtils.java:logGet(46)) - raft.server.threadpool.server.size = 0 (default)
2022-11-09 16:19:15,287 [pool-190-thread-1] INFO  server.RaftServerConfigKeys (ConfUtils.java:logGet(46)) - raft.server.threadpool.client.cached = true (default)
2022-11-09 16:19:15,287 [pool-190-thread-1] INFO  server.RaftServerConfigKeys (ConfUtils.java:logGet(46)) - raft.server.threadpool.client.size = 0 (default)
2022-11-09 16:19:15,287 [pool-190-thread-1] INFO  storage.RaftStorageDirectory (RaftStorageDirectoryImpl.java:analyzeStorage(137)) - The storage directory /home/runner/work/ozone/ozone/hadoop-ozone/integration-test/target/test-dir/MiniOzoneClusterImpl-5b74f3a4-74d7-4700-a005-fabb0032522b/datanode-0/data/ratis/21abcab8-d120-483e-bf06-9092d43f070d does not exist. Creating ...
2022-11-09 16:19:15,288 [pool-190-thread-1] INFO  storage.RaftStorageDirectory (RaftStorageDirectoryImpl.java:tryLock(231)) - Lock on /home/runner/work/ozone/ozone/hadoop-ozone/integration-test/target/test-dir/MiniOzoneClusterImpl-5b74f3a4-74d7-4700-a005-fabb0032522b/datanode-0/data/ratis/21abcab8-d120-483e-bf06-9092d43f070d/in_use.lock acquired by nodename 3584@fv-az91-492
2022-11-09 16:19:15,289 [pool-190-thread-1] INFO  storage.RaftStorage (RaftStorageImpl.java:format(96)) - Storage directory /home/runner/work/ozone/ozone/hadoop-ozone/integration-test/target/test-dir/MiniOzoneClusterImpl-5b74f3a4-74d7-4700-a005-fabb0032522b/datanode-0/data/ratis/21abcab8-d120-483e-bf06-9092d43f070d has been successfully formatted.
2022-11-09 16:19:15,290 [pool-190-thread-1] INFO  ratis.ContainerStateMachine (ContainerStateMachine.java:loadSnapshot(236)) - group-9092D43F070D: The snapshot info is null. Setting the last applied indexto:(t:0, i:~)
2022-11-09 16:19:15,290 [pool-190-thread-1] INFO  server.RaftServerConfigKeys (ConfUtils.java:logGet(46)) - raft.server.log.use.memory = false (default)
2022-11-09 16:19:15,290 [pool-190-thread-1] INFO  server.RaftServerConfigKeys (ConfUtils.java:logGet(46)) - raft.server.log.purge.gap = 1000000 (custom)
2022-11-09 16:19:15,292 [pool-190-thread-1] INFO  server.RaftServerConfigKeys (ConfUtils.java:logGet(46)) - raft.server.log.appender.buffer.byte-limit = 33554432 (custom)
2022-11-09 16:19:15,292 [pool-190-thread-1] INFO  server.RaftServerConfigKeys (ConfUtils.java:logGet(46)) - raft.server.log.statemachine.data.read.timeout = 1000ms (default)
2022-11-09 16:19:15,292 [pool-190-thread-1] INFO  server.RaftServerConfigKeys (ConfUtils.java:logGet(46)) - raft.server.log.purge.preservation.log.num = 0 (default)
2022-11-09 16:19:15,293 [EventQueue-OpenPipelineForHealthyPipelineSafeModeRule] INFO  safemode.SCMSafeModeManager (HealthyPipelineSafeModeRule.java:process(137)) - SCM in safe mode. Healthy pipelines reported count is 0, required healthy pipeline reported count is 1
2022-11-09 16:19:15,294 [EventQueue-OpenPipelineForHealthyPipelineSafeModeRule] INFO  safemode.SCMSafeModeManager (HealthyPipelineSafeModeRule.java:process(137)) - SCM in safe mode. Healthy pipelines reported count is 0, required healthy pipeline reported count is 1
2022-11-09 16:19:15,294 [EventQueue-OpenPipelineForHealthyPipelineSafeModeRule] INFO  safemode.SCMSafeModeManager (HealthyPipelineSafeModeRule.java:process(137)) - SCM in safe mode. Healthy pipelines reported count is 0, required healthy pipeline reported count is 1
2022-11-09 16:19:15,298 [pool-190-thread-1] INFO  server.RaftServerConfigKeys (ConfUtils.java:logGet(46)) - raft.server.log.segment.size.max = 1048576 (custom)
2022-11-09 16:19:15,298 [pool-190-thread-1] INFO  server.RaftServerConfigKeys (ConfUtils.java:logGet(46)) - raft.server.log.segment.cache.num.max = 2 (custom)
2022-11-09 16:19:15,298 [pool-190-thread-1] INFO  server.RaftServerConfigKeys (ConfUtils.java:logGet(46)) - raft.server.log.segment.cache.size.max = 200MB (=209715200) (default)
2022-11-09 16:19:15,298 [pool-190-thread-1] INFO  segmented.SegmentedRaftLogWorker (SegmentedRaftLogWorker.java:<init>(191)) - new b2c93a51-a95c-4f35-b86d-509595609ea9@group-9092D43F070D-SegmentedRaftLogWorker for RaftStorageImpl:Storage Directory /home/runner/work/ozone/ozone/hadoop-ozone/integration-test/target/test-dir/MiniOzoneClusterImpl-5b74f3a4-74d7-4700-a005-fabb0032522b/datanode-0/data/ratis/21abcab8-d120-483e-bf06-9092d43f070d
2022-11-09 16:19:15,298 [pool-190-thread-1] INFO  server.RaftServerConfigKeys (ConfUtils.java:logGet(46)) - raft.server.log.queue.byte-limit = 4294967296 (custom)
2022-11-09 16:19:15,299 [pool-190-thread-1] INFO  server.RaftServerConfigKeys (ConfUtils.java:logGet(46)) - raft.server.log.queue.element-limit = 1024 (custom)
2022-11-09 16:19:15,299 [pool-190-thread-1] INFO  server.RaftServerConfigKeys (ConfUtils.java:logGet(46)) - raft.server.log.segment.size.max = 1048576 (custom)
2022-11-09 16:19:15,299 [pool-190-thread-1] INFO  server.RaftServerConfigKeys (ConfUtils.java:logGet(46)) - raft.server.log.preallocated.size = 16384 (custom)
2022-11-09 16:19:15,300 [pool-190-thread-1] INFO  server.RaftServerConfigKeys (ConfUtils.java:logGet(46)) - raft.server.log.force.sync.num = 128 (default)
2022-11-09 16:19:15,300 [pool-190-thread-1] INFO  server.RaftServerConfigKeys (ConfUtils.java:logGet(46)) - raft.server.log.statemachine.data.sync = true (default)
2022-11-09 16:19:15,300 [pool-190-thread-1] INFO  server.RaftServerConfigKeys (ConfUtils.java:logGet(46)) - raft.server.log.statemachine.data.sync.timeout = 10s (default)
2022-11-09 16:19:15,301 [pool-190-thread-1] INFO  server.RaftServerConfigKeys (ConfUtils.java:logGet(46)) - raft.server.log.statemachine.data.sync.timeout.retry = -1 (default)
2022-11-09 16:19:15,302 [pool-190-thread-1] INFO  server.RaftServerConfigKeys (ConfUtils.java:logGet(46)) - raft.server.log.write.buffer.size = 1048576 (custom)
2022-11-09 16:19:15,303 [pool-190-thread-1] INFO  server.RaftServerConfigKeys (ConfUtils.java:logGet(46)) - raft.server.log.unsafe-flush.enabled = false (default)
2022-11-09 16:19:15,303 [pool-190-thread-1] INFO  server.RaftServerConfigKeys (ConfUtils.java:logGet(46)) - raft.server.log.async-flush.enabled = false (default)
2022-11-09 16:19:15,303 [pool-190-thread-1] INFO  server.RaftServerConfigKeys (ConfUtils.java:logGet(46)) - raft.server.log.statemachine.data.caching.enabled = true (custom)
2022-11-09 16:19:15,304 [pool-190-thread-1] INFO  segmented.SegmentedRaftLogWorker (SegmentedRaftLogWorker.java:lambda$new$0(136)) - b2c93a51-a95c-4f35-b86d-509595609ea9@group-9092D43F070D-SegmentedRaftLogWorker: flushIndex: setUnconditionally 0 -> -1
2022-11-09 16:19:15,304 [pool-190-thread-1] INFO  segmented.SegmentedRaftLogWorker (SegmentedRaftLogWorker.java:lambda$new$0(136)) - b2c93a51-a95c-4f35-b86d-509595609ea9@group-9092D43F070D-SegmentedRaftLogWorker: safeCacheEvictIndex: setUnconditionally 0 -> -1
2022-11-09 16:19:15,306 [pool-190-thread-1] INFO  server.RaftServer$Division (RaftServerImpl.java:start(334)) - b2c93a51-a95c-4f35-b86d-509595609ea9@group-9092D43F070D: start as a follower, conf=-1: peers:[b2c93a51-a95c-4f35-b86d-509595609ea9|rpc:127.0.0.1:46167|priority:0|startupRole:FOLLOWER, 0f4d65c1-9a91-4277-90d2-948c429b5f4c|rpc:127.0.0.1:44283|priority:1|startupRole:FOLLOWER, c305175a-c10c-4712-990e-ad58ba6eeba7|rpc:127.0.0.1:43159|priority:0|startupRole:FOLLOWER]|listeners:[], old=null
2022-11-09 16:19:15,306 [pool-190-thread-1] INFO  server.RaftServer$Division (RaftServerImpl.java:setRole(321)) - b2c93a51-a95c-4f35-b86d-509595609ea9@group-9092D43F070D: changes role from      null to FOLLOWER at term 0 for startAsFollower
2022-11-09 16:19:15,306 [pool-190-thread-1] INFO  impl.RoleInfo (RoleInfo.java:updateAndGet(139)) - b2c93a51-a95c-4f35-b86d-509595609ea9: start b2c93a51-a95c-4f35-b86d-509595609ea9@group-9092D43F070D-FollowerState
2022-11-09 16:19:15,306 [pool-190-thread-1] INFO  util.JmxRegister (JmxRegister.java:tryRegister(44)) - Successfully registered JMX Bean with object name Ratis:service=RaftServer,group=group-9092D43F070D,id=b2c93a51-a95c-4f35-b86d-509595609ea9
2022-11-09 16:19:15,306 [b2c93a51-a95c-4f35-b86d-509595609ea9@group-9092D43F070D-FollowerState] INFO  server.RaftServerConfigKeys (ConfUtils.java:logFallback(53)) - raft.server.rpc.first-election.timeout.min = 5s (fallback to raft.server.rpc.timeout.min)
2022-11-09 16:19:15,307 [b2c93a51-a95c-4f35-b86d-509595609ea9@group-9092D43F070D-FollowerState] INFO  server.RaftServerConfigKeys (ConfUtils.java:logFallback(53)) - raft.server.rpc.first-election.timeout.max = 5200ms (fallback to raft.server.rpc.timeout.max)
2022-11-09 16:19:15,306 [pool-190-thread-1] INFO  server.RaftServerConfigKeys (ConfUtils.java:logGet(46)) - raft.server.snapshot.auto.trigger.enabled = true (custom)
2022-11-09 16:19:15,307 [pool-190-thread-1] INFO  server.RaftServerConfigKeys (ConfUtils.java:logGet(46)) - raft.server.snapshot.auto.trigger.threshold = 10000 (custom)
2022-11-09 16:19:15,307 [pool-190-thread-1] INFO  server.RaftServerConfigKeys (ConfUtils.java:logGet(46)) - raft.server.snapshot.retention.file.num = 5 (custom)
2022-11-09 16:19:15,307 [pool-190-thread-1] INFO  server.RaftServerConfigKeys (ConfUtils.java:logGet(46)) - raft.server.log.purge.upto.snapshot.index = false (default)
2022-11-09 16:19:15,310 [Command processor thread] INFO  ratis.XceiverServerRatis (XceiverServerRatis.java:addGroup(765)) - Created group PipelineID=21abcab8-d120-483e-bf06-9092d43f070d
2022-11-09 16:19:15,324 [grpc-default-executor-0] INFO  server.RaftServer (RaftServerProxy.java:addNew(96)) - 0f4d65c1-9a91-4277-90d2-948c429b5f4c: addNew group-9092D43F070D:[b2c93a51-a95c-4f35-b86d-509595609ea9|rpc:127.0.0.1:46167|dataStream:|priority:0|startupRole:FOLLOWER, 0f4d65c1-9a91-4277-90d2-948c429b5f4c|rpc:127.0.0.1:44283|dataStream:|priority:1|startupRole:FOLLOWER, c305175a-c10c-4712-990e-ad58ba6eeba7|rpc:127.0.0.1:43159|dataStream:|priority:0|startupRole:FOLLOWER] returns group-9092D43F070D:java.util.concurrent.CompletableFuture@3e130b2b[Not completed]
2022-11-09 16:19:15,325 [pool-215-thread-1] INFO  server.RaftServer$Division (RaftServerImpl.java:<init>(195)) - 0f4d65c1-9a91-4277-90d2-948c429b5f4c: new RaftServerImpl for group-9092D43F070D:[b2c93a51-a95c-4f35-b86d-509595609ea9|rpc:127.0.0.1:46167|dataStream:|priority:0|startupRole:FOLLOWER, 0f4d65c1-9a91-4277-90d2-948c429b5f4c|rpc:127.0.0.1:44283|dataStream:|priority:1|startupRole:FOLLOWER, c305175a-c10c-4712-990e-ad58ba6eeba7|rpc:127.0.0.1:43159|dataStream:|priority:0|startupRole:FOLLOWER] with ContainerStateMachine:uninitialized
2022-11-09 16:19:15,325 [pool-215-thread-1] INFO  server.RaftServerConfigKeys (ConfUtils.java:logGet(46)) - raft.server.rpc.timeout.min = 5s (custom)
2022-11-09 16:19:15,325 [pool-215-thread-1] INFO  server.RaftServerConfigKeys (ConfUtils.java:logGet(46)) - raft.server.rpc.timeout.max = 5200ms (custom)
2022-11-09 16:19:15,325 [pool-215-thread-1] INFO  server.RaftServerConfigKeys (ConfUtils.java:logGet(46)) - raft.server.rpc.sleep.time = 25ms (default)
2022-11-09 16:19:15,325 [pool-215-thread-1] INFO  server.RaftServerConfigKeys (ConfUtils.java:logGet(46)) - raft.server.rpc.slowness.timeout = 300s (custom)
2022-11-09 16:19:15,325 [pool-215-thread-1] INFO  server.RaftServerConfigKeys (ConfUtils.java:logGet(46)) - raft.server.leaderelection.leader.step-down.wait-time = 10s (default)
2022-11-09 16:19:15,325 [pool-215-thread-1] INFO  server.RaftServerConfigKeys (ConfUtils.java:logGet(46)) - raft.server.sleep.deviation.threshold = 300ms (default)
2022-11-09 16:19:15,325 [pool-215-thread-1] INFO  server.RaftServer$Division (ServerState.java:<init>(118)) - 0f4d65c1-9a91-4277-90d2-948c429b5f4c@group-9092D43F070D: ConfigurationManager, init=-1: peers:[b2c93a51-a95c-4f35-b86d-509595609ea9|rpc:127.0.0.1:46167|dataStream:|priority:0|startupRole:FOLLOWER, 0f4d65c1-9a91-4277-90d2-948c429b5f4c|rpc:127.0.0.1:44283|dataStream:|priority:1|startupRole:FOLLOWER, c305175a-c10c-4712-990e-ad58ba6eeba7|rpc:127.0.0.1:43159|dataStream:|priority:0|startupRole:FOLLOWER]|listeners:[], old=null, confs=<EMPTY_MAP>
2022-11-09 16:19:15,326 [pool-215-thread-1] INFO  server.RaftServerConfigKeys (ConfUtils.java:logGet(46)) - raft.server.storage.dir = [/home/runner/work/ozone/ozone/hadoop-ozone/integration-test/target/test-dir/MiniOzoneClusterImpl-5b74f3a4-74d7-4700-a005-fabb0032522b/datanode-1/data/ratis] (custom)
2022-11-09 16:19:15,326 [pool-215-thread-1] INFO  server.RaftServerConfigKeys (ConfUtils.java:logGet(46)) - raft.server.log.corruption.policy = EXCEPTION (default)
2022-11-09 16:19:15,326 [pool-215-thread-1] INFO  server.RaftServerConfigKeys (ConfUtils.java:logGet(46)) - raft.server.storage.free-space.min = 0MB (=0) (default)
2022-11-09 16:19:15,326 [pool-215-thread-1] INFO  server.RaftServerConfigKeys (ConfUtils.java:logGet(46)) - raft.server.notification.no-leader.timeout = 300s (custom)
2022-11-09 16:19:15,326 [pool-215-thread-1] INFO  server.RaftServerConfigKeys (ConfUtils.java:logGet(46)) - raft.server.retrycache.expirytime = 600000ms (custom)
2022-11-09 16:19:15,326 [pool-215-thread-1] INFO  server.RaftServerConfigKeys (ConfUtils.java:logGet(46)) - raft.server.retrycache.statistics.expirytime = 100μs (default)
2022-11-09 16:19:15,327 [pool-215-thread-1] INFO  server.RaftServerConfigKeys (ConfUtils.java:logGet(46)) - raft.server.log.appender.install.snapshot.enabled = false (custom)
2022-11-09 16:19:15,327 [pool-215-thread-1] INFO  server.RaftServerConfigKeys (ConfUtils.java:logGet(46)) - raft.server.threadpool.server.cached = true (default)
2022-11-09 16:19:15,327 [pool-215-thread-1] INFO  server.RaftServerConfigKeys (ConfUtils.java:logGet(46)) - raft.server.threadpool.server.size = 0 (default)
2022-11-09 16:19:15,327 [pool-215-thread-1] INFO  server.RaftServerConfigKeys (ConfUtils.java:logGet(46)) - raft.server.threadpool.client.cached = true (default)
2022-11-09 16:19:15,327 [pool-215-thread-1] INFO  server.RaftServerConfigKeys (ConfUtils.java:logGet(46)) - raft.server.threadpool.client.size = 0 (default)
2022-11-09 16:19:15,327 [pool-215-thread-1] INFO  storage.RaftStorageDirectory (RaftStorageDirectoryImpl.java:analyzeStorage(137)) - The storage directory /home/runner/work/ozone/ozone/hadoop-ozone/integration-test/target/test-dir/MiniOzoneClusterImpl-5b74f3a4-74d7-4700-a005-fabb0032522b/datanode-1/data/ratis/21abcab8-d120-483e-bf06-9092d43f070d does not exist. Creating ...
2022-11-09 16:19:15,329 [pool-215-thread-1] INFO  storage.RaftStorageDirectory (RaftStorageDirectoryImpl.java:tryLock(231)) - Lock on /home/runner/work/ozone/ozone/hadoop-ozone/integration-test/target/test-dir/MiniOzoneClusterImpl-5b74f3a4-74d7-4700-a005-fabb0032522b/datanode-1/data/ratis/21abcab8-d120-483e-bf06-9092d43f070d/in_use.lock acquired by nodename 3584@fv-az91-492
2022-11-09 16:19:15,332 [pool-215-thread-1] INFO  storage.RaftStorage (RaftStorageImpl.java:format(96)) - Storage directory /home/runner/work/ozone/ozone/hadoop-ozone/integration-test/target/test-dir/MiniOzoneClusterImpl-5b74f3a4-74d7-4700-a005-fabb0032522b/datanode-1/data/ratis/21abcab8-d120-483e-bf06-9092d43f070d has been successfully formatted.
2022-11-09 16:19:15,332 [pool-215-thread-1] INFO  ratis.ContainerStateMachine (ContainerStateMachine.java:loadSnapshot(236)) - group-9092D43F070D: The snapshot info is null. Setting the last applied indexto:(t:0, i:~)
2022-11-09 16:19:15,332 [pool-215-thread-1] INFO  server.RaftServerConfigKeys (ConfUtils.java:logGet(46)) - raft.server.log.use.memory = false (default)
2022-11-09 16:19:15,332 [pool-215-thread-1] INFO  server.RaftServerConfigKeys (ConfUtils.java:logGet(46)) - raft.server.log.purge.gap = 1000000 (custom)
2022-11-09 16:19:15,332 [pool-215-thread-1] INFO  server.RaftServerConfigKeys (ConfUtils.java:logGet(46)) - raft.server.log.appender.buffer.byte-limit = 33554432 (custom)
2022-11-09 16:19:15,333 [pool-215-thread-1] INFO  server.RaftServerConfigKeys (ConfUtils.java:logGet(46)) - raft.server.log.statemachine.data.read.timeout = 1000ms (default)
2022-11-09 16:19:15,333 [pool-215-thread-1] INFO  server.RaftServerConfigKeys (ConfUtils.java:logGet(46)) - raft.server.log.purge.preservation.log.num = 0 (default)
2022-11-09 16:19:15,333 [pool-215-thread-1] INFO  server.RaftServerConfigKeys (ConfUtils.java:logGet(46)) - raft.server.log.segment.size.max = 1048576 (custom)
2022-11-09 16:19:15,334 [pool-215-thread-1] INFO  server.RaftServerConfigKeys (ConfUtils.java:logGet(46)) - raft.server.log.segment.cache.num.max = 2 (custom)
2022-11-09 16:19:15,335 [pool-215-thread-1] INFO  server.RaftServerConfigKeys (ConfUtils.java:logGet(46)) - raft.server.log.segment.cache.size.max = 200MB (=209715200) (default)
2022-11-09 16:19:15,335 [pool-215-thread-1] INFO  segmented.SegmentedRaftLogWorker (SegmentedRaftLogWorker.java:<init>(191)) - new 0f4d65c1-9a91-4277-90d2-948c429b5f4c@group-9092D43F070D-SegmentedRaftLogWorker for RaftStorageImpl:Storage Directory /home/runner/work/ozone/ozone/hadoop-ozone/integration-test/target/test-dir/MiniOzoneClusterImpl-5b74f3a4-74d7-4700-a005-fabb0032522b/datanode-1/data/ratis/21abcab8-d120-483e-bf06-9092d43f070d
2022-11-09 16:19:15,335 [pool-215-thread-1] INFO  server.RaftServerConfigKeys (ConfUtils.java:logGet(46)) - raft.server.log.queue.byte-limit = 4294967296 (custom)
2022-11-09 16:19:15,335 [pool-215-thread-1] INFO  server.RaftServerConfigKeys (ConfUtils.java:logGet(46)) - raft.server.log.queue.element-limit = 1024 (custom)
2022-11-09 16:19:15,336 [pool-215-thread-1] INFO  server.RaftServerConfigKeys (ConfUtils.java:logGet(46)) - raft.server.log.segment.size.max = 1048576 (custom)
2022-11-09 16:19:15,336 [pool-215-thread-1] INFO  server.RaftServerConfigKeys (ConfUtils.java:logGet(46)) - raft.server.log.preallocated.size = 16384 (custom)
2022-11-09 16:19:15,336 [pool-215-thread-1] INFO  server.RaftServerConfigKeys (ConfUtils.java:logGet(46)) - raft.server.log.force.sync.num = 128 (default)
2022-11-09 16:19:15,337 [pool-215-thread-1] INFO  server.RaftServerConfigKeys (ConfUtils.java:logGet(46)) - raft.server.log.statemachine.data.sync = true (default)
2022-11-09 16:19:15,337 [pool-215-thread-1] INFO  server.RaftServerConfigKeys (ConfUtils.java:logGet(46)) - raft.server.log.statemachine.data.sync.timeout = 10s (default)
2022-11-09 16:19:15,337 [pool-215-thread-1] INFO  server.RaftServerConfigKeys (ConfUtils.java:logGet(46)) - raft.server.log.statemachine.data.sync.timeout.retry = -1 (default)
2022-11-09 16:19:15,339 [pool-215-thread-1] INFO  server.RaftServerConfigKeys (ConfUtils.java:logGet(46)) - raft.server.log.write.buffer.size = 1048576 (custom)
2022-11-09 16:19:15,340 [pool-215-thread-1] INFO  server.RaftServerConfigKeys (ConfUtils.java:logGet(46)) - raft.server.log.unsafe-flush.enabled = false (default)
2022-11-09 16:19:15,340 [pool-215-thread-1] INFO  server.RaftServerConfigKeys (ConfUtils.java:logGet(46)) - raft.server.log.async-flush.enabled = false (default)
2022-11-09 16:19:15,340 [pool-215-thread-1] INFO  server.RaftServerConfigKeys (ConfUtils.java:logGet(46)) - raft.server.log.statemachine.data.caching.enabled = true (custom)
2022-11-09 16:19:15,341 [pool-215-thread-1] INFO  segmented.SegmentedRaftLogWorker (SegmentedRaftLogWorker.java:lambda$new$0(136)) - 0f4d65c1-9a91-4277-90d2-948c429b5f4c@group-9092D43F070D-SegmentedRaftLogWorker: flushIndex: setUnconditionally 0 -> -1
2022-11-09 16:19:15,341 [pool-215-thread-1] INFO  segmented.SegmentedRaftLogWorker (SegmentedRaftLogWorker.java:lambda$new$0(136)) - 0f4d65c1-9a91-4277-90d2-948c429b5f4c@group-9092D43F070D-SegmentedRaftLogWorker: safeCacheEvictIndex: setUnconditionally 0 -> -1
2022-11-09 16:19:15,341 [pool-215-thread-1] INFO  server.RaftServer$Division (RaftServerImpl.java:start(334)) - 0f4d65c1-9a91-4277-90d2-948c429b5f4c@group-9092D43F070D: start as a follower, conf=-1: peers:[b2c93a51-a95c-4f35-b86d-509595609ea9|rpc:127.0.0.1:46167|dataStream:|priority:0|startupRole:FOLLOWER, 0f4d65c1-9a91-4277-90d2-948c429b5f4c|rpc:127.0.0.1:44283|dataStream:|priority:1|startupRole:FOLLOWER, c305175a-c10c-4712-990e-ad58ba6eeba7|rpc:127.0.0.1:43159|dataStream:|priority:0|startupRole:FOLLOWER]|listeners:[], old=null
2022-11-09 16:19:15,341 [pool-215-thread-1] INFO  server.RaftServer$Division (RaftServerImpl.java:setRole(321)) - 0f4d65c1-9a91-4277-90d2-948c429b5f4c@group-9092D43F070D: changes role from      null to FOLLOWER at term 0 for startAsFollower
2022-11-09 16:19:15,341 [pool-215-thread-1] INFO  impl.RoleInfo (RoleInfo.java:updateAndGet(139)) - 0f4d65c1-9a91-4277-90d2-948c429b5f4c: start 0f4d65c1-9a91-4277-90d2-948c429b5f4c@group-9092D43F070D-FollowerState
2022-11-09 16:19:15,344 [pool-215-thread-1] INFO  util.JmxRegister (JmxRegister.java:tryRegister(44)) - Successfully registered JMX Bean with object name Ratis:service=RaftServer,group=group-9092D43F070D,id=0f4d65c1-9a91-4277-90d2-948c429b5f4c
2022-11-09 16:19:15,344 [pool-215-thread-1] INFO  server.RaftServerConfigKeys (ConfUtils.java:logGet(46)) - raft.server.snapshot.auto.trigger.enabled = true (custom)
2022-11-09 16:19:15,344 [pool-215-thread-1] INFO  server.RaftServerConfigKeys (ConfUtils.java:logGet(46)) - raft.server.snapshot.auto.trigger.threshold = 10000 (custom)
2022-11-09 16:19:15,344 [pool-215-thread-1] INFO  server.RaftServerConfigKeys (ConfUtils.java:logGet(46)) - raft.server.snapshot.retention.file.num = 5 (custom)
2022-11-09 16:19:15,344 [pool-215-thread-1] INFO  server.RaftServerConfigKeys (ConfUtils.java:logGet(46)) - raft.server.log.purge.upto.snapshot.index = false (default)
2022-11-09 16:19:15,345 [0f4d65c1-9a91-4277-90d2-948c429b5f4c@group-9092D43F070D-FollowerState] INFO  server.RaftServerConfigKeys (ConfUtils.java:logFallback(53)) - raft.server.rpc.first-election.timeout.min = 5s (fallback to raft.server.rpc.timeout.min)
2022-11-09 16:19:15,345 [0f4d65c1-9a91-4277-90d2-948c429b5f4c@group-9092D43F070D-FollowerState] INFO  server.RaftServerConfigKeys (ConfUtils.java:logFallback(53)) - raft.server.rpc.first-election.timeout.max = 5200ms (fallback to raft.server.rpc.timeout.max)
2022-11-09 16:19:15,369 [grpc-default-executor-0] INFO  server.RaftServer (RaftServerProxy.java:addNew(96)) - c305175a-c10c-4712-990e-ad58ba6eeba7: addNew group-9092D43F070D:[b2c93a51-a95c-4f35-b86d-509595609ea9|rpc:127.0.0.1:46167|dataStream:|priority:0|startupRole:FOLLOWER, 0f4d65c1-9a91-4277-90d2-948c429b5f4c|rpc:127.0.0.1:44283|dataStream:|priority:1|startupRole:FOLLOWER, c305175a-c10c-4712-990e-ad58ba6eeba7|rpc:127.0.0.1:43159|dataStream:|priority:0|startupRole:FOLLOWER] returns group-9092D43F070D:java.util.concurrent.CompletableFuture@10447df4[Not completed]
2022-11-09 16:19:15,371 [pool-240-thread-1] INFO  server.RaftServer$Division (RaftServerImpl.java:<init>(195)) - c305175a-c10c-4712-990e-ad58ba6eeba7: new RaftServerImpl for group-9092D43F070D:[b2c93a51-a95c-4f35-b86d-509595609ea9|rpc:127.0.0.1:46167|dataStream:|priority:0|startupRole:FOLLOWER, 0f4d65c1-9a91-4277-90d2-948c429b5f4c|rpc:127.0.0.1:44283|dataStream:|priority:1|startupRole:FOLLOWER, c305175a-c10c-4712-990e-ad58ba6eeba7|rpc:127.0.0.1:43159|dataStream:|priority:0|startupRole:FOLLOWER] with ContainerStateMachine:uninitialized
2022-11-09 16:19:15,371 [pool-240-thread-1] INFO  server.RaftServerConfigKeys (ConfUtils.java:logGet(46)) - raft.server.rpc.timeout.min = 5s (custom)
2022-11-09 16:19:15,371 [pool-240-thread-1] INFO  server.RaftServerConfigKeys (ConfUtils.java:logGet(46)) - raft.server.rpc.timeout.max = 5200ms (custom)
2022-11-09 16:19:15,371 [pool-240-thread-1] INFO  server.RaftServerConfigKeys (ConfUtils.java:logGet(46)) - raft.server.rpc.sleep.time = 25ms (default)
2022-11-09 16:19:15,371 [pool-240-thread-1] INFO  server.RaftServerConfigKeys (ConfUtils.java:logGet(46)) - raft.server.rpc.slowness.timeout = 300s (custom)
2022-11-09 16:19:15,371 [pool-240-thread-1] INFO  server.RaftServerConfigKeys (ConfUtils.java:logGet(46)) - raft.server.leaderelection.leader.step-down.wait-time = 10s (default)
2022-11-09 16:19:15,371 [pool-240-thread-1] INFO  server.RaftServerConfigKeys (ConfUtils.java:logGet(46)) - raft.server.sleep.deviation.threshold = 300ms (default)
2022-11-09 16:19:15,371 [pool-240-thread-1] INFO  server.RaftServer$Division (ServerState.java:<init>(118)) - c305175a-c10c-4712-990e-ad58ba6eeba7@group-9092D43F070D: ConfigurationManager, init=-1: peers:[b2c93a51-a95c-4f35-b86d-509595609ea9|rpc:127.0.0.1:46167|dataStream:|priority:0|startupRole:FOLLOWER, 0f4d65c1-9a91-4277-90d2-948c429b5f4c|rpc:127.0.0.1:44283|dataStream:|priority:1|startupRole:FOLLOWER, c305175a-c10c-4712-990e-ad58ba6eeba7|rpc:127.0.0.1:43159|dataStream:|priority:0|startupRole:FOLLOWER]|listeners:[], old=null, confs=<EMPTY_MAP>
2022-11-09 16:19:15,371 [pool-240-thread-1] INFO  server.RaftServerConfigKeys (ConfUtils.java:logGet(46)) - raft.server.storage.dir = [/home/runner/work/ozone/ozone/hadoop-ozone/integration-test/target/test-dir/MiniOzoneClusterImpl-5b74f3a4-74d7-4700-a005-fabb0032522b/datanode-2/data/ratis] (custom)
2022-11-09 16:19:15,372 [pool-240-thread-1] INFO  server.RaftServerConfigKeys (ConfUtils.java:logGet(46)) - raft.server.log.corruption.policy = EXCEPTION (default)
2022-11-09 16:19:15,372 [pool-240-thread-1] INFO  server.RaftServerConfigKeys (ConfUtils.java:logGet(46)) - raft.server.storage.free-space.min = 0MB (=0) (default)
2022-11-09 16:19:15,372 [pool-240-thread-1] INFO  server.RaftServerConfigKeys (ConfUtils.java:logGet(46)) - raft.server.notification.no-leader.timeout = 300s (custom)
2022-11-09 16:19:15,372 [pool-240-thread-1] INFO  server.RaftServerConfigKeys (ConfUtils.java:logGet(46)) - raft.server.retrycache.expirytime = 600000ms (custom)
2022-11-09 16:19:15,372 [pool-240-thread-1] INFO  server.RaftServerConfigKeys (ConfUtils.java:logGet(46)) - raft.server.retrycache.statistics.expirytime = 100μs (default)
2022-11-09 16:19:15,373 [pool-240-thread-1] INFO  server.RaftServerConfigKeys (ConfUtils.java:logGet(46)) - raft.server.log.appender.install.snapshot.enabled = false (custom)
2022-11-09 16:19:15,373 [pool-240-thread-1] INFO  server.RaftServerConfigKeys (ConfUtils.java:logGet(46)) - raft.server.threadpool.server.cached = true (default)
2022-11-09 16:19:15,373 [pool-240-thread-1] INFO  server.RaftServerConfigKeys (ConfUtils.java:logGet(46)) - raft.server.threadpool.server.size = 0 (default)
2022-11-09 16:19:15,373 [pool-240-thread-1] INFO  server.RaftServerConfigKeys (ConfUtils.java:logGet(46)) - raft.server.threadpool.client.cached = true (default)
2022-11-09 16:19:15,373 [pool-240-thread-1] INFO  server.RaftServerConfigKeys (ConfUtils.java:logGet(46)) - raft.server.threadpool.client.size = 0 (default)
2022-11-09 16:19:15,373 [pool-240-thread-1] INFO  storage.RaftStorageDirectory (RaftStorageDirectoryImpl.java:analyzeStorage(137)) - The storage directory /home/runner/work/ozone/ozone/hadoop-ozone/integration-test/target/test-dir/MiniOzoneClusterImpl-5b74f3a4-74d7-4700-a005-fabb0032522b/datanode-2/data/ratis/21abcab8-d120-483e-bf06-9092d43f070d does not exist. Creating ...
2022-11-09 16:19:15,375 [pool-240-thread-1] INFO  storage.RaftStorageDirectory (RaftStorageDirectoryImpl.java:tryLock(231)) - Lock on /home/runner/work/ozone/ozone/hadoop-ozone/integration-test/target/test-dir/MiniOzoneClusterImpl-5b74f3a4-74d7-4700-a005-fabb0032522b/datanode-2/data/ratis/21abcab8-d120-483e-bf06-9092d43f070d/in_use.lock acquired by nodename 3584@fv-az91-492
2022-11-09 16:19:15,376 [pool-240-thread-1] INFO  storage.RaftStorage (RaftStorageImpl.java:format(96)) - Storage directory /home/runner/work/ozone/ozone/hadoop-ozone/integration-test/target/test-dir/MiniOzoneClusterImpl-5b74f3a4-74d7-4700-a005-fabb0032522b/datanode-2/data/ratis/21abcab8-d120-483e-bf06-9092d43f070d has been successfully formatted.
2022-11-09 16:19:15,381 [pool-240-thread-1] INFO  ratis.ContainerStateMachine (ContainerStateMachine.java:loadSnapshot(236)) - group-9092D43F070D: The snapshot info is null. Setting the last applied indexto:(t:0, i:~)
2022-11-09 16:19:15,381 [pool-240-thread-1] INFO  server.RaftServerConfigKeys (ConfUtils.java:logGet(46)) - raft.server.log.use.memory = false (default)
2022-11-09 16:19:15,381 [pool-240-thread-1] INFO  server.RaftServerConfigKeys (ConfUtils.java:logGet(46)) - raft.server.log.purge.gap = 1000000 (custom)
2022-11-09 16:19:15,381 [pool-240-thread-1] INFO  server.RaftServerConfigKeys (ConfUtils.java:logGet(46)) - raft.server.log.appender.buffer.byte-limit = 33554432 (custom)
2022-11-09 16:19:15,381 [pool-240-thread-1] INFO  server.RaftServerConfigKeys (ConfUtils.java:logGet(46)) - raft.server.log.statemachine.data.read.timeout = 1000ms (default)
2022-11-09 16:19:15,382 [pool-240-thread-1] INFO  server.RaftServerConfigKeys (ConfUtils.java:logGet(46)) - raft.server.log.purge.preservation.log.num = 0 (default)
2022-11-09 16:19:15,382 [pool-240-thread-1] INFO  server.RaftServerConfigKeys (ConfUtils.java:logGet(46)) - raft.server.log.segment.size.max = 1048576 (custom)
2022-11-09 16:19:15,383 [pool-240-thread-1] INFO  server.RaftServerConfigKeys (ConfUtils.java:logGet(46)) - raft.server.log.segment.cache.num.max = 2 (custom)
2022-11-09 16:19:15,383 [pool-240-thread-1] INFO  server.RaftServerConfigKeys (ConfUtils.java:logGet(46)) - raft.server.log.segment.cache.size.max = 200MB (=209715200) (default)
2022-11-09 16:19:15,383 [pool-240-thread-1] INFO  segmented.SegmentedRaftLogWorker (SegmentedRaftLogWorker.java:<init>(191)) - new c305175a-c10c-4712-990e-ad58ba6eeba7@group-9092D43F070D-SegmentedRaftLogWorker for RaftStorageImpl:Storage Directory /home/runner/work/ozone/ozone/hadoop-ozone/integration-test/target/test-dir/MiniOzoneClusterImpl-5b74f3a4-74d7-4700-a005-fabb0032522b/datanode-2/data/ratis/21abcab8-d120-483e-bf06-9092d43f070d
2022-11-09 16:19:15,384 [pool-240-thread-1] INFO  server.RaftServerConfigKeys (ConfUtils.java:logGet(46)) - raft.server.log.queue.byte-limit = 4294967296 (custom)
2022-11-09 16:19:15,384 [pool-240-thread-1] INFO  server.RaftServerConfigKeys (ConfUtils.java:logGet(46)) - raft.server.log.queue.element-limit = 1024 (custom)
2022-11-09 16:19:15,384 [pool-240-thread-1] INFO  server.RaftServerConfigKeys (ConfUtils.java:logGet(46)) - raft.server.log.segment.size.max = 1048576 (custom)
2022-11-09 16:19:15,384 [pool-240-thread-1] INFO  server.RaftServerConfigKeys (ConfUtils.java:logGet(46)) - raft.server.log.preallocated.size = 16384 (custom)
2022-11-09 16:19:15,384 [pool-240-thread-1] INFO  server.RaftServerConfigKeys (ConfUtils.java:logGet(46)) - raft.server.log.force.sync.num = 128 (default)
2022-11-09 16:19:15,384 [pool-240-thread-1] INFO  server.RaftServerConfigKeys (ConfUtils.java:logGet(46)) - raft.server.log.statemachine.data.sync = true (default)
2022-11-09 16:19:15,384 [pool-240-thread-1] INFO  server.RaftServerConfigKeys (ConfUtils.java:logGet(46)) - raft.server.log.statemachine.data.sync.timeout = 10s (default)
2022-11-09 16:19:15,384 [pool-240-thread-1] INFO  server.RaftServerConfigKeys (ConfUtils.java:logGet(46)) - raft.server.log.statemachine.data.sync.timeout.retry = -1 (default)
2022-11-09 16:19:15,385 [pool-240-thread-1] INFO  server.RaftServerConfigKeys (ConfUtils.java:logGet(46)) - raft.server.log.write.buffer.size = 1048576 (custom)
2022-11-09 16:19:15,386 [pool-240-thread-1] INFO  server.RaftServerConfigKeys (ConfUtils.java:logGet(46)) - raft.server.log.unsafe-flush.enabled = false (default)
2022-11-09 16:19:15,386 [pool-240-thread-1] INFO  server.RaftServerConfigKeys (ConfUtils.java:logGet(46)) - raft.server.log.async-flush.enabled = false (default)
2022-11-09 16:19:15,386 [pool-240-thread-1] INFO  server.RaftServerConfigKeys (ConfUtils.java:logGet(46)) - raft.server.log.statemachine.data.caching.enabled = true (custom)
2022-11-09 16:19:15,386 [pool-240-thread-1] INFO  segmented.SegmentedRaftLogWorker (SegmentedRaftLogWorker.java:lambda$new$0(136)) - c305175a-c10c-4712-990e-ad58ba6eeba7@group-9092D43F070D-SegmentedRaftLogWorker: flushIndex: setUnconditionally 0 -> -1
2022-11-09 16:19:15,386 [pool-240-thread-1] INFO  segmented.SegmentedRaftLogWorker (SegmentedRaftLogWorker.java:lambda$new$0(136)) - c305175a-c10c-4712-990e-ad58ba6eeba7@group-9092D43F070D-SegmentedRaftLogWorker: safeCacheEvictIndex: setUnconditionally 0 -> -1
2022-11-09 16:19:15,386 [pool-240-thread-1] INFO  server.RaftServer$Division (RaftServerImpl.java:start(334)) - c305175a-c10c-4712-990e-ad58ba6eeba7@group-9092D43F070D: start as a follower, conf=-1: peers:[b2c93a51-a95c-4f35-b86d-509595609ea9|rpc:127.0.0.1:46167|dataStream:|priority:0|startupRole:FOLLOWER, 0f4d65c1-9a91-4277-90d2-948c429b5f4c|rpc:127.0.0.1:44283|dataStream:|priority:1|startupRole:FOLLOWER, c305175a-c10c-4712-990e-ad58ba6eeba7|rpc:127.0.0.1:43159|dataStream:|priority:0|startupRole:FOLLOWER]|listeners:[], old=null
2022-11-09 16:19:15,387 [pool-240-thread-1] INFO  server.RaftServer$Division (RaftServerImpl.java:setRole(321)) - c305175a-c10c-4712-990e-ad58ba6eeba7@group-9092D43F070D: changes role from      null to FOLLOWER at term 0 for startAsFollower
2022-11-09 16:19:15,387 [pool-240-thread-1] INFO  impl.RoleInfo (RoleInfo.java:updateAndGet(139)) - c305175a-c10c-4712-990e-ad58ba6eeba7: start c305175a-c10c-4712-990e-ad58ba6eeba7@group-9092D43F070D-FollowerState
2022-11-09 16:19:15,387 [pool-240-thread-1] INFO  util.JmxRegister (JmxRegister.java:tryRegister(44)) - Successfully registered JMX Bean with object name Ratis:service=RaftServer,group=group-9092D43F070D,id=c305175a-c10c-4712-990e-ad58ba6eeba7
2022-11-09 16:19:15,387 [c305175a-c10c-4712-990e-ad58ba6eeba7@group-9092D43F070D-FollowerState] INFO  server.RaftServerConfigKeys (ConfUtils.java:logFallback(53)) - raft.server.rpc.first-election.timeout.min = 5s (fallback to raft.server.rpc.timeout.min)
2022-11-09 16:19:15,387 [c305175a-c10c-4712-990e-ad58ba6eeba7@group-9092D43F070D-FollowerState] INFO  server.RaftServerConfigKeys (ConfUtils.java:logFallback(53)) - raft.server.rpc.first-election.timeout.max = 5200ms (fallback to raft.server.rpc.timeout.max)
2022-11-09 16:19:15,387 [pool-240-thread-1] INFO  server.RaftServerConfigKeys (ConfUtils.java:logGet(46)) - raft.server.snapshot.auto.trigger.enabled = true (custom)
2022-11-09 16:19:15,388 [pool-240-thread-1] INFO  server.RaftServerConfigKeys (ConfUtils.java:logGet(46)) - raft.server.snapshot.auto.trigger.threshold = 10000 (custom)
2022-11-09 16:19:15,388 [pool-240-thread-1] INFO  server.RaftServerConfigKeys (ConfUtils.java:logGet(46)) - raft.server.snapshot.retention.file.num = 5 (custom)
2022-11-09 16:19:15,388 [pool-240-thread-1] INFO  server.RaftServerConfigKeys (ConfUtils.java:logGet(46)) - raft.server.log.purge.upto.snapshot.index = false (default)
2022-11-09 16:19:15,398 [Command processor thread] INFO  commandhandler.CreatePipelineCommandHandler (CreatePipelineCommandHandler.java:handle(113)) - Created Pipeline RATIS THREE PipelineID=21abcab8-d120-483e-bf06-9092d43f070d.
2022-11-09 16:19:15,415 [Command processor thread] INFO  server.RaftServer (RaftServerProxy.java:addNew(96)) - 0f4d65c1-9a91-4277-90d2-948c429b5f4c: addNew group-BE6AE64012BB:[0f4d65c1-9a91-4277-90d2-948c429b5f4c|rpc:127.0.0.1:44283|priority:1|startupRole:FOLLOWER] returns group-BE6AE64012BB:java.util.concurrent.CompletableFuture@9aa4fc0[Not completed]
2022-11-09 16:19:15,416 [pool-215-thread-1] INFO  server.RaftServer$Division (RaftServerImpl.java:<init>(195)) - 0f4d65c1-9a91-4277-90d2-948c429b5f4c: new RaftServerImpl for group-BE6AE64012BB:[0f4d65c1-9a91-4277-90d2-948c429b5f4c|rpc:127.0.0.1:44283|priority:1|startupRole:FOLLOWER] with ContainerStateMachine:uninitialized
2022-11-09 16:19:15,416 [pool-215-thread-1] INFO  server.RaftServerConfigKeys (ConfUtils.java:logGet(46)) - raft.server.rpc.timeout.min = 5s (custom)
2022-11-09 16:19:15,416 [pool-215-thread-1] INFO  server.RaftServerConfigKeys (ConfUtils.java:logGet(46)) - raft.server.rpc.timeout.max = 5200ms (custom)
2022-11-09 16:19:15,417 [pool-215-thread-1] INFO  server.RaftServerConfigKeys (ConfUtils.java:logGet(46)) - raft.server.rpc.sleep.time = 25ms (default)
2022-11-09 16:19:15,417 [pool-215-thread-1] INFO  server.RaftServerConfigKeys (ConfUtils.java:logGet(46)) - raft.server.rpc.slowness.timeout = 300s (custom)
2022-11-09 16:19:15,417 [pool-215-thread-1] INFO  server.RaftServerConfigKeys (ConfUtils.java:logGet(46)) - raft.server.leaderelection.leader.step-down.wait-time = 10s (default)
2022-11-09 16:19:15,417 [pool-215-thread-1] INFO  server.RaftServerConfigKeys (ConfUtils.java:logGet(46)) - raft.server.sleep.deviation.threshold = 300ms (default)
2022-11-09 16:19:15,417 [pool-215-thread-1] INFO  server.RaftServer$Division (ServerState.java:<init>(118)) - 0f4d65c1-9a91-4277-90d2-948c429b5f4c@group-BE6AE64012BB: ConfigurationManager, init=-1: peers:[0f4d65c1-9a91-4277-90d2-948c429b5f4c|rpc:127.0.0.1:44283|priority:1|startupRole:FOLLOWER]|listeners:[], old=null, confs=<EMPTY_MAP>
2022-11-09 16:19:15,417 [pool-215-thread-1] INFO  server.RaftServerConfigKeys (ConfUtils.java:logGet(46)) - raft.server.storage.dir = [/home/runner/work/ozone/ozone/hadoop-ozone/integration-test/target/test-dir/MiniOzoneClusterImpl-5b74f3a4-74d7-4700-a005-fabb0032522b/datanode-1/data/ratis] (custom)
2022-11-09 16:19:15,417 [pool-215-thread-1] INFO  server.RaftServerConfigKeys (ConfUtils.java:logGet(46)) - raft.server.log.corruption.policy = EXCEPTION (default)
2022-11-09 16:19:15,417 [pool-215-thread-1] INFO  server.RaftServerConfigKeys (ConfUtils.java:logGet(46)) - raft.server.storage.free-space.min = 0MB (=0) (default)
2022-11-09 16:19:15,417 [pool-215-thread-1] INFO  server.RaftServerConfigKeys (ConfUtils.java:logGet(46)) - raft.server.notification.no-leader.timeout = 300s (custom)
2022-11-09 16:19:15,417 [pool-215-thread-1] INFO  server.RaftServerConfigKeys (ConfUtils.java:logGet(46)) - raft.server.retrycache.expirytime = 600000ms (custom)
2022-11-09 16:19:15,417 [pool-215-thread-1] INFO  server.RaftServerConfigKeys (ConfUtils.java:logGet(46)) - raft.server.retrycache.statistics.expirytime = 100μs (default)
2022-11-09 16:19:15,418 [pool-215-thread-1] INFO  server.RaftServerConfigKeys (ConfUtils.java:logGet(46)) - raft.server.log.appender.install.snapshot.enabled = false (custom)
2022-11-09 16:19:15,418 [pool-215-thread-1] INFO  server.RaftServerConfigKeys (ConfUtils.java:logGet(46)) - raft.server.threadpool.server.cached = true (default)
2022-11-09 16:19:15,418 [pool-215-thread-1] INFO  server.RaftServerConfigKeys (ConfUtils.java:logGet(46)) - raft.server.threadpool.server.size = 0 (default)
2022-11-09 16:19:15,419 [pool-215-thread-1] INFO  server.RaftServerConfigKeys (ConfUtils.java:logGet(46)) - raft.server.threadpool.client.cached = true (default)
2022-11-09 16:19:15,419 [pool-215-thread-1] INFO  server.RaftServerConfigKeys (ConfUtils.java:logGet(46)) - raft.server.threadpool.client.size = 0 (default)
2022-11-09 16:19:15,419 [pool-215-thread-1] INFO  storage.RaftStorageDirectory (RaftStorageDirectoryImpl.java:analyzeStorage(137)) - The storage directory /home/runner/work/ozone/ozone/hadoop-ozone/integration-test/target/test-dir/MiniOzoneClusterImpl-5b74f3a4-74d7-4700-a005-fabb0032522b/datanode-1/data/ratis/b8eac135-ad9b-43db-afe5-be6ae64012bb does not exist. Creating ...
2022-11-09 16:19:15,420 [pool-215-thread-1] INFO  storage.RaftStorageDirectory (RaftStorageDirectoryImpl.java:tryLock(231)) - Lock on /home/runner/work/ozone/ozone/hadoop-ozone/integration-test/target/test-dir/MiniOzoneClusterImpl-5b74f3a4-74d7-4700-a005-fabb0032522b/datanode-1/data/ratis/b8eac135-ad9b-43db-afe5-be6ae64012bb/in_use.lock acquired by nodename 3584@fv-az91-492
2022-11-09 16:19:15,421 [pool-215-thread-1] INFO  storage.RaftStorage (RaftStorageImpl.java:format(96)) - Storage directory /home/runner/work/ozone/ozone/hadoop-ozone/integration-test/target/test-dir/MiniOzoneClusterImpl-5b74f3a4-74d7-4700-a005-fabb0032522b/datanode-1/data/ratis/b8eac135-ad9b-43db-afe5-be6ae64012bb has been successfully formatted.
2022-11-09 16:19:15,422 [pool-215-thread-1] INFO  ratis.ContainerStateMachine (ContainerStateMachine.java:loadSnapshot(236)) - group-BE6AE64012BB: The snapshot info is null. Setting the last applied indexto:(t:0, i:~)
2022-11-09 16:19:15,422 [pool-215-thread-1] INFO  server.RaftServerConfigKeys (ConfUtils.java:logGet(46)) - raft.server.log.use.memory = false (default)
2022-11-09 16:19:15,422 [pool-215-thread-1] INFO  server.RaftServerConfigKeys (ConfUtils.java:logGet(46)) - raft.server.log.purge.gap = 1000000 (custom)
2022-11-09 16:19:15,425 [EventQueue-PipelineReportForPipelineReportHandler] INFO  pipeline.PipelineManagerImpl (PipelineManagerImpl.java:openPipeline(367)) - Pipeline Pipeline[ Id: b8eac135-ad9b-43db-afe5-be6ae64012bb, Nodes: 0f4d65c1-9a91-4277-90d2-948c429b5f4c{ip: 127.0.0.1, host: localhost, ports: [REPLICATION=38037, RATIS=44283, RATIS_ADMIN=44283, RATIS_SERVER=44283, STANDALONE=45065], networkLocation: /default-rack, certSerialId: null, persistedOpState: IN_SERVICE, persistedOpStateExpiryEpochSec: 0}, ReplicationConfig: RATIS/ONE, State:ALLOCATED, leaderId:0f4d65c1-9a91-4277-90d2-948c429b5f4c, CreationTimestamp2022-11-09T16:19:12.428Z[Etc/UTC]] moved to OPEN state
2022-11-09 16:19:15,425 [EventQueue-PipelineReportForPipelineReportHandler] INFO  pipeline.PipelineManagerImpl (PipelineManagerImpl.java:openPipeline(367)) - Pipeline Pipeline[ Id: b8eac135-ad9b-43db-afe5-be6ae64012bb, Nodes: 0f4d65c1-9a91-4277-90d2-948c429b5f4c{ip: 127.0.0.1, host: localhost, ports: [REPLICATION=38037, RATIS=44283, RATIS_ADMIN=44283, RATIS_SERVER=44283, STANDALONE=45065], networkLocation: /default-rack, certSerialId: null, persistedOpState: IN_SERVICE, persistedOpStateExpiryEpochSec: 0}, ReplicationConfig: RATIS/ONE, State:ALLOCATED, leaderId:0f4d65c1-9a91-4277-90d2-948c429b5f4c, CreationTimestamp2022-11-09T16:19:12.428Z[Etc/UTC]] moved to OPEN state
2022-11-09 16:19:15,425 [EventQueue-PipelineReportForPipelineReportHandler] INFO  pipeline.PipelineManagerImpl (PipelineManagerImpl.java:openPipeline(367)) - Pipeline Pipeline[ Id: b8eac135-ad9b-43db-afe5-be6ae64012bb, Nodes: 0f4d65c1-9a91-4277-90d2-948c429b5f4c{ip: 127.0.0.1, host: localhost, ports: [REPLICATION=38037, RATIS=44283, RATIS_ADMIN=44283, RATIS_SERVER=44283, STANDALONE=45065], networkLocation: /default-rack, certSerialId: null, persistedOpState: IN_SERVICE, persistedOpStateExpiryEpochSec: 0}, ReplicationConfig: RATIS/ONE, State:ALLOCATED, leaderId:0f4d65c1-9a91-4277-90d2-948c429b5f4c, CreationTimestamp2022-11-09T16:19:12.428Z[Etc/UTC]] moved to OPEN state
2022-11-09 16:19:15,434 [pool-215-thread-1] INFO  server.RaftServerConfigKeys (ConfUtils.java:logGet(46)) - raft.server.log.appender.buffer.byte-limit = 33554432 (custom)
2022-11-09 16:19:15,434 [pool-215-thread-1] INFO  server.RaftServerConfigKeys (ConfUtils.java:logGet(46)) - raft.server.log.statemachine.data.read.timeout = 1000ms (default)
2022-11-09 16:19:15,434 [pool-215-thread-1] INFO  server.RaftServerConfigKeys (ConfUtils.java:logGet(46)) - raft.server.log.purge.preservation.log.num = 0 (default)
2022-11-09 16:19:15,435 [pool-215-thread-1] INFO  server.RaftServerConfigKeys (ConfUtils.java:logGet(46)) - raft.server.log.segment.size.max = 1048576 (custom)
2022-11-09 16:19:15,437 [b72141cc-d5cc-4373-b066-0e22769f6f76@group-FABB0032522B-StateMachineUpdater] INFO  safemode.HealthyPipelineSafeModeRule (HealthyPipelineSafeModeRule.java:initializeRule(165)) - Refreshed total pipeline count is 0, healthy pipeline threshold count is 1
2022-11-09 16:19:15,437 [EventQueue-OpenPipelineForHealthyPipelineSafeModeRule] INFO  safemode.SCMSafeModeManager (HealthyPipelineSafeModeRule.java:process(137)) - SCM in safe mode. Healthy pipelines reported count is 0, required healthy pipeline reported count is 1
2022-11-09 16:19:15,440 [pool-215-thread-1] INFO  server.RaftServerConfigKeys (ConfUtils.java:logGet(46)) - raft.server.log.segment.cache.num.max = 2 (custom)
2022-11-09 16:19:15,440 [pool-215-thread-1] INFO  server.RaftServerConfigKeys (ConfUtils.java:logGet(46)) - raft.server.log.segment.cache.size.max = 200MB (=209715200) (default)
2022-11-09 16:19:15,440 [pool-215-thread-1] INFO  segmented.SegmentedRaftLogWorker (SegmentedRaftLogWorker.java:<init>(191)) - new 0f4d65c1-9a91-4277-90d2-948c429b5f4c@group-BE6AE64012BB-SegmentedRaftLogWorker for RaftStorageImpl:Storage Directory /home/runner/work/ozone/ozone/hadoop-ozone/integration-test/target/test-dir/MiniOzoneClusterImpl-5b74f3a4-74d7-4700-a005-fabb0032522b/datanode-1/data/ratis/b8eac135-ad9b-43db-afe5-be6ae64012bb
2022-11-09 16:19:15,440 [pool-215-thread-1] INFO  server.RaftServerConfigKeys (ConfUtils.java:logGet(46)) - raft.server.log.queue.byte-limit = 4294967296 (custom)
2022-11-09 16:19:15,440 [pool-215-thread-1] INFO  server.RaftServerConfigKeys (ConfUtils.java:logGet(46)) - raft.server.log.queue.element-limit = 1024 (custom)
2022-11-09 16:19:15,440 [pool-215-thread-1] INFO  server.RaftServerConfigKeys (ConfUtils.java:logGet(46)) - raft.server.log.segment.size.max = 1048576 (custom)
2022-11-09 16:19:15,440 [pool-215-thread-1] INFO  server.RaftServerConfigKeys (ConfUtils.java:logGet(46)) - raft.server.log.preallocated.size = 16384 (custom)
2022-11-09 16:19:15,440 [pool-215-thread-1] INFO  server.RaftServerConfigKeys (ConfUtils.java:logGet(46)) - raft.server.log.force.sync.num = 128 (default)
2022-11-09 16:19:15,440 [pool-215-thread-1] INFO  server.RaftServerConfigKeys (ConfUtils.java:logGet(46)) - raft.server.log.statemachine.data.sync = true (default)
2022-11-09 16:19:15,441 [pool-215-thread-1] INFO  server.RaftServerConfigKeys (ConfUtils.java:logGet(46)) - raft.server.log.statemachine.data.sync.timeout = 10s (default)
2022-11-09 16:19:15,441 [pool-215-thread-1] INFO  server.RaftServerConfigKeys (ConfUtils.java:logGet(46)) - raft.server.log.statemachine.data.sync.timeout.retry = -1 (default)
2022-11-09 16:19:15,443 [pool-215-thread-1] INFO  server.RaftServerConfigKeys (ConfUtils.java:logGet(46)) - raft.server.log.write.buffer.size = 1048576 (custom)
2022-11-09 16:19:15,445 [2b0403aa-f9f3-4c84-9f99-08ca89661127@group-FABB0032522B-StateMachineUpdater] INFO  safemode.HealthyPipelineSafeModeRule (HealthyPipelineSafeModeRule.java:initializeRule(165)) - Refreshed total pipeline count is 0, healthy pipeline threshold count is 1
2022-11-09 16:19:15,445 [pool-215-thread-1] INFO  server.RaftServerConfigKeys (ConfUtils.java:logGet(46)) - raft.server.log.unsafe-flush.enabled = false (default)
2022-11-09 16:19:15,446 [pool-215-thread-1] INFO  server.RaftServerConfigKeys (ConfUtils.java:logGet(46)) - raft.server.log.async-flush.enabled = false (default)
2022-11-09 16:19:15,446 [pool-215-thread-1] INFO  server.RaftServerConfigKeys (ConfUtils.java:logGet(46)) - raft.server.log.statemachine.data.caching.enabled = true (custom)
2022-11-09 16:19:15,446 [622c10ad-5518-4f12-b7b6-fef968aa587d@group-FABB0032522B-StateMachineUpdater] INFO  safemode.HealthyPipelineSafeModeRule (HealthyPipelineSafeModeRule.java:initializeRule(165)) - Refreshed total pipeline count is 0, healthy pipeline threshold count is 1
2022-11-09 16:19:15,446 [pool-215-thread-1] INFO  segmented.SegmentedRaftLogWorker (SegmentedRaftLogWorker.java:lambda$new$0(136)) - 0f4d65c1-9a91-4277-90d2-948c429b5f4c@group-BE6AE64012BB-SegmentedRaftLogWorker: flushIndex: setUnconditionally 0 -> -1
2022-11-09 16:19:15,447 [pool-215-thread-1] INFO  segmented.SegmentedRaftLogWorker (SegmentedRaftLogWorker.java:lambda$new$0(136)) - 0f4d65c1-9a91-4277-90d2-948c429b5f4c@group-BE6AE64012BB-SegmentedRaftLogWorker: safeCacheEvictIndex: setUnconditionally 0 -> -1
2022-11-09 16:19:15,460 [pool-215-thread-1] INFO  server.RaftServer$Division (RaftServerImpl.java:start(334)) - 0f4d65c1-9a91-4277-90d2-948c429b5f4c@group-BE6AE64012BB: start as a follower, conf=-1: peers:[0f4d65c1-9a91-4277-90d2-948c429b5f4c|rpc:127.0.0.1:44283|priority:1|startupRole:FOLLOWER]|listeners:[], old=null
2022-11-09 16:19:15,460 [pool-215-thread-1] INFO  server.RaftServer$Division (RaftServerImpl.java:setRole(321)) - 0f4d65c1-9a91-4277-90d2-948c429b5f4c@group-BE6AE64012BB: changes role from      null to FOLLOWER at term 0 for startAsFollower
2022-11-09 16:19:15,460 [pool-215-thread-1] INFO  impl.RoleInfo (RoleInfo.java:updateAndGet(139)) - 0f4d65c1-9a91-4277-90d2-948c429b5f4c: start 0f4d65c1-9a91-4277-90d2-948c429b5f4c@group-BE6AE64012BB-FollowerState
2022-11-09 16:19:15,463 [pool-215-thread-1] INFO  util.JmxRegister (JmxRegister.java:tryRegister(44)) - Successfully registered JMX Bean with object name Ratis:service=RaftServer,group=group-BE6AE64012BB,id=0f4d65c1-9a91-4277-90d2-948c429b5f4c
2022-11-09 16:19:15,463 [pool-215-thread-1] INFO  server.RaftServerConfigKeys (ConfUtils.java:logGet(46)) - raft.server.snapshot.auto.trigger.enabled = true (custom)
2022-11-09 16:19:15,463 [pool-215-thread-1] INFO  server.RaftServerConfigKeys (ConfUtils.java:logGet(46)) - raft.server.snapshot.auto.trigger.threshold = 10000 (custom)
2022-11-09 16:19:15,463 [pool-215-thread-1] INFO  server.RaftServerConfigKeys (ConfUtils.java:logGet(46)) - raft.server.snapshot.retention.file.num = 5 (custom)
2022-11-09 16:19:15,463 [0f4d65c1-9a91-4277-90d2-948c429b5f4c@group-BE6AE64012BB-FollowerState] INFO  server.RaftServerConfigKeys (ConfUtils.java:logFallback(53)) - raft.server.rpc.first-election.timeout.min = 5s (fallback to raft.server.rpc.timeout.min)
2022-11-09 16:19:15,463 [pool-215-thread-1] INFO  server.RaftServerConfigKeys (ConfUtils.java:logGet(46)) - raft.server.log.purge.upto.snapshot.index = false (default)
2022-11-09 16:19:15,464 [0f4d65c1-9a91-4277-90d2-948c429b5f4c@group-BE6AE64012BB-FollowerState] INFO  server.RaftServerConfigKeys (ConfUtils.java:logFallback(53)) - raft.server.rpc.first-election.timeout.max = 5200ms (fallback to raft.server.rpc.timeout.max)
2022-11-09 16:19:15,464 [Command processor thread] INFO  ratis.XceiverServerRatis (XceiverServerRatis.java:addGroup(765)) - Created group PipelineID=b8eac135-ad9b-43db-afe5-be6ae64012bb
2022-11-09 16:19:15,464 [Command processor thread] INFO  commandhandler.CreatePipelineCommandHandler (CreatePipelineCommandHandler.java:handle(113)) - Created Pipeline RATIS ONE PipelineID=b8eac135-ad9b-43db-afe5-be6ae64012bb.
2022-11-09 16:19:15,748 [Command processor thread] INFO  server.RaftServer (RaftServerProxy.java:addNew(96)) - c305175a-c10c-4712-990e-ad58ba6eeba7: addNew group-207D78DF9387:[c305175a-c10c-4712-990e-ad58ba6eeba7|rpc:127.0.0.1:43159|priority:1|startupRole:FOLLOWER] returns group-207D78DF9387:java.util.concurrent.CompletableFuture@778f53ca[Not completed]
2022-11-09 16:19:15,749 [pool-240-thread-1] INFO  server.RaftServer$Division (RaftServerImpl.java:<init>(195)) - c305175a-c10c-4712-990e-ad58ba6eeba7: new RaftServerImpl for group-207D78DF9387:[c305175a-c10c-4712-990e-ad58ba6eeba7|rpc:127.0.0.1:43159|priority:1|startupRole:FOLLOWER] with ContainerStateMachine:uninitialized
2022-11-09 16:19:15,749 [pool-240-thread-1] INFO  server.RaftServerConfigKeys (ConfUtils.java:logGet(46)) - raft.server.rpc.timeout.min = 5s (custom)
2022-11-09 16:19:15,749 [pool-240-thread-1] INFO  server.RaftServerConfigKeys (ConfUtils.java:logGet(46)) - raft.server.rpc.timeout.max = 5200ms (custom)
2022-11-09 16:19:15,749 [pool-240-thread-1] INFO  server.RaftServerConfigKeys (ConfUtils.java:logGet(46)) - raft.server.rpc.sleep.time = 25ms (default)
2022-11-09 16:19:15,749 [pool-240-thread-1] INFO  server.RaftServerConfigKeys (ConfUtils.java:logGet(46)) - raft.server.rpc.slowness.timeout = 300s (custom)
2022-11-09 16:19:15,749 [pool-240-thread-1] INFO  server.RaftServerConfigKeys (ConfUtils.java:logGet(46)) - raft.server.leaderelection.leader.step-down.wait-time = 10s (default)
2022-11-09 16:19:15,749 [pool-240-thread-1] INFO  server.RaftServerConfigKeys (ConfUtils.java:logGet(46)) - raft.server.sleep.deviation.threshold = 300ms (default)
2022-11-09 16:19:15,749 [pool-240-thread-1] INFO  server.RaftServer$Division (ServerState.java:<init>(118)) - c305175a-c10c-4712-990e-ad58ba6eeba7@group-207D78DF9387: ConfigurationManager, init=-1: peers:[c305175a-c10c-4712-990e-ad58ba6eeba7|rpc:127.0.0.1:43159|priority:1|startupRole:FOLLOWER]|listeners:[], old=null, confs=<EMPTY_MAP>
2022-11-09 16:19:15,749 [pool-240-thread-1] INFO  server.RaftServerConfigKeys (ConfUtils.java:logGet(46)) - raft.server.storage.dir = [/home/runner/work/ozone/ozone/hadoop-ozone/integration-test/target/test-dir/MiniOzoneClusterImpl-5b74f3a4-74d7-4700-a005-fabb0032522b/datanode-2/data/ratis] (custom)
2022-11-09 16:19:15,749 [pool-240-thread-1] INFO  server.RaftServerConfigKeys (ConfUtils.java:logGet(46)) - raft.server.log.corruption.policy = EXCEPTION (default)
2022-11-09 16:19:15,749 [pool-240-thread-1] INFO  server.RaftServerConfigKeys (ConfUtils.java:logGet(46)) - raft.server.storage.free-space.min = 0MB (=0) (default)
2022-11-09 16:19:15,750 [pool-240-thread-1] INFO  server.RaftServerConfigKeys (ConfUtils.java:logGet(46)) - raft.server.notification.no-leader.timeout = 300s (custom)
2022-11-09 16:19:15,750 [pool-240-thread-1] INFO  server.RaftServerConfigKeys (ConfUtils.java:logGet(46)) - raft.server.retrycache.expirytime = 600000ms (custom)
2022-11-09 16:19:15,750 [pool-240-thread-1] INFO  server.RaftServerConfigKeys (ConfUtils.java:logGet(46)) - raft.server.retrycache.statistics.expirytime = 100μs (default)
2022-11-09 16:19:15,751 [pool-240-thread-1] INFO  server.RaftServerConfigKeys (ConfUtils.java:logGet(46)) - raft.server.log.appender.install.snapshot.enabled = false (custom)
2022-11-09 16:19:15,751 [pool-240-thread-1] INFO  server.RaftServerConfigKeys (ConfUtils.java:logGet(46)) - raft.server.threadpool.server.cached = true (default)
2022-11-09 16:19:15,751 [pool-240-thread-1] INFO  server.RaftServerConfigKeys (ConfUtils.java:logGet(46)) - raft.server.threadpool.server.size = 0 (default)
2022-11-09 16:19:15,752 [pool-240-thread-1] INFO  server.RaftServerConfigKeys (ConfUtils.java:logGet(46)) - raft.server.threadpool.client.cached = true (default)
2022-11-09 16:19:15,752 [pool-240-thread-1] INFO  server.RaftServerConfigKeys (ConfUtils.java:logGet(46)) - raft.server.threadpool.client.size = 0 (default)
2022-11-09 16:19:15,753 [pool-240-thread-1] INFO  storage.RaftStorageDirectory (RaftStorageDirectoryImpl.java:analyzeStorage(137)) - The storage directory /home/runner/work/ozone/ozone/hadoop-ozone/integration-test/target/test-dir/MiniOzoneClusterImpl-5b74f3a4-74d7-4700-a005-fabb0032522b/datanode-2/data/ratis/e129364b-2358-44eb-821a-207d78df9387 does not exist. Creating ...
2022-11-09 16:19:15,754 [pool-240-thread-1] INFO  storage.RaftStorageDirectory (RaftStorageDirectoryImpl.java:tryLock(231)) - Lock on /home/runner/work/ozone/ozone/hadoop-ozone/integration-test/target/test-dir/MiniOzoneClusterImpl-5b74f3a4-74d7-4700-a005-fabb0032522b/datanode-2/data/ratis/e129364b-2358-44eb-821a-207d78df9387/in_use.lock acquired by nodename 3584@fv-az91-492
2022-11-09 16:19:15,755 [pool-240-thread-1] INFO  storage.RaftStorage (RaftStorageImpl.java:format(96)) - Storage directory /home/runner/work/ozone/ozone/hadoop-ozone/integration-test/target/test-dir/MiniOzoneClusterImpl-5b74f3a4-74d7-4700-a005-fabb0032522b/datanode-2/data/ratis/e129364b-2358-44eb-821a-207d78df9387 has been successfully formatted.
2022-11-09 16:19:15,758 [EventQueue-PipelineReportForPipelineReportHandler] INFO  pipeline.PipelineManagerImpl (PipelineManagerImpl.java:openPipeline(367)) - Pipeline Pipeline[ Id: e129364b-2358-44eb-821a-207d78df9387, Nodes: c305175a-c10c-4712-990e-ad58ba6eeba7{ip: 127.0.0.1, host: localhost, ports: [REPLICATION=33685, RATIS=43159, RATIS_ADMIN=43159, RATIS_SERVER=43159, STANDALONE=46417], networkLocation: /default-rack, certSerialId: null, persistedOpState: IN_SERVICE, persistedOpStateExpiryEpochSec: 0}, ReplicationConfig: RATIS/ONE, State:ALLOCATED, leaderId:c305175a-c10c-4712-990e-ad58ba6eeba7, CreationTimestamp2022-11-09T16:19:12.760Z[Etc/UTC]] moved to OPEN state
2022-11-09 16:19:15,760 [EventQueue-PipelineReportForPipelineReportHandler] INFO  pipeline.PipelineManagerImpl (PipelineManagerImpl.java:openPipeline(367)) - Pipeline Pipeline[ Id: e129364b-2358-44eb-821a-207d78df9387, Nodes: c305175a-c10c-4712-990e-ad58ba6eeba7{ip: 127.0.0.1, host: localhost, ports: [REPLICATION=33685, RATIS=43159, RATIS_ADMIN=43159, RATIS_SERVER=43159, STANDALONE=46417], networkLocation: /default-rack, certSerialId: null, persistedOpState: IN_SERVICE, persistedOpStateExpiryEpochSec: 0}, ReplicationConfig: RATIS/ONE, State:ALLOCATED, leaderId:c305175a-c10c-4712-990e-ad58ba6eeba7, CreationTimestamp2022-11-09T16:19:12.760Z[Etc/UTC]] moved to OPEN state
2022-11-09 16:19:15,762 [EventQueue-PipelineReportForPipelineReportHandler] INFO  pipeline.PipelineManagerImpl (PipelineManagerImpl.java:openPipeline(367)) - Pipeline Pipeline[ Id: e129364b-2358-44eb-821a-207d78df9387, Nodes: c305175a-c10c-4712-990e-ad58ba6eeba7{ip: 127.0.0.1, host: localhost, ports: [REPLICATION=33685, RATIS=43159, RATIS_ADMIN=43159, RATIS_SERVER=43159, STANDALONE=46417], networkLocation: /default-rack, certSerialId: null, persistedOpState: IN_SERVICE, persistedOpStateExpiryEpochSec: 0}, ReplicationConfig: RATIS/ONE, State:ALLOCATED, leaderId:c305175a-c10c-4712-990e-ad58ba6eeba7, CreationTimestamp2022-11-09T16:19:12.760Z[Etc/UTC]] moved to OPEN state
2022-11-09 16:19:15,763 [pool-240-thread-1] INFO  ratis.ContainerStateMachine (ContainerStateMachine.java:loadSnapshot(236)) - group-207D78DF9387: The snapshot info is null. Setting the last applied indexto:(t:0, i:~)
2022-11-09 16:19:15,763 [pool-240-thread-1] INFO  server.RaftServerConfigKeys (ConfUtils.java:logGet(46)) - raft.server.log.use.memory = false (default)
2022-11-09 16:19:15,764 [Listener at 127.0.0.1/42701] INFO  ozone.MiniOzoneClusterImpl (MiniOzoneClusterImpl.java:lambda$waitForClusterToBeReady$0(216)) - Nodes are ready. Got 3 of 3 DN Heartbeats.
2022-11-09 16:19:15,764 [Listener at 127.0.0.1/42701] INFO  ozone.MiniOzoneClusterImpl (MiniOzoneClusterImpl.java:lambda$waitForClusterToBeReady$0(219)) - Waiting for cluster to exit safe mode
2022-11-09 16:19:15,764 [Listener at 127.0.0.1/42701] INFO  ozone.MiniOzoneClusterImpl (MiniOzoneClusterImpl.java:lambda$waitForClusterToBeReady$0(221)) - SCM became leader
2022-11-09 16:19:15,764 [pool-240-thread-1] INFO  server.RaftServerConfigKeys (ConfUtils.java:logGet(46)) - raft.server.log.purge.gap = 1000000 (custom)
2022-11-09 16:19:15,764 [pool-240-thread-1] INFO  server.RaftServerConfigKeys (ConfUtils.java:logGet(46)) - raft.server.log.appender.buffer.byte-limit = 33554432 (custom)
2022-11-09 16:19:15,764 [pool-240-thread-1] INFO  server.RaftServerConfigKeys (ConfUtils.java:logGet(46)) - raft.server.log.statemachine.data.read.timeout = 1000ms (default)
2022-11-09 16:19:15,764 [pool-240-thread-1] INFO  server.RaftServerConfigKeys (ConfUtils.java:logGet(46)) - raft.server.log.purge.preservation.log.num = 0 (default)
2022-11-09 16:19:15,765 [pool-240-thread-1] INFO  server.RaftServerConfigKeys (ConfUtils.java:logGet(46)) - raft.server.log.segment.size.max = 1048576 (custom)
2022-11-09 16:19:15,766 [b72141cc-d5cc-4373-b066-0e22769f6f76@group-FABB0032522B-StateMachineUpdater] INFO  safemode.HealthyPipelineSafeModeRule (HealthyPipelineSafeModeRule.java:initializeRule(165)) - Refreshed total pipeline count is 0, healthy pipeline threshold count is 1
2022-11-09 16:19:15,766 [EventQueue-OpenPipelineForHealthyPipelineSafeModeRule] INFO  safemode.SCMSafeModeManager (HealthyPipelineSafeModeRule.java:process(137)) - SCM in safe mode. Healthy pipelines reported count is 0, required healthy pipeline reported count is 1
2022-11-09 16:19:15,767 [pool-240-thread-1] INFO  server.RaftServerConfigKeys (ConfUtils.java:logGet(46)) - raft.server.log.segment.cache.num.max = 2 (custom)
2022-11-09 16:19:15,767 [pool-240-thread-1] INFO  server.RaftServerConfigKeys (ConfUtils.java:logGet(46)) - raft.server.log.segment.cache.size.max = 200MB (=209715200) (default)
2022-11-09 16:19:15,767 [pool-240-thread-1] INFO  segmented.SegmentedRaftLogWorker (SegmentedRaftLogWorker.java:<init>(191)) - new c305175a-c10c-4712-990e-ad58ba6eeba7@group-207D78DF9387-SegmentedRaftLogWorker for RaftStorageImpl:Storage Directory /home/runner/work/ozone/ozone/hadoop-ozone/integration-test/target/test-dir/MiniOzoneClusterImpl-5b74f3a4-74d7-4700-a005-fabb0032522b/datanode-2/data/ratis/e129364b-2358-44eb-821a-207d78df9387
2022-11-09 16:19:15,767 [pool-240-thread-1] INFO  server.RaftServerConfigKeys (ConfUtils.java:logGet(46)) - raft.server.log.queue.byte-limit = 4294967296 (custom)
2022-11-09 16:19:15,768 [pool-240-thread-1] INFO  server.RaftServerConfigKeys (ConfUtils.java:logGet(46)) - raft.server.log.queue.element-limit = 1024 (custom)
2022-11-09 16:19:15,768 [pool-240-thread-1] INFO  server.RaftServerConfigKeys (ConfUtils.java:logGet(46)) - raft.server.log.segment.size.max = 1048576 (custom)
2022-11-09 16:19:15,768 [pool-240-thread-1] INFO  server.RaftServerConfigKeys (ConfUtils.java:logGet(46)) - raft.server.log.preallocated.size = 16384 (custom)
2022-11-09 16:19:15,768 [pool-240-thread-1] INFO  server.RaftServerConfigKeys (ConfUtils.java:logGet(46)) - raft.server.log.force.sync.num = 128 (default)
2022-11-09 16:19:15,768 [pool-240-thread-1] INFO  server.RaftServerConfigKeys (ConfUtils.java:logGet(46)) - raft.server.log.statemachine.data.sync = true (default)
2022-11-09 16:19:15,768 [pool-240-thread-1] INFO  server.RaftServerConfigKeys (ConfUtils.java:logGet(46)) - raft.server.log.statemachine.data.sync.timeout = 10s (default)
2022-11-09 16:19:15,768 [622c10ad-5518-4f12-b7b6-fef968aa587d@group-FABB0032522B-StateMachineUpdater] INFO  safemode.HealthyPipelineSafeModeRule (HealthyPipelineSafeModeRule.java:initializeRule(165)) - Refreshed total pipeline count is 0, healthy pipeline threshold count is 1
2022-11-09 16:19:15,768 [pool-240-thread-1] INFO  server.RaftServerConfigKeys (ConfUtils.java:logGet(46)) - raft.server.log.statemachine.data.sync.timeout.retry = -1 (default)
2022-11-09 16:19:15,769 [pool-240-thread-1] INFO  server.RaftServerConfigKeys (ConfUtils.java:logGet(46)) - raft.server.log.write.buffer.size = 1048576 (custom)
2022-11-09 16:19:15,770 [pool-240-thread-1] INFO  server.RaftServerConfigKeys (ConfUtils.java:logGet(46)) - raft.server.log.unsafe-flush.enabled = false (default)
2022-11-09 16:19:15,770 [pool-240-thread-1] INFO  server.RaftServerConfigKeys (ConfUtils.java:logGet(46)) - raft.server.log.async-flush.enabled = false (default)
2022-11-09 16:19:15,770 [pool-240-thread-1] INFO  server.RaftServerConfigKeys (ConfUtils.java:logGet(46)) - raft.server.log.statemachine.data.caching.enabled = true (custom)
2022-11-09 16:19:15,770 [pool-240-thread-1] INFO  segmented.SegmentedRaftLogWorker (SegmentedRaftLogWorker.java:lambda$new$0(136)) - c305175a-c10c-4712-990e-ad58ba6eeba7@group-207D78DF9387-SegmentedRaftLogWorker: flushIndex: setUnconditionally 0 -> -1
2022-11-09 16:19:15,771 [pool-240-thread-1] INFO  segmented.SegmentedRaftLogWorker (SegmentedRaftLogWorker.java:lambda$new$0(136)) - c305175a-c10c-4712-990e-ad58ba6eeba7@group-207D78DF9387-SegmentedRaftLogWorker: safeCacheEvictIndex: setUnconditionally 0 -> -1
2022-11-09 16:19:15,770 [2b0403aa-f9f3-4c84-9f99-08ca89661127@group-FABB0032522B-StateMachineUpdater] INFO  safemode.HealthyPipelineSafeModeRule (HealthyPipelineSafeModeRule.java:initializeRule(165)) - Refreshed total pipeline count is 0, healthy pipeline threshold count is 1
2022-11-09 16:19:15,771 [pool-240-thread-1] INFO  server.RaftServer$Division (RaftServerImpl.java:start(334)) - c305175a-c10c-4712-990e-ad58ba6eeba7@group-207D78DF9387: start as a follower, conf=-1: peers:[c305175a-c10c-4712-990e-ad58ba6eeba7|rpc:127.0.0.1:43159|priority:1|startupRole:FOLLOWER]|listeners:[], old=null
2022-11-09 16:19:15,771 [pool-240-thread-1] INFO  server.RaftServer$Division (RaftServerImpl.java:setRole(321)) - c305175a-c10c-4712-990e-ad58ba6eeba7@group-207D78DF9387: changes role from      null to FOLLOWER at term 0 for startAsFollower
2022-11-09 16:19:15,771 [pool-240-thread-1] INFO  impl.RoleInfo (RoleInfo.java:updateAndGet(139)) - c305175a-c10c-4712-990e-ad58ba6eeba7: start c305175a-c10c-4712-990e-ad58ba6eeba7@group-207D78DF9387-FollowerState
2022-11-09 16:19:15,773 [pool-240-thread-1] INFO  util.JmxRegister (JmxRegister.java:tryRegister(44)) - Successfully registered JMX Bean with object name Ratis:service=RaftServer,group=group-207D78DF9387,id=c305175a-c10c-4712-990e-ad58ba6eeba7
2022-11-09 16:19:15,773 [pool-240-thread-1] INFO  server.RaftServerConfigKeys (ConfUtils.java:logGet(46)) - raft.server.snapshot.auto.trigger.enabled = true (custom)
2022-11-09 16:19:15,774 [pool-240-thread-1] INFO  server.RaftServerConfigKeys (ConfUtils.java:logGet(46)) - raft.server.snapshot.auto.trigger.threshold = 10000 (custom)
2022-11-09 16:19:15,774 [pool-240-thread-1] INFO  server.RaftServerConfigKeys (ConfUtils.java:logGet(46)) - raft.server.snapshot.retention.file.num = 5 (custom)
2022-11-09 16:19:15,774 [pool-240-thread-1] INFO  server.RaftServerConfigKeys (ConfUtils.java:logGet(46)) - raft.server.log.purge.upto.snapshot.index = false (default)
2022-11-09 16:19:15,774 [c305175a-c10c-4712-990e-ad58ba6eeba7@group-207D78DF9387-FollowerState] INFO  server.RaftServerConfigKeys (ConfUtils.java:logFallback(53)) - raft.server.rpc.first-election.timeout.min = 5s (fallback to raft.server.rpc.timeout.min)
2022-11-09 16:19:15,775 [c305175a-c10c-4712-990e-ad58ba6eeba7@group-207D78DF9387-FollowerState] INFO  server.RaftServerConfigKeys (ConfUtils.java:logFallback(53)) - raft.server.rpc.first-election.timeout.max = 5200ms (fallback to raft.server.rpc.timeout.max)
2022-11-09 16:19:15,778 [Command processor thread] INFO  ratis.XceiverServerRatis (XceiverServerRatis.java:addGroup(765)) - Created group PipelineID=e129364b-2358-44eb-821a-207d78df9387
2022-11-09 16:19:15,778 [Command processor thread] INFO  commandhandler.CreatePipelineCommandHandler (CreatePipelineCommandHandler.java:handle(113)) - Created Pipeline RATIS ONE PipelineID=e129364b-2358-44eb-821a-207d78df9387.
2022-11-09 16:19:16,764 [Listener at 127.0.0.1/42701] INFO  ozone.MiniOzoneClusterImpl (MiniOzoneClusterImpl.java:lambda$waitForClusterToBeReady$0(216)) - Nodes are ready. Got 3 of 3 DN Heartbeats.
2022-11-09 16:19:16,764 [Listener at 127.0.0.1/42701] INFO  ozone.MiniOzoneClusterImpl (MiniOzoneClusterImpl.java:lambda$waitForClusterToBeReady$0(219)) - Waiting for cluster to exit safe mode
2022-11-09 16:19:16,764 [Listener at 127.0.0.1/42701] INFO  ozone.MiniOzoneClusterImpl (MiniOzoneClusterImpl.java:lambda$waitForClusterToBeReady$0(221)) - SCM became leader
2022-11-09 16:19:17,765 [Listener at 127.0.0.1/42701] INFO  ozone.MiniOzoneClusterImpl (MiniOzoneClusterImpl.java:lambda$waitForClusterToBeReady$0(216)) - Nodes are ready. Got 3 of 3 DN Heartbeats.
2022-11-09 16:19:17,765 [Listener at 127.0.0.1/42701] INFO  ozone.MiniOzoneClusterImpl (MiniOzoneClusterImpl.java:lambda$waitForClusterToBeReady$0(219)) - Waiting for cluster to exit safe mode
2022-11-09 16:19:17,765 [Listener at 127.0.0.1/42701] INFO  ozone.MiniOzoneClusterImpl (MiniOzoneClusterImpl.java:lambda$waitForClusterToBeReady$0(221)) - SCM became leader
2022-11-09 16:19:18,765 [Listener at 127.0.0.1/42701] INFO  ozone.MiniOzoneClusterImpl (MiniOzoneClusterImpl.java:lambda$waitForClusterToBeReady$0(216)) - Nodes are ready. Got 3 of 3 DN Heartbeats.
2022-11-09 16:19:18,765 [Listener at 127.0.0.1/42701] INFO  ozone.MiniOzoneClusterImpl (MiniOzoneClusterImpl.java:lambda$waitForClusterToBeReady$0(219)) - Waiting for cluster to exit safe mode
2022-11-09 16:19:18,765 [Listener at 127.0.0.1/42701] INFO  ozone.MiniOzoneClusterImpl (MiniOzoneClusterImpl.java:lambda$waitForClusterToBeReady$0(221)) - SCM became leader
2022-11-09 16:19:19,765 [Listener at 127.0.0.1/42701] INFO  ozone.MiniOzoneClusterImpl (MiniOzoneClusterImpl.java:lambda$waitForClusterToBeReady$0(216)) - Nodes are ready. Got 3 of 3 DN Heartbeats.
2022-11-09 16:19:19,766 [Listener at 127.0.0.1/42701] INFO  ozone.MiniOzoneClusterImpl (MiniOzoneClusterImpl.java:lambda$waitForClusterToBeReady$0(219)) - Waiting for cluster to exit safe mode
2022-11-09 16:19:19,766 [Listener at 127.0.0.1/42701] INFO  ozone.MiniOzoneClusterImpl (MiniOzoneClusterImpl.java:lambda$waitForClusterToBeReady$0(221)) - SCM became leader
2022-11-09 16:19:20,131 [b2c93a51-a95c-4f35-b86d-509595609ea9@group-0A2B984E6862-FollowerState] INFO  impl.FollowerState (FollowerState.java:run(143)) - b2c93a51-a95c-4f35-b86d-509595609ea9@group-0A2B984E6862-FollowerState: change to CANDIDATE, lastRpcElapsedTime:5108607476ns, electionTimeout:5090ms
2022-11-09 16:19:20,132 [b2c93a51-a95c-4f35-b86d-509595609ea9@group-0A2B984E6862-FollowerState] INFO  impl.RoleInfo (RoleInfo.java:shutdownFollowerState(110)) - b2c93a51-a95c-4f35-b86d-509595609ea9: shutdown b2c93a51-a95c-4f35-b86d-509595609ea9@group-0A2B984E6862-FollowerState
2022-11-09 16:19:20,132 [b2c93a51-a95c-4f35-b86d-509595609ea9@group-0A2B984E6862-FollowerState] INFO  server.RaftServer$Division (RaftServerImpl.java:setRole(321)) - b2c93a51-a95c-4f35-b86d-509595609ea9@group-0A2B984E6862: changes role from  FOLLOWER to CANDIDATE at term 0 for changeToCandidate
2022-11-09 16:19:20,134 [b2c93a51-a95c-4f35-b86d-509595609ea9@group-0A2B984E6862-FollowerState] INFO  server.RaftServerConfigKeys (ConfUtils.java:logGet(46)) - raft.server.leaderelection.pre-vote = false (custom)
2022-11-09 16:19:20,134 [b2c93a51-a95c-4f35-b86d-509595609ea9@group-0A2B984E6862-FollowerState] INFO  impl.RoleInfo (RoleInfo.java:updateAndGet(139)) - b2c93a51-a95c-4f35-b86d-509595609ea9: start b2c93a51-a95c-4f35-b86d-509595609ea9@group-0A2B984E6862-LeaderElection8
2022-11-09 16:19:20,139 [b2c93a51-a95c-4f35-b86d-509595609ea9@group-0A2B984E6862-LeaderElection8] INFO  impl.LeaderElection (LeaderElection.java:askForVotes(312)) - b2c93a51-a95c-4f35-b86d-509595609ea9@group-0A2B984E6862-LeaderElection8 ELECTION round 0: submit vote requests at term 1 for -1: peers:[b2c93a51-a95c-4f35-b86d-509595609ea9|rpc:127.0.0.1:46167|priority:1|startupRole:FOLLOWER]|listeners:[], old=null
2022-11-09 16:19:20,139 [b2c93a51-a95c-4f35-b86d-509595609ea9@group-0A2B984E6862-LeaderElection8] INFO  impl.LeaderElection (LeaderElection.java:askForVotes(314)) - b2c93a51-a95c-4f35-b86d-509595609ea9@group-0A2B984E6862-LeaderElection8 ELECTION round 0: result PASSED (term=1)
2022-11-09 16:19:20,139 [b2c93a51-a95c-4f35-b86d-509595609ea9@group-0A2B984E6862-LeaderElection8] INFO  impl.RoleInfo (RoleInfo.java:shutdownLeaderElection(130)) - b2c93a51-a95c-4f35-b86d-509595609ea9: shutdown b2c93a51-a95c-4f35-b86d-509595609ea9@group-0A2B984E6862-LeaderElection8
2022-11-09 16:19:20,139 [b2c93a51-a95c-4f35-b86d-509595609ea9@group-0A2B984E6862-LeaderElection8] INFO  server.RaftServer$Division (RaftServerImpl.java:setRole(321)) - b2c93a51-a95c-4f35-b86d-509595609ea9@group-0A2B984E6862: changes role from CANDIDATE to LEADER at term 1 for changeToLeader
2022-11-09 16:19:20,139 [b2c93a51-a95c-4f35-b86d-509595609ea9@group-0A2B984E6862-LeaderElection8] INFO  ratis.XceiverServerRatis (XceiverServerRatis.java:handleLeaderChangedNotification(863)) - Leader change notification received for group: group-0A2B984E6862 with new leaderId: b2c93a51-a95c-4f35-b86d-509595609ea9
2022-11-09 16:19:20,139 [b2c93a51-a95c-4f35-b86d-509595609ea9@group-0A2B984E6862-LeaderElection8] INFO  server.RaftServer$Division (ServerState.java:setLeader(313)) - b2c93a51-a95c-4f35-b86d-509595609ea9@group-0A2B984E6862: change Leader from null to b2c93a51-a95c-4f35-b86d-509595609ea9 at term 1 for becomeLeader, leader elected after 5141ms
2022-11-09 16:19:20,139 [b2c93a51-a95c-4f35-b86d-509595609ea9@group-0A2B984E6862-LeaderElection8] INFO  server.RaftServerConfigKeys (ConfUtils.java:logGet(46)) - raft.server.staging.catchup.gap = 1000 (default)
2022-11-09 16:19:20,140 [b2c93a51-a95c-4f35-b86d-509595609ea9@group-0A2B984E6862-LeaderElection8] INFO  server.RaftServerConfigKeys (ConfUtils.java:logGet(46)) - raft.server.write.element-limit = 1024 (custom)
2022-11-09 16:19:20,140 [b2c93a51-a95c-4f35-b86d-509595609ea9@group-0A2B984E6862-LeaderElection8] INFO  server.RaftServerConfigKeys (ConfUtils.java:logGet(46)) - raft.server.write.byte-limit = 1024 M (=1073741824) (custom)
2022-11-09 16:19:20,140 [b2c93a51-a95c-4f35-b86d-509595609ea9@group-0A2B984E6862-LeaderElection8] INFO  server.RaftServerConfigKeys (ConfUtils.java:logGet(46)) - raft.server.watch.timeout = 180s (custom)
2022-11-09 16:19:20,140 [b2c93a51-a95c-4f35-b86d-509595609ea9@group-0A2B984E6862-LeaderElection8] INFO  server.RaftServerConfigKeys (ConfUtils.java:logGet(46)) - raft.server.watch.timeout.denomination = 1s (default)
2022-11-09 16:19:20,140 [b2c93a51-a95c-4f35-b86d-509595609ea9@group-0A2B984E6862-LeaderElection8] INFO  server.RaftServerConfigKeys (ConfUtils.java:logGet(46)) - raft.server.watch.element-limit = 65536 (default)
2022-11-09 16:19:20,142 [EventQueue-OpenPipelineForHealthyPipelineSafeModeRule] INFO  safemode.SCMSafeModeManager (HealthyPipelineSafeModeRule.java:process(137)) - SCM in safe mode. Healthy pipelines reported count is 0, required healthy pipeline reported count is 1
2022-11-09 16:19:20,143 [EventQueue-OpenPipelineForHealthyPipelineSafeModeRule] INFO  safemode.SCMSafeModeManager (HealthyPipelineSafeModeRule.java:process(137)) - SCM in safe mode. Healthy pipelines reported count is 0, required healthy pipeline reported count is 1
2022-11-09 16:19:20,143 [EventQueue-OpenPipelineForHealthyPipelineSafeModeRule] INFO  safemode.SCMSafeModeManager (HealthyPipelineSafeModeRule.java:process(137)) - SCM in safe mode. Healthy pipelines reported count is 0, required healthy pipeline reported count is 1
2022-11-09 16:19:20,146 [b2c93a51-a95c-4f35-b86d-509595609ea9@group-0A2B984E6862-LeaderElection8] INFO  server.RaftServerConfigKeys (ConfUtils.java:logGet(46)) - raft.server.write.element-limit = 1024 (custom)
2022-11-09 16:19:20,146 [b2c93a51-a95c-4f35-b86d-509595609ea9@group-0A2B984E6862-LeaderElection8] INFO  server.RaftServerConfigKeys (ConfUtils.java:logGet(46)) - raft.server.write.follower.gap.ratio.max = -1.0 (default)
2022-11-09 16:19:20,146 [b2c93a51-a95c-4f35-b86d-509595609ea9@group-0A2B984E6862-LeaderElection8] INFO  impl.RoleInfo (RoleInfo.java:updateAndGet(139)) - b2c93a51-a95c-4f35-b86d-509595609ea9: start b2c93a51-a95c-4f35-b86d-509595609ea9@group-0A2B984E6862-LeaderStateImpl
2022-11-09 16:19:20,147 [b2c93a51-a95c-4f35-b86d-509595609ea9@group-0A2B984E6862-LeaderElection8] INFO  segmented.SegmentedRaftLogWorker (SegmentedRaftLogWorker.java:startLogSegment(452)) - b2c93a51-a95c-4f35-b86d-509595609ea9@group-0A2B984E6862-SegmentedRaftLogWorker: Starting segment from index:0
2022-11-09 16:19:20,153 [b2c93a51-a95c-4f35-b86d-509595609ea9@group-0A2B984E6862-LeaderElection8] INFO  server.RaftServer$Division (ServerState.java:setRaftConf(430)) - b2c93a51-a95c-4f35-b86d-509595609ea9@group-0A2B984E6862: set configuration 0: peers:[b2c93a51-a95c-4f35-b86d-509595609ea9|rpc:127.0.0.1:46167|dataStream:|priority:1|startupRole:FOLLOWER]|listeners:[], old=null
2022-11-09 16:19:20,158 [b2c93a51-a95c-4f35-b86d-509595609ea9@group-0A2B984E6862-SegmentedRaftLogWorker] INFO  segmented.SegmentedRaftLogWorker (SegmentedRaftLogWorker.java:execute(656)) - b2c93a51-a95c-4f35-b86d-509595609ea9@group-0A2B984E6862-SegmentedRaftLogWorker: created new log segment /home/runner/work/ozone/ozone/hadoop-ozone/integration-test/target/test-dir/MiniOzoneClusterImpl-5b74f3a4-74d7-4700-a005-fabb0032522b/datanode-0/data/ratis/79f3bb43-9316-4a67-b8f4-0a2b984e6862/current/log_inprogress_0
2022-11-09 16:19:20,260 [b2c93a51-a95c-4f35-b86d-509595609ea9@group-32287F085B78-FollowerState] INFO  impl.FollowerState (FollowerState.java:run(143)) - b2c93a51-a95c-4f35-b86d-509595609ea9@group-32287F085B78-FollowerState: change to CANDIDATE, lastRpcElapsedTime:5188927082ns, electionTimeout:5184ms
2022-11-09 16:19:20,261 [b2c93a51-a95c-4f35-b86d-509595609ea9@group-32287F085B78-FollowerState] INFO  impl.RoleInfo (RoleInfo.java:shutdownFollowerState(110)) - b2c93a51-a95c-4f35-b86d-509595609ea9: shutdown b2c93a51-a95c-4f35-b86d-509595609ea9@group-32287F085B78-FollowerState
2022-11-09 16:19:20,261 [b2c93a51-a95c-4f35-b86d-509595609ea9@group-32287F085B78-FollowerState] INFO  server.RaftServer$Division (RaftServerImpl.java:setRole(321)) - b2c93a51-a95c-4f35-b86d-509595609ea9@group-32287F085B78: changes role from  FOLLOWER to CANDIDATE at term 0 for changeToCandidate
2022-11-09 16:19:20,263 [b2c93a51-a95c-4f35-b86d-509595609ea9@group-32287F085B78-FollowerState] INFO  server.RaftServerConfigKeys (ConfUtils.java:logGet(46)) - raft.server.leaderelection.pre-vote = false (custom)
2022-11-09 16:19:20,263 [b2c93a51-a95c-4f35-b86d-509595609ea9@group-32287F085B78-FollowerState] INFO  impl.RoleInfo (RoleInfo.java:updateAndGet(139)) - b2c93a51-a95c-4f35-b86d-509595609ea9: start b2c93a51-a95c-4f35-b86d-509595609ea9@group-32287F085B78-LeaderElection9
2022-11-09 16:19:20,267 [b2c93a51-a95c-4f35-b86d-509595609ea9@group-32287F085B78-LeaderElection9] INFO  impl.LeaderElection (LeaderElection.java:askForVotes(312)) - b2c93a51-a95c-4f35-b86d-509595609ea9@group-32287F085B78-LeaderElection9 ELECTION round 0: submit vote requests at term 1 for -1: peers:[b2c93a51-a95c-4f35-b86d-509595609ea9|rpc:127.0.0.1:46167|priority:1|startupRole:FOLLOWER, c305175a-c10c-4712-990e-ad58ba6eeba7|rpc:127.0.0.1:43159|priority:0|startupRole:FOLLOWER, 0f4d65c1-9a91-4277-90d2-948c429b5f4c|rpc:127.0.0.1:44283|priority:0|startupRole:FOLLOWER]|listeners:[], old=null
2022-11-09 16:19:20,268 [b2c93a51-a95c-4f35-b86d-509595609ea9@group-32287F085B78-LeaderElection9-1] INFO  server.GrpcServerProtocolClient (GrpcServerProtocolClient.java:<init>(63)) - Build channel for c305175a-c10c-4712-990e-ad58ba6eeba7
2022-11-09 16:19:20,268 [b2c93a51-a95c-4f35-b86d-509595609ea9@group-32287F085B78-LeaderElection9] INFO  server.RaftServerConfigKeys (ConfUtils.java:logFallback(53)) - raft.server.rpc.first-election.timeout.min = 5s (fallback to raft.server.rpc.timeout.min)
2022-11-09 16:19:20,268 [b2c93a51-a95c-4f35-b86d-509595609ea9@group-32287F085B78-LeaderElection9] INFO  server.RaftServerConfigKeys (ConfUtils.java:logFallback(53)) - raft.server.rpc.first-election.timeout.max = 5200ms (fallback to raft.server.rpc.timeout.max)
2022-11-09 16:19:20,268 [b2c93a51-a95c-4f35-b86d-509595609ea9@group-32287F085B78-LeaderElection9-2] INFO  server.GrpcServerProtocolClient (GrpcServerProtocolClient.java:<init>(63)) - Build channel for 0f4d65c1-9a91-4277-90d2-948c429b5f4c
2022-11-09 16:19:20,301 [grpc-default-executor-4] INFO  server.RaftServer$Division (RaftServerImpl.java:requestVote(1218)) - c305175a-c10c-4712-990e-ad58ba6eeba7@group-32287F085B78: receive requestVote(ELECTION, b2c93a51-a95c-4f35-b86d-509595609ea9, group-32287F085B78, 1, (t:0, i:0))
2022-11-09 16:19:20,301 [grpc-default-executor-4] INFO  impl.VoteContext (VoteContext.java:log(48)) - c305175a-c10c-4712-990e-ad58ba6eeba7@group-32287F085B78-FOLLOWER: accept ELECTION from b2c93a51-a95c-4f35-b86d-509595609ea9: our priority 0 <= candidate's priority 1
2022-11-09 16:19:20,301 [grpc-default-executor-4] INFO  server.RaftServer$Division (RaftServerImpl.java:setRole(321)) - c305175a-c10c-4712-990e-ad58ba6eeba7@group-32287F085B78: changes role from  FOLLOWER to FOLLOWER at term 1 for candidate:b2c93a51-a95c-4f35-b86d-509595609ea9
2022-11-09 16:19:20,301 [grpc-default-executor-4] INFO  impl.RoleInfo (RoleInfo.java:shutdownFollowerState(110)) - c305175a-c10c-4712-990e-ad58ba6eeba7: shutdown c305175a-c10c-4712-990e-ad58ba6eeba7@group-32287F085B78-FollowerState
2022-11-09 16:19:20,301 [c305175a-c10c-4712-990e-ad58ba6eeba7@group-32287F085B78-FollowerState] INFO  impl.FollowerState (FollowerState.java:run(152)) - c305175a-c10c-4712-990e-ad58ba6eeba7@group-32287F085B78-FollowerState was interrupted
2022-11-09 16:19:20,303 [grpc-default-executor-4] INFO  impl.RoleInfo (RoleInfo.java:updateAndGet(139)) - c305175a-c10c-4712-990e-ad58ba6eeba7: start c305175a-c10c-4712-990e-ad58ba6eeba7@group-32287F085B78-FollowerState
2022-11-09 16:19:20,308 [grpc-default-executor-0] INFO  server.RaftServer$Division (RaftServerImpl.java:requestVote(1218)) - 0f4d65c1-9a91-4277-90d2-948c429b5f4c@group-32287F085B78: receive requestVote(ELECTION, b2c93a51-a95c-4f35-b86d-509595609ea9, group-32287F085B78, 1, (t:0, i:0))
2022-11-09 16:19:20,308 [grpc-default-executor-0] INFO  impl.VoteContext (VoteContext.java:log(48)) - 0f4d65c1-9a91-4277-90d2-948c429b5f4c@group-32287F085B78-FOLLOWER: accept ELECTION from b2c93a51-a95c-4f35-b86d-509595609ea9: our priority 0 <= candidate's priority 1
2022-11-09 16:19:20,309 [grpc-default-executor-0] INFO  server.RaftServer$Division (RaftServerImpl.java:setRole(321)) - 0f4d65c1-9a91-4277-90d2-948c429b5f4c@group-32287F085B78: changes role from  FOLLOWER to FOLLOWER at term 1 for candidate:b2c93a51-a95c-4f35-b86d-509595609ea9
2022-11-09 16:19:20,309 [grpc-default-executor-0] INFO  impl.RoleInfo (RoleInfo.java:shutdownFollowerState(110)) - 0f4d65c1-9a91-4277-90d2-948c429b5f4c: shutdown 0f4d65c1-9a91-4277-90d2-948c429b5f4c@group-32287F085B78-FollowerState
2022-11-09 16:19:20,309 [0f4d65c1-9a91-4277-90d2-948c429b5f4c@group-32287F085B78-FollowerState] INFO  impl.FollowerState (FollowerState.java:run(152)) - 0f4d65c1-9a91-4277-90d2-948c429b5f4c@group-32287F085B78-FollowerState was interrupted
2022-11-09 16:19:20,309 [grpc-default-executor-4] INFO  server.RaftServer$Division (RaftServerImpl.java:requestVote(1251)) - c305175a-c10c-4712-990e-ad58ba6eeba7@group-32287F085B78 replies to ELECTION vote request: b2c93a51-a95c-4f35-b86d-509595609ea9<-c305175a-c10c-4712-990e-ad58ba6eeba7#0:OK-t1. Peer's state: c305175a-c10c-4712-990e-ad58ba6eeba7@group-32287F085B78:t1, leader=null, voted=b2c93a51-a95c-4f35-b86d-509595609ea9, raftlog=Memoized:c305175a-c10c-4712-990e-ad58ba6eeba7@group-32287F085B78-SegmentedRaftLog:OPENED:c-1, conf=-1: peers:[b2c93a51-a95c-4f35-b86d-509595609ea9|rpc:127.0.0.1:46167|dataStream:|priority:1|startupRole:FOLLOWER, c305175a-c10c-4712-990e-ad58ba6eeba7|rpc:127.0.0.1:43159|dataStream:|priority:0|startupRole:FOLLOWER, 0f4d65c1-9a91-4277-90d2-948c429b5f4c|rpc:127.0.0.1:44283|dataStream:|priority:0|startupRole:FOLLOWER]|listeners:[], old=null
2022-11-09 16:19:20,310 [grpc-default-executor-0] INFO  impl.RoleInfo (RoleInfo.java:updateAndGet(139)) - 0f4d65c1-9a91-4277-90d2-948c429b5f4c: start 0f4d65c1-9a91-4277-90d2-948c429b5f4c@group-32287F085B78-FollowerState
2022-11-09 16:19:20,312 [c305175a-c10c-4712-990e-ad58ba6eeba7@group-32287F085B78-FollowerState] INFO  server.RaftServerConfigKeys (ConfUtils.java:logFallback(53)) - raft.server.rpc.first-election.timeout.min = 5s (fallback to raft.server.rpc.timeout.min)
2022-11-09 16:19:20,312 [c305175a-c10c-4712-990e-ad58ba6eeba7@group-32287F085B78-FollowerState] INFO  server.RaftServerConfigKeys (ConfUtils.java:logFallback(53)) - raft.server.rpc.first-election.timeout.max = 5200ms (fallback to raft.server.rpc.timeout.max)
2022-11-09 16:19:20,316 [b2c93a51-a95c-4f35-b86d-509595609ea9@group-32287F085B78-LeaderElection9] INFO  impl.LeaderElection (LeaderElection.java:logAndReturn(90)) - b2c93a51-a95c-4f35-b86d-509595609ea9@group-32287F085B78-LeaderElection9: ELECTION PASSED received 1 response(s) and 0 exception(s):
2022-11-09 16:19:20,316 [b2c93a51-a95c-4f35-b86d-509595609ea9@group-32287F085B78-LeaderElection9] INFO  impl.LeaderElection (LeaderElection.java:logAndReturn(94)) -   Response 0: b2c93a51-a95c-4f35-b86d-509595609ea9<-c305175a-c10c-4712-990e-ad58ba6eeba7#0:OK-t1
2022-11-09 16:19:20,316 [b2c93a51-a95c-4f35-b86d-509595609ea9@group-32287F085B78-LeaderElection9] INFO  impl.LeaderElection (LeaderElection.java:askForVotes(314)) - b2c93a51-a95c-4f35-b86d-509595609ea9@group-32287F085B78-LeaderElection9 ELECTION round 0: result PASSED
2022-11-09 16:19:20,316 [b2c93a51-a95c-4f35-b86d-509595609ea9@group-32287F085B78-LeaderElection9] INFO  impl.RoleInfo (RoleInfo.java:shutdownLeaderElection(130)) - b2c93a51-a95c-4f35-b86d-509595609ea9: shutdown b2c93a51-a95c-4f35-b86d-509595609ea9@group-32287F085B78-LeaderElection9
2022-11-09 16:19:20,316 [b2c93a51-a95c-4f35-b86d-509595609ea9@group-32287F085B78-LeaderElection9] INFO  server.RaftServer$Division (RaftServerImpl.java:setRole(321)) - b2c93a51-a95c-4f35-b86d-509595609ea9@group-32287F085B78: changes role from CANDIDATE to LEADER at term 1 for changeToLeader
2022-11-09 16:19:20,316 [b2c93a51-a95c-4f35-b86d-509595609ea9@group-32287F085B78-LeaderElection9] INFO  ratis.XceiverServerRatis (XceiverServerRatis.java:handleLeaderChangedNotification(863)) - Leader change notification received for group: group-32287F085B78 with new leaderId: b2c93a51-a95c-4f35-b86d-509595609ea9
2022-11-09 16:19:20,316 [b2c93a51-a95c-4f35-b86d-509595609ea9@group-32287F085B78-LeaderElection9] INFO  server.RaftServer$Division (ServerState.java:setLeader(313)) - b2c93a51-a95c-4f35-b86d-509595609ea9@group-32287F085B78: change Leader from null to b2c93a51-a95c-4f35-b86d-509595609ea9 at term 1 for becomeLeader, leader elected after 5272ms
2022-11-09 16:19:20,316 [b2c93a51-a95c-4f35-b86d-509595609ea9@group-32287F085B78-LeaderElection9] INFO  server.RaftServerConfigKeys (ConfUtils.java:logGet(46)) - raft.server.staging.catchup.gap = 1000 (default)
2022-11-09 16:19:20,317 [b2c93a51-a95c-4f35-b86d-509595609ea9@group-32287F085B78-LeaderElection9] INFO  server.RaftServerConfigKeys (ConfUtils.java:logGet(46)) - raft.server.write.element-limit = 1024 (custom)
2022-11-09 16:19:20,317 [b2c93a51-a95c-4f35-b86d-509595609ea9@group-32287F085B78-LeaderElection9] INFO  server.RaftServerConfigKeys (ConfUtils.java:logGet(46)) - raft.server.write.byte-limit = 1024 M (=1073741824) (custom)
2022-11-09 16:19:20,317 [b2c93a51-a95c-4f35-b86d-509595609ea9@group-32287F085B78-LeaderElection9] INFO  server.RaftServerConfigKeys (ConfUtils.java:logGet(46)) - raft.server.watch.timeout = 180s (custom)
2022-11-09 16:19:20,317 [b2c93a51-a95c-4f35-b86d-509595609ea9@group-32287F085B78-LeaderElection9] INFO  server.RaftServerConfigKeys (ConfUtils.java:logGet(46)) - raft.server.watch.timeout.denomination = 1s (default)
2022-11-09 16:19:20,317 [b2c93a51-a95c-4f35-b86d-509595609ea9@group-32287F085B78-LeaderElection9] INFO  server.RaftServerConfigKeys (ConfUtils.java:logGet(46)) - raft.server.watch.element-limit = 65536 (default)
2022-11-09 16:19:20,317 [b2c93a51-a95c-4f35-b86d-509595609ea9@group-32287F085B78-LeaderElection9] INFO  server.RaftServerConfigKeys (ConfUtils.java:logGet(46)) - raft.server.write.element-limit = 1024 (custom)
2022-11-09 16:19:20,317 [b2c93a51-a95c-4f35-b86d-509595609ea9@group-32287F085B78-LeaderElection9] INFO  server.RaftServerConfigKeys (ConfUtils.java:logGet(46)) - raft.server.write.follower.gap.ratio.max = -1.0 (default)
2022-11-09 16:19:20,318 [b2c93a51-a95c-4f35-b86d-509595609ea9@group-32287F085B78-LeaderElection9] INFO  server.RaftServerConfigKeys (ConfUtils.java:logGet(46)) - raft.server.log.appender.snapshot.chunk.size.max = 16MB (=16777216) (default)
2022-11-09 16:19:20,318 [b2c93a51-a95c-4f35-b86d-509595609ea9@group-32287F085B78-LeaderElection9] INFO  server.RaftServerConfigKeys (ConfUtils.java:logGet(46)) - raft.server.log.appender.buffer.byte-limit = 33554432 (custom)
2022-11-09 16:19:20,318 [b2c93a51-a95c-4f35-b86d-509595609ea9@group-32287F085B78-LeaderElection9] INFO  server.RaftServerConfigKeys (ConfUtils.java:logGet(46)) - raft.server.log.appender.buffer.element-limit = 1 (custom)
2022-11-09 16:19:20,318 [b2c93a51-a95c-4f35-b86d-509595609ea9@group-32287F085B78-LeaderElection9] INFO  grpc.GrpcConfigKeys (ConfUtils.java:logGet(46)) - raft.grpc.server.leader.outstanding.appends.max = 128 (default)
2022-11-09 16:19:20,318 [b2c93a51-a95c-4f35-b86d-509595609ea9@group-32287F085B78-LeaderElection9] INFO  server.RaftServerConfigKeys (ConfUtils.java:logGet(46)) - raft.server.rpc.request.timeout = 60s (custom)
2022-11-09 16:19:20,318 [b2c93a51-a95c-4f35-b86d-509595609ea9@group-32287F085B78-LeaderElection9] INFO  server.RaftServerConfigKeys (ConfUtils.java:logGet(46)) - raft.server.log.appender.install.snapshot.enabled = false (custom)
2022-11-09 16:19:20,318 [b2c93a51-a95c-4f35-b86d-509595609ea9@group-32287F085B78-LeaderElection9] INFO  grpc.GrpcConfigKeys (ConfUtils.java:logGet(46)) - raft.grpc.server.heartbeat.channel = true (default)
2022-11-09 16:19:20,318 [b2c93a51-a95c-4f35-b86d-509595609ea9@group-32287F085B78-LeaderElection9] INFO  server.RaftServerConfigKeys (ConfUtils.java:logGet(46)) - raft.server.log.appender.wait-time.min = 10ms (default)
2022-11-09 16:19:20,319 [b2c93a51-a95c-4f35-b86d-509595609ea9@group-32287F085B78-LeaderElection9] INFO  server.RaftServerConfigKeys (ConfUtils.java:logGet(46)) - raft.server.log.appender.snapshot.chunk.size.max = 16MB (=16777216) (default)
2022-11-09 16:19:20,319 [b2c93a51-a95c-4f35-b86d-509595609ea9@group-32287F085B78-LeaderElection9] INFO  server.RaftServerConfigKeys (ConfUtils.java:logGet(46)) - raft.server.log.appender.buffer.byte-limit = 33554432 (custom)
2022-11-09 16:19:20,319 [b2c93a51-a95c-4f35-b86d-509595609ea9@group-32287F085B78-LeaderElection9] INFO  server.RaftServerConfigKeys (ConfUtils.java:logGet(46)) - raft.server.log.appender.buffer.element-limit = 1 (custom)
2022-11-09 16:19:20,319 [b2c93a51-a95c-4f35-b86d-509595609ea9@group-32287F085B78-LeaderElection9] INFO  grpc.GrpcConfigKeys (ConfUtils.java:logGet(46)) - raft.grpc.server.leader.outstanding.appends.max = 128 (default)
2022-11-09 16:19:20,319 [b2c93a51-a95c-4f35-b86d-509595609ea9@group-32287F085B78-LeaderElection9] INFO  server.RaftServerConfigKeys (ConfUtils.java:logGet(46)) - raft.server.rpc.request.timeout = 60s (custom)
2022-11-09 16:19:20,319 [b2c93a51-a95c-4f35-b86d-509595609ea9@group-32287F085B78-LeaderElection9] INFO  server.RaftServerConfigKeys (ConfUtils.java:logGet(46)) - raft.server.log.appender.install.snapshot.enabled = false (custom)
2022-11-09 16:19:20,319 [b2c93a51-a95c-4f35-b86d-509595609ea9@group-32287F085B78-LeaderElection9] INFO  grpc.GrpcConfigKeys (ConfUtils.java:logGet(46)) - raft.grpc.server.heartbeat.channel = true (default)
2022-11-09 16:19:20,319 [b2c93a51-a95c-4f35-b86d-509595609ea9@group-32287F085B78-LeaderElection9] INFO  server.RaftServerConfigKeys (ConfUtils.java:logGet(46)) - raft.server.log.appender.wait-time.min = 10ms (default)
2022-11-09 16:19:20,319 [grpc-default-executor-0] INFO  server.RaftServer$Division (RaftServerImpl.java:requestVote(1251)) - 0f4d65c1-9a91-4277-90d2-948c429b5f4c@group-32287F085B78 replies to ELECTION vote request: b2c93a51-a95c-4f35-b86d-509595609ea9<-0f4d65c1-9a91-4277-90d2-948c429b5f4c#0:OK-t1. Peer's state: 0f4d65c1-9a91-4277-90d2-948c429b5f4c@group-32287F085B78:t1, leader=null, voted=b2c93a51-a95c-4f35-b86d-509595609ea9, raftlog=Memoized:0f4d65c1-9a91-4277-90d2-948c429b5f4c@group-32287F085B78-SegmentedRaftLog:OPENED:c-1, conf=-1: peers:[b2c93a51-a95c-4f35-b86d-509595609ea9|rpc:127.0.0.1:46167|dataStream:|priority:1|startupRole:FOLLOWER, c305175a-c10c-4712-990e-ad58ba6eeba7|rpc:127.0.0.1:43159|dataStream:|priority:0|startupRole:FOLLOWER, 0f4d65c1-9a91-4277-90d2-948c429b5f4c|rpc:127.0.0.1:44283|dataStream:|priority:0|startupRole:FOLLOWER]|listeners:[], old=null
2022-11-09 16:19:20,322 [EventQueue-PipelineReportForPipelineReportHandler] INFO  pipeline.PipelineManagerImpl (PipelineManagerImpl.java:openPipeline(367)) - Pipeline Pipeline[ Id: 389e4be9-7155-4403-a4d8-32287f085b78, Nodes: b2c93a51-a95c-4f35-b86d-509595609ea9{ip: 127.0.0.1, host: localhost, ports: [REPLICATION=46839, RATIS=46167, RATIS_ADMIN=46167, RATIS_SERVER=46167, STANDALONE=40909], networkLocation: /default-rack, certSerialId: null, persistedOpState: IN_SERVICE, persistedOpStateExpiryEpochSec: 0}c305175a-c10c-4712-990e-ad58ba6eeba7{ip: 127.0.0.1, host: localhost, ports: [REPLICATION=33685, RATIS=43159, RATIS_ADMIN=43159, RATIS_SERVER=43159, STANDALONE=46417], networkLocation: /default-rack, certSerialId: null, persistedOpState: IN_SERVICE, persistedOpStateExpiryEpochSec: 0}0f4d65c1-9a91-4277-90d2-948c429b5f4c{ip: 127.0.0.1, host: localhost, ports: [REPLICATION=38037, RATIS=44283, RATIS_ADMIN=44283, RATIS_SERVER=44283, STANDALONE=45065], networkLocation: /default-rack, certSerialId: null, persistedOpState: IN_SERVICE, persistedOpStateExpiryEpochSec: 0}, ReplicationConfig: RATIS/THREE, State:ALLOCATED, leaderId:b2c93a51-a95c-4f35-b86d-509595609ea9, CreationTimestamp2022-11-09T16:19:12.772Z[Etc/UTC]] moved to OPEN state
2022-11-09 16:19:20,320 [b2c93a51-a95c-4f35-b86d-509595609ea9@group-32287F085B78-LeaderElection9] INFO  impl.RoleInfo (RoleInfo.java:updateAndGet(139)) - b2c93a51-a95c-4f35-b86d-509595609ea9: start b2c93a51-a95c-4f35-b86d-509595609ea9@group-32287F085B78-LeaderStateImpl
2022-11-09 16:19:20,328 [b2c93a51-a95c-4f35-b86d-509595609ea9@group-32287F085B78-LeaderElection9] INFO  segmented.SegmentedRaftLogWorker (SegmentedRaftLogWorker.java:startLogSegment(452)) - b2c93a51-a95c-4f35-b86d-509595609ea9@group-32287F085B78-SegmentedRaftLogWorker: Starting segment from index:0
2022-11-09 16:19:20,329 [EventQueue-PipelineReportForPipelineReportHandler] INFO  pipeline.PipelineManagerImpl (PipelineManagerImpl.java:openPipeline(367)) - Pipeline Pipeline[ Id: 389e4be9-7155-4403-a4d8-32287f085b78, Nodes: b2c93a51-a95c-4f35-b86d-509595609ea9{ip: 127.0.0.1, host: localhost, ports: [REPLICATION=46839, RATIS=46167, RATIS_ADMIN=46167, RATIS_SERVER=46167, STANDALONE=40909], networkLocation: /default-rack, certSerialId: null, persistedOpState: IN_SERVICE, persistedOpStateExpiryEpochSec: 0}c305175a-c10c-4712-990e-ad58ba6eeba7{ip: 127.0.0.1, host: localhost, ports: [REPLICATION=33685, RATIS=43159, RATIS_ADMIN=43159, RATIS_SERVER=43159, STANDALONE=46417], networkLocation: /default-rack, certSerialId: null, persistedOpState: IN_SERVICE, persistedOpStateExpiryEpochSec: 0}0f4d65c1-9a91-4277-90d2-948c429b5f4c{ip: 127.0.0.1, host: localhost, ports: [REPLICATION=38037, RATIS=44283, RATIS_ADMIN=44283, RATIS_SERVER=44283, STANDALONE=45065], networkLocation: /default-rack, certSerialId: null, persistedOpState: IN_SERVICE, persistedOpStateExpiryEpochSec: 0}, ReplicationConfig: RATIS/THREE, State:ALLOCATED, leaderId:b2c93a51-a95c-4f35-b86d-509595609ea9, CreationTimestamp2022-11-09T16:19:12.772Z[Etc/UTC]] moved to OPEN state
2022-11-09 16:19:20,330 [EventQueue-PipelineReportForPipelineReportHandler] INFO  pipeline.PipelineManagerImpl (PipelineManagerImpl.java:openPipeline(367)) - Pipeline Pipeline[ Id: 389e4be9-7155-4403-a4d8-32287f085b78, Nodes: b2c93a51-a95c-4f35-b86d-509595609ea9{ip: 127.0.0.1, host: localhost, ports: [REPLICATION=46839, RATIS=46167, RATIS_ADMIN=46167, RATIS_SERVER=46167, STANDALONE=40909], networkLocation: /default-rack, certSerialId: null, persistedOpState: IN_SERVICE, persistedOpStateExpiryEpochSec: 0}c305175a-c10c-4712-990e-ad58ba6eeba7{ip: 127.0.0.1, host: localhost, ports: [REPLICATION=33685, RATIS=43159, RATIS_ADMIN=43159, RATIS_SERVER=43159, STANDALONE=46417], networkLocation: /default-rack, certSerialId: null, persistedOpState: IN_SERVICE, persistedOpStateExpiryEpochSec: 0}0f4d65c1-9a91-4277-90d2-948c429b5f4c{ip: 127.0.0.1, host: localhost, ports: [REPLICATION=38037, RATIS=44283, RATIS_ADMIN=44283, RATIS_SERVER=44283, STANDALONE=45065], networkLocation: /default-rack, certSerialId: null, persistedOpState: IN_SERVICE, persistedOpStateExpiryEpochSec: 0}, ReplicationConfig: RATIS/THREE, State:ALLOCATED, leaderId:b2c93a51-a95c-4f35-b86d-509595609ea9, CreationTimestamp2022-11-09T16:19:12.772Z[Etc/UTC]] moved to OPEN state
2022-11-09 16:19:20,330 [b2c93a51-a95c-4f35-b86d-509595609ea9@group-32287F085B78-SegmentedRaftLogWorker] INFO  segmented.SegmentedRaftLogWorker (SegmentedRaftLogWorker.java:execute(656)) - b2c93a51-a95c-4f35-b86d-509595609ea9@group-32287F085B78-SegmentedRaftLogWorker: created new log segment /home/runner/work/ozone/ozone/hadoop-ozone/integration-test/target/test-dir/MiniOzoneClusterImpl-5b74f3a4-74d7-4700-a005-fabb0032522b/datanode-0/data/ratis/389e4be9-7155-4403-a4d8-32287f085b78/current/log_inprogress_0
2022-11-09 16:19:20,331 [EventQueue-OpenPipelineForHealthyPipelineSafeModeRule] INFO  safemode.SCMSafeModeManager (HealthyPipelineSafeModeRule.java:process(137)) - SCM in safe mode. Healthy pipelines reported count is 0, required healthy pipeline reported count is 1
2022-11-09 16:19:20,334 [b72141cc-d5cc-4373-b066-0e22769f6f76@group-FABB0032522B-StateMachineUpdater] INFO  safemode.HealthyPipelineSafeModeRule (HealthyPipelineSafeModeRule.java:initializeRule(165)) - Refreshed total pipeline count is 1, healthy pipeline threshold count is 1
2022-11-09 16:19:20,335 [EventQueue-OpenPipelineForHealthyPipelineSafeModeRule] INFO  safemode.SCMSafeModeManager (HealthyPipelineSafeModeRule.java:process(137)) - SCM in safe mode. Healthy pipelines reported count is 1, required healthy pipeline reported count is 1
2022-11-09 16:19:20,335 [EventQueue-OpenPipelineForHealthyPipelineSafeModeRule] INFO  safemode.SCMSafeModeManager (SCMSafeModeManager.java:validateSafeModeExitRules(204)) - HealthyPipelineSafeModeRule rule is successfully validated
2022-11-09 16:19:20,335 [EventQueue-OpenPipelineForHealthyPipelineSafeModeRule] INFO  safemode.SCMSafeModeManager (SCMSafeModeManager.java:validateSafeModeExitRules(219)) - ScmSafeModeManager, all rules are successfully validated
2022-11-09 16:19:20,335 [EventQueue-OpenPipelineForHealthyPipelineSafeModeRule] INFO  safemode.SCMSafeModeManager (SCMSafeModeManager.java:exitSafeMode(248)) - SCM exiting safe mode.
2022-11-09 16:19:20,335 [EventQueue-OpenPipelineForHealthyPipelineSafeModeRule] WARN  events.EventQueue (EventQueue.java:fireEvent(216)) - No event handler registered for event TypedEvent{payloadType=SafeModeStatus, name='Safe mode status'}
2022-11-09 16:19:20,335 [EventQueue-OpenPipelineForHealthyPipelineSafeModeRule] INFO  ha.SCMContext (SCMContext.java:updateSafeModeStatus(228)) - Update SafeModeStatus from SafeModeStatus{safeModeStatus=true, preCheckPassed=true} to SafeModeStatus{safeModeStatus=false, preCheckPassed=true}.
2022-11-09 16:19:20,335 [EventQueue-OpenPipelineForHealthyPipelineSafeModeRule] INFO  BackgroundPipelineScrubber (BackgroundSCMService.java:notifyStatusChanged(82)) - Service BackgroundPipelineScrubber transitions to RUNNING.
2022-11-09 16:19:20,335 [EventQueue-OpenPipelineForHealthyPipelineSafeModeRule] INFO  ExpiredContainerReplicaOpScrubber (BackgroundSCMService.java:notifyStatusChanged(82)) - Service ExpiredContainerReplicaOpScrubber transitions to RUNNING.
2022-11-09 16:19:20,335 [EventQueue-OpenPipelineForHealthyPipelineSafeModeRule] INFO  replication.ReplicationManager (ReplicationManager.java:notifyStatusChanged(799)) - Service ReplicationManager transitions to RUNNING.
2022-11-09 16:19:20,349 [b2c93a51-a95c-4f35-b86d-509595609ea9@group-32287F085B78-LeaderElection9] INFO  server.RaftServer$Division (ServerState.java:setRaftConf(430)) - b2c93a51-a95c-4f35-b86d-509595609ea9@group-32287F085B78: set configuration 0: peers:[b2c93a51-a95c-4f35-b86d-509595609ea9|rpc:127.0.0.1:46167|dataStream:|priority:1|startupRole:FOLLOWER, c305175a-c10c-4712-990e-ad58ba6eeba7|rpc:127.0.0.1:43159|dataStream:|priority:0|startupRole:FOLLOWER, 0f4d65c1-9a91-4277-90d2-948c429b5f4c|rpc:127.0.0.1:44283|dataStream:|priority:0|startupRole:FOLLOWER]|listeners:[], old=null
2022-11-09 16:19:20,349 [EventQueue-OpenPipelineForHealthyPipelineSafeModeRule] INFO  safemode.SCMSafeModeManager (HealthyPipelineSafeModeRule.java:process(137)) - SCM in safe mode. Healthy pipelines reported count is 0, required healthy pipeline reported count is 1
2022-11-09 16:19:20,357 [EventQueue-OpenPipelineForHealthyPipelineSafeModeRule] WARN  balancer.ContainerBalancer (ContainerBalancer.java:shouldRun(131)) - Could not find persisted configuration for ContainerBalancer when checking if ContainerBalancer should run. ContainerBalancer should not run now.
2022-11-09 16:19:20,366 [0f4d65c1-9a91-4277-90d2-948c429b5f4c@group-32287F085B78-FollowerState] INFO  server.RaftServerConfigKeys (ConfUtils.java:logFallback(53)) - raft.server.rpc.first-election.timeout.min = 5s (fallback to raft.server.rpc.timeout.min)
2022-11-09 16:19:20,366 [0f4d65c1-9a91-4277-90d2-948c429b5f4c@group-32287F085B78-FollowerState] INFO  server.RaftServerConfigKeys (ConfUtils.java:logFallback(53)) - raft.server.rpc.first-election.timeout.max = 5200ms (fallback to raft.server.rpc.timeout.max)
2022-11-09 16:19:20,367 [0f4d65c1-9a91-4277-90d2-948c429b5f4c@group-9092D43F070D-FollowerState] INFO  impl.FollowerState (FollowerState.java:run(143)) - 0f4d65c1-9a91-4277-90d2-948c429b5f4c@group-9092D43F070D-FollowerState: change to CANDIDATE, lastRpcElapsedTime:5026126055ns, electionTimeout:5022ms
2022-11-09 16:19:20,367 [0f4d65c1-9a91-4277-90d2-948c429b5f4c@group-9092D43F070D-FollowerState] INFO  impl.RoleInfo (RoleInfo.java:shutdownFollowerState(110)) - 0f4d65c1-9a91-4277-90d2-948c429b5f4c: shutdown 0f4d65c1-9a91-4277-90d2-948c429b5f4c@group-9092D43F070D-FollowerState
2022-11-09 16:19:20,367 [0f4d65c1-9a91-4277-90d2-948c429b5f4c@group-9092D43F070D-FollowerState] INFO  server.RaftServer$Division (RaftServerImpl.java:setRole(321)) - 0f4d65c1-9a91-4277-90d2-948c429b5f4c@group-9092D43F070D: changes role from  FOLLOWER to CANDIDATE at term 0 for changeToCandidate
2022-11-09 16:19:20,369 [0f4d65c1-9a91-4277-90d2-948c429b5f4c@group-9092D43F070D-FollowerState] INFO  server.RaftServerConfigKeys (ConfUtils.java:logGet(46)) - raft.server.leaderelection.pre-vote = false (custom)
2022-11-09 16:19:20,369 [0f4d65c1-9a91-4277-90d2-948c429b5f4c@group-9092D43F070D-FollowerState] INFO  impl.RoleInfo (RoleInfo.java:updateAndGet(139)) - 0f4d65c1-9a91-4277-90d2-948c429b5f4c: start 0f4d65c1-9a91-4277-90d2-948c429b5f4c@group-9092D43F070D-LeaderElection10
2022-11-09 16:19:20,391 [2b0403aa-f9f3-4c84-9f99-08ca89661127@group-FABB0032522B-StateMachineUpdater] INFO  safemode.HealthyPipelineSafeModeRule (HealthyPipelineSafeModeRule.java:initializeRule(165)) - Refreshed total pipeline count is 1, healthy pipeline threshold count is 1
2022-11-09 16:19:20,392 [622c10ad-5518-4f12-b7b6-fef968aa587d@group-FABB0032522B-StateMachineUpdater] INFO  safemode.HealthyPipelineSafeModeRule (HealthyPipelineSafeModeRule.java:initializeRule(165)) - Refreshed total pipeline count is 1, healthy pipeline threshold count is 1
2022-11-09 16:19:20,392 [0f4d65c1-9a91-4277-90d2-948c429b5f4c@group-9092D43F070D-LeaderElection10] INFO  impl.LeaderElection (LeaderElection.java:askForVotes(312)) - 0f4d65c1-9a91-4277-90d2-948c429b5f4c@group-9092D43F070D-LeaderElection10 ELECTION round 0: submit vote requests at term 1 for -1: peers:[b2c93a51-a95c-4f35-b86d-509595609ea9|rpc:127.0.0.1:46167|dataStream:|priority:0|startupRole:FOLLOWER, 0f4d65c1-9a91-4277-90d2-948c429b5f4c|rpc:127.0.0.1:44283|dataStream:|priority:1|startupRole:FOLLOWER, c305175a-c10c-4712-990e-ad58ba6eeba7|rpc:127.0.0.1:43159|dataStream:|priority:0|startupRole:FOLLOWER]|listeners:[], old=null
2022-11-09 16:19:20,393 [0f4d65c1-9a91-4277-90d2-948c429b5f4c@group-9092D43F070D-LeaderElection10-1] INFO  server.GrpcServerProtocolClient (GrpcServerProtocolClient.java:<init>(63)) - Build channel for b2c93a51-a95c-4f35-b86d-509595609ea9
2022-11-09 16:19:20,395 [0f4d65c1-9a91-4277-90d2-948c429b5f4c@group-9092D43F070D-LeaderElection10] INFO  server.RaftServerConfigKeys (ConfUtils.java:logFallback(53)) - raft.server.rpc.first-election.timeout.min = 5s (fallback to raft.server.rpc.timeout.min)
2022-11-09 16:19:20,395 [0f4d65c1-9a91-4277-90d2-948c429b5f4c@group-9092D43F070D-LeaderElection10] INFO  server.RaftServerConfigKeys (ConfUtils.java:logFallback(53)) - raft.server.rpc.first-election.timeout.max = 5200ms (fallback to raft.server.rpc.timeout.max)
2022-11-09 16:19:20,396 [0f4d65c1-9a91-4277-90d2-948c429b5f4c@group-9092D43F070D-LeaderElection10-2] INFO  server.GrpcServerProtocolClient (GrpcServerProtocolClient.java:<init>(63)) - Build channel for c305175a-c10c-4712-990e-ad58ba6eeba7
2022-11-09 16:19:20,405 [b2c93a51-a95c-4f35-b86d-509595609ea9@group-9092D43F070D-FollowerState] INFO  impl.FollowerState (FollowerState.java:run(143)) - b2c93a51-a95c-4f35-b86d-509595609ea9@group-9092D43F070D-FollowerState: change to CANDIDATE, lastRpcElapsedTime:5098935795ns, electionTimeout:5098ms
2022-11-09 16:19:20,405 [b2c93a51-a95c-4f35-b86d-509595609ea9@group-9092D43F070D-FollowerState] INFO  impl.RoleInfo (RoleInfo.java:shutdownFollowerState(110)) - b2c93a51-a95c-4f35-b86d-509595609ea9: shutdown b2c93a51-a95c-4f35-b86d-509595609ea9@group-9092D43F070D-FollowerState
2022-11-09 16:19:20,405 [b2c93a51-a95c-4f35-b86d-509595609ea9@group-9092D43F070D-FollowerState] INFO  server.RaftServer$Division (RaftServerImpl.java:setRole(321)) - b2c93a51-a95c-4f35-b86d-509595609ea9@group-9092D43F070D: changes role from  FOLLOWER to CANDIDATE at term 0 for changeToCandidate
2022-11-09 16:19:20,409 [b2c93a51-a95c-4f35-b86d-509595609ea9@group-9092D43F070D-FollowerState] INFO  server.RaftServerConfigKeys (ConfUtils.java:logGet(46)) - raft.server.leaderelection.pre-vote = false (custom)
2022-11-09 16:19:20,409 [b2c93a51-a95c-4f35-b86d-509595609ea9@group-9092D43F070D-FollowerState] INFO  impl.RoleInfo (RoleInfo.java:updateAndGet(139)) - b2c93a51-a95c-4f35-b86d-509595609ea9: start b2c93a51-a95c-4f35-b86d-509595609ea9@group-9092D43F070D-LeaderElection11
2022-11-09 16:19:20,423 [c305175a-c10c-4712-990e-ad58ba6eeba7-server-thread1] INFO  ratis.XceiverServerRatis (XceiverServerRatis.java:handleLeaderChangedNotification(863)) - Leader change notification received for group: group-32287F085B78 with new leaderId: b2c93a51-a95c-4f35-b86d-509595609ea9
2022-11-09 16:19:20,423 [c305175a-c10c-4712-990e-ad58ba6eeba7-server-thread1] INFO  server.RaftServer$Division (ServerState.java:setLeader(313)) - c305175a-c10c-4712-990e-ad58ba6eeba7@group-32287F085B78: change Leader from null to b2c93a51-a95c-4f35-b86d-509595609ea9 at term 1 for appendEntries, leader elected after 5242ms
2022-11-09 16:19:20,428 [grpc-default-executor-6] INFO  server.RaftServer$Division (RaftServerImpl.java:requestVote(1218)) - b2c93a51-a95c-4f35-b86d-509595609ea9@group-9092D43F070D: receive requestVote(ELECTION, 0f4d65c1-9a91-4277-90d2-948c429b5f4c, group-9092D43F070D, 1, (t:0, i:0))
2022-11-09 16:19:20,438 [c305175a-c10c-4712-990e-ad58ba6eeba7-server-thread1] INFO  server.RaftServer$Division (ServerState.java:setRaftConf(430)) - c305175a-c10c-4712-990e-ad58ba6eeba7@group-32287F085B78: set configuration 0: peers:[b2c93a51-a95c-4f35-b86d-509595609ea9|rpc:127.0.0.1:46167|dataStream:|priority:1|startupRole:FOLLOWER, c305175a-c10c-4712-990e-ad58ba6eeba7|rpc:127.0.0.1:43159|dataStream:|priority:0|startupRole:FOLLOWER, 0f4d65c1-9a91-4277-90d2-948c429b5f4c|rpc:127.0.0.1:44283|dataStream:|priority:0|startupRole:FOLLOWER]|listeners:[], old=null
2022-11-09 16:19:20,438 [c305175a-c10c-4712-990e-ad58ba6eeba7-server-thread1] INFO  segmented.SegmentedRaftLogWorker (SegmentedRaftLogWorker.java:startLogSegment(452)) - c305175a-c10c-4712-990e-ad58ba6eeba7@group-32287F085B78-SegmentedRaftLogWorker: Starting segment from index:0
2022-11-09 16:19:20,438 [grpc-default-executor-6] INFO  impl.VoteContext (VoteContext.java:log(48)) - b2c93a51-a95c-4f35-b86d-509595609ea9@group-9092D43F070D-CANDIDATE: accept ELECTION from 0f4d65c1-9a91-4277-90d2-948c429b5f4c: our priority 0 <= candidate's priority 1
2022-11-09 16:19:20,438 [0f4d65c1-9a91-4277-90d2-948c429b5f4c-server-thread1] INFO  ratis.XceiverServerRatis (XceiverServerRatis.java:handleLeaderChangedNotification(863)) - Leader change notification received for group: group-32287F085B78 with new leaderId: b2c93a51-a95c-4f35-b86d-509595609ea9
2022-11-09 16:19:20,438 [0f4d65c1-9a91-4277-90d2-948c429b5f4c-server-thread1] INFO  server.RaftServer$Division (ServerState.java:setLeader(313)) - 0f4d65c1-9a91-4277-90d2-948c429b5f4c@group-32287F085B78: change Leader from null to b2c93a51-a95c-4f35-b86d-509595609ea9 at term 1 for appendEntries, leader elected after 5183ms
2022-11-09 16:19:20,439 [grpc-default-executor-5] INFO  server.RaftServer$Division (RaftServerImpl.java:requestVote(1218)) - c305175a-c10c-4712-990e-ad58ba6eeba7@group-9092D43F070D: receive requestVote(ELECTION, 0f4d65c1-9a91-4277-90d2-948c429b5f4c, group-9092D43F070D, 1, (t:0, i:0))
2022-11-09 16:19:20,439 [grpc-default-executor-5] INFO  impl.VoteContext (VoteContext.java:log(48)) - c305175a-c10c-4712-990e-ad58ba6eeba7@group-9092D43F070D-FOLLOWER: accept ELECTION from 0f4d65c1-9a91-4277-90d2-948c429b5f4c: our priority 0 <= candidate's priority 1
2022-11-09 16:19:20,439 [grpc-default-executor-5] INFO  server.RaftServer$Division (RaftServerImpl.java:setRole(321)) - c305175a-c10c-4712-990e-ad58ba6eeba7@group-9092D43F070D: changes role from  FOLLOWER to FOLLOWER at term 1 for candidate:0f4d65c1-9a91-4277-90d2-948c429b5f4c
2022-11-09 16:19:20,439 [grpc-default-executor-5] INFO  impl.RoleInfo (RoleInfo.java:shutdownFollowerState(110)) - c305175a-c10c-4712-990e-ad58ba6eeba7: shutdown c305175a-c10c-4712-990e-ad58ba6eeba7@group-9092D43F070D-FollowerState
2022-11-09 16:19:20,438 [grpc-default-executor-6] INFO  server.RaftServer$Division (RaftServerImpl.java:setRole(321)) - b2c93a51-a95c-4f35-b86d-509595609ea9@group-9092D43F070D: changes role from CANDIDATE to FOLLOWER at term 1 for candidate:0f4d65c1-9a91-4277-90d2-948c429b5f4c
2022-11-09 16:19:20,439 [grpc-default-executor-6] INFO  impl.RoleInfo (RoleInfo.java:shutdownLeaderElection(130)) - b2c93a51-a95c-4f35-b86d-509595609ea9: shutdown b2c93a51-a95c-4f35-b86d-509595609ea9@group-9092D43F070D-LeaderElection11
2022-11-09 16:19:20,445 [grpc-default-executor-6] INFO  impl.RoleInfo (RoleInfo.java:updateAndGet(139)) - b2c93a51-a95c-4f35-b86d-509595609ea9: start b2c93a51-a95c-4f35-b86d-509595609ea9@group-9092D43F070D-FollowerState
2022-11-09 16:19:20,445 [0f4d65c1-9a91-4277-90d2-948c429b5f4c-server-thread1] INFO  server.RaftServer$Division (ServerState.java:setRaftConf(430)) - 0f4d65c1-9a91-4277-90d2-948c429b5f4c@group-32287F085B78: set configuration 0: peers:[b2c93a51-a95c-4f35-b86d-509595609ea9|rpc:127.0.0.1:46167|dataStream:|priority:1|startupRole:FOLLOWER, c305175a-c10c-4712-990e-ad58ba6eeba7|rpc:127.0.0.1:43159|dataStream:|priority:0|startupRole:FOLLOWER, 0f4d65c1-9a91-4277-90d2-948c429b5f4c|rpc:127.0.0.1:44283|dataStream:|priority:0|startupRole:FOLLOWER]|listeners:[], old=null
2022-11-09 16:19:20,446 [0f4d65c1-9a91-4277-90d2-948c429b5f4c-server-thread1] INFO  segmented.SegmentedRaftLogWorker (SegmentedRaftLogWorker.java:startLogSegment(452)) - 0f4d65c1-9a91-4277-90d2-948c429b5f4c@group-32287F085B78-SegmentedRaftLogWorker: Starting segment from index:0
2022-11-09 16:19:20,446 [c305175a-c10c-4712-990e-ad58ba6eeba7@group-9092D43F070D-FollowerState] INFO  impl.FollowerState (FollowerState.java:run(152)) - c305175a-c10c-4712-990e-ad58ba6eeba7@group-9092D43F070D-FollowerState was interrupted
2022-11-09 16:19:20,452 [grpc-default-executor-5] INFO  impl.RoleInfo (RoleInfo.java:updateAndGet(139)) - c305175a-c10c-4712-990e-ad58ba6eeba7: start c305175a-c10c-4712-990e-ad58ba6eeba7@group-9092D43F070D-FollowerState
2022-11-09 16:19:20,452 [0f4d65c1-9a91-4277-90d2-948c429b5f4c@group-32287F085B78-SegmentedRaftLogWorker] INFO  segmented.SegmentedRaftLogWorker (SegmentedRaftLogWorker.java:execute(656)) - 0f4d65c1-9a91-4277-90d2-948c429b5f4c@group-32287F085B78-SegmentedRaftLogWorker: created new log segment /home/runner/work/ozone/ozone/hadoop-ozone/integration-test/target/test-dir/MiniOzoneClusterImpl-5b74f3a4-74d7-4700-a005-fabb0032522b/datanode-1/data/ratis/389e4be9-7155-4403-a4d8-32287f085b78/current/log_inprogress_0
2022-11-09 16:19:20,452 [grpc-default-executor-6] INFO  server.RaftServer$Division (RaftServerImpl.java:requestVote(1251)) - b2c93a51-a95c-4f35-b86d-509595609ea9@group-9092D43F070D replies to ELECTION vote request: 0f4d65c1-9a91-4277-90d2-948c429b5f4c<-b2c93a51-a95c-4f35-b86d-509595609ea9#0:OK-t1. Peer's state: b2c93a51-a95c-4f35-b86d-509595609ea9@group-9092D43F070D:t1, leader=null, voted=0f4d65c1-9a91-4277-90d2-948c429b5f4c, raftlog=Memoized:b2c93a51-a95c-4f35-b86d-509595609ea9@group-9092D43F070D-SegmentedRaftLog:OPENED:c-1, conf=-1: peers:[b2c93a51-a95c-4f35-b86d-509595609ea9|rpc:127.0.0.1:46167|priority:0|startupRole:FOLLOWER, 0f4d65c1-9a91-4277-90d2-948c429b5f4c|rpc:127.0.0.1:44283|priority:1|startupRole:FOLLOWER, c305175a-c10c-4712-990e-ad58ba6eeba7|rpc:127.0.0.1:43159|priority:0|startupRole:FOLLOWER]|listeners:[], old=null
2022-11-09 16:19:20,452 [c305175a-c10c-4712-990e-ad58ba6eeba7@group-32287F085B78-SegmentedRaftLogWorker] INFO  segmented.SegmentedRaftLogWorker (SegmentedRaftLogWorker.java:execute(656)) - c305175a-c10c-4712-990e-ad58ba6eeba7@group-32287F085B78-SegmentedRaftLogWorker: created new log segment /home/runner/work/ozone/ozone/hadoop-ozone/integration-test/target/test-dir/MiniOzoneClusterImpl-5b74f3a4-74d7-4700-a005-fabb0032522b/datanode-2/data/ratis/389e4be9-7155-4403-a4d8-32287f085b78/current/log_inprogress_0
2022-11-09 16:19:20,453 [c305175a-c10c-4712-990e-ad58ba6eeba7@group-9092D43F070D-FollowerState] INFO  server.RaftServerConfigKeys (ConfUtils.java:logFallback(53)) - raft.server.rpc.first-election.timeout.min = 5s (fallback to raft.server.rpc.timeout.min)
2022-11-09 16:19:20,453 [c305175a-c10c-4712-990e-ad58ba6eeba7@group-9092D43F070D-FollowerState] INFO  server.RaftServerConfigKeys (ConfUtils.java:logFallback(53)) - raft.server.rpc.first-election.timeout.max = 5200ms (fallback to raft.server.rpc.timeout.max)
2022-11-09 16:19:20,453 [b2c93a51-a95c-4f35-b86d-509595609ea9@group-9092D43F070D-FollowerState] INFO  server.RaftServerConfigKeys (ConfUtils.java:logFallback(53)) - raft.server.rpc.first-election.timeout.min = 5s (fallback to raft.server.rpc.timeout.min)
2022-11-09 16:19:20,454 [b2c93a51-a95c-4f35-b86d-509595609ea9@group-9092D43F070D-FollowerState] INFO  server.RaftServerConfigKeys (ConfUtils.java:logFallback(53)) - raft.server.rpc.first-election.timeout.max = 5200ms (fallback to raft.server.rpc.timeout.max)
2022-11-09 16:19:20,457 [0f4d65c1-9a91-4277-90d2-948c429b5f4c@group-9092D43F070D-LeaderElection10] INFO  impl.LeaderElection (LeaderElection.java:logAndReturn(90)) - 0f4d65c1-9a91-4277-90d2-948c429b5f4c@group-9092D43F070D-LeaderElection10: ELECTION PASSED received 1 response(s) and 0 exception(s):
2022-11-09 16:19:20,457 [0f4d65c1-9a91-4277-90d2-948c429b5f4c@group-9092D43F070D-LeaderElection10] INFO  impl.LeaderElection (LeaderElection.java:logAndReturn(94)) -   Response 0: 0f4d65c1-9a91-4277-90d2-948c429b5f4c<-b2c93a51-a95c-4f35-b86d-509595609ea9#0:OK-t1
2022-11-09 16:19:20,457 [0f4d65c1-9a91-4277-90d2-948c429b5f4c@group-9092D43F070D-LeaderElection10] INFO  impl.LeaderElection (LeaderElection.java:askForVotes(314)) - 0f4d65c1-9a91-4277-90d2-948c429b5f4c@group-9092D43F070D-LeaderElection10 ELECTION round 0: result PASSED
2022-11-09 16:19:20,457 [0f4d65c1-9a91-4277-90d2-948c429b5f4c@group-9092D43F070D-LeaderElection10] INFO  impl.RoleInfo (RoleInfo.java:shutdownLeaderElection(130)) - 0f4d65c1-9a91-4277-90d2-948c429b5f4c: shutdown 0f4d65c1-9a91-4277-90d2-948c429b5f4c@group-9092D43F070D-LeaderElection10
2022-11-09 16:19:20,457 [0f4d65c1-9a91-4277-90d2-948c429b5f4c@group-9092D43F070D-LeaderElection10] INFO  server.RaftServer$Division (RaftServerImpl.java:setRole(321)) - 0f4d65c1-9a91-4277-90d2-948c429b5f4c@group-9092D43F070D: changes role from CANDIDATE to LEADER at term 1 for changeToLeader
2022-11-09 16:19:20,457 [0f4d65c1-9a91-4277-90d2-948c429b5f4c@group-9092D43F070D-LeaderElection10] INFO  ratis.XceiverServerRatis (XceiverServerRatis.java:handleLeaderChangedNotification(863)) - Leader change notification received for group: group-9092D43F070D with new leaderId: 0f4d65c1-9a91-4277-90d2-948c429b5f4c
2022-11-09 16:19:20,458 [0f4d65c1-9a91-4277-90d2-948c429b5f4c@group-9092D43F070D-LeaderElection10] INFO  server.RaftServer$Division (ServerState.java:setLeader(313)) - 0f4d65c1-9a91-4277-90d2-948c429b5f4c@group-9092D43F070D: change Leader from null to 0f4d65c1-9a91-4277-90d2-948c429b5f4c at term 1 for becomeLeader, leader elected after 5131ms
2022-11-09 16:19:20,458 [0f4d65c1-9a91-4277-90d2-948c429b5f4c@group-9092D43F070D-LeaderElection10] INFO  server.RaftServerConfigKeys (ConfUtils.java:logGet(46)) - raft.server.staging.catchup.gap = 1000 (default)
2022-11-09 16:19:20,458 [0f4d65c1-9a91-4277-90d2-948c429b5f4c@group-9092D43F070D-LeaderElection10] INFO  server.RaftServerConfigKeys (ConfUtils.java:logGet(46)) - raft.server.write.element-limit = 1024 (custom)
2022-11-09 16:19:20,458 [0f4d65c1-9a91-4277-90d2-948c429b5f4c@group-9092D43F070D-LeaderElection10] INFO  server.RaftServerConfigKeys (ConfUtils.java:logGet(46)) - raft.server.write.byte-limit = 1024 M (=1073741824) (custom)
2022-11-09 16:19:20,458 [0f4d65c1-9a91-4277-90d2-948c429b5f4c@group-9092D43F070D-LeaderElection10] INFO  server.RaftServerConfigKeys (ConfUtils.java:logGet(46)) - raft.server.watch.timeout = 180s (custom)
2022-11-09 16:19:20,458 [0f4d65c1-9a91-4277-90d2-948c429b5f4c@group-9092D43F070D-LeaderElection10] INFO  server.RaftServerConfigKeys (ConfUtils.java:logGet(46)) - raft.server.watch.timeout.denomination = 1s (default)
2022-11-09 16:19:20,458 [0f4d65c1-9a91-4277-90d2-948c429b5f4c@group-9092D43F070D-LeaderElection10] INFO  server.RaftServerConfigKeys (ConfUtils.java:logGet(46)) - raft.server.watch.element-limit = 65536 (default)
2022-11-09 16:19:20,458 [0f4d65c1-9a91-4277-90d2-948c429b5f4c@group-9092D43F070D-LeaderElection10] INFO  server.RaftServerConfigKeys (ConfUtils.java:logGet(46)) - raft.server.write.element-limit = 1024 (custom)
2022-11-09 16:19:20,458 [0f4d65c1-9a91-4277-90d2-948c429b5f4c@group-9092D43F070D-LeaderElection10] INFO  server.RaftServerConfigKeys (ConfUtils.java:logGet(46)) - raft.server.write.follower.gap.ratio.max = -1.0 (default)
2022-11-09 16:19:20,459 [0f4d65c1-9a91-4277-90d2-948c429b5f4c@group-9092D43F070D-LeaderElection10] INFO  server.RaftServerConfigKeys (ConfUtils.java:logGet(46)) - raft.server.log.appender.snapshot.chunk.size.max = 16MB (=16777216) (default)
2022-11-09 16:19:20,459 [0f4d65c1-9a91-4277-90d2-948c429b5f4c@group-9092D43F070D-LeaderElection10] INFO  server.RaftServerConfigKeys (ConfUtils.java:logGet(46)) - raft.server.log.appender.buffer.byte-limit = 33554432 (custom)
2022-11-09 16:19:20,459 [0f4d65c1-9a91-4277-90d2-948c429b5f4c@group-9092D43F070D-LeaderElection10] INFO  server.RaftServerConfigKeys (ConfUtils.java:logGet(46)) - raft.server.log.appender.buffer.element-limit = 1 (custom)
2022-11-09 16:19:20,459 [0f4d65c1-9a91-4277-90d2-948c429b5f4c@group-9092D43F070D-LeaderElection10] INFO  grpc.GrpcConfigKeys (ConfUtils.java:logGet(46)) - raft.grpc.server.leader.outstanding.appends.max = 128 (default)
2022-11-09 16:19:20,459 [0f4d65c1-9a91-4277-90d2-948c429b5f4c@group-9092D43F070D-LeaderElection10] INFO  server.RaftServerConfigKeys (ConfUtils.java:logGet(46)) - raft.server.rpc.request.timeout = 60s (custom)
2022-11-09 16:19:20,459 [0f4d65c1-9a91-4277-90d2-948c429b5f4c@group-9092D43F070D-LeaderElection10] INFO  server.RaftServerConfigKeys (ConfUtils.java:logGet(46)) - raft.server.log.appender.install.snapshot.enabled = false (custom)
2022-11-09 16:19:20,459 [0f4d65c1-9a91-4277-90d2-948c429b5f4c@group-9092D43F070D-LeaderElection10] INFO  grpc.GrpcConfigKeys (ConfUtils.java:logGet(46)) - raft.grpc.server.heartbeat.channel = true (default)
2022-11-09 16:19:20,459 [0f4d65c1-9a91-4277-90d2-948c429b5f4c@group-9092D43F070D-LeaderElection10] INFO  server.RaftServerConfigKeys (ConfUtils.java:logGet(46)) - raft.server.log.appender.wait-time.min = 10ms (default)
2022-11-09 16:19:20,461 [EventQueue-PipelineReportForPipelineReportHandler] INFO  pipeline.PipelineManagerImpl (PipelineManagerImpl.java:openPipeline(367)) - Pipeline Pipeline[ Id: 21abcab8-d120-483e-bf06-9092d43f070d, Nodes: 0f4d65c1-9a91-4277-90d2-948c429b5f4c{ip: 127.0.0.1, host: localhost, ports: [REPLICATION=38037, RATIS=44283, RATIS_ADMIN=44283, RATIS_SERVER=44283, STANDALONE=45065], networkLocation: /default-rack, certSerialId: null, persistedOpState: IN_SERVICE, persistedOpStateExpiryEpochSec: 0}c305175a-c10c-4712-990e-ad58ba6eeba7{ip: 127.0.0.1, host: localhost, ports: [REPLICATION=33685, RATIS=43159, RATIS_ADMIN=43159, RATIS_SERVER=43159, STANDALONE=46417], networkLocation: /default-rack, certSerialId: null, persistedOpState: IN_SERVICE, persistedOpStateExpiryEpochSec: 0}b2c93a51-a95c-4f35-b86d-509595609ea9{ip: 127.0.0.1, host: localhost, ports: [REPLICATION=46839, RATIS=46167, RATIS_ADMIN=46167, RATIS_SERVER=46167, STANDALONE=40909], networkLocation: /default-rack, certSerialId: null, persistedOpState: IN_SERVICE, persistedOpStateExpiryEpochSec: 0}, ReplicationConfig: RATIS/THREE, State:ALLOCATED, leaderId:0f4d65c1-9a91-4277-90d2-948c429b5f4c, CreationTimestamp2022-11-09T16:19:12.788Z[Etc/UTC]] moved to OPEN state
2022-11-09 16:19:20,462 [EventQueue-OpenPipelineForHealthyPipelineSafeModeRule] INFO  safemode.SCMSafeModeManager (HealthyPipelineSafeModeRule.java:process(137)) - SCM in safe mode. Healthy pipelines reported count is 1, required healthy pipeline reported count is 1
2022-11-09 16:19:20,462 [EventQueue-OpenPipelineForHealthyPipelineSafeModeRule] INFO  safemode.SCMSafeModeManager (SCMSafeModeManager.java:validateSafeModeExitRules(204)) - HealthyPipelineSafeModeRule rule is successfully validated
2022-11-09 16:19:20,462 [EventQueue-OpenPipelineForHealthyPipelineSafeModeRule] INFO  safemode.SCMSafeModeManager (SCMSafeModeManager.java:validateSafeModeExitRules(219)) - ScmSafeModeManager, all rules are successfully validated
2022-11-09 16:19:20,462 [EventQueue-OpenPipelineForHealthyPipelineSafeModeRule] INFO  safemode.SCMSafeModeManager (SCMSafeModeManager.java:exitSafeMode(248)) - SCM exiting safe mode.
2022-11-09 16:19:20,462 [EventQueue-OpenPipelineForHealthyPipelineSafeModeRule] WARN  events.EventQueue (EventQueue.java:fireEvent(216)) - No event handler registered for event TypedEvent{payloadType=SafeModeStatus, name='Safe mode status'}
2022-11-09 16:19:20,462 [EventQueue-OpenPipelineForHealthyPipelineSafeModeRule] INFO  ha.SCMContext (SCMContext.java:updateSafeModeStatus(228)) - Update SafeModeStatus from SafeModeStatus{safeModeStatus=true, preCheckPassed=true} to SafeModeStatus{safeModeStatus=false, preCheckPassed=true}.
2022-11-09 16:19:20,463 [EventQueue-PipelineReportForPipelineReportHandler] INFO  pipeline.PipelineManagerImpl (PipelineManagerImpl.java:openPipeline(367)) - Pipeline Pipeline[ Id: 21abcab8-d120-483e-bf06-9092d43f070d, Nodes: 0f4d65c1-9a91-4277-90d2-948c429b5f4c{ip: 127.0.0.1, host: localhost, ports: [REPLICATION=38037, RATIS=44283, RATIS_ADMIN=44283, RATIS_SERVER=44283, STANDALONE=45065], networkLocation: /default-rack, certSerialId: null, persistedOpState: IN_SERVICE, persistedOpStateExpiryEpochSec: 0}c305175a-c10c-4712-990e-ad58ba6eeba7{ip: 127.0.0.1, host: localhost, ports: [REPLICATION=33685, RATIS=43159, RATIS_ADMIN=43159, RATIS_SERVER=43159, STANDALONE=46417], networkLocation: /default-rack, certSerialId: null, persistedOpState: IN_SERVICE, persistedOpStateExpiryEpochSec: 0}b2c93a51-a95c-4f35-b86d-509595609ea9{ip: 127.0.0.1, host: localhost, ports: [REPLICATION=46839, RATIS=46167, RATIS_ADMIN=46167, RATIS_SERVER=46167, STANDALONE=40909], networkLocation: /default-rack, certSerialId: null, persistedOpState: IN_SERVICE, persistedOpStateExpiryEpochSec: 0}, ReplicationConfig: RATIS/THREE, State:ALLOCATED, leaderId:0f4d65c1-9a91-4277-90d2-948c429b5f4c, CreationTimestamp2022-11-09T16:19:12.788Z[Etc/UTC]] moved to OPEN state
2022-11-09 16:19:20,466 [grpc-default-executor-5] INFO  server.RaftServer$Division (RaftServerImpl.java:requestVote(1251)) - c305175a-c10c-4712-990e-ad58ba6eeba7@group-9092D43F070D replies to ELECTION vote request: 0f4d65c1-9a91-4277-90d2-948c429b5f4c<-c305175a-c10c-4712-990e-ad58ba6eeba7#0:OK-t1. Peer's state: c305175a-c10c-4712-990e-ad58ba6eeba7@group-9092D43F070D:t1, leader=null, voted=0f4d65c1-9a91-4277-90d2-948c429b5f4c, raftlog=Memoized:c305175a-c10c-4712-990e-ad58ba6eeba7@group-9092D43F070D-SegmentedRaftLog:OPENED:c-1, conf=-1: peers:[b2c93a51-a95c-4f35-b86d-509595609ea9|rpc:127.0.0.1:46167|dataStream:|priority:0|startupRole:FOLLOWER, 0f4d65c1-9a91-4277-90d2-948c429b5f4c|rpc:127.0.0.1:44283|dataStream:|priority:1|startupRole:FOLLOWER, c305175a-c10c-4712-990e-ad58ba6eeba7|rpc:127.0.0.1:43159|dataStream:|priority:0|startupRole:FOLLOWER]|listeners:[], old=null
2022-11-09 16:19:20,472 [EventQueue-OpenPipelineForHealthyPipelineSafeModeRule] INFO  safemode.SCMSafeModeManager (HealthyPipelineSafeModeRule.java:process(137)) - SCM in safe mode. Healthy pipelines reported count is 1, required healthy pipeline reported count is 1
2022-11-09 16:19:20,472 [EventQueue-OpenPipelineForHealthyPipelineSafeModeRule] INFO  safemode.SCMSafeModeManager (SCMSafeModeManager.java:validateSafeModeExitRules(204)) - HealthyPipelineSafeModeRule rule is successfully validated
2022-11-09 16:19:20,472 [EventQueue-OpenPipelineForHealthyPipelineSafeModeRule] INFO  safemode.SCMSafeModeManager (SCMSafeModeManager.java:validateSafeModeExitRules(219)) - ScmSafeModeManager, all rules are successfully validated
2022-11-09 16:19:20,472 [EventQueue-OpenPipelineForHealthyPipelineSafeModeRule] INFO  safemode.SCMSafeModeManager (SCMSafeModeManager.java:exitSafeMode(248)) - SCM exiting safe mode.
2022-11-09 16:19:20,472 [EventQueue-OpenPipelineForHealthyPipelineSafeModeRule] WARN  events.EventQueue (EventQueue.java:fireEvent(216)) - No event handler registered for event TypedEvent{payloadType=SafeModeStatus, name='Safe mode status'}
2022-11-09 16:19:20,472 [EventQueue-OpenPipelineForHealthyPipelineSafeModeRule] INFO  ha.SCMContext (SCMContext.java:updateSafeModeStatus(228)) - Update SafeModeStatus from SafeModeStatus{safeModeStatus=true, preCheckPassed=true} to SafeModeStatus{safeModeStatus=false, preCheckPassed=true}.
2022-11-09 16:19:20,474 [EventQueue-PipelineReportForPipelineReportHandler] INFO  pipeline.PipelineManagerImpl (PipelineManagerImpl.java:openPipeline(367)) - Pipeline Pipeline[ Id: 21abcab8-d120-483e-bf06-9092d43f070d, Nodes: 0f4d65c1-9a91-4277-90d2-948c429b5f4c{ip: 127.0.0.1, host: localhost, ports: [REPLICATION=38037, RATIS=44283, RATIS_ADMIN=44283, RATIS_SERVER=44283, STANDALONE=45065], networkLocation: /default-rack, certSerialId: null, persistedOpState: IN_SERVICE, persistedOpStateExpiryEpochSec: 0}c305175a-c10c-4712-990e-ad58ba6eeba7{ip: 127.0.0.1, host: localhost, ports: [REPLICATION=33685, RATIS=43159, RATIS_ADMIN=43159, RATIS_SERVER=43159, STANDALONE=46417], networkLocation: /default-rack, certSerialId: null, persistedOpState: IN_SERVICE, persistedOpStateExpiryEpochSec: 0}b2c93a51-a95c-4f35-b86d-509595609ea9{ip: 127.0.0.1, host: localhost, ports: [REPLICATION=46839, RATIS=46167, RATIS_ADMIN=46167, RATIS_SERVER=46167, STANDALONE=40909], networkLocation: /default-rack, certSerialId: null, persistedOpState: IN_SERVICE, persistedOpStateExpiryEpochSec: 0}, ReplicationConfig: RATIS/THREE, State:ALLOCATED, leaderId:0f4d65c1-9a91-4277-90d2-948c429b5f4c, CreationTimestamp2022-11-09T16:19:12.788Z[Etc/UTC]] moved to OPEN state
2022-11-09 16:19:20,476 [0f4d65c1-9a91-4277-90d2-948c429b5f4c@group-9092D43F070D-LeaderElection10] INFO  server.RaftServerConfigKeys (ConfUtils.java:logGet(46)) - raft.server.log.appender.snapshot.chunk.size.max = 16MB (=16777216) (default)
2022-11-09 16:19:20,476 [0f4d65c1-9a91-4277-90d2-948c429b5f4c@group-9092D43F070D-LeaderElection10] INFO  server.RaftServerConfigKeys (ConfUtils.java:logGet(46)) - raft.server.log.appender.buffer.byte-limit = 33554432 (custom)
2022-11-09 16:19:20,476 [0f4d65c1-9a91-4277-90d2-948c429b5f4c@group-9092D43F070D-LeaderElection10] INFO  server.RaftServerConfigKeys (ConfUtils.java:logGet(46)) - raft.server.log.appender.buffer.element-limit = 1 (custom)
2022-11-09 16:19:20,477 [0f4d65c1-9a91-4277-90d2-948c429b5f4c@group-9092D43F070D-LeaderElection10] INFO  grpc.GrpcConfigKeys (ConfUtils.java:logGet(46)) - raft.grpc.server.leader.outstanding.appends.max = 128 (default)
2022-11-09 16:19:20,477 [0f4d65c1-9a91-4277-90d2-948c429b5f4c@group-9092D43F070D-LeaderElection10] INFO  server.RaftServerConfigKeys (ConfUtils.java:logGet(46)) - raft.server.rpc.request.timeout = 60s (custom)
2022-11-09 16:19:20,477 [0f4d65c1-9a91-4277-90d2-948c429b5f4c@group-9092D43F070D-LeaderElection10] INFO  server.RaftServerConfigKeys (ConfUtils.java:logGet(46)) - raft.server.log.appender.install.snapshot.enabled = false (custom)
2022-11-09 16:19:20,477 [0f4d65c1-9a91-4277-90d2-948c429b5f4c@group-9092D43F070D-LeaderElection10] INFO  grpc.GrpcConfigKeys (ConfUtils.java:logGet(46)) - raft.grpc.server.heartbeat.channel = true (default)
2022-11-09 16:19:20,477 [0f4d65c1-9a91-4277-90d2-948c429b5f4c@group-9092D43F070D-LeaderElection10] INFO  server.RaftServerConfigKeys (ConfUtils.java:logGet(46)) - raft.server.log.appender.wait-time.min = 10ms (default)
2022-11-09 16:19:20,477 [0f4d65c1-9a91-4277-90d2-948c429b5f4c@group-9092D43F070D-LeaderElection10] INFO  impl.RoleInfo (RoleInfo.java:updateAndGet(139)) - 0f4d65c1-9a91-4277-90d2-948c429b5f4c: start 0f4d65c1-9a91-4277-90d2-948c429b5f4c@group-9092D43F070D-LeaderStateImpl
2022-11-09 16:19:20,477 [0f4d65c1-9a91-4277-90d2-948c429b5f4c@group-9092D43F070D-LeaderElection10] INFO  segmented.SegmentedRaftLogWorker (SegmentedRaftLogWorker.java:startLogSegment(452)) - 0f4d65c1-9a91-4277-90d2-948c429b5f4c@group-9092D43F070D-SegmentedRaftLogWorker: Starting segment from index:0
2022-11-09 16:19:20,480 [0f4d65c1-9a91-4277-90d2-948c429b5f4c@group-9092D43F070D-SegmentedRaftLogWorker] INFO  segmented.SegmentedRaftLogWorker (SegmentedRaftLogWorker.java:execute(656)) - 0f4d65c1-9a91-4277-90d2-948c429b5f4c@group-9092D43F070D-SegmentedRaftLogWorker: created new log segment /home/runner/work/ozone/ozone/hadoop-ozone/integration-test/target/test-dir/MiniOzoneClusterImpl-5b74f3a4-74d7-4700-a005-fabb0032522b/datanode-1/data/ratis/21abcab8-d120-483e-bf06-9092d43f070d/current/log_inprogress_0
2022-11-09 16:19:20,489 [0f4d65c1-9a91-4277-90d2-948c429b5f4c@group-9092D43F070D-LeaderElection10] INFO  server.RaftServer$Division (ServerState.java:setRaftConf(430)) - 0f4d65c1-9a91-4277-90d2-948c429b5f4c@group-9092D43F070D: set configuration 0: peers:[b2c93a51-a95c-4f35-b86d-509595609ea9|rpc:127.0.0.1:46167|dataStream:|priority:0|startupRole:FOLLOWER, 0f4d65c1-9a91-4277-90d2-948c429b5f4c|rpc:127.0.0.1:44283|dataStream:|priority:1|startupRole:FOLLOWER, c305175a-c10c-4712-990e-ad58ba6eeba7|rpc:127.0.0.1:43159|dataStream:|priority:0|startupRole:FOLLOWER]|listeners:[], old=null
2022-11-09 16:19:20,498 [b2c93a51-a95c-4f35-b86d-509595609ea9-server-thread1] INFO  ratis.XceiverServerRatis (XceiverServerRatis.java:handleLeaderChangedNotification(863)) - Leader change notification received for group: group-9092D43F070D with new leaderId: 0f4d65c1-9a91-4277-90d2-948c429b5f4c
2022-11-09 16:19:20,498 [b2c93a51-a95c-4f35-b86d-509595609ea9-server-thread1] INFO  server.RaftServer$Division (ServerState.java:setLeader(313)) - b2c93a51-a95c-4f35-b86d-509595609ea9@group-9092D43F070D: change Leader from null to 0f4d65c1-9a91-4277-90d2-948c429b5f4c at term 1 for appendEntries, leader elected after 5212ms
2022-11-09 16:19:20,513 [c305175a-c10c-4712-990e-ad58ba6eeba7-server-thread2] INFO  ratis.XceiverServerRatis (XceiverServerRatis.java:handleLeaderChangedNotification(863)) - Leader change notification received for group: group-9092D43F070D with new leaderId: 0f4d65c1-9a91-4277-90d2-948c429b5f4c
2022-11-09 16:19:20,513 [c305175a-c10c-4712-990e-ad58ba6eeba7-server-thread2] INFO  server.RaftServer$Division (ServerState.java:setLeader(313)) - c305175a-c10c-4712-990e-ad58ba6eeba7@group-9092D43F070D: change Leader from null to 0f4d65c1-9a91-4277-90d2-948c429b5f4c at term 1 for appendEntries, leader elected after 5141ms
2022-11-09 16:19:20,513 [b2c93a51-a95c-4f35-b86d-509595609ea9-server-thread1] INFO  server.RaftServer$Division (ServerState.java:setRaftConf(430)) - b2c93a51-a95c-4f35-b86d-509595609ea9@group-9092D43F070D: set configuration 0: peers:[b2c93a51-a95c-4f35-b86d-509595609ea9|rpc:127.0.0.1:46167|dataStream:|priority:0|startupRole:FOLLOWER, 0f4d65c1-9a91-4277-90d2-948c429b5f4c|rpc:127.0.0.1:44283|dataStream:|priority:1|startupRole:FOLLOWER, c305175a-c10c-4712-990e-ad58ba6eeba7|rpc:127.0.0.1:43159|dataStream:|priority:0|startupRole:FOLLOWER]|listeners:[], old=null
2022-11-09 16:19:20,514 [b2c93a51-a95c-4f35-b86d-509595609ea9-server-thread1] INFO  segmented.SegmentedRaftLogWorker (SegmentedRaftLogWorker.java:startLogSegment(452)) - b2c93a51-a95c-4f35-b86d-509595609ea9@group-9092D43F070D-SegmentedRaftLogWorker: Starting segment from index:0
2022-11-09 16:19:20,515 [c305175a-c10c-4712-990e-ad58ba6eeba7-server-thread2] INFO  server.RaftServer$Division (ServerState.java:setRaftConf(430)) - c305175a-c10c-4712-990e-ad58ba6eeba7@group-9092D43F070D: set configuration 0: peers:[b2c93a51-a95c-4f35-b86d-509595609ea9|rpc:127.0.0.1:46167|dataStream:|priority:0|startupRole:FOLLOWER, 0f4d65c1-9a91-4277-90d2-948c429b5f4c|rpc:127.0.0.1:44283|dataStream:|priority:1|startupRole:FOLLOWER, c305175a-c10c-4712-990e-ad58ba6eeba7|rpc:127.0.0.1:43159|dataStream:|priority:0|startupRole:FOLLOWER]|listeners:[], old=null
2022-11-09 16:19:20,517 [c305175a-c10c-4712-990e-ad58ba6eeba7-server-thread2] INFO  segmented.SegmentedRaftLogWorker (SegmentedRaftLogWorker.java:startLogSegment(452)) - c305175a-c10c-4712-990e-ad58ba6eeba7@group-9092D43F070D-SegmentedRaftLogWorker: Starting segment from index:0
2022-11-09 16:19:20,517 [b2c93a51-a95c-4f35-b86d-509595609ea9@group-9092D43F070D-SegmentedRaftLogWorker] INFO  segmented.SegmentedRaftLogWorker (SegmentedRaftLogWorker.java:execute(656)) - b2c93a51-a95c-4f35-b86d-509595609ea9@group-9092D43F070D-SegmentedRaftLogWorker: created new log segment /home/runner/work/ozone/ozone/hadoop-ozone/integration-test/target/test-dir/MiniOzoneClusterImpl-5b74f3a4-74d7-4700-a005-fabb0032522b/datanode-0/data/ratis/21abcab8-d120-483e-bf06-9092d43f070d/current/log_inprogress_0
2022-11-09 16:19:20,523 [c305175a-c10c-4712-990e-ad58ba6eeba7@group-9092D43F070D-SegmentedRaftLogWorker] INFO  segmented.SegmentedRaftLogWorker (SegmentedRaftLogWorker.java:execute(656)) - c305175a-c10c-4712-990e-ad58ba6eeba7@group-9092D43F070D-SegmentedRaftLogWorker: created new log segment /home/runner/work/ozone/ozone/hadoop-ozone/integration-test/target/test-dir/MiniOzoneClusterImpl-5b74f3a4-74d7-4700-a005-fabb0032522b/datanode-2/data/ratis/21abcab8-d120-483e-bf06-9092d43f070d/current/log_inprogress_0
2022-11-09 16:19:20,625 [0f4d65c1-9a91-4277-90d2-948c429b5f4c@group-BE6AE64012BB-FollowerState] INFO  impl.FollowerState (FollowerState.java:run(143)) - 0f4d65c1-9a91-4277-90d2-948c429b5f4c@group-BE6AE64012BB-FollowerState: change to CANDIDATE, lastRpcElapsedTime:5164822776ns, electionTimeout:5161ms
2022-11-09 16:19:20,625 [0f4d65c1-9a91-4277-90d2-948c429b5f4c@group-BE6AE64012BB-FollowerState] INFO  impl.RoleInfo (RoleInfo.java:shutdownFollowerState(110)) - 0f4d65c1-9a91-4277-90d2-948c429b5f4c: shutdown 0f4d65c1-9a91-4277-90d2-948c429b5f4c@group-BE6AE64012BB-FollowerState
2022-11-09 16:19:20,625 [0f4d65c1-9a91-4277-90d2-948c429b5f4c@group-BE6AE64012BB-FollowerState] INFO  server.RaftServer$Division (RaftServerImpl.java:setRole(321)) - 0f4d65c1-9a91-4277-90d2-948c429b5f4c@group-BE6AE64012BB: changes role from  FOLLOWER to CANDIDATE at term 0 for changeToCandidate
2022-11-09 16:19:20,628 [0f4d65c1-9a91-4277-90d2-948c429b5f4c@group-BE6AE64012BB-FollowerState] INFO  server.RaftServerConfigKeys (ConfUtils.java:logGet(46)) - raft.server.leaderelection.pre-vote = false (custom)
2022-11-09 16:19:20,628 [0f4d65c1-9a91-4277-90d2-948c429b5f4c@group-BE6AE64012BB-FollowerState] INFO  impl.RoleInfo (RoleInfo.java:updateAndGet(139)) - 0f4d65c1-9a91-4277-90d2-948c429b5f4c: start 0f4d65c1-9a91-4277-90d2-948c429b5f4c@group-BE6AE64012BB-LeaderElection12
2022-11-09 16:19:20,633 [0f4d65c1-9a91-4277-90d2-948c429b5f4c@group-BE6AE64012BB-LeaderElection12] INFO  impl.LeaderElection (LeaderElection.java:askForVotes(312)) - 0f4d65c1-9a91-4277-90d2-948c429b5f4c@group-BE6AE64012BB-LeaderElection12 ELECTION round 0: submit vote requests at term 1 for -1: peers:[0f4d65c1-9a91-4277-90d2-948c429b5f4c|rpc:127.0.0.1:44283|priority:1|startupRole:FOLLOWER]|listeners:[], old=null
2022-11-09 16:19:20,633 [0f4d65c1-9a91-4277-90d2-948c429b5f4c@group-BE6AE64012BB-LeaderElection12] INFO  impl.LeaderElection (LeaderElection.java:askForVotes(314)) - 0f4d65c1-9a91-4277-90d2-948c429b5f4c@group-BE6AE64012BB-LeaderElection12 ELECTION round 0: result PASSED (term=1)
2022-11-09 16:19:20,633 [0f4d65c1-9a91-4277-90d2-948c429b5f4c@group-BE6AE64012BB-LeaderElection12] INFO  impl.RoleInfo (RoleInfo.java:shutdownLeaderElection(130)) - 0f4d65c1-9a91-4277-90d2-948c429b5f4c: shutdown 0f4d65c1-9a91-4277-90d2-948c429b5f4c@group-BE6AE64012BB-LeaderElection12
2022-11-09 16:19:20,633 [0f4d65c1-9a91-4277-90d2-948c429b5f4c@group-BE6AE64012BB-LeaderElection12] INFO  server.RaftServer$Division (RaftServerImpl.java:setRole(321)) - 0f4d65c1-9a91-4277-90d2-948c429b5f4c@group-BE6AE64012BB: changes role from CANDIDATE to LEADER at term 1 for changeToLeader
2022-11-09 16:19:20,633 [0f4d65c1-9a91-4277-90d2-948c429b5f4c@group-BE6AE64012BB-LeaderElection12] INFO  ratis.XceiverServerRatis (XceiverServerRatis.java:handleLeaderChangedNotification(863)) - Leader change notification received for group: group-BE6AE64012BB with new leaderId: 0f4d65c1-9a91-4277-90d2-948c429b5f4c
2022-11-09 16:19:20,633 [0f4d65c1-9a91-4277-90d2-948c429b5f4c@group-BE6AE64012BB-LeaderElection12] INFO  server.RaftServer$Division (ServerState.java:setLeader(313)) - 0f4d65c1-9a91-4277-90d2-948c429b5f4c@group-BE6AE64012BB: change Leader from null to 0f4d65c1-9a91-4277-90d2-948c429b5f4c at term 1 for becomeLeader, leader elected after 5215ms
2022-11-09 16:19:20,633 [0f4d65c1-9a91-4277-90d2-948c429b5f4c@group-BE6AE64012BB-LeaderElection12] INFO  server.RaftServerConfigKeys (ConfUtils.java:logGet(46)) - raft.server.staging.catchup.gap = 1000 (default)
2022-11-09 16:19:20,634 [0f4d65c1-9a91-4277-90d2-948c429b5f4c@group-BE6AE64012BB-LeaderElection12] INFO  server.RaftServerConfigKeys (ConfUtils.java:logGet(46)) - raft.server.write.element-limit = 1024 (custom)
2022-11-09 16:19:20,634 [0f4d65c1-9a91-4277-90d2-948c429b5f4c@group-BE6AE64012BB-LeaderElection12] INFO  server.RaftServerConfigKeys (ConfUtils.java:logGet(46)) - raft.server.write.byte-limit = 1024 M (=1073741824) (custom)
2022-11-09 16:19:20,634 [0f4d65c1-9a91-4277-90d2-948c429b5f4c@group-BE6AE64012BB-LeaderElection12] INFO  server.RaftServerConfigKeys (ConfUtils.java:logGet(46)) - raft.server.watch.timeout = 180s (custom)
2022-11-09 16:19:20,634 [0f4d65c1-9a91-4277-90d2-948c429b5f4c@group-BE6AE64012BB-LeaderElection12] INFO  server.RaftServerConfigKeys (ConfUtils.java:logGet(46)) - raft.server.watch.timeout.denomination = 1s (default)
2022-11-09 16:19:20,634 [0f4d65c1-9a91-4277-90d2-948c429b5f4c@group-BE6AE64012BB-LeaderElection12] INFO  server.RaftServerConfigKeys (ConfUtils.java:logGet(46)) - raft.server.watch.element-limit = 65536 (default)
2022-11-09 16:19:20,634 [0f4d65c1-9a91-4277-90d2-948c429b5f4c@group-BE6AE64012BB-LeaderElection12] INFO  server.RaftServerConfigKeys (ConfUtils.java:logGet(46)) - raft.server.write.element-limit = 1024 (custom)
2022-11-09 16:19:20,635 [0f4d65c1-9a91-4277-90d2-948c429b5f4c@group-BE6AE64012BB-LeaderElection12] INFO  server.RaftServerConfigKeys (ConfUtils.java:logGet(46)) - raft.server.write.follower.gap.ratio.max = -1.0 (default)
2022-11-09 16:19:20,635 [0f4d65c1-9a91-4277-90d2-948c429b5f4c@group-BE6AE64012BB-LeaderElection12] INFO  impl.RoleInfo (RoleInfo.java:updateAndGet(139)) - 0f4d65c1-9a91-4277-90d2-948c429b5f4c: start 0f4d65c1-9a91-4277-90d2-948c429b5f4c@group-BE6AE64012BB-LeaderStateImpl
2022-11-09 16:19:20,635 [0f4d65c1-9a91-4277-90d2-948c429b5f4c@group-BE6AE64012BB-LeaderElection12] INFO  segmented.SegmentedRaftLogWorker (SegmentedRaftLogWorker.java:startLogSegment(452)) - 0f4d65c1-9a91-4277-90d2-948c429b5f4c@group-BE6AE64012BB-SegmentedRaftLogWorker: Starting segment from index:0
2022-11-09 16:19:20,639 [0f4d65c1-9a91-4277-90d2-948c429b5f4c@group-BE6AE64012BB-SegmentedRaftLogWorker] INFO  segmented.SegmentedRaftLogWorker (SegmentedRaftLogWorker.java:execute(656)) - 0f4d65c1-9a91-4277-90d2-948c429b5f4c@group-BE6AE64012BB-SegmentedRaftLogWorker: created new log segment /home/runner/work/ozone/ozone/hadoop-ozone/integration-test/target/test-dir/MiniOzoneClusterImpl-5b74f3a4-74d7-4700-a005-fabb0032522b/datanode-1/data/ratis/b8eac135-ad9b-43db-afe5-be6ae64012bb/current/log_inprogress_0
2022-11-09 16:19:20,646 [0f4d65c1-9a91-4277-90d2-948c429b5f4c@group-BE6AE64012BB-LeaderElection12] INFO  server.RaftServer$Division (ServerState.java:setRaftConf(430)) - 0f4d65c1-9a91-4277-90d2-948c429b5f4c@group-BE6AE64012BB: set configuration 0: peers:[0f4d65c1-9a91-4277-90d2-948c429b5f4c|rpc:127.0.0.1:44283|dataStream:|priority:1|startupRole:FOLLOWER]|listeners:[], old=null
2022-11-09 16:19:20,766 [Listener at 127.0.0.1/42701] INFO  ozone.MiniOzoneClusterImpl (MiniOzoneClusterImpl.java:lambda$waitForClusterToBeReady$0(216)) - Nodes are ready. Got 3 of 3 DN Heartbeats.
2022-11-09 16:19:20,766 [Listener at 127.0.0.1/42701] INFO  ozone.MiniOzoneClusterImpl (MiniOzoneClusterImpl.java:lambda$waitForClusterToBeReady$0(219)) - Cluster exits safe mode
2022-11-09 16:19:20,766 [Listener at 127.0.0.1/42701] INFO  ozone.MiniOzoneClusterImpl (MiniOzoneClusterImpl.java:lambda$waitForClusterToBeReady$0(221)) - SCM became leader
2022-11-09 16:19:20,914 [c305175a-c10c-4712-990e-ad58ba6eeba7@group-207D78DF9387-FollowerState] INFO  impl.FollowerState (FollowerState.java:run(143)) - c305175a-c10c-4712-990e-ad58ba6eeba7@group-207D78DF9387-FollowerState: change to CANDIDATE, lastRpcElapsedTime:5142769186ns, electionTimeout:5139ms
2022-11-09 16:19:20,914 [c305175a-c10c-4712-990e-ad58ba6eeba7@group-207D78DF9387-FollowerState] INFO  impl.RoleInfo (RoleInfo.java:shutdownFollowerState(110)) - c305175a-c10c-4712-990e-ad58ba6eeba7: shutdown c305175a-c10c-4712-990e-ad58ba6eeba7@group-207D78DF9387-FollowerState
2022-11-09 16:19:20,914 [c305175a-c10c-4712-990e-ad58ba6eeba7@group-207D78DF9387-FollowerState] INFO  server.RaftServer$Division (RaftServerImpl.java:setRole(321)) - c305175a-c10c-4712-990e-ad58ba6eeba7@group-207D78DF9387: changes role from  FOLLOWER to CANDIDATE at term 0 for changeToCandidate
2022-11-09 16:19:20,925 [c305175a-c10c-4712-990e-ad58ba6eeba7@group-207D78DF9387-FollowerState] INFO  server.RaftServerConfigKeys (ConfUtils.java:logGet(46)) - raft.server.leaderelection.pre-vote = false (custom)
2022-11-09 16:19:20,925 [c305175a-c10c-4712-990e-ad58ba6eeba7@group-207D78DF9387-FollowerState] INFO  impl.RoleInfo (RoleInfo.java:updateAndGet(139)) - c305175a-c10c-4712-990e-ad58ba6eeba7: start c305175a-c10c-4712-990e-ad58ba6eeba7@group-207D78DF9387-LeaderElection13
2022-11-09 16:19:20,935 [c305175a-c10c-4712-990e-ad58ba6eeba7@group-207D78DF9387-LeaderElection13] INFO  impl.LeaderElection (LeaderElection.java:askForVotes(312)) - c305175a-c10c-4712-990e-ad58ba6eeba7@group-207D78DF9387-LeaderElection13 ELECTION round 0: submit vote requests at term 1 for -1: peers:[c305175a-c10c-4712-990e-ad58ba6eeba7|rpc:127.0.0.1:43159|priority:1|startupRole:FOLLOWER]|listeners:[], old=null
2022-11-09 16:19:20,935 [c305175a-c10c-4712-990e-ad58ba6eeba7@group-207D78DF9387-LeaderElection13] INFO  impl.LeaderElection (LeaderElection.java:askForVotes(314)) - c305175a-c10c-4712-990e-ad58ba6eeba7@group-207D78DF9387-LeaderElection13 ELECTION round 0: result PASSED (term=1)
2022-11-09 16:19:20,935 [c305175a-c10c-4712-990e-ad58ba6eeba7@group-207D78DF9387-LeaderElection13] INFO  impl.RoleInfo (RoleInfo.java:shutdownLeaderElection(130)) - c305175a-c10c-4712-990e-ad58ba6eeba7: shutdown c305175a-c10c-4712-990e-ad58ba6eeba7@group-207D78DF9387-LeaderElection13
2022-11-09 16:19:20,935 [c305175a-c10c-4712-990e-ad58ba6eeba7@group-207D78DF9387-LeaderElection13] INFO  server.RaftServer$Division (RaftServerImpl.java:setRole(321)) - c305175a-c10c-4712-990e-ad58ba6eeba7@group-207D78DF9387: changes role from CANDIDATE to LEADER at term 1 for changeToLeader
2022-11-09 16:19:20,935 [c305175a-c10c-4712-990e-ad58ba6eeba7@group-207D78DF9387-LeaderElection13] INFO  ratis.XceiverServerRatis (XceiverServerRatis.java:handleLeaderChangedNotification(863)) - Leader change notification received for group: group-207D78DF9387 with new leaderId: c305175a-c10c-4712-990e-ad58ba6eeba7
2022-11-09 16:19:20,937 [c305175a-c10c-4712-990e-ad58ba6eeba7@group-207D78DF9387-LeaderElection13] INFO  server.RaftServer$Division (ServerState.java:setLeader(313)) - c305175a-c10c-4712-990e-ad58ba6eeba7@group-207D78DF9387: change Leader from null to c305175a-c10c-4712-990e-ad58ba6eeba7 at term 1 for becomeLeader, leader elected after 5184ms
2022-11-09 16:19:20,937 [c305175a-c10c-4712-990e-ad58ba6eeba7@group-207D78DF9387-LeaderElection13] INFO  server.RaftServerConfigKeys (ConfUtils.java:logGet(46)) - raft.server.staging.catchup.gap = 1000 (default)
2022-11-09 16:19:20,937 [c305175a-c10c-4712-990e-ad58ba6eeba7@group-207D78DF9387-LeaderElection13] INFO  server.RaftServerConfigKeys (ConfUtils.java:logGet(46)) - raft.server.write.element-limit = 1024 (custom)
2022-11-09 16:19:20,937 [c305175a-c10c-4712-990e-ad58ba6eeba7@group-207D78DF9387-LeaderElection13] INFO  server.RaftServerConfigKeys (ConfUtils.java:logGet(46)) - raft.server.write.byte-limit = 1024 M (=1073741824) (custom)
2022-11-09 16:19:20,938 [c305175a-c10c-4712-990e-ad58ba6eeba7@group-207D78DF9387-LeaderElection13] INFO  server.RaftServerConfigKeys (ConfUtils.java:logGet(46)) - raft.server.watch.timeout = 180s (custom)
2022-11-09 16:19:20,938 [c305175a-c10c-4712-990e-ad58ba6eeba7@group-207D78DF9387-LeaderElection13] INFO  server.RaftServerConfigKeys (ConfUtils.java:logGet(46)) - raft.server.watch.timeout.denomination = 1s (default)
2022-11-09 16:19:20,938 [c305175a-c10c-4712-990e-ad58ba6eeba7@group-207D78DF9387-LeaderElection13] INFO  server.RaftServerConfigKeys (ConfUtils.java:logGet(46)) - raft.server.watch.element-limit = 65536 (default)
2022-11-09 16:19:20,938 [c305175a-c10c-4712-990e-ad58ba6eeba7@group-207D78DF9387-LeaderElection13] INFO  server.RaftServerConfigKeys (ConfUtils.java:logGet(46)) - raft.server.write.element-limit = 1024 (custom)
2022-11-09 16:19:20,939 [c305175a-c10c-4712-990e-ad58ba6eeba7@group-207D78DF9387-LeaderElection13] INFO  server.RaftServerConfigKeys (ConfUtils.java:logGet(46)) - raft.server.write.follower.gap.ratio.max = -1.0 (default)
2022-11-09 16:19:20,939 [c305175a-c10c-4712-990e-ad58ba6eeba7@group-207D78DF9387-LeaderElection13] INFO  impl.RoleInfo (RoleInfo.java:updateAndGet(139)) - c305175a-c10c-4712-990e-ad58ba6eeba7: start c305175a-c10c-4712-990e-ad58ba6eeba7@group-207D78DF9387-LeaderStateImpl
2022-11-09 16:19:20,940 [c305175a-c10c-4712-990e-ad58ba6eeba7@group-207D78DF9387-LeaderElection13] INFO  segmented.SegmentedRaftLogWorker (SegmentedRaftLogWorker.java:startLogSegment(452)) - c305175a-c10c-4712-990e-ad58ba6eeba7@group-207D78DF9387-SegmentedRaftLogWorker: Starting segment from index:0
2022-11-09 16:19:20,942 [c305175a-c10c-4712-990e-ad58ba6eeba7@group-207D78DF9387-SegmentedRaftLogWorker] INFO  segmented.SegmentedRaftLogWorker (SegmentedRaftLogWorker.java:execute(656)) - c305175a-c10c-4712-990e-ad58ba6eeba7@group-207D78DF9387-SegmentedRaftLogWorker: created new log segment /home/runner/work/ozone/ozone/hadoop-ozone/integration-test/target/test-dir/MiniOzoneClusterImpl-5b74f3a4-74d7-4700-a005-fabb0032522b/datanode-2/data/ratis/e129364b-2358-44eb-821a-207d78df9387/current/log_inprogress_0
2022-11-09 16:19:20,950 [c305175a-c10c-4712-990e-ad58ba6eeba7@group-207D78DF9387-LeaderElection13] INFO  server.RaftServer$Division (ServerState.java:setRaftConf(430)) - c305175a-c10c-4712-990e-ad58ba6eeba7@group-207D78DF9387: set configuration 0: peers:[c305175a-c10c-4712-990e-ad58ba6eeba7|rpc:127.0.0.1:43159|dataStream:|priority:1|startupRole:FOLLOWER]|listeners:[], old=null
2022-11-09 16:19:21,225 [IPC Server handler 3 on default port 41185] INFO  ha.SCMNodeInfo (SCMNodeInfo.java:getPort(197)) - ConfigKey ozone.scm.client.address is deprecated, For configuring different ports for each SCM use PortConfigKey ozone.scm.client.port appended with serviceId and nodeId
2022-11-09 16:19:21,225 [IPC Server handler 3 on default port 41185] INFO  ha.SCMNodeInfo (SCMNodeInfo.java:getPort(197)) - ConfigKey ozone.scm.block.client.address is deprecated, For configuring different ports for each SCM use PortConfigKey ozone.scm.block.client.port appended with serviceId and nodeId
2022-11-09 16:19:21,225 [IPC Server handler 3 on default port 41185] INFO  ha.SCMNodeInfo (SCMNodeInfo.java:getPort(197)) - ConfigKey ozone.scm.datanode.address is deprecated, For configuring different ports for each SCM use PortConfigKey ozone.scm.datanode.port appended with serviceId and nodeId
2022-11-09 16:19:21,226 [IPC Server handler 3 on default port 41185] INFO  ha.SCMNodeInfo (SCMNodeInfo.java:getPort(197)) - ConfigKey ozone.scm.client.address is deprecated, For configuring different ports for each SCM use PortConfigKey ozone.scm.client.port appended with serviceId and nodeId
2022-11-09 16:19:21,226 [IPC Server handler 3 on default port 41185] INFO  ha.SCMNodeInfo (SCMNodeInfo.java:getPort(197)) - ConfigKey ozone.scm.block.client.address is deprecated, For configuring different ports for each SCM use PortConfigKey ozone.scm.block.client.port appended with serviceId and nodeId
2022-11-09 16:19:21,226 [IPC Server handler 3 on default port 41185] INFO  ha.SCMNodeInfo (SCMNodeInfo.java:getPort(197)) - ConfigKey ozone.scm.datanode.address is deprecated, For configuring different ports for each SCM use PortConfigKey ozone.scm.datanode.port appended with serviceId and nodeId
2022-11-09 16:19:21,226 [IPC Server handler 3 on default port 41185] INFO  ha.SCMNodeInfo (SCMNodeInfo.java:getPort(197)) - ConfigKey ozone.scm.client.address is deprecated, For configuring different ports for each SCM use PortConfigKey ozone.scm.client.port appended with serviceId and nodeId
2022-11-09 16:19:21,226 [IPC Server handler 3 on default port 41185] INFO  ha.SCMNodeInfo (SCMNodeInfo.java:getPort(197)) - ConfigKey ozone.scm.block.client.address is deprecated, For configuring different ports for each SCM use PortConfigKey ozone.scm.block.client.port appended with serviceId and nodeId
2022-11-09 16:19:21,226 [IPC Server handler 3 on default port 41185] INFO  ha.SCMNodeInfo (SCMNodeInfo.java:getPort(197)) - ConfigKey ozone.scm.datanode.address is deprecated, For configuring different ports for each SCM use PortConfigKey ozone.scm.datanode.port appended with serviceId and nodeId
2022-11-09 16:19:21,238 [Listener at 127.0.0.1/42701] INFO  rpc.RpcClient (RpcClient.java:createVolume(472)) - Creating Volume: a32d808c-07a5-4043-9046-7157e5a530e6, with runner as owner and space quota set to -1 bytes, counts quota set to -1
2022-11-09 16:19:21,287 [OM StateMachine ApplyTransaction Thread - 0] INFO  volume.OMVolumeCreateRequest (OMVolumeCreateRequest.java:validateAndUpdateCache(195)) - created volume:a32d808c-07a5-4043-9046-7157e5a530e6 for user:runner
2022-11-09 16:19:21,305 [OM StateMachine ApplyTransaction Thread - 0] INFO  volume.OMVolumeCreateRequest (OMVolumeCreateRequest.java:validateAndUpdateCache(195)) - created volume:a32d808c-07a5-4043-9046-7157e5a530e6 for user:runner
2022-11-09 16:19:21,308 [OM StateMachine ApplyTransaction Thread - 0] INFO  volume.OMVolumeCreateRequest (OMVolumeCreateRequest.java:validateAndUpdateCache(195)) - created volume:a32d808c-07a5-4043-9046-7157e5a530e6 for user:runner
2022-11-09 16:19:21,332 [Listener at 127.0.0.1/42701] INFO  rpc.RpcClient (RpcClient.java:createBucket(691)) - Creating Bucket: a32d808c-07a5-4043-9046-7157e5a530e6/cad7813b-83f6-4910-9f6b-a9203f15ab43, with server-side default bucket layout, runner as owner, Versioning false, Storage Type set to DISK and Encryption set to false 
2022-11-09 16:19:21,358 [OM StateMachine ApplyTransaction Thread - 0] INFO  bucket.OMBucketCreateRequest (OMBucketCreateRequest.java:validateAndUpdateCache(260)) - created bucket: cad7813b-83f6-4910-9f6b-a9203f15ab43 of layout LEGACY in volume: a32d808c-07a5-4043-9046-7157e5a530e6
2022-11-09 16:19:21,359 [OM StateMachine ApplyTransaction Thread - 0] INFO  bucket.OMBucketCreateRequest (OMBucketCreateRequest.java:validateAndUpdateCache(260)) - created bucket: cad7813b-83f6-4910-9f6b-a9203f15ab43 of layout LEGACY in volume: a32d808c-07a5-4043-9046-7157e5a530e6
2022-11-09 16:19:21,359 [OM StateMachine ApplyTransaction Thread - 0] INFO  bucket.OMBucketCreateRequest (OMBucketCreateRequest.java:validateAndUpdateCache(260)) - created bucket: cad7813b-83f6-4910-9f6b-a9203f15ab43 of layout LEGACY in volume: a32d808c-07a5-4043-9046-7157e5a530e6
2022-11-09 16:19:21,366 [Listener at 127.0.0.1/42701] INFO  ozone.MiniOzoneHAClusterImpl (MiniOzoneHAClusterImpl.java:stop(312)) - Stopping the OzoneManager omNode-3
2022-11-09 16:19:21,366 [Listener at 127.0.0.1/42701] INFO  om.OzoneManager (OzoneManager.java:stop(2036)) - omNode-3[localhost:42701]: Stopping Ozone Manager
2022-11-09 16:19:21,366 [Listener at 127.0.0.1/42701] INFO  ipc.Server (Server.java:stop(3428)) - Stopping server on 42701
2022-11-09 16:19:21,374 [IPC Server Responder] INFO  ipc.Server (Server.java:run(1517)) - Stopping IPC Server Responder
2022-11-09 16:19:21,375 [IPC Server listener on 42701] INFO  ipc.Server (Server.java:run(1384)) - Stopping IPC Server listener on 42701
2022-11-09 16:19:21,375 [Listener at 127.0.0.1/42701] INFO  server.RaftServer (RaftServerProxy.java:lambda$close$6(409)) - omNode-3: close
2022-11-09 16:19:21,375 [Listener at 127.0.0.1/42701] INFO  server.GrpcService (GrpcService.java:closeImpl(279)) - omNode-3: shutdown server GrpcServerProtocolService now
2022-11-09 16:19:21,375 [omNode-3-impl-thread1] INFO  server.RaftServer$Division (RaftServerImpl.java:lambda$close$4(458)) - omNode-3@group-6C22E66A003A: shutdown
2022-11-09 16:19:21,375 [omNode-3-impl-thread1] INFO  util.JmxRegister (JmxRegister.java:unregister(73)) - Successfully un-registered JMX Bean with object name Ratis:service=RaftServer,group=group-6C22E66A003A,id=omNode-3
2022-11-09 16:19:21,375 [omNode-3-impl-thread1] INFO  impl.RoleInfo (RoleInfo.java:shutdownFollowerState(110)) - omNode-3: shutdown omNode-3@group-6C22E66A003A-FollowerState
2022-11-09 16:19:21,375 [omNode-3-impl-thread1] INFO  impl.StateMachineUpdater (StateMachineUpdater.java:stopAndJoin(153)) - omNode-3@group-6C22E66A003A-StateMachineUpdater: set stopIndex = 5
2022-11-09 16:19:21,375 [omNode-3@group-6C22E66A003A-FollowerState] INFO  impl.FollowerState (FollowerState.java:run(152)) - omNode-3@group-6C22E66A003A-FollowerState was interrupted
2022-11-09 16:19:21,376 [omNode-3@group-6C22E66A003A-StateMachineUpdater] INFO  ratis.OzoneManagerStateMachine (OzoneManagerStateMachine.java:takeSnapshot(445)) - Current Snapshot Index (t:3, i:5)
2022-11-09 16:19:21,376 [omNode-3@group-6C22E66A003A-StateMachineUpdater] INFO  impl.StateMachineUpdater (StateMachineUpdater.java:takeSnapshot(287)) - omNode-3@group-6C22E66A003A-StateMachineUpdater: Took a snapshot at index 5
2022-11-09 16:19:21,376 [omNode-3@group-6C22E66A003A-StateMachineUpdater] INFO  impl.StateMachineUpdater (StateMachineUpdater.java:lambda$new$0(92)) - omNode-3@group-6C22E66A003A-StateMachineUpdater: snapshotIndex: updateIncreasingly -1 -> 5
2022-11-09 16:19:21,376 [omNode-3@group-6C22E66A003A-StateMachineUpdater] INFO  ratis.OzoneManagerStateMachine (OzoneManagerStateMachine.java:close(499)) - StateMachine has shutdown. Shutdown OzoneManager if not already shutdown.
2022-11-09 16:19:21,377 [omNode-3@group-6C22E66A003A-StateMachineUpdater] INFO  ratis.OzoneManagerDoubleBuffer (OzoneManagerDoubleBuffer.java:stop(466)) - Stopping OMDoubleBuffer flush thread
2022-11-09 16:19:21,377 [OMDoubleBufferFlushThread] INFO  ratis.OzoneManagerDoubleBuffer (OzoneManagerDoubleBuffer.java:flushTransactions(385)) - OMDoubleBuffer flush thread OMDoubleBufferFlushThread is interrupted and will exit.
2022-11-09 16:19:21,397 [omNode-3-impl-thread1] INFO  server.RaftServer$Division (ServerState.java:close(466)) - omNode-3@group-6C22E66A003A: closes. applyIndex: 5
2022-11-09 16:19:21,397 [omNode-3@group-6C22E66A003A-SegmentedRaftLogWorker] INFO  segmented.SegmentedRaftLogWorker (SegmentedRaftLogWorker.java:run(345)) - omNode-3@group-6C22E66A003A-SegmentedRaftLogWorker was interrupted, exiting. There are 0 tasks remaining in the queue.
2022-11-09 16:19:21,398 [grpc-default-executor-5] WARN  server.GrpcServerProtocolService (LogUtils.java:warn(122)) - omNode-3: installSnapshot onError, lastRequest: omNode-2->omNode-3#93-t3,previous=(t:3, i:5),leaderCommit=5,initializing? true,entries: size=1, first=(t:3, i:6), METADATAENTRY(c:5): org.apache.ratis.thirdparty.io.grpc.StatusRuntimeException: CANCELLED: client cancelled
2022-11-09 16:19:21,398 [grpc-default-executor-6] WARN  server.GrpcServerProtocolService (LogUtils.java:warn(122)) - omNode-3: installSnapshot onError, lastRequest: null: org.apache.ratis.thirdparty.io.grpc.StatusRuntimeException: CANCELLED: client cancelled
2022-11-09 16:19:21,400 [Listener at 127.0.0.1/42701] INFO  server.GrpcService (GrpcService.java:closeImpl(288)) - omNode-3: shutdown server GrpcServerProtocolService successfully
2022-11-09 16:19:21,404 [omNode-3-impl-thread1] INFO  segmented.SegmentedRaftLogWorker (SegmentedRaftLogWorker.java:close(255)) - omNode-3@group-6C22E66A003A-SegmentedRaftLogWorker close()
2022-11-09 16:19:21,405 [JvmPauseMonitor6] INFO  util.JvmPauseMonitor (JvmPauseMonitor.java:run(111)) - JvmPauseMonitor-omNode-3: Stopped
2022-11-09 16:19:21,405 [Listener at 127.0.0.1/42701] INFO  ratis.OzoneManagerStateMachine (OzoneManagerStateMachine.java:close(499)) - StateMachine has shutdown. Shutdown OzoneManager if not already shutdown.
2022-11-09 16:19:21,405 [Listener at 127.0.0.1/42701] INFO  ratis.OzoneManagerDoubleBuffer (OzoneManagerDoubleBuffer.java:stop(478)) - OMDoubleBuffer flush thread is not running.
2022-11-09 16:19:21,405 [Listener at 127.0.0.1/42701] INFO  utils.BackgroundService (BackgroundService.java:shutdown(141)) - Shutting down service KeyDeletingService
2022-11-09 16:19:21,406 [Listener at 127.0.0.1/42701] INFO  utils.BackgroundService (BackgroundService.java:shutdown(141)) - Shutting down service DirectoryDeletingService
2022-11-09 16:19:21,410 [Listener at 127.0.0.1/42701] INFO  utils.BackgroundService (BackgroundService.java:shutdown(141)) - Shutting down service OpenKeyCleanupService
2022-11-09 16:19:21,413 [Listener at 127.0.0.1/42701] INFO  handler.ContextHandler (ContextHandler.java:doStop(1159)) - Stopped o.e.j.w.WebAppContext@796a32e9{ozoneManager,/,null,STOPPED}{file:/home/runner/work/ozone/ozone/hadoop-ozone/integration-test/target/test-classes/webapps/ozoneManager}
2022-11-09 16:19:21,417 [Listener at 127.0.0.1/42701] INFO  server.AbstractConnector (AbstractConnector.java:doStop(383)) - Stopped ServerConnector@5f9ac6bf{HTTP/1.1, (http/1.1)}{0.0.0.0:44801}
2022-11-09 16:19:21,417 [Listener at 127.0.0.1/42701] INFO  server.session (HouseKeeper.java:stopScavenging(149)) - node0 Stopped scavenging
2022-11-09 16:19:21,418 [Listener at 127.0.0.1/42701] INFO  handler.ContextHandler (ContextHandler.java:doStop(1159)) - Stopped o.e.j.s.ServletContextHandler@145f843b{static,/static,file:///home/runner/work/ozone/ozone/hadoop-ozone/integration-test/target/test-classes/webapps/static,STOPPED}
2022-11-09 16:19:21,418 [Listener at 127.0.0.1/42701] INFO  handler.ContextHandler (ContextHandler.java:doStop(1159)) - Stopped o.e.j.s.ServletContextHandler@6e36bbe7{logs,/logs,file:///home/runner/work/ozone/ozone/hadoop-ozone/integration-test/target/log,STOPPED}
2022-11-09 16:19:21,418 [grpc-default-executor-6] WARN  server.GrpcLogAppender (LogUtils.java:warn(122)) - omNode-2@group-6C22E66A003A->omNode-3-AppendLogResponseHandler: Failed appendEntries: org.apache.ratis.thirdparty.io.grpc.StatusRuntimeException: CANCELLED: RST_STREAM closed stream. HTTP/2 error code: CANCEL
2022-11-09 16:19:21,419 [grpc-default-executor-6] INFO  leader.FollowerInfo (FollowerInfoImpl.java:lambda$new$0(48)) - omNode-2@group-6C22E66A003A->omNode-3: nextIndex: updateUnconditionally 7 -> 6
2022-11-09 16:19:21,419 [grpc-default-executor-6] WARN  server.GrpcLogAppender (LogUtils.java:warn(122)) - omNode-2@group-6C22E66A003A->omNode-3-AppendLogResponseHandler: Failed appendEntries: org.apache.ratis.thirdparty.io.grpc.StatusRuntimeException: CANCELLED: RST_STREAM closed stream. HTTP/2 error code: CANCEL
2022-11-09 16:19:21,419 [grpc-default-executor-6] INFO  leader.FollowerInfo (FollowerInfoImpl.java:lambda$new$0(48)) - omNode-2@group-6C22E66A003A->omNode-3: nextIndex: updateUnconditionally 6 -> 5
2022-11-09 16:19:21,428 [grpc-default-executor-5] WARN  server.GrpcLogAppender (LogUtils.java:warn(122)) - omNode-2@group-6C22E66A003A->omNode-3-AppendLogResponseHandler: Failed appendEntries: org.apache.ratis.thirdparty.io.grpc.StatusRuntimeException: UNAVAILABLE: io exception
2022-11-09 16:19:21,428 [grpc-default-executor-5] INFO  leader.FollowerInfo (FollowerInfoImpl.java:lambda$new$0(48)) - omNode-2@group-6C22E66A003A->omNode-3: nextIndex: updateUnconditionally 7 -> 6
2022-11-09 16:19:21,437 [grpc-default-executor-6] WARN  server.GrpcLogAppender (LogUtils.java:warn(122)) - omNode-2@group-6C22E66A003A->omNode-3-AppendLogResponseHandler: Failed appendEntries: org.apache.ratis.thirdparty.io.grpc.StatusRuntimeException: UNAVAILABLE: io exception
2022-11-09 16:19:21,441 [grpc-default-executor-6] INFO  leader.FollowerInfo (FollowerInfoImpl.java:lambda$new$0(48)) - omNode-2@group-6C22E66A003A->omNode-3: nextIndex: updateUnconditionally 6 -> 5
2022-11-09 16:19:21,450 [Listener at 127.0.0.1/42701] INFO  ozone.MiniOzoneHAClusterImpl (MiniOzoneHAClusterImpl.java:stop(312)) - Stopping the OzoneManager omNode-1
2022-11-09 16:19:21,450 [Listener at 127.0.0.1/42701] INFO  om.OzoneManager (OzoneManager.java:stop(2036)) - omNode-1[localhost:37491]: Stopping Ozone Manager
2022-11-09 16:19:21,450 [Listener at 127.0.0.1/42701] INFO  ipc.Server (Server.java:stop(3428)) - Stopping server on 37491
2022-11-09 16:19:21,455 [IPC Server listener on 37491] INFO  ipc.Server (Server.java:run(1384)) - Stopping IPC Server listener on 37491
2022-11-09 16:19:21,458 [IPC Server Responder] INFO  ipc.Server (Server.java:run(1517)) - Stopping IPC Server Responder
2022-11-09 16:19:21,458 [Listener at 127.0.0.1/42701] INFO  server.RaftServer (RaftServerProxy.java:lambda$close$6(409)) - omNode-1: close
2022-11-09 16:19:21,458 [omNode-1-impl-thread1] INFO  server.RaftServer$Division (RaftServerImpl.java:lambda$close$4(458)) - omNode-1@group-6C22E66A003A: shutdown
2022-11-09 16:19:21,458 [omNode-1-impl-thread1] INFO  util.JmxRegister (JmxRegister.java:unregister(73)) - Successfully un-registered JMX Bean with object name Ratis:service=RaftServer,group=group-6C22E66A003A,id=omNode-1
2022-11-09 16:19:21,458 [omNode-1-impl-thread1] INFO  impl.RoleInfo (RoleInfo.java:shutdownFollowerState(110)) - omNode-1: shutdown omNode-1@group-6C22E66A003A-FollowerState
2022-11-09 16:19:21,458 [omNode-1-impl-thread1] INFO  impl.StateMachineUpdater (StateMachineUpdater.java:stopAndJoin(153)) - omNode-1@group-6C22E66A003A-StateMachineUpdater: set stopIndex = 5
2022-11-09 16:19:21,458 [omNode-1@group-6C22E66A003A-FollowerState] INFO  impl.FollowerState (FollowerState.java:run(152)) - omNode-1@group-6C22E66A003A-FollowerState was interrupted
2022-11-09 16:19:21,459 [Listener at 127.0.0.1/42701] INFO  server.GrpcService (GrpcService.java:closeImpl(279)) - omNode-1: shutdown server GrpcServerProtocolService now
2022-11-09 16:19:21,459 [omNode-1@group-6C22E66A003A-StateMachineUpdater] INFO  ratis.OzoneManagerStateMachine (OzoneManagerStateMachine.java:takeSnapshot(445)) - Current Snapshot Index (t:3, i:5)
2022-11-09 16:19:21,459 [omNode-1@group-6C22E66A003A-StateMachineUpdater] INFO  impl.StateMachineUpdater (StateMachineUpdater.java:takeSnapshot(287)) - omNode-1@group-6C22E66A003A-StateMachineUpdater: Took a snapshot at index 5
2022-11-09 16:19:21,459 [omNode-1@group-6C22E66A003A-StateMachineUpdater] INFO  impl.StateMachineUpdater (StateMachineUpdater.java:lambda$new$0(92)) - omNode-1@group-6C22E66A003A-StateMachineUpdater: snapshotIndex: updateIncreasingly -1 -> 5
2022-11-09 16:19:21,459 [omNode-1@group-6C22E66A003A-StateMachineUpdater] INFO  ratis.OzoneManagerStateMachine (OzoneManagerStateMachine.java:close(499)) - StateMachine has shutdown. Shutdown OzoneManager if not already shutdown.
2022-11-09 16:19:21,459 [omNode-1@group-6C22E66A003A-StateMachineUpdater] INFO  ratis.OzoneManagerDoubleBuffer (OzoneManagerDoubleBuffer.java:stop(466)) - Stopping OMDoubleBuffer flush thread
2022-11-09 16:19:21,459 [OMDoubleBufferFlushThread] INFO  ratis.OzoneManagerDoubleBuffer (OzoneManagerDoubleBuffer.java:flushTransactions(385)) - OMDoubleBuffer flush thread OMDoubleBufferFlushThread is interrupted and will exit.
2022-11-09 16:19:21,461 [omNode-1-impl-thread1] INFO  server.RaftServer$Division (ServerState.java:close(466)) - omNode-1@group-6C22E66A003A: closes. applyIndex: 5
2022-11-09 16:19:21,461 [omNode-1@group-6C22E66A003A-SegmentedRaftLogWorker] INFO  segmented.SegmentedRaftLogWorker (SegmentedRaftLogWorker.java:run(345)) - omNode-1@group-6C22E66A003A-SegmentedRaftLogWorker was interrupted, exiting. There are 0 tasks remaining in the queue.
2022-11-09 16:19:21,465 [omNode-1-impl-thread1] INFO  segmented.SegmentedRaftLogWorker (SegmentedRaftLogWorker.java:close(255)) - omNode-1@group-6C22E66A003A-SegmentedRaftLogWorker close()
2022-11-09 16:19:21,469 [grpc-default-executor-5] WARN  server.GrpcServerProtocolService (LogUtils.java:warn(122)) - omNode-1: installSnapshot onError, lastRequest: omNode-2->omNode-1#104-t3,previous=(t:3, i:5),leaderCommit=5,initializing? true,entries: size=1, first=(t:3, i:6), METADATAENTRY(c:5): org.apache.ratis.thirdparty.io.grpc.StatusRuntimeException: CANCELLED: client cancelled
2022-11-09 16:19:21,469 [grpc-default-executor-2] WARN  server.GrpcServerProtocolService (LogUtils.java:warn(122)) - omNode-1: installSnapshot onError, lastRequest: null: org.apache.ratis.thirdparty.io.grpc.StatusRuntimeException: CANCELLED: client cancelled
2022-11-09 16:19:21,469 [grpc-default-executor-6] WARN  server.GrpcLogAppender (LogUtils.java:warn(122)) - omNode-2@group-6C22E66A003A->omNode-1-AppendLogResponseHandler: Failed appendEntries: org.apache.ratis.thirdparty.io.grpc.StatusRuntimeException: CANCELLED: RST_STREAM closed stream. HTTP/2 error code: CANCEL
2022-11-09 16:19:21,470 [grpc-default-executor-6] INFO  leader.FollowerInfo (FollowerInfoImpl.java:lambda$new$0(48)) - omNode-2@group-6C22E66A003A->omNode-1: nextIndex: updateUnconditionally 7 -> 6
2022-11-09 16:19:21,470 [grpc-default-executor-6] WARN  server.GrpcLogAppender (LogUtils.java:warn(122)) - omNode-2@group-6C22E66A003A->omNode-1-AppendLogResponseHandler: Failed appendEntries: org.apache.ratis.thirdparty.io.grpc.StatusRuntimeException: CANCELLED: RST_STREAM closed stream. HTTP/2 error code: CANCEL
2022-11-09 16:19:21,470 [grpc-default-executor-6] INFO  leader.FollowerInfo (FollowerInfoImpl.java:lambda$new$0(48)) - omNode-2@group-6C22E66A003A->omNode-1: nextIndex: updateUnconditionally 6 -> 5
2022-11-09 16:19:21,475 [Listener at 127.0.0.1/42701] INFO  server.GrpcServerProtocolClient (GrpcServerProtocolClient.java:close(111)) - omNode-3 Close channels
2022-11-09 16:19:21,482 [grpc-default-executor-6] WARN  server.GrpcLogAppender (LogUtils.java:warn(122)) - omNode-2@group-6C22E66A003A->omNode-1-AppendLogResponseHandler: Failed appendEntries: org.apache.ratis.thirdparty.io.grpc.StatusRuntimeException: UNAVAILABLE: io exception
2022-11-09 16:19:21,482 [grpc-default-executor-2] WARN  server.GrpcLogAppender (LogUtils.java:warn(122)) - omNode-2@group-6C22E66A003A->omNode-1-AppendLogResponseHandler: Failed appendEntries: org.apache.ratis.thirdparty.io.grpc.StatusRuntimeException: UNAVAILABLE: io exception
2022-11-09 16:19:21,484 [Listener at 127.0.0.1/42701] INFO  server.GrpcServerProtocolClient (GrpcServerProtocolClient.java:close(111)) - omNode-2 Close channels
2022-11-09 16:19:21,484 [grpc-default-executor-6] INFO  leader.FollowerInfo (FollowerInfoImpl.java:lambda$new$0(48)) - omNode-2@group-6C22E66A003A->omNode-1: nextIndex: updateUnconditionally 7 -> 6
2022-11-09 16:19:21,486 [grpc-default-executor-2] INFO  leader.FollowerInfo (FollowerInfoImpl.java:lambda$new$0(48)) - omNode-2@group-6C22E66A003A->omNode-1: nextIndex: updateUnconditionally 6 -> 5
2022-11-09 16:19:21,487 [Listener at 127.0.0.1/42701] INFO  server.GrpcService (GrpcService.java:closeImpl(288)) - omNode-1: shutdown server GrpcServerProtocolService successfully
2022-11-09 16:19:21,488 [JvmPauseMonitor4] INFO  util.JvmPauseMonitor (JvmPauseMonitor.java:run(111)) - JvmPauseMonitor-omNode-1: Stopped
2022-11-09 16:19:21,489 [Listener at 127.0.0.1/42701] INFO  ratis.OzoneManagerStateMachine (OzoneManagerStateMachine.java:close(499)) - StateMachine has shutdown. Shutdown OzoneManager if not already shutdown.
2022-11-09 16:19:21,489 [Listener at 127.0.0.1/42701] INFO  ratis.OzoneManagerDoubleBuffer (OzoneManagerDoubleBuffer.java:stop(478)) - OMDoubleBuffer flush thread is not running.
2022-11-09 16:19:21,489 [Listener at 127.0.0.1/42701] INFO  utils.BackgroundService (BackgroundService.java:shutdown(141)) - Shutting down service KeyDeletingService
2022-11-09 16:19:21,489 [Listener at 127.0.0.1/42701] INFO  utils.BackgroundService (BackgroundService.java:shutdown(141)) - Shutting down service DirectoryDeletingService
2022-11-09 16:19:21,489 [Listener at 127.0.0.1/42701] INFO  utils.BackgroundService (BackgroundService.java:shutdown(141)) - Shutting down service OpenKeyCleanupService
2022-11-09 16:19:21,490 [Listener at 127.0.0.1/42701] INFO  handler.ContextHandler (ContextHandler.java:doStop(1159)) - Stopped o.e.j.w.WebAppContext@544b94af{ozoneManager,/,null,STOPPED}{file:/home/runner/work/ozone/ozone/hadoop-ozone/integration-test/target/test-classes/webapps/ozoneManager}
2022-11-09 16:19:21,490 [Listener at 127.0.0.1/42701] INFO  server.AbstractConnector (AbstractConnector.java:doStop(383)) - Stopped ServerConnector@1d52def{HTTP/1.1, (http/1.1)}{0.0.0.0:33223}
2022-11-09 16:19:21,491 [Listener at 127.0.0.1/42701] INFO  server.session (HouseKeeper.java:stopScavenging(149)) - node0 Stopped scavenging
2022-11-09 16:19:21,491 [Listener at 127.0.0.1/42701] INFO  handler.ContextHandler (ContextHandler.java:doStop(1159)) - Stopped o.e.j.s.ServletContextHandler@3a3d597b{static,/static,file:///home/runner/work/ozone/ozone/hadoop-ozone/integration-test/target/test-classes/webapps/static,STOPPED}
2022-11-09 16:19:21,491 [Listener at 127.0.0.1/42701] INFO  handler.ContextHandler (ContextHandler.java:doStop(1159)) - Stopped o.e.j.s.ServletContextHandler@586c5aa4{logs,/logs,file:///home/runner/work/ozone/ozone/hadoop-ozone/integration-test/target/log,STOPPED}
2022-11-09 16:19:21,493 [Listener at 127.0.0.1/42701] INFO  ozone.MiniOzoneHAClusterImpl (MiniOzoneHAClusterImpl.java:stop(312)) - Stopping the OzoneManager omNode-2
2022-11-09 16:19:21,494 [Listener at 127.0.0.1/42701] INFO  om.OzoneManager (OzoneManager.java:stop(2036)) - omNode-2[localhost:41185]: Stopping Ozone Manager
2022-11-09 16:19:21,494 [Listener at 127.0.0.1/42701] INFO  ipc.Server (Server.java:stop(3428)) - Stopping server on 41185
2022-11-09 16:19:21,499 [IPC Server Responder] INFO  ipc.Server (Server.java:run(1517)) - Stopping IPC Server Responder
2022-11-09 16:19:21,500 [IPC Server listener on 41185] INFO  ipc.Server (Server.java:run(1384)) - Stopping IPC Server listener on 41185
2022-11-09 16:19:21,500 [Listener at 127.0.0.1/42701] INFO  server.RaftServer (RaftServerProxy.java:lambda$close$6(409)) - omNode-2: close
2022-11-09 16:19:21,500 [omNode-2-impl-thread1] INFO  server.RaftServer$Division (RaftServerImpl.java:lambda$close$4(458)) - omNode-2@group-6C22E66A003A: shutdown
2022-11-09 16:19:21,500 [omNode-2-impl-thread1] INFO  util.JmxRegister (JmxRegister.java:unregister(73)) - Successfully un-registered JMX Bean with object name Ratis:service=RaftServer,group=group-6C22E66A003A,id=omNode-2
2022-11-09 16:19:21,500 [omNode-2-impl-thread1] INFO  impl.RoleInfo (RoleInfo.java:shutdownLeaderState(93)) - omNode-2: shutdown omNode-2@group-6C22E66A003A-LeaderStateImpl
2022-11-09 16:19:21,500 [omNode-2-impl-thread1] INFO  impl.PendingRequests (PendingRequests.java:sendNotLeaderResponses(282)) - omNode-2@group-6C22E66A003A-PendingRequests: sendNotLeaderResponses
2022-11-09 16:19:21,501 [omNode-2@group-6C22E66A003A->omNode-3-GrpcLogAppender-LogAppenderDaemon] WARN  server.GrpcLogAppender (GrpcLogAppender.java:mayWait(200)) - omNode-2@group-6C22E66A003A->omNode-3-GrpcLogAppender: Wait interrupted by java.lang.InterruptedException
2022-11-09 16:19:21,501 [omNode-2@group-6C22E66A003A->omNode-1-GrpcLogAppender-LogAppenderDaemon] WARN  server.GrpcLogAppender (GrpcLogAppender.java:mayWait(200)) - omNode-2@group-6C22E66A003A->omNode-1-GrpcLogAppender: Wait interrupted by java.lang.InterruptedException
2022-11-09 16:19:21,501 [Listener at 127.0.0.1/42701] INFO  server.GrpcService (GrpcService.java:closeImpl(279)) - omNode-2: shutdown server GrpcServerProtocolService now
2022-11-09 16:19:21,505 [ForkJoinPool.commonPool-worker-1] INFO  server.GrpcServerProtocolClient (GrpcServerProtocolClient.java:close(111)) - omNode-3 Close channels
2022-11-09 16:19:21,508 [omNode-2-impl-thread1] INFO  impl.StateMachineUpdater (StateMachineUpdater.java:stopAndJoin(153)) - omNode-2@group-6C22E66A003A-StateMachineUpdater: set stopIndex = 6
2022-11-09 16:19:21,508 [omNode-2@group-6C22E66A003A-StateMachineUpdater] INFO  ratis.OzoneManagerStateMachine (OzoneManagerStateMachine.java:takeSnapshot(445)) - Current Snapshot Index (t:3, i:6)
2022-11-09 16:19:21,508 [omNode-2@group-6C22E66A003A-StateMachineUpdater] INFO  impl.StateMachineUpdater (StateMachineUpdater.java:takeSnapshot(287)) - omNode-2@group-6C22E66A003A-StateMachineUpdater: Took a snapshot at index 6
2022-11-09 16:19:21,509 [omNode-2@group-6C22E66A003A-StateMachineUpdater] INFO  impl.StateMachineUpdater (StateMachineUpdater.java:lambda$new$0(92)) - omNode-2@group-6C22E66A003A-StateMachineUpdater: snapshotIndex: updateIncreasingly -1 -> 6
2022-11-09 16:19:21,509 [omNode-2@group-6C22E66A003A-StateMachineUpdater] INFO  ratis.OzoneManagerStateMachine (OzoneManagerStateMachine.java:close(499)) - StateMachine has shutdown. Shutdown OzoneManager if not already shutdown.
2022-11-09 16:19:21,509 [omNode-2@group-6C22E66A003A-StateMachineUpdater] INFO  ratis.OzoneManagerDoubleBuffer (OzoneManagerDoubleBuffer.java:stop(466)) - Stopping OMDoubleBuffer flush thread
2022-11-09 16:19:21,509 [OMDoubleBufferFlushThread] INFO  ratis.OzoneManagerDoubleBuffer (OzoneManagerDoubleBuffer.java:flushTransactions(385)) - OMDoubleBuffer flush thread OMDoubleBufferFlushThread is interrupted and will exit.
2022-11-09 16:19:21,510 [omNode-2-impl-thread1] INFO  server.RaftServer$Division (ServerState.java:close(466)) - omNode-2@group-6C22E66A003A: closes. applyIndex: 6
2022-11-09 16:19:21,510 [omNode-2@group-6C22E66A003A-SegmentedRaftLogWorker] INFO  segmented.SegmentedRaftLogWorker (SegmentedRaftLogWorker.java:run(345)) - omNode-2@group-6C22E66A003A-SegmentedRaftLogWorker was interrupted, exiting. There are 0 tasks remaining in the queue.
2022-11-09 16:19:21,512 [ForkJoinPool.commonPool-worker-1] INFO  server.GrpcServerProtocolClient (GrpcServerProtocolClient.java:close(111)) - omNode-1 Close channels
2022-11-09 16:19:21,515 [omNode-2-impl-thread1] INFO  segmented.SegmentedRaftLogWorker (SegmentedRaftLogWorker.java:close(255)) - omNode-2@group-6C22E66A003A-SegmentedRaftLogWorker close()
2022-11-09 16:19:21,515 [Listener at 127.0.0.1/42701] INFO  server.GrpcService (GrpcService.java:closeImpl(288)) - omNode-2: shutdown server GrpcServerProtocolService successfully
2022-11-09 16:19:21,516 [JvmPauseMonitor5] INFO  util.JvmPauseMonitor (JvmPauseMonitor.java:run(111)) - JvmPauseMonitor-omNode-2: Stopped
2022-11-09 16:19:21,516 [Listener at 127.0.0.1/42701] INFO  ratis.OzoneManagerStateMachine (OzoneManagerStateMachine.java:close(499)) - StateMachine has shutdown. Shutdown OzoneManager if not already shutdown.
2022-11-09 16:19:21,516 [Listener at 127.0.0.1/42701] INFO  ratis.OzoneManagerDoubleBuffer (OzoneManagerDoubleBuffer.java:stop(478)) - OMDoubleBuffer flush thread is not running.
2022-11-09 16:19:21,516 [Listener at 127.0.0.1/42701] INFO  utils.BackgroundService (BackgroundService.java:shutdown(141)) - Shutting down service KeyDeletingService
2022-11-09 16:19:21,516 [Listener at 127.0.0.1/42701] INFO  utils.BackgroundService (BackgroundService.java:shutdown(141)) - Shutting down service DirectoryDeletingService
2022-11-09 16:19:21,516 [Listener at 127.0.0.1/42701] INFO  utils.BackgroundService (BackgroundService.java:shutdown(141)) - Shutting down service OpenKeyCleanupService
2022-11-09 16:19:21,517 [Listener at 127.0.0.1/42701] INFO  handler.ContextHandler (ContextHandler.java:doStop(1159)) - Stopped o.e.j.w.WebAppContext@efcef97{ozoneManager,/,null,STOPPED}{file:/home/runner/work/ozone/ozone/hadoop-ozone/integration-test/target/test-classes/webapps/ozoneManager}
2022-11-09 16:19:21,518 [Listener at 127.0.0.1/42701] INFO  server.AbstractConnector (AbstractConnector.java:doStop(383)) - Stopped ServerConnector@5f828226{HTTP/1.1, (http/1.1)}{0.0.0.0:36315}
2022-11-09 16:19:21,518 [Listener at 127.0.0.1/42701] INFO  server.session (HouseKeeper.java:stopScavenging(149)) - node0 Stopped scavenging
2022-11-09 16:19:21,518 [Listener at 127.0.0.1/42701] INFO  handler.ContextHandler (ContextHandler.java:doStop(1159)) - Stopped o.e.j.s.ServletContextHandler@234fa8dd{static,/static,file:///home/runner/work/ozone/ozone/hadoop-ozone/integration-test/target/test-classes/webapps/static,STOPPED}
2022-11-09 16:19:21,518 [Listener at 127.0.0.1/42701] INFO  handler.ContextHandler (ContextHandler.java:doStop(1159)) - Stopped o.e.j.s.ServletContextHandler@652865c4{logs,/logs,file:///home/runner/work/ozone/ozone/hadoop-ozone/integration-test/target/log,STOPPED}
2022-11-09 16:19:21,521 [Listener at 127.0.0.1/42701] INFO  ozone.MiniOzoneHAClusterImpl (MiniOzoneHAClusterImpl.java:stop(320)) - Stopping the StorageContainerManager 622c10ad-5518-4f12-b7b6-fef968aa587d
2022-11-09 16:19:21,521 [Listener at 127.0.0.1/42701] INFO  server.StorageContainerManager (StorageContainerManager.java:stop(1545)) - Container Balancer is not running.
2022-11-09 16:19:21,521 [Listener at 127.0.0.1/42701] INFO  server.StorageContainerManager (StorageContainerManager.java:stop(1552)) - Stopping Replication Manager Service.
2022-11-09 16:19:21,521 [Listener at 127.0.0.1/42701] INFO  replication.ReplicationManager (ReplicationManager.java:stop(274)) - Stopping Replication Monitor Thread.
2022-11-09 16:19:21,521 [Under Replicated Processor] WARN  replication.UnderReplicatedProcessor (UnderReplicatedProcessor.java:run(154)) - Under Replicated Processor interrupted. Exiting...
2022-11-09 16:19:21,521 [Over Replicated Processor] WARN  replication.OverReplicatedProcessor (OverReplicatedProcessor.java:run(142)) - Over Replicated Processor interrupted. Exiting...
2022-11-09 16:19:21,522 [Listener at 127.0.0.1/42701] INFO  server.StorageContainerManager (StorageContainerManager.java:stop(1559)) - Stopping the Datanode Admin Monitor.
2022-11-09 16:19:21,522 [ReplicationMonitor] INFO  replication.ReplicationManager (ReplicationManager.java:run(580)) - Replication Monitor Thread is stopped
2022-11-09 16:19:21,523 [Listener at 127.0.0.1/42701] INFO  server.StorageContainerManager (StorageContainerManager.java:stop(1566)) - Stopping Lease Manager of the command watchers
2022-11-09 16:19:21,523 [Listener at 127.0.0.1/42701] INFO  server.StorageContainerManager (StorageContainerManager.java:stop(1573)) - Stopping datanode service RPC server
2022-11-09 16:19:21,523 [Listener at 127.0.0.1/42701] INFO  server.SCMDatanodeProtocolServer (SCMDatanodeProtocolServer.java:stop(414)) - Stopping the RPC server for DataNodes
2022-11-09 16:19:21,523 [Listener at 127.0.0.1/42701] INFO  ipc.Server (Server.java:stop(3428)) - Stopping server on 35701
2022-11-09 16:19:21,528 [IPC Server listener on 35701] INFO  ipc.Server (Server.java:run(1384)) - Stopping IPC Server listener on 35701
2022-11-09 16:19:21,530 [IPC Server Responder] INFO  ipc.Server (Server.java:run(1517)) - Stopping IPC Server Responder
2022-11-09 16:19:21,591 [SCM Heartbeat Processing Thread - 0] WARN  node.NodeStateManager (NodeStateManager.java:scheduleNextHealthCheck(870)) - Current Thread is interrupted, shutting down HB processing thread for Node Manager.
2022-11-09 16:19:21,596 [Listener at 127.0.0.1/42701] INFO  server.StorageContainerManager (StorageContainerManager.java:stop(1581)) - Stopping block service RPC server
2022-11-09 16:19:21,596 [Listener at 127.0.0.1/42701] INFO  server.SCMBlockProtocolServer (SCMBlockProtocolServer.java:stop(161)) - Stopping the RPC server for Block Protocol
2022-11-09 16:19:21,596 [Listener at 127.0.0.1/42701] INFO  ipc.Server (Server.java:stop(3428)) - Stopping server on 44141
2022-11-09 16:19:21,607 [IPC Server Responder] INFO  ipc.Server (Server.java:run(1517)) - Stopping IPC Server Responder
2022-11-09 16:19:21,608 [Listener at 127.0.0.1/42701] INFO  server.StorageContainerManager (StorageContainerManager.java:stop(1588)) - Stopping the StorageContainerLocationProtocol RPC server
2022-11-09 16:19:21,608 [IPC Server listener on 44141] INFO  ipc.Server (Server.java:run(1384)) - Stopping IPC Server listener on 44141
2022-11-09 16:19:21,608 [Listener at 127.0.0.1/42701] INFO  server.SCMClientProtocolServer (SCMClientProtocolServer.java:stop(179)) - Stopping the RPC server for Client Protocol
2022-11-09 16:19:21,608 [Listener at 127.0.0.1/42701] INFO  ipc.Server (Server.java:stop(3428)) - Stopping server on 43445
2022-11-09 16:19:21,616 [IPC Server listener on 43445] INFO  ipc.Server (Server.java:run(1384)) - Stopping IPC Server listener on 43445
2022-11-09 16:19:21,618 [IPC Server Responder] INFO  ipc.Server (Server.java:run(1517)) - Stopping IPC Server Responder
2022-11-09 16:19:21,618 [Listener at 127.0.0.1/42701] INFO  server.StorageContainerManager (StorageContainerManager.java:stop(1595)) - Stopping Storage Container Manager HTTP server.
2022-11-09 16:19:21,619 [Listener at 127.0.0.1/42701] INFO  handler.ContextHandler (ContextHandler.java:doStop(1159)) - Stopped o.e.j.w.WebAppContext@3bad20e5{scm,/,null,STOPPED}{file:/home/runner/work/ozone/ozone/hadoop-ozone/integration-test/target/test-classes/webapps/scm}
2022-11-09 16:19:21,620 [Listener at 127.0.0.1/42701] INFO  server.AbstractConnector (AbstractConnector.java:doStop(383)) - Stopped ServerConnector@1bd2fcb8{HTTP/1.1, (http/1.1)}{0.0.0.0:40827}
2022-11-09 16:19:21,620 [Listener at 127.0.0.1/42701] INFO  server.session (HouseKeeper.java:stopScavenging(149)) - node0 Stopped scavenging
2022-11-09 16:19:21,620 [Listener at 127.0.0.1/42701] INFO  handler.ContextHandler (ContextHandler.java:doStop(1159)) - Stopped o.e.j.s.ServletContextHandler@42fc896a{static,/static,file:///home/runner/work/ozone/ozone/hadoop-ozone/integration-test/target/test-classes/webapps/static,STOPPED}
2022-11-09 16:19:21,620 [Listener at 127.0.0.1/42701] INFO  handler.ContextHandler (ContextHandler.java:doStop(1159)) - Stopped o.e.j.s.ServletContextHandler@10eb20{logs,/logs,file:///home/runner/work/ozone/ozone/hadoop-ozone/integration-test/target/log,STOPPED}
2022-11-09 16:19:21,622 [Listener at 127.0.0.1/42701] INFO  server.StorageContainerManager (StorageContainerManager.java:stop(1601)) - Stopping SCM LayoutVersionManager Service.
2022-11-09 16:19:21,622 [Listener at 127.0.0.1/42701] INFO  server.StorageContainerManager (StorageContainerManager.java:stop(1609)) - Stopping Block Manager Service.
2022-11-09 16:19:21,622 [Listener at 127.0.0.1/42701] INFO  utils.BackgroundService (BackgroundService.java:shutdown(141)) - Shutting down service SCMBlockDeletingService
2022-11-09 16:19:21,622 [Listener at 127.0.0.1/42701] INFO  utils.BackgroundService (BackgroundService.java:shutdown(141)) - Shutting down service SCMBlockDeletingService
2022-11-09 16:19:21,622 [Listener at 127.0.0.1/42701] INFO  server.StorageContainerManager (StorageContainerManager.java:stop(1636)) - Stopping SCM Event Queue.
2022-11-09 16:19:21,626 [Listener at 127.0.0.1/42701] INFO  server.StorageContainerManager (StorageContainerManager.java:stop(1647)) - Stopping SCM HA services.
2022-11-09 16:19:21,627 [Listener at 127.0.0.1/42701] INFO  ha.SCMRatisServerImpl (SCMRatisServerImpl.java:stop(237)) - stopping ratis server 0.0.0.0:40591
2022-11-09 16:19:21,627 [Listener at 127.0.0.1/42701] INFO  server.RaftServer (RaftServerProxy.java:lambda$close$6(409)) - 622c10ad-5518-4f12-b7b6-fef968aa587d: close
2022-11-09 16:19:21,627 [622c10ad-5518-4f12-b7b6-fef968aa587d-impl-thread1] INFO  server.RaftServer$Division (RaftServerImpl.java:lambda$close$4(458)) - 622c10ad-5518-4f12-b7b6-fef968aa587d@group-FABB0032522B: shutdown
2022-11-09 16:19:21,627 [622c10ad-5518-4f12-b7b6-fef968aa587d-impl-thread1] INFO  util.JmxRegister (JmxRegister.java:unregister(73)) - Successfully un-registered JMX Bean with object name Ratis:service=RaftServer,group=group-FABB0032522B,id=622c10ad-5518-4f12-b7b6-fef968aa587d
2022-11-09 16:19:21,627 [622c10ad-5518-4f12-b7b6-fef968aa587d-impl-thread1] INFO  impl.RoleInfo (RoleInfo.java:shutdownFollowerState(110)) - 622c10ad-5518-4f12-b7b6-fef968aa587d: shutdown 622c10ad-5518-4f12-b7b6-fef968aa587d@group-FABB0032522B-FollowerState
2022-11-09 16:19:21,627 [622c10ad-5518-4f12-b7b6-fef968aa587d-impl-thread1] INFO  impl.StateMachineUpdater (StateMachineUpdater.java:stopAndJoin(153)) - 622c10ad-5518-4f12-b7b6-fef968aa587d@group-FABB0032522B-StateMachineUpdater: set stopIndex = 29
2022-11-09 16:19:21,627 [622c10ad-5518-4f12-b7b6-fef968aa587d@group-FABB0032522B-FollowerState] INFO  impl.FollowerState (FollowerState.java:run(152)) - 622c10ad-5518-4f12-b7b6-fef968aa587d@group-FABB0032522B-FollowerState was interrupted
2022-11-09 16:19:21,627 [Listener at 127.0.0.1/42701] INFO  server.GrpcService (GrpcService.java:closeImpl(279)) - 622c10ad-5518-4f12-b7b6-fef968aa587d: shutdown server GrpcServerProtocolService now
2022-11-09 16:19:21,630 [622c10ad-5518-4f12-b7b6-fef968aa587d@group-FABB0032522B-StateMachineUpdater] INFO  ha.SCMStateMachine (SCMStateMachine.java:takeSnapshot(297)) - Current Snapshot Index 29, takeSnapshot took 0 ms
2022-11-09 16:19:21,630 [grpc-default-executor-6] WARN  server.GrpcServerProtocolService (LogUtils.java:warn(122)) - 622c10ad-5518-4f12-b7b6-fef968aa587d: installSnapshot onError, lastRequest: b72141cc-d5cc-4373-b066-0e22769f6f76->622c10ad-5518-4f12-b7b6-fef968aa587d#938-t2,previous=(t:2, i:29),leaderCommit=29,initializing? true,entries: size=1, first=(t:2, i:30), METADATAENTRY(c:29): org.apache.ratis.thirdparty.io.grpc.StatusRuntimeException: CANCELLED: client cancelled
2022-11-09 16:19:21,631 [622c10ad-5518-4f12-b7b6-fef968aa587d@group-FABB0032522B-StateMachineUpdater] INFO  impl.StateMachineUpdater (StateMachineUpdater.java:takeSnapshot(287)) - 622c10ad-5518-4f12-b7b6-fef968aa587d@group-FABB0032522B-StateMachineUpdater: Took a snapshot at index 29
2022-11-09 16:19:21,631 [622c10ad-5518-4f12-b7b6-fef968aa587d@group-FABB0032522B-StateMachineUpdater] INFO  impl.StateMachineUpdater (StateMachineUpdater.java:lambda$new$0(92)) - 622c10ad-5518-4f12-b7b6-fef968aa587d@group-FABB0032522B-StateMachineUpdater: snapshotIndex: updateIncreasingly -1 -> 29
2022-11-09 16:19:21,632 [622c10ad-5518-4f12-b7b6-fef968aa587d@group-FABB0032522B-StateMachineUpdater] INFO  server.StorageContainerManager (StorageContainerManager.java:stop(1536)) - Storage Container Manager is not running.
2022-11-09 16:19:21,632 [622c10ad-5518-4f12-b7b6-fef968aa587d@group-FABB0032522B-StateMachineUpdater] INFO  server.StorageContainerManager (ExitUtils.java:terminate(131)) - Terminating with exit status 0: scm statemachine is closed by ratis, terminate SCM
2022-11-09 16:19:21,633 [grpc-default-executor-2] WARN  server.GrpcServerProtocolService (LogUtils.java:warn(122)) - 622c10ad-5518-4f12-b7b6-fef968aa587d: installSnapshot onError, lastRequest: null: org.apache.ratis.thirdparty.io.grpc.StatusRuntimeException: CANCELLED: client cancelled
2022-11-09 16:19:21,633 [grpc-default-executor-5] WARN  server.GrpcLogAppender (LogUtils.java:warn(122)) - b72141cc-d5cc-4373-b066-0e22769f6f76@group-FABB0032522B->622c10ad-5518-4f12-b7b6-fef968aa587d-AppendLogResponseHandler: Failed appendEntries: org.apache.ratis.thirdparty.io.grpc.StatusRuntimeException: CANCELLED: RST_STREAM closed stream. HTTP/2 error code: CANCEL
2022-11-09 16:19:21,633 [grpc-default-executor-5] INFO  leader.FollowerInfo (FollowerInfoImpl.java:lambda$new$0(48)) - b72141cc-d5cc-4373-b066-0e22769f6f76@group-FABB0032522B->622c10ad-5518-4f12-b7b6-fef968aa587d: nextIndex: updateUnconditionally 31 -> 30
2022-11-09 16:19:21,636 [622c10ad-5518-4f12-b7b6-fef968aa587d@group-FABB0032522B-StateMachineUpdater] WARN  impl.StateMachineUpdater (StateMachineUpdater.java:stop(137)) - 622c10ad-5518-4f12-b7b6-fef968aa587d@group-FABB0032522B-StateMachineUpdater: Failed to close SCMStateMachine SCMStateMachine:622c10ad-5518-4f12-b7b6-fef968aa587d:group-FABB0032522B
org.apache.ratis.util.ExitUtils$ExitException: scm statemachine is closed by ratis, terminate SCM
	at org.apache.ratis.util.ExitUtils.terminate(ExitUtils.java:141)
	at org.apache.ratis.util.ExitUtils.terminate(ExitUtils.java:151)
	at org.apache.ratis.util.ExitUtils.terminate(ExitUtils.java:155)
	at org.apache.hadoop.hdds.scm.server.StorageContainerManager.shutDown(StorageContainerManager.java:1675)
	at org.apache.hadoop.hdds.scm.ha.SCMStateMachine.close(SCMStateMachine.java:406)
	at org.apache.ratis.server.impl.StateMachineUpdater.stop(StateMachineUpdater.java:134)
	at org.apache.ratis.server.impl.StateMachineUpdater.run(StateMachineUpdater.java:187)
	at java.lang.Thread.run(Thread.java:750)
2022-11-09 16:19:21,644 [grpc-default-executor-2] WARN  server.GrpcLogAppender (LogUtils.java:warn(122)) - b72141cc-d5cc-4373-b066-0e22769f6f76@group-FABB0032522B->622c10ad-5518-4f12-b7b6-fef968aa587d-AppendLogResponseHandler: Failed appendEntries: org.apache.ratis.thirdparty.io.grpc.StatusRuntimeException: UNAVAILABLE: io exception
2022-11-09 16:19:21,642 [EndpointStateMachine task thread for /127.0.0.1:35701 - 0 ] WARN  statemachine.EndpointStateMachine (EndpointStateMachine.java:logIfNeeded(242)) - Unable to communicate to SCM server at 127.0.0.1:35701 for past 0 seconds.
java.io.EOFException: End of File Exception between local host is: "fv-az91-492/10.1.0.111"; destination host is: "localhost":35701; : java.io.EOFException; For more details see:  http://wiki.apache.org/hadoop/EOFException
	at sun.reflect.NativeConstructorAccessorImpl.newInstance0(Native Method)
	at sun.reflect.NativeConstructorAccessorImpl.newInstance(NativeConstructorAccessorImpl.java:62)
	at sun.reflect.DelegatingConstructorAccessorImpl.newInstance(DelegatingConstructorAccessorImpl.java:45)
	at java.lang.reflect.Constructor.newInstance(Constructor.java:423)
	at org.apache.hadoop.net.NetUtils.wrapWithMessage(NetUtils.java:913)
	at org.apache.hadoop.net.NetUtils.wrapException(NetUtils.java:862)
	at org.apache.hadoop.ipc.Client.getRpcResponse(Client.java:1616)
	at org.apache.hadoop.ipc.Client.call(Client.java:1558)
	at org.apache.hadoop.ipc.Client.call(Client.java:1455)
	at org.apache.hadoop.ipc.ProtobufRpcEngine$Invoker.invoke(ProtobufRpcEngine.java:235)
	at org.apache.hadoop.ipc.ProtobufRpcEngine$Invoker.invoke(ProtobufRpcEngine.java:122)
	at com.sun.proxy.$Proxy51.submitRequest(Unknown Source)
	at org.apache.hadoop.ozone.protocolPB.StorageContainerDatanodeProtocolClientSideTranslatorPB.submitRequest(StorageContainerDatanodeProtocolClientSideTranslatorPB.java:117)
	at org.apache.hadoop.ozone.protocolPB.StorageContainerDatanodeProtocolClientSideTranslatorPB.sendHeartbeat(StorageContainerDatanodeProtocolClientSideTranslatorPB.java:149)
	at org.apache.hadoop.ozone.container.common.states.endpoint.HeartbeatEndpointTask.call(HeartbeatEndpointTask.java:185)
	at org.apache.hadoop.ozone.container.common.states.endpoint.HeartbeatEndpointTask.call(HeartbeatEndpointTask.java:87)
	at java.util.concurrent.FutureTask.run(FutureTask.java:266)
	at java.util.concurrent.ThreadPoolExecutor.runWorker(ThreadPoolExecutor.java:1149)
	at java.util.concurrent.ThreadPoolExecutor$Worker.run(ThreadPoolExecutor.java:624)
	at java.lang.Thread.run(Thread.java:750)
Caused by: java.io.EOFException
	at java.io.DataInputStream.readInt(DataInputStream.java:392)
	at org.apache.hadoop.ipc.Client$IpcStreams.readResponse(Client.java:1922)
	at org.apache.hadoop.ipc.Client$Connection.receiveRpcResponse(Client.java:1238)
	at org.apache.hadoop.ipc.Client$Connection.run(Client.java:1134)
2022-11-09 16:19:21,638 [Listener at 127.0.0.1/42701] INFO  server.GrpcService (GrpcService.java:closeImpl(288)) - 622c10ad-5518-4f12-b7b6-fef968aa587d: shutdown server GrpcServerProtocolService successfully
2022-11-09 16:19:21,638 [grpc-default-executor-6] WARN  server.GrpcLogAppender (LogUtils.java:warn(122)) - b72141cc-d5cc-4373-b066-0e22769f6f76@group-FABB0032522B->622c10ad-5518-4f12-b7b6-fef968aa587d-AppendLogResponseHandler: Failed appendEntries: org.apache.ratis.thirdparty.io.grpc.StatusRuntimeException: CANCELLED: RST_STREAM closed stream. HTTP/2 error code: CANCEL
2022-11-09 16:19:21,647 [622c10ad-5518-4f12-b7b6-fef968aa587d-impl-thread1] INFO  server.RaftServer$Division (ServerState.java:close(466)) - 622c10ad-5518-4f12-b7b6-fef968aa587d@group-FABB0032522B: closes. applyIndex: 28
2022-11-09 16:19:21,648 [622c10ad-5518-4f12-b7b6-fef968aa587d@group-FABB0032522B-SegmentedRaftLogWorker] INFO  segmented.SegmentedRaftLogWorker (SegmentedRaftLogWorker.java:run(345)) - 622c10ad-5518-4f12-b7b6-fef968aa587d@group-FABB0032522B-SegmentedRaftLogWorker was interrupted, exiting. There are 0 tasks remaining in the queue.
2022-11-09 16:19:21,647 [grpc-default-executor-2] INFO  leader.FollowerInfo (FollowerInfoImpl.java:lambda$new$0(48)) - b72141cc-d5cc-4373-b066-0e22769f6f76@group-FABB0032522B->622c10ad-5518-4f12-b7b6-fef968aa587d: nextIndex: updateUnconditionally 31 -> 30
2022-11-09 16:19:21,647 [grpc-default-executor-4] WARN  server.GrpcLogAppender (LogUtils.java:warn(122)) - b72141cc-d5cc-4373-b066-0e22769f6f76@group-FABB0032522B->622c10ad-5518-4f12-b7b6-fef968aa587d-AppendLogResponseHandler: Failed appendEntries: org.apache.ratis.thirdparty.io.grpc.StatusRuntimeException: UNAVAILABLE: io exception
2022-11-09 16:19:21,651 [grpc-default-executor-6] INFO  leader.FollowerInfo (FollowerInfoImpl.java:lambda$new$0(48)) - b72141cc-d5cc-4373-b066-0e22769f6f76@group-FABB0032522B->622c10ad-5518-4f12-b7b6-fef968aa587d: nextIndex: updateUnconditionally 30 -> 29
2022-11-09 16:19:21,652 [grpc-default-executor-4] INFO  leader.FollowerInfo (FollowerInfoImpl.java:lambda$new$0(48)) - b72141cc-d5cc-4373-b066-0e22769f6f76@group-FABB0032522B->622c10ad-5518-4f12-b7b6-fef968aa587d: nextIndex: updateUnconditionally 29 -> 28
2022-11-09 16:19:21,650 [622c10ad-5518-4f12-b7b6-fef968aa587d-impl-thread1] INFO  segmented.SegmentedRaftLogWorker (SegmentedRaftLogWorker.java:close(255)) - 622c10ad-5518-4f12-b7b6-fef968aa587d@group-FABB0032522B-SegmentedRaftLogWorker close()
2022-11-09 16:19:21,653 [JvmPauseMonitor2] INFO  util.JvmPauseMonitor (JvmPauseMonitor.java:run(111)) - JvmPauseMonitor-622c10ad-5518-4f12-b7b6-fef968aa587d: Stopped
2022-11-09 16:19:21,653 [Listener at 127.0.0.1/42701] INFO  pipeline.BackgroundPipelineCreator (BackgroundPipelineCreator.java:stop(149)) - Stopping RatisPipelineUtilsThread.
2022-11-09 16:19:21,654 [RatisPipelineUtilsThread - 0] WARN  pipeline.BackgroundPipelineCreator (BackgroundPipelineCreator.java:run(180)) - RatisPipelineUtilsThread is interrupted.
2022-11-09 16:19:21,654 [BackgroundPipelineScrubberThread] WARN  BackgroundPipelineScrubber (BackgroundSCMService.java:run(115)) - BackgroundPipelineScrubber is interrupted, exit
2022-11-09 16:19:21,654 [Listener at 127.0.0.1/42701] INFO  BackgroundPipelineScrubber (BackgroundSCMService.java:stop(131)) - Stopping BackgroundPipelineScrubber Service.
2022-11-09 16:19:21,655 [Listener at 127.0.0.1/42701] INFO  impl.MetricsSystemImpl (MetricsSystemImpl.java:stop(210)) - Stopping HddsDatanode metrics system...
2022-11-09 16:19:21,671 [prometheus] INFO  impl.MetricsSinkAdapter (MetricsSinkAdapter.java:publishMetricsFromQueue(141)) - prometheus thread interrupted.
2022-11-09 16:19:21,672 [Listener at 127.0.0.1/42701] INFO  impl.MetricsSystemImpl (MetricsSystemImpl.java:stop(216)) - HddsDatanode metrics system stopped.
2022-11-09 16:19:21,672 [Listener at 127.0.0.1/42701] WARN  pipeline.BackgroundPipelineCreator (BackgroundPipelineCreator.java:stop(145)) - RatisPipelineUtilsThread is not running, just ignore.
2022-11-09 16:19:21,673 [Listener at 127.0.0.1/42701] INFO  BackgroundPipelineScrubber (BackgroundSCMService.java:stop(126)) - BackgroundPipelineScrubber Service is not running, skip stop.
2022-11-09 16:19:21,673 [Listener at 127.0.0.1/42701] INFO  ExpiredContainerReplicaOpScrubber (BackgroundSCMService.java:stop(131)) - Stopping ExpiredContainerReplicaOpScrubber Service.
2022-11-09 16:19:21,673 [Listener at 127.0.0.1/42701] INFO  utils.BackgroundService (BackgroundService.java:shutdown(141)) - Shutting down service SCMBlockDeletingService
2022-11-09 16:19:21,673 [Listener at 127.0.0.1/42701] INFO  replication.ReplicationManager (ReplicationManager.java:stop(282)) - Replication Monitor Thread is not running.
2022-11-09 16:19:21,673 [Listener at 127.0.0.1/42701] WARN  balancer.ContainerBalancer (ContainerBalancer.java:stop(322)) - Cannot stop Container Balancer because it's not running or stopping
2022-11-09 16:19:21,673 [Listener at 127.0.0.1/42701] INFO  server.StorageContainerManager (StorageContainerManager.java:stop(1665)) - Stopping SCM MetadataStore.
2022-11-09 16:19:21,673 [ExpiredContainerReplicaOpScrubberThread] WARN  ExpiredContainerReplicaOpScrubber (BackgroundSCMService.java:run(115)) - ExpiredContainerReplicaOpScrubber is interrupted, exit
2022-11-09 16:19:21,674 [Listener at 127.0.0.1/42701] INFO  ozone.MiniOzoneHAClusterImpl (MiniOzoneHAClusterImpl.java:stop(320)) - Stopping the StorageContainerManager 2b0403aa-f9f3-4c84-9f99-08ca89661127
2022-11-09 16:19:21,674 [Listener at 127.0.0.1/42701] INFO  server.StorageContainerManager (StorageContainerManager.java:stop(1545)) - Container Balancer is not running.
2022-11-09 16:19:21,674 [Listener at 127.0.0.1/42701] INFO  server.StorageContainerManager (StorageContainerManager.java:stop(1552)) - Stopping Replication Manager Service.
2022-11-09 16:19:21,675 [Listener at 127.0.0.1/42701] INFO  replication.ReplicationManager (ReplicationManager.java:stop(274)) - Stopping Replication Monitor Thread.
2022-11-09 16:19:21,675 [Listener at 127.0.0.1/42701] INFO  server.StorageContainerManager (StorageContainerManager.java:stop(1559)) - Stopping the Datanode Admin Monitor.
2022-11-09 16:19:21,675 [Under Replicated Processor] WARN  replication.UnderReplicatedProcessor (UnderReplicatedProcessor.java:run(154)) - Under Replicated Processor interrupted. Exiting...
2022-11-09 16:19:21,675 [Listener at 127.0.0.1/42701] INFO  server.StorageContainerManager (StorageContainerManager.java:stop(1566)) - Stopping Lease Manager of the command watchers
2022-11-09 16:19:21,675 [Over Replicated Processor] WARN  replication.OverReplicatedProcessor (OverReplicatedProcessor.java:run(142)) - Over Replicated Processor interrupted. Exiting...
2022-11-09 16:19:21,675 [Listener at 127.0.0.1/42701] INFO  server.StorageContainerManager (StorageContainerManager.java:stop(1573)) - Stopping datanode service RPC server
2022-11-09 16:19:21,675 [Listener at 127.0.0.1/42701] INFO  server.SCMDatanodeProtocolServer (SCMDatanodeProtocolServer.java:stop(414)) - Stopping the RPC server for DataNodes
2022-11-09 16:19:21,675 [Listener at 127.0.0.1/42701] INFO  ipc.Server (Server.java:stop(3428)) - Stopping server on 44507
2022-11-09 16:19:21,675 [ReplicationMonitor] INFO  replication.ReplicationManager (ReplicationManager.java:run(580)) - Replication Monitor Thread is stopped
2022-11-09 16:19:21,679 [IPC Server listener on 44507] INFO  ipc.Server (Server.java:run(1384)) - Stopping IPC Server listener on 44507
2022-11-09 16:19:21,680 [IPC Server Responder] INFO  ipc.Server (Server.java:run(1517)) - Stopping IPC Server Responder
2022-11-09 16:19:21,706 [SCM Heartbeat Processing Thread - 0] WARN  node.NodeStateManager (NodeStateManager.java:scheduleNextHealthCheck(870)) - Current Thread is interrupted, shutting down HB processing thread for Node Manager.
2022-11-09 16:19:21,706 [Listener at 127.0.0.1/42701] INFO  server.StorageContainerManager (StorageContainerManager.java:stop(1581)) - Stopping block service RPC server
2022-11-09 16:19:21,707 [Listener at 127.0.0.1/42701] INFO  server.SCMBlockProtocolServer (SCMBlockProtocolServer.java:stop(161)) - Stopping the RPC server for Block Protocol
2022-11-09 16:19:21,707 [Listener at 127.0.0.1/42701] INFO  ipc.Server (Server.java:stop(3428)) - Stopping server on 41133
2022-11-09 16:19:21,710 [IPC Server listener on 41133] INFO  ipc.Server (Server.java:run(1384)) - Stopping IPC Server listener on 41133
2022-11-09 16:19:21,711 [IPC Server Responder] INFO  ipc.Server (Server.java:run(1517)) - Stopping IPC Server Responder
2022-11-09 16:19:21,711 [Listener at 127.0.0.1/42701] INFO  server.StorageContainerManager (StorageContainerManager.java:stop(1588)) - Stopping the StorageContainerLocationProtocol RPC server
2022-11-09 16:19:21,711 [Listener at 127.0.0.1/42701] INFO  server.SCMClientProtocolServer (SCMClientProtocolServer.java:stop(179)) - Stopping the RPC server for Client Protocol
2022-11-09 16:19:21,711 [Listener at 127.0.0.1/42701] INFO  ipc.Server (Server.java:stop(3428)) - Stopping server on 38443
2022-11-09 16:19:21,713 [IPC Server listener on 38443] INFO  ipc.Server (Server.java:run(1384)) - Stopping IPC Server listener on 38443
2022-11-09 16:19:21,715 [Listener at 127.0.0.1/42701] INFO  server.StorageContainerManager (StorageContainerManager.java:stop(1595)) - Stopping Storage Container Manager HTTP server.
2022-11-09 16:19:21,716 [Listener at 127.0.0.1/42701] INFO  handler.ContextHandler (ContextHandler.java:doStop(1159)) - Stopped o.e.j.w.WebAppContext@41b93a67{scm,/,null,STOPPED}{file:/home/runner/work/ozone/ozone/hadoop-ozone/integration-test/target/test-classes/webapps/scm}
2022-11-09 16:19:21,716 [IPC Server Responder] INFO  ipc.Server (Server.java:run(1517)) - Stopping IPC Server Responder
2022-11-09 16:19:21,717 [Listener at 127.0.0.1/42701] INFO  server.AbstractConnector (AbstractConnector.java:doStop(383)) - Stopped ServerConnector@33963d83{HTTP/1.1, (http/1.1)}{0.0.0.0:37719}
2022-11-09 16:19:21,717 [Listener at 127.0.0.1/42701] INFO  server.session (HouseKeeper.java:stopScavenging(149)) - node0 Stopped scavenging
2022-11-09 16:19:21,717 [Listener at 127.0.0.1/42701] INFO  handler.ContextHandler (ContextHandler.java:doStop(1159)) - Stopped o.e.j.s.ServletContextHandler@186e025{static,/static,file:///home/runner/work/ozone/ozone/hadoop-ozone/integration-test/target/test-classes/webapps/static,STOPPED}
2022-11-09 16:19:21,717 [Listener at 127.0.0.1/42701] INFO  handler.ContextHandler (ContextHandler.java:doStop(1159)) - Stopped o.e.j.s.ServletContextHandler@5c36d827{logs,/logs,file:///home/runner/work/ozone/ozone/hadoop-ozone/integration-test/target/log,STOPPED}
2022-11-09 16:19:21,718 [Listener at 127.0.0.1/42701] INFO  server.StorageContainerManager (StorageContainerManager.java:stop(1601)) - Stopping SCM LayoutVersionManager Service.
2022-11-09 16:19:21,718 [Listener at 127.0.0.1/42701] INFO  server.StorageContainerManager (StorageContainerManager.java:stop(1609)) - Stopping Block Manager Service.
2022-11-09 16:19:21,718 [Listener at 127.0.0.1/42701] INFO  utils.BackgroundService (BackgroundService.java:shutdown(141)) - Shutting down service SCMBlockDeletingService
2022-11-09 16:19:21,718 [Listener at 127.0.0.1/42701] INFO  utils.BackgroundService (BackgroundService.java:shutdown(141)) - Shutting down service SCMBlockDeletingService
2022-11-09 16:19:21,719 [Listener at 127.0.0.1/42701] INFO  server.StorageContainerManager (StorageContainerManager.java:stop(1636)) - Stopping SCM Event Queue.
2022-11-09 16:19:21,720 [Listener at 127.0.0.1/42701] INFO  server.StorageContainerManager (StorageContainerManager.java:stop(1647)) - Stopping SCM HA services.
2022-11-09 16:19:21,720 [Listener at 127.0.0.1/42701] INFO  ha.SCMRatisServerImpl (SCMRatisServerImpl.java:stop(237)) - stopping ratis server 0.0.0.0:33921
2022-11-09 16:19:21,721 [Listener at 127.0.0.1/42701] INFO  server.RaftServer (RaftServerProxy.java:lambda$close$6(409)) - 2b0403aa-f9f3-4c84-9f99-08ca89661127: close
2022-11-09 16:19:21,721 [Listener at 127.0.0.1/42701] INFO  server.GrpcService (GrpcService.java:closeImpl(279)) - 2b0403aa-f9f3-4c84-9f99-08ca89661127: shutdown server GrpcServerProtocolService now
2022-11-09 16:19:21,721 [2b0403aa-f9f3-4c84-9f99-08ca89661127-impl-thread1] INFO  server.RaftServer$Division (RaftServerImpl.java:lambda$close$4(458)) - 2b0403aa-f9f3-4c84-9f99-08ca89661127@group-FABB0032522B: shutdown
2022-11-09 16:19:21,721 [2b0403aa-f9f3-4c84-9f99-08ca89661127-impl-thread1] INFO  util.JmxRegister (JmxRegister.java:unregister(73)) - Successfully un-registered JMX Bean with object name Ratis:service=RaftServer,group=group-FABB0032522B,id=2b0403aa-f9f3-4c84-9f99-08ca89661127
2022-11-09 16:19:21,721 [2b0403aa-f9f3-4c84-9f99-08ca89661127-impl-thread1] INFO  impl.RoleInfo (RoleInfo.java:shutdownFollowerState(110)) - 2b0403aa-f9f3-4c84-9f99-08ca89661127: shutdown 2b0403aa-f9f3-4c84-9f99-08ca89661127@group-FABB0032522B-FollowerState
2022-11-09 16:19:21,721 [2b0403aa-f9f3-4c84-9f99-08ca89661127-impl-thread1] INFO  impl.StateMachineUpdater (StateMachineUpdater.java:stopAndJoin(153)) - 2b0403aa-f9f3-4c84-9f99-08ca89661127@group-FABB0032522B-StateMachineUpdater: set stopIndex = 29
2022-11-09 16:19:21,723 [grpc-default-executor-6] WARN  server.GrpcServerProtocolService (LogUtils.java:warn(122)) - 2b0403aa-f9f3-4c84-9f99-08ca89661127: installSnapshot onError, lastRequest: null: org.apache.ratis.thirdparty.io.grpc.StatusRuntimeException: CANCELLED: client cancelled
2022-11-09 16:19:21,724 [grpc-default-executor-5] WARN  server.GrpcServerProtocolService (LogUtils.java:warn(122)) - 2b0403aa-f9f3-4c84-9f99-08ca89661127: installSnapshot onError, lastRequest: b72141cc-d5cc-4373-b066-0e22769f6f76->2b0403aa-f9f3-4c84-9f99-08ca89661127#892-t2,previous=(t:2, i:29),leaderCommit=29,initializing? true,entries: size=1, first=(t:2, i:30), METADATAENTRY(c:29): org.apache.ratis.thirdparty.io.grpc.StatusRuntimeException: CANCELLED: client cancelled
2022-11-09 16:19:21,724 [Listener at 127.0.0.1/42701] INFO  server.GrpcService (GrpcService.java:closeImpl(288)) - 2b0403aa-f9f3-4c84-9f99-08ca89661127: shutdown server GrpcServerProtocolService successfully
2022-11-09 16:19:21,725 [2b0403aa-f9f3-4c84-9f99-08ca89661127@group-FABB0032522B-FollowerState] INFO  impl.FollowerState (FollowerState.java:run(152)) - 2b0403aa-f9f3-4c84-9f99-08ca89661127@group-FABB0032522B-FollowerState was interrupted
2022-11-09 16:19:21,725 [grpc-default-executor-2] WARN  server.GrpcLogAppender (LogUtils.java:warn(122)) - b72141cc-d5cc-4373-b066-0e22769f6f76@group-FABB0032522B->2b0403aa-f9f3-4c84-9f99-08ca89661127-AppendLogResponseHandler: Failed appendEntries: org.apache.ratis.thirdparty.io.grpc.StatusRuntimeException: CANCELLED: RST_STREAM closed stream. HTTP/2 error code: CANCEL
2022-11-09 16:19:21,725 [grpc-default-executor-2] INFO  leader.FollowerInfo (FollowerInfoImpl.java:lambda$new$0(48)) - b72141cc-d5cc-4373-b066-0e22769f6f76@group-FABB0032522B->2b0403aa-f9f3-4c84-9f99-08ca89661127: nextIndex: updateUnconditionally 31 -> 30
2022-11-09 16:19:21,726 [2b0403aa-f9f3-4c84-9f99-08ca89661127@group-FABB0032522B-StateMachineUpdater] INFO  ha.SCMStateMachine (SCMStateMachine.java:takeSnapshot(297)) - Current Snapshot Index 29, takeSnapshot took 0 ms
2022-11-09 16:19:21,726 [2b0403aa-f9f3-4c84-9f99-08ca89661127@group-FABB0032522B-StateMachineUpdater] INFO  impl.StateMachineUpdater (StateMachineUpdater.java:takeSnapshot(287)) - 2b0403aa-f9f3-4c84-9f99-08ca89661127@group-FABB0032522B-StateMachineUpdater: Took a snapshot at index 29
2022-11-09 16:19:21,726 [2b0403aa-f9f3-4c84-9f99-08ca89661127@group-FABB0032522B-StateMachineUpdater] INFO  impl.StateMachineUpdater (StateMachineUpdater.java:lambda$new$0(92)) - 2b0403aa-f9f3-4c84-9f99-08ca89661127@group-FABB0032522B-StateMachineUpdater: snapshotIndex: updateIncreasingly -1 -> 29
2022-11-09 16:19:21,726 [2b0403aa-f9f3-4c84-9f99-08ca89661127@group-FABB0032522B-StateMachineUpdater] INFO  server.StorageContainerManager (StorageContainerManager.java:stop(1536)) - Storage Container Manager is not running.
2022-11-09 16:19:21,726 [2b0403aa-f9f3-4c84-9f99-08ca89661127@group-FABB0032522B-StateMachineUpdater] INFO  server.StorageContainerManager (ExitUtils.java:terminate(131)) - Terminating with exit status 0: scm statemachine is closed by ratis, terminate SCM
2022-11-09 16:19:21,726 [2b0403aa-f9f3-4c84-9f99-08ca89661127@group-FABB0032522B-StateMachineUpdater] WARN  impl.StateMachineUpdater (StateMachineUpdater.java:stop(137)) - 2b0403aa-f9f3-4c84-9f99-08ca89661127@group-FABB0032522B-StateMachineUpdater: Failed to close SCMStateMachine SCMStateMachine:2b0403aa-f9f3-4c84-9f99-08ca89661127:group-FABB0032522B
org.apache.ratis.util.ExitUtils$ExitException: scm statemachine is closed by ratis, terminate SCM
	at org.apache.ratis.util.ExitUtils.terminate(ExitUtils.java:141)
	at org.apache.ratis.util.ExitUtils.terminate(ExitUtils.java:151)
	at org.apache.ratis.util.ExitUtils.terminate(ExitUtils.java:155)
	at org.apache.hadoop.hdds.scm.server.StorageContainerManager.shutDown(StorageContainerManager.java:1675)
	at org.apache.hadoop.hdds.scm.ha.SCMStateMachine.close(SCMStateMachine.java:406)
	at org.apache.ratis.server.impl.StateMachineUpdater.stop(StateMachineUpdater.java:134)
	at org.apache.ratis.server.impl.StateMachineUpdater.run(StateMachineUpdater.java:187)
	at java.lang.Thread.run(Thread.java:750)
2022-11-09 16:19:21,726 [2b0403aa-f9f3-4c84-9f99-08ca89661127-impl-thread1] INFO  server.RaftServer$Division (ServerState.java:close(466)) - 2b0403aa-f9f3-4c84-9f99-08ca89661127@group-FABB0032522B: closes. applyIndex: 28
2022-11-09 16:19:21,727 [2b0403aa-f9f3-4c84-9f99-08ca89661127@group-FABB0032522B-SegmentedRaftLogWorker] INFO  segmented.SegmentedRaftLogWorker (SegmentedRaftLogWorker.java:run(345)) - 2b0403aa-f9f3-4c84-9f99-08ca89661127@group-FABB0032522B-SegmentedRaftLogWorker was interrupted, exiting. There are 0 tasks remaining in the queue.
2022-11-09 16:19:21,729 [grpc-default-executor-2] WARN  server.GrpcLogAppender (LogUtils.java:warn(122)) - b72141cc-d5cc-4373-b066-0e22769f6f76@group-FABB0032522B->2b0403aa-f9f3-4c84-9f99-08ca89661127-AppendLogResponseHandler: Failed appendEntries: org.apache.ratis.thirdparty.io.grpc.StatusRuntimeException: CANCELLED: RST_STREAM closed stream. HTTP/2 error code: CANCEL
2022-11-09 16:19:21,729 [grpc-default-executor-2] INFO  leader.FollowerInfo (FollowerInfoImpl.java:lambda$new$0(48)) - b72141cc-d5cc-4373-b066-0e22769f6f76@group-FABB0032522B->2b0403aa-f9f3-4c84-9f99-08ca89661127: nextIndex: updateUnconditionally 31 -> 30
2022-11-09 16:19:21,730 [grpc-default-executor-2] WARN  server.GrpcLogAppender (LogUtils.java:warn(122)) - b72141cc-d5cc-4373-b066-0e22769f6f76@group-FABB0032522B->2b0403aa-f9f3-4c84-9f99-08ca89661127-AppendLogResponseHandler: Failed appendEntries: org.apache.ratis.thirdparty.io.grpc.StatusRuntimeException: UNAVAILABLE: io exception
2022-11-09 16:19:21,730 [grpc-default-executor-2] INFO  leader.FollowerInfo (FollowerInfoImpl.java:lambda$new$0(48)) - b72141cc-d5cc-4373-b066-0e22769f6f76@group-FABB0032522B->2b0403aa-f9f3-4c84-9f99-08ca89661127: nextIndex: updateUnconditionally 30 -> 29
2022-11-09 16:19:21,731 [grpc-default-executor-5] WARN  server.GrpcLogAppender (LogUtils.java:warn(122)) - b72141cc-d5cc-4373-b066-0e22769f6f76@group-FABB0032522B->2b0403aa-f9f3-4c84-9f99-08ca89661127-AppendLogResponseHandler: Failed appendEntries: org.apache.ratis.thirdparty.io.grpc.StatusRuntimeException: UNAVAILABLE: io exception
2022-11-09 16:19:21,731 [grpc-default-executor-5] INFO  leader.FollowerInfo (FollowerInfoImpl.java:lambda$new$0(48)) - b72141cc-d5cc-4373-b066-0e22769f6f76@group-FABB0032522B->2b0403aa-f9f3-4c84-9f99-08ca89661127: nextIndex: updateUnconditionally 29 -> 28
2022-11-09 16:19:21,735 [2b0403aa-f9f3-4c84-9f99-08ca89661127-impl-thread1] INFO  segmented.SegmentedRaftLogWorker (SegmentedRaftLogWorker.java:close(255)) - 2b0403aa-f9f3-4c84-9f99-08ca89661127@group-FABB0032522B-SegmentedRaftLogWorker close()
2022-11-09 16:19:21,736 [JvmPauseMonitor3] INFO  util.JvmPauseMonitor (JvmPauseMonitor.java:run(111)) - JvmPauseMonitor-2b0403aa-f9f3-4c84-9f99-08ca89661127: Stopped
2022-11-09 16:19:21,737 [Listener at 127.0.0.1/42701] INFO  pipeline.BackgroundPipelineCreator (BackgroundPipelineCreator.java:stop(149)) - Stopping RatisPipelineUtilsThread.
2022-11-09 16:19:21,737 [RatisPipelineUtilsThread - 0] WARN  pipeline.BackgroundPipelineCreator (BackgroundPipelineCreator.java:run(180)) - RatisPipelineUtilsThread is interrupted.
2022-11-09 16:19:21,737 [Listener at 127.0.0.1/42701] INFO  BackgroundPipelineScrubber (BackgroundSCMService.java:stop(131)) - Stopping BackgroundPipelineScrubber Service.
2022-11-09 16:19:21,737 [BackgroundPipelineScrubberThread] WARN  BackgroundPipelineScrubber (BackgroundSCMService.java:run(115)) - BackgroundPipelineScrubber is interrupted, exit
2022-11-09 16:19:21,737 [Listener at 127.0.0.1/42701] INFO  impl.MetricsSystemImpl (MetricsSystemImpl.java:stop(205)) - HddsDatanode metrics system stopped (again)
2022-11-09 16:19:21,737 [Listener at 127.0.0.1/42701] WARN  pipeline.BackgroundPipelineCreator (BackgroundPipelineCreator.java:stop(145)) - RatisPipelineUtilsThread is not running, just ignore.
2022-11-09 16:19:21,737 [Listener at 127.0.0.1/42701] INFO  BackgroundPipelineScrubber (BackgroundSCMService.java:stop(126)) - BackgroundPipelineScrubber Service is not running, skip stop.
2022-11-09 16:19:21,737 [Listener at 127.0.0.1/42701] INFO  ExpiredContainerReplicaOpScrubber (BackgroundSCMService.java:stop(131)) - Stopping ExpiredContainerReplicaOpScrubber Service.
2022-11-09 16:19:21,737 [ExpiredContainerReplicaOpScrubberThread] WARN  ExpiredContainerReplicaOpScrubber (BackgroundSCMService.java:run(115)) - ExpiredContainerReplicaOpScrubber is interrupted, exit
2022-11-09 16:19:21,737 [Listener at 127.0.0.1/42701] INFO  utils.BackgroundService (BackgroundService.java:shutdown(141)) - Shutting down service SCMBlockDeletingService
2022-11-09 16:19:21,738 [Listener at 127.0.0.1/42701] INFO  replication.ReplicationManager (ReplicationManager.java:stop(282)) - Replication Monitor Thread is not running.
2022-11-09 16:19:21,738 [Listener at 127.0.0.1/42701] WARN  balancer.ContainerBalancer (ContainerBalancer.java:stop(322)) - Cannot stop Container Balancer because it's not running or stopping
2022-11-09 16:19:21,738 [Listener at 127.0.0.1/42701] INFO  server.StorageContainerManager (StorageContainerManager.java:stop(1665)) - Stopping SCM MetadataStore.
2022-11-09 16:19:21,739 [Listener at 127.0.0.1/42701] INFO  ozone.MiniOzoneHAClusterImpl (MiniOzoneHAClusterImpl.java:stop(320)) - Stopping the StorageContainerManager b72141cc-d5cc-4373-b066-0e22769f6f76
2022-11-09 16:19:21,739 [Listener at 127.0.0.1/42701] INFO  server.StorageContainerManager (StorageContainerManager.java:stop(1545)) - Container Balancer is not running.
2022-11-09 16:19:21,739 [Listener at 127.0.0.1/42701] INFO  server.StorageContainerManager (StorageContainerManager.java:stop(1552)) - Stopping Replication Manager Service.
2022-11-09 16:19:21,739 [Listener at 127.0.0.1/42701] INFO  replication.ReplicationManager (ReplicationManager.java:stop(274)) - Stopping Replication Monitor Thread.
2022-11-09 16:19:21,739 [Under Replicated Processor] WARN  replication.UnderReplicatedProcessor (UnderReplicatedProcessor.java:run(154)) - Under Replicated Processor interrupted. Exiting...
2022-11-09 16:19:21,739 [ReplicationMonitor] INFO  replication.ReplicationManager (ReplicationManager.java:run(580)) - Replication Monitor Thread is stopped
2022-11-09 16:19:21,740 [Over Replicated Processor] WARN  replication.OverReplicatedProcessor (OverReplicatedProcessor.java:run(142)) - Over Replicated Processor interrupted. Exiting...
2022-11-09 16:19:21,740 [Listener at 127.0.0.1/42701] INFO  server.StorageContainerManager (StorageContainerManager.java:stop(1559)) - Stopping the Datanode Admin Monitor.
2022-11-09 16:19:21,740 [Listener at 127.0.0.1/42701] INFO  server.StorageContainerManager (StorageContainerManager.java:stop(1566)) - Stopping Lease Manager of the command watchers
2022-11-09 16:19:21,740 [Listener at 127.0.0.1/42701] INFO  server.StorageContainerManager (StorageContainerManager.java:stop(1573)) - Stopping datanode service RPC server
2022-11-09 16:19:21,740 [Listener at 127.0.0.1/42701] INFO  server.SCMDatanodeProtocolServer (SCMDatanodeProtocolServer.java:stop(414)) - Stopping the RPC server for DataNodes
2022-11-09 16:19:21,740 [Listener at 127.0.0.1/42701] INFO  ipc.Server (Server.java:stop(3428)) - Stopping server on 44989
2022-11-09 16:19:21,748 [IPC Server listener on 44989] INFO  ipc.Server (Server.java:run(1384)) - Stopping IPC Server listener on 44989
2022-11-09 16:19:21,749 [IPC Server Responder] INFO  ipc.Server (Server.java:run(1517)) - Stopping IPC Server Responder
2022-11-09 16:19:21,937 [EndpointStateMachine task thread for /127.0.0.1:44989 - 0 ] WARN  statemachine.EndpointStateMachine (EndpointStateMachine.java:logIfNeeded(242)) - Unable to communicate to SCM server at 127.0.0.1:44989 for past 0 seconds.
java.io.EOFException: End of File Exception between local host is: "fv-az91-492/10.1.0.111"; destination host is: "localhost":44989; : java.io.EOFException; For more details see:  http://wiki.apache.org/hadoop/EOFException
	at sun.reflect.NativeConstructorAccessorImpl.newInstance0(Native Method)
	at sun.reflect.NativeConstructorAccessorImpl.newInstance(NativeConstructorAccessorImpl.java:62)
	at sun.reflect.DelegatingConstructorAccessorImpl.newInstance(DelegatingConstructorAccessorImpl.java:45)
	at java.lang.reflect.Constructor.newInstance(Constructor.java:423)
	at org.apache.hadoop.net.NetUtils.wrapWithMessage(NetUtils.java:913)
	at org.apache.hadoop.net.NetUtils.wrapException(NetUtils.java:862)
	at org.apache.hadoop.ipc.Client.getRpcResponse(Client.java:1616)
	at org.apache.hadoop.ipc.Client.call(Client.java:1558)
	at org.apache.hadoop.ipc.Client.call(Client.java:1455)
	at org.apache.hadoop.ipc.ProtobufRpcEngine$Invoker.invoke(ProtobufRpcEngine.java:235)
	at org.apache.hadoop.ipc.ProtobufRpcEngine$Invoker.invoke(ProtobufRpcEngine.java:122)
	at com.sun.proxy.$Proxy51.submitRequest(Unknown Source)
	at org.apache.hadoop.ozone.protocolPB.StorageContainerDatanodeProtocolClientSideTranslatorPB.submitRequest(StorageContainerDatanodeProtocolClientSideTranslatorPB.java:117)
	at org.apache.hadoop.ozone.protocolPB.StorageContainerDatanodeProtocolClientSideTranslatorPB.sendHeartbeat(StorageContainerDatanodeProtocolClientSideTranslatorPB.java:149)
	at org.apache.hadoop.ozone.container.common.states.endpoint.HeartbeatEndpointTask.call(HeartbeatEndpointTask.java:185)
	at org.apache.hadoop.ozone.container.common.states.endpoint.HeartbeatEndpointTask.call(HeartbeatEndpointTask.java:87)
	at java.util.concurrent.FutureTask.run(FutureTask.java:266)
	at java.util.concurrent.ThreadPoolExecutor.runWorker(ThreadPoolExecutor.java:1149)
	at java.util.concurrent.ThreadPoolExecutor$Worker.run(ThreadPoolExecutor.java:624)
	at java.lang.Thread.run(Thread.java:750)
Caused by: java.io.EOFException
	at java.io.DataInputStream.readInt(DataInputStream.java:392)
	at org.apache.hadoop.ipc.Client$IpcStreams.readResponse(Client.java:1922)
	at org.apache.hadoop.ipc.Client$Connection.receiveRpcResponse(Client.java:1238)
	at org.apache.hadoop.ipc.Client$Connection.run(Client.java:1134)
2022-11-09 16:19:21,938 [EndpointStateMachine task thread for /127.0.0.1:44507 - 0 ] WARN  statemachine.EndpointStateMachine (EndpointStateMachine.java:logIfNeeded(242)) - Unable to communicate to SCM server at 127.0.0.1:44507 for past 0 seconds.
java.io.EOFException: End of File Exception between local host is: "fv-az91-492/10.1.0.111"; destination host is: "localhost":44507; : java.io.EOFException; For more details see:  http://wiki.apache.org/hadoop/EOFException
	at sun.reflect.NativeConstructorAccessorImpl.newInstance0(Native Method)
	at sun.reflect.NativeConstructorAccessorImpl.newInstance(NativeConstructorAccessorImpl.java:62)
	at sun.reflect.DelegatingConstructorAccessorImpl.newInstance(DelegatingConstructorAccessorImpl.java:45)
	at java.lang.reflect.Constructor.newInstance(Constructor.java:423)
	at org.apache.hadoop.net.NetUtils.wrapWithMessage(NetUtils.java:913)
	at org.apache.hadoop.net.NetUtils.wrapException(NetUtils.java:862)
	at org.apache.hadoop.ipc.Client.getRpcResponse(Client.java:1616)
	at org.apache.hadoop.ipc.Client.call(Client.java:1558)
	at org.apache.hadoop.ipc.Client.call(Client.java:1455)
	at org.apache.hadoop.ipc.ProtobufRpcEngine$Invoker.invoke(ProtobufRpcEngine.java:235)
	at org.apache.hadoop.ipc.ProtobufRpcEngine$Invoker.invoke(ProtobufRpcEngine.java:122)
	at com.sun.proxy.$Proxy51.submitRequest(Unknown Source)
	at org.apache.hadoop.ozone.protocolPB.StorageContainerDatanodeProtocolClientSideTranslatorPB.submitRequest(StorageContainerDatanodeProtocolClientSideTranslatorPB.java:117)
	at org.apache.hadoop.ozone.protocolPB.StorageContainerDatanodeProtocolClientSideTranslatorPB.sendHeartbeat(StorageContainerDatanodeProtocolClientSideTranslatorPB.java:149)
	at org.apache.hadoop.ozone.container.common.states.endpoint.HeartbeatEndpointTask.call(HeartbeatEndpointTask.java:185)
	at org.apache.hadoop.ozone.container.common.states.endpoint.HeartbeatEndpointTask.call(HeartbeatEndpointTask.java:87)
	at java.util.concurrent.FutureTask.run(FutureTask.java:266)
	at java.util.concurrent.ThreadPoolExecutor.runWorker(ThreadPoolExecutor.java:1149)
	at java.util.concurrent.ThreadPoolExecutor$Worker.run(ThreadPoolExecutor.java:624)
	at java.lang.Thread.run(Thread.java:750)
Caused by: java.io.EOFException
	at java.io.DataInputStream.readInt(DataInputStream.java:392)
	at org.apache.hadoop.ipc.Client$IpcStreams.readResponse(Client.java:1922)
	at org.apache.hadoop.ipc.Client$Connection.receiveRpcResponse(Client.java:1238)
	at org.apache.hadoop.ipc.Client$Connection.run(Client.java:1134)
2022-11-09 16:19:22,937 [EndpointStateMachine task thread for /127.0.0.1:35701 - 0 ] INFO  ipc.Client (Client.java:handleConnectionFailure(1010)) - Retrying connect to server: localhost/127.0.0.1:35701. Already tried 0 time(s); retry policy is RetryUpToMaximumCountWithFixedSleep(maxRetries=15, sleepTime=1000 MILLISECONDS)
2022-11-09 16:19:22,981 [grpc-default-executor-5] WARN  server.GrpcLogAppender (LogUtils.java:warn(122)) - b72141cc-d5cc-4373-b066-0e22769f6f76@group-FABB0032522B->2b0403aa-f9f3-4c84-9f99-08ca89661127-AppendLogResponseHandler: Failed appendEntries: org.apache.ratis.thirdparty.io.grpc.StatusRuntimeException: UNAVAILABLE: io exception
2022-11-09 16:19:22,981 [grpc-default-executor-2] WARN  server.GrpcLogAppender (LogUtils.java:warn(122)) - b72141cc-d5cc-4373-b066-0e22769f6f76@group-FABB0032522B->2b0403aa-f9f3-4c84-9f99-08ca89661127-AppendLogResponseHandler: Failed appendEntries: org.apache.ratis.thirdparty.io.grpc.StatusRuntimeException: UNAVAILABLE: io exception
2022-11-09 16:19:22,982 [grpc-default-executor-5] INFO  leader.FollowerInfo (FollowerInfoImpl.java:lambda$new$0(48)) - b72141cc-d5cc-4373-b066-0e22769f6f76@group-FABB0032522B->2b0403aa-f9f3-4c84-9f99-08ca89661127: nextIndex: updateUnconditionally 28 -> 27
2022-11-09 16:19:22,982 [grpc-default-executor-2] INFO  leader.FollowerInfo (FollowerInfoImpl.java:lambda$new$0(48)) - b72141cc-d5cc-4373-b066-0e22769f6f76@group-FABB0032522B->2b0403aa-f9f3-4c84-9f99-08ca89661127: nextIndex: updateUnconditionally 27 -> 26
2022-11-09 16:19:22,983 [grpc-default-executor-2] WARN  server.GrpcLogAppender (LogUtils.java:warn(122)) - b72141cc-d5cc-4373-b066-0e22769f6f76@group-FABB0032522B->622c10ad-5518-4f12-b7b6-fef968aa587d-AppendLogResponseHandler: Failed appendEntries: org.apache.ratis.thirdparty.io.grpc.StatusRuntimeException: UNAVAILABLE: io exception
2022-11-09 16:19:22,983 [grpc-default-executor-2] INFO  leader.FollowerInfo (FollowerInfoImpl.java:lambda$new$0(48)) - b72141cc-d5cc-4373-b066-0e22769f6f76@group-FABB0032522B->622c10ad-5518-4f12-b7b6-fef968aa587d: nextIndex: updateUnconditionally 28 -> 27
2022-11-09 16:19:22,985 [grpc-default-executor-5] WARN  server.GrpcLogAppender (LogUtils.java:warn(122)) - b72141cc-d5cc-4373-b066-0e22769f6f76@group-FABB0032522B->622c10ad-5518-4f12-b7b6-fef968aa587d-AppendLogResponseHandler: Failed appendEntries: org.apache.ratis.thirdparty.io.grpc.StatusRuntimeException: UNAVAILABLE: io exception
2022-11-09 16:19:22,985 [grpc-default-executor-5] INFO  leader.FollowerInfo (FollowerInfoImpl.java:lambda$new$0(48)) - b72141cc-d5cc-4373-b066-0e22769f6f76@group-FABB0032522B->622c10ad-5518-4f12-b7b6-fef968aa587d: nextIndex: updateUnconditionally 27 -> 26
2022-11-09 16:19:22,991 [grpc-default-executor-5] WARN  server.GrpcLogAppender (LogUtils.java:warn(122)) - b72141cc-d5cc-4373-b066-0e22769f6f76@group-FABB0032522B->2b0403aa-f9f3-4c84-9f99-08ca89661127-AppendLogResponseHandler: Failed appendEntries: org.apache.ratis.thirdparty.io.grpc.StatusRuntimeException: UNAVAILABLE: io exception
2022-11-09 16:19:22,991 [grpc-default-executor-2] WARN  server.GrpcLogAppender (LogUtils.java:warn(122)) - b72141cc-d5cc-4373-b066-0e22769f6f76@group-FABB0032522B->2b0403aa-f9f3-4c84-9f99-08ca89661127-AppendLogResponseHandler: Failed appendEntries: org.apache.ratis.thirdparty.io.grpc.StatusRuntimeException: UNAVAILABLE: io exception
2022-11-09 16:19:22,992 [grpc-default-executor-5] INFO  leader.FollowerInfo (FollowerInfoImpl.java:lambda$new$0(48)) - b72141cc-d5cc-4373-b066-0e22769f6f76@group-FABB0032522B->2b0403aa-f9f3-4c84-9f99-08ca89661127: nextIndex: updateUnconditionally 31 -> 30
2022-11-09 16:19:22,993 [grpc-default-executor-5] WARN  server.GrpcLogAppender (LogUtils.java:warn(122)) - b72141cc-d5cc-4373-b066-0e22769f6f76@group-FABB0032522B->622c10ad-5518-4f12-b7b6-fef968aa587d-AppendLogResponseHandler: Failed appendEntries: org.apache.ratis.thirdparty.io.grpc.StatusRuntimeException: UNAVAILABLE: io exception
2022-11-09 16:19:22,993 [grpc-default-executor-2] INFO  leader.FollowerInfo (FollowerInfoImpl.java:lambda$new$0(48)) - b72141cc-d5cc-4373-b066-0e22769f6f76@group-FABB0032522B->2b0403aa-f9f3-4c84-9f99-08ca89661127: nextIndex: updateUnconditionally 30 -> 29
2022-11-09 16:19:22,993 [grpc-default-executor-6] WARN  server.GrpcLogAppender (LogUtils.java:warn(122)) - b72141cc-d5cc-4373-b066-0e22769f6f76@group-FABB0032522B->622c10ad-5518-4f12-b7b6-fef968aa587d-AppendLogResponseHandler: Failed appendEntries: org.apache.ratis.thirdparty.io.grpc.StatusRuntimeException: UNAVAILABLE: io exception
2022-11-09 16:19:22,994 [grpc-default-executor-5] INFO  leader.FollowerInfo (FollowerInfoImpl.java:lambda$new$0(48)) - b72141cc-d5cc-4373-b066-0e22769f6f76@group-FABB0032522B->622c10ad-5518-4f12-b7b6-fef968aa587d: nextIndex: updateUnconditionally 31 -> 30
2022-11-09 16:19:22,994 [grpc-default-executor-6] INFO  leader.FollowerInfo (FollowerInfoImpl.java:lambda$new$0(48)) - b72141cc-d5cc-4373-b066-0e22769f6f76@group-FABB0032522B->622c10ad-5518-4f12-b7b6-fef968aa587d: nextIndex: updateUnconditionally 30 -> 29
2022-11-09 16:19:23,321 [EndpointStateMachine task thread for /127.0.0.1:44507 - 0 ] INFO  ipc.Client (Client.java:handleConnectionFailure(1010)) - Retrying connect to server: localhost/127.0.0.1:44507. Already tried 0 time(s); retry policy is RetryUpToMaximumCountWithFixedSleep(maxRetries=15, sleepTime=1000 MILLISECONDS)
2022-11-09 16:19:23,324 [EndpointStateMachine task thread for /127.0.0.1:44989 - 0 ] INFO  ipc.Client (Client.java:handleConnectionFailure(1010)) - Retrying connect to server: localhost/127.0.0.1:44989. Already tried 0 time(s); retry policy is RetryUpToMaximumCountWithFixedSleep(maxRetries=15, sleepTime=1000 MILLISECONDS)
2022-11-09 16:19:23,691 [SCM Heartbeat Processing Thread - 0] WARN  node.NodeStateManager (NodeStateManager.java:scheduleNextHealthCheck(870)) - Current Thread is interrupted, shutting down HB processing thread for Node Manager.
2022-11-09 16:19:23,691 [Listener at 127.0.0.1/42701] INFO  server.StorageContainerManager (StorageContainerManager.java:stop(1581)) - Stopping block service RPC server
2022-11-09 16:19:23,691 [Listener at 127.0.0.1/42701] INFO  server.SCMBlockProtocolServer (SCMBlockProtocolServer.java:stop(161)) - Stopping the RPC server for Block Protocol
2022-11-09 16:19:23,691 [Listener at 127.0.0.1/42701] INFO  ipc.Server (Server.java:stop(3428)) - Stopping server on 46207
2022-11-09 16:19:23,698 [Listener at 127.0.0.1/42701] INFO  server.StorageContainerManager (StorageContainerManager.java:stop(1588)) - Stopping the StorageContainerLocationProtocol RPC server
2022-11-09 16:19:23,698 [Listener at 127.0.0.1/42701] INFO  server.SCMClientProtocolServer (SCMClientProtocolServer.java:stop(179)) - Stopping the RPC server for Client Protocol
2022-11-09 16:19:23,698 [Listener at 127.0.0.1/42701] INFO  ipc.Server (Server.java:stop(3428)) - Stopping server on 44125
2022-11-09 16:19:23,698 [IPC Server Responder] INFO  ipc.Server (Server.java:run(1517)) - Stopping IPC Server Responder
2022-11-09 16:19:23,698 [IPC Server listener on 46207] INFO  ipc.Server (Server.java:run(1384)) - Stopping IPC Server listener on 46207
2022-11-09 16:19:23,709 [Listener at 127.0.0.1/42701] INFO  server.StorageContainerManager (StorageContainerManager.java:stop(1595)) - Stopping Storage Container Manager HTTP server.
2022-11-09 16:19:23,710 [Listener at 127.0.0.1/42701] INFO  handler.ContextHandler (ContextHandler.java:doStop(1159)) - Stopped o.e.j.w.WebAppContext@6fdb9c5e{scm,/,null,STOPPED}{file:/home/runner/work/ozone/ozone/hadoop-ozone/integration-test/target/test-classes/webapps/scm}
2022-11-09 16:19:23,710 [IPC Server Responder] INFO  ipc.Server (Server.java:run(1517)) - Stopping IPC Server Responder
2022-11-09 16:19:23,710 [IPC Server listener on 44125] INFO  ipc.Server (Server.java:run(1384)) - Stopping IPC Server listener on 44125
2022-11-09 16:19:23,715 [Listener at 127.0.0.1/42701] INFO  server.AbstractConnector (AbstractConnector.java:doStop(383)) - Stopped ServerConnector@48b1334d{HTTP/1.1, (http/1.1)}{0.0.0.0:36353}
2022-11-09 16:19:23,715 [Listener at 127.0.0.1/42701] INFO  server.session (HouseKeeper.java:stopScavenging(149)) - node0 Stopped scavenging
2022-11-09 16:19:23,716 [Listener at 127.0.0.1/42701] INFO  handler.ContextHandler (ContextHandler.java:doStop(1159)) - Stopped o.e.j.s.ServletContextHandler@9e409ed{static,/static,file:///home/runner/work/ozone/ozone/hadoop-ozone/integration-test/target/test-classes/webapps/static,STOPPED}
2022-11-09 16:19:23,716 [Listener at 127.0.0.1/42701] INFO  handler.ContextHandler (ContextHandler.java:doStop(1159)) - Stopped o.e.j.s.ServletContextHandler@4558998{logs,/logs,file:///home/runner/work/ozone/ozone/hadoop-ozone/integration-test/target/log,STOPPED}
2022-11-09 16:19:23,717 [Listener at 127.0.0.1/42701] INFO  server.StorageContainerManager (StorageContainerManager.java:stop(1601)) - Stopping SCM LayoutVersionManager Service.
2022-11-09 16:19:23,717 [Listener at 127.0.0.1/42701] INFO  server.StorageContainerManager (StorageContainerManager.java:stop(1609)) - Stopping Block Manager Service.
2022-11-09 16:19:23,717 [Listener at 127.0.0.1/42701] INFO  utils.BackgroundService (BackgroundService.java:shutdown(141)) - Shutting down service SCMBlockDeletingService
2022-11-09 16:19:23,718 [Listener at 127.0.0.1/42701] INFO  utils.BackgroundService (BackgroundService.java:shutdown(141)) - Shutting down service SCMBlockDeletingService
2022-11-09 16:19:23,718 [Listener at 127.0.0.1/42701] INFO  server.StorageContainerManager (StorageContainerManager.java:stop(1636)) - Stopping SCM Event Queue.
2022-11-09 16:19:23,721 [Listener at 127.0.0.1/42701] INFO  server.StorageContainerManager (StorageContainerManager.java:stop(1647)) - Stopping SCM HA services.
2022-11-09 16:19:23,721 [Listener at 127.0.0.1/42701] INFO  ha.SCMRatisServerImpl (SCMRatisServerImpl.java:stop(237)) - stopping ratis server 0.0.0.0:44325
2022-11-09 16:19:23,721 [Listener at 127.0.0.1/42701] INFO  server.RaftServer (RaftServerProxy.java:lambda$close$6(409)) - b72141cc-d5cc-4373-b066-0e22769f6f76: close
2022-11-09 16:19:23,722 [Listener at 127.0.0.1/42701] INFO  server.GrpcService (GrpcService.java:closeImpl(279)) - b72141cc-d5cc-4373-b066-0e22769f6f76: shutdown server GrpcServerProtocolService now
2022-11-09 16:19:23,722 [b72141cc-d5cc-4373-b066-0e22769f6f76-impl-thread1] INFO  server.RaftServer$Division (RaftServerImpl.java:lambda$close$4(458)) - b72141cc-d5cc-4373-b066-0e22769f6f76@group-FABB0032522B: shutdown
2022-11-09 16:19:23,722 [b72141cc-d5cc-4373-b066-0e22769f6f76-impl-thread1] INFO  util.JmxRegister (JmxRegister.java:unregister(73)) - Successfully un-registered JMX Bean with object name Ratis:service=RaftServer,group=group-FABB0032522B,id=b72141cc-d5cc-4373-b066-0e22769f6f76
2022-11-09 16:19:23,722 [b72141cc-d5cc-4373-b066-0e22769f6f76-impl-thread1] INFO  impl.RoleInfo (RoleInfo.java:shutdownLeaderState(93)) - b72141cc-d5cc-4373-b066-0e22769f6f76: shutdown b72141cc-d5cc-4373-b066-0e22769f6f76@group-FABB0032522B-LeaderStateImpl
2022-11-09 16:19:23,722 [b72141cc-d5cc-4373-b066-0e22769f6f76-impl-thread1] INFO  impl.PendingRequests (PendingRequests.java:sendNotLeaderResponses(282)) - b72141cc-d5cc-4373-b066-0e22769f6f76@group-FABB0032522B-PendingRequests: sendNotLeaderResponses
2022-11-09 16:19:23,722 [b72141cc-d5cc-4373-b066-0e22769f6f76@group-FABB0032522B->622c10ad-5518-4f12-b7b6-fef968aa587d-GrpcLogAppender-LogAppenderDaemon] WARN  server.GrpcLogAppender (GrpcLogAppender.java:mayWait(200)) - b72141cc-d5cc-4373-b066-0e22769f6f76@group-FABB0032522B->622c10ad-5518-4f12-b7b6-fef968aa587d-GrpcLogAppender: Wait interrupted by java.lang.InterruptedException
2022-11-09 16:19:23,723 [b72141cc-d5cc-4373-b066-0e22769f6f76-impl-thread1] INFO  ha.SCMStateMachine (SCMStateMachine.java:notifyNotLeader(190)) - current leader SCM steps down.
2022-11-09 16:19:23,723 [Listener at 127.0.0.1/42701] INFO  server.GrpcServerProtocolClient (GrpcServerProtocolClient.java:close(111)) - 622c10ad-5518-4f12-b7b6-fef968aa587d Close channels
2022-11-09 16:19:23,723 [b72141cc-d5cc-4373-b066-0e22769f6f76@group-FABB0032522B->2b0403aa-f9f3-4c84-9f99-08ca89661127-GrpcLogAppender-LogAppenderDaemon] WARN  server.GrpcLogAppender (GrpcLogAppender.java:mayWait(200)) - b72141cc-d5cc-4373-b066-0e22769f6f76@group-FABB0032522B->2b0403aa-f9f3-4c84-9f99-08ca89661127-GrpcLogAppender: Wait interrupted by java.lang.InterruptedException
2022-11-09 16:19:23,724 [ForkJoinPool.commonPool-worker-1] INFO  server.GrpcServerProtocolClient (GrpcServerProtocolClient.java:close(111)) - 2b0403aa-f9f3-4c84-9f99-08ca89661127 Close channels
2022-11-09 16:19:23,724 [b72141cc-d5cc-4373-b066-0e22769f6f76-impl-thread1] INFO  ha.SCMContext (SCMContext.java:updateLeaderAndTerm(99)) - update <isLeader,term> from <true,2> to <false,0>
2022-11-09 16:19:23,725 [b72141cc-d5cc-4373-b066-0e22769f6f76-impl-thread1] INFO  ha.SCMContext (SCMContext.java:updateLeaderAndTerm(106)) - update <isLeaderReady> from <false> to <false>
2022-11-09 16:19:23,725 [b72141cc-d5cc-4373-b066-0e22769f6f76-impl-thread1] INFO  BackgroundPipelineScrubber (BackgroundSCMService.java:notifyStatusChanged(88)) - Service BackgroundPipelineScrubber transitions to PAUSING.
2022-11-09 16:19:23,725 [b72141cc-d5cc-4373-b066-0e22769f6f76-impl-thread1] INFO  ExpiredContainerReplicaOpScrubber (BackgroundSCMService.java:notifyStatusChanged(88)) - Service ExpiredContainerReplicaOpScrubber transitions to PAUSING.
2022-11-09 16:19:23,725 [b72141cc-d5cc-4373-b066-0e22769f6f76-impl-thread1] INFO  impl.StateMachineUpdater (StateMachineUpdater.java:stopAndJoin(153)) - b72141cc-d5cc-4373-b066-0e22769f6f76@group-FABB0032522B-StateMachineUpdater: set stopIndex = 30
2022-11-09 16:19:23,726 [b72141cc-d5cc-4373-b066-0e22769f6f76@group-FABB0032522B-StateMachineUpdater] INFO  ha.SCMStateMachine (SCMStateMachine.java:takeSnapshot(297)) - Current Snapshot Index 30, takeSnapshot took 0 ms
2022-11-09 16:19:23,726 [b72141cc-d5cc-4373-b066-0e22769f6f76@group-FABB0032522B-StateMachineUpdater] INFO  impl.StateMachineUpdater (StateMachineUpdater.java:takeSnapshot(287)) - b72141cc-d5cc-4373-b066-0e22769f6f76@group-FABB0032522B-StateMachineUpdater: Took a snapshot at index 30
2022-11-09 16:19:23,726 [b72141cc-d5cc-4373-b066-0e22769f6f76@group-FABB0032522B-StateMachineUpdater] INFO  impl.StateMachineUpdater (StateMachineUpdater.java:lambda$new$0(92)) - b72141cc-d5cc-4373-b066-0e22769f6f76@group-FABB0032522B-StateMachineUpdater: snapshotIndex: updateIncreasingly -1 -> 30
2022-11-09 16:19:23,726 [b72141cc-d5cc-4373-b066-0e22769f6f76@group-FABB0032522B-StateMachineUpdater] INFO  server.StorageContainerManager (StorageContainerManager.java:stop(1536)) - Storage Container Manager is not running.
2022-11-09 16:19:23,726 [b72141cc-d5cc-4373-b066-0e22769f6f76@group-FABB0032522B-StateMachineUpdater] INFO  server.StorageContainerManager (ExitUtils.java:terminate(131)) - Terminating with exit status 0: scm statemachine is closed by ratis, terminate SCM
2022-11-09 16:19:23,726 [b72141cc-d5cc-4373-b066-0e22769f6f76@group-FABB0032522B-StateMachineUpdater] WARN  impl.StateMachineUpdater (StateMachineUpdater.java:stop(137)) - b72141cc-d5cc-4373-b066-0e22769f6f76@group-FABB0032522B-StateMachineUpdater: Failed to close SCMStateMachine SCMStateMachine:b72141cc-d5cc-4373-b066-0e22769f6f76:group-FABB0032522B
org.apache.ratis.util.ExitUtils$ExitException: scm statemachine is closed by ratis, terminate SCM
	at org.apache.ratis.util.ExitUtils.terminate(ExitUtils.java:141)
	at org.apache.ratis.util.ExitUtils.terminate(ExitUtils.java:151)
	at org.apache.ratis.util.ExitUtils.terminate(ExitUtils.java:155)
	at org.apache.hadoop.hdds.scm.server.StorageContainerManager.shutDown(StorageContainerManager.java:1675)
	at org.apache.hadoop.hdds.scm.ha.SCMStateMachine.close(SCMStateMachine.java:406)
	at org.apache.ratis.server.impl.StateMachineUpdater.stop(StateMachineUpdater.java:134)
	at org.apache.ratis.server.impl.StateMachineUpdater.run(StateMachineUpdater.java:187)
	at java.lang.Thread.run(Thread.java:750)
2022-11-09 16:19:23,727 [b72141cc-d5cc-4373-b066-0e22769f6f76-impl-thread1] INFO  server.RaftServer$Division (ServerState.java:close(466)) - b72141cc-d5cc-4373-b066-0e22769f6f76@group-FABB0032522B: closes. applyIndex: 30
2022-11-09 16:19:23,727 [b72141cc-d5cc-4373-b066-0e22769f6f76@group-FABB0032522B-SegmentedRaftLogWorker] INFO  segmented.SegmentedRaftLogWorker (SegmentedRaftLogWorker.java:run(345)) - b72141cc-d5cc-4373-b066-0e22769f6f76@group-FABB0032522B-SegmentedRaftLogWorker was interrupted, exiting. There are 0 tasks remaining in the queue.
2022-11-09 16:19:23,727 [Listener at 127.0.0.1/42701] INFO  server.GrpcService (GrpcService.java:closeImpl(288)) - b72141cc-d5cc-4373-b066-0e22769f6f76: shutdown server GrpcServerProtocolService successfully
2022-11-09 16:19:23,730 [b72141cc-d5cc-4373-b066-0e22769f6f76-impl-thread1] INFO  segmented.SegmentedRaftLogWorker (SegmentedRaftLogWorker.java:close(255)) - b72141cc-d5cc-4373-b066-0e22769f6f76@group-FABB0032522B-SegmentedRaftLogWorker close()
2022-11-09 16:19:23,730 [JvmPauseMonitor1] INFO  util.JvmPauseMonitor (JvmPauseMonitor.java:run(111)) - JvmPauseMonitor-b72141cc-d5cc-4373-b066-0e22769f6f76: Stopped
2022-11-09 16:19:23,730 [Listener at 127.0.0.1/42701] INFO  pipeline.BackgroundPipelineCreator (BackgroundPipelineCreator.java:stop(149)) - Stopping RatisPipelineUtilsThread.
2022-11-09 16:19:23,731 [RatisPipelineUtilsThread - 0] WARN  pipeline.BackgroundPipelineCreator (BackgroundPipelineCreator.java:run(180)) - RatisPipelineUtilsThread is interrupted.
2022-11-09 16:19:23,731 [Listener at 127.0.0.1/42701] INFO  BackgroundPipelineScrubber (BackgroundSCMService.java:stop(131)) - Stopping BackgroundPipelineScrubber Service.
2022-11-09 16:19:23,731 [BackgroundPipelineScrubberThread] WARN  BackgroundPipelineScrubber (BackgroundSCMService.java:run(115)) - BackgroundPipelineScrubber is interrupted, exit
2022-11-09 16:19:23,731 [Listener at 127.0.0.1/42701] INFO  impl.MetricsSystemImpl (MetricsSystemImpl.java:stop(205)) - HddsDatanode metrics system stopped (again)
2022-11-09 16:19:23,731 [Listener at 127.0.0.1/42701] WARN  pipeline.BackgroundPipelineCreator (BackgroundPipelineCreator.java:stop(145)) - RatisPipelineUtilsThread is not running, just ignore.
2022-11-09 16:19:23,731 [Listener at 127.0.0.1/42701] INFO  BackgroundPipelineScrubber (BackgroundSCMService.java:stop(126)) - BackgroundPipelineScrubber Service is not running, skip stop.
2022-11-09 16:19:23,731 [Listener at 127.0.0.1/42701] INFO  ExpiredContainerReplicaOpScrubber (BackgroundSCMService.java:stop(131)) - Stopping ExpiredContainerReplicaOpScrubber Service.
2022-11-09 16:19:23,731 [ExpiredContainerReplicaOpScrubberThread] WARN  ExpiredContainerReplicaOpScrubber (BackgroundSCMService.java:run(115)) - ExpiredContainerReplicaOpScrubber is interrupted, exit
2022-11-09 16:19:23,731 [Listener at 127.0.0.1/42701] INFO  utils.BackgroundService (BackgroundService.java:shutdown(141)) - Shutting down service SCMBlockDeletingService
2022-11-09 16:19:23,731 [Listener at 127.0.0.1/42701] INFO  replication.ReplicationManager (ReplicationManager.java:stop(282)) - Replication Monitor Thread is not running.
2022-11-09 16:19:23,731 [Listener at 127.0.0.1/42701] WARN  balancer.ContainerBalancer (ContainerBalancer.java:stop(322)) - Cannot stop Container Balancer because it's not running or stopping
2022-11-09 16:19:23,731 [Listener at 127.0.0.1/42701] INFO  server.StorageContainerManager (StorageContainerManager.java:stop(1665)) - Stopping SCM MetadataStore.
2022-11-09 16:19:23,733 [Listener at 127.0.0.1/42701] INFO  ozone.MiniOzoneClusterImpl (MiniOzoneClusterImpl.java:stop(463)) - Stopping the Mini Ozone Cluster
2022-11-09 16:19:23,733 [Listener at 127.0.0.1/42701] INFO  ozone.MiniOzoneClusterImpl (MiniOzoneClusterImpl.java:stopDatanodes(522)) - Stopping the HddsDatanodes
2022-11-09 16:19:23,938 [EndpointStateMachine task thread for /127.0.0.1:35701 - 0 ] INFO  ipc.Client (Client.java:handleConnectionFailure(1010)) - Retrying connect to server: localhost/127.0.0.1:35701. Already tried 1 time(s); retry policy is RetryUpToMaximumCountWithFixedSleep(maxRetries=15, sleepTime=1000 MILLISECONDS)
2022-11-09 16:19:24,322 [ForkJoinPool.commonPool-worker-1] INFO  ozoneimpl.OzoneContainer (OzoneContainer.java:stop(400)) - Attempting to stop container services.
2022-11-09 16:19:24,322 [EndpointStateMachine task thread for /127.0.0.1:44507 - 0 ] INFO  ipc.Client (Client.java:handleConnectionFailure(1010)) - Retrying connect to server: localhost/127.0.0.1:44507. Already tried 1 time(s); retry policy is RetryUpToMaximumCountWithFixedSleep(maxRetries=15, sleepTime=1000 MILLISECONDS)
2022-11-09 16:19:24,323 [ForkJoinPool.commonPool-worker-1] INFO  server.RaftServer (RaftServerProxy.java:lambda$close$6(409)) - b2c93a51-a95c-4f35-b86d-509595609ea9: close
2022-11-09 16:19:24,323 [b2c93a51-a95c-4f35-b86d-509595609ea9-impl-thread1] INFO  server.RaftServer$Division (RaftServerImpl.java:lambda$close$4(458)) - b2c93a51-a95c-4f35-b86d-509595609ea9@group-32287F085B78: shutdown
2022-11-09 16:19:24,323 [b2c93a51-a95c-4f35-b86d-509595609ea9-impl-thread1] INFO  util.JmxRegister (JmxRegister.java:unregister(73)) - Successfully un-registered JMX Bean with object name Ratis:service=RaftServer,group=group-32287F085B78,id=b2c93a51-a95c-4f35-b86d-509595609ea9
2022-11-09 16:19:24,324 [b2c93a51-a95c-4f35-b86d-509595609ea9-impl-thread1] INFO  impl.RoleInfo (RoleInfo.java:shutdownLeaderState(93)) - b2c93a51-a95c-4f35-b86d-509595609ea9: shutdown b2c93a51-a95c-4f35-b86d-509595609ea9@group-32287F085B78-LeaderStateImpl
2022-11-09 16:19:24,324 [b2c93a51-a95c-4f35-b86d-509595609ea9-impl-thread2] INFO  server.RaftServer$Division (RaftServerImpl.java:lambda$close$4(458)) - b2c93a51-a95c-4f35-b86d-509595609ea9@group-0A2B984E6862: shutdown
2022-11-09 16:19:24,324 [ForkJoinPool.commonPool-worker-1] INFO  server.GrpcService (GrpcService.java:closeImpl(279)) - b2c93a51-a95c-4f35-b86d-509595609ea9: shutdown server GrpcServerProtocolService now
2022-11-09 16:19:24,324 [b2c93a51-a95c-4f35-b86d-509595609ea9-impl-thread2] INFO  util.JmxRegister (JmxRegister.java:unregister(73)) - Successfully un-registered JMX Bean with object name Ratis:service=RaftServer,group=group-0A2B984E6862,id=b2c93a51-a95c-4f35-b86d-509595609ea9
2022-11-09 16:19:24,326 [b2c93a51-a95c-4f35-b86d-509595609ea9-impl-thread2] INFO  impl.RoleInfo (RoleInfo.java:shutdownLeaderState(93)) - b2c93a51-a95c-4f35-b86d-509595609ea9: shutdown b2c93a51-a95c-4f35-b86d-509595609ea9@group-0A2B984E6862-LeaderStateImpl
2022-11-09 16:19:24,326 [b2c93a51-a95c-4f35-b86d-509595609ea9-impl-thread2] INFO  impl.PendingRequests (PendingRequests.java:sendNotLeaderResponses(282)) - b2c93a51-a95c-4f35-b86d-509595609ea9@group-0A2B984E6862-PendingRequests: sendNotLeaderResponses
2022-11-09 16:19:24,327 [grpc-default-executor-4] WARN  server.GrpcServerProtocolService (LogUtils.java:warn(122)) - b2c93a51-a95c-4f35-b86d-509595609ea9: installSnapshot onError, lastRequest: null: org.apache.ratis.thirdparty.io.grpc.StatusRuntimeException: CANCELLED: client cancelled
2022-11-09 16:19:24,326 [b2c93a51-a95c-4f35-b86d-509595609ea9-impl-thread3] INFO  server.RaftServer$Division (RaftServerImpl.java:lambda$close$4(458)) - b2c93a51-a95c-4f35-b86d-509595609ea9@group-9092D43F070D: shutdown
2022-11-09 16:19:24,327 [b2c93a51-a95c-4f35-b86d-509595609ea9-impl-thread3] INFO  util.JmxRegister (JmxRegister.java:unregister(73)) - Successfully un-registered JMX Bean with object name Ratis:service=RaftServer,group=group-9092D43F070D,id=b2c93a51-a95c-4f35-b86d-509595609ea9
2022-11-09 16:19:24,327 [b2c93a51-a95c-4f35-b86d-509595609ea9-impl-thread3] INFO  impl.RoleInfo (RoleInfo.java:shutdownFollowerState(110)) - b2c93a51-a95c-4f35-b86d-509595609ea9: shutdown b2c93a51-a95c-4f35-b86d-509595609ea9@group-9092D43F070D-FollowerState
2022-11-09 16:19:24,327 [b2c93a51-a95c-4f35-b86d-509595609ea9@group-9092D43F070D-FollowerState] INFO  impl.FollowerState (FollowerState.java:run(152)) - b2c93a51-a95c-4f35-b86d-509595609ea9@group-9092D43F070D-FollowerState was interrupted
2022-11-09 16:19:24,328 [b2c93a51-a95c-4f35-b86d-509595609ea9@group-9092D43F070D-StateMachineUpdater] INFO  ratis.ContainerStateMachine (ContainerStateMachine.java:takeSnapshot(304)) - group-9092D43F070D: Taking a snapshot at:(t:1, i:0) file /home/runner/work/ozone/ozone/hadoop-ozone/integration-test/target/test-dir/MiniOzoneClusterImpl-5b74f3a4-74d7-4700-a005-fabb0032522b/datanode-0/data/ratis/21abcab8-d120-483e-bf06-9092d43f070d/sm/snapshot.1_0
2022-11-09 16:19:24,332 [grpc-default-executor-5] WARN  server.GrpcServerProtocolService (LogUtils.java:warn(122)) - b2c93a51-a95c-4f35-b86d-509595609ea9: installSnapshot onError, lastRequest: 0f4d65c1-9a91-4277-90d2-948c429b5f4c->b2c93a51-a95c-4f35-b86d-509595609ea9#1-t1,previous=(t:0, i:0),leaderCommit=-1,initializing? true,entries: size=1, first=(t:1, i:0), CONFIGURATIONENTRY(current:id: "b2c93a51-a95c-4f35-b86d-509595609ea9"
address: "127.0.0.1:46167"
clientAddress: "127.0.0.1:46167"
adminAddress: "127.0.0.1:46167"
startupRole: FOLLOWER
,id: "0f4d65c1-9a91-4277-90d2-948c429b5f4c"
address: "127.0.0.1:44283"
priority: 1
clientAddress: "127.0.0.1:44283"
adminAddress: "127.0.0.1:44283"
startupRole: FOLLOWER
,id: "c305175a-c10c-4712-990e-ad58ba6eeba7"
address: "127.0.0.1:43159"
clientAddress: "127.0.0.1:43159"
adminAddress: "127.0.0.1:43159"
startupRole: FOLLOWER
, old:): org.apache.ratis.thirdparty.io.grpc.StatusRuntimeException: CANCELLED: client cancelled
2022-11-09 16:19:24,332 [grpc-default-executor-1] WARN  server.GrpcLogAppender (LogUtils.java:warn(122)) - 0f4d65c1-9a91-4277-90d2-948c429b5f4c@group-9092D43F070D->b2c93a51-a95c-4f35-b86d-509595609ea9-AppendLogResponseHandler: Failed appendEntries: org.apache.ratis.thirdparty.io.grpc.StatusRuntimeException: CANCELLED: RST_STREAM closed stream. HTTP/2 error code: CANCEL
2022-11-09 16:19:24,333 [grpc-default-executor-1] WARN  server.GrpcLogAppender (GrpcLogAppender.java:resetClient(131)) - 0f4d65c1-9a91-4277-90d2-948c429b5f4c@group-9092D43F070D->b2c93a51-a95c-4f35-b86d-509595609ea9-GrpcLogAppender: Leader has not got in touch with Follower 0f4d65c1-9a91-4277-90d2-948c429b5f4c@group-9092D43F070D->b2c93a51-a95c-4f35-b86d-509595609ea9(c0,m0,n1, attendVote=true, lastRpcSendTime=1312, lastRpcResponseTime=1310) yet, just keep nextIndex unchanged and retry.
2022-11-09 16:19:24,333 [grpc-default-executor-0] WARN  server.GrpcLogAppender (LogUtils.java:warn(122)) - 0f4d65c1-9a91-4277-90d2-948c429b5f4c@group-9092D43F070D->b2c93a51-a95c-4f35-b86d-509595609ea9-AppendLogResponseHandler: Failed appendEntries: org.apache.ratis.thirdparty.io.grpc.StatusRuntimeException: CANCELLED: RST_STREAM closed stream. HTTP/2 error code: CANCEL
2022-11-09 16:19:24,333 [grpc-default-executor-0] WARN  server.GrpcLogAppender (GrpcLogAppender.java:resetClient(131)) - 0f4d65c1-9a91-4277-90d2-948c429b5f4c@group-9092D43F070D->b2c93a51-a95c-4f35-b86d-509595609ea9-GrpcLogAppender: Leader has not got in touch with Follower 0f4d65c1-9a91-4277-90d2-948c429b5f4c@group-9092D43F070D->b2c93a51-a95c-4f35-b86d-509595609ea9(c0,m0,n1, attendVote=true, lastRpcSendTime=1312, lastRpcResponseTime=1310) yet, just keep nextIndex unchanged and retry.
2022-11-09 16:19:24,324 [b2c93a51-a95c-4f35-b86d-509595609ea9-impl-thread1] INFO  impl.PendingRequests (PendingRequests.java:sendNotLeaderResponses(282)) - b2c93a51-a95c-4f35-b86d-509595609ea9@group-32287F085B78-PendingRequests: sendNotLeaderResponses
2022-11-09 16:19:24,334 [b2c93a51-a95c-4f35-b86d-509595609ea9-impl-thread1] INFO  impl.StateMachineUpdater (StateMachineUpdater.java:stopAndJoin(153)) - b2c93a51-a95c-4f35-b86d-509595609ea9@group-32287F085B78-StateMachineUpdater: set stopIndex = 0
2022-11-09 16:19:24,334 [b2c93a51-a95c-4f35-b86d-509595609ea9@group-32287F085B78-StateMachineUpdater] INFO  ratis.ContainerStateMachine (ContainerStateMachine.java:takeSnapshot(304)) - group-32287F085B78: Taking a snapshot at:(t:1, i:0) file /home/runner/work/ozone/ozone/hadoop-ozone/integration-test/target/test-dir/MiniOzoneClusterImpl-5b74f3a4-74d7-4700-a005-fabb0032522b/datanode-0/data/ratis/389e4be9-7155-4403-a4d8-32287f085b78/sm/snapshot.1_0
2022-11-09 16:19:24,326 [EndpointStateMachine task thread for /127.0.0.1:44989 - 0 ] INFO  ipc.Client (Client.java:handleConnectionFailure(1010)) - Retrying connect to server: localhost/127.0.0.1:44989. Already tried 1 time(s); retry policy is RetryUpToMaximumCountWithFixedSleep(maxRetries=15, sleepTime=1000 MILLISECONDS)
2022-11-09 16:19:24,326 [ForkJoinPool.commonPool-worker-1] INFO  server.GrpcServerProtocolClient (GrpcServerProtocolClient.java:close(111)) - c305175a-c10c-4712-990e-ad58ba6eeba7 Close channels
2022-11-09 16:19:24,324 [b2c93a51-a95c-4f35-b86d-509595609ea9@group-32287F085B78->c305175a-c10c-4712-990e-ad58ba6eeba7-GrpcLogAppender-LogAppenderDaemon] WARN  server.GrpcLogAppender (GrpcLogAppender.java:mayWait(200)) - b2c93a51-a95c-4f35-b86d-509595609ea9@group-32287F085B78->c305175a-c10c-4712-990e-ad58ba6eeba7-GrpcLogAppender: Wait interrupted by java.lang.InterruptedException
2022-11-09 16:19:24,324 [b2c93a51-a95c-4f35-b86d-509595609ea9@group-32287F085B78->0f4d65c1-9a91-4277-90d2-948c429b5f4c-GrpcLogAppender-LogAppenderDaemon] WARN  server.GrpcLogAppender (GrpcLogAppender.java:mayWait(200)) - b2c93a51-a95c-4f35-b86d-509595609ea9@group-32287F085B78->0f4d65c1-9a91-4277-90d2-948c429b5f4c-GrpcLogAppender: Wait interrupted by java.lang.InterruptedException
2022-11-09 16:19:24,338 [b2c93a51-a95c-4f35-b86d-509595609ea9-impl-thread3] INFO  impl.StateMachineUpdater (StateMachineUpdater.java:stopAndJoin(153)) - b2c93a51-a95c-4f35-b86d-509595609ea9@group-9092D43F070D-StateMachineUpdater: set stopIndex = 0
2022-11-09 16:19:24,339 [grpc-default-executor-4] INFO  server.GrpcServerProtocolService (GrpcServerProtocolService.java:onCompleted(145)) - c305175a-c10c-4712-990e-ad58ba6eeba7: Completed APPEND_ENTRIES, lastRequest: null
2022-11-09 16:19:24,339 [grpc-default-executor-2] INFO  server.GrpcServerProtocolService (GrpcServerProtocolService.java:onCompleted(145)) - c305175a-c10c-4712-990e-ad58ba6eeba7: Completed APPEND_ENTRIES, lastRequest: b2c93a51-a95c-4f35-b86d-509595609ea9->c305175a-c10c-4712-990e-ad58ba6eeba7#1-t1,previous=(t:0, i:0),leaderCommit=-1,initializing? true,entries: size=1, first=(t:1, i:0), CONFIGURATIONENTRY(current:id: "b2c93a51-a95c-4f35-b86d-509595609ea9"
address: "127.0.0.1:46167"
priority: 1
clientAddress: "127.0.0.1:46167"
adminAddress: "127.0.0.1:46167"
startupRole: FOLLOWER
,id: "c305175a-c10c-4712-990e-ad58ba6eeba7"
address: "127.0.0.1:43159"
clientAddress: "127.0.0.1:43159"
adminAddress: "127.0.0.1:43159"
startupRole: FOLLOWER
,id: "0f4d65c1-9a91-4277-90d2-948c429b5f4c"
address: "127.0.0.1:44283"
clientAddress: "127.0.0.1:44283"
adminAddress: "127.0.0.1:44283"
startupRole: FOLLOWER
, old:)
2022-11-09 16:19:24,339 [grpc-default-executor-6] INFO  server.GrpcServerProtocolService (GrpcServerProtocolService.java:onCompleted(145)) - 0f4d65c1-9a91-4277-90d2-948c429b5f4c: Completed APPEND_ENTRIES, lastRequest: b2c93a51-a95c-4f35-b86d-509595609ea9->0f4d65c1-9a91-4277-90d2-948c429b5f4c#1-t1,previous=(t:0, i:0),leaderCommit=0,initializing? true,entries: size=1, first=(t:1, i:0), CONFIGURATIONENTRY(current:id: "b2c93a51-a95c-4f35-b86d-509595609ea9"
address: "127.0.0.1:46167"
priority: 1
clientAddress: "127.0.0.1:46167"
adminAddress: "127.0.0.1:46167"
startupRole: FOLLOWER
,id: "c305175a-c10c-4712-990e-ad58ba6eeba7"
address: "127.0.0.1:43159"
clientAddress: "127.0.0.1:43159"
adminAddress: "127.0.0.1:43159"
startupRole: FOLLOWER
,id: "0f4d65c1-9a91-4277-90d2-948c429b5f4c"
address: "127.0.0.1:44283"
clientAddress: "127.0.0.1:44283"
adminAddress: "127.0.0.1:44283"
startupRole: FOLLOWER
, old:)
2022-11-09 16:19:24,340 [grpc-default-executor-0] INFO  server.GrpcServerProtocolService (GrpcServerProtocolService.java:onCompleted(145)) - 0f4d65c1-9a91-4277-90d2-948c429b5f4c: Completed APPEND_ENTRIES, lastRequest: null
2022-11-09 16:19:24,340 [grpc-default-executor-0] INFO  server.GrpcLogAppender (GrpcLogAppender.java:onCompleted(415)) - b2c93a51-a95c-4f35-b86d-509595609ea9@group-32287F085B78->c305175a-c10c-4712-990e-ad58ba6eeba7-AppendLogResponseHandler: follower responses appendEntries COMPLETED
2022-11-09 16:19:24,340 [grpc-default-executor-0] WARN  server.GrpcLogAppender (GrpcLogAppender.java:resetClient(137)) - b2c93a51-a95c-4f35-b86d-509595609ea9@group-32287F085B78->c305175a-c10c-4712-990e-ad58ba6eeba7-GrpcLogAppender: Failed to getClient for c305175a-c10c-4712-990e-ad58ba6eeba7
org.apache.ratis.protocol.exceptions.AlreadyClosedException: b2c93a51-a95c-4f35-b86d-509595609ea9 is already CLOSED
	at org.apache.ratis.util.PeerProxyMap$PeerAndProxy.getProxy(PeerProxyMap.java:61)
	at org.apache.ratis.util.PeerProxyMap.getProxy(PeerProxyMap.java:115)
	at org.apache.ratis.grpc.server.GrpcLogAppender.getClient(GrpcLogAppender.java:116)
	at org.apache.ratis.grpc.server.GrpcLogAppender.resetClient(GrpcLogAppender.java:121)
	at org.apache.ratis.grpc.server.GrpcLogAppender.access$500(GrpcLogAppender.java:58)
	at org.apache.ratis.grpc.server.GrpcLogAppender$AppendLogResponseHandler.onCompleted(GrpcLogAppender.java:416)
	at org.apache.ratis.thirdparty.io.grpc.stub.ClientCalls$StreamObserverToCallListenerAdapter.onClose(ClientCalls.java:485)
	at org.apache.ratis.thirdparty.io.grpc.internal.ClientCallImpl.closeObserver(ClientCallImpl.java:562)
	at org.apache.ratis.thirdparty.io.grpc.internal.ClientCallImpl.access$300(ClientCallImpl.java:70)
	at org.apache.ratis.thirdparty.io.grpc.internal.ClientCallImpl$ClientStreamListenerImpl$1StreamClosed.runInternal(ClientCallImpl.java:743)
	at org.apache.ratis.thirdparty.io.grpc.internal.ClientCallImpl$ClientStreamListenerImpl$1StreamClosed.runInContext(ClientCallImpl.java:722)
	at org.apache.ratis.thirdparty.io.grpc.internal.ContextRunnable.run(ContextRunnable.java:37)
	at org.apache.ratis.thirdparty.io.grpc.internal.SerializingExecutor.run(SerializingExecutor.java:133)
	at java.util.concurrent.ThreadPoolExecutor.runWorker(ThreadPoolExecutor.java:1149)
	at java.util.concurrent.ThreadPoolExecutor$Worker.run(ThreadPoolExecutor.java:624)
	at java.lang.Thread.run(Thread.java:750)
2022-11-09 16:19:24,341 [grpc-default-executor-6] INFO  server.GrpcLogAppender (GrpcLogAppender.java:onCompleted(415)) - b2c93a51-a95c-4f35-b86d-509595609ea9@group-32287F085B78->c305175a-c10c-4712-990e-ad58ba6eeba7-AppendLogResponseHandler: follower responses appendEntries COMPLETED
2022-11-09 16:19:24,341 [grpc-default-executor-6] WARN  server.GrpcLogAppender (GrpcLogAppender.java:resetClient(137)) - b2c93a51-a95c-4f35-b86d-509595609ea9@group-32287F085B78->c305175a-c10c-4712-990e-ad58ba6eeba7-GrpcLogAppender: Failed to getClient for c305175a-c10c-4712-990e-ad58ba6eeba7
org.apache.ratis.protocol.exceptions.AlreadyClosedException: b2c93a51-a95c-4f35-b86d-509595609ea9 is already CLOSED
	at org.apache.ratis.util.PeerProxyMap$PeerAndProxy.getProxy(PeerProxyMap.java:61)
	at org.apache.ratis.util.PeerProxyMap.getProxy(PeerProxyMap.java:115)
	at org.apache.ratis.grpc.server.GrpcLogAppender.getClient(GrpcLogAppender.java:116)
	at org.apache.ratis.grpc.server.GrpcLogAppender.resetClient(GrpcLogAppender.java:121)
	at org.apache.ratis.grpc.server.GrpcLogAppender.access$500(GrpcLogAppender.java:58)
	at org.apache.ratis.grpc.server.GrpcLogAppender$AppendLogResponseHandler.onCompleted(GrpcLogAppender.java:416)
	at org.apache.ratis.thirdparty.io.grpc.stub.ClientCalls$StreamObserverToCallListenerAdapter.onClose(ClientCalls.java:485)
	at org.apache.ratis.thirdparty.io.grpc.internal.DelayedClientCall$DelayedListener$3.run(DelayedClientCall.java:468)
	at org.apache.ratis.thirdparty.io.grpc.internal.DelayedClientCall$DelayedListener.delayOrExecute(DelayedClientCall.java:432)
	at org.apache.ratis.thirdparty.io.grpc.internal.DelayedClientCall$DelayedListener.onClose(DelayedClientCall.java:465)
	at org.apache.ratis.thirdparty.io.grpc.internal.ClientCallImpl.closeObserver(ClientCallImpl.java:562)
	at org.apache.ratis.thirdparty.io.grpc.internal.ClientCallImpl.access$300(ClientCallImpl.java:70)
	at org.apache.ratis.thirdparty.io.grpc.internal.ClientCallImpl$ClientStreamListenerImpl$1StreamClosed.runInternal(ClientCallImpl.java:743)
	at org.apache.ratis.thirdparty.io.grpc.internal.ClientCallImpl$ClientStreamListenerImpl$1StreamClosed.runInContext(ClientCallImpl.java:722)
	at org.apache.ratis.thirdparty.io.grpc.internal.ContextRunnable.run(ContextRunnable.java:37)
	at org.apache.ratis.thirdparty.io.grpc.internal.SerializingExecutor.run(SerializingExecutor.java:133)
	at java.util.concurrent.ThreadPoolExecutor.runWorker(ThreadPoolExecutor.java:1149)
	at java.util.concurrent.ThreadPoolExecutor$Worker.run(ThreadPoolExecutor.java:624)
	at java.lang.Thread.run(Thread.java:750)
2022-11-09 16:19:24,348 [grpc-default-executor-2] INFO  server.GrpcLogAppender (GrpcLogAppender.java:onCompleted(415)) - b2c93a51-a95c-4f35-b86d-509595609ea9@group-32287F085B78->0f4d65c1-9a91-4277-90d2-948c429b5f4c-AppendLogResponseHandler: follower responses appendEntries COMPLETED
2022-11-09 16:19:24,349 [grpc-default-executor-2] INFO  leader.FollowerInfo (FollowerInfoImpl.java:lambda$new$0(48)) - b2c93a51-a95c-4f35-b86d-509595609ea9@group-32287F085B78->0f4d65c1-9a91-4277-90d2-948c429b5f4c: nextIndex: updateUnconditionally 1 -> 0
2022-11-09 16:19:24,349 [b2c93a51-a95c-4f35-b86d-509595609ea9@group-0A2B984E6862-StateMachineUpdater] INFO  ratis.ContainerStateMachine (ContainerStateMachine.java:takeSnapshot(304)) - group-0A2B984E6862: Taking a snapshot at:(t:1, i:0) file /home/runner/work/ozone/ozone/hadoop-ozone/integration-test/target/test-dir/MiniOzoneClusterImpl-5b74f3a4-74d7-4700-a005-fabb0032522b/datanode-0/data/ratis/79f3bb43-9316-4a67-b8f4-0a2b984e6862/sm/snapshot.1_0
2022-11-09 16:19:24,354 [grpc-default-executor-2] INFO  server.GrpcLogAppender (GrpcLogAppender.java:onCompleted(415)) - b2c93a51-a95c-4f35-b86d-509595609ea9@group-32287F085B78->0f4d65c1-9a91-4277-90d2-948c429b5f4c-AppendLogResponseHandler: follower responses appendEntries COMPLETED
2022-11-09 16:19:24,354 [grpc-default-executor-2] INFO  leader.FollowerInfo (FollowerInfoImpl.java:lambda$new$0(48)) - b2c93a51-a95c-4f35-b86d-509595609ea9@group-32287F085B78->0f4d65c1-9a91-4277-90d2-948c429b5f4c: nextIndex: updateUnconditionally 0 -> 0
2022-11-09 16:19:24,358 [ForkJoinPool.commonPool-worker-1] INFO  server.GrpcServerProtocolClient (GrpcServerProtocolClient.java:close(111)) - 0f4d65c1-9a91-4277-90d2-948c429b5f4c Close channels
2022-11-09 16:19:24,360 [b2c93a51-a95c-4f35-b86d-509595609ea9-impl-thread2] INFO  impl.StateMachineUpdater (StateMachineUpdater.java:stopAndJoin(153)) - b2c93a51-a95c-4f35-b86d-509595609ea9@group-0A2B984E6862-StateMachineUpdater: set stopIndex = 0
2022-11-09 16:19:24,361 [ForkJoinPool.commonPool-worker-1] INFO  server.GrpcService (GrpcService.java:closeImpl(288)) - b2c93a51-a95c-4f35-b86d-509595609ea9: shutdown server GrpcServerProtocolService successfully
2022-11-09 16:19:24,388 [b2c93a51-a95c-4f35-b86d-509595609ea9@group-32287F085B78-StateMachineUpdater] INFO  ratis.ContainerStateMachine (ContainerStateMachine.java:takeSnapshot(315)) - group-32287F085B78: Finished taking a snapshot at:(t:1, i:0) file:/home/runner/work/ozone/ozone/hadoop-ozone/integration-test/target/test-dir/MiniOzoneClusterImpl-5b74f3a4-74d7-4700-a005-fabb0032522b/datanode-0/data/ratis/389e4be9-7155-4403-a4d8-32287f085b78/sm/snapshot.1_0 took: 55 ms
2022-11-09 16:19:24,388 [b2c93a51-a95c-4f35-b86d-509595609ea9@group-0A2B984E6862-StateMachineUpdater] INFO  ratis.ContainerStateMachine (ContainerStateMachine.java:takeSnapshot(315)) - group-0A2B984E6862: Finished taking a snapshot at:(t:1, i:0) file:/home/runner/work/ozone/ozone/hadoop-ozone/integration-test/target/test-dir/MiniOzoneClusterImpl-5b74f3a4-74d7-4700-a005-fabb0032522b/datanode-0/data/ratis/79f3bb43-9316-4a67-b8f4-0a2b984e6862/sm/snapshot.1_0 took: 39 ms
2022-11-09 16:19:24,389 [b2c93a51-a95c-4f35-b86d-509595609ea9@group-32287F085B78-StateMachineUpdater] INFO  impl.StateMachineUpdater (StateMachineUpdater.java:takeSnapshot(287)) - b2c93a51-a95c-4f35-b86d-509595609ea9@group-32287F085B78-StateMachineUpdater: Took a snapshot at index 0
2022-11-09 16:19:24,390 [b2c93a51-a95c-4f35-b86d-509595609ea9@group-0A2B984E6862-StateMachineUpdater] INFO  impl.StateMachineUpdater (StateMachineUpdater.java:takeSnapshot(287)) - b2c93a51-a95c-4f35-b86d-509595609ea9@group-0A2B984E6862-StateMachineUpdater: Took a snapshot at index 0
2022-11-09 16:19:24,390 [b2c93a51-a95c-4f35-b86d-509595609ea9@group-9092D43F070D-StateMachineUpdater] INFO  ratis.ContainerStateMachine (ContainerStateMachine.java:takeSnapshot(315)) - group-9092D43F070D: Finished taking a snapshot at:(t:1, i:0) file:/home/runner/work/ozone/ozone/hadoop-ozone/integration-test/target/test-dir/MiniOzoneClusterImpl-5b74f3a4-74d7-4700-a005-fabb0032522b/datanode-0/data/ratis/21abcab8-d120-483e-bf06-9092d43f070d/sm/snapshot.1_0 took: 62 ms
2022-11-09 16:19:24,390 [b2c93a51-a95c-4f35-b86d-509595609ea9@group-0A2B984E6862-StateMachineUpdater] INFO  impl.StateMachineUpdater (StateMachineUpdater.java:lambda$new$0(92)) - b2c93a51-a95c-4f35-b86d-509595609ea9@group-0A2B984E6862-StateMachineUpdater: snapshotIndex: updateIncreasingly -1 -> 0
2022-11-09 16:19:24,390 [b2c93a51-a95c-4f35-b86d-509595609ea9@group-9092D43F070D-StateMachineUpdater] INFO  impl.StateMachineUpdater (StateMachineUpdater.java:takeSnapshot(287)) - b2c93a51-a95c-4f35-b86d-509595609ea9@group-9092D43F070D-StateMachineUpdater: Took a snapshot at index 0
2022-11-09 16:19:24,390 [b2c93a51-a95c-4f35-b86d-509595609ea9@group-9092D43F070D-StateMachineUpdater] INFO  impl.StateMachineUpdater (StateMachineUpdater.java:lambda$new$0(92)) - b2c93a51-a95c-4f35-b86d-509595609ea9@group-9092D43F070D-StateMachineUpdater: snapshotIndex: updateIncreasingly -1 -> 0
2022-11-09 16:19:24,390 [b2c93a51-a95c-4f35-b86d-509595609ea9-impl-thread2] INFO  server.RaftServer$Division (ServerState.java:close(466)) - b2c93a51-a95c-4f35-b86d-509595609ea9@group-0A2B984E6862: closes. applyIndex: 0
2022-11-09 16:19:24,390 [b2c93a51-a95c-4f35-b86d-509595609ea9-impl-thread3] INFO  server.RaftServer$Division (ServerState.java:close(466)) - b2c93a51-a95c-4f35-b86d-509595609ea9@group-9092D43F070D: closes. applyIndex: 0
2022-11-09 16:19:24,390 [b2c93a51-a95c-4f35-b86d-509595609ea9@group-0A2B984E6862-SegmentedRaftLogWorker] INFO  segmented.SegmentedRaftLogWorker (SegmentedRaftLogWorker.java:run(345)) - b2c93a51-a95c-4f35-b86d-509595609ea9@group-0A2B984E6862-SegmentedRaftLogWorker was interrupted, exiting. There are 0 tasks remaining in the queue.
2022-11-09 16:19:24,391 [b2c93a51-a95c-4f35-b86d-509595609ea9@group-9092D43F070D-SegmentedRaftLogWorker] INFO  segmented.SegmentedRaftLogWorker (SegmentedRaftLogWorker.java:run(345)) - b2c93a51-a95c-4f35-b86d-509595609ea9@group-9092D43F070D-SegmentedRaftLogWorker was interrupted, exiting. There are 0 tasks remaining in the queue.
2022-11-09 16:19:24,390 [b2c93a51-a95c-4f35-b86d-509595609ea9@group-32287F085B78-StateMachineUpdater] INFO  impl.StateMachineUpdater (StateMachineUpdater.java:lambda$new$0(92)) - b2c93a51-a95c-4f35-b86d-509595609ea9@group-32287F085B78-StateMachineUpdater: snapshotIndex: updateIncreasingly -1 -> 0
2022-11-09 16:19:24,394 [b2c93a51-a95c-4f35-b86d-509595609ea9-impl-thread3] INFO  segmented.SegmentedRaftLogWorker (SegmentedRaftLogWorker.java:close(255)) - b2c93a51-a95c-4f35-b86d-509595609ea9@group-9092D43F070D-SegmentedRaftLogWorker close()
2022-11-09 16:19:24,395 [b2c93a51-a95c-4f35-b86d-509595609ea9-impl-thread2] INFO  segmented.SegmentedRaftLogWorker (SegmentedRaftLogWorker.java:close(255)) - b2c93a51-a95c-4f35-b86d-509595609ea9@group-0A2B984E6862-SegmentedRaftLogWorker close()
2022-11-09 16:19:24,395 [b2c93a51-a95c-4f35-b86d-509595609ea9-impl-thread1] INFO  server.RaftServer$Division (ServerState.java:close(466)) - b2c93a51-a95c-4f35-b86d-509595609ea9@group-32287F085B78: closes. applyIndex: 0
2022-11-09 16:19:24,396 [b2c93a51-a95c-4f35-b86d-509595609ea9@group-32287F085B78-SegmentedRaftLogWorker] INFO  segmented.SegmentedRaftLogWorker (SegmentedRaftLogWorker.java:run(345)) - b2c93a51-a95c-4f35-b86d-509595609ea9@group-32287F085B78-SegmentedRaftLogWorker was interrupted, exiting. There are 0 tasks remaining in the queue.
2022-11-09 16:19:24,398 [b2c93a51-a95c-4f35-b86d-509595609ea9-impl-thread1] INFO  segmented.SegmentedRaftLogWorker (SegmentedRaftLogWorker.java:close(255)) - b2c93a51-a95c-4f35-b86d-509595609ea9@group-32287F085B78-SegmentedRaftLogWorker close()
2022-11-09 16:19:24,399 [JvmPauseMonitor7] INFO  util.JvmPauseMonitor (JvmPauseMonitor.java:run(111)) - JvmPauseMonitor-b2c93a51-a95c-4f35-b86d-509595609ea9: Stopped
2022-11-09 16:19:24,637 [Listener at 127.0.0.1/42701] INFO  ozoneimpl.OzoneContainer (OzoneContainer.java:stop(400)) - Attempting to stop container services.
2022-11-09 16:19:24,639 [Listener at 127.0.0.1/42701] INFO  server.RaftServer (RaftServerProxy.java:lambda$close$6(409)) - 0f4d65c1-9a91-4277-90d2-948c429b5f4c: close
2022-11-09 16:19:24,639 [0f4d65c1-9a91-4277-90d2-948c429b5f4c-impl-thread1] INFO  server.RaftServer$Division (RaftServerImpl.java:lambda$close$4(458)) - 0f4d65c1-9a91-4277-90d2-948c429b5f4c@group-32287F085B78: shutdown
2022-11-09 16:19:24,639 [0f4d65c1-9a91-4277-90d2-948c429b5f4c-impl-thread1] INFO  util.JmxRegister (JmxRegister.java:unregister(73)) - Successfully un-registered JMX Bean with object name Ratis:service=RaftServer,group=group-32287F085B78,id=0f4d65c1-9a91-4277-90d2-948c429b5f4c
2022-11-09 16:19:24,640 [0f4d65c1-9a91-4277-90d2-948c429b5f4c-impl-thread1] INFO  impl.RoleInfo (RoleInfo.java:shutdownFollowerState(110)) - 0f4d65c1-9a91-4277-90d2-948c429b5f4c: shutdown 0f4d65c1-9a91-4277-90d2-948c429b5f4c@group-32287F085B78-FollowerState
2022-11-09 16:19:24,640 [0f4d65c1-9a91-4277-90d2-948c429b5f4c-impl-thread2] INFO  server.RaftServer$Division (RaftServerImpl.java:lambda$close$4(458)) - 0f4d65c1-9a91-4277-90d2-948c429b5f4c@group-9092D43F070D: shutdown
2022-11-09 16:19:24,640 [0f4d65c1-9a91-4277-90d2-948c429b5f4c-impl-thread2] INFO  util.JmxRegister (JmxRegister.java:unregister(73)) - Successfully un-registered JMX Bean with object name Ratis:service=RaftServer,group=group-9092D43F070D,id=0f4d65c1-9a91-4277-90d2-948c429b5f4c
2022-11-09 16:19:24,640 [0f4d65c1-9a91-4277-90d2-948c429b5f4c-impl-thread2] INFO  impl.RoleInfo (RoleInfo.java:shutdownLeaderState(93)) - 0f4d65c1-9a91-4277-90d2-948c429b5f4c: shutdown 0f4d65c1-9a91-4277-90d2-948c429b5f4c@group-9092D43F070D-LeaderStateImpl
2022-11-09 16:19:24,640 [Listener at 127.0.0.1/42701] INFO  server.GrpcService (GrpcService.java:closeImpl(279)) - 0f4d65c1-9a91-4277-90d2-948c429b5f4c: shutdown server GrpcServerProtocolService now
2022-11-09 16:19:24,640 [0f4d65c1-9a91-4277-90d2-948c429b5f4c-impl-thread1] INFO  impl.StateMachineUpdater (StateMachineUpdater.java:stopAndJoin(153)) - 0f4d65c1-9a91-4277-90d2-948c429b5f4c@group-32287F085B78-StateMachineUpdater: set stopIndex = 0
2022-11-09 16:19:24,640 [0f4d65c1-9a91-4277-90d2-948c429b5f4c@group-32287F085B78-FollowerState] INFO  impl.FollowerState (FollowerState.java:run(152)) - 0f4d65c1-9a91-4277-90d2-948c429b5f4c@group-32287F085B78-FollowerState was interrupted
2022-11-09 16:19:24,641 [0f4d65c1-9a91-4277-90d2-948c429b5f4c@group-9092D43F070D->c305175a-c10c-4712-990e-ad58ba6eeba7-GrpcLogAppender-LogAppenderDaemon] WARN  server.GrpcLogAppender (GrpcLogAppender.java:mayWait(200)) - 0f4d65c1-9a91-4277-90d2-948c429b5f4c@group-9092D43F070D->c305175a-c10c-4712-990e-ad58ba6eeba7-GrpcLogAppender: Wait interrupted by java.lang.InterruptedException
2022-11-09 16:19:24,641 [0f4d65c1-9a91-4277-90d2-948c429b5f4c@group-32287F085B78-StateMachineUpdater] INFO  ratis.ContainerStateMachine (ContainerStateMachine.java:takeSnapshot(304)) - group-32287F085B78: Taking a snapshot at:(t:1, i:0) file /home/runner/work/ozone/ozone/hadoop-ozone/integration-test/target/test-dir/MiniOzoneClusterImpl-5b74f3a4-74d7-4700-a005-fabb0032522b/datanode-1/data/ratis/389e4be9-7155-4403-a4d8-32287f085b78/sm/snapshot.1_0
2022-11-09 16:19:24,641 [grpc-default-executor-2] INFO  server.GrpcServerProtocolService (GrpcServerProtocolService.java:onCompleted(145)) - c305175a-c10c-4712-990e-ad58ba6eeba7: Completed APPEND_ENTRIES, lastRequest: null
2022-11-09 16:19:24,642 [grpc-default-executor-5] INFO  server.GrpcServerProtocolService (GrpcServerProtocolService.java:onCompleted(145)) - c305175a-c10c-4712-990e-ad58ba6eeba7: Completed APPEND_ENTRIES, lastRequest: 0f4d65c1-9a91-4277-90d2-948c429b5f4c->c305175a-c10c-4712-990e-ad58ba6eeba7#1-t1,previous=(t:0, i:0),leaderCommit=0,initializing? true,entries: size=1, first=(t:1, i:0), CONFIGURATIONENTRY(current:id: "b2c93a51-a95c-4f35-b86d-509595609ea9"
address: "127.0.0.1:46167"
clientAddress: "127.0.0.1:46167"
adminAddress: "127.0.0.1:46167"
startupRole: FOLLOWER
,id: "0f4d65c1-9a91-4277-90d2-948c429b5f4c"
address: "127.0.0.1:44283"
priority: 1
clientAddress: "127.0.0.1:44283"
adminAddress: "127.0.0.1:44283"
startupRole: FOLLOWER
,id: "c305175a-c10c-4712-990e-ad58ba6eeba7"
address: "127.0.0.1:43159"
clientAddress: "127.0.0.1:43159"
adminAddress: "127.0.0.1:43159"
startupRole: FOLLOWER
, old:)
2022-11-09 16:19:24,643 [0f4d65c1-9a91-4277-90d2-948c429b5f4c-impl-thread2] INFO  impl.PendingRequests (PendingRequests.java:sendNotLeaderResponses(282)) - 0f4d65c1-9a91-4277-90d2-948c429b5f4c@group-9092D43F070D-PendingRequests: sendNotLeaderResponses
2022-11-09 16:19:24,643 [0f4d65c1-9a91-4277-90d2-948c429b5f4c-impl-thread2] INFO  impl.StateMachineUpdater (StateMachineUpdater.java:stopAndJoin(153)) - 0f4d65c1-9a91-4277-90d2-948c429b5f4c@group-9092D43F070D-StateMachineUpdater: set stopIndex = 0
2022-11-09 16:19:24,643 [0f4d65c1-9a91-4277-90d2-948c429b5f4c-impl-thread3] INFO  server.RaftServer$Division (RaftServerImpl.java:lambda$close$4(458)) - 0f4d65c1-9a91-4277-90d2-948c429b5f4c@group-BE6AE64012BB: shutdown
2022-11-09 16:19:24,643 [0f4d65c1-9a91-4277-90d2-948c429b5f4c-impl-thread3] INFO  util.JmxRegister (JmxRegister.java:unregister(73)) - Successfully un-registered JMX Bean with object name Ratis:service=RaftServer,group=group-BE6AE64012BB,id=0f4d65c1-9a91-4277-90d2-948c429b5f4c
2022-11-09 16:19:24,643 [0f4d65c1-9a91-4277-90d2-948c429b5f4c-impl-thread3] INFO  impl.RoleInfo (RoleInfo.java:shutdownLeaderState(93)) - 0f4d65c1-9a91-4277-90d2-948c429b5f4c: shutdown 0f4d65c1-9a91-4277-90d2-948c429b5f4c@group-BE6AE64012BB-LeaderStateImpl
2022-11-09 16:19:24,643 [0f4d65c1-9a91-4277-90d2-948c429b5f4c-impl-thread3] INFO  impl.PendingRequests (PendingRequests.java:sendNotLeaderResponses(282)) - 0f4d65c1-9a91-4277-90d2-948c429b5f4c@group-BE6AE64012BB-PendingRequests: sendNotLeaderResponses
2022-11-09 16:19:24,643 [0f4d65c1-9a91-4277-90d2-948c429b5f4c-impl-thread3] INFO  impl.StateMachineUpdater (StateMachineUpdater.java:stopAndJoin(153)) - 0f4d65c1-9a91-4277-90d2-948c429b5f4c@group-BE6AE64012BB-StateMachineUpdater: set stopIndex = 0
2022-11-09 16:19:24,644 [0f4d65c1-9a91-4277-90d2-948c429b5f4c@group-9092D43F070D-StateMachineUpdater] INFO  ratis.ContainerStateMachine (ContainerStateMachine.java:takeSnapshot(304)) - group-9092D43F070D: Taking a snapshot at:(t:1, i:0) file /home/runner/work/ozone/ozone/hadoop-ozone/integration-test/target/test-dir/MiniOzoneClusterImpl-5b74f3a4-74d7-4700-a005-fabb0032522b/datanode-1/data/ratis/21abcab8-d120-483e-bf06-9092d43f070d/sm/snapshot.1_0
2022-11-09 16:19:24,644 [0f4d65c1-9a91-4277-90d2-948c429b5f4c@group-32287F085B78-StateMachineUpdater] INFO  ratis.ContainerStateMachine (ContainerStateMachine.java:takeSnapshot(315)) - group-32287F085B78: Finished taking a snapshot at:(t:1, i:0) file:/home/runner/work/ozone/ozone/hadoop-ozone/integration-test/target/test-dir/MiniOzoneClusterImpl-5b74f3a4-74d7-4700-a005-fabb0032522b/datanode-1/data/ratis/389e4be9-7155-4403-a4d8-32287f085b78/sm/snapshot.1_0 took: 4 ms
2022-11-09 16:19:24,644 [0f4d65c1-9a91-4277-90d2-948c429b5f4c@group-32287F085B78-StateMachineUpdater] INFO  impl.StateMachineUpdater (StateMachineUpdater.java:takeSnapshot(287)) - 0f4d65c1-9a91-4277-90d2-948c429b5f4c@group-32287F085B78-StateMachineUpdater: Took a snapshot at index 0
2022-11-09 16:19:24,644 [0f4d65c1-9a91-4277-90d2-948c429b5f4c@group-BE6AE64012BB-StateMachineUpdater] INFO  ratis.ContainerStateMachine (ContainerStateMachine.java:takeSnapshot(304)) - group-BE6AE64012BB: Taking a snapshot at:(t:1, i:0) file /home/runner/work/ozone/ozone/hadoop-ozone/integration-test/target/test-dir/MiniOzoneClusterImpl-5b74f3a4-74d7-4700-a005-fabb0032522b/datanode-1/data/ratis/b8eac135-ad9b-43db-afe5-be6ae64012bb/sm/snapshot.1_0
2022-11-09 16:19:24,644 [grpc-default-executor-6] INFO  server.GrpcLogAppender (GrpcLogAppender.java:onCompleted(415)) - 0f4d65c1-9a91-4277-90d2-948c429b5f4c@group-9092D43F070D->c305175a-c10c-4712-990e-ad58ba6eeba7-AppendLogResponseHandler: follower responses appendEntries COMPLETED
2022-11-09 16:19:24,648 [grpc-default-executor-6] INFO  leader.FollowerInfo (FollowerInfoImpl.java:lambda$new$0(48)) - 0f4d65c1-9a91-4277-90d2-948c429b5f4c@group-9092D43F070D->c305175a-c10c-4712-990e-ad58ba6eeba7: nextIndex: updateUnconditionally 1 -> 0
2022-11-09 16:19:24,645 [0f4d65c1-9a91-4277-90d2-948c429b5f4c@group-9092D43F070D-StateMachineUpdater] INFO  ratis.ContainerStateMachine (ContainerStateMachine.java:takeSnapshot(315)) - group-9092D43F070D: Finished taking a snapshot at:(t:1, i:0) file:/home/runner/work/ozone/ozone/hadoop-ozone/integration-test/target/test-dir/MiniOzoneClusterImpl-5b74f3a4-74d7-4700-a005-fabb0032522b/datanode-1/data/ratis/21abcab8-d120-483e-bf06-9092d43f070d/sm/snapshot.1_0 took: 2 ms
2022-11-09 16:19:24,649 [0f4d65c1-9a91-4277-90d2-948c429b5f4c@group-9092D43F070D-StateMachineUpdater] INFO  impl.StateMachineUpdater (StateMachineUpdater.java:takeSnapshot(287)) - 0f4d65c1-9a91-4277-90d2-948c429b5f4c@group-9092D43F070D-StateMachineUpdater: Took a snapshot at index 0
2022-11-09 16:19:24,649 [0f4d65c1-9a91-4277-90d2-948c429b5f4c@group-9092D43F070D-StateMachineUpdater] INFO  impl.StateMachineUpdater (StateMachineUpdater.java:lambda$new$0(92)) - 0f4d65c1-9a91-4277-90d2-948c429b5f4c@group-9092D43F070D-StateMachineUpdater: snapshotIndex: updateIncreasingly -1 -> 0
2022-11-09 16:19:24,645 [grpc-default-executor-1] INFO  server.GrpcLogAppender (GrpcLogAppender.java:onCompleted(415)) - 0f4d65c1-9a91-4277-90d2-948c429b5f4c@group-9092D43F070D->c305175a-c10c-4712-990e-ad58ba6eeba7-AppendLogResponseHandler: follower responses appendEntries COMPLETED
2022-11-09 16:19:24,645 [Listener at 127.0.0.1/42701] INFO  server.GrpcServerProtocolClient (GrpcServerProtocolClient.java:close(111)) - b2c93a51-a95c-4f35-b86d-509595609ea9 Close channels
2022-11-09 16:19:24,644 [0f4d65c1-9a91-4277-90d2-948c429b5f4c@group-32287F085B78-StateMachineUpdater] INFO  impl.StateMachineUpdater (StateMachineUpdater.java:lambda$new$0(92)) - 0f4d65c1-9a91-4277-90d2-948c429b5f4c@group-32287F085B78-StateMachineUpdater: snapshotIndex: updateIncreasingly -1 -> 0
2022-11-09 16:19:24,651 [Listener at 127.0.0.1/42701] INFO  server.GrpcServerProtocolClient (GrpcServerProtocolClient.java:close(111)) - c305175a-c10c-4712-990e-ad58ba6eeba7 Close channels
2022-11-09 16:19:24,649 [grpc-default-executor-1] INFO  leader.FollowerInfo (FollowerInfoImpl.java:lambda$new$0(48)) - 0f4d65c1-9a91-4277-90d2-948c429b5f4c@group-9092D43F070D->c305175a-c10c-4712-990e-ad58ba6eeba7: nextIndex: updateUnconditionally 0 -> 0
2022-11-09 16:19:24,652 [0f4d65c1-9a91-4277-90d2-948c429b5f4c-impl-thread1] INFO  server.RaftServer$Division (ServerState.java:close(466)) - 0f4d65c1-9a91-4277-90d2-948c429b5f4c@group-32287F085B78: closes. applyIndex: 0
2022-11-09 16:19:24,648 [0f4d65c1-9a91-4277-90d2-948c429b5f4c@group-BE6AE64012BB-StateMachineUpdater] INFO  ratis.ContainerStateMachine (ContainerStateMachine.java:takeSnapshot(315)) - group-BE6AE64012BB: Finished taking a snapshot at:(t:1, i:0) file:/home/runner/work/ozone/ozone/hadoop-ozone/integration-test/target/test-dir/MiniOzoneClusterImpl-5b74f3a4-74d7-4700-a005-fabb0032522b/datanode-1/data/ratis/b8eac135-ad9b-43db-afe5-be6ae64012bb/sm/snapshot.1_0 took: 4 ms
2022-11-09 16:19:24,653 [0f4d65c1-9a91-4277-90d2-948c429b5f4c@group-BE6AE64012BB-StateMachineUpdater] INFO  impl.StateMachineUpdater (StateMachineUpdater.java:takeSnapshot(287)) - 0f4d65c1-9a91-4277-90d2-948c429b5f4c@group-BE6AE64012BB-StateMachineUpdater: Took a snapshot at index 0
2022-11-09 16:19:24,653 [0f4d65c1-9a91-4277-90d2-948c429b5f4c@group-BE6AE64012BB-StateMachineUpdater] INFO  impl.StateMachineUpdater (StateMachineUpdater.java:lambda$new$0(92)) - 0f4d65c1-9a91-4277-90d2-948c429b5f4c@group-BE6AE64012BB-StateMachineUpdater: snapshotIndex: updateIncreasingly -1 -> 0
2022-11-09 16:19:24,653 [0f4d65c1-9a91-4277-90d2-948c429b5f4c@group-32287F085B78-SegmentedRaftLogWorker] INFO  segmented.SegmentedRaftLogWorker (SegmentedRaftLogWorker.java:run(345)) - 0f4d65c1-9a91-4277-90d2-948c429b5f4c@group-32287F085B78-SegmentedRaftLogWorker was interrupted, exiting. There are 0 tasks remaining in the queue.
2022-11-09 16:19:24,653 [0f4d65c1-9a91-4277-90d2-948c429b5f4c-impl-thread2] INFO  server.RaftServer$Division (ServerState.java:close(466)) - 0f4d65c1-9a91-4277-90d2-948c429b5f4c@group-9092D43F070D: closes. applyIndex: 0
2022-11-09 16:19:24,653 [0f4d65c1-9a91-4277-90d2-948c429b5f4c@group-9092D43F070D-SegmentedRaftLogWorker] INFO  segmented.SegmentedRaftLogWorker (SegmentedRaftLogWorker.java:run(345)) - 0f4d65c1-9a91-4277-90d2-948c429b5f4c@group-9092D43F070D-SegmentedRaftLogWorker was interrupted, exiting. There are 0 tasks remaining in the queue.
2022-11-09 16:19:24,654 [Listener at 127.0.0.1/42701] INFO  server.GrpcService (GrpcService.java:closeImpl(288)) - 0f4d65c1-9a91-4277-90d2-948c429b5f4c: shutdown server GrpcServerProtocolService successfully
2022-11-09 16:19:24,654 [0f4d65c1-9a91-4277-90d2-948c429b5f4c-impl-thread1] INFO  segmented.SegmentedRaftLogWorker (SegmentedRaftLogWorker.java:close(255)) - 0f4d65c1-9a91-4277-90d2-948c429b5f4c@group-32287F085B78-SegmentedRaftLogWorker close()
2022-11-09 16:19:24,654 [0f4d65c1-9a91-4277-90d2-948c429b5f4c-impl-thread2] INFO  segmented.SegmentedRaftLogWorker (SegmentedRaftLogWorker.java:close(255)) - 0f4d65c1-9a91-4277-90d2-948c429b5f4c@group-9092D43F070D-SegmentedRaftLogWorker close()
2022-11-09 16:19:24,656 [0f4d65c1-9a91-4277-90d2-948c429b5f4c-impl-thread3] INFO  server.RaftServer$Division (ServerState.java:close(466)) - 0f4d65c1-9a91-4277-90d2-948c429b5f4c@group-BE6AE64012BB: closes. applyIndex: 0
2022-11-09 16:19:24,656 [0f4d65c1-9a91-4277-90d2-948c429b5f4c@group-BE6AE64012BB-SegmentedRaftLogWorker] INFO  segmented.SegmentedRaftLogWorker (SegmentedRaftLogWorker.java:run(345)) - 0f4d65c1-9a91-4277-90d2-948c429b5f4c@group-BE6AE64012BB-SegmentedRaftLogWorker was interrupted, exiting. There are 0 tasks remaining in the queue.
2022-11-09 16:19:24,656 [0f4d65c1-9a91-4277-90d2-948c429b5f4c-impl-thread3] INFO  segmented.SegmentedRaftLogWorker (SegmentedRaftLogWorker.java:close(255)) - 0f4d65c1-9a91-4277-90d2-948c429b5f4c@group-BE6AE64012BB-SegmentedRaftLogWorker close()
2022-11-09 16:19:24,660 [JvmPauseMonitor8] INFO  util.JvmPauseMonitor (JvmPauseMonitor.java:run(111)) - JvmPauseMonitor-0f4d65c1-9a91-4277-90d2-948c429b5f4c: Stopped
2022-11-09 16:19:24,937 [Datanode State Machine Daemon Thread] ERROR datanode.RunningDatanodeState (RunningDatanodeState.java:computeNextContainerState(207)) - Error in executing end point task.
java.util.concurrent.ExecutionException: java.util.concurrent.TimeoutException
	at java.util.concurrent.FutureTask.report(FutureTask.java:122)
	at java.util.concurrent.FutureTask.get(FutureTask.java:192)
	at org.apache.hadoop.ozone.container.common.states.datanode.RunningDatanodeState.computeNextContainerState(RunningDatanodeState.java:199)
	at org.apache.hadoop.ozone.container.common.states.datanode.RunningDatanodeState.await(RunningDatanodeState.java:239)
	at org.apache.hadoop.ozone.container.common.states.datanode.RunningDatanodeState.await(RunningDatanodeState.java:50)
	at org.apache.hadoop.ozone.container.common.statemachine.StateContext.execute(StateContext.java:661)
	at org.apache.hadoop.ozone.container.common.statemachine.DatanodeStateMachine.startStateMachineThread(DatanodeStateMachine.java:306)
	at org.apache.hadoop.ozone.container.common.statemachine.DatanodeStateMachine.lambda$startDaemon$0(DatanodeStateMachine.java:506)
	at java.lang.Thread.run(Thread.java:750)
Caused by: java.util.concurrent.TimeoutException
	at java.util.concurrent.FutureTask.get(FutureTask.java:205)
	at org.apache.hadoop.ozone.container.common.states.datanode.RunningDatanodeState.lambda$execute$0(RunningDatanodeState.java:157)
	at java.util.concurrent.FutureTask.run(FutureTask.java:266)
	at java.util.concurrent.Executors$RunnableAdapter.call(Executors.java:511)
	at java.util.concurrent.FutureTask.run(FutureTask.java:266)
	at java.util.concurrent.ThreadPoolExecutor.runWorker(ThreadPoolExecutor.java:1149)
	at java.util.concurrent.ThreadPoolExecutor$Worker.run(ThreadPoolExecutor.java:624)
	... 1 more
2022-11-09 16:19:24,938 [EndpointStateMachine task thread for /127.0.0.1:35701 - 0 ] INFO  ipc.Client (Client.java:handleConnectionFailure(1010)) - Retrying connect to server: localhost/127.0.0.1:35701. Already tried 2 time(s); retry policy is RetryUpToMaximumCountWithFixedSleep(maxRetries=15, sleepTime=1000 MILLISECONDS)
2022-11-09 16:19:25,323 [EndpointStateMachine task thread for /127.0.0.1:44507 - 0 ] INFO  ipc.Client (Client.java:handleConnectionFailure(1010)) - Retrying connect to server: localhost/127.0.0.1:44507. Already tried 2 time(s); retry policy is RetryUpToMaximumCountWithFixedSleep(maxRetries=15, sleepTime=1000 MILLISECONDS)
2022-11-09 16:19:25,336 [EndpointStateMachine task thread for /127.0.0.1:44989 - 0 ] INFO  ipc.Client (Client.java:handleConnectionFailure(1010)) - Retrying connect to server: localhost/127.0.0.1:44989. Already tried 2 time(s); retry policy is RetryUpToMaximumCountWithFixedSleep(maxRetries=15, sleepTime=1000 MILLISECONDS)
2022-11-09 16:19:25,939 [EndpointStateMachine task thread for /127.0.0.1:35701 - 0 ] INFO  ipc.Client (Client.java:handleConnectionFailure(1010)) - Retrying connect to server: localhost/127.0.0.1:35701. Already tried 3 time(s); retry policy is RetryUpToMaximumCountWithFixedSleep(maxRetries=15, sleepTime=1000 MILLISECONDS)
2022-11-09 16:19:26,323 [EndpointStateMachine task thread for /127.0.0.1:44507 - 0 ] INFO  ipc.Client (Client.java:handleConnectionFailure(1010)) - Retrying connect to server: localhost/127.0.0.1:44507. Already tried 3 time(s); retry policy is RetryUpToMaximumCountWithFixedSleep(maxRetries=15, sleepTime=1000 MILLISECONDS)
2022-11-09 16:19:26,337 [EndpointStateMachine task thread for /127.0.0.1:44989 - 0 ] INFO  ipc.Client (Client.java:handleConnectionFailure(1010)) - Retrying connect to server: localhost/127.0.0.1:44989. Already tried 3 time(s); retry policy is RetryUpToMaximumCountWithFixedSleep(maxRetries=15, sleepTime=1000 MILLISECONDS)
2022-11-09 16:19:26,427 [ForkJoinPool.commonPool-worker-1] INFO  volume.HddsVolume (HddsVolume.java:closeDbStore(338)) - SchemaV3 db is stopped at /home/runner/work/ozone/ozone/hadoop-ozone/integration-test/target/test-dir/MiniOzoneClusterImpl-5b74f3a4-74d7-4700-a005-fabb0032522b/datanode-0/data-0/containers/hdds/5b74f3a4-74d7-4700-a005-fabb0032522b/DS-4b4ac6e3-4403-4f14-b647-c29634ee08bf/container.db for volume DS-4b4ac6e3-4403-4f14-b647-c29634ee08bf
2022-11-09 16:19:26,427 [ForkJoinPool.commonPool-worker-1] INFO  utils.BackgroundService (BackgroundService.java:shutdown(141)) - Shutting down service BlockDeletingService
2022-11-09 16:19:26,427 [ForkJoinPool.commonPool-worker-1] INFO  utils.BackgroundService (BackgroundService.java:shutdown(141)) - Shutting down service StaleRecoveringContainerScrubbingService
2022-11-09 16:19:26,430 [ForkJoinPool.commonPool-worker-1] INFO  statemachine.DatanodeStateMachine (DatanodeStateMachine.java:stopDaemon(593)) - Ozone container server stopped.
2022-11-09 16:19:26,441 [ForkJoinPool.commonPool-worker-1] INFO  handler.ContextHandler (ContextHandler.java:doStop(1159)) - Stopped o.e.j.w.WebAppContext@1fd92497{hddsDatanode,/,null,STOPPED}{jar:file:/home/runner/.m2/repository/org/apache/ozone/hdds-container-service/1.3.0-SNAPSHOT/hdds-container-service-1.3.0-SNAPSHOT.jar!/webapps/hddsDatanode}
2022-11-09 16:19:26,442 [ForkJoinPool.commonPool-worker-1] INFO  server.AbstractConnector (AbstractConnector.java:doStop(383)) - Stopped ServerConnector@56b50bcf{HTTP/1.1, (http/1.1)}{0.0.0.0:0}
2022-11-09 16:19:26,442 [ForkJoinPool.commonPool-worker-1] INFO  server.session (HouseKeeper.java:stopScavenging(149)) - node0 Stopped scavenging
2022-11-09 16:19:26,443 [ForkJoinPool.commonPool-worker-1] INFO  handler.ContextHandler (ContextHandler.java:doStop(1159)) - Stopped o.e.j.s.ServletContextHandler@7fcbd685{static,/static,jar:file:/home/runner/.m2/repository/org/apache/ozone/hdds-container-service/1.3.0-SNAPSHOT/hdds-container-service-1.3.0-SNAPSHOT.jar!/webapps/static,STOPPED}
2022-11-09 16:19:26,443 [ForkJoinPool.commonPool-worker-1] INFO  handler.ContextHandler (ContextHandler.java:doStop(1159)) - Stopped o.e.j.s.ServletContextHandler@7c5678f5{logs,/logs,file:///home/runner/work/ozone/ozone/hadoop-ozone/integration-test/target/log,STOPPED}
2022-11-09 16:19:26,669 [Listener at 127.0.0.1/42701] INFO  volume.HddsVolume (HddsVolume.java:closeDbStore(338)) - SchemaV3 db is stopped at /home/runner/work/ozone/ozone/hadoop-ozone/integration-test/target/test-dir/MiniOzoneClusterImpl-5b74f3a4-74d7-4700-a005-fabb0032522b/datanode-1/data-0/containers/hdds/5b74f3a4-74d7-4700-a005-fabb0032522b/DS-2b826869-d831-4f61-96d8-dab38415a7b9/container.db for volume DS-2b826869-d831-4f61-96d8-dab38415a7b9
2022-11-09 16:19:26,669 [Listener at 127.0.0.1/42701] INFO  utils.BackgroundService (BackgroundService.java:shutdown(141)) - Shutting down service BlockDeletingService
2022-11-09 16:19:26,669 [Listener at 127.0.0.1/42701] INFO  utils.BackgroundService (BackgroundService.java:shutdown(141)) - Shutting down service StaleRecoveringContainerScrubbingService
2022-11-09 16:19:26,671 [Listener at 127.0.0.1/42701] INFO  statemachine.DatanodeStateMachine (DatanodeStateMachine.java:stopDaemon(593)) - Ozone container server stopped.
2022-11-09 16:19:26,679 [Listener at 127.0.0.1/42701] INFO  handler.ContextHandler (ContextHandler.java:doStop(1159)) - Stopped o.e.j.w.WebAppContext@541b65e4{hddsDatanode,/,null,STOPPED}{jar:file:/home/runner/.m2/repository/org/apache/ozone/hdds-container-service/1.3.0-SNAPSHOT/hdds-container-service-1.3.0-SNAPSHOT.jar!/webapps/hddsDatanode}
2022-11-09 16:19:26,679 [Listener at 127.0.0.1/42701] INFO  server.AbstractConnector (AbstractConnector.java:doStop(383)) - Stopped ServerConnector@42d379d3{HTTP/1.1, (http/1.1)}{0.0.0.0:0}
2022-11-09 16:19:26,680 [Listener at 127.0.0.1/42701] INFO  server.session (HouseKeeper.java:stopScavenging(149)) - node0 Stopped scavenging
2022-11-09 16:19:26,680 [Listener at 127.0.0.1/42701] INFO  handler.ContextHandler (ContextHandler.java:doStop(1159)) - Stopped o.e.j.s.ServletContextHandler@1605a92d{static,/static,jar:file:/home/runner/.m2/repository/org/apache/ozone/hdds-container-service/1.3.0-SNAPSHOT/hdds-container-service-1.3.0-SNAPSHOT.jar!/webapps/static,STOPPED}
2022-11-09 16:19:26,680 [Listener at 127.0.0.1/42701] INFO  handler.ContextHandler (ContextHandler.java:doStop(1159)) - Stopped o.e.j.s.ServletContextHandler@492f2076{logs,/logs,file:///home/runner/work/ozone/ozone/hadoop-ozone/integration-test/target/log,STOPPED}
2022-11-09 16:19:26,940 [EndpointStateMachine task thread for /127.0.0.1:35701 - 0 ] INFO  ipc.Client (Client.java:handleConnectionFailure(1010)) - Retrying connect to server: localhost/127.0.0.1:35701. Already tried 4 time(s); retry policy is RetryUpToMaximumCountWithFixedSleep(maxRetries=15, sleepTime=1000 MILLISECONDS)
2022-11-09 16:19:26,940 [ForkJoinPool.commonPool-worker-1] INFO  ozoneimpl.OzoneContainer (OzoneContainer.java:stop(400)) - Attempting to stop container services.
2022-11-09 16:19:26,940 [ForkJoinPool.commonPool-worker-1] INFO  server.RaftServer (RaftServerProxy.java:lambda$close$6(409)) - c305175a-c10c-4712-990e-ad58ba6eeba7: close
2022-11-09 16:19:26,941 [c305175a-c10c-4712-990e-ad58ba6eeba7-impl-thread1] INFO  server.RaftServer$Division (RaftServerImpl.java:lambda$close$4(458)) - c305175a-c10c-4712-990e-ad58ba6eeba7@group-32287F085B78: shutdown
2022-11-09 16:19:26,941 [c305175a-c10c-4712-990e-ad58ba6eeba7-impl-thread1] INFO  util.JmxRegister (JmxRegister.java:unregister(73)) - Successfully un-registered JMX Bean with object name Ratis:service=RaftServer,group=group-32287F085B78,id=c305175a-c10c-4712-990e-ad58ba6eeba7
2022-11-09 16:19:26,941 [c305175a-c10c-4712-990e-ad58ba6eeba7-impl-thread1] INFO  impl.RoleInfo (RoleInfo.java:shutdownFollowerState(110)) - c305175a-c10c-4712-990e-ad58ba6eeba7: shutdown c305175a-c10c-4712-990e-ad58ba6eeba7@group-32287F085B78-FollowerState
2022-11-09 16:19:26,941 [c305175a-c10c-4712-990e-ad58ba6eeba7-impl-thread2] INFO  server.RaftServer$Division (RaftServerImpl.java:lambda$close$4(458)) - c305175a-c10c-4712-990e-ad58ba6eeba7@group-9092D43F070D: shutdown
2022-11-09 16:19:26,941 [ForkJoinPool.commonPool-worker-1] INFO  server.GrpcService (GrpcService.java:closeImpl(279)) - c305175a-c10c-4712-990e-ad58ba6eeba7: shutdown server GrpcServerProtocolService now
2022-11-09 16:19:26,941 [c305175a-c10c-4712-990e-ad58ba6eeba7-impl-thread2] INFO  util.JmxRegister (JmxRegister.java:unregister(73)) - Successfully un-registered JMX Bean with object name Ratis:service=RaftServer,group=group-9092D43F070D,id=c305175a-c10c-4712-990e-ad58ba6eeba7
2022-11-09 16:19:26,942 [c305175a-c10c-4712-990e-ad58ba6eeba7-impl-thread2] INFO  impl.RoleInfo (RoleInfo.java:shutdownFollowerState(110)) - c305175a-c10c-4712-990e-ad58ba6eeba7: shutdown c305175a-c10c-4712-990e-ad58ba6eeba7@group-9092D43F070D-FollowerState
2022-11-09 16:19:26,942 [c305175a-c10c-4712-990e-ad58ba6eeba7-impl-thread3] INFO  server.RaftServer$Division (RaftServerImpl.java:lambda$close$4(458)) - c305175a-c10c-4712-990e-ad58ba6eeba7@group-207D78DF9387: shutdown
2022-11-09 16:19:26,941 [c305175a-c10c-4712-990e-ad58ba6eeba7@group-32287F085B78-FollowerState] INFO  impl.FollowerState (FollowerState.java:run(152)) - c305175a-c10c-4712-990e-ad58ba6eeba7@group-32287F085B78-FollowerState was interrupted
2022-11-09 16:19:26,942 [c305175a-c10c-4712-990e-ad58ba6eeba7@group-9092D43F070D-FollowerState] INFO  impl.FollowerState (FollowerState.java:run(152)) - c305175a-c10c-4712-990e-ad58ba6eeba7@group-9092D43F070D-FollowerState was interrupted
2022-11-09 16:19:26,941 [ForkJoinPool.commonPool-worker-1] INFO  server.GrpcService (GrpcService.java:closeImpl(288)) - c305175a-c10c-4712-990e-ad58ba6eeba7: shutdown server GrpcServerProtocolService successfully
2022-11-09 16:19:26,941 [c305175a-c10c-4712-990e-ad58ba6eeba7-impl-thread1] INFO  impl.StateMachineUpdater (StateMachineUpdater.java:stopAndJoin(153)) - c305175a-c10c-4712-990e-ad58ba6eeba7@group-32287F085B78-StateMachineUpdater: set stopIndex = 0
2022-11-09 16:19:26,942 [c305175a-c10c-4712-990e-ad58ba6eeba7-impl-thread3] INFO  util.JmxRegister (JmxRegister.java:unregister(73)) - Successfully un-registered JMX Bean with object name Ratis:service=RaftServer,group=group-207D78DF9387,id=c305175a-c10c-4712-990e-ad58ba6eeba7
2022-11-09 16:19:26,942 [c305175a-c10c-4712-990e-ad58ba6eeba7-impl-thread3] INFO  impl.RoleInfo (RoleInfo.java:shutdownLeaderState(93)) - c305175a-c10c-4712-990e-ad58ba6eeba7: shutdown c305175a-c10c-4712-990e-ad58ba6eeba7@group-207D78DF9387-LeaderStateImpl
2022-11-09 16:19:26,942 [c305175a-c10c-4712-990e-ad58ba6eeba7@group-32287F085B78-StateMachineUpdater] INFO  ratis.ContainerStateMachine (ContainerStateMachine.java:takeSnapshot(304)) - group-32287F085B78: Taking a snapshot at:(t:1, i:0) file /home/runner/work/ozone/ozone/hadoop-ozone/integration-test/target/test-dir/MiniOzoneClusterImpl-5b74f3a4-74d7-4700-a005-fabb0032522b/datanode-2/data/ratis/389e4be9-7155-4403-a4d8-32287f085b78/sm/snapshot.1_0
2022-11-09 16:19:26,942 [c305175a-c10c-4712-990e-ad58ba6eeba7-impl-thread3] INFO  impl.PendingRequests (PendingRequests.java:sendNotLeaderResponses(282)) - c305175a-c10c-4712-990e-ad58ba6eeba7@group-207D78DF9387-PendingRequests: sendNotLeaderResponses
2022-11-09 16:19:26,943 [c305175a-c10c-4712-990e-ad58ba6eeba7@group-9092D43F070D-StateMachineUpdater] INFO  ratis.ContainerStateMachine (ContainerStateMachine.java:takeSnapshot(304)) - group-9092D43F070D: Taking a snapshot at:(t:1, i:0) file /home/runner/work/ozone/ozone/hadoop-ozone/integration-test/target/test-dir/MiniOzoneClusterImpl-5b74f3a4-74d7-4700-a005-fabb0032522b/datanode-2/data/ratis/21abcab8-d120-483e-bf06-9092d43f070d/sm/snapshot.1_0
2022-11-09 16:19:26,943 [c305175a-c10c-4712-990e-ad58ba6eeba7-impl-thread2] INFO  impl.StateMachineUpdater (StateMachineUpdater.java:stopAndJoin(153)) - c305175a-c10c-4712-990e-ad58ba6eeba7@group-9092D43F070D-StateMachineUpdater: set stopIndex = 0
2022-11-09 16:19:26,943 [c305175a-c10c-4712-990e-ad58ba6eeba7-impl-thread3] INFO  impl.StateMachineUpdater (StateMachineUpdater.java:stopAndJoin(153)) - c305175a-c10c-4712-990e-ad58ba6eeba7@group-207D78DF9387-StateMachineUpdater: set stopIndex = 0
2022-11-09 16:19:26,943 [c305175a-c10c-4712-990e-ad58ba6eeba7@group-207D78DF9387-StateMachineUpdater] INFO  ratis.ContainerStateMachine (ContainerStateMachine.java:takeSnapshot(304)) - group-207D78DF9387: Taking a snapshot at:(t:1, i:0) file /home/runner/work/ozone/ozone/hadoop-ozone/integration-test/target/test-dir/MiniOzoneClusterImpl-5b74f3a4-74d7-4700-a005-fabb0032522b/datanode-2/data/ratis/e129364b-2358-44eb-821a-207d78df9387/sm/snapshot.1_0
2022-11-09 16:19:26,944 [c305175a-c10c-4712-990e-ad58ba6eeba7@group-32287F085B78-StateMachineUpdater] INFO  ratis.ContainerStateMachine (ContainerStateMachine.java:takeSnapshot(315)) - group-32287F085B78: Finished taking a snapshot at:(t:1, i:0) file:/home/runner/work/ozone/ozone/hadoop-ozone/integration-test/target/test-dir/MiniOzoneClusterImpl-5b74f3a4-74d7-4700-a005-fabb0032522b/datanode-2/data/ratis/389e4be9-7155-4403-a4d8-32287f085b78/sm/snapshot.1_0 took: 2 ms
2022-11-09 16:19:26,944 [c305175a-c10c-4712-990e-ad58ba6eeba7@group-207D78DF9387-StateMachineUpdater] INFO  ratis.ContainerStateMachine (ContainerStateMachine.java:takeSnapshot(315)) - group-207D78DF9387: Finished taking a snapshot at:(t:1, i:0) file:/home/runner/work/ozone/ozone/hadoop-ozone/integration-test/target/test-dir/MiniOzoneClusterImpl-5b74f3a4-74d7-4700-a005-fabb0032522b/datanode-2/data/ratis/e129364b-2358-44eb-821a-207d78df9387/sm/snapshot.1_0 took: 0 ms
2022-11-09 16:19:26,944 [c305175a-c10c-4712-990e-ad58ba6eeba7@group-9092D43F070D-StateMachineUpdater] INFO  ratis.ContainerStateMachine (ContainerStateMachine.java:takeSnapshot(315)) - group-9092D43F070D: Finished taking a snapshot at:(t:1, i:0) file:/home/runner/work/ozone/ozone/hadoop-ozone/integration-test/target/test-dir/MiniOzoneClusterImpl-5b74f3a4-74d7-4700-a005-fabb0032522b/datanode-2/data/ratis/21abcab8-d120-483e-bf06-9092d43f070d/sm/snapshot.1_0 took: 1 ms
2022-11-09 16:19:26,944 [c305175a-c10c-4712-990e-ad58ba6eeba7@group-207D78DF9387-StateMachineUpdater] INFO  impl.StateMachineUpdater (StateMachineUpdater.java:takeSnapshot(287)) - c305175a-c10c-4712-990e-ad58ba6eeba7@group-207D78DF9387-StateMachineUpdater: Took a snapshot at index 0
2022-11-09 16:19:26,944 [c305175a-c10c-4712-990e-ad58ba6eeba7@group-207D78DF9387-StateMachineUpdater] INFO  impl.StateMachineUpdater (StateMachineUpdater.java:lambda$new$0(92)) - c305175a-c10c-4712-990e-ad58ba6eeba7@group-207D78DF9387-StateMachineUpdater: snapshotIndex: updateIncreasingly -1 -> 0
2022-11-09 16:19:26,944 [c305175a-c10c-4712-990e-ad58ba6eeba7@group-9092D43F070D-StateMachineUpdater] INFO  impl.StateMachineUpdater (StateMachineUpdater.java:takeSnapshot(287)) - c305175a-c10c-4712-990e-ad58ba6eeba7@group-9092D43F070D-StateMachineUpdater: Took a snapshot at index 0
2022-11-09 16:19:26,944 [c305175a-c10c-4712-990e-ad58ba6eeba7@group-9092D43F070D-StateMachineUpdater] INFO  impl.StateMachineUpdater (StateMachineUpdater.java:lambda$new$0(92)) - c305175a-c10c-4712-990e-ad58ba6eeba7@group-9092D43F070D-StateMachineUpdater: snapshotIndex: updateIncreasingly -1 -> 0
2022-11-09 16:19:26,944 [c305175a-c10c-4712-990e-ad58ba6eeba7@group-32287F085B78-StateMachineUpdater] INFO  impl.StateMachineUpdater (StateMachineUpdater.java:takeSnapshot(287)) - c305175a-c10c-4712-990e-ad58ba6eeba7@group-32287F085B78-StateMachineUpdater: Took a snapshot at index 0
2022-11-09 16:19:26,945 [c305175a-c10c-4712-990e-ad58ba6eeba7@group-32287F085B78-StateMachineUpdater] INFO  impl.StateMachineUpdater (StateMachineUpdater.java:lambda$new$0(92)) - c305175a-c10c-4712-990e-ad58ba6eeba7@group-32287F085B78-StateMachineUpdater: snapshotIndex: updateIncreasingly -1 -> 0
2022-11-09 16:19:26,945 [c305175a-c10c-4712-990e-ad58ba6eeba7-impl-thread2] INFO  server.RaftServer$Division (ServerState.java:close(466)) - c305175a-c10c-4712-990e-ad58ba6eeba7@group-9092D43F070D: closes. applyIndex: 0
2022-11-09 16:19:26,945 [c305175a-c10c-4712-990e-ad58ba6eeba7-impl-thread3] INFO  server.RaftServer$Division (ServerState.java:close(466)) - c305175a-c10c-4712-990e-ad58ba6eeba7@group-207D78DF9387: closes. applyIndex: 0
2022-11-09 16:19:26,945 [c305175a-c10c-4712-990e-ad58ba6eeba7@group-9092D43F070D-SegmentedRaftLogWorker] INFO  segmented.SegmentedRaftLogWorker (SegmentedRaftLogWorker.java:run(345)) - c305175a-c10c-4712-990e-ad58ba6eeba7@group-9092D43F070D-SegmentedRaftLogWorker was interrupted, exiting. There are 0 tasks remaining in the queue.
2022-11-09 16:19:26,945 [c305175a-c10c-4712-990e-ad58ba6eeba7@group-207D78DF9387-SegmentedRaftLogWorker] INFO  segmented.SegmentedRaftLogWorker (SegmentedRaftLogWorker.java:run(345)) - c305175a-c10c-4712-990e-ad58ba6eeba7@group-207D78DF9387-SegmentedRaftLogWorker was interrupted, exiting. There are 0 tasks remaining in the queue.
2022-11-09 16:19:26,945 [c305175a-c10c-4712-990e-ad58ba6eeba7-impl-thread2] INFO  segmented.SegmentedRaftLogWorker (SegmentedRaftLogWorker.java:close(255)) - c305175a-c10c-4712-990e-ad58ba6eeba7@group-9092D43F070D-SegmentedRaftLogWorker close()
2022-11-09 16:19:26,945 [c305175a-c10c-4712-990e-ad58ba6eeba7-impl-thread1] INFO  server.RaftServer$Division (ServerState.java:close(466)) - c305175a-c10c-4712-990e-ad58ba6eeba7@group-32287F085B78: closes. applyIndex: 0
2022-11-09 16:19:26,946 [c305175a-c10c-4712-990e-ad58ba6eeba7-impl-thread3] INFO  segmented.SegmentedRaftLogWorker (SegmentedRaftLogWorker.java:close(255)) - c305175a-c10c-4712-990e-ad58ba6eeba7@group-207D78DF9387-SegmentedRaftLogWorker close()
2022-11-09 16:19:26,946 [c305175a-c10c-4712-990e-ad58ba6eeba7@group-32287F085B78-SegmentedRaftLogWorker] INFO  segmented.SegmentedRaftLogWorker (SegmentedRaftLogWorker.java:run(345)) - c305175a-c10c-4712-990e-ad58ba6eeba7@group-32287F085B78-SegmentedRaftLogWorker was interrupted, exiting. There are 0 tasks remaining in the queue.
2022-11-09 16:19:26,946 [c305175a-c10c-4712-990e-ad58ba6eeba7-impl-thread1] INFO  segmented.SegmentedRaftLogWorker (SegmentedRaftLogWorker.java:close(255)) - c305175a-c10c-4712-990e-ad58ba6eeba7@group-32287F085B78-SegmentedRaftLogWorker close()
2022-11-09 16:19:26,947 [JvmPauseMonitor9] INFO  util.JvmPauseMonitor (JvmPauseMonitor.java:run(111)) - JvmPauseMonitor-c305175a-c10c-4712-990e-ad58ba6eeba7: Stopped
2022-11-09 16:19:27,324 [EndpointStateMachine task thread for /127.0.0.1:44507 - 0 ] INFO  ipc.Client (Client.java:handleConnectionFailure(1010)) - Retrying connect to server: localhost/127.0.0.1:44507. Already tried 4 time(s); retry policy is RetryUpToMaximumCountWithFixedSleep(maxRetries=15, sleepTime=1000 MILLISECONDS)
2022-11-09 16:19:27,338 [EndpointStateMachine task thread for /127.0.0.1:44989 - 0 ] INFO  ipc.Client (Client.java:handleConnectionFailure(1010)) - Retrying connect to server: localhost/127.0.0.1:44989. Already tried 4 time(s); retry policy is RetryUpToMaximumCountWithFixedSleep(maxRetries=15, sleepTime=1000 MILLISECONDS)
2022-11-09 16:19:27,940 [EndpointStateMachine task thread for /127.0.0.1:35701 - 0 ] INFO  ipc.Client (Client.java:handleConnectionFailure(1010)) - Retrying connect to server: localhost/127.0.0.1:35701. Already tried 5 time(s); retry policy is RetryUpToMaximumCountWithFixedSleep(maxRetries=15, sleepTime=1000 MILLISECONDS)
2022-11-09 16:19:28,325 [EndpointStateMachine task thread for /127.0.0.1:44507 - 0 ] INFO  ipc.Client (Client.java:handleConnectionFailure(1010)) - Retrying connect to server: localhost/127.0.0.1:44507. Already tried 5 time(s); retry policy is RetryUpToMaximumCountWithFixedSleep(maxRetries=15, sleepTime=1000 MILLISECONDS)
2022-11-09 16:19:28,339 [EndpointStateMachine task thread for /127.0.0.1:44989 - 0 ] INFO  ipc.Client (Client.java:handleConnectionFailure(1010)) - Retrying connect to server: localhost/127.0.0.1:44989. Already tried 5 time(s); retry policy is RetryUpToMaximumCountWithFixedSleep(maxRetries=15, sleepTime=1000 MILLISECONDS)
2022-11-09 16:19:28,941 [EndpointStateMachine task thread for /127.0.0.1:35701 - 0 ] INFO  ipc.Client (Client.java:handleConnectionFailure(1010)) - Retrying connect to server: localhost/127.0.0.1:35701. Already tried 6 time(s); retry policy is RetryUpToMaximumCountWithFixedSleep(maxRetries=15, sleepTime=1000 MILLISECONDS)
2022-11-09 16:19:28,956 [ForkJoinPool.commonPool-worker-1] INFO  volume.HddsVolume (HddsVolume.java:closeDbStore(338)) - SchemaV3 db is stopped at /home/runner/work/ozone/ozone/hadoop-ozone/integration-test/target/test-dir/MiniOzoneClusterImpl-5b74f3a4-74d7-4700-a005-fabb0032522b/datanode-2/data-0/containers/hdds/5b74f3a4-74d7-4700-a005-fabb0032522b/DS-e970cd74-fdd5-4deb-8a9a-3fa996bf5630/container.db for volume DS-e970cd74-fdd5-4deb-8a9a-3fa996bf5630
2022-11-09 16:19:28,957 [ForkJoinPool.commonPool-worker-1] INFO  utils.BackgroundService (BackgroundService.java:shutdown(141)) - Shutting down service BlockDeletingService
2022-11-09 16:19:28,957 [ForkJoinPool.commonPool-worker-1] INFO  utils.BackgroundService (BackgroundService.java:shutdown(141)) - Shutting down service StaleRecoveringContainerScrubbingService
2022-11-09 16:19:28,958 [ForkJoinPool.commonPool-worker-1] INFO  statemachine.DatanodeStateMachine (DatanodeStateMachine.java:stopDaemon(593)) - Ozone container server stopped.
2022-11-09 16:19:28,966 [ForkJoinPool.commonPool-worker-1] INFO  handler.ContextHandler (ContextHandler.java:doStop(1159)) - Stopped o.e.j.w.WebAppContext@140f8857{hddsDatanode,/,null,STOPPED}{jar:file:/home/runner/.m2/repository/org/apache/ozone/hdds-container-service/1.3.0-SNAPSHOT/hdds-container-service-1.3.0-SNAPSHOT.jar!/webapps/hddsDatanode}
2022-11-09 16:19:28,966 [ForkJoinPool.commonPool-worker-1] INFO  server.AbstractConnector (AbstractConnector.java:doStop(383)) - Stopped ServerConnector@19983fd8{HTTP/1.1, (http/1.1)}{0.0.0.0:0}
2022-11-09 16:19:28,966 [ForkJoinPool.commonPool-worker-1] INFO  server.session (HouseKeeper.java:stopScavenging(149)) - node0 Stopped scavenging
2022-11-09 16:19:28,967 [ForkJoinPool.commonPool-worker-1] INFO  handler.ContextHandler (ContextHandler.java:doStop(1159)) - Stopped o.e.j.s.ServletContextHandler@42d7e106{static,/static,jar:file:/home/runner/.m2/repository/org/apache/ozone/hdds-container-service/1.3.0-SNAPSHOT/hdds-container-service-1.3.0-SNAPSHOT.jar!/webapps/static,STOPPED}
2022-11-09 16:19:28,969 [ForkJoinPool.commonPool-worker-1] INFO  handler.ContextHandler (ContextHandler.java:doStop(1159)) - Stopped o.e.j.s.ServletContextHandler@1b44ecf0{logs,/logs,file:///home/runner/work/ozone/ozone/hadoop-ozone/integration-test/target/log,STOPPED}
2022-11-09 16:19:29,326 [EndpointStateMachine task thread for /127.0.0.1:44507 - 0 ] INFO  ipc.Client (Client.java:handleConnectionFailure(1010)) - Retrying connect to server: localhost/127.0.0.1:44507. Already tried 6 time(s); retry policy is RetryUpToMaximumCountWithFixedSleep(maxRetries=15, sleepTime=1000 MILLISECONDS)
2022-11-09 16:19:29,339 [EndpointStateMachine task thread for /127.0.0.1:44989 - 0 ] INFO  ipc.Client (Client.java:handleConnectionFailure(1010)) - Retrying connect to server: localhost/127.0.0.1:44989. Already tried 6 time(s); retry policy is RetryUpToMaximumCountWithFixedSleep(maxRetries=15, sleepTime=1000 MILLISECONDS)
2022-11-09 16:19:29,942 [EndpointStateMachine task thread for /127.0.0.1:35701 - 0 ] INFO  ipc.Client (Client.java:handleConnectionFailure(1010)) - Retrying connect to server: localhost/127.0.0.1:35701. Already tried 7 time(s); retry policy is RetryUpToMaximumCountWithFixedSleep(maxRetries=15, sleepTime=1000 MILLISECONDS)
2022-11-09 16:19:30,327 [EndpointStateMachine task thread for /127.0.0.1:44507 - 0 ] INFO  ipc.Client (Client.java:handleConnectionFailure(1010)) - Retrying connect to server: localhost/127.0.0.1:44507. Already tried 7 time(s); retry policy is RetryUpToMaximumCountWithFixedSleep(maxRetries=15, sleepTime=1000 MILLISECONDS)
2022-11-09 16:19:30,340 [EndpointStateMachine task thread for /127.0.0.1:44989 - 0 ] INFO  ipc.Client (Client.java:handleConnectionFailure(1010)) - Retrying connect to server: localhost/127.0.0.1:44989. Already tried 7 time(s); retry policy is RetryUpToMaximumCountWithFixedSleep(maxRetries=15, sleepTime=1000 MILLISECONDS)
2022-11-09 16:19:30,943 [EndpointStateMachine task thread for /127.0.0.1:35701 - 0 ] INFO  ipc.Client (Client.java:handleConnectionFailure(1010)) - Retrying connect to server: localhost/127.0.0.1:35701. Already tried 8 time(s); retry policy is RetryUpToMaximumCountWithFixedSleep(maxRetries=15, sleepTime=1000 MILLISECONDS)
2022-11-09 16:19:31,328 [EndpointStateMachine task thread for /127.0.0.1:44507 - 0 ] INFO  ipc.Client (Client.java:handleConnectionFailure(1010)) - Retrying connect to server: localhost/127.0.0.1:44507. Already tried 8 time(s); retry policy is RetryUpToMaximumCountWithFixedSleep(maxRetries=15, sleepTime=1000 MILLISECONDS)
2022-11-09 16:19:31,341 [EndpointStateMachine task thread for /127.0.0.1:44989 - 0 ] INFO  ipc.Client (Client.java:handleConnectionFailure(1010)) - Retrying connect to server: localhost/127.0.0.1:44989. Already tried 8 time(s); retry policy is RetryUpToMaximumCountWithFixedSleep(maxRetries=15, sleepTime=1000 MILLISECONDS)
2022-11-09 16:19:31,944 [EndpointStateMachine task thread for /127.0.0.1:35701 - 0 ] INFO  ipc.Client (Client.java:handleConnectionFailure(1010)) - Retrying connect to server: localhost/127.0.0.1:35701. Already tried 9 time(s); retry policy is RetryUpToMaximumCountWithFixedSleep(maxRetries=15, sleepTime=1000 MILLISECONDS)
2022-11-09 16:19:32,329 [EndpointStateMachine task thread for /127.0.0.1:44507 - 0 ] INFO  ipc.Client (Client.java:handleConnectionFailure(1010)) - Retrying connect to server: localhost/127.0.0.1:44507. Already tried 9 time(s); retry policy is RetryUpToMaximumCountWithFixedSleep(maxRetries=15, sleepTime=1000 MILLISECONDS)
2022-11-09 16:19:32,342 [EndpointStateMachine task thread for /127.0.0.1:44989 - 0 ] INFO  ipc.Client (Client.java:handleConnectionFailure(1010)) - Retrying connect to server: localhost/127.0.0.1:44989. Already tried 9 time(s); retry policy is RetryUpToMaximumCountWithFixedSleep(maxRetries=15, sleepTime=1000 MILLISECONDS)
2022-11-09 16:19:32,945 [EndpointStateMachine task thread for /127.0.0.1:35701 - 0 ] INFO  ipc.Client (Client.java:handleConnectionFailure(1010)) - Retrying connect to server: localhost/127.0.0.1:35701. Already tried 10 time(s); retry policy is RetryUpToMaximumCountWithFixedSleep(maxRetries=15, sleepTime=1000 MILLISECONDS)
2022-11-09 16:19:33,330 [EndpointStateMachine task thread for /127.0.0.1:44507 - 0 ] INFO  ipc.Client (Client.java:handleConnectionFailure(1010)) - Retrying connect to server: localhost/127.0.0.1:44507. Already tried 10 time(s); retry policy is RetryUpToMaximumCountWithFixedSleep(maxRetries=15, sleepTime=1000 MILLISECONDS)
2022-11-09 16:19:33,342 [EndpointStateMachine task thread for /127.0.0.1:44989 - 0 ] INFO  ipc.Client (Client.java:handleConnectionFailure(1010)) - Retrying connect to server: localhost/127.0.0.1:44989. Already tried 10 time(s); retry policy is RetryUpToMaximumCountWithFixedSleep(maxRetries=15, sleepTime=1000 MILLISECONDS)
2022-11-09 16:19:33,945 [EndpointStateMachine task thread for /127.0.0.1:35701 - 0 ] INFO  ipc.Client (Client.java:handleConnectionFailure(1010)) - Retrying connect to server: localhost/127.0.0.1:35701. Already tried 11 time(s); retry policy is RetryUpToMaximumCountWithFixedSleep(maxRetries=15, sleepTime=1000 MILLISECONDS)
2022-11-09 16:19:34,331 [EndpointStateMachine task thread for /127.0.0.1:44507 - 0 ] INFO  ipc.Client (Client.java:handleConnectionFailure(1010)) - Retrying connect to server: localhost/127.0.0.1:44507. Already tried 11 time(s); retry policy is RetryUpToMaximumCountWithFixedSleep(maxRetries=15, sleepTime=1000 MILLISECONDS)
2022-11-09 16:19:34,343 [EndpointStateMachine task thread for /127.0.0.1:44989 - 0 ] INFO  ipc.Client (Client.java:handleConnectionFailure(1010)) - Retrying connect to server: localhost/127.0.0.1:44989. Already tried 11 time(s); retry policy is RetryUpToMaximumCountWithFixedSleep(maxRetries=15, sleepTime=1000 MILLISECONDS)
2022-11-09 16:19:34,946 [EndpointStateMachine task thread for /127.0.0.1:35701 - 0 ] INFO  ipc.Client (Client.java:handleConnectionFailure(1010)) - Retrying connect to server: localhost/127.0.0.1:35701. Already tried 12 time(s); retry policy is RetryUpToMaximumCountWithFixedSleep(maxRetries=15, sleepTime=1000 MILLISECONDS)
2022-11-09 16:19:35,331 [EndpointStateMachine task thread for /127.0.0.1:44507 - 0 ] INFO  ipc.Client (Client.java:handleConnectionFailure(1010)) - Retrying connect to server: localhost/127.0.0.1:44507. Already tried 12 time(s); retry policy is RetryUpToMaximumCountWithFixedSleep(maxRetries=15, sleepTime=1000 MILLISECONDS)
2022-11-09 16:19:35,344 [EndpointStateMachine task thread for /127.0.0.1:44989 - 0 ] INFO  ipc.Client (Client.java:handleConnectionFailure(1010)) - Retrying connect to server: localhost/127.0.0.1:44989. Already tried 12 time(s); retry policy is RetryUpToMaximumCountWithFixedSleep(maxRetries=15, sleepTime=1000 MILLISECONDS)
2022-11-09 16:19:35,947 [EndpointStateMachine task thread for /127.0.0.1:35701 - 0 ] INFO  ipc.Client (Client.java:handleConnectionFailure(1010)) - Retrying connect to server: localhost/127.0.0.1:35701. Already tried 13 time(s); retry policy is RetryUpToMaximumCountWithFixedSleep(maxRetries=15, sleepTime=1000 MILLISECONDS)
2022-11-09 16:19:36,332 [EndpointStateMachine task thread for /127.0.0.1:44507 - 0 ] INFO  ipc.Client (Client.java:handleConnectionFailure(1010)) - Retrying connect to server: localhost/127.0.0.1:44507. Already tried 13 time(s); retry policy is RetryUpToMaximumCountWithFixedSleep(maxRetries=15, sleepTime=1000 MILLISECONDS)
2022-11-09 16:19:36,345 [EndpointStateMachine task thread for /127.0.0.1:44989 - 0 ] INFO  ipc.Client (Client.java:handleConnectionFailure(1010)) - Retrying connect to server: localhost/127.0.0.1:44989. Already tried 13 time(s); retry policy is RetryUpToMaximumCountWithFixedSleep(maxRetries=15, sleepTime=1000 MILLISECONDS)
2022-11-09 16:19:36,948 [EndpointStateMachine task thread for /127.0.0.1:35701 - 0 ] INFO  ipc.Client (Client.java:handleConnectionFailure(1010)) - Retrying connect to server: localhost/127.0.0.1:35701. Already tried 14 time(s); retry policy is RetryUpToMaximumCountWithFixedSleep(maxRetries=15, sleepTime=1000 MILLISECONDS)
2022-11-09 16:19:36,949 [EndpointStateMachine task thread for /127.0.0.1:35701 - 0 ] WARN  statemachine.EndpointStateMachine (EndpointStateMachine.java:logIfNeeded(242)) - Unable to communicate to SCM server at localhost:35701 for past 0 seconds.
java.net.ConnectException: Call From fv-az91-492/10.1.0.111 to localhost:35701 failed on connection exception: java.net.ConnectException: Connection refused; For more details see:  http://wiki.apache.org/hadoop/ConnectionRefused
	at sun.reflect.NativeConstructorAccessorImpl.newInstance0(Native Method)
	at sun.reflect.NativeConstructorAccessorImpl.newInstance(NativeConstructorAccessorImpl.java:62)
	at sun.reflect.DelegatingConstructorAccessorImpl.newInstance(DelegatingConstructorAccessorImpl.java:45)
	at java.lang.reflect.Constructor.newInstance(Constructor.java:423)
	at org.apache.hadoop.net.NetUtils.wrapWithMessage(NetUtils.java:913)
	at org.apache.hadoop.net.NetUtils.wrapException(NetUtils.java:828)
	at org.apache.hadoop.ipc.Client.getRpcResponse(Client.java:1616)
	at org.apache.hadoop.ipc.Client.call(Client.java:1558)
	at org.apache.hadoop.ipc.Client.call(Client.java:1455)
	at org.apache.hadoop.ipc.ProtobufRpcEngine$Invoker.invoke(ProtobufRpcEngine.java:235)
	at org.apache.hadoop.ipc.ProtobufRpcEngine$Invoker.invoke(ProtobufRpcEngine.java:122)
	at com.sun.proxy.$Proxy51.submitRequest(Unknown Source)
	at org.apache.hadoop.ozone.protocolPB.StorageContainerDatanodeProtocolClientSideTranslatorPB.submitRequest(StorageContainerDatanodeProtocolClientSideTranslatorPB.java:117)
	at org.apache.hadoop.ozone.protocolPB.StorageContainerDatanodeProtocolClientSideTranslatorPB.sendHeartbeat(StorageContainerDatanodeProtocolClientSideTranslatorPB.java:149)
	at org.apache.hadoop.ozone.container.common.states.endpoint.HeartbeatEndpointTask.call(HeartbeatEndpointTask.java:185)
	at org.apache.hadoop.ozone.container.common.states.endpoint.HeartbeatEndpointTask.call(HeartbeatEndpointTask.java:87)
	at java.util.concurrent.FutureTask.run(FutureTask.java:266)
	at java.util.concurrent.ThreadPoolExecutor.runWorker(ThreadPoolExecutor.java:1149)
	at java.util.concurrent.ThreadPoolExecutor$Worker.run(ThreadPoolExecutor.java:624)
	at java.lang.Thread.run(Thread.java:750)
Caused by: java.net.ConnectException: Connection refused
	at sun.nio.ch.SocketChannelImpl.checkConnect(Native Method)
	at sun.nio.ch.SocketChannelImpl.finishConnect(SocketChannelImpl.java:716)
	at org.apache.hadoop.net.SocketIOWithTimeout.connect(SocketIOWithTimeout.java:205)
	at org.apache.hadoop.net.NetUtils.connect(NetUtils.java:586)
	at org.apache.hadoop.ipc.Client$Connection.setupConnection(Client.java:711)
	at org.apache.hadoop.ipc.Client$Connection.setupIOstreams(Client.java:833)
	at org.apache.hadoop.ipc.Client$Connection.access$3800(Client.java:414)
	at org.apache.hadoop.ipc.Client.getConnection(Client.java:1677)
	at org.apache.hadoop.ipc.Client.call(Client.java:1502)
	... 12 more
2022-11-09 16:19:37,333 [EndpointStateMachine task thread for /127.0.0.1:44507 - 0 ] INFO  ipc.Client (Client.java:handleConnectionFailure(1010)) - Retrying connect to server: localhost/127.0.0.1:44507. Already tried 14 time(s); retry policy is RetryUpToMaximumCountWithFixedSleep(maxRetries=15, sleepTime=1000 MILLISECONDS)
2022-11-09 16:19:37,334 [EndpointStateMachine task thread for /127.0.0.1:44507 - 0 ] WARN  statemachine.EndpointStateMachine (EndpointStateMachine.java:logIfNeeded(242)) - Unable to communicate to SCM server at localhost:44507 for past 0 seconds.
java.net.ConnectException: Call From fv-az91-492/10.1.0.111 to localhost:44507 failed on connection exception: java.net.ConnectException: Connection refused; For more details see:  http://wiki.apache.org/hadoop/ConnectionRefused
	at sun.reflect.NativeConstructorAccessorImpl.newInstance0(Native Method)
	at sun.reflect.NativeConstructorAccessorImpl.newInstance(NativeConstructorAccessorImpl.java:62)
	at sun.reflect.DelegatingConstructorAccessorImpl.newInstance(DelegatingConstructorAccessorImpl.java:45)
	at java.lang.reflect.Constructor.newInstance(Constructor.java:423)
	at org.apache.hadoop.net.NetUtils.wrapWithMessage(NetUtils.java:913)
	at org.apache.hadoop.net.NetUtils.wrapException(NetUtils.java:828)
	at org.apache.hadoop.ipc.Client.getRpcResponse(Client.java:1616)
	at org.apache.hadoop.ipc.Client.call(Client.java:1558)
	at org.apache.hadoop.ipc.Client.call(Client.java:1455)
	at org.apache.hadoop.ipc.ProtobufRpcEngine$Invoker.invoke(ProtobufRpcEngine.java:235)
	at org.apache.hadoop.ipc.ProtobufRpcEngine$Invoker.invoke(ProtobufRpcEngine.java:122)
	at com.sun.proxy.$Proxy51.submitRequest(Unknown Source)
	at org.apache.hadoop.ozone.protocolPB.StorageContainerDatanodeProtocolClientSideTranslatorPB.submitRequest(StorageContainerDatanodeProtocolClientSideTranslatorPB.java:117)
	at org.apache.hadoop.ozone.protocolPB.StorageContainerDatanodeProtocolClientSideTranslatorPB.sendHeartbeat(StorageContainerDatanodeProtocolClientSideTranslatorPB.java:149)
	at org.apache.hadoop.ozone.container.common.states.endpoint.HeartbeatEndpointTask.call(HeartbeatEndpointTask.java:185)
	at org.apache.hadoop.ozone.container.common.states.endpoint.HeartbeatEndpointTask.call(HeartbeatEndpointTask.java:87)
	at java.util.concurrent.FutureTask.run(FutureTask.java:266)
	at java.util.concurrent.ThreadPoolExecutor.runWorker(ThreadPoolExecutor.java:1149)
	at java.util.concurrent.ThreadPoolExecutor$Worker.run(ThreadPoolExecutor.java:624)
	at java.lang.Thread.run(Thread.java:750)
Caused by: java.net.ConnectException: Connection refused
	at sun.nio.ch.SocketChannelImpl.checkConnect(Native Method)
	at sun.nio.ch.SocketChannelImpl.finishConnect(SocketChannelImpl.java:716)
	at org.apache.hadoop.net.SocketIOWithTimeout.connect(SocketIOWithTimeout.java:205)
	at org.apache.hadoop.net.NetUtils.connect(NetUtils.java:586)
	at org.apache.hadoop.ipc.Client$Connection.setupConnection(Client.java:711)
	at org.apache.hadoop.ipc.Client$Connection.setupIOstreams(Client.java:833)
	at org.apache.hadoop.ipc.Client$Connection.access$3800(Client.java:414)
	at org.apache.hadoop.ipc.Client.getConnection(Client.java:1677)
	at org.apache.hadoop.ipc.Client.call(Client.java:1502)
	... 12 more
2022-11-09 16:19:37,345 [EndpointStateMachine task thread for /127.0.0.1:44989 - 0 ] INFO  ipc.Client (Client.java:handleConnectionFailure(1010)) - Retrying connect to server: localhost/127.0.0.1:44989. Already tried 14 time(s); retry policy is RetryUpToMaximumCountWithFixedSleep(maxRetries=15, sleepTime=1000 MILLISECONDS)
2022-11-09 16:19:37,346 [EndpointStateMachine task thread for /127.0.0.1:44989 - 0 ] WARN  statemachine.EndpointStateMachine (EndpointStateMachine.java:logIfNeeded(242)) - Unable to communicate to SCM server at localhost:44989 for past 0 seconds.
java.net.ConnectException: Call From fv-az91-492/10.1.0.111 to localhost:44989 failed on connection exception: java.net.ConnectException: Connection refused; For more details see:  http://wiki.apache.org/hadoop/ConnectionRefused
	at sun.reflect.NativeConstructorAccessorImpl.newInstance0(Native Method)
	at sun.reflect.NativeConstructorAccessorImpl.newInstance(NativeConstructorAccessorImpl.java:62)
	at sun.reflect.DelegatingConstructorAccessorImpl.newInstance(DelegatingConstructorAccessorImpl.java:45)
	at java.lang.reflect.Constructor.newInstance(Constructor.java:423)
	at org.apache.hadoop.net.NetUtils.wrapWithMessage(NetUtils.java:913)
	at org.apache.hadoop.net.NetUtils.wrapException(NetUtils.java:828)
	at org.apache.hadoop.ipc.Client.getRpcResponse(Client.java:1616)
	at org.apache.hadoop.ipc.Client.call(Client.java:1558)
	at org.apache.hadoop.ipc.Client.call(Client.java:1455)
	at org.apache.hadoop.ipc.ProtobufRpcEngine$Invoker.invoke(ProtobufRpcEngine.java:235)
	at org.apache.hadoop.ipc.ProtobufRpcEngine$Invoker.invoke(ProtobufRpcEngine.java:122)
	at com.sun.proxy.$Proxy51.submitRequest(Unknown Source)
	at org.apache.hadoop.ozone.protocolPB.StorageContainerDatanodeProtocolClientSideTranslatorPB.submitRequest(StorageContainerDatanodeProtocolClientSideTranslatorPB.java:117)
	at org.apache.hadoop.ozone.protocolPB.StorageContainerDatanodeProtocolClientSideTranslatorPB.sendHeartbeat(StorageContainerDatanodeProtocolClientSideTranslatorPB.java:149)
	at org.apache.hadoop.ozone.container.common.states.endpoint.HeartbeatEndpointTask.call(HeartbeatEndpointTask.java:185)
	at org.apache.hadoop.ozone.container.common.states.endpoint.HeartbeatEndpointTask.call(HeartbeatEndpointTask.java:87)
	at java.util.concurrent.FutureTask.run(FutureTask.java:266)
	at java.util.concurrent.ThreadPoolExecutor.runWorker(ThreadPoolExecutor.java:1149)
	at java.util.concurrent.ThreadPoolExecutor$Worker.run(ThreadPoolExecutor.java:624)
	at java.lang.Thread.run(Thread.java:750)
Caused by: java.net.ConnectException: Connection refused
	at sun.nio.ch.SocketChannelImpl.checkConnect(Native Method)
	at sun.nio.ch.SocketChannelImpl.finishConnect(SocketChannelImpl.java:716)
	at org.apache.hadoop.net.SocketIOWithTimeout.connect(SocketIOWithTimeout.java:205)
	at org.apache.hadoop.net.NetUtils.connect(NetUtils.java:586)
	at org.apache.hadoop.ipc.Client$Connection.setupConnection(Client.java:711)
	at org.apache.hadoop.ipc.Client$Connection.setupIOstreams(Client.java:833)
	at org.apache.hadoop.ipc.Client$Connection.access$3800(Client.java:414)
	at org.apache.hadoop.ipc.Client.getConnection(Client.java:1677)
	at org.apache.hadoop.ipc.Client.call(Client.java:1502)
	... 12 more
2022-11-09 16:19:37,949 [EndpointStateMachine task thread for /127.0.0.1:35701 - 0 ] INFO  ipc.Client (Client.java:handleConnectionFailure(1010)) - Retrying connect to server: localhost/127.0.0.1:35701. Already tried 0 time(s); retry policy is RetryUpToMaximumCountWithFixedSleep(maxRetries=15, sleepTime=1000 MILLISECONDS)
2022-11-09 16:19:38,335 [EndpointStateMachine task thread for /127.0.0.1:44507 - 0 ] INFO  ipc.Client (Client.java:handleConnectionFailure(1010)) - Retrying connect to server: localhost/127.0.0.1:44507. Already tried 0 time(s); retry policy is RetryUpToMaximumCountWithFixedSleep(maxRetries=15, sleepTime=1000 MILLISECONDS)
2022-11-09 16:19:38,346 [EndpointStateMachine task thread for /127.0.0.1:44989 - 0 ] INFO  ipc.Client (Client.java:handleConnectionFailure(1010)) - Retrying connect to server: localhost/127.0.0.1:44989. Already tried 0 time(s); retry policy is RetryUpToMaximumCountWithFixedSleep(maxRetries=15, sleepTime=1000 MILLISECONDS)
2022-11-09 16:19:38,950 [EndpointStateMachine task thread for /127.0.0.1:35701 - 0 ] INFO  ipc.Client (Client.java:handleConnectionFailure(1010)) - Retrying connect to server: localhost/127.0.0.1:35701. Already tried 1 time(s); retry policy is RetryUpToMaximumCountWithFixedSleep(maxRetries=15, sleepTime=1000 MILLISECONDS)
2022-11-09 16:19:39,336 [EndpointStateMachine task thread for /127.0.0.1:44507 - 0 ] INFO  ipc.Client (Client.java:handleConnectionFailure(1010)) - Retrying connect to server: localhost/127.0.0.1:44507. Already tried 1 time(s); retry policy is RetryUpToMaximumCountWithFixedSleep(maxRetries=15, sleepTime=1000 MILLISECONDS)
2022-11-09 16:19:39,347 [EndpointStateMachine task thread for /127.0.0.1:44989 - 0 ] INFO  ipc.Client (Client.java:handleConnectionFailure(1010)) - Retrying connect to server: localhost/127.0.0.1:44989. Already tried 1 time(s); retry policy is RetryUpToMaximumCountWithFixedSleep(maxRetries=15, sleepTime=1000 MILLISECONDS)
2022-11-09 16:19:39,951 [EndpointStateMachine task thread for /127.0.0.1:35701 - 0 ] INFO  ipc.Client (Client.java:handleConnectionFailure(1010)) - Retrying connect to server: localhost/127.0.0.1:35701. Already tried 2 time(s); retry policy is RetryUpToMaximumCountWithFixedSleep(maxRetries=15, sleepTime=1000 MILLISECONDS)
2022-11-09 16:19:40,337 [EndpointStateMachine task thread for /127.0.0.1:44507 - 0 ] INFO  ipc.Client (Client.java:handleConnectionFailure(1010)) - Retrying connect to server: localhost/127.0.0.1:44507. Already tried 2 time(s); retry policy is RetryUpToMaximumCountWithFixedSleep(maxRetries=15, sleepTime=1000 MILLISECONDS)
2022-11-09 16:19:40,348 [EndpointStateMachine task thread for /127.0.0.1:44989 - 0 ] INFO  ipc.Client (Client.java:handleConnectionFailure(1010)) - Retrying connect to server: localhost/127.0.0.1:44989. Already tried 2 time(s); retry policy is RetryUpToMaximumCountWithFixedSleep(maxRetries=15, sleepTime=1000 MILLISECONDS)
2022-11-09 16:19:40,952 [EndpointStateMachine task thread for /127.0.0.1:35701 - 0 ] INFO  ipc.Client (Client.java:handleConnectionFailure(1010)) - Retrying connect to server: localhost/127.0.0.1:35701. Already tried 3 time(s); retry policy is RetryUpToMaximumCountWithFixedSleep(maxRetries=15, sleepTime=1000 MILLISECONDS)
2022-11-09 16:19:41,338 [EndpointStateMachine task thread for /127.0.0.1:44507 - 0 ] INFO  ipc.Client (Client.java:handleConnectionFailure(1010)) - Retrying connect to server: localhost/127.0.0.1:44507. Already tried 3 time(s); retry policy is RetryUpToMaximumCountWithFixedSleep(maxRetries=15, sleepTime=1000 MILLISECONDS)
2022-11-09 16:19:41,349 [EndpointStateMachine task thread for /127.0.0.1:44989 - 0 ] INFO  ipc.Client (Client.java:handleConnectionFailure(1010)) - Retrying connect to server: localhost/127.0.0.1:44989. Already tried 3 time(s); retry policy is RetryUpToMaximumCountWithFixedSleep(maxRetries=15, sleepTime=1000 MILLISECONDS)
2022-11-09 16:19:41,953 [EndpointStateMachine task thread for /127.0.0.1:35701 - 0 ] INFO  ipc.Client (Client.java:handleConnectionFailure(1010)) - Retrying connect to server: localhost/127.0.0.1:35701. Already tried 4 time(s); retry policy is RetryUpToMaximumCountWithFixedSleep(maxRetries=15, sleepTime=1000 MILLISECONDS)
2022-11-09 16:19:42,338 [EndpointStateMachine task thread for /127.0.0.1:44507 - 0 ] INFO  ipc.Client (Client.java:handleConnectionFailure(1010)) - Retrying connect to server: localhost/127.0.0.1:44507. Already tried 4 time(s); retry policy is RetryUpToMaximumCountWithFixedSleep(maxRetries=15, sleepTime=1000 MILLISECONDS)
2022-11-09 16:19:42,349 [EndpointStateMachine task thread for /127.0.0.1:44989 - 0 ] INFO  ipc.Client (Client.java:handleConnectionFailure(1010)) - Retrying connect to server: localhost/127.0.0.1:44989. Already tried 4 time(s); retry policy is RetryUpToMaximumCountWithFixedSleep(maxRetries=15, sleepTime=1000 MILLISECONDS)
2022-11-09 16:19:42,954 [EndpointStateMachine task thread for /127.0.0.1:35701 - 0 ] INFO  ipc.Client (Client.java:handleConnectionFailure(1010)) - Retrying connect to server: localhost/127.0.0.1:35701. Already tried 5 time(s); retry policy is RetryUpToMaximumCountWithFixedSleep(maxRetries=15, sleepTime=1000 MILLISECONDS)
2022-11-09 16:19:43,339 [EndpointStateMachine task thread for /127.0.0.1:44507 - 0 ] INFO  ipc.Client (Client.java:handleConnectionFailure(1010)) - Retrying connect to server: localhost/127.0.0.1:44507. Already tried 5 time(s); retry policy is RetryUpToMaximumCountWithFixedSleep(maxRetries=15, sleepTime=1000 MILLISECONDS)
2022-11-09 16:19:43,350 [EndpointStateMachine task thread for /127.0.0.1:44989 - 0 ] INFO  ipc.Client (Client.java:handleConnectionFailure(1010)) - Retrying connect to server: localhost/127.0.0.1:44989. Already tried 5 time(s); retry policy is RetryUpToMaximumCountWithFixedSleep(maxRetries=15, sleepTime=1000 MILLISECONDS)
2022-11-09 16:19:43,955 [EndpointStateMachine task thread for /127.0.0.1:35701 - 0 ] INFO  ipc.Client (Client.java:handleConnectionFailure(1010)) - Retrying connect to server: localhost/127.0.0.1:35701. Already tried 6 time(s); retry policy is RetryUpToMaximumCountWithFixedSleep(maxRetries=15, sleepTime=1000 MILLISECONDS)
2022-11-09 16:19:44,009 [Listener at 127.0.0.1/42701] INFO  ozone.MiniOzoneClusterImpl (MiniOzoneClusterImpl.java:shutdown(448)) - Shutting down the Mini Ozone Cluster
2022-11-09 16:19:44,011 [Listener at 127.0.0.1/42701] INFO  ozone.MiniOzoneHAClusterImpl (MiniOzoneHAClusterImpl.java:stop(312)) - Stopping the OzoneManager omNode-3
2022-11-09 16:19:44,011 [Listener at 127.0.0.1/42701] INFO  om.OzoneManager (OzoneManager.java:stop(2036)) - omNode-3[localhost:42701]: Stopping Ozone Manager
2022-11-09 16:19:44,011 [Listener at 127.0.0.1/42701] INFO  ozone.MiniOzoneHAClusterImpl (MiniOzoneHAClusterImpl.java:stop(312)) - Stopping the OzoneManager omNode-1
2022-11-09 16:19:44,011 [Listener at 127.0.0.1/42701] INFO  om.OzoneManager (OzoneManager.java:stop(2036)) - omNode-1[localhost:37491]: Stopping Ozone Manager
2022-11-09 16:19:44,011 [Listener at 127.0.0.1/42701] INFO  ozone.MiniOzoneHAClusterImpl (MiniOzoneHAClusterImpl.java:stop(312)) - Stopping the OzoneManager omNode-2
2022-11-09 16:19:44,011 [Listener at 127.0.0.1/42701] INFO  om.OzoneManager (OzoneManager.java:stop(2036)) - omNode-2[localhost:41185]: Stopping Ozone Manager
2022-11-09 16:19:44,011 [Listener at 127.0.0.1/42701] INFO  ozone.MiniOzoneHAClusterImpl (MiniOzoneHAClusterImpl.java:stop(320)) - Stopping the StorageContainerManager 622c10ad-5518-4f12-b7b6-fef968aa587d
2022-11-09 16:19:44,011 [Listener at 127.0.0.1/42701] INFO  server.StorageContainerManager (StorageContainerManager.java:stop(1536)) - Storage Container Manager is not running.
2022-11-09 16:19:44,011 [Listener at 127.0.0.1/42701] INFO  ozone.MiniOzoneHAClusterImpl (MiniOzoneHAClusterImpl.java:stop(320)) - Stopping the StorageContainerManager 2b0403aa-f9f3-4c84-9f99-08ca89661127
2022-11-09 16:19:44,011 [Listener at 127.0.0.1/42701] INFO  server.StorageContainerManager (StorageContainerManager.java:stop(1536)) - Storage Container Manager is not running.
2022-11-09 16:19:44,011 [Listener at 127.0.0.1/42701] INFO  ozone.MiniOzoneHAClusterImpl (MiniOzoneHAClusterImpl.java:stop(320)) - Stopping the StorageContainerManager b72141cc-d5cc-4373-b066-0e22769f6f76
2022-11-09 16:19:44,011 [Listener at 127.0.0.1/42701] INFO  server.StorageContainerManager (StorageContainerManager.java:stop(1536)) - Storage Container Manager is not running.
2022-11-09 16:19:44,011 [Listener at 127.0.0.1/42701] INFO  ozone.MiniOzoneClusterImpl (MiniOzoneClusterImpl.java:stop(463)) - Stopping the Mini Ozone Cluster
2022-11-09 16:19:44,011 [Listener at 127.0.0.1/42701] INFO  ozone.MiniOzoneClusterImpl (MiniOzoneClusterImpl.java:stopDatanodes(522)) - Stopping the HddsDatanodes
]]></system-out>
  </testcase>
</testsuite>