<?xml version="1.0" encoding="UTF-8"?>
<testsuite xmlns:xsi="http://www.w3.org/2001/XMLSchema-instance" xsi:noNamespaceSchemaLocation="https://maven.apache.org/surefire/maven-surefire-plugin/xsd/surefire-test-report-3.0.xsd" version="3.0" name="org.apache.hadoop.ozone.client.rpc.TestBlockOutputStreamFlushDelay" time="31.726" tests="6" errors="0" skipped="0" failures="3">
  <properties>
    <property name="awt.toolkit" value="sun.awt.X11.XToolkit"/>
    <property name="file.encoding.pkg" value="sun.io"/>
    <property name="java.specification.version" value="1.8"/>
    <property name="sun.cpu.isalist" value=""/>
    <property name="sun.jnu.encoding" value="UTF-8"/>
    <property name="java.class.path" value="/home/runner/work/ozone/ozone/hadoop-ozone/integration-test/target/test-classes:/home/runner/work/ozone/ozone/hadoop-ozone/integration-test/target/classes:/home/runner/.m2/repository/org/apache/ozone/ozone-common/1.3.0-SNAPSHOT/ozone-common-1.3.0-SNAPSHOT.jar:/home/runner/.m2/repository/io/grpc/grpc-netty/1.48.1/grpc-netty-1.48.1.jar:/home/runner/.m2/repository/io/grpc/grpc-core/1.48.1/grpc-core-1.48.1.jar:/home/runner/.m2/repository/com/google/android/annotations/4.1.1.4/annotations-4.1.1.4.jar:/home/runner/.m2/repository/org/codehaus/mojo/animal-sniffer-annotations/1.21/animal-sniffer-annotations-1.21.jar:/home/runner/.m2/repository/com/google/errorprone/error_prone_annotations/2.2.0/error_prone_annotations-2.2.0.jar:/home/runner/.m2/repository/io/perfmark/perfmark-api/0.25.0/perfmark-api-0.25.0.jar:/home/runner/.m2/repository/io/netty/netty-codec-http2/4.1.79.Final/netty-codec-http2-4.1.79.Final.jar:/home/runner/.m2/repository/io/netty/netty-common/4.1.79.Final/netty-common-4.1.79.Final.jar:/home/runner/.m2/repository/io/netty/netty-buffer/4.1.79.Final/netty-buffer-4.1.79.Final.jar:/home/runner/.m2/repository/io/netty/netty-codec-http/4.1.79.Final/netty-codec-http-4.1.79.Final.jar:/home/runner/.m2/repository/io/netty/netty-handler-proxy/4.1.79.Final/netty-handler-proxy-4.1.79.Final.jar:/home/runner/.m2/repository/io/netty/netty-codec-socks/4.1.79.Final/netty-codec-socks-4.1.79.Final.jar:/home/runner/.m2/repository/io/netty/netty-tcnative-boringssl-static/2.0.53.Final/netty-tcnative-boringssl-static-2.0.53.Final.jar:/home/runner/.m2/repository/io/netty/netty-tcnative-classes/2.0.53.Final/netty-tcnative-classes-2.0.53.Final.jar:/home/runner/.m2/repository/io/netty/netty-tcnative-boringssl-static/2.0.53.Final/netty-tcnative-boringssl-static-2.0.53.Final-linux-x86_64.jar:/home/runner/.m2/repository/io/netty/netty-tcnative-boringssl-static/2.0.53.Final/netty-tcnative-boringssl-static-2.0.53.Final-linux-aarch_64.jar:/home/runner/.m2/repository/io/netty/netty-tcnative-boringssl-static/2.0.53.Final/netty-tcnative-boringssl-static-2.0.53.Final-osx-x86_64.jar:/home/runner/.m2/repository/io/netty/netty-tcnative-boringssl-static/2.0.53.Final/netty-tcnative-boringssl-static-2.0.53.Final-osx-aarch_64.jar:/home/runner/.m2/repository/io/netty/netty-tcnative-boringssl-static/2.0.53.Final/netty-tcnative-boringssl-static-2.0.53.Final-windows-x86_64.jar:/home/runner/.m2/repository/org/apache/commons/commons-compress/1.21/commons-compress-1.21.jar:/home/runner/.m2/repository/org/apache/ozone/hdds-common/1.3.0-SNAPSHOT/hdds-common-1.3.0-SNAPSHOT.jar:/home/runner/.m2/repository/org/apache/ozone/hdds-client/1.3.0-SNAPSHOT/hdds-client-1.3.0-SNAPSHOT.jar:/home/runner/.m2/repository/org/apache/ozone/ozone-interface-client/1.3.0-SNAPSHOT/ozone-interface-client-1.3.0-SNAPSHOT.jar:/home/runner/.m2/repository/org/apache/ozone/hdds-test-utils/1.3.0-SNAPSHOT/hdds-test-utils-1.3.0-SNAPSHOT.jar:/home/runner/.m2/repository/com/google/guava/guava/31.1-jre/guava-31.1-jre.jar:/home/runner/.m2/repository/com/google/guava/failureaccess/1.0.1/failureaccess-1.0.1.jar:/home/runner/.m2/repository/com/google/guava/listenablefuture/9999.0-empty-to-avoid-conflict-with-guava/listenablefuture-9999.0-empty-to-avoid-conflict-with-guava.jar:/home/runner/.m2/repository/com/google/code/findbugs/jsr305/3.0.0/jsr305-3.0.0.jar:/home/runner/.m2/repository/org/checkerframework/checker-qual/3.12.0/checker-qual-3.12.0.jar:/home/runner/.m2/repository/com/google/j2objc/j2objc-annotations/1.3/j2objc-annotations-1.3.jar:/home/runner/.m2/repository/commons-io/commons-io/2.11.0/commons-io-2.11.0.jar:/home/runner/.m2/repository/commons-logging/commons-logging/1.2/commons-logging-1.2.jar:/home/runner/.m2/repository/ch/qos/reload4j/reload4j/1.2.22/reload4j-1.2.22.jar:/home/runner/.m2/repository/org/slf4j/slf4j-api/1.7.36/slf4j-api-1.7.36.jar:/home/runner/.m2/repository/org/apache/ozone/hdds-server-scm/1.3.0-SNAPSHOT/hdds-server-scm-1.3.0-SNAPSHOT.jar:/home/runner/.m2/repository/org/apache/ozone/hdds-container-service/1.3.0-SNAPSHOT/hdds-container-service-1.3.0-SNAPSHOT.jar:/home/runner/.m2/repository/org/apache/ozone/hdds-hadoop-dependency-server/1.3.0-SNAPSHOT/hdds-hadoop-dependency-server-1.3.0-SNAPSHOT.jar:/home/runner/.m2/repository/org/apache/hadoop/hadoop-hdfs/3.3.4/hadoop-hdfs-3.3.4.jar:/home/runner/.m2/repository/org/eclipse/jetty/jetty-util-ajax/9.4.49.v20220914/jetty-util-ajax-9.4.49.v20220914.jar:/home/runner/.m2/repository/commons-daemon/commons-daemon/1.0.13/commons-daemon-1.0.13.jar:/home/runner/.m2/repository/org/apache/ozone/hdds-server-framework/1.3.0-SNAPSHOT/hdds-server-framework-1.3.0-SNAPSHOT.jar:/home/runner/.m2/repository/org/apache/ozone/hdds-interface-server/1.3.0-SNAPSHOT/hdds-interface-server-1.3.0-SNAPSHOT.jar:/home/runner/.m2/repository/org/apache/commons/commons-configuration2/2.1.1/commons-configuration2-2.1.1.jar:/home/runner/.m2/repository/org/apache/logging/log4j/log4j-core/2.17.1/log4j-core-2.17.1.jar:/home/runner/.m2/repository/com/lmax/disruptor/3.4.2/disruptor-3.4.2.jar:/home/runner/.m2/repository/org/eclipse/jetty/jetty-servlet/9.4.49.v20220914/jetty-servlet-9.4.49.v20220914.jar:/home/runner/.m2/repository/org/eclipse/jetty/jetty-security/9.4.49.v20220914/jetty-security-9.4.49.v20220914.jar:/home/runner/.m2/repository/org/rocksdb/rocksdbjni/7.7.3/rocksdbjni-7.7.3.jar:/home/runner/.m2/repository/io/prometheus/simpleclient_dropwizard/0.7.0/simpleclient_dropwizard-0.7.0.jar:/home/runner/.m2/repository/io/prometheus/simpleclient/0.7.0/simpleclient-0.7.0.jar:/home/runner/.m2/repository/io/prometheus/simpleclient_common/0.7.0/simpleclient_common-0.7.0.jar:/home/runner/.m2/repository/com/github/spotbugs/spotbugs-annotations/3.1.12/spotbugs-annotations-3.1.12.jar:/home/runner/.m2/repository/io/dropwizard/metrics/metrics-core/3.2.4/metrics-core-3.2.4.jar:/home/runner/.m2/repository/org/apache/commons/commons-text/1.4/commons-text-1.4.jar:/home/runner/.m2/repository/org/apache/hadoop/hadoop-hdfs-client/3.3.4/hadoop-hdfs-client-3.3.4.jar:/home/runner/.m2/repository/com/squareup/okhttp3/okhttp/4.9.3/okhttp-4.9.3.jar:/home/runner/.m2/repository/com/squareup/okio/okio/2.8.0/okio-2.8.0.jar:/home/runner/.m2/repository/org/jetbrains/kotlin/kotlin-stdlib-common/1.4.10/kotlin-stdlib-common-1.4.10.jar:/home/runner/.m2/repository/org/bouncycastle/bcprov-jdk15on/1.67/bcprov-jdk15on-1.67.jar:/home/runner/.m2/repository/com/google/protobuf/protobuf-java/2.5.0/protobuf-java-2.5.0.jar:/home/runner/.m2/repository/org/apache/ozone/ozone-manager/1.3.0-SNAPSHOT/ozone-manager-1.3.0-SNAPSHOT.jar:/home/runner/.m2/repository/org/aspectj/aspectjrt/1.9.7/aspectjrt-1.9.7.jar:/home/runner/.m2/repository/org/aspectj/aspectjweaver/1.9.7/aspectjweaver-1.9.7.jar:/home/runner/.m2/repository/org/apache/ozone/hdds-interface-client/1.3.0-SNAPSHOT/hdds-interface-client-1.3.0-SNAPSHOT.jar:/home/runner/.m2/repository/org/apache/hadoop/thirdparty/hadoop-shaded-protobuf_3_7/1.1.1/hadoop-shaded-protobuf_3_7-1.1.1.jar:/home/runner/.m2/repository/org/apache/ozone/ozone-interface-storage/1.3.0-SNAPSHOT/ozone-interface-storage-1.3.0-SNAPSHOT.jar:/home/runner/.m2/repository/org/reflections/reflections/0.9.11/reflections-0.9.11.jar:/home/runner/.m2/repository/com/sun/jersey/jersey-client/1.19/jersey-client-1.19.jar:/home/runner/.m2/repository/org/apache/ranger/ranger-intg/2.3.0/ranger-intg-2.3.0.jar:/home/runner/.m2/repository/org/apache/ranger/ranger-plugins-common/2.3.0/ranger-plugins-common-2.3.0.jar:/home/runner/.m2/repository/commons-lang/commons-lang/2.6/commons-lang-2.6.jar:/home/runner/.m2/repository/org/codehaus/jackson/jackson-jaxrs/1.9.13/jackson-jaxrs-1.9.13.jar:/home/runner/.m2/repository/org/apache/ranger/ranger-plugins-cred/2.3.0/ranger-plugins-cred-2.3.0.jar:/home/runner/.m2/repository/org/apache/ranger/ranger-plugins-audit/2.3.0/ranger-plugins-audit-2.3.0.jar:/home/runner/.m2/repository/org/eclipse/jetty/jetty-client/9.4.31.v20200723/jetty-client-9.4.31.v20200723.jar:/home/runner/.m2/repository/org/apache/httpcomponents/httpmime/4.5.6/httpmime-4.5.6.jar:/home/runner/.m2/repository/org/apache/httpcomponents/httpcore-nio/4.4.6/httpcore-nio-4.4.6.jar:/home/runner/.m2/repository/org/apache/httpcomponents/httpasyncclient/4.1.3/httpasyncclient-4.1.3.jar:/home/runner/.m2/repository/com/carrotsearch/hppc/0.8.0/hppc-0.8.0.jar:/home/runner/.m2/repository/org/apache/orc/orc-core/1.5.8/orc-core-1.5.8.jar:/home/runner/.m2/repository/net/java/dev/jna/jna/5.2.0/jna-5.2.0.jar:/home/runner/.m2/repository/net/java/dev/jna/jna-platform/5.2.0/jna-platform-5.2.0.jar:/home/runner/.m2/repository/com/kstruct/gethostname4j/0.0.2/gethostname4j-0.0.2.jar:/home/runner/.m2/repository/org/apache/ranger/ranger-plugin-classloader/2.3.0/ranger-plugin-classloader-2.3.0.jar:/home/runner/.m2/repository/org/apache/hadoop/hadoop-minikdc/3.3.4/hadoop-minikdc-3.3.4.jar:/home/runner/.m2/repository/org/apache/kerby/kerb-simplekdc/1.0.1/kerb-simplekdc-1.0.1.jar:/home/runner/.m2/repository/org/apache/kerby/kerb-client/1.0.1/kerb-client-1.0.1.jar:/home/runner/.m2/repository/org/apache/kerby/kerby-config/1.0.1/kerby-config-1.0.1.jar:/home/runner/.m2/repository/org/apache/kerby/kerb-common/1.0.1/kerb-common-1.0.1.jar:/home/runner/.m2/repository/org/apache/kerby/kerb-crypto/1.0.1/kerb-crypto-1.0.1.jar:/home/runner/.m2/repository/org/apache/kerby/kerb-util/1.0.1/kerb-util-1.0.1.jar:/home/runner/.m2/repository/org/apache/kerby/token-provider/1.0.1/token-provider-1.0.1.jar:/home/runner/.m2/repository/org/apache/kerby/kerb-admin/1.0.1/kerb-admin-1.0.1.jar:/home/runner/.m2/repository/org/apache/kerby/kerb-server/1.0.1/kerb-server-1.0.1.jar:/home/runner/.m2/repository/org/apache/kerby/kerb-identity/1.0.1/kerb-identity-1.0.1.jar:/home/runner/.m2/repository/org/apache/kerby/kerby-xdr/1.0.1/kerby-xdr-1.0.1.jar:/home/runner/.m2/repository/org/apache/ozone/ozone-s3gateway/1.3.0-SNAPSHOT/ozone-s3gateway-1.3.0-SNAPSHOT.jar:/home/runner/.m2/repository/org/javassist/javassist/3.21.0-GA/javassist-3.21.0-GA.jar:/home/runner/.m2/repository/org/jboss/weld/servlet/weld-servlet/2.4.7.Final/weld-servlet-2.4.7.Final.jar:/home/runner/.m2/repository/org/glassfish/jersey/containers/jersey-container-servlet-core/2.34/jersey-container-servlet-core-2.34.jar:/home/runner/.m2/repository/org/glassfish/hk2/external/jakarta.inject/2.6.1/jakarta.inject-2.6.1.jar:/home/runner/.m2/repository/org/glassfish/jersey/core/jersey-common/2.34/jersey-common-2.34.jar:/home/runner/.m2/repository/jakarta/ws/rs/jakarta.ws.rs-api/2.1.6/jakarta.ws.rs-api-2.1.6.jar:/home/runner/.m2/repository/org/glassfish/jersey/ext/cdi/jersey-cdi1x/2.34/jersey-cdi1x-2.34.jar:/home/runner/.m2/repository/org/glassfish/jersey/inject/jersey-hk2/2.34/jersey-hk2-2.34.jar:/home/runner/.m2/repository/org/glassfish/hk2/hk2-locator/2.6.1/hk2-locator-2.6.1.jar:/home/runner/.m2/repository/org/glassfish/jersey/media/jersey-media-jaxb/2.34/jersey-media-jaxb-2.34.jar:/home/runner/.m2/repository/org/glassfish/hk2/osgi-resource-locator/1.0.3/osgi-resource-locator-1.0.3.jar:/home/runner/.m2/repository/org/glassfish/hk2/hk2-api/2.5.0/hk2-api-2.5.0.jar:/home/runner/.m2/repository/org/glassfish/hk2/hk2-utils/2.5.0/hk2-utils-2.5.0.jar:/home/runner/.m2/repository/org/glassfish/hk2/external/aopalliance-repackaged/2.5.0/aopalliance-repackaged-2.5.0.jar:/home/runner/.m2/repository/com/fasterxml/jackson/dataformat/jackson-dataformat-xml/2.13.4/jackson-dataformat-xml-2.13.4.jar:/home/runner/.m2/repository/com/fasterxml/jackson/core/jackson-core/2.13.4/jackson-core-2.13.4.jar:/home/runner/.m2/repository/org/codehaus/woodstox/stax2-api/3.1.4/stax2-api-3.1.4.jar:/home/runner/.m2/repository/com/fasterxml/woodstox/woodstox-core/5.4.0/woodstox-core-5.4.0.jar:/home/runner/.m2/repository/com/fasterxml/jackson/module/jackson-module-jaxb-annotations/2.13.4/jackson-module-jaxb-annotations-2.13.4.jar:/home/runner/.m2/repository/jakarta/xml/bind/jakarta.xml.bind-api/2.3.3/jakarta.xml.bind-api-2.3.3.jar:/home/runner/.m2/repository/jakarta/activation/jakarta.activation-api/1.2.1/jakarta.activation-api-1.2.1.jar:/home/runner/.m2/repository/javax/enterprise/cdi-api/1.2/cdi-api-1.2.jar:/home/runner/.m2/repository/javax/el/javax.el-api/3.0.0/javax.el-api-3.0.0.jar:/home/runner/.m2/repository/javax/interceptor/javax.interceptor-api/1.2/javax.interceptor-api-1.2.jar:/home/runner/.m2/repository/javax/inject/javax.inject/1/javax.inject-1.jar:/home/runner/.m2/repository/javax/xml/bind/jaxb-api/2.3.0/jaxb-api-2.3.0.jar:/home/runner/.m2/repository/org/glassfish/jaxb/jaxb-runtime/2.3.0.1/jaxb-runtime-2.3.0.1.jar:/home/runner/.m2/repository/org/glassfish/jaxb/jaxb-core/2.3.0.1/jaxb-core-2.3.0.1.jar:/home/runner/.m2/repository/org/glassfish/jaxb/txw2/2.3.0.1/txw2-2.3.0.1.jar:/home/runner/.m2/repository/com/sun/istack/istack-commons-runtime/3.0.5/istack-commons-runtime-3.0.5.jar:/home/runner/.m2/repository/org/jvnet/staxex/stax-ex/1.7.8/stax-ex-1.7.8.jar:/home/runner/.m2/repository/com/sun/xml/fastinfoset/FastInfoset/1.2.13/FastInfoset-1.2.13.jar:/home/runner/.m2/repository/javax/activation/activation/1.1.1/activation-1.1.1.jar:/home/runner/.m2/repository/io/grpc/grpc-protobuf/1.48.1/grpc-protobuf-1.48.1.jar:/home/runner/.m2/repository/io/grpc/grpc-api/1.48.1/grpc-api-1.48.1.jar:/home/runner/.m2/repository/io/grpc/grpc-context/1.48.1/grpc-context-1.48.1.jar:/home/runner/.m2/repository/com/google/api/grpc/proto-google-common-protos/2.9.0/proto-google-common-protos-2.9.0.jar:/home/runner/.m2/repository/io/grpc/grpc-protobuf-lite/1.48.1/grpc-protobuf-lite-1.48.1.jar:/home/runner/.m2/repository/io/grpc/grpc-stub/1.48.1/grpc-stub-1.48.1.jar:/home/runner/.m2/repository/io/netty/netty-transport/4.1.79.Final/netty-transport-4.1.79.Final.jar:/home/runner/.m2/repository/io/netty/netty-resolver/4.1.79.Final/netty-resolver-4.1.79.Final.jar:/home/runner/.m2/repository/org/apache/ozone/ozone-csi/1.3.0-SNAPSHOT/ozone-csi-1.3.0-SNAPSHOT.jar:/home/runner/.m2/repository/com/google/protobuf/protobuf-java-util/3.19.2/protobuf-java-util-3.19.2.jar:/home/runner/.m2/repository/com/google/code/gson/gson/2.9.0/gson-2.9.0.jar:/home/runner/.m2/repository/org/apache/ozone/hdds-config/1.3.0-SNAPSHOT/hdds-config-1.3.0-SNAPSHOT.jar:/home/runner/.m2/repository/io/netty/netty-transport-native-epoll/4.1.79.Final/netty-transport-native-epoll-4.1.79.Final-linux-x86_64.jar:/home/runner/.m2/repository/io/netty/netty-transport-classes-epoll/4.1.79.Final/netty-transport-classes-epoll-4.1.79.Final.jar:/home/runner/.m2/repository/io/netty/netty-transport-native-unix-common/4.1.79.Final/netty-transport-native-unix-common-4.1.79.Final.jar:/home/runner/.m2/repository/org/slf4j/slf4j-reload4j/1.7.36/slf4j-reload4j-1.7.36.jar:/home/runner/.m2/repository/org/apache/ozone/ozone-recon/1.3.0-SNAPSHOT/ozone-recon-1.3.0-SNAPSHOT.jar:/home/runner/.m2/repository/org/apache/ozone/ozone-reconcodegen/1.3.0-SNAPSHOT/ozone-reconcodegen-1.3.0-SNAPSHOT.jar:/home/runner/.m2/repository/com/google/inject/extensions/guice-multibindings/4.0/guice-multibindings-4.0.jar:/home/runner/.m2/repository/com/google/inject/guice/4.0/guice-4.0.jar:/home/runner/.m2/repository/aopalliance/aopalliance/1.0/aopalliance-1.0.jar:/home/runner/.m2/repository/com/google/inject/extensions/guice-assistedinject/4.0/guice-assistedinject-4.0.jar:/home/runner/.m2/repository/com/google/inject/extensions/guice-servlet/4.0/guice-servlet-4.0.jar:/home/runner/.m2/repository/org/glassfish/jersey/containers/jersey-container-servlet/2.34/jersey-container-servlet-2.34.jar:/home/runner/.m2/repository/org/glassfish/hk2/guice-bridge/2.5.0/guice-bridge-2.5.0.jar:/home/runner/.m2/repository/org/glassfish/jersey/core/jersey-server/2.34/jersey-server-2.34.jar:/home/runner/.m2/repository/org/glassfish/jersey/core/jersey-client/2.34/jersey-client-2.34.jar:/home/runner/.m2/repository/jakarta/annotation/jakarta.annotation-api/1.3.5/jakarta.annotation-api-1.3.5.jar:/home/runner/.m2/repository/jakarta/validation/jakarta.validation-api/2.0.2/jakarta.validation-api-2.0.2.jar:/home/runner/.m2/repository/org/glassfish/jersey/media/jersey-media-json-jackson/2.34/jersey-media-json-jackson-2.34.jar:/home/runner/.m2/repository/org/glassfish/jersey/ext/jersey-entity-filtering/2.34/jersey-entity-filtering-2.34.jar:/home/runner/.m2/repository/org/jooq/jooq/3.11.10/jooq-3.11.10.jar:/home/runner/.m2/repository/org/jooq/jooq-meta/3.11.10/jooq-meta-3.11.10.jar:/home/runner/.m2/repository/org/jooq/jooq-codegen/3.11.10/jooq-codegen-3.11.10.jar:/home/runner/.m2/repository/com/jolbox/bonecp/0.8.0.RELEASE/bonecp-0.8.0.RELEASE.jar:/home/runner/.m2/repository/org/apache/derby/derby/10.14.2.0/derby-10.14.2.0.jar:/home/runner/.m2/repository/org/xerial/sqlite-jdbc/3.25.2/sqlite-jdbc-3.25.2.jar:/home/runner/.m2/repository/org/springframework/spring-jdbc/5.3.23/spring-jdbc-5.3.23.jar:/home/runner/.m2/repository/org/springframework/spring-beans/5.3.23/spring-beans-5.3.23.jar:/home/runner/.m2/repository/org/springframework/spring-core/5.3.23/spring-core-5.3.23.jar:/home/runner/.m2/repository/org/springframework/spring-jcl/5.3.23/spring-jcl-5.3.23.jar:/home/runner/.m2/repository/org/springframework/spring-tx/5.3.23/spring-tx-5.3.23.jar:/home/runner/.m2/repository/org/apache/ozone/ozone-client/1.3.0-SNAPSHOT/ozone-client-1.3.0-SNAPSHOT.jar:/home/runner/.m2/repository/org/apache/ozone/hdds-erasurecode/1.3.0-SNAPSHOT/hdds-erasurecode-1.3.0-SNAPSHOT.jar:/home/runner/.m2/repository/org/apache/ozone/ozone-filesystem/1.3.0-SNAPSHOT/ozone-filesystem-1.3.0-SNAPSHOT.jar:/home/runner/.m2/repository/org/apache/ozone/ozone-filesystem-common/1.3.0-SNAPSHOT/ozone-filesystem-common-1.3.0-SNAPSHOT.jar:/home/runner/.m2/repository/org/apache/ozone/ozone-tools/1.3.0-SNAPSHOT/ozone-tools-1.3.0-SNAPSHOT.jar:/home/runner/.m2/repository/org/apache/ratis/ratis-tools/2.4.0/ratis-tools-2.4.0.jar:/home/runner/.m2/repository/com/amazonaws/aws-java-sdk-core/1.12.261/aws-java-sdk-core-1.12.261.jar:/home/runner/.m2/repository/org/apache/httpcomponents/httpclient/4.5.13/httpclient-4.5.13.jar:/home/runner/.m2/repository/org/apache/httpcomponents/httpcore/4.4.13/httpcore-4.4.13.jar:/home/runner/.m2/repository/software/amazon/ion/ion-java/1.0.2/ion-java-1.0.2.jar:/home/runner/.m2/repository/com/fasterxml/jackson/dataformat/jackson-dataformat-cbor/2.13.4/jackson-dataformat-cbor-2.13.4.jar:/home/runner/.m2/repository/joda-time/joda-time/2.8.1/joda-time-2.8.1.jar:/home/runner/.m2/repository/com/amazonaws/aws-java-sdk-s3/1.12.261/aws-java-sdk-s3-1.12.261.jar:/home/runner/.m2/repository/com/amazonaws/aws-java-sdk-kms/1.12.261/aws-java-sdk-kms-1.12.261.jar:/home/runner/.m2/repository/com/amazonaws/jmespath-java/1.12.261/jmespath-java-1.12.261.jar:/home/runner/.m2/repository/org/kohsuke/metainf-services/metainf-services/1.8/metainf-services-1.8.jar:/home/runner/.m2/repository/org/apache/ozone/hdds-tools/1.3.0-SNAPSHOT/hdds-tools-1.3.0-SNAPSHOT.jar:/home/runner/.m2/repository/commons-cli/commons-cli/1.2/commons-cli-1.2.jar:/home/runner/.m2/repository/org/apache/commons/commons-lang3/3.7/commons-lang3-3.7.jar:/home/runner/.m2/repository/org/apache/ozone/ozone-manager/1.3.0-SNAPSHOT/ozone-manager-1.3.0-SNAPSHOT-tests.jar:/home/runner/.m2/repository/org/apache/ozone/hdds-common/1.3.0-SNAPSHOT/hdds-common-1.3.0-SNAPSHOT-tests.jar:/home/runner/.m2/repository/org/apache/ozone/hdds-hadoop-dependency-client/1.3.0-SNAPSHOT/hdds-hadoop-dependency-client-1.3.0-SNAPSHOT.jar:/home/runner/.m2/repository/info/picocli/picocli/4.6.1/picocli-4.6.1.jar:/home/runner/.m2/repository/com/fasterxml/jackson/core/jackson-annotations/2.13.4/jackson-annotations-2.13.4.jar:/home/runner/.m2/repository/com/fasterxml/jackson/datatype/jackson-datatype-jsr310/2.13.4/jackson-datatype-jsr310-2.13.4.jar:/home/runner/.m2/repository/org/apache/ozone/hdds-annotation-processing/1.3.0-SNAPSHOT/hdds-annotation-processing-1.3.0-SNAPSHOT.jar:/home/runner/.m2/repository/javax/annotation/javax.annotation-api/1.2/javax.annotation-api-1.2.jar:/home/runner/.m2/repository/org/apache/ratis/ratis-server/2.4.0/ratis-server-2.4.0.jar:/home/runner/.m2/repository/org/apache/ratis/ratis-client/2.4.0/ratis-client-2.4.0.jar:/home/runner/.m2/repository/org/apache/ratis/ratis-server-api/2.4.0/ratis-server-api-2.4.0.jar:/home/runner/.m2/repository/org/apache/ratis/ratis-metrics/2.4.0/ratis-metrics-2.4.0.jar:/home/runner/.m2/repository/org/apache/ratis/ratis-netty/2.4.0/ratis-netty-2.4.0.jar:/home/runner/.m2/repository/org/apache/ratis/ratis-grpc/2.4.0/ratis-grpc-2.4.0.jar:/home/runner/.m2/repository/org/apache/logging/log4j/log4j-api/2.17.1/log4j-api-2.17.1.jar:/home/runner/.m2/repository/org/apache/commons/commons-pool2/2.6.0/commons-pool2-2.6.0.jar:/home/runner/.m2/repository/org/bouncycastle/bcpkix-jdk15on/1.67/bcpkix-jdk15on-1.67.jar:/home/runner/.m2/repository/commons-validator/commons-validator/1.6/commons-validator-1.6.jar:/home/runner/.m2/repository/commons-beanutils/commons-beanutils/1.9.4/commons-beanutils-1.9.4.jar:/home/runner/.m2/repository/commons-digester/commons-digester/1.8.1/commons-digester-1.8.1.jar:/home/runner/.m2/repository/commons-collections/commons-collections/3.2.2/commons-collections-3.2.2.jar:/home/runner/.m2/repository/io/jaegertracing/jaeger-client/1.6.0/jaeger-client-1.6.0.jar:/home/runner/.m2/repository/io/jaegertracing/jaeger-thrift/1.6.0/jaeger-thrift-1.6.0.jar:/home/runner/.m2/repository/org/apache/thrift/libthrift/0.14.1/libthrift-0.14.1.jar:/home/runner/.m2/repository/io/jaegertracing/jaeger-core/1.6.0/jaeger-core-1.6.0.jar:/home/runner/.m2/repository/io/jaegertracing/jaeger-tracerresolver/1.6.0/jaeger-tracerresolver-1.6.0.jar:/home/runner/.m2/repository/io/opentracing/contrib/opentracing-tracerresolver/0.1.8/opentracing-tracerresolver-0.1.8.jar:/home/runner/.m2/repository/org/jetbrains/kotlin/kotlin-stdlib/1.6.21/kotlin-stdlib-1.6.21.jar:/home/runner/.m2/repository/org/jetbrains/annotations/13.0/annotations-13.0.jar:/home/runner/.m2/repository/io/opentracing/opentracing-util/0.33.0/opentracing-util-0.33.0.jar:/home/runner/.m2/repository/io/opentracing/opentracing-api/0.33.0/opentracing-api-0.33.0.jar:/home/runner/.m2/repository/io/opentracing/opentracing-noop/0.33.0/opentracing-noop-0.33.0.jar:/home/runner/.m2/repository/org/yaml/snakeyaml/1.33/snakeyaml-1.33.jar:/home/runner/.m2/repository/org/apache/ozone/hdds-interface-admin/1.3.0-SNAPSHOT/hdds-interface-admin-1.3.0-SNAPSHOT.jar:/home/runner/.m2/repository/junit/junit/4.13.1/junit-4.13.1.jar:/home/runner/.m2/repository/org/hamcrest/hamcrest-core/1.3/hamcrest-core-1.3.jar:/home/runner/.m2/repository/org/junit/jupiter/junit-jupiter-api/5.8.2/junit-jupiter-api-5.8.2.jar:/home/runner/.m2/repository/org/opentest4j/opentest4j/1.2.0/opentest4j-1.2.0.jar:/home/runner/.m2/repository/org/junit/platform/junit-platform-commons/1.8.2/junit-platform-commons-1.8.2.jar:/home/runner/.m2/repository/org/apiguardian/apiguardian-api/1.1.2/apiguardian-api-1.1.2.jar:/home/runner/.m2/repository/org/junit/jupiter/junit-jupiter-params/5.8.2/junit-jupiter-params-5.8.2.jar:/home/runner/.m2/repository/org/junit/jupiter/junit-jupiter-migrationsupport/5.8.2/junit-jupiter-migrationsupport-5.8.2.jar:/home/runner/.m2/repository/org/junit/jupiter/junit-jupiter-engine/5.8.2/junit-jupiter-engine-5.8.2.jar:/home/runner/.m2/repository/org/junit/platform/junit-platform-engine/1.8.2/junit-platform-engine-1.8.2.jar:/home/runner/.m2/repository/org/junit/vintage/junit-vintage-engine/5.8.2/junit-vintage-engine-5.8.2.jar:/home/runner/.m2/repository/org/junit/platform/junit-platform-launcher/1.8.2/junit-platform-launcher-1.8.2.jar:/home/runner/.m2/repository/org/mockito/mockito-core/2.28.2/mockito-core-2.28.2.jar:/home/runner/.m2/repository/net/bytebuddy/byte-buddy/1.9.10/byte-buddy-1.9.10.jar:/home/runner/.m2/repository/net/bytebuddy/byte-buddy-agent/1.9.10/byte-buddy-agent-1.9.10.jar:/home/runner/.m2/repository/org/objenesis/objenesis/1.0/objenesis-1.0.jar:/home/runner/.m2/repository/org/apache/hadoop/hadoop-kms/3.3.4/hadoop-kms-3.3.4.jar:/home/runner/.m2/repository/org/apache/hadoop/hadoop-auth/3.3.4/hadoop-auth-3.3.4.jar:/home/runner/.m2/repository/com/nimbusds/nimbus-jose-jwt/7.9/nimbus-jose-jwt-7.9.jar:/home/runner/.m2/repository/com/github/stephenc/jcip/jcip-annotations/1.0-1/jcip-annotations-1.0-1.jar:/home/runner/.m2/repository/net/minidev/json-smart/2.4.7/json-smart-2.4.7.jar:/home/runner/.m2/repository/net/minidev/accessors-smart/2.4.7/accessors-smart-2.4.7.jar:/home/runner/.m2/repository/org/ow2/asm/asm/5.0.4/asm-5.0.4.jar:/home/runner/.m2/repository/org/apache/zookeeper/zookeeper/3.5.6/zookeeper-3.5.6.jar:/home/runner/.m2/repository/org/apache/zookeeper/zookeeper-jute/3.5.6/zookeeper-jute-3.5.6.jar:/home/runner/.m2/repository/org/apache/yetus/audience-annotations/0.5.0/audience-annotations-0.5.0.jar:/home/runner/.m2/repository/org/apache/curator/curator-framework/4.2.0/curator-framework-4.2.0.jar:/home/runner/.m2/repository/org/apache/hadoop/thirdparty/hadoop-shaded-guava/1.1.1/hadoop-shaded-guava-1.1.1.jar:/home/runner/.m2/repository/com/sun/jersey/jersey-core/1.19/jersey-core-1.19.jar:/home/runner/.m2/repository/javax/ws/rs/jsr311-api/1.1.1/jsr311-api-1.1.1.jar:/home/runner/.m2/repository/com/sun/jersey/jersey-server/1.19/jersey-server-1.19.jar:/home/runner/.m2/repository/javax/servlet/javax.servlet-api/3.1.0/javax.servlet-api-3.1.0.jar:/home/runner/.m2/repository/org/eclipse/jetty/jetty-server/9.4.49.v20220914/jetty-server-9.4.49.v20220914.jar:/home/runner/.m2/repository/org/eclipse/jetty/jetty-http/9.4.49.v20220914/jetty-http-9.4.49.v20220914.jar:/home/runner/.m2/repository/org/eclipse/jetty/jetty-io/9.4.49.v20220914/jetty-io-9.4.49.v20220914.jar:/home/runner/.m2/repository/org/eclipse/jetty/jetty-webapp/9.4.49.v20220914/jetty-webapp-9.4.49.v20220914.jar:/home/runner/.m2/repository/org/eclipse/jetty/jetty-xml/9.4.49.v20220914/jetty-xml-9.4.49.v20220914.jar:/home/runner/.m2/repository/org/apache/hadoop/hadoop-common/3.3.4/hadoop-common-3.3.4.jar:/home/runner/.m2/repository/org/apache/commons/commons-math3/3.1.1/commons-math3-3.1.1.jar:/home/runner/.m2/repository/commons-net/commons-net/3.6/commons-net-3.6.jar:/home/runner/.m2/repository/com/sun/jersey/jersey-servlet/1.19/jersey-servlet-1.19.jar:/home/runner/.m2/repository/com/sun/jersey/jersey-json/1.19/jersey-json-1.19.jar:/home/runner/.m2/repository/org/codehaus/jettison/jettison/1.1/jettison-1.1.jar:/home/runner/.m2/repository/com/sun/xml/bind/jaxb-impl/2.2.3-1/jaxb-impl-2.2.3-1.jar:/home/runner/.m2/repository/org/codehaus/jackson/jackson-xc/1.9.2/jackson-xc-1.9.2.jar:/home/runner/.m2/repository/com/google/re2j/re2j/1.1/re2j-1.1.jar:/home/runner/.m2/repository/com/jcraft/jsch/0.1.54/jsch-0.1.54.jar:/home/runner/.m2/repository/org/apache/curator/curator-client/4.2.0/curator-client-4.2.0.jar:/home/runner/.m2/repository/org/apache/curator/curator-recipes/4.2.0/curator-recipes-4.2.0.jar:/home/runner/.m2/repository/org/apache/kerby/kerb-core/1.0.1/kerb-core-1.0.1.jar:/home/runner/.m2/repository/org/apache/kerby/kerby-pkix/1.0.1/kerby-pkix-1.0.1.jar:/home/runner/.m2/repository/org/apache/kerby/kerby-asn1/1.0.1/kerby-asn1-1.0.1.jar:/home/runner/.m2/repository/org/apache/kerby/kerby-util/1.0.1/kerby-util-1.0.1.jar:/home/runner/.m2/repository/dnsjava/dnsjava/2.1.7/dnsjava-2.1.7.jar:/home/runner/.m2/repository/org/xerial/snappy/snappy-java/1.1.8.2/snappy-java-1.1.8.2.jar:/home/runner/.m2/repository/org/eclipse/jetty/jetty-util/9.4.49.v20220914/jetty-util-9.4.49.v20220914.jar:/home/runner/.m2/repository/com/fasterxml/jackson/core/jackson-databind/2.13.4.2/jackson-databind-2.13.4.2.jar:/home/runner/.m2/repository/org/apache/hadoop/hadoop-kms/3.3.4/hadoop-kms-3.3.4-tests.jar:/home/runner/.m2/repository/org/apache/ozone/hdds-server-scm/1.3.0-SNAPSHOT/hdds-server-scm-1.3.0-SNAPSHOT-tests.jar:/home/runner/.m2/repository/org/apache/ozone/hdds-container-service/1.3.0-SNAPSHOT/hdds-container-service-1.3.0-SNAPSHOT-tests.jar:/home/runner/.m2/repository/commons-codec/commons-codec/1.11/commons-codec-1.11.jar:/home/runner/.m2/repository/io/netty/netty-codec/4.1.79.Final/netty-codec-4.1.79.Final.jar:/home/runner/.m2/repository/io/netty/netty-handler/4.1.79.Final/netty-handler-4.1.79.Final.jar:/home/runner/.m2/repository/org/apache/ozone/hdds-hadoop-dependency-test/1.3.0-SNAPSHOT/hdds-hadoop-dependency-test-1.3.0-SNAPSHOT.jar:/home/runner/.m2/repository/org/apache/hadoop/hadoop-common/3.3.4/hadoop-common-3.3.4-tests.jar:/home/runner/.m2/repository/org/apache/hadoop/hadoop-hdfs/3.3.4/hadoop-hdfs-3.3.4-tests.jar:/home/runner/.m2/repository/org/assertj/assertj-core/3.12.2/assertj-core-3.12.2.jar:/home/runner/.m2/repository/org/apache/hadoop/hadoop-distcp/3.3.4/hadoop-distcp-3.3.4.jar:/home/runner/.m2/repository/org/apache/hadoop/hadoop-mapreduce-client-jobclient/3.3.4/hadoop-mapreduce-client-jobclient-3.3.4.jar:/home/runner/.m2/repository/org/apache/hadoop/hadoop-mapreduce-client-common/3.3.4/hadoop-mapreduce-client-common-3.3.4.jar:/home/runner/.m2/repository/org/apache/hadoop/hadoop-yarn-common/3.3.4/hadoop-yarn-common-3.3.4.jar:/home/runner/.m2/repository/org/apache/hadoop/hadoop-yarn-api/3.3.4/hadoop-yarn-api-3.3.4.jar:/home/runner/.m2/repository/com/sun/jersey/contribs/jersey-guice/1.19/jersey-guice-1.19.jar:/home/runner/.m2/repository/com/fasterxml/jackson/jaxrs/jackson-jaxrs-json-provider/2.13.4/jackson-jaxrs-json-provider-2.13.4.jar:/home/runner/.m2/repository/com/fasterxml/jackson/jaxrs/jackson-jaxrs-base/2.13.4/jackson-jaxrs-base-2.13.4.jar:/home/runner/.m2/repository/org/apache/hadoop/hadoop-yarn-client/3.3.4/hadoop-yarn-client-3.3.4.jar:/home/runner/.m2/repository/org/eclipse/jetty/websocket/websocket-client/9.4.43.v20210629/websocket-client-9.4.43.v20210629.jar:/home/runner/.m2/repository/org/eclipse/jetty/websocket/websocket-common/9.4.43.v20210629/websocket-common-9.4.43.v20210629.jar:/home/runner/.m2/repository/org/eclipse/jetty/websocket/websocket-api/9.4.43.v20210629/websocket-api-9.4.43.v20210629.jar:/home/runner/.m2/repository/org/jline/jline/3.9.0/jline-3.9.0.jar:/home/runner/.m2/repository/org/apache/hadoop/hadoop-mapreduce-client-core/3.3.4/hadoop-mapreduce-client-core-3.3.4.jar:/home/runner/.m2/repository/org/apache/avro/avro/1.7.7/avro-1.7.7.jar:/home/runner/.m2/repository/org/codehaus/jackson/jackson-core-asl/1.9.13/jackson-core-asl-1.9.13.jar:/home/runner/.m2/repository/org/codehaus/jackson/jackson-mapper-asl/1.9.13/jackson-mapper-asl-1.9.13.jar:/home/runner/.m2/repository/com/thoughtworks/paranamer/paranamer/2.3/paranamer-2.3.jar:/home/runner/.m2/repository/org/apache/hadoop/hadoop-annotations/3.3.4/hadoop-annotations-3.3.4.jar:/usr/lib/jvm/temurin-8-jdk-amd64/jre/../lib/tools.jar:/home/runner/.m2/repository/io/netty/netty/3.10.6.Final/netty-3.10.6.Final.jar:/home/runner/.m2/repository/org/apache/hadoop/hadoop-distcp/3.3.4/hadoop-distcp-3.3.4-tests.jar:/home/runner/.m2/repository/org/slf4j/jul-to-slf4j/1.7.36/jul-to-slf4j-1.7.36.jar:/home/runner/.m2/repository/org/apache/ratis/ratis-common/2.4.0/ratis-common-2.4.0.jar:/home/runner/.m2/repository/org/apache/ratis/ratis-thirdparty-misc/1.0.2/ratis-thirdparty-misc-1.0.2.jar:/home/runner/.m2/repository/org/apache/ratis/ratis-proto/2.4.0/ratis-proto-2.4.0.jar:"/>
    <property name="java.vm.vendor" value="Temurin"/>
    <property name="sun.arch.data.model" value="64"/>
    <property name="test.build.dir" value="/home/runner/work/ozone/ozone/hadoop-ozone/integration-test/target/test-dir"/>
    <property name="test.cache.data" value=""/>
    <property name="java.vendor.url" value="https://adoptium.net/"/>
    <property name="user.timezone" value="Etc/UTC"/>
    <property name="java.vm.specification.version" value="1.8"/>
    <property name="os.name" value="Linux"/>
    <property name="test.build.data" value="/home/runner/work/ozone/ozone/hadoop-ozone/integration-test/target/test-dir"/>
    <property name="sun.java.launcher" value="SUN_STANDARD"/>
    <property name="sun.boot.library.path" value="/usr/lib/jvm/temurin-8-jdk-amd64/jre/lib/amd64"/>
    <property name="sun.java.command" value="/home/runner/work/ozone/ozone/hadoop-ozone/integration-test/target/surefire/surefirebooter1866478700708825169.jar /home/runner/work/ozone/ozone/hadoop-ozone/integration-test/target/surefire 2022-11-10T16-45-11_237-jvmRun1 surefire6393728027787206552tmp surefire_31304227948746142784tmp"/>
    <property name="surefire.test.class.path" value="/home/runner/work/ozone/ozone/hadoop-ozone/integration-test/target/test-classes:/home/runner/work/ozone/ozone/hadoop-ozone/integration-test/target/classes:/home/runner/.m2/repository/org/apache/ozone/ozone-common/1.3.0-SNAPSHOT/ozone-common-1.3.0-SNAPSHOT.jar:/home/runner/.m2/repository/io/grpc/grpc-netty/1.48.1/grpc-netty-1.48.1.jar:/home/runner/.m2/repository/io/grpc/grpc-core/1.48.1/grpc-core-1.48.1.jar:/home/runner/.m2/repository/com/google/android/annotations/4.1.1.4/annotations-4.1.1.4.jar:/home/runner/.m2/repository/org/codehaus/mojo/animal-sniffer-annotations/1.21/animal-sniffer-annotations-1.21.jar:/home/runner/.m2/repository/com/google/errorprone/error_prone_annotations/2.2.0/error_prone_annotations-2.2.0.jar:/home/runner/.m2/repository/io/perfmark/perfmark-api/0.25.0/perfmark-api-0.25.0.jar:/home/runner/.m2/repository/io/netty/netty-codec-http2/4.1.79.Final/netty-codec-http2-4.1.79.Final.jar:/home/runner/.m2/repository/io/netty/netty-common/4.1.79.Final/netty-common-4.1.79.Final.jar:/home/runner/.m2/repository/io/netty/netty-buffer/4.1.79.Final/netty-buffer-4.1.79.Final.jar:/home/runner/.m2/repository/io/netty/netty-codec-http/4.1.79.Final/netty-codec-http-4.1.79.Final.jar:/home/runner/.m2/repository/io/netty/netty-handler-proxy/4.1.79.Final/netty-handler-proxy-4.1.79.Final.jar:/home/runner/.m2/repository/io/netty/netty-codec-socks/4.1.79.Final/netty-codec-socks-4.1.79.Final.jar:/home/runner/.m2/repository/io/netty/netty-tcnative-boringssl-static/2.0.53.Final/netty-tcnative-boringssl-static-2.0.53.Final.jar:/home/runner/.m2/repository/io/netty/netty-tcnative-classes/2.0.53.Final/netty-tcnative-classes-2.0.53.Final.jar:/home/runner/.m2/repository/io/netty/netty-tcnative-boringssl-static/2.0.53.Final/netty-tcnative-boringssl-static-2.0.53.Final-linux-x86_64.jar:/home/runner/.m2/repository/io/netty/netty-tcnative-boringssl-static/2.0.53.Final/netty-tcnative-boringssl-static-2.0.53.Final-linux-aarch_64.jar:/home/runner/.m2/repository/io/netty/netty-tcnative-boringssl-static/2.0.53.Final/netty-tcnative-boringssl-static-2.0.53.Final-osx-x86_64.jar:/home/runner/.m2/repository/io/netty/netty-tcnative-boringssl-static/2.0.53.Final/netty-tcnative-boringssl-static-2.0.53.Final-osx-aarch_64.jar:/home/runner/.m2/repository/io/netty/netty-tcnative-boringssl-static/2.0.53.Final/netty-tcnative-boringssl-static-2.0.53.Final-windows-x86_64.jar:/home/runner/.m2/repository/org/apache/commons/commons-compress/1.21/commons-compress-1.21.jar:/home/runner/.m2/repository/org/apache/ozone/hdds-common/1.3.0-SNAPSHOT/hdds-common-1.3.0-SNAPSHOT.jar:/home/runner/.m2/repository/org/apache/ozone/hdds-client/1.3.0-SNAPSHOT/hdds-client-1.3.0-SNAPSHOT.jar:/home/runner/.m2/repository/org/apache/ozone/ozone-interface-client/1.3.0-SNAPSHOT/ozone-interface-client-1.3.0-SNAPSHOT.jar:/home/runner/.m2/repository/org/apache/ozone/hdds-test-utils/1.3.0-SNAPSHOT/hdds-test-utils-1.3.0-SNAPSHOT.jar:/home/runner/.m2/repository/com/google/guava/guava/31.1-jre/guava-31.1-jre.jar:/home/runner/.m2/repository/com/google/guava/failureaccess/1.0.1/failureaccess-1.0.1.jar:/home/runner/.m2/repository/com/google/guava/listenablefuture/9999.0-empty-to-avoid-conflict-with-guava/listenablefuture-9999.0-empty-to-avoid-conflict-with-guava.jar:/home/runner/.m2/repository/com/google/code/findbugs/jsr305/3.0.0/jsr305-3.0.0.jar:/home/runner/.m2/repository/org/checkerframework/checker-qual/3.12.0/checker-qual-3.12.0.jar:/home/runner/.m2/repository/com/google/j2objc/j2objc-annotations/1.3/j2objc-annotations-1.3.jar:/home/runner/.m2/repository/commons-io/commons-io/2.11.0/commons-io-2.11.0.jar:/home/runner/.m2/repository/commons-logging/commons-logging/1.2/commons-logging-1.2.jar:/home/runner/.m2/repository/ch/qos/reload4j/reload4j/1.2.22/reload4j-1.2.22.jar:/home/runner/.m2/repository/org/slf4j/slf4j-api/1.7.36/slf4j-api-1.7.36.jar:/home/runner/.m2/repository/org/apache/ozone/hdds-server-scm/1.3.0-SNAPSHOT/hdds-server-scm-1.3.0-SNAPSHOT.jar:/home/runner/.m2/repository/org/apache/ozone/hdds-container-service/1.3.0-SNAPSHOT/hdds-container-service-1.3.0-SNAPSHOT.jar:/home/runner/.m2/repository/org/apache/ozone/hdds-hadoop-dependency-server/1.3.0-SNAPSHOT/hdds-hadoop-dependency-server-1.3.0-SNAPSHOT.jar:/home/runner/.m2/repository/org/apache/hadoop/hadoop-hdfs/3.3.4/hadoop-hdfs-3.3.4.jar:/home/runner/.m2/repository/org/eclipse/jetty/jetty-util-ajax/9.4.49.v20220914/jetty-util-ajax-9.4.49.v20220914.jar:/home/runner/.m2/repository/commons-daemon/commons-daemon/1.0.13/commons-daemon-1.0.13.jar:/home/runner/.m2/repository/org/apache/ozone/hdds-server-framework/1.3.0-SNAPSHOT/hdds-server-framework-1.3.0-SNAPSHOT.jar:/home/runner/.m2/repository/org/apache/ozone/hdds-interface-server/1.3.0-SNAPSHOT/hdds-interface-server-1.3.0-SNAPSHOT.jar:/home/runner/.m2/repository/org/apache/commons/commons-configuration2/2.1.1/commons-configuration2-2.1.1.jar:/home/runner/.m2/repository/org/apache/logging/log4j/log4j-core/2.17.1/log4j-core-2.17.1.jar:/home/runner/.m2/repository/com/lmax/disruptor/3.4.2/disruptor-3.4.2.jar:/home/runner/.m2/repository/org/eclipse/jetty/jetty-servlet/9.4.49.v20220914/jetty-servlet-9.4.49.v20220914.jar:/home/runner/.m2/repository/org/eclipse/jetty/jetty-security/9.4.49.v20220914/jetty-security-9.4.49.v20220914.jar:/home/runner/.m2/repository/org/rocksdb/rocksdbjni/7.7.3/rocksdbjni-7.7.3.jar:/home/runner/.m2/repository/io/prometheus/simpleclient_dropwizard/0.7.0/simpleclient_dropwizard-0.7.0.jar:/home/runner/.m2/repository/io/prometheus/simpleclient/0.7.0/simpleclient-0.7.0.jar:/home/runner/.m2/repository/io/prometheus/simpleclient_common/0.7.0/simpleclient_common-0.7.0.jar:/home/runner/.m2/repository/com/github/spotbugs/spotbugs-annotations/3.1.12/spotbugs-annotations-3.1.12.jar:/home/runner/.m2/repository/io/dropwizard/metrics/metrics-core/3.2.4/metrics-core-3.2.4.jar:/home/runner/.m2/repository/org/apache/commons/commons-text/1.4/commons-text-1.4.jar:/home/runner/.m2/repository/org/apache/hadoop/hadoop-hdfs-client/3.3.4/hadoop-hdfs-client-3.3.4.jar:/home/runner/.m2/repository/com/squareup/okhttp3/okhttp/4.9.3/okhttp-4.9.3.jar:/home/runner/.m2/repository/com/squareup/okio/okio/2.8.0/okio-2.8.0.jar:/home/runner/.m2/repository/org/jetbrains/kotlin/kotlin-stdlib-common/1.4.10/kotlin-stdlib-common-1.4.10.jar:/home/runner/.m2/repository/org/bouncycastle/bcprov-jdk15on/1.67/bcprov-jdk15on-1.67.jar:/home/runner/.m2/repository/com/google/protobuf/protobuf-java/2.5.0/protobuf-java-2.5.0.jar:/home/runner/.m2/repository/org/apache/ozone/ozone-manager/1.3.0-SNAPSHOT/ozone-manager-1.3.0-SNAPSHOT.jar:/home/runner/.m2/repository/org/aspectj/aspectjrt/1.9.7/aspectjrt-1.9.7.jar:/home/runner/.m2/repository/org/aspectj/aspectjweaver/1.9.7/aspectjweaver-1.9.7.jar:/home/runner/.m2/repository/org/apache/ozone/hdds-interface-client/1.3.0-SNAPSHOT/hdds-interface-client-1.3.0-SNAPSHOT.jar:/home/runner/.m2/repository/org/apache/hadoop/thirdparty/hadoop-shaded-protobuf_3_7/1.1.1/hadoop-shaded-protobuf_3_7-1.1.1.jar:/home/runner/.m2/repository/org/apache/ozone/ozone-interface-storage/1.3.0-SNAPSHOT/ozone-interface-storage-1.3.0-SNAPSHOT.jar:/home/runner/.m2/repository/org/reflections/reflections/0.9.11/reflections-0.9.11.jar:/home/runner/.m2/repository/com/sun/jersey/jersey-client/1.19/jersey-client-1.19.jar:/home/runner/.m2/repository/org/apache/ranger/ranger-intg/2.3.0/ranger-intg-2.3.0.jar:/home/runner/.m2/repository/org/apache/ranger/ranger-plugins-common/2.3.0/ranger-plugins-common-2.3.0.jar:/home/runner/.m2/repository/commons-lang/commons-lang/2.6/commons-lang-2.6.jar:/home/runner/.m2/repository/org/codehaus/jackson/jackson-jaxrs/1.9.13/jackson-jaxrs-1.9.13.jar:/home/runner/.m2/repository/org/apache/ranger/ranger-plugins-cred/2.3.0/ranger-plugins-cred-2.3.0.jar:/home/runner/.m2/repository/org/apache/ranger/ranger-plugins-audit/2.3.0/ranger-plugins-audit-2.3.0.jar:/home/runner/.m2/repository/org/eclipse/jetty/jetty-client/9.4.31.v20200723/jetty-client-9.4.31.v20200723.jar:/home/runner/.m2/repository/org/apache/httpcomponents/httpmime/4.5.6/httpmime-4.5.6.jar:/home/runner/.m2/repository/org/apache/httpcomponents/httpcore-nio/4.4.6/httpcore-nio-4.4.6.jar:/home/runner/.m2/repository/org/apache/httpcomponents/httpasyncclient/4.1.3/httpasyncclient-4.1.3.jar:/home/runner/.m2/repository/com/carrotsearch/hppc/0.8.0/hppc-0.8.0.jar:/home/runner/.m2/repository/org/apache/orc/orc-core/1.5.8/orc-core-1.5.8.jar:/home/runner/.m2/repository/net/java/dev/jna/jna/5.2.0/jna-5.2.0.jar:/home/runner/.m2/repository/net/java/dev/jna/jna-platform/5.2.0/jna-platform-5.2.0.jar:/home/runner/.m2/repository/com/kstruct/gethostname4j/0.0.2/gethostname4j-0.0.2.jar:/home/runner/.m2/repository/org/apache/ranger/ranger-plugin-classloader/2.3.0/ranger-plugin-classloader-2.3.0.jar:/home/runner/.m2/repository/org/apache/hadoop/hadoop-minikdc/3.3.4/hadoop-minikdc-3.3.4.jar:/home/runner/.m2/repository/org/apache/kerby/kerb-simplekdc/1.0.1/kerb-simplekdc-1.0.1.jar:/home/runner/.m2/repository/org/apache/kerby/kerb-client/1.0.1/kerb-client-1.0.1.jar:/home/runner/.m2/repository/org/apache/kerby/kerby-config/1.0.1/kerby-config-1.0.1.jar:/home/runner/.m2/repository/org/apache/kerby/kerb-common/1.0.1/kerb-common-1.0.1.jar:/home/runner/.m2/repository/org/apache/kerby/kerb-crypto/1.0.1/kerb-crypto-1.0.1.jar:/home/runner/.m2/repository/org/apache/kerby/kerb-util/1.0.1/kerb-util-1.0.1.jar:/home/runner/.m2/repository/org/apache/kerby/token-provider/1.0.1/token-provider-1.0.1.jar:/home/runner/.m2/repository/org/apache/kerby/kerb-admin/1.0.1/kerb-admin-1.0.1.jar:/home/runner/.m2/repository/org/apache/kerby/kerb-server/1.0.1/kerb-server-1.0.1.jar:/home/runner/.m2/repository/org/apache/kerby/kerb-identity/1.0.1/kerb-identity-1.0.1.jar:/home/runner/.m2/repository/org/apache/kerby/kerby-xdr/1.0.1/kerby-xdr-1.0.1.jar:/home/runner/.m2/repository/org/apache/ozone/ozone-s3gateway/1.3.0-SNAPSHOT/ozone-s3gateway-1.3.0-SNAPSHOT.jar:/home/runner/.m2/repository/org/javassist/javassist/3.21.0-GA/javassist-3.21.0-GA.jar:/home/runner/.m2/repository/org/jboss/weld/servlet/weld-servlet/2.4.7.Final/weld-servlet-2.4.7.Final.jar:/home/runner/.m2/repository/org/glassfish/jersey/containers/jersey-container-servlet-core/2.34/jersey-container-servlet-core-2.34.jar:/home/runner/.m2/repository/org/glassfish/hk2/external/jakarta.inject/2.6.1/jakarta.inject-2.6.1.jar:/home/runner/.m2/repository/org/glassfish/jersey/core/jersey-common/2.34/jersey-common-2.34.jar:/home/runner/.m2/repository/jakarta/ws/rs/jakarta.ws.rs-api/2.1.6/jakarta.ws.rs-api-2.1.6.jar:/home/runner/.m2/repository/org/glassfish/jersey/ext/cdi/jersey-cdi1x/2.34/jersey-cdi1x-2.34.jar:/home/runner/.m2/repository/org/glassfish/jersey/inject/jersey-hk2/2.34/jersey-hk2-2.34.jar:/home/runner/.m2/repository/org/glassfish/hk2/hk2-locator/2.6.1/hk2-locator-2.6.1.jar:/home/runner/.m2/repository/org/glassfish/jersey/media/jersey-media-jaxb/2.34/jersey-media-jaxb-2.34.jar:/home/runner/.m2/repository/org/glassfish/hk2/osgi-resource-locator/1.0.3/osgi-resource-locator-1.0.3.jar:/home/runner/.m2/repository/org/glassfish/hk2/hk2-api/2.5.0/hk2-api-2.5.0.jar:/home/runner/.m2/repository/org/glassfish/hk2/hk2-utils/2.5.0/hk2-utils-2.5.0.jar:/home/runner/.m2/repository/org/glassfish/hk2/external/aopalliance-repackaged/2.5.0/aopalliance-repackaged-2.5.0.jar:/home/runner/.m2/repository/com/fasterxml/jackson/dataformat/jackson-dataformat-xml/2.13.4/jackson-dataformat-xml-2.13.4.jar:/home/runner/.m2/repository/com/fasterxml/jackson/core/jackson-core/2.13.4/jackson-core-2.13.4.jar:/home/runner/.m2/repository/org/codehaus/woodstox/stax2-api/3.1.4/stax2-api-3.1.4.jar:/home/runner/.m2/repository/com/fasterxml/woodstox/woodstox-core/5.4.0/woodstox-core-5.4.0.jar:/home/runner/.m2/repository/com/fasterxml/jackson/module/jackson-module-jaxb-annotations/2.13.4/jackson-module-jaxb-annotations-2.13.4.jar:/home/runner/.m2/repository/jakarta/xml/bind/jakarta.xml.bind-api/2.3.3/jakarta.xml.bind-api-2.3.3.jar:/home/runner/.m2/repository/jakarta/activation/jakarta.activation-api/1.2.1/jakarta.activation-api-1.2.1.jar:/home/runner/.m2/repository/javax/enterprise/cdi-api/1.2/cdi-api-1.2.jar:/home/runner/.m2/repository/javax/el/javax.el-api/3.0.0/javax.el-api-3.0.0.jar:/home/runner/.m2/repository/javax/interceptor/javax.interceptor-api/1.2/javax.interceptor-api-1.2.jar:/home/runner/.m2/repository/javax/inject/javax.inject/1/javax.inject-1.jar:/home/runner/.m2/repository/javax/xml/bind/jaxb-api/2.3.0/jaxb-api-2.3.0.jar:/home/runner/.m2/repository/org/glassfish/jaxb/jaxb-runtime/2.3.0.1/jaxb-runtime-2.3.0.1.jar:/home/runner/.m2/repository/org/glassfish/jaxb/jaxb-core/2.3.0.1/jaxb-core-2.3.0.1.jar:/home/runner/.m2/repository/org/glassfish/jaxb/txw2/2.3.0.1/txw2-2.3.0.1.jar:/home/runner/.m2/repository/com/sun/istack/istack-commons-runtime/3.0.5/istack-commons-runtime-3.0.5.jar:/home/runner/.m2/repository/org/jvnet/staxex/stax-ex/1.7.8/stax-ex-1.7.8.jar:/home/runner/.m2/repository/com/sun/xml/fastinfoset/FastInfoset/1.2.13/FastInfoset-1.2.13.jar:/home/runner/.m2/repository/javax/activation/activation/1.1.1/activation-1.1.1.jar:/home/runner/.m2/repository/io/grpc/grpc-protobuf/1.48.1/grpc-protobuf-1.48.1.jar:/home/runner/.m2/repository/io/grpc/grpc-api/1.48.1/grpc-api-1.48.1.jar:/home/runner/.m2/repository/io/grpc/grpc-context/1.48.1/grpc-context-1.48.1.jar:/home/runner/.m2/repository/com/google/api/grpc/proto-google-common-protos/2.9.0/proto-google-common-protos-2.9.0.jar:/home/runner/.m2/repository/io/grpc/grpc-protobuf-lite/1.48.1/grpc-protobuf-lite-1.48.1.jar:/home/runner/.m2/repository/io/grpc/grpc-stub/1.48.1/grpc-stub-1.48.1.jar:/home/runner/.m2/repository/io/netty/netty-transport/4.1.79.Final/netty-transport-4.1.79.Final.jar:/home/runner/.m2/repository/io/netty/netty-resolver/4.1.79.Final/netty-resolver-4.1.79.Final.jar:/home/runner/.m2/repository/org/apache/ozone/ozone-csi/1.3.0-SNAPSHOT/ozone-csi-1.3.0-SNAPSHOT.jar:/home/runner/.m2/repository/com/google/protobuf/protobuf-java-util/3.19.2/protobuf-java-util-3.19.2.jar:/home/runner/.m2/repository/com/google/code/gson/gson/2.9.0/gson-2.9.0.jar:/home/runner/.m2/repository/org/apache/ozone/hdds-config/1.3.0-SNAPSHOT/hdds-config-1.3.0-SNAPSHOT.jar:/home/runner/.m2/repository/io/netty/netty-transport-native-epoll/4.1.79.Final/netty-transport-native-epoll-4.1.79.Final-linux-x86_64.jar:/home/runner/.m2/repository/io/netty/netty-transport-classes-epoll/4.1.79.Final/netty-transport-classes-epoll-4.1.79.Final.jar:/home/runner/.m2/repository/io/netty/netty-transport-native-unix-common/4.1.79.Final/netty-transport-native-unix-common-4.1.79.Final.jar:/home/runner/.m2/repository/org/slf4j/slf4j-reload4j/1.7.36/slf4j-reload4j-1.7.36.jar:/home/runner/.m2/repository/org/apache/ozone/ozone-recon/1.3.0-SNAPSHOT/ozone-recon-1.3.0-SNAPSHOT.jar:/home/runner/.m2/repository/org/apache/ozone/ozone-reconcodegen/1.3.0-SNAPSHOT/ozone-reconcodegen-1.3.0-SNAPSHOT.jar:/home/runner/.m2/repository/com/google/inject/extensions/guice-multibindings/4.0/guice-multibindings-4.0.jar:/home/runner/.m2/repository/com/google/inject/guice/4.0/guice-4.0.jar:/home/runner/.m2/repository/aopalliance/aopalliance/1.0/aopalliance-1.0.jar:/home/runner/.m2/repository/com/google/inject/extensions/guice-assistedinject/4.0/guice-assistedinject-4.0.jar:/home/runner/.m2/repository/com/google/inject/extensions/guice-servlet/4.0/guice-servlet-4.0.jar:/home/runner/.m2/repository/org/glassfish/jersey/containers/jersey-container-servlet/2.34/jersey-container-servlet-2.34.jar:/home/runner/.m2/repository/org/glassfish/hk2/guice-bridge/2.5.0/guice-bridge-2.5.0.jar:/home/runner/.m2/repository/org/glassfish/jersey/core/jersey-server/2.34/jersey-server-2.34.jar:/home/runner/.m2/repository/org/glassfish/jersey/core/jersey-client/2.34/jersey-client-2.34.jar:/home/runner/.m2/repository/jakarta/annotation/jakarta.annotation-api/1.3.5/jakarta.annotation-api-1.3.5.jar:/home/runner/.m2/repository/jakarta/validation/jakarta.validation-api/2.0.2/jakarta.validation-api-2.0.2.jar:/home/runner/.m2/repository/org/glassfish/jersey/media/jersey-media-json-jackson/2.34/jersey-media-json-jackson-2.34.jar:/home/runner/.m2/repository/org/glassfish/jersey/ext/jersey-entity-filtering/2.34/jersey-entity-filtering-2.34.jar:/home/runner/.m2/repository/org/jooq/jooq/3.11.10/jooq-3.11.10.jar:/home/runner/.m2/repository/org/jooq/jooq-meta/3.11.10/jooq-meta-3.11.10.jar:/home/runner/.m2/repository/org/jooq/jooq-codegen/3.11.10/jooq-codegen-3.11.10.jar:/home/runner/.m2/repository/com/jolbox/bonecp/0.8.0.RELEASE/bonecp-0.8.0.RELEASE.jar:/home/runner/.m2/repository/org/apache/derby/derby/10.14.2.0/derby-10.14.2.0.jar:/home/runner/.m2/repository/org/xerial/sqlite-jdbc/3.25.2/sqlite-jdbc-3.25.2.jar:/home/runner/.m2/repository/org/springframework/spring-jdbc/5.3.23/spring-jdbc-5.3.23.jar:/home/runner/.m2/repository/org/springframework/spring-beans/5.3.23/spring-beans-5.3.23.jar:/home/runner/.m2/repository/org/springframework/spring-core/5.3.23/spring-core-5.3.23.jar:/home/runner/.m2/repository/org/springframework/spring-jcl/5.3.23/spring-jcl-5.3.23.jar:/home/runner/.m2/repository/org/springframework/spring-tx/5.3.23/spring-tx-5.3.23.jar:/home/runner/.m2/repository/org/apache/ozone/ozone-client/1.3.0-SNAPSHOT/ozone-client-1.3.0-SNAPSHOT.jar:/home/runner/.m2/repository/org/apache/ozone/hdds-erasurecode/1.3.0-SNAPSHOT/hdds-erasurecode-1.3.0-SNAPSHOT.jar:/home/runner/.m2/repository/org/apache/ozone/ozone-filesystem/1.3.0-SNAPSHOT/ozone-filesystem-1.3.0-SNAPSHOT.jar:/home/runner/.m2/repository/org/apache/ozone/ozone-filesystem-common/1.3.0-SNAPSHOT/ozone-filesystem-common-1.3.0-SNAPSHOT.jar:/home/runner/.m2/repository/org/apache/ozone/ozone-tools/1.3.0-SNAPSHOT/ozone-tools-1.3.0-SNAPSHOT.jar:/home/runner/.m2/repository/org/apache/ratis/ratis-tools/2.4.0/ratis-tools-2.4.0.jar:/home/runner/.m2/repository/com/amazonaws/aws-java-sdk-core/1.12.261/aws-java-sdk-core-1.12.261.jar:/home/runner/.m2/repository/org/apache/httpcomponents/httpclient/4.5.13/httpclient-4.5.13.jar:/home/runner/.m2/repository/org/apache/httpcomponents/httpcore/4.4.13/httpcore-4.4.13.jar:/home/runner/.m2/repository/software/amazon/ion/ion-java/1.0.2/ion-java-1.0.2.jar:/home/runner/.m2/repository/com/fasterxml/jackson/dataformat/jackson-dataformat-cbor/2.13.4/jackson-dataformat-cbor-2.13.4.jar:/home/runner/.m2/repository/joda-time/joda-time/2.8.1/joda-time-2.8.1.jar:/home/runner/.m2/repository/com/amazonaws/aws-java-sdk-s3/1.12.261/aws-java-sdk-s3-1.12.261.jar:/home/runner/.m2/repository/com/amazonaws/aws-java-sdk-kms/1.12.261/aws-java-sdk-kms-1.12.261.jar:/home/runner/.m2/repository/com/amazonaws/jmespath-java/1.12.261/jmespath-java-1.12.261.jar:/home/runner/.m2/repository/org/kohsuke/metainf-services/metainf-services/1.8/metainf-services-1.8.jar:/home/runner/.m2/repository/org/apache/ozone/hdds-tools/1.3.0-SNAPSHOT/hdds-tools-1.3.0-SNAPSHOT.jar:/home/runner/.m2/repository/commons-cli/commons-cli/1.2/commons-cli-1.2.jar:/home/runner/.m2/repository/org/apache/commons/commons-lang3/3.7/commons-lang3-3.7.jar:/home/runner/.m2/repository/org/apache/ozone/ozone-manager/1.3.0-SNAPSHOT/ozone-manager-1.3.0-SNAPSHOT-tests.jar:/home/runner/.m2/repository/org/apache/ozone/hdds-common/1.3.0-SNAPSHOT/hdds-common-1.3.0-SNAPSHOT-tests.jar:/home/runner/.m2/repository/org/apache/ozone/hdds-hadoop-dependency-client/1.3.0-SNAPSHOT/hdds-hadoop-dependency-client-1.3.0-SNAPSHOT.jar:/home/runner/.m2/repository/info/picocli/picocli/4.6.1/picocli-4.6.1.jar:/home/runner/.m2/repository/com/fasterxml/jackson/core/jackson-annotations/2.13.4/jackson-annotations-2.13.4.jar:/home/runner/.m2/repository/com/fasterxml/jackson/datatype/jackson-datatype-jsr310/2.13.4/jackson-datatype-jsr310-2.13.4.jar:/home/runner/.m2/repository/org/apache/ozone/hdds-annotation-processing/1.3.0-SNAPSHOT/hdds-annotation-processing-1.3.0-SNAPSHOT.jar:/home/runner/.m2/repository/javax/annotation/javax.annotation-api/1.2/javax.annotation-api-1.2.jar:/home/runner/.m2/repository/org/apache/ratis/ratis-server/2.4.0/ratis-server-2.4.0.jar:/home/runner/.m2/repository/org/apache/ratis/ratis-client/2.4.0/ratis-client-2.4.0.jar:/home/runner/.m2/repository/org/apache/ratis/ratis-server-api/2.4.0/ratis-server-api-2.4.0.jar:/home/runner/.m2/repository/org/apache/ratis/ratis-metrics/2.4.0/ratis-metrics-2.4.0.jar:/home/runner/.m2/repository/org/apache/ratis/ratis-netty/2.4.0/ratis-netty-2.4.0.jar:/home/runner/.m2/repository/org/apache/ratis/ratis-grpc/2.4.0/ratis-grpc-2.4.0.jar:/home/runner/.m2/repository/org/apache/logging/log4j/log4j-api/2.17.1/log4j-api-2.17.1.jar:/home/runner/.m2/repository/org/apache/commons/commons-pool2/2.6.0/commons-pool2-2.6.0.jar:/home/runner/.m2/repository/org/bouncycastle/bcpkix-jdk15on/1.67/bcpkix-jdk15on-1.67.jar:/home/runner/.m2/repository/commons-validator/commons-validator/1.6/commons-validator-1.6.jar:/home/runner/.m2/repository/commons-beanutils/commons-beanutils/1.9.4/commons-beanutils-1.9.4.jar:/home/runner/.m2/repository/commons-digester/commons-digester/1.8.1/commons-digester-1.8.1.jar:/home/runner/.m2/repository/commons-collections/commons-collections/3.2.2/commons-collections-3.2.2.jar:/home/runner/.m2/repository/io/jaegertracing/jaeger-client/1.6.0/jaeger-client-1.6.0.jar:/home/runner/.m2/repository/io/jaegertracing/jaeger-thrift/1.6.0/jaeger-thrift-1.6.0.jar:/home/runner/.m2/repository/org/apache/thrift/libthrift/0.14.1/libthrift-0.14.1.jar:/home/runner/.m2/repository/io/jaegertracing/jaeger-core/1.6.0/jaeger-core-1.6.0.jar:/home/runner/.m2/repository/io/jaegertracing/jaeger-tracerresolver/1.6.0/jaeger-tracerresolver-1.6.0.jar:/home/runner/.m2/repository/io/opentracing/contrib/opentracing-tracerresolver/0.1.8/opentracing-tracerresolver-0.1.8.jar:/home/runner/.m2/repository/org/jetbrains/kotlin/kotlin-stdlib/1.6.21/kotlin-stdlib-1.6.21.jar:/home/runner/.m2/repository/org/jetbrains/annotations/13.0/annotations-13.0.jar:/home/runner/.m2/repository/io/opentracing/opentracing-util/0.33.0/opentracing-util-0.33.0.jar:/home/runner/.m2/repository/io/opentracing/opentracing-api/0.33.0/opentracing-api-0.33.0.jar:/home/runner/.m2/repository/io/opentracing/opentracing-noop/0.33.0/opentracing-noop-0.33.0.jar:/home/runner/.m2/repository/org/yaml/snakeyaml/1.33/snakeyaml-1.33.jar:/home/runner/.m2/repository/org/apache/ozone/hdds-interface-admin/1.3.0-SNAPSHOT/hdds-interface-admin-1.3.0-SNAPSHOT.jar:/home/runner/.m2/repository/junit/junit/4.13.1/junit-4.13.1.jar:/home/runner/.m2/repository/org/hamcrest/hamcrest-core/1.3/hamcrest-core-1.3.jar:/home/runner/.m2/repository/org/junit/jupiter/junit-jupiter-api/5.8.2/junit-jupiter-api-5.8.2.jar:/home/runner/.m2/repository/org/opentest4j/opentest4j/1.2.0/opentest4j-1.2.0.jar:/home/runner/.m2/repository/org/junit/platform/junit-platform-commons/1.8.2/junit-platform-commons-1.8.2.jar:/home/runner/.m2/repository/org/apiguardian/apiguardian-api/1.1.2/apiguardian-api-1.1.2.jar:/home/runner/.m2/repository/org/junit/jupiter/junit-jupiter-params/5.8.2/junit-jupiter-params-5.8.2.jar:/home/runner/.m2/repository/org/junit/jupiter/junit-jupiter-migrationsupport/5.8.2/junit-jupiter-migrationsupport-5.8.2.jar:/home/runner/.m2/repository/org/junit/jupiter/junit-jupiter-engine/5.8.2/junit-jupiter-engine-5.8.2.jar:/home/runner/.m2/repository/org/junit/platform/junit-platform-engine/1.8.2/junit-platform-engine-1.8.2.jar:/home/runner/.m2/repository/org/junit/vintage/junit-vintage-engine/5.8.2/junit-vintage-engine-5.8.2.jar:/home/runner/.m2/repository/org/junit/platform/junit-platform-launcher/1.8.2/junit-platform-launcher-1.8.2.jar:/home/runner/.m2/repository/org/mockito/mockito-core/2.28.2/mockito-core-2.28.2.jar:/home/runner/.m2/repository/net/bytebuddy/byte-buddy/1.9.10/byte-buddy-1.9.10.jar:/home/runner/.m2/repository/net/bytebuddy/byte-buddy-agent/1.9.10/byte-buddy-agent-1.9.10.jar:/home/runner/.m2/repository/org/objenesis/objenesis/1.0/objenesis-1.0.jar:/home/runner/.m2/repository/org/apache/hadoop/hadoop-kms/3.3.4/hadoop-kms-3.3.4.jar:/home/runner/.m2/repository/org/apache/hadoop/hadoop-auth/3.3.4/hadoop-auth-3.3.4.jar:/home/runner/.m2/repository/com/nimbusds/nimbus-jose-jwt/7.9/nimbus-jose-jwt-7.9.jar:/home/runner/.m2/repository/com/github/stephenc/jcip/jcip-annotations/1.0-1/jcip-annotations-1.0-1.jar:/home/runner/.m2/repository/net/minidev/json-smart/2.4.7/json-smart-2.4.7.jar:/home/runner/.m2/repository/net/minidev/accessors-smart/2.4.7/accessors-smart-2.4.7.jar:/home/runner/.m2/repository/org/ow2/asm/asm/5.0.4/asm-5.0.4.jar:/home/runner/.m2/repository/org/apache/zookeeper/zookeeper/3.5.6/zookeeper-3.5.6.jar:/home/runner/.m2/repository/org/apache/zookeeper/zookeeper-jute/3.5.6/zookeeper-jute-3.5.6.jar:/home/runner/.m2/repository/org/apache/yetus/audience-annotations/0.5.0/audience-annotations-0.5.0.jar:/home/runner/.m2/repository/org/apache/curator/curator-framework/4.2.0/curator-framework-4.2.0.jar:/home/runner/.m2/repository/org/apache/hadoop/thirdparty/hadoop-shaded-guava/1.1.1/hadoop-shaded-guava-1.1.1.jar:/home/runner/.m2/repository/com/sun/jersey/jersey-core/1.19/jersey-core-1.19.jar:/home/runner/.m2/repository/javax/ws/rs/jsr311-api/1.1.1/jsr311-api-1.1.1.jar:/home/runner/.m2/repository/com/sun/jersey/jersey-server/1.19/jersey-server-1.19.jar:/home/runner/.m2/repository/javax/servlet/javax.servlet-api/3.1.0/javax.servlet-api-3.1.0.jar:/home/runner/.m2/repository/org/eclipse/jetty/jetty-server/9.4.49.v20220914/jetty-server-9.4.49.v20220914.jar:/home/runner/.m2/repository/org/eclipse/jetty/jetty-http/9.4.49.v20220914/jetty-http-9.4.49.v20220914.jar:/home/runner/.m2/repository/org/eclipse/jetty/jetty-io/9.4.49.v20220914/jetty-io-9.4.49.v20220914.jar:/home/runner/.m2/repository/org/eclipse/jetty/jetty-webapp/9.4.49.v20220914/jetty-webapp-9.4.49.v20220914.jar:/home/runner/.m2/repository/org/eclipse/jetty/jetty-xml/9.4.49.v20220914/jetty-xml-9.4.49.v20220914.jar:/home/runner/.m2/repository/org/apache/hadoop/hadoop-common/3.3.4/hadoop-common-3.3.4.jar:/home/runner/.m2/repository/org/apache/commons/commons-math3/3.1.1/commons-math3-3.1.1.jar:/home/runner/.m2/repository/commons-net/commons-net/3.6/commons-net-3.6.jar:/home/runner/.m2/repository/com/sun/jersey/jersey-servlet/1.19/jersey-servlet-1.19.jar:/home/runner/.m2/repository/com/sun/jersey/jersey-json/1.19/jersey-json-1.19.jar:/home/runner/.m2/repository/org/codehaus/jettison/jettison/1.1/jettison-1.1.jar:/home/runner/.m2/repository/com/sun/xml/bind/jaxb-impl/2.2.3-1/jaxb-impl-2.2.3-1.jar:/home/runner/.m2/repository/org/codehaus/jackson/jackson-xc/1.9.2/jackson-xc-1.9.2.jar:/home/runner/.m2/repository/com/google/re2j/re2j/1.1/re2j-1.1.jar:/home/runner/.m2/repository/com/jcraft/jsch/0.1.54/jsch-0.1.54.jar:/home/runner/.m2/repository/org/apache/curator/curator-client/4.2.0/curator-client-4.2.0.jar:/home/runner/.m2/repository/org/apache/curator/curator-recipes/4.2.0/curator-recipes-4.2.0.jar:/home/runner/.m2/repository/org/apache/kerby/kerb-core/1.0.1/kerb-core-1.0.1.jar:/home/runner/.m2/repository/org/apache/kerby/kerby-pkix/1.0.1/kerby-pkix-1.0.1.jar:/home/runner/.m2/repository/org/apache/kerby/kerby-asn1/1.0.1/kerby-asn1-1.0.1.jar:/home/runner/.m2/repository/org/apache/kerby/kerby-util/1.0.1/kerby-util-1.0.1.jar:/home/runner/.m2/repository/dnsjava/dnsjava/2.1.7/dnsjava-2.1.7.jar:/home/runner/.m2/repository/org/xerial/snappy/snappy-java/1.1.8.2/snappy-java-1.1.8.2.jar:/home/runner/.m2/repository/org/eclipse/jetty/jetty-util/9.4.49.v20220914/jetty-util-9.4.49.v20220914.jar:/home/runner/.m2/repository/com/fasterxml/jackson/core/jackson-databind/2.13.4.2/jackson-databind-2.13.4.2.jar:/home/runner/.m2/repository/org/apache/hadoop/hadoop-kms/3.3.4/hadoop-kms-3.3.4-tests.jar:/home/runner/.m2/repository/org/apache/ozone/hdds-server-scm/1.3.0-SNAPSHOT/hdds-server-scm-1.3.0-SNAPSHOT-tests.jar:/home/runner/.m2/repository/org/apache/ozone/hdds-container-service/1.3.0-SNAPSHOT/hdds-container-service-1.3.0-SNAPSHOT-tests.jar:/home/runner/.m2/repository/commons-codec/commons-codec/1.11/commons-codec-1.11.jar:/home/runner/.m2/repository/io/netty/netty-codec/4.1.79.Final/netty-codec-4.1.79.Final.jar:/home/runner/.m2/repository/io/netty/netty-handler/4.1.79.Final/netty-handler-4.1.79.Final.jar:/home/runner/.m2/repository/org/apache/ozone/hdds-hadoop-dependency-test/1.3.0-SNAPSHOT/hdds-hadoop-dependency-test-1.3.0-SNAPSHOT.jar:/home/runner/.m2/repository/org/apache/hadoop/hadoop-common/3.3.4/hadoop-common-3.3.4-tests.jar:/home/runner/.m2/repository/org/apache/hadoop/hadoop-hdfs/3.3.4/hadoop-hdfs-3.3.4-tests.jar:/home/runner/.m2/repository/org/assertj/assertj-core/3.12.2/assertj-core-3.12.2.jar:/home/runner/.m2/repository/org/apache/hadoop/hadoop-distcp/3.3.4/hadoop-distcp-3.3.4.jar:/home/runner/.m2/repository/org/apache/hadoop/hadoop-mapreduce-client-jobclient/3.3.4/hadoop-mapreduce-client-jobclient-3.3.4.jar:/home/runner/.m2/repository/org/apache/hadoop/hadoop-mapreduce-client-common/3.3.4/hadoop-mapreduce-client-common-3.3.4.jar:/home/runner/.m2/repository/org/apache/hadoop/hadoop-yarn-common/3.3.4/hadoop-yarn-common-3.3.4.jar:/home/runner/.m2/repository/org/apache/hadoop/hadoop-yarn-api/3.3.4/hadoop-yarn-api-3.3.4.jar:/home/runner/.m2/repository/com/sun/jersey/contribs/jersey-guice/1.19/jersey-guice-1.19.jar:/home/runner/.m2/repository/com/fasterxml/jackson/jaxrs/jackson-jaxrs-json-provider/2.13.4/jackson-jaxrs-json-provider-2.13.4.jar:/home/runner/.m2/repository/com/fasterxml/jackson/jaxrs/jackson-jaxrs-base/2.13.4/jackson-jaxrs-base-2.13.4.jar:/home/runner/.m2/repository/org/apache/hadoop/hadoop-yarn-client/3.3.4/hadoop-yarn-client-3.3.4.jar:/home/runner/.m2/repository/org/eclipse/jetty/websocket/websocket-client/9.4.43.v20210629/websocket-client-9.4.43.v20210629.jar:/home/runner/.m2/repository/org/eclipse/jetty/websocket/websocket-common/9.4.43.v20210629/websocket-common-9.4.43.v20210629.jar:/home/runner/.m2/repository/org/eclipse/jetty/websocket/websocket-api/9.4.43.v20210629/websocket-api-9.4.43.v20210629.jar:/home/runner/.m2/repository/org/jline/jline/3.9.0/jline-3.9.0.jar:/home/runner/.m2/repository/org/apache/hadoop/hadoop-mapreduce-client-core/3.3.4/hadoop-mapreduce-client-core-3.3.4.jar:/home/runner/.m2/repository/org/apache/avro/avro/1.7.7/avro-1.7.7.jar:/home/runner/.m2/repository/org/codehaus/jackson/jackson-core-asl/1.9.13/jackson-core-asl-1.9.13.jar:/home/runner/.m2/repository/org/codehaus/jackson/jackson-mapper-asl/1.9.13/jackson-mapper-asl-1.9.13.jar:/home/runner/.m2/repository/com/thoughtworks/paranamer/paranamer/2.3/paranamer-2.3.jar:/home/runner/.m2/repository/org/apache/hadoop/hadoop-annotations/3.3.4/hadoop-annotations-3.3.4.jar:/usr/lib/jvm/temurin-8-jdk-amd64/jre/../lib/tools.jar:/home/runner/.m2/repository/io/netty/netty/3.10.6.Final/netty-3.10.6.Final.jar:/home/runner/.m2/repository/org/apache/hadoop/hadoop-distcp/3.3.4/hadoop-distcp-3.3.4-tests.jar:/home/runner/.m2/repository/org/slf4j/jul-to-slf4j/1.7.36/jul-to-slf4j-1.7.36.jar:/home/runner/.m2/repository/org/apache/ratis/ratis-common/2.4.0/ratis-common-2.4.0.jar:/home/runner/.m2/repository/org/apache/ratis/ratis-thirdparty-misc/1.0.2/ratis-thirdparty-misc-1.0.2.jar:/home/runner/.m2/repository/org/apache/ratis/ratis-proto/2.4.0/ratis-proto-2.4.0.jar:"/>
    <property name="sun.cpu.endian" value="little"/>
    <property name="user.home" value="/home/runner"/>
    <property name="user.language" value="en"/>
    <property name="java.specification.vendor" value="Oracle Corporation"/>
    <property name="java.home" value="/usr/lib/jvm/temurin-8-jdk-amd64/jre"/>
    <property name="java.security.krb5.conf" value="/home/runner/work/ozone/ozone/hadoop-ozone/integration-test/target/test-classes/krb5.conf"/>
    <property name="basedir" value="/home/runner/work/ozone/ozone/hadoop-ozone/integration-test"/>
    <property name="file.separator" value="/"/>
    <property name="line.separator" value="&#10;"/>
    <property name="java.vm.specification.vendor" value="Oracle Corporation"/>
    <property name="java.specification.name" value="Java Platform API Specification"/>
    <property name="java.awt.graphicsenv" value="sun.awt.X11GraphicsEnvironment"/>
    <property name="skip.installnpx" value="true"/>
    <property name="surefire.real.class.path" value="/home/runner/work/ozone/ozone/hadoop-ozone/integration-test/target/surefire/surefirebooter1866478700708825169.jar:/home/runner/.m2/repository/org/jacoco/org.jacoco.agent/0.8.5/org.jacoco.agent-0.8.5-runtime.jar"/>
    <property name="hadoop.log.dir" value="/home/runner/work/ozone/ozone/hadoop-ozone/integration-test/target/log"/>
    <property name="sun.boot.class.path" value="/usr/lib/jvm/temurin-8-jdk-amd64/jre/lib/resources.jar:/usr/lib/jvm/temurin-8-jdk-amd64/jre/lib/rt.jar:/usr/lib/jvm/temurin-8-jdk-amd64/jre/lib/sunrsasign.jar:/usr/lib/jvm/temurin-8-jdk-amd64/jre/lib/jsse.jar:/usr/lib/jvm/temurin-8-jdk-amd64/jre/lib/jce.jar:/usr/lib/jvm/temurin-8-jdk-amd64/jre/lib/charsets.jar:/usr/lib/jvm/temurin-8-jdk-amd64/jre/lib/jfr.jar:/usr/lib/jvm/temurin-8-jdk-amd64/jre/classes"/>
    <property name="sun.management.compiler" value="HotSpot 64-Bit Tiered Compilers"/>
    <property name="skip.npx" value="true"/>
    <property name="java.runtime.version" value="1.8.0_345-b01"/>
    <property name="java.net.preferIPv4Stack" value="true"/>
    <property name="user.name" value="runner"/>
    <property name="path.separator" value=":"/>
    <property name="java.security.egd" value="file:///dev/urandom"/>
    <property name="os.version" value="5.15.0-1022-azure"/>
    <property name="java.endorsed.dirs" value="/usr/lib/jvm/temurin-8-jdk-amd64/jre/lib/endorsed"/>
    <property name="java.runtime.name" value="OpenJDK Runtime Environment"/>
    <property name="file.encoding" value="UTF-8"/>
    <property name="java.vm.name" value="OpenJDK 64-Bit Server VM"/>
    <property name="test.build.webapps" value=""/>
    <property name="localRepository" value="/home/runner/.m2/repository"/>
    <property name="jetty.git.hash" value="4231a3b2e4cb8548a412a789936d640a97b1aa0a"/>
    <property name="java.vendor.url.bug" value="https://github.com/adoptium/adoptium-support/issues"/>
    <property name="java.io.tmpdir" value="/tmp"/>
    <property name="require.test.libhadoop" value=""/>
    <property name="java.version" value="1.8.0_345"/>
    <property name="user.dir" value="/home/runner/work/ozone/ozone/hadoop-ozone/integration-test"/>
    <property name="os.arch" value="amd64"/>
    <property name="java.vm.specification.name" value="Java Virtual Machine Specification"/>
    <property name="test.build.classes" value="/home/runner/work/ozone/ozone/hadoop-ozone/integration-test/target/test-classes"/>
    <property name="java.awt.printerjob" value="sun.print.PSPrinterJob"/>
    <property name="sun.os.patch.level" value="unknown"/>
    <property name="org.apache.ratis.thirdparty.io.netty.allocator.useCacheForAllThreads" value="false"/>
    <property name="hadoop.tmp.dir" value="/home/runner/work/ozone/ozone/hadoop-ozone/integration-test/target/tmp"/>
    <property name="java.library.path" value="/usr/java/packages/lib/amd64:/usr/lib64:/lib64:/lib:/usr/lib"/>
    <property name="java.vm.info" value="mixed mode"/>
    <property name="java.vendor" value="Temurin"/>
    <property name="java.vm.version" value="25.345-b01"/>
    <property name="java.ext.dirs" value="/usr/lib/jvm/temurin-8-jdk-amd64/jre/lib/ext:/usr/java/packages/lib/ext"/>
    <property name="sun.io.unicode.encoding" value="UnicodeLittle"/>
    <property name="java.class.version" value="52.0"/>
  </properties>
  <testcase name="testFlushChunk" classname="org.apache.hadoop.ozone.client.rpc.TestBlockOutputStreamFlushDelay" time="1.202">
    <system-out><![CDATA[2022-11-10 17:27:48,979 [main] WARN  server.ServerUtils (ServerUtils.java:getScmDbDir(148)) - ozone.scm.db.dirs is not configured. We recommend adding this setting. Falling back to ozone.metadata.dirs instead.
2022-11-10 17:27:49,162 [main] WARN  server.ServerUtils (ServerUtils.java:getScmDbDir(148)) - ozone.scm.db.dirs is not configured. We recommend adding this setting. Falling back to ozone.metadata.dirs instead.
2022-11-10 17:27:49,168 [main] INFO  ha.SCMHANodeDetails (SCMHANodeDetails.java:loadSCMHAConfig(209)) - ServiceID for StorageContainerManager is null
2022-11-10 17:27:49,190 [main] WARN  ha.SCMHANodeDetails (SCMHANodeDetails.java:validateSCMHAConfig(182)) - Invalid config ozone.scm.ratis.enable. The config was not specified, but the default value true conflicts with the expected config value false. Falling back to the expected value. Current State of SCM: SCM is running in Non-HA without Ratis Ratis SCM -> Non Ratis SCM or Non HA SCM -> HA SCM is not supported
2022-11-10 17:27:49,190 [main] INFO  ha.SCMHANodeDetails (SCMHANodeDetails.java:loadSCMHAConfig(214)) - ozone.scm.default.service.id is not defined, falling back to ozone.scm.service.ids to find serviceID for StorageContainerManager if it is HA enabled cluster
2022-11-10 17:27:49,751 [main] WARN  utils.HAUtils (HAUtils.java:getMetaDir(342)) - ozone.scm.db.dirs is not configured. We recommend adding this setting. Falling back to ozone.metadata.dirs instead.
2022-11-10 17:27:49,907 [main] WARN  db.DBStoreBuilder (DBStoreBuilder.java:applyDBDefinition(144)) - ozone.scm.db.dirs is not configured. We recommend adding this setting. Falling back to ozone.metadata.dirs instead.
2022-11-10 17:27:50,226 [main] INFO  net.NodeSchemaLoader (NodeSchemaLoader.java:loadSchemaFromFile(129)) - Loading schema from [jar:file:/home/runner/.m2/repository/org/apache/ozone/hdds-common/1.3.0-SNAPSHOT/hdds-common-1.3.0-SNAPSHOT.jar!/network-topology-default.xml]
2022-11-10 17:27:50,228 [main] INFO  net.NodeSchemaLoader (NodeSchemaLoader.java:loadSchema(176)) - Loading network topology layer schema file
2022-11-10 17:27:50,277 [main] INFO  metrics.MetricRegistries (MetricRegistriesLoader.java:load(64)) - Loaded MetricRegistries class org.apache.ratis.metrics.impl.MetricRegistriesImpl
2022-11-10 17:27:50,285 [main] INFO  upgrade.AbstractLayoutVersionManager (AbstractLayoutVersionManager.java:init(83)) - Initializing Layout version manager with metadata layout = DATANODE_SCHEMA_V3 (version = 4), software layout = DATANODE_SCHEMA_V3 (version = 4)
2022-11-10 17:27:50,547 [main] INFO  reflections.Reflections (Reflections.java:scan(232)) - Reflections took 162 ms to scan 7 urls, producing 139 keys and 336 values 
2022-11-10 17:27:50,683 [main] INFO  ha.SequenceIdGenerator (SequenceIdGenerator.java:upgradeToSequenceId(349)) - upgrade localId to 109611004723200000
2022-11-10 17:27:50,683 [main] INFO  ha.SequenceIdGenerator (SequenceIdGenerator.java:upgradeToSequenceId(359)) - upgrade delTxnId to 0
2022-11-10 17:27:50,688 [main] INFO  ha.SequenceIdGenerator (SequenceIdGenerator.java:upgradeToSequenceId(376)) - upgrade containerId to 0
2022-11-10 17:27:50,690 [main] INFO  ha.SequenceIdGenerator (SequenceIdGenerator.java:<init>(220)) - Init the HA SequenceIdGenerator.
2022-11-10 17:27:50,738 [main] INFO  node.SCMNodeManager (SCMNodeManager.java:<init>(149)) - Entering startup safe mode.
2022-11-10 17:27:50,822 [main] INFO  algorithms.ContainerPlacementPolicyFactory (ContainerPlacementPolicyFactory.java:getPolicyInternal(86)) - Create container placement policy of type org.apache.hadoop.hdds.scm.container.placement.algorithms.SCMContainerPlacementRandom
2022-11-10 17:27:50,825 [main] INFO  algorithms.ContainerPlacementPolicyFactory (ContainerPlacementPolicyFactory.java:getPolicyInternal(86)) - Create container placement policy of type org.apache.hadoop.hdds.scm.container.placement.algorithms.SCMContainerPlacementRackScatter
2022-11-10 17:27:50,834 [main] INFO  pipeline.PipelineStateManagerImpl (PipelineStateManagerImpl.java:initialize(78)) - No pipeline exists in current db
2022-11-10 17:27:50,892 [main] INFO  algorithms.LeaderChoosePolicyFactory (LeaderChoosePolicyFactory.java:getPolicy(57)) - Create leader choose policy of type org.apache.hadoop.hdds.scm.pipeline.leader.choose.algorithms.MinLeaderCountChoosePolicy
2022-11-10 17:27:50,892 [main] INFO  algorithms.ContainerPlacementPolicyFactory (ContainerPlacementPolicyFactory.java:getPolicyInternal(86)) - Create container placement policy of type org.apache.hadoop.hdds.scm.container.placement.algorithms.SCMContainerPlacementRackScatter
2022-11-10 17:27:50,900 [main] INFO  ha.SCMServiceManager (SCMServiceManager.java:register(42)) - Registering service BackgroundPipelineCreator.
2022-11-10 17:27:50,900 [main] INFO  pipeline.BackgroundPipelineCreator (BackgroundPipelineCreator.java:start(124)) - Starting RatisPipelineUtilsThread.
2022-11-10 17:27:50,905 [main] INFO  BackgroundPipelineScrubber (BackgroundSCMService.java:start(68)) - Starting BackgroundPipelineScrubber Service.
2022-11-10 17:27:50,906 [main] INFO  ha.SCMServiceManager (SCMServiceManager.java:register(42)) - Registering service BackgroundPipelineScrubber.
2022-11-10 17:27:50,919 [main] INFO  ExpiredContainerReplicaOpScrubber (BackgroundSCMService.java:start(68)) - Starting ExpiredContainerReplicaOpScrubber Service.
2022-11-10 17:27:50,919 [main] INFO  ha.SCMServiceManager (SCMServiceManager.java:register(42)) - Registering service ExpiredContainerReplicaOpScrubber.
2022-11-10 17:27:50,973 [main] INFO  algorithms.PipelineChoosePolicyFactory (PipelineChoosePolicyFactory.java:createPipelineChoosePolicyFromClass(73)) - Create pipeline choose policy of type org.apache.hadoop.hdds.scm.pipeline.choose.algorithms.RandomPipelineChoosePolicy
2022-11-10 17:27:50,995 [main] INFO  ha.SCMServiceManager (SCMServiceManager.java:register(42)) - Registering service SCMBlockDeletingService.
2022-11-10 17:27:51,049 [main] INFO  replication.ReplicationManager (ReplicationManager.java:start(239)) - Starting Replication Monitor Thread.
2022-11-10 17:27:51,059 [main] INFO  ha.SCMServiceManager (SCMServiceManager.java:register(42)) - Registering service ReplicationManager.
2022-11-10 17:27:51,064 [ReplicationMonitor] INFO  replication.ReplicationManager (ReplicationManager.java:processAll(308)) - Replication Manager is not ready to run until 3000ms after safemode exit
2022-11-10 17:27:51,070 [main] INFO  safemode.ContainerSafeModeRule (ContainerSafeModeRule.java:<init>(89)) - containers with one replica threshold count 0
2022-11-10 17:27:51,075 [main] INFO  safemode.HealthyPipelineSafeModeRule (HealthyPipelineSafeModeRule.java:initializeRule(169)) - Total pipeline count is 0, healthy pipeline threshold count is 1
2022-11-10 17:27:51,077 [main] INFO  safemode.OneReplicaPipelineSafeModeRule (OneReplicaPipelineSafeModeRule.java:initializeRule(180)) - Total pipeline count is 0, pipeline's with at least one datanode reported threshold count is 0
2022-11-10 17:27:51,420 [main] INFO  audit.AuditLogger (AuditLogger.java:refreshDebugCmdSet(126)) - Refresh DebugCmdSet for SCMAudit to [].
2022-11-10 17:27:51,452 [main] INFO  ipc.CallQueueManager (CallQueueManager.java:<init>(90)) - Using callQueue: class java.util.concurrent.LinkedBlockingQueue, queueCapacity: 2000, scheduler: class org.apache.hadoop.ipc.DefaultRpcScheduler, ipcBackoff: false.
2022-11-10 17:27:51,493 [Socket Reader #1 for port 0] INFO  ipc.Server (Server.java:run(1273)) - Starting Socket Reader #1 for port 0
2022-11-10 17:27:51,554 [Listener at 0.0.0.0/45429] INFO  audit.AuditLogger (AuditLogger.java:refreshDebugCmdSet(126)) - Refresh DebugCmdSet for SCMAudit to [].
2022-11-10 17:27:51,560 [Listener at 0.0.0.0/45429] INFO  ipc.CallQueueManager (CallQueueManager.java:<init>(90)) - Using callQueue: class java.util.concurrent.LinkedBlockingQueue, queueCapacity: 2000, scheduler: class org.apache.hadoop.ipc.DefaultRpcScheduler, ipcBackoff: false.
2022-11-10 17:27:51,561 [Socket Reader #1 for port 0] INFO  ipc.Server (Server.java:run(1273)) - Starting Socket Reader #1 for port 0
2022-11-10 17:27:51,592 [Listener at 0.0.0.0/46509] INFO  audit.AuditLogger (AuditLogger.java:refreshDebugCmdSet(126)) - Refresh DebugCmdSet for SCMAudit to [].
2022-11-10 17:27:51,605 [Listener at 0.0.0.0/46509] INFO  ipc.CallQueueManager (CallQueueManager.java:<init>(90)) - Using callQueue: class java.util.concurrent.LinkedBlockingQueue, queueCapacity: 2000, scheduler: class org.apache.hadoop.ipc.DefaultRpcScheduler, ipcBackoff: false.
2022-11-10 17:27:51,606 [Socket Reader #1 for port 0] INFO  ipc.Server (Server.java:run(1273)) - Starting Socket Reader #1 for port 0
2022-11-10 17:27:51,660 [Listener at 0.0.0.0/42679] INFO  ha.SCMServiceManager (SCMServiceManager.java:register(42)) - Registering service ContainerBalancer.
2022-11-10 17:27:51,663 [Listener at 0.0.0.0/42679] INFO  server.StorageContainerManager (StorageContainerManager.java:<init>(415)) - 
Container Balancer status:
Key                            Value
Running                        true
Container Balancer Configuration values:
Key                                                Value
Threshold                                          10
Max Datanodes to Involve per Iteration(percent)    20
Max Size to Move per Iteration                     500GB
Max Size Entering Target per Iteration             26GB
Max Size Leaving Source per Iteration              26GB

2022-11-10 17:27:51,664 [Listener at 0.0.0.0/42679] WARN  events.EventQueue (EventQueue.java:fireEvent(216)) - No event handler registered for event TypedEvent{payloadType=SafeModeStatus, name='Safe mode status'}
2022-11-10 17:27:51,664 [Listener at 0.0.0.0/42679] INFO  ha.SCMContext (SCMContext.java:updateSafeModeStatus(228)) - Update SafeModeStatus from SafeModeStatus{safeModeStatus=true, preCheckPassed=false} to SafeModeStatus{safeModeStatus=true, preCheckPassed=false}.
2022-11-10 17:27:51,671 [Listener at 0.0.0.0/42679] INFO  server.StorageContainerManager (StorageContainerManager.java:start(1449)) - StorageContainerLocationProtocol RPC server is listening at /0.0.0.0:42679
2022-11-10 17:27:51,756 [Listener at 0.0.0.0/42679] WARN  impl.MetricsConfig (MetricsConfig.java:loadFirst(136)) - Cannot locate configuration: tried hadoop-metrics2-storagecontainermanager.properties,hadoop-metrics2.properties
2022-11-10 17:27:51,776 [Listener at 0.0.0.0/42679] INFO  impl.MetricsSystemImpl (MetricsSystemImpl.java:startTimer(378)) - Scheduled Metric snapshot period at 10 second(s).
2022-11-10 17:27:51,776 [Listener at 0.0.0.0/42679] INFO  impl.MetricsSystemImpl (MetricsSystemImpl.java:start(191)) - StorageContainerManager metrics system started
2022-11-10 17:27:52,171 [Listener at 0.0.0.0/42679] INFO  server.SCMClientProtocolServer (SCMClientProtocolServer.java:start(170)) - RPC server for Client  is listening at /0.0.0.0:42679
2022-11-10 17:27:52,173 [IPC Server Responder] INFO  ipc.Server (Server.java:run(1512)) - IPC Server Responder: starting
2022-11-10 17:27:52,174 [IPC Server listener on 0] INFO  ipc.Server (Server.java:run(1352)) - IPC Server listener on 0: starting
2022-11-10 17:27:52,178 [Listener at 0.0.0.0/42679] INFO  server.StorageContainerManager (StorageContainerManager.java:start(1464)) - ScmBlockLocationProtocol RPC server is listening at /0.0.0.0:46509
2022-11-10 17:27:52,179 [Listener at 0.0.0.0/42679] INFO  server.SCMBlockProtocolServer (SCMBlockProtocolServer.java:start(152)) - RPC server for Block Protocol is listening at /0.0.0.0:46509
2022-11-10 17:27:52,180 [IPC Server Responder] INFO  ipc.Server (Server.java:run(1512)) - IPC Server Responder: starting
2022-11-10 17:27:52,180 [IPC Server listener on 0] INFO  ipc.Server (Server.java:run(1352)) - IPC Server listener on 0: starting
2022-11-10 17:27:52,183 [Listener at 0.0.0.0/42679] INFO  server.SCMDatanodeProtocolServer (SCMDatanodeProtocolServer.java:start(186)) - ScmDatanodeProtocol RPC server for DataNodes is listening at /0.0.0.0:45429
2022-11-10 17:27:52,184 [IPC Server Responder] INFO  ipc.Server (Server.java:run(1512)) - IPC Server Responder: starting
2022-11-10 17:27:52,185 [IPC Server listener on 0] INFO  ipc.Server (Server.java:run(1352)) - IPC Server listener on 0: starting
2022-11-10 17:27:52,201 [org.apache.hadoop.util.JvmPauseMonitor$Monitor@6a95c2f6] INFO  util.JvmPauseMonitor (JvmPauseMonitor.java:run(188)) - Starting JVM pause monitor
2022-11-10 17:27:52,225 [Listener at 0.0.0.0/42679] INFO  http.BaseHttpServer (BaseHttpServer.java:newHttpServer2BuilderForOzone(213)) - Starting Web-server for scm at: http://0.0.0.0:0
2022-11-10 17:27:52,225 [Listener at 0.0.0.0/42679] INFO  http.BaseHttpServer (BaseHttpServer.java:<init>(108)) - Hadoop Security Enabled: false Ozone Security Enabled: false Ozone HTTP Security Enabled: false 
2022-11-10 17:27:52,263 [Listener at 0.0.0.0/42679] INFO  util.log (Log.java:initialized(170)) - Logging initialized @4759ms to org.eclipse.jetty.util.log.Slf4jLog
2022-11-10 17:27:52,375 [Listener at 0.0.0.0/42679] WARN  server.AuthenticationFilter (AuthenticationFilter.java:constructSecretProvider(240)) - Unable to initialize FileSignerSecretProvider, falling back to use random secrets. Reason: Could not read signature secret file: /home/runner/hadoop-http-auth-signature-secret
2022-11-10 17:27:52,382 [Listener at 0.0.0.0/42679] WARN  http.HttpRequestLog (HttpRequestLog.java:getRequestLog(103)) - Jetty request log can only be enabled using Log4j
2022-11-10 17:27:52,388 [Listener at 0.0.0.0/42679] INFO  http.HttpServer2 (HttpServer2.java:addGlobalFilter(1031)) - Added global filter 'safety' (class=org.apache.hadoop.hdds.server.http.HttpServer2$QuotingInputFilter)
2022-11-10 17:27:52,390 [Listener at 0.0.0.0/42679] INFO  http.HttpServer2 (HttpServer2.java:addFilter(1007)) - Added filter static_user_filter (class=org.apache.hadoop.http.lib.StaticUserWebFilter$StaticUserFilter) to context scm
2022-11-10 17:27:52,390 [Listener at 0.0.0.0/42679] INFO  http.HttpServer2 (HttpServer2.java:addFilter(1015)) - Added filter static_user_filter (class=org.apache.hadoop.http.lib.StaticUserWebFilter$StaticUserFilter) to context static
2022-11-10 17:27:52,391 [Listener at 0.0.0.0/42679] INFO  http.HttpServer2 (HttpServer2.java:addFilter(1015)) - Added filter static_user_filter (class=org.apache.hadoop.http.lib.StaticUserWebFilter$StaticUserFilter) to context logs
2022-11-10 17:27:52,432 [Listener at 0.0.0.0/42679] INFO  http.HttpServer2 (HttpServer2.java:bindListener(1250)) - Jetty bound to port 40403
2022-11-10 17:27:52,434 [Listener at 0.0.0.0/42679] INFO  server.Server (Server.java:doStart(375)) - jetty-9.4.49.v20220914; built: 2022-09-14T01:07:36.601Z; git: 4231a3b2e4cb8548a412a789936d640a97b1aa0a; jvm 1.8.0_345-b01
2022-11-10 17:27:52,476 [Listener at 0.0.0.0/42679] INFO  server.session (DefaultSessionIdManager.java:doStart(334)) - DefaultSessionIdManager workerName=node0
2022-11-10 17:27:52,477 [Listener at 0.0.0.0/42679] INFO  server.session (DefaultSessionIdManager.java:doStart(339)) - No SessionScavenger set, using defaults
2022-11-10 17:27:52,479 [Listener at 0.0.0.0/42679] INFO  server.session (HouseKeeper.java:startScavenging(132)) - node0 Scavenging every 660000ms
2022-11-10 17:27:52,494 [Listener at 0.0.0.0/42679] INFO  handler.ContextHandler (ContextHandler.java:doStart(921)) - Started o.e.j.s.ServletContextHandler@641ab175{logs,/logs,file:///home/runner/work/ozone/ozone/hadoop-ozone/integration-test/target/log,AVAILABLE}
2022-11-10 17:27:52,495 [Listener at 0.0.0.0/42679] INFO  handler.ContextHandler (ContextHandler.java:doStart(921)) - Started o.e.j.s.ServletContextHandler@7995a589{static,/static,file:///home/runner/work/ozone/ozone/hadoop-ozone/integration-test/target/test-classes/webapps/static,AVAILABLE}
2022-11-10 17:27:52,547 [Listener at 0.0.0.0/42679] INFO  handler.ContextHandler (ContextHandler.java:doStart(921)) - Started o.e.j.w.WebAppContext@225fb75e{scm,/,file:///home/runner/work/ozone/ozone/hadoop-ozone/integration-test/target/test-classes/webapps/scm/,AVAILABLE}{file:/home/runner/work/ozone/ozone/hadoop-ozone/integration-test/target/test-classes/webapps/scm}
2022-11-10 17:27:52,560 [Listener at 0.0.0.0/42679] INFO  server.AbstractConnector (AbstractConnector.java:doStart(333)) - Started ServerConnector@7ec68821{HTTP/1.1, (http/1.1)}{0.0.0.0:40403}
2022-11-10 17:27:52,560 [Listener at 0.0.0.0/42679] INFO  server.Server (Server.java:doStart(415)) - Started @5056ms
2022-11-10 17:27:52,563 [Listener at 0.0.0.0/42679] INFO  impl.MetricsSinkAdapter (MetricsSinkAdapter.java:start(204)) - Sink prometheus started
2022-11-10 17:27:52,563 [Listener at 0.0.0.0/42679] INFO  impl.MetricsSystemImpl (MetricsSystemImpl.java:registerSink(305)) - Registered sink prometheus
2022-11-10 17:27:52,564 [Listener at 0.0.0.0/42679] INFO  http.BaseHttpServer (BaseHttpServer.java:updateConnectorAddress(333)) - HTTP server of scm listening at http://0.0.0.0:40403
2022-11-10 17:27:52,566 [Listener at 0.0.0.0/42679] WARN  server.ServerUtils (ServerUtils.java:getDBPath(225)) - ozone.om.db.dirs is not configured. We recommend adding this setting. Falling back to ozone.metadata.dirs instead.
2022-11-10 17:27:52,634 [Listener at 0.0.0.0/42679] INFO  audit.AuditLogger (AuditLogger.java:refreshDebugCmdSet(126)) - Refresh DebugCmdSet for OMAudit to [].
2022-11-10 17:27:52,732 [Listener at 0.0.0.0/42679] INFO  ha.OMHANodeDetails (OMHANodeDetails.java:loadOMHAConfig(115)) - ozone.om.internal.service.id is not defined, falling back to ozone.om.service.ids to find serviceID for OzoneManager if it is HA enabled cluster
2022-11-10 17:27:52,735 [Listener at 0.0.0.0/42679] INFO  ha.OMHANodeDetails (OMHANodeDetails.java:loadOMHAConfig(226)) - Configuration does not have ozone.om.address set. Falling back to the default OM address /127.0.0.1:0
2022-11-10 17:27:52,736 [Listener at 0.0.0.0/42679] INFO  ha.OMHANodeDetails (OMHANodeDetails.java:getOMNodeDetailsForNonHA(254)) - OM Service ID is not set. Setting it to the default ID: omServiceIdDefault
2022-11-10 17:27:52,736 [Listener at 0.0.0.0/42679] INFO  ha.OMHANodeDetails (OMHANodeDetails.java:getOMNodeDetailsForNonHA(261)) - OM Node ID is not set. Setting it to the default ID: om1
2022-11-10 17:27:52,741 [Listener at 0.0.0.0/42679] WARN  server.ServerUtils (ServerUtils.java:getDBPath(225)) - ozone.om.db.dirs is not configured. We recommend adding this setting. Falling back to ozone.metadata.dirs instead.
2022-11-10 17:27:52,743 [Listener at 0.0.0.0/42679] INFO  upgrade.AbstractLayoutVersionManager (AbstractLayoutVersionManager.java:init(83)) - Initializing Layout version manager with metadata layout = MULTITENANCY_SCHEMA (version = 3), software layout = MULTITENANCY_SCHEMA (version = 3)
2022-11-10 17:27:52,886 [Listener at 0.0.0.0/42679] INFO  reflections.Reflections (Reflections.java:scan(232)) - Reflections took 138 ms to scan 2 urls, producing 154 keys and 428 values [using 2 cores]
2022-11-10 17:27:52,895 [Listener at 0.0.0.0/42679] INFO  upgrade.OMLayoutVersionManager (OMLayoutVersionManager.java:lambda$0(115)) - Skipping Upgrade Action MockOmUpgradeAction since it has been finalized.
2022-11-10 17:27:52,896 [Listener at 0.0.0.0/42679] WARN  server.ServerUtils (ServerUtils.java:getDBPath(225)) - ozone.om.db.dirs is not configured. We recommend adding this setting. Falling back to ozone.metadata.dirs instead.
2022-11-10 17:27:53,106 [Listener at 0.0.0.0/42679] INFO  proxy.SCMBlockLocationFailoverProxyProvider (SCMBlockLocationFailoverProxyProvider.java:<init>(114)) - Created block location fail-over proxy with 1 nodes: [nodeId=scmNodeId,nodeAddress=/0.0.0.0:46509]
2022-11-10 17:27:53,147 [Listener at 0.0.0.0/42679] INFO  proxy.SCMBlockLocationFailoverProxyProvider (SCMBlockLocationFailoverProxyProvider.java:<init>(114)) - Created block location fail-over proxy with 1 nodes: [nodeId=scmNodeId,nodeAddress=/0.0.0.0:46509]
2022-11-10 17:27:53,384 [Listener at 0.0.0.0/42679] WARN  server.ServerUtils (ServerUtils.java:getDBPath(225)) - ozone.om.db.dirs is not configured. We recommend adding this setting. Falling back to ozone.metadata.dirs instead.
2022-11-10 17:27:53,391 [Listener at 0.0.0.0/42679] INFO  codec.OmKeyInfoCodec (OmKeyInfoCodec.java:<init>(49)) - OmKeyInfoCodec ignorePipeline = true
2022-11-10 17:27:53,392 [Listener at 0.0.0.0/42679] INFO  codec.RepeatedOmKeyInfoCodec (RepeatedOmKeyInfoCodec.java:<init>(41)) - RepeatedOmKeyInfoCodec ignorePipeline = true
2022-11-10 17:27:53,590 [Listener at 0.0.0.0/42679] INFO  om.OzoneManager (OzoneManager.java:instantiateServices(715)) - S3 Multi-Tenancy is disabled
2022-11-10 17:27:53,679 [Listener at 0.0.0.0/42679] INFO  om.OzoneManager (OzoneManager.java:addS3GVolumeToDB(4394)) - Created Volume s3v With Owner runner required for S3Gateway operations.
2022-11-10 17:27:53,769 [Listener at 0.0.0.0/42679] WARN  server.ServerUtils (ServerUtils.java:getDefaultRatisDirectory(237)) - Storage directory for Ratis is not configured. It is a good idea to map this to an SSD disk. Falling back to ozone.metadata.dirs
2022-11-10 17:27:53,771 [Listener at 0.0.0.0/42679] WARN  utils.OzoneManagerRatisUtils (OzoneManagerRatisUtils.java:getOMRatisSnapshotDirectory(434)) - ozone.om.ratis.snapshot.dir is not configured. Falling back to ozone.metadata.dirs config
2022-11-10 17:27:53,799 [Listener at 0.0.0.0/42679] WARN  server.ServerUtils (ServerUtils.java:getDefaultRatisDirectory(237)) - Storage directory for Ratis is not configured. It is a good idea to map this to an SSD disk. Falling back to ozone.metadata.dirs
2022-11-10 17:27:53,833 [Listener at 0.0.0.0/42679] INFO  ratis.OzoneManagerRatisServer (OzoneManagerRatisServer.java:<init>(160)) - Instantiating OM Ratis server with groupID: omServiceIdDefault and peers: localhost:9872
2022-11-10 17:27:53,844 [Listener at 0.0.0.0/42679] INFO  ratis.OzoneManagerStateMachine (OzoneManagerStateMachine.java:loadSnapshotInfoFromDB(636)) - LastAppliedIndex is set from TransactionInfo from OM DB as (t:0, i:~)
2022-11-10 17:27:53,901 [Listener at 0.0.0.0/42679] INFO  server.RaftServer (ConfUtils.java:logGet(46)) - raft.rpc.type = GRPC (default)
2022-11-10 17:27:54,003 [Listener at 0.0.0.0/42679] INFO  grpc.GrpcConfigKeys (ConfUtils.java:logFallback(53)) - raft.grpc.admin.host = null (fallback to raft.grpc.server.host)
2022-11-10 17:27:54,005 [Listener at 0.0.0.0/42679] INFO  grpc.GrpcConfigKeys (ConfUtils.java:logFallback(53)) - raft.grpc.admin.port = 9872 (fallback to raft.grpc.server.port)
2022-11-10 17:27:54,006 [Listener at 0.0.0.0/42679] INFO  grpc.GrpcConfigKeys (ConfUtils.java:logFallback(53)) - raft.grpc.client.host = null (fallback to raft.grpc.server.host)
2022-11-10 17:27:54,006 [Listener at 0.0.0.0/42679] INFO  grpc.GrpcConfigKeys (ConfUtils.java:logFallback(53)) - raft.grpc.client.port = 9872 (fallback to raft.grpc.server.port)
2022-11-10 17:27:54,007 [Listener at 0.0.0.0/42679] INFO  grpc.GrpcConfigKeys (ConfUtils.java:logGet(46)) - raft.grpc.server.host = null (default)
2022-11-10 17:27:54,007 [Listener at 0.0.0.0/42679] INFO  grpc.GrpcConfigKeys (ConfUtils.java:logGet(46)) - raft.grpc.server.port = 9872 (custom)
2022-11-10 17:27:54,008 [Listener at 0.0.0.0/42679] INFO  server.GrpcService (ConfUtils.java:logGet(46)) - raft.grpc.message.size.max = 33554432 (custom)
2022-11-10 17:27:54,009 [Listener at 0.0.0.0/42679] INFO  server.RaftServerConfigKeys (ConfUtils.java:logGet(46)) - raft.server.log.appender.buffer.byte-limit = 33554432 (custom)
2022-11-10 17:27:54,010 [Listener at 0.0.0.0/42679] INFO  server.GrpcService (ConfUtils.java:logGet(46)) - raft.grpc.flow.control.window = 1MB (=1048576) (default)
2022-11-10 17:27:54,010 [Listener at 0.0.0.0/42679] INFO  server.RaftServerConfigKeys (ConfUtils.java:logGet(46)) - raft.server.rpc.request.timeout = 3000ms (default)
2022-11-10 17:27:54,028 [Listener at 0.0.0.0/42679] INFO  grpc.GrpcConfigKeys (ConfUtils.java:logGet(46)) - raft.grpc.server.heartbeat.channel = true (default)
2022-11-10 17:27:54,032 [Listener at 0.0.0.0/42679] INFO  grpc.GrpcConfigKeys (ConfUtils.java:logGet(46)) - raft.grpc.server.async.request.thread.pool.cached = true (default)
2022-11-10 17:27:54,033 [Listener at 0.0.0.0/42679] INFO  grpc.GrpcConfigKeys (ConfUtils.java:logGet(46)) - raft.grpc.server.async.request.thread.pool.size = 32 (default)
2022-11-10 17:27:54,377 [Listener at 0.0.0.0/42679] INFO  impl.DataStreamServerImpl (ConfUtils.java:logGet(46)) - raft.datastream.type = DISABLED (default)
2022-11-10 17:27:54,380 [Listener at 0.0.0.0/42679] INFO  server.RaftServerConfigKeys (ConfUtils.java:logGet(46)) - raft.server.threadpool.proxy.cached = true (default)
2022-11-10 17:27:54,381 [Listener at 0.0.0.0/42679] INFO  server.RaftServerConfigKeys (ConfUtils.java:logGet(46)) - raft.server.threadpool.proxy.size = 0 (default)
2022-11-10 17:27:54,381 [Listener at 0.0.0.0/42679] INFO  server.RaftServerConfigKeys (ConfUtils.java:logGet(46)) - raft.server.rpc.slowness.timeout = 120s (custom)
2022-11-10 17:27:54,381 [Listener at 0.0.0.0/42679] INFO  server.RaftServerConfigKeys (ConfUtils.java:logGet(46)) - raft.server.leaderelection.leader.step-down.wait-time = 10s (default)
2022-11-10 17:27:54,385 [Listener at 0.0.0.0/42679] INFO  server.RaftServerConfigKeys (ConfUtils.java:logGet(46)) - raft.server.storage.dir = [/home/runner/work/ozone/ozone/hadoop-ozone/integration-test/target/test-dir/MiniOzoneClusterImpl-5e6b204f-6d0c-499e-8bc7-d272478adc61/ozone-meta/ratis] (custom)
2022-11-10 17:27:54,396 [Listener at 0.0.0.0/42679] INFO  server.RaftServer (RaftServerProxy.java:addNew(96)) - om1: addNew group-C5BA1605619E:[om1|rpc:localhost:9872|priority:0|startupRole:FOLLOWER] returns group-C5BA1605619E:java.util.concurrent.CompletableFuture@2179091c[Not completed]
2022-11-10 17:27:54,396 [Listener at 0.0.0.0/42679] INFO  om.OzoneManager (OzoneManager.java:initializeRatisServer(1977)) - OzoneManager Ratis server initialized at port 9872
2022-11-10 17:27:54,419 [Listener at 0.0.0.0/42679] INFO  om.OzoneManager (OzoneManager.java:getRpcServer(1104)) - Creating RPC Server
2022-11-10 17:27:54,432 [pool-55-thread-1] INFO  server.RaftServer$Division (RaftServerImpl.java:<init>(195)) - om1: new RaftServerImpl for group-C5BA1605619E:[om1|rpc:localhost:9872|priority:0|startupRole:FOLLOWER] with OzoneManagerStateMachine:uninitialized
2022-11-10 17:27:54,435 [pool-55-thread-1] INFO  server.RaftServerConfigKeys (ConfUtils.java:logGet(46)) - raft.server.rpc.timeout.min = 1s (custom)
2022-11-10 17:27:54,438 [pool-55-thread-1] INFO  server.RaftServerConfigKeys (ConfUtils.java:logGet(46)) - raft.server.rpc.timeout.max = 1200ms (custom)
2022-11-10 17:27:54,438 [pool-55-thread-1] INFO  server.RaftServerConfigKeys (ConfUtils.java:logGet(46)) - raft.server.rpc.sleep.time = 25ms (default)
2022-11-10 17:27:54,438 [pool-55-thread-1] INFO  server.RaftServerConfigKeys (ConfUtils.java:logGet(46)) - raft.server.rpc.slowness.timeout = 120s (custom)
2022-11-10 17:27:54,438 [pool-55-thread-1] INFO  server.RaftServerConfigKeys (ConfUtils.java:logGet(46)) - raft.server.leaderelection.leader.step-down.wait-time = 10s (default)
2022-11-10 17:27:54,438 [pool-55-thread-1] INFO  server.RaftServerConfigKeys (ConfUtils.java:logGet(46)) - raft.server.sleep.deviation.threshold = 300ms (default)
2022-11-10 17:27:54,446 [pool-55-thread-1] INFO  server.RaftServer$Division (ServerState.java:<init>(118)) - om1@group-C5BA1605619E: ConfigurationManager, init=-1: peers:[om1|rpc:localhost:9872|priority:0|startupRole:FOLLOWER]|listeners:[], old=null, confs=<EMPTY_MAP>
2022-11-10 17:27:54,447 [pool-55-thread-1] INFO  server.RaftServerConfigKeys (ConfUtils.java:logGet(46)) - raft.server.storage.dir = [/home/runner/work/ozone/ozone/hadoop-ozone/integration-test/target/test-dir/MiniOzoneClusterImpl-5e6b204f-6d0c-499e-8bc7-d272478adc61/ozone-meta/ratis] (custom)
2022-11-10 17:27:54,459 [pool-55-thread-1] INFO  server.RaftServerConfigKeys (ConfUtils.java:logGet(46)) - raft.server.log.corruption.policy = EXCEPTION (default)
2022-11-10 17:27:54,461 [pool-55-thread-1] INFO  server.RaftServerConfigKeys (ConfUtils.java:logGet(46)) - raft.server.storage.free-space.min = 0MB (=0) (default)
2022-11-10 17:27:54,488 [pool-55-thread-1] INFO  server.RaftServerConfigKeys (ConfUtils.java:logGet(46)) - raft.server.notification.no-leader.timeout = 120s (custom)
2022-11-10 17:27:54,491 [pool-55-thread-1] INFO  server.RaftServerConfigKeys (ConfUtils.java:logGet(46)) - raft.server.retrycache.expirytime = 300s (custom)
2022-11-10 17:27:54,491 [pool-55-thread-1] INFO  server.RaftServerConfigKeys (ConfUtils.java:logGet(46)) - raft.server.retrycache.statistics.expirytime = 100μs (default)
2022-11-10 17:27:54,718 [pool-55-thread-1] INFO  server.RaftServerConfigKeys (ConfUtils.java:logGet(46)) - raft.server.log.appender.install.snapshot.enabled = false (custom)
2022-11-10 17:27:54,719 [pool-55-thread-1] INFO  server.RaftServerConfigKeys (ConfUtils.java:logGet(46)) - raft.server.threadpool.server.cached = true (default)
2022-11-10 17:27:54,719 [pool-55-thread-1] INFO  server.RaftServerConfigKeys (ConfUtils.java:logGet(46)) - raft.server.threadpool.server.size = 0 (default)
2022-11-10 17:27:54,722 [pool-55-thread-1] INFO  server.RaftServerConfigKeys (ConfUtils.java:logGet(46)) - raft.server.threadpool.client.cached = true (default)
2022-11-10 17:27:54,722 [pool-55-thread-1] INFO  server.RaftServerConfigKeys (ConfUtils.java:logGet(46)) - raft.server.threadpool.client.size = 0 (default)
2022-11-10 17:27:55,255 [Listener at 0.0.0.0/42679] INFO  reflections.Reflections (Reflections.java:scan(232)) - Reflections took 730 ms to scan 19 urls, producing 67 keys and 4327 values [using 2 cores]
2022-11-10 17:27:55,453 [Listener at 0.0.0.0/42679] INFO  ipc.CallQueueManager (CallQueueManager.java:<init>(90)) - Using callQueue: class java.util.concurrent.LinkedBlockingQueue, queueCapacity: 2000, scheduler: class org.apache.hadoop.ipc.DefaultRpcScheduler, ipcBackoff: false.
2022-11-10 17:27:55,456 [Socket Reader #1 for port 0] INFO  ipc.Server (Server.java:run(1273)) - Starting Socket Reader #1 for port 0
2022-11-10 17:27:55,508 [Listener at 127.0.0.1/38511] INFO  impl.MetricsSystemImpl (MetricsSystemImpl.java:init(158)) - OzoneManager metrics system started (again)
2022-11-10 17:27:55,524 [Listener at 127.0.0.1/38511] INFO  om.OzoneManager (OzoneManager.java:start(1484)) - OzoneManager RPC server is listening at localhost/127.0.0.1:38511
2022-11-10 17:27:55,524 [Listener at 127.0.0.1/38511] INFO  ratis.OzoneManagerRatisServer (OzoneManagerRatisServer.java:start(555)) - Starting OzoneManagerRatisServer om1 at port 9872
2022-11-10 17:27:55,528 [om1-impl-thread1] INFO  storage.RaftStorageDirectory (RaftStorageDirectoryImpl.java:analyzeStorage(137)) - The storage directory /home/runner/work/ozone/ozone/hadoop-ozone/integration-test/target/test-dir/MiniOzoneClusterImpl-5e6b204f-6d0c-499e-8bc7-d272478adc61/ozone-meta/ratis/bf265839-605b-3f16-9796-c5ba1605619e does not exist. Creating ...
2022-11-10 17:27:55,532 [om1-impl-thread1] INFO  storage.RaftStorageDirectory (RaftStorageDirectoryImpl.java:tryLock(231)) - Lock on /home/runner/work/ozone/ozone/hadoop-ozone/integration-test/target/test-dir/MiniOzoneClusterImpl-5e6b204f-6d0c-499e-8bc7-d272478adc61/ozone-meta/ratis/bf265839-605b-3f16-9796-c5ba1605619e/in_use.lock acquired by nodename 64491@fv-az77-962
2022-11-10 17:27:55,539 [om1-impl-thread1] INFO  storage.RaftStorage (RaftStorageImpl.java:format(96)) - Storage directory /home/runner/work/ozone/ozone/hadoop-ozone/integration-test/target/test-dir/MiniOzoneClusterImpl-5e6b204f-6d0c-499e-8bc7-d272478adc61/ozone-meta/ratis/bf265839-605b-3f16-9796-c5ba1605619e has been successfully formatted.
2022-11-10 17:27:55,541 [om1-impl-thread1] INFO  server.RaftServerConfigKeys (ConfUtils.java:logGet(46)) - raft.server.log.use.memory = false (default)
2022-11-10 17:27:55,550 [om1-impl-thread1] INFO  server.RaftServerConfigKeys (ConfUtils.java:logGet(46)) - raft.server.log.purge.gap = 1000000 (custom)
2022-11-10 17:27:55,550 [om1-impl-thread1] INFO  server.RaftServerConfigKeys (ConfUtils.java:logGet(46)) - raft.server.log.appender.buffer.byte-limit = 33554432 (custom)
2022-11-10 17:27:55,552 [om1-impl-thread1] INFO  server.RaftServerConfigKeys (ConfUtils.java:logGet(46)) - raft.server.log.statemachine.data.read.timeout = 1000ms (default)
2022-11-10 17:27:55,553 [om1-impl-thread1] INFO  server.RaftServerConfigKeys (ConfUtils.java:logGet(46)) - raft.server.log.purge.preservation.log.num = 0 (default)
2022-11-10 17:27:55,555 [om1-impl-thread1] INFO  server.RaftServerConfigKeys (ConfUtils.java:logGet(46)) - raft.server.log.segment.size.max = 4194304 (custom)
2022-11-10 17:27:55,562 [om1-impl-thread1] INFO  server.RaftServerConfigKeys (ConfUtils.java:logGet(46)) - raft.server.log.segment.cache.num.max = 2 (custom)
2022-11-10 17:27:55,562 [om1-impl-thread1] INFO  server.RaftServerConfigKeys (ConfUtils.java:logGet(46)) - raft.server.log.segment.cache.size.max = 200MB (=209715200) (default)
2022-11-10 17:27:55,569 [om1-impl-thread1] INFO  segmented.SegmentedRaftLogWorker (SegmentedRaftLogWorker.java:<init>(191)) - new om1@group-C5BA1605619E-SegmentedRaftLogWorker for RaftStorageImpl:Storage Directory /home/runner/work/ozone/ozone/hadoop-ozone/integration-test/target/test-dir/MiniOzoneClusterImpl-5e6b204f-6d0c-499e-8bc7-d272478adc61/ozone-meta/ratis/bf265839-605b-3f16-9796-c5ba1605619e
2022-11-10 17:27:55,570 [om1-impl-thread1] INFO  server.RaftServerConfigKeys (ConfUtils.java:logGet(46)) - raft.server.log.queue.byte-limit = 64MB (=67108864) (default)
2022-11-10 17:27:55,570 [om1-impl-thread1] INFO  server.RaftServerConfigKeys (ConfUtils.java:logGet(46)) - raft.server.log.queue.element-limit = 4096 (default)
2022-11-10 17:27:55,571 [om1-impl-thread1] INFO  server.RaftServerConfigKeys (ConfUtils.java:logGet(46)) - raft.server.log.segment.size.max = 4194304 (custom)
2022-11-10 17:27:55,571 [om1-impl-thread1] INFO  server.RaftServerConfigKeys (ConfUtils.java:logGet(46)) - raft.server.log.preallocated.size = 4194304 (custom)
2022-11-10 17:27:55,572 [om1-impl-thread1] INFO  server.RaftServerConfigKeys (ConfUtils.java:logGet(46)) - raft.server.log.force.sync.num = 128 (default)
2022-11-10 17:27:55,573 [om1-impl-thread1] INFO  server.RaftServerConfigKeys (ConfUtils.java:logGet(46)) - raft.server.log.statemachine.data.sync = true (default)
2022-11-10 17:27:55,573 [om1-impl-thread1] INFO  server.RaftServerConfigKeys (ConfUtils.java:logGet(46)) - raft.server.log.statemachine.data.sync.timeout = 10s (default)
2022-11-10 17:27:55,573 [om1-impl-thread1] INFO  server.RaftServerConfigKeys (ConfUtils.java:logGet(46)) - raft.server.log.statemachine.data.sync.timeout.retry = -1 (default)
2022-11-10 17:27:55,747 [om1-impl-thread1] INFO  server.RaftServerConfigKeys (ConfUtils.java:logGet(46)) - raft.server.log.write.buffer.size = 64KB (=65536) (default)
2022-11-10 17:27:55,747 [om1-impl-thread1] INFO  server.RaftServerConfigKeys (ConfUtils.java:logGet(46)) - raft.server.log.unsafe-flush.enabled = false (default)
2022-11-10 17:27:55,748 [om1-impl-thread1] INFO  server.RaftServerConfigKeys (ConfUtils.java:logGet(46)) - raft.server.log.async-flush.enabled = false (default)
2022-11-10 17:27:55,748 [om1-impl-thread1] INFO  server.RaftServerConfigKeys (ConfUtils.java:logGet(46)) - raft.server.log.statemachine.data.caching.enabled = false (default)
2022-11-10 17:27:55,756 [om1-impl-thread1] INFO  segmented.SegmentedRaftLogWorker (SegmentedRaftLogWorker.java:lambda$new$0(136)) - om1@group-C5BA1605619E-SegmentedRaftLogWorker: flushIndex: setUnconditionally 0 -> -1
2022-11-10 17:27:55,756 [om1-impl-thread1] INFO  segmented.SegmentedRaftLogWorker (SegmentedRaftLogWorker.java:lambda$new$0(136)) - om1@group-C5BA1605619E-SegmentedRaftLogWorker: safeCacheEvictIndex: setUnconditionally 0 -> -1
2022-11-10 17:27:55,758 [om1-impl-thread1] INFO  server.RaftServer$Division (RaftServerImpl.java:start(334)) - om1@group-C5BA1605619E: start as a follower, conf=-1: peers:[om1|rpc:localhost:9872|priority:0|startupRole:FOLLOWER]|listeners:[], old=null
2022-11-10 17:27:55,762 [om1-impl-thread1] INFO  server.RaftServer$Division (RaftServerImpl.java:setRole(321)) - om1@group-C5BA1605619E: changes role from      null to FOLLOWER at term 0 for startAsFollower
2022-11-10 17:27:55,764 [om1-impl-thread1] INFO  impl.RoleInfo (RoleInfo.java:updateAndGet(139)) - om1: start om1@group-C5BA1605619E-FollowerState
2022-11-10 17:27:55,766 [om1-impl-thread1] INFO  util.JmxRegister (JmxRegister.java:tryRegister(44)) - Successfully registered JMX Bean with object name Ratis:service=RaftServer,group=group-C5BA1605619E,id=om1
2022-11-10 17:27:55,768 [om1-impl-thread1] INFO  server.RaftServerConfigKeys (ConfUtils.java:logGet(46)) - raft.server.snapshot.auto.trigger.enabled = true (custom)
2022-11-10 17:27:55,768 [om1-impl-thread1] INFO  server.RaftServerConfigKeys (ConfUtils.java:logGet(46)) - raft.server.snapshot.auto.trigger.threshold = 400000 (default)
2022-11-10 17:27:55,769 [om1-impl-thread1] INFO  server.RaftServerConfigKeys (ConfUtils.java:logGet(46)) - raft.server.snapshot.retention.file.num = -1 (default)
2022-11-10 17:27:55,770 [om1-impl-thread1] INFO  server.RaftServerConfigKeys (ConfUtils.java:logGet(46)) - raft.server.log.purge.upto.snapshot.index = true (custom)
2022-11-10 17:27:55,773 [om1@group-C5BA1605619E-FollowerState] INFO  server.RaftServerConfigKeys (ConfUtils.java:logFallback(53)) - raft.server.rpc.first-election.timeout.min = 1s (fallback to raft.server.rpc.timeout.min)
2022-11-10 17:27:55,773 [om1@group-C5BA1605619E-FollowerState] INFO  server.RaftServerConfigKeys (ConfUtils.java:logFallback(53)) - raft.server.rpc.first-election.timeout.max = 1200ms (fallback to raft.server.rpc.timeout.max)
2022-11-10 17:27:55,776 [Listener at 127.0.0.1/38511] INFO  server.RaftServer (RaftServerProxy.java:startImpl(393)) - om1: start RPC server
2022-11-10 17:27:55,852 [Listener at 127.0.0.1/38511] INFO  server.GrpcService (GrpcService.java:startImpl(270)) - om1: GrpcService started, listening on 9872
2022-11-10 17:27:55,854 [Listener at 127.0.0.1/38511] INFO  om.OzoneManager (OzoneManager.java:start(1500)) - Version File has different layout version (3) than OM DB (null). That is expected if this OM has never been finalized to a newer layout version.
2022-11-10 17:27:55,856 [JvmPauseMonitor0] INFO  util.JvmPauseMonitor (JvmPauseMonitor.java:run(105)) - JvmPauseMonitor-om1: Started
2022-11-10 17:27:55,874 [Listener at 127.0.0.1/38511] INFO  http.BaseHttpServer (BaseHttpServer.java:newHttpServer2BuilderForOzone(213)) - Starting Web-server for ozoneManager at: http://0.0.0.0:0
2022-11-10 17:27:55,874 [Listener at 127.0.0.1/38511] INFO  http.BaseHttpServer (BaseHttpServer.java:<init>(108)) - Hadoop Security Enabled: false Ozone Security Enabled: false Ozone HTTP Security Enabled: false 
2022-11-10 17:27:55,876 [Listener at 127.0.0.1/38511] WARN  server.AuthenticationFilter (AuthenticationFilter.java:constructSecretProvider(240)) - Unable to initialize FileSignerSecretProvider, falling back to use random secrets. Reason: Could not read signature secret file: /home/runner/hadoop-http-auth-signature-secret
2022-11-10 17:27:55,877 [Listener at 127.0.0.1/38511] WARN  http.HttpRequestLog (HttpRequestLog.java:getRequestLog(103)) - Jetty request log can only be enabled using Log4j
2022-11-10 17:27:55,879 [Listener at 127.0.0.1/38511] INFO  http.HttpServer2 (HttpServer2.java:addGlobalFilter(1031)) - Added global filter 'safety' (class=org.apache.hadoop.hdds.server.http.HttpServer2$QuotingInputFilter)
2022-11-10 17:27:55,880 [Listener at 127.0.0.1/38511] INFO  http.HttpServer2 (HttpServer2.java:addFilter(1007)) - Added filter static_user_filter (class=org.apache.hadoop.http.lib.StaticUserWebFilter$StaticUserFilter) to context ozoneManager
2022-11-10 17:27:55,880 [Listener at 127.0.0.1/38511] INFO  http.HttpServer2 (HttpServer2.java:addFilter(1015)) - Added filter static_user_filter (class=org.apache.hadoop.http.lib.StaticUserWebFilter$StaticUserFilter) to context static
2022-11-10 17:27:55,880 [Listener at 127.0.0.1/38511] INFO  http.HttpServer2 (HttpServer2.java:addFilter(1015)) - Added filter static_user_filter (class=org.apache.hadoop.http.lib.StaticUserWebFilter$StaticUserFilter) to context logs
2022-11-10 17:27:55,882 [Listener at 127.0.0.1/38511] INFO  http.HttpServer2 (HttpServer2.java:bindListener(1250)) - Jetty bound to port 44767
2022-11-10 17:27:55,885 [Listener at 127.0.0.1/38511] INFO  server.Server (Server.java:doStart(375)) - jetty-9.4.49.v20220914; built: 2022-09-14T01:07:36.601Z; git: 4231a3b2e4cb8548a412a789936d640a97b1aa0a; jvm 1.8.0_345-b01
2022-11-10 17:27:55,888 [Listener at 127.0.0.1/38511] INFO  server.session (DefaultSessionIdManager.java:doStart(334)) - DefaultSessionIdManager workerName=node0
2022-11-10 17:27:55,888 [Listener at 127.0.0.1/38511] INFO  server.session (DefaultSessionIdManager.java:doStart(339)) - No SessionScavenger set, using defaults
2022-11-10 17:27:55,888 [Listener at 127.0.0.1/38511] INFO  server.session (HouseKeeper.java:startScavenging(132)) - node0 Scavenging every 660000ms
2022-11-10 17:27:55,889 [Listener at 127.0.0.1/38511] INFO  handler.ContextHandler (ContextHandler.java:doStart(921)) - Started o.e.j.s.ServletContextHandler@66c8c875{logs,/logs,file:///home/runner/work/ozone/ozone/hadoop-ozone/integration-test/target/log,AVAILABLE}
2022-11-10 17:27:55,890 [Listener at 127.0.0.1/38511] INFO  handler.ContextHandler (ContextHandler.java:doStart(921)) - Started o.e.j.s.ServletContextHandler@3e4f326e{static,/static,file:///home/runner/work/ozone/ozone/hadoop-ozone/integration-test/target/test-classes/webapps/static,AVAILABLE}
2022-11-10 17:27:55,894 [Listener at 127.0.0.1/38511] INFO  handler.ContextHandler (ContextHandler.java:doStart(921)) - Started o.e.j.w.WebAppContext@5eac0402{ozoneManager,/,file:///home/runner/work/ozone/ozone/hadoop-ozone/integration-test/target/test-classes/webapps/ozoneManager/,AVAILABLE}{file:/home/runner/work/ozone/ozone/hadoop-ozone/integration-test/target/test-classes/webapps/ozoneManager}
2022-11-10 17:27:55,897 [Listener at 127.0.0.1/38511] INFO  server.AbstractConnector (AbstractConnector.java:doStart(333)) - Started ServerConnector@7b0ad09a{HTTP/1.1, (http/1.1)}{0.0.0.0:44767}
2022-11-10 17:27:55,899 [Listener at 127.0.0.1/38511] INFO  server.Server (Server.java:doStart(415)) - Started @8392ms
2022-11-10 17:27:55,900 [Listener at 127.0.0.1/38511] WARN  impl.MetricsSystemImpl (MetricsSystemImpl.java:register(279)) - Sink prometheus already exists!
2022-11-10 17:27:55,900 [Listener at 127.0.0.1/38511] INFO  http.BaseHttpServer (BaseHttpServer.java:updateConnectorAddress(333)) - HTTP server of ozoneManager listening at http://0.0.0.0:44767
2022-11-10 17:27:55,901 [IPC Server Responder] INFO  ipc.Server (Server.java:run(1512)) - IPC Server Responder: starting
2022-11-10 17:27:55,901 [IPC Server listener on 0] INFO  ipc.Server (Server.java:run(1352)) - IPC Server listener on 0: starting
2022-11-10 17:27:55,907 [Listener at 127.0.0.1/38511] INFO  om.OzoneManager (OzoneManager.java:startTrashEmptier(1921)) - Trash Interval set to 0. Files deleted won't move to trash
2022-11-10 17:27:55,915 [org.apache.hadoop.util.JvmPauseMonitor$Monitor@13008405] INFO  util.JvmPauseMonitor (JvmPauseMonitor.java:run(188)) - Starting JVM pause monitor
2022-11-10 17:27:56,090 [Listener at 127.0.0.1/38511] WARN  impl.MetricRegistriesImpl (MetricRegistriesImpl.java:addReporterRegistration(111)) - New reporters are added after registries were created. Some metrics will be missing from the reporter. Please add reporter before adding any new registry.
2022-11-10 17:27:56,091 [Listener at 127.0.0.1/38511] WARN  impl.MetricRegistriesImpl (MetricRegistriesImpl.java:addReporterRegistration(111)) - New reporters are added after registries were created. Some metrics will be missing from the reporter. Please add reporter before adding any new registry.
2022-11-10 17:27:56,091 [Listener at 127.0.0.1/38511] INFO  impl.MetricsSystemImpl (MetricsSystemImpl.java:init(158)) - HddsDatanode metrics system started (again)
2022-11-10 17:27:56,109 [Listener at 127.0.0.1/38511] INFO  ozone.HddsDatanodeService (HddsDatanodeService.java:start(236)) - HddsDatanodeService host:fv-az77-962.bprubkmdfdkerap53zvqdzdb0e.jx.internal.cloudapp.net ip:10.1.1.193
2022-11-10 17:27:56,142 [Listener at 127.0.0.1/38511] INFO  upgrade.AbstractLayoutVersionManager (AbstractLayoutVersionManager.java:init(83)) - Initializing Layout version manager with metadata layout = DATANODE_SCHEMA_V3 (version = 4), software layout = DATANODE_SCHEMA_V3 (version = 4)
2022-11-10 17:27:56,197 [Listener at 127.0.0.1/38511] INFO  reflections.Reflections (Reflections.java:scan(232)) - Reflections took 53 ms to scan 7 urls, producing 139 keys and 336 values 
2022-11-10 17:27:56,200 [Listener at 127.0.0.1/38511] INFO  statemachine.DatanodeStateMachine (DatanodeStateMachine.java:getEndPointTaskThreadPoolSize(245)) - Datanode State Machine Task Thread Pool size 2
2022-11-10 17:27:56,260 [Listener at 127.0.0.1/38511] INFO  volume.HddsVolume (HddsVolume.java:<init>(117)) - Creating HddsVolume: /home/runner/work/ozone/ozone/hadoop-ozone/integration-test/target/test-dir/MiniOzoneClusterImpl-5e6b204f-6d0c-499e-8bc7-d272478adc61/datanode-0/data-0/containers/hdds of storage type : DISK capacity : 9223372036854775807
2022-11-10 17:27:56,263 [Listener at 127.0.0.1/38511] INFO  volume.MutableVolumeSet (MutableVolumeSet.java:initializeVolumeSet(174)) - Added Volume : /home/runner/work/ozone/ozone/hadoop-ozone/integration-test/target/test-dir/MiniOzoneClusterImpl-5e6b204f-6d0c-499e-8bc7-d272478adc61/datanode-0/data-0/containers/hdds to VolumeSet
2022-11-10 17:27:56,264 [Listener at 127.0.0.1/38511] INFO  volume.ThrottledAsyncChecker (ThrottledAsyncChecker.java:schedule(141)) - Scheduling a check for /home/runner/work/ozone/ozone/hadoop-ozone/integration-test/target/test-dir/MiniOzoneClusterImpl-5e6b204f-6d0c-499e-8bc7-d272478adc61/datanode-0/data-0/containers/hdds
2022-11-10 17:27:56,287 [Listener at 127.0.0.1/38511] INFO  volume.StorageVolumeChecker (StorageVolumeChecker.java:checkAllVolumes(202)) - Scheduled health check for volume /home/runner/work/ozone/ozone/hadoop-ozone/integration-test/target/test-dir/MiniOzoneClusterImpl-5e6b204f-6d0c-499e-8bc7-d272478adc61/datanode-0/data-0/containers/hdds
2022-11-10 17:27:56,306 [Listener at 127.0.0.1/38511] INFO  volume.MutableVolumeSet (MutableVolumeSet.java:initializeVolumeSet(174)) - Added Volume : /home/runner/work/ozone/ozone/hadoop-ozone/integration-test/target/test-dir/MiniOzoneClusterImpl-5e6b204f-6d0c-499e-8bc7-d272478adc61/datanode-0/data/ratis to VolumeSet
2022-11-10 17:27:56,307 [Listener at 127.0.0.1/38511] INFO  volume.ThrottledAsyncChecker (ThrottledAsyncChecker.java:schedule(141)) - Scheduling a check for /home/runner/work/ozone/ozone/hadoop-ozone/integration-test/target/test-dir/MiniOzoneClusterImpl-5e6b204f-6d0c-499e-8bc7-d272478adc61/datanode-0/data/ratis
2022-11-10 17:27:56,307 [Listener at 127.0.0.1/38511] INFO  volume.StorageVolumeChecker (StorageVolumeChecker.java:checkAllVolumes(202)) - Scheduled health check for volume /home/runner/work/ozone/ozone/hadoop-ozone/integration-test/target/test-dir/MiniOzoneClusterImpl-5e6b204f-6d0c-499e-8bc7-d272478adc61/datanode-0/data/ratis
2022-11-10 17:27:56,336 [Thread-136] INFO  ozoneimpl.ContainerReader (ContainerReader.java:readVolume(175)) - Finish verifying containers on volume /home/runner/work/ozone/ozone/hadoop-ozone/integration-test/target/test-dir/MiniOzoneClusterImpl-5e6b204f-6d0c-499e-8bc7-d272478adc61/datanode-0/data-0/containers/hdds
2022-11-10 17:27:56,337 [Listener at 127.0.0.1/38511] INFO  ozoneimpl.OzoneContainer (OzoneContainer.java:buildContainerSet(300)) - Build ContainerSet costs 0s
2022-11-10 17:27:56,393 [Listener at 127.0.0.1/38511] INFO  audit.AuditLogger (AuditLogger.java:refreshDebugCmdSet(126)) - Refresh DebugCmdSet for DNAudit to [].
2022-11-10 17:27:56,426 [Listener at 127.0.0.1/38511] INFO  server.RaftServer (ConfUtils.java:logGet(46)) - raft.rpc.type = GRPC (default)
2022-11-10 17:27:56,426 [Listener at 127.0.0.1/38511] INFO  grpc.GrpcConfigKeys (ConfUtils.java:logFallback(53)) - raft.grpc.admin.host = null (fallback to raft.grpc.server.host)
2022-11-10 17:27:56,426 [Listener at 127.0.0.1/38511] INFO  grpc.GrpcConfigKeys (ConfUtils.java:logGet(46)) - raft.grpc.admin.port = 0 (custom)
2022-11-10 17:27:56,427 [Listener at 127.0.0.1/38511] INFO  grpc.GrpcConfigKeys (ConfUtils.java:logFallback(53)) - raft.grpc.client.host = null (fallback to raft.grpc.server.host)
2022-11-10 17:27:56,427 [Listener at 127.0.0.1/38511] INFO  grpc.GrpcConfigKeys (ConfUtils.java:logGet(46)) - raft.grpc.client.port = 0 (custom)
2022-11-10 17:27:56,427 [Listener at 127.0.0.1/38511] INFO  grpc.GrpcConfigKeys (ConfUtils.java:logGet(46)) - raft.grpc.server.host = null (default)
2022-11-10 17:27:56,427 [Listener at 127.0.0.1/38511] INFO  grpc.GrpcConfigKeys (ConfUtils.java:logGet(46)) - raft.grpc.server.port = 0 (default)
2022-11-10 17:27:56,427 [Listener at 127.0.0.1/38511] INFO  server.GrpcService (ConfUtils.java:logGet(46)) - raft.grpc.message.size.max = 32MB (=33554432) (custom)
2022-11-10 17:27:56,427 [Listener at 127.0.0.1/38511] INFO  server.RaftServerConfigKeys (ConfUtils.java:logGet(46)) - raft.server.log.appender.buffer.byte-limit = 33554432 (custom)
2022-11-10 17:27:56,428 [Listener at 127.0.0.1/38511] INFO  server.GrpcService (ConfUtils.java:logGet(46)) - raft.grpc.flow.control.window = 5MB (=5242880) (custom)
2022-11-10 17:27:56,428 [Listener at 127.0.0.1/38511] INFO  server.RaftServerConfigKeys (ConfUtils.java:logGet(46)) - raft.server.rpc.request.timeout = 60s (custom)
2022-11-10 17:27:56,428 [Listener at 127.0.0.1/38511] INFO  grpc.GrpcConfigKeys (ConfUtils.java:logGet(46)) - raft.grpc.server.heartbeat.channel = true (default)
2022-11-10 17:27:56,428 [Listener at 127.0.0.1/38511] INFO  grpc.GrpcConfigKeys (ConfUtils.java:logGet(46)) - raft.grpc.server.async.request.thread.pool.cached = true (default)
2022-11-10 17:27:56,428 [Listener at 127.0.0.1/38511] INFO  grpc.GrpcConfigKeys (ConfUtils.java:logGet(46)) - raft.grpc.server.async.request.thread.pool.size = 32 (default)
2022-11-10 17:27:56,430 [Listener at 127.0.0.1/38511] INFO  impl.DataStreamServerImpl (ConfUtils.java:logGet(46)) - raft.datastream.type = DISABLED (default)
2022-11-10 17:27:56,430 [Listener at 127.0.0.1/38511] INFO  server.RaftServerConfigKeys (ConfUtils.java:logGet(46)) - raft.server.threadpool.proxy.cached = true (default)
2022-11-10 17:27:56,430 [Listener at 127.0.0.1/38511] INFO  server.RaftServerConfigKeys (ConfUtils.java:logGet(46)) - raft.server.threadpool.proxy.size = 0 (default)
2022-11-10 17:27:56,431 [Listener at 127.0.0.1/38511] INFO  server.RaftServerConfigKeys (ConfUtils.java:logGet(46)) - raft.server.rpc.slowness.timeout = 300s (custom)
2022-11-10 17:27:56,431 [Listener at 127.0.0.1/38511] INFO  server.RaftServerConfigKeys (ConfUtils.java:logGet(46)) - raft.server.leaderelection.leader.step-down.wait-time = 10s (default)
2022-11-10 17:27:56,431 [Listener at 127.0.0.1/38511] INFO  server.RaftServerConfigKeys (ConfUtils.java:logGet(46)) - raft.server.storage.dir = [/home/runner/work/ozone/ozone/hadoop-ozone/integration-test/target/test-dir/MiniOzoneClusterImpl-5e6b204f-6d0c-499e-8bc7-d272478adc61/datanode-0/data/ratis] (custom)
2022-11-10 17:27:56,452 [Listener at 127.0.0.1/38511] INFO  server.XceiverServerGrpc (XceiverServerGrpc.java:<init>(132)) - GrpcServer channel type EpollServerSocketChannel
2022-11-10 17:27:56,529 [Listener at 127.0.0.1/38511] INFO  http.BaseHttpServer (BaseHttpServer.java:newHttpServer2BuilderForOzone(213)) - Starting Web-server for hddsDatanode at: http://0.0.0.0:0
2022-11-10 17:27:56,529 [Listener at 127.0.0.1/38511] INFO  http.BaseHttpServer (BaseHttpServer.java:<init>(108)) - Hadoop Security Enabled: false Ozone Security Enabled: false Ozone HTTP Security Enabled: false 
2022-11-10 17:27:56,531 [Listener at 127.0.0.1/38511] WARN  server.AuthenticationFilter (AuthenticationFilter.java:constructSecretProvider(240)) - Unable to initialize FileSignerSecretProvider, falling back to use random secrets. Reason: Could not read signature secret file: /home/runner/hadoop-http-auth-signature-secret
2022-11-10 17:27:56,532 [Listener at 127.0.0.1/38511] WARN  http.HttpRequestLog (HttpRequestLog.java:getRequestLog(103)) - Jetty request log can only be enabled using Log4j
2022-11-10 17:27:56,534 [Listener at 127.0.0.1/38511] INFO  http.HttpServer2 (HttpServer2.java:addGlobalFilter(1031)) - Added global filter 'safety' (class=org.apache.hadoop.hdds.server.http.HttpServer2$QuotingInputFilter)
2022-11-10 17:27:56,535 [Listener at 127.0.0.1/38511] INFO  http.HttpServer2 (HttpServer2.java:addFilter(1007)) - Added filter static_user_filter (class=org.apache.hadoop.http.lib.StaticUserWebFilter$StaticUserFilter) to context hddsDatanode
2022-11-10 17:27:56,535 [Listener at 127.0.0.1/38511] INFO  http.HttpServer2 (HttpServer2.java:addFilter(1015)) - Added filter static_user_filter (class=org.apache.hadoop.http.lib.StaticUserWebFilter$StaticUserFilter) to context static
2022-11-10 17:27:56,535 [Listener at 127.0.0.1/38511] INFO  http.HttpServer2 (HttpServer2.java:addFilter(1015)) - Added filter static_user_filter (class=org.apache.hadoop.http.lib.StaticUserWebFilter$StaticUserFilter) to context logs
2022-11-10 17:27:56,536 [Listener at 127.0.0.1/38511] INFO  http.HttpServer2 (HttpServer2.java:bindListener(1250)) - Jetty bound to port 39767
2022-11-10 17:27:56,536 [Listener at 127.0.0.1/38511] INFO  server.Server (Server.java:doStart(375)) - jetty-9.4.49.v20220914; built: 2022-09-14T01:07:36.601Z; git: 4231a3b2e4cb8548a412a789936d640a97b1aa0a; jvm 1.8.0_345-b01
2022-11-10 17:27:56,538 [Listener at 127.0.0.1/38511] INFO  server.session (DefaultSessionIdManager.java:doStart(334)) - DefaultSessionIdManager workerName=node0
2022-11-10 17:27:56,538 [Listener at 127.0.0.1/38511] INFO  server.session (DefaultSessionIdManager.java:doStart(339)) - No SessionScavenger set, using defaults
2022-11-10 17:27:56,539 [Listener at 127.0.0.1/38511] INFO  server.session (HouseKeeper.java:startScavenging(132)) - node0 Scavenging every 660000ms
2022-11-10 17:27:56,540 [Listener at 127.0.0.1/38511] INFO  handler.ContextHandler (ContextHandler.java:doStart(921)) - Started o.e.j.s.ServletContextHandler@3bbcc15{logs,/logs,file:///home/runner/work/ozone/ozone/hadoop-ozone/integration-test/target/log,AVAILABLE}
2022-11-10 17:27:56,541 [Listener at 127.0.0.1/38511] INFO  handler.ContextHandler (ContextHandler.java:doStart(921)) - Started o.e.j.s.ServletContextHandler@1bafc65f{static,/static,jar:file:/home/runner/.m2/repository/org/apache/ozone/hdds-container-service/1.3.0-SNAPSHOT/hdds-container-service-1.3.0-SNAPSHOT.jar!/webapps/static,AVAILABLE}
2022-11-10 17:27:56,750 [Listener at 127.0.0.1/38511] INFO  handler.ContextHandler (ContextHandler.java:doStart(921)) - Started o.e.j.w.WebAppContext@5241e263{hddsDatanode,/,file:///tmp/jetty-0_0_0_0-39767-hdds-container-service-1_3_0-SNAPSHOT_jar-_-any-6840508323653842068/webapp/,AVAILABLE}{jar:file:/home/runner/.m2/repository/org/apache/ozone/hdds-container-service/1.3.0-SNAPSHOT/hdds-container-service-1.3.0-SNAPSHOT.jar!/webapps/hddsDatanode}
2022-11-10 17:27:56,752 [Listener at 127.0.0.1/38511] INFO  server.AbstractConnector (AbstractConnector.java:doStart(333)) - Started ServerConnector@1002002f{HTTP/1.1, (http/1.1)}{0.0.0.0:39767}
2022-11-10 17:27:56,752 [Listener at 127.0.0.1/38511] INFO  server.Server (Server.java:doStart(415)) - Started @9247ms
2022-11-10 17:27:56,752 [Listener at 127.0.0.1/38511] WARN  impl.MetricsSystemImpl (MetricsSystemImpl.java:register(279)) - Sink prometheus already exists!
2022-11-10 17:27:56,753 [Listener at 127.0.0.1/38511] INFO  http.BaseHttpServer (BaseHttpServer.java:updateConnectorAddress(333)) - HTTP server of hddsDatanode listening at http://0.0.0.0:39767
2022-11-10 17:27:56,756 [Datanode State Machine Daemon Thread] INFO  statemachine.DatanodeStateMachine (DatanodeStateMachine.java:lambda$startDaemon$0(505)) - Ozone container server started.
2022-11-10 17:27:56,758 [Listener at 127.0.0.1/38511] WARN  impl.MetricRegistriesImpl (MetricRegistriesImpl.java:addReporterRegistration(111)) - New reporters are added after registries were created. Some metrics will be missing from the reporter. Please add reporter before adding any new registry.
2022-11-10 17:27:56,758 [Listener at 127.0.0.1/38511] WARN  impl.MetricRegistriesImpl (MetricRegistriesImpl.java:addReporterRegistration(111)) - New reporters are added after registries were created. Some metrics will be missing from the reporter. Please add reporter before adding any new registry.
2022-11-10 17:27:56,758 [Listener at 127.0.0.1/38511] INFO  impl.MetricsSystemImpl (MetricsSystemImpl.java:init(158)) - HddsDatanode metrics system started (again)
2022-11-10 17:27:56,783 [Listener at 127.0.0.1/38511] INFO  ozone.HddsDatanodeService (HddsDatanodeService.java:start(236)) - HddsDatanodeService host:fv-az77-962.bprubkmdfdkerap53zvqdzdb0e.jx.internal.cloudapp.net ip:10.1.1.193
2022-11-10 17:27:56,783 [org.apache.hadoop.util.JvmPauseMonitor$Monitor@57077593] INFO  util.JvmPauseMonitor (JvmPauseMonitor.java:run(188)) - Starting JVM pause monitor
2022-11-10 17:27:56,803 [om1@group-C5BA1605619E-FollowerState] INFO  impl.FollowerState (FollowerState.java:run(143)) - om1@group-C5BA1605619E-FollowerState: change to CANDIDATE, lastRpcElapsedTime:1038513254ns, electionTimeout:1028ms
2022-11-10 17:27:56,804 [om1@group-C5BA1605619E-FollowerState] INFO  impl.RoleInfo (RoleInfo.java:shutdownFollowerState(110)) - om1: shutdown om1@group-C5BA1605619E-FollowerState
2022-11-10 17:27:56,804 [om1@group-C5BA1605619E-FollowerState] INFO  server.RaftServer$Division (RaftServerImpl.java:setRole(321)) - om1@group-C5BA1605619E: changes role from  FOLLOWER to CANDIDATE at term 0 for changeToCandidate
2022-11-10 17:27:56,807 [om1@group-C5BA1605619E-FollowerState] INFO  server.RaftServerConfigKeys (ConfUtils.java:logGet(46)) - raft.server.leaderelection.pre-vote = false (custom)
2022-11-10 17:27:56,808 [om1@group-C5BA1605619E-FollowerState] INFO  impl.RoleInfo (RoleInfo.java:updateAndGet(139)) - om1: start om1@group-C5BA1605619E-LeaderElection1
2022-11-10 17:27:56,826 [Listener at 127.0.0.1/38511] INFO  upgrade.AbstractLayoutVersionManager (AbstractLayoutVersionManager.java:init(83)) - Initializing Layout version manager with metadata layout = DATANODE_SCHEMA_V3 (version = 4), software layout = DATANODE_SCHEMA_V3 (version = 4)
2022-11-10 17:27:56,831 [om1@group-C5BA1605619E-LeaderElection1] INFO  impl.LeaderElection (LeaderElection.java:askForVotes(312)) - om1@group-C5BA1605619E-LeaderElection1 ELECTION round 0: submit vote requests at term 1 for -1: peers:[om1|rpc:localhost:9872|priority:0|startupRole:FOLLOWER]|listeners:[], old=null
2022-11-10 17:27:56,834 [om1@group-C5BA1605619E-LeaderElection1] INFO  impl.LeaderElection (LeaderElection.java:askForVotes(314)) - om1@group-C5BA1605619E-LeaderElection1 ELECTION round 0: result PASSED (term=1)
2022-11-10 17:27:56,836 [om1@group-C5BA1605619E-LeaderElection1] INFO  impl.RoleInfo (RoleInfo.java:shutdownLeaderElection(130)) - om1: shutdown om1@group-C5BA1605619E-LeaderElection1
2022-11-10 17:27:56,838 [om1@group-C5BA1605619E-LeaderElection1] INFO  server.RaftServer$Division (RaftServerImpl.java:setRole(321)) - om1@group-C5BA1605619E: changes role from CANDIDATE to LEADER at term 1 for changeToLeader
2022-11-10 17:27:56,838 [om1@group-C5BA1605619E-LeaderElection1] INFO  server.RaftServer$Division (ServerState.java:setLeader(313)) - om1@group-C5BA1605619E: change Leader from null to om1 at term 1 for becomeLeader, leader elected after 2350ms
2022-11-10 17:27:56,850 [om1@group-C5BA1605619E-LeaderElection1] INFO  server.RaftServerConfigKeys (ConfUtils.java:logGet(46)) - raft.server.staging.catchup.gap = 1000 (default)
2022-11-10 17:27:56,875 [om1@group-C5BA1605619E-LeaderElection1] INFO  server.RaftServerConfigKeys (ConfUtils.java:logGet(46)) - raft.server.write.element-limit = 4096 (default)
2022-11-10 17:27:56,876 [om1@group-C5BA1605619E-LeaderElection1] INFO  server.RaftServerConfigKeys (ConfUtils.java:logGet(46)) - raft.server.write.byte-limit = 64MB (=67108864) (default)
2022-11-10 17:27:56,889 [om1@group-C5BA1605619E-LeaderElection1] INFO  server.RaftServerConfigKeys (ConfUtils.java:logGet(46)) - raft.server.watch.timeout = 10s (default)
2022-11-10 17:27:56,890 [om1@group-C5BA1605619E-LeaderElection1] INFO  server.RaftServerConfigKeys (ConfUtils.java:logGet(46)) - raft.server.watch.timeout.denomination = 1s (default)
2022-11-10 17:27:56,892 [om1@group-C5BA1605619E-LeaderElection1] INFO  server.RaftServerConfigKeys (ConfUtils.java:logGet(46)) - raft.server.watch.element-limit = 65536 (default)
2022-11-10 17:27:56,904 [om1@group-C5BA1605619E-LeaderElection1] INFO  server.RaftServerConfigKeys (ConfUtils.java:logGet(46)) - raft.server.write.element-limit = 4096 (default)
2022-11-10 17:27:56,910 [om1@group-C5BA1605619E-LeaderElection1] INFO  server.RaftServerConfigKeys (ConfUtils.java:logGet(46)) - raft.server.write.follower.gap.ratio.max = -1.0 (default)
2022-11-10 17:27:56,915 [om1@group-C5BA1605619E-LeaderElection1] INFO  impl.RoleInfo (RoleInfo.java:updateAndGet(139)) - om1: start om1@group-C5BA1605619E-LeaderStateImpl
2022-11-10 17:27:56,957 [Listener at 127.0.0.1/38511] INFO  reflections.Reflections (Reflections.java:scan(232)) - Reflections took 125 ms to scan 7 urls, producing 139 keys and 336 values 
2022-11-10 17:27:56,961 [Listener at 127.0.0.1/38511] INFO  statemachine.DatanodeStateMachine (DatanodeStateMachine.java:getEndPointTaskThreadPoolSize(245)) - Datanode State Machine Task Thread Pool size 2
2022-11-10 17:27:56,970 [Listener at 127.0.0.1/38511] INFO  volume.HddsVolume (HddsVolume.java:<init>(117)) - Creating HddsVolume: /home/runner/work/ozone/ozone/hadoop-ozone/integration-test/target/test-dir/MiniOzoneClusterImpl-5e6b204f-6d0c-499e-8bc7-d272478adc61/datanode-1/data-0/containers/hdds of storage type : DISK capacity : 9223372036854775807
2022-11-10 17:27:56,970 [Listener at 127.0.0.1/38511] INFO  volume.MutableVolumeSet (MutableVolumeSet.java:initializeVolumeSet(174)) - Added Volume : /home/runner/work/ozone/ozone/hadoop-ozone/integration-test/target/test-dir/MiniOzoneClusterImpl-5e6b204f-6d0c-499e-8bc7-d272478adc61/datanode-1/data-0/containers/hdds to VolumeSet
2022-11-10 17:27:56,970 [Listener at 127.0.0.1/38511] INFO  volume.ThrottledAsyncChecker (ThrottledAsyncChecker.java:schedule(141)) - Scheduling a check for /home/runner/work/ozone/ozone/hadoop-ozone/integration-test/target/test-dir/MiniOzoneClusterImpl-5e6b204f-6d0c-499e-8bc7-d272478adc61/datanode-1/data-0/containers/hdds
2022-11-10 17:27:56,986 [Datanode State Machine Task Thread - 0] INFO  datanode.InitDatanodeState (InitDatanodeState.java:persistContainerDatanodeDetails(138)) - DatanodeDetails is persisted to /home/runner/work/ozone/ozone/hadoop-ozone/integration-test/target/test-dir/MiniOzoneClusterImpl-5e6b204f-6d0c-499e-8bc7-d272478adc61/datanode-0/meta/datanode.id
2022-11-10 17:27:56,986 [Listener at 127.0.0.1/38511] INFO  volume.StorageVolumeChecker (StorageVolumeChecker.java:checkAllVolumes(202)) - Scheduled health check for volume /home/runner/work/ozone/ozone/hadoop-ozone/integration-test/target/test-dir/MiniOzoneClusterImpl-5e6b204f-6d0c-499e-8bc7-d272478adc61/datanode-1/data-0/containers/hdds
2022-11-10 17:27:56,990 [om1@group-C5BA1605619E-LeaderElection1] INFO  segmented.SegmentedRaftLogWorker (SegmentedRaftLogWorker.java:startLogSegment(452)) - om1@group-C5BA1605619E-SegmentedRaftLogWorker: Starting segment from index:0
2022-11-10 17:27:57,011 [Listener at 127.0.0.1/38511] INFO  volume.MutableVolumeSet (MutableVolumeSet.java:initializeVolumeSet(174)) - Added Volume : /home/runner/work/ozone/ozone/hadoop-ozone/integration-test/target/test-dir/MiniOzoneClusterImpl-5e6b204f-6d0c-499e-8bc7-d272478adc61/datanode-1/data/ratis to VolumeSet
2022-11-10 17:27:57,012 [Listener at 127.0.0.1/38511] INFO  volume.ThrottledAsyncChecker (ThrottledAsyncChecker.java:schedule(141)) - Scheduling a check for /home/runner/work/ozone/ozone/hadoop-ozone/integration-test/target/test-dir/MiniOzoneClusterImpl-5e6b204f-6d0c-499e-8bc7-d272478adc61/datanode-1/data/ratis
2022-11-10 17:27:57,013 [Listener at 127.0.0.1/38511] INFO  volume.StorageVolumeChecker (StorageVolumeChecker.java:checkAllVolumes(202)) - Scheduled health check for volume /home/runner/work/ozone/ozone/hadoop-ozone/integration-test/target/test-dir/MiniOzoneClusterImpl-5e6b204f-6d0c-499e-8bc7-d272478adc61/datanode-1/data/ratis
2022-11-10 17:27:57,052 [Thread-151] INFO  ozoneimpl.ContainerReader (ContainerReader.java:readVolume(175)) - Finish verifying containers on volume /home/runner/work/ozone/ozone/hadoop-ozone/integration-test/target/test-dir/MiniOzoneClusterImpl-5e6b204f-6d0c-499e-8bc7-d272478adc61/datanode-1/data-0/containers/hdds
2022-11-10 17:27:57,064 [Listener at 127.0.0.1/38511] INFO  ozoneimpl.OzoneContainer (OzoneContainer.java:buildContainerSet(300)) - Build ContainerSet costs 0s
2022-11-10 17:27:57,068 [Listener at 127.0.0.1/38511] INFO  server.RaftServer (ConfUtils.java:logGet(46)) - raft.rpc.type = GRPC (default)
2022-11-10 17:27:57,070 [om1@group-C5BA1605619E-LeaderElection1] INFO  server.RaftServer$Division (ServerState.java:setRaftConf(430)) - om1@group-C5BA1605619E: set configuration 0: peers:[om1|rpc:localhost:9872|admin:|client:|dataStream:|priority:0|startupRole:FOLLOWER]|listeners:[], old=null
2022-11-10 17:27:57,070 [Listener at 127.0.0.1/38511] INFO  grpc.GrpcConfigKeys (ConfUtils.java:logFallback(53)) - raft.grpc.admin.host = null (fallback to raft.grpc.server.host)
2022-11-10 17:27:57,070 [Listener at 127.0.0.1/38511] INFO  grpc.GrpcConfigKeys (ConfUtils.java:logGet(46)) - raft.grpc.admin.port = 0 (custom)
2022-11-10 17:27:57,070 [Listener at 127.0.0.1/38511] INFO  grpc.GrpcConfigKeys (ConfUtils.java:logFallback(53)) - raft.grpc.client.host = null (fallback to raft.grpc.server.host)
2022-11-10 17:27:57,070 [Listener at 127.0.0.1/38511] INFO  grpc.GrpcConfigKeys (ConfUtils.java:logGet(46)) - raft.grpc.client.port = 0 (custom)
2022-11-10 17:27:57,071 [Listener at 127.0.0.1/38511] INFO  grpc.GrpcConfigKeys (ConfUtils.java:logGet(46)) - raft.grpc.server.host = null (default)
2022-11-10 17:27:57,071 [Listener at 127.0.0.1/38511] INFO  grpc.GrpcConfigKeys (ConfUtils.java:logGet(46)) - raft.grpc.server.port = 0 (default)
2022-11-10 17:27:57,071 [Listener at 127.0.0.1/38511] INFO  server.GrpcService (ConfUtils.java:logGet(46)) - raft.grpc.message.size.max = 32MB (=33554432) (custom)
2022-11-10 17:27:57,072 [Listener at 127.0.0.1/38511] INFO  server.RaftServerConfigKeys (ConfUtils.java:logGet(46)) - raft.server.log.appender.buffer.byte-limit = 33554432 (custom)
2022-11-10 17:27:57,072 [Listener at 127.0.0.1/38511] INFO  server.GrpcService (ConfUtils.java:logGet(46)) - raft.grpc.flow.control.window = 5MB (=5242880) (custom)
2022-11-10 17:27:57,072 [Listener at 127.0.0.1/38511] INFO  server.RaftServerConfigKeys (ConfUtils.java:logGet(46)) - raft.server.rpc.request.timeout = 60s (custom)
2022-11-10 17:27:57,072 [Listener at 127.0.0.1/38511] INFO  grpc.GrpcConfigKeys (ConfUtils.java:logGet(46)) - raft.grpc.server.heartbeat.channel = true (default)
2022-11-10 17:27:57,072 [Listener at 127.0.0.1/38511] INFO  grpc.GrpcConfigKeys (ConfUtils.java:logGet(46)) - raft.grpc.server.async.request.thread.pool.cached = true (default)
2022-11-10 17:27:57,073 [Listener at 127.0.0.1/38511] INFO  grpc.GrpcConfigKeys (ConfUtils.java:logGet(46)) - raft.grpc.server.async.request.thread.pool.size = 32 (default)
2022-11-10 17:27:57,077 [Listener at 127.0.0.1/38511] INFO  impl.DataStreamServerImpl (ConfUtils.java:logGet(46)) - raft.datastream.type = DISABLED (default)
2022-11-10 17:27:57,078 [Listener at 127.0.0.1/38511] INFO  server.RaftServerConfigKeys (ConfUtils.java:logGet(46)) - raft.server.threadpool.proxy.cached = true (default)
2022-11-10 17:27:57,078 [Listener at 127.0.0.1/38511] INFO  server.RaftServerConfigKeys (ConfUtils.java:logGet(46)) - raft.server.threadpool.proxy.size = 0 (default)
2022-11-10 17:27:57,078 [Listener at 127.0.0.1/38511] INFO  server.RaftServerConfigKeys (ConfUtils.java:logGet(46)) - raft.server.rpc.slowness.timeout = 300s (custom)
2022-11-10 17:27:57,078 [Listener at 127.0.0.1/38511] INFO  server.RaftServerConfigKeys (ConfUtils.java:logGet(46)) - raft.server.leaderelection.leader.step-down.wait-time = 10s (default)
2022-11-10 17:27:57,078 [Listener at 127.0.0.1/38511] INFO  server.RaftServerConfigKeys (ConfUtils.java:logGet(46)) - raft.server.storage.dir = [/home/runner/work/ozone/ozone/hadoop-ozone/integration-test/target/test-dir/MiniOzoneClusterImpl-5e6b204f-6d0c-499e-8bc7-d272478adc61/datanode-1/data/ratis] (custom)
2022-11-10 17:27:57,080 [Listener at 127.0.0.1/38511] INFO  server.XceiverServerGrpc (XceiverServerGrpc.java:<init>(132)) - GrpcServer channel type EpollServerSocketChannel
2022-11-10 17:27:57,086 [Listener at 127.0.0.1/38511] INFO  http.BaseHttpServer (BaseHttpServer.java:newHttpServer2BuilderForOzone(213)) - Starting Web-server for hddsDatanode at: http://0.0.0.0:0
2022-11-10 17:27:57,086 [Listener at 127.0.0.1/38511] INFO  http.BaseHttpServer (BaseHttpServer.java:<init>(108)) - Hadoop Security Enabled: false Ozone Security Enabled: false Ozone HTTP Security Enabled: false 
2022-11-10 17:27:57,088 [Listener at 127.0.0.1/38511] WARN  server.AuthenticationFilter (AuthenticationFilter.java:constructSecretProvider(240)) - Unable to initialize FileSignerSecretProvider, falling back to use random secrets. Reason: Could not read signature secret file: /home/runner/hadoop-http-auth-signature-secret
2022-11-10 17:27:57,089 [Listener at 127.0.0.1/38511] WARN  http.HttpRequestLog (HttpRequestLog.java:getRequestLog(103)) - Jetty request log can only be enabled using Log4j
2022-11-10 17:27:57,091 [Listener at 127.0.0.1/38511] INFO  http.HttpServer2 (HttpServer2.java:addGlobalFilter(1031)) - Added global filter 'safety' (class=org.apache.hadoop.hdds.server.http.HttpServer2$QuotingInputFilter)
2022-11-10 17:27:57,091 [Listener at 127.0.0.1/38511] INFO  http.HttpServer2 (HttpServer2.java:addFilter(1007)) - Added filter static_user_filter (class=org.apache.hadoop.http.lib.StaticUserWebFilter$StaticUserFilter) to context hddsDatanode
2022-11-10 17:27:57,092 [Listener at 127.0.0.1/38511] INFO  http.HttpServer2 (HttpServer2.java:addFilter(1015)) - Added filter static_user_filter (class=org.apache.hadoop.http.lib.StaticUserWebFilter$StaticUserFilter) to context static
2022-11-10 17:27:57,092 [Listener at 127.0.0.1/38511] INFO  http.HttpServer2 (HttpServer2.java:addFilter(1015)) - Added filter static_user_filter (class=org.apache.hadoop.http.lib.StaticUserWebFilter$StaticUserFilter) to context logs
2022-11-10 17:27:57,095 [Listener at 127.0.0.1/38511] INFO  http.HttpServer2 (HttpServer2.java:bindListener(1250)) - Jetty bound to port 33311
2022-11-10 17:27:57,095 [Listener at 127.0.0.1/38511] INFO  server.Server (Server.java:doStart(375)) - jetty-9.4.49.v20220914; built: 2022-09-14T01:07:36.601Z; git: 4231a3b2e4cb8548a412a789936d640a97b1aa0a; jvm 1.8.0_345-b01
2022-11-10 17:27:57,113 [Listener at 127.0.0.1/38511] INFO  server.session (DefaultSessionIdManager.java:doStart(334)) - DefaultSessionIdManager workerName=node0
2022-11-10 17:27:57,113 [Listener at 127.0.0.1/38511] INFO  server.session (DefaultSessionIdManager.java:doStart(339)) - No SessionScavenger set, using defaults
2022-11-10 17:27:57,113 [Listener at 127.0.0.1/38511] INFO  server.session (HouseKeeper.java:startScavenging(132)) - node0 Scavenging every 600000ms
2022-11-10 17:27:57,124 [Listener at 127.0.0.1/38511] INFO  handler.ContextHandler (ContextHandler.java:doStart(921)) - Started o.e.j.s.ServletContextHandler@31b4d17a{logs,/logs,file:///home/runner/work/ozone/ozone/hadoop-ozone/integration-test/target/log,AVAILABLE}
2022-11-10 17:27:57,125 [Listener at 127.0.0.1/38511] INFO  handler.ContextHandler (ContextHandler.java:doStart(921)) - Started o.e.j.s.ServletContextHandler@395272b8{static,/static,jar:file:/home/runner/.m2/repository/org/apache/ozone/hdds-container-service/1.3.0-SNAPSHOT/hdds-container-service-1.3.0-SNAPSHOT.jar!/webapps/static,AVAILABLE}
2022-11-10 17:27:57,148 [om1@group-C5BA1605619E-SegmentedRaftLogWorker] INFO  segmented.SegmentedRaftLogWorker (SegmentedRaftLogWorker.java:execute(656)) - om1@group-C5BA1605619E-SegmentedRaftLogWorker: created new log segment /home/runner/work/ozone/ozone/hadoop-ozone/integration-test/target/test-dir/MiniOzoneClusterImpl-5e6b204f-6d0c-499e-8bc7-d272478adc61/ozone-meta/ratis/bf265839-605b-3f16-9796-c5ba1605619e/current/log_inprogress_0
2022-11-10 17:27:57,254 [om1@group-C5BA1605619E-StateMachineUpdater] INFO  ratis.OzoneManagerStateMachine (OzoneManagerStateMachine.java:notifyConfigurationChanged(192)) - Received Configuration change notification from Ratis. New Peer list:
[id: "om1"
address: "localhost:9872"
startupRole: FOLLOWER
]
2022-11-10 17:27:57,351 [Listener at 127.0.0.1/38511] INFO  handler.ContextHandler (ContextHandler.java:doStart(921)) - Started o.e.j.w.WebAppContext@6263089d{hddsDatanode,/,file:///tmp/jetty-0_0_0_0-33311-hdds-container-service-1_3_0-SNAPSHOT_jar-_-any-7367431479639782348/webapp/,AVAILABLE}{jar:file:/home/runner/.m2/repository/org/apache/ozone/hdds-container-service/1.3.0-SNAPSHOT/hdds-container-service-1.3.0-SNAPSHOT.jar!/webapps/hddsDatanode}
2022-11-10 17:27:57,353 [Listener at 127.0.0.1/38511] INFO  server.AbstractConnector (AbstractConnector.java:doStart(333)) - Started ServerConnector@320967d4{HTTP/1.1, (http/1.1)}{0.0.0.0:33311}
2022-11-10 17:27:57,353 [Listener at 127.0.0.1/38511] INFO  server.Server (Server.java:doStart(415)) - Started @9848ms
2022-11-10 17:27:57,353 [Listener at 127.0.0.1/38511] WARN  impl.MetricsSystemImpl (MetricsSystemImpl.java:register(279)) - Sink prometheus already exists!
2022-11-10 17:27:57,354 [Listener at 127.0.0.1/38511] INFO  http.BaseHttpServer (BaseHttpServer.java:updateConnectorAddress(333)) - HTTP server of hddsDatanode listening at http://0.0.0.0:33311
2022-11-10 17:27:57,354 [Listener at 127.0.0.1/38511] WARN  impl.MetricRegistriesImpl (MetricRegistriesImpl.java:addReporterRegistration(111)) - New reporters are added after registries were created. Some metrics will be missing from the reporter. Please add reporter before adding any new registry.
2022-11-10 17:27:57,355 [Listener at 127.0.0.1/38511] WARN  impl.MetricRegistriesImpl (MetricRegistriesImpl.java:addReporterRegistration(111)) - New reporters are added after registries were created. Some metrics will be missing from the reporter. Please add reporter before adding any new registry.
2022-11-10 17:27:57,355 [Listener at 127.0.0.1/38511] INFO  impl.MetricsSystemImpl (MetricsSystemImpl.java:init(158)) - HddsDatanode metrics system started (again)
2022-11-10 17:27:57,368 [Datanode State Machine Daemon Thread] INFO  statemachine.DatanodeStateMachine (DatanodeStateMachine.java:lambda$startDaemon$0(505)) - Ozone container server started.
2022-11-10 17:27:57,392 [org.apache.hadoop.util.JvmPauseMonitor$Monitor@35d914bb] INFO  util.JvmPauseMonitor (JvmPauseMonitor.java:run(188)) - Starting JVM pause monitor
2022-11-10 17:27:57,397 [Listener at 127.0.0.1/38511] INFO  ozone.HddsDatanodeService (HddsDatanodeService.java:start(236)) - HddsDatanodeService host:fv-az77-962.bprubkmdfdkerap53zvqdzdb0e.jx.internal.cloudapp.net ip:10.1.1.193
2022-11-10 17:27:57,411 [Datanode State Machine Task Thread - 0] INFO  datanode.InitDatanodeState (InitDatanodeState.java:persistContainerDatanodeDetails(138)) - DatanodeDetails is persisted to /home/runner/work/ozone/ozone/hadoop-ozone/integration-test/target/test-dir/MiniOzoneClusterImpl-5e6b204f-6d0c-499e-8bc7-d272478adc61/datanode-1/meta/datanode.id
2022-11-10 17:27:57,424 [Listener at 127.0.0.1/38511] INFO  upgrade.AbstractLayoutVersionManager (AbstractLayoutVersionManager.java:init(83)) - Initializing Layout version manager with metadata layout = DATANODE_SCHEMA_V3 (version = 4), software layout = DATANODE_SCHEMA_V3 (version = 4)
2022-11-10 17:27:57,495 [Listener at 127.0.0.1/38511] INFO  reflections.Reflections (Reflections.java:scan(232)) - Reflections took 68 ms to scan 7 urls, producing 139 keys and 336 values 
2022-11-10 17:27:57,500 [Listener at 127.0.0.1/38511] INFO  statemachine.DatanodeStateMachine (DatanodeStateMachine.java:getEndPointTaskThreadPoolSize(245)) - Datanode State Machine Task Thread Pool size 2
2022-11-10 17:27:57,509 [Listener at 127.0.0.1/38511] INFO  volume.HddsVolume (HddsVolume.java:<init>(117)) - Creating HddsVolume: /home/runner/work/ozone/ozone/hadoop-ozone/integration-test/target/test-dir/MiniOzoneClusterImpl-5e6b204f-6d0c-499e-8bc7-d272478adc61/datanode-2/data-0/containers/hdds of storage type : DISK capacity : 9223372036854775807
2022-11-10 17:27:57,509 [Listener at 127.0.0.1/38511] INFO  volume.MutableVolumeSet (MutableVolumeSet.java:initializeVolumeSet(174)) - Added Volume : /home/runner/work/ozone/ozone/hadoop-ozone/integration-test/target/test-dir/MiniOzoneClusterImpl-5e6b204f-6d0c-499e-8bc7-d272478adc61/datanode-2/data-0/containers/hdds to VolumeSet
2022-11-10 17:27:57,510 [Listener at 127.0.0.1/38511] INFO  volume.ThrottledAsyncChecker (ThrottledAsyncChecker.java:schedule(141)) - Scheduling a check for /home/runner/work/ozone/ozone/hadoop-ozone/integration-test/target/test-dir/MiniOzoneClusterImpl-5e6b204f-6d0c-499e-8bc7-d272478adc61/datanode-2/data-0/containers/hdds
2022-11-10 17:27:57,511 [Listener at 127.0.0.1/38511] INFO  volume.StorageVolumeChecker (StorageVolumeChecker.java:checkAllVolumes(202)) - Scheduled health check for volume /home/runner/work/ozone/ozone/hadoop-ozone/integration-test/target/test-dir/MiniOzoneClusterImpl-5e6b204f-6d0c-499e-8bc7-d272478adc61/datanode-2/data-0/containers/hdds
2022-11-10 17:27:57,525 [Listener at 127.0.0.1/38511] INFO  volume.MutableVolumeSet (MutableVolumeSet.java:initializeVolumeSet(174)) - Added Volume : /home/runner/work/ozone/ozone/hadoop-ozone/integration-test/target/test-dir/MiniOzoneClusterImpl-5e6b204f-6d0c-499e-8bc7-d272478adc61/datanode-2/data/ratis to VolumeSet
2022-11-10 17:27:57,525 [Listener at 127.0.0.1/38511] INFO  volume.ThrottledAsyncChecker (ThrottledAsyncChecker.java:schedule(141)) - Scheduling a check for /home/runner/work/ozone/ozone/hadoop-ozone/integration-test/target/test-dir/MiniOzoneClusterImpl-5e6b204f-6d0c-499e-8bc7-d272478adc61/datanode-2/data/ratis
2022-11-10 17:27:57,526 [Listener at 127.0.0.1/38511] INFO  volume.StorageVolumeChecker (StorageVolumeChecker.java:checkAllVolumes(202)) - Scheduled health check for volume /home/runner/work/ozone/ozone/hadoop-ozone/integration-test/target/test-dir/MiniOzoneClusterImpl-5e6b204f-6d0c-499e-8bc7-d272478adc61/datanode-2/data/ratis
2022-11-10 17:27:57,539 [Thread-164] INFO  ozoneimpl.ContainerReader (ContainerReader.java:readVolume(175)) - Finish verifying containers on volume /home/runner/work/ozone/ozone/hadoop-ozone/integration-test/target/test-dir/MiniOzoneClusterImpl-5e6b204f-6d0c-499e-8bc7-d272478adc61/datanode-2/data-0/containers/hdds
2022-11-10 17:27:57,539 [Listener at 127.0.0.1/38511] INFO  ozoneimpl.OzoneContainer (OzoneContainer.java:buildContainerSet(300)) - Build ContainerSet costs 0s
2022-11-10 17:27:57,542 [Listener at 127.0.0.1/38511] INFO  server.RaftServer (ConfUtils.java:logGet(46)) - raft.rpc.type = GRPC (default)
2022-11-10 17:27:57,543 [Listener at 127.0.0.1/38511] INFO  grpc.GrpcConfigKeys (ConfUtils.java:logFallback(53)) - raft.grpc.admin.host = null (fallback to raft.grpc.server.host)
2022-11-10 17:27:57,543 [Listener at 127.0.0.1/38511] INFO  grpc.GrpcConfigKeys (ConfUtils.java:logGet(46)) - raft.grpc.admin.port = 0 (custom)
2022-11-10 17:27:57,543 [Listener at 127.0.0.1/38511] INFO  grpc.GrpcConfigKeys (ConfUtils.java:logFallback(53)) - raft.grpc.client.host = null (fallback to raft.grpc.server.host)
2022-11-10 17:27:57,543 [Listener at 127.0.0.1/38511] INFO  grpc.GrpcConfigKeys (ConfUtils.java:logGet(46)) - raft.grpc.client.port = 0 (custom)
2022-11-10 17:27:57,543 [Listener at 127.0.0.1/38511] INFO  grpc.GrpcConfigKeys (ConfUtils.java:logGet(46)) - raft.grpc.server.host = null (default)
2022-11-10 17:27:57,543 [Listener at 127.0.0.1/38511] INFO  grpc.GrpcConfigKeys (ConfUtils.java:logGet(46)) - raft.grpc.server.port = 0 (default)
2022-11-10 17:27:57,543 [Listener at 127.0.0.1/38511] INFO  server.GrpcService (ConfUtils.java:logGet(46)) - raft.grpc.message.size.max = 32MB (=33554432) (custom)
2022-11-10 17:27:57,544 [Listener at 127.0.0.1/38511] INFO  server.RaftServerConfigKeys (ConfUtils.java:logGet(46)) - raft.server.log.appender.buffer.byte-limit = 33554432 (custom)
2022-11-10 17:27:57,544 [Listener at 127.0.0.1/38511] INFO  server.GrpcService (ConfUtils.java:logGet(46)) - raft.grpc.flow.control.window = 5MB (=5242880) (custom)
2022-11-10 17:27:57,544 [Listener at 127.0.0.1/38511] INFO  server.RaftServerConfigKeys (ConfUtils.java:logGet(46)) - raft.server.rpc.request.timeout = 60s (custom)
2022-11-10 17:27:57,544 [Listener at 127.0.0.1/38511] INFO  grpc.GrpcConfigKeys (ConfUtils.java:logGet(46)) - raft.grpc.server.heartbeat.channel = true (default)
2022-11-10 17:27:57,545 [Listener at 127.0.0.1/38511] INFO  grpc.GrpcConfigKeys (ConfUtils.java:logGet(46)) - raft.grpc.server.async.request.thread.pool.cached = true (default)
2022-11-10 17:27:57,547 [Listener at 127.0.0.1/38511] INFO  grpc.GrpcConfigKeys (ConfUtils.java:logGet(46)) - raft.grpc.server.async.request.thread.pool.size = 32 (default)
2022-11-10 17:27:57,548 [Listener at 127.0.0.1/38511] INFO  impl.DataStreamServerImpl (ConfUtils.java:logGet(46)) - raft.datastream.type = DISABLED (default)
2022-11-10 17:27:57,548 [Listener at 127.0.0.1/38511] INFO  server.RaftServerConfigKeys (ConfUtils.java:logGet(46)) - raft.server.threadpool.proxy.cached = true (default)
2022-11-10 17:27:57,548 [Listener at 127.0.0.1/38511] INFO  server.RaftServerConfigKeys (ConfUtils.java:logGet(46)) - raft.server.threadpool.proxy.size = 0 (default)
2022-11-10 17:27:57,548 [Listener at 127.0.0.1/38511] INFO  server.RaftServerConfigKeys (ConfUtils.java:logGet(46)) - raft.server.rpc.slowness.timeout = 300s (custom)
2022-11-10 17:27:57,549 [Listener at 127.0.0.1/38511] INFO  server.RaftServerConfigKeys (ConfUtils.java:logGet(46)) - raft.server.leaderelection.leader.step-down.wait-time = 10s (default)
2022-11-10 17:27:57,549 [Listener at 127.0.0.1/38511] INFO  server.RaftServerConfigKeys (ConfUtils.java:logGet(46)) - raft.server.storage.dir = [/home/runner/work/ozone/ozone/hadoop-ozone/integration-test/target/test-dir/MiniOzoneClusterImpl-5e6b204f-6d0c-499e-8bc7-d272478adc61/datanode-2/data/ratis] (custom)
2022-11-10 17:27:57,551 [Listener at 127.0.0.1/38511] INFO  server.XceiverServerGrpc (XceiverServerGrpc.java:<init>(132)) - GrpcServer channel type EpollServerSocketChannel
2022-11-10 17:27:57,554 [Listener at 127.0.0.1/38511] INFO  http.BaseHttpServer (BaseHttpServer.java:newHttpServer2BuilderForOzone(213)) - Starting Web-server for hddsDatanode at: http://0.0.0.0:0
2022-11-10 17:27:57,555 [Listener at 127.0.0.1/38511] INFO  http.BaseHttpServer (BaseHttpServer.java:<init>(108)) - Hadoop Security Enabled: false Ozone Security Enabled: false Ozone HTTP Security Enabled: false 
2022-11-10 17:27:57,556 [Listener at 127.0.0.1/38511] WARN  server.AuthenticationFilter (AuthenticationFilter.java:constructSecretProvider(240)) - Unable to initialize FileSignerSecretProvider, falling back to use random secrets. Reason: Could not read signature secret file: /home/runner/hadoop-http-auth-signature-secret
2022-11-10 17:27:57,557 [Listener at 127.0.0.1/38511] WARN  http.HttpRequestLog (HttpRequestLog.java:getRequestLog(103)) - Jetty request log can only be enabled using Log4j
2022-11-10 17:27:57,558 [Listener at 127.0.0.1/38511] INFO  http.HttpServer2 (HttpServer2.java:addGlobalFilter(1031)) - Added global filter 'safety' (class=org.apache.hadoop.hdds.server.http.HttpServer2$QuotingInputFilter)
2022-11-10 17:27:57,559 [Listener at 127.0.0.1/38511] INFO  http.HttpServer2 (HttpServer2.java:addFilter(1007)) - Added filter static_user_filter (class=org.apache.hadoop.http.lib.StaticUserWebFilter$StaticUserFilter) to context hddsDatanode
2022-11-10 17:27:57,559 [Listener at 127.0.0.1/38511] INFO  http.HttpServer2 (HttpServer2.java:addFilter(1015)) - Added filter static_user_filter (class=org.apache.hadoop.http.lib.StaticUserWebFilter$StaticUserFilter) to context logs
2022-11-10 17:27:57,559 [Listener at 127.0.0.1/38511] INFO  http.HttpServer2 (HttpServer2.java:addFilter(1015)) - Added filter static_user_filter (class=org.apache.hadoop.http.lib.StaticUserWebFilter$StaticUserFilter) to context static
2022-11-10 17:27:57,560 [Listener at 127.0.0.1/38511] INFO  http.HttpServer2 (HttpServer2.java:bindListener(1250)) - Jetty bound to port 41261
2022-11-10 17:27:57,560 [Listener at 127.0.0.1/38511] INFO  server.Server (Server.java:doStart(375)) - jetty-9.4.49.v20220914; built: 2022-09-14T01:07:36.601Z; git: 4231a3b2e4cb8548a412a789936d640a97b1aa0a; jvm 1.8.0_345-b01
2022-11-10 17:27:57,580 [Listener at 127.0.0.1/38511] INFO  server.session (DefaultSessionIdManager.java:doStart(334)) - DefaultSessionIdManager workerName=node0
2022-11-10 17:27:57,580 [Listener at 127.0.0.1/38511] INFO  server.session (DefaultSessionIdManager.java:doStart(339)) - No SessionScavenger set, using defaults
2022-11-10 17:27:57,581 [Listener at 127.0.0.1/38511] INFO  server.session (HouseKeeper.java:startScavenging(132)) - node0 Scavenging every 660000ms
2022-11-10 17:27:57,586 [Listener at 127.0.0.1/38511] INFO  handler.ContextHandler (ContextHandler.java:doStart(921)) - Started o.e.j.s.ServletContextHandler@17b1fde5{logs,/logs,file:///home/runner/work/ozone/ozone/hadoop-ozone/integration-test/target/log,AVAILABLE}
2022-11-10 17:27:57,586 [Listener at 127.0.0.1/38511] INFO  handler.ContextHandler (ContextHandler.java:doStart(921)) - Started o.e.j.s.ServletContextHandler@2ed537a9{static,/static,jar:file:/home/runner/.m2/repository/org/apache/ozone/hdds-container-service/1.3.0-SNAPSHOT/hdds-container-service-1.3.0-SNAPSHOT.jar!/webapps/static,AVAILABLE}
2022-11-10 17:27:57,778 [Listener at 127.0.0.1/38511] INFO  handler.ContextHandler (ContextHandler.java:doStart(921)) - Started o.e.j.w.WebAppContext@537bdff0{hddsDatanode,/,file:///tmp/jetty-0_0_0_0-41261-hdds-container-service-1_3_0-SNAPSHOT_jar-_-any-6226655214296238241/webapp/,AVAILABLE}{jar:file:/home/runner/.m2/repository/org/apache/ozone/hdds-container-service/1.3.0-SNAPSHOT/hdds-container-service-1.3.0-SNAPSHOT.jar!/webapps/hddsDatanode}
2022-11-10 17:27:57,780 [Listener at 127.0.0.1/38511] INFO  server.AbstractConnector (AbstractConnector.java:doStart(333)) - Started ServerConnector@2fdde3e3{HTTP/1.1, (http/1.1)}{0.0.0.0:41261}
2022-11-10 17:27:57,780 [Listener at 127.0.0.1/38511] INFO  server.Server (Server.java:doStart(415)) - Started @10275ms
2022-11-10 17:27:57,780 [Listener at 127.0.0.1/38511] WARN  impl.MetricsSystemImpl (MetricsSystemImpl.java:register(279)) - Sink prometheus already exists!
2022-11-10 17:27:57,781 [Listener at 127.0.0.1/38511] INFO  http.BaseHttpServer (BaseHttpServer.java:updateConnectorAddress(333)) - HTTP server of hddsDatanode listening at http://0.0.0.0:41261
2022-11-10 17:27:57,782 [Datanode State Machine Daemon Thread] INFO  statemachine.DatanodeStateMachine (DatanodeStateMachine.java:lambda$startDaemon$0(505)) - Ozone container server started.
2022-11-10 17:27:57,785 [Listener at 127.0.0.1/38511] WARN  impl.MetricRegistriesImpl (MetricRegistriesImpl.java:addReporterRegistration(111)) - New reporters are added after registries were created. Some metrics will be missing from the reporter. Please add reporter before adding any new registry.
2022-11-10 17:27:57,785 [Listener at 127.0.0.1/38511] WARN  impl.MetricRegistriesImpl (MetricRegistriesImpl.java:addReporterRegistration(111)) - New reporters are added after registries were created. Some metrics will be missing from the reporter. Please add reporter before adding any new registry.
2022-11-10 17:27:57,785 [Listener at 127.0.0.1/38511] INFO  impl.MetricsSystemImpl (MetricsSystemImpl.java:init(158)) - HddsDatanode metrics system started (again)
2022-11-10 17:27:57,803 [Listener at 127.0.0.1/38511] INFO  ozone.HddsDatanodeService (HddsDatanodeService.java:start(236)) - HddsDatanodeService host:fv-az77-962.bprubkmdfdkerap53zvqdzdb0e.jx.internal.cloudapp.net ip:10.1.1.193
2022-11-10 17:27:57,829 [org.apache.hadoop.util.JvmPauseMonitor$Monitor@f1b0baf] INFO  util.JvmPauseMonitor (JvmPauseMonitor.java:run(188)) - Starting JVM pause monitor
2022-11-10 17:27:57,830 [Datanode State Machine Task Thread - 0] INFO  datanode.InitDatanodeState (InitDatanodeState.java:persistContainerDatanodeDetails(138)) - DatanodeDetails is persisted to /home/runner/work/ozone/ozone/hadoop-ozone/integration-test/target/test-dir/MiniOzoneClusterImpl-5e6b204f-6d0c-499e-8bc7-d272478adc61/datanode-2/meta/datanode.id
2022-11-10 17:27:57,844 [Listener at 127.0.0.1/38511] INFO  upgrade.AbstractLayoutVersionManager (AbstractLayoutVersionManager.java:init(83)) - Initializing Layout version manager with metadata layout = DATANODE_SCHEMA_V3 (version = 4), software layout = DATANODE_SCHEMA_V3 (version = 4)
2022-11-10 17:27:57,895 [Listener at 127.0.0.1/38511] INFO  reflections.Reflections (Reflections.java:scan(232)) - Reflections took 50 ms to scan 7 urls, producing 139 keys and 336 values 
2022-11-10 17:27:57,897 [Listener at 127.0.0.1/38511] INFO  statemachine.DatanodeStateMachine (DatanodeStateMachine.java:getEndPointTaskThreadPoolSize(245)) - Datanode State Machine Task Thread Pool size 2
2022-11-10 17:27:57,899 [Listener at 127.0.0.1/38511] INFO  volume.HddsVolume (HddsVolume.java:<init>(117)) - Creating HddsVolume: /home/runner/work/ozone/ozone/hadoop-ozone/integration-test/target/test-dir/MiniOzoneClusterImpl-5e6b204f-6d0c-499e-8bc7-d272478adc61/datanode-3/data-0/containers/hdds of storage type : DISK capacity : 9223372036854775807
2022-11-10 17:27:57,899 [Listener at 127.0.0.1/38511] INFO  volume.MutableVolumeSet (MutableVolumeSet.java:initializeVolumeSet(174)) - Added Volume : /home/runner/work/ozone/ozone/hadoop-ozone/integration-test/target/test-dir/MiniOzoneClusterImpl-5e6b204f-6d0c-499e-8bc7-d272478adc61/datanode-3/data-0/containers/hdds to VolumeSet
2022-11-10 17:27:57,900 [Listener at 127.0.0.1/38511] INFO  volume.ThrottledAsyncChecker (ThrottledAsyncChecker.java:schedule(141)) - Scheduling a check for /home/runner/work/ozone/ozone/hadoop-ozone/integration-test/target/test-dir/MiniOzoneClusterImpl-5e6b204f-6d0c-499e-8bc7-d272478adc61/datanode-3/data-0/containers/hdds
2022-11-10 17:27:57,904 [Listener at 127.0.0.1/38511] INFO  volume.StorageVolumeChecker (StorageVolumeChecker.java:checkAllVolumes(202)) - Scheduled health check for volume /home/runner/work/ozone/ozone/hadoop-ozone/integration-test/target/test-dir/MiniOzoneClusterImpl-5e6b204f-6d0c-499e-8bc7-d272478adc61/datanode-3/data-0/containers/hdds
2022-11-10 17:27:57,918 [Listener at 127.0.0.1/38511] INFO  volume.MutableVolumeSet (MutableVolumeSet.java:initializeVolumeSet(174)) - Added Volume : /home/runner/work/ozone/ozone/hadoop-ozone/integration-test/target/test-dir/MiniOzoneClusterImpl-5e6b204f-6d0c-499e-8bc7-d272478adc61/datanode-3/data/ratis to VolumeSet
2022-11-10 17:27:57,918 [Listener at 127.0.0.1/38511] INFO  volume.ThrottledAsyncChecker (ThrottledAsyncChecker.java:schedule(141)) - Scheduling a check for /home/runner/work/ozone/ozone/hadoop-ozone/integration-test/target/test-dir/MiniOzoneClusterImpl-5e6b204f-6d0c-499e-8bc7-d272478adc61/datanode-3/data/ratis
2022-11-10 17:27:57,919 [Listener at 127.0.0.1/38511] INFO  volume.StorageVolumeChecker (StorageVolumeChecker.java:checkAllVolumes(202)) - Scheduled health check for volume /home/runner/work/ozone/ozone/hadoop-ozone/integration-test/target/test-dir/MiniOzoneClusterImpl-5e6b204f-6d0c-499e-8bc7-d272478adc61/datanode-3/data/ratis
2022-11-10 17:27:57,935 [Thread-177] INFO  ozoneimpl.ContainerReader (ContainerReader.java:readVolume(175)) - Finish verifying containers on volume /home/runner/work/ozone/ozone/hadoop-ozone/integration-test/target/test-dir/MiniOzoneClusterImpl-5e6b204f-6d0c-499e-8bc7-d272478adc61/datanode-3/data-0/containers/hdds
2022-11-10 17:27:57,935 [Listener at 127.0.0.1/38511] INFO  ozoneimpl.OzoneContainer (OzoneContainer.java:buildContainerSet(300)) - Build ContainerSet costs 0s
2022-11-10 17:27:57,938 [Listener at 127.0.0.1/38511] INFO  server.RaftServer (ConfUtils.java:logGet(46)) - raft.rpc.type = GRPC (default)
2022-11-10 17:27:57,938 [Listener at 127.0.0.1/38511] INFO  grpc.GrpcConfigKeys (ConfUtils.java:logFallback(53)) - raft.grpc.admin.host = null (fallback to raft.grpc.server.host)
2022-11-10 17:27:57,938 [Listener at 127.0.0.1/38511] INFO  grpc.GrpcConfigKeys (ConfUtils.java:logGet(46)) - raft.grpc.admin.port = 0 (custom)
2022-11-10 17:27:57,938 [Listener at 127.0.0.1/38511] INFO  grpc.GrpcConfigKeys (ConfUtils.java:logFallback(53)) - raft.grpc.client.host = null (fallback to raft.grpc.server.host)
2022-11-10 17:27:57,939 [Listener at 127.0.0.1/38511] INFO  grpc.GrpcConfigKeys (ConfUtils.java:logGet(46)) - raft.grpc.client.port = 0 (custom)
2022-11-10 17:27:57,939 [Listener at 127.0.0.1/38511] INFO  grpc.GrpcConfigKeys (ConfUtils.java:logGet(46)) - raft.grpc.server.host = null (default)
2022-11-10 17:27:57,939 [Listener at 127.0.0.1/38511] INFO  grpc.GrpcConfigKeys (ConfUtils.java:logGet(46)) - raft.grpc.server.port = 0 (default)
2022-11-10 17:27:57,939 [Listener at 127.0.0.1/38511] INFO  server.GrpcService (ConfUtils.java:logGet(46)) - raft.grpc.message.size.max = 32MB (=33554432) (custom)
2022-11-10 17:27:57,939 [Listener at 127.0.0.1/38511] INFO  server.RaftServerConfigKeys (ConfUtils.java:logGet(46)) - raft.server.log.appender.buffer.byte-limit = 33554432 (custom)
2022-11-10 17:27:57,939 [Listener at 127.0.0.1/38511] INFO  server.GrpcService (ConfUtils.java:logGet(46)) - raft.grpc.flow.control.window = 5MB (=5242880) (custom)
2022-11-10 17:27:57,939 [Listener at 127.0.0.1/38511] INFO  server.RaftServerConfigKeys (ConfUtils.java:logGet(46)) - raft.server.rpc.request.timeout = 60s (custom)
2022-11-10 17:27:57,940 [Listener at 127.0.0.1/38511] INFO  grpc.GrpcConfigKeys (ConfUtils.java:logGet(46)) - raft.grpc.server.heartbeat.channel = true (default)
2022-11-10 17:27:57,940 [Listener at 127.0.0.1/38511] INFO  grpc.GrpcConfigKeys (ConfUtils.java:logGet(46)) - raft.grpc.server.async.request.thread.pool.cached = true (default)
2022-11-10 17:27:57,940 [Listener at 127.0.0.1/38511] INFO  grpc.GrpcConfigKeys (ConfUtils.java:logGet(46)) - raft.grpc.server.async.request.thread.pool.size = 32 (default)
2022-11-10 17:27:57,941 [Listener at 127.0.0.1/38511] INFO  impl.DataStreamServerImpl (ConfUtils.java:logGet(46)) - raft.datastream.type = DISABLED (default)
2022-11-10 17:27:57,941 [Listener at 127.0.0.1/38511] INFO  server.RaftServerConfigKeys (ConfUtils.java:logGet(46)) - raft.server.threadpool.proxy.cached = true (default)
2022-11-10 17:27:57,942 [Listener at 127.0.0.1/38511] INFO  server.RaftServerConfigKeys (ConfUtils.java:logGet(46)) - raft.server.threadpool.proxy.size = 0 (default)
2022-11-10 17:27:57,942 [Listener at 127.0.0.1/38511] INFO  server.RaftServerConfigKeys (ConfUtils.java:logGet(46)) - raft.server.rpc.slowness.timeout = 300s (custom)
2022-11-10 17:27:57,942 [Listener at 127.0.0.1/38511] INFO  server.RaftServerConfigKeys (ConfUtils.java:logGet(46)) - raft.server.leaderelection.leader.step-down.wait-time = 10s (default)
2022-11-10 17:27:57,942 [Listener at 127.0.0.1/38511] INFO  server.RaftServerConfigKeys (ConfUtils.java:logGet(46)) - raft.server.storage.dir = [/home/runner/work/ozone/ozone/hadoop-ozone/integration-test/target/test-dir/MiniOzoneClusterImpl-5e6b204f-6d0c-499e-8bc7-d272478adc61/datanode-3/data/ratis] (custom)
2022-11-10 17:27:57,944 [Listener at 127.0.0.1/38511] INFO  server.XceiverServerGrpc (XceiverServerGrpc.java:<init>(132)) - GrpcServer channel type EpollServerSocketChannel
2022-11-10 17:27:57,948 [Listener at 127.0.0.1/38511] INFO  http.BaseHttpServer (BaseHttpServer.java:newHttpServer2BuilderForOzone(213)) - Starting Web-server for hddsDatanode at: http://0.0.0.0:0
2022-11-10 17:27:57,948 [Listener at 127.0.0.1/38511] INFO  http.BaseHttpServer (BaseHttpServer.java:<init>(108)) - Hadoop Security Enabled: false Ozone Security Enabled: false Ozone HTTP Security Enabled: false 
2022-11-10 17:27:57,949 [Listener at 127.0.0.1/38511] WARN  server.AuthenticationFilter (AuthenticationFilter.java:constructSecretProvider(240)) - Unable to initialize FileSignerSecretProvider, falling back to use random secrets. Reason: Could not read signature secret file: /home/runner/hadoop-http-auth-signature-secret
2022-11-10 17:27:57,952 [Listener at 127.0.0.1/38511] WARN  http.HttpRequestLog (HttpRequestLog.java:getRequestLog(103)) - Jetty request log can only be enabled using Log4j
2022-11-10 17:27:57,954 [Listener at 127.0.0.1/38511] INFO  http.HttpServer2 (HttpServer2.java:addGlobalFilter(1031)) - Added global filter 'safety' (class=org.apache.hadoop.hdds.server.http.HttpServer2$QuotingInputFilter)
2022-11-10 17:27:57,954 [Listener at 127.0.0.1/38511] INFO  http.HttpServer2 (HttpServer2.java:addFilter(1007)) - Added filter static_user_filter (class=org.apache.hadoop.http.lib.StaticUserWebFilter$StaticUserFilter) to context hddsDatanode
2022-11-10 17:27:57,955 [Listener at 127.0.0.1/38511] INFO  http.HttpServer2 (HttpServer2.java:addFilter(1015)) - Added filter static_user_filter (class=org.apache.hadoop.http.lib.StaticUserWebFilter$StaticUserFilter) to context static
2022-11-10 17:27:57,955 [Listener at 127.0.0.1/38511] INFO  http.HttpServer2 (HttpServer2.java:addFilter(1015)) - Added filter static_user_filter (class=org.apache.hadoop.http.lib.StaticUserWebFilter$StaticUserFilter) to context logs
2022-11-10 17:27:57,955 [Listener at 127.0.0.1/38511] INFO  http.HttpServer2 (HttpServer2.java:bindListener(1250)) - Jetty bound to port 34327
2022-11-10 17:27:57,955 [Listener at 127.0.0.1/38511] INFO  server.Server (Server.java:doStart(375)) - jetty-9.4.49.v20220914; built: 2022-09-14T01:07:36.601Z; git: 4231a3b2e4cb8548a412a789936d640a97b1aa0a; jvm 1.8.0_345-b01
2022-11-10 17:27:57,965 [Listener at 127.0.0.1/38511] INFO  server.session (DefaultSessionIdManager.java:doStart(334)) - DefaultSessionIdManager workerName=node0
2022-11-10 17:27:57,965 [Listener at 127.0.0.1/38511] INFO  server.session (DefaultSessionIdManager.java:doStart(339)) - No SessionScavenger set, using defaults
2022-11-10 17:27:57,966 [Listener at 127.0.0.1/38511] INFO  server.session (HouseKeeper.java:startScavenging(132)) - node0 Scavenging every 600000ms
2022-11-10 17:27:57,966 [Listener at 127.0.0.1/38511] INFO  handler.ContextHandler (ContextHandler.java:doStart(921)) - Started o.e.j.s.ServletContextHandler@17a3aa29{logs,/logs,file:///home/runner/work/ozone/ozone/hadoop-ozone/integration-test/target/log,AVAILABLE}
2022-11-10 17:27:57,967 [Listener at 127.0.0.1/38511] INFO  handler.ContextHandler (ContextHandler.java:doStart(921)) - Started o.e.j.s.ServletContextHandler@12ebc4{static,/static,jar:file:/home/runner/.m2/repository/org/apache/ozone/hdds-container-service/1.3.0-SNAPSHOT/hdds-container-service-1.3.0-SNAPSHOT.jar!/webapps/static,AVAILABLE}
2022-11-10 17:27:58,162 [Listener at 127.0.0.1/38511] INFO  handler.ContextHandler (ContextHandler.java:doStart(921)) - Started o.e.j.w.WebAppContext@7578dfd0{hddsDatanode,/,file:///tmp/jetty-0_0_0_0-34327-hdds-container-service-1_3_0-SNAPSHOT_jar-_-any-2109120015176884621/webapp/,AVAILABLE}{jar:file:/home/runner/.m2/repository/org/apache/ozone/hdds-container-service/1.3.0-SNAPSHOT/hdds-container-service-1.3.0-SNAPSHOT.jar!/webapps/hddsDatanode}
2022-11-10 17:27:58,164 [Listener at 127.0.0.1/38511] INFO  server.AbstractConnector (AbstractConnector.java:doStart(333)) - Started ServerConnector@5ac59c34{HTTP/1.1, (http/1.1)}{0.0.0.0:34327}
2022-11-10 17:27:58,164 [Listener at 127.0.0.1/38511] INFO  server.Server (Server.java:doStart(415)) - Started @10659ms
2022-11-10 17:27:58,164 [Listener at 127.0.0.1/38511] WARN  impl.MetricsSystemImpl (MetricsSystemImpl.java:register(279)) - Sink prometheus already exists!
2022-11-10 17:27:58,165 [Listener at 127.0.0.1/38511] INFO  http.BaseHttpServer (BaseHttpServer.java:updateConnectorAddress(333)) - HTTP server of hddsDatanode listening at http://0.0.0.0:34327
2022-11-10 17:27:58,168 [Listener at 127.0.0.1/38511] WARN  impl.MetricRegistriesImpl (MetricRegistriesImpl.java:addReporterRegistration(111)) - New reporters are added after registries were created. Some metrics will be missing from the reporter. Please add reporter before adding any new registry.
2022-11-10 17:27:58,168 [Listener at 127.0.0.1/38511] WARN  impl.MetricRegistriesImpl (MetricRegistriesImpl.java:addReporterRegistration(111)) - New reporters are added after registries were created. Some metrics will be missing from the reporter. Please add reporter before adding any new registry.
2022-11-10 17:27:58,168 [Listener at 127.0.0.1/38511] INFO  impl.MetricsSystemImpl (MetricsSystemImpl.java:init(158)) - HddsDatanode metrics system started (again)
2022-11-10 17:27:58,171 [Datanode State Machine Daemon Thread] INFO  statemachine.DatanodeStateMachine (DatanodeStateMachine.java:lambda$startDaemon$0(505)) - Ozone container server started.
2022-11-10 17:27:58,183 [Listener at 127.0.0.1/38511] INFO  ozone.HddsDatanodeService (HddsDatanodeService.java:start(236)) - HddsDatanodeService host:fv-az77-962.bprubkmdfdkerap53zvqdzdb0e.jx.internal.cloudapp.net ip:10.1.1.193
2022-11-10 17:27:58,183 [org.apache.hadoop.util.JvmPauseMonitor$Monitor@70780e4] INFO  util.JvmPauseMonitor (JvmPauseMonitor.java:run(188)) - Starting JVM pause monitor
2022-11-10 17:27:58,186 [Datanode State Machine Task Thread - 0] INFO  datanode.InitDatanodeState (InitDatanodeState.java:persistContainerDatanodeDetails(138)) - DatanodeDetails is persisted to /home/runner/work/ozone/ozone/hadoop-ozone/integration-test/target/test-dir/MiniOzoneClusterImpl-5e6b204f-6d0c-499e-8bc7-d272478adc61/datanode-3/meta/datanode.id
2022-11-10 17:27:58,209 [Listener at 127.0.0.1/38511] INFO  upgrade.AbstractLayoutVersionManager (AbstractLayoutVersionManager.java:init(83)) - Initializing Layout version manager with metadata layout = DATANODE_SCHEMA_V3 (version = 4), software layout = DATANODE_SCHEMA_V3 (version = 4)
2022-11-10 17:27:58,258 [Listener at 127.0.0.1/38511] INFO  reflections.Reflections (Reflections.java:scan(232)) - Reflections took 48 ms to scan 7 urls, producing 139 keys and 336 values 
2022-11-10 17:27:58,260 [Listener at 127.0.0.1/38511] INFO  statemachine.DatanodeStateMachine (DatanodeStateMachine.java:getEndPointTaskThreadPoolSize(245)) - Datanode State Machine Task Thread Pool size 2
2022-11-10 17:27:58,265 [Listener at 127.0.0.1/38511] INFO  volume.HddsVolume (HddsVolume.java:<init>(117)) - Creating HddsVolume: /home/runner/work/ozone/ozone/hadoop-ozone/integration-test/target/test-dir/MiniOzoneClusterImpl-5e6b204f-6d0c-499e-8bc7-d272478adc61/datanode-4/data-0/containers/hdds of storage type : DISK capacity : 9223372036854775807
2022-11-10 17:27:58,266 [Listener at 127.0.0.1/38511] INFO  volume.MutableVolumeSet (MutableVolumeSet.java:initializeVolumeSet(174)) - Added Volume : /home/runner/work/ozone/ozone/hadoop-ozone/integration-test/target/test-dir/MiniOzoneClusterImpl-5e6b204f-6d0c-499e-8bc7-d272478adc61/datanode-4/data-0/containers/hdds to VolumeSet
2022-11-10 17:27:58,266 [Listener at 127.0.0.1/38511] INFO  volume.ThrottledAsyncChecker (ThrottledAsyncChecker.java:schedule(141)) - Scheduling a check for /home/runner/work/ozone/ozone/hadoop-ozone/integration-test/target/test-dir/MiniOzoneClusterImpl-5e6b204f-6d0c-499e-8bc7-d272478adc61/datanode-4/data-0/containers/hdds
2022-11-10 17:27:58,268 [Listener at 127.0.0.1/38511] INFO  volume.StorageVolumeChecker (StorageVolumeChecker.java:checkAllVolumes(202)) - Scheduled health check for volume /home/runner/work/ozone/ozone/hadoop-ozone/integration-test/target/test-dir/MiniOzoneClusterImpl-5e6b204f-6d0c-499e-8bc7-d272478adc61/datanode-4/data-0/containers/hdds
2022-11-10 17:27:58,280 [Listener at 127.0.0.1/38511] INFO  volume.MutableVolumeSet (MutableVolumeSet.java:initializeVolumeSet(174)) - Added Volume : /home/runner/work/ozone/ozone/hadoop-ozone/integration-test/target/test-dir/MiniOzoneClusterImpl-5e6b204f-6d0c-499e-8bc7-d272478adc61/datanode-4/data/ratis to VolumeSet
2022-11-10 17:27:58,280 [Listener at 127.0.0.1/38511] INFO  volume.ThrottledAsyncChecker (ThrottledAsyncChecker.java:schedule(141)) - Scheduling a check for /home/runner/work/ozone/ozone/hadoop-ozone/integration-test/target/test-dir/MiniOzoneClusterImpl-5e6b204f-6d0c-499e-8bc7-d272478adc61/datanode-4/data/ratis
2022-11-10 17:27:58,281 [Listener at 127.0.0.1/38511] INFO  volume.StorageVolumeChecker (StorageVolumeChecker.java:checkAllVolumes(202)) - Scheduled health check for volume /home/runner/work/ozone/ozone/hadoop-ozone/integration-test/target/test-dir/MiniOzoneClusterImpl-5e6b204f-6d0c-499e-8bc7-d272478adc61/datanode-4/data/ratis
2022-11-10 17:27:58,293 [Thread-190] INFO  ozoneimpl.ContainerReader (ContainerReader.java:readVolume(175)) - Finish verifying containers on volume /home/runner/work/ozone/ozone/hadoop-ozone/integration-test/target/test-dir/MiniOzoneClusterImpl-5e6b204f-6d0c-499e-8bc7-d272478adc61/datanode-4/data-0/containers/hdds
2022-11-10 17:27:58,293 [Listener at 127.0.0.1/38511] INFO  ozoneimpl.OzoneContainer (OzoneContainer.java:buildContainerSet(300)) - Build ContainerSet costs 0s
2022-11-10 17:27:58,296 [Listener at 127.0.0.1/38511] INFO  server.RaftServer (ConfUtils.java:logGet(46)) - raft.rpc.type = GRPC (default)
2022-11-10 17:27:58,297 [Listener at 127.0.0.1/38511] INFO  grpc.GrpcConfigKeys (ConfUtils.java:logFallback(53)) - raft.grpc.admin.host = null (fallback to raft.grpc.server.host)
2022-11-10 17:27:58,297 [Listener at 127.0.0.1/38511] INFO  grpc.GrpcConfigKeys (ConfUtils.java:logGet(46)) - raft.grpc.admin.port = 0 (custom)
2022-11-10 17:27:58,297 [Listener at 127.0.0.1/38511] INFO  grpc.GrpcConfigKeys (ConfUtils.java:logFallback(53)) - raft.grpc.client.host = null (fallback to raft.grpc.server.host)
2022-11-10 17:27:58,297 [Listener at 127.0.0.1/38511] INFO  grpc.GrpcConfigKeys (ConfUtils.java:logGet(46)) - raft.grpc.client.port = 0 (custom)
2022-11-10 17:27:58,297 [Listener at 127.0.0.1/38511] INFO  grpc.GrpcConfigKeys (ConfUtils.java:logGet(46)) - raft.grpc.server.host = null (default)
2022-11-10 17:27:58,297 [Listener at 127.0.0.1/38511] INFO  grpc.GrpcConfigKeys (ConfUtils.java:logGet(46)) - raft.grpc.server.port = 0 (default)
2022-11-10 17:27:58,297 [Listener at 127.0.0.1/38511] INFO  server.GrpcService (ConfUtils.java:logGet(46)) - raft.grpc.message.size.max = 32MB (=33554432) (custom)
2022-11-10 17:27:58,298 [Listener at 127.0.0.1/38511] INFO  server.RaftServerConfigKeys (ConfUtils.java:logGet(46)) - raft.server.log.appender.buffer.byte-limit = 33554432 (custom)
2022-11-10 17:27:58,298 [Listener at 127.0.0.1/38511] INFO  server.GrpcService (ConfUtils.java:logGet(46)) - raft.grpc.flow.control.window = 5MB (=5242880) (custom)
2022-11-10 17:27:58,298 [Listener at 127.0.0.1/38511] INFO  server.RaftServerConfigKeys (ConfUtils.java:logGet(46)) - raft.server.rpc.request.timeout = 60s (custom)
2022-11-10 17:27:58,298 [Listener at 127.0.0.1/38511] INFO  grpc.GrpcConfigKeys (ConfUtils.java:logGet(46)) - raft.grpc.server.heartbeat.channel = true (default)
2022-11-10 17:27:58,298 [Listener at 127.0.0.1/38511] INFO  grpc.GrpcConfigKeys (ConfUtils.java:logGet(46)) - raft.grpc.server.async.request.thread.pool.cached = true (default)
2022-11-10 17:27:58,298 [Listener at 127.0.0.1/38511] INFO  grpc.GrpcConfigKeys (ConfUtils.java:logGet(46)) - raft.grpc.server.async.request.thread.pool.size = 32 (default)
2022-11-10 17:27:58,300 [Listener at 127.0.0.1/38511] INFO  impl.DataStreamServerImpl (ConfUtils.java:logGet(46)) - raft.datastream.type = DISABLED (default)
2022-11-10 17:27:58,300 [Listener at 127.0.0.1/38511] INFO  server.RaftServerConfigKeys (ConfUtils.java:logGet(46)) - raft.server.threadpool.proxy.cached = true (default)
2022-11-10 17:27:58,300 [Listener at 127.0.0.1/38511] INFO  server.RaftServerConfigKeys (ConfUtils.java:logGet(46)) - raft.server.threadpool.proxy.size = 0 (default)
2022-11-10 17:27:58,300 [Listener at 127.0.0.1/38511] INFO  server.RaftServerConfigKeys (ConfUtils.java:logGet(46)) - raft.server.rpc.slowness.timeout = 300s (custom)
2022-11-10 17:27:58,300 [Listener at 127.0.0.1/38511] INFO  server.RaftServerConfigKeys (ConfUtils.java:logGet(46)) - raft.server.leaderelection.leader.step-down.wait-time = 10s (default)
2022-11-10 17:27:58,300 [Listener at 127.0.0.1/38511] INFO  server.RaftServerConfigKeys (ConfUtils.java:logGet(46)) - raft.server.storage.dir = [/home/runner/work/ozone/ozone/hadoop-ozone/integration-test/target/test-dir/MiniOzoneClusterImpl-5e6b204f-6d0c-499e-8bc7-d272478adc61/datanode-4/data/ratis] (custom)
2022-11-10 17:27:58,302 [Listener at 127.0.0.1/38511] INFO  server.XceiverServerGrpc (XceiverServerGrpc.java:<init>(132)) - GrpcServer channel type EpollServerSocketChannel
2022-11-10 17:27:58,309 [Listener at 127.0.0.1/38511] INFO  http.BaseHttpServer (BaseHttpServer.java:newHttpServer2BuilderForOzone(213)) - Starting Web-server for hddsDatanode at: http://0.0.0.0:0
2022-11-10 17:27:58,309 [Listener at 127.0.0.1/38511] INFO  http.BaseHttpServer (BaseHttpServer.java:<init>(108)) - Hadoop Security Enabled: false Ozone Security Enabled: false Ozone HTTP Security Enabled: false 
2022-11-10 17:27:58,310 [Listener at 127.0.0.1/38511] WARN  server.AuthenticationFilter (AuthenticationFilter.java:constructSecretProvider(240)) - Unable to initialize FileSignerSecretProvider, falling back to use random secrets. Reason: Could not read signature secret file: /home/runner/hadoop-http-auth-signature-secret
2022-11-10 17:27:58,311 [Listener at 127.0.0.1/38511] WARN  http.HttpRequestLog (HttpRequestLog.java:getRequestLog(103)) - Jetty request log can only be enabled using Log4j
2022-11-10 17:27:58,313 [Listener at 127.0.0.1/38511] INFO  http.HttpServer2 (HttpServer2.java:addGlobalFilter(1031)) - Added global filter 'safety' (class=org.apache.hadoop.hdds.server.http.HttpServer2$QuotingInputFilter)
2022-11-10 17:27:58,314 [Listener at 127.0.0.1/38511] INFO  http.HttpServer2 (HttpServer2.java:addFilter(1007)) - Added filter static_user_filter (class=org.apache.hadoop.http.lib.StaticUserWebFilter$StaticUserFilter) to context hddsDatanode
2022-11-10 17:27:58,314 [Listener at 127.0.0.1/38511] INFO  http.HttpServer2 (HttpServer2.java:addFilter(1015)) - Added filter static_user_filter (class=org.apache.hadoop.http.lib.StaticUserWebFilter$StaticUserFilter) to context static
2022-11-10 17:27:58,314 [Listener at 127.0.0.1/38511] INFO  http.HttpServer2 (HttpServer2.java:addFilter(1015)) - Added filter static_user_filter (class=org.apache.hadoop.http.lib.StaticUserWebFilter$StaticUserFilter) to context logs
2022-11-10 17:27:58,315 [Listener at 127.0.0.1/38511] INFO  http.HttpServer2 (HttpServer2.java:bindListener(1250)) - Jetty bound to port 40295
2022-11-10 17:27:58,315 [Listener at 127.0.0.1/38511] INFO  server.Server (Server.java:doStart(375)) - jetty-9.4.49.v20220914; built: 2022-09-14T01:07:36.601Z; git: 4231a3b2e4cb8548a412a789936d640a97b1aa0a; jvm 1.8.0_345-b01
2022-11-10 17:27:58,334 [Listener at 127.0.0.1/38511] INFO  server.session (DefaultSessionIdManager.java:doStart(334)) - DefaultSessionIdManager workerName=node0
2022-11-10 17:27:58,335 [Listener at 127.0.0.1/38511] INFO  server.session (DefaultSessionIdManager.java:doStart(339)) - No SessionScavenger set, using defaults
2022-11-10 17:27:58,335 [Listener at 127.0.0.1/38511] INFO  server.session (HouseKeeper.java:startScavenging(132)) - node0 Scavenging every 600000ms
2022-11-10 17:27:58,336 [Listener at 127.0.0.1/38511] INFO  handler.ContextHandler (ContextHandler.java:doStart(921)) - Started o.e.j.s.ServletContextHandler@54ff3774{logs,/logs,file:///home/runner/work/ozone/ozone/hadoop-ozone/integration-test/target/log,AVAILABLE}
2022-11-10 17:27:58,336 [Listener at 127.0.0.1/38511] INFO  handler.ContextHandler (ContextHandler.java:doStart(921)) - Started o.e.j.s.ServletContextHandler@5adda598{static,/static,jar:file:/home/runner/.m2/repository/org/apache/ozone/hdds-container-service/1.3.0-SNAPSHOT/hdds-container-service-1.3.0-SNAPSHOT.jar!/webapps/static,AVAILABLE}
2022-11-10 17:27:58,527 [Listener at 127.0.0.1/38511] INFO  handler.ContextHandler (ContextHandler.java:doStart(921)) - Started o.e.j.w.WebAppContext@54db0281{hddsDatanode,/,file:///tmp/jetty-0_0_0_0-40295-hdds-container-service-1_3_0-SNAPSHOT_jar-_-any-2081791795819851227/webapp/,AVAILABLE}{jar:file:/home/runner/.m2/repository/org/apache/ozone/hdds-container-service/1.3.0-SNAPSHOT/hdds-container-service-1.3.0-SNAPSHOT.jar!/webapps/hddsDatanode}
2022-11-10 17:27:58,529 [Listener at 127.0.0.1/38511] INFO  server.AbstractConnector (AbstractConnector.java:doStart(333)) - Started ServerConnector@33ebc1d5{HTTP/1.1, (http/1.1)}{0.0.0.0:40295}
2022-11-10 17:27:58,529 [Listener at 127.0.0.1/38511] INFO  server.Server (Server.java:doStart(415)) - Started @11025ms
2022-11-10 17:27:58,529 [Listener at 127.0.0.1/38511] WARN  impl.MetricsSystemImpl (MetricsSystemImpl.java:register(279)) - Sink prometheus already exists!
2022-11-10 17:27:58,530 [Listener at 127.0.0.1/38511] INFO  http.BaseHttpServer (BaseHttpServer.java:updateConnectorAddress(333)) - HTTP server of hddsDatanode listening at http://0.0.0.0:40295
2022-11-10 17:27:58,531 [Datanode State Machine Daemon Thread] INFO  statemachine.DatanodeStateMachine (DatanodeStateMachine.java:lambda$startDaemon$0(505)) - Ozone container server started.
2022-11-10 17:27:58,531 [Listener at 127.0.0.1/38511] WARN  impl.MetricRegistriesImpl (MetricRegistriesImpl.java:addReporterRegistration(111)) - New reporters are added after registries were created. Some metrics will be missing from the reporter. Please add reporter before adding any new registry.
2022-11-10 17:27:58,532 [Listener at 127.0.0.1/38511] WARN  impl.MetricRegistriesImpl (MetricRegistriesImpl.java:addReporterRegistration(111)) - New reporters are added after registries were created. Some metrics will be missing from the reporter. Please add reporter before adding any new registry.
2022-11-10 17:27:58,532 [Listener at 127.0.0.1/38511] INFO  impl.MetricsSystemImpl (MetricsSystemImpl.java:init(158)) - HddsDatanode metrics system started (again)
2022-11-10 17:27:58,544 [org.apache.hadoop.util.JvmPauseMonitor$Monitor@26893165] INFO  util.JvmPauseMonitor (JvmPauseMonitor.java:run(188)) - Starting JVM pause monitor
2022-11-10 17:27:58,545 [Listener at 127.0.0.1/38511] INFO  ozone.HddsDatanodeService (HddsDatanodeService.java:start(236)) - HddsDatanodeService host:fv-az77-962.bprubkmdfdkerap53zvqdzdb0e.jx.internal.cloudapp.net ip:10.1.1.193
2022-11-10 17:27:58,555 [Datanode State Machine Task Thread - 0] INFO  datanode.InitDatanodeState (InitDatanodeState.java:persistContainerDatanodeDetails(138)) - DatanodeDetails is persisted to /home/runner/work/ozone/ozone/hadoop-ozone/integration-test/target/test-dir/MiniOzoneClusterImpl-5e6b204f-6d0c-499e-8bc7-d272478adc61/datanode-4/meta/datanode.id
2022-11-10 17:27:58,566 [Listener at 127.0.0.1/38511] INFO  upgrade.AbstractLayoutVersionManager (AbstractLayoutVersionManager.java:init(83)) - Initializing Layout version manager with metadata layout = DATANODE_SCHEMA_V3 (version = 4), software layout = DATANODE_SCHEMA_V3 (version = 4)
2022-11-10 17:27:58,616 [Listener at 127.0.0.1/38511] INFO  reflections.Reflections (Reflections.java:scan(232)) - Reflections took 48 ms to scan 7 urls, producing 139 keys and 336 values 
2022-11-10 17:27:58,618 [Listener at 127.0.0.1/38511] INFO  statemachine.DatanodeStateMachine (DatanodeStateMachine.java:getEndPointTaskThreadPoolSize(245)) - Datanode State Machine Task Thread Pool size 2
2022-11-10 17:27:58,621 [Listener at 127.0.0.1/38511] INFO  volume.HddsVolume (HddsVolume.java:<init>(117)) - Creating HddsVolume: /home/runner/work/ozone/ozone/hadoop-ozone/integration-test/target/test-dir/MiniOzoneClusterImpl-5e6b204f-6d0c-499e-8bc7-d272478adc61/datanode-5/data-0/containers/hdds of storage type : DISK capacity : 9223372036854775807
2022-11-10 17:27:58,621 [Listener at 127.0.0.1/38511] INFO  volume.MutableVolumeSet (MutableVolumeSet.java:initializeVolumeSet(174)) - Added Volume : /home/runner/work/ozone/ozone/hadoop-ozone/integration-test/target/test-dir/MiniOzoneClusterImpl-5e6b204f-6d0c-499e-8bc7-d272478adc61/datanode-5/data-0/containers/hdds to VolumeSet
2022-11-10 17:27:58,621 [Listener at 127.0.0.1/38511] INFO  volume.ThrottledAsyncChecker (ThrottledAsyncChecker.java:schedule(141)) - Scheduling a check for /home/runner/work/ozone/ozone/hadoop-ozone/integration-test/target/test-dir/MiniOzoneClusterImpl-5e6b204f-6d0c-499e-8bc7-d272478adc61/datanode-5/data-0/containers/hdds
2022-11-10 17:27:58,629 [Listener at 127.0.0.1/38511] INFO  volume.StorageVolumeChecker (StorageVolumeChecker.java:checkAllVolumes(202)) - Scheduled health check for volume /home/runner/work/ozone/ozone/hadoop-ozone/integration-test/target/test-dir/MiniOzoneClusterImpl-5e6b204f-6d0c-499e-8bc7-d272478adc61/datanode-5/data-0/containers/hdds
2022-11-10 17:27:58,642 [Listener at 127.0.0.1/38511] INFO  volume.MutableVolumeSet (MutableVolumeSet.java:initializeVolumeSet(174)) - Added Volume : /home/runner/work/ozone/ozone/hadoop-ozone/integration-test/target/test-dir/MiniOzoneClusterImpl-5e6b204f-6d0c-499e-8bc7-d272478adc61/datanode-5/data/ratis to VolumeSet
2022-11-10 17:27:58,642 [Listener at 127.0.0.1/38511] INFO  volume.ThrottledAsyncChecker (ThrottledAsyncChecker.java:schedule(141)) - Scheduling a check for /home/runner/work/ozone/ozone/hadoop-ozone/integration-test/target/test-dir/MiniOzoneClusterImpl-5e6b204f-6d0c-499e-8bc7-d272478adc61/datanode-5/data/ratis
2022-11-10 17:27:58,642 [Listener at 127.0.0.1/38511] INFO  volume.StorageVolumeChecker (StorageVolumeChecker.java:checkAllVolumes(202)) - Scheduled health check for volume /home/runner/work/ozone/ozone/hadoop-ozone/integration-test/target/test-dir/MiniOzoneClusterImpl-5e6b204f-6d0c-499e-8bc7-d272478adc61/datanode-5/data/ratis
2022-11-10 17:27:58,654 [Thread-203] INFO  ozoneimpl.ContainerReader (ContainerReader.java:readVolume(175)) - Finish verifying containers on volume /home/runner/work/ozone/ozone/hadoop-ozone/integration-test/target/test-dir/MiniOzoneClusterImpl-5e6b204f-6d0c-499e-8bc7-d272478adc61/datanode-5/data-0/containers/hdds
2022-11-10 17:27:58,654 [Listener at 127.0.0.1/38511] INFO  ozoneimpl.OzoneContainer (OzoneContainer.java:buildContainerSet(300)) - Build ContainerSet costs 0s
2022-11-10 17:27:58,657 [Listener at 127.0.0.1/38511] INFO  server.RaftServer (ConfUtils.java:logGet(46)) - raft.rpc.type = GRPC (default)
2022-11-10 17:27:58,658 [Listener at 127.0.0.1/38511] INFO  grpc.GrpcConfigKeys (ConfUtils.java:logFallback(53)) - raft.grpc.admin.host = null (fallback to raft.grpc.server.host)
2022-11-10 17:27:58,658 [Listener at 127.0.0.1/38511] INFO  grpc.GrpcConfigKeys (ConfUtils.java:logGet(46)) - raft.grpc.admin.port = 0 (custom)
2022-11-10 17:27:58,658 [Listener at 127.0.0.1/38511] INFO  grpc.GrpcConfigKeys (ConfUtils.java:logFallback(53)) - raft.grpc.client.host = null (fallback to raft.grpc.server.host)
2022-11-10 17:27:58,658 [Listener at 127.0.0.1/38511] INFO  grpc.GrpcConfigKeys (ConfUtils.java:logGet(46)) - raft.grpc.client.port = 0 (custom)
2022-11-10 17:27:58,658 [Listener at 127.0.0.1/38511] INFO  grpc.GrpcConfigKeys (ConfUtils.java:logGet(46)) - raft.grpc.server.host = null (default)
2022-11-10 17:27:58,658 [Listener at 127.0.0.1/38511] INFO  grpc.GrpcConfigKeys (ConfUtils.java:logGet(46)) - raft.grpc.server.port = 0 (default)
2022-11-10 17:27:58,658 [Listener at 127.0.0.1/38511] INFO  server.GrpcService (ConfUtils.java:logGet(46)) - raft.grpc.message.size.max = 32MB (=33554432) (custom)
2022-11-10 17:27:58,658 [Listener at 127.0.0.1/38511] INFO  server.RaftServerConfigKeys (ConfUtils.java:logGet(46)) - raft.server.log.appender.buffer.byte-limit = 33554432 (custom)
2022-11-10 17:27:58,659 [Listener at 127.0.0.1/38511] INFO  server.GrpcService (ConfUtils.java:logGet(46)) - raft.grpc.flow.control.window = 5MB (=5242880) (custom)
2022-11-10 17:27:58,659 [Listener at 127.0.0.1/38511] INFO  server.RaftServerConfigKeys (ConfUtils.java:logGet(46)) - raft.server.rpc.request.timeout = 60s (custom)
2022-11-10 17:27:58,659 [Listener at 127.0.0.1/38511] INFO  grpc.GrpcConfigKeys (ConfUtils.java:logGet(46)) - raft.grpc.server.heartbeat.channel = true (default)
2022-11-10 17:27:58,659 [Listener at 127.0.0.1/38511] INFO  grpc.GrpcConfigKeys (ConfUtils.java:logGet(46)) - raft.grpc.server.async.request.thread.pool.cached = true (default)
2022-11-10 17:27:58,659 [Listener at 127.0.0.1/38511] INFO  grpc.GrpcConfigKeys (ConfUtils.java:logGet(46)) - raft.grpc.server.async.request.thread.pool.size = 32 (default)
2022-11-10 17:27:58,660 [Listener at 127.0.0.1/38511] INFO  impl.DataStreamServerImpl (ConfUtils.java:logGet(46)) - raft.datastream.type = DISABLED (default)
2022-11-10 17:27:58,660 [Listener at 127.0.0.1/38511] INFO  server.RaftServerConfigKeys (ConfUtils.java:logGet(46)) - raft.server.threadpool.proxy.cached = true (default)
2022-11-10 17:27:58,661 [Listener at 127.0.0.1/38511] INFO  server.RaftServerConfigKeys (ConfUtils.java:logGet(46)) - raft.server.threadpool.proxy.size = 0 (default)
2022-11-10 17:27:58,661 [Listener at 127.0.0.1/38511] INFO  server.RaftServerConfigKeys (ConfUtils.java:logGet(46)) - raft.server.rpc.slowness.timeout = 300s (custom)
2022-11-10 17:27:58,661 [Listener at 127.0.0.1/38511] INFO  server.RaftServerConfigKeys (ConfUtils.java:logGet(46)) - raft.server.leaderelection.leader.step-down.wait-time = 10s (default)
2022-11-10 17:27:58,661 [Listener at 127.0.0.1/38511] INFO  server.RaftServerConfigKeys (ConfUtils.java:logGet(46)) - raft.server.storage.dir = [/home/runner/work/ozone/ozone/hadoop-ozone/integration-test/target/test-dir/MiniOzoneClusterImpl-5e6b204f-6d0c-499e-8bc7-d272478adc61/datanode-5/data/ratis] (custom)
2022-11-10 17:27:58,665 [Listener at 127.0.0.1/38511] INFO  server.XceiverServerGrpc (XceiverServerGrpc.java:<init>(132)) - GrpcServer channel type EpollServerSocketChannel
2022-11-10 17:27:58,669 [Listener at 127.0.0.1/38511] INFO  http.BaseHttpServer (BaseHttpServer.java:newHttpServer2BuilderForOzone(213)) - Starting Web-server for hddsDatanode at: http://0.0.0.0:0
2022-11-10 17:27:58,669 [Listener at 127.0.0.1/38511] INFO  http.BaseHttpServer (BaseHttpServer.java:<init>(108)) - Hadoop Security Enabled: false Ozone Security Enabled: false Ozone HTTP Security Enabled: false 
2022-11-10 17:27:58,670 [Listener at 127.0.0.1/38511] WARN  server.AuthenticationFilter (AuthenticationFilter.java:constructSecretProvider(240)) - Unable to initialize FileSignerSecretProvider, falling back to use random secrets. Reason: Could not read signature secret file: /home/runner/hadoop-http-auth-signature-secret
2022-11-10 17:27:58,672 [Listener at 127.0.0.1/38511] WARN  http.HttpRequestLog (HttpRequestLog.java:getRequestLog(103)) - Jetty request log can only be enabled using Log4j
2022-11-10 17:27:58,673 [Listener at 127.0.0.1/38511] INFO  http.HttpServer2 (HttpServer2.java:addGlobalFilter(1031)) - Added global filter 'safety' (class=org.apache.hadoop.hdds.server.http.HttpServer2$QuotingInputFilter)
2022-11-10 17:27:58,674 [Listener at 127.0.0.1/38511] INFO  http.HttpServer2 (HttpServer2.java:addFilter(1007)) - Added filter static_user_filter (class=org.apache.hadoop.http.lib.StaticUserWebFilter$StaticUserFilter) to context hddsDatanode
2022-11-10 17:27:58,674 [Listener at 127.0.0.1/38511] INFO  http.HttpServer2 (HttpServer2.java:addFilter(1015)) - Added filter static_user_filter (class=org.apache.hadoop.http.lib.StaticUserWebFilter$StaticUserFilter) to context logs
2022-11-10 17:27:58,674 [Listener at 127.0.0.1/38511] INFO  http.HttpServer2 (HttpServer2.java:addFilter(1015)) - Added filter static_user_filter (class=org.apache.hadoop.http.lib.StaticUserWebFilter$StaticUserFilter) to context static
2022-11-10 17:27:58,675 [Listener at 127.0.0.1/38511] INFO  http.HttpServer2 (HttpServer2.java:bindListener(1250)) - Jetty bound to port 43943
2022-11-10 17:27:58,675 [Listener at 127.0.0.1/38511] INFO  server.Server (Server.java:doStart(375)) - jetty-9.4.49.v20220914; built: 2022-09-14T01:07:36.601Z; git: 4231a3b2e4cb8548a412a789936d640a97b1aa0a; jvm 1.8.0_345-b01
2022-11-10 17:27:58,677 [Listener at 127.0.0.1/38511] INFO  server.session (DefaultSessionIdManager.java:doStart(334)) - DefaultSessionIdManager workerName=node0
2022-11-10 17:27:58,677 [Listener at 127.0.0.1/38511] INFO  server.session (DefaultSessionIdManager.java:doStart(339)) - No SessionScavenger set, using defaults
2022-11-10 17:27:58,677 [Listener at 127.0.0.1/38511] INFO  server.session (HouseKeeper.java:startScavenging(132)) - node0 Scavenging every 600000ms
2022-11-10 17:27:58,678 [Listener at 127.0.0.1/38511] INFO  handler.ContextHandler (ContextHandler.java:doStart(921)) - Started o.e.j.s.ServletContextHandler@39d73eea{logs,/logs,file:///home/runner/work/ozone/ozone/hadoop-ozone/integration-test/target/log,AVAILABLE}
2022-11-10 17:27:58,679 [Listener at 127.0.0.1/38511] INFO  handler.ContextHandler (ContextHandler.java:doStart(921)) - Started o.e.j.s.ServletContextHandler@25dc0c61{static,/static,jar:file:/home/runner/.m2/repository/org/apache/ozone/hdds-container-service/1.3.0-SNAPSHOT/hdds-container-service-1.3.0-SNAPSHOT.jar!/webapps/static,AVAILABLE}
2022-11-10 17:27:58,897 [Listener at 127.0.0.1/38511] INFO  handler.ContextHandler (ContextHandler.java:doStart(921)) - Started o.e.j.w.WebAppContext@71b11ddb{hddsDatanode,/,file:///tmp/jetty-0_0_0_0-43943-hdds-container-service-1_3_0-SNAPSHOT_jar-_-any-1954614869768856949/webapp/,AVAILABLE}{jar:file:/home/runner/.m2/repository/org/apache/ozone/hdds-container-service/1.3.0-SNAPSHOT/hdds-container-service-1.3.0-SNAPSHOT.jar!/webapps/hddsDatanode}
2022-11-10 17:27:58,900 [Listener at 127.0.0.1/38511] INFO  server.AbstractConnector (AbstractConnector.java:doStart(333)) - Started ServerConnector@62df22d5{HTTP/1.1, (http/1.1)}{0.0.0.0:43943}
2022-11-10 17:27:58,900 [Listener at 127.0.0.1/38511] INFO  server.Server (Server.java:doStart(415)) - Started @11396ms
2022-11-10 17:27:58,900 [Listener at 127.0.0.1/38511] WARN  impl.MetricsSystemImpl (MetricsSystemImpl.java:register(279)) - Sink prometheus already exists!
2022-11-10 17:27:58,901 [Listener at 127.0.0.1/38511] INFO  http.BaseHttpServer (BaseHttpServer.java:updateConnectorAddress(333)) - HTTP server of hddsDatanode listening at http://0.0.0.0:43943
2022-11-10 17:27:58,901 [Listener at 127.0.0.1/38511] WARN  impl.MetricRegistriesImpl (MetricRegistriesImpl.java:addReporterRegistration(111)) - New reporters are added after registries were created. Some metrics will be missing from the reporter. Please add reporter before adding any new registry.
2022-11-10 17:27:58,902 [Listener at 127.0.0.1/38511] WARN  impl.MetricRegistriesImpl (MetricRegistriesImpl.java:addReporterRegistration(111)) - New reporters are added after registries were created. Some metrics will be missing from the reporter. Please add reporter before adding any new registry.
2022-11-10 17:27:58,902 [Listener at 127.0.0.1/38511] INFO  impl.MetricsSystemImpl (MetricsSystemImpl.java:init(158)) - HddsDatanode metrics system started (again)
2022-11-10 17:27:58,913 [Datanode State Machine Daemon Thread] INFO  statemachine.DatanodeStateMachine (DatanodeStateMachine.java:lambda$startDaemon$0(505)) - Ozone container server started.
2022-11-10 17:27:58,928 [org.apache.hadoop.util.JvmPauseMonitor$Monitor@34e67a5b] INFO  util.JvmPauseMonitor (JvmPauseMonitor.java:run(188)) - Starting JVM pause monitor
2022-11-10 17:27:58,930 [Datanode State Machine Task Thread - 0] INFO  datanode.InitDatanodeState (InitDatanodeState.java:persistContainerDatanodeDetails(138)) - DatanodeDetails is persisted to /home/runner/work/ozone/ozone/hadoop-ozone/integration-test/target/test-dir/MiniOzoneClusterImpl-5e6b204f-6d0c-499e-8bc7-d272478adc61/datanode-5/meta/datanode.id
2022-11-10 17:27:58,951 [Listener at 127.0.0.1/38511] INFO  ozone.HddsDatanodeService (HddsDatanodeService.java:start(236)) - HddsDatanodeService host:fv-az77-962.bprubkmdfdkerap53zvqdzdb0e.jx.internal.cloudapp.net ip:10.1.1.193
2022-11-10 17:27:58,961 [EndpointStateMachine task thread for /0.0.0.0:45429 - 0 ] INFO  utils.DatanodeStoreCache (DatanodeStoreCache.java:addDB(58)) - Added db /home/runner/work/ozone/ozone/hadoop-ozone/integration-test/target/test-dir/MiniOzoneClusterImpl-5e6b204f-6d0c-499e-8bc7-d272478adc61/datanode-0/data-0/containers/hdds/5e6b204f-6d0c-499e-8bc7-d272478adc61/DS-05f2fcbf-5126-431e-a034-68a02418be8c/container.db to cache
2022-11-10 17:27:58,961 [EndpointStateMachine task thread for /0.0.0.0:45429 - 0 ] INFO  volume.HddsVolume (HddsVolume.java:createDbStore(307)) - SchemaV3 db is created and loaded at /home/runner/work/ozone/ozone/hadoop-ozone/integration-test/target/test-dir/MiniOzoneClusterImpl-5e6b204f-6d0c-499e-8bc7-d272478adc61/datanode-0/data-0/containers/hdds/5e6b204f-6d0c-499e-8bc7-d272478adc61/DS-05f2fcbf-5126-431e-a034-68a02418be8c/container.db for volume DS-05f2fcbf-5126-431e-a034-68a02418be8c
2022-11-10 17:27:58,966 [EndpointStateMachine task thread for /0.0.0.0:45429 - 0 ] INFO  ozoneimpl.OzoneContainer (OzoneContainer.java:start(378)) - Attempting to start container services.
2022-11-10 17:27:58,968 [EndpointStateMachine task thread for /0.0.0.0:45429 - 0 ] INFO  ozoneimpl.OzoneContainer (OzoneContainer.java:startContainerScrub(313)) - Background container scanner has been disabled.
2022-11-10 17:27:58,971 [EndpointStateMachine task thread for /0.0.0.0:45429 - 0 ] INFO  replication.ReplicationServer (ReplicationServer.java:start(111)) - ReplicationServer is started using port 38953
2022-11-10 17:27:58,974 [EndpointStateMachine task thread for /0.0.0.0:45429 - 0 ] INFO  ratis.XceiverServerRatis (XceiverServerRatis.java:start(481)) - Starting XceiverServerRatis f55ec62f-fc83-4b90-9ad3-211b23c840f1
2022-11-10 17:27:58,975 [EndpointStateMachine task thread for /0.0.0.0:45429 - 0 ] INFO  server.RaftServer (RaftServerProxy.java:startImpl(393)) - f55ec62f-fc83-4b90-9ad3-211b23c840f1: start RPC server
2022-11-10 17:27:58,983 [EndpointStateMachine task thread for /0.0.0.0:45429 - 0 ] INFO  server.GrpcService (GrpcService.java:startImpl(270)) - f55ec62f-fc83-4b90-9ad3-211b23c840f1: GrpcService started, listening on 36009
2022-11-10 17:27:58,984 [EndpointStateMachine task thread for /0.0.0.0:45429 - 0 ] INFO  ratis.XceiverServerRatis (XceiverServerRatis.java:getRealPort(502)) - XceiverServerRatis f55ec62f-fc83-4b90-9ad3-211b23c840f1 is started using port 36009 for RATIS
2022-11-10 17:27:58,984 [EndpointStateMachine task thread for /0.0.0.0:45429 - 0 ] INFO  ratis.XceiverServerRatis (XceiverServerRatis.java:getRealPort(502)) - XceiverServerRatis f55ec62f-fc83-4b90-9ad3-211b23c840f1 is started using port 36009 for RATIS_ADMIN
2022-11-10 17:27:58,984 [EndpointStateMachine task thread for /0.0.0.0:45429 - 0 ] INFO  ratis.XceiverServerRatis (XceiverServerRatis.java:getRealPort(502)) - XceiverServerRatis f55ec62f-fc83-4b90-9ad3-211b23c840f1 is started using port 36009 for RATIS_SERVER
2022-11-10 17:27:58,988 [Listener at 127.0.0.1/38511] INFO  upgrade.AbstractLayoutVersionManager (AbstractLayoutVersionManager.java:init(83)) - Initializing Layout version manager with metadata layout = DATANODE_SCHEMA_V3 (version = 4), software layout = DATANODE_SCHEMA_V3 (version = 4)
2022-11-10 17:27:58,985 [JvmPauseMonitor1] INFO  util.JvmPauseMonitor (JvmPauseMonitor.java:run(105)) - JvmPauseMonitor-f55ec62f-fc83-4b90-9ad3-211b23c840f1: Started
2022-11-10 17:27:58,993 [EndpointStateMachine task thread for /0.0.0.0:45429 - 0 ] INFO  server.XceiverServerGrpc (XceiverServerGrpc.java:start(180)) - XceiverServerGrpc f55ec62f-fc83-4b90-9ad3-211b23c840f1 is started using port 36483
2022-11-10 17:27:59,054 [Listener at 127.0.0.1/38511] INFO  reflections.Reflections (Reflections.java:scan(232)) - Reflections took 65 ms to scan 7 urls, producing 139 keys and 336 values 
2022-11-10 17:27:59,056 [Listener at 127.0.0.1/38511] INFO  statemachine.DatanodeStateMachine (DatanodeStateMachine.java:getEndPointTaskThreadPoolSize(245)) - Datanode State Machine Task Thread Pool size 2
2022-11-10 17:27:59,058 [Listener at 127.0.0.1/38511] INFO  volume.HddsVolume (HddsVolume.java:<init>(117)) - Creating HddsVolume: /home/runner/work/ozone/ozone/hadoop-ozone/integration-test/target/test-dir/MiniOzoneClusterImpl-5e6b204f-6d0c-499e-8bc7-d272478adc61/datanode-6/data-0/containers/hdds of storage type : DISK capacity : 9223372036854775807
2022-11-10 17:27:59,058 [Listener at 127.0.0.1/38511] INFO  volume.MutableVolumeSet (MutableVolumeSet.java:initializeVolumeSet(174)) - Added Volume : /home/runner/work/ozone/ozone/hadoop-ozone/integration-test/target/test-dir/MiniOzoneClusterImpl-5e6b204f-6d0c-499e-8bc7-d272478adc61/datanode-6/data-0/containers/hdds to VolumeSet
2022-11-10 17:27:59,058 [Listener at 127.0.0.1/38511] INFO  volume.ThrottledAsyncChecker (ThrottledAsyncChecker.java:schedule(141)) - Scheduling a check for /home/runner/work/ozone/ozone/hadoop-ozone/integration-test/target/test-dir/MiniOzoneClusterImpl-5e6b204f-6d0c-499e-8bc7-d272478adc61/datanode-6/data-0/containers/hdds
2022-11-10 17:27:59,059 [Listener at 127.0.0.1/38511] INFO  volume.StorageVolumeChecker (StorageVolumeChecker.java:checkAllVolumes(202)) - Scheduled health check for volume /home/runner/work/ozone/ozone/hadoop-ozone/integration-test/target/test-dir/MiniOzoneClusterImpl-5e6b204f-6d0c-499e-8bc7-d272478adc61/datanode-6/data-0/containers/hdds
2022-11-10 17:27:59,072 [Listener at 127.0.0.1/38511] INFO  volume.MutableVolumeSet (MutableVolumeSet.java:initializeVolumeSet(174)) - Added Volume : /home/runner/work/ozone/ozone/hadoop-ozone/integration-test/target/test-dir/MiniOzoneClusterImpl-5e6b204f-6d0c-499e-8bc7-d272478adc61/datanode-6/data/ratis to VolumeSet
2022-11-10 17:27:59,073 [Listener at 127.0.0.1/38511] INFO  volume.ThrottledAsyncChecker (ThrottledAsyncChecker.java:schedule(141)) - Scheduling a check for /home/runner/work/ozone/ozone/hadoop-ozone/integration-test/target/test-dir/MiniOzoneClusterImpl-5e6b204f-6d0c-499e-8bc7-d272478adc61/datanode-6/data/ratis
2022-11-10 17:27:59,073 [Listener at 127.0.0.1/38511] INFO  volume.StorageVolumeChecker (StorageVolumeChecker.java:checkAllVolumes(202)) - Scheduled health check for volume /home/runner/work/ozone/ozone/hadoop-ozone/integration-test/target/test-dir/MiniOzoneClusterImpl-5e6b204f-6d0c-499e-8bc7-d272478adc61/datanode-6/data/ratis
2022-11-10 17:27:59,084 [Thread-222] INFO  ozoneimpl.ContainerReader (ContainerReader.java:readVolume(175)) - Finish verifying containers on volume /home/runner/work/ozone/ozone/hadoop-ozone/integration-test/target/test-dir/MiniOzoneClusterImpl-5e6b204f-6d0c-499e-8bc7-d272478adc61/datanode-6/data-0/containers/hdds
2022-11-10 17:27:59,085 [Listener at 127.0.0.1/38511] INFO  ozoneimpl.OzoneContainer (OzoneContainer.java:buildContainerSet(300)) - Build ContainerSet costs 0s
2022-11-10 17:27:59,087 [Listener at 127.0.0.1/38511] INFO  server.RaftServer (ConfUtils.java:logGet(46)) - raft.rpc.type = GRPC (default)
2022-11-10 17:27:59,087 [Listener at 127.0.0.1/38511] INFO  grpc.GrpcConfigKeys (ConfUtils.java:logFallback(53)) - raft.grpc.admin.host = null (fallback to raft.grpc.server.host)
2022-11-10 17:27:59,088 [Listener at 127.0.0.1/38511] INFO  grpc.GrpcConfigKeys (ConfUtils.java:logGet(46)) - raft.grpc.admin.port = 0 (custom)
2022-11-10 17:27:59,088 [Listener at 127.0.0.1/38511] INFO  grpc.GrpcConfigKeys (ConfUtils.java:logFallback(53)) - raft.grpc.client.host = null (fallback to raft.grpc.server.host)
2022-11-10 17:27:59,088 [Listener at 127.0.0.1/38511] INFO  grpc.GrpcConfigKeys (ConfUtils.java:logGet(46)) - raft.grpc.client.port = 0 (custom)
2022-11-10 17:27:59,088 [Listener at 127.0.0.1/38511] INFO  grpc.GrpcConfigKeys (ConfUtils.java:logGet(46)) - raft.grpc.server.host = null (default)
2022-11-10 17:27:59,088 [Listener at 127.0.0.1/38511] INFO  grpc.GrpcConfigKeys (ConfUtils.java:logGet(46)) - raft.grpc.server.port = 0 (default)
2022-11-10 17:27:59,088 [Listener at 127.0.0.1/38511] INFO  server.GrpcService (ConfUtils.java:logGet(46)) - raft.grpc.message.size.max = 32MB (=33554432) (custom)
2022-11-10 17:27:59,088 [Listener at 127.0.0.1/38511] INFO  server.RaftServerConfigKeys (ConfUtils.java:logGet(46)) - raft.server.log.appender.buffer.byte-limit = 33554432 (custom)
2022-11-10 17:27:59,088 [Listener at 127.0.0.1/38511] INFO  server.GrpcService (ConfUtils.java:logGet(46)) - raft.grpc.flow.control.window = 5MB (=5242880) (custom)
2022-11-10 17:27:59,089 [Listener at 127.0.0.1/38511] INFO  server.RaftServerConfigKeys (ConfUtils.java:logGet(46)) - raft.server.rpc.request.timeout = 60s (custom)
2022-11-10 17:27:59,089 [Listener at 127.0.0.1/38511] INFO  grpc.GrpcConfigKeys (ConfUtils.java:logGet(46)) - raft.grpc.server.heartbeat.channel = true (default)
2022-11-10 17:27:59,089 [Listener at 127.0.0.1/38511] INFO  grpc.GrpcConfigKeys (ConfUtils.java:logGet(46)) - raft.grpc.server.async.request.thread.pool.cached = true (default)
2022-11-10 17:27:59,089 [Listener at 127.0.0.1/38511] INFO  grpc.GrpcConfigKeys (ConfUtils.java:logGet(46)) - raft.grpc.server.async.request.thread.pool.size = 32 (default)
2022-11-10 17:27:59,090 [Listener at 127.0.0.1/38511] INFO  impl.DataStreamServerImpl (ConfUtils.java:logGet(46)) - raft.datastream.type = DISABLED (default)
2022-11-10 17:27:59,090 [Listener at 127.0.0.1/38511] INFO  server.RaftServerConfigKeys (ConfUtils.java:logGet(46)) - raft.server.threadpool.proxy.cached = true (default)
2022-11-10 17:27:59,090 [Listener at 127.0.0.1/38511] INFO  server.RaftServerConfigKeys (ConfUtils.java:logGet(46)) - raft.server.threadpool.proxy.size = 0 (default)
2022-11-10 17:27:59,090 [Listener at 127.0.0.1/38511] INFO  server.RaftServerConfigKeys (ConfUtils.java:logGet(46)) - raft.server.rpc.slowness.timeout = 300s (custom)
2022-11-10 17:27:59,091 [Listener at 127.0.0.1/38511] INFO  server.RaftServerConfigKeys (ConfUtils.java:logGet(46)) - raft.server.leaderelection.leader.step-down.wait-time = 10s (default)
2022-11-10 17:27:59,091 [Listener at 127.0.0.1/38511] INFO  server.RaftServerConfigKeys (ConfUtils.java:logGet(46)) - raft.server.storage.dir = [/home/runner/work/ozone/ozone/hadoop-ozone/integration-test/target/test-dir/MiniOzoneClusterImpl-5e6b204f-6d0c-499e-8bc7-d272478adc61/datanode-6/data/ratis] (custom)
2022-11-10 17:27:59,097 [Listener at 127.0.0.1/38511] INFO  server.XceiverServerGrpc (XceiverServerGrpc.java:<init>(132)) - GrpcServer channel type EpollServerSocketChannel
2022-11-10 17:27:59,101 [Listener at 127.0.0.1/38511] INFO  http.BaseHttpServer (BaseHttpServer.java:newHttpServer2BuilderForOzone(213)) - Starting Web-server for hddsDatanode at: http://0.0.0.0:0
2022-11-10 17:27:59,101 [Listener at 127.0.0.1/38511] INFO  http.BaseHttpServer (BaseHttpServer.java:<init>(108)) - Hadoop Security Enabled: false Ozone Security Enabled: false Ozone HTTP Security Enabled: false 
2022-11-10 17:27:59,102 [Listener at 127.0.0.1/38511] WARN  server.AuthenticationFilter (AuthenticationFilter.java:constructSecretProvider(240)) - Unable to initialize FileSignerSecretProvider, falling back to use random secrets. Reason: Could not read signature secret file: /home/runner/hadoop-http-auth-signature-secret
2022-11-10 17:27:59,104 [Listener at 127.0.0.1/38511] WARN  http.HttpRequestLog (HttpRequestLog.java:getRequestLog(103)) - Jetty request log can only be enabled using Log4j
2022-11-10 17:27:59,106 [Listener at 127.0.0.1/38511] INFO  http.HttpServer2 (HttpServer2.java:addGlobalFilter(1031)) - Added global filter 'safety' (class=org.apache.hadoop.hdds.server.http.HttpServer2$QuotingInputFilter)
2022-11-10 17:27:59,106 [Listener at 127.0.0.1/38511] INFO  http.HttpServer2 (HttpServer2.java:addFilter(1007)) - Added filter static_user_filter (class=org.apache.hadoop.http.lib.StaticUserWebFilter$StaticUserFilter) to context hddsDatanode
2022-11-10 17:27:59,106 [Listener at 127.0.0.1/38511] INFO  http.HttpServer2 (HttpServer2.java:addFilter(1015)) - Added filter static_user_filter (class=org.apache.hadoop.http.lib.StaticUserWebFilter$StaticUserFilter) to context logs
2022-11-10 17:27:59,107 [Listener at 127.0.0.1/38511] INFO  http.HttpServer2 (HttpServer2.java:addFilter(1015)) - Added filter static_user_filter (class=org.apache.hadoop.http.lib.StaticUserWebFilter$StaticUserFilter) to context static
2022-11-10 17:27:59,107 [Listener at 127.0.0.1/38511] INFO  http.HttpServer2 (HttpServer2.java:bindListener(1250)) - Jetty bound to port 42659
2022-11-10 17:27:59,107 [Listener at 127.0.0.1/38511] INFO  server.Server (Server.java:doStart(375)) - jetty-9.4.49.v20220914; built: 2022-09-14T01:07:36.601Z; git: 4231a3b2e4cb8548a412a789936d640a97b1aa0a; jvm 1.8.0_345-b01
2022-11-10 17:27:59,110 [Listener at 127.0.0.1/38511] INFO  server.session (DefaultSessionIdManager.java:doStart(334)) - DefaultSessionIdManager workerName=node0
2022-11-10 17:27:59,110 [Listener at 127.0.0.1/38511] INFO  server.session (DefaultSessionIdManager.java:doStart(339)) - No SessionScavenger set, using defaults
2022-11-10 17:27:59,110 [Listener at 127.0.0.1/38511] INFO  server.session (HouseKeeper.java:startScavenging(132)) - node0 Scavenging every 660000ms
2022-11-10 17:27:59,111 [Listener at 127.0.0.1/38511] INFO  handler.ContextHandler (ContextHandler.java:doStart(921)) - Started o.e.j.s.ServletContextHandler@4f93ec20{logs,/logs,file:///home/runner/work/ozone/ozone/hadoop-ozone/integration-test/target/log,AVAILABLE}
2022-11-10 17:27:59,111 [Listener at 127.0.0.1/38511] INFO  handler.ContextHandler (ContextHandler.java:doStart(921)) - Started o.e.j.s.ServletContextHandler@31943acd{static,/static,jar:file:/home/runner/.m2/repository/org/apache/ozone/hdds-container-service/1.3.0-SNAPSHOT/hdds-container-service-1.3.0-SNAPSHOT.jar!/webapps/static,AVAILABLE}
2022-11-10 17:27:59,301 [Listener at 127.0.0.1/38511] INFO  handler.ContextHandler (ContextHandler.java:doStart(921)) - Started o.e.j.w.WebAppContext@18315379{hddsDatanode,/,file:///tmp/jetty-0_0_0_0-42659-hdds-container-service-1_3_0-SNAPSHOT_jar-_-any-1270465428849945719/webapp/,AVAILABLE}{jar:file:/home/runner/.m2/repository/org/apache/ozone/hdds-container-service/1.3.0-SNAPSHOT/hdds-container-service-1.3.0-SNAPSHOT.jar!/webapps/hddsDatanode}
2022-11-10 17:27:59,303 [Listener at 127.0.0.1/38511] INFO  server.AbstractConnector (AbstractConnector.java:doStart(333)) - Started ServerConnector@40f25558{HTTP/1.1, (http/1.1)}{0.0.0.0:42659}
2022-11-10 17:27:59,303 [Listener at 127.0.0.1/38511] INFO  server.Server (Server.java:doStart(415)) - Started @11799ms
2022-11-10 17:27:59,303 [Listener at 127.0.0.1/38511] WARN  impl.MetricsSystemImpl (MetricsSystemImpl.java:register(279)) - Sink prometheus already exists!
2022-11-10 17:27:59,304 [Listener at 127.0.0.1/38511] INFO  http.BaseHttpServer (BaseHttpServer.java:updateConnectorAddress(333)) - HTTP server of hddsDatanode listening at http://0.0.0.0:42659
2022-11-10 17:27:59,309 [Listener at 127.0.0.1/38511] INFO  ozone.MiniOzoneClusterImpl (MiniOzoneClusterImpl.java:lambda$waitForClusterToBeReady$0(216)) - Waiting for nodes to be ready. Got 0 of 7 DN Heartbeats.
2022-11-10 17:27:59,310 [Listener at 127.0.0.1/38511] INFO  ozone.MiniOzoneClusterImpl (MiniOzoneClusterImpl.java:lambda$waitForClusterToBeReady$0(219)) - Waiting for cluster to exit safe mode
2022-11-10 17:27:59,310 [Listener at 127.0.0.1/38511] INFO  ozone.MiniOzoneClusterImpl (MiniOzoneClusterImpl.java:lambda$waitForClusterToBeReady$0(221)) - SCM became leader
2022-11-10 17:27:59,310 [Datanode State Machine Daemon Thread] INFO  statemachine.DatanodeStateMachine (DatanodeStateMachine.java:lambda$startDaemon$0(505)) - Ozone container server started.
2022-11-10 17:27:59,332 [org.apache.hadoop.util.JvmPauseMonitor$Monitor@5dbf7588] INFO  util.JvmPauseMonitor (JvmPauseMonitor.java:run(188)) - Starting JVM pause monitor
2022-11-10 17:27:59,334 [Datanode State Machine Task Thread - 0] INFO  datanode.InitDatanodeState (InitDatanodeState.java:persistContainerDatanodeDetails(138)) - DatanodeDetails is persisted to /home/runner/work/ozone/ozone/hadoop-ozone/integration-test/target/test-dir/MiniOzoneClusterImpl-5e6b204f-6d0c-499e-8bc7-d272478adc61/datanode-6/meta/datanode.id
2022-11-10 17:27:59,414 [EndpointStateMachine task thread for /0.0.0.0:45429 - 0 ] INFO  utils.DatanodeStoreCache (DatanodeStoreCache.java:addDB(58)) - Added db /home/runner/work/ozone/ozone/hadoop-ozone/integration-test/target/test-dir/MiniOzoneClusterImpl-5e6b204f-6d0c-499e-8bc7-d272478adc61/datanode-1/data-0/containers/hdds/5e6b204f-6d0c-499e-8bc7-d272478adc61/DS-d1afe6ab-03d4-427c-bab6-5a046d694b72/container.db to cache
2022-11-10 17:27:59,415 [EndpointStateMachine task thread for /0.0.0.0:45429 - 0 ] INFO  volume.HddsVolume (HddsVolume.java:createDbStore(307)) - SchemaV3 db is created and loaded at /home/runner/work/ozone/ozone/hadoop-ozone/integration-test/target/test-dir/MiniOzoneClusterImpl-5e6b204f-6d0c-499e-8bc7-d272478adc61/datanode-1/data-0/containers/hdds/5e6b204f-6d0c-499e-8bc7-d272478adc61/DS-d1afe6ab-03d4-427c-bab6-5a046d694b72/container.db for volume DS-d1afe6ab-03d4-427c-bab6-5a046d694b72
2022-11-10 17:27:59,415 [EndpointStateMachine task thread for /0.0.0.0:45429 - 0 ] INFO  ozoneimpl.OzoneContainer (OzoneContainer.java:start(378)) - Attempting to start container services.
2022-11-10 17:27:59,415 [EndpointStateMachine task thread for /0.0.0.0:45429 - 0 ] INFO  ozoneimpl.OzoneContainer (OzoneContainer.java:startContainerScrub(313)) - Background container scanner has been disabled.
2022-11-10 17:27:59,417 [EndpointStateMachine task thread for /0.0.0.0:45429 - 0 ] INFO  replication.ReplicationServer (ReplicationServer.java:start(111)) - ReplicationServer is started using port 40895
2022-11-10 17:27:59,418 [EndpointStateMachine task thread for /0.0.0.0:45429 - 0 ] INFO  ratis.XceiverServerRatis (XceiverServerRatis.java:start(481)) - Starting XceiverServerRatis 68e70bec-2654-4ecf-aba3-1fd50f487e32
2022-11-10 17:27:59,419 [EndpointStateMachine task thread for /0.0.0.0:45429 - 0 ] INFO  server.RaftServer (RaftServerProxy.java:startImpl(393)) - 68e70bec-2654-4ecf-aba3-1fd50f487e32: start RPC server
2022-11-10 17:27:59,421 [EndpointStateMachine task thread for /0.0.0.0:45429 - 0 ] INFO  server.GrpcService (GrpcService.java:startImpl(270)) - 68e70bec-2654-4ecf-aba3-1fd50f487e32: GrpcService started, listening on 35621
2022-11-10 17:27:59,422 [EndpointStateMachine task thread for /0.0.0.0:45429 - 0 ] INFO  ratis.XceiverServerRatis (XceiverServerRatis.java:getRealPort(502)) - XceiverServerRatis 68e70bec-2654-4ecf-aba3-1fd50f487e32 is started using port 35621 for RATIS
2022-11-10 17:27:59,422 [JvmPauseMonitor2] INFO  util.JvmPauseMonitor (JvmPauseMonitor.java:run(105)) - JvmPauseMonitor-68e70bec-2654-4ecf-aba3-1fd50f487e32: Started
2022-11-10 17:27:59,422 [EndpointStateMachine task thread for /0.0.0.0:45429 - 0 ] INFO  ratis.XceiverServerRatis (XceiverServerRatis.java:getRealPort(502)) - XceiverServerRatis 68e70bec-2654-4ecf-aba3-1fd50f487e32 is started using port 35621 for RATIS_ADMIN
2022-11-10 17:27:59,422 [EndpointStateMachine task thread for /0.0.0.0:45429 - 0 ] INFO  ratis.XceiverServerRatis (XceiverServerRatis.java:getRealPort(502)) - XceiverServerRatis 68e70bec-2654-4ecf-aba3-1fd50f487e32 is started using port 35621 for RATIS_SERVER
2022-11-10 17:27:59,424 [EndpointStateMachine task thread for /0.0.0.0:45429 - 0 ] INFO  server.XceiverServerGrpc (XceiverServerGrpc.java:start(180)) - XceiverServerGrpc 68e70bec-2654-4ecf-aba3-1fd50f487e32 is started using port 40677
2022-11-10 17:27:59,871 [EndpointStateMachine task thread for /0.0.0.0:45429 - 0 ] INFO  utils.DatanodeStoreCache (DatanodeStoreCache.java:addDB(58)) - Added db /home/runner/work/ozone/ozone/hadoop-ozone/integration-test/target/test-dir/MiniOzoneClusterImpl-5e6b204f-6d0c-499e-8bc7-d272478adc61/datanode-2/data-0/containers/hdds/5e6b204f-6d0c-499e-8bc7-d272478adc61/DS-b2aa219d-f6a4-438a-b827-2abb43f9bc3d/container.db to cache
2022-11-10 17:27:59,871 [EndpointStateMachine task thread for /0.0.0.0:45429 - 0 ] INFO  volume.HddsVolume (HddsVolume.java:createDbStore(307)) - SchemaV3 db is created and loaded at /home/runner/work/ozone/ozone/hadoop-ozone/integration-test/target/test-dir/MiniOzoneClusterImpl-5e6b204f-6d0c-499e-8bc7-d272478adc61/datanode-2/data-0/containers/hdds/5e6b204f-6d0c-499e-8bc7-d272478adc61/DS-b2aa219d-f6a4-438a-b827-2abb43f9bc3d/container.db for volume DS-b2aa219d-f6a4-438a-b827-2abb43f9bc3d
2022-11-10 17:27:59,872 [EndpointStateMachine task thread for /0.0.0.0:45429 - 0 ] INFO  ozoneimpl.OzoneContainer (OzoneContainer.java:start(378)) - Attempting to start container services.
2022-11-10 17:27:59,872 [EndpointStateMachine task thread for /0.0.0.0:45429 - 0 ] INFO  ozoneimpl.OzoneContainer (OzoneContainer.java:startContainerScrub(313)) - Background container scanner has been disabled.
2022-11-10 17:27:59,877 [EndpointStateMachine task thread for /0.0.0.0:45429 - 0 ] INFO  replication.ReplicationServer (ReplicationServer.java:start(111)) - ReplicationServer is started using port 35799
2022-11-10 17:27:59,878 [EndpointStateMachine task thread for /0.0.0.0:45429 - 0 ] INFO  ratis.XceiverServerRatis (XceiverServerRatis.java:start(481)) - Starting XceiverServerRatis 325472d8-9d81-4b17-841b-efb836b1d11d
2022-11-10 17:27:59,884 [EndpointStateMachine task thread for /0.0.0.0:45429 - 0 ] INFO  server.RaftServer (RaftServerProxy.java:startImpl(393)) - 325472d8-9d81-4b17-841b-efb836b1d11d: start RPC server
2022-11-10 17:27:59,886 [EndpointStateMachine task thread for /0.0.0.0:45429 - 0 ] INFO  server.GrpcService (GrpcService.java:startImpl(270)) - 325472d8-9d81-4b17-841b-efb836b1d11d: GrpcService started, listening on 39899
2022-11-10 17:27:59,886 [EndpointStateMachine task thread for /0.0.0.0:45429 - 0 ] INFO  ratis.XceiverServerRatis (XceiverServerRatis.java:getRealPort(502)) - XceiverServerRatis 325472d8-9d81-4b17-841b-efb836b1d11d is started using port 39899 for RATIS
2022-11-10 17:27:59,886 [EndpointStateMachine task thread for /0.0.0.0:45429 - 0 ] INFO  ratis.XceiverServerRatis (XceiverServerRatis.java:getRealPort(502)) - XceiverServerRatis 325472d8-9d81-4b17-841b-efb836b1d11d is started using port 39899 for RATIS_ADMIN
2022-11-10 17:27:59,886 [JvmPauseMonitor3] INFO  util.JvmPauseMonitor (JvmPauseMonitor.java:run(105)) - JvmPauseMonitor-325472d8-9d81-4b17-841b-efb836b1d11d: Started
2022-11-10 17:27:59,886 [EndpointStateMachine task thread for /0.0.0.0:45429 - 0 ] INFO  ratis.XceiverServerRatis (XceiverServerRatis.java:getRealPort(502)) - XceiverServerRatis 325472d8-9d81-4b17-841b-efb836b1d11d is started using port 39899 for RATIS_SERVER
2022-11-10 17:27:59,891 [EndpointStateMachine task thread for /0.0.0.0:45429 - 0 ] INFO  server.XceiverServerGrpc (XceiverServerGrpc.java:start(180)) - XceiverServerGrpc 325472d8-9d81-4b17-841b-efb836b1d11d is started using port 46595
2022-11-10 17:28:00,218 [EndpointStateMachine task thread for /0.0.0.0:45429 - 0 ] INFO  utils.DatanodeStoreCache (DatanodeStoreCache.java:addDB(58)) - Added db /home/runner/work/ozone/ozone/hadoop-ozone/integration-test/target/test-dir/MiniOzoneClusterImpl-5e6b204f-6d0c-499e-8bc7-d272478adc61/datanode-3/data-0/containers/hdds/5e6b204f-6d0c-499e-8bc7-d272478adc61/DS-ae9df145-5f49-4f2e-aecc-51b201418a17/container.db to cache
2022-11-10 17:28:00,218 [EndpointStateMachine task thread for /0.0.0.0:45429 - 0 ] INFO  volume.HddsVolume (HddsVolume.java:createDbStore(307)) - SchemaV3 db is created and loaded at /home/runner/work/ozone/ozone/hadoop-ozone/integration-test/target/test-dir/MiniOzoneClusterImpl-5e6b204f-6d0c-499e-8bc7-d272478adc61/datanode-3/data-0/containers/hdds/5e6b204f-6d0c-499e-8bc7-d272478adc61/DS-ae9df145-5f49-4f2e-aecc-51b201418a17/container.db for volume DS-ae9df145-5f49-4f2e-aecc-51b201418a17
2022-11-10 17:28:00,220 [EndpointStateMachine task thread for /0.0.0.0:45429 - 0 ] INFO  ozoneimpl.OzoneContainer (OzoneContainer.java:start(378)) - Attempting to start container services.
2022-11-10 17:28:00,220 [EndpointStateMachine task thread for /0.0.0.0:45429 - 0 ] INFO  ozoneimpl.OzoneContainer (OzoneContainer.java:startContainerScrub(313)) - Background container scanner has been disabled.
2022-11-10 17:28:00,223 [EndpointStateMachine task thread for /0.0.0.0:45429 - 0 ] INFO  replication.ReplicationServer (ReplicationServer.java:start(111)) - ReplicationServer is started using port 34751
2022-11-10 17:28:00,223 [EndpointStateMachine task thread for /0.0.0.0:45429 - 0 ] INFO  ratis.XceiverServerRatis (XceiverServerRatis.java:start(481)) - Starting XceiverServerRatis 0b1dc6e2-94f6-44f1-9e64-a7602261fe9e
2022-11-10 17:28:00,224 [EndpointStateMachine task thread for /0.0.0.0:45429 - 0 ] INFO  server.RaftServer (RaftServerProxy.java:startImpl(393)) - 0b1dc6e2-94f6-44f1-9e64-a7602261fe9e: start RPC server
2022-11-10 17:28:00,226 [EndpointStateMachine task thread for /0.0.0.0:45429 - 0 ] INFO  server.GrpcService (GrpcService.java:startImpl(270)) - 0b1dc6e2-94f6-44f1-9e64-a7602261fe9e: GrpcService started, listening on 35445
2022-11-10 17:28:00,226 [EndpointStateMachine task thread for /0.0.0.0:45429 - 0 ] INFO  ratis.XceiverServerRatis (XceiverServerRatis.java:getRealPort(502)) - XceiverServerRatis 0b1dc6e2-94f6-44f1-9e64-a7602261fe9e is started using port 35445 for RATIS
2022-11-10 17:28:00,226 [EndpointStateMachine task thread for /0.0.0.0:45429 - 0 ] INFO  ratis.XceiverServerRatis (XceiverServerRatis.java:getRealPort(502)) - XceiverServerRatis 0b1dc6e2-94f6-44f1-9e64-a7602261fe9e is started using port 35445 for RATIS_ADMIN
2022-11-10 17:28:00,226 [EndpointStateMachine task thread for /0.0.0.0:45429 - 0 ] INFO  ratis.XceiverServerRatis (XceiverServerRatis.java:getRealPort(502)) - XceiverServerRatis 0b1dc6e2-94f6-44f1-9e64-a7602261fe9e is started using port 35445 for RATIS_SERVER
2022-11-10 17:28:00,227 [JvmPauseMonitor4] INFO  util.JvmPauseMonitor (JvmPauseMonitor.java:run(105)) - JvmPauseMonitor-0b1dc6e2-94f6-44f1-9e64-a7602261fe9e: Started
2022-11-10 17:28:00,232 [EndpointStateMachine task thread for /0.0.0.0:45429 - 0 ] INFO  server.XceiverServerGrpc (XceiverServerGrpc.java:start(180)) - XceiverServerGrpc 0b1dc6e2-94f6-44f1-9e64-a7602261fe9e is started using port 38501
2022-11-10 17:28:00,310 [Listener at 127.0.0.1/38511] INFO  ozone.MiniOzoneClusterImpl (MiniOzoneClusterImpl.java:lambda$waitForClusterToBeReady$0(216)) - Waiting for nodes to be ready. Got 0 of 7 DN Heartbeats.
2022-11-10 17:28:00,310 [Listener at 127.0.0.1/38511] INFO  ozone.MiniOzoneClusterImpl (MiniOzoneClusterImpl.java:lambda$waitForClusterToBeReady$0(219)) - Waiting for cluster to exit safe mode
2022-11-10 17:28:00,310 [Listener at 127.0.0.1/38511] INFO  ozone.MiniOzoneClusterImpl (MiniOzoneClusterImpl.java:lambda$waitForClusterToBeReady$0(221)) - SCM became leader
2022-11-10 17:28:00,580 [EndpointStateMachine task thread for /0.0.0.0:45429 - 0 ] INFO  utils.DatanodeStoreCache (DatanodeStoreCache.java:addDB(58)) - Added db /home/runner/work/ozone/ozone/hadoop-ozone/integration-test/target/test-dir/MiniOzoneClusterImpl-5e6b204f-6d0c-499e-8bc7-d272478adc61/datanode-4/data-0/containers/hdds/5e6b204f-6d0c-499e-8bc7-d272478adc61/DS-6bc8ccdf-0c18-480d-afb4-a21e58b909e4/container.db to cache
2022-11-10 17:28:00,581 [EndpointStateMachine task thread for /0.0.0.0:45429 - 0 ] INFO  volume.HddsVolume (HddsVolume.java:createDbStore(307)) - SchemaV3 db is created and loaded at /home/runner/work/ozone/ozone/hadoop-ozone/integration-test/target/test-dir/MiniOzoneClusterImpl-5e6b204f-6d0c-499e-8bc7-d272478adc61/datanode-4/data-0/containers/hdds/5e6b204f-6d0c-499e-8bc7-d272478adc61/DS-6bc8ccdf-0c18-480d-afb4-a21e58b909e4/container.db for volume DS-6bc8ccdf-0c18-480d-afb4-a21e58b909e4
2022-11-10 17:28:00,581 [EndpointStateMachine task thread for /0.0.0.0:45429 - 0 ] INFO  ozoneimpl.OzoneContainer (OzoneContainer.java:start(378)) - Attempting to start container services.
2022-11-10 17:28:00,581 [EndpointStateMachine task thread for /0.0.0.0:45429 - 0 ] INFO  ozoneimpl.OzoneContainer (OzoneContainer.java:startContainerScrub(313)) - Background container scanner has been disabled.
2022-11-10 17:28:00,584 [EndpointStateMachine task thread for /0.0.0.0:45429 - 0 ] INFO  replication.ReplicationServer (ReplicationServer.java:start(111)) - ReplicationServer is started using port 37643
2022-11-10 17:28:00,585 [EndpointStateMachine task thread for /0.0.0.0:45429 - 0 ] INFO  ratis.XceiverServerRatis (XceiverServerRatis.java:start(481)) - Starting XceiverServerRatis 7493d598-9ec5-46a7-8aa9-dc1154913886
2022-11-10 17:28:00,585 [EndpointStateMachine task thread for /0.0.0.0:45429 - 0 ] INFO  server.RaftServer (RaftServerProxy.java:startImpl(393)) - 7493d598-9ec5-46a7-8aa9-dc1154913886: start RPC server
2022-11-10 17:28:00,587 [EndpointStateMachine task thread for /0.0.0.0:45429 - 0 ] INFO  server.GrpcService (GrpcService.java:startImpl(270)) - 7493d598-9ec5-46a7-8aa9-dc1154913886: GrpcService started, listening on 33661
2022-11-10 17:28:00,588 [EndpointStateMachine task thread for /0.0.0.0:45429 - 0 ] INFO  ratis.XceiverServerRatis (XceiverServerRatis.java:getRealPort(502)) - XceiverServerRatis 7493d598-9ec5-46a7-8aa9-dc1154913886 is started using port 33661 for RATIS
2022-11-10 17:28:00,588 [JvmPauseMonitor5] INFO  util.JvmPauseMonitor (JvmPauseMonitor.java:run(105)) - JvmPauseMonitor-7493d598-9ec5-46a7-8aa9-dc1154913886: Started
2022-11-10 17:28:00,588 [EndpointStateMachine task thread for /0.0.0.0:45429 - 0 ] INFO  ratis.XceiverServerRatis (XceiverServerRatis.java:getRealPort(502)) - XceiverServerRatis 7493d598-9ec5-46a7-8aa9-dc1154913886 is started using port 33661 for RATIS_ADMIN
2022-11-10 17:28:00,591 [EndpointStateMachine task thread for /0.0.0.0:45429 - 0 ] INFO  ratis.XceiverServerRatis (XceiverServerRatis.java:getRealPort(502)) - XceiverServerRatis 7493d598-9ec5-46a7-8aa9-dc1154913886 is started using port 33661 for RATIS_SERVER
2022-11-10 17:28:00,594 [EndpointStateMachine task thread for /0.0.0.0:45429 - 0 ] INFO  server.XceiverServerGrpc (XceiverServerGrpc.java:start(180)) - XceiverServerGrpc 7493d598-9ec5-46a7-8aa9-dc1154913886 is started using port 38653
2022-11-10 17:28:00,813 [IPC Server handler 17 on default port 45429] INFO  net.NetworkTopologyImpl (NetworkTopologyImpl.java:add(112)) - Added a new node: /default-rack/f55ec62f-fc83-4b90-9ad3-211b23c840f1
2022-11-10 17:28:00,815 [IPC Server handler 17 on default port 45429] INFO  node.SCMNodeManager (SCMNodeManager.java:register(397)) - Registered Data node : f55ec62f-fc83-4b90-9ad3-211b23c840f1{ip: 10.1.1.193, host: fv-az77-962.bprubkmdfdkerap53zvqdzdb0e.jx.internal.cloudapp.net, ports: [REPLICATION=38953, RATIS=36009, RATIS_ADMIN=36009, RATIS_SERVER=36009, STANDALONE=36483], networkLocation: /default-rack, certSerialId: null, persistedOpState: null, persistedOpStateExpiryEpochSec: 0}
2022-11-10 17:28:00,824 [EventQueue-NewNodeForNewNodeHandler] INFO  pipeline.BackgroundPipelineCreator (BackgroundPipelineCreator.java:notifyEventTriggered(276)) - trigger a one-shot run on RatisPipelineUtilsThread.
2022-11-10 17:28:00,830 [EventQueue-NodeRegistrationContainerReportForContainerSafeModeRule] INFO  safemode.SCMSafeModeManager (SCMSafeModeManager.java:validateSafeModeExitRules(204)) - ContainerSafeModeRule rule is successfully validated
2022-11-10 17:28:00,833 [RatisPipelineUtilsThread - 0] INFO  pipeline.RatisPipelineProvider (RatisPipelineProvider.java:lambda$create$0(195)) - Sending CreatePipelineCommand for pipeline:PipelineID=b28ff19f-874c-466d-b9e5-663c80b8d1be to datanode:f55ec62f-fc83-4b90-9ad3-211b23c840f1
2022-11-10 17:28:00,833 [EventQueue-NodeRegistrationContainerReportForDataNodeSafeModeRule] INFO  safemode.SCMSafeModeManager (DataNodeSafeModeRule.java:process(71)) - SCM in safe mode. 1 DataNodes registered, 3 required.
2022-11-10 17:28:00,834 [EventQueue-PipelineReportForOneReplicaPipelineSafeModeRule] INFO  safemode.SCMSafeModeManager (SCMSafeModeManager.java:validateSafeModeExitRules(204)) - AtleastOneDatanodeReportedRule rule is successfully validated
2022-11-10 17:28:00,851 [RatisPipelineUtilsThread - 0] INFO  pipeline.PipelineStateManagerImpl (PipelineStateManagerImpl.java:addPipeline(103)) - Created pipeline Pipeline[ Id: b28ff19f-874c-466d-b9e5-663c80b8d1be, Nodes: f55ec62f-fc83-4b90-9ad3-211b23c840f1{ip: 10.1.1.193, host: fv-az77-962.bprubkmdfdkerap53zvqdzdb0e.jx.internal.cloudapp.net, ports: [REPLICATION=38953, RATIS=36009, RATIS_ADMIN=36009, RATIS_SERVER=36009, STANDALONE=36483], networkLocation: /default-rack, certSerialId: null, persistedOpState: IN_SERVICE, persistedOpStateExpiryEpochSec: 0}, ReplicationConfig: RATIS/ONE, State:ALLOCATED, leaderId:, CreationTimestamp2022-11-10T17:28:00.832Z[Etc/UTC]].
2022-11-10 17:28:00,967 [EndpointStateMachine task thread for /0.0.0.0:45429 - 0 ] INFO  utils.DatanodeStoreCache (DatanodeStoreCache.java:addDB(58)) - Added db /home/runner/work/ozone/ozone/hadoop-ozone/integration-test/target/test-dir/MiniOzoneClusterImpl-5e6b204f-6d0c-499e-8bc7-d272478adc61/datanode-5/data-0/containers/hdds/5e6b204f-6d0c-499e-8bc7-d272478adc61/DS-e1b4e66e-9e39-437e-9483-9fbc79acbf78/container.db to cache
2022-11-10 17:28:00,968 [EndpointStateMachine task thread for /0.0.0.0:45429 - 0 ] INFO  volume.HddsVolume (HddsVolume.java:createDbStore(307)) - SchemaV3 db is created and loaded at /home/runner/work/ozone/ozone/hadoop-ozone/integration-test/target/test-dir/MiniOzoneClusterImpl-5e6b204f-6d0c-499e-8bc7-d272478adc61/datanode-5/data-0/containers/hdds/5e6b204f-6d0c-499e-8bc7-d272478adc61/DS-e1b4e66e-9e39-437e-9483-9fbc79acbf78/container.db for volume DS-e1b4e66e-9e39-437e-9483-9fbc79acbf78
2022-11-10 17:28:00,968 [EndpointStateMachine task thread for /0.0.0.0:45429 - 0 ] INFO  ozoneimpl.OzoneContainer (OzoneContainer.java:start(378)) - Attempting to start container services.
2022-11-10 17:28:00,968 [EndpointStateMachine task thread for /0.0.0.0:45429 - 0 ] INFO  ozoneimpl.OzoneContainer (OzoneContainer.java:startContainerScrub(313)) - Background container scanner has been disabled.
2022-11-10 17:28:00,970 [EndpointStateMachine task thread for /0.0.0.0:45429 - 0 ] INFO  replication.ReplicationServer (ReplicationServer.java:start(111)) - ReplicationServer is started using port 38395
2022-11-10 17:28:00,971 [EndpointStateMachine task thread for /0.0.0.0:45429 - 0 ] INFO  ratis.XceiverServerRatis (XceiverServerRatis.java:start(481)) - Starting XceiverServerRatis e820eb09-a4f5-42d5-9992-ed2f360ca321
2022-11-10 17:28:00,972 [EndpointStateMachine task thread for /0.0.0.0:45429 - 0 ] INFO  server.RaftServer (RaftServerProxy.java:startImpl(393)) - e820eb09-a4f5-42d5-9992-ed2f360ca321: start RPC server
2022-11-10 17:28:00,974 [EndpointStateMachine task thread for /0.0.0.0:45429 - 0 ] INFO  server.GrpcService (GrpcService.java:startImpl(270)) - e820eb09-a4f5-42d5-9992-ed2f360ca321: GrpcService started, listening on 36195
2022-11-10 17:28:00,975 [EndpointStateMachine task thread for /0.0.0.0:45429 - 0 ] INFO  ratis.XceiverServerRatis (XceiverServerRatis.java:getRealPort(502)) - XceiverServerRatis e820eb09-a4f5-42d5-9992-ed2f360ca321 is started using port 36195 for RATIS
2022-11-10 17:28:00,975 [JvmPauseMonitor6] INFO  util.JvmPauseMonitor (JvmPauseMonitor.java:run(105)) - JvmPauseMonitor-e820eb09-a4f5-42d5-9992-ed2f360ca321: Started
2022-11-10 17:28:00,975 [EndpointStateMachine task thread for /0.0.0.0:45429 - 0 ] INFO  ratis.XceiverServerRatis (XceiverServerRatis.java:getRealPort(502)) - XceiverServerRatis e820eb09-a4f5-42d5-9992-ed2f360ca321 is started using port 36195 for RATIS_ADMIN
2022-11-10 17:28:00,976 [EndpointStateMachine task thread for /0.0.0.0:45429 - 0 ] INFO  ratis.XceiverServerRatis (XceiverServerRatis.java:getRealPort(502)) - XceiverServerRatis e820eb09-a4f5-42d5-9992-ed2f360ca321 is started using port 36195 for RATIS_SERVER
2022-11-10 17:28:00,979 [EndpointStateMachine task thread for /0.0.0.0:45429 - 0 ] INFO  server.XceiverServerGrpc (XceiverServerGrpc.java:start(180)) - XceiverServerGrpc e820eb09-a4f5-42d5-9992-ed2f360ca321 is started using port 44653
2022-11-10 17:28:01,311 [Listener at 127.0.0.1/38511] INFO  ozone.MiniOzoneClusterImpl (MiniOzoneClusterImpl.java:lambda$waitForClusterToBeReady$0(216)) - Waiting for nodes to be ready. Got 1 of 7 DN Heartbeats.
2022-11-10 17:28:01,311 [Listener at 127.0.0.1/38511] INFO  ozone.MiniOzoneClusterImpl (MiniOzoneClusterImpl.java:lambda$waitForClusterToBeReady$0(219)) - Waiting for cluster to exit safe mode
2022-11-10 17:28:01,311 [Listener at 127.0.0.1/38511] INFO  ozone.MiniOzoneClusterImpl (MiniOzoneClusterImpl.java:lambda$waitForClusterToBeReady$0(221)) - SCM became leader
2022-11-10 17:28:01,365 [EndpointStateMachine task thread for /0.0.0.0:45429 - 0 ] INFO  utils.DatanodeStoreCache (DatanodeStoreCache.java:addDB(58)) - Added db /home/runner/work/ozone/ozone/hadoop-ozone/integration-test/target/test-dir/MiniOzoneClusterImpl-5e6b204f-6d0c-499e-8bc7-d272478adc61/datanode-6/data-0/containers/hdds/5e6b204f-6d0c-499e-8bc7-d272478adc61/DS-d4084195-b150-4eb7-b45a-9dc7906d8d83/container.db to cache
2022-11-10 17:28:01,365 [EndpointStateMachine task thread for /0.0.0.0:45429 - 0 ] INFO  volume.HddsVolume (HddsVolume.java:createDbStore(307)) - SchemaV3 db is created and loaded at /home/runner/work/ozone/ozone/hadoop-ozone/integration-test/target/test-dir/MiniOzoneClusterImpl-5e6b204f-6d0c-499e-8bc7-d272478adc61/datanode-6/data-0/containers/hdds/5e6b204f-6d0c-499e-8bc7-d272478adc61/DS-d4084195-b150-4eb7-b45a-9dc7906d8d83/container.db for volume DS-d4084195-b150-4eb7-b45a-9dc7906d8d83
2022-11-10 17:28:01,366 [EndpointStateMachine task thread for /0.0.0.0:45429 - 0 ] INFO  ozoneimpl.OzoneContainer (OzoneContainer.java:start(378)) - Attempting to start container services.
2022-11-10 17:28:01,366 [EndpointStateMachine task thread for /0.0.0.0:45429 - 0 ] INFO  ozoneimpl.OzoneContainer (OzoneContainer.java:startContainerScrub(313)) - Background container scanner has been disabled.
2022-11-10 17:28:01,371 [EndpointStateMachine task thread for /0.0.0.0:45429 - 0 ] INFO  replication.ReplicationServer (ReplicationServer.java:start(111)) - ReplicationServer is started using port 43421
2022-11-10 17:28:01,372 [EndpointStateMachine task thread for /0.0.0.0:45429 - 0 ] INFO  ratis.XceiverServerRatis (XceiverServerRatis.java:start(481)) - Starting XceiverServerRatis 4a648ec9-f79d-4616-8c85-6f5aeee5d597
2022-11-10 17:28:01,372 [EndpointStateMachine task thread for /0.0.0.0:45429 - 0 ] INFO  server.RaftServer (RaftServerProxy.java:startImpl(393)) - 4a648ec9-f79d-4616-8c85-6f5aeee5d597: start RPC server
2022-11-10 17:28:01,376 [EndpointStateMachine task thread for /0.0.0.0:45429 - 0 ] INFO  server.GrpcService (GrpcService.java:startImpl(270)) - 4a648ec9-f79d-4616-8c85-6f5aeee5d597: GrpcService started, listening on 35623
2022-11-10 17:28:01,377 [IPC Server handler 18 on default port 45429] INFO  net.NetworkTopologyImpl (NetworkTopologyImpl.java:add(112)) - Added a new node: /default-rack/68e70bec-2654-4ecf-aba3-1fd50f487e32
2022-11-10 17:28:01,377 [IPC Server handler 18 on default port 45429] INFO  node.SCMNodeManager (SCMNodeManager.java:register(397)) - Registered Data node : 68e70bec-2654-4ecf-aba3-1fd50f487e32{ip: 10.1.1.193, host: fv-az77-962.bprubkmdfdkerap53zvqdzdb0e.jx.internal.cloudapp.net, ports: [REPLICATION=40895, RATIS=35621, RATIS_ADMIN=35621, RATIS_SERVER=35621, STANDALONE=40677], networkLocation: /default-rack, certSerialId: null, persistedOpState: null, persistedOpStateExpiryEpochSec: 0}
2022-11-10 17:28:01,377 [EndpointStateMachine task thread for /0.0.0.0:45429 - 0 ] INFO  ratis.XceiverServerRatis (XceiverServerRatis.java:getRealPort(502)) - XceiverServerRatis 4a648ec9-f79d-4616-8c85-6f5aeee5d597 is started using port 35623 for RATIS
2022-11-10 17:28:01,378 [EndpointStateMachine task thread for /0.0.0.0:45429 - 0 ] INFO  ratis.XceiverServerRatis (XceiverServerRatis.java:getRealPort(502)) - XceiverServerRatis 4a648ec9-f79d-4616-8c85-6f5aeee5d597 is started using port 35623 for RATIS_ADMIN
2022-11-10 17:28:01,378 [EndpointStateMachine task thread for /0.0.0.0:45429 - 0 ] INFO  ratis.XceiverServerRatis (XceiverServerRatis.java:getRealPort(502)) - XceiverServerRatis 4a648ec9-f79d-4616-8c85-6f5aeee5d597 is started using port 35623 for RATIS_SERVER
2022-11-10 17:28:01,379 [EventQueue-NodeRegistrationContainerReportForDataNodeSafeModeRule] INFO  safemode.SCMSafeModeManager (DataNodeSafeModeRule.java:process(71)) - SCM in safe mode. 2 DataNodes registered, 3 required.
2022-11-10 17:28:01,379 [JvmPauseMonitor7] INFO  util.JvmPauseMonitor (JvmPauseMonitor.java:run(105)) - JvmPauseMonitor-4a648ec9-f79d-4616-8c85-6f5aeee5d597: Started
2022-11-10 17:28:01,379 [EventQueue-NewNodeForNewNodeHandler] INFO  pipeline.BackgroundPipelineCreator (BackgroundPipelineCreator.java:notifyEventTriggered(276)) - trigger a one-shot run on RatisPipelineUtilsThread.
2022-11-10 17:28:01,381 [RatisPipelineUtilsThread - 0] INFO  pipeline.RatisPipelineProvider (RatisPipelineProvider.java:lambda$create$0(195)) - Sending CreatePipelineCommand for pipeline:PipelineID=09cd65b0-3138-4a50-8e18-e80f8eef7473 to datanode:68e70bec-2654-4ecf-aba3-1fd50f487e32
2022-11-10 17:28:01,382 [RatisPipelineUtilsThread - 0] INFO  pipeline.PipelineStateManagerImpl (PipelineStateManagerImpl.java:addPipeline(103)) - Created pipeline Pipeline[ Id: 09cd65b0-3138-4a50-8e18-e80f8eef7473, Nodes: 68e70bec-2654-4ecf-aba3-1fd50f487e32{ip: 10.1.1.193, host: fv-az77-962.bprubkmdfdkerap53zvqdzdb0e.jx.internal.cloudapp.net, ports: [REPLICATION=40895, RATIS=35621, RATIS_ADMIN=35621, RATIS_SERVER=35621, STANDALONE=40677], networkLocation: /default-rack, certSerialId: null, persistedOpState: IN_SERVICE, persistedOpStateExpiryEpochSec: 0}, ReplicationConfig: RATIS/ONE, State:ALLOCATED, leaderId:, CreationTimestamp2022-11-10T17:28:01.381Z[Etc/UTC]].
2022-11-10 17:28:01,384 [EndpointStateMachine task thread for /0.0.0.0:45429 - 0 ] INFO  server.XceiverServerGrpc (XceiverServerGrpc.java:start(180)) - XceiverServerGrpc 4a648ec9-f79d-4616-8c85-6f5aeee5d597 is started using port 41181
2022-11-10 17:28:01,829 [IPC Server handler 17 on default port 45429] INFO  net.NetworkTopologyImpl (NetworkTopologyImpl.java:add(112)) - Added a new node: /default-rack/325472d8-9d81-4b17-841b-efb836b1d11d
2022-11-10 17:28:01,830 [IPC Server handler 17 on default port 45429] INFO  node.SCMNodeManager (SCMNodeManager.java:register(397)) - Registered Data node : 325472d8-9d81-4b17-841b-efb836b1d11d{ip: 10.1.1.193, host: fv-az77-962.bprubkmdfdkerap53zvqdzdb0e.jx.internal.cloudapp.net, ports: [REPLICATION=35799, RATIS=39899, RATIS_ADMIN=39899, RATIS_SERVER=39899, STANDALONE=46595], networkLocation: /default-rack, certSerialId: null, persistedOpState: null, persistedOpStateExpiryEpochSec: 0}
2022-11-10 17:28:01,830 [EventQueue-NodeRegistrationContainerReportForDataNodeSafeModeRule] INFO  safemode.SCMSafeModeManager (DataNodeSafeModeRule.java:process(71)) - SCM in safe mode. 3 DataNodes registered, 3 required.
2022-11-10 17:28:01,830 [EventQueue-NodeRegistrationContainerReportForDataNodeSafeModeRule] INFO  safemode.SCMSafeModeManager (SCMSafeModeManager.java:validateSafeModeExitRules(204)) - DataNodeSafeModeRule rule is successfully validated
2022-11-10 17:28:01,830 [EventQueue-NodeRegistrationContainerReportForDataNodeSafeModeRule] INFO  safemode.SCMSafeModeManager (SCMSafeModeManager.java:completePreCheck(233)) - All SCM safe mode pre check rules have passed
2022-11-10 17:28:01,830 [EventQueue-NodeRegistrationContainerReportForDataNodeSafeModeRule] WARN  events.EventQueue (EventQueue.java:fireEvent(216)) - No event handler registered for event TypedEvent{payloadType=SafeModeStatus, name='Safe mode status'}
2022-11-10 17:28:01,830 [EventQueue-NodeRegistrationContainerReportForDataNodeSafeModeRule] INFO  ha.SCMContext (SCMContext.java:updateSafeModeStatus(228)) - Update SafeModeStatus from SafeModeStatus{safeModeStatus=true, preCheckPassed=false} to SafeModeStatus{safeModeStatus=true, preCheckPassed=true}.
2022-11-10 17:28:01,830 [EventQueue-NodeRegistrationContainerReportForDataNodeSafeModeRule] INFO  pipeline.BackgroundPipelineCreator (BackgroundPipelineCreator.java:notifyEventTriggered(276)) - trigger a one-shot run on RatisPipelineUtilsThread.
2022-11-10 17:28:01,830 [EventQueue-NewNodeForNewNodeHandler] INFO  pipeline.BackgroundPipelineCreator (BackgroundPipelineCreator.java:notifyEventTriggered(276)) - trigger a one-shot run on RatisPipelineUtilsThread.
2022-11-10 17:28:01,831 [RatisPipelineUtilsThread - 0] INFO  pipeline.RatisPipelineProvider (RatisPipelineProvider.java:lambda$create$0(195)) - Sending CreatePipelineCommand for pipeline:PipelineID=5715913b-6797-45d0-826b-b9f4ca427f3e to datanode:325472d8-9d81-4b17-841b-efb836b1d11d
2022-11-10 17:28:01,832 [RatisPipelineUtilsThread - 0] INFO  pipeline.PipelineStateManagerImpl (PipelineStateManagerImpl.java:addPipeline(103)) - Created pipeline Pipeline[ Id: 5715913b-6797-45d0-826b-b9f4ca427f3e, Nodes: 325472d8-9d81-4b17-841b-efb836b1d11d{ip: 10.1.1.193, host: fv-az77-962.bprubkmdfdkerap53zvqdzdb0e.jx.internal.cloudapp.net, ports: [REPLICATION=35799, RATIS=39899, RATIS_ADMIN=39899, RATIS_SERVER=39899, STANDALONE=46595], networkLocation: /default-rack, certSerialId: null, persistedOpState: IN_SERVICE, persistedOpStateExpiryEpochSec: 0}, ReplicationConfig: RATIS/ONE, State:ALLOCATED, leaderId:, CreationTimestamp2022-11-10T17:28:01.831Z[Etc/UTC]].
2022-11-10 17:28:01,836 [RatisPipelineUtilsThread - 0] INFO  pipeline.RatisPipelineProvider (RatisPipelineProvider.java:lambda$create$0(195)) - Sending CreatePipelineCommand for pipeline:PipelineID=fb1d1abe-acb0-4f27-90bf-4a4fd64f1a85 to datanode:68e70bec-2654-4ecf-aba3-1fd50f487e32
2022-11-10 17:28:01,836 [RatisPipelineUtilsThread - 0] INFO  pipeline.RatisPipelineProvider (RatisPipelineProvider.java:lambda$create$0(195)) - Sending CreatePipelineCommand for pipeline:PipelineID=fb1d1abe-acb0-4f27-90bf-4a4fd64f1a85 to datanode:325472d8-9d81-4b17-841b-efb836b1d11d
2022-11-10 17:28:01,836 [RatisPipelineUtilsThread - 0] INFO  pipeline.RatisPipelineProvider (RatisPipelineProvider.java:lambda$create$0(195)) - Sending CreatePipelineCommand for pipeline:PipelineID=fb1d1abe-acb0-4f27-90bf-4a4fd64f1a85 to datanode:f55ec62f-fc83-4b90-9ad3-211b23c840f1
2022-11-10 17:28:01,837 [RatisPipelineUtilsThread - 0] INFO  pipeline.PipelineStateManagerImpl (PipelineStateManagerImpl.java:addPipeline(103)) - Created pipeline Pipeline[ Id: fb1d1abe-acb0-4f27-90bf-4a4fd64f1a85, Nodes: 68e70bec-2654-4ecf-aba3-1fd50f487e32{ip: 10.1.1.193, host: fv-az77-962.bprubkmdfdkerap53zvqdzdb0e.jx.internal.cloudapp.net, ports: [REPLICATION=40895, RATIS=35621, RATIS_ADMIN=35621, RATIS_SERVER=35621, STANDALONE=40677], networkLocation: /default-rack, certSerialId: null, persistedOpState: IN_SERVICE, persistedOpStateExpiryEpochSec: 0}325472d8-9d81-4b17-841b-efb836b1d11d{ip: 10.1.1.193, host: fv-az77-962.bprubkmdfdkerap53zvqdzdb0e.jx.internal.cloudapp.net, ports: [REPLICATION=35799, RATIS=39899, RATIS_ADMIN=39899, RATIS_SERVER=39899, STANDALONE=46595], networkLocation: /default-rack, certSerialId: null, persistedOpState: IN_SERVICE, persistedOpStateExpiryEpochSec: 0}f55ec62f-fc83-4b90-9ad3-211b23c840f1{ip: 10.1.1.193, host: fv-az77-962.bprubkmdfdkerap53zvqdzdb0e.jx.internal.cloudapp.net, ports: [REPLICATION=38953, RATIS=36009, RATIS_ADMIN=36009, RATIS_SERVER=36009, STANDALONE=36483], networkLocation: /default-rack, certSerialId: null, persistedOpState: IN_SERVICE, persistedOpStateExpiryEpochSec: 0}, ReplicationConfig: RATIS/THREE, State:ALLOCATED, leaderId:, CreationTimestamp2022-11-10T17:28:01.836Z[Etc/UTC]].
2022-11-10 17:28:01,839 [RatisPipelineUtilsThread - 0] INFO  pipeline.RatisPipelineProvider (RatisPipelineProvider.java:lambda$create$0(195)) - Sending CreatePipelineCommand for pipeline:PipelineID=502fb66c-9a9b-45a3-aa33-9fd6a907dae7 to datanode:325472d8-9d81-4b17-841b-efb836b1d11d
2022-11-10 17:28:01,839 [RatisPipelineUtilsThread - 0] INFO  pipeline.RatisPipelineProvider (RatisPipelineProvider.java:lambda$create$0(195)) - Sending CreatePipelineCommand for pipeline:PipelineID=502fb66c-9a9b-45a3-aa33-9fd6a907dae7 to datanode:f55ec62f-fc83-4b90-9ad3-211b23c840f1
2022-11-10 17:28:01,839 [RatisPipelineUtilsThread - 0] INFO  pipeline.RatisPipelineProvider (RatisPipelineProvider.java:lambda$create$0(195)) - Sending CreatePipelineCommand for pipeline:PipelineID=502fb66c-9a9b-45a3-aa33-9fd6a907dae7 to datanode:68e70bec-2654-4ecf-aba3-1fd50f487e32
2022-11-10 17:28:01,840 [RatisPipelineUtilsThread - 0] INFO  pipeline.PipelineStateManagerImpl (PipelineStateManagerImpl.java:addPipeline(103)) - Created pipeline Pipeline[ Id: 502fb66c-9a9b-45a3-aa33-9fd6a907dae7, Nodes: 325472d8-9d81-4b17-841b-efb836b1d11d{ip: 10.1.1.193, host: fv-az77-962.bprubkmdfdkerap53zvqdzdb0e.jx.internal.cloudapp.net, ports: [REPLICATION=35799, RATIS=39899, RATIS_ADMIN=39899, RATIS_SERVER=39899, STANDALONE=46595], networkLocation: /default-rack, certSerialId: null, persistedOpState: IN_SERVICE, persistedOpStateExpiryEpochSec: 0}f55ec62f-fc83-4b90-9ad3-211b23c840f1{ip: 10.1.1.193, host: fv-az77-962.bprubkmdfdkerap53zvqdzdb0e.jx.internal.cloudapp.net, ports: [REPLICATION=38953, RATIS=36009, RATIS_ADMIN=36009, RATIS_SERVER=36009, STANDALONE=36483], networkLocation: /default-rack, certSerialId: null, persistedOpState: IN_SERVICE, persistedOpStateExpiryEpochSec: 0}68e70bec-2654-4ecf-aba3-1fd50f487e32{ip: 10.1.1.193, host: fv-az77-962.bprubkmdfdkerap53zvqdzdb0e.jx.internal.cloudapp.net, ports: [REPLICATION=40895, RATIS=35621, RATIS_ADMIN=35621, RATIS_SERVER=35621, STANDALONE=40677], networkLocation: /default-rack, certSerialId: null, persistedOpState: IN_SERVICE, persistedOpStateExpiryEpochSec: 0}, ReplicationConfig: RATIS/THREE, State:ALLOCATED, leaderId:, CreationTimestamp2022-11-10T17:28:01.838Z[Etc/UTC]].
2022-11-10 17:28:01,840 [RatisPipelineUtilsThread - 0] INFO  pipeline.PipelineManagerImpl (PipelineManagerImpl.java:recordMetricsForPipeline(826)) - Pipeline: PipelineID=502fb66c-9a9b-45a3-aa33-9fd6a907dae7 contains same datanodes as previous pipelines: PipelineID=fb1d1abe-acb0-4f27-90bf-4a4fd64f1a85 nodeIds: 325472d8-9d81-4b17-841b-efb836b1d11d, f55ec62f-fc83-4b90-9ad3-211b23c840f1, 68e70bec-2654-4ecf-aba3-1fd50f487e32
2022-11-10 17:28:02,188 [IPC Server handler 12 on default port 45429] INFO  net.NetworkTopologyImpl (NetworkTopologyImpl.java:add(112)) - Added a new node: /default-rack/0b1dc6e2-94f6-44f1-9e64-a7602261fe9e
2022-11-10 17:28:02,189 [IPC Server handler 12 on default port 45429] INFO  node.SCMNodeManager (SCMNodeManager.java:register(397)) - Registered Data node : 0b1dc6e2-94f6-44f1-9e64-a7602261fe9e{ip: 10.1.1.193, host: fv-az77-962.bprubkmdfdkerap53zvqdzdb0e.jx.internal.cloudapp.net, ports: [REPLICATION=34751, RATIS=35445, RATIS_ADMIN=35445, RATIS_SERVER=35445, STANDALONE=38501], networkLocation: /default-rack, certSerialId: null, persistedOpState: null, persistedOpStateExpiryEpochSec: 0}
2022-11-10 17:28:02,189 [EventQueue-NewNodeForNewNodeHandler] INFO  pipeline.BackgroundPipelineCreator (BackgroundPipelineCreator.java:notifyEventTriggered(276)) - trigger a one-shot run on RatisPipelineUtilsThread.
2022-11-10 17:28:02,190 [RatisPipelineUtilsThread - 0] INFO  pipeline.RatisPipelineProvider (RatisPipelineProvider.java:lambda$create$0(195)) - Sending CreatePipelineCommand for pipeline:PipelineID=660a79ab-8e9e-4cf7-b0cd-0eb51e0c8748 to datanode:0b1dc6e2-94f6-44f1-9e64-a7602261fe9e
2022-11-10 17:28:02,191 [RatisPipelineUtilsThread - 0] INFO  pipeline.PipelineStateManagerImpl (PipelineStateManagerImpl.java:addPipeline(103)) - Created pipeline Pipeline[ Id: 660a79ab-8e9e-4cf7-b0cd-0eb51e0c8748, Nodes: 0b1dc6e2-94f6-44f1-9e64-a7602261fe9e{ip: 10.1.1.193, host: fv-az77-962.bprubkmdfdkerap53zvqdzdb0e.jx.internal.cloudapp.net, ports: [REPLICATION=34751, RATIS=35445, RATIS_ADMIN=35445, RATIS_SERVER=35445, STANDALONE=38501], networkLocation: /default-rack, certSerialId: null, persistedOpState: IN_SERVICE, persistedOpStateExpiryEpochSec: 0}, ReplicationConfig: RATIS/ONE, State:ALLOCATED, leaderId:, CreationTimestamp2022-11-10T17:28:02.190Z[Etc/UTC]].
2022-11-10 17:28:02,311 [Listener at 127.0.0.1/38511] INFO  ozone.MiniOzoneClusterImpl (MiniOzoneClusterImpl.java:lambda$waitForClusterToBeReady$0(216)) - Waiting for nodes to be ready. Got 4 of 7 DN Heartbeats.
2022-11-10 17:28:02,312 [Listener at 127.0.0.1/38511] INFO  ozone.MiniOzoneClusterImpl (MiniOzoneClusterImpl.java:lambda$waitForClusterToBeReady$0(219)) - Waiting for cluster to exit safe mode
2022-11-10 17:28:02,312 [Listener at 127.0.0.1/38511] INFO  ozone.MiniOzoneClusterImpl (MiniOzoneClusterImpl.java:lambda$waitForClusterToBeReady$0(221)) - SCM became leader
2022-11-10 17:28:02,548 [IPC Server handler 17 on default port 45429] INFO  net.NetworkTopologyImpl (NetworkTopologyImpl.java:add(112)) - Added a new node: /default-rack/7493d598-9ec5-46a7-8aa9-dc1154913886
2022-11-10 17:28:02,549 [IPC Server handler 17 on default port 45429] INFO  node.SCMNodeManager (SCMNodeManager.java:register(397)) - Registered Data node : 7493d598-9ec5-46a7-8aa9-dc1154913886{ip: 10.1.1.193, host: fv-az77-962.bprubkmdfdkerap53zvqdzdb0e.jx.internal.cloudapp.net, ports: [REPLICATION=37643, RATIS=33661, RATIS_ADMIN=33661, RATIS_SERVER=33661, STANDALONE=38653], networkLocation: /default-rack, certSerialId: null, persistedOpState: null, persistedOpStateExpiryEpochSec: 0}
2022-11-10 17:28:02,549 [EventQueue-NewNodeForNewNodeHandler] INFO  pipeline.BackgroundPipelineCreator (BackgroundPipelineCreator.java:notifyEventTriggered(276)) - trigger a one-shot run on RatisPipelineUtilsThread.
2022-11-10 17:28:02,550 [RatisPipelineUtilsThread - 0] INFO  pipeline.RatisPipelineProvider (RatisPipelineProvider.java:lambda$create$0(195)) - Sending CreatePipelineCommand for pipeline:PipelineID=bcf7a4a3-47ec-4b31-bd56-958071a471c8 to datanode:7493d598-9ec5-46a7-8aa9-dc1154913886
2022-11-10 17:28:02,550 [RatisPipelineUtilsThread - 0] INFO  pipeline.PipelineStateManagerImpl (PipelineStateManagerImpl.java:addPipeline(103)) - Created pipeline Pipeline[ Id: bcf7a4a3-47ec-4b31-bd56-958071a471c8, Nodes: 7493d598-9ec5-46a7-8aa9-dc1154913886{ip: 10.1.1.193, host: fv-az77-962.bprubkmdfdkerap53zvqdzdb0e.jx.internal.cloudapp.net, ports: [REPLICATION=37643, RATIS=33661, RATIS_ADMIN=33661, RATIS_SERVER=33661, STANDALONE=38653], networkLocation: /default-rack, certSerialId: null, persistedOpState: IN_SERVICE, persistedOpStateExpiryEpochSec: 0}, ReplicationConfig: RATIS/ONE, State:ALLOCATED, leaderId:, CreationTimestamp2022-11-10T17:28:02.550Z[Etc/UTC]].
2022-11-10 17:28:02,930 [IPC Server handler 12 on default port 45429] INFO  net.NetworkTopologyImpl (NetworkTopologyImpl.java:add(112)) - Added a new node: /default-rack/e820eb09-a4f5-42d5-9992-ed2f360ca321
2022-11-10 17:28:02,931 [IPC Server handler 12 on default port 45429] INFO  node.SCMNodeManager (SCMNodeManager.java:register(397)) - Registered Data node : e820eb09-a4f5-42d5-9992-ed2f360ca321{ip: 10.1.1.193, host: fv-az77-962.bprubkmdfdkerap53zvqdzdb0e.jx.internal.cloudapp.net, ports: [REPLICATION=38395, RATIS=36195, RATIS_ADMIN=36195, RATIS_SERVER=36195, STANDALONE=44653], networkLocation: /default-rack, certSerialId: null, persistedOpState: null, persistedOpStateExpiryEpochSec: 0}
2022-11-10 17:28:02,931 [EventQueue-NewNodeForNewNodeHandler] INFO  pipeline.BackgroundPipelineCreator (BackgroundPipelineCreator.java:notifyEventTriggered(276)) - trigger a one-shot run on RatisPipelineUtilsThread.
2022-11-10 17:28:02,933 [RatisPipelineUtilsThread - 0] INFO  pipeline.RatisPipelineProvider (RatisPipelineProvider.java:lambda$create$0(195)) - Sending CreatePipelineCommand for pipeline:PipelineID=9ad3d931-7a4c-4a10-9aeb-577a77e2aed6 to datanode:e820eb09-a4f5-42d5-9992-ed2f360ca321
2022-11-10 17:28:02,933 [RatisPipelineUtilsThread - 0] INFO  pipeline.PipelineStateManagerImpl (PipelineStateManagerImpl.java:addPipeline(103)) - Created pipeline Pipeline[ Id: 9ad3d931-7a4c-4a10-9aeb-577a77e2aed6, Nodes: e820eb09-a4f5-42d5-9992-ed2f360ca321{ip: 10.1.1.193, host: fv-az77-962.bprubkmdfdkerap53zvqdzdb0e.jx.internal.cloudapp.net, ports: [REPLICATION=38395, RATIS=36195, RATIS_ADMIN=36195, RATIS_SERVER=36195, STANDALONE=44653], networkLocation: /default-rack, certSerialId: null, persistedOpState: IN_SERVICE, persistedOpStateExpiryEpochSec: 0}, ReplicationConfig: RATIS/ONE, State:ALLOCATED, leaderId:, CreationTimestamp2022-11-10T17:28:02.933Z[Etc/UTC]].
2022-11-10 17:28:02,934 [RatisPipelineUtilsThread - 0] INFO  pipeline.RatisPipelineProvider (RatisPipelineProvider.java:lambda$create$0(195)) - Sending CreatePipelineCommand for pipeline:PipelineID=82d53f2f-f739-4689-ac6c-b8554f0414a7 to datanode:e820eb09-a4f5-42d5-9992-ed2f360ca321
2022-11-10 17:28:02,935 [RatisPipelineUtilsThread - 0] INFO  pipeline.RatisPipelineProvider (RatisPipelineProvider.java:lambda$create$0(195)) - Sending CreatePipelineCommand for pipeline:PipelineID=82d53f2f-f739-4689-ac6c-b8554f0414a7 to datanode:0b1dc6e2-94f6-44f1-9e64-a7602261fe9e
2022-11-10 17:28:02,935 [RatisPipelineUtilsThread - 0] INFO  pipeline.RatisPipelineProvider (RatisPipelineProvider.java:lambda$create$0(195)) - Sending CreatePipelineCommand for pipeline:PipelineID=82d53f2f-f739-4689-ac6c-b8554f0414a7 to datanode:7493d598-9ec5-46a7-8aa9-dc1154913886
2022-11-10 17:28:02,935 [RatisPipelineUtilsThread - 0] INFO  pipeline.PipelineStateManagerImpl (PipelineStateManagerImpl.java:addPipeline(103)) - Created pipeline Pipeline[ Id: 82d53f2f-f739-4689-ac6c-b8554f0414a7, Nodes: e820eb09-a4f5-42d5-9992-ed2f360ca321{ip: 10.1.1.193, host: fv-az77-962.bprubkmdfdkerap53zvqdzdb0e.jx.internal.cloudapp.net, ports: [REPLICATION=38395, RATIS=36195, RATIS_ADMIN=36195, RATIS_SERVER=36195, STANDALONE=44653], networkLocation: /default-rack, certSerialId: null, persistedOpState: IN_SERVICE, persistedOpStateExpiryEpochSec: 0}0b1dc6e2-94f6-44f1-9e64-a7602261fe9e{ip: 10.1.1.193, host: fv-az77-962.bprubkmdfdkerap53zvqdzdb0e.jx.internal.cloudapp.net, ports: [REPLICATION=34751, RATIS=35445, RATIS_ADMIN=35445, RATIS_SERVER=35445, STANDALONE=38501], networkLocation: /default-rack, certSerialId: null, persistedOpState: IN_SERVICE, persistedOpStateExpiryEpochSec: 0}7493d598-9ec5-46a7-8aa9-dc1154913886{ip: 10.1.1.193, host: fv-az77-962.bprubkmdfdkerap53zvqdzdb0e.jx.internal.cloudapp.net, ports: [REPLICATION=37643, RATIS=33661, RATIS_ADMIN=33661, RATIS_SERVER=33661, STANDALONE=38653], networkLocation: /default-rack, certSerialId: null, persistedOpState: IN_SERVICE, persistedOpStateExpiryEpochSec: 0}, ReplicationConfig: RATIS/THREE, State:ALLOCATED, leaderId:, CreationTimestamp2022-11-10T17:28:02.934Z[Etc/UTC]].
2022-11-10 17:28:02,937 [RatisPipelineUtilsThread - 0] INFO  pipeline.RatisPipelineProvider (RatisPipelineProvider.java:lambda$create$0(195)) - Sending CreatePipelineCommand for pipeline:PipelineID=87bba336-f7a7-438f-9a4d-e7907858a5d7 to datanode:e820eb09-a4f5-42d5-9992-ed2f360ca321
2022-11-10 17:28:02,937 [RatisPipelineUtilsThread - 0] INFO  pipeline.RatisPipelineProvider (RatisPipelineProvider.java:lambda$create$0(195)) - Sending CreatePipelineCommand for pipeline:PipelineID=87bba336-f7a7-438f-9a4d-e7907858a5d7 to datanode:7493d598-9ec5-46a7-8aa9-dc1154913886
2022-11-10 17:28:02,938 [RatisPipelineUtilsThread - 0] INFO  pipeline.RatisPipelineProvider (RatisPipelineProvider.java:lambda$create$0(195)) - Sending CreatePipelineCommand for pipeline:PipelineID=87bba336-f7a7-438f-9a4d-e7907858a5d7 to datanode:0b1dc6e2-94f6-44f1-9e64-a7602261fe9e
2022-11-10 17:28:02,939 [RatisPipelineUtilsThread - 0] INFO  pipeline.PipelineStateManagerImpl (PipelineStateManagerImpl.java:addPipeline(103)) - Created pipeline Pipeline[ Id: 87bba336-f7a7-438f-9a4d-e7907858a5d7, Nodes: e820eb09-a4f5-42d5-9992-ed2f360ca321{ip: 10.1.1.193, host: fv-az77-962.bprubkmdfdkerap53zvqdzdb0e.jx.internal.cloudapp.net, ports: [REPLICATION=38395, RATIS=36195, RATIS_ADMIN=36195, RATIS_SERVER=36195, STANDALONE=44653], networkLocation: /default-rack, certSerialId: null, persistedOpState: IN_SERVICE, persistedOpStateExpiryEpochSec: 0}7493d598-9ec5-46a7-8aa9-dc1154913886{ip: 10.1.1.193, host: fv-az77-962.bprubkmdfdkerap53zvqdzdb0e.jx.internal.cloudapp.net, ports: [REPLICATION=37643, RATIS=33661, RATIS_ADMIN=33661, RATIS_SERVER=33661, STANDALONE=38653], networkLocation: /default-rack, certSerialId: null, persistedOpState: IN_SERVICE, persistedOpStateExpiryEpochSec: 0}0b1dc6e2-94f6-44f1-9e64-a7602261fe9e{ip: 10.1.1.193, host: fv-az77-962.bprubkmdfdkerap53zvqdzdb0e.jx.internal.cloudapp.net, ports: [REPLICATION=34751, RATIS=35445, RATIS_ADMIN=35445, RATIS_SERVER=35445, STANDALONE=38501], networkLocation: /default-rack, certSerialId: null, persistedOpState: IN_SERVICE, persistedOpStateExpiryEpochSec: 0}, ReplicationConfig: RATIS/THREE, State:ALLOCATED, leaderId:, CreationTimestamp2022-11-10T17:28:02.937Z[Etc/UTC]].
2022-11-10 17:28:02,939 [RatisPipelineUtilsThread - 0] INFO  pipeline.PipelineManagerImpl (PipelineManagerImpl.java:recordMetricsForPipeline(826)) - Pipeline: PipelineID=87bba336-f7a7-438f-9a4d-e7907858a5d7 contains same datanodes as previous pipelines: PipelineID=82d53f2f-f739-4689-ac6c-b8554f0414a7 nodeIds: e820eb09-a4f5-42d5-9992-ed2f360ca321, 7493d598-9ec5-46a7-8aa9-dc1154913886, 0b1dc6e2-94f6-44f1-9e64-a7602261fe9e
2022-11-10 17:28:03,312 [Listener at 127.0.0.1/38511] INFO  ozone.MiniOzoneClusterImpl (MiniOzoneClusterImpl.java:lambda$waitForClusterToBeReady$0(216)) - Waiting for nodes to be ready. Got 6 of 7 DN Heartbeats.
2022-11-10 17:28:03,313 [Listener at 127.0.0.1/38511] INFO  ozone.MiniOzoneClusterImpl (MiniOzoneClusterImpl.java:lambda$waitForClusterToBeReady$0(219)) - Waiting for cluster to exit safe mode
2022-11-10 17:28:03,313 [Listener at 127.0.0.1/38511] INFO  ozone.MiniOzoneClusterImpl (MiniOzoneClusterImpl.java:lambda$waitForClusterToBeReady$0(221)) - SCM became leader
2022-11-10 17:28:03,335 [IPC Server handler 19 on default port 45429] INFO  net.NetworkTopologyImpl (NetworkTopologyImpl.java:add(112)) - Added a new node: /default-rack/4a648ec9-f79d-4616-8c85-6f5aeee5d597
2022-11-10 17:28:03,335 [IPC Server handler 19 on default port 45429] INFO  node.SCMNodeManager (SCMNodeManager.java:register(397)) - Registered Data node : 4a648ec9-f79d-4616-8c85-6f5aeee5d597{ip: 10.1.1.193, host: fv-az77-962.bprubkmdfdkerap53zvqdzdb0e.jx.internal.cloudapp.net, ports: [REPLICATION=43421, RATIS=35623, RATIS_ADMIN=35623, RATIS_SERVER=35623, STANDALONE=41181], networkLocation: /default-rack, certSerialId: null, persistedOpState: null, persistedOpStateExpiryEpochSec: 0}
2022-11-10 17:28:03,336 [EventQueue-NewNodeForNewNodeHandler] INFO  pipeline.BackgroundPipelineCreator (BackgroundPipelineCreator.java:notifyEventTriggered(276)) - trigger a one-shot run on RatisPipelineUtilsThread.
2022-11-10 17:28:03,337 [RatisPipelineUtilsThread - 0] INFO  pipeline.RatisPipelineProvider (RatisPipelineProvider.java:lambda$create$0(195)) - Sending CreatePipelineCommand for pipeline:PipelineID=66df51c5-7d00-47f6-934b-4d12300ae30f to datanode:4a648ec9-f79d-4616-8c85-6f5aeee5d597
2022-11-10 17:28:03,337 [RatisPipelineUtilsThread - 0] INFO  pipeline.PipelineStateManagerImpl (PipelineStateManagerImpl.java:addPipeline(103)) - Created pipeline Pipeline[ Id: 66df51c5-7d00-47f6-934b-4d12300ae30f, Nodes: 4a648ec9-f79d-4616-8c85-6f5aeee5d597{ip: 10.1.1.193, host: fv-az77-962.bprubkmdfdkerap53zvqdzdb0e.jx.internal.cloudapp.net, ports: [REPLICATION=43421, RATIS=35623, RATIS_ADMIN=35623, RATIS_SERVER=35623, STANDALONE=41181], networkLocation: /default-rack, certSerialId: null, persistedOpState: IN_SERVICE, persistedOpStateExpiryEpochSec: 0}, ReplicationConfig: RATIS/ONE, State:ALLOCATED, leaderId:, CreationTimestamp2022-11-10T17:28:03.337Z[Etc/UTC]].
2022-11-10 17:28:03,819 [Command processor thread] INFO  server.RaftServer (RaftServerProxy.java:addNew(96)) - f55ec62f-fc83-4b90-9ad3-211b23c840f1: addNew group-663C80B8D1BE:[f55ec62f-fc83-4b90-9ad3-211b23c840f1|rpc:10.1.1.193:36009|priority:1|startupRole:FOLLOWER] returns group-663C80B8D1BE:java.util.concurrent.CompletableFuture@2cd0134c[Not completed]
2022-11-10 17:28:03,845 [pool-72-thread-1] INFO  server.RaftServer$Division (RaftServerImpl.java:<init>(195)) - f55ec62f-fc83-4b90-9ad3-211b23c840f1: new RaftServerImpl for group-663C80B8D1BE:[f55ec62f-fc83-4b90-9ad3-211b23c840f1|rpc:10.1.1.193:36009|priority:1|startupRole:FOLLOWER] with ContainerStateMachine:uninitialized
2022-11-10 17:28:03,847 [pool-72-thread-1] INFO  server.RaftServerConfigKeys (ConfUtils.java:logGet(46)) - raft.server.rpc.timeout.min = 5s (custom)
2022-11-10 17:28:03,847 [pool-72-thread-1] INFO  server.RaftServerConfigKeys (ConfUtils.java:logGet(46)) - raft.server.rpc.timeout.max = 5200ms (custom)
2022-11-10 17:28:03,847 [pool-72-thread-1] INFO  server.RaftServerConfigKeys (ConfUtils.java:logGet(46)) - raft.server.rpc.sleep.time = 25ms (default)
2022-11-10 17:28:03,847 [pool-72-thread-1] INFO  server.RaftServerConfigKeys (ConfUtils.java:logGet(46)) - raft.server.rpc.slowness.timeout = 300s (custom)
2022-11-10 17:28:03,847 [pool-72-thread-1] INFO  server.RaftServerConfigKeys (ConfUtils.java:logGet(46)) - raft.server.leaderelection.leader.step-down.wait-time = 10s (default)
2022-11-10 17:28:03,847 [pool-72-thread-1] INFO  server.RaftServerConfigKeys (ConfUtils.java:logGet(46)) - raft.server.sleep.deviation.threshold = 300ms (default)
2022-11-10 17:28:03,848 [pool-72-thread-1] INFO  server.RaftServer$Division (ServerState.java:<init>(118)) - f55ec62f-fc83-4b90-9ad3-211b23c840f1@group-663C80B8D1BE: ConfigurationManager, init=-1: peers:[f55ec62f-fc83-4b90-9ad3-211b23c840f1|rpc:10.1.1.193:36009|priority:1|startupRole:FOLLOWER]|listeners:[], old=null, confs=<EMPTY_MAP>
2022-11-10 17:28:03,848 [pool-72-thread-1] INFO  server.RaftServerConfigKeys (ConfUtils.java:logGet(46)) - raft.server.storage.dir = [/home/runner/work/ozone/ozone/hadoop-ozone/integration-test/target/test-dir/MiniOzoneClusterImpl-5e6b204f-6d0c-499e-8bc7-d272478adc61/datanode-0/data/ratis] (custom)
2022-11-10 17:28:03,848 [pool-72-thread-1] INFO  server.RaftServerConfigKeys (ConfUtils.java:logGet(46)) - raft.server.log.corruption.policy = EXCEPTION (default)
2022-11-10 17:28:03,848 [pool-72-thread-1] INFO  server.RaftServerConfigKeys (ConfUtils.java:logGet(46)) - raft.server.storage.free-space.min = 0MB (=0) (default)
2022-11-10 17:28:03,849 [pool-72-thread-1] INFO  server.RaftServerConfigKeys (ConfUtils.java:logGet(46)) - raft.server.notification.no-leader.timeout = 300s (custom)
2022-11-10 17:28:03,849 [pool-72-thread-1] INFO  server.RaftServerConfigKeys (ConfUtils.java:logGet(46)) - raft.server.retrycache.expirytime = 600000ms (custom)
2022-11-10 17:28:03,849 [pool-72-thread-1] INFO  server.RaftServerConfigKeys (ConfUtils.java:logGet(46)) - raft.server.retrycache.statistics.expirytime = 100μs (default)
2022-11-10 17:28:03,857 [pool-72-thread-1] INFO  server.RaftServerConfigKeys (ConfUtils.java:logGet(46)) - raft.server.log.appender.install.snapshot.enabled = false (custom)
2022-11-10 17:28:03,857 [pool-72-thread-1] INFO  server.RaftServerConfigKeys (ConfUtils.java:logGet(46)) - raft.server.threadpool.server.cached = true (default)
2022-11-10 17:28:03,857 [pool-72-thread-1] INFO  server.RaftServerConfigKeys (ConfUtils.java:logGet(46)) - raft.server.threadpool.server.size = 0 (default)
2022-11-10 17:28:03,857 [pool-72-thread-1] INFO  server.RaftServerConfigKeys (ConfUtils.java:logGet(46)) - raft.server.threadpool.client.cached = true (default)
2022-11-10 17:28:03,857 [pool-72-thread-1] INFO  server.RaftServerConfigKeys (ConfUtils.java:logGet(46)) - raft.server.threadpool.client.size = 0 (default)
2022-11-10 17:28:03,857 [pool-72-thread-1] INFO  storage.RaftStorageDirectory (RaftStorageDirectoryImpl.java:analyzeStorage(137)) - The storage directory /home/runner/work/ozone/ozone/hadoop-ozone/integration-test/target/test-dir/MiniOzoneClusterImpl-5e6b204f-6d0c-499e-8bc7-d272478adc61/datanode-0/data/ratis/b28ff19f-874c-466d-b9e5-663c80b8d1be does not exist. Creating ...
2022-11-10 17:28:03,861 [pool-72-thread-1] INFO  storage.RaftStorageDirectory (RaftStorageDirectoryImpl.java:tryLock(231)) - Lock on /home/runner/work/ozone/ozone/hadoop-ozone/integration-test/target/test-dir/MiniOzoneClusterImpl-5e6b204f-6d0c-499e-8bc7-d272478adc61/datanode-0/data/ratis/b28ff19f-874c-466d-b9e5-663c80b8d1be/in_use.lock acquired by nodename 64491@fv-az77-962
2022-11-10 17:28:03,863 [pool-72-thread-1] INFO  storage.RaftStorage (RaftStorageImpl.java:format(96)) - Storage directory /home/runner/work/ozone/ozone/hadoop-ozone/integration-test/target/test-dir/MiniOzoneClusterImpl-5e6b204f-6d0c-499e-8bc7-d272478adc61/datanode-0/data/ratis/b28ff19f-874c-466d-b9e5-663c80b8d1be has been successfully formatted.
2022-11-10 17:28:03,872 [pool-72-thread-1] INFO  ratis.ContainerStateMachine (ContainerStateMachine.java:loadSnapshot(236)) - group-663C80B8D1BE: The snapshot info is null. Setting the last applied indexto:(t:0, i:~)
2022-11-10 17:28:03,872 [pool-72-thread-1] INFO  server.RaftServerConfigKeys (ConfUtils.java:logGet(46)) - raft.server.log.use.memory = false (default)
2022-11-10 17:28:03,872 [pool-72-thread-1] INFO  server.RaftServerConfigKeys (ConfUtils.java:logGet(46)) - raft.server.log.purge.gap = 1000000 (custom)
2022-11-10 17:28:03,872 [pool-72-thread-1] INFO  server.RaftServerConfigKeys (ConfUtils.java:logGet(46)) - raft.server.log.appender.buffer.byte-limit = 33554432 (custom)
2022-11-10 17:28:03,872 [pool-72-thread-1] INFO  server.RaftServerConfigKeys (ConfUtils.java:logGet(46)) - raft.server.log.statemachine.data.read.timeout = 1000ms (default)
2022-11-10 17:28:03,872 [pool-72-thread-1] INFO  server.RaftServerConfigKeys (ConfUtils.java:logGet(46)) - raft.server.log.purge.preservation.log.num = 0 (default)
2022-11-10 17:28:03,873 [pool-72-thread-1] INFO  server.RaftServerConfigKeys (ConfUtils.java:logGet(46)) - raft.server.log.segment.size.max = 1048576 (custom)
2022-11-10 17:28:03,874 [pool-72-thread-1] INFO  server.RaftServerConfigKeys (ConfUtils.java:logGet(46)) - raft.server.log.segment.cache.num.max = 2 (custom)
2022-11-10 17:28:03,874 [pool-72-thread-1] INFO  server.RaftServerConfigKeys (ConfUtils.java:logGet(46)) - raft.server.log.segment.cache.size.max = 200MB (=209715200) (default)
2022-11-10 17:28:03,874 [pool-72-thread-1] INFO  segmented.SegmentedRaftLogWorker (SegmentedRaftLogWorker.java:<init>(191)) - new f55ec62f-fc83-4b90-9ad3-211b23c840f1@group-663C80B8D1BE-SegmentedRaftLogWorker for RaftStorageImpl:Storage Directory /home/runner/work/ozone/ozone/hadoop-ozone/integration-test/target/test-dir/MiniOzoneClusterImpl-5e6b204f-6d0c-499e-8bc7-d272478adc61/datanode-0/data/ratis/b28ff19f-874c-466d-b9e5-663c80b8d1be
2022-11-10 17:28:03,874 [pool-72-thread-1] INFO  server.RaftServerConfigKeys (ConfUtils.java:logGet(46)) - raft.server.log.queue.byte-limit = 4294967296 (custom)
2022-11-10 17:28:03,874 [pool-72-thread-1] INFO  server.RaftServerConfigKeys (ConfUtils.java:logGet(46)) - raft.server.log.queue.element-limit = 1024 (custom)
2022-11-10 17:28:03,874 [pool-72-thread-1] INFO  server.RaftServerConfigKeys (ConfUtils.java:logGet(46)) - raft.server.log.segment.size.max = 1048576 (custom)
2022-11-10 17:28:03,874 [pool-72-thread-1] INFO  server.RaftServerConfigKeys (ConfUtils.java:logGet(46)) - raft.server.log.preallocated.size = 16384 (custom)
2022-11-10 17:28:03,874 [pool-72-thread-1] INFO  server.RaftServerConfigKeys (ConfUtils.java:logGet(46)) - raft.server.log.force.sync.num = 128 (default)
2022-11-10 17:28:03,874 [pool-72-thread-1] INFO  server.RaftServerConfigKeys (ConfUtils.java:logGet(46)) - raft.server.log.statemachine.data.sync = true (default)
2022-11-10 17:28:03,874 [pool-72-thread-1] INFO  server.RaftServerConfigKeys (ConfUtils.java:logGet(46)) - raft.server.log.statemachine.data.sync.timeout = 10s (default)
2022-11-10 17:28:03,874 [pool-72-thread-1] INFO  server.RaftServerConfigKeys (ConfUtils.java:logGet(46)) - raft.server.log.statemachine.data.sync.timeout.retry = -1 (default)
2022-11-10 17:28:03,876 [pool-72-thread-1] INFO  server.RaftServerConfigKeys (ConfUtils.java:logGet(46)) - raft.server.log.write.buffer.size = 1048576 (custom)
2022-11-10 17:28:03,877 [pool-72-thread-1] INFO  server.RaftServerConfigKeys (ConfUtils.java:logGet(46)) - raft.server.log.unsafe-flush.enabled = false (default)
2022-11-10 17:28:03,877 [pool-72-thread-1] INFO  server.RaftServerConfigKeys (ConfUtils.java:logGet(46)) - raft.server.log.async-flush.enabled = false (default)
2022-11-10 17:28:03,877 [pool-72-thread-1] INFO  server.RaftServerConfigKeys (ConfUtils.java:logGet(46)) - raft.server.log.statemachine.data.caching.enabled = true (custom)
2022-11-10 17:28:03,877 [pool-72-thread-1] INFO  segmented.SegmentedRaftLogWorker (SegmentedRaftLogWorker.java:lambda$new$0(136)) - f55ec62f-fc83-4b90-9ad3-211b23c840f1@group-663C80B8D1BE-SegmentedRaftLogWorker: flushIndex: setUnconditionally 0 -> -1
2022-11-10 17:28:03,877 [pool-72-thread-1] INFO  segmented.SegmentedRaftLogWorker (SegmentedRaftLogWorker.java:lambda$new$0(136)) - f55ec62f-fc83-4b90-9ad3-211b23c840f1@group-663C80B8D1BE-SegmentedRaftLogWorker: safeCacheEvictIndex: setUnconditionally 0 -> -1
2022-11-10 17:28:03,877 [pool-72-thread-1] INFO  server.RaftServer$Division (RaftServerImpl.java:start(334)) - f55ec62f-fc83-4b90-9ad3-211b23c840f1@group-663C80B8D1BE: start as a follower, conf=-1: peers:[f55ec62f-fc83-4b90-9ad3-211b23c840f1|rpc:10.1.1.193:36009|priority:1|startupRole:FOLLOWER]|listeners:[], old=null
2022-11-10 17:28:03,877 [pool-72-thread-1] INFO  server.RaftServer$Division (RaftServerImpl.java:setRole(321)) - f55ec62f-fc83-4b90-9ad3-211b23c840f1@group-663C80B8D1BE: changes role from      null to FOLLOWER at term 0 for startAsFollower
2022-11-10 17:28:03,877 [pool-72-thread-1] INFO  impl.RoleInfo (RoleInfo.java:updateAndGet(139)) - f55ec62f-fc83-4b90-9ad3-211b23c840f1: start f55ec62f-fc83-4b90-9ad3-211b23c840f1@group-663C80B8D1BE-FollowerState
2022-11-10 17:28:03,886 [pool-72-thread-1] INFO  util.JmxRegister (JmxRegister.java:tryRegister(44)) - Successfully registered JMX Bean with object name Ratis:service=RaftServer,group=group-663C80B8D1BE,id=f55ec62f-fc83-4b90-9ad3-211b23c840f1
2022-11-10 17:28:03,886 [pool-72-thread-1] INFO  server.RaftServerConfigKeys (ConfUtils.java:logGet(46)) - raft.server.snapshot.auto.trigger.enabled = true (custom)
2022-11-10 17:28:03,886 [pool-72-thread-1] INFO  server.RaftServerConfigKeys (ConfUtils.java:logGet(46)) - raft.server.snapshot.auto.trigger.threshold = 10000 (custom)
2022-11-10 17:28:03,886 [pool-72-thread-1] INFO  server.RaftServerConfigKeys (ConfUtils.java:logGet(46)) - raft.server.snapshot.retention.file.num = 5 (custom)
2022-11-10 17:28:03,886 [pool-72-thread-1] INFO  server.RaftServerConfigKeys (ConfUtils.java:logGet(46)) - raft.server.log.purge.upto.snapshot.index = false (default)
2022-11-10 17:28:03,887 [f55ec62f-fc83-4b90-9ad3-211b23c840f1@group-663C80B8D1BE-FollowerState] INFO  server.RaftServerConfigKeys (ConfUtils.java:logFallback(53)) - raft.server.rpc.first-election.timeout.min = 5s (fallback to raft.server.rpc.timeout.min)
2022-11-10 17:28:03,887 [f55ec62f-fc83-4b90-9ad3-211b23c840f1@group-663C80B8D1BE-FollowerState] INFO  server.RaftServerConfigKeys (ConfUtils.java:logFallback(53)) - raft.server.rpc.first-election.timeout.max = 5200ms (fallback to raft.server.rpc.timeout.max)
2022-11-10 17:28:03,900 [Command processor thread] INFO  ratis.XceiverServerRatis (XceiverServerRatis.java:addGroup(765)) - Created group PipelineID=b28ff19f-874c-466d-b9e5-663c80b8d1be
2022-11-10 17:28:03,901 [Command processor thread] INFO  commandhandler.CreatePipelineCommandHandler (CreatePipelineCommandHandler.java:handle(113)) - Created Pipeline RATIS ONE PipelineID=b28ff19f-874c-466d-b9e5-663c80b8d1be.
2022-11-10 17:28:03,901 [Command processor thread] INFO  server.RaftServer (RaftServerProxy.java:addNew(96)) - f55ec62f-fc83-4b90-9ad3-211b23c840f1: addNew group-4A4FD64F1A85:[68e70bec-2654-4ecf-aba3-1fd50f487e32|rpc:10.1.1.193:35621|priority:0|startupRole:FOLLOWER, f55ec62f-fc83-4b90-9ad3-211b23c840f1|rpc:10.1.1.193:36009|priority:1|startupRole:FOLLOWER, 325472d8-9d81-4b17-841b-efb836b1d11d|rpc:10.1.1.193:39899|priority:0|startupRole:FOLLOWER] returns group-4A4FD64F1A85:java.util.concurrent.CompletableFuture@4f9c49a0[Not completed]
2022-11-10 17:28:03,945 [pool-72-thread-1] INFO  server.RaftServer$Division (RaftServerImpl.java:<init>(195)) - f55ec62f-fc83-4b90-9ad3-211b23c840f1: new RaftServerImpl for group-4A4FD64F1A85:[68e70bec-2654-4ecf-aba3-1fd50f487e32|rpc:10.1.1.193:35621|priority:0|startupRole:FOLLOWER, f55ec62f-fc83-4b90-9ad3-211b23c840f1|rpc:10.1.1.193:36009|priority:1|startupRole:FOLLOWER, 325472d8-9d81-4b17-841b-efb836b1d11d|rpc:10.1.1.193:39899|priority:0|startupRole:FOLLOWER] with ContainerStateMachine:uninitialized
2022-11-10 17:28:03,945 [pool-72-thread-1] INFO  server.RaftServerConfigKeys (ConfUtils.java:logGet(46)) - raft.server.rpc.timeout.min = 5s (custom)
2022-11-10 17:28:03,945 [pool-72-thread-1] INFO  server.RaftServerConfigKeys (ConfUtils.java:logGet(46)) - raft.server.rpc.timeout.max = 5200ms (custom)
2022-11-10 17:28:03,945 [pool-72-thread-1] INFO  server.RaftServerConfigKeys (ConfUtils.java:logGet(46)) - raft.server.rpc.sleep.time = 25ms (default)
2022-11-10 17:28:03,945 [pool-72-thread-1] INFO  server.RaftServerConfigKeys (ConfUtils.java:logGet(46)) - raft.server.rpc.slowness.timeout = 300s (custom)
2022-11-10 17:28:03,945 [pool-72-thread-1] INFO  server.RaftServerConfigKeys (ConfUtils.java:logGet(46)) - raft.server.leaderelection.leader.step-down.wait-time = 10s (default)
2022-11-10 17:28:03,945 [pool-72-thread-1] INFO  server.RaftServerConfigKeys (ConfUtils.java:logGet(46)) - raft.server.sleep.deviation.threshold = 300ms (default)
2022-11-10 17:28:03,946 [pool-72-thread-1] INFO  server.RaftServer$Division (ServerState.java:<init>(118)) - f55ec62f-fc83-4b90-9ad3-211b23c840f1@group-4A4FD64F1A85: ConfigurationManager, init=-1: peers:[68e70bec-2654-4ecf-aba3-1fd50f487e32|rpc:10.1.1.193:35621|priority:0|startupRole:FOLLOWER, f55ec62f-fc83-4b90-9ad3-211b23c840f1|rpc:10.1.1.193:36009|priority:1|startupRole:FOLLOWER, 325472d8-9d81-4b17-841b-efb836b1d11d|rpc:10.1.1.193:39899|priority:0|startupRole:FOLLOWER]|listeners:[], old=null, confs=<EMPTY_MAP>
2022-11-10 17:28:03,946 [pool-72-thread-1] INFO  server.RaftServerConfigKeys (ConfUtils.java:logGet(46)) - raft.server.storage.dir = [/home/runner/work/ozone/ozone/hadoop-ozone/integration-test/target/test-dir/MiniOzoneClusterImpl-5e6b204f-6d0c-499e-8bc7-d272478adc61/datanode-0/data/ratis] (custom)
2022-11-10 17:28:03,946 [pool-72-thread-1] INFO  server.RaftServerConfigKeys (ConfUtils.java:logGet(46)) - raft.server.log.corruption.policy = EXCEPTION (default)
2022-11-10 17:28:03,946 [pool-72-thread-1] INFO  server.RaftServerConfigKeys (ConfUtils.java:logGet(46)) - raft.server.storage.free-space.min = 0MB (=0) (default)
2022-11-10 17:28:03,946 [pool-72-thread-1] INFO  server.RaftServerConfigKeys (ConfUtils.java:logGet(46)) - raft.server.notification.no-leader.timeout = 300s (custom)
2022-11-10 17:28:03,946 [pool-72-thread-1] INFO  server.RaftServerConfigKeys (ConfUtils.java:logGet(46)) - raft.server.retrycache.expirytime = 600000ms (custom)
2022-11-10 17:28:03,946 [pool-72-thread-1] INFO  server.RaftServerConfigKeys (ConfUtils.java:logGet(46)) - raft.server.retrycache.statistics.expirytime = 100μs (default)
2022-11-10 17:28:03,953 [pool-72-thread-1] INFO  server.RaftServerConfigKeys (ConfUtils.java:logGet(46)) - raft.server.log.appender.install.snapshot.enabled = false (custom)
2022-11-10 17:28:03,953 [pool-72-thread-1] INFO  server.RaftServerConfigKeys (ConfUtils.java:logGet(46)) - raft.server.threadpool.server.cached = true (default)
2022-11-10 17:28:03,953 [pool-72-thread-1] INFO  server.RaftServerConfigKeys (ConfUtils.java:logGet(46)) - raft.server.threadpool.server.size = 0 (default)
2022-11-10 17:28:03,953 [pool-72-thread-1] INFO  server.RaftServerConfigKeys (ConfUtils.java:logGet(46)) - raft.server.threadpool.client.cached = true (default)
2022-11-10 17:28:03,953 [pool-72-thread-1] INFO  server.RaftServerConfigKeys (ConfUtils.java:logGet(46)) - raft.server.threadpool.client.size = 0 (default)
2022-11-10 17:28:03,953 [pool-72-thread-1] INFO  storage.RaftStorageDirectory (RaftStorageDirectoryImpl.java:analyzeStorage(137)) - The storage directory /home/runner/work/ozone/ozone/hadoop-ozone/integration-test/target/test-dir/MiniOzoneClusterImpl-5e6b204f-6d0c-499e-8bc7-d272478adc61/datanode-0/data/ratis/fb1d1abe-acb0-4f27-90bf-4a4fd64f1a85 does not exist. Creating ...
2022-11-10 17:28:03,958 [EventQueue-PipelineReportForPipelineReportHandler] INFO  pipeline.PipelineManagerImpl (PipelineManagerImpl.java:openPipeline(367)) - Pipeline Pipeline[ Id: b28ff19f-874c-466d-b9e5-663c80b8d1be, Nodes: f55ec62f-fc83-4b90-9ad3-211b23c840f1{ip: 10.1.1.193, host: fv-az77-962.bprubkmdfdkerap53zvqdzdb0e.jx.internal.cloudapp.net, ports: [REPLICATION=38953, RATIS=36009, RATIS_ADMIN=36009, RATIS_SERVER=36009, STANDALONE=36483], networkLocation: /default-rack, certSerialId: null, persistedOpState: IN_SERVICE, persistedOpStateExpiryEpochSec: 0}, ReplicationConfig: RATIS/ONE, State:ALLOCATED, leaderId:f55ec62f-fc83-4b90-9ad3-211b23c840f1, CreationTimestamp2022-11-10T17:28:00.832Z[Etc/UTC]] moved to OPEN state
2022-11-10 17:28:03,958 [pool-72-thread-1] INFO  storage.RaftStorageDirectory (RaftStorageDirectoryImpl.java:tryLock(231)) - Lock on /home/runner/work/ozone/ozone/hadoop-ozone/integration-test/target/test-dir/MiniOzoneClusterImpl-5e6b204f-6d0c-499e-8bc7-d272478adc61/datanode-0/data/ratis/fb1d1abe-acb0-4f27-90bf-4a4fd64f1a85/in_use.lock acquired by nodename 64491@fv-az77-962
2022-11-10 17:28:03,964 [pool-72-thread-1] INFO  storage.RaftStorage (RaftStorageImpl.java:format(96)) - Storage directory /home/runner/work/ozone/ozone/hadoop-ozone/integration-test/target/test-dir/MiniOzoneClusterImpl-5e6b204f-6d0c-499e-8bc7-d272478adc61/datanode-0/data/ratis/fb1d1abe-acb0-4f27-90bf-4a4fd64f1a85 has been successfully formatted.
2022-11-10 17:28:03,972 [pool-72-thread-1] INFO  ratis.ContainerStateMachine (ContainerStateMachine.java:loadSnapshot(236)) - group-4A4FD64F1A85: The snapshot info is null. Setting the last applied indexto:(t:0, i:~)
2022-11-10 17:28:03,972 [pool-72-thread-1] INFO  server.RaftServerConfigKeys (ConfUtils.java:logGet(46)) - raft.server.log.use.memory = false (default)
2022-11-10 17:28:03,973 [pool-72-thread-1] INFO  server.RaftServerConfigKeys (ConfUtils.java:logGet(46)) - raft.server.log.purge.gap = 1000000 (custom)
2022-11-10 17:28:03,973 [pool-72-thread-1] INFO  server.RaftServerConfigKeys (ConfUtils.java:logGet(46)) - raft.server.log.appender.buffer.byte-limit = 33554432 (custom)
2022-11-10 17:28:03,973 [pool-72-thread-1] INFO  server.RaftServerConfigKeys (ConfUtils.java:logGet(46)) - raft.server.log.statemachine.data.read.timeout = 1000ms (default)
2022-11-10 17:28:03,973 [pool-72-thread-1] INFO  server.RaftServerConfigKeys (ConfUtils.java:logGet(46)) - raft.server.log.purge.preservation.log.num = 0 (default)
2022-11-10 17:28:03,973 [pool-72-thread-1] INFO  server.RaftServerConfigKeys (ConfUtils.java:logGet(46)) - raft.server.log.segment.size.max = 1048576 (custom)
2022-11-10 17:28:03,974 [pool-72-thread-1] INFO  server.RaftServerConfigKeys (ConfUtils.java:logGet(46)) - raft.server.log.segment.cache.num.max = 2 (custom)
2022-11-10 17:28:03,974 [pool-72-thread-1] INFO  server.RaftServerConfigKeys (ConfUtils.java:logGet(46)) - raft.server.log.segment.cache.size.max = 200MB (=209715200) (default)
2022-11-10 17:28:03,974 [pool-72-thread-1] INFO  segmented.SegmentedRaftLogWorker (SegmentedRaftLogWorker.java:<init>(191)) - new f55ec62f-fc83-4b90-9ad3-211b23c840f1@group-4A4FD64F1A85-SegmentedRaftLogWorker for RaftStorageImpl:Storage Directory /home/runner/work/ozone/ozone/hadoop-ozone/integration-test/target/test-dir/MiniOzoneClusterImpl-5e6b204f-6d0c-499e-8bc7-d272478adc61/datanode-0/data/ratis/fb1d1abe-acb0-4f27-90bf-4a4fd64f1a85
2022-11-10 17:28:03,974 [pool-72-thread-1] INFO  server.RaftServerConfigKeys (ConfUtils.java:logGet(46)) - raft.server.log.queue.byte-limit = 4294967296 (custom)
2022-11-10 17:28:03,974 [pool-72-thread-1] INFO  server.RaftServerConfigKeys (ConfUtils.java:logGet(46)) - raft.server.log.queue.element-limit = 1024 (custom)
2022-11-10 17:28:03,974 [pool-72-thread-1] INFO  server.RaftServerConfigKeys (ConfUtils.java:logGet(46)) - raft.server.log.segment.size.max = 1048576 (custom)
2022-11-10 17:28:03,974 [pool-72-thread-1] INFO  server.RaftServerConfigKeys (ConfUtils.java:logGet(46)) - raft.server.log.preallocated.size = 16384 (custom)
2022-11-10 17:28:03,974 [pool-72-thread-1] INFO  server.RaftServerConfigKeys (ConfUtils.java:logGet(46)) - raft.server.log.force.sync.num = 128 (default)
2022-11-10 17:28:03,974 [pool-72-thread-1] INFO  server.RaftServerConfigKeys (ConfUtils.java:logGet(46)) - raft.server.log.statemachine.data.sync = true (default)
2022-11-10 17:28:03,975 [pool-72-thread-1] INFO  server.RaftServerConfigKeys (ConfUtils.java:logGet(46)) - raft.server.log.statemachine.data.sync.timeout = 10s (default)
2022-11-10 17:28:03,975 [pool-72-thread-1] INFO  server.RaftServerConfigKeys (ConfUtils.java:logGet(46)) - raft.server.log.statemachine.data.sync.timeout.retry = -1 (default)
2022-11-10 17:28:03,977 [EventQueue-OpenPipelineForHealthyPipelineSafeModeRule] INFO  safemode.SCMSafeModeManager (HealthyPipelineSafeModeRule.java:process(137)) - SCM in safe mode. Healthy pipelines reported count is 0, required healthy pipeline reported count is 1
2022-11-10 17:28:03,978 [pool-72-thread-1] INFO  server.RaftServerConfigKeys (ConfUtils.java:logGet(46)) - raft.server.log.write.buffer.size = 1048576 (custom)
2022-11-10 17:28:03,979 [pool-72-thread-1] INFO  server.RaftServerConfigKeys (ConfUtils.java:logGet(46)) - raft.server.log.unsafe-flush.enabled = false (default)
2022-11-10 17:28:03,980 [pool-72-thread-1] INFO  server.RaftServerConfigKeys (ConfUtils.java:logGet(46)) - raft.server.log.async-flush.enabled = false (default)
2022-11-10 17:28:03,980 [pool-72-thread-1] INFO  server.RaftServerConfigKeys (ConfUtils.java:logGet(46)) - raft.server.log.statemachine.data.caching.enabled = true (custom)
2022-11-10 17:28:03,980 [pool-72-thread-1] INFO  segmented.SegmentedRaftLogWorker (SegmentedRaftLogWorker.java:lambda$new$0(136)) - f55ec62f-fc83-4b90-9ad3-211b23c840f1@group-4A4FD64F1A85-SegmentedRaftLogWorker: flushIndex: setUnconditionally 0 -> -1
2022-11-10 17:28:03,980 [pool-72-thread-1] INFO  segmented.SegmentedRaftLogWorker (SegmentedRaftLogWorker.java:lambda$new$0(136)) - f55ec62f-fc83-4b90-9ad3-211b23c840f1@group-4A4FD64F1A85-SegmentedRaftLogWorker: safeCacheEvictIndex: setUnconditionally 0 -> -1
2022-11-10 17:28:03,981 [EventQueue-OpenPipelineForHealthyPipelineSafeModeRule] INFO  safemode.SCMSafeModeManager (HealthyPipelineSafeModeRule.java:process(137)) - SCM in safe mode. Healthy pipelines reported count is 0, required healthy pipeline reported count is 1
2022-11-10 17:28:03,981 [pool-72-thread-1] INFO  server.RaftServer$Division (RaftServerImpl.java:start(334)) - f55ec62f-fc83-4b90-9ad3-211b23c840f1@group-4A4FD64F1A85: start as a follower, conf=-1: peers:[68e70bec-2654-4ecf-aba3-1fd50f487e32|rpc:10.1.1.193:35621|priority:0|startupRole:FOLLOWER, f55ec62f-fc83-4b90-9ad3-211b23c840f1|rpc:10.1.1.193:36009|priority:1|startupRole:FOLLOWER, 325472d8-9d81-4b17-841b-efb836b1d11d|rpc:10.1.1.193:39899|priority:0|startupRole:FOLLOWER]|listeners:[], old=null
2022-11-10 17:28:03,981 [pool-72-thread-1] INFO  server.RaftServer$Division (RaftServerImpl.java:setRole(321)) - f55ec62f-fc83-4b90-9ad3-211b23c840f1@group-4A4FD64F1A85: changes role from      null to FOLLOWER at term 0 for startAsFollower
2022-11-10 17:28:03,981 [pool-72-thread-1] INFO  impl.RoleInfo (RoleInfo.java:updateAndGet(139)) - f55ec62f-fc83-4b90-9ad3-211b23c840f1: start f55ec62f-fc83-4b90-9ad3-211b23c840f1@group-4A4FD64F1A85-FollowerState
2022-11-10 17:28:03,982 [pool-72-thread-1] INFO  util.JmxRegister (JmxRegister.java:tryRegister(44)) - Successfully registered JMX Bean with object name Ratis:service=RaftServer,group=group-4A4FD64F1A85,id=f55ec62f-fc83-4b90-9ad3-211b23c840f1
2022-11-10 17:28:03,982 [pool-72-thread-1] INFO  server.RaftServerConfigKeys (ConfUtils.java:logGet(46)) - raft.server.snapshot.auto.trigger.enabled = true (custom)
2022-11-10 17:28:03,982 [pool-72-thread-1] INFO  server.RaftServerConfigKeys (ConfUtils.java:logGet(46)) - raft.server.snapshot.auto.trigger.threshold = 10000 (custom)
2022-11-10 17:28:03,982 [pool-72-thread-1] INFO  server.RaftServerConfigKeys (ConfUtils.java:logGet(46)) - raft.server.snapshot.retention.file.num = 5 (custom)
2022-11-10 17:28:03,982 [pool-72-thread-1] INFO  server.RaftServerConfigKeys (ConfUtils.java:logGet(46)) - raft.server.log.purge.upto.snapshot.index = false (default)
2022-11-10 17:28:03,996 [Command processor thread] INFO  ratis.XceiverServerRatis (XceiverServerRatis.java:addGroup(765)) - Created group PipelineID=fb1d1abe-acb0-4f27-90bf-4a4fd64f1a85
2022-11-10 17:28:04,000 [f55ec62f-fc83-4b90-9ad3-211b23c840f1@group-4A4FD64F1A85-FollowerState] INFO  server.RaftServerConfigKeys (ConfUtils.java:logFallback(53)) - raft.server.rpc.first-election.timeout.min = 5s (fallback to raft.server.rpc.timeout.min)
2022-11-10 17:28:04,000 [f55ec62f-fc83-4b90-9ad3-211b23c840f1@group-4A4FD64F1A85-FollowerState] INFO  server.RaftServerConfigKeys (ConfUtils.java:logFallback(53)) - raft.server.rpc.first-election.timeout.max = 5200ms (fallback to raft.server.rpc.timeout.max)
2022-11-10 17:28:04,314 [Listener at 127.0.0.1/38511] INFO  ozone.MiniOzoneClusterImpl (MiniOzoneClusterImpl.java:lambda$waitForClusterToBeReady$0(216)) - Nodes are ready. Got 7 of 7 DN Heartbeats.
2022-11-10 17:28:04,314 [Listener at 127.0.0.1/38511] INFO  ozone.MiniOzoneClusterImpl (MiniOzoneClusterImpl.java:lambda$waitForClusterToBeReady$0(219)) - Waiting for cluster to exit safe mode
2022-11-10 17:28:04,314 [Listener at 127.0.0.1/38511] INFO  ozone.MiniOzoneClusterImpl (MiniOzoneClusterImpl.java:lambda$waitForClusterToBeReady$0(221)) - SCM became leader
2022-11-10 17:28:04,380 [Command processor thread] INFO  server.RaftServer (RaftServerProxy.java:addNew(96)) - 68e70bec-2654-4ecf-aba3-1fd50f487e32: addNew group-E80F8EEF7473:[68e70bec-2654-4ecf-aba3-1fd50f487e32|rpc:10.1.1.193:35621|priority:1|startupRole:FOLLOWER] returns group-E80F8EEF7473:java.util.concurrent.CompletableFuture@1d66b6c1[Not completed]
2022-11-10 17:28:04,382 [pool-95-thread-1] INFO  server.RaftServer$Division (RaftServerImpl.java:<init>(195)) - 68e70bec-2654-4ecf-aba3-1fd50f487e32: new RaftServerImpl for group-E80F8EEF7473:[68e70bec-2654-4ecf-aba3-1fd50f487e32|rpc:10.1.1.193:35621|priority:1|startupRole:FOLLOWER] with ContainerStateMachine:uninitialized
2022-11-10 17:28:04,382 [pool-95-thread-1] INFO  server.RaftServerConfigKeys (ConfUtils.java:logGet(46)) - raft.server.rpc.timeout.min = 5s (custom)
2022-11-10 17:28:04,382 [pool-95-thread-1] INFO  server.RaftServerConfigKeys (ConfUtils.java:logGet(46)) - raft.server.rpc.timeout.max = 5200ms (custom)
2022-11-10 17:28:04,382 [pool-95-thread-1] INFO  server.RaftServerConfigKeys (ConfUtils.java:logGet(46)) - raft.server.rpc.sleep.time = 25ms (default)
2022-11-10 17:28:04,382 [pool-95-thread-1] INFO  server.RaftServerConfigKeys (ConfUtils.java:logGet(46)) - raft.server.rpc.slowness.timeout = 300s (custom)
2022-11-10 17:28:04,382 [pool-95-thread-1] INFO  server.RaftServerConfigKeys (ConfUtils.java:logGet(46)) - raft.server.leaderelection.leader.step-down.wait-time = 10s (default)
2022-11-10 17:28:04,382 [pool-95-thread-1] INFO  server.RaftServerConfigKeys (ConfUtils.java:logGet(46)) - raft.server.sleep.deviation.threshold = 300ms (default)
2022-11-10 17:28:04,382 [pool-95-thread-1] INFO  server.RaftServer$Division (ServerState.java:<init>(118)) - 68e70bec-2654-4ecf-aba3-1fd50f487e32@group-E80F8EEF7473: ConfigurationManager, init=-1: peers:[68e70bec-2654-4ecf-aba3-1fd50f487e32|rpc:10.1.1.193:35621|priority:1|startupRole:FOLLOWER]|listeners:[], old=null, confs=<EMPTY_MAP>
2022-11-10 17:28:04,382 [pool-95-thread-1] INFO  server.RaftServerConfigKeys (ConfUtils.java:logGet(46)) - raft.server.storage.dir = [/home/runner/work/ozone/ozone/hadoop-ozone/integration-test/target/test-dir/MiniOzoneClusterImpl-5e6b204f-6d0c-499e-8bc7-d272478adc61/datanode-1/data/ratis] (custom)
2022-11-10 17:28:04,382 [pool-95-thread-1] INFO  server.RaftServerConfigKeys (ConfUtils.java:logGet(46)) - raft.server.log.corruption.policy = EXCEPTION (default)
2022-11-10 17:28:04,382 [pool-95-thread-1] INFO  server.RaftServerConfigKeys (ConfUtils.java:logGet(46)) - raft.server.storage.free-space.min = 0MB (=0) (default)
2022-11-10 17:28:04,383 [pool-95-thread-1] INFO  server.RaftServerConfigKeys (ConfUtils.java:logGet(46)) - raft.server.notification.no-leader.timeout = 300s (custom)
2022-11-10 17:28:04,383 [pool-95-thread-1] INFO  server.RaftServerConfigKeys (ConfUtils.java:logGet(46)) - raft.server.retrycache.expirytime = 600000ms (custom)
2022-11-10 17:28:04,383 [pool-95-thread-1] INFO  server.RaftServerConfigKeys (ConfUtils.java:logGet(46)) - raft.server.retrycache.statistics.expirytime = 100μs (default)
2022-11-10 17:28:04,385 [pool-95-thread-1] INFO  server.RaftServerConfigKeys (ConfUtils.java:logGet(46)) - raft.server.log.appender.install.snapshot.enabled = false (custom)
2022-11-10 17:28:04,385 [pool-95-thread-1] INFO  server.RaftServerConfigKeys (ConfUtils.java:logGet(46)) - raft.server.threadpool.server.cached = true (default)
2022-11-10 17:28:04,385 [pool-95-thread-1] INFO  server.RaftServerConfigKeys (ConfUtils.java:logGet(46)) - raft.server.threadpool.server.size = 0 (default)
2022-11-10 17:28:04,385 [pool-95-thread-1] INFO  server.RaftServerConfigKeys (ConfUtils.java:logGet(46)) - raft.server.threadpool.client.cached = true (default)
2022-11-10 17:28:04,385 [pool-95-thread-1] INFO  server.RaftServerConfigKeys (ConfUtils.java:logGet(46)) - raft.server.threadpool.client.size = 0 (default)
2022-11-10 17:28:04,386 [pool-95-thread-1] INFO  storage.RaftStorageDirectory (RaftStorageDirectoryImpl.java:analyzeStorage(137)) - The storage directory /home/runner/work/ozone/ozone/hadoop-ozone/integration-test/target/test-dir/MiniOzoneClusterImpl-5e6b204f-6d0c-499e-8bc7-d272478adc61/datanode-1/data/ratis/09cd65b0-3138-4a50-8e18-e80f8eef7473 does not exist. Creating ...
2022-11-10 17:28:04,387 [pool-95-thread-1] INFO  storage.RaftStorageDirectory (RaftStorageDirectoryImpl.java:tryLock(231)) - Lock on /home/runner/work/ozone/ozone/hadoop-ozone/integration-test/target/test-dir/MiniOzoneClusterImpl-5e6b204f-6d0c-499e-8bc7-d272478adc61/datanode-1/data/ratis/09cd65b0-3138-4a50-8e18-e80f8eef7473/in_use.lock acquired by nodename 64491@fv-az77-962
2022-11-10 17:28:04,388 [pool-95-thread-1] INFO  storage.RaftStorage (RaftStorageImpl.java:format(96)) - Storage directory /home/runner/work/ozone/ozone/hadoop-ozone/integration-test/target/test-dir/MiniOzoneClusterImpl-5e6b204f-6d0c-499e-8bc7-d272478adc61/datanode-1/data/ratis/09cd65b0-3138-4a50-8e18-e80f8eef7473 has been successfully formatted.
2022-11-10 17:28:04,398 [pool-95-thread-1] INFO  ratis.ContainerStateMachine (ContainerStateMachine.java:loadSnapshot(236)) - group-E80F8EEF7473: The snapshot info is null. Setting the last applied indexto:(t:0, i:~)
2022-11-10 17:28:04,399 [pool-95-thread-1] INFO  server.RaftServerConfigKeys (ConfUtils.java:logGet(46)) - raft.server.log.use.memory = false (default)
2022-11-10 17:28:04,399 [pool-95-thread-1] INFO  server.RaftServerConfigKeys (ConfUtils.java:logGet(46)) - raft.server.log.purge.gap = 1000000 (custom)
2022-11-10 17:28:04,399 [pool-95-thread-1] INFO  server.RaftServerConfigKeys (ConfUtils.java:logGet(46)) - raft.server.log.appender.buffer.byte-limit = 33554432 (custom)
2022-11-10 17:28:04,400 [pool-95-thread-1] INFO  server.RaftServerConfigKeys (ConfUtils.java:logGet(46)) - raft.server.log.statemachine.data.read.timeout = 1000ms (default)
2022-11-10 17:28:04,401 [pool-95-thread-1] INFO  server.RaftServerConfigKeys (ConfUtils.java:logGet(46)) - raft.server.log.purge.preservation.log.num = 0 (default)
2022-11-10 17:28:04,401 [EventQueue-PipelineReportForPipelineReportHandler] INFO  pipeline.PipelineManagerImpl (PipelineManagerImpl.java:openPipeline(367)) - Pipeline Pipeline[ Id: 09cd65b0-3138-4a50-8e18-e80f8eef7473, Nodes: 68e70bec-2654-4ecf-aba3-1fd50f487e32{ip: 10.1.1.193, host: fv-az77-962.bprubkmdfdkerap53zvqdzdb0e.jx.internal.cloudapp.net, ports: [REPLICATION=40895, RATIS=35621, RATIS_ADMIN=35621, RATIS_SERVER=35621, STANDALONE=40677], networkLocation: /default-rack, certSerialId: null, persistedOpState: IN_SERVICE, persistedOpStateExpiryEpochSec: 0}, ReplicationConfig: RATIS/ONE, State:ALLOCATED, leaderId:68e70bec-2654-4ecf-aba3-1fd50f487e32, CreationTimestamp2022-11-10T17:28:01.381Z[Etc/UTC]] moved to OPEN state
2022-11-10 17:28:04,401 [EventQueue-OpenPipelineForHealthyPipelineSafeModeRule] INFO  safemode.SCMSafeModeManager (HealthyPipelineSafeModeRule.java:process(137)) - SCM in safe mode. Healthy pipelines reported count is 0, required healthy pipeline reported count is 1
2022-11-10 17:28:04,402 [pool-95-thread-1] INFO  server.RaftServerConfigKeys (ConfUtils.java:logGet(46)) - raft.server.log.segment.size.max = 1048576 (custom)
2022-11-10 17:28:04,403 [pool-95-thread-1] INFO  server.RaftServerConfigKeys (ConfUtils.java:logGet(46)) - raft.server.log.segment.cache.num.max = 2 (custom)
2022-11-10 17:28:04,403 [pool-95-thread-1] INFO  server.RaftServerConfigKeys (ConfUtils.java:logGet(46)) - raft.server.log.segment.cache.size.max = 200MB (=209715200) (default)
2022-11-10 17:28:04,403 [pool-95-thread-1] INFO  segmented.SegmentedRaftLogWorker (SegmentedRaftLogWorker.java:<init>(191)) - new 68e70bec-2654-4ecf-aba3-1fd50f487e32@group-E80F8EEF7473-SegmentedRaftLogWorker for RaftStorageImpl:Storage Directory /home/runner/work/ozone/ozone/hadoop-ozone/integration-test/target/test-dir/MiniOzoneClusterImpl-5e6b204f-6d0c-499e-8bc7-d272478adc61/datanode-1/data/ratis/09cd65b0-3138-4a50-8e18-e80f8eef7473
2022-11-10 17:28:04,404 [pool-95-thread-1] INFO  server.RaftServerConfigKeys (ConfUtils.java:logGet(46)) - raft.server.log.queue.byte-limit = 4294967296 (custom)
2022-11-10 17:28:04,405 [pool-95-thread-1] INFO  server.RaftServerConfigKeys (ConfUtils.java:logGet(46)) - raft.server.log.queue.element-limit = 1024 (custom)
2022-11-10 17:28:04,405 [pool-95-thread-1] INFO  server.RaftServerConfigKeys (ConfUtils.java:logGet(46)) - raft.server.log.segment.size.max = 1048576 (custom)
2022-11-10 17:28:04,405 [pool-95-thread-1] INFO  server.RaftServerConfigKeys (ConfUtils.java:logGet(46)) - raft.server.log.preallocated.size = 16384 (custom)
2022-11-10 17:28:04,405 [pool-95-thread-1] INFO  server.RaftServerConfigKeys (ConfUtils.java:logGet(46)) - raft.server.log.force.sync.num = 128 (default)
2022-11-10 17:28:04,405 [pool-95-thread-1] INFO  server.RaftServerConfigKeys (ConfUtils.java:logGet(46)) - raft.server.log.statemachine.data.sync = true (default)
2022-11-10 17:28:04,405 [pool-95-thread-1] INFO  server.RaftServerConfigKeys (ConfUtils.java:logGet(46)) - raft.server.log.statemachine.data.sync.timeout = 10s (default)
2022-11-10 17:28:04,405 [pool-95-thread-1] INFO  server.RaftServerConfigKeys (ConfUtils.java:logGet(46)) - raft.server.log.statemachine.data.sync.timeout.retry = -1 (default)
2022-11-10 17:28:04,412 [pool-95-thread-1] INFO  server.RaftServerConfigKeys (ConfUtils.java:logGet(46)) - raft.server.log.write.buffer.size = 1048576 (custom)
2022-11-10 17:28:04,413 [pool-95-thread-1] INFO  server.RaftServerConfigKeys (ConfUtils.java:logGet(46)) - raft.server.log.unsafe-flush.enabled = false (default)
2022-11-10 17:28:04,413 [pool-95-thread-1] INFO  server.RaftServerConfigKeys (ConfUtils.java:logGet(46)) - raft.server.log.async-flush.enabled = false (default)
2022-11-10 17:28:04,413 [pool-95-thread-1] INFO  server.RaftServerConfigKeys (ConfUtils.java:logGet(46)) - raft.server.log.statemachine.data.caching.enabled = true (custom)
2022-11-10 17:28:04,414 [pool-95-thread-1] INFO  segmented.SegmentedRaftLogWorker (SegmentedRaftLogWorker.java:lambda$new$0(136)) - 68e70bec-2654-4ecf-aba3-1fd50f487e32@group-E80F8EEF7473-SegmentedRaftLogWorker: flushIndex: setUnconditionally 0 -> -1
2022-11-10 17:28:04,414 [pool-95-thread-1] INFO  segmented.SegmentedRaftLogWorker (SegmentedRaftLogWorker.java:lambda$new$0(136)) - 68e70bec-2654-4ecf-aba3-1fd50f487e32@group-E80F8EEF7473-SegmentedRaftLogWorker: safeCacheEvictIndex: setUnconditionally 0 -> -1
2022-11-10 17:28:04,420 [pool-95-thread-1] INFO  server.RaftServer$Division (RaftServerImpl.java:start(334)) - 68e70bec-2654-4ecf-aba3-1fd50f487e32@group-E80F8EEF7473: start as a follower, conf=-1: peers:[68e70bec-2654-4ecf-aba3-1fd50f487e32|rpc:10.1.1.193:35621|priority:1|startupRole:FOLLOWER]|listeners:[], old=null
2022-11-10 17:28:04,421 [pool-95-thread-1] INFO  server.RaftServer$Division (RaftServerImpl.java:setRole(321)) - 68e70bec-2654-4ecf-aba3-1fd50f487e32@group-E80F8EEF7473: changes role from      null to FOLLOWER at term 0 for startAsFollower
2022-11-10 17:28:04,421 [pool-95-thread-1] INFO  impl.RoleInfo (RoleInfo.java:updateAndGet(139)) - 68e70bec-2654-4ecf-aba3-1fd50f487e32: start 68e70bec-2654-4ecf-aba3-1fd50f487e32@group-E80F8EEF7473-FollowerState
2022-11-10 17:28:04,421 [68e70bec-2654-4ecf-aba3-1fd50f487e32@group-E80F8EEF7473-FollowerState] INFO  server.RaftServerConfigKeys (ConfUtils.java:logFallback(53)) - raft.server.rpc.first-election.timeout.min = 5s (fallback to raft.server.rpc.timeout.min)
2022-11-10 17:28:04,421 [68e70bec-2654-4ecf-aba3-1fd50f487e32@group-E80F8EEF7473-FollowerState] INFO  server.RaftServerConfigKeys (ConfUtils.java:logFallback(53)) - raft.server.rpc.first-election.timeout.max = 5200ms (fallback to raft.server.rpc.timeout.max)
2022-11-10 17:28:04,421 [pool-95-thread-1] INFO  util.JmxRegister (JmxRegister.java:tryRegister(44)) - Successfully registered JMX Bean with object name Ratis:service=RaftServer,group=group-E80F8EEF7473,id=68e70bec-2654-4ecf-aba3-1fd50f487e32
2022-11-10 17:28:04,422 [pool-95-thread-1] INFO  server.RaftServerConfigKeys (ConfUtils.java:logGet(46)) - raft.server.snapshot.auto.trigger.enabled = true (custom)
2022-11-10 17:28:04,423 [pool-95-thread-1] INFO  server.RaftServerConfigKeys (ConfUtils.java:logGet(46)) - raft.server.snapshot.auto.trigger.threshold = 10000 (custom)
2022-11-10 17:28:04,423 [pool-95-thread-1] INFO  server.RaftServerConfigKeys (ConfUtils.java:logGet(46)) - raft.server.snapshot.retention.file.num = 5 (custom)
2022-11-10 17:28:04,423 [pool-95-thread-1] INFO  server.RaftServerConfigKeys (ConfUtils.java:logGet(46)) - raft.server.log.purge.upto.snapshot.index = false (default)
2022-11-10 17:28:04,424 [Command processor thread] INFO  ratis.XceiverServerRatis (XceiverServerRatis.java:addGroup(765)) - Created group PipelineID=09cd65b0-3138-4a50-8e18-e80f8eef7473
2022-11-10 17:28:04,424 [Command processor thread] INFO  commandhandler.CreatePipelineCommandHandler (CreatePipelineCommandHandler.java:handle(113)) - Created Pipeline RATIS ONE PipelineID=09cd65b0-3138-4a50-8e18-e80f8eef7473.
2022-11-10 17:28:04,425 [Command processor thread] INFO  server.RaftServer (RaftServerProxy.java:addNew(96)) - 68e70bec-2654-4ecf-aba3-1fd50f487e32: addNew group-4A4FD64F1A85:[68e70bec-2654-4ecf-aba3-1fd50f487e32|rpc:10.1.1.193:35621|priority:0|startupRole:FOLLOWER, f55ec62f-fc83-4b90-9ad3-211b23c840f1|rpc:10.1.1.193:36009|priority:1|startupRole:FOLLOWER, 325472d8-9d81-4b17-841b-efb836b1d11d|rpc:10.1.1.193:39899|priority:0|startupRole:FOLLOWER] returns group-4A4FD64F1A85:java.util.concurrent.CompletableFuture@195921b5[Not completed]
2022-11-10 17:28:04,426 [pool-95-thread-1] INFO  server.RaftServer$Division (RaftServerImpl.java:<init>(195)) - 68e70bec-2654-4ecf-aba3-1fd50f487e32: new RaftServerImpl for group-4A4FD64F1A85:[68e70bec-2654-4ecf-aba3-1fd50f487e32|rpc:10.1.1.193:35621|priority:0|startupRole:FOLLOWER, f55ec62f-fc83-4b90-9ad3-211b23c840f1|rpc:10.1.1.193:36009|priority:1|startupRole:FOLLOWER, 325472d8-9d81-4b17-841b-efb836b1d11d|rpc:10.1.1.193:39899|priority:0|startupRole:FOLLOWER] with ContainerStateMachine:uninitialized
2022-11-10 17:28:04,426 [pool-95-thread-1] INFO  server.RaftServerConfigKeys (ConfUtils.java:logGet(46)) - raft.server.rpc.timeout.min = 5s (custom)
2022-11-10 17:28:04,426 [pool-95-thread-1] INFO  server.RaftServerConfigKeys (ConfUtils.java:logGet(46)) - raft.server.rpc.timeout.max = 5200ms (custom)
2022-11-10 17:28:04,426 [pool-95-thread-1] INFO  server.RaftServerConfigKeys (ConfUtils.java:logGet(46)) - raft.server.rpc.sleep.time = 25ms (default)
2022-11-10 17:28:04,426 [pool-95-thread-1] INFO  server.RaftServerConfigKeys (ConfUtils.java:logGet(46)) - raft.server.rpc.slowness.timeout = 300s (custom)
2022-11-10 17:28:04,426 [pool-95-thread-1] INFO  server.RaftServerConfigKeys (ConfUtils.java:logGet(46)) - raft.server.leaderelection.leader.step-down.wait-time = 10s (default)
2022-11-10 17:28:04,426 [pool-95-thread-1] INFO  server.RaftServerConfigKeys (ConfUtils.java:logGet(46)) - raft.server.sleep.deviation.threshold = 300ms (default)
2022-11-10 17:28:04,429 [pool-95-thread-1] INFO  server.RaftServer$Division (ServerState.java:<init>(118)) - 68e70bec-2654-4ecf-aba3-1fd50f487e32@group-4A4FD64F1A85: ConfigurationManager, init=-1: peers:[68e70bec-2654-4ecf-aba3-1fd50f487e32|rpc:10.1.1.193:35621|priority:0|startupRole:FOLLOWER, f55ec62f-fc83-4b90-9ad3-211b23c840f1|rpc:10.1.1.193:36009|priority:1|startupRole:FOLLOWER, 325472d8-9d81-4b17-841b-efb836b1d11d|rpc:10.1.1.193:39899|priority:0|startupRole:FOLLOWER]|listeners:[], old=null, confs=<EMPTY_MAP>
2022-11-10 17:28:04,429 [pool-95-thread-1] INFO  server.RaftServerConfigKeys (ConfUtils.java:logGet(46)) - raft.server.storage.dir = [/home/runner/work/ozone/ozone/hadoop-ozone/integration-test/target/test-dir/MiniOzoneClusterImpl-5e6b204f-6d0c-499e-8bc7-d272478adc61/datanode-1/data/ratis] (custom)
2022-11-10 17:28:04,429 [pool-95-thread-1] INFO  server.RaftServerConfigKeys (ConfUtils.java:logGet(46)) - raft.server.log.corruption.policy = EXCEPTION (default)
2022-11-10 17:28:04,429 [pool-95-thread-1] INFO  server.RaftServerConfigKeys (ConfUtils.java:logGet(46)) - raft.server.storage.free-space.min = 0MB (=0) (default)
2022-11-10 17:28:04,429 [pool-95-thread-1] INFO  server.RaftServerConfigKeys (ConfUtils.java:logGet(46)) - raft.server.notification.no-leader.timeout = 300s (custom)
2022-11-10 17:28:04,429 [pool-95-thread-1] INFO  server.RaftServerConfigKeys (ConfUtils.java:logGet(46)) - raft.server.retrycache.expirytime = 600000ms (custom)
2022-11-10 17:28:04,429 [pool-95-thread-1] INFO  server.RaftServerConfigKeys (ConfUtils.java:logGet(46)) - raft.server.retrycache.statistics.expirytime = 100μs (default)
2022-11-10 17:28:04,434 [pool-95-thread-1] INFO  server.RaftServerConfigKeys (ConfUtils.java:logGet(46)) - raft.server.log.appender.install.snapshot.enabled = false (custom)
2022-11-10 17:28:04,434 [pool-95-thread-1] INFO  server.RaftServerConfigKeys (ConfUtils.java:logGet(46)) - raft.server.threadpool.server.cached = true (default)
2022-11-10 17:28:04,434 [pool-95-thread-1] INFO  server.RaftServerConfigKeys (ConfUtils.java:logGet(46)) - raft.server.threadpool.server.size = 0 (default)
2022-11-10 17:28:04,434 [pool-95-thread-1] INFO  server.RaftServerConfigKeys (ConfUtils.java:logGet(46)) - raft.server.threadpool.client.cached = true (default)
2022-11-10 17:28:04,434 [pool-95-thread-1] INFO  server.RaftServerConfigKeys (ConfUtils.java:logGet(46)) - raft.server.threadpool.client.size = 0 (default)
2022-11-10 17:28:04,434 [pool-95-thread-1] INFO  storage.RaftStorageDirectory (RaftStorageDirectoryImpl.java:analyzeStorage(137)) - The storage directory /home/runner/work/ozone/ozone/hadoop-ozone/integration-test/target/test-dir/MiniOzoneClusterImpl-5e6b204f-6d0c-499e-8bc7-d272478adc61/datanode-1/data/ratis/fb1d1abe-acb0-4f27-90bf-4a4fd64f1a85 does not exist. Creating ...
2022-11-10 17:28:04,438 [pool-95-thread-1] INFO  storage.RaftStorageDirectory (RaftStorageDirectoryImpl.java:tryLock(231)) - Lock on /home/runner/work/ozone/ozone/hadoop-ozone/integration-test/target/test-dir/MiniOzoneClusterImpl-5e6b204f-6d0c-499e-8bc7-d272478adc61/datanode-1/data/ratis/fb1d1abe-acb0-4f27-90bf-4a4fd64f1a85/in_use.lock acquired by nodename 64491@fv-az77-962
2022-11-10 17:28:04,440 [pool-95-thread-1] INFO  storage.RaftStorage (RaftStorageImpl.java:format(96)) - Storage directory /home/runner/work/ozone/ozone/hadoop-ozone/integration-test/target/test-dir/MiniOzoneClusterImpl-5e6b204f-6d0c-499e-8bc7-d272478adc61/datanode-1/data/ratis/fb1d1abe-acb0-4f27-90bf-4a4fd64f1a85 has been successfully formatted.
2022-11-10 17:28:04,443 [EventQueue-OpenPipelineForHealthyPipelineSafeModeRule] INFO  safemode.SCMSafeModeManager (HealthyPipelineSafeModeRule.java:process(137)) - SCM in safe mode. Healthy pipelines reported count is 0, required healthy pipeline reported count is 1
2022-11-10 17:28:04,444 [pool-95-thread-1] INFO  ratis.ContainerStateMachine (ContainerStateMachine.java:loadSnapshot(236)) - group-4A4FD64F1A85: The snapshot info is null. Setting the last applied indexto:(t:0, i:~)
2022-11-10 17:28:04,444 [pool-95-thread-1] INFO  server.RaftServerConfigKeys (ConfUtils.java:logGet(46)) - raft.server.log.use.memory = false (default)
2022-11-10 17:28:04,444 [pool-95-thread-1] INFO  server.RaftServerConfigKeys (ConfUtils.java:logGet(46)) - raft.server.log.purge.gap = 1000000 (custom)
2022-11-10 17:28:04,444 [pool-95-thread-1] INFO  server.RaftServerConfigKeys (ConfUtils.java:logGet(46)) - raft.server.log.appender.buffer.byte-limit = 33554432 (custom)
2022-11-10 17:28:04,444 [pool-95-thread-1] INFO  server.RaftServerConfigKeys (ConfUtils.java:logGet(46)) - raft.server.log.statemachine.data.read.timeout = 1000ms (default)
2022-11-10 17:28:04,444 [pool-95-thread-1] INFO  server.RaftServerConfigKeys (ConfUtils.java:logGet(46)) - raft.server.log.purge.preservation.log.num = 0 (default)
2022-11-10 17:28:04,445 [pool-95-thread-1] INFO  server.RaftServerConfigKeys (ConfUtils.java:logGet(46)) - raft.server.log.segment.size.max = 1048576 (custom)
2022-11-10 17:28:04,445 [pool-95-thread-1] INFO  server.RaftServerConfigKeys (ConfUtils.java:logGet(46)) - raft.server.log.segment.cache.num.max = 2 (custom)
2022-11-10 17:28:04,445 [pool-95-thread-1] INFO  server.RaftServerConfigKeys (ConfUtils.java:logGet(46)) - raft.server.log.segment.cache.size.max = 200MB (=209715200) (default)
2022-11-10 17:28:04,445 [pool-95-thread-1] INFO  segmented.SegmentedRaftLogWorker (SegmentedRaftLogWorker.java:<init>(191)) - new 68e70bec-2654-4ecf-aba3-1fd50f487e32@group-4A4FD64F1A85-SegmentedRaftLogWorker for RaftStorageImpl:Storage Directory /home/runner/work/ozone/ozone/hadoop-ozone/integration-test/target/test-dir/MiniOzoneClusterImpl-5e6b204f-6d0c-499e-8bc7-d272478adc61/datanode-1/data/ratis/fb1d1abe-acb0-4f27-90bf-4a4fd64f1a85
2022-11-10 17:28:04,446 [pool-95-thread-1] INFO  server.RaftServerConfigKeys (ConfUtils.java:logGet(46)) - raft.server.log.queue.byte-limit = 4294967296 (custom)
2022-11-10 17:28:04,446 [pool-95-thread-1] INFO  server.RaftServerConfigKeys (ConfUtils.java:logGet(46)) - raft.server.log.queue.element-limit = 1024 (custom)
2022-11-10 17:28:04,446 [pool-95-thread-1] INFO  server.RaftServerConfigKeys (ConfUtils.java:logGet(46)) - raft.server.log.segment.size.max = 1048576 (custom)
2022-11-10 17:28:04,446 [pool-95-thread-1] INFO  server.RaftServerConfigKeys (ConfUtils.java:logGet(46)) - raft.server.log.preallocated.size = 16384 (custom)
2022-11-10 17:28:04,446 [pool-95-thread-1] INFO  server.RaftServerConfigKeys (ConfUtils.java:logGet(46)) - raft.server.log.force.sync.num = 128 (default)
2022-11-10 17:28:04,446 [pool-95-thread-1] INFO  server.RaftServerConfigKeys (ConfUtils.java:logGet(46)) - raft.server.log.statemachine.data.sync = true (default)
2022-11-10 17:28:04,446 [pool-95-thread-1] INFO  server.RaftServerConfigKeys (ConfUtils.java:logGet(46)) - raft.server.log.statemachine.data.sync.timeout = 10s (default)
2022-11-10 17:28:04,446 [pool-95-thread-1] INFO  server.RaftServerConfigKeys (ConfUtils.java:logGet(46)) - raft.server.log.statemachine.data.sync.timeout.retry = -1 (default)
2022-11-10 17:28:04,457 [pool-95-thread-1] INFO  server.RaftServerConfigKeys (ConfUtils.java:logGet(46)) - raft.server.log.write.buffer.size = 1048576 (custom)
2022-11-10 17:28:04,459 [pool-95-thread-1] INFO  server.RaftServerConfigKeys (ConfUtils.java:logGet(46)) - raft.server.log.unsafe-flush.enabled = false (default)
2022-11-10 17:28:04,460 [pool-95-thread-1] INFO  server.RaftServerConfigKeys (ConfUtils.java:logGet(46)) - raft.server.log.async-flush.enabled = false (default)
2022-11-10 17:28:04,460 [pool-95-thread-1] INFO  server.RaftServerConfigKeys (ConfUtils.java:logGet(46)) - raft.server.log.statemachine.data.caching.enabled = true (custom)
2022-11-10 17:28:04,460 [pool-95-thread-1] INFO  segmented.SegmentedRaftLogWorker (SegmentedRaftLogWorker.java:lambda$new$0(136)) - 68e70bec-2654-4ecf-aba3-1fd50f487e32@group-4A4FD64F1A85-SegmentedRaftLogWorker: flushIndex: setUnconditionally 0 -> -1
2022-11-10 17:28:04,460 [pool-95-thread-1] INFO  segmented.SegmentedRaftLogWorker (SegmentedRaftLogWorker.java:lambda$new$0(136)) - 68e70bec-2654-4ecf-aba3-1fd50f487e32@group-4A4FD64F1A85-SegmentedRaftLogWorker: safeCacheEvictIndex: setUnconditionally 0 -> -1
2022-11-10 17:28:04,462 [pool-95-thread-1] INFO  server.RaftServer$Division (RaftServerImpl.java:start(334)) - 68e70bec-2654-4ecf-aba3-1fd50f487e32@group-4A4FD64F1A85: start as a follower, conf=-1: peers:[68e70bec-2654-4ecf-aba3-1fd50f487e32|rpc:10.1.1.193:35621|priority:0|startupRole:FOLLOWER, f55ec62f-fc83-4b90-9ad3-211b23c840f1|rpc:10.1.1.193:36009|priority:1|startupRole:FOLLOWER, 325472d8-9d81-4b17-841b-efb836b1d11d|rpc:10.1.1.193:39899|priority:0|startupRole:FOLLOWER]|listeners:[], old=null
2022-11-10 17:28:04,462 [pool-95-thread-1] INFO  server.RaftServer$Division (RaftServerImpl.java:setRole(321)) - 68e70bec-2654-4ecf-aba3-1fd50f487e32@group-4A4FD64F1A85: changes role from      null to FOLLOWER at term 0 for startAsFollower
2022-11-10 17:28:04,462 [pool-95-thread-1] INFO  impl.RoleInfo (RoleInfo.java:updateAndGet(139)) - 68e70bec-2654-4ecf-aba3-1fd50f487e32: start 68e70bec-2654-4ecf-aba3-1fd50f487e32@group-4A4FD64F1A85-FollowerState
2022-11-10 17:28:04,465 [pool-95-thread-1] INFO  util.JmxRegister (JmxRegister.java:tryRegister(44)) - Successfully registered JMX Bean with object name Ratis:service=RaftServer,group=group-4A4FD64F1A85,id=68e70bec-2654-4ecf-aba3-1fd50f487e32
2022-11-10 17:28:04,465 [pool-95-thread-1] INFO  server.RaftServerConfigKeys (ConfUtils.java:logGet(46)) - raft.server.snapshot.auto.trigger.enabled = true (custom)
2022-11-10 17:28:04,465 [pool-95-thread-1] INFO  server.RaftServerConfigKeys (ConfUtils.java:logGet(46)) - raft.server.snapshot.auto.trigger.threshold = 10000 (custom)
2022-11-10 17:28:04,465 [pool-95-thread-1] INFO  server.RaftServerConfigKeys (ConfUtils.java:logGet(46)) - raft.server.snapshot.retention.file.num = 5 (custom)
2022-11-10 17:28:04,465 [pool-95-thread-1] INFO  server.RaftServerConfigKeys (ConfUtils.java:logGet(46)) - raft.server.log.purge.upto.snapshot.index = false (default)
2022-11-10 17:28:04,466 [68e70bec-2654-4ecf-aba3-1fd50f487e32@group-4A4FD64F1A85-FollowerState] INFO  server.RaftServerConfigKeys (ConfUtils.java:logFallback(53)) - raft.server.rpc.first-election.timeout.min = 5s (fallback to raft.server.rpc.timeout.min)
2022-11-10 17:28:04,466 [68e70bec-2654-4ecf-aba3-1fd50f487e32@group-4A4FD64F1A85-FollowerState] INFO  server.RaftServerConfigKeys (ConfUtils.java:logFallback(53)) - raft.server.rpc.first-election.timeout.max = 5200ms (fallback to raft.server.rpc.timeout.max)
2022-11-10 17:28:04,467 [Command processor thread] INFO  ratis.XceiverServerRatis (XceiverServerRatis.java:addGroup(765)) - Created group PipelineID=fb1d1abe-acb0-4f27-90bf-4a4fd64f1a85
2022-11-10 17:28:04,661 [grpc-default-executor-1] INFO  server.RaftServer (RaftServerProxy.java:addNew(96)) - 325472d8-9d81-4b17-841b-efb836b1d11d: addNew group-4A4FD64F1A85:[68e70bec-2654-4ecf-aba3-1fd50f487e32|rpc:10.1.1.193:35621|dataStream:|priority:0|startupRole:FOLLOWER, f55ec62f-fc83-4b90-9ad3-211b23c840f1|rpc:10.1.1.193:36009|dataStream:|priority:1|startupRole:FOLLOWER, 325472d8-9d81-4b17-841b-efb836b1d11d|rpc:10.1.1.193:39899|dataStream:|priority:0|startupRole:FOLLOWER] returns group-4A4FD64F1A85:java.util.concurrent.CompletableFuture@4ee07ee2[Not completed]
2022-11-10 17:28:04,664 [pool-118-thread-1] INFO  server.RaftServer$Division (RaftServerImpl.java:<init>(195)) - 325472d8-9d81-4b17-841b-efb836b1d11d: new RaftServerImpl for group-4A4FD64F1A85:[68e70bec-2654-4ecf-aba3-1fd50f487e32|rpc:10.1.1.193:35621|dataStream:|priority:0|startupRole:FOLLOWER, f55ec62f-fc83-4b90-9ad3-211b23c840f1|rpc:10.1.1.193:36009|dataStream:|priority:1|startupRole:FOLLOWER, 325472d8-9d81-4b17-841b-efb836b1d11d|rpc:10.1.1.193:39899|dataStream:|priority:0|startupRole:FOLLOWER] with ContainerStateMachine:uninitialized
2022-11-10 17:28:04,664 [pool-118-thread-1] INFO  server.RaftServerConfigKeys (ConfUtils.java:logGet(46)) - raft.server.rpc.timeout.min = 5s (custom)
2022-11-10 17:28:04,664 [pool-118-thread-1] INFO  server.RaftServerConfigKeys (ConfUtils.java:logGet(46)) - raft.server.rpc.timeout.max = 5200ms (custom)
2022-11-10 17:28:04,664 [pool-118-thread-1] INFO  server.RaftServerConfigKeys (ConfUtils.java:logGet(46)) - raft.server.rpc.sleep.time = 25ms (default)
2022-11-10 17:28:04,664 [pool-118-thread-1] INFO  server.RaftServerConfigKeys (ConfUtils.java:logGet(46)) - raft.server.rpc.slowness.timeout = 300s (custom)
2022-11-10 17:28:04,664 [pool-118-thread-1] INFO  server.RaftServerConfigKeys (ConfUtils.java:logGet(46)) - raft.server.leaderelection.leader.step-down.wait-time = 10s (default)
2022-11-10 17:28:04,664 [pool-118-thread-1] INFO  server.RaftServerConfigKeys (ConfUtils.java:logGet(46)) - raft.server.sleep.deviation.threshold = 300ms (default)
2022-11-10 17:28:04,664 [pool-118-thread-1] INFO  server.RaftServer$Division (ServerState.java:<init>(118)) - 325472d8-9d81-4b17-841b-efb836b1d11d@group-4A4FD64F1A85: ConfigurationManager, init=-1: peers:[68e70bec-2654-4ecf-aba3-1fd50f487e32|rpc:10.1.1.193:35621|dataStream:|priority:0|startupRole:FOLLOWER, f55ec62f-fc83-4b90-9ad3-211b23c840f1|rpc:10.1.1.193:36009|dataStream:|priority:1|startupRole:FOLLOWER, 325472d8-9d81-4b17-841b-efb836b1d11d|rpc:10.1.1.193:39899|dataStream:|priority:0|startupRole:FOLLOWER]|listeners:[], old=null, confs=<EMPTY_MAP>
2022-11-10 17:28:04,664 [pool-118-thread-1] INFO  server.RaftServerConfigKeys (ConfUtils.java:logGet(46)) - raft.server.storage.dir = [/home/runner/work/ozone/ozone/hadoop-ozone/integration-test/target/test-dir/MiniOzoneClusterImpl-5e6b204f-6d0c-499e-8bc7-d272478adc61/datanode-2/data/ratis] (custom)
2022-11-10 17:28:04,666 [pool-118-thread-1] INFO  server.RaftServerConfigKeys (ConfUtils.java:logGet(46)) - raft.server.log.corruption.policy = EXCEPTION (default)
2022-11-10 17:28:04,666 [pool-118-thread-1] INFO  server.RaftServerConfigKeys (ConfUtils.java:logGet(46)) - raft.server.storage.free-space.min = 0MB (=0) (default)
2022-11-10 17:28:04,666 [pool-118-thread-1] INFO  server.RaftServerConfigKeys (ConfUtils.java:logGet(46)) - raft.server.notification.no-leader.timeout = 300s (custom)
2022-11-10 17:28:04,666 [pool-118-thread-1] INFO  server.RaftServerConfigKeys (ConfUtils.java:logGet(46)) - raft.server.retrycache.expirytime = 600000ms (custom)
2022-11-10 17:28:04,666 [pool-118-thread-1] INFO  server.RaftServerConfigKeys (ConfUtils.java:logGet(46)) - raft.server.retrycache.statistics.expirytime = 100μs (default)
2022-11-10 17:28:04,673 [pool-118-thread-1] INFO  server.RaftServerConfigKeys (ConfUtils.java:logGet(46)) - raft.server.log.appender.install.snapshot.enabled = false (custom)
2022-11-10 17:28:04,673 [pool-118-thread-1] INFO  server.RaftServerConfigKeys (ConfUtils.java:logGet(46)) - raft.server.threadpool.server.cached = true (default)
2022-11-10 17:28:04,673 [pool-118-thread-1] INFO  server.RaftServerConfigKeys (ConfUtils.java:logGet(46)) - raft.server.threadpool.server.size = 0 (default)
2022-11-10 17:28:04,673 [pool-118-thread-1] INFO  server.RaftServerConfigKeys (ConfUtils.java:logGet(46)) - raft.server.threadpool.client.cached = true (default)
2022-11-10 17:28:04,673 [pool-118-thread-1] INFO  server.RaftServerConfigKeys (ConfUtils.java:logGet(46)) - raft.server.threadpool.client.size = 0 (default)
2022-11-10 17:28:04,673 [pool-118-thread-1] INFO  storage.RaftStorageDirectory (RaftStorageDirectoryImpl.java:analyzeStorage(137)) - The storage directory /home/runner/work/ozone/ozone/hadoop-ozone/integration-test/target/test-dir/MiniOzoneClusterImpl-5e6b204f-6d0c-499e-8bc7-d272478adc61/datanode-2/data/ratis/fb1d1abe-acb0-4f27-90bf-4a4fd64f1a85 does not exist. Creating ...
2022-11-10 17:28:04,674 [pool-118-thread-1] INFO  storage.RaftStorageDirectory (RaftStorageDirectoryImpl.java:tryLock(231)) - Lock on /home/runner/work/ozone/ozone/hadoop-ozone/integration-test/target/test-dir/MiniOzoneClusterImpl-5e6b204f-6d0c-499e-8bc7-d272478adc61/datanode-2/data/ratis/fb1d1abe-acb0-4f27-90bf-4a4fd64f1a85/in_use.lock acquired by nodename 64491@fv-az77-962
2022-11-10 17:28:04,676 [pool-118-thread-1] INFO  storage.RaftStorage (RaftStorageImpl.java:format(96)) - Storage directory /home/runner/work/ozone/ozone/hadoop-ozone/integration-test/target/test-dir/MiniOzoneClusterImpl-5e6b204f-6d0c-499e-8bc7-d272478adc61/datanode-2/data/ratis/fb1d1abe-acb0-4f27-90bf-4a4fd64f1a85 has been successfully formatted.
2022-11-10 17:28:04,677 [pool-118-thread-1] INFO  ratis.ContainerStateMachine (ContainerStateMachine.java:loadSnapshot(236)) - group-4A4FD64F1A85: The snapshot info is null. Setting the last applied indexto:(t:0, i:~)
2022-11-10 17:28:04,678 [pool-118-thread-1] INFO  server.RaftServerConfigKeys (ConfUtils.java:logGet(46)) - raft.server.log.use.memory = false (default)
2022-11-10 17:28:04,678 [pool-118-thread-1] INFO  server.RaftServerConfigKeys (ConfUtils.java:logGet(46)) - raft.server.log.purge.gap = 1000000 (custom)
2022-11-10 17:28:04,678 [pool-118-thread-1] INFO  server.RaftServerConfigKeys (ConfUtils.java:logGet(46)) - raft.server.log.appender.buffer.byte-limit = 33554432 (custom)
2022-11-10 17:28:04,679 [pool-118-thread-1] INFO  server.RaftServerConfigKeys (ConfUtils.java:logGet(46)) - raft.server.log.statemachine.data.read.timeout = 1000ms (default)
2022-11-10 17:28:04,679 [pool-118-thread-1] INFO  server.RaftServerConfigKeys (ConfUtils.java:logGet(46)) - raft.server.log.purge.preservation.log.num = 0 (default)
2022-11-10 17:28:04,679 [pool-118-thread-1] INFO  server.RaftServerConfigKeys (ConfUtils.java:logGet(46)) - raft.server.log.segment.size.max = 1048576 (custom)
2022-11-10 17:28:04,679 [pool-118-thread-1] INFO  server.RaftServerConfigKeys (ConfUtils.java:logGet(46)) - raft.server.log.segment.cache.num.max = 2 (custom)
2022-11-10 17:28:04,679 [pool-118-thread-1] INFO  server.RaftServerConfigKeys (ConfUtils.java:logGet(46)) - raft.server.log.segment.cache.size.max = 200MB (=209715200) (default)
2022-11-10 17:28:04,680 [pool-118-thread-1] INFO  segmented.SegmentedRaftLogWorker (SegmentedRaftLogWorker.java:<init>(191)) - new 325472d8-9d81-4b17-841b-efb836b1d11d@group-4A4FD64F1A85-SegmentedRaftLogWorker for RaftStorageImpl:Storage Directory /home/runner/work/ozone/ozone/hadoop-ozone/integration-test/target/test-dir/MiniOzoneClusterImpl-5e6b204f-6d0c-499e-8bc7-d272478adc61/datanode-2/data/ratis/fb1d1abe-acb0-4f27-90bf-4a4fd64f1a85
2022-11-10 17:28:04,680 [pool-118-thread-1] INFO  server.RaftServerConfigKeys (ConfUtils.java:logGet(46)) - raft.server.log.queue.byte-limit = 4294967296 (custom)
2022-11-10 17:28:04,680 [pool-118-thread-1] INFO  server.RaftServerConfigKeys (ConfUtils.java:logGet(46)) - raft.server.log.queue.element-limit = 1024 (custom)
2022-11-10 17:28:04,680 [pool-118-thread-1] INFO  server.RaftServerConfigKeys (ConfUtils.java:logGet(46)) - raft.server.log.segment.size.max = 1048576 (custom)
2022-11-10 17:28:04,680 [pool-118-thread-1] INFO  server.RaftServerConfigKeys (ConfUtils.java:logGet(46)) - raft.server.log.preallocated.size = 16384 (custom)
2022-11-10 17:28:04,680 [pool-118-thread-1] INFO  server.RaftServerConfigKeys (ConfUtils.java:logGet(46)) - raft.server.log.force.sync.num = 128 (default)
2022-11-10 17:28:04,682 [pool-118-thread-1] INFO  server.RaftServerConfigKeys (ConfUtils.java:logGet(46)) - raft.server.log.statemachine.data.sync = true (default)
2022-11-10 17:28:04,682 [pool-118-thread-1] INFO  server.RaftServerConfigKeys (ConfUtils.java:logGet(46)) - raft.server.log.statemachine.data.sync.timeout = 10s (default)
2022-11-10 17:28:04,683 [pool-118-thread-1] INFO  server.RaftServerConfigKeys (ConfUtils.java:logGet(46)) - raft.server.log.statemachine.data.sync.timeout.retry = -1 (default)
2022-11-10 17:28:04,683 [pool-118-thread-1] INFO  server.RaftServerConfigKeys (ConfUtils.java:logGet(46)) - raft.server.log.write.buffer.size = 1048576 (custom)
2022-11-10 17:28:04,684 [pool-118-thread-1] INFO  server.RaftServerConfigKeys (ConfUtils.java:logGet(46)) - raft.server.log.unsafe-flush.enabled = false (default)
2022-11-10 17:28:04,684 [pool-118-thread-1] INFO  server.RaftServerConfigKeys (ConfUtils.java:logGet(46)) - raft.server.log.async-flush.enabled = false (default)
2022-11-10 17:28:04,685 [pool-118-thread-1] INFO  server.RaftServerConfigKeys (ConfUtils.java:logGet(46)) - raft.server.log.statemachine.data.caching.enabled = true (custom)
2022-11-10 17:28:04,685 [pool-118-thread-1] INFO  segmented.SegmentedRaftLogWorker (SegmentedRaftLogWorker.java:lambda$new$0(136)) - 325472d8-9d81-4b17-841b-efb836b1d11d@group-4A4FD64F1A85-SegmentedRaftLogWorker: flushIndex: setUnconditionally 0 -> -1
2022-11-10 17:28:04,685 [pool-118-thread-1] INFO  segmented.SegmentedRaftLogWorker (SegmentedRaftLogWorker.java:lambda$new$0(136)) - 325472d8-9d81-4b17-841b-efb836b1d11d@group-4A4FD64F1A85-SegmentedRaftLogWorker: safeCacheEvictIndex: setUnconditionally 0 -> -1
2022-11-10 17:28:04,685 [pool-118-thread-1] INFO  server.RaftServer$Division (RaftServerImpl.java:start(334)) - 325472d8-9d81-4b17-841b-efb836b1d11d@group-4A4FD64F1A85: start as a follower, conf=-1: peers:[68e70bec-2654-4ecf-aba3-1fd50f487e32|rpc:10.1.1.193:35621|dataStream:|priority:0|startupRole:FOLLOWER, f55ec62f-fc83-4b90-9ad3-211b23c840f1|rpc:10.1.1.193:36009|dataStream:|priority:1|startupRole:FOLLOWER, 325472d8-9d81-4b17-841b-efb836b1d11d|rpc:10.1.1.193:39899|dataStream:|priority:0|startupRole:FOLLOWER]|listeners:[], old=null
2022-11-10 17:28:04,685 [pool-118-thread-1] INFO  server.RaftServer$Division (RaftServerImpl.java:setRole(321)) - 325472d8-9d81-4b17-841b-efb836b1d11d@group-4A4FD64F1A85: changes role from      null to FOLLOWER at term 0 for startAsFollower
2022-11-10 17:28:04,685 [pool-118-thread-1] INFO  impl.RoleInfo (RoleInfo.java:updateAndGet(139)) - 325472d8-9d81-4b17-841b-efb836b1d11d: start 325472d8-9d81-4b17-841b-efb836b1d11d@group-4A4FD64F1A85-FollowerState
2022-11-10 17:28:04,686 [pool-118-thread-1] INFO  util.JmxRegister (JmxRegister.java:tryRegister(44)) - Successfully registered JMX Bean with object name Ratis:service=RaftServer,group=group-4A4FD64F1A85,id=325472d8-9d81-4b17-841b-efb836b1d11d
2022-11-10 17:28:04,686 [pool-118-thread-1] INFO  server.RaftServerConfigKeys (ConfUtils.java:logGet(46)) - raft.server.snapshot.auto.trigger.enabled = true (custom)
2022-11-10 17:28:04,686 [pool-118-thread-1] INFO  server.RaftServerConfigKeys (ConfUtils.java:logGet(46)) - raft.server.snapshot.auto.trigger.threshold = 10000 (custom)
2022-11-10 17:28:04,686 [pool-118-thread-1] INFO  server.RaftServerConfigKeys (ConfUtils.java:logGet(46)) - raft.server.snapshot.retention.file.num = 5 (custom)
2022-11-10 17:28:04,686 [pool-118-thread-1] INFO  server.RaftServerConfigKeys (ConfUtils.java:logGet(46)) - raft.server.log.purge.upto.snapshot.index = false (default)
2022-11-10 17:28:04,688 [325472d8-9d81-4b17-841b-efb836b1d11d@group-4A4FD64F1A85-FollowerState] INFO  server.RaftServerConfigKeys (ConfUtils.java:logFallback(53)) - raft.server.rpc.first-election.timeout.min = 5s (fallback to raft.server.rpc.timeout.min)
2022-11-10 17:28:04,701 [325472d8-9d81-4b17-841b-efb836b1d11d@group-4A4FD64F1A85-FollowerState] INFO  server.RaftServerConfigKeys (ConfUtils.java:logFallback(53)) - raft.server.rpc.first-election.timeout.max = 5200ms (fallback to raft.server.rpc.timeout.max)
2022-11-10 17:28:04,802 [Command processor thread] INFO  commandhandler.CreatePipelineCommandHandler (CreatePipelineCommandHandler.java:handle(113)) - Created Pipeline RATIS THREE PipelineID=fb1d1abe-acb0-4f27-90bf-4a4fd64f1a85.
2022-11-10 17:28:04,802 [Command processor thread] INFO  server.RaftServer (RaftServerProxy.java:addNew(96)) - f55ec62f-fc83-4b90-9ad3-211b23c840f1: addNew group-9FD6A907DAE7:[68e70bec-2654-4ecf-aba3-1fd50f487e32|rpc:10.1.1.193:35621|priority:0|startupRole:FOLLOWER, f55ec62f-fc83-4b90-9ad3-211b23c840f1|rpc:10.1.1.193:36009|priority:0|startupRole:FOLLOWER, 325472d8-9d81-4b17-841b-efb836b1d11d|rpc:10.1.1.193:39899|priority:1|startupRole:FOLLOWER] returns group-9FD6A907DAE7:java.util.concurrent.CompletableFuture@4f715c94[Not completed]
2022-11-10 17:28:04,803 [pool-72-thread-1] INFO  server.RaftServer$Division (RaftServerImpl.java:<init>(195)) - f55ec62f-fc83-4b90-9ad3-211b23c840f1: new RaftServerImpl for group-9FD6A907DAE7:[68e70bec-2654-4ecf-aba3-1fd50f487e32|rpc:10.1.1.193:35621|priority:0|startupRole:FOLLOWER, f55ec62f-fc83-4b90-9ad3-211b23c840f1|rpc:10.1.1.193:36009|priority:0|startupRole:FOLLOWER, 325472d8-9d81-4b17-841b-efb836b1d11d|rpc:10.1.1.193:39899|priority:1|startupRole:FOLLOWER] with ContainerStateMachine:uninitialized
2022-11-10 17:28:04,804 [pool-72-thread-1] INFO  server.RaftServerConfigKeys (ConfUtils.java:logGet(46)) - raft.server.rpc.timeout.min = 5s (custom)
2022-11-10 17:28:04,804 [pool-72-thread-1] INFO  server.RaftServerConfigKeys (ConfUtils.java:logGet(46)) - raft.server.rpc.timeout.max = 5200ms (custom)
2022-11-10 17:28:04,804 [pool-72-thread-1] INFO  server.RaftServerConfigKeys (ConfUtils.java:logGet(46)) - raft.server.rpc.sleep.time = 25ms (default)
2022-11-10 17:28:04,804 [pool-72-thread-1] INFO  server.RaftServerConfigKeys (ConfUtils.java:logGet(46)) - raft.server.rpc.slowness.timeout = 300s (custom)
2022-11-10 17:28:04,804 [pool-72-thread-1] INFO  server.RaftServerConfigKeys (ConfUtils.java:logGet(46)) - raft.server.leaderelection.leader.step-down.wait-time = 10s (default)
2022-11-10 17:28:04,804 [pool-72-thread-1] INFO  server.RaftServerConfigKeys (ConfUtils.java:logGet(46)) - raft.server.sleep.deviation.threshold = 300ms (default)
2022-11-10 17:28:04,804 [pool-72-thread-1] INFO  server.RaftServer$Division (ServerState.java:<init>(118)) - f55ec62f-fc83-4b90-9ad3-211b23c840f1@group-9FD6A907DAE7: ConfigurationManager, init=-1: peers:[68e70bec-2654-4ecf-aba3-1fd50f487e32|rpc:10.1.1.193:35621|priority:0|startupRole:FOLLOWER, f55ec62f-fc83-4b90-9ad3-211b23c840f1|rpc:10.1.1.193:36009|priority:0|startupRole:FOLLOWER, 325472d8-9d81-4b17-841b-efb836b1d11d|rpc:10.1.1.193:39899|priority:1|startupRole:FOLLOWER]|listeners:[], old=null, confs=<EMPTY_MAP>
2022-11-10 17:28:04,804 [pool-72-thread-1] INFO  server.RaftServerConfigKeys (ConfUtils.java:logGet(46)) - raft.server.storage.dir = [/home/runner/work/ozone/ozone/hadoop-ozone/integration-test/target/test-dir/MiniOzoneClusterImpl-5e6b204f-6d0c-499e-8bc7-d272478adc61/datanode-0/data/ratis] (custom)
2022-11-10 17:28:04,804 [pool-72-thread-1] INFO  server.RaftServerConfigKeys (ConfUtils.java:logGet(46)) - raft.server.log.corruption.policy = EXCEPTION (default)
2022-11-10 17:28:04,804 [pool-72-thread-1] INFO  server.RaftServerConfigKeys (ConfUtils.java:logGet(46)) - raft.server.storage.free-space.min = 0MB (=0) (default)
2022-11-10 17:28:04,804 [pool-72-thread-1] INFO  server.RaftServerConfigKeys (ConfUtils.java:logGet(46)) - raft.server.notification.no-leader.timeout = 300s (custom)
2022-11-10 17:28:04,805 [pool-72-thread-1] INFO  server.RaftServerConfigKeys (ConfUtils.java:logGet(46)) - raft.server.retrycache.expirytime = 600000ms (custom)
2022-11-10 17:28:04,805 [pool-72-thread-1] INFO  server.RaftServerConfigKeys (ConfUtils.java:logGet(46)) - raft.server.retrycache.statistics.expirytime = 100μs (default)
2022-11-10 17:28:04,806 [pool-72-thread-1] INFO  server.RaftServerConfigKeys (ConfUtils.java:logGet(46)) - raft.server.log.appender.install.snapshot.enabled = false (custom)
2022-11-10 17:28:04,806 [pool-72-thread-1] INFO  server.RaftServerConfigKeys (ConfUtils.java:logGet(46)) - raft.server.threadpool.server.cached = true (default)
2022-11-10 17:28:04,806 [pool-72-thread-1] INFO  server.RaftServerConfigKeys (ConfUtils.java:logGet(46)) - raft.server.threadpool.server.size = 0 (default)
2022-11-10 17:28:04,806 [pool-72-thread-1] INFO  server.RaftServerConfigKeys (ConfUtils.java:logGet(46)) - raft.server.threadpool.client.cached = true (default)
2022-11-10 17:28:04,806 [pool-72-thread-1] INFO  server.RaftServerConfigKeys (ConfUtils.java:logGet(46)) - raft.server.threadpool.client.size = 0 (default)
2022-11-10 17:28:04,807 [pool-72-thread-1] INFO  storage.RaftStorageDirectory (RaftStorageDirectoryImpl.java:analyzeStorage(137)) - The storage directory /home/runner/work/ozone/ozone/hadoop-ozone/integration-test/target/test-dir/MiniOzoneClusterImpl-5e6b204f-6d0c-499e-8bc7-d272478adc61/datanode-0/data/ratis/502fb66c-9a9b-45a3-aa33-9fd6a907dae7 does not exist. Creating ...
2022-11-10 17:28:04,809 [pool-72-thread-1] INFO  storage.RaftStorageDirectory (RaftStorageDirectoryImpl.java:tryLock(231)) - Lock on /home/runner/work/ozone/ozone/hadoop-ozone/integration-test/target/test-dir/MiniOzoneClusterImpl-5e6b204f-6d0c-499e-8bc7-d272478adc61/datanode-0/data/ratis/502fb66c-9a9b-45a3-aa33-9fd6a907dae7/in_use.lock acquired by nodename 64491@fv-az77-962
2022-11-10 17:28:04,811 [pool-72-thread-1] INFO  storage.RaftStorage (RaftStorageImpl.java:format(96)) - Storage directory /home/runner/work/ozone/ozone/hadoop-ozone/integration-test/target/test-dir/MiniOzoneClusterImpl-5e6b204f-6d0c-499e-8bc7-d272478adc61/datanode-0/data/ratis/502fb66c-9a9b-45a3-aa33-9fd6a907dae7 has been successfully formatted.
2022-11-10 17:28:04,811 [pool-72-thread-1] INFO  ratis.ContainerStateMachine (ContainerStateMachine.java:loadSnapshot(236)) - group-9FD6A907DAE7: The snapshot info is null. Setting the last applied indexto:(t:0, i:~)
2022-11-10 17:28:04,812 [pool-72-thread-1] INFO  server.RaftServerConfigKeys (ConfUtils.java:logGet(46)) - raft.server.log.use.memory = false (default)
2022-11-10 17:28:04,812 [pool-72-thread-1] INFO  server.RaftServerConfigKeys (ConfUtils.java:logGet(46)) - raft.server.log.purge.gap = 1000000 (custom)
2022-11-10 17:28:04,812 [pool-72-thread-1] INFO  server.RaftServerConfigKeys (ConfUtils.java:logGet(46)) - raft.server.log.appender.buffer.byte-limit = 33554432 (custom)
2022-11-10 17:28:04,812 [pool-72-thread-1] INFO  server.RaftServerConfigKeys (ConfUtils.java:logGet(46)) - raft.server.log.statemachine.data.read.timeout = 1000ms (default)
2022-11-10 17:28:04,812 [pool-72-thread-1] INFO  server.RaftServerConfigKeys (ConfUtils.java:logGet(46)) - raft.server.log.purge.preservation.log.num = 0 (default)
2022-11-10 17:28:04,812 [pool-72-thread-1] INFO  server.RaftServerConfigKeys (ConfUtils.java:logGet(46)) - raft.server.log.segment.size.max = 1048576 (custom)
2022-11-10 17:28:04,813 [pool-72-thread-1] INFO  server.RaftServerConfigKeys (ConfUtils.java:logGet(46)) - raft.server.log.segment.cache.num.max = 2 (custom)
2022-11-10 17:28:04,814 [pool-72-thread-1] INFO  server.RaftServerConfigKeys (ConfUtils.java:logGet(46)) - raft.server.log.segment.cache.size.max = 200MB (=209715200) (default)
2022-11-10 17:28:04,814 [pool-72-thread-1] INFO  segmented.SegmentedRaftLogWorker (SegmentedRaftLogWorker.java:<init>(191)) - new f55ec62f-fc83-4b90-9ad3-211b23c840f1@group-9FD6A907DAE7-SegmentedRaftLogWorker for RaftStorageImpl:Storage Directory /home/runner/work/ozone/ozone/hadoop-ozone/integration-test/target/test-dir/MiniOzoneClusterImpl-5e6b204f-6d0c-499e-8bc7-d272478adc61/datanode-0/data/ratis/502fb66c-9a9b-45a3-aa33-9fd6a907dae7
2022-11-10 17:28:04,814 [pool-72-thread-1] INFO  server.RaftServerConfigKeys (ConfUtils.java:logGet(46)) - raft.server.log.queue.byte-limit = 4294967296 (custom)
2022-11-10 17:28:04,814 [pool-72-thread-1] INFO  server.RaftServerConfigKeys (ConfUtils.java:logGet(46)) - raft.server.log.queue.element-limit = 1024 (custom)
2022-11-10 17:28:04,814 [pool-72-thread-1] INFO  server.RaftServerConfigKeys (ConfUtils.java:logGet(46)) - raft.server.log.segment.size.max = 1048576 (custom)
2022-11-10 17:28:04,814 [pool-72-thread-1] INFO  server.RaftServerConfigKeys (ConfUtils.java:logGet(46)) - raft.server.log.preallocated.size = 16384 (custom)
2022-11-10 17:28:04,814 [pool-72-thread-1] INFO  server.RaftServerConfigKeys (ConfUtils.java:logGet(46)) - raft.server.log.force.sync.num = 128 (default)
2022-11-10 17:28:04,814 [pool-72-thread-1] INFO  server.RaftServerConfigKeys (ConfUtils.java:logGet(46)) - raft.server.log.statemachine.data.sync = true (default)
2022-11-10 17:28:04,814 [pool-72-thread-1] INFO  server.RaftServerConfigKeys (ConfUtils.java:logGet(46)) - raft.server.log.statemachine.data.sync.timeout = 10s (default)
2022-11-10 17:28:04,814 [pool-72-thread-1] INFO  server.RaftServerConfigKeys (ConfUtils.java:logGet(46)) - raft.server.log.statemachine.data.sync.timeout.retry = -1 (default)
2022-11-10 17:28:04,817 [EventQueue-OpenPipelineForHealthyPipelineSafeModeRule] INFO  safemode.SCMSafeModeManager (HealthyPipelineSafeModeRule.java:process(137)) - SCM in safe mode. Healthy pipelines reported count is 0, required healthy pipeline reported count is 1
2022-11-10 17:28:04,818 [pool-72-thread-1] INFO  server.RaftServerConfigKeys (ConfUtils.java:logGet(46)) - raft.server.log.write.buffer.size = 1048576 (custom)
2022-11-10 17:28:04,823 [pool-72-thread-1] INFO  server.RaftServerConfigKeys (ConfUtils.java:logGet(46)) - raft.server.log.unsafe-flush.enabled = false (default)
2022-11-10 17:28:04,824 [pool-72-thread-1] INFO  server.RaftServerConfigKeys (ConfUtils.java:logGet(46)) - raft.server.log.async-flush.enabled = false (default)
2022-11-10 17:28:04,824 [pool-72-thread-1] INFO  server.RaftServerConfigKeys (ConfUtils.java:logGet(46)) - raft.server.log.statemachine.data.caching.enabled = true (custom)
2022-11-10 17:28:04,824 [pool-72-thread-1] INFO  segmented.SegmentedRaftLogWorker (SegmentedRaftLogWorker.java:lambda$new$0(136)) - f55ec62f-fc83-4b90-9ad3-211b23c840f1@group-9FD6A907DAE7-SegmentedRaftLogWorker: flushIndex: setUnconditionally 0 -> -1
2022-11-10 17:28:04,824 [pool-72-thread-1] INFO  segmented.SegmentedRaftLogWorker (SegmentedRaftLogWorker.java:lambda$new$0(136)) - f55ec62f-fc83-4b90-9ad3-211b23c840f1@group-9FD6A907DAE7-SegmentedRaftLogWorker: safeCacheEvictIndex: setUnconditionally 0 -> -1
2022-11-10 17:28:04,829 [Command processor thread] INFO  server.RaftServer (RaftServerProxy.java:addNew(96)) - 325472d8-9d81-4b17-841b-efb836b1d11d: addNew group-B9F4CA427F3E:[325472d8-9d81-4b17-841b-efb836b1d11d|rpc:10.1.1.193:39899|priority:1|startupRole:FOLLOWER] returns group-B9F4CA427F3E:java.util.concurrent.CompletableFuture@2ed788da[Not completed]
2022-11-10 17:28:04,830 [pool-118-thread-1] INFO  server.RaftServer$Division (RaftServerImpl.java:<init>(195)) - 325472d8-9d81-4b17-841b-efb836b1d11d: new RaftServerImpl for group-B9F4CA427F3E:[325472d8-9d81-4b17-841b-efb836b1d11d|rpc:10.1.1.193:39899|priority:1|startupRole:FOLLOWER] with ContainerStateMachine:uninitialized
2022-11-10 17:28:04,830 [pool-118-thread-1] INFO  server.RaftServerConfigKeys (ConfUtils.java:logGet(46)) - raft.server.rpc.timeout.min = 5s (custom)
2022-11-10 17:28:04,830 [pool-118-thread-1] INFO  server.RaftServerConfigKeys (ConfUtils.java:logGet(46)) - raft.server.rpc.timeout.max = 5200ms (custom)
2022-11-10 17:28:04,830 [pool-118-thread-1] INFO  server.RaftServerConfigKeys (ConfUtils.java:logGet(46)) - raft.server.rpc.sleep.time = 25ms (default)
2022-11-10 17:28:04,830 [pool-118-thread-1] INFO  server.RaftServerConfigKeys (ConfUtils.java:logGet(46)) - raft.server.rpc.slowness.timeout = 300s (custom)
2022-11-10 17:28:04,830 [pool-118-thread-1] INFO  server.RaftServerConfigKeys (ConfUtils.java:logGet(46)) - raft.server.leaderelection.leader.step-down.wait-time = 10s (default)
2022-11-10 17:28:04,830 [pool-118-thread-1] INFO  server.RaftServerConfigKeys (ConfUtils.java:logGet(46)) - raft.server.sleep.deviation.threshold = 300ms (default)
2022-11-10 17:28:04,830 [pool-118-thread-1] INFO  server.RaftServer$Division (ServerState.java:<init>(118)) - 325472d8-9d81-4b17-841b-efb836b1d11d@group-B9F4CA427F3E: ConfigurationManager, init=-1: peers:[325472d8-9d81-4b17-841b-efb836b1d11d|rpc:10.1.1.193:39899|priority:1|startupRole:FOLLOWER]|listeners:[], old=null, confs=<EMPTY_MAP>
2022-11-10 17:28:04,831 [pool-118-thread-1] INFO  server.RaftServerConfigKeys (ConfUtils.java:logGet(46)) - raft.server.storage.dir = [/home/runner/work/ozone/ozone/hadoop-ozone/integration-test/target/test-dir/MiniOzoneClusterImpl-5e6b204f-6d0c-499e-8bc7-d272478adc61/datanode-2/data/ratis] (custom)
2022-11-10 17:28:04,831 [pool-118-thread-1] INFO  server.RaftServerConfigKeys (ConfUtils.java:logGet(46)) - raft.server.log.corruption.policy = EXCEPTION (default)
2022-11-10 17:28:04,831 [pool-118-thread-1] INFO  server.RaftServerConfigKeys (ConfUtils.java:logGet(46)) - raft.server.storage.free-space.min = 0MB (=0) (default)
2022-11-10 17:28:04,831 [pool-118-thread-1] INFO  server.RaftServerConfigKeys (ConfUtils.java:logGet(46)) - raft.server.notification.no-leader.timeout = 300s (custom)
2022-11-10 17:28:04,831 [pool-118-thread-1] INFO  server.RaftServerConfigKeys (ConfUtils.java:logGet(46)) - raft.server.retrycache.expirytime = 600000ms (custom)
2022-11-10 17:28:04,831 [pool-118-thread-1] INFO  server.RaftServerConfigKeys (ConfUtils.java:logGet(46)) - raft.server.retrycache.statistics.expirytime = 100μs (default)
2022-11-10 17:28:04,832 [pool-72-thread-1] INFO  server.RaftServer$Division (RaftServerImpl.java:start(334)) - f55ec62f-fc83-4b90-9ad3-211b23c840f1@group-9FD6A907DAE7: start as a follower, conf=-1: peers:[68e70bec-2654-4ecf-aba3-1fd50f487e32|rpc:10.1.1.193:35621|priority:0|startupRole:FOLLOWER, f55ec62f-fc83-4b90-9ad3-211b23c840f1|rpc:10.1.1.193:36009|priority:0|startupRole:FOLLOWER, 325472d8-9d81-4b17-841b-efb836b1d11d|rpc:10.1.1.193:39899|priority:1|startupRole:FOLLOWER]|listeners:[], old=null
2022-11-10 17:28:04,832 [pool-72-thread-1] INFO  server.RaftServer$Division (RaftServerImpl.java:setRole(321)) - f55ec62f-fc83-4b90-9ad3-211b23c840f1@group-9FD6A907DAE7: changes role from      null to FOLLOWER at term 0 for startAsFollower
2022-11-10 17:28:04,832 [pool-72-thread-1] INFO  impl.RoleInfo (RoleInfo.java:updateAndGet(139)) - f55ec62f-fc83-4b90-9ad3-211b23c840f1: start f55ec62f-fc83-4b90-9ad3-211b23c840f1@group-9FD6A907DAE7-FollowerState
2022-11-10 17:28:04,833 [pool-118-thread-1] INFO  server.RaftServerConfigKeys (ConfUtils.java:logGet(46)) - raft.server.log.appender.install.snapshot.enabled = false (custom)
2022-11-10 17:28:04,833 [pool-118-thread-1] INFO  server.RaftServerConfigKeys (ConfUtils.java:logGet(46)) - raft.server.threadpool.server.cached = true (default)
2022-11-10 17:28:04,833 [pool-118-thread-1] INFO  server.RaftServerConfigKeys (ConfUtils.java:logGet(46)) - raft.server.threadpool.server.size = 0 (default)
2022-11-10 17:28:04,833 [pool-118-thread-1] INFO  server.RaftServerConfigKeys (ConfUtils.java:logGet(46)) - raft.server.threadpool.client.cached = true (default)
2022-11-10 17:28:04,833 [pool-118-thread-1] INFO  server.RaftServerConfigKeys (ConfUtils.java:logGet(46)) - raft.server.threadpool.client.size = 0 (default)
2022-11-10 17:28:04,833 [pool-118-thread-1] INFO  storage.RaftStorageDirectory (RaftStorageDirectoryImpl.java:analyzeStorage(137)) - The storage directory /home/runner/work/ozone/ozone/hadoop-ozone/integration-test/target/test-dir/MiniOzoneClusterImpl-5e6b204f-6d0c-499e-8bc7-d272478adc61/datanode-2/data/ratis/5715913b-6797-45d0-826b-b9f4ca427f3e does not exist. Creating ...
2022-11-10 17:28:04,834 [pool-118-thread-1] INFO  storage.RaftStorageDirectory (RaftStorageDirectoryImpl.java:tryLock(231)) - Lock on /home/runner/work/ozone/ozone/hadoop-ozone/integration-test/target/test-dir/MiniOzoneClusterImpl-5e6b204f-6d0c-499e-8bc7-d272478adc61/datanode-2/data/ratis/5715913b-6797-45d0-826b-b9f4ca427f3e/in_use.lock acquired by nodename 64491@fv-az77-962
2022-11-10 17:28:04,835 [pool-118-thread-1] INFO  storage.RaftStorage (RaftStorageImpl.java:format(96)) - Storage directory /home/runner/work/ozone/ozone/hadoop-ozone/integration-test/target/test-dir/MiniOzoneClusterImpl-5e6b204f-6d0c-499e-8bc7-d272478adc61/datanode-2/data/ratis/5715913b-6797-45d0-826b-b9f4ca427f3e has been successfully formatted.
2022-11-10 17:28:04,836 [pool-72-thread-1] INFO  util.JmxRegister (JmxRegister.java:tryRegister(44)) - Successfully registered JMX Bean with object name Ratis:service=RaftServer,group=group-9FD6A907DAE7,id=f55ec62f-fc83-4b90-9ad3-211b23c840f1
2022-11-10 17:28:04,836 [pool-72-thread-1] INFO  server.RaftServerConfigKeys (ConfUtils.java:logGet(46)) - raft.server.snapshot.auto.trigger.enabled = true (custom)
2022-11-10 17:28:04,836 [pool-72-thread-1] INFO  server.RaftServerConfigKeys (ConfUtils.java:logGet(46)) - raft.server.snapshot.auto.trigger.threshold = 10000 (custom)
2022-11-10 17:28:04,836 [pool-72-thread-1] INFO  server.RaftServerConfigKeys (ConfUtils.java:logGet(46)) - raft.server.snapshot.retention.file.num = 5 (custom)
2022-11-10 17:28:04,836 [pool-72-thread-1] INFO  server.RaftServerConfigKeys (ConfUtils.java:logGet(46)) - raft.server.log.purge.upto.snapshot.index = false (default)
2022-11-10 17:28:04,836 [f55ec62f-fc83-4b90-9ad3-211b23c840f1@group-9FD6A907DAE7-FollowerState] INFO  server.RaftServerConfigKeys (ConfUtils.java:logFallback(53)) - raft.server.rpc.first-election.timeout.min = 5s (fallback to raft.server.rpc.timeout.min)
2022-11-10 17:28:04,836 [f55ec62f-fc83-4b90-9ad3-211b23c840f1@group-9FD6A907DAE7-FollowerState] INFO  server.RaftServerConfigKeys (ConfUtils.java:logFallback(53)) - raft.server.rpc.first-election.timeout.max = 5200ms (fallback to raft.server.rpc.timeout.max)
2022-11-10 17:28:04,840 [Command processor thread] INFO  ratis.XceiverServerRatis (XceiverServerRatis.java:addGroup(765)) - Created group PipelineID=502fb66c-9a9b-45a3-aa33-9fd6a907dae7
2022-11-10 17:28:04,851 [pool-118-thread-1] INFO  ratis.ContainerStateMachine (ContainerStateMachine.java:loadSnapshot(236)) - group-B9F4CA427F3E: The snapshot info is null. Setting the last applied indexto:(t:0, i:~)
2022-11-10 17:28:04,851 [pool-118-thread-1] INFO  server.RaftServerConfigKeys (ConfUtils.java:logGet(46)) - raft.server.log.use.memory = false (default)
2022-11-10 17:28:04,852 [pool-118-thread-1] INFO  server.RaftServerConfigKeys (ConfUtils.java:logGet(46)) - raft.server.log.purge.gap = 1000000 (custom)
2022-11-10 17:28:04,852 [pool-118-thread-1] INFO  server.RaftServerConfigKeys (ConfUtils.java:logGet(46)) - raft.server.log.appender.buffer.byte-limit = 33554432 (custom)
2022-11-10 17:28:04,852 [pool-118-thread-1] INFO  server.RaftServerConfigKeys (ConfUtils.java:logGet(46)) - raft.server.log.statemachine.data.read.timeout = 1000ms (default)
2022-11-10 17:28:04,852 [pool-118-thread-1] INFO  server.RaftServerConfigKeys (ConfUtils.java:logGet(46)) - raft.server.log.purge.preservation.log.num = 0 (default)
2022-11-10 17:28:04,853 [pool-118-thread-1] INFO  server.RaftServerConfigKeys (ConfUtils.java:logGet(46)) - raft.server.log.segment.size.max = 1048576 (custom)
2022-11-10 17:28:04,853 [pool-118-thread-1] INFO  server.RaftServerConfigKeys (ConfUtils.java:logGet(46)) - raft.server.log.segment.cache.num.max = 2 (custom)
2022-11-10 17:28:04,853 [pool-118-thread-1] INFO  server.RaftServerConfigKeys (ConfUtils.java:logGet(46)) - raft.server.log.segment.cache.size.max = 200MB (=209715200) (default)
2022-11-10 17:28:04,853 [pool-118-thread-1] INFO  segmented.SegmentedRaftLogWorker (SegmentedRaftLogWorker.java:<init>(191)) - new 325472d8-9d81-4b17-841b-efb836b1d11d@group-B9F4CA427F3E-SegmentedRaftLogWorker for RaftStorageImpl:Storage Directory /home/runner/work/ozone/ozone/hadoop-ozone/integration-test/target/test-dir/MiniOzoneClusterImpl-5e6b204f-6d0c-499e-8bc7-d272478adc61/datanode-2/data/ratis/5715913b-6797-45d0-826b-b9f4ca427f3e
2022-11-10 17:28:04,854 [pool-118-thread-1] INFO  server.RaftServerConfigKeys (ConfUtils.java:logGet(46)) - raft.server.log.queue.byte-limit = 4294967296 (custom)
2022-11-10 17:28:04,854 [pool-118-thread-1] INFO  server.RaftServerConfigKeys (ConfUtils.java:logGet(46)) - raft.server.log.queue.element-limit = 1024 (custom)
2022-11-10 17:28:04,854 [pool-118-thread-1] INFO  server.RaftServerConfigKeys (ConfUtils.java:logGet(46)) - raft.server.log.segment.size.max = 1048576 (custom)
2022-11-10 17:28:04,854 [pool-118-thread-1] INFO  server.RaftServerConfigKeys (ConfUtils.java:logGet(46)) - raft.server.log.preallocated.size = 16384 (custom)
2022-11-10 17:28:04,854 [pool-118-thread-1] INFO  server.RaftServerConfigKeys (ConfUtils.java:logGet(46)) - raft.server.log.force.sync.num = 128 (default)
2022-11-10 17:28:04,854 [pool-118-thread-1] INFO  server.RaftServerConfigKeys (ConfUtils.java:logGet(46)) - raft.server.log.statemachine.data.sync = true (default)
2022-11-10 17:28:04,854 [pool-118-thread-1] INFO  server.RaftServerConfigKeys (ConfUtils.java:logGet(46)) - raft.server.log.statemachine.data.sync.timeout = 10s (default)
2022-11-10 17:28:04,854 [pool-118-thread-1] INFO  server.RaftServerConfigKeys (ConfUtils.java:logGet(46)) - raft.server.log.statemachine.data.sync.timeout.retry = -1 (default)
2022-11-10 17:28:04,855 [pool-118-thread-1] INFO  server.RaftServerConfigKeys (ConfUtils.java:logGet(46)) - raft.server.log.write.buffer.size = 1048576 (custom)
2022-11-10 17:28:04,856 [pool-118-thread-1] INFO  server.RaftServerConfigKeys (ConfUtils.java:logGet(46)) - raft.server.log.unsafe-flush.enabled = false (default)
2022-11-10 17:28:04,856 [pool-118-thread-1] INFO  server.RaftServerConfigKeys (ConfUtils.java:logGet(46)) - raft.server.log.async-flush.enabled = false (default)
2022-11-10 17:28:04,856 [pool-118-thread-1] INFO  server.RaftServerConfigKeys (ConfUtils.java:logGet(46)) - raft.server.log.statemachine.data.caching.enabled = true (custom)
2022-11-10 17:28:04,856 [pool-118-thread-1] INFO  segmented.SegmentedRaftLogWorker (SegmentedRaftLogWorker.java:lambda$new$0(136)) - 325472d8-9d81-4b17-841b-efb836b1d11d@group-B9F4CA427F3E-SegmentedRaftLogWorker: flushIndex: setUnconditionally 0 -> -1
2022-11-10 17:28:04,856 [pool-118-thread-1] INFO  segmented.SegmentedRaftLogWorker (SegmentedRaftLogWorker.java:lambda$new$0(136)) - 325472d8-9d81-4b17-841b-efb836b1d11d@group-B9F4CA427F3E-SegmentedRaftLogWorker: safeCacheEvictIndex: setUnconditionally 0 -> -1
2022-11-10 17:28:04,857 [pool-118-thread-1] INFO  server.RaftServer$Division (RaftServerImpl.java:start(334)) - 325472d8-9d81-4b17-841b-efb836b1d11d@group-B9F4CA427F3E: start as a follower, conf=-1: peers:[325472d8-9d81-4b17-841b-efb836b1d11d|rpc:10.1.1.193:39899|priority:1|startupRole:FOLLOWER]|listeners:[], old=null
2022-11-10 17:28:04,858 [pool-118-thread-1] INFO  server.RaftServer$Division (RaftServerImpl.java:setRole(321)) - 325472d8-9d81-4b17-841b-efb836b1d11d@group-B9F4CA427F3E: changes role from      null to FOLLOWER at term 0 for startAsFollower
2022-11-10 17:28:04,858 [pool-118-thread-1] INFO  impl.RoleInfo (RoleInfo.java:updateAndGet(139)) - 325472d8-9d81-4b17-841b-efb836b1d11d: start 325472d8-9d81-4b17-841b-efb836b1d11d@group-B9F4CA427F3E-FollowerState
2022-11-10 17:28:04,861 [Command processor thread] INFO  commandhandler.CreatePipelineCommandHandler (CreatePipelineCommandHandler.java:handle(113)) - Created Pipeline RATIS THREE PipelineID=fb1d1abe-acb0-4f27-90bf-4a4fd64f1a85.
2022-11-10 17:28:04,861 [Command processor thread] INFO  server.RaftServer (RaftServerProxy.java:addNew(96)) - 68e70bec-2654-4ecf-aba3-1fd50f487e32: addNew group-9FD6A907DAE7:[68e70bec-2654-4ecf-aba3-1fd50f487e32|rpc:10.1.1.193:35621|priority:0|startupRole:FOLLOWER, f55ec62f-fc83-4b90-9ad3-211b23c840f1|rpc:10.1.1.193:36009|priority:0|startupRole:FOLLOWER, 325472d8-9d81-4b17-841b-efb836b1d11d|rpc:10.1.1.193:39899|priority:1|startupRole:FOLLOWER] returns group-9FD6A907DAE7:java.util.concurrent.CompletableFuture@750c1a08[Not completed]
2022-11-10 17:28:04,862 [pool-95-thread-1] INFO  server.RaftServer$Division (RaftServerImpl.java:<init>(195)) - 68e70bec-2654-4ecf-aba3-1fd50f487e32: new RaftServerImpl for group-9FD6A907DAE7:[68e70bec-2654-4ecf-aba3-1fd50f487e32|rpc:10.1.1.193:35621|priority:0|startupRole:FOLLOWER, f55ec62f-fc83-4b90-9ad3-211b23c840f1|rpc:10.1.1.193:36009|priority:0|startupRole:FOLLOWER, 325472d8-9d81-4b17-841b-efb836b1d11d|rpc:10.1.1.193:39899|priority:1|startupRole:FOLLOWER] with ContainerStateMachine:uninitialized
2022-11-10 17:28:04,862 [pool-95-thread-1] INFO  server.RaftServerConfigKeys (ConfUtils.java:logGet(46)) - raft.server.rpc.timeout.min = 5s (custom)
2022-11-10 17:28:04,862 [pool-95-thread-1] INFO  server.RaftServerConfigKeys (ConfUtils.java:logGet(46)) - raft.server.rpc.timeout.max = 5200ms (custom)
2022-11-10 17:28:04,862 [pool-95-thread-1] INFO  server.RaftServerConfigKeys (ConfUtils.java:logGet(46)) - raft.server.rpc.sleep.time = 25ms (default)
2022-11-10 17:28:04,862 [pool-95-thread-1] INFO  server.RaftServerConfigKeys (ConfUtils.java:logGet(46)) - raft.server.rpc.slowness.timeout = 300s (custom)
2022-11-10 17:28:04,862 [pool-95-thread-1] INFO  server.RaftServerConfigKeys (ConfUtils.java:logGet(46)) - raft.server.leaderelection.leader.step-down.wait-time = 10s (default)
2022-11-10 17:28:04,862 [pool-95-thread-1] INFO  server.RaftServerConfigKeys (ConfUtils.java:logGet(46)) - raft.server.sleep.deviation.threshold = 300ms (default)
2022-11-10 17:28:04,863 [pool-95-thread-1] INFO  server.RaftServer$Division (ServerState.java:<init>(118)) - 68e70bec-2654-4ecf-aba3-1fd50f487e32@group-9FD6A907DAE7: ConfigurationManager, init=-1: peers:[68e70bec-2654-4ecf-aba3-1fd50f487e32|rpc:10.1.1.193:35621|priority:0|startupRole:FOLLOWER, f55ec62f-fc83-4b90-9ad3-211b23c840f1|rpc:10.1.1.193:36009|priority:0|startupRole:FOLLOWER, 325472d8-9d81-4b17-841b-efb836b1d11d|rpc:10.1.1.193:39899|priority:1|startupRole:FOLLOWER]|listeners:[], old=null, confs=<EMPTY_MAP>
2022-11-10 17:28:04,863 [pool-95-thread-1] INFO  server.RaftServerConfigKeys (ConfUtils.java:logGet(46)) - raft.server.storage.dir = [/home/runner/work/ozone/ozone/hadoop-ozone/integration-test/target/test-dir/MiniOzoneClusterImpl-5e6b204f-6d0c-499e-8bc7-d272478adc61/datanode-1/data/ratis] (custom)
2022-11-10 17:28:04,863 [pool-95-thread-1] INFO  server.RaftServerConfigKeys (ConfUtils.java:logGet(46)) - raft.server.log.corruption.policy = EXCEPTION (default)
2022-11-10 17:28:04,863 [pool-95-thread-1] INFO  server.RaftServerConfigKeys (ConfUtils.java:logGet(46)) - raft.server.storage.free-space.min = 0MB (=0) (default)
2022-11-10 17:28:04,863 [pool-95-thread-1] INFO  server.RaftServerConfigKeys (ConfUtils.java:logGet(46)) - raft.server.notification.no-leader.timeout = 300s (custom)
2022-11-10 17:28:04,863 [pool-95-thread-1] INFO  server.RaftServerConfigKeys (ConfUtils.java:logGet(46)) - raft.server.retrycache.expirytime = 600000ms (custom)
2022-11-10 17:28:04,863 [pool-95-thread-1] INFO  server.RaftServerConfigKeys (ConfUtils.java:logGet(46)) - raft.server.retrycache.statistics.expirytime = 100μs (default)
2022-11-10 17:28:04,864 [EventQueue-PipelineReportForPipelineReportHandler] INFO  pipeline.PipelineManagerImpl (PipelineManagerImpl.java:openPipeline(367)) - Pipeline Pipeline[ Id: 5715913b-6797-45d0-826b-b9f4ca427f3e, Nodes: 325472d8-9d81-4b17-841b-efb836b1d11d{ip: 10.1.1.193, host: fv-az77-962.bprubkmdfdkerap53zvqdzdb0e.jx.internal.cloudapp.net, ports: [REPLICATION=35799, RATIS=39899, RATIS_ADMIN=39899, RATIS_SERVER=39899, STANDALONE=46595], networkLocation: /default-rack, certSerialId: null, persistedOpState: IN_SERVICE, persistedOpStateExpiryEpochSec: 0}, ReplicationConfig: RATIS/ONE, State:ALLOCATED, leaderId:325472d8-9d81-4b17-841b-efb836b1d11d, CreationTimestamp2022-11-10T17:28:01.831Z[Etc/UTC]] moved to OPEN state
2022-11-10 17:28:04,865 [325472d8-9d81-4b17-841b-efb836b1d11d@group-B9F4CA427F3E-FollowerState] INFO  server.RaftServerConfigKeys (ConfUtils.java:logFallback(53)) - raft.server.rpc.first-election.timeout.min = 5s (fallback to raft.server.rpc.timeout.min)
2022-11-10 17:28:04,876 [325472d8-9d81-4b17-841b-efb836b1d11d@group-B9F4CA427F3E-FollowerState] INFO  server.RaftServerConfigKeys (ConfUtils.java:logFallback(53)) - raft.server.rpc.first-election.timeout.max = 5200ms (fallback to raft.server.rpc.timeout.max)
2022-11-10 17:28:04,876 [grpc-default-executor-1] INFO  server.RaftServer (RaftServerProxy.java:addNew(96)) - 325472d8-9d81-4b17-841b-efb836b1d11d: addNew group-9FD6A907DAE7:[68e70bec-2654-4ecf-aba3-1fd50f487e32|rpc:10.1.1.193:35621|dataStream:|priority:0|startupRole:FOLLOWER, f55ec62f-fc83-4b90-9ad3-211b23c840f1|rpc:10.1.1.193:36009|dataStream:|priority:0|startupRole:FOLLOWER, 325472d8-9d81-4b17-841b-efb836b1d11d|rpc:10.1.1.193:39899|dataStream:|priority:1|startupRole:FOLLOWER] returns group-9FD6A907DAE7:java.util.concurrent.CompletableFuture@684d34c5[Not completed]
2022-11-10 17:28:04,865 [pool-118-thread-1] INFO  util.JmxRegister (JmxRegister.java:tryRegister(44)) - Successfully registered JMX Bean with object name Ratis:service=RaftServer,group=group-B9F4CA427F3E,id=325472d8-9d81-4b17-841b-efb836b1d11d
2022-11-10 17:28:04,877 [pool-118-thread-1] INFO  server.RaftServerConfigKeys (ConfUtils.java:logGet(46)) - raft.server.snapshot.auto.trigger.enabled = true (custom)
2022-11-10 17:28:04,877 [pool-118-thread-1] INFO  server.RaftServerConfigKeys (ConfUtils.java:logGet(46)) - raft.server.snapshot.auto.trigger.threshold = 10000 (custom)
2022-11-10 17:28:04,877 [pool-118-thread-1] INFO  server.RaftServerConfigKeys (ConfUtils.java:logGet(46)) - raft.server.snapshot.retention.file.num = 5 (custom)
2022-11-10 17:28:04,877 [pool-118-thread-1] INFO  server.RaftServerConfigKeys (ConfUtils.java:logGet(46)) - raft.server.log.purge.upto.snapshot.index = false (default)
2022-11-10 17:28:04,865 [pool-95-thread-1] INFO  server.RaftServerConfigKeys (ConfUtils.java:logGet(46)) - raft.server.log.appender.install.snapshot.enabled = false (custom)
2022-11-10 17:28:04,884 [pool-95-thread-1] INFO  server.RaftServerConfigKeys (ConfUtils.java:logGet(46)) - raft.server.threadpool.server.cached = true (default)
2022-11-10 17:28:04,884 [pool-95-thread-1] INFO  server.RaftServerConfigKeys (ConfUtils.java:logGet(46)) - raft.server.threadpool.server.size = 0 (default)
2022-11-10 17:28:04,885 [pool-95-thread-1] INFO  server.RaftServerConfigKeys (ConfUtils.java:logGet(46)) - raft.server.threadpool.client.cached = true (default)
2022-11-10 17:28:04,885 [pool-95-thread-1] INFO  server.RaftServerConfigKeys (ConfUtils.java:logGet(46)) - raft.server.threadpool.client.size = 0 (default)
2022-11-10 17:28:04,885 [pool-95-thread-1] INFO  storage.RaftStorageDirectory (RaftStorageDirectoryImpl.java:analyzeStorage(137)) - The storage directory /home/runner/work/ozone/ozone/hadoop-ozone/integration-test/target/test-dir/MiniOzoneClusterImpl-5e6b204f-6d0c-499e-8bc7-d272478adc61/datanode-1/data/ratis/502fb66c-9a9b-45a3-aa33-9fd6a907dae7 does not exist. Creating ...
2022-11-10 17:28:04,872 [EventQueue-OpenPipelineForHealthyPipelineSafeModeRule] INFO  safemode.SCMSafeModeManager (HealthyPipelineSafeModeRule.java:process(137)) - SCM in safe mode. Healthy pipelines reported count is 0, required healthy pipeline reported count is 1
2022-11-10 17:28:04,884 [Command processor thread] INFO  ratis.XceiverServerRatis (XceiverServerRatis.java:addGroup(765)) - Created group PipelineID=5715913b-6797-45d0-826b-b9f4ca427f3e
2022-11-10 17:28:04,885 [Command processor thread] INFO  commandhandler.CreatePipelineCommandHandler (CreatePipelineCommandHandler.java:handle(113)) - Created Pipeline RATIS ONE PipelineID=5715913b-6797-45d0-826b-b9f4ca427f3e.
2022-11-10 17:28:04,888 [pool-118-thread-1] INFO  server.RaftServer$Division (RaftServerImpl.java:<init>(195)) - 325472d8-9d81-4b17-841b-efb836b1d11d: new RaftServerImpl for group-9FD6A907DAE7:[68e70bec-2654-4ecf-aba3-1fd50f487e32|rpc:10.1.1.193:35621|dataStream:|priority:0|startupRole:FOLLOWER, f55ec62f-fc83-4b90-9ad3-211b23c840f1|rpc:10.1.1.193:36009|dataStream:|priority:0|startupRole:FOLLOWER, 325472d8-9d81-4b17-841b-efb836b1d11d|rpc:10.1.1.193:39899|dataStream:|priority:1|startupRole:FOLLOWER] with ContainerStateMachine:uninitialized
2022-11-10 17:28:04,888 [pool-118-thread-1] INFO  server.RaftServerConfigKeys (ConfUtils.java:logGet(46)) - raft.server.rpc.timeout.min = 5s (custom)
2022-11-10 17:28:04,888 [pool-118-thread-1] INFO  server.RaftServerConfigKeys (ConfUtils.java:logGet(46)) - raft.server.rpc.timeout.max = 5200ms (custom)
2022-11-10 17:28:04,888 [pool-118-thread-1] INFO  server.RaftServerConfigKeys (ConfUtils.java:logGet(46)) - raft.server.rpc.sleep.time = 25ms (default)
2022-11-10 17:28:04,888 [pool-118-thread-1] INFO  server.RaftServerConfigKeys (ConfUtils.java:logGet(46)) - raft.server.rpc.slowness.timeout = 300s (custom)
2022-11-10 17:28:04,888 [pool-95-thread-1] INFO  storage.RaftStorageDirectory (RaftStorageDirectoryImpl.java:tryLock(231)) - Lock on /home/runner/work/ozone/ozone/hadoop-ozone/integration-test/target/test-dir/MiniOzoneClusterImpl-5e6b204f-6d0c-499e-8bc7-d272478adc61/datanode-1/data/ratis/502fb66c-9a9b-45a3-aa33-9fd6a907dae7/in_use.lock acquired by nodename 64491@fv-az77-962
2022-11-10 17:28:04,888 [pool-118-thread-1] INFO  server.RaftServerConfigKeys (ConfUtils.java:logGet(46)) - raft.server.leaderelection.leader.step-down.wait-time = 10s (default)
2022-11-10 17:28:04,893 [pool-118-thread-1] INFO  server.RaftServerConfigKeys (ConfUtils.java:logGet(46)) - raft.server.sleep.deviation.threshold = 300ms (default)
2022-11-10 17:28:04,893 [pool-118-thread-1] INFO  server.RaftServer$Division (ServerState.java:<init>(118)) - 325472d8-9d81-4b17-841b-efb836b1d11d@group-9FD6A907DAE7: ConfigurationManager, init=-1: peers:[68e70bec-2654-4ecf-aba3-1fd50f487e32|rpc:10.1.1.193:35621|dataStream:|priority:0|startupRole:FOLLOWER, f55ec62f-fc83-4b90-9ad3-211b23c840f1|rpc:10.1.1.193:36009|dataStream:|priority:0|startupRole:FOLLOWER, 325472d8-9d81-4b17-841b-efb836b1d11d|rpc:10.1.1.193:39899|dataStream:|priority:1|startupRole:FOLLOWER]|listeners:[], old=null, confs=<EMPTY_MAP>
2022-11-10 17:28:04,893 [pool-118-thread-1] INFO  server.RaftServerConfigKeys (ConfUtils.java:logGet(46)) - raft.server.storage.dir = [/home/runner/work/ozone/ozone/hadoop-ozone/integration-test/target/test-dir/MiniOzoneClusterImpl-5e6b204f-6d0c-499e-8bc7-d272478adc61/datanode-2/data/ratis] (custom)
2022-11-10 17:28:04,894 [pool-95-thread-1] INFO  storage.RaftStorage (RaftStorageImpl.java:format(96)) - Storage directory /home/runner/work/ozone/ozone/hadoop-ozone/integration-test/target/test-dir/MiniOzoneClusterImpl-5e6b204f-6d0c-499e-8bc7-d272478adc61/datanode-1/data/ratis/502fb66c-9a9b-45a3-aa33-9fd6a907dae7 has been successfully formatted.
2022-11-10 17:28:04,895 [pool-95-thread-1] INFO  ratis.ContainerStateMachine (ContainerStateMachine.java:loadSnapshot(236)) - group-9FD6A907DAE7: The snapshot info is null. Setting the last applied indexto:(t:0, i:~)
2022-11-10 17:28:04,895 [pool-95-thread-1] INFO  server.RaftServerConfigKeys (ConfUtils.java:logGet(46)) - raft.server.log.use.memory = false (default)
2022-11-10 17:28:04,895 [pool-95-thread-1] INFO  server.RaftServerConfigKeys (ConfUtils.java:logGet(46)) - raft.server.log.purge.gap = 1000000 (custom)
2022-11-10 17:28:04,895 [pool-95-thread-1] INFO  server.RaftServerConfigKeys (ConfUtils.java:logGet(46)) - raft.server.log.appender.buffer.byte-limit = 33554432 (custom)
2022-11-10 17:28:04,895 [pool-95-thread-1] INFO  server.RaftServerConfigKeys (ConfUtils.java:logGet(46)) - raft.server.log.statemachine.data.read.timeout = 1000ms (default)
2022-11-10 17:28:04,895 [pool-95-thread-1] INFO  server.RaftServerConfigKeys (ConfUtils.java:logGet(46)) - raft.server.log.purge.preservation.log.num = 0 (default)
2022-11-10 17:28:04,895 [pool-95-thread-1] INFO  server.RaftServerConfigKeys (ConfUtils.java:logGet(46)) - raft.server.log.segment.size.max = 1048576 (custom)
2022-11-10 17:28:04,894 [pool-118-thread-1] INFO  server.RaftServerConfigKeys (ConfUtils.java:logGet(46)) - raft.server.log.corruption.policy = EXCEPTION (default)
2022-11-10 17:28:04,896 [pool-118-thread-1] INFO  server.RaftServerConfigKeys (ConfUtils.java:logGet(46)) - raft.server.storage.free-space.min = 0MB (=0) (default)
2022-11-10 17:28:04,898 [pool-118-thread-1] INFO  server.RaftServerConfigKeys (ConfUtils.java:logGet(46)) - raft.server.notification.no-leader.timeout = 300s (custom)
2022-11-10 17:28:04,898 [pool-118-thread-1] INFO  server.RaftServerConfigKeys (ConfUtils.java:logGet(46)) - raft.server.retrycache.expirytime = 600000ms (custom)
2022-11-10 17:28:04,898 [pool-118-thread-1] INFO  server.RaftServerConfigKeys (ConfUtils.java:logGet(46)) - raft.server.retrycache.statistics.expirytime = 100μs (default)
2022-11-10 17:28:04,899 [pool-118-thread-1] INFO  server.RaftServerConfigKeys (ConfUtils.java:logGet(46)) - raft.server.log.appender.install.snapshot.enabled = false (custom)
2022-11-10 17:28:04,899 [pool-118-thread-1] INFO  server.RaftServerConfigKeys (ConfUtils.java:logGet(46)) - raft.server.threadpool.server.cached = true (default)
2022-11-10 17:28:04,899 [pool-118-thread-1] INFO  server.RaftServerConfigKeys (ConfUtils.java:logGet(46)) - raft.server.threadpool.server.size = 0 (default)
2022-11-10 17:28:04,899 [pool-118-thread-1] INFO  server.RaftServerConfigKeys (ConfUtils.java:logGet(46)) - raft.server.threadpool.client.cached = true (default)
2022-11-10 17:28:04,899 [pool-118-thread-1] INFO  server.RaftServerConfigKeys (ConfUtils.java:logGet(46)) - raft.server.threadpool.client.size = 0 (default)
2022-11-10 17:28:04,899 [pool-118-thread-1] INFO  storage.RaftStorageDirectory (RaftStorageDirectoryImpl.java:analyzeStorage(137)) - The storage directory /home/runner/work/ozone/ozone/hadoop-ozone/integration-test/target/test-dir/MiniOzoneClusterImpl-5e6b204f-6d0c-499e-8bc7-d272478adc61/datanode-2/data/ratis/502fb66c-9a9b-45a3-aa33-9fd6a907dae7 does not exist. Creating ...
2022-11-10 17:28:04,900 [EventQueue-OpenPipelineForHealthyPipelineSafeModeRule] INFO  safemode.SCMSafeModeManager (HealthyPipelineSafeModeRule.java:process(137)) - SCM in safe mode. Healthy pipelines reported count is 0, required healthy pipeline reported count is 1
2022-11-10 17:28:04,900 [pool-95-thread-1] INFO  server.RaftServerConfigKeys (ConfUtils.java:logGet(46)) - raft.server.log.segment.cache.num.max = 2 (custom)
2022-11-10 17:28:04,900 [pool-95-thread-1] INFO  server.RaftServerConfigKeys (ConfUtils.java:logGet(46)) - raft.server.log.segment.cache.size.max = 200MB (=209715200) (default)
2022-11-10 17:28:04,900 [pool-95-thread-1] INFO  segmented.SegmentedRaftLogWorker (SegmentedRaftLogWorker.java:<init>(191)) - new 68e70bec-2654-4ecf-aba3-1fd50f487e32@group-9FD6A907DAE7-SegmentedRaftLogWorker for RaftStorageImpl:Storage Directory /home/runner/work/ozone/ozone/hadoop-ozone/integration-test/target/test-dir/MiniOzoneClusterImpl-5e6b204f-6d0c-499e-8bc7-d272478adc61/datanode-1/data/ratis/502fb66c-9a9b-45a3-aa33-9fd6a907dae7
2022-11-10 17:28:04,900 [pool-95-thread-1] INFO  server.RaftServerConfigKeys (ConfUtils.java:logGet(46)) - raft.server.log.queue.byte-limit = 4294967296 (custom)
2022-11-10 17:28:04,900 [pool-95-thread-1] INFO  server.RaftServerConfigKeys (ConfUtils.java:logGet(46)) - raft.server.log.queue.element-limit = 1024 (custom)
2022-11-10 17:28:04,900 [pool-95-thread-1] INFO  server.RaftServerConfigKeys (ConfUtils.java:logGet(46)) - raft.server.log.segment.size.max = 1048576 (custom)
2022-11-10 17:28:04,900 [pool-95-thread-1] INFO  server.RaftServerConfigKeys (ConfUtils.java:logGet(46)) - raft.server.log.preallocated.size = 16384 (custom)
2022-11-10 17:28:04,900 [pool-95-thread-1] INFO  server.RaftServerConfigKeys (ConfUtils.java:logGet(46)) - raft.server.log.force.sync.num = 128 (default)
2022-11-10 17:28:04,900 [pool-95-thread-1] INFO  server.RaftServerConfigKeys (ConfUtils.java:logGet(46)) - raft.server.log.statemachine.data.sync = true (default)
2022-11-10 17:28:04,901 [pool-95-thread-1] INFO  server.RaftServerConfigKeys (ConfUtils.java:logGet(46)) - raft.server.log.statemachine.data.sync.timeout = 10s (default)
2022-11-10 17:28:04,901 [pool-95-thread-1] INFO  server.RaftServerConfigKeys (ConfUtils.java:logGet(46)) - raft.server.log.statemachine.data.sync.timeout.retry = -1 (default)
2022-11-10 17:28:04,901 [pool-95-thread-1] INFO  server.RaftServerConfigKeys (ConfUtils.java:logGet(46)) - raft.server.log.write.buffer.size = 1048576 (custom)
2022-11-10 17:28:04,902 [pool-118-thread-1] INFO  storage.RaftStorageDirectory (RaftStorageDirectoryImpl.java:tryLock(231)) - Lock on /home/runner/work/ozone/ozone/hadoop-ozone/integration-test/target/test-dir/MiniOzoneClusterImpl-5e6b204f-6d0c-499e-8bc7-d272478adc61/datanode-2/data/ratis/502fb66c-9a9b-45a3-aa33-9fd6a907dae7/in_use.lock acquired by nodename 64491@fv-az77-962
2022-11-10 17:28:04,903 [pool-95-thread-1] INFO  server.RaftServerConfigKeys (ConfUtils.java:logGet(46)) - raft.server.log.unsafe-flush.enabled = false (default)
2022-11-10 17:28:04,903 [pool-95-thread-1] INFO  server.RaftServerConfigKeys (ConfUtils.java:logGet(46)) - raft.server.log.async-flush.enabled = false (default)
2022-11-10 17:28:04,903 [pool-95-thread-1] INFO  server.RaftServerConfigKeys (ConfUtils.java:logGet(46)) - raft.server.log.statemachine.data.caching.enabled = true (custom)
2022-11-10 17:28:04,903 [pool-118-thread-1] INFO  storage.RaftStorage (RaftStorageImpl.java:format(96)) - Storage directory /home/runner/work/ozone/ozone/hadoop-ozone/integration-test/target/test-dir/MiniOzoneClusterImpl-5e6b204f-6d0c-499e-8bc7-d272478adc61/datanode-2/data/ratis/502fb66c-9a9b-45a3-aa33-9fd6a907dae7 has been successfully formatted.
2022-11-10 17:28:04,904 [pool-118-thread-1] INFO  ratis.ContainerStateMachine (ContainerStateMachine.java:loadSnapshot(236)) - group-9FD6A907DAE7: The snapshot info is null. Setting the last applied indexto:(t:0, i:~)
2022-11-10 17:28:04,904 [pool-118-thread-1] INFO  server.RaftServerConfigKeys (ConfUtils.java:logGet(46)) - raft.server.log.use.memory = false (default)
2022-11-10 17:28:04,905 [pool-118-thread-1] INFO  server.RaftServerConfigKeys (ConfUtils.java:logGet(46)) - raft.server.log.purge.gap = 1000000 (custom)
2022-11-10 17:28:04,905 [pool-118-thread-1] INFO  server.RaftServerConfigKeys (ConfUtils.java:logGet(46)) - raft.server.log.appender.buffer.byte-limit = 33554432 (custom)
2022-11-10 17:28:04,905 [pool-118-thread-1] INFO  server.RaftServerConfigKeys (ConfUtils.java:logGet(46)) - raft.server.log.statemachine.data.read.timeout = 1000ms (default)
2022-11-10 17:28:04,905 [pool-118-thread-1] INFO  server.RaftServerConfigKeys (ConfUtils.java:logGet(46)) - raft.server.log.purge.preservation.log.num = 0 (default)
2022-11-10 17:28:04,905 [pool-118-thread-1] INFO  server.RaftServerConfigKeys (ConfUtils.java:logGet(46)) - raft.server.log.segment.size.max = 1048576 (custom)
2022-11-10 17:28:04,905 [pool-118-thread-1] INFO  server.RaftServerConfigKeys (ConfUtils.java:logGet(46)) - raft.server.log.segment.cache.num.max = 2 (custom)
2022-11-10 17:28:04,905 [pool-118-thread-1] INFO  server.RaftServerConfigKeys (ConfUtils.java:logGet(46)) - raft.server.log.segment.cache.size.max = 200MB (=209715200) (default)
2022-11-10 17:28:04,905 [pool-118-thread-1] INFO  segmented.SegmentedRaftLogWorker (SegmentedRaftLogWorker.java:<init>(191)) - new 325472d8-9d81-4b17-841b-efb836b1d11d@group-9FD6A907DAE7-SegmentedRaftLogWorker for RaftStorageImpl:Storage Directory /home/runner/work/ozone/ozone/hadoop-ozone/integration-test/target/test-dir/MiniOzoneClusterImpl-5e6b204f-6d0c-499e-8bc7-d272478adc61/datanode-2/data/ratis/502fb66c-9a9b-45a3-aa33-9fd6a907dae7
2022-11-10 17:28:04,905 [pool-118-thread-1] INFO  server.RaftServerConfigKeys (ConfUtils.java:logGet(46)) - raft.server.log.queue.byte-limit = 4294967296 (custom)
2022-11-10 17:28:04,906 [pool-118-thread-1] INFO  server.RaftServerConfigKeys (ConfUtils.java:logGet(46)) - raft.server.log.queue.element-limit = 1024 (custom)
2022-11-10 17:28:04,906 [pool-118-thread-1] INFO  server.RaftServerConfigKeys (ConfUtils.java:logGet(46)) - raft.server.log.segment.size.max = 1048576 (custom)
2022-11-10 17:28:04,906 [pool-118-thread-1] INFO  server.RaftServerConfigKeys (ConfUtils.java:logGet(46)) - raft.server.log.preallocated.size = 16384 (custom)
2022-11-10 17:28:04,906 [pool-118-thread-1] INFO  server.RaftServerConfigKeys (ConfUtils.java:logGet(46)) - raft.server.log.force.sync.num = 128 (default)
2022-11-10 17:28:04,906 [pool-118-thread-1] INFO  server.RaftServerConfigKeys (ConfUtils.java:logGet(46)) - raft.server.log.statemachine.data.sync = true (default)
2022-11-10 17:28:04,906 [pool-118-thread-1] INFO  server.RaftServerConfigKeys (ConfUtils.java:logGet(46)) - raft.server.log.statemachine.data.sync.timeout = 10s (default)
2022-11-10 17:28:04,906 [pool-118-thread-1] INFO  server.RaftServerConfigKeys (ConfUtils.java:logGet(46)) - raft.server.log.statemachine.data.sync.timeout.retry = -1 (default)
2022-11-10 17:28:04,907 [pool-118-thread-1] INFO  server.RaftServerConfigKeys (ConfUtils.java:logGet(46)) - raft.server.log.write.buffer.size = 1048576 (custom)
2022-11-10 17:28:04,907 [pool-118-thread-1] INFO  server.RaftServerConfigKeys (ConfUtils.java:logGet(46)) - raft.server.log.unsafe-flush.enabled = false (default)
2022-11-10 17:28:04,908 [pool-118-thread-1] INFO  server.RaftServerConfigKeys (ConfUtils.java:logGet(46)) - raft.server.log.async-flush.enabled = false (default)
2022-11-10 17:28:04,908 [pool-118-thread-1] INFO  server.RaftServerConfigKeys (ConfUtils.java:logGet(46)) - raft.server.log.statemachine.data.caching.enabled = true (custom)
2022-11-10 17:28:04,908 [pool-118-thread-1] INFO  segmented.SegmentedRaftLogWorker (SegmentedRaftLogWorker.java:lambda$new$0(136)) - 325472d8-9d81-4b17-841b-efb836b1d11d@group-9FD6A907DAE7-SegmentedRaftLogWorker: flushIndex: setUnconditionally 0 -> -1
2022-11-10 17:28:04,914 [EventQueue-OpenPipelineForHealthyPipelineSafeModeRule] INFO  safemode.SCMSafeModeManager (HealthyPipelineSafeModeRule.java:process(137)) - SCM in safe mode. Healthy pipelines reported count is 0, required healthy pipeline reported count is 1
2022-11-10 17:28:04,912 [pool-95-thread-1] INFO  segmented.SegmentedRaftLogWorker (SegmentedRaftLogWorker.java:lambda$new$0(136)) - 68e70bec-2654-4ecf-aba3-1fd50f487e32@group-9FD6A907DAE7-SegmentedRaftLogWorker: flushIndex: setUnconditionally 0 -> -1
2022-11-10 17:28:04,919 [pool-95-thread-1] INFO  segmented.SegmentedRaftLogWorker (SegmentedRaftLogWorker.java:lambda$new$0(136)) - 68e70bec-2654-4ecf-aba3-1fd50f487e32@group-9FD6A907DAE7-SegmentedRaftLogWorker: safeCacheEvictIndex: setUnconditionally 0 -> -1
2022-11-10 17:28:04,919 [pool-118-thread-1] INFO  segmented.SegmentedRaftLogWorker (SegmentedRaftLogWorker.java:lambda$new$0(136)) - 325472d8-9d81-4b17-841b-efb836b1d11d@group-9FD6A907DAE7-SegmentedRaftLogWorker: safeCacheEvictIndex: setUnconditionally 0 -> -1
2022-11-10 17:28:04,924 [pool-95-thread-1] INFO  server.RaftServer$Division (RaftServerImpl.java:start(334)) - 68e70bec-2654-4ecf-aba3-1fd50f487e32@group-9FD6A907DAE7: start as a follower, conf=-1: peers:[68e70bec-2654-4ecf-aba3-1fd50f487e32|rpc:10.1.1.193:35621|priority:0|startupRole:FOLLOWER, f55ec62f-fc83-4b90-9ad3-211b23c840f1|rpc:10.1.1.193:36009|priority:0|startupRole:FOLLOWER, 325472d8-9d81-4b17-841b-efb836b1d11d|rpc:10.1.1.193:39899|priority:1|startupRole:FOLLOWER]|listeners:[], old=null
2022-11-10 17:28:04,924 [pool-95-thread-1] INFO  server.RaftServer$Division (RaftServerImpl.java:setRole(321)) - 68e70bec-2654-4ecf-aba3-1fd50f487e32@group-9FD6A907DAE7: changes role from      null to FOLLOWER at term 0 for startAsFollower
2022-11-10 17:28:04,924 [pool-95-thread-1] INFO  impl.RoleInfo (RoleInfo.java:updateAndGet(139)) - 68e70bec-2654-4ecf-aba3-1fd50f487e32: start 68e70bec-2654-4ecf-aba3-1fd50f487e32@group-9FD6A907DAE7-FollowerState
2022-11-10 17:28:04,930 [pool-95-thread-1] INFO  util.JmxRegister (JmxRegister.java:tryRegister(44)) - Successfully registered JMX Bean with object name Ratis:service=RaftServer,group=group-9FD6A907DAE7,id=68e70bec-2654-4ecf-aba3-1fd50f487e32
2022-11-10 17:28:04,930 [pool-95-thread-1] INFO  server.RaftServerConfigKeys (ConfUtils.java:logGet(46)) - raft.server.snapshot.auto.trigger.enabled = true (custom)
2022-11-10 17:28:04,930 [pool-95-thread-1] INFO  server.RaftServerConfigKeys (ConfUtils.java:logGet(46)) - raft.server.snapshot.auto.trigger.threshold = 10000 (custom)
2022-11-10 17:28:04,930 [pool-95-thread-1] INFO  server.RaftServerConfigKeys (ConfUtils.java:logGet(46)) - raft.server.snapshot.retention.file.num = 5 (custom)
2022-11-10 17:28:04,930 [pool-95-thread-1] INFO  server.RaftServerConfigKeys (ConfUtils.java:logGet(46)) - raft.server.log.purge.upto.snapshot.index = false (default)
2022-11-10 17:28:04,931 [68e70bec-2654-4ecf-aba3-1fd50f487e32@group-9FD6A907DAE7-FollowerState] INFO  server.RaftServerConfigKeys (ConfUtils.java:logFallback(53)) - raft.server.rpc.first-election.timeout.min = 5s (fallback to raft.server.rpc.timeout.min)
2022-11-10 17:28:04,931 [68e70bec-2654-4ecf-aba3-1fd50f487e32@group-9FD6A907DAE7-FollowerState] INFO  server.RaftServerConfigKeys (ConfUtils.java:logFallback(53)) - raft.server.rpc.first-election.timeout.max = 5200ms (fallback to raft.server.rpc.timeout.max)
2022-11-10 17:28:04,931 [Command processor thread] INFO  ratis.XceiverServerRatis (XceiverServerRatis.java:addGroup(765)) - Created group PipelineID=502fb66c-9a9b-45a3-aa33-9fd6a907dae7
2022-11-10 17:28:04,937 [pool-118-thread-1] INFO  server.RaftServer$Division (RaftServerImpl.java:start(334)) - 325472d8-9d81-4b17-841b-efb836b1d11d@group-9FD6A907DAE7: start as a follower, conf=-1: peers:[68e70bec-2654-4ecf-aba3-1fd50f487e32|rpc:10.1.1.193:35621|dataStream:|priority:0|startupRole:FOLLOWER, f55ec62f-fc83-4b90-9ad3-211b23c840f1|rpc:10.1.1.193:36009|dataStream:|priority:0|startupRole:FOLLOWER, 325472d8-9d81-4b17-841b-efb836b1d11d|rpc:10.1.1.193:39899|dataStream:|priority:1|startupRole:FOLLOWER]|listeners:[], old=null
2022-11-10 17:28:04,937 [pool-118-thread-1] INFO  server.RaftServer$Division (RaftServerImpl.java:setRole(321)) - 325472d8-9d81-4b17-841b-efb836b1d11d@group-9FD6A907DAE7: changes role from      null to FOLLOWER at term 0 for startAsFollower
2022-11-10 17:28:04,937 [pool-118-thread-1] INFO  impl.RoleInfo (RoleInfo.java:updateAndGet(139)) - 325472d8-9d81-4b17-841b-efb836b1d11d: start 325472d8-9d81-4b17-841b-efb836b1d11d@group-9FD6A907DAE7-FollowerState
2022-11-10 17:28:04,938 [pool-118-thread-1] INFO  util.JmxRegister (JmxRegister.java:tryRegister(44)) - Successfully registered JMX Bean with object name Ratis:service=RaftServer,group=group-9FD6A907DAE7,id=325472d8-9d81-4b17-841b-efb836b1d11d
2022-11-10 17:28:04,938 [pool-118-thread-1] INFO  server.RaftServerConfigKeys (ConfUtils.java:logGet(46)) - raft.server.snapshot.auto.trigger.enabled = true (custom)
2022-11-10 17:28:04,938 [pool-118-thread-1] INFO  server.RaftServerConfigKeys (ConfUtils.java:logGet(46)) - raft.server.snapshot.auto.trigger.threshold = 10000 (custom)
2022-11-10 17:28:04,938 [pool-118-thread-1] INFO  server.RaftServerConfigKeys (ConfUtils.java:logGet(46)) - raft.server.snapshot.retention.file.num = 5 (custom)
2022-11-10 17:28:04,938 [pool-118-thread-1] INFO  server.RaftServerConfigKeys (ConfUtils.java:logGet(46)) - raft.server.log.purge.upto.snapshot.index = false (default)
2022-11-10 17:28:04,939 [325472d8-9d81-4b17-841b-efb836b1d11d@group-9FD6A907DAE7-FollowerState] INFO  server.RaftServerConfigKeys (ConfUtils.java:logFallback(53)) - raft.server.rpc.first-election.timeout.min = 5s (fallback to raft.server.rpc.timeout.min)
2022-11-10 17:28:04,940 [325472d8-9d81-4b17-841b-efb836b1d11d@group-9FD6A907DAE7-FollowerState] INFO  server.RaftServerConfigKeys (ConfUtils.java:logFallback(53)) - raft.server.rpc.first-election.timeout.max = 5200ms (fallback to raft.server.rpc.timeout.max)
2022-11-10 17:28:05,019 [Command processor thread] INFO  commandhandler.CreatePipelineCommandHandler (CreatePipelineCommandHandler.java:handle(113)) - Created Pipeline RATIS THREE PipelineID=502fb66c-9a9b-45a3-aa33-9fd6a907dae7.
2022-11-10 17:28:05,028 [Command processor thread] INFO  commandhandler.CreatePipelineCommandHandler (CreatePipelineCommandHandler.java:handle(113)) - Created Pipeline RATIS THREE PipelineID=502fb66c-9a9b-45a3-aa33-9fd6a907dae7.
2022-11-10 17:28:05,185 [Command processor thread] INFO  server.RaftServer (RaftServerProxy.java:addNew(96)) - 0b1dc6e2-94f6-44f1-9e64-a7602261fe9e: addNew group-0EB51E0C8748:[0b1dc6e2-94f6-44f1-9e64-a7602261fe9e|rpc:10.1.1.193:35445|priority:1|startupRole:FOLLOWER] returns group-0EB51E0C8748:java.util.concurrent.CompletableFuture@537e809[Not completed]
2022-11-10 17:28:05,190 [pool-141-thread-1] INFO  server.RaftServer$Division (RaftServerImpl.java:<init>(195)) - 0b1dc6e2-94f6-44f1-9e64-a7602261fe9e: new RaftServerImpl for group-0EB51E0C8748:[0b1dc6e2-94f6-44f1-9e64-a7602261fe9e|rpc:10.1.1.193:35445|priority:1|startupRole:FOLLOWER] with ContainerStateMachine:uninitialized
2022-11-10 17:28:05,190 [pool-141-thread-1] INFO  server.RaftServerConfigKeys (ConfUtils.java:logGet(46)) - raft.server.rpc.timeout.min = 5s (custom)
2022-11-10 17:28:05,190 [pool-141-thread-1] INFO  server.RaftServerConfigKeys (ConfUtils.java:logGet(46)) - raft.server.rpc.timeout.max = 5200ms (custom)
2022-11-10 17:28:05,190 [pool-141-thread-1] INFO  server.RaftServerConfigKeys (ConfUtils.java:logGet(46)) - raft.server.rpc.sleep.time = 25ms (default)
2022-11-10 17:28:05,190 [pool-141-thread-1] INFO  server.RaftServerConfigKeys (ConfUtils.java:logGet(46)) - raft.server.rpc.slowness.timeout = 300s (custom)
2022-11-10 17:28:05,190 [pool-141-thread-1] INFO  server.RaftServerConfigKeys (ConfUtils.java:logGet(46)) - raft.server.leaderelection.leader.step-down.wait-time = 10s (default)
2022-11-10 17:28:05,190 [pool-141-thread-1] INFO  server.RaftServerConfigKeys (ConfUtils.java:logGet(46)) - raft.server.sleep.deviation.threshold = 300ms (default)
2022-11-10 17:28:05,190 [pool-141-thread-1] INFO  server.RaftServer$Division (ServerState.java:<init>(118)) - 0b1dc6e2-94f6-44f1-9e64-a7602261fe9e@group-0EB51E0C8748: ConfigurationManager, init=-1: peers:[0b1dc6e2-94f6-44f1-9e64-a7602261fe9e|rpc:10.1.1.193:35445|priority:1|startupRole:FOLLOWER]|listeners:[], old=null, confs=<EMPTY_MAP>
2022-11-10 17:28:05,190 [pool-141-thread-1] INFO  server.RaftServerConfigKeys (ConfUtils.java:logGet(46)) - raft.server.storage.dir = [/home/runner/work/ozone/ozone/hadoop-ozone/integration-test/target/test-dir/MiniOzoneClusterImpl-5e6b204f-6d0c-499e-8bc7-d272478adc61/datanode-3/data/ratis] (custom)
2022-11-10 17:28:05,191 [pool-141-thread-1] INFO  server.RaftServerConfigKeys (ConfUtils.java:logGet(46)) - raft.server.log.corruption.policy = EXCEPTION (default)
2022-11-10 17:28:05,191 [pool-141-thread-1] INFO  server.RaftServerConfigKeys (ConfUtils.java:logGet(46)) - raft.server.storage.free-space.min = 0MB (=0) (default)
2022-11-10 17:28:05,191 [pool-141-thread-1] INFO  server.RaftServerConfigKeys (ConfUtils.java:logGet(46)) - raft.server.notification.no-leader.timeout = 300s (custom)
2022-11-10 17:28:05,191 [pool-141-thread-1] INFO  server.RaftServerConfigKeys (ConfUtils.java:logGet(46)) - raft.server.retrycache.expirytime = 600000ms (custom)
2022-11-10 17:28:05,191 [pool-141-thread-1] INFO  server.RaftServerConfigKeys (ConfUtils.java:logGet(46)) - raft.server.retrycache.statistics.expirytime = 100μs (default)
2022-11-10 17:28:05,193 [pool-141-thread-1] INFO  server.RaftServerConfigKeys (ConfUtils.java:logGet(46)) - raft.server.log.appender.install.snapshot.enabled = false (custom)
2022-11-10 17:28:05,193 [pool-141-thread-1] INFO  server.RaftServerConfigKeys (ConfUtils.java:logGet(46)) - raft.server.threadpool.server.cached = true (default)
2022-11-10 17:28:05,194 [pool-141-thread-1] INFO  server.RaftServerConfigKeys (ConfUtils.java:logGet(46)) - raft.server.threadpool.server.size = 0 (default)
2022-11-10 17:28:05,194 [pool-141-thread-1] INFO  server.RaftServerConfigKeys (ConfUtils.java:logGet(46)) - raft.server.threadpool.client.cached = true (default)
2022-11-10 17:28:05,194 [pool-141-thread-1] INFO  server.RaftServerConfigKeys (ConfUtils.java:logGet(46)) - raft.server.threadpool.client.size = 0 (default)
2022-11-10 17:28:05,194 [pool-141-thread-1] INFO  storage.RaftStorageDirectory (RaftStorageDirectoryImpl.java:analyzeStorage(137)) - The storage directory /home/runner/work/ozone/ozone/hadoop-ozone/integration-test/target/test-dir/MiniOzoneClusterImpl-5e6b204f-6d0c-499e-8bc7-d272478adc61/datanode-3/data/ratis/660a79ab-8e9e-4cf7-b0cd-0eb51e0c8748 does not exist. Creating ...
2022-11-10 17:28:05,195 [pool-141-thread-1] INFO  storage.RaftStorageDirectory (RaftStorageDirectoryImpl.java:tryLock(231)) - Lock on /home/runner/work/ozone/ozone/hadoop-ozone/integration-test/target/test-dir/MiniOzoneClusterImpl-5e6b204f-6d0c-499e-8bc7-d272478adc61/datanode-3/data/ratis/660a79ab-8e9e-4cf7-b0cd-0eb51e0c8748/in_use.lock acquired by nodename 64491@fv-az77-962
2022-11-10 17:28:05,196 [pool-141-thread-1] INFO  storage.RaftStorage (RaftStorageImpl.java:format(96)) - Storage directory /home/runner/work/ozone/ozone/hadoop-ozone/integration-test/target/test-dir/MiniOzoneClusterImpl-5e6b204f-6d0c-499e-8bc7-d272478adc61/datanode-3/data/ratis/660a79ab-8e9e-4cf7-b0cd-0eb51e0c8748 has been successfully formatted.
2022-11-10 17:28:05,197 [pool-141-thread-1] INFO  ratis.ContainerStateMachine (ContainerStateMachine.java:loadSnapshot(236)) - group-0EB51E0C8748: The snapshot info is null. Setting the last applied indexto:(t:0, i:~)
2022-11-10 17:28:05,197 [pool-141-thread-1] INFO  server.RaftServerConfigKeys (ConfUtils.java:logGet(46)) - raft.server.log.use.memory = false (default)
2022-11-10 17:28:05,197 [pool-141-thread-1] INFO  server.RaftServerConfigKeys (ConfUtils.java:logGet(46)) - raft.server.log.purge.gap = 1000000 (custom)
2022-11-10 17:28:05,197 [pool-141-thread-1] INFO  server.RaftServerConfigKeys (ConfUtils.java:logGet(46)) - raft.server.log.appender.buffer.byte-limit = 33554432 (custom)
2022-11-10 17:28:05,197 [pool-141-thread-1] INFO  server.RaftServerConfigKeys (ConfUtils.java:logGet(46)) - raft.server.log.statemachine.data.read.timeout = 1000ms (default)
2022-11-10 17:28:05,198 [pool-141-thread-1] INFO  server.RaftServerConfigKeys (ConfUtils.java:logGet(46)) - raft.server.log.purge.preservation.log.num = 0 (default)
2022-11-10 17:28:05,199 [pool-141-thread-1] INFO  server.RaftServerConfigKeys (ConfUtils.java:logGet(46)) - raft.server.log.segment.size.max = 1048576 (custom)
2022-11-10 17:28:05,199 [pool-141-thread-1] INFO  server.RaftServerConfigKeys (ConfUtils.java:logGet(46)) - raft.server.log.segment.cache.num.max = 2 (custom)
2022-11-10 17:28:05,199 [EventQueue-PipelineReportForPipelineReportHandler] INFO  pipeline.PipelineManagerImpl (PipelineManagerImpl.java:openPipeline(367)) - Pipeline Pipeline[ Id: 660a79ab-8e9e-4cf7-b0cd-0eb51e0c8748, Nodes: 0b1dc6e2-94f6-44f1-9e64-a7602261fe9e{ip: 10.1.1.193, host: fv-az77-962.bprubkmdfdkerap53zvqdzdb0e.jx.internal.cloudapp.net, ports: [REPLICATION=34751, RATIS=35445, RATIS_ADMIN=35445, RATIS_SERVER=35445, STANDALONE=38501], networkLocation: /default-rack, certSerialId: null, persistedOpState: IN_SERVICE, persistedOpStateExpiryEpochSec: 0}, ReplicationConfig: RATIS/ONE, State:ALLOCATED, leaderId:0b1dc6e2-94f6-44f1-9e64-a7602261fe9e, CreationTimestamp2022-11-10T17:28:02.190Z[Etc/UTC]] moved to OPEN state
2022-11-10 17:28:05,199 [pool-141-thread-1] INFO  server.RaftServerConfigKeys (ConfUtils.java:logGet(46)) - raft.server.log.segment.cache.size.max = 200MB (=209715200) (default)
2022-11-10 17:28:05,199 [pool-141-thread-1] INFO  segmented.SegmentedRaftLogWorker (SegmentedRaftLogWorker.java:<init>(191)) - new 0b1dc6e2-94f6-44f1-9e64-a7602261fe9e@group-0EB51E0C8748-SegmentedRaftLogWorker for RaftStorageImpl:Storage Directory /home/runner/work/ozone/ozone/hadoop-ozone/integration-test/target/test-dir/MiniOzoneClusterImpl-5e6b204f-6d0c-499e-8bc7-d272478adc61/datanode-3/data/ratis/660a79ab-8e9e-4cf7-b0cd-0eb51e0c8748
2022-11-10 17:28:05,199 [pool-141-thread-1] INFO  server.RaftServerConfigKeys (ConfUtils.java:logGet(46)) - raft.server.log.queue.byte-limit = 4294967296 (custom)
2022-11-10 17:28:05,200 [pool-141-thread-1] INFO  server.RaftServerConfigKeys (ConfUtils.java:logGet(46)) - raft.server.log.queue.element-limit = 1024 (custom)
2022-11-10 17:28:05,200 [pool-141-thread-1] INFO  server.RaftServerConfigKeys (ConfUtils.java:logGet(46)) - raft.server.log.segment.size.max = 1048576 (custom)
2022-11-10 17:28:05,200 [pool-141-thread-1] INFO  server.RaftServerConfigKeys (ConfUtils.java:logGet(46)) - raft.server.log.preallocated.size = 16384 (custom)
2022-11-10 17:28:05,200 [EventQueue-OpenPipelineForHealthyPipelineSafeModeRule] INFO  safemode.SCMSafeModeManager (HealthyPipelineSafeModeRule.java:process(137)) - SCM in safe mode. Healthy pipelines reported count is 0, required healthy pipeline reported count is 1
2022-11-10 17:28:05,200 [pool-141-thread-1] INFO  server.RaftServerConfigKeys (ConfUtils.java:logGet(46)) - raft.server.log.force.sync.num = 128 (default)
2022-11-10 17:28:05,203 [pool-141-thread-1] INFO  server.RaftServerConfigKeys (ConfUtils.java:logGet(46)) - raft.server.log.statemachine.data.sync = true (default)
2022-11-10 17:28:05,203 [pool-141-thread-1] INFO  server.RaftServerConfigKeys (ConfUtils.java:logGet(46)) - raft.server.log.statemachine.data.sync.timeout = 10s (default)
2022-11-10 17:28:05,203 [pool-141-thread-1] INFO  server.RaftServerConfigKeys (ConfUtils.java:logGet(46)) - raft.server.log.statemachine.data.sync.timeout.retry = -1 (default)
2022-11-10 17:28:05,204 [pool-141-thread-1] INFO  server.RaftServerConfigKeys (ConfUtils.java:logGet(46)) - raft.server.log.write.buffer.size = 1048576 (custom)
2022-11-10 17:28:05,205 [pool-141-thread-1] INFO  server.RaftServerConfigKeys (ConfUtils.java:logGet(46)) - raft.server.log.unsafe-flush.enabled = false (default)
2022-11-10 17:28:05,205 [pool-141-thread-1] INFO  server.RaftServerConfigKeys (ConfUtils.java:logGet(46)) - raft.server.log.async-flush.enabled = false (default)
2022-11-10 17:28:05,205 [pool-141-thread-1] INFO  server.RaftServerConfigKeys (ConfUtils.java:logGet(46)) - raft.server.log.statemachine.data.caching.enabled = true (custom)
2022-11-10 17:28:05,205 [pool-141-thread-1] INFO  segmented.SegmentedRaftLogWorker (SegmentedRaftLogWorker.java:lambda$new$0(136)) - 0b1dc6e2-94f6-44f1-9e64-a7602261fe9e@group-0EB51E0C8748-SegmentedRaftLogWorker: flushIndex: setUnconditionally 0 -> -1
2022-11-10 17:28:05,205 [pool-141-thread-1] INFO  segmented.SegmentedRaftLogWorker (SegmentedRaftLogWorker.java:lambda$new$0(136)) - 0b1dc6e2-94f6-44f1-9e64-a7602261fe9e@group-0EB51E0C8748-SegmentedRaftLogWorker: safeCacheEvictIndex: setUnconditionally 0 -> -1
2022-11-10 17:28:05,205 [pool-141-thread-1] INFO  server.RaftServer$Division (RaftServerImpl.java:start(334)) - 0b1dc6e2-94f6-44f1-9e64-a7602261fe9e@group-0EB51E0C8748: start as a follower, conf=-1: peers:[0b1dc6e2-94f6-44f1-9e64-a7602261fe9e|rpc:10.1.1.193:35445|priority:1|startupRole:FOLLOWER]|listeners:[], old=null
2022-11-10 17:28:05,205 [pool-141-thread-1] INFO  server.RaftServer$Division (RaftServerImpl.java:setRole(321)) - 0b1dc6e2-94f6-44f1-9e64-a7602261fe9e@group-0EB51E0C8748: changes role from      null to FOLLOWER at term 0 for startAsFollower
2022-11-10 17:28:05,205 [pool-141-thread-1] INFO  impl.RoleInfo (RoleInfo.java:updateAndGet(139)) - 0b1dc6e2-94f6-44f1-9e64-a7602261fe9e: start 0b1dc6e2-94f6-44f1-9e64-a7602261fe9e@group-0EB51E0C8748-FollowerState
2022-11-10 17:28:05,206 [pool-141-thread-1] INFO  util.JmxRegister (JmxRegister.java:tryRegister(44)) - Successfully registered JMX Bean with object name Ratis:service=RaftServer,group=group-0EB51E0C8748,id=0b1dc6e2-94f6-44f1-9e64-a7602261fe9e
2022-11-10 17:28:05,206 [pool-141-thread-1] INFO  server.RaftServerConfigKeys (ConfUtils.java:logGet(46)) - raft.server.snapshot.auto.trigger.enabled = true (custom)
2022-11-10 17:28:05,206 [pool-141-thread-1] INFO  server.RaftServerConfigKeys (ConfUtils.java:logGet(46)) - raft.server.snapshot.auto.trigger.threshold = 10000 (custom)
2022-11-10 17:28:05,206 [pool-141-thread-1] INFO  server.RaftServerConfigKeys (ConfUtils.java:logGet(46)) - raft.server.snapshot.retention.file.num = 5 (custom)
2022-11-10 17:28:05,206 [pool-141-thread-1] INFO  server.RaftServerConfigKeys (ConfUtils.java:logGet(46)) - raft.server.log.purge.upto.snapshot.index = false (default)
2022-11-10 17:28:05,207 [0b1dc6e2-94f6-44f1-9e64-a7602261fe9e@group-0EB51E0C8748-FollowerState] INFO  server.RaftServerConfigKeys (ConfUtils.java:logFallback(53)) - raft.server.rpc.first-election.timeout.min = 5s (fallback to raft.server.rpc.timeout.min)
2022-11-10 17:28:05,207 [0b1dc6e2-94f6-44f1-9e64-a7602261fe9e@group-0EB51E0C8748-FollowerState] INFO  server.RaftServerConfigKeys (ConfUtils.java:logFallback(53)) - raft.server.rpc.first-election.timeout.max = 5200ms (fallback to raft.server.rpc.timeout.max)
2022-11-10 17:28:05,211 [Command processor thread] INFO  ratis.XceiverServerRatis (XceiverServerRatis.java:addGroup(765)) - Created group PipelineID=660a79ab-8e9e-4cf7-b0cd-0eb51e0c8748
2022-11-10 17:28:05,211 [Command processor thread] INFO  commandhandler.CreatePipelineCommandHandler (CreatePipelineCommandHandler.java:handle(113)) - Created Pipeline RATIS ONE PipelineID=660a79ab-8e9e-4cf7-b0cd-0eb51e0c8748.
2022-11-10 17:28:05,211 [Command processor thread] INFO  server.RaftServer (RaftServerProxy.java:addNew(96)) - 0b1dc6e2-94f6-44f1-9e64-a7602261fe9e: addNew group-B8554F0414A7:[7493d598-9ec5-46a7-8aa9-dc1154913886|rpc:10.1.1.193:33661|priority:0|startupRole:FOLLOWER, e820eb09-a4f5-42d5-9992-ed2f360ca321|rpc:10.1.1.193:36195|priority:0|startupRole:FOLLOWER, 0b1dc6e2-94f6-44f1-9e64-a7602261fe9e|rpc:10.1.1.193:35445|priority:1|startupRole:FOLLOWER] returns group-B8554F0414A7:java.util.concurrent.CompletableFuture@1087c77[Not completed]
2022-11-10 17:28:05,212 [pool-141-thread-1] INFO  server.RaftServer$Division (RaftServerImpl.java:<init>(195)) - 0b1dc6e2-94f6-44f1-9e64-a7602261fe9e: new RaftServerImpl for group-B8554F0414A7:[7493d598-9ec5-46a7-8aa9-dc1154913886|rpc:10.1.1.193:33661|priority:0|startupRole:FOLLOWER, e820eb09-a4f5-42d5-9992-ed2f360ca321|rpc:10.1.1.193:36195|priority:0|startupRole:FOLLOWER, 0b1dc6e2-94f6-44f1-9e64-a7602261fe9e|rpc:10.1.1.193:35445|priority:1|startupRole:FOLLOWER] with ContainerStateMachine:uninitialized
2022-11-10 17:28:05,212 [pool-141-thread-1] INFO  server.RaftServerConfigKeys (ConfUtils.java:logGet(46)) - raft.server.rpc.timeout.min = 5s (custom)
2022-11-10 17:28:05,212 [pool-141-thread-1] INFO  server.RaftServerConfigKeys (ConfUtils.java:logGet(46)) - raft.server.rpc.timeout.max = 5200ms (custom)
2022-11-10 17:28:05,213 [pool-141-thread-1] INFO  server.RaftServerConfigKeys (ConfUtils.java:logGet(46)) - raft.server.rpc.sleep.time = 25ms (default)
2022-11-10 17:28:05,213 [pool-141-thread-1] INFO  server.RaftServerConfigKeys (ConfUtils.java:logGet(46)) - raft.server.rpc.slowness.timeout = 300s (custom)
2022-11-10 17:28:05,213 [pool-141-thread-1] INFO  server.RaftServerConfigKeys (ConfUtils.java:logGet(46)) - raft.server.leaderelection.leader.step-down.wait-time = 10s (default)
2022-11-10 17:28:05,213 [pool-141-thread-1] INFO  server.RaftServerConfigKeys (ConfUtils.java:logGet(46)) - raft.server.sleep.deviation.threshold = 300ms (default)
2022-11-10 17:28:05,213 [pool-141-thread-1] INFO  server.RaftServer$Division (ServerState.java:<init>(118)) - 0b1dc6e2-94f6-44f1-9e64-a7602261fe9e@group-B8554F0414A7: ConfigurationManager, init=-1: peers:[7493d598-9ec5-46a7-8aa9-dc1154913886|rpc:10.1.1.193:33661|priority:0|startupRole:FOLLOWER, e820eb09-a4f5-42d5-9992-ed2f360ca321|rpc:10.1.1.193:36195|priority:0|startupRole:FOLLOWER, 0b1dc6e2-94f6-44f1-9e64-a7602261fe9e|rpc:10.1.1.193:35445|priority:1|startupRole:FOLLOWER]|listeners:[], old=null, confs=<EMPTY_MAP>
2022-11-10 17:28:05,213 [pool-141-thread-1] INFO  server.RaftServerConfigKeys (ConfUtils.java:logGet(46)) - raft.server.storage.dir = [/home/runner/work/ozone/ozone/hadoop-ozone/integration-test/target/test-dir/MiniOzoneClusterImpl-5e6b204f-6d0c-499e-8bc7-d272478adc61/datanode-3/data/ratis] (custom)
2022-11-10 17:28:05,213 [pool-141-thread-1] INFO  server.RaftServerConfigKeys (ConfUtils.java:logGet(46)) - raft.server.log.corruption.policy = EXCEPTION (default)
2022-11-10 17:28:05,213 [pool-141-thread-1] INFO  server.RaftServerConfigKeys (ConfUtils.java:logGet(46)) - raft.server.storage.free-space.min = 0MB (=0) (default)
2022-11-10 17:28:05,213 [pool-141-thread-1] INFO  server.RaftServerConfigKeys (ConfUtils.java:logGet(46)) - raft.server.notification.no-leader.timeout = 300s (custom)
2022-11-10 17:28:05,213 [pool-141-thread-1] INFO  server.RaftServerConfigKeys (ConfUtils.java:logGet(46)) - raft.server.retrycache.expirytime = 600000ms (custom)
2022-11-10 17:28:05,213 [pool-141-thread-1] INFO  server.RaftServerConfigKeys (ConfUtils.java:logGet(46)) - raft.server.retrycache.statistics.expirytime = 100μs (default)
2022-11-10 17:28:05,215 [pool-141-thread-1] INFO  server.RaftServerConfigKeys (ConfUtils.java:logGet(46)) - raft.server.log.appender.install.snapshot.enabled = false (custom)
2022-11-10 17:28:05,215 [pool-141-thread-1] INFO  server.RaftServerConfigKeys (ConfUtils.java:logGet(46)) - raft.server.threadpool.server.cached = true (default)
2022-11-10 17:28:05,215 [pool-141-thread-1] INFO  server.RaftServerConfigKeys (ConfUtils.java:logGet(46)) - raft.server.threadpool.server.size = 0 (default)
2022-11-10 17:28:05,215 [pool-141-thread-1] INFO  server.RaftServerConfigKeys (ConfUtils.java:logGet(46)) - raft.server.threadpool.client.cached = true (default)
2022-11-10 17:28:05,215 [pool-141-thread-1] INFO  server.RaftServerConfigKeys (ConfUtils.java:logGet(46)) - raft.server.threadpool.client.size = 0 (default)
2022-11-10 17:28:05,215 [pool-141-thread-1] INFO  storage.RaftStorageDirectory (RaftStorageDirectoryImpl.java:analyzeStorage(137)) - The storage directory /home/runner/work/ozone/ozone/hadoop-ozone/integration-test/target/test-dir/MiniOzoneClusterImpl-5e6b204f-6d0c-499e-8bc7-d272478adc61/datanode-3/data/ratis/82d53f2f-f739-4689-ac6c-b8554f0414a7 does not exist. Creating ...
2022-11-10 17:28:05,216 [pool-141-thread-1] INFO  storage.RaftStorageDirectory (RaftStorageDirectoryImpl.java:tryLock(231)) - Lock on /home/runner/work/ozone/ozone/hadoop-ozone/integration-test/target/test-dir/MiniOzoneClusterImpl-5e6b204f-6d0c-499e-8bc7-d272478adc61/datanode-3/data/ratis/82d53f2f-f739-4689-ac6c-b8554f0414a7/in_use.lock acquired by nodename 64491@fv-az77-962
2022-11-10 17:28:05,217 [pool-141-thread-1] INFO  storage.RaftStorage (RaftStorageImpl.java:format(96)) - Storage directory /home/runner/work/ozone/ozone/hadoop-ozone/integration-test/target/test-dir/MiniOzoneClusterImpl-5e6b204f-6d0c-499e-8bc7-d272478adc61/datanode-3/data/ratis/82d53f2f-f739-4689-ac6c-b8554f0414a7 has been successfully formatted.
2022-11-10 17:28:05,218 [pool-141-thread-1] INFO  ratis.ContainerStateMachine (ContainerStateMachine.java:loadSnapshot(236)) - group-B8554F0414A7: The snapshot info is null. Setting the last applied indexto:(t:0, i:~)
2022-11-10 17:28:05,218 [pool-141-thread-1] INFO  server.RaftServerConfigKeys (ConfUtils.java:logGet(46)) - raft.server.log.use.memory = false (default)
2022-11-10 17:28:05,218 [pool-141-thread-1] INFO  server.RaftServerConfigKeys (ConfUtils.java:logGet(46)) - raft.server.log.purge.gap = 1000000 (custom)
2022-11-10 17:28:05,218 [pool-141-thread-1] INFO  server.RaftServerConfigKeys (ConfUtils.java:logGet(46)) - raft.server.log.appender.buffer.byte-limit = 33554432 (custom)
2022-11-10 17:28:05,218 [pool-141-thread-1] INFO  server.RaftServerConfigKeys (ConfUtils.java:logGet(46)) - raft.server.log.statemachine.data.read.timeout = 1000ms (default)
2022-11-10 17:28:05,218 [pool-141-thread-1] INFO  server.RaftServerConfigKeys (ConfUtils.java:logGet(46)) - raft.server.log.purge.preservation.log.num = 0 (default)
2022-11-10 17:28:05,218 [pool-141-thread-1] INFO  server.RaftServerConfigKeys (ConfUtils.java:logGet(46)) - raft.server.log.segment.size.max = 1048576 (custom)
2022-11-10 17:28:05,220 [EventQueue-OpenPipelineForHealthyPipelineSafeModeRule] INFO  safemode.SCMSafeModeManager (HealthyPipelineSafeModeRule.java:process(137)) - SCM in safe mode. Healthy pipelines reported count is 0, required healthy pipeline reported count is 1
2022-11-10 17:28:05,223 [pool-141-thread-1] INFO  server.RaftServerConfigKeys (ConfUtils.java:logGet(46)) - raft.server.log.segment.cache.num.max = 2 (custom)
2022-11-10 17:28:05,223 [pool-141-thread-1] INFO  server.RaftServerConfigKeys (ConfUtils.java:logGet(46)) - raft.server.log.segment.cache.size.max = 200MB (=209715200) (default)
2022-11-10 17:28:05,223 [pool-141-thread-1] INFO  segmented.SegmentedRaftLogWorker (SegmentedRaftLogWorker.java:<init>(191)) - new 0b1dc6e2-94f6-44f1-9e64-a7602261fe9e@group-B8554F0414A7-SegmentedRaftLogWorker for RaftStorageImpl:Storage Directory /home/runner/work/ozone/ozone/hadoop-ozone/integration-test/target/test-dir/MiniOzoneClusterImpl-5e6b204f-6d0c-499e-8bc7-d272478adc61/datanode-3/data/ratis/82d53f2f-f739-4689-ac6c-b8554f0414a7
2022-11-10 17:28:05,224 [pool-141-thread-1] INFO  server.RaftServerConfigKeys (ConfUtils.java:logGet(46)) - raft.server.log.queue.byte-limit = 4294967296 (custom)
2022-11-10 17:28:05,224 [pool-141-thread-1] INFO  server.RaftServerConfigKeys (ConfUtils.java:logGet(46)) - raft.server.log.queue.element-limit = 1024 (custom)
2022-11-10 17:28:05,224 [pool-141-thread-1] INFO  server.RaftServerConfigKeys (ConfUtils.java:logGet(46)) - raft.server.log.segment.size.max = 1048576 (custom)
2022-11-10 17:28:05,224 [pool-141-thread-1] INFO  server.RaftServerConfigKeys (ConfUtils.java:logGet(46)) - raft.server.log.preallocated.size = 16384 (custom)
2022-11-10 17:28:05,224 [pool-141-thread-1] INFO  server.RaftServerConfigKeys (ConfUtils.java:logGet(46)) - raft.server.log.force.sync.num = 128 (default)
2022-11-10 17:28:05,224 [pool-141-thread-1] INFO  server.RaftServerConfigKeys (ConfUtils.java:logGet(46)) - raft.server.log.statemachine.data.sync = true (default)
2022-11-10 17:28:05,224 [pool-141-thread-1] INFO  server.RaftServerConfigKeys (ConfUtils.java:logGet(46)) - raft.server.log.statemachine.data.sync.timeout = 10s (default)
2022-11-10 17:28:05,224 [pool-141-thread-1] INFO  server.RaftServerConfigKeys (ConfUtils.java:logGet(46)) - raft.server.log.statemachine.data.sync.timeout.retry = -1 (default)
2022-11-10 17:28:05,225 [pool-141-thread-1] INFO  server.RaftServerConfigKeys (ConfUtils.java:logGet(46)) - raft.server.log.write.buffer.size = 1048576 (custom)
2022-11-10 17:28:05,226 [pool-141-thread-1] INFO  server.RaftServerConfigKeys (ConfUtils.java:logGet(46)) - raft.server.log.unsafe-flush.enabled = false (default)
2022-11-10 17:28:05,226 [pool-141-thread-1] INFO  server.RaftServerConfigKeys (ConfUtils.java:logGet(46)) - raft.server.log.async-flush.enabled = false (default)
2022-11-10 17:28:05,226 [pool-141-thread-1] INFO  server.RaftServerConfigKeys (ConfUtils.java:logGet(46)) - raft.server.log.statemachine.data.caching.enabled = true (custom)
2022-11-10 17:28:05,226 [pool-141-thread-1] INFO  segmented.SegmentedRaftLogWorker (SegmentedRaftLogWorker.java:lambda$new$0(136)) - 0b1dc6e2-94f6-44f1-9e64-a7602261fe9e@group-B8554F0414A7-SegmentedRaftLogWorker: flushIndex: setUnconditionally 0 -> -1
2022-11-10 17:28:05,226 [pool-141-thread-1] INFO  segmented.SegmentedRaftLogWorker (SegmentedRaftLogWorker.java:lambda$new$0(136)) - 0b1dc6e2-94f6-44f1-9e64-a7602261fe9e@group-B8554F0414A7-SegmentedRaftLogWorker: safeCacheEvictIndex: setUnconditionally 0 -> -1
2022-11-10 17:28:05,226 [pool-141-thread-1] INFO  server.RaftServer$Division (RaftServerImpl.java:start(334)) - 0b1dc6e2-94f6-44f1-9e64-a7602261fe9e@group-B8554F0414A7: start as a follower, conf=-1: peers:[7493d598-9ec5-46a7-8aa9-dc1154913886|rpc:10.1.1.193:33661|priority:0|startupRole:FOLLOWER, e820eb09-a4f5-42d5-9992-ed2f360ca321|rpc:10.1.1.193:36195|priority:0|startupRole:FOLLOWER, 0b1dc6e2-94f6-44f1-9e64-a7602261fe9e|rpc:10.1.1.193:35445|priority:1|startupRole:FOLLOWER]|listeners:[], old=null
2022-11-10 17:28:05,226 [pool-141-thread-1] INFO  server.RaftServer$Division (RaftServerImpl.java:setRole(321)) - 0b1dc6e2-94f6-44f1-9e64-a7602261fe9e@group-B8554F0414A7: changes role from      null to FOLLOWER at term 0 for startAsFollower
2022-11-10 17:28:05,226 [pool-141-thread-1] INFO  impl.RoleInfo (RoleInfo.java:updateAndGet(139)) - 0b1dc6e2-94f6-44f1-9e64-a7602261fe9e: start 0b1dc6e2-94f6-44f1-9e64-a7602261fe9e@group-B8554F0414A7-FollowerState
2022-11-10 17:28:05,229 [pool-141-thread-1] INFO  util.JmxRegister (JmxRegister.java:tryRegister(44)) - Successfully registered JMX Bean with object name Ratis:service=RaftServer,group=group-B8554F0414A7,id=0b1dc6e2-94f6-44f1-9e64-a7602261fe9e
2022-11-10 17:28:05,230 [pool-141-thread-1] INFO  server.RaftServerConfigKeys (ConfUtils.java:logGet(46)) - raft.server.snapshot.auto.trigger.enabled = true (custom)
2022-11-10 17:28:05,230 [pool-141-thread-1] INFO  server.RaftServerConfigKeys (ConfUtils.java:logGet(46)) - raft.server.snapshot.auto.trigger.threshold = 10000 (custom)
2022-11-10 17:28:05,230 [pool-141-thread-1] INFO  server.RaftServerConfigKeys (ConfUtils.java:logGet(46)) - raft.server.snapshot.retention.file.num = 5 (custom)
2022-11-10 17:28:05,230 [pool-141-thread-1] INFO  server.RaftServerConfigKeys (ConfUtils.java:logGet(46)) - raft.server.log.purge.upto.snapshot.index = false (default)
2022-11-10 17:28:05,230 [0b1dc6e2-94f6-44f1-9e64-a7602261fe9e@group-B8554F0414A7-FollowerState] INFO  server.RaftServerConfigKeys (ConfUtils.java:logFallback(53)) - raft.server.rpc.first-election.timeout.min = 5s (fallback to raft.server.rpc.timeout.min)
2022-11-10 17:28:05,231 [Command processor thread] INFO  ratis.XceiverServerRatis (XceiverServerRatis.java:addGroup(765)) - Created group PipelineID=82d53f2f-f739-4689-ac6c-b8554f0414a7
2022-11-10 17:28:05,240 [0b1dc6e2-94f6-44f1-9e64-a7602261fe9e@group-B8554F0414A7-FollowerState] INFO  server.RaftServerConfigKeys (ConfUtils.java:logFallback(53)) - raft.server.rpc.first-election.timeout.max = 5200ms (fallback to raft.server.rpc.timeout.max)
2022-11-10 17:28:05,253 [grpc-default-executor-0] INFO  server.RaftServer (RaftServerProxy.java:addNew(96)) - e820eb09-a4f5-42d5-9992-ed2f360ca321: addNew group-B8554F0414A7:[7493d598-9ec5-46a7-8aa9-dc1154913886|rpc:10.1.1.193:33661|dataStream:|priority:0|startupRole:FOLLOWER, e820eb09-a4f5-42d5-9992-ed2f360ca321|rpc:10.1.1.193:36195|dataStream:|priority:0|startupRole:FOLLOWER, 0b1dc6e2-94f6-44f1-9e64-a7602261fe9e|rpc:10.1.1.193:35445|dataStream:|priority:1|startupRole:FOLLOWER] returns group-B8554F0414A7:java.util.concurrent.CompletableFuture@14a44ea4[Not completed]
2022-11-10 17:28:05,255 [pool-187-thread-1] INFO  server.RaftServer$Division (RaftServerImpl.java:<init>(195)) - e820eb09-a4f5-42d5-9992-ed2f360ca321: new RaftServerImpl for group-B8554F0414A7:[7493d598-9ec5-46a7-8aa9-dc1154913886|rpc:10.1.1.193:33661|dataStream:|priority:0|startupRole:FOLLOWER, e820eb09-a4f5-42d5-9992-ed2f360ca321|rpc:10.1.1.193:36195|dataStream:|priority:0|startupRole:FOLLOWER, 0b1dc6e2-94f6-44f1-9e64-a7602261fe9e|rpc:10.1.1.193:35445|dataStream:|priority:1|startupRole:FOLLOWER] with ContainerStateMachine:uninitialized
2022-11-10 17:28:05,255 [pool-187-thread-1] INFO  server.RaftServerConfigKeys (ConfUtils.java:logGet(46)) - raft.server.rpc.timeout.min = 5s (custom)
2022-11-10 17:28:05,255 [pool-187-thread-1] INFO  server.RaftServerConfigKeys (ConfUtils.java:logGet(46)) - raft.server.rpc.timeout.max = 5200ms (custom)
2022-11-10 17:28:05,255 [pool-187-thread-1] INFO  server.RaftServerConfigKeys (ConfUtils.java:logGet(46)) - raft.server.rpc.sleep.time = 25ms (default)
2022-11-10 17:28:05,255 [pool-187-thread-1] INFO  server.RaftServerConfigKeys (ConfUtils.java:logGet(46)) - raft.server.rpc.slowness.timeout = 300s (custom)
2022-11-10 17:28:05,255 [pool-187-thread-1] INFO  server.RaftServerConfigKeys (ConfUtils.java:logGet(46)) - raft.server.leaderelection.leader.step-down.wait-time = 10s (default)
2022-11-10 17:28:05,255 [pool-187-thread-1] INFO  server.RaftServerConfigKeys (ConfUtils.java:logGet(46)) - raft.server.sleep.deviation.threshold = 300ms (default)
2022-11-10 17:28:05,255 [pool-187-thread-1] INFO  server.RaftServer$Division (ServerState.java:<init>(118)) - e820eb09-a4f5-42d5-9992-ed2f360ca321@group-B8554F0414A7: ConfigurationManager, init=-1: peers:[7493d598-9ec5-46a7-8aa9-dc1154913886|rpc:10.1.1.193:33661|dataStream:|priority:0|startupRole:FOLLOWER, e820eb09-a4f5-42d5-9992-ed2f360ca321|rpc:10.1.1.193:36195|dataStream:|priority:0|startupRole:FOLLOWER, 0b1dc6e2-94f6-44f1-9e64-a7602261fe9e|rpc:10.1.1.193:35445|dataStream:|priority:1|startupRole:FOLLOWER]|listeners:[], old=null, confs=<EMPTY_MAP>
2022-11-10 17:28:05,255 [pool-187-thread-1] INFO  server.RaftServerConfigKeys (ConfUtils.java:logGet(46)) - raft.server.storage.dir = [/home/runner/work/ozone/ozone/hadoop-ozone/integration-test/target/test-dir/MiniOzoneClusterImpl-5e6b204f-6d0c-499e-8bc7-d272478adc61/datanode-5/data/ratis] (custom)
2022-11-10 17:28:05,256 [pool-187-thread-1] INFO  server.RaftServerConfigKeys (ConfUtils.java:logGet(46)) - raft.server.log.corruption.policy = EXCEPTION (default)
2022-11-10 17:28:05,256 [pool-187-thread-1] INFO  server.RaftServerConfigKeys (ConfUtils.java:logGet(46)) - raft.server.storage.free-space.min = 0MB (=0) (default)
2022-11-10 17:28:05,256 [pool-187-thread-1] INFO  server.RaftServerConfigKeys (ConfUtils.java:logGet(46)) - raft.server.notification.no-leader.timeout = 300s (custom)
2022-11-10 17:28:05,256 [pool-187-thread-1] INFO  server.RaftServerConfigKeys (ConfUtils.java:logGet(46)) - raft.server.retrycache.expirytime = 600000ms (custom)
2022-11-10 17:28:05,256 [pool-187-thread-1] INFO  server.RaftServerConfigKeys (ConfUtils.java:logGet(46)) - raft.server.retrycache.statistics.expirytime = 100μs (default)
2022-11-10 17:28:05,257 [pool-187-thread-1] INFO  server.RaftServerConfigKeys (ConfUtils.java:logGet(46)) - raft.server.log.appender.install.snapshot.enabled = false (custom)
2022-11-10 17:28:05,258 [pool-187-thread-1] INFO  server.RaftServerConfigKeys (ConfUtils.java:logGet(46)) - raft.server.threadpool.server.cached = true (default)
2022-11-10 17:28:05,258 [pool-187-thread-1] INFO  server.RaftServerConfigKeys (ConfUtils.java:logGet(46)) - raft.server.threadpool.server.size = 0 (default)
2022-11-10 17:28:05,258 [pool-187-thread-1] INFO  server.RaftServerConfigKeys (ConfUtils.java:logGet(46)) - raft.server.threadpool.client.cached = true (default)
2022-11-10 17:28:05,258 [pool-187-thread-1] INFO  server.RaftServerConfigKeys (ConfUtils.java:logGet(46)) - raft.server.threadpool.client.size = 0 (default)
2022-11-10 17:28:05,258 [pool-187-thread-1] INFO  storage.RaftStorageDirectory (RaftStorageDirectoryImpl.java:analyzeStorage(137)) - The storage directory /home/runner/work/ozone/ozone/hadoop-ozone/integration-test/target/test-dir/MiniOzoneClusterImpl-5e6b204f-6d0c-499e-8bc7-d272478adc61/datanode-5/data/ratis/82d53f2f-f739-4689-ac6c-b8554f0414a7 does not exist. Creating ...
2022-11-10 17:28:05,260 [pool-187-thread-1] INFO  storage.RaftStorageDirectory (RaftStorageDirectoryImpl.java:tryLock(231)) - Lock on /home/runner/work/ozone/ozone/hadoop-ozone/integration-test/target/test-dir/MiniOzoneClusterImpl-5e6b204f-6d0c-499e-8bc7-d272478adc61/datanode-5/data/ratis/82d53f2f-f739-4689-ac6c-b8554f0414a7/in_use.lock acquired by nodename 64491@fv-az77-962
2022-11-10 17:28:05,261 [pool-187-thread-1] INFO  storage.RaftStorage (RaftStorageImpl.java:format(96)) - Storage directory /home/runner/work/ozone/ozone/hadoop-ozone/integration-test/target/test-dir/MiniOzoneClusterImpl-5e6b204f-6d0c-499e-8bc7-d272478adc61/datanode-5/data/ratis/82d53f2f-f739-4689-ac6c-b8554f0414a7 has been successfully formatted.
2022-11-10 17:28:05,263 [pool-187-thread-1] INFO  ratis.ContainerStateMachine (ContainerStateMachine.java:loadSnapshot(236)) - group-B8554F0414A7: The snapshot info is null. Setting the last applied indexto:(t:0, i:~)
2022-11-10 17:28:05,263 [pool-187-thread-1] INFO  server.RaftServerConfigKeys (ConfUtils.java:logGet(46)) - raft.server.log.use.memory = false (default)
2022-11-10 17:28:05,263 [pool-187-thread-1] INFO  server.RaftServerConfigKeys (ConfUtils.java:logGet(46)) - raft.server.log.purge.gap = 1000000 (custom)
2022-11-10 17:28:05,263 [pool-187-thread-1] INFO  server.RaftServerConfigKeys (ConfUtils.java:logGet(46)) - raft.server.log.appender.buffer.byte-limit = 33554432 (custom)
2022-11-10 17:28:05,269 [pool-187-thread-1] INFO  server.RaftServerConfigKeys (ConfUtils.java:logGet(46)) - raft.server.log.statemachine.data.read.timeout = 1000ms (default)
2022-11-10 17:28:05,270 [pool-187-thread-1] INFO  server.RaftServerConfigKeys (ConfUtils.java:logGet(46)) - raft.server.log.purge.preservation.log.num = 0 (default)
2022-11-10 17:28:05,270 [pool-187-thread-1] INFO  server.RaftServerConfigKeys (ConfUtils.java:logGet(46)) - raft.server.log.segment.size.max = 1048576 (custom)
2022-11-10 17:28:05,270 [pool-187-thread-1] INFO  server.RaftServerConfigKeys (ConfUtils.java:logGet(46)) - raft.server.log.segment.cache.num.max = 2 (custom)
2022-11-10 17:28:05,270 [pool-187-thread-1] INFO  server.RaftServerConfigKeys (ConfUtils.java:logGet(46)) - raft.server.log.segment.cache.size.max = 200MB (=209715200) (default)
2022-11-10 17:28:05,272 [pool-187-thread-1] INFO  segmented.SegmentedRaftLogWorker (SegmentedRaftLogWorker.java:<init>(191)) - new e820eb09-a4f5-42d5-9992-ed2f360ca321@group-B8554F0414A7-SegmentedRaftLogWorker for RaftStorageImpl:Storage Directory /home/runner/work/ozone/ozone/hadoop-ozone/integration-test/target/test-dir/MiniOzoneClusterImpl-5e6b204f-6d0c-499e-8bc7-d272478adc61/datanode-5/data/ratis/82d53f2f-f739-4689-ac6c-b8554f0414a7
2022-11-10 17:28:05,272 [pool-187-thread-1] INFO  server.RaftServerConfigKeys (ConfUtils.java:logGet(46)) - raft.server.log.queue.byte-limit = 4294967296 (custom)
2022-11-10 17:28:05,272 [pool-187-thread-1] INFO  server.RaftServerConfigKeys (ConfUtils.java:logGet(46)) - raft.server.log.queue.element-limit = 1024 (custom)
2022-11-10 17:28:05,272 [pool-187-thread-1] INFO  server.RaftServerConfigKeys (ConfUtils.java:logGet(46)) - raft.server.log.segment.size.max = 1048576 (custom)
2022-11-10 17:28:05,272 [pool-187-thread-1] INFO  server.RaftServerConfigKeys (ConfUtils.java:logGet(46)) - raft.server.log.preallocated.size = 16384 (custom)
2022-11-10 17:28:05,272 [pool-187-thread-1] INFO  server.RaftServerConfigKeys (ConfUtils.java:logGet(46)) - raft.server.log.force.sync.num = 128 (default)
2022-11-10 17:28:05,272 [pool-187-thread-1] INFO  server.RaftServerConfigKeys (ConfUtils.java:logGet(46)) - raft.server.log.statemachine.data.sync = true (default)
2022-11-10 17:28:05,272 [pool-187-thread-1] INFO  server.RaftServerConfigKeys (ConfUtils.java:logGet(46)) - raft.server.log.statemachine.data.sync.timeout = 10s (default)
2022-11-10 17:28:05,272 [pool-187-thread-1] INFO  server.RaftServerConfigKeys (ConfUtils.java:logGet(46)) - raft.server.log.statemachine.data.sync.timeout.retry = -1 (default)
2022-11-10 17:28:05,274 [pool-187-thread-1] INFO  server.RaftServerConfigKeys (ConfUtils.java:logGet(46)) - raft.server.log.write.buffer.size = 1048576 (custom)
2022-11-10 17:28:05,274 [pool-187-thread-1] INFO  server.RaftServerConfigKeys (ConfUtils.java:logGet(46)) - raft.server.log.unsafe-flush.enabled = false (default)
2022-11-10 17:28:05,274 [pool-187-thread-1] INFO  server.RaftServerConfigKeys (ConfUtils.java:logGet(46)) - raft.server.log.async-flush.enabled = false (default)
2022-11-10 17:28:05,275 [pool-187-thread-1] INFO  server.RaftServerConfigKeys (ConfUtils.java:logGet(46)) - raft.server.log.statemachine.data.caching.enabled = true (custom)
2022-11-10 17:28:05,275 [pool-187-thread-1] INFO  segmented.SegmentedRaftLogWorker (SegmentedRaftLogWorker.java:lambda$new$0(136)) - e820eb09-a4f5-42d5-9992-ed2f360ca321@group-B8554F0414A7-SegmentedRaftLogWorker: flushIndex: setUnconditionally 0 -> -1
2022-11-10 17:28:05,275 [pool-187-thread-1] INFO  segmented.SegmentedRaftLogWorker (SegmentedRaftLogWorker.java:lambda$new$0(136)) - e820eb09-a4f5-42d5-9992-ed2f360ca321@group-B8554F0414A7-SegmentedRaftLogWorker: safeCacheEvictIndex: setUnconditionally 0 -> -1
2022-11-10 17:28:05,275 [pool-187-thread-1] INFO  server.RaftServer$Division (RaftServerImpl.java:start(334)) - e820eb09-a4f5-42d5-9992-ed2f360ca321@group-B8554F0414A7: start as a follower, conf=-1: peers:[7493d598-9ec5-46a7-8aa9-dc1154913886|rpc:10.1.1.193:33661|dataStream:|priority:0|startupRole:FOLLOWER, e820eb09-a4f5-42d5-9992-ed2f360ca321|rpc:10.1.1.193:36195|dataStream:|priority:0|startupRole:FOLLOWER, 0b1dc6e2-94f6-44f1-9e64-a7602261fe9e|rpc:10.1.1.193:35445|dataStream:|priority:1|startupRole:FOLLOWER]|listeners:[], old=null
2022-11-10 17:28:05,275 [pool-187-thread-1] INFO  server.RaftServer$Division (RaftServerImpl.java:setRole(321)) - e820eb09-a4f5-42d5-9992-ed2f360ca321@group-B8554F0414A7: changes role from      null to FOLLOWER at term 0 for startAsFollower
2022-11-10 17:28:05,275 [pool-187-thread-1] INFO  impl.RoleInfo (RoleInfo.java:updateAndGet(139)) - e820eb09-a4f5-42d5-9992-ed2f360ca321: start e820eb09-a4f5-42d5-9992-ed2f360ca321@group-B8554F0414A7-FollowerState
2022-11-10 17:28:05,276 [pool-187-thread-1] INFO  util.JmxRegister (JmxRegister.java:tryRegister(44)) - Successfully registered JMX Bean with object name Ratis:service=RaftServer,group=group-B8554F0414A7,id=e820eb09-a4f5-42d5-9992-ed2f360ca321
2022-11-10 17:28:05,276 [pool-187-thread-1] INFO  server.RaftServerConfigKeys (ConfUtils.java:logGet(46)) - raft.server.snapshot.auto.trigger.enabled = true (custom)
2022-11-10 17:28:05,276 [pool-187-thread-1] INFO  server.RaftServerConfigKeys (ConfUtils.java:logGet(46)) - raft.server.snapshot.auto.trigger.threshold = 10000 (custom)
2022-11-10 17:28:05,276 [pool-187-thread-1] INFO  server.RaftServerConfigKeys (ConfUtils.java:logGet(46)) - raft.server.snapshot.retention.file.num = 5 (custom)
2022-11-10 17:28:05,276 [pool-187-thread-1] INFO  server.RaftServerConfigKeys (ConfUtils.java:logGet(46)) - raft.server.log.purge.upto.snapshot.index = false (default)
2022-11-10 17:28:05,277 [e820eb09-a4f5-42d5-9992-ed2f360ca321@group-B8554F0414A7-FollowerState] INFO  server.RaftServerConfigKeys (ConfUtils.java:logFallback(53)) - raft.server.rpc.first-election.timeout.min = 5s (fallback to raft.server.rpc.timeout.min)
2022-11-10 17:28:05,281 [e820eb09-a4f5-42d5-9992-ed2f360ca321@group-B8554F0414A7-FollowerState] INFO  server.RaftServerConfigKeys (ConfUtils.java:logFallback(53)) - raft.server.rpc.first-election.timeout.max = 5200ms (fallback to raft.server.rpc.timeout.max)
2022-11-10 17:28:05,307 [grpc-default-executor-0] INFO  server.RaftServer (RaftServerProxy.java:addNew(96)) - 7493d598-9ec5-46a7-8aa9-dc1154913886: addNew group-B8554F0414A7:[7493d598-9ec5-46a7-8aa9-dc1154913886|rpc:10.1.1.193:33661|dataStream:|priority:0|startupRole:FOLLOWER, e820eb09-a4f5-42d5-9992-ed2f360ca321|rpc:10.1.1.193:36195|dataStream:|priority:0|startupRole:FOLLOWER, 0b1dc6e2-94f6-44f1-9e64-a7602261fe9e|rpc:10.1.1.193:35445|dataStream:|priority:1|startupRole:FOLLOWER] returns group-B8554F0414A7:java.util.concurrent.CompletableFuture@7675e4b4[Not completed]
2022-11-10 17:28:05,314 [Listener at 127.0.0.1/38511] INFO  ozone.MiniOzoneClusterImpl (MiniOzoneClusterImpl.java:lambda$waitForClusterToBeReady$0(216)) - Nodes are ready. Got 7 of 7 DN Heartbeats.
2022-11-10 17:28:05,314 [Listener at 127.0.0.1/38511] INFO  ozone.MiniOzoneClusterImpl (MiniOzoneClusterImpl.java:lambda$waitForClusterToBeReady$0(219)) - Waiting for cluster to exit safe mode
2022-11-10 17:28:05,314 [Listener at 127.0.0.1/38511] INFO  ozone.MiniOzoneClusterImpl (MiniOzoneClusterImpl.java:lambda$waitForClusterToBeReady$0(221)) - SCM became leader
2022-11-10 17:28:05,315 [pool-164-thread-1] INFO  server.RaftServer$Division (RaftServerImpl.java:<init>(195)) - 7493d598-9ec5-46a7-8aa9-dc1154913886: new RaftServerImpl for group-B8554F0414A7:[7493d598-9ec5-46a7-8aa9-dc1154913886|rpc:10.1.1.193:33661|dataStream:|priority:0|startupRole:FOLLOWER, e820eb09-a4f5-42d5-9992-ed2f360ca321|rpc:10.1.1.193:36195|dataStream:|priority:0|startupRole:FOLLOWER, 0b1dc6e2-94f6-44f1-9e64-a7602261fe9e|rpc:10.1.1.193:35445|dataStream:|priority:1|startupRole:FOLLOWER] with ContainerStateMachine:uninitialized
2022-11-10 17:28:05,315 [pool-164-thread-1] INFO  server.RaftServerConfigKeys (ConfUtils.java:logGet(46)) - raft.server.rpc.timeout.min = 5s (custom)
2022-11-10 17:28:05,315 [pool-164-thread-1] INFO  server.RaftServerConfigKeys (ConfUtils.java:logGet(46)) - raft.server.rpc.timeout.max = 5200ms (custom)
2022-11-10 17:28:05,316 [pool-164-thread-1] INFO  server.RaftServerConfigKeys (ConfUtils.java:logGet(46)) - raft.server.rpc.sleep.time = 25ms (default)
2022-11-10 17:28:05,316 [pool-164-thread-1] INFO  server.RaftServerConfigKeys (ConfUtils.java:logGet(46)) - raft.server.rpc.slowness.timeout = 300s (custom)
2022-11-10 17:28:05,316 [pool-164-thread-1] INFO  server.RaftServerConfigKeys (ConfUtils.java:logGet(46)) - raft.server.leaderelection.leader.step-down.wait-time = 10s (default)
2022-11-10 17:28:05,316 [pool-164-thread-1] INFO  server.RaftServerConfigKeys (ConfUtils.java:logGet(46)) - raft.server.sleep.deviation.threshold = 300ms (default)
2022-11-10 17:28:05,316 [pool-164-thread-1] INFO  server.RaftServer$Division (ServerState.java:<init>(118)) - 7493d598-9ec5-46a7-8aa9-dc1154913886@group-B8554F0414A7: ConfigurationManager, init=-1: peers:[7493d598-9ec5-46a7-8aa9-dc1154913886|rpc:10.1.1.193:33661|dataStream:|priority:0|startupRole:FOLLOWER, e820eb09-a4f5-42d5-9992-ed2f360ca321|rpc:10.1.1.193:36195|dataStream:|priority:0|startupRole:FOLLOWER, 0b1dc6e2-94f6-44f1-9e64-a7602261fe9e|rpc:10.1.1.193:35445|dataStream:|priority:1|startupRole:FOLLOWER]|listeners:[], old=null, confs=<EMPTY_MAP>
2022-11-10 17:28:05,316 [pool-164-thread-1] INFO  server.RaftServerConfigKeys (ConfUtils.java:logGet(46)) - raft.server.storage.dir = [/home/runner/work/ozone/ozone/hadoop-ozone/integration-test/target/test-dir/MiniOzoneClusterImpl-5e6b204f-6d0c-499e-8bc7-d272478adc61/datanode-4/data/ratis] (custom)
2022-11-10 17:28:05,316 [pool-164-thread-1] INFO  server.RaftServerConfigKeys (ConfUtils.java:logGet(46)) - raft.server.log.corruption.policy = EXCEPTION (default)
2022-11-10 17:28:05,316 [pool-164-thread-1] INFO  server.RaftServerConfigKeys (ConfUtils.java:logGet(46)) - raft.server.storage.free-space.min = 0MB (=0) (default)
2022-11-10 17:28:05,317 [pool-164-thread-1] INFO  server.RaftServerConfigKeys (ConfUtils.java:logGet(46)) - raft.server.notification.no-leader.timeout = 300s (custom)
2022-11-10 17:28:05,317 [pool-164-thread-1] INFO  server.RaftServerConfigKeys (ConfUtils.java:logGet(46)) - raft.server.retrycache.expirytime = 600000ms (custom)
2022-11-10 17:28:05,317 [pool-164-thread-1] INFO  server.RaftServerConfigKeys (ConfUtils.java:logGet(46)) - raft.server.retrycache.statistics.expirytime = 100μs (default)
2022-11-10 17:28:05,320 [pool-164-thread-1] INFO  server.RaftServerConfigKeys (ConfUtils.java:logGet(46)) - raft.server.log.appender.install.snapshot.enabled = false (custom)
2022-11-10 17:28:05,320 [pool-164-thread-1] INFO  server.RaftServerConfigKeys (ConfUtils.java:logGet(46)) - raft.server.threadpool.server.cached = true (default)
2022-11-10 17:28:05,320 [pool-164-thread-1] INFO  server.RaftServerConfigKeys (ConfUtils.java:logGet(46)) - raft.server.threadpool.server.size = 0 (default)
2022-11-10 17:28:05,320 [pool-164-thread-1] INFO  server.RaftServerConfigKeys (ConfUtils.java:logGet(46)) - raft.server.threadpool.client.cached = true (default)
2022-11-10 17:28:05,320 [pool-164-thread-1] INFO  server.RaftServerConfigKeys (ConfUtils.java:logGet(46)) - raft.server.threadpool.client.size = 0 (default)
2022-11-10 17:28:05,320 [pool-164-thread-1] INFO  storage.RaftStorageDirectory (RaftStorageDirectoryImpl.java:analyzeStorage(137)) - The storage directory /home/runner/work/ozone/ozone/hadoop-ozone/integration-test/target/test-dir/MiniOzoneClusterImpl-5e6b204f-6d0c-499e-8bc7-d272478adc61/datanode-4/data/ratis/82d53f2f-f739-4689-ac6c-b8554f0414a7 does not exist. Creating ...
2022-11-10 17:28:05,322 [pool-164-thread-1] INFO  storage.RaftStorageDirectory (RaftStorageDirectoryImpl.java:tryLock(231)) - Lock on /home/runner/work/ozone/ozone/hadoop-ozone/integration-test/target/test-dir/MiniOzoneClusterImpl-5e6b204f-6d0c-499e-8bc7-d272478adc61/datanode-4/data/ratis/82d53f2f-f739-4689-ac6c-b8554f0414a7/in_use.lock acquired by nodename 64491@fv-az77-962
2022-11-10 17:28:05,323 [pool-164-thread-1] INFO  storage.RaftStorage (RaftStorageImpl.java:format(96)) - Storage directory /home/runner/work/ozone/ozone/hadoop-ozone/integration-test/target/test-dir/MiniOzoneClusterImpl-5e6b204f-6d0c-499e-8bc7-d272478adc61/datanode-4/data/ratis/82d53f2f-f739-4689-ac6c-b8554f0414a7 has been successfully formatted.
2022-11-10 17:28:05,324 [pool-164-thread-1] INFO  ratis.ContainerStateMachine (ContainerStateMachine.java:loadSnapshot(236)) - group-B8554F0414A7: The snapshot info is null. Setting the last applied indexto:(t:0, i:~)
2022-11-10 17:28:05,327 [pool-164-thread-1] INFO  server.RaftServerConfigKeys (ConfUtils.java:logGet(46)) - raft.server.log.use.memory = false (default)
2022-11-10 17:28:05,327 [pool-164-thread-1] INFO  server.RaftServerConfigKeys (ConfUtils.java:logGet(46)) - raft.server.log.purge.gap = 1000000 (custom)
2022-11-10 17:28:05,327 [pool-164-thread-1] INFO  server.RaftServerConfigKeys (ConfUtils.java:logGet(46)) - raft.server.log.appender.buffer.byte-limit = 33554432 (custom)
2022-11-10 17:28:05,327 [pool-164-thread-1] INFO  server.RaftServerConfigKeys (ConfUtils.java:logGet(46)) - raft.server.log.statemachine.data.read.timeout = 1000ms (default)
2022-11-10 17:28:05,327 [pool-164-thread-1] INFO  server.RaftServerConfigKeys (ConfUtils.java:logGet(46)) - raft.server.log.purge.preservation.log.num = 0 (default)
2022-11-10 17:28:05,328 [pool-164-thread-1] INFO  server.RaftServerConfigKeys (ConfUtils.java:logGet(46)) - raft.server.log.segment.size.max = 1048576 (custom)
2022-11-10 17:28:05,328 [pool-164-thread-1] INFO  server.RaftServerConfigKeys (ConfUtils.java:logGet(46)) - raft.server.log.segment.cache.num.max = 2 (custom)
2022-11-10 17:28:05,328 [pool-164-thread-1] INFO  server.RaftServerConfigKeys (ConfUtils.java:logGet(46)) - raft.server.log.segment.cache.size.max = 200MB (=209715200) (default)
2022-11-10 17:28:05,329 [pool-164-thread-1] INFO  segmented.SegmentedRaftLogWorker (SegmentedRaftLogWorker.java:<init>(191)) - new 7493d598-9ec5-46a7-8aa9-dc1154913886@group-B8554F0414A7-SegmentedRaftLogWorker for RaftStorageImpl:Storage Directory /home/runner/work/ozone/ozone/hadoop-ozone/integration-test/target/test-dir/MiniOzoneClusterImpl-5e6b204f-6d0c-499e-8bc7-d272478adc61/datanode-4/data/ratis/82d53f2f-f739-4689-ac6c-b8554f0414a7
2022-11-10 17:28:05,329 [pool-164-thread-1] INFO  server.RaftServerConfigKeys (ConfUtils.java:logGet(46)) - raft.server.log.queue.byte-limit = 4294967296 (custom)
2022-11-10 17:28:05,329 [pool-164-thread-1] INFO  server.RaftServerConfigKeys (ConfUtils.java:logGet(46)) - raft.server.log.queue.element-limit = 1024 (custom)
2022-11-10 17:28:05,329 [pool-164-thread-1] INFO  server.RaftServerConfigKeys (ConfUtils.java:logGet(46)) - raft.server.log.segment.size.max = 1048576 (custom)
2022-11-10 17:28:05,329 [pool-164-thread-1] INFO  server.RaftServerConfigKeys (ConfUtils.java:logGet(46)) - raft.server.log.preallocated.size = 16384 (custom)
2022-11-10 17:28:05,329 [pool-164-thread-1] INFO  server.RaftServerConfigKeys (ConfUtils.java:logGet(46)) - raft.server.log.force.sync.num = 128 (default)
2022-11-10 17:28:05,329 [pool-164-thread-1] INFO  server.RaftServerConfigKeys (ConfUtils.java:logGet(46)) - raft.server.log.statemachine.data.sync = true (default)
2022-11-10 17:28:05,329 [pool-164-thread-1] INFO  server.RaftServerConfigKeys (ConfUtils.java:logGet(46)) - raft.server.log.statemachine.data.sync.timeout = 10s (default)
2022-11-10 17:28:05,329 [pool-164-thread-1] INFO  server.RaftServerConfigKeys (ConfUtils.java:logGet(46)) - raft.server.log.statemachine.data.sync.timeout.retry = -1 (default)
2022-11-10 17:28:05,331 [pool-164-thread-1] INFO  server.RaftServerConfigKeys (ConfUtils.java:logGet(46)) - raft.server.log.write.buffer.size = 1048576 (custom)
2022-11-10 17:28:05,331 [pool-164-thread-1] INFO  server.RaftServerConfigKeys (ConfUtils.java:logGet(46)) - raft.server.log.unsafe-flush.enabled = false (default)
2022-11-10 17:28:05,332 [pool-164-thread-1] INFO  server.RaftServerConfigKeys (ConfUtils.java:logGet(46)) - raft.server.log.async-flush.enabled = false (default)
2022-11-10 17:28:05,332 [pool-164-thread-1] INFO  server.RaftServerConfigKeys (ConfUtils.java:logGet(46)) - raft.server.log.statemachine.data.caching.enabled = true (custom)
2022-11-10 17:28:05,335 [pool-164-thread-1] INFO  segmented.SegmentedRaftLogWorker (SegmentedRaftLogWorker.java:lambda$new$0(136)) - 7493d598-9ec5-46a7-8aa9-dc1154913886@group-B8554F0414A7-SegmentedRaftLogWorker: flushIndex: setUnconditionally 0 -> -1
2022-11-10 17:28:05,335 [pool-164-thread-1] INFO  segmented.SegmentedRaftLogWorker (SegmentedRaftLogWorker.java:lambda$new$0(136)) - 7493d598-9ec5-46a7-8aa9-dc1154913886@group-B8554F0414A7-SegmentedRaftLogWorker: safeCacheEvictIndex: setUnconditionally 0 -> -1
2022-11-10 17:28:05,335 [pool-164-thread-1] INFO  server.RaftServer$Division (RaftServerImpl.java:start(334)) - 7493d598-9ec5-46a7-8aa9-dc1154913886@group-B8554F0414A7: start as a follower, conf=-1: peers:[7493d598-9ec5-46a7-8aa9-dc1154913886|rpc:10.1.1.193:33661|dataStream:|priority:0|startupRole:FOLLOWER, e820eb09-a4f5-42d5-9992-ed2f360ca321|rpc:10.1.1.193:36195|dataStream:|priority:0|startupRole:FOLLOWER, 0b1dc6e2-94f6-44f1-9e64-a7602261fe9e|rpc:10.1.1.193:35445|dataStream:|priority:1|startupRole:FOLLOWER]|listeners:[], old=null
2022-11-10 17:28:05,336 [pool-164-thread-1] INFO  server.RaftServer$Division (RaftServerImpl.java:setRole(321)) - 7493d598-9ec5-46a7-8aa9-dc1154913886@group-B8554F0414A7: changes role from      null to FOLLOWER at term 0 for startAsFollower
2022-11-10 17:28:05,336 [pool-164-thread-1] INFO  impl.RoleInfo (RoleInfo.java:updateAndGet(139)) - 7493d598-9ec5-46a7-8aa9-dc1154913886: start 7493d598-9ec5-46a7-8aa9-dc1154913886@group-B8554F0414A7-FollowerState
2022-11-10 17:28:05,340 [pool-164-thread-1] INFO  util.JmxRegister (JmxRegister.java:tryRegister(44)) - Successfully registered JMX Bean with object name Ratis:service=RaftServer,group=group-B8554F0414A7,id=7493d598-9ec5-46a7-8aa9-dc1154913886
2022-11-10 17:28:05,340 [pool-164-thread-1] INFO  server.RaftServerConfigKeys (ConfUtils.java:logGet(46)) - raft.server.snapshot.auto.trigger.enabled = true (custom)
2022-11-10 17:28:05,340 [pool-164-thread-1] INFO  server.RaftServerConfigKeys (ConfUtils.java:logGet(46)) - raft.server.snapshot.auto.trigger.threshold = 10000 (custom)
2022-11-10 17:28:05,340 [pool-164-thread-1] INFO  server.RaftServerConfigKeys (ConfUtils.java:logGet(46)) - raft.server.snapshot.retention.file.num = 5 (custom)
2022-11-10 17:28:05,340 [pool-164-thread-1] INFO  server.RaftServerConfigKeys (ConfUtils.java:logGet(46)) - raft.server.log.purge.upto.snapshot.index = false (default)
2022-11-10 17:28:05,342 [7493d598-9ec5-46a7-8aa9-dc1154913886@group-B8554F0414A7-FollowerState] INFO  server.RaftServerConfigKeys (ConfUtils.java:logFallback(53)) - raft.server.rpc.first-election.timeout.min = 5s (fallback to raft.server.rpc.timeout.min)
2022-11-10 17:28:05,349 [7493d598-9ec5-46a7-8aa9-dc1154913886@group-B8554F0414A7-FollowerState] INFO  server.RaftServerConfigKeys (ConfUtils.java:logFallback(53)) - raft.server.rpc.first-election.timeout.max = 5200ms (fallback to raft.server.rpc.timeout.max)
2022-11-10 17:28:05,358 [Command processor thread] INFO  commandhandler.CreatePipelineCommandHandler (CreatePipelineCommandHandler.java:handle(113)) - Created Pipeline RATIS THREE PipelineID=82d53f2f-f739-4689-ac6c-b8554f0414a7.
2022-11-10 17:28:05,358 [Command processor thread] INFO  server.RaftServer (RaftServerProxy.java:addNew(96)) - 0b1dc6e2-94f6-44f1-9e64-a7602261fe9e: addNew group-E7907858A5D7:[7493d598-9ec5-46a7-8aa9-dc1154913886|rpc:10.1.1.193:33661|priority:1|startupRole:FOLLOWER, e820eb09-a4f5-42d5-9992-ed2f360ca321|rpc:10.1.1.193:36195|priority:0|startupRole:FOLLOWER, 0b1dc6e2-94f6-44f1-9e64-a7602261fe9e|rpc:10.1.1.193:35445|priority:0|startupRole:FOLLOWER] returns group-E7907858A5D7:java.util.concurrent.CompletableFuture@6fc55fa2[Not completed]
2022-11-10 17:28:05,359 [pool-141-thread-1] INFO  server.RaftServer$Division (RaftServerImpl.java:<init>(195)) - 0b1dc6e2-94f6-44f1-9e64-a7602261fe9e: new RaftServerImpl for group-E7907858A5D7:[7493d598-9ec5-46a7-8aa9-dc1154913886|rpc:10.1.1.193:33661|priority:1|startupRole:FOLLOWER, e820eb09-a4f5-42d5-9992-ed2f360ca321|rpc:10.1.1.193:36195|priority:0|startupRole:FOLLOWER, 0b1dc6e2-94f6-44f1-9e64-a7602261fe9e|rpc:10.1.1.193:35445|priority:0|startupRole:FOLLOWER] with ContainerStateMachine:uninitialized
2022-11-10 17:28:05,359 [pool-141-thread-1] INFO  server.RaftServerConfigKeys (ConfUtils.java:logGet(46)) - raft.server.rpc.timeout.min = 5s (custom)
2022-11-10 17:28:05,359 [pool-141-thread-1] INFO  server.RaftServerConfigKeys (ConfUtils.java:logGet(46)) - raft.server.rpc.timeout.max = 5200ms (custom)
2022-11-10 17:28:05,359 [pool-141-thread-1] INFO  server.RaftServerConfigKeys (ConfUtils.java:logGet(46)) - raft.server.rpc.sleep.time = 25ms (default)
2022-11-10 17:28:05,359 [pool-141-thread-1] INFO  server.RaftServerConfigKeys (ConfUtils.java:logGet(46)) - raft.server.rpc.slowness.timeout = 300s (custom)
2022-11-10 17:28:05,359 [pool-141-thread-1] INFO  server.RaftServerConfigKeys (ConfUtils.java:logGet(46)) - raft.server.leaderelection.leader.step-down.wait-time = 10s (default)
2022-11-10 17:28:05,359 [pool-141-thread-1] INFO  server.RaftServerConfigKeys (ConfUtils.java:logGet(46)) - raft.server.sleep.deviation.threshold = 300ms (default)
2022-11-10 17:28:05,360 [pool-141-thread-1] INFO  server.RaftServer$Division (ServerState.java:<init>(118)) - 0b1dc6e2-94f6-44f1-9e64-a7602261fe9e@group-E7907858A5D7: ConfigurationManager, init=-1: peers:[7493d598-9ec5-46a7-8aa9-dc1154913886|rpc:10.1.1.193:33661|priority:1|startupRole:FOLLOWER, e820eb09-a4f5-42d5-9992-ed2f360ca321|rpc:10.1.1.193:36195|priority:0|startupRole:FOLLOWER, 0b1dc6e2-94f6-44f1-9e64-a7602261fe9e|rpc:10.1.1.193:35445|priority:0|startupRole:FOLLOWER]|listeners:[], old=null, confs=<EMPTY_MAP>
2022-11-10 17:28:05,360 [pool-141-thread-1] INFO  server.RaftServerConfigKeys (ConfUtils.java:logGet(46)) - raft.server.storage.dir = [/home/runner/work/ozone/ozone/hadoop-ozone/integration-test/target/test-dir/MiniOzoneClusterImpl-5e6b204f-6d0c-499e-8bc7-d272478adc61/datanode-3/data/ratis] (custom)
2022-11-10 17:28:05,360 [pool-141-thread-1] INFO  server.RaftServerConfigKeys (ConfUtils.java:logGet(46)) - raft.server.log.corruption.policy = EXCEPTION (default)
2022-11-10 17:28:05,360 [pool-141-thread-1] INFO  server.RaftServerConfigKeys (ConfUtils.java:logGet(46)) - raft.server.storage.free-space.min = 0MB (=0) (default)
2022-11-10 17:28:05,360 [pool-141-thread-1] INFO  server.RaftServerConfigKeys (ConfUtils.java:logGet(46)) - raft.server.notification.no-leader.timeout = 300s (custom)
2022-11-10 17:28:05,360 [pool-141-thread-1] INFO  server.RaftServerConfigKeys (ConfUtils.java:logGet(46)) - raft.server.retrycache.expirytime = 600000ms (custom)
2022-11-10 17:28:05,360 [pool-141-thread-1] INFO  server.RaftServerConfigKeys (ConfUtils.java:logGet(46)) - raft.server.retrycache.statistics.expirytime = 100μs (default)
2022-11-10 17:28:05,361 [pool-141-thread-1] INFO  server.RaftServerConfigKeys (ConfUtils.java:logGet(46)) - raft.server.log.appender.install.snapshot.enabled = false (custom)
2022-11-10 17:28:05,361 [pool-141-thread-1] INFO  server.RaftServerConfigKeys (ConfUtils.java:logGet(46)) - raft.server.threadpool.server.cached = true (default)
2022-11-10 17:28:05,361 [pool-141-thread-1] INFO  server.RaftServerConfigKeys (ConfUtils.java:logGet(46)) - raft.server.threadpool.server.size = 0 (default)
2022-11-10 17:28:05,361 [pool-141-thread-1] INFO  server.RaftServerConfigKeys (ConfUtils.java:logGet(46)) - raft.server.threadpool.client.cached = true (default)
2022-11-10 17:28:05,361 [pool-141-thread-1] INFO  server.RaftServerConfigKeys (ConfUtils.java:logGet(46)) - raft.server.threadpool.client.size = 0 (default)
2022-11-10 17:28:05,362 [pool-141-thread-1] INFO  storage.RaftStorageDirectory (RaftStorageDirectoryImpl.java:analyzeStorage(137)) - The storage directory /home/runner/work/ozone/ozone/hadoop-ozone/integration-test/target/test-dir/MiniOzoneClusterImpl-5e6b204f-6d0c-499e-8bc7-d272478adc61/datanode-3/data/ratis/87bba336-f7a7-438f-9a4d-e7907858a5d7 does not exist. Creating ...
2022-11-10 17:28:05,364 [pool-141-thread-1] INFO  storage.RaftStorageDirectory (RaftStorageDirectoryImpl.java:tryLock(231)) - Lock on /home/runner/work/ozone/ozone/hadoop-ozone/integration-test/target/test-dir/MiniOzoneClusterImpl-5e6b204f-6d0c-499e-8bc7-d272478adc61/datanode-3/data/ratis/87bba336-f7a7-438f-9a4d-e7907858a5d7/in_use.lock acquired by nodename 64491@fv-az77-962
2022-11-10 17:28:05,366 [pool-141-thread-1] INFO  storage.RaftStorage (RaftStorageImpl.java:format(96)) - Storage directory /home/runner/work/ozone/ozone/hadoop-ozone/integration-test/target/test-dir/MiniOzoneClusterImpl-5e6b204f-6d0c-499e-8bc7-d272478adc61/datanode-3/data/ratis/87bba336-f7a7-438f-9a4d-e7907858a5d7 has been successfully formatted.
2022-11-10 17:28:05,367 [pool-141-thread-1] INFO  ratis.ContainerStateMachine (ContainerStateMachine.java:loadSnapshot(236)) - group-E7907858A5D7: The snapshot info is null. Setting the last applied indexto:(t:0, i:~)
2022-11-10 17:28:05,367 [pool-141-thread-1] INFO  server.RaftServerConfigKeys (ConfUtils.java:logGet(46)) - raft.server.log.use.memory = false (default)
2022-11-10 17:28:05,367 [pool-141-thread-1] INFO  server.RaftServerConfigKeys (ConfUtils.java:logGet(46)) - raft.server.log.purge.gap = 1000000 (custom)
2022-11-10 17:28:05,367 [pool-141-thread-1] INFO  server.RaftServerConfigKeys (ConfUtils.java:logGet(46)) - raft.server.log.appender.buffer.byte-limit = 33554432 (custom)
2022-11-10 17:28:05,368 [pool-141-thread-1] INFO  server.RaftServerConfigKeys (ConfUtils.java:logGet(46)) - raft.server.log.statemachine.data.read.timeout = 1000ms (default)
2022-11-10 17:28:05,368 [pool-141-thread-1] INFO  server.RaftServerConfigKeys (ConfUtils.java:logGet(46)) - raft.server.log.purge.preservation.log.num = 0 (default)
2022-11-10 17:28:05,368 [pool-141-thread-1] INFO  server.RaftServerConfigKeys (ConfUtils.java:logGet(46)) - raft.server.log.segment.size.max = 1048576 (custom)
2022-11-10 17:28:05,368 [pool-141-thread-1] INFO  server.RaftServerConfigKeys (ConfUtils.java:logGet(46)) - raft.server.log.segment.cache.num.max = 2 (custom)
2022-11-10 17:28:05,368 [pool-141-thread-1] INFO  server.RaftServerConfigKeys (ConfUtils.java:logGet(46)) - raft.server.log.segment.cache.size.max = 200MB (=209715200) (default)
2022-11-10 17:28:05,368 [pool-141-thread-1] INFO  segmented.SegmentedRaftLogWorker (SegmentedRaftLogWorker.java:<init>(191)) - new 0b1dc6e2-94f6-44f1-9e64-a7602261fe9e@group-E7907858A5D7-SegmentedRaftLogWorker for RaftStorageImpl:Storage Directory /home/runner/work/ozone/ozone/hadoop-ozone/integration-test/target/test-dir/MiniOzoneClusterImpl-5e6b204f-6d0c-499e-8bc7-d272478adc61/datanode-3/data/ratis/87bba336-f7a7-438f-9a4d-e7907858a5d7
2022-11-10 17:28:05,368 [pool-141-thread-1] INFO  server.RaftServerConfigKeys (ConfUtils.java:logGet(46)) - raft.server.log.queue.byte-limit = 4294967296 (custom)
2022-11-10 17:28:05,368 [pool-141-thread-1] INFO  server.RaftServerConfigKeys (ConfUtils.java:logGet(46)) - raft.server.log.queue.element-limit = 1024 (custom)
2022-11-10 17:28:05,369 [pool-141-thread-1] INFO  server.RaftServerConfigKeys (ConfUtils.java:logGet(46)) - raft.server.log.segment.size.max = 1048576 (custom)
2022-11-10 17:28:05,372 [pool-141-thread-1] INFO  server.RaftServerConfigKeys (ConfUtils.java:logGet(46)) - raft.server.log.preallocated.size = 16384 (custom)
2022-11-10 17:28:05,372 [pool-141-thread-1] INFO  server.RaftServerConfigKeys (ConfUtils.java:logGet(46)) - raft.server.log.force.sync.num = 128 (default)
2022-11-10 17:28:05,372 [pool-141-thread-1] INFO  server.RaftServerConfigKeys (ConfUtils.java:logGet(46)) - raft.server.log.statemachine.data.sync = true (default)
2022-11-10 17:28:05,372 [pool-141-thread-1] INFO  server.RaftServerConfigKeys (ConfUtils.java:logGet(46)) - raft.server.log.statemachine.data.sync.timeout = 10s (default)
2022-11-10 17:28:05,372 [pool-141-thread-1] INFO  server.RaftServerConfigKeys (ConfUtils.java:logGet(46)) - raft.server.log.statemachine.data.sync.timeout.retry = -1 (default)
2022-11-10 17:28:05,373 [pool-141-thread-1] INFO  server.RaftServerConfigKeys (ConfUtils.java:logGet(46)) - raft.server.log.write.buffer.size = 1048576 (custom)
2022-11-10 17:28:05,374 [pool-141-thread-1] INFO  server.RaftServerConfigKeys (ConfUtils.java:logGet(46)) - raft.server.log.unsafe-flush.enabled = false (default)
2022-11-10 17:28:05,376 [pool-141-thread-1] INFO  server.RaftServerConfigKeys (ConfUtils.java:logGet(46)) - raft.server.log.async-flush.enabled = false (default)
2022-11-10 17:28:05,376 [pool-141-thread-1] INFO  server.RaftServerConfigKeys (ConfUtils.java:logGet(46)) - raft.server.log.statemachine.data.caching.enabled = true (custom)
2022-11-10 17:28:05,376 [pool-141-thread-1] INFO  segmented.SegmentedRaftLogWorker (SegmentedRaftLogWorker.java:lambda$new$0(136)) - 0b1dc6e2-94f6-44f1-9e64-a7602261fe9e@group-E7907858A5D7-SegmentedRaftLogWorker: flushIndex: setUnconditionally 0 -> -1
2022-11-10 17:28:05,376 [pool-141-thread-1] INFO  segmented.SegmentedRaftLogWorker (SegmentedRaftLogWorker.java:lambda$new$0(136)) - 0b1dc6e2-94f6-44f1-9e64-a7602261fe9e@group-E7907858A5D7-SegmentedRaftLogWorker: safeCacheEvictIndex: setUnconditionally 0 -> -1
2022-11-10 17:28:05,377 [pool-141-thread-1] INFO  server.RaftServer$Division (RaftServerImpl.java:start(334)) - 0b1dc6e2-94f6-44f1-9e64-a7602261fe9e@group-E7907858A5D7: start as a follower, conf=-1: peers:[7493d598-9ec5-46a7-8aa9-dc1154913886|rpc:10.1.1.193:33661|priority:1|startupRole:FOLLOWER, e820eb09-a4f5-42d5-9992-ed2f360ca321|rpc:10.1.1.193:36195|priority:0|startupRole:FOLLOWER, 0b1dc6e2-94f6-44f1-9e64-a7602261fe9e|rpc:10.1.1.193:35445|priority:0|startupRole:FOLLOWER]|listeners:[], old=null
2022-11-10 17:28:05,377 [pool-141-thread-1] INFO  server.RaftServer$Division (RaftServerImpl.java:setRole(321)) - 0b1dc6e2-94f6-44f1-9e64-a7602261fe9e@group-E7907858A5D7: changes role from      null to FOLLOWER at term 0 for startAsFollower
2022-11-10 17:28:05,377 [pool-141-thread-1] INFO  impl.RoleInfo (RoleInfo.java:updateAndGet(139)) - 0b1dc6e2-94f6-44f1-9e64-a7602261fe9e: start 0b1dc6e2-94f6-44f1-9e64-a7602261fe9e@group-E7907858A5D7-FollowerState
2022-11-10 17:28:05,377 [EventQueue-OpenPipelineForHealthyPipelineSafeModeRule] INFO  safemode.SCMSafeModeManager (HealthyPipelineSafeModeRule.java:process(137)) - SCM in safe mode. Healthy pipelines reported count is 0, required healthy pipeline reported count is 1
2022-11-10 17:28:05,380 [pool-141-thread-1] INFO  util.JmxRegister (JmxRegister.java:tryRegister(44)) - Successfully registered JMX Bean with object name Ratis:service=RaftServer,group=group-E7907858A5D7,id=0b1dc6e2-94f6-44f1-9e64-a7602261fe9e
2022-11-10 17:28:05,389 [pool-141-thread-1] INFO  server.RaftServerConfigKeys (ConfUtils.java:logGet(46)) - raft.server.snapshot.auto.trigger.enabled = true (custom)
2022-11-10 17:28:05,389 [pool-141-thread-1] INFO  server.RaftServerConfigKeys (ConfUtils.java:logGet(46)) - raft.server.snapshot.auto.trigger.threshold = 10000 (custom)
2022-11-10 17:28:05,389 [pool-141-thread-1] INFO  server.RaftServerConfigKeys (ConfUtils.java:logGet(46)) - raft.server.snapshot.retention.file.num = 5 (custom)
2022-11-10 17:28:05,389 [pool-141-thread-1] INFO  server.RaftServerConfigKeys (ConfUtils.java:logGet(46)) - raft.server.log.purge.upto.snapshot.index = false (default)
2022-11-10 17:28:05,389 [0b1dc6e2-94f6-44f1-9e64-a7602261fe9e@group-E7907858A5D7-FollowerState] INFO  server.RaftServerConfigKeys (ConfUtils.java:logFallback(53)) - raft.server.rpc.first-election.timeout.min = 5s (fallback to raft.server.rpc.timeout.min)
2022-11-10 17:28:05,390 [0b1dc6e2-94f6-44f1-9e64-a7602261fe9e@group-E7907858A5D7-FollowerState] INFO  server.RaftServerConfigKeys (ConfUtils.java:logFallback(53)) - raft.server.rpc.first-election.timeout.max = 5200ms (fallback to raft.server.rpc.timeout.max)
2022-11-10 17:28:05,390 [Command processor thread] INFO  ratis.XceiverServerRatis (XceiverServerRatis.java:addGroup(765)) - Created group PipelineID=87bba336-f7a7-438f-9a4d-e7907858a5d7
2022-11-10 17:28:05,409 [grpc-default-executor-0] INFO  server.RaftServer (RaftServerProxy.java:addNew(96)) - e820eb09-a4f5-42d5-9992-ed2f360ca321: addNew group-E7907858A5D7:[7493d598-9ec5-46a7-8aa9-dc1154913886|rpc:10.1.1.193:33661|dataStream:|priority:1|startupRole:FOLLOWER, e820eb09-a4f5-42d5-9992-ed2f360ca321|rpc:10.1.1.193:36195|dataStream:|priority:0|startupRole:FOLLOWER, 0b1dc6e2-94f6-44f1-9e64-a7602261fe9e|rpc:10.1.1.193:35445|dataStream:|priority:0|startupRole:FOLLOWER] returns group-E7907858A5D7:java.util.concurrent.CompletableFuture@2f542fe3[Not completed]
2022-11-10 17:28:05,410 [pool-187-thread-1] INFO  server.RaftServer$Division (RaftServerImpl.java:<init>(195)) - e820eb09-a4f5-42d5-9992-ed2f360ca321: new RaftServerImpl for group-E7907858A5D7:[7493d598-9ec5-46a7-8aa9-dc1154913886|rpc:10.1.1.193:33661|dataStream:|priority:1|startupRole:FOLLOWER, e820eb09-a4f5-42d5-9992-ed2f360ca321|rpc:10.1.1.193:36195|dataStream:|priority:0|startupRole:FOLLOWER, 0b1dc6e2-94f6-44f1-9e64-a7602261fe9e|rpc:10.1.1.193:35445|dataStream:|priority:0|startupRole:FOLLOWER] with ContainerStateMachine:uninitialized
2022-11-10 17:28:05,410 [pool-187-thread-1] INFO  server.RaftServerConfigKeys (ConfUtils.java:logGet(46)) - raft.server.rpc.timeout.min = 5s (custom)
2022-11-10 17:28:05,410 [pool-187-thread-1] INFO  server.RaftServerConfigKeys (ConfUtils.java:logGet(46)) - raft.server.rpc.timeout.max = 5200ms (custom)
2022-11-10 17:28:05,410 [pool-187-thread-1] INFO  server.RaftServerConfigKeys (ConfUtils.java:logGet(46)) - raft.server.rpc.sleep.time = 25ms (default)
2022-11-10 17:28:05,410 [pool-187-thread-1] INFO  server.RaftServerConfigKeys (ConfUtils.java:logGet(46)) - raft.server.rpc.slowness.timeout = 300s (custom)
2022-11-10 17:28:05,410 [pool-187-thread-1] INFO  server.RaftServerConfigKeys (ConfUtils.java:logGet(46)) - raft.server.leaderelection.leader.step-down.wait-time = 10s (default)
2022-11-10 17:28:05,410 [pool-187-thread-1] INFO  server.RaftServerConfigKeys (ConfUtils.java:logGet(46)) - raft.server.sleep.deviation.threshold = 300ms (default)
2022-11-10 17:28:05,410 [pool-187-thread-1] INFO  server.RaftServer$Division (ServerState.java:<init>(118)) - e820eb09-a4f5-42d5-9992-ed2f360ca321@group-E7907858A5D7: ConfigurationManager, init=-1: peers:[7493d598-9ec5-46a7-8aa9-dc1154913886|rpc:10.1.1.193:33661|dataStream:|priority:1|startupRole:FOLLOWER, e820eb09-a4f5-42d5-9992-ed2f360ca321|rpc:10.1.1.193:36195|dataStream:|priority:0|startupRole:FOLLOWER, 0b1dc6e2-94f6-44f1-9e64-a7602261fe9e|rpc:10.1.1.193:35445|dataStream:|priority:0|startupRole:FOLLOWER]|listeners:[], old=null, confs=<EMPTY_MAP>
2022-11-10 17:28:05,410 [pool-187-thread-1] INFO  server.RaftServerConfigKeys (ConfUtils.java:logGet(46)) - raft.server.storage.dir = [/home/runner/work/ozone/ozone/hadoop-ozone/integration-test/target/test-dir/MiniOzoneClusterImpl-5e6b204f-6d0c-499e-8bc7-d272478adc61/datanode-5/data/ratis] (custom)
2022-11-10 17:28:05,410 [pool-187-thread-1] INFO  server.RaftServerConfigKeys (ConfUtils.java:logGet(46)) - raft.server.log.corruption.policy = EXCEPTION (default)
2022-11-10 17:28:05,411 [pool-187-thread-1] INFO  server.RaftServerConfigKeys (ConfUtils.java:logGet(46)) - raft.server.storage.free-space.min = 0MB (=0) (default)
2022-11-10 17:28:05,411 [pool-187-thread-1] INFO  server.RaftServerConfigKeys (ConfUtils.java:logGet(46)) - raft.server.notification.no-leader.timeout = 300s (custom)
2022-11-10 17:28:05,411 [pool-187-thread-1] INFO  server.RaftServerConfigKeys (ConfUtils.java:logGet(46)) - raft.server.retrycache.expirytime = 600000ms (custom)
2022-11-10 17:28:05,411 [pool-187-thread-1] INFO  server.RaftServerConfigKeys (ConfUtils.java:logGet(46)) - raft.server.retrycache.statistics.expirytime = 100μs (default)
2022-11-10 17:28:05,412 [pool-187-thread-1] INFO  server.RaftServerConfigKeys (ConfUtils.java:logGet(46)) - raft.server.log.appender.install.snapshot.enabled = false (custom)
2022-11-10 17:28:05,412 [pool-187-thread-1] INFO  server.RaftServerConfigKeys (ConfUtils.java:logGet(46)) - raft.server.threadpool.server.cached = true (default)
2022-11-10 17:28:05,412 [pool-187-thread-1] INFO  server.RaftServerConfigKeys (ConfUtils.java:logGet(46)) - raft.server.threadpool.server.size = 0 (default)
2022-11-10 17:28:05,412 [pool-187-thread-1] INFO  server.RaftServerConfigKeys (ConfUtils.java:logGet(46)) - raft.server.threadpool.client.cached = true (default)
2022-11-10 17:28:05,412 [pool-187-thread-1] INFO  server.RaftServerConfigKeys (ConfUtils.java:logGet(46)) - raft.server.threadpool.client.size = 0 (default)
2022-11-10 17:28:05,412 [pool-187-thread-1] INFO  storage.RaftStorageDirectory (RaftStorageDirectoryImpl.java:analyzeStorage(137)) - The storage directory /home/runner/work/ozone/ozone/hadoop-ozone/integration-test/target/test-dir/MiniOzoneClusterImpl-5e6b204f-6d0c-499e-8bc7-d272478adc61/datanode-5/data/ratis/87bba336-f7a7-438f-9a4d-e7907858a5d7 does not exist. Creating ...
2022-11-10 17:28:05,414 [pool-187-thread-1] INFO  storage.RaftStorageDirectory (RaftStorageDirectoryImpl.java:tryLock(231)) - Lock on /home/runner/work/ozone/ozone/hadoop-ozone/integration-test/target/test-dir/MiniOzoneClusterImpl-5e6b204f-6d0c-499e-8bc7-d272478adc61/datanode-5/data/ratis/87bba336-f7a7-438f-9a4d-e7907858a5d7/in_use.lock acquired by nodename 64491@fv-az77-962
2022-11-10 17:28:05,415 [pool-187-thread-1] INFO  storage.RaftStorage (RaftStorageImpl.java:format(96)) - Storage directory /home/runner/work/ozone/ozone/hadoop-ozone/integration-test/target/test-dir/MiniOzoneClusterImpl-5e6b204f-6d0c-499e-8bc7-d272478adc61/datanode-5/data/ratis/87bba336-f7a7-438f-9a4d-e7907858a5d7 has been successfully formatted.
2022-11-10 17:28:05,415 [pool-187-thread-1] INFO  ratis.ContainerStateMachine (ContainerStateMachine.java:loadSnapshot(236)) - group-E7907858A5D7: The snapshot info is null. Setting the last applied indexto:(t:0, i:~)
2022-11-10 17:28:05,415 [pool-187-thread-1] INFO  server.RaftServerConfigKeys (ConfUtils.java:logGet(46)) - raft.server.log.use.memory = false (default)
2022-11-10 17:28:05,416 [pool-187-thread-1] INFO  server.RaftServerConfigKeys (ConfUtils.java:logGet(46)) - raft.server.log.purge.gap = 1000000 (custom)
2022-11-10 17:28:05,416 [pool-187-thread-1] INFO  server.RaftServerConfigKeys (ConfUtils.java:logGet(46)) - raft.server.log.appender.buffer.byte-limit = 33554432 (custom)
2022-11-10 17:28:05,416 [pool-187-thread-1] INFO  server.RaftServerConfigKeys (ConfUtils.java:logGet(46)) - raft.server.log.statemachine.data.read.timeout = 1000ms (default)
2022-11-10 17:28:05,416 [pool-187-thread-1] INFO  server.RaftServerConfigKeys (ConfUtils.java:logGet(46)) - raft.server.log.purge.preservation.log.num = 0 (default)
2022-11-10 17:28:05,427 [pool-187-thread-1] INFO  server.RaftServerConfigKeys (ConfUtils.java:logGet(46)) - raft.server.log.segment.size.max = 1048576 (custom)
2022-11-10 17:28:05,428 [pool-187-thread-1] INFO  server.RaftServerConfigKeys (ConfUtils.java:logGet(46)) - raft.server.log.segment.cache.num.max = 2 (custom)
2022-11-10 17:28:05,428 [pool-187-thread-1] INFO  server.RaftServerConfigKeys (ConfUtils.java:logGet(46)) - raft.server.log.segment.cache.size.max = 200MB (=209715200) (default)
2022-11-10 17:28:05,428 [pool-187-thread-1] INFO  segmented.SegmentedRaftLogWorker (SegmentedRaftLogWorker.java:<init>(191)) - new e820eb09-a4f5-42d5-9992-ed2f360ca321@group-E7907858A5D7-SegmentedRaftLogWorker for RaftStorageImpl:Storage Directory /home/runner/work/ozone/ozone/hadoop-ozone/integration-test/target/test-dir/MiniOzoneClusterImpl-5e6b204f-6d0c-499e-8bc7-d272478adc61/datanode-5/data/ratis/87bba336-f7a7-438f-9a4d-e7907858a5d7
2022-11-10 17:28:05,428 [pool-187-thread-1] INFO  server.RaftServerConfigKeys (ConfUtils.java:logGet(46)) - raft.server.log.queue.byte-limit = 4294967296 (custom)
2022-11-10 17:28:05,428 [pool-187-thread-1] INFO  server.RaftServerConfigKeys (ConfUtils.java:logGet(46)) - raft.server.log.queue.element-limit = 1024 (custom)
2022-11-10 17:28:05,428 [pool-187-thread-1] INFO  server.RaftServerConfigKeys (ConfUtils.java:logGet(46)) - raft.server.log.segment.size.max = 1048576 (custom)
2022-11-10 17:28:05,429 [pool-187-thread-1] INFO  server.RaftServerConfigKeys (ConfUtils.java:logGet(46)) - raft.server.log.preallocated.size = 16384 (custom)
2022-11-10 17:28:05,429 [pool-187-thread-1] INFO  server.RaftServerConfigKeys (ConfUtils.java:logGet(46)) - raft.server.log.force.sync.num = 128 (default)
2022-11-10 17:28:05,429 [pool-187-thread-1] INFO  server.RaftServerConfigKeys (ConfUtils.java:logGet(46)) - raft.server.log.statemachine.data.sync = true (default)
2022-11-10 17:28:05,429 [pool-187-thread-1] INFO  server.RaftServerConfigKeys (ConfUtils.java:logGet(46)) - raft.server.log.statemachine.data.sync.timeout = 10s (default)
2022-11-10 17:28:05,429 [pool-187-thread-1] INFO  server.RaftServerConfigKeys (ConfUtils.java:logGet(46)) - raft.server.log.statemachine.data.sync.timeout.retry = -1 (default)
2022-11-10 17:28:05,430 [pool-187-thread-1] INFO  server.RaftServerConfigKeys (ConfUtils.java:logGet(46)) - raft.server.log.write.buffer.size = 1048576 (custom)
2022-11-10 17:28:05,430 [pool-187-thread-1] INFO  server.RaftServerConfigKeys (ConfUtils.java:logGet(46)) - raft.server.log.unsafe-flush.enabled = false (default)
2022-11-10 17:28:05,430 [pool-187-thread-1] INFO  server.RaftServerConfigKeys (ConfUtils.java:logGet(46)) - raft.server.log.async-flush.enabled = false (default)
2022-11-10 17:28:05,430 [pool-187-thread-1] INFO  server.RaftServerConfigKeys (ConfUtils.java:logGet(46)) - raft.server.log.statemachine.data.caching.enabled = true (custom)
2022-11-10 17:28:05,431 [pool-187-thread-1] INFO  segmented.SegmentedRaftLogWorker (SegmentedRaftLogWorker.java:lambda$new$0(136)) - e820eb09-a4f5-42d5-9992-ed2f360ca321@group-E7907858A5D7-SegmentedRaftLogWorker: flushIndex: setUnconditionally 0 -> -1
2022-11-10 17:28:05,431 [pool-187-thread-1] INFO  segmented.SegmentedRaftLogWorker (SegmentedRaftLogWorker.java:lambda$new$0(136)) - e820eb09-a4f5-42d5-9992-ed2f360ca321@group-E7907858A5D7-SegmentedRaftLogWorker: safeCacheEvictIndex: setUnconditionally 0 -> -1
2022-11-10 17:28:05,432 [pool-187-thread-1] INFO  server.RaftServer$Division (RaftServerImpl.java:start(334)) - e820eb09-a4f5-42d5-9992-ed2f360ca321@group-E7907858A5D7: start as a follower, conf=-1: peers:[7493d598-9ec5-46a7-8aa9-dc1154913886|rpc:10.1.1.193:33661|dataStream:|priority:1|startupRole:FOLLOWER, e820eb09-a4f5-42d5-9992-ed2f360ca321|rpc:10.1.1.193:36195|dataStream:|priority:0|startupRole:FOLLOWER, 0b1dc6e2-94f6-44f1-9e64-a7602261fe9e|rpc:10.1.1.193:35445|dataStream:|priority:0|startupRole:FOLLOWER]|listeners:[], old=null
2022-11-10 17:28:05,432 [pool-187-thread-1] INFO  server.RaftServer$Division (RaftServerImpl.java:setRole(321)) - e820eb09-a4f5-42d5-9992-ed2f360ca321@group-E7907858A5D7: changes role from      null to FOLLOWER at term 0 for startAsFollower
2022-11-10 17:28:05,432 [pool-187-thread-1] INFO  impl.RoleInfo (RoleInfo.java:updateAndGet(139)) - e820eb09-a4f5-42d5-9992-ed2f360ca321: start e820eb09-a4f5-42d5-9992-ed2f360ca321@group-E7907858A5D7-FollowerState
2022-11-10 17:28:05,436 [pool-187-thread-1] INFO  util.JmxRegister (JmxRegister.java:tryRegister(44)) - Successfully registered JMX Bean with object name Ratis:service=RaftServer,group=group-E7907858A5D7,id=e820eb09-a4f5-42d5-9992-ed2f360ca321
2022-11-10 17:28:05,436 [pool-187-thread-1] INFO  server.RaftServerConfigKeys (ConfUtils.java:logGet(46)) - raft.server.snapshot.auto.trigger.enabled = true (custom)
2022-11-10 17:28:05,436 [pool-187-thread-1] INFO  server.RaftServerConfigKeys (ConfUtils.java:logGet(46)) - raft.server.snapshot.auto.trigger.threshold = 10000 (custom)
2022-11-10 17:28:05,436 [pool-187-thread-1] INFO  server.RaftServerConfigKeys (ConfUtils.java:logGet(46)) - raft.server.snapshot.retention.file.num = 5 (custom)
2022-11-10 17:28:05,436 [pool-187-thread-1] INFO  server.RaftServerConfigKeys (ConfUtils.java:logGet(46)) - raft.server.log.purge.upto.snapshot.index = false (default)
2022-11-10 17:28:05,437 [e820eb09-a4f5-42d5-9992-ed2f360ca321@group-E7907858A5D7-FollowerState] INFO  server.RaftServerConfigKeys (ConfUtils.java:logFallback(53)) - raft.server.rpc.first-election.timeout.min = 5s (fallback to raft.server.rpc.timeout.min)
2022-11-10 17:28:05,442 [e820eb09-a4f5-42d5-9992-ed2f360ca321@group-E7907858A5D7-FollowerState] INFO  server.RaftServerConfigKeys (ConfUtils.java:logFallback(53)) - raft.server.rpc.first-election.timeout.max = 5200ms (fallback to raft.server.rpc.timeout.max)
2022-11-10 17:28:05,461 [grpc-default-executor-0] INFO  server.RaftServer (RaftServerProxy.java:addNew(96)) - 7493d598-9ec5-46a7-8aa9-dc1154913886: addNew group-E7907858A5D7:[7493d598-9ec5-46a7-8aa9-dc1154913886|rpc:10.1.1.193:33661|dataStream:|priority:1|startupRole:FOLLOWER, e820eb09-a4f5-42d5-9992-ed2f360ca321|rpc:10.1.1.193:36195|dataStream:|priority:0|startupRole:FOLLOWER, 0b1dc6e2-94f6-44f1-9e64-a7602261fe9e|rpc:10.1.1.193:35445|dataStream:|priority:0|startupRole:FOLLOWER] returns group-E7907858A5D7:java.util.concurrent.CompletableFuture@8e5db45[Not completed]
2022-11-10 17:28:05,462 [pool-164-thread-1] INFO  server.RaftServer$Division (RaftServerImpl.java:<init>(195)) - 7493d598-9ec5-46a7-8aa9-dc1154913886: new RaftServerImpl for group-E7907858A5D7:[7493d598-9ec5-46a7-8aa9-dc1154913886|rpc:10.1.1.193:33661|dataStream:|priority:1|startupRole:FOLLOWER, e820eb09-a4f5-42d5-9992-ed2f360ca321|rpc:10.1.1.193:36195|dataStream:|priority:0|startupRole:FOLLOWER, 0b1dc6e2-94f6-44f1-9e64-a7602261fe9e|rpc:10.1.1.193:35445|dataStream:|priority:0|startupRole:FOLLOWER] with ContainerStateMachine:uninitialized
2022-11-10 17:28:05,462 [pool-164-thread-1] INFO  server.RaftServerConfigKeys (ConfUtils.java:logGet(46)) - raft.server.rpc.timeout.min = 5s (custom)
2022-11-10 17:28:05,462 [pool-164-thread-1] INFO  server.RaftServerConfigKeys (ConfUtils.java:logGet(46)) - raft.server.rpc.timeout.max = 5200ms (custom)
2022-11-10 17:28:05,462 [pool-164-thread-1] INFO  server.RaftServerConfigKeys (ConfUtils.java:logGet(46)) - raft.server.rpc.sleep.time = 25ms (default)
2022-11-10 17:28:05,462 [pool-164-thread-1] INFO  server.RaftServerConfigKeys (ConfUtils.java:logGet(46)) - raft.server.rpc.slowness.timeout = 300s (custom)
2022-11-10 17:28:05,462 [pool-164-thread-1] INFO  server.RaftServerConfigKeys (ConfUtils.java:logGet(46)) - raft.server.leaderelection.leader.step-down.wait-time = 10s (default)
2022-11-10 17:28:05,462 [pool-164-thread-1] INFO  server.RaftServerConfigKeys (ConfUtils.java:logGet(46)) - raft.server.sleep.deviation.threshold = 300ms (default)
2022-11-10 17:28:05,462 [pool-164-thread-1] INFO  server.RaftServer$Division (ServerState.java:<init>(118)) - 7493d598-9ec5-46a7-8aa9-dc1154913886@group-E7907858A5D7: ConfigurationManager, init=-1: peers:[7493d598-9ec5-46a7-8aa9-dc1154913886|rpc:10.1.1.193:33661|dataStream:|priority:1|startupRole:FOLLOWER, e820eb09-a4f5-42d5-9992-ed2f360ca321|rpc:10.1.1.193:36195|dataStream:|priority:0|startupRole:FOLLOWER, 0b1dc6e2-94f6-44f1-9e64-a7602261fe9e|rpc:10.1.1.193:35445|dataStream:|priority:0|startupRole:FOLLOWER]|listeners:[], old=null, confs=<EMPTY_MAP>
2022-11-10 17:28:05,462 [pool-164-thread-1] INFO  server.RaftServerConfigKeys (ConfUtils.java:logGet(46)) - raft.server.storage.dir = [/home/runner/work/ozone/ozone/hadoop-ozone/integration-test/target/test-dir/MiniOzoneClusterImpl-5e6b204f-6d0c-499e-8bc7-d272478adc61/datanode-4/data/ratis] (custom)
2022-11-10 17:28:05,463 [pool-164-thread-1] INFO  server.RaftServerConfigKeys (ConfUtils.java:logGet(46)) - raft.server.log.corruption.policy = EXCEPTION (default)
2022-11-10 17:28:05,463 [pool-164-thread-1] INFO  server.RaftServerConfigKeys (ConfUtils.java:logGet(46)) - raft.server.storage.free-space.min = 0MB (=0) (default)
2022-11-10 17:28:05,463 [pool-164-thread-1] INFO  server.RaftServerConfigKeys (ConfUtils.java:logGet(46)) - raft.server.notification.no-leader.timeout = 300s (custom)
2022-11-10 17:28:05,463 [pool-164-thread-1] INFO  server.RaftServerConfigKeys (ConfUtils.java:logGet(46)) - raft.server.retrycache.expirytime = 600000ms (custom)
2022-11-10 17:28:05,463 [pool-164-thread-1] INFO  server.RaftServerConfigKeys (ConfUtils.java:logGet(46)) - raft.server.retrycache.statistics.expirytime = 100μs (default)
2022-11-10 17:28:05,464 [pool-164-thread-1] INFO  server.RaftServerConfigKeys (ConfUtils.java:logGet(46)) - raft.server.log.appender.install.snapshot.enabled = false (custom)
2022-11-10 17:28:05,464 [pool-164-thread-1] INFO  server.RaftServerConfigKeys (ConfUtils.java:logGet(46)) - raft.server.threadpool.server.cached = true (default)
2022-11-10 17:28:05,464 [pool-164-thread-1] INFO  server.RaftServerConfigKeys (ConfUtils.java:logGet(46)) - raft.server.threadpool.server.size = 0 (default)
2022-11-10 17:28:05,464 [pool-164-thread-1] INFO  server.RaftServerConfigKeys (ConfUtils.java:logGet(46)) - raft.server.threadpool.client.cached = true (default)
2022-11-10 17:28:05,464 [pool-164-thread-1] INFO  server.RaftServerConfigKeys (ConfUtils.java:logGet(46)) - raft.server.threadpool.client.size = 0 (default)
2022-11-10 17:28:05,464 [pool-164-thread-1] INFO  storage.RaftStorageDirectory (RaftStorageDirectoryImpl.java:analyzeStorage(137)) - The storage directory /home/runner/work/ozone/ozone/hadoop-ozone/integration-test/target/test-dir/MiniOzoneClusterImpl-5e6b204f-6d0c-499e-8bc7-d272478adc61/datanode-4/data/ratis/87bba336-f7a7-438f-9a4d-e7907858a5d7 does not exist. Creating ...
2022-11-10 17:28:05,465 [pool-164-thread-1] INFO  storage.RaftStorageDirectory (RaftStorageDirectoryImpl.java:tryLock(231)) - Lock on /home/runner/work/ozone/ozone/hadoop-ozone/integration-test/target/test-dir/MiniOzoneClusterImpl-5e6b204f-6d0c-499e-8bc7-d272478adc61/datanode-4/data/ratis/87bba336-f7a7-438f-9a4d-e7907858a5d7/in_use.lock acquired by nodename 64491@fv-az77-962
2022-11-10 17:28:05,467 [pool-164-thread-1] INFO  storage.RaftStorage (RaftStorageImpl.java:format(96)) - Storage directory /home/runner/work/ozone/ozone/hadoop-ozone/integration-test/target/test-dir/MiniOzoneClusterImpl-5e6b204f-6d0c-499e-8bc7-d272478adc61/datanode-4/data/ratis/87bba336-f7a7-438f-9a4d-e7907858a5d7 has been successfully formatted.
2022-11-10 17:28:05,467 [pool-164-thread-1] INFO  ratis.ContainerStateMachine (ContainerStateMachine.java:loadSnapshot(236)) - group-E7907858A5D7: The snapshot info is null. Setting the last applied indexto:(t:0, i:~)
2022-11-10 17:28:05,467 [pool-164-thread-1] INFO  server.RaftServerConfigKeys (ConfUtils.java:logGet(46)) - raft.server.log.use.memory = false (default)
2022-11-10 17:28:05,467 [pool-164-thread-1] INFO  server.RaftServerConfigKeys (ConfUtils.java:logGet(46)) - raft.server.log.purge.gap = 1000000 (custom)
2022-11-10 17:28:05,467 [pool-164-thread-1] INFO  server.RaftServerConfigKeys (ConfUtils.java:logGet(46)) - raft.server.log.appender.buffer.byte-limit = 33554432 (custom)
2022-11-10 17:28:05,467 [pool-164-thread-1] INFO  server.RaftServerConfigKeys (ConfUtils.java:logGet(46)) - raft.server.log.statemachine.data.read.timeout = 1000ms (default)
2022-11-10 17:28:05,467 [pool-164-thread-1] INFO  server.RaftServerConfigKeys (ConfUtils.java:logGet(46)) - raft.server.log.purge.preservation.log.num = 0 (default)
2022-11-10 17:28:05,468 [pool-164-thread-1] INFO  server.RaftServerConfigKeys (ConfUtils.java:logGet(46)) - raft.server.log.segment.size.max = 1048576 (custom)
2022-11-10 17:28:05,468 [pool-164-thread-1] INFO  server.RaftServerConfigKeys (ConfUtils.java:logGet(46)) - raft.server.log.segment.cache.num.max = 2 (custom)
2022-11-10 17:28:05,468 [pool-164-thread-1] INFO  server.RaftServerConfigKeys (ConfUtils.java:logGet(46)) - raft.server.log.segment.cache.size.max = 200MB (=209715200) (default)
2022-11-10 17:28:05,468 [pool-164-thread-1] INFO  segmented.SegmentedRaftLogWorker (SegmentedRaftLogWorker.java:<init>(191)) - new 7493d598-9ec5-46a7-8aa9-dc1154913886@group-E7907858A5D7-SegmentedRaftLogWorker for RaftStorageImpl:Storage Directory /home/runner/work/ozone/ozone/hadoop-ozone/integration-test/target/test-dir/MiniOzoneClusterImpl-5e6b204f-6d0c-499e-8bc7-d272478adc61/datanode-4/data/ratis/87bba336-f7a7-438f-9a4d-e7907858a5d7
2022-11-10 17:28:05,468 [pool-164-thread-1] INFO  server.RaftServerConfigKeys (ConfUtils.java:logGet(46)) - raft.server.log.queue.byte-limit = 4294967296 (custom)
2022-11-10 17:28:05,469 [pool-164-thread-1] INFO  server.RaftServerConfigKeys (ConfUtils.java:logGet(46)) - raft.server.log.queue.element-limit = 1024 (custom)
2022-11-10 17:28:05,469 [pool-164-thread-1] INFO  server.RaftServerConfigKeys (ConfUtils.java:logGet(46)) - raft.server.log.segment.size.max = 1048576 (custom)
2022-11-10 17:28:05,469 [pool-164-thread-1] INFO  server.RaftServerConfigKeys (ConfUtils.java:logGet(46)) - raft.server.log.preallocated.size = 16384 (custom)
2022-11-10 17:28:05,470 [pool-164-thread-1] INFO  server.RaftServerConfigKeys (ConfUtils.java:logGet(46)) - raft.server.log.force.sync.num = 128 (default)
2022-11-10 17:28:05,470 [pool-164-thread-1] INFO  server.RaftServerConfigKeys (ConfUtils.java:logGet(46)) - raft.server.log.statemachine.data.sync = true (default)
2022-11-10 17:28:05,470 [pool-164-thread-1] INFO  server.RaftServerConfigKeys (ConfUtils.java:logGet(46)) - raft.server.log.statemachine.data.sync.timeout = 10s (default)
2022-11-10 17:28:05,470 [pool-164-thread-1] INFO  server.RaftServerConfigKeys (ConfUtils.java:logGet(46)) - raft.server.log.statemachine.data.sync.timeout.retry = -1 (default)
2022-11-10 17:28:05,471 [pool-164-thread-1] INFO  server.RaftServerConfigKeys (ConfUtils.java:logGet(46)) - raft.server.log.write.buffer.size = 1048576 (custom)
2022-11-10 17:28:05,471 [pool-164-thread-1] INFO  server.RaftServerConfigKeys (ConfUtils.java:logGet(46)) - raft.server.log.unsafe-flush.enabled = false (default)
2022-11-10 17:28:05,471 [pool-164-thread-1] INFO  server.RaftServerConfigKeys (ConfUtils.java:logGet(46)) - raft.server.log.async-flush.enabled = false (default)
2022-11-10 17:28:05,472 [pool-164-thread-1] INFO  server.RaftServerConfigKeys (ConfUtils.java:logGet(46)) - raft.server.log.statemachine.data.caching.enabled = true (custom)
2022-11-10 17:28:05,472 [pool-164-thread-1] INFO  segmented.SegmentedRaftLogWorker (SegmentedRaftLogWorker.java:lambda$new$0(136)) - 7493d598-9ec5-46a7-8aa9-dc1154913886@group-E7907858A5D7-SegmentedRaftLogWorker: flushIndex: setUnconditionally 0 -> -1
2022-11-10 17:28:05,472 [pool-164-thread-1] INFO  segmented.SegmentedRaftLogWorker (SegmentedRaftLogWorker.java:lambda$new$0(136)) - 7493d598-9ec5-46a7-8aa9-dc1154913886@group-E7907858A5D7-SegmentedRaftLogWorker: safeCacheEvictIndex: setUnconditionally 0 -> -1
2022-11-10 17:28:05,472 [pool-164-thread-1] INFO  server.RaftServer$Division (RaftServerImpl.java:start(334)) - 7493d598-9ec5-46a7-8aa9-dc1154913886@group-E7907858A5D7: start as a follower, conf=-1: peers:[7493d598-9ec5-46a7-8aa9-dc1154913886|rpc:10.1.1.193:33661|dataStream:|priority:1|startupRole:FOLLOWER, e820eb09-a4f5-42d5-9992-ed2f360ca321|rpc:10.1.1.193:36195|dataStream:|priority:0|startupRole:FOLLOWER, 0b1dc6e2-94f6-44f1-9e64-a7602261fe9e|rpc:10.1.1.193:35445|dataStream:|priority:0|startupRole:FOLLOWER]|listeners:[], old=null
2022-11-10 17:28:05,472 [pool-164-thread-1] INFO  server.RaftServer$Division (RaftServerImpl.java:setRole(321)) - 7493d598-9ec5-46a7-8aa9-dc1154913886@group-E7907858A5D7: changes role from      null to FOLLOWER at term 0 for startAsFollower
2022-11-10 17:28:05,472 [pool-164-thread-1] INFO  impl.RoleInfo (RoleInfo.java:updateAndGet(139)) - 7493d598-9ec5-46a7-8aa9-dc1154913886: start 7493d598-9ec5-46a7-8aa9-dc1154913886@group-E7907858A5D7-FollowerState
2022-11-10 17:28:05,473 [pool-164-thread-1] INFO  util.JmxRegister (JmxRegister.java:tryRegister(44)) - Successfully registered JMX Bean with object name Ratis:service=RaftServer,group=group-E7907858A5D7,id=7493d598-9ec5-46a7-8aa9-dc1154913886
2022-11-10 17:28:05,473 [7493d598-9ec5-46a7-8aa9-dc1154913886@group-E7907858A5D7-FollowerState] INFO  server.RaftServerConfigKeys (ConfUtils.java:logFallback(53)) - raft.server.rpc.first-election.timeout.min = 5s (fallback to raft.server.rpc.timeout.min)
2022-11-10 17:28:05,473 [pool-164-thread-1] INFO  server.RaftServerConfigKeys (ConfUtils.java:logGet(46)) - raft.server.snapshot.auto.trigger.enabled = true (custom)
2022-11-10 17:28:05,474 [7493d598-9ec5-46a7-8aa9-dc1154913886@group-E7907858A5D7-FollowerState] INFO  server.RaftServerConfigKeys (ConfUtils.java:logFallback(53)) - raft.server.rpc.first-election.timeout.max = 5200ms (fallback to raft.server.rpc.timeout.max)
2022-11-10 17:28:05,474 [pool-164-thread-1] INFO  server.RaftServerConfigKeys (ConfUtils.java:logGet(46)) - raft.server.snapshot.auto.trigger.threshold = 10000 (custom)
2022-11-10 17:28:05,474 [pool-164-thread-1] INFO  server.RaftServerConfigKeys (ConfUtils.java:logGet(46)) - raft.server.snapshot.retention.file.num = 5 (custom)
2022-11-10 17:28:05,474 [pool-164-thread-1] INFO  server.RaftServerConfigKeys (ConfUtils.java:logGet(46)) - raft.server.log.purge.upto.snapshot.index = false (default)
2022-11-10 17:28:05,480 [Command processor thread] INFO  commandhandler.CreatePipelineCommandHandler (CreatePipelineCommandHandler.java:handle(113)) - Created Pipeline RATIS THREE PipelineID=87bba336-f7a7-438f-9a4d-e7907858a5d7.
2022-11-10 17:28:05,548 [Command processor thread] INFO  server.RaftServer (RaftServerProxy.java:addNew(96)) - 7493d598-9ec5-46a7-8aa9-dc1154913886: addNew group-958071A471C8:[7493d598-9ec5-46a7-8aa9-dc1154913886|rpc:10.1.1.193:33661|priority:1|startupRole:FOLLOWER] returns group-958071A471C8:java.util.concurrent.CompletableFuture@24b0eac8[Not completed]
2022-11-10 17:28:05,549 [pool-164-thread-1] INFO  server.RaftServer$Division (RaftServerImpl.java:<init>(195)) - 7493d598-9ec5-46a7-8aa9-dc1154913886: new RaftServerImpl for group-958071A471C8:[7493d598-9ec5-46a7-8aa9-dc1154913886|rpc:10.1.1.193:33661|priority:1|startupRole:FOLLOWER] with ContainerStateMachine:uninitialized
2022-11-10 17:28:05,549 [pool-164-thread-1] INFO  server.RaftServerConfigKeys (ConfUtils.java:logGet(46)) - raft.server.rpc.timeout.min = 5s (custom)
2022-11-10 17:28:05,549 [pool-164-thread-1] INFO  server.RaftServerConfigKeys (ConfUtils.java:logGet(46)) - raft.server.rpc.timeout.max = 5200ms (custom)
2022-11-10 17:28:05,550 [pool-164-thread-1] INFO  server.RaftServerConfigKeys (ConfUtils.java:logGet(46)) - raft.server.rpc.sleep.time = 25ms (default)
2022-11-10 17:28:05,550 [pool-164-thread-1] INFO  server.RaftServerConfigKeys (ConfUtils.java:logGet(46)) - raft.server.rpc.slowness.timeout = 300s (custom)
2022-11-10 17:28:05,550 [pool-164-thread-1] INFO  server.RaftServerConfigKeys (ConfUtils.java:logGet(46)) - raft.server.leaderelection.leader.step-down.wait-time = 10s (default)
2022-11-10 17:28:05,550 [pool-164-thread-1] INFO  server.RaftServerConfigKeys (ConfUtils.java:logGet(46)) - raft.server.sleep.deviation.threshold = 300ms (default)
2022-11-10 17:28:05,550 [pool-164-thread-1] INFO  server.RaftServer$Division (ServerState.java:<init>(118)) - 7493d598-9ec5-46a7-8aa9-dc1154913886@group-958071A471C8: ConfigurationManager, init=-1: peers:[7493d598-9ec5-46a7-8aa9-dc1154913886|rpc:10.1.1.193:33661|priority:1|startupRole:FOLLOWER]|listeners:[], old=null, confs=<EMPTY_MAP>
2022-11-10 17:28:05,550 [pool-164-thread-1] INFO  server.RaftServerConfigKeys (ConfUtils.java:logGet(46)) - raft.server.storage.dir = [/home/runner/work/ozone/ozone/hadoop-ozone/integration-test/target/test-dir/MiniOzoneClusterImpl-5e6b204f-6d0c-499e-8bc7-d272478adc61/datanode-4/data/ratis] (custom)
2022-11-10 17:28:05,550 [pool-164-thread-1] INFO  server.RaftServerConfigKeys (ConfUtils.java:logGet(46)) - raft.server.log.corruption.policy = EXCEPTION (default)
2022-11-10 17:28:05,550 [pool-164-thread-1] INFO  server.RaftServerConfigKeys (ConfUtils.java:logGet(46)) - raft.server.storage.free-space.min = 0MB (=0) (default)
2022-11-10 17:28:05,550 [pool-164-thread-1] INFO  server.RaftServerConfigKeys (ConfUtils.java:logGet(46)) - raft.server.notification.no-leader.timeout = 300s (custom)
2022-11-10 17:28:05,550 [pool-164-thread-1] INFO  server.RaftServerConfigKeys (ConfUtils.java:logGet(46)) - raft.server.retrycache.expirytime = 600000ms (custom)
2022-11-10 17:28:05,550 [pool-164-thread-1] INFO  server.RaftServerConfigKeys (ConfUtils.java:logGet(46)) - raft.server.retrycache.statistics.expirytime = 100μs (default)
2022-11-10 17:28:05,551 [pool-164-thread-1] INFO  server.RaftServerConfigKeys (ConfUtils.java:logGet(46)) - raft.server.log.appender.install.snapshot.enabled = false (custom)
2022-11-10 17:28:05,552 [pool-164-thread-1] INFO  server.RaftServerConfigKeys (ConfUtils.java:logGet(46)) - raft.server.threadpool.server.cached = true (default)
2022-11-10 17:28:05,552 [pool-164-thread-1] INFO  server.RaftServerConfigKeys (ConfUtils.java:logGet(46)) - raft.server.threadpool.server.size = 0 (default)
2022-11-10 17:28:05,552 [pool-164-thread-1] INFO  server.RaftServerConfigKeys (ConfUtils.java:logGet(46)) - raft.server.threadpool.client.cached = true (default)
2022-11-10 17:28:05,552 [pool-164-thread-1] INFO  server.RaftServerConfigKeys (ConfUtils.java:logGet(46)) - raft.server.threadpool.client.size = 0 (default)
2022-11-10 17:28:05,552 [pool-164-thread-1] INFO  storage.RaftStorageDirectory (RaftStorageDirectoryImpl.java:analyzeStorage(137)) - The storage directory /home/runner/work/ozone/ozone/hadoop-ozone/integration-test/target/test-dir/MiniOzoneClusterImpl-5e6b204f-6d0c-499e-8bc7-d272478adc61/datanode-4/data/ratis/bcf7a4a3-47ec-4b31-bd56-958071a471c8 does not exist. Creating ...
2022-11-10 17:28:05,553 [pool-164-thread-1] INFO  storage.RaftStorageDirectory (RaftStorageDirectoryImpl.java:tryLock(231)) - Lock on /home/runner/work/ozone/ozone/hadoop-ozone/integration-test/target/test-dir/MiniOzoneClusterImpl-5e6b204f-6d0c-499e-8bc7-d272478adc61/datanode-4/data/ratis/bcf7a4a3-47ec-4b31-bd56-958071a471c8/in_use.lock acquired by nodename 64491@fv-az77-962
2022-11-10 17:28:05,554 [pool-164-thread-1] INFO  storage.RaftStorage (RaftStorageImpl.java:format(96)) - Storage directory /home/runner/work/ozone/ozone/hadoop-ozone/integration-test/target/test-dir/MiniOzoneClusterImpl-5e6b204f-6d0c-499e-8bc7-d272478adc61/datanode-4/data/ratis/bcf7a4a3-47ec-4b31-bd56-958071a471c8 has been successfully formatted.
2022-11-10 17:28:05,555 [pool-164-thread-1] INFO  ratis.ContainerStateMachine (ContainerStateMachine.java:loadSnapshot(236)) - group-958071A471C8: The snapshot info is null. Setting the last applied indexto:(t:0, i:~)
2022-11-10 17:28:05,555 [pool-164-thread-1] INFO  server.RaftServerConfigKeys (ConfUtils.java:logGet(46)) - raft.server.log.use.memory = false (default)
2022-11-10 17:28:05,555 [pool-164-thread-1] INFO  server.RaftServerConfigKeys (ConfUtils.java:logGet(46)) - raft.server.log.purge.gap = 1000000 (custom)
2022-11-10 17:28:05,555 [pool-164-thread-1] INFO  server.RaftServerConfigKeys (ConfUtils.java:logGet(46)) - raft.server.log.appender.buffer.byte-limit = 33554432 (custom)
2022-11-10 17:28:05,555 [pool-164-thread-1] INFO  server.RaftServerConfigKeys (ConfUtils.java:logGet(46)) - raft.server.log.statemachine.data.read.timeout = 1000ms (default)
2022-11-10 17:28:05,555 [pool-164-thread-1] INFO  server.RaftServerConfigKeys (ConfUtils.java:logGet(46)) - raft.server.log.purge.preservation.log.num = 0 (default)
2022-11-10 17:28:05,555 [pool-164-thread-1] INFO  server.RaftServerConfigKeys (ConfUtils.java:logGet(46)) - raft.server.log.segment.size.max = 1048576 (custom)
2022-11-10 17:28:05,556 [pool-164-thread-1] INFO  server.RaftServerConfigKeys (ConfUtils.java:logGet(46)) - raft.server.log.segment.cache.num.max = 2 (custom)
2022-11-10 17:28:05,556 [pool-164-thread-1] INFO  server.RaftServerConfigKeys (ConfUtils.java:logGet(46)) - raft.server.log.segment.cache.size.max = 200MB (=209715200) (default)
2022-11-10 17:28:05,556 [pool-164-thread-1] INFO  segmented.SegmentedRaftLogWorker (SegmentedRaftLogWorker.java:<init>(191)) - new 7493d598-9ec5-46a7-8aa9-dc1154913886@group-958071A471C8-SegmentedRaftLogWorker for RaftStorageImpl:Storage Directory /home/runner/work/ozone/ozone/hadoop-ozone/integration-test/target/test-dir/MiniOzoneClusterImpl-5e6b204f-6d0c-499e-8bc7-d272478adc61/datanode-4/data/ratis/bcf7a4a3-47ec-4b31-bd56-958071a471c8
2022-11-10 17:28:05,556 [pool-164-thread-1] INFO  server.RaftServerConfigKeys (ConfUtils.java:logGet(46)) - raft.server.log.queue.byte-limit = 4294967296 (custom)
2022-11-10 17:28:05,556 [pool-164-thread-1] INFO  server.RaftServerConfigKeys (ConfUtils.java:logGet(46)) - raft.server.log.queue.element-limit = 1024 (custom)
2022-11-10 17:28:05,556 [pool-164-thread-1] INFO  server.RaftServerConfigKeys (ConfUtils.java:logGet(46)) - raft.server.log.segment.size.max = 1048576 (custom)
2022-11-10 17:28:05,556 [pool-164-thread-1] INFO  server.RaftServerConfigKeys (ConfUtils.java:logGet(46)) - raft.server.log.preallocated.size = 16384 (custom)
2022-11-10 17:28:05,556 [pool-164-thread-1] INFO  server.RaftServerConfigKeys (ConfUtils.java:logGet(46)) - raft.server.log.force.sync.num = 128 (default)
2022-11-10 17:28:05,556 [pool-164-thread-1] INFO  server.RaftServerConfigKeys (ConfUtils.java:logGet(46)) - raft.server.log.statemachine.data.sync = true (default)
2022-11-10 17:28:05,556 [pool-164-thread-1] INFO  server.RaftServerConfigKeys (ConfUtils.java:logGet(46)) - raft.server.log.statemachine.data.sync.timeout = 10s (default)
2022-11-10 17:28:05,556 [pool-164-thread-1] INFO  server.RaftServerConfigKeys (ConfUtils.java:logGet(46)) - raft.server.log.statemachine.data.sync.timeout.retry = -1 (default)
2022-11-10 17:28:05,557 [EventQueue-PipelineReportForPipelineReportHandler] INFO  pipeline.PipelineManagerImpl (PipelineManagerImpl.java:openPipeline(367)) - Pipeline Pipeline[ Id: bcf7a4a3-47ec-4b31-bd56-958071a471c8, Nodes: 7493d598-9ec5-46a7-8aa9-dc1154913886{ip: 10.1.1.193, host: fv-az77-962.bprubkmdfdkerap53zvqdzdb0e.jx.internal.cloudapp.net, ports: [REPLICATION=37643, RATIS=33661, RATIS_ADMIN=33661, RATIS_SERVER=33661, STANDALONE=38653], networkLocation: /default-rack, certSerialId: null, persistedOpState: IN_SERVICE, persistedOpStateExpiryEpochSec: 0}, ReplicationConfig: RATIS/ONE, State:ALLOCATED, leaderId:7493d598-9ec5-46a7-8aa9-dc1154913886, CreationTimestamp2022-11-10T17:28:02.550Z[Etc/UTC]] moved to OPEN state
2022-11-10 17:28:05,557 [pool-164-thread-1] INFO  server.RaftServerConfigKeys (ConfUtils.java:logGet(46)) - raft.server.log.write.buffer.size = 1048576 (custom)
2022-11-10 17:28:05,557 [EventQueue-OpenPipelineForHealthyPipelineSafeModeRule] INFO  safemode.SCMSafeModeManager (HealthyPipelineSafeModeRule.java:process(137)) - SCM in safe mode. Healthy pipelines reported count is 0, required healthy pipeline reported count is 1
2022-11-10 17:28:05,561 [pool-164-thread-1] INFO  server.RaftServerConfigKeys (ConfUtils.java:logGet(46)) - raft.server.log.unsafe-flush.enabled = false (default)
2022-11-10 17:28:05,561 [pool-164-thread-1] INFO  server.RaftServerConfigKeys (ConfUtils.java:logGet(46)) - raft.server.log.async-flush.enabled = false (default)
2022-11-10 17:28:05,562 [pool-164-thread-1] INFO  server.RaftServerConfigKeys (ConfUtils.java:logGet(46)) - raft.server.log.statemachine.data.caching.enabled = true (custom)
2022-11-10 17:28:05,566 [pool-164-thread-1] INFO  segmented.SegmentedRaftLogWorker (SegmentedRaftLogWorker.java:lambda$new$0(136)) - 7493d598-9ec5-46a7-8aa9-dc1154913886@group-958071A471C8-SegmentedRaftLogWorker: flushIndex: setUnconditionally 0 -> -1
2022-11-10 17:28:05,566 [pool-164-thread-1] INFO  segmented.SegmentedRaftLogWorker (SegmentedRaftLogWorker.java:lambda$new$0(136)) - 7493d598-9ec5-46a7-8aa9-dc1154913886@group-958071A471C8-SegmentedRaftLogWorker: safeCacheEvictIndex: setUnconditionally 0 -> -1
2022-11-10 17:28:05,571 [pool-164-thread-1] INFO  server.RaftServer$Division (RaftServerImpl.java:start(334)) - 7493d598-9ec5-46a7-8aa9-dc1154913886@group-958071A471C8: start as a follower, conf=-1: peers:[7493d598-9ec5-46a7-8aa9-dc1154913886|rpc:10.1.1.193:33661|priority:1|startupRole:FOLLOWER]|listeners:[], old=null
2022-11-10 17:28:05,571 [pool-164-thread-1] INFO  server.RaftServer$Division (RaftServerImpl.java:setRole(321)) - 7493d598-9ec5-46a7-8aa9-dc1154913886@group-958071A471C8: changes role from      null to FOLLOWER at term 0 for startAsFollower
2022-11-10 17:28:05,571 [pool-164-thread-1] INFO  impl.RoleInfo (RoleInfo.java:updateAndGet(139)) - 7493d598-9ec5-46a7-8aa9-dc1154913886: start 7493d598-9ec5-46a7-8aa9-dc1154913886@group-958071A471C8-FollowerState
2022-11-10 17:28:05,571 [pool-164-thread-1] INFO  util.JmxRegister (JmxRegister.java:tryRegister(44)) - Successfully registered JMX Bean with object name Ratis:service=RaftServer,group=group-958071A471C8,id=7493d598-9ec5-46a7-8aa9-dc1154913886
2022-11-10 17:28:05,571 [7493d598-9ec5-46a7-8aa9-dc1154913886@group-958071A471C8-FollowerState] INFO  server.RaftServerConfigKeys (ConfUtils.java:logFallback(53)) - raft.server.rpc.first-election.timeout.min = 5s (fallback to raft.server.rpc.timeout.min)
2022-11-10 17:28:05,571 [7493d598-9ec5-46a7-8aa9-dc1154913886@group-958071A471C8-FollowerState] INFO  server.RaftServerConfigKeys (ConfUtils.java:logFallback(53)) - raft.server.rpc.first-election.timeout.max = 5200ms (fallback to raft.server.rpc.timeout.max)
2022-11-10 17:28:05,571 [pool-164-thread-1] INFO  server.RaftServerConfigKeys (ConfUtils.java:logGet(46)) - raft.server.snapshot.auto.trigger.enabled = true (custom)
2022-11-10 17:28:05,574 [pool-164-thread-1] INFO  server.RaftServerConfigKeys (ConfUtils.java:logGet(46)) - raft.server.snapshot.auto.trigger.threshold = 10000 (custom)
2022-11-10 17:28:05,574 [pool-164-thread-1] INFO  server.RaftServerConfigKeys (ConfUtils.java:logGet(46)) - raft.server.snapshot.retention.file.num = 5 (custom)
2022-11-10 17:28:05,574 [pool-164-thread-1] INFO  server.RaftServerConfigKeys (ConfUtils.java:logGet(46)) - raft.server.log.purge.upto.snapshot.index = false (default)
2022-11-10 17:28:05,575 [Command processor thread] INFO  ratis.XceiverServerRatis (XceiverServerRatis.java:addGroup(765)) - Created group PipelineID=bcf7a4a3-47ec-4b31-bd56-958071a471c8
2022-11-10 17:28:05,575 [Command processor thread] INFO  commandhandler.CreatePipelineCommandHandler (CreatePipelineCommandHandler.java:handle(113)) - Created Pipeline RATIS ONE PipelineID=bcf7a4a3-47ec-4b31-bd56-958071a471c8.
2022-11-10 17:28:05,928 [Command processor thread] INFO  server.RaftServer (RaftServerProxy.java:addNew(96)) - e820eb09-a4f5-42d5-9992-ed2f360ca321: addNew group-577A77E2AED6:[e820eb09-a4f5-42d5-9992-ed2f360ca321|rpc:10.1.1.193:36195|priority:1|startupRole:FOLLOWER] returns group-577A77E2AED6:java.util.concurrent.CompletableFuture@5dea613a[Not completed]
2022-11-10 17:28:05,930 [pool-187-thread-1] INFO  server.RaftServer$Division (RaftServerImpl.java:<init>(195)) - e820eb09-a4f5-42d5-9992-ed2f360ca321: new RaftServerImpl for group-577A77E2AED6:[e820eb09-a4f5-42d5-9992-ed2f360ca321|rpc:10.1.1.193:36195|priority:1|startupRole:FOLLOWER] with ContainerStateMachine:uninitialized
2022-11-10 17:28:05,930 [pool-187-thread-1] INFO  server.RaftServerConfigKeys (ConfUtils.java:logGet(46)) - raft.server.rpc.timeout.min = 5s (custom)
2022-11-10 17:28:05,930 [pool-187-thread-1] INFO  server.RaftServerConfigKeys (ConfUtils.java:logGet(46)) - raft.server.rpc.timeout.max = 5200ms (custom)
2022-11-10 17:28:05,930 [pool-187-thread-1] INFO  server.RaftServerConfigKeys (ConfUtils.java:logGet(46)) - raft.server.rpc.sleep.time = 25ms (default)
2022-11-10 17:28:05,930 [pool-187-thread-1] INFO  server.RaftServerConfigKeys (ConfUtils.java:logGet(46)) - raft.server.rpc.slowness.timeout = 300s (custom)
2022-11-10 17:28:05,930 [pool-187-thread-1] INFO  server.RaftServerConfigKeys (ConfUtils.java:logGet(46)) - raft.server.leaderelection.leader.step-down.wait-time = 10s (default)
2022-11-10 17:28:05,930 [pool-187-thread-1] INFO  server.RaftServerConfigKeys (ConfUtils.java:logGet(46)) - raft.server.sleep.deviation.threshold = 300ms (default)
2022-11-10 17:28:05,930 [pool-187-thread-1] INFO  server.RaftServer$Division (ServerState.java:<init>(118)) - e820eb09-a4f5-42d5-9992-ed2f360ca321@group-577A77E2AED6: ConfigurationManager, init=-1: peers:[e820eb09-a4f5-42d5-9992-ed2f360ca321|rpc:10.1.1.193:36195|priority:1|startupRole:FOLLOWER]|listeners:[], old=null, confs=<EMPTY_MAP>
2022-11-10 17:28:05,930 [pool-187-thread-1] INFO  server.RaftServerConfigKeys (ConfUtils.java:logGet(46)) - raft.server.storage.dir = [/home/runner/work/ozone/ozone/hadoop-ozone/integration-test/target/test-dir/MiniOzoneClusterImpl-5e6b204f-6d0c-499e-8bc7-d272478adc61/datanode-5/data/ratis] (custom)
2022-11-10 17:28:05,931 [pool-187-thread-1] INFO  server.RaftServerConfigKeys (ConfUtils.java:logGet(46)) - raft.server.log.corruption.policy = EXCEPTION (default)
2022-11-10 17:28:05,931 [pool-187-thread-1] INFO  server.RaftServerConfigKeys (ConfUtils.java:logGet(46)) - raft.server.storage.free-space.min = 0MB (=0) (default)
2022-11-10 17:28:05,931 [pool-187-thread-1] INFO  server.RaftServerConfigKeys (ConfUtils.java:logGet(46)) - raft.server.notification.no-leader.timeout = 300s (custom)
2022-11-10 17:28:05,931 [pool-187-thread-1] INFO  server.RaftServerConfigKeys (ConfUtils.java:logGet(46)) - raft.server.retrycache.expirytime = 600000ms (custom)
2022-11-10 17:28:05,931 [pool-187-thread-1] INFO  server.RaftServerConfigKeys (ConfUtils.java:logGet(46)) - raft.server.retrycache.statistics.expirytime = 100μs (default)
2022-11-10 17:28:05,935 [pool-187-thread-1] INFO  server.RaftServerConfigKeys (ConfUtils.java:logGet(46)) - raft.server.log.appender.install.snapshot.enabled = false (custom)
2022-11-10 17:28:05,935 [pool-187-thread-1] INFO  server.RaftServerConfigKeys (ConfUtils.java:logGet(46)) - raft.server.threadpool.server.cached = true (default)
2022-11-10 17:28:05,935 [pool-187-thread-1] INFO  server.RaftServerConfigKeys (ConfUtils.java:logGet(46)) - raft.server.threadpool.server.size = 0 (default)
2022-11-10 17:28:05,935 [pool-187-thread-1] INFO  server.RaftServerConfigKeys (ConfUtils.java:logGet(46)) - raft.server.threadpool.client.cached = true (default)
2022-11-10 17:28:05,935 [pool-187-thread-1] INFO  server.RaftServerConfigKeys (ConfUtils.java:logGet(46)) - raft.server.threadpool.client.size = 0 (default)
2022-11-10 17:28:05,935 [pool-187-thread-1] INFO  storage.RaftStorageDirectory (RaftStorageDirectoryImpl.java:analyzeStorage(137)) - The storage directory /home/runner/work/ozone/ozone/hadoop-ozone/integration-test/target/test-dir/MiniOzoneClusterImpl-5e6b204f-6d0c-499e-8bc7-d272478adc61/datanode-5/data/ratis/9ad3d931-7a4c-4a10-9aeb-577a77e2aed6 does not exist. Creating ...
2022-11-10 17:28:05,936 [pool-187-thread-1] INFO  storage.RaftStorageDirectory (RaftStorageDirectoryImpl.java:tryLock(231)) - Lock on /home/runner/work/ozone/ozone/hadoop-ozone/integration-test/target/test-dir/MiniOzoneClusterImpl-5e6b204f-6d0c-499e-8bc7-d272478adc61/datanode-5/data/ratis/9ad3d931-7a4c-4a10-9aeb-577a77e2aed6/in_use.lock acquired by nodename 64491@fv-az77-962
2022-11-10 17:28:05,938 [pool-187-thread-1] INFO  storage.RaftStorage (RaftStorageImpl.java:format(96)) - Storage directory /home/runner/work/ozone/ozone/hadoop-ozone/integration-test/target/test-dir/MiniOzoneClusterImpl-5e6b204f-6d0c-499e-8bc7-d272478adc61/datanode-5/data/ratis/9ad3d931-7a4c-4a10-9aeb-577a77e2aed6 has been successfully formatted.
2022-11-10 17:28:05,938 [pool-187-thread-1] INFO  ratis.ContainerStateMachine (ContainerStateMachine.java:loadSnapshot(236)) - group-577A77E2AED6: The snapshot info is null. Setting the last applied indexto:(t:0, i:~)
2022-11-10 17:28:05,938 [pool-187-thread-1] INFO  server.RaftServerConfigKeys (ConfUtils.java:logGet(46)) - raft.server.log.use.memory = false (default)
2022-11-10 17:28:05,939 [pool-187-thread-1] INFO  server.RaftServerConfigKeys (ConfUtils.java:logGet(46)) - raft.server.log.purge.gap = 1000000 (custom)
2022-11-10 17:28:05,939 [pool-187-thread-1] INFO  server.RaftServerConfigKeys (ConfUtils.java:logGet(46)) - raft.server.log.appender.buffer.byte-limit = 33554432 (custom)
2022-11-10 17:28:05,939 [pool-187-thread-1] INFO  server.RaftServerConfigKeys (ConfUtils.java:logGet(46)) - raft.server.log.statemachine.data.read.timeout = 1000ms (default)
2022-11-10 17:28:05,939 [pool-187-thread-1] INFO  server.RaftServerConfigKeys (ConfUtils.java:logGet(46)) - raft.server.log.purge.preservation.log.num = 0 (default)
2022-11-10 17:28:05,940 [EventQueue-PipelineReportForPipelineReportHandler] INFO  pipeline.PipelineManagerImpl (PipelineManagerImpl.java:openPipeline(367)) - Pipeline Pipeline[ Id: 9ad3d931-7a4c-4a10-9aeb-577a77e2aed6, Nodes: e820eb09-a4f5-42d5-9992-ed2f360ca321{ip: 10.1.1.193, host: fv-az77-962.bprubkmdfdkerap53zvqdzdb0e.jx.internal.cloudapp.net, ports: [REPLICATION=38395, RATIS=36195, RATIS_ADMIN=36195, RATIS_SERVER=36195, STANDALONE=44653], networkLocation: /default-rack, certSerialId: null, persistedOpState: IN_SERVICE, persistedOpStateExpiryEpochSec: 0}, ReplicationConfig: RATIS/ONE, State:ALLOCATED, leaderId:e820eb09-a4f5-42d5-9992-ed2f360ca321, CreationTimestamp2022-11-10T17:28:02.933Z[Etc/UTC]] moved to OPEN state
2022-11-10 17:28:05,940 [pool-187-thread-1] INFO  server.RaftServerConfigKeys (ConfUtils.java:logGet(46)) - raft.server.log.segment.size.max = 1048576 (custom)
2022-11-10 17:28:05,940 [EventQueue-OpenPipelineForHealthyPipelineSafeModeRule] INFO  safemode.SCMSafeModeManager (HealthyPipelineSafeModeRule.java:process(137)) - SCM in safe mode. Healthy pipelines reported count is 0, required healthy pipeline reported count is 1
2022-11-10 17:28:05,950 [pool-187-thread-1] INFO  server.RaftServerConfigKeys (ConfUtils.java:logGet(46)) - raft.server.log.segment.cache.num.max = 2 (custom)
2022-11-10 17:28:05,951 [pool-187-thread-1] INFO  server.RaftServerConfigKeys (ConfUtils.java:logGet(46)) - raft.server.log.segment.cache.size.max = 200MB (=209715200) (default)
2022-11-10 17:28:05,951 [pool-187-thread-1] INFO  segmented.SegmentedRaftLogWorker (SegmentedRaftLogWorker.java:<init>(191)) - new e820eb09-a4f5-42d5-9992-ed2f360ca321@group-577A77E2AED6-SegmentedRaftLogWorker for RaftStorageImpl:Storage Directory /home/runner/work/ozone/ozone/hadoop-ozone/integration-test/target/test-dir/MiniOzoneClusterImpl-5e6b204f-6d0c-499e-8bc7-d272478adc61/datanode-5/data/ratis/9ad3d931-7a4c-4a10-9aeb-577a77e2aed6
2022-11-10 17:28:05,951 [pool-187-thread-1] INFO  server.RaftServerConfigKeys (ConfUtils.java:logGet(46)) - raft.server.log.queue.byte-limit = 4294967296 (custom)
2022-11-10 17:28:05,951 [pool-187-thread-1] INFO  server.RaftServerConfigKeys (ConfUtils.java:logGet(46)) - raft.server.log.queue.element-limit = 1024 (custom)
2022-11-10 17:28:05,951 [pool-187-thread-1] INFO  server.RaftServerConfigKeys (ConfUtils.java:logGet(46)) - raft.server.log.segment.size.max = 1048576 (custom)
2022-11-10 17:28:05,951 [pool-187-thread-1] INFO  server.RaftServerConfigKeys (ConfUtils.java:logGet(46)) - raft.server.log.preallocated.size = 16384 (custom)
2022-11-10 17:28:05,951 [pool-187-thread-1] INFO  server.RaftServerConfigKeys (ConfUtils.java:logGet(46)) - raft.server.log.force.sync.num = 128 (default)
2022-11-10 17:28:05,951 [pool-187-thread-1] INFO  server.RaftServerConfigKeys (ConfUtils.java:logGet(46)) - raft.server.log.statemachine.data.sync = true (default)
2022-11-10 17:28:05,951 [pool-187-thread-1] INFO  server.RaftServerConfigKeys (ConfUtils.java:logGet(46)) - raft.server.log.statemachine.data.sync.timeout = 10s (default)
2022-11-10 17:28:05,951 [pool-187-thread-1] INFO  server.RaftServerConfigKeys (ConfUtils.java:logGet(46)) - raft.server.log.statemachine.data.sync.timeout.retry = -1 (default)
2022-11-10 17:28:05,952 [pool-187-thread-1] INFO  server.RaftServerConfigKeys (ConfUtils.java:logGet(46)) - raft.server.log.write.buffer.size = 1048576 (custom)
2022-11-10 17:28:05,953 [pool-187-thread-1] INFO  server.RaftServerConfigKeys (ConfUtils.java:logGet(46)) - raft.server.log.unsafe-flush.enabled = false (default)
2022-11-10 17:28:05,953 [pool-187-thread-1] INFO  server.RaftServerConfigKeys (ConfUtils.java:logGet(46)) - raft.server.log.async-flush.enabled = false (default)
2022-11-10 17:28:05,953 [pool-187-thread-1] INFO  server.RaftServerConfigKeys (ConfUtils.java:logGet(46)) - raft.server.log.statemachine.data.caching.enabled = true (custom)
2022-11-10 17:28:05,954 [pool-187-thread-1] INFO  segmented.SegmentedRaftLogWorker (SegmentedRaftLogWorker.java:lambda$new$0(136)) - e820eb09-a4f5-42d5-9992-ed2f360ca321@group-577A77E2AED6-SegmentedRaftLogWorker: flushIndex: setUnconditionally 0 -> -1
2022-11-10 17:28:05,954 [pool-187-thread-1] INFO  segmented.SegmentedRaftLogWorker (SegmentedRaftLogWorker.java:lambda$new$0(136)) - e820eb09-a4f5-42d5-9992-ed2f360ca321@group-577A77E2AED6-SegmentedRaftLogWorker: safeCacheEvictIndex: setUnconditionally 0 -> -1
2022-11-10 17:28:05,954 [pool-187-thread-1] INFO  server.RaftServer$Division (RaftServerImpl.java:start(334)) - e820eb09-a4f5-42d5-9992-ed2f360ca321@group-577A77E2AED6: start as a follower, conf=-1: peers:[e820eb09-a4f5-42d5-9992-ed2f360ca321|rpc:10.1.1.193:36195|priority:1|startupRole:FOLLOWER]|listeners:[], old=null
2022-11-10 17:28:05,954 [pool-187-thread-1] INFO  server.RaftServer$Division (RaftServerImpl.java:setRole(321)) - e820eb09-a4f5-42d5-9992-ed2f360ca321@group-577A77E2AED6: changes role from      null to FOLLOWER at term 0 for startAsFollower
2022-11-10 17:28:05,954 [pool-187-thread-1] INFO  impl.RoleInfo (RoleInfo.java:updateAndGet(139)) - e820eb09-a4f5-42d5-9992-ed2f360ca321: start e820eb09-a4f5-42d5-9992-ed2f360ca321@group-577A77E2AED6-FollowerState
2022-11-10 17:28:05,954 [e820eb09-a4f5-42d5-9992-ed2f360ca321@group-577A77E2AED6-FollowerState] INFO  server.RaftServerConfigKeys (ConfUtils.java:logFallback(53)) - raft.server.rpc.first-election.timeout.min = 5s (fallback to raft.server.rpc.timeout.min)
2022-11-10 17:28:05,954 [e820eb09-a4f5-42d5-9992-ed2f360ca321@group-577A77E2AED6-FollowerState] INFO  server.RaftServerConfigKeys (ConfUtils.java:logFallback(53)) - raft.server.rpc.first-election.timeout.max = 5200ms (fallback to raft.server.rpc.timeout.max)
2022-11-10 17:28:05,955 [pool-187-thread-1] INFO  util.JmxRegister (JmxRegister.java:tryRegister(44)) - Successfully registered JMX Bean with object name Ratis:service=RaftServer,group=group-577A77E2AED6,id=e820eb09-a4f5-42d5-9992-ed2f360ca321
2022-11-10 17:28:05,955 [pool-187-thread-1] INFO  server.RaftServerConfigKeys (ConfUtils.java:logGet(46)) - raft.server.snapshot.auto.trigger.enabled = true (custom)
2022-11-10 17:28:05,955 [pool-187-thread-1] INFO  server.RaftServerConfigKeys (ConfUtils.java:logGet(46)) - raft.server.snapshot.auto.trigger.threshold = 10000 (custom)
2022-11-10 17:28:05,955 [pool-187-thread-1] INFO  server.RaftServerConfigKeys (ConfUtils.java:logGet(46)) - raft.server.snapshot.retention.file.num = 5 (custom)
2022-11-10 17:28:05,955 [pool-187-thread-1] INFO  server.RaftServerConfigKeys (ConfUtils.java:logGet(46)) - raft.server.log.purge.upto.snapshot.index = false (default)
2022-11-10 17:28:05,955 [Command processor thread] INFO  ratis.XceiverServerRatis (XceiverServerRatis.java:addGroup(765)) - Created group PipelineID=9ad3d931-7a4c-4a10-9aeb-577a77e2aed6
2022-11-10 17:28:05,955 [Command processor thread] INFO  commandhandler.CreatePipelineCommandHandler (CreatePipelineCommandHandler.java:handle(113)) - Created Pipeline RATIS ONE PipelineID=9ad3d931-7a4c-4a10-9aeb-577a77e2aed6.
2022-11-10 17:28:06,314 [Listener at 127.0.0.1/38511] INFO  ozone.MiniOzoneClusterImpl (MiniOzoneClusterImpl.java:lambda$waitForClusterToBeReady$0(216)) - Nodes are ready. Got 7 of 7 DN Heartbeats.
2022-11-10 17:28:06,315 [Listener at 127.0.0.1/38511] INFO  ozone.MiniOzoneClusterImpl (MiniOzoneClusterImpl.java:lambda$waitForClusterToBeReady$0(219)) - Waiting for cluster to exit safe mode
2022-11-10 17:28:06,315 [Listener at 127.0.0.1/38511] INFO  ozone.MiniOzoneClusterImpl (MiniOzoneClusterImpl.java:lambda$waitForClusterToBeReady$0(221)) - SCM became leader
2022-11-10 17:28:06,333 [Command processor thread] INFO  server.RaftServer (RaftServerProxy.java:addNew(96)) - 4a648ec9-f79d-4616-8c85-6f5aeee5d597: addNew group-4D12300AE30F:[4a648ec9-f79d-4616-8c85-6f5aeee5d597|rpc:10.1.1.193:35623|priority:1|startupRole:FOLLOWER] returns group-4D12300AE30F:java.util.concurrent.CompletableFuture@478fa55f[Not completed]
2022-11-10 17:28:06,335 [pool-214-thread-1] INFO  server.RaftServer$Division (RaftServerImpl.java:<init>(195)) - 4a648ec9-f79d-4616-8c85-6f5aeee5d597: new RaftServerImpl for group-4D12300AE30F:[4a648ec9-f79d-4616-8c85-6f5aeee5d597|rpc:10.1.1.193:35623|priority:1|startupRole:FOLLOWER] with ContainerStateMachine:uninitialized
2022-11-10 17:28:06,335 [pool-214-thread-1] INFO  server.RaftServerConfigKeys (ConfUtils.java:logGet(46)) - raft.server.rpc.timeout.min = 5s (custom)
2022-11-10 17:28:06,335 [pool-214-thread-1] INFO  server.RaftServerConfigKeys (ConfUtils.java:logGet(46)) - raft.server.rpc.timeout.max = 5200ms (custom)
2022-11-10 17:28:06,335 [pool-214-thread-1] INFO  server.RaftServerConfigKeys (ConfUtils.java:logGet(46)) - raft.server.rpc.sleep.time = 25ms (default)
2022-11-10 17:28:06,336 [pool-214-thread-1] INFO  server.RaftServerConfigKeys (ConfUtils.java:logGet(46)) - raft.server.rpc.slowness.timeout = 300s (custom)
2022-11-10 17:28:06,336 [pool-214-thread-1] INFO  server.RaftServerConfigKeys (ConfUtils.java:logGet(46)) - raft.server.leaderelection.leader.step-down.wait-time = 10s (default)
2022-11-10 17:28:06,336 [pool-214-thread-1] INFO  server.RaftServerConfigKeys (ConfUtils.java:logGet(46)) - raft.server.sleep.deviation.threshold = 300ms (default)
2022-11-10 17:28:06,336 [pool-214-thread-1] INFO  server.RaftServer$Division (ServerState.java:<init>(118)) - 4a648ec9-f79d-4616-8c85-6f5aeee5d597@group-4D12300AE30F: ConfigurationManager, init=-1: peers:[4a648ec9-f79d-4616-8c85-6f5aeee5d597|rpc:10.1.1.193:35623|priority:1|startupRole:FOLLOWER]|listeners:[], old=null, confs=<EMPTY_MAP>
2022-11-10 17:28:06,336 [pool-214-thread-1] INFO  server.RaftServerConfigKeys (ConfUtils.java:logGet(46)) - raft.server.storage.dir = [/home/runner/work/ozone/ozone/hadoop-ozone/integration-test/target/test-dir/MiniOzoneClusterImpl-5e6b204f-6d0c-499e-8bc7-d272478adc61/datanode-6/data/ratis] (custom)
2022-11-10 17:28:06,336 [pool-214-thread-1] INFO  server.RaftServerConfigKeys (ConfUtils.java:logGet(46)) - raft.server.log.corruption.policy = EXCEPTION (default)
2022-11-10 17:28:06,336 [pool-214-thread-1] INFO  server.RaftServerConfigKeys (ConfUtils.java:logGet(46)) - raft.server.storage.free-space.min = 0MB (=0) (default)
2022-11-10 17:28:06,336 [pool-214-thread-1] INFO  server.RaftServerConfigKeys (ConfUtils.java:logGet(46)) - raft.server.notification.no-leader.timeout = 300s (custom)
2022-11-10 17:28:06,336 [pool-214-thread-1] INFO  server.RaftServerConfigKeys (ConfUtils.java:logGet(46)) - raft.server.retrycache.expirytime = 600000ms (custom)
2022-11-10 17:28:06,337 [pool-214-thread-1] INFO  server.RaftServerConfigKeys (ConfUtils.java:logGet(46)) - raft.server.retrycache.statistics.expirytime = 100μs (default)
2022-11-10 17:28:06,338 [pool-214-thread-1] INFO  server.RaftServerConfigKeys (ConfUtils.java:logGet(46)) - raft.server.log.appender.install.snapshot.enabled = false (custom)
2022-11-10 17:28:06,339 [pool-214-thread-1] INFO  server.RaftServerConfigKeys (ConfUtils.java:logGet(46)) - raft.server.threadpool.server.cached = true (default)
2022-11-10 17:28:06,339 [pool-214-thread-1] INFO  server.RaftServerConfigKeys (ConfUtils.java:logGet(46)) - raft.server.threadpool.server.size = 0 (default)
2022-11-10 17:28:06,339 [pool-214-thread-1] INFO  server.RaftServerConfigKeys (ConfUtils.java:logGet(46)) - raft.server.threadpool.client.cached = true (default)
2022-11-10 17:28:06,339 [pool-214-thread-1] INFO  server.RaftServerConfigKeys (ConfUtils.java:logGet(46)) - raft.server.threadpool.client.size = 0 (default)
2022-11-10 17:28:06,339 [pool-214-thread-1] INFO  storage.RaftStorageDirectory (RaftStorageDirectoryImpl.java:analyzeStorage(137)) - The storage directory /home/runner/work/ozone/ozone/hadoop-ozone/integration-test/target/test-dir/MiniOzoneClusterImpl-5e6b204f-6d0c-499e-8bc7-d272478adc61/datanode-6/data/ratis/66df51c5-7d00-47f6-934b-4d12300ae30f does not exist. Creating ...
2022-11-10 17:28:06,343 [pool-214-thread-1] INFO  storage.RaftStorageDirectory (RaftStorageDirectoryImpl.java:tryLock(231)) - Lock on /home/runner/work/ozone/ozone/hadoop-ozone/integration-test/target/test-dir/MiniOzoneClusterImpl-5e6b204f-6d0c-499e-8bc7-d272478adc61/datanode-6/data/ratis/66df51c5-7d00-47f6-934b-4d12300ae30f/in_use.lock acquired by nodename 64491@fv-az77-962
2022-11-10 17:28:06,344 [pool-214-thread-1] INFO  storage.RaftStorage (RaftStorageImpl.java:format(96)) - Storage directory /home/runner/work/ozone/ozone/hadoop-ozone/integration-test/target/test-dir/MiniOzoneClusterImpl-5e6b204f-6d0c-499e-8bc7-d272478adc61/datanode-6/data/ratis/66df51c5-7d00-47f6-934b-4d12300ae30f has been successfully formatted.
2022-11-10 17:28:06,346 [pool-214-thread-1] INFO  ratis.ContainerStateMachine (ContainerStateMachine.java:loadSnapshot(236)) - group-4D12300AE30F: The snapshot info is null. Setting the last applied indexto:(t:0, i:~)
2022-11-10 17:28:06,346 [pool-214-thread-1] INFO  server.RaftServerConfigKeys (ConfUtils.java:logGet(46)) - raft.server.log.use.memory = false (default)
2022-11-10 17:28:06,346 [pool-214-thread-1] INFO  server.RaftServerConfigKeys (ConfUtils.java:logGet(46)) - raft.server.log.purge.gap = 1000000 (custom)
2022-11-10 17:28:06,346 [pool-214-thread-1] INFO  server.RaftServerConfigKeys (ConfUtils.java:logGet(46)) - raft.server.log.appender.buffer.byte-limit = 33554432 (custom)
2022-11-10 17:28:06,347 [pool-214-thread-1] INFO  server.RaftServerConfigKeys (ConfUtils.java:logGet(46)) - raft.server.log.statemachine.data.read.timeout = 1000ms (default)
2022-11-10 17:28:06,347 [pool-214-thread-1] INFO  server.RaftServerConfigKeys (ConfUtils.java:logGet(46)) - raft.server.log.purge.preservation.log.num = 0 (default)
2022-11-10 17:28:06,348 [EventQueue-PipelineReportForPipelineReportHandler] INFO  pipeline.PipelineManagerImpl (PipelineManagerImpl.java:openPipeline(367)) - Pipeline Pipeline[ Id: 66df51c5-7d00-47f6-934b-4d12300ae30f, Nodes: 4a648ec9-f79d-4616-8c85-6f5aeee5d597{ip: 10.1.1.193, host: fv-az77-962.bprubkmdfdkerap53zvqdzdb0e.jx.internal.cloudapp.net, ports: [REPLICATION=43421, RATIS=35623, RATIS_ADMIN=35623, RATIS_SERVER=35623, STANDALONE=41181], networkLocation: /default-rack, certSerialId: null, persistedOpState: IN_SERVICE, persistedOpStateExpiryEpochSec: 0}, ReplicationConfig: RATIS/ONE, State:ALLOCATED, leaderId:4a648ec9-f79d-4616-8c85-6f5aeee5d597, CreationTimestamp2022-11-10T17:28:03.337Z[Etc/UTC]] moved to OPEN state
2022-11-10 17:28:06,348 [EventQueue-OpenPipelineForHealthyPipelineSafeModeRule] INFO  safemode.SCMSafeModeManager (HealthyPipelineSafeModeRule.java:process(137)) - SCM in safe mode. Healthy pipelines reported count is 0, required healthy pipeline reported count is 1
2022-11-10 17:28:06,348 [pool-214-thread-1] INFO  server.RaftServerConfigKeys (ConfUtils.java:logGet(46)) - raft.server.log.segment.size.max = 1048576 (custom)
2022-11-10 17:28:06,350 [pool-214-thread-1] INFO  server.RaftServerConfigKeys (ConfUtils.java:logGet(46)) - raft.server.log.segment.cache.num.max = 2 (custom)
2022-11-10 17:28:06,350 [pool-214-thread-1] INFO  server.RaftServerConfigKeys (ConfUtils.java:logGet(46)) - raft.server.log.segment.cache.size.max = 200MB (=209715200) (default)
2022-11-10 17:28:06,350 [pool-214-thread-1] INFO  segmented.SegmentedRaftLogWorker (SegmentedRaftLogWorker.java:<init>(191)) - new 4a648ec9-f79d-4616-8c85-6f5aeee5d597@group-4D12300AE30F-SegmentedRaftLogWorker for RaftStorageImpl:Storage Directory /home/runner/work/ozone/ozone/hadoop-ozone/integration-test/target/test-dir/MiniOzoneClusterImpl-5e6b204f-6d0c-499e-8bc7-d272478adc61/datanode-6/data/ratis/66df51c5-7d00-47f6-934b-4d12300ae30f
2022-11-10 17:28:06,350 [pool-214-thread-1] INFO  server.RaftServerConfigKeys (ConfUtils.java:logGet(46)) - raft.server.log.queue.byte-limit = 4294967296 (custom)
2022-11-10 17:28:06,350 [pool-214-thread-1] INFO  server.RaftServerConfigKeys (ConfUtils.java:logGet(46)) - raft.server.log.queue.element-limit = 1024 (custom)
2022-11-10 17:28:06,350 [pool-214-thread-1] INFO  server.RaftServerConfigKeys (ConfUtils.java:logGet(46)) - raft.server.log.segment.size.max = 1048576 (custom)
2022-11-10 17:28:06,350 [pool-214-thread-1] INFO  server.RaftServerConfigKeys (ConfUtils.java:logGet(46)) - raft.server.log.preallocated.size = 16384 (custom)
2022-11-10 17:28:06,350 [pool-214-thread-1] INFO  server.RaftServerConfigKeys (ConfUtils.java:logGet(46)) - raft.server.log.force.sync.num = 128 (default)
2022-11-10 17:28:06,350 [pool-214-thread-1] INFO  server.RaftServerConfigKeys (ConfUtils.java:logGet(46)) - raft.server.log.statemachine.data.sync = true (default)
2022-11-10 17:28:06,350 [pool-214-thread-1] INFO  server.RaftServerConfigKeys (ConfUtils.java:logGet(46)) - raft.server.log.statemachine.data.sync.timeout = 10s (default)
2022-11-10 17:28:06,350 [pool-214-thread-1] INFO  server.RaftServerConfigKeys (ConfUtils.java:logGet(46)) - raft.server.log.statemachine.data.sync.timeout.retry = -1 (default)
2022-11-10 17:28:06,352 [pool-214-thread-1] INFO  server.RaftServerConfigKeys (ConfUtils.java:logGet(46)) - raft.server.log.write.buffer.size = 1048576 (custom)
2022-11-10 17:28:06,354 [pool-214-thread-1] INFO  server.RaftServerConfigKeys (ConfUtils.java:logGet(46)) - raft.server.log.unsafe-flush.enabled = false (default)
2022-11-10 17:28:06,354 [pool-214-thread-1] INFO  server.RaftServerConfigKeys (ConfUtils.java:logGet(46)) - raft.server.log.async-flush.enabled = false (default)
2022-11-10 17:28:06,354 [pool-214-thread-1] INFO  server.RaftServerConfigKeys (ConfUtils.java:logGet(46)) - raft.server.log.statemachine.data.caching.enabled = true (custom)
2022-11-10 17:28:06,354 [pool-214-thread-1] INFO  segmented.SegmentedRaftLogWorker (SegmentedRaftLogWorker.java:lambda$new$0(136)) - 4a648ec9-f79d-4616-8c85-6f5aeee5d597@group-4D12300AE30F-SegmentedRaftLogWorker: flushIndex: setUnconditionally 0 -> -1
2022-11-10 17:28:06,354 [pool-214-thread-1] INFO  segmented.SegmentedRaftLogWorker (SegmentedRaftLogWorker.java:lambda$new$0(136)) - 4a648ec9-f79d-4616-8c85-6f5aeee5d597@group-4D12300AE30F-SegmentedRaftLogWorker: safeCacheEvictIndex: setUnconditionally 0 -> -1
2022-11-10 17:28:06,360 [pool-214-thread-1] INFO  server.RaftServer$Division (RaftServerImpl.java:start(334)) - 4a648ec9-f79d-4616-8c85-6f5aeee5d597@group-4D12300AE30F: start as a follower, conf=-1: peers:[4a648ec9-f79d-4616-8c85-6f5aeee5d597|rpc:10.1.1.193:35623|priority:1|startupRole:FOLLOWER]|listeners:[], old=null
2022-11-10 17:28:06,360 [pool-214-thread-1] INFO  server.RaftServer$Division (RaftServerImpl.java:setRole(321)) - 4a648ec9-f79d-4616-8c85-6f5aeee5d597@group-4D12300AE30F: changes role from      null to FOLLOWER at term 0 for startAsFollower
2022-11-10 17:28:06,360 [pool-214-thread-1] INFO  impl.RoleInfo (RoleInfo.java:updateAndGet(139)) - 4a648ec9-f79d-4616-8c85-6f5aeee5d597: start 4a648ec9-f79d-4616-8c85-6f5aeee5d597@group-4D12300AE30F-FollowerState
2022-11-10 17:28:06,368 [pool-214-thread-1] INFO  util.JmxRegister (JmxRegister.java:tryRegister(44)) - Successfully registered JMX Bean with object name Ratis:service=RaftServer,group=group-4D12300AE30F,id=4a648ec9-f79d-4616-8c85-6f5aeee5d597
2022-11-10 17:28:06,368 [pool-214-thread-1] INFO  server.RaftServerConfigKeys (ConfUtils.java:logGet(46)) - raft.server.snapshot.auto.trigger.enabled = true (custom)
2022-11-10 17:28:06,368 [pool-214-thread-1] INFO  server.RaftServerConfigKeys (ConfUtils.java:logGet(46)) - raft.server.snapshot.auto.trigger.threshold = 10000 (custom)
2022-11-10 17:28:06,368 [pool-214-thread-1] INFO  server.RaftServerConfigKeys (ConfUtils.java:logGet(46)) - raft.server.snapshot.retention.file.num = 5 (custom)
2022-11-10 17:28:06,369 [pool-214-thread-1] INFO  server.RaftServerConfigKeys (ConfUtils.java:logGet(46)) - raft.server.log.purge.upto.snapshot.index = false (default)
2022-11-10 17:28:06,371 [Command processor thread] INFO  ratis.XceiverServerRatis (XceiverServerRatis.java:addGroup(765)) - Created group PipelineID=66df51c5-7d00-47f6-934b-4d12300ae30f
2022-11-10 17:28:06,371 [Command processor thread] INFO  commandhandler.CreatePipelineCommandHandler (CreatePipelineCommandHandler.java:handle(113)) - Created Pipeline RATIS ONE PipelineID=66df51c5-7d00-47f6-934b-4d12300ae30f.
2022-11-10 17:28:06,371 [4a648ec9-f79d-4616-8c85-6f5aeee5d597@group-4D12300AE30F-FollowerState] INFO  server.RaftServerConfigKeys (ConfUtils.java:logFallback(53)) - raft.server.rpc.first-election.timeout.min = 5s (fallback to raft.server.rpc.timeout.min)
2022-11-10 17:28:06,371 [4a648ec9-f79d-4616-8c85-6f5aeee5d597@group-4D12300AE30F-FollowerState] INFO  server.RaftServerConfigKeys (ConfUtils.java:logFallback(53)) - raft.server.rpc.first-election.timeout.max = 5200ms (fallback to raft.server.rpc.timeout.max)
2022-11-10 17:28:07,315 [Listener at 127.0.0.1/38511] INFO  ozone.MiniOzoneClusterImpl (MiniOzoneClusterImpl.java:lambda$waitForClusterToBeReady$0(216)) - Nodes are ready. Got 7 of 7 DN Heartbeats.
2022-11-10 17:28:07,315 [Listener at 127.0.0.1/38511] INFO  ozone.MiniOzoneClusterImpl (MiniOzoneClusterImpl.java:lambda$waitForClusterToBeReady$0(219)) - Waiting for cluster to exit safe mode
2022-11-10 17:28:07,315 [Listener at 127.0.0.1/38511] INFO  ozone.MiniOzoneClusterImpl (MiniOzoneClusterImpl.java:lambda$waitForClusterToBeReady$0(221)) - SCM became leader
2022-11-10 17:28:08,316 [Listener at 127.0.0.1/38511] INFO  ozone.MiniOzoneClusterImpl (MiniOzoneClusterImpl.java:lambda$waitForClusterToBeReady$0(216)) - Nodes are ready. Got 7 of 7 DN Heartbeats.
2022-11-10 17:28:08,316 [Listener at 127.0.0.1/38511] INFO  ozone.MiniOzoneClusterImpl (MiniOzoneClusterImpl.java:lambda$waitForClusterToBeReady$0(219)) - Waiting for cluster to exit safe mode
2022-11-10 17:28:08,316 [Listener at 127.0.0.1/38511] INFO  ozone.MiniOzoneClusterImpl (MiniOzoneClusterImpl.java:lambda$waitForClusterToBeReady$0(221)) - SCM became leader
2022-11-10 17:28:08,900 [f55ec62f-fc83-4b90-9ad3-211b23c840f1@group-663C80B8D1BE-FollowerState] INFO  impl.FollowerState (FollowerState.java:run(143)) - f55ec62f-fc83-4b90-9ad3-211b23c840f1@group-663C80B8D1BE-FollowerState: change to CANDIDATE, lastRpcElapsedTime:5022874588ns, electionTimeout:5013ms
2022-11-10 17:28:08,901 [f55ec62f-fc83-4b90-9ad3-211b23c840f1@group-663C80B8D1BE-FollowerState] INFO  impl.RoleInfo (RoleInfo.java:shutdownFollowerState(110)) - f55ec62f-fc83-4b90-9ad3-211b23c840f1: shutdown f55ec62f-fc83-4b90-9ad3-211b23c840f1@group-663C80B8D1BE-FollowerState
2022-11-10 17:28:08,901 [f55ec62f-fc83-4b90-9ad3-211b23c840f1@group-663C80B8D1BE-FollowerState] INFO  server.RaftServer$Division (RaftServerImpl.java:setRole(321)) - f55ec62f-fc83-4b90-9ad3-211b23c840f1@group-663C80B8D1BE: changes role from  FOLLOWER to CANDIDATE at term 0 for changeToCandidate
2022-11-10 17:28:08,902 [f55ec62f-fc83-4b90-9ad3-211b23c840f1@group-663C80B8D1BE-FollowerState] INFO  server.RaftServerConfigKeys (ConfUtils.java:logGet(46)) - raft.server.leaderelection.pre-vote = false (custom)
2022-11-10 17:28:08,902 [f55ec62f-fc83-4b90-9ad3-211b23c840f1@group-663C80B8D1BE-FollowerState] INFO  impl.RoleInfo (RoleInfo.java:updateAndGet(139)) - f55ec62f-fc83-4b90-9ad3-211b23c840f1: start f55ec62f-fc83-4b90-9ad3-211b23c840f1@group-663C80B8D1BE-LeaderElection2
2022-11-10 17:28:08,914 [f55ec62f-fc83-4b90-9ad3-211b23c840f1@group-663C80B8D1BE-LeaderElection2] INFO  impl.LeaderElection (LeaderElection.java:askForVotes(312)) - f55ec62f-fc83-4b90-9ad3-211b23c840f1@group-663C80B8D1BE-LeaderElection2 ELECTION round 0: submit vote requests at term 1 for -1: peers:[f55ec62f-fc83-4b90-9ad3-211b23c840f1|rpc:10.1.1.193:36009|priority:1|startupRole:FOLLOWER]|listeners:[], old=null
2022-11-10 17:28:08,914 [f55ec62f-fc83-4b90-9ad3-211b23c840f1@group-663C80B8D1BE-LeaderElection2] INFO  impl.LeaderElection (LeaderElection.java:askForVotes(314)) - f55ec62f-fc83-4b90-9ad3-211b23c840f1@group-663C80B8D1BE-LeaderElection2 ELECTION round 0: result PASSED (term=1)
2022-11-10 17:28:08,914 [f55ec62f-fc83-4b90-9ad3-211b23c840f1@group-663C80B8D1BE-LeaderElection2] INFO  impl.RoleInfo (RoleInfo.java:shutdownLeaderElection(130)) - f55ec62f-fc83-4b90-9ad3-211b23c840f1: shutdown f55ec62f-fc83-4b90-9ad3-211b23c840f1@group-663C80B8D1BE-LeaderElection2
2022-11-10 17:28:08,914 [f55ec62f-fc83-4b90-9ad3-211b23c840f1@group-663C80B8D1BE-LeaderElection2] INFO  server.RaftServer$Division (RaftServerImpl.java:setRole(321)) - f55ec62f-fc83-4b90-9ad3-211b23c840f1@group-663C80B8D1BE: changes role from CANDIDATE to LEADER at term 1 for changeToLeader
2022-11-10 17:28:08,914 [f55ec62f-fc83-4b90-9ad3-211b23c840f1@group-663C80B8D1BE-LeaderElection2] INFO  ratis.XceiverServerRatis (XceiverServerRatis.java:handleLeaderChangedNotification(863)) - Leader change notification received for group: group-663C80B8D1BE with new leaderId: f55ec62f-fc83-4b90-9ad3-211b23c840f1
2022-11-10 17:28:08,915 [f55ec62f-fc83-4b90-9ad3-211b23c840f1@group-663C80B8D1BE-LeaderElection2] INFO  server.RaftServer$Division (ServerState.java:setLeader(313)) - f55ec62f-fc83-4b90-9ad3-211b23c840f1@group-663C80B8D1BE: change Leader from null to f55ec62f-fc83-4b90-9ad3-211b23c840f1 at term 1 for becomeLeader, leader elected after 5065ms
2022-11-10 17:28:08,916 [EventQueue-OpenPipelineForHealthyPipelineSafeModeRule] INFO  safemode.SCMSafeModeManager (HealthyPipelineSafeModeRule.java:process(137)) - SCM in safe mode. Healthy pipelines reported count is 0, required healthy pipeline reported count is 1
2022-11-10 17:28:08,917 [f55ec62f-fc83-4b90-9ad3-211b23c840f1@group-663C80B8D1BE-LeaderElection2] INFO  server.RaftServerConfigKeys (ConfUtils.java:logGet(46)) - raft.server.staging.catchup.gap = 1000 (default)
2022-11-10 17:28:08,917 [f55ec62f-fc83-4b90-9ad3-211b23c840f1@group-663C80B8D1BE-LeaderElection2] INFO  server.RaftServerConfigKeys (ConfUtils.java:logGet(46)) - raft.server.write.element-limit = 1024 (custom)
2022-11-10 17:28:08,917 [f55ec62f-fc83-4b90-9ad3-211b23c840f1@group-663C80B8D1BE-LeaderElection2] INFO  server.RaftServerConfigKeys (ConfUtils.java:logGet(46)) - raft.server.write.byte-limit = 1024 M (=1073741824) (custom)
2022-11-10 17:28:08,917 [f55ec62f-fc83-4b90-9ad3-211b23c840f1@group-663C80B8D1BE-LeaderElection2] INFO  server.RaftServerConfigKeys (ConfUtils.java:logGet(46)) - raft.server.watch.timeout = 180s (custom)
2022-11-10 17:28:08,917 [f55ec62f-fc83-4b90-9ad3-211b23c840f1@group-663C80B8D1BE-LeaderElection2] INFO  server.RaftServerConfigKeys (ConfUtils.java:logGet(46)) - raft.server.watch.timeout.denomination = 1s (default)
2022-11-10 17:28:08,918 [f55ec62f-fc83-4b90-9ad3-211b23c840f1@group-663C80B8D1BE-LeaderElection2] INFO  server.RaftServerConfigKeys (ConfUtils.java:logGet(46)) - raft.server.watch.element-limit = 65536 (default)
2022-11-10 17:28:08,918 [f55ec62f-fc83-4b90-9ad3-211b23c840f1@group-663C80B8D1BE-LeaderElection2] INFO  server.RaftServerConfigKeys (ConfUtils.java:logGet(46)) - raft.server.write.element-limit = 1024 (custom)
2022-11-10 17:28:08,918 [f55ec62f-fc83-4b90-9ad3-211b23c840f1@group-663C80B8D1BE-LeaderElection2] INFO  server.RaftServerConfigKeys (ConfUtils.java:logGet(46)) - raft.server.write.follower.gap.ratio.max = -1.0 (default)
2022-11-10 17:28:08,918 [f55ec62f-fc83-4b90-9ad3-211b23c840f1@group-663C80B8D1BE-LeaderElection2] INFO  impl.RoleInfo (RoleInfo.java:updateAndGet(139)) - f55ec62f-fc83-4b90-9ad3-211b23c840f1: start f55ec62f-fc83-4b90-9ad3-211b23c840f1@group-663C80B8D1BE-LeaderStateImpl
2022-11-10 17:28:08,918 [f55ec62f-fc83-4b90-9ad3-211b23c840f1@group-663C80B8D1BE-LeaderElection2] INFO  segmented.SegmentedRaftLogWorker (SegmentedRaftLogWorker.java:startLogSegment(452)) - f55ec62f-fc83-4b90-9ad3-211b23c840f1@group-663C80B8D1BE-SegmentedRaftLogWorker: Starting segment from index:0
2022-11-10 17:28:08,920 [f55ec62f-fc83-4b90-9ad3-211b23c840f1@group-663C80B8D1BE-LeaderElection2] INFO  server.RaftServer$Division (ServerState.java:setRaftConf(430)) - f55ec62f-fc83-4b90-9ad3-211b23c840f1@group-663C80B8D1BE: set configuration 0: peers:[f55ec62f-fc83-4b90-9ad3-211b23c840f1|rpc:10.1.1.193:36009|dataStream:|priority:1|startupRole:FOLLOWER]|listeners:[], old=null
2022-11-10 17:28:08,921 [f55ec62f-fc83-4b90-9ad3-211b23c840f1@group-663C80B8D1BE-SegmentedRaftLogWorker] INFO  segmented.SegmentedRaftLogWorker (SegmentedRaftLogWorker.java:execute(656)) - f55ec62f-fc83-4b90-9ad3-211b23c840f1@group-663C80B8D1BE-SegmentedRaftLogWorker: created new log segment /home/runner/work/ozone/ozone/hadoop-ozone/integration-test/target/test-dir/MiniOzoneClusterImpl-5e6b204f-6d0c-499e-8bc7-d272478adc61/datanode-0/data/ratis/b28ff19f-874c-466d-b9e5-663c80b8d1be/current/log_inprogress_0
2022-11-10 17:28:09,084 [f55ec62f-fc83-4b90-9ad3-211b23c840f1@group-4A4FD64F1A85-FollowerState] INFO  impl.FollowerState (FollowerState.java:run(143)) - f55ec62f-fc83-4b90-9ad3-211b23c840f1@group-4A4FD64F1A85-FollowerState: change to CANDIDATE, lastRpcElapsedTime:5103176872ns, electionTimeout:5084ms
2022-11-10 17:28:09,086 [f55ec62f-fc83-4b90-9ad3-211b23c840f1@group-4A4FD64F1A85-FollowerState] INFO  impl.RoleInfo (RoleInfo.java:shutdownFollowerState(110)) - f55ec62f-fc83-4b90-9ad3-211b23c840f1: shutdown f55ec62f-fc83-4b90-9ad3-211b23c840f1@group-4A4FD64F1A85-FollowerState
2022-11-10 17:28:09,086 [f55ec62f-fc83-4b90-9ad3-211b23c840f1@group-4A4FD64F1A85-FollowerState] INFO  server.RaftServer$Division (RaftServerImpl.java:setRole(321)) - f55ec62f-fc83-4b90-9ad3-211b23c840f1@group-4A4FD64F1A85: changes role from  FOLLOWER to CANDIDATE at term 0 for changeToCandidate
2022-11-10 17:28:09,087 [f55ec62f-fc83-4b90-9ad3-211b23c840f1@group-4A4FD64F1A85-FollowerState] INFO  server.RaftServerConfigKeys (ConfUtils.java:logGet(46)) - raft.server.leaderelection.pre-vote = false (custom)
2022-11-10 17:28:09,087 [f55ec62f-fc83-4b90-9ad3-211b23c840f1@group-4A4FD64F1A85-FollowerState] INFO  impl.RoleInfo (RoleInfo.java:updateAndGet(139)) - f55ec62f-fc83-4b90-9ad3-211b23c840f1: start f55ec62f-fc83-4b90-9ad3-211b23c840f1@group-4A4FD64F1A85-LeaderElection3
2022-11-10 17:28:09,091 [f55ec62f-fc83-4b90-9ad3-211b23c840f1@group-4A4FD64F1A85-LeaderElection3] INFO  impl.LeaderElection (LeaderElection.java:askForVotes(312)) - f55ec62f-fc83-4b90-9ad3-211b23c840f1@group-4A4FD64F1A85-LeaderElection3 ELECTION round 0: submit vote requests at term 1 for -1: peers:[68e70bec-2654-4ecf-aba3-1fd50f487e32|rpc:10.1.1.193:35621|priority:0|startupRole:FOLLOWER, f55ec62f-fc83-4b90-9ad3-211b23c840f1|rpc:10.1.1.193:36009|priority:1|startupRole:FOLLOWER, 325472d8-9d81-4b17-841b-efb836b1d11d|rpc:10.1.1.193:39899|priority:0|startupRole:FOLLOWER]|listeners:[], old=null
2022-11-10 17:28:09,097 [f55ec62f-fc83-4b90-9ad3-211b23c840f1@group-4A4FD64F1A85-LeaderElection3] INFO  server.RaftServerConfigKeys (ConfUtils.java:logFallback(53)) - raft.server.rpc.first-election.timeout.min = 5s (fallback to raft.server.rpc.timeout.min)
2022-11-10 17:28:09,097 [f55ec62f-fc83-4b90-9ad3-211b23c840f1@group-4A4FD64F1A85-LeaderElection3] INFO  server.RaftServerConfigKeys (ConfUtils.java:logFallback(53)) - raft.server.rpc.first-election.timeout.max = 5200ms (fallback to raft.server.rpc.timeout.max)
2022-11-10 17:28:09,097 [f55ec62f-fc83-4b90-9ad3-211b23c840f1@group-4A4FD64F1A85-LeaderElection3-1] INFO  server.GrpcServerProtocolClient (GrpcServerProtocolClient.java:<init>(63)) - Build channel for 68e70bec-2654-4ecf-aba3-1fd50f487e32
2022-11-10 17:28:09,108 [f55ec62f-fc83-4b90-9ad3-211b23c840f1@group-4A4FD64F1A85-LeaderElection3-2] INFO  server.GrpcServerProtocolClient (GrpcServerProtocolClient.java:<init>(63)) - Build channel for 325472d8-9d81-4b17-841b-efb836b1d11d
2022-11-10 17:28:09,125 [grpc-default-executor-0] INFO  server.RaftServer$Division (RaftServerImpl.java:requestVote(1218)) - 325472d8-9d81-4b17-841b-efb836b1d11d@group-4A4FD64F1A85: receive requestVote(ELECTION, f55ec62f-fc83-4b90-9ad3-211b23c840f1, group-4A4FD64F1A85, 1, (t:0, i:0))
2022-11-10 17:28:09,127 [grpc-default-executor-0] INFO  impl.VoteContext (VoteContext.java:log(48)) - 325472d8-9d81-4b17-841b-efb836b1d11d@group-4A4FD64F1A85-FOLLOWER: accept ELECTION from f55ec62f-fc83-4b90-9ad3-211b23c840f1: our priority 0 <= candidate's priority 1
2022-11-10 17:28:09,128 [grpc-default-executor-0] INFO  server.RaftServer$Division (RaftServerImpl.java:setRole(321)) - 325472d8-9d81-4b17-841b-efb836b1d11d@group-4A4FD64F1A85: changes role from  FOLLOWER to FOLLOWER at term 1 for candidate:f55ec62f-fc83-4b90-9ad3-211b23c840f1
2022-11-10 17:28:09,128 [grpc-default-executor-0] INFO  impl.RoleInfo (RoleInfo.java:shutdownFollowerState(110)) - 325472d8-9d81-4b17-841b-efb836b1d11d: shutdown 325472d8-9d81-4b17-841b-efb836b1d11d@group-4A4FD64F1A85-FollowerState
2022-11-10 17:28:09,128 [325472d8-9d81-4b17-841b-efb836b1d11d@group-4A4FD64F1A85-FollowerState] INFO  impl.FollowerState (FollowerState.java:run(152)) - 325472d8-9d81-4b17-841b-efb836b1d11d@group-4A4FD64F1A85-FollowerState was interrupted
2022-11-10 17:28:09,129 [grpc-default-executor-0] INFO  impl.RoleInfo (RoleInfo.java:updateAndGet(139)) - 325472d8-9d81-4b17-841b-efb836b1d11d: start 325472d8-9d81-4b17-841b-efb836b1d11d@group-4A4FD64F1A85-FollowerState
2022-11-10 17:28:09,130 [325472d8-9d81-4b17-841b-efb836b1d11d@group-4A4FD64F1A85-FollowerState] INFO  server.RaftServerConfigKeys (ConfUtils.java:logFallback(53)) - raft.server.rpc.first-election.timeout.min = 5s (fallback to raft.server.rpc.timeout.min)
2022-11-10 17:28:09,130 [325472d8-9d81-4b17-841b-efb836b1d11d@group-4A4FD64F1A85-FollowerState] INFO  server.RaftServerConfigKeys (ConfUtils.java:logFallback(53)) - raft.server.rpc.first-election.timeout.max = 5200ms (fallback to raft.server.rpc.timeout.max)
2022-11-10 17:28:09,136 [grpc-default-executor-1] INFO  server.RaftServer$Division (RaftServerImpl.java:requestVote(1218)) - 68e70bec-2654-4ecf-aba3-1fd50f487e32@group-4A4FD64F1A85: receive requestVote(ELECTION, f55ec62f-fc83-4b90-9ad3-211b23c840f1, group-4A4FD64F1A85, 1, (t:0, i:0))
2022-11-10 17:28:09,136 [grpc-default-executor-1] INFO  impl.VoteContext (VoteContext.java:log(48)) - 68e70bec-2654-4ecf-aba3-1fd50f487e32@group-4A4FD64F1A85-FOLLOWER: accept ELECTION from f55ec62f-fc83-4b90-9ad3-211b23c840f1: our priority 0 <= candidate's priority 1
2022-11-10 17:28:09,137 [grpc-default-executor-1] INFO  server.RaftServer$Division (RaftServerImpl.java:setRole(321)) - 68e70bec-2654-4ecf-aba3-1fd50f487e32@group-4A4FD64F1A85: changes role from  FOLLOWER to FOLLOWER at term 1 for candidate:f55ec62f-fc83-4b90-9ad3-211b23c840f1
2022-11-10 17:28:09,137 [grpc-default-executor-1] INFO  impl.RoleInfo (RoleInfo.java:shutdownFollowerState(110)) - 68e70bec-2654-4ecf-aba3-1fd50f487e32: shutdown 68e70bec-2654-4ecf-aba3-1fd50f487e32@group-4A4FD64F1A85-FollowerState
2022-11-10 17:28:09,140 [grpc-default-executor-1] INFO  impl.RoleInfo (RoleInfo.java:updateAndGet(139)) - 68e70bec-2654-4ecf-aba3-1fd50f487e32: start 68e70bec-2654-4ecf-aba3-1fd50f487e32@group-4A4FD64F1A85-FollowerState
2022-11-10 17:28:09,143 [grpc-default-executor-0] INFO  server.RaftServer$Division (RaftServerImpl.java:requestVote(1251)) - 325472d8-9d81-4b17-841b-efb836b1d11d@group-4A4FD64F1A85 replies to ELECTION vote request: f55ec62f-fc83-4b90-9ad3-211b23c840f1<-325472d8-9d81-4b17-841b-efb836b1d11d#0:OK-t1. Peer's state: 325472d8-9d81-4b17-841b-efb836b1d11d@group-4A4FD64F1A85:t1, leader=null, voted=f55ec62f-fc83-4b90-9ad3-211b23c840f1, raftlog=Memoized:325472d8-9d81-4b17-841b-efb836b1d11d@group-4A4FD64F1A85-SegmentedRaftLog:OPENED:c-1, conf=-1: peers:[68e70bec-2654-4ecf-aba3-1fd50f487e32|rpc:10.1.1.193:35621|dataStream:|priority:0|startupRole:FOLLOWER, f55ec62f-fc83-4b90-9ad3-211b23c840f1|rpc:10.1.1.193:36009|dataStream:|priority:1|startupRole:FOLLOWER, 325472d8-9d81-4b17-841b-efb836b1d11d|rpc:10.1.1.193:39899|dataStream:|priority:0|startupRole:FOLLOWER]|listeners:[], old=null
2022-11-10 17:28:09,144 [68e70bec-2654-4ecf-aba3-1fd50f487e32@group-4A4FD64F1A85-FollowerState] INFO  impl.FollowerState (FollowerState.java:run(152)) - 68e70bec-2654-4ecf-aba3-1fd50f487e32@group-4A4FD64F1A85-FollowerState was interrupted
2022-11-10 17:28:09,144 [grpc-default-executor-1] INFO  server.RaftServer$Division (RaftServerImpl.java:requestVote(1251)) - 68e70bec-2654-4ecf-aba3-1fd50f487e32@group-4A4FD64F1A85 replies to ELECTION vote request: f55ec62f-fc83-4b90-9ad3-211b23c840f1<-68e70bec-2654-4ecf-aba3-1fd50f487e32#0:OK-t1. Peer's state: 68e70bec-2654-4ecf-aba3-1fd50f487e32@group-4A4FD64F1A85:t1, leader=null, voted=f55ec62f-fc83-4b90-9ad3-211b23c840f1, raftlog=Memoized:68e70bec-2654-4ecf-aba3-1fd50f487e32@group-4A4FD64F1A85-SegmentedRaftLog:OPENED:c-1, conf=-1: peers:[68e70bec-2654-4ecf-aba3-1fd50f487e32|rpc:10.1.1.193:35621|priority:0|startupRole:FOLLOWER, f55ec62f-fc83-4b90-9ad3-211b23c840f1|rpc:10.1.1.193:36009|priority:1|startupRole:FOLLOWER, 325472d8-9d81-4b17-841b-efb836b1d11d|rpc:10.1.1.193:39899|priority:0|startupRole:FOLLOWER]|listeners:[], old=null
2022-11-10 17:28:09,152 [68e70bec-2654-4ecf-aba3-1fd50f487e32@group-4A4FD64F1A85-FollowerState] INFO  server.RaftServerConfigKeys (ConfUtils.java:logFallback(53)) - raft.server.rpc.first-election.timeout.min = 5s (fallback to raft.server.rpc.timeout.min)
2022-11-10 17:28:09,152 [68e70bec-2654-4ecf-aba3-1fd50f487e32@group-4A4FD64F1A85-FollowerState] INFO  server.RaftServerConfigKeys (ConfUtils.java:logFallback(53)) - raft.server.rpc.first-election.timeout.max = 5200ms (fallback to raft.server.rpc.timeout.max)
2022-11-10 17:28:09,154 [f55ec62f-fc83-4b90-9ad3-211b23c840f1@group-4A4FD64F1A85-LeaderElection3] INFO  impl.LeaderElection (LeaderElection.java:logAndReturn(90)) - f55ec62f-fc83-4b90-9ad3-211b23c840f1@group-4A4FD64F1A85-LeaderElection3: ELECTION PASSED received 1 response(s) and 0 exception(s):
2022-11-10 17:28:09,154 [f55ec62f-fc83-4b90-9ad3-211b23c840f1@group-4A4FD64F1A85-LeaderElection3] INFO  impl.LeaderElection (LeaderElection.java:logAndReturn(94)) -   Response 0: f55ec62f-fc83-4b90-9ad3-211b23c840f1<-325472d8-9d81-4b17-841b-efb836b1d11d#0:OK-t1
2022-11-10 17:28:09,155 [f55ec62f-fc83-4b90-9ad3-211b23c840f1@group-4A4FD64F1A85-LeaderElection3] INFO  impl.LeaderElection (LeaderElection.java:askForVotes(314)) - f55ec62f-fc83-4b90-9ad3-211b23c840f1@group-4A4FD64F1A85-LeaderElection3 ELECTION round 0: result PASSED
2022-11-10 17:28:09,155 [f55ec62f-fc83-4b90-9ad3-211b23c840f1@group-4A4FD64F1A85-LeaderElection3] INFO  impl.RoleInfo (RoleInfo.java:shutdownLeaderElection(130)) - f55ec62f-fc83-4b90-9ad3-211b23c840f1: shutdown f55ec62f-fc83-4b90-9ad3-211b23c840f1@group-4A4FD64F1A85-LeaderElection3
2022-11-10 17:28:09,155 [f55ec62f-fc83-4b90-9ad3-211b23c840f1@group-4A4FD64F1A85-LeaderElection3] INFO  server.RaftServer$Division (RaftServerImpl.java:setRole(321)) - f55ec62f-fc83-4b90-9ad3-211b23c840f1@group-4A4FD64F1A85: changes role from CANDIDATE to LEADER at term 1 for changeToLeader
2022-11-10 17:28:09,155 [f55ec62f-fc83-4b90-9ad3-211b23c840f1@group-4A4FD64F1A85-LeaderElection3] INFO  ratis.XceiverServerRatis (XceiverServerRatis.java:handleLeaderChangedNotification(863)) - Leader change notification received for group: group-4A4FD64F1A85 with new leaderId: f55ec62f-fc83-4b90-9ad3-211b23c840f1
2022-11-10 17:28:09,155 [f55ec62f-fc83-4b90-9ad3-211b23c840f1@group-4A4FD64F1A85-LeaderElection3] INFO  server.RaftServer$Division (ServerState.java:setLeader(313)) - f55ec62f-fc83-4b90-9ad3-211b23c840f1@group-4A4FD64F1A85: change Leader from null to f55ec62f-fc83-4b90-9ad3-211b23c840f1 at term 1 for becomeLeader, leader elected after 5208ms
2022-11-10 17:28:09,155 [f55ec62f-fc83-4b90-9ad3-211b23c840f1@group-4A4FD64F1A85-LeaderElection3] INFO  server.RaftServerConfigKeys (ConfUtils.java:logGet(46)) - raft.server.staging.catchup.gap = 1000 (default)
2022-11-10 17:28:09,155 [f55ec62f-fc83-4b90-9ad3-211b23c840f1@group-4A4FD64F1A85-LeaderElection3] INFO  server.RaftServerConfigKeys (ConfUtils.java:logGet(46)) - raft.server.write.element-limit = 1024 (custom)
2022-11-10 17:28:09,155 [f55ec62f-fc83-4b90-9ad3-211b23c840f1@group-4A4FD64F1A85-LeaderElection3] INFO  server.RaftServerConfigKeys (ConfUtils.java:logGet(46)) - raft.server.write.byte-limit = 1024 M (=1073741824) (custom)
2022-11-10 17:28:09,156 [f55ec62f-fc83-4b90-9ad3-211b23c840f1@group-4A4FD64F1A85-LeaderElection3] INFO  server.RaftServerConfigKeys (ConfUtils.java:logGet(46)) - raft.server.watch.timeout = 180s (custom)
2022-11-10 17:28:09,156 [f55ec62f-fc83-4b90-9ad3-211b23c840f1@group-4A4FD64F1A85-LeaderElection3] INFO  server.RaftServerConfigKeys (ConfUtils.java:logGet(46)) - raft.server.watch.timeout.denomination = 1s (default)
2022-11-10 17:28:09,156 [f55ec62f-fc83-4b90-9ad3-211b23c840f1@group-4A4FD64F1A85-LeaderElection3] INFO  server.RaftServerConfigKeys (ConfUtils.java:logGet(46)) - raft.server.watch.element-limit = 65536 (default)
2022-11-10 17:28:09,156 [f55ec62f-fc83-4b90-9ad3-211b23c840f1@group-4A4FD64F1A85-LeaderElection3] INFO  server.RaftServerConfigKeys (ConfUtils.java:logGet(46)) - raft.server.write.element-limit = 1024 (custom)
2022-11-10 17:28:09,156 [f55ec62f-fc83-4b90-9ad3-211b23c840f1@group-4A4FD64F1A85-LeaderElection3] INFO  server.RaftServerConfigKeys (ConfUtils.java:logGet(46)) - raft.server.write.follower.gap.ratio.max = -1.0 (default)
2022-11-10 17:28:09,161 [EventQueue-PipelineReportForPipelineReportHandler] INFO  pipeline.PipelineManagerImpl (PipelineManagerImpl.java:openPipeline(367)) - Pipeline Pipeline[ Id: fb1d1abe-acb0-4f27-90bf-4a4fd64f1a85, Nodes: 68e70bec-2654-4ecf-aba3-1fd50f487e32{ip: 10.1.1.193, host: fv-az77-962.bprubkmdfdkerap53zvqdzdb0e.jx.internal.cloudapp.net, ports: [REPLICATION=40895, RATIS=35621, RATIS_ADMIN=35621, RATIS_SERVER=35621, STANDALONE=40677], networkLocation: /default-rack, certSerialId: null, persistedOpState: IN_SERVICE, persistedOpStateExpiryEpochSec: 0}325472d8-9d81-4b17-841b-efb836b1d11d{ip: 10.1.1.193, host: fv-az77-962.bprubkmdfdkerap53zvqdzdb0e.jx.internal.cloudapp.net, ports: [REPLICATION=35799, RATIS=39899, RATIS_ADMIN=39899, RATIS_SERVER=39899, STANDALONE=46595], networkLocation: /default-rack, certSerialId: null, persistedOpState: IN_SERVICE, persistedOpStateExpiryEpochSec: 0}f55ec62f-fc83-4b90-9ad3-211b23c840f1{ip: 10.1.1.193, host: fv-az77-962.bprubkmdfdkerap53zvqdzdb0e.jx.internal.cloudapp.net, ports: [REPLICATION=38953, RATIS=36009, RATIS_ADMIN=36009, RATIS_SERVER=36009, STANDALONE=36483], networkLocation: /default-rack, certSerialId: null, persistedOpState: IN_SERVICE, persistedOpStateExpiryEpochSec: 0}, ReplicationConfig: RATIS/THREE, State:ALLOCATED, leaderId:f55ec62f-fc83-4b90-9ad3-211b23c840f1, CreationTimestamp2022-11-10T17:28:01.836Z[Etc/UTC]] moved to OPEN state
2022-11-10 17:28:09,161 [EventQueue-OpenPipelineForHealthyPipelineSafeModeRule] INFO  safemode.SCMSafeModeManager (HealthyPipelineSafeModeRule.java:process(137)) - SCM in safe mode. Healthy pipelines reported count is 0, required healthy pipeline reported count is 1
2022-11-10 17:28:09,161 [EventQueue-OpenPipelineForHealthyPipelineSafeModeRule] INFO  safemode.SCMSafeModeManager (HealthyPipelineSafeModeRule.java:process(137)) - SCM in safe mode. Healthy pipelines reported count is 1, required healthy pipeline reported count is 1
2022-11-10 17:28:09,161 [EventQueue-OpenPipelineForHealthyPipelineSafeModeRule] INFO  safemode.SCMSafeModeManager (SCMSafeModeManager.java:validateSafeModeExitRules(204)) - HealthyPipelineSafeModeRule rule is successfully validated
2022-11-10 17:28:09,161 [EventQueue-OpenPipelineForHealthyPipelineSafeModeRule] INFO  safemode.SCMSafeModeManager (SCMSafeModeManager.java:validateSafeModeExitRules(219)) - ScmSafeModeManager, all rules are successfully validated
2022-11-10 17:28:09,162 [EventQueue-OpenPipelineForHealthyPipelineSafeModeRule] INFO  safemode.SCMSafeModeManager (SCMSafeModeManager.java:exitSafeMode(248)) - SCM exiting safe mode.
2022-11-10 17:28:09,164 [EventQueue-OpenPipelineForHealthyPipelineSafeModeRule] WARN  events.EventQueue (EventQueue.java:fireEvent(216)) - No event handler registered for event TypedEvent{payloadType=SafeModeStatus, name='Safe mode status'}
2022-11-10 17:28:09,164 [EventQueue-OpenPipelineForHealthyPipelineSafeModeRule] INFO  ha.SCMContext (SCMContext.java:updateSafeModeStatus(228)) - Update SafeModeStatus from SafeModeStatus{safeModeStatus=true, preCheckPassed=true} to SafeModeStatus{safeModeStatus=false, preCheckPassed=true}.
2022-11-10 17:28:09,164 [EventQueue-OpenPipelineForHealthyPipelineSafeModeRule] INFO  pipeline.BackgroundPipelineCreator (BackgroundPipelineCreator.java:notifyStatusChanged(254)) - Service BackgroundPipelineCreator transitions to RUNNING.
2022-11-10 17:28:09,164 [EventQueue-OpenPipelineForHealthyPipelineSafeModeRule] INFO  BackgroundPipelineScrubber (BackgroundSCMService.java:notifyStatusChanged(82)) - Service BackgroundPipelineScrubber transitions to RUNNING.
2022-11-10 17:28:09,164 [EventQueue-OpenPipelineForHealthyPipelineSafeModeRule] INFO  ExpiredContainerReplicaOpScrubber (BackgroundSCMService.java:notifyStatusChanged(82)) - Service ExpiredContainerReplicaOpScrubber transitions to RUNNING.
2022-11-10 17:28:09,164 [EventQueue-OpenPipelineForHealthyPipelineSafeModeRule] INFO  replication.ReplicationManager (ReplicationManager.java:notifyStatusChanged(799)) - Service ReplicationManager transitions to RUNNING.
2022-11-10 17:28:09,167 [EventQueue-OpenPipelineForHealthyPipelineSafeModeRule] WARN  balancer.ContainerBalancer (ContainerBalancer.java:shouldRun(131)) - Could not find persisted configuration for ContainerBalancer when checking if ContainerBalancer should run. ContainerBalancer should not run now.
2022-11-10 17:28:09,173 [f55ec62f-fc83-4b90-9ad3-211b23c840f1@group-4A4FD64F1A85-LeaderElection3] INFO  server.RaftServerConfigKeys (ConfUtils.java:logGet(46)) - raft.server.log.appender.snapshot.chunk.size.max = 16MB (=16777216) (default)
2022-11-10 17:28:09,173 [f55ec62f-fc83-4b90-9ad3-211b23c840f1@group-4A4FD64F1A85-LeaderElection3] INFO  server.RaftServerConfigKeys (ConfUtils.java:logGet(46)) - raft.server.log.appender.buffer.byte-limit = 33554432 (custom)
2022-11-10 17:28:09,174 [f55ec62f-fc83-4b90-9ad3-211b23c840f1@group-4A4FD64F1A85-LeaderElection3] INFO  server.RaftServerConfigKeys (ConfUtils.java:logGet(46)) - raft.server.log.appender.buffer.element-limit = 1 (custom)
2022-11-10 17:28:09,178 [f55ec62f-fc83-4b90-9ad3-211b23c840f1@group-4A4FD64F1A85-LeaderElection3] INFO  grpc.GrpcConfigKeys (ConfUtils.java:logGet(46)) - raft.grpc.server.leader.outstanding.appends.max = 128 (default)
2022-11-10 17:28:09,178 [f55ec62f-fc83-4b90-9ad3-211b23c840f1@group-4A4FD64F1A85-LeaderElection3] INFO  server.RaftServerConfigKeys (ConfUtils.java:logGet(46)) - raft.server.rpc.request.timeout = 60s (custom)
2022-11-10 17:28:09,178 [f55ec62f-fc83-4b90-9ad3-211b23c840f1@group-4A4FD64F1A85-LeaderElection3] INFO  server.RaftServerConfigKeys (ConfUtils.java:logGet(46)) - raft.server.log.appender.install.snapshot.enabled = false (custom)
2022-11-10 17:28:09,178 [f55ec62f-fc83-4b90-9ad3-211b23c840f1@group-4A4FD64F1A85-LeaderElection3] INFO  grpc.GrpcConfigKeys (ConfUtils.java:logGet(46)) - raft.grpc.server.heartbeat.channel = true (default)
2022-11-10 17:28:09,178 [f55ec62f-fc83-4b90-9ad3-211b23c840f1@group-4A4FD64F1A85-LeaderElection3] INFO  server.RaftServerConfigKeys (ConfUtils.java:logGet(46)) - raft.server.log.appender.wait-time.min = 10ms (default)
2022-11-10 17:28:09,181 [f55ec62f-fc83-4b90-9ad3-211b23c840f1@group-4A4FD64F1A85-LeaderElection3] INFO  server.RaftServerConfigKeys (ConfUtils.java:logGet(46)) - raft.server.log.appender.snapshot.chunk.size.max = 16MB (=16777216) (default)
2022-11-10 17:28:09,181 [f55ec62f-fc83-4b90-9ad3-211b23c840f1@group-4A4FD64F1A85-LeaderElection3] INFO  server.RaftServerConfigKeys (ConfUtils.java:logGet(46)) - raft.server.log.appender.buffer.byte-limit = 33554432 (custom)
2022-11-10 17:28:09,181 [f55ec62f-fc83-4b90-9ad3-211b23c840f1@group-4A4FD64F1A85-LeaderElection3] INFO  server.RaftServerConfigKeys (ConfUtils.java:logGet(46)) - raft.server.log.appender.buffer.element-limit = 1 (custom)
2022-11-10 17:28:09,181 [f55ec62f-fc83-4b90-9ad3-211b23c840f1@group-4A4FD64F1A85-LeaderElection3] INFO  grpc.GrpcConfigKeys (ConfUtils.java:logGet(46)) - raft.grpc.server.leader.outstanding.appends.max = 128 (default)
2022-11-10 17:28:09,181 [f55ec62f-fc83-4b90-9ad3-211b23c840f1@group-4A4FD64F1A85-LeaderElection3] INFO  server.RaftServerConfigKeys (ConfUtils.java:logGet(46)) - raft.server.rpc.request.timeout = 60s (custom)
2022-11-10 17:28:09,181 [f55ec62f-fc83-4b90-9ad3-211b23c840f1@group-4A4FD64F1A85-LeaderElection3] INFO  server.RaftServerConfigKeys (ConfUtils.java:logGet(46)) - raft.server.log.appender.install.snapshot.enabled = false (custom)
2022-11-10 17:28:09,181 [f55ec62f-fc83-4b90-9ad3-211b23c840f1@group-4A4FD64F1A85-LeaderElection3] INFO  grpc.GrpcConfigKeys (ConfUtils.java:logGet(46)) - raft.grpc.server.heartbeat.channel = true (default)
2022-11-10 17:28:09,181 [f55ec62f-fc83-4b90-9ad3-211b23c840f1@group-4A4FD64F1A85-LeaderElection3] INFO  server.RaftServerConfigKeys (ConfUtils.java:logGet(46)) - raft.server.log.appender.wait-time.min = 10ms (default)
2022-11-10 17:28:09,182 [f55ec62f-fc83-4b90-9ad3-211b23c840f1@group-4A4FD64F1A85-LeaderElection3] INFO  impl.RoleInfo (RoleInfo.java:updateAndGet(139)) - f55ec62f-fc83-4b90-9ad3-211b23c840f1: start f55ec62f-fc83-4b90-9ad3-211b23c840f1@group-4A4FD64F1A85-LeaderStateImpl
2022-11-10 17:28:09,183 [f55ec62f-fc83-4b90-9ad3-211b23c840f1@group-4A4FD64F1A85-LeaderElection3] INFO  segmented.SegmentedRaftLogWorker (SegmentedRaftLogWorker.java:startLogSegment(452)) - f55ec62f-fc83-4b90-9ad3-211b23c840f1@group-4A4FD64F1A85-SegmentedRaftLogWorker: Starting segment from index:0
2022-11-10 17:28:09,184 [f55ec62f-fc83-4b90-9ad3-211b23c840f1@group-4A4FD64F1A85-SegmentedRaftLogWorker] INFO  segmented.SegmentedRaftLogWorker (SegmentedRaftLogWorker.java:execute(656)) - f55ec62f-fc83-4b90-9ad3-211b23c840f1@group-4A4FD64F1A85-SegmentedRaftLogWorker: created new log segment /home/runner/work/ozone/ozone/hadoop-ozone/integration-test/target/test-dir/MiniOzoneClusterImpl-5e6b204f-6d0c-499e-8bc7-d272478adc61/datanode-0/data/ratis/fb1d1abe-acb0-4f27-90bf-4a4fd64f1a85/current/log_inprogress_0
2022-11-10 17:28:09,205 [f55ec62f-fc83-4b90-9ad3-211b23c840f1@group-4A4FD64F1A85-LeaderElection3] INFO  server.RaftServer$Division (ServerState.java:setRaftConf(430)) - f55ec62f-fc83-4b90-9ad3-211b23c840f1@group-4A4FD64F1A85: set configuration 0: peers:[68e70bec-2654-4ecf-aba3-1fd50f487e32|rpc:10.1.1.193:35621|dataStream:|priority:0|startupRole:FOLLOWER, f55ec62f-fc83-4b90-9ad3-211b23c840f1|rpc:10.1.1.193:36009|dataStream:|priority:1|startupRole:FOLLOWER, 325472d8-9d81-4b17-841b-efb836b1d11d|rpc:10.1.1.193:39899|dataStream:|priority:0|startupRole:FOLLOWER]|listeners:[], old=null
2022-11-10 17:28:09,259 [68e70bec-2654-4ecf-aba3-1fd50f487e32-server-thread1] INFO  ratis.XceiverServerRatis (XceiverServerRatis.java:handleLeaderChangedNotification(863)) - Leader change notification received for group: group-4A4FD64F1A85 with new leaderId: f55ec62f-fc83-4b90-9ad3-211b23c840f1
2022-11-10 17:28:09,260 [68e70bec-2654-4ecf-aba3-1fd50f487e32-server-thread1] INFO  server.RaftServer$Division (ServerState.java:setLeader(313)) - 68e70bec-2654-4ecf-aba3-1fd50f487e32@group-4A4FD64F1A85: change Leader from null to f55ec62f-fc83-4b90-9ad3-211b23c840f1 at term 1 for appendEntries, leader elected after 4830ms
2022-11-10 17:28:09,264 [325472d8-9d81-4b17-841b-efb836b1d11d-server-thread2] INFO  ratis.XceiverServerRatis (XceiverServerRatis.java:handleLeaderChangedNotification(863)) - Leader change notification received for group: group-4A4FD64F1A85 with new leaderId: f55ec62f-fc83-4b90-9ad3-211b23c840f1
2022-11-10 17:28:09,266 [325472d8-9d81-4b17-841b-efb836b1d11d-server-thread2] INFO  server.RaftServer$Division (ServerState.java:setLeader(313)) - 325472d8-9d81-4b17-841b-efb836b1d11d@group-4A4FD64F1A85: change Leader from null to f55ec62f-fc83-4b90-9ad3-211b23c840f1 at term 1 for appendEntries, leader elected after 4598ms
2022-11-10 17:28:09,268 [325472d8-9d81-4b17-841b-efb836b1d11d-server-thread2] INFO  server.RaftServer$Division (ServerState.java:setRaftConf(430)) - 325472d8-9d81-4b17-841b-efb836b1d11d@group-4A4FD64F1A85: set configuration 0: peers:[68e70bec-2654-4ecf-aba3-1fd50f487e32|rpc:10.1.1.193:35621|dataStream:|priority:0|startupRole:FOLLOWER, f55ec62f-fc83-4b90-9ad3-211b23c840f1|rpc:10.1.1.193:36009|dataStream:|priority:1|startupRole:FOLLOWER, 325472d8-9d81-4b17-841b-efb836b1d11d|rpc:10.1.1.193:39899|dataStream:|priority:0|startupRole:FOLLOWER]|listeners:[], old=null
2022-11-10 17:28:09,268 [325472d8-9d81-4b17-841b-efb836b1d11d-server-thread2] INFO  segmented.SegmentedRaftLogWorker (SegmentedRaftLogWorker.java:startLogSegment(452)) - 325472d8-9d81-4b17-841b-efb836b1d11d@group-4A4FD64F1A85-SegmentedRaftLogWorker: Starting segment from index:0
2022-11-10 17:28:09,270 [325472d8-9d81-4b17-841b-efb836b1d11d@group-4A4FD64F1A85-SegmentedRaftLogWorker] INFO  segmented.SegmentedRaftLogWorker (SegmentedRaftLogWorker.java:execute(656)) - 325472d8-9d81-4b17-841b-efb836b1d11d@group-4A4FD64F1A85-SegmentedRaftLogWorker: created new log segment /home/runner/work/ozone/ozone/hadoop-ozone/integration-test/target/test-dir/MiniOzoneClusterImpl-5e6b204f-6d0c-499e-8bc7-d272478adc61/datanode-2/data/ratis/fb1d1abe-acb0-4f27-90bf-4a4fd64f1a85/current/log_inprogress_0
2022-11-10 17:28:09,275 [68e70bec-2654-4ecf-aba3-1fd50f487e32-server-thread3] INFO  server.RaftServer$Division (ServerState.java:setRaftConf(430)) - 68e70bec-2654-4ecf-aba3-1fd50f487e32@group-4A4FD64F1A85: set configuration 0: peers:[68e70bec-2654-4ecf-aba3-1fd50f487e32|rpc:10.1.1.193:35621|dataStream:|priority:0|startupRole:FOLLOWER, f55ec62f-fc83-4b90-9ad3-211b23c840f1|rpc:10.1.1.193:36009|dataStream:|priority:1|startupRole:FOLLOWER, 325472d8-9d81-4b17-841b-efb836b1d11d|rpc:10.1.1.193:39899|dataStream:|priority:0|startupRole:FOLLOWER]|listeners:[], old=null
2022-11-10 17:28:09,276 [68e70bec-2654-4ecf-aba3-1fd50f487e32-server-thread3] INFO  segmented.SegmentedRaftLogWorker (SegmentedRaftLogWorker.java:startLogSegment(452)) - 68e70bec-2654-4ecf-aba3-1fd50f487e32@group-4A4FD64F1A85-SegmentedRaftLogWorker: Starting segment from index:0
2022-11-10 17:28:09,277 [68e70bec-2654-4ecf-aba3-1fd50f487e32@group-4A4FD64F1A85-SegmentedRaftLogWorker] INFO  segmented.SegmentedRaftLogWorker (SegmentedRaftLogWorker.java:execute(656)) - 68e70bec-2654-4ecf-aba3-1fd50f487e32@group-4A4FD64F1A85-SegmentedRaftLogWorker: created new log segment /home/runner/work/ozone/ozone/hadoop-ozone/integration-test/target/test-dir/MiniOzoneClusterImpl-5e6b204f-6d0c-499e-8bc7-d272478adc61/datanode-1/data/ratis/fb1d1abe-acb0-4f27-90bf-4a4fd64f1a85/current/log_inprogress_0
2022-11-10 17:28:09,316 [Listener at 127.0.0.1/38511] INFO  ozone.MiniOzoneClusterImpl (MiniOzoneClusterImpl.java:lambda$waitForClusterToBeReady$0(216)) - Nodes are ready. Got 7 of 7 DN Heartbeats.
2022-11-10 17:28:09,317 [Listener at 127.0.0.1/38511] INFO  ozone.MiniOzoneClusterImpl (MiniOzoneClusterImpl.java:lambda$waitForClusterToBeReady$0(219)) - Cluster exits safe mode
2022-11-10 17:28:09,317 [Listener at 127.0.0.1/38511] INFO  ozone.MiniOzoneClusterImpl (MiniOzoneClusterImpl.java:lambda$waitForClusterToBeReady$0(221)) - SCM became leader
2022-11-10 17:28:09,477 [68e70bec-2654-4ecf-aba3-1fd50f487e32@group-E80F8EEF7473-FollowerState] INFO  impl.FollowerState (FollowerState.java:run(143)) - 68e70bec-2654-4ecf-aba3-1fd50f487e32@group-E80F8EEF7473-FollowerState: change to CANDIDATE, lastRpcElapsedTime:5055975441ns, electionTimeout:5055ms
2022-11-10 17:28:09,477 [68e70bec-2654-4ecf-aba3-1fd50f487e32@group-E80F8EEF7473-FollowerState] INFO  impl.RoleInfo (RoleInfo.java:shutdownFollowerState(110)) - 68e70bec-2654-4ecf-aba3-1fd50f487e32: shutdown 68e70bec-2654-4ecf-aba3-1fd50f487e32@group-E80F8EEF7473-FollowerState
2022-11-10 17:28:09,477 [68e70bec-2654-4ecf-aba3-1fd50f487e32@group-E80F8EEF7473-FollowerState] INFO  server.RaftServer$Division (RaftServerImpl.java:setRole(321)) - 68e70bec-2654-4ecf-aba3-1fd50f487e32@group-E80F8EEF7473: changes role from  FOLLOWER to CANDIDATE at term 0 for changeToCandidate
2022-11-10 17:28:09,478 [68e70bec-2654-4ecf-aba3-1fd50f487e32@group-E80F8EEF7473-FollowerState] INFO  server.RaftServerConfigKeys (ConfUtils.java:logGet(46)) - raft.server.leaderelection.pre-vote = false (custom)
2022-11-10 17:28:09,478 [68e70bec-2654-4ecf-aba3-1fd50f487e32@group-E80F8EEF7473-FollowerState] INFO  impl.RoleInfo (RoleInfo.java:updateAndGet(139)) - 68e70bec-2654-4ecf-aba3-1fd50f487e32: start 68e70bec-2654-4ecf-aba3-1fd50f487e32@group-E80F8EEF7473-LeaderElection4
2022-11-10 17:28:09,501 [68e70bec-2654-4ecf-aba3-1fd50f487e32@group-E80F8EEF7473-LeaderElection4] INFO  impl.LeaderElection (LeaderElection.java:askForVotes(312)) - 68e70bec-2654-4ecf-aba3-1fd50f487e32@group-E80F8EEF7473-LeaderElection4 ELECTION round 0: submit vote requests at term 1 for -1: peers:[68e70bec-2654-4ecf-aba3-1fd50f487e32|rpc:10.1.1.193:35621|priority:1|startupRole:FOLLOWER]|listeners:[], old=null
2022-11-10 17:28:09,505 [68e70bec-2654-4ecf-aba3-1fd50f487e32@group-E80F8EEF7473-LeaderElection4] INFO  impl.LeaderElection (LeaderElection.java:askForVotes(314)) - 68e70bec-2654-4ecf-aba3-1fd50f487e32@group-E80F8EEF7473-LeaderElection4 ELECTION round 0: result PASSED (term=1)
2022-11-10 17:28:09,505 [68e70bec-2654-4ecf-aba3-1fd50f487e32@group-E80F8EEF7473-LeaderElection4] INFO  impl.RoleInfo (RoleInfo.java:shutdownLeaderElection(130)) - 68e70bec-2654-4ecf-aba3-1fd50f487e32: shutdown 68e70bec-2654-4ecf-aba3-1fd50f487e32@group-E80F8EEF7473-LeaderElection4
2022-11-10 17:28:09,505 [68e70bec-2654-4ecf-aba3-1fd50f487e32@group-E80F8EEF7473-LeaderElection4] INFO  server.RaftServer$Division (RaftServerImpl.java:setRole(321)) - 68e70bec-2654-4ecf-aba3-1fd50f487e32@group-E80F8EEF7473: changes role from CANDIDATE to LEADER at term 1 for changeToLeader
2022-11-10 17:28:09,505 [68e70bec-2654-4ecf-aba3-1fd50f487e32@group-E80F8EEF7473-LeaderElection4] INFO  ratis.XceiverServerRatis (XceiverServerRatis.java:handleLeaderChangedNotification(863)) - Leader change notification received for group: group-E80F8EEF7473 with new leaderId: 68e70bec-2654-4ecf-aba3-1fd50f487e32
2022-11-10 17:28:09,505 [68e70bec-2654-4ecf-aba3-1fd50f487e32@group-E80F8EEF7473-LeaderElection4] INFO  server.RaftServer$Division (ServerState.java:setLeader(313)) - 68e70bec-2654-4ecf-aba3-1fd50f487e32@group-E80F8EEF7473: change Leader from null to 68e70bec-2654-4ecf-aba3-1fd50f487e32 at term 1 for becomeLeader, leader elected after 5122ms
2022-11-10 17:28:09,508 [68e70bec-2654-4ecf-aba3-1fd50f487e32@group-E80F8EEF7473-LeaderElection4] INFO  server.RaftServerConfigKeys (ConfUtils.java:logGet(46)) - raft.server.staging.catchup.gap = 1000 (default)
2022-11-10 17:28:09,508 [68e70bec-2654-4ecf-aba3-1fd50f487e32@group-E80F8EEF7473-LeaderElection4] INFO  server.RaftServerConfigKeys (ConfUtils.java:logGet(46)) - raft.server.write.element-limit = 1024 (custom)
2022-11-10 17:28:09,508 [68e70bec-2654-4ecf-aba3-1fd50f487e32@group-E80F8EEF7473-LeaderElection4] INFO  server.RaftServerConfigKeys (ConfUtils.java:logGet(46)) - raft.server.write.byte-limit = 1024 M (=1073741824) (custom)
2022-11-10 17:28:09,509 [68e70bec-2654-4ecf-aba3-1fd50f487e32@group-E80F8EEF7473-LeaderElection4] INFO  server.RaftServerConfigKeys (ConfUtils.java:logGet(46)) - raft.server.watch.timeout = 180s (custom)
2022-11-10 17:28:09,509 [68e70bec-2654-4ecf-aba3-1fd50f487e32@group-E80F8EEF7473-LeaderElection4] INFO  server.RaftServerConfigKeys (ConfUtils.java:logGet(46)) - raft.server.watch.timeout.denomination = 1s (default)
2022-11-10 17:28:09,509 [68e70bec-2654-4ecf-aba3-1fd50f487e32@group-E80F8EEF7473-LeaderElection4] INFO  server.RaftServerConfigKeys (ConfUtils.java:logGet(46)) - raft.server.watch.element-limit = 65536 (default)
2022-11-10 17:28:09,509 [68e70bec-2654-4ecf-aba3-1fd50f487e32@group-E80F8EEF7473-LeaderElection4] INFO  server.RaftServerConfigKeys (ConfUtils.java:logGet(46)) - raft.server.write.element-limit = 1024 (custom)
2022-11-10 17:28:09,509 [68e70bec-2654-4ecf-aba3-1fd50f487e32@group-E80F8EEF7473-LeaderElection4] INFO  server.RaftServerConfigKeys (ConfUtils.java:logGet(46)) - raft.server.write.follower.gap.ratio.max = -1.0 (default)
2022-11-10 17:28:09,509 [68e70bec-2654-4ecf-aba3-1fd50f487e32@group-E80F8EEF7473-LeaderElection4] INFO  impl.RoleInfo (RoleInfo.java:updateAndGet(139)) - 68e70bec-2654-4ecf-aba3-1fd50f487e32: start 68e70bec-2654-4ecf-aba3-1fd50f487e32@group-E80F8EEF7473-LeaderStateImpl
2022-11-10 17:28:09,510 [68e70bec-2654-4ecf-aba3-1fd50f487e32@group-E80F8EEF7473-LeaderElection4] INFO  segmented.SegmentedRaftLogWorker (SegmentedRaftLogWorker.java:startLogSegment(452)) - 68e70bec-2654-4ecf-aba3-1fd50f487e32@group-E80F8EEF7473-SegmentedRaftLogWorker: Starting segment from index:0
2022-11-10 17:28:09,512 [68e70bec-2654-4ecf-aba3-1fd50f487e32@group-E80F8EEF7473-SegmentedRaftLogWorker] INFO  segmented.SegmentedRaftLogWorker (SegmentedRaftLogWorker.java:execute(656)) - 68e70bec-2654-4ecf-aba3-1fd50f487e32@group-E80F8EEF7473-SegmentedRaftLogWorker: created new log segment /home/runner/work/ozone/ozone/hadoop-ozone/integration-test/target/test-dir/MiniOzoneClusterImpl-5e6b204f-6d0c-499e-8bc7-d272478adc61/datanode-1/data/ratis/09cd65b0-3138-4a50-8e18-e80f8eef7473/current/log_inprogress_0
2022-11-10 17:28:09,512 [68e70bec-2654-4ecf-aba3-1fd50f487e32@group-E80F8EEF7473-LeaderElection4] INFO  server.RaftServer$Division (ServerState.java:setRaftConf(430)) - 68e70bec-2654-4ecf-aba3-1fd50f487e32@group-E80F8EEF7473: set configuration 0: peers:[68e70bec-2654-4ecf-aba3-1fd50f487e32|rpc:10.1.1.193:35621|dataStream:|priority:1|startupRole:FOLLOWER]|listeners:[], old=null
2022-11-10 17:28:09,807 [Listener at 127.0.0.1/38511] INFO  rpc.RpcClient (RpcClient.java:createVolume(472)) - Creating Volume: testblockoutputstream, with runner as owner and space quota set to -1 bytes, counts quota set to -1
2022-11-10 17:28:09,868 [OM StateMachine ApplyTransaction Thread - 0] INFO  volume.OMVolumeCreateRequest (OMVolumeCreateRequest.java:validateAndUpdateCache(195)) - created volume:testblockoutputstream for user:runner
2022-11-10 17:28:09,905 [Listener at 127.0.0.1/38511] INFO  rpc.RpcClient (RpcClient.java:createBucket(691)) - Creating Bucket: testblockoutputstream/testblockoutputstream, with server-side default bucket layout, runner as owner, Versioning false, Storage Type set to DISK and Encryption set to false 
2022-11-10 17:28:09,925 [OM StateMachine ApplyTransaction Thread - 0] INFO  bucket.OMBucketCreateRequest (OMBucketCreateRequest.java:validateAndUpdateCache(260)) - created bucket: testblockoutputstream of layout LEGACY in volume: testblockoutputstream
2022-11-10 17:28:09,945 [f55ec62f-fc83-4b90-9ad3-211b23c840f1@group-9FD6A907DAE7-FollowerState] INFO  impl.FollowerState (FollowerState.java:run(143)) - f55ec62f-fc83-4b90-9ad3-211b23c840f1@group-9FD6A907DAE7-FollowerState: change to CANDIDATE, lastRpcElapsedTime:5113145306ns, electionTimeout:5109ms
2022-11-10 17:28:09,945 [f55ec62f-fc83-4b90-9ad3-211b23c840f1@group-9FD6A907DAE7-FollowerState] INFO  impl.RoleInfo (RoleInfo.java:shutdownFollowerState(110)) - f55ec62f-fc83-4b90-9ad3-211b23c840f1: shutdown f55ec62f-fc83-4b90-9ad3-211b23c840f1@group-9FD6A907DAE7-FollowerState
2022-11-10 17:28:09,946 [f55ec62f-fc83-4b90-9ad3-211b23c840f1@group-9FD6A907DAE7-FollowerState] INFO  server.RaftServer$Division (RaftServerImpl.java:setRole(321)) - f55ec62f-fc83-4b90-9ad3-211b23c840f1@group-9FD6A907DAE7: changes role from  FOLLOWER to CANDIDATE at term 0 for changeToCandidate
2022-11-10 17:28:09,947 [f55ec62f-fc83-4b90-9ad3-211b23c840f1@group-9FD6A907DAE7-FollowerState] INFO  server.RaftServerConfigKeys (ConfUtils.java:logGet(46)) - raft.server.leaderelection.pre-vote = false (custom)
2022-11-10 17:28:09,947 [f55ec62f-fc83-4b90-9ad3-211b23c840f1@group-9FD6A907DAE7-FollowerState] INFO  impl.RoleInfo (RoleInfo.java:updateAndGet(139)) - f55ec62f-fc83-4b90-9ad3-211b23c840f1: start f55ec62f-fc83-4b90-9ad3-211b23c840f1@group-9FD6A907DAE7-LeaderElection5
2022-11-10 17:28:09,948 [Time-limited test] INFO  impl.MetricsSystemImpl (MetricsSystemImpl.java:init(158)) - XceiverClientMetrics metrics system started (again)
2022-11-10 17:28:09,957 [f55ec62f-fc83-4b90-9ad3-211b23c840f1@group-9FD6A907DAE7-LeaderElection5] INFO  impl.LeaderElection (LeaderElection.java:askForVotes(312)) - f55ec62f-fc83-4b90-9ad3-211b23c840f1@group-9FD6A907DAE7-LeaderElection5 ELECTION round 0: submit vote requests at term 1 for -1: peers:[68e70bec-2654-4ecf-aba3-1fd50f487e32|rpc:10.1.1.193:35621|priority:0|startupRole:FOLLOWER, f55ec62f-fc83-4b90-9ad3-211b23c840f1|rpc:10.1.1.193:36009|priority:0|startupRole:FOLLOWER, 325472d8-9d81-4b17-841b-efb836b1d11d|rpc:10.1.1.193:39899|priority:1|startupRole:FOLLOWER]|listeners:[], old=null
2022-11-10 17:28:09,958 [f55ec62f-fc83-4b90-9ad3-211b23c840f1@group-9FD6A907DAE7-LeaderElection5] INFO  server.RaftServerConfigKeys (ConfUtils.java:logFallback(53)) - raft.server.rpc.first-election.timeout.min = 5s (fallback to raft.server.rpc.timeout.min)
2022-11-10 17:28:09,959 [f55ec62f-fc83-4b90-9ad3-211b23c840f1@group-9FD6A907DAE7-LeaderElection5] INFO  server.RaftServerConfigKeys (ConfUtils.java:logFallback(53)) - raft.server.rpc.first-election.timeout.max = 5200ms (fallback to raft.server.rpc.timeout.max)
2022-11-10 17:28:09,963 [grpc-default-executor-3] INFO  server.RaftServer$Division (RaftServerImpl.java:requestVote(1218)) - 325472d8-9d81-4b17-841b-efb836b1d11d@group-9FD6A907DAE7: receive requestVote(ELECTION, f55ec62f-fc83-4b90-9ad3-211b23c840f1, group-9FD6A907DAE7, 1, (t:0, i:0))
2022-11-10 17:28:09,964 [grpc-default-executor-3] INFO  impl.VoteContext (VoteContext.java:log(48)) - 325472d8-9d81-4b17-841b-efb836b1d11d@group-9FD6A907DAE7-FOLLOWER: reject ELECTION from f55ec62f-fc83-4b90-9ad3-211b23c840f1: our priority 1 > candidate's priority 0
2022-11-10 17:28:09,964 [grpc-default-executor-3] INFO  server.RaftServer$Division (RaftServerImpl.java:setRole(321)) - 325472d8-9d81-4b17-841b-efb836b1d11d@group-9FD6A907DAE7: changes role from  FOLLOWER to FOLLOWER at term 1 for candidate:f55ec62f-fc83-4b90-9ad3-211b23c840f1
2022-11-10 17:28:09,964 [grpc-default-executor-3] INFO  impl.RoleInfo (RoleInfo.java:shutdownFollowerState(110)) - 325472d8-9d81-4b17-841b-efb836b1d11d: shutdown 325472d8-9d81-4b17-841b-efb836b1d11d@group-9FD6A907DAE7-FollowerState
2022-11-10 17:28:09,964 [325472d8-9d81-4b17-841b-efb836b1d11d@group-9FD6A907DAE7-FollowerState] INFO  impl.FollowerState (FollowerState.java:run(152)) - 325472d8-9d81-4b17-841b-efb836b1d11d@group-9FD6A907DAE7-FollowerState was interrupted
2022-11-10 17:28:09,965 [grpc-default-executor-3] INFO  impl.RoleInfo (RoleInfo.java:updateAndGet(139)) - 325472d8-9d81-4b17-841b-efb836b1d11d: start 325472d8-9d81-4b17-841b-efb836b1d11d@group-9FD6A907DAE7-FollowerState
2022-11-10 17:28:09,976 [325472d8-9d81-4b17-841b-efb836b1d11d@group-9FD6A907DAE7-FollowerState] INFO  server.RaftServerConfigKeys (ConfUtils.java:logFallback(53)) - raft.server.rpc.first-election.timeout.min = 5s (fallback to raft.server.rpc.timeout.min)
2022-11-10 17:28:09,976 [325472d8-9d81-4b17-841b-efb836b1d11d@group-9FD6A907DAE7-FollowerState] INFO  server.RaftServerConfigKeys (ConfUtils.java:logFallback(53)) - raft.server.rpc.first-election.timeout.max = 5200ms (fallback to raft.server.rpc.timeout.max)
2022-11-10 17:28:09,979 [grpc-default-executor-0] INFO  server.RaftServer$Division (RaftServerImpl.java:requestVote(1218)) - 68e70bec-2654-4ecf-aba3-1fd50f487e32@group-9FD6A907DAE7: receive requestVote(ELECTION, f55ec62f-fc83-4b90-9ad3-211b23c840f1, group-9FD6A907DAE7, 1, (t:0, i:0))
2022-11-10 17:28:09,979 [grpc-default-executor-0] INFO  impl.VoteContext (VoteContext.java:log(48)) - 68e70bec-2654-4ecf-aba3-1fd50f487e32@group-9FD6A907DAE7-FOLLOWER: accept ELECTION from f55ec62f-fc83-4b90-9ad3-211b23c840f1: our priority 0 <= candidate's priority 0
2022-11-10 17:28:09,979 [grpc-default-executor-0] INFO  server.RaftServer$Division (RaftServerImpl.java:setRole(321)) - 68e70bec-2654-4ecf-aba3-1fd50f487e32@group-9FD6A907DAE7: changes role from  FOLLOWER to FOLLOWER at term 1 for candidate:f55ec62f-fc83-4b90-9ad3-211b23c840f1
2022-11-10 17:28:09,979 [grpc-default-executor-0] INFO  impl.RoleInfo (RoleInfo.java:shutdownFollowerState(110)) - 68e70bec-2654-4ecf-aba3-1fd50f487e32: shutdown 68e70bec-2654-4ecf-aba3-1fd50f487e32@group-9FD6A907DAE7-FollowerState
2022-11-10 17:28:09,980 [grpc-default-executor-0] INFO  impl.RoleInfo (RoleInfo.java:updateAndGet(139)) - 68e70bec-2654-4ecf-aba3-1fd50f487e32: start 68e70bec-2654-4ecf-aba3-1fd50f487e32@group-9FD6A907DAE7-FollowerState
2022-11-10 17:28:09,984 [grpc-default-executor-3] INFO  server.RaftServer$Division (RaftServerImpl.java:requestVote(1251)) - 325472d8-9d81-4b17-841b-efb836b1d11d@group-9FD6A907DAE7 replies to ELECTION vote request: f55ec62f-fc83-4b90-9ad3-211b23c840f1<-325472d8-9d81-4b17-841b-efb836b1d11d#0:FAIL-t1. Peer's state: 325472d8-9d81-4b17-841b-efb836b1d11d@group-9FD6A907DAE7:t1, leader=null, voted=null, raftlog=Memoized:325472d8-9d81-4b17-841b-efb836b1d11d@group-9FD6A907DAE7-SegmentedRaftLog:OPENED:c-1, conf=-1: peers:[68e70bec-2654-4ecf-aba3-1fd50f487e32|rpc:10.1.1.193:35621|dataStream:|priority:0|startupRole:FOLLOWER, f55ec62f-fc83-4b90-9ad3-211b23c840f1|rpc:10.1.1.193:36009|dataStream:|priority:0|startupRole:FOLLOWER, 325472d8-9d81-4b17-841b-efb836b1d11d|rpc:10.1.1.193:39899|dataStream:|priority:1|startupRole:FOLLOWER]|listeners:[], old=null
2022-11-10 17:28:09,985 [68e70bec-2654-4ecf-aba3-1fd50f487e32@group-9FD6A907DAE7-FollowerState] INFO  impl.FollowerState (FollowerState.java:run(152)) - 68e70bec-2654-4ecf-aba3-1fd50f487e32@group-9FD6A907DAE7-FollowerState was interrupted
2022-11-10 17:28:09,991 [grpc-default-executor-0] INFO  server.RaftServer$Division (RaftServerImpl.java:requestVote(1251)) - 68e70bec-2654-4ecf-aba3-1fd50f487e32@group-9FD6A907DAE7 replies to ELECTION vote request: f55ec62f-fc83-4b90-9ad3-211b23c840f1<-68e70bec-2654-4ecf-aba3-1fd50f487e32#0:OK-t1. Peer's state: 68e70bec-2654-4ecf-aba3-1fd50f487e32@group-9FD6A907DAE7:t1, leader=null, voted=f55ec62f-fc83-4b90-9ad3-211b23c840f1, raftlog=Memoized:68e70bec-2654-4ecf-aba3-1fd50f487e32@group-9FD6A907DAE7-SegmentedRaftLog:OPENED:c-1, conf=-1: peers:[68e70bec-2654-4ecf-aba3-1fd50f487e32|rpc:10.1.1.193:35621|priority:0|startupRole:FOLLOWER, f55ec62f-fc83-4b90-9ad3-211b23c840f1|rpc:10.1.1.193:36009|priority:0|startupRole:FOLLOWER, 325472d8-9d81-4b17-841b-efb836b1d11d|rpc:10.1.1.193:39899|priority:1|startupRole:FOLLOWER]|listeners:[], old=null
2022-11-10 17:28:09,996 [325472d8-9d81-4b17-841b-efb836b1d11d@group-B9F4CA427F3E-FollowerState] INFO  impl.FollowerState (FollowerState.java:run(143)) - 325472d8-9d81-4b17-841b-efb836b1d11d@group-B9F4CA427F3E-FollowerState: change to CANDIDATE, lastRpcElapsedTime:5138175404ns, electionTimeout:5117ms
2022-11-10 17:28:10,002 [325472d8-9d81-4b17-841b-efb836b1d11d@group-B9F4CA427F3E-FollowerState] INFO  impl.RoleInfo (RoleInfo.java:shutdownFollowerState(110)) - 325472d8-9d81-4b17-841b-efb836b1d11d: shutdown 325472d8-9d81-4b17-841b-efb836b1d11d@group-B9F4CA427F3E-FollowerState
2022-11-10 17:28:10,003 [325472d8-9d81-4b17-841b-efb836b1d11d@group-B9F4CA427F3E-FollowerState] INFO  server.RaftServer$Division (RaftServerImpl.java:setRole(321)) - 325472d8-9d81-4b17-841b-efb836b1d11d@group-B9F4CA427F3E: changes role from  FOLLOWER to CANDIDATE at term 0 for changeToCandidate
2022-11-10 17:28:09,991 [68e70bec-2654-4ecf-aba3-1fd50f487e32@group-9FD6A907DAE7-FollowerState] INFO  server.RaftServerConfigKeys (ConfUtils.java:logFallback(53)) - raft.server.rpc.first-election.timeout.min = 5s (fallback to raft.server.rpc.timeout.min)
2022-11-10 17:28:10,003 [325472d8-9d81-4b17-841b-efb836b1d11d@group-B9F4CA427F3E-FollowerState] INFO  server.RaftServerConfigKeys (ConfUtils.java:logGet(46)) - raft.server.leaderelection.pre-vote = false (custom)
2022-11-10 17:28:10,006 [325472d8-9d81-4b17-841b-efb836b1d11d@group-B9F4CA427F3E-FollowerState] INFO  impl.RoleInfo (RoleInfo.java:updateAndGet(139)) - 325472d8-9d81-4b17-841b-efb836b1d11d: start 325472d8-9d81-4b17-841b-efb836b1d11d@group-B9F4CA427F3E-LeaderElection6
2022-11-10 17:28:10,006 [f55ec62f-fc83-4b90-9ad3-211b23c840f1@group-9FD6A907DAE7-LeaderElection5] INFO  impl.LeaderElection (LeaderElection.java:logAndReturn(90)) - f55ec62f-fc83-4b90-9ad3-211b23c840f1@group-9FD6A907DAE7-LeaderElection5: ELECTION REJECTED received 2 response(s) and 0 exception(s):
2022-11-10 17:28:10,006 [f55ec62f-fc83-4b90-9ad3-211b23c840f1@group-9FD6A907DAE7-LeaderElection5] INFO  impl.LeaderElection (LeaderElection.java:logAndReturn(94)) -   Response 0: f55ec62f-fc83-4b90-9ad3-211b23c840f1<-68e70bec-2654-4ecf-aba3-1fd50f487e32#0:OK-t1
2022-11-10 17:28:10,006 [68e70bec-2654-4ecf-aba3-1fd50f487e32@group-9FD6A907DAE7-FollowerState] INFO  server.RaftServerConfigKeys (ConfUtils.java:logFallback(53)) - raft.server.rpc.first-election.timeout.max = 5200ms (fallback to raft.server.rpc.timeout.max)
2022-11-10 17:28:10,006 [f55ec62f-fc83-4b90-9ad3-211b23c840f1@group-9FD6A907DAE7-LeaderElection5] INFO  impl.LeaderElection (LeaderElection.java:logAndReturn(94)) -   Response 1: f55ec62f-fc83-4b90-9ad3-211b23c840f1<-325472d8-9d81-4b17-841b-efb836b1d11d#0:FAIL-t1
2022-11-10 17:28:10,009 [f55ec62f-fc83-4b90-9ad3-211b23c840f1@group-9FD6A907DAE7-LeaderElection5] INFO  impl.LeaderElection (LeaderElection.java:askForVotes(314)) - f55ec62f-fc83-4b90-9ad3-211b23c840f1@group-9FD6A907DAE7-LeaderElection5 ELECTION round 0: result REJECTED
2022-11-10 17:28:10,012 [f55ec62f-fc83-4b90-9ad3-211b23c840f1@group-9FD6A907DAE7-LeaderElection5] INFO  server.RaftServer$Division (RaftServerImpl.java:setRole(321)) - f55ec62f-fc83-4b90-9ad3-211b23c840f1@group-9FD6A907DAE7: changes role from CANDIDATE to FOLLOWER at term 1 for REJECTED
2022-11-10 17:28:10,012 [f55ec62f-fc83-4b90-9ad3-211b23c840f1@group-9FD6A907DAE7-LeaderElection5] INFO  impl.RoleInfo (RoleInfo.java:shutdownLeaderElection(130)) - f55ec62f-fc83-4b90-9ad3-211b23c840f1: shutdown f55ec62f-fc83-4b90-9ad3-211b23c840f1@group-9FD6A907DAE7-LeaderElection5
2022-11-10 17:28:10,012 [f55ec62f-fc83-4b90-9ad3-211b23c840f1@group-9FD6A907DAE7-LeaderElection5] INFO  impl.RoleInfo (RoleInfo.java:updateAndGet(139)) - f55ec62f-fc83-4b90-9ad3-211b23c840f1: start f55ec62f-fc83-4b90-9ad3-211b23c840f1@group-9FD6A907DAE7-FollowerState
2022-11-10 17:28:10,022 [325472d8-9d81-4b17-841b-efb836b1d11d@group-B9F4CA427F3E-LeaderElection6] INFO  impl.LeaderElection (LeaderElection.java:askForVotes(312)) - 325472d8-9d81-4b17-841b-efb836b1d11d@group-B9F4CA427F3E-LeaderElection6 ELECTION round 0: submit vote requests at term 1 for -1: peers:[325472d8-9d81-4b17-841b-efb836b1d11d|rpc:10.1.1.193:39899|priority:1|startupRole:FOLLOWER]|listeners:[], old=null
2022-11-10 17:28:10,022 [325472d8-9d81-4b17-841b-efb836b1d11d@group-B9F4CA427F3E-LeaderElection6] INFO  impl.LeaderElection (LeaderElection.java:askForVotes(314)) - 325472d8-9d81-4b17-841b-efb836b1d11d@group-B9F4CA427F3E-LeaderElection6 ELECTION round 0: result PASSED (term=1)
2022-11-10 17:28:10,022 [325472d8-9d81-4b17-841b-efb836b1d11d@group-B9F4CA427F3E-LeaderElection6] INFO  impl.RoleInfo (RoleInfo.java:shutdownLeaderElection(130)) - 325472d8-9d81-4b17-841b-efb836b1d11d: shutdown 325472d8-9d81-4b17-841b-efb836b1d11d@group-B9F4CA427F3E-LeaderElection6
2022-11-10 17:28:10,022 [325472d8-9d81-4b17-841b-efb836b1d11d@group-B9F4CA427F3E-LeaderElection6] INFO  server.RaftServer$Division (RaftServerImpl.java:setRole(321)) - 325472d8-9d81-4b17-841b-efb836b1d11d@group-B9F4CA427F3E: changes role from CANDIDATE to LEADER at term 1 for changeToLeader
2022-11-10 17:28:10,022 [325472d8-9d81-4b17-841b-efb836b1d11d@group-B9F4CA427F3E-LeaderElection6] INFO  ratis.XceiverServerRatis (XceiverServerRatis.java:handleLeaderChangedNotification(863)) - Leader change notification received for group: group-B9F4CA427F3E with new leaderId: 325472d8-9d81-4b17-841b-efb836b1d11d
2022-11-10 17:28:10,022 [325472d8-9d81-4b17-841b-efb836b1d11d@group-B9F4CA427F3E-LeaderElection6] INFO  server.RaftServer$Division (ServerState.java:setLeader(313)) - 325472d8-9d81-4b17-841b-efb836b1d11d@group-B9F4CA427F3E: change Leader from null to 325472d8-9d81-4b17-841b-efb836b1d11d at term 1 for becomeLeader, leader elected after 5191ms
2022-11-10 17:28:10,022 [325472d8-9d81-4b17-841b-efb836b1d11d@group-B9F4CA427F3E-LeaderElection6] INFO  server.RaftServerConfigKeys (ConfUtils.java:logGet(46)) - raft.server.staging.catchup.gap = 1000 (default)
2022-11-10 17:28:10,022 [325472d8-9d81-4b17-841b-efb836b1d11d@group-B9F4CA427F3E-LeaderElection6] INFO  server.RaftServerConfigKeys (ConfUtils.java:logGet(46)) - raft.server.write.element-limit = 1024 (custom)
2022-11-10 17:28:10,023 [325472d8-9d81-4b17-841b-efb836b1d11d@group-B9F4CA427F3E-LeaderElection6] INFO  server.RaftServerConfigKeys (ConfUtils.java:logGet(46)) - raft.server.write.byte-limit = 1024 M (=1073741824) (custom)
2022-11-10 17:28:10,023 [325472d8-9d81-4b17-841b-efb836b1d11d@group-B9F4CA427F3E-LeaderElection6] INFO  server.RaftServerConfigKeys (ConfUtils.java:logGet(46)) - raft.server.watch.timeout = 180s (custom)
2022-11-10 17:28:10,023 [325472d8-9d81-4b17-841b-efb836b1d11d@group-B9F4CA427F3E-LeaderElection6] INFO  server.RaftServerConfigKeys (ConfUtils.java:logGet(46)) - raft.server.watch.timeout.denomination = 1s (default)
2022-11-10 17:28:10,023 [325472d8-9d81-4b17-841b-efb836b1d11d@group-B9F4CA427F3E-LeaderElection6] INFO  server.RaftServerConfigKeys (ConfUtils.java:logGet(46)) - raft.server.watch.element-limit = 65536 (default)
2022-11-10 17:28:10,023 [325472d8-9d81-4b17-841b-efb836b1d11d@group-B9F4CA427F3E-LeaderElection6] INFO  server.RaftServerConfigKeys (ConfUtils.java:logGet(46)) - raft.server.write.element-limit = 1024 (custom)
2022-11-10 17:28:10,024 [325472d8-9d81-4b17-841b-efb836b1d11d@group-B9F4CA427F3E-LeaderElection6] INFO  server.RaftServerConfigKeys (ConfUtils.java:logGet(46)) - raft.server.write.follower.gap.ratio.max = -1.0 (default)
2022-11-10 17:28:10,024 [f55ec62f-fc83-4b90-9ad3-211b23c840f1@group-9FD6A907DAE7-FollowerState] INFO  server.RaftServerConfigKeys (ConfUtils.java:logFallback(53)) - raft.server.rpc.first-election.timeout.min = 5s (fallback to raft.server.rpc.timeout.min)
2022-11-10 17:28:10,024 [f55ec62f-fc83-4b90-9ad3-211b23c840f1@group-9FD6A907DAE7-FollowerState] INFO  server.RaftServerConfigKeys (ConfUtils.java:logFallback(53)) - raft.server.rpc.first-election.timeout.max = 5200ms (fallback to raft.server.rpc.timeout.max)
2022-11-10 17:28:10,025 [325472d8-9d81-4b17-841b-efb836b1d11d@group-B9F4CA427F3E-LeaderElection6] INFO  impl.RoleInfo (RoleInfo.java:updateAndGet(139)) - 325472d8-9d81-4b17-841b-efb836b1d11d: start 325472d8-9d81-4b17-841b-efb836b1d11d@group-B9F4CA427F3E-LeaderStateImpl
2022-11-10 17:28:10,025 [325472d8-9d81-4b17-841b-efb836b1d11d@group-B9F4CA427F3E-LeaderElection6] INFO  segmented.SegmentedRaftLogWorker (SegmentedRaftLogWorker.java:startLogSegment(452)) - 325472d8-9d81-4b17-841b-efb836b1d11d@group-B9F4CA427F3E-SegmentedRaftLogWorker: Starting segment from index:0
2022-11-10 17:28:10,026 [325472d8-9d81-4b17-841b-efb836b1d11d@group-B9F4CA427F3E-SegmentedRaftLogWorker] INFO  segmented.SegmentedRaftLogWorker (SegmentedRaftLogWorker.java:execute(656)) - 325472d8-9d81-4b17-841b-efb836b1d11d@group-B9F4CA427F3E-SegmentedRaftLogWorker: created new log segment /home/runner/work/ozone/ozone/hadoop-ozone/integration-test/target/test-dir/MiniOzoneClusterImpl-5e6b204f-6d0c-499e-8bc7-d272478adc61/datanode-2/data/ratis/5715913b-6797-45d0-826b-b9f4ca427f3e/current/log_inprogress_0
2022-11-10 17:28:10,041 [325472d8-9d81-4b17-841b-efb836b1d11d@group-B9F4CA427F3E-LeaderElection6] INFO  server.RaftServer$Division (ServerState.java:setRaftConf(430)) - 325472d8-9d81-4b17-841b-efb836b1d11d@group-B9F4CA427F3E: set configuration 0: peers:[325472d8-9d81-4b17-841b-efb836b1d11d|rpc:10.1.1.193:39899|dataStream:|priority:1|startupRole:FOLLOWER]|listeners:[], old=null
2022-11-10 17:28:10,126 [IPC Server handler 14 on default port 46509] INFO  ha.SequenceIdGenerator (SequenceIdGenerator.java:getNextId(128)) - Allocate a batch for containerId, change lastId from 0 to 1000.
2022-11-10 17:28:10,137 [IPC Server handler 14 on default port 46509] WARN  ha.SequenceIdGenerator (SequenceIdGenerator.java:allocateBatch(237)) - Failed to allocate a batch for localId, expected lastId is 0, actual lastId is 109611004723200000.
2022-11-10 17:28:10,137 [IPC Server handler 14 on default port 46509] INFO  ha.SequenceIdGenerator (SequenceIdGenerator.java:getNextId(128)) - Allocate a batch for localId, change lastId from 109611004723200000 to 109611004723201000.
2022-11-10 17:28:10,361 [0b1dc6e2-94f6-44f1-9e64-a7602261fe9e@group-B8554F0414A7-FollowerState] INFO  impl.FollowerState (FollowerState.java:run(143)) - 0b1dc6e2-94f6-44f1-9e64-a7602261fe9e@group-B8554F0414A7-FollowerState: change to CANDIDATE, lastRpcElapsedTime:5134955547ns, electionTimeout:5103ms
2022-11-10 17:28:10,362 [0b1dc6e2-94f6-44f1-9e64-a7602261fe9e@group-B8554F0414A7-FollowerState] INFO  impl.RoleInfo (RoleInfo.java:shutdownFollowerState(110)) - 0b1dc6e2-94f6-44f1-9e64-a7602261fe9e: shutdown 0b1dc6e2-94f6-44f1-9e64-a7602261fe9e@group-B8554F0414A7-FollowerState
2022-11-10 17:28:10,362 [0b1dc6e2-94f6-44f1-9e64-a7602261fe9e@group-B8554F0414A7-FollowerState] INFO  server.RaftServer$Division (RaftServerImpl.java:setRole(321)) - 0b1dc6e2-94f6-44f1-9e64-a7602261fe9e@group-B8554F0414A7: changes role from  FOLLOWER to CANDIDATE at term 0 for changeToCandidate
2022-11-10 17:28:10,371 [0b1dc6e2-94f6-44f1-9e64-a7602261fe9e@group-B8554F0414A7-FollowerState] INFO  server.RaftServerConfigKeys (ConfUtils.java:logGet(46)) - raft.server.leaderelection.pre-vote = false (custom)
2022-11-10 17:28:10,371 [0b1dc6e2-94f6-44f1-9e64-a7602261fe9e@group-B8554F0414A7-FollowerState] INFO  impl.RoleInfo (RoleInfo.java:updateAndGet(139)) - 0b1dc6e2-94f6-44f1-9e64-a7602261fe9e: start 0b1dc6e2-94f6-44f1-9e64-a7602261fe9e@group-B8554F0414A7-LeaderElection7
2022-11-10 17:28:10,377 [0b1dc6e2-94f6-44f1-9e64-a7602261fe9e@group-B8554F0414A7-LeaderElection7] INFO  impl.LeaderElection (LeaderElection.java:askForVotes(312)) - 0b1dc6e2-94f6-44f1-9e64-a7602261fe9e@group-B8554F0414A7-LeaderElection7 ELECTION round 0: submit vote requests at term 1 for -1: peers:[7493d598-9ec5-46a7-8aa9-dc1154913886|rpc:10.1.1.193:33661|priority:0|startupRole:FOLLOWER, e820eb09-a4f5-42d5-9992-ed2f360ca321|rpc:10.1.1.193:36195|priority:0|startupRole:FOLLOWER, 0b1dc6e2-94f6-44f1-9e64-a7602261fe9e|rpc:10.1.1.193:35445|priority:1|startupRole:FOLLOWER]|listeners:[], old=null
2022-11-10 17:28:10,380 [0b1dc6e2-94f6-44f1-9e64-a7602261fe9e@group-B8554F0414A7-LeaderElection7] INFO  server.RaftServerConfigKeys (ConfUtils.java:logFallback(53)) - raft.server.rpc.first-election.timeout.min = 5s (fallback to raft.server.rpc.timeout.min)
2022-11-10 17:28:10,380 [0b1dc6e2-94f6-44f1-9e64-a7602261fe9e@group-B8554F0414A7-LeaderElection7] INFO  server.RaftServerConfigKeys (ConfUtils.java:logFallback(53)) - raft.server.rpc.first-election.timeout.max = 5200ms (fallback to raft.server.rpc.timeout.max)
2022-11-10 17:28:10,380 [0b1dc6e2-94f6-44f1-9e64-a7602261fe9e@group-B8554F0414A7-LeaderElection7-1] INFO  server.GrpcServerProtocolClient (GrpcServerProtocolClient.java:<init>(63)) - Build channel for 7493d598-9ec5-46a7-8aa9-dc1154913886
2022-11-10 17:28:10,389 [0b1dc6e2-94f6-44f1-9e64-a7602261fe9e@group-B8554F0414A7-LeaderElection7-2] INFO  server.GrpcServerProtocolClient (GrpcServerProtocolClient.java:<init>(63)) - Build channel for e820eb09-a4f5-42d5-9992-ed2f360ca321
2022-11-10 17:28:10,394 [0b1dc6e2-94f6-44f1-9e64-a7602261fe9e@group-0EB51E0C8748-FollowerState] INFO  impl.FollowerState (FollowerState.java:run(143)) - 0b1dc6e2-94f6-44f1-9e64-a7602261fe9e@group-0EB51E0C8748-FollowerState: change to CANDIDATE, lastRpcElapsedTime:5188602531ns, electionTimeout:5187ms
2022-11-10 17:28:10,394 [0b1dc6e2-94f6-44f1-9e64-a7602261fe9e@group-0EB51E0C8748-FollowerState] INFO  impl.RoleInfo (RoleInfo.java:shutdownFollowerState(110)) - 0b1dc6e2-94f6-44f1-9e64-a7602261fe9e: shutdown 0b1dc6e2-94f6-44f1-9e64-a7602261fe9e@group-0EB51E0C8748-FollowerState
2022-11-10 17:28:10,394 [0b1dc6e2-94f6-44f1-9e64-a7602261fe9e@group-0EB51E0C8748-FollowerState] INFO  server.RaftServer$Division (RaftServerImpl.java:setRole(321)) - 0b1dc6e2-94f6-44f1-9e64-a7602261fe9e@group-0EB51E0C8748: changes role from  FOLLOWER to CANDIDATE at term 0 for changeToCandidate
2022-11-10 17:28:10,400 [0b1dc6e2-94f6-44f1-9e64-a7602261fe9e@group-0EB51E0C8748-FollowerState] INFO  server.RaftServerConfigKeys (ConfUtils.java:logGet(46)) - raft.server.leaderelection.pre-vote = false (custom)
2022-11-10 17:28:10,400 [0b1dc6e2-94f6-44f1-9e64-a7602261fe9e@group-0EB51E0C8748-FollowerState] INFO  impl.RoleInfo (RoleInfo.java:updateAndGet(139)) - 0b1dc6e2-94f6-44f1-9e64-a7602261fe9e: start 0b1dc6e2-94f6-44f1-9e64-a7602261fe9e@group-0EB51E0C8748-LeaderElection8
2022-11-10 17:28:10,427 [0b1dc6e2-94f6-44f1-9e64-a7602261fe9e@group-E7907858A5D7-FollowerState] INFO  impl.FollowerState (FollowerState.java:run(143)) - 0b1dc6e2-94f6-44f1-9e64-a7602261fe9e@group-E7907858A5D7-FollowerState: change to CANDIDATE, lastRpcElapsedTime:5049995163ns, electionTimeout:5037ms
2022-11-10 17:28:10,427 [0b1dc6e2-94f6-44f1-9e64-a7602261fe9e@group-E7907858A5D7-FollowerState] INFO  impl.RoleInfo (RoleInfo.java:shutdownFollowerState(110)) - 0b1dc6e2-94f6-44f1-9e64-a7602261fe9e: shutdown 0b1dc6e2-94f6-44f1-9e64-a7602261fe9e@group-E7907858A5D7-FollowerState
2022-11-10 17:28:10,427 [0b1dc6e2-94f6-44f1-9e64-a7602261fe9e@group-E7907858A5D7-FollowerState] INFO  server.RaftServer$Division (RaftServerImpl.java:setRole(321)) - 0b1dc6e2-94f6-44f1-9e64-a7602261fe9e@group-E7907858A5D7: changes role from  FOLLOWER to CANDIDATE at term 0 for changeToCandidate
2022-11-10 17:28:10,427 [0b1dc6e2-94f6-44f1-9e64-a7602261fe9e@group-E7907858A5D7-FollowerState] INFO  server.RaftServerConfigKeys (ConfUtils.java:logGet(46)) - raft.server.leaderelection.pre-vote = false (custom)
2022-11-10 17:28:10,427 [0b1dc6e2-94f6-44f1-9e64-a7602261fe9e@group-E7907858A5D7-FollowerState] INFO  impl.RoleInfo (RoleInfo.java:updateAndGet(139)) - 0b1dc6e2-94f6-44f1-9e64-a7602261fe9e: start 0b1dc6e2-94f6-44f1-9e64-a7602261fe9e@group-E7907858A5D7-LeaderElection9
2022-11-10 17:28:10,442 [0b1dc6e2-94f6-44f1-9e64-a7602261fe9e@group-0EB51E0C8748-LeaderElection8] INFO  impl.LeaderElection (LeaderElection.java:askForVotes(312)) - 0b1dc6e2-94f6-44f1-9e64-a7602261fe9e@group-0EB51E0C8748-LeaderElection8 ELECTION round 0: submit vote requests at term 1 for -1: peers:[0b1dc6e2-94f6-44f1-9e64-a7602261fe9e|rpc:10.1.1.193:35445|priority:1|startupRole:FOLLOWER]|listeners:[], old=null
2022-11-10 17:28:10,442 [0b1dc6e2-94f6-44f1-9e64-a7602261fe9e@group-0EB51E0C8748-LeaderElection8] INFO  impl.LeaderElection (LeaderElection.java:askForVotes(314)) - 0b1dc6e2-94f6-44f1-9e64-a7602261fe9e@group-0EB51E0C8748-LeaderElection8 ELECTION round 0: result PASSED (term=1)
2022-11-10 17:28:10,442 [0b1dc6e2-94f6-44f1-9e64-a7602261fe9e@group-0EB51E0C8748-LeaderElection8] INFO  impl.RoleInfo (RoleInfo.java:shutdownLeaderElection(130)) - 0b1dc6e2-94f6-44f1-9e64-a7602261fe9e: shutdown 0b1dc6e2-94f6-44f1-9e64-a7602261fe9e@group-0EB51E0C8748-LeaderElection8
2022-11-10 17:28:10,442 [0b1dc6e2-94f6-44f1-9e64-a7602261fe9e@group-0EB51E0C8748-LeaderElection8] INFO  server.RaftServer$Division (RaftServerImpl.java:setRole(321)) - 0b1dc6e2-94f6-44f1-9e64-a7602261fe9e@group-0EB51E0C8748: changes role from CANDIDATE to LEADER at term 1 for changeToLeader
2022-11-10 17:28:10,442 [0b1dc6e2-94f6-44f1-9e64-a7602261fe9e@group-0EB51E0C8748-LeaderElection8] INFO  ratis.XceiverServerRatis (XceiverServerRatis.java:handleLeaderChangedNotification(863)) - Leader change notification received for group: group-0EB51E0C8748 with new leaderId: 0b1dc6e2-94f6-44f1-9e64-a7602261fe9e
2022-11-10 17:28:10,442 [0b1dc6e2-94f6-44f1-9e64-a7602261fe9e@group-0EB51E0C8748-LeaderElection8] INFO  server.RaftServer$Division (ServerState.java:setLeader(313)) - 0b1dc6e2-94f6-44f1-9e64-a7602261fe9e@group-0EB51E0C8748: change Leader from null to 0b1dc6e2-94f6-44f1-9e64-a7602261fe9e at term 1 for becomeLeader, leader elected after 5251ms
2022-11-10 17:28:10,442 [0b1dc6e2-94f6-44f1-9e64-a7602261fe9e@group-0EB51E0C8748-LeaderElection8] INFO  server.RaftServerConfigKeys (ConfUtils.java:logGet(46)) - raft.server.staging.catchup.gap = 1000 (default)
2022-11-10 17:28:10,442 [0b1dc6e2-94f6-44f1-9e64-a7602261fe9e@group-0EB51E0C8748-LeaderElection8] INFO  server.RaftServerConfigKeys (ConfUtils.java:logGet(46)) - raft.server.write.element-limit = 1024 (custom)
2022-11-10 17:28:10,442 [0b1dc6e2-94f6-44f1-9e64-a7602261fe9e@group-0EB51E0C8748-LeaderElection8] INFO  server.RaftServerConfigKeys (ConfUtils.java:logGet(46)) - raft.server.write.byte-limit = 1024 M (=1073741824) (custom)
2022-11-10 17:28:10,443 [0b1dc6e2-94f6-44f1-9e64-a7602261fe9e@group-0EB51E0C8748-LeaderElection8] INFO  server.RaftServerConfigKeys (ConfUtils.java:logGet(46)) - raft.server.watch.timeout = 180s (custom)
2022-11-10 17:28:10,443 [0b1dc6e2-94f6-44f1-9e64-a7602261fe9e@group-0EB51E0C8748-LeaderElection8] INFO  server.RaftServerConfigKeys (ConfUtils.java:logGet(46)) - raft.server.watch.timeout.denomination = 1s (default)
2022-11-10 17:28:10,443 [0b1dc6e2-94f6-44f1-9e64-a7602261fe9e@group-0EB51E0C8748-LeaderElection8] INFO  server.RaftServerConfigKeys (ConfUtils.java:logGet(46)) - raft.server.watch.element-limit = 65536 (default)
2022-11-10 17:28:10,443 [0b1dc6e2-94f6-44f1-9e64-a7602261fe9e@group-0EB51E0C8748-LeaderElection8] INFO  server.RaftServerConfigKeys (ConfUtils.java:logGet(46)) - raft.server.write.element-limit = 1024 (custom)
2022-11-10 17:28:10,443 [0b1dc6e2-94f6-44f1-9e64-a7602261fe9e@group-0EB51E0C8748-LeaderElection8] INFO  server.RaftServerConfigKeys (ConfUtils.java:logGet(46)) - raft.server.write.follower.gap.ratio.max = -1.0 (default)
2022-11-10 17:28:10,443 [0b1dc6e2-94f6-44f1-9e64-a7602261fe9e@group-0EB51E0C8748-LeaderElection8] INFO  impl.RoleInfo (RoleInfo.java:updateAndGet(139)) - 0b1dc6e2-94f6-44f1-9e64-a7602261fe9e: start 0b1dc6e2-94f6-44f1-9e64-a7602261fe9e@group-0EB51E0C8748-LeaderStateImpl
2022-11-10 17:28:10,443 [0b1dc6e2-94f6-44f1-9e64-a7602261fe9e@group-0EB51E0C8748-LeaderElection8] INFO  segmented.SegmentedRaftLogWorker (SegmentedRaftLogWorker.java:startLogSegment(452)) - 0b1dc6e2-94f6-44f1-9e64-a7602261fe9e@group-0EB51E0C8748-SegmentedRaftLogWorker: Starting segment from index:0
2022-11-10 17:28:10,451 [7493d598-9ec5-46a7-8aa9-dc1154913886@group-B8554F0414A7-FollowerState] INFO  impl.FollowerState (FollowerState.java:run(143)) - 7493d598-9ec5-46a7-8aa9-dc1154913886@group-B8554F0414A7-FollowerState: change to CANDIDATE, lastRpcElapsedTime:5115049258ns, electionTimeout:5095ms
2022-11-10 17:28:10,451 [7493d598-9ec5-46a7-8aa9-dc1154913886@group-B8554F0414A7-FollowerState] INFO  impl.RoleInfo (RoleInfo.java:shutdownFollowerState(110)) - 7493d598-9ec5-46a7-8aa9-dc1154913886: shutdown 7493d598-9ec5-46a7-8aa9-dc1154913886@group-B8554F0414A7-FollowerState
2022-11-10 17:28:10,451 [7493d598-9ec5-46a7-8aa9-dc1154913886@group-B8554F0414A7-FollowerState] INFO  server.RaftServer$Division (RaftServerImpl.java:setRole(321)) - 7493d598-9ec5-46a7-8aa9-dc1154913886@group-B8554F0414A7: changes role from  FOLLOWER to CANDIDATE at term 0 for changeToCandidate
2022-11-10 17:28:10,451 [7493d598-9ec5-46a7-8aa9-dc1154913886@group-B8554F0414A7-FollowerState] INFO  server.RaftServerConfigKeys (ConfUtils.java:logGet(46)) - raft.server.leaderelection.pre-vote = false (custom)
2022-11-10 17:28:10,451 [7493d598-9ec5-46a7-8aa9-dc1154913886@group-B8554F0414A7-FollowerState] INFO  impl.RoleInfo (RoleInfo.java:updateAndGet(139)) - 7493d598-9ec5-46a7-8aa9-dc1154913886: start 7493d598-9ec5-46a7-8aa9-dc1154913886@group-B8554F0414A7-LeaderElection10
2022-11-10 17:28:10,452 [grpc-default-executor-3] INFO  server.RaftServer$Division (RaftServerImpl.java:requestVote(1218)) - e820eb09-a4f5-42d5-9992-ed2f360ca321@group-B8554F0414A7: receive requestVote(ELECTION, 0b1dc6e2-94f6-44f1-9e64-a7602261fe9e, group-B8554F0414A7, 1, (t:0, i:0))
2022-11-10 17:28:10,452 [grpc-default-executor-3] INFO  impl.VoteContext (VoteContext.java:log(48)) - e820eb09-a4f5-42d5-9992-ed2f360ca321@group-B8554F0414A7-FOLLOWER: accept ELECTION from 0b1dc6e2-94f6-44f1-9e64-a7602261fe9e: our priority 0 <= candidate's priority 1
2022-11-10 17:28:10,452 [grpc-default-executor-3] INFO  server.RaftServer$Division (RaftServerImpl.java:setRole(321)) - e820eb09-a4f5-42d5-9992-ed2f360ca321@group-B8554F0414A7: changes role from  FOLLOWER to FOLLOWER at term 1 for candidate:0b1dc6e2-94f6-44f1-9e64-a7602261fe9e
2022-11-10 17:28:10,452 [grpc-default-executor-3] INFO  impl.RoleInfo (RoleInfo.java:shutdownFollowerState(110)) - e820eb09-a4f5-42d5-9992-ed2f360ca321: shutdown e820eb09-a4f5-42d5-9992-ed2f360ca321@group-B8554F0414A7-FollowerState
2022-11-10 17:28:10,455 [e820eb09-a4f5-42d5-9992-ed2f360ca321@group-B8554F0414A7-FollowerState] INFO  impl.FollowerState (FollowerState.java:shouldRun(117)) - e820eb09-a4f5-42d5-9992-ed2f360ca321@group-B8554F0414A7-FollowerState: Stopping now (isRunning? false, role = FOLLOWER)
2022-11-10 17:28:10,457 [grpc-default-executor-3] INFO  impl.RoleInfo (RoleInfo.java:updateAndGet(139)) - e820eb09-a4f5-42d5-9992-ed2f360ca321: start e820eb09-a4f5-42d5-9992-ed2f360ca321@group-B8554F0414A7-FollowerState
2022-11-10 17:28:10,457 [grpc-default-executor-4] INFO  server.RaftServer$Division (RaftServerImpl.java:requestVote(1218)) - 7493d598-9ec5-46a7-8aa9-dc1154913886@group-B8554F0414A7: receive requestVote(ELECTION, 0b1dc6e2-94f6-44f1-9e64-a7602261fe9e, group-B8554F0414A7, 1, (t:0, i:0))
2022-11-10 17:28:10,457 [grpc-default-executor-4] INFO  impl.VoteContext (VoteContext.java:log(48)) - 7493d598-9ec5-46a7-8aa9-dc1154913886@group-B8554F0414A7-CANDIDATE: accept ELECTION from 0b1dc6e2-94f6-44f1-9e64-a7602261fe9e: our priority 0 <= candidate's priority 1
2022-11-10 17:28:10,457 [grpc-default-executor-4] INFO  server.RaftServer$Division (RaftServerImpl.java:setRole(321)) - 7493d598-9ec5-46a7-8aa9-dc1154913886@group-B8554F0414A7: changes role from CANDIDATE to FOLLOWER at term 1 for candidate:0b1dc6e2-94f6-44f1-9e64-a7602261fe9e
2022-11-10 17:28:10,457 [0b1dc6e2-94f6-44f1-9e64-a7602261fe9e@group-0EB51E0C8748-LeaderElection8] INFO  server.RaftServer$Division (ServerState.java:setRaftConf(430)) - 0b1dc6e2-94f6-44f1-9e64-a7602261fe9e@group-0EB51E0C8748: set configuration 0: peers:[0b1dc6e2-94f6-44f1-9e64-a7602261fe9e|rpc:10.1.1.193:35445|dataStream:|priority:1|startupRole:FOLLOWER]|listeners:[], old=null
2022-11-10 17:28:10,457 [grpc-default-executor-4] INFO  impl.RoleInfo (RoleInfo.java:shutdownLeaderElection(130)) - 7493d598-9ec5-46a7-8aa9-dc1154913886: shutdown 7493d598-9ec5-46a7-8aa9-dc1154913886@group-B8554F0414A7-LeaderElection10
2022-11-10 17:28:10,458 [e820eb09-a4f5-42d5-9992-ed2f360ca321@group-B8554F0414A7-FollowerState] INFO  server.RaftServerConfigKeys (ConfUtils.java:logFallback(53)) - raft.server.rpc.first-election.timeout.min = 5s (fallback to raft.server.rpc.timeout.min)
2022-11-10 17:28:10,458 [e820eb09-a4f5-42d5-9992-ed2f360ca321@group-B8554F0414A7-FollowerState] INFO  server.RaftServerConfigKeys (ConfUtils.java:logFallback(53)) - raft.server.rpc.first-election.timeout.max = 5200ms (fallback to raft.server.rpc.timeout.max)
2022-11-10 17:28:10,459 [grpc-default-executor-3] INFO  server.RaftServer$Division (RaftServerImpl.java:requestVote(1251)) - e820eb09-a4f5-42d5-9992-ed2f360ca321@group-B8554F0414A7 replies to ELECTION vote request: 0b1dc6e2-94f6-44f1-9e64-a7602261fe9e<-e820eb09-a4f5-42d5-9992-ed2f360ca321#0:OK-t1. Peer's state: e820eb09-a4f5-42d5-9992-ed2f360ca321@group-B8554F0414A7:t1, leader=null, voted=0b1dc6e2-94f6-44f1-9e64-a7602261fe9e, raftlog=Memoized:e820eb09-a4f5-42d5-9992-ed2f360ca321@group-B8554F0414A7-SegmentedRaftLog:OPENED:c-1, conf=-1: peers:[7493d598-9ec5-46a7-8aa9-dc1154913886|rpc:10.1.1.193:33661|dataStream:|priority:0|startupRole:FOLLOWER, e820eb09-a4f5-42d5-9992-ed2f360ca321|rpc:10.1.1.193:36195|dataStream:|priority:0|startupRole:FOLLOWER, 0b1dc6e2-94f6-44f1-9e64-a7602261fe9e|rpc:10.1.1.193:35445|dataStream:|priority:1|startupRole:FOLLOWER]|listeners:[], old=null
2022-11-10 17:28:10,463 [0b1dc6e2-94f6-44f1-9e64-a7602261fe9e@group-B8554F0414A7-LeaderElection7] INFO  impl.LeaderElection (LeaderElection.java:logAndReturn(90)) - 0b1dc6e2-94f6-44f1-9e64-a7602261fe9e@group-B8554F0414A7-LeaderElection7: ELECTION PASSED received 1 response(s) and 0 exception(s):
2022-11-10 17:28:10,463 [0b1dc6e2-94f6-44f1-9e64-a7602261fe9e@group-B8554F0414A7-LeaderElection7] INFO  impl.LeaderElection (LeaderElection.java:logAndReturn(94)) -   Response 0: 0b1dc6e2-94f6-44f1-9e64-a7602261fe9e<-e820eb09-a4f5-42d5-9992-ed2f360ca321#0:OK-t1
2022-11-10 17:28:10,464 [0b1dc6e2-94f6-44f1-9e64-a7602261fe9e@group-B8554F0414A7-LeaderElection7] INFO  impl.LeaderElection (LeaderElection.java:askForVotes(314)) - 0b1dc6e2-94f6-44f1-9e64-a7602261fe9e@group-B8554F0414A7-LeaderElection7 ELECTION round 0: result PASSED
2022-11-10 17:28:10,464 [0b1dc6e2-94f6-44f1-9e64-a7602261fe9e@group-B8554F0414A7-LeaderElection7] INFO  impl.RoleInfo (RoleInfo.java:shutdownLeaderElection(130)) - 0b1dc6e2-94f6-44f1-9e64-a7602261fe9e: shutdown 0b1dc6e2-94f6-44f1-9e64-a7602261fe9e@group-B8554F0414A7-LeaderElection7
2022-11-10 17:28:10,470 [0b1dc6e2-94f6-44f1-9e64-a7602261fe9e@group-B8554F0414A7-LeaderElection7] INFO  server.RaftServer$Division (RaftServerImpl.java:setRole(321)) - 0b1dc6e2-94f6-44f1-9e64-a7602261fe9e@group-B8554F0414A7: changes role from CANDIDATE to LEADER at term 1 for changeToLeader
2022-11-10 17:28:10,470 [grpc-default-executor-4] INFO  impl.RoleInfo (RoleInfo.java:updateAndGet(139)) - 7493d598-9ec5-46a7-8aa9-dc1154913886: start 7493d598-9ec5-46a7-8aa9-dc1154913886@group-B8554F0414A7-FollowerState
2022-11-10 17:28:10,470 [0b1dc6e2-94f6-44f1-9e64-a7602261fe9e@group-E7907858A5D7-LeaderElection9] INFO  impl.LeaderElection (LeaderElection.java:askForVotes(312)) - 0b1dc6e2-94f6-44f1-9e64-a7602261fe9e@group-E7907858A5D7-LeaderElection9 ELECTION round 0: submit vote requests at term 1 for -1: peers:[7493d598-9ec5-46a7-8aa9-dc1154913886|rpc:10.1.1.193:33661|priority:1|startupRole:FOLLOWER, e820eb09-a4f5-42d5-9992-ed2f360ca321|rpc:10.1.1.193:36195|priority:0|startupRole:FOLLOWER, 0b1dc6e2-94f6-44f1-9e64-a7602261fe9e|rpc:10.1.1.193:35445|priority:0|startupRole:FOLLOWER]|listeners:[], old=null
2022-11-10 17:28:10,470 [0b1dc6e2-94f6-44f1-9e64-a7602261fe9e@group-B8554F0414A7-LeaderElection7] INFO  ratis.XceiverServerRatis (XceiverServerRatis.java:handleLeaderChangedNotification(863)) - Leader change notification received for group: group-B8554F0414A7 with new leaderId: 0b1dc6e2-94f6-44f1-9e64-a7602261fe9e
2022-11-10 17:28:10,471 [0b1dc6e2-94f6-44f1-9e64-a7602261fe9e@group-0EB51E0C8748-SegmentedRaftLogWorker] INFO  segmented.SegmentedRaftLogWorker (SegmentedRaftLogWorker.java:execute(656)) - 0b1dc6e2-94f6-44f1-9e64-a7602261fe9e@group-0EB51E0C8748-SegmentedRaftLogWorker: created new log segment /home/runner/work/ozone/ozone/hadoop-ozone/integration-test/target/test-dir/MiniOzoneClusterImpl-5e6b204f-6d0c-499e-8bc7-d272478adc61/datanode-3/data/ratis/660a79ab-8e9e-4cf7-b0cd-0eb51e0c8748/current/log_inprogress_0
2022-11-10 17:28:10,472 [0b1dc6e2-94f6-44f1-9e64-a7602261fe9e@group-E7907858A5D7-LeaderElection9] INFO  server.RaftServerConfigKeys (ConfUtils.java:logFallback(53)) - raft.server.rpc.first-election.timeout.min = 5s (fallback to raft.server.rpc.timeout.min)
2022-11-10 17:28:10,472 [0b1dc6e2-94f6-44f1-9e64-a7602261fe9e@group-E7907858A5D7-LeaderElection9] INFO  server.RaftServerConfigKeys (ConfUtils.java:logFallback(53)) - raft.server.rpc.first-election.timeout.max = 5200ms (fallback to raft.server.rpc.timeout.max)
2022-11-10 17:28:10,479 [grpc-default-executor-0] INFO  server.RaftServer$Division (RaftServerImpl.java:requestVote(1218)) - 7493d598-9ec5-46a7-8aa9-dc1154913886@group-E7907858A5D7: receive requestVote(ELECTION, 0b1dc6e2-94f6-44f1-9e64-a7602261fe9e, group-E7907858A5D7, 1, (t:0, i:0))
2022-11-10 17:28:10,479 [grpc-default-executor-0] INFO  impl.VoteContext (VoteContext.java:log(48)) - 7493d598-9ec5-46a7-8aa9-dc1154913886@group-E7907858A5D7-FOLLOWER: reject ELECTION from 0b1dc6e2-94f6-44f1-9e64-a7602261fe9e: our priority 1 > candidate's priority 0
2022-11-10 17:28:10,479 [grpc-default-executor-0] INFO  server.RaftServer$Division (RaftServerImpl.java:setRole(321)) - 7493d598-9ec5-46a7-8aa9-dc1154913886@group-E7907858A5D7: changes role from  FOLLOWER to FOLLOWER at term 1 for candidate:0b1dc6e2-94f6-44f1-9e64-a7602261fe9e
2022-11-10 17:28:10,479 [grpc-default-executor-0] INFO  impl.RoleInfo (RoleInfo.java:shutdownFollowerState(110)) - 7493d598-9ec5-46a7-8aa9-dc1154913886: shutdown 7493d598-9ec5-46a7-8aa9-dc1154913886@group-E7907858A5D7-FollowerState
2022-11-10 17:28:10,483 [e820eb09-a4f5-42d5-9992-ed2f360ca321@group-E7907858A5D7-FollowerState] INFO  impl.FollowerState (FollowerState.java:run(143)) - e820eb09-a4f5-42d5-9992-ed2f360ca321@group-E7907858A5D7-FollowerState: change to CANDIDATE, lastRpcElapsedTime:5050708020ns, electionTimeout:5041ms
2022-11-10 17:28:10,483 [e820eb09-a4f5-42d5-9992-ed2f360ca321@group-E7907858A5D7-FollowerState] INFO  impl.RoleInfo (RoleInfo.java:shutdownFollowerState(110)) - e820eb09-a4f5-42d5-9992-ed2f360ca321: shutdown e820eb09-a4f5-42d5-9992-ed2f360ca321@group-E7907858A5D7-FollowerState
2022-11-10 17:28:10,483 [e820eb09-a4f5-42d5-9992-ed2f360ca321@group-E7907858A5D7-FollowerState] INFO  server.RaftServer$Division (RaftServerImpl.java:setRole(321)) - e820eb09-a4f5-42d5-9992-ed2f360ca321@group-E7907858A5D7: changes role from  FOLLOWER to CANDIDATE at term 0 for changeToCandidate
2022-11-10 17:28:10,492 [0b1dc6e2-94f6-44f1-9e64-a7602261fe9e@group-B8554F0414A7-LeaderElection7] INFO  server.RaftServer$Division (ServerState.java:setLeader(313)) - 0b1dc6e2-94f6-44f1-9e64-a7602261fe9e@group-B8554F0414A7: change Leader from null to 0b1dc6e2-94f6-44f1-9e64-a7602261fe9e at term 1 for becomeLeader, leader elected after 5257ms
2022-11-10 17:28:10,492 [0b1dc6e2-94f6-44f1-9e64-a7602261fe9e@group-B8554F0414A7-LeaderElection7] INFO  server.RaftServerConfigKeys (ConfUtils.java:logGet(46)) - raft.server.staging.catchup.gap = 1000 (default)
2022-11-10 17:28:10,493 [0b1dc6e2-94f6-44f1-9e64-a7602261fe9e@group-B8554F0414A7-LeaderElection7] INFO  server.RaftServerConfigKeys (ConfUtils.java:logGet(46)) - raft.server.write.element-limit = 1024 (custom)
2022-11-10 17:28:10,493 [0b1dc6e2-94f6-44f1-9e64-a7602261fe9e@group-B8554F0414A7-LeaderElection7] INFO  server.RaftServerConfigKeys (ConfUtils.java:logGet(46)) - raft.server.write.byte-limit = 1024 M (=1073741824) (custom)
2022-11-10 17:28:10,493 [0b1dc6e2-94f6-44f1-9e64-a7602261fe9e@group-B8554F0414A7-LeaderElection7] INFO  server.RaftServerConfigKeys (ConfUtils.java:logGet(46)) - raft.server.watch.timeout = 180s (custom)
2022-11-10 17:28:10,493 [0b1dc6e2-94f6-44f1-9e64-a7602261fe9e@group-B8554F0414A7-LeaderElection7] INFO  server.RaftServerConfigKeys (ConfUtils.java:logGet(46)) - raft.server.watch.timeout.denomination = 1s (default)
2022-11-10 17:28:10,493 [0b1dc6e2-94f6-44f1-9e64-a7602261fe9e@group-B8554F0414A7-LeaderElection7] INFO  server.RaftServerConfigKeys (ConfUtils.java:logGet(46)) - raft.server.watch.element-limit = 65536 (default)
2022-11-10 17:28:10,493 [0b1dc6e2-94f6-44f1-9e64-a7602261fe9e@group-B8554F0414A7-LeaderElection7] INFO  server.RaftServerConfigKeys (ConfUtils.java:logGet(46)) - raft.server.write.element-limit = 1024 (custom)
2022-11-10 17:28:10,493 [0b1dc6e2-94f6-44f1-9e64-a7602261fe9e@group-B8554F0414A7-LeaderElection7] INFO  server.RaftServerConfigKeys (ConfUtils.java:logGet(46)) - raft.server.write.follower.gap.ratio.max = -1.0 (default)
2022-11-10 17:28:10,494 [0b1dc6e2-94f6-44f1-9e64-a7602261fe9e@group-B8554F0414A7-LeaderElection7] INFO  server.RaftServerConfigKeys (ConfUtils.java:logGet(46)) - raft.server.log.appender.snapshot.chunk.size.max = 16MB (=16777216) (default)
2022-11-10 17:28:10,494 [0b1dc6e2-94f6-44f1-9e64-a7602261fe9e@group-B8554F0414A7-LeaderElection7] INFO  server.RaftServerConfigKeys (ConfUtils.java:logGet(46)) - raft.server.log.appender.buffer.byte-limit = 33554432 (custom)
2022-11-10 17:28:10,494 [0b1dc6e2-94f6-44f1-9e64-a7602261fe9e@group-B8554F0414A7-LeaderElection7] INFO  server.RaftServerConfigKeys (ConfUtils.java:logGet(46)) - raft.server.log.appender.buffer.element-limit = 1 (custom)
2022-11-10 17:28:10,494 [e820eb09-a4f5-42d5-9992-ed2f360ca321@group-E7907858A5D7-FollowerState] INFO  server.RaftServerConfigKeys (ConfUtils.java:logGet(46)) - raft.server.leaderelection.pre-vote = false (custom)
2022-11-10 17:28:10,494 [e820eb09-a4f5-42d5-9992-ed2f360ca321@group-E7907858A5D7-FollowerState] INFO  impl.RoleInfo (RoleInfo.java:updateAndGet(139)) - e820eb09-a4f5-42d5-9992-ed2f360ca321: start e820eb09-a4f5-42d5-9992-ed2f360ca321@group-E7907858A5D7-LeaderElection11
2022-11-10 17:28:10,496 [grpc-default-executor-4] INFO  server.RaftServer$Division (RaftServerImpl.java:requestVote(1251)) - 7493d598-9ec5-46a7-8aa9-dc1154913886@group-B8554F0414A7 replies to ELECTION vote request: 0b1dc6e2-94f6-44f1-9e64-a7602261fe9e<-7493d598-9ec5-46a7-8aa9-dc1154913886#0:OK-t1. Peer's state: 7493d598-9ec5-46a7-8aa9-dc1154913886@group-B8554F0414A7:t1, leader=null, voted=0b1dc6e2-94f6-44f1-9e64-a7602261fe9e, raftlog=Memoized:7493d598-9ec5-46a7-8aa9-dc1154913886@group-B8554F0414A7-SegmentedRaftLog:OPENED:c-1, conf=-1: peers:[7493d598-9ec5-46a7-8aa9-dc1154913886|rpc:10.1.1.193:33661|dataStream:|priority:0|startupRole:FOLLOWER, e820eb09-a4f5-42d5-9992-ed2f360ca321|rpc:10.1.1.193:36195|dataStream:|priority:0|startupRole:FOLLOWER, 0b1dc6e2-94f6-44f1-9e64-a7602261fe9e|rpc:10.1.1.193:35445|dataStream:|priority:1|startupRole:FOLLOWER]|listeners:[], old=null
2022-11-10 17:28:10,496 [EventQueue-PipelineReportForPipelineReportHandler] INFO  pipeline.PipelineManagerImpl (PipelineManagerImpl.java:openPipeline(367)) - Pipeline Pipeline[ Id: 82d53f2f-f739-4689-ac6c-b8554f0414a7, Nodes: e820eb09-a4f5-42d5-9992-ed2f360ca321{ip: 10.1.1.193, host: fv-az77-962.bprubkmdfdkerap53zvqdzdb0e.jx.internal.cloudapp.net, ports: [REPLICATION=38395, RATIS=36195, RATIS_ADMIN=36195, RATIS_SERVER=36195, STANDALONE=44653], networkLocation: /default-rack, certSerialId: null, persistedOpState: IN_SERVICE, persistedOpStateExpiryEpochSec: 0}0b1dc6e2-94f6-44f1-9e64-a7602261fe9e{ip: 10.1.1.193, host: fv-az77-962.bprubkmdfdkerap53zvqdzdb0e.jx.internal.cloudapp.net, ports: [REPLICATION=34751, RATIS=35445, RATIS_ADMIN=35445, RATIS_SERVER=35445, STANDALONE=38501], networkLocation: /default-rack, certSerialId: null, persistedOpState: IN_SERVICE, persistedOpStateExpiryEpochSec: 0}7493d598-9ec5-46a7-8aa9-dc1154913886{ip: 10.1.1.193, host: fv-az77-962.bprubkmdfdkerap53zvqdzdb0e.jx.internal.cloudapp.net, ports: [REPLICATION=37643, RATIS=33661, RATIS_ADMIN=33661, RATIS_SERVER=33661, STANDALONE=38653], networkLocation: /default-rack, certSerialId: null, persistedOpState: IN_SERVICE, persistedOpStateExpiryEpochSec: 0}, ReplicationConfig: RATIS/THREE, State:ALLOCATED, leaderId:0b1dc6e2-94f6-44f1-9e64-a7602261fe9e, CreationTimestamp2022-11-10T17:28:02.934Z[Etc/UTC]] moved to OPEN state
2022-11-10 17:28:10,500 [7493d598-9ec5-46a7-8aa9-dc1154913886@group-B8554F0414A7-FollowerState] INFO  server.RaftServerConfigKeys (ConfUtils.java:logFallback(53)) - raft.server.rpc.first-election.timeout.min = 5s (fallback to raft.server.rpc.timeout.min)
2022-11-10 17:28:10,500 [7493d598-9ec5-46a7-8aa9-dc1154913886@group-B8554F0414A7-FollowerState] INFO  server.RaftServerConfigKeys (ConfUtils.java:logFallback(53)) - raft.server.rpc.first-election.timeout.max = 5200ms (fallback to raft.server.rpc.timeout.max)
2022-11-10 17:28:10,502 [grpc-default-executor-0] INFO  impl.RoleInfo (RoleInfo.java:updateAndGet(139)) - 7493d598-9ec5-46a7-8aa9-dc1154913886: start 7493d598-9ec5-46a7-8aa9-dc1154913886@group-E7907858A5D7-FollowerState
2022-11-10 17:28:10,502 [7493d598-9ec5-46a7-8aa9-dc1154913886@group-E7907858A5D7-FollowerState] INFO  impl.FollowerState (FollowerState.java:run(152)) - 7493d598-9ec5-46a7-8aa9-dc1154913886@group-E7907858A5D7-FollowerState was interrupted
2022-11-10 17:28:10,503 [grpc-default-executor-5] INFO  server.RaftServer$Division (RaftServerImpl.java:requestVote(1218)) - e820eb09-a4f5-42d5-9992-ed2f360ca321@group-E7907858A5D7: receive requestVote(ELECTION, 0b1dc6e2-94f6-44f1-9e64-a7602261fe9e, group-E7907858A5D7, 1, (t:0, i:0))
2022-11-10 17:28:10,504 [grpc-default-executor-0] INFO  server.RaftServer$Division (RaftServerImpl.java:requestVote(1251)) - 7493d598-9ec5-46a7-8aa9-dc1154913886@group-E7907858A5D7 replies to ELECTION vote request: 0b1dc6e2-94f6-44f1-9e64-a7602261fe9e<-7493d598-9ec5-46a7-8aa9-dc1154913886#0:FAIL-t1. Peer's state: 7493d598-9ec5-46a7-8aa9-dc1154913886@group-E7907858A5D7:t1, leader=null, voted=null, raftlog=Memoized:7493d598-9ec5-46a7-8aa9-dc1154913886@group-E7907858A5D7-SegmentedRaftLog:OPENED:c-1, conf=-1: peers:[7493d598-9ec5-46a7-8aa9-dc1154913886|rpc:10.1.1.193:33661|dataStream:|priority:1|startupRole:FOLLOWER, e820eb09-a4f5-42d5-9992-ed2f360ca321|rpc:10.1.1.193:36195|dataStream:|priority:0|startupRole:FOLLOWER, 0b1dc6e2-94f6-44f1-9e64-a7602261fe9e|rpc:10.1.1.193:35445|dataStream:|priority:0|startupRole:FOLLOWER]|listeners:[], old=null
2022-11-10 17:28:10,505 [7493d598-9ec5-46a7-8aa9-dc1154913886@group-E7907858A5D7-FollowerState] INFO  server.RaftServerConfigKeys (ConfUtils.java:logFallback(53)) - raft.server.rpc.first-election.timeout.min = 5s (fallback to raft.server.rpc.timeout.min)
2022-11-10 17:28:10,505 [7493d598-9ec5-46a7-8aa9-dc1154913886@group-E7907858A5D7-FollowerState] INFO  server.RaftServerConfigKeys (ConfUtils.java:logFallback(53)) - raft.server.rpc.first-election.timeout.max = 5200ms (fallback to raft.server.rpc.timeout.max)
2022-11-10 17:28:10,494 [0b1dc6e2-94f6-44f1-9e64-a7602261fe9e@group-B8554F0414A7-LeaderElection7] INFO  grpc.GrpcConfigKeys (ConfUtils.java:logGet(46)) - raft.grpc.server.leader.outstanding.appends.max = 128 (default)
2022-11-10 17:28:10,509 [0b1dc6e2-94f6-44f1-9e64-a7602261fe9e@group-B8554F0414A7-LeaderElection7] INFO  server.RaftServerConfigKeys (ConfUtils.java:logGet(46)) - raft.server.rpc.request.timeout = 60s (custom)
2022-11-10 17:28:10,509 [0b1dc6e2-94f6-44f1-9e64-a7602261fe9e@group-B8554F0414A7-LeaderElection7] INFO  server.RaftServerConfigKeys (ConfUtils.java:logGet(46)) - raft.server.log.appender.install.snapshot.enabled = false (custom)
2022-11-10 17:28:10,509 [0b1dc6e2-94f6-44f1-9e64-a7602261fe9e@group-B8554F0414A7-LeaderElection7] INFO  grpc.GrpcConfigKeys (ConfUtils.java:logGet(46)) - raft.grpc.server.heartbeat.channel = true (default)
2022-11-10 17:28:10,509 [0b1dc6e2-94f6-44f1-9e64-a7602261fe9e@group-B8554F0414A7-LeaderElection7] INFO  server.RaftServerConfigKeys (ConfUtils.java:logGet(46)) - raft.server.log.appender.wait-time.min = 10ms (default)
2022-11-10 17:28:10,510 [0b1dc6e2-94f6-44f1-9e64-a7602261fe9e@group-B8554F0414A7-LeaderElection7] INFO  server.RaftServerConfigKeys (ConfUtils.java:logGet(46)) - raft.server.log.appender.snapshot.chunk.size.max = 16MB (=16777216) (default)
2022-11-10 17:28:10,510 [0b1dc6e2-94f6-44f1-9e64-a7602261fe9e@group-B8554F0414A7-LeaderElection7] INFO  server.RaftServerConfigKeys (ConfUtils.java:logGet(46)) - raft.server.log.appender.buffer.byte-limit = 33554432 (custom)
2022-11-10 17:28:10,510 [0b1dc6e2-94f6-44f1-9e64-a7602261fe9e@group-B8554F0414A7-LeaderElection7] INFO  server.RaftServerConfigKeys (ConfUtils.java:logGet(46)) - raft.server.log.appender.buffer.element-limit = 1 (custom)
2022-11-10 17:28:10,510 [0b1dc6e2-94f6-44f1-9e64-a7602261fe9e@group-B8554F0414A7-LeaderElection7] INFO  grpc.GrpcConfigKeys (ConfUtils.java:logGet(46)) - raft.grpc.server.leader.outstanding.appends.max = 128 (default)
2022-11-10 17:28:10,510 [0b1dc6e2-94f6-44f1-9e64-a7602261fe9e@group-B8554F0414A7-LeaderElection7] INFO  server.RaftServerConfigKeys (ConfUtils.java:logGet(46)) - raft.server.rpc.request.timeout = 60s (custom)
2022-11-10 17:28:10,510 [0b1dc6e2-94f6-44f1-9e64-a7602261fe9e@group-B8554F0414A7-LeaderElection7] INFO  server.RaftServerConfigKeys (ConfUtils.java:logGet(46)) - raft.server.log.appender.install.snapshot.enabled = false (custom)
2022-11-10 17:28:10,510 [0b1dc6e2-94f6-44f1-9e64-a7602261fe9e@group-B8554F0414A7-LeaderElection7] INFO  grpc.GrpcConfigKeys (ConfUtils.java:logGet(46)) - raft.grpc.server.heartbeat.channel = true (default)
2022-11-10 17:28:10,510 [0b1dc6e2-94f6-44f1-9e64-a7602261fe9e@group-B8554F0414A7-LeaderElection7] INFO  server.RaftServerConfigKeys (ConfUtils.java:logGet(46)) - raft.server.log.appender.wait-time.min = 10ms (default)
2022-11-10 17:28:10,510 [0b1dc6e2-94f6-44f1-9e64-a7602261fe9e@group-B8554F0414A7-LeaderElection7] INFO  impl.RoleInfo (RoleInfo.java:updateAndGet(139)) - 0b1dc6e2-94f6-44f1-9e64-a7602261fe9e: start 0b1dc6e2-94f6-44f1-9e64-a7602261fe9e@group-B8554F0414A7-LeaderStateImpl
2022-11-10 17:28:10,511 [grpc-default-executor-5] INFO  impl.VoteContext (VoteContext.java:log(48)) - e820eb09-a4f5-42d5-9992-ed2f360ca321@group-E7907858A5D7-CANDIDATE: accept ELECTION from 0b1dc6e2-94f6-44f1-9e64-a7602261fe9e: our priority 0 <= candidate's priority 0
2022-11-10 17:28:10,511 [grpc-default-executor-5] INFO  server.RaftServer$Division (RaftServerImpl.java:setRole(321)) - e820eb09-a4f5-42d5-9992-ed2f360ca321@group-E7907858A5D7: changes role from CANDIDATE to FOLLOWER at term 1 for candidate:0b1dc6e2-94f6-44f1-9e64-a7602261fe9e
2022-11-10 17:28:10,511 [grpc-default-executor-5] INFO  impl.RoleInfo (RoleInfo.java:shutdownLeaderElection(130)) - e820eb09-a4f5-42d5-9992-ed2f360ca321: shutdown e820eb09-a4f5-42d5-9992-ed2f360ca321@group-E7907858A5D7-LeaderElection11
2022-11-10 17:28:10,511 [grpc-default-executor-5] INFO  impl.RoleInfo (RoleInfo.java:updateAndGet(139)) - e820eb09-a4f5-42d5-9992-ed2f360ca321: start e820eb09-a4f5-42d5-9992-ed2f360ca321@group-E7907858A5D7-FollowerState
2022-11-10 17:28:10,517 [grpc-default-executor-5] INFO  server.RaftServer$Division (RaftServerImpl.java:requestVote(1251)) - e820eb09-a4f5-42d5-9992-ed2f360ca321@group-E7907858A5D7 replies to ELECTION vote request: 0b1dc6e2-94f6-44f1-9e64-a7602261fe9e<-e820eb09-a4f5-42d5-9992-ed2f360ca321#0:OK-t1. Peer's state: e820eb09-a4f5-42d5-9992-ed2f360ca321@group-E7907858A5D7:t1, leader=null, voted=0b1dc6e2-94f6-44f1-9e64-a7602261fe9e, raftlog=Memoized:e820eb09-a4f5-42d5-9992-ed2f360ca321@group-E7907858A5D7-SegmentedRaftLog:OPENED:c-1, conf=-1: peers:[7493d598-9ec5-46a7-8aa9-dc1154913886|rpc:10.1.1.193:33661|dataStream:|priority:1|startupRole:FOLLOWER, e820eb09-a4f5-42d5-9992-ed2f360ca321|rpc:10.1.1.193:36195|dataStream:|priority:0|startupRole:FOLLOWER, 0b1dc6e2-94f6-44f1-9e64-a7602261fe9e|rpc:10.1.1.193:35445|dataStream:|priority:0|startupRole:FOLLOWER]|listeners:[], old=null
2022-11-10 17:28:10,522 [e820eb09-a4f5-42d5-9992-ed2f360ca321@group-E7907858A5D7-FollowerState] INFO  server.RaftServerConfigKeys (ConfUtils.java:logFallback(53)) - raft.server.rpc.first-election.timeout.min = 5s (fallback to raft.server.rpc.timeout.min)
2022-11-10 17:28:10,522 [0b1dc6e2-94f6-44f1-9e64-a7602261fe9e@group-E7907858A5D7-LeaderElection9] INFO  impl.LeaderElection (LeaderElection.java:logAndReturn(90)) - 0b1dc6e2-94f6-44f1-9e64-a7602261fe9e@group-E7907858A5D7-LeaderElection9: ELECTION REJECTED received 1 response(s) and 0 exception(s):
2022-11-10 17:28:10,522 [e820eb09-a4f5-42d5-9992-ed2f360ca321@group-E7907858A5D7-FollowerState] INFO  server.RaftServerConfigKeys (ConfUtils.java:logFallback(53)) - raft.server.rpc.first-election.timeout.max = 5200ms (fallback to raft.server.rpc.timeout.max)
2022-11-10 17:28:10,526 [0b1dc6e2-94f6-44f1-9e64-a7602261fe9e@group-B8554F0414A7-LeaderElection7] INFO  segmented.SegmentedRaftLogWorker (SegmentedRaftLogWorker.java:startLogSegment(452)) - 0b1dc6e2-94f6-44f1-9e64-a7602261fe9e@group-B8554F0414A7-SegmentedRaftLogWorker: Starting segment from index:0
2022-11-10 17:28:10,522 [0b1dc6e2-94f6-44f1-9e64-a7602261fe9e@group-E7907858A5D7-LeaderElection9] INFO  impl.LeaderElection (LeaderElection.java:logAndReturn(94)) -   Response 0: 0b1dc6e2-94f6-44f1-9e64-a7602261fe9e<-7493d598-9ec5-46a7-8aa9-dc1154913886#0:FAIL-t1
2022-11-10 17:28:10,533 [0b1dc6e2-94f6-44f1-9e64-a7602261fe9e@group-B8554F0414A7-SegmentedRaftLogWorker] INFO  segmented.SegmentedRaftLogWorker (SegmentedRaftLogWorker.java:execute(656)) - 0b1dc6e2-94f6-44f1-9e64-a7602261fe9e@group-B8554F0414A7-SegmentedRaftLogWorker: created new log segment /home/runner/work/ozone/ozone/hadoop-ozone/integration-test/target/test-dir/MiniOzoneClusterImpl-5e6b204f-6d0c-499e-8bc7-d272478adc61/datanode-3/data/ratis/82d53f2f-f739-4689-ac6c-b8554f0414a7/current/log_inprogress_0
2022-11-10 17:28:10,553 [0b1dc6e2-94f6-44f1-9e64-a7602261fe9e@group-E7907858A5D7-LeaderElection9] INFO  impl.LeaderElection (LeaderElection.java:askForVotes(314)) - 0b1dc6e2-94f6-44f1-9e64-a7602261fe9e@group-E7907858A5D7-LeaderElection9 ELECTION round 0: result REJECTED
2022-11-10 17:28:10,553 [0b1dc6e2-94f6-44f1-9e64-a7602261fe9e@group-E7907858A5D7-LeaderElection9] INFO  server.RaftServer$Division (RaftServerImpl.java:setRole(321)) - 0b1dc6e2-94f6-44f1-9e64-a7602261fe9e@group-E7907858A5D7: changes role from CANDIDATE to FOLLOWER at term 1 for REJECTED
2022-11-10 17:28:10,553 [0b1dc6e2-94f6-44f1-9e64-a7602261fe9e@group-E7907858A5D7-LeaderElection9] INFO  impl.RoleInfo (RoleInfo.java:shutdownLeaderElection(130)) - 0b1dc6e2-94f6-44f1-9e64-a7602261fe9e: shutdown 0b1dc6e2-94f6-44f1-9e64-a7602261fe9e@group-E7907858A5D7-LeaderElection9
2022-11-10 17:28:10,553 [0b1dc6e2-94f6-44f1-9e64-a7602261fe9e@group-E7907858A5D7-LeaderElection9] INFO  impl.RoleInfo (RoleInfo.java:updateAndGet(139)) - 0b1dc6e2-94f6-44f1-9e64-a7602261fe9e: start 0b1dc6e2-94f6-44f1-9e64-a7602261fe9e@group-E7907858A5D7-FollowerState
2022-11-10 17:28:10,556 [0b1dc6e2-94f6-44f1-9e64-a7602261fe9e@group-E7907858A5D7-FollowerState] INFO  server.RaftServerConfigKeys (ConfUtils.java:logFallback(53)) - raft.server.rpc.first-election.timeout.min = 5s (fallback to raft.server.rpc.timeout.min)
2022-11-10 17:28:10,556 [0b1dc6e2-94f6-44f1-9e64-a7602261fe9e@group-E7907858A5D7-FollowerState] INFO  server.RaftServerConfigKeys (ConfUtils.java:logFallback(53)) - raft.server.rpc.first-election.timeout.max = 5200ms (fallback to raft.server.rpc.timeout.max)
2022-11-10 17:28:10,561 [0b1dc6e2-94f6-44f1-9e64-a7602261fe9e@group-B8554F0414A7-LeaderElection7] INFO  server.RaftServer$Division (ServerState.java:setRaftConf(430)) - 0b1dc6e2-94f6-44f1-9e64-a7602261fe9e@group-B8554F0414A7: set configuration 0: peers:[7493d598-9ec5-46a7-8aa9-dc1154913886|rpc:10.1.1.193:33661|dataStream:|priority:0|startupRole:FOLLOWER, e820eb09-a4f5-42d5-9992-ed2f360ca321|rpc:10.1.1.193:36195|dataStream:|priority:0|startupRole:FOLLOWER, 0b1dc6e2-94f6-44f1-9e64-a7602261fe9e|rpc:10.1.1.193:35445|dataStream:|priority:1|startupRole:FOLLOWER]|listeners:[], old=null
2022-11-10 17:28:10,580 [7493d598-9ec5-46a7-8aa9-dc1154913886-server-thread1] INFO  ratis.XceiverServerRatis (XceiverServerRatis.java:handleLeaderChangedNotification(863)) - Leader change notification received for group: group-B8554F0414A7 with new leaderId: 0b1dc6e2-94f6-44f1-9e64-a7602261fe9e
2022-11-10 17:28:10,580 [7493d598-9ec5-46a7-8aa9-dc1154913886-server-thread1] INFO  server.RaftServer$Division (ServerState.java:setLeader(313)) - 7493d598-9ec5-46a7-8aa9-dc1154913886@group-B8554F0414A7: change Leader from null to 0b1dc6e2-94f6-44f1-9e64-a7602261fe9e at term 1 for appendEntries, leader elected after 5264ms
2022-11-10 17:28:10,581 [7493d598-9ec5-46a7-8aa9-dc1154913886-server-thread1] INFO  server.RaftServer$Division (ServerState.java:setRaftConf(430)) - 7493d598-9ec5-46a7-8aa9-dc1154913886@group-B8554F0414A7: set configuration 0: peers:[7493d598-9ec5-46a7-8aa9-dc1154913886|rpc:10.1.1.193:33661|dataStream:|priority:0|startupRole:FOLLOWER, e820eb09-a4f5-42d5-9992-ed2f360ca321|rpc:10.1.1.193:36195|dataStream:|priority:0|startupRole:FOLLOWER, 0b1dc6e2-94f6-44f1-9e64-a7602261fe9e|rpc:10.1.1.193:35445|dataStream:|priority:1|startupRole:FOLLOWER]|listeners:[], old=null
2022-11-10 17:28:10,586 [7493d598-9ec5-46a7-8aa9-dc1154913886-server-thread1] INFO  segmented.SegmentedRaftLogWorker (SegmentedRaftLogWorker.java:startLogSegment(452)) - 7493d598-9ec5-46a7-8aa9-dc1154913886@group-B8554F0414A7-SegmentedRaftLogWorker: Starting segment from index:0
2022-11-10 17:28:10,593 [e820eb09-a4f5-42d5-9992-ed2f360ca321-server-thread1] INFO  ratis.XceiverServerRatis (XceiverServerRatis.java:handleLeaderChangedNotification(863)) - Leader change notification received for group: group-B8554F0414A7 with new leaderId: 0b1dc6e2-94f6-44f1-9e64-a7602261fe9e
2022-11-10 17:28:10,593 [e820eb09-a4f5-42d5-9992-ed2f360ca321-server-thread1] INFO  server.RaftServer$Division (ServerState.java:setLeader(313)) - e820eb09-a4f5-42d5-9992-ed2f360ca321@group-B8554F0414A7: change Leader from null to 0b1dc6e2-94f6-44f1-9e64-a7602261fe9e at term 1 for appendEntries, leader elected after 5336ms
2022-11-10 17:28:10,595 [7493d598-9ec5-46a7-8aa9-dc1154913886@group-B8554F0414A7-SegmentedRaftLogWorker] INFO  segmented.SegmentedRaftLogWorker (SegmentedRaftLogWorker.java:execute(656)) - 7493d598-9ec5-46a7-8aa9-dc1154913886@group-B8554F0414A7-SegmentedRaftLogWorker: created new log segment /home/runner/work/ozone/ozone/hadoop-ozone/integration-test/target/test-dir/MiniOzoneClusterImpl-5e6b204f-6d0c-499e-8bc7-d272478adc61/datanode-4/data/ratis/82d53f2f-f739-4689-ac6c-b8554f0414a7/current/log_inprogress_0
2022-11-10 17:28:10,605 [e820eb09-a4f5-42d5-9992-ed2f360ca321-server-thread2] INFO  server.RaftServer$Division (ServerState.java:setRaftConf(430)) - e820eb09-a4f5-42d5-9992-ed2f360ca321@group-B8554F0414A7: set configuration 0: peers:[7493d598-9ec5-46a7-8aa9-dc1154913886|rpc:10.1.1.193:33661|dataStream:|priority:0|startupRole:FOLLOWER, e820eb09-a4f5-42d5-9992-ed2f360ca321|rpc:10.1.1.193:36195|dataStream:|priority:0|startupRole:FOLLOWER, 0b1dc6e2-94f6-44f1-9e64-a7602261fe9e|rpc:10.1.1.193:35445|dataStream:|priority:1|startupRole:FOLLOWER]|listeners:[], old=null
2022-11-10 17:28:10,606 [e820eb09-a4f5-42d5-9992-ed2f360ca321-server-thread2] INFO  segmented.SegmentedRaftLogWorker (SegmentedRaftLogWorker.java:startLogSegment(452)) - e820eb09-a4f5-42d5-9992-ed2f360ca321@group-B8554F0414A7-SegmentedRaftLogWorker: Starting segment from index:0
2022-11-10 17:28:10,607 [e820eb09-a4f5-42d5-9992-ed2f360ca321@group-B8554F0414A7-SegmentedRaftLogWorker] INFO  segmented.SegmentedRaftLogWorker (SegmentedRaftLogWorker.java:execute(656)) - e820eb09-a4f5-42d5-9992-ed2f360ca321@group-B8554F0414A7-SegmentedRaftLogWorker: created new log segment /home/runner/work/ozone/ozone/hadoop-ozone/integration-test/target/test-dir/MiniOzoneClusterImpl-5e6b204f-6d0c-499e-8bc7-d272478adc61/datanode-5/data/ratis/82d53f2f-f739-4689-ac6c-b8554f0414a7/current/log_inprogress_0
2022-11-10 17:28:10,693 [7493d598-9ec5-46a7-8aa9-dc1154913886@group-958071A471C8-FollowerState] INFO  impl.FollowerState (FollowerState.java:run(143)) - 7493d598-9ec5-46a7-8aa9-dc1154913886@group-958071A471C8-FollowerState: change to CANDIDATE, lastRpcElapsedTime:5122072319ns, electionTimeout:5119ms
2022-11-10 17:28:10,693 [7493d598-9ec5-46a7-8aa9-dc1154913886@group-958071A471C8-FollowerState] INFO  impl.RoleInfo (RoleInfo.java:shutdownFollowerState(110)) - 7493d598-9ec5-46a7-8aa9-dc1154913886: shutdown 7493d598-9ec5-46a7-8aa9-dc1154913886@group-958071A471C8-FollowerState
2022-11-10 17:28:10,693 [7493d598-9ec5-46a7-8aa9-dc1154913886@group-958071A471C8-FollowerState] INFO  server.RaftServer$Division (RaftServerImpl.java:setRole(321)) - 7493d598-9ec5-46a7-8aa9-dc1154913886@group-958071A471C8: changes role from  FOLLOWER to CANDIDATE at term 0 for changeToCandidate
2022-11-10 17:28:10,693 [7493d598-9ec5-46a7-8aa9-dc1154913886@group-958071A471C8-FollowerState] INFO  server.RaftServerConfigKeys (ConfUtils.java:logGet(46)) - raft.server.leaderelection.pre-vote = false (custom)
2022-11-10 17:28:10,693 [7493d598-9ec5-46a7-8aa9-dc1154913886@group-958071A471C8-FollowerState] INFO  impl.RoleInfo (RoleInfo.java:updateAndGet(139)) - 7493d598-9ec5-46a7-8aa9-dc1154913886: start 7493d598-9ec5-46a7-8aa9-dc1154913886@group-958071A471C8-LeaderElection12
2022-11-10 17:28:10,715 [7493d598-9ec5-46a7-8aa9-dc1154913886@group-958071A471C8-LeaderElection12] INFO  impl.LeaderElection (LeaderElection.java:askForVotes(312)) - 7493d598-9ec5-46a7-8aa9-dc1154913886@group-958071A471C8-LeaderElection12 ELECTION round 0: submit vote requests at term 1 for -1: peers:[7493d598-9ec5-46a7-8aa9-dc1154913886|rpc:10.1.1.193:33661|priority:1|startupRole:FOLLOWER]|listeners:[], old=null
2022-11-10 17:28:10,716 [7493d598-9ec5-46a7-8aa9-dc1154913886@group-958071A471C8-LeaderElection12] INFO  impl.LeaderElection (LeaderElection.java:askForVotes(314)) - 7493d598-9ec5-46a7-8aa9-dc1154913886@group-958071A471C8-LeaderElection12 ELECTION round 0: result PASSED (term=1)
2022-11-10 17:28:10,716 [7493d598-9ec5-46a7-8aa9-dc1154913886@group-958071A471C8-LeaderElection12] INFO  impl.RoleInfo (RoleInfo.java:shutdownLeaderElection(130)) - 7493d598-9ec5-46a7-8aa9-dc1154913886: shutdown 7493d598-9ec5-46a7-8aa9-dc1154913886@group-958071A471C8-LeaderElection12
2022-11-10 17:28:10,716 [7493d598-9ec5-46a7-8aa9-dc1154913886@group-958071A471C8-LeaderElection12] INFO  server.RaftServer$Division (RaftServerImpl.java:setRole(321)) - 7493d598-9ec5-46a7-8aa9-dc1154913886@group-958071A471C8: changes role from CANDIDATE to LEADER at term 1 for changeToLeader
2022-11-10 17:28:10,716 [7493d598-9ec5-46a7-8aa9-dc1154913886@group-958071A471C8-LeaderElection12] INFO  ratis.XceiverServerRatis (XceiverServerRatis.java:handleLeaderChangedNotification(863)) - Leader change notification received for group: group-958071A471C8 with new leaderId: 7493d598-9ec5-46a7-8aa9-dc1154913886
2022-11-10 17:28:10,720 [7493d598-9ec5-46a7-8aa9-dc1154913886@group-958071A471C8-LeaderElection12] INFO  server.RaftServer$Division (ServerState.java:setLeader(313)) - 7493d598-9ec5-46a7-8aa9-dc1154913886@group-958071A471C8: change Leader from null to 7493d598-9ec5-46a7-8aa9-dc1154913886 at term 1 for becomeLeader, leader elected after 5165ms
2022-11-10 17:28:10,721 [7493d598-9ec5-46a7-8aa9-dc1154913886@group-958071A471C8-LeaderElection12] INFO  server.RaftServerConfigKeys (ConfUtils.java:logGet(46)) - raft.server.staging.catchup.gap = 1000 (default)
2022-11-10 17:28:10,721 [7493d598-9ec5-46a7-8aa9-dc1154913886@group-958071A471C8-LeaderElection12] INFO  server.RaftServerConfigKeys (ConfUtils.java:logGet(46)) - raft.server.write.element-limit = 1024 (custom)
2022-11-10 17:28:10,721 [7493d598-9ec5-46a7-8aa9-dc1154913886@group-958071A471C8-LeaderElection12] INFO  server.RaftServerConfigKeys (ConfUtils.java:logGet(46)) - raft.server.write.byte-limit = 1024 M (=1073741824) (custom)
2022-11-10 17:28:10,721 [7493d598-9ec5-46a7-8aa9-dc1154913886@group-958071A471C8-LeaderElection12] INFO  server.RaftServerConfigKeys (ConfUtils.java:logGet(46)) - raft.server.watch.timeout = 180s (custom)
2022-11-10 17:28:10,721 [7493d598-9ec5-46a7-8aa9-dc1154913886@group-958071A471C8-LeaderElection12] INFO  server.RaftServerConfigKeys (ConfUtils.java:logGet(46)) - raft.server.watch.timeout.denomination = 1s (default)
2022-11-10 17:28:10,721 [7493d598-9ec5-46a7-8aa9-dc1154913886@group-958071A471C8-LeaderElection12] INFO  server.RaftServerConfigKeys (ConfUtils.java:logGet(46)) - raft.server.watch.element-limit = 65536 (default)
2022-11-10 17:28:10,721 [7493d598-9ec5-46a7-8aa9-dc1154913886@group-958071A471C8-LeaderElection12] INFO  server.RaftServerConfigKeys (ConfUtils.java:logGet(46)) - raft.server.write.element-limit = 1024 (custom)
2022-11-10 17:28:10,721 [7493d598-9ec5-46a7-8aa9-dc1154913886@group-958071A471C8-LeaderElection12] INFO  server.RaftServerConfigKeys (ConfUtils.java:logGet(46)) - raft.server.write.follower.gap.ratio.max = -1.0 (default)
2022-11-10 17:28:10,722 [7493d598-9ec5-46a7-8aa9-dc1154913886@group-958071A471C8-LeaderElection12] INFO  impl.RoleInfo (RoleInfo.java:updateAndGet(139)) - 7493d598-9ec5-46a7-8aa9-dc1154913886: start 7493d598-9ec5-46a7-8aa9-dc1154913886@group-958071A471C8-LeaderStateImpl
2022-11-10 17:28:10,722 [7493d598-9ec5-46a7-8aa9-dc1154913886@group-958071A471C8-LeaderElection12] INFO  segmented.SegmentedRaftLogWorker (SegmentedRaftLogWorker.java:startLogSegment(452)) - 7493d598-9ec5-46a7-8aa9-dc1154913886@group-958071A471C8-SegmentedRaftLogWorker: Starting segment from index:0
2022-11-10 17:28:10,730 [7493d598-9ec5-46a7-8aa9-dc1154913886@group-958071A471C8-SegmentedRaftLogWorker] INFO  segmented.SegmentedRaftLogWorker (SegmentedRaftLogWorker.java:execute(656)) - 7493d598-9ec5-46a7-8aa9-dc1154913886@group-958071A471C8-SegmentedRaftLogWorker: created new log segment /home/runner/work/ozone/ozone/hadoop-ozone/integration-test/target/test-dir/MiniOzoneClusterImpl-5e6b204f-6d0c-499e-8bc7-d272478adc61/datanode-4/data/ratis/bcf7a4a3-47ec-4b31-bd56-958071a471c8/current/log_inprogress_0
2022-11-10 17:28:10,735 [7493d598-9ec5-46a7-8aa9-dc1154913886@group-958071A471C8-LeaderElection12] INFO  server.RaftServer$Division (ServerState.java:setRaftConf(430)) - 7493d598-9ec5-46a7-8aa9-dc1154913886@group-958071A471C8: set configuration 0: peers:[7493d598-9ec5-46a7-8aa9-dc1154913886|rpc:10.1.1.193:33661|dataStream:|priority:1|startupRole:FOLLOWER]|listeners:[], old=null
2022-11-10 17:28:11,022 [e820eb09-a4f5-42d5-9992-ed2f360ca321@group-577A77E2AED6-FollowerState] INFO  impl.FollowerState (FollowerState.java:run(143)) - e820eb09-a4f5-42d5-9992-ed2f360ca321@group-577A77E2AED6-FollowerState: change to CANDIDATE, lastRpcElapsedTime:5067597169ns, electionTimeout:5067ms
2022-11-10 17:28:11,022 [e820eb09-a4f5-42d5-9992-ed2f360ca321@group-577A77E2AED6-FollowerState] INFO  impl.RoleInfo (RoleInfo.java:shutdownFollowerState(110)) - e820eb09-a4f5-42d5-9992-ed2f360ca321: shutdown e820eb09-a4f5-42d5-9992-ed2f360ca321@group-577A77E2AED6-FollowerState
2022-11-10 17:28:11,022 [e820eb09-a4f5-42d5-9992-ed2f360ca321@group-577A77E2AED6-FollowerState] INFO  server.RaftServer$Division (RaftServerImpl.java:setRole(321)) - e820eb09-a4f5-42d5-9992-ed2f360ca321@group-577A77E2AED6: changes role from  FOLLOWER to CANDIDATE at term 0 for changeToCandidate
2022-11-10 17:28:11,022 [e820eb09-a4f5-42d5-9992-ed2f360ca321@group-577A77E2AED6-FollowerState] INFO  server.RaftServerConfigKeys (ConfUtils.java:logGet(46)) - raft.server.leaderelection.pre-vote = false (custom)
2022-11-10 17:28:11,022 [e820eb09-a4f5-42d5-9992-ed2f360ca321@group-577A77E2AED6-FollowerState] INFO  impl.RoleInfo (RoleInfo.java:updateAndGet(139)) - e820eb09-a4f5-42d5-9992-ed2f360ca321: start e820eb09-a4f5-42d5-9992-ed2f360ca321@group-577A77E2AED6-LeaderElection13
2022-11-10 17:28:11,040 [e820eb09-a4f5-42d5-9992-ed2f360ca321@group-577A77E2AED6-LeaderElection13] INFO  impl.LeaderElection (LeaderElection.java:askForVotes(312)) - e820eb09-a4f5-42d5-9992-ed2f360ca321@group-577A77E2AED6-LeaderElection13 ELECTION round 0: submit vote requests at term 1 for -1: peers:[e820eb09-a4f5-42d5-9992-ed2f360ca321|rpc:10.1.1.193:36195|priority:1|startupRole:FOLLOWER]|listeners:[], old=null
2022-11-10 17:28:11,040 [e820eb09-a4f5-42d5-9992-ed2f360ca321@group-577A77E2AED6-LeaderElection13] INFO  impl.LeaderElection (LeaderElection.java:askForVotes(314)) - e820eb09-a4f5-42d5-9992-ed2f360ca321@group-577A77E2AED6-LeaderElection13 ELECTION round 0: result PASSED (term=1)
2022-11-10 17:28:11,040 [e820eb09-a4f5-42d5-9992-ed2f360ca321@group-577A77E2AED6-LeaderElection13] INFO  impl.RoleInfo (RoleInfo.java:shutdownLeaderElection(130)) - e820eb09-a4f5-42d5-9992-ed2f360ca321: shutdown e820eb09-a4f5-42d5-9992-ed2f360ca321@group-577A77E2AED6-LeaderElection13
2022-11-10 17:28:11,040 [e820eb09-a4f5-42d5-9992-ed2f360ca321@group-577A77E2AED6-LeaderElection13] INFO  server.RaftServer$Division (RaftServerImpl.java:setRole(321)) - e820eb09-a4f5-42d5-9992-ed2f360ca321@group-577A77E2AED6: changes role from CANDIDATE to LEADER at term 1 for changeToLeader
2022-11-10 17:28:11,040 [e820eb09-a4f5-42d5-9992-ed2f360ca321@group-577A77E2AED6-LeaderElection13] INFO  ratis.XceiverServerRatis (XceiverServerRatis.java:handleLeaderChangedNotification(863)) - Leader change notification received for group: group-577A77E2AED6 with new leaderId: e820eb09-a4f5-42d5-9992-ed2f360ca321
2022-11-10 17:28:11,041 [e820eb09-a4f5-42d5-9992-ed2f360ca321@group-577A77E2AED6-LeaderElection13] INFO  server.RaftServer$Division (ServerState.java:setLeader(313)) - e820eb09-a4f5-42d5-9992-ed2f360ca321@group-577A77E2AED6: change Leader from null to e820eb09-a4f5-42d5-9992-ed2f360ca321 at term 1 for becomeLeader, leader elected after 5109ms
2022-11-10 17:28:11,041 [e820eb09-a4f5-42d5-9992-ed2f360ca321@group-577A77E2AED6-LeaderElection13] INFO  server.RaftServerConfigKeys (ConfUtils.java:logGet(46)) - raft.server.staging.catchup.gap = 1000 (default)
2022-11-10 17:28:11,041 [e820eb09-a4f5-42d5-9992-ed2f360ca321@group-577A77E2AED6-LeaderElection13] INFO  server.RaftServerConfigKeys (ConfUtils.java:logGet(46)) - raft.server.write.element-limit = 1024 (custom)
2022-11-10 17:28:11,041 [e820eb09-a4f5-42d5-9992-ed2f360ca321@group-577A77E2AED6-LeaderElection13] INFO  server.RaftServerConfigKeys (ConfUtils.java:logGet(46)) - raft.server.write.byte-limit = 1024 M (=1073741824) (custom)
2022-11-10 17:28:11,045 [e820eb09-a4f5-42d5-9992-ed2f360ca321@group-577A77E2AED6-LeaderElection13] INFO  server.RaftServerConfigKeys (ConfUtils.java:logGet(46)) - raft.server.watch.timeout = 180s (custom)
2022-11-10 17:28:11,045 [e820eb09-a4f5-42d5-9992-ed2f360ca321@group-577A77E2AED6-LeaderElection13] INFO  server.RaftServerConfigKeys (ConfUtils.java:logGet(46)) - raft.server.watch.timeout.denomination = 1s (default)
2022-11-10 17:28:11,045 [e820eb09-a4f5-42d5-9992-ed2f360ca321@group-577A77E2AED6-LeaderElection13] INFO  server.RaftServerConfigKeys (ConfUtils.java:logGet(46)) - raft.server.watch.element-limit = 65536 (default)
2022-11-10 17:28:11,045 [e820eb09-a4f5-42d5-9992-ed2f360ca321@group-577A77E2AED6-LeaderElection13] INFO  server.RaftServerConfigKeys (ConfUtils.java:logGet(46)) - raft.server.write.element-limit = 1024 (custom)
2022-11-10 17:28:11,045 [e820eb09-a4f5-42d5-9992-ed2f360ca321@group-577A77E2AED6-LeaderElection13] INFO  server.RaftServerConfigKeys (ConfUtils.java:logGet(46)) - raft.server.write.follower.gap.ratio.max = -1.0 (default)
2022-11-10 17:28:11,045 [e820eb09-a4f5-42d5-9992-ed2f360ca321@group-577A77E2AED6-LeaderElection13] INFO  impl.RoleInfo (RoleInfo.java:updateAndGet(139)) - e820eb09-a4f5-42d5-9992-ed2f360ca321: start e820eb09-a4f5-42d5-9992-ed2f360ca321@group-577A77E2AED6-LeaderStateImpl
2022-11-10 17:28:11,045 [e820eb09-a4f5-42d5-9992-ed2f360ca321@group-577A77E2AED6-LeaderElection13] INFO  segmented.SegmentedRaftLogWorker (SegmentedRaftLogWorker.java:startLogSegment(452)) - e820eb09-a4f5-42d5-9992-ed2f360ca321@group-577A77E2AED6-SegmentedRaftLogWorker: Starting segment from index:0
2022-11-10 17:28:11,048 [e820eb09-a4f5-42d5-9992-ed2f360ca321@group-577A77E2AED6-SegmentedRaftLogWorker] INFO  segmented.SegmentedRaftLogWorker (SegmentedRaftLogWorker.java:execute(656)) - e820eb09-a4f5-42d5-9992-ed2f360ca321@group-577A77E2AED6-SegmentedRaftLogWorker: created new log segment /home/runner/work/ozone/ozone/hadoop-ozone/integration-test/target/test-dir/MiniOzoneClusterImpl-5e6b204f-6d0c-499e-8bc7-d272478adc61/datanode-5/data/ratis/9ad3d931-7a4c-4a10-9aeb-577a77e2aed6/current/log_inprogress_0
2022-11-10 17:28:11,057 [e820eb09-a4f5-42d5-9992-ed2f360ca321@group-577A77E2AED6-LeaderElection13] INFO  server.RaftServer$Division (ServerState.java:setRaftConf(430)) - e820eb09-a4f5-42d5-9992-ed2f360ca321@group-577A77E2AED6: set configuration 0: peers:[e820eb09-a4f5-42d5-9992-ed2f360ca321|rpc:10.1.1.193:36195|dataStream:|priority:1|startupRole:FOLLOWER]|listeners:[], old=null
]]></system-out>
  </testcase>
  <testcase name="testMultiChunkWrite2" classname="org.apache.hadoop.ozone.client.rpc.TestBlockOutputStreamFlushDelay" time="0.083">
    <failure type="java.lang.AssertionError"><![CDATA[java.lang.AssertionError: expected:<2> but was:<0>
	at org.junit.Assert.fail(Assert.java:89)
	at org.junit.Assert.failNotEquals(Assert.java:835)
	at org.junit.Assert.assertEquals(Assert.java:647)
	at org.junit.Assert.assertEquals(Assert.java:633)
	at org.apache.hadoop.ozone.client.rpc.TestBlockOutputStreamFlushDelay.testMultiChunkWrite2(TestBlockOutputStreamFlushDelay.java:444)
	at sun.reflect.NativeMethodAccessorImpl.invoke0(Native Method)
	at sun.reflect.NativeMethodAccessorImpl.invoke(NativeMethodAccessorImpl.java:62)
	at sun.reflect.DelegatingMethodAccessorImpl.invoke(DelegatingMethodAccessorImpl.java:43)
	at java.lang.reflect.Method.invoke(Method.java:498)
	at org.junit.runners.model.FrameworkMethod$1.runReflectiveCall(FrameworkMethod.java:59)
	at org.junit.internal.runners.model.ReflectiveCallable.run(ReflectiveCallable.java:12)
	at org.junit.runners.model.FrameworkMethod.invokeExplosively(FrameworkMethod.java:56)
	at org.junit.internal.runners.statements.InvokeMethod.evaluate(InvokeMethod.java:17)
	at org.junit.internal.runners.statements.FailOnTimeout$CallableStatement.call(FailOnTimeout.java:288)
	at org.junit.internal.runners.statements.FailOnTimeout$CallableStatement.call(FailOnTimeout.java:282)
	at java.util.concurrent.FutureTask.run(FutureTask.java:266)
	at java.lang.Thread.run(Thread.java:750)
]]></failure>
  </testcase>
  <testcase name="testMultiChunkWrite" classname="org.apache.hadoop.ozone.client.rpc.TestBlockOutputStreamFlushDelay" time="0.026">
    <failure type="java.lang.AssertionError"><![CDATA[java.lang.AssertionError: expected:<1> but was:<0>
	at org.junit.Assert.fail(Assert.java:89)
	at org.junit.Assert.failNotEquals(Assert.java:835)
	at org.junit.Assert.assertEquals(Assert.java:647)
	at org.junit.Assert.assertEquals(Assert.java:633)
	at org.apache.hadoop.ozone.client.rpc.TestBlockOutputStreamFlushDelay.testMultiChunkWrite(TestBlockOutputStreamFlushDelay.java:351)
	at sun.reflect.NativeMethodAccessorImpl.invoke0(Native Method)
	at sun.reflect.NativeMethodAccessorImpl.invoke(NativeMethodAccessorImpl.java:62)
	at sun.reflect.DelegatingMethodAccessorImpl.invoke(DelegatingMethodAccessorImpl.java:43)
	at java.lang.reflect.Method.invoke(Method.java:498)
	at org.junit.runners.model.FrameworkMethod$1.runReflectiveCall(FrameworkMethod.java:59)
	at org.junit.internal.runners.model.ReflectiveCallable.run(ReflectiveCallable.java:12)
	at org.junit.runners.model.FrameworkMethod.invokeExplosively(FrameworkMethod.java:56)
	at org.junit.internal.runners.statements.InvokeMethod.evaluate(InvokeMethod.java:17)
	at org.junit.internal.runners.statements.FailOnTimeout$CallableStatement.call(FailOnTimeout.java:288)
	at org.junit.internal.runners.statements.FailOnTimeout$CallableStatement.call(FailOnTimeout.java:282)
	at java.util.concurrent.FutureTask.run(FutureTask.java:266)
	at java.lang.Thread.run(Thread.java:750)
]]></failure>
  </testcase>
  <testcase name="testFullBufferCondition" classname="org.apache.hadoop.ozone.client.rpc.TestBlockOutputStreamFlushDelay" time="0.146">
    <failure type="java.lang.AssertionError"><![CDATA[java.lang.AssertionError: expected:<1> but was:<0>
	at org.junit.Assert.fail(Assert.java:89)
	at org.junit.Assert.failNotEquals(Assert.java:835)
	at org.junit.Assert.assertEquals(Assert.java:647)
	at org.junit.Assert.assertEquals(Assert.java:633)
	at org.apache.hadoop.ozone.client.rpc.TestBlockOutputStreamFlushDelay.testFullBufferCondition(TestBlockOutputStreamFlushDelay.java:561)
	at sun.reflect.NativeMethodAccessorImpl.invoke0(Native Method)
	at sun.reflect.NativeMethodAccessorImpl.invoke(NativeMethodAccessorImpl.java:62)
	at sun.reflect.DelegatingMethodAccessorImpl.invoke(DelegatingMethodAccessorImpl.java:43)
	at java.lang.reflect.Method.invoke(Method.java:498)
	at org.junit.runners.model.FrameworkMethod$1.runReflectiveCall(FrameworkMethod.java:59)
	at org.junit.internal.runners.model.ReflectiveCallable.run(ReflectiveCallable.java:12)
	at org.junit.runners.model.FrameworkMethod.invokeExplosively(FrameworkMethod.java:56)
	at org.junit.internal.runners.statements.InvokeMethod.evaluate(InvokeMethod.java:17)
	at org.junit.internal.runners.statements.FailOnTimeout$CallableStatement.call(FailOnTimeout.java:288)
	at org.junit.internal.runners.statements.FailOnTimeout$CallableStatement.call(FailOnTimeout.java:282)
	at java.util.concurrent.FutureTask.run(FutureTask.java:266)
	at java.lang.Thread.run(Thread.java:750)
]]></failure>
  </testcase>
  <testcase name="testBufferCaching" classname="org.apache.hadoop.ozone.client.rpc.TestBlockOutputStreamFlushDelay" time="0.147">
    <system-out><![CDATA[2022-11-10 17:28:11,491 [4a648ec9-f79d-4616-8c85-6f5aeee5d597@group-4D12300AE30F-FollowerState] INFO  impl.FollowerState (FollowerState.java:run(143)) - 4a648ec9-f79d-4616-8c85-6f5aeee5d597@group-4D12300AE30F-FollowerState: change to CANDIDATE, lastRpcElapsedTime:5130508393ns, electionTimeout:5119ms
2022-11-10 17:28:11,491 [4a648ec9-f79d-4616-8c85-6f5aeee5d597@group-4D12300AE30F-FollowerState] INFO  impl.RoleInfo (RoleInfo.java:shutdownFollowerState(110)) - 4a648ec9-f79d-4616-8c85-6f5aeee5d597: shutdown 4a648ec9-f79d-4616-8c85-6f5aeee5d597@group-4D12300AE30F-FollowerState
2022-11-10 17:28:11,491 [4a648ec9-f79d-4616-8c85-6f5aeee5d597@group-4D12300AE30F-FollowerState] INFO  server.RaftServer$Division (RaftServerImpl.java:setRole(321)) - 4a648ec9-f79d-4616-8c85-6f5aeee5d597@group-4D12300AE30F: changes role from  FOLLOWER to CANDIDATE at term 0 for changeToCandidate
2022-11-10 17:28:11,491 [4a648ec9-f79d-4616-8c85-6f5aeee5d597@group-4D12300AE30F-FollowerState] INFO  server.RaftServerConfigKeys (ConfUtils.java:logGet(46)) - raft.server.leaderelection.pre-vote = false (custom)
2022-11-10 17:28:11,491 [4a648ec9-f79d-4616-8c85-6f5aeee5d597@group-4D12300AE30F-FollowerState] INFO  impl.RoleInfo (RoleInfo.java:updateAndGet(139)) - 4a648ec9-f79d-4616-8c85-6f5aeee5d597: start 4a648ec9-f79d-4616-8c85-6f5aeee5d597@group-4D12300AE30F-LeaderElection14
2022-11-10 17:28:11,504 [4a648ec9-f79d-4616-8c85-6f5aeee5d597@group-4D12300AE30F-LeaderElection14] INFO  impl.LeaderElection (LeaderElection.java:askForVotes(312)) - 4a648ec9-f79d-4616-8c85-6f5aeee5d597@group-4D12300AE30F-LeaderElection14 ELECTION round 0: submit vote requests at term 1 for -1: peers:[4a648ec9-f79d-4616-8c85-6f5aeee5d597|rpc:10.1.1.193:35623|priority:1|startupRole:FOLLOWER]|listeners:[], old=null
2022-11-10 17:28:11,508 [4a648ec9-f79d-4616-8c85-6f5aeee5d597@group-4D12300AE30F-LeaderElection14] INFO  impl.LeaderElection (LeaderElection.java:askForVotes(314)) - 4a648ec9-f79d-4616-8c85-6f5aeee5d597@group-4D12300AE30F-LeaderElection14 ELECTION round 0: result PASSED (term=1)
2022-11-10 17:28:11,509 [4a648ec9-f79d-4616-8c85-6f5aeee5d597@group-4D12300AE30F-LeaderElection14] INFO  impl.RoleInfo (RoleInfo.java:shutdownLeaderElection(130)) - 4a648ec9-f79d-4616-8c85-6f5aeee5d597: shutdown 4a648ec9-f79d-4616-8c85-6f5aeee5d597@group-4D12300AE30F-LeaderElection14
2022-11-10 17:28:11,509 [4a648ec9-f79d-4616-8c85-6f5aeee5d597@group-4D12300AE30F-LeaderElection14] INFO  server.RaftServer$Division (RaftServerImpl.java:setRole(321)) - 4a648ec9-f79d-4616-8c85-6f5aeee5d597@group-4D12300AE30F: changes role from CANDIDATE to LEADER at term 1 for changeToLeader
2022-11-10 17:28:11,509 [4a648ec9-f79d-4616-8c85-6f5aeee5d597@group-4D12300AE30F-LeaderElection14] INFO  ratis.XceiverServerRatis (XceiverServerRatis.java:handleLeaderChangedNotification(863)) - Leader change notification received for group: group-4D12300AE30F with new leaderId: 4a648ec9-f79d-4616-8c85-6f5aeee5d597
2022-11-10 17:28:11,509 [4a648ec9-f79d-4616-8c85-6f5aeee5d597@group-4D12300AE30F-LeaderElection14] INFO  server.RaftServer$Division (ServerState.java:setLeader(313)) - 4a648ec9-f79d-4616-8c85-6f5aeee5d597@group-4D12300AE30F: change Leader from null to 4a648ec9-f79d-4616-8c85-6f5aeee5d597 at term 1 for becomeLeader, leader elected after 5172ms
2022-11-10 17:28:11,509 [4a648ec9-f79d-4616-8c85-6f5aeee5d597@group-4D12300AE30F-LeaderElection14] INFO  server.RaftServerConfigKeys (ConfUtils.java:logGet(46)) - raft.server.staging.catchup.gap = 1000 (default)
2022-11-10 17:28:11,509 [4a648ec9-f79d-4616-8c85-6f5aeee5d597@group-4D12300AE30F-LeaderElection14] INFO  server.RaftServerConfigKeys (ConfUtils.java:logGet(46)) - raft.server.write.element-limit = 1024 (custom)
2022-11-10 17:28:11,509 [4a648ec9-f79d-4616-8c85-6f5aeee5d597@group-4D12300AE30F-LeaderElection14] INFO  server.RaftServerConfigKeys (ConfUtils.java:logGet(46)) - raft.server.write.byte-limit = 1024 M (=1073741824) (custom)
2022-11-10 17:28:11,510 [4a648ec9-f79d-4616-8c85-6f5aeee5d597@group-4D12300AE30F-LeaderElection14] INFO  server.RaftServerConfigKeys (ConfUtils.java:logGet(46)) - raft.server.watch.timeout = 180s (custom)
2022-11-10 17:28:11,510 [4a648ec9-f79d-4616-8c85-6f5aeee5d597@group-4D12300AE30F-LeaderElection14] INFO  server.RaftServerConfigKeys (ConfUtils.java:logGet(46)) - raft.server.watch.timeout.denomination = 1s (default)
2022-11-10 17:28:11,510 [4a648ec9-f79d-4616-8c85-6f5aeee5d597@group-4D12300AE30F-LeaderElection14] INFO  server.RaftServerConfigKeys (ConfUtils.java:logGet(46)) - raft.server.watch.element-limit = 65536 (default)
2022-11-10 17:28:11,510 [4a648ec9-f79d-4616-8c85-6f5aeee5d597@group-4D12300AE30F-LeaderElection14] INFO  server.RaftServerConfigKeys (ConfUtils.java:logGet(46)) - raft.server.write.element-limit = 1024 (custom)
2022-11-10 17:28:11,510 [4a648ec9-f79d-4616-8c85-6f5aeee5d597@group-4D12300AE30F-LeaderElection14] INFO  server.RaftServerConfigKeys (ConfUtils.java:logGet(46)) - raft.server.write.follower.gap.ratio.max = -1.0 (default)
2022-11-10 17:28:11,510 [4a648ec9-f79d-4616-8c85-6f5aeee5d597@group-4D12300AE30F-LeaderElection14] INFO  impl.RoleInfo (RoleInfo.java:updateAndGet(139)) - 4a648ec9-f79d-4616-8c85-6f5aeee5d597: start 4a648ec9-f79d-4616-8c85-6f5aeee5d597@group-4D12300AE30F-LeaderStateImpl
2022-11-10 17:28:11,511 [4a648ec9-f79d-4616-8c85-6f5aeee5d597@group-4D12300AE30F-LeaderElection14] INFO  segmented.SegmentedRaftLogWorker (SegmentedRaftLogWorker.java:startLogSegment(452)) - 4a648ec9-f79d-4616-8c85-6f5aeee5d597@group-4D12300AE30F-SegmentedRaftLogWorker: Starting segment from index:0
2022-11-10 17:28:11,516 [4a648ec9-f79d-4616-8c85-6f5aeee5d597@group-4D12300AE30F-LeaderElection14] INFO  server.RaftServer$Division (ServerState.java:setRaftConf(430)) - 4a648ec9-f79d-4616-8c85-6f5aeee5d597@group-4D12300AE30F: set configuration 0: peers:[4a648ec9-f79d-4616-8c85-6f5aeee5d597|rpc:10.1.1.193:35623|dataStream:|priority:1|startupRole:FOLLOWER]|listeners:[], old=null
2022-11-10 17:28:11,520 [4a648ec9-f79d-4616-8c85-6f5aeee5d597@group-4D12300AE30F-SegmentedRaftLogWorker] INFO  segmented.SegmentedRaftLogWorker (SegmentedRaftLogWorker.java:execute(656)) - 4a648ec9-f79d-4616-8c85-6f5aeee5d597@group-4D12300AE30F-SegmentedRaftLogWorker: created new log segment /home/runner/work/ozone/ozone/hadoop-ozone/integration-test/target/test-dir/MiniOzoneClusterImpl-5e6b204f-6d0c-499e-8bc7-d272478adc61/datanode-6/data/ratis/66df51c5-7d00-47f6-934b-4d12300ae30f/current/log_inprogress_0
]]></system-out>
  </testcase>
  <testcase name="testWriteWithExceedingMaxBufferLimit" classname="org.apache.hadoop.ozone.client.rpc.TestBlockOutputStreamFlushDelay" time="0.195"/>
</testsuite>