<?xml version="1.0" encoding="UTF-8"?>
<testsuite xmlns:xsi="http://www.w3.org/2001/XMLSchema-instance" xsi:noNamespaceSchemaLocation="https://maven.apache.org/surefire/maven-surefire-plugin/xsd/surefire-test-report-3.0.xsd" version="3.0" name="org.apache.hadoop.ozone.parser.TestOzoneHARatisLogParser" time="75.159" tests="1" errors="1" skipped="0" failures="0">
  <properties>
    <property name="awt.toolkit" value="sun.awt.X11.XToolkit"/>
    <property name="file.encoding.pkg" value="sun.io"/>
    <property name="java.specification.version" value="1.8"/>
    <property name="sun.cpu.isalist" value=""/>
    <property name="sun.jnu.encoding" value="UTF-8"/>
    <property name="java.class.path" value="/home/runner/work/ozone/ozone/hadoop-ozone/integration-test/target/test-classes:/home/runner/work/ozone/ozone/hadoop-ozone/integration-test/target/classes:/home/runner/.m2/repository/org/apache/ozone/ozone-common/1.3.0-SNAPSHOT/ozone-common-1.3.0-SNAPSHOT.jar:/home/runner/.m2/repository/io/grpc/grpc-netty/1.44.0/grpc-netty-1.44.0.jar:/home/runner/.m2/repository/io/grpc/grpc-core/1.44.0/grpc-core-1.44.0.jar:/home/runner/.m2/repository/com/google/android/annotations/4.1.1.4/annotations-4.1.1.4.jar:/home/runner/.m2/repository/org/codehaus/mojo/animal-sniffer-annotations/1.19/animal-sniffer-annotations-1.19.jar:/home/runner/.m2/repository/com/google/errorprone/error_prone_annotations/2.2.0/error_prone_annotations-2.2.0.jar:/home/runner/.m2/repository/io/perfmark/perfmark-api/0.23.0/perfmark-api-0.23.0.jar:/home/runner/.m2/repository/io/netty/netty-codec-http2/4.1.74.Final/netty-codec-http2-4.1.74.Final.jar:/home/runner/.m2/repository/io/netty/netty-common/4.1.74.Final/netty-common-4.1.74.Final.jar:/home/runner/.m2/repository/io/netty/netty-buffer/4.1.74.Final/netty-buffer-4.1.74.Final.jar:/home/runner/.m2/repository/io/netty/netty-codec-http/4.1.74.Final/netty-codec-http-4.1.74.Final.jar:/home/runner/.m2/repository/io/netty/netty-handler-proxy/4.1.74.Final/netty-handler-proxy-4.1.74.Final.jar:/home/runner/.m2/repository/io/netty/netty-codec-socks/4.1.74.Final/netty-codec-socks-4.1.74.Final.jar:/home/runner/.m2/repository/io/netty/netty-tcnative-boringssl-static/2.0.48.Final/netty-tcnative-boringssl-static-2.0.48.Final.jar:/home/runner/.m2/repository/io/netty/netty-tcnative-classes/2.0.48.Final/netty-tcnative-classes-2.0.48.Final.jar:/home/runner/.m2/repository/io/netty/netty-tcnative/2.0.48.Final/netty-tcnative-2.0.48.Final.jar:/home/runner/.m2/repository/org/apache/commons/commons-compress/1.21/commons-compress-1.21.jar:/home/runner/.m2/repository/org/apache/ozone/hdds-common/1.3.0-SNAPSHOT/hdds-common-1.3.0-SNAPSHOT.jar:/home/runner/.m2/repository/org/apache/ozone/hdds-client/1.3.0-SNAPSHOT/hdds-client-1.3.0-SNAPSHOT.jar:/home/runner/.m2/repository/org/apache/ozone/ozone-interface-client/1.3.0-SNAPSHOT/ozone-interface-client-1.3.0-SNAPSHOT.jar:/home/runner/.m2/repository/org/apache/ozone/hdds-test-utils/1.3.0-SNAPSHOT/hdds-test-utils-1.3.0-SNAPSHOT.jar:/home/runner/.m2/repository/com/google/guava/guava/31.1-jre/guava-31.1-jre.jar:/home/runner/.m2/repository/com/google/guava/failureaccess/1.0.1/failureaccess-1.0.1.jar:/home/runner/.m2/repository/com/google/guava/listenablefuture/9999.0-empty-to-avoid-conflict-with-guava/listenablefuture-9999.0-empty-to-avoid-conflict-with-guava.jar:/home/runner/.m2/repository/com/google/code/findbugs/jsr305/3.0.0/jsr305-3.0.0.jar:/home/runner/.m2/repository/org/checkerframework/checker-qual/3.12.0/checker-qual-3.12.0.jar:/home/runner/.m2/repository/com/google/j2objc/j2objc-annotations/1.3/j2objc-annotations-1.3.jar:/home/runner/.m2/repository/commons-io/commons-io/2.11.0/commons-io-2.11.0.jar:/home/runner/.m2/repository/commons-logging/commons-logging/1.2/commons-logging-1.2.jar:/home/runner/.m2/repository/log4j/log4j/1.2.17/log4j-1.2.17.jar:/home/runner/.m2/repository/org/slf4j/slf4j-api/1.7.30/slf4j-api-1.7.30.jar:/home/runner/.m2/repository/org/apache/ozone/hdds-server-scm/1.3.0-SNAPSHOT/hdds-server-scm-1.3.0-SNAPSHOT.jar:/home/runner/.m2/repository/org/apache/ozone/hdds-container-service/1.3.0-SNAPSHOT/hdds-container-service-1.3.0-SNAPSHOT.jar:/home/runner/.m2/repository/org/apache/ozone/hdds-hadoop-dependency-server/1.3.0-SNAPSHOT/hdds-hadoop-dependency-server-1.3.0-SNAPSHOT.jar:/home/runner/.m2/repository/org/apache/hadoop/hadoop-hdfs/3.3.1/hadoop-hdfs-3.3.1.jar:/home/runner/.m2/repository/org/apache/ozone/hdds-server-framework/1.3.0-SNAPSHOT/hdds-server-framework-1.3.0-SNAPSHOT.jar:/home/runner/.m2/repository/org/apache/ozone/hdds-interface-server/1.3.0-SNAPSHOT/hdds-interface-server-1.3.0-SNAPSHOT.jar:/home/runner/.m2/repository/org/apache/logging/log4j/log4j-core/2.17.1/log4j-core-2.17.1.jar:/home/runner/.m2/repository/com/lmax/disruptor/3.4.2/disruptor-3.4.2.jar:/home/runner/.m2/repository/org/eclipse/jetty/jetty-servlet/9.4.43.v20210629/jetty-servlet-9.4.43.v20210629.jar:/home/runner/.m2/repository/org/eclipse/jetty/jetty-security/9.4.43.v20210629/jetty-security-9.4.43.v20210629.jar:/home/runner/.m2/repository/org/rocksdb/rocksdbjni/6.29.5/rocksdbjni-6.29.5.jar:/home/runner/.m2/repository/io/prometheus/simpleclient_dropwizard/0.7.0/simpleclient_dropwizard-0.7.0.jar:/home/runner/.m2/repository/io/prometheus/simpleclient/0.7.0/simpleclient-0.7.0.jar:/home/runner/.m2/repository/io/prometheus/simpleclient_common/0.7.0/simpleclient_common-0.7.0.jar:/home/runner/.m2/repository/io/dropwizard/metrics/metrics-core/3.2.4/metrics-core-3.2.4.jar:/home/runner/.m2/repository/org/apache/hadoop/hadoop-hdfs-client/3.3.1/hadoop-hdfs-client-3.3.1.jar:/home/runner/.m2/repository/org/bouncycastle/bcprov-jdk15on/1.67/bcprov-jdk15on-1.67.jar:/home/runner/.m2/repository/com/google/protobuf/protobuf-java/2.5.0/protobuf-java-2.5.0.jar:/home/runner/.m2/repository/org/apache/ozone/ozone-manager/1.3.0-SNAPSHOT/ozone-manager-1.3.0-SNAPSHOT.jar:/home/runner/.m2/repository/org/aspectj/aspectjrt/1.9.7/aspectjrt-1.9.7.jar:/home/runner/.m2/repository/org/aspectj/aspectjweaver/1.9.7/aspectjweaver-1.9.7.jar:/home/runner/.m2/repository/org/apache/ozone/hdds-interface-client/1.3.0-SNAPSHOT/hdds-interface-client-1.3.0-SNAPSHOT.jar:/home/runner/.m2/repository/org/apache/hadoop/thirdparty/hadoop-shaded-protobuf_3_7/1.1.1/hadoop-shaded-protobuf_3_7-1.1.1.jar:/home/runner/.m2/repository/org/apache/ozone/ozone-interface-storage/1.3.0-SNAPSHOT/ozone-interface-storage-1.3.0-SNAPSHOT.jar:/home/runner/.m2/repository/org/reflections/reflections/0.9.11/reflections-0.9.11.jar:/home/runner/.m2/repository/com/sun/jersey/jersey-client/1.19/jersey-client-1.19.jar:/home/runner/.m2/repository/org/apache/ranger/ranger-intg/3.0.0-SNAPSHOT/ranger-intg-3.0.0-SNAPSHOT.jar:/home/runner/.m2/repository/org/apache/ranger/ranger-plugins-common/3.0.0-SNAPSHOT/ranger-plugins-common-3.0.0-SNAPSHOT.jar:/home/runner/.m2/repository/commons-lang/commons-lang/2.6/commons-lang-2.6.jar:/home/runner/.m2/repository/org/codehaus/jackson/jackson-jaxrs/1.9.13/jackson-jaxrs-1.9.13.jar:/home/runner/.m2/repository/org/apache/ranger/ranger-plugins-cred/3.0.0-SNAPSHOT/ranger-plugins-cred-3.0.0-SNAPSHOT.jar:/home/runner/.m2/repository/org/apache/ranger/ranger-plugins-audit/3.0.0-SNAPSHOT/ranger-plugins-audit-3.0.0-SNAPSHOT.jar:/home/runner/.m2/repository/org/apache/kafka/kafka-clients/2.8.1/kafka-clients-2.8.1.jar:/home/runner/.m2/repository/com/github/luben/zstd-jni/1.4.9-1/zstd-jni-1.4.9-1.jar:/home/runner/.m2/repository/org/apache/solr/solr-solrj/8.11.2/solr-solrj-8.11.2.jar:/home/runner/.m2/repository/org/eclipse/jetty/jetty-client/9.4.44.v20210927/jetty-client-9.4.44.v20210927.jar:/home/runner/.m2/repository/org/apache/httpcomponents/httpmime/4.5.13/httpmime-4.5.13.jar:/home/runner/.m2/repository/org/apache/httpcomponents/httpcore-nio/4.4.14/httpcore-nio-4.4.14.jar:/home/runner/.m2/repository/org/apache/httpcomponents/httpasyncclient/4.1.4/httpasyncclient-4.1.4.jar:/home/runner/.m2/repository/com/carrotsearch/hppc/0.8.0/hppc-0.8.0.jar:/home/runner/.m2/repository/org/apache/hive/hive-storage-api/2.7.2/hive-storage-api-2.7.2.jar:/home/runner/.m2/repository/org/apache/orc/orc-core/1.5.8/orc-core-1.5.8.jar:/home/runner/.m2/repository/com/amazonaws/aws-java-sdk-bundle/1.12.125/aws-java-sdk-bundle-1.12.125.jar:/home/runner/.m2/repository/net/java/dev/jna/jna/5.2.0/jna-5.2.0.jar:/home/runner/.m2/repository/net/java/dev/jna/jna-platform/5.2.0/jna-platform-5.2.0.jar:/home/runner/.m2/repository/com/kstruct/gethostname4j/0.0.2/gethostname4j-0.0.2.jar:/home/runner/.m2/repository/org/apache/ranger/ranger-plugin-classloader/3.0.0-SNAPSHOT/ranger-plugin-classloader-3.0.0-SNAPSHOT.jar:/home/runner/.m2/repository/org/apache/hadoop/hadoop-minikdc/3.3.1/hadoop-minikdc-3.3.1.jar:/home/runner/.m2/repository/org/apache/kerby/kerb-simplekdc/1.0.1/kerb-simplekdc-1.0.1.jar:/home/runner/.m2/repository/org/apache/kerby/kerb-client/1.0.1/kerb-client-1.0.1.jar:/home/runner/.m2/repository/org/apache/kerby/kerby-config/1.0.1/kerby-config-1.0.1.jar:/home/runner/.m2/repository/org/apache/kerby/kerb-common/1.0.1/kerb-common-1.0.1.jar:/home/runner/.m2/repository/org/apache/kerby/kerb-crypto/1.0.1/kerb-crypto-1.0.1.jar:/home/runner/.m2/repository/org/apache/kerby/kerb-util/1.0.1/kerb-util-1.0.1.jar:/home/runner/.m2/repository/org/apache/kerby/token-provider/1.0.1/token-provider-1.0.1.jar:/home/runner/.m2/repository/org/apache/kerby/kerb-admin/1.0.1/kerb-admin-1.0.1.jar:/home/runner/.m2/repository/org/apache/kerby/kerb-server/1.0.1/kerb-server-1.0.1.jar:/home/runner/.m2/repository/org/apache/kerby/kerb-identity/1.0.1/kerb-identity-1.0.1.jar:/home/runner/.m2/repository/org/apache/kerby/kerby-xdr/1.0.1/kerby-xdr-1.0.1.jar:/home/runner/.m2/repository/org/slf4j/slf4j-log4j12/1.7.30/slf4j-log4j12-1.7.30.jar:/home/runner/.m2/repository/org/apache/ozone/ozone-s3gateway/1.3.0-SNAPSHOT/ozone-s3gateway-1.3.0-SNAPSHOT.jar:/home/runner/.m2/repository/org/javassist/javassist/3.21.0-GA/javassist-3.21.0-GA.jar:/home/runner/.m2/repository/org/jboss/weld/servlet/weld-servlet/2.4.7.Final/weld-servlet-2.4.7.Final.jar:/home/runner/.m2/repository/org/glassfish/jersey/containers/jersey-container-servlet-core/2.33/jersey-container-servlet-core-2.33.jar:/home/runner/.m2/repository/org/glassfish/hk2/external/jakarta.inject/2.6.1/jakarta.inject-2.6.1.jar:/home/runner/.m2/repository/org/glassfish/jersey/core/jersey-common/2.33/jersey-common-2.33.jar:/home/runner/.m2/repository/jakarta/ws/rs/jakarta.ws.rs-api/2.1.6/jakarta.ws.rs-api-2.1.6.jar:/home/runner/.m2/repository/org/glassfish/jersey/ext/cdi/jersey-cdi1x/2.33/jersey-cdi1x-2.33.jar:/home/runner/.m2/repository/org/glassfish/jersey/inject/jersey-hk2/2.33/jersey-hk2-2.33.jar:/home/runner/.m2/repository/org/glassfish/hk2/hk2-locator/2.6.1/hk2-locator-2.6.1.jar:/home/runner/.m2/repository/org/glassfish/jersey/media/jersey-media-jaxb/2.33/jersey-media-jaxb-2.33.jar:/home/runner/.m2/repository/org/glassfish/hk2/osgi-resource-locator/1.0.3/osgi-resource-locator-1.0.3.jar:/home/runner/.m2/repository/org/glassfish/hk2/hk2-api/2.5.0/hk2-api-2.5.0.jar:/home/runner/.m2/repository/org/glassfish/hk2/hk2-utils/2.5.0/hk2-utils-2.5.0.jar:/home/runner/.m2/repository/org/glassfish/hk2/external/aopalliance-repackaged/2.5.0/aopalliance-repackaged-2.5.0.jar:/home/runner/.m2/repository/com/fasterxml/jackson/dataformat/jackson-dataformat-xml/2.13.2/jackson-dataformat-xml-2.13.2.jar:/home/runner/.m2/repository/com/fasterxml/jackson/core/jackson-core/2.13.2/jackson-core-2.13.2.jar:/home/runner/.m2/repository/org/codehaus/woodstox/stax2-api/3.1.4/stax2-api-3.1.4.jar:/home/runner/.m2/repository/com/fasterxml/woodstox/woodstox-core/5.0.3/woodstox-core-5.0.3.jar:/home/runner/.m2/repository/com/fasterxml/jackson/module/jackson-module-jaxb-annotations/2.13.2/jackson-module-jaxb-annotations-2.13.2.jar:/home/runner/.m2/repository/jakarta/xml/bind/jakarta.xml.bind-api/2.3.3/jakarta.xml.bind-api-2.3.3.jar:/home/runner/.m2/repository/jakarta/activation/jakarta.activation-api/1.2.1/jakarta.activation-api-1.2.1.jar:/home/runner/.m2/repository/javax/enterprise/cdi-api/1.2/cdi-api-1.2.jar:/home/runner/.m2/repository/javax/el/javax.el-api/3.0.0/javax.el-api-3.0.0.jar:/home/runner/.m2/repository/javax/interceptor/javax.interceptor-api/1.2/javax.interceptor-api-1.2.jar:/home/runner/.m2/repository/javax/inject/javax.inject/1/javax.inject-1.jar:/home/runner/.m2/repository/javax/xml/bind/jaxb-api/2.3.0/jaxb-api-2.3.0.jar:/home/runner/.m2/repository/org/glassfish/jaxb/jaxb-runtime/2.3.0.1/jaxb-runtime-2.3.0.1.jar:/home/runner/.m2/repository/org/glassfish/jaxb/jaxb-core/2.3.0.1/jaxb-core-2.3.0.1.jar:/home/runner/.m2/repository/org/glassfish/jaxb/txw2/2.3.0.1/txw2-2.3.0.1.jar:/home/runner/.m2/repository/com/sun/istack/istack-commons-runtime/3.0.5/istack-commons-runtime-3.0.5.jar:/home/runner/.m2/repository/org/jvnet/staxex/stax-ex/1.7.8/stax-ex-1.7.8.jar:/home/runner/.m2/repository/com/sun/xml/fastinfoset/FastInfoset/1.2.13/FastInfoset-1.2.13.jar:/home/runner/.m2/repository/javax/activation/activation/1.1.1/activation-1.1.1.jar:/home/runner/.m2/repository/io/grpc/grpc-protobuf/1.44.0/grpc-protobuf-1.44.0.jar:/home/runner/.m2/repository/io/grpc/grpc-api/1.44.0/grpc-api-1.44.0.jar:/home/runner/.m2/repository/io/grpc/grpc-context/1.44.0/grpc-context-1.44.0.jar:/home/runner/.m2/repository/com/google/api/grpc/proto-google-common-protos/2.0.1/proto-google-common-protos-2.0.1.jar:/home/runner/.m2/repository/io/grpc/grpc-protobuf-lite/1.44.0/grpc-protobuf-lite-1.44.0.jar:/home/runner/.m2/repository/io/grpc/grpc-stub/1.44.0/grpc-stub-1.44.0.jar:/home/runner/.m2/repository/io/netty/netty-transport/4.1.74.Final/netty-transport-4.1.74.Final.jar:/home/runner/.m2/repository/io/netty/netty-resolver/4.1.74.Final/netty-resolver-4.1.74.Final.jar:/home/runner/.m2/repository/org/apache/ozone/ozone-csi/1.3.0-SNAPSHOT/ozone-csi-1.3.0-SNAPSHOT.jar:/home/runner/.m2/repository/com/google/protobuf/protobuf-java-util/3.19.2/protobuf-java-util-3.19.2.jar:/home/runner/.m2/repository/com/google/code/gson/gson/2.9.0/gson-2.9.0.jar:/home/runner/.m2/repository/org/apache/ozone/hdds-config/1.3.0-SNAPSHOT/hdds-config-1.3.0-SNAPSHOT.jar:/home/runner/.m2/repository/io/netty/netty-transport-native-epoll/4.1.74.Final/netty-transport-native-epoll-4.1.74.Final-linux-x86_64.jar:/home/runner/.m2/repository/io/netty/netty-transport-classes-epoll/4.1.74.Final/netty-transport-classes-epoll-4.1.74.Final.jar:/home/runner/.m2/repository/io/netty/netty-transport-native-unix-common/4.1.74.Final/netty-transport-native-unix-common-4.1.74.Final.jar:/home/runner/.m2/repository/org/apache/ozone/ozone-recon/1.3.0-SNAPSHOT/ozone-recon-1.3.0-SNAPSHOT.jar:/home/runner/.m2/repository/org/apache/ozone/ozone-reconcodegen/1.3.0-SNAPSHOT/ozone-reconcodegen-1.3.0-SNAPSHOT.jar:/home/runner/.m2/repository/com/google/inject/extensions/guice-multibindings/4.0/guice-multibindings-4.0.jar:/home/runner/.m2/repository/com/google/inject/guice/4.0/guice-4.0.jar:/home/runner/.m2/repository/aopalliance/aopalliance/1.0/aopalliance-1.0.jar:/home/runner/.m2/repository/com/google/inject/extensions/guice-assistedinject/4.0/guice-assistedinject-4.0.jar:/home/runner/.m2/repository/com/google/inject/extensions/guice-servlet/4.0/guice-servlet-4.0.jar:/home/runner/.m2/repository/org/glassfish/jersey/containers/jersey-container-servlet/2.33/jersey-container-servlet-2.33.jar:/home/runner/.m2/repository/org/glassfish/hk2/guice-bridge/2.5.0/guice-bridge-2.5.0.jar:/home/runner/.m2/repository/org/glassfish/jersey/core/jersey-server/2.33/jersey-server-2.33.jar:/home/runner/.m2/repository/org/glassfish/jersey/core/jersey-client/2.33/jersey-client-2.33.jar:/home/runner/.m2/repository/jakarta/annotation/jakarta.annotation-api/1.3.5/jakarta.annotation-api-1.3.5.jar:/home/runner/.m2/repository/jakarta/validation/jakarta.validation-api/2.0.2/jakarta.validation-api-2.0.2.jar:/home/runner/.m2/repository/org/glassfish/jersey/media/jersey-media-json-jackson/2.33/jersey-media-json-jackson-2.33.jar:/home/runner/.m2/repository/org/glassfish/jersey/ext/jersey-entity-filtering/2.33/jersey-entity-filtering-2.33.jar:/home/runner/.m2/repository/org/jooq/jooq/3.11.10/jooq-3.11.10.jar:/home/runner/.m2/repository/org/jooq/jooq-meta/3.11.10/jooq-meta-3.11.10.jar:/home/runner/.m2/repository/org/jooq/jooq-codegen/3.11.10/jooq-codegen-3.11.10.jar:/home/runner/.m2/repository/com/jolbox/bonecp/0.8.0.RELEASE/bonecp-0.8.0.RELEASE.jar:/home/runner/.m2/repository/org/apache/derby/derby/10.14.2.0/derby-10.14.2.0.jar:/home/runner/.m2/repository/org/xerial/sqlite-jdbc/3.25.2/sqlite-jdbc-3.25.2.jar:/home/runner/.m2/repository/org/springframework/spring-jdbc/5.2.20.RELEASE/spring-jdbc-5.2.20.RELEASE.jar:/home/runner/.m2/repository/org/springframework/spring-beans/5.2.20.RELEASE/spring-beans-5.2.20.RELEASE.jar:/home/runner/.m2/repository/org/springframework/spring-core/5.2.20.RELEASE/spring-core-5.2.20.RELEASE.jar:/home/runner/.m2/repository/org/springframework/spring-jcl/5.2.20.RELEASE/spring-jcl-5.2.20.RELEASE.jar:/home/runner/.m2/repository/org/springframework/spring-tx/5.2.20.RELEASE/spring-tx-5.2.20.RELEASE.jar:/home/runner/.m2/repository/org/apache/ozone/ozone-client/1.3.0-SNAPSHOT/ozone-client-1.3.0-SNAPSHOT.jar:/home/runner/.m2/repository/org/apache/ozone/hdds-erasurecode/1.3.0-SNAPSHOT/hdds-erasurecode-1.3.0-SNAPSHOT.jar:/home/runner/.m2/repository/com/github/spotbugs/spotbugs-annotations/3.1.12/spotbugs-annotations-3.1.12.jar:/home/runner/.m2/repository/org/apache/ozone/ozone-filesystem/1.3.0-SNAPSHOT/ozone-filesystem-1.3.0-SNAPSHOT.jar:/home/runner/.m2/repository/org/apache/ozone/ozone-filesystem-common/1.3.0-SNAPSHOT/ozone-filesystem-common-1.3.0-SNAPSHOT.jar:/home/runner/.m2/repository/org/apache/ozone/ozone-tools/1.3.0-SNAPSHOT/ozone-tools-1.3.0-SNAPSHOT.jar:/home/runner/.m2/repository/org/apache/ratis/ratis-tools/2.3.0/ratis-tools-2.3.0.jar:/home/runner/.m2/repository/com/amazonaws/aws-java-sdk-core/1.12.124/aws-java-sdk-core-1.12.124.jar:/home/runner/.m2/repository/org/apache/httpcomponents/httpclient/4.5.13/httpclient-4.5.13.jar:/home/runner/.m2/repository/org/apache/httpcomponents/httpcore/4.4.13/httpcore-4.4.13.jar:/home/runner/.m2/repository/software/amazon/ion/ion-java/1.0.2/ion-java-1.0.2.jar:/home/runner/.m2/repository/com/fasterxml/jackson/dataformat/jackson-dataformat-cbor/2.13.2/jackson-dataformat-cbor-2.13.2.jar:/home/runner/.m2/repository/joda-time/joda-time/2.8.1/joda-time-2.8.1.jar:/home/runner/.m2/repository/com/amazonaws/aws-java-sdk-s3/1.12.124/aws-java-sdk-s3-1.12.124.jar:/home/runner/.m2/repository/com/amazonaws/aws-java-sdk-kms/1.12.124/aws-java-sdk-kms-1.12.124.jar:/home/runner/.m2/repository/com/amazonaws/jmespath-java/1.12.124/jmespath-java-1.12.124.jar:/home/runner/.m2/repository/org/kohsuke/metainf-services/metainf-services/1.8/metainf-services-1.8.jar:/home/runner/.m2/repository/org/apache/ozone/hdds-tools/1.3.0-SNAPSHOT/hdds-tools-1.3.0-SNAPSHOT.jar:/home/runner/.m2/repository/commons-cli/commons-cli/1.2/commons-cli-1.2.jar:/home/runner/.m2/repository/org/apache/commons/commons-lang3/3.7/commons-lang3-3.7.jar:/home/runner/.m2/repository/org/apache/ozone/ozone-manager/1.3.0-SNAPSHOT/ozone-manager-1.3.0-SNAPSHOT-tests.jar:/home/runner/.m2/repository/org/apache/ozone/hdds-common/1.3.0-SNAPSHOT/hdds-common-1.3.0-SNAPSHOT-tests.jar:/home/runner/.m2/repository/org/apache/ozone/hdds-hadoop-dependency-client/1.3.0-SNAPSHOT/hdds-hadoop-dependency-client-1.3.0-SNAPSHOT.jar:/home/runner/.m2/repository/info/picocli/picocli/4.6.1/picocli-4.6.1.jar:/home/runner/.m2/repository/com/fasterxml/jackson/core/jackson-annotations/2.13.2/jackson-annotations-2.13.2.jar:/home/runner/.m2/repository/com/fasterxml/jackson/datatype/jackson-datatype-jsr310/2.13.2/jackson-datatype-jsr310-2.13.2.jar:/home/runner/.m2/repository/javax/annotation/javax.annotation-api/1.2/javax.annotation-api-1.2.jar:/home/runner/.m2/repository/org/apache/ratis/ratis-server/2.3.0/ratis-server-2.3.0.jar:/home/runner/.m2/repository/org/apache/ratis/ratis-client/2.3.0/ratis-client-2.3.0.jar:/home/runner/.m2/repository/org/apache/ratis/ratis-server-api/2.3.0/ratis-server-api-2.3.0.jar:/home/runner/.m2/repository/org/apache/ratis/ratis-metrics/2.3.0/ratis-metrics-2.3.0.jar:/home/runner/.m2/repository/org/apache/ratis/ratis-netty/2.3.0/ratis-netty-2.3.0.jar:/home/runner/.m2/repository/org/apache/ratis/ratis-grpc/2.3.0/ratis-grpc-2.3.0.jar:/home/runner/.m2/repository/org/apache/logging/log4j/log4j-api/2.17.1/log4j-api-2.17.1.jar:/home/runner/.m2/repository/org/apache/commons/commons-pool2/2.6.0/commons-pool2-2.6.0.jar:/home/runner/.m2/repository/org/bouncycastle/bcpkix-jdk15on/1.67/bcpkix-jdk15on-1.67.jar:/home/runner/.m2/repository/commons-validator/commons-validator/1.6/commons-validator-1.6.jar:/home/runner/.m2/repository/commons-beanutils/commons-beanutils/1.9.4/commons-beanutils-1.9.4.jar:/home/runner/.m2/repository/commons-digester/commons-digester/1.8.1/commons-digester-1.8.1.jar:/home/runner/.m2/repository/commons-collections/commons-collections/3.2.2/commons-collections-3.2.2.jar:/home/runner/.m2/repository/io/jaegertracing/jaeger-client/1.6.0/jaeger-client-1.6.0.jar:/home/runner/.m2/repository/io/jaegertracing/jaeger-thrift/1.6.0/jaeger-thrift-1.6.0.jar:/home/runner/.m2/repository/org/apache/thrift/libthrift/0.14.1/libthrift-0.14.1.jar:/home/runner/.m2/repository/com/squareup/okhttp3/okhttp/4.9.0/okhttp-4.9.0.jar:/home/runner/.m2/repository/com/squareup/okio/okio/2.8.0/okio-2.8.0.jar:/home/runner/.m2/repository/io/jaegertracing/jaeger-core/1.6.0/jaeger-core-1.6.0.jar:/home/runner/.m2/repository/io/jaegertracing/jaeger-tracerresolver/1.6.0/jaeger-tracerresolver-1.6.0.jar:/home/runner/.m2/repository/io/opentracing/contrib/opentracing-tracerresolver/0.1.8/opentracing-tracerresolver-0.1.8.jar:/home/runner/.m2/repository/org/jetbrains/kotlin/kotlin-stdlib/1.6.21/kotlin-stdlib-1.6.21.jar:/home/runner/.m2/repository/org/jetbrains/kotlin/kotlin-stdlib-common/1.6.21/kotlin-stdlib-common-1.6.21.jar:/home/runner/.m2/repository/org/jetbrains/annotations/13.0/annotations-13.0.jar:/home/runner/.m2/repository/io/opentracing/opentracing-util/0.33.0/opentracing-util-0.33.0.jar:/home/runner/.m2/repository/io/opentracing/opentracing-api/0.33.0/opentracing-api-0.33.0.jar:/home/runner/.m2/repository/io/opentracing/opentracing-noop/0.33.0/opentracing-noop-0.33.0.jar:/home/runner/.m2/repository/org/yaml/snakeyaml/1.26/snakeyaml-1.26.jar:/home/runner/.m2/repository/org/apache/ozone/hdds-interface-admin/1.3.0-SNAPSHOT/hdds-interface-admin-1.3.0-SNAPSHOT.jar:/home/runner/.m2/repository/junit/junit/4.13.1/junit-4.13.1.jar:/home/runner/.m2/repository/org/hamcrest/hamcrest-core/1.3/hamcrest-core-1.3.jar:/home/runner/.m2/repository/org/junit/jupiter/junit-jupiter-api/5.8.2/junit-jupiter-api-5.8.2.jar:/home/runner/.m2/repository/org/opentest4j/opentest4j/1.2.0/opentest4j-1.2.0.jar:/home/runner/.m2/repository/org/junit/platform/junit-platform-commons/1.8.2/junit-platform-commons-1.8.2.jar:/home/runner/.m2/repository/org/apiguardian/apiguardian-api/1.1.2/apiguardian-api-1.1.2.jar:/home/runner/.m2/repository/org/junit/jupiter/junit-jupiter-params/5.8.2/junit-jupiter-params-5.8.2.jar:/home/runner/.m2/repository/org/junit/jupiter/junit-jupiter-migrationsupport/5.8.2/junit-jupiter-migrationsupport-5.8.2.jar:/home/runner/.m2/repository/org/junit/jupiter/junit-jupiter-engine/5.8.2/junit-jupiter-engine-5.8.2.jar:/home/runner/.m2/repository/org/junit/platform/junit-platform-engine/1.8.2/junit-platform-engine-1.8.2.jar:/home/runner/.m2/repository/org/junit/vintage/junit-vintage-engine/5.8.2/junit-vintage-engine-5.8.2.jar:/home/runner/.m2/repository/org/junit/platform/junit-platform-launcher/1.8.2/junit-platform-launcher-1.8.2.jar:/home/runner/.m2/repository/org/mockito/mockito-core/2.28.2/mockito-core-2.28.2.jar:/home/runner/.m2/repository/net/bytebuddy/byte-buddy/1.9.10/byte-buddy-1.9.10.jar:/home/runner/.m2/repository/net/bytebuddy/byte-buddy-agent/1.9.10/byte-buddy-agent-1.9.10.jar:/home/runner/.m2/repository/org/objenesis/objenesis/1.0/objenesis-1.0.jar:/home/runner/.m2/repository/org/apache/hadoop/hadoop-kms/3.3.1/hadoop-kms-3.3.1.jar:/home/runner/.m2/repository/org/apache/hadoop/hadoop-auth/3.3.1/hadoop-auth-3.3.1.jar:/home/runner/.m2/repository/com/nimbusds/nimbus-jose-jwt/7.9/nimbus-jose-jwt-7.9.jar:/home/runner/.m2/repository/com/github/stephenc/jcip/jcip-annotations/1.0-1/jcip-annotations-1.0-1.jar:/home/runner/.m2/repository/net/minidev/json-smart/2.4.7/json-smart-2.4.7.jar:/home/runner/.m2/repository/net/minidev/accessors-smart/2.4.7/accessors-smart-2.4.7.jar:/home/runner/.m2/repository/org/ow2/asm/asm/5.0.4/asm-5.0.4.jar:/home/runner/.m2/repository/org/apache/zookeeper/zookeeper/3.5.6/zookeeper-3.5.6.jar:/home/runner/.m2/repository/org/apache/zookeeper/zookeeper-jute/3.5.6/zookeeper-jute-3.5.6.jar:/home/runner/.m2/repository/org/apache/yetus/audience-annotations/0.5.0/audience-annotations-0.5.0.jar:/home/runner/.m2/repository/org/apache/curator/curator-framework/4.2.0/curator-framework-4.2.0.jar:/home/runner/.m2/repository/org/apache/hadoop/thirdparty/hadoop-shaded-guava/1.1.1/hadoop-shaded-guava-1.1.1.jar:/home/runner/.m2/repository/com/sun/jersey/jersey-core/1.19/jersey-core-1.19.jar:/home/runner/.m2/repository/javax/ws/rs/jsr311-api/1.1.1/jsr311-api-1.1.1.jar:/home/runner/.m2/repository/com/sun/jersey/jersey-server/1.19/jersey-server-1.19.jar:/home/runner/.m2/repository/javax/servlet/javax.servlet-api/3.1.0/javax.servlet-api-3.1.0.jar:/home/runner/.m2/repository/org/eclipse/jetty/jetty-server/9.4.43.v20210629/jetty-server-9.4.43.v20210629.jar:/home/runner/.m2/repository/org/eclipse/jetty/jetty-http/9.4.43.v20210629/jetty-http-9.4.43.v20210629.jar:/home/runner/.m2/repository/org/eclipse/jetty/jetty-io/9.4.43.v20210629/jetty-io-9.4.43.v20210629.jar:/home/runner/.m2/repository/org/eclipse/jetty/jetty-webapp/9.4.43.v20210629/jetty-webapp-9.4.43.v20210629.jar:/home/runner/.m2/repository/org/eclipse/jetty/jetty-xml/9.4.43.v20210629/jetty-xml-9.4.43.v20210629.jar:/home/runner/.m2/repository/org/apache/hadoop/hadoop-common/3.3.1/hadoop-common-3.3.1.jar:/home/runner/.m2/repository/org/apache/commons/commons-math3/3.1.1/commons-math3-3.1.1.jar:/home/runner/.m2/repository/commons-net/commons-net/3.6/commons-net-3.6.jar:/home/runner/.m2/repository/com/sun/jersey/jersey-servlet/1.19/jersey-servlet-1.19.jar:/home/runner/.m2/repository/com/sun/jersey/jersey-json/1.19/jersey-json-1.19.jar:/home/runner/.m2/repository/org/codehaus/jettison/jettison/1.1/jettison-1.1.jar:/home/runner/.m2/repository/com/sun/xml/bind/jaxb-impl/2.2.3-1/jaxb-impl-2.2.3-1.jar:/home/runner/.m2/repository/org/codehaus/jackson/jackson-xc/1.9.2/jackson-xc-1.9.2.jar:/home/runner/.m2/repository/org/apache/commons/commons-configuration2/2.1.1/commons-configuration2-2.1.1.jar:/home/runner/.m2/repository/org/apache/commons/commons-text/1.4/commons-text-1.4.jar:/home/runner/.m2/repository/com/google/re2j/re2j/1.1/re2j-1.1.jar:/home/runner/.m2/repository/com/jcraft/jsch/0.1.54/jsch-0.1.54.jar:/home/runner/.m2/repository/org/apache/curator/curator-client/4.2.0/curator-client-4.2.0.jar:/home/runner/.m2/repository/org/apache/curator/curator-recipes/4.2.0/curator-recipes-4.2.0.jar:/home/runner/.m2/repository/org/apache/kerby/kerb-core/1.0.1/kerb-core-1.0.1.jar:/home/runner/.m2/repository/org/apache/kerby/kerby-pkix/1.0.1/kerby-pkix-1.0.1.jar:/home/runner/.m2/repository/org/apache/kerby/kerby-asn1/1.0.1/kerby-asn1-1.0.1.jar:/home/runner/.m2/repository/org/apache/kerby/kerby-util/1.0.1/kerby-util-1.0.1.jar:/home/runner/.m2/repository/dnsjava/dnsjava/2.1.7/dnsjava-2.1.7.jar:/home/runner/.m2/repository/org/xerial/snappy/snappy-java/1.1.8.2/snappy-java-1.1.8.2.jar:/home/runner/.m2/repository/org/slf4j/jul-to-slf4j/1.7.30/jul-to-slf4j-1.7.30.jar:/home/runner/.m2/repository/org/eclipse/jetty/jetty-util/9.4.43.v20210629/jetty-util-9.4.43.v20210629.jar:/home/runner/.m2/repository/com/fasterxml/jackson/core/jackson-databind/2.13.2.2/jackson-databind-2.13.2.2.jar:/home/runner/.m2/repository/org/apache/hadoop/hadoop-kms/3.3.1/hadoop-kms-3.3.1-tests.jar:/home/runner/.m2/repository/org/apache/ozone/hdds-server-scm/1.3.0-SNAPSHOT/hdds-server-scm-1.3.0-SNAPSHOT-tests.jar:/home/runner/.m2/repository/org/apache/ozone/hdds-container-service/1.3.0-SNAPSHOT/hdds-container-service-1.3.0-SNAPSHOT-tests.jar:/home/runner/.m2/repository/commons-codec/commons-codec/1.11/commons-codec-1.11.jar:/home/runner/.m2/repository/io/netty/netty-codec/4.1.74.Final/netty-codec-4.1.74.Final.jar:/home/runner/.m2/repository/io/netty/netty-handler/4.1.74.Final/netty-handler-4.1.74.Final.jar:/home/runner/.m2/repository/org/apache/ozone/hdds-hadoop-dependency-test/1.3.0-SNAPSHOT/hdds-hadoop-dependency-test-1.3.0-SNAPSHOT.jar:/home/runner/.m2/repository/org/apache/hadoop/hadoop-common/3.3.1/hadoop-common-3.3.1-tests.jar:/home/runner/.m2/repository/org/assertj/assertj-core/3.12.2/assertj-core-3.12.2.jar:/home/runner/.m2/repository/org/apache/hadoop/hadoop-hdfs/3.3.1/hadoop-hdfs-3.3.1-tests.jar:/home/runner/.m2/repository/org/eclipse/jetty/jetty-util-ajax/9.4.43.v20210629/jetty-util-ajax-9.4.43.v20210629.jar:/home/runner/.m2/repository/commons-daemon/commons-daemon/1.0.13/commons-daemon-1.0.13.jar:/home/runner/.m2/repository/io/netty/netty/3.10.6.Final/netty-3.10.6.Final.jar:/home/runner/.m2/repository/io/netty/netty-all/4.1.74.Final/netty-all-4.1.74.Final.jar:/home/runner/.m2/repository/io/netty/netty-codec-dns/4.1.74.Final/netty-codec-dns-4.1.74.Final.jar:/home/runner/.m2/repository/io/netty/netty-codec-haproxy/4.1.74.Final/netty-codec-haproxy-4.1.74.Final.jar:/home/runner/.m2/repository/io/netty/netty-codec-memcache/4.1.74.Final/netty-codec-memcache-4.1.74.Final.jar:/home/runner/.m2/repository/io/netty/netty-codec-mqtt/4.1.74.Final/netty-codec-mqtt-4.1.74.Final.jar:/home/runner/.m2/repository/io/netty/netty-codec-redis/4.1.74.Final/netty-codec-redis-4.1.74.Final.jar:/home/runner/.m2/repository/io/netty/netty-codec-smtp/4.1.74.Final/netty-codec-smtp-4.1.74.Final.jar:/home/runner/.m2/repository/io/netty/netty-codec-stomp/4.1.74.Final/netty-codec-stomp-4.1.74.Final.jar:/home/runner/.m2/repository/io/netty/netty-codec-xml/4.1.74.Final/netty-codec-xml-4.1.74.Final.jar:/home/runner/.m2/repository/io/netty/netty-resolver-dns/4.1.74.Final/netty-resolver-dns-4.1.74.Final.jar:/home/runner/.m2/repository/io/netty/netty-transport-rxtx/4.1.74.Final/netty-transport-rxtx-4.1.74.Final.jar:/home/runner/.m2/repository/io/netty/netty-transport-sctp/4.1.74.Final/netty-transport-sctp-4.1.74.Final.jar:/home/runner/.m2/repository/io/netty/netty-transport-udt/4.1.74.Final/netty-transport-udt-4.1.74.Final.jar:/home/runner/.m2/repository/io/netty/netty-transport-classes-kqueue/4.1.74.Final/netty-transport-classes-kqueue-4.1.74.Final.jar:/home/runner/.m2/repository/io/netty/netty-resolver-dns-classes-macos/4.1.74.Final/netty-resolver-dns-classes-macos-4.1.74.Final.jar:/home/runner/.m2/repository/io/netty/netty-transport-native-epoll/4.1.74.Final/netty-transport-native-epoll-4.1.74.Final-linux-aarch_64.jar:/home/runner/.m2/repository/io/netty/netty-transport-native-kqueue/4.1.74.Final/netty-transport-native-kqueue-4.1.74.Final-osx-x86_64.jar:/home/runner/.m2/repository/io/netty/netty-transport-native-kqueue/4.1.74.Final/netty-transport-native-kqueue-4.1.74.Final-osx-aarch_64.jar:/home/runner/.m2/repository/io/netty/netty-resolver-dns-native-macos/4.1.74.Final/netty-resolver-dns-native-macos-4.1.74.Final-osx-x86_64.jar:/home/runner/.m2/repository/io/netty/netty-resolver-dns-native-macos/4.1.74.Final/netty-resolver-dns-native-macos-4.1.74.Final-osx-aarch_64.jar:/home/runner/.m2/repository/org/apache/htrace/htrace-core4/4.1.0-incubating/htrace-core4-4.1.0-incubating.jar:/home/runner/.m2/repository/org/fusesource/leveldbjni/leveldbjni-all/1.8/leveldbjni-all-1.8.jar:/home/runner/.m2/repository/org/apache/hadoop/hadoop-distcp/3.3.1/hadoop-distcp-3.3.1.jar:/home/runner/.m2/repository/org/apache/hadoop/hadoop-mapreduce-client-jobclient/3.3.1/hadoop-mapreduce-client-jobclient-3.3.1.jar:/home/runner/.m2/repository/org/apache/hadoop/hadoop-mapreduce-client-common/3.3.1/hadoop-mapreduce-client-common-3.3.1.jar:/home/runner/.m2/repository/org/apache/hadoop/hadoop-yarn-common/3.3.1/hadoop-yarn-common-3.3.1.jar:/home/runner/.m2/repository/org/apache/hadoop/hadoop-yarn-api/3.3.1/hadoop-yarn-api-3.3.1.jar:/home/runner/.m2/repository/com/sun/jersey/contribs/jersey-guice/1.19/jersey-guice-1.19.jar:/home/runner/.m2/repository/com/fasterxml/jackson/jaxrs/jackson-jaxrs-json-provider/2.13.2/jackson-jaxrs-json-provider-2.13.2.jar:/home/runner/.m2/repository/com/fasterxml/jackson/jaxrs/jackson-jaxrs-base/2.13.2/jackson-jaxrs-base-2.13.2.jar:/home/runner/.m2/repository/org/apache/hadoop/hadoop-yarn-client/3.3.1/hadoop-yarn-client-3.3.1.jar:/home/runner/.m2/repository/org/eclipse/jetty/websocket/websocket-client/9.4.40.v20210413/websocket-client-9.4.40.v20210413.jar:/home/runner/.m2/repository/org/eclipse/jetty/websocket/websocket-common/9.4.40.v20210413/websocket-common-9.4.40.v20210413.jar:/home/runner/.m2/repository/org/eclipse/jetty/websocket/websocket-api/9.4.40.v20210413/websocket-api-9.4.40.v20210413.jar:/home/runner/.m2/repository/org/jline/jline/3.9.0/jline-3.9.0.jar:/home/runner/.m2/repository/org/apache/hadoop/hadoop-mapreduce-client-core/3.3.1/hadoop-mapreduce-client-core-3.3.1.jar:/home/runner/.m2/repository/org/apache/avro/avro/1.7.7/avro-1.7.7.jar:/home/runner/.m2/repository/org/codehaus/jackson/jackson-core-asl/1.9.13/jackson-core-asl-1.9.13.jar:/home/runner/.m2/repository/org/codehaus/jackson/jackson-mapper-asl/1.9.13/jackson-mapper-asl-1.9.13.jar:/home/runner/.m2/repository/com/thoughtworks/paranamer/paranamer/2.3/paranamer-2.3.jar:/home/runner/.m2/repository/org/apache/hadoop/hadoop-annotations/3.3.1/hadoop-annotations-3.3.1.jar:/usr/lib/jvm/temurin-8-jdk-amd64/jre/../lib/tools.jar:/home/runner/.m2/repository/org/apache/hadoop/hadoop-distcp/3.3.1/hadoop-distcp-3.3.1-tests.jar:/home/runner/.m2/repository/org/apache/ratis/ratis-common/2.3.0/ratis-common-2.3.0.jar:/home/runner/.m2/repository/org/apache/ratis/ratis-thirdparty-misc/1.0.0/ratis-thirdparty-misc-1.0.0.jar:/home/runner/.m2/repository/org/apache/ratis/ratis-proto/2.3.0/ratis-proto-2.3.0.jar:/home/runner/.m2/repository/org/apache/ozone/ozone-annotation-processing/1.3.0-SNAPSHOT/ozone-annotation-processing-1.3.0-SNAPSHOT.jar:"/>
    <property name="java.vm.vendor" value="Temurin"/>
    <property name="sun.arch.data.model" value="64"/>
    <property name="test.build.dir" value="/home/runner/work/ozone/ozone/hadoop-ozone/integration-test/target/test-dir"/>
    <property name="test.cache.data" value=""/>
    <property name="java.vendor.url" value="https://adoptium.net/"/>
    <property name="user.timezone" value="Etc/UTC"/>
    <property name="java.vm.specification.version" value="1.8"/>
    <property name="os.name" value="Linux"/>
    <property name="test.build.data" value="/home/runner/work/ozone/ozone/hadoop-ozone/integration-test/target/test-dir"/>
    <property name="sun.java.launcher" value="SUN_STANDARD"/>
    <property name="sun.boot.library.path" value="/usr/lib/jvm/temurin-8-jdk-amd64/jre/lib/amd64"/>
    <property name="sun.java.command" value="/home/runner/work/ozone/ozone/hadoop-ozone/integration-test/target/surefire/surefirebooter7700486391953500920.jar /home/runner/work/ozone/ozone/hadoop-ozone/integration-test/target/surefire 2022-07-14T04-43-34_658-jvmRun1 surefire7641877773661053972tmp surefire_442064022570237832690tmp"/>
    <property name="surefire.test.class.path" value="/home/runner/work/ozone/ozone/hadoop-ozone/integration-test/target/test-classes:/home/runner/work/ozone/ozone/hadoop-ozone/integration-test/target/classes:/home/runner/.m2/repository/org/apache/ozone/ozone-common/1.3.0-SNAPSHOT/ozone-common-1.3.0-SNAPSHOT.jar:/home/runner/.m2/repository/io/grpc/grpc-netty/1.44.0/grpc-netty-1.44.0.jar:/home/runner/.m2/repository/io/grpc/grpc-core/1.44.0/grpc-core-1.44.0.jar:/home/runner/.m2/repository/com/google/android/annotations/4.1.1.4/annotations-4.1.1.4.jar:/home/runner/.m2/repository/org/codehaus/mojo/animal-sniffer-annotations/1.19/animal-sniffer-annotations-1.19.jar:/home/runner/.m2/repository/com/google/errorprone/error_prone_annotations/2.2.0/error_prone_annotations-2.2.0.jar:/home/runner/.m2/repository/io/perfmark/perfmark-api/0.23.0/perfmark-api-0.23.0.jar:/home/runner/.m2/repository/io/netty/netty-codec-http2/4.1.74.Final/netty-codec-http2-4.1.74.Final.jar:/home/runner/.m2/repository/io/netty/netty-common/4.1.74.Final/netty-common-4.1.74.Final.jar:/home/runner/.m2/repository/io/netty/netty-buffer/4.1.74.Final/netty-buffer-4.1.74.Final.jar:/home/runner/.m2/repository/io/netty/netty-codec-http/4.1.74.Final/netty-codec-http-4.1.74.Final.jar:/home/runner/.m2/repository/io/netty/netty-handler-proxy/4.1.74.Final/netty-handler-proxy-4.1.74.Final.jar:/home/runner/.m2/repository/io/netty/netty-codec-socks/4.1.74.Final/netty-codec-socks-4.1.74.Final.jar:/home/runner/.m2/repository/io/netty/netty-tcnative-boringssl-static/2.0.48.Final/netty-tcnative-boringssl-static-2.0.48.Final.jar:/home/runner/.m2/repository/io/netty/netty-tcnative-classes/2.0.48.Final/netty-tcnative-classes-2.0.48.Final.jar:/home/runner/.m2/repository/io/netty/netty-tcnative/2.0.48.Final/netty-tcnative-2.0.48.Final.jar:/home/runner/.m2/repository/org/apache/commons/commons-compress/1.21/commons-compress-1.21.jar:/home/runner/.m2/repository/org/apache/ozone/hdds-common/1.3.0-SNAPSHOT/hdds-common-1.3.0-SNAPSHOT.jar:/home/runner/.m2/repository/org/apache/ozone/hdds-client/1.3.0-SNAPSHOT/hdds-client-1.3.0-SNAPSHOT.jar:/home/runner/.m2/repository/org/apache/ozone/ozone-interface-client/1.3.0-SNAPSHOT/ozone-interface-client-1.3.0-SNAPSHOT.jar:/home/runner/.m2/repository/org/apache/ozone/hdds-test-utils/1.3.0-SNAPSHOT/hdds-test-utils-1.3.0-SNAPSHOT.jar:/home/runner/.m2/repository/com/google/guava/guava/31.1-jre/guava-31.1-jre.jar:/home/runner/.m2/repository/com/google/guava/failureaccess/1.0.1/failureaccess-1.0.1.jar:/home/runner/.m2/repository/com/google/guava/listenablefuture/9999.0-empty-to-avoid-conflict-with-guava/listenablefuture-9999.0-empty-to-avoid-conflict-with-guava.jar:/home/runner/.m2/repository/com/google/code/findbugs/jsr305/3.0.0/jsr305-3.0.0.jar:/home/runner/.m2/repository/org/checkerframework/checker-qual/3.12.0/checker-qual-3.12.0.jar:/home/runner/.m2/repository/com/google/j2objc/j2objc-annotations/1.3/j2objc-annotations-1.3.jar:/home/runner/.m2/repository/commons-io/commons-io/2.11.0/commons-io-2.11.0.jar:/home/runner/.m2/repository/commons-logging/commons-logging/1.2/commons-logging-1.2.jar:/home/runner/.m2/repository/log4j/log4j/1.2.17/log4j-1.2.17.jar:/home/runner/.m2/repository/org/slf4j/slf4j-api/1.7.30/slf4j-api-1.7.30.jar:/home/runner/.m2/repository/org/apache/ozone/hdds-server-scm/1.3.0-SNAPSHOT/hdds-server-scm-1.3.0-SNAPSHOT.jar:/home/runner/.m2/repository/org/apache/ozone/hdds-container-service/1.3.0-SNAPSHOT/hdds-container-service-1.3.0-SNAPSHOT.jar:/home/runner/.m2/repository/org/apache/ozone/hdds-hadoop-dependency-server/1.3.0-SNAPSHOT/hdds-hadoop-dependency-server-1.3.0-SNAPSHOT.jar:/home/runner/.m2/repository/org/apache/hadoop/hadoop-hdfs/3.3.1/hadoop-hdfs-3.3.1.jar:/home/runner/.m2/repository/org/apache/ozone/hdds-server-framework/1.3.0-SNAPSHOT/hdds-server-framework-1.3.0-SNAPSHOT.jar:/home/runner/.m2/repository/org/apache/ozone/hdds-interface-server/1.3.0-SNAPSHOT/hdds-interface-server-1.3.0-SNAPSHOT.jar:/home/runner/.m2/repository/org/apache/logging/log4j/log4j-core/2.17.1/log4j-core-2.17.1.jar:/home/runner/.m2/repository/com/lmax/disruptor/3.4.2/disruptor-3.4.2.jar:/home/runner/.m2/repository/org/eclipse/jetty/jetty-servlet/9.4.43.v20210629/jetty-servlet-9.4.43.v20210629.jar:/home/runner/.m2/repository/org/eclipse/jetty/jetty-security/9.4.43.v20210629/jetty-security-9.4.43.v20210629.jar:/home/runner/.m2/repository/org/rocksdb/rocksdbjni/6.29.5/rocksdbjni-6.29.5.jar:/home/runner/.m2/repository/io/prometheus/simpleclient_dropwizard/0.7.0/simpleclient_dropwizard-0.7.0.jar:/home/runner/.m2/repository/io/prometheus/simpleclient/0.7.0/simpleclient-0.7.0.jar:/home/runner/.m2/repository/io/prometheus/simpleclient_common/0.7.0/simpleclient_common-0.7.0.jar:/home/runner/.m2/repository/io/dropwizard/metrics/metrics-core/3.2.4/metrics-core-3.2.4.jar:/home/runner/.m2/repository/org/apache/hadoop/hadoop-hdfs-client/3.3.1/hadoop-hdfs-client-3.3.1.jar:/home/runner/.m2/repository/org/bouncycastle/bcprov-jdk15on/1.67/bcprov-jdk15on-1.67.jar:/home/runner/.m2/repository/com/google/protobuf/protobuf-java/2.5.0/protobuf-java-2.5.0.jar:/home/runner/.m2/repository/org/apache/ozone/ozone-manager/1.3.0-SNAPSHOT/ozone-manager-1.3.0-SNAPSHOT.jar:/home/runner/.m2/repository/org/aspectj/aspectjrt/1.9.7/aspectjrt-1.9.7.jar:/home/runner/.m2/repository/org/aspectj/aspectjweaver/1.9.7/aspectjweaver-1.9.7.jar:/home/runner/.m2/repository/org/apache/ozone/hdds-interface-client/1.3.0-SNAPSHOT/hdds-interface-client-1.3.0-SNAPSHOT.jar:/home/runner/.m2/repository/org/apache/hadoop/thirdparty/hadoop-shaded-protobuf_3_7/1.1.1/hadoop-shaded-protobuf_3_7-1.1.1.jar:/home/runner/.m2/repository/org/apache/ozone/ozone-interface-storage/1.3.0-SNAPSHOT/ozone-interface-storage-1.3.0-SNAPSHOT.jar:/home/runner/.m2/repository/org/reflections/reflections/0.9.11/reflections-0.9.11.jar:/home/runner/.m2/repository/com/sun/jersey/jersey-client/1.19/jersey-client-1.19.jar:/home/runner/.m2/repository/org/apache/ranger/ranger-intg/3.0.0-SNAPSHOT/ranger-intg-3.0.0-SNAPSHOT.jar:/home/runner/.m2/repository/org/apache/ranger/ranger-plugins-common/3.0.0-SNAPSHOT/ranger-plugins-common-3.0.0-SNAPSHOT.jar:/home/runner/.m2/repository/commons-lang/commons-lang/2.6/commons-lang-2.6.jar:/home/runner/.m2/repository/org/codehaus/jackson/jackson-jaxrs/1.9.13/jackson-jaxrs-1.9.13.jar:/home/runner/.m2/repository/org/apache/ranger/ranger-plugins-cred/3.0.0-SNAPSHOT/ranger-plugins-cred-3.0.0-SNAPSHOT.jar:/home/runner/.m2/repository/org/apache/ranger/ranger-plugins-audit/3.0.0-SNAPSHOT/ranger-plugins-audit-3.0.0-SNAPSHOT.jar:/home/runner/.m2/repository/org/apache/kafka/kafka-clients/2.8.1/kafka-clients-2.8.1.jar:/home/runner/.m2/repository/com/github/luben/zstd-jni/1.4.9-1/zstd-jni-1.4.9-1.jar:/home/runner/.m2/repository/org/apache/solr/solr-solrj/8.11.2/solr-solrj-8.11.2.jar:/home/runner/.m2/repository/org/eclipse/jetty/jetty-client/9.4.44.v20210927/jetty-client-9.4.44.v20210927.jar:/home/runner/.m2/repository/org/apache/httpcomponents/httpmime/4.5.13/httpmime-4.5.13.jar:/home/runner/.m2/repository/org/apache/httpcomponents/httpcore-nio/4.4.14/httpcore-nio-4.4.14.jar:/home/runner/.m2/repository/org/apache/httpcomponents/httpasyncclient/4.1.4/httpasyncclient-4.1.4.jar:/home/runner/.m2/repository/com/carrotsearch/hppc/0.8.0/hppc-0.8.0.jar:/home/runner/.m2/repository/org/apache/hive/hive-storage-api/2.7.2/hive-storage-api-2.7.2.jar:/home/runner/.m2/repository/org/apache/orc/orc-core/1.5.8/orc-core-1.5.8.jar:/home/runner/.m2/repository/com/amazonaws/aws-java-sdk-bundle/1.12.125/aws-java-sdk-bundle-1.12.125.jar:/home/runner/.m2/repository/net/java/dev/jna/jna/5.2.0/jna-5.2.0.jar:/home/runner/.m2/repository/net/java/dev/jna/jna-platform/5.2.0/jna-platform-5.2.0.jar:/home/runner/.m2/repository/com/kstruct/gethostname4j/0.0.2/gethostname4j-0.0.2.jar:/home/runner/.m2/repository/org/apache/ranger/ranger-plugin-classloader/3.0.0-SNAPSHOT/ranger-plugin-classloader-3.0.0-SNAPSHOT.jar:/home/runner/.m2/repository/org/apache/hadoop/hadoop-minikdc/3.3.1/hadoop-minikdc-3.3.1.jar:/home/runner/.m2/repository/org/apache/kerby/kerb-simplekdc/1.0.1/kerb-simplekdc-1.0.1.jar:/home/runner/.m2/repository/org/apache/kerby/kerb-client/1.0.1/kerb-client-1.0.1.jar:/home/runner/.m2/repository/org/apache/kerby/kerby-config/1.0.1/kerby-config-1.0.1.jar:/home/runner/.m2/repository/org/apache/kerby/kerb-common/1.0.1/kerb-common-1.0.1.jar:/home/runner/.m2/repository/org/apache/kerby/kerb-crypto/1.0.1/kerb-crypto-1.0.1.jar:/home/runner/.m2/repository/org/apache/kerby/kerb-util/1.0.1/kerb-util-1.0.1.jar:/home/runner/.m2/repository/org/apache/kerby/token-provider/1.0.1/token-provider-1.0.1.jar:/home/runner/.m2/repository/org/apache/kerby/kerb-admin/1.0.1/kerb-admin-1.0.1.jar:/home/runner/.m2/repository/org/apache/kerby/kerb-server/1.0.1/kerb-server-1.0.1.jar:/home/runner/.m2/repository/org/apache/kerby/kerb-identity/1.0.1/kerb-identity-1.0.1.jar:/home/runner/.m2/repository/org/apache/kerby/kerby-xdr/1.0.1/kerby-xdr-1.0.1.jar:/home/runner/.m2/repository/org/slf4j/slf4j-log4j12/1.7.30/slf4j-log4j12-1.7.30.jar:/home/runner/.m2/repository/org/apache/ozone/ozone-s3gateway/1.3.0-SNAPSHOT/ozone-s3gateway-1.3.0-SNAPSHOT.jar:/home/runner/.m2/repository/org/javassist/javassist/3.21.0-GA/javassist-3.21.0-GA.jar:/home/runner/.m2/repository/org/jboss/weld/servlet/weld-servlet/2.4.7.Final/weld-servlet-2.4.7.Final.jar:/home/runner/.m2/repository/org/glassfish/jersey/containers/jersey-container-servlet-core/2.33/jersey-container-servlet-core-2.33.jar:/home/runner/.m2/repository/org/glassfish/hk2/external/jakarta.inject/2.6.1/jakarta.inject-2.6.1.jar:/home/runner/.m2/repository/org/glassfish/jersey/core/jersey-common/2.33/jersey-common-2.33.jar:/home/runner/.m2/repository/jakarta/ws/rs/jakarta.ws.rs-api/2.1.6/jakarta.ws.rs-api-2.1.6.jar:/home/runner/.m2/repository/org/glassfish/jersey/ext/cdi/jersey-cdi1x/2.33/jersey-cdi1x-2.33.jar:/home/runner/.m2/repository/org/glassfish/jersey/inject/jersey-hk2/2.33/jersey-hk2-2.33.jar:/home/runner/.m2/repository/org/glassfish/hk2/hk2-locator/2.6.1/hk2-locator-2.6.1.jar:/home/runner/.m2/repository/org/glassfish/jersey/media/jersey-media-jaxb/2.33/jersey-media-jaxb-2.33.jar:/home/runner/.m2/repository/org/glassfish/hk2/osgi-resource-locator/1.0.3/osgi-resource-locator-1.0.3.jar:/home/runner/.m2/repository/org/glassfish/hk2/hk2-api/2.5.0/hk2-api-2.5.0.jar:/home/runner/.m2/repository/org/glassfish/hk2/hk2-utils/2.5.0/hk2-utils-2.5.0.jar:/home/runner/.m2/repository/org/glassfish/hk2/external/aopalliance-repackaged/2.5.0/aopalliance-repackaged-2.5.0.jar:/home/runner/.m2/repository/com/fasterxml/jackson/dataformat/jackson-dataformat-xml/2.13.2/jackson-dataformat-xml-2.13.2.jar:/home/runner/.m2/repository/com/fasterxml/jackson/core/jackson-core/2.13.2/jackson-core-2.13.2.jar:/home/runner/.m2/repository/org/codehaus/woodstox/stax2-api/3.1.4/stax2-api-3.1.4.jar:/home/runner/.m2/repository/com/fasterxml/woodstox/woodstox-core/5.0.3/woodstox-core-5.0.3.jar:/home/runner/.m2/repository/com/fasterxml/jackson/module/jackson-module-jaxb-annotations/2.13.2/jackson-module-jaxb-annotations-2.13.2.jar:/home/runner/.m2/repository/jakarta/xml/bind/jakarta.xml.bind-api/2.3.3/jakarta.xml.bind-api-2.3.3.jar:/home/runner/.m2/repository/jakarta/activation/jakarta.activation-api/1.2.1/jakarta.activation-api-1.2.1.jar:/home/runner/.m2/repository/javax/enterprise/cdi-api/1.2/cdi-api-1.2.jar:/home/runner/.m2/repository/javax/el/javax.el-api/3.0.0/javax.el-api-3.0.0.jar:/home/runner/.m2/repository/javax/interceptor/javax.interceptor-api/1.2/javax.interceptor-api-1.2.jar:/home/runner/.m2/repository/javax/inject/javax.inject/1/javax.inject-1.jar:/home/runner/.m2/repository/javax/xml/bind/jaxb-api/2.3.0/jaxb-api-2.3.0.jar:/home/runner/.m2/repository/org/glassfish/jaxb/jaxb-runtime/2.3.0.1/jaxb-runtime-2.3.0.1.jar:/home/runner/.m2/repository/org/glassfish/jaxb/jaxb-core/2.3.0.1/jaxb-core-2.3.0.1.jar:/home/runner/.m2/repository/org/glassfish/jaxb/txw2/2.3.0.1/txw2-2.3.0.1.jar:/home/runner/.m2/repository/com/sun/istack/istack-commons-runtime/3.0.5/istack-commons-runtime-3.0.5.jar:/home/runner/.m2/repository/org/jvnet/staxex/stax-ex/1.7.8/stax-ex-1.7.8.jar:/home/runner/.m2/repository/com/sun/xml/fastinfoset/FastInfoset/1.2.13/FastInfoset-1.2.13.jar:/home/runner/.m2/repository/javax/activation/activation/1.1.1/activation-1.1.1.jar:/home/runner/.m2/repository/io/grpc/grpc-protobuf/1.44.0/grpc-protobuf-1.44.0.jar:/home/runner/.m2/repository/io/grpc/grpc-api/1.44.0/grpc-api-1.44.0.jar:/home/runner/.m2/repository/io/grpc/grpc-context/1.44.0/grpc-context-1.44.0.jar:/home/runner/.m2/repository/com/google/api/grpc/proto-google-common-protos/2.0.1/proto-google-common-protos-2.0.1.jar:/home/runner/.m2/repository/io/grpc/grpc-protobuf-lite/1.44.0/grpc-protobuf-lite-1.44.0.jar:/home/runner/.m2/repository/io/grpc/grpc-stub/1.44.0/grpc-stub-1.44.0.jar:/home/runner/.m2/repository/io/netty/netty-transport/4.1.74.Final/netty-transport-4.1.74.Final.jar:/home/runner/.m2/repository/io/netty/netty-resolver/4.1.74.Final/netty-resolver-4.1.74.Final.jar:/home/runner/.m2/repository/org/apache/ozone/ozone-csi/1.3.0-SNAPSHOT/ozone-csi-1.3.0-SNAPSHOT.jar:/home/runner/.m2/repository/com/google/protobuf/protobuf-java-util/3.19.2/protobuf-java-util-3.19.2.jar:/home/runner/.m2/repository/com/google/code/gson/gson/2.9.0/gson-2.9.0.jar:/home/runner/.m2/repository/org/apache/ozone/hdds-config/1.3.0-SNAPSHOT/hdds-config-1.3.0-SNAPSHOT.jar:/home/runner/.m2/repository/io/netty/netty-transport-native-epoll/4.1.74.Final/netty-transport-native-epoll-4.1.74.Final-linux-x86_64.jar:/home/runner/.m2/repository/io/netty/netty-transport-classes-epoll/4.1.74.Final/netty-transport-classes-epoll-4.1.74.Final.jar:/home/runner/.m2/repository/io/netty/netty-transport-native-unix-common/4.1.74.Final/netty-transport-native-unix-common-4.1.74.Final.jar:/home/runner/.m2/repository/org/apache/ozone/ozone-recon/1.3.0-SNAPSHOT/ozone-recon-1.3.0-SNAPSHOT.jar:/home/runner/.m2/repository/org/apache/ozone/ozone-reconcodegen/1.3.0-SNAPSHOT/ozone-reconcodegen-1.3.0-SNAPSHOT.jar:/home/runner/.m2/repository/com/google/inject/extensions/guice-multibindings/4.0/guice-multibindings-4.0.jar:/home/runner/.m2/repository/com/google/inject/guice/4.0/guice-4.0.jar:/home/runner/.m2/repository/aopalliance/aopalliance/1.0/aopalliance-1.0.jar:/home/runner/.m2/repository/com/google/inject/extensions/guice-assistedinject/4.0/guice-assistedinject-4.0.jar:/home/runner/.m2/repository/com/google/inject/extensions/guice-servlet/4.0/guice-servlet-4.0.jar:/home/runner/.m2/repository/org/glassfish/jersey/containers/jersey-container-servlet/2.33/jersey-container-servlet-2.33.jar:/home/runner/.m2/repository/org/glassfish/hk2/guice-bridge/2.5.0/guice-bridge-2.5.0.jar:/home/runner/.m2/repository/org/glassfish/jersey/core/jersey-server/2.33/jersey-server-2.33.jar:/home/runner/.m2/repository/org/glassfish/jersey/core/jersey-client/2.33/jersey-client-2.33.jar:/home/runner/.m2/repository/jakarta/annotation/jakarta.annotation-api/1.3.5/jakarta.annotation-api-1.3.5.jar:/home/runner/.m2/repository/jakarta/validation/jakarta.validation-api/2.0.2/jakarta.validation-api-2.0.2.jar:/home/runner/.m2/repository/org/glassfish/jersey/media/jersey-media-json-jackson/2.33/jersey-media-json-jackson-2.33.jar:/home/runner/.m2/repository/org/glassfish/jersey/ext/jersey-entity-filtering/2.33/jersey-entity-filtering-2.33.jar:/home/runner/.m2/repository/org/jooq/jooq/3.11.10/jooq-3.11.10.jar:/home/runner/.m2/repository/org/jooq/jooq-meta/3.11.10/jooq-meta-3.11.10.jar:/home/runner/.m2/repository/org/jooq/jooq-codegen/3.11.10/jooq-codegen-3.11.10.jar:/home/runner/.m2/repository/com/jolbox/bonecp/0.8.0.RELEASE/bonecp-0.8.0.RELEASE.jar:/home/runner/.m2/repository/org/apache/derby/derby/10.14.2.0/derby-10.14.2.0.jar:/home/runner/.m2/repository/org/xerial/sqlite-jdbc/3.25.2/sqlite-jdbc-3.25.2.jar:/home/runner/.m2/repository/org/springframework/spring-jdbc/5.2.20.RELEASE/spring-jdbc-5.2.20.RELEASE.jar:/home/runner/.m2/repository/org/springframework/spring-beans/5.2.20.RELEASE/spring-beans-5.2.20.RELEASE.jar:/home/runner/.m2/repository/org/springframework/spring-core/5.2.20.RELEASE/spring-core-5.2.20.RELEASE.jar:/home/runner/.m2/repository/org/springframework/spring-jcl/5.2.20.RELEASE/spring-jcl-5.2.20.RELEASE.jar:/home/runner/.m2/repository/org/springframework/spring-tx/5.2.20.RELEASE/spring-tx-5.2.20.RELEASE.jar:/home/runner/.m2/repository/org/apache/ozone/ozone-client/1.3.0-SNAPSHOT/ozone-client-1.3.0-SNAPSHOT.jar:/home/runner/.m2/repository/org/apache/ozone/hdds-erasurecode/1.3.0-SNAPSHOT/hdds-erasurecode-1.3.0-SNAPSHOT.jar:/home/runner/.m2/repository/com/github/spotbugs/spotbugs-annotations/3.1.12/spotbugs-annotations-3.1.12.jar:/home/runner/.m2/repository/org/apache/ozone/ozone-filesystem/1.3.0-SNAPSHOT/ozone-filesystem-1.3.0-SNAPSHOT.jar:/home/runner/.m2/repository/org/apache/ozone/ozone-filesystem-common/1.3.0-SNAPSHOT/ozone-filesystem-common-1.3.0-SNAPSHOT.jar:/home/runner/.m2/repository/org/apache/ozone/ozone-tools/1.3.0-SNAPSHOT/ozone-tools-1.3.0-SNAPSHOT.jar:/home/runner/.m2/repository/org/apache/ratis/ratis-tools/2.3.0/ratis-tools-2.3.0.jar:/home/runner/.m2/repository/com/amazonaws/aws-java-sdk-core/1.12.124/aws-java-sdk-core-1.12.124.jar:/home/runner/.m2/repository/org/apache/httpcomponents/httpclient/4.5.13/httpclient-4.5.13.jar:/home/runner/.m2/repository/org/apache/httpcomponents/httpcore/4.4.13/httpcore-4.4.13.jar:/home/runner/.m2/repository/software/amazon/ion/ion-java/1.0.2/ion-java-1.0.2.jar:/home/runner/.m2/repository/com/fasterxml/jackson/dataformat/jackson-dataformat-cbor/2.13.2/jackson-dataformat-cbor-2.13.2.jar:/home/runner/.m2/repository/joda-time/joda-time/2.8.1/joda-time-2.8.1.jar:/home/runner/.m2/repository/com/amazonaws/aws-java-sdk-s3/1.12.124/aws-java-sdk-s3-1.12.124.jar:/home/runner/.m2/repository/com/amazonaws/aws-java-sdk-kms/1.12.124/aws-java-sdk-kms-1.12.124.jar:/home/runner/.m2/repository/com/amazonaws/jmespath-java/1.12.124/jmespath-java-1.12.124.jar:/home/runner/.m2/repository/org/kohsuke/metainf-services/metainf-services/1.8/metainf-services-1.8.jar:/home/runner/.m2/repository/org/apache/ozone/hdds-tools/1.3.0-SNAPSHOT/hdds-tools-1.3.0-SNAPSHOT.jar:/home/runner/.m2/repository/commons-cli/commons-cli/1.2/commons-cli-1.2.jar:/home/runner/.m2/repository/org/apache/commons/commons-lang3/3.7/commons-lang3-3.7.jar:/home/runner/.m2/repository/org/apache/ozone/ozone-manager/1.3.0-SNAPSHOT/ozone-manager-1.3.0-SNAPSHOT-tests.jar:/home/runner/.m2/repository/org/apache/ozone/hdds-common/1.3.0-SNAPSHOT/hdds-common-1.3.0-SNAPSHOT-tests.jar:/home/runner/.m2/repository/org/apache/ozone/hdds-hadoop-dependency-client/1.3.0-SNAPSHOT/hdds-hadoop-dependency-client-1.3.0-SNAPSHOT.jar:/home/runner/.m2/repository/info/picocli/picocli/4.6.1/picocli-4.6.1.jar:/home/runner/.m2/repository/com/fasterxml/jackson/core/jackson-annotations/2.13.2/jackson-annotations-2.13.2.jar:/home/runner/.m2/repository/com/fasterxml/jackson/datatype/jackson-datatype-jsr310/2.13.2/jackson-datatype-jsr310-2.13.2.jar:/home/runner/.m2/repository/javax/annotation/javax.annotation-api/1.2/javax.annotation-api-1.2.jar:/home/runner/.m2/repository/org/apache/ratis/ratis-server/2.3.0/ratis-server-2.3.0.jar:/home/runner/.m2/repository/org/apache/ratis/ratis-client/2.3.0/ratis-client-2.3.0.jar:/home/runner/.m2/repository/org/apache/ratis/ratis-server-api/2.3.0/ratis-server-api-2.3.0.jar:/home/runner/.m2/repository/org/apache/ratis/ratis-metrics/2.3.0/ratis-metrics-2.3.0.jar:/home/runner/.m2/repository/org/apache/ratis/ratis-netty/2.3.0/ratis-netty-2.3.0.jar:/home/runner/.m2/repository/org/apache/ratis/ratis-grpc/2.3.0/ratis-grpc-2.3.0.jar:/home/runner/.m2/repository/org/apache/logging/log4j/log4j-api/2.17.1/log4j-api-2.17.1.jar:/home/runner/.m2/repository/org/apache/commons/commons-pool2/2.6.0/commons-pool2-2.6.0.jar:/home/runner/.m2/repository/org/bouncycastle/bcpkix-jdk15on/1.67/bcpkix-jdk15on-1.67.jar:/home/runner/.m2/repository/commons-validator/commons-validator/1.6/commons-validator-1.6.jar:/home/runner/.m2/repository/commons-beanutils/commons-beanutils/1.9.4/commons-beanutils-1.9.4.jar:/home/runner/.m2/repository/commons-digester/commons-digester/1.8.1/commons-digester-1.8.1.jar:/home/runner/.m2/repository/commons-collections/commons-collections/3.2.2/commons-collections-3.2.2.jar:/home/runner/.m2/repository/io/jaegertracing/jaeger-client/1.6.0/jaeger-client-1.6.0.jar:/home/runner/.m2/repository/io/jaegertracing/jaeger-thrift/1.6.0/jaeger-thrift-1.6.0.jar:/home/runner/.m2/repository/org/apache/thrift/libthrift/0.14.1/libthrift-0.14.1.jar:/home/runner/.m2/repository/com/squareup/okhttp3/okhttp/4.9.0/okhttp-4.9.0.jar:/home/runner/.m2/repository/com/squareup/okio/okio/2.8.0/okio-2.8.0.jar:/home/runner/.m2/repository/io/jaegertracing/jaeger-core/1.6.0/jaeger-core-1.6.0.jar:/home/runner/.m2/repository/io/jaegertracing/jaeger-tracerresolver/1.6.0/jaeger-tracerresolver-1.6.0.jar:/home/runner/.m2/repository/io/opentracing/contrib/opentracing-tracerresolver/0.1.8/opentracing-tracerresolver-0.1.8.jar:/home/runner/.m2/repository/org/jetbrains/kotlin/kotlin-stdlib/1.6.21/kotlin-stdlib-1.6.21.jar:/home/runner/.m2/repository/org/jetbrains/kotlin/kotlin-stdlib-common/1.6.21/kotlin-stdlib-common-1.6.21.jar:/home/runner/.m2/repository/org/jetbrains/annotations/13.0/annotations-13.0.jar:/home/runner/.m2/repository/io/opentracing/opentracing-util/0.33.0/opentracing-util-0.33.0.jar:/home/runner/.m2/repository/io/opentracing/opentracing-api/0.33.0/opentracing-api-0.33.0.jar:/home/runner/.m2/repository/io/opentracing/opentracing-noop/0.33.0/opentracing-noop-0.33.0.jar:/home/runner/.m2/repository/org/yaml/snakeyaml/1.26/snakeyaml-1.26.jar:/home/runner/.m2/repository/org/apache/ozone/hdds-interface-admin/1.3.0-SNAPSHOT/hdds-interface-admin-1.3.0-SNAPSHOT.jar:/home/runner/.m2/repository/junit/junit/4.13.1/junit-4.13.1.jar:/home/runner/.m2/repository/org/hamcrest/hamcrest-core/1.3/hamcrest-core-1.3.jar:/home/runner/.m2/repository/org/junit/jupiter/junit-jupiter-api/5.8.2/junit-jupiter-api-5.8.2.jar:/home/runner/.m2/repository/org/opentest4j/opentest4j/1.2.0/opentest4j-1.2.0.jar:/home/runner/.m2/repository/org/junit/platform/junit-platform-commons/1.8.2/junit-platform-commons-1.8.2.jar:/home/runner/.m2/repository/org/apiguardian/apiguardian-api/1.1.2/apiguardian-api-1.1.2.jar:/home/runner/.m2/repository/org/junit/jupiter/junit-jupiter-params/5.8.2/junit-jupiter-params-5.8.2.jar:/home/runner/.m2/repository/org/junit/jupiter/junit-jupiter-migrationsupport/5.8.2/junit-jupiter-migrationsupport-5.8.2.jar:/home/runner/.m2/repository/org/junit/jupiter/junit-jupiter-engine/5.8.2/junit-jupiter-engine-5.8.2.jar:/home/runner/.m2/repository/org/junit/platform/junit-platform-engine/1.8.2/junit-platform-engine-1.8.2.jar:/home/runner/.m2/repository/org/junit/vintage/junit-vintage-engine/5.8.2/junit-vintage-engine-5.8.2.jar:/home/runner/.m2/repository/org/junit/platform/junit-platform-launcher/1.8.2/junit-platform-launcher-1.8.2.jar:/home/runner/.m2/repository/org/mockito/mockito-core/2.28.2/mockito-core-2.28.2.jar:/home/runner/.m2/repository/net/bytebuddy/byte-buddy/1.9.10/byte-buddy-1.9.10.jar:/home/runner/.m2/repository/net/bytebuddy/byte-buddy-agent/1.9.10/byte-buddy-agent-1.9.10.jar:/home/runner/.m2/repository/org/objenesis/objenesis/1.0/objenesis-1.0.jar:/home/runner/.m2/repository/org/apache/hadoop/hadoop-kms/3.3.1/hadoop-kms-3.3.1.jar:/home/runner/.m2/repository/org/apache/hadoop/hadoop-auth/3.3.1/hadoop-auth-3.3.1.jar:/home/runner/.m2/repository/com/nimbusds/nimbus-jose-jwt/7.9/nimbus-jose-jwt-7.9.jar:/home/runner/.m2/repository/com/github/stephenc/jcip/jcip-annotations/1.0-1/jcip-annotations-1.0-1.jar:/home/runner/.m2/repository/net/minidev/json-smart/2.4.7/json-smart-2.4.7.jar:/home/runner/.m2/repository/net/minidev/accessors-smart/2.4.7/accessors-smart-2.4.7.jar:/home/runner/.m2/repository/org/ow2/asm/asm/5.0.4/asm-5.0.4.jar:/home/runner/.m2/repository/org/apache/zookeeper/zookeeper/3.5.6/zookeeper-3.5.6.jar:/home/runner/.m2/repository/org/apache/zookeeper/zookeeper-jute/3.5.6/zookeeper-jute-3.5.6.jar:/home/runner/.m2/repository/org/apache/yetus/audience-annotations/0.5.0/audience-annotations-0.5.0.jar:/home/runner/.m2/repository/org/apache/curator/curator-framework/4.2.0/curator-framework-4.2.0.jar:/home/runner/.m2/repository/org/apache/hadoop/thirdparty/hadoop-shaded-guava/1.1.1/hadoop-shaded-guava-1.1.1.jar:/home/runner/.m2/repository/com/sun/jersey/jersey-core/1.19/jersey-core-1.19.jar:/home/runner/.m2/repository/javax/ws/rs/jsr311-api/1.1.1/jsr311-api-1.1.1.jar:/home/runner/.m2/repository/com/sun/jersey/jersey-server/1.19/jersey-server-1.19.jar:/home/runner/.m2/repository/javax/servlet/javax.servlet-api/3.1.0/javax.servlet-api-3.1.0.jar:/home/runner/.m2/repository/org/eclipse/jetty/jetty-server/9.4.43.v20210629/jetty-server-9.4.43.v20210629.jar:/home/runner/.m2/repository/org/eclipse/jetty/jetty-http/9.4.43.v20210629/jetty-http-9.4.43.v20210629.jar:/home/runner/.m2/repository/org/eclipse/jetty/jetty-io/9.4.43.v20210629/jetty-io-9.4.43.v20210629.jar:/home/runner/.m2/repository/org/eclipse/jetty/jetty-webapp/9.4.43.v20210629/jetty-webapp-9.4.43.v20210629.jar:/home/runner/.m2/repository/org/eclipse/jetty/jetty-xml/9.4.43.v20210629/jetty-xml-9.4.43.v20210629.jar:/home/runner/.m2/repository/org/apache/hadoop/hadoop-common/3.3.1/hadoop-common-3.3.1.jar:/home/runner/.m2/repository/org/apache/commons/commons-math3/3.1.1/commons-math3-3.1.1.jar:/home/runner/.m2/repository/commons-net/commons-net/3.6/commons-net-3.6.jar:/home/runner/.m2/repository/com/sun/jersey/jersey-servlet/1.19/jersey-servlet-1.19.jar:/home/runner/.m2/repository/com/sun/jersey/jersey-json/1.19/jersey-json-1.19.jar:/home/runner/.m2/repository/org/codehaus/jettison/jettison/1.1/jettison-1.1.jar:/home/runner/.m2/repository/com/sun/xml/bind/jaxb-impl/2.2.3-1/jaxb-impl-2.2.3-1.jar:/home/runner/.m2/repository/org/codehaus/jackson/jackson-xc/1.9.2/jackson-xc-1.9.2.jar:/home/runner/.m2/repository/org/apache/commons/commons-configuration2/2.1.1/commons-configuration2-2.1.1.jar:/home/runner/.m2/repository/org/apache/commons/commons-text/1.4/commons-text-1.4.jar:/home/runner/.m2/repository/com/google/re2j/re2j/1.1/re2j-1.1.jar:/home/runner/.m2/repository/com/jcraft/jsch/0.1.54/jsch-0.1.54.jar:/home/runner/.m2/repository/org/apache/curator/curator-client/4.2.0/curator-client-4.2.0.jar:/home/runner/.m2/repository/org/apache/curator/curator-recipes/4.2.0/curator-recipes-4.2.0.jar:/home/runner/.m2/repository/org/apache/kerby/kerb-core/1.0.1/kerb-core-1.0.1.jar:/home/runner/.m2/repository/org/apache/kerby/kerby-pkix/1.0.1/kerby-pkix-1.0.1.jar:/home/runner/.m2/repository/org/apache/kerby/kerby-asn1/1.0.1/kerby-asn1-1.0.1.jar:/home/runner/.m2/repository/org/apache/kerby/kerby-util/1.0.1/kerby-util-1.0.1.jar:/home/runner/.m2/repository/dnsjava/dnsjava/2.1.7/dnsjava-2.1.7.jar:/home/runner/.m2/repository/org/xerial/snappy/snappy-java/1.1.8.2/snappy-java-1.1.8.2.jar:/home/runner/.m2/repository/org/slf4j/jul-to-slf4j/1.7.30/jul-to-slf4j-1.7.30.jar:/home/runner/.m2/repository/org/eclipse/jetty/jetty-util/9.4.43.v20210629/jetty-util-9.4.43.v20210629.jar:/home/runner/.m2/repository/com/fasterxml/jackson/core/jackson-databind/2.13.2.2/jackson-databind-2.13.2.2.jar:/home/runner/.m2/repository/org/apache/hadoop/hadoop-kms/3.3.1/hadoop-kms-3.3.1-tests.jar:/home/runner/.m2/repository/org/apache/ozone/hdds-server-scm/1.3.0-SNAPSHOT/hdds-server-scm-1.3.0-SNAPSHOT-tests.jar:/home/runner/.m2/repository/org/apache/ozone/hdds-container-service/1.3.0-SNAPSHOT/hdds-container-service-1.3.0-SNAPSHOT-tests.jar:/home/runner/.m2/repository/commons-codec/commons-codec/1.11/commons-codec-1.11.jar:/home/runner/.m2/repository/io/netty/netty-codec/4.1.74.Final/netty-codec-4.1.74.Final.jar:/home/runner/.m2/repository/io/netty/netty-handler/4.1.74.Final/netty-handler-4.1.74.Final.jar:/home/runner/.m2/repository/org/apache/ozone/hdds-hadoop-dependency-test/1.3.0-SNAPSHOT/hdds-hadoop-dependency-test-1.3.0-SNAPSHOT.jar:/home/runner/.m2/repository/org/apache/hadoop/hadoop-common/3.3.1/hadoop-common-3.3.1-tests.jar:/home/runner/.m2/repository/org/assertj/assertj-core/3.12.2/assertj-core-3.12.2.jar:/home/runner/.m2/repository/org/apache/hadoop/hadoop-hdfs/3.3.1/hadoop-hdfs-3.3.1-tests.jar:/home/runner/.m2/repository/org/eclipse/jetty/jetty-util-ajax/9.4.43.v20210629/jetty-util-ajax-9.4.43.v20210629.jar:/home/runner/.m2/repository/commons-daemon/commons-daemon/1.0.13/commons-daemon-1.0.13.jar:/home/runner/.m2/repository/io/netty/netty/3.10.6.Final/netty-3.10.6.Final.jar:/home/runner/.m2/repository/io/netty/netty-all/4.1.74.Final/netty-all-4.1.74.Final.jar:/home/runner/.m2/repository/io/netty/netty-codec-dns/4.1.74.Final/netty-codec-dns-4.1.74.Final.jar:/home/runner/.m2/repository/io/netty/netty-codec-haproxy/4.1.74.Final/netty-codec-haproxy-4.1.74.Final.jar:/home/runner/.m2/repository/io/netty/netty-codec-memcache/4.1.74.Final/netty-codec-memcache-4.1.74.Final.jar:/home/runner/.m2/repository/io/netty/netty-codec-mqtt/4.1.74.Final/netty-codec-mqtt-4.1.74.Final.jar:/home/runner/.m2/repository/io/netty/netty-codec-redis/4.1.74.Final/netty-codec-redis-4.1.74.Final.jar:/home/runner/.m2/repository/io/netty/netty-codec-smtp/4.1.74.Final/netty-codec-smtp-4.1.74.Final.jar:/home/runner/.m2/repository/io/netty/netty-codec-stomp/4.1.74.Final/netty-codec-stomp-4.1.74.Final.jar:/home/runner/.m2/repository/io/netty/netty-codec-xml/4.1.74.Final/netty-codec-xml-4.1.74.Final.jar:/home/runner/.m2/repository/io/netty/netty-resolver-dns/4.1.74.Final/netty-resolver-dns-4.1.74.Final.jar:/home/runner/.m2/repository/io/netty/netty-transport-rxtx/4.1.74.Final/netty-transport-rxtx-4.1.74.Final.jar:/home/runner/.m2/repository/io/netty/netty-transport-sctp/4.1.74.Final/netty-transport-sctp-4.1.74.Final.jar:/home/runner/.m2/repository/io/netty/netty-transport-udt/4.1.74.Final/netty-transport-udt-4.1.74.Final.jar:/home/runner/.m2/repository/io/netty/netty-transport-classes-kqueue/4.1.74.Final/netty-transport-classes-kqueue-4.1.74.Final.jar:/home/runner/.m2/repository/io/netty/netty-resolver-dns-classes-macos/4.1.74.Final/netty-resolver-dns-classes-macos-4.1.74.Final.jar:/home/runner/.m2/repository/io/netty/netty-transport-native-epoll/4.1.74.Final/netty-transport-native-epoll-4.1.74.Final-linux-aarch_64.jar:/home/runner/.m2/repository/io/netty/netty-transport-native-kqueue/4.1.74.Final/netty-transport-native-kqueue-4.1.74.Final-osx-x86_64.jar:/home/runner/.m2/repository/io/netty/netty-transport-native-kqueue/4.1.74.Final/netty-transport-native-kqueue-4.1.74.Final-osx-aarch_64.jar:/home/runner/.m2/repository/io/netty/netty-resolver-dns-native-macos/4.1.74.Final/netty-resolver-dns-native-macos-4.1.74.Final-osx-x86_64.jar:/home/runner/.m2/repository/io/netty/netty-resolver-dns-native-macos/4.1.74.Final/netty-resolver-dns-native-macos-4.1.74.Final-osx-aarch_64.jar:/home/runner/.m2/repository/org/apache/htrace/htrace-core4/4.1.0-incubating/htrace-core4-4.1.0-incubating.jar:/home/runner/.m2/repository/org/fusesource/leveldbjni/leveldbjni-all/1.8/leveldbjni-all-1.8.jar:/home/runner/.m2/repository/org/apache/hadoop/hadoop-distcp/3.3.1/hadoop-distcp-3.3.1.jar:/home/runner/.m2/repository/org/apache/hadoop/hadoop-mapreduce-client-jobclient/3.3.1/hadoop-mapreduce-client-jobclient-3.3.1.jar:/home/runner/.m2/repository/org/apache/hadoop/hadoop-mapreduce-client-common/3.3.1/hadoop-mapreduce-client-common-3.3.1.jar:/home/runner/.m2/repository/org/apache/hadoop/hadoop-yarn-common/3.3.1/hadoop-yarn-common-3.3.1.jar:/home/runner/.m2/repository/org/apache/hadoop/hadoop-yarn-api/3.3.1/hadoop-yarn-api-3.3.1.jar:/home/runner/.m2/repository/com/sun/jersey/contribs/jersey-guice/1.19/jersey-guice-1.19.jar:/home/runner/.m2/repository/com/fasterxml/jackson/jaxrs/jackson-jaxrs-json-provider/2.13.2/jackson-jaxrs-json-provider-2.13.2.jar:/home/runner/.m2/repository/com/fasterxml/jackson/jaxrs/jackson-jaxrs-base/2.13.2/jackson-jaxrs-base-2.13.2.jar:/home/runner/.m2/repository/org/apache/hadoop/hadoop-yarn-client/3.3.1/hadoop-yarn-client-3.3.1.jar:/home/runner/.m2/repository/org/eclipse/jetty/websocket/websocket-client/9.4.40.v20210413/websocket-client-9.4.40.v20210413.jar:/home/runner/.m2/repository/org/eclipse/jetty/websocket/websocket-common/9.4.40.v20210413/websocket-common-9.4.40.v20210413.jar:/home/runner/.m2/repository/org/eclipse/jetty/websocket/websocket-api/9.4.40.v20210413/websocket-api-9.4.40.v20210413.jar:/home/runner/.m2/repository/org/jline/jline/3.9.0/jline-3.9.0.jar:/home/runner/.m2/repository/org/apache/hadoop/hadoop-mapreduce-client-core/3.3.1/hadoop-mapreduce-client-core-3.3.1.jar:/home/runner/.m2/repository/org/apache/avro/avro/1.7.7/avro-1.7.7.jar:/home/runner/.m2/repository/org/codehaus/jackson/jackson-core-asl/1.9.13/jackson-core-asl-1.9.13.jar:/home/runner/.m2/repository/org/codehaus/jackson/jackson-mapper-asl/1.9.13/jackson-mapper-asl-1.9.13.jar:/home/runner/.m2/repository/com/thoughtworks/paranamer/paranamer/2.3/paranamer-2.3.jar:/home/runner/.m2/repository/org/apache/hadoop/hadoop-annotations/3.3.1/hadoop-annotations-3.3.1.jar:/usr/lib/jvm/temurin-8-jdk-amd64/jre/../lib/tools.jar:/home/runner/.m2/repository/org/apache/hadoop/hadoop-distcp/3.3.1/hadoop-distcp-3.3.1-tests.jar:/home/runner/.m2/repository/org/apache/ratis/ratis-common/2.3.0/ratis-common-2.3.0.jar:/home/runner/.m2/repository/org/apache/ratis/ratis-thirdparty-misc/1.0.0/ratis-thirdparty-misc-1.0.0.jar:/home/runner/.m2/repository/org/apache/ratis/ratis-proto/2.3.0/ratis-proto-2.3.0.jar:/home/runner/.m2/repository/org/apache/ozone/ozone-annotation-processing/1.3.0-SNAPSHOT/ozone-annotation-processing-1.3.0-SNAPSHOT.jar:"/>
    <property name="sun.cpu.endian" value="little"/>
    <property name="user.home" value="/home/runner"/>
    <property name="user.language" value="en"/>
    <property name="java.specification.vendor" value="Oracle Corporation"/>
    <property name="java.home" value="/usr/lib/jvm/temurin-8-jdk-amd64/jre"/>
    <property name="java.security.krb5.conf" value="/home/runner/work/ozone/ozone/hadoop-ozone/integration-test/target/test-classes/krb5.conf"/>
    <property name="basedir" value="/home/runner/work/ozone/ozone/hadoop-ozone/integration-test"/>
    <property name="file.separator" value="/"/>
    <property name="line.separator" value="&#10;"/>
    <property name="java.vm.specification.vendor" value="Oracle Corporation"/>
    <property name="java.specification.name" value="Java Platform API Specification"/>
    <property name="java.awt.graphicsenv" value="sun.awt.X11GraphicsEnvironment"/>
    <property name="skip.installnpx" value="true"/>
    <property name="surefire.real.class.path" value="/home/runner/work/ozone/ozone/hadoop-ozone/integration-test/target/surefire/surefirebooter7700486391953500920.jar:/home/runner/.m2/repository/org/jacoco/org.jacoco.agent/0.8.5/org.jacoco.agent-0.8.5-runtime.jar"/>
    <property name="hadoop.log.dir" value="/home/runner/work/ozone/ozone/hadoop-ozone/integration-test/target/log"/>
    <property name="sun.boot.class.path" value="/usr/lib/jvm/temurin-8-jdk-amd64/jre/lib/resources.jar:/usr/lib/jvm/temurin-8-jdk-amd64/jre/lib/rt.jar:/usr/lib/jvm/temurin-8-jdk-amd64/jre/lib/sunrsasign.jar:/usr/lib/jvm/temurin-8-jdk-amd64/jre/lib/jsse.jar:/usr/lib/jvm/temurin-8-jdk-amd64/jre/lib/jce.jar:/usr/lib/jvm/temurin-8-jdk-amd64/jre/lib/charsets.jar:/usr/lib/jvm/temurin-8-jdk-amd64/jre/lib/jfr.jar:/usr/lib/jvm/temurin-8-jdk-amd64/jre/classes"/>
    <property name="sun.management.compiler" value="HotSpot 64-Bit Tiered Compilers"/>
    <property name="skip.npx" value="true"/>
    <property name="java.runtime.version" value="1.8.0_332-b09"/>
    <property name="java.net.preferIPv4Stack" value="true"/>
    <property name="user.name" value="runner"/>
    <property name="path.separator" value=":"/>
    <property name="java.security.egd" value="file:///dev/urandom"/>
    <property name="os.version" value="5.4.0-1085-azure"/>
    <property name="java.endorsed.dirs" value="/usr/lib/jvm/temurin-8-jdk-amd64/jre/lib/endorsed"/>
    <property name="java.runtime.name" value="OpenJDK Runtime Environment"/>
    <property name="file.encoding" value="UTF-8"/>
    <property name="java.vm.name" value="OpenJDK 64-Bit Server VM"/>
    <property name="test.build.webapps" value=""/>
    <property name="localRepository" value="/home/runner/.m2/repository"/>
    <property name="jetty.git.hash" value="526006ecfa3af7f1a27ef3a288e2bef7ea9dd7e8"/>
    <property name="java.vendor.url.bug" value="https://github.com/adoptium/adoptium-support/issues"/>
    <property name="java.io.tmpdir" value="/tmp"/>
    <property name="require.test.libhadoop" value=""/>
    <property name="java.version" value="1.8.0_332"/>
    <property name="user.dir" value="/home/runner/work/ozone/ozone/hadoop-ozone/integration-test"/>
    <property name="os.arch" value="amd64"/>
    <property name="java.vm.specification.name" value="Java Virtual Machine Specification"/>
    <property name="test.build.classes" value="/home/runner/work/ozone/ozone/hadoop-ozone/integration-test/target/test-classes"/>
    <property name="java.awt.printerjob" value="sun.print.PSPrinterJob"/>
    <property name="sun.os.patch.level" value="unknown"/>
    <property name="hadoop.tmp.dir" value="/home/runner/work/ozone/ozone/hadoop-ozone/integration-test/target/tmp"/>
    <property name="java.library.path" value="/usr/java/packages/lib/amd64:/usr/lib64:/lib64:/lib:/usr/lib"/>
    <property name="java.vm.info" value="mixed mode"/>
    <property name="java.vendor" value="Temurin"/>
    <property name="java.vm.version" value="25.332-b09"/>
    <property name="java.ext.dirs" value="/usr/lib/jvm/temurin-8-jdk-amd64/jre/lib/ext:/usr/java/packages/lib/ext"/>
    <property name="sun.io.unicode.encoding" value="UnicodeLittle"/>
    <property name="java.class.version" value="52.0"/>
  </properties>
  <testcase name="testRatisLogParsing" classname="org.apache.hadoop.ozone.parser.TestOzoneHARatisLogParser" time="75.112">
    <error type="java.util.concurrent.TimeoutException"><![CDATA[java.util.concurrent.TimeoutException: 
Timed out waiting for condition. Thread diagnostics:
Timestamp: 2022-07-14 05:36:14,296

"EndpointStateMachine task thread for /127.0.0.1:36365 - 0 "  prio=5 tid=930 timed_waiting
java.lang.Thread.State: TIMED_WAITING
        at java.lang.Thread.sleep(Native Method)
        at org.apache.hadoop.ipc.Client$Connection.handleConnectionFailure(Client.java:972)
        at org.apache.hadoop.ipc.Client$Connection.setupConnection(Client.java:724)
        at org.apache.hadoop.ipc.Client$Connection.setupIOstreams(Client.java:822)
        at org.apache.hadoop.ipc.Client$Connection.access$3800(Client.java:414)
        at org.apache.hadoop.ipc.Client.getConnection(Client.java:1647)
        at org.apache.hadoop.ipc.Client.call(Client.java:1463)
        at org.apache.hadoop.ipc.Client.call(Client.java:1416)
        at org.apache.hadoop.ipc.ProtobufRpcEngine$Invoker.invoke(ProtobufRpcEngine.java:236)
        at org.apache.hadoop.ipc.ProtobufRpcEngine$Invoker.invoke(ProtobufRpcEngine.java:123)
        at com.sun.proxy.$Proxy51.submitRequest(Unknown Source)
        at org.apache.hadoop.ozone.protocolPB.StorageContainerDatanodeProtocolClientSideTranslatorPB.submitRequest(StorageContainerDatanodeProtocolClientSideTranslatorPB.java:117)
        at org.apache.hadoop.ozone.protocolPB.StorageContainerDatanodeProtocolClientSideTranslatorPB.sendHeartbeat(StorageContainerDatanodeProtocolClientSideTranslatorPB.java:149)
        at org.apache.hadoop.ozone.container.common.states.endpoint.HeartbeatEndpointTask.call(HeartbeatEndpointTask.java:185)
        at org.apache.hadoop.ozone.container.common.states.endpoint.HeartbeatEndpointTask.call(HeartbeatEndpointTask.java:87)
        at java.util.concurrent.FutureTask.run(FutureTask.java:266)
        at java.util.concurrent.ThreadPoolExecutor.runWorker(ThreadPoolExecutor.java:1149)
        at java.util.concurrent.ThreadPoolExecutor$Worker.run(ThreadPoolExecutor.java:624)
        at java.lang.Thread.run(Thread.java:750)
"SSL Certificates Store Monitor" daemon prio=5 tid=658 in Object.wait()
java.lang.Thread.State: WAITING (on object monitor)
        at java.lang.Object.wait(Native Method)
        at java.lang.Object.wait(Object.java:502)
        at java.util.TimerThread.mainLoop(Timer.java:526)
        at java.util.TimerThread.run(Timer.java:505)
"process reaper" daemon prio=10 tid=13 timed_waiting
java.lang.Thread.State: TIMED_WAITING
        at sun.misc.Unsafe.park(Native Method)
        at java.util.concurrent.locks.LockSupport.parkNanos(LockSupport.java:215)
        at java.util.concurrent.SynchronousQueue$TransferStack.awaitFulfill(SynchronousQueue.java:460)
        at java.util.concurrent.SynchronousQueue$TransferStack.transfer(SynchronousQueue.java:362)
        at java.util.concurrent.SynchronousQueue.poll(SynchronousQueue.java:941)
        at java.util.concurrent.ThreadPoolExecutor.getTask(ThreadPoolExecutor.java:1073)
        at java.util.concurrent.ThreadPoolExecutor.runWorker(ThreadPoolExecutor.java:1134)
        at java.util.concurrent.ThreadPoolExecutor$Worker.run(ThreadPoolExecutor.java:624)
        at java.lang.Thread.run(Thread.java:750)
"EndpointStateMachine task thread for /127.0.0.1:44189 - 0 "  prio=5 tid=931 blocked
java.lang.Thread.State: BLOCKED
        at org.apache.hadoop.ipc.Client$Connection.addCall(Client.java:522)
        at org.apache.hadoop.ipc.Client$Connection.access$3700(Client.java:414)
        at org.apache.hadoop.ipc.Client.getConnection(Client.java:1634)
        at org.apache.hadoop.ipc.Client.call(Client.java:1463)
        at org.apache.hadoop.ipc.Client.call(Client.java:1416)
        at org.apache.hadoop.ipc.ProtobufRpcEngine$Invoker.invoke(ProtobufRpcEngine.java:236)
        at org.apache.hadoop.ipc.ProtobufRpcEngine$Invoker.invoke(ProtobufRpcEngine.java:123)
        at com.sun.proxy.$Proxy51.submitRequest(Unknown Source)
        at org.apache.hadoop.ozone.protocolPB.StorageContainerDatanodeProtocolClientSideTranslatorPB.submitRequest(StorageContainerDatanodeProtocolClientSideTranslatorPB.java:117)
        at org.apache.hadoop.ozone.protocolPB.StorageContainerDatanodeProtocolClientSideTranslatorPB.sendHeartbeat(StorageContainerDatanodeProtocolClientSideTranslatorPB.java:149)
        at org.apache.hadoop.ozone.container.common.states.endpoint.HeartbeatEndpointTask.call(HeartbeatEndpointTask.java:185)
        at org.apache.hadoop.ozone.container.common.states.endpoint.HeartbeatEndpointTask.call(HeartbeatEndpointTask.java:87)
        at java.util.concurrent.FutureTask.run(FutureTask.java:266)
        at java.util.concurrent.ThreadPoolExecutor.runWorker(ThreadPoolExecutor.java:1149)
        at java.util.concurrent.ThreadPoolExecutor$Worker.run(ThreadPoolExecutor.java:624)
        at java.lang.Thread.run(Thread.java:750)
"Datanode ReportManager Thread - 0" daemon prio=5 tid=832 in Object.wait()
java.lang.Thread.State: WAITING (on object monitor)
        at sun.misc.Unsafe.park(Native Method)
        at java.util.concurrent.locks.LockSupport.park(LockSupport.java:175)
        at java.util.concurrent.locks.AbstractQueuedSynchronizer$ConditionObject.await(AbstractQueuedSynchronizer.java:2039)
        at java.util.concurrent.ScheduledThreadPoolExecutor$DelayedWorkQueue.take(ScheduledThreadPoolExecutor.java:1088)
        at java.util.concurrent.ScheduledThreadPoolExecutor$DelayedWorkQueue.take(ScheduledThreadPoolExecutor.java:809)
        at java.util.concurrent.ThreadPoolExecutor.getTask(ThreadPoolExecutor.java:1074)
        at java.util.concurrent.ThreadPoolExecutor.runWorker(ThreadPoolExecutor.java:1134)
        at java.util.concurrent.ThreadPoolExecutor$Worker.run(ThreadPoolExecutor.java:624)
        at java.lang.Thread.run(Thread.java:750)
"EndpointStateMachine task thread for /127.0.0.1:43653 - 0 "  prio=5 tid=928 blocked
java.lang.Thread.State: BLOCKED
        at org.apache.hadoop.ipc.Client$Connection.addCall(Client.java:522)
        at org.apache.hadoop.ipc.Client$Connection.access$3700(Client.java:414)
        at org.apache.hadoop.ipc.Client.getConnection(Client.java:1634)
        at org.apache.hadoop.ipc.Client.call(Client.java:1463)
        at org.apache.hadoop.ipc.Client.call(Client.java:1416)
        at org.apache.hadoop.ipc.ProtobufRpcEngine$Invoker.invoke(ProtobufRpcEngine.java:236)
        at org.apache.hadoop.ipc.ProtobufRpcEngine$Invoker.invoke(ProtobufRpcEngine.java:123)
        at com.sun.proxy.$Proxy51.submitRequest(Unknown Source)
        at org.apache.hadoop.ozone.protocolPB.StorageContainerDatanodeProtocolClientSideTranslatorPB.submitRequest(StorageContainerDatanodeProtocolClientSideTranslatorPB.java:117)
        at org.apache.hadoop.ozone.protocolPB.StorageContainerDatanodeProtocolClientSideTranslatorPB.sendHeartbeat(StorageContainerDatanodeProtocolClientSideTranslatorPB.java:149)
        at org.apache.hadoop.ozone.container.common.states.endpoint.HeartbeatEndpointTask.call(HeartbeatEndpointTask.java:185)
        at org.apache.hadoop.ozone.container.common.states.endpoint.HeartbeatEndpointTask.call(HeartbeatEndpointTask.java:87)
        at java.util.concurrent.FutureTask.run(FutureTask.java:266)
        at java.util.concurrent.ThreadPoolExecutor.runWorker(ThreadPoolExecutor.java:1149)
        at java.util.concurrent.ThreadPoolExecutor$Worker.run(ThreadPoolExecutor.java:624)
        at java.lang.Thread.run(Thread.java:750)
"Datanode ReportManager Thread - 1" daemon prio=5 tid=859 in Object.wait()
java.lang.Thread.State: WAITING (on object monitor)
        at sun.misc.Unsafe.park(Native Method)
        at java.util.concurrent.locks.LockSupport.park(LockSupport.java:175)
        at java.util.concurrent.locks.AbstractQueuedSynchronizer$ConditionObject.await(AbstractQueuedSynchronizer.java:2039)
        at java.util.concurrent.ScheduledThreadPoolExecutor$DelayedWorkQueue.take(ScheduledThreadPoolExecutor.java:1088)
        at java.util.concurrent.ScheduledThreadPoolExecutor$DelayedWorkQueue.take(ScheduledThreadPoolExecutor.java:809)
        at java.util.concurrent.ThreadPoolExecutor.getTask(ThreadPoolExecutor.java:1074)
        at java.util.concurrent.ThreadPoolExecutor.runWorker(ThreadPoolExecutor.java:1134)
        at java.util.concurrent.ThreadPoolExecutor$Worker.run(ThreadPoolExecutor.java:624)
        at java.lang.Thread.run(Thread.java:750)
"EndpointStateMachine task thread for /127.0.0.1:44189 - 0 "  prio=5 tid=880 timed_waiting
java.lang.Thread.State: TIMED_WAITING
        at java.lang.Thread.sleep(Native Method)
        at org.apache.hadoop.ipc.Client$Connection.handleConnectionFailure(Client.java:972)
        at org.apache.hadoop.ipc.Client$Connection.setupConnection(Client.java:724)
        at org.apache.hadoop.ipc.Client$Connection.setupIOstreams(Client.java:822)
        at org.apache.hadoop.ipc.Client$Connection.access$3800(Client.java:414)
        at org.apache.hadoop.ipc.Client.getConnection(Client.java:1647)
        at org.apache.hadoop.ipc.Client.call(Client.java:1463)
        at org.apache.hadoop.ipc.Client.call(Client.java:1416)
        at org.apache.hadoop.ipc.ProtobufRpcEngine$Invoker.invoke(ProtobufRpcEngine.java:236)
        at org.apache.hadoop.ipc.ProtobufRpcEngine$Invoker.invoke(ProtobufRpcEngine.java:123)
        at com.sun.proxy.$Proxy51.submitRequest(Unknown Source)
        at org.apache.hadoop.ozone.protocolPB.StorageContainerDatanodeProtocolClientSideTranslatorPB.submitRequest(StorageContainerDatanodeProtocolClientSideTranslatorPB.java:117)
        at org.apache.hadoop.ozone.protocolPB.StorageContainerDatanodeProtocolClientSideTranslatorPB.sendHeartbeat(StorageContainerDatanodeProtocolClientSideTranslatorPB.java:149)
        at org.apache.hadoop.ozone.container.common.states.endpoint.HeartbeatEndpointTask.call(HeartbeatEndpointTask.java:185)
        at org.apache.hadoop.ozone.container.common.states.endpoint.HeartbeatEndpointTask.call(HeartbeatEndpointTask.java:87)
        at java.util.concurrent.FutureTask.run(FutureTask.java:266)
        at java.util.concurrent.ThreadPoolExecutor.runWorker(ThreadPoolExecutor.java:1149)
        at java.util.concurrent.ThreadPoolExecutor$Worker.run(ThreadPoolExecutor.java:624)
        at java.lang.Thread.run(Thread.java:750)
"FullTableCache Cleanup Thread - 0" daemon prio=5 tid=1138 in Object.wait()
java.lang.Thread.State: WAITING (on object monitor)
        at sun.misc.Unsafe.park(Native Method)
        at java.util.concurrent.locks.LockSupport.park(LockSupport.java:175)
        at java.util.concurrent.locks.AbstractQueuedSynchronizer$ConditionObject.await(AbstractQueuedSynchronizer.java:2039)
        at java.util.concurrent.LinkedBlockingQueue.take(LinkedBlockingQueue.java:442)
        at java.util.concurrent.ThreadPoolExecutor.getTask(ThreadPoolExecutor.java:1074)
        at java.util.concurrent.ThreadPoolExecutor.runWorker(ThreadPoolExecutor.java:1134)
        at java.util.concurrent.ThreadPoolExecutor$Worker.run(ThreadPoolExecutor.java:624)
        at java.lang.Thread.run(Thread.java:750)
"ExpiredContainerReplicaOpScrubberThread" daemon prio=5 tid=383 timed_waiting
java.lang.Thread.State: TIMED_WAITING
        at java.lang.Object.wait(Native Method)
        at org.apache.hadoop.hdds.scm.ha.BackgroundSCMService.run(BackgroundSCMService.java:105)
        at org.apache.hadoop.hdds.scm.ha.BackgroundSCMService$$Lambda$668/1389369631.run(Unknown Source)
        at java.lang.Thread.run(Thread.java:750)
"IPC Parameter Sending Thread #0" daemon prio=5 tid=271 timed_waiting
java.lang.Thread.State: TIMED_WAITING
        at sun.misc.Unsafe.park(Native Method)
        at java.util.concurrent.locks.LockSupport.parkNanos(LockSupport.java:215)
        at java.util.concurrent.SynchronousQueue$TransferStack.awaitFulfill(SynchronousQueue.java:460)
        at java.util.concurrent.SynchronousQueue$TransferStack.transfer(SynchronousQueue.java:362)
        at java.util.concurrent.SynchronousQueue.poll(SynchronousQueue.java:941)
        at java.util.concurrent.ThreadPoolExecutor.getTask(ThreadPoolExecutor.java:1073)
        at java.util.concurrent.ThreadPoolExecutor.runWorker(ThreadPoolExecutor.java:1134)
        at java.util.concurrent.ThreadPoolExecutor$Worker.run(ThreadPoolExecutor.java:624)
        at java.lang.Thread.run(Thread.java:750)
"Datanode ReportManager Thread - 4" daemon prio=5 tid=862 in Object.wait()
java.lang.Thread.State: WAITING (on object monitor)
        at sun.misc.Unsafe.park(Native Method)
        at java.util.concurrent.locks.LockSupport.park(LockSupport.java:175)
        at java.util.concurrent.locks.AbstractQueuedSynchronizer$ConditionObject.await(AbstractQueuedSynchronizer.java:2039)
        at java.util.concurrent.ScheduledThreadPoolExecutor$DelayedWorkQueue.take(ScheduledThreadPoolExecutor.java:1088)
        at java.util.concurrent.ScheduledThreadPoolExecutor$DelayedWorkQueue.take(ScheduledThreadPoolExecutor.java:809)
        at java.util.concurrent.ThreadPoolExecutor.getTask(ThreadPoolExecutor.java:1074)
        at java.util.concurrent.ThreadPoolExecutor.runWorker(ThreadPoolExecutor.java:1134)
        at java.util.concurrent.ThreadPoolExecutor$Worker.run(ThreadPoolExecutor.java:624)
        at java.lang.Thread.run(Thread.java:750)
"Datanode ReportManager Thread - 1" daemon prio=5 tid=807 in Object.wait()
java.lang.Thread.State: WAITING (on object monitor)
        at sun.misc.Unsafe.park(Native Method)
        at java.util.concurrent.locks.LockSupport.park(LockSupport.java:175)
        at java.util.concurrent.locks.AbstractQueuedSynchronizer$ConditionObject.await(AbstractQueuedSynchronizer.java:2039)
        at java.util.concurrent.ScheduledThreadPoolExecutor$DelayedWorkQueue.take(ScheduledThreadPoolExecutor.java:1088)
        at java.util.concurrent.ScheduledThreadPoolExecutor$DelayedWorkQueue.take(ScheduledThreadPoolExecutor.java:809)
        at java.util.concurrent.ThreadPoolExecutor.getTask(ThreadPoolExecutor.java:1074)
        at java.util.concurrent.ThreadPoolExecutor.runWorker(ThreadPoolExecutor.java:1134)
        at java.util.concurrent.ThreadPoolExecutor$Worker.run(ThreadPoolExecutor.java:624)
        at java.lang.Thread.run(Thread.java:750)
"Reference Handler" daemon prio=10 tid=2 in Object.wait()
java.lang.Thread.State: WAITING (on object monitor)
        at java.lang.Object.wait(Native Method)
        at java.lang.Object.wait(Object.java:502)
        at java.lang.ref.Reference.tryHandlePending(Reference.java:191)
        at java.lang.ref.Reference$ReferenceHandler.run(Reference.java:153)
"Datanode ReportManager Thread - 2" daemon prio=5 tid=808 in Object.wait()
java.lang.Thread.State: WAITING (on object monitor)
        at sun.misc.Unsafe.park(Native Method)
        at java.util.concurrent.locks.LockSupport.park(LockSupport.java:175)
        at java.util.concurrent.locks.AbstractQueuedSynchronizer$ConditionObject.await(AbstractQueuedSynchronizer.java:2039)
        at java.util.concurrent.ScheduledThreadPoolExecutor$DelayedWorkQueue.take(ScheduledThreadPoolExecutor.java:1088)
        at java.util.concurrent.ScheduledThreadPoolExecutor$DelayedWorkQueue.take(ScheduledThreadPoolExecutor.java:809)
        at java.util.concurrent.ThreadPoolExecutor.getTask(ThreadPoolExecutor.java:1074)
        at java.util.concurrent.ThreadPoolExecutor.runWorker(ThreadPoolExecutor.java:1134)
        at java.util.concurrent.ThreadPoolExecutor$Worker.run(ThreadPoolExecutor.java:624)
        at java.lang.Thread.run(Thread.java:750)
"IPC Parameter Sending Thread #1" daemon prio=5 tid=890 timed_waiting
java.lang.Thread.State: TIMED_WAITING
        at sun.misc.Unsafe.park(Native Method)
        at java.util.concurrent.locks.LockSupport.parkNanos(LockSupport.java:215)
        at java.util.concurrent.SynchronousQueue$TransferStack.awaitFulfill(SynchronousQueue.java:460)
        at java.util.concurrent.SynchronousQueue$TransferStack.transfer(SynchronousQueue.java:362)
        at java.util.concurrent.SynchronousQueue.poll(SynchronousQueue.java:941)
        at java.util.concurrent.ThreadPoolExecutor.getTask(ThreadPoolExecutor.java:1073)
        at java.util.concurrent.ThreadPoolExecutor.runWorker(ThreadPoolExecutor.java:1134)
        at java.util.concurrent.ThreadPoolExecutor$Worker.run(ThreadPoolExecutor.java:624)
        at java.lang.Thread.run(Thread.java:750)
"EndpointStateMachine task thread for /127.0.0.1:43653 - 0 "  prio=5 tid=879 in Object.wait()
java.lang.Thread.State: WAITING (on object monitor)
        at sun.misc.Unsafe.park(Native Method)
        at java.util.concurrent.locks.LockSupport.park(LockSupport.java:175)
        at java.util.concurrent.locks.AbstractQueuedSynchronizer$ConditionObject.await(AbstractQueuedSynchronizer.java:2039)
        at java.util.concurrent.LinkedBlockingQueue.take(LinkedBlockingQueue.java:442)
        at java.util.concurrent.ThreadPoolExecutor.getTask(ThreadPoolExecutor.java:1074)
        at java.util.concurrent.ThreadPoolExecutor.runWorker(ThreadPoolExecutor.java:1134)
        at java.util.concurrent.ThreadPoolExecutor$Worker.run(ThreadPoolExecutor.java:624)
        at java.lang.Thread.run(Thread.java:750)
"FullTableCache Cleanup Thread - 0" daemon prio=5 tid=1130 in Object.wait()
java.lang.Thread.State: WAITING (on object monitor)
        at sun.misc.Unsafe.park(Native Method)
        at java.util.concurrent.locks.LockSupport.park(LockSupport.java:175)
        at java.util.concurrent.locks.AbstractQueuedSynchronizer$ConditionObject.await(AbstractQueuedSynchronizer.java:2039)
        at java.util.concurrent.LinkedBlockingQueue.take(LinkedBlockingQueue.java:442)
        at java.util.concurrent.ThreadPoolExecutor.getTask(ThreadPoolExecutor.java:1074)
        at java.util.concurrent.ThreadPoolExecutor.runWorker(ThreadPoolExecutor.java:1134)
        at java.util.concurrent.ThreadPoolExecutor$Worker.run(ThreadPoolExecutor.java:624)
        at java.lang.Thread.run(Thread.java:750)
"EndpointStateMachine task thread for /127.0.0.1:44189 - 0 "  prio=5 tid=915 blocked
java.lang.Thread.State: BLOCKED
        at org.apache.hadoop.ipc.Client$Connection.addCall(Client.java:522)
        at org.apache.hadoop.ipc.Client$Connection.access$3700(Client.java:414)
        at org.apache.hadoop.ipc.Client.getConnection(Client.java:1634)
        at org.apache.hadoop.ipc.Client.call(Client.java:1463)
        at org.apache.hadoop.ipc.Client.call(Client.java:1416)
        at org.apache.hadoop.ipc.ProtobufRpcEngine$Invoker.invoke(ProtobufRpcEngine.java:236)
        at org.apache.hadoop.ipc.ProtobufRpcEngine$Invoker.invoke(ProtobufRpcEngine.java:123)
        at com.sun.proxy.$Proxy51.submitRequest(Unknown Source)
        at org.apache.hadoop.ozone.protocolPB.StorageContainerDatanodeProtocolClientSideTranslatorPB.submitRequest(StorageContainerDatanodeProtocolClientSideTranslatorPB.java:117)
        at org.apache.hadoop.ozone.protocolPB.StorageContainerDatanodeProtocolClientSideTranslatorPB.sendHeartbeat(StorageContainerDatanodeProtocolClientSideTranslatorPB.java:149)
        at org.apache.hadoop.ozone.container.common.states.endpoint.HeartbeatEndpointTask.call(HeartbeatEndpointTask.java:185)
        at org.apache.hadoop.ozone.container.common.states.endpoint.HeartbeatEndpointTask.call(HeartbeatEndpointTask.java:87)
        at java.util.concurrent.FutureTask.run(FutureTask.java:266)
        at java.util.concurrent.ThreadPoolExecutor.runWorker(ThreadPoolExecutor.java:1149)
        at java.util.concurrent.ThreadPoolExecutor$Worker.run(ThreadPoolExecutor.java:624)
        at java.lang.Thread.run(Thread.java:750)
"org.apache.hadoop.ozone.container.common.statemachine.commandhandler.DeleteBlocksCommandHandler$DeleteCmdWorker@70d369ae" daemon prio=5 tid=789 runnable
java.lang.Thread.State: RUNNABLE
        at java.lang.Thread.sleep(Native Method)
        at org.apache.hadoop.ozone.container.common.statemachine.commandhandler.DeleteBlocksCommandHandler$DeleteCmdWorker.run(DeleteBlocksCommandHandler.java:185)
        at java.lang.Thread.run(Thread.java:750)
"Datanode ReportManager Thread - 1" daemon prio=5 tid=833 timed_waiting
java.lang.Thread.State: TIMED_WAITING
        at sun.misc.Unsafe.park(Native Method)
        at java.util.concurrent.locks.LockSupport.parkNanos(LockSupport.java:215)
        at java.util.concurrent.locks.AbstractQueuedSynchronizer$ConditionObject.awaitNanos(AbstractQueuedSynchronizer.java:2078)
        at java.util.concurrent.ScheduledThreadPoolExecutor$DelayedWorkQueue.take(ScheduledThreadPoolExecutor.java:1093)
        at java.util.concurrent.ScheduledThreadPoolExecutor$DelayedWorkQueue.take(ScheduledThreadPoolExecutor.java:809)
        at java.util.concurrent.ThreadPoolExecutor.getTask(ThreadPoolExecutor.java:1074)
        at java.util.concurrent.ThreadPoolExecutor.runWorker(ThreadPoolExecutor.java:1134)
        at java.util.concurrent.ThreadPoolExecutor$Worker.run(ThreadPoolExecutor.java:624)
        at java.lang.Thread.run(Thread.java:750)
"Signal Dispatcher" daemon prio=9 tid=4 runnable
java.lang.Thread.State: RUNNABLE
"Datanode ReportManager Thread - 2" daemon prio=5 tid=834 in Object.wait()
java.lang.Thread.State: WAITING (on object monitor)
        at sun.misc.Unsafe.park(Native Method)
        at java.util.concurrent.locks.LockSupport.park(LockSupport.java:175)
        at java.util.concurrent.locks.AbstractQueuedSynchronizer$ConditionObject.await(AbstractQueuedSynchronizer.java:2039)
        at java.util.concurrent.ScheduledThreadPoolExecutor$DelayedWorkQueue.take(ScheduledThreadPoolExecutor.java:1088)
        at java.util.concurrent.ScheduledThreadPoolExecutor$DelayedWorkQueue.take(ScheduledThreadPoolExecutor.java:809)
        at java.util.concurrent.ThreadPoolExecutor.getTask(ThreadPoolExecutor.java:1074)
        at java.util.concurrent.ThreadPoolExecutor.runWorker(ThreadPoolExecutor.java:1134)
        at java.util.concurrent.ThreadPoolExecutor$Worker.run(ThreadPoolExecutor.java:624)
        at java.lang.Thread.run(Thread.java:750)
"FullTableCache Cleanup Thread - 0" daemon prio=5 tid=1129 in Object.wait()
java.lang.Thread.State: WAITING (on object monitor)
        at sun.misc.Unsafe.park(Native Method)
        at java.util.concurrent.locks.LockSupport.park(LockSupport.java:175)
        at java.util.concurrent.locks.AbstractQueuedSynchronizer$ConditionObject.await(AbstractQueuedSynchronizer.java:2039)
        at java.util.concurrent.LinkedBlockingQueue.take(LinkedBlockingQueue.java:442)
        at java.util.concurrent.ThreadPoolExecutor.getTask(ThreadPoolExecutor.java:1074)
        at java.util.concurrent.ThreadPoolExecutor.runWorker(ThreadPoolExecutor.java:1134)
        at java.util.concurrent.ThreadPoolExecutor$Worker.run(ThreadPoolExecutor.java:624)
        at java.lang.Thread.run(Thread.java:750)
"Datanode ReportManager Thread - 0" daemon prio=5 tid=806 timed_waiting
java.lang.Thread.State: TIMED_WAITING
        at sun.misc.Unsafe.park(Native Method)
        at java.util.concurrent.locks.LockSupport.parkNanos(LockSupport.java:215)
        at java.util.concurrent.locks.AbstractQueuedSynchronizer$ConditionObject.awaitNanos(AbstractQueuedSynchronizer.java:2078)
        at java.util.concurrent.ScheduledThreadPoolExecutor$DelayedWorkQueue.take(ScheduledThreadPoolExecutor.java:1093)
        at java.util.concurrent.ScheduledThreadPoolExecutor$DelayedWorkQueue.take(ScheduledThreadPoolExecutor.java:809)
        at java.util.concurrent.ThreadPoolExecutor.getTask(ThreadPoolExecutor.java:1074)
        at java.util.concurrent.ThreadPoolExecutor.runWorker(ThreadPoolExecutor.java:1134)
        at java.util.concurrent.ThreadPoolExecutor$Worker.run(ThreadPoolExecutor.java:624)
        at java.lang.Thread.run(Thread.java:750)
"FullTableCache Cleanup Thread - 0" daemon prio=5 tid=1137 in Object.wait()
java.lang.Thread.State: WAITING (on object monitor)
        at sun.misc.Unsafe.park(Native Method)
        at java.util.concurrent.locks.LockSupport.park(LockSupport.java:175)
        at java.util.concurrent.locks.AbstractQueuedSynchronizer$ConditionObject.await(AbstractQueuedSynchronizer.java:2039)
        at java.util.concurrent.LinkedBlockingQueue.take(LinkedBlockingQueue.java:442)
        at java.util.concurrent.ThreadPoolExecutor.getTask(ThreadPoolExecutor.java:1074)
        at java.util.concurrent.ThreadPoolExecutor.runWorker(ThreadPoolExecutor.java:1134)
        at java.util.concurrent.ThreadPoolExecutor$Worker.run(ThreadPoolExecutor.java:624)
        at java.lang.Thread.run(Thread.java:750)
"org.apache.hadoop.ozone.container.common.statemachine.commandhandler.DeleteBlocksCommandHandler$DeleteCmdWorker@7533229d" daemon prio=5 tid=820 runnable
java.lang.Thread.State: RUNNABLE
        at java.lang.Thread.sleep(Native Method)
        at org.apache.hadoop.ozone.container.common.statemachine.commandhandler.DeleteBlocksCommandHandler$DeleteCmdWorker.run(DeleteBlocksCommandHandler.java:185)
        at java.lang.Thread.run(Thread.java:750)
"FullTableCache Cleanup Thread - 0" daemon prio=5 tid=1131 in Object.wait()
java.lang.Thread.State: WAITING (on object monitor)
        at sun.misc.Unsafe.park(Native Method)
        at java.util.concurrent.locks.LockSupport.park(LockSupport.java:175)
        at java.util.concurrent.locks.AbstractQueuedSynchronizer$ConditionObject.await(AbstractQueuedSynchronizer.java:2039)
        at java.util.concurrent.LinkedBlockingQueue.take(LinkedBlockingQueue.java:442)
        at java.util.concurrent.ThreadPoolExecutor.getTask(ThreadPoolExecutor.java:1074)
        at java.util.concurrent.ThreadPoolExecutor.runWorker(ThreadPoolExecutor.java:1134)
        at java.util.concurrent.ThreadPoolExecutor$Worker.run(ThreadPoolExecutor.java:624)
        at java.lang.Thread.run(Thread.java:750)
"java.util.concurrent.ThreadPoolExecutor$Worker@66939335[State = -1, empty queue]" daemon prio=5 tid=1052 timed_waiting
java.lang.Thread.State: TIMED_WAITING
        at sun.misc.Unsafe.park(Native Method)
        at java.util.concurrent.locks.LockSupport.parkNanos(LockSupport.java:215)
        at java.util.concurrent.locks.AbstractQueuedSynchronizer$ConditionObject.awaitNanos(AbstractQueuedSynchronizer.java:2078)
        at java.util.concurrent.ScheduledThreadPoolExecutor$DelayedWorkQueue.take(ScheduledThreadPoolExecutor.java:1093)
        at java.util.concurrent.ScheduledThreadPoolExecutor$DelayedWorkQueue.take(ScheduledThreadPoolExecutor.java:809)
        at java.util.concurrent.ThreadPoolExecutor.getTask(ThreadPoolExecutor.java:1074)
        at java.util.concurrent.ThreadPoolExecutor.runWorker(ThreadPoolExecutor.java:1134)
        at java.util.concurrent.ThreadPoolExecutor$Worker.run(ThreadPoolExecutor.java:624)
        at java.lang.Thread.run(Thread.java:750)
"SSL Certificates Store Monitor" daemon prio=5 tid=715 in Object.wait()
java.lang.Thread.State: WAITING (on object monitor)
        at java.lang.Object.wait(Native Method)
        at java.lang.Object.wait(Object.java:502)
        at java.util.TimerThread.mainLoop(Timer.java:526)
        at java.util.TimerThread.run(Timer.java:505)
"Finalizer" daemon prio=8 tid=3 in Object.wait()
java.lang.Thread.State: WAITING (on object monitor)
        at java.lang.Object.wait(Native Method)
        at java.lang.ref.ReferenceQueue.remove(ReferenceQueue.java:144)
        at java.lang.ref.ReferenceQueue.remove(ReferenceQueue.java:165)
        at java.lang.ref.Finalizer$FinalizerThread.run(Finalizer.java:216)
"ExpiredContainerReplicaOpScrubberThread" daemon prio=5 tid=36 timed_waiting
java.lang.Thread.State: TIMED_WAITING
        at java.lang.Object.wait(Native Method)
        at org.apache.hadoop.hdds.scm.ha.BackgroundSCMService.run(BackgroundSCMService.java:105)
        at org.apache.hadoop.hdds.scm.ha.BackgroundSCMService$$Lambda$668/1389369631.run(Unknown Source)
        at java.lang.Thread.run(Thread.java:750)
"SSL Certificates Store Monitor" daemon prio=5 tid=602 in Object.wait()
java.lang.Thread.State: WAITING (on object monitor)
        at java.lang.Object.wait(Native Method)
        at java.lang.Object.wait(Object.java:502)
        at java.util.TimerThread.mainLoop(Timer.java:526)
        at java.util.TimerThread.run(Timer.java:505)
"EndpointStateMachine task thread for /127.0.0.1:43653 - 0 "  prio=5 tid=912 timed_waiting
java.lang.Thread.State: TIMED_WAITING
        at java.lang.Thread.sleep(Native Method)
        at org.apache.hadoop.ipc.Client$Connection.handleConnectionFailure(Client.java:972)
        at org.apache.hadoop.ipc.Client$Connection.setupConnection(Client.java:724)
        at org.apache.hadoop.ipc.Client$Connection.setupIOstreams(Client.java:822)
        at org.apache.hadoop.ipc.Client$Connection.access$3800(Client.java:414)
        at org.apache.hadoop.ipc.Client.getConnection(Client.java:1647)
        at org.apache.hadoop.ipc.Client.call(Client.java:1463)
        at org.apache.hadoop.ipc.Client.call(Client.java:1416)
        at org.apache.hadoop.ipc.ProtobufRpcEngine$Invoker.invoke(ProtobufRpcEngine.java:236)
        at org.apache.hadoop.ipc.ProtobufRpcEngine$Invoker.invoke(ProtobufRpcEngine.java:123)
        at com.sun.proxy.$Proxy51.submitRequest(Unknown Source)
        at org.apache.hadoop.ozone.protocolPB.StorageContainerDatanodeProtocolClientSideTranslatorPB.submitRequest(StorageContainerDatanodeProtocolClientSideTranslatorPB.java:117)
        at org.apache.hadoop.ozone.protocolPB.StorageContainerDatanodeProtocolClientSideTranslatorPB.sendHeartbeat(StorageContainerDatanodeProtocolClientSideTranslatorPB.java:149)
        at org.apache.hadoop.ozone.container.common.states.endpoint.HeartbeatEndpointTask.call(HeartbeatEndpointTask.java:185)
        at org.apache.hadoop.ozone.container.common.states.endpoint.HeartbeatEndpointTask.call(HeartbeatEndpointTask.java:87)
        at java.util.concurrent.FutureTask.run(FutureTask.java:266)
        at java.util.concurrent.ThreadPoolExecutor.runWorker(ThreadPoolExecutor.java:1149)
        at java.util.concurrent.ThreadPoolExecutor$Worker.run(ThreadPoolExecutor.java:624)
        at java.lang.Thread.run(Thread.java:750)
"Datanode ReportManager Thread - 4" daemon prio=5 tid=836 in Object.wait()
java.lang.Thread.State: WAITING (on object monitor)
        at sun.misc.Unsafe.park(Native Method)
        at java.util.concurrent.locks.LockSupport.park(LockSupport.java:175)
        at java.util.concurrent.locks.AbstractQueuedSynchronizer$ConditionObject.await(AbstractQueuedSynchronizer.java:2039)
        at java.util.concurrent.ScheduledThreadPoolExecutor$DelayedWorkQueue.take(ScheduledThreadPoolExecutor.java:1088)
        at java.util.concurrent.ScheduledThreadPoolExecutor$DelayedWorkQueue.take(ScheduledThreadPoolExecutor.java:809)
        at java.util.concurrent.ThreadPoolExecutor.getTask(ThreadPoolExecutor.java:1074)
        at java.util.concurrent.ThreadPoolExecutor.runWorker(ThreadPoolExecutor.java:1134)
        at java.util.concurrent.ThreadPoolExecutor$Worker.run(ThreadPoolExecutor.java:624)
        at java.lang.Thread.run(Thread.java:750)
"ExpiredContainerReplicaOpScrubberThread" daemon prio=5 tid=496 timed_waiting
java.lang.Thread.State: TIMED_WAITING
        at java.lang.Object.wait(Native Method)
        at org.apache.hadoop.hdds.scm.ha.BackgroundSCMService.run(BackgroundSCMService.java:105)
        at org.apache.hadoop.hdds.scm.ha.BackgroundSCMService$$Lambda$668/1389369631.run(Unknown Source)
        at java.lang.Thread.run(Thread.java:750)
"EndpointStateMachine task thread for /127.0.0.1:36365 - 0 "  prio=5 tid=914 blocked
java.lang.Thread.State: BLOCKED
        at org.apache.hadoop.ipc.Client$Connection.addCall(Client.java:522)
        at org.apache.hadoop.ipc.Client$Connection.access$3700(Client.java:414)
        at org.apache.hadoop.ipc.Client.getConnection(Client.java:1634)
        at org.apache.hadoop.ipc.Client.call(Client.java:1463)
        at org.apache.hadoop.ipc.Client.call(Client.java:1416)
        at org.apache.hadoop.ipc.ProtobufRpcEngine$Invoker.invoke(ProtobufRpcEngine.java:236)
        at org.apache.hadoop.ipc.ProtobufRpcEngine$Invoker.invoke(ProtobufRpcEngine.java:123)
        at com.sun.proxy.$Proxy51.submitRequest(Unknown Source)
        at org.apache.hadoop.ozone.protocolPB.StorageContainerDatanodeProtocolClientSideTranslatorPB.submitRequest(StorageContainerDatanodeProtocolClientSideTranslatorPB.java:117)
        at org.apache.hadoop.ozone.protocolPB.StorageContainerDatanodeProtocolClientSideTranslatorPB.sendHeartbeat(StorageContainerDatanodeProtocolClientSideTranslatorPB.java:149)
        at org.apache.hadoop.ozone.container.common.states.endpoint.HeartbeatEndpointTask.call(HeartbeatEndpointTask.java:185)
        at org.apache.hadoop.ozone.container.common.states.endpoint.HeartbeatEndpointTask.call(HeartbeatEndpointTask.java:87)
        at java.util.concurrent.FutureTask.run(FutureTask.java:266)
        at java.util.concurrent.ThreadPoolExecutor.runWorker(ThreadPoolExecutor.java:1149)
        at java.util.concurrent.ThreadPoolExecutor$Worker.run(ThreadPoolExecutor.java:624)
        at java.lang.Thread.run(Thread.java:750)
"Datanode ReportManager Thread - 2" daemon prio=5 tid=860 timed_waiting
java.lang.Thread.State: TIMED_WAITING
        at sun.misc.Unsafe.park(Native Method)
        at java.util.concurrent.locks.LockSupport.parkNanos(LockSupport.java:215)
        at java.util.concurrent.locks.AbstractQueuedSynchronizer$ConditionObject.awaitNanos(AbstractQueuedSynchronizer.java:2078)
        at java.util.concurrent.ScheduledThreadPoolExecutor$DelayedWorkQueue.take(ScheduledThreadPoolExecutor.java:1093)
        at java.util.concurrent.ScheduledThreadPoolExecutor$DelayedWorkQueue.take(ScheduledThreadPoolExecutor.java:809)
        at java.util.concurrent.ThreadPoolExecutor.getTask(ThreadPoolExecutor.java:1074)
        at java.util.concurrent.ThreadPoolExecutor.runWorker(ThreadPoolExecutor.java:1134)
        at java.util.concurrent.ThreadPoolExecutor$Worker.run(ThreadPoolExecutor.java:624)
        at java.lang.Thread.run(Thread.java:750)
"Datanode ReportManager Thread - 3" daemon prio=5 tid=861 in Object.wait()
java.lang.Thread.State: WAITING (on object monitor)
        at sun.misc.Unsafe.park(Native Method)
        at java.util.concurrent.locks.LockSupport.park(LockSupport.java:175)
        at java.util.concurrent.locks.AbstractQueuedSynchronizer$ConditionObject.await(AbstractQueuedSynchronizer.java:2039)
        at java.util.concurrent.ScheduledThreadPoolExecutor$DelayedWorkQueue.take(ScheduledThreadPoolExecutor.java:1088)
        at java.util.concurrent.ScheduledThreadPoolExecutor$DelayedWorkQueue.take(ScheduledThreadPoolExecutor.java:809)
        at java.util.concurrent.ThreadPoolExecutor.getTask(ThreadPoolExecutor.java:1074)
        at java.util.concurrent.ThreadPoolExecutor.runWorker(ThreadPoolExecutor.java:1134)
        at java.util.concurrent.ThreadPoolExecutor$Worker.run(ThreadPoolExecutor.java:624)
        at java.lang.Thread.run(Thread.java:750)
"Datanode ReportManager Thread - 0" daemon prio=5 tid=858 in Object.wait()
java.lang.Thread.State: WAITING (on object monitor)
        at sun.misc.Unsafe.park(Native Method)
        at java.util.concurrent.locks.LockSupport.park(LockSupport.java:175)
        at java.util.concurrent.locks.AbstractQueuedSynchronizer$ConditionObject.await(AbstractQueuedSynchronizer.java:2039)
        at java.util.concurrent.ScheduledThreadPoolExecutor$DelayedWorkQueue.take(ScheduledThreadPoolExecutor.java:1088)
        at java.util.concurrent.ScheduledThreadPoolExecutor$DelayedWorkQueue.take(ScheduledThreadPoolExecutor.java:809)
        at java.util.concurrent.ThreadPoolExecutor.getTask(ThreadPoolExecutor.java:1074)
        at java.util.concurrent.ThreadPoolExecutor.runWorker(ThreadPoolExecutor.java:1134)
        at java.util.concurrent.ThreadPoolExecutor$Worker.run(ThreadPoolExecutor.java:624)
        at java.lang.Thread.run(Thread.java:750)
"org.apache.hadoop.ozone.container.common.statemachine.commandhandler.DeleteBlocksCommandHandler$DeleteCmdWorker@6cebdfc4" daemon prio=5 tid=846 runnable
java.lang.Thread.State: RUNNABLE
        at java.lang.Thread.sleep(Native Method)
        at org.apache.hadoop.ozone.container.common.statemachine.commandhandler.DeleteBlocksCommandHandler$DeleteCmdWorker.run(DeleteBlocksCommandHandler.java:185)
        at java.lang.Thread.run(Thread.java:750)
"main"  prio=5 tid=1 timed_waiting
java.lang.Thread.State: TIMED_WAITING
        at sun.misc.Unsafe.park(Native Method)
        at java.util.concurrent.locks.LockSupport.parkNanos(LockSupport.java:215)
        at java.util.concurrent.FutureTask.awaitDone(FutureTask.java:426)
        at java.util.concurrent.FutureTask.get(FutureTask.java:204)
        at org.junit.internal.runners.statements.FailOnTimeout.getResult(FailOnTimeout.java:156)
        at org.junit.internal.runners.statements.FailOnTimeout.evaluate(FailOnTimeout.java:129)
        at org.junit.runners.ParentRunner$3.evaluate(ParentRunner.java:306)
        at org.junit.runners.BlockJUnit4ClassRunner$1.evaluate(BlockJUnit4ClassRunner.java:100)
        at org.junit.runners.ParentRunner.runLeaf(ParentRunner.java:366)
        at org.junit.runners.BlockJUnit4ClassRunner.runChild(BlockJUnit4ClassRunner.java:103)
        at org.junit.runners.BlockJUnit4ClassRunner.runChild(BlockJUnit4ClassRunner.java:63)
        at org.junit.runners.ParentRunner$4.run(ParentRunner.java:331)
        at org.junit.runners.ParentRunner$1.schedule(ParentRunner.java:79)
        at org.junit.runners.ParentRunner.runChildren(ParentRunner.java:329)
        at org.junit.runners.ParentRunner.access$100(ParentRunner.java:66)
        at org.junit.runners.ParentRunner$2.evaluate(ParentRunner.java:293)
        at org.junit.runners.ParentRunner$3.evaluate(ParentRunner.java:306)
        at org.junit.runners.ParentRunner.run(ParentRunner.java:413)
        at org.junit.runner.JUnitCore.run(JUnitCore.java:137)
        at org.junit.runner.JUnitCore.run(JUnitCore.java:115)
        at org.junit.vintage.engine.execution.RunnerExecutor.execute(RunnerExecutor.java:42)
        at org.junit.vintage.engine.VintageTestEngine.executeAllChildren(VintageTestEngine.java:80)
        at org.junit.vintage.engine.VintageTestEngine.execute(VintageTestEngine.java:72)
        at org.junit.platform.launcher.core.EngineExecutionOrchestrator.execute(EngineExecutionOrchestrator.java:107)
        at org.junit.platform.launcher.core.EngineExecutionOrchestrator.execute(EngineExecutionOrchestrator.java:88)
        at org.junit.platform.launcher.core.EngineExecutionOrchestrator.lambda$execute$0(EngineExecutionOrchestrator.java:54)
        at org.junit.platform.launcher.core.EngineExecutionOrchestrator$$Lambda$188/896644936.accept(Unknown Source)
        at org.junit.platform.launcher.core.EngineExecutionOrchestrator.withInterceptedStreams(EngineExecutionOrchestrator.java:67)
        at org.junit.platform.launcher.core.EngineExecutionOrchestrator.execute(EngineExecutionOrchestrator.java:52)
        at org.junit.platform.launcher.core.DefaultLauncher.execute(DefaultLauncher.java:114)
        at org.junit.platform.launcher.core.DefaultLauncher.execute(DefaultLauncher.java:86)
        at org.junit.platform.launcher.core.DefaultLauncherSession$DelegatingLauncher.execute(DefaultLauncherSession.java:86)
        at org.junit.platform.launcher.core.SessionPerRequestLauncher.execute(SessionPerRequestLauncher.java:53)
        at org.apache.maven.surefire.junitplatform.JUnitPlatformProvider.execute(JUnitPlatformProvider.java:188)
        at org.apache.maven.surefire.junitplatform.JUnitPlatformProvider.invokeAllTests(JUnitPlatformProvider.java:154)
        at org.apache.maven.surefire.junitplatform.JUnitPlatformProvider.invoke(JUnitPlatformProvider.java:124)
        at org.apache.maven.surefire.booter.ForkedBooter.runSuitesInProcess(ForkedBooter.java:428)
        at org.apache.maven.surefire.booter.ForkedBooter.execute(ForkedBooter.java:162)
        at org.apache.maven.surefire.booter.ForkedBooter.run(ForkedBooter.java:562)
        at org.apache.maven.surefire.booter.ForkedBooter.main(ForkedBooter.java:548)
"Datanode ReportManager Thread - 3" daemon prio=5 tid=809 in Object.wait()
java.lang.Thread.State: WAITING (on object monitor)
        at sun.misc.Unsafe.park(Native Method)
        at java.util.concurrent.locks.LockSupport.park(LockSupport.java:175)
        at java.util.concurrent.locks.AbstractQueuedSynchronizer$ConditionObject.await(AbstractQueuedSynchronizer.java:2039)
        at java.util.concurrent.ScheduledThreadPoolExecutor$DelayedWorkQueue.take(ScheduledThreadPoolExecutor.java:1088)
        at java.util.concurrent.ScheduledThreadPoolExecutor$DelayedWorkQueue.take(ScheduledThreadPoolExecutor.java:809)
        at java.util.concurrent.ThreadPoolExecutor.getTask(ThreadPoolExecutor.java:1074)
        at java.util.concurrent.ThreadPoolExecutor.runWorker(ThreadPoolExecutor.java:1134)
        at java.util.concurrent.ThreadPoolExecutor$Worker.run(ThreadPoolExecutor.java:624)
        at java.lang.Thread.run(Thread.java:750)
"FullTableCache Cleanup Thread - 0" daemon prio=5 tid=1136 in Object.wait()
java.lang.Thread.State: WAITING (on object monitor)
        at sun.misc.Unsafe.park(Native Method)
        at java.util.concurrent.locks.LockSupport.park(LockSupport.java:175)
        at java.util.concurrent.locks.AbstractQueuedSynchronizer$ConditionObject.await(AbstractQueuedSynchronizer.java:2039)
        at java.util.concurrent.LinkedBlockingQueue.take(LinkedBlockingQueue.java:442)
        at java.util.concurrent.ThreadPoolExecutor.getTask(ThreadPoolExecutor.java:1074)
        at java.util.concurrent.ThreadPoolExecutor.runWorker(ThreadPoolExecutor.java:1134)
        at java.util.concurrent.ThreadPoolExecutor$Worker.run(ThreadPoolExecutor.java:624)
        at java.lang.Thread.run(Thread.java:750)
"EndpointStateMachine task thread for /127.0.0.1:36365 - 0 "  prio=5 tid=878 blocked
java.lang.Thread.State: BLOCKED
        at org.apache.hadoop.ipc.Client$Connection.addCall(Client.java:522)
        at org.apache.hadoop.ipc.Client$Connection.access$3700(Client.java:414)
        at org.apache.hadoop.ipc.Client.getConnection(Client.java:1634)
        at org.apache.hadoop.ipc.Client.call(Client.java:1463)
        at org.apache.hadoop.ipc.Client.call(Client.java:1416)
        at org.apache.hadoop.ipc.ProtobufRpcEngine$Invoker.invoke(ProtobufRpcEngine.java:236)
        at org.apache.hadoop.ipc.ProtobufRpcEngine$Invoker.invoke(ProtobufRpcEngine.java:123)
        at com.sun.proxy.$Proxy51.submitRequest(Unknown Source)
        at org.apache.hadoop.ozone.protocolPB.StorageContainerDatanodeProtocolClientSideTranslatorPB.submitRequest(StorageContainerDatanodeProtocolClientSideTranslatorPB.java:117)
        at org.apache.hadoop.ozone.protocolPB.StorageContainerDatanodeProtocolClientSideTranslatorPB.sendHeartbeat(StorageContainerDatanodeProtocolClientSideTranslatorPB.java:149)
        at org.apache.hadoop.ozone.container.common.states.endpoint.HeartbeatEndpointTask.call(HeartbeatEndpointTask.java:185)
        at org.apache.hadoop.ozone.container.common.states.endpoint.HeartbeatEndpointTask.call(HeartbeatEndpointTask.java:87)
        at java.util.concurrent.FutureTask.run(FutureTask.java:266)
        at java.util.concurrent.ThreadPoolExecutor.runWorker(ThreadPoolExecutor.java:1149)
        at java.util.concurrent.ThreadPoolExecutor$Worker.run(ThreadPoolExecutor.java:624)
        at java.lang.Thread.run(Thread.java:750)
"Datanode ReportManager Thread - 3" daemon prio=5 tid=835 in Object.wait()
java.lang.Thread.State: WAITING (on object monitor)
        at sun.misc.Unsafe.park(Native Method)
        at java.util.concurrent.locks.LockSupport.park(LockSupport.java:175)
        at java.util.concurrent.locks.AbstractQueuedSynchronizer$ConditionObject.await(AbstractQueuedSynchronizer.java:2039)
        at java.util.concurrent.ScheduledThreadPoolExecutor$DelayedWorkQueue.take(ScheduledThreadPoolExecutor.java:1088)
        at java.util.concurrent.ScheduledThreadPoolExecutor$DelayedWorkQueue.take(ScheduledThreadPoolExecutor.java:809)
        at java.util.concurrent.ThreadPoolExecutor.getTask(ThreadPoolExecutor.java:1074)
        at java.util.concurrent.ThreadPoolExecutor.runWorker(ThreadPoolExecutor.java:1134)
        at java.util.concurrent.ThreadPoolExecutor$Worker.run(ThreadPoolExecutor.java:624)
        at java.lang.Thread.run(Thread.java:750)
"surefire-forkedjvm-command-thread" daemon prio=5 tid=10 runnable
java.lang.Thread.State: RUNNABLE
        at java.io.FileInputStream.readBytes(Native Method)
        at java.io.FileInputStream.read(FileInputStream.java:255)
        at java.io.BufferedInputStream.read1(BufferedInputStream.java:284)
        at java.io.BufferedInputStream.read(BufferedInputStream.java:345)
        at java.io.BufferedInputStream.fill(BufferedInputStream.java:246)
        at java.io.BufferedInputStream.read1(BufferedInputStream.java:286)
        at java.io.BufferedInputStream.read(BufferedInputStream.java:345)
        at org.apache.maven.surefire.api.util.internal.Channels$3.readImpl(Channels.java:214)
        at org.apache.maven.surefire.api.util.internal.AbstractNoninterruptibleReadableChannel.read(AbstractNoninterruptibleReadableChannel.java:54)
        at org.apache.maven.surefire.booter.spi.LegacyMasterProcessChannelDecoder.decode(LegacyMasterProcessChannelDecoder.java:80)
        at org.apache.maven.surefire.booter.CommandReader$CommandRunnable.run(CommandReader.java:343)
        at java.lang.Thread.run(Thread.java:750)
"IPC Parameter Sending Thread #2" daemon prio=5 tid=891 timed_waiting
java.lang.Thread.State: TIMED_WAITING
        at sun.misc.Unsafe.park(Native Method)
        at java.util.concurrent.locks.LockSupport.parkNanos(LockSupport.java:215)
        at java.util.concurrent.SynchronousQueue$TransferStack.awaitFulfill(SynchronousQueue.java:460)
        at java.util.concurrent.SynchronousQueue$TransferStack.transfer(SynchronousQueue.java:362)
        at java.util.concurrent.SynchronousQueue.poll(SynchronousQueue.java:941)
        at java.util.concurrent.ThreadPoolExecutor.getTask(ThreadPoolExecutor.java:1073)
        at java.util.concurrent.ThreadPoolExecutor.runWorker(ThreadPoolExecutor.java:1134)
        at java.util.concurrent.ThreadPoolExecutor$Worker.run(ThreadPoolExecutor.java:624)
        at java.lang.Thread.run(Thread.java:750)
"Listener at 127.0.0.1/36625" daemon prio=5 tid=12 runnable
java.lang.Thread.State: RUNNABLE
        at java.lang.Thread.dumpThreads(Native Method)
        at java.lang.Thread.getAllStackTraces(Thread.java:1615)
        at org.apache.ozone.test.TimedOutTestsListener.buildThreadDump(TimedOutTestsListener.java:93)
        at org.apache.ozone.test.TimedOutTestsListener.buildThreadDiagnosticString(TimedOutTestsListener.java:79)
        at org.apache.ozone.test.GenericTestUtils.waitFor(GenericTestUtils.java:226)
        at org.apache.hadoop.ozone.parser.TestOzoneHARatisLogParser.testRatisLogParsing(TestOzoneHARatisLogParser.java:129)
        at sun.reflect.NativeMethodAccessorImpl.invoke0(Native Method)
        at sun.reflect.NativeMethodAccessorImpl.invoke(NativeMethodAccessorImpl.java:62)
        at sun.reflect.DelegatingMethodAccessorImpl.invoke(DelegatingMethodAccessorImpl.java:43)
        at java.lang.reflect.Method.invoke(Method.java:498)
        at org.junit.runners.model.FrameworkMethod$1.runReflectiveCall(FrameworkMethod.java:59)
        at org.junit.internal.runners.model.ReflectiveCallable.run(ReflectiveCallable.java:12)
        at org.junit.runners.model.FrameworkMethod.invokeExplosively(FrameworkMethod.java:56)
        at org.junit.internal.runners.statements.InvokeMethod.evaluate(InvokeMethod.java:17)
        at org.junit.internal.runners.statements.RunBefores.evaluate(RunBefores.java:26)
        at org.junit.internal.runners.statements.RunAfters.evaluate(RunAfters.java:27)
        at org.junit.internal.runners.statements.FailOnTimeout$CallableStatement.call(FailOnTimeout.java:288)
        at org.junit.internal.runners.statements.FailOnTimeout$CallableStatement.call(FailOnTimeout.java:282)
        at java.util.concurrent.FutureTask.run(FutureTask.java:266)
        at java.lang.Thread.run(Thread.java:750)
"Datanode ReportManager Thread - 4" daemon prio=5 tid=810 in Object.wait()
java.lang.Thread.State: WAITING (on object monitor)
        at sun.misc.Unsafe.park(Native Method)
        at java.util.concurrent.locks.LockSupport.park(LockSupport.java:175)
        at java.util.concurrent.locks.AbstractQueuedSynchronizer$ConditionObject.await(AbstractQueuedSynchronizer.java:2039)
        at java.util.concurrent.ScheduledThreadPoolExecutor$DelayedWorkQueue.take(ScheduledThreadPoolExecutor.java:1088)
        at java.util.concurrent.ScheduledThreadPoolExecutor$DelayedWorkQueue.take(ScheduledThreadPoolExecutor.java:809)
        at java.util.concurrent.ThreadPoolExecutor.getTask(ThreadPoolExecutor.java:1074)
        at java.util.concurrent.ThreadPoolExecutor.runWorker(ThreadPoolExecutor.java:1134)
        at java.util.concurrent.ThreadPoolExecutor$Worker.run(ThreadPoolExecutor.java:624)
        at java.lang.Thread.run(Thread.java:750)


	at org.apache.ozone.test.GenericTestUtils.waitFor(GenericTestUtils.java:226)
	at org.apache.hadoop.ozone.parser.TestOzoneHARatisLogParser.testRatisLogParsing(TestOzoneHARatisLogParser.java:129)
	at sun.reflect.NativeMethodAccessorImpl.invoke0(Native Method)
	at sun.reflect.NativeMethodAccessorImpl.invoke(NativeMethodAccessorImpl.java:62)
	at sun.reflect.DelegatingMethodAccessorImpl.invoke(DelegatingMethodAccessorImpl.java:43)
	at java.lang.reflect.Method.invoke(Method.java:498)
	at org.junit.runners.model.FrameworkMethod$1.runReflectiveCall(FrameworkMethod.java:59)
	at org.junit.internal.runners.model.ReflectiveCallable.run(ReflectiveCallable.java:12)
	at org.junit.runners.model.FrameworkMethod.invokeExplosively(FrameworkMethod.java:56)
	at org.junit.internal.runners.statements.InvokeMethod.evaluate(InvokeMethod.java:17)
	at org.junit.internal.runners.statements.RunBefores.evaluate(RunBefores.java:26)
	at org.junit.internal.runners.statements.RunAfters.evaluate(RunAfters.java:27)
	at org.junit.internal.runners.statements.FailOnTimeout$CallableStatement.call(FailOnTimeout.java:288)
	at org.junit.internal.runners.statements.FailOnTimeout$CallableStatement.call(FailOnTimeout.java:282)
	at java.util.concurrent.FutureTask.run(FutureTask.java:266)
	at java.lang.Thread.run(Thread.java:750)
]]></error>
    <system-out><![CDATA[2022-07-14 05:34:59,843 [Time-limited test] WARN  server.ServerUtils (ServerUtils.java:getScmDbDir(148)) - ozone.scm.db.dirs is not configured. We recommend adding this setting. Falling back to ozone.metadata.dirs instead.
2022-07-14 05:34:59,885 [Time-limited test] INFO  ha.SCMHANodeDetails (SCMHANodeDetails.java:loadSCMHAConfig(209)) - ServiceID for StorageContainerManager is scmServiceId
2022-07-14 05:34:59,897 [Time-limited test] INFO  ha.SCMHANodeDetails (SCMHANodeDetails.java:loadSCMHAConfig(220)) - ServiceID for StorageContainerManager is scmServiceId
2022-07-14 05:34:59,987 [Time-limited test] WARN  scm.ScmUtils (ScmUtils.java:logWarn(179)) - ConfigKey ozone.scm.block.client.address is deprecated, For configuring different ports for each SCM use PortConfigKey ozone.scm.block.client.port appended with serviceId and nodeId. If want to configure same port configure ozone.scm.block.client.port
2022-07-14 05:34:59,988 [Time-limited test] WARN  scm.ScmUtils (ScmUtils.java:logWarn(179)) - ConfigKey ozone.scm.client.address is deprecated, For configuring different ports for each SCM use PortConfigKey ozone.scm.client.port appended with serviceId and nodeId. If want to configure same port configure ozone.scm.client.port
2022-07-14 05:34:59,988 [Time-limited test] WARN  scm.ScmUtils (ScmUtils.java:logWarn(179)) - ConfigKey ozone.scm.datanode.address is deprecated, For configuring different ports for each SCM use PortConfigKey ozone.scm.datanode.port appended with serviceId and nodeId. If want to configure same port configure ozone.scm.datanode.port
2022-07-14 05:34:59,991 [Time-limited test] WARN  scm.ScmUtils (ScmUtils.java:logWarn(179)) - ConfigKey ozone.scm.block.client.address is deprecated, For configuring different ports for each SCM use PortConfigKey ozone.scm.block.client.port appended with serviceId and nodeId. If want to configure same port configure ozone.scm.block.client.port
2022-07-14 05:34:59,991 [Time-limited test] WARN  scm.ScmUtils (ScmUtils.java:logWarn(179)) - ConfigKey ozone.scm.client.address is deprecated, For configuring different ports for each SCM use PortConfigKey ozone.scm.client.port appended with serviceId and nodeId. If want to configure same port configure ozone.scm.client.port
2022-07-14 05:34:59,992 [Time-limited test] WARN  scm.ScmUtils (ScmUtils.java:logWarn(179)) - ConfigKey ozone.scm.datanode.address is deprecated, For configuring different ports for each SCM use PortConfigKey ozone.scm.datanode.port appended with serviceId and nodeId. If want to configure same port configure ozone.scm.datanode.port
2022-07-14 05:34:59,992 [Time-limited test] INFO  ha.SCMHANodeDetails (SCMHANodeDetails.java:loadSCMHAConfig(307)) - Found matching SCM address with SCMServiceId: scmServiceId, SCMNodeId: scmNode-1, RPC Address: localhost:44253 and Ratis port: 44253
2022-07-14 05:34:59,993 [Time-limited test] INFO  ha.SCMHANodeDetails (ConfUtils.java:setNodeSpecificConfigs(97)) - Setting configuration key ozone.scm.datanode.address with value of key ozone.scm.datanode.address.scmServiceId.scmNode-1: 127.0.0.1:36365
2022-07-14 05:34:59,993 [Time-limited test] INFO  ha.SCMHANodeDetails (ConfUtils.java:setNodeSpecificConfigs(97)) - Setting configuration key ozone.scm.block.client.address with value of key ozone.scm.block.client.address.scmServiceId.scmNode-1: 127.0.0.1:44131
2022-07-14 05:34:59,993 [Time-limited test] INFO  ha.SCMHANodeDetails (ConfUtils.java:setNodeSpecificConfigs(97)) - Setting configuration key ozone.scm.client.address with value of key ozone.scm.client.address.scmServiceId.scmNode-1: 127.0.0.1:34295
2022-07-14 05:34:59,994 [Time-limited test] INFO  ha.SCMHANodeDetails (ConfUtils.java:setNodeSpecificConfigs(97)) - Setting configuration key ozone.scm.ratis.port with value of key ozone.scm.ratis.port.scmServiceId.scmNode-1: 44253
2022-07-14 05:34:59,994 [Time-limited test] INFO  ha.SCMHANodeDetails (ConfUtils.java:setNodeSpecificConfigs(97)) - Setting configuration key ozone.scm.grpc.port with value of key ozone.scm.grpc.port.scmServiceId.scmNode-1: 33825
2022-07-14 05:34:59,994 [Time-limited test] INFO  ha.SCMHANodeDetails (ConfUtils.java:setNodeSpecificConfigs(97)) - Setting configuration key ozone.scm.http-address with value of key ozone.scm.http-address.scmServiceId.scmNode-1: 127.0.0.1:44431
2022-07-14 05:34:59,995 [Time-limited test] INFO  ha.SCMHANodeDetails (ConfUtils.java:setNodeSpecificConfigs(97)) - Setting configuration key ozone.scm.https-address with value of key ozone.scm.https-address.scmServiceId.scmNode-1: 127.0.0.1:34073
2022-07-14 05:34:59,996 [Time-limited test] INFO  ha.SCMHANodeDetails (ConfUtils.java:setNodeSpecificConfigs(97)) - Setting configuration key ozone.scm.address with value of key ozone.scm.address.scmServiceId.scmNode-1: 127.0.0.1
2022-07-14 05:34:59,996 [Time-limited test] WARN  scm.ScmUtils (ScmUtils.java:logWarn(179)) - ConfigKey ozone.scm.block.client.address is deprecated, For configuring different ports for each SCM use PortConfigKey ozone.scm.block.client.port appended with serviceId and nodeId. If want to configure same port configure ozone.scm.block.client.port
2022-07-14 05:34:59,996 [Time-limited test] WARN  scm.ScmUtils (ScmUtils.java:logWarn(179)) - ConfigKey ozone.scm.client.address is deprecated, For configuring different ports for each SCM use PortConfigKey ozone.scm.client.port appended with serviceId and nodeId. If want to configure same port configure ozone.scm.client.port
2022-07-14 05:34:59,997 [Time-limited test] WARN  scm.ScmUtils (ScmUtils.java:logWarn(179)) - ConfigKey ozone.scm.datanode.address is deprecated, For configuring different ports for each SCM use PortConfigKey ozone.scm.datanode.port appended with serviceId and nodeId. If want to configure same port configure ozone.scm.datanode.port
2022-07-14 05:35:00,146 [Time-limited test] INFO  server.RaftServer (ConfUtils.java:logGet(46)) - raft.rpc.type = GRPC (default)
2022-07-14 05:35:00,277 [Time-limited test] INFO  grpc.GrpcFactory (GrpcFactory.java:checkPooledByteBufAllocatorUseCacheForAllThreads(48)) - PERFORMANCE WARNING: useCacheForAllThreads is true that may cause Netty to create a lot garbage objects and, as a result, trigger GC.
	It is recommended to disable useCacheForAllThreads by setting -Dorg.apache.ratis.thirdparty.io.netty.allocator.useCacheForAllThreads=false in command line.
2022-07-14 05:35:00,285 [Time-limited test] INFO  grpc.GrpcConfigKeys (ConfUtils.java:logGet(46)) - raft.grpc.admin.port = -1 (default)
2022-07-14 05:35:00,286 [Time-limited test] INFO  grpc.GrpcConfigKeys (ConfUtils.java:logGet(46)) - raft.grpc.server.port = 44253 (custom)
2022-07-14 05:35:00,287 [Time-limited test] INFO  grpc.GrpcConfigKeys (ConfUtils.java:logGet(46)) - raft.grpc.client.port = -1 (default)
2022-07-14 05:35:00,287 [Time-limited test] INFO  grpc.GrpcConfigKeys (ConfUtils.java:logGet(46)) - raft.grpc.server.port = 44253 (custom)
2022-07-14 05:35:00,288 [Time-limited test] INFO  grpc.GrpcConfigKeys (ConfUtils.java:logGet(46)) - raft.grpc.server.port = 44253 (custom)
2022-07-14 05:35:00,290 [Time-limited test] INFO  server.GrpcService (ConfUtils.java:logGet(46)) - raft.grpc.message.size.max = 32m (=33554432) (custom)
2022-07-14 05:35:00,292 [Time-limited test] INFO  server.RaftServerConfigKeys (ConfUtils.java:logGet(46)) - raft.server.log.appender.buffer.byte-limit = 33554432 (custom)
2022-07-14 05:35:00,293 [Time-limited test] INFO  server.GrpcService (ConfUtils.java:logGet(46)) - raft.grpc.flow.control.window = 1MB (=1048576) (default)
2022-07-14 05:35:00,294 [Time-limited test] INFO  server.RaftServerConfigKeys (ConfUtils.java:logGet(46)) - raft.server.rpc.request.timeout = 30000ms (custom)
2022-07-14 05:35:00,341 [Time-limited test] INFO  grpc.GrpcConfigKeys (ConfUtils.java:logGet(46)) - raft.grpc.server.async.request.thread.pool.cached = true (default)
2022-07-14 05:35:00,342 [Time-limited test] INFO  grpc.GrpcConfigKeys (ConfUtils.java:logGet(46)) - raft.grpc.server.async.request.thread.pool.size = 32 (default)
2022-07-14 05:35:00,808 [Time-limited test] INFO  impl.DataStreamServerImpl (ConfUtils.java:logGet(46)) - raft.datastream.type = DISABLED (default)
2022-07-14 05:35:00,814 [Time-limited test] INFO  server.RaftServerConfigKeys (ConfUtils.java:logGet(46)) - raft.server.threadpool.proxy.cached = true (default)
2022-07-14 05:35:00,814 [Time-limited test] INFO  server.RaftServerConfigKeys (ConfUtils.java:logGet(46)) - raft.server.threadpool.proxy.size = 0 (default)
2022-07-14 05:35:00,815 [Time-limited test] INFO  server.RaftServerConfigKeys (ConfUtils.java:logGet(46)) - raft.server.rpc.slowness.timeout = 120000ms (custom)
2022-07-14 05:35:00,815 [Time-limited test] INFO  server.RaftServerConfigKeys (ConfUtils.java:logGet(46)) - raft.server.leaderelection.leader.step-down.wait-time = 10s (default)
2022-07-14 05:35:00,821 [Time-limited test] INFO  server.RaftServerConfigKeys (ConfUtils.java:logGet(46)) - raft.server.storage.dir = [/home/runner/work/ozone/ozone/hadoop-ozone/integration-test/target/test-dir/MiniOzoneClusterImpl-252142cc-85ec-47ec-8abc-bbf74a919ed0/scmNode-1/scm-ha] (custom)
2022-07-14 05:35:00,833 [Time-limited test] INFO  server.RaftServer (RaftServerProxy.java:addNew(96)) - c5ffeb5e-3634-4360-91c9-d598b29e1477: addNew group-BBF74A919ED0:[c5ffeb5e-3634-4360-91c9-d598b29e1477|rpc:localhost:44253|priority:0] returns group-BBF74A919ED0:java.util.concurrent.CompletableFuture@425f8aa6[Not completed]
2022-07-14 05:35:00,869 [pool-2-thread-1] INFO  server.RaftServer$Division (RaftServerImpl.java:<init>(190)) - c5ffeb5e-3634-4360-91c9-d598b29e1477: new RaftServerImpl for group-BBF74A919ED0:[c5ffeb5e-3634-4360-91c9-d598b29e1477|rpc:localhost:44253|priority:0] with SCMStateMachine:uninitialized
2022-07-14 05:35:00,872 [pool-2-thread-1] INFO  server.RaftServerConfigKeys (ConfUtils.java:logGet(46)) - raft.server.rpc.timeout.min = 5000ms (custom)
2022-07-14 05:35:00,872 [pool-2-thread-1] INFO  server.RaftServerConfigKeys (ConfUtils.java:logGet(46)) - raft.server.rpc.timeout.max = 5200ms (custom)
2022-07-14 05:35:00,872 [pool-2-thread-1] INFO  server.RaftServerConfigKeys (ConfUtils.java:logGet(46)) - raft.server.rpc.sleep.time = 25ms (default)
2022-07-14 05:35:00,875 [pool-2-thread-1] INFO  server.RaftServerConfigKeys (ConfUtils.java:logGet(46)) - raft.server.rpc.slowness.timeout = 120000ms (custom)
2022-07-14 05:35:00,875 [pool-2-thread-1] INFO  server.RaftServerConfigKeys (ConfUtils.java:logGet(46)) - raft.server.leaderelection.leader.step-down.wait-time = 10s (default)
2022-07-14 05:35:00,876 [pool-2-thread-1] INFO  server.RaftServerConfigKeys (ConfUtils.java:logGet(46)) - raft.server.sleep.deviation.threshold = 300ms (default)
2022-07-14 05:35:00,893 [pool-2-thread-1] INFO  server.RaftServer$Division (ServerState.java:<init>(107)) - c5ffeb5e-3634-4360-91c9-d598b29e1477@group-BBF74A919ED0: ConfigurationManager, init=-1: [c5ffeb5e-3634-4360-91c9-d598b29e1477|rpc:localhost:44253|priority:0], old=null, confs=<EMPTY_MAP>
2022-07-14 05:35:00,894 [pool-2-thread-1] INFO  server.RaftServerConfigKeys (ConfUtils.java:logGet(46)) - raft.server.storage.dir = [/home/runner/work/ozone/ozone/hadoop-ozone/integration-test/target/test-dir/MiniOzoneClusterImpl-252142cc-85ec-47ec-8abc-bbf74a919ed0/scmNode-1/scm-ha] (custom)
2022-07-14 05:35:00,910 [pool-2-thread-1] INFO  server.RaftServerConfigKeys (ConfUtils.java:logGet(46)) - raft.server.log.corruption.policy = EXCEPTION (default)
2022-07-14 05:35:00,911 [pool-2-thread-1] INFO  server.RaftServerConfigKeys (ConfUtils.java:logGet(46)) - raft.server.storage.free-space.min = 0MB (=0) (default)
2022-07-14 05:35:00,913 [pool-2-thread-1] INFO  storage.RaftStorageDirectory (RaftStorageDirectoryImpl.java:analyzeStorage(135)) - The storage directory /home/runner/work/ozone/ozone/hadoop-ozone/integration-test/target/test-dir/MiniOzoneClusterImpl-252142cc-85ec-47ec-8abc-bbf74a919ed0/scmNode-1/scm-ha/252142cc-85ec-47ec-8abc-bbf74a919ed0 does not exist. Creating ...
2022-07-14 05:35:00,919 [pool-2-thread-1] INFO  storage.RaftStorageDirectory (RaftStorageDirectoryImpl.java:tryLock(230)) - Lock on /home/runner/work/ozone/ozone/hadoop-ozone/integration-test/target/test-dir/MiniOzoneClusterImpl-252142cc-85ec-47ec-8abc-bbf74a919ed0/scmNode-1/scm-ha/252142cc-85ec-47ec-8abc-bbf74a919ed0/in_use.lock acquired by nodename 26111@fv-az444-907
2022-07-14 05:35:00,927 [pool-2-thread-1] INFO  storage.RaftStorage (RaftStorageImpl.java:format(89)) - Storage directory /home/runner/work/ozone/ozone/hadoop-ozone/integration-test/target/test-dir/MiniOzoneClusterImpl-252142cc-85ec-47ec-8abc-bbf74a919ed0/scmNode-1/scm-ha/252142cc-85ec-47ec-8abc-bbf74a919ed0 has been successfully formatted.
2022-07-14 05:35:00,931 [pool-2-thread-1] INFO  server.RaftServerConfigKeys (ConfUtils.java:logGet(46)) - raft.server.notification.no-leader.timeout = 60s (default)
2022-07-14 05:35:00,933 [pool-2-thread-1] INFO  server.RaftServerConfigKeys (ConfUtils.java:logGet(46)) - raft.server.log.use.memory = false (default)
2022-07-14 05:35:00,944 [pool-2-thread-1] INFO  server.RaftServerConfigKeys (ConfUtils.java:logGet(46)) - raft.server.log.purge.gap = 1000000 (custom)
2022-07-14 05:35:00,944 [pool-2-thread-1] INFO  server.RaftServerConfigKeys (ConfUtils.java:logGet(46)) - raft.server.log.appender.buffer.byte-limit = 33554432 (custom)
2022-07-14 05:35:00,947 [pool-2-thread-1] INFO  server.RaftServerConfigKeys (ConfUtils.java:logGet(46)) - raft.server.log.statemachine.data.read.timeout = 1000ms (default)
2022-07-14 05:35:00,956 [pool-2-thread-1] INFO  metrics.MetricRegistries (MetricRegistriesLoader.java:load(64)) - Loaded MetricRegistries class org.apache.ratis.metrics.impl.MetricRegistriesImpl
2022-07-14 05:35:01,023 [pool-2-thread-1] INFO  server.RaftServerConfigKeys (ConfUtils.java:logGet(46)) - raft.server.log.segment.size.max = 4194304 (custom)
2022-07-14 05:35:01,042 [pool-2-thread-1] INFO  server.RaftServerConfigKeys (ConfUtils.java:logGet(46)) - raft.server.log.segment.cache.num.max = 2 (custom)
2022-07-14 05:35:01,042 [pool-2-thread-1] INFO  server.RaftServerConfigKeys (ConfUtils.java:logGet(46)) - raft.server.log.segment.cache.size.max = 200MB (=209715200) (default)
2022-07-14 05:35:01,050 [pool-2-thread-1] INFO  segmented.SegmentedRaftLogWorker (SegmentedRaftLogWorker.java:<init>(187)) - new c5ffeb5e-3634-4360-91c9-d598b29e1477@group-BBF74A919ED0-SegmentedRaftLogWorker for RaftStorageImpl:Storage Directory /home/runner/work/ozone/ozone/hadoop-ozone/integration-test/target/test-dir/MiniOzoneClusterImpl-252142cc-85ec-47ec-8abc-bbf74a919ed0/scmNode-1/scm-ha/252142cc-85ec-47ec-8abc-bbf74a919ed0
2022-07-14 05:35:01,050 [pool-2-thread-1] INFO  server.RaftServerConfigKeys (ConfUtils.java:logGet(46)) - raft.server.log.queue.byte-limit = 64MB (=67108864) (default)
2022-07-14 05:35:01,053 [pool-2-thread-1] INFO  server.RaftServerConfigKeys (ConfUtils.java:logGet(46)) - raft.server.log.queue.element-limit = 4096 (default)
2022-07-14 05:35:01,054 [pool-2-thread-1] INFO  server.RaftServerConfigKeys (ConfUtils.java:logGet(46)) - raft.server.log.segment.size.max = 4194304 (custom)
2022-07-14 05:35:01,055 [pool-2-thread-1] INFO  server.RaftServerConfigKeys (ConfUtils.java:logGet(46)) - raft.server.log.preallocated.size = 4194304 (custom)
2022-07-14 05:35:01,055 [pool-2-thread-1] INFO  server.RaftServerConfigKeys (ConfUtils.java:logGet(46)) - raft.server.log.force.sync.num = 128 (default)
2022-07-14 05:35:01,056 [pool-2-thread-1] INFO  server.RaftServerConfigKeys (ConfUtils.java:logGet(46)) - raft.server.log.statemachine.data.sync = true (default)
2022-07-14 05:35:01,057 [pool-2-thread-1] INFO  server.RaftServerConfigKeys (ConfUtils.java:logGet(46)) - raft.server.log.statemachine.data.sync.timeout = 10s (default)
2022-07-14 05:35:01,057 [pool-2-thread-1] INFO  server.RaftServerConfigKeys (ConfUtils.java:logGet(46)) - raft.server.log.statemachine.data.sync.timeout.retry = -1 (default)
2022-07-14 05:35:01,069 [pool-2-thread-1] INFO  server.RaftServerConfigKeys (ConfUtils.java:logGet(46)) - raft.server.log.write.buffer.size = 64KB (=65536) (default)
2022-07-14 05:35:01,070 [pool-2-thread-1] INFO  server.RaftServerConfigKeys (ConfUtils.java:logGet(46)) - raft.server.log.unsafe-flush.enabled = false (default)
2022-07-14 05:35:01,070 [pool-2-thread-1] INFO  server.RaftServerConfigKeys (ConfUtils.java:logGet(46)) - raft.server.log.statemachine.data.caching.enabled = false (default)
2022-07-14 05:35:01,079 [pool-2-thread-1] INFO  segmented.SegmentedRaftLogWorker (SegmentedRaftLogWorker.java:lambda$new$0(135)) - c5ffeb5e-3634-4360-91c9-d598b29e1477@group-BBF74A919ED0-SegmentedRaftLogWorker: flushIndex: setUnconditionally 0 -> -1
2022-07-14 05:35:01,079 [pool-2-thread-1] INFO  segmented.SegmentedRaftLogWorker (SegmentedRaftLogWorker.java:lambda$new$0(135)) - c5ffeb5e-3634-4360-91c9-d598b29e1477@group-BBF74A919ED0-SegmentedRaftLogWorker: safeCacheEvictIndex: setUnconditionally 0 -> -1
2022-07-14 05:35:01,085 [pool-2-thread-1] INFO  server.RaftServerConfigKeys (ConfUtils.java:logGet(46)) - raft.server.snapshot.auto.trigger.enabled = true (custom)
2022-07-14 05:35:01,085 [pool-2-thread-1] INFO  server.RaftServerConfigKeys (ConfUtils.java:logGet(46)) - raft.server.snapshot.auto.trigger.threshold = 1000 (custom)
2022-07-14 05:35:01,090 [pool-2-thread-1] INFO  server.RaftServerConfigKeys (ConfUtils.java:logGet(46)) - raft.server.snapshot.retention.file.num = -1 (default)
2022-07-14 05:35:01,091 [pool-2-thread-1] INFO  server.RaftServerConfigKeys (ConfUtils.java:logGet(46)) - raft.server.log.purge.upto.snapshot.index = false (default)
2022-07-14 05:35:01,094 [pool-2-thread-1] INFO  server.RaftServerConfigKeys (ConfUtils.java:logGet(46)) - raft.server.retrycache.expirytime = 60000ms (default)
2022-07-14 05:35:01,094 [pool-2-thread-1] INFO  server.RaftServerConfigKeys (ConfUtils.java:logGet(46)) - raft.server.retrycache.statistics.expirytime = 100μs (default)
2022-07-14 05:35:01,163 [pool-2-thread-1] INFO  server.RaftServerConfigKeys (ConfUtils.java:logGet(46)) - raft.server.log.appender.install.snapshot.enabled = false (custom)
2022-07-14 05:35:01,163 [pool-2-thread-1] INFO  server.RaftServerConfigKeys (ConfUtils.java:logGet(46)) - raft.server.threadpool.server.cached = true (default)
2022-07-14 05:35:01,164 [pool-2-thread-1] INFO  server.RaftServerConfigKeys (ConfUtils.java:logGet(46)) - raft.server.threadpool.server.size = 0 (default)
2022-07-14 05:35:01,164 [pool-2-thread-1] INFO  server.RaftServerConfigKeys (ConfUtils.java:logGet(46)) - raft.server.threadpool.client.cached = true (default)
2022-07-14 05:35:01,165 [pool-2-thread-1] INFO  server.RaftServerConfigKeys (ConfUtils.java:logGet(46)) - raft.server.threadpool.client.size = 0 (default)
2022-07-14 05:35:01,167 [c5ffeb5e-3634-4360-91c9-d598b29e1477-impl-thread1] INFO  server.RaftServer$Division (RaftServerImpl.java:start(310)) - c5ffeb5e-3634-4360-91c9-d598b29e1477@group-BBF74A919ED0: start as a follower, conf=-1: [c5ffeb5e-3634-4360-91c9-d598b29e1477|rpc:localhost:44253|priority:0], old=null
2022-07-14 05:35:01,167 [c5ffeb5e-3634-4360-91c9-d598b29e1477-impl-thread1] INFO  server.RaftServer$Division (RaftServerImpl.java:setRole(299)) - c5ffeb5e-3634-4360-91c9-d598b29e1477@group-BBF74A919ED0: changes role from      null to FOLLOWER at term 0 for startAsFollower
2022-07-14 05:35:01,168 [c5ffeb5e-3634-4360-91c9-d598b29e1477-impl-thread1] INFO  impl.RoleInfo (RoleInfo.java:updateAndGet(139)) - c5ffeb5e-3634-4360-91c9-d598b29e1477: start c5ffeb5e-3634-4360-91c9-d598b29e1477@group-BBF74A919ED0-FollowerState
2022-07-14 05:35:01,170 [c5ffeb5e-3634-4360-91c9-d598b29e1477-impl-thread1] INFO  util.JmxRegister (JmxRegister.java:tryRegister(44)) - Successfully registered JMX Bean with object name Ratis:service=RaftServer,group=group-BBF74A919ED0,id=c5ffeb5e-3634-4360-91c9-d598b29e1477
2022-07-14 05:35:01,175 [Time-limited test] INFO  server.RaftServer (RaftServerProxy.java:lambda$start$6(382)) - c5ffeb5e-3634-4360-91c9-d598b29e1477: start RPC server
2022-07-14 05:35:01,271 [Time-limited test] INFO  server.GrpcService (GrpcService.java:startImpl(260)) - c5ffeb5e-3634-4360-91c9-d598b29e1477: GrpcService started, listening on 44253
2022-07-14 05:35:01,278 [org.apache.ratis.util.JvmPauseMonitor$$Lambda$519/2035454069@689ce470] INFO  util.JvmPauseMonitor (JvmPauseMonitor.java:run(103)) - JvmPauseMonitor-c5ffeb5e-3634-4360-91c9-d598b29e1477: Started
2022-07-14 05:35:06,284 [c5ffeb5e-3634-4360-91c9-d598b29e1477@group-BBF74A919ED0-FollowerState] INFO  impl.FollowerState (FollowerState.java:run(143)) - c5ffeb5e-3634-4360-91c9-d598b29e1477@group-BBF74A919ED0-FollowerState: change to CANDIDATE, lastRpcElapsedTime:5115944385ns, electionTimeout:5109ms
2022-07-14 05:35:06,285 [c5ffeb5e-3634-4360-91c9-d598b29e1477@group-BBF74A919ED0-FollowerState] INFO  impl.RoleInfo (RoleInfo.java:shutdownFollowerState(110)) - c5ffeb5e-3634-4360-91c9-d598b29e1477: shutdown c5ffeb5e-3634-4360-91c9-d598b29e1477@group-BBF74A919ED0-FollowerState
2022-07-14 05:35:06,286 [c5ffeb5e-3634-4360-91c9-d598b29e1477@group-BBF74A919ED0-FollowerState] INFO  server.RaftServer$Division (RaftServerImpl.java:setRole(299)) - c5ffeb5e-3634-4360-91c9-d598b29e1477@group-BBF74A919ED0: changes role from  FOLLOWER to CANDIDATE at term 0 for changeToCandidate
2022-07-14 05:35:06,289 [c5ffeb5e-3634-4360-91c9-d598b29e1477@group-BBF74A919ED0-FollowerState] INFO  server.RaftServerConfigKeys (ConfUtils.java:logGet(46)) - raft.server.leaderelection.pre-vote = false (custom)
2022-07-14 05:35:06,289 [c5ffeb5e-3634-4360-91c9-d598b29e1477@group-BBF74A919ED0-FollowerState] INFO  impl.RoleInfo (RoleInfo.java:updateAndGet(139)) - c5ffeb5e-3634-4360-91c9-d598b29e1477: start c5ffeb5e-3634-4360-91c9-d598b29e1477@group-BBF74A919ED0-LeaderElection1
2022-07-14 05:35:06,310 [c5ffeb5e-3634-4360-91c9-d598b29e1477@group-BBF74A919ED0-LeaderElection1] INFO  impl.LeaderElection (LeaderElection.java:askForVotes(310)) - c5ffeb5e-3634-4360-91c9-d598b29e1477@group-BBF74A919ED0-LeaderElection1 ELECTION round 0: submit vote requests at term 1 for -1: [c5ffeb5e-3634-4360-91c9-d598b29e1477|rpc:localhost:44253|priority:0], old=null
2022-07-14 05:35:06,311 [c5ffeb5e-3634-4360-91c9-d598b29e1477@group-BBF74A919ED0-LeaderElection1] INFO  impl.LeaderElection (LeaderElection.java:askForVotes(312)) - c5ffeb5e-3634-4360-91c9-d598b29e1477@group-BBF74A919ED0-LeaderElection1 ELECTION round 0: result PASSED (term=1)
2022-07-14 05:35:06,312 [c5ffeb5e-3634-4360-91c9-d598b29e1477@group-BBF74A919ED0-LeaderElection1] INFO  impl.RoleInfo (RoleInfo.java:shutdownLeaderElection(130)) - c5ffeb5e-3634-4360-91c9-d598b29e1477: shutdown c5ffeb5e-3634-4360-91c9-d598b29e1477@group-BBF74A919ED0-LeaderElection1
2022-07-14 05:35:06,317 [c5ffeb5e-3634-4360-91c9-d598b29e1477@group-BBF74A919ED0-LeaderElection1] INFO  server.RaftServer$Division (RaftServerImpl.java:setRole(299)) - c5ffeb5e-3634-4360-91c9-d598b29e1477@group-BBF74A919ED0: changes role from CANDIDATE to LEADER at term 1 for changeToLeader
2022-07-14 05:35:06,317 [c5ffeb5e-3634-4360-91c9-d598b29e1477@group-BBF74A919ED0-LeaderElection1] INFO  server.RaftServer$Division (ServerState.java:setLeader(287)) - c5ffeb5e-3634-4360-91c9-d598b29e1477@group-BBF74A919ED0: change Leader from null to c5ffeb5e-3634-4360-91c9-d598b29e1477 at term 1 for becomeLeader, leader elected after 5386ms
2022-07-14 05:35:06,325 [c5ffeb5e-3634-4360-91c9-d598b29e1477@group-BBF74A919ED0-LeaderElection1] INFO  server.RaftServerConfigKeys (ConfUtils.java:logGet(46)) - raft.server.staging.catchup.gap = 1000 (default)
2022-07-14 05:35:06,331 [c5ffeb5e-3634-4360-91c9-d598b29e1477@group-BBF74A919ED0-LeaderElection1] INFO  server.RaftServerConfigKeys (ConfUtils.java:logGet(46)) - raft.server.write.element-limit = 4096 (default)
2022-07-14 05:35:06,332 [c5ffeb5e-3634-4360-91c9-d598b29e1477@group-BBF74A919ED0-LeaderElection1] INFO  server.RaftServerConfigKeys (ConfUtils.java:logGet(46)) - raft.server.write.byte-limit = 64MB (=67108864) (default)
2022-07-14 05:35:06,343 [c5ffeb5e-3634-4360-91c9-d598b29e1477@group-BBF74A919ED0-LeaderElection1] INFO  server.RaftServerConfigKeys (ConfUtils.java:logGet(46)) - raft.server.watch.timeout = 10s (default)
2022-07-14 05:35:06,343 [c5ffeb5e-3634-4360-91c9-d598b29e1477@group-BBF74A919ED0-LeaderElection1] INFO  server.RaftServerConfigKeys (ConfUtils.java:logGet(46)) - raft.server.watch.timeout.denomination = 1s (default)
2022-07-14 05:35:06,345 [c5ffeb5e-3634-4360-91c9-d598b29e1477@group-BBF74A919ED0-LeaderElection1] INFO  server.RaftServerConfigKeys (ConfUtils.java:logGet(46)) - raft.server.watch.element-limit = 65536 (default)
2022-07-14 05:35:06,351 [c5ffeb5e-3634-4360-91c9-d598b29e1477@group-BBF74A919ED0-LeaderElection1] INFO  server.RaftServerConfigKeys (ConfUtils.java:logGet(46)) - raft.server.write.element-limit = 4096 (default)
2022-07-14 05:35:06,353 [c5ffeb5e-3634-4360-91c9-d598b29e1477@group-BBF74A919ED0-LeaderElection1] INFO  server.RaftServerConfigKeys (ConfUtils.java:logGet(46)) - raft.server.write.follower.gap.ratio.max = -1.0 (default)
2022-07-14 05:35:06,356 [c5ffeb5e-3634-4360-91c9-d598b29e1477@group-BBF74A919ED0-LeaderElection1] INFO  impl.RoleInfo (RoleInfo.java:updateAndGet(139)) - c5ffeb5e-3634-4360-91c9-d598b29e1477: start c5ffeb5e-3634-4360-91c9-d598b29e1477@group-BBF74A919ED0-LeaderStateImpl
2022-07-14 05:35:06,387 [c5ffeb5e-3634-4360-91c9-d598b29e1477@group-BBF74A919ED0-LeaderElection1] INFO  segmented.SegmentedRaftLogWorker (SegmentedRaftLogWorker.java:startLogSegment(425)) - c5ffeb5e-3634-4360-91c9-d598b29e1477@group-BBF74A919ED0-SegmentedRaftLogWorker: Starting segment from index:0
2022-07-14 05:35:06,424 [c5ffeb5e-3634-4360-91c9-d598b29e1477@group-BBF74A919ED0-LeaderElection1] INFO  server.RaftServer$Division (ServerState.java:setRaftConf(393)) - c5ffeb5e-3634-4360-91c9-d598b29e1477@group-BBF74A919ED0: set configuration 0: [c5ffeb5e-3634-4360-91c9-d598b29e1477|rpc:localhost:44253|admin:|client:|dataStream:|priority:0], old=null
2022-07-14 05:35:06,494 [c5ffeb5e-3634-4360-91c9-d598b29e1477@group-BBF74A919ED0-SegmentedRaftLogWorker] INFO  segmented.SegmentedRaftLogWorker (SegmentedRaftLogWorker.java:execute(629)) - c5ffeb5e-3634-4360-91c9-d598b29e1477@group-BBF74A919ED0-SegmentedRaftLogWorker: created new log segment /home/runner/work/ozone/ozone/hadoop-ozone/integration-test/target/test-dir/MiniOzoneClusterImpl-252142cc-85ec-47ec-8abc-bbf74a919ed0/scmNode-1/scm-ha/252142cc-85ec-47ec-8abc-bbf74a919ed0/current/log_inprogress_0
2022-07-14 05:35:07,280 [Time-limited test] INFO  server.RaftServer (RaftServerProxy.java:lambda$close$7(398)) - c5ffeb5e-3634-4360-91c9-d598b29e1477: close
2022-07-14 05:35:07,282 [Time-limited test] INFO  server.RaftServer$Division (RaftServerImpl.java:lambda$close$4(434)) - c5ffeb5e-3634-4360-91c9-d598b29e1477@group-BBF74A919ED0: shutdown
2022-07-14 05:35:07,283 [Time-limited test] INFO  util.JmxRegister (JmxRegister.java:unregister(73)) - Successfully un-registered JMX Bean with object name Ratis:service=RaftServer,group=group-BBF74A919ED0,id=c5ffeb5e-3634-4360-91c9-d598b29e1477
2022-07-14 05:35:07,283 [Time-limited test] INFO  impl.RoleInfo (RoleInfo.java:shutdownLeaderState(93)) - c5ffeb5e-3634-4360-91c9-d598b29e1477: shutdown c5ffeb5e-3634-4360-91c9-d598b29e1477@group-BBF74A919ED0-LeaderStateImpl
2022-07-14 05:35:07,291 [Time-limited test] INFO  impl.PendingRequests (PendingRequests.java:sendNotLeaderResponses(282)) - c5ffeb5e-3634-4360-91c9-d598b29e1477@group-BBF74A919ED0-PendingRequests: sendNotLeaderResponses
2022-07-14 05:35:07,293 [Time-limited test] INFO  impl.StateMachineUpdater (StateMachineUpdater.java:stopAndJoin(153)) - c5ffeb5e-3634-4360-91c9-d598b29e1477@group-BBF74A919ED0-StateMachineUpdater: set stopIndex = 0
2022-07-14 05:35:07,295 [c5ffeb5e-3634-4360-91c9-d598b29e1477@group-BBF74A919ED0-StateMachineUpdater] INFO  impl.StateMachineUpdater (StateMachineUpdater.java:takeSnapshot(287)) - c5ffeb5e-3634-4360-91c9-d598b29e1477@group-BBF74A919ED0-StateMachineUpdater: Took a snapshot at index 0
2022-07-14 05:35:07,295 [c5ffeb5e-3634-4360-91c9-d598b29e1477@group-BBF74A919ED0-StateMachineUpdater] INFO  impl.StateMachineUpdater (StateMachineUpdater.java:lambda$new$0(92)) - c5ffeb5e-3634-4360-91c9-d598b29e1477@group-BBF74A919ED0-StateMachineUpdater: snapshotIndex: updateIncreasingly -1 -> 0
2022-07-14 05:35:07,298 [Time-limited test] INFO  server.RaftServer$Division (ServerState.java:close(429)) - c5ffeb5e-3634-4360-91c9-d598b29e1477@group-BBF74A919ED0: closes. applyIndex: 0
2022-07-14 05:35:07,300 [c5ffeb5e-3634-4360-91c9-d598b29e1477@group-BBF74A919ED0-SegmentedRaftLogWorker] INFO  segmented.SegmentedRaftLogWorker (SegmentedRaftLogWorker.java:run(336)) - c5ffeb5e-3634-4360-91c9-d598b29e1477@group-BBF74A919ED0-SegmentedRaftLogWorker was interrupted, exiting. There are 0 tasks remaining in the queue.
2022-07-14 05:35:07,311 [Time-limited test] INFO  segmented.SegmentedRaftLogWorker (SegmentedRaftLogWorker.java:close(246)) - c5ffeb5e-3634-4360-91c9-d598b29e1477@group-BBF74A919ED0-SegmentedRaftLogWorker close()
2022-07-14 05:35:07,313 [Time-limited test] INFO  server.GrpcService (GrpcService.java:closeImpl(269)) - c5ffeb5e-3634-4360-91c9-d598b29e1477: shutdown server with port 44253 now
2022-07-14 05:35:07,329 [Time-limited test] INFO  server.GrpcService (GrpcService.java:closeImpl(278)) - c5ffeb5e-3634-4360-91c9-d598b29e1477: shutdown server with port 44253 successfully
2022-07-14 05:35:07,330 [org.apache.ratis.util.JvmPauseMonitor$$Lambda$519/2035454069@689ce470] INFO  util.JvmPauseMonitor (JvmPauseMonitor.java:run(109)) - JvmPauseMonitor-c5ffeb5e-3634-4360-91c9-d598b29e1477: Stopped
2022-07-14 05:35:07,330 [Time-limited test] WARN  server.ServerUtils (ServerUtils.java:getScmDbDir(148)) - ozone.scm.db.dirs is not configured. We recommend adding this setting. Falling back to ozone.metadata.dirs instead.
2022-07-14 05:35:07,336 [Time-limited test] INFO  server.StorageContainerManager (StorageContainerManager.java:scmInit(1202)) - SCM initialization succeeded. Current cluster id for sd=/home/runner/work/ozone/ozone/hadoop-ozone/integration-test/target/test-dir/MiniOzoneClusterImpl-252142cc-85ec-47ec-8abc-bbf74a919ed0/scmNode-1/scm; cid=252142cc-85ec-47ec-8abc-bbf74a919ed0; layoutVersion=4; scmId=c5ffeb5e-3634-4360-91c9-d598b29e1477
2022-07-14 05:35:07,352 [Time-limited test] WARN  server.ServerUtils (ServerUtils.java:getScmDbDir(148)) - ozone.scm.db.dirs is not configured. We recommend adding this setting. Falling back to ozone.metadata.dirs instead.
2022-07-14 05:35:07,354 [Time-limited test] INFO  ha.SCMHANodeDetails (SCMHANodeDetails.java:loadSCMHAConfig(209)) - ServiceID for StorageContainerManager is scmServiceId
2022-07-14 05:35:07,354 [Time-limited test] INFO  ha.SCMHANodeDetails (SCMHANodeDetails.java:loadSCMHAConfig(220)) - ServiceID for StorageContainerManager is scmServiceId
2022-07-14 05:35:07,355 [Time-limited test] WARN  scm.ScmUtils (ScmUtils.java:logWarn(179)) - ConfigKey ozone.scm.block.client.address is deprecated, For configuring different ports for each SCM use PortConfigKey ozone.scm.block.client.port appended with serviceId and nodeId. If want to configure same port configure ozone.scm.block.client.port
2022-07-14 05:35:07,356 [Time-limited test] WARN  scm.ScmUtils (ScmUtils.java:logWarn(179)) - ConfigKey ozone.scm.client.address is deprecated, For configuring different ports for each SCM use PortConfigKey ozone.scm.client.port appended with serviceId and nodeId. If want to configure same port configure ozone.scm.client.port
2022-07-14 05:35:07,356 [Time-limited test] WARN  scm.ScmUtils (ScmUtils.java:logWarn(179)) - ConfigKey ozone.scm.datanode.address is deprecated, For configuring different ports for each SCM use PortConfigKey ozone.scm.datanode.port appended with serviceId and nodeId. If want to configure same port configure ozone.scm.datanode.port
2022-07-14 05:35:07,357 [Time-limited test] WARN  scm.ScmUtils (ScmUtils.java:logWarn(179)) - ConfigKey ozone.scm.block.client.address is deprecated, For configuring different ports for each SCM use PortConfigKey ozone.scm.block.client.port appended with serviceId and nodeId. If want to configure same port configure ozone.scm.block.client.port
2022-07-14 05:35:07,357 [Time-limited test] WARN  scm.ScmUtils (ScmUtils.java:logWarn(179)) - ConfigKey ozone.scm.client.address is deprecated, For configuring different ports for each SCM use PortConfigKey ozone.scm.client.port appended with serviceId and nodeId. If want to configure same port configure ozone.scm.client.port
2022-07-14 05:35:07,359 [Time-limited test] WARN  scm.ScmUtils (ScmUtils.java:logWarn(179)) - ConfigKey ozone.scm.datanode.address is deprecated, For configuring different ports for each SCM use PortConfigKey ozone.scm.datanode.port appended with serviceId and nodeId. If want to configure same port configure ozone.scm.datanode.port
2022-07-14 05:35:07,359 [Time-limited test] INFO  ha.SCMHANodeDetails (SCMHANodeDetails.java:loadSCMHAConfig(307)) - Found matching SCM address with SCMServiceId: scmServiceId, SCMNodeId: scmNode-1, RPC Address: localhost:44253 and Ratis port: 44253
2022-07-14 05:35:07,360 [Time-limited test] INFO  ha.SCMHANodeDetails (ConfUtils.java:setNodeSpecificConfigs(97)) - Setting configuration key ozone.scm.datanode.address with value of key ozone.scm.datanode.address.scmServiceId.scmNode-1: 127.0.0.1:36365
2022-07-14 05:35:07,360 [Time-limited test] INFO  ha.SCMHANodeDetails (ConfUtils.java:setNodeSpecificConfigs(97)) - Setting configuration key ozone.scm.block.client.address with value of key ozone.scm.block.client.address.scmServiceId.scmNode-1: 127.0.0.1:44131
2022-07-14 05:35:07,360 [Time-limited test] INFO  ha.SCMHANodeDetails (ConfUtils.java:setNodeSpecificConfigs(97)) - Setting configuration key ozone.scm.client.address with value of key ozone.scm.client.address.scmServiceId.scmNode-1: 127.0.0.1:34295
2022-07-14 05:35:07,360 [Time-limited test] INFO  ha.SCMHANodeDetails (ConfUtils.java:setNodeSpecificConfigs(97)) - Setting configuration key ozone.scm.ratis.port with value of key ozone.scm.ratis.port.scmServiceId.scmNode-1: 44253
2022-07-14 05:35:07,360 [Time-limited test] INFO  ha.SCMHANodeDetails (ConfUtils.java:setNodeSpecificConfigs(97)) - Setting configuration key ozone.scm.grpc.port with value of key ozone.scm.grpc.port.scmServiceId.scmNode-1: 33825
2022-07-14 05:35:07,360 [Time-limited test] INFO  ha.SCMHANodeDetails (ConfUtils.java:setNodeSpecificConfigs(97)) - Setting configuration key ozone.scm.http-address with value of key ozone.scm.http-address.scmServiceId.scmNode-1: 127.0.0.1:44431
2022-07-14 05:35:07,360 [Time-limited test] INFO  ha.SCMHANodeDetails (ConfUtils.java:setNodeSpecificConfigs(97)) - Setting configuration key ozone.scm.https-address with value of key ozone.scm.https-address.scmServiceId.scmNode-1: 127.0.0.1:34073
2022-07-14 05:35:07,361 [Time-limited test] INFO  ha.SCMHANodeDetails (ConfUtils.java:setNodeSpecificConfigs(97)) - Setting configuration key ozone.scm.address with value of key ozone.scm.address.scmServiceId.scmNode-1: 127.0.0.1
2022-07-14 05:35:07,361 [Time-limited test] WARN  scm.ScmUtils (ScmUtils.java:logWarn(179)) - ConfigKey ozone.scm.block.client.address is deprecated, For configuring different ports for each SCM use PortConfigKey ozone.scm.block.client.port appended with serviceId and nodeId. If want to configure same port configure ozone.scm.block.client.port
2022-07-14 05:35:07,361 [Time-limited test] WARN  scm.ScmUtils (ScmUtils.java:logWarn(179)) - ConfigKey ozone.scm.client.address is deprecated, For configuring different ports for each SCM use PortConfigKey ozone.scm.client.port appended with serviceId and nodeId. If want to configure same port configure ozone.scm.client.port
2022-07-14 05:35:07,361 [Time-limited test] WARN  scm.ScmUtils (ScmUtils.java:logWarn(179)) - ConfigKey ozone.scm.datanode.address is deprecated, For configuring different ports for each SCM use PortConfigKey ozone.scm.datanode.port appended with serviceId and nodeId. If want to configure same port configure ozone.scm.datanode.port
2022-07-14 05:35:07,869 [Time-limited test] WARN  utils.HAUtils (HAUtils.java:getMetaDir(342)) - ozone.scm.db.dirs is not configured. We recommend adding this setting. Falling back to ozone.metadata.dirs instead.
2022-07-14 05:35:08,022 [Time-limited test] WARN  db.DBStoreBuilder (DBStoreBuilder.java:applyDBDefinition(145)) - ozone.scm.db.dirs is not configured. We recommend adding this setting. Falling back to ozone.metadata.dirs instead.
2022-07-14 05:35:08,290 [Time-limited test] INFO  net.NodeSchemaLoader (NodeSchemaLoader.java:loadSchemaFromFile(129)) - Loading schema from [jar:file:/home/runner/.m2/repository/org/apache/ozone/hdds-common/1.3.0-SNAPSHOT/hdds-common-1.3.0-SNAPSHOT.jar!/network-topology-default.xml]
2022-07-14 05:35:08,293 [Time-limited test] INFO  net.NodeSchemaLoader (NodeSchemaLoader.java:loadSchema(176)) - Loading network topology layer schema file
2022-07-14 05:35:08,370 [Time-limited test] INFO  ha.SCMRatisServerImpl (SCMRatisServerImpl.java:<init>(88)) - starting Raft server for scm:c5ffeb5e-3634-4360-91c9-d598b29e1477
2022-07-14 05:35:08,378 [Time-limited test] INFO  server.RaftServer (ConfUtils.java:logGet(46)) - raft.rpc.type = GRPC (default)
2022-07-14 05:35:08,379 [Time-limited test] INFO  grpc.GrpcFactory (GrpcFactory.java:checkPooledByteBufAllocatorUseCacheForAllThreads(48)) - PERFORMANCE WARNING: useCacheForAllThreads is true that may cause Netty to create a lot garbage objects and, as a result, trigger GC.
	It is recommended to disable useCacheForAllThreads by setting -Dorg.apache.ratis.thirdparty.io.netty.allocator.useCacheForAllThreads=false in command line.
2022-07-14 05:35:08,379 [Time-limited test] INFO  grpc.GrpcConfigKeys (ConfUtils.java:logGet(46)) - raft.grpc.admin.port = -1 (default)
2022-07-14 05:35:08,379 [Time-limited test] INFO  grpc.GrpcConfigKeys (ConfUtils.java:logGet(46)) - raft.grpc.server.port = 44253 (custom)
2022-07-14 05:35:08,379 [Time-limited test] INFO  grpc.GrpcConfigKeys (ConfUtils.java:logGet(46)) - raft.grpc.client.port = -1 (default)
2022-07-14 05:35:08,380 [Time-limited test] INFO  grpc.GrpcConfigKeys (ConfUtils.java:logGet(46)) - raft.grpc.server.port = 44253 (custom)
2022-07-14 05:35:08,380 [Time-limited test] INFO  grpc.GrpcConfigKeys (ConfUtils.java:logGet(46)) - raft.grpc.server.port = 44253 (custom)
2022-07-14 05:35:08,380 [Time-limited test] INFO  server.GrpcService (ConfUtils.java:logGet(46)) - raft.grpc.message.size.max = 32m (=33554432) (custom)
2022-07-14 05:35:08,380 [Time-limited test] INFO  server.RaftServerConfigKeys (ConfUtils.java:logGet(46)) - raft.server.log.appender.buffer.byte-limit = 33554432 (custom)
2022-07-14 05:35:08,380 [Time-limited test] INFO  server.GrpcService (ConfUtils.java:logGet(46)) - raft.grpc.flow.control.window = 1MB (=1048576) (default)
2022-07-14 05:35:08,381 [Time-limited test] INFO  server.RaftServerConfigKeys (ConfUtils.java:logGet(46)) - raft.server.rpc.request.timeout = 30000ms (custom)
2022-07-14 05:35:08,381 [Time-limited test] INFO  grpc.GrpcConfigKeys (ConfUtils.java:logGet(46)) - raft.grpc.server.async.request.thread.pool.cached = true (default)
2022-07-14 05:35:08,381 [Time-limited test] INFO  grpc.GrpcConfigKeys (ConfUtils.java:logGet(46)) - raft.grpc.server.async.request.thread.pool.size = 32 (default)
2022-07-14 05:35:08,383 [Time-limited test] INFO  impl.DataStreamServerImpl (ConfUtils.java:logGet(46)) - raft.datastream.type = DISABLED (default)
2022-07-14 05:35:08,383 [Time-limited test] INFO  server.RaftServerConfigKeys (ConfUtils.java:logGet(46)) - raft.server.threadpool.proxy.cached = true (default)
2022-07-14 05:35:08,384 [Time-limited test] INFO  server.RaftServerConfigKeys (ConfUtils.java:logGet(46)) - raft.server.threadpool.proxy.size = 0 (default)
2022-07-14 05:35:08,384 [Time-limited test] INFO  server.RaftServerConfigKeys (ConfUtils.java:logGet(46)) - raft.server.rpc.slowness.timeout = 120000ms (custom)
2022-07-14 05:35:08,384 [Time-limited test] INFO  server.RaftServerConfigKeys (ConfUtils.java:logGet(46)) - raft.server.leaderelection.leader.step-down.wait-time = 10s (default)
2022-07-14 05:35:08,384 [Time-limited test] INFO  server.RaftServerConfigKeys (ConfUtils.java:logGet(46)) - raft.server.storage.dir = [/home/runner/work/ozone/ozone/hadoop-ozone/integration-test/target/test-dir/MiniOzoneClusterImpl-252142cc-85ec-47ec-8abc-bbf74a919ed0/scmNode-1/scm-ha] (custom)
2022-07-14 05:35:08,385 [c5ffeb5e-3634-4360-91c9-d598b29e1477-impl-thread1] INFO  server.RaftServer (RaftServerProxy.java:initGroupDir(247)) - c5ffeb5e-3634-4360-91c9-d598b29e1477: found a subdirectory /home/runner/work/ozone/ozone/hadoop-ozone/integration-test/target/test-dir/MiniOzoneClusterImpl-252142cc-85ec-47ec-8abc-bbf74a919ed0/scmNode-1/scm-ha/252142cc-85ec-47ec-8abc-bbf74a919ed0
2022-07-14 05:35:08,386 [Time-limited test] INFO  server.RaftServer (RaftServerProxy.java:addNew(96)) - c5ffeb5e-3634-4360-91c9-d598b29e1477: addNew group-BBF74A919ED0:[] returns group-BBF74A919ED0:java.util.concurrent.CompletableFuture@3371a02c[Not completed]
2022-07-14 05:35:08,394 [pool-19-thread-1] INFO  server.RaftServer$Division (RaftServerImpl.java:<init>(190)) - c5ffeb5e-3634-4360-91c9-d598b29e1477: new RaftServerImpl for group-BBF74A919ED0:[] with SCMStateMachine:uninitialized
2022-07-14 05:35:08,397 [pool-19-thread-1] INFO  server.RaftServerConfigKeys (ConfUtils.java:logGet(46)) - raft.server.rpc.timeout.min = 5000ms (custom)
2022-07-14 05:35:08,397 [pool-19-thread-1] INFO  server.RaftServerConfigKeys (ConfUtils.java:logGet(46)) - raft.server.rpc.timeout.max = 5200ms (custom)
2022-07-14 05:35:08,397 [pool-19-thread-1] INFO  server.RaftServerConfigKeys (ConfUtils.java:logGet(46)) - raft.server.rpc.sleep.time = 25ms (default)
2022-07-14 05:35:08,398 [pool-19-thread-1] INFO  server.RaftServerConfigKeys (ConfUtils.java:logGet(46)) - raft.server.rpc.slowness.timeout = 120000ms (custom)
2022-07-14 05:35:08,398 [pool-19-thread-1] INFO  server.RaftServerConfigKeys (ConfUtils.java:logGet(46)) - raft.server.leaderelection.leader.step-down.wait-time = 10s (default)
2022-07-14 05:35:08,401 [pool-19-thread-1] INFO  server.RaftServerConfigKeys (ConfUtils.java:logGet(46)) - raft.server.sleep.deviation.threshold = 300ms (default)
2022-07-14 05:35:08,401 [pool-19-thread-1] INFO  server.RaftServer$Division (ServerState.java:<init>(107)) - c5ffeb5e-3634-4360-91c9-d598b29e1477@group-BBF74A919ED0: ConfigurationManager, init=-1: [], old=null, confs=<EMPTY_MAP>
2022-07-14 05:35:08,401 [pool-19-thread-1] INFO  server.RaftServerConfigKeys (ConfUtils.java:logGet(46)) - raft.server.storage.dir = [/home/runner/work/ozone/ozone/hadoop-ozone/integration-test/target/test-dir/MiniOzoneClusterImpl-252142cc-85ec-47ec-8abc-bbf74a919ed0/scmNode-1/scm-ha] (custom)
2022-07-14 05:35:08,402 [pool-19-thread-1] INFO  server.RaftServerConfigKeys (ConfUtils.java:logGet(46)) - raft.server.log.corruption.policy = EXCEPTION (default)
2022-07-14 05:35:08,402 [pool-19-thread-1] INFO  server.RaftServerConfigKeys (ConfUtils.java:logGet(46)) - raft.server.storage.free-space.min = 0MB (=0) (default)
2022-07-14 05:35:08,405 [pool-19-thread-1] INFO  storage.RaftStorageDirectory (RaftStorageDirectoryImpl.java:tryLock(230)) - Lock on /home/runner/work/ozone/ozone/hadoop-ozone/integration-test/target/test-dir/MiniOzoneClusterImpl-252142cc-85ec-47ec-8abc-bbf74a919ed0/scmNode-1/scm-ha/252142cc-85ec-47ec-8abc-bbf74a919ed0/in_use.lock acquired by nodename 26111@fv-az444-907
2022-07-14 05:35:08,406 [pool-19-thread-1] INFO  storage.RaftStorage (RaftStorageImpl.java:analyzeAndRecoverStorage(110)) - Read RaftStorageMetadata{term=1, votedFor=c5ffeb5e-3634-4360-91c9-d598b29e1477} from /home/runner/work/ozone/ozone/hadoop-ozone/integration-test/target/test-dir/MiniOzoneClusterImpl-252142cc-85ec-47ec-8abc-bbf74a919ed0/scmNode-1/scm-ha/252142cc-85ec-47ec-8abc-bbf74a919ed0/current/raft-meta
2022-07-14 05:35:08,416 [pool-19-thread-1] INFO  server.RaftServer$Division (ServerState.java:setRaftConf(393)) - c5ffeb5e-3634-4360-91c9-d598b29e1477@group-BBF74A919ED0: set configuration 0: [c5ffeb5e-3634-4360-91c9-d598b29e1477|rpc:localhost:44253|admin:|client:|dataStream:|priority:0], old=null
2022-07-14 05:35:08,416 [pool-19-thread-1] INFO  server.RaftServerConfigKeys (ConfUtils.java:logGet(46)) - raft.server.notification.no-leader.timeout = 60s (default)
2022-07-14 05:35:08,416 [pool-19-thread-1] INFO  server.RaftServerConfigKeys (ConfUtils.java:logGet(46)) - raft.server.log.use.memory = false (default)
2022-07-14 05:35:08,417 [pool-19-thread-1] INFO  server.RaftServerConfigKeys (ConfUtils.java:logGet(46)) - raft.server.log.purge.gap = 1000000 (custom)
2022-07-14 05:35:08,417 [pool-19-thread-1] INFO  server.RaftServerConfigKeys (ConfUtils.java:logGet(46)) - raft.server.log.appender.buffer.byte-limit = 33554432 (custom)
2022-07-14 05:35:08,417 [pool-19-thread-1] INFO  server.RaftServerConfigKeys (ConfUtils.java:logGet(46)) - raft.server.log.statemachine.data.read.timeout = 1000ms (default)
2022-07-14 05:35:08,420 [pool-19-thread-1] INFO  server.RaftServerConfigKeys (ConfUtils.java:logGet(46)) - raft.server.log.segment.size.max = 4194304 (custom)
2022-07-14 05:35:08,421 [pool-19-thread-1] INFO  server.RaftServerConfigKeys (ConfUtils.java:logGet(46)) - raft.server.log.segment.cache.num.max = 2 (custom)
2022-07-14 05:35:08,421 [pool-19-thread-1] INFO  server.RaftServerConfigKeys (ConfUtils.java:logGet(46)) - raft.server.log.segment.cache.size.max = 200MB (=209715200) (default)
2022-07-14 05:35:08,421 [pool-19-thread-1] INFO  segmented.SegmentedRaftLogWorker (SegmentedRaftLogWorker.java:<init>(187)) - new c5ffeb5e-3634-4360-91c9-d598b29e1477@group-BBF74A919ED0-SegmentedRaftLogWorker for RaftStorageImpl:Storage Directory /home/runner/work/ozone/ozone/hadoop-ozone/integration-test/target/test-dir/MiniOzoneClusterImpl-252142cc-85ec-47ec-8abc-bbf74a919ed0/scmNode-1/scm-ha/252142cc-85ec-47ec-8abc-bbf74a919ed0
2022-07-14 05:35:08,421 [pool-19-thread-1] INFO  server.RaftServerConfigKeys (ConfUtils.java:logGet(46)) - raft.server.log.queue.byte-limit = 64MB (=67108864) (default)
2022-07-14 05:35:08,421 [pool-19-thread-1] INFO  server.RaftServerConfigKeys (ConfUtils.java:logGet(46)) - raft.server.log.queue.element-limit = 4096 (default)
2022-07-14 05:35:08,421 [pool-19-thread-1] INFO  server.RaftServerConfigKeys (ConfUtils.java:logGet(46)) - raft.server.log.segment.size.max = 4194304 (custom)
2022-07-14 05:35:08,422 [pool-19-thread-1] INFO  server.RaftServerConfigKeys (ConfUtils.java:logGet(46)) - raft.server.log.preallocated.size = 4194304 (custom)
2022-07-14 05:35:08,423 [pool-19-thread-1] INFO  server.RaftServerConfigKeys (ConfUtils.java:logGet(46)) - raft.server.log.force.sync.num = 128 (default)
2022-07-14 05:35:08,423 [pool-19-thread-1] INFO  server.RaftServerConfigKeys (ConfUtils.java:logGet(46)) - raft.server.log.statemachine.data.sync = true (default)
2022-07-14 05:35:08,423 [pool-19-thread-1] INFO  server.RaftServerConfigKeys (ConfUtils.java:logGet(46)) - raft.server.log.statemachine.data.sync.timeout = 10s (default)
2022-07-14 05:35:08,424 [pool-19-thread-1] INFO  server.RaftServerConfigKeys (ConfUtils.java:logGet(46)) - raft.server.log.statemachine.data.sync.timeout.retry = -1 (default)
2022-07-14 05:35:08,426 [pool-19-thread-1] INFO  server.RaftServerConfigKeys (ConfUtils.java:logGet(46)) - raft.server.log.write.buffer.size = 64KB (=65536) (default)
2022-07-14 05:35:08,427 [pool-19-thread-1] INFO  server.RaftServerConfigKeys (ConfUtils.java:logGet(46)) - raft.server.log.unsafe-flush.enabled = false (default)
2022-07-14 05:35:08,427 [pool-19-thread-1] INFO  server.RaftServerConfigKeys (ConfUtils.java:logGet(46)) - raft.server.log.statemachine.data.caching.enabled = false (default)
2022-07-14 05:35:08,438 [pool-19-thread-1] INFO  server.RaftServer$Division (ServerState.java:setRaftConf(393)) - c5ffeb5e-3634-4360-91c9-d598b29e1477@group-BBF74A919ED0: set configuration 0: [c5ffeb5e-3634-4360-91c9-d598b29e1477|rpc:localhost:44253|admin:|client:|dataStream:|priority:0], old=null
2022-07-14 05:35:08,438 [pool-19-thread-1] INFO  segmented.LogSegment (LogSegment.java:loadSegment(173)) - Successfully read 1 entries from segment file /home/runner/work/ozone/ozone/hadoop-ozone/integration-test/target/test-dir/MiniOzoneClusterImpl-252142cc-85ec-47ec-8abc-bbf74a919ed0/scmNode-1/scm-ha/252142cc-85ec-47ec-8abc-bbf74a919ed0/current/log_inprogress_0
2022-07-14 05:35:08,439 [pool-19-thread-1] INFO  segmented.SegmentedRaftLogWorker (SegmentedRaftLogWorker.java:lambda$new$0(135)) - c5ffeb5e-3634-4360-91c9-d598b29e1477@group-BBF74A919ED0-SegmentedRaftLogWorker: flushIndex: setUnconditionally 0 -> 0
2022-07-14 05:35:08,439 [pool-19-thread-1] INFO  segmented.SegmentedRaftLogWorker (SegmentedRaftLogWorker.java:lambda$new$0(135)) - c5ffeb5e-3634-4360-91c9-d598b29e1477@group-BBF74A919ED0-SegmentedRaftLogWorker: safeCacheEvictIndex: setUnconditionally 0 -> -1
2022-07-14 05:35:08,439 [pool-19-thread-1] INFO  server.RaftServerConfigKeys (ConfUtils.java:logGet(46)) - raft.server.snapshot.auto.trigger.enabled = true (custom)
2022-07-14 05:35:08,439 [pool-19-thread-1] INFO  server.RaftServerConfigKeys (ConfUtils.java:logGet(46)) - raft.server.snapshot.auto.trigger.threshold = 1000 (custom)
2022-07-14 05:35:08,439 [pool-19-thread-1] INFO  server.RaftServerConfigKeys (ConfUtils.java:logGet(46)) - raft.server.snapshot.retention.file.num = -1 (default)
2022-07-14 05:35:08,440 [pool-19-thread-1] INFO  server.RaftServerConfigKeys (ConfUtils.java:logGet(46)) - raft.server.log.purge.upto.snapshot.index = false (default)
2022-07-14 05:35:08,440 [pool-19-thread-1] INFO  server.RaftServerConfigKeys (ConfUtils.java:logGet(46)) - raft.server.retrycache.expirytime = 60000ms (default)
2022-07-14 05:35:08,440 [pool-19-thread-1] INFO  server.RaftServerConfigKeys (ConfUtils.java:logGet(46)) - raft.server.retrycache.statistics.expirytime = 100μs (default)
2022-07-14 05:35:08,441 [pool-19-thread-1] INFO  server.RaftServerConfigKeys (ConfUtils.java:logGet(46)) - raft.server.log.appender.install.snapshot.enabled = false (custom)
2022-07-14 05:35:08,441 [pool-19-thread-1] INFO  server.RaftServerConfigKeys (ConfUtils.java:logGet(46)) - raft.server.threadpool.server.cached = true (default)
2022-07-14 05:35:08,441 [pool-19-thread-1] INFO  server.RaftServerConfigKeys (ConfUtils.java:logGet(46)) - raft.server.threadpool.server.size = 0 (default)
2022-07-14 05:35:08,442 [pool-19-thread-1] INFO  server.RaftServerConfigKeys (ConfUtils.java:logGet(46)) - raft.server.threadpool.client.cached = true (default)
2022-07-14 05:35:08,442 [pool-19-thread-1] INFO  server.RaftServerConfigKeys (ConfUtils.java:logGet(46)) - raft.server.threadpool.client.size = 0 (default)
2022-07-14 05:35:08,444 [Time-limited test] INFO  ha.SCMSnapshotProvider (SCMSnapshotProvider.java:<init>(66)) - Initializing SCM Snapshot Provider
2022-07-14 05:35:08,444 [Time-limited test] WARN  server.ServerUtils (ServerUtils.java:getDefaultRatisDirectory(237)) - Storage directory for Ratis is not configured. It is a good idea to map this to an SSD disk. Falling back to ozone.metadata.dirs
2022-07-14 05:35:08,444 [Time-limited test] WARN  ha.SCMHAUtils (SCMHAUtils.java:getSCMRatisSnapshotDirectory(153)) - SCM snapshot dir is not configured. Falling back to ozone.metadata.dirs config
2022-07-14 05:35:08,550 [Time-limited test] INFO  upgrade.AbstractLayoutVersionManager (AbstractLayoutVersionManager.java:init(83)) - Initializing Layout version manager with metadata layout = DATANODE_SCHEMA_V3 (version = 4), software layout = DATANODE_SCHEMA_V3 (version = 4)
2022-07-14 05:35:08,767 [Time-limited test] INFO  reflections.Reflections (Reflections.java:scan(232)) - Reflections took 167 ms to scan 7 urls, producing 132 keys and 318 values 
2022-07-14 05:35:08,882 [Time-limited test] INFO  ha.SequenceIdGenerator (SequenceIdGenerator.java:upgradeToSequenceId(349)) - upgrade localId to 109611004723200000
2022-07-14 05:35:08,882 [Time-limited test] INFO  ha.SequenceIdGenerator (SequenceIdGenerator.java:upgradeToSequenceId(359)) - upgrade delTxnId to 0
2022-07-14 05:35:08,887 [Time-limited test] INFO  ha.SequenceIdGenerator (SequenceIdGenerator.java:upgradeToSequenceId(376)) - upgrade containerId to 0
2022-07-14 05:35:08,889 [Time-limited test] INFO  ha.SequenceIdGenerator (SequenceIdGenerator.java:<init>(220)) - Init the HA SequenceIdGenerator.
2022-07-14 05:35:08,941 [Time-limited test] INFO  node.SCMNodeManager (SCMNodeManager.java:<init>(149)) - Entering startup safe mode.
2022-07-14 05:35:09,009 [Time-limited test] INFO  algorithms.ContainerPlacementPolicyFactory (ContainerPlacementPolicyFactory.java:getPolicyInternal(86)) - Create container placement policy of type org.apache.hadoop.hdds.scm.container.placement.algorithms.SCMContainerPlacementRandom
2022-07-14 05:35:09,019 [Time-limited test] INFO  pipeline.PipelineStateManagerImpl (PipelineStateManagerImpl.java:initialize(78)) - No pipeline exists in current db
2022-07-14 05:35:09,056 [Time-limited test] INFO  algorithms.LeaderChoosePolicyFactory (LeaderChoosePolicyFactory.java:getPolicy(57)) - Create leader choose policy of type org.apache.hadoop.hdds.scm.pipeline.leader.choose.algorithms.MinLeaderCountChoosePolicy
2022-07-14 05:35:09,057 [Time-limited test] INFO  algorithms.ContainerPlacementPolicyFactory (ContainerPlacementPolicyFactory.java:getPolicyInternal(86)) - Create container placement policy of type org.apache.hadoop.hdds.scm.container.placement.algorithms.SCMContainerPlacementRackScatter
2022-07-14 05:35:09,064 [Time-limited test] INFO  ha.SCMServiceManager (SCMServiceManager.java:register(42)) - Registering service BackgroundPipelineCreator.
2022-07-14 05:35:09,064 [Time-limited test] INFO  pipeline.BackgroundPipelineCreator (BackgroundPipelineCreator.java:start(124)) - Starting RatisPipelineUtilsThread.
2022-07-14 05:35:09,067 [Time-limited test] INFO  BackgroundPipelineScrubber (BackgroundSCMService.java:start(68)) - Starting BackgroundPipelineScrubber Service.
2022-07-14 05:35:09,068 [Time-limited test] INFO  ha.SCMServiceManager (SCMServiceManager.java:register(42)) - Registering service BackgroundPipelineScrubber.
2022-07-14 05:35:09,075 [Time-limited test] INFO  ExpiredContainerReplicaOpScrubber (BackgroundSCMService.java:start(68)) - Starting ExpiredContainerReplicaOpScrubber Service.
2022-07-14 05:35:09,079 [Time-limited test] INFO  ha.SCMServiceManager (SCMServiceManager.java:register(42)) - Registering service ExpiredContainerReplicaOpScrubber.
2022-07-14 05:35:09,110 [Time-limited test] INFO  algorithms.PipelineChoosePolicyFactory (PipelineChoosePolicyFactory.java:createPipelineChoosePolicyFromClass(73)) - Create pipeline choose policy of type org.apache.hadoop.hdds.scm.pipeline.choose.algorithms.RandomPipelineChoosePolicy
2022-07-14 05:35:09,129 [Time-limited test] INFO  ha.SCMServiceManager (SCMServiceManager.java:register(42)) - Registering service SCMBlockDeletingService.
2022-07-14 05:35:09,164 [Time-limited test] INFO  replication.ReplicationManager (ReplicationManager.java:start(186)) - Starting Replication Monitor Thread.
2022-07-14 05:35:09,172 [Time-limited test] INFO  ha.SCMServiceManager (SCMServiceManager.java:register(42)) - Registering service ReplicationManager.
2022-07-14 05:35:09,182 [ReplicationMonitor] INFO  replication.ReplicationManager (ReplicationManager.java:processAll(235)) - Replication Manager is not ready to run until 300000ms after safemode exit
2022-07-14 05:35:09,183 [Time-limited test] INFO  safemode.ContainerSafeModeRule (ContainerSafeModeRule.java:<init>(89)) - containers with one replica threshold count 0
2022-07-14 05:35:09,191 [Time-limited test] INFO  safemode.HealthyPipelineSafeModeRule (HealthyPipelineSafeModeRule.java:initializeRule(169)) - Total pipeline count is 0, healthy pipeline threshold count is 1
2022-07-14 05:35:09,194 [Time-limited test] INFO  safemode.OneReplicaPipelineSafeModeRule (OneReplicaPipelineSafeModeRule.java:initializeRule(180)) - Total pipeline count is 0, pipeline's with at least one datanode reported threshold count is 0
2022-07-14 05:35:09,597 [Time-limited test] INFO  audit.AuditLogger (AuditLogger.java:refreshDebugCmdSet(120)) - Refresh DebugCmdSet for SCMAudit to [].
2022-07-14 05:35:09,636 [Time-limited test] INFO  ipc.CallQueueManager (CallQueueManager.java:<init>(90)) - Using callQueue: class java.util.concurrent.LinkedBlockingQueue, queueCapacity: 10000, scheduler: class org.apache.hadoop.ipc.DefaultRpcScheduler, ipcBackoff: false.
2022-07-14 05:35:09,685 [Socket Reader #1 for port 36365] INFO  ipc.Server (Server.java:run(1265)) - Starting Socket Reader #1 for port 36365
2022-07-14 05:35:09,747 [Listener at 0.0.0.0/36365] INFO  audit.AuditLogger (AuditLogger.java:refreshDebugCmdSet(120)) - Refresh DebugCmdSet for SCMAudit to [].
2022-07-14 05:35:09,754 [Listener at 0.0.0.0/36365] INFO  ipc.CallQueueManager (CallQueueManager.java:<init>(90)) - Using callQueue: class java.util.concurrent.LinkedBlockingQueue, queueCapacity: 10000, scheduler: class org.apache.hadoop.ipc.DefaultRpcScheduler, ipcBackoff: false.
2022-07-14 05:35:09,756 [Socket Reader #1 for port 44131] INFO  ipc.Server (Server.java:run(1265)) - Starting Socket Reader #1 for port 44131
2022-07-14 05:35:09,786 [Listener at 0.0.0.0/44131] INFO  audit.AuditLogger (AuditLogger.java:refreshDebugCmdSet(120)) - Refresh DebugCmdSet for SCMAudit to [].
2022-07-14 05:35:09,820 [Listener at 0.0.0.0/44131] INFO  ipc.CallQueueManager (CallQueueManager.java:<init>(90)) - Using callQueue: class java.util.concurrent.LinkedBlockingQueue, queueCapacity: 10000, scheduler: class org.apache.hadoop.ipc.DefaultRpcScheduler, ipcBackoff: false.
2022-07-14 05:35:09,821 [Socket Reader #1 for port 34295] INFO  ipc.Server (Server.java:run(1265)) - Starting Socket Reader #1 for port 34295
2022-07-14 05:35:09,921 [Listener at 0.0.0.0/34295] INFO  ha.SCMServiceManager (SCMServiceManager.java:register(42)) - Registering service ContainerBalancer.
2022-07-14 05:35:09,922 [Listener at 0.0.0.0/34295] INFO  server.StorageContainerManager (StorageContainerManager.java:<init>(401)) - 
Container Balancer status:
Key                            Value
Running                        false
Container Balancer Configuration values:
Key                                                Value
Threshold                                          10
Max Datanodes to Involve per Iteration(percent)    20
Max Size to Move per Iteration                     500GB
Max Size Entering Target per Iteration             26GB
Max Size Leaving Source per Iteration              26GB

2022-07-14 05:35:09,922 [Listener at 0.0.0.0/34295] WARN  events.EventQueue (EventQueue.java:fireEvent(216)) - No event handler registered for event TypedEvent{payloadType=SafeModeStatus, name='Safe mode status'}
2022-07-14 05:35:09,922 [Listener at 0.0.0.0/34295] INFO  ha.SCMContext (SCMContext.java:updateSafeModeStatus(228)) - Update SafeModeStatus from SafeModeStatus{safeModeStatus=true, preCheckPassed=false} to SafeModeStatus{safeModeStatus=true, preCheckPassed=false}.
2022-07-14 05:35:09,927 [Listener at 0.0.0.0/34295] INFO  server.StorageContainerManager (StorageContainerManager.java:start(1422)) - StorageContainerLocationProtocol RPC server is listening at /0.0.0.0:34295
2022-07-14 05:35:09,931 [Listener at 0.0.0.0/34295] INFO  ha.SCMRatisServerImpl (SCMRatisServerImpl.java:start(179)) - starting ratis server 0.0.0.0:44253
2022-07-14 05:35:09,931 [c5ffeb5e-3634-4360-91c9-d598b29e1477-impl-thread1] INFO  server.RaftServer$Division (RaftServerImpl.java:start(310)) - c5ffeb5e-3634-4360-91c9-d598b29e1477@group-BBF74A919ED0: start as a follower, conf=0: [c5ffeb5e-3634-4360-91c9-d598b29e1477|rpc:localhost:44253|admin:|client:|dataStream:|priority:0], old=null
2022-07-14 05:35:09,932 [c5ffeb5e-3634-4360-91c9-d598b29e1477-impl-thread1] INFO  server.RaftServer$Division (RaftServerImpl.java:setRole(299)) - c5ffeb5e-3634-4360-91c9-d598b29e1477@group-BBF74A919ED0: changes role from      null to FOLLOWER at term 1 for startAsFollower
2022-07-14 05:35:09,932 [c5ffeb5e-3634-4360-91c9-d598b29e1477-impl-thread1] INFO  impl.RoleInfo (RoleInfo.java:updateAndGet(139)) - c5ffeb5e-3634-4360-91c9-d598b29e1477: start c5ffeb5e-3634-4360-91c9-d598b29e1477@group-BBF74A919ED0-FollowerState
2022-07-14 05:35:09,933 [c5ffeb5e-3634-4360-91c9-d598b29e1477-impl-thread1] INFO  util.JmxRegister (JmxRegister.java:tryRegister(44)) - Successfully registered JMX Bean with object name Ratis:service=RaftServer,group=group-BBF74A919ED0,id=c5ffeb5e-3634-4360-91c9-d598b29e1477
2022-07-14 05:35:09,935 [Listener at 0.0.0.0/34295] INFO  server.RaftServer (RaftServerProxy.java:lambda$start$6(382)) - c5ffeb5e-3634-4360-91c9-d598b29e1477: start RPC server
2022-07-14 05:35:09,937 [Listener at 0.0.0.0/34295] INFO  server.GrpcService (GrpcService.java:startImpl(260)) - c5ffeb5e-3634-4360-91c9-d598b29e1477: GrpcService started, listening on 44253
2022-07-14 05:35:09,938 [Listener at 0.0.0.0/34295] INFO  ha.SCMHAManagerImpl (SCMHAManagerImpl.java:start(121)) -  scm role is FOLLOWER peers [c5ffeb5e-3634-4360-91c9-d598b29e1477|rpc:localhost:44253|admin:|client:|dataStream:|priority:0]
2022-07-14 05:35:09,938 [Listener at 0.0.0.0/34295] INFO  ha.InterSCMGrpcService (InterSCMGrpcProtocolService.java:start(94)) - Starting SCM Grpc Service at port 33825
2022-07-14 05:35:09,943 [org.apache.ratis.util.JvmPauseMonitor$$Lambda$519/2035454069@237141b7] INFO  util.JvmPauseMonitor (JvmPauseMonitor.java:run(103)) - JvmPauseMonitor-c5ffeb5e-3634-4360-91c9-d598b29e1477: Started
2022-07-14 05:35:10,031 [Listener at 0.0.0.0/34295] WARN  impl.MetricsConfig (MetricsConfig.java:loadFirst(136)) - Cannot locate configuration: tried hadoop-metrics2-storagecontainermanager.properties,hadoop-metrics2.properties
2022-07-14 05:35:10,051 [Listener at 0.0.0.0/34295] INFO  impl.MetricsSystemImpl (MetricsSystemImpl.java:startTimer(378)) - Scheduled Metric snapshot period at 10 second(s).
2022-07-14 05:35:10,051 [Listener at 0.0.0.0/34295] INFO  impl.MetricsSystemImpl (MetricsSystemImpl.java:start(191)) - StorageContainerManager metrics system started
2022-07-14 05:35:10,358 [Listener at 0.0.0.0/34295] INFO  server.SCMClientProtocolServer (SCMClientProtocolServer.java:start(170)) - RPC server for Client  is listening at /0.0.0.0:34295
2022-07-14 05:35:10,359 [IPC Server Responder] INFO  ipc.Server (Server.java:run(1507)) - IPC Server Responder: starting
2022-07-14 05:35:10,364 [IPC Server listener on 34295] INFO  ipc.Server (Server.java:run(1344)) - IPC Server listener on 34295: starting
2022-07-14 05:35:10,388 [Listener at 0.0.0.0/34295] INFO  server.StorageContainerManager (StorageContainerManager.java:start(1437)) - ScmBlockLocationProtocol RPC server is listening at /0.0.0.0:44131
2022-07-14 05:35:10,388 [Listener at 0.0.0.0/34295] INFO  server.SCMBlockProtocolServer (SCMBlockProtocolServer.java:start(152)) - RPC server for Block Protocol is listening at /0.0.0.0:44131
2022-07-14 05:35:10,389 [IPC Server Responder] INFO  ipc.Server (Server.java:run(1507)) - IPC Server Responder: starting
2022-07-14 05:35:10,390 [IPC Server listener on 44131] INFO  ipc.Server (Server.java:run(1344)) - IPC Server listener on 44131: starting
2022-07-14 05:35:10,450 [org.apache.hadoop.util.JvmPauseMonitor$Monitor@4e8d8e58] INFO  util.JvmPauseMonitor (JvmPauseMonitor.java:run(188)) - Starting JVM pause monitor
2022-07-14 05:35:10,483 [Listener at 0.0.0.0/34295] INFO  http.BaseHttpServer (BaseHttpServer.java:newHttpServer2BuilderForOzone(209)) - Starting Web-server for scm at: http://0.0.0.0:44431
2022-07-14 05:35:10,484 [Listener at 0.0.0.0/34295] INFO  http.BaseHttpServer (BaseHttpServer.java:<init>(107)) - Hadoop Security Enabled: false Ozone Security Enabled: false Ozone HTTP Security Enabled: false 
2022-07-14 05:35:10,548 [Listener at 0.0.0.0/34295] INFO  util.log (Log.java:initialized(170)) - Logging initialized @12544ms to org.eclipse.jetty.util.log.Slf4jLog
2022-07-14 05:35:10,672 [Listener at 0.0.0.0/34295] INFO  server.AuthenticationFilter (AuthenticationFilter.java:constructSecretProvider(240)) - Unable to initialize FileSignerSecretProvider, falling back to use random secrets.
2022-07-14 05:35:10,678 [Listener at 0.0.0.0/34295] WARN  http.HttpRequestLog (HttpRequestLog.java:getRequestLog(103)) - Jetty request log can only be enabled using Log4j
2022-07-14 05:35:10,686 [Listener at 0.0.0.0/34295] INFO  http.HttpServer2 (HttpServer2.java:addGlobalFilter(1029)) - Added global filter 'safety' (class=org.apache.hadoop.hdds.server.http.HttpServer2$QuotingInputFilter)
2022-07-14 05:35:10,688 [Listener at 0.0.0.0/34295] INFO  http.HttpServer2 (HttpServer2.java:addFilter(1005)) - Added filter static_user_filter (class=org.apache.hadoop.http.lib.StaticUserWebFilter$StaticUserFilter) to context scm
2022-07-14 05:35:10,688 [Listener at 0.0.0.0/34295] INFO  http.HttpServer2 (HttpServer2.java:addFilter(1013)) - Added filter static_user_filter (class=org.apache.hadoop.http.lib.StaticUserWebFilter$StaticUserFilter) to context static
2022-07-14 05:35:10,688 [Listener at 0.0.0.0/34295] INFO  http.HttpServer2 (HttpServer2.java:addFilter(1013)) - Added filter static_user_filter (class=org.apache.hadoop.http.lib.StaticUserWebFilter$StaticUserFilter) to context logs
2022-07-14 05:35:10,738 [Listener at 0.0.0.0/34295] INFO  http.HttpServer2 (HttpServer2.java:bindListener(1248)) - Jetty bound to port 44431
2022-07-14 05:35:10,740 [Listener at 0.0.0.0/34295] INFO  server.Server (Server.java:doStart(375)) - jetty-9.4.43.v20210629; built: 2021-06-30T11:07:22.254Z; git: 526006ecfa3af7f1a27ef3a288e2bef7ea9dd7e8; jvm 1.8.0_332-b09
2022-07-14 05:35:10,778 [Listener at 0.0.0.0/34295] INFO  server.session (DefaultSessionIdManager.java:doStart(334)) - DefaultSessionIdManager workerName=node0
2022-07-14 05:35:10,778 [Listener at 0.0.0.0/34295] INFO  server.session (DefaultSessionIdManager.java:doStart(339)) - No SessionScavenger set, using defaults
2022-07-14 05:35:10,780 [Listener at 0.0.0.0/34295] INFO  server.session (HouseKeeper.java:startScavenging(132)) - node0 Scavenging every 600000ms
2022-07-14 05:35:10,797 [Listener at 0.0.0.0/34295] INFO  handler.ContextHandler (ContextHandler.java:doStart(915)) - Started o.e.j.s.ServletContextHandler@6c65e96b{logs,/logs,file:///home/runner/work/ozone/ozone/hadoop-ozone/integration-test/target/log,AVAILABLE}
2022-07-14 05:35:10,798 [Listener at 0.0.0.0/34295] INFO  handler.ContextHandler (ContextHandler.java:doStart(915)) - Started o.e.j.s.ServletContextHandler@9a63647{static,/static,file:///home/runner/work/ozone/ozone/hadoop-ozone/integration-test/target/test-classes/webapps/static,AVAILABLE}
2022-07-14 05:35:10,854 [Listener at 0.0.0.0/34295] INFO  handler.ContextHandler (ContextHandler.java:doStart(915)) - Started o.e.j.w.WebAppContext@51d61f0b{scm,/,file:///home/runner/work/ozone/ozone/hadoop-ozone/integration-test/target/test-classes/webapps/scm/,AVAILABLE}{file:/home/runner/work/ozone/ozone/hadoop-ozone/integration-test/target/test-classes/webapps/scm}
2022-07-14 05:35:10,867 [Listener at 0.0.0.0/34295] INFO  server.AbstractConnector (AbstractConnector.java:doStart(331)) - Started ServerConnector@22719e82{HTTP/1.1, (http/1.1)}{0.0.0.0:44431}
2022-07-14 05:35:10,867 [Listener at 0.0.0.0/34295] INFO  server.Server (Server.java:doStart(415)) - Started @12864ms
2022-07-14 05:35:10,870 [Listener at 0.0.0.0/34295] INFO  impl.MetricsSinkAdapter (MetricsSinkAdapter.java:start(204)) - Sink prometheus started
2022-07-14 05:35:10,870 [Listener at 0.0.0.0/34295] INFO  impl.MetricsSystemImpl (MetricsSystemImpl.java:registerSink(305)) - Registered sink prometheus
2022-07-14 05:35:10,872 [Listener at 0.0.0.0/34295] INFO  http.BaseHttpServer (BaseHttpServer.java:updateConnectorAddress(329)) - HTTP server of scm listening at http://0.0.0.0:44431
2022-07-14 05:35:10,872 [Listener at 0.0.0.0/34295] INFO  ozone.MiniOzoneHAClusterImpl (MiniOzoneHAClusterImpl.java:createSCMService(606)) - Started SCM RPC server at /0.0.0.0:34295
2022-07-14 05:35:10,891 [Listener at 0.0.0.0/34295] WARN  server.ServerUtils (ServerUtils.java:getScmDbDir(148)) - ozone.scm.db.dirs is not configured. We recommend adding this setting. Falling back to ozone.metadata.dirs instead.
2022-07-14 05:35:10,892 [Listener at 0.0.0.0/34295] INFO  ha.SCMHANodeDetails (SCMHANodeDetails.java:loadSCMHAConfig(209)) - ServiceID for StorageContainerManager is scmServiceId
2022-07-14 05:35:10,892 [Listener at 0.0.0.0/34295] INFO  ha.SCMHANodeDetails (SCMHANodeDetails.java:loadSCMHAConfig(220)) - ServiceID for StorageContainerManager is scmServiceId
2022-07-14 05:35:10,893 [Listener at 0.0.0.0/34295] WARN  scm.ScmUtils (ScmUtils.java:logWarn(179)) - ConfigKey ozone.scm.block.client.address is deprecated, For configuring different ports for each SCM use PortConfigKey ozone.scm.block.client.port appended with serviceId and nodeId. If want to configure same port configure ozone.scm.block.client.port
2022-07-14 05:35:10,893 [Listener at 0.0.0.0/34295] WARN  scm.ScmUtils (ScmUtils.java:logWarn(179)) - ConfigKey ozone.scm.client.address is deprecated, For configuring different ports for each SCM use PortConfigKey ozone.scm.client.port appended with serviceId and nodeId. If want to configure same port configure ozone.scm.client.port
2022-07-14 05:35:10,893 [Listener at 0.0.0.0/34295] WARN  scm.ScmUtils (ScmUtils.java:logWarn(179)) - ConfigKey ozone.scm.datanode.address is deprecated, For configuring different ports for each SCM use PortConfigKey ozone.scm.datanode.port appended with serviceId and nodeId. If want to configure same port configure ozone.scm.datanode.port
2022-07-14 05:35:10,893 [Listener at 0.0.0.0/34295] WARN  scm.ScmUtils (ScmUtils.java:logWarn(179)) - ConfigKey ozone.scm.block.client.address is deprecated, For configuring different ports for each SCM use PortConfigKey ozone.scm.block.client.port appended with serviceId and nodeId. If want to configure same port configure ozone.scm.block.client.port
2022-07-14 05:35:10,893 [Listener at 0.0.0.0/34295] WARN  scm.ScmUtils (ScmUtils.java:logWarn(179)) - ConfigKey ozone.scm.client.address is deprecated, For configuring different ports for each SCM use PortConfigKey ozone.scm.client.port appended with serviceId and nodeId. If want to configure same port configure ozone.scm.client.port
2022-07-14 05:35:10,894 [Listener at 0.0.0.0/34295] WARN  scm.ScmUtils (ScmUtils.java:logWarn(179)) - ConfigKey ozone.scm.datanode.address is deprecated, For configuring different ports for each SCM use PortConfigKey ozone.scm.datanode.port appended with serviceId and nodeId. If want to configure same port configure ozone.scm.datanode.port
2022-07-14 05:35:10,894 [Listener at 0.0.0.0/34295] INFO  ha.SCMHANodeDetails (SCMHANodeDetails.java:loadSCMHAConfig(307)) - Found matching SCM address with SCMServiceId: scmServiceId, SCMNodeId: scmNode-2, RPC Address: localhost:45669 and Ratis port: 45669
2022-07-14 05:35:10,894 [Listener at 0.0.0.0/34295] INFO  ha.SCMHANodeDetails (ConfUtils.java:setNodeSpecificConfigs(97)) - Setting configuration key ozone.scm.datanode.address with value of key ozone.scm.datanode.address.scmServiceId.scmNode-2: 127.0.0.1:43653
2022-07-14 05:35:10,894 [Listener at 0.0.0.0/34295] INFO  ha.SCMHANodeDetails (ConfUtils.java:setNodeSpecificConfigs(97)) - Setting configuration key ozone.scm.block.client.address with value of key ozone.scm.block.client.address.scmServiceId.scmNode-2: 127.0.0.1:39709
2022-07-14 05:35:10,894 [Listener at 0.0.0.0/34295] INFO  ha.SCMHANodeDetails (ConfUtils.java:setNodeSpecificConfigs(97)) - Setting configuration key ozone.scm.client.address with value of key ozone.scm.client.address.scmServiceId.scmNode-2: 127.0.0.1:37683
2022-07-14 05:35:10,894 [Listener at 0.0.0.0/34295] INFO  ha.SCMHANodeDetails (ConfUtils.java:setNodeSpecificConfigs(97)) - Setting configuration key ozone.scm.ratis.port with value of key ozone.scm.ratis.port.scmServiceId.scmNode-2: 45669
2022-07-14 05:35:10,894 [Listener at 0.0.0.0/34295] INFO  ha.SCMHANodeDetails (ConfUtils.java:setNodeSpecificConfigs(97)) - Setting configuration key ozone.scm.grpc.port with value of key ozone.scm.grpc.port.scmServiceId.scmNode-2: 43915
2022-07-14 05:35:10,895 [Listener at 0.0.0.0/34295] INFO  ha.SCMHANodeDetails (ConfUtils.java:setNodeSpecificConfigs(97)) - Setting configuration key ozone.scm.http-address with value of key ozone.scm.http-address.scmServiceId.scmNode-2: 127.0.0.1:39351
2022-07-14 05:35:10,895 [Listener at 0.0.0.0/34295] INFO  ha.SCMHANodeDetails (ConfUtils.java:setNodeSpecificConfigs(97)) - Setting configuration key ozone.scm.https-address with value of key ozone.scm.https-address.scmServiceId.scmNode-2: 127.0.0.1:45821
2022-07-14 05:35:10,895 [Listener at 0.0.0.0/34295] INFO  ha.SCMHANodeDetails (ConfUtils.java:setNodeSpecificConfigs(97)) - Setting configuration key ozone.scm.address with value of key ozone.scm.address.scmServiceId.scmNode-2: 127.0.0.1
2022-07-14 05:35:10,895 [Listener at 0.0.0.0/34295] WARN  scm.ScmUtils (ScmUtils.java:logWarn(179)) - ConfigKey ozone.scm.block.client.address is deprecated, For configuring different ports for each SCM use PortConfigKey ozone.scm.block.client.port appended with serviceId and nodeId. If want to configure same port configure ozone.scm.block.client.port
2022-07-14 05:35:10,895 [Listener at 0.0.0.0/34295] WARN  scm.ScmUtils (ScmUtils.java:logWarn(179)) - ConfigKey ozone.scm.client.address is deprecated, For configuring different ports for each SCM use PortConfigKey ozone.scm.client.port appended with serviceId and nodeId. If want to configure same port configure ozone.scm.client.port
2022-07-14 05:35:10,895 [Listener at 0.0.0.0/34295] WARN  scm.ScmUtils (ScmUtils.java:logWarn(179)) - ConfigKey ozone.scm.datanode.address is deprecated, For configuring different ports for each SCM use PortConfigKey ozone.scm.datanode.port appended with serviceId and nodeId. If want to configure same port configure ozone.scm.datanode.port
2022-07-14 05:35:10,904 [Listener at 0.0.0.0/34295] INFO  ha.SCMNodeInfo (SCMNodeInfo.java:getPort(197)) - ConfigKey ozone.scm.client.address is deprecated, For configuring different ports for each SCM use PortConfigKey ozone.scm.client.port appended with serviceId and nodeId
2022-07-14 05:35:10,904 [Listener at 0.0.0.0/34295] INFO  ha.SCMNodeInfo (SCMNodeInfo.java:getPort(197)) - ConfigKey ozone.scm.block.client.address is deprecated, For configuring different ports for each SCM use PortConfigKey ozone.scm.block.client.port appended with serviceId and nodeId
2022-07-14 05:35:10,904 [Listener at 0.0.0.0/34295] INFO  ha.SCMNodeInfo (SCMNodeInfo.java:getPort(197)) - ConfigKey ozone.scm.datanode.address is deprecated, For configuring different ports for each SCM use PortConfigKey ozone.scm.datanode.port appended with serviceId and nodeId
2022-07-14 05:35:10,904 [Listener at 0.0.0.0/34295] INFO  ha.SCMNodeInfo (SCMNodeInfo.java:getPort(197)) - ConfigKey ozone.scm.client.address is deprecated, For configuring different ports for each SCM use PortConfigKey ozone.scm.client.port appended with serviceId and nodeId
2022-07-14 05:35:10,905 [Listener at 0.0.0.0/34295] INFO  ha.SCMNodeInfo (SCMNodeInfo.java:getPort(197)) - ConfigKey ozone.scm.block.client.address is deprecated, For configuring different ports for each SCM use PortConfigKey ozone.scm.block.client.port appended with serviceId and nodeId
2022-07-14 05:35:10,905 [Listener at 0.0.0.0/34295] INFO  ha.SCMNodeInfo (SCMNodeInfo.java:getPort(197)) - ConfigKey ozone.scm.datanode.address is deprecated, For configuring different ports for each SCM use PortConfigKey ozone.scm.datanode.port appended with serviceId and nodeId
2022-07-14 05:35:10,906 [Listener at 0.0.0.0/34295] INFO  proxy.SCMBlockLocationFailoverProxyProvider (SCMBlockLocationFailoverProxyProvider.java:<init>(114)) - Created block location fail-over proxy with 2 nodes: [nodeId=scmNode-3,nodeAddress=/127.0.0.1:40433, nodeId=scmNode-1,nodeAddress=/127.0.0.1:44131]
2022-07-14 05:35:13,223 [Listener at 0.0.0.0/34295] INFO  retry.RetryInvocationHandler (RetryInvocationHandler.java:log(411)) - com.google.protobuf.ServiceException: java.net.ConnectException: Call From fv-az444-907/10.1.0.30 to localhost:40433 failed on connection exception: java.net.ConnectException: Connection refused; For more details see:  http://wiki.apache.org/hadoop/ConnectionRefused, while invoking $Proxy41.send over nodeId=scmNode-3,nodeAddress=/127.0.0.1:40433 after 1 failover attempts. Trying to failover after sleeping for 2000ms.
2022-07-14 05:35:15,087 [c5ffeb5e-3634-4360-91c9-d598b29e1477@group-BBF74A919ED0-FollowerState] INFO  impl.FollowerState (FollowerState.java:run(143)) - c5ffeb5e-3634-4360-91c9-d598b29e1477@group-BBF74A919ED0-FollowerState: change to CANDIDATE, lastRpcElapsedTime:5155064392ns, electionTimeout:5151ms
2022-07-14 05:35:15,088 [c5ffeb5e-3634-4360-91c9-d598b29e1477@group-BBF74A919ED0-FollowerState] INFO  impl.RoleInfo (RoleInfo.java:shutdownFollowerState(110)) - c5ffeb5e-3634-4360-91c9-d598b29e1477: shutdown c5ffeb5e-3634-4360-91c9-d598b29e1477@group-BBF74A919ED0-FollowerState
2022-07-14 05:35:15,088 [c5ffeb5e-3634-4360-91c9-d598b29e1477@group-BBF74A919ED0-FollowerState] INFO  server.RaftServer$Division (RaftServerImpl.java:setRole(299)) - c5ffeb5e-3634-4360-91c9-d598b29e1477@group-BBF74A919ED0: changes role from  FOLLOWER to CANDIDATE at term 1 for changeToCandidate
2022-07-14 05:35:15,088 [c5ffeb5e-3634-4360-91c9-d598b29e1477@group-BBF74A919ED0-FollowerState] INFO  server.RaftServerConfigKeys (ConfUtils.java:logGet(46)) - raft.server.leaderelection.pre-vote = false (custom)
2022-07-14 05:35:15,088 [c5ffeb5e-3634-4360-91c9-d598b29e1477@group-BBF74A919ED0-FollowerState] INFO  impl.RoleInfo (RoleInfo.java:updateAndGet(139)) - c5ffeb5e-3634-4360-91c9-d598b29e1477: start c5ffeb5e-3634-4360-91c9-d598b29e1477@group-BBF74A919ED0-LeaderElection2
2022-07-14 05:35:15,092 [c5ffeb5e-3634-4360-91c9-d598b29e1477@group-BBF74A919ED0-LeaderElection2] INFO  impl.LeaderElection (LeaderElection.java:askForVotes(310)) - c5ffeb5e-3634-4360-91c9-d598b29e1477@group-BBF74A919ED0-LeaderElection2 ELECTION round 0: submit vote requests at term 2 for 0: [c5ffeb5e-3634-4360-91c9-d598b29e1477|rpc:localhost:44253|admin:|client:|dataStream:|priority:0], old=null
2022-07-14 05:35:15,094 [c5ffeb5e-3634-4360-91c9-d598b29e1477@group-BBF74A919ED0-LeaderElection2] INFO  impl.LeaderElection (LeaderElection.java:askForVotes(312)) - c5ffeb5e-3634-4360-91c9-d598b29e1477@group-BBF74A919ED0-LeaderElection2 ELECTION round 0: result PASSED (term=2)
2022-07-14 05:35:15,094 [c5ffeb5e-3634-4360-91c9-d598b29e1477@group-BBF74A919ED0-LeaderElection2] INFO  impl.RoleInfo (RoleInfo.java:shutdownLeaderElection(130)) - c5ffeb5e-3634-4360-91c9-d598b29e1477: shutdown c5ffeb5e-3634-4360-91c9-d598b29e1477@group-BBF74A919ED0-LeaderElection2
2022-07-14 05:35:15,095 [c5ffeb5e-3634-4360-91c9-d598b29e1477@group-BBF74A919ED0-LeaderElection2] INFO  server.RaftServer$Division (RaftServerImpl.java:setRole(299)) - c5ffeb5e-3634-4360-91c9-d598b29e1477@group-BBF74A919ED0: changes role from CANDIDATE to LEADER at term 2 for changeToLeader
2022-07-14 05:35:15,095 [c5ffeb5e-3634-4360-91c9-d598b29e1477@group-BBF74A919ED0-LeaderElection2] INFO  ha.SCMStateMachine (SCMStateMachine.java:notifyLeaderChanged(259)) - current SCM becomes leader of term 2.
2022-07-14 05:35:15,095 [c5ffeb5e-3634-4360-91c9-d598b29e1477@group-BBF74A919ED0-LeaderElection2] INFO  ha.SCMContext (SCMContext.java:updateLeaderAndTerm(99)) - update <isLeader,term> from <false,0> to <true,2>
2022-07-14 05:35:15,098 [c5ffeb5e-3634-4360-91c9-d598b29e1477@group-BBF74A919ED0-LeaderElection2] INFO  server.RaftServer$Division (ServerState.java:setLeader(287)) - c5ffeb5e-3634-4360-91c9-d598b29e1477@group-BBF74A919ED0: change Leader from null to c5ffeb5e-3634-4360-91c9-d598b29e1477 at term 2 for becomeLeader, leader elected after 6678ms
2022-07-14 05:35:15,098 [c5ffeb5e-3634-4360-91c9-d598b29e1477@group-BBF74A919ED0-LeaderElection2] INFO  server.RaftServerConfigKeys (ConfUtils.java:logGet(46)) - raft.server.staging.catchup.gap = 1000 (default)
2022-07-14 05:35:15,098 [c5ffeb5e-3634-4360-91c9-d598b29e1477@group-BBF74A919ED0-LeaderElection2] INFO  server.RaftServerConfigKeys (ConfUtils.java:logGet(46)) - raft.server.write.element-limit = 4096 (default)
2022-07-14 05:35:15,099 [c5ffeb5e-3634-4360-91c9-d598b29e1477@group-BBF74A919ED0-LeaderElection2] INFO  server.RaftServerConfigKeys (ConfUtils.java:logGet(46)) - raft.server.write.byte-limit = 64MB (=67108864) (default)
2022-07-14 05:35:15,099 [c5ffeb5e-3634-4360-91c9-d598b29e1477@group-BBF74A919ED0-LeaderElection2] INFO  server.RaftServerConfigKeys (ConfUtils.java:logGet(46)) - raft.server.watch.timeout = 10s (default)
2022-07-14 05:35:15,099 [c5ffeb5e-3634-4360-91c9-d598b29e1477@group-BBF74A919ED0-LeaderElection2] INFO  server.RaftServerConfigKeys (ConfUtils.java:logGet(46)) - raft.server.watch.timeout.denomination = 1s (default)
2022-07-14 05:35:15,100 [c5ffeb5e-3634-4360-91c9-d598b29e1477@group-BBF74A919ED0-LeaderElection2] INFO  server.RaftServerConfigKeys (ConfUtils.java:logGet(46)) - raft.server.watch.element-limit = 65536 (default)
2022-07-14 05:35:15,100 [c5ffeb5e-3634-4360-91c9-d598b29e1477@group-BBF74A919ED0-LeaderElection2] INFO  server.RaftServerConfigKeys (ConfUtils.java:logGet(46)) - raft.server.write.element-limit = 4096 (default)
2022-07-14 05:35:15,100 [c5ffeb5e-3634-4360-91c9-d598b29e1477@group-BBF74A919ED0-LeaderElection2] INFO  server.RaftServerConfigKeys (ConfUtils.java:logGet(46)) - raft.server.write.follower.gap.ratio.max = -1.0 (default)
2022-07-14 05:35:15,102 [c5ffeb5e-3634-4360-91c9-d598b29e1477@group-BBF74A919ED0-LeaderElection2] INFO  impl.RoleInfo (RoleInfo.java:updateAndGet(139)) - c5ffeb5e-3634-4360-91c9-d598b29e1477: start c5ffeb5e-3634-4360-91c9-d598b29e1477@group-BBF74A919ED0-LeaderStateImpl
2022-07-14 05:35:15,103 [c5ffeb5e-3634-4360-91c9-d598b29e1477@group-BBF74A919ED0-LeaderElection2] INFO  segmented.SegmentedRaftLogWorker (SegmentedRaftLogWorker.java:rollLogSegment(430)) - c5ffeb5e-3634-4360-91c9-d598b29e1477@group-BBF74A919ED0-SegmentedRaftLogWorker: Rolling segment log-0_0 to index:0
2022-07-14 05:35:15,107 [c5ffeb5e-3634-4360-91c9-d598b29e1477@group-BBF74A919ED0-SegmentedRaftLogWorker] INFO  segmented.SegmentedRaftLogWorker (SegmentedRaftLogWorker.java:execute(586)) - c5ffeb5e-3634-4360-91c9-d598b29e1477@group-BBF74A919ED0-SegmentedRaftLogWorker: Rolled log segment from /home/runner/work/ozone/ozone/hadoop-ozone/integration-test/target/test-dir/MiniOzoneClusterImpl-252142cc-85ec-47ec-8abc-bbf74a919ed0/scmNode-1/scm-ha/252142cc-85ec-47ec-8abc-bbf74a919ed0/current/log_inprogress_0 to /home/runner/work/ozone/ozone/hadoop-ozone/integration-test/target/test-dir/MiniOzoneClusterImpl-252142cc-85ec-47ec-8abc-bbf74a919ed0/scmNode-1/scm-ha/252142cc-85ec-47ec-8abc-bbf74a919ed0/current/log_0-0
2022-07-14 05:35:15,116 [c5ffeb5e-3634-4360-91c9-d598b29e1477@group-BBF74A919ED0-LeaderElection2] INFO  server.RaftServer$Division (ServerState.java:setRaftConf(393)) - c5ffeb5e-3634-4360-91c9-d598b29e1477@group-BBF74A919ED0: set configuration 1: [c5ffeb5e-3634-4360-91c9-d598b29e1477|rpc:localhost:44253|admin:|client:|dataStream:|priority:0], old=null
2022-07-14 05:35:15,127 [c5ffeb5e-3634-4360-91c9-d598b29e1477@group-BBF74A919ED0-SegmentedRaftLogWorker] INFO  segmented.SegmentedRaftLogWorker (SegmentedRaftLogWorker.java:execute(629)) - c5ffeb5e-3634-4360-91c9-d598b29e1477@group-BBF74A919ED0-SegmentedRaftLogWorker: created new log segment /home/runner/work/ozone/ozone/hadoop-ozone/integration-test/target/test-dir/MiniOzoneClusterImpl-252142cc-85ec-47ec-8abc-bbf74a919ed0/scmNode-1/scm-ha/252142cc-85ec-47ec-8abc-bbf74a919ed0/current/log_inprogress_1
2022-07-14 05:35:15,132 [c5ffeb5e-3634-4360-91c9-d598b29e1477@group-BBF74A919ED0-StateMachineUpdater] INFO  ha.SCMContext (SCMContext.java:setLeaderReady(126)) - update <isLeaderReady> from <false> to <true>
2022-07-14 05:35:15,135 [c5ffeb5e-3634-4360-91c9-d598b29e1477@group-BBF74A919ED0-StateMachineUpdater] INFO  pipeline.BackgroundPipelineCreator (BackgroundPipelineCreator.java:notifyStatusChanged(254)) - Service BackgroundPipelineCreator transitions to RUNNING.
2022-07-14 05:35:15,143 [c5ffeb5e-3634-4360-91c9-d598b29e1477@group-BBF74A919ED0-StateMachineUpdater] INFO  safemode.HealthyPipelineSafeModeRule (HealthyPipelineSafeModeRule.java:initializeRule(165)) - Refreshed total pipeline count is 0, healthy pipeline threshold count is 1
2022-07-14 05:35:15,144 [c5ffeb5e-3634-4360-91c9-d598b29e1477@group-BBF74A919ED0-StateMachineUpdater] INFO  safemode.ContainerSafeModeRule (ContainerSafeModeRule.java:reInitializeRule(177)) - Refreshed one replica container threshold 0, currentThreshold 0
2022-07-14 05:35:15,146 [c5ffeb5e-3634-4360-91c9-d598b29e1477@group-BBF74A919ED0-StateMachineUpdater] INFO  safemode.OneReplicaPipelineSafeModeRule (OneReplicaPipelineSafeModeRule.java:initializeRule(176)) - Refreshed Total pipeline count is 0, pipeline's with at least one datanode reported threshold count is 0
2022-07-14 05:35:15,146 [c5ffeb5e-3634-4360-91c9-d598b29e1477@group-BBF74A919ED0-StateMachineUpdater] INFO  server.SCMDatanodeProtocolServer (SCMDatanodeProtocolServer.java:start(186)) - ScmDatanodeProtocol RPC server for DataNodes is listening at /0.0.0.0:36365
2022-07-14 05:35:15,153 [IPC Server Responder] INFO  ipc.Server (Server.java:run(1507)) - IPC Server Responder: starting
2022-07-14 05:35:15,154 [IPC Server listener on 36365] INFO  ipc.Server (Server.java:run(1344)) - IPC Server listener on 36365: starting
2022-07-14 05:35:15,263 [Listener at 0.0.0.0/34295] INFO  server.StorageContainerManager (StorageContainerManager.java:scmBootstrap(1105)) - SCM BootStrap  is successful for ClusterID 252142cc-85ec-47ec-8abc-bbf74a919ed0, SCMID 2dd1b2fa-668a-4f00-b120-82156fdca129
2022-07-14 05:35:15,263 [Listener at 0.0.0.0/34295] INFO  server.StorageContainerManager (StorageContainerManager.java:scmBootstrap(1107)) - Primary SCM Node ID c5ffeb5e-3634-4360-91c9-d598b29e1477
2022-07-14 05:35:15,263 [Listener at 0.0.0.0/34295] WARN  server.ServerUtils (ServerUtils.java:getScmDbDir(148)) - ozone.scm.db.dirs is not configured. We recommend adding this setting. Falling back to ozone.metadata.dirs instead.
2022-07-14 05:35:15,264 [Listener at 0.0.0.0/34295] INFO  ha.SCMHANodeDetails (SCMHANodeDetails.java:loadSCMHAConfig(209)) - ServiceID for StorageContainerManager is scmServiceId
2022-07-14 05:35:15,264 [Listener at 0.0.0.0/34295] INFO  ha.SCMHANodeDetails (SCMHANodeDetails.java:loadSCMHAConfig(220)) - ServiceID for StorageContainerManager is scmServiceId
2022-07-14 05:35:15,264 [Listener at 0.0.0.0/34295] WARN  scm.ScmUtils (ScmUtils.java:logWarn(179)) - ConfigKey ozone.scm.block.client.address is deprecated, For configuring different ports for each SCM use PortConfigKey ozone.scm.block.client.port appended with serviceId and nodeId. If want to configure same port configure ozone.scm.block.client.port
2022-07-14 05:35:15,265 [Listener at 0.0.0.0/34295] WARN  scm.ScmUtils (ScmUtils.java:logWarn(179)) - ConfigKey ozone.scm.client.address is deprecated, For configuring different ports for each SCM use PortConfigKey ozone.scm.client.port appended with serviceId and nodeId. If want to configure same port configure ozone.scm.client.port
2022-07-14 05:35:15,265 [Listener at 0.0.0.0/34295] WARN  scm.ScmUtils (ScmUtils.java:logWarn(179)) - ConfigKey ozone.scm.datanode.address is deprecated, For configuring different ports for each SCM use PortConfigKey ozone.scm.datanode.port appended with serviceId and nodeId. If want to configure same port configure ozone.scm.datanode.port
2022-07-14 05:35:15,265 [Listener at 0.0.0.0/34295] WARN  scm.ScmUtils (ScmUtils.java:logWarn(179)) - ConfigKey ozone.scm.block.client.address is deprecated, For configuring different ports for each SCM use PortConfigKey ozone.scm.block.client.port appended with serviceId and nodeId. If want to configure same port configure ozone.scm.block.client.port
2022-07-14 05:35:15,265 [Listener at 0.0.0.0/34295] WARN  scm.ScmUtils (ScmUtils.java:logWarn(179)) - ConfigKey ozone.scm.client.address is deprecated, For configuring different ports for each SCM use PortConfigKey ozone.scm.client.port appended with serviceId and nodeId. If want to configure same port configure ozone.scm.client.port
2022-07-14 05:35:15,266 [Listener at 0.0.0.0/34295] WARN  scm.ScmUtils (ScmUtils.java:logWarn(179)) - ConfigKey ozone.scm.datanode.address is deprecated, For configuring different ports for each SCM use PortConfigKey ozone.scm.datanode.port appended with serviceId and nodeId. If want to configure same port configure ozone.scm.datanode.port
2022-07-14 05:35:15,266 [Listener at 0.0.0.0/34295] INFO  ha.SCMHANodeDetails (SCMHANodeDetails.java:loadSCMHAConfig(307)) - Found matching SCM address with SCMServiceId: scmServiceId, SCMNodeId: scmNode-2, RPC Address: localhost:45669 and Ratis port: 45669
2022-07-14 05:35:15,266 [Listener at 0.0.0.0/34295] INFO  ha.SCMHANodeDetails (ConfUtils.java:setNodeSpecificConfigs(97)) - Setting configuration key ozone.scm.datanode.address with value of key ozone.scm.datanode.address.scmServiceId.scmNode-2: 127.0.0.1:43653
2022-07-14 05:35:15,266 [Listener at 0.0.0.0/34295] INFO  ha.SCMHANodeDetails (ConfUtils.java:setNodeSpecificConfigs(97)) - Setting configuration key ozone.scm.block.client.address with value of key ozone.scm.block.client.address.scmServiceId.scmNode-2: 127.0.0.1:39709
2022-07-14 05:35:15,266 [Listener at 0.0.0.0/34295] INFO  ha.SCMHANodeDetails (ConfUtils.java:setNodeSpecificConfigs(97)) - Setting configuration key ozone.scm.client.address with value of key ozone.scm.client.address.scmServiceId.scmNode-2: 127.0.0.1:37683
2022-07-14 05:35:15,266 [Listener at 0.0.0.0/34295] INFO  ha.SCMHANodeDetails (ConfUtils.java:setNodeSpecificConfigs(97)) - Setting configuration key ozone.scm.ratis.port with value of key ozone.scm.ratis.port.scmServiceId.scmNode-2: 45669
2022-07-14 05:35:15,266 [Listener at 0.0.0.0/34295] INFO  ha.SCMHANodeDetails (ConfUtils.java:setNodeSpecificConfigs(97)) - Setting configuration key ozone.scm.grpc.port with value of key ozone.scm.grpc.port.scmServiceId.scmNode-2: 43915
2022-07-14 05:35:15,267 [Listener at 0.0.0.0/34295] INFO  ha.SCMHANodeDetails (ConfUtils.java:setNodeSpecificConfigs(97)) - Setting configuration key ozone.scm.http-address with value of key ozone.scm.http-address.scmServiceId.scmNode-2: 127.0.0.1:39351
2022-07-14 05:35:15,267 [Listener at 0.0.0.0/34295] INFO  ha.SCMHANodeDetails (ConfUtils.java:setNodeSpecificConfigs(97)) - Setting configuration key ozone.scm.https-address with value of key ozone.scm.https-address.scmServiceId.scmNode-2: 127.0.0.1:45821
2022-07-14 05:35:15,267 [Listener at 0.0.0.0/34295] INFO  ha.SCMHANodeDetails (ConfUtils.java:setNodeSpecificConfigs(97)) - Setting configuration key ozone.scm.address with value of key ozone.scm.address.scmServiceId.scmNode-2: 127.0.0.1
2022-07-14 05:35:15,267 [Listener at 0.0.0.0/34295] WARN  scm.ScmUtils (ScmUtils.java:logWarn(179)) - ConfigKey ozone.scm.block.client.address is deprecated, For configuring different ports for each SCM use PortConfigKey ozone.scm.block.client.port appended with serviceId and nodeId. If want to configure same port configure ozone.scm.block.client.port
2022-07-14 05:35:15,267 [Listener at 0.0.0.0/34295] WARN  scm.ScmUtils (ScmUtils.java:logWarn(179)) - ConfigKey ozone.scm.client.address is deprecated, For configuring different ports for each SCM use PortConfigKey ozone.scm.client.port appended with serviceId and nodeId. If want to configure same port configure ozone.scm.client.port
2022-07-14 05:35:15,267 [Listener at 0.0.0.0/34295] WARN  scm.ScmUtils (ScmUtils.java:logWarn(179)) - ConfigKey ozone.scm.datanode.address is deprecated, For configuring different ports for each SCM use PortConfigKey ozone.scm.datanode.port appended with serviceId and nodeId. If want to configure same port configure ozone.scm.datanode.port
2022-07-14 05:35:15,270 [Listener at 0.0.0.0/34295] WARN  utils.HAUtils (HAUtils.java:getMetaDir(342)) - ozone.scm.db.dirs is not configured. We recommend adding this setting. Falling back to ozone.metadata.dirs instead.
2022-07-14 05:35:15,271 [Listener at 0.0.0.0/34295] WARN  db.DBStoreBuilder (DBStoreBuilder.java:applyDBDefinition(145)) - ozone.scm.db.dirs is not configured. We recommend adding this setting. Falling back to ozone.metadata.dirs instead.
2022-07-14 05:35:15,410 [Listener at 0.0.0.0/34295] INFO  net.NodeSchemaLoader (NodeSchemaLoader.java:loadSchemaFromFile(129)) - Loading schema from [jar:file:/home/runner/.m2/repository/org/apache/ozone/hdds-common/1.3.0-SNAPSHOT/hdds-common-1.3.0-SNAPSHOT.jar!/network-topology-default.xml]
2022-07-14 05:35:15,410 [Listener at 0.0.0.0/34295] INFO  net.NodeSchemaLoader (NodeSchemaLoader.java:loadSchema(176)) - Loading network topology layer schema file
2022-07-14 05:35:15,413 [Listener at 0.0.0.0/34295] WARN  impl.MetricRegistriesImpl (MetricRegistriesImpl.java:addReporterRegistration(111)) - New reporters are added after registries were created. Some metrics will be missing from the reporter. Please add reporter before adding any new registry.
2022-07-14 05:35:15,413 [Listener at 0.0.0.0/34295] WARN  impl.MetricRegistriesImpl (MetricRegistriesImpl.java:addReporterRegistration(111)) - New reporters are added after registries were created. Some metrics will be missing from the reporter. Please add reporter before adding any new registry.
2022-07-14 05:35:15,414 [Listener at 0.0.0.0/34295] INFO  ha.SCMRatisServerImpl (SCMRatisServerImpl.java:<init>(88)) - starting Raft server for scm:2dd1b2fa-668a-4f00-b120-82156fdca129
2022-07-14 05:35:15,415 [Listener at 0.0.0.0/34295] INFO  server.RaftServer (ConfUtils.java:logGet(46)) - raft.rpc.type = GRPC (default)
2022-07-14 05:35:15,415 [Listener at 0.0.0.0/34295] INFO  grpc.GrpcFactory (GrpcFactory.java:checkPooledByteBufAllocatorUseCacheForAllThreads(48)) - PERFORMANCE WARNING: useCacheForAllThreads is true that may cause Netty to create a lot garbage objects and, as a result, trigger GC.
	It is recommended to disable useCacheForAllThreads by setting -Dorg.apache.ratis.thirdparty.io.netty.allocator.useCacheForAllThreads=false in command line.
2022-07-14 05:35:15,415 [Listener at 0.0.0.0/34295] INFO  grpc.GrpcConfigKeys (ConfUtils.java:logGet(46)) - raft.grpc.admin.port = -1 (default)
2022-07-14 05:35:15,415 [Listener at 0.0.0.0/34295] INFO  grpc.GrpcConfigKeys (ConfUtils.java:logGet(46)) - raft.grpc.server.port = 45669 (custom)
2022-07-14 05:35:15,416 [Listener at 0.0.0.0/34295] INFO  grpc.GrpcConfigKeys (ConfUtils.java:logGet(46)) - raft.grpc.client.port = -1 (default)
2022-07-14 05:35:15,416 [Listener at 0.0.0.0/34295] INFO  grpc.GrpcConfigKeys (ConfUtils.java:logGet(46)) - raft.grpc.server.port = 45669 (custom)
2022-07-14 05:35:15,416 [Listener at 0.0.0.0/34295] INFO  grpc.GrpcConfigKeys (ConfUtils.java:logGet(46)) - raft.grpc.server.port = 45669 (custom)
2022-07-14 05:35:15,416 [Listener at 0.0.0.0/34295] INFO  server.GrpcService (ConfUtils.java:logGet(46)) - raft.grpc.message.size.max = 32m (=33554432) (custom)
2022-07-14 05:35:15,416 [Listener at 0.0.0.0/34295] INFO  server.RaftServerConfigKeys (ConfUtils.java:logGet(46)) - raft.server.log.appender.buffer.byte-limit = 33554432 (custom)
2022-07-14 05:35:15,416 [Listener at 0.0.0.0/34295] INFO  server.GrpcService (ConfUtils.java:logGet(46)) - raft.grpc.flow.control.window = 1MB (=1048576) (default)
2022-07-14 05:35:15,416 [Listener at 0.0.0.0/34295] INFO  server.RaftServerConfigKeys (ConfUtils.java:logGet(46)) - raft.server.rpc.request.timeout = 30000ms (custom)
2022-07-14 05:35:15,417 [Listener at 0.0.0.0/34295] INFO  grpc.GrpcConfigKeys (ConfUtils.java:logGet(46)) - raft.grpc.server.async.request.thread.pool.cached = true (default)
2022-07-14 05:35:15,417 [Listener at 0.0.0.0/34295] INFO  grpc.GrpcConfigKeys (ConfUtils.java:logGet(46)) - raft.grpc.server.async.request.thread.pool.size = 32 (default)
2022-07-14 05:35:15,418 [Listener at 0.0.0.0/34295] INFO  impl.DataStreamServerImpl (ConfUtils.java:logGet(46)) - raft.datastream.type = DISABLED (default)
2022-07-14 05:35:15,418 [Listener at 0.0.0.0/34295] INFO  server.RaftServerConfigKeys (ConfUtils.java:logGet(46)) - raft.server.threadpool.proxy.cached = true (default)
2022-07-14 05:35:15,418 [Listener at 0.0.0.0/34295] INFO  server.RaftServerConfigKeys (ConfUtils.java:logGet(46)) - raft.server.threadpool.proxy.size = 0 (default)
2022-07-14 05:35:15,419 [Listener at 0.0.0.0/34295] INFO  server.RaftServerConfigKeys (ConfUtils.java:logGet(46)) - raft.server.rpc.slowness.timeout = 120000ms (custom)
2022-07-14 05:35:15,419 [Listener at 0.0.0.0/34295] INFO  server.RaftServerConfigKeys (ConfUtils.java:logGet(46)) - raft.server.leaderelection.leader.step-down.wait-time = 10s (default)
2022-07-14 05:35:15,419 [Listener at 0.0.0.0/34295] INFO  server.RaftServerConfigKeys (ConfUtils.java:logGet(46)) - raft.server.storage.dir = [/home/runner/work/ozone/ozone/hadoop-ozone/integration-test/target/test-dir/MiniOzoneClusterImpl-252142cc-85ec-47ec-8abc-bbf74a919ed0/scmNode-2/scm-ha] (custom)
2022-07-14 05:35:15,423 [Listener at 0.0.0.0/34295] INFO  server.RaftServer (RaftServerProxy.java:addNew(96)) - 2dd1b2fa-668a-4f00-b120-82156fdca129: addNew group-BBF74A919ED0:[] returns group-BBF74A919ED0:java.util.concurrent.CompletableFuture@70e32ee3[Not completed]
2022-07-14 05:35:15,424 [pool-54-thread-1] INFO  server.RaftServer$Division (RaftServerImpl.java:<init>(190)) - 2dd1b2fa-668a-4f00-b120-82156fdca129: new RaftServerImpl for group-BBF74A919ED0:[] with SCMStateMachine:uninitialized
2022-07-14 05:35:15,424 [pool-54-thread-1] INFO  server.RaftServerConfigKeys (ConfUtils.java:logGet(46)) - raft.server.rpc.timeout.min = 5000ms (custom)
2022-07-14 05:35:15,424 [pool-54-thread-1] INFO  server.RaftServerConfigKeys (ConfUtils.java:logGet(46)) - raft.server.rpc.timeout.max = 5200ms (custom)
2022-07-14 05:35:15,424 [pool-54-thread-1] INFO  server.RaftServerConfigKeys (ConfUtils.java:logGet(46)) - raft.server.rpc.sleep.time = 25ms (default)
2022-07-14 05:35:15,425 [pool-54-thread-1] INFO  server.RaftServerConfigKeys (ConfUtils.java:logGet(46)) - raft.server.rpc.slowness.timeout = 120000ms (custom)
2022-07-14 05:35:15,425 [pool-54-thread-1] INFO  server.RaftServerConfigKeys (ConfUtils.java:logGet(46)) - raft.server.leaderelection.leader.step-down.wait-time = 10s (default)
2022-07-14 05:35:15,425 [pool-54-thread-1] INFO  server.RaftServerConfigKeys (ConfUtils.java:logGet(46)) - raft.server.sleep.deviation.threshold = 300ms (default)
2022-07-14 05:35:15,425 [pool-54-thread-1] INFO  server.RaftServer$Division (ServerState.java:<init>(107)) - 2dd1b2fa-668a-4f00-b120-82156fdca129@group-BBF74A919ED0: ConfigurationManager, init=-1: [], old=null, confs=<EMPTY_MAP>
2022-07-14 05:35:15,425 [pool-54-thread-1] INFO  server.RaftServerConfigKeys (ConfUtils.java:logGet(46)) - raft.server.storage.dir = [/home/runner/work/ozone/ozone/hadoop-ozone/integration-test/target/test-dir/MiniOzoneClusterImpl-252142cc-85ec-47ec-8abc-bbf74a919ed0/scmNode-2/scm-ha] (custom)
2022-07-14 05:35:15,425 [pool-54-thread-1] INFO  server.RaftServerConfigKeys (ConfUtils.java:logGet(46)) - raft.server.log.corruption.policy = EXCEPTION (default)
2022-07-14 05:35:15,425 [pool-54-thread-1] INFO  server.RaftServerConfigKeys (ConfUtils.java:logGet(46)) - raft.server.storage.free-space.min = 0MB (=0) (default)
2022-07-14 05:35:15,426 [pool-54-thread-1] INFO  storage.RaftStorageDirectory (RaftStorageDirectoryImpl.java:analyzeStorage(135)) - The storage directory /home/runner/work/ozone/ozone/hadoop-ozone/integration-test/target/test-dir/MiniOzoneClusterImpl-252142cc-85ec-47ec-8abc-bbf74a919ed0/scmNode-2/scm-ha/252142cc-85ec-47ec-8abc-bbf74a919ed0 does not exist. Creating ...
2022-07-14 05:35:15,427 [pool-54-thread-1] INFO  storage.RaftStorageDirectory (RaftStorageDirectoryImpl.java:tryLock(230)) - Lock on /home/runner/work/ozone/ozone/hadoop-ozone/integration-test/target/test-dir/MiniOzoneClusterImpl-252142cc-85ec-47ec-8abc-bbf74a919ed0/scmNode-2/scm-ha/252142cc-85ec-47ec-8abc-bbf74a919ed0/in_use.lock acquired by nodename 26111@fv-az444-907
2022-07-14 05:35:15,429 [pool-54-thread-1] INFO  storage.RaftStorage (RaftStorageImpl.java:format(89)) - Storage directory /home/runner/work/ozone/ozone/hadoop-ozone/integration-test/target/test-dir/MiniOzoneClusterImpl-252142cc-85ec-47ec-8abc-bbf74a919ed0/scmNode-2/scm-ha/252142cc-85ec-47ec-8abc-bbf74a919ed0 has been successfully formatted.
2022-07-14 05:35:15,429 [pool-54-thread-1] INFO  server.RaftServerConfigKeys (ConfUtils.java:logGet(46)) - raft.server.notification.no-leader.timeout = 60s (default)
2022-07-14 05:35:15,429 [pool-54-thread-1] INFO  server.RaftServerConfigKeys (ConfUtils.java:logGet(46)) - raft.server.log.use.memory = false (default)
2022-07-14 05:35:15,430 [pool-54-thread-1] INFO  server.RaftServerConfigKeys (ConfUtils.java:logGet(46)) - raft.server.log.purge.gap = 1000000 (custom)
2022-07-14 05:35:15,430 [pool-54-thread-1] INFO  server.RaftServerConfigKeys (ConfUtils.java:logGet(46)) - raft.server.log.appender.buffer.byte-limit = 33554432 (custom)
2022-07-14 05:35:15,430 [pool-54-thread-1] INFO  server.RaftServerConfigKeys (ConfUtils.java:logGet(46)) - raft.server.log.statemachine.data.read.timeout = 1000ms (default)
2022-07-14 05:35:15,430 [pool-54-thread-1] INFO  server.RaftServerConfigKeys (ConfUtils.java:logGet(46)) - raft.server.log.segment.size.max = 4194304 (custom)
2022-07-14 05:35:15,431 [pool-54-thread-1] INFO  server.RaftServerConfigKeys (ConfUtils.java:logGet(46)) - raft.server.log.segment.cache.num.max = 2 (custom)
2022-07-14 05:35:15,431 [pool-54-thread-1] INFO  server.RaftServerConfigKeys (ConfUtils.java:logGet(46)) - raft.server.log.segment.cache.size.max = 200MB (=209715200) (default)
2022-07-14 05:35:15,431 [pool-54-thread-1] INFO  segmented.SegmentedRaftLogWorker (SegmentedRaftLogWorker.java:<init>(187)) - new 2dd1b2fa-668a-4f00-b120-82156fdca129@group-BBF74A919ED0-SegmentedRaftLogWorker for RaftStorageImpl:Storage Directory /home/runner/work/ozone/ozone/hadoop-ozone/integration-test/target/test-dir/MiniOzoneClusterImpl-252142cc-85ec-47ec-8abc-bbf74a919ed0/scmNode-2/scm-ha/252142cc-85ec-47ec-8abc-bbf74a919ed0
2022-07-14 05:35:15,431 [pool-54-thread-1] INFO  server.RaftServerConfigKeys (ConfUtils.java:logGet(46)) - raft.server.log.queue.byte-limit = 64MB (=67108864) (default)
2022-07-14 05:35:15,432 [pool-54-thread-1] INFO  server.RaftServerConfigKeys (ConfUtils.java:logGet(46)) - raft.server.log.queue.element-limit = 4096 (default)
2022-07-14 05:35:15,432 [pool-54-thread-1] INFO  server.RaftServerConfigKeys (ConfUtils.java:logGet(46)) - raft.server.log.segment.size.max = 4194304 (custom)
2022-07-14 05:35:15,432 [pool-54-thread-1] INFO  server.RaftServerConfigKeys (ConfUtils.java:logGet(46)) - raft.server.log.preallocated.size = 4194304 (custom)
2022-07-14 05:35:15,432 [pool-54-thread-1] INFO  server.RaftServerConfigKeys (ConfUtils.java:logGet(46)) - raft.server.log.force.sync.num = 128 (default)
2022-07-14 05:35:15,432 [pool-54-thread-1] INFO  server.RaftServerConfigKeys (ConfUtils.java:logGet(46)) - raft.server.log.statemachine.data.sync = true (default)
2022-07-14 05:35:15,432 [pool-54-thread-1] INFO  server.RaftServerConfigKeys (ConfUtils.java:logGet(46)) - raft.server.log.statemachine.data.sync.timeout = 10s (default)
2022-07-14 05:35:15,432 [pool-54-thread-1] INFO  server.RaftServerConfigKeys (ConfUtils.java:logGet(46)) - raft.server.log.statemachine.data.sync.timeout.retry = -1 (default)
2022-07-14 05:35:15,434 [pool-54-thread-1] INFO  server.RaftServerConfigKeys (ConfUtils.java:logGet(46)) - raft.server.log.write.buffer.size = 64KB (=65536) (default)
2022-07-14 05:35:15,434 [pool-54-thread-1] INFO  server.RaftServerConfigKeys (ConfUtils.java:logGet(46)) - raft.server.log.unsafe-flush.enabled = false (default)
2022-07-14 05:35:15,434 [pool-54-thread-1] INFO  server.RaftServerConfigKeys (ConfUtils.java:logGet(46)) - raft.server.log.statemachine.data.caching.enabled = false (default)
2022-07-14 05:35:15,434 [pool-54-thread-1] INFO  segmented.SegmentedRaftLogWorker (SegmentedRaftLogWorker.java:lambda$new$0(135)) - 2dd1b2fa-668a-4f00-b120-82156fdca129@group-BBF74A919ED0-SegmentedRaftLogWorker: flushIndex: setUnconditionally 0 -> -1
2022-07-14 05:35:15,435 [pool-54-thread-1] INFO  segmented.SegmentedRaftLogWorker (SegmentedRaftLogWorker.java:lambda$new$0(135)) - 2dd1b2fa-668a-4f00-b120-82156fdca129@group-BBF74A919ED0-SegmentedRaftLogWorker: safeCacheEvictIndex: setUnconditionally 0 -> -1
2022-07-14 05:35:15,439 [pool-54-thread-1] INFO  server.RaftServerConfigKeys (ConfUtils.java:logGet(46)) - raft.server.snapshot.auto.trigger.enabled = true (custom)
2022-07-14 05:35:15,439 [pool-54-thread-1] INFO  server.RaftServerConfigKeys (ConfUtils.java:logGet(46)) - raft.server.snapshot.auto.trigger.threshold = 1000 (custom)
2022-07-14 05:35:15,439 [pool-54-thread-1] INFO  server.RaftServerConfigKeys (ConfUtils.java:logGet(46)) - raft.server.snapshot.retention.file.num = -1 (default)
2022-07-14 05:35:15,439 [pool-54-thread-1] INFO  server.RaftServerConfigKeys (ConfUtils.java:logGet(46)) - raft.server.log.purge.upto.snapshot.index = false (default)
2022-07-14 05:35:15,440 [pool-54-thread-1] INFO  server.RaftServerConfigKeys (ConfUtils.java:logGet(46)) - raft.server.retrycache.expirytime = 60000ms (default)
2022-07-14 05:35:15,440 [pool-54-thread-1] INFO  server.RaftServerConfigKeys (ConfUtils.java:logGet(46)) - raft.server.retrycache.statistics.expirytime = 100μs (default)
2022-07-14 05:35:15,441 [pool-54-thread-1] INFO  server.RaftServerConfigKeys (ConfUtils.java:logGet(46)) - raft.server.log.appender.install.snapshot.enabled = false (custom)
2022-07-14 05:35:15,442 [pool-54-thread-1] INFO  server.RaftServerConfigKeys (ConfUtils.java:logGet(46)) - raft.server.threadpool.server.cached = true (default)
2022-07-14 05:35:15,442 [pool-54-thread-1] INFO  server.RaftServerConfigKeys (ConfUtils.java:logGet(46)) - raft.server.threadpool.server.size = 0 (default)
2022-07-14 05:35:15,442 [pool-54-thread-1] INFO  server.RaftServerConfigKeys (ConfUtils.java:logGet(46)) - raft.server.threadpool.client.cached = true (default)
2022-07-14 05:35:15,442 [pool-54-thread-1] INFO  server.RaftServerConfigKeys (ConfUtils.java:logGet(46)) - raft.server.threadpool.client.size = 0 (default)
2022-07-14 05:35:15,442 [Listener at 0.0.0.0/34295] INFO  ha.SCMSnapshotProvider (SCMSnapshotProvider.java:<init>(66)) - Initializing SCM Snapshot Provider
2022-07-14 05:35:15,442 [Listener at 0.0.0.0/34295] WARN  server.ServerUtils (ServerUtils.java:getDefaultRatisDirectory(237)) - Storage directory for Ratis is not configured. It is a good idea to map this to an SSD disk. Falling back to ozone.metadata.dirs
2022-07-14 05:35:15,443 [Listener at 0.0.0.0/34295] WARN  ha.SCMHAUtils (SCMHAUtils.java:getSCMRatisSnapshotDirectory(153)) - SCM snapshot dir is not configured. Falling back to ozone.metadata.dirs config
2022-07-14 05:35:15,444 [Listener at 0.0.0.0/34295] INFO  upgrade.AbstractLayoutVersionManager (AbstractLayoutVersionManager.java:init(83)) - Initializing Layout version manager with metadata layout = DATANODE_SCHEMA_V3 (version = 4), software layout = DATANODE_SCHEMA_V3 (version = 4)
2022-07-14 05:35:15,504 [Listener at 0.0.0.0/34295] INFO  reflections.Reflections (Reflections.java:scan(232)) - Reflections took 58 ms to scan 7 urls, producing 132 keys and 318 values 
2022-07-14 05:35:15,506 [Listener at 0.0.0.0/34295] INFO  ha.SequenceIdGenerator (SequenceIdGenerator.java:upgradeToSequenceId(349)) - upgrade localId to 109611004723200000
2022-07-14 05:35:15,506 [Listener at 0.0.0.0/34295] INFO  ha.SequenceIdGenerator (SequenceIdGenerator.java:upgradeToSequenceId(359)) - upgrade delTxnId to 0
2022-07-14 05:35:15,507 [Listener at 0.0.0.0/34295] INFO  ha.SequenceIdGenerator (SequenceIdGenerator.java:upgradeToSequenceId(376)) - upgrade containerId to 0
2022-07-14 05:35:15,507 [Listener at 0.0.0.0/34295] INFO  ha.SequenceIdGenerator (SequenceIdGenerator.java:<init>(220)) - Init the HA SequenceIdGenerator.
2022-07-14 05:35:15,507 [Listener at 0.0.0.0/34295] WARN  server.ServerUtils (ServerUtils.java:sanitizeUserArgs(73)) - ozone.scm.stale.node.interval value = 300000 is larger than max = 100000 based on the key value of ozone.scm.heartbeat.thread.interval, reset to the max value 100000.
2022-07-14 05:35:15,508 [Listener at 0.0.0.0/34295] WARN  server.ServerUtils (ServerUtils.java:sanitizeUserArgs(73)) - ozone.scm.stale.node.interval value = 300000 is larger than max = 100000 based on the key value of ozone.scm.heartbeat.thread.interval, reset to the max value 100000.
2022-07-14 05:35:15,508 [Listener at 0.0.0.0/34295] INFO  node.SCMNodeManager (SCMNodeManager.java:<init>(149)) - Entering startup safe mode.
2022-07-14 05:35:15,509 [Listener at 0.0.0.0/34295] INFO  algorithms.ContainerPlacementPolicyFactory (ContainerPlacementPolicyFactory.java:getPolicyInternal(86)) - Create container placement policy of type org.apache.hadoop.hdds.scm.container.placement.algorithms.SCMContainerPlacementRandom
2022-07-14 05:35:15,510 [Listener at 0.0.0.0/34295] INFO  pipeline.PipelineStateManagerImpl (PipelineStateManagerImpl.java:initialize(78)) - No pipeline exists in current db
2022-07-14 05:35:15,510 [Listener at 0.0.0.0/34295] INFO  algorithms.LeaderChoosePolicyFactory (LeaderChoosePolicyFactory.java:getPolicy(57)) - Create leader choose policy of type org.apache.hadoop.hdds.scm.pipeline.leader.choose.algorithms.MinLeaderCountChoosePolicy
2022-07-14 05:35:15,510 [Listener at 0.0.0.0/34295] INFO  algorithms.ContainerPlacementPolicyFactory (ContainerPlacementPolicyFactory.java:getPolicyInternal(86)) - Create container placement policy of type org.apache.hadoop.hdds.scm.container.placement.algorithms.SCMContainerPlacementRackScatter
2022-07-14 05:35:15,510 [Listener at 0.0.0.0/34295] INFO  ha.SCMServiceManager (SCMServiceManager.java:register(42)) - Registering service BackgroundPipelineCreator.
2022-07-14 05:35:15,510 [Listener at 0.0.0.0/34295] INFO  pipeline.BackgroundPipelineCreator (BackgroundPipelineCreator.java:start(124)) - Starting RatisPipelineUtilsThread.
2022-07-14 05:35:15,511 [Listener at 0.0.0.0/34295] INFO  BackgroundPipelineScrubber (BackgroundSCMService.java:start(68)) - Starting BackgroundPipelineScrubber Service.
2022-07-14 05:35:15,511 [Listener at 0.0.0.0/34295] INFO  ha.SCMServiceManager (SCMServiceManager.java:register(42)) - Registering service BackgroundPipelineScrubber.
2022-07-14 05:35:15,511 [Listener at 0.0.0.0/34295] INFO  ExpiredContainerReplicaOpScrubber (BackgroundSCMService.java:start(68)) - Starting ExpiredContainerReplicaOpScrubber Service.
2022-07-14 05:35:15,512 [Listener at 0.0.0.0/34295] INFO  ha.SCMServiceManager (SCMServiceManager.java:register(42)) - Registering service ExpiredContainerReplicaOpScrubber.
2022-07-14 05:35:15,513 [Listener at 0.0.0.0/34295] INFO  algorithms.PipelineChoosePolicyFactory (PipelineChoosePolicyFactory.java:createPipelineChoosePolicyFromClass(73)) - Create pipeline choose policy of type org.apache.hadoop.hdds.scm.pipeline.choose.algorithms.RandomPipelineChoosePolicy
2022-07-14 05:35:15,514 [Listener at 0.0.0.0/34295] INFO  ha.SCMServiceManager (SCMServiceManager.java:register(42)) - Registering service SCMBlockDeletingService.
2022-07-14 05:35:15,514 [Listener at 0.0.0.0/34295] INFO  replication.ReplicationManager (ReplicationManager.java:start(186)) - Starting Replication Monitor Thread.
2022-07-14 05:35:15,515 [Listener at 0.0.0.0/34295] INFO  ha.SCMServiceManager (SCMServiceManager.java:register(42)) - Registering service ReplicationManager.
2022-07-14 05:35:15,516 [Listener at 0.0.0.0/34295] INFO  safemode.ContainerSafeModeRule (ContainerSafeModeRule.java:<init>(89)) - containers with one replica threshold count 0
2022-07-14 05:35:15,517 [Listener at 0.0.0.0/34295] INFO  safemode.HealthyPipelineSafeModeRule (HealthyPipelineSafeModeRule.java:initializeRule(169)) - Total pipeline count is 0, healthy pipeline threshold count is 1
2022-07-14 05:35:15,518 [Listener at 0.0.0.0/34295] INFO  safemode.OneReplicaPipelineSafeModeRule (OneReplicaPipelineSafeModeRule.java:initializeRule(180)) - Total pipeline count is 0, pipeline's with at least one datanode reported threshold count is 0
2022-07-14 05:35:15,520 [ReplicationMonitor] INFO  replication.ReplicationManager (ReplicationManager.java:processAll(235)) - Replication Manager is not ready to run until 3000ms after safemode exit
2022-07-14 05:35:15,521 [Listener at 0.0.0.0/34295] INFO  ipc.CallQueueManager (CallQueueManager.java:<init>(90)) - Using callQueue: class java.util.concurrent.LinkedBlockingQueue, queueCapacity: 2000, scheduler: class org.apache.hadoop.ipc.DefaultRpcScheduler, ipcBackoff: false.
2022-07-14 05:35:15,522 [Socket Reader #1 for port 43653] INFO  ipc.Server (Server.java:run(1265)) - Starting Socket Reader #1 for port 43653
2022-07-14 05:35:15,524 [Listener at 0.0.0.0/43653] INFO  ipc.CallQueueManager (CallQueueManager.java:<init>(90)) - Using callQueue: class java.util.concurrent.LinkedBlockingQueue, queueCapacity: 2000, scheduler: class org.apache.hadoop.ipc.DefaultRpcScheduler, ipcBackoff: false.
2022-07-14 05:35:15,526 [Socket Reader #1 for port 39709] INFO  ipc.Server (Server.java:run(1265)) - Starting Socket Reader #1 for port 39709
2022-07-14 05:35:15,537 [Listener at 0.0.0.0/39709] INFO  ipc.CallQueueManager (CallQueueManager.java:<init>(90)) - Using callQueue: class java.util.concurrent.LinkedBlockingQueue, queueCapacity: 2000, scheduler: class org.apache.hadoop.ipc.DefaultRpcScheduler, ipcBackoff: false.
2022-07-14 05:35:15,540 [Socket Reader #1 for port 37683] INFO  ipc.Server (Server.java:run(1265)) - Starting Socket Reader #1 for port 37683
2022-07-14 05:35:15,585 [Listener at 0.0.0.0/37683] INFO  ha.SCMServiceManager (SCMServiceManager.java:register(42)) - Registering service ContainerBalancer.
2022-07-14 05:35:15,585 [Listener at 0.0.0.0/37683] INFO  server.StorageContainerManager (StorageContainerManager.java:<init>(401)) - 
Container Balancer status:
Key                            Value
Running                        false
Container Balancer Configuration values:
Key                                                Value
Threshold                                          10
Max Datanodes to Involve per Iteration(percent)    20
Max Size to Move per Iteration                     500GB
Max Size Entering Target per Iteration             26GB
Max Size Leaving Source per Iteration              26GB

2022-07-14 05:35:15,586 [Listener at 0.0.0.0/37683] WARN  events.EventQueue (EventQueue.java:fireEvent(216)) - No event handler registered for event TypedEvent{payloadType=SafeModeStatus, name='Safe mode status'}
2022-07-14 05:35:15,586 [Listener at 0.0.0.0/37683] INFO  ha.SCMContext (SCMContext.java:updateSafeModeStatus(228)) - Update SafeModeStatus from SafeModeStatus{safeModeStatus=true, preCheckPassed=false} to SafeModeStatus{safeModeStatus=true, preCheckPassed=false}.
2022-07-14 05:35:15,587 [Listener at 0.0.0.0/37683] INFO  server.StorageContainerManager (StorageContainerManager.java:start(1422)) - StorageContainerLocationProtocol RPC server is listening at /0.0.0.0:37683
2022-07-14 05:35:15,587 [Listener at 0.0.0.0/37683] INFO  ha.SCMRatisServerImpl (SCMRatisServerImpl.java:start(179)) - starting ratis server 0.0.0.0:45669
2022-07-14 05:35:15,587 [2dd1b2fa-668a-4f00-b120-82156fdca129-impl-thread1] INFO  server.RaftServer$Division (RaftServerImpl.java:start(316)) - 2dd1b2fa-668a-4f00-b120-82156fdca129@group-BBF74A919ED0: start with initializing state, conf=-1: [], old=null
2022-07-14 05:35:15,588 [2dd1b2fa-668a-4f00-b120-82156fdca129-impl-thread1] INFO  server.RaftServer$Division (RaftServerImpl.java:setRole(299)) - 2dd1b2fa-668a-4f00-b120-82156fdca129@group-BBF74A919ED0: changes role from      null to FOLLOWER at term 0 for startInitializing
2022-07-14 05:35:15,588 [2dd1b2fa-668a-4f00-b120-82156fdca129-impl-thread1] INFO  util.JmxRegister (JmxRegister.java:tryRegister(44)) - Successfully registered JMX Bean with object name Ratis:service=RaftServer,group=group-BBF74A919ED0,id=2dd1b2fa-668a-4f00-b120-82156fdca129
2022-07-14 05:35:15,591 [Listener at 0.0.0.0/37683] INFO  server.RaftServer (RaftServerProxy.java:lambda$start$6(382)) - 2dd1b2fa-668a-4f00-b120-82156fdca129: start RPC server
2022-07-14 05:35:15,594 [Listener at 0.0.0.0/37683] INFO  server.GrpcService (GrpcService.java:startImpl(260)) - 2dd1b2fa-668a-4f00-b120-82156fdca129: GrpcService started, listening on 45669
2022-07-14 05:35:15,596 [org.apache.ratis.util.JvmPauseMonitor$$Lambda$519/2035454069@4e54a9d2] INFO  util.JvmPauseMonitor (JvmPauseMonitor.java:run(103)) - JvmPauseMonitor-2dd1b2fa-668a-4f00-b120-82156fdca129: Started
2022-07-14 05:35:15,598 [Listener at 0.0.0.0/37683] INFO  ha.SCMNodeInfo (SCMNodeInfo.java:getPort(197)) - ConfigKey ozone.scm.client.address is deprecated, For configuring different ports for each SCM use PortConfigKey ozone.scm.client.port appended with serviceId and nodeId
2022-07-14 05:35:15,598 [Listener at 0.0.0.0/37683] INFO  ha.SCMNodeInfo (SCMNodeInfo.java:getPort(197)) - ConfigKey ozone.scm.block.client.address is deprecated, For configuring different ports for each SCM use PortConfigKey ozone.scm.block.client.port appended with serviceId and nodeId
2022-07-14 05:35:15,598 [Listener at 0.0.0.0/37683] INFO  ha.SCMNodeInfo (SCMNodeInfo.java:getPort(197)) - ConfigKey ozone.scm.datanode.address is deprecated, For configuring different ports for each SCM use PortConfigKey ozone.scm.datanode.port appended with serviceId and nodeId
2022-07-14 05:35:15,599 [Listener at 0.0.0.0/37683] INFO  ha.SCMNodeInfo (SCMNodeInfo.java:getPort(197)) - ConfigKey ozone.scm.client.address is deprecated, For configuring different ports for each SCM use PortConfigKey ozone.scm.client.port appended with serviceId and nodeId
2022-07-14 05:35:15,599 [Listener at 0.0.0.0/37683] INFO  ha.SCMNodeInfo (SCMNodeInfo.java:getPort(197)) - ConfigKey ozone.scm.block.client.address is deprecated, For configuring different ports for each SCM use PortConfigKey ozone.scm.block.client.port appended with serviceId and nodeId
2022-07-14 05:35:15,599 [Listener at 0.0.0.0/37683] INFO  ha.SCMNodeInfo (SCMNodeInfo.java:getPort(197)) - ConfigKey ozone.scm.datanode.address is deprecated, For configuring different ports for each SCM use PortConfigKey ozone.scm.datanode.port appended with serviceId and nodeId
2022-07-14 05:35:15,599 [Listener at 0.0.0.0/37683] INFO  proxy.SCMBlockLocationFailoverProxyProvider (SCMBlockLocationFailoverProxyProvider.java:<init>(114)) - Created block location fail-over proxy with 2 nodes: [nodeId=scmNode-3,nodeAddress=/127.0.0.1:40433, nodeId=scmNode-1,nodeAddress=/127.0.0.1:44131]
2022-07-14 05:35:15,605 [IPC Server handler 0 on default port 44131] INFO  ha.SCMRatisServerImpl (SCMRatisServerImpl.java:addSCM(302)) - c5ffeb5e-3634-4360-91c9-d598b29e1477: Submitting SetConfiguration request to Ratis server with new SCM peers list: [c5ffeb5e-3634-4360-91c9-d598b29e1477|rpc:localhost:44253|admin:|client:|dataStream:|priority:0, 2dd1b2fa-668a-4f00-b120-82156fdca129|rpc:localhost:45669|priority:0]
2022-07-14 05:35:15,623 [IPC Server handler 0 on default port 44131] INFO  server.RaftServer$Division (RaftServerImpl.java:setConfigurationAsync(1080)) - c5ffeb5e-3634-4360-91c9-d598b29e1477@group-BBF74A919ED0: receive setConfiguration SetConfigurationRequest:client-72C5B25B15C6->c5ffeb5e-3634-4360-91c9-d598b29e1477@group-BBF74A919ED0, cid=0, seq=0, RW, null, peers:[c5ffeb5e-3634-4360-91c9-d598b29e1477|rpc:localhost:44253|admin:|client:|dataStream:|priority:0, 2dd1b2fa-668a-4f00-b120-82156fdca129|rpc:localhost:45669|priority:0]
2022-07-14 05:35:15,624 [IPC Server handler 0 on default port 44131] INFO  server.RaftServer$Division (LeaderStateImpl.java:startSetConfiguration(368)) - c5ffeb5e-3634-4360-91c9-d598b29e1477@group-BBF74A919ED0-LeaderStateImpl: startSetConfiguration SetConfigurationRequest:client-72C5B25B15C6->c5ffeb5e-3634-4360-91c9-d598b29e1477@group-BBF74A919ED0, cid=0, seq=0, RW, null, peers:[c5ffeb5e-3634-4360-91c9-d598b29e1477|rpc:localhost:44253|admin:|client:|dataStream:|priority:0, 2dd1b2fa-668a-4f00-b120-82156fdca129|rpc:localhost:45669|priority:0]
2022-07-14 05:35:15,635 [IPC Server handler 0 on default port 44131] INFO  server.RaftServerConfigKeys (ConfUtils.java:logGet(46)) - raft.server.log.appender.snapshot.chunk.size.max = 16MB (=16777216) (default)
2022-07-14 05:35:15,635 [IPC Server handler 0 on default port 44131] INFO  server.RaftServerConfigKeys (ConfUtils.java:logGet(46)) - raft.server.log.appender.buffer.byte-limit = 33554432 (custom)
2022-07-14 05:35:15,636 [IPC Server handler 0 on default port 44131] INFO  server.RaftServerConfigKeys (ConfUtils.java:logGet(46)) - raft.server.log.appender.buffer.element-limit = 1024 (custom)
2022-07-14 05:35:15,641 [IPC Server handler 0 on default port 44131] INFO  grpc.GrpcConfigKeys (ConfUtils.java:logGet(46)) - raft.grpc.server.leader.outstanding.appends.max = 128 (default)
2022-07-14 05:35:15,641 [IPC Server handler 0 on default port 44131] INFO  server.RaftServerConfigKeys (ConfUtils.java:logGet(46)) - raft.server.rpc.request.timeout = 30000ms (custom)
2022-07-14 05:35:15,641 [IPC Server handler 0 on default port 44131] INFO  server.RaftServerConfigKeys (ConfUtils.java:logGet(46)) - raft.server.log.appender.install.snapshot.enabled = false (custom)
2022-07-14 05:35:15,647 [c5ffeb5e-3634-4360-91c9-d598b29e1477@group-BBF74A919ED0->2dd1b2fa-668a-4f00-b120-82156fdca129-GrpcLogAppender-LogAppenderDaemon] INFO  server.GrpcLogAppender (GrpcLogAppender.java:installSnapshot(541)) - c5ffeb5e-3634-4360-91c9-d598b29e1477@group-BBF74A919ED0->2dd1b2fa-668a-4f00-b120-82156fdca129-GrpcLogAppender: followerNextIndex = 0 but logStartIndex = 0, notify follower to install snapshot-(t:1, i:0)
2022-07-14 05:35:15,673 [c5ffeb5e-3634-4360-91c9-d598b29e1477@group-BBF74A919ED0->2dd1b2fa-668a-4f00-b120-82156fdca129-GrpcLogAppender-LogAppenderDaemon] INFO  server.GrpcLogAppender (GrpcLogAppender.java:installSnapshot(549)) - c5ffeb5e-3634-4360-91c9-d598b29e1477@group-BBF74A919ED0->2dd1b2fa-668a-4f00-b120-82156fdca129-GrpcLogAppender: send c5ffeb5e-3634-4360-91c9-d598b29e1477->2dd1b2fa-668a-4f00-b120-82156fdca129#0-t2,notify:(t:1, i:0)
2022-07-14 05:35:16,423 [grpc-default-executor-0] INFO  impl.SnapshotInstallationHandler (SnapshotInstallationHandler.java:installSnapshot(84)) - 2dd1b2fa-668a-4f00-b120-82156fdca129@group-BBF74A919ED0: receive installSnapshot: c5ffeb5e-3634-4360-91c9-d598b29e1477->2dd1b2fa-668a-4f00-b120-82156fdca129#0-t2,notify:(t:1, i:0)
2022-07-14 05:35:16,425 [grpc-default-executor-0] INFO  ha.SCMStateMachine (SCMStateMachine.java:notifyLeaderChanged(255)) - leader changed, yet current SCM is still follower.
2022-07-14 05:35:16,426 [grpc-default-executor-0] INFO  server.RaftServer$Division (ServerState.java:setLeader(287)) - 2dd1b2fa-668a-4f00-b120-82156fdca129@group-BBF74A919ED0: change Leader from null to c5ffeb5e-3634-4360-91c9-d598b29e1477 at term 2 for installSnapshot, leader elected after 996ms
2022-07-14 05:35:16,428 [grpc-default-executor-0] INFO  impl.SnapshotInstallationHandler (SnapshotInstallationHandler.java:notifyStateMachineToInstallSnapshot(215)) - 2dd1b2fa-668a-4f00-b120-82156fdca129@group-BBF74A919ED0: Received notification to install snapshot at index 0
2022-07-14 05:35:16,429 [grpc-default-executor-0] INFO  impl.SnapshotInstallationHandler (SnapshotInstallationHandler.java:notifyStateMachineToInstallSnapshot(224)) - 2dd1b2fa-668a-4f00-b120-82156fdca129@group-BBF74A919ED0: InstallSnapshot notification result: ALREADY_INSTALLED, current snapshot index: -1
2022-07-14 05:35:16,541 [grpc-default-executor-0] INFO  impl.SnapshotInstallationHandler (SnapshotInstallationHandler.java:installSnapshotImpl(129)) - 2dd1b2fa-668a-4f00-b120-82156fdca129@group-BBF74A919ED0: set new configuration index: 1
configurationEntry {
  peers {
    id: "c5ffeb5e-3634-4360-91c9-d598b29e1477"
    address: "localhost:44253"
  }
}
 from snapshot
2022-07-14 05:35:16,542 [grpc-default-executor-0] INFO  server.RaftServer$Division (ServerState.java:setRaftConf(393)) - 2dd1b2fa-668a-4f00-b120-82156fdca129@group-BBF74A919ED0: set configuration 1: [c5ffeb5e-3634-4360-91c9-d598b29e1477|rpc:localhost:44253|admin:|client:|dataStream:|priority:0], old=null
2022-07-14 05:35:16,543 [grpc-default-executor-0] INFO  impl.SnapshotInstallationHandler (SnapshotInstallationHandler.java:installSnapshot(95)) - 2dd1b2fa-668a-4f00-b120-82156fdca129@group-BBF74A919ED0: reply installSnapshot: c5ffeb5e-3634-4360-91c9-d598b29e1477<-2dd1b2fa-668a-4f00-b120-82156fdca129#0:FAIL-t0,ALREADY_INSTALLED
2022-07-14 05:35:16,551 [grpc-default-executor-0] INFO  server.GrpcServerProtocolService (GrpcServerProtocolService.java:onCompleted(140)) - 2dd1b2fa-668a-4f00-b120-82156fdca129: Completed INSTALL_SNAPSHOT, lastRequest: c5ffeb5e-3634-4360-91c9-d598b29e1477->2dd1b2fa-668a-4f00-b120-82156fdca129#0-t2,notify:(t:1, i:0)
2022-07-14 05:35:16,565 [grpc-default-executor-0] INFO  server.GrpcLogAppender (GrpcLogAppender.java:onNext(403)) - c5ffeb5e-3634-4360-91c9-d598b29e1477@group-BBF74A919ED0->2dd1b2fa-668a-4f00-b120-82156fdca129-InstallSnapshotResponseHandler: received the first reply c5ffeb5e-3634-4360-91c9-d598b29e1477<-2dd1b2fa-668a-4f00-b120-82156fdca129#0:FAIL-t0,ALREADY_INSTALLED
2022-07-14 05:35:16,567 [grpc-default-executor-0] INFO  server.GrpcLogAppender (GrpcLogAppender.java:onNext(426)) - c5ffeb5e-3634-4360-91c9-d598b29e1477@group-BBF74A919ED0->2dd1b2fa-668a-4f00-b120-82156fdca129-InstallSnapshotResponseHandler: Follower snapshot is already at index 0.
2022-07-14 05:35:16,571 [grpc-default-executor-0] INFO  leader.FollowerInfo (FollowerInfoImpl.java:lambda$new$0(48)) - c5ffeb5e-3634-4360-91c9-d598b29e1477@group-BBF74A919ED0->2dd1b2fa-668a-4f00-b120-82156fdca129: snapshotIndex: setUnconditionally 0 -> 0
2022-07-14 05:35:16,571 [grpc-default-executor-0] INFO  leader.FollowerInfo (FollowerInfoImpl.java:lambda$new$0(48)) - c5ffeb5e-3634-4360-91c9-d598b29e1477@group-BBF74A919ED0->2dd1b2fa-668a-4f00-b120-82156fdca129: matchIndex: setUnconditionally 0 -> 0
2022-07-14 05:35:16,571 [grpc-default-executor-0] INFO  leader.FollowerInfo (FollowerInfoImpl.java:lambda$new$0(48)) - c5ffeb5e-3634-4360-91c9-d598b29e1477@group-BBF74A919ED0->2dd1b2fa-668a-4f00-b120-82156fdca129: nextIndex: setUnconditionally 0 -> 1
2022-07-14 05:35:16,571 [grpc-default-executor-0] INFO  leader.FollowerInfo (FollowerInfoImpl.java:setAttemptedToInstallSnapshot(118)) - Follower c5ffeb5e-3634-4360-91c9-d598b29e1477@group-BBF74A919ED0->2dd1b2fa-668a-4f00-b120-82156fdca129 acknowledged installing snapshot
2022-07-14 05:35:16,571 [grpc-default-executor-0] INFO  leader.FollowerInfo (FollowerInfoImpl.java:lambda$new$0(48)) - c5ffeb5e-3634-4360-91c9-d598b29e1477@group-BBF74A919ED0->2dd1b2fa-668a-4f00-b120-82156fdca129: nextIndex: updateToMax old=1, new=1, updated? false
2022-07-14 05:35:16,600 [2dd1b2fa-668a-4f00-b120-82156fdca129-server-thread1] INFO  impl.RoleInfo (RoleInfo.java:updateAndGet(139)) - 2dd1b2fa-668a-4f00-b120-82156fdca129: start 2dd1b2fa-668a-4f00-b120-82156fdca129@group-BBF74A919ED0-FollowerState
2022-07-14 05:35:16,601 [2dd1b2fa-668a-4f00-b120-82156fdca129-server-thread1] INFO  server.RaftServer$Division (RaftServerImpl.java:checkInconsistentAppendEntries(1424)) - 2dd1b2fa-668a-4f00-b120-82156fdca129@group-BBF74A919ED0: Failed appendEntries as previous log entry ((t:1, i:0)) is not found
2022-07-14 05:35:16,606 [2dd1b2fa-668a-4f00-b120-82156fdca129-server-thread1] INFO  server.RaftServer$Division (RaftServerImpl.java:checkInconsistentAppendEntries(1394)) - 2dd1b2fa-668a-4f00-b120-82156fdca129@group-BBF74A919ED0: inconsistency entries. Reply:c5ffeb5e-3634-4360-91c9-d598b29e1477<-2dd1b2fa-668a-4f00-b120-82156fdca129#0:FAIL-t2,INCONSISTENCY,nextIndex=0,followerCommit=-1
2022-07-14 05:35:16,610 [2dd1b2fa-668a-4f00-b120-82156fdca129-server-thread1] INFO  server.RaftServer$Division (RaftServerImpl.java:checkInconsistentAppendEntries(1424)) - 2dd1b2fa-668a-4f00-b120-82156fdca129@group-BBF74A919ED0: Failed appendEntries as previous log entry ((t:1, i:0)) is not found
2022-07-14 05:35:16,610 [2dd1b2fa-668a-4f00-b120-82156fdca129-server-thread1] INFO  server.RaftServer$Division (RaftServerImpl.java:checkInconsistentAppendEntries(1394)) - 2dd1b2fa-668a-4f00-b120-82156fdca129@group-BBF74A919ED0: inconsistency entries. Reply:c5ffeb5e-3634-4360-91c9-d598b29e1477<-2dd1b2fa-668a-4f00-b120-82156fdca129#1:FAIL-t2,INCONSISTENCY,nextIndex=0,followerCommit=-1
2022-07-14 05:35:16,612 [grpc-default-executor-1] INFO  leader.FollowerInfo (FollowerInfoImpl.java:lambda$new$0(48)) - c5ffeb5e-3634-4360-91c9-d598b29e1477@group-BBF74A919ED0->2dd1b2fa-668a-4f00-b120-82156fdca129: nextIndex: updateUnconditionally 3 -> 0
2022-07-14 05:35:16,616 [grpc-default-executor-1] INFO  leader.FollowerInfo (FollowerInfoImpl.java:lambda$new$0(48)) - c5ffeb5e-3634-4360-91c9-d598b29e1477@group-BBF74A919ED0->2dd1b2fa-668a-4f00-b120-82156fdca129: nextIndex: updateUnconditionally 3 -> 0
2022-07-14 05:35:16,622 [2dd1b2fa-668a-4f00-b120-82156fdca129-server-thread1] INFO  server.RaftServer$Division (ServerState.java:setRaftConf(393)) - 2dd1b2fa-668a-4f00-b120-82156fdca129@group-BBF74A919ED0: set configuration 0: [c5ffeb5e-3634-4360-91c9-d598b29e1477|rpc:localhost:44253|admin:|client:|dataStream:|priority:0], old=null
2022-07-14 05:35:16,622 [2dd1b2fa-668a-4f00-b120-82156fdca129-server-thread1] INFO  server.RaftServer$Division (ServerState.java:setRaftConf(393)) - 2dd1b2fa-668a-4f00-b120-82156fdca129@group-BBF74A919ED0: set configuration 1: [c5ffeb5e-3634-4360-91c9-d598b29e1477|rpc:localhost:44253|admin:|client:|dataStream:|priority:0], old=null
2022-07-14 05:35:16,622 [2dd1b2fa-668a-4f00-b120-82156fdca129-server-thread1] INFO  segmented.SegmentedRaftLogWorker (SegmentedRaftLogWorker.java:startLogSegment(425)) - 2dd1b2fa-668a-4f00-b120-82156fdca129@group-BBF74A919ED0-SegmentedRaftLogWorker: Starting segment from index:0
2022-07-14 05:35:16,627 [2dd1b2fa-668a-4f00-b120-82156fdca129-server-thread1] INFO  segmented.SegmentedRaftLogWorker (SegmentedRaftLogWorker.java:rollLogSegment(430)) - 2dd1b2fa-668a-4f00-b120-82156fdca129@group-BBF74A919ED0-SegmentedRaftLogWorker: Rolling segment log-0_0 to index:0
2022-07-14 05:35:16,634 [2dd1b2fa-668a-4f00-b120-82156fdca129-server-thread1] INFO  server.RaftServer$Division (ServerState.java:setRaftConf(393)) - 2dd1b2fa-668a-4f00-b120-82156fdca129@group-BBF74A919ED0: set configuration 0: [c5ffeb5e-3634-4360-91c9-d598b29e1477|rpc:localhost:44253|admin:|client:|dataStream:|priority:0], old=null
2022-07-14 05:35:16,634 [2dd1b2fa-668a-4f00-b120-82156fdca129-server-thread1] INFO  server.RaftServer$Division (ServerState.java:setRaftConf(393)) - 2dd1b2fa-668a-4f00-b120-82156fdca129@group-BBF74A919ED0: set configuration 1: [c5ffeb5e-3634-4360-91c9-d598b29e1477|rpc:localhost:44253|admin:|client:|dataStream:|priority:0], old=null
2022-07-14 05:35:16,637 [2dd1b2fa-668a-4f00-b120-82156fdca129@group-BBF74A919ED0-SegmentedRaftLogWorker] INFO  segmented.SegmentedRaftLogWorker (SegmentedRaftLogWorker.java:execute(629)) - 2dd1b2fa-668a-4f00-b120-82156fdca129@group-BBF74A919ED0-SegmentedRaftLogWorker: created new log segment /home/runner/work/ozone/ozone/hadoop-ozone/integration-test/target/test-dir/MiniOzoneClusterImpl-252142cc-85ec-47ec-8abc-bbf74a919ed0/scmNode-2/scm-ha/252142cc-85ec-47ec-8abc-bbf74a919ed0/current/log_inprogress_0
2022-07-14 05:35:16,641 [2dd1b2fa-668a-4f00-b120-82156fdca129@group-BBF74A919ED0-SegmentedRaftLogWorker] INFO  segmented.SegmentedRaftLogWorker (SegmentedRaftLogWorker.java:execute(586)) - 2dd1b2fa-668a-4f00-b120-82156fdca129@group-BBF74A919ED0-SegmentedRaftLogWorker: Rolled log segment from /home/runner/work/ozone/ozone/hadoop-ozone/integration-test/target/test-dir/MiniOzoneClusterImpl-252142cc-85ec-47ec-8abc-bbf74a919ed0/scmNode-2/scm-ha/252142cc-85ec-47ec-8abc-bbf74a919ed0/current/log_inprogress_0 to /home/runner/work/ozone/ozone/hadoop-ozone/integration-test/target/test-dir/MiniOzoneClusterImpl-252142cc-85ec-47ec-8abc-bbf74a919ed0/scmNode-2/scm-ha/252142cc-85ec-47ec-8abc-bbf74a919ed0/current/log_0-0
2022-07-14 05:35:16,652 [2dd1b2fa-668a-4f00-b120-82156fdca129@group-BBF74A919ED0-SegmentedRaftLogWorker] INFO  segmented.SegmentedRaftLogWorker (SegmentedRaftLogWorker.java:execute(629)) - 2dd1b2fa-668a-4f00-b120-82156fdca129@group-BBF74A919ED0-SegmentedRaftLogWorker: created new log segment /home/runner/work/ozone/ozone/hadoop-ozone/integration-test/target/test-dir/MiniOzoneClusterImpl-252142cc-85ec-47ec-8abc-bbf74a919ed0/scmNode-2/scm-ha/252142cc-85ec-47ec-8abc-bbf74a919ed0/current/log_inprogress_1
2022-07-14 05:35:16,659 [2dd1b2fa-668a-4f00-b120-82156fdca129@group-BBF74A919ED0-StateMachineUpdater] INFO  safemode.HealthyPipelineSafeModeRule (HealthyPipelineSafeModeRule.java:initializeRule(165)) - Refreshed total pipeline count is 0, healthy pipeline threshold count is 1
2022-07-14 05:35:16,660 [2dd1b2fa-668a-4f00-b120-82156fdca129@group-BBF74A919ED0-StateMachineUpdater] INFO  safemode.ContainerSafeModeRule (ContainerSafeModeRule.java:reInitializeRule(177)) - Refreshed one replica container threshold 0, currentThreshold 0
2022-07-14 05:35:16,660 [2dd1b2fa-668a-4f00-b120-82156fdca129@group-BBF74A919ED0-StateMachineUpdater] INFO  safemode.OneReplicaPipelineSafeModeRule (OneReplicaPipelineSafeModeRule.java:initializeRule(176)) - Refreshed Total pipeline count is 0, pipeline's with at least one datanode reported threshold count is 0
2022-07-14 05:35:16,660 [2dd1b2fa-668a-4f00-b120-82156fdca129@group-BBF74A919ED0-StateMachineUpdater] INFO  server.SCMDatanodeProtocolServer (SCMDatanodeProtocolServer.java:start(186)) - ScmDatanodeProtocol RPC server for DataNodes is listening at /0.0.0.0:43653
2022-07-14 05:35:16,680 [IPC Server listener on 43653] INFO  ipc.Server (Server.java:run(1344)) - IPC Server listener on 43653: starting
2022-07-14 05:35:16,681 [IPC Server Responder] INFO  ipc.Server (Server.java:run(1507)) - IPC Server Responder: starting
2022-07-14 05:35:16,683 [c5ffeb5e-3634-4360-91c9-d598b29e1477@group-BBF74A919ED0-LeaderStateImpl] INFO  server.RaftServer$Division (ServerState.java:setRaftConf(393)) - c5ffeb5e-3634-4360-91c9-d598b29e1477@group-BBF74A919ED0: set configuration 3: [2dd1b2fa-668a-4f00-b120-82156fdca129|rpc:localhost:45669|priority:0, c5ffeb5e-3634-4360-91c9-d598b29e1477|rpc:localhost:44253|admin:|client:|dataStream:|priority:0], old=[c5ffeb5e-3634-4360-91c9-d598b29e1477|rpc:localhost:44253|admin:|client:|dataStream:|priority:0]
2022-07-14 05:35:16,694 [2dd1b2fa-668a-4f00-b120-82156fdca129-server-thread1] INFO  server.RaftServer$Division (ServerState.java:setRaftConf(393)) - 2dd1b2fa-668a-4f00-b120-82156fdca129@group-BBF74A919ED0: set configuration 3: [2dd1b2fa-668a-4f00-b120-82156fdca129|rpc:localhost:45669|admin:|client:|dataStream:|priority:0, c5ffeb5e-3634-4360-91c9-d598b29e1477|rpc:localhost:44253|admin:|client:|dataStream:|priority:0], old=[c5ffeb5e-3634-4360-91c9-d598b29e1477|rpc:localhost:44253|admin:|client:|dataStream:|priority:0]
2022-07-14 05:35:16,702 [c5ffeb5e-3634-4360-91c9-d598b29e1477@group-BBF74A919ED0-LeaderStateImpl] INFO  server.RaftServer$Division (ServerState.java:setRaftConf(393)) - c5ffeb5e-3634-4360-91c9-d598b29e1477@group-BBF74A919ED0: set configuration 5: [2dd1b2fa-668a-4f00-b120-82156fdca129|rpc:localhost:45669|priority:0, c5ffeb5e-3634-4360-91c9-d598b29e1477|rpc:localhost:44253|admin:|client:|dataStream:|priority:0], old=null
2022-07-14 05:35:16,713 [2dd1b2fa-668a-4f00-b120-82156fdca129-server-thread1] INFO  server.RaftServer$Division (ServerState.java:setRaftConf(393)) - 2dd1b2fa-668a-4f00-b120-82156fdca129@group-BBF74A919ED0: set configuration 5: [2dd1b2fa-668a-4f00-b120-82156fdca129|rpc:localhost:45669|admin:|client:|dataStream:|priority:0, c5ffeb5e-3634-4360-91c9-d598b29e1477|rpc:localhost:44253|admin:|client:|dataStream:|priority:0], old=null
2022-07-14 05:35:16,723 [IPC Server handler 0 on default port 44131] INFO  ha.SCMRatisServerImpl (SCMRatisServerImpl.java:addSCM(313)) - Successfully added new SCM: 2dd1b2fa-668a-4f00-b120-82156fdca129.
2022-07-14 05:35:16,727 [Listener at 0.0.0.0/37683] INFO  ha.SCMHAManagerImpl (SCMHAManagerImpl.java:start(117)) - Successfully added SCM scmNode-2 to group group-BBF74A919ED0:[2dd1b2fa-668a-4f00-b120-82156fdca129|rpc:localhost:45669|admin:|client:|dataStream:|priority:0, c5ffeb5e-3634-4360-91c9-d598b29e1477|rpc:localhost:44253|admin:|client:|dataStream:|priority:0]
2022-07-14 05:35:16,727 [Listener at 0.0.0.0/37683] INFO  ha.InterSCMGrpcService (InterSCMGrpcProtocolService.java:start(94)) - Starting SCM Grpc Service at port 43915
2022-07-14 05:35:16,739 [Listener at 0.0.0.0/37683] INFO  impl.MetricsSystemImpl (MetricsSystemImpl.java:init(158)) - StorageContainerManager metrics system started (again)
2022-07-14 05:35:16,754 [Listener at 0.0.0.0/37683] INFO  server.SCMClientProtocolServer (SCMClientProtocolServer.java:start(170)) - RPC server for Client  is listening at /0.0.0.0:37683
2022-07-14 05:35:16,754 [IPC Server Responder] INFO  ipc.Server (Server.java:run(1507)) - IPC Server Responder: starting
2022-07-14 05:35:16,759 [IPC Server listener on 37683] INFO  ipc.Server (Server.java:run(1344)) - IPC Server listener on 37683: starting
2022-07-14 05:35:16,766 [Listener at 0.0.0.0/37683] INFO  server.StorageContainerManager (StorageContainerManager.java:start(1437)) - ScmBlockLocationProtocol RPC server is listening at /0.0.0.0:39709
2022-07-14 05:35:16,767 [Listener at 0.0.0.0/37683] INFO  server.SCMBlockProtocolServer (SCMBlockProtocolServer.java:start(152)) - RPC server for Block Protocol is listening at /0.0.0.0:39709
2022-07-14 05:35:16,767 [IPC Server Responder] INFO  ipc.Server (Server.java:run(1507)) - IPC Server Responder: starting
2022-07-14 05:35:16,767 [IPC Server listener on 39709] INFO  ipc.Server (Server.java:run(1344)) - IPC Server listener on 39709: starting
2022-07-14 05:35:16,772 [org.apache.hadoop.util.JvmPauseMonitor$Monitor@1df019cf] INFO  util.JvmPauseMonitor (JvmPauseMonitor.java:run(188)) - Starting JVM pause monitor
2022-07-14 05:35:16,773 [Listener at 0.0.0.0/37683] INFO  http.BaseHttpServer (BaseHttpServer.java:newHttpServer2BuilderForOzone(209)) - Starting Web-server for scm at: http://0.0.0.0:39351
2022-07-14 05:35:16,773 [Listener at 0.0.0.0/37683] INFO  http.BaseHttpServer (BaseHttpServer.java:<init>(107)) - Hadoop Security Enabled: false Ozone Security Enabled: false Ozone HTTP Security Enabled: false 
2022-07-14 05:35:16,775 [Listener at 0.0.0.0/37683] INFO  server.AuthenticationFilter (AuthenticationFilter.java:constructSecretProvider(240)) - Unable to initialize FileSignerSecretProvider, falling back to use random secrets.
2022-07-14 05:35:16,778 [Listener at 0.0.0.0/37683] WARN  http.HttpRequestLog (HttpRequestLog.java:getRequestLog(103)) - Jetty request log can only be enabled using Log4j
2022-07-14 05:35:16,780 [Listener at 0.0.0.0/37683] INFO  http.HttpServer2 (HttpServer2.java:addGlobalFilter(1029)) - Added global filter 'safety' (class=org.apache.hadoop.hdds.server.http.HttpServer2$QuotingInputFilter)
2022-07-14 05:35:16,781 [Listener at 0.0.0.0/37683] INFO  http.HttpServer2 (HttpServer2.java:addFilter(1005)) - Added filter static_user_filter (class=org.apache.hadoop.http.lib.StaticUserWebFilter$StaticUserFilter) to context scm
2022-07-14 05:35:16,781 [Listener at 0.0.0.0/37683] INFO  http.HttpServer2 (HttpServer2.java:addFilter(1013)) - Added filter static_user_filter (class=org.apache.hadoop.http.lib.StaticUserWebFilter$StaticUserFilter) to context static
2022-07-14 05:35:16,781 [Listener at 0.0.0.0/37683] INFO  http.HttpServer2 (HttpServer2.java:addFilter(1013)) - Added filter static_user_filter (class=org.apache.hadoop.http.lib.StaticUserWebFilter$StaticUserFilter) to context logs
2022-07-14 05:35:16,782 [Listener at 0.0.0.0/37683] INFO  http.HttpServer2 (HttpServer2.java:bindListener(1248)) - Jetty bound to port 39351
2022-07-14 05:35:16,782 [Listener at 0.0.0.0/37683] INFO  server.Server (Server.java:doStart(375)) - jetty-9.4.43.v20210629; built: 2021-06-30T11:07:22.254Z; git: 526006ecfa3af7f1a27ef3a288e2bef7ea9dd7e8; jvm 1.8.0_332-b09
2022-07-14 05:35:16,789 [Listener at 0.0.0.0/37683] INFO  server.session (DefaultSessionIdManager.java:doStart(334)) - DefaultSessionIdManager workerName=node0
2022-07-14 05:35:16,789 [Listener at 0.0.0.0/37683] INFO  server.session (DefaultSessionIdManager.java:doStart(339)) - No SessionScavenger set, using defaults
2022-07-14 05:35:16,789 [Listener at 0.0.0.0/37683] INFO  server.session (HouseKeeper.java:startScavenging(132)) - node0 Scavenging every 600000ms
2022-07-14 05:35:16,791 [Listener at 0.0.0.0/37683] INFO  handler.ContextHandler (ContextHandler.java:doStart(915)) - Started o.e.j.s.ServletContextHandler@98b3f62{logs,/logs,file:///home/runner/work/ozone/ozone/hadoop-ozone/integration-test/target/log,AVAILABLE}
2022-07-14 05:35:16,791 [Listener at 0.0.0.0/37683] INFO  handler.ContextHandler (ContextHandler.java:doStart(915)) - Started o.e.j.s.ServletContextHandler@54ebad78{static,/static,file:///home/runner/work/ozone/ozone/hadoop-ozone/integration-test/target/test-classes/webapps/static,AVAILABLE}
2022-07-14 05:35:16,796 [Listener at 0.0.0.0/37683] INFO  handler.ContextHandler (ContextHandler.java:doStart(915)) - Started o.e.j.w.WebAppContext@304576f3{scm,/,file:///home/runner/work/ozone/ozone/hadoop-ozone/integration-test/target/test-classes/webapps/scm/,AVAILABLE}{file:/home/runner/work/ozone/ozone/hadoop-ozone/integration-test/target/test-classes/webapps/scm}
2022-07-14 05:35:16,797 [Listener at 0.0.0.0/37683] INFO  server.AbstractConnector (AbstractConnector.java:doStart(331)) - Started ServerConnector@5d54f0ed{HTTP/1.1, (http/1.1)}{0.0.0.0:39351}
2022-07-14 05:35:16,797 [Listener at 0.0.0.0/37683] INFO  server.Server (Server.java:doStart(415)) - Started @18794ms
2022-07-14 05:35:16,797 [Listener at 0.0.0.0/37683] WARN  impl.MetricsSystemImpl (MetricsSystemImpl.java:register(279)) - Sink prometheus already exists!
2022-07-14 05:35:16,798 [Listener at 0.0.0.0/37683] INFO  http.BaseHttpServer (BaseHttpServer.java:updateConnectorAddress(329)) - HTTP server of scm listening at http://0.0.0.0:39351
2022-07-14 05:35:16,798 [Listener at 0.0.0.0/37683] INFO  ozone.MiniOzoneHAClusterImpl (MiniOzoneHAClusterImpl.java:createSCMService(606)) - Started SCM RPC server at /0.0.0.0:37683
2022-07-14 05:35:16,799 [Listener at 0.0.0.0/37683] WARN  server.ServerUtils (ServerUtils.java:getScmDbDir(148)) - ozone.scm.db.dirs is not configured. We recommend adding this setting. Falling back to ozone.metadata.dirs instead.
2022-07-14 05:35:16,799 [Listener at 0.0.0.0/37683] INFO  ha.SCMHANodeDetails (SCMHANodeDetails.java:loadSCMHAConfig(209)) - ServiceID for StorageContainerManager is scmServiceId
2022-07-14 05:35:16,799 [Listener at 0.0.0.0/37683] INFO  ha.SCMHANodeDetails (SCMHANodeDetails.java:loadSCMHAConfig(220)) - ServiceID for StorageContainerManager is scmServiceId
2022-07-14 05:35:16,800 [Listener at 0.0.0.0/37683] WARN  scm.ScmUtils (ScmUtils.java:logWarn(179)) - ConfigKey ozone.scm.block.client.address is deprecated, For configuring different ports for each SCM use PortConfigKey ozone.scm.block.client.port appended with serviceId and nodeId. If want to configure same port configure ozone.scm.block.client.port
2022-07-14 05:35:16,800 [Listener at 0.0.0.0/37683] WARN  scm.ScmUtils (ScmUtils.java:logWarn(179)) - ConfigKey ozone.scm.client.address is deprecated, For configuring different ports for each SCM use PortConfigKey ozone.scm.client.port appended with serviceId and nodeId. If want to configure same port configure ozone.scm.client.port
2022-07-14 05:35:16,800 [Listener at 0.0.0.0/37683] WARN  scm.ScmUtils (ScmUtils.java:logWarn(179)) - ConfigKey ozone.scm.datanode.address is deprecated, For configuring different ports for each SCM use PortConfigKey ozone.scm.datanode.port appended with serviceId and nodeId. If want to configure same port configure ozone.scm.datanode.port
2022-07-14 05:35:16,800 [Listener at 0.0.0.0/37683] WARN  scm.ScmUtils (ScmUtils.java:logWarn(179)) - ConfigKey ozone.scm.block.client.address is deprecated, For configuring different ports for each SCM use PortConfigKey ozone.scm.block.client.port appended with serviceId and nodeId. If want to configure same port configure ozone.scm.block.client.port
2022-07-14 05:35:16,800 [Listener at 0.0.0.0/37683] WARN  scm.ScmUtils (ScmUtils.java:logWarn(179)) - ConfigKey ozone.scm.client.address is deprecated, For configuring different ports for each SCM use PortConfigKey ozone.scm.client.port appended with serviceId and nodeId. If want to configure same port configure ozone.scm.client.port
2022-07-14 05:35:16,800 [Listener at 0.0.0.0/37683] WARN  scm.ScmUtils (ScmUtils.java:logWarn(179)) - ConfigKey ozone.scm.datanode.address is deprecated, For configuring different ports for each SCM use PortConfigKey ozone.scm.datanode.port appended with serviceId and nodeId. If want to configure same port configure ozone.scm.datanode.port
2022-07-14 05:35:16,801 [Listener at 0.0.0.0/37683] INFO  ha.SCMHANodeDetails (SCMHANodeDetails.java:loadSCMHAConfig(307)) - Found matching SCM address with SCMServiceId: scmServiceId, SCMNodeId: scmNode-3, RPC Address: localhost:34021 and Ratis port: 34021
2022-07-14 05:35:16,801 [Listener at 0.0.0.0/37683] INFO  ha.SCMHANodeDetails (ConfUtils.java:setNodeSpecificConfigs(97)) - Setting configuration key ozone.scm.datanode.address with value of key ozone.scm.datanode.address.scmServiceId.scmNode-3: 127.0.0.1:44189
2022-07-14 05:35:16,801 [Listener at 0.0.0.0/37683] INFO  ha.SCMHANodeDetails (ConfUtils.java:setNodeSpecificConfigs(97)) - Setting configuration key ozone.scm.block.client.address with value of key ozone.scm.block.client.address.scmServiceId.scmNode-3: 127.0.0.1:40433
2022-07-14 05:35:16,801 [Listener at 0.0.0.0/37683] INFO  ha.SCMHANodeDetails (ConfUtils.java:setNodeSpecificConfigs(97)) - Setting configuration key ozone.scm.client.address with value of key ozone.scm.client.address.scmServiceId.scmNode-3: 127.0.0.1:43479
2022-07-14 05:35:16,801 [Listener at 0.0.0.0/37683] INFO  ha.SCMHANodeDetails (ConfUtils.java:setNodeSpecificConfigs(97)) - Setting configuration key ozone.scm.ratis.port with value of key ozone.scm.ratis.port.scmServiceId.scmNode-3: 34021
2022-07-14 05:35:16,801 [Listener at 0.0.0.0/37683] INFO  ha.SCMHANodeDetails (ConfUtils.java:setNodeSpecificConfigs(97)) - Setting configuration key ozone.scm.grpc.port with value of key ozone.scm.grpc.port.scmServiceId.scmNode-3: 35615
2022-07-14 05:35:16,801 [Listener at 0.0.0.0/37683] INFO  ha.SCMHANodeDetails (ConfUtils.java:setNodeSpecificConfigs(97)) - Setting configuration key ozone.scm.http-address with value of key ozone.scm.http-address.scmServiceId.scmNode-3: 127.0.0.1:41269
2022-07-14 05:35:16,801 [Listener at 0.0.0.0/37683] INFO  ha.SCMHANodeDetails (ConfUtils.java:setNodeSpecificConfigs(97)) - Setting configuration key ozone.scm.https-address with value of key ozone.scm.https-address.scmServiceId.scmNode-3: 127.0.0.1:45473
2022-07-14 05:35:16,801 [Listener at 0.0.0.0/37683] INFO  ha.SCMHANodeDetails (ConfUtils.java:setNodeSpecificConfigs(97)) - Setting configuration key ozone.scm.address with value of key ozone.scm.address.scmServiceId.scmNode-3: 127.0.0.1
2022-07-14 05:35:16,802 [Listener at 0.0.0.0/37683] WARN  scm.ScmUtils (ScmUtils.java:logWarn(179)) - ConfigKey ozone.scm.block.client.address is deprecated, For configuring different ports for each SCM use PortConfigKey ozone.scm.block.client.port appended with serviceId and nodeId. If want to configure same port configure ozone.scm.block.client.port
2022-07-14 05:35:16,802 [Listener at 0.0.0.0/37683] WARN  scm.ScmUtils (ScmUtils.java:logWarn(179)) - ConfigKey ozone.scm.client.address is deprecated, For configuring different ports for each SCM use PortConfigKey ozone.scm.client.port appended with serviceId and nodeId. If want to configure same port configure ozone.scm.client.port
2022-07-14 05:35:16,802 [Listener at 0.0.0.0/37683] WARN  scm.ScmUtils (ScmUtils.java:logWarn(179)) - ConfigKey ozone.scm.datanode.address is deprecated, For configuring different ports for each SCM use PortConfigKey ozone.scm.datanode.port appended with serviceId and nodeId. If want to configure same port configure ozone.scm.datanode.port
2022-07-14 05:35:16,803 [Listener at 0.0.0.0/37683] INFO  ha.SCMNodeInfo (SCMNodeInfo.java:getPort(197)) - ConfigKey ozone.scm.client.address is deprecated, For configuring different ports for each SCM use PortConfigKey ozone.scm.client.port appended with serviceId and nodeId
2022-07-14 05:35:16,804 [Listener at 0.0.0.0/37683] INFO  ha.SCMNodeInfo (SCMNodeInfo.java:getPort(197)) - ConfigKey ozone.scm.block.client.address is deprecated, For configuring different ports for each SCM use PortConfigKey ozone.scm.block.client.port appended with serviceId and nodeId
2022-07-14 05:35:16,804 [Listener at 0.0.0.0/37683] INFO  ha.SCMNodeInfo (SCMNodeInfo.java:getPort(197)) - ConfigKey ozone.scm.datanode.address is deprecated, For configuring different ports for each SCM use PortConfigKey ozone.scm.datanode.port appended with serviceId and nodeId
2022-07-14 05:35:16,804 [Listener at 0.0.0.0/37683] INFO  ha.SCMNodeInfo (SCMNodeInfo.java:getPort(197)) - ConfigKey ozone.scm.client.address is deprecated, For configuring different ports for each SCM use PortConfigKey ozone.scm.client.port appended with serviceId and nodeId
2022-07-14 05:35:16,804 [Listener at 0.0.0.0/37683] INFO  ha.SCMNodeInfo (SCMNodeInfo.java:getPort(197)) - ConfigKey ozone.scm.block.client.address is deprecated, For configuring different ports for each SCM use PortConfigKey ozone.scm.block.client.port appended with serviceId and nodeId
2022-07-14 05:35:16,804 [Listener at 0.0.0.0/37683] INFO  ha.SCMNodeInfo (SCMNodeInfo.java:getPort(197)) - ConfigKey ozone.scm.datanode.address is deprecated, For configuring different ports for each SCM use PortConfigKey ozone.scm.datanode.port appended with serviceId and nodeId
2022-07-14 05:35:16,804 [Listener at 0.0.0.0/37683] INFO  proxy.SCMBlockLocationFailoverProxyProvider (SCMBlockLocationFailoverProxyProvider.java:<init>(114)) - Created block location fail-over proxy with 2 nodes: [nodeId=scmNode-2,nodeAddress=/127.0.0.1:39709, nodeId=scmNode-1,nodeAddress=/127.0.0.1:44131]
2022-07-14 05:35:16,816 [Listener at 0.0.0.0/37683] INFO  server.StorageContainerManager (StorageContainerManager.java:scmBootstrap(1105)) - SCM BootStrap  is successful for ClusterID 252142cc-85ec-47ec-8abc-bbf74a919ed0, SCMID 907b9e7c-2e96-4977-99e4-854b16c13945
2022-07-14 05:35:16,818 [Listener at 0.0.0.0/37683] INFO  server.StorageContainerManager (StorageContainerManager.java:scmBootstrap(1107)) - Primary SCM Node ID c5ffeb5e-3634-4360-91c9-d598b29e1477
2022-07-14 05:35:16,818 [Listener at 0.0.0.0/37683] WARN  server.ServerUtils (ServerUtils.java:getScmDbDir(148)) - ozone.scm.db.dirs is not configured. We recommend adding this setting. Falling back to ozone.metadata.dirs instead.
2022-07-14 05:35:16,819 [Listener at 0.0.0.0/37683] INFO  ha.SCMHANodeDetails (SCMHANodeDetails.java:loadSCMHAConfig(209)) - ServiceID for StorageContainerManager is scmServiceId
2022-07-14 05:35:16,819 [Listener at 0.0.0.0/37683] INFO  ha.SCMHANodeDetails (SCMHANodeDetails.java:loadSCMHAConfig(220)) - ServiceID for StorageContainerManager is scmServiceId
2022-07-14 05:35:16,819 [Listener at 0.0.0.0/37683] WARN  scm.ScmUtils (ScmUtils.java:logWarn(179)) - ConfigKey ozone.scm.block.client.address is deprecated, For configuring different ports for each SCM use PortConfigKey ozone.scm.block.client.port appended with serviceId and nodeId. If want to configure same port configure ozone.scm.block.client.port
2022-07-14 05:35:16,819 [Listener at 0.0.0.0/37683] WARN  scm.ScmUtils (ScmUtils.java:logWarn(179)) - ConfigKey ozone.scm.client.address is deprecated, For configuring different ports for each SCM use PortConfigKey ozone.scm.client.port appended with serviceId and nodeId. If want to configure same port configure ozone.scm.client.port
2022-07-14 05:35:16,819 [Listener at 0.0.0.0/37683] WARN  scm.ScmUtils (ScmUtils.java:logWarn(179)) - ConfigKey ozone.scm.datanode.address is deprecated, For configuring different ports for each SCM use PortConfigKey ozone.scm.datanode.port appended with serviceId and nodeId. If want to configure same port configure ozone.scm.datanode.port
2022-07-14 05:35:16,820 [Listener at 0.0.0.0/37683] WARN  scm.ScmUtils (ScmUtils.java:logWarn(179)) - ConfigKey ozone.scm.block.client.address is deprecated, For configuring different ports for each SCM use PortConfigKey ozone.scm.block.client.port appended with serviceId and nodeId. If want to configure same port configure ozone.scm.block.client.port
2022-07-14 05:35:16,820 [Listener at 0.0.0.0/37683] WARN  scm.ScmUtils (ScmUtils.java:logWarn(179)) - ConfigKey ozone.scm.client.address is deprecated, For configuring different ports for each SCM use PortConfigKey ozone.scm.client.port appended with serviceId and nodeId. If want to configure same port configure ozone.scm.client.port
2022-07-14 05:35:16,820 [Listener at 0.0.0.0/37683] WARN  scm.ScmUtils (ScmUtils.java:logWarn(179)) - ConfigKey ozone.scm.datanode.address is deprecated, For configuring different ports for each SCM use PortConfigKey ozone.scm.datanode.port appended with serviceId and nodeId. If want to configure same port configure ozone.scm.datanode.port
2022-07-14 05:35:16,820 [Listener at 0.0.0.0/37683] INFO  ha.SCMHANodeDetails (SCMHANodeDetails.java:loadSCMHAConfig(307)) - Found matching SCM address with SCMServiceId: scmServiceId, SCMNodeId: scmNode-3, RPC Address: localhost:34021 and Ratis port: 34021
2022-07-14 05:35:16,820 [Listener at 0.0.0.0/37683] INFO  ha.SCMHANodeDetails (ConfUtils.java:setNodeSpecificConfigs(97)) - Setting configuration key ozone.scm.datanode.address with value of key ozone.scm.datanode.address.scmServiceId.scmNode-3: 127.0.0.1:44189
2022-07-14 05:35:16,820 [Listener at 0.0.0.0/37683] INFO  ha.SCMHANodeDetails (ConfUtils.java:setNodeSpecificConfigs(97)) - Setting configuration key ozone.scm.block.client.address with value of key ozone.scm.block.client.address.scmServiceId.scmNode-3: 127.0.0.1:40433
2022-07-14 05:35:16,821 [Listener at 0.0.0.0/37683] INFO  ha.SCMHANodeDetails (ConfUtils.java:setNodeSpecificConfigs(97)) - Setting configuration key ozone.scm.client.address with value of key ozone.scm.client.address.scmServiceId.scmNode-3: 127.0.0.1:43479
2022-07-14 05:35:16,821 [Listener at 0.0.0.0/37683] INFO  ha.SCMHANodeDetails (ConfUtils.java:setNodeSpecificConfigs(97)) - Setting configuration key ozone.scm.ratis.port with value of key ozone.scm.ratis.port.scmServiceId.scmNode-3: 34021
2022-07-14 05:35:16,821 [Listener at 0.0.0.0/37683] INFO  ha.SCMHANodeDetails (ConfUtils.java:setNodeSpecificConfigs(97)) - Setting configuration key ozone.scm.grpc.port with value of key ozone.scm.grpc.port.scmServiceId.scmNode-3: 35615
2022-07-14 05:35:16,821 [Listener at 0.0.0.0/37683] INFO  ha.SCMHANodeDetails (ConfUtils.java:setNodeSpecificConfigs(97)) - Setting configuration key ozone.scm.http-address with value of key ozone.scm.http-address.scmServiceId.scmNode-3: 127.0.0.1:41269
2022-07-14 05:35:16,821 [Listener at 0.0.0.0/37683] INFO  ha.SCMHANodeDetails (ConfUtils.java:setNodeSpecificConfigs(97)) - Setting configuration key ozone.scm.https-address with value of key ozone.scm.https-address.scmServiceId.scmNode-3: 127.0.0.1:45473
2022-07-14 05:35:16,821 [Listener at 0.0.0.0/37683] INFO  ha.SCMHANodeDetails (ConfUtils.java:setNodeSpecificConfigs(97)) - Setting configuration key ozone.scm.address with value of key ozone.scm.address.scmServiceId.scmNode-3: 127.0.0.1
2022-07-14 05:35:16,821 [Listener at 0.0.0.0/37683] WARN  scm.ScmUtils (ScmUtils.java:logWarn(179)) - ConfigKey ozone.scm.block.client.address is deprecated, For configuring different ports for each SCM use PortConfigKey ozone.scm.block.client.port appended with serviceId and nodeId. If want to configure same port configure ozone.scm.block.client.port
2022-07-14 05:35:16,821 [Listener at 0.0.0.0/37683] WARN  scm.ScmUtils (ScmUtils.java:logWarn(179)) - ConfigKey ozone.scm.client.address is deprecated, For configuring different ports for each SCM use PortConfigKey ozone.scm.client.port appended with serviceId and nodeId. If want to configure same port configure ozone.scm.client.port
2022-07-14 05:35:16,821 [Listener at 0.0.0.0/37683] WARN  scm.ScmUtils (ScmUtils.java:logWarn(179)) - ConfigKey ozone.scm.datanode.address is deprecated, For configuring different ports for each SCM use PortConfigKey ozone.scm.datanode.port appended with serviceId and nodeId. If want to configure same port configure ozone.scm.datanode.port
2022-07-14 05:35:16,822 [Listener at 0.0.0.0/37683] WARN  utils.HAUtils (HAUtils.java:getMetaDir(342)) - ozone.scm.db.dirs is not configured. We recommend adding this setting. Falling back to ozone.metadata.dirs instead.
2022-07-14 05:35:16,823 [Listener at 0.0.0.0/37683] WARN  db.DBStoreBuilder (DBStoreBuilder.java:applyDBDefinition(145)) - ozone.scm.db.dirs is not configured. We recommend adding this setting. Falling back to ozone.metadata.dirs instead.
2022-07-14 05:35:16,976 [Listener at 0.0.0.0/37683] INFO  net.NodeSchemaLoader (NodeSchemaLoader.java:loadSchemaFromFile(129)) - Loading schema from [jar:file:/home/runner/.m2/repository/org/apache/ozone/hdds-common/1.3.0-SNAPSHOT/hdds-common-1.3.0-SNAPSHOT.jar!/network-topology-default.xml]
2022-07-14 05:35:16,977 [Listener at 0.0.0.0/37683] INFO  net.NodeSchemaLoader (NodeSchemaLoader.java:loadSchema(176)) - Loading network topology layer schema file
2022-07-14 05:35:16,980 [Listener at 0.0.0.0/37683] WARN  impl.MetricRegistriesImpl (MetricRegistriesImpl.java:addReporterRegistration(111)) - New reporters are added after registries were created. Some metrics will be missing from the reporter. Please add reporter before adding any new registry.
2022-07-14 05:35:16,980 [Listener at 0.0.0.0/37683] WARN  impl.MetricRegistriesImpl (MetricRegistriesImpl.java:addReporterRegistration(111)) - New reporters are added after registries were created. Some metrics will be missing from the reporter. Please add reporter before adding any new registry.
2022-07-14 05:35:16,981 [Listener at 0.0.0.0/37683] INFO  ha.SCMRatisServerImpl (SCMRatisServerImpl.java:<init>(88)) - starting Raft server for scm:907b9e7c-2e96-4977-99e4-854b16c13945
2022-07-14 05:35:16,982 [Listener at 0.0.0.0/37683] INFO  server.RaftServer (ConfUtils.java:logGet(46)) - raft.rpc.type = GRPC (default)
2022-07-14 05:35:16,982 [Listener at 0.0.0.0/37683] INFO  grpc.GrpcFactory (GrpcFactory.java:checkPooledByteBufAllocatorUseCacheForAllThreads(48)) - PERFORMANCE WARNING: useCacheForAllThreads is true that may cause Netty to create a lot garbage objects and, as a result, trigger GC.
	It is recommended to disable useCacheForAllThreads by setting -Dorg.apache.ratis.thirdparty.io.netty.allocator.useCacheForAllThreads=false in command line.
2022-07-14 05:35:16,982 [Listener at 0.0.0.0/37683] INFO  grpc.GrpcConfigKeys (ConfUtils.java:logGet(46)) - raft.grpc.admin.port = -1 (default)
2022-07-14 05:35:16,982 [Listener at 0.0.0.0/37683] INFO  grpc.GrpcConfigKeys (ConfUtils.java:logGet(46)) - raft.grpc.server.port = 34021 (custom)
2022-07-14 05:35:16,982 [Listener at 0.0.0.0/37683] INFO  grpc.GrpcConfigKeys (ConfUtils.java:logGet(46)) - raft.grpc.client.port = -1 (default)
2022-07-14 05:35:16,982 [Listener at 0.0.0.0/37683] INFO  grpc.GrpcConfigKeys (ConfUtils.java:logGet(46)) - raft.grpc.server.port = 34021 (custom)
2022-07-14 05:35:16,982 [Listener at 0.0.0.0/37683] INFO  grpc.GrpcConfigKeys (ConfUtils.java:logGet(46)) - raft.grpc.server.port = 34021 (custom)
2022-07-14 05:35:16,982 [Listener at 0.0.0.0/37683] INFO  server.GrpcService (ConfUtils.java:logGet(46)) - raft.grpc.message.size.max = 32m (=33554432) (custom)
2022-07-14 05:35:16,983 [Listener at 0.0.0.0/37683] INFO  server.RaftServerConfigKeys (ConfUtils.java:logGet(46)) - raft.server.log.appender.buffer.byte-limit = 33554432 (custom)
2022-07-14 05:35:16,983 [Listener at 0.0.0.0/37683] INFO  server.GrpcService (ConfUtils.java:logGet(46)) - raft.grpc.flow.control.window = 1MB (=1048576) (default)
2022-07-14 05:35:16,983 [Listener at 0.0.0.0/37683] INFO  server.RaftServerConfigKeys (ConfUtils.java:logGet(46)) - raft.server.rpc.request.timeout = 30000ms (custom)
2022-07-14 05:35:16,983 [Listener at 0.0.0.0/37683] INFO  grpc.GrpcConfigKeys (ConfUtils.java:logGet(46)) - raft.grpc.server.async.request.thread.pool.cached = true (default)
2022-07-14 05:35:16,983 [Listener at 0.0.0.0/37683] INFO  grpc.GrpcConfigKeys (ConfUtils.java:logGet(46)) - raft.grpc.server.async.request.thread.pool.size = 32 (default)
2022-07-14 05:35:16,984 [Listener at 0.0.0.0/37683] INFO  impl.DataStreamServerImpl (ConfUtils.java:logGet(46)) - raft.datastream.type = DISABLED (default)
2022-07-14 05:35:16,985 [Listener at 0.0.0.0/37683] INFO  server.RaftServerConfigKeys (ConfUtils.java:logGet(46)) - raft.server.threadpool.proxy.cached = true (default)
2022-07-14 05:35:16,985 [Listener at 0.0.0.0/37683] INFO  server.RaftServerConfigKeys (ConfUtils.java:logGet(46)) - raft.server.threadpool.proxy.size = 0 (default)
2022-07-14 05:35:16,985 [Listener at 0.0.0.0/37683] INFO  server.RaftServerConfigKeys (ConfUtils.java:logGet(46)) - raft.server.rpc.slowness.timeout = 120000ms (custom)
2022-07-14 05:35:16,985 [Listener at 0.0.0.0/37683] INFO  server.RaftServerConfigKeys (ConfUtils.java:logGet(46)) - raft.server.leaderelection.leader.step-down.wait-time = 10s (default)
2022-07-14 05:35:16,985 [Listener at 0.0.0.0/37683] INFO  server.RaftServerConfigKeys (ConfUtils.java:logGet(46)) - raft.server.storage.dir = [/home/runner/work/ozone/ozone/hadoop-ozone/integration-test/target/test-dir/MiniOzoneClusterImpl-252142cc-85ec-47ec-8abc-bbf74a919ed0/scmNode-3/scm-ha] (custom)
2022-07-14 05:35:16,986 [Listener at 0.0.0.0/37683] INFO  server.RaftServer (RaftServerProxy.java:addNew(96)) - 907b9e7c-2e96-4977-99e4-854b16c13945: addNew group-BBF74A919ED0:[] returns group-BBF74A919ED0:java.util.concurrent.CompletableFuture@1c04ee7b[Not completed]
2022-07-14 05:35:16,986 [pool-85-thread-1] INFO  server.RaftServer$Division (RaftServerImpl.java:<init>(190)) - 907b9e7c-2e96-4977-99e4-854b16c13945: new RaftServerImpl for group-BBF74A919ED0:[] with SCMStateMachine:uninitialized
2022-07-14 05:35:16,987 [pool-85-thread-1] INFO  server.RaftServerConfigKeys (ConfUtils.java:logGet(46)) - raft.server.rpc.timeout.min = 5000ms (custom)
2022-07-14 05:35:16,987 [pool-85-thread-1] INFO  server.RaftServerConfigKeys (ConfUtils.java:logGet(46)) - raft.server.rpc.timeout.max = 5200ms (custom)
2022-07-14 05:35:16,987 [pool-85-thread-1] INFO  server.RaftServerConfigKeys (ConfUtils.java:logGet(46)) - raft.server.rpc.sleep.time = 25ms (default)
2022-07-14 05:35:16,988 [pool-85-thread-1] INFO  server.RaftServerConfigKeys (ConfUtils.java:logGet(46)) - raft.server.rpc.slowness.timeout = 120000ms (custom)
2022-07-14 05:35:16,988 [pool-85-thread-1] INFO  server.RaftServerConfigKeys (ConfUtils.java:logGet(46)) - raft.server.leaderelection.leader.step-down.wait-time = 10s (default)
2022-07-14 05:35:16,988 [pool-85-thread-1] INFO  server.RaftServerConfigKeys (ConfUtils.java:logGet(46)) - raft.server.sleep.deviation.threshold = 300ms (default)
2022-07-14 05:35:16,988 [pool-85-thread-1] INFO  server.RaftServer$Division (ServerState.java:<init>(107)) - 907b9e7c-2e96-4977-99e4-854b16c13945@group-BBF74A919ED0: ConfigurationManager, init=-1: [], old=null, confs=<EMPTY_MAP>
2022-07-14 05:35:16,988 [pool-85-thread-1] INFO  server.RaftServerConfigKeys (ConfUtils.java:logGet(46)) - raft.server.storage.dir = [/home/runner/work/ozone/ozone/hadoop-ozone/integration-test/target/test-dir/MiniOzoneClusterImpl-252142cc-85ec-47ec-8abc-bbf74a919ed0/scmNode-3/scm-ha] (custom)
2022-07-14 05:35:16,989 [pool-85-thread-1] INFO  server.RaftServerConfigKeys (ConfUtils.java:logGet(46)) - raft.server.log.corruption.policy = EXCEPTION (default)
2022-07-14 05:35:16,989 [pool-85-thread-1] INFO  server.RaftServerConfigKeys (ConfUtils.java:logGet(46)) - raft.server.storage.free-space.min = 0MB (=0) (default)
2022-07-14 05:35:16,989 [pool-85-thread-1] INFO  storage.RaftStorageDirectory (RaftStorageDirectoryImpl.java:analyzeStorage(135)) - The storage directory /home/runner/work/ozone/ozone/hadoop-ozone/integration-test/target/test-dir/MiniOzoneClusterImpl-252142cc-85ec-47ec-8abc-bbf74a919ed0/scmNode-3/scm-ha/252142cc-85ec-47ec-8abc-bbf74a919ed0 does not exist. Creating ...
2022-07-14 05:35:16,991 [pool-85-thread-1] INFO  storage.RaftStorageDirectory (RaftStorageDirectoryImpl.java:tryLock(230)) - Lock on /home/runner/work/ozone/ozone/hadoop-ozone/integration-test/target/test-dir/MiniOzoneClusterImpl-252142cc-85ec-47ec-8abc-bbf74a919ed0/scmNode-3/scm-ha/252142cc-85ec-47ec-8abc-bbf74a919ed0/in_use.lock acquired by nodename 26111@fv-az444-907
2022-07-14 05:35:16,992 [pool-85-thread-1] INFO  storage.RaftStorage (RaftStorageImpl.java:format(89)) - Storage directory /home/runner/work/ozone/ozone/hadoop-ozone/integration-test/target/test-dir/MiniOzoneClusterImpl-252142cc-85ec-47ec-8abc-bbf74a919ed0/scmNode-3/scm-ha/252142cc-85ec-47ec-8abc-bbf74a919ed0 has been successfully formatted.
2022-07-14 05:35:16,993 [pool-85-thread-1] INFO  server.RaftServerConfigKeys (ConfUtils.java:logGet(46)) - raft.server.notification.no-leader.timeout = 60s (default)
2022-07-14 05:35:16,993 [pool-85-thread-1] INFO  server.RaftServerConfigKeys (ConfUtils.java:logGet(46)) - raft.server.log.use.memory = false (default)
2022-07-14 05:35:16,993 [pool-85-thread-1] INFO  server.RaftServerConfigKeys (ConfUtils.java:logGet(46)) - raft.server.log.purge.gap = 1000000 (custom)
2022-07-14 05:35:16,994 [pool-85-thread-1] INFO  server.RaftServerConfigKeys (ConfUtils.java:logGet(46)) - raft.server.log.appender.buffer.byte-limit = 33554432 (custom)
2022-07-14 05:35:16,995 [pool-85-thread-1] INFO  server.RaftServerConfigKeys (ConfUtils.java:logGet(46)) - raft.server.log.statemachine.data.read.timeout = 1000ms (default)
2022-07-14 05:35:16,996 [pool-85-thread-1] INFO  server.RaftServerConfigKeys (ConfUtils.java:logGet(46)) - raft.server.log.segment.size.max = 4194304 (custom)
2022-07-14 05:35:16,997 [pool-85-thread-1] INFO  server.RaftServerConfigKeys (ConfUtils.java:logGet(46)) - raft.server.log.segment.cache.num.max = 2 (custom)
2022-07-14 05:35:16,997 [pool-85-thread-1] INFO  server.RaftServerConfigKeys (ConfUtils.java:logGet(46)) - raft.server.log.segment.cache.size.max = 200MB (=209715200) (default)
2022-07-14 05:35:16,997 [pool-85-thread-1] INFO  segmented.SegmentedRaftLogWorker (SegmentedRaftLogWorker.java:<init>(187)) - new 907b9e7c-2e96-4977-99e4-854b16c13945@group-BBF74A919ED0-SegmentedRaftLogWorker for RaftStorageImpl:Storage Directory /home/runner/work/ozone/ozone/hadoop-ozone/integration-test/target/test-dir/MiniOzoneClusterImpl-252142cc-85ec-47ec-8abc-bbf74a919ed0/scmNode-3/scm-ha/252142cc-85ec-47ec-8abc-bbf74a919ed0
2022-07-14 05:35:16,997 [pool-85-thread-1] INFO  server.RaftServerConfigKeys (ConfUtils.java:logGet(46)) - raft.server.log.queue.byte-limit = 64MB (=67108864) (default)
2022-07-14 05:35:16,997 [pool-85-thread-1] INFO  server.RaftServerConfigKeys (ConfUtils.java:logGet(46)) - raft.server.log.queue.element-limit = 4096 (default)
2022-07-14 05:35:16,998 [pool-85-thread-1] INFO  server.RaftServerConfigKeys (ConfUtils.java:logGet(46)) - raft.server.log.segment.size.max = 4194304 (custom)
2022-07-14 05:35:16,998 [pool-85-thread-1] INFO  server.RaftServerConfigKeys (ConfUtils.java:logGet(46)) - raft.server.log.preallocated.size = 4194304 (custom)
2022-07-14 05:35:16,998 [pool-85-thread-1] INFO  server.RaftServerConfigKeys (ConfUtils.java:logGet(46)) - raft.server.log.force.sync.num = 128 (default)
2022-07-14 05:35:16,998 [pool-85-thread-1] INFO  server.RaftServerConfigKeys (ConfUtils.java:logGet(46)) - raft.server.log.statemachine.data.sync = true (default)
2022-07-14 05:35:16,998 [pool-85-thread-1] INFO  server.RaftServerConfigKeys (ConfUtils.java:logGet(46)) - raft.server.log.statemachine.data.sync.timeout = 10s (default)
2022-07-14 05:35:16,998 [pool-85-thread-1] INFO  server.RaftServerConfigKeys (ConfUtils.java:logGet(46)) - raft.server.log.statemachine.data.sync.timeout.retry = -1 (default)
2022-07-14 05:35:16,999 [pool-85-thread-1] INFO  server.RaftServerConfigKeys (ConfUtils.java:logGet(46)) - raft.server.log.write.buffer.size = 64KB (=65536) (default)
2022-07-14 05:35:16,999 [pool-85-thread-1] INFO  server.RaftServerConfigKeys (ConfUtils.java:logGet(46)) - raft.server.log.unsafe-flush.enabled = false (default)
2022-07-14 05:35:17,000 [pool-85-thread-1] INFO  server.RaftServerConfigKeys (ConfUtils.java:logGet(46)) - raft.server.log.statemachine.data.caching.enabled = false (default)
2022-07-14 05:35:17,000 [pool-85-thread-1] INFO  segmented.SegmentedRaftLogWorker (SegmentedRaftLogWorker.java:lambda$new$0(135)) - 907b9e7c-2e96-4977-99e4-854b16c13945@group-BBF74A919ED0-SegmentedRaftLogWorker: flushIndex: setUnconditionally 0 -> -1
2022-07-14 05:35:17,000 [pool-85-thread-1] INFO  segmented.SegmentedRaftLogWorker (SegmentedRaftLogWorker.java:lambda$new$0(135)) - 907b9e7c-2e96-4977-99e4-854b16c13945@group-BBF74A919ED0-SegmentedRaftLogWorker: safeCacheEvictIndex: setUnconditionally 0 -> -1
2022-07-14 05:35:17,003 [pool-85-thread-1] INFO  server.RaftServerConfigKeys (ConfUtils.java:logGet(46)) - raft.server.snapshot.auto.trigger.enabled = true (custom)
2022-07-14 05:35:17,003 [pool-85-thread-1] INFO  server.RaftServerConfigKeys (ConfUtils.java:logGet(46)) - raft.server.snapshot.auto.trigger.threshold = 1000 (custom)
2022-07-14 05:35:17,003 [pool-85-thread-1] INFO  server.RaftServerConfigKeys (ConfUtils.java:logGet(46)) - raft.server.snapshot.retention.file.num = -1 (default)
2022-07-14 05:35:17,003 [pool-85-thread-1] INFO  server.RaftServerConfigKeys (ConfUtils.java:logGet(46)) - raft.server.log.purge.upto.snapshot.index = false (default)
2022-07-14 05:35:17,003 [pool-85-thread-1] INFO  server.RaftServerConfigKeys (ConfUtils.java:logGet(46)) - raft.server.retrycache.expirytime = 60000ms (default)
2022-07-14 05:35:17,003 [pool-85-thread-1] INFO  server.RaftServerConfigKeys (ConfUtils.java:logGet(46)) - raft.server.retrycache.statistics.expirytime = 100μs (default)
2022-07-14 05:35:17,005 [pool-85-thread-1] INFO  server.RaftServerConfigKeys (ConfUtils.java:logGet(46)) - raft.server.log.appender.install.snapshot.enabled = false (custom)
2022-07-14 05:35:17,005 [pool-85-thread-1] INFO  server.RaftServerConfigKeys (ConfUtils.java:logGet(46)) - raft.server.threadpool.server.cached = true (default)
2022-07-14 05:35:17,005 [pool-85-thread-1] INFO  server.RaftServerConfigKeys (ConfUtils.java:logGet(46)) - raft.server.threadpool.server.size = 0 (default)
2022-07-14 05:35:17,005 [pool-85-thread-1] INFO  server.RaftServerConfigKeys (ConfUtils.java:logGet(46)) - raft.server.threadpool.client.cached = true (default)
2022-07-14 05:35:17,005 [pool-85-thread-1] INFO  server.RaftServerConfigKeys (ConfUtils.java:logGet(46)) - raft.server.threadpool.client.size = 0 (default)
2022-07-14 05:35:17,005 [Listener at 0.0.0.0/37683] INFO  ha.SCMSnapshotProvider (SCMSnapshotProvider.java:<init>(66)) - Initializing SCM Snapshot Provider
2022-07-14 05:35:17,006 [Listener at 0.0.0.0/37683] WARN  server.ServerUtils (ServerUtils.java:getDefaultRatisDirectory(237)) - Storage directory for Ratis is not configured. It is a good idea to map this to an SSD disk. Falling back to ozone.metadata.dirs
2022-07-14 05:35:17,006 [Listener at 0.0.0.0/37683] WARN  ha.SCMHAUtils (SCMHAUtils.java:getSCMRatisSnapshotDirectory(153)) - SCM snapshot dir is not configured. Falling back to ozone.metadata.dirs config
2022-07-14 05:35:17,007 [Listener at 0.0.0.0/37683] INFO  upgrade.AbstractLayoutVersionManager (AbstractLayoutVersionManager.java:init(83)) - Initializing Layout version manager with metadata layout = DATANODE_SCHEMA_V3 (version = 4), software layout = DATANODE_SCHEMA_V3 (version = 4)
2022-07-14 05:35:17,061 [Listener at 0.0.0.0/37683] INFO  reflections.Reflections (Reflections.java:scan(232)) - Reflections took 52 ms to scan 7 urls, producing 132 keys and 318 values 
2022-07-14 05:35:17,064 [Listener at 0.0.0.0/37683] INFO  ha.SequenceIdGenerator (SequenceIdGenerator.java:upgradeToSequenceId(349)) - upgrade localId to 109611004723200000
2022-07-14 05:35:17,064 [Listener at 0.0.0.0/37683] INFO  ha.SequenceIdGenerator (SequenceIdGenerator.java:upgradeToSequenceId(359)) - upgrade delTxnId to 0
2022-07-14 05:35:17,064 [Listener at 0.0.0.0/37683] INFO  ha.SequenceIdGenerator (SequenceIdGenerator.java:upgradeToSequenceId(376)) - upgrade containerId to 0
2022-07-14 05:35:17,064 [Listener at 0.0.0.0/37683] INFO  ha.SequenceIdGenerator (SequenceIdGenerator.java:<init>(220)) - Init the HA SequenceIdGenerator.
2022-07-14 05:35:17,065 [Listener at 0.0.0.0/37683] WARN  server.ServerUtils (ServerUtils.java:sanitizeUserArgs(73)) - ozone.scm.stale.node.interval value = 300000 is larger than max = 100000 based on the key value of ozone.scm.heartbeat.thread.interval, reset to the max value 100000.
2022-07-14 05:35:17,065 [Listener at 0.0.0.0/37683] WARN  server.ServerUtils (ServerUtils.java:sanitizeUserArgs(73)) - ozone.scm.stale.node.interval value = 300000 is larger than max = 100000 based on the key value of ozone.scm.heartbeat.thread.interval, reset to the max value 100000.
2022-07-14 05:35:17,065 [Listener at 0.0.0.0/37683] INFO  node.SCMNodeManager (SCMNodeManager.java:<init>(149)) - Entering startup safe mode.
2022-07-14 05:35:17,066 [Listener at 0.0.0.0/37683] INFO  algorithms.ContainerPlacementPolicyFactory (ContainerPlacementPolicyFactory.java:getPolicyInternal(86)) - Create container placement policy of type org.apache.hadoop.hdds.scm.container.placement.algorithms.SCMContainerPlacementRandom
2022-07-14 05:35:17,066 [Listener at 0.0.0.0/37683] INFO  pipeline.PipelineStateManagerImpl (PipelineStateManagerImpl.java:initialize(78)) - No pipeline exists in current db
2022-07-14 05:35:17,067 [Listener at 0.0.0.0/37683] INFO  algorithms.LeaderChoosePolicyFactory (LeaderChoosePolicyFactory.java:getPolicy(57)) - Create leader choose policy of type org.apache.hadoop.hdds.scm.pipeline.leader.choose.algorithms.MinLeaderCountChoosePolicy
2022-07-14 05:35:17,067 [Listener at 0.0.0.0/37683] INFO  algorithms.ContainerPlacementPolicyFactory (ContainerPlacementPolicyFactory.java:getPolicyInternal(86)) - Create container placement policy of type org.apache.hadoop.hdds.scm.container.placement.algorithms.SCMContainerPlacementRackScatter
2022-07-14 05:35:17,067 [Listener at 0.0.0.0/37683] INFO  ha.SCMServiceManager (SCMServiceManager.java:register(42)) - Registering service BackgroundPipelineCreator.
2022-07-14 05:35:17,067 [Listener at 0.0.0.0/37683] INFO  pipeline.BackgroundPipelineCreator (BackgroundPipelineCreator.java:start(124)) - Starting RatisPipelineUtilsThread.
2022-07-14 05:35:17,071 [Listener at 0.0.0.0/37683] INFO  BackgroundPipelineScrubber (BackgroundSCMService.java:start(68)) - Starting BackgroundPipelineScrubber Service.
2022-07-14 05:35:17,071 [Listener at 0.0.0.0/37683] INFO  ha.SCMServiceManager (SCMServiceManager.java:register(42)) - Registering service BackgroundPipelineScrubber.
2022-07-14 05:35:17,072 [Listener at 0.0.0.0/37683] INFO  ExpiredContainerReplicaOpScrubber (BackgroundSCMService.java:start(68)) - Starting ExpiredContainerReplicaOpScrubber Service.
2022-07-14 05:35:17,072 [Listener at 0.0.0.0/37683] INFO  ha.SCMServiceManager (SCMServiceManager.java:register(42)) - Registering service ExpiredContainerReplicaOpScrubber.
2022-07-14 05:35:17,073 [Listener at 0.0.0.0/37683] INFO  algorithms.PipelineChoosePolicyFactory (PipelineChoosePolicyFactory.java:createPipelineChoosePolicyFromClass(73)) - Create pipeline choose policy of type org.apache.hadoop.hdds.scm.pipeline.choose.algorithms.RandomPipelineChoosePolicy
2022-07-14 05:35:17,074 [Listener at 0.0.0.0/37683] INFO  ha.SCMServiceManager (SCMServiceManager.java:register(42)) - Registering service SCMBlockDeletingService.
2022-07-14 05:35:17,074 [Listener at 0.0.0.0/37683] INFO  replication.ReplicationManager (ReplicationManager.java:start(186)) - Starting Replication Monitor Thread.
2022-07-14 05:35:17,075 [Listener at 0.0.0.0/37683] INFO  ha.SCMServiceManager (SCMServiceManager.java:register(42)) - Registering service ReplicationManager.
2022-07-14 05:35:17,076 [ReplicationMonitor] INFO  replication.ReplicationManager (ReplicationManager.java:processAll(235)) - Replication Manager is not ready to run until 3000ms after safemode exit
2022-07-14 05:35:17,077 [Listener at 0.0.0.0/37683] INFO  safemode.ContainerSafeModeRule (ContainerSafeModeRule.java:<init>(89)) - containers with one replica threshold count 0
2022-07-14 05:35:17,091 [Listener at 0.0.0.0/37683] INFO  safemode.HealthyPipelineSafeModeRule (HealthyPipelineSafeModeRule.java:initializeRule(169)) - Total pipeline count is 0, healthy pipeline threshold count is 1
2022-07-14 05:35:17,092 [Listener at 0.0.0.0/37683] INFO  safemode.OneReplicaPipelineSafeModeRule (OneReplicaPipelineSafeModeRule.java:initializeRule(180)) - Total pipeline count is 0, pipeline's with at least one datanode reported threshold count is 0
2022-07-14 05:35:17,093 [Listener at 0.0.0.0/37683] INFO  ipc.CallQueueManager (CallQueueManager.java:<init>(90)) - Using callQueue: class java.util.concurrent.LinkedBlockingQueue, queueCapacity: 2000, scheduler: class org.apache.hadoop.ipc.DefaultRpcScheduler, ipcBackoff: false.
2022-07-14 05:35:17,093 [Socket Reader #1 for port 44189] INFO  ipc.Server (Server.java:run(1265)) - Starting Socket Reader #1 for port 44189
2022-07-14 05:35:17,096 [Listener at 0.0.0.0/44189] INFO  ipc.CallQueueManager (CallQueueManager.java:<init>(90)) - Using callQueue: class java.util.concurrent.LinkedBlockingQueue, queueCapacity: 2000, scheduler: class org.apache.hadoop.ipc.DefaultRpcScheduler, ipcBackoff: false.
2022-07-14 05:35:17,097 [Socket Reader #1 for port 40433] INFO  ipc.Server (Server.java:run(1265)) - Starting Socket Reader #1 for port 40433
2022-07-14 05:35:17,099 [Listener at 0.0.0.0/40433] INFO  ipc.CallQueueManager (CallQueueManager.java:<init>(90)) - Using callQueue: class java.util.concurrent.LinkedBlockingQueue, queueCapacity: 2000, scheduler: class org.apache.hadoop.ipc.DefaultRpcScheduler, ipcBackoff: false.
2022-07-14 05:35:17,099 [Socket Reader #1 for port 43479] INFO  ipc.Server (Server.java:run(1265)) - Starting Socket Reader #1 for port 43479
2022-07-14 05:35:17,132 [Listener at 0.0.0.0/43479] INFO  ha.SCMServiceManager (SCMServiceManager.java:register(42)) - Registering service ContainerBalancer.
2022-07-14 05:35:17,132 [Listener at 0.0.0.0/43479] INFO  server.StorageContainerManager (StorageContainerManager.java:<init>(401)) - 
Container Balancer status:
Key                            Value
Running                        false
Container Balancer Configuration values:
Key                                                Value
Threshold                                          10
Max Datanodes to Involve per Iteration(percent)    20
Max Size to Move per Iteration                     500GB
Max Size Entering Target per Iteration             26GB
Max Size Leaving Source per Iteration              26GB

2022-07-14 05:35:17,133 [Listener at 0.0.0.0/43479] WARN  events.EventQueue (EventQueue.java:fireEvent(216)) - No event handler registered for event TypedEvent{payloadType=SafeModeStatus, name='Safe mode status'}
2022-07-14 05:35:17,133 [Listener at 0.0.0.0/43479] INFO  ha.SCMContext (SCMContext.java:updateSafeModeStatus(228)) - Update SafeModeStatus from SafeModeStatus{safeModeStatus=true, preCheckPassed=false} to SafeModeStatus{safeModeStatus=true, preCheckPassed=false}.
2022-07-14 05:35:17,134 [Listener at 0.0.0.0/43479] INFO  server.StorageContainerManager (StorageContainerManager.java:start(1422)) - StorageContainerLocationProtocol RPC server is listening at /0.0.0.0:43479
2022-07-14 05:35:17,134 [Listener at 0.0.0.0/43479] INFO  ha.SCMRatisServerImpl (SCMRatisServerImpl.java:start(179)) - starting ratis server 0.0.0.0:34021
2022-07-14 05:35:17,134 [907b9e7c-2e96-4977-99e4-854b16c13945-impl-thread1] INFO  server.RaftServer$Division (RaftServerImpl.java:start(316)) - 907b9e7c-2e96-4977-99e4-854b16c13945@group-BBF74A919ED0: start with initializing state, conf=-1: [], old=null
2022-07-14 05:35:17,135 [907b9e7c-2e96-4977-99e4-854b16c13945-impl-thread1] INFO  server.RaftServer$Division (RaftServerImpl.java:setRole(299)) - 907b9e7c-2e96-4977-99e4-854b16c13945@group-BBF74A919ED0: changes role from      null to FOLLOWER at term 0 for startInitializing
2022-07-14 05:35:17,135 [907b9e7c-2e96-4977-99e4-854b16c13945-impl-thread1] INFO  util.JmxRegister (JmxRegister.java:tryRegister(44)) - Successfully registered JMX Bean with object name Ratis:service=RaftServer,group=group-BBF74A919ED0,id=907b9e7c-2e96-4977-99e4-854b16c13945
2022-07-14 05:35:17,137 [Listener at 0.0.0.0/43479] INFO  server.RaftServer (RaftServerProxy.java:lambda$start$6(382)) - 907b9e7c-2e96-4977-99e4-854b16c13945: start RPC server
2022-07-14 05:35:17,139 [Listener at 0.0.0.0/43479] INFO  server.GrpcService (GrpcService.java:startImpl(260)) - 907b9e7c-2e96-4977-99e4-854b16c13945: GrpcService started, listening on 34021
2022-07-14 05:35:17,141 [Listener at 0.0.0.0/43479] INFO  ha.SCMNodeInfo (SCMNodeInfo.java:getPort(197)) - ConfigKey ozone.scm.client.address is deprecated, For configuring different ports for each SCM use PortConfigKey ozone.scm.client.port appended with serviceId and nodeId
2022-07-14 05:35:17,141 [Listener at 0.0.0.0/43479] INFO  ha.SCMNodeInfo (SCMNodeInfo.java:getPort(197)) - ConfigKey ozone.scm.block.client.address is deprecated, For configuring different ports for each SCM use PortConfigKey ozone.scm.block.client.port appended with serviceId and nodeId
2022-07-14 05:35:17,141 [Listener at 0.0.0.0/43479] INFO  ha.SCMNodeInfo (SCMNodeInfo.java:getPort(197)) - ConfigKey ozone.scm.datanode.address is deprecated, For configuring different ports for each SCM use PortConfigKey ozone.scm.datanode.port appended with serviceId and nodeId
2022-07-14 05:35:17,141 [Listener at 0.0.0.0/43479] INFO  ha.SCMNodeInfo (SCMNodeInfo.java:getPort(197)) - ConfigKey ozone.scm.client.address is deprecated, For configuring different ports for each SCM use PortConfigKey ozone.scm.client.port appended with serviceId and nodeId
2022-07-14 05:35:17,141 [Listener at 0.0.0.0/43479] INFO  ha.SCMNodeInfo (SCMNodeInfo.java:getPort(197)) - ConfigKey ozone.scm.block.client.address is deprecated, For configuring different ports for each SCM use PortConfigKey ozone.scm.block.client.port appended with serviceId and nodeId
2022-07-14 05:35:17,141 [Listener at 0.0.0.0/43479] INFO  ha.SCMNodeInfo (SCMNodeInfo.java:getPort(197)) - ConfigKey ozone.scm.datanode.address is deprecated, For configuring different ports for each SCM use PortConfigKey ozone.scm.datanode.port appended with serviceId and nodeId
2022-07-14 05:35:17,141 [Listener at 0.0.0.0/43479] INFO  proxy.SCMBlockLocationFailoverProxyProvider (SCMBlockLocationFailoverProxyProvider.java:<init>(114)) - Created block location fail-over proxy with 2 nodes: [nodeId=scmNode-2,nodeAddress=/127.0.0.1:39709, nodeId=scmNode-1,nodeAddress=/127.0.0.1:44131]
2022-07-14 05:35:17,143 [org.apache.ratis.util.JvmPauseMonitor$$Lambda$519/2035454069@70ab73f2] INFO  util.JvmPauseMonitor (JvmPauseMonitor.java:run(103)) - JvmPauseMonitor-907b9e7c-2e96-4977-99e4-854b16c13945: Started
2022-07-14 05:35:17,149 [IPC Server handler 3 on default port 44131] INFO  ha.SCMRatisServerImpl (SCMRatisServerImpl.java:addSCM(302)) - c5ffeb5e-3634-4360-91c9-d598b29e1477: Submitting SetConfiguration request to Ratis server with new SCM peers list: [2dd1b2fa-668a-4f00-b120-82156fdca129|rpc:localhost:45669|priority:0, c5ffeb5e-3634-4360-91c9-d598b29e1477|rpc:localhost:44253|admin:|client:|dataStream:|priority:0, 907b9e7c-2e96-4977-99e4-854b16c13945|rpc:localhost:34021|priority:0]
2022-07-14 05:35:17,149 [IPC Server handler 3 on default port 44131] INFO  server.RaftServer$Division (RaftServerImpl.java:setConfigurationAsync(1080)) - c5ffeb5e-3634-4360-91c9-d598b29e1477@group-BBF74A919ED0: receive setConfiguration SetConfigurationRequest:client-72C5B25B15C6->c5ffeb5e-3634-4360-91c9-d598b29e1477@group-BBF74A919ED0, cid=1, seq=0, RW, null, peers:[2dd1b2fa-668a-4f00-b120-82156fdca129|rpc:localhost:45669|priority:0, c5ffeb5e-3634-4360-91c9-d598b29e1477|rpc:localhost:44253|admin:|client:|dataStream:|priority:0, 907b9e7c-2e96-4977-99e4-854b16c13945|rpc:localhost:34021|priority:0]
2022-07-14 05:35:17,149 [IPC Server handler 3 on default port 44131] INFO  server.RaftServer$Division (LeaderStateImpl.java:startSetConfiguration(368)) - c5ffeb5e-3634-4360-91c9-d598b29e1477@group-BBF74A919ED0-LeaderStateImpl: startSetConfiguration SetConfigurationRequest:client-72C5B25B15C6->c5ffeb5e-3634-4360-91c9-d598b29e1477@group-BBF74A919ED0, cid=1, seq=0, RW, null, peers:[2dd1b2fa-668a-4f00-b120-82156fdca129|rpc:localhost:45669|priority:0, c5ffeb5e-3634-4360-91c9-d598b29e1477|rpc:localhost:44253|admin:|client:|dataStream:|priority:0, 907b9e7c-2e96-4977-99e4-854b16c13945|rpc:localhost:34021|priority:0]
2022-07-14 05:35:17,150 [IPC Server handler 3 on default port 44131] INFO  server.RaftServerConfigKeys (ConfUtils.java:logGet(46)) - raft.server.log.appender.snapshot.chunk.size.max = 16MB (=16777216) (default)
2022-07-14 05:35:17,150 [IPC Server handler 3 on default port 44131] INFO  server.RaftServerConfigKeys (ConfUtils.java:logGet(46)) - raft.server.log.appender.buffer.byte-limit = 33554432 (custom)
2022-07-14 05:35:17,150 [IPC Server handler 3 on default port 44131] INFO  server.RaftServerConfigKeys (ConfUtils.java:logGet(46)) - raft.server.log.appender.buffer.element-limit = 1024 (custom)
2022-07-14 05:35:17,155 [IPC Server handler 3 on default port 44131] INFO  grpc.GrpcConfigKeys (ConfUtils.java:logGet(46)) - raft.grpc.server.leader.outstanding.appends.max = 128 (default)
2022-07-14 05:35:17,156 [IPC Server handler 3 on default port 44131] INFO  server.RaftServerConfigKeys (ConfUtils.java:logGet(46)) - raft.server.rpc.request.timeout = 30000ms (custom)
2022-07-14 05:35:17,156 [IPC Server handler 3 on default port 44131] INFO  server.RaftServerConfigKeys (ConfUtils.java:logGet(46)) - raft.server.log.appender.install.snapshot.enabled = false (custom)
2022-07-14 05:35:17,161 [c5ffeb5e-3634-4360-91c9-d598b29e1477@group-BBF74A919ED0->907b9e7c-2e96-4977-99e4-854b16c13945-GrpcLogAppender-LogAppenderDaemon] INFO  server.GrpcLogAppender (GrpcLogAppender.java:installSnapshot(541)) - c5ffeb5e-3634-4360-91c9-d598b29e1477@group-BBF74A919ED0->907b9e7c-2e96-4977-99e4-854b16c13945-GrpcLogAppender: followerNextIndex = 0 but logStartIndex = 0, notify follower to install snapshot-(t:1, i:0)
2022-07-14 05:35:17,162 [c5ffeb5e-3634-4360-91c9-d598b29e1477@group-BBF74A919ED0->907b9e7c-2e96-4977-99e4-854b16c13945-GrpcLogAppender-LogAppenderDaemon] INFO  server.GrpcLogAppender (GrpcLogAppender.java:installSnapshot(549)) - c5ffeb5e-3634-4360-91c9-d598b29e1477@group-BBF74A919ED0->907b9e7c-2e96-4977-99e4-854b16c13945-GrpcLogAppender: send c5ffeb5e-3634-4360-91c9-d598b29e1477->907b9e7c-2e96-4977-99e4-854b16c13945#0-t2,notify:(t:1, i:0)
2022-07-14 05:35:17,182 [grpc-default-executor-1] INFO  impl.SnapshotInstallationHandler (SnapshotInstallationHandler.java:installSnapshot(84)) - 907b9e7c-2e96-4977-99e4-854b16c13945@group-BBF74A919ED0: receive installSnapshot: c5ffeb5e-3634-4360-91c9-d598b29e1477->907b9e7c-2e96-4977-99e4-854b16c13945#0-t2,notify:(t:1, i:0)
2022-07-14 05:35:17,184 [grpc-default-executor-1] INFO  ha.SCMStateMachine (SCMStateMachine.java:notifyLeaderChanged(255)) - leader changed, yet current SCM is still follower.
2022-07-14 05:35:17,184 [grpc-default-executor-1] INFO  server.RaftServer$Division (ServerState.java:setLeader(287)) - 907b9e7c-2e96-4977-99e4-854b16c13945@group-BBF74A919ED0: change Leader from null to c5ffeb5e-3634-4360-91c9-d598b29e1477 at term 2 for installSnapshot, leader elected after 191ms
2022-07-14 05:35:17,184 [grpc-default-executor-1] INFO  impl.SnapshotInstallationHandler (SnapshotInstallationHandler.java:notifyStateMachineToInstallSnapshot(215)) - 907b9e7c-2e96-4977-99e4-854b16c13945@group-BBF74A919ED0: Received notification to install snapshot at index 0
2022-07-14 05:35:17,184 [grpc-default-executor-1] INFO  impl.SnapshotInstallationHandler (SnapshotInstallationHandler.java:notifyStateMachineToInstallSnapshot(224)) - 907b9e7c-2e96-4977-99e4-854b16c13945@group-BBF74A919ED0: InstallSnapshot notification result: ALREADY_INSTALLED, current snapshot index: -1
2022-07-14 05:35:17,185 [grpc-default-executor-1] INFO  impl.SnapshotInstallationHandler (SnapshotInstallationHandler.java:installSnapshotImpl(129)) - 907b9e7c-2e96-4977-99e4-854b16c13945@group-BBF74A919ED0: set new configuration index: 5
configurationEntry {
  peers {
    id: "2dd1b2fa-668a-4f00-b120-82156fdca129"
    address: "localhost:45669"
  }
  peers {
    id: "c5ffeb5e-3634-4360-91c9-d598b29e1477"
    address: "localhost:44253"
  }
}
 from snapshot
2022-07-14 05:35:17,185 [grpc-default-executor-1] INFO  server.RaftServer$Division (ServerState.java:setRaftConf(393)) - 907b9e7c-2e96-4977-99e4-854b16c13945@group-BBF74A919ED0: set configuration 5: [2dd1b2fa-668a-4f00-b120-82156fdca129|rpc:localhost:45669|admin:|client:|dataStream:|priority:0, c5ffeb5e-3634-4360-91c9-d598b29e1477|rpc:localhost:44253|admin:|client:|dataStream:|priority:0], old=null
2022-07-14 05:35:17,186 [grpc-default-executor-1] INFO  impl.SnapshotInstallationHandler (SnapshotInstallationHandler.java:installSnapshot(95)) - 907b9e7c-2e96-4977-99e4-854b16c13945@group-BBF74A919ED0: reply installSnapshot: c5ffeb5e-3634-4360-91c9-d598b29e1477<-907b9e7c-2e96-4977-99e4-854b16c13945#0:FAIL-t0,ALREADY_INSTALLED
2022-07-14 05:35:17,186 [grpc-default-executor-1] INFO  server.GrpcServerProtocolService (GrpcServerProtocolService.java:onCompleted(140)) - 907b9e7c-2e96-4977-99e4-854b16c13945: Completed INSTALL_SNAPSHOT, lastRequest: c5ffeb5e-3634-4360-91c9-d598b29e1477->907b9e7c-2e96-4977-99e4-854b16c13945#0-t2,notify:(t:1, i:0)
2022-07-14 05:35:17,190 [grpc-default-executor-1] INFO  server.GrpcLogAppender (GrpcLogAppender.java:onNext(403)) - c5ffeb5e-3634-4360-91c9-d598b29e1477@group-BBF74A919ED0->907b9e7c-2e96-4977-99e4-854b16c13945-InstallSnapshotResponseHandler: received the first reply c5ffeb5e-3634-4360-91c9-d598b29e1477<-907b9e7c-2e96-4977-99e4-854b16c13945#0:FAIL-t0,ALREADY_INSTALLED
2022-07-14 05:35:17,190 [grpc-default-executor-1] INFO  server.GrpcLogAppender (GrpcLogAppender.java:onNext(426)) - c5ffeb5e-3634-4360-91c9-d598b29e1477@group-BBF74A919ED0->907b9e7c-2e96-4977-99e4-854b16c13945-InstallSnapshotResponseHandler: Follower snapshot is already at index 0.
2022-07-14 05:35:17,190 [grpc-default-executor-1] INFO  leader.FollowerInfo (FollowerInfoImpl.java:lambda$new$0(48)) - c5ffeb5e-3634-4360-91c9-d598b29e1477@group-BBF74A919ED0->907b9e7c-2e96-4977-99e4-854b16c13945: snapshotIndex: setUnconditionally 0 -> 0
2022-07-14 05:35:17,190 [grpc-default-executor-1] INFO  leader.FollowerInfo (FollowerInfoImpl.java:lambda$new$0(48)) - c5ffeb5e-3634-4360-91c9-d598b29e1477@group-BBF74A919ED0->907b9e7c-2e96-4977-99e4-854b16c13945: matchIndex: setUnconditionally 0 -> 0
2022-07-14 05:35:17,190 [grpc-default-executor-1] INFO  leader.FollowerInfo (FollowerInfoImpl.java:lambda$new$0(48)) - c5ffeb5e-3634-4360-91c9-d598b29e1477@group-BBF74A919ED0->907b9e7c-2e96-4977-99e4-854b16c13945: nextIndex: setUnconditionally 0 -> 1
2022-07-14 05:35:17,190 [grpc-default-executor-1] INFO  leader.FollowerInfo (FollowerInfoImpl.java:setAttemptedToInstallSnapshot(118)) - Follower c5ffeb5e-3634-4360-91c9-d598b29e1477@group-BBF74A919ED0->907b9e7c-2e96-4977-99e4-854b16c13945 acknowledged installing snapshot
2022-07-14 05:35:17,190 [grpc-default-executor-1] INFO  leader.FollowerInfo (FollowerInfoImpl.java:lambda$new$0(48)) - c5ffeb5e-3634-4360-91c9-d598b29e1477@group-BBF74A919ED0->907b9e7c-2e96-4977-99e4-854b16c13945: nextIndex: updateToMax old=1, new=1, updated? false
2022-07-14 05:35:17,202 [907b9e7c-2e96-4977-99e4-854b16c13945-server-thread1] INFO  impl.RoleInfo (RoleInfo.java:updateAndGet(139)) - 907b9e7c-2e96-4977-99e4-854b16c13945: start 907b9e7c-2e96-4977-99e4-854b16c13945@group-BBF74A919ED0-FollowerState
2022-07-14 05:35:17,202 [907b9e7c-2e96-4977-99e4-854b16c13945-server-thread1] INFO  server.RaftServer$Division (RaftServerImpl.java:checkInconsistentAppendEntries(1424)) - 907b9e7c-2e96-4977-99e4-854b16c13945@group-BBF74A919ED0: Failed appendEntries as previous log entry ((t:1, i:0)) is not found
2022-07-14 05:35:17,202 [907b9e7c-2e96-4977-99e4-854b16c13945-server-thread1] INFO  server.RaftServer$Division (RaftServerImpl.java:checkInconsistentAppendEntries(1394)) - 907b9e7c-2e96-4977-99e4-854b16c13945@group-BBF74A919ED0: inconsistency entries. Reply:c5ffeb5e-3634-4360-91c9-d598b29e1477<-907b9e7c-2e96-4977-99e4-854b16c13945#0:FAIL-t2,INCONSISTENCY,nextIndex=0,followerCommit=-1
2022-07-14 05:35:17,205 [grpc-default-executor-0] INFO  leader.FollowerInfo (FollowerInfoImpl.java:lambda$new$0(48)) - c5ffeb5e-3634-4360-91c9-d598b29e1477@group-BBF74A919ED0->907b9e7c-2e96-4977-99e4-854b16c13945: nextIndex: updateUnconditionally 7 -> 0
2022-07-14 05:35:17,205 [907b9e7c-2e96-4977-99e4-854b16c13945-server-thread1] INFO  server.RaftServer$Division (RaftServerImpl.java:checkInconsistentAppendEntries(1424)) - 907b9e7c-2e96-4977-99e4-854b16c13945@group-BBF74A919ED0: Failed appendEntries as previous log entry ((t:1, i:0)) is not found
2022-07-14 05:35:17,206 [907b9e7c-2e96-4977-99e4-854b16c13945-server-thread1] INFO  server.RaftServer$Division (RaftServerImpl.java:checkInconsistentAppendEntries(1394)) - 907b9e7c-2e96-4977-99e4-854b16c13945@group-BBF74A919ED0: inconsistency entries. Reply:c5ffeb5e-3634-4360-91c9-d598b29e1477<-907b9e7c-2e96-4977-99e4-854b16c13945#1:FAIL-t2,INCONSISTENCY,nextIndex=0,followerCommit=-1
2022-07-14 05:35:17,208 [grpc-default-executor-0] INFO  leader.FollowerInfo (FollowerInfoImpl.java:lambda$new$0(48)) - c5ffeb5e-3634-4360-91c9-d598b29e1477@group-BBF74A919ED0->907b9e7c-2e96-4977-99e4-854b16c13945: nextIndex: updateUnconditionally 7 -> 0
2022-07-14 05:35:17,208 [907b9e7c-2e96-4977-99e4-854b16c13945-server-thread1] INFO  server.RaftServer$Division (ServerState.java:setRaftConf(393)) - 907b9e7c-2e96-4977-99e4-854b16c13945@group-BBF74A919ED0: set configuration 0: [c5ffeb5e-3634-4360-91c9-d598b29e1477|rpc:localhost:44253|admin:|client:|dataStream:|priority:0], old=null
2022-07-14 05:35:17,208 [907b9e7c-2e96-4977-99e4-854b16c13945-server-thread1] INFO  server.RaftServer$Division (ServerState.java:setRaftConf(393)) - 907b9e7c-2e96-4977-99e4-854b16c13945@group-BBF74A919ED0: set configuration 1: [c5ffeb5e-3634-4360-91c9-d598b29e1477|rpc:localhost:44253|admin:|client:|dataStream:|priority:0], old=null
2022-07-14 05:35:17,209 [907b9e7c-2e96-4977-99e4-854b16c13945-server-thread1] INFO  server.RaftServer$Division (ServerState.java:setRaftConf(393)) - 907b9e7c-2e96-4977-99e4-854b16c13945@group-BBF74A919ED0: set configuration 3: [2dd1b2fa-668a-4f00-b120-82156fdca129|rpc:localhost:45669|admin:|client:|dataStream:|priority:0, c5ffeb5e-3634-4360-91c9-d598b29e1477|rpc:localhost:44253|admin:|client:|dataStream:|priority:0], old=[c5ffeb5e-3634-4360-91c9-d598b29e1477|rpc:localhost:44253|admin:|client:|dataStream:|priority:0]
2022-07-14 05:35:17,209 [907b9e7c-2e96-4977-99e4-854b16c13945-server-thread1] INFO  server.RaftServer$Division (ServerState.java:setRaftConf(393)) - 907b9e7c-2e96-4977-99e4-854b16c13945@group-BBF74A919ED0: set configuration 5: [2dd1b2fa-668a-4f00-b120-82156fdca129|rpc:localhost:45669|admin:|client:|dataStream:|priority:0, c5ffeb5e-3634-4360-91c9-d598b29e1477|rpc:localhost:44253|admin:|client:|dataStream:|priority:0], old=null
2022-07-14 05:35:17,209 [907b9e7c-2e96-4977-99e4-854b16c13945-server-thread1] INFO  segmented.SegmentedRaftLogWorker (SegmentedRaftLogWorker.java:startLogSegment(425)) - 907b9e7c-2e96-4977-99e4-854b16c13945@group-BBF74A919ED0-SegmentedRaftLogWorker: Starting segment from index:0
2022-07-14 05:35:17,210 [907b9e7c-2e96-4977-99e4-854b16c13945-server-thread1] INFO  segmented.SegmentedRaftLogWorker (SegmentedRaftLogWorker.java:rollLogSegment(430)) - 907b9e7c-2e96-4977-99e4-854b16c13945@group-BBF74A919ED0-SegmentedRaftLogWorker: Rolling segment log-0_0 to index:0
2022-07-14 05:35:17,215 [907b9e7c-2e96-4977-99e4-854b16c13945-server-thread1] INFO  server.RaftServer$Division (ServerState.java:setRaftConf(393)) - 907b9e7c-2e96-4977-99e4-854b16c13945@group-BBF74A919ED0: set configuration 0: [c5ffeb5e-3634-4360-91c9-d598b29e1477|rpc:localhost:44253|admin:|client:|dataStream:|priority:0], old=null
2022-07-14 05:35:17,215 [907b9e7c-2e96-4977-99e4-854b16c13945-server-thread1] INFO  server.RaftServer$Division (ServerState.java:setRaftConf(393)) - 907b9e7c-2e96-4977-99e4-854b16c13945@group-BBF74A919ED0: set configuration 1: [c5ffeb5e-3634-4360-91c9-d598b29e1477|rpc:localhost:44253|admin:|client:|dataStream:|priority:0], old=null
2022-07-14 05:35:17,216 [907b9e7c-2e96-4977-99e4-854b16c13945-server-thread1] INFO  server.RaftServer$Division (ServerState.java:setRaftConf(393)) - 907b9e7c-2e96-4977-99e4-854b16c13945@group-BBF74A919ED0: set configuration 3: [2dd1b2fa-668a-4f00-b120-82156fdca129|rpc:localhost:45669|admin:|client:|dataStream:|priority:0, c5ffeb5e-3634-4360-91c9-d598b29e1477|rpc:localhost:44253|admin:|client:|dataStream:|priority:0], old=[c5ffeb5e-3634-4360-91c9-d598b29e1477|rpc:localhost:44253|admin:|client:|dataStream:|priority:0]
2022-07-14 05:35:17,216 [907b9e7c-2e96-4977-99e4-854b16c13945-server-thread1] INFO  server.RaftServer$Division (ServerState.java:setRaftConf(393)) - 907b9e7c-2e96-4977-99e4-854b16c13945@group-BBF74A919ED0: set configuration 5: [2dd1b2fa-668a-4f00-b120-82156fdca129|rpc:localhost:45669|admin:|client:|dataStream:|priority:0, c5ffeb5e-3634-4360-91c9-d598b29e1477|rpc:localhost:44253|admin:|client:|dataStream:|priority:0], old=null
2022-07-14 05:35:17,222 [907b9e7c-2e96-4977-99e4-854b16c13945@group-BBF74A919ED0-SegmentedRaftLogWorker] INFO  segmented.SegmentedRaftLogWorker (SegmentedRaftLogWorker.java:execute(629)) - 907b9e7c-2e96-4977-99e4-854b16c13945@group-BBF74A919ED0-SegmentedRaftLogWorker: created new log segment /home/runner/work/ozone/ozone/hadoop-ozone/integration-test/target/test-dir/MiniOzoneClusterImpl-252142cc-85ec-47ec-8abc-bbf74a919ed0/scmNode-3/scm-ha/252142cc-85ec-47ec-8abc-bbf74a919ed0/current/log_inprogress_0
2022-07-14 05:35:17,225 [907b9e7c-2e96-4977-99e4-854b16c13945@group-BBF74A919ED0-SegmentedRaftLogWorker] INFO  segmented.SegmentedRaftLogWorker (SegmentedRaftLogWorker.java:execute(586)) - 907b9e7c-2e96-4977-99e4-854b16c13945@group-BBF74A919ED0-SegmentedRaftLogWorker: Rolled log segment from /home/runner/work/ozone/ozone/hadoop-ozone/integration-test/target/test-dir/MiniOzoneClusterImpl-252142cc-85ec-47ec-8abc-bbf74a919ed0/scmNode-3/scm-ha/252142cc-85ec-47ec-8abc-bbf74a919ed0/current/log_inprogress_0 to /home/runner/work/ozone/ozone/hadoop-ozone/integration-test/target/test-dir/MiniOzoneClusterImpl-252142cc-85ec-47ec-8abc-bbf74a919ed0/scmNode-3/scm-ha/252142cc-85ec-47ec-8abc-bbf74a919ed0/current/log_0-0
2022-07-14 05:35:17,235 [907b9e7c-2e96-4977-99e4-854b16c13945@group-BBF74A919ED0-SegmentedRaftLogWorker] INFO  segmented.SegmentedRaftLogWorker (SegmentedRaftLogWorker.java:execute(629)) - 907b9e7c-2e96-4977-99e4-854b16c13945@group-BBF74A919ED0-SegmentedRaftLogWorker: created new log segment /home/runner/work/ozone/ozone/hadoop-ozone/integration-test/target/test-dir/MiniOzoneClusterImpl-252142cc-85ec-47ec-8abc-bbf74a919ed0/scmNode-3/scm-ha/252142cc-85ec-47ec-8abc-bbf74a919ed0/current/log_inprogress_1
2022-07-14 05:35:17,239 [907b9e7c-2e96-4977-99e4-854b16c13945@group-BBF74A919ED0-StateMachineUpdater] INFO  safemode.HealthyPipelineSafeModeRule (HealthyPipelineSafeModeRule.java:initializeRule(165)) - Refreshed total pipeline count is 0, healthy pipeline threshold count is 1
2022-07-14 05:35:17,240 [907b9e7c-2e96-4977-99e4-854b16c13945@group-BBF74A919ED0-StateMachineUpdater] INFO  safemode.ContainerSafeModeRule (ContainerSafeModeRule.java:reInitializeRule(177)) - Refreshed one replica container threshold 0, currentThreshold 0
2022-07-14 05:35:17,240 [907b9e7c-2e96-4977-99e4-854b16c13945@group-BBF74A919ED0-StateMachineUpdater] INFO  safemode.OneReplicaPipelineSafeModeRule (OneReplicaPipelineSafeModeRule.java:initializeRule(176)) - Refreshed Total pipeline count is 0, pipeline's with at least one datanode reported threshold count is 0
2022-07-14 05:35:17,240 [907b9e7c-2e96-4977-99e4-854b16c13945@group-BBF74A919ED0-StateMachineUpdater] INFO  server.SCMDatanodeProtocolServer (SCMDatanodeProtocolServer.java:start(186)) - ScmDatanodeProtocol RPC server for DataNodes is listening at /0.0.0.0:44189
2022-07-14 05:35:17,244 [IPC Server listener on 44189] INFO  ipc.Server (Server.java:run(1344)) - IPC Server listener on 44189: starting
2022-07-14 05:35:17,247 [IPC Server Responder] INFO  ipc.Server (Server.java:run(1507)) - IPC Server Responder: starting
2022-07-14 05:35:17,261 [c5ffeb5e-3634-4360-91c9-d598b29e1477@group-BBF74A919ED0-LeaderStateImpl] INFO  server.RaftServer$Division (ServerState.java:setRaftConf(393)) - c5ffeb5e-3634-4360-91c9-d598b29e1477@group-BBF74A919ED0: set configuration 7: [2dd1b2fa-668a-4f00-b120-82156fdca129|rpc:localhost:45669|priority:0, c5ffeb5e-3634-4360-91c9-d598b29e1477|rpc:localhost:44253|admin:|client:|dataStream:|priority:0, 907b9e7c-2e96-4977-99e4-854b16c13945|rpc:localhost:34021|priority:0], old=[2dd1b2fa-668a-4f00-b120-82156fdca129|rpc:localhost:45669|priority:0, c5ffeb5e-3634-4360-91c9-d598b29e1477|rpc:localhost:44253|admin:|client:|dataStream:|priority:0]
2022-07-14 05:35:17,279 [2dd1b2fa-668a-4f00-b120-82156fdca129-server-thread1] INFO  server.RaftServer$Division (ServerState.java:setRaftConf(393)) - 2dd1b2fa-668a-4f00-b120-82156fdca129@group-BBF74A919ED0: set configuration 7: [2dd1b2fa-668a-4f00-b120-82156fdca129|rpc:localhost:45669|admin:|client:|dataStream:|priority:0, c5ffeb5e-3634-4360-91c9-d598b29e1477|rpc:localhost:44253|admin:|client:|dataStream:|priority:0, 907b9e7c-2e96-4977-99e4-854b16c13945|rpc:localhost:34021|admin:|client:|dataStream:|priority:0], old=[2dd1b2fa-668a-4f00-b120-82156fdca129|rpc:localhost:45669|admin:|client:|dataStream:|priority:0, c5ffeb5e-3634-4360-91c9-d598b29e1477|rpc:localhost:44253|admin:|client:|dataStream:|priority:0]
2022-07-14 05:35:17,279 [907b9e7c-2e96-4977-99e4-854b16c13945-server-thread1] INFO  server.RaftServer$Division (ServerState.java:setRaftConf(393)) - 907b9e7c-2e96-4977-99e4-854b16c13945@group-BBF74A919ED0: set configuration 7: [2dd1b2fa-668a-4f00-b120-82156fdca129|rpc:localhost:45669|admin:|client:|dataStream:|priority:0, c5ffeb5e-3634-4360-91c9-d598b29e1477|rpc:localhost:44253|admin:|client:|dataStream:|priority:0, 907b9e7c-2e96-4977-99e4-854b16c13945|rpc:localhost:34021|admin:|client:|dataStream:|priority:0], old=[2dd1b2fa-668a-4f00-b120-82156fdca129|rpc:localhost:45669|admin:|client:|dataStream:|priority:0, c5ffeb5e-3634-4360-91c9-d598b29e1477|rpc:localhost:44253|admin:|client:|dataStream:|priority:0]
2022-07-14 05:35:17,283 [c5ffeb5e-3634-4360-91c9-d598b29e1477@group-BBF74A919ED0-LeaderStateImpl] INFO  server.RaftServer$Division (ServerState.java:setRaftConf(393)) - c5ffeb5e-3634-4360-91c9-d598b29e1477@group-BBF74A919ED0: set configuration 9: [2dd1b2fa-668a-4f00-b120-82156fdca129|rpc:localhost:45669|priority:0, c5ffeb5e-3634-4360-91c9-d598b29e1477|rpc:localhost:44253|admin:|client:|dataStream:|priority:0, 907b9e7c-2e96-4977-99e4-854b16c13945|rpc:localhost:34021|priority:0], old=null
2022-07-14 05:35:17,290 [907b9e7c-2e96-4977-99e4-854b16c13945-server-thread1] INFO  server.RaftServer$Division (ServerState.java:setRaftConf(393)) - 907b9e7c-2e96-4977-99e4-854b16c13945@group-BBF74A919ED0: set configuration 9: [2dd1b2fa-668a-4f00-b120-82156fdca129|rpc:localhost:45669|admin:|client:|dataStream:|priority:0, c5ffeb5e-3634-4360-91c9-d598b29e1477|rpc:localhost:44253|admin:|client:|dataStream:|priority:0, 907b9e7c-2e96-4977-99e4-854b16c13945|rpc:localhost:34021|admin:|client:|dataStream:|priority:0], old=null
2022-07-14 05:35:17,291 [2dd1b2fa-668a-4f00-b120-82156fdca129-server-thread1] INFO  server.RaftServer$Division (ServerState.java:setRaftConf(393)) - 2dd1b2fa-668a-4f00-b120-82156fdca129@group-BBF74A919ED0: set configuration 9: [2dd1b2fa-668a-4f00-b120-82156fdca129|rpc:localhost:45669|admin:|client:|dataStream:|priority:0, c5ffeb5e-3634-4360-91c9-d598b29e1477|rpc:localhost:44253|admin:|client:|dataStream:|priority:0, 907b9e7c-2e96-4977-99e4-854b16c13945|rpc:localhost:34021|admin:|client:|dataStream:|priority:0], old=null
2022-07-14 05:35:17,298 [IPC Server handler 3 on default port 44131] INFO  ha.SCMRatisServerImpl (SCMRatisServerImpl.java:addSCM(313)) - Successfully added new SCM: 907b9e7c-2e96-4977-99e4-854b16c13945.
2022-07-14 05:35:17,305 [Listener at 0.0.0.0/43479] INFO  ha.SCMHAManagerImpl (SCMHAManagerImpl.java:start(117)) - Successfully added SCM scmNode-3 to group group-BBF74A919ED0:[2dd1b2fa-668a-4f00-b120-82156fdca129|rpc:localhost:45669|admin:|client:|dataStream:|priority:0, c5ffeb5e-3634-4360-91c9-d598b29e1477|rpc:localhost:44253|admin:|client:|dataStream:|priority:0, 907b9e7c-2e96-4977-99e4-854b16c13945|rpc:localhost:34021|admin:|client:|dataStream:|priority:0]
2022-07-14 05:35:17,308 [Listener at 0.0.0.0/43479] INFO  ha.InterSCMGrpcService (InterSCMGrpcProtocolService.java:start(94)) - Starting SCM Grpc Service at port 35615
2022-07-14 05:35:17,314 [Listener at 0.0.0.0/43479] INFO  impl.MetricsSystemImpl (MetricsSystemImpl.java:init(158)) - StorageContainerManager metrics system started (again)
2022-07-14 05:35:17,337 [Listener at 0.0.0.0/43479] INFO  server.SCMClientProtocolServer (SCMClientProtocolServer.java:start(170)) - RPC server for Client  is listening at /0.0.0.0:43479
2022-07-14 05:35:17,338 [IPC Server Responder] INFO  ipc.Server (Server.java:run(1507)) - IPC Server Responder: starting
2022-07-14 05:35:17,338 [IPC Server listener on 43479] INFO  ipc.Server (Server.java:run(1344)) - IPC Server listener on 43479: starting
2022-07-14 05:35:17,343 [Listener at 0.0.0.0/43479] INFO  server.StorageContainerManager (StorageContainerManager.java:start(1437)) - ScmBlockLocationProtocol RPC server is listening at /0.0.0.0:40433
2022-07-14 05:35:17,348 [Listener at 0.0.0.0/43479] INFO  server.SCMBlockProtocolServer (SCMBlockProtocolServer.java:start(152)) - RPC server for Block Protocol is listening at /0.0.0.0:40433
2022-07-14 05:35:17,348 [IPC Server Responder] INFO  ipc.Server (Server.java:run(1507)) - IPC Server Responder: starting
2022-07-14 05:35:17,353 [IPC Server listener on 40433] INFO  ipc.Server (Server.java:run(1344)) - IPC Server listener on 40433: starting
2022-07-14 05:35:17,365 [org.apache.hadoop.util.JvmPauseMonitor$Monitor@28686649] INFO  util.JvmPauseMonitor (JvmPauseMonitor.java:run(188)) - Starting JVM pause monitor
2022-07-14 05:35:17,367 [Listener at 0.0.0.0/43479] INFO  http.BaseHttpServer (BaseHttpServer.java:newHttpServer2BuilderForOzone(209)) - Starting Web-server for scm at: http://0.0.0.0:41269
2022-07-14 05:35:17,367 [Listener at 0.0.0.0/43479] INFO  http.BaseHttpServer (BaseHttpServer.java:<init>(107)) - Hadoop Security Enabled: false Ozone Security Enabled: false Ozone HTTP Security Enabled: false 
2022-07-14 05:35:17,369 [Listener at 0.0.0.0/43479] INFO  server.AuthenticationFilter (AuthenticationFilter.java:constructSecretProvider(240)) - Unable to initialize FileSignerSecretProvider, falling back to use random secrets.
2022-07-14 05:35:17,375 [Listener at 0.0.0.0/43479] WARN  http.HttpRequestLog (HttpRequestLog.java:getRequestLog(103)) - Jetty request log can only be enabled using Log4j
2022-07-14 05:35:17,377 [Listener at 0.0.0.0/43479] INFO  http.HttpServer2 (HttpServer2.java:addGlobalFilter(1029)) - Added global filter 'safety' (class=org.apache.hadoop.hdds.server.http.HttpServer2$QuotingInputFilter)
2022-07-14 05:35:17,378 [Listener at 0.0.0.0/43479] INFO  http.HttpServer2 (HttpServer2.java:addFilter(1005)) - Added filter static_user_filter (class=org.apache.hadoop.http.lib.StaticUserWebFilter$StaticUserFilter) to context scm
2022-07-14 05:35:17,378 [Listener at 0.0.0.0/43479] INFO  http.HttpServer2 (HttpServer2.java:addFilter(1013)) - Added filter static_user_filter (class=org.apache.hadoop.http.lib.StaticUserWebFilter$StaticUserFilter) to context logs
2022-07-14 05:35:17,378 [Listener at 0.0.0.0/43479] INFO  http.HttpServer2 (HttpServer2.java:addFilter(1013)) - Added filter static_user_filter (class=org.apache.hadoop.http.lib.StaticUserWebFilter$StaticUserFilter) to context static
2022-07-14 05:35:17,379 [Listener at 0.0.0.0/43479] INFO  http.HttpServer2 (HttpServer2.java:bindListener(1248)) - Jetty bound to port 41269
2022-07-14 05:35:17,379 [Listener at 0.0.0.0/43479] INFO  server.Server (Server.java:doStart(375)) - jetty-9.4.43.v20210629; built: 2021-06-30T11:07:22.254Z; git: 526006ecfa3af7f1a27ef3a288e2bef7ea9dd7e8; jvm 1.8.0_332-b09
2022-07-14 05:35:17,399 [Listener at 0.0.0.0/43479] INFO  server.session (DefaultSessionIdManager.java:doStart(334)) - DefaultSessionIdManager workerName=node0
2022-07-14 05:35:17,399 [Listener at 0.0.0.0/43479] INFO  server.session (DefaultSessionIdManager.java:doStart(339)) - No SessionScavenger set, using defaults
2022-07-14 05:35:17,399 [Listener at 0.0.0.0/43479] INFO  server.session (HouseKeeper.java:startScavenging(132)) - node0 Scavenging every 600000ms
2022-07-14 05:35:17,400 [Listener at 0.0.0.0/43479] INFO  handler.ContextHandler (ContextHandler.java:doStart(915)) - Started o.e.j.s.ServletContextHandler@744f69a5{logs,/logs,file:///home/runner/work/ozone/ozone/hadoop-ozone/integration-test/target/log,AVAILABLE}
2022-07-14 05:35:17,401 [Listener at 0.0.0.0/43479] INFO  handler.ContextHandler (ContextHandler.java:doStart(915)) - Started o.e.j.s.ServletContextHandler@7ef531bf{static,/static,file:///home/runner/work/ozone/ozone/hadoop-ozone/integration-test/target/test-classes/webapps/static,AVAILABLE}
2022-07-14 05:35:17,406 [Listener at 0.0.0.0/43479] INFO  handler.ContextHandler (ContextHandler.java:doStart(915)) - Started o.e.j.w.WebAppContext@26e67fd9{scm,/,file:///home/runner/work/ozone/ozone/hadoop-ozone/integration-test/target/test-classes/webapps/scm/,AVAILABLE}{file:/home/runner/work/ozone/ozone/hadoop-ozone/integration-test/target/test-classes/webapps/scm}
2022-07-14 05:35:17,407 [Listener at 0.0.0.0/43479] INFO  server.AbstractConnector (AbstractConnector.java:doStart(331)) - Started ServerConnector@102d5692{HTTP/1.1, (http/1.1)}{0.0.0.0:41269}
2022-07-14 05:35:17,408 [Listener at 0.0.0.0/43479] INFO  server.Server (Server.java:doStart(415)) - Started @19404ms
2022-07-14 05:35:17,408 [Listener at 0.0.0.0/43479] WARN  impl.MetricsSystemImpl (MetricsSystemImpl.java:register(279)) - Sink prometheus already exists!
2022-07-14 05:35:17,408 [Listener at 0.0.0.0/43479] INFO  http.BaseHttpServer (BaseHttpServer.java:updateConnectorAddress(329)) - HTTP server of scm listening at http://0.0.0.0:41269
2022-07-14 05:35:17,409 [Listener at 0.0.0.0/43479] INFO  ozone.MiniOzoneHAClusterImpl (MiniOzoneHAClusterImpl.java:createSCMService(606)) - Started SCM RPC server at /0.0.0.0:43479
2022-07-14 05:35:17,477 [Listener at 0.0.0.0/43479] INFO  audit.AuditLogger (AuditLogger.java:refreshDebugCmdSet(120)) - Refresh DebugCmdSet for OMAudit to [].
2022-07-14 05:35:17,575 [Listener at 0.0.0.0/43479] INFO  ha.OMHANodeDetails (OMHANodeDetails.java:loadOMHAConfig(121)) - ServiceID for OzoneManager is omServiceId1
2022-07-14 05:35:17,581 [Listener at 0.0.0.0/43479] INFO  ha.OMHANodeDetails (OMHANodeDetails.java:loadOMHAConfig(201)) - Found matching OM address with OMServiceId: omServiceId1, OMNodeId: omNode-1, RPC Address: localhost:42281 and Ratis port: 45855
2022-07-14 05:35:17,582 [Listener at 0.0.0.0/43479] INFO  ha.OMHANodeDetails (ConfUtils.java:setNodeSpecificConfigs(97)) - Setting configuration key ozone.om.http-address with value of key ozone.om.http-address.omServiceId1.omNode-1: 127.0.0.1:38765
2022-07-14 05:35:17,582 [Listener at 0.0.0.0/43479] INFO  ha.OMHANodeDetails (ConfUtils.java:setNodeSpecificConfigs(97)) - Setting configuration key ozone.om.https-address with value of key ozone.om.https-address.omServiceId1.omNode-1: 127.0.0.1:36311
2022-07-14 05:35:17,582 [Listener at 0.0.0.0/43479] INFO  ha.OMHANodeDetails (ConfUtils.java:setNodeSpecificConfigs(97)) - Setting configuration key ozone.om.address with value of key ozone.om.address.omServiceId1.omNode-1: 127.0.0.1:42281
2022-07-14 05:35:17,582 [Listener at 0.0.0.0/43479] WARN  server.ServerUtils (ServerUtils.java:getDBPath(225)) - ozone.om.db.dirs is not configured. We recommend adding this setting. Falling back to ozone.metadata.dirs instead.
2022-07-14 05:35:17,587 [Listener at 0.0.0.0/43479] INFO  ha.SCMNodeInfo (SCMNodeInfo.java:getPort(197)) - ConfigKey ozone.scm.client.address is deprecated, For configuring different ports for each SCM use PortConfigKey ozone.scm.client.port appended with serviceId and nodeId
2022-07-14 05:35:17,587 [Listener at 0.0.0.0/43479] INFO  ha.SCMNodeInfo (SCMNodeInfo.java:getPort(197)) - ConfigKey ozone.scm.block.client.address is deprecated, For configuring different ports for each SCM use PortConfigKey ozone.scm.block.client.port appended with serviceId and nodeId
2022-07-14 05:35:17,587 [Listener at 0.0.0.0/43479] INFO  ha.SCMNodeInfo (SCMNodeInfo.java:getPort(197)) - ConfigKey ozone.scm.datanode.address is deprecated, For configuring different ports for each SCM use PortConfigKey ozone.scm.datanode.port appended with serviceId and nodeId
2022-07-14 05:35:17,587 [Listener at 0.0.0.0/43479] INFO  ha.SCMNodeInfo (SCMNodeInfo.java:getPort(197)) - ConfigKey ozone.scm.client.address is deprecated, For configuring different ports for each SCM use PortConfigKey ozone.scm.client.port appended with serviceId and nodeId
2022-07-14 05:35:17,587 [Listener at 0.0.0.0/43479] INFO  ha.SCMNodeInfo (SCMNodeInfo.java:getPort(197)) - ConfigKey ozone.scm.block.client.address is deprecated, For configuring different ports for each SCM use PortConfigKey ozone.scm.block.client.port appended with serviceId and nodeId
2022-07-14 05:35:17,587 [Listener at 0.0.0.0/43479] INFO  ha.SCMNodeInfo (SCMNodeInfo.java:getPort(197)) - ConfigKey ozone.scm.datanode.address is deprecated, For configuring different ports for each SCM use PortConfigKey ozone.scm.datanode.port appended with serviceId and nodeId
2022-07-14 05:35:17,588 [Listener at 0.0.0.0/43479] INFO  ha.SCMNodeInfo (SCMNodeInfo.java:getPort(197)) - ConfigKey ozone.scm.client.address is deprecated, For configuring different ports for each SCM use PortConfigKey ozone.scm.client.port appended with serviceId and nodeId
2022-07-14 05:35:17,588 [Listener at 0.0.0.0/43479] INFO  ha.SCMNodeInfo (SCMNodeInfo.java:getPort(197)) - ConfigKey ozone.scm.block.client.address is deprecated, For configuring different ports for each SCM use PortConfigKey ozone.scm.block.client.port appended with serviceId and nodeId
2022-07-14 05:35:17,588 [Listener at 0.0.0.0/43479] INFO  ha.SCMNodeInfo (SCMNodeInfo.java:getPort(197)) - ConfigKey ozone.scm.datanode.address is deprecated, For configuring different ports for each SCM use PortConfigKey ozone.scm.datanode.port appended with serviceId and nodeId
2022-07-14 05:35:17,588 [Listener at 0.0.0.0/43479] INFO  proxy.SCMBlockLocationFailoverProxyProvider (SCMBlockLocationFailoverProxyProvider.java:<init>(114)) - Created block location fail-over proxy with 3 nodes: [nodeId=scmNode-2,nodeAddress=/127.0.0.1:39709, nodeId=scmNode-3,nodeAddress=/127.0.0.1:40433, nodeId=scmNode-1,nodeAddress=/127.0.0.1:44131]
OM initialization succeeded.Current cluster id for sd=/home/runner/work/ozone/ozone/hadoop-ozone/integration-test/target/test-dir/MiniOzoneClusterImpl-252142cc-85ec-47ec-8abc-bbf74a919ed0/omNode-1/om;cid=252142cc-85ec-47ec-8abc-bbf74a919ed0;layoutVersion=3
2022-07-14 05:35:17,605 [Listener at 0.0.0.0/43479] INFO  ha.OMHANodeDetails (OMHANodeDetails.java:loadOMHAConfig(121)) - ServiceID for OzoneManager is omServiceId1
2022-07-14 05:35:17,606 [Listener at 0.0.0.0/43479] INFO  ha.OMHANodeDetails (OMHANodeDetails.java:loadOMHAConfig(201)) - Found matching OM address with OMServiceId: omServiceId1, OMNodeId: omNode-1, RPC Address: localhost:42281 and Ratis port: 45855
2022-07-14 05:35:17,606 [Listener at 0.0.0.0/43479] INFO  ha.OMHANodeDetails (ConfUtils.java:setNodeSpecificConfigs(97)) - Setting configuration key ozone.om.http-address with value of key ozone.om.http-address.omServiceId1.omNode-1: 127.0.0.1:38765
2022-07-14 05:35:17,606 [Listener at 0.0.0.0/43479] INFO  ha.OMHANodeDetails (ConfUtils.java:setNodeSpecificConfigs(97)) - Setting configuration key ozone.om.https-address with value of key ozone.om.https-address.omServiceId1.omNode-1: 127.0.0.1:36311
2022-07-14 05:35:17,606 [Listener at 0.0.0.0/43479] INFO  ha.OMHANodeDetails (ConfUtils.java:setNodeSpecificConfigs(97)) - Setting configuration key ozone.om.address with value of key ozone.om.address.omServiceId1.omNode-1: 127.0.0.1:42281
2022-07-14 05:35:17,607 [Listener at 0.0.0.0/43479] WARN  server.ServerUtils (ServerUtils.java:getDBPath(225)) - ozone.om.db.dirs is not configured. We recommend adding this setting. Falling back to ozone.metadata.dirs instead.
2022-07-14 05:35:17,609 [Listener at 0.0.0.0/43479] INFO  upgrade.AbstractLayoutVersionManager (AbstractLayoutVersionManager.java:init(83)) - Initializing Layout version manager with metadata layout = MULTITENANCY_SCHEMA (version = 3), software layout = MULTITENANCY_SCHEMA (version = 3)
2022-07-14 05:35:17,716 [Listener at 0.0.0.0/43479] INFO  reflections.Reflections (Reflections.java:scan(232)) - Reflections took 101 ms to scan 2 urls, producing 152 keys and 424 values [using 2 cores]
2022-07-14 05:35:17,727 [Listener at 0.0.0.0/43479] INFO  upgrade.OMLayoutVersionManager (OMLayoutVersionManager.java:lambda$0(115)) - Skipping Upgrade Action MockOmUpgradeAction since it has been finalized.
2022-07-14 05:35:17,728 [Listener at 0.0.0.0/43479] WARN  server.ServerUtils (ServerUtils.java:getDBPath(225)) - ozone.om.db.dirs is not configured. We recommend adding this setting. Falling back to ozone.metadata.dirs instead.
2022-07-14 05:35:17,748 [Listener at 0.0.0.0/43479] INFO  ha.SCMNodeInfo (SCMNodeInfo.java:getPort(197)) - ConfigKey ozone.scm.client.address is deprecated, For configuring different ports for each SCM use PortConfigKey ozone.scm.client.port appended with serviceId and nodeId
2022-07-14 05:35:17,748 [Listener at 0.0.0.0/43479] INFO  ha.SCMNodeInfo (SCMNodeInfo.java:getPort(197)) - ConfigKey ozone.scm.block.client.address is deprecated, For configuring different ports for each SCM use PortConfigKey ozone.scm.block.client.port appended with serviceId and nodeId
2022-07-14 05:35:17,748 [Listener at 0.0.0.0/43479] INFO  ha.SCMNodeInfo (SCMNodeInfo.java:getPort(197)) - ConfigKey ozone.scm.datanode.address is deprecated, For configuring different ports for each SCM use PortConfigKey ozone.scm.datanode.port appended with serviceId and nodeId
2022-07-14 05:35:17,748 [Listener at 0.0.0.0/43479] INFO  ha.SCMNodeInfo (SCMNodeInfo.java:getPort(197)) - ConfigKey ozone.scm.client.address is deprecated, For configuring different ports for each SCM use PortConfigKey ozone.scm.client.port appended with serviceId and nodeId
2022-07-14 05:35:17,748 [Listener at 0.0.0.0/43479] INFO  ha.SCMNodeInfo (SCMNodeInfo.java:getPort(197)) - ConfigKey ozone.scm.block.client.address is deprecated, For configuring different ports for each SCM use PortConfigKey ozone.scm.block.client.port appended with serviceId and nodeId
2022-07-14 05:35:17,748 [Listener at 0.0.0.0/43479] INFO  ha.SCMNodeInfo (SCMNodeInfo.java:getPort(197)) - ConfigKey ozone.scm.datanode.address is deprecated, For configuring different ports for each SCM use PortConfigKey ozone.scm.datanode.port appended with serviceId and nodeId
2022-07-14 05:35:17,748 [Listener at 0.0.0.0/43479] INFO  ha.SCMNodeInfo (SCMNodeInfo.java:getPort(197)) - ConfigKey ozone.scm.client.address is deprecated, For configuring different ports for each SCM use PortConfigKey ozone.scm.client.port appended with serviceId and nodeId
2022-07-14 05:35:17,748 [Listener at 0.0.0.0/43479] INFO  ha.SCMNodeInfo (SCMNodeInfo.java:getPort(197)) - ConfigKey ozone.scm.block.client.address is deprecated, For configuring different ports for each SCM use PortConfigKey ozone.scm.block.client.port appended with serviceId and nodeId
2022-07-14 05:35:17,748 [Listener at 0.0.0.0/43479] INFO  ha.SCMNodeInfo (SCMNodeInfo.java:getPort(197)) - ConfigKey ozone.scm.datanode.address is deprecated, For configuring different ports for each SCM use PortConfigKey ozone.scm.datanode.port appended with serviceId and nodeId
2022-07-14 05:35:17,972 [Listener at 0.0.0.0/43479] INFO  ha.SCMNodeInfo (SCMNodeInfo.java:getPort(197)) - ConfigKey ozone.scm.client.address is deprecated, For configuring different ports for each SCM use PortConfigKey ozone.scm.client.port appended with serviceId and nodeId
2022-07-14 05:35:17,972 [Listener at 0.0.0.0/43479] INFO  ha.SCMNodeInfo (SCMNodeInfo.java:getPort(197)) - ConfigKey ozone.scm.block.client.address is deprecated, For configuring different ports for each SCM use PortConfigKey ozone.scm.block.client.port appended with serviceId and nodeId
2022-07-14 05:35:17,972 [Listener at 0.0.0.0/43479] INFO  ha.SCMNodeInfo (SCMNodeInfo.java:getPort(197)) - ConfigKey ozone.scm.datanode.address is deprecated, For configuring different ports for each SCM use PortConfigKey ozone.scm.datanode.port appended with serviceId and nodeId
2022-07-14 05:35:17,972 [Listener at 0.0.0.0/43479] INFO  ha.SCMNodeInfo (SCMNodeInfo.java:getPort(197)) - ConfigKey ozone.scm.client.address is deprecated, For configuring different ports for each SCM use PortConfigKey ozone.scm.client.port appended with serviceId and nodeId
2022-07-14 05:35:17,972 [Listener at 0.0.0.0/43479] INFO  ha.SCMNodeInfo (SCMNodeInfo.java:getPort(197)) - ConfigKey ozone.scm.block.client.address is deprecated, For configuring different ports for each SCM use PortConfigKey ozone.scm.block.client.port appended with serviceId and nodeId
2022-07-14 05:35:17,972 [Listener at 0.0.0.0/43479] INFO  ha.SCMNodeInfo (SCMNodeInfo.java:getPort(197)) - ConfigKey ozone.scm.datanode.address is deprecated, For configuring different ports for each SCM use PortConfigKey ozone.scm.datanode.port appended with serviceId and nodeId
2022-07-14 05:35:17,972 [Listener at 0.0.0.0/43479] INFO  ha.SCMNodeInfo (SCMNodeInfo.java:getPort(197)) - ConfigKey ozone.scm.client.address is deprecated, For configuring different ports for each SCM use PortConfigKey ozone.scm.client.port appended with serviceId and nodeId
2022-07-14 05:35:17,972 [Listener at 0.0.0.0/43479] INFO  ha.SCMNodeInfo (SCMNodeInfo.java:getPort(197)) - ConfigKey ozone.scm.block.client.address is deprecated, For configuring different ports for each SCM use PortConfigKey ozone.scm.block.client.port appended with serviceId and nodeId
2022-07-14 05:35:17,972 [Listener at 0.0.0.0/43479] INFO  ha.SCMNodeInfo (SCMNodeInfo.java:getPort(197)) - ConfigKey ozone.scm.datanode.address is deprecated, For configuring different ports for each SCM use PortConfigKey ozone.scm.datanode.port appended with serviceId and nodeId
2022-07-14 05:35:17,973 [Listener at 0.0.0.0/43479] INFO  proxy.SCMBlockLocationFailoverProxyProvider (SCMBlockLocationFailoverProxyProvider.java:<init>(114)) - Created block location fail-over proxy with 3 nodes: [nodeId=scmNode-2,nodeAddress=/127.0.0.1:39709, nodeId=scmNode-3,nodeAddress=/127.0.0.1:40433, nodeId=scmNode-1,nodeAddress=/127.0.0.1:44131]
2022-07-14 05:35:17,975 [Listener at 0.0.0.0/43479] INFO  ha.SCMNodeInfo (SCMNodeInfo.java:getPort(197)) - ConfigKey ozone.scm.client.address is deprecated, For configuring different ports for each SCM use PortConfigKey ozone.scm.client.port appended with serviceId and nodeId
2022-07-14 05:35:17,975 [Listener at 0.0.0.0/43479] INFO  ha.SCMNodeInfo (SCMNodeInfo.java:getPort(197)) - ConfigKey ozone.scm.block.client.address is deprecated, For configuring different ports for each SCM use PortConfigKey ozone.scm.block.client.port appended with serviceId and nodeId
2022-07-14 05:35:17,975 [Listener at 0.0.0.0/43479] INFO  ha.SCMNodeInfo (SCMNodeInfo.java:getPort(197)) - ConfigKey ozone.scm.datanode.address is deprecated, For configuring different ports for each SCM use PortConfigKey ozone.scm.datanode.port appended with serviceId and nodeId
2022-07-14 05:35:17,975 [Listener at 0.0.0.0/43479] INFO  ha.SCMNodeInfo (SCMNodeInfo.java:getPort(197)) - ConfigKey ozone.scm.client.address is deprecated, For configuring different ports for each SCM use PortConfigKey ozone.scm.client.port appended with serviceId and nodeId
2022-07-14 05:35:17,975 [Listener at 0.0.0.0/43479] INFO  ha.SCMNodeInfo (SCMNodeInfo.java:getPort(197)) - ConfigKey ozone.scm.block.client.address is deprecated, For configuring different ports for each SCM use PortConfigKey ozone.scm.block.client.port appended with serviceId and nodeId
2022-07-14 05:35:17,975 [Listener at 0.0.0.0/43479] INFO  ha.SCMNodeInfo (SCMNodeInfo.java:getPort(197)) - ConfigKey ozone.scm.datanode.address is deprecated, For configuring different ports for each SCM use PortConfigKey ozone.scm.datanode.port appended with serviceId and nodeId
2022-07-14 05:35:17,975 [Listener at 0.0.0.0/43479] INFO  ha.SCMNodeInfo (SCMNodeInfo.java:getPort(197)) - ConfigKey ozone.scm.client.address is deprecated, For configuring different ports for each SCM use PortConfigKey ozone.scm.client.port appended with serviceId and nodeId
2022-07-14 05:35:17,975 [Listener at 0.0.0.0/43479] INFO  ha.SCMNodeInfo (SCMNodeInfo.java:getPort(197)) - ConfigKey ozone.scm.block.client.address is deprecated, For configuring different ports for each SCM use PortConfigKey ozone.scm.block.client.port appended with serviceId and nodeId
2022-07-14 05:35:17,976 [Listener at 0.0.0.0/43479] INFO  ha.SCMNodeInfo (SCMNodeInfo.java:getPort(197)) - ConfigKey ozone.scm.datanode.address is deprecated, For configuring different ports for each SCM use PortConfigKey ozone.scm.datanode.port appended with serviceId and nodeId
2022-07-14 05:35:17,976 [Listener at 0.0.0.0/43479] INFO  proxy.SCMBlockLocationFailoverProxyProvider (SCMBlockLocationFailoverProxyProvider.java:<init>(114)) - Created block location fail-over proxy with 3 nodes: [nodeId=scmNode-2,nodeAddress=/127.0.0.1:39709, nodeId=scmNode-3,nodeAddress=/127.0.0.1:40433, nodeId=scmNode-1,nodeAddress=/127.0.0.1:44131]
2022-07-14 05:35:18,014 [Listener at 0.0.0.0/43479] WARN  server.ServerUtils (ServerUtils.java:getDBPath(225)) - ozone.om.db.dirs is not configured. We recommend adding this setting. Falling back to ozone.metadata.dirs instead.
2022-07-14 05:35:18,023 [Listener at 0.0.0.0/43479] INFO  codec.OmKeyInfoCodec (OmKeyInfoCodec.java:<init>(49)) - OmKeyInfoCodec ignorePipeline = true
2022-07-14 05:35:18,024 [Listener at 0.0.0.0/43479] INFO  codec.RepeatedOmKeyInfoCodec (RepeatedOmKeyInfoCodec.java:<init>(41)) - RepeatedOmKeyInfoCodec ignorePipeline = true
2022-07-14 05:35:18,260 [Listener at 0.0.0.0/43479] INFO  om.OzoneManager (OzoneManager.java:instantiateServices(694)) - S3 Multi-Tenancy is disabled
2022-07-14 05:35:18,363 [Listener at 0.0.0.0/43479] INFO  om.OzoneManager (OzoneManager.java:addS3GVolumeToDB(4308)) - Created Volume s3v With Owner runner required for S3Gateway operations.
2022-07-14 05:35:18,431 [Listener at 0.0.0.0/43479] WARN  server.ServerUtils (ServerUtils.java:getDefaultRatisDirectory(237)) - Storage directory for Ratis is not configured. It is a good idea to map this to an SSD disk. Falling back to ozone.metadata.dirs
2022-07-14 05:35:18,431 [Listener at 0.0.0.0/43479] WARN  utils.OzoneManagerRatisUtils (OzoneManagerRatisUtils.java:getOMRatisSnapshotDirectory(431)) - ozone.om.ratis.snapshot.dir is not configured. Falling back to ozone.metadata.dirs config
2022-07-14 05:35:18,437 [Listener at 0.0.0.0/43479] INFO  snapshot.OzoneManagerSnapshotProvider (OzoneManagerSnapshotProvider.java:<init>(76)) - Initializing OM Snapshot Provider
2022-07-14 05:35:18,566 [Listener at 0.0.0.0/43479] WARN  impl.MetricRegistriesImpl (MetricRegistriesImpl.java:addReporterRegistration(111)) - New reporters are added after registries were created. Some metrics will be missing from the reporter. Please add reporter before adding any new registry.
2022-07-14 05:35:18,567 [Listener at 0.0.0.0/43479] WARN  impl.MetricRegistriesImpl (MetricRegistriesImpl.java:addReporterRegistration(111)) - New reporters are added after registries were created. Some metrics will be missing from the reporter. Please add reporter before adding any new registry.
2022-07-14 05:35:18,567 [Listener at 0.0.0.0/43479] WARN  server.ServerUtils (ServerUtils.java:getDefaultRatisDirectory(237)) - Storage directory for Ratis is not configured. It is a good idea to map this to an SSD disk. Falling back to ozone.metadata.dirs
2022-07-14 05:35:18,570 [Listener at 0.0.0.0/43479] INFO  ratis.OzoneManagerRatisServer (OzoneManagerRatisServer.java:<init>(159)) - Instantiating OM Ratis server with groupID: omServiceId1 and peers: localhost:45855, localhost:35085, localhost:35821
2022-07-14 05:35:18,575 [Listener at 0.0.0.0/43479] INFO  ratis.OzoneManagerStateMachine (OzoneManagerStateMachine.java:loadSnapshotInfoFromDB(632)) - LastAppliedIndex is set from TransactionInfo from OM DB as (t:0, i:~)
2022-07-14 05:35:18,610 [Listener at 0.0.0.0/43479] INFO  server.RaftServer (ConfUtils.java:logGet(46)) - raft.rpc.type = GRPC (default)
2022-07-14 05:35:18,610 [Listener at 0.0.0.0/43479] INFO  grpc.GrpcFactory (GrpcFactory.java:checkPooledByteBufAllocatorUseCacheForAllThreads(48)) - PERFORMANCE WARNING: useCacheForAllThreads is true that may cause Netty to create a lot garbage objects and, as a result, trigger GC.
	It is recommended to disable useCacheForAllThreads by setting -Dorg.apache.ratis.thirdparty.io.netty.allocator.useCacheForAllThreads=false in command line.
2022-07-14 05:35:18,610 [Listener at 0.0.0.0/43479] INFO  grpc.GrpcConfigKeys (ConfUtils.java:logGet(46)) - raft.grpc.admin.port = -1 (default)
2022-07-14 05:35:18,610 [Listener at 0.0.0.0/43479] INFO  grpc.GrpcConfigKeys (ConfUtils.java:logGet(46)) - raft.grpc.server.port = 45855 (custom)
2022-07-14 05:35:18,611 [Listener at 0.0.0.0/43479] INFO  grpc.GrpcConfigKeys (ConfUtils.java:logGet(46)) - raft.grpc.client.port = -1 (default)
2022-07-14 05:35:18,611 [Listener at 0.0.0.0/43479] INFO  grpc.GrpcConfigKeys (ConfUtils.java:logGet(46)) - raft.grpc.server.port = 45855 (custom)
2022-07-14 05:35:18,611 [Listener at 0.0.0.0/43479] INFO  grpc.GrpcConfigKeys (ConfUtils.java:logGet(46)) - raft.grpc.server.port = 45855 (custom)
2022-07-14 05:35:18,611 [Listener at 0.0.0.0/43479] INFO  server.GrpcService (ConfUtils.java:logGet(46)) - raft.grpc.message.size.max = 33554432 (custom)
2022-07-14 05:35:18,611 [Listener at 0.0.0.0/43479] INFO  server.RaftServerConfigKeys (ConfUtils.java:logGet(46)) - raft.server.log.appender.buffer.byte-limit = 33554432 (custom)
2022-07-14 05:35:18,611 [Listener at 0.0.0.0/43479] INFO  server.GrpcService (ConfUtils.java:logGet(46)) - raft.grpc.flow.control.window = 1MB (=1048576) (default)
2022-07-14 05:35:18,612 [Listener at 0.0.0.0/43479] INFO  server.RaftServerConfigKeys (ConfUtils.java:logGet(46)) - raft.server.rpc.request.timeout = 3000ms (default)
2022-07-14 05:35:18,612 [Listener at 0.0.0.0/43479] INFO  grpc.GrpcConfigKeys (ConfUtils.java:logGet(46)) - raft.grpc.server.async.request.thread.pool.cached = true (default)
2022-07-14 05:35:18,612 [Listener at 0.0.0.0/43479] INFO  grpc.GrpcConfigKeys (ConfUtils.java:logGet(46)) - raft.grpc.server.async.request.thread.pool.size = 32 (default)
2022-07-14 05:35:18,613 [Listener at 0.0.0.0/43479] INFO  impl.DataStreamServerImpl (ConfUtils.java:logGet(46)) - raft.datastream.type = DISABLED (default)
2022-07-14 05:35:18,614 [Listener at 0.0.0.0/43479] INFO  server.RaftServerConfigKeys (ConfUtils.java:logGet(46)) - raft.server.threadpool.proxy.cached = true (default)
2022-07-14 05:35:18,614 [Listener at 0.0.0.0/43479] INFO  server.RaftServerConfigKeys (ConfUtils.java:logGet(46)) - raft.server.threadpool.proxy.size = 0 (default)
2022-07-14 05:35:18,614 [Listener at 0.0.0.0/43479] INFO  server.RaftServerConfigKeys (ConfUtils.java:logGet(46)) - raft.server.rpc.slowness.timeout = 2s (custom)
2022-07-14 05:35:18,614 [Listener at 0.0.0.0/43479] INFO  server.RaftServerConfigKeys (ConfUtils.java:logGet(46)) - raft.server.leaderelection.leader.step-down.wait-time = 10s (default)
2022-07-14 05:35:18,614 [Listener at 0.0.0.0/43479] INFO  server.RaftServerConfigKeys (ConfUtils.java:logGet(46)) - raft.server.storage.dir = [/home/runner/work/ozone/ozone/hadoop-ozone/integration-test/target/test-dir/MiniOzoneClusterImpl-252142cc-85ec-47ec-8abc-bbf74a919ed0/omNode-1/ratis] (custom)
2022-07-14 05:35:18,619 [Listener at 0.0.0.0/43479] INFO  server.RaftServer (RaftServerProxy.java:addNew(96)) - omNode-1: addNew group-6C22E66A003A:[omNode-3|rpc:localhost:35085|priority:0, omNode-1|rpc:localhost:45855|priority:0, omNode-2|rpc:localhost:35821|priority:0] returns group-6C22E66A003A:java.util.concurrent.CompletableFuture@1d2f50b4[Not completed]
2022-07-14 05:35:18,619 [Listener at 0.0.0.0/43479] INFO  om.OzoneManager (OzoneManager.java:initializeRatisServer(1963)) - OzoneManager Ratis server initialized at port 45855
2022-07-14 05:35:18,620 [pool-124-thread-1] INFO  server.RaftServer$Division (RaftServerImpl.java:<init>(190)) - omNode-1: new RaftServerImpl for group-6C22E66A003A:[omNode-3|rpc:localhost:35085|priority:0, omNode-1|rpc:localhost:45855|priority:0, omNode-2|rpc:localhost:35821|priority:0] with OzoneManagerStateMachine:uninitialized
2022-07-14 05:35:18,622 [pool-124-thread-1] INFO  server.RaftServerConfigKeys (ConfUtils.java:logGet(46)) - raft.server.rpc.timeout.min = 1s (custom)
2022-07-14 05:35:18,622 [pool-124-thread-1] INFO  server.RaftServerConfigKeys (ConfUtils.java:logGet(46)) - raft.server.rpc.timeout.max = 1200ms (custom)
2022-07-14 05:35:18,622 [pool-124-thread-1] INFO  server.RaftServerConfigKeys (ConfUtils.java:logGet(46)) - raft.server.rpc.sleep.time = 25ms (default)
2022-07-14 05:35:18,622 [pool-124-thread-1] INFO  server.RaftServerConfigKeys (ConfUtils.java:logGet(46)) - raft.server.rpc.slowness.timeout = 2s (custom)
2022-07-14 05:35:18,630 [Listener at 0.0.0.0/43479] INFO  om.OzoneManager (OzoneManager.java:getRpcServer(1083)) - Creating RPC Server
2022-07-14 05:35:18,632 [pool-124-thread-1] INFO  server.RaftServerConfigKeys (ConfUtils.java:logGet(46)) - raft.server.leaderelection.leader.step-down.wait-time = 10s (default)
2022-07-14 05:35:18,632 [pool-124-thread-1] INFO  server.RaftServerConfigKeys (ConfUtils.java:logGet(46)) - raft.server.sleep.deviation.threshold = 300ms (default)
2022-07-14 05:35:18,632 [pool-124-thread-1] INFO  server.RaftServer$Division (ServerState.java:<init>(107)) - omNode-1@group-6C22E66A003A: ConfigurationManager, init=-1: [omNode-3|rpc:localhost:35085|priority:0, omNode-1|rpc:localhost:45855|priority:0, omNode-2|rpc:localhost:35821|priority:0], old=null, confs=<EMPTY_MAP>
2022-07-14 05:35:18,632 [pool-124-thread-1] INFO  server.RaftServerConfigKeys (ConfUtils.java:logGet(46)) - raft.server.storage.dir = [/home/runner/work/ozone/ozone/hadoop-ozone/integration-test/target/test-dir/MiniOzoneClusterImpl-252142cc-85ec-47ec-8abc-bbf74a919ed0/omNode-1/ratis] (custom)
2022-07-14 05:35:18,632 [pool-124-thread-1] INFO  server.RaftServerConfigKeys (ConfUtils.java:logGet(46)) - raft.server.log.corruption.policy = EXCEPTION (default)
2022-07-14 05:35:18,632 [pool-124-thread-1] INFO  server.RaftServerConfigKeys (ConfUtils.java:logGet(46)) - raft.server.storage.free-space.min = 0MB (=0) (default)
2022-07-14 05:35:18,633 [pool-124-thread-1] INFO  storage.RaftStorageDirectory (RaftStorageDirectoryImpl.java:analyzeStorage(135)) - The storage directory /home/runner/work/ozone/ozone/hadoop-ozone/integration-test/target/test-dir/MiniOzoneClusterImpl-252142cc-85ec-47ec-8abc-bbf74a919ed0/omNode-1/ratis/9c9825ce-8ba7-3ee6-a7c3-6c22e66a003a does not exist. Creating ...
2022-07-14 05:35:18,634 [pool-124-thread-1] INFO  storage.RaftStorageDirectory (RaftStorageDirectoryImpl.java:tryLock(230)) - Lock on /home/runner/work/ozone/ozone/hadoop-ozone/integration-test/target/test-dir/MiniOzoneClusterImpl-252142cc-85ec-47ec-8abc-bbf74a919ed0/omNode-1/ratis/9c9825ce-8ba7-3ee6-a7c3-6c22e66a003a/in_use.lock acquired by nodename 26111@fv-az444-907
2022-07-14 05:35:18,636 [pool-124-thread-1] INFO  storage.RaftStorage (RaftStorageImpl.java:format(89)) - Storage directory /home/runner/work/ozone/ozone/hadoop-ozone/integration-test/target/test-dir/MiniOzoneClusterImpl-252142cc-85ec-47ec-8abc-bbf74a919ed0/omNode-1/ratis/9c9825ce-8ba7-3ee6-a7c3-6c22e66a003a has been successfully formatted.
2022-07-14 05:35:18,637 [pool-124-thread-1] INFO  server.RaftServerConfigKeys (ConfUtils.java:logGet(46)) - raft.server.notification.no-leader.timeout = 2s (custom)
2022-07-14 05:35:18,637 [pool-124-thread-1] INFO  server.RaftServerConfigKeys (ConfUtils.java:logGet(46)) - raft.server.log.use.memory = false (default)
2022-07-14 05:35:18,637 [pool-124-thread-1] INFO  server.RaftServerConfigKeys (ConfUtils.java:logGet(46)) - raft.server.log.purge.gap = 1000000 (custom)
2022-07-14 05:35:18,638 [pool-124-thread-1] INFO  server.RaftServerConfigKeys (ConfUtils.java:logGet(46)) - raft.server.log.appender.buffer.byte-limit = 33554432 (custom)
2022-07-14 05:35:18,638 [pool-124-thread-1] INFO  server.RaftServerConfigKeys (ConfUtils.java:logGet(46)) - raft.server.log.statemachine.data.read.timeout = 1000ms (default)
2022-07-14 05:35:18,638 [pool-124-thread-1] INFO  server.RaftServerConfigKeys (ConfUtils.java:logGet(46)) - raft.server.log.segment.size.max = 4194304 (custom)
2022-07-14 05:35:18,639 [pool-124-thread-1] INFO  server.RaftServerConfigKeys (ConfUtils.java:logGet(46)) - raft.server.log.segment.cache.num.max = 2 (custom)
2022-07-14 05:35:18,639 [pool-124-thread-1] INFO  server.RaftServerConfigKeys (ConfUtils.java:logGet(46)) - raft.server.log.segment.cache.size.max = 200MB (=209715200) (default)
2022-07-14 05:35:18,639 [pool-124-thread-1] INFO  segmented.SegmentedRaftLogWorker (SegmentedRaftLogWorker.java:<init>(187)) - new omNode-1@group-6C22E66A003A-SegmentedRaftLogWorker for RaftStorageImpl:Storage Directory /home/runner/work/ozone/ozone/hadoop-ozone/integration-test/target/test-dir/MiniOzoneClusterImpl-252142cc-85ec-47ec-8abc-bbf74a919ed0/omNode-1/ratis/9c9825ce-8ba7-3ee6-a7c3-6c22e66a003a
2022-07-14 05:35:18,639 [pool-124-thread-1] INFO  server.RaftServerConfigKeys (ConfUtils.java:logGet(46)) - raft.server.log.queue.byte-limit = 64MB (=67108864) (default)
2022-07-14 05:35:18,639 [pool-124-thread-1] INFO  server.RaftServerConfigKeys (ConfUtils.java:logGet(46)) - raft.server.log.queue.element-limit = 4096 (default)
2022-07-14 05:35:18,639 [pool-124-thread-1] INFO  server.RaftServerConfigKeys (ConfUtils.java:logGet(46)) - raft.server.log.segment.size.max = 4194304 (custom)
2022-07-14 05:35:18,639 [pool-124-thread-1] INFO  server.RaftServerConfigKeys (ConfUtils.java:logGet(46)) - raft.server.log.preallocated.size = 4194304 (custom)
2022-07-14 05:35:18,639 [pool-124-thread-1] INFO  server.RaftServerConfigKeys (ConfUtils.java:logGet(46)) - raft.server.log.force.sync.num = 128 (default)
2022-07-14 05:35:18,639 [pool-124-thread-1] INFO  server.RaftServerConfigKeys (ConfUtils.java:logGet(46)) - raft.server.log.statemachine.data.sync = true (default)
2022-07-14 05:35:18,639 [pool-124-thread-1] INFO  server.RaftServerConfigKeys (ConfUtils.java:logGet(46)) - raft.server.log.statemachine.data.sync.timeout = 10s (default)
2022-07-14 05:35:18,640 [pool-124-thread-1] INFO  server.RaftServerConfigKeys (ConfUtils.java:logGet(46)) - raft.server.log.statemachine.data.sync.timeout.retry = -1 (default)
2022-07-14 05:35:18,642 [pool-124-thread-1] INFO  server.RaftServerConfigKeys (ConfUtils.java:logGet(46)) - raft.server.log.write.buffer.size = 64KB (=65536) (default)
2022-07-14 05:35:18,642 [pool-124-thread-1] INFO  server.RaftServerConfigKeys (ConfUtils.java:logGet(46)) - raft.server.log.unsafe-flush.enabled = false (default)
2022-07-14 05:35:18,644 [pool-124-thread-1] INFO  server.RaftServerConfigKeys (ConfUtils.java:logGet(46)) - raft.server.log.statemachine.data.caching.enabled = false (default)
2022-07-14 05:35:18,644 [pool-124-thread-1] INFO  segmented.SegmentedRaftLogWorker (SegmentedRaftLogWorker.java:lambda$new$0(135)) - omNode-1@group-6C22E66A003A-SegmentedRaftLogWorker: flushIndex: setUnconditionally 0 -> -1
2022-07-14 05:35:18,644 [pool-124-thread-1] INFO  segmented.SegmentedRaftLogWorker (SegmentedRaftLogWorker.java:lambda$new$0(135)) - omNode-1@group-6C22E66A003A-SegmentedRaftLogWorker: safeCacheEvictIndex: setUnconditionally 0 -> -1
2022-07-14 05:35:18,648 [pool-124-thread-1] INFO  server.RaftServerConfigKeys (ConfUtils.java:logGet(46)) - raft.server.snapshot.auto.trigger.enabled = true (custom)
2022-07-14 05:35:18,648 [pool-124-thread-1] INFO  server.RaftServerConfigKeys (ConfUtils.java:logGet(46)) - raft.server.snapshot.auto.trigger.threshold = 400000 (default)
2022-07-14 05:35:18,648 [pool-124-thread-1] INFO  server.RaftServerConfigKeys (ConfUtils.java:logGet(46)) - raft.server.snapshot.retention.file.num = -1 (default)
2022-07-14 05:35:18,648 [pool-124-thread-1] INFO  server.RaftServerConfigKeys (ConfUtils.java:logGet(46)) - raft.server.log.purge.upto.snapshot.index = true (custom)
2022-07-14 05:35:18,648 [pool-124-thread-1] INFO  server.RaftServerConfigKeys (ConfUtils.java:logGet(46)) - raft.server.retrycache.expirytime = 300s (custom)
2022-07-14 05:35:18,649 [pool-124-thread-1] INFO  server.RaftServerConfigKeys (ConfUtils.java:logGet(46)) - raft.server.retrycache.statistics.expirytime = 100μs (default)
2022-07-14 05:35:18,654 [pool-124-thread-1] INFO  server.RaftServerConfigKeys (ConfUtils.java:logGet(46)) - raft.server.log.appender.install.snapshot.enabled = false (custom)
2022-07-14 05:35:18,654 [pool-124-thread-1] INFO  server.RaftServerConfigKeys (ConfUtils.java:logGet(46)) - raft.server.threadpool.server.cached = true (default)
2022-07-14 05:35:18,654 [pool-124-thread-1] INFO  server.RaftServerConfigKeys (ConfUtils.java:logGet(46)) - raft.server.threadpool.server.size = 0 (default)
2022-07-14 05:35:18,654 [pool-124-thread-1] INFO  server.RaftServerConfigKeys (ConfUtils.java:logGet(46)) - raft.server.threadpool.client.cached = true (default)
2022-07-14 05:35:18,654 [pool-124-thread-1] INFO  server.RaftServerConfigKeys (ConfUtils.java:logGet(46)) - raft.server.threadpool.client.size = 0 (default)
2022-07-14 05:35:19,348 [Listener at 0.0.0.0/43479] INFO  reflections.Reflections (Reflections.java:scan(232)) - Reflections took 676 ms to scan 19 urls, producing 66 keys and 4104 values [using 2 cores]
2022-07-14 05:35:19,549 [Listener at 0.0.0.0/43479] INFO  ipc.CallQueueManager (CallQueueManager.java:<init>(90)) - Using callQueue: class java.util.concurrent.LinkedBlockingQueue, queueCapacity: 2000, scheduler: class org.apache.hadoop.ipc.DefaultRpcScheduler, ipcBackoff: false.
2022-07-14 05:35:19,550 [Socket Reader #1 for port 42281] INFO  ipc.Server (Server.java:run(1265)) - Starting Socket Reader #1 for port 42281
2022-07-14 05:35:19,606 [Listener at 127.0.0.1/42281] INFO  impl.MetricsSystemImpl (MetricsSystemImpl.java:init(158)) - OzoneManager metrics system started (again)
2022-07-14 05:35:19,618 [Listener at 127.0.0.1/42281] INFO  om.OzoneManager (OzoneManager.java:start(1467)) - OzoneManager RPC server is listening at localhost/127.0.0.1:42281
2022-07-14 05:35:19,619 [Listener at 127.0.0.1/42281] INFO  ratis.OzoneManagerRatisServer (OzoneManagerRatisServer.java:start(554)) - Starting OzoneManagerRatisServer omNode-1 at port 45855
2022-07-14 05:35:19,619 [omNode-1-impl-thread1] INFO  server.RaftServer$Division (RaftServerImpl.java:start(310)) - omNode-1@group-6C22E66A003A: start as a follower, conf=-1: [omNode-3|rpc:localhost:35085|priority:0, omNode-1|rpc:localhost:45855|priority:0, omNode-2|rpc:localhost:35821|priority:0], old=null
2022-07-14 05:35:19,620 [omNode-1-impl-thread1] INFO  server.RaftServer$Division (RaftServerImpl.java:setRole(299)) - omNode-1@group-6C22E66A003A: changes role from      null to FOLLOWER at term 0 for startAsFollower
2022-07-14 05:35:19,620 [omNode-1-impl-thread1] INFO  impl.RoleInfo (RoleInfo.java:updateAndGet(139)) - omNode-1: start omNode-1@group-6C22E66A003A-FollowerState
2022-07-14 05:35:19,620 [omNode-1-impl-thread1] INFO  util.JmxRegister (JmxRegister.java:tryRegister(44)) - Successfully registered JMX Bean with object name Ratis:service=RaftServer,group=group-6C22E66A003A,id=omNode-1
2022-07-14 05:35:19,623 [Listener at 127.0.0.1/42281] INFO  server.RaftServer (RaftServerProxy.java:lambda$start$6(382)) - omNode-1: start RPC server
2022-07-14 05:35:19,626 [Listener at 127.0.0.1/42281] INFO  server.GrpcService (GrpcService.java:startImpl(260)) - omNode-1: GrpcService started, listening on 45855
2022-07-14 05:35:19,627 [Listener at 127.0.0.1/42281] INFO  om.OzoneManager (OzoneManager.java:start(1483)) - Version File has different layout version (3) than OM DB (null). That is expected if this OM has never been finalized to a newer layout version.
2022-07-14 05:35:19,630 [org.apache.ratis.util.JvmPauseMonitor$$Lambda$519/2035454069@71b87608] INFO  util.JvmPauseMonitor (JvmPauseMonitor.java:run(103)) - JvmPauseMonitor-omNode-1: Started
2022-07-14 05:35:19,649 [Listener at 127.0.0.1/42281] INFO  http.BaseHttpServer (BaseHttpServer.java:newHttpServer2BuilderForOzone(209)) - Starting Web-server for ozoneManager at: http://0.0.0.0:38765
2022-07-14 05:35:19,649 [Listener at 127.0.0.1/42281] INFO  http.BaseHttpServer (BaseHttpServer.java:<init>(107)) - Hadoop Security Enabled: false Ozone Security Enabled: false Ozone HTTP Security Enabled: false 
2022-07-14 05:35:19,650 [Listener at 127.0.0.1/42281] INFO  server.AuthenticationFilter (AuthenticationFilter.java:constructSecretProvider(240)) - Unable to initialize FileSignerSecretProvider, falling back to use random secrets.
2022-07-14 05:35:19,653 [Listener at 127.0.0.1/42281] WARN  http.HttpRequestLog (HttpRequestLog.java:getRequestLog(103)) - Jetty request log can only be enabled using Log4j
2022-07-14 05:35:19,655 [Listener at 127.0.0.1/42281] INFO  http.HttpServer2 (HttpServer2.java:addGlobalFilter(1029)) - Added global filter 'safety' (class=org.apache.hadoop.hdds.server.http.HttpServer2$QuotingInputFilter)
2022-07-14 05:35:19,655 [Listener at 127.0.0.1/42281] INFO  http.HttpServer2 (HttpServer2.java:addFilter(1005)) - Added filter static_user_filter (class=org.apache.hadoop.http.lib.StaticUserWebFilter$StaticUserFilter) to context ozoneManager
2022-07-14 05:35:19,656 [Listener at 127.0.0.1/42281] INFO  http.HttpServer2 (HttpServer2.java:addFilter(1013)) - Added filter static_user_filter (class=org.apache.hadoop.http.lib.StaticUserWebFilter$StaticUserFilter) to context static
2022-07-14 05:35:19,656 [Listener at 127.0.0.1/42281] INFO  http.HttpServer2 (HttpServer2.java:addFilter(1013)) - Added filter static_user_filter (class=org.apache.hadoop.http.lib.StaticUserWebFilter$StaticUserFilter) to context logs
2022-07-14 05:35:19,658 [Listener at 127.0.0.1/42281] INFO  http.HttpServer2 (HttpServer2.java:bindListener(1248)) - Jetty bound to port 38765
2022-07-14 05:35:19,658 [Listener at 127.0.0.1/42281] INFO  server.Server (Server.java:doStart(375)) - jetty-9.4.43.v20210629; built: 2021-06-30T11:07:22.254Z; git: 526006ecfa3af7f1a27ef3a288e2bef7ea9dd7e8; jvm 1.8.0_332-b09
2022-07-14 05:35:19,661 [Listener at 127.0.0.1/42281] INFO  server.session (DefaultSessionIdManager.java:doStart(334)) - DefaultSessionIdManager workerName=node0
2022-07-14 05:35:19,661 [Listener at 127.0.0.1/42281] INFO  server.session (DefaultSessionIdManager.java:doStart(339)) - No SessionScavenger set, using defaults
2022-07-14 05:35:19,661 [Listener at 127.0.0.1/42281] INFO  server.session (HouseKeeper.java:startScavenging(132)) - node0 Scavenging every 600000ms
2022-07-14 05:35:19,662 [Listener at 127.0.0.1/42281] INFO  handler.ContextHandler (ContextHandler.java:doStart(915)) - Started o.e.j.s.ServletContextHandler@63844adb{logs,/logs,file:///home/runner/work/ozone/ozone/hadoop-ozone/integration-test/target/log,AVAILABLE}
2022-07-14 05:35:19,662 [Listener at 127.0.0.1/42281] INFO  handler.ContextHandler (ContextHandler.java:doStart(915)) - Started o.e.j.s.ServletContextHandler@5363c684{static,/static,file:///home/runner/work/ozone/ozone/hadoop-ozone/integration-test/target/test-classes/webapps/static,AVAILABLE}
2022-07-14 05:35:19,669 [Listener at 127.0.0.1/42281] INFO  handler.ContextHandler (ContextHandler.java:doStart(915)) - Started o.e.j.w.WebAppContext@1b690b7e{ozoneManager,/,file:///home/runner/work/ozone/ozone/hadoop-ozone/integration-test/target/test-classes/webapps/ozoneManager/,AVAILABLE}{file:/home/runner/work/ozone/ozone/hadoop-ozone/integration-test/target/test-classes/webapps/ozoneManager}
2022-07-14 05:35:19,671 [Listener at 127.0.0.1/42281] INFO  server.AbstractConnector (AbstractConnector.java:doStart(331)) - Started ServerConnector@531f20df{HTTP/1.1, (http/1.1)}{0.0.0.0:38765}
2022-07-14 05:35:19,671 [Listener at 127.0.0.1/42281] INFO  server.Server (Server.java:doStart(415)) - Started @21668ms
2022-07-14 05:35:19,671 [Listener at 127.0.0.1/42281] WARN  impl.MetricsSystemImpl (MetricsSystemImpl.java:register(279)) - Sink prometheus already exists!
2022-07-14 05:35:19,672 [Listener at 127.0.0.1/42281] INFO  http.BaseHttpServer (BaseHttpServer.java:updateConnectorAddress(329)) - HTTP server of ozoneManager listening at http://0.0.0.0:38765
2022-07-14 05:35:19,672 [IPC Server Responder] INFO  ipc.Server (Server.java:run(1507)) - IPC Server Responder: starting
2022-07-14 05:35:19,673 [IPC Server listener on 42281] INFO  ipc.Server (Server.java:run(1344)) - IPC Server listener on 42281: starting
2022-07-14 05:35:19,675 [Listener at 127.0.0.1/42281] INFO  om.OzoneManager (OzoneManager.java:startTrashEmptier(1907)) - Trash Interval set to 0. Files deleted won't move to trash
2022-07-14 05:35:19,678 [Listener at 127.0.0.1/42281] INFO  ozone.MiniOzoneHAClusterImpl (MiniOzoneHAClusterImpl.java:createOMService(527)) - Started OzoneManager omNode-1 RPC server at localhost/127.0.0.1:42281
2022-07-14 05:35:19,679 [Listener at 127.0.0.1/42281] INFO  ha.OMHANodeDetails (OMHANodeDetails.java:loadOMHAConfig(121)) - ServiceID for OzoneManager is omServiceId1
2022-07-14 05:35:19,679 [Listener at 127.0.0.1/42281] INFO  ha.OMHANodeDetails (OMHANodeDetails.java:loadOMHAConfig(201)) - Found matching OM address with OMServiceId: omServiceId1, OMNodeId: omNode-2, RPC Address: localhost:45893 and Ratis port: 35821
2022-07-14 05:35:19,680 [Listener at 127.0.0.1/42281] INFO  ha.OMHANodeDetails (ConfUtils.java:setNodeSpecificConfigs(97)) - Setting configuration key ozone.om.http-address with value of key ozone.om.http-address.omServiceId1.omNode-2: 127.0.0.1:32847
2022-07-14 05:35:19,680 [Listener at 127.0.0.1/42281] INFO  ha.OMHANodeDetails (ConfUtils.java:setNodeSpecificConfigs(97)) - Setting configuration key ozone.om.https-address with value of key ozone.om.https-address.omServiceId1.omNode-2: 127.0.0.1:38465
2022-07-14 05:35:19,680 [Listener at 127.0.0.1/42281] INFO  ha.OMHANodeDetails (ConfUtils.java:setNodeSpecificConfigs(97)) - Setting configuration key ozone.om.address with value of key ozone.om.address.omServiceId1.omNode-2: 127.0.0.1:45893
2022-07-14 05:35:19,680 [Listener at 127.0.0.1/42281] WARN  server.ServerUtils (ServerUtils.java:getDBPath(225)) - ozone.om.db.dirs is not configured. We recommend adding this setting. Falling back to ozone.metadata.dirs instead.
2022-07-14 05:35:19,681 [Listener at 127.0.0.1/42281] INFO  ha.SCMNodeInfo (SCMNodeInfo.java:getPort(197)) - ConfigKey ozone.scm.client.address is deprecated, For configuring different ports for each SCM use PortConfigKey ozone.scm.client.port appended with serviceId and nodeId
2022-07-14 05:35:19,681 [Listener at 127.0.0.1/42281] INFO  ha.SCMNodeInfo (SCMNodeInfo.java:getPort(197)) - ConfigKey ozone.scm.block.client.address is deprecated, For configuring different ports for each SCM use PortConfigKey ozone.scm.block.client.port appended with serviceId and nodeId
2022-07-14 05:35:19,681 [Listener at 127.0.0.1/42281] INFO  ha.SCMNodeInfo (SCMNodeInfo.java:getPort(197)) - ConfigKey ozone.scm.datanode.address is deprecated, For configuring different ports for each SCM use PortConfigKey ozone.scm.datanode.port appended with serviceId and nodeId
2022-07-14 05:35:19,684 [Listener at 127.0.0.1/42281] INFO  ha.SCMNodeInfo (SCMNodeInfo.java:getPort(197)) - ConfigKey ozone.scm.client.address is deprecated, For configuring different ports for each SCM use PortConfigKey ozone.scm.client.port appended with serviceId and nodeId
2022-07-14 05:35:19,685 [Listener at 127.0.0.1/42281] INFO  ha.SCMNodeInfo (SCMNodeInfo.java:getPort(197)) - ConfigKey ozone.scm.block.client.address is deprecated, For configuring different ports for each SCM use PortConfigKey ozone.scm.block.client.port appended with serviceId and nodeId
2022-07-14 05:35:19,685 [Listener at 127.0.0.1/42281] INFO  ha.SCMNodeInfo (SCMNodeInfo.java:getPort(197)) - ConfigKey ozone.scm.datanode.address is deprecated, For configuring different ports for each SCM use PortConfigKey ozone.scm.datanode.port appended with serviceId and nodeId
2022-07-14 05:35:19,685 [Listener at 127.0.0.1/42281] INFO  ha.SCMNodeInfo (SCMNodeInfo.java:getPort(197)) - ConfigKey ozone.scm.client.address is deprecated, For configuring different ports for each SCM use PortConfigKey ozone.scm.client.port appended with serviceId and nodeId
2022-07-14 05:35:19,685 [Listener at 127.0.0.1/42281] INFO  ha.SCMNodeInfo (SCMNodeInfo.java:getPort(197)) - ConfigKey ozone.scm.block.client.address is deprecated, For configuring different ports for each SCM use PortConfigKey ozone.scm.block.client.port appended with serviceId and nodeId
2022-07-14 05:35:19,685 [Listener at 127.0.0.1/42281] INFO  ha.SCMNodeInfo (SCMNodeInfo.java:getPort(197)) - ConfigKey ozone.scm.datanode.address is deprecated, For configuring different ports for each SCM use PortConfigKey ozone.scm.datanode.port appended with serviceId and nodeId
2022-07-14 05:35:19,686 [Listener at 127.0.0.1/42281] INFO  proxy.SCMBlockLocationFailoverProxyProvider (SCMBlockLocationFailoverProxyProvider.java:<init>(114)) - Created block location fail-over proxy with 3 nodes: [nodeId=scmNode-2,nodeAddress=/127.0.0.1:39709, nodeId=scmNode-3,nodeAddress=/127.0.0.1:40433, nodeId=scmNode-1,nodeAddress=/127.0.0.1:44131]
2022-07-14 05:35:19,687 [org.apache.hadoop.util.JvmPauseMonitor$Monitor@6a3035db] INFO  util.JvmPauseMonitor (JvmPauseMonitor.java:run(188)) - Starting JVM pause monitor
OM initialization succeeded.Current cluster id for sd=/home/runner/work/ozone/ozone/hadoop-ozone/integration-test/target/test-dir/MiniOzoneClusterImpl-252142cc-85ec-47ec-8abc-bbf74a919ed0/omNode-2/om;cid=252142cc-85ec-47ec-8abc-bbf74a919ed0;layoutVersion=3
2022-07-14 05:35:19,702 [Listener at 127.0.0.1/42281] INFO  ha.OMHANodeDetails (OMHANodeDetails.java:loadOMHAConfig(121)) - ServiceID for OzoneManager is omServiceId1
2022-07-14 05:35:19,703 [Listener at 127.0.0.1/42281] INFO  ha.OMHANodeDetails (OMHANodeDetails.java:loadOMHAConfig(201)) - Found matching OM address with OMServiceId: omServiceId1, OMNodeId: omNode-2, RPC Address: localhost:45893 and Ratis port: 35821
2022-07-14 05:35:19,703 [Listener at 127.0.0.1/42281] INFO  ha.OMHANodeDetails (ConfUtils.java:setNodeSpecificConfigs(97)) - Setting configuration key ozone.om.http-address with value of key ozone.om.http-address.omServiceId1.omNode-2: 127.0.0.1:32847
2022-07-14 05:35:19,703 [Listener at 127.0.0.1/42281] INFO  ha.OMHANodeDetails (ConfUtils.java:setNodeSpecificConfigs(97)) - Setting configuration key ozone.om.https-address with value of key ozone.om.https-address.omServiceId1.omNode-2: 127.0.0.1:38465
2022-07-14 05:35:19,703 [Listener at 127.0.0.1/42281] INFO  ha.OMHANodeDetails (ConfUtils.java:setNodeSpecificConfigs(97)) - Setting configuration key ozone.om.address with value of key ozone.om.address.omServiceId1.omNode-2: 127.0.0.1:45893
2022-07-14 05:35:19,703 [Listener at 127.0.0.1/42281] WARN  server.ServerUtils (ServerUtils.java:getDBPath(225)) - ozone.om.db.dirs is not configured. We recommend adding this setting. Falling back to ozone.metadata.dirs instead.
2022-07-14 05:35:19,704 [Listener at 127.0.0.1/42281] INFO  upgrade.AbstractLayoutVersionManager (AbstractLayoutVersionManager.java:init(83)) - Initializing Layout version manager with metadata layout = MULTITENANCY_SCHEMA (version = 3), software layout = MULTITENANCY_SCHEMA (version = 3)
2022-07-14 05:35:19,797 [Listener at 127.0.0.1/42281] INFO  reflections.Reflections (Reflections.java:scan(232)) - Reflections took 91 ms to scan 2 urls, producing 152 keys and 424 values [using 2 cores]
2022-07-14 05:35:19,797 [Listener at 127.0.0.1/42281] INFO  upgrade.OMLayoutVersionManager (OMLayoutVersionManager.java:lambda$0(115)) - Skipping Upgrade Action MockOmUpgradeAction since it has been finalized.
2022-07-14 05:35:19,797 [Listener at 127.0.0.1/42281] WARN  server.ServerUtils (ServerUtils.java:getDBPath(225)) - ozone.om.db.dirs is not configured. We recommend adding this setting. Falling back to ozone.metadata.dirs instead.
2022-07-14 05:35:19,798 [Listener at 127.0.0.1/42281] INFO  ha.SCMNodeInfo (SCMNodeInfo.java:getPort(197)) - ConfigKey ozone.scm.client.address is deprecated, For configuring different ports for each SCM use PortConfigKey ozone.scm.client.port appended with serviceId and nodeId
2022-07-14 05:35:19,798 [Listener at 127.0.0.1/42281] INFO  ha.SCMNodeInfo (SCMNodeInfo.java:getPort(197)) - ConfigKey ozone.scm.block.client.address is deprecated, For configuring different ports for each SCM use PortConfigKey ozone.scm.block.client.port appended with serviceId and nodeId
2022-07-14 05:35:19,798 [Listener at 127.0.0.1/42281] INFO  ha.SCMNodeInfo (SCMNodeInfo.java:getPort(197)) - ConfigKey ozone.scm.datanode.address is deprecated, For configuring different ports for each SCM use PortConfigKey ozone.scm.datanode.port appended with serviceId and nodeId
2022-07-14 05:35:19,798 [Listener at 127.0.0.1/42281] INFO  ha.SCMNodeInfo (SCMNodeInfo.java:getPort(197)) - ConfigKey ozone.scm.client.address is deprecated, For configuring different ports for each SCM use PortConfigKey ozone.scm.client.port appended with serviceId and nodeId
2022-07-14 05:35:19,798 [Listener at 127.0.0.1/42281] INFO  ha.SCMNodeInfo (SCMNodeInfo.java:getPort(197)) - ConfigKey ozone.scm.block.client.address is deprecated, For configuring different ports for each SCM use PortConfigKey ozone.scm.block.client.port appended with serviceId and nodeId
2022-07-14 05:35:19,798 [Listener at 127.0.0.1/42281] INFO  ha.SCMNodeInfo (SCMNodeInfo.java:getPort(197)) - ConfigKey ozone.scm.datanode.address is deprecated, For configuring different ports for each SCM use PortConfigKey ozone.scm.datanode.port appended with serviceId and nodeId
2022-07-14 05:35:19,798 [Listener at 127.0.0.1/42281] INFO  ha.SCMNodeInfo (SCMNodeInfo.java:getPort(197)) - ConfigKey ozone.scm.client.address is deprecated, For configuring different ports for each SCM use PortConfigKey ozone.scm.client.port appended with serviceId and nodeId
2022-07-14 05:35:19,798 [Listener at 127.0.0.1/42281] INFO  ha.SCMNodeInfo (SCMNodeInfo.java:getPort(197)) - ConfigKey ozone.scm.block.client.address is deprecated, For configuring different ports for each SCM use PortConfigKey ozone.scm.block.client.port appended with serviceId and nodeId
2022-07-14 05:35:19,799 [Listener at 127.0.0.1/42281] INFO  ha.SCMNodeInfo (SCMNodeInfo.java:getPort(197)) - ConfigKey ozone.scm.datanode.address is deprecated, For configuring different ports for each SCM use PortConfigKey ozone.scm.datanode.port appended with serviceId and nodeId
2022-07-14 05:35:19,799 [Listener at 127.0.0.1/42281] INFO  ha.SCMNodeInfo (SCMNodeInfo.java:getPort(197)) - ConfigKey ozone.scm.client.address is deprecated, For configuring different ports for each SCM use PortConfigKey ozone.scm.client.port appended with serviceId and nodeId
2022-07-14 05:35:19,799 [Listener at 127.0.0.1/42281] INFO  ha.SCMNodeInfo (SCMNodeInfo.java:getPort(197)) - ConfigKey ozone.scm.block.client.address is deprecated, For configuring different ports for each SCM use PortConfigKey ozone.scm.block.client.port appended with serviceId and nodeId
2022-07-14 05:35:19,799 [Listener at 127.0.0.1/42281] INFO  ha.SCMNodeInfo (SCMNodeInfo.java:getPort(197)) - ConfigKey ozone.scm.datanode.address is deprecated, For configuring different ports for each SCM use PortConfigKey ozone.scm.datanode.port appended with serviceId and nodeId
2022-07-14 05:35:19,799 [Listener at 127.0.0.1/42281] INFO  ha.SCMNodeInfo (SCMNodeInfo.java:getPort(197)) - ConfigKey ozone.scm.client.address is deprecated, For configuring different ports for each SCM use PortConfigKey ozone.scm.client.port appended with serviceId and nodeId
2022-07-14 05:35:19,799 [Listener at 127.0.0.1/42281] INFO  ha.SCMNodeInfo (SCMNodeInfo.java:getPort(197)) - ConfigKey ozone.scm.block.client.address is deprecated, For configuring different ports for each SCM use PortConfigKey ozone.scm.block.client.port appended with serviceId and nodeId
2022-07-14 05:35:19,799 [Listener at 127.0.0.1/42281] INFO  ha.SCMNodeInfo (SCMNodeInfo.java:getPort(197)) - ConfigKey ozone.scm.datanode.address is deprecated, For configuring different ports for each SCM use PortConfigKey ozone.scm.datanode.port appended with serviceId and nodeId
2022-07-14 05:35:19,800 [Listener at 127.0.0.1/42281] INFO  ha.SCMNodeInfo (SCMNodeInfo.java:getPort(197)) - ConfigKey ozone.scm.client.address is deprecated, For configuring different ports for each SCM use PortConfigKey ozone.scm.client.port appended with serviceId and nodeId
2022-07-14 05:35:19,800 [Listener at 127.0.0.1/42281] INFO  ha.SCMNodeInfo (SCMNodeInfo.java:getPort(197)) - ConfigKey ozone.scm.block.client.address is deprecated, For configuring different ports for each SCM use PortConfigKey ozone.scm.block.client.port appended with serviceId and nodeId
2022-07-14 05:35:19,800 [Listener at 127.0.0.1/42281] INFO  ha.SCMNodeInfo (SCMNodeInfo.java:getPort(197)) - ConfigKey ozone.scm.datanode.address is deprecated, For configuring different ports for each SCM use PortConfigKey ozone.scm.datanode.port appended with serviceId and nodeId
2022-07-14 05:35:19,800 [Listener at 127.0.0.1/42281] INFO  proxy.SCMBlockLocationFailoverProxyProvider (SCMBlockLocationFailoverProxyProvider.java:<init>(114)) - Created block location fail-over proxy with 3 nodes: [nodeId=scmNode-2,nodeAddress=/127.0.0.1:39709, nodeId=scmNode-3,nodeAddress=/127.0.0.1:40433, nodeId=scmNode-1,nodeAddress=/127.0.0.1:44131]
2022-07-14 05:35:19,801 [Listener at 127.0.0.1/42281] INFO  ha.SCMNodeInfo (SCMNodeInfo.java:getPort(197)) - ConfigKey ozone.scm.client.address is deprecated, For configuring different ports for each SCM use PortConfigKey ozone.scm.client.port appended with serviceId and nodeId
2022-07-14 05:35:19,801 [Listener at 127.0.0.1/42281] INFO  ha.SCMNodeInfo (SCMNodeInfo.java:getPort(197)) - ConfigKey ozone.scm.block.client.address is deprecated, For configuring different ports for each SCM use PortConfigKey ozone.scm.block.client.port appended with serviceId and nodeId
2022-07-14 05:35:19,801 [Listener at 127.0.0.1/42281] INFO  ha.SCMNodeInfo (SCMNodeInfo.java:getPort(197)) - ConfigKey ozone.scm.datanode.address is deprecated, For configuring different ports for each SCM use PortConfigKey ozone.scm.datanode.port appended with serviceId and nodeId
2022-07-14 05:35:19,802 [Listener at 127.0.0.1/42281] INFO  ha.SCMNodeInfo (SCMNodeInfo.java:getPort(197)) - ConfigKey ozone.scm.client.address is deprecated, For configuring different ports for each SCM use PortConfigKey ozone.scm.client.port appended with serviceId and nodeId
2022-07-14 05:35:19,802 [Listener at 127.0.0.1/42281] INFO  ha.SCMNodeInfo (SCMNodeInfo.java:getPort(197)) - ConfigKey ozone.scm.block.client.address is deprecated, For configuring different ports for each SCM use PortConfigKey ozone.scm.block.client.port appended with serviceId and nodeId
2022-07-14 05:35:19,802 [Listener at 127.0.0.1/42281] INFO  ha.SCMNodeInfo (SCMNodeInfo.java:getPort(197)) - ConfigKey ozone.scm.datanode.address is deprecated, For configuring different ports for each SCM use PortConfigKey ozone.scm.datanode.port appended with serviceId and nodeId
2022-07-14 05:35:19,802 [Listener at 127.0.0.1/42281] INFO  ha.SCMNodeInfo (SCMNodeInfo.java:getPort(197)) - ConfigKey ozone.scm.client.address is deprecated, For configuring different ports for each SCM use PortConfigKey ozone.scm.client.port appended with serviceId and nodeId
2022-07-14 05:35:19,802 [Listener at 127.0.0.1/42281] INFO  ha.SCMNodeInfo (SCMNodeInfo.java:getPort(197)) - ConfigKey ozone.scm.block.client.address is deprecated, For configuring different ports for each SCM use PortConfigKey ozone.scm.block.client.port appended with serviceId and nodeId
2022-07-14 05:35:19,802 [Listener at 127.0.0.1/42281] INFO  ha.SCMNodeInfo (SCMNodeInfo.java:getPort(197)) - ConfigKey ozone.scm.datanode.address is deprecated, For configuring different ports for each SCM use PortConfigKey ozone.scm.datanode.port appended with serviceId and nodeId
2022-07-14 05:35:19,802 [Listener at 127.0.0.1/42281] INFO  proxy.SCMBlockLocationFailoverProxyProvider (SCMBlockLocationFailoverProxyProvider.java:<init>(114)) - Created block location fail-over proxy with 3 nodes: [nodeId=scmNode-2,nodeAddress=/127.0.0.1:39709, nodeId=scmNode-3,nodeAddress=/127.0.0.1:40433, nodeId=scmNode-1,nodeAddress=/127.0.0.1:44131]
2022-07-14 05:35:19,826 [Listener at 127.0.0.1/42281] WARN  server.ServerUtils (ServerUtils.java:getDBPath(225)) - ozone.om.db.dirs is not configured. We recommend adding this setting. Falling back to ozone.metadata.dirs instead.
2022-07-14 05:35:19,826 [Listener at 127.0.0.1/42281] INFO  codec.OmKeyInfoCodec (OmKeyInfoCodec.java:<init>(49)) - OmKeyInfoCodec ignorePipeline = true
2022-07-14 05:35:19,827 [Listener at 127.0.0.1/42281] INFO  codec.RepeatedOmKeyInfoCodec (RepeatedOmKeyInfoCodec.java:<init>(41)) - RepeatedOmKeyInfoCodec ignorePipeline = true
2022-07-14 05:35:20,038 [Listener at 127.0.0.1/42281] INFO  om.OzoneManager (OzoneManager.java:instantiateServices(694)) - S3 Multi-Tenancy is disabled
2022-07-14 05:35:20,040 [Listener at 127.0.0.1/42281] INFO  om.OzoneManager (OzoneManager.java:addS3GVolumeToDB(4308)) - Created Volume s3v With Owner runner required for S3Gateway operations.
2022-07-14 05:35:20,040 [Listener at 127.0.0.1/42281] WARN  server.ServerUtils (ServerUtils.java:getDefaultRatisDirectory(237)) - Storage directory for Ratis is not configured. It is a good idea to map this to an SSD disk. Falling back to ozone.metadata.dirs
2022-07-14 05:35:20,040 [Listener at 127.0.0.1/42281] WARN  utils.OzoneManagerRatisUtils (OzoneManagerRatisUtils.java:getOMRatisSnapshotDirectory(431)) - ozone.om.ratis.snapshot.dir is not configured. Falling back to ozone.metadata.dirs config
2022-07-14 05:35:20,040 [Listener at 127.0.0.1/42281] INFO  snapshot.OzoneManagerSnapshotProvider (OzoneManagerSnapshotProvider.java:<init>(76)) - Initializing OM Snapshot Provider
2022-07-14 05:35:20,042 [Listener at 127.0.0.1/42281] WARN  impl.MetricRegistriesImpl (MetricRegistriesImpl.java:addReporterRegistration(111)) - New reporters are added after registries were created. Some metrics will be missing from the reporter. Please add reporter before adding any new registry.
2022-07-14 05:35:20,042 [Listener at 127.0.0.1/42281] WARN  impl.MetricRegistriesImpl (MetricRegistriesImpl.java:addReporterRegistration(111)) - New reporters are added after registries were created. Some metrics will be missing from the reporter. Please add reporter before adding any new registry.
2022-07-14 05:35:20,043 [Listener at 127.0.0.1/42281] WARN  server.ServerUtils (ServerUtils.java:getDefaultRatisDirectory(237)) - Storage directory for Ratis is not configured. It is a good idea to map this to an SSD disk. Falling back to ozone.metadata.dirs
2022-07-14 05:35:20,044 [Listener at 127.0.0.1/42281] INFO  ratis.OzoneManagerRatisServer (OzoneManagerRatisServer.java:<init>(159)) - Instantiating OM Ratis server with groupID: omServiceId1 and peers: localhost:35821, localhost:35085, localhost:45855
2022-07-14 05:35:20,044 [Listener at 127.0.0.1/42281] INFO  ratis.OzoneManagerStateMachine (OzoneManagerStateMachine.java:loadSnapshotInfoFromDB(632)) - LastAppliedIndex is set from TransactionInfo from OM DB as (t:0, i:~)
2022-07-14 05:35:20,047 [Listener at 127.0.0.1/42281] INFO  server.RaftServer (ConfUtils.java:logGet(46)) - raft.rpc.type = GRPC (default)
2022-07-14 05:35:20,047 [Listener at 127.0.0.1/42281] INFO  grpc.GrpcFactory (GrpcFactory.java:checkPooledByteBufAllocatorUseCacheForAllThreads(48)) - PERFORMANCE WARNING: useCacheForAllThreads is true that may cause Netty to create a lot garbage objects and, as a result, trigger GC.
	It is recommended to disable useCacheForAllThreads by setting -Dorg.apache.ratis.thirdparty.io.netty.allocator.useCacheForAllThreads=false in command line.
2022-07-14 05:35:20,047 [Listener at 127.0.0.1/42281] INFO  grpc.GrpcConfigKeys (ConfUtils.java:logGet(46)) - raft.grpc.admin.port = -1 (default)
2022-07-14 05:35:20,048 [Listener at 127.0.0.1/42281] INFO  grpc.GrpcConfigKeys (ConfUtils.java:logGet(46)) - raft.grpc.server.port = 35821 (custom)
2022-07-14 05:35:20,048 [Listener at 127.0.0.1/42281] INFO  grpc.GrpcConfigKeys (ConfUtils.java:logGet(46)) - raft.grpc.client.port = -1 (default)
2022-07-14 05:35:20,048 [Listener at 127.0.0.1/42281] INFO  grpc.GrpcConfigKeys (ConfUtils.java:logGet(46)) - raft.grpc.server.port = 35821 (custom)
2022-07-14 05:35:20,048 [Listener at 127.0.0.1/42281] INFO  grpc.GrpcConfigKeys (ConfUtils.java:logGet(46)) - raft.grpc.server.port = 35821 (custom)
2022-07-14 05:35:20,048 [Listener at 127.0.0.1/42281] INFO  server.GrpcService (ConfUtils.java:logGet(46)) - raft.grpc.message.size.max = 33554432 (custom)
2022-07-14 05:35:20,048 [Listener at 127.0.0.1/42281] INFO  server.RaftServerConfigKeys (ConfUtils.java:logGet(46)) - raft.server.log.appender.buffer.byte-limit = 33554432 (custom)
2022-07-14 05:35:20,048 [Listener at 127.0.0.1/42281] INFO  server.GrpcService (ConfUtils.java:logGet(46)) - raft.grpc.flow.control.window = 1MB (=1048576) (default)
2022-07-14 05:35:20,048 [Listener at 127.0.0.1/42281] INFO  server.RaftServerConfigKeys (ConfUtils.java:logGet(46)) - raft.server.rpc.request.timeout = 3000ms (default)
2022-07-14 05:35:20,048 [Listener at 127.0.0.1/42281] INFO  grpc.GrpcConfigKeys (ConfUtils.java:logGet(46)) - raft.grpc.server.async.request.thread.pool.cached = true (default)
2022-07-14 05:35:20,049 [Listener at 127.0.0.1/42281] INFO  grpc.GrpcConfigKeys (ConfUtils.java:logGet(46)) - raft.grpc.server.async.request.thread.pool.size = 32 (default)
2022-07-14 05:35:20,068 [Listener at 127.0.0.1/42281] INFO  impl.DataStreamServerImpl (ConfUtils.java:logGet(46)) - raft.datastream.type = DISABLED (default)
2022-07-14 05:35:20,068 [Listener at 127.0.0.1/42281] INFO  server.RaftServerConfigKeys (ConfUtils.java:logGet(46)) - raft.server.threadpool.proxy.cached = true (default)
2022-07-14 05:35:20,069 [Listener at 127.0.0.1/42281] INFO  server.RaftServerConfigKeys (ConfUtils.java:logGet(46)) - raft.server.threadpool.proxy.size = 0 (default)
2022-07-14 05:35:20,069 [Listener at 127.0.0.1/42281] INFO  server.RaftServerConfigKeys (ConfUtils.java:logGet(46)) - raft.server.rpc.slowness.timeout = 2s (custom)
2022-07-14 05:35:20,069 [Listener at 127.0.0.1/42281] INFO  server.RaftServerConfigKeys (ConfUtils.java:logGet(46)) - raft.server.leaderelection.leader.step-down.wait-time = 10s (default)
2022-07-14 05:35:20,069 [Listener at 127.0.0.1/42281] INFO  server.RaftServerConfigKeys (ConfUtils.java:logGet(46)) - raft.server.storage.dir = [/home/runner/work/ozone/ozone/hadoop-ozone/integration-test/target/test-dir/MiniOzoneClusterImpl-252142cc-85ec-47ec-8abc-bbf74a919ed0/omNode-2/ratis] (custom)
2022-07-14 05:35:20,081 [Listener at 127.0.0.1/42281] INFO  server.RaftServer (RaftServerProxy.java:addNew(96)) - omNode-2: addNew group-6C22E66A003A:[omNode-3|rpc:localhost:35085|priority:0, omNode-1|rpc:localhost:45855|priority:0, omNode-2|rpc:localhost:35821|priority:0] returns group-6C22E66A003A:java.util.concurrent.CompletableFuture@5fa7aa87[Not completed]
2022-07-14 05:35:20,081 [Listener at 127.0.0.1/42281] INFO  om.OzoneManager (OzoneManager.java:initializeRatisServer(1963)) - OzoneManager Ratis server initialized at port 35821
2022-07-14 05:35:20,091 [pool-150-thread-1] INFO  server.RaftServer$Division (RaftServerImpl.java:<init>(190)) - omNode-2: new RaftServerImpl for group-6C22E66A003A:[omNode-3|rpc:localhost:35085|priority:0, omNode-1|rpc:localhost:45855|priority:0, omNode-2|rpc:localhost:35821|priority:0] with OzoneManagerStateMachine:uninitialized
2022-07-14 05:35:20,092 [pool-150-thread-1] INFO  server.RaftServerConfigKeys (ConfUtils.java:logGet(46)) - raft.server.rpc.timeout.min = 1s (custom)
2022-07-14 05:35:20,092 [pool-150-thread-1] INFO  server.RaftServerConfigKeys (ConfUtils.java:logGet(46)) - raft.server.rpc.timeout.max = 1200ms (custom)
2022-07-14 05:35:20,092 [pool-150-thread-1] INFO  server.RaftServerConfigKeys (ConfUtils.java:logGet(46)) - raft.server.rpc.sleep.time = 25ms (default)
2022-07-14 05:35:20,092 [pool-150-thread-1] INFO  server.RaftServerConfigKeys (ConfUtils.java:logGet(46)) - raft.server.rpc.slowness.timeout = 2s (custom)
2022-07-14 05:35:20,092 [pool-150-thread-1] INFO  server.RaftServerConfigKeys (ConfUtils.java:logGet(46)) - raft.server.leaderelection.leader.step-down.wait-time = 10s (default)
2022-07-14 05:35:20,092 [pool-150-thread-1] INFO  server.RaftServerConfigKeys (ConfUtils.java:logGet(46)) - raft.server.sleep.deviation.threshold = 300ms (default)
2022-07-14 05:35:20,092 [pool-150-thread-1] INFO  server.RaftServer$Division (ServerState.java:<init>(107)) - omNode-2@group-6C22E66A003A: ConfigurationManager, init=-1: [omNode-3|rpc:localhost:35085|priority:0, omNode-1|rpc:localhost:45855|priority:0, omNode-2|rpc:localhost:35821|priority:0], old=null, confs=<EMPTY_MAP>
2022-07-14 05:35:20,092 [pool-150-thread-1] INFO  server.RaftServerConfigKeys (ConfUtils.java:logGet(46)) - raft.server.storage.dir = [/home/runner/work/ozone/ozone/hadoop-ozone/integration-test/target/test-dir/MiniOzoneClusterImpl-252142cc-85ec-47ec-8abc-bbf74a919ed0/omNode-2/ratis] (custom)
2022-07-14 05:35:20,093 [pool-150-thread-1] INFO  server.RaftServerConfigKeys (ConfUtils.java:logGet(46)) - raft.server.log.corruption.policy = EXCEPTION (default)
2022-07-14 05:35:20,093 [pool-150-thread-1] INFO  server.RaftServerConfigKeys (ConfUtils.java:logGet(46)) - raft.server.storage.free-space.min = 0MB (=0) (default)
2022-07-14 05:35:20,093 [pool-150-thread-1] INFO  storage.RaftStorageDirectory (RaftStorageDirectoryImpl.java:analyzeStorage(135)) - The storage directory /home/runner/work/ozone/ozone/hadoop-ozone/integration-test/target/test-dir/MiniOzoneClusterImpl-252142cc-85ec-47ec-8abc-bbf74a919ed0/omNode-2/ratis/9c9825ce-8ba7-3ee6-a7c3-6c22e66a003a does not exist. Creating ...
2022-07-14 05:35:20,095 [pool-150-thread-1] INFO  storage.RaftStorageDirectory (RaftStorageDirectoryImpl.java:tryLock(230)) - Lock on /home/runner/work/ozone/ozone/hadoop-ozone/integration-test/target/test-dir/MiniOzoneClusterImpl-252142cc-85ec-47ec-8abc-bbf74a919ed0/omNode-2/ratis/9c9825ce-8ba7-3ee6-a7c3-6c22e66a003a/in_use.lock acquired by nodename 26111@fv-az444-907
2022-07-14 05:35:20,096 [pool-150-thread-1] INFO  storage.RaftStorage (RaftStorageImpl.java:format(89)) - Storage directory /home/runner/work/ozone/ozone/hadoop-ozone/integration-test/target/test-dir/MiniOzoneClusterImpl-252142cc-85ec-47ec-8abc-bbf74a919ed0/omNode-2/ratis/9c9825ce-8ba7-3ee6-a7c3-6c22e66a003a has been successfully formatted.
2022-07-14 05:35:20,097 [pool-150-thread-1] INFO  server.RaftServerConfigKeys (ConfUtils.java:logGet(46)) - raft.server.notification.no-leader.timeout = 2s (custom)
2022-07-14 05:35:20,097 [pool-150-thread-1] INFO  server.RaftServerConfigKeys (ConfUtils.java:logGet(46)) - raft.server.log.use.memory = false (default)
2022-07-14 05:35:20,097 [pool-150-thread-1] INFO  server.RaftServerConfigKeys (ConfUtils.java:logGet(46)) - raft.server.log.purge.gap = 1000000 (custom)
2022-07-14 05:35:20,097 [pool-150-thread-1] INFO  server.RaftServerConfigKeys (ConfUtils.java:logGet(46)) - raft.server.log.appender.buffer.byte-limit = 33554432 (custom)
2022-07-14 05:35:20,097 [pool-150-thread-1] INFO  server.RaftServerConfigKeys (ConfUtils.java:logGet(46)) - raft.server.log.statemachine.data.read.timeout = 1000ms (default)
2022-07-14 05:35:20,097 [pool-150-thread-1] INFO  server.RaftServerConfigKeys (ConfUtils.java:logGet(46)) - raft.server.log.segment.size.max = 4194304 (custom)
2022-07-14 05:35:20,098 [pool-150-thread-1] INFO  server.RaftServerConfigKeys (ConfUtils.java:logGet(46)) - raft.server.log.segment.cache.num.max = 2 (custom)
2022-07-14 05:35:20,098 [pool-150-thread-1] INFO  server.RaftServerConfigKeys (ConfUtils.java:logGet(46)) - raft.server.log.segment.cache.size.max = 200MB (=209715200) (default)
2022-07-14 05:35:20,098 [pool-150-thread-1] INFO  segmented.SegmentedRaftLogWorker (SegmentedRaftLogWorker.java:<init>(187)) - new omNode-2@group-6C22E66A003A-SegmentedRaftLogWorker for RaftStorageImpl:Storage Directory /home/runner/work/ozone/ozone/hadoop-ozone/integration-test/target/test-dir/MiniOzoneClusterImpl-252142cc-85ec-47ec-8abc-bbf74a919ed0/omNode-2/ratis/9c9825ce-8ba7-3ee6-a7c3-6c22e66a003a
2022-07-14 05:35:20,098 [pool-150-thread-1] INFO  server.RaftServerConfigKeys (ConfUtils.java:logGet(46)) - raft.server.log.queue.byte-limit = 64MB (=67108864) (default)
2022-07-14 05:35:20,098 [pool-150-thread-1] INFO  server.RaftServerConfigKeys (ConfUtils.java:logGet(46)) - raft.server.log.queue.element-limit = 4096 (default)
2022-07-14 05:35:20,098 [pool-150-thread-1] INFO  server.RaftServerConfigKeys (ConfUtils.java:logGet(46)) - raft.server.log.segment.size.max = 4194304 (custom)
2022-07-14 05:35:20,098 [pool-150-thread-1] INFO  server.RaftServerConfigKeys (ConfUtils.java:logGet(46)) - raft.server.log.preallocated.size = 4194304 (custom)
2022-07-14 05:35:20,098 [pool-150-thread-1] INFO  server.RaftServerConfigKeys (ConfUtils.java:logGet(46)) - raft.server.log.force.sync.num = 128 (default)
2022-07-14 05:35:20,098 [pool-150-thread-1] INFO  server.RaftServerConfigKeys (ConfUtils.java:logGet(46)) - raft.server.log.statemachine.data.sync = true (default)
2022-07-14 05:35:20,098 [pool-150-thread-1] INFO  server.RaftServerConfigKeys (ConfUtils.java:logGet(46)) - raft.server.log.statemachine.data.sync.timeout = 10s (default)
2022-07-14 05:35:20,099 [pool-150-thread-1] INFO  server.RaftServerConfigKeys (ConfUtils.java:logGet(46)) - raft.server.log.statemachine.data.sync.timeout.retry = -1 (default)
2022-07-14 05:35:20,099 [pool-150-thread-1] INFO  server.RaftServerConfigKeys (ConfUtils.java:logGet(46)) - raft.server.log.write.buffer.size = 64KB (=65536) (default)
2022-07-14 05:35:20,100 [pool-150-thread-1] INFO  server.RaftServerConfigKeys (ConfUtils.java:logGet(46)) - raft.server.log.unsafe-flush.enabled = false (default)
2022-07-14 05:35:20,100 [pool-150-thread-1] INFO  server.RaftServerConfigKeys (ConfUtils.java:logGet(46)) - raft.server.log.statemachine.data.caching.enabled = false (default)
2022-07-14 05:35:20,100 [pool-150-thread-1] INFO  segmented.SegmentedRaftLogWorker (SegmentedRaftLogWorker.java:lambda$new$0(135)) - omNode-2@group-6C22E66A003A-SegmentedRaftLogWorker: flushIndex: setUnconditionally 0 -> -1
2022-07-14 05:35:20,100 [pool-150-thread-1] INFO  segmented.SegmentedRaftLogWorker (SegmentedRaftLogWorker.java:lambda$new$0(135)) - omNode-2@group-6C22E66A003A-SegmentedRaftLogWorker: safeCacheEvictIndex: setUnconditionally 0 -> -1
2022-07-14 05:35:20,103 [pool-150-thread-1] INFO  server.RaftServerConfigKeys (ConfUtils.java:logGet(46)) - raft.server.snapshot.auto.trigger.enabled = true (custom)
2022-07-14 05:35:20,103 [pool-150-thread-1] INFO  server.RaftServerConfigKeys (ConfUtils.java:logGet(46)) - raft.server.snapshot.auto.trigger.threshold = 400000 (default)
2022-07-14 05:35:20,103 [pool-150-thread-1] INFO  server.RaftServerConfigKeys (ConfUtils.java:logGet(46)) - raft.server.snapshot.retention.file.num = -1 (default)
2022-07-14 05:35:20,103 [pool-150-thread-1] INFO  server.RaftServerConfigKeys (ConfUtils.java:logGet(46)) - raft.server.log.purge.upto.snapshot.index = true (custom)
2022-07-14 05:35:20,103 [pool-150-thread-1] INFO  server.RaftServerConfigKeys (ConfUtils.java:logGet(46)) - raft.server.retrycache.expirytime = 300s (custom)
2022-07-14 05:35:20,103 [pool-150-thread-1] INFO  server.RaftServerConfigKeys (ConfUtils.java:logGet(46)) - raft.server.retrycache.statistics.expirytime = 100μs (default)
2022-07-14 05:35:20,110 [pool-150-thread-1] INFO  server.RaftServerConfigKeys (ConfUtils.java:logGet(46)) - raft.server.log.appender.install.snapshot.enabled = false (custom)
2022-07-14 05:35:20,110 [pool-150-thread-1] INFO  server.RaftServerConfigKeys (ConfUtils.java:logGet(46)) - raft.server.threadpool.server.cached = true (default)
2022-07-14 05:35:20,110 [pool-150-thread-1] INFO  server.RaftServerConfigKeys (ConfUtils.java:logGet(46)) - raft.server.threadpool.server.size = 0 (default)
2022-07-14 05:35:20,110 [pool-150-thread-1] INFO  server.RaftServerConfigKeys (ConfUtils.java:logGet(46)) - raft.server.threadpool.client.cached = true (default)
2022-07-14 05:35:20,110 [pool-150-thread-1] INFO  server.RaftServerConfigKeys (ConfUtils.java:logGet(46)) - raft.server.threadpool.client.size = 0 (default)
2022-07-14 05:35:20,193 [Listener at 127.0.0.1/42281] INFO  om.OzoneManager (OzoneManager.java:getRpcServer(1083)) - Creating RPC Server
2022-07-14 05:35:20,604 [org.apache.ratis.util.JvmPauseMonitor$$Lambda$519/2035454069@237141b7] WARN  util.JvmPauseMonitor (JvmPauseMonitor.java:detectPause(124)) - JvmPauseMonitor-c5ffeb5e-3634-4360-91c9-d598b29e1477: Detected pause in JVM or host machine (eg GC): pause of approximately 151515571ns.
GC pool 'PS MarkSweep' had collection(s): count=1 time=115ms
GC pool 'PS Scavenge' had collection(s): count=1 time=51ms
2022-07-14 05:35:20,711 [omNode-1@group-6C22E66A003A-FollowerState] INFO  impl.FollowerState (FollowerState.java:run(143)) - omNode-1@group-6C22E66A003A-FollowerState: change to CANDIDATE, lastRpcElapsedTime:1091452172ns, electionTimeout:1089ms
2022-07-14 05:35:20,712 [omNode-1@group-6C22E66A003A-FollowerState] INFO  impl.RoleInfo (RoleInfo.java:shutdownFollowerState(110)) - omNode-1: shutdown omNode-1@group-6C22E66A003A-FollowerState
2022-07-14 05:35:20,712 [omNode-1@group-6C22E66A003A-FollowerState] INFO  server.RaftServer$Division (RaftServerImpl.java:setRole(299)) - omNode-1@group-6C22E66A003A: changes role from  FOLLOWER to CANDIDATE at term 0 for changeToCandidate
2022-07-14 05:35:20,718 [omNode-1@group-6C22E66A003A-FollowerState] INFO  server.RaftServerConfigKeys (ConfUtils.java:logGet(46)) - raft.server.leaderelection.pre-vote = false (custom)
2022-07-14 05:35:20,718 [omNode-1@group-6C22E66A003A-FollowerState] INFO  impl.RoleInfo (RoleInfo.java:updateAndGet(139)) - omNode-1: start omNode-1@group-6C22E66A003A-LeaderElection3
2022-07-14 05:35:20,750 [omNode-1@group-6C22E66A003A-LeaderElection3] INFO  impl.LeaderElection (LeaderElection.java:askForVotes(310)) - omNode-1@group-6C22E66A003A-LeaderElection3 ELECTION round 0: submit vote requests at term 1 for -1: [omNode-3|rpc:localhost:35085|priority:0, omNode-1|rpc:localhost:45855|priority:0, omNode-2|rpc:localhost:35821|priority:0], old=null
2022-07-14 05:35:20,795 [omNode-1@group-6C22E66A003A-LeaderElection3] INFO  impl.LeaderElection (LogUtils.java:infoOrTrace(137)) - omNode-1@group-6C22E66A003A-LeaderElection3 got exception when requesting votes: java.util.concurrent.ExecutionException: org.apache.ratis.thirdparty.io.grpc.StatusRuntimeException: UNAVAILABLE: io exception
2022-07-14 05:35:20,812 [omNode-1@group-6C22E66A003A-LeaderElection3] INFO  impl.LeaderElection (LogUtils.java:infoOrTrace(137)) - omNode-1@group-6C22E66A003A-LeaderElection3 got exception when requesting votes: java.util.concurrent.ExecutionException: org.apache.ratis.thirdparty.io.grpc.StatusRuntimeException: UNAVAILABLE: io exception
2022-07-14 05:35:20,812 [omNode-1@group-6C22E66A003A-LeaderElection3] INFO  impl.LeaderElection (LeaderElection.java:logAndReturn(90)) - omNode-1@group-6C22E66A003A-LeaderElection3: ELECTION REJECTED received 0 response(s) and 2 exception(s):
2022-07-14 05:35:20,812 [omNode-1@group-6C22E66A003A-LeaderElection3] INFO  impl.LeaderElection (LogUtils.java:infoOrTrace(137)) -   Exception 0: java.util.concurrent.ExecutionException: org.apache.ratis.thirdparty.io.grpc.StatusRuntimeException: UNAVAILABLE: io exception
2022-07-14 05:35:20,812 [omNode-1@group-6C22E66A003A-LeaderElection3] INFO  impl.LeaderElection (LogUtils.java:infoOrTrace(137)) -   Exception 1: java.util.concurrent.ExecutionException: org.apache.ratis.thirdparty.io.grpc.StatusRuntimeException: UNAVAILABLE: io exception
2022-07-14 05:35:20,812 [omNode-1@group-6C22E66A003A-LeaderElection3] INFO  impl.LeaderElection (LeaderElection.java:askForVotes(312)) - omNode-1@group-6C22E66A003A-LeaderElection3 ELECTION round 0: result REJECTED
2022-07-14 05:35:20,813 [omNode-1@group-6C22E66A003A-LeaderElection3] INFO  server.RaftServer$Division (RaftServerImpl.java:setRole(299)) - omNode-1@group-6C22E66A003A: changes role from CANDIDATE to FOLLOWER at term 1 for REJECTED
2022-07-14 05:35:20,813 [omNode-1@group-6C22E66A003A-LeaderElection3] INFO  impl.RoleInfo (RoleInfo.java:shutdownLeaderElection(130)) - omNode-1: shutdown omNode-1@group-6C22E66A003A-LeaderElection3
2022-07-14 05:35:20,813 [omNode-1@group-6C22E66A003A-LeaderElection3] INFO  impl.RoleInfo (RoleInfo.java:updateAndGet(139)) - omNode-1: start omNode-1@group-6C22E66A003A-FollowerState
2022-07-14 05:35:21,015 [Listener at 127.0.0.1/42281] INFO  reflections.Reflections (Reflections.java:scan(232)) - Reflections took 819 ms to scan 19 urls, producing 66 keys and 4104 values [using 2 cores]
2022-07-14 05:35:21,017 [Listener at 127.0.0.1/42281] INFO  ipc.CallQueueManager (CallQueueManager.java:<init>(90)) - Using callQueue: class java.util.concurrent.LinkedBlockingQueue, queueCapacity: 2000, scheduler: class org.apache.hadoop.ipc.DefaultRpcScheduler, ipcBackoff: false.
2022-07-14 05:35:21,017 [Socket Reader #1 for port 45893] INFO  ipc.Server (Server.java:run(1265)) - Starting Socket Reader #1 for port 45893
2022-07-14 05:35:21,048 [Listener at 127.0.0.1/45893] INFO  impl.MetricsSystemImpl (MetricsSystemImpl.java:init(158)) - OzoneManager metrics system started (again)
2022-07-14 05:35:21,066 [Listener at 127.0.0.1/45893] INFO  om.OzoneManager (OzoneManager.java:start(1467)) - OzoneManager RPC server is listening at localhost/127.0.0.1:45893
2022-07-14 05:35:21,066 [Listener at 127.0.0.1/45893] INFO  ratis.OzoneManagerRatisServer (OzoneManagerRatisServer.java:start(554)) - Starting OzoneManagerRatisServer omNode-2 at port 35821
2022-07-14 05:35:21,066 [omNode-2-impl-thread1] INFO  server.RaftServer$Division (RaftServerImpl.java:start(310)) - omNode-2@group-6C22E66A003A: start as a follower, conf=-1: [omNode-3|rpc:localhost:35085|priority:0, omNode-1|rpc:localhost:45855|priority:0, omNode-2|rpc:localhost:35821|priority:0], old=null
2022-07-14 05:35:21,066 [omNode-2-impl-thread1] INFO  server.RaftServer$Division (RaftServerImpl.java:setRole(299)) - omNode-2@group-6C22E66A003A: changes role from      null to FOLLOWER at term 0 for startAsFollower
2022-07-14 05:35:21,067 [omNode-2-impl-thread1] INFO  impl.RoleInfo (RoleInfo.java:updateAndGet(139)) - omNode-2: start omNode-2@group-6C22E66A003A-FollowerState
2022-07-14 05:35:21,068 [omNode-2-impl-thread1] INFO  util.JmxRegister (JmxRegister.java:tryRegister(44)) - Successfully registered JMX Bean with object name Ratis:service=RaftServer,group=group-6C22E66A003A,id=omNode-2
2022-07-14 05:35:21,077 [Listener at 127.0.0.1/45893] INFO  server.RaftServer (RaftServerProxy.java:lambda$start$6(382)) - omNode-2: start RPC server
2022-07-14 05:35:21,080 [Listener at 127.0.0.1/45893] INFO  server.GrpcService (GrpcService.java:startImpl(260)) - omNode-2: GrpcService started, listening on 35821
2022-07-14 05:35:21,083 [Listener at 127.0.0.1/45893] INFO  om.OzoneManager (OzoneManager.java:start(1483)) - Version File has different layout version (3) than OM DB (null). That is expected if this OM has never been finalized to a newer layout version.
2022-07-14 05:35:21,084 [org.apache.ratis.util.JvmPauseMonitor$$Lambda$519/2035454069@7ab7c2cd] INFO  util.JvmPauseMonitor (JvmPauseMonitor.java:run(103)) - JvmPauseMonitor-omNode-2: Started
2022-07-14 05:35:21,088 [Listener at 127.0.0.1/45893] INFO  http.BaseHttpServer (BaseHttpServer.java:newHttpServer2BuilderForOzone(209)) - Starting Web-server for ozoneManager at: http://0.0.0.0:32847
2022-07-14 05:35:21,088 [Listener at 127.0.0.1/45893] INFO  http.BaseHttpServer (BaseHttpServer.java:<init>(107)) - Hadoop Security Enabled: false Ozone Security Enabled: false Ozone HTTP Security Enabled: false 
2022-07-14 05:35:21,090 [Listener at 127.0.0.1/45893] INFO  server.AuthenticationFilter (AuthenticationFilter.java:constructSecretProvider(240)) - Unable to initialize FileSignerSecretProvider, falling back to use random secrets.
2022-07-14 05:35:21,092 [Listener at 127.0.0.1/45893] WARN  http.HttpRequestLog (HttpRequestLog.java:getRequestLog(103)) - Jetty request log can only be enabled using Log4j
2022-07-14 05:35:21,099 [Listener at 127.0.0.1/45893] INFO  http.HttpServer2 (HttpServer2.java:addGlobalFilter(1029)) - Added global filter 'safety' (class=org.apache.hadoop.hdds.server.http.HttpServer2$QuotingInputFilter)
2022-07-14 05:35:21,100 [Listener at 127.0.0.1/45893] INFO  http.HttpServer2 (HttpServer2.java:addFilter(1005)) - Added filter static_user_filter (class=org.apache.hadoop.http.lib.StaticUserWebFilter$StaticUserFilter) to context ozoneManager
2022-07-14 05:35:21,100 [Listener at 127.0.0.1/45893] INFO  http.HttpServer2 (HttpServer2.java:addFilter(1013)) - Added filter static_user_filter (class=org.apache.hadoop.http.lib.StaticUserWebFilter$StaticUserFilter) to context static
2022-07-14 05:35:21,100 [Listener at 127.0.0.1/45893] INFO  http.HttpServer2 (HttpServer2.java:addFilter(1013)) - Added filter static_user_filter (class=org.apache.hadoop.http.lib.StaticUserWebFilter$StaticUserFilter) to context logs
2022-07-14 05:35:21,103 [Listener at 127.0.0.1/45893] INFO  http.HttpServer2 (HttpServer2.java:bindListener(1248)) - Jetty bound to port 32847
2022-07-14 05:35:21,103 [Listener at 127.0.0.1/45893] INFO  server.Server (Server.java:doStart(375)) - jetty-9.4.43.v20210629; built: 2021-06-30T11:07:22.254Z; git: 526006ecfa3af7f1a27ef3a288e2bef7ea9dd7e8; jvm 1.8.0_332-b09
2022-07-14 05:35:21,106 [Listener at 127.0.0.1/45893] INFO  server.session (DefaultSessionIdManager.java:doStart(334)) - DefaultSessionIdManager workerName=node0
2022-07-14 05:35:21,106 [Listener at 127.0.0.1/45893] INFO  server.session (DefaultSessionIdManager.java:doStart(339)) - No SessionScavenger set, using defaults
2022-07-14 05:35:21,106 [Listener at 127.0.0.1/45893] INFO  server.session (HouseKeeper.java:startScavenging(132)) - node0 Scavenging every 660000ms
2022-07-14 05:35:21,107 [Listener at 127.0.0.1/45893] INFO  handler.ContextHandler (ContextHandler.java:doStart(915)) - Started o.e.j.s.ServletContextHandler@558f62b0{logs,/logs,file:///home/runner/work/ozone/ozone/hadoop-ozone/integration-test/target/log,AVAILABLE}
2022-07-14 05:35:21,108 [Listener at 127.0.0.1/45893] INFO  handler.ContextHandler (ContextHandler.java:doStart(915)) - Started o.e.j.s.ServletContextHandler@79c30668{static,/static,file:///home/runner/work/ozone/ozone/hadoop-ozone/integration-test/target/test-classes/webapps/static,AVAILABLE}
2022-07-14 05:35:21,119 [Listener at 127.0.0.1/45893] INFO  handler.ContextHandler (ContextHandler.java:doStart(915)) - Started o.e.j.w.WebAppContext@3a5c4735{ozoneManager,/,file:///home/runner/work/ozone/ozone/hadoop-ozone/integration-test/target/test-classes/webapps/ozoneManager/,AVAILABLE}{file:/home/runner/work/ozone/ozone/hadoop-ozone/integration-test/target/test-classes/webapps/ozoneManager}
2022-07-14 05:35:21,122 [Listener at 127.0.0.1/45893] INFO  server.AbstractConnector (AbstractConnector.java:doStart(331)) - Started ServerConnector@2b006cb4{HTTP/1.1, (http/1.1)}{0.0.0.0:32847}
2022-07-14 05:35:21,122 [Listener at 127.0.0.1/45893] INFO  server.Server (Server.java:doStart(415)) - Started @23119ms
2022-07-14 05:35:21,122 [Listener at 127.0.0.1/45893] WARN  impl.MetricsSystemImpl (MetricsSystemImpl.java:register(279)) - Sink prometheus already exists!
2022-07-14 05:35:21,123 [Listener at 127.0.0.1/45893] INFO  http.BaseHttpServer (BaseHttpServer.java:updateConnectorAddress(329)) - HTTP server of ozoneManager listening at http://0.0.0.0:32847
2022-07-14 05:35:21,126 [IPC Server Responder] INFO  ipc.Server (Server.java:run(1507)) - IPC Server Responder: starting
2022-07-14 05:35:21,129 [IPC Server listener on 45893] INFO  ipc.Server (Server.java:run(1344)) - IPC Server listener on 45893: starting
2022-07-14 05:35:21,141 [Listener at 127.0.0.1/45893] INFO  om.OzoneManager (OzoneManager.java:startTrashEmptier(1907)) - Trash Interval set to 0. Files deleted won't move to trash
2022-07-14 05:35:21,143 [Listener at 127.0.0.1/45893] INFO  ozone.MiniOzoneHAClusterImpl (MiniOzoneHAClusterImpl.java:createOMService(527)) - Started OzoneManager omNode-2 RPC server at localhost/127.0.0.1:45893
2022-07-14 05:35:21,144 [Listener at 127.0.0.1/45893] INFO  ha.OMHANodeDetails (OMHANodeDetails.java:loadOMHAConfig(121)) - ServiceID for OzoneManager is omServiceId1
2022-07-14 05:35:21,144 [Listener at 127.0.0.1/45893] INFO  ha.OMHANodeDetails (OMHANodeDetails.java:loadOMHAConfig(201)) - Found matching OM address with OMServiceId: omServiceId1, OMNodeId: omNode-3, RPC Address: localhost:36625 and Ratis port: 35085
2022-07-14 05:35:21,145 [Listener at 127.0.0.1/45893] INFO  ha.OMHANodeDetails (ConfUtils.java:setNodeSpecificConfigs(97)) - Setting configuration key ozone.om.http-address with value of key ozone.om.http-address.omServiceId1.omNode-3: 127.0.0.1:38239
2022-07-14 05:35:21,145 [Listener at 127.0.0.1/45893] INFO  ha.OMHANodeDetails (ConfUtils.java:setNodeSpecificConfigs(97)) - Setting configuration key ozone.om.https-address with value of key ozone.om.https-address.omServiceId1.omNode-3: 127.0.0.1:38345
2022-07-14 05:35:21,145 [Listener at 127.0.0.1/45893] INFO  ha.OMHANodeDetails (ConfUtils.java:setNodeSpecificConfigs(97)) - Setting configuration key ozone.om.address with value of key ozone.om.address.omServiceId1.omNode-3: 127.0.0.1:36625
2022-07-14 05:35:21,145 [Listener at 127.0.0.1/45893] WARN  server.ServerUtils (ServerUtils.java:getDBPath(225)) - ozone.om.db.dirs is not configured. We recommend adding this setting. Falling back to ozone.metadata.dirs instead.
2022-07-14 05:35:21,146 [org.apache.hadoop.util.JvmPauseMonitor$Monitor@3a8b9313] INFO  util.JvmPauseMonitor (JvmPauseMonitor.java:run(188)) - Starting JVM pause monitor
2022-07-14 05:35:21,147 [Listener at 127.0.0.1/45893] INFO  ha.SCMNodeInfo (SCMNodeInfo.java:getPort(197)) - ConfigKey ozone.scm.client.address is deprecated, For configuring different ports for each SCM use PortConfigKey ozone.scm.client.port appended with serviceId and nodeId
2022-07-14 05:35:21,147 [Listener at 127.0.0.1/45893] INFO  ha.SCMNodeInfo (SCMNodeInfo.java:getPort(197)) - ConfigKey ozone.scm.block.client.address is deprecated, For configuring different ports for each SCM use PortConfigKey ozone.scm.block.client.port appended with serviceId and nodeId
2022-07-14 05:35:21,147 [Listener at 127.0.0.1/45893] INFO  ha.SCMNodeInfo (SCMNodeInfo.java:getPort(197)) - ConfigKey ozone.scm.datanode.address is deprecated, For configuring different ports for each SCM use PortConfigKey ozone.scm.datanode.port appended with serviceId and nodeId
2022-07-14 05:35:21,147 [Listener at 127.0.0.1/45893] INFO  ha.SCMNodeInfo (SCMNodeInfo.java:getPort(197)) - ConfigKey ozone.scm.client.address is deprecated, For configuring different ports for each SCM use PortConfigKey ozone.scm.client.port appended with serviceId and nodeId
2022-07-14 05:35:21,147 [Listener at 127.0.0.1/45893] INFO  ha.SCMNodeInfo (SCMNodeInfo.java:getPort(197)) - ConfigKey ozone.scm.block.client.address is deprecated, For configuring different ports for each SCM use PortConfigKey ozone.scm.block.client.port appended with serviceId and nodeId
2022-07-14 05:35:21,148 [Listener at 127.0.0.1/45893] INFO  ha.SCMNodeInfo (SCMNodeInfo.java:getPort(197)) - ConfigKey ozone.scm.datanode.address is deprecated, For configuring different ports for each SCM use PortConfigKey ozone.scm.datanode.port appended with serviceId and nodeId
2022-07-14 05:35:21,148 [Listener at 127.0.0.1/45893] INFO  ha.SCMNodeInfo (SCMNodeInfo.java:getPort(197)) - ConfigKey ozone.scm.client.address is deprecated, For configuring different ports for each SCM use PortConfigKey ozone.scm.client.port appended with serviceId and nodeId
2022-07-14 05:35:21,148 [Listener at 127.0.0.1/45893] INFO  ha.SCMNodeInfo (SCMNodeInfo.java:getPort(197)) - ConfigKey ozone.scm.block.client.address is deprecated, For configuring different ports for each SCM use PortConfigKey ozone.scm.block.client.port appended with serviceId and nodeId
2022-07-14 05:35:21,148 [Listener at 127.0.0.1/45893] INFO  ha.SCMNodeInfo (SCMNodeInfo.java:getPort(197)) - ConfigKey ozone.scm.datanode.address is deprecated, For configuring different ports for each SCM use PortConfigKey ozone.scm.datanode.port appended with serviceId and nodeId
2022-07-14 05:35:21,148 [Listener at 127.0.0.1/45893] INFO  proxy.SCMBlockLocationFailoverProxyProvider (SCMBlockLocationFailoverProxyProvider.java:<init>(114)) - Created block location fail-over proxy with 3 nodes: [nodeId=scmNode-2,nodeAddress=/127.0.0.1:39709, nodeId=scmNode-3,nodeAddress=/127.0.0.1:40433, nodeId=scmNode-1,nodeAddress=/127.0.0.1:44131]
OM initialization succeeded.Current cluster id for sd=/home/runner/work/ozone/ozone/hadoop-ozone/integration-test/target/test-dir/MiniOzoneClusterImpl-252142cc-85ec-47ec-8abc-bbf74a919ed0/omNode-3/om;cid=252142cc-85ec-47ec-8abc-bbf74a919ed0;layoutVersion=3
2022-07-14 05:35:21,161 [Listener at 127.0.0.1/45893] INFO  ha.OMHANodeDetails (OMHANodeDetails.java:loadOMHAConfig(121)) - ServiceID for OzoneManager is omServiceId1
2022-07-14 05:35:21,162 [Listener at 127.0.0.1/45893] INFO  ha.OMHANodeDetails (OMHANodeDetails.java:loadOMHAConfig(201)) - Found matching OM address with OMServiceId: omServiceId1, OMNodeId: omNode-3, RPC Address: localhost:36625 and Ratis port: 35085
2022-07-14 05:35:21,162 [Listener at 127.0.0.1/45893] INFO  ha.OMHANodeDetails (ConfUtils.java:setNodeSpecificConfigs(97)) - Setting configuration key ozone.om.http-address with value of key ozone.om.http-address.omServiceId1.omNode-3: 127.0.0.1:38239
2022-07-14 05:35:21,162 [Listener at 127.0.0.1/45893] INFO  ha.OMHANodeDetails (ConfUtils.java:setNodeSpecificConfigs(97)) - Setting configuration key ozone.om.https-address with value of key ozone.om.https-address.omServiceId1.omNode-3: 127.0.0.1:38345
2022-07-14 05:35:21,162 [Listener at 127.0.0.1/45893] INFO  ha.OMHANodeDetails (ConfUtils.java:setNodeSpecificConfigs(97)) - Setting configuration key ozone.om.address with value of key ozone.om.address.omServiceId1.omNode-3: 127.0.0.1:36625
2022-07-14 05:35:21,163 [Listener at 127.0.0.1/45893] WARN  server.ServerUtils (ServerUtils.java:getDBPath(225)) - ozone.om.db.dirs is not configured. We recommend adding this setting. Falling back to ozone.metadata.dirs instead.
2022-07-14 05:35:21,163 [Listener at 127.0.0.1/45893] INFO  upgrade.AbstractLayoutVersionManager (AbstractLayoutVersionManager.java:init(83)) - Initializing Layout version manager with metadata layout = MULTITENANCY_SCHEMA (version = 3), software layout = MULTITENANCY_SCHEMA (version = 3)
2022-07-14 05:35:21,252 [Listener at 127.0.0.1/45893] INFO  reflections.Reflections (Reflections.java:scan(232)) - Reflections took 88 ms to scan 2 urls, producing 152 keys and 424 values [using 2 cores]
2022-07-14 05:35:21,253 [Listener at 127.0.0.1/45893] INFO  upgrade.OMLayoutVersionManager (OMLayoutVersionManager.java:lambda$0(115)) - Skipping Upgrade Action MockOmUpgradeAction since it has been finalized.
2022-07-14 05:35:21,253 [Listener at 127.0.0.1/45893] WARN  server.ServerUtils (ServerUtils.java:getDBPath(225)) - ozone.om.db.dirs is not configured. We recommend adding this setting. Falling back to ozone.metadata.dirs instead.
2022-07-14 05:35:21,254 [Listener at 127.0.0.1/45893] INFO  ha.SCMNodeInfo (SCMNodeInfo.java:getPort(197)) - ConfigKey ozone.scm.client.address is deprecated, For configuring different ports for each SCM use PortConfigKey ozone.scm.client.port appended with serviceId and nodeId
2022-07-14 05:35:21,254 [Listener at 127.0.0.1/45893] INFO  ha.SCMNodeInfo (SCMNodeInfo.java:getPort(197)) - ConfigKey ozone.scm.block.client.address is deprecated, For configuring different ports for each SCM use PortConfigKey ozone.scm.block.client.port appended with serviceId and nodeId
2022-07-14 05:35:21,254 [Listener at 127.0.0.1/45893] INFO  ha.SCMNodeInfo (SCMNodeInfo.java:getPort(197)) - ConfigKey ozone.scm.datanode.address is deprecated, For configuring different ports for each SCM use PortConfigKey ozone.scm.datanode.port appended with serviceId and nodeId
2022-07-14 05:35:21,254 [Listener at 127.0.0.1/45893] INFO  ha.SCMNodeInfo (SCMNodeInfo.java:getPort(197)) - ConfigKey ozone.scm.client.address is deprecated, For configuring different ports for each SCM use PortConfigKey ozone.scm.client.port appended with serviceId and nodeId
2022-07-14 05:35:21,254 [Listener at 127.0.0.1/45893] INFO  ha.SCMNodeInfo (SCMNodeInfo.java:getPort(197)) - ConfigKey ozone.scm.block.client.address is deprecated, For configuring different ports for each SCM use PortConfigKey ozone.scm.block.client.port appended with serviceId and nodeId
2022-07-14 05:35:21,254 [Listener at 127.0.0.1/45893] INFO  ha.SCMNodeInfo (SCMNodeInfo.java:getPort(197)) - ConfigKey ozone.scm.datanode.address is deprecated, For configuring different ports for each SCM use PortConfigKey ozone.scm.datanode.port appended with serviceId and nodeId
2022-07-14 05:35:21,254 [Listener at 127.0.0.1/45893] INFO  ha.SCMNodeInfo (SCMNodeInfo.java:getPort(197)) - ConfigKey ozone.scm.client.address is deprecated, For configuring different ports for each SCM use PortConfigKey ozone.scm.client.port appended with serviceId and nodeId
2022-07-14 05:35:21,255 [Listener at 127.0.0.1/45893] INFO  ha.SCMNodeInfo (SCMNodeInfo.java:getPort(197)) - ConfigKey ozone.scm.block.client.address is deprecated, For configuring different ports for each SCM use PortConfigKey ozone.scm.block.client.port appended with serviceId and nodeId
2022-07-14 05:35:21,255 [Listener at 127.0.0.1/45893] INFO  ha.SCMNodeInfo (SCMNodeInfo.java:getPort(197)) - ConfigKey ozone.scm.datanode.address is deprecated, For configuring different ports for each SCM use PortConfigKey ozone.scm.datanode.port appended with serviceId and nodeId
2022-07-14 05:35:21,255 [Listener at 127.0.0.1/45893] INFO  ha.SCMNodeInfo (SCMNodeInfo.java:getPort(197)) - ConfigKey ozone.scm.client.address is deprecated, For configuring different ports for each SCM use PortConfigKey ozone.scm.client.port appended with serviceId and nodeId
2022-07-14 05:35:21,255 [Listener at 127.0.0.1/45893] INFO  ha.SCMNodeInfo (SCMNodeInfo.java:getPort(197)) - ConfigKey ozone.scm.block.client.address is deprecated, For configuring different ports for each SCM use PortConfigKey ozone.scm.block.client.port appended with serviceId and nodeId
2022-07-14 05:35:21,255 [Listener at 127.0.0.1/45893] INFO  ha.SCMNodeInfo (SCMNodeInfo.java:getPort(197)) - ConfigKey ozone.scm.datanode.address is deprecated, For configuring different ports for each SCM use PortConfigKey ozone.scm.datanode.port appended with serviceId and nodeId
2022-07-14 05:35:21,255 [Listener at 127.0.0.1/45893] INFO  ha.SCMNodeInfo (SCMNodeInfo.java:getPort(197)) - ConfigKey ozone.scm.client.address is deprecated, For configuring different ports for each SCM use PortConfigKey ozone.scm.client.port appended with serviceId and nodeId
2022-07-14 05:35:21,256 [Listener at 127.0.0.1/45893] INFO  ha.SCMNodeInfo (SCMNodeInfo.java:getPort(197)) - ConfigKey ozone.scm.block.client.address is deprecated, For configuring different ports for each SCM use PortConfigKey ozone.scm.block.client.port appended with serviceId and nodeId
2022-07-14 05:35:21,256 [Listener at 127.0.0.1/45893] INFO  ha.SCMNodeInfo (SCMNodeInfo.java:getPort(197)) - ConfigKey ozone.scm.datanode.address is deprecated, For configuring different ports for each SCM use PortConfigKey ozone.scm.datanode.port appended with serviceId and nodeId
2022-07-14 05:35:21,256 [Listener at 127.0.0.1/45893] INFO  ha.SCMNodeInfo (SCMNodeInfo.java:getPort(197)) - ConfigKey ozone.scm.client.address is deprecated, For configuring different ports for each SCM use PortConfigKey ozone.scm.client.port appended with serviceId and nodeId
2022-07-14 05:35:21,256 [Listener at 127.0.0.1/45893] INFO  ha.SCMNodeInfo (SCMNodeInfo.java:getPort(197)) - ConfigKey ozone.scm.block.client.address is deprecated, For configuring different ports for each SCM use PortConfigKey ozone.scm.block.client.port appended with serviceId and nodeId
2022-07-14 05:35:21,256 [Listener at 127.0.0.1/45893] INFO  ha.SCMNodeInfo (SCMNodeInfo.java:getPort(197)) - ConfigKey ozone.scm.datanode.address is deprecated, For configuring different ports for each SCM use PortConfigKey ozone.scm.datanode.port appended with serviceId and nodeId
2022-07-14 05:35:21,256 [Listener at 127.0.0.1/45893] INFO  proxy.SCMBlockLocationFailoverProxyProvider (SCMBlockLocationFailoverProxyProvider.java:<init>(114)) - Created block location fail-over proxy with 3 nodes: [nodeId=scmNode-2,nodeAddress=/127.0.0.1:39709, nodeId=scmNode-3,nodeAddress=/127.0.0.1:40433, nodeId=scmNode-1,nodeAddress=/127.0.0.1:44131]
2022-07-14 05:35:21,258 [Listener at 127.0.0.1/45893] INFO  ha.SCMNodeInfo (SCMNodeInfo.java:getPort(197)) - ConfigKey ozone.scm.client.address is deprecated, For configuring different ports for each SCM use PortConfigKey ozone.scm.client.port appended with serviceId and nodeId
2022-07-14 05:35:21,259 [Listener at 127.0.0.1/45893] INFO  ha.SCMNodeInfo (SCMNodeInfo.java:getPort(197)) - ConfigKey ozone.scm.block.client.address is deprecated, For configuring different ports for each SCM use PortConfigKey ozone.scm.block.client.port appended with serviceId and nodeId
2022-07-14 05:35:21,259 [Listener at 127.0.0.1/45893] INFO  ha.SCMNodeInfo (SCMNodeInfo.java:getPort(197)) - ConfigKey ozone.scm.datanode.address is deprecated, For configuring different ports for each SCM use PortConfigKey ozone.scm.datanode.port appended with serviceId and nodeId
2022-07-14 05:35:21,259 [Listener at 127.0.0.1/45893] INFO  ha.SCMNodeInfo (SCMNodeInfo.java:getPort(197)) - ConfigKey ozone.scm.client.address is deprecated, For configuring different ports for each SCM use PortConfigKey ozone.scm.client.port appended with serviceId and nodeId
2022-07-14 05:35:21,259 [Listener at 127.0.0.1/45893] INFO  ha.SCMNodeInfo (SCMNodeInfo.java:getPort(197)) - ConfigKey ozone.scm.block.client.address is deprecated, For configuring different ports for each SCM use PortConfigKey ozone.scm.block.client.port appended with serviceId and nodeId
2022-07-14 05:35:21,259 [Listener at 127.0.0.1/45893] INFO  ha.SCMNodeInfo (SCMNodeInfo.java:getPort(197)) - ConfigKey ozone.scm.datanode.address is deprecated, For configuring different ports for each SCM use PortConfigKey ozone.scm.datanode.port appended with serviceId and nodeId
2022-07-14 05:35:21,259 [Listener at 127.0.0.1/45893] INFO  ha.SCMNodeInfo (SCMNodeInfo.java:getPort(197)) - ConfigKey ozone.scm.client.address is deprecated, For configuring different ports for each SCM use PortConfigKey ozone.scm.client.port appended with serviceId and nodeId
2022-07-14 05:35:21,259 [Listener at 127.0.0.1/45893] INFO  ha.SCMNodeInfo (SCMNodeInfo.java:getPort(197)) - ConfigKey ozone.scm.block.client.address is deprecated, For configuring different ports for each SCM use PortConfigKey ozone.scm.block.client.port appended with serviceId and nodeId
2022-07-14 05:35:21,259 [Listener at 127.0.0.1/45893] INFO  ha.SCMNodeInfo (SCMNodeInfo.java:getPort(197)) - ConfigKey ozone.scm.datanode.address is deprecated, For configuring different ports for each SCM use PortConfigKey ozone.scm.datanode.port appended with serviceId and nodeId
2022-07-14 05:35:21,260 [Listener at 127.0.0.1/45893] INFO  proxy.SCMBlockLocationFailoverProxyProvider (SCMBlockLocationFailoverProxyProvider.java:<init>(114)) - Created block location fail-over proxy with 3 nodes: [nodeId=scmNode-2,nodeAddress=/127.0.0.1:39709, nodeId=scmNode-3,nodeAddress=/127.0.0.1:40433, nodeId=scmNode-1,nodeAddress=/127.0.0.1:44131]
2022-07-14 05:35:21,271 [Listener at 127.0.0.1/45893] WARN  server.ServerUtils (ServerUtils.java:getDBPath(225)) - ozone.om.db.dirs is not configured. We recommend adding this setting. Falling back to ozone.metadata.dirs instead.
2022-07-14 05:35:21,272 [Listener at 127.0.0.1/45893] INFO  codec.OmKeyInfoCodec (OmKeyInfoCodec.java:<init>(49)) - OmKeyInfoCodec ignorePipeline = true
2022-07-14 05:35:21,272 [Listener at 127.0.0.1/45893] INFO  codec.RepeatedOmKeyInfoCodec (RepeatedOmKeyInfoCodec.java:<init>(41)) - RepeatedOmKeyInfoCodec ignorePipeline = true
2022-07-14 05:35:21,489 [Listener at 127.0.0.1/45893] INFO  om.OzoneManager (OzoneManager.java:instantiateServices(694)) - S3 Multi-Tenancy is disabled
2022-07-14 05:35:21,490 [Listener at 127.0.0.1/45893] INFO  om.OzoneManager (OzoneManager.java:addS3GVolumeToDB(4308)) - Created Volume s3v With Owner runner required for S3Gateway operations.
2022-07-14 05:35:21,490 [Listener at 127.0.0.1/45893] WARN  server.ServerUtils (ServerUtils.java:getDefaultRatisDirectory(237)) - Storage directory for Ratis is not configured. It is a good idea to map this to an SSD disk. Falling back to ozone.metadata.dirs
2022-07-14 05:35:21,490 [Listener at 127.0.0.1/45893] WARN  utils.OzoneManagerRatisUtils (OzoneManagerRatisUtils.java:getOMRatisSnapshotDirectory(431)) - ozone.om.ratis.snapshot.dir is not configured. Falling back to ozone.metadata.dirs config
2022-07-14 05:35:21,491 [Listener at 127.0.0.1/45893] INFO  snapshot.OzoneManagerSnapshotProvider (OzoneManagerSnapshotProvider.java:<init>(76)) - Initializing OM Snapshot Provider
2022-07-14 05:35:21,492 [Listener at 127.0.0.1/45893] WARN  impl.MetricRegistriesImpl (MetricRegistriesImpl.java:addReporterRegistration(111)) - New reporters are added after registries were created. Some metrics will be missing from the reporter. Please add reporter before adding any new registry.
2022-07-14 05:35:21,492 [Listener at 127.0.0.1/45893] WARN  impl.MetricRegistriesImpl (MetricRegistriesImpl.java:addReporterRegistration(111)) - New reporters are added after registries were created. Some metrics will be missing from the reporter. Please add reporter before adding any new registry.
2022-07-14 05:35:21,492 [Listener at 127.0.0.1/45893] WARN  server.ServerUtils (ServerUtils.java:getDefaultRatisDirectory(237)) - Storage directory for Ratis is not configured. It is a good idea to map this to an SSD disk. Falling back to ozone.metadata.dirs
2022-07-14 05:35:21,494 [Listener at 127.0.0.1/45893] INFO  ratis.OzoneManagerRatisServer (OzoneManagerRatisServer.java:<init>(159)) - Instantiating OM Ratis server with groupID: omServiceId1 and peers: localhost:35085, localhost:45855, localhost:35821
2022-07-14 05:35:21,494 [Listener at 127.0.0.1/45893] INFO  ratis.OzoneManagerStateMachine (OzoneManagerStateMachine.java:loadSnapshotInfoFromDB(632)) - LastAppliedIndex is set from TransactionInfo from OM DB as (t:0, i:~)
2022-07-14 05:35:21,495 [Listener at 127.0.0.1/45893] INFO  server.RaftServer (ConfUtils.java:logGet(46)) - raft.rpc.type = GRPC (default)
2022-07-14 05:35:21,495 [Listener at 127.0.0.1/45893] INFO  grpc.GrpcFactory (GrpcFactory.java:checkPooledByteBufAllocatorUseCacheForAllThreads(48)) - PERFORMANCE WARNING: useCacheForAllThreads is true that may cause Netty to create a lot garbage objects and, as a result, trigger GC.
	It is recommended to disable useCacheForAllThreads by setting -Dorg.apache.ratis.thirdparty.io.netty.allocator.useCacheForAllThreads=false in command line.
2022-07-14 05:35:21,495 [Listener at 127.0.0.1/45893] INFO  grpc.GrpcConfigKeys (ConfUtils.java:logGet(46)) - raft.grpc.admin.port = -1 (default)
2022-07-14 05:35:21,495 [Listener at 127.0.0.1/45893] INFO  grpc.GrpcConfigKeys (ConfUtils.java:logGet(46)) - raft.grpc.server.port = 35085 (custom)
2022-07-14 05:35:21,495 [Listener at 127.0.0.1/45893] INFO  grpc.GrpcConfigKeys (ConfUtils.java:logGet(46)) - raft.grpc.client.port = -1 (default)
2022-07-14 05:35:21,495 [Listener at 127.0.0.1/45893] INFO  grpc.GrpcConfigKeys (ConfUtils.java:logGet(46)) - raft.grpc.server.port = 35085 (custom)
2022-07-14 05:35:21,496 [Listener at 127.0.0.1/45893] INFO  grpc.GrpcConfigKeys (ConfUtils.java:logGet(46)) - raft.grpc.server.port = 35085 (custom)
2022-07-14 05:35:21,496 [Listener at 127.0.0.1/45893] INFO  server.GrpcService (ConfUtils.java:logGet(46)) - raft.grpc.message.size.max = 33554432 (custom)
2022-07-14 05:35:21,496 [Listener at 127.0.0.1/45893] INFO  server.RaftServerConfigKeys (ConfUtils.java:logGet(46)) - raft.server.log.appender.buffer.byte-limit = 33554432 (custom)
2022-07-14 05:35:21,496 [Listener at 127.0.0.1/45893] INFO  server.GrpcService (ConfUtils.java:logGet(46)) - raft.grpc.flow.control.window = 1MB (=1048576) (default)
2022-07-14 05:35:21,496 [Listener at 127.0.0.1/45893] INFO  server.RaftServerConfigKeys (ConfUtils.java:logGet(46)) - raft.server.rpc.request.timeout = 3000ms (default)
2022-07-14 05:35:21,496 [Listener at 127.0.0.1/45893] INFO  grpc.GrpcConfigKeys (ConfUtils.java:logGet(46)) - raft.grpc.server.async.request.thread.pool.cached = true (default)
2022-07-14 05:35:21,496 [Listener at 127.0.0.1/45893] INFO  grpc.GrpcConfigKeys (ConfUtils.java:logGet(46)) - raft.grpc.server.async.request.thread.pool.size = 32 (default)
2022-07-14 05:35:21,498 [Listener at 127.0.0.1/45893] INFO  impl.DataStreamServerImpl (ConfUtils.java:logGet(46)) - raft.datastream.type = DISABLED (default)
2022-07-14 05:35:21,498 [Listener at 127.0.0.1/45893] INFO  server.RaftServerConfigKeys (ConfUtils.java:logGet(46)) - raft.server.threadpool.proxy.cached = true (default)
2022-07-14 05:35:21,498 [Listener at 127.0.0.1/45893] INFO  server.RaftServerConfigKeys (ConfUtils.java:logGet(46)) - raft.server.threadpool.proxy.size = 0 (default)
2022-07-14 05:35:21,498 [Listener at 127.0.0.1/45893] INFO  server.RaftServerConfigKeys (ConfUtils.java:logGet(46)) - raft.server.rpc.slowness.timeout = 2s (custom)
2022-07-14 05:35:21,498 [Listener at 127.0.0.1/45893] INFO  server.RaftServerConfigKeys (ConfUtils.java:logGet(46)) - raft.server.leaderelection.leader.step-down.wait-time = 10s (default)
2022-07-14 05:35:21,498 [Listener at 127.0.0.1/45893] INFO  server.RaftServerConfigKeys (ConfUtils.java:logGet(46)) - raft.server.storage.dir = [/home/runner/work/ozone/ozone/hadoop-ozone/integration-test/target/test-dir/MiniOzoneClusterImpl-252142cc-85ec-47ec-8abc-bbf74a919ed0/omNode-3/ratis] (custom)
2022-07-14 05:35:21,499 [Listener at 127.0.0.1/45893] INFO  server.RaftServer (RaftServerProxy.java:addNew(96)) - omNode-3: addNew group-6C22E66A003A:[omNode-3|rpc:localhost:35085|priority:0, omNode-1|rpc:localhost:45855|priority:0, omNode-2|rpc:localhost:35821|priority:0] returns group-6C22E66A003A:java.util.concurrent.CompletableFuture@24a5006[Not completed]
2022-07-14 05:35:21,499 [Listener at 127.0.0.1/45893] INFO  om.OzoneManager (OzoneManager.java:initializeRatisServer(1963)) - OzoneManager Ratis server initialized at port 35085
2022-07-14 05:35:21,501 [Listener at 127.0.0.1/45893] INFO  om.OzoneManager (OzoneManager.java:getRpcServer(1083)) - Creating RPC Server
2022-07-14 05:35:21,502 [pool-175-thread-1] INFO  server.RaftServer$Division (RaftServerImpl.java:<init>(190)) - omNode-3: new RaftServerImpl for group-6C22E66A003A:[omNode-3|rpc:localhost:35085|priority:0, omNode-1|rpc:localhost:45855|priority:0, omNode-2|rpc:localhost:35821|priority:0] with OzoneManagerStateMachine:uninitialized
2022-07-14 05:35:21,502 [pool-175-thread-1] INFO  server.RaftServerConfigKeys (ConfUtils.java:logGet(46)) - raft.server.rpc.timeout.min = 1s (custom)
2022-07-14 05:35:21,503 [pool-175-thread-1] INFO  server.RaftServerConfigKeys (ConfUtils.java:logGet(46)) - raft.server.rpc.timeout.max = 1200ms (custom)
2022-07-14 05:35:21,503 [pool-175-thread-1] INFO  server.RaftServerConfigKeys (ConfUtils.java:logGet(46)) - raft.server.rpc.sleep.time = 25ms (default)
2022-07-14 05:35:21,503 [pool-175-thread-1] INFO  server.RaftServerConfigKeys (ConfUtils.java:logGet(46)) - raft.server.rpc.slowness.timeout = 2s (custom)
2022-07-14 05:35:21,503 [pool-175-thread-1] INFO  server.RaftServerConfigKeys (ConfUtils.java:logGet(46)) - raft.server.leaderelection.leader.step-down.wait-time = 10s (default)
2022-07-14 05:35:21,503 [pool-175-thread-1] INFO  server.RaftServerConfigKeys (ConfUtils.java:logGet(46)) - raft.server.sleep.deviation.threshold = 300ms (default)
2022-07-14 05:35:21,503 [pool-175-thread-1] INFO  server.RaftServer$Division (ServerState.java:<init>(107)) - omNode-3@group-6C22E66A003A: ConfigurationManager, init=-1: [omNode-3|rpc:localhost:35085|priority:0, omNode-1|rpc:localhost:45855|priority:0, omNode-2|rpc:localhost:35821|priority:0], old=null, confs=<EMPTY_MAP>
2022-07-14 05:35:21,503 [pool-175-thread-1] INFO  server.RaftServerConfigKeys (ConfUtils.java:logGet(46)) - raft.server.storage.dir = [/home/runner/work/ozone/ozone/hadoop-ozone/integration-test/target/test-dir/MiniOzoneClusterImpl-252142cc-85ec-47ec-8abc-bbf74a919ed0/omNode-3/ratis] (custom)
2022-07-14 05:35:21,503 [pool-175-thread-1] INFO  server.RaftServerConfigKeys (ConfUtils.java:logGet(46)) - raft.server.log.corruption.policy = EXCEPTION (default)
2022-07-14 05:35:21,503 [pool-175-thread-1] INFO  server.RaftServerConfigKeys (ConfUtils.java:logGet(46)) - raft.server.storage.free-space.min = 0MB (=0) (default)
2022-07-14 05:35:21,504 [pool-175-thread-1] INFO  storage.RaftStorageDirectory (RaftStorageDirectoryImpl.java:analyzeStorage(135)) - The storage directory /home/runner/work/ozone/ozone/hadoop-ozone/integration-test/target/test-dir/MiniOzoneClusterImpl-252142cc-85ec-47ec-8abc-bbf74a919ed0/omNode-3/ratis/9c9825ce-8ba7-3ee6-a7c3-6c22e66a003a does not exist. Creating ...
2022-07-14 05:35:21,511 [pool-175-thread-1] INFO  storage.RaftStorageDirectory (RaftStorageDirectoryImpl.java:tryLock(230)) - Lock on /home/runner/work/ozone/ozone/hadoop-ozone/integration-test/target/test-dir/MiniOzoneClusterImpl-252142cc-85ec-47ec-8abc-bbf74a919ed0/omNode-3/ratis/9c9825ce-8ba7-3ee6-a7c3-6c22e66a003a/in_use.lock acquired by nodename 26111@fv-az444-907
2022-07-14 05:35:21,513 [pool-175-thread-1] INFO  storage.RaftStorage (RaftStorageImpl.java:format(89)) - Storage directory /home/runner/work/ozone/ozone/hadoop-ozone/integration-test/target/test-dir/MiniOzoneClusterImpl-252142cc-85ec-47ec-8abc-bbf74a919ed0/omNode-3/ratis/9c9825ce-8ba7-3ee6-a7c3-6c22e66a003a has been successfully formatted.
2022-07-14 05:35:21,513 [pool-175-thread-1] INFO  server.RaftServerConfigKeys (ConfUtils.java:logGet(46)) - raft.server.notification.no-leader.timeout = 2s (custom)
2022-07-14 05:35:21,513 [pool-175-thread-1] INFO  server.RaftServerConfigKeys (ConfUtils.java:logGet(46)) - raft.server.log.use.memory = false (default)
2022-07-14 05:35:21,513 [pool-175-thread-1] INFO  server.RaftServerConfigKeys (ConfUtils.java:logGet(46)) - raft.server.log.purge.gap = 1000000 (custom)
2022-07-14 05:35:21,514 [pool-175-thread-1] INFO  server.RaftServerConfigKeys (ConfUtils.java:logGet(46)) - raft.server.log.appender.buffer.byte-limit = 33554432 (custom)
2022-07-14 05:35:21,514 [pool-175-thread-1] INFO  server.RaftServerConfigKeys (ConfUtils.java:logGet(46)) - raft.server.log.statemachine.data.read.timeout = 1000ms (default)
2022-07-14 05:35:21,514 [pool-175-thread-1] INFO  server.RaftServerConfigKeys (ConfUtils.java:logGet(46)) - raft.server.log.segment.size.max = 4194304 (custom)
2022-07-14 05:35:21,516 [pool-175-thread-1] INFO  server.RaftServerConfigKeys (ConfUtils.java:logGet(46)) - raft.server.log.segment.cache.num.max = 2 (custom)
2022-07-14 05:35:21,516 [pool-175-thread-1] INFO  server.RaftServerConfigKeys (ConfUtils.java:logGet(46)) - raft.server.log.segment.cache.size.max = 200MB (=209715200) (default)
2022-07-14 05:35:21,516 [pool-175-thread-1] INFO  segmented.SegmentedRaftLogWorker (SegmentedRaftLogWorker.java:<init>(187)) - new omNode-3@group-6C22E66A003A-SegmentedRaftLogWorker for RaftStorageImpl:Storage Directory /home/runner/work/ozone/ozone/hadoop-ozone/integration-test/target/test-dir/MiniOzoneClusterImpl-252142cc-85ec-47ec-8abc-bbf74a919ed0/omNode-3/ratis/9c9825ce-8ba7-3ee6-a7c3-6c22e66a003a
2022-07-14 05:35:21,516 [pool-175-thread-1] INFO  server.RaftServerConfigKeys (ConfUtils.java:logGet(46)) - raft.server.log.queue.byte-limit = 64MB (=67108864) (default)
2022-07-14 05:35:21,516 [pool-175-thread-1] INFO  server.RaftServerConfigKeys (ConfUtils.java:logGet(46)) - raft.server.log.queue.element-limit = 4096 (default)
2022-07-14 05:35:21,516 [pool-175-thread-1] INFO  server.RaftServerConfigKeys (ConfUtils.java:logGet(46)) - raft.server.log.segment.size.max = 4194304 (custom)
2022-07-14 05:35:21,517 [pool-175-thread-1] INFO  server.RaftServerConfigKeys (ConfUtils.java:logGet(46)) - raft.server.log.preallocated.size = 4194304 (custom)
2022-07-14 05:35:21,517 [pool-175-thread-1] INFO  server.RaftServerConfigKeys (ConfUtils.java:logGet(46)) - raft.server.log.force.sync.num = 128 (default)
2022-07-14 05:35:21,517 [pool-175-thread-1] INFO  server.RaftServerConfigKeys (ConfUtils.java:logGet(46)) - raft.server.log.statemachine.data.sync = true (default)
2022-07-14 05:35:21,517 [pool-175-thread-1] INFO  server.RaftServerConfigKeys (ConfUtils.java:logGet(46)) - raft.server.log.statemachine.data.sync.timeout = 10s (default)
2022-07-14 05:35:21,517 [pool-175-thread-1] INFO  server.RaftServerConfigKeys (ConfUtils.java:logGet(46)) - raft.server.log.statemachine.data.sync.timeout.retry = -1 (default)
2022-07-14 05:35:21,518 [pool-175-thread-1] INFO  server.RaftServerConfigKeys (ConfUtils.java:logGet(46)) - raft.server.log.write.buffer.size = 64KB (=65536) (default)
2022-07-14 05:35:21,518 [pool-175-thread-1] INFO  server.RaftServerConfigKeys (ConfUtils.java:logGet(46)) - raft.server.log.unsafe-flush.enabled = false (default)
2022-07-14 05:35:21,518 [pool-175-thread-1] INFO  server.RaftServerConfigKeys (ConfUtils.java:logGet(46)) - raft.server.log.statemachine.data.caching.enabled = false (default)
2022-07-14 05:35:21,518 [pool-175-thread-1] INFO  segmented.SegmentedRaftLogWorker (SegmentedRaftLogWorker.java:lambda$new$0(135)) - omNode-3@group-6C22E66A003A-SegmentedRaftLogWorker: flushIndex: setUnconditionally 0 -> -1
2022-07-14 05:35:21,518 [pool-175-thread-1] INFO  segmented.SegmentedRaftLogWorker (SegmentedRaftLogWorker.java:lambda$new$0(135)) - omNode-3@group-6C22E66A003A-SegmentedRaftLogWorker: safeCacheEvictIndex: setUnconditionally 0 -> -1
2022-07-14 05:35:21,522 [pool-175-thread-1] INFO  server.RaftServerConfigKeys (ConfUtils.java:logGet(46)) - raft.server.snapshot.auto.trigger.enabled = true (custom)
2022-07-14 05:35:21,522 [pool-175-thread-1] INFO  server.RaftServerConfigKeys (ConfUtils.java:logGet(46)) - raft.server.snapshot.auto.trigger.threshold = 400000 (default)
2022-07-14 05:35:21,522 [pool-175-thread-1] INFO  server.RaftServerConfigKeys (ConfUtils.java:logGet(46)) - raft.server.snapshot.retention.file.num = -1 (default)
2022-07-14 05:35:21,522 [pool-175-thread-1] INFO  server.RaftServerConfigKeys (ConfUtils.java:logGet(46)) - raft.server.log.purge.upto.snapshot.index = true (custom)
2022-07-14 05:35:21,522 [pool-175-thread-1] INFO  server.RaftServerConfigKeys (ConfUtils.java:logGet(46)) - raft.server.retrycache.expirytime = 300s (custom)
2022-07-14 05:35:21,522 [pool-175-thread-1] INFO  server.RaftServerConfigKeys (ConfUtils.java:logGet(46)) - raft.server.retrycache.statistics.expirytime = 100μs (default)
2022-07-14 05:35:21,524 [pool-175-thread-1] INFO  server.RaftServerConfigKeys (ConfUtils.java:logGet(46)) - raft.server.log.appender.install.snapshot.enabled = false (custom)
2022-07-14 05:35:21,524 [pool-175-thread-1] INFO  server.RaftServerConfigKeys (ConfUtils.java:logGet(46)) - raft.server.threadpool.server.cached = true (default)
2022-07-14 05:35:21,524 [pool-175-thread-1] INFO  server.RaftServerConfigKeys (ConfUtils.java:logGet(46)) - raft.server.threadpool.server.size = 0 (default)
2022-07-14 05:35:21,524 [pool-175-thread-1] INFO  server.RaftServerConfigKeys (ConfUtils.java:logGet(46)) - raft.server.threadpool.client.cached = true (default)
2022-07-14 05:35:21,524 [pool-175-thread-1] INFO  server.RaftServerConfigKeys (ConfUtils.java:logGet(46)) - raft.server.threadpool.client.size = 0 (default)
2022-07-14 05:35:21,952 [omNode-1@group-6C22E66A003A-FollowerState] INFO  impl.FollowerState (FollowerState.java:run(143)) - omNode-1@group-6C22E66A003A-FollowerState: change to CANDIDATE, lastRpcElapsedTime:1138825544ns, electionTimeout:1128ms
2022-07-14 05:35:21,952 [omNode-1@group-6C22E66A003A-FollowerState] INFO  impl.RoleInfo (RoleInfo.java:shutdownFollowerState(110)) - omNode-1: shutdown omNode-1@group-6C22E66A003A-FollowerState
2022-07-14 05:35:21,952 [omNode-1@group-6C22E66A003A-FollowerState] INFO  server.RaftServer$Division (RaftServerImpl.java:setRole(299)) - omNode-1@group-6C22E66A003A: changes role from  FOLLOWER to CANDIDATE at term 1 for changeToCandidate
2022-07-14 05:35:21,952 [omNode-1@group-6C22E66A003A-FollowerState] INFO  server.RaftServerConfigKeys (ConfUtils.java:logGet(46)) - raft.server.leaderelection.pre-vote = false (custom)
2022-07-14 05:35:21,952 [omNode-1@group-6C22E66A003A-FollowerState] INFO  impl.RoleInfo (RoleInfo.java:updateAndGet(139)) - omNode-1: start omNode-1@group-6C22E66A003A-LeaderElection4
2022-07-14 05:35:21,958 [omNode-1@group-6C22E66A003A-LeaderElection4] INFO  impl.LeaderElection (LeaderElection.java:askForVotes(310)) - omNode-1@group-6C22E66A003A-LeaderElection4 ELECTION round 0: submit vote requests at term 2 for -1: [omNode-3|rpc:localhost:35085|priority:0, omNode-1|rpc:localhost:45855|priority:0, omNode-2|rpc:localhost:35821|priority:0], old=null
2022-07-14 05:35:21,960 [omNode-1@group-6C22E66A003A-LeaderElection4] INFO  impl.LeaderElection (LogUtils.java:infoOrTrace(137)) - omNode-1@group-6C22E66A003A-LeaderElection4 got exception when requesting votes: java.util.concurrent.ExecutionException: org.apache.ratis.thirdparty.io.grpc.StatusRuntimeException: UNAVAILABLE: io exception
2022-07-14 05:35:21,960 [omNode-1@group-6C22E66A003A-LeaderElection4] INFO  impl.LeaderElection (LogUtils.java:infoOrTrace(137)) - omNode-1@group-6C22E66A003A-LeaderElection4 got exception when requesting votes: java.util.concurrent.ExecutionException: org.apache.ratis.thirdparty.io.grpc.StatusRuntimeException: UNAVAILABLE: io exception
2022-07-14 05:35:21,961 [omNode-1@group-6C22E66A003A-LeaderElection4] INFO  impl.LeaderElection (LeaderElection.java:logAndReturn(90)) - omNode-1@group-6C22E66A003A-LeaderElection4: ELECTION REJECTED received 0 response(s) and 2 exception(s):
2022-07-14 05:35:21,961 [omNode-1@group-6C22E66A003A-LeaderElection4] INFO  impl.LeaderElection (LogUtils.java:infoOrTrace(137)) -   Exception 0: java.util.concurrent.ExecutionException: org.apache.ratis.thirdparty.io.grpc.StatusRuntimeException: UNAVAILABLE: io exception
2022-07-14 05:35:21,961 [omNode-1@group-6C22E66A003A-LeaderElection4] INFO  impl.LeaderElection (LogUtils.java:infoOrTrace(137)) -   Exception 1: java.util.concurrent.ExecutionException: org.apache.ratis.thirdparty.io.grpc.StatusRuntimeException: UNAVAILABLE: io exception
2022-07-14 05:35:21,961 [omNode-1@group-6C22E66A003A-LeaderElection4] INFO  impl.LeaderElection (LeaderElection.java:askForVotes(312)) - omNode-1@group-6C22E66A003A-LeaderElection4 ELECTION round 0: result REJECTED
2022-07-14 05:35:21,961 [omNode-1@group-6C22E66A003A-LeaderElection4] INFO  server.RaftServer$Division (RaftServerImpl.java:setRole(299)) - omNode-1@group-6C22E66A003A: changes role from CANDIDATE to FOLLOWER at term 2 for REJECTED
2022-07-14 05:35:21,961 [omNode-1@group-6C22E66A003A-LeaderElection4] INFO  impl.RoleInfo (RoleInfo.java:shutdownLeaderElection(130)) - omNode-1: shutdown omNode-1@group-6C22E66A003A-LeaderElection4
2022-07-14 05:35:21,961 [omNode-1@group-6C22E66A003A-LeaderElection4] INFO  impl.RoleInfo (RoleInfo.java:updateAndGet(139)) - omNode-1: start omNode-1@group-6C22E66A003A-FollowerState
2022-07-14 05:35:22,071 [Listener at 127.0.0.1/45893] INFO  reflections.Reflections (Reflections.java:scan(232)) - Reflections took 569 ms to scan 19 urls, producing 66 keys and 4104 values [using 2 cores]
2022-07-14 05:35:22,073 [Listener at 127.0.0.1/45893] INFO  ipc.CallQueueManager (CallQueueManager.java:<init>(90)) - Using callQueue: class java.util.concurrent.LinkedBlockingQueue, queueCapacity: 2000, scheduler: class org.apache.hadoop.ipc.DefaultRpcScheduler, ipcBackoff: false.
2022-07-14 05:35:22,075 [Socket Reader #1 for port 36625] INFO  ipc.Server (Server.java:run(1265)) - Starting Socket Reader #1 for port 36625
2022-07-14 05:35:22,105 [Listener at 127.0.0.1/36625] INFO  impl.MetricsSystemImpl (MetricsSystemImpl.java:init(158)) - OzoneManager metrics system started (again)
2022-07-14 05:35:22,122 [Listener at 127.0.0.1/36625] INFO  om.OzoneManager (OzoneManager.java:start(1467)) - OzoneManager RPC server is listening at localhost/127.0.0.1:36625
2022-07-14 05:35:22,122 [Listener at 127.0.0.1/36625] INFO  ratis.OzoneManagerRatisServer (OzoneManagerRatisServer.java:start(554)) - Starting OzoneManagerRatisServer omNode-3 at port 35085
2022-07-14 05:35:22,122 [omNode-3-impl-thread1] INFO  server.RaftServer$Division (RaftServerImpl.java:start(310)) - omNode-3@group-6C22E66A003A: start as a follower, conf=-1: [omNode-3|rpc:localhost:35085|priority:0, omNode-1|rpc:localhost:45855|priority:0, omNode-2|rpc:localhost:35821|priority:0], old=null
2022-07-14 05:35:22,122 [omNode-3-impl-thread1] INFO  server.RaftServer$Division (RaftServerImpl.java:setRole(299)) - omNode-3@group-6C22E66A003A: changes role from      null to FOLLOWER at term 0 for startAsFollower
2022-07-14 05:35:22,123 [omNode-3-impl-thread1] INFO  impl.RoleInfo (RoleInfo.java:updateAndGet(139)) - omNode-3: start omNode-3@group-6C22E66A003A-FollowerState
2022-07-14 05:35:22,125 [omNode-3-impl-thread1] INFO  util.JmxRegister (JmxRegister.java:tryRegister(44)) - Successfully registered JMX Bean with object name Ratis:service=RaftServer,group=group-6C22E66A003A,id=omNode-3
2022-07-14 05:35:22,128 [Listener at 127.0.0.1/36625] INFO  server.RaftServer (RaftServerProxy.java:lambda$start$6(382)) - omNode-3: start RPC server
2022-07-14 05:35:22,131 [Listener at 127.0.0.1/36625] INFO  server.GrpcService (GrpcService.java:startImpl(260)) - omNode-3: GrpcService started, listening on 35085
2022-07-14 05:35:22,132 [Listener at 127.0.0.1/36625] INFO  om.OzoneManager (OzoneManager.java:start(1483)) - Version File has different layout version (3) than OM DB (null). That is expected if this OM has never been finalized to a newer layout version.
2022-07-14 05:35:22,134 [org.apache.ratis.util.JvmPauseMonitor$$Lambda$519/2035454069@40fbc188] INFO  util.JvmPauseMonitor (JvmPauseMonitor.java:run(103)) - JvmPauseMonitor-omNode-3: Started
2022-07-14 05:35:22,135 [Listener at 127.0.0.1/36625] INFO  http.BaseHttpServer (BaseHttpServer.java:newHttpServer2BuilderForOzone(209)) - Starting Web-server for ozoneManager at: http://0.0.0.0:38239
2022-07-14 05:35:22,135 [Listener at 127.0.0.1/36625] INFO  http.BaseHttpServer (BaseHttpServer.java:<init>(107)) - Hadoop Security Enabled: false Ozone Security Enabled: false Ozone HTTP Security Enabled: false 
2022-07-14 05:35:22,136 [Listener at 127.0.0.1/36625] INFO  server.AuthenticationFilter (AuthenticationFilter.java:constructSecretProvider(240)) - Unable to initialize FileSignerSecretProvider, falling back to use random secrets.
2022-07-14 05:35:22,137 [Listener at 127.0.0.1/36625] WARN  http.HttpRequestLog (HttpRequestLog.java:getRequestLog(103)) - Jetty request log can only be enabled using Log4j
2022-07-14 05:35:22,139 [Listener at 127.0.0.1/36625] INFO  http.HttpServer2 (HttpServer2.java:addGlobalFilter(1029)) - Added global filter 'safety' (class=org.apache.hadoop.hdds.server.http.HttpServer2$QuotingInputFilter)
2022-07-14 05:35:22,140 [Listener at 127.0.0.1/36625] INFO  http.HttpServer2 (HttpServer2.java:addFilter(1005)) - Added filter static_user_filter (class=org.apache.hadoop.http.lib.StaticUserWebFilter$StaticUserFilter) to context ozoneManager
2022-07-14 05:35:22,140 [Listener at 127.0.0.1/36625] INFO  http.HttpServer2 (HttpServer2.java:addFilter(1013)) - Added filter static_user_filter (class=org.apache.hadoop.http.lib.StaticUserWebFilter$StaticUserFilter) to context logs
2022-07-14 05:35:22,140 [Listener at 127.0.0.1/36625] INFO  http.HttpServer2 (HttpServer2.java:addFilter(1013)) - Added filter static_user_filter (class=org.apache.hadoop.http.lib.StaticUserWebFilter$StaticUserFilter) to context static
2022-07-14 05:35:22,141 [Listener at 127.0.0.1/36625] INFO  http.HttpServer2 (HttpServer2.java:bindListener(1248)) - Jetty bound to port 38239
2022-07-14 05:35:22,141 [Listener at 127.0.0.1/36625] INFO  server.Server (Server.java:doStart(375)) - jetty-9.4.43.v20210629; built: 2021-06-30T11:07:22.254Z; git: 526006ecfa3af7f1a27ef3a288e2bef7ea9dd7e8; jvm 1.8.0_332-b09
2022-07-14 05:35:22,143 [Listener at 127.0.0.1/36625] INFO  server.session (DefaultSessionIdManager.java:doStart(334)) - DefaultSessionIdManager workerName=node0
2022-07-14 05:35:22,143 [Listener at 127.0.0.1/36625] INFO  server.session (DefaultSessionIdManager.java:doStart(339)) - No SessionScavenger set, using defaults
2022-07-14 05:35:22,143 [Listener at 127.0.0.1/36625] INFO  server.session (HouseKeeper.java:startScavenging(132)) - node0 Scavenging every 600000ms
2022-07-14 05:35:22,144 [Listener at 127.0.0.1/36625] INFO  handler.ContextHandler (ContextHandler.java:doStart(915)) - Started o.e.j.s.ServletContextHandler@736e8b6b{logs,/logs,file:///home/runner/work/ozone/ozone/hadoop-ozone/integration-test/target/log,AVAILABLE}
2022-07-14 05:35:22,145 [Listener at 127.0.0.1/36625] INFO  handler.ContextHandler (ContextHandler.java:doStart(915)) - Started o.e.j.s.ServletContextHandler@75baa5dc{static,/static,file:///home/runner/work/ozone/ozone/hadoop-ozone/integration-test/target/test-classes/webapps/static,AVAILABLE}
2022-07-14 05:35:22,149 [Listener at 127.0.0.1/36625] INFO  handler.ContextHandler (ContextHandler.java:doStart(915)) - Started o.e.j.w.WebAppContext@4b12f6eb{ozoneManager,/,file:///home/runner/work/ozone/ozone/hadoop-ozone/integration-test/target/test-classes/webapps/ozoneManager/,AVAILABLE}{file:/home/runner/work/ozone/ozone/hadoop-ozone/integration-test/target/test-classes/webapps/ozoneManager}
2022-07-14 05:35:22,152 [Listener at 127.0.0.1/36625] INFO  server.AbstractConnector (AbstractConnector.java:doStart(331)) - Started ServerConnector@3f2e047f{HTTP/1.1, (http/1.1)}{0.0.0.0:38239}
2022-07-14 05:35:22,153 [Listener at 127.0.0.1/36625] INFO  server.Server (Server.java:doStart(415)) - Started @24149ms
2022-07-14 05:35:22,153 [Listener at 127.0.0.1/36625] WARN  impl.MetricsSystemImpl (MetricsSystemImpl.java:register(279)) - Sink prometheus already exists!
2022-07-14 05:35:22,154 [Listener at 127.0.0.1/36625] INFO  http.BaseHttpServer (BaseHttpServer.java:updateConnectorAddress(329)) - HTTP server of ozoneManager listening at http://0.0.0.0:38239
2022-07-14 05:35:22,155 [IPC Server Responder] INFO  ipc.Server (Server.java:run(1507)) - IPC Server Responder: starting
2022-07-14 05:35:22,155 [IPC Server listener on 36625] INFO  ipc.Server (Server.java:run(1344)) - IPC Server listener on 36625: starting
2022-07-14 05:35:22,158 [Listener at 127.0.0.1/36625] INFO  om.OzoneManager (OzoneManager.java:startTrashEmptier(1907)) - Trash Interval set to 0. Files deleted won't move to trash
2022-07-14 05:35:22,159 [Listener at 127.0.0.1/36625] INFO  ozone.MiniOzoneHAClusterImpl (MiniOzoneHAClusterImpl.java:createOMService(527)) - Started OzoneManager omNode-3 RPC server at localhost/127.0.0.1:36625
2022-07-14 05:35:22,175 [org.apache.hadoop.util.JvmPauseMonitor$Monitor@13f7e61c] INFO  util.JvmPauseMonitor (JvmPauseMonitor.java:run(188)) - Starting JVM pause monitor
2022-07-14 05:35:22,251 [omNode-2@group-6C22E66A003A-FollowerState] INFO  impl.FollowerState (FollowerState.java:run(143)) - omNode-2@group-6C22E66A003A-FollowerState: change to CANDIDATE, lastRpcElapsedTime:1184530810ns, electionTimeout:1174ms
2022-07-14 05:35:22,251 [omNode-2@group-6C22E66A003A-FollowerState] INFO  impl.RoleInfo (RoleInfo.java:shutdownFollowerState(110)) - omNode-2: shutdown omNode-2@group-6C22E66A003A-FollowerState
2022-07-14 05:35:22,252 [omNode-2@group-6C22E66A003A-FollowerState] INFO  server.RaftServer$Division (RaftServerImpl.java:setRole(299)) - omNode-2@group-6C22E66A003A: changes role from  FOLLOWER to CANDIDATE at term 0 for changeToCandidate
2022-07-14 05:35:22,252 [omNode-2@group-6C22E66A003A-FollowerState] INFO  server.RaftServerConfigKeys (ConfUtils.java:logGet(46)) - raft.server.leaderelection.pre-vote = false (custom)
2022-07-14 05:35:22,252 [omNode-2@group-6C22E66A003A-FollowerState] INFO  impl.RoleInfo (RoleInfo.java:updateAndGet(139)) - omNode-2: start omNode-2@group-6C22E66A003A-LeaderElection5
2022-07-14 05:35:22,269 [omNode-2@group-6C22E66A003A-LeaderElection5] INFO  impl.LeaderElection (LeaderElection.java:askForVotes(310)) - omNode-2@group-6C22E66A003A-LeaderElection5 ELECTION round 0: submit vote requests at term 1 for -1: [omNode-3|rpc:localhost:35085|priority:0, omNode-1|rpc:localhost:45855|priority:0, omNode-2|rpc:localhost:35821|priority:0], old=null
2022-07-14 05:35:22,320 [grpc-default-executor-1] INFO  server.RaftServer$Division (RaftServerImpl.java:requestVote(1152)) - omNode-3@group-6C22E66A003A: receive requestVote(ELECTION, omNode-2, group-6C22E66A003A, 1, (t:0, i:~))
2022-07-14 05:35:22,322 [grpc-default-executor-1] INFO  impl.VoteContext (VoteContext.java:log(48)) - omNode-3@group-6C22E66A003A-FOLLOWER: accept ELECTION from omNode-2: our priority 0 <= candidate's priority 0
2022-07-14 05:35:22,322 [grpc-default-executor-1] INFO  server.RaftServer$Division (RaftServerImpl.java:setRole(299)) - omNode-3@group-6C22E66A003A: changes role from  FOLLOWER to FOLLOWER at term 1 for candidate:omNode-2
2022-07-14 05:35:22,322 [grpc-default-executor-1] INFO  impl.RoleInfo (RoleInfo.java:shutdownFollowerState(110)) - omNode-3: shutdown omNode-3@group-6C22E66A003A-FollowerState
2022-07-14 05:35:22,322 [omNode-3@group-6C22E66A003A-FollowerState] INFO  impl.FollowerState (FollowerState.java:run(152)) - omNode-3@group-6C22E66A003A-FollowerState was interrupted
2022-07-14 05:35:22,323 [grpc-default-executor-1] INFO  impl.RoleInfo (RoleInfo.java:updateAndGet(139)) - omNode-3: start omNode-3@group-6C22E66A003A-FollowerState
2022-07-14 05:35:22,337 [grpc-default-executor-0] INFO  server.RaftServer$Division (RaftServerImpl.java:requestVote(1152)) - omNode-1@group-6C22E66A003A: receive requestVote(ELECTION, omNode-2, group-6C22E66A003A, 1, (t:0, i:~))
2022-07-14 05:35:22,341 [grpc-default-executor-1] INFO  server.RaftServer$Division (RaftServerImpl.java:requestVote(1184)) - omNode-3@group-6C22E66A003A replies to ELECTION vote request: omNode-2<-omNode-3#0:OK-t1. Peer's state: omNode-3@group-6C22E66A003A:t1, leader=null, voted=omNode-2, raftlog=omNode-3@group-6C22E66A003A-SegmentedRaftLog:OPENED:c-1, conf=-1: [omNode-3|rpc:localhost:35085|priority:0, omNode-1|rpc:localhost:45855|priority:0, omNode-2|rpc:localhost:35821|priority:0], old=null
2022-07-14 05:35:22,338 [grpc-default-executor-0] INFO  impl.VoteContext (VoteContext.java:log(48)) - omNode-1@group-6C22E66A003A-FOLLOWER: reject ELECTION from omNode-2: current term 2 > candidate's term 1
2022-07-14 05:35:22,363 [grpc-default-executor-0] INFO  server.RaftServer$Division (RaftServerImpl.java:requestVote(1184)) - omNode-1@group-6C22E66A003A replies to ELECTION vote request: omNode-2<-omNode-1#0:FAIL-t2. Peer's state: omNode-1@group-6C22E66A003A:t2, leader=null, voted=omNode-1, raftlog=omNode-1@group-6C22E66A003A-SegmentedRaftLog:OPENED:c-1, conf=-1: [omNode-3|rpc:localhost:35085|priority:0, omNode-1|rpc:localhost:45855|priority:0, omNode-2|rpc:localhost:35821|priority:0], old=null
2022-07-14 05:35:22,366 [omNode-2@group-6C22E66A003A-LeaderElection5] INFO  impl.LeaderElection (LeaderElection.java:logAndReturn(90)) - omNode-2@group-6C22E66A003A-LeaderElection5: ELECTION PASSED received 1 response(s) and 0 exception(s):
2022-07-14 05:35:22,366 [omNode-2@group-6C22E66A003A-LeaderElection5] INFO  impl.LeaderElection (LeaderElection.java:logAndReturn(94)) -   Response 0: omNode-2<-omNode-3#0:OK-t1
2022-07-14 05:35:22,366 [omNode-2@group-6C22E66A003A-LeaderElection5] INFO  impl.LeaderElection (LeaderElection.java:askForVotes(312)) - omNode-2@group-6C22E66A003A-LeaderElection5 ELECTION round 0: result PASSED
2022-07-14 05:35:22,366 [omNode-2@group-6C22E66A003A-LeaderElection5] INFO  impl.RoleInfo (RoleInfo.java:shutdownLeaderElection(130)) - omNode-2: shutdown omNode-2@group-6C22E66A003A-LeaderElection5
2022-07-14 05:35:22,366 [omNode-2@group-6C22E66A003A-LeaderElection5] INFO  server.RaftServer$Division (RaftServerImpl.java:setRole(299)) - omNode-2@group-6C22E66A003A: changes role from CANDIDATE to LEADER at term 1 for changeToLeader
2022-07-14 05:35:22,367 [omNode-2@group-6C22E66A003A-LeaderElection5] INFO  server.RaftServer$Division (ServerState.java:setLeader(287)) - omNode-2@group-6C22E66A003A: change Leader from null to omNode-2 at term 1 for becomeLeader, leader elected after 2269ms
2022-07-14 05:35:22,367 [omNode-2@group-6C22E66A003A-LeaderElection5] INFO  server.RaftServerConfigKeys (ConfUtils.java:logGet(46)) - raft.server.staging.catchup.gap = 1000 (default)
2022-07-14 05:35:22,367 [omNode-2@group-6C22E66A003A-LeaderElection5] INFO  server.RaftServerConfigKeys (ConfUtils.java:logGet(46)) - raft.server.write.element-limit = 4096 (default)
2022-07-14 05:35:22,367 [omNode-2@group-6C22E66A003A-LeaderElection5] INFO  server.RaftServerConfigKeys (ConfUtils.java:logGet(46)) - raft.server.write.byte-limit = 64MB (=67108864) (default)
2022-07-14 05:35:22,367 [omNode-2@group-6C22E66A003A-LeaderElection5] INFO  server.RaftServerConfigKeys (ConfUtils.java:logGet(46)) - raft.server.watch.timeout = 10s (default)
2022-07-14 05:35:22,368 [omNode-2@group-6C22E66A003A-LeaderElection5] INFO  server.RaftServerConfigKeys (ConfUtils.java:logGet(46)) - raft.server.watch.timeout.denomination = 1s (default)
2022-07-14 05:35:22,368 [omNode-2@group-6C22E66A003A-LeaderElection5] INFO  server.RaftServerConfigKeys (ConfUtils.java:logGet(46)) - raft.server.watch.element-limit = 65536 (default)
2022-07-14 05:35:22,368 [omNode-2@group-6C22E66A003A-LeaderElection5] INFO  server.RaftServerConfigKeys (ConfUtils.java:logGet(46)) - raft.server.write.element-limit = 4096 (default)
2022-07-14 05:35:22,368 [omNode-2@group-6C22E66A003A-LeaderElection5] INFO  server.RaftServerConfigKeys (ConfUtils.java:logGet(46)) - raft.server.write.follower.gap.ratio.max = -1.0 (default)
2022-07-14 05:35:22,369 [omNode-2@group-6C22E66A003A-LeaderElection5] INFO  server.RaftServerConfigKeys (ConfUtils.java:logGet(46)) - raft.server.log.appender.snapshot.chunk.size.max = 16MB (=16777216) (default)
2022-07-14 05:35:22,369 [omNode-2@group-6C22E66A003A-LeaderElection5] INFO  server.RaftServerConfigKeys (ConfUtils.java:logGet(46)) - raft.server.log.appender.buffer.byte-limit = 33554432 (custom)
2022-07-14 05:35:22,369 [omNode-2@group-6C22E66A003A-LeaderElection5] INFO  server.RaftServerConfigKeys (ConfUtils.java:logGet(46)) - raft.server.log.appender.buffer.element-limit = 1024 (custom)
2022-07-14 05:35:22,369 [omNode-2@group-6C22E66A003A-LeaderElection5] INFO  grpc.GrpcConfigKeys (ConfUtils.java:logGet(46)) - raft.grpc.server.leader.outstanding.appends.max = 128 (default)
2022-07-14 05:35:22,369 [omNode-2@group-6C22E66A003A-LeaderElection5] INFO  server.RaftServerConfigKeys (ConfUtils.java:logGet(46)) - raft.server.rpc.request.timeout = 3000ms (default)
2022-07-14 05:35:22,369 [omNode-2@group-6C22E66A003A-LeaderElection5] INFO  server.RaftServerConfigKeys (ConfUtils.java:logGet(46)) - raft.server.log.appender.install.snapshot.enabled = false (custom)
2022-07-14 05:35:22,371 [omNode-2@group-6C22E66A003A-LeaderElection5] INFO  server.RaftServerConfigKeys (ConfUtils.java:logGet(46)) - raft.server.log.appender.snapshot.chunk.size.max = 16MB (=16777216) (default)
2022-07-14 05:35:22,371 [omNode-2@group-6C22E66A003A-LeaderElection5] INFO  server.RaftServerConfigKeys (ConfUtils.java:logGet(46)) - raft.server.log.appender.buffer.byte-limit = 33554432 (custom)
2022-07-14 05:35:22,371 [omNode-2@group-6C22E66A003A-LeaderElection5] INFO  server.RaftServerConfigKeys (ConfUtils.java:logGet(46)) - raft.server.log.appender.buffer.element-limit = 1024 (custom)
2022-07-14 05:35:22,371 [omNode-2@group-6C22E66A003A-LeaderElection5] INFO  grpc.GrpcConfigKeys (ConfUtils.java:logGet(46)) - raft.grpc.server.leader.outstanding.appends.max = 128 (default)
2022-07-14 05:35:22,375 [omNode-2@group-6C22E66A003A-LeaderElection5] INFO  server.RaftServerConfigKeys (ConfUtils.java:logGet(46)) - raft.server.rpc.request.timeout = 3000ms (default)
2022-07-14 05:35:22,375 [omNode-2@group-6C22E66A003A-LeaderElection5] INFO  server.RaftServerConfigKeys (ConfUtils.java:logGet(46)) - raft.server.log.appender.install.snapshot.enabled = false (custom)
2022-07-14 05:35:22,375 [omNode-2@group-6C22E66A003A-LeaderElection5] INFO  impl.RoleInfo (RoleInfo.java:updateAndGet(139)) - omNode-2: start omNode-2@group-6C22E66A003A-LeaderStateImpl
2022-07-14 05:35:22,376 [omNode-2@group-6C22E66A003A-LeaderElection5] INFO  segmented.SegmentedRaftLogWorker (SegmentedRaftLogWorker.java:startLogSegment(425)) - omNode-2@group-6C22E66A003A-SegmentedRaftLogWorker: Starting segment from index:0
2022-07-14 05:35:22,389 [omNode-2@group-6C22E66A003A-SegmentedRaftLogWorker] INFO  segmented.SegmentedRaftLogWorker (SegmentedRaftLogWorker.java:execute(629)) - omNode-2@group-6C22E66A003A-SegmentedRaftLogWorker: created new log segment /home/runner/work/ozone/ozone/hadoop-ozone/integration-test/target/test-dir/MiniOzoneClusterImpl-252142cc-85ec-47ec-8abc-bbf74a919ed0/omNode-2/ratis/9c9825ce-8ba7-3ee6-a7c3-6c22e66a003a/current/log_inprogress_0
2022-07-14 05:35:22,421 [omNode-2@group-6C22E66A003A-LeaderElection5] INFO  server.RaftServer$Division (ServerState.java:setRaftConf(393)) - omNode-2@group-6C22E66A003A: set configuration 0: [omNode-3|rpc:localhost:35085|admin:|client:|dataStream:|priority:0, omNode-1|rpc:localhost:45855|admin:|client:|dataStream:|priority:0, omNode-2|rpc:localhost:35821|admin:|client:|dataStream:|priority:0], old=null
2022-07-14 05:35:22,424 [omNode-2@group-6C22E66A003A-StateMachineUpdater] INFO  ratis.OzoneManagerStateMachine (OzoneManagerStateMachine.java:notifyConfigurationChanged(192)) - Received Configuration change notification from Ratis. New Peer list:
[id: "omNode-3"
address: "localhost:35085"
, id: "omNode-1"
address: "localhost:45855"
, id: "omNode-2"
address: "localhost:35821"
]
2022-07-14 05:35:22,472 [omNode-2@group-6C22E66A003A-LeaderStateImpl] INFO  server.RaftServer$Division (ServerState.java:setLeader(287)) - omNode-2@group-6C22E66A003A: change Leader from omNode-2 to null at term 2 for updateCurrentTerm
2022-07-14 05:35:22,472 [omNode-2@group-6C22E66A003A-LeaderStateImpl] INFO  server.RaftServer$Division (RaftServerImpl.java:setRole(299)) - omNode-2@group-6C22E66A003A: changes role from    LEADER to FOLLOWER at term 2 for StepDownReason:HIGHER_TERM
2022-07-14 05:35:22,472 [omNode-2@group-6C22E66A003A-LeaderStateImpl] INFO  impl.RoleInfo (RoleInfo.java:shutdownLeaderState(93)) - omNode-2: shutdown omNode-2@group-6C22E66A003A-LeaderStateImpl
2022-07-14 05:35:22,474 [omNode-2@group-6C22E66A003A->omNode-3-GrpcLogAppender-LogAppenderDaemon] WARN  server.GrpcLogAppender (GrpcLogAppender.java:mayWait(171)) - omNode-2@group-6C22E66A003A->omNode-3-GrpcLogAppender: Wait interrupted by java.lang.InterruptedException
2022-07-14 05:35:22,474 [omNode-2@group-6C22E66A003A->omNode-1-GrpcLogAppender-LogAppenderDaemon] WARN  server.GrpcLogAppender (GrpcLogAppender.java:mayWait(171)) - omNode-2@group-6C22E66A003A->omNode-1-GrpcLogAppender: Wait interrupted by java.lang.InterruptedException
2022-07-14 05:35:22,476 [grpc-default-executor-2] INFO  server.GrpcServerProtocolService (GrpcServerProtocolService.java:onCompleted(140)) - omNode-1: Completed APPEND_ENTRIES, lastRequest: omNode-2->omNode-1#1-t1,previous=(t:0, i:0),leaderCommit=0,initializing? true,entries: size=1, first=(t:1, i:0), CONFIGURATIONENTRY
2022-07-14 05:35:22,480 [omNode-3-server-thread1] INFO  server.RaftServer$Division (ServerState.java:setLeader(287)) - omNode-3@group-6C22E66A003A: change Leader from null to omNode-2 at term 1 for appendEntries, leader elected after 966ms
2022-07-14 05:35:22,474 [omNode-2@group-6C22E66A003A-LeaderStateImpl] INFO  impl.PendingRequests (PendingRequests.java:sendNotLeaderResponses(282)) - omNode-2@group-6C22E66A003A-PendingRequests: sendNotLeaderResponses
2022-07-14 05:35:22,480 [omNode-2@group-6C22E66A003A-LeaderStateImpl] INFO  impl.RoleInfo (RoleInfo.java:updateAndGet(139)) - omNode-2: start omNode-2@group-6C22E66A003A-FollowerState
2022-07-14 05:35:22,482 [Listener at 127.0.0.1/36625] WARN  impl.MetricRegistriesImpl (MetricRegistriesImpl.java:addReporterRegistration(111)) - New reporters are added after registries were created. Some metrics will be missing from the reporter. Please add reporter before adding any new registry.
2022-07-14 05:35:22,482 [Listener at 127.0.0.1/36625] WARN  impl.MetricRegistriesImpl (MetricRegistriesImpl.java:addReporterRegistration(111)) - New reporters are added after registries were created. Some metrics will be missing from the reporter. Please add reporter before adding any new registry.
2022-07-14 05:35:22,483 [Listener at 127.0.0.1/36625] INFO  impl.MetricsSystemImpl (MetricsSystemImpl.java:init(158)) - HddsDatanode metrics system started (again)
2022-07-14 05:35:22,487 [grpc-default-executor-0] INFO  server.GrpcLogAppender (GrpcLogAppender.java:onCompleted(339)) - omNode-2@group-6C22E66A003A->omNode-1-AppendLogResponseHandler: follower responses appendEntries COMPLETED
2022-07-14 05:35:22,490 [grpc-default-executor-0] INFO  leader.FollowerInfo (FollowerInfoImpl.java:lambda$new$0(48)) - omNode-2@group-6C22E66A003A->omNode-1: nextIndex: updateUnconditionally 1 -> 0
2022-07-14 05:35:22,499 [omNode-3-server-thread1] INFO  server.RaftServer$Division (ServerState.java:setRaftConf(393)) - omNode-3@group-6C22E66A003A: set configuration 0: [omNode-3|rpc:localhost:35085|admin:|client:|dataStream:|priority:0, omNode-1|rpc:localhost:45855|admin:|client:|dataStream:|priority:0, omNode-2|rpc:localhost:35821|admin:|client:|dataStream:|priority:0], old=null
2022-07-14 05:35:22,500 [omNode-3-server-thread1] INFO  segmented.SegmentedRaftLogWorker (SegmentedRaftLogWorker.java:startLogSegment(425)) - omNode-3@group-6C22E66A003A-SegmentedRaftLogWorker: Starting segment from index:0
2022-07-14 05:35:22,500 [grpc-default-executor-1] INFO  server.GrpcServerProtocolService (GrpcServerProtocolService.java:onCompleted(140)) - omNode-3: Completed APPEND_ENTRIES, lastRequest: omNode-2->omNode-3#1-t1,previous=(t:0, i:0),leaderCommit=0,initializing? true,entries: size=1, first=(t:1, i:0), CONFIGURATIONENTRY
2022-07-14 05:35:22,507 [grpc-default-executor-0] INFO  server.GrpcLogAppender (GrpcLogAppender.java:onCompleted(339)) - omNode-2@group-6C22E66A003A->omNode-3-AppendLogResponseHandler: follower responses appendEntries COMPLETED
2022-07-14 05:35:22,507 [grpc-default-executor-0] INFO  leader.FollowerInfo (FollowerInfoImpl.java:lambda$new$0(48)) - omNode-2@group-6C22E66A003A->omNode-3: nextIndex: updateUnconditionally 1 -> 0
2022-07-14 05:35:22,515 [omNode-3@group-6C22E66A003A-SegmentedRaftLogWorker] INFO  segmented.SegmentedRaftLogWorker (SegmentedRaftLogWorker.java:execute(629)) - omNode-3@group-6C22E66A003A-SegmentedRaftLogWorker: created new log segment /home/runner/work/ozone/ozone/hadoop-ozone/integration-test/target/test-dir/MiniOzoneClusterImpl-252142cc-85ec-47ec-8abc-bbf74a919ed0/omNode-3/ratis/9c9825ce-8ba7-3ee6-a7c3-6c22e66a003a/current/log_inprogress_0
2022-07-14 05:35:22,523 [Listener at 127.0.0.1/36625] INFO  ozone.HddsDatanodeService (HddsDatanodeService.java:start(236)) - HddsDatanodeService host:fv-az444-907.dthhdds2jluu1c0oa55ndv1hsg.dx.internal.cloudapp.net ip:10.1.0.30
2022-07-14 05:35:22,524 [omNode-3@group-6C22E66A003A-StateMachineUpdater] INFO  ratis.OzoneManagerStateMachine (OzoneManagerStateMachine.java:notifyConfigurationChanged(192)) - Received Configuration change notification from Ratis. New Peer list:
[id: "omNode-3"
address: "localhost:35085"
, id: "omNode-1"
address: "localhost:45855"
, id: "omNode-2"
address: "localhost:35821"
]
2022-07-14 05:35:22,563 [Listener at 127.0.0.1/36625] INFO  upgrade.AbstractLayoutVersionManager (AbstractLayoutVersionManager.java:init(83)) - Initializing Layout version manager with metadata layout = DATANODE_SCHEMA_V3 (version = 4), software layout = DATANODE_SCHEMA_V3 (version = 4)
2022-07-14 05:35:22,617 [Listener at 127.0.0.1/36625] INFO  reflections.Reflections (Reflections.java:scan(232)) - Reflections took 53 ms to scan 7 urls, producing 132 keys and 318 values 
2022-07-14 05:35:22,621 [Listener at 127.0.0.1/36625] INFO  ha.SCMNodeInfo (SCMNodeInfo.java:getPort(197)) - ConfigKey ozone.scm.client.address is deprecated, For configuring different ports for each SCM use PortConfigKey ozone.scm.client.port appended with serviceId and nodeId
2022-07-14 05:35:22,622 [Listener at 127.0.0.1/36625] INFO  ha.SCMNodeInfo (SCMNodeInfo.java:getPort(197)) - ConfigKey ozone.scm.block.client.address is deprecated, For configuring different ports for each SCM use PortConfigKey ozone.scm.block.client.port appended with serviceId and nodeId
2022-07-14 05:35:22,622 [Listener at 127.0.0.1/36625] INFO  ha.SCMNodeInfo (SCMNodeInfo.java:getPort(197)) - ConfigKey ozone.scm.datanode.address is deprecated, For configuring different ports for each SCM use PortConfigKey ozone.scm.datanode.port appended with serviceId and nodeId
2022-07-14 05:35:22,622 [Listener at 127.0.0.1/36625] INFO  ha.SCMNodeInfo (SCMNodeInfo.java:getPort(197)) - ConfigKey ozone.scm.client.address is deprecated, For configuring different ports for each SCM use PortConfigKey ozone.scm.client.port appended with serviceId and nodeId
2022-07-14 05:35:22,622 [Listener at 127.0.0.1/36625] INFO  ha.SCMNodeInfo (SCMNodeInfo.java:getPort(197)) - ConfigKey ozone.scm.block.client.address is deprecated, For configuring different ports for each SCM use PortConfigKey ozone.scm.block.client.port appended with serviceId and nodeId
2022-07-14 05:35:22,622 [Listener at 127.0.0.1/36625] INFO  ha.SCMNodeInfo (SCMNodeInfo.java:getPort(197)) - ConfigKey ozone.scm.datanode.address is deprecated, For configuring different ports for each SCM use PortConfigKey ozone.scm.datanode.port appended with serviceId and nodeId
2022-07-14 05:35:22,622 [Listener at 127.0.0.1/36625] INFO  ha.SCMNodeInfo (SCMNodeInfo.java:getPort(197)) - ConfigKey ozone.scm.client.address is deprecated, For configuring different ports for each SCM use PortConfigKey ozone.scm.client.port appended with serviceId and nodeId
2022-07-14 05:35:22,622 [Listener at 127.0.0.1/36625] INFO  ha.SCMNodeInfo (SCMNodeInfo.java:getPort(197)) - ConfigKey ozone.scm.block.client.address is deprecated, For configuring different ports for each SCM use PortConfigKey ozone.scm.block.client.port appended with serviceId and nodeId
2022-07-14 05:35:22,622 [Listener at 127.0.0.1/36625] INFO  ha.SCMNodeInfo (SCMNodeInfo.java:getPort(197)) - ConfigKey ozone.scm.datanode.address is deprecated, For configuring different ports for each SCM use PortConfigKey ozone.scm.datanode.port appended with serviceId and nodeId
2022-07-14 05:35:22,622 [Listener at 127.0.0.1/36625] INFO  statemachine.DatanodeStateMachine (DatanodeStateMachine.java:getEndPointTaskThreadPoolSize(237)) - Datanode State Machine Task Thread Pool size 4
2022-07-14 05:35:22,691 [Listener at 127.0.0.1/36625] INFO  volume.HddsVolume (HddsVolume.java:<init>(116)) - Creating HddsVolume: /home/runner/work/ozone/ozone/hadoop-ozone/integration-test/target/test-dir/MiniOzoneClusterImpl-252142cc-85ec-47ec-8abc-bbf74a919ed0/datanode-0/data-0/containers/hdds of storage type : DISK capacity : 9223372036854775807
2022-07-14 05:35:22,694 [Listener at 127.0.0.1/36625] INFO  volume.MutableVolumeSet (MutableVolumeSet.java:initializeVolumeSet(174)) - Added Volume : /home/runner/work/ozone/ozone/hadoop-ozone/integration-test/target/test-dir/MiniOzoneClusterImpl-252142cc-85ec-47ec-8abc-bbf74a919ed0/datanode-0/data-0/containers/hdds to VolumeSet
2022-07-14 05:35:22,695 [Listener at 127.0.0.1/36625] INFO  volume.ThrottledAsyncChecker (ThrottledAsyncChecker.java:schedule(141)) - Scheduling a check for /home/runner/work/ozone/ozone/hadoop-ozone/integration-test/target/test-dir/MiniOzoneClusterImpl-252142cc-85ec-47ec-8abc-bbf74a919ed0/datanode-0/data-0/containers/hdds
2022-07-14 05:35:22,722 [Listener at 127.0.0.1/36625] INFO  volume.StorageVolumeChecker (StorageVolumeChecker.java:checkAllVolumes(202)) - Scheduled health check for volume /home/runner/work/ozone/ozone/hadoop-ozone/integration-test/target/test-dir/MiniOzoneClusterImpl-252142cc-85ec-47ec-8abc-bbf74a919ed0/datanode-0/data-0/containers/hdds
2022-07-14 05:35:22,743 [Listener at 127.0.0.1/36625] INFO  volume.MutableVolumeSet (MutableVolumeSet.java:initializeVolumeSet(174)) - Added Volume : /home/runner/work/ozone/ozone/hadoop-ozone/integration-test/target/test-dir/MiniOzoneClusterImpl-252142cc-85ec-47ec-8abc-bbf74a919ed0/datanode-0/data/ratis to VolumeSet
2022-07-14 05:35:22,743 [Listener at 127.0.0.1/36625] INFO  volume.ThrottledAsyncChecker (ThrottledAsyncChecker.java:schedule(141)) - Scheduling a check for /home/runner/work/ozone/ozone/hadoop-ozone/integration-test/target/test-dir/MiniOzoneClusterImpl-252142cc-85ec-47ec-8abc-bbf74a919ed0/datanode-0/data/ratis
2022-07-14 05:35:22,744 [Listener at 127.0.0.1/36625] INFO  volume.StorageVolumeChecker (StorageVolumeChecker.java:checkAllVolumes(202)) - Scheduled health check for volume /home/runner/work/ozone/ozone/hadoop-ozone/integration-test/target/test-dir/MiniOzoneClusterImpl-252142cc-85ec-47ec-8abc-bbf74a919ed0/datanode-0/data/ratis
2022-07-14 05:35:22,771 [Thread-698] INFO  ozoneimpl.ContainerReader (ContainerReader.java:readVolume(175)) - Finish verifying containers on volume /home/runner/work/ozone/ozone/hadoop-ozone/integration-test/target/test-dir/MiniOzoneClusterImpl-252142cc-85ec-47ec-8abc-bbf74a919ed0/datanode-0/data-0/containers/hdds
2022-07-14 05:35:22,771 [Listener at 127.0.0.1/36625] INFO  ozoneimpl.OzoneContainer (OzoneContainer.java:buildContainerSet(266)) - Build ContainerSet costs 0s
2022-07-14 05:35:22,835 [Listener at 127.0.0.1/36625] INFO  audit.AuditLogger (AuditLogger.java:refreshDebugCmdSet(120)) - Refresh DebugCmdSet for DNAudit to [].
2022-07-14 05:35:22,868 [Listener at 127.0.0.1/36625] INFO  server.RaftServer (ConfUtils.java:logGet(46)) - raft.rpc.type = GRPC (default)
2022-07-14 05:35:22,868 [Listener at 127.0.0.1/36625] INFO  grpc.GrpcFactory (GrpcFactory.java:checkPooledByteBufAllocatorUseCacheForAllThreads(48)) - PERFORMANCE WARNING: useCacheForAllThreads is true that may cause Netty to create a lot garbage objects and, as a result, trigger GC.
	It is recommended to disable useCacheForAllThreads by setting -Dorg.apache.ratis.thirdparty.io.netty.allocator.useCacheForAllThreads=false in command line.
2022-07-14 05:35:22,868 [Listener at 127.0.0.1/36625] INFO  grpc.GrpcConfigKeys (ConfUtils.java:logGet(46)) - raft.grpc.admin.port = 0 (custom)
2022-07-14 05:35:22,868 [Listener at 127.0.0.1/36625] INFO  grpc.GrpcConfigKeys (ConfUtils.java:logGet(46)) - raft.grpc.client.port = 0 (custom)
2022-07-14 05:35:22,869 [Listener at 127.0.0.1/36625] INFO  grpc.GrpcConfigKeys (ConfUtils.java:logGet(46)) - raft.grpc.server.port = 0 (default)
2022-07-14 05:35:22,869 [Listener at 127.0.0.1/36625] INFO  server.GrpcService (ConfUtils.java:logGet(46)) - raft.grpc.message.size.max = 32MB (=33554432) (custom)
2022-07-14 05:35:22,869 [Listener at 127.0.0.1/36625] INFO  server.RaftServerConfigKeys (ConfUtils.java:logGet(46)) - raft.server.log.appender.buffer.byte-limit = 33554432 (custom)
2022-07-14 05:35:22,869 [Listener at 127.0.0.1/36625] INFO  server.GrpcService (ConfUtils.java:logGet(46)) - raft.grpc.flow.control.window = 5MB (=5242880) (custom)
2022-07-14 05:35:22,869 [Listener at 127.0.0.1/36625] INFO  server.RaftServerConfigKeys (ConfUtils.java:logGet(46)) - raft.server.rpc.request.timeout = 60s (custom)
2022-07-14 05:35:22,869 [Listener at 127.0.0.1/36625] INFO  grpc.GrpcConfigKeys (ConfUtils.java:logGet(46)) - raft.grpc.server.async.request.thread.pool.cached = true (default)
2022-07-14 05:35:22,869 [Listener at 127.0.0.1/36625] INFO  grpc.GrpcConfigKeys (ConfUtils.java:logGet(46)) - raft.grpc.server.async.request.thread.pool.size = 32 (default)
2022-07-14 05:35:22,871 [Listener at 127.0.0.1/36625] INFO  impl.DataStreamServerImpl (ConfUtils.java:logGet(46)) - raft.datastream.type = DISABLED (default)
2022-07-14 05:35:22,871 [Listener at 127.0.0.1/36625] INFO  server.RaftServerConfigKeys (ConfUtils.java:logGet(46)) - raft.server.threadpool.proxy.cached = true (default)
2022-07-14 05:35:22,871 [Listener at 127.0.0.1/36625] INFO  server.RaftServerConfigKeys (ConfUtils.java:logGet(46)) - raft.server.threadpool.proxy.size = 0 (default)
2022-07-14 05:35:22,872 [Listener at 127.0.0.1/36625] INFO  server.RaftServerConfigKeys (ConfUtils.java:logGet(46)) - raft.server.rpc.slowness.timeout = 300s (custom)
2022-07-14 05:35:22,872 [Listener at 127.0.0.1/36625] INFO  server.RaftServerConfigKeys (ConfUtils.java:logGet(46)) - raft.server.leaderelection.leader.step-down.wait-time = 10s (default)
2022-07-14 05:35:22,872 [Listener at 127.0.0.1/36625] INFO  server.RaftServerConfigKeys (ConfUtils.java:logGet(46)) - raft.server.storage.dir = [/home/runner/work/ozone/ozone/hadoop-ozone/integration-test/target/test-dir/MiniOzoneClusterImpl-252142cc-85ec-47ec-8abc-bbf74a919ed0/datanode-0/data/ratis] (custom)
2022-07-14 05:35:22,893 [Listener at 127.0.0.1/36625] INFO  server.XceiverServerGrpc (XceiverServerGrpc.java:<init>(132)) - GrpcServer channel type EpollServerSocketChannel
2022-07-14 05:35:22,977 [Listener at 127.0.0.1/36625] INFO  http.BaseHttpServer (BaseHttpServer.java:newHttpServer2BuilderForOzone(209)) - Starting Web-server for hddsDatanode at: http://0.0.0.0:0
2022-07-14 05:35:22,977 [Listener at 127.0.0.1/36625] INFO  http.BaseHttpServer (BaseHttpServer.java:<init>(107)) - Hadoop Security Enabled: false Ozone Security Enabled: false Ozone HTTP Security Enabled: false 
2022-07-14 05:35:22,979 [Listener at 127.0.0.1/36625] INFO  server.AuthenticationFilter (AuthenticationFilter.java:constructSecretProvider(240)) - Unable to initialize FileSignerSecretProvider, falling back to use random secrets.
2022-07-14 05:35:22,979 [Listener at 127.0.0.1/36625] WARN  http.HttpRequestLog (HttpRequestLog.java:getRequestLog(103)) - Jetty request log can only be enabled using Log4j
2022-07-14 05:35:22,981 [Listener at 127.0.0.1/36625] INFO  http.HttpServer2 (HttpServer2.java:addGlobalFilter(1029)) - Added global filter 'safety' (class=org.apache.hadoop.hdds.server.http.HttpServer2$QuotingInputFilter)
2022-07-14 05:35:22,987 [Listener at 127.0.0.1/36625] INFO  http.HttpServer2 (HttpServer2.java:addFilter(1005)) - Added filter static_user_filter (class=org.apache.hadoop.http.lib.StaticUserWebFilter$StaticUserFilter) to context hddsDatanode
2022-07-14 05:35:22,987 [Listener at 127.0.0.1/36625] INFO  http.HttpServer2 (HttpServer2.java:addFilter(1013)) - Added filter static_user_filter (class=org.apache.hadoop.http.lib.StaticUserWebFilter$StaticUserFilter) to context static
2022-07-14 05:35:22,987 [Listener at 127.0.0.1/36625] INFO  http.HttpServer2 (HttpServer2.java:addFilter(1013)) - Added filter static_user_filter (class=org.apache.hadoop.http.lib.StaticUserWebFilter$StaticUserFilter) to context logs
2022-07-14 05:35:22,988 [Listener at 127.0.0.1/36625] INFO  http.HttpServer2 (HttpServer2.java:bindListener(1248)) - Jetty bound to port 35687
2022-07-14 05:35:22,988 [Listener at 127.0.0.1/36625] INFO  server.Server (Server.java:doStart(375)) - jetty-9.4.43.v20210629; built: 2021-06-30T11:07:22.254Z; git: 526006ecfa3af7f1a27ef3a288e2bef7ea9dd7e8; jvm 1.8.0_332-b09
2022-07-14 05:35:22,991 [Listener at 127.0.0.1/36625] INFO  server.session (DefaultSessionIdManager.java:doStart(334)) - DefaultSessionIdManager workerName=node0
2022-07-14 05:35:22,992 [Listener at 127.0.0.1/36625] INFO  server.session (DefaultSessionIdManager.java:doStart(339)) - No SessionScavenger set, using defaults
2022-07-14 05:35:22,992 [Listener at 127.0.0.1/36625] INFO  server.session (HouseKeeper.java:startScavenging(132)) - node0 Scavenging every 660000ms
2022-07-14 05:35:22,993 [Listener at 127.0.0.1/36625] INFO  handler.ContextHandler (ContextHandler.java:doStart(915)) - Started o.e.j.s.ServletContextHandler@1e0cd29{logs,/logs,file:///home/runner/work/ozone/ozone/hadoop-ozone/integration-test/target/log,AVAILABLE}
2022-07-14 05:35:22,993 [Listener at 127.0.0.1/36625] INFO  handler.ContextHandler (ContextHandler.java:doStart(915)) - Started o.e.j.s.ServletContextHandler@5d9b044b{static,/static,jar:file:/home/runner/.m2/repository/org/apache/ozone/hdds-container-service/1.3.0-SNAPSHOT/hdds-container-service-1.3.0-SNAPSHOT.jar!/webapps/static,AVAILABLE}
2022-07-14 05:35:23,099 [omNode-1@group-6C22E66A003A-FollowerState] INFO  impl.FollowerState (FollowerState.java:run(143)) - omNode-1@group-6C22E66A003A-FollowerState: change to CANDIDATE, lastRpcElapsedTime:1137668838ns, electionTimeout:1134ms
2022-07-14 05:35:23,099 [omNode-1@group-6C22E66A003A-FollowerState] INFO  impl.RoleInfo (RoleInfo.java:shutdownFollowerState(110)) - omNode-1: shutdown omNode-1@group-6C22E66A003A-FollowerState
2022-07-14 05:35:23,099 [omNode-1@group-6C22E66A003A-FollowerState] INFO  server.RaftServer$Division (RaftServerImpl.java:setRole(299)) - omNode-1@group-6C22E66A003A: changes role from  FOLLOWER to CANDIDATE at term 2 for changeToCandidate
2022-07-14 05:35:23,099 [omNode-1@group-6C22E66A003A-FollowerState] INFO  server.RaftServerConfigKeys (ConfUtils.java:logGet(46)) - raft.server.leaderelection.pre-vote = false (custom)
2022-07-14 05:35:23,099 [omNode-1@group-6C22E66A003A-FollowerState] INFO  impl.RoleInfo (RoleInfo.java:updateAndGet(139)) - omNode-1: start omNode-1@group-6C22E66A003A-LeaderElection6
2022-07-14 05:35:23,109 [omNode-1@group-6C22E66A003A-LeaderElection6] INFO  impl.LeaderElection (LeaderElection.java:askForVotes(310)) - omNode-1@group-6C22E66A003A-LeaderElection6 ELECTION round 0: submit vote requests at term 3 for -1: [omNode-3|rpc:localhost:35085|priority:0, omNode-1|rpc:localhost:45855|priority:0, omNode-2|rpc:localhost:35821|priority:0], old=null
2022-07-14 05:35:23,112 [omNode-1@group-6C22E66A003A-LeaderElection6] INFO  impl.LeaderElection (LogUtils.java:infoOrTrace(137)) - omNode-1@group-6C22E66A003A-LeaderElection6 got exception when requesting votes: java.util.concurrent.ExecutionException: org.apache.ratis.thirdparty.io.grpc.StatusRuntimeException: UNAVAILABLE: io exception
2022-07-14 05:35:23,119 [grpc-default-executor-1] INFO  server.RaftServer$Division (RaftServerImpl.java:requestVote(1152)) - omNode-2@group-6C22E66A003A: receive requestVote(ELECTION, omNode-1, group-6C22E66A003A, 3, (t:0, i:~))
2022-07-14 05:35:23,119 [grpc-default-executor-1] INFO  impl.VoteContext (VoteContext.java:log(48)) - omNode-2@group-6C22E66A003A-FOLLOWER: reject ELECTION from omNode-1: our last entry (t:1, i:0) > candidate's last entry (t:0, i:~)
2022-07-14 05:35:23,119 [grpc-default-executor-1] INFO  server.RaftServer$Division (RaftServerImpl.java:setRole(299)) - omNode-2@group-6C22E66A003A: changes role from  FOLLOWER to FOLLOWER at term 3 for candidate:omNode-1
2022-07-14 05:35:23,119 [grpc-default-executor-1] INFO  impl.RoleInfo (RoleInfo.java:shutdownFollowerState(110)) - omNode-2: shutdown omNode-2@group-6C22E66A003A-FollowerState
2022-07-14 05:35:23,119 [grpc-default-executor-1] INFO  impl.RoleInfo (RoleInfo.java:updateAndGet(139)) - omNode-2: start omNode-2@group-6C22E66A003A-FollowerState
2022-07-14 05:35:23,120 [omNode-2@group-6C22E66A003A-FollowerState] INFO  impl.FollowerState (FollowerState.java:run(152)) - omNode-2@group-6C22E66A003A-FollowerState was interrupted
2022-07-14 05:35:23,122 [grpc-default-executor-1] INFO  server.RaftServer$Division (RaftServerImpl.java:requestVote(1184)) - omNode-2@group-6C22E66A003A replies to ELECTION vote request: omNode-1<-omNode-2#0:FAIL-t3. Peer's state: omNode-2@group-6C22E66A003A:t3, leader=null, voted=null, raftlog=omNode-2@group-6C22E66A003A-SegmentedRaftLog:OPENED:c0, conf=0: [omNode-3|rpc:localhost:35085|admin:|client:|dataStream:|priority:0, omNode-1|rpc:localhost:45855|admin:|client:|dataStream:|priority:0, omNode-2|rpc:localhost:35821|admin:|client:|dataStream:|priority:0], old=null
2022-07-14 05:35:23,125 [omNode-1@group-6C22E66A003A-LeaderElection6] INFO  impl.LeaderElection (LeaderElection.java:logAndReturn(90)) - omNode-1@group-6C22E66A003A-LeaderElection6: ELECTION REJECTED received 1 response(s) and 1 exception(s):
2022-07-14 05:35:23,125 [omNode-1@group-6C22E66A003A-LeaderElection6] INFO  impl.LeaderElection (LeaderElection.java:logAndReturn(94)) -   Response 0: omNode-1<-omNode-2#0:FAIL-t3
2022-07-14 05:35:23,125 [omNode-1@group-6C22E66A003A-LeaderElection6] INFO  impl.LeaderElection (LogUtils.java:infoOrTrace(137)) -   Exception 1: java.util.concurrent.ExecutionException: org.apache.ratis.thirdparty.io.grpc.StatusRuntimeException: UNAVAILABLE: io exception
2022-07-14 05:35:23,126 [omNode-1@group-6C22E66A003A-LeaderElection6] INFO  impl.LeaderElection (LeaderElection.java:askForVotes(312)) - omNode-1@group-6C22E66A003A-LeaderElection6 ELECTION round 0: result REJECTED
2022-07-14 05:35:23,126 [omNode-1@group-6C22E66A003A-LeaderElection6] INFO  server.RaftServer$Division (RaftServerImpl.java:setRole(299)) - omNode-1@group-6C22E66A003A: changes role from CANDIDATE to FOLLOWER at term 3 for REJECTED
2022-07-14 05:35:23,126 [omNode-1@group-6C22E66A003A-LeaderElection6] INFO  impl.RoleInfo (RoleInfo.java:shutdownLeaderElection(130)) - omNode-1: shutdown omNode-1@group-6C22E66A003A-LeaderElection6
2022-07-14 05:35:23,126 [omNode-1@group-6C22E66A003A-LeaderElection6] INFO  impl.RoleInfo (RoleInfo.java:updateAndGet(139)) - omNode-1: start omNode-1@group-6C22E66A003A-FollowerState
2022-07-14 05:35:23,253 [Listener at 127.0.0.1/36625] INFO  handler.ContextHandler (ContextHandler.java:doStart(915)) - Started o.e.j.w.WebAppContext@e9025c4{hddsDatanode,/,file:///tmp/jetty-0_0_0_0-35687-hdds-container-service-1_3_0-SNAPSHOT_jar-_-any-8559132641451561313/webapp/,AVAILABLE}{jar:file:/home/runner/.m2/repository/org/apache/ozone/hdds-container-service/1.3.0-SNAPSHOT/hdds-container-service-1.3.0-SNAPSHOT.jar!/webapps/hddsDatanode}
2022-07-14 05:35:23,256 [Listener at 127.0.0.1/36625] INFO  server.AbstractConnector (AbstractConnector.java:doStart(331)) - Started ServerConnector@7ea22a74{HTTP/1.1, (http/1.1)}{0.0.0.0:35687}
2022-07-14 05:35:23,258 [Listener at 127.0.0.1/36625] INFO  server.Server (Server.java:doStart(415)) - Started @25255ms
2022-07-14 05:35:23,259 [Listener at 127.0.0.1/36625] WARN  impl.MetricsSystemImpl (MetricsSystemImpl.java:register(279)) - Sink prometheus already exists!
2022-07-14 05:35:23,259 [Listener at 127.0.0.1/36625] INFO  http.BaseHttpServer (BaseHttpServer.java:updateConnectorAddress(329)) - HTTP server of hddsDatanode listening at http://0.0.0.0:35687
2022-07-14 05:35:23,260 [Datanode State Machine Daemon Thread] INFO  statemachine.DatanodeStateMachine (DatanodeStateMachine.java:lambda$startDaemon$0(492)) - Ozone container server started.
2022-07-14 05:35:23,282 [org.apache.hadoop.util.JvmPauseMonitor$Monitor@4f83063a] INFO  util.JvmPauseMonitor (JvmPauseMonitor.java:run(188)) - Starting JVM pause monitor
2022-07-14 05:35:23,284 [Listener at 127.0.0.1/36625] WARN  impl.MetricRegistriesImpl (MetricRegistriesImpl.java:addReporterRegistration(111)) - New reporters are added after registries were created. Some metrics will be missing from the reporter. Please add reporter before adding any new registry.
2022-07-14 05:35:23,284 [Listener at 127.0.0.1/36625] WARN  impl.MetricRegistriesImpl (MetricRegistriesImpl.java:addReporterRegistration(111)) - New reporters are added after registries were created. Some metrics will be missing from the reporter. Please add reporter before adding any new registry.
2022-07-14 05:35:23,284 [Listener at 127.0.0.1/36625] INFO  impl.MetricsSystemImpl (MetricsSystemImpl.java:init(158)) - HddsDatanode metrics system started (again)
2022-07-14 05:35:23,287 [Datanode State Machine Task Thread - 0] INFO  ha.SCMNodeInfo (SCMNodeInfo.java:getPort(197)) - ConfigKey ozone.scm.client.address is deprecated, For configuring different ports for each SCM use PortConfigKey ozone.scm.client.port appended with serviceId and nodeId
2022-07-14 05:35:23,288 [Datanode State Machine Task Thread - 0] INFO  ha.SCMNodeInfo (SCMNodeInfo.java:getPort(197)) - ConfigKey ozone.scm.block.client.address is deprecated, For configuring different ports for each SCM use PortConfigKey ozone.scm.block.client.port appended with serviceId and nodeId
2022-07-14 05:35:23,289 [Datanode State Machine Task Thread - 0] INFO  ha.SCMNodeInfo (SCMNodeInfo.java:getPort(197)) - ConfigKey ozone.scm.datanode.address is deprecated, For configuring different ports for each SCM use PortConfigKey ozone.scm.datanode.port appended with serviceId and nodeId
2022-07-14 05:35:23,289 [Datanode State Machine Task Thread - 0] INFO  ha.SCMNodeInfo (SCMNodeInfo.java:getPort(197)) - ConfigKey ozone.scm.client.address is deprecated, For configuring different ports for each SCM use PortConfigKey ozone.scm.client.port appended with serviceId and nodeId
2022-07-14 05:35:23,289 [Datanode State Machine Task Thread - 0] INFO  ha.SCMNodeInfo (SCMNodeInfo.java:getPort(197)) - ConfigKey ozone.scm.block.client.address is deprecated, For configuring different ports for each SCM use PortConfigKey ozone.scm.block.client.port appended with serviceId and nodeId
2022-07-14 05:35:23,289 [Datanode State Machine Task Thread - 0] INFO  ha.SCMNodeInfo (SCMNodeInfo.java:getPort(197)) - ConfigKey ozone.scm.datanode.address is deprecated, For configuring different ports for each SCM use PortConfigKey ozone.scm.datanode.port appended with serviceId and nodeId
2022-07-14 05:35:23,289 [Datanode State Machine Task Thread - 0] INFO  ha.SCMNodeInfo (SCMNodeInfo.java:getPort(197)) - ConfigKey ozone.scm.client.address is deprecated, For configuring different ports for each SCM use PortConfigKey ozone.scm.client.port appended with serviceId and nodeId
2022-07-14 05:35:23,289 [Datanode State Machine Task Thread - 0] INFO  ha.SCMNodeInfo (SCMNodeInfo.java:getPort(197)) - ConfigKey ozone.scm.block.client.address is deprecated, For configuring different ports for each SCM use PortConfigKey ozone.scm.block.client.port appended with serviceId and nodeId
2022-07-14 05:35:23,289 [Datanode State Machine Task Thread - 0] INFO  ha.SCMNodeInfo (SCMNodeInfo.java:getPort(197)) - ConfigKey ozone.scm.datanode.address is deprecated, For configuring different ports for each SCM use PortConfigKey ozone.scm.datanode.port appended with serviceId and nodeId
2022-07-14 05:35:23,311 [Listener at 127.0.0.1/36625] INFO  ozone.HddsDatanodeService (HddsDatanodeService.java:start(236)) - HddsDatanodeService host:fv-az444-907.dthhdds2jluu1c0oa55ndv1hsg.dx.internal.cloudapp.net ip:10.1.0.30
2022-07-14 05:35:23,357 [Listener at 127.0.0.1/36625] INFO  upgrade.AbstractLayoutVersionManager (AbstractLayoutVersionManager.java:init(83)) - Initializing Layout version manager with metadata layout = DATANODE_SCHEMA_V3 (version = 4), software layout = DATANODE_SCHEMA_V3 (version = 4)
2022-07-14 05:35:23,447 [Listener at 127.0.0.1/36625] INFO  reflections.Reflections (Reflections.java:scan(232)) - Reflections took 89 ms to scan 7 urls, producing 132 keys and 318 values 
2022-07-14 05:35:23,461 [Datanode State Machine Task Thread - 0] INFO  datanode.InitDatanodeState (InitDatanodeState.java:persistContainerDatanodeDetails(138)) - DatanodeDetails is persisted to /home/runner/work/ozone/ozone/hadoop-ozone/integration-test/target/test-dir/MiniOzoneClusterImpl-252142cc-85ec-47ec-8abc-bbf74a919ed0/datanode-0/meta/datanode.id
2022-07-14 05:35:23,461 [Listener at 127.0.0.1/36625] INFO  ha.SCMNodeInfo (SCMNodeInfo.java:getPort(197)) - ConfigKey ozone.scm.client.address is deprecated, For configuring different ports for each SCM use PortConfigKey ozone.scm.client.port appended with serviceId and nodeId
2022-07-14 05:35:23,461 [Listener at 127.0.0.1/36625] INFO  ha.SCMNodeInfo (SCMNodeInfo.java:getPort(197)) - ConfigKey ozone.scm.block.client.address is deprecated, For configuring different ports for each SCM use PortConfigKey ozone.scm.block.client.port appended with serviceId and nodeId
2022-07-14 05:35:23,462 [Listener at 127.0.0.1/36625] INFO  ha.SCMNodeInfo (SCMNodeInfo.java:getPort(197)) - ConfigKey ozone.scm.datanode.address is deprecated, For configuring different ports for each SCM use PortConfigKey ozone.scm.datanode.port appended with serviceId and nodeId
2022-07-14 05:35:23,462 [Listener at 127.0.0.1/36625] INFO  ha.SCMNodeInfo (SCMNodeInfo.java:getPort(197)) - ConfigKey ozone.scm.client.address is deprecated, For configuring different ports for each SCM use PortConfigKey ozone.scm.client.port appended with serviceId and nodeId
2022-07-14 05:35:23,462 [Listener at 127.0.0.1/36625] INFO  ha.SCMNodeInfo (SCMNodeInfo.java:getPort(197)) - ConfigKey ozone.scm.block.client.address is deprecated, For configuring different ports for each SCM use PortConfigKey ozone.scm.block.client.port appended with serviceId and nodeId
2022-07-14 05:35:23,462 [Listener at 127.0.0.1/36625] INFO  ha.SCMNodeInfo (SCMNodeInfo.java:getPort(197)) - ConfigKey ozone.scm.datanode.address is deprecated, For configuring different ports for each SCM use PortConfigKey ozone.scm.datanode.port appended with serviceId and nodeId
2022-07-14 05:35:23,462 [Listener at 127.0.0.1/36625] INFO  ha.SCMNodeInfo (SCMNodeInfo.java:getPort(197)) - ConfigKey ozone.scm.client.address is deprecated, For configuring different ports for each SCM use PortConfigKey ozone.scm.client.port appended with serviceId and nodeId
2022-07-14 05:35:23,462 [Listener at 127.0.0.1/36625] INFO  ha.SCMNodeInfo (SCMNodeInfo.java:getPort(197)) - ConfigKey ozone.scm.block.client.address is deprecated, For configuring different ports for each SCM use PortConfigKey ozone.scm.block.client.port appended with serviceId and nodeId
2022-07-14 05:35:23,462 [Listener at 127.0.0.1/36625] INFO  ha.SCMNodeInfo (SCMNodeInfo.java:getPort(197)) - ConfigKey ozone.scm.datanode.address is deprecated, For configuring different ports for each SCM use PortConfigKey ozone.scm.datanode.port appended with serviceId and nodeId
2022-07-14 05:35:23,462 [Listener at 127.0.0.1/36625] INFO  statemachine.DatanodeStateMachine (DatanodeStateMachine.java:getEndPointTaskThreadPoolSize(237)) - Datanode State Machine Task Thread Pool size 4
2022-07-14 05:35:23,466 [Listener at 127.0.0.1/36625] INFO  volume.HddsVolume (HddsVolume.java:<init>(116)) - Creating HddsVolume: /home/runner/work/ozone/ozone/hadoop-ozone/integration-test/target/test-dir/MiniOzoneClusterImpl-252142cc-85ec-47ec-8abc-bbf74a919ed0/datanode-1/data-0/containers/hdds of storage type : DISK capacity : 9223372036854775807
2022-07-14 05:35:23,466 [Listener at 127.0.0.1/36625] INFO  volume.MutableVolumeSet (MutableVolumeSet.java:initializeVolumeSet(174)) - Added Volume : /home/runner/work/ozone/ozone/hadoop-ozone/integration-test/target/test-dir/MiniOzoneClusterImpl-252142cc-85ec-47ec-8abc-bbf74a919ed0/datanode-1/data-0/containers/hdds to VolumeSet
2022-07-14 05:35:23,466 [Listener at 127.0.0.1/36625] INFO  volume.ThrottledAsyncChecker (ThrottledAsyncChecker.java:schedule(141)) - Scheduling a check for /home/runner/work/ozone/ozone/hadoop-ozone/integration-test/target/test-dir/MiniOzoneClusterImpl-252142cc-85ec-47ec-8abc-bbf74a919ed0/datanode-1/data-0/containers/hdds
2022-07-14 05:35:23,469 [Listener at 127.0.0.1/36625] INFO  volume.StorageVolumeChecker (StorageVolumeChecker.java:checkAllVolumes(202)) - Scheduled health check for volume /home/runner/work/ozone/ozone/hadoop-ozone/integration-test/target/test-dir/MiniOzoneClusterImpl-252142cc-85ec-47ec-8abc-bbf74a919ed0/datanode-1/data-0/containers/hdds
2022-07-14 05:35:23,483 [Listener at 127.0.0.1/36625] INFO  volume.MutableVolumeSet (MutableVolumeSet.java:initializeVolumeSet(174)) - Added Volume : /home/runner/work/ozone/ozone/hadoop-ozone/integration-test/target/test-dir/MiniOzoneClusterImpl-252142cc-85ec-47ec-8abc-bbf74a919ed0/datanode-1/data/ratis to VolumeSet
2022-07-14 05:35:23,483 [Listener at 127.0.0.1/36625] INFO  volume.ThrottledAsyncChecker (ThrottledAsyncChecker.java:schedule(141)) - Scheduling a check for /home/runner/work/ozone/ozone/hadoop-ozone/integration-test/target/test-dir/MiniOzoneClusterImpl-252142cc-85ec-47ec-8abc-bbf74a919ed0/datanode-1/data/ratis
2022-07-14 05:35:23,483 [Listener at 127.0.0.1/36625] INFO  volume.StorageVolumeChecker (StorageVolumeChecker.java:checkAllVolumes(202)) - Scheduled health check for volume /home/runner/work/ozone/ozone/hadoop-ozone/integration-test/target/test-dir/MiniOzoneClusterImpl-252142cc-85ec-47ec-8abc-bbf74a919ed0/datanode-1/data/ratis
2022-07-14 05:35:23,496 [Thread-716] INFO  ozoneimpl.ContainerReader (ContainerReader.java:readVolume(175)) - Finish verifying containers on volume /home/runner/work/ozone/ozone/hadoop-ozone/integration-test/target/test-dir/MiniOzoneClusterImpl-252142cc-85ec-47ec-8abc-bbf74a919ed0/datanode-1/data-0/containers/hdds
2022-07-14 05:35:23,498 [Listener at 127.0.0.1/36625] INFO  ozoneimpl.OzoneContainer (OzoneContainer.java:buildContainerSet(266)) - Build ContainerSet costs 0s
2022-07-14 05:35:23,501 [Listener at 127.0.0.1/36625] INFO  server.RaftServer (ConfUtils.java:logGet(46)) - raft.rpc.type = GRPC (default)
2022-07-14 05:35:23,501 [Listener at 127.0.0.1/36625] INFO  grpc.GrpcFactory (GrpcFactory.java:checkPooledByteBufAllocatorUseCacheForAllThreads(48)) - PERFORMANCE WARNING: useCacheForAllThreads is true that may cause Netty to create a lot garbage objects and, as a result, trigger GC.
	It is recommended to disable useCacheForAllThreads by setting -Dorg.apache.ratis.thirdparty.io.netty.allocator.useCacheForAllThreads=false in command line.
2022-07-14 05:35:23,502 [Listener at 127.0.0.1/36625] INFO  grpc.GrpcConfigKeys (ConfUtils.java:logGet(46)) - raft.grpc.admin.port = 0 (custom)
2022-07-14 05:35:23,504 [Listener at 127.0.0.1/36625] INFO  grpc.GrpcConfigKeys (ConfUtils.java:logGet(46)) - raft.grpc.client.port = 0 (custom)
2022-07-14 05:35:23,505 [Listener at 127.0.0.1/36625] INFO  grpc.GrpcConfigKeys (ConfUtils.java:logGet(46)) - raft.grpc.server.port = 0 (default)
2022-07-14 05:35:23,505 [Listener at 127.0.0.1/36625] INFO  server.GrpcService (ConfUtils.java:logGet(46)) - raft.grpc.message.size.max = 32MB (=33554432) (custom)
2022-07-14 05:35:23,511 [Listener at 127.0.0.1/36625] INFO  server.RaftServerConfigKeys (ConfUtils.java:logGet(46)) - raft.server.log.appender.buffer.byte-limit = 33554432 (custom)
2022-07-14 05:35:23,511 [Listener at 127.0.0.1/36625] INFO  server.GrpcService (ConfUtils.java:logGet(46)) - raft.grpc.flow.control.window = 5MB (=5242880) (custom)
2022-07-14 05:35:23,511 [Listener at 127.0.0.1/36625] INFO  server.RaftServerConfigKeys (ConfUtils.java:logGet(46)) - raft.server.rpc.request.timeout = 60s (custom)
2022-07-14 05:35:23,512 [Listener at 127.0.0.1/36625] INFO  grpc.GrpcConfigKeys (ConfUtils.java:logGet(46)) - raft.grpc.server.async.request.thread.pool.cached = true (default)
2022-07-14 05:35:23,512 [Listener at 127.0.0.1/36625] INFO  grpc.GrpcConfigKeys (ConfUtils.java:logGet(46)) - raft.grpc.server.async.request.thread.pool.size = 32 (default)
2022-07-14 05:35:23,513 [Listener at 127.0.0.1/36625] INFO  impl.DataStreamServerImpl (ConfUtils.java:logGet(46)) - raft.datastream.type = DISABLED (default)
2022-07-14 05:35:23,513 [Listener at 127.0.0.1/36625] INFO  server.RaftServerConfigKeys (ConfUtils.java:logGet(46)) - raft.server.threadpool.proxy.cached = true (default)
2022-07-14 05:35:23,513 [Listener at 127.0.0.1/36625] INFO  server.RaftServerConfigKeys (ConfUtils.java:logGet(46)) - raft.server.threadpool.proxy.size = 0 (default)
2022-07-14 05:35:23,514 [Listener at 127.0.0.1/36625] INFO  server.RaftServerConfigKeys (ConfUtils.java:logGet(46)) - raft.server.rpc.slowness.timeout = 300s (custom)
2022-07-14 05:35:23,514 [Listener at 127.0.0.1/36625] INFO  server.RaftServerConfigKeys (ConfUtils.java:logGet(46)) - raft.server.leaderelection.leader.step-down.wait-time = 10s (default)
2022-07-14 05:35:23,514 [Listener at 127.0.0.1/36625] INFO  server.RaftServerConfigKeys (ConfUtils.java:logGet(46)) - raft.server.storage.dir = [/home/runner/work/ozone/ozone/hadoop-ozone/integration-test/target/test-dir/MiniOzoneClusterImpl-252142cc-85ec-47ec-8abc-bbf74a919ed0/datanode-1/data/ratis] (custom)
2022-07-14 05:35:23,518 [Listener at 127.0.0.1/36625] INFO  server.XceiverServerGrpc (XceiverServerGrpc.java:<init>(132)) - GrpcServer channel type EpollServerSocketChannel
2022-07-14 05:35:23,531 [Listener at 127.0.0.1/36625] INFO  http.BaseHttpServer (BaseHttpServer.java:newHttpServer2BuilderForOzone(209)) - Starting Web-server for hddsDatanode at: http://0.0.0.0:0
2022-07-14 05:35:23,531 [Listener at 127.0.0.1/36625] INFO  http.BaseHttpServer (BaseHttpServer.java:<init>(107)) - Hadoop Security Enabled: false Ozone Security Enabled: false Ozone HTTP Security Enabled: false 
2022-07-14 05:35:23,532 [Listener at 127.0.0.1/36625] INFO  server.AuthenticationFilter (AuthenticationFilter.java:constructSecretProvider(240)) - Unable to initialize FileSignerSecretProvider, falling back to use random secrets.
2022-07-14 05:35:23,533 [Listener at 127.0.0.1/36625] WARN  http.HttpRequestLog (HttpRequestLog.java:getRequestLog(103)) - Jetty request log can only be enabled using Log4j
2022-07-14 05:35:23,535 [Listener at 127.0.0.1/36625] INFO  http.HttpServer2 (HttpServer2.java:addGlobalFilter(1029)) - Added global filter 'safety' (class=org.apache.hadoop.hdds.server.http.HttpServer2$QuotingInputFilter)
2022-07-14 05:35:23,535 [Listener at 127.0.0.1/36625] INFO  http.HttpServer2 (HttpServer2.java:addFilter(1005)) - Added filter static_user_filter (class=org.apache.hadoop.http.lib.StaticUserWebFilter$StaticUserFilter) to context hddsDatanode
2022-07-14 05:35:23,536 [Listener at 127.0.0.1/36625] INFO  http.HttpServer2 (HttpServer2.java:addFilter(1013)) - Added filter static_user_filter (class=org.apache.hadoop.http.lib.StaticUserWebFilter$StaticUserFilter) to context static
2022-07-14 05:35:23,537 [Listener at 127.0.0.1/36625] INFO  http.HttpServer2 (HttpServer2.java:addFilter(1013)) - Added filter static_user_filter (class=org.apache.hadoop.http.lib.StaticUserWebFilter$StaticUserFilter) to context logs
2022-07-14 05:35:23,538 [Listener at 127.0.0.1/36625] INFO  http.HttpServer2 (HttpServer2.java:bindListener(1248)) - Jetty bound to port 37995
2022-07-14 05:35:23,538 [Listener at 127.0.0.1/36625] INFO  server.Server (Server.java:doStart(375)) - jetty-9.4.43.v20210629; built: 2021-06-30T11:07:22.254Z; git: 526006ecfa3af7f1a27ef3a288e2bef7ea9dd7e8; jvm 1.8.0_332-b09
2022-07-14 05:35:23,540 [Listener at 127.0.0.1/36625] INFO  server.session (DefaultSessionIdManager.java:doStart(334)) - DefaultSessionIdManager workerName=node0
2022-07-14 05:35:23,540 [Listener at 127.0.0.1/36625] INFO  server.session (DefaultSessionIdManager.java:doStart(339)) - No SessionScavenger set, using defaults
2022-07-14 05:35:23,540 [Listener at 127.0.0.1/36625] INFO  server.session (HouseKeeper.java:startScavenging(132)) - node0 Scavenging every 660000ms
2022-07-14 05:35:23,541 [Listener at 127.0.0.1/36625] INFO  handler.ContextHandler (ContextHandler.java:doStart(915)) - Started o.e.j.s.ServletContextHandler@1f2882ef{logs,/logs,file:///home/runner/work/ozone/ozone/hadoop-ozone/integration-test/target/log,AVAILABLE}
2022-07-14 05:35:23,541 [Listener at 127.0.0.1/36625] INFO  handler.ContextHandler (ContextHandler.java:doStart(915)) - Started o.e.j.s.ServletContextHandler@47c1d452{static,/static,jar:file:/home/runner/.m2/repository/org/apache/ozone/hdds-container-service/1.3.0-SNAPSHOT/hdds-container-service-1.3.0-SNAPSHOT.jar!/webapps/static,AVAILABLE}
2022-07-14 05:35:23,755 [Listener at 127.0.0.1/36625] INFO  handler.ContextHandler (ContextHandler.java:doStart(915)) - Started o.e.j.w.WebAppContext@739afbb{hddsDatanode,/,file:///tmp/jetty-0_0_0_0-37995-hdds-container-service-1_3_0-SNAPSHOT_jar-_-any-2273324100803080769/webapp/,AVAILABLE}{jar:file:/home/runner/.m2/repository/org/apache/ozone/hdds-container-service/1.3.0-SNAPSHOT/hdds-container-service-1.3.0-SNAPSHOT.jar!/webapps/hddsDatanode}
2022-07-14 05:35:23,759 [Listener at 127.0.0.1/36625] INFO  server.AbstractConnector (AbstractConnector.java:doStart(331)) - Started ServerConnector@57963e85{HTTP/1.1, (http/1.1)}{0.0.0.0:37995}
2022-07-14 05:35:23,759 [Listener at 127.0.0.1/36625] INFO  server.Server (Server.java:doStart(415)) - Started @25756ms
2022-07-14 05:35:23,759 [Listener at 127.0.0.1/36625] WARN  impl.MetricsSystemImpl (MetricsSystemImpl.java:register(279)) - Sink prometheus already exists!
2022-07-14 05:35:23,760 [Listener at 127.0.0.1/36625] INFO  http.BaseHttpServer (BaseHttpServer.java:updateConnectorAddress(329)) - HTTP server of hddsDatanode listening at http://0.0.0.0:37995
2022-07-14 05:35:23,763 [Listener at 127.0.0.1/36625] WARN  impl.MetricRegistriesImpl (MetricRegistriesImpl.java:addReporterRegistration(111)) - New reporters are added after registries were created. Some metrics will be missing from the reporter. Please add reporter before adding any new registry.
2022-07-14 05:35:23,763 [Listener at 127.0.0.1/36625] WARN  impl.MetricRegistriesImpl (MetricRegistriesImpl.java:addReporterRegistration(111)) - New reporters are added after registries were created. Some metrics will be missing from the reporter. Please add reporter before adding any new registry.
2022-07-14 05:35:23,763 [Listener at 127.0.0.1/36625] INFO  impl.MetricsSystemImpl (MetricsSystemImpl.java:init(158)) - HddsDatanode metrics system started (again)
2022-07-14 05:35:23,768 [Datanode State Machine Daemon Thread] INFO  statemachine.DatanodeStateMachine (DatanodeStateMachine.java:lambda$startDaemon$0(492)) - Ozone container server started.
2022-07-14 05:35:23,782 [Listener at 127.0.0.1/36625] INFO  ozone.HddsDatanodeService (HddsDatanodeService.java:start(236)) - HddsDatanodeService host:fv-az444-907.dthhdds2jluu1c0oa55ndv1hsg.dx.internal.cloudapp.net ip:10.1.0.30
2022-07-14 05:35:23,802 [org.apache.hadoop.util.JvmPauseMonitor$Monitor@10c37b3] INFO  util.JvmPauseMonitor (JvmPauseMonitor.java:run(188)) - Starting JVM pause monitor
2022-07-14 05:35:23,802 [Datanode State Machine Task Thread - 0] INFO  ha.SCMNodeInfo (SCMNodeInfo.java:getPort(197)) - ConfigKey ozone.scm.client.address is deprecated, For configuring different ports for each SCM use PortConfigKey ozone.scm.client.port appended with serviceId and nodeId
2022-07-14 05:35:23,803 [Datanode State Machine Task Thread - 0] INFO  ha.SCMNodeInfo (SCMNodeInfo.java:getPort(197)) - ConfigKey ozone.scm.block.client.address is deprecated, For configuring different ports for each SCM use PortConfigKey ozone.scm.block.client.port appended with serviceId and nodeId
2022-07-14 05:35:23,803 [Datanode State Machine Task Thread - 0] INFO  ha.SCMNodeInfo (SCMNodeInfo.java:getPort(197)) - ConfigKey ozone.scm.datanode.address is deprecated, For configuring different ports for each SCM use PortConfigKey ozone.scm.datanode.port appended with serviceId and nodeId
2022-07-14 05:35:23,803 [Datanode State Machine Task Thread - 0] INFO  ha.SCMNodeInfo (SCMNodeInfo.java:getPort(197)) - ConfigKey ozone.scm.client.address is deprecated, For configuring different ports for each SCM use PortConfigKey ozone.scm.client.port appended with serviceId and nodeId
2022-07-14 05:35:23,803 [Datanode State Machine Task Thread - 0] INFO  ha.SCMNodeInfo (SCMNodeInfo.java:getPort(197)) - ConfigKey ozone.scm.block.client.address is deprecated, For configuring different ports for each SCM use PortConfigKey ozone.scm.block.client.port appended with serviceId and nodeId
2022-07-14 05:35:23,803 [Datanode State Machine Task Thread - 0] INFO  ha.SCMNodeInfo (SCMNodeInfo.java:getPort(197)) - ConfigKey ozone.scm.datanode.address is deprecated, For configuring different ports for each SCM use PortConfigKey ozone.scm.datanode.port appended with serviceId and nodeId
2022-07-14 05:35:23,803 [Datanode State Machine Task Thread - 0] INFO  ha.SCMNodeInfo (SCMNodeInfo.java:getPort(197)) - ConfigKey ozone.scm.client.address is deprecated, For configuring different ports for each SCM use PortConfigKey ozone.scm.client.port appended with serviceId and nodeId
2022-07-14 05:35:23,803 [Datanode State Machine Task Thread - 0] INFO  ha.SCMNodeInfo (SCMNodeInfo.java:getPort(197)) - ConfigKey ozone.scm.block.client.address is deprecated, For configuring different ports for each SCM use PortConfigKey ozone.scm.block.client.port appended with serviceId and nodeId
2022-07-14 05:35:23,803 [Datanode State Machine Task Thread - 0] INFO  ha.SCMNodeInfo (SCMNodeInfo.java:getPort(197)) - ConfigKey ozone.scm.datanode.address is deprecated, For configuring different ports for each SCM use PortConfigKey ozone.scm.datanode.port appended with serviceId and nodeId
2022-07-14 05:35:23,819 [Datanode State Machine Task Thread - 0] INFO  datanode.InitDatanodeState (InitDatanodeState.java:persistContainerDatanodeDetails(138)) - DatanodeDetails is persisted to /home/runner/work/ozone/ozone/hadoop-ozone/integration-test/target/test-dir/MiniOzoneClusterImpl-252142cc-85ec-47ec-8abc-bbf74a919ed0/datanode-1/meta/datanode.id
2022-07-14 05:35:23,824 [Listener at 127.0.0.1/36625] INFO  upgrade.AbstractLayoutVersionManager (AbstractLayoutVersionManager.java:init(83)) - Initializing Layout version manager with metadata layout = DATANODE_SCHEMA_V3 (version = 4), software layout = DATANODE_SCHEMA_V3 (version = 4)
2022-07-14 05:35:23,876 [Listener at 127.0.0.1/36625] INFO  reflections.Reflections (Reflections.java:scan(232)) - Reflections took 50 ms to scan 7 urls, producing 132 keys and 318 values 
2022-07-14 05:35:23,877 [Listener at 127.0.0.1/36625] INFO  ha.SCMNodeInfo (SCMNodeInfo.java:getPort(197)) - ConfigKey ozone.scm.client.address is deprecated, For configuring different ports for each SCM use PortConfigKey ozone.scm.client.port appended with serviceId and nodeId
2022-07-14 05:35:23,878 [Listener at 127.0.0.1/36625] INFO  ha.SCMNodeInfo (SCMNodeInfo.java:getPort(197)) - ConfigKey ozone.scm.block.client.address is deprecated, For configuring different ports for each SCM use PortConfigKey ozone.scm.block.client.port appended with serviceId and nodeId
2022-07-14 05:35:23,878 [Listener at 127.0.0.1/36625] INFO  ha.SCMNodeInfo (SCMNodeInfo.java:getPort(197)) - ConfigKey ozone.scm.datanode.address is deprecated, For configuring different ports for each SCM use PortConfigKey ozone.scm.datanode.port appended with serviceId and nodeId
2022-07-14 05:35:23,878 [Listener at 127.0.0.1/36625] INFO  ha.SCMNodeInfo (SCMNodeInfo.java:getPort(197)) - ConfigKey ozone.scm.client.address is deprecated, For configuring different ports for each SCM use PortConfigKey ozone.scm.client.port appended with serviceId and nodeId
2022-07-14 05:35:23,878 [Listener at 127.0.0.1/36625] INFO  ha.SCMNodeInfo (SCMNodeInfo.java:getPort(197)) - ConfigKey ozone.scm.block.client.address is deprecated, For configuring different ports for each SCM use PortConfigKey ozone.scm.block.client.port appended with serviceId and nodeId
2022-07-14 05:35:23,878 [Listener at 127.0.0.1/36625] INFO  ha.SCMNodeInfo (SCMNodeInfo.java:getPort(197)) - ConfigKey ozone.scm.datanode.address is deprecated, For configuring different ports for each SCM use PortConfigKey ozone.scm.datanode.port appended with serviceId and nodeId
2022-07-14 05:35:23,878 [Listener at 127.0.0.1/36625] INFO  ha.SCMNodeInfo (SCMNodeInfo.java:getPort(197)) - ConfigKey ozone.scm.client.address is deprecated, For configuring different ports for each SCM use PortConfigKey ozone.scm.client.port appended with serviceId and nodeId
2022-07-14 05:35:23,878 [Listener at 127.0.0.1/36625] INFO  ha.SCMNodeInfo (SCMNodeInfo.java:getPort(197)) - ConfigKey ozone.scm.block.client.address is deprecated, For configuring different ports for each SCM use PortConfigKey ozone.scm.block.client.port appended with serviceId and nodeId
2022-07-14 05:35:23,878 [Listener at 127.0.0.1/36625] INFO  ha.SCMNodeInfo (SCMNodeInfo.java:getPort(197)) - ConfigKey ozone.scm.datanode.address is deprecated, For configuring different ports for each SCM use PortConfigKey ozone.scm.datanode.port appended with serviceId and nodeId
2022-07-14 05:35:23,878 [Listener at 127.0.0.1/36625] INFO  statemachine.DatanodeStateMachine (DatanodeStateMachine.java:getEndPointTaskThreadPoolSize(237)) - Datanode State Machine Task Thread Pool size 4
2022-07-14 05:35:23,888 [Listener at 127.0.0.1/36625] INFO  volume.HddsVolume (HddsVolume.java:<init>(116)) - Creating HddsVolume: /home/runner/work/ozone/ozone/hadoop-ozone/integration-test/target/test-dir/MiniOzoneClusterImpl-252142cc-85ec-47ec-8abc-bbf74a919ed0/datanode-2/data-0/containers/hdds of storage type : DISK capacity : 9223372036854775807
2022-07-14 05:35:23,889 [Listener at 127.0.0.1/36625] INFO  volume.MutableVolumeSet (MutableVolumeSet.java:initializeVolumeSet(174)) - Added Volume : /home/runner/work/ozone/ozone/hadoop-ozone/integration-test/target/test-dir/MiniOzoneClusterImpl-252142cc-85ec-47ec-8abc-bbf74a919ed0/datanode-2/data-0/containers/hdds to VolumeSet
2022-07-14 05:35:23,889 [Listener at 127.0.0.1/36625] INFO  volume.ThrottledAsyncChecker (ThrottledAsyncChecker.java:schedule(141)) - Scheduling a check for /home/runner/work/ozone/ozone/hadoop-ozone/integration-test/target/test-dir/MiniOzoneClusterImpl-252142cc-85ec-47ec-8abc-bbf74a919ed0/datanode-2/data-0/containers/hdds
2022-07-14 05:35:23,890 [Listener at 127.0.0.1/36625] INFO  volume.StorageVolumeChecker (StorageVolumeChecker.java:checkAllVolumes(202)) - Scheduled health check for volume /home/runner/work/ozone/ozone/hadoop-ozone/integration-test/target/test-dir/MiniOzoneClusterImpl-252142cc-85ec-47ec-8abc-bbf74a919ed0/datanode-2/data-0/containers/hdds
2022-07-14 05:35:23,903 [Listener at 127.0.0.1/36625] INFO  volume.MutableVolumeSet (MutableVolumeSet.java:initializeVolumeSet(174)) - Added Volume : /home/runner/work/ozone/ozone/hadoop-ozone/integration-test/target/test-dir/MiniOzoneClusterImpl-252142cc-85ec-47ec-8abc-bbf74a919ed0/datanode-2/data/ratis to VolumeSet
2022-07-14 05:35:23,903 [Listener at 127.0.0.1/36625] INFO  volume.ThrottledAsyncChecker (ThrottledAsyncChecker.java:schedule(141)) - Scheduling a check for /home/runner/work/ozone/ozone/hadoop-ozone/integration-test/target/test-dir/MiniOzoneClusterImpl-252142cc-85ec-47ec-8abc-bbf74a919ed0/datanode-2/data/ratis
2022-07-14 05:35:23,903 [Listener at 127.0.0.1/36625] INFO  volume.StorageVolumeChecker (StorageVolumeChecker.java:checkAllVolumes(202)) - Scheduled health check for volume /home/runner/work/ozone/ozone/hadoop-ozone/integration-test/target/test-dir/MiniOzoneClusterImpl-252142cc-85ec-47ec-8abc-bbf74a919ed0/datanode-2/data/ratis
2022-07-14 05:35:23,916 [Thread-729] INFO  ozoneimpl.ContainerReader (ContainerReader.java:readVolume(175)) - Finish verifying containers on volume /home/runner/work/ozone/ozone/hadoop-ozone/integration-test/target/test-dir/MiniOzoneClusterImpl-252142cc-85ec-47ec-8abc-bbf74a919ed0/datanode-2/data-0/containers/hdds
2022-07-14 05:35:23,916 [Listener at 127.0.0.1/36625] INFO  ozoneimpl.OzoneContainer (OzoneContainer.java:buildContainerSet(266)) - Build ContainerSet costs 0s
2022-07-14 05:35:23,919 [Listener at 127.0.0.1/36625] INFO  server.RaftServer (ConfUtils.java:logGet(46)) - raft.rpc.type = GRPC (default)
2022-07-14 05:35:23,919 [Listener at 127.0.0.1/36625] INFO  grpc.GrpcFactory (GrpcFactory.java:checkPooledByteBufAllocatorUseCacheForAllThreads(48)) - PERFORMANCE WARNING: useCacheForAllThreads is true that may cause Netty to create a lot garbage objects and, as a result, trigger GC.
	It is recommended to disable useCacheForAllThreads by setting -Dorg.apache.ratis.thirdparty.io.netty.allocator.useCacheForAllThreads=false in command line.
2022-07-14 05:35:23,919 [Listener at 127.0.0.1/36625] INFO  grpc.GrpcConfigKeys (ConfUtils.java:logGet(46)) - raft.grpc.admin.port = 0 (custom)
2022-07-14 05:35:23,919 [Listener at 127.0.0.1/36625] INFO  grpc.GrpcConfigKeys (ConfUtils.java:logGet(46)) - raft.grpc.client.port = 0 (custom)
2022-07-14 05:35:23,920 [Listener at 127.0.0.1/36625] INFO  grpc.GrpcConfigKeys (ConfUtils.java:logGet(46)) - raft.grpc.server.port = 0 (default)
2022-07-14 05:35:23,920 [Listener at 127.0.0.1/36625] INFO  server.GrpcService (ConfUtils.java:logGet(46)) - raft.grpc.message.size.max = 32MB (=33554432) (custom)
2022-07-14 05:35:23,920 [Listener at 127.0.0.1/36625] INFO  server.RaftServerConfigKeys (ConfUtils.java:logGet(46)) - raft.server.log.appender.buffer.byte-limit = 33554432 (custom)
2022-07-14 05:35:23,920 [Listener at 127.0.0.1/36625] INFO  server.GrpcService (ConfUtils.java:logGet(46)) - raft.grpc.flow.control.window = 5MB (=5242880) (custom)
2022-07-14 05:35:23,920 [Listener at 127.0.0.1/36625] INFO  server.RaftServerConfigKeys (ConfUtils.java:logGet(46)) - raft.server.rpc.request.timeout = 60s (custom)
2022-07-14 05:35:23,920 [Listener at 127.0.0.1/36625] INFO  grpc.GrpcConfigKeys (ConfUtils.java:logGet(46)) - raft.grpc.server.async.request.thread.pool.cached = true (default)
2022-07-14 05:35:23,920 [Listener at 127.0.0.1/36625] INFO  grpc.GrpcConfigKeys (ConfUtils.java:logGet(46)) - raft.grpc.server.async.request.thread.pool.size = 32 (default)
2022-07-14 05:35:23,922 [Listener at 127.0.0.1/36625] INFO  impl.DataStreamServerImpl (ConfUtils.java:logGet(46)) - raft.datastream.type = DISABLED (default)
2022-07-14 05:35:23,923 [Listener at 127.0.0.1/36625] INFO  server.RaftServerConfigKeys (ConfUtils.java:logGet(46)) - raft.server.threadpool.proxy.cached = true (default)
2022-07-14 05:35:23,923 [Listener at 127.0.0.1/36625] INFO  server.RaftServerConfigKeys (ConfUtils.java:logGet(46)) - raft.server.threadpool.proxy.size = 0 (default)
2022-07-14 05:35:23,923 [Listener at 127.0.0.1/36625] INFO  server.RaftServerConfigKeys (ConfUtils.java:logGet(46)) - raft.server.rpc.slowness.timeout = 300s (custom)
2022-07-14 05:35:23,923 [Listener at 127.0.0.1/36625] INFO  server.RaftServerConfigKeys (ConfUtils.java:logGet(46)) - raft.server.leaderelection.leader.step-down.wait-time = 10s (default)
2022-07-14 05:35:23,923 [Listener at 127.0.0.1/36625] INFO  server.RaftServerConfigKeys (ConfUtils.java:logGet(46)) - raft.server.storage.dir = [/home/runner/work/ozone/ozone/hadoop-ozone/integration-test/target/test-dir/MiniOzoneClusterImpl-252142cc-85ec-47ec-8abc-bbf74a919ed0/datanode-2/data/ratis] (custom)
2022-07-14 05:35:23,926 [Listener at 127.0.0.1/36625] INFO  server.XceiverServerGrpc (XceiverServerGrpc.java:<init>(132)) - GrpcServer channel type EpollServerSocketChannel
2022-07-14 05:35:23,934 [Listener at 127.0.0.1/36625] INFO  http.BaseHttpServer (BaseHttpServer.java:newHttpServer2BuilderForOzone(209)) - Starting Web-server for hddsDatanode at: http://0.0.0.0:0
2022-07-14 05:35:23,934 [Listener at 127.0.0.1/36625] INFO  http.BaseHttpServer (BaseHttpServer.java:<init>(107)) - Hadoop Security Enabled: false Ozone Security Enabled: false Ozone HTTP Security Enabled: false 
2022-07-14 05:35:23,935 [Listener at 127.0.0.1/36625] INFO  server.AuthenticationFilter (AuthenticationFilter.java:constructSecretProvider(240)) - Unable to initialize FileSignerSecretProvider, falling back to use random secrets.
2022-07-14 05:35:23,937 [Listener at 127.0.0.1/36625] WARN  http.HttpRequestLog (HttpRequestLog.java:getRequestLog(103)) - Jetty request log can only be enabled using Log4j
2022-07-14 05:35:23,939 [Listener at 127.0.0.1/36625] INFO  http.HttpServer2 (HttpServer2.java:addGlobalFilter(1029)) - Added global filter 'safety' (class=org.apache.hadoop.hdds.server.http.HttpServer2$QuotingInputFilter)
2022-07-14 05:35:23,940 [Listener at 127.0.0.1/36625] INFO  http.HttpServer2 (HttpServer2.java:addFilter(1005)) - Added filter static_user_filter (class=org.apache.hadoop.http.lib.StaticUserWebFilter$StaticUserFilter) to context hddsDatanode
2022-07-14 05:35:23,940 [Listener at 127.0.0.1/36625] INFO  http.HttpServer2 (HttpServer2.java:addFilter(1013)) - Added filter static_user_filter (class=org.apache.hadoop.http.lib.StaticUserWebFilter$StaticUserFilter) to context static
2022-07-14 05:35:23,940 [Listener at 127.0.0.1/36625] INFO  http.HttpServer2 (HttpServer2.java:addFilter(1013)) - Added filter static_user_filter (class=org.apache.hadoop.http.lib.StaticUserWebFilter$StaticUserFilter) to context logs
2022-07-14 05:35:23,945 [Listener at 127.0.0.1/36625] INFO  http.HttpServer2 (HttpServer2.java:bindListener(1248)) - Jetty bound to port 34625
2022-07-14 05:35:23,945 [Listener at 127.0.0.1/36625] INFO  server.Server (Server.java:doStart(375)) - jetty-9.4.43.v20210629; built: 2021-06-30T11:07:22.254Z; git: 526006ecfa3af7f1a27ef3a288e2bef7ea9dd7e8; jvm 1.8.0_332-b09
2022-07-14 05:35:23,946 [Listener at 127.0.0.1/36625] INFO  server.session (DefaultSessionIdManager.java:doStart(334)) - DefaultSessionIdManager workerName=node0
2022-07-14 05:35:23,946 [Listener at 127.0.0.1/36625] INFO  server.session (DefaultSessionIdManager.java:doStart(339)) - No SessionScavenger set, using defaults
2022-07-14 05:35:23,947 [Listener at 127.0.0.1/36625] INFO  server.session (HouseKeeper.java:startScavenging(132)) - node0 Scavenging every 600000ms
2022-07-14 05:35:23,948 [Listener at 127.0.0.1/36625] INFO  handler.ContextHandler (ContextHandler.java:doStart(915)) - Started o.e.j.s.ServletContextHandler@36c507bf{logs,/logs,file:///home/runner/work/ozone/ozone/hadoop-ozone/integration-test/target/log,AVAILABLE}
2022-07-14 05:35:23,948 [Listener at 127.0.0.1/36625] INFO  handler.ContextHandler (ContextHandler.java:doStart(915)) - Started o.e.j.s.ServletContextHandler@41292db9{static,/static,jar:file:/home/runner/.m2/repository/org/apache/ozone/hdds-container-service/1.3.0-SNAPSHOT/hdds-container-service-1.3.0-SNAPSHOT.jar!/webapps/static,AVAILABLE}
2022-07-14 05:35:24,157 [Listener at 127.0.0.1/36625] INFO  handler.ContextHandler (ContextHandler.java:doStart(915)) - Started o.e.j.w.WebAppContext@419567e1{hddsDatanode,/,file:///tmp/jetty-0_0_0_0-34625-hdds-container-service-1_3_0-SNAPSHOT_jar-_-any-5666571945048031354/webapp/,AVAILABLE}{jar:file:/home/runner/.m2/repository/org/apache/ozone/hdds-container-service/1.3.0-SNAPSHOT/hdds-container-service-1.3.0-SNAPSHOT.jar!/webapps/hddsDatanode}
2022-07-14 05:35:24,162 [Listener at 127.0.0.1/36625] INFO  server.AbstractConnector (AbstractConnector.java:doStart(331)) - Started ServerConnector@6e870df7{HTTP/1.1, (http/1.1)}{0.0.0.0:34625}
2022-07-14 05:35:24,162 [Listener at 127.0.0.1/36625] INFO  server.Server (Server.java:doStart(415)) - Started @26159ms
2022-07-14 05:35:24,162 [Listener at 127.0.0.1/36625] WARN  impl.MetricsSystemImpl (MetricsSystemImpl.java:register(279)) - Sink prometheus already exists!
2022-07-14 05:35:24,164 [Listener at 127.0.0.1/36625] INFO  http.BaseHttpServer (BaseHttpServer.java:updateConnectorAddress(329)) - HTTP server of hddsDatanode listening at http://0.0.0.0:34625
2022-07-14 05:35:24,166 [Listener at 127.0.0.1/36625] INFO  ozone.MiniOzoneClusterImpl (MiniOzoneClusterImpl.java:lambda$waitForClusterToBeReady$0(216)) - Waiting for nodes to be ready. Got 0 of 3 DN Heartbeats.
2022-07-14 05:35:24,166 [Listener at 127.0.0.1/36625] INFO  ozone.MiniOzoneClusterImpl (MiniOzoneClusterImpl.java:lambda$waitForClusterToBeReady$0(219)) - Waiting for cluster to exit safe mode
2022-07-14 05:35:24,166 [Listener at 127.0.0.1/36625] INFO  ozone.MiniOzoneClusterImpl (MiniOzoneClusterImpl.java:lambda$waitForClusterToBeReady$0(221)) - SCM became leader
2022-07-14 05:35:24,166 [Datanode State Machine Daemon Thread] INFO  statemachine.DatanodeStateMachine (DatanodeStateMachine.java:lambda$startDaemon$0(492)) - Ozone container server started.
2022-07-14 05:35:24,179 [org.apache.hadoop.util.JvmPauseMonitor$Monitor@1fe21984] INFO  util.JvmPauseMonitor (JvmPauseMonitor.java:run(188)) - Starting JVM pause monitor
2022-07-14 05:35:24,179 [Datanode State Machine Task Thread - 0] INFO  ha.SCMNodeInfo (SCMNodeInfo.java:getPort(197)) - ConfigKey ozone.scm.client.address is deprecated, For configuring different ports for each SCM use PortConfigKey ozone.scm.client.port appended with serviceId and nodeId
2022-07-14 05:35:24,180 [Datanode State Machine Task Thread - 0] INFO  ha.SCMNodeInfo (SCMNodeInfo.java:getPort(197)) - ConfigKey ozone.scm.block.client.address is deprecated, For configuring different ports for each SCM use PortConfigKey ozone.scm.block.client.port appended with serviceId and nodeId
2022-07-14 05:35:24,180 [Datanode State Machine Task Thread - 0] INFO  ha.SCMNodeInfo (SCMNodeInfo.java:getPort(197)) - ConfigKey ozone.scm.datanode.address is deprecated, For configuring different ports for each SCM use PortConfigKey ozone.scm.datanode.port appended with serviceId and nodeId
2022-07-14 05:35:24,180 [Datanode State Machine Task Thread - 0] INFO  ha.SCMNodeInfo (SCMNodeInfo.java:getPort(197)) - ConfigKey ozone.scm.client.address is deprecated, For configuring different ports for each SCM use PortConfigKey ozone.scm.client.port appended with serviceId and nodeId
2022-07-14 05:35:24,180 [Datanode State Machine Task Thread - 0] INFO  ha.SCMNodeInfo (SCMNodeInfo.java:getPort(197)) - ConfigKey ozone.scm.block.client.address is deprecated, For configuring different ports for each SCM use PortConfigKey ozone.scm.block.client.port appended with serviceId and nodeId
2022-07-14 05:35:24,180 [Datanode State Machine Task Thread - 0] INFO  ha.SCMNodeInfo (SCMNodeInfo.java:getPort(197)) - ConfigKey ozone.scm.datanode.address is deprecated, For configuring different ports for each SCM use PortConfigKey ozone.scm.datanode.port appended with serviceId and nodeId
2022-07-14 05:35:24,180 [Datanode State Machine Task Thread - 0] INFO  ha.SCMNodeInfo (SCMNodeInfo.java:getPort(197)) - ConfigKey ozone.scm.client.address is deprecated, For configuring different ports for each SCM use PortConfigKey ozone.scm.client.port appended with serviceId and nodeId
2022-07-14 05:35:24,180 [Datanode State Machine Task Thread - 0] INFO  ha.SCMNodeInfo (SCMNodeInfo.java:getPort(197)) - ConfigKey ozone.scm.block.client.address is deprecated, For configuring different ports for each SCM use PortConfigKey ozone.scm.block.client.port appended with serviceId and nodeId
2022-07-14 05:35:24,180 [Datanode State Machine Task Thread - 0] INFO  ha.SCMNodeInfo (SCMNodeInfo.java:getPort(197)) - ConfigKey ozone.scm.datanode.address is deprecated, For configuring different ports for each SCM use PortConfigKey ozone.scm.datanode.port appended with serviceId and nodeId
2022-07-14 05:35:24,182 [Datanode State Machine Task Thread - 0] INFO  datanode.InitDatanodeState (InitDatanodeState.java:persistContainerDatanodeDetails(138)) - DatanodeDetails is persisted to /home/runner/work/ozone/ozone/hadoop-ozone/integration-test/target/test-dir/MiniOzoneClusterImpl-252142cc-85ec-47ec-8abc-bbf74a919ed0/datanode-2/meta/datanode.id
2022-07-14 05:35:24,257 [omNode-1@group-6C22E66A003A-FollowerState] INFO  impl.FollowerState (FollowerState.java:run(143)) - omNode-1@group-6C22E66A003A-FollowerState: change to CANDIDATE, lastRpcElapsedTime:1130778613ns, electionTimeout:1125ms
2022-07-14 05:35:24,257 [omNode-1@group-6C22E66A003A-FollowerState] INFO  impl.RoleInfo (RoleInfo.java:shutdownFollowerState(110)) - omNode-1: shutdown omNode-1@group-6C22E66A003A-FollowerState
2022-07-14 05:35:24,257 [omNode-1@group-6C22E66A003A-FollowerState] INFO  server.RaftServer$Division (RaftServerImpl.java:setRole(299)) - omNode-1@group-6C22E66A003A: changes role from  FOLLOWER to CANDIDATE at term 3 for changeToCandidate
2022-07-14 05:35:24,257 [omNode-1@group-6C22E66A003A-FollowerState] INFO  server.RaftServerConfigKeys (ConfUtils.java:logGet(46)) - raft.server.leaderelection.pre-vote = false (custom)
2022-07-14 05:35:24,257 [omNode-1@group-6C22E66A003A-FollowerState] INFO  impl.RoleInfo (RoleInfo.java:updateAndGet(139)) - omNode-1: start omNode-1@group-6C22E66A003A-LeaderElection7
2022-07-14 05:35:24,270 [omNode-1@group-6C22E66A003A-LeaderElection7] INFO  impl.LeaderElection (LeaderElection.java:askForVotes(310)) - omNode-1@group-6C22E66A003A-LeaderElection7 ELECTION round 0: submit vote requests at term 4 for -1: [omNode-3|rpc:localhost:35085|priority:0, omNode-1|rpc:localhost:45855|priority:0, omNode-2|rpc:localhost:35821|priority:0], old=null
2022-07-14 05:35:24,277 [grpc-default-executor-0] INFO  server.RaftServer$Division (RaftServerImpl.java:requestVote(1152)) - omNode-2@group-6C22E66A003A: receive requestVote(ELECTION, omNode-1, group-6C22E66A003A, 4, (t:0, i:~))
2022-07-14 05:35:24,277 [grpc-default-executor-0] INFO  impl.VoteContext (VoteContext.java:log(48)) - omNode-2@group-6C22E66A003A-FOLLOWER: reject ELECTION from omNode-1: our last entry (t:1, i:0) > candidate's last entry (t:0, i:~)
2022-07-14 05:35:24,278 [grpc-default-executor-0] INFO  server.RaftServer$Division (RaftServerImpl.java:setRole(299)) - omNode-2@group-6C22E66A003A: changes role from  FOLLOWER to FOLLOWER at term 4 for candidate:omNode-1
2022-07-14 05:35:24,278 [grpc-default-executor-0] INFO  impl.RoleInfo (RoleInfo.java:shutdownFollowerState(110)) - omNode-2: shutdown omNode-2@group-6C22E66A003A-FollowerState
2022-07-14 05:35:24,278 [grpc-default-executor-1] INFO  server.RaftServer$Division (RaftServerImpl.java:requestVote(1152)) - omNode-3@group-6C22E66A003A: receive requestVote(ELECTION, omNode-1, group-6C22E66A003A, 4, (t:0, i:~))
2022-07-14 05:35:24,278 [grpc-default-executor-0] INFO  impl.RoleInfo (RoleInfo.java:updateAndGet(139)) - omNode-2: start omNode-2@group-6C22E66A003A-FollowerState
2022-07-14 05:35:24,278 [grpc-default-executor-1] INFO  impl.VoteContext (VoteContext.java:log(48)) - omNode-3@group-6C22E66A003A-FOLLOWER: reject ELECTION from omNode-1: our last entry (t:1, i:0) > candidate's last entry (t:0, i:~)
2022-07-14 05:35:24,278 [grpc-default-executor-1] INFO  server.RaftServer$Division (ServerState.java:setLeader(287)) - omNode-3@group-6C22E66A003A: change Leader from omNode-2 to null at term 4 for updateCurrentTerm
2022-07-14 05:35:24,278 [grpc-default-executor-1] INFO  server.RaftServer$Division (RaftServerImpl.java:setRole(299)) - omNode-3@group-6C22E66A003A: changes role from  FOLLOWER to FOLLOWER at term 4 for candidate:omNode-1
2022-07-14 05:35:24,278 [grpc-default-executor-1] INFO  impl.RoleInfo (RoleInfo.java:shutdownFollowerState(110)) - omNode-3: shutdown omNode-3@group-6C22E66A003A-FollowerState
2022-07-14 05:35:24,278 [grpc-default-executor-1] INFO  impl.RoleInfo (RoleInfo.java:updateAndGet(139)) - omNode-3: start omNode-3@group-6C22E66A003A-FollowerState
2022-07-14 05:35:24,279 [omNode-2@group-6C22E66A003A-FollowerState] INFO  impl.FollowerState (FollowerState.java:run(152)) - omNode-2@group-6C22E66A003A-FollowerState was interrupted
2022-07-14 05:35:24,279 [omNode-3@group-6C22E66A003A-FollowerState] INFO  impl.FollowerState (FollowerState.java:run(152)) - omNode-3@group-6C22E66A003A-FollowerState was interrupted
2022-07-14 05:35:24,280 [grpc-default-executor-0] INFO  server.RaftServer$Division (RaftServerImpl.java:requestVote(1184)) - omNode-2@group-6C22E66A003A replies to ELECTION vote request: omNode-1<-omNode-2#0:FAIL-t4. Peer's state: omNode-2@group-6C22E66A003A:t4, leader=null, voted=null, raftlog=omNode-2@group-6C22E66A003A-SegmentedRaftLog:OPENED:c0, conf=0: [omNode-3|rpc:localhost:35085|admin:|client:|dataStream:|priority:0, omNode-1|rpc:localhost:45855|admin:|client:|dataStream:|priority:0, omNode-2|rpc:localhost:35821|admin:|client:|dataStream:|priority:0], old=null
2022-07-14 05:35:24,280 [grpc-default-executor-1] INFO  server.RaftServer$Division (RaftServerImpl.java:requestVote(1184)) - omNode-3@group-6C22E66A003A replies to ELECTION vote request: omNode-1<-omNode-3#0:FAIL-t4. Peer's state: omNode-3@group-6C22E66A003A:t4, leader=null, voted=null, raftlog=omNode-3@group-6C22E66A003A-SegmentedRaftLog:OPENED:c0, conf=0: [omNode-3|rpc:localhost:35085|admin:|client:|dataStream:|priority:0, omNode-1|rpc:localhost:45855|admin:|client:|dataStream:|priority:0, omNode-2|rpc:localhost:35821|admin:|client:|dataStream:|priority:0], old=null
2022-07-14 05:35:24,286 [omNode-1@group-6C22E66A003A-LeaderElection7] INFO  impl.LeaderElection (LeaderElection.java:logAndReturn(90)) - omNode-1@group-6C22E66A003A-LeaderElection7: ELECTION REJECTED received 2 response(s) and 0 exception(s):
2022-07-14 05:35:24,287 [omNode-1@group-6C22E66A003A-LeaderElection7] INFO  impl.LeaderElection (LeaderElection.java:logAndReturn(94)) -   Response 0: omNode-1<-omNode-3#0:FAIL-t4
2022-07-14 05:35:24,287 [omNode-1@group-6C22E66A003A-LeaderElection7] INFO  impl.LeaderElection (LeaderElection.java:logAndReturn(94)) -   Response 1: omNode-1<-omNode-2#0:FAIL-t4
2022-07-14 05:35:24,287 [omNode-1@group-6C22E66A003A-LeaderElection7] INFO  impl.LeaderElection (LeaderElection.java:askForVotes(312)) - omNode-1@group-6C22E66A003A-LeaderElection7 ELECTION round 0: result REJECTED
2022-07-14 05:35:24,287 [omNode-1@group-6C22E66A003A-LeaderElection7] INFO  server.RaftServer$Division (RaftServerImpl.java:setRole(299)) - omNode-1@group-6C22E66A003A: changes role from CANDIDATE to FOLLOWER at term 4 for REJECTED
2022-07-14 05:35:24,287 [omNode-1@group-6C22E66A003A-LeaderElection7] INFO  impl.RoleInfo (RoleInfo.java:shutdownLeaderElection(130)) - omNode-1: shutdown omNode-1@group-6C22E66A003A-LeaderElection7
2022-07-14 05:35:24,287 [omNode-1@group-6C22E66A003A-LeaderElection7] INFO  impl.RoleInfo (RoleInfo.java:updateAndGet(139)) - omNode-1: start omNode-1@group-6C22E66A003A-FollowerState
2022-07-14 05:35:25,167 [Listener at 127.0.0.1/36625] INFO  ozone.MiniOzoneClusterImpl (MiniOzoneClusterImpl.java:lambda$waitForClusterToBeReady$0(216)) - Waiting for nodes to be ready. Got 0 of 3 DN Heartbeats.
2022-07-14 05:35:25,172 [Listener at 127.0.0.1/36625] INFO  ozone.MiniOzoneClusterImpl (MiniOzoneClusterImpl.java:lambda$waitForClusterToBeReady$0(219)) - Waiting for cluster to exit safe mode
2022-07-14 05:35:25,172 [Listener at 127.0.0.1/36625] INFO  ozone.MiniOzoneClusterImpl (MiniOzoneClusterImpl.java:lambda$waitForClusterToBeReady$0(221)) - SCM became leader
2022-07-14 05:35:25,295 [omNode-2@group-6C22E66A003A-FollowerState] INFO  impl.FollowerState (FollowerState.java:run(143)) - omNode-2@group-6C22E66A003A-FollowerState: change to CANDIDATE, lastRpcElapsedTime:1016821997ns, electionTimeout:1016ms
2022-07-14 05:35:25,304 [omNode-2@group-6C22E66A003A-FollowerState] INFO  impl.RoleInfo (RoleInfo.java:shutdownFollowerState(110)) - omNode-2: shutdown omNode-2@group-6C22E66A003A-FollowerState
2022-07-14 05:35:25,304 [omNode-2@group-6C22E66A003A-FollowerState] INFO  server.RaftServer$Division (RaftServerImpl.java:setRole(299)) - omNode-2@group-6C22E66A003A: changes role from  FOLLOWER to CANDIDATE at term 4 for changeToCandidate
2022-07-14 05:35:25,305 [omNode-2@group-6C22E66A003A-FollowerState] INFO  server.RaftServerConfigKeys (ConfUtils.java:logGet(46)) - raft.server.leaderelection.pre-vote = false (custom)
2022-07-14 05:35:25,305 [omNode-2@group-6C22E66A003A-FollowerState] INFO  impl.RoleInfo (RoleInfo.java:updateAndGet(139)) - omNode-2: start omNode-2@group-6C22E66A003A-LeaderElection8
2022-07-14 05:35:25,315 [omNode-2@group-6C22E66A003A-LeaderElection8] INFO  impl.LeaderElection (LeaderElection.java:askForVotes(310)) - omNode-2@group-6C22E66A003A-LeaderElection8 ELECTION round 0: submit vote requests at term 5 for 0: [omNode-3|rpc:localhost:35085|admin:|client:|dataStream:|priority:0, omNode-1|rpc:localhost:45855|admin:|client:|dataStream:|priority:0, omNode-2|rpc:localhost:35821|admin:|client:|dataStream:|priority:0], old=null
2022-07-14 05:35:25,330 [omNode-3@group-6C22E66A003A-FollowerState] INFO  impl.FollowerState (FollowerState.java:run(143)) - omNode-3@group-6C22E66A003A-FollowerState: change to CANDIDATE, lastRpcElapsedTime:1051727024ns, electionTimeout:1043ms
2022-07-14 05:35:25,330 [omNode-3@group-6C22E66A003A-FollowerState] INFO  impl.RoleInfo (RoleInfo.java:shutdownFollowerState(110)) - omNode-3: shutdown omNode-3@group-6C22E66A003A-FollowerState
2022-07-14 05:35:25,331 [omNode-3@group-6C22E66A003A-FollowerState] INFO  server.RaftServer$Division (RaftServerImpl.java:setRole(299)) - omNode-3@group-6C22E66A003A: changes role from  FOLLOWER to CANDIDATE at term 4 for changeToCandidate
2022-07-14 05:35:25,331 [omNode-3@group-6C22E66A003A-FollowerState] INFO  server.RaftServerConfigKeys (ConfUtils.java:logGet(46)) - raft.server.leaderelection.pre-vote = false (custom)
2022-07-14 05:35:25,331 [omNode-3@group-6C22E66A003A-FollowerState] INFO  impl.RoleInfo (RoleInfo.java:updateAndGet(139)) - omNode-3: start omNode-3@group-6C22E66A003A-LeaderElection9
2022-07-14 05:35:25,339 [grpc-default-executor-1] INFO  server.RaftServer$Division (RaftServerImpl.java:requestVote(1152)) - omNode-3@group-6C22E66A003A: receive requestVote(ELECTION, omNode-2, group-6C22E66A003A, 5, (t:1, i:0))
2022-07-14 05:35:25,342 [grpc-default-executor-0] INFO  server.RaftServer$Division (RaftServerImpl.java:requestVote(1152)) - omNode-1@group-6C22E66A003A: receive requestVote(ELECTION, omNode-2, group-6C22E66A003A, 5, (t:1, i:0))
2022-07-14 05:35:25,342 [grpc-default-executor-0] INFO  impl.VoteContext (VoteContext.java:log(48)) - omNode-1@group-6C22E66A003A-FOLLOWER: accept ELECTION from omNode-2: our last entry (t:0, i:~) < candidate's last entry (t:1, i:0)
2022-07-14 05:35:25,342 [grpc-default-executor-0] INFO  server.RaftServer$Division (RaftServerImpl.java:setRole(299)) - omNode-1@group-6C22E66A003A: changes role from  FOLLOWER to FOLLOWER at term 5 for candidate:omNode-2
2022-07-14 05:35:25,342 [grpc-default-executor-0] INFO  impl.RoleInfo (RoleInfo.java:shutdownFollowerState(110)) - omNode-1: shutdown omNode-1@group-6C22E66A003A-FollowerState
2022-07-14 05:35:25,342 [grpc-default-executor-0] INFO  impl.RoleInfo (RoleInfo.java:updateAndGet(139)) - omNode-1: start omNode-1@group-6C22E66A003A-FollowerState
2022-07-14 05:35:25,342 [omNode-1@group-6C22E66A003A-FollowerState] INFO  impl.FollowerState (FollowerState.java:run(152)) - omNode-1@group-6C22E66A003A-FollowerState was interrupted
2022-07-14 05:35:25,343 [grpc-default-executor-1] INFO  impl.VoteContext (VoteContext.java:log(48)) - omNode-3@group-6C22E66A003A-CANDIDATE: reject ELECTION from omNode-2: already has voted for omNode-3 at current term 5
2022-07-14 05:35:25,344 [grpc-default-executor-1] INFO  server.RaftServer$Division (RaftServerImpl.java:requestVote(1184)) - omNode-3@group-6C22E66A003A replies to ELECTION vote request: omNode-2<-omNode-3#0:FAIL-t5. Peer's state: omNode-3@group-6C22E66A003A:t5, leader=null, voted=omNode-3, raftlog=omNode-3@group-6C22E66A003A-SegmentedRaftLog:OPENED:c0, conf=0: [omNode-3|rpc:localhost:35085|admin:|client:|dataStream:|priority:0, omNode-1|rpc:localhost:45855|admin:|client:|dataStream:|priority:0, omNode-2|rpc:localhost:35821|admin:|client:|dataStream:|priority:0], old=null
2022-07-14 05:35:25,345 [omNode-3@group-6C22E66A003A-LeaderElection9] INFO  impl.LeaderElection (LeaderElection.java:askForVotes(310)) - omNode-3@group-6C22E66A003A-LeaderElection9 ELECTION round 0: submit vote requests at term 5 for 0: [omNode-3|rpc:localhost:35085|admin:|client:|dataStream:|priority:0, omNode-1|rpc:localhost:45855|admin:|client:|dataStream:|priority:0, omNode-2|rpc:localhost:35821|admin:|client:|dataStream:|priority:0], old=null
2022-07-14 05:35:25,351 [grpc-default-executor-0] INFO  server.RaftServer$Division (RaftServerImpl.java:requestVote(1184)) - omNode-1@group-6C22E66A003A replies to ELECTION vote request: omNode-2<-omNode-1#0:OK-t5. Peer's state: omNode-1@group-6C22E66A003A:t5, leader=null, voted=omNode-2, raftlog=omNode-1@group-6C22E66A003A-SegmentedRaftLog:OPENED:c-1, conf=-1: [omNode-3|rpc:localhost:35085|priority:0, omNode-1|rpc:localhost:45855|priority:0, omNode-2|rpc:localhost:35821|priority:0], old=null
2022-07-14 05:35:25,380 [omNode-2@group-6C22E66A003A-LeaderElection8] INFO  impl.LeaderElection (LeaderElection.java:logAndReturn(90)) - omNode-2@group-6C22E66A003A-LeaderElection8: ELECTION PASSED received 2 response(s) and 0 exception(s):
2022-07-14 05:35:25,380 [omNode-2@group-6C22E66A003A-LeaderElection8] INFO  impl.LeaderElection (LeaderElection.java:logAndReturn(94)) -   Response 0: omNode-2<-omNode-3#0:FAIL-t5
2022-07-14 05:35:25,380 [omNode-2@group-6C22E66A003A-LeaderElection8] INFO  impl.LeaderElection (LeaderElection.java:logAndReturn(94)) -   Response 1: omNode-2<-omNode-1#0:OK-t5
2022-07-14 05:35:25,380 [omNode-2@group-6C22E66A003A-LeaderElection8] INFO  impl.LeaderElection (LeaderElection.java:askForVotes(312)) - omNode-2@group-6C22E66A003A-LeaderElection8 ELECTION round 0: result PASSED
2022-07-14 05:35:25,380 [omNode-2@group-6C22E66A003A-LeaderElection8] INFO  impl.RoleInfo (RoleInfo.java:shutdownLeaderElection(130)) - omNode-2: shutdown omNode-2@group-6C22E66A003A-LeaderElection8
2022-07-14 05:35:25,380 [omNode-2@group-6C22E66A003A-LeaderElection8] INFO  server.RaftServer$Division (RaftServerImpl.java:setRole(299)) - omNode-2@group-6C22E66A003A: changes role from CANDIDATE to LEADER at term 5 for changeToLeader
2022-07-14 05:35:25,380 [omNode-2@group-6C22E66A003A-LeaderElection8] INFO  server.RaftServer$Division (ServerState.java:setLeader(287)) - omNode-2@group-6C22E66A003A: change Leader from null to omNode-2 at term 5 for becomeLeader, leader elected after 2908ms
2022-07-14 05:35:25,380 [omNode-2@group-6C22E66A003A-LeaderElection8] INFO  server.RaftServerConfigKeys (ConfUtils.java:logGet(46)) - raft.server.staging.catchup.gap = 1000 (default)
2022-07-14 05:35:25,395 [omNode-2@group-6C22E66A003A-LeaderElection8] INFO  server.RaftServerConfigKeys (ConfUtils.java:logGet(46)) - raft.server.write.element-limit = 4096 (default)
2022-07-14 05:35:25,395 [omNode-2@group-6C22E66A003A-LeaderElection8] INFO  server.RaftServerConfigKeys (ConfUtils.java:logGet(46)) - raft.server.write.byte-limit = 64MB (=67108864) (default)
2022-07-14 05:35:25,396 [omNode-2@group-6C22E66A003A-LeaderElection8] INFO  server.RaftServerConfigKeys (ConfUtils.java:logGet(46)) - raft.server.watch.timeout = 10s (default)
2022-07-14 05:35:25,396 [omNode-2@group-6C22E66A003A-LeaderElection8] INFO  server.RaftServerConfigKeys (ConfUtils.java:logGet(46)) - raft.server.watch.timeout.denomination = 1s (default)
2022-07-14 05:35:25,396 [omNode-2@group-6C22E66A003A-LeaderElection8] INFO  server.RaftServerConfigKeys (ConfUtils.java:logGet(46)) - raft.server.watch.element-limit = 65536 (default)
2022-07-14 05:35:25,396 [omNode-2@group-6C22E66A003A-LeaderElection8] INFO  server.RaftServerConfigKeys (ConfUtils.java:logGet(46)) - raft.server.write.element-limit = 4096 (default)
2022-07-14 05:35:25,396 [omNode-2@group-6C22E66A003A-LeaderElection8] INFO  server.RaftServerConfigKeys (ConfUtils.java:logGet(46)) - raft.server.write.follower.gap.ratio.max = -1.0 (default)
2022-07-14 05:35:25,397 [omNode-2@group-6C22E66A003A-LeaderElection8] INFO  server.RaftServerConfigKeys (ConfUtils.java:logGet(46)) - raft.server.log.appender.snapshot.chunk.size.max = 16MB (=16777216) (default)
2022-07-14 05:35:25,398 [omNode-2@group-6C22E66A003A-LeaderElection8] INFO  server.RaftServerConfigKeys (ConfUtils.java:logGet(46)) - raft.server.log.appender.buffer.byte-limit = 33554432 (custom)
2022-07-14 05:35:25,398 [omNode-2@group-6C22E66A003A-LeaderElection8] INFO  server.RaftServerConfigKeys (ConfUtils.java:logGet(46)) - raft.server.log.appender.buffer.element-limit = 1024 (custom)
2022-07-14 05:35:25,398 [omNode-2@group-6C22E66A003A-LeaderElection8] INFO  grpc.GrpcConfigKeys (ConfUtils.java:logGet(46)) - raft.grpc.server.leader.outstanding.appends.max = 128 (default)
2022-07-14 05:35:25,398 [omNode-2@group-6C22E66A003A-LeaderElection8] INFO  server.RaftServerConfigKeys (ConfUtils.java:logGet(46)) - raft.server.rpc.request.timeout = 3000ms (default)
2022-07-14 05:35:25,401 [omNode-2@group-6C22E66A003A-LeaderElection8] INFO  server.RaftServerConfigKeys (ConfUtils.java:logGet(46)) - raft.server.log.appender.install.snapshot.enabled = false (custom)
2022-07-14 05:35:25,403 [omNode-2@group-6C22E66A003A-LeaderElection8] INFO  server.RaftServerConfigKeys (ConfUtils.java:logGet(46)) - raft.server.log.appender.snapshot.chunk.size.max = 16MB (=16777216) (default)
2022-07-14 05:35:25,403 [omNode-2@group-6C22E66A003A-LeaderElection8] INFO  server.RaftServerConfigKeys (ConfUtils.java:logGet(46)) - raft.server.log.appender.buffer.byte-limit = 33554432 (custom)
2022-07-14 05:35:25,403 [omNode-2@group-6C22E66A003A-LeaderElection8] INFO  server.RaftServerConfigKeys (ConfUtils.java:logGet(46)) - raft.server.log.appender.buffer.element-limit = 1024 (custom)
2022-07-14 05:35:25,403 [omNode-2@group-6C22E66A003A-LeaderElection8] INFO  grpc.GrpcConfigKeys (ConfUtils.java:logGet(46)) - raft.grpc.server.leader.outstanding.appends.max = 128 (default)
2022-07-14 05:35:25,403 [omNode-2@group-6C22E66A003A-LeaderElection8] INFO  server.RaftServerConfigKeys (ConfUtils.java:logGet(46)) - raft.server.rpc.request.timeout = 3000ms (default)
2022-07-14 05:35:25,403 [omNode-2@group-6C22E66A003A-LeaderElection8] INFO  server.RaftServerConfigKeys (ConfUtils.java:logGet(46)) - raft.server.log.appender.install.snapshot.enabled = false (custom)
2022-07-14 05:35:25,404 [omNode-2@group-6C22E66A003A-LeaderElection8] INFO  impl.RoleInfo (RoleInfo.java:updateAndGet(139)) - omNode-2: start omNode-2@group-6C22E66A003A-LeaderStateImpl
2022-07-14 05:35:25,404 [omNode-2@group-6C22E66A003A-LeaderElection8] INFO  segmented.SegmentedRaftLogWorker (SegmentedRaftLogWorker.java:rollLogSegment(430)) - omNode-2@group-6C22E66A003A-SegmentedRaftLogWorker: Rolling segment log-0_0 to index:0
2022-07-14 05:35:25,406 [omNode-2@group-6C22E66A003A-SegmentedRaftLogWorker] INFO  segmented.SegmentedRaftLogWorker (SegmentedRaftLogWorker.java:execute(586)) - omNode-2@group-6C22E66A003A-SegmentedRaftLogWorker: Rolled log segment from /home/runner/work/ozone/ozone/hadoop-ozone/integration-test/target/test-dir/MiniOzoneClusterImpl-252142cc-85ec-47ec-8abc-bbf74a919ed0/omNode-2/ratis/9c9825ce-8ba7-3ee6-a7c3-6c22e66a003a/current/log_inprogress_0 to /home/runner/work/ozone/ozone/hadoop-ozone/integration-test/target/test-dir/MiniOzoneClusterImpl-252142cc-85ec-47ec-8abc-bbf74a919ed0/omNode-2/ratis/9c9825ce-8ba7-3ee6-a7c3-6c22e66a003a/current/log_0-0
2022-07-14 05:35:25,428 [omNode-2@group-6C22E66A003A-SegmentedRaftLogWorker] INFO  segmented.SegmentedRaftLogWorker (SegmentedRaftLogWorker.java:execute(629)) - omNode-2@group-6C22E66A003A-SegmentedRaftLogWorker: created new log segment /home/runner/work/ozone/ozone/hadoop-ozone/integration-test/target/test-dir/MiniOzoneClusterImpl-252142cc-85ec-47ec-8abc-bbf74a919ed0/omNode-2/ratis/9c9825ce-8ba7-3ee6-a7c3-6c22e66a003a/current/log_inprogress_1
2022-07-14 05:35:25,434 [omNode-2@group-6C22E66A003A-LeaderElection8] INFO  server.RaftServer$Division (ServerState.java:setRaftConf(393)) - omNode-2@group-6C22E66A003A: set configuration 1: [omNode-3|rpc:localhost:35085|admin:|client:|dataStream:|priority:0, omNode-1|rpc:localhost:45855|admin:|client:|dataStream:|priority:0, omNode-2|rpc:localhost:35821|admin:|client:|dataStream:|priority:0], old=null
2022-07-14 05:35:25,443 [grpc-default-executor-1] INFO  server.RaftServer$Division (RaftServerImpl.java:requestVote(1152)) - omNode-1@group-6C22E66A003A: receive requestVote(ELECTION, omNode-3, group-6C22E66A003A, 5, (t:1, i:0))
2022-07-14 05:35:25,443 [grpc-default-executor-1] INFO  impl.VoteContext (VoteContext.java:log(48)) - omNode-1@group-6C22E66A003A-FOLLOWER: reject ELECTION from omNode-3: already has voted for omNode-2 at current term 5
2022-07-14 05:35:25,443 [grpc-default-executor-1] INFO  server.RaftServer$Division (RaftServerImpl.java:requestVote(1184)) - omNode-1@group-6C22E66A003A replies to ELECTION vote request: omNode-3<-omNode-1#0:FAIL-t5. Peer's state: omNode-1@group-6C22E66A003A:t5, leader=null, voted=omNode-2, raftlog=omNode-1@group-6C22E66A003A-SegmentedRaftLog:OPENED:c-1, conf=-1: [omNode-3|rpc:localhost:35085|priority:0, omNode-1|rpc:localhost:45855|priority:0, omNode-2|rpc:localhost:35821|priority:0], old=null
2022-07-14 05:35:25,467 [grpc-default-executor-1] INFO  server.RaftServer$Division (RaftServerImpl.java:requestVote(1152)) - omNode-2@group-6C22E66A003A: receive requestVote(ELECTION, omNode-3, group-6C22E66A003A, 5, (t:1, i:0))
2022-07-14 05:35:25,468 [grpc-default-executor-1] INFO  impl.VoteContext (VoteContext.java:log(48)) - omNode-2@group-6C22E66A003A-LEADER: reject ELECTION from omNode-3: already has voted for omNode-2 at current term 5
2022-07-14 05:35:25,468 [grpc-default-executor-1] INFO  server.RaftServer$Division (RaftServerImpl.java:requestVote(1184)) - omNode-2@group-6C22E66A003A replies to ELECTION vote request: omNode-3<-omNode-2#0:FAIL-t5. Peer's state: omNode-2@group-6C22E66A003A:t5, leader=omNode-2, voted=omNode-2, raftlog=omNode-2@group-6C22E66A003A-SegmentedRaftLog:OPENED:c0, conf=1: [omNode-3|rpc:localhost:35085|admin:|client:|dataStream:|priority:0, omNode-1|rpc:localhost:45855|admin:|client:|dataStream:|priority:0, omNode-2|rpc:localhost:35821|admin:|client:|dataStream:|priority:0], old=null
2022-07-14 05:35:25,470 [omNode-3-server-thread1] INFO  server.RaftServer$Division (RaftServerImpl.java:setRole(299)) - omNode-3@group-6C22E66A003A: changes role from CANDIDATE to FOLLOWER at term 5 for appendEntries
2022-07-14 05:35:25,470 [omNode-3-server-thread1] INFO  impl.RoleInfo (RoleInfo.java:shutdownLeaderElection(130)) - omNode-3: shutdown omNode-3@group-6C22E66A003A-LeaderElection9
2022-07-14 05:35:25,471 [omNode-3-server-thread1] INFO  impl.RoleInfo (RoleInfo.java:updateAndGet(139)) - omNode-3: start omNode-3@group-6C22E66A003A-FollowerState
2022-07-14 05:35:25,471 [omNode-1-server-thread1] INFO  server.RaftServer$Division (ServerState.java:setLeader(287)) - omNode-1@group-6C22E66A003A: change Leader from null to omNode-2 at term 5 for appendEntries, leader elected after 6833ms
2022-07-14 05:35:25,479 [omNode-3-server-thread1] INFO  server.RaftServer$Division (ServerState.java:setLeader(287)) - omNode-3@group-6C22E66A003A: change Leader from null to omNode-2 at term 5 for appendEntries, leader elected after 1199ms
2022-07-14 05:35:25,480 [omNode-1-server-thread1] INFO  server.RaftServer$Division (RaftServerImpl.java:checkInconsistentAppendEntries(1424)) - omNode-1@group-6C22E66A003A: Failed appendEntries as previous log entry ((t:1, i:0)) is not found
2022-07-14 05:35:25,480 [omNode-1-server-thread1] INFO  server.RaftServer$Division (RaftServerImpl.java:checkInconsistentAppendEntries(1394)) - omNode-1@group-6C22E66A003A: inconsistency entries. Reply:omNode-2<-omNode-1#0:FAIL-t5,INCONSISTENCY,nextIndex=0,followerCommit=-1
2022-07-14 05:35:25,481 [omNode-3@group-6C22E66A003A-LeaderElection9] INFO  impl.LeaderElection (LeaderElection.java:logAndReturn(90)) - omNode-3@group-6C22E66A003A-LeaderElection9: ELECTION REJECTED received 2 response(s) and 0 exception(s):
2022-07-14 05:35:25,481 [omNode-3@group-6C22E66A003A-LeaderElection9] INFO  impl.LeaderElection (LeaderElection.java:logAndReturn(94)) -   Response 0: omNode-3<-omNode-1#0:FAIL-t5
2022-07-14 05:35:25,481 [omNode-3@group-6C22E66A003A-LeaderElection9] INFO  impl.LeaderElection (LeaderElection.java:logAndReturn(94)) -   Response 1: omNode-3<-omNode-2#0:FAIL-t5
2022-07-14 05:35:25,483 [omNode-1-server-thread1] INFO  server.RaftServer$Division (RaftServerImpl.java:checkInconsistentAppendEntries(1424)) - omNode-1@group-6C22E66A003A: Failed appendEntries as previous log entry ((t:1, i:0)) is not found
2022-07-14 05:35:25,483 [omNode-1-server-thread1] INFO  server.RaftServer$Division (RaftServerImpl.java:checkInconsistentAppendEntries(1394)) - omNode-1@group-6C22E66A003A: inconsistency entries. Reply:omNode-2<-omNode-1#1:FAIL-t5,INCONSISTENCY,nextIndex=0,followerCommit=-1
2022-07-14 05:35:25,484 [grpc-default-executor-0] INFO  leader.FollowerInfo (FollowerInfoImpl.java:lambda$new$0(48)) - omNode-2@group-6C22E66A003A->omNode-1: nextIndex: updateUnconditionally 2 -> 0
2022-07-14 05:35:25,491 [omNode-3@group-6C22E66A003A-LeaderElection9] INFO  impl.LeaderElection (LeaderElection.java:askForVotes(312)) - omNode-3@group-6C22E66A003A-LeaderElection9 ELECTION round 0: result REJECTED
2022-07-14 05:35:25,493 [grpc-default-executor-0] INFO  leader.FollowerInfo (FollowerInfoImpl.java:lambda$new$0(48)) - omNode-2@group-6C22E66A003A->omNode-1: nextIndex: updateUnconditionally 2 -> 0
2022-07-14 05:35:25,495 [omNode-3-server-thread1] INFO  server.RaftServer$Division (ServerState.java:setRaftConf(393)) - omNode-3@group-6C22E66A003A: set configuration 1: [omNode-3|rpc:localhost:35085|admin:|client:|dataStream:|priority:0, omNode-1|rpc:localhost:45855|admin:|client:|dataStream:|priority:0, omNode-2|rpc:localhost:35821|admin:|client:|dataStream:|priority:0], old=null
2022-07-14 05:35:25,495 [omNode-3-server-thread1] INFO  segmented.SegmentedRaftLogWorker (SegmentedRaftLogWorker.java:rollLogSegment(430)) - omNode-3@group-6C22E66A003A-SegmentedRaftLogWorker: Rolling segment log-0_0 to index:0
2022-07-14 05:35:25,498 [omNode-1-server-thread1] INFO  server.RaftServer$Division (ServerState.java:setRaftConf(393)) - omNode-1@group-6C22E66A003A: set configuration 0: [omNode-3|rpc:localhost:35085|admin:|client:|dataStream:|priority:0, omNode-1|rpc:localhost:45855|admin:|client:|dataStream:|priority:0, omNode-2|rpc:localhost:35821|admin:|client:|dataStream:|priority:0], old=null
2022-07-14 05:35:25,498 [omNode-1-server-thread1] INFO  server.RaftServer$Division (ServerState.java:setRaftConf(393)) - omNode-1@group-6C22E66A003A: set configuration 1: [omNode-3|rpc:localhost:35085|admin:|client:|dataStream:|priority:0, omNode-1|rpc:localhost:45855|admin:|client:|dataStream:|priority:0, omNode-2|rpc:localhost:35821|admin:|client:|dataStream:|priority:0], old=null
2022-07-14 05:35:25,498 [omNode-1-server-thread1] INFO  segmented.SegmentedRaftLogWorker (SegmentedRaftLogWorker.java:startLogSegment(425)) - omNode-1@group-6C22E66A003A-SegmentedRaftLogWorker: Starting segment from index:0
2022-07-14 05:35:25,499 [omNode-1-server-thread1] INFO  segmented.SegmentedRaftLogWorker (SegmentedRaftLogWorker.java:rollLogSegment(430)) - omNode-1@group-6C22E66A003A-SegmentedRaftLogWorker: Rolling segment log-0_0 to index:0
2022-07-14 05:35:25,500 [omNode-3@group-6C22E66A003A-SegmentedRaftLogWorker] INFO  segmented.SegmentedRaftLogWorker (SegmentedRaftLogWorker.java:execute(586)) - omNode-3@group-6C22E66A003A-SegmentedRaftLogWorker: Rolled log segment from /home/runner/work/ozone/ozone/hadoop-ozone/integration-test/target/test-dir/MiniOzoneClusterImpl-252142cc-85ec-47ec-8abc-bbf74a919ed0/omNode-3/ratis/9c9825ce-8ba7-3ee6-a7c3-6c22e66a003a/current/log_inprogress_0 to /home/runner/work/ozone/ozone/hadoop-ozone/integration-test/target/test-dir/MiniOzoneClusterImpl-252142cc-85ec-47ec-8abc-bbf74a919ed0/omNode-3/ratis/9c9825ce-8ba7-3ee6-a7c3-6c22e66a003a/current/log_0-0
2022-07-14 05:35:25,505 [omNode-1-server-thread1] INFO  server.RaftServer$Division (ServerState.java:setRaftConf(393)) - omNode-1@group-6C22E66A003A: set configuration 0: [omNode-3|rpc:localhost:35085|admin:|client:|dataStream:|priority:0, omNode-1|rpc:localhost:45855|admin:|client:|dataStream:|priority:0, omNode-2|rpc:localhost:35821|admin:|client:|dataStream:|priority:0], old=null
2022-07-14 05:35:25,506 [omNode-1-server-thread1] INFO  server.RaftServer$Division (ServerState.java:setRaftConf(393)) - omNode-1@group-6C22E66A003A: set configuration 1: [omNode-3|rpc:localhost:35085|admin:|client:|dataStream:|priority:0, omNode-1|rpc:localhost:45855|admin:|client:|dataStream:|priority:0, omNode-2|rpc:localhost:35821|admin:|client:|dataStream:|priority:0], old=null
2022-07-14 05:35:25,518 [omNode-1@group-6C22E66A003A-SegmentedRaftLogWorker] INFO  segmented.SegmentedRaftLogWorker (SegmentedRaftLogWorker.java:execute(629)) - omNode-1@group-6C22E66A003A-SegmentedRaftLogWorker: created new log segment /home/runner/work/ozone/ozone/hadoop-ozone/integration-test/target/test-dir/MiniOzoneClusterImpl-252142cc-85ec-47ec-8abc-bbf74a919ed0/omNode-1/ratis/9c9825ce-8ba7-3ee6-a7c3-6c22e66a003a/current/log_inprogress_0
2022-07-14 05:35:25,518 [omNode-3@group-6C22E66A003A-SegmentedRaftLogWorker] INFO  segmented.SegmentedRaftLogWorker (SegmentedRaftLogWorker.java:execute(629)) - omNode-3@group-6C22E66A003A-SegmentedRaftLogWorker: created new log segment /home/runner/work/ozone/ozone/hadoop-ozone/integration-test/target/test-dir/MiniOzoneClusterImpl-252142cc-85ec-47ec-8abc-bbf74a919ed0/omNode-3/ratis/9c9825ce-8ba7-3ee6-a7c3-6c22e66a003a/current/log_inprogress_1
2022-07-14 05:35:25,521 [omNode-1@group-6C22E66A003A-SegmentedRaftLogWorker] INFO  segmented.SegmentedRaftLogWorker (SegmentedRaftLogWorker.java:execute(586)) - omNode-1@group-6C22E66A003A-SegmentedRaftLogWorker: Rolled log segment from /home/runner/work/ozone/ozone/hadoop-ozone/integration-test/target/test-dir/MiniOzoneClusterImpl-252142cc-85ec-47ec-8abc-bbf74a919ed0/omNode-1/ratis/9c9825ce-8ba7-3ee6-a7c3-6c22e66a003a/current/log_inprogress_0 to /home/runner/work/ozone/ozone/hadoop-ozone/integration-test/target/test-dir/MiniOzoneClusterImpl-252142cc-85ec-47ec-8abc-bbf74a919ed0/omNode-1/ratis/9c9825ce-8ba7-3ee6-a7c3-6c22e66a003a/current/log_0-0
2022-07-14 05:35:25,533 [omNode-1@group-6C22E66A003A-SegmentedRaftLogWorker] INFO  segmented.SegmentedRaftLogWorker (SegmentedRaftLogWorker.java:execute(629)) - omNode-1@group-6C22E66A003A-SegmentedRaftLogWorker: created new log segment /home/runner/work/ozone/ozone/hadoop-ozone/integration-test/target/test-dir/MiniOzoneClusterImpl-252142cc-85ec-47ec-8abc-bbf74a919ed0/omNode-1/ratis/9c9825ce-8ba7-3ee6-a7c3-6c22e66a003a/current/log_inprogress_1
2022-07-14 05:35:25,538 [omNode-1@group-6C22E66A003A-StateMachineUpdater] INFO  ratis.OzoneManagerStateMachine (OzoneManagerStateMachine.java:notifyConfigurationChanged(192)) - Received Configuration change notification from Ratis. New Peer list:
[id: "omNode-3"
address: "localhost:35085"
, id: "omNode-1"
address: "localhost:45855"
, id: "omNode-2"
address: "localhost:35821"
]
2022-07-14 05:35:25,544 [omNode-2@group-6C22E66A003A-StateMachineUpdater] INFO  ratis.OzoneManagerStateMachine (OzoneManagerStateMachine.java:notifyConfigurationChanged(192)) - Received Configuration change notification from Ratis. New Peer list:
[id: "omNode-3"
address: "localhost:35085"
, id: "omNode-1"
address: "localhost:45855"
, id: "omNode-2"
address: "localhost:35821"
]
2022-07-14 05:35:25,558 [omNode-3@group-6C22E66A003A-StateMachineUpdater] INFO  ratis.OzoneManagerStateMachine (OzoneManagerStateMachine.java:notifyConfigurationChanged(192)) - Received Configuration change notification from Ratis. New Peer list:
[id: "omNode-3"
address: "localhost:35085"
, id: "omNode-1"
address: "localhost:45855"
, id: "omNode-2"
address: "localhost:35821"
]
2022-07-14 05:35:25,572 [omNode-1@group-6C22E66A003A-StateMachineUpdater] INFO  ratis.OzoneManagerStateMachine (OzoneManagerStateMachine.java:notifyConfigurationChanged(192)) - Received Configuration change notification from Ratis. New Peer list:
[id: "omNode-3"
address: "localhost:35085"
, id: "omNode-1"
address: "localhost:45855"
, id: "omNode-2"
address: "localhost:35821"
]
2022-07-14 05:35:25,602 [EndpointStateMachine task thread for /127.0.0.1:36365 - 0 ] INFO  volume.HddsVolume (HddsVolume.java:createDbStore(309)) - SchemaV3 db is created and loaded at /home/runner/work/ozone/ozone/hadoop-ozone/integration-test/target/test-dir/MiniOzoneClusterImpl-252142cc-85ec-47ec-8abc-bbf74a919ed0/datanode-0/data-0/containers/hdds/252142cc-85ec-47ec-8abc-bbf74a919ed0/DS-b2d90eb8-324e-4972-b0e3-47301accf46d/container.db for volume DS-b2d90eb8-324e-4972-b0e3-47301accf46d
2022-07-14 05:35:25,617 [EndpointStateMachine task thread for /127.0.0.1:36365 - 0 ] INFO  volume.HddsVolume (HddsVolume.java:closeDbStore(340)) - SchemaV3 db is stopped at /home/runner/work/ozone/ozone/hadoop-ozone/integration-test/target/test-dir/MiniOzoneClusterImpl-252142cc-85ec-47ec-8abc-bbf74a919ed0/datanode-0/data-0/containers/hdds/252142cc-85ec-47ec-8abc-bbf74a919ed0/DS-b2d90eb8-324e-4972-b0e3-47301accf46d/container.db for volume DS-b2d90eb8-324e-4972-b0e3-47301accf46d
2022-07-14 05:35:25,618 [EndpointStateMachine task thread for /127.0.0.1:43653 - 0 ] INFO  ozoneimpl.OzoneContainer (OzoneContainer.java:start(344)) - Attempting to start container services.
2022-07-14 05:35:25,621 [EndpointStateMachine task thread for /127.0.0.1:43653 - 0 ] INFO  ozoneimpl.OzoneContainer (OzoneContainer.java:startContainerScrub(279)) - Background container scanner has been disabled.
2022-07-14 05:35:25,627 [EndpointStateMachine task thread for /127.0.0.1:43653 - 0 ] INFO  replication.ReplicationServer (ReplicationServer.java:start(111)) - ReplicationServer is started using port 45877
2022-07-14 05:35:25,631 [EndpointStateMachine task thread for /127.0.0.1:43653 - 0 ] INFO  ratis.XceiverServerRatis (XceiverServerRatis.java:start(481)) - Starting XceiverServerRatis 3afe85c2-914b-4505-ab37-b99a5e6b7b6c
2022-07-14 05:35:25,632 [EndpointStateMachine task thread for /127.0.0.1:43653 - 0 ] INFO  server.RaftServer (RaftServerProxy.java:lambda$start$6(382)) - 3afe85c2-914b-4505-ab37-b99a5e6b7b6c: start RPC server
2022-07-14 05:35:25,635 [EndpointStateMachine task thread for /127.0.0.1:43653 - 0 ] INFO  server.GrpcService (GrpcService.java:startImpl(260)) - 3afe85c2-914b-4505-ab37-b99a5e6b7b6c: GrpcService started, listening on 39675
2022-07-14 05:35:25,635 [EndpointStateMachine task thread for /127.0.0.1:43653 - 0 ] INFO  ratis.XceiverServerRatis (XceiverServerRatis.java:getRealPort(502)) - XceiverServerRatis 3afe85c2-914b-4505-ab37-b99a5e6b7b6c is started using port 39675 for RATIS
2022-07-14 05:35:25,636 [EndpointStateMachine task thread for /127.0.0.1:43653 - 0 ] INFO  ratis.XceiverServerRatis (XceiverServerRatis.java:getRealPort(502)) - XceiverServerRatis 3afe85c2-914b-4505-ab37-b99a5e6b7b6c is started using port 39675 for RATIS_ADMIN
2022-07-14 05:35:25,636 [EndpointStateMachine task thread for /127.0.0.1:43653 - 0 ] INFO  ratis.XceiverServerRatis (XceiverServerRatis.java:getRealPort(502)) - XceiverServerRatis 3afe85c2-914b-4505-ab37-b99a5e6b7b6c is started using port 39675 for RATIS_SERVER
2022-07-14 05:35:25,642 [org.apache.ratis.util.JvmPauseMonitor$$Lambda$519/2035454069@33c93ea8] INFO  util.JvmPauseMonitor (JvmPauseMonitor.java:run(103)) - JvmPauseMonitor-3afe85c2-914b-4505-ab37-b99a5e6b7b6c: Started
2022-07-14 05:35:25,643 [EndpointStateMachine task thread for /127.0.0.1:43653 - 0 ] INFO  server.XceiverServerGrpc (XceiverServerGrpc.java:start(180)) - XceiverServerGrpc 3afe85c2-914b-4505-ab37-b99a5e6b7b6c is started using port 44875
2022-07-14 05:35:25,646 [EndpointStateMachine task thread for /127.0.0.1:44189 - 0 ] INFO  ozoneimpl.OzoneContainer (OzoneContainer.java:start(340)) - Ignore. OzoneContainer already started.
2022-07-14 05:35:25,646 [EndpointStateMachine task thread for /127.0.0.1:36365 - 0 ] INFO  ozoneimpl.OzoneContainer (OzoneContainer.java:start(340)) - Ignore. OzoneContainer already started.
2022-07-14 05:35:25,866 [EndpointStateMachine task thread for /127.0.0.1:43653 - 0 ] INFO  volume.HddsVolume (HddsVolume.java:createDbStore(309)) - SchemaV3 db is created and loaded at /home/runner/work/ozone/ozone/hadoop-ozone/integration-test/target/test-dir/MiniOzoneClusterImpl-252142cc-85ec-47ec-8abc-bbf74a919ed0/datanode-1/data-0/containers/hdds/252142cc-85ec-47ec-8abc-bbf74a919ed0/DS-627239f8-9c91-4864-a366-22f2f2063b84/container.db for volume DS-627239f8-9c91-4864-a366-22f2f2063b84
2022-07-14 05:35:25,867 [EndpointStateMachine task thread for /127.0.0.1:43653 - 0 ] INFO  volume.HddsVolume (HddsVolume.java:closeDbStore(340)) - SchemaV3 db is stopped at /home/runner/work/ozone/ozone/hadoop-ozone/integration-test/target/test-dir/MiniOzoneClusterImpl-252142cc-85ec-47ec-8abc-bbf74a919ed0/datanode-1/data-0/containers/hdds/252142cc-85ec-47ec-8abc-bbf74a919ed0/DS-627239f8-9c91-4864-a366-22f2f2063b84/container.db for volume DS-627239f8-9c91-4864-a366-22f2f2063b84
2022-07-14 05:35:25,868 [EndpointStateMachine task thread for /127.0.0.1:43653 - 0 ] INFO  ozoneimpl.OzoneContainer (OzoneContainer.java:start(344)) - Attempting to start container services.
2022-07-14 05:35:25,868 [EndpointStateMachine task thread for /127.0.0.1:43653 - 0 ] INFO  ozoneimpl.OzoneContainer (OzoneContainer.java:startContainerScrub(279)) - Background container scanner has been disabled.
2022-07-14 05:35:25,872 [EndpointStateMachine task thread for /127.0.0.1:43653 - 0 ] INFO  replication.ReplicationServer (ReplicationServer.java:start(111)) - ReplicationServer is started using port 41707
2022-07-14 05:35:25,878 [EndpointStateMachine task thread for /127.0.0.1:43653 - 0 ] INFO  ratis.XceiverServerRatis (XceiverServerRatis.java:start(481)) - Starting XceiverServerRatis bbe56640-50c4-4219-bf4a-9972af81120e
2022-07-14 05:35:25,880 [EndpointStateMachine task thread for /127.0.0.1:43653 - 0 ] INFO  server.RaftServer (RaftServerProxy.java:lambda$start$6(382)) - bbe56640-50c4-4219-bf4a-9972af81120e: start RPC server
2022-07-14 05:35:25,895 [EndpointStateMachine task thread for /127.0.0.1:43653 - 0 ] INFO  server.GrpcService (GrpcService.java:startImpl(260)) - bbe56640-50c4-4219-bf4a-9972af81120e: GrpcService started, listening on 44819
2022-07-14 05:35:25,896 [EndpointStateMachine task thread for /127.0.0.1:43653 - 0 ] INFO  ratis.XceiverServerRatis (XceiverServerRatis.java:getRealPort(502)) - XceiverServerRatis bbe56640-50c4-4219-bf4a-9972af81120e is started using port 44819 for RATIS
2022-07-14 05:35:25,896 [org.apache.ratis.util.JvmPauseMonitor$$Lambda$519/2035454069@1c02b0b7] INFO  util.JvmPauseMonitor (JvmPauseMonitor.java:run(103)) - JvmPauseMonitor-bbe56640-50c4-4219-bf4a-9972af81120e: Started
2022-07-14 05:35:25,896 [EndpointStateMachine task thread for /127.0.0.1:43653 - 0 ] INFO  ratis.XceiverServerRatis (XceiverServerRatis.java:getRealPort(502)) - XceiverServerRatis bbe56640-50c4-4219-bf4a-9972af81120e is started using port 44819 for RATIS_ADMIN
2022-07-14 05:35:25,896 [EndpointStateMachine task thread for /127.0.0.1:43653 - 0 ] INFO  ratis.XceiverServerRatis (XceiverServerRatis.java:getRealPort(502)) - XceiverServerRatis bbe56640-50c4-4219-bf4a-9972af81120e is started using port 44819 for RATIS_SERVER
2022-07-14 05:35:25,905 [EndpointStateMachine task thread for /127.0.0.1:43653 - 0 ] INFO  server.XceiverServerGrpc (XceiverServerGrpc.java:start(180)) - XceiverServerGrpc bbe56640-50c4-4219-bf4a-9972af81120e is started using port 43307
2022-07-14 05:35:25,908 [EndpointStateMachine task thread for /127.0.0.1:36365 - 0 ] INFO  ozoneimpl.OzoneContainer (OzoneContainer.java:start(340)) - Ignore. OzoneContainer already started.
2022-07-14 05:35:25,909 [EndpointStateMachine task thread for /127.0.0.1:44189 - 0 ] INFO  ozoneimpl.OzoneContainer (OzoneContainer.java:start(340)) - Ignore. OzoneContainer already started.
2022-07-14 05:35:26,172 [Listener at 127.0.0.1/36625] INFO  ozone.MiniOzoneClusterImpl (MiniOzoneClusterImpl.java:lambda$waitForClusterToBeReady$0(216)) - Waiting for nodes to be ready. Got 0 of 3 DN Heartbeats.
2022-07-14 05:35:26,172 [Listener at 127.0.0.1/36625] INFO  ozone.MiniOzoneClusterImpl (MiniOzoneClusterImpl.java:lambda$waitForClusterToBeReady$0(219)) - Waiting for cluster to exit safe mode
2022-07-14 05:35:26,172 [Listener at 127.0.0.1/36625] INFO  ozone.MiniOzoneClusterImpl (MiniOzoneClusterImpl.java:lambda$waitForClusterToBeReady$0(221)) - SCM became leader
2022-07-14 05:35:26,245 [EndpointStateMachine task thread for /127.0.0.1:43653 - 0 ] INFO  volume.HddsVolume (HddsVolume.java:createDbStore(309)) - SchemaV3 db is created and loaded at /home/runner/work/ozone/ozone/hadoop-ozone/integration-test/target/test-dir/MiniOzoneClusterImpl-252142cc-85ec-47ec-8abc-bbf74a919ed0/datanode-2/data-0/containers/hdds/252142cc-85ec-47ec-8abc-bbf74a919ed0/DS-dd7ad8fc-ccca-40a5-8a6d-02b44ba4b337/container.db for volume DS-dd7ad8fc-ccca-40a5-8a6d-02b44ba4b337
2022-07-14 05:35:26,250 [EndpointStateMachine task thread for /127.0.0.1:43653 - 0 ] INFO  volume.HddsVolume (HddsVolume.java:closeDbStore(340)) - SchemaV3 db is stopped at /home/runner/work/ozone/ozone/hadoop-ozone/integration-test/target/test-dir/MiniOzoneClusterImpl-252142cc-85ec-47ec-8abc-bbf74a919ed0/datanode-2/data-0/containers/hdds/252142cc-85ec-47ec-8abc-bbf74a919ed0/DS-dd7ad8fc-ccca-40a5-8a6d-02b44ba4b337/container.db for volume DS-dd7ad8fc-ccca-40a5-8a6d-02b44ba4b337
2022-07-14 05:35:26,255 [EndpointStateMachine task thread for /127.0.0.1:36365 - 0 ] INFO  ozoneimpl.OzoneContainer (OzoneContainer.java:start(344)) - Attempting to start container services.
2022-07-14 05:35:26,255 [EndpointStateMachine task thread for /127.0.0.1:36365 - 0 ] INFO  ozoneimpl.OzoneContainer (OzoneContainer.java:startContainerScrub(279)) - Background container scanner has been disabled.
2022-07-14 05:35:26,260 [EndpointStateMachine task thread for /127.0.0.1:36365 - 0 ] INFO  replication.ReplicationServer (ReplicationServer.java:start(111)) - ReplicationServer is started using port 37723
2022-07-14 05:35:26,261 [EndpointStateMachine task thread for /127.0.0.1:36365 - 0 ] INFO  ratis.XceiverServerRatis (XceiverServerRatis.java:start(481)) - Starting XceiverServerRatis 034fa580-7f06-453c-9359-8a1a406b4b97
2022-07-14 05:35:26,262 [EndpointStateMachine task thread for /127.0.0.1:36365 - 0 ] INFO  server.RaftServer (RaftServerProxy.java:lambda$start$6(382)) - 034fa580-7f06-453c-9359-8a1a406b4b97: start RPC server
2022-07-14 05:35:26,268 [EndpointStateMachine task thread for /127.0.0.1:36365 - 0 ] INFO  server.GrpcService (GrpcService.java:startImpl(260)) - 034fa580-7f06-453c-9359-8a1a406b4b97: GrpcService started, listening on 39193
2022-07-14 05:35:26,271 [EndpointStateMachine task thread for /127.0.0.1:36365 - 0 ] INFO  ratis.XceiverServerRatis (XceiverServerRatis.java:getRealPort(502)) - XceiverServerRatis 034fa580-7f06-453c-9359-8a1a406b4b97 is started using port 39193 for RATIS
2022-07-14 05:35:26,271 [EndpointStateMachine task thread for /127.0.0.1:36365 - 0 ] INFO  ratis.XceiverServerRatis (XceiverServerRatis.java:getRealPort(502)) - XceiverServerRatis 034fa580-7f06-453c-9359-8a1a406b4b97 is started using port 39193 for RATIS_ADMIN
2022-07-14 05:35:26,271 [EndpointStateMachine task thread for /127.0.0.1:36365 - 0 ] INFO  ratis.XceiverServerRatis (XceiverServerRatis.java:getRealPort(502)) - XceiverServerRatis 034fa580-7f06-453c-9359-8a1a406b4b97 is started using port 39193 for RATIS_SERVER
2022-07-14 05:35:26,272 [org.apache.ratis.util.JvmPauseMonitor$$Lambda$519/2035454069@5dc0b06c] INFO  util.JvmPauseMonitor (JvmPauseMonitor.java:run(103)) - JvmPauseMonitor-034fa580-7f06-453c-9359-8a1a406b4b97: Started
2022-07-14 05:35:26,279 [EndpointStateMachine task thread for /127.0.0.1:36365 - 0 ] INFO  server.XceiverServerGrpc (XceiverServerGrpc.java:start(180)) - XceiverServerGrpc 034fa580-7f06-453c-9359-8a1a406b4b97 is started using port 35397
2022-07-14 05:35:26,280 [EndpointStateMachine task thread for /127.0.0.1:44189 - 0 ] INFO  ozoneimpl.OzoneContainer (OzoneContainer.java:start(340)) - Ignore. OzoneContainer already started.
2022-07-14 05:35:26,280 [EndpointStateMachine task thread for /127.0.0.1:43653 - 0 ] INFO  ozoneimpl.OzoneContainer (OzoneContainer.java:start(340)) - Ignore. OzoneContainer already started.
2022-07-14 05:35:27,173 [Listener at 127.0.0.1/36625] INFO  ozone.MiniOzoneClusterImpl (MiniOzoneClusterImpl.java:lambda$waitForClusterToBeReady$0(216)) - Waiting for nodes to be ready. Got 0 of 3 DN Heartbeats.
2022-07-14 05:35:27,174 [Listener at 127.0.0.1/36625] INFO  ozone.MiniOzoneClusterImpl (MiniOzoneClusterImpl.java:lambda$waitForClusterToBeReady$0(219)) - Waiting for cluster to exit safe mode
2022-07-14 05:35:27,174 [Listener at 127.0.0.1/36625] INFO  ozone.MiniOzoneClusterImpl (MiniOzoneClusterImpl.java:lambda$waitForClusterToBeReady$0(221)) - SCM became leader
2022-07-14 05:35:27,324 [IPC Server handler 5 on default port 36365] INFO  net.NetworkTopologyImpl (NetworkTopologyImpl.java:add(112)) - Added a new node: /default-rack/3afe85c2-914b-4505-ab37-b99a5e6b7b6c
2022-07-14 05:35:27,324 [IPC Server handler 1 on default port 43653] INFO  net.NetworkTopologyImpl (NetworkTopologyImpl.java:add(112)) - Added a new node: /default-rack/3afe85c2-914b-4505-ab37-b99a5e6b7b6c
2022-07-14 05:35:27,328 [IPC Server handler 0 on default port 44189] INFO  net.NetworkTopologyImpl (NetworkTopologyImpl.java:add(112)) - Added a new node: /default-rack/3afe85c2-914b-4505-ab37-b99a5e6b7b6c
2022-07-14 05:35:27,328 [IPC Server handler 5 on default port 36365] INFO  node.SCMNodeManager (SCMNodeManager.java:register(397)) - Registered Data node : 3afe85c2-914b-4505-ab37-b99a5e6b7b6c{ip: 127.0.0.1, host: localhost, ports: [REPLICATION=45877, RATIS=39675, RATIS_ADMIN=39675, RATIS_SERVER=39675, STANDALONE=44875], networkLocation: /default-rack, certSerialId: null, persistedOpState: null, persistedOpStateExpiryEpochSec: 0}
2022-07-14 05:35:27,328 [IPC Server handler 0 on default port 44189] INFO  node.SCMNodeManager (SCMNodeManager.java:register(397)) - Registered Data node : 3afe85c2-914b-4505-ab37-b99a5e6b7b6c{ip: 127.0.0.1, host: localhost, ports: [REPLICATION=45877, RATIS=39675, RATIS_ADMIN=39675, RATIS_SERVER=39675, STANDALONE=44875], networkLocation: /default-rack, certSerialId: null, persistedOpState: null, persistedOpStateExpiryEpochSec: 0}
2022-07-14 05:35:27,328 [IPC Server handler 1 on default port 43653] INFO  node.SCMNodeManager (SCMNodeManager.java:register(397)) - Registered Data node : 3afe85c2-914b-4505-ab37-b99a5e6b7b6c{ip: 127.0.0.1, host: localhost, ports: [REPLICATION=45877, RATIS=39675, RATIS_ADMIN=39675, RATIS_SERVER=39675, STANDALONE=44875], networkLocation: /default-rack, certSerialId: null, persistedOpState: null, persistedOpStateExpiryEpochSec: 0}
2022-07-14 05:35:27,337 [EventQueue-NodeRegistrationContainerReportForDataNodeSafeModeRule] INFO  safemode.SCMSafeModeManager (DataNodeSafeModeRule.java:process(71)) - SCM in safe mode. 1 DataNodes registered, 3 required.
2022-07-14 05:35:27,340 [EventQueue-NewNodeForNewNodeHandler] INFO  pipeline.BackgroundPipelineCreator (BackgroundPipelineCreator.java:notifyEventTriggered(276)) - trigger a one-shot run on RatisPipelineUtilsThread.
2022-07-14 05:35:27,344 [EventQueue-NewNodeForNewNodeHandler] INFO  pipeline.BackgroundPipelineCreator (BackgroundPipelineCreator.java:notifyEventTriggered(269)) - ignore, not leader SCM.
2022-07-14 05:35:27,344 [EventQueue-NodeRegistrationContainerReportForContainerSafeModeRule] INFO  safemode.SCMSafeModeManager (SCMSafeModeManager.java:validateSafeModeExitRules(204)) - ContainerSafeModeRule rule is successfully validated
2022-07-14 05:35:27,354 [EventQueue-PipelineReportForOneReplicaPipelineSafeModeRule] INFO  safemode.SCMSafeModeManager (SCMSafeModeManager.java:validateSafeModeExitRules(204)) - AtleastOneDatanodeReportedRule rule is successfully validated
2022-07-14 05:35:27,357 [EventQueue-NewNodeForNewNodeHandler] INFO  pipeline.BackgroundPipelineCreator (BackgroundPipelineCreator.java:notifyEventTriggered(269)) - ignore, not leader SCM.
2022-07-14 05:35:27,363 [EventQueue-NodeRegistrationContainerReportForDataNodeSafeModeRule] INFO  safemode.SCMSafeModeManager (DataNodeSafeModeRule.java:process(71)) - SCM in safe mode. 1 DataNodes registered, 3 required.
2022-07-14 05:35:27,364 [EventQueue-NodeRegistrationContainerReportForDataNodeSafeModeRule] INFO  safemode.SCMSafeModeManager (DataNodeSafeModeRule.java:process(71)) - SCM in safe mode. 1 DataNodes registered, 3 required.
2022-07-14 05:35:27,364 [RatisPipelineUtilsThread - 0] INFO  pipeline.RatisPipelineProvider (RatisPipelineProvider.java:lambda$create$0(195)) - Sending CreatePipelineCommand for pipeline:PipelineID=0bc9dacd-2b2e-40ce-b2bc-53584b332277 to datanode:3afe85c2-914b-4505-ab37-b99a5e6b7b6c
2022-07-14 05:35:27,366 [EventQueue-NodeRegistrationContainerReportForContainerSafeModeRule] INFO  safemode.SCMSafeModeManager (SCMSafeModeManager.java:validateSafeModeExitRules(204)) - ContainerSafeModeRule rule is successfully validated
2022-07-14 05:35:27,369 [EventQueue-PipelineReportForOneReplicaPipelineSafeModeRule] INFO  safemode.SCMSafeModeManager (SCMSafeModeManager.java:validateSafeModeExitRules(204)) - AtleastOneDatanodeReportedRule rule is successfully validated
2022-07-14 05:35:27,369 [EventQueue-NodeRegistrationContainerReportForContainerSafeModeRule] INFO  safemode.SCMSafeModeManager (SCMSafeModeManager.java:validateSafeModeExitRules(204)) - ContainerSafeModeRule rule is successfully validated
2022-07-14 05:35:27,373 [EventQueue-PipelineReportForOneReplicaPipelineSafeModeRule] INFO  safemode.SCMSafeModeManager (SCMSafeModeManager.java:validateSafeModeExitRules(204)) - AtleastOneDatanodeReportedRule rule is successfully validated
2022-07-14 05:35:27,474 [c5ffeb5e-3634-4360-91c9-d598b29e1477@group-BBF74A919ED0-StateMachineUpdater] INFO  pipeline.PipelineStateManagerImpl (PipelineStateManagerImpl.java:addPipeline(103)) - Created pipeline Pipeline[ Id: 0bc9dacd-2b2e-40ce-b2bc-53584b332277, Nodes: 3afe85c2-914b-4505-ab37-b99a5e6b7b6c{ip: 127.0.0.1, host: localhost, ports: [REPLICATION=45877, RATIS=39675, RATIS_ADMIN=39675, RATIS_SERVER=39675, STANDALONE=44875], networkLocation: /default-rack, certSerialId: null, persistedOpState: IN_SERVICE, persistedOpStateExpiryEpochSec: 0}, ReplicationConfig: RATIS/ONE, State:ALLOCATED, leaderId:, CreationTimestamp2022-07-14T05:35:27.361Z[Etc/UTC]].
2022-07-14 05:35:27,479 [c5ffeb5e-3634-4360-91c9-d598b29e1477@group-BBF74A919ED0-StateMachineUpdater] INFO  safemode.HealthyPipelineSafeModeRule (HealthyPipelineSafeModeRule.java:initializeRule(165)) - Refreshed total pipeline count is 0, healthy pipeline threshold count is 1
2022-07-14 05:35:27,489 [907b9e7c-2e96-4977-99e4-854b16c13945@group-BBF74A919ED0-StateMachineUpdater] INFO  pipeline.PipelineStateManagerImpl (PipelineStateManagerImpl.java:addPipeline(103)) - Created pipeline Pipeline[ Id: 0bc9dacd-2b2e-40ce-b2bc-53584b332277, Nodes: 3afe85c2-914b-4505-ab37-b99a5e6b7b6c{ip: 127.0.0.1, host: localhost, ports: [REPLICATION=45877, RATIS=39675, RATIS_ADMIN=39675, RATIS_SERVER=39675, STANDALONE=44875], networkLocation: /default-rack, certSerialId: null, persistedOpState: IN_SERVICE, persistedOpStateExpiryEpochSec: 0}, ReplicationConfig: RATIS/ONE, State:ALLOCATED, leaderId:, CreationTimestamp2022-07-14T05:35:27.361Z[Etc/UTC]].
2022-07-14 05:35:27,503 [907b9e7c-2e96-4977-99e4-854b16c13945@group-BBF74A919ED0-StateMachineUpdater] INFO  safemode.HealthyPipelineSafeModeRule (HealthyPipelineSafeModeRule.java:initializeRule(165)) - Refreshed total pipeline count is 0, healthy pipeline threshold count is 1
2022-07-14 05:35:27,501 [2dd1b2fa-668a-4f00-b120-82156fdca129@group-BBF74A919ED0-StateMachineUpdater] INFO  pipeline.PipelineStateManagerImpl (PipelineStateManagerImpl.java:addPipeline(103)) - Created pipeline Pipeline[ Id: 0bc9dacd-2b2e-40ce-b2bc-53584b332277, Nodes: 3afe85c2-914b-4505-ab37-b99a5e6b7b6c{ip: 127.0.0.1, host: localhost, ports: [REPLICATION=45877, RATIS=39675, RATIS_ADMIN=39675, RATIS_SERVER=39675, STANDALONE=44875], networkLocation: /default-rack, certSerialId: null, persistedOpState: IN_SERVICE, persistedOpStateExpiryEpochSec: 0}, ReplicationConfig: RATIS/ONE, State:ALLOCATED, leaderId:, CreationTimestamp2022-07-14T05:35:27.361Z[Etc/UTC]].
2022-07-14 05:35:27,512 [2dd1b2fa-668a-4f00-b120-82156fdca129@group-BBF74A919ED0-StateMachineUpdater] INFO  safemode.HealthyPipelineSafeModeRule (HealthyPipelineSafeModeRule.java:initializeRule(165)) - Refreshed total pipeline count is 0, healthy pipeline threshold count is 1
2022-07-14 05:35:27,806 [IPC Server handler 4 on default port 43653] INFO  net.NetworkTopologyImpl (NetworkTopologyImpl.java:add(112)) - Added a new node: /default-rack/bbe56640-50c4-4219-bf4a-9972af81120e
2022-07-14 05:35:27,809 [IPC Server handler 4 on default port 43653] INFO  node.SCMNodeManager (SCMNodeManager.java:register(397)) - Registered Data node : bbe56640-50c4-4219-bf4a-9972af81120e{ip: 127.0.0.1, host: localhost, ports: [REPLICATION=41707, RATIS=44819, RATIS_ADMIN=44819, RATIS_SERVER=44819, STANDALONE=43307], networkLocation: /default-rack, certSerialId: null, persistedOpState: null, persistedOpStateExpiryEpochSec: 0}
2022-07-14 05:35:27,811 [EventQueue-NewNodeForNewNodeHandler] INFO  pipeline.BackgroundPipelineCreator (BackgroundPipelineCreator.java:notifyEventTriggered(269)) - ignore, not leader SCM.
2022-07-14 05:35:27,811 [EventQueue-NodeRegistrationContainerReportForDataNodeSafeModeRule] INFO  safemode.SCMSafeModeManager (DataNodeSafeModeRule.java:process(71)) - SCM in safe mode. 2 DataNodes registered, 3 required.
2022-07-14 05:35:27,812 [IPC Server handler 1 on default port 44189] INFO  net.NetworkTopologyImpl (NetworkTopologyImpl.java:add(112)) - Added a new node: /default-rack/bbe56640-50c4-4219-bf4a-9972af81120e
2022-07-14 05:35:27,812 [IPC Server handler 1 on default port 44189] INFO  node.SCMNodeManager (SCMNodeManager.java:register(397)) - Registered Data node : bbe56640-50c4-4219-bf4a-9972af81120e{ip: 127.0.0.1, host: localhost, ports: [REPLICATION=41707, RATIS=44819, RATIS_ADMIN=44819, RATIS_SERVER=44819, STANDALONE=43307], networkLocation: /default-rack, certSerialId: null, persistedOpState: null, persistedOpStateExpiryEpochSec: 0}
2022-07-14 05:35:27,812 [EventQueue-NewNodeForNewNodeHandler] INFO  pipeline.BackgroundPipelineCreator (BackgroundPipelineCreator.java:notifyEventTriggered(269)) - ignore, not leader SCM.
2022-07-14 05:35:27,812 [EventQueue-NodeRegistrationContainerReportForDataNodeSafeModeRule] INFO  safemode.SCMSafeModeManager (DataNodeSafeModeRule.java:process(71)) - SCM in safe mode. 2 DataNodes registered, 3 required.
2022-07-14 05:35:27,813 [IPC Server handler 8 on default port 36365] INFO  net.NetworkTopologyImpl (NetworkTopologyImpl.java:add(112)) - Added a new node: /default-rack/bbe56640-50c4-4219-bf4a-9972af81120e
2022-07-14 05:35:27,813 [IPC Server handler 8 on default port 36365] INFO  node.SCMNodeManager (SCMNodeManager.java:register(397)) - Registered Data node : bbe56640-50c4-4219-bf4a-9972af81120e{ip: 127.0.0.1, host: localhost, ports: [REPLICATION=41707, RATIS=44819, RATIS_ADMIN=44819, RATIS_SERVER=44819, STANDALONE=43307], networkLocation: /default-rack, certSerialId: null, persistedOpState: null, persistedOpStateExpiryEpochSec: 0}
2022-07-14 05:35:27,813 [EventQueue-NodeRegistrationContainerReportForDataNodeSafeModeRule] INFO  safemode.SCMSafeModeManager (DataNodeSafeModeRule.java:process(71)) - SCM in safe mode. 2 DataNodes registered, 3 required.
2022-07-14 05:35:27,814 [EventQueue-NewNodeForNewNodeHandler] INFO  pipeline.BackgroundPipelineCreator (BackgroundPipelineCreator.java:notifyEventTriggered(276)) - trigger a one-shot run on RatisPipelineUtilsThread.
2022-07-14 05:35:27,816 [RatisPipelineUtilsThread - 0] INFO  pipeline.RatisPipelineProvider (RatisPipelineProvider.java:lambda$create$0(195)) - Sending CreatePipelineCommand for pipeline:PipelineID=cb5ca9a4-b4c9-4884-9888-cd5c55497dc5 to datanode:bbe56640-50c4-4219-bf4a-9972af81120e
2022-07-14 05:35:27,825 [c5ffeb5e-3634-4360-91c9-d598b29e1477@group-BBF74A919ED0-StateMachineUpdater] INFO  pipeline.PipelineStateManagerImpl (PipelineStateManagerImpl.java:addPipeline(103)) - Created pipeline Pipeline[ Id: cb5ca9a4-b4c9-4884-9888-cd5c55497dc5, Nodes: bbe56640-50c4-4219-bf4a-9972af81120e{ip: 127.0.0.1, host: localhost, ports: [REPLICATION=41707, RATIS=44819, RATIS_ADMIN=44819, RATIS_SERVER=44819, STANDALONE=43307], networkLocation: /default-rack, certSerialId: null, persistedOpState: IN_SERVICE, persistedOpStateExpiryEpochSec: 0}, ReplicationConfig: RATIS/ONE, State:ALLOCATED, leaderId:, CreationTimestamp2022-07-14T05:35:27.816Z[Etc/UTC]].
2022-07-14 05:35:27,825 [c5ffeb5e-3634-4360-91c9-d598b29e1477@group-BBF74A919ED0-StateMachineUpdater] INFO  safemode.HealthyPipelineSafeModeRule (HealthyPipelineSafeModeRule.java:initializeRule(165)) - Refreshed total pipeline count is 0, healthy pipeline threshold count is 1
2022-07-14 05:35:27,829 [2dd1b2fa-668a-4f00-b120-82156fdca129@group-BBF74A919ED0-StateMachineUpdater] INFO  pipeline.PipelineStateManagerImpl (PipelineStateManagerImpl.java:addPipeline(103)) - Created pipeline Pipeline[ Id: cb5ca9a4-b4c9-4884-9888-cd5c55497dc5, Nodes: bbe56640-50c4-4219-bf4a-9972af81120e{ip: 127.0.0.1, host: localhost, ports: [REPLICATION=41707, RATIS=44819, RATIS_ADMIN=44819, RATIS_SERVER=44819, STANDALONE=43307], networkLocation: /default-rack, certSerialId: null, persistedOpState: IN_SERVICE, persistedOpStateExpiryEpochSec: 0}, ReplicationConfig: RATIS/ONE, State:ALLOCATED, leaderId:, CreationTimestamp2022-07-14T05:35:27.816Z[Etc/UTC]].
2022-07-14 05:35:27,837 [2dd1b2fa-668a-4f00-b120-82156fdca129@group-BBF74A919ED0-StateMachineUpdater] INFO  safemode.HealthyPipelineSafeModeRule (HealthyPipelineSafeModeRule.java:initializeRule(165)) - Refreshed total pipeline count is 0, healthy pipeline threshold count is 1
2022-07-14 05:35:27,838 [907b9e7c-2e96-4977-99e4-854b16c13945@group-BBF74A919ED0-StateMachineUpdater] INFO  pipeline.PipelineStateManagerImpl (PipelineStateManagerImpl.java:addPipeline(103)) - Created pipeline Pipeline[ Id: cb5ca9a4-b4c9-4884-9888-cd5c55497dc5, Nodes: bbe56640-50c4-4219-bf4a-9972af81120e{ip: 127.0.0.1, host: localhost, ports: [REPLICATION=41707, RATIS=44819, RATIS_ADMIN=44819, RATIS_SERVER=44819, STANDALONE=43307], networkLocation: /default-rack, certSerialId: null, persistedOpState: IN_SERVICE, persistedOpStateExpiryEpochSec: 0}, ReplicationConfig: RATIS/ONE, State:ALLOCATED, leaderId:, CreationTimestamp2022-07-14T05:35:27.816Z[Etc/UTC]].
2022-07-14 05:35:27,840 [907b9e7c-2e96-4977-99e4-854b16c13945@group-BBF74A919ED0-StateMachineUpdater] INFO  safemode.HealthyPipelineSafeModeRule (HealthyPipelineSafeModeRule.java:initializeRule(165)) - Refreshed total pipeline count is 0, healthy pipeline threshold count is 1
2022-07-14 05:35:28,175 [Listener at 127.0.0.1/36625] INFO  ozone.MiniOzoneClusterImpl (MiniOzoneClusterImpl.java:lambda$waitForClusterToBeReady$0(216)) - Waiting for nodes to be ready. Got 2 of 3 DN Heartbeats.
2022-07-14 05:35:28,177 [Listener at 127.0.0.1/36625] INFO  ozone.MiniOzoneClusterImpl (MiniOzoneClusterImpl.java:lambda$waitForClusterToBeReady$0(219)) - Waiting for cluster to exit safe mode
2022-07-14 05:35:28,177 [Listener at 127.0.0.1/36625] INFO  ozone.MiniOzoneClusterImpl (MiniOzoneClusterImpl.java:lambda$waitForClusterToBeReady$0(221)) - SCM became leader
2022-07-14 05:35:28,188 [IPC Server handler 6 on default port 36365] INFO  net.NetworkTopologyImpl (NetworkTopologyImpl.java:add(112)) - Added a new node: /default-rack/034fa580-7f06-453c-9359-8a1a406b4b97
2022-07-14 05:35:28,188 [IPC Server handler 6 on default port 36365] INFO  node.SCMNodeManager (SCMNodeManager.java:register(397)) - Registered Data node : 034fa580-7f06-453c-9359-8a1a406b4b97{ip: 127.0.0.1, host: localhost, ports: [REPLICATION=37723, RATIS=39193, RATIS_ADMIN=39193, RATIS_SERVER=39193, STANDALONE=35397], networkLocation: /default-rack, certSerialId: null, persistedOpState: null, persistedOpStateExpiryEpochSec: 0}
2022-07-14 05:35:28,188 [IPC Server handler 2 on default port 44189] INFO  net.NetworkTopologyImpl (NetworkTopologyImpl.java:add(112)) - Added a new node: /default-rack/034fa580-7f06-453c-9359-8a1a406b4b97
2022-07-14 05:35:28,189 [IPC Server handler 2 on default port 44189] INFO  node.SCMNodeManager (SCMNodeManager.java:register(397)) - Registered Data node : 034fa580-7f06-453c-9359-8a1a406b4b97{ip: 127.0.0.1, host: localhost, ports: [REPLICATION=37723, RATIS=39193, RATIS_ADMIN=39193, RATIS_SERVER=39193, STANDALONE=35397], networkLocation: /default-rack, certSerialId: null, persistedOpState: null, persistedOpStateExpiryEpochSec: 0}
2022-07-14 05:35:28,189 [IPC Server handler 2 on default port 43653] INFO  net.NetworkTopologyImpl (NetworkTopologyImpl.java:add(112)) - Added a new node: /default-rack/034fa580-7f06-453c-9359-8a1a406b4b97
2022-07-14 05:35:28,189 [EventQueue-NewNodeForNewNodeHandler] INFO  pipeline.BackgroundPipelineCreator (BackgroundPipelineCreator.java:notifyEventTriggered(269)) - ignore, not leader SCM.
2022-07-14 05:35:28,189 [IPC Server handler 2 on default port 43653] INFO  node.SCMNodeManager (SCMNodeManager.java:register(397)) - Registered Data node : 034fa580-7f06-453c-9359-8a1a406b4b97{ip: 127.0.0.1, host: localhost, ports: [REPLICATION=37723, RATIS=39193, RATIS_ADMIN=39193, RATIS_SERVER=39193, STANDALONE=35397], networkLocation: /default-rack, certSerialId: null, persistedOpState: null, persistedOpStateExpiryEpochSec: 0}
2022-07-14 05:35:28,190 [EventQueue-NodeRegistrationContainerReportForDataNodeSafeModeRule] INFO  safemode.SCMSafeModeManager (DataNodeSafeModeRule.java:process(71)) - SCM in safe mode. 3 DataNodes registered, 3 required.
2022-07-14 05:35:28,190 [EventQueue-NodeRegistrationContainerReportForDataNodeSafeModeRule] INFO  safemode.SCMSafeModeManager (SCMSafeModeManager.java:validateSafeModeExitRules(204)) - DataNodeSafeModeRule rule is successfully validated
2022-07-14 05:35:28,190 [EventQueue-NodeRegistrationContainerReportForDataNodeSafeModeRule] INFO  safemode.SCMSafeModeManager (SCMSafeModeManager.java:completePreCheck(233)) - All SCM safe mode pre check rules have passed
2022-07-14 05:35:28,190 [EventQueue-NodeRegistrationContainerReportForDataNodeSafeModeRule] WARN  events.EventQueue (EventQueue.java:fireEvent(216)) - No event handler registered for event TypedEvent{payloadType=SafeModeStatus, name='Safe mode status'}
2022-07-14 05:35:28,190 [EventQueue-NewNodeForNewNodeHandler] INFO  pipeline.BackgroundPipelineCreator (BackgroundPipelineCreator.java:notifyEventTriggered(276)) - trigger a one-shot run on RatisPipelineUtilsThread.
2022-07-14 05:35:28,190 [EventQueue-NodeRegistrationContainerReportForDataNodeSafeModeRule] INFO  safemode.SCMSafeModeManager (DataNodeSafeModeRule.java:process(71)) - SCM in safe mode. 3 DataNodes registered, 3 required.
2022-07-14 05:35:28,190 [EventQueue-NodeRegistrationContainerReportForDataNodeSafeModeRule] INFO  safemode.SCMSafeModeManager (SCMSafeModeManager.java:validateSafeModeExitRules(204)) - DataNodeSafeModeRule rule is successfully validated
2022-07-14 05:35:28,190 [EventQueue-NodeRegistrationContainerReportForDataNodeSafeModeRule] INFO  ha.SCMContext (SCMContext.java:updateSafeModeStatus(228)) - Update SafeModeStatus from SafeModeStatus{safeModeStatus=true, preCheckPassed=false} to SafeModeStatus{safeModeStatus=true, preCheckPassed=true}.
2022-07-14 05:35:28,190 [EventQueue-NodeRegistrationContainerReportForDataNodeSafeModeRule] INFO  pipeline.BackgroundPipelineCreator (BackgroundPipelineCreator.java:notifyEventTriggered(269)) - ignore, not leader SCM.
2022-07-14 05:35:28,190 [EventQueue-NewNodeForNewNodeHandler] INFO  pipeline.BackgroundPipelineCreator (BackgroundPipelineCreator.java:notifyEventTriggered(269)) - ignore, not leader SCM.
2022-07-14 05:35:28,191 [EventQueue-NodeRegistrationContainerReportForDataNodeSafeModeRule] INFO  safemode.SCMSafeModeManager (DataNodeSafeModeRule.java:process(71)) - SCM in safe mode. 3 DataNodes registered, 3 required.
2022-07-14 05:35:28,191 [EventQueue-NodeRegistrationContainerReportForDataNodeSafeModeRule] INFO  safemode.SCMSafeModeManager (SCMSafeModeManager.java:validateSafeModeExitRules(204)) - DataNodeSafeModeRule rule is successfully validated
2022-07-14 05:35:28,191 [EventQueue-NodeRegistrationContainerReportForDataNodeSafeModeRule] INFO  safemode.SCMSafeModeManager (SCMSafeModeManager.java:completePreCheck(233)) - All SCM safe mode pre check rules have passed
2022-07-14 05:35:28,190 [EventQueue-NodeRegistrationContainerReportForDataNodeSafeModeRule] INFO  safemode.SCMSafeModeManager (SCMSafeModeManager.java:completePreCheck(233)) - All SCM safe mode pre check rules have passed
2022-07-14 05:35:28,191 [RatisPipelineUtilsThread - 0] INFO  pipeline.RatisPipelineProvider (RatisPipelineProvider.java:lambda$create$0(195)) - Sending CreatePipelineCommand for pipeline:PipelineID=24c7cdfe-8124-4b26-bfd1-fd3248ef1a8c to datanode:034fa580-7f06-453c-9359-8a1a406b4b97
2022-07-14 05:35:28,191 [EventQueue-NodeRegistrationContainerReportForDataNodeSafeModeRule] WARN  events.EventQueue (EventQueue.java:fireEvent(216)) - No event handler registered for event TypedEvent{payloadType=SafeModeStatus, name='Safe mode status'}
2022-07-14 05:35:28,193 [EventQueue-NodeRegistrationContainerReportForDataNodeSafeModeRule] INFO  ha.SCMContext (SCMContext.java:updateSafeModeStatus(228)) - Update SafeModeStatus from SafeModeStatus{safeModeStatus=true, preCheckPassed=false} to SafeModeStatus{safeModeStatus=true, preCheckPassed=true}.
2022-07-14 05:35:28,193 [EventQueue-NodeRegistrationContainerReportForDataNodeSafeModeRule] INFO  pipeline.BackgroundPipelineCreator (BackgroundPipelineCreator.java:notifyEventTriggered(269)) - ignore, not leader SCM.
2022-07-14 05:35:28,191 [EventQueue-NodeRegistrationContainerReportForDataNodeSafeModeRule] WARN  events.EventQueue (EventQueue.java:fireEvent(216)) - No event handler registered for event TypedEvent{payloadType=SafeModeStatus, name='Safe mode status'}
2022-07-14 05:35:28,194 [EventQueue-NodeRegistrationContainerReportForDataNodeSafeModeRule] INFO  ha.SCMContext (SCMContext.java:updateSafeModeStatus(228)) - Update SafeModeStatus from SafeModeStatus{safeModeStatus=true, preCheckPassed=false} to SafeModeStatus{safeModeStatus=true, preCheckPassed=true}.
2022-07-14 05:35:28,194 [EventQueue-NodeRegistrationContainerReportForDataNodeSafeModeRule] INFO  pipeline.BackgroundPipelineCreator (BackgroundPipelineCreator.java:notifyEventTriggered(276)) - trigger a one-shot run on RatisPipelineUtilsThread.
2022-07-14 05:35:28,199 [c5ffeb5e-3634-4360-91c9-d598b29e1477@group-BBF74A919ED0-StateMachineUpdater] INFO  pipeline.PipelineStateManagerImpl (PipelineStateManagerImpl.java:addPipeline(103)) - Created pipeline Pipeline[ Id: 24c7cdfe-8124-4b26-bfd1-fd3248ef1a8c, Nodes: 034fa580-7f06-453c-9359-8a1a406b4b97{ip: 127.0.0.1, host: localhost, ports: [REPLICATION=37723, RATIS=39193, RATIS_ADMIN=39193, RATIS_SERVER=39193, STANDALONE=35397], networkLocation: /default-rack, certSerialId: null, persistedOpState: IN_SERVICE, persistedOpStateExpiryEpochSec: 0}, ReplicationConfig: RATIS/ONE, State:ALLOCATED, leaderId:, CreationTimestamp2022-07-14T05:35:28.191Z[Etc/UTC]].
2022-07-14 05:35:28,199 [c5ffeb5e-3634-4360-91c9-d598b29e1477@group-BBF74A919ED0-StateMachineUpdater] INFO  safemode.HealthyPipelineSafeModeRule (HealthyPipelineSafeModeRule.java:initializeRule(165)) - Refreshed total pipeline count is 0, healthy pipeline threshold count is 1
2022-07-14 05:35:28,204 [RatisPipelineUtilsThread - 0] INFO  pipeline.RatisPipelineProvider (RatisPipelineProvider.java:lambda$create$0(195)) - Sending CreatePipelineCommand for pipeline:PipelineID=3442a38a-df77-4709-88f3-3f3960a450f3 to datanode:3afe85c2-914b-4505-ab37-b99a5e6b7b6c
2022-07-14 05:35:28,208 [RatisPipelineUtilsThread - 0] INFO  pipeline.RatisPipelineProvider (RatisPipelineProvider.java:lambda$create$0(195)) - Sending CreatePipelineCommand for pipeline:PipelineID=3442a38a-df77-4709-88f3-3f3960a450f3 to datanode:034fa580-7f06-453c-9359-8a1a406b4b97
2022-07-14 05:35:28,208 [RatisPipelineUtilsThread - 0] INFO  pipeline.RatisPipelineProvider (RatisPipelineProvider.java:lambda$create$0(195)) - Sending CreatePipelineCommand for pipeline:PipelineID=3442a38a-df77-4709-88f3-3f3960a450f3 to datanode:bbe56640-50c4-4219-bf4a-9972af81120e
2022-07-14 05:35:28,220 [907b9e7c-2e96-4977-99e4-854b16c13945@group-BBF74A919ED0-StateMachineUpdater] INFO  pipeline.PipelineStateManagerImpl (PipelineStateManagerImpl.java:addPipeline(103)) - Created pipeline Pipeline[ Id: 24c7cdfe-8124-4b26-bfd1-fd3248ef1a8c, Nodes: 034fa580-7f06-453c-9359-8a1a406b4b97{ip: 127.0.0.1, host: localhost, ports: [REPLICATION=37723, RATIS=39193, RATIS_ADMIN=39193, RATIS_SERVER=39193, STANDALONE=35397], networkLocation: /default-rack, certSerialId: null, persistedOpState: IN_SERVICE, persistedOpStateExpiryEpochSec: 0}, ReplicationConfig: RATIS/ONE, State:ALLOCATED, leaderId:, CreationTimestamp2022-07-14T05:35:28.191Z[Etc/UTC]].
2022-07-14 05:35:28,221 [2dd1b2fa-668a-4f00-b120-82156fdca129@group-BBF74A919ED0-StateMachineUpdater] INFO  pipeline.PipelineStateManagerImpl (PipelineStateManagerImpl.java:addPipeline(103)) - Created pipeline Pipeline[ Id: 24c7cdfe-8124-4b26-bfd1-fd3248ef1a8c, Nodes: 034fa580-7f06-453c-9359-8a1a406b4b97{ip: 127.0.0.1, host: localhost, ports: [REPLICATION=37723, RATIS=39193, RATIS_ADMIN=39193, RATIS_SERVER=39193, STANDALONE=35397], networkLocation: /default-rack, certSerialId: null, persistedOpState: IN_SERVICE, persistedOpStateExpiryEpochSec: 0}, ReplicationConfig: RATIS/ONE, State:ALLOCATED, leaderId:, CreationTimestamp2022-07-14T05:35:28.191Z[Etc/UTC]].
2022-07-14 05:35:28,221 [907b9e7c-2e96-4977-99e4-854b16c13945@group-BBF74A919ED0-StateMachineUpdater] INFO  safemode.HealthyPipelineSafeModeRule (HealthyPipelineSafeModeRule.java:initializeRule(165)) - Refreshed total pipeline count is 0, healthy pipeline threshold count is 1
2022-07-14 05:35:28,222 [2dd1b2fa-668a-4f00-b120-82156fdca129@group-BBF74A919ED0-StateMachineUpdater] INFO  safemode.HealthyPipelineSafeModeRule (HealthyPipelineSafeModeRule.java:initializeRule(165)) - Refreshed total pipeline count is 0, healthy pipeline threshold count is 1
2022-07-14 05:35:28,236 [c5ffeb5e-3634-4360-91c9-d598b29e1477@group-BBF74A919ED0-StateMachineUpdater] INFO  pipeline.PipelineStateManagerImpl (PipelineStateManagerImpl.java:addPipeline(103)) - Created pipeline Pipeline[ Id: 3442a38a-df77-4709-88f3-3f3960a450f3, Nodes: 3afe85c2-914b-4505-ab37-b99a5e6b7b6c{ip: 127.0.0.1, host: localhost, ports: [REPLICATION=45877, RATIS=39675, RATIS_ADMIN=39675, RATIS_SERVER=39675, STANDALONE=44875], networkLocation: /default-rack, certSerialId: null, persistedOpState: IN_SERVICE, persistedOpStateExpiryEpochSec: 0}034fa580-7f06-453c-9359-8a1a406b4b97{ip: 127.0.0.1, host: localhost, ports: [REPLICATION=37723, RATIS=39193, RATIS_ADMIN=39193, RATIS_SERVER=39193, STANDALONE=35397], networkLocation: /default-rack, certSerialId: null, persistedOpState: IN_SERVICE, persistedOpStateExpiryEpochSec: 0}bbe56640-50c4-4219-bf4a-9972af81120e{ip: 127.0.0.1, host: localhost, ports: [REPLICATION=41707, RATIS=44819, RATIS_ADMIN=44819, RATIS_SERVER=44819, STANDALONE=43307], networkLocation: /default-rack, certSerialId: null, persistedOpState: IN_SERVICE, persistedOpStateExpiryEpochSec: 0}, ReplicationConfig: RATIS/THREE, State:ALLOCATED, leaderId:, CreationTimestamp2022-07-14T05:35:28.204Z[Etc/UTC]].
2022-07-14 05:35:28,236 [c5ffeb5e-3634-4360-91c9-d598b29e1477@group-BBF74A919ED0-StateMachineUpdater] INFO  safemode.HealthyPipelineSafeModeRule (HealthyPipelineSafeModeRule.java:initializeRule(165)) - Refreshed total pipeline count is 0, healthy pipeline threshold count is 1
2022-07-14 05:35:28,238 [RatisPipelineUtilsThread - 0] INFO  pipeline.RatisPipelineProvider (RatisPipelineProvider.java:lambda$create$0(195)) - Sending CreatePipelineCommand for pipeline:PipelineID=66d4f1d7-e2f1-4cea-a8ca-4bd82b653b0e to datanode:3afe85c2-914b-4505-ab37-b99a5e6b7b6c
2022-07-14 05:35:28,247 [RatisPipelineUtilsThread - 0] INFO  pipeline.RatisPipelineProvider (RatisPipelineProvider.java:lambda$create$0(195)) - Sending CreatePipelineCommand for pipeline:PipelineID=66d4f1d7-e2f1-4cea-a8ca-4bd82b653b0e to datanode:bbe56640-50c4-4219-bf4a-9972af81120e
2022-07-14 05:35:28,247 [RatisPipelineUtilsThread - 0] INFO  pipeline.RatisPipelineProvider (RatisPipelineProvider.java:lambda$create$0(195)) - Sending CreatePipelineCommand for pipeline:PipelineID=66d4f1d7-e2f1-4cea-a8ca-4bd82b653b0e to datanode:034fa580-7f06-453c-9359-8a1a406b4b97
2022-07-14 05:35:28,252 [907b9e7c-2e96-4977-99e4-854b16c13945@group-BBF74A919ED0-StateMachineUpdater] INFO  pipeline.PipelineStateManagerImpl (PipelineStateManagerImpl.java:addPipeline(103)) - Created pipeline Pipeline[ Id: 3442a38a-df77-4709-88f3-3f3960a450f3, Nodes: 3afe85c2-914b-4505-ab37-b99a5e6b7b6c{ip: 127.0.0.1, host: localhost, ports: [REPLICATION=45877, RATIS=39675, RATIS_ADMIN=39675, RATIS_SERVER=39675, STANDALONE=44875], networkLocation: /default-rack, certSerialId: null, persistedOpState: IN_SERVICE, persistedOpStateExpiryEpochSec: 0}034fa580-7f06-453c-9359-8a1a406b4b97{ip: 127.0.0.1, host: localhost, ports: [REPLICATION=37723, RATIS=39193, RATIS_ADMIN=39193, RATIS_SERVER=39193, STANDALONE=35397], networkLocation: /default-rack, certSerialId: null, persistedOpState: IN_SERVICE, persistedOpStateExpiryEpochSec: 0}bbe56640-50c4-4219-bf4a-9972af81120e{ip: 127.0.0.1, host: localhost, ports: [REPLICATION=41707, RATIS=44819, RATIS_ADMIN=44819, RATIS_SERVER=44819, STANDALONE=43307], networkLocation: /default-rack, certSerialId: null, persistedOpState: IN_SERVICE, persistedOpStateExpiryEpochSec: 0}, ReplicationConfig: RATIS/THREE, State:ALLOCATED, leaderId:, CreationTimestamp2022-07-14T05:35:28.204Z[Etc/UTC]].
2022-07-14 05:35:28,253 [907b9e7c-2e96-4977-99e4-854b16c13945@group-BBF74A919ED0-StateMachineUpdater] INFO  safemode.HealthyPipelineSafeModeRule (HealthyPipelineSafeModeRule.java:initializeRule(165)) - Refreshed total pipeline count is 0, healthy pipeline threshold count is 1
2022-07-14 05:35:28,253 [2dd1b2fa-668a-4f00-b120-82156fdca129@group-BBF74A919ED0-StateMachineUpdater] INFO  pipeline.PipelineStateManagerImpl (PipelineStateManagerImpl.java:addPipeline(103)) - Created pipeline Pipeline[ Id: 3442a38a-df77-4709-88f3-3f3960a450f3, Nodes: 3afe85c2-914b-4505-ab37-b99a5e6b7b6c{ip: 127.0.0.1, host: localhost, ports: [REPLICATION=45877, RATIS=39675, RATIS_ADMIN=39675, RATIS_SERVER=39675, STANDALONE=44875], networkLocation: /default-rack, certSerialId: null, persistedOpState: IN_SERVICE, persistedOpStateExpiryEpochSec: 0}034fa580-7f06-453c-9359-8a1a406b4b97{ip: 127.0.0.1, host: localhost, ports: [REPLICATION=37723, RATIS=39193, RATIS_ADMIN=39193, RATIS_SERVER=39193, STANDALONE=35397], networkLocation: /default-rack, certSerialId: null, persistedOpState: IN_SERVICE, persistedOpStateExpiryEpochSec: 0}bbe56640-50c4-4219-bf4a-9972af81120e{ip: 127.0.0.1, host: localhost, ports: [REPLICATION=41707, RATIS=44819, RATIS_ADMIN=44819, RATIS_SERVER=44819, STANDALONE=43307], networkLocation: /default-rack, certSerialId: null, persistedOpState: IN_SERVICE, persistedOpStateExpiryEpochSec: 0}, ReplicationConfig: RATIS/THREE, State:ALLOCATED, leaderId:, CreationTimestamp2022-07-14T05:35:28.204Z[Etc/UTC]].
2022-07-14 05:35:28,260 [2dd1b2fa-668a-4f00-b120-82156fdca129@group-BBF74A919ED0-StateMachineUpdater] INFO  safemode.HealthyPipelineSafeModeRule (HealthyPipelineSafeModeRule.java:initializeRule(165)) - Refreshed total pipeline count is 0, healthy pipeline threshold count is 1
2022-07-14 05:35:28,265 [c5ffeb5e-3634-4360-91c9-d598b29e1477@group-BBF74A919ED0-StateMachineUpdater] INFO  pipeline.PipelineStateManagerImpl (PipelineStateManagerImpl.java:addPipeline(103)) - Created pipeline Pipeline[ Id: 66d4f1d7-e2f1-4cea-a8ca-4bd82b653b0e, Nodes: 3afe85c2-914b-4505-ab37-b99a5e6b7b6c{ip: 127.0.0.1, host: localhost, ports: [REPLICATION=45877, RATIS=39675, RATIS_ADMIN=39675, RATIS_SERVER=39675, STANDALONE=44875], networkLocation: /default-rack, certSerialId: null, persistedOpState: IN_SERVICE, persistedOpStateExpiryEpochSec: 0}bbe56640-50c4-4219-bf4a-9972af81120e{ip: 127.0.0.1, host: localhost, ports: [REPLICATION=41707, RATIS=44819, RATIS_ADMIN=44819, RATIS_SERVER=44819, STANDALONE=43307], networkLocation: /default-rack, certSerialId: null, persistedOpState: IN_SERVICE, persistedOpStateExpiryEpochSec: 0}034fa580-7f06-453c-9359-8a1a406b4b97{ip: 127.0.0.1, host: localhost, ports: [REPLICATION=37723, RATIS=39193, RATIS_ADMIN=39193, RATIS_SERVER=39193, STANDALONE=35397], networkLocation: /default-rack, certSerialId: null, persistedOpState: IN_SERVICE, persistedOpStateExpiryEpochSec: 0}, ReplicationConfig: RATIS/THREE, State:ALLOCATED, leaderId:, CreationTimestamp2022-07-14T05:35:28.238Z[Etc/UTC]].
2022-07-14 05:35:28,273 [c5ffeb5e-3634-4360-91c9-d598b29e1477@group-BBF74A919ED0-StateMachineUpdater] INFO  safemode.HealthyPipelineSafeModeRule (HealthyPipelineSafeModeRule.java:initializeRule(165)) - Refreshed total pipeline count is 0, healthy pipeline threshold count is 1
2022-07-14 05:35:28,274 [RatisPipelineUtilsThread - 0] INFO  pipeline.PipelineManagerImpl (PipelineManagerImpl.java:recordMetricsForPipeline(796)) - Pipeline: PipelineID=66d4f1d7-e2f1-4cea-a8ca-4bd82b653b0e contains same datanodes as previous pipelines: PipelineID=3442a38a-df77-4709-88f3-3f3960a450f3 nodeIds: 3afe85c2-914b-4505-ab37-b99a5e6b7b6c, bbe56640-50c4-4219-bf4a-9972af81120e, 034fa580-7f06-453c-9359-8a1a406b4b97
2022-07-14 05:35:28,278 [907b9e7c-2e96-4977-99e4-854b16c13945@group-BBF74A919ED0-StateMachineUpdater] INFO  pipeline.PipelineStateManagerImpl (PipelineStateManagerImpl.java:addPipeline(103)) - Created pipeline Pipeline[ Id: 66d4f1d7-e2f1-4cea-a8ca-4bd82b653b0e, Nodes: 3afe85c2-914b-4505-ab37-b99a5e6b7b6c{ip: 127.0.0.1, host: localhost, ports: [REPLICATION=45877, RATIS=39675, RATIS_ADMIN=39675, RATIS_SERVER=39675, STANDALONE=44875], networkLocation: /default-rack, certSerialId: null, persistedOpState: IN_SERVICE, persistedOpStateExpiryEpochSec: 0}bbe56640-50c4-4219-bf4a-9972af81120e{ip: 127.0.0.1, host: localhost, ports: [REPLICATION=41707, RATIS=44819, RATIS_ADMIN=44819, RATIS_SERVER=44819, STANDALONE=43307], networkLocation: /default-rack, certSerialId: null, persistedOpState: IN_SERVICE, persistedOpStateExpiryEpochSec: 0}034fa580-7f06-453c-9359-8a1a406b4b97{ip: 127.0.0.1, host: localhost, ports: [REPLICATION=37723, RATIS=39193, RATIS_ADMIN=39193, RATIS_SERVER=39193, STANDALONE=35397], networkLocation: /default-rack, certSerialId: null, persistedOpState: IN_SERVICE, persistedOpStateExpiryEpochSec: 0}, ReplicationConfig: RATIS/THREE, State:ALLOCATED, leaderId:, CreationTimestamp2022-07-14T05:35:28.238Z[Etc/UTC]].
2022-07-14 05:35:28,278 [907b9e7c-2e96-4977-99e4-854b16c13945@group-BBF74A919ED0-StateMachineUpdater] INFO  safemode.HealthyPipelineSafeModeRule (HealthyPipelineSafeModeRule.java:initializeRule(165)) - Refreshed total pipeline count is 0, healthy pipeline threshold count is 1
2022-07-14 05:35:28,284 [2dd1b2fa-668a-4f00-b120-82156fdca129@group-BBF74A919ED0-StateMachineUpdater] INFO  pipeline.PipelineStateManagerImpl (PipelineStateManagerImpl.java:addPipeline(103)) - Created pipeline Pipeline[ Id: 66d4f1d7-e2f1-4cea-a8ca-4bd82b653b0e, Nodes: 3afe85c2-914b-4505-ab37-b99a5e6b7b6c{ip: 127.0.0.1, host: localhost, ports: [REPLICATION=45877, RATIS=39675, RATIS_ADMIN=39675, RATIS_SERVER=39675, STANDALONE=44875], networkLocation: /default-rack, certSerialId: null, persistedOpState: IN_SERVICE, persistedOpStateExpiryEpochSec: 0}bbe56640-50c4-4219-bf4a-9972af81120e{ip: 127.0.0.1, host: localhost, ports: [REPLICATION=41707, RATIS=44819, RATIS_ADMIN=44819, RATIS_SERVER=44819, STANDALONE=43307], networkLocation: /default-rack, certSerialId: null, persistedOpState: IN_SERVICE, persistedOpStateExpiryEpochSec: 0}034fa580-7f06-453c-9359-8a1a406b4b97{ip: 127.0.0.1, host: localhost, ports: [REPLICATION=37723, RATIS=39193, RATIS_ADMIN=39193, RATIS_SERVER=39193, STANDALONE=35397], networkLocation: /default-rack, certSerialId: null, persistedOpState: IN_SERVICE, persistedOpStateExpiryEpochSec: 0}, ReplicationConfig: RATIS/THREE, State:ALLOCATED, leaderId:, CreationTimestamp2022-07-14T05:35:28.238Z[Etc/UTC]].
2022-07-14 05:35:28,289 [2dd1b2fa-668a-4f00-b120-82156fdca129@group-BBF74A919ED0-StateMachineUpdater] INFO  safemode.HealthyPipelineSafeModeRule (HealthyPipelineSafeModeRule.java:initializeRule(165)) - Refreshed total pipeline count is 0, healthy pipeline threshold count is 1
2022-07-14 05:35:29,177 [Listener at 127.0.0.1/36625] INFO  ozone.MiniOzoneClusterImpl (MiniOzoneClusterImpl.java:lambda$waitForClusterToBeReady$0(216)) - Nodes are ready. Got 3 of 3 DN Heartbeats.
2022-07-14 05:35:29,177 [Listener at 127.0.0.1/36625] INFO  ozone.MiniOzoneClusterImpl (MiniOzoneClusterImpl.java:lambda$waitForClusterToBeReady$0(219)) - Waiting for cluster to exit safe mode
2022-07-14 05:35:29,178 [Listener at 127.0.0.1/36625] INFO  ozone.MiniOzoneClusterImpl (MiniOzoneClusterImpl.java:lambda$waitForClusterToBeReady$0(221)) - SCM became leader
2022-07-14 05:35:30,178 [Listener at 127.0.0.1/36625] INFO  ozone.MiniOzoneClusterImpl (MiniOzoneClusterImpl.java:lambda$waitForClusterToBeReady$0(216)) - Nodes are ready. Got 3 of 3 DN Heartbeats.
2022-07-14 05:35:30,178 [Listener at 127.0.0.1/36625] INFO  ozone.MiniOzoneClusterImpl (MiniOzoneClusterImpl.java:lambda$waitForClusterToBeReady$0(219)) - Waiting for cluster to exit safe mode
2022-07-14 05:35:30,178 [Listener at 127.0.0.1/36625] INFO  ozone.MiniOzoneClusterImpl (MiniOzoneClusterImpl.java:lambda$waitForClusterToBeReady$0(221)) - SCM became leader
2022-07-14 05:35:30,311 [Command processor thread] INFO  server.RaftServer (RaftServerProxy.java:addNew(96)) - 3afe85c2-914b-4505-ab37-b99a5e6b7b6c: addNew group-53584B332277:[3afe85c2-914b-4505-ab37-b99a5e6b7b6c|rpc:127.0.0.1:39675|priority:1] returns group-53584B332277:java.util.concurrent.CompletableFuture@50e25413[Not completed]
2022-07-14 05:35:30,370 [pool-190-thread-1] INFO  server.RaftServer$Division (RaftServerImpl.java:<init>(190)) - 3afe85c2-914b-4505-ab37-b99a5e6b7b6c: new RaftServerImpl for group-53584B332277:[3afe85c2-914b-4505-ab37-b99a5e6b7b6c|rpc:127.0.0.1:39675|priority:1] with ContainerStateMachine:uninitialized
2022-07-14 05:35:30,370 [pool-190-thread-1] INFO  server.RaftServerConfigKeys (ConfUtils.java:logGet(46)) - raft.server.rpc.timeout.min = 5s (custom)
2022-07-14 05:35:30,370 [pool-190-thread-1] INFO  server.RaftServerConfigKeys (ConfUtils.java:logGet(46)) - raft.server.rpc.timeout.max = 5200ms (custom)
2022-07-14 05:35:30,370 [pool-190-thread-1] INFO  server.RaftServerConfigKeys (ConfUtils.java:logGet(46)) - raft.server.rpc.sleep.time = 25ms (default)
2022-07-14 05:35:30,371 [pool-190-thread-1] INFO  server.RaftServerConfigKeys (ConfUtils.java:logGet(46)) - raft.server.rpc.slowness.timeout = 300s (custom)
2022-07-14 05:35:30,371 [pool-190-thread-1] INFO  server.RaftServerConfigKeys (ConfUtils.java:logGet(46)) - raft.server.leaderelection.leader.step-down.wait-time = 10s (default)
2022-07-14 05:35:30,371 [pool-190-thread-1] INFO  server.RaftServerConfigKeys (ConfUtils.java:logGet(46)) - raft.server.sleep.deviation.threshold = 300ms (default)
2022-07-14 05:35:30,371 [pool-190-thread-1] INFO  server.RaftServer$Division (ServerState.java:<init>(107)) - 3afe85c2-914b-4505-ab37-b99a5e6b7b6c@group-53584B332277: ConfigurationManager, init=-1: [3afe85c2-914b-4505-ab37-b99a5e6b7b6c|rpc:127.0.0.1:39675|priority:1], old=null, confs=<EMPTY_MAP>
2022-07-14 05:35:30,371 [pool-190-thread-1] INFO  server.RaftServerConfigKeys (ConfUtils.java:logGet(46)) - raft.server.storage.dir = [/home/runner/work/ozone/ozone/hadoop-ozone/integration-test/target/test-dir/MiniOzoneClusterImpl-252142cc-85ec-47ec-8abc-bbf74a919ed0/datanode-0/data/ratis] (custom)
2022-07-14 05:35:30,375 [pool-190-thread-1] INFO  server.RaftServerConfigKeys (ConfUtils.java:logGet(46)) - raft.server.log.corruption.policy = EXCEPTION (default)
2022-07-14 05:35:30,375 [pool-190-thread-1] INFO  server.RaftServerConfigKeys (ConfUtils.java:logGet(46)) - raft.server.storage.free-space.min = 0MB (=0) (default)
2022-07-14 05:35:30,379 [pool-190-thread-1] INFO  storage.RaftStorageDirectory (RaftStorageDirectoryImpl.java:analyzeStorage(135)) - The storage directory /home/runner/work/ozone/ozone/hadoop-ozone/integration-test/target/test-dir/MiniOzoneClusterImpl-252142cc-85ec-47ec-8abc-bbf74a919ed0/datanode-0/data/ratis/0bc9dacd-2b2e-40ce-b2bc-53584b332277 does not exist. Creating ...
2022-07-14 05:35:30,381 [pool-190-thread-1] INFO  storage.RaftStorageDirectory (RaftStorageDirectoryImpl.java:tryLock(230)) - Lock on /home/runner/work/ozone/ozone/hadoop-ozone/integration-test/target/test-dir/MiniOzoneClusterImpl-252142cc-85ec-47ec-8abc-bbf74a919ed0/datanode-0/data/ratis/0bc9dacd-2b2e-40ce-b2bc-53584b332277/in_use.lock acquired by nodename 26111@fv-az444-907
2022-07-14 05:35:30,389 [pool-190-thread-1] INFO  storage.RaftStorage (RaftStorageImpl.java:format(89)) - Storage directory /home/runner/work/ozone/ozone/hadoop-ozone/integration-test/target/test-dir/MiniOzoneClusterImpl-252142cc-85ec-47ec-8abc-bbf74a919ed0/datanode-0/data/ratis/0bc9dacd-2b2e-40ce-b2bc-53584b332277 has been successfully formatted.
2022-07-14 05:35:30,410 [pool-190-thread-1] INFO  ratis.ContainerStateMachine (ContainerStateMachine.java:loadSnapshot(236)) - group-53584B332277: The snapshot info is null. Setting the last applied indexto:(t:0, i:~)
2022-07-14 05:35:30,411 [pool-190-thread-1] INFO  server.RaftServerConfigKeys (ConfUtils.java:logGet(46)) - raft.server.notification.no-leader.timeout = 300s (custom)
2022-07-14 05:35:30,411 [pool-190-thread-1] INFO  server.RaftServerConfigKeys (ConfUtils.java:logGet(46)) - raft.server.log.use.memory = false (default)
2022-07-14 05:35:30,411 [pool-190-thread-1] INFO  server.RaftServerConfigKeys (ConfUtils.java:logGet(46)) - raft.server.log.purge.gap = 1000000 (custom)
2022-07-14 05:35:30,411 [pool-190-thread-1] INFO  server.RaftServerConfigKeys (ConfUtils.java:logGet(46)) - raft.server.log.appender.buffer.byte-limit = 33554432 (custom)
2022-07-14 05:35:30,411 [pool-190-thread-1] INFO  server.RaftServerConfigKeys (ConfUtils.java:logGet(46)) - raft.server.log.statemachine.data.read.timeout = 1000ms (default)
2022-07-14 05:35:30,412 [pool-190-thread-1] INFO  server.RaftServerConfigKeys (ConfUtils.java:logGet(46)) - raft.server.log.segment.size.max = 1048576 (custom)
2022-07-14 05:35:30,413 [pool-190-thread-1] INFO  server.RaftServerConfigKeys (ConfUtils.java:logGet(46)) - raft.server.log.segment.cache.num.max = 2 (custom)
2022-07-14 05:35:30,413 [pool-190-thread-1] INFO  server.RaftServerConfigKeys (ConfUtils.java:logGet(46)) - raft.server.log.segment.cache.size.max = 200MB (=209715200) (default)
2022-07-14 05:35:30,413 [pool-190-thread-1] INFO  segmented.SegmentedRaftLogWorker (SegmentedRaftLogWorker.java:<init>(187)) - new 3afe85c2-914b-4505-ab37-b99a5e6b7b6c@group-53584B332277-SegmentedRaftLogWorker for RaftStorageImpl:Storage Directory /home/runner/work/ozone/ozone/hadoop-ozone/integration-test/target/test-dir/MiniOzoneClusterImpl-252142cc-85ec-47ec-8abc-bbf74a919ed0/datanode-0/data/ratis/0bc9dacd-2b2e-40ce-b2bc-53584b332277
2022-07-14 05:35:30,413 [pool-190-thread-1] INFO  server.RaftServerConfigKeys (ConfUtils.java:logGet(46)) - raft.server.log.queue.byte-limit = 4294967296 (custom)
2022-07-14 05:35:30,413 [pool-190-thread-1] INFO  server.RaftServerConfigKeys (ConfUtils.java:logGet(46)) - raft.server.log.queue.element-limit = 1024 (custom)
2022-07-14 05:35:30,413 [pool-190-thread-1] INFO  server.RaftServerConfigKeys (ConfUtils.java:logGet(46)) - raft.server.log.segment.size.max = 1048576 (custom)
2022-07-14 05:35:30,413 [pool-190-thread-1] INFO  server.RaftServerConfigKeys (ConfUtils.java:logGet(46)) - raft.server.log.preallocated.size = 16384 (custom)
2022-07-14 05:35:30,413 [pool-190-thread-1] INFO  server.RaftServerConfigKeys (ConfUtils.java:logGet(46)) - raft.server.log.force.sync.num = 128 (default)
2022-07-14 05:35:30,413 [pool-190-thread-1] INFO  server.RaftServerConfigKeys (ConfUtils.java:logGet(46)) - raft.server.log.statemachine.data.sync = true (default)
2022-07-14 05:35:30,413 [pool-190-thread-1] INFO  server.RaftServerConfigKeys (ConfUtils.java:logGet(46)) - raft.server.log.statemachine.data.sync.timeout = 10s (default)
2022-07-14 05:35:30,414 [pool-190-thread-1] INFO  server.RaftServerConfigKeys (ConfUtils.java:logGet(46)) - raft.server.log.statemachine.data.sync.timeout.retry = -1 (default)
2022-07-14 05:35:30,421 [EventQueue-PipelineReportForPipelineReportHandler] INFO  pipeline.PipelineManagerImpl (PipelineManagerImpl.java:openPipeline(367)) - Pipeline Pipeline[ Id: 0bc9dacd-2b2e-40ce-b2bc-53584b332277, Nodes: 3afe85c2-914b-4505-ab37-b99a5e6b7b6c{ip: 127.0.0.1, host: localhost, ports: [REPLICATION=45877, RATIS=39675, RATIS_ADMIN=39675, RATIS_SERVER=39675, STANDALONE=44875], networkLocation: /default-rack, certSerialId: null, persistedOpState: IN_SERVICE, persistedOpStateExpiryEpochSec: 0}, ReplicationConfig: RATIS/ONE, State:ALLOCATED, leaderId:3afe85c2-914b-4505-ab37-b99a5e6b7b6c, CreationTimestamp2022-07-14T05:35:27.361Z[Etc/UTC]] moved to OPEN state
2022-07-14 05:35:30,421 [EventQueue-PipelineReportForPipelineReportHandler] INFO  pipeline.PipelineManagerImpl (PipelineManagerImpl.java:openPipeline(367)) - Pipeline Pipeline[ Id: 0bc9dacd-2b2e-40ce-b2bc-53584b332277, Nodes: 3afe85c2-914b-4505-ab37-b99a5e6b7b6c{ip: 127.0.0.1, host: localhost, ports: [REPLICATION=45877, RATIS=39675, RATIS_ADMIN=39675, RATIS_SERVER=39675, STANDALONE=44875], networkLocation: /default-rack, certSerialId: null, persistedOpState: IN_SERVICE, persistedOpStateExpiryEpochSec: 0}, ReplicationConfig: RATIS/ONE, State:ALLOCATED, leaderId:3afe85c2-914b-4505-ab37-b99a5e6b7b6c, CreationTimestamp2022-07-14T05:35:27.361Z[Etc/UTC]] moved to OPEN state
2022-07-14 05:35:30,436 [pool-190-thread-1] INFO  server.RaftServerConfigKeys (ConfUtils.java:logGet(46)) - raft.server.log.write.buffer.size = 1048576 (custom)
2022-07-14 05:35:30,436 [pool-190-thread-1] INFO  server.RaftServerConfigKeys (ConfUtils.java:logGet(46)) - raft.server.log.unsafe-flush.enabled = false (default)
2022-07-14 05:35:30,436 [pool-190-thread-1] INFO  server.RaftServerConfigKeys (ConfUtils.java:logGet(46)) - raft.server.log.statemachine.data.caching.enabled = true (custom)
2022-07-14 05:35:30,437 [pool-190-thread-1] INFO  segmented.SegmentedRaftLogWorker (SegmentedRaftLogWorker.java:lambda$new$0(135)) - 3afe85c2-914b-4505-ab37-b99a5e6b7b6c@group-53584B332277-SegmentedRaftLogWorker: flushIndex: setUnconditionally 0 -> -1
2022-07-14 05:35:30,437 [pool-190-thread-1] INFO  segmented.SegmentedRaftLogWorker (SegmentedRaftLogWorker.java:lambda$new$0(135)) - 3afe85c2-914b-4505-ab37-b99a5e6b7b6c@group-53584B332277-SegmentedRaftLogWorker: safeCacheEvictIndex: setUnconditionally 0 -> -1
2022-07-14 05:35:30,447 [pool-190-thread-1] INFO  server.RaftServerConfigKeys (ConfUtils.java:logGet(46)) - raft.server.snapshot.auto.trigger.enabled = true (custom)
2022-07-14 05:35:30,447 [pool-190-thread-1] INFO  server.RaftServerConfigKeys (ConfUtils.java:logGet(46)) - raft.server.snapshot.auto.trigger.threshold = 10000 (custom)
2022-07-14 05:35:30,448 [pool-190-thread-1] INFO  server.RaftServerConfigKeys (ConfUtils.java:logGet(46)) - raft.server.snapshot.retention.file.num = 5 (custom)
2022-07-14 05:35:30,448 [pool-190-thread-1] INFO  server.RaftServerConfigKeys (ConfUtils.java:logGet(46)) - raft.server.log.purge.upto.snapshot.index = false (default)
2022-07-14 05:35:30,448 [pool-190-thread-1] INFO  server.RaftServerConfigKeys (ConfUtils.java:logGet(46)) - raft.server.retrycache.expirytime = 600000ms (custom)
2022-07-14 05:35:30,448 [pool-190-thread-1] INFO  server.RaftServerConfigKeys (ConfUtils.java:logGet(46)) - raft.server.retrycache.statistics.expirytime = 100μs (default)
2022-07-14 05:35:30,449 [EventQueue-PipelineReportForPipelineReportHandler] INFO  pipeline.PipelineManagerImpl (PipelineManagerImpl.java:openPipeline(367)) - Pipeline Pipeline[ Id: 0bc9dacd-2b2e-40ce-b2bc-53584b332277, Nodes: 3afe85c2-914b-4505-ab37-b99a5e6b7b6c{ip: 127.0.0.1, host: localhost, ports: [REPLICATION=45877, RATIS=39675, RATIS_ADMIN=39675, RATIS_SERVER=39675, STANDALONE=44875], networkLocation: /default-rack, certSerialId: null, persistedOpState: IN_SERVICE, persistedOpStateExpiryEpochSec: 0}, ReplicationConfig: RATIS/ONE, State:ALLOCATED, leaderId:3afe85c2-914b-4505-ab37-b99a5e6b7b6c, CreationTimestamp2022-07-14T05:35:27.361Z[Etc/UTC]] moved to OPEN state
2022-07-14 05:35:30,454 [pool-190-thread-1] INFO  server.RaftServerConfigKeys (ConfUtils.java:logGet(46)) - raft.server.log.appender.install.snapshot.enabled = false (custom)
2022-07-14 05:35:30,454 [pool-190-thread-1] INFO  server.RaftServerConfigKeys (ConfUtils.java:logGet(46)) - raft.server.threadpool.server.cached = true (default)
2022-07-14 05:35:30,454 [pool-190-thread-1] INFO  server.RaftServerConfigKeys (ConfUtils.java:logGet(46)) - raft.server.threadpool.server.size = 0 (default)
2022-07-14 05:35:30,454 [pool-190-thread-1] INFO  server.RaftServerConfigKeys (ConfUtils.java:logGet(46)) - raft.server.threadpool.client.cached = true (default)
2022-07-14 05:35:30,454 [pool-190-thread-1] INFO  server.RaftServerConfigKeys (ConfUtils.java:logGet(46)) - raft.server.threadpool.client.size = 0 (default)
2022-07-14 05:35:30,455 [pool-190-thread-1] INFO  server.RaftServer$Division (RaftServerImpl.java:start(310)) - 3afe85c2-914b-4505-ab37-b99a5e6b7b6c@group-53584B332277: start as a follower, conf=-1: [3afe85c2-914b-4505-ab37-b99a5e6b7b6c|rpc:127.0.0.1:39675|priority:1], old=null
2022-07-14 05:35:30,455 [pool-190-thread-1] INFO  server.RaftServer$Division (RaftServerImpl.java:setRole(299)) - 3afe85c2-914b-4505-ab37-b99a5e6b7b6c@group-53584B332277: changes role from      null to FOLLOWER at term 0 for startAsFollower
2022-07-14 05:35:30,455 [pool-190-thread-1] INFO  impl.RoleInfo (RoleInfo.java:updateAndGet(139)) - 3afe85c2-914b-4505-ab37-b99a5e6b7b6c: start 3afe85c2-914b-4505-ab37-b99a5e6b7b6c@group-53584B332277-FollowerState
2022-07-14 05:35:30,463 [pool-190-thread-1] INFO  util.JmxRegister (JmxRegister.java:tryRegister(44)) - Successfully registered JMX Bean with object name Ratis:service=RaftServer,group=group-53584B332277,id=3afe85c2-914b-4505-ab37-b99a5e6b7b6c
2022-07-14 05:35:30,476 [c5ffeb5e-3634-4360-91c9-d598b29e1477@group-BBF74A919ED0-StateMachineUpdater] INFO  safemode.HealthyPipelineSafeModeRule (HealthyPipelineSafeModeRule.java:initializeRule(165)) - Refreshed total pipeline count is 0, healthy pipeline threshold count is 1
2022-07-14 05:35:30,484 [Command processor thread] INFO  ratis.XceiverServerRatis (XceiverServerRatis.java:addGroup(765)) - Created group PipelineID=0bc9dacd-2b2e-40ce-b2bc-53584b332277
2022-07-14 05:35:30,489 [907b9e7c-2e96-4977-99e4-854b16c13945@group-BBF74A919ED0-StateMachineUpdater] INFO  safemode.HealthyPipelineSafeModeRule (HealthyPipelineSafeModeRule.java:initializeRule(165)) - Refreshed total pipeline count is 0, healthy pipeline threshold count is 1
2022-07-14 05:35:30,491 [EventQueue-OpenPipelineForHealthyPipelineSafeModeRule] INFO  safemode.SCMSafeModeManager (HealthyPipelineSafeModeRule.java:process(137)) - SCM in safe mode. Healthy pipelines reported count is 0, required healthy pipeline reported count is 1
2022-07-14 05:35:30,492 [Command processor thread] INFO  commandhandler.CreatePipelineCommandHandler (CreatePipelineCommandHandler.java:handle(113)) - Created Pipeline RATIS ONE PipelineID=0bc9dacd-2b2e-40ce-b2bc-53584b332277.
2022-07-14 05:35:30,492 [Command processor thread] INFO  server.RaftServer (RaftServerProxy.java:addNew(96)) - 3afe85c2-914b-4505-ab37-b99a5e6b7b6c: addNew group-3F3960A450F3:[bbe56640-50c4-4219-bf4a-9972af81120e|rpc:127.0.0.1:44819|priority:0, 3afe85c2-914b-4505-ab37-b99a5e6b7b6c|rpc:127.0.0.1:39675|priority:1, 034fa580-7f06-453c-9359-8a1a406b4b97|rpc:127.0.0.1:39193|priority:0] returns group-3F3960A450F3:java.util.concurrent.CompletableFuture@705e86a2[Not completed]
2022-07-14 05:35:30,493 [pool-190-thread-1] INFO  server.RaftServer$Division (RaftServerImpl.java:<init>(190)) - 3afe85c2-914b-4505-ab37-b99a5e6b7b6c: new RaftServerImpl for group-3F3960A450F3:[bbe56640-50c4-4219-bf4a-9972af81120e|rpc:127.0.0.1:44819|priority:0, 3afe85c2-914b-4505-ab37-b99a5e6b7b6c|rpc:127.0.0.1:39675|priority:1, 034fa580-7f06-453c-9359-8a1a406b4b97|rpc:127.0.0.1:39193|priority:0] with ContainerStateMachine:uninitialized
2022-07-14 05:35:30,494 [pool-190-thread-1] INFO  server.RaftServerConfigKeys (ConfUtils.java:logGet(46)) - raft.server.rpc.timeout.min = 5s (custom)
2022-07-14 05:35:30,494 [pool-190-thread-1] INFO  server.RaftServerConfigKeys (ConfUtils.java:logGet(46)) - raft.server.rpc.timeout.max = 5200ms (custom)
2022-07-14 05:35:30,494 [pool-190-thread-1] INFO  server.RaftServerConfigKeys (ConfUtils.java:logGet(46)) - raft.server.rpc.sleep.time = 25ms (default)
2022-07-14 05:35:30,494 [pool-190-thread-1] INFO  server.RaftServerConfigKeys (ConfUtils.java:logGet(46)) - raft.server.rpc.slowness.timeout = 300s (custom)
2022-07-14 05:35:30,494 [pool-190-thread-1] INFO  server.RaftServerConfigKeys (ConfUtils.java:logGet(46)) - raft.server.leaderelection.leader.step-down.wait-time = 10s (default)
2022-07-14 05:35:30,494 [pool-190-thread-1] INFO  server.RaftServerConfigKeys (ConfUtils.java:logGet(46)) - raft.server.sleep.deviation.threshold = 300ms (default)
2022-07-14 05:35:30,494 [pool-190-thread-1] INFO  server.RaftServer$Division (ServerState.java:<init>(107)) - 3afe85c2-914b-4505-ab37-b99a5e6b7b6c@group-3F3960A450F3: ConfigurationManager, init=-1: [bbe56640-50c4-4219-bf4a-9972af81120e|rpc:127.0.0.1:44819|priority:0, 3afe85c2-914b-4505-ab37-b99a5e6b7b6c|rpc:127.0.0.1:39675|priority:1, 034fa580-7f06-453c-9359-8a1a406b4b97|rpc:127.0.0.1:39193|priority:0], old=null, confs=<EMPTY_MAP>
2022-07-14 05:35:30,494 [pool-190-thread-1] INFO  server.RaftServerConfigKeys (ConfUtils.java:logGet(46)) - raft.server.storage.dir = [/home/runner/work/ozone/ozone/hadoop-ozone/integration-test/target/test-dir/MiniOzoneClusterImpl-252142cc-85ec-47ec-8abc-bbf74a919ed0/datanode-0/data/ratis] (custom)
2022-07-14 05:35:30,496 [pool-190-thread-1] INFO  server.RaftServerConfigKeys (ConfUtils.java:logGet(46)) - raft.server.log.corruption.policy = EXCEPTION (default)
2022-07-14 05:35:30,496 [pool-190-thread-1] INFO  server.RaftServerConfigKeys (ConfUtils.java:logGet(46)) - raft.server.storage.free-space.min = 0MB (=0) (default)
2022-07-14 05:35:30,497 [pool-190-thread-1] INFO  storage.RaftStorageDirectory (RaftStorageDirectoryImpl.java:analyzeStorage(135)) - The storage directory /home/runner/work/ozone/ozone/hadoop-ozone/integration-test/target/test-dir/MiniOzoneClusterImpl-252142cc-85ec-47ec-8abc-bbf74a919ed0/datanode-0/data/ratis/3442a38a-df77-4709-88f3-3f3960a450f3 does not exist. Creating ...
2022-07-14 05:35:30,498 [2dd1b2fa-668a-4f00-b120-82156fdca129@group-BBF74A919ED0-StateMachineUpdater] INFO  safemode.HealthyPipelineSafeModeRule (HealthyPipelineSafeModeRule.java:initializeRule(165)) - Refreshed total pipeline count is 0, healthy pipeline threshold count is 1
2022-07-14 05:35:30,500 [pool-190-thread-1] INFO  storage.RaftStorageDirectory (RaftStorageDirectoryImpl.java:tryLock(230)) - Lock on /home/runner/work/ozone/ozone/hadoop-ozone/integration-test/target/test-dir/MiniOzoneClusterImpl-252142cc-85ec-47ec-8abc-bbf74a919ed0/datanode-0/data/ratis/3442a38a-df77-4709-88f3-3f3960a450f3/in_use.lock acquired by nodename 26111@fv-az444-907
2022-07-14 05:35:30,502 [pool-190-thread-1] INFO  storage.RaftStorage (RaftStorageImpl.java:format(89)) - Storage directory /home/runner/work/ozone/ozone/hadoop-ozone/integration-test/target/test-dir/MiniOzoneClusterImpl-252142cc-85ec-47ec-8abc-bbf74a919ed0/datanode-0/data/ratis/3442a38a-df77-4709-88f3-3f3960a450f3 has been successfully formatted.
2022-07-14 05:35:30,502 [pool-190-thread-1] INFO  ratis.ContainerStateMachine (ContainerStateMachine.java:loadSnapshot(236)) - group-3F3960A450F3: The snapshot info is null. Setting the last applied indexto:(t:0, i:~)
2022-07-14 05:35:30,502 [pool-190-thread-1] INFO  server.RaftServerConfigKeys (ConfUtils.java:logGet(46)) - raft.server.notification.no-leader.timeout = 300s (custom)
2022-07-14 05:35:30,502 [pool-190-thread-1] INFO  server.RaftServerConfigKeys (ConfUtils.java:logGet(46)) - raft.server.log.use.memory = false (default)
2022-07-14 05:35:30,502 [pool-190-thread-1] INFO  server.RaftServerConfigKeys (ConfUtils.java:logGet(46)) - raft.server.log.purge.gap = 1000000 (custom)
2022-07-14 05:35:30,503 [pool-190-thread-1] INFO  server.RaftServerConfigKeys (ConfUtils.java:logGet(46)) - raft.server.log.appender.buffer.byte-limit = 33554432 (custom)
2022-07-14 05:35:30,503 [pool-190-thread-1] INFO  server.RaftServerConfigKeys (ConfUtils.java:logGet(46)) - raft.server.log.statemachine.data.read.timeout = 1000ms (default)
2022-07-14 05:35:30,503 [pool-190-thread-1] INFO  server.RaftServerConfigKeys (ConfUtils.java:logGet(46)) - raft.server.log.segment.size.max = 1048576 (custom)
2022-07-14 05:35:30,503 [pool-190-thread-1] INFO  server.RaftServerConfigKeys (ConfUtils.java:logGet(46)) - raft.server.log.segment.cache.num.max = 2 (custom)
2022-07-14 05:35:30,504 [pool-190-thread-1] INFO  server.RaftServerConfigKeys (ConfUtils.java:logGet(46)) - raft.server.log.segment.cache.size.max = 200MB (=209715200) (default)
2022-07-14 05:35:30,504 [pool-190-thread-1] INFO  segmented.SegmentedRaftLogWorker (SegmentedRaftLogWorker.java:<init>(187)) - new 3afe85c2-914b-4505-ab37-b99a5e6b7b6c@group-3F3960A450F3-SegmentedRaftLogWorker for RaftStorageImpl:Storage Directory /home/runner/work/ozone/ozone/hadoop-ozone/integration-test/target/test-dir/MiniOzoneClusterImpl-252142cc-85ec-47ec-8abc-bbf74a919ed0/datanode-0/data/ratis/3442a38a-df77-4709-88f3-3f3960a450f3
2022-07-14 05:35:30,504 [pool-190-thread-1] INFO  server.RaftServerConfigKeys (ConfUtils.java:logGet(46)) - raft.server.log.queue.byte-limit = 4294967296 (custom)
2022-07-14 05:35:30,504 [pool-190-thread-1] INFO  server.RaftServerConfigKeys (ConfUtils.java:logGet(46)) - raft.server.log.queue.element-limit = 1024 (custom)
2022-07-14 05:35:30,504 [pool-190-thread-1] INFO  server.RaftServerConfigKeys (ConfUtils.java:logGet(46)) - raft.server.log.segment.size.max = 1048576 (custom)
2022-07-14 05:35:30,504 [pool-190-thread-1] INFO  server.RaftServerConfigKeys (ConfUtils.java:logGet(46)) - raft.server.log.preallocated.size = 16384 (custom)
2022-07-14 05:35:30,504 [pool-190-thread-1] INFO  server.RaftServerConfigKeys (ConfUtils.java:logGet(46)) - raft.server.log.force.sync.num = 128 (default)
2022-07-14 05:35:30,504 [pool-190-thread-1] INFO  server.RaftServerConfigKeys (ConfUtils.java:logGet(46)) - raft.server.log.statemachine.data.sync = true (default)
2022-07-14 05:35:30,504 [pool-190-thread-1] INFO  server.RaftServerConfigKeys (ConfUtils.java:logGet(46)) - raft.server.log.statemachine.data.sync.timeout = 10s (default)
2022-07-14 05:35:30,504 [pool-190-thread-1] INFO  server.RaftServerConfigKeys (ConfUtils.java:logGet(46)) - raft.server.log.statemachine.data.sync.timeout.retry = -1 (default)
2022-07-14 05:35:30,505 [pool-190-thread-1] INFO  server.RaftServerConfigKeys (ConfUtils.java:logGet(46)) - raft.server.log.write.buffer.size = 1048576 (custom)
2022-07-14 05:35:30,505 [pool-190-thread-1] INFO  server.RaftServerConfigKeys (ConfUtils.java:logGet(46)) - raft.server.log.unsafe-flush.enabled = false (default)
2022-07-14 05:35:30,506 [pool-190-thread-1] INFO  server.RaftServerConfigKeys (ConfUtils.java:logGet(46)) - raft.server.log.statemachine.data.caching.enabled = true (custom)
2022-07-14 05:35:30,506 [pool-190-thread-1] INFO  segmented.SegmentedRaftLogWorker (SegmentedRaftLogWorker.java:lambda$new$0(135)) - 3afe85c2-914b-4505-ab37-b99a5e6b7b6c@group-3F3960A450F3-SegmentedRaftLogWorker: flushIndex: setUnconditionally 0 -> -1
2022-07-14 05:35:30,506 [pool-190-thread-1] INFO  segmented.SegmentedRaftLogWorker (SegmentedRaftLogWorker.java:lambda$new$0(135)) - 3afe85c2-914b-4505-ab37-b99a5e6b7b6c@group-3F3960A450F3-SegmentedRaftLogWorker: safeCacheEvictIndex: setUnconditionally 0 -> -1
2022-07-14 05:35:30,510 [EventQueue-OpenPipelineForHealthyPipelineSafeModeRule] INFO  safemode.SCMSafeModeManager (HealthyPipelineSafeModeRule.java:process(137)) - SCM in safe mode. Healthy pipelines reported count is 0, required healthy pipeline reported count is 1
2022-07-14 05:35:30,510 [pool-190-thread-1] INFO  server.RaftServerConfigKeys (ConfUtils.java:logGet(46)) - raft.server.snapshot.auto.trigger.enabled = true (custom)
2022-07-14 05:35:30,510 [pool-190-thread-1] INFO  server.RaftServerConfigKeys (ConfUtils.java:logGet(46)) - raft.server.snapshot.auto.trigger.threshold = 10000 (custom)
2022-07-14 05:35:30,510 [pool-190-thread-1] INFO  server.RaftServerConfigKeys (ConfUtils.java:logGet(46)) - raft.server.snapshot.retention.file.num = 5 (custom)
2022-07-14 05:35:30,511 [pool-190-thread-1] INFO  server.RaftServerConfigKeys (ConfUtils.java:logGet(46)) - raft.server.log.purge.upto.snapshot.index = false (default)
2022-07-14 05:35:30,511 [pool-190-thread-1] INFO  server.RaftServerConfigKeys (ConfUtils.java:logGet(46)) - raft.server.retrycache.expirytime = 600000ms (custom)
2022-07-14 05:35:30,511 [pool-190-thread-1] INFO  server.RaftServerConfigKeys (ConfUtils.java:logGet(46)) - raft.server.retrycache.statistics.expirytime = 100μs (default)
2022-07-14 05:35:30,512 [pool-190-thread-1] INFO  server.RaftServerConfigKeys (ConfUtils.java:logGet(46)) - raft.server.log.appender.install.snapshot.enabled = false (custom)
2022-07-14 05:35:30,513 [pool-190-thread-1] INFO  server.RaftServerConfigKeys (ConfUtils.java:logGet(46)) - raft.server.threadpool.server.cached = true (default)
2022-07-14 05:35:30,513 [pool-190-thread-1] INFO  server.RaftServerConfigKeys (ConfUtils.java:logGet(46)) - raft.server.threadpool.server.size = 0 (default)
2022-07-14 05:35:30,513 [pool-190-thread-1] INFO  server.RaftServerConfigKeys (ConfUtils.java:logGet(46)) - raft.server.threadpool.client.cached = true (default)
2022-07-14 05:35:30,513 [pool-190-thread-1] INFO  server.RaftServerConfigKeys (ConfUtils.java:logGet(46)) - raft.server.threadpool.client.size = 0 (default)
2022-07-14 05:35:30,513 [pool-190-thread-1] INFO  server.RaftServer$Division (RaftServerImpl.java:start(310)) - 3afe85c2-914b-4505-ab37-b99a5e6b7b6c@group-3F3960A450F3: start as a follower, conf=-1: [bbe56640-50c4-4219-bf4a-9972af81120e|rpc:127.0.0.1:44819|priority:0, 3afe85c2-914b-4505-ab37-b99a5e6b7b6c|rpc:127.0.0.1:39675|priority:1, 034fa580-7f06-453c-9359-8a1a406b4b97|rpc:127.0.0.1:39193|priority:0], old=null
2022-07-14 05:35:30,513 [pool-190-thread-1] INFO  server.RaftServer$Division (RaftServerImpl.java:setRole(299)) - 3afe85c2-914b-4505-ab37-b99a5e6b7b6c@group-3F3960A450F3: changes role from      null to FOLLOWER at term 0 for startAsFollower
2022-07-14 05:35:30,513 [pool-190-thread-1] INFO  impl.RoleInfo (RoleInfo.java:updateAndGet(139)) - 3afe85c2-914b-4505-ab37-b99a5e6b7b6c: start 3afe85c2-914b-4505-ab37-b99a5e6b7b6c@group-3F3960A450F3-FollowerState
2022-07-14 05:35:30,513 [EventQueue-OpenPipelineForHealthyPipelineSafeModeRule] INFO  safemode.SCMSafeModeManager (HealthyPipelineSafeModeRule.java:process(137)) - SCM in safe mode. Healthy pipelines reported count is 0, required healthy pipeline reported count is 1
2022-07-14 05:35:30,513 [pool-190-thread-1] INFO  util.JmxRegister (JmxRegister.java:tryRegister(44)) - Successfully registered JMX Bean with object name Ratis:service=RaftServer,group=group-3F3960A450F3,id=3afe85c2-914b-4505-ab37-b99a5e6b7b6c
2022-07-14 05:35:30,514 [Command processor thread] INFO  ratis.XceiverServerRatis (XceiverServerRatis.java:addGroup(765)) - Created group PipelineID=3442a38a-df77-4709-88f3-3f3960a450f3
2022-07-14 05:35:30,523 [EventQueue-OpenPipelineForHealthyPipelineSafeModeRule] INFO  safemode.SCMSafeModeManager (HealthyPipelineSafeModeRule.java:process(137)) - SCM in safe mode. Healthy pipelines reported count is 0, required healthy pipeline reported count is 1
2022-07-14 05:35:30,587 [grpc-default-executor-0] INFO  server.RaftServer (RaftServerProxy.java:addNew(96)) - 034fa580-7f06-453c-9359-8a1a406b4b97: addNew group-3F3960A450F3:[bbe56640-50c4-4219-bf4a-9972af81120e|rpc:127.0.0.1:44819|dataStream:|priority:0, 3afe85c2-914b-4505-ab37-b99a5e6b7b6c|rpc:127.0.0.1:39675|dataStream:|priority:1, 034fa580-7f06-453c-9359-8a1a406b4b97|rpc:127.0.0.1:39193|dataStream:|priority:0] returns group-3F3960A450F3:java.util.concurrent.CompletableFuture@719e7eea[Not completed]
2022-07-14 05:35:30,589 [pool-240-thread-1] INFO  server.RaftServer$Division (RaftServerImpl.java:<init>(190)) - 034fa580-7f06-453c-9359-8a1a406b4b97: new RaftServerImpl for group-3F3960A450F3:[bbe56640-50c4-4219-bf4a-9972af81120e|rpc:127.0.0.1:44819|dataStream:|priority:0, 3afe85c2-914b-4505-ab37-b99a5e6b7b6c|rpc:127.0.0.1:39675|dataStream:|priority:1, 034fa580-7f06-453c-9359-8a1a406b4b97|rpc:127.0.0.1:39193|dataStream:|priority:0] with ContainerStateMachine:uninitialized
2022-07-14 05:35:30,589 [pool-240-thread-1] INFO  server.RaftServerConfigKeys (ConfUtils.java:logGet(46)) - raft.server.rpc.timeout.min = 5s (custom)
2022-07-14 05:35:30,589 [pool-240-thread-1] INFO  server.RaftServerConfigKeys (ConfUtils.java:logGet(46)) - raft.server.rpc.timeout.max = 5200ms (custom)
2022-07-14 05:35:30,589 [pool-240-thread-1] INFO  server.RaftServerConfigKeys (ConfUtils.java:logGet(46)) - raft.server.rpc.sleep.time = 25ms (default)
2022-07-14 05:35:30,589 [pool-240-thread-1] INFO  server.RaftServerConfigKeys (ConfUtils.java:logGet(46)) - raft.server.rpc.slowness.timeout = 300s (custom)
2022-07-14 05:35:30,589 [pool-240-thread-1] INFO  server.RaftServerConfigKeys (ConfUtils.java:logGet(46)) - raft.server.leaderelection.leader.step-down.wait-time = 10s (default)
2022-07-14 05:35:30,589 [pool-240-thread-1] INFO  server.RaftServerConfigKeys (ConfUtils.java:logGet(46)) - raft.server.sleep.deviation.threshold = 300ms (default)
2022-07-14 05:35:30,589 [pool-240-thread-1] INFO  server.RaftServer$Division (ServerState.java:<init>(107)) - 034fa580-7f06-453c-9359-8a1a406b4b97@group-3F3960A450F3: ConfigurationManager, init=-1: [bbe56640-50c4-4219-bf4a-9972af81120e|rpc:127.0.0.1:44819|dataStream:|priority:0, 3afe85c2-914b-4505-ab37-b99a5e6b7b6c|rpc:127.0.0.1:39675|dataStream:|priority:1, 034fa580-7f06-453c-9359-8a1a406b4b97|rpc:127.0.0.1:39193|dataStream:|priority:0], old=null, confs=<EMPTY_MAP>
2022-07-14 05:35:30,590 [pool-240-thread-1] INFO  server.RaftServerConfigKeys (ConfUtils.java:logGet(46)) - raft.server.storage.dir = [/home/runner/work/ozone/ozone/hadoop-ozone/integration-test/target/test-dir/MiniOzoneClusterImpl-252142cc-85ec-47ec-8abc-bbf74a919ed0/datanode-2/data/ratis] (custom)
2022-07-14 05:35:30,590 [pool-240-thread-1] INFO  server.RaftServerConfigKeys (ConfUtils.java:logGet(46)) - raft.server.log.corruption.policy = EXCEPTION (default)
2022-07-14 05:35:30,590 [pool-240-thread-1] INFO  server.RaftServerConfigKeys (ConfUtils.java:logGet(46)) - raft.server.storage.free-space.min = 0MB (=0) (default)
2022-07-14 05:35:30,590 [pool-240-thread-1] INFO  storage.RaftStorageDirectory (RaftStorageDirectoryImpl.java:analyzeStorage(135)) - The storage directory /home/runner/work/ozone/ozone/hadoop-ozone/integration-test/target/test-dir/MiniOzoneClusterImpl-252142cc-85ec-47ec-8abc-bbf74a919ed0/datanode-2/data/ratis/3442a38a-df77-4709-88f3-3f3960a450f3 does not exist. Creating ...
2022-07-14 05:35:30,591 [pool-240-thread-1] INFO  storage.RaftStorageDirectory (RaftStorageDirectoryImpl.java:tryLock(230)) - Lock on /home/runner/work/ozone/ozone/hadoop-ozone/integration-test/target/test-dir/MiniOzoneClusterImpl-252142cc-85ec-47ec-8abc-bbf74a919ed0/datanode-2/data/ratis/3442a38a-df77-4709-88f3-3f3960a450f3/in_use.lock acquired by nodename 26111@fv-az444-907
2022-07-14 05:35:30,592 [pool-240-thread-1] INFO  storage.RaftStorage (RaftStorageImpl.java:format(89)) - Storage directory /home/runner/work/ozone/ozone/hadoop-ozone/integration-test/target/test-dir/MiniOzoneClusterImpl-252142cc-85ec-47ec-8abc-bbf74a919ed0/datanode-2/data/ratis/3442a38a-df77-4709-88f3-3f3960a450f3 has been successfully formatted.
2022-07-14 05:35:30,593 [pool-240-thread-1] INFO  ratis.ContainerStateMachine (ContainerStateMachine.java:loadSnapshot(236)) - group-3F3960A450F3: The snapshot info is null. Setting the last applied indexto:(t:0, i:~)
2022-07-14 05:35:30,603 [pool-240-thread-1] INFO  server.RaftServerConfigKeys (ConfUtils.java:logGet(46)) - raft.server.notification.no-leader.timeout = 300s (custom)
2022-07-14 05:35:30,603 [pool-240-thread-1] INFO  server.RaftServerConfigKeys (ConfUtils.java:logGet(46)) - raft.server.log.use.memory = false (default)
2022-07-14 05:35:30,603 [pool-240-thread-1] INFO  server.RaftServerConfigKeys (ConfUtils.java:logGet(46)) - raft.server.log.purge.gap = 1000000 (custom)
2022-07-14 05:35:30,603 [pool-240-thread-1] INFO  server.RaftServerConfigKeys (ConfUtils.java:logGet(46)) - raft.server.log.appender.buffer.byte-limit = 33554432 (custom)
2022-07-14 05:35:30,603 [pool-240-thread-1] INFO  server.RaftServerConfigKeys (ConfUtils.java:logGet(46)) - raft.server.log.statemachine.data.read.timeout = 1000ms (default)
2022-07-14 05:35:30,604 [pool-240-thread-1] INFO  server.RaftServerConfigKeys (ConfUtils.java:logGet(46)) - raft.server.log.segment.size.max = 1048576 (custom)
2022-07-14 05:35:30,604 [pool-240-thread-1] INFO  server.RaftServerConfigKeys (ConfUtils.java:logGet(46)) - raft.server.log.segment.cache.num.max = 2 (custom)
2022-07-14 05:35:30,604 [pool-240-thread-1] INFO  server.RaftServerConfigKeys (ConfUtils.java:logGet(46)) - raft.server.log.segment.cache.size.max = 200MB (=209715200) (default)
2022-07-14 05:35:30,604 [pool-240-thread-1] INFO  segmented.SegmentedRaftLogWorker (SegmentedRaftLogWorker.java:<init>(187)) - new 034fa580-7f06-453c-9359-8a1a406b4b97@group-3F3960A450F3-SegmentedRaftLogWorker for RaftStorageImpl:Storage Directory /home/runner/work/ozone/ozone/hadoop-ozone/integration-test/target/test-dir/MiniOzoneClusterImpl-252142cc-85ec-47ec-8abc-bbf74a919ed0/datanode-2/data/ratis/3442a38a-df77-4709-88f3-3f3960a450f3
2022-07-14 05:35:30,604 [pool-240-thread-1] INFO  server.RaftServerConfigKeys (ConfUtils.java:logGet(46)) - raft.server.log.queue.byte-limit = 4294967296 (custom)
2022-07-14 05:35:30,605 [pool-240-thread-1] INFO  server.RaftServerConfigKeys (ConfUtils.java:logGet(46)) - raft.server.log.queue.element-limit = 1024 (custom)
2022-07-14 05:35:30,605 [pool-240-thread-1] INFO  server.RaftServerConfigKeys (ConfUtils.java:logGet(46)) - raft.server.log.segment.size.max = 1048576 (custom)
2022-07-14 05:35:30,605 [pool-240-thread-1] INFO  server.RaftServerConfigKeys (ConfUtils.java:logGet(46)) - raft.server.log.preallocated.size = 16384 (custom)
2022-07-14 05:35:30,605 [pool-240-thread-1] INFO  server.RaftServerConfigKeys (ConfUtils.java:logGet(46)) - raft.server.log.force.sync.num = 128 (default)
2022-07-14 05:35:30,605 [pool-240-thread-1] INFO  server.RaftServerConfigKeys (ConfUtils.java:logGet(46)) - raft.server.log.statemachine.data.sync = true (default)
2022-07-14 05:35:30,605 [pool-240-thread-1] INFO  server.RaftServerConfigKeys (ConfUtils.java:logGet(46)) - raft.server.log.statemachine.data.sync.timeout = 10s (default)
2022-07-14 05:35:30,605 [pool-240-thread-1] INFO  server.RaftServerConfigKeys (ConfUtils.java:logGet(46)) - raft.server.log.statemachine.data.sync.timeout.retry = -1 (default)
2022-07-14 05:35:30,606 [pool-240-thread-1] INFO  server.RaftServerConfigKeys (ConfUtils.java:logGet(46)) - raft.server.log.write.buffer.size = 1048576 (custom)
2022-07-14 05:35:30,606 [pool-240-thread-1] INFO  server.RaftServerConfigKeys (ConfUtils.java:logGet(46)) - raft.server.log.unsafe-flush.enabled = false (default)
2022-07-14 05:35:30,607 [pool-240-thread-1] INFO  server.RaftServerConfigKeys (ConfUtils.java:logGet(46)) - raft.server.log.statemachine.data.caching.enabled = true (custom)
2022-07-14 05:35:30,607 [pool-240-thread-1] INFO  segmented.SegmentedRaftLogWorker (SegmentedRaftLogWorker.java:lambda$new$0(135)) - 034fa580-7f06-453c-9359-8a1a406b4b97@group-3F3960A450F3-SegmentedRaftLogWorker: flushIndex: setUnconditionally 0 -> -1
2022-07-14 05:35:30,607 [pool-240-thread-1] INFO  segmented.SegmentedRaftLogWorker (SegmentedRaftLogWorker.java:lambda$new$0(135)) - 034fa580-7f06-453c-9359-8a1a406b4b97@group-3F3960A450F3-SegmentedRaftLogWorker: safeCacheEvictIndex: setUnconditionally 0 -> -1
2022-07-14 05:35:30,609 [pool-240-thread-1] INFO  server.RaftServerConfigKeys (ConfUtils.java:logGet(46)) - raft.server.snapshot.auto.trigger.enabled = true (custom)
2022-07-14 05:35:30,609 [pool-240-thread-1] INFO  server.RaftServerConfigKeys (ConfUtils.java:logGet(46)) - raft.server.snapshot.auto.trigger.threshold = 10000 (custom)
2022-07-14 05:35:30,609 [pool-240-thread-1] INFO  server.RaftServerConfigKeys (ConfUtils.java:logGet(46)) - raft.server.snapshot.retention.file.num = 5 (custom)
2022-07-14 05:35:30,609 [pool-240-thread-1] INFO  server.RaftServerConfigKeys (ConfUtils.java:logGet(46)) - raft.server.log.purge.upto.snapshot.index = false (default)
2022-07-14 05:35:30,609 [pool-240-thread-1] INFO  server.RaftServerConfigKeys (ConfUtils.java:logGet(46)) - raft.server.retrycache.expirytime = 600000ms (custom)
2022-07-14 05:35:30,609 [pool-240-thread-1] INFO  server.RaftServerConfigKeys (ConfUtils.java:logGet(46)) - raft.server.retrycache.statistics.expirytime = 100μs (default)
2022-07-14 05:35:30,619 [pool-240-thread-1] INFO  server.RaftServerConfigKeys (ConfUtils.java:logGet(46)) - raft.server.log.appender.install.snapshot.enabled = false (custom)
2022-07-14 05:35:30,619 [pool-240-thread-1] INFO  server.RaftServerConfigKeys (ConfUtils.java:logGet(46)) - raft.server.threadpool.server.cached = true (default)
2022-07-14 05:35:30,619 [pool-240-thread-1] INFO  server.RaftServerConfigKeys (ConfUtils.java:logGet(46)) - raft.server.threadpool.server.size = 0 (default)
2022-07-14 05:35:30,620 [pool-240-thread-1] INFO  server.RaftServerConfigKeys (ConfUtils.java:logGet(46)) - raft.server.threadpool.client.cached = true (default)
2022-07-14 05:35:30,620 [pool-240-thread-1] INFO  server.RaftServerConfigKeys (ConfUtils.java:logGet(46)) - raft.server.threadpool.client.size = 0 (default)
2022-07-14 05:35:30,620 [pool-240-thread-1] INFO  server.RaftServer$Division (RaftServerImpl.java:start(310)) - 034fa580-7f06-453c-9359-8a1a406b4b97@group-3F3960A450F3: start as a follower, conf=-1: [bbe56640-50c4-4219-bf4a-9972af81120e|rpc:127.0.0.1:44819|dataStream:|priority:0, 3afe85c2-914b-4505-ab37-b99a5e6b7b6c|rpc:127.0.0.1:39675|dataStream:|priority:1, 034fa580-7f06-453c-9359-8a1a406b4b97|rpc:127.0.0.1:39193|dataStream:|priority:0], old=null
2022-07-14 05:35:30,620 [pool-240-thread-1] INFO  server.RaftServer$Division (RaftServerImpl.java:setRole(299)) - 034fa580-7f06-453c-9359-8a1a406b4b97@group-3F3960A450F3: changes role from      null to FOLLOWER at term 0 for startAsFollower
2022-07-14 05:35:30,620 [pool-240-thread-1] INFO  impl.RoleInfo (RoleInfo.java:updateAndGet(139)) - 034fa580-7f06-453c-9359-8a1a406b4b97: start 034fa580-7f06-453c-9359-8a1a406b4b97@group-3F3960A450F3-FollowerState
2022-07-14 05:35:30,620 [pool-240-thread-1] INFO  util.JmxRegister (JmxRegister.java:tryRegister(44)) - Successfully registered JMX Bean with object name Ratis:service=RaftServer,group=group-3F3960A450F3,id=034fa580-7f06-453c-9359-8a1a406b4b97
2022-07-14 05:35:30,670 [grpc-default-executor-0] INFO  server.RaftServer (RaftServerProxy.java:addNew(96)) - bbe56640-50c4-4219-bf4a-9972af81120e: addNew group-3F3960A450F3:[bbe56640-50c4-4219-bf4a-9972af81120e|rpc:127.0.0.1:44819|dataStream:|priority:0, 3afe85c2-914b-4505-ab37-b99a5e6b7b6c|rpc:127.0.0.1:39675|dataStream:|priority:1, 034fa580-7f06-453c-9359-8a1a406b4b97|rpc:127.0.0.1:39193|dataStream:|priority:0] returns group-3F3960A450F3:java.util.concurrent.CompletableFuture@29a2c807[Not completed]
2022-07-14 05:35:30,678 [pool-215-thread-1] INFO  server.RaftServer$Division (RaftServerImpl.java:<init>(190)) - bbe56640-50c4-4219-bf4a-9972af81120e: new RaftServerImpl for group-3F3960A450F3:[bbe56640-50c4-4219-bf4a-9972af81120e|rpc:127.0.0.1:44819|dataStream:|priority:0, 3afe85c2-914b-4505-ab37-b99a5e6b7b6c|rpc:127.0.0.1:39675|dataStream:|priority:1, 034fa580-7f06-453c-9359-8a1a406b4b97|rpc:127.0.0.1:39193|dataStream:|priority:0] with ContainerStateMachine:uninitialized
2022-07-14 05:35:30,678 [pool-215-thread-1] INFO  server.RaftServerConfigKeys (ConfUtils.java:logGet(46)) - raft.server.rpc.timeout.min = 5s (custom)
2022-07-14 05:35:30,678 [pool-215-thread-1] INFO  server.RaftServerConfigKeys (ConfUtils.java:logGet(46)) - raft.server.rpc.timeout.max = 5200ms (custom)
2022-07-14 05:35:30,678 [pool-215-thread-1] INFO  server.RaftServerConfigKeys (ConfUtils.java:logGet(46)) - raft.server.rpc.sleep.time = 25ms (default)
2022-07-14 05:35:30,678 [pool-215-thread-1] INFO  server.RaftServerConfigKeys (ConfUtils.java:logGet(46)) - raft.server.rpc.slowness.timeout = 300s (custom)
2022-07-14 05:35:30,678 [pool-215-thread-1] INFO  server.RaftServerConfigKeys (ConfUtils.java:logGet(46)) - raft.server.leaderelection.leader.step-down.wait-time = 10s (default)
2022-07-14 05:35:30,679 [pool-215-thread-1] INFO  server.RaftServerConfigKeys (ConfUtils.java:logGet(46)) - raft.server.sleep.deviation.threshold = 300ms (default)
2022-07-14 05:35:30,679 [pool-215-thread-1] INFO  server.RaftServer$Division (ServerState.java:<init>(107)) - bbe56640-50c4-4219-bf4a-9972af81120e@group-3F3960A450F3: ConfigurationManager, init=-1: [bbe56640-50c4-4219-bf4a-9972af81120e|rpc:127.0.0.1:44819|dataStream:|priority:0, 3afe85c2-914b-4505-ab37-b99a5e6b7b6c|rpc:127.0.0.1:39675|dataStream:|priority:1, 034fa580-7f06-453c-9359-8a1a406b4b97|rpc:127.0.0.1:39193|dataStream:|priority:0], old=null, confs=<EMPTY_MAP>
2022-07-14 05:35:30,679 [pool-215-thread-1] INFO  server.RaftServerConfigKeys (ConfUtils.java:logGet(46)) - raft.server.storage.dir = [/home/runner/work/ozone/ozone/hadoop-ozone/integration-test/target/test-dir/MiniOzoneClusterImpl-252142cc-85ec-47ec-8abc-bbf74a919ed0/datanode-1/data/ratis] (custom)
2022-07-14 05:35:30,679 [pool-215-thread-1] INFO  server.RaftServerConfigKeys (ConfUtils.java:logGet(46)) - raft.server.log.corruption.policy = EXCEPTION (default)
2022-07-14 05:35:30,679 [pool-215-thread-1] INFO  server.RaftServerConfigKeys (ConfUtils.java:logGet(46)) - raft.server.storage.free-space.min = 0MB (=0) (default)
2022-07-14 05:35:30,679 [pool-215-thread-1] INFO  storage.RaftStorageDirectory (RaftStorageDirectoryImpl.java:analyzeStorage(135)) - The storage directory /home/runner/work/ozone/ozone/hadoop-ozone/integration-test/target/test-dir/MiniOzoneClusterImpl-252142cc-85ec-47ec-8abc-bbf74a919ed0/datanode-1/data/ratis/3442a38a-df77-4709-88f3-3f3960a450f3 does not exist. Creating ...
2022-07-14 05:35:30,681 [pool-215-thread-1] INFO  storage.RaftStorageDirectory (RaftStorageDirectoryImpl.java:tryLock(230)) - Lock on /home/runner/work/ozone/ozone/hadoop-ozone/integration-test/target/test-dir/MiniOzoneClusterImpl-252142cc-85ec-47ec-8abc-bbf74a919ed0/datanode-1/data/ratis/3442a38a-df77-4709-88f3-3f3960a450f3/in_use.lock acquired by nodename 26111@fv-az444-907
2022-07-14 05:35:30,683 [pool-215-thread-1] INFO  storage.RaftStorage (RaftStorageImpl.java:format(89)) - Storage directory /home/runner/work/ozone/ozone/hadoop-ozone/integration-test/target/test-dir/MiniOzoneClusterImpl-252142cc-85ec-47ec-8abc-bbf74a919ed0/datanode-1/data/ratis/3442a38a-df77-4709-88f3-3f3960a450f3 has been successfully formatted.
2022-07-14 05:35:30,685 [pool-215-thread-1] INFO  ratis.ContainerStateMachine (ContainerStateMachine.java:loadSnapshot(236)) - group-3F3960A450F3: The snapshot info is null. Setting the last applied indexto:(t:0, i:~)
2022-07-14 05:35:30,689 [pool-215-thread-1] INFO  server.RaftServerConfigKeys (ConfUtils.java:logGet(46)) - raft.server.notification.no-leader.timeout = 300s (custom)
2022-07-14 05:35:30,689 [pool-215-thread-1] INFO  server.RaftServerConfigKeys (ConfUtils.java:logGet(46)) - raft.server.log.use.memory = false (default)
2022-07-14 05:35:30,689 [pool-215-thread-1] INFO  server.RaftServerConfigKeys (ConfUtils.java:logGet(46)) - raft.server.log.purge.gap = 1000000 (custom)
2022-07-14 05:35:30,689 [pool-215-thread-1] INFO  server.RaftServerConfigKeys (ConfUtils.java:logGet(46)) - raft.server.log.appender.buffer.byte-limit = 33554432 (custom)
2022-07-14 05:35:30,689 [pool-215-thread-1] INFO  server.RaftServerConfigKeys (ConfUtils.java:logGet(46)) - raft.server.log.statemachine.data.read.timeout = 1000ms (default)
2022-07-14 05:35:30,689 [pool-215-thread-1] INFO  server.RaftServerConfigKeys (ConfUtils.java:logGet(46)) - raft.server.log.segment.size.max = 1048576 (custom)
2022-07-14 05:35:30,690 [pool-215-thread-1] INFO  server.RaftServerConfigKeys (ConfUtils.java:logGet(46)) - raft.server.log.segment.cache.num.max = 2 (custom)
2022-07-14 05:35:30,690 [pool-215-thread-1] INFO  server.RaftServerConfigKeys (ConfUtils.java:logGet(46)) - raft.server.log.segment.cache.size.max = 200MB (=209715200) (default)
2022-07-14 05:35:30,690 [pool-215-thread-1] INFO  segmented.SegmentedRaftLogWorker (SegmentedRaftLogWorker.java:<init>(187)) - new bbe56640-50c4-4219-bf4a-9972af81120e@group-3F3960A450F3-SegmentedRaftLogWorker for RaftStorageImpl:Storage Directory /home/runner/work/ozone/ozone/hadoop-ozone/integration-test/target/test-dir/MiniOzoneClusterImpl-252142cc-85ec-47ec-8abc-bbf74a919ed0/datanode-1/data/ratis/3442a38a-df77-4709-88f3-3f3960a450f3
2022-07-14 05:35:30,690 [pool-215-thread-1] INFO  server.RaftServerConfigKeys (ConfUtils.java:logGet(46)) - raft.server.log.queue.byte-limit = 4294967296 (custom)
2022-07-14 05:35:30,690 [pool-215-thread-1] INFO  server.RaftServerConfigKeys (ConfUtils.java:logGet(46)) - raft.server.log.queue.element-limit = 1024 (custom)
2022-07-14 05:35:30,690 [pool-215-thread-1] INFO  server.RaftServerConfigKeys (ConfUtils.java:logGet(46)) - raft.server.log.segment.size.max = 1048576 (custom)
2022-07-14 05:35:30,690 [pool-215-thread-1] INFO  server.RaftServerConfigKeys (ConfUtils.java:logGet(46)) - raft.server.log.preallocated.size = 16384 (custom)
2022-07-14 05:35:30,690 [pool-215-thread-1] INFO  server.RaftServerConfigKeys (ConfUtils.java:logGet(46)) - raft.server.log.force.sync.num = 128 (default)
2022-07-14 05:35:30,690 [pool-215-thread-1] INFO  server.RaftServerConfigKeys (ConfUtils.java:logGet(46)) - raft.server.log.statemachine.data.sync = true (default)
2022-07-14 05:35:30,690 [pool-215-thread-1] INFO  server.RaftServerConfigKeys (ConfUtils.java:logGet(46)) - raft.server.log.statemachine.data.sync.timeout = 10s (default)
2022-07-14 05:35:30,691 [pool-215-thread-1] INFO  server.RaftServerConfigKeys (ConfUtils.java:logGet(46)) - raft.server.log.statemachine.data.sync.timeout.retry = -1 (default)
2022-07-14 05:35:30,692 [pool-215-thread-1] INFO  server.RaftServerConfigKeys (ConfUtils.java:logGet(46)) - raft.server.log.write.buffer.size = 1048576 (custom)
2022-07-14 05:35:30,693 [pool-215-thread-1] INFO  server.RaftServerConfigKeys (ConfUtils.java:logGet(46)) - raft.server.log.unsafe-flush.enabled = false (default)
2022-07-14 05:35:30,695 [pool-215-thread-1] INFO  server.RaftServerConfigKeys (ConfUtils.java:logGet(46)) - raft.server.log.statemachine.data.caching.enabled = true (custom)
2022-07-14 05:35:30,696 [pool-215-thread-1] INFO  segmented.SegmentedRaftLogWorker (SegmentedRaftLogWorker.java:lambda$new$0(135)) - bbe56640-50c4-4219-bf4a-9972af81120e@group-3F3960A450F3-SegmentedRaftLogWorker: flushIndex: setUnconditionally 0 -> -1
2022-07-14 05:35:30,696 [pool-215-thread-1] INFO  segmented.SegmentedRaftLogWorker (SegmentedRaftLogWorker.java:lambda$new$0(135)) - bbe56640-50c4-4219-bf4a-9972af81120e@group-3F3960A450F3-SegmentedRaftLogWorker: safeCacheEvictIndex: setUnconditionally 0 -> -1
2022-07-14 05:35:30,696 [pool-215-thread-1] INFO  server.RaftServerConfigKeys (ConfUtils.java:logGet(46)) - raft.server.snapshot.auto.trigger.enabled = true (custom)
2022-07-14 05:35:30,696 [pool-215-thread-1] INFO  server.RaftServerConfigKeys (ConfUtils.java:logGet(46)) - raft.server.snapshot.auto.trigger.threshold = 10000 (custom)
2022-07-14 05:35:30,696 [pool-215-thread-1] INFO  server.RaftServerConfigKeys (ConfUtils.java:logGet(46)) - raft.server.snapshot.retention.file.num = 5 (custom)
2022-07-14 05:35:30,696 [pool-215-thread-1] INFO  server.RaftServerConfigKeys (ConfUtils.java:logGet(46)) - raft.server.log.purge.upto.snapshot.index = false (default)
2022-07-14 05:35:30,696 [pool-215-thread-1] INFO  server.RaftServerConfigKeys (ConfUtils.java:logGet(46)) - raft.server.retrycache.expirytime = 600000ms (custom)
2022-07-14 05:35:30,696 [pool-215-thread-1] INFO  server.RaftServerConfigKeys (ConfUtils.java:logGet(46)) - raft.server.retrycache.statistics.expirytime = 100μs (default)
2022-07-14 05:35:30,698 [pool-215-thread-1] INFO  server.RaftServerConfigKeys (ConfUtils.java:logGet(46)) - raft.server.log.appender.install.snapshot.enabled = false (custom)
2022-07-14 05:35:30,698 [pool-215-thread-1] INFO  server.RaftServerConfigKeys (ConfUtils.java:logGet(46)) - raft.server.threadpool.server.cached = true (default)
2022-07-14 05:35:30,698 [pool-215-thread-1] INFO  server.RaftServerConfigKeys (ConfUtils.java:logGet(46)) - raft.server.threadpool.server.size = 0 (default)
2022-07-14 05:35:30,698 [pool-215-thread-1] INFO  server.RaftServerConfigKeys (ConfUtils.java:logGet(46)) - raft.server.threadpool.client.cached = true (default)
2022-07-14 05:35:30,698 [pool-215-thread-1] INFO  server.RaftServerConfigKeys (ConfUtils.java:logGet(46)) - raft.server.threadpool.client.size = 0 (default)
2022-07-14 05:35:30,698 [pool-215-thread-1] INFO  server.RaftServer$Division (RaftServerImpl.java:start(310)) - bbe56640-50c4-4219-bf4a-9972af81120e@group-3F3960A450F3: start as a follower, conf=-1: [bbe56640-50c4-4219-bf4a-9972af81120e|rpc:127.0.0.1:44819|dataStream:|priority:0, 3afe85c2-914b-4505-ab37-b99a5e6b7b6c|rpc:127.0.0.1:39675|dataStream:|priority:1, 034fa580-7f06-453c-9359-8a1a406b4b97|rpc:127.0.0.1:39193|dataStream:|priority:0], old=null
2022-07-14 05:35:30,698 [pool-215-thread-1] INFO  server.RaftServer$Division (RaftServerImpl.java:setRole(299)) - bbe56640-50c4-4219-bf4a-9972af81120e@group-3F3960A450F3: changes role from      null to FOLLOWER at term 0 for startAsFollower
2022-07-14 05:35:30,698 [pool-215-thread-1] INFO  impl.RoleInfo (RoleInfo.java:updateAndGet(139)) - bbe56640-50c4-4219-bf4a-9972af81120e: start bbe56640-50c4-4219-bf4a-9972af81120e@group-3F3960A450F3-FollowerState
2022-07-14 05:35:30,699 [pool-215-thread-1] INFO  util.JmxRegister (JmxRegister.java:tryRegister(44)) - Successfully registered JMX Bean with object name Ratis:service=RaftServer,group=group-3F3960A450F3,id=bbe56640-50c4-4219-bf4a-9972af81120e
2022-07-14 05:35:30,711 [Command processor thread] INFO  commandhandler.CreatePipelineCommandHandler (CreatePipelineCommandHandler.java:handle(113)) - Created Pipeline RATIS THREE PipelineID=3442a38a-df77-4709-88f3-3f3960a450f3.
2022-07-14 05:35:30,711 [Command processor thread] INFO  server.RaftServer (RaftServerProxy.java:addNew(96)) - 3afe85c2-914b-4505-ab37-b99a5e6b7b6c: addNew group-4BD82B653B0E:[bbe56640-50c4-4219-bf4a-9972af81120e|rpc:127.0.0.1:44819|priority:0, 3afe85c2-914b-4505-ab37-b99a5e6b7b6c|rpc:127.0.0.1:39675|priority:0, 034fa580-7f06-453c-9359-8a1a406b4b97|rpc:127.0.0.1:39193|priority:1] returns group-4BD82B653B0E:java.util.concurrent.CompletableFuture@7dc21ae6[Not completed]
2022-07-14 05:35:30,713 [pool-190-thread-1] INFO  server.RaftServer$Division (RaftServerImpl.java:<init>(190)) - 3afe85c2-914b-4505-ab37-b99a5e6b7b6c: new RaftServerImpl for group-4BD82B653B0E:[bbe56640-50c4-4219-bf4a-9972af81120e|rpc:127.0.0.1:44819|priority:0, 3afe85c2-914b-4505-ab37-b99a5e6b7b6c|rpc:127.0.0.1:39675|priority:0, 034fa580-7f06-453c-9359-8a1a406b4b97|rpc:127.0.0.1:39193|priority:1] with ContainerStateMachine:uninitialized
2022-07-14 05:35:30,713 [pool-190-thread-1] INFO  server.RaftServerConfigKeys (ConfUtils.java:logGet(46)) - raft.server.rpc.timeout.min = 5s (custom)
2022-07-14 05:35:30,713 [pool-190-thread-1] INFO  server.RaftServerConfigKeys (ConfUtils.java:logGet(46)) - raft.server.rpc.timeout.max = 5200ms (custom)
2022-07-14 05:35:30,713 [pool-190-thread-1] INFO  server.RaftServerConfigKeys (ConfUtils.java:logGet(46)) - raft.server.rpc.sleep.time = 25ms (default)
2022-07-14 05:35:30,713 [pool-190-thread-1] INFO  server.RaftServerConfigKeys (ConfUtils.java:logGet(46)) - raft.server.rpc.slowness.timeout = 300s (custom)
2022-07-14 05:35:30,713 [pool-190-thread-1] INFO  server.RaftServerConfigKeys (ConfUtils.java:logGet(46)) - raft.server.leaderelection.leader.step-down.wait-time = 10s (default)
2022-07-14 05:35:30,713 [pool-190-thread-1] INFO  server.RaftServerConfigKeys (ConfUtils.java:logGet(46)) - raft.server.sleep.deviation.threshold = 300ms (default)
2022-07-14 05:35:30,713 [pool-190-thread-1] INFO  server.RaftServer$Division (ServerState.java:<init>(107)) - 3afe85c2-914b-4505-ab37-b99a5e6b7b6c@group-4BD82B653B0E: ConfigurationManager, init=-1: [bbe56640-50c4-4219-bf4a-9972af81120e|rpc:127.0.0.1:44819|priority:0, 3afe85c2-914b-4505-ab37-b99a5e6b7b6c|rpc:127.0.0.1:39675|priority:0, 034fa580-7f06-453c-9359-8a1a406b4b97|rpc:127.0.0.1:39193|priority:1], old=null, confs=<EMPTY_MAP>
2022-07-14 05:35:30,713 [pool-190-thread-1] INFO  server.RaftServerConfigKeys (ConfUtils.java:logGet(46)) - raft.server.storage.dir = [/home/runner/work/ozone/ozone/hadoop-ozone/integration-test/target/test-dir/MiniOzoneClusterImpl-252142cc-85ec-47ec-8abc-bbf74a919ed0/datanode-0/data/ratis] (custom)
2022-07-14 05:35:30,714 [pool-190-thread-1] INFO  server.RaftServerConfigKeys (ConfUtils.java:logGet(46)) - raft.server.log.corruption.policy = EXCEPTION (default)
2022-07-14 05:35:30,714 [pool-190-thread-1] INFO  server.RaftServerConfigKeys (ConfUtils.java:logGet(46)) - raft.server.storage.free-space.min = 0MB (=0) (default)
2022-07-14 05:35:30,714 [pool-190-thread-1] INFO  storage.RaftStorageDirectory (RaftStorageDirectoryImpl.java:analyzeStorage(135)) - The storage directory /home/runner/work/ozone/ozone/hadoop-ozone/integration-test/target/test-dir/MiniOzoneClusterImpl-252142cc-85ec-47ec-8abc-bbf74a919ed0/datanode-0/data/ratis/66d4f1d7-e2f1-4cea-a8ca-4bd82b653b0e does not exist. Creating ...
2022-07-14 05:35:30,715 [pool-190-thread-1] INFO  storage.RaftStorageDirectory (RaftStorageDirectoryImpl.java:tryLock(230)) - Lock on /home/runner/work/ozone/ozone/hadoop-ozone/integration-test/target/test-dir/MiniOzoneClusterImpl-252142cc-85ec-47ec-8abc-bbf74a919ed0/datanode-0/data/ratis/66d4f1d7-e2f1-4cea-a8ca-4bd82b653b0e/in_use.lock acquired by nodename 26111@fv-az444-907
2022-07-14 05:35:30,717 [pool-190-thread-1] INFO  storage.RaftStorage (RaftStorageImpl.java:format(89)) - Storage directory /home/runner/work/ozone/ozone/hadoop-ozone/integration-test/target/test-dir/MiniOzoneClusterImpl-252142cc-85ec-47ec-8abc-bbf74a919ed0/datanode-0/data/ratis/66d4f1d7-e2f1-4cea-a8ca-4bd82b653b0e has been successfully formatted.
2022-07-14 05:35:30,717 [pool-190-thread-1] INFO  ratis.ContainerStateMachine (ContainerStateMachine.java:loadSnapshot(236)) - group-4BD82B653B0E: The snapshot info is null. Setting the last applied indexto:(t:0, i:~)
2022-07-14 05:35:30,717 [pool-190-thread-1] INFO  server.RaftServerConfigKeys (ConfUtils.java:logGet(46)) - raft.server.notification.no-leader.timeout = 300s (custom)
2022-07-14 05:35:30,717 [pool-190-thread-1] INFO  server.RaftServerConfigKeys (ConfUtils.java:logGet(46)) - raft.server.log.use.memory = false (default)
2022-07-14 05:35:30,717 [pool-190-thread-1] INFO  server.RaftServerConfigKeys (ConfUtils.java:logGet(46)) - raft.server.log.purge.gap = 1000000 (custom)
2022-07-14 05:35:30,718 [pool-190-thread-1] INFO  server.RaftServerConfigKeys (ConfUtils.java:logGet(46)) - raft.server.log.appender.buffer.byte-limit = 33554432 (custom)
2022-07-14 05:35:30,718 [pool-190-thread-1] INFO  server.RaftServerConfigKeys (ConfUtils.java:logGet(46)) - raft.server.log.statemachine.data.read.timeout = 1000ms (default)
2022-07-14 05:35:30,718 [pool-190-thread-1] INFO  server.RaftServerConfigKeys (ConfUtils.java:logGet(46)) - raft.server.log.segment.size.max = 1048576 (custom)
2022-07-14 05:35:30,718 [pool-190-thread-1] INFO  server.RaftServerConfigKeys (ConfUtils.java:logGet(46)) - raft.server.log.segment.cache.num.max = 2 (custom)
2022-07-14 05:35:30,719 [pool-190-thread-1] INFO  server.RaftServerConfigKeys (ConfUtils.java:logGet(46)) - raft.server.log.segment.cache.size.max = 200MB (=209715200) (default)
2022-07-14 05:35:30,719 [pool-190-thread-1] INFO  segmented.SegmentedRaftLogWorker (SegmentedRaftLogWorker.java:<init>(187)) - new 3afe85c2-914b-4505-ab37-b99a5e6b7b6c@group-4BD82B653B0E-SegmentedRaftLogWorker for RaftStorageImpl:Storage Directory /home/runner/work/ozone/ozone/hadoop-ozone/integration-test/target/test-dir/MiniOzoneClusterImpl-252142cc-85ec-47ec-8abc-bbf74a919ed0/datanode-0/data/ratis/66d4f1d7-e2f1-4cea-a8ca-4bd82b653b0e
2022-07-14 05:35:30,719 [pool-190-thread-1] INFO  server.RaftServerConfigKeys (ConfUtils.java:logGet(46)) - raft.server.log.queue.byte-limit = 4294967296 (custom)
2022-07-14 05:35:30,719 [pool-190-thread-1] INFO  server.RaftServerConfigKeys (ConfUtils.java:logGet(46)) - raft.server.log.queue.element-limit = 1024 (custom)
2022-07-14 05:35:30,720 [pool-190-thread-1] INFO  server.RaftServerConfigKeys (ConfUtils.java:logGet(46)) - raft.server.log.segment.size.max = 1048576 (custom)
2022-07-14 05:35:30,720 [pool-190-thread-1] INFO  server.RaftServerConfigKeys (ConfUtils.java:logGet(46)) - raft.server.log.preallocated.size = 16384 (custom)
2022-07-14 05:35:30,720 [pool-190-thread-1] INFO  server.RaftServerConfigKeys (ConfUtils.java:logGet(46)) - raft.server.log.force.sync.num = 128 (default)
2022-07-14 05:35:30,720 [pool-190-thread-1] INFO  server.RaftServerConfigKeys (ConfUtils.java:logGet(46)) - raft.server.log.statemachine.data.sync = true (default)
2022-07-14 05:35:30,720 [pool-190-thread-1] INFO  server.RaftServerConfigKeys (ConfUtils.java:logGet(46)) - raft.server.log.statemachine.data.sync.timeout = 10s (default)
2022-07-14 05:35:30,721 [pool-190-thread-1] INFO  server.RaftServerConfigKeys (ConfUtils.java:logGet(46)) - raft.server.log.statemachine.data.sync.timeout.retry = -1 (default)
2022-07-14 05:35:30,722 [EventQueue-OpenPipelineForHealthyPipelineSafeModeRule] INFO  safemode.SCMSafeModeManager (HealthyPipelineSafeModeRule.java:process(137)) - SCM in safe mode. Healthy pipelines reported count is 0, required healthy pipeline reported count is 1
2022-07-14 05:35:30,722 [EventQueue-OpenPipelineForHealthyPipelineSafeModeRule] INFO  safemode.SCMSafeModeManager (HealthyPipelineSafeModeRule.java:process(137)) - SCM in safe mode. Healthy pipelines reported count is 0, required healthy pipeline reported count is 1
2022-07-14 05:35:30,723 [EventQueue-OpenPipelineForHealthyPipelineSafeModeRule] INFO  safemode.SCMSafeModeManager (HealthyPipelineSafeModeRule.java:process(137)) - SCM in safe mode. Healthy pipelines reported count is 0, required healthy pipeline reported count is 1
2022-07-14 05:35:30,724 [pool-190-thread-1] INFO  server.RaftServerConfigKeys (ConfUtils.java:logGet(46)) - raft.server.log.write.buffer.size = 1048576 (custom)
2022-07-14 05:35:30,725 [pool-190-thread-1] INFO  server.RaftServerConfigKeys (ConfUtils.java:logGet(46)) - raft.server.log.unsafe-flush.enabled = false (default)
2022-07-14 05:35:30,725 [pool-190-thread-1] INFO  server.RaftServerConfigKeys (ConfUtils.java:logGet(46)) - raft.server.log.statemachine.data.caching.enabled = true (custom)
2022-07-14 05:35:30,725 [pool-190-thread-1] INFO  segmented.SegmentedRaftLogWorker (SegmentedRaftLogWorker.java:lambda$new$0(135)) - 3afe85c2-914b-4505-ab37-b99a5e6b7b6c@group-4BD82B653B0E-SegmentedRaftLogWorker: flushIndex: setUnconditionally 0 -> -1
2022-07-14 05:35:30,725 [pool-190-thread-1] INFO  segmented.SegmentedRaftLogWorker (SegmentedRaftLogWorker.java:lambda$new$0(135)) - 3afe85c2-914b-4505-ab37-b99a5e6b7b6c@group-4BD82B653B0E-SegmentedRaftLogWorker: safeCacheEvictIndex: setUnconditionally 0 -> -1
2022-07-14 05:35:30,726 [pool-190-thread-1] INFO  server.RaftServerConfigKeys (ConfUtils.java:logGet(46)) - raft.server.snapshot.auto.trigger.enabled = true (custom)
2022-07-14 05:35:30,726 [pool-190-thread-1] INFO  server.RaftServerConfigKeys (ConfUtils.java:logGet(46)) - raft.server.snapshot.auto.trigger.threshold = 10000 (custom)
2022-07-14 05:35:30,727 [pool-190-thread-1] INFO  server.RaftServerConfigKeys (ConfUtils.java:logGet(46)) - raft.server.snapshot.retention.file.num = 5 (custom)
2022-07-14 05:35:30,727 [pool-190-thread-1] INFO  server.RaftServerConfigKeys (ConfUtils.java:logGet(46)) - raft.server.log.purge.upto.snapshot.index = false (default)
2022-07-14 05:35:30,727 [pool-190-thread-1] INFO  server.RaftServerConfigKeys (ConfUtils.java:logGet(46)) - raft.server.retrycache.expirytime = 600000ms (custom)
2022-07-14 05:35:30,727 [pool-190-thread-1] INFO  server.RaftServerConfigKeys (ConfUtils.java:logGet(46)) - raft.server.retrycache.statistics.expirytime = 100μs (default)
2022-07-14 05:35:30,728 [pool-190-thread-1] INFO  server.RaftServerConfigKeys (ConfUtils.java:logGet(46)) - raft.server.log.appender.install.snapshot.enabled = false (custom)
2022-07-14 05:35:30,728 [pool-190-thread-1] INFO  server.RaftServerConfigKeys (ConfUtils.java:logGet(46)) - raft.server.threadpool.server.cached = true (default)
2022-07-14 05:35:30,728 [pool-190-thread-1] INFO  server.RaftServerConfigKeys (ConfUtils.java:logGet(46)) - raft.server.threadpool.server.size = 0 (default)
2022-07-14 05:35:30,728 [pool-190-thread-1] INFO  server.RaftServerConfigKeys (ConfUtils.java:logGet(46)) - raft.server.threadpool.client.cached = true (default)
2022-07-14 05:35:30,729 [pool-190-thread-1] INFO  server.RaftServerConfigKeys (ConfUtils.java:logGet(46)) - raft.server.threadpool.client.size = 0 (default)
2022-07-14 05:35:30,729 [pool-190-thread-1] INFO  server.RaftServer$Division (RaftServerImpl.java:start(310)) - 3afe85c2-914b-4505-ab37-b99a5e6b7b6c@group-4BD82B653B0E: start as a follower, conf=-1: [bbe56640-50c4-4219-bf4a-9972af81120e|rpc:127.0.0.1:44819|priority:0, 3afe85c2-914b-4505-ab37-b99a5e6b7b6c|rpc:127.0.0.1:39675|priority:0, 034fa580-7f06-453c-9359-8a1a406b4b97|rpc:127.0.0.1:39193|priority:1], old=null
2022-07-14 05:35:30,729 [pool-190-thread-1] INFO  server.RaftServer$Division (RaftServerImpl.java:setRole(299)) - 3afe85c2-914b-4505-ab37-b99a5e6b7b6c@group-4BD82B653B0E: changes role from      null to FOLLOWER at term 0 for startAsFollower
2022-07-14 05:35:30,729 [pool-190-thread-1] INFO  impl.RoleInfo (RoleInfo.java:updateAndGet(139)) - 3afe85c2-914b-4505-ab37-b99a5e6b7b6c: start 3afe85c2-914b-4505-ab37-b99a5e6b7b6c@group-4BD82B653B0E-FollowerState
2022-07-14 05:35:30,731 [pool-190-thread-1] INFO  util.JmxRegister (JmxRegister.java:tryRegister(44)) - Successfully registered JMX Bean with object name Ratis:service=RaftServer,group=group-4BD82B653B0E,id=3afe85c2-914b-4505-ab37-b99a5e6b7b6c
2022-07-14 05:35:30,734 [Command processor thread] INFO  ratis.XceiverServerRatis (XceiverServerRatis.java:addGroup(765)) - Created group PipelineID=66d4f1d7-e2f1-4cea-a8ca-4bd82b653b0e
2022-07-14 05:35:30,750 [grpc-default-executor-0] INFO  server.RaftServer (RaftServerProxy.java:addNew(96)) - bbe56640-50c4-4219-bf4a-9972af81120e: addNew group-4BD82B653B0E:[bbe56640-50c4-4219-bf4a-9972af81120e|rpc:127.0.0.1:44819|dataStream:|priority:0, 3afe85c2-914b-4505-ab37-b99a5e6b7b6c|rpc:127.0.0.1:39675|dataStream:|priority:0, 034fa580-7f06-453c-9359-8a1a406b4b97|rpc:127.0.0.1:39193|dataStream:|priority:1] returns group-4BD82B653B0E:java.util.concurrent.CompletableFuture@3de6868b[Not completed]
2022-07-14 05:35:30,751 [pool-215-thread-1] INFO  server.RaftServer$Division (RaftServerImpl.java:<init>(190)) - bbe56640-50c4-4219-bf4a-9972af81120e: new RaftServerImpl for group-4BD82B653B0E:[bbe56640-50c4-4219-bf4a-9972af81120e|rpc:127.0.0.1:44819|dataStream:|priority:0, 3afe85c2-914b-4505-ab37-b99a5e6b7b6c|rpc:127.0.0.1:39675|dataStream:|priority:0, 034fa580-7f06-453c-9359-8a1a406b4b97|rpc:127.0.0.1:39193|dataStream:|priority:1] with ContainerStateMachine:uninitialized
2022-07-14 05:35:30,751 [pool-215-thread-1] INFO  server.RaftServerConfigKeys (ConfUtils.java:logGet(46)) - raft.server.rpc.timeout.min = 5s (custom)
2022-07-14 05:35:30,751 [pool-215-thread-1] INFO  server.RaftServerConfigKeys (ConfUtils.java:logGet(46)) - raft.server.rpc.timeout.max = 5200ms (custom)
2022-07-14 05:35:30,752 [pool-215-thread-1] INFO  server.RaftServerConfigKeys (ConfUtils.java:logGet(46)) - raft.server.rpc.sleep.time = 25ms (default)
2022-07-14 05:35:30,752 [pool-215-thread-1] INFO  server.RaftServerConfigKeys (ConfUtils.java:logGet(46)) - raft.server.rpc.slowness.timeout = 300s (custom)
2022-07-14 05:35:30,752 [pool-215-thread-1] INFO  server.RaftServerConfigKeys (ConfUtils.java:logGet(46)) - raft.server.leaderelection.leader.step-down.wait-time = 10s (default)
2022-07-14 05:35:30,752 [pool-215-thread-1] INFO  server.RaftServerConfigKeys (ConfUtils.java:logGet(46)) - raft.server.sleep.deviation.threshold = 300ms (default)
2022-07-14 05:35:30,752 [pool-215-thread-1] INFO  server.RaftServer$Division (ServerState.java:<init>(107)) - bbe56640-50c4-4219-bf4a-9972af81120e@group-4BD82B653B0E: ConfigurationManager, init=-1: [bbe56640-50c4-4219-bf4a-9972af81120e|rpc:127.0.0.1:44819|dataStream:|priority:0, 3afe85c2-914b-4505-ab37-b99a5e6b7b6c|rpc:127.0.0.1:39675|dataStream:|priority:0, 034fa580-7f06-453c-9359-8a1a406b4b97|rpc:127.0.0.1:39193|dataStream:|priority:1], old=null, confs=<EMPTY_MAP>
2022-07-14 05:35:30,752 [pool-215-thread-1] INFO  server.RaftServerConfigKeys (ConfUtils.java:logGet(46)) - raft.server.storage.dir = [/home/runner/work/ozone/ozone/hadoop-ozone/integration-test/target/test-dir/MiniOzoneClusterImpl-252142cc-85ec-47ec-8abc-bbf74a919ed0/datanode-1/data/ratis] (custom)
2022-07-14 05:35:30,752 [pool-215-thread-1] INFO  server.RaftServerConfigKeys (ConfUtils.java:logGet(46)) - raft.server.log.corruption.policy = EXCEPTION (default)
2022-07-14 05:35:30,752 [pool-215-thread-1] INFO  server.RaftServerConfigKeys (ConfUtils.java:logGet(46)) - raft.server.storage.free-space.min = 0MB (=0) (default)
2022-07-14 05:35:30,753 [pool-215-thread-1] INFO  storage.RaftStorageDirectory (RaftStorageDirectoryImpl.java:analyzeStorage(135)) - The storage directory /home/runner/work/ozone/ozone/hadoop-ozone/integration-test/target/test-dir/MiniOzoneClusterImpl-252142cc-85ec-47ec-8abc-bbf74a919ed0/datanode-1/data/ratis/66d4f1d7-e2f1-4cea-a8ca-4bd82b653b0e does not exist. Creating ...
2022-07-14 05:35:30,754 [pool-215-thread-1] INFO  storage.RaftStorageDirectory (RaftStorageDirectoryImpl.java:tryLock(230)) - Lock on /home/runner/work/ozone/ozone/hadoop-ozone/integration-test/target/test-dir/MiniOzoneClusterImpl-252142cc-85ec-47ec-8abc-bbf74a919ed0/datanode-1/data/ratis/66d4f1d7-e2f1-4cea-a8ca-4bd82b653b0e/in_use.lock acquired by nodename 26111@fv-az444-907
2022-07-14 05:35:30,755 [pool-215-thread-1] INFO  storage.RaftStorage (RaftStorageImpl.java:format(89)) - Storage directory /home/runner/work/ozone/ozone/hadoop-ozone/integration-test/target/test-dir/MiniOzoneClusterImpl-252142cc-85ec-47ec-8abc-bbf74a919ed0/datanode-1/data/ratis/66d4f1d7-e2f1-4cea-a8ca-4bd82b653b0e has been successfully formatted.
2022-07-14 05:35:30,758 [pool-215-thread-1] INFO  ratis.ContainerStateMachine (ContainerStateMachine.java:loadSnapshot(236)) - group-4BD82B653B0E: The snapshot info is null. Setting the last applied indexto:(t:0, i:~)
2022-07-14 05:35:30,758 [pool-215-thread-1] INFO  server.RaftServerConfigKeys (ConfUtils.java:logGet(46)) - raft.server.notification.no-leader.timeout = 300s (custom)
2022-07-14 05:35:30,758 [pool-215-thread-1] INFO  server.RaftServerConfigKeys (ConfUtils.java:logGet(46)) - raft.server.log.use.memory = false (default)
2022-07-14 05:35:30,758 [pool-215-thread-1] INFO  server.RaftServerConfigKeys (ConfUtils.java:logGet(46)) - raft.server.log.purge.gap = 1000000 (custom)
2022-07-14 05:35:30,759 [pool-215-thread-1] INFO  server.RaftServerConfigKeys (ConfUtils.java:logGet(46)) - raft.server.log.appender.buffer.byte-limit = 33554432 (custom)
2022-07-14 05:35:30,759 [pool-215-thread-1] INFO  server.RaftServerConfigKeys (ConfUtils.java:logGet(46)) - raft.server.log.statemachine.data.read.timeout = 1000ms (default)
2022-07-14 05:35:30,759 [pool-215-thread-1] INFO  server.RaftServerConfigKeys (ConfUtils.java:logGet(46)) - raft.server.log.segment.size.max = 1048576 (custom)
2022-07-14 05:35:30,759 [pool-215-thread-1] INFO  server.RaftServerConfigKeys (ConfUtils.java:logGet(46)) - raft.server.log.segment.cache.num.max = 2 (custom)
2022-07-14 05:35:30,759 [pool-215-thread-1] INFO  server.RaftServerConfigKeys (ConfUtils.java:logGet(46)) - raft.server.log.segment.cache.size.max = 200MB (=209715200) (default)
2022-07-14 05:35:30,760 [pool-215-thread-1] INFO  segmented.SegmentedRaftLogWorker (SegmentedRaftLogWorker.java:<init>(187)) - new bbe56640-50c4-4219-bf4a-9972af81120e@group-4BD82B653B0E-SegmentedRaftLogWorker for RaftStorageImpl:Storage Directory /home/runner/work/ozone/ozone/hadoop-ozone/integration-test/target/test-dir/MiniOzoneClusterImpl-252142cc-85ec-47ec-8abc-bbf74a919ed0/datanode-1/data/ratis/66d4f1d7-e2f1-4cea-a8ca-4bd82b653b0e
2022-07-14 05:35:30,760 [pool-215-thread-1] INFO  server.RaftServerConfigKeys (ConfUtils.java:logGet(46)) - raft.server.log.queue.byte-limit = 4294967296 (custom)
2022-07-14 05:35:30,760 [pool-215-thread-1] INFO  server.RaftServerConfigKeys (ConfUtils.java:logGet(46)) - raft.server.log.queue.element-limit = 1024 (custom)
2022-07-14 05:35:30,760 [pool-215-thread-1] INFO  server.RaftServerConfigKeys (ConfUtils.java:logGet(46)) - raft.server.log.segment.size.max = 1048576 (custom)
2022-07-14 05:35:30,760 [pool-215-thread-1] INFO  server.RaftServerConfigKeys (ConfUtils.java:logGet(46)) - raft.server.log.preallocated.size = 16384 (custom)
2022-07-14 05:35:30,760 [pool-215-thread-1] INFO  server.RaftServerConfigKeys (ConfUtils.java:logGet(46)) - raft.server.log.force.sync.num = 128 (default)
2022-07-14 05:35:30,760 [pool-215-thread-1] INFO  server.RaftServerConfigKeys (ConfUtils.java:logGet(46)) - raft.server.log.statemachine.data.sync = true (default)
2022-07-14 05:35:30,760 [pool-215-thread-1] INFO  server.RaftServerConfigKeys (ConfUtils.java:logGet(46)) - raft.server.log.statemachine.data.sync.timeout = 10s (default)
2022-07-14 05:35:30,760 [pool-215-thread-1] INFO  server.RaftServerConfigKeys (ConfUtils.java:logGet(46)) - raft.server.log.statemachine.data.sync.timeout.retry = -1 (default)
2022-07-14 05:35:30,762 [pool-215-thread-1] INFO  server.RaftServerConfigKeys (ConfUtils.java:logGet(46)) - raft.server.log.write.buffer.size = 1048576 (custom)
2022-07-14 05:35:30,762 [pool-215-thread-1] INFO  server.RaftServerConfigKeys (ConfUtils.java:logGet(46)) - raft.server.log.unsafe-flush.enabled = false (default)
2022-07-14 05:35:30,762 [pool-215-thread-1] INFO  server.RaftServerConfigKeys (ConfUtils.java:logGet(46)) - raft.server.log.statemachine.data.caching.enabled = true (custom)
2022-07-14 05:35:30,762 [pool-215-thread-1] INFO  segmented.SegmentedRaftLogWorker (SegmentedRaftLogWorker.java:lambda$new$0(135)) - bbe56640-50c4-4219-bf4a-9972af81120e@group-4BD82B653B0E-SegmentedRaftLogWorker: flushIndex: setUnconditionally 0 -> -1
2022-07-14 05:35:30,762 [pool-215-thread-1] INFO  segmented.SegmentedRaftLogWorker (SegmentedRaftLogWorker.java:lambda$new$0(135)) - bbe56640-50c4-4219-bf4a-9972af81120e@group-4BD82B653B0E-SegmentedRaftLogWorker: safeCacheEvictIndex: setUnconditionally 0 -> -1
2022-07-14 05:35:30,763 [pool-215-thread-1] INFO  server.RaftServerConfigKeys (ConfUtils.java:logGet(46)) - raft.server.snapshot.auto.trigger.enabled = true (custom)
2022-07-14 05:35:30,763 [pool-215-thread-1] INFO  server.RaftServerConfigKeys (ConfUtils.java:logGet(46)) - raft.server.snapshot.auto.trigger.threshold = 10000 (custom)
2022-07-14 05:35:30,763 [pool-215-thread-1] INFO  server.RaftServerConfigKeys (ConfUtils.java:logGet(46)) - raft.server.snapshot.retention.file.num = 5 (custom)
2022-07-14 05:35:30,763 [pool-215-thread-1] INFO  server.RaftServerConfigKeys (ConfUtils.java:logGet(46)) - raft.server.log.purge.upto.snapshot.index = false (default)
2022-07-14 05:35:30,763 [pool-215-thread-1] INFO  server.RaftServerConfigKeys (ConfUtils.java:logGet(46)) - raft.server.retrycache.expirytime = 600000ms (custom)
2022-07-14 05:35:30,763 [pool-215-thread-1] INFO  server.RaftServerConfigKeys (ConfUtils.java:logGet(46)) - raft.server.retrycache.statistics.expirytime = 100μs (default)
2022-07-14 05:35:30,765 [pool-215-thread-1] INFO  server.RaftServerConfigKeys (ConfUtils.java:logGet(46)) - raft.server.log.appender.install.snapshot.enabled = false (custom)
2022-07-14 05:35:30,765 [pool-215-thread-1] INFO  server.RaftServerConfigKeys (ConfUtils.java:logGet(46)) - raft.server.threadpool.server.cached = true (default)
2022-07-14 05:35:30,765 [pool-215-thread-1] INFO  server.RaftServerConfigKeys (ConfUtils.java:logGet(46)) - raft.server.threadpool.server.size = 0 (default)
2022-07-14 05:35:30,765 [pool-215-thread-1] INFO  server.RaftServerConfigKeys (ConfUtils.java:logGet(46)) - raft.server.threadpool.client.cached = true (default)
2022-07-14 05:35:30,765 [pool-215-thread-1] INFO  server.RaftServerConfigKeys (ConfUtils.java:logGet(46)) - raft.server.threadpool.client.size = 0 (default)
2022-07-14 05:35:30,766 [pool-215-thread-1] INFO  server.RaftServer$Division (RaftServerImpl.java:start(310)) - bbe56640-50c4-4219-bf4a-9972af81120e@group-4BD82B653B0E: start as a follower, conf=-1: [bbe56640-50c4-4219-bf4a-9972af81120e|rpc:127.0.0.1:44819|dataStream:|priority:0, 3afe85c2-914b-4505-ab37-b99a5e6b7b6c|rpc:127.0.0.1:39675|dataStream:|priority:0, 034fa580-7f06-453c-9359-8a1a406b4b97|rpc:127.0.0.1:39193|dataStream:|priority:1], old=null
2022-07-14 05:35:30,766 [pool-215-thread-1] INFO  server.RaftServer$Division (RaftServerImpl.java:setRole(299)) - bbe56640-50c4-4219-bf4a-9972af81120e@group-4BD82B653B0E: changes role from      null to FOLLOWER at term 0 for startAsFollower
2022-07-14 05:35:30,766 [pool-215-thread-1] INFO  impl.RoleInfo (RoleInfo.java:updateAndGet(139)) - bbe56640-50c4-4219-bf4a-9972af81120e: start bbe56640-50c4-4219-bf4a-9972af81120e@group-4BD82B653B0E-FollowerState
2022-07-14 05:35:30,766 [pool-215-thread-1] INFO  util.JmxRegister (JmxRegister.java:tryRegister(44)) - Successfully registered JMX Bean with object name Ratis:service=RaftServer,group=group-4BD82B653B0E,id=bbe56640-50c4-4219-bf4a-9972af81120e
2022-07-14 05:35:30,789 [grpc-default-executor-0] INFO  server.RaftServer (RaftServerProxy.java:addNew(96)) - 034fa580-7f06-453c-9359-8a1a406b4b97: addNew group-4BD82B653B0E:[bbe56640-50c4-4219-bf4a-9972af81120e|rpc:127.0.0.1:44819|dataStream:|priority:0, 3afe85c2-914b-4505-ab37-b99a5e6b7b6c|rpc:127.0.0.1:39675|dataStream:|priority:0, 034fa580-7f06-453c-9359-8a1a406b4b97|rpc:127.0.0.1:39193|dataStream:|priority:1] returns group-4BD82B653B0E:java.util.concurrent.CompletableFuture@1eb63c99[Not completed]
2022-07-14 05:35:30,791 [pool-240-thread-1] INFO  server.RaftServer$Division (RaftServerImpl.java:<init>(190)) - 034fa580-7f06-453c-9359-8a1a406b4b97: new RaftServerImpl for group-4BD82B653B0E:[bbe56640-50c4-4219-bf4a-9972af81120e|rpc:127.0.0.1:44819|dataStream:|priority:0, 3afe85c2-914b-4505-ab37-b99a5e6b7b6c|rpc:127.0.0.1:39675|dataStream:|priority:0, 034fa580-7f06-453c-9359-8a1a406b4b97|rpc:127.0.0.1:39193|dataStream:|priority:1] with ContainerStateMachine:uninitialized
2022-07-14 05:35:30,791 [pool-240-thread-1] INFO  server.RaftServerConfigKeys (ConfUtils.java:logGet(46)) - raft.server.rpc.timeout.min = 5s (custom)
2022-07-14 05:35:30,791 [pool-240-thread-1] INFO  server.RaftServerConfigKeys (ConfUtils.java:logGet(46)) - raft.server.rpc.timeout.max = 5200ms (custom)
2022-07-14 05:35:30,791 [pool-240-thread-1] INFO  server.RaftServerConfigKeys (ConfUtils.java:logGet(46)) - raft.server.rpc.sleep.time = 25ms (default)
2022-07-14 05:35:30,792 [pool-240-thread-1] INFO  server.RaftServerConfigKeys (ConfUtils.java:logGet(46)) - raft.server.rpc.slowness.timeout = 300s (custom)
2022-07-14 05:35:30,792 [pool-240-thread-1] INFO  server.RaftServerConfigKeys (ConfUtils.java:logGet(46)) - raft.server.leaderelection.leader.step-down.wait-time = 10s (default)
2022-07-14 05:35:30,792 [pool-240-thread-1] INFO  server.RaftServerConfigKeys (ConfUtils.java:logGet(46)) - raft.server.sleep.deviation.threshold = 300ms (default)
2022-07-14 05:35:30,792 [pool-240-thread-1] INFO  server.RaftServer$Division (ServerState.java:<init>(107)) - 034fa580-7f06-453c-9359-8a1a406b4b97@group-4BD82B653B0E: ConfigurationManager, init=-1: [bbe56640-50c4-4219-bf4a-9972af81120e|rpc:127.0.0.1:44819|dataStream:|priority:0, 3afe85c2-914b-4505-ab37-b99a5e6b7b6c|rpc:127.0.0.1:39675|dataStream:|priority:0, 034fa580-7f06-453c-9359-8a1a406b4b97|rpc:127.0.0.1:39193|dataStream:|priority:1], old=null, confs=<EMPTY_MAP>
2022-07-14 05:35:30,792 [pool-240-thread-1] INFO  server.RaftServerConfigKeys (ConfUtils.java:logGet(46)) - raft.server.storage.dir = [/home/runner/work/ozone/ozone/hadoop-ozone/integration-test/target/test-dir/MiniOzoneClusterImpl-252142cc-85ec-47ec-8abc-bbf74a919ed0/datanode-2/data/ratis] (custom)
2022-07-14 05:35:30,792 [pool-240-thread-1] INFO  server.RaftServerConfigKeys (ConfUtils.java:logGet(46)) - raft.server.log.corruption.policy = EXCEPTION (default)
2022-07-14 05:35:30,792 [pool-240-thread-1] INFO  server.RaftServerConfigKeys (ConfUtils.java:logGet(46)) - raft.server.storage.free-space.min = 0MB (=0) (default)
2022-07-14 05:35:30,792 [pool-240-thread-1] INFO  storage.RaftStorageDirectory (RaftStorageDirectoryImpl.java:analyzeStorage(135)) - The storage directory /home/runner/work/ozone/ozone/hadoop-ozone/integration-test/target/test-dir/MiniOzoneClusterImpl-252142cc-85ec-47ec-8abc-bbf74a919ed0/datanode-2/data/ratis/66d4f1d7-e2f1-4cea-a8ca-4bd82b653b0e does not exist. Creating ...
2022-07-14 05:35:30,794 [pool-240-thread-1] INFO  storage.RaftStorageDirectory (RaftStorageDirectoryImpl.java:tryLock(230)) - Lock on /home/runner/work/ozone/ozone/hadoop-ozone/integration-test/target/test-dir/MiniOzoneClusterImpl-252142cc-85ec-47ec-8abc-bbf74a919ed0/datanode-2/data/ratis/66d4f1d7-e2f1-4cea-a8ca-4bd82b653b0e/in_use.lock acquired by nodename 26111@fv-az444-907
2022-07-14 05:35:30,795 [pool-240-thread-1] INFO  storage.RaftStorage (RaftStorageImpl.java:format(89)) - Storage directory /home/runner/work/ozone/ozone/hadoop-ozone/integration-test/target/test-dir/MiniOzoneClusterImpl-252142cc-85ec-47ec-8abc-bbf74a919ed0/datanode-2/data/ratis/66d4f1d7-e2f1-4cea-a8ca-4bd82b653b0e has been successfully formatted.
2022-07-14 05:35:30,796 [pool-240-thread-1] INFO  ratis.ContainerStateMachine (ContainerStateMachine.java:loadSnapshot(236)) - group-4BD82B653B0E: The snapshot info is null. Setting the last applied indexto:(t:0, i:~)
2022-07-14 05:35:30,799 [pool-240-thread-1] INFO  server.RaftServerConfigKeys (ConfUtils.java:logGet(46)) - raft.server.notification.no-leader.timeout = 300s (custom)
2022-07-14 05:35:30,799 [pool-240-thread-1] INFO  server.RaftServerConfigKeys (ConfUtils.java:logGet(46)) - raft.server.log.use.memory = false (default)
2022-07-14 05:35:30,799 [pool-240-thread-1] INFO  server.RaftServerConfigKeys (ConfUtils.java:logGet(46)) - raft.server.log.purge.gap = 1000000 (custom)
2022-07-14 05:35:30,800 [pool-240-thread-1] INFO  server.RaftServerConfigKeys (ConfUtils.java:logGet(46)) - raft.server.log.appender.buffer.byte-limit = 33554432 (custom)
2022-07-14 05:35:30,800 [pool-240-thread-1] INFO  server.RaftServerConfigKeys (ConfUtils.java:logGet(46)) - raft.server.log.statemachine.data.read.timeout = 1000ms (default)
2022-07-14 05:35:30,800 [pool-240-thread-1] INFO  server.RaftServerConfigKeys (ConfUtils.java:logGet(46)) - raft.server.log.segment.size.max = 1048576 (custom)
2022-07-14 05:35:30,800 [pool-240-thread-1] INFO  server.RaftServerConfigKeys (ConfUtils.java:logGet(46)) - raft.server.log.segment.cache.num.max = 2 (custom)
2022-07-14 05:35:30,801 [pool-240-thread-1] INFO  server.RaftServerConfigKeys (ConfUtils.java:logGet(46)) - raft.server.log.segment.cache.size.max = 200MB (=209715200) (default)
2022-07-14 05:35:30,801 [pool-240-thread-1] INFO  segmented.SegmentedRaftLogWorker (SegmentedRaftLogWorker.java:<init>(187)) - new 034fa580-7f06-453c-9359-8a1a406b4b97@group-4BD82B653B0E-SegmentedRaftLogWorker for RaftStorageImpl:Storage Directory /home/runner/work/ozone/ozone/hadoop-ozone/integration-test/target/test-dir/MiniOzoneClusterImpl-252142cc-85ec-47ec-8abc-bbf74a919ed0/datanode-2/data/ratis/66d4f1d7-e2f1-4cea-a8ca-4bd82b653b0e
2022-07-14 05:35:30,801 [pool-240-thread-1] INFO  server.RaftServerConfigKeys (ConfUtils.java:logGet(46)) - raft.server.log.queue.byte-limit = 4294967296 (custom)
2022-07-14 05:35:30,801 [pool-240-thread-1] INFO  server.RaftServerConfigKeys (ConfUtils.java:logGet(46)) - raft.server.log.queue.element-limit = 1024 (custom)
2022-07-14 05:35:30,801 [pool-240-thread-1] INFO  server.RaftServerConfigKeys (ConfUtils.java:logGet(46)) - raft.server.log.segment.size.max = 1048576 (custom)
2022-07-14 05:35:30,801 [pool-240-thread-1] INFO  server.RaftServerConfigKeys (ConfUtils.java:logGet(46)) - raft.server.log.preallocated.size = 16384 (custom)
2022-07-14 05:35:30,801 [pool-240-thread-1] INFO  server.RaftServerConfigKeys (ConfUtils.java:logGet(46)) - raft.server.log.force.sync.num = 128 (default)
2022-07-14 05:35:30,801 [pool-240-thread-1] INFO  server.RaftServerConfigKeys (ConfUtils.java:logGet(46)) - raft.server.log.statemachine.data.sync = true (default)
2022-07-14 05:35:30,804 [pool-240-thread-1] INFO  server.RaftServerConfigKeys (ConfUtils.java:logGet(46)) - raft.server.log.statemachine.data.sync.timeout = 10s (default)
2022-07-14 05:35:30,804 [pool-240-thread-1] INFO  server.RaftServerConfigKeys (ConfUtils.java:logGet(46)) - raft.server.log.statemachine.data.sync.timeout.retry = -1 (default)
2022-07-14 05:35:30,805 [pool-240-thread-1] INFO  server.RaftServerConfigKeys (ConfUtils.java:logGet(46)) - raft.server.log.write.buffer.size = 1048576 (custom)
2022-07-14 05:35:30,807 [Command processor thread] INFO  server.RaftServer (RaftServerProxy.java:addNew(96)) - bbe56640-50c4-4219-bf4a-9972af81120e: addNew group-CD5C55497DC5:[bbe56640-50c4-4219-bf4a-9972af81120e|rpc:127.0.0.1:44819|priority:1] returns group-CD5C55497DC5:java.util.concurrent.CompletableFuture@26b1d52d[Not completed]
2022-07-14 05:35:30,807 [pool-240-thread-1] INFO  server.RaftServerConfigKeys (ConfUtils.java:logGet(46)) - raft.server.log.unsafe-flush.enabled = false (default)
2022-07-14 05:35:30,808 [pool-240-thread-1] INFO  server.RaftServerConfigKeys (ConfUtils.java:logGet(46)) - raft.server.log.statemachine.data.caching.enabled = true (custom)
2022-07-14 05:35:30,808 [pool-240-thread-1] INFO  segmented.SegmentedRaftLogWorker (SegmentedRaftLogWorker.java:lambda$new$0(135)) - 034fa580-7f06-453c-9359-8a1a406b4b97@group-4BD82B653B0E-SegmentedRaftLogWorker: flushIndex: setUnconditionally 0 -> -1
2022-07-14 05:35:30,808 [pool-240-thread-1] INFO  segmented.SegmentedRaftLogWorker (SegmentedRaftLogWorker.java:lambda$new$0(135)) - 034fa580-7f06-453c-9359-8a1a406b4b97@group-4BD82B653B0E-SegmentedRaftLogWorker: safeCacheEvictIndex: setUnconditionally 0 -> -1
2022-07-14 05:35:30,808 [pool-240-thread-1] INFO  server.RaftServerConfigKeys (ConfUtils.java:logGet(46)) - raft.server.snapshot.auto.trigger.enabled = true (custom)
2022-07-14 05:35:30,808 [pool-240-thread-1] INFO  server.RaftServerConfigKeys (ConfUtils.java:logGet(46)) - raft.server.snapshot.auto.trigger.threshold = 10000 (custom)
2022-07-14 05:35:30,808 [pool-215-thread-1] INFO  server.RaftServer$Division (RaftServerImpl.java:<init>(190)) - bbe56640-50c4-4219-bf4a-9972af81120e: new RaftServerImpl for group-CD5C55497DC5:[bbe56640-50c4-4219-bf4a-9972af81120e|rpc:127.0.0.1:44819|priority:1] with ContainerStateMachine:uninitialized
2022-07-14 05:35:30,808 [pool-240-thread-1] INFO  server.RaftServerConfigKeys (ConfUtils.java:logGet(46)) - raft.server.snapshot.retention.file.num = 5 (custom)
2022-07-14 05:35:30,808 [pool-215-thread-1] INFO  server.RaftServerConfigKeys (ConfUtils.java:logGet(46)) - raft.server.rpc.timeout.min = 5s (custom)
2022-07-14 05:35:30,808 [pool-240-thread-1] INFO  server.RaftServerConfigKeys (ConfUtils.java:logGet(46)) - raft.server.log.purge.upto.snapshot.index = false (default)
2022-07-14 05:35:30,809 [pool-215-thread-1] INFO  server.RaftServerConfigKeys (ConfUtils.java:logGet(46)) - raft.server.rpc.timeout.max = 5200ms (custom)
2022-07-14 05:35:30,809 [pool-215-thread-1] INFO  server.RaftServerConfigKeys (ConfUtils.java:logGet(46)) - raft.server.rpc.sleep.time = 25ms (default)
2022-07-14 05:35:30,809 [pool-215-thread-1] INFO  server.RaftServerConfigKeys (ConfUtils.java:logGet(46)) - raft.server.rpc.slowness.timeout = 300s (custom)
2022-07-14 05:35:30,809 [pool-240-thread-1] INFO  server.RaftServerConfigKeys (ConfUtils.java:logGet(46)) - raft.server.retrycache.expirytime = 600000ms (custom)
2022-07-14 05:35:30,809 [pool-240-thread-1] INFO  server.RaftServerConfigKeys (ConfUtils.java:logGet(46)) - raft.server.retrycache.statistics.expirytime = 100μs (default)
2022-07-14 05:35:30,810 [pool-240-thread-1] INFO  server.RaftServerConfigKeys (ConfUtils.java:logGet(46)) - raft.server.log.appender.install.snapshot.enabled = false (custom)
2022-07-14 05:35:30,811 [pool-240-thread-1] INFO  server.RaftServerConfigKeys (ConfUtils.java:logGet(46)) - raft.server.threadpool.server.cached = true (default)
2022-07-14 05:35:30,811 [pool-240-thread-1] INFO  server.RaftServerConfigKeys (ConfUtils.java:logGet(46)) - raft.server.threadpool.server.size = 0 (default)
2022-07-14 05:35:30,811 [pool-240-thread-1] INFO  server.RaftServerConfigKeys (ConfUtils.java:logGet(46)) - raft.server.threadpool.client.cached = true (default)
2022-07-14 05:35:30,811 [pool-240-thread-1] INFO  server.RaftServerConfigKeys (ConfUtils.java:logGet(46)) - raft.server.threadpool.client.size = 0 (default)
2022-07-14 05:35:30,811 [pool-240-thread-1] INFO  server.RaftServer$Division (RaftServerImpl.java:start(310)) - 034fa580-7f06-453c-9359-8a1a406b4b97@group-4BD82B653B0E: start as a follower, conf=-1: [bbe56640-50c4-4219-bf4a-9972af81120e|rpc:127.0.0.1:44819|dataStream:|priority:0, 3afe85c2-914b-4505-ab37-b99a5e6b7b6c|rpc:127.0.0.1:39675|dataStream:|priority:0, 034fa580-7f06-453c-9359-8a1a406b4b97|rpc:127.0.0.1:39193|dataStream:|priority:1], old=null
2022-07-14 05:35:30,811 [pool-240-thread-1] INFO  server.RaftServer$Division (RaftServerImpl.java:setRole(299)) - 034fa580-7f06-453c-9359-8a1a406b4b97@group-4BD82B653B0E: changes role from      null to FOLLOWER at term 0 for startAsFollower
2022-07-14 05:35:30,811 [pool-240-thread-1] INFO  impl.RoleInfo (RoleInfo.java:updateAndGet(139)) - 034fa580-7f06-453c-9359-8a1a406b4b97: start 034fa580-7f06-453c-9359-8a1a406b4b97@group-4BD82B653B0E-FollowerState
2022-07-14 05:35:30,809 [pool-215-thread-1] INFO  server.RaftServerConfigKeys (ConfUtils.java:logGet(46)) - raft.server.leaderelection.leader.step-down.wait-time = 10s (default)
2022-07-14 05:35:30,811 [pool-215-thread-1] INFO  server.RaftServerConfigKeys (ConfUtils.java:logGet(46)) - raft.server.sleep.deviation.threshold = 300ms (default)
2022-07-14 05:35:30,811 [pool-215-thread-1] INFO  server.RaftServer$Division (ServerState.java:<init>(107)) - bbe56640-50c4-4219-bf4a-9972af81120e@group-CD5C55497DC5: ConfigurationManager, init=-1: [bbe56640-50c4-4219-bf4a-9972af81120e|rpc:127.0.0.1:44819|priority:1], old=null, confs=<EMPTY_MAP>
2022-07-14 05:35:30,811 [pool-215-thread-1] INFO  server.RaftServerConfigKeys (ConfUtils.java:logGet(46)) - raft.server.storage.dir = [/home/runner/work/ozone/ozone/hadoop-ozone/integration-test/target/test-dir/MiniOzoneClusterImpl-252142cc-85ec-47ec-8abc-bbf74a919ed0/datanode-1/data/ratis] (custom)
2022-07-14 05:35:30,814 [pool-215-thread-1] INFO  server.RaftServerConfigKeys (ConfUtils.java:logGet(46)) - raft.server.log.corruption.policy = EXCEPTION (default)
2022-07-14 05:35:30,814 [pool-215-thread-1] INFO  server.RaftServerConfigKeys (ConfUtils.java:logGet(46)) - raft.server.storage.free-space.min = 0MB (=0) (default)
2022-07-14 05:35:30,814 [pool-215-thread-1] INFO  storage.RaftStorageDirectory (RaftStorageDirectoryImpl.java:analyzeStorage(135)) - The storage directory /home/runner/work/ozone/ozone/hadoop-ozone/integration-test/target/test-dir/MiniOzoneClusterImpl-252142cc-85ec-47ec-8abc-bbf74a919ed0/datanode-1/data/ratis/cb5ca9a4-b4c9-4884-9888-cd5c55497dc5 does not exist. Creating ...
2022-07-14 05:35:30,814 [pool-240-thread-1] INFO  util.JmxRegister (JmxRegister.java:tryRegister(44)) - Successfully registered JMX Bean with object name Ratis:service=RaftServer,group=group-4BD82B653B0E,id=034fa580-7f06-453c-9359-8a1a406b4b97
2022-07-14 05:35:30,815 [pool-215-thread-1] INFO  storage.RaftStorageDirectory (RaftStorageDirectoryImpl.java:tryLock(230)) - Lock on /home/runner/work/ozone/ozone/hadoop-ozone/integration-test/target/test-dir/MiniOzoneClusterImpl-252142cc-85ec-47ec-8abc-bbf74a919ed0/datanode-1/data/ratis/cb5ca9a4-b4c9-4884-9888-cd5c55497dc5/in_use.lock acquired by nodename 26111@fv-az444-907
2022-07-14 05:35:30,816 [pool-215-thread-1] INFO  storage.RaftStorage (RaftStorageImpl.java:format(89)) - Storage directory /home/runner/work/ozone/ozone/hadoop-ozone/integration-test/target/test-dir/MiniOzoneClusterImpl-252142cc-85ec-47ec-8abc-bbf74a919ed0/datanode-1/data/ratis/cb5ca9a4-b4c9-4884-9888-cd5c55497dc5 has been successfully formatted.
2022-07-14 05:35:30,817 [pool-215-thread-1] INFO  ratis.ContainerStateMachine (ContainerStateMachine.java:loadSnapshot(236)) - group-CD5C55497DC5: The snapshot info is null. Setting the last applied indexto:(t:0, i:~)
2022-07-14 05:35:30,817 [pool-215-thread-1] INFO  server.RaftServerConfigKeys (ConfUtils.java:logGet(46)) - raft.server.notification.no-leader.timeout = 300s (custom)
2022-07-14 05:35:30,817 [pool-215-thread-1] INFO  server.RaftServerConfigKeys (ConfUtils.java:logGet(46)) - raft.server.log.use.memory = false (default)
2022-07-14 05:35:30,817 [pool-215-thread-1] INFO  server.RaftServerConfigKeys (ConfUtils.java:logGet(46)) - raft.server.log.purge.gap = 1000000 (custom)
2022-07-14 05:35:30,817 [pool-215-thread-1] INFO  server.RaftServerConfigKeys (ConfUtils.java:logGet(46)) - raft.server.log.appender.buffer.byte-limit = 33554432 (custom)
2022-07-14 05:35:30,818 [pool-215-thread-1] INFO  server.RaftServerConfigKeys (ConfUtils.java:logGet(46)) - raft.server.log.statemachine.data.read.timeout = 1000ms (default)
2022-07-14 05:35:30,818 [pool-215-thread-1] INFO  server.RaftServerConfigKeys (ConfUtils.java:logGet(46)) - raft.server.log.segment.size.max = 1048576 (custom)
2022-07-14 05:35:30,818 [pool-215-thread-1] INFO  server.RaftServerConfigKeys (ConfUtils.java:logGet(46)) - raft.server.log.segment.cache.num.max = 2 (custom)
2022-07-14 05:35:30,818 [pool-215-thread-1] INFO  server.RaftServerConfigKeys (ConfUtils.java:logGet(46)) - raft.server.log.segment.cache.size.max = 200MB (=209715200) (default)
2022-07-14 05:35:30,819 [pool-215-thread-1] INFO  segmented.SegmentedRaftLogWorker (SegmentedRaftLogWorker.java:<init>(187)) - new bbe56640-50c4-4219-bf4a-9972af81120e@group-CD5C55497DC5-SegmentedRaftLogWorker for RaftStorageImpl:Storage Directory /home/runner/work/ozone/ozone/hadoop-ozone/integration-test/target/test-dir/MiniOzoneClusterImpl-252142cc-85ec-47ec-8abc-bbf74a919ed0/datanode-1/data/ratis/cb5ca9a4-b4c9-4884-9888-cd5c55497dc5
2022-07-14 05:35:30,819 [pool-215-thread-1] INFO  server.RaftServerConfigKeys (ConfUtils.java:logGet(46)) - raft.server.log.queue.byte-limit = 4294967296 (custom)
2022-07-14 05:35:30,819 [pool-215-thread-1] INFO  server.RaftServerConfigKeys (ConfUtils.java:logGet(46)) - raft.server.log.queue.element-limit = 1024 (custom)
2022-07-14 05:35:30,819 [pool-215-thread-1] INFO  server.RaftServerConfigKeys (ConfUtils.java:logGet(46)) - raft.server.log.segment.size.max = 1048576 (custom)
2022-07-14 05:35:30,819 [pool-215-thread-1] INFO  server.RaftServerConfigKeys (ConfUtils.java:logGet(46)) - raft.server.log.preallocated.size = 16384 (custom)
2022-07-14 05:35:30,819 [pool-215-thread-1] INFO  server.RaftServerConfigKeys (ConfUtils.java:logGet(46)) - raft.server.log.force.sync.num = 128 (default)
2022-07-14 05:35:30,819 [pool-215-thread-1] INFO  server.RaftServerConfigKeys (ConfUtils.java:logGet(46)) - raft.server.log.statemachine.data.sync = true (default)
2022-07-14 05:35:30,819 [pool-215-thread-1] INFO  server.RaftServerConfigKeys (ConfUtils.java:logGet(46)) - raft.server.log.statemachine.data.sync.timeout = 10s (default)
2022-07-14 05:35:30,819 [pool-215-thread-1] INFO  server.RaftServerConfigKeys (ConfUtils.java:logGet(46)) - raft.server.log.statemachine.data.sync.timeout.retry = -1 (default)
2022-07-14 05:35:30,820 [pool-215-thread-1] INFO  server.RaftServerConfigKeys (ConfUtils.java:logGet(46)) - raft.server.log.write.buffer.size = 1048576 (custom)
2022-07-14 05:35:30,821 [pool-215-thread-1] INFO  server.RaftServerConfigKeys (ConfUtils.java:logGet(46)) - raft.server.log.unsafe-flush.enabled = false (default)
2022-07-14 05:35:30,821 [pool-215-thread-1] INFO  server.RaftServerConfigKeys (ConfUtils.java:logGet(46)) - raft.server.log.statemachine.data.caching.enabled = true (custom)
2022-07-14 05:35:30,821 [pool-215-thread-1] INFO  segmented.SegmentedRaftLogWorker (SegmentedRaftLogWorker.java:lambda$new$0(135)) - bbe56640-50c4-4219-bf4a-9972af81120e@group-CD5C55497DC5-SegmentedRaftLogWorker: flushIndex: setUnconditionally 0 -> -1
2022-07-14 05:35:30,821 [pool-215-thread-1] INFO  segmented.SegmentedRaftLogWorker (SegmentedRaftLogWorker.java:lambda$new$0(135)) - bbe56640-50c4-4219-bf4a-9972af81120e@group-CD5C55497DC5-SegmentedRaftLogWorker: safeCacheEvictIndex: setUnconditionally 0 -> -1
2022-07-14 05:35:30,824 [EventQueue-PipelineReportForPipelineReportHandler] INFO  pipeline.PipelineManagerImpl (PipelineManagerImpl.java:openPipeline(367)) - Pipeline Pipeline[ Id: cb5ca9a4-b4c9-4884-9888-cd5c55497dc5, Nodes: bbe56640-50c4-4219-bf4a-9972af81120e{ip: 127.0.0.1, host: localhost, ports: [REPLICATION=41707, RATIS=44819, RATIS_ADMIN=44819, RATIS_SERVER=44819, STANDALONE=43307], networkLocation: /default-rack, certSerialId: null, persistedOpState: IN_SERVICE, persistedOpStateExpiryEpochSec: 0}, ReplicationConfig: RATIS/ONE, State:ALLOCATED, leaderId:bbe56640-50c4-4219-bf4a-9972af81120e, CreationTimestamp2022-07-14T05:35:27.816Z[Etc/UTC]] moved to OPEN state
2022-07-14 05:35:30,824 [EventQueue-PipelineReportForPipelineReportHandler] INFO  pipeline.PipelineManagerImpl (PipelineManagerImpl.java:openPipeline(367)) - Pipeline Pipeline[ Id: cb5ca9a4-b4c9-4884-9888-cd5c55497dc5, Nodes: bbe56640-50c4-4219-bf4a-9972af81120e{ip: 127.0.0.1, host: localhost, ports: [REPLICATION=41707, RATIS=44819, RATIS_ADMIN=44819, RATIS_SERVER=44819, STANDALONE=43307], networkLocation: /default-rack, certSerialId: null, persistedOpState: IN_SERVICE, persistedOpStateExpiryEpochSec: 0}, ReplicationConfig: RATIS/ONE, State:ALLOCATED, leaderId:bbe56640-50c4-4219-bf4a-9972af81120e, CreationTimestamp2022-07-14T05:35:27.816Z[Etc/UTC]] moved to OPEN state
2022-07-14 05:35:30,831 [pool-215-thread-1] INFO  server.RaftServerConfigKeys (ConfUtils.java:logGet(46)) - raft.server.snapshot.auto.trigger.enabled = true (custom)
2022-07-14 05:35:30,831 [pool-215-thread-1] INFO  server.RaftServerConfigKeys (ConfUtils.java:logGet(46)) - raft.server.snapshot.auto.trigger.threshold = 10000 (custom)
2022-07-14 05:35:30,831 [pool-215-thread-1] INFO  server.RaftServerConfigKeys (ConfUtils.java:logGet(46)) - raft.server.snapshot.retention.file.num = 5 (custom)
2022-07-14 05:35:30,831 [pool-215-thread-1] INFO  server.RaftServerConfigKeys (ConfUtils.java:logGet(46)) - raft.server.log.purge.upto.snapshot.index = false (default)
2022-07-14 05:35:30,832 [pool-215-thread-1] INFO  server.RaftServerConfigKeys (ConfUtils.java:logGet(46)) - raft.server.retrycache.expirytime = 600000ms (custom)
2022-07-14 05:35:30,832 [pool-215-thread-1] INFO  server.RaftServerConfigKeys (ConfUtils.java:logGet(46)) - raft.server.retrycache.statistics.expirytime = 100μs (default)
2022-07-14 05:35:30,833 [pool-215-thread-1] INFO  server.RaftServerConfigKeys (ConfUtils.java:logGet(46)) - raft.server.log.appender.install.snapshot.enabled = false (custom)
2022-07-14 05:35:30,833 [pool-215-thread-1] INFO  server.RaftServerConfigKeys (ConfUtils.java:logGet(46)) - raft.server.threadpool.server.cached = true (default)
2022-07-14 05:35:30,833 [pool-215-thread-1] INFO  server.RaftServerConfigKeys (ConfUtils.java:logGet(46)) - raft.server.threadpool.server.size = 0 (default)
2022-07-14 05:35:30,833 [pool-215-thread-1] INFO  server.RaftServerConfigKeys (ConfUtils.java:logGet(46)) - raft.server.threadpool.client.cached = true (default)
2022-07-14 05:35:30,834 [pool-215-thread-1] INFO  server.RaftServerConfigKeys (ConfUtils.java:logGet(46)) - raft.server.threadpool.client.size = 0 (default)
2022-07-14 05:35:30,834 [pool-215-thread-1] INFO  server.RaftServer$Division (RaftServerImpl.java:start(310)) - bbe56640-50c4-4219-bf4a-9972af81120e@group-CD5C55497DC5: start as a follower, conf=-1: [bbe56640-50c4-4219-bf4a-9972af81120e|rpc:127.0.0.1:44819|priority:1], old=null
2022-07-14 05:35:30,834 [pool-215-thread-1] INFO  server.RaftServer$Division (RaftServerImpl.java:setRole(299)) - bbe56640-50c4-4219-bf4a-9972af81120e@group-CD5C55497DC5: changes role from      null to FOLLOWER at term 0 for startAsFollower
2022-07-14 05:35:30,834 [pool-215-thread-1] INFO  impl.RoleInfo (RoleInfo.java:updateAndGet(139)) - bbe56640-50c4-4219-bf4a-9972af81120e: start bbe56640-50c4-4219-bf4a-9972af81120e@group-CD5C55497DC5-FollowerState
2022-07-14 05:35:30,839 [pool-215-thread-1] INFO  util.JmxRegister (JmxRegister.java:tryRegister(44)) - Successfully registered JMX Bean with object name Ratis:service=RaftServer,group=group-CD5C55497DC5,id=bbe56640-50c4-4219-bf4a-9972af81120e
2022-07-14 05:35:30,850 [c5ffeb5e-3634-4360-91c9-d598b29e1477@group-BBF74A919ED0-StateMachineUpdater] INFO  safemode.HealthyPipelineSafeModeRule (HealthyPipelineSafeModeRule.java:initializeRule(165)) - Refreshed total pipeline count is 0, healthy pipeline threshold count is 1
2022-07-14 05:35:30,851 [EventQueue-OpenPipelineForHealthyPipelineSafeModeRule] INFO  safemode.SCMSafeModeManager (HealthyPipelineSafeModeRule.java:process(137)) - SCM in safe mode. Healthy pipelines reported count is 0, required healthy pipeline reported count is 1
2022-07-14 05:35:30,863 [Command processor thread] INFO  ratis.XceiverServerRatis (XceiverServerRatis.java:addGroup(765)) - Created group PipelineID=cb5ca9a4-b4c9-4884-9888-cd5c55497dc5
2022-07-14 05:35:30,864 [Command processor thread] INFO  commandhandler.CreatePipelineCommandHandler (CreatePipelineCommandHandler.java:handle(113)) - Created Pipeline RATIS ONE PipelineID=cb5ca9a4-b4c9-4884-9888-cd5c55497dc5.
2022-07-14 05:35:30,866 [EventQueue-PipelineReportForPipelineReportHandler] INFO  pipeline.PipelineManagerImpl (PipelineManagerImpl.java:openPipeline(367)) - Pipeline Pipeline[ Id: cb5ca9a4-b4c9-4884-9888-cd5c55497dc5, Nodes: bbe56640-50c4-4219-bf4a-9972af81120e{ip: 127.0.0.1, host: localhost, ports: [REPLICATION=41707, RATIS=44819, RATIS_ADMIN=44819, RATIS_SERVER=44819, STANDALONE=43307], networkLocation: /default-rack, certSerialId: null, persistedOpState: IN_SERVICE, persistedOpStateExpiryEpochSec: 0}, ReplicationConfig: RATIS/ONE, State:ALLOCATED, leaderId:bbe56640-50c4-4219-bf4a-9972af81120e, CreationTimestamp2022-07-14T05:35:27.816Z[Etc/UTC]] moved to OPEN state
2022-07-14 05:35:30,869 [Command processor thread] INFO  commandhandler.CreatePipelineCommandHandler (CreatePipelineCommandHandler.java:handle(113)) - Created Pipeline RATIS THREE PipelineID=66d4f1d7-e2f1-4cea-a8ca-4bd82b653b0e.
2022-07-14 05:35:30,871 [2dd1b2fa-668a-4f00-b120-82156fdca129@group-BBF74A919ED0-StateMachineUpdater] INFO  safemode.HealthyPipelineSafeModeRule (HealthyPipelineSafeModeRule.java:initializeRule(165)) - Refreshed total pipeline count is 0, healthy pipeline threshold count is 1
2022-07-14 05:35:30,873 [907b9e7c-2e96-4977-99e4-854b16c13945@group-BBF74A919ED0-StateMachineUpdater] INFO  safemode.HealthyPipelineSafeModeRule (HealthyPipelineSafeModeRule.java:initializeRule(165)) - Refreshed total pipeline count is 0, healthy pipeline threshold count is 1
2022-07-14 05:35:31,178 [Listener at 127.0.0.1/36625] INFO  ozone.MiniOzoneClusterImpl (MiniOzoneClusterImpl.java:lambda$waitForClusterToBeReady$0(216)) - Nodes are ready. Got 3 of 3 DN Heartbeats.
2022-07-14 05:35:31,179 [Listener at 127.0.0.1/36625] INFO  ozone.MiniOzoneClusterImpl (MiniOzoneClusterImpl.java:lambda$waitForClusterToBeReady$0(219)) - Waiting for cluster to exit safe mode
2022-07-14 05:35:31,179 [Listener at 127.0.0.1/36625] INFO  ozone.MiniOzoneClusterImpl (MiniOzoneClusterImpl.java:lambda$waitForClusterToBeReady$0(221)) - SCM became leader
2022-07-14 05:35:31,180 [Command processor thread] INFO  server.RaftServer (RaftServerProxy.java:addNew(96)) - 034fa580-7f06-453c-9359-8a1a406b4b97: addNew group-FD3248EF1A8C:[034fa580-7f06-453c-9359-8a1a406b4b97|rpc:127.0.0.1:39193|priority:1] returns group-FD3248EF1A8C:java.util.concurrent.CompletableFuture@ebfa385[Not completed]
2022-07-14 05:35:31,181 [pool-240-thread-1] INFO  server.RaftServer$Division (RaftServerImpl.java:<init>(190)) - 034fa580-7f06-453c-9359-8a1a406b4b97: new RaftServerImpl for group-FD3248EF1A8C:[034fa580-7f06-453c-9359-8a1a406b4b97|rpc:127.0.0.1:39193|priority:1] with ContainerStateMachine:uninitialized
2022-07-14 05:35:31,181 [pool-240-thread-1] INFO  server.RaftServerConfigKeys (ConfUtils.java:logGet(46)) - raft.server.rpc.timeout.min = 5s (custom)
2022-07-14 05:35:31,181 [pool-240-thread-1] INFO  server.RaftServerConfigKeys (ConfUtils.java:logGet(46)) - raft.server.rpc.timeout.max = 5200ms (custom)
2022-07-14 05:35:31,181 [pool-240-thread-1] INFO  server.RaftServerConfigKeys (ConfUtils.java:logGet(46)) - raft.server.rpc.sleep.time = 25ms (default)
2022-07-14 05:35:31,182 [pool-240-thread-1] INFO  server.RaftServerConfigKeys (ConfUtils.java:logGet(46)) - raft.server.rpc.slowness.timeout = 300s (custom)
2022-07-14 05:35:31,182 [pool-240-thread-1] INFO  server.RaftServerConfigKeys (ConfUtils.java:logGet(46)) - raft.server.leaderelection.leader.step-down.wait-time = 10s (default)
2022-07-14 05:35:31,182 [pool-240-thread-1] INFO  server.RaftServerConfigKeys (ConfUtils.java:logGet(46)) - raft.server.sleep.deviation.threshold = 300ms (default)
2022-07-14 05:35:31,182 [pool-240-thread-1] INFO  server.RaftServer$Division (ServerState.java:<init>(107)) - 034fa580-7f06-453c-9359-8a1a406b4b97@group-FD3248EF1A8C: ConfigurationManager, init=-1: [034fa580-7f06-453c-9359-8a1a406b4b97|rpc:127.0.0.1:39193|priority:1], old=null, confs=<EMPTY_MAP>
2022-07-14 05:35:31,182 [pool-240-thread-1] INFO  server.RaftServerConfigKeys (ConfUtils.java:logGet(46)) - raft.server.storage.dir = [/home/runner/work/ozone/ozone/hadoop-ozone/integration-test/target/test-dir/MiniOzoneClusterImpl-252142cc-85ec-47ec-8abc-bbf74a919ed0/datanode-2/data/ratis] (custom)
2022-07-14 05:35:31,182 [pool-240-thread-1] INFO  server.RaftServerConfigKeys (ConfUtils.java:logGet(46)) - raft.server.log.corruption.policy = EXCEPTION (default)
2022-07-14 05:35:31,182 [pool-240-thread-1] INFO  server.RaftServerConfigKeys (ConfUtils.java:logGet(46)) - raft.server.storage.free-space.min = 0MB (=0) (default)
2022-07-14 05:35:31,182 [pool-240-thread-1] INFO  storage.RaftStorageDirectory (RaftStorageDirectoryImpl.java:analyzeStorage(135)) - The storage directory /home/runner/work/ozone/ozone/hadoop-ozone/integration-test/target/test-dir/MiniOzoneClusterImpl-252142cc-85ec-47ec-8abc-bbf74a919ed0/datanode-2/data/ratis/24c7cdfe-8124-4b26-bfd1-fd3248ef1a8c does not exist. Creating ...
2022-07-14 05:35:31,186 [pool-240-thread-1] INFO  storage.RaftStorageDirectory (RaftStorageDirectoryImpl.java:tryLock(230)) - Lock on /home/runner/work/ozone/ozone/hadoop-ozone/integration-test/target/test-dir/MiniOzoneClusterImpl-252142cc-85ec-47ec-8abc-bbf74a919ed0/datanode-2/data/ratis/24c7cdfe-8124-4b26-bfd1-fd3248ef1a8c/in_use.lock acquired by nodename 26111@fv-az444-907
2022-07-14 05:35:31,188 [pool-240-thread-1] INFO  storage.RaftStorage (RaftStorageImpl.java:format(89)) - Storage directory /home/runner/work/ozone/ozone/hadoop-ozone/integration-test/target/test-dir/MiniOzoneClusterImpl-252142cc-85ec-47ec-8abc-bbf74a919ed0/datanode-2/data/ratis/24c7cdfe-8124-4b26-bfd1-fd3248ef1a8c has been successfully formatted.
2022-07-14 05:35:31,190 [pool-240-thread-1] INFO  ratis.ContainerStateMachine (ContainerStateMachine.java:loadSnapshot(236)) - group-FD3248EF1A8C: The snapshot info is null. Setting the last applied indexto:(t:0, i:~)
2022-07-14 05:35:31,190 [pool-240-thread-1] INFO  server.RaftServerConfigKeys (ConfUtils.java:logGet(46)) - raft.server.notification.no-leader.timeout = 300s (custom)
2022-07-14 05:35:31,191 [pool-240-thread-1] INFO  server.RaftServerConfigKeys (ConfUtils.java:logGet(46)) - raft.server.log.use.memory = false (default)
2022-07-14 05:35:31,191 [pool-240-thread-1] INFO  server.RaftServerConfigKeys (ConfUtils.java:logGet(46)) - raft.server.log.purge.gap = 1000000 (custom)
2022-07-14 05:35:31,191 [pool-240-thread-1] INFO  server.RaftServerConfigKeys (ConfUtils.java:logGet(46)) - raft.server.log.appender.buffer.byte-limit = 33554432 (custom)
2022-07-14 05:35:31,191 [pool-240-thread-1] INFO  server.RaftServerConfigKeys (ConfUtils.java:logGet(46)) - raft.server.log.statemachine.data.read.timeout = 1000ms (default)
2022-07-14 05:35:31,191 [pool-240-thread-1] INFO  server.RaftServerConfigKeys (ConfUtils.java:logGet(46)) - raft.server.log.segment.size.max = 1048576 (custom)
2022-07-14 05:35:31,192 [EventQueue-PipelineReportForPipelineReportHandler] INFO  pipeline.PipelineManagerImpl (PipelineManagerImpl.java:openPipeline(367)) - Pipeline Pipeline[ Id: 24c7cdfe-8124-4b26-bfd1-fd3248ef1a8c, Nodes: 034fa580-7f06-453c-9359-8a1a406b4b97{ip: 127.0.0.1, host: localhost, ports: [REPLICATION=37723, RATIS=39193, RATIS_ADMIN=39193, RATIS_SERVER=39193, STANDALONE=35397], networkLocation: /default-rack, certSerialId: null, persistedOpState: IN_SERVICE, persistedOpStateExpiryEpochSec: 0}, ReplicationConfig: RATIS/ONE, State:ALLOCATED, leaderId:034fa580-7f06-453c-9359-8a1a406b4b97, CreationTimestamp2022-07-14T05:35:28.191Z[Etc/UTC]] moved to OPEN state
2022-07-14 05:35:31,192 [pool-240-thread-1] INFO  server.RaftServerConfigKeys (ConfUtils.java:logGet(46)) - raft.server.log.segment.cache.num.max = 2 (custom)
2022-07-14 05:35:31,192 [pool-240-thread-1] INFO  server.RaftServerConfigKeys (ConfUtils.java:logGet(46)) - raft.server.log.segment.cache.size.max = 200MB (=209715200) (default)
2022-07-14 05:35:31,192 [pool-240-thread-1] INFO  segmented.SegmentedRaftLogWorker (SegmentedRaftLogWorker.java:<init>(187)) - new 034fa580-7f06-453c-9359-8a1a406b4b97@group-FD3248EF1A8C-SegmentedRaftLogWorker for RaftStorageImpl:Storage Directory /home/runner/work/ozone/ozone/hadoop-ozone/integration-test/target/test-dir/MiniOzoneClusterImpl-252142cc-85ec-47ec-8abc-bbf74a919ed0/datanode-2/data/ratis/24c7cdfe-8124-4b26-bfd1-fd3248ef1a8c
2022-07-14 05:35:31,192 [EventQueue-PipelineReportForPipelineReportHandler] INFO  pipeline.PipelineManagerImpl (PipelineManagerImpl.java:openPipeline(367)) - Pipeline Pipeline[ Id: 24c7cdfe-8124-4b26-bfd1-fd3248ef1a8c, Nodes: 034fa580-7f06-453c-9359-8a1a406b4b97{ip: 127.0.0.1, host: localhost, ports: [REPLICATION=37723, RATIS=39193, RATIS_ADMIN=39193, RATIS_SERVER=39193, STANDALONE=35397], networkLocation: /default-rack, certSerialId: null, persistedOpState: IN_SERVICE, persistedOpStateExpiryEpochSec: 0}, ReplicationConfig: RATIS/ONE, State:ALLOCATED, leaderId:034fa580-7f06-453c-9359-8a1a406b4b97, CreationTimestamp2022-07-14T05:35:28.191Z[Etc/UTC]] moved to OPEN state
2022-07-14 05:35:31,194 [EventQueue-PipelineReportForPipelineReportHandler] INFO  pipeline.PipelineManagerImpl (PipelineManagerImpl.java:openPipeline(367)) - Pipeline Pipeline[ Id: 24c7cdfe-8124-4b26-bfd1-fd3248ef1a8c, Nodes: 034fa580-7f06-453c-9359-8a1a406b4b97{ip: 127.0.0.1, host: localhost, ports: [REPLICATION=37723, RATIS=39193, RATIS_ADMIN=39193, RATIS_SERVER=39193, STANDALONE=35397], networkLocation: /default-rack, certSerialId: null, persistedOpState: IN_SERVICE, persistedOpStateExpiryEpochSec: 0}, ReplicationConfig: RATIS/ONE, State:ALLOCATED, leaderId:034fa580-7f06-453c-9359-8a1a406b4b97, CreationTimestamp2022-07-14T05:35:28.191Z[Etc/UTC]] moved to OPEN state
2022-07-14 05:35:31,192 [pool-240-thread-1] INFO  server.RaftServerConfigKeys (ConfUtils.java:logGet(46)) - raft.server.log.queue.byte-limit = 4294967296 (custom)
2022-07-14 05:35:31,195 [pool-240-thread-1] INFO  server.RaftServerConfigKeys (ConfUtils.java:logGet(46)) - raft.server.log.queue.element-limit = 1024 (custom)
2022-07-14 05:35:31,195 [pool-240-thread-1] INFO  server.RaftServerConfigKeys (ConfUtils.java:logGet(46)) - raft.server.log.segment.size.max = 1048576 (custom)
2022-07-14 05:35:31,195 [pool-240-thread-1] INFO  server.RaftServerConfigKeys (ConfUtils.java:logGet(46)) - raft.server.log.preallocated.size = 16384 (custom)
2022-07-14 05:35:31,195 [pool-240-thread-1] INFO  server.RaftServerConfigKeys (ConfUtils.java:logGet(46)) - raft.server.log.force.sync.num = 128 (default)
2022-07-14 05:35:31,195 [pool-240-thread-1] INFO  server.RaftServerConfigKeys (ConfUtils.java:logGet(46)) - raft.server.log.statemachine.data.sync = true (default)
2022-07-14 05:35:31,195 [pool-240-thread-1] INFO  server.RaftServerConfigKeys (ConfUtils.java:logGet(46)) - raft.server.log.statemachine.data.sync.timeout = 10s (default)
2022-07-14 05:35:31,195 [pool-240-thread-1] INFO  server.RaftServerConfigKeys (ConfUtils.java:logGet(46)) - raft.server.log.statemachine.data.sync.timeout.retry = -1 (default)
2022-07-14 05:35:31,200 [pool-240-thread-1] INFO  server.RaftServerConfigKeys (ConfUtils.java:logGet(46)) - raft.server.log.write.buffer.size = 1048576 (custom)
2022-07-14 05:35:31,201 [pool-240-thread-1] INFO  server.RaftServerConfigKeys (ConfUtils.java:logGet(46)) - raft.server.log.unsafe-flush.enabled = false (default)
2022-07-14 05:35:31,201 [pool-240-thread-1] INFO  server.RaftServerConfigKeys (ConfUtils.java:logGet(46)) - raft.server.log.statemachine.data.caching.enabled = true (custom)
2022-07-14 05:35:31,201 [pool-240-thread-1] INFO  segmented.SegmentedRaftLogWorker (SegmentedRaftLogWorker.java:lambda$new$0(135)) - 034fa580-7f06-453c-9359-8a1a406b4b97@group-FD3248EF1A8C-SegmentedRaftLogWorker: flushIndex: setUnconditionally 0 -> -1
2022-07-14 05:35:31,201 [pool-240-thread-1] INFO  segmented.SegmentedRaftLogWorker (SegmentedRaftLogWorker.java:lambda$new$0(135)) - 034fa580-7f06-453c-9359-8a1a406b4b97@group-FD3248EF1A8C-SegmentedRaftLogWorker: safeCacheEvictIndex: setUnconditionally 0 -> -1
2022-07-14 05:35:31,203 [pool-240-thread-1] INFO  server.RaftServerConfigKeys (ConfUtils.java:logGet(46)) - raft.server.snapshot.auto.trigger.enabled = true (custom)
2022-07-14 05:35:31,203 [pool-240-thread-1] INFO  server.RaftServerConfigKeys (ConfUtils.java:logGet(46)) - raft.server.snapshot.auto.trigger.threshold = 10000 (custom)
2022-07-14 05:35:31,203 [pool-240-thread-1] INFO  server.RaftServerConfigKeys (ConfUtils.java:logGet(46)) - raft.server.snapshot.retention.file.num = 5 (custom)
2022-07-14 05:35:31,203 [pool-240-thread-1] INFO  server.RaftServerConfigKeys (ConfUtils.java:logGet(46)) - raft.server.log.purge.upto.snapshot.index = false (default)
2022-07-14 05:35:31,204 [pool-240-thread-1] INFO  server.RaftServerConfigKeys (ConfUtils.java:logGet(46)) - raft.server.retrycache.expirytime = 600000ms (custom)
2022-07-14 05:35:31,204 [pool-240-thread-1] INFO  server.RaftServerConfigKeys (ConfUtils.java:logGet(46)) - raft.server.retrycache.statistics.expirytime = 100μs (default)
2022-07-14 05:35:31,205 [pool-240-thread-1] INFO  server.RaftServerConfigKeys (ConfUtils.java:logGet(46)) - raft.server.log.appender.install.snapshot.enabled = false (custom)
2022-07-14 05:35:31,205 [pool-240-thread-1] INFO  server.RaftServerConfigKeys (ConfUtils.java:logGet(46)) - raft.server.threadpool.server.cached = true (default)
2022-07-14 05:35:31,205 [pool-240-thread-1] INFO  server.RaftServerConfigKeys (ConfUtils.java:logGet(46)) - raft.server.threadpool.server.size = 0 (default)
2022-07-14 05:35:31,205 [pool-240-thread-1] INFO  server.RaftServerConfigKeys (ConfUtils.java:logGet(46)) - raft.server.threadpool.client.cached = true (default)
2022-07-14 05:35:31,205 [pool-240-thread-1] INFO  server.RaftServerConfigKeys (ConfUtils.java:logGet(46)) - raft.server.threadpool.client.size = 0 (default)
2022-07-14 05:35:31,205 [pool-240-thread-1] INFO  server.RaftServer$Division (RaftServerImpl.java:start(310)) - 034fa580-7f06-453c-9359-8a1a406b4b97@group-FD3248EF1A8C: start as a follower, conf=-1: [034fa580-7f06-453c-9359-8a1a406b4b97|rpc:127.0.0.1:39193|priority:1], old=null
2022-07-14 05:35:31,205 [pool-240-thread-1] INFO  server.RaftServer$Division (RaftServerImpl.java:setRole(299)) - 034fa580-7f06-453c-9359-8a1a406b4b97@group-FD3248EF1A8C: changes role from      null to FOLLOWER at term 0 for startAsFollower
2022-07-14 05:35:31,206 [pool-240-thread-1] INFO  impl.RoleInfo (RoleInfo.java:updateAndGet(139)) - 034fa580-7f06-453c-9359-8a1a406b4b97: start 034fa580-7f06-453c-9359-8a1a406b4b97@group-FD3248EF1A8C-FollowerState
2022-07-14 05:35:31,207 [c5ffeb5e-3634-4360-91c9-d598b29e1477@group-BBF74A919ED0-StateMachineUpdater] INFO  safemode.HealthyPipelineSafeModeRule (HealthyPipelineSafeModeRule.java:initializeRule(165)) - Refreshed total pipeline count is 0, healthy pipeline threshold count is 1
2022-07-14 05:35:31,208 [EventQueue-OpenPipelineForHealthyPipelineSafeModeRule] INFO  safemode.SCMSafeModeManager (HealthyPipelineSafeModeRule.java:process(137)) - SCM in safe mode. Healthy pipelines reported count is 0, required healthy pipeline reported count is 1
2022-07-14 05:35:31,213 [pool-240-thread-1] INFO  util.JmxRegister (JmxRegister.java:tryRegister(44)) - Successfully registered JMX Bean with object name Ratis:service=RaftServer,group=group-FD3248EF1A8C,id=034fa580-7f06-453c-9359-8a1a406b4b97
2022-07-14 05:35:31,216 [907b9e7c-2e96-4977-99e4-854b16c13945@group-BBF74A919ED0-StateMachineUpdater] INFO  safemode.HealthyPipelineSafeModeRule (HealthyPipelineSafeModeRule.java:initializeRule(165)) - Refreshed total pipeline count is 0, healthy pipeline threshold count is 1
2022-07-14 05:35:31,221 [Command processor thread] INFO  ratis.XceiverServerRatis (XceiverServerRatis.java:addGroup(765)) - Created group PipelineID=24c7cdfe-8124-4b26-bfd1-fd3248ef1a8c
2022-07-14 05:35:31,221 [Command processor thread] INFO  commandhandler.CreatePipelineCommandHandler (CreatePipelineCommandHandler.java:handle(113)) - Created Pipeline RATIS ONE PipelineID=24c7cdfe-8124-4b26-bfd1-fd3248ef1a8c.
2022-07-14 05:35:31,224 [2dd1b2fa-668a-4f00-b120-82156fdca129@group-BBF74A919ED0-StateMachineUpdater] INFO  safemode.HealthyPipelineSafeModeRule (HealthyPipelineSafeModeRule.java:initializeRule(165)) - Refreshed total pipeline count is 0, healthy pipeline threshold count is 1
2022-07-14 05:35:32,179 [Listener at 127.0.0.1/36625] INFO  ozone.MiniOzoneClusterImpl (MiniOzoneClusterImpl.java:lambda$waitForClusterToBeReady$0(216)) - Nodes are ready. Got 3 of 3 DN Heartbeats.
2022-07-14 05:35:32,180 [Listener at 127.0.0.1/36625] INFO  ozone.MiniOzoneClusterImpl (MiniOzoneClusterImpl.java:lambda$waitForClusterToBeReady$0(219)) - Waiting for cluster to exit safe mode
2022-07-14 05:35:32,180 [Listener at 127.0.0.1/36625] INFO  ozone.MiniOzoneClusterImpl (MiniOzoneClusterImpl.java:lambda$waitForClusterToBeReady$0(221)) - SCM became leader
2022-07-14 05:35:33,180 [Listener at 127.0.0.1/36625] INFO  ozone.MiniOzoneClusterImpl (MiniOzoneClusterImpl.java:lambda$waitForClusterToBeReady$0(216)) - Nodes are ready. Got 3 of 3 DN Heartbeats.
2022-07-14 05:35:33,180 [Listener at 127.0.0.1/36625] INFO  ozone.MiniOzoneClusterImpl (MiniOzoneClusterImpl.java:lambda$waitForClusterToBeReady$0(219)) - Waiting for cluster to exit safe mode
2022-07-14 05:35:33,180 [Listener at 127.0.0.1/36625] INFO  ozone.MiniOzoneClusterImpl (MiniOzoneClusterImpl.java:lambda$waitForClusterToBeReady$0(221)) - SCM became leader
2022-07-14 05:35:34,180 [Listener at 127.0.0.1/36625] INFO  ozone.MiniOzoneClusterImpl (MiniOzoneClusterImpl.java:lambda$waitForClusterToBeReady$0(216)) - Nodes are ready. Got 3 of 3 DN Heartbeats.
2022-07-14 05:35:34,181 [Listener at 127.0.0.1/36625] INFO  ozone.MiniOzoneClusterImpl (MiniOzoneClusterImpl.java:lambda$waitForClusterToBeReady$0(219)) - Waiting for cluster to exit safe mode
2022-07-14 05:35:34,181 [Listener at 127.0.0.1/36625] INFO  ozone.MiniOzoneClusterImpl (MiniOzoneClusterImpl.java:lambda$waitForClusterToBeReady$0(221)) - SCM became leader
2022-07-14 05:35:35,181 [Listener at 127.0.0.1/36625] INFO  ozone.MiniOzoneClusterImpl (MiniOzoneClusterImpl.java:lambda$waitForClusterToBeReady$0(216)) - Nodes are ready. Got 3 of 3 DN Heartbeats.
2022-07-14 05:35:35,181 [Listener at 127.0.0.1/36625] INFO  ozone.MiniOzoneClusterImpl (MiniOzoneClusterImpl.java:lambda$waitForClusterToBeReady$0(219)) - Waiting for cluster to exit safe mode
2022-07-14 05:35:35,181 [Listener at 127.0.0.1/36625] INFO  ozone.MiniOzoneClusterImpl (MiniOzoneClusterImpl.java:lambda$waitForClusterToBeReady$0(221)) - SCM became leader
2022-07-14 05:35:35,628 [3afe85c2-914b-4505-ab37-b99a5e6b7b6c@group-3F3960A450F3-FollowerState] INFO  impl.FollowerState (FollowerState.java:run(143)) - 3afe85c2-914b-4505-ab37-b99a5e6b7b6c@group-3F3960A450F3-FollowerState: change to CANDIDATE, lastRpcElapsedTime:5115336767ns, electionTimeout:5114ms
2022-07-14 05:35:35,629 [3afe85c2-914b-4505-ab37-b99a5e6b7b6c@group-3F3960A450F3-FollowerState] INFO  impl.RoleInfo (RoleInfo.java:shutdownFollowerState(110)) - 3afe85c2-914b-4505-ab37-b99a5e6b7b6c: shutdown 3afe85c2-914b-4505-ab37-b99a5e6b7b6c@group-3F3960A450F3-FollowerState
2022-07-14 05:35:35,629 [3afe85c2-914b-4505-ab37-b99a5e6b7b6c@group-3F3960A450F3-FollowerState] INFO  server.RaftServer$Division (RaftServerImpl.java:setRole(299)) - 3afe85c2-914b-4505-ab37-b99a5e6b7b6c@group-3F3960A450F3: changes role from  FOLLOWER to CANDIDATE at term 0 for changeToCandidate
2022-07-14 05:35:35,629 [3afe85c2-914b-4505-ab37-b99a5e6b7b6c@group-3F3960A450F3-FollowerState] INFO  server.RaftServerConfigKeys (ConfUtils.java:logGet(46)) - raft.server.leaderelection.pre-vote = false (custom)
2022-07-14 05:35:35,629 [3afe85c2-914b-4505-ab37-b99a5e6b7b6c@group-3F3960A450F3-FollowerState] INFO  impl.RoleInfo (RoleInfo.java:updateAndGet(139)) - 3afe85c2-914b-4505-ab37-b99a5e6b7b6c: start 3afe85c2-914b-4505-ab37-b99a5e6b7b6c@group-3F3960A450F3-LeaderElection10
2022-07-14 05:35:35,635 [3afe85c2-914b-4505-ab37-b99a5e6b7b6c@group-3F3960A450F3-LeaderElection10] INFO  impl.LeaderElection (LeaderElection.java:askForVotes(310)) - 3afe85c2-914b-4505-ab37-b99a5e6b7b6c@group-3F3960A450F3-LeaderElection10 ELECTION round 0: submit vote requests at term 1 for -1: [bbe56640-50c4-4219-bf4a-9972af81120e|rpc:127.0.0.1:44819|priority:0, 3afe85c2-914b-4505-ab37-b99a5e6b7b6c|rpc:127.0.0.1:39675|priority:1, 034fa580-7f06-453c-9359-8a1a406b4b97|rpc:127.0.0.1:39193|priority:0], old=null
2022-07-14 05:35:35,635 [3afe85c2-914b-4505-ab37-b99a5e6b7b6c@group-53584B332277-FollowerState] INFO  impl.FollowerState (FollowerState.java:run(143)) - 3afe85c2-914b-4505-ab37-b99a5e6b7b6c@group-53584B332277-FollowerState: change to CANDIDATE, lastRpcElapsedTime:5180415703ns, electionTimeout:5169ms
2022-07-14 05:35:35,635 [3afe85c2-914b-4505-ab37-b99a5e6b7b6c@group-53584B332277-FollowerState] INFO  impl.RoleInfo (RoleInfo.java:shutdownFollowerState(110)) - 3afe85c2-914b-4505-ab37-b99a5e6b7b6c: shutdown 3afe85c2-914b-4505-ab37-b99a5e6b7b6c@group-53584B332277-FollowerState
2022-07-14 05:35:35,636 [3afe85c2-914b-4505-ab37-b99a5e6b7b6c@group-53584B332277-FollowerState] INFO  server.RaftServer$Division (RaftServerImpl.java:setRole(299)) - 3afe85c2-914b-4505-ab37-b99a5e6b7b6c@group-53584B332277: changes role from  FOLLOWER to CANDIDATE at term 0 for changeToCandidate
2022-07-14 05:35:35,636 [3afe85c2-914b-4505-ab37-b99a5e6b7b6c@group-53584B332277-FollowerState] INFO  server.RaftServerConfigKeys (ConfUtils.java:logGet(46)) - raft.server.leaderelection.pre-vote = false (custom)
2022-07-14 05:35:35,636 [3afe85c2-914b-4505-ab37-b99a5e6b7b6c@group-53584B332277-FollowerState] INFO  impl.RoleInfo (RoleInfo.java:updateAndGet(139)) - 3afe85c2-914b-4505-ab37-b99a5e6b7b6c: start 3afe85c2-914b-4505-ab37-b99a5e6b7b6c@group-53584B332277-LeaderElection11
2022-07-14 05:35:35,649 [3afe85c2-914b-4505-ab37-b99a5e6b7b6c@group-53584B332277-LeaderElection11] INFO  impl.LeaderElection (LeaderElection.java:askForVotes(310)) - 3afe85c2-914b-4505-ab37-b99a5e6b7b6c@group-53584B332277-LeaderElection11 ELECTION round 0: submit vote requests at term 1 for -1: [3afe85c2-914b-4505-ab37-b99a5e6b7b6c|rpc:127.0.0.1:39675|priority:1], old=null
2022-07-14 05:35:35,650 [3afe85c2-914b-4505-ab37-b99a5e6b7b6c@group-53584B332277-LeaderElection11] INFO  impl.LeaderElection (LeaderElection.java:askForVotes(312)) - 3afe85c2-914b-4505-ab37-b99a5e6b7b6c@group-53584B332277-LeaderElection11 ELECTION round 0: result PASSED (term=1)
2022-07-14 05:35:35,650 [3afe85c2-914b-4505-ab37-b99a5e6b7b6c@group-53584B332277-LeaderElection11] INFO  impl.RoleInfo (RoleInfo.java:shutdownLeaderElection(130)) - 3afe85c2-914b-4505-ab37-b99a5e6b7b6c: shutdown 3afe85c2-914b-4505-ab37-b99a5e6b7b6c@group-53584B332277-LeaderElection11
2022-07-14 05:35:35,650 [3afe85c2-914b-4505-ab37-b99a5e6b7b6c@group-53584B332277-LeaderElection11] INFO  server.RaftServer$Division (RaftServerImpl.java:setRole(299)) - 3afe85c2-914b-4505-ab37-b99a5e6b7b6c@group-53584B332277: changes role from CANDIDATE to LEADER at term 1 for changeToLeader
2022-07-14 05:35:35,650 [3afe85c2-914b-4505-ab37-b99a5e6b7b6c@group-53584B332277-LeaderElection11] INFO  ratis.XceiverServerRatis (XceiverServerRatis.java:handleLeaderChangedNotification(863)) - Leader change notification received for group: group-53584B332277 with new leaderId: 3afe85c2-914b-4505-ab37-b99a5e6b7b6c
2022-07-14 05:35:35,654 [3afe85c2-914b-4505-ab37-b99a5e6b7b6c@group-53584B332277-LeaderElection11] INFO  server.RaftServer$Division (ServerState.java:setLeader(287)) - 3afe85c2-914b-4505-ab37-b99a5e6b7b6c@group-53584B332277: change Leader from null to 3afe85c2-914b-4505-ab37-b99a5e6b7b6c at term 1 for becomeLeader, leader elected after 5239ms
2022-07-14 05:35:35,654 [3afe85c2-914b-4505-ab37-b99a5e6b7b6c@group-53584B332277-LeaderElection11] INFO  server.RaftServerConfigKeys (ConfUtils.java:logGet(46)) - raft.server.staging.catchup.gap = 1000 (default)
2022-07-14 05:35:35,654 [3afe85c2-914b-4505-ab37-b99a5e6b7b6c@group-53584B332277-LeaderElection11] INFO  server.RaftServerConfigKeys (ConfUtils.java:logGet(46)) - raft.server.write.element-limit = 1024 (custom)
2022-07-14 05:35:35,654 [3afe85c2-914b-4505-ab37-b99a5e6b7b6c@group-53584B332277-LeaderElection11] INFO  server.RaftServerConfigKeys (ConfUtils.java:logGet(46)) - raft.server.write.byte-limit = 1024 M (=1073741824) (custom)
2022-07-14 05:35:35,657 [3afe85c2-914b-4505-ab37-b99a5e6b7b6c@group-53584B332277-LeaderElection11] INFO  server.RaftServerConfigKeys (ConfUtils.java:logGet(46)) - raft.server.watch.timeout = 180s (custom)
2022-07-14 05:35:35,657 [3afe85c2-914b-4505-ab37-b99a5e6b7b6c@group-53584B332277-LeaderElection11] INFO  server.RaftServerConfigKeys (ConfUtils.java:logGet(46)) - raft.server.watch.timeout.denomination = 1s (default)
2022-07-14 05:35:35,657 [3afe85c2-914b-4505-ab37-b99a5e6b7b6c@group-53584B332277-LeaderElection11] INFO  server.RaftServerConfigKeys (ConfUtils.java:logGet(46)) - raft.server.watch.element-limit = 65536 (default)
2022-07-14 05:35:35,657 [3afe85c2-914b-4505-ab37-b99a5e6b7b6c@group-53584B332277-LeaderElection11] INFO  server.RaftServerConfigKeys (ConfUtils.java:logGet(46)) - raft.server.write.element-limit = 1024 (custom)
2022-07-14 05:35:35,657 [3afe85c2-914b-4505-ab37-b99a5e6b7b6c@group-53584B332277-LeaderElection11] INFO  server.RaftServerConfigKeys (ConfUtils.java:logGet(46)) - raft.server.write.follower.gap.ratio.max = -1.0 (default)
2022-07-14 05:35:35,658 [EventQueue-OpenPipelineForHealthyPipelineSafeModeRule] INFO  safemode.SCMSafeModeManager (HealthyPipelineSafeModeRule.java:process(137)) - SCM in safe mode. Healthy pipelines reported count is 0, required healthy pipeline reported count is 1
2022-07-14 05:35:35,658 [3afe85c2-914b-4505-ab37-b99a5e6b7b6c@group-53584B332277-LeaderElection11] INFO  impl.RoleInfo (RoleInfo.java:updateAndGet(139)) - 3afe85c2-914b-4505-ab37-b99a5e6b7b6c: start 3afe85c2-914b-4505-ab37-b99a5e6b7b6c@group-53584B332277-LeaderStateImpl
2022-07-14 05:35:35,658 [EventQueue-OpenPipelineForHealthyPipelineSafeModeRule] INFO  safemode.SCMSafeModeManager (HealthyPipelineSafeModeRule.java:process(137)) - SCM in safe mode. Healthy pipelines reported count is 0, required healthy pipeline reported count is 1
2022-07-14 05:35:35,658 [EventQueue-OpenPipelineForHealthyPipelineSafeModeRule] INFO  safemode.SCMSafeModeManager (HealthyPipelineSafeModeRule.java:process(137)) - SCM in safe mode. Healthy pipelines reported count is 0, required healthy pipeline reported count is 1
2022-07-14 05:35:35,658 [3afe85c2-914b-4505-ab37-b99a5e6b7b6c@group-53584B332277-LeaderElection11] INFO  segmented.SegmentedRaftLogWorker (SegmentedRaftLogWorker.java:startLogSegment(425)) - 3afe85c2-914b-4505-ab37-b99a5e6b7b6c@group-53584B332277-SegmentedRaftLogWorker: Starting segment from index:0
2022-07-14 05:35:35,660 [3afe85c2-914b-4505-ab37-b99a5e6b7b6c@group-53584B332277-SegmentedRaftLogWorker] INFO  segmented.SegmentedRaftLogWorker (SegmentedRaftLogWorker.java:execute(629)) - 3afe85c2-914b-4505-ab37-b99a5e6b7b6c@group-53584B332277-SegmentedRaftLogWorker: created new log segment /home/runner/work/ozone/ozone/hadoop-ozone/integration-test/target/test-dir/MiniOzoneClusterImpl-252142cc-85ec-47ec-8abc-bbf74a919ed0/datanode-0/data/ratis/0bc9dacd-2b2e-40ce-b2bc-53584b332277/current/log_inprogress_0
2022-07-14 05:35:35,666 [grpc-default-executor-2] INFO  server.RaftServer$Division (RaftServerImpl.java:requestVote(1152)) - bbe56640-50c4-4219-bf4a-9972af81120e@group-3F3960A450F3: receive requestVote(ELECTION, 3afe85c2-914b-4505-ab37-b99a5e6b7b6c, group-3F3960A450F3, 1, (t:0, i:0))
2022-07-14 05:35:35,666 [grpc-default-executor-2] INFO  impl.VoteContext (VoteContext.java:log(48)) - bbe56640-50c4-4219-bf4a-9972af81120e@group-3F3960A450F3-FOLLOWER: accept ELECTION from 3afe85c2-914b-4505-ab37-b99a5e6b7b6c: our priority 0 <= candidate's priority 1
2022-07-14 05:35:35,666 [grpc-default-executor-2] INFO  server.RaftServer$Division (RaftServerImpl.java:setRole(299)) - bbe56640-50c4-4219-bf4a-9972af81120e@group-3F3960A450F3: changes role from  FOLLOWER to FOLLOWER at term 1 for candidate:3afe85c2-914b-4505-ab37-b99a5e6b7b6c
2022-07-14 05:35:35,666 [grpc-default-executor-2] INFO  impl.RoleInfo (RoleInfo.java:shutdownFollowerState(110)) - bbe56640-50c4-4219-bf4a-9972af81120e: shutdown bbe56640-50c4-4219-bf4a-9972af81120e@group-3F3960A450F3-FollowerState
2022-07-14 05:35:35,666 [grpc-default-executor-2] INFO  impl.RoleInfo (RoleInfo.java:updateAndGet(139)) - bbe56640-50c4-4219-bf4a-9972af81120e: start bbe56640-50c4-4219-bf4a-9972af81120e@group-3F3960A450F3-FollowerState
2022-07-14 05:35:35,667 [3afe85c2-914b-4505-ab37-b99a5e6b7b6c@group-53584B332277-LeaderElection11] INFO  server.RaftServer$Division (ServerState.java:setRaftConf(393)) - 3afe85c2-914b-4505-ab37-b99a5e6b7b6c@group-53584B332277: set configuration 0: [3afe85c2-914b-4505-ab37-b99a5e6b7b6c|rpc:127.0.0.1:39675|dataStream:|priority:1], old=null
2022-07-14 05:35:35,666 [grpc-default-executor-0] INFO  server.RaftServer$Division (RaftServerImpl.java:requestVote(1152)) - 034fa580-7f06-453c-9359-8a1a406b4b97@group-3F3960A450F3: receive requestVote(ELECTION, 3afe85c2-914b-4505-ab37-b99a5e6b7b6c, group-3F3960A450F3, 1, (t:0, i:0))
2022-07-14 05:35:35,667 [grpc-default-executor-0] INFO  impl.VoteContext (VoteContext.java:log(48)) - 034fa580-7f06-453c-9359-8a1a406b4b97@group-3F3960A450F3-FOLLOWER: accept ELECTION from 3afe85c2-914b-4505-ab37-b99a5e6b7b6c: our priority 0 <= candidate's priority 1
2022-07-14 05:35:35,667 [bbe56640-50c4-4219-bf4a-9972af81120e@group-3F3960A450F3-FollowerState] INFO  impl.FollowerState (FollowerState.java:run(152)) - bbe56640-50c4-4219-bf4a-9972af81120e@group-3F3960A450F3-FollowerState was interrupted
2022-07-14 05:35:35,667 [grpc-default-executor-0] INFO  server.RaftServer$Division (RaftServerImpl.java:setRole(299)) - 034fa580-7f06-453c-9359-8a1a406b4b97@group-3F3960A450F3: changes role from  FOLLOWER to FOLLOWER at term 1 for candidate:3afe85c2-914b-4505-ab37-b99a5e6b7b6c
2022-07-14 05:35:35,667 [grpc-default-executor-0] INFO  impl.RoleInfo (RoleInfo.java:shutdownFollowerState(110)) - 034fa580-7f06-453c-9359-8a1a406b4b97: shutdown 034fa580-7f06-453c-9359-8a1a406b4b97@group-3F3960A450F3-FollowerState
2022-07-14 05:35:35,667 [grpc-default-executor-0] INFO  impl.RoleInfo (RoleInfo.java:updateAndGet(139)) - 034fa580-7f06-453c-9359-8a1a406b4b97: start 034fa580-7f06-453c-9359-8a1a406b4b97@group-3F3960A450F3-FollowerState
2022-07-14 05:35:35,668 [034fa580-7f06-453c-9359-8a1a406b4b97@group-3F3960A450F3-FollowerState] INFO  impl.FollowerState (FollowerState.java:run(152)) - 034fa580-7f06-453c-9359-8a1a406b4b97@group-3F3960A450F3-FollowerState was interrupted
2022-07-14 05:35:35,669 [grpc-default-executor-2] INFO  server.RaftServer$Division (RaftServerImpl.java:requestVote(1184)) - bbe56640-50c4-4219-bf4a-9972af81120e@group-3F3960A450F3 replies to ELECTION vote request: 3afe85c2-914b-4505-ab37-b99a5e6b7b6c<-bbe56640-50c4-4219-bf4a-9972af81120e#0:OK-t1. Peer's state: bbe56640-50c4-4219-bf4a-9972af81120e@group-3F3960A450F3:t1, leader=null, voted=3afe85c2-914b-4505-ab37-b99a5e6b7b6c, raftlog=bbe56640-50c4-4219-bf4a-9972af81120e@group-3F3960A450F3-SegmentedRaftLog:OPENED:c-1, conf=-1: [bbe56640-50c4-4219-bf4a-9972af81120e|rpc:127.0.0.1:44819|dataStream:|priority:0, 3afe85c2-914b-4505-ab37-b99a5e6b7b6c|rpc:127.0.0.1:39675|dataStream:|priority:1, 034fa580-7f06-453c-9359-8a1a406b4b97|rpc:127.0.0.1:39193|dataStream:|priority:0], old=null
2022-07-14 05:35:35,672 [grpc-default-executor-0] INFO  server.RaftServer$Division (RaftServerImpl.java:requestVote(1184)) - 034fa580-7f06-453c-9359-8a1a406b4b97@group-3F3960A450F3 replies to ELECTION vote request: 3afe85c2-914b-4505-ab37-b99a5e6b7b6c<-034fa580-7f06-453c-9359-8a1a406b4b97#0:OK-t1. Peer's state: 034fa580-7f06-453c-9359-8a1a406b4b97@group-3F3960A450F3:t1, leader=null, voted=3afe85c2-914b-4505-ab37-b99a5e6b7b6c, raftlog=034fa580-7f06-453c-9359-8a1a406b4b97@group-3F3960A450F3-SegmentedRaftLog:OPENED:c-1, conf=-1: [bbe56640-50c4-4219-bf4a-9972af81120e|rpc:127.0.0.1:44819|dataStream:|priority:0, 3afe85c2-914b-4505-ab37-b99a5e6b7b6c|rpc:127.0.0.1:39675|dataStream:|priority:1, 034fa580-7f06-453c-9359-8a1a406b4b97|rpc:127.0.0.1:39193|dataStream:|priority:0], old=null
2022-07-14 05:35:35,676 [3afe85c2-914b-4505-ab37-b99a5e6b7b6c@group-3F3960A450F3-LeaderElection10] INFO  impl.LeaderElection (LeaderElection.java:logAndReturn(90)) - 3afe85c2-914b-4505-ab37-b99a5e6b7b6c@group-3F3960A450F3-LeaderElection10: ELECTION PASSED received 1 response(s) and 0 exception(s):
2022-07-14 05:35:35,676 [3afe85c2-914b-4505-ab37-b99a5e6b7b6c@group-3F3960A450F3-LeaderElection10] INFO  impl.LeaderElection (LeaderElection.java:logAndReturn(94)) -   Response 0: 3afe85c2-914b-4505-ab37-b99a5e6b7b6c<-bbe56640-50c4-4219-bf4a-9972af81120e#0:OK-t1
2022-07-14 05:35:35,676 [3afe85c2-914b-4505-ab37-b99a5e6b7b6c@group-3F3960A450F3-LeaderElection10] INFO  impl.LeaderElection (LeaderElection.java:askForVotes(312)) - 3afe85c2-914b-4505-ab37-b99a5e6b7b6c@group-3F3960A450F3-LeaderElection10 ELECTION round 0: result PASSED
2022-07-14 05:35:35,676 [3afe85c2-914b-4505-ab37-b99a5e6b7b6c@group-3F3960A450F3-LeaderElection10] INFO  impl.RoleInfo (RoleInfo.java:shutdownLeaderElection(130)) - 3afe85c2-914b-4505-ab37-b99a5e6b7b6c: shutdown 3afe85c2-914b-4505-ab37-b99a5e6b7b6c@group-3F3960A450F3-LeaderElection10
2022-07-14 05:35:35,676 [3afe85c2-914b-4505-ab37-b99a5e6b7b6c@group-3F3960A450F3-LeaderElection10] INFO  server.RaftServer$Division (RaftServerImpl.java:setRole(299)) - 3afe85c2-914b-4505-ab37-b99a5e6b7b6c@group-3F3960A450F3: changes role from CANDIDATE to LEADER at term 1 for changeToLeader
2022-07-14 05:35:35,676 [3afe85c2-914b-4505-ab37-b99a5e6b7b6c@group-3F3960A450F3-LeaderElection10] INFO  ratis.XceiverServerRatis (XceiverServerRatis.java:handleLeaderChangedNotification(863)) - Leader change notification received for group: group-3F3960A450F3 with new leaderId: 3afe85c2-914b-4505-ab37-b99a5e6b7b6c
2022-07-14 05:35:35,676 [3afe85c2-914b-4505-ab37-b99a5e6b7b6c@group-3F3960A450F3-LeaderElection10] INFO  server.RaftServer$Division (ServerState.java:setLeader(287)) - 3afe85c2-914b-4505-ab37-b99a5e6b7b6c@group-3F3960A450F3: change Leader from null to 3afe85c2-914b-4505-ab37-b99a5e6b7b6c at term 1 for becomeLeader, leader elected after 5174ms
2022-07-14 05:35:35,677 [3afe85c2-914b-4505-ab37-b99a5e6b7b6c@group-3F3960A450F3-LeaderElection10] INFO  server.RaftServerConfigKeys (ConfUtils.java:logGet(46)) - raft.server.staging.catchup.gap = 1000 (default)
2022-07-14 05:35:35,677 [3afe85c2-914b-4505-ab37-b99a5e6b7b6c@group-3F3960A450F3-LeaderElection10] INFO  server.RaftServerConfigKeys (ConfUtils.java:logGet(46)) - raft.server.write.element-limit = 1024 (custom)
2022-07-14 05:35:35,677 [3afe85c2-914b-4505-ab37-b99a5e6b7b6c@group-3F3960A450F3-LeaderElection10] INFO  server.RaftServerConfigKeys (ConfUtils.java:logGet(46)) - raft.server.write.byte-limit = 1024 M (=1073741824) (custom)
2022-07-14 05:35:35,677 [3afe85c2-914b-4505-ab37-b99a5e6b7b6c@group-3F3960A450F3-LeaderElection10] INFO  server.RaftServerConfigKeys (ConfUtils.java:logGet(46)) - raft.server.watch.timeout = 180s (custom)
2022-07-14 05:35:35,677 [3afe85c2-914b-4505-ab37-b99a5e6b7b6c@group-3F3960A450F3-LeaderElection10] INFO  server.RaftServerConfigKeys (ConfUtils.java:logGet(46)) - raft.server.watch.timeout.denomination = 1s (default)
2022-07-14 05:35:35,677 [3afe85c2-914b-4505-ab37-b99a5e6b7b6c@group-3F3960A450F3-LeaderElection10] INFO  server.RaftServerConfigKeys (ConfUtils.java:logGet(46)) - raft.server.watch.element-limit = 65536 (default)
2022-07-14 05:35:35,678 [3afe85c2-914b-4505-ab37-b99a5e6b7b6c@group-3F3960A450F3-LeaderElection10] INFO  server.RaftServerConfigKeys (ConfUtils.java:logGet(46)) - raft.server.write.element-limit = 1024 (custom)
2022-07-14 05:35:35,678 [3afe85c2-914b-4505-ab37-b99a5e6b7b6c@group-3F3960A450F3-LeaderElection10] INFO  server.RaftServerConfigKeys (ConfUtils.java:logGet(46)) - raft.server.write.follower.gap.ratio.max = -1.0 (default)
2022-07-14 05:35:35,681 [3afe85c2-914b-4505-ab37-b99a5e6b7b6c@group-3F3960A450F3-LeaderElection10] INFO  server.RaftServerConfigKeys (ConfUtils.java:logGet(46)) - raft.server.log.appender.snapshot.chunk.size.max = 16MB (=16777216) (default)
2022-07-14 05:35:35,682 [3afe85c2-914b-4505-ab37-b99a5e6b7b6c@group-3F3960A450F3-LeaderElection10] INFO  server.RaftServerConfigKeys (ConfUtils.java:logGet(46)) - raft.server.log.appender.buffer.byte-limit = 33554432 (custom)
2022-07-14 05:35:35,682 [3afe85c2-914b-4505-ab37-b99a5e6b7b6c@group-3F3960A450F3-LeaderElection10] INFO  server.RaftServerConfigKeys (ConfUtils.java:logGet(46)) - raft.server.log.appender.buffer.element-limit = 1 (custom)
2022-07-14 05:35:35,682 [3afe85c2-914b-4505-ab37-b99a5e6b7b6c@group-3F3960A450F3-LeaderElection10] INFO  grpc.GrpcConfigKeys (ConfUtils.java:logGet(46)) - raft.grpc.server.leader.outstanding.appends.max = 128 (default)
2022-07-14 05:35:35,683 [EventQueue-OpenPipelineForHealthyPipelineSafeModeRule] INFO  safemode.SCMSafeModeManager (HealthyPipelineSafeModeRule.java:process(137)) - SCM in safe mode. Healthy pipelines reported count is 0, required healthy pipeline reported count is 1
2022-07-14 05:35:35,683 [EventQueue-PipelineReportForPipelineReportHandler] INFO  pipeline.PipelineManagerImpl (PipelineManagerImpl.java:openPipeline(367)) - Pipeline Pipeline[ Id: 3442a38a-df77-4709-88f3-3f3960a450f3, Nodes: 3afe85c2-914b-4505-ab37-b99a5e6b7b6c{ip: 127.0.0.1, host: localhost, ports: [REPLICATION=45877, RATIS=39675, RATIS_ADMIN=39675, RATIS_SERVER=39675, STANDALONE=44875], networkLocation: /default-rack, certSerialId: null, persistedOpState: IN_SERVICE, persistedOpStateExpiryEpochSec: 0}034fa580-7f06-453c-9359-8a1a406b4b97{ip: 127.0.0.1, host: localhost, ports: [REPLICATION=37723, RATIS=39193, RATIS_ADMIN=39193, RATIS_SERVER=39193, STANDALONE=35397], networkLocation: /default-rack, certSerialId: null, persistedOpState: IN_SERVICE, persistedOpStateExpiryEpochSec: 0}bbe56640-50c4-4219-bf4a-9972af81120e{ip: 127.0.0.1, host: localhost, ports: [REPLICATION=41707, RATIS=44819, RATIS_ADMIN=44819, RATIS_SERVER=44819, STANDALONE=43307], networkLocation: /default-rack, certSerialId: null, persistedOpState: IN_SERVICE, persistedOpStateExpiryEpochSec: 0}, ReplicationConfig: RATIS/THREE, State:ALLOCATED, leaderId:3afe85c2-914b-4505-ab37-b99a5e6b7b6c, CreationTimestamp2022-07-14T05:35:28.204Z[Etc/UTC]] moved to OPEN state
2022-07-14 05:35:35,683 [EventQueue-OpenPipelineForHealthyPipelineSafeModeRule] INFO  safemode.SCMSafeModeManager (HealthyPipelineSafeModeRule.java:process(137)) - SCM in safe mode. Healthy pipelines reported count is 0, required healthy pipeline reported count is 1
2022-07-14 05:35:35,685 [EventQueue-PipelineReportForPipelineReportHandler] INFO  pipeline.PipelineManagerImpl (PipelineManagerImpl.java:openPipeline(367)) - Pipeline Pipeline[ Id: 3442a38a-df77-4709-88f3-3f3960a450f3, Nodes: 3afe85c2-914b-4505-ab37-b99a5e6b7b6c{ip: 127.0.0.1, host: localhost, ports: [REPLICATION=45877, RATIS=39675, RATIS_ADMIN=39675, RATIS_SERVER=39675, STANDALONE=44875], networkLocation: /default-rack, certSerialId: null, persistedOpState: IN_SERVICE, persistedOpStateExpiryEpochSec: 0}034fa580-7f06-453c-9359-8a1a406b4b97{ip: 127.0.0.1, host: localhost, ports: [REPLICATION=37723, RATIS=39193, RATIS_ADMIN=39193, RATIS_SERVER=39193, STANDALONE=35397], networkLocation: /default-rack, certSerialId: null, persistedOpState: IN_SERVICE, persistedOpStateExpiryEpochSec: 0}bbe56640-50c4-4219-bf4a-9972af81120e{ip: 127.0.0.1, host: localhost, ports: [REPLICATION=41707, RATIS=44819, RATIS_ADMIN=44819, RATIS_SERVER=44819, STANDALONE=43307], networkLocation: /default-rack, certSerialId: null, persistedOpState: IN_SERVICE, persistedOpStateExpiryEpochSec: 0}, ReplicationConfig: RATIS/THREE, State:ALLOCATED, leaderId:3afe85c2-914b-4505-ab37-b99a5e6b7b6c, CreationTimestamp2022-07-14T05:35:28.204Z[Etc/UTC]] moved to OPEN state
2022-07-14 05:35:35,685 [EventQueue-OpenPipelineForHealthyPipelineSafeModeRule] INFO  safemode.SCMSafeModeManager (HealthyPipelineSafeModeRule.java:process(137)) - SCM in safe mode. Healthy pipelines reported count is 0, required healthy pipeline reported count is 1
2022-07-14 05:35:35,682 [EventQueue-PipelineReportForPipelineReportHandler] INFO  pipeline.PipelineManagerImpl (PipelineManagerImpl.java:openPipeline(367)) - Pipeline Pipeline[ Id: 3442a38a-df77-4709-88f3-3f3960a450f3, Nodes: 3afe85c2-914b-4505-ab37-b99a5e6b7b6c{ip: 127.0.0.1, host: localhost, ports: [REPLICATION=45877, RATIS=39675, RATIS_ADMIN=39675, RATIS_SERVER=39675, STANDALONE=44875], networkLocation: /default-rack, certSerialId: null, persistedOpState: IN_SERVICE, persistedOpStateExpiryEpochSec: 0}034fa580-7f06-453c-9359-8a1a406b4b97{ip: 127.0.0.1, host: localhost, ports: [REPLICATION=37723, RATIS=39193, RATIS_ADMIN=39193, RATIS_SERVER=39193, STANDALONE=35397], networkLocation: /default-rack, certSerialId: null, persistedOpState: IN_SERVICE, persistedOpStateExpiryEpochSec: 0}bbe56640-50c4-4219-bf4a-9972af81120e{ip: 127.0.0.1, host: localhost, ports: [REPLICATION=41707, RATIS=44819, RATIS_ADMIN=44819, RATIS_SERVER=44819, STANDALONE=43307], networkLocation: /default-rack, certSerialId: null, persistedOpState: IN_SERVICE, persistedOpStateExpiryEpochSec: 0}, ReplicationConfig: RATIS/THREE, State:ALLOCATED, leaderId:3afe85c2-914b-4505-ab37-b99a5e6b7b6c, CreationTimestamp2022-07-14T05:35:28.204Z[Etc/UTC]] moved to OPEN state
2022-07-14 05:35:35,687 [3afe85c2-914b-4505-ab37-b99a5e6b7b6c@group-3F3960A450F3-LeaderElection10] INFO  server.RaftServerConfigKeys (ConfUtils.java:logGet(46)) - raft.server.rpc.request.timeout = 60s (custom)
2022-07-14 05:35:35,687 [3afe85c2-914b-4505-ab37-b99a5e6b7b6c@group-3F3960A450F3-LeaderElection10] INFO  server.RaftServerConfigKeys (ConfUtils.java:logGet(46)) - raft.server.log.appender.install.snapshot.enabled = false (custom)
2022-07-14 05:35:35,688 [3afe85c2-914b-4505-ab37-b99a5e6b7b6c@group-3F3960A450F3-LeaderElection10] INFO  server.RaftServerConfigKeys (ConfUtils.java:logGet(46)) - raft.server.log.appender.snapshot.chunk.size.max = 16MB (=16777216) (default)
2022-07-14 05:35:35,688 [3afe85c2-914b-4505-ab37-b99a5e6b7b6c@group-3F3960A450F3-LeaderElection10] INFO  server.RaftServerConfigKeys (ConfUtils.java:logGet(46)) - raft.server.log.appender.buffer.byte-limit = 33554432 (custom)
2022-07-14 05:35:35,690 [3afe85c2-914b-4505-ab37-b99a5e6b7b6c@group-3F3960A450F3-LeaderElection10] INFO  server.RaftServerConfigKeys (ConfUtils.java:logGet(46)) - raft.server.log.appender.buffer.element-limit = 1 (custom)
2022-07-14 05:35:35,694 [3afe85c2-914b-4505-ab37-b99a5e6b7b6c@group-3F3960A450F3-LeaderElection10] INFO  grpc.GrpcConfigKeys (ConfUtils.java:logGet(46)) - raft.grpc.server.leader.outstanding.appends.max = 128 (default)
2022-07-14 05:35:35,695 [3afe85c2-914b-4505-ab37-b99a5e6b7b6c@group-3F3960A450F3-LeaderElection10] INFO  server.RaftServerConfigKeys (ConfUtils.java:logGet(46)) - raft.server.rpc.request.timeout = 60s (custom)
2022-07-14 05:35:35,695 [3afe85c2-914b-4505-ab37-b99a5e6b7b6c@group-3F3960A450F3-LeaderElection10] INFO  server.RaftServerConfigKeys (ConfUtils.java:logGet(46)) - raft.server.log.appender.install.snapshot.enabled = false (custom)
2022-07-14 05:35:35,695 [3afe85c2-914b-4505-ab37-b99a5e6b7b6c@group-3F3960A450F3-LeaderElection10] INFO  impl.RoleInfo (RoleInfo.java:updateAndGet(139)) - 3afe85c2-914b-4505-ab37-b99a5e6b7b6c: start 3afe85c2-914b-4505-ab37-b99a5e6b7b6c@group-3F3960A450F3-LeaderStateImpl
2022-07-14 05:35:35,696 [3afe85c2-914b-4505-ab37-b99a5e6b7b6c@group-3F3960A450F3-LeaderElection10] INFO  segmented.SegmentedRaftLogWorker (SegmentedRaftLogWorker.java:startLogSegment(425)) - 3afe85c2-914b-4505-ab37-b99a5e6b7b6c@group-3F3960A450F3-SegmentedRaftLogWorker: Starting segment from index:0
2022-07-14 05:35:35,707 [c5ffeb5e-3634-4360-91c9-d598b29e1477@group-BBF74A919ED0-StateMachineUpdater] INFO  safemode.HealthyPipelineSafeModeRule (HealthyPipelineSafeModeRule.java:initializeRule(165)) - Refreshed total pipeline count is 1, healthy pipeline threshold count is 1
2022-07-14 05:35:35,708 [3afe85c2-914b-4505-ab37-b99a5e6b7b6c@group-3F3960A450F3-SegmentedRaftLogWorker] INFO  segmented.SegmentedRaftLogWorker (SegmentedRaftLogWorker.java:execute(629)) - 3afe85c2-914b-4505-ab37-b99a5e6b7b6c@group-3F3960A450F3-SegmentedRaftLogWorker: created new log segment /home/runner/work/ozone/ozone/hadoop-ozone/integration-test/target/test-dir/MiniOzoneClusterImpl-252142cc-85ec-47ec-8abc-bbf74a919ed0/datanode-0/data/ratis/3442a38a-df77-4709-88f3-3f3960a450f3/current/log_inprogress_0
2022-07-14 05:35:35,709 [EventQueue-OpenPipelineForHealthyPipelineSafeModeRule] INFO  safemode.SCMSafeModeManager (HealthyPipelineSafeModeRule.java:process(137)) - SCM in safe mode. Healthy pipelines reported count is 1, required healthy pipeline reported count is 1
2022-07-14 05:35:35,709 [EventQueue-OpenPipelineForHealthyPipelineSafeModeRule] INFO  safemode.SCMSafeModeManager (SCMSafeModeManager.java:validateSafeModeExitRules(204)) - HealthyPipelineSafeModeRule rule is successfully validated
2022-07-14 05:35:35,709 [EventQueue-OpenPipelineForHealthyPipelineSafeModeRule] INFO  safemode.SCMSafeModeManager (SCMSafeModeManager.java:validateSafeModeExitRules(219)) - ScmSafeModeManager, all rules are successfully validated
2022-07-14 05:35:35,709 [EventQueue-OpenPipelineForHealthyPipelineSafeModeRule] INFO  safemode.SCMSafeModeManager (SCMSafeModeManager.java:exitSafeMode(248)) - SCM exiting safe mode.
2022-07-14 05:35:35,709 [EventQueue-OpenPipelineForHealthyPipelineSafeModeRule] WARN  events.EventQueue (EventQueue.java:fireEvent(216)) - No event handler registered for event TypedEvent{payloadType=SafeModeStatus, name='Safe mode status'}
2022-07-14 05:35:35,709 [EventQueue-OpenPipelineForHealthyPipelineSafeModeRule] INFO  ha.SCMContext (SCMContext.java:updateSafeModeStatus(228)) - Update SafeModeStatus from SafeModeStatus{safeModeStatus=true, preCheckPassed=true} to SafeModeStatus{safeModeStatus=false, preCheckPassed=true}.
2022-07-14 05:35:35,709 [EventQueue-OpenPipelineForHealthyPipelineSafeModeRule] INFO  BackgroundPipelineScrubber (BackgroundSCMService.java:notifyStatusChanged(82)) - Service BackgroundPipelineScrubber transitions to RUNNING.
2022-07-14 05:35:35,709 [EventQueue-OpenPipelineForHealthyPipelineSafeModeRule] INFO  ExpiredContainerReplicaOpScrubber (BackgroundSCMService.java:notifyStatusChanged(82)) - Service ExpiredContainerReplicaOpScrubber transitions to RUNNING.
2022-07-14 05:35:35,710 [EventQueue-OpenPipelineForHealthyPipelineSafeModeRule] INFO  replication.ReplicationManager (ReplicationManager.java:notifyStatusChanged(495)) - Service ReplicationManager transitions to RUNNING.
2022-07-14 05:35:35,710 [EventQueue-OpenPipelineForHealthyPipelineSafeModeRule] WARN  balancer.ContainerBalancer (ContainerBalancer.java:shouldRun(894)) - Could not find persisted configuration for ContainerBalancer when checking if ContainerBalancer should run. ContainerBalancer should not run now.
2022-07-14 05:35:35,716 [3afe85c2-914b-4505-ab37-b99a5e6b7b6c@group-3F3960A450F3-LeaderElection10] INFO  server.RaftServer$Division (ServerState.java:setRaftConf(393)) - 3afe85c2-914b-4505-ab37-b99a5e6b7b6c@group-3F3960A450F3: set configuration 0: [bbe56640-50c4-4219-bf4a-9972af81120e|rpc:127.0.0.1:44819|dataStream:|priority:0, 3afe85c2-914b-4505-ab37-b99a5e6b7b6c|rpc:127.0.0.1:39675|dataStream:|priority:1, 034fa580-7f06-453c-9359-8a1a406b4b97|rpc:127.0.0.1:39193|dataStream:|priority:0], old=null
2022-07-14 05:35:35,725 [907b9e7c-2e96-4977-99e4-854b16c13945@group-BBF74A919ED0-StateMachineUpdater] INFO  safemode.HealthyPipelineSafeModeRule (HealthyPipelineSafeModeRule.java:initializeRule(165)) - Refreshed total pipeline count is 1, healthy pipeline threshold count is 1
2022-07-14 05:35:35,732 [034fa580-7f06-453c-9359-8a1a406b4b97-server-thread1] INFO  ratis.XceiverServerRatis (XceiverServerRatis.java:handleLeaderChangedNotification(863)) - Leader change notification received for group: group-3F3960A450F3 with new leaderId: 3afe85c2-914b-4505-ab37-b99a5e6b7b6c
2022-07-14 05:35:35,733 [034fa580-7f06-453c-9359-8a1a406b4b97-server-thread1] INFO  server.RaftServer$Division (ServerState.java:setLeader(287)) - 034fa580-7f06-453c-9359-8a1a406b4b97@group-3F3960A450F3: change Leader from null to 3afe85c2-914b-4505-ab37-b99a5e6b7b6c at term 1 for appendEntries, leader elected after 5129ms
2022-07-14 05:35:35,734 [bbe56640-50c4-4219-bf4a-9972af81120e-server-thread1] INFO  ratis.XceiverServerRatis (XceiverServerRatis.java:handleLeaderChangedNotification(863)) - Leader change notification received for group: group-3F3960A450F3 with new leaderId: 3afe85c2-914b-4505-ab37-b99a5e6b7b6c
2022-07-14 05:35:35,734 [bbe56640-50c4-4219-bf4a-9972af81120e-server-thread1] INFO  server.RaftServer$Division (ServerState.java:setLeader(287)) - bbe56640-50c4-4219-bf4a-9972af81120e@group-3F3960A450F3: change Leader from null to 3afe85c2-914b-4505-ab37-b99a5e6b7b6c at term 1 for appendEntries, leader elected after 5045ms
2022-07-14 05:35:35,736 [2dd1b2fa-668a-4f00-b120-82156fdca129@group-BBF74A919ED0-StateMachineUpdater] INFO  safemode.HealthyPipelineSafeModeRule (HealthyPipelineSafeModeRule.java:initializeRule(165)) - Refreshed total pipeline count is 1, healthy pipeline threshold count is 1
2022-07-14 05:35:35,739 [034fa580-7f06-453c-9359-8a1a406b4b97-server-thread1] INFO  server.RaftServer$Division (ServerState.java:setRaftConf(393)) - 034fa580-7f06-453c-9359-8a1a406b4b97@group-3F3960A450F3: set configuration 0: [bbe56640-50c4-4219-bf4a-9972af81120e|rpc:127.0.0.1:44819|dataStream:|priority:0, 3afe85c2-914b-4505-ab37-b99a5e6b7b6c|rpc:127.0.0.1:39675|dataStream:|priority:1, 034fa580-7f06-453c-9359-8a1a406b4b97|rpc:127.0.0.1:39193|dataStream:|priority:0], old=null
2022-07-14 05:35:35,740 [034fa580-7f06-453c-9359-8a1a406b4b97-server-thread1] INFO  segmented.SegmentedRaftLogWorker (SegmentedRaftLogWorker.java:startLogSegment(425)) - 034fa580-7f06-453c-9359-8a1a406b4b97@group-3F3960A450F3-SegmentedRaftLogWorker: Starting segment from index:0
2022-07-14 05:35:35,741 [034fa580-7f06-453c-9359-8a1a406b4b97@group-3F3960A450F3-SegmentedRaftLogWorker] INFO  segmented.SegmentedRaftLogWorker (SegmentedRaftLogWorker.java:execute(629)) - 034fa580-7f06-453c-9359-8a1a406b4b97@group-3F3960A450F3-SegmentedRaftLogWorker: created new log segment /home/runner/work/ozone/ozone/hadoop-ozone/integration-test/target/test-dir/MiniOzoneClusterImpl-252142cc-85ec-47ec-8abc-bbf74a919ed0/datanode-2/data/ratis/3442a38a-df77-4709-88f3-3f3960a450f3/current/log_inprogress_0
2022-07-14 05:35:35,744 [bbe56640-50c4-4219-bf4a-9972af81120e-server-thread1] INFO  server.RaftServer$Division (ServerState.java:setRaftConf(393)) - bbe56640-50c4-4219-bf4a-9972af81120e@group-3F3960A450F3: set configuration 0: [bbe56640-50c4-4219-bf4a-9972af81120e|rpc:127.0.0.1:44819|dataStream:|priority:0, 3afe85c2-914b-4505-ab37-b99a5e6b7b6c|rpc:127.0.0.1:39675|dataStream:|priority:1, 034fa580-7f06-453c-9359-8a1a406b4b97|rpc:127.0.0.1:39193|dataStream:|priority:0], old=null
2022-07-14 05:35:35,744 [bbe56640-50c4-4219-bf4a-9972af81120e-server-thread1] INFO  segmented.SegmentedRaftLogWorker (SegmentedRaftLogWorker.java:startLogSegment(425)) - bbe56640-50c4-4219-bf4a-9972af81120e@group-3F3960A450F3-SegmentedRaftLogWorker: Starting segment from index:0
2022-07-14 05:35:35,748 [bbe56640-50c4-4219-bf4a-9972af81120e@group-3F3960A450F3-SegmentedRaftLogWorker] INFO  segmented.SegmentedRaftLogWorker (SegmentedRaftLogWorker.java:execute(629)) - bbe56640-50c4-4219-bf4a-9972af81120e@group-3F3960A450F3-SegmentedRaftLogWorker: created new log segment /home/runner/work/ozone/ozone/hadoop-ozone/integration-test/target/test-dir/MiniOzoneClusterImpl-252142cc-85ec-47ec-8abc-bbf74a919ed0/datanode-1/data/ratis/3442a38a-df77-4709-88f3-3f3960a450f3/current/log_inprogress_0
2022-07-14 05:35:35,861 [bbe56640-50c4-4219-bf4a-9972af81120e@group-4BD82B653B0E-FollowerState] INFO  impl.FollowerState (FollowerState.java:run(143)) - bbe56640-50c4-4219-bf4a-9972af81120e@group-4BD82B653B0E-FollowerState: change to CANDIDATE, lastRpcElapsedTime:5095183093ns, electionTimeout:5094ms
2022-07-14 05:35:35,861 [bbe56640-50c4-4219-bf4a-9972af81120e@group-4BD82B653B0E-FollowerState] INFO  impl.RoleInfo (RoleInfo.java:shutdownFollowerState(110)) - bbe56640-50c4-4219-bf4a-9972af81120e: shutdown bbe56640-50c4-4219-bf4a-9972af81120e@group-4BD82B653B0E-FollowerState
2022-07-14 05:35:35,862 [bbe56640-50c4-4219-bf4a-9972af81120e@group-4BD82B653B0E-FollowerState] INFO  server.RaftServer$Division (RaftServerImpl.java:setRole(299)) - bbe56640-50c4-4219-bf4a-9972af81120e@group-4BD82B653B0E: changes role from  FOLLOWER to CANDIDATE at term 0 for changeToCandidate
2022-07-14 05:35:35,862 [bbe56640-50c4-4219-bf4a-9972af81120e@group-4BD82B653B0E-FollowerState] INFO  server.RaftServerConfigKeys (ConfUtils.java:logGet(46)) - raft.server.leaderelection.pre-vote = false (custom)
2022-07-14 05:35:35,862 [bbe56640-50c4-4219-bf4a-9972af81120e@group-4BD82B653B0E-FollowerState] INFO  impl.RoleInfo (RoleInfo.java:updateAndGet(139)) - bbe56640-50c4-4219-bf4a-9972af81120e: start bbe56640-50c4-4219-bf4a-9972af81120e@group-4BD82B653B0E-LeaderElection12
2022-07-14 05:35:35,872 [bbe56640-50c4-4219-bf4a-9972af81120e@group-4BD82B653B0E-LeaderElection12] INFO  impl.LeaderElection (LeaderElection.java:askForVotes(310)) - bbe56640-50c4-4219-bf4a-9972af81120e@group-4BD82B653B0E-LeaderElection12 ELECTION round 0: submit vote requests at term 1 for -1: [bbe56640-50c4-4219-bf4a-9972af81120e|rpc:127.0.0.1:44819|dataStream:|priority:0, 3afe85c2-914b-4505-ab37-b99a5e6b7b6c|rpc:127.0.0.1:39675|dataStream:|priority:0, 034fa580-7f06-453c-9359-8a1a406b4b97|rpc:127.0.0.1:39193|dataStream:|priority:1], old=null
2022-07-14 05:35:35,897 [3afe85c2-914b-4505-ab37-b99a5e6b7b6c@group-4BD82B653B0E-FollowerState] INFO  impl.FollowerState (FollowerState.java:run(143)) - 3afe85c2-914b-4505-ab37-b99a5e6b7b6c@group-4BD82B653B0E-FollowerState: change to CANDIDATE, lastRpcElapsedTime:5167766256ns, electionTimeout:5164ms
2022-07-14 05:35:35,897 [grpc-default-executor-2] INFO  server.RaftServer$Division (RaftServerImpl.java:requestVote(1152)) - 3afe85c2-914b-4505-ab37-b99a5e6b7b6c@group-4BD82B653B0E: receive requestVote(ELECTION, bbe56640-50c4-4219-bf4a-9972af81120e, group-4BD82B653B0E, 1, (t:0, i:0))
2022-07-14 05:35:35,897 [3afe85c2-914b-4505-ab37-b99a5e6b7b6c@group-4BD82B653B0E-FollowerState] INFO  impl.RoleInfo (RoleInfo.java:shutdownFollowerState(110)) - 3afe85c2-914b-4505-ab37-b99a5e6b7b6c: shutdown 3afe85c2-914b-4505-ab37-b99a5e6b7b6c@group-4BD82B653B0E-FollowerState
2022-07-14 05:35:35,898 [3afe85c2-914b-4505-ab37-b99a5e6b7b6c@group-4BD82B653B0E-FollowerState] INFO  server.RaftServer$Division (RaftServerImpl.java:setRole(299)) - 3afe85c2-914b-4505-ab37-b99a5e6b7b6c@group-4BD82B653B0E: changes role from  FOLLOWER to CANDIDATE at term 0 for changeToCandidate
2022-07-14 05:35:35,898 [3afe85c2-914b-4505-ab37-b99a5e6b7b6c@group-4BD82B653B0E-FollowerState] INFO  server.RaftServerConfigKeys (ConfUtils.java:logGet(46)) - raft.server.leaderelection.pre-vote = false (custom)
2022-07-14 05:35:35,898 [3afe85c2-914b-4505-ab37-b99a5e6b7b6c@group-4BD82B653B0E-FollowerState] INFO  impl.RoleInfo (RoleInfo.java:updateAndGet(139)) - 3afe85c2-914b-4505-ab37-b99a5e6b7b6c: start 3afe85c2-914b-4505-ab37-b99a5e6b7b6c@group-4BD82B653B0E-LeaderElection13
2022-07-14 05:35:35,899 [grpc-default-executor-2] INFO  impl.VoteContext (VoteContext.java:log(48)) - 3afe85c2-914b-4505-ab37-b99a5e6b7b6c@group-4BD82B653B0E-CANDIDATE: accept ELECTION from bbe56640-50c4-4219-bf4a-9972af81120e: our priority 0 <= candidate's priority 0
2022-07-14 05:35:35,899 [grpc-default-executor-2] INFO  server.RaftServer$Division (RaftServerImpl.java:setRole(299)) - 3afe85c2-914b-4505-ab37-b99a5e6b7b6c@group-4BD82B653B0E: changes role from CANDIDATE to FOLLOWER at term 1 for candidate:bbe56640-50c4-4219-bf4a-9972af81120e
2022-07-14 05:35:35,899 [grpc-default-executor-2] INFO  impl.RoleInfo (RoleInfo.java:shutdownLeaderElection(130)) - 3afe85c2-914b-4505-ab37-b99a5e6b7b6c: shutdown 3afe85c2-914b-4505-ab37-b99a5e6b7b6c@group-4BD82B653B0E-LeaderElection13
2022-07-14 05:35:35,899 [grpc-default-executor-2] INFO  impl.RoleInfo (RoleInfo.java:updateAndGet(139)) - 3afe85c2-914b-4505-ab37-b99a5e6b7b6c: start 3afe85c2-914b-4505-ab37-b99a5e6b7b6c@group-4BD82B653B0E-FollowerState
2022-07-14 05:35:35,900 [3afe85c2-914b-4505-ab37-b99a5e6b7b6c@group-4BD82B653B0E-LeaderElection13] INFO  impl.LeaderElection (LeaderElection.java:run(231)) - 3afe85c2-914b-4505-ab37-b99a5e6b7b6c@group-4BD82B653B0E-LeaderElection13: skip running since this is already CLOSING
2022-07-14 05:35:35,904 [grpc-default-executor-3] INFO  server.RaftServer$Division (RaftServerImpl.java:requestVote(1152)) - 034fa580-7f06-453c-9359-8a1a406b4b97@group-4BD82B653B0E: receive requestVote(ELECTION, bbe56640-50c4-4219-bf4a-9972af81120e, group-4BD82B653B0E, 1, (t:0, i:0))
2022-07-14 05:35:35,904 [grpc-default-executor-3] INFO  impl.VoteContext (VoteContext.java:log(48)) - 034fa580-7f06-453c-9359-8a1a406b4b97@group-4BD82B653B0E-FOLLOWER: reject ELECTION from bbe56640-50c4-4219-bf4a-9972af81120e: our priority 1 > candidate's priority 0
2022-07-14 05:35:35,904 [grpc-default-executor-3] INFO  server.RaftServer$Division (RaftServerImpl.java:setRole(299)) - 034fa580-7f06-453c-9359-8a1a406b4b97@group-4BD82B653B0E: changes role from  FOLLOWER to FOLLOWER at term 1 for candidate:bbe56640-50c4-4219-bf4a-9972af81120e
2022-07-14 05:35:35,904 [grpc-default-executor-3] INFO  impl.RoleInfo (RoleInfo.java:shutdownFollowerState(110)) - 034fa580-7f06-453c-9359-8a1a406b4b97: shutdown 034fa580-7f06-453c-9359-8a1a406b4b97@group-4BD82B653B0E-FollowerState
2022-07-14 05:35:35,905 [grpc-default-executor-3] INFO  impl.RoleInfo (RoleInfo.java:updateAndGet(139)) - 034fa580-7f06-453c-9359-8a1a406b4b97: start 034fa580-7f06-453c-9359-8a1a406b4b97@group-4BD82B653B0E-FollowerState
2022-07-14 05:35:35,905 [034fa580-7f06-453c-9359-8a1a406b4b97@group-4BD82B653B0E-FollowerState] INFO  impl.FollowerState (FollowerState.java:run(152)) - 034fa580-7f06-453c-9359-8a1a406b4b97@group-4BD82B653B0E-FollowerState was interrupted
2022-07-14 05:35:35,910 [grpc-default-executor-3] INFO  server.RaftServer$Division (RaftServerImpl.java:requestVote(1184)) - 034fa580-7f06-453c-9359-8a1a406b4b97@group-4BD82B653B0E replies to ELECTION vote request: bbe56640-50c4-4219-bf4a-9972af81120e<-034fa580-7f06-453c-9359-8a1a406b4b97#0:FAIL-t1. Peer's state: 034fa580-7f06-453c-9359-8a1a406b4b97@group-4BD82B653B0E:t1, leader=null, voted=null, raftlog=034fa580-7f06-453c-9359-8a1a406b4b97@group-4BD82B653B0E-SegmentedRaftLog:OPENED:c-1, conf=-1: [bbe56640-50c4-4219-bf4a-9972af81120e|rpc:127.0.0.1:44819|dataStream:|priority:0, 3afe85c2-914b-4505-ab37-b99a5e6b7b6c|rpc:127.0.0.1:39675|dataStream:|priority:0, 034fa580-7f06-453c-9359-8a1a406b4b97|rpc:127.0.0.1:39193|dataStream:|priority:1], old=null
2022-07-14 05:35:35,912 [grpc-default-executor-2] INFO  server.RaftServer$Division (RaftServerImpl.java:requestVote(1184)) - 3afe85c2-914b-4505-ab37-b99a5e6b7b6c@group-4BD82B653B0E replies to ELECTION vote request: bbe56640-50c4-4219-bf4a-9972af81120e<-3afe85c2-914b-4505-ab37-b99a5e6b7b6c#0:OK-t1. Peer's state: 3afe85c2-914b-4505-ab37-b99a5e6b7b6c@group-4BD82B653B0E:t1, leader=null, voted=bbe56640-50c4-4219-bf4a-9972af81120e, raftlog=3afe85c2-914b-4505-ab37-b99a5e6b7b6c@group-4BD82B653B0E-SegmentedRaftLog:OPENED:c-1, conf=-1: [bbe56640-50c4-4219-bf4a-9972af81120e|rpc:127.0.0.1:44819|priority:0, 3afe85c2-914b-4505-ab37-b99a5e6b7b6c|rpc:127.0.0.1:39675|priority:0, 034fa580-7f06-453c-9359-8a1a406b4b97|rpc:127.0.0.1:39193|priority:1], old=null
2022-07-14 05:35:35,913 [bbe56640-50c4-4219-bf4a-9972af81120e@group-4BD82B653B0E-LeaderElection12] INFO  impl.LeaderElection (LeaderElection.java:logAndReturn(90)) - bbe56640-50c4-4219-bf4a-9972af81120e@group-4BD82B653B0E-LeaderElection12: ELECTION REJECTED received 1 response(s) and 0 exception(s):
2022-07-14 05:35:35,913 [bbe56640-50c4-4219-bf4a-9972af81120e@group-4BD82B653B0E-LeaderElection12] INFO  impl.LeaderElection (LeaderElection.java:logAndReturn(94)) -   Response 0: bbe56640-50c4-4219-bf4a-9972af81120e<-034fa580-7f06-453c-9359-8a1a406b4b97#0:FAIL-t1
2022-07-14 05:35:35,916 [bbe56640-50c4-4219-bf4a-9972af81120e@group-4BD82B653B0E-LeaderElection12] INFO  impl.LeaderElection (LeaderElection.java:askForVotes(312)) - bbe56640-50c4-4219-bf4a-9972af81120e@group-4BD82B653B0E-LeaderElection12 ELECTION round 0: result REJECTED
2022-07-14 05:35:35,917 [bbe56640-50c4-4219-bf4a-9972af81120e@group-4BD82B653B0E-LeaderElection12] INFO  server.RaftServer$Division (RaftServerImpl.java:setRole(299)) - bbe56640-50c4-4219-bf4a-9972af81120e@group-4BD82B653B0E: changes role from CANDIDATE to FOLLOWER at term 1 for REJECTED
2022-07-14 05:35:35,917 [bbe56640-50c4-4219-bf4a-9972af81120e@group-4BD82B653B0E-LeaderElection12] INFO  impl.RoleInfo (RoleInfo.java:shutdownLeaderElection(130)) - bbe56640-50c4-4219-bf4a-9972af81120e: shutdown bbe56640-50c4-4219-bf4a-9972af81120e@group-4BD82B653B0E-LeaderElection12
2022-07-14 05:35:35,917 [bbe56640-50c4-4219-bf4a-9972af81120e@group-4BD82B653B0E-LeaderElection12] INFO  impl.RoleInfo (RoleInfo.java:updateAndGet(139)) - bbe56640-50c4-4219-bf4a-9972af81120e: start bbe56640-50c4-4219-bf4a-9972af81120e@group-4BD82B653B0E-FollowerState
2022-07-14 05:35:35,978 [bbe56640-50c4-4219-bf4a-9972af81120e@group-CD5C55497DC5-FollowerState] INFO  impl.FollowerState (FollowerState.java:run(143)) - bbe56640-50c4-4219-bf4a-9972af81120e@group-CD5C55497DC5-FollowerState: change to CANDIDATE, lastRpcElapsedTime:5144218971ns, electionTimeout:5138ms
2022-07-14 05:35:35,978 [bbe56640-50c4-4219-bf4a-9972af81120e@group-CD5C55497DC5-FollowerState] INFO  impl.RoleInfo (RoleInfo.java:shutdownFollowerState(110)) - bbe56640-50c4-4219-bf4a-9972af81120e: shutdown bbe56640-50c4-4219-bf4a-9972af81120e@group-CD5C55497DC5-FollowerState
2022-07-14 05:35:35,978 [bbe56640-50c4-4219-bf4a-9972af81120e@group-CD5C55497DC5-FollowerState] INFO  server.RaftServer$Division (RaftServerImpl.java:setRole(299)) - bbe56640-50c4-4219-bf4a-9972af81120e@group-CD5C55497DC5: changes role from  FOLLOWER to CANDIDATE at term 0 for changeToCandidate
2022-07-14 05:35:35,979 [bbe56640-50c4-4219-bf4a-9972af81120e@group-CD5C55497DC5-FollowerState] INFO  server.RaftServerConfigKeys (ConfUtils.java:logGet(46)) - raft.server.leaderelection.pre-vote = false (custom)
2022-07-14 05:35:35,979 [bbe56640-50c4-4219-bf4a-9972af81120e@group-CD5C55497DC5-FollowerState] INFO  impl.RoleInfo (RoleInfo.java:updateAndGet(139)) - bbe56640-50c4-4219-bf4a-9972af81120e: start bbe56640-50c4-4219-bf4a-9972af81120e@group-CD5C55497DC5-LeaderElection14
2022-07-14 05:35:35,983 [bbe56640-50c4-4219-bf4a-9972af81120e@group-CD5C55497DC5-LeaderElection14] INFO  impl.LeaderElection (LeaderElection.java:askForVotes(310)) - bbe56640-50c4-4219-bf4a-9972af81120e@group-CD5C55497DC5-LeaderElection14 ELECTION round 0: submit vote requests at term 1 for -1: [bbe56640-50c4-4219-bf4a-9972af81120e|rpc:127.0.0.1:44819|priority:1], old=null
2022-07-14 05:35:35,983 [bbe56640-50c4-4219-bf4a-9972af81120e@group-CD5C55497DC5-LeaderElection14] INFO  impl.LeaderElection (LeaderElection.java:askForVotes(312)) - bbe56640-50c4-4219-bf4a-9972af81120e@group-CD5C55497DC5-LeaderElection14 ELECTION round 0: result PASSED (term=1)
2022-07-14 05:35:35,983 [bbe56640-50c4-4219-bf4a-9972af81120e@group-CD5C55497DC5-LeaderElection14] INFO  impl.RoleInfo (RoleInfo.java:shutdownLeaderElection(130)) - bbe56640-50c4-4219-bf4a-9972af81120e: shutdown bbe56640-50c4-4219-bf4a-9972af81120e@group-CD5C55497DC5-LeaderElection14
2022-07-14 05:35:35,983 [bbe56640-50c4-4219-bf4a-9972af81120e@group-CD5C55497DC5-LeaderElection14] INFO  server.RaftServer$Division (RaftServerImpl.java:setRole(299)) - bbe56640-50c4-4219-bf4a-9972af81120e@group-CD5C55497DC5: changes role from CANDIDATE to LEADER at term 1 for changeToLeader
2022-07-14 05:35:35,983 [bbe56640-50c4-4219-bf4a-9972af81120e@group-CD5C55497DC5-LeaderElection14] INFO  ratis.XceiverServerRatis (XceiverServerRatis.java:handleLeaderChangedNotification(863)) - Leader change notification received for group: group-CD5C55497DC5 with new leaderId: bbe56640-50c4-4219-bf4a-9972af81120e
2022-07-14 05:35:35,983 [bbe56640-50c4-4219-bf4a-9972af81120e@group-CD5C55497DC5-LeaderElection14] INFO  server.RaftServer$Division (ServerState.java:setLeader(287)) - bbe56640-50c4-4219-bf4a-9972af81120e@group-CD5C55497DC5: change Leader from null to bbe56640-50c4-4219-bf4a-9972af81120e at term 1 for becomeLeader, leader elected after 5165ms
2022-07-14 05:35:35,983 [bbe56640-50c4-4219-bf4a-9972af81120e@group-CD5C55497DC5-LeaderElection14] INFO  server.RaftServerConfigKeys (ConfUtils.java:logGet(46)) - raft.server.staging.catchup.gap = 1000 (default)
2022-07-14 05:35:35,984 [bbe56640-50c4-4219-bf4a-9972af81120e@group-CD5C55497DC5-LeaderElection14] INFO  server.RaftServerConfigKeys (ConfUtils.java:logGet(46)) - raft.server.write.element-limit = 1024 (custom)
2022-07-14 05:35:35,984 [bbe56640-50c4-4219-bf4a-9972af81120e@group-CD5C55497DC5-LeaderElection14] INFO  server.RaftServerConfigKeys (ConfUtils.java:logGet(46)) - raft.server.write.byte-limit = 1024 M (=1073741824) (custom)
2022-07-14 05:35:35,984 [bbe56640-50c4-4219-bf4a-9972af81120e@group-CD5C55497DC5-LeaderElection14] INFO  server.RaftServerConfigKeys (ConfUtils.java:logGet(46)) - raft.server.watch.timeout = 180s (custom)
2022-07-14 05:35:35,984 [bbe56640-50c4-4219-bf4a-9972af81120e@group-CD5C55497DC5-LeaderElection14] INFO  server.RaftServerConfigKeys (ConfUtils.java:logGet(46)) - raft.server.watch.timeout.denomination = 1s (default)
2022-07-14 05:35:35,984 [bbe56640-50c4-4219-bf4a-9972af81120e@group-CD5C55497DC5-LeaderElection14] INFO  server.RaftServerConfigKeys (ConfUtils.java:logGet(46)) - raft.server.watch.element-limit = 65536 (default)
2022-07-14 05:35:35,985 [bbe56640-50c4-4219-bf4a-9972af81120e@group-CD5C55497DC5-LeaderElection14] INFO  server.RaftServerConfigKeys (ConfUtils.java:logGet(46)) - raft.server.write.element-limit = 1024 (custom)
2022-07-14 05:35:35,985 [bbe56640-50c4-4219-bf4a-9972af81120e@group-CD5C55497DC5-LeaderElection14] INFO  server.RaftServerConfigKeys (ConfUtils.java:logGet(46)) - raft.server.write.follower.gap.ratio.max = -1.0 (default)
2022-07-14 05:35:35,986 [EventQueue-OpenPipelineForHealthyPipelineSafeModeRule] INFO  safemode.SCMSafeModeManager (HealthyPipelineSafeModeRule.java:process(137)) - SCM in safe mode. Healthy pipelines reported count is 1, required healthy pipeline reported count is 1
2022-07-14 05:35:35,986 [bbe56640-50c4-4219-bf4a-9972af81120e@group-CD5C55497DC5-LeaderElection14] INFO  impl.RoleInfo (RoleInfo.java:updateAndGet(139)) - bbe56640-50c4-4219-bf4a-9972af81120e: start bbe56640-50c4-4219-bf4a-9972af81120e@group-CD5C55497DC5-LeaderStateImpl
2022-07-14 05:35:35,987 [bbe56640-50c4-4219-bf4a-9972af81120e@group-CD5C55497DC5-LeaderElection14] INFO  segmented.SegmentedRaftLogWorker (SegmentedRaftLogWorker.java:startLogSegment(425)) - bbe56640-50c4-4219-bf4a-9972af81120e@group-CD5C55497DC5-SegmentedRaftLogWorker: Starting segment from index:0
2022-07-14 05:35:35,986 [EventQueue-OpenPipelineForHealthyPipelineSafeModeRule] INFO  safemode.SCMSafeModeManager (SCMSafeModeManager.java:validateSafeModeExitRules(204)) - HealthyPipelineSafeModeRule rule is successfully validated
2022-07-14 05:35:35,989 [EventQueue-OpenPipelineForHealthyPipelineSafeModeRule] INFO  safemode.SCMSafeModeManager (SCMSafeModeManager.java:validateSafeModeExitRules(219)) - ScmSafeModeManager, all rules are successfully validated
2022-07-14 05:35:35,989 [EventQueue-OpenPipelineForHealthyPipelineSafeModeRule] INFO  safemode.SCMSafeModeManager (SCMSafeModeManager.java:exitSafeMode(248)) - SCM exiting safe mode.
2022-07-14 05:35:35,988 [EventQueue-OpenPipelineForHealthyPipelineSafeModeRule] INFO  safemode.SCMSafeModeManager (HealthyPipelineSafeModeRule.java:process(137)) - SCM in safe mode. Healthy pipelines reported count is 1, required healthy pipeline reported count is 1
2022-07-14 05:35:35,989 [EventQueue-OpenPipelineForHealthyPipelineSafeModeRule] INFO  safemode.SCMSafeModeManager (SCMSafeModeManager.java:validateSafeModeExitRules(204)) - HealthyPipelineSafeModeRule rule is successfully validated
2022-07-14 05:35:35,989 [EventQueue-OpenPipelineForHealthyPipelineSafeModeRule] INFO  safemode.SCMSafeModeManager (SCMSafeModeManager.java:validateSafeModeExitRules(219)) - ScmSafeModeManager, all rules are successfully validated
2022-07-14 05:35:35,989 [EventQueue-OpenPipelineForHealthyPipelineSafeModeRule] WARN  events.EventQueue (EventQueue.java:fireEvent(216)) - No event handler registered for event TypedEvent{payloadType=SafeModeStatus, name='Safe mode status'}
2022-07-14 05:35:35,989 [EventQueue-OpenPipelineForHealthyPipelineSafeModeRule] INFO  safemode.SCMSafeModeManager (SCMSafeModeManager.java:exitSafeMode(248)) - SCM exiting safe mode.
2022-07-14 05:35:35,991 [EventQueue-OpenPipelineForHealthyPipelineSafeModeRule] WARN  events.EventQueue (EventQueue.java:fireEvent(216)) - No event handler registered for event TypedEvent{payloadType=SafeModeStatus, name='Safe mode status'}
2022-07-14 05:35:35,991 [EventQueue-OpenPipelineForHealthyPipelineSafeModeRule] INFO  ha.SCMContext (SCMContext.java:updateSafeModeStatus(228)) - Update SafeModeStatus from SafeModeStatus{safeModeStatus=true, preCheckPassed=true} to SafeModeStatus{safeModeStatus=false, preCheckPassed=true}.
2022-07-14 05:35:35,991 [bbe56640-50c4-4219-bf4a-9972af81120e@group-CD5C55497DC5-SegmentedRaftLogWorker] INFO  segmented.SegmentedRaftLogWorker (SegmentedRaftLogWorker.java:execute(629)) - bbe56640-50c4-4219-bf4a-9972af81120e@group-CD5C55497DC5-SegmentedRaftLogWorker: created new log segment /home/runner/work/ozone/ozone/hadoop-ozone/integration-test/target/test-dir/MiniOzoneClusterImpl-252142cc-85ec-47ec-8abc-bbf74a919ed0/datanode-1/data/ratis/cb5ca9a4-b4c9-4884-9888-cd5c55497dc5/current/log_inprogress_0
2022-07-14 05:35:35,991 [bbe56640-50c4-4219-bf4a-9972af81120e@group-CD5C55497DC5-LeaderElection14] INFO  server.RaftServer$Division (ServerState.java:setRaftConf(393)) - bbe56640-50c4-4219-bf4a-9972af81120e@group-CD5C55497DC5: set configuration 0: [bbe56640-50c4-4219-bf4a-9972af81120e|rpc:127.0.0.1:44819|dataStream:|priority:1], old=null
2022-07-14 05:35:35,989 [EventQueue-OpenPipelineForHealthyPipelineSafeModeRule] INFO  ha.SCMContext (SCMContext.java:updateSafeModeStatus(228)) - Update SafeModeStatus from SafeModeStatus{safeModeStatus=true, preCheckPassed=true} to SafeModeStatus{safeModeStatus=false, preCheckPassed=true}.
2022-07-14 05:35:36,182 [Listener at 127.0.0.1/36625] INFO  ozone.MiniOzoneClusterImpl (MiniOzoneClusterImpl.java:lambda$waitForClusterToBeReady$0(216)) - Nodes are ready. Got 3 of 3 DN Heartbeats.
2022-07-14 05:35:36,182 [Listener at 127.0.0.1/36625] INFO  ozone.MiniOzoneClusterImpl (MiniOzoneClusterImpl.java:lambda$waitForClusterToBeReady$0(219)) - Cluster exits safe mode
2022-07-14 05:35:36,182 [Listener at 127.0.0.1/36625] INFO  ozone.MiniOzoneClusterImpl (MiniOzoneClusterImpl.java:lambda$waitForClusterToBeReady$0(221)) - SCM became leader
2022-07-14 05:35:36,360 [034fa580-7f06-453c-9359-8a1a406b4b97@group-FD3248EF1A8C-FollowerState] INFO  impl.FollowerState (FollowerState.java:run(143)) - 034fa580-7f06-453c-9359-8a1a406b4b97@group-FD3248EF1A8C-FollowerState: change to CANDIDATE, lastRpcElapsedTime:5153956605ns, electionTimeout:5146ms
2022-07-14 05:35:36,360 [034fa580-7f06-453c-9359-8a1a406b4b97@group-FD3248EF1A8C-FollowerState] INFO  impl.RoleInfo (RoleInfo.java:shutdownFollowerState(110)) - 034fa580-7f06-453c-9359-8a1a406b4b97: shutdown 034fa580-7f06-453c-9359-8a1a406b4b97@group-FD3248EF1A8C-FollowerState
2022-07-14 05:35:36,360 [034fa580-7f06-453c-9359-8a1a406b4b97@group-FD3248EF1A8C-FollowerState] INFO  server.RaftServer$Division (RaftServerImpl.java:setRole(299)) - 034fa580-7f06-453c-9359-8a1a406b4b97@group-FD3248EF1A8C: changes role from  FOLLOWER to CANDIDATE at term 0 for changeToCandidate
2022-07-14 05:35:36,360 [034fa580-7f06-453c-9359-8a1a406b4b97@group-FD3248EF1A8C-FollowerState] INFO  server.RaftServerConfigKeys (ConfUtils.java:logGet(46)) - raft.server.leaderelection.pre-vote = false (custom)
2022-07-14 05:35:36,360 [034fa580-7f06-453c-9359-8a1a406b4b97@group-FD3248EF1A8C-FollowerState] INFO  impl.RoleInfo (RoleInfo.java:updateAndGet(139)) - 034fa580-7f06-453c-9359-8a1a406b4b97: start 034fa580-7f06-453c-9359-8a1a406b4b97@group-FD3248EF1A8C-LeaderElection15
2022-07-14 05:35:36,371 [034fa580-7f06-453c-9359-8a1a406b4b97@group-FD3248EF1A8C-LeaderElection15] INFO  impl.LeaderElection (LeaderElection.java:askForVotes(310)) - 034fa580-7f06-453c-9359-8a1a406b4b97@group-FD3248EF1A8C-LeaderElection15 ELECTION round 0: submit vote requests at term 1 for -1: [034fa580-7f06-453c-9359-8a1a406b4b97|rpc:127.0.0.1:39193|priority:1], old=null
2022-07-14 05:35:36,371 [034fa580-7f06-453c-9359-8a1a406b4b97@group-FD3248EF1A8C-LeaderElection15] INFO  impl.LeaderElection (LeaderElection.java:askForVotes(312)) - 034fa580-7f06-453c-9359-8a1a406b4b97@group-FD3248EF1A8C-LeaderElection15 ELECTION round 0: result PASSED (term=1)
2022-07-14 05:35:36,371 [034fa580-7f06-453c-9359-8a1a406b4b97@group-FD3248EF1A8C-LeaderElection15] INFO  impl.RoleInfo (RoleInfo.java:shutdownLeaderElection(130)) - 034fa580-7f06-453c-9359-8a1a406b4b97: shutdown 034fa580-7f06-453c-9359-8a1a406b4b97@group-FD3248EF1A8C-LeaderElection15
2022-07-14 05:35:36,372 [034fa580-7f06-453c-9359-8a1a406b4b97@group-FD3248EF1A8C-LeaderElection15] INFO  server.RaftServer$Division (RaftServerImpl.java:setRole(299)) - 034fa580-7f06-453c-9359-8a1a406b4b97@group-FD3248EF1A8C: changes role from CANDIDATE to LEADER at term 1 for changeToLeader
2022-07-14 05:35:36,372 [034fa580-7f06-453c-9359-8a1a406b4b97@group-FD3248EF1A8C-LeaderElection15] INFO  ratis.XceiverServerRatis (XceiverServerRatis.java:handleLeaderChangedNotification(863)) - Leader change notification received for group: group-FD3248EF1A8C with new leaderId: 034fa580-7f06-453c-9359-8a1a406b4b97
2022-07-14 05:35:36,372 [034fa580-7f06-453c-9359-8a1a406b4b97@group-FD3248EF1A8C-LeaderElection15] INFO  server.RaftServer$Division (ServerState.java:setLeader(287)) - 034fa580-7f06-453c-9359-8a1a406b4b97@group-FD3248EF1A8C: change Leader from null to 034fa580-7f06-453c-9359-8a1a406b4b97 at term 1 for becomeLeader, leader elected after 5181ms
2022-07-14 05:35:36,372 [034fa580-7f06-453c-9359-8a1a406b4b97@group-FD3248EF1A8C-LeaderElection15] INFO  server.RaftServerConfigKeys (ConfUtils.java:logGet(46)) - raft.server.staging.catchup.gap = 1000 (default)
2022-07-14 05:35:36,372 [034fa580-7f06-453c-9359-8a1a406b4b97@group-FD3248EF1A8C-LeaderElection15] INFO  server.RaftServerConfigKeys (ConfUtils.java:logGet(46)) - raft.server.write.element-limit = 1024 (custom)
2022-07-14 05:35:36,372 [034fa580-7f06-453c-9359-8a1a406b4b97@group-FD3248EF1A8C-LeaderElection15] INFO  server.RaftServerConfigKeys (ConfUtils.java:logGet(46)) - raft.server.write.byte-limit = 1024 M (=1073741824) (custom)
2022-07-14 05:35:36,373 [034fa580-7f06-453c-9359-8a1a406b4b97@group-FD3248EF1A8C-LeaderElection15] INFO  server.RaftServerConfigKeys (ConfUtils.java:logGet(46)) - raft.server.watch.timeout = 180s (custom)
2022-07-14 05:35:36,373 [034fa580-7f06-453c-9359-8a1a406b4b97@group-FD3248EF1A8C-LeaderElection15] INFO  server.RaftServerConfigKeys (ConfUtils.java:logGet(46)) - raft.server.watch.timeout.denomination = 1s (default)
2022-07-14 05:35:36,373 [034fa580-7f06-453c-9359-8a1a406b4b97@group-FD3248EF1A8C-LeaderElection15] INFO  server.RaftServerConfigKeys (ConfUtils.java:logGet(46)) - raft.server.watch.element-limit = 65536 (default)
2022-07-14 05:35:36,373 [034fa580-7f06-453c-9359-8a1a406b4b97@group-FD3248EF1A8C-LeaderElection15] INFO  server.RaftServerConfigKeys (ConfUtils.java:logGet(46)) - raft.server.write.element-limit = 1024 (custom)
2022-07-14 05:35:36,373 [034fa580-7f06-453c-9359-8a1a406b4b97@group-FD3248EF1A8C-LeaderElection15] INFO  server.RaftServerConfigKeys (ConfUtils.java:logGet(46)) - raft.server.write.follower.gap.ratio.max = -1.0 (default)
2022-07-14 05:35:36,373 [034fa580-7f06-453c-9359-8a1a406b4b97@group-FD3248EF1A8C-LeaderElection15] INFO  impl.RoleInfo (RoleInfo.java:updateAndGet(139)) - 034fa580-7f06-453c-9359-8a1a406b4b97: start 034fa580-7f06-453c-9359-8a1a406b4b97@group-FD3248EF1A8C-LeaderStateImpl
2022-07-14 05:35:36,374 [034fa580-7f06-453c-9359-8a1a406b4b97@group-FD3248EF1A8C-LeaderElection15] INFO  segmented.SegmentedRaftLogWorker (SegmentedRaftLogWorker.java:startLogSegment(425)) - 034fa580-7f06-453c-9359-8a1a406b4b97@group-FD3248EF1A8C-SegmentedRaftLogWorker: Starting segment from index:0
2022-07-14 05:35:36,380 [034fa580-7f06-453c-9359-8a1a406b4b97@group-FD3248EF1A8C-SegmentedRaftLogWorker] INFO  segmented.SegmentedRaftLogWorker (SegmentedRaftLogWorker.java:execute(629)) - 034fa580-7f06-453c-9359-8a1a406b4b97@group-FD3248EF1A8C-SegmentedRaftLogWorker: created new log segment /home/runner/work/ozone/ozone/hadoop-ozone/integration-test/target/test-dir/MiniOzoneClusterImpl-252142cc-85ec-47ec-8abc-bbf74a919ed0/datanode-2/data/ratis/24c7cdfe-8124-4b26-bfd1-fd3248ef1a8c/current/log_inprogress_0
2022-07-14 05:35:36,386 [034fa580-7f06-453c-9359-8a1a406b4b97@group-FD3248EF1A8C-LeaderElection15] INFO  server.RaftServer$Division (ServerState.java:setRaftConf(393)) - 034fa580-7f06-453c-9359-8a1a406b4b97@group-FD3248EF1A8C: set configuration 0: [034fa580-7f06-453c-9359-8a1a406b4b97|rpc:127.0.0.1:39193|dataStream:|priority:1], old=null
2022-07-14 05:35:36,758 [IPC Server handler 0 on default port 45893] INFO  ha.SCMNodeInfo (SCMNodeInfo.java:getPort(197)) - ConfigKey ozone.scm.client.address is deprecated, For configuring different ports for each SCM use PortConfigKey ozone.scm.client.port appended with serviceId and nodeId
2022-07-14 05:35:36,758 [IPC Server handler 0 on default port 45893] INFO  ha.SCMNodeInfo (SCMNodeInfo.java:getPort(197)) - ConfigKey ozone.scm.block.client.address is deprecated, For configuring different ports for each SCM use PortConfigKey ozone.scm.block.client.port appended with serviceId and nodeId
2022-07-14 05:35:36,758 [IPC Server handler 0 on default port 45893] INFO  ha.SCMNodeInfo (SCMNodeInfo.java:getPort(197)) - ConfigKey ozone.scm.datanode.address is deprecated, For configuring different ports for each SCM use PortConfigKey ozone.scm.datanode.port appended with serviceId and nodeId
2022-07-14 05:35:36,758 [IPC Server handler 0 on default port 45893] INFO  ha.SCMNodeInfo (SCMNodeInfo.java:getPort(197)) - ConfigKey ozone.scm.client.address is deprecated, For configuring different ports for each SCM use PortConfigKey ozone.scm.client.port appended with serviceId and nodeId
2022-07-14 05:35:36,758 [IPC Server handler 0 on default port 45893] INFO  ha.SCMNodeInfo (SCMNodeInfo.java:getPort(197)) - ConfigKey ozone.scm.block.client.address is deprecated, For configuring different ports for each SCM use PortConfigKey ozone.scm.block.client.port appended with serviceId and nodeId
2022-07-14 05:35:36,758 [IPC Server handler 0 on default port 45893] INFO  ha.SCMNodeInfo (SCMNodeInfo.java:getPort(197)) - ConfigKey ozone.scm.datanode.address is deprecated, For configuring different ports for each SCM use PortConfigKey ozone.scm.datanode.port appended with serviceId and nodeId
2022-07-14 05:35:36,758 [IPC Server handler 0 on default port 45893] INFO  ha.SCMNodeInfo (SCMNodeInfo.java:getPort(197)) - ConfigKey ozone.scm.client.address is deprecated, For configuring different ports for each SCM use PortConfigKey ozone.scm.client.port appended with serviceId and nodeId
2022-07-14 05:35:36,758 [IPC Server handler 0 on default port 45893] INFO  ha.SCMNodeInfo (SCMNodeInfo.java:getPort(197)) - ConfigKey ozone.scm.block.client.address is deprecated, For configuring different ports for each SCM use PortConfigKey ozone.scm.block.client.port appended with serviceId and nodeId
2022-07-14 05:35:36,759 [IPC Server handler 0 on default port 45893] INFO  ha.SCMNodeInfo (SCMNodeInfo.java:getPort(197)) - ConfigKey ozone.scm.datanode.address is deprecated, For configuring different ports for each SCM use PortConfigKey ozone.scm.datanode.port appended with serviceId and nodeId
2022-07-14 05:35:36,777 [Listener at 127.0.0.1/36625] INFO  rpc.RpcClient (RpcClient.java:createVolume(467)) - Creating Volume: 2881433f-65f8-498e-804c-a7b8ed3ff5bc, with runner as owner and space quota set to -1 bytes, counts quota set to -1
2022-07-14 05:35:36,831 [OM StateMachine ApplyTransaction Thread - 0] INFO  volume.OMVolumeCreateRequest (OMVolumeCreateRequest.java:validateAndUpdateCache(195)) - created volume:2881433f-65f8-498e-804c-a7b8ed3ff5bc for user:runner
2022-07-14 05:35:36,842 [OM StateMachine ApplyTransaction Thread - 0] INFO  volume.OMVolumeCreateRequest (OMVolumeCreateRequest.java:validateAndUpdateCache(195)) - created volume:2881433f-65f8-498e-804c-a7b8ed3ff5bc for user:runner
2022-07-14 05:35:36,853 [OM StateMachine ApplyTransaction Thread - 0] INFO  volume.OMVolumeCreateRequest (OMVolumeCreateRequest.java:validateAndUpdateCache(195)) - created volume:2881433f-65f8-498e-804c-a7b8ed3ff5bc for user:runner
2022-07-14 05:35:36,870 [Listener at 127.0.0.1/36625] INFO  rpc.RpcClient (RpcClient.java:createBucket(670)) - Creating Bucket: 2881433f-65f8-498e-804c-a7b8ed3ff5bc/b994a54a-08d7-4f13-9ef1-c44ab7dc16f0, with server-side default bucket layout, runner as owner, Versioning false, Storage Type set to DISK and Encryption set to false 
2022-07-14 05:35:36,902 [OM StateMachine ApplyTransaction Thread - 0] INFO  bucket.OMBucketCreateRequest (OMBucketCreateRequest.java:validateAndUpdateCache(260)) - created bucket: b994a54a-08d7-4f13-9ef1-c44ab7dc16f0 of layout LEGACY in volume: 2881433f-65f8-498e-804c-a7b8ed3ff5bc
2022-07-14 05:35:36,903 [Listener at 127.0.0.1/36625] INFO  ozone.MiniOzoneHAClusterImpl (MiniOzoneHAClusterImpl.java:stop(312)) - Stopping the OzoneManager omNode-3
2022-07-14 05:35:36,904 [Listener at 127.0.0.1/36625] INFO  om.OzoneManager (OzoneManager.java:stop(2022)) - omNode-3[localhost:36625]: Stopping Ozone Manager
2022-07-14 05:35:36,904 [Listener at 127.0.0.1/36625] INFO  ipc.Server (Server.java:stop(3414)) - Stopping server on 36625
2022-07-14 05:35:36,902 [OM StateMachine ApplyTransaction Thread - 0] INFO  bucket.OMBucketCreateRequest (OMBucketCreateRequest.java:validateAndUpdateCache(260)) - created bucket: b994a54a-08d7-4f13-9ef1-c44ab7dc16f0 of layout LEGACY in volume: 2881433f-65f8-498e-804c-a7b8ed3ff5bc
2022-07-14 05:35:36,903 [OM StateMachine ApplyTransaction Thread - 0] INFO  bucket.OMBucketCreateRequest (OMBucketCreateRequest.java:validateAndUpdateCache(260)) - created bucket: b994a54a-08d7-4f13-9ef1-c44ab7dc16f0 of layout LEGACY in volume: 2881433f-65f8-498e-804c-a7b8ed3ff5bc
2022-07-14 05:35:36,912 [IPC Server Responder] INFO  ipc.Server (Server.java:run(1512)) - Stopping IPC Server Responder
2022-07-14 05:35:36,913 [Listener at 127.0.0.1/36625] INFO  server.RaftServer (RaftServerProxy.java:lambda$close$7(398)) - omNode-3: close
2022-07-14 05:35:36,913 [Listener at 127.0.0.1/36625] INFO  server.RaftServer$Division (RaftServerImpl.java:lambda$close$4(434)) - omNode-3@group-6C22E66A003A: shutdown
2022-07-14 05:35:36,913 [Listener at 127.0.0.1/36625] INFO  util.JmxRegister (JmxRegister.java:unregister(73)) - Successfully un-registered JMX Bean with object name Ratis:service=RaftServer,group=group-6C22E66A003A,id=omNode-3
2022-07-14 05:35:36,913 [Listener at 127.0.0.1/36625] INFO  impl.RoleInfo (RoleInfo.java:shutdownFollowerState(110)) - omNode-3: shutdown omNode-3@group-6C22E66A003A-FollowerState
2022-07-14 05:35:36,913 [IPC Server listener on 36625] INFO  ipc.Server (Server.java:run(1376)) - Stopping IPC Server listener on 36625
2022-07-14 05:35:36,913 [omNode-3@group-6C22E66A003A-FollowerState] INFO  impl.FollowerState (FollowerState.java:run(152)) - omNode-3@group-6C22E66A003A-FollowerState was interrupted
2022-07-14 05:35:36,913 [omNode-3@group-6C22E66A003A-StateMachineUpdater] INFO  ratis.OzoneManagerStateMachine (OzoneManagerStateMachine.java:takeSnapshot(441)) - Current Snapshot Index (t:5, i:5)
2022-07-14 05:35:36,914 [omNode-3@group-6C22E66A003A-StateMachineUpdater] INFO  impl.StateMachineUpdater (StateMachineUpdater.java:takeSnapshot(287)) - omNode-3@group-6C22E66A003A-StateMachineUpdater: Took a snapshot at index 5
2022-07-14 05:35:36,914 [omNode-3@group-6C22E66A003A-StateMachineUpdater] INFO  impl.StateMachineUpdater (StateMachineUpdater.java:lambda$new$0(92)) - omNode-3@group-6C22E66A003A-StateMachineUpdater: snapshotIndex: updateIncreasingly -1 -> 5
2022-07-14 05:35:36,914 [omNode-3@group-6C22E66A003A-StateMachineUpdater] INFO  ratis.OzoneManagerStateMachine (OzoneManagerStateMachine.java:close(495)) - StateMachine has shutdown. Shutdown OzoneManager if not already shutdown.
2022-07-14 05:35:36,915 [omNode-3@group-6C22E66A003A-StateMachineUpdater] INFO  ratis.OzoneManagerDoubleBuffer (OzoneManagerDoubleBuffer.java:stop(465)) - Stopping OMDoubleBuffer flush thread
2022-07-14 05:35:36,915 [OMDoubleBufferFlushThread] INFO  ratis.OzoneManagerDoubleBuffer (OzoneManagerDoubleBuffer.java:flushTransactions(385)) - OMDoubleBuffer flush thread OMDoubleBufferFlushThread is interrupted and will exit.
2022-07-14 05:35:36,913 [Listener at 127.0.0.1/36625] INFO  impl.StateMachineUpdater (StateMachineUpdater.java:stopAndJoin(153)) - omNode-3@group-6C22E66A003A-StateMachineUpdater: set stopIndex = 5
2022-07-14 05:35:36,925 [Listener at 127.0.0.1/36625] INFO  server.RaftServer$Division (ServerState.java:close(429)) - omNode-3@group-6C22E66A003A: closes. applyIndex: 5
2022-07-14 05:35:36,925 [omNode-3@group-6C22E66A003A-SegmentedRaftLogWorker] INFO  segmented.SegmentedRaftLogWorker (SegmentedRaftLogWorker.java:run(336)) - omNode-3@group-6C22E66A003A-SegmentedRaftLogWorker was interrupted, exiting. There are 0 tasks remaining in the queue.
2022-07-14 05:35:36,930 [Listener at 127.0.0.1/36625] INFO  segmented.SegmentedRaftLogWorker (SegmentedRaftLogWorker.java:close(246)) - omNode-3@group-6C22E66A003A-SegmentedRaftLogWorker close()
2022-07-14 05:35:36,932 [Listener at 127.0.0.1/36625] INFO  server.GrpcService (GrpcService.java:closeImpl(269)) - omNode-3: shutdown server with port 35085 now
2022-07-14 05:35:36,945 [grpc-default-executor-3] WARN  server.GrpcServerProtocolService (LogUtils.java:warn(122)) - omNode-3: installSnapshot onError, lastRequest: omNode-2->omNode-3#87-t5,previous=(t:5, i:5),leaderCommit=5,initializing? true,entries: size=1, first=(t:5, i:6), METADATAENTRY(c:5): org.apache.ratis.thirdparty.io.grpc.StatusRuntimeException: CANCELLED: client cancelled
2022-07-14 05:35:36,952 [Listener at 127.0.0.1/36625] INFO  server.GrpcService (GrpcService.java:closeImpl(278)) - omNode-3: shutdown server with port 35085 successfully
2022-07-14 05:35:36,953 [org.apache.ratis.util.JvmPauseMonitor$$Lambda$519/2035454069@40fbc188] INFO  util.JvmPauseMonitor (JvmPauseMonitor.java:run(109)) - JvmPauseMonitor-omNode-3: Stopped
2022-07-14 05:35:36,953 [Listener at 127.0.0.1/36625] INFO  ratis.OzoneManagerStateMachine (OzoneManagerStateMachine.java:close(495)) - StateMachine has shutdown. Shutdown OzoneManager if not already shutdown.
2022-07-14 05:35:36,953 [Listener at 127.0.0.1/36625] INFO  ratis.OzoneManagerDoubleBuffer (OzoneManagerDoubleBuffer.java:stop(477)) - OMDoubleBuffer flush thread is not running.
2022-07-14 05:35:36,954 [Listener at 127.0.0.1/36625] INFO  utils.BackgroundService (BackgroundService.java:shutdown(132)) - Shutting down service KeyDeletingService
2022-07-14 05:35:36,957 [Listener at 127.0.0.1/36625] INFO  utils.BackgroundService (BackgroundService.java:shutdown(132)) - Shutting down service DirectoryDeletingService
2022-07-14 05:35:36,957 [Listener at 127.0.0.1/36625] INFO  utils.BackgroundService (BackgroundService.java:shutdown(132)) - Shutting down service OpenKeyCleanupService
2022-07-14 05:35:36,959 [Listener at 127.0.0.1/36625] INFO  handler.ContextHandler (ContextHandler.java:doStop(1153)) - Stopped o.e.j.w.WebAppContext@4b12f6eb{ozoneManager,/,null,STOPPED}{file:/home/runner/work/ozone/ozone/hadoop-ozone/integration-test/target/test-classes/webapps/ozoneManager}
2022-07-14 05:35:36,963 [grpc-default-executor-3] WARN  server.GrpcLogAppender (LogUtils.java:warn(122)) - omNode-2@group-6C22E66A003A->omNode-3-AppendLogResponseHandler: Failed appendEntries: org.apache.ratis.thirdparty.io.grpc.StatusRuntimeException: CANCELLED: RST_STREAM closed stream. HTTP/2 error code: CANCEL
2022-07-14 05:35:36,964 [grpc-default-executor-3] INFO  leader.FollowerInfo (FollowerInfoImpl.java:lambda$new$0(48)) - omNode-2@group-6C22E66A003A->omNode-3: nextIndex: updateUnconditionally 7 -> 6
2022-07-14 05:35:36,965 [Listener at 127.0.0.1/36625] INFO  server.AbstractConnector (AbstractConnector.java:doStop(381)) - Stopped ServerConnector@3f2e047f{HTTP/1.1, (http/1.1)}{0.0.0.0:38239}
2022-07-14 05:35:36,965 [Listener at 127.0.0.1/36625] INFO  server.session (HouseKeeper.java:stopScavenging(149)) - node0 Stopped scavenging
2022-07-14 05:35:36,965 [Listener at 127.0.0.1/36625] INFO  handler.ContextHandler (ContextHandler.java:doStop(1153)) - Stopped o.e.j.s.ServletContextHandler@75baa5dc{static,/static,file:///home/runner/work/ozone/ozone/hadoop-ozone/integration-test/target/test-classes/webapps/static,STOPPED}
2022-07-14 05:35:36,965 [Listener at 127.0.0.1/36625] INFO  handler.ContextHandler (ContextHandler.java:doStop(1153)) - Stopped o.e.j.s.ServletContextHandler@736e8b6b{logs,/logs,file:///home/runner/work/ozone/ozone/hadoop-ozone/integration-test/target/log,STOPPED}
2022-07-14 05:35:36,974 [grpc-default-executor-2] WARN  server.GrpcLogAppender (LogUtils.java:warn(122)) - omNode-2@group-6C22E66A003A->omNode-3-AppendLogResponseHandler: Failed appendEntries: org.apache.ratis.thirdparty.io.grpc.StatusRuntimeException: UNAVAILABLE: io exception
2022-07-14 05:35:36,974 [Listener at 127.0.0.1/36625] INFO  ozone.MiniOzoneHAClusterImpl (MiniOzoneHAClusterImpl.java:stop(312)) - Stopping the OzoneManager omNode-1
2022-07-14 05:35:36,974 [Listener at 127.0.0.1/36625] INFO  om.OzoneManager (OzoneManager.java:stop(2022)) - omNode-1[localhost:42281]: Stopping Ozone Manager
2022-07-14 05:35:36,974 [Listener at 127.0.0.1/36625] INFO  ipc.Server (Server.java:stop(3414)) - Stopping server on 42281
2022-07-14 05:35:36,974 [grpc-default-executor-2] INFO  leader.FollowerInfo (FollowerInfoImpl.java:lambda$new$0(48)) - omNode-2@group-6C22E66A003A->omNode-3: nextIndex: updateUnconditionally 7 -> 6
2022-07-14 05:35:36,985 [IPC Server listener on 42281] INFO  ipc.Server (Server.java:run(1376)) - Stopping IPC Server listener on 42281
2022-07-14 05:35:36,986 [IPC Server Responder] INFO  ipc.Server (Server.java:run(1512)) - Stopping IPC Server Responder
2022-07-14 05:35:36,987 [Listener at 127.0.0.1/36625] INFO  server.RaftServer (RaftServerProxy.java:lambda$close$7(398)) - omNode-1: close
2022-07-14 05:35:36,988 [Listener at 127.0.0.1/36625] INFO  server.RaftServer$Division (RaftServerImpl.java:lambda$close$4(434)) - omNode-1@group-6C22E66A003A: shutdown
2022-07-14 05:35:36,989 [Listener at 127.0.0.1/36625] INFO  util.JmxRegister (JmxRegister.java:unregister(73)) - Successfully un-registered JMX Bean with object name Ratis:service=RaftServer,group=group-6C22E66A003A,id=omNode-1
2022-07-14 05:35:36,989 [Listener at 127.0.0.1/36625] INFO  impl.RoleInfo (RoleInfo.java:shutdownFollowerState(110)) - omNode-1: shutdown omNode-1@group-6C22E66A003A-FollowerState
2022-07-14 05:35:36,989 [omNode-1@group-6C22E66A003A-FollowerState] INFO  impl.FollowerState (FollowerState.java:run(152)) - omNode-1@group-6C22E66A003A-FollowerState was interrupted
2022-07-14 05:35:36,989 [omNode-1@group-6C22E66A003A-StateMachineUpdater] INFO  ratis.OzoneManagerStateMachine (OzoneManagerStateMachine.java:takeSnapshot(441)) - Current Snapshot Index (t:5, i:5)
2022-07-14 05:35:36,989 [omNode-1@group-6C22E66A003A-StateMachineUpdater] INFO  impl.StateMachineUpdater (StateMachineUpdater.java:takeSnapshot(287)) - omNode-1@group-6C22E66A003A-StateMachineUpdater: Took a snapshot at index 5
2022-07-14 05:35:36,989 [omNode-1@group-6C22E66A003A-StateMachineUpdater] INFO  impl.StateMachineUpdater (StateMachineUpdater.java:lambda$new$0(92)) - omNode-1@group-6C22E66A003A-StateMachineUpdater: snapshotIndex: updateIncreasingly -1 -> 5
2022-07-14 05:35:36,989 [omNode-1@group-6C22E66A003A-StateMachineUpdater] INFO  ratis.OzoneManagerStateMachine (OzoneManagerStateMachine.java:close(495)) - StateMachine has shutdown. Shutdown OzoneManager if not already shutdown.
2022-07-14 05:35:36,989 [omNode-1@group-6C22E66A003A-StateMachineUpdater] INFO  ratis.OzoneManagerDoubleBuffer (OzoneManagerDoubleBuffer.java:stop(465)) - Stopping OMDoubleBuffer flush thread
2022-07-14 05:35:36,990 [OMDoubleBufferFlushThread] INFO  ratis.OzoneManagerDoubleBuffer (OzoneManagerDoubleBuffer.java:flushTransactions(385)) - OMDoubleBuffer flush thread OMDoubleBufferFlushThread is interrupted and will exit.
2022-07-14 05:35:36,990 [Listener at 127.0.0.1/36625] INFO  impl.StateMachineUpdater (StateMachineUpdater.java:stopAndJoin(153)) - omNode-1@group-6C22E66A003A-StateMachineUpdater: set stopIndex = 5
2022-07-14 05:35:36,991 [Listener at 127.0.0.1/36625] INFO  server.RaftServer$Division (ServerState.java:close(429)) - omNode-1@group-6C22E66A003A: closes. applyIndex: 5
2022-07-14 05:35:36,992 [omNode-1@group-6C22E66A003A-SegmentedRaftLogWorker] INFO  segmented.SegmentedRaftLogWorker (SegmentedRaftLogWorker.java:run(336)) - omNode-1@group-6C22E66A003A-SegmentedRaftLogWorker was interrupted, exiting. There are 0 tasks remaining in the queue.
2022-07-14 05:35:36,993 [Listener at 127.0.0.1/36625] INFO  segmented.SegmentedRaftLogWorker (SegmentedRaftLogWorker.java:close(246)) - omNode-1@group-6C22E66A003A-SegmentedRaftLogWorker close()
2022-07-14 05:35:36,996 [Listener at 127.0.0.1/36625] INFO  server.GrpcService (GrpcService.java:closeImpl(269)) - omNode-1: shutdown server with port 45855 now
2022-07-14 05:35:37,000 [grpc-default-executor-0] WARN  server.GrpcLogAppender (LogUtils.java:warn(122)) - omNode-2@group-6C22E66A003A->omNode-1-AppendLogResponseHandler: Failed appendEntries: org.apache.ratis.thirdparty.io.grpc.StatusRuntimeException: CANCELLED: RST_STREAM closed stream. HTTP/2 error code: CANCEL
2022-07-14 05:35:37,000 [grpc-default-executor-0] INFO  leader.FollowerInfo (FollowerInfoImpl.java:lambda$new$0(48)) - omNode-2@group-6C22E66A003A->omNode-1: nextIndex: updateUnconditionally 7 -> 6
2022-07-14 05:35:37,001 [Listener at 127.0.0.1/36625] INFO  server.GrpcService (GrpcService.java:closeImpl(278)) - omNode-1: shutdown server with port 45855 successfully
2022-07-14 05:35:37,001 [org.apache.ratis.util.JvmPauseMonitor$$Lambda$519/2035454069@71b87608] INFO  util.JvmPauseMonitor (JvmPauseMonitor.java:run(109)) - JvmPauseMonitor-omNode-1: Stopped
2022-07-14 05:35:37,001 [grpc-default-executor-3] WARN  server.GrpcServerProtocolService (LogUtils.java:warn(122)) - omNode-1: installSnapshot onError, lastRequest: omNode-2->omNode-1#93-t5,previous=(t:5, i:5),leaderCommit=5,initializing? true,entries: size=1, first=(t:5, i:6), METADATAENTRY(c:5): org.apache.ratis.thirdparty.io.grpc.StatusRuntimeException: CANCELLED: client cancelled
2022-07-14 05:35:37,001 [Listener at 127.0.0.1/36625] INFO  ratis.OzoneManagerStateMachine (OzoneManagerStateMachine.java:close(495)) - StateMachine has shutdown. Shutdown OzoneManager if not already shutdown.
2022-07-14 05:35:37,002 [Listener at 127.0.0.1/36625] INFO  ratis.OzoneManagerDoubleBuffer (OzoneManagerDoubleBuffer.java:stop(477)) - OMDoubleBuffer flush thread is not running.
2022-07-14 05:35:37,002 [Listener at 127.0.0.1/36625] INFO  utils.BackgroundService (BackgroundService.java:shutdown(132)) - Shutting down service KeyDeletingService
2022-07-14 05:35:37,002 [Listener at 127.0.0.1/36625] INFO  utils.BackgroundService (BackgroundService.java:shutdown(132)) - Shutting down service DirectoryDeletingService
2022-07-14 05:35:37,003 [Listener at 127.0.0.1/36625] INFO  utils.BackgroundService (BackgroundService.java:shutdown(132)) - Shutting down service OpenKeyCleanupService
2022-07-14 05:35:37,004 [Listener at 127.0.0.1/36625] INFO  handler.ContextHandler (ContextHandler.java:doStop(1153)) - Stopped o.e.j.w.WebAppContext@1b690b7e{ozoneManager,/,null,STOPPED}{file:/home/runner/work/ozone/ozone/hadoop-ozone/integration-test/target/test-classes/webapps/ozoneManager}
2022-07-14 05:35:37,005 [Listener at 127.0.0.1/36625] INFO  server.AbstractConnector (AbstractConnector.java:doStop(381)) - Stopped ServerConnector@531f20df{HTTP/1.1, (http/1.1)}{0.0.0.0:38765}
2022-07-14 05:35:37,005 [Listener at 127.0.0.1/36625] INFO  server.session (HouseKeeper.java:stopScavenging(149)) - node0 Stopped scavenging
2022-07-14 05:35:37,005 [Listener at 127.0.0.1/36625] INFO  handler.ContextHandler (ContextHandler.java:doStop(1153)) - Stopped o.e.j.s.ServletContextHandler@5363c684{static,/static,file:///home/runner/work/ozone/ozone/hadoop-ozone/integration-test/target/test-classes/webapps/static,STOPPED}
2022-07-14 05:35:37,005 [Listener at 127.0.0.1/36625] INFO  handler.ContextHandler (ContextHandler.java:doStop(1153)) - Stopped o.e.j.s.ServletContextHandler@63844adb{logs,/logs,file:///home/runner/work/ozone/ozone/hadoop-ozone/integration-test/target/log,STOPPED}
2022-07-14 05:35:37,009 [grpc-default-executor-2] WARN  server.GrpcLogAppender (LogUtils.java:warn(122)) - omNode-2@group-6C22E66A003A->omNode-1-AppendLogResponseHandler: Failed appendEntries: org.apache.ratis.thirdparty.io.grpc.StatusRuntimeException: UNAVAILABLE: io exception
2022-07-14 05:35:37,010 [grpc-default-executor-2] INFO  leader.FollowerInfo (FollowerInfoImpl.java:lambda$new$0(48)) - omNode-2@group-6C22E66A003A->omNode-1: nextIndex: updateUnconditionally 7 -> 6
2022-07-14 05:35:37,011 [Listener at 127.0.0.1/36625] INFO  ozone.MiniOzoneHAClusterImpl (MiniOzoneHAClusterImpl.java:stop(312)) - Stopping the OzoneManager omNode-2
2022-07-14 05:35:37,011 [Listener at 127.0.0.1/36625] INFO  om.OzoneManager (OzoneManager.java:stop(2022)) - omNode-2[localhost:45893]: Stopping Ozone Manager
2022-07-14 05:35:37,011 [Listener at 127.0.0.1/36625] INFO  ipc.Server (Server.java:stop(3414)) - Stopping server on 45893
2022-07-14 05:35:37,013 [IPC Server listener on 45893] INFO  ipc.Server (Server.java:run(1376)) - Stopping IPC Server listener on 45893
2022-07-14 05:35:37,016 [Listener at 127.0.0.1/36625] INFO  server.RaftServer (RaftServerProxy.java:lambda$close$7(398)) - omNode-2: close
2022-07-14 05:35:37,016 [IPC Server Responder] INFO  ipc.Server (Server.java:run(1512)) - Stopping IPC Server Responder
2022-07-14 05:35:37,017 [Listener at 127.0.0.1/36625] INFO  server.RaftServer$Division (RaftServerImpl.java:lambda$close$4(434)) - omNode-2@group-6C22E66A003A: shutdown
2022-07-14 05:35:37,017 [Listener at 127.0.0.1/36625] INFO  util.JmxRegister (JmxRegister.java:unregister(73)) - Successfully un-registered JMX Bean with object name Ratis:service=RaftServer,group=group-6C22E66A003A,id=omNode-2
2022-07-14 05:35:37,017 [Listener at 127.0.0.1/36625] INFO  impl.RoleInfo (RoleInfo.java:shutdownLeaderState(93)) - omNode-2: shutdown omNode-2@group-6C22E66A003A-LeaderStateImpl
2022-07-14 05:35:37,017 [Listener at 127.0.0.1/36625] INFO  impl.PendingRequests (PendingRequests.java:sendNotLeaderResponses(282)) - omNode-2@group-6C22E66A003A-PendingRequests: sendNotLeaderResponses
2022-07-14 05:35:37,017 [omNode-2@group-6C22E66A003A->omNode-1-GrpcLogAppender-LogAppenderDaemon] WARN  server.GrpcLogAppender (GrpcLogAppender.java:mayWait(171)) - omNode-2@group-6C22E66A003A->omNode-1-GrpcLogAppender: Wait interrupted by java.lang.InterruptedException
2022-07-14 05:35:37,017 [omNode-2@group-6C22E66A003A->omNode-3-GrpcLogAppender-LogAppenderDaemon] WARN  server.GrpcLogAppender (GrpcLogAppender.java:mayWait(171)) - omNode-2@group-6C22E66A003A->omNode-3-GrpcLogAppender: Wait interrupted by java.lang.InterruptedException
2022-07-14 05:35:37,021 [Listener at 127.0.0.1/36625] INFO  impl.StateMachineUpdater (StateMachineUpdater.java:stopAndJoin(153)) - omNode-2@group-6C22E66A003A-StateMachineUpdater: set stopIndex = 6
2022-07-14 05:35:37,021 [omNode-2@group-6C22E66A003A-StateMachineUpdater] INFO  ratis.OzoneManagerStateMachine (OzoneManagerStateMachine.java:takeSnapshot(441)) - Current Snapshot Index (t:5, i:6)
2022-07-14 05:35:37,021 [omNode-2@group-6C22E66A003A-StateMachineUpdater] INFO  impl.StateMachineUpdater (StateMachineUpdater.java:takeSnapshot(287)) - omNode-2@group-6C22E66A003A-StateMachineUpdater: Took a snapshot at index 6
2022-07-14 05:35:37,021 [omNode-2@group-6C22E66A003A-StateMachineUpdater] INFO  impl.StateMachineUpdater (StateMachineUpdater.java:lambda$new$0(92)) - omNode-2@group-6C22E66A003A-StateMachineUpdater: snapshotIndex: updateIncreasingly -1 -> 6
2022-07-14 05:35:37,021 [omNode-2@group-6C22E66A003A-StateMachineUpdater] INFO  ratis.OzoneManagerStateMachine (OzoneManagerStateMachine.java:close(495)) - StateMachine has shutdown. Shutdown OzoneManager if not already shutdown.
2022-07-14 05:35:37,022 [omNode-2@group-6C22E66A003A-StateMachineUpdater] INFO  ratis.OzoneManagerDoubleBuffer (OzoneManagerDoubleBuffer.java:stop(465)) - Stopping OMDoubleBuffer flush thread
2022-07-14 05:35:37,022 [OMDoubleBufferFlushThread] INFO  ratis.OzoneManagerDoubleBuffer (OzoneManagerDoubleBuffer.java:flushTransactions(385)) - OMDoubleBuffer flush thread OMDoubleBufferFlushThread is interrupted and will exit.
2022-07-14 05:35:37,026 [Listener at 127.0.0.1/36625] INFO  server.RaftServer$Division (ServerState.java:close(429)) - omNode-2@group-6C22E66A003A: closes. applyIndex: 6
2022-07-14 05:35:37,027 [omNode-2@group-6C22E66A003A-SegmentedRaftLogWorker] INFO  segmented.SegmentedRaftLogWorker (SegmentedRaftLogWorker.java:run(336)) - omNode-2@group-6C22E66A003A-SegmentedRaftLogWorker was interrupted, exiting. There are 0 tasks remaining in the queue.
2022-07-14 05:35:37,029 [Listener at 127.0.0.1/36625] INFO  segmented.SegmentedRaftLogWorker (SegmentedRaftLogWorker.java:close(246)) - omNode-2@group-6C22E66A003A-SegmentedRaftLogWorker close()
2022-07-14 05:35:37,030 [Listener at 127.0.0.1/36625] INFO  server.GrpcService (GrpcService.java:closeImpl(269)) - omNode-2: shutdown server with port 35821 now
2022-07-14 05:35:37,034 [Listener at 127.0.0.1/36625] INFO  server.GrpcService (GrpcService.java:closeImpl(278)) - omNode-2: shutdown server with port 35821 successfully
2022-07-14 05:35:37,035 [org.apache.ratis.util.JvmPauseMonitor$$Lambda$519/2035454069@7ab7c2cd] INFO  util.JvmPauseMonitor (JvmPauseMonitor.java:run(109)) - JvmPauseMonitor-omNode-2: Stopped
2022-07-14 05:35:37,035 [Listener at 127.0.0.1/36625] INFO  ratis.OzoneManagerStateMachine (OzoneManagerStateMachine.java:close(495)) - StateMachine has shutdown. Shutdown OzoneManager if not already shutdown.
2022-07-14 05:35:37,035 [Listener at 127.0.0.1/36625] INFO  ratis.OzoneManagerDoubleBuffer (OzoneManagerDoubleBuffer.java:stop(477)) - OMDoubleBuffer flush thread is not running.
2022-07-14 05:35:37,035 [Listener at 127.0.0.1/36625] INFO  utils.BackgroundService (BackgroundService.java:shutdown(132)) - Shutting down service KeyDeletingService
2022-07-14 05:35:37,036 [Listener at 127.0.0.1/36625] INFO  utils.BackgroundService (BackgroundService.java:shutdown(132)) - Shutting down service DirectoryDeletingService
2022-07-14 05:35:37,036 [Listener at 127.0.0.1/36625] INFO  utils.BackgroundService (BackgroundService.java:shutdown(132)) - Shutting down service OpenKeyCleanupService
2022-07-14 05:35:37,037 [Listener at 127.0.0.1/36625] INFO  handler.ContextHandler (ContextHandler.java:doStop(1153)) - Stopped o.e.j.w.WebAppContext@3a5c4735{ozoneManager,/,null,STOPPED}{file:/home/runner/work/ozone/ozone/hadoop-ozone/integration-test/target/test-classes/webapps/ozoneManager}
2022-07-14 05:35:37,037 [Listener at 127.0.0.1/36625] INFO  server.AbstractConnector (AbstractConnector.java:doStop(381)) - Stopped ServerConnector@2b006cb4{HTTP/1.1, (http/1.1)}{0.0.0.0:32847}
2022-07-14 05:35:37,037 [Listener at 127.0.0.1/36625] INFO  server.session (HouseKeeper.java:stopScavenging(149)) - node0 Stopped scavenging
2022-07-14 05:35:37,037 [Listener at 127.0.0.1/36625] INFO  handler.ContextHandler (ContextHandler.java:doStop(1153)) - Stopped o.e.j.s.ServletContextHandler@79c30668{static,/static,file:///home/runner/work/ozone/ozone/hadoop-ozone/integration-test/target/test-classes/webapps/static,STOPPED}
2022-07-14 05:35:37,038 [Listener at 127.0.0.1/36625] INFO  handler.ContextHandler (ContextHandler.java:doStop(1153)) - Stopped o.e.j.s.ServletContextHandler@558f62b0{logs,/logs,file:///home/runner/work/ozone/ozone/hadoop-ozone/integration-test/target/log,STOPPED}
2022-07-14 05:35:37,040 [Listener at 127.0.0.1/36625] INFO  ozone.MiniOzoneHAClusterImpl (MiniOzoneHAClusterImpl.java:stop(320)) - Stopping the StorageContainerManager 2dd1b2fa-668a-4f00-b120-82156fdca129
2022-07-14 05:35:37,041 [Listener at 127.0.0.1/36625] INFO  server.StorageContainerManager (StorageContainerManager.java:stop(1514)) - Container Balancer is not running.
2022-07-14 05:35:37,041 [Listener at 127.0.0.1/36625] INFO  server.StorageContainerManager (StorageContainerManager.java:stop(1521)) - Stopping Replication Manager Service.
2022-07-14 05:35:37,041 [Listener at 127.0.0.1/36625] INFO  replication.ReplicationManager (ReplicationManager.java:stop(219)) - Stopping Replication Monitor Thread.
2022-07-14 05:35:37,041 [Listener at 127.0.0.1/36625] INFO  server.StorageContainerManager (StorageContainerManager.java:stop(1528)) - Stopping the Datanode Admin Monitor.
2022-07-14 05:35:37,041 [Listener at 127.0.0.1/36625] INFO  server.StorageContainerManager (StorageContainerManager.java:stop(1535)) - Stopping Lease Manager of the command watchers
2022-07-14 05:35:37,041 [Listener at 127.0.0.1/36625] INFO  server.StorageContainerManager (StorageContainerManager.java:stop(1542)) - Stopping datanode service RPC server
2022-07-14 05:35:37,041 [Listener at 127.0.0.1/36625] INFO  server.SCMDatanodeProtocolServer (SCMDatanodeProtocolServer.java:stop(414)) - Stopping the RPC server for DataNodes
2022-07-14 05:35:37,041 [Listener at 127.0.0.1/36625] INFO  ipc.Server (Server.java:stop(3414)) - Stopping server on 43653
2022-07-14 05:35:37,043 [ReplicationMonitor] INFO  replication.ReplicationManager (ReplicationManager.java:run(389)) - Replication Monitor Thread is stopped
2022-07-14 05:35:37,046 [IPC Server listener on 43653] INFO  ipc.Server (Server.java:run(1376)) - Stopping IPC Server listener on 43653
2022-07-14 05:35:37,047 [IPC Server Responder] INFO  ipc.Server (Server.java:run(1512)) - Stopping IPC Server Responder
2022-07-14 05:35:37,093 [SCM Heartbeat Processing Thread - 0] WARN  node.NodeStateManager (NodeStateManager.java:scheduleNextHealthCheck(870)) - Current Thread is interrupted, shutting down HB processing thread for Node Manager.
2022-07-14 05:35:37,095 [Listener at 127.0.0.1/36625] INFO  server.StorageContainerManager (StorageContainerManager.java:stop(1550)) - Stopping block service RPC server
2022-07-14 05:35:37,096 [Listener at 127.0.0.1/36625] INFO  server.SCMBlockProtocolServer (SCMBlockProtocolServer.java:stop(161)) - Stopping the RPC server for Block Protocol
2022-07-14 05:35:37,096 [Listener at 127.0.0.1/36625] INFO  ipc.Server (Server.java:stop(3414)) - Stopping server on 39709
2022-07-14 05:35:37,099 [IPC Server listener on 39709] INFO  ipc.Server (Server.java:run(1376)) - Stopping IPC Server listener on 39709
2022-07-14 05:35:37,099 [IPC Server Responder] INFO  ipc.Server (Server.java:run(1512)) - Stopping IPC Server Responder
2022-07-14 05:35:37,099 [Listener at 127.0.0.1/36625] INFO  server.StorageContainerManager (StorageContainerManager.java:stop(1557)) - Stopping the StorageContainerLocationProtocol RPC server
2022-07-14 05:35:37,099 [Listener at 127.0.0.1/36625] INFO  server.SCMClientProtocolServer (SCMClientProtocolServer.java:stop(179)) - Stopping the RPC server for Client Protocol
2022-07-14 05:35:37,100 [Listener at 127.0.0.1/36625] INFO  ipc.Server (Server.java:stop(3414)) - Stopping server on 37683
2022-07-14 05:35:37,103 [IPC Server listener on 37683] INFO  ipc.Server (Server.java:run(1376)) - Stopping IPC Server listener on 37683
2022-07-14 05:35:37,104 [IPC Server Responder] INFO  ipc.Server (Server.java:run(1512)) - Stopping IPC Server Responder
2022-07-14 05:35:37,105 [Listener at 127.0.0.1/36625] INFO  server.StorageContainerManager (StorageContainerManager.java:stop(1564)) - Stopping Storage Container Manager HTTP server.
2022-07-14 05:35:37,105 [Listener at 127.0.0.1/36625] INFO  handler.ContextHandler (ContextHandler.java:doStop(1153)) - Stopped o.e.j.w.WebAppContext@304576f3{scm,/,null,STOPPED}{file:/home/runner/work/ozone/ozone/hadoop-ozone/integration-test/target/test-classes/webapps/scm}
2022-07-14 05:35:37,106 [Listener at 127.0.0.1/36625] INFO  server.AbstractConnector (AbstractConnector.java:doStop(381)) - Stopped ServerConnector@5d54f0ed{HTTP/1.1, (http/1.1)}{0.0.0.0:39351}
2022-07-14 05:35:37,106 [Listener at 127.0.0.1/36625] INFO  server.session (HouseKeeper.java:stopScavenging(149)) - node0 Stopped scavenging
2022-07-14 05:35:37,106 [Listener at 127.0.0.1/36625] INFO  handler.ContextHandler (ContextHandler.java:doStop(1153)) - Stopped o.e.j.s.ServletContextHandler@54ebad78{static,/static,file:///home/runner/work/ozone/ozone/hadoop-ozone/integration-test/target/test-classes/webapps/static,STOPPED}
2022-07-14 05:35:37,106 [Listener at 127.0.0.1/36625] INFO  handler.ContextHandler (ContextHandler.java:doStop(1153)) - Stopped o.e.j.s.ServletContextHandler@98b3f62{logs,/logs,file:///home/runner/work/ozone/ozone/hadoop-ozone/integration-test/target/log,STOPPED}
2022-07-14 05:35:37,107 [Listener at 127.0.0.1/36625] INFO  server.StorageContainerManager (StorageContainerManager.java:stop(1575)) - Stopping Block Manager Service.
2022-07-14 05:35:37,108 [Listener at 127.0.0.1/36625] INFO  utils.BackgroundService (BackgroundService.java:shutdown(132)) - Shutting down service SCMBlockDeletingService
2022-07-14 05:35:37,108 [Listener at 127.0.0.1/36625] INFO  utils.BackgroundService (BackgroundService.java:shutdown(132)) - Shutting down service SCMBlockDeletingService
2022-07-14 05:35:37,108 [Listener at 127.0.0.1/36625] INFO  server.StorageContainerManager (StorageContainerManager.java:stop(1602)) - Stopping SCM Event Queue.
2022-07-14 05:35:37,111 [Listener at 127.0.0.1/36625] INFO  server.StorageContainerManager (StorageContainerManager.java:stop(1613)) - Stopping SCM HA services.
2022-07-14 05:35:37,111 [Listener at 127.0.0.1/36625] INFO  ha.SCMRatisServerImpl (SCMRatisServerImpl.java:stop(238)) - stopping ratis server 0.0.0.0:45669
2022-07-14 05:35:37,111 [Listener at 127.0.0.1/36625] INFO  server.RaftServer (RaftServerProxy.java:lambda$close$7(398)) - 2dd1b2fa-668a-4f00-b120-82156fdca129: close
2022-07-14 05:35:37,111 [Listener at 127.0.0.1/36625] INFO  server.RaftServer$Division (RaftServerImpl.java:lambda$close$4(434)) - 2dd1b2fa-668a-4f00-b120-82156fdca129@group-BBF74A919ED0: shutdown
2022-07-14 05:35:37,112 [Listener at 127.0.0.1/36625] INFO  util.JmxRegister (JmxRegister.java:unregister(73)) - Successfully un-registered JMX Bean with object name Ratis:service=RaftServer,group=group-BBF74A919ED0,id=2dd1b2fa-668a-4f00-b120-82156fdca129
2022-07-14 05:35:37,112 [Listener at 127.0.0.1/36625] INFO  impl.RoleInfo (RoleInfo.java:shutdownFollowerState(110)) - 2dd1b2fa-668a-4f00-b120-82156fdca129: shutdown 2dd1b2fa-668a-4f00-b120-82156fdca129@group-BBF74A919ED0-FollowerState
2022-07-14 05:35:37,112 [Listener at 127.0.0.1/36625] INFO  impl.StateMachineUpdater (StateMachineUpdater.java:stopAndJoin(153)) - 2dd1b2fa-668a-4f00-b120-82156fdca129@group-BBF74A919ED0-StateMachineUpdater: set stopIndex = 27
2022-07-14 05:35:37,113 [2dd1b2fa-668a-4f00-b120-82156fdca129@group-BBF74A919ED0-StateMachineUpdater] INFO  ha.SCMStateMachine (SCMStateMachine.java:takeSnapshot(297)) - Current Snapshot Index 27, takeSnapshot took 0 ms
2022-07-14 05:35:37,113 [2dd1b2fa-668a-4f00-b120-82156fdca129@group-BBF74A919ED0-StateMachineUpdater] INFO  impl.StateMachineUpdater (StateMachineUpdater.java:takeSnapshot(287)) - 2dd1b2fa-668a-4f00-b120-82156fdca129@group-BBF74A919ED0-StateMachineUpdater: Took a snapshot at index 27
2022-07-14 05:35:37,113 [2dd1b2fa-668a-4f00-b120-82156fdca129@group-BBF74A919ED0-StateMachineUpdater] INFO  impl.StateMachineUpdater (StateMachineUpdater.java:lambda$new$0(92)) - 2dd1b2fa-668a-4f00-b120-82156fdca129@group-BBF74A919ED0-StateMachineUpdater: snapshotIndex: updateIncreasingly -1 -> 27
2022-07-14 05:35:37,113 [2dd1b2fa-668a-4f00-b120-82156fdca129@group-BBF74A919ED0-StateMachineUpdater] INFO  server.StorageContainerManager (StorageContainerManager.java:stop(1514)) - Container Balancer is not running.
2022-07-14 05:35:37,113 [2dd1b2fa-668a-4f00-b120-82156fdca129@group-BBF74A919ED0-StateMachineUpdater] INFO  server.StorageContainerManager (StorageContainerManager.java:stop(1521)) - Stopping Replication Manager Service.
2022-07-14 05:35:37,113 [2dd1b2fa-668a-4f00-b120-82156fdca129@group-BBF74A919ED0-StateMachineUpdater] INFO  replication.ReplicationManager (ReplicationManager.java:stop(225)) - Replication Monitor Thread is not running.
2022-07-14 05:35:37,113 [2dd1b2fa-668a-4f00-b120-82156fdca129@group-BBF74A919ED0-StateMachineUpdater] INFO  server.StorageContainerManager (StorageContainerManager.java:stop(1528)) - Stopping the Datanode Admin Monitor.
2022-07-14 05:35:37,113 [2dd1b2fa-668a-4f00-b120-82156fdca129@group-BBF74A919ED0-StateMachineUpdater] INFO  server.StorageContainerManager (StorageContainerManager.java:stop(1535)) - Stopping Lease Manager of the command watchers
2022-07-14 05:35:37,113 [2dd1b2fa-668a-4f00-b120-82156fdca129@group-BBF74A919ED0-StateMachineUpdater] ERROR server.StorageContainerManager (StorageContainerManager.java:stop(1538)) - Lease Manager of the command watchers stop failed
2022-07-14 05:35:37,113 [2dd1b2fa-668a-4f00-b120-82156fdca129@group-BBF74A919ED0-StateMachineUpdater] INFO  server.StorageContainerManager (StorageContainerManager.java:stop(1542)) - Stopping datanode service RPC server
2022-07-14 05:35:37,114 [2dd1b2fa-668a-4f00-b120-82156fdca129@group-BBF74A919ED0-StateMachineUpdater] INFO  server.SCMDatanodeProtocolServer (SCMDatanodeProtocolServer.java:stop(414)) - Stopping the RPC server for DataNodes
2022-07-14 05:35:37,114 [2dd1b2fa-668a-4f00-b120-82156fdca129@group-BBF74A919ED0-StateMachineUpdater] INFO  ipc.Server (Server.java:stop(3414)) - Stopping server on 43653
2022-07-14 05:35:37,114 [2dd1b2fa-668a-4f00-b120-82156fdca129@group-BBF74A919ED0-StateMachineUpdater] INFO  server.StorageContainerManager (StorageContainerManager.java:stop(1550)) - Stopping block service RPC server
2022-07-14 05:35:37,114 [2dd1b2fa-668a-4f00-b120-82156fdca129@group-BBF74A919ED0-StateMachineUpdater] INFO  server.SCMBlockProtocolServer (SCMBlockProtocolServer.java:stop(161)) - Stopping the RPC server for Block Protocol
2022-07-14 05:35:37,114 [2dd1b2fa-668a-4f00-b120-82156fdca129@group-BBF74A919ED0-StateMachineUpdater] INFO  ipc.Server (Server.java:stop(3414)) - Stopping server on 39709
2022-07-14 05:35:37,114 [2dd1b2fa-668a-4f00-b120-82156fdca129@group-BBF74A919ED0-StateMachineUpdater] INFO  server.StorageContainerManager (StorageContainerManager.java:stop(1557)) - Stopping the StorageContainerLocationProtocol RPC server
2022-07-14 05:35:37,114 [2dd1b2fa-668a-4f00-b120-82156fdca129@group-BBF74A919ED0-StateMachineUpdater] INFO  server.SCMClientProtocolServer (SCMClientProtocolServer.java:stop(179)) - Stopping the RPC server for Client Protocol
2022-07-14 05:35:37,114 [2dd1b2fa-668a-4f00-b120-82156fdca129@group-BBF74A919ED0-StateMachineUpdater] INFO  ipc.Server (Server.java:stop(3414)) - Stopping server on 37683
2022-07-14 05:35:37,114 [2dd1b2fa-668a-4f00-b120-82156fdca129@group-BBF74A919ED0-StateMachineUpdater] INFO  server.StorageContainerManager (StorageContainerManager.java:stop(1564)) - Stopping Storage Container Manager HTTP server.
2022-07-14 05:35:37,112 [2dd1b2fa-668a-4f00-b120-82156fdca129@group-BBF74A919ED0-FollowerState] INFO  impl.FollowerState (FollowerState.java:run(152)) - 2dd1b2fa-668a-4f00-b120-82156fdca129@group-BBF74A919ED0-FollowerState was interrupted
2022-07-14 05:35:37,117 [2dd1b2fa-668a-4f00-b120-82156fdca129@group-BBF74A919ED0-StateMachineUpdater] INFO  server.StorageContainerManager (StorageContainerManager.java:stop(1575)) - Stopping Block Manager Service.
2022-07-14 05:35:37,117 [2dd1b2fa-668a-4f00-b120-82156fdca129@group-BBF74A919ED0-StateMachineUpdater] INFO  utils.BackgroundService (BackgroundService.java:shutdown(132)) - Shutting down service SCMBlockDeletingService
2022-07-14 05:35:37,117 [2dd1b2fa-668a-4f00-b120-82156fdca129@group-BBF74A919ED0-StateMachineUpdater] INFO  utils.BackgroundService (BackgroundService.java:shutdown(132)) - Shutting down service SCMBlockDeletingService
2022-07-14 05:35:37,117 [2dd1b2fa-668a-4f00-b120-82156fdca129@group-BBF74A919ED0-StateMachineUpdater] INFO  server.StorageContainerManager (StorageContainerManager.java:stop(1602)) - Stopping SCM Event Queue.
2022-07-14 05:35:37,117 [2dd1b2fa-668a-4f00-b120-82156fdca129@group-BBF74A919ED0-StateMachineUpdater] INFO  server.StorageContainerManager (StorageContainerManager.java:stop(1613)) - Stopping SCM HA services.
2022-07-14 05:35:37,117 [2dd1b2fa-668a-4f00-b120-82156fdca129@group-BBF74A919ED0-StateMachineUpdater] INFO  ha.SCMRatisServerImpl (SCMRatisServerImpl.java:stop(238)) - stopping ratis server 0.0.0.0:45669
2022-07-14 05:35:37,118 [org.apache.ratis.util.JvmPauseMonitor$$Lambda$519/2035454069@4e54a9d2] INFO  util.JvmPauseMonitor (JvmPauseMonitor.java:run(109)) - JvmPauseMonitor-2dd1b2fa-668a-4f00-b120-82156fdca129: Stopped
2022-07-14 05:35:37,118 [2dd1b2fa-668a-4f00-b120-82156fdca129@group-BBF74A919ED0-StateMachineUpdater] INFO  pipeline.BackgroundPipelineCreator (BackgroundPipelineCreator.java:stop(149)) - Stopping RatisPipelineUtilsThread.
2022-07-14 05:35:37,118 [RatisPipelineUtilsThread - 0] WARN  pipeline.BackgroundPipelineCreator (BackgroundPipelineCreator.java:run(180)) - RatisPipelineUtilsThread is interrupted.
2022-07-14 05:35:37,119 [BackgroundPipelineScrubberThread] WARN  BackgroundPipelineScrubber (BackgroundSCMService.java:run(110)) - BackgroundPipelineScrubber is interrupted, exit
2022-07-14 05:35:37,119 [2dd1b2fa-668a-4f00-b120-82156fdca129@group-BBF74A919ED0-StateMachineUpdater] INFO  BackgroundPipelineScrubber (BackgroundSCMService.java:stop(126)) - Stopping BackgroundPipelineScrubber Service.
2022-07-14 05:35:37,122 [2dd1b2fa-668a-4f00-b120-82156fdca129@group-BBF74A919ED0-StateMachineUpdater] INFO  server.StorageContainerManager (StorageContainerManager.java:stop(1623)) - Stopping SCM MetadataStore.
2022-07-14 05:35:37,123 [2dd1b2fa-668a-4f00-b120-82156fdca129@group-BBF74A919ED0-StateMachineUpdater] INFO  impl.MetricsSystemImpl (MetricsSystemImpl.java:stop(210)) - Stopping HddsDatanode metrics system...
2022-07-14 05:35:37,141 [prometheus] INFO  impl.MetricsSinkAdapter (MetricsSinkAdapter.java:publishMetricsFromQueue(141)) - prometheus thread interrupted.
2022-07-14 05:35:37,143 [2dd1b2fa-668a-4f00-b120-82156fdca129@group-BBF74A919ED0-StateMachineUpdater] INFO  impl.MetricsSystemImpl (MetricsSystemImpl.java:stop(216)) - HddsDatanode metrics system stopped.
2022-07-14 05:35:37,144 [2dd1b2fa-668a-4f00-b120-82156fdca129@group-BBF74A919ED0-StateMachineUpdater] ERROR server.StorageContainerManager (ExitUtils.java:terminate(133)) - Terminating with exit status 1: scm statemachine is closed by ratis, terminate SCM
2022-07-14 05:35:37,145 [2dd1b2fa-668a-4f00-b120-82156fdca129@group-BBF74A919ED0-StateMachineUpdater] WARN  impl.StateMachineUpdater (StateMachineUpdater.java:stop(137)) - 2dd1b2fa-668a-4f00-b120-82156fdca129@group-BBF74A919ED0-StateMachineUpdater: Failed to close SCMStateMachine SCMStateMachine:2dd1b2fa-668a-4f00-b120-82156fdca129:group-BBF74A919ED0
org.apache.ratis.util.ExitUtils$ExitException: scm statemachine is closed by ratis, terminate SCM
	at org.apache.ratis.util.ExitUtils.terminate(ExitUtils.java:141)
	at org.apache.ratis.util.ExitUtils.terminate(ExitUtils.java:151)
	at org.apache.ratis.util.ExitUtils.terminate(ExitUtils.java:155)
	at org.apache.hadoop.hdds.scm.server.StorageContainerManager.shutDown(StorageContainerManager.java:1639)
	at org.apache.hadoop.hdds.scm.ha.SCMStateMachine.close(SCMStateMachine.java:403)
	at org.apache.ratis.server.impl.StateMachineUpdater.stop(StateMachineUpdater.java:134)
	at org.apache.ratis.server.impl.StateMachineUpdater.run(StateMachineUpdater.java:187)
	at java.lang.Thread.run(Thread.java:750)
2022-07-14 05:35:37,146 [Listener at 127.0.0.1/36625] INFO  server.RaftServer$Division (ServerState.java:close(429)) - 2dd1b2fa-668a-4f00-b120-82156fdca129@group-BBF74A919ED0: closes. applyIndex: 26
2022-07-14 05:35:37,146 [2dd1b2fa-668a-4f00-b120-82156fdca129@group-BBF74A919ED0-SegmentedRaftLogWorker] INFO  segmented.SegmentedRaftLogWorker (SegmentedRaftLogWorker.java:run(336)) - 2dd1b2fa-668a-4f00-b120-82156fdca129@group-BBF74A919ED0-SegmentedRaftLogWorker was interrupted, exiting. There are 0 tasks remaining in the queue.
2022-07-14 05:35:37,148 [Listener at 127.0.0.1/36625] INFO  segmented.SegmentedRaftLogWorker (SegmentedRaftLogWorker.java:close(246)) - 2dd1b2fa-668a-4f00-b120-82156fdca129@group-BBF74A919ED0-SegmentedRaftLogWorker close()
2022-07-14 05:35:37,150 [Listener at 127.0.0.1/36625] INFO  server.GrpcService (GrpcService.java:closeImpl(269)) - 2dd1b2fa-668a-4f00-b120-82156fdca129: shutdown server with port 45669 now
2022-07-14 05:35:37,152 [Listener at 127.0.0.1/36625] INFO  server.GrpcService (GrpcService.java:closeImpl(278)) - 2dd1b2fa-668a-4f00-b120-82156fdca129: shutdown server with port 45669 successfully
2022-07-14 05:35:37,152 [Listener at 127.0.0.1/36625] WARN  pipeline.BackgroundPipelineCreator (BackgroundPipelineCreator.java:stop(145)) - RatisPipelineUtilsThread is not running, just ignore.
2022-07-14 05:35:37,152 [Listener at 127.0.0.1/36625] INFO  BackgroundPipelineScrubber (BackgroundSCMService.java:stop(121)) - BackgroundPipelineScrubber Service is not running, skip stop.
2022-07-14 05:35:37,152 [Listener at 127.0.0.1/36625] INFO  server.StorageContainerManager (StorageContainerManager.java:stop(1623)) - Stopping SCM MetadataStore.
2022-07-14 05:35:37,152 [Listener at 127.0.0.1/36625] INFO  impl.MetricsSystemImpl (MetricsSystemImpl.java:stop(205)) - HddsDatanode metrics system stopped (again)
2022-07-14 05:35:37,152 [Listener at 127.0.0.1/36625] INFO  ozone.MiniOzoneHAClusterImpl (MiniOzoneHAClusterImpl.java:stop(320)) - Stopping the StorageContainerManager 907b9e7c-2e96-4977-99e4-854b16c13945
2022-07-14 05:35:37,153 [Listener at 127.0.0.1/36625] INFO  server.StorageContainerManager (StorageContainerManager.java:stop(1514)) - Container Balancer is not running.
2022-07-14 05:35:37,153 [Listener at 127.0.0.1/36625] INFO  server.StorageContainerManager (StorageContainerManager.java:stop(1521)) - Stopping Replication Manager Service.
2022-07-14 05:35:37,153 [Listener at 127.0.0.1/36625] INFO  replication.ReplicationManager (ReplicationManager.java:stop(219)) - Stopping Replication Monitor Thread.
2022-07-14 05:35:37,153 [grpc-default-executor-2] WARN  server.GrpcLogAppender (LogUtils.java:warn(122)) - c5ffeb5e-3634-4360-91c9-d598b29e1477@group-BBF74A919ED0->2dd1b2fa-668a-4f00-b120-82156fdca129-AppendLogResponseHandler: Failed appendEntries: org.apache.ratis.thirdparty.io.grpc.StatusRuntimeException: CANCELLED: RST_STREAM closed stream. HTTP/2 error code: CANCEL
2022-07-14 05:35:37,153 [grpc-default-executor-3] WARN  server.GrpcServerProtocolService (LogUtils.java:warn(122)) - 2dd1b2fa-668a-4f00-b120-82156fdca129: installSnapshot onError, lastRequest: c5ffeb5e-3634-4360-91c9-d598b29e1477->2dd1b2fa-668a-4f00-b120-82156fdca129#943-t2,previous=(t:2, i:27),leaderCommit=27,initializing? true,entries: size=1, first=(t:2, i:28), METADATAENTRY(c:27): org.apache.ratis.thirdparty.io.grpc.StatusRuntimeException: CANCELLED: client cancelled
2022-07-14 05:35:37,153 [grpc-default-executor-2] INFO  leader.FollowerInfo (FollowerInfoImpl.java:lambda$new$0(48)) - c5ffeb5e-3634-4360-91c9-d598b29e1477@group-BBF74A919ED0->2dd1b2fa-668a-4f00-b120-82156fdca129: nextIndex: updateUnconditionally 29 -> 28
2022-07-14 05:35:37,154 [Listener at 127.0.0.1/36625] INFO  server.StorageContainerManager (StorageContainerManager.java:stop(1528)) - Stopping the Datanode Admin Monitor.
2022-07-14 05:35:37,154 [ReplicationMonitor] INFO  replication.ReplicationManager (ReplicationManager.java:run(389)) - Replication Monitor Thread is stopped
2022-07-14 05:35:37,154 [Listener at 127.0.0.1/36625] INFO  server.StorageContainerManager (StorageContainerManager.java:stop(1535)) - Stopping Lease Manager of the command watchers
2022-07-14 05:35:37,155 [Listener at 127.0.0.1/36625] INFO  server.StorageContainerManager (StorageContainerManager.java:stop(1542)) - Stopping datanode service RPC server
2022-07-14 05:35:37,155 [Listener at 127.0.0.1/36625] INFO  server.SCMDatanodeProtocolServer (SCMDatanodeProtocolServer.java:stop(414)) - Stopping the RPC server for DataNodes
2022-07-14 05:35:37,155 [Listener at 127.0.0.1/36625] INFO  ipc.Server (Server.java:stop(3414)) - Stopping server on 44189
2022-07-14 05:35:37,157 [IPC Server Responder] INFO  ipc.Server (Server.java:run(1512)) - Stopping IPC Server Responder
2022-07-14 05:35:37,158 [IPC Server listener on 44189] INFO  ipc.Server (Server.java:run(1376)) - Stopping IPC Server listener on 44189
2022-07-14 05:35:37,163 [grpc-default-executor-2] WARN  server.GrpcLogAppender (LogUtils.java:warn(122)) - c5ffeb5e-3634-4360-91c9-d598b29e1477@group-BBF74A919ED0->2dd1b2fa-668a-4f00-b120-82156fdca129-AppendLogResponseHandler: Failed appendEntries: org.apache.ratis.thirdparty.io.grpc.StatusRuntimeException: UNAVAILABLE: io exception
2022-07-14 05:35:37,164 [grpc-default-executor-2] INFO  leader.FollowerInfo (FollowerInfoImpl.java:lambda$new$0(48)) - c5ffeb5e-3634-4360-91c9-d598b29e1477@group-BBF74A919ED0->2dd1b2fa-668a-4f00-b120-82156fdca129: nextIndex: updateUnconditionally 29 -> 28
2022-07-14 05:35:37,185 [SCM Heartbeat Processing Thread - 0] WARN  node.NodeStateManager (NodeStateManager.java:scheduleNextHealthCheck(870)) - Current Thread is interrupted, shutting down HB processing thread for Node Manager.
2022-07-14 05:35:37,185 [Listener at 127.0.0.1/36625] INFO  server.StorageContainerManager (StorageContainerManager.java:stop(1550)) - Stopping block service RPC server
2022-07-14 05:35:37,185 [Listener at 127.0.0.1/36625] INFO  server.SCMBlockProtocolServer (SCMBlockProtocolServer.java:stop(161)) - Stopping the RPC server for Block Protocol
2022-07-14 05:35:37,185 [Listener at 127.0.0.1/36625] INFO  ipc.Server (Server.java:stop(3414)) - Stopping server on 40433
2022-07-14 05:35:37,187 [Listener at 127.0.0.1/36625] INFO  server.StorageContainerManager (StorageContainerManager.java:stop(1557)) - Stopping the StorageContainerLocationProtocol RPC server
2022-07-14 05:35:37,187 [Listener at 127.0.0.1/36625] INFO  server.SCMClientProtocolServer (SCMClientProtocolServer.java:stop(179)) - Stopping the RPC server for Client Protocol
2022-07-14 05:35:37,187 [Listener at 127.0.0.1/36625] INFO  ipc.Server (Server.java:stop(3414)) - Stopping server on 43479
2022-07-14 05:35:37,188 [IPC Server Responder] INFO  ipc.Server (Server.java:run(1512)) - Stopping IPC Server Responder
2022-07-14 05:35:37,188 [IPC Server listener on 40433] INFO  ipc.Server (Server.java:run(1376)) - Stopping IPC Server listener on 40433
2022-07-14 05:35:37,204 [Listener at 127.0.0.1/36625] INFO  server.StorageContainerManager (StorageContainerManager.java:stop(1564)) - Stopping Storage Container Manager HTTP server.
2022-07-14 05:35:37,204 [IPC Server listener on 43479] INFO  ipc.Server (Server.java:run(1376)) - Stopping IPC Server listener on 43479
2022-07-14 05:35:37,205 [Listener at 127.0.0.1/36625] INFO  handler.ContextHandler (ContextHandler.java:doStop(1153)) - Stopped o.e.j.w.WebAppContext@26e67fd9{scm,/,null,STOPPED}{file:/home/runner/work/ozone/ozone/hadoop-ozone/integration-test/target/test-classes/webapps/scm}
2022-07-14 05:35:37,205 [IPC Server Responder] INFO  ipc.Server (Server.java:run(1512)) - Stopping IPC Server Responder
2022-07-14 05:35:37,212 [Listener at 127.0.0.1/36625] INFO  server.AbstractConnector (AbstractConnector.java:doStop(381)) - Stopped ServerConnector@102d5692{HTTP/1.1, (http/1.1)}{0.0.0.0:41269}
2022-07-14 05:35:37,212 [Listener at 127.0.0.1/36625] INFO  server.session (HouseKeeper.java:stopScavenging(149)) - node0 Stopped scavenging
2022-07-14 05:35:37,213 [Listener at 127.0.0.1/36625] INFO  handler.ContextHandler (ContextHandler.java:doStop(1153)) - Stopped o.e.j.s.ServletContextHandler@7ef531bf{static,/static,file:///home/runner/work/ozone/ozone/hadoop-ozone/integration-test/target/test-classes/webapps/static,STOPPED}
2022-07-14 05:35:37,213 [Listener at 127.0.0.1/36625] INFO  handler.ContextHandler (ContextHandler.java:doStop(1153)) - Stopped o.e.j.s.ServletContextHandler@744f69a5{logs,/logs,file:///home/runner/work/ozone/ozone/hadoop-ozone/integration-test/target/log,STOPPED}
2022-07-14 05:35:37,214 [Listener at 127.0.0.1/36625] INFO  server.StorageContainerManager (StorageContainerManager.java:stop(1575)) - Stopping Block Manager Service.
2022-07-14 05:35:37,214 [Listener at 127.0.0.1/36625] INFO  utils.BackgroundService (BackgroundService.java:shutdown(132)) - Shutting down service SCMBlockDeletingService
2022-07-14 05:35:37,214 [Listener at 127.0.0.1/36625] INFO  utils.BackgroundService (BackgroundService.java:shutdown(132)) - Shutting down service SCMBlockDeletingService
2022-07-14 05:35:37,215 [Listener at 127.0.0.1/36625] INFO  server.StorageContainerManager (StorageContainerManager.java:stop(1602)) - Stopping SCM Event Queue.
2022-07-14 05:35:37,217 [Listener at 127.0.0.1/36625] INFO  server.StorageContainerManager (StorageContainerManager.java:stop(1613)) - Stopping SCM HA services.
2022-07-14 05:35:37,218 [Listener at 127.0.0.1/36625] INFO  ha.SCMRatisServerImpl (SCMRatisServerImpl.java:stop(238)) - stopping ratis server 0.0.0.0:34021
2022-07-14 05:35:37,218 [Listener at 127.0.0.1/36625] INFO  server.RaftServer (RaftServerProxy.java:lambda$close$7(398)) - 907b9e7c-2e96-4977-99e4-854b16c13945: close
2022-07-14 05:35:37,221 [Listener at 127.0.0.1/36625] INFO  server.RaftServer$Division (RaftServerImpl.java:lambda$close$4(434)) - 907b9e7c-2e96-4977-99e4-854b16c13945@group-BBF74A919ED0: shutdown
2022-07-14 05:35:37,222 [Listener at 127.0.0.1/36625] INFO  util.JmxRegister (JmxRegister.java:unregister(73)) - Successfully un-registered JMX Bean with object name Ratis:service=RaftServer,group=group-BBF74A919ED0,id=907b9e7c-2e96-4977-99e4-854b16c13945
2022-07-14 05:35:37,222 [Listener at 127.0.0.1/36625] INFO  impl.RoleInfo (RoleInfo.java:shutdownFollowerState(110)) - 907b9e7c-2e96-4977-99e4-854b16c13945: shutdown 907b9e7c-2e96-4977-99e4-854b16c13945@group-BBF74A919ED0-FollowerState
2022-07-14 05:35:37,222 [Listener at 127.0.0.1/36625] INFO  impl.StateMachineUpdater (StateMachineUpdater.java:stopAndJoin(153)) - 907b9e7c-2e96-4977-99e4-854b16c13945@group-BBF74A919ED0-StateMachineUpdater: set stopIndex = 27
2022-07-14 05:35:37,222 [907b9e7c-2e96-4977-99e4-854b16c13945@group-BBF74A919ED0-StateMachineUpdater] INFO  ha.SCMStateMachine (SCMStateMachine.java:takeSnapshot(297)) - Current Snapshot Index 27, takeSnapshot took 0 ms
2022-07-14 05:35:37,222 [907b9e7c-2e96-4977-99e4-854b16c13945@group-BBF74A919ED0-StateMachineUpdater] INFO  impl.StateMachineUpdater (StateMachineUpdater.java:takeSnapshot(287)) - 907b9e7c-2e96-4977-99e4-854b16c13945@group-BBF74A919ED0-StateMachineUpdater: Took a snapshot at index 27
2022-07-14 05:35:37,222 [907b9e7c-2e96-4977-99e4-854b16c13945@group-BBF74A919ED0-StateMachineUpdater] INFO  impl.StateMachineUpdater (StateMachineUpdater.java:lambda$new$0(92)) - 907b9e7c-2e96-4977-99e4-854b16c13945@group-BBF74A919ED0-StateMachineUpdater: snapshotIndex: updateIncreasingly -1 -> 27
2022-07-14 05:35:37,223 [907b9e7c-2e96-4977-99e4-854b16c13945@group-BBF74A919ED0-StateMachineUpdater] INFO  server.StorageContainerManager (StorageContainerManager.java:stop(1514)) - Container Balancer is not running.
2022-07-14 05:35:37,223 [907b9e7c-2e96-4977-99e4-854b16c13945@group-BBF74A919ED0-StateMachineUpdater] INFO  server.StorageContainerManager (StorageContainerManager.java:stop(1521)) - Stopping Replication Manager Service.
2022-07-14 05:35:37,223 [907b9e7c-2e96-4977-99e4-854b16c13945@group-BBF74A919ED0-StateMachineUpdater] INFO  replication.ReplicationManager (ReplicationManager.java:stop(225)) - Replication Monitor Thread is not running.
2022-07-14 05:35:37,223 [907b9e7c-2e96-4977-99e4-854b16c13945@group-BBF74A919ED0-StateMachineUpdater] INFO  server.StorageContainerManager (StorageContainerManager.java:stop(1528)) - Stopping the Datanode Admin Monitor.
2022-07-14 05:35:37,223 [907b9e7c-2e96-4977-99e4-854b16c13945@group-BBF74A919ED0-StateMachineUpdater] INFO  server.StorageContainerManager (StorageContainerManager.java:stop(1535)) - Stopping Lease Manager of the command watchers
2022-07-14 05:35:37,223 [907b9e7c-2e96-4977-99e4-854b16c13945@group-BBF74A919ED0-StateMachineUpdater] ERROR server.StorageContainerManager (StorageContainerManager.java:stop(1538)) - Lease Manager of the command watchers stop failed
2022-07-14 05:35:37,223 [907b9e7c-2e96-4977-99e4-854b16c13945@group-BBF74A919ED0-StateMachineUpdater] INFO  server.StorageContainerManager (StorageContainerManager.java:stop(1542)) - Stopping datanode service RPC server
2022-07-14 05:35:37,223 [907b9e7c-2e96-4977-99e4-854b16c13945@group-BBF74A919ED0-StateMachineUpdater] INFO  server.SCMDatanodeProtocolServer (SCMDatanodeProtocolServer.java:stop(414)) - Stopping the RPC server for DataNodes
2022-07-14 05:35:37,223 [907b9e7c-2e96-4977-99e4-854b16c13945@group-BBF74A919ED0-StateMachineUpdater] INFO  ipc.Server (Server.java:stop(3414)) - Stopping server on 44189
2022-07-14 05:35:37,223 [907b9e7c-2e96-4977-99e4-854b16c13945@group-BBF74A919ED0-StateMachineUpdater] INFO  server.StorageContainerManager (StorageContainerManager.java:stop(1550)) - Stopping block service RPC server
2022-07-14 05:35:37,222 [907b9e7c-2e96-4977-99e4-854b16c13945@group-BBF74A919ED0-FollowerState] INFO  impl.FollowerState (FollowerState.java:run(152)) - 907b9e7c-2e96-4977-99e4-854b16c13945@group-BBF74A919ED0-FollowerState was interrupted
2022-07-14 05:35:37,223 [907b9e7c-2e96-4977-99e4-854b16c13945@group-BBF74A919ED0-StateMachineUpdater] INFO  server.SCMBlockProtocolServer (SCMBlockProtocolServer.java:stop(161)) - Stopping the RPC server for Block Protocol
2022-07-14 05:35:37,224 [907b9e7c-2e96-4977-99e4-854b16c13945@group-BBF74A919ED0-StateMachineUpdater] INFO  ipc.Server (Server.java:stop(3414)) - Stopping server on 40433
2022-07-14 05:35:37,224 [907b9e7c-2e96-4977-99e4-854b16c13945@group-BBF74A919ED0-StateMachineUpdater] INFO  server.StorageContainerManager (StorageContainerManager.java:stop(1557)) - Stopping the StorageContainerLocationProtocol RPC server
2022-07-14 05:35:37,224 [907b9e7c-2e96-4977-99e4-854b16c13945@group-BBF74A919ED0-StateMachineUpdater] INFO  server.SCMClientProtocolServer (SCMClientProtocolServer.java:stop(179)) - Stopping the RPC server for Client Protocol
2022-07-14 05:35:37,224 [907b9e7c-2e96-4977-99e4-854b16c13945@group-BBF74A919ED0-StateMachineUpdater] INFO  ipc.Server (Server.java:stop(3414)) - Stopping server on 43479
2022-07-14 05:35:37,224 [907b9e7c-2e96-4977-99e4-854b16c13945@group-BBF74A919ED0-StateMachineUpdater] INFO  server.StorageContainerManager (StorageContainerManager.java:stop(1564)) - Stopping Storage Container Manager HTTP server.
2022-07-14 05:35:37,225 [907b9e7c-2e96-4977-99e4-854b16c13945@group-BBF74A919ED0-StateMachineUpdater] INFO  server.StorageContainerManager (StorageContainerManager.java:stop(1575)) - Stopping Block Manager Service.
2022-07-14 05:35:37,225 [907b9e7c-2e96-4977-99e4-854b16c13945@group-BBF74A919ED0-StateMachineUpdater] INFO  utils.BackgroundService (BackgroundService.java:shutdown(132)) - Shutting down service SCMBlockDeletingService
2022-07-14 05:35:37,225 [907b9e7c-2e96-4977-99e4-854b16c13945@group-BBF74A919ED0-StateMachineUpdater] INFO  utils.BackgroundService (BackgroundService.java:shutdown(132)) - Shutting down service SCMBlockDeletingService
2022-07-14 05:35:37,225 [907b9e7c-2e96-4977-99e4-854b16c13945@group-BBF74A919ED0-StateMachineUpdater] INFO  server.StorageContainerManager (StorageContainerManager.java:stop(1602)) - Stopping SCM Event Queue.
2022-07-14 05:35:37,225 [907b9e7c-2e96-4977-99e4-854b16c13945@group-BBF74A919ED0-StateMachineUpdater] INFO  server.StorageContainerManager (StorageContainerManager.java:stop(1613)) - Stopping SCM HA services.
2022-07-14 05:35:37,225 [907b9e7c-2e96-4977-99e4-854b16c13945@group-BBF74A919ED0-StateMachineUpdater] INFO  ha.SCMRatisServerImpl (SCMRatisServerImpl.java:stop(238)) - stopping ratis server 0.0.0.0:34021
2022-07-14 05:35:37,225 [org.apache.ratis.util.JvmPauseMonitor$$Lambda$519/2035454069@70ab73f2] INFO  util.JvmPauseMonitor (JvmPauseMonitor.java:run(109)) - JvmPauseMonitor-907b9e7c-2e96-4977-99e4-854b16c13945: Stopped
2022-07-14 05:35:37,226 [907b9e7c-2e96-4977-99e4-854b16c13945@group-BBF74A919ED0-StateMachineUpdater] INFO  pipeline.BackgroundPipelineCreator (BackgroundPipelineCreator.java:stop(149)) - Stopping RatisPipelineUtilsThread.
2022-07-14 05:35:37,226 [RatisPipelineUtilsThread - 0] WARN  pipeline.BackgroundPipelineCreator (BackgroundPipelineCreator.java:run(180)) - RatisPipelineUtilsThread is interrupted.
2022-07-14 05:35:37,226 [907b9e7c-2e96-4977-99e4-854b16c13945@group-BBF74A919ED0-StateMachineUpdater] INFO  BackgroundPipelineScrubber (BackgroundSCMService.java:stop(126)) - Stopping BackgroundPipelineScrubber Service.
2022-07-14 05:35:37,226 [BackgroundPipelineScrubberThread] WARN  BackgroundPipelineScrubber (BackgroundSCMService.java:run(110)) - BackgroundPipelineScrubber is interrupted, exit
2022-07-14 05:35:37,226 [907b9e7c-2e96-4977-99e4-854b16c13945@group-BBF74A919ED0-StateMachineUpdater] INFO  server.StorageContainerManager (StorageContainerManager.java:stop(1623)) - Stopping SCM MetadataStore.
2022-07-14 05:35:37,227 [907b9e7c-2e96-4977-99e4-854b16c13945@group-BBF74A919ED0-StateMachineUpdater] INFO  impl.MetricsSystemImpl (MetricsSystemImpl.java:stop(205)) - HddsDatanode metrics system stopped (again)
2022-07-14 05:35:37,227 [907b9e7c-2e96-4977-99e4-854b16c13945@group-BBF74A919ED0-StateMachineUpdater] ERROR server.StorageContainerManager (ExitUtils.java:terminate(133)) - Terminating with exit status 1: scm statemachine is closed by ratis, terminate SCM
2022-07-14 05:35:37,227 [907b9e7c-2e96-4977-99e4-854b16c13945@group-BBF74A919ED0-StateMachineUpdater] WARN  impl.StateMachineUpdater (StateMachineUpdater.java:stop(137)) - 907b9e7c-2e96-4977-99e4-854b16c13945@group-BBF74A919ED0-StateMachineUpdater: Failed to close SCMStateMachine SCMStateMachine:907b9e7c-2e96-4977-99e4-854b16c13945:group-BBF74A919ED0
org.apache.ratis.util.ExitUtils$ExitException: scm statemachine is closed by ratis, terminate SCM
	at org.apache.ratis.util.ExitUtils.terminate(ExitUtils.java:141)
	at org.apache.ratis.util.ExitUtils.terminate(ExitUtils.java:151)
	at org.apache.ratis.util.ExitUtils.terminate(ExitUtils.java:155)
	at org.apache.hadoop.hdds.scm.server.StorageContainerManager.shutDown(StorageContainerManager.java:1639)
	at org.apache.hadoop.hdds.scm.ha.SCMStateMachine.close(SCMStateMachine.java:403)
	at org.apache.ratis.server.impl.StateMachineUpdater.stop(StateMachineUpdater.java:134)
	at org.apache.ratis.server.impl.StateMachineUpdater.run(StateMachineUpdater.java:187)
	at java.lang.Thread.run(Thread.java:750)
2022-07-14 05:35:37,228 [Listener at 127.0.0.1/36625] INFO  server.RaftServer$Division (ServerState.java:close(429)) - 907b9e7c-2e96-4977-99e4-854b16c13945@group-BBF74A919ED0: closes. applyIndex: 26
2022-07-14 05:35:37,228 [907b9e7c-2e96-4977-99e4-854b16c13945@group-BBF74A919ED0-SegmentedRaftLogWorker] INFO  segmented.SegmentedRaftLogWorker (SegmentedRaftLogWorker.java:run(336)) - 907b9e7c-2e96-4977-99e4-854b16c13945@group-BBF74A919ED0-SegmentedRaftLogWorker was interrupted, exiting. There are 0 tasks remaining in the queue.
2022-07-14 05:35:37,230 [Listener at 127.0.0.1/36625] INFO  segmented.SegmentedRaftLogWorker (SegmentedRaftLogWorker.java:close(246)) - 907b9e7c-2e96-4977-99e4-854b16c13945@group-BBF74A919ED0-SegmentedRaftLogWorker close()
2022-07-14 05:35:37,232 [Listener at 127.0.0.1/36625] INFO  server.GrpcService (GrpcService.java:closeImpl(269)) - 907b9e7c-2e96-4977-99e4-854b16c13945: shutdown server with port 34021 now
2022-07-14 05:35:37,234 [Listener at 127.0.0.1/36625] INFO  server.GrpcService (GrpcService.java:closeImpl(278)) - 907b9e7c-2e96-4977-99e4-854b16c13945: shutdown server with port 34021 successfully
2022-07-14 05:35:37,234 [Listener at 127.0.0.1/36625] WARN  pipeline.BackgroundPipelineCreator (BackgroundPipelineCreator.java:stop(145)) - RatisPipelineUtilsThread is not running, just ignore.
2022-07-14 05:35:37,234 [Listener at 127.0.0.1/36625] INFO  BackgroundPipelineScrubber (BackgroundSCMService.java:stop(121)) - BackgroundPipelineScrubber Service is not running, skip stop.
2022-07-14 05:35:37,234 [Listener at 127.0.0.1/36625] INFO  server.StorageContainerManager (StorageContainerManager.java:stop(1623)) - Stopping SCM MetadataStore.
2022-07-14 05:35:37,234 [Listener at 127.0.0.1/36625] INFO  impl.MetricsSystemImpl (MetricsSystemImpl.java:stop(205)) - HddsDatanode metrics system stopped (again)
2022-07-14 05:35:37,235 [Listener at 127.0.0.1/36625] INFO  ozone.MiniOzoneHAClusterImpl (MiniOzoneHAClusterImpl.java:stop(320)) - Stopping the StorageContainerManager c5ffeb5e-3634-4360-91c9-d598b29e1477
2022-07-14 05:35:37,235 [Listener at 127.0.0.1/36625] INFO  server.StorageContainerManager (StorageContainerManager.java:stop(1514)) - Container Balancer is not running.
2022-07-14 05:35:37,235 [Listener at 127.0.0.1/36625] INFO  server.StorageContainerManager (StorageContainerManager.java:stop(1521)) - Stopping Replication Manager Service.
2022-07-14 05:35:37,235 [Listener at 127.0.0.1/36625] INFO  replication.ReplicationManager (ReplicationManager.java:stop(219)) - Stopping Replication Monitor Thread.
2022-07-14 05:35:37,235 [grpc-default-executor-3] WARN  server.GrpcServerProtocolService (LogUtils.java:warn(122)) - 907b9e7c-2e96-4977-99e4-854b16c13945: installSnapshot onError, lastRequest: c5ffeb5e-3634-4360-91c9-d598b29e1477->907b9e7c-2e96-4977-99e4-854b16c13945#877-t2,previous=(t:2, i:27),leaderCommit=27,initializing? true,entries: size=1, first=(t:2, i:28), METADATAENTRY(c:27): org.apache.ratis.thirdparty.io.grpc.StatusRuntimeException: CANCELLED: client cancelled
2022-07-14 05:35:37,235 [ReplicationMonitor] INFO  replication.ReplicationManager (ReplicationManager.java:run(389)) - Replication Monitor Thread is stopped
2022-07-14 05:35:37,235 [grpc-default-executor-2] WARN  server.GrpcLogAppender (LogUtils.java:warn(122)) - c5ffeb5e-3634-4360-91c9-d598b29e1477@group-BBF74A919ED0->907b9e7c-2e96-4977-99e4-854b16c13945-AppendLogResponseHandler: Failed appendEntries: org.apache.ratis.thirdparty.io.grpc.StatusRuntimeException: CANCELLED: RST_STREAM closed stream. HTTP/2 error code: CANCEL
2022-07-14 05:35:37,235 [Listener at 127.0.0.1/36625] INFO  server.StorageContainerManager (StorageContainerManager.java:stop(1528)) - Stopping the Datanode Admin Monitor.
2022-07-14 05:35:37,235 [grpc-default-executor-2] INFO  leader.FollowerInfo (FollowerInfoImpl.java:lambda$new$0(48)) - c5ffeb5e-3634-4360-91c9-d598b29e1477@group-BBF74A919ED0->907b9e7c-2e96-4977-99e4-854b16c13945: nextIndex: updateUnconditionally 29 -> 28
2022-07-14 05:35:37,236 [Listener at 127.0.0.1/36625] INFO  server.StorageContainerManager (StorageContainerManager.java:stop(1535)) - Stopping Lease Manager of the command watchers
2022-07-14 05:35:37,236 [Listener at 127.0.0.1/36625] INFO  server.StorageContainerManager (StorageContainerManager.java:stop(1542)) - Stopping datanode service RPC server
2022-07-14 05:35:37,236 [Listener at 127.0.0.1/36625] INFO  server.SCMDatanodeProtocolServer (SCMDatanodeProtocolServer.java:stop(414)) - Stopping the RPC server for DataNodes
2022-07-14 05:35:37,236 [Listener at 127.0.0.1/36625] INFO  ipc.Server (Server.java:stop(3414)) - Stopping server on 36365
2022-07-14 05:35:37,244 [grpc-default-executor-3] WARN  server.GrpcLogAppender (LogUtils.java:warn(122)) - c5ffeb5e-3634-4360-91c9-d598b29e1477@group-BBF74A919ED0->907b9e7c-2e96-4977-99e4-854b16c13945-AppendLogResponseHandler: Failed appendEntries: org.apache.ratis.thirdparty.io.grpc.StatusRuntimeException: UNAVAILABLE: io exception
2022-07-14 05:35:37,245 [IPC Server listener on 36365] INFO  ipc.Server (Server.java:run(1376)) - Stopping IPC Server listener on 36365
2022-07-14 05:35:37,245 [grpc-default-executor-3] INFO  leader.FollowerInfo (FollowerInfoImpl.java:lambda$new$0(48)) - c5ffeb5e-3634-4360-91c9-d598b29e1477@group-BBF74A919ED0->907b9e7c-2e96-4977-99e4-854b16c13945: nextIndex: updateUnconditionally 29 -> 28
2022-07-14 05:35:37,248 [IPC Server Responder] INFO  ipc.Server (Server.java:run(1512)) - Stopping IPC Server Responder
2022-07-14 05:35:37,380 [EndpointStateMachine task thread for /127.0.0.1:43653 - 0 ] WARN  statemachine.EndpointStateMachine (EndpointStateMachine.java:logIfNeeded(236)) - Unable to communicate to SCM server at 127.0.0.1:43653 for past 0 seconds.
java.io.EOFException: End of File Exception between local host is: "fv-az444-907/10.1.0.30"; destination host is: "localhost":43653; : java.io.EOFException; For more details see:  http://wiki.apache.org/hadoop/EOFException
	at sun.reflect.NativeConstructorAccessorImpl.newInstance0(Native Method)
	at sun.reflect.NativeConstructorAccessorImpl.newInstance(NativeConstructorAccessorImpl.java:62)
	at sun.reflect.DelegatingConstructorAccessorImpl.newInstance(DelegatingConstructorAccessorImpl.java:45)
	at java.lang.reflect.Constructor.newInstance(Constructor.java:423)
	at org.apache.hadoop.net.NetUtils.wrapWithMessage(NetUtils.java:913)
	at org.apache.hadoop.net.NetUtils.wrapException(NetUtils.java:862)
	at org.apache.hadoop.ipc.Client.getRpcResponse(Client.java:1577)
	at org.apache.hadoop.ipc.Client.call(Client.java:1519)
	at org.apache.hadoop.ipc.Client.call(Client.java:1416)
	at org.apache.hadoop.ipc.ProtobufRpcEngine$Invoker.invoke(ProtobufRpcEngine.java:236)
	at org.apache.hadoop.ipc.ProtobufRpcEngine$Invoker.invoke(ProtobufRpcEngine.java:123)
	at com.sun.proxy.$Proxy51.submitRequest(Unknown Source)
	at org.apache.hadoop.ozone.protocolPB.StorageContainerDatanodeProtocolClientSideTranslatorPB.submitRequest(StorageContainerDatanodeProtocolClientSideTranslatorPB.java:117)
	at org.apache.hadoop.ozone.protocolPB.StorageContainerDatanodeProtocolClientSideTranslatorPB.sendHeartbeat(StorageContainerDatanodeProtocolClientSideTranslatorPB.java:149)
	at org.apache.hadoop.ozone.container.common.states.endpoint.HeartbeatEndpointTask.call(HeartbeatEndpointTask.java:185)
	at org.apache.hadoop.ozone.container.common.states.endpoint.HeartbeatEndpointTask.call(HeartbeatEndpointTask.java:87)
	at java.util.concurrent.FutureTask.run(FutureTask.java:266)
	at java.util.concurrent.ThreadPoolExecutor.runWorker(ThreadPoolExecutor.java:1149)
	at java.util.concurrent.ThreadPoolExecutor$Worker.run(ThreadPoolExecutor.java:624)
	at java.lang.Thread.run(Thread.java:750)
Caused by: java.io.EOFException
	at java.io.DataInputStream.readInt(DataInputStream.java:392)
	at org.apache.hadoop.ipc.Client$IpcStreams.readResponse(Client.java:1892)
	at org.apache.hadoop.ipc.Client$Connection.receiveRpcResponse(Client.java:1202)
	at org.apache.hadoop.ipc.Client$Connection.run(Client.java:1098)
2022-07-14 05:35:37,380 [EndpointStateMachine task thread for /127.0.0.1:44189 - 0 ] WARN  statemachine.EndpointStateMachine (EndpointStateMachine.java:logIfNeeded(236)) - Unable to communicate to SCM server at 127.0.0.1:44189 for past 0 seconds.
java.io.EOFException: End of File Exception between local host is: "fv-az444-907/10.1.0.30"; destination host is: "localhost":44189; : java.io.EOFException; For more details see:  http://wiki.apache.org/hadoop/EOFException
	at sun.reflect.NativeConstructorAccessorImpl.newInstance0(Native Method)
	at sun.reflect.NativeConstructorAccessorImpl.newInstance(NativeConstructorAccessorImpl.java:62)
	at sun.reflect.DelegatingConstructorAccessorImpl.newInstance(DelegatingConstructorAccessorImpl.java:45)
	at java.lang.reflect.Constructor.newInstance(Constructor.java:423)
	at org.apache.hadoop.net.NetUtils.wrapWithMessage(NetUtils.java:913)
	at org.apache.hadoop.net.NetUtils.wrapException(NetUtils.java:862)
	at org.apache.hadoop.ipc.Client.getRpcResponse(Client.java:1577)
	at org.apache.hadoop.ipc.Client.call(Client.java:1519)
	at org.apache.hadoop.ipc.Client.call(Client.java:1416)
	at org.apache.hadoop.ipc.ProtobufRpcEngine$Invoker.invoke(ProtobufRpcEngine.java:236)
	at org.apache.hadoop.ipc.ProtobufRpcEngine$Invoker.invoke(ProtobufRpcEngine.java:123)
	at com.sun.proxy.$Proxy51.submitRequest(Unknown Source)
	at org.apache.hadoop.ozone.protocolPB.StorageContainerDatanodeProtocolClientSideTranslatorPB.submitRequest(StorageContainerDatanodeProtocolClientSideTranslatorPB.java:117)
	at org.apache.hadoop.ozone.protocolPB.StorageContainerDatanodeProtocolClientSideTranslatorPB.sendHeartbeat(StorageContainerDatanodeProtocolClientSideTranslatorPB.java:149)
	at org.apache.hadoop.ozone.container.common.states.endpoint.HeartbeatEndpointTask.call(HeartbeatEndpointTask.java:185)
	at org.apache.hadoop.ozone.container.common.states.endpoint.HeartbeatEndpointTask.call(HeartbeatEndpointTask.java:87)
	at java.util.concurrent.FutureTask.run(FutureTask.java:266)
	at java.util.concurrent.ThreadPoolExecutor.runWorker(ThreadPoolExecutor.java:1149)
	at java.util.concurrent.ThreadPoolExecutor$Worker.run(ThreadPoolExecutor.java:624)
	at java.lang.Thread.run(Thread.java:750)
Caused by: java.io.EOFException
	at java.io.DataInputStream.readInt(DataInputStream.java:392)
	at org.apache.hadoop.ipc.Client$IpcStreams.readResponse(Client.java:1892)
	at org.apache.hadoop.ipc.Client$Connection.receiveRpcResponse(Client.java:1202)
	at org.apache.hadoop.ipc.Client$Connection.run(Client.java:1098)
2022-07-14 05:35:37,380 [EndpointStateMachine task thread for /127.0.0.1:36365 - 0 ] WARN  statemachine.EndpointStateMachine (EndpointStateMachine.java:logIfNeeded(236)) - Unable to communicate to SCM server at 127.0.0.1:36365 for past 0 seconds.
java.io.EOFException: End of File Exception between local host is: "fv-az444-907/10.1.0.30"; destination host is: "localhost":36365; : java.io.EOFException; For more details see:  http://wiki.apache.org/hadoop/EOFException
	at sun.reflect.NativeConstructorAccessorImpl.newInstance0(Native Method)
	at sun.reflect.NativeConstructorAccessorImpl.newInstance(NativeConstructorAccessorImpl.java:62)
	at sun.reflect.DelegatingConstructorAccessorImpl.newInstance(DelegatingConstructorAccessorImpl.java:45)
	at java.lang.reflect.Constructor.newInstance(Constructor.java:423)
	at org.apache.hadoop.net.NetUtils.wrapWithMessage(NetUtils.java:913)
	at org.apache.hadoop.net.NetUtils.wrapException(NetUtils.java:862)
	at org.apache.hadoop.ipc.Client.getRpcResponse(Client.java:1577)
	at org.apache.hadoop.ipc.Client.call(Client.java:1519)
	at org.apache.hadoop.ipc.Client.call(Client.java:1416)
	at org.apache.hadoop.ipc.ProtobufRpcEngine$Invoker.invoke(ProtobufRpcEngine.java:236)
	at org.apache.hadoop.ipc.ProtobufRpcEngine$Invoker.invoke(ProtobufRpcEngine.java:123)
	at com.sun.proxy.$Proxy51.submitRequest(Unknown Source)
	at org.apache.hadoop.ozone.protocolPB.StorageContainerDatanodeProtocolClientSideTranslatorPB.submitRequest(StorageContainerDatanodeProtocolClientSideTranslatorPB.java:117)
	at org.apache.hadoop.ozone.protocolPB.StorageContainerDatanodeProtocolClientSideTranslatorPB.sendHeartbeat(StorageContainerDatanodeProtocolClientSideTranslatorPB.java:149)
	at org.apache.hadoop.ozone.container.common.states.endpoint.HeartbeatEndpointTask.call(HeartbeatEndpointTask.java:185)
	at org.apache.hadoop.ozone.container.common.states.endpoint.HeartbeatEndpointTask.call(HeartbeatEndpointTask.java:87)
	at java.util.concurrent.FutureTask.run(FutureTask.java:266)
	at java.util.concurrent.ThreadPoolExecutor.runWorker(ThreadPoolExecutor.java:1149)
	at java.util.concurrent.ThreadPoolExecutor$Worker.run(ThreadPoolExecutor.java:624)
	at java.lang.Thread.run(Thread.java:750)
Caused by: java.io.EOFException
	at java.io.DataInputStream.readInt(DataInputStream.java:392)
	at org.apache.hadoop.ipc.Client$IpcStreams.readResponse(Client.java:1892)
	at org.apache.hadoop.ipc.Client$Connection.receiveRpcResponse(Client.java:1202)
	at org.apache.hadoop.ipc.Client$Connection.run(Client.java:1098)
2022-07-14 05:35:38,227 [grpc-default-executor-3] WARN  server.GrpcLogAppender (LogUtils.java:warn(122)) - c5ffeb5e-3634-4360-91c9-d598b29e1477@group-BBF74A919ED0->907b9e7c-2e96-4977-99e4-854b16c13945-AppendLogResponseHandler: Failed appendEntries: org.apache.ratis.thirdparty.io.grpc.StatusRuntimeException: UNAVAILABLE: io exception
2022-07-14 05:35:38,228 [grpc-default-executor-3] INFO  leader.FollowerInfo (FollowerInfoImpl.java:lambda$new$0(48)) - c5ffeb5e-3634-4360-91c9-d598b29e1477@group-BBF74A919ED0->907b9e7c-2e96-4977-99e4-854b16c13945: nextIndex: updateUnconditionally 28 -> 27
2022-07-14 05:35:38,230 [grpc-default-executor-2] WARN  server.GrpcLogAppender (LogUtils.java:warn(122)) - c5ffeb5e-3634-4360-91c9-d598b29e1477@group-BBF74A919ED0->907b9e7c-2e96-4977-99e4-854b16c13945-AppendLogResponseHandler: Failed appendEntries: org.apache.ratis.thirdparty.io.grpc.StatusRuntimeException: UNAVAILABLE: io exception
2022-07-14 05:35:38,231 [grpc-default-executor-2] INFO  leader.FollowerInfo (FollowerInfoImpl.java:lambda$new$0(48)) - c5ffeb5e-3634-4360-91c9-d598b29e1477@group-BBF74A919ED0->907b9e7c-2e96-4977-99e4-854b16c13945: nextIndex: updateUnconditionally 29 -> 28
2022-07-14 05:35:38,237 [grpc-default-executor-2] WARN  server.GrpcLogAppender (LogUtils.java:warn(122)) - c5ffeb5e-3634-4360-91c9-d598b29e1477@group-BBF74A919ED0->2dd1b2fa-668a-4f00-b120-82156fdca129-AppendLogResponseHandler: Failed appendEntries: org.apache.ratis.thirdparty.io.grpc.StatusRuntimeException: UNAVAILABLE: io exception
2022-07-14 05:35:38,238 [grpc-default-executor-2] INFO  leader.FollowerInfo (FollowerInfoImpl.java:lambda$new$0(48)) - c5ffeb5e-3634-4360-91c9-d598b29e1477@group-BBF74A919ED0->2dd1b2fa-668a-4f00-b120-82156fdca129: nextIndex: updateUnconditionally 29 -> 28
2022-07-14 05:35:38,678 [EndpointStateMachine task thread for /127.0.0.1:44189 - 0 ] INFO  ipc.Client (Client.java:handleConnectionFailure(977)) - Retrying connect to server: localhost/127.0.0.1:44189. Already tried 0 time(s); retry policy is RetryUpToMaximumCountWithFixedSleep(maxRetries=15, sleepTime=1000 MILLISECONDS)
2022-07-14 05:35:38,681 [EndpointStateMachine task thread for /127.0.0.1:43653 - 0 ] INFO  ipc.Client (Client.java:handleConnectionFailure(977)) - Retrying connect to server: localhost/127.0.0.1:43653. Already tried 0 time(s); retry policy is RetryUpToMaximumCountWithFixedSleep(maxRetries=15, sleepTime=1000 MILLISECONDS)
2022-07-14 05:35:38,681 [EndpointStateMachine task thread for /127.0.0.1:36365 - 0 ] INFO  ipc.Client (Client.java:handleConnectionFailure(977)) - Retrying connect to server: localhost/127.0.0.1:36365. Already tried 0 time(s); retry policy is RetryUpToMaximumCountWithFixedSleep(maxRetries=15, sleepTime=1000 MILLISECONDS)
2022-07-14 05:35:38,943 [SCM Heartbeat Processing Thread - 0] WARN  node.NodeStateManager (NodeStateManager.java:scheduleNextHealthCheck(870)) - Current Thread is interrupted, shutting down HB processing thread for Node Manager.
2022-07-14 05:35:38,944 [Listener at 127.0.0.1/36625] INFO  server.StorageContainerManager (StorageContainerManager.java:stop(1550)) - Stopping block service RPC server
2022-07-14 05:35:38,944 [Listener at 127.0.0.1/36625] INFO  server.SCMBlockProtocolServer (SCMBlockProtocolServer.java:stop(161)) - Stopping the RPC server for Block Protocol
2022-07-14 05:35:38,944 [Listener at 127.0.0.1/36625] INFO  ipc.Server (Server.java:stop(3414)) - Stopping server on 44131
2022-07-14 05:35:38,958 [IPC Server Responder] INFO  ipc.Server (Server.java:run(1512)) - Stopping IPC Server Responder
2022-07-14 05:35:38,958 [Listener at 127.0.0.1/36625] INFO  server.StorageContainerManager (StorageContainerManager.java:stop(1557)) - Stopping the StorageContainerLocationProtocol RPC server
2022-07-14 05:35:38,958 [Listener at 127.0.0.1/36625] INFO  server.SCMClientProtocolServer (SCMClientProtocolServer.java:stop(179)) - Stopping the RPC server for Client Protocol
2022-07-14 05:35:38,958 [IPC Server listener on 44131] INFO  ipc.Server (Server.java:run(1376)) - Stopping IPC Server listener on 44131
2022-07-14 05:35:38,958 [Listener at 127.0.0.1/36625] INFO  ipc.Server (Server.java:stop(3414)) - Stopping server on 34295
2022-07-14 05:35:38,963 [IPC Server listener on 34295] INFO  ipc.Server (Server.java:run(1376)) - Stopping IPC Server listener on 34295
2022-07-14 05:35:38,968 [Listener at 127.0.0.1/36625] INFO  server.StorageContainerManager (StorageContainerManager.java:stop(1564)) - Stopping Storage Container Manager HTTP server.
2022-07-14 05:35:38,968 [IPC Server Responder] INFO  ipc.Server (Server.java:run(1512)) - Stopping IPC Server Responder
2022-07-14 05:35:38,970 [Listener at 127.0.0.1/36625] INFO  handler.ContextHandler (ContextHandler.java:doStop(1153)) - Stopped o.e.j.w.WebAppContext@51d61f0b{scm,/,null,STOPPED}{file:/home/runner/work/ozone/ozone/hadoop-ozone/integration-test/target/test-classes/webapps/scm}
2022-07-14 05:35:38,971 [Listener at 127.0.0.1/36625] INFO  server.AbstractConnector (AbstractConnector.java:doStop(381)) - Stopped ServerConnector@22719e82{HTTP/1.1, (http/1.1)}{0.0.0.0:44431}
2022-07-14 05:35:38,971 [Listener at 127.0.0.1/36625] INFO  server.session (HouseKeeper.java:stopScavenging(149)) - node0 Stopped scavenging
2022-07-14 05:35:38,971 [Listener at 127.0.0.1/36625] INFO  handler.ContextHandler (ContextHandler.java:doStop(1153)) - Stopped o.e.j.s.ServletContextHandler@9a63647{static,/static,file:///home/runner/work/ozone/ozone/hadoop-ozone/integration-test/target/test-classes/webapps/static,STOPPED}
2022-07-14 05:35:38,972 [Listener at 127.0.0.1/36625] INFO  handler.ContextHandler (ContextHandler.java:doStop(1153)) - Stopped o.e.j.s.ServletContextHandler@6c65e96b{logs,/logs,file:///home/runner/work/ozone/ozone/hadoop-ozone/integration-test/target/log,STOPPED}
2022-07-14 05:35:38,972 [Listener at 127.0.0.1/36625] INFO  server.StorageContainerManager (StorageContainerManager.java:stop(1575)) - Stopping Block Manager Service.
2022-07-14 05:35:38,973 [Listener at 127.0.0.1/36625] INFO  utils.BackgroundService (BackgroundService.java:shutdown(132)) - Shutting down service SCMBlockDeletingService
2022-07-14 05:35:38,973 [Listener at 127.0.0.1/36625] INFO  utils.BackgroundService (BackgroundService.java:shutdown(132)) - Shutting down service SCMBlockDeletingService
2022-07-14 05:35:38,973 [Listener at 127.0.0.1/36625] INFO  server.StorageContainerManager (StorageContainerManager.java:stop(1602)) - Stopping SCM Event Queue.
2022-07-14 05:35:38,975 [Listener at 127.0.0.1/36625] INFO  server.StorageContainerManager (StorageContainerManager.java:stop(1613)) - Stopping SCM HA services.
2022-07-14 05:35:38,975 [Listener at 127.0.0.1/36625] INFO  ha.SCMRatisServerImpl (SCMRatisServerImpl.java:stop(238)) - stopping ratis server 0.0.0.0:44253
2022-07-14 05:35:38,976 [Listener at 127.0.0.1/36625] INFO  server.RaftServer (RaftServerProxy.java:lambda$close$7(398)) - c5ffeb5e-3634-4360-91c9-d598b29e1477: close
2022-07-14 05:35:38,976 [Listener at 127.0.0.1/36625] INFO  server.RaftServer$Division (RaftServerImpl.java:lambda$close$4(434)) - c5ffeb5e-3634-4360-91c9-d598b29e1477@group-BBF74A919ED0: shutdown
2022-07-14 05:35:38,976 [Listener at 127.0.0.1/36625] INFO  util.JmxRegister (JmxRegister.java:unregister(73)) - Successfully un-registered JMX Bean with object name Ratis:service=RaftServer,group=group-BBF74A919ED0,id=c5ffeb5e-3634-4360-91c9-d598b29e1477
2022-07-14 05:35:38,976 [Listener at 127.0.0.1/36625] INFO  impl.RoleInfo (RoleInfo.java:shutdownLeaderState(93)) - c5ffeb5e-3634-4360-91c9-d598b29e1477: shutdown c5ffeb5e-3634-4360-91c9-d598b29e1477@group-BBF74A919ED0-LeaderStateImpl
2022-07-14 05:35:38,976 [c5ffeb5e-3634-4360-91c9-d598b29e1477@group-BBF74A919ED0->907b9e7c-2e96-4977-99e4-854b16c13945-GrpcLogAppender-LogAppenderDaemon] WARN  server.GrpcLogAppender (GrpcLogAppender.java:mayWait(171)) - c5ffeb5e-3634-4360-91c9-d598b29e1477@group-BBF74A919ED0->907b9e7c-2e96-4977-99e4-854b16c13945-GrpcLogAppender: Wait interrupted by java.lang.InterruptedException
2022-07-14 05:35:38,976 [c5ffeb5e-3634-4360-91c9-d598b29e1477@group-BBF74A919ED0->2dd1b2fa-668a-4f00-b120-82156fdca129-GrpcLogAppender-LogAppenderDaemon] WARN  server.GrpcLogAppender (GrpcLogAppender.java:mayWait(171)) - c5ffeb5e-3634-4360-91c9-d598b29e1477@group-BBF74A919ED0->2dd1b2fa-668a-4f00-b120-82156fdca129-GrpcLogAppender: Wait interrupted by java.lang.InterruptedException
2022-07-14 05:35:38,977 [Listener at 127.0.0.1/36625] INFO  impl.PendingRequests (PendingRequests.java:sendNotLeaderResponses(282)) - c5ffeb5e-3634-4360-91c9-d598b29e1477@group-BBF74A919ED0-PendingRequests: sendNotLeaderResponses
2022-07-14 05:35:38,977 [Listener at 127.0.0.1/36625] INFO  ha.SCMStateMachine (SCMStateMachine.java:notifyNotLeader(190)) - current leader SCM steps down.
2022-07-14 05:35:38,977 [Listener at 127.0.0.1/36625] INFO  ha.SCMContext (SCMContext.java:updateLeaderAndTerm(99)) - update <isLeader,term> from <true,2> to <false,0>
2022-07-14 05:35:38,977 [Listener at 127.0.0.1/36625] INFO  ha.SCMContext (SCMContext.java:updateLeaderAndTerm(106)) - update <isLeaderReady> from <false> to <false>
2022-07-14 05:35:38,977 [Listener at 127.0.0.1/36625] INFO  BackgroundPipelineScrubber (BackgroundSCMService.java:notifyStatusChanged(88)) - Service BackgroundPipelineScrubber transitions to PAUSING.
2022-07-14 05:35:38,978 [Listener at 127.0.0.1/36625] INFO  ExpiredContainerReplicaOpScrubber (BackgroundSCMService.java:notifyStatusChanged(88)) - Service ExpiredContainerReplicaOpScrubber transitions to PAUSING.
2022-07-14 05:35:38,979 [Listener at 127.0.0.1/36625] INFO  impl.StateMachineUpdater (StateMachineUpdater.java:stopAndJoin(153)) - c5ffeb5e-3634-4360-91c9-d598b29e1477@group-BBF74A919ED0-StateMachineUpdater: set stopIndex = 28
2022-07-14 05:35:38,979 [c5ffeb5e-3634-4360-91c9-d598b29e1477@group-BBF74A919ED0-StateMachineUpdater] INFO  ha.SCMStateMachine (SCMStateMachine.java:takeSnapshot(297)) - Current Snapshot Index 28, takeSnapshot took 1 ms
2022-07-14 05:35:38,979 [c5ffeb5e-3634-4360-91c9-d598b29e1477@group-BBF74A919ED0-StateMachineUpdater] INFO  impl.StateMachineUpdater (StateMachineUpdater.java:takeSnapshot(287)) - c5ffeb5e-3634-4360-91c9-d598b29e1477@group-BBF74A919ED0-StateMachineUpdater: Took a snapshot at index 28
2022-07-14 05:35:38,979 [c5ffeb5e-3634-4360-91c9-d598b29e1477@group-BBF74A919ED0-StateMachineUpdater] INFO  impl.StateMachineUpdater (StateMachineUpdater.java:lambda$new$0(92)) - c5ffeb5e-3634-4360-91c9-d598b29e1477@group-BBF74A919ED0-StateMachineUpdater: snapshotIndex: updateIncreasingly -1 -> 28
2022-07-14 05:35:38,979 [c5ffeb5e-3634-4360-91c9-d598b29e1477@group-BBF74A919ED0-StateMachineUpdater] INFO  server.StorageContainerManager (StorageContainerManager.java:stop(1514)) - Container Balancer is not running.
2022-07-14 05:35:38,979 [c5ffeb5e-3634-4360-91c9-d598b29e1477@group-BBF74A919ED0-StateMachineUpdater] INFO  server.StorageContainerManager (StorageContainerManager.java:stop(1521)) - Stopping Replication Manager Service.
2022-07-14 05:35:38,979 [c5ffeb5e-3634-4360-91c9-d598b29e1477@group-BBF74A919ED0-StateMachineUpdater] INFO  replication.ReplicationManager (ReplicationManager.java:stop(225)) - Replication Monitor Thread is not running.
2022-07-14 05:35:38,979 [c5ffeb5e-3634-4360-91c9-d598b29e1477@group-BBF74A919ED0-StateMachineUpdater] INFO  server.StorageContainerManager (StorageContainerManager.java:stop(1528)) - Stopping the Datanode Admin Monitor.
2022-07-14 05:35:38,980 [c5ffeb5e-3634-4360-91c9-d598b29e1477@group-BBF74A919ED0-StateMachineUpdater] INFO  server.StorageContainerManager (StorageContainerManager.java:stop(1535)) - Stopping Lease Manager of the command watchers
2022-07-14 05:35:38,980 [c5ffeb5e-3634-4360-91c9-d598b29e1477@group-BBF74A919ED0-StateMachineUpdater] ERROR server.StorageContainerManager (StorageContainerManager.java:stop(1538)) - Lease Manager of the command watchers stop failed
2022-07-14 05:35:38,980 [c5ffeb5e-3634-4360-91c9-d598b29e1477@group-BBF74A919ED0-StateMachineUpdater] INFO  server.StorageContainerManager (StorageContainerManager.java:stop(1542)) - Stopping datanode service RPC server
2022-07-14 05:35:38,980 [c5ffeb5e-3634-4360-91c9-d598b29e1477@group-BBF74A919ED0-StateMachineUpdater] INFO  server.SCMDatanodeProtocolServer (SCMDatanodeProtocolServer.java:stop(414)) - Stopping the RPC server for DataNodes
2022-07-14 05:35:38,980 [c5ffeb5e-3634-4360-91c9-d598b29e1477@group-BBF74A919ED0-StateMachineUpdater] INFO  ipc.Server (Server.java:stop(3414)) - Stopping server on 36365
2022-07-14 05:35:38,980 [c5ffeb5e-3634-4360-91c9-d598b29e1477@group-BBF74A919ED0-StateMachineUpdater] INFO  server.StorageContainerManager (StorageContainerManager.java:stop(1550)) - Stopping block service RPC server
2022-07-14 05:35:38,980 [c5ffeb5e-3634-4360-91c9-d598b29e1477@group-BBF74A919ED0-StateMachineUpdater] INFO  server.SCMBlockProtocolServer (SCMBlockProtocolServer.java:stop(161)) - Stopping the RPC server for Block Protocol
2022-07-14 05:35:38,980 [c5ffeb5e-3634-4360-91c9-d598b29e1477@group-BBF74A919ED0-StateMachineUpdater] INFO  ipc.Server (Server.java:stop(3414)) - Stopping server on 44131
2022-07-14 05:35:38,980 [c5ffeb5e-3634-4360-91c9-d598b29e1477@group-BBF74A919ED0-StateMachineUpdater] INFO  server.StorageContainerManager (StorageContainerManager.java:stop(1557)) - Stopping the StorageContainerLocationProtocol RPC server
2022-07-14 05:35:38,980 [c5ffeb5e-3634-4360-91c9-d598b29e1477@group-BBF74A919ED0-StateMachineUpdater] INFO  server.SCMClientProtocolServer (SCMClientProtocolServer.java:stop(179)) - Stopping the RPC server for Client Protocol
2022-07-14 05:35:38,980 [c5ffeb5e-3634-4360-91c9-d598b29e1477@group-BBF74A919ED0-StateMachineUpdater] INFO  ipc.Server (Server.java:stop(3414)) - Stopping server on 34295
2022-07-14 05:35:38,980 [c5ffeb5e-3634-4360-91c9-d598b29e1477@group-BBF74A919ED0-StateMachineUpdater] INFO  server.StorageContainerManager (StorageContainerManager.java:stop(1564)) - Stopping Storage Container Manager HTTP server.
2022-07-14 05:35:38,981 [c5ffeb5e-3634-4360-91c9-d598b29e1477@group-BBF74A919ED0-StateMachineUpdater] INFO  server.StorageContainerManager (StorageContainerManager.java:stop(1575)) - Stopping Block Manager Service.
2022-07-14 05:35:38,981 [c5ffeb5e-3634-4360-91c9-d598b29e1477@group-BBF74A919ED0-StateMachineUpdater] INFO  utils.BackgroundService (BackgroundService.java:shutdown(132)) - Shutting down service SCMBlockDeletingService
2022-07-14 05:35:38,981 [c5ffeb5e-3634-4360-91c9-d598b29e1477@group-BBF74A919ED0-StateMachineUpdater] INFO  utils.BackgroundService (BackgroundService.java:shutdown(132)) - Shutting down service SCMBlockDeletingService
2022-07-14 05:35:38,981 [c5ffeb5e-3634-4360-91c9-d598b29e1477@group-BBF74A919ED0-StateMachineUpdater] INFO  server.StorageContainerManager (StorageContainerManager.java:stop(1602)) - Stopping SCM Event Queue.
2022-07-14 05:35:38,981 [c5ffeb5e-3634-4360-91c9-d598b29e1477@group-BBF74A919ED0-StateMachineUpdater] INFO  server.StorageContainerManager (StorageContainerManager.java:stop(1613)) - Stopping SCM HA services.
2022-07-14 05:35:38,981 [c5ffeb5e-3634-4360-91c9-d598b29e1477@group-BBF74A919ED0-StateMachineUpdater] INFO  ha.SCMRatisServerImpl (SCMRatisServerImpl.java:stop(238)) - stopping ratis server 0.0.0.0:44253
2022-07-14 05:35:38,981 [org.apache.ratis.util.JvmPauseMonitor$$Lambda$519/2035454069@237141b7] INFO  util.JvmPauseMonitor (JvmPauseMonitor.java:run(109)) - JvmPauseMonitor-c5ffeb5e-3634-4360-91c9-d598b29e1477: Stopped
2022-07-14 05:35:38,982 [c5ffeb5e-3634-4360-91c9-d598b29e1477@group-BBF74A919ED0-StateMachineUpdater] INFO  pipeline.BackgroundPipelineCreator (BackgroundPipelineCreator.java:stop(149)) - Stopping RatisPipelineUtilsThread.
2022-07-14 05:35:38,982 [RatisPipelineUtilsThread - 0] WARN  pipeline.BackgroundPipelineCreator (BackgroundPipelineCreator.java:run(180)) - RatisPipelineUtilsThread is interrupted.
2022-07-14 05:35:38,982 [c5ffeb5e-3634-4360-91c9-d598b29e1477@group-BBF74A919ED0-StateMachineUpdater] INFO  BackgroundPipelineScrubber (BackgroundSCMService.java:stop(126)) - Stopping BackgroundPipelineScrubber Service.
2022-07-14 05:35:38,982 [BackgroundPipelineScrubberThread] WARN  BackgroundPipelineScrubber (BackgroundSCMService.java:run(110)) - BackgroundPipelineScrubber is interrupted, exit
2022-07-14 05:35:38,982 [c5ffeb5e-3634-4360-91c9-d598b29e1477@group-BBF74A919ED0-StateMachineUpdater] INFO  server.StorageContainerManager (StorageContainerManager.java:stop(1623)) - Stopping SCM MetadataStore.
2022-07-14 05:35:38,983 [c5ffeb5e-3634-4360-91c9-d598b29e1477@group-BBF74A919ED0-StateMachineUpdater] INFO  impl.MetricsSystemImpl (MetricsSystemImpl.java:stop(205)) - HddsDatanode metrics system stopped (again)
2022-07-14 05:35:38,983 [c5ffeb5e-3634-4360-91c9-d598b29e1477@group-BBF74A919ED0-StateMachineUpdater] ERROR server.StorageContainerManager (ExitUtils.java:terminate(133)) - Terminating with exit status 1: scm statemachine is closed by ratis, terminate SCM
2022-07-14 05:35:38,983 [c5ffeb5e-3634-4360-91c9-d598b29e1477@group-BBF74A919ED0-StateMachineUpdater] WARN  impl.StateMachineUpdater (StateMachineUpdater.java:stop(137)) - c5ffeb5e-3634-4360-91c9-d598b29e1477@group-BBF74A919ED0-StateMachineUpdater: Failed to close SCMStateMachine SCMStateMachine:c5ffeb5e-3634-4360-91c9-d598b29e1477:group-BBF74A919ED0
org.apache.ratis.util.ExitUtils$ExitException: scm statemachine is closed by ratis, terminate SCM
	at org.apache.ratis.util.ExitUtils.terminate(ExitUtils.java:141)
	at org.apache.ratis.util.ExitUtils.terminate(ExitUtils.java:151)
	at org.apache.ratis.util.ExitUtils.terminate(ExitUtils.java:155)
	at org.apache.hadoop.hdds.scm.server.StorageContainerManager.shutDown(StorageContainerManager.java:1639)
	at org.apache.hadoop.hdds.scm.ha.SCMStateMachine.close(SCMStateMachine.java:403)
	at org.apache.ratis.server.impl.StateMachineUpdater.stop(StateMachineUpdater.java:134)
	at org.apache.ratis.server.impl.StateMachineUpdater.run(StateMachineUpdater.java:187)
	at java.lang.Thread.run(Thread.java:750)
2022-07-14 05:35:38,984 [Listener at 127.0.0.1/36625] INFO  server.RaftServer$Division (ServerState.java:close(429)) - c5ffeb5e-3634-4360-91c9-d598b29e1477@group-BBF74A919ED0: closes. applyIndex: 28
2022-07-14 05:35:38,984 [c5ffeb5e-3634-4360-91c9-d598b29e1477@group-BBF74A919ED0-SegmentedRaftLogWorker] INFO  segmented.SegmentedRaftLogWorker (SegmentedRaftLogWorker.java:run(336)) - c5ffeb5e-3634-4360-91c9-d598b29e1477@group-BBF74A919ED0-SegmentedRaftLogWorker was interrupted, exiting. There are 0 tasks remaining in the queue.
2022-07-14 05:35:38,986 [Listener at 127.0.0.1/36625] INFO  segmented.SegmentedRaftLogWorker (SegmentedRaftLogWorker.java:close(246)) - c5ffeb5e-3634-4360-91c9-d598b29e1477@group-BBF74A919ED0-SegmentedRaftLogWorker close()
2022-07-14 05:35:38,987 [Listener at 127.0.0.1/36625] INFO  server.GrpcService (GrpcService.java:closeImpl(269)) - c5ffeb5e-3634-4360-91c9-d598b29e1477: shutdown server with port 44253 now
2022-07-14 05:35:38,989 [Listener at 127.0.0.1/36625] INFO  server.GrpcService (GrpcService.java:closeImpl(278)) - c5ffeb5e-3634-4360-91c9-d598b29e1477: shutdown server with port 44253 successfully
2022-07-14 05:35:38,989 [Listener at 127.0.0.1/36625] WARN  pipeline.BackgroundPipelineCreator (BackgroundPipelineCreator.java:stop(145)) - RatisPipelineUtilsThread is not running, just ignore.
2022-07-14 05:35:38,989 [Listener at 127.0.0.1/36625] INFO  BackgroundPipelineScrubber (BackgroundSCMService.java:stop(121)) - BackgroundPipelineScrubber Service is not running, skip stop.
2022-07-14 05:35:38,989 [Listener at 127.0.0.1/36625] INFO  server.StorageContainerManager (StorageContainerManager.java:stop(1623)) - Stopping SCM MetadataStore.
2022-07-14 05:35:38,990 [Listener at 127.0.0.1/36625] INFO  impl.MetricsSystemImpl (MetricsSystemImpl.java:stop(205)) - HddsDatanode metrics system stopped (again)
2022-07-14 05:35:38,990 [Listener at 127.0.0.1/36625] INFO  ozone.MiniOzoneClusterImpl (MiniOzoneClusterImpl.java:stop(463)) - Stopping the Mini Ozone Cluster
2022-07-14 05:35:38,990 [Listener at 127.0.0.1/36625] INFO  ozone.MiniOzoneClusterImpl (MiniOzoneClusterImpl.java:stopDatanodes(522)) - Stopping the HddsDatanodes
2022-07-14 05:35:39,677 [Datanode State Machine Daemon Thread] WARN  statemachine.StateContext (StateContext.java:setState(252)) - Ignore disallowed transition from SHUTDOWN to RUNNING
2022-07-14 05:35:39,679 [EndpointStateMachine task thread for /127.0.0.1:44189 - 0 ] INFO  ipc.Client (Client.java:handleConnectionFailure(977)) - Retrying connect to server: localhost/127.0.0.1:44189. Already tried 1 time(s); retry policy is RetryUpToMaximumCountWithFixedSleep(maxRetries=15, sleepTime=1000 MILLISECONDS)
2022-07-14 05:35:39,681 [EndpointStateMachine task thread for /127.0.0.1:43653 - 0 ] INFO  ipc.Client (Client.java:handleConnectionFailure(977)) - Retrying connect to server: localhost/127.0.0.1:43653. Already tried 1 time(s); retry policy is RetryUpToMaximumCountWithFixedSleep(maxRetries=15, sleepTime=1000 MILLISECONDS)
2022-07-14 05:35:39,682 [EndpointStateMachine task thread for /127.0.0.1:36365 - 0 ] INFO  ipc.Client (Client.java:handleConnectionFailure(977)) - Retrying connect to server: localhost/127.0.0.1:36365. Already tried 1 time(s); retry policy is RetryUpToMaximumCountWithFixedSleep(maxRetries=15, sleepTime=1000 MILLISECONDS)
2022-07-14 05:35:39,985 [Datanode State Machine Daemon Thread] ERROR datanode.RunningDatanodeState (RunningDatanodeState.java:computeNextContainerState(207)) - Error in executing end point task.
java.util.concurrent.ExecutionException: java.util.concurrent.TimeoutException
	at java.util.concurrent.FutureTask.report(FutureTask.java:122)
	at java.util.concurrent.FutureTask.get(FutureTask.java:192)
	at org.apache.hadoop.ozone.container.common.states.datanode.RunningDatanodeState.computeNextContainerState(RunningDatanodeState.java:199)
	at org.apache.hadoop.ozone.container.common.states.datanode.RunningDatanodeState.await(RunningDatanodeState.java:239)
	at org.apache.hadoop.ozone.container.common.states.datanode.RunningDatanodeState.await(RunningDatanodeState.java:50)
	at org.apache.hadoop.ozone.container.common.statemachine.StateContext.execute(StateContext.java:660)
	at org.apache.hadoop.ozone.container.common.statemachine.DatanodeStateMachine.startStateMachineThread(DatanodeStateMachine.java:298)
	at org.apache.hadoop.ozone.container.common.statemachine.DatanodeStateMachine.lambda$startDaemon$0(DatanodeStateMachine.java:493)
	at java.lang.Thread.run(Thread.java:750)
Caused by: java.util.concurrent.TimeoutException
	at java.util.concurrent.FutureTask.get(FutureTask.java:205)
	at org.apache.hadoop.ozone.container.common.states.datanode.RunningDatanodeState.lambda$execute$0(RunningDatanodeState.java:157)
	at java.util.concurrent.FutureTask.run(FutureTask.java:266)
	at java.util.concurrent.Executors$RunnableAdapter.call(Executors.java:511)
	at java.util.concurrent.FutureTask.run(FutureTask.java:266)
	at java.util.concurrent.ThreadPoolExecutor.runWorker(ThreadPoolExecutor.java:1149)
	at java.util.concurrent.ThreadPoolExecutor$Worker.run(ThreadPoolExecutor.java:624)
	... 1 more
2022-07-14 05:35:39,986 [Datanode State Machine Daemon Thread] WARN  statemachine.StateContext (StateContext.java:setState(252)) - Ignore disallowed transition from SHUTDOWN to RUNNING
2022-07-14 05:35:40,680 [EndpointStateMachine task thread for /127.0.0.1:44189 - 0 ] INFO  ipc.Client (Client.java:handleConnectionFailure(977)) - Retrying connect to server: localhost/127.0.0.1:44189. Already tried 2 time(s); retry policy is RetryUpToMaximumCountWithFixedSleep(maxRetries=15, sleepTime=1000 MILLISECONDS)
2022-07-14 05:35:40,682 [EndpointStateMachine task thread for /127.0.0.1:43653 - 0 ] INFO  ipc.Client (Client.java:handleConnectionFailure(977)) - Retrying connect to server: localhost/127.0.0.1:43653. Already tried 2 time(s); retry policy is RetryUpToMaximumCountWithFixedSleep(maxRetries=15, sleepTime=1000 MILLISECONDS)
2022-07-14 05:35:40,682 [EndpointStateMachine task thread for /127.0.0.1:36365 - 0 ] INFO  ipc.Client (Client.java:handleConnectionFailure(977)) - Retrying connect to server: localhost/127.0.0.1:36365. Already tried 2 time(s); retry policy is RetryUpToMaximumCountWithFixedSleep(maxRetries=15, sleepTime=1000 MILLISECONDS)
2022-07-14 05:35:40,921 [034fa580-7f06-453c-9359-8a1a406b4b97@group-4BD82B653B0E-FollowerState] INFO  impl.FollowerState (FollowerState.java:run(143)) - 034fa580-7f06-453c-9359-8a1a406b4b97@group-4BD82B653B0E-FollowerState: change to CANDIDATE, lastRpcElapsedTime:5016526189ns, electionTimeout:5015ms
2022-07-14 05:35:40,921 [034fa580-7f06-453c-9359-8a1a406b4b97@group-4BD82B653B0E-FollowerState] INFO  impl.RoleInfo (RoleInfo.java:shutdownFollowerState(110)) - 034fa580-7f06-453c-9359-8a1a406b4b97: shutdown 034fa580-7f06-453c-9359-8a1a406b4b97@group-4BD82B653B0E-FollowerState
2022-07-14 05:35:40,922 [034fa580-7f06-453c-9359-8a1a406b4b97@group-4BD82B653B0E-FollowerState] INFO  server.RaftServer$Division (RaftServerImpl.java:setRole(299)) - 034fa580-7f06-453c-9359-8a1a406b4b97@group-4BD82B653B0E: changes role from  FOLLOWER to CANDIDATE at term 1 for changeToCandidate
2022-07-14 05:35:40,922 [034fa580-7f06-453c-9359-8a1a406b4b97@group-4BD82B653B0E-FollowerState] INFO  server.RaftServerConfigKeys (ConfUtils.java:logGet(46)) - raft.server.leaderelection.pre-vote = false (custom)
2022-07-14 05:35:40,922 [034fa580-7f06-453c-9359-8a1a406b4b97@group-4BD82B653B0E-FollowerState] INFO  impl.RoleInfo (RoleInfo.java:updateAndGet(139)) - 034fa580-7f06-453c-9359-8a1a406b4b97: start 034fa580-7f06-453c-9359-8a1a406b4b97@group-4BD82B653B0E-LeaderElection16
2022-07-14 05:35:40,926 [034fa580-7f06-453c-9359-8a1a406b4b97@group-4BD82B653B0E-LeaderElection16] INFO  impl.LeaderElection (LeaderElection.java:askForVotes(310)) - 034fa580-7f06-453c-9359-8a1a406b4b97@group-4BD82B653B0E-LeaderElection16 ELECTION round 0: submit vote requests at term 2 for -1: [bbe56640-50c4-4219-bf4a-9972af81120e|rpc:127.0.0.1:44819|dataStream:|priority:0, 3afe85c2-914b-4505-ab37-b99a5e6b7b6c|rpc:127.0.0.1:39675|dataStream:|priority:0, 034fa580-7f06-453c-9359-8a1a406b4b97|rpc:127.0.0.1:39193|dataStream:|priority:1], old=null
2022-07-14 05:35:40,942 [grpc-default-executor-3] INFO  server.RaftServer$Division (RaftServerImpl.java:requestVote(1152)) - bbe56640-50c4-4219-bf4a-9972af81120e@group-4BD82B653B0E: receive requestVote(ELECTION, 034fa580-7f06-453c-9359-8a1a406b4b97, group-4BD82B653B0E, 2, (t:0, i:0))
2022-07-14 05:35:40,942 [grpc-default-executor-3] INFO  impl.VoteContext (VoteContext.java:log(48)) - bbe56640-50c4-4219-bf4a-9972af81120e@group-4BD82B653B0E-FOLLOWER: accept ELECTION from 034fa580-7f06-453c-9359-8a1a406b4b97: our priority 0 <= candidate's priority 1
2022-07-14 05:35:40,943 [grpc-default-executor-3] INFO  server.RaftServer$Division (RaftServerImpl.java:setRole(299)) - bbe56640-50c4-4219-bf4a-9972af81120e@group-4BD82B653B0E: changes role from  FOLLOWER to FOLLOWER at term 2 for candidate:034fa580-7f06-453c-9359-8a1a406b4b97
2022-07-14 05:35:40,943 [grpc-default-executor-3] INFO  impl.RoleInfo (RoleInfo.java:shutdownFollowerState(110)) - bbe56640-50c4-4219-bf4a-9972af81120e: shutdown bbe56640-50c4-4219-bf4a-9972af81120e@group-4BD82B653B0E-FollowerState
2022-07-14 05:35:40,943 [grpc-default-executor-3] INFO  impl.RoleInfo (RoleInfo.java:updateAndGet(139)) - bbe56640-50c4-4219-bf4a-9972af81120e: start bbe56640-50c4-4219-bf4a-9972af81120e@group-4BD82B653B0E-FollowerState
2022-07-14 05:35:40,943 [bbe56640-50c4-4219-bf4a-9972af81120e@group-4BD82B653B0E-FollowerState] INFO  impl.FollowerState (FollowerState.java:run(152)) - bbe56640-50c4-4219-bf4a-9972af81120e@group-4BD82B653B0E-FollowerState was interrupted
2022-07-14 05:35:40,949 [grpc-default-executor-2] INFO  server.RaftServer$Division (RaftServerImpl.java:requestVote(1152)) - 3afe85c2-914b-4505-ab37-b99a5e6b7b6c@group-4BD82B653B0E: receive requestVote(ELECTION, 034fa580-7f06-453c-9359-8a1a406b4b97, group-4BD82B653B0E, 2, (t:0, i:0))
2022-07-14 05:35:40,949 [grpc-default-executor-2] INFO  impl.VoteContext (VoteContext.java:log(48)) - 3afe85c2-914b-4505-ab37-b99a5e6b7b6c@group-4BD82B653B0E-FOLLOWER: accept ELECTION from 034fa580-7f06-453c-9359-8a1a406b4b97: our priority 0 <= candidate's priority 1
2022-07-14 05:35:40,949 [grpc-default-executor-2] INFO  server.RaftServer$Division (RaftServerImpl.java:setRole(299)) - 3afe85c2-914b-4505-ab37-b99a5e6b7b6c@group-4BD82B653B0E: changes role from  FOLLOWER to FOLLOWER at term 2 for candidate:034fa580-7f06-453c-9359-8a1a406b4b97
2022-07-14 05:35:40,950 [grpc-default-executor-2] INFO  impl.RoleInfo (RoleInfo.java:shutdownFollowerState(110)) - 3afe85c2-914b-4505-ab37-b99a5e6b7b6c: shutdown 3afe85c2-914b-4505-ab37-b99a5e6b7b6c@group-4BD82B653B0E-FollowerState
2022-07-14 05:35:40,950 [grpc-default-executor-2] INFO  impl.RoleInfo (RoleInfo.java:updateAndGet(139)) - 3afe85c2-914b-4505-ab37-b99a5e6b7b6c: start 3afe85c2-914b-4505-ab37-b99a5e6b7b6c@group-4BD82B653B0E-FollowerState
2022-07-14 05:35:40,950 [grpc-default-executor-3] INFO  server.RaftServer$Division (RaftServerImpl.java:requestVote(1184)) - bbe56640-50c4-4219-bf4a-9972af81120e@group-4BD82B653B0E replies to ELECTION vote request: 034fa580-7f06-453c-9359-8a1a406b4b97<-bbe56640-50c4-4219-bf4a-9972af81120e#0:OK-t2. Peer's state: bbe56640-50c4-4219-bf4a-9972af81120e@group-4BD82B653B0E:t2, leader=null, voted=034fa580-7f06-453c-9359-8a1a406b4b97, raftlog=bbe56640-50c4-4219-bf4a-9972af81120e@group-4BD82B653B0E-SegmentedRaftLog:OPENED:c-1, conf=-1: [bbe56640-50c4-4219-bf4a-9972af81120e|rpc:127.0.0.1:44819|dataStream:|priority:0, 3afe85c2-914b-4505-ab37-b99a5e6b7b6c|rpc:127.0.0.1:39675|dataStream:|priority:0, 034fa580-7f06-453c-9359-8a1a406b4b97|rpc:127.0.0.1:39193|dataStream:|priority:1], old=null
2022-07-14 05:35:40,950 [3afe85c2-914b-4505-ab37-b99a5e6b7b6c@group-4BD82B653B0E-FollowerState] INFO  impl.FollowerState (FollowerState.java:run(152)) - 3afe85c2-914b-4505-ab37-b99a5e6b7b6c@group-4BD82B653B0E-FollowerState was interrupted
2022-07-14 05:35:40,954 [034fa580-7f06-453c-9359-8a1a406b4b97@group-4BD82B653B0E-LeaderElection16] INFO  impl.LeaderElection (LeaderElection.java:logAndReturn(90)) - 034fa580-7f06-453c-9359-8a1a406b4b97@group-4BD82B653B0E-LeaderElection16: ELECTION PASSED received 1 response(s) and 0 exception(s):
2022-07-14 05:35:40,954 [034fa580-7f06-453c-9359-8a1a406b4b97@group-4BD82B653B0E-LeaderElection16] INFO  impl.LeaderElection (LeaderElection.java:logAndReturn(94)) -   Response 0: 034fa580-7f06-453c-9359-8a1a406b4b97<-bbe56640-50c4-4219-bf4a-9972af81120e#0:OK-t2
2022-07-14 05:35:40,954 [034fa580-7f06-453c-9359-8a1a406b4b97@group-4BD82B653B0E-LeaderElection16] INFO  impl.LeaderElection (LeaderElection.java:askForVotes(312)) - 034fa580-7f06-453c-9359-8a1a406b4b97@group-4BD82B653B0E-LeaderElection16 ELECTION round 0: result PASSED
2022-07-14 05:35:40,954 [034fa580-7f06-453c-9359-8a1a406b4b97@group-4BD82B653B0E-LeaderElection16] INFO  impl.RoleInfo (RoleInfo.java:shutdownLeaderElection(130)) - 034fa580-7f06-453c-9359-8a1a406b4b97: shutdown 034fa580-7f06-453c-9359-8a1a406b4b97@group-4BD82B653B0E-LeaderElection16
2022-07-14 05:35:40,955 [034fa580-7f06-453c-9359-8a1a406b4b97@group-4BD82B653B0E-LeaderElection16] INFO  server.RaftServer$Division (RaftServerImpl.java:setRole(299)) - 034fa580-7f06-453c-9359-8a1a406b4b97@group-4BD82B653B0E: changes role from CANDIDATE to LEADER at term 2 for changeToLeader
2022-07-14 05:35:40,955 [034fa580-7f06-453c-9359-8a1a406b4b97@group-4BD82B653B0E-LeaderElection16] INFO  ratis.XceiverServerRatis (XceiverServerRatis.java:handleLeaderChangedNotification(863)) - Leader change notification received for group: group-4BD82B653B0E with new leaderId: 034fa580-7f06-453c-9359-8a1a406b4b97
2022-07-14 05:35:40,955 [034fa580-7f06-453c-9359-8a1a406b4b97@group-4BD82B653B0E-LeaderElection16] INFO  server.RaftServer$Division (ServerState.java:setLeader(287)) - 034fa580-7f06-453c-9359-8a1a406b4b97@group-4BD82B653B0E: change Leader from null to 034fa580-7f06-453c-9359-8a1a406b4b97 at term 2 for becomeLeader, leader elected after 10155ms
2022-07-14 05:35:40,955 [034fa580-7f06-453c-9359-8a1a406b4b97@group-4BD82B653B0E-LeaderElection16] INFO  server.RaftServerConfigKeys (ConfUtils.java:logGet(46)) - raft.server.staging.catchup.gap = 1000 (default)
2022-07-14 05:35:40,955 [034fa580-7f06-453c-9359-8a1a406b4b97@group-4BD82B653B0E-LeaderElection16] INFO  server.RaftServerConfigKeys (ConfUtils.java:logGet(46)) - raft.server.write.element-limit = 1024 (custom)
2022-07-14 05:35:40,955 [grpc-default-executor-2] INFO  server.RaftServer$Division (RaftServerImpl.java:requestVote(1184)) - 3afe85c2-914b-4505-ab37-b99a5e6b7b6c@group-4BD82B653B0E replies to ELECTION vote request: 034fa580-7f06-453c-9359-8a1a406b4b97<-3afe85c2-914b-4505-ab37-b99a5e6b7b6c#0:OK-t2. Peer's state: 3afe85c2-914b-4505-ab37-b99a5e6b7b6c@group-4BD82B653B0E:t2, leader=null, voted=034fa580-7f06-453c-9359-8a1a406b4b97, raftlog=3afe85c2-914b-4505-ab37-b99a5e6b7b6c@group-4BD82B653B0E-SegmentedRaftLog:OPENED:c-1, conf=-1: [bbe56640-50c4-4219-bf4a-9972af81120e|rpc:127.0.0.1:44819|priority:0, 3afe85c2-914b-4505-ab37-b99a5e6b7b6c|rpc:127.0.0.1:39675|priority:0, 034fa580-7f06-453c-9359-8a1a406b4b97|rpc:127.0.0.1:39193|priority:1], old=null
2022-07-14 05:35:40,955 [034fa580-7f06-453c-9359-8a1a406b4b97@group-4BD82B653B0E-LeaderElection16] INFO  server.RaftServerConfigKeys (ConfUtils.java:logGet(46)) - raft.server.write.byte-limit = 1024 M (=1073741824) (custom)
2022-07-14 05:35:40,956 [034fa580-7f06-453c-9359-8a1a406b4b97@group-4BD82B653B0E-LeaderElection16] INFO  server.RaftServerConfigKeys (ConfUtils.java:logGet(46)) - raft.server.watch.timeout = 180s (custom)
2022-07-14 05:35:40,956 [034fa580-7f06-453c-9359-8a1a406b4b97@group-4BD82B653B0E-LeaderElection16] INFO  server.RaftServerConfigKeys (ConfUtils.java:logGet(46)) - raft.server.watch.timeout.denomination = 1s (default)
2022-07-14 05:35:40,956 [034fa580-7f06-453c-9359-8a1a406b4b97@group-4BD82B653B0E-LeaderElection16] INFO  server.RaftServerConfigKeys (ConfUtils.java:logGet(46)) - raft.server.watch.element-limit = 65536 (default)
2022-07-14 05:35:40,956 [034fa580-7f06-453c-9359-8a1a406b4b97@group-4BD82B653B0E-LeaderElection16] INFO  server.RaftServerConfigKeys (ConfUtils.java:logGet(46)) - raft.server.write.element-limit = 1024 (custom)
2022-07-14 05:35:40,956 [034fa580-7f06-453c-9359-8a1a406b4b97@group-4BD82B653B0E-LeaderElection16] INFO  server.RaftServerConfigKeys (ConfUtils.java:logGet(46)) - raft.server.write.follower.gap.ratio.max = -1.0 (default)
2022-07-14 05:35:40,957 [034fa580-7f06-453c-9359-8a1a406b4b97@group-4BD82B653B0E-LeaderElection16] INFO  server.RaftServerConfigKeys (ConfUtils.java:logGet(46)) - raft.server.log.appender.snapshot.chunk.size.max = 16MB (=16777216) (default)
2022-07-14 05:35:40,958 [034fa580-7f06-453c-9359-8a1a406b4b97@group-4BD82B653B0E-LeaderElection16] INFO  server.RaftServerConfigKeys (ConfUtils.java:logGet(46)) - raft.server.log.appender.buffer.byte-limit = 33554432 (custom)
2022-07-14 05:35:40,958 [034fa580-7f06-453c-9359-8a1a406b4b97@group-4BD82B653B0E-LeaderElection16] INFO  server.RaftServerConfigKeys (ConfUtils.java:logGet(46)) - raft.server.log.appender.buffer.element-limit = 1 (custom)
2022-07-14 05:35:40,958 [034fa580-7f06-453c-9359-8a1a406b4b97@group-4BD82B653B0E-LeaderElection16] INFO  grpc.GrpcConfigKeys (ConfUtils.java:logGet(46)) - raft.grpc.server.leader.outstanding.appends.max = 128 (default)
2022-07-14 05:35:40,958 [034fa580-7f06-453c-9359-8a1a406b4b97@group-4BD82B653B0E-LeaderElection16] INFO  server.RaftServerConfigKeys (ConfUtils.java:logGet(46)) - raft.server.rpc.request.timeout = 60s (custom)
2022-07-14 05:35:40,958 [034fa580-7f06-453c-9359-8a1a406b4b97@group-4BD82B653B0E-LeaderElection16] INFO  server.RaftServerConfigKeys (ConfUtils.java:logGet(46)) - raft.server.log.appender.install.snapshot.enabled = false (custom)
2022-07-14 05:35:40,960 [034fa580-7f06-453c-9359-8a1a406b4b97@group-4BD82B653B0E-LeaderElection16] INFO  server.RaftServerConfigKeys (ConfUtils.java:logGet(46)) - raft.server.log.appender.snapshot.chunk.size.max = 16MB (=16777216) (default)
2022-07-14 05:35:40,960 [034fa580-7f06-453c-9359-8a1a406b4b97@group-4BD82B653B0E-LeaderElection16] INFO  server.RaftServerConfigKeys (ConfUtils.java:logGet(46)) - raft.server.log.appender.buffer.byte-limit = 33554432 (custom)
2022-07-14 05:35:40,960 [034fa580-7f06-453c-9359-8a1a406b4b97@group-4BD82B653B0E-LeaderElection16] INFO  server.RaftServerConfigKeys (ConfUtils.java:logGet(46)) - raft.server.log.appender.buffer.element-limit = 1 (custom)
2022-07-14 05:35:40,960 [034fa580-7f06-453c-9359-8a1a406b4b97@group-4BD82B653B0E-LeaderElection16] INFO  grpc.GrpcConfigKeys (ConfUtils.java:logGet(46)) - raft.grpc.server.leader.outstanding.appends.max = 128 (default)
2022-07-14 05:35:40,960 [034fa580-7f06-453c-9359-8a1a406b4b97@group-4BD82B653B0E-LeaderElection16] INFO  server.RaftServerConfigKeys (ConfUtils.java:logGet(46)) - raft.server.rpc.request.timeout = 60s (custom)
2022-07-14 05:35:40,960 [034fa580-7f06-453c-9359-8a1a406b4b97@group-4BD82B653B0E-LeaderElection16] INFO  server.RaftServerConfigKeys (ConfUtils.java:logGet(46)) - raft.server.log.appender.install.snapshot.enabled = false (custom)
2022-07-14 05:35:40,961 [034fa580-7f06-453c-9359-8a1a406b4b97@group-4BD82B653B0E-LeaderElection16] INFO  impl.RoleInfo (RoleInfo.java:updateAndGet(139)) - 034fa580-7f06-453c-9359-8a1a406b4b97: start 034fa580-7f06-453c-9359-8a1a406b4b97@group-4BD82B653B0E-LeaderStateImpl
2022-07-14 05:35:40,961 [034fa580-7f06-453c-9359-8a1a406b4b97@group-4BD82B653B0E-LeaderElection16] INFO  segmented.SegmentedRaftLogWorker (SegmentedRaftLogWorker.java:startLogSegment(425)) - 034fa580-7f06-453c-9359-8a1a406b4b97@group-4BD82B653B0E-SegmentedRaftLogWorker: Starting segment from index:0
2022-07-14 05:35:40,973 [034fa580-7f06-453c-9359-8a1a406b4b97@group-4BD82B653B0E-LeaderElection16] INFO  server.RaftServer$Division (ServerState.java:setRaftConf(393)) - 034fa580-7f06-453c-9359-8a1a406b4b97@group-4BD82B653B0E: set configuration 0: [bbe56640-50c4-4219-bf4a-9972af81120e|rpc:127.0.0.1:44819|dataStream:|priority:0, 3afe85c2-914b-4505-ab37-b99a5e6b7b6c|rpc:127.0.0.1:39675|dataStream:|priority:0, 034fa580-7f06-453c-9359-8a1a406b4b97|rpc:127.0.0.1:39193|dataStream:|priority:1], old=null
2022-07-14 05:35:40,974 [bbe56640-50c4-4219-bf4a-9972af81120e-server-thread1] INFO  ratis.XceiverServerRatis (XceiverServerRatis.java:handleLeaderChangedNotification(863)) - Leader change notification received for group: group-4BD82B653B0E with new leaderId: 034fa580-7f06-453c-9359-8a1a406b4b97
2022-07-14 05:35:40,974 [3afe85c2-914b-4505-ab37-b99a5e6b7b6c-server-thread1] INFO  ratis.XceiverServerRatis (XceiverServerRatis.java:handleLeaderChangedNotification(863)) - Leader change notification received for group: group-4BD82B653B0E with new leaderId: 034fa580-7f06-453c-9359-8a1a406b4b97
2022-07-14 05:35:40,974 [bbe56640-50c4-4219-bf4a-9972af81120e-server-thread1] INFO  server.RaftServer$Division (ServerState.java:setLeader(287)) - bbe56640-50c4-4219-bf4a-9972af81120e@group-4BD82B653B0E: change Leader from null to 034fa580-7f06-453c-9359-8a1a406b4b97 at term 2 for appendEntries, leader elected after 10215ms
2022-07-14 05:35:40,974 [3afe85c2-914b-4505-ab37-b99a5e6b7b6c-server-thread1] INFO  server.RaftServer$Division (ServerState.java:setLeader(287)) - 3afe85c2-914b-4505-ab37-b99a5e6b7b6c@group-4BD82B653B0E: change Leader from null to 034fa580-7f06-453c-9359-8a1a406b4b97 at term 2 for appendEntries, leader elected after 10256ms
2022-07-14 05:35:40,975 [3afe85c2-914b-4505-ab37-b99a5e6b7b6c-server-thread1] INFO  server.RaftServer$Division (ServerState.java:setRaftConf(393)) - 3afe85c2-914b-4505-ab37-b99a5e6b7b6c@group-4BD82B653B0E: set configuration 0: [bbe56640-50c4-4219-bf4a-9972af81120e|rpc:127.0.0.1:44819|dataStream:|priority:0, 3afe85c2-914b-4505-ab37-b99a5e6b7b6c|rpc:127.0.0.1:39675|dataStream:|priority:0, 034fa580-7f06-453c-9359-8a1a406b4b97|rpc:127.0.0.1:39193|dataStream:|priority:1], old=null
2022-07-14 05:35:40,976 [3afe85c2-914b-4505-ab37-b99a5e6b7b6c-server-thread1] INFO  segmented.SegmentedRaftLogWorker (SegmentedRaftLogWorker.java:startLogSegment(425)) - 3afe85c2-914b-4505-ab37-b99a5e6b7b6c@group-4BD82B653B0E-SegmentedRaftLogWorker: Starting segment from index:0
2022-07-14 05:35:40,977 [bbe56640-50c4-4219-bf4a-9972af81120e-server-thread1] INFO  server.RaftServer$Division (ServerState.java:setRaftConf(393)) - bbe56640-50c4-4219-bf4a-9972af81120e@group-4BD82B653B0E: set configuration 0: [bbe56640-50c4-4219-bf4a-9972af81120e|rpc:127.0.0.1:44819|dataStream:|priority:0, 3afe85c2-914b-4505-ab37-b99a5e6b7b6c|rpc:127.0.0.1:39675|dataStream:|priority:0, 034fa580-7f06-453c-9359-8a1a406b4b97|rpc:127.0.0.1:39193|dataStream:|priority:1], old=null
2022-07-14 05:35:40,979 [034fa580-7f06-453c-9359-8a1a406b4b97@group-4BD82B653B0E-SegmentedRaftLogWorker] INFO  segmented.SegmentedRaftLogWorker (SegmentedRaftLogWorker.java:execute(629)) - 034fa580-7f06-453c-9359-8a1a406b4b97@group-4BD82B653B0E-SegmentedRaftLogWorker: created new log segment /home/runner/work/ozone/ozone/hadoop-ozone/integration-test/target/test-dir/MiniOzoneClusterImpl-252142cc-85ec-47ec-8abc-bbf74a919ed0/datanode-2/data/ratis/66d4f1d7-e2f1-4cea-a8ca-4bd82b653b0e/current/log_inprogress_0
2022-07-14 05:35:40,979 [3afe85c2-914b-4505-ab37-b99a5e6b7b6c@group-4BD82B653B0E-SegmentedRaftLogWorker] INFO  segmented.SegmentedRaftLogWorker (SegmentedRaftLogWorker.java:execute(629)) - 3afe85c2-914b-4505-ab37-b99a5e6b7b6c@group-4BD82B653B0E-SegmentedRaftLogWorker: created new log segment /home/runner/work/ozone/ozone/hadoop-ozone/integration-test/target/test-dir/MiniOzoneClusterImpl-252142cc-85ec-47ec-8abc-bbf74a919ed0/datanode-0/data/ratis/66d4f1d7-e2f1-4cea-a8ca-4bd82b653b0e/current/log_inprogress_0
2022-07-14 05:35:40,984 [bbe56640-50c4-4219-bf4a-9972af81120e-server-thread1] INFO  segmented.SegmentedRaftLogWorker (SegmentedRaftLogWorker.java:startLogSegment(425)) - bbe56640-50c4-4219-bf4a-9972af81120e@group-4BD82B653B0E-SegmentedRaftLogWorker: Starting segment from index:0
2022-07-14 05:35:40,987 [bbe56640-50c4-4219-bf4a-9972af81120e@group-4BD82B653B0E-SegmentedRaftLogWorker] INFO  segmented.SegmentedRaftLogWorker (SegmentedRaftLogWorker.java:execute(629)) - bbe56640-50c4-4219-bf4a-9972af81120e@group-4BD82B653B0E-SegmentedRaftLogWorker: created new log segment /home/runner/work/ozone/ozone/hadoop-ozone/integration-test/target/test-dir/MiniOzoneClusterImpl-252142cc-85ec-47ec-8abc-bbf74a919ed0/datanode-1/data/ratis/66d4f1d7-e2f1-4cea-a8ca-4bd82b653b0e/current/log_inprogress_0
2022-07-14 05:35:41,681 [EndpointStateMachine task thread for /127.0.0.1:44189 - 0 ] INFO  ipc.Client (Client.java:handleConnectionFailure(977)) - Retrying connect to server: localhost/127.0.0.1:44189. Already tried 3 time(s); retry policy is RetryUpToMaximumCountWithFixedSleep(maxRetries=15, sleepTime=1000 MILLISECONDS)
2022-07-14 05:35:41,683 [EndpointStateMachine task thread for /127.0.0.1:43653 - 0 ] INFO  ipc.Client (Client.java:handleConnectionFailure(977)) - Retrying connect to server: localhost/127.0.0.1:43653. Already tried 3 time(s); retry policy is RetryUpToMaximumCountWithFixedSleep(maxRetries=15, sleepTime=1000 MILLISECONDS)
2022-07-14 05:35:41,683 [EndpointStateMachine task thread for /127.0.0.1:36365 - 0 ] INFO  ipc.Client (Client.java:handleConnectionFailure(977)) - Retrying connect to server: localhost/127.0.0.1:36365. Already tried 3 time(s); retry policy is RetryUpToMaximumCountWithFixedSleep(maxRetries=15, sleepTime=1000 MILLISECONDS)
2022-07-14 05:35:42,682 [EndpointStateMachine task thread for /127.0.0.1:44189 - 0 ] INFO  ipc.Client (Client.java:handleConnectionFailure(977)) - Retrying connect to server: localhost/127.0.0.1:44189. Already tried 4 time(s); retry policy is RetryUpToMaximumCountWithFixedSleep(maxRetries=15, sleepTime=1000 MILLISECONDS)
2022-07-14 05:35:42,683 [EndpointStateMachine task thread for /127.0.0.1:43653 - 0 ] INFO  ipc.Client (Client.java:handleConnectionFailure(977)) - Retrying connect to server: localhost/127.0.0.1:43653. Already tried 4 time(s); retry policy is RetryUpToMaximumCountWithFixedSleep(maxRetries=15, sleepTime=1000 MILLISECONDS)
2022-07-14 05:35:42,683 [EndpointStateMachine task thread for /127.0.0.1:36365 - 0 ] INFO  ipc.Client (Client.java:handleConnectionFailure(977)) - Retrying connect to server: localhost/127.0.0.1:36365. Already tried 4 time(s); retry policy is RetryUpToMaximumCountWithFixedSleep(maxRetries=15, sleepTime=1000 MILLISECONDS)
2022-07-14 05:35:43,682 [EndpointStateMachine task thread for /127.0.0.1:44189 - 0 ] INFO  ipc.Client (Client.java:handleConnectionFailure(977)) - Retrying connect to server: localhost/127.0.0.1:44189. Already tried 5 time(s); retry policy is RetryUpToMaximumCountWithFixedSleep(maxRetries=15, sleepTime=1000 MILLISECONDS)
2022-07-14 05:35:43,684 [EndpointStateMachine task thread for /127.0.0.1:43653 - 0 ] INFO  ipc.Client (Client.java:handleConnectionFailure(977)) - Retrying connect to server: localhost/127.0.0.1:43653. Already tried 5 time(s); retry policy is RetryUpToMaximumCountWithFixedSleep(maxRetries=15, sleepTime=1000 MILLISECONDS)
2022-07-14 05:35:43,684 [EndpointStateMachine task thread for /127.0.0.1:36365 - 0 ] INFO  ipc.Client (Client.java:handleConnectionFailure(977)) - Retrying connect to server: localhost/127.0.0.1:36365. Already tried 5 time(s); retry policy is RetryUpToMaximumCountWithFixedSleep(maxRetries=15, sleepTime=1000 MILLISECONDS)
2022-07-14 05:35:43,993 [Listener at 127.0.0.1/36625] INFO  ozoneimpl.OzoneContainer (OzoneContainer.java:stop(365)) - Attempting to stop container services.
2022-07-14 05:35:43,994 [Listener at 127.0.0.1/36625] INFO  server.RaftServer (RaftServerProxy.java:lambda$close$7(398)) - bbe56640-50c4-4219-bf4a-9972af81120e: close
2022-07-14 05:35:43,994 [Listener at 127.0.0.1/36625] INFO  server.RaftServer$Division (RaftServerImpl.java:lambda$close$4(434)) - bbe56640-50c4-4219-bf4a-9972af81120e@group-4BD82B653B0E: shutdown
2022-07-14 05:35:43,995 [Listener at 127.0.0.1/36625] INFO  util.JmxRegister (JmxRegister.java:unregister(73)) - Successfully un-registered JMX Bean with object name Ratis:service=RaftServer,group=group-4BD82B653B0E,id=bbe56640-50c4-4219-bf4a-9972af81120e
2022-07-14 05:35:43,995 [Listener at 127.0.0.1/36625] INFO  impl.RoleInfo (RoleInfo.java:shutdownFollowerState(110)) - bbe56640-50c4-4219-bf4a-9972af81120e: shutdown bbe56640-50c4-4219-bf4a-9972af81120e@group-4BD82B653B0E-FollowerState
2022-07-14 05:35:43,995 [bbe56640-50c4-4219-bf4a-9972af81120e@group-4BD82B653B0E-FollowerState] INFO  impl.FollowerState (FollowerState.java:run(152)) - bbe56640-50c4-4219-bf4a-9972af81120e@group-4BD82B653B0E-FollowerState was interrupted
2022-07-14 05:35:43,996 [Listener at 127.0.0.1/36625] INFO  impl.StateMachineUpdater (StateMachineUpdater.java:stopAndJoin(153)) - bbe56640-50c4-4219-bf4a-9972af81120e@group-4BD82B653B0E-StateMachineUpdater: set stopIndex = 0
2022-07-14 05:35:43,996 [ForkJoinPool.commonPool-worker-1] INFO  ozoneimpl.OzoneContainer (OzoneContainer.java:stop(365)) - Attempting to stop container services.
2022-07-14 05:35:43,997 [bbe56640-50c4-4219-bf4a-9972af81120e@group-4BD82B653B0E-StateMachineUpdater] INFO  ratis.ContainerStateMachine (ContainerStateMachine.java:takeSnapshot(304)) - group-4BD82B653B0E: Taking a snapshot at:(t:2, i:0) file /home/runner/work/ozone/ozone/hadoop-ozone/integration-test/target/test-dir/MiniOzoneClusterImpl-252142cc-85ec-47ec-8abc-bbf74a919ed0/datanode-1/data/ratis/66d4f1d7-e2f1-4cea-a8ca-4bd82b653b0e/sm/snapshot.2_0
2022-07-14 05:35:43,997 [ForkJoinPool.commonPool-worker-1] INFO  server.RaftServer (RaftServerProxy.java:lambda$close$7(398)) - 3afe85c2-914b-4505-ab37-b99a5e6b7b6c: close
2022-07-14 05:35:43,997 [ForkJoinPool.commonPool-worker-1] INFO  server.RaftServer$Division (RaftServerImpl.java:lambda$close$4(434)) - 3afe85c2-914b-4505-ab37-b99a5e6b7b6c@group-4BD82B653B0E: shutdown
2022-07-14 05:35:43,998 [ForkJoinPool.commonPool-worker-1] INFO  util.JmxRegister (JmxRegister.java:unregister(73)) - Successfully un-registered JMX Bean with object name Ratis:service=RaftServer,group=group-4BD82B653B0E,id=3afe85c2-914b-4505-ab37-b99a5e6b7b6c
2022-07-14 05:35:43,998 [ForkJoinPool.commonPool-worker-1] INFO  impl.RoleInfo (RoleInfo.java:shutdownFollowerState(110)) - 3afe85c2-914b-4505-ab37-b99a5e6b7b6c: shutdown 3afe85c2-914b-4505-ab37-b99a5e6b7b6c@group-4BD82B653B0E-FollowerState
2022-07-14 05:35:43,998 [ForkJoinPool.commonPool-worker-1] INFO  impl.StateMachineUpdater (StateMachineUpdater.java:stopAndJoin(153)) - 3afe85c2-914b-4505-ab37-b99a5e6b7b6c@group-4BD82B653B0E-StateMachineUpdater: set stopIndex = 0
2022-07-14 05:35:43,998 [3afe85c2-914b-4505-ab37-b99a5e6b7b6c@group-4BD82B653B0E-FollowerState] INFO  impl.FollowerState (FollowerState.java:run(152)) - 3afe85c2-914b-4505-ab37-b99a5e6b7b6c@group-4BD82B653B0E-FollowerState was interrupted
2022-07-14 05:35:44,002 [3afe85c2-914b-4505-ab37-b99a5e6b7b6c@group-4BD82B653B0E-StateMachineUpdater] INFO  ratis.ContainerStateMachine (ContainerStateMachine.java:takeSnapshot(304)) - group-4BD82B653B0E: Taking a snapshot at:(t:2, i:0) file /home/runner/work/ozone/ozone/hadoop-ozone/integration-test/target/test-dir/MiniOzoneClusterImpl-252142cc-85ec-47ec-8abc-bbf74a919ed0/datanode-0/data/ratis/66d4f1d7-e2f1-4cea-a8ca-4bd82b653b0e/sm/snapshot.2_0
2022-07-14 05:35:44,042 [3afe85c2-914b-4505-ab37-b99a5e6b7b6c@group-4BD82B653B0E-StateMachineUpdater] INFO  ratis.ContainerStateMachine (ContainerStateMachine.java:takeSnapshot(315)) - group-4BD82B653B0E: Finished taking a snapshot at:(t:2, i:0) file:/home/runner/work/ozone/ozone/hadoop-ozone/integration-test/target/test-dir/MiniOzoneClusterImpl-252142cc-85ec-47ec-8abc-bbf74a919ed0/datanode-0/data/ratis/66d4f1d7-e2f1-4cea-a8ca-4bd82b653b0e/sm/snapshot.2_0 took: 39 ms
2022-07-14 05:35:44,043 [3afe85c2-914b-4505-ab37-b99a5e6b7b6c@group-4BD82B653B0E-StateMachineUpdater] INFO  impl.StateMachineUpdater (StateMachineUpdater.java:takeSnapshot(287)) - 3afe85c2-914b-4505-ab37-b99a5e6b7b6c@group-4BD82B653B0E-StateMachineUpdater: Took a snapshot at index 0
2022-07-14 05:35:44,043 [3afe85c2-914b-4505-ab37-b99a5e6b7b6c@group-4BD82B653B0E-StateMachineUpdater] INFO  impl.StateMachineUpdater (StateMachineUpdater.java:lambda$new$0(92)) - 3afe85c2-914b-4505-ab37-b99a5e6b7b6c@group-4BD82B653B0E-StateMachineUpdater: snapshotIndex: updateIncreasingly -1 -> 0
2022-07-14 05:35:44,044 [ForkJoinPool.commonPool-worker-1] INFO  server.RaftServer$Division (ServerState.java:close(429)) - 3afe85c2-914b-4505-ab37-b99a5e6b7b6c@group-4BD82B653B0E: closes. applyIndex: 0
2022-07-14 05:35:44,044 [bbe56640-50c4-4219-bf4a-9972af81120e@group-4BD82B653B0E-StateMachineUpdater] INFO  ratis.ContainerStateMachine (ContainerStateMachine.java:takeSnapshot(315)) - group-4BD82B653B0E: Finished taking a snapshot at:(t:2, i:0) file:/home/runner/work/ozone/ozone/hadoop-ozone/integration-test/target/test-dir/MiniOzoneClusterImpl-252142cc-85ec-47ec-8abc-bbf74a919ed0/datanode-1/data/ratis/66d4f1d7-e2f1-4cea-a8ca-4bd82b653b0e/sm/snapshot.2_0 took: 48 ms
2022-07-14 05:35:44,044 [3afe85c2-914b-4505-ab37-b99a5e6b7b6c@group-4BD82B653B0E-SegmentedRaftLogWorker] INFO  segmented.SegmentedRaftLogWorker (SegmentedRaftLogWorker.java:run(336)) - 3afe85c2-914b-4505-ab37-b99a5e6b7b6c@group-4BD82B653B0E-SegmentedRaftLogWorker was interrupted, exiting. There are 0 tasks remaining in the queue.
2022-07-14 05:35:44,044 [bbe56640-50c4-4219-bf4a-9972af81120e@group-4BD82B653B0E-StateMachineUpdater] INFO  impl.StateMachineUpdater (StateMachineUpdater.java:takeSnapshot(287)) - bbe56640-50c4-4219-bf4a-9972af81120e@group-4BD82B653B0E-StateMachineUpdater: Took a snapshot at index 0
2022-07-14 05:35:44,044 [bbe56640-50c4-4219-bf4a-9972af81120e@group-4BD82B653B0E-StateMachineUpdater] INFO  impl.StateMachineUpdater (StateMachineUpdater.java:lambda$new$0(92)) - bbe56640-50c4-4219-bf4a-9972af81120e@group-4BD82B653B0E-StateMachineUpdater: snapshotIndex: updateIncreasingly -1 -> 0
2022-07-14 05:35:44,048 [ForkJoinPool.commonPool-worker-1] INFO  segmented.SegmentedRaftLogWorker (SegmentedRaftLogWorker.java:close(246)) - 3afe85c2-914b-4505-ab37-b99a5e6b7b6c@group-4BD82B653B0E-SegmentedRaftLogWorker close()
2022-07-14 05:35:44,048 [Listener at 127.0.0.1/36625] INFO  server.RaftServer$Division (ServerState.java:close(429)) - bbe56640-50c4-4219-bf4a-9972af81120e@group-4BD82B653B0E: closes. applyIndex: 0
2022-07-14 05:35:44,048 [bbe56640-50c4-4219-bf4a-9972af81120e@group-4BD82B653B0E-SegmentedRaftLogWorker] INFO  segmented.SegmentedRaftLogWorker (SegmentedRaftLogWorker.java:run(336)) - bbe56640-50c4-4219-bf4a-9972af81120e@group-4BD82B653B0E-SegmentedRaftLogWorker was interrupted, exiting. There are 0 tasks remaining in the queue.
2022-07-14 05:35:44,050 [Listener at 127.0.0.1/36625] INFO  segmented.SegmentedRaftLogWorker (SegmentedRaftLogWorker.java:close(246)) - bbe56640-50c4-4219-bf4a-9972af81120e@group-4BD82B653B0E-SegmentedRaftLogWorker close()
2022-07-14 05:35:44,051 [ForkJoinPool.commonPool-worker-1] INFO  server.RaftServer$Division (RaftServerImpl.java:lambda$close$4(434)) - 3afe85c2-914b-4505-ab37-b99a5e6b7b6c@group-53584B332277: shutdown
2022-07-14 05:35:44,051 [ForkJoinPool.commonPool-worker-1] INFO  util.JmxRegister (JmxRegister.java:unregister(73)) - Successfully un-registered JMX Bean with object name Ratis:service=RaftServer,group=group-53584B332277,id=3afe85c2-914b-4505-ab37-b99a5e6b7b6c
2022-07-14 05:35:44,051 [ForkJoinPool.commonPool-worker-1] INFO  impl.RoleInfo (RoleInfo.java:shutdownLeaderState(93)) - 3afe85c2-914b-4505-ab37-b99a5e6b7b6c: shutdown 3afe85c2-914b-4505-ab37-b99a5e6b7b6c@group-53584B332277-LeaderStateImpl
2022-07-14 05:35:44,051 [ForkJoinPool.commonPool-worker-1] INFO  impl.PendingRequests (PendingRequests.java:sendNotLeaderResponses(282)) - 3afe85c2-914b-4505-ab37-b99a5e6b7b6c@group-53584B332277-PendingRequests: sendNotLeaderResponses
2022-07-14 05:35:44,052 [3afe85c2-914b-4505-ab37-b99a5e6b7b6c@group-53584B332277-StateMachineUpdater] INFO  ratis.ContainerStateMachine (ContainerStateMachine.java:takeSnapshot(304)) - group-53584B332277: Taking a snapshot at:(t:1, i:0) file /home/runner/work/ozone/ozone/hadoop-ozone/integration-test/target/test-dir/MiniOzoneClusterImpl-252142cc-85ec-47ec-8abc-bbf74a919ed0/datanode-0/data/ratis/0bc9dacd-2b2e-40ce-b2bc-53584b332277/sm/snapshot.1_0
2022-07-14 05:35:44,052 [ForkJoinPool.commonPool-worker-1] INFO  impl.StateMachineUpdater (StateMachineUpdater.java:stopAndJoin(153)) - 3afe85c2-914b-4505-ab37-b99a5e6b7b6c@group-53584B332277-StateMachineUpdater: set stopIndex = 0
2022-07-14 05:35:44,053 [3afe85c2-914b-4505-ab37-b99a5e6b7b6c@group-53584B332277-StateMachineUpdater] INFO  ratis.ContainerStateMachine (ContainerStateMachine.java:takeSnapshot(315)) - group-53584B332277: Finished taking a snapshot at:(t:1, i:0) file:/home/runner/work/ozone/ozone/hadoop-ozone/integration-test/target/test-dir/MiniOzoneClusterImpl-252142cc-85ec-47ec-8abc-bbf74a919ed0/datanode-0/data/ratis/0bc9dacd-2b2e-40ce-b2bc-53584b332277/sm/snapshot.1_0 took: 1 ms
2022-07-14 05:35:44,053 [3afe85c2-914b-4505-ab37-b99a5e6b7b6c@group-53584B332277-StateMachineUpdater] INFO  impl.StateMachineUpdater (StateMachineUpdater.java:takeSnapshot(287)) - 3afe85c2-914b-4505-ab37-b99a5e6b7b6c@group-53584B332277-StateMachineUpdater: Took a snapshot at index 0
2022-07-14 05:35:44,053 [3afe85c2-914b-4505-ab37-b99a5e6b7b6c@group-53584B332277-StateMachineUpdater] INFO  impl.StateMachineUpdater (StateMachineUpdater.java:lambda$new$0(92)) - 3afe85c2-914b-4505-ab37-b99a5e6b7b6c@group-53584B332277-StateMachineUpdater: snapshotIndex: updateIncreasingly -1 -> 0
2022-07-14 05:35:44,054 [ForkJoinPool.commonPool-worker-1] INFO  server.RaftServer$Division (ServerState.java:close(429)) - 3afe85c2-914b-4505-ab37-b99a5e6b7b6c@group-53584B332277: closes. applyIndex: 0
2022-07-14 05:35:44,054 [3afe85c2-914b-4505-ab37-b99a5e6b7b6c@group-53584B332277-SegmentedRaftLogWorker] INFO  segmented.SegmentedRaftLogWorker (SegmentedRaftLogWorker.java:run(336)) - 3afe85c2-914b-4505-ab37-b99a5e6b7b6c@group-53584B332277-SegmentedRaftLogWorker was interrupted, exiting. There are 0 tasks remaining in the queue.
2022-07-14 05:35:44,055 [ForkJoinPool.commonPool-worker-1] INFO  segmented.SegmentedRaftLogWorker (SegmentedRaftLogWorker.java:close(246)) - 3afe85c2-914b-4505-ab37-b99a5e6b7b6c@group-53584B332277-SegmentedRaftLogWorker close()
2022-07-14 05:35:44,055 [Listener at 127.0.0.1/36625] INFO  server.RaftServer$Division (RaftServerImpl.java:lambda$close$4(434)) - bbe56640-50c4-4219-bf4a-9972af81120e@group-3F3960A450F3: shutdown
2022-07-14 05:35:44,056 [Listener at 127.0.0.1/36625] INFO  util.JmxRegister (JmxRegister.java:unregister(73)) - Successfully un-registered JMX Bean with object name Ratis:service=RaftServer,group=group-3F3960A450F3,id=bbe56640-50c4-4219-bf4a-9972af81120e
2022-07-14 05:35:44,056 [Listener at 127.0.0.1/36625] INFO  impl.RoleInfo (RoleInfo.java:shutdownFollowerState(110)) - bbe56640-50c4-4219-bf4a-9972af81120e: shutdown bbe56640-50c4-4219-bf4a-9972af81120e@group-3F3960A450F3-FollowerState
2022-07-14 05:35:44,056 [Listener at 127.0.0.1/36625] INFO  impl.StateMachineUpdater (StateMachineUpdater.java:stopAndJoin(153)) - bbe56640-50c4-4219-bf4a-9972af81120e@group-3F3960A450F3-StateMachineUpdater: set stopIndex = 0
2022-07-14 05:35:44,057 [bbe56640-50c4-4219-bf4a-9972af81120e@group-3F3960A450F3-FollowerState] INFO  impl.FollowerState (FollowerState.java:run(152)) - bbe56640-50c4-4219-bf4a-9972af81120e@group-3F3960A450F3-FollowerState was interrupted
2022-07-14 05:35:44,058 [bbe56640-50c4-4219-bf4a-9972af81120e@group-3F3960A450F3-StateMachineUpdater] INFO  ratis.ContainerStateMachine (ContainerStateMachine.java:takeSnapshot(304)) - group-3F3960A450F3: Taking a snapshot at:(t:1, i:0) file /home/runner/work/ozone/ozone/hadoop-ozone/integration-test/target/test-dir/MiniOzoneClusterImpl-252142cc-85ec-47ec-8abc-bbf74a919ed0/datanode-1/data/ratis/3442a38a-df77-4709-88f3-3f3960a450f3/sm/snapshot.1_0
2022-07-14 05:35:44,059 [ForkJoinPool.commonPool-worker-1] INFO  server.RaftServer$Division (RaftServerImpl.java:lambda$close$4(434)) - 3afe85c2-914b-4505-ab37-b99a5e6b7b6c@group-3F3960A450F3: shutdown
2022-07-14 05:35:44,059 [ForkJoinPool.commonPool-worker-1] INFO  util.JmxRegister (JmxRegister.java:unregister(73)) - Successfully un-registered JMX Bean with object name Ratis:service=RaftServer,group=group-3F3960A450F3,id=3afe85c2-914b-4505-ab37-b99a5e6b7b6c
2022-07-14 05:35:44,059 [ForkJoinPool.commonPool-worker-1] INFO  impl.RoleInfo (RoleInfo.java:shutdownLeaderState(93)) - 3afe85c2-914b-4505-ab37-b99a5e6b7b6c: shutdown 3afe85c2-914b-4505-ab37-b99a5e6b7b6c@group-3F3960A450F3-LeaderStateImpl
2022-07-14 05:35:44,059 [bbe56640-50c4-4219-bf4a-9972af81120e@group-3F3960A450F3-StateMachineUpdater] INFO  ratis.ContainerStateMachine (ContainerStateMachine.java:takeSnapshot(315)) - group-3F3960A450F3: Finished taking a snapshot at:(t:1, i:0) file:/home/runner/work/ozone/ozone/hadoop-ozone/integration-test/target/test-dir/MiniOzoneClusterImpl-252142cc-85ec-47ec-8abc-bbf74a919ed0/datanode-1/data/ratis/3442a38a-df77-4709-88f3-3f3960a450f3/sm/snapshot.1_0 took: 2 ms
2022-07-14 05:35:44,059 [ForkJoinPool.commonPool-worker-1] INFO  impl.PendingRequests (PendingRequests.java:sendNotLeaderResponses(282)) - 3afe85c2-914b-4505-ab37-b99a5e6b7b6c@group-3F3960A450F3-PendingRequests: sendNotLeaderResponses
2022-07-14 05:35:44,059 [bbe56640-50c4-4219-bf4a-9972af81120e@group-3F3960A450F3-StateMachineUpdater] INFO  impl.StateMachineUpdater (StateMachineUpdater.java:takeSnapshot(287)) - bbe56640-50c4-4219-bf4a-9972af81120e@group-3F3960A450F3-StateMachineUpdater: Took a snapshot at index 0
2022-07-14 05:35:44,059 [bbe56640-50c4-4219-bf4a-9972af81120e@group-3F3960A450F3-StateMachineUpdater] INFO  impl.StateMachineUpdater (StateMachineUpdater.java:lambda$new$0(92)) - bbe56640-50c4-4219-bf4a-9972af81120e@group-3F3960A450F3-StateMachineUpdater: snapshotIndex: updateIncreasingly -1 -> 0
2022-07-14 05:35:44,060 [3afe85c2-914b-4505-ab37-b99a5e6b7b6c@group-3F3960A450F3->034fa580-7f06-453c-9359-8a1a406b4b97-GrpcLogAppender-LogAppenderDaemon] WARN  server.GrpcLogAppender (GrpcLogAppender.java:mayWait(171)) - 3afe85c2-914b-4505-ab37-b99a5e6b7b6c@group-3F3960A450F3->034fa580-7f06-453c-9359-8a1a406b4b97-GrpcLogAppender: Wait interrupted by java.lang.InterruptedException
2022-07-14 05:35:44,060 [3afe85c2-914b-4505-ab37-b99a5e6b7b6c@group-3F3960A450F3-StateMachineUpdater] INFO  ratis.ContainerStateMachine (ContainerStateMachine.java:takeSnapshot(304)) - group-3F3960A450F3: Taking a snapshot at:(t:1, i:0) file /home/runner/work/ozone/ozone/hadoop-ozone/integration-test/target/test-dir/MiniOzoneClusterImpl-252142cc-85ec-47ec-8abc-bbf74a919ed0/datanode-0/data/ratis/3442a38a-df77-4709-88f3-3f3960a450f3/sm/snapshot.1_0
2022-07-14 05:35:44,060 [ForkJoinPool.commonPool-worker-1] INFO  impl.StateMachineUpdater (StateMachineUpdater.java:stopAndJoin(153)) - 3afe85c2-914b-4505-ab37-b99a5e6b7b6c@group-3F3960A450F3-StateMachineUpdater: set stopIndex = 0
2022-07-14 05:35:44,061 [3afe85c2-914b-4505-ab37-b99a5e6b7b6c@group-3F3960A450F3-StateMachineUpdater] INFO  ratis.ContainerStateMachine (ContainerStateMachine.java:takeSnapshot(315)) - group-3F3960A450F3: Finished taking a snapshot at:(t:1, i:0) file:/home/runner/work/ozone/ozone/hadoop-ozone/integration-test/target/test-dir/MiniOzoneClusterImpl-252142cc-85ec-47ec-8abc-bbf74a919ed0/datanode-0/data/ratis/3442a38a-df77-4709-88f3-3f3960a450f3/sm/snapshot.1_0 took: 0 ms
2022-07-14 05:35:44,061 [Listener at 127.0.0.1/36625] INFO  server.RaftServer$Division (ServerState.java:close(429)) - bbe56640-50c4-4219-bf4a-9972af81120e@group-3F3960A450F3: closes. applyIndex: 0
2022-07-14 05:35:44,061 [3afe85c2-914b-4505-ab37-b99a5e6b7b6c@group-3F3960A450F3-StateMachineUpdater] INFO  impl.StateMachineUpdater (StateMachineUpdater.java:takeSnapshot(287)) - 3afe85c2-914b-4505-ab37-b99a5e6b7b6c@group-3F3960A450F3-StateMachineUpdater: Took a snapshot at index 0
2022-07-14 05:35:44,061 [3afe85c2-914b-4505-ab37-b99a5e6b7b6c@group-3F3960A450F3->bbe56640-50c4-4219-bf4a-9972af81120e-GrpcLogAppender-LogAppenderDaemon] WARN  server.GrpcLogAppender (GrpcLogAppender.java:mayWait(171)) - 3afe85c2-914b-4505-ab37-b99a5e6b7b6c@group-3F3960A450F3->bbe56640-50c4-4219-bf4a-9972af81120e-GrpcLogAppender: Wait interrupted by java.lang.InterruptedException
2022-07-14 05:35:44,061 [bbe56640-50c4-4219-bf4a-9972af81120e@group-3F3960A450F3-SegmentedRaftLogWorker] INFO  segmented.SegmentedRaftLogWorker (SegmentedRaftLogWorker.java:run(336)) - bbe56640-50c4-4219-bf4a-9972af81120e@group-3F3960A450F3-SegmentedRaftLogWorker was interrupted, exiting. There are 0 tasks remaining in the queue.
2022-07-14 05:35:44,061 [3afe85c2-914b-4505-ab37-b99a5e6b7b6c@group-3F3960A450F3-StateMachineUpdater] INFO  impl.StateMachineUpdater (StateMachineUpdater.java:lambda$new$0(92)) - 3afe85c2-914b-4505-ab37-b99a5e6b7b6c@group-3F3960A450F3-StateMachineUpdater: snapshotIndex: updateIncreasingly -1 -> 0
2022-07-14 05:35:44,061 [Listener at 127.0.0.1/36625] INFO  segmented.SegmentedRaftLogWorker (SegmentedRaftLogWorker.java:close(246)) - bbe56640-50c4-4219-bf4a-9972af81120e@group-3F3960A450F3-SegmentedRaftLogWorker close()
2022-07-14 05:35:44,061 [ForkJoinPool.commonPool-worker-1] INFO  server.RaftServer$Division (ServerState.java:close(429)) - 3afe85c2-914b-4505-ab37-b99a5e6b7b6c@group-3F3960A450F3: closes. applyIndex: 0
2022-07-14 05:35:44,062 [3afe85c2-914b-4505-ab37-b99a5e6b7b6c@group-3F3960A450F3-SegmentedRaftLogWorker] INFO  segmented.SegmentedRaftLogWorker (SegmentedRaftLogWorker.java:run(336)) - 3afe85c2-914b-4505-ab37-b99a5e6b7b6c@group-3F3960A450F3-SegmentedRaftLogWorker was interrupted, exiting. There are 0 tasks remaining in the queue.
2022-07-14 05:35:44,062 [ForkJoinPool.commonPool-worker-1] INFO  segmented.SegmentedRaftLogWorker (SegmentedRaftLogWorker.java:close(246)) - 3afe85c2-914b-4505-ab37-b99a5e6b7b6c@group-3F3960A450F3-SegmentedRaftLogWorker close()
2022-07-14 05:35:44,062 [ForkJoinPool.commonPool-worker-1] INFO  server.GrpcService (GrpcService.java:closeImpl(269)) - 3afe85c2-914b-4505-ab37-b99a5e6b7b6c: shutdown server with port 39675 now
2022-07-14 05:35:44,063 [grpc-default-executor-3] INFO  server.GrpcServerProtocolService (GrpcServerProtocolService.java:onCompleted(140)) - 034fa580-7f06-453c-9359-8a1a406b4b97: Completed APPEND_ENTRIES, lastRequest: 3afe85c2-914b-4505-ab37-b99a5e6b7b6c->034fa580-7f06-453c-9359-8a1a406b4b97#1-t1,previous=(t:0, i:0),leaderCommit=0,initializing? true,entries: size=1, first=(t:1, i:0), CONFIGURATIONENTRY
2022-07-14 05:35:44,063 [Listener at 127.0.0.1/36625] INFO  server.RaftServer$Division (RaftServerImpl.java:lambda$close$4(434)) - bbe56640-50c4-4219-bf4a-9972af81120e@group-CD5C55497DC5: shutdown
2022-07-14 05:35:44,064 [Listener at 127.0.0.1/36625] INFO  util.JmxRegister (JmxRegister.java:unregister(73)) - Successfully un-registered JMX Bean with object name Ratis:service=RaftServer,group=group-CD5C55497DC5,id=bbe56640-50c4-4219-bf4a-9972af81120e
2022-07-14 05:35:44,064 [Listener at 127.0.0.1/36625] INFO  impl.RoleInfo (RoleInfo.java:shutdownLeaderState(93)) - bbe56640-50c4-4219-bf4a-9972af81120e: shutdown bbe56640-50c4-4219-bf4a-9972af81120e@group-CD5C55497DC5-LeaderStateImpl
2022-07-14 05:35:44,064 [Listener at 127.0.0.1/36625] INFO  impl.PendingRequests (PendingRequests.java:sendNotLeaderResponses(282)) - bbe56640-50c4-4219-bf4a-9972af81120e@group-CD5C55497DC5-PendingRequests: sendNotLeaderResponses
2022-07-14 05:35:44,064 [Listener at 127.0.0.1/36625] INFO  impl.StateMachineUpdater (StateMachineUpdater.java:stopAndJoin(153)) - bbe56640-50c4-4219-bf4a-9972af81120e@group-CD5C55497DC5-StateMachineUpdater: set stopIndex = 0
2022-07-14 05:35:44,066 [grpc-default-executor-1] WARN  server.GrpcServerProtocolService (LogUtils.java:warn(122)) - 3afe85c2-914b-4505-ab37-b99a5e6b7b6c: installSnapshot onError, lastRequest: 034fa580-7f06-453c-9359-8a1a406b4b97->3afe85c2-914b-4505-ab37-b99a5e6b7b6c#1-t2,previous=(t:0, i:0),leaderCommit=-1,initializing? true,entries: size=1, first=(t:2, i:0), CONFIGURATIONENTRY: org.apache.ratis.thirdparty.io.grpc.StatusRuntimeException: CANCELLED: client cancelled
2022-07-14 05:35:44,065 [grpc-default-executor-2] INFO  server.GrpcServerProtocolService (GrpcServerProtocolService.java:onCompleted(140)) - bbe56640-50c4-4219-bf4a-9972af81120e: Completed APPEND_ENTRIES, lastRequest: 3afe85c2-914b-4505-ab37-b99a5e6b7b6c->bbe56640-50c4-4219-bf4a-9972af81120e#1-t1,previous=(t:0, i:0),leaderCommit=-1,initializing? true,entries: size=1, first=(t:1, i:0), CONFIGURATIONENTRY
2022-07-14 05:35:44,065 [bbe56640-50c4-4219-bf4a-9972af81120e@group-CD5C55497DC5-StateMachineUpdater] INFO  ratis.ContainerStateMachine (ContainerStateMachine.java:takeSnapshot(304)) - group-CD5C55497DC5: Taking a snapshot at:(t:1, i:0) file /home/runner/work/ozone/ozone/hadoop-ozone/integration-test/target/test-dir/MiniOzoneClusterImpl-252142cc-85ec-47ec-8abc-bbf74a919ed0/datanode-1/data/ratis/cb5ca9a4-b4c9-4884-9888-cd5c55497dc5/sm/snapshot.1_0
2022-07-14 05:35:44,068 [bbe56640-50c4-4219-bf4a-9972af81120e@group-CD5C55497DC5-StateMachineUpdater] INFO  ratis.ContainerStateMachine (ContainerStateMachine.java:takeSnapshot(315)) - group-CD5C55497DC5: Finished taking a snapshot at:(t:1, i:0) file:/home/runner/work/ozone/ozone/hadoop-ozone/integration-test/target/test-dir/MiniOzoneClusterImpl-252142cc-85ec-47ec-8abc-bbf74a919ed0/datanode-1/data/ratis/cb5ca9a4-b4c9-4884-9888-cd5c55497dc5/sm/snapshot.1_0 took: 3 ms
2022-07-14 05:35:44,068 [bbe56640-50c4-4219-bf4a-9972af81120e@group-CD5C55497DC5-StateMachineUpdater] INFO  impl.StateMachineUpdater (StateMachineUpdater.java:takeSnapshot(287)) - bbe56640-50c4-4219-bf4a-9972af81120e@group-CD5C55497DC5-StateMachineUpdater: Took a snapshot at index 0
2022-07-14 05:35:44,068 [bbe56640-50c4-4219-bf4a-9972af81120e@group-CD5C55497DC5-StateMachineUpdater] INFO  impl.StateMachineUpdater (StateMachineUpdater.java:lambda$new$0(92)) - bbe56640-50c4-4219-bf4a-9972af81120e@group-CD5C55497DC5-StateMachineUpdater: snapshotIndex: updateIncreasingly -1 -> 0
2022-07-14 05:35:44,068 [Listener at 127.0.0.1/36625] INFO  server.RaftServer$Division (ServerState.java:close(429)) - bbe56640-50c4-4219-bf4a-9972af81120e@group-CD5C55497DC5: closes. applyIndex: 0
2022-07-14 05:35:44,076 [grpc-default-executor-2] INFO  server.GrpcLogAppender (GrpcLogAppender.java:onCompleted(339)) - 3afe85c2-914b-4505-ab37-b99a5e6b7b6c@group-3F3960A450F3->bbe56640-50c4-4219-bf4a-9972af81120e-AppendLogResponseHandler: follower responses appendEntries COMPLETED
2022-07-14 05:35:44,076 [grpc-default-executor-2] WARN  server.GrpcLogAppender (GrpcLogAppender.java:resetClient(117)) - 3afe85c2-914b-4505-ab37-b99a5e6b7b6c@group-3F3960A450F3->bbe56640-50c4-4219-bf4a-9972af81120e-GrpcLogAppender: Failed to getClient for bbe56640-50c4-4219-bf4a-9972af81120e
org.apache.ratis.protocol.exceptions.AlreadyClosedException: 3afe85c2-914b-4505-ab37-b99a5e6b7b6c is already CLOSED
	at org.apache.ratis.util.PeerProxyMap$PeerAndProxy.getProxy(PeerProxyMap.java:61)
	at org.apache.ratis.util.PeerProxyMap.getProxy(PeerProxyMap.java:115)
	at org.apache.ratis.grpc.server.GrpcLogAppender.getClient(GrpcLogAppender.java:96)
	at org.apache.ratis.grpc.server.GrpcLogAppender.resetClient(GrpcLogAppender.java:101)
	at org.apache.ratis.grpc.server.GrpcLogAppender.access$500(GrpcLogAppender.java:54)
	at org.apache.ratis.grpc.server.GrpcLogAppender$AppendLogResponseHandler.onCompleted(GrpcLogAppender.java:340)
	at org.apache.ratis.thirdparty.io.grpc.stub.ClientCalls$StreamObserverToCallListenerAdapter.onClose(ClientCalls.java:477)
	at org.apache.ratis.thirdparty.io.grpc.internal.ClientCallImpl.closeObserver(ClientCallImpl.java:562)
	at org.apache.ratis.thirdparty.io.grpc.internal.ClientCallImpl.access$300(ClientCallImpl.java:70)
	at org.apache.ratis.thirdparty.io.grpc.internal.ClientCallImpl$ClientStreamListenerImpl$1StreamClosed.runInternal(ClientCallImpl.java:743)
	at org.apache.ratis.thirdparty.io.grpc.internal.ClientCallImpl$ClientStreamListenerImpl$1StreamClosed.runInContext(ClientCallImpl.java:722)
	at org.apache.ratis.thirdparty.io.grpc.internal.ContextRunnable.run(ContextRunnable.java:37)
	at org.apache.ratis.thirdparty.io.grpc.internal.SerializingExecutor.run(SerializingExecutor.java:133)
	at java.util.concurrent.ThreadPoolExecutor.runWorker(ThreadPoolExecutor.java:1149)
	at java.util.concurrent.ThreadPoolExecutor$Worker.run(ThreadPoolExecutor.java:624)
	at java.lang.Thread.run(Thread.java:750)
2022-07-14 05:35:44,077 [bbe56640-50c4-4219-bf4a-9972af81120e@group-CD5C55497DC5-SegmentedRaftLogWorker] INFO  segmented.SegmentedRaftLogWorker (SegmentedRaftLogWorker.java:run(336)) - bbe56640-50c4-4219-bf4a-9972af81120e@group-CD5C55497DC5-SegmentedRaftLogWorker was interrupted, exiting. There are 0 tasks remaining in the queue.
2022-07-14 05:35:44,077 [Listener at 127.0.0.1/36625] INFO  segmented.SegmentedRaftLogWorker (SegmentedRaftLogWorker.java:close(246)) - bbe56640-50c4-4219-bf4a-9972af81120e@group-CD5C55497DC5-SegmentedRaftLogWorker close()
2022-07-14 05:35:44,079 [Listener at 127.0.0.1/36625] INFO  server.GrpcService (GrpcService.java:closeImpl(269)) - bbe56640-50c4-4219-bf4a-9972af81120e: shutdown server with port 44819 now
2022-07-14 05:35:44,080 [grpc-default-executor-1] INFO  server.GrpcLogAppender (GrpcLogAppender.java:onCompleted(339)) - 3afe85c2-914b-4505-ab37-b99a5e6b7b6c@group-3F3960A450F3->034fa580-7f06-453c-9359-8a1a406b4b97-AppendLogResponseHandler: follower responses appendEntries COMPLETED
2022-07-14 05:35:44,080 [grpc-default-executor-1] INFO  leader.FollowerInfo (FollowerInfoImpl.java:lambda$new$0(48)) - 3afe85c2-914b-4505-ab37-b99a5e6b7b6c@group-3F3960A450F3->034fa580-7f06-453c-9359-8a1a406b4b97: nextIndex: updateUnconditionally 1 -> 0
2022-07-14 05:35:44,081 [grpc-default-executor-3] WARN  server.GrpcLogAppender (LogUtils.java:warn(122)) - 034fa580-7f06-453c-9359-8a1a406b4b97@group-4BD82B653B0E->bbe56640-50c4-4219-bf4a-9972af81120e-AppendLogResponseHandler: Failed appendEntries: org.apache.ratis.thirdparty.io.grpc.StatusRuntimeException: CANCELLED: RST_STREAM closed stream. HTTP/2 error code: CANCEL
2022-07-14 05:35:44,081 [grpc-default-executor-0] WARN  server.GrpcServerProtocolService (LogUtils.java:warn(122)) - bbe56640-50c4-4219-bf4a-9972af81120e: installSnapshot onError, lastRequest: 034fa580-7f06-453c-9359-8a1a406b4b97->bbe56640-50c4-4219-bf4a-9972af81120e#1-t2,previous=(t:0, i:0),leaderCommit=-1,initializing? true,entries: size=1, first=(t:2, i:0), CONFIGURATIONENTRY: org.apache.ratis.thirdparty.io.grpc.StatusRuntimeException: CANCELLED: client cancelled
2022-07-14 05:35:44,081 [grpc-default-executor-3] WARN  server.GrpcLogAppender (GrpcLogAppender.java:resetClient(111)) - 034fa580-7f06-453c-9359-8a1a406b4b97@group-4BD82B653B0E->bbe56640-50c4-4219-bf4a-9972af81120e-GrpcLogAppender: Leader has not got in touch with Follower 034fa580-7f06-453c-9359-8a1a406b4b97@group-4BD82B653B0E->bbe56640-50c4-4219-bf4a-9972af81120e(c0,m0,n1, attendVote=true, lastRpcSendTime=576, lastRpcResponseTime=574) yet, just keep nextIndex unchanged and retry.
2022-07-14 05:35:44,081 [grpc-default-executor-4] WARN  server.GrpcLogAppender (LogUtils.java:warn(122)) - 034fa580-7f06-453c-9359-8a1a406b4b97@group-4BD82B653B0E->3afe85c2-914b-4505-ab37-b99a5e6b7b6c-AppendLogResponseHandler: Failed appendEntries: org.apache.ratis.thirdparty.io.grpc.StatusRuntimeException: CANCELLED: RST_STREAM closed stream. HTTP/2 error code: CANCEL
2022-07-14 05:35:44,082 [grpc-default-executor-4] WARN  server.GrpcLogAppender (GrpcLogAppender.java:resetClient(111)) - 034fa580-7f06-453c-9359-8a1a406b4b97@group-4BD82B653B0E->3afe85c2-914b-4505-ab37-b99a5e6b7b6c-GrpcLogAppender: Leader has not got in touch with Follower 034fa580-7f06-453c-9359-8a1a406b4b97@group-4BD82B653B0E->3afe85c2-914b-4505-ab37-b99a5e6b7b6c(c0,m0,n1, attendVote=true, lastRpcSendTime=584, lastRpcResponseTime=582) yet, just keep nextIndex unchanged and retry.
2022-07-14 05:35:44,083 [ForkJoinPool.commonPool-worker-1] INFO  server.GrpcService (GrpcService.java:closeImpl(278)) - 3afe85c2-914b-4505-ab37-b99a5e6b7b6c: shutdown server with port 39675 successfully
2022-07-14 05:35:44,083 [org.apache.ratis.util.JvmPauseMonitor$$Lambda$519/2035454069@33c93ea8] INFO  util.JvmPauseMonitor (JvmPauseMonitor.java:run(109)) - JvmPauseMonitor-3afe85c2-914b-4505-ab37-b99a5e6b7b6c: Stopped
2022-07-14 05:35:44,087 [Listener at 127.0.0.1/36625] INFO  server.GrpcService (GrpcService.java:closeImpl(278)) - bbe56640-50c4-4219-bf4a-9972af81120e: shutdown server with port 44819 successfully
2022-07-14 05:35:44,087 [org.apache.ratis.util.JvmPauseMonitor$$Lambda$519/2035454069@1c02b0b7] INFO  util.JvmPauseMonitor (JvmPauseMonitor.java:run(109)) - JvmPauseMonitor-bbe56640-50c4-4219-bf4a-9972af81120e: Stopped
2022-07-14 05:35:44,683 [EndpointStateMachine task thread for /127.0.0.1:44189 - 0 ] INFO  ipc.Client (Client.java:handleConnectionFailure(977)) - Retrying connect to server: localhost/127.0.0.1:44189. Already tried 6 time(s); retry policy is RetryUpToMaximumCountWithFixedSleep(maxRetries=15, sleepTime=1000 MILLISECONDS)
2022-07-14 05:35:44,684 [EndpointStateMachine task thread for /127.0.0.1:43653 - 0 ] INFO  ipc.Client (Client.java:handleConnectionFailure(977)) - Retrying connect to server: localhost/127.0.0.1:43653. Already tried 6 time(s); retry policy is RetryUpToMaximumCountWithFixedSleep(maxRetries=15, sleepTime=1000 MILLISECONDS)
2022-07-14 05:35:44,684 [EndpointStateMachine task thread for /127.0.0.1:36365 - 0 ] INFO  ipc.Client (Client.java:handleConnectionFailure(977)) - Retrying connect to server: localhost/127.0.0.1:36365. Already tried 6 time(s); retry policy is RetryUpToMaximumCountWithFixedSleep(maxRetries=15, sleepTime=1000 MILLISECONDS)
2022-07-14 05:35:45,684 [EndpointStateMachine task thread for /127.0.0.1:44189 - 0 ] INFO  ipc.Client (Client.java:handleConnectionFailure(977)) - Retrying connect to server: localhost/127.0.0.1:44189. Already tried 7 time(s); retry policy is RetryUpToMaximumCountWithFixedSleep(maxRetries=15, sleepTime=1000 MILLISECONDS)
2022-07-14 05:35:45,685 [EndpointStateMachine task thread for /127.0.0.1:43653 - 0 ] INFO  ipc.Client (Client.java:handleConnectionFailure(977)) - Retrying connect to server: localhost/127.0.0.1:43653. Already tried 7 time(s); retry policy is RetryUpToMaximumCountWithFixedSleep(maxRetries=15, sleepTime=1000 MILLISECONDS)
2022-07-14 05:35:45,685 [EndpointStateMachine task thread for /127.0.0.1:36365 - 0 ] INFO  ipc.Client (Client.java:handleConnectionFailure(977)) - Retrying connect to server: localhost/127.0.0.1:36365. Already tried 7 time(s); retry policy is RetryUpToMaximumCountWithFixedSleep(maxRetries=15, sleepTime=1000 MILLISECONDS)
2022-07-14 05:35:46,004 [grpc-default-executor-0] WARN  server.GrpcLogAppender (LogUtils.java:warn(122)) - 034fa580-7f06-453c-9359-8a1a406b4b97@group-4BD82B653B0E->3afe85c2-914b-4505-ab37-b99a5e6b7b6c-AppendLogResponseHandler: Failed appendEntries: org.apache.ratis.thirdparty.io.grpc.StatusRuntimeException: UNAVAILABLE: io exception
2022-07-14 05:35:46,005 [grpc-default-executor-0] WARN  server.GrpcLogAppender (GrpcLogAppender.java:resetClient(111)) - 034fa580-7f06-453c-9359-8a1a406b4b97@group-4BD82B653B0E->3afe85c2-914b-4505-ab37-b99a5e6b7b6c-GrpcLogAppender: Leader has not got in touch with Follower 034fa580-7f06-453c-9359-8a1a406b4b97@group-4BD82B653B0E->3afe85c2-914b-4505-ab37-b99a5e6b7b6c(c0,m0,n1, attendVote=true, lastRpcSendTime=2, lastRpcResponseTime=2505) yet, just keep nextIndex unchanged and retry.
2022-07-14 05:35:46,008 [grpc-default-executor-1] WARN  server.GrpcLogAppender (LogUtils.java:warn(122)) - 034fa580-7f06-453c-9359-8a1a406b4b97@group-4BD82B653B0E->bbe56640-50c4-4219-bf4a-9972af81120e-AppendLogResponseHandler: Failed appendEntries: org.apache.ratis.thirdparty.io.grpc.StatusRuntimeException: UNAVAILABLE: io exception
2022-07-14 05:35:46,009 [grpc-default-executor-1] WARN  server.GrpcLogAppender (GrpcLogAppender.java:resetClient(111)) - 034fa580-7f06-453c-9359-8a1a406b4b97@group-4BD82B653B0E->bbe56640-50c4-4219-bf4a-9972af81120e-GrpcLogAppender: Leader has not got in touch with Follower 034fa580-7f06-453c-9359-8a1a406b4b97@group-4BD82B653B0E->bbe56640-50c4-4219-bf4a-9972af81120e(c0,m0,n1, attendVote=true, lastRpcSendTime=1, lastRpcResponseTime=2501) yet, just keep nextIndex unchanged and retry.
2022-07-14 05:35:46,140 [Listener at 127.0.0.1/36625] INFO  utils.BackgroundService (BackgroundService.java:shutdown(132)) - Shutting down service BlockDeletingService
2022-07-14 05:35:46,155 [ForkJoinPool.commonPool-worker-1] INFO  utils.BackgroundService (BackgroundService.java:shutdown(132)) - Shutting down service BlockDeletingService
2022-07-14 05:35:46,685 [EndpointStateMachine task thread for /127.0.0.1:44189 - 0 ] INFO  ipc.Client (Client.java:handleConnectionFailure(977)) - Retrying connect to server: localhost/127.0.0.1:44189. Already tried 8 time(s); retry policy is RetryUpToMaximumCountWithFixedSleep(maxRetries=15, sleepTime=1000 MILLISECONDS)
2022-07-14 05:35:46,685 [EndpointStateMachine task thread for /127.0.0.1:43653 - 0 ] INFO  ipc.Client (Client.java:handleConnectionFailure(977)) - Retrying connect to server: localhost/127.0.0.1:43653. Already tried 8 time(s); retry policy is RetryUpToMaximumCountWithFixedSleep(maxRetries=15, sleepTime=1000 MILLISECONDS)
2022-07-14 05:35:46,686 [EndpointStateMachine task thread for /127.0.0.1:36365 - 0 ] INFO  ipc.Client (Client.java:handleConnectionFailure(977)) - Retrying connect to server: localhost/127.0.0.1:36365. Already tried 8 time(s); retry policy is RetryUpToMaximumCountWithFixedSleep(maxRetries=15, sleepTime=1000 MILLISECONDS)
2022-07-14 05:35:47,259 [grpc-default-executor-0] WARN  server.GrpcLogAppender (LogUtils.java:warn(122)) - 034fa580-7f06-453c-9359-8a1a406b4b97@group-4BD82B653B0E->3afe85c2-914b-4505-ab37-b99a5e6b7b6c-AppendLogResponseHandler: Failed appendEntries: org.apache.ratis.thirdparty.io.grpc.StatusRuntimeException: UNAVAILABLE: io exception
2022-07-14 05:35:47,260 [grpc-default-executor-0] WARN  server.GrpcLogAppender (GrpcLogAppender.java:resetClient(111)) - 034fa580-7f06-453c-9359-8a1a406b4b97@group-4BD82B653B0E->3afe85c2-914b-4505-ab37-b99a5e6b7b6c-GrpcLogAppender: Leader has not got in touch with Follower 034fa580-7f06-453c-9359-8a1a406b4b97@group-4BD82B653B0E->3afe85c2-914b-4505-ab37-b99a5e6b7b6c(c0,m0,n1, attendVote=true, lastRpcSendTime=0, lastRpcResponseTime=3760) yet, just keep nextIndex unchanged and retry.
2022-07-14 05:35:47,264 [grpc-default-executor-1] WARN  server.GrpcLogAppender (LogUtils.java:warn(122)) - 034fa580-7f06-453c-9359-8a1a406b4b97@group-4BD82B653B0E->bbe56640-50c4-4219-bf4a-9972af81120e-AppendLogResponseHandler: Failed appendEntries: org.apache.ratis.thirdparty.io.grpc.StatusRuntimeException: UNAVAILABLE: io exception
2022-07-14 05:35:47,265 [grpc-default-executor-1] WARN  server.GrpcLogAppender (GrpcLogAppender.java:resetClient(111)) - 034fa580-7f06-453c-9359-8a1a406b4b97@group-4BD82B653B0E->bbe56640-50c4-4219-bf4a-9972af81120e-GrpcLogAppender: Leader has not got in touch with Follower 034fa580-7f06-453c-9359-8a1a406b4b97@group-4BD82B653B0E->bbe56640-50c4-4219-bf4a-9972af81120e(c0,m0,n1, attendVote=true, lastRpcSendTime=0, lastRpcResponseTime=3758) yet, just keep nextIndex unchanged and retry.
2022-07-14 05:35:47,686 [EndpointStateMachine task thread for /127.0.0.1:44189 - 0 ] INFO  ipc.Client (Client.java:handleConnectionFailure(977)) - Retrying connect to server: localhost/127.0.0.1:44189. Already tried 9 time(s); retry policy is RetryUpToMaximumCountWithFixedSleep(maxRetries=15, sleepTime=1000 MILLISECONDS)
2022-07-14 05:35:47,686 [EndpointStateMachine task thread for /127.0.0.1:36365 - 0 ] INFO  ipc.Client (Client.java:handleConnectionFailure(977)) - Retrying connect to server: localhost/127.0.0.1:36365. Already tried 9 time(s); retry policy is RetryUpToMaximumCountWithFixedSleep(maxRetries=15, sleepTime=1000 MILLISECONDS)
2022-07-14 05:35:47,686 [EndpointStateMachine task thread for /127.0.0.1:43653 - 0 ] INFO  ipc.Client (Client.java:handleConnectionFailure(977)) - Retrying connect to server: localhost/127.0.0.1:43653. Already tried 9 time(s); retry policy is RetryUpToMaximumCountWithFixedSleep(maxRetries=15, sleepTime=1000 MILLISECONDS)
2022-07-14 05:35:48,509 [grpc-default-executor-1] WARN  server.GrpcLogAppender (LogUtils.java:warn(122)) - 034fa580-7f06-453c-9359-8a1a406b4b97@group-4BD82B653B0E->3afe85c2-914b-4505-ab37-b99a5e6b7b6c-AppendLogResponseHandler: Failed appendEntries: org.apache.ratis.thirdparty.io.grpc.StatusRuntimeException: UNAVAILABLE: io exception
2022-07-14 05:35:48,510 [grpc-default-executor-1] WARN  server.GrpcLogAppender (GrpcLogAppender.java:resetClient(111)) - 034fa580-7f06-453c-9359-8a1a406b4b97@group-4BD82B653B0E->3afe85c2-914b-4505-ab37-b99a5e6b7b6c-GrpcLogAppender: Leader has not got in touch with Follower 034fa580-7f06-453c-9359-8a1a406b4b97@group-4BD82B653B0E->3afe85c2-914b-4505-ab37-b99a5e6b7b6c(c0,m0,n1, attendVote=true, lastRpcSendTime=0, lastRpcResponseTime=5010) yet, just keep nextIndex unchanged and retry.
2022-07-14 05:35:48,519 [grpc-default-executor-1] WARN  server.GrpcLogAppender (LogUtils.java:warn(122)) - 034fa580-7f06-453c-9359-8a1a406b4b97@group-4BD82B653B0E->bbe56640-50c4-4219-bf4a-9972af81120e-AppendLogResponseHandler: Failed appendEntries: org.apache.ratis.thirdparty.io.grpc.StatusRuntimeException: UNAVAILABLE: io exception
2022-07-14 05:35:48,520 [grpc-default-executor-1] WARN  server.GrpcLogAppender (GrpcLogAppender.java:resetClient(111)) - 034fa580-7f06-453c-9359-8a1a406b4b97@group-4BD82B653B0E->bbe56640-50c4-4219-bf4a-9972af81120e-GrpcLogAppender: Leader has not got in touch with Follower 034fa580-7f06-453c-9359-8a1a406b4b97@group-4BD82B653B0E->bbe56640-50c4-4219-bf4a-9972af81120e(c0,m0,n1, attendVote=true, lastRpcSendTime=0, lastRpcResponseTime=5013) yet, just keep nextIndex unchanged and retry.
2022-07-14 05:35:48,687 [EndpointStateMachine task thread for /127.0.0.1:44189 - 0 ] INFO  ipc.Client (Client.java:handleConnectionFailure(977)) - Retrying connect to server: localhost/127.0.0.1:44189. Already tried 10 time(s); retry policy is RetryUpToMaximumCountWithFixedSleep(maxRetries=15, sleepTime=1000 MILLISECONDS)
2022-07-14 05:35:48,687 [EndpointStateMachine task thread for /127.0.0.1:36365 - 0 ] INFO  ipc.Client (Client.java:handleConnectionFailure(977)) - Retrying connect to server: localhost/127.0.0.1:36365. Already tried 10 time(s); retry policy is RetryUpToMaximumCountWithFixedSleep(maxRetries=15, sleepTime=1000 MILLISECONDS)
2022-07-14 05:35:48,688 [EndpointStateMachine task thread for /127.0.0.1:43653 - 0 ] INFO  ipc.Client (Client.java:handleConnectionFailure(977)) - Retrying connect to server: localhost/127.0.0.1:43653. Already tried 10 time(s); retry policy is RetryUpToMaximumCountWithFixedSleep(maxRetries=15, sleepTime=1000 MILLISECONDS)
2022-07-14 05:35:49,154 [Listener at 127.0.0.1/36625] INFO  statemachine.DatanodeStateMachine (DatanodeStateMachine.java:stopDaemon(580)) - Ozone container server stopped.
2022-07-14 05:35:49,164 [ForkJoinPool.commonPool-worker-1] INFO  statemachine.DatanodeStateMachine (DatanodeStateMachine.java:stopDaemon(580)) - Ozone container server stopped.
2022-07-14 05:35:49,185 [Listener at 127.0.0.1/36625] INFO  handler.ContextHandler (ContextHandler.java:doStop(1153)) - Stopped o.e.j.w.WebAppContext@739afbb{hddsDatanode,/,null,STOPPED}{jar:file:/home/runner/.m2/repository/org/apache/ozone/hdds-container-service/1.3.0-SNAPSHOT/hdds-container-service-1.3.0-SNAPSHOT.jar!/webapps/hddsDatanode}
2022-07-14 05:35:49,186 [Listener at 127.0.0.1/36625] INFO  server.AbstractConnector (AbstractConnector.java:doStop(381)) - Stopped ServerConnector@57963e85{HTTP/1.1, (http/1.1)}{0.0.0.0:0}
2022-07-14 05:35:49,186 [Listener at 127.0.0.1/36625] INFO  server.session (HouseKeeper.java:stopScavenging(149)) - node0 Stopped scavenging
2022-07-14 05:35:49,186 [Listener at 127.0.0.1/36625] INFO  handler.ContextHandler (ContextHandler.java:doStop(1153)) - Stopped o.e.j.s.ServletContextHandler@47c1d452{static,/static,jar:file:/home/runner/.m2/repository/org/apache/ozone/hdds-container-service/1.3.0-SNAPSHOT/hdds-container-service-1.3.0-SNAPSHOT.jar!/webapps/static,STOPPED}
2022-07-14 05:35:49,186 [Listener at 127.0.0.1/36625] INFO  handler.ContextHandler (ContextHandler.java:doStop(1153)) - Stopped o.e.j.s.ServletContextHandler@1f2882ef{logs,/logs,file:///home/runner/work/ozone/ozone/hadoop-ozone/integration-test/target/log,STOPPED}
2022-07-14 05:35:49,201 [ForkJoinPool.commonPool-worker-1] INFO  handler.ContextHandler (ContextHandler.java:doStop(1153)) - Stopped o.e.j.w.WebAppContext@e9025c4{hddsDatanode,/,null,STOPPED}{jar:file:/home/runner/.m2/repository/org/apache/ozone/hdds-container-service/1.3.0-SNAPSHOT/hdds-container-service-1.3.0-SNAPSHOT.jar!/webapps/hddsDatanode}
2022-07-14 05:35:49,223 [ForkJoinPool.commonPool-worker-1] INFO  server.AbstractConnector (AbstractConnector.java:doStop(381)) - Stopped ServerConnector@7ea22a74{HTTP/1.1, (http/1.1)}{0.0.0.0:0}
2022-07-14 05:35:49,223 [ForkJoinPool.commonPool-worker-1] INFO  server.session (HouseKeeper.java:stopScavenging(149)) - node0 Stopped scavenging
2022-07-14 05:35:49,224 [ForkJoinPool.commonPool-worker-1] INFO  handler.ContextHandler (ContextHandler.java:doStop(1153)) - Stopped o.e.j.s.ServletContextHandler@5d9b044b{static,/static,jar:file:/home/runner/.m2/repository/org/apache/ozone/hdds-container-service/1.3.0-SNAPSHOT/hdds-container-service-1.3.0-SNAPSHOT.jar!/webapps/static,STOPPED}
2022-07-14 05:35:49,225 [ForkJoinPool.commonPool-worker-1] INFO  handler.ContextHandler (ContextHandler.java:doStop(1153)) - Stopped o.e.j.s.ServletContextHandler@1e0cd29{logs,/logs,file:///home/runner/work/ozone/ozone/hadoop-ozone/integration-test/target/log,STOPPED}
2022-07-14 05:35:49,687 [EndpointStateMachine task thread for /127.0.0.1:44189 - 0 ] INFO  ipc.Client (Client.java:handleConnectionFailure(977)) - Retrying connect to server: localhost/127.0.0.1:44189. Already tried 11 time(s); retry policy is RetryUpToMaximumCountWithFixedSleep(maxRetries=15, sleepTime=1000 MILLISECONDS)
2022-07-14 05:35:49,688 [EndpointStateMachine task thread for /127.0.0.1:36365 - 0 ] INFO  ipc.Client (Client.java:handleConnectionFailure(977)) - Retrying connect to server: localhost/127.0.0.1:36365. Already tried 11 time(s); retry policy is RetryUpToMaximumCountWithFixedSleep(maxRetries=15, sleepTime=1000 MILLISECONDS)
2022-07-14 05:35:49,689 [EndpointStateMachine task thread for /127.0.0.1:43653 - 0 ] INFO  ipc.Client (Client.java:handleConnectionFailure(977)) - Retrying connect to server: localhost/127.0.0.1:43653. Already tried 11 time(s); retry policy is RetryUpToMaximumCountWithFixedSleep(maxRetries=15, sleepTime=1000 MILLISECONDS)
2022-07-14 05:35:49,767 [grpc-default-executor-1] WARN  server.GrpcLogAppender (LogUtils.java:warn(122)) - 034fa580-7f06-453c-9359-8a1a406b4b97@group-4BD82B653B0E->3afe85c2-914b-4505-ab37-b99a5e6b7b6c-AppendLogResponseHandler: Failed appendEntries: org.apache.ratis.thirdparty.io.grpc.StatusRuntimeException: UNAVAILABLE: io exception
2022-07-14 05:35:49,768 [grpc-default-executor-1] WARN  server.GrpcLogAppender (GrpcLogAppender.java:resetClient(111)) - 034fa580-7f06-453c-9359-8a1a406b4b97@group-4BD82B653B0E->3afe85c2-914b-4505-ab37-b99a5e6b7b6c-GrpcLogAppender: Leader has not got in touch with Follower 034fa580-7f06-453c-9359-8a1a406b4b97@group-4BD82B653B0E->3afe85c2-914b-4505-ab37-b99a5e6b7b6c(c0,m0,n1, attendVote=true, lastRpcSendTime=1259, lastRpcResponseTime=6268) yet, just keep nextIndex unchanged and retry.
2022-07-14 05:35:49,776 [grpc-default-executor-1] WARN  server.GrpcLogAppender (LogUtils.java:warn(122)) - 034fa580-7f06-453c-9359-8a1a406b4b97@group-4BD82B653B0E->bbe56640-50c4-4219-bf4a-9972af81120e-AppendLogResponseHandler: Failed appendEntries: org.apache.ratis.thirdparty.io.grpc.StatusRuntimeException: UNAVAILABLE: io exception
2022-07-14 05:35:49,777 [grpc-default-executor-1] WARN  server.GrpcLogAppender (GrpcLogAppender.java:resetClient(111)) - 034fa580-7f06-453c-9359-8a1a406b4b97@group-4BD82B653B0E->bbe56640-50c4-4219-bf4a-9972af81120e-GrpcLogAppender: Leader has not got in touch with Follower 034fa580-7f06-453c-9359-8a1a406b4b97@group-4BD82B653B0E->bbe56640-50c4-4219-bf4a-9972af81120e(c0,m0,n1, attendVote=true, lastRpcSendTime=0, lastRpcResponseTime=6270) yet, just keep nextIndex unchanged and retry.
2022-07-14 05:35:49,961 [Datanode State Machine Daemon Thread] WARN  statemachine.StateContext (StateContext.java:setState(252)) - Ignore disallowed transition from SHUTDOWN to RUNNING
2022-07-14 05:35:50,688 [EndpointStateMachine task thread for /127.0.0.1:44189 - 0 ] INFO  ipc.Client (Client.java:handleConnectionFailure(977)) - Retrying connect to server: localhost/127.0.0.1:44189. Already tried 12 time(s); retry policy is RetryUpToMaximumCountWithFixedSleep(maxRetries=15, sleepTime=1000 MILLISECONDS)
2022-07-14 05:35:50,689 [EndpointStateMachine task thread for /127.0.0.1:36365 - 0 ] INFO  ipc.Client (Client.java:handleConnectionFailure(977)) - Retrying connect to server: localhost/127.0.0.1:36365. Already tried 12 time(s); retry policy is RetryUpToMaximumCountWithFixedSleep(maxRetries=15, sleepTime=1000 MILLISECONDS)
2022-07-14 05:35:50,695 [EndpointStateMachine task thread for /127.0.0.1:43653 - 0 ] INFO  ipc.Client (Client.java:handleConnectionFailure(977)) - Retrying connect to server: localhost/127.0.0.1:43653. Already tried 12 time(s); retry policy is RetryUpToMaximumCountWithFixedSleep(maxRetries=15, sleepTime=1000 MILLISECONDS)
2022-07-14 05:35:50,834 [034fa580-7f06-453c-9359-8a1a406b4b97@group-3F3960A450F3-FollowerState] INFO  impl.FollowerState (FollowerState.java:run(143)) - 034fa580-7f06-453c-9359-8a1a406b4b97@group-3F3960A450F3-FollowerState: change to CANDIDATE, lastRpcElapsedTime:7560185863ns, electionTimeout:5076ms
2022-07-14 05:35:50,834 [034fa580-7f06-453c-9359-8a1a406b4b97@group-3F3960A450F3-FollowerState] INFO  impl.RoleInfo (RoleInfo.java:shutdownFollowerState(110)) - 034fa580-7f06-453c-9359-8a1a406b4b97: shutdown 034fa580-7f06-453c-9359-8a1a406b4b97@group-3F3960A450F3-FollowerState
2022-07-14 05:35:50,835 [034fa580-7f06-453c-9359-8a1a406b4b97@group-3F3960A450F3-FollowerState] INFO  server.RaftServer$Division (RaftServerImpl.java:setRole(299)) - 034fa580-7f06-453c-9359-8a1a406b4b97@group-3F3960A450F3: changes role from  FOLLOWER to CANDIDATE at term 1 for changeToCandidate
2022-07-14 05:35:50,835 [034fa580-7f06-453c-9359-8a1a406b4b97@group-3F3960A450F3-FollowerState] INFO  server.RaftServerConfigKeys (ConfUtils.java:logGet(46)) - raft.server.leaderelection.pre-vote = false (custom)
2022-07-14 05:35:50,835 [034fa580-7f06-453c-9359-8a1a406b4b97@group-3F3960A450F3-FollowerState] INFO  impl.RoleInfo (RoleInfo.java:updateAndGet(139)) - 034fa580-7f06-453c-9359-8a1a406b4b97: start 034fa580-7f06-453c-9359-8a1a406b4b97@group-3F3960A450F3-LeaderElection17
2022-07-14 05:35:50,839 [034fa580-7f06-453c-9359-8a1a406b4b97@group-3F3960A450F3-LeaderElection17] INFO  server.RaftServer$Division (ServerState.java:setLeader(287)) - 034fa580-7f06-453c-9359-8a1a406b4b97@group-3F3960A450F3: change Leader from 3afe85c2-914b-4505-ab37-b99a5e6b7b6c to null at term 1 for ELECTION
2022-07-14 05:35:50,844 [034fa580-7f06-453c-9359-8a1a406b4b97@group-3F3960A450F3-LeaderElection17] INFO  impl.LeaderElection (LeaderElection.java:askForVotes(310)) - 034fa580-7f06-453c-9359-8a1a406b4b97@group-3F3960A450F3-LeaderElection17 ELECTION round 0: submit vote requests at term 2 for 0: [bbe56640-50c4-4219-bf4a-9972af81120e|rpc:127.0.0.1:44819|dataStream:|priority:0, 3afe85c2-914b-4505-ab37-b99a5e6b7b6c|rpc:127.0.0.1:39675|dataStream:|priority:1, 034fa580-7f06-453c-9359-8a1a406b4b97|rpc:127.0.0.1:39193|dataStream:|priority:0], old=null
2022-07-14 05:35:50,859 [034fa580-7f06-453c-9359-8a1a406b4b97@group-3F3960A450F3-LeaderElection17] INFO  impl.LeaderElection (LogUtils.java:infoOrTrace(137)) - 034fa580-7f06-453c-9359-8a1a406b4b97@group-3F3960A450F3-LeaderElection17 got exception when requesting votes: java.util.concurrent.ExecutionException: org.apache.ratis.thirdparty.io.grpc.StatusRuntimeException: UNAVAILABLE: io exception
2022-07-14 05:35:50,859 [034fa580-7f06-453c-9359-8a1a406b4b97@group-3F3960A450F3-LeaderElection17] INFO  impl.LeaderElection (LogUtils.java:infoOrTrace(137)) - 034fa580-7f06-453c-9359-8a1a406b4b97@group-3F3960A450F3-LeaderElection17 got exception when requesting votes: java.util.concurrent.ExecutionException: org.apache.ratis.thirdparty.io.grpc.StatusRuntimeException: UNAVAILABLE: io exception
2022-07-14 05:35:50,860 [034fa580-7f06-453c-9359-8a1a406b4b97@group-3F3960A450F3-LeaderElection17] INFO  impl.LeaderElection (LeaderElection.java:logAndReturn(90)) - 034fa580-7f06-453c-9359-8a1a406b4b97@group-3F3960A450F3-LeaderElection17: ELECTION REJECTED received 0 response(s) and 2 exception(s):
2022-07-14 05:35:50,860 [034fa580-7f06-453c-9359-8a1a406b4b97@group-3F3960A450F3-LeaderElection17] INFO  impl.LeaderElection (LogUtils.java:infoOrTrace(137)) -   Exception 0: java.util.concurrent.ExecutionException: org.apache.ratis.thirdparty.io.grpc.StatusRuntimeException: UNAVAILABLE: io exception
2022-07-14 05:35:50,860 [034fa580-7f06-453c-9359-8a1a406b4b97@group-3F3960A450F3-LeaderElection17] INFO  impl.LeaderElection (LogUtils.java:infoOrTrace(137)) -   Exception 1: java.util.concurrent.ExecutionException: org.apache.ratis.thirdparty.io.grpc.StatusRuntimeException: UNAVAILABLE: io exception
2022-07-14 05:35:50,860 [034fa580-7f06-453c-9359-8a1a406b4b97@group-3F3960A450F3-LeaderElection17] INFO  impl.LeaderElection (LeaderElection.java:askForVotes(312)) - 034fa580-7f06-453c-9359-8a1a406b4b97@group-3F3960A450F3-LeaderElection17 ELECTION round 0: result REJECTED
2022-07-14 05:35:50,860 [034fa580-7f06-453c-9359-8a1a406b4b97@group-3F3960A450F3-LeaderElection17] INFO  server.RaftServer$Division (RaftServerImpl.java:setRole(299)) - 034fa580-7f06-453c-9359-8a1a406b4b97@group-3F3960A450F3: changes role from CANDIDATE to FOLLOWER at term 2 for REJECTED
2022-07-14 05:35:50,860 [034fa580-7f06-453c-9359-8a1a406b4b97@group-3F3960A450F3-LeaderElection17] INFO  impl.RoleInfo (RoleInfo.java:shutdownLeaderElection(130)) - 034fa580-7f06-453c-9359-8a1a406b4b97: shutdown 034fa580-7f06-453c-9359-8a1a406b4b97@group-3F3960A450F3-LeaderElection17
2022-07-14 05:35:50,860 [034fa580-7f06-453c-9359-8a1a406b4b97@group-3F3960A450F3-LeaderElection17] INFO  impl.RoleInfo (RoleInfo.java:updateAndGet(139)) - 034fa580-7f06-453c-9359-8a1a406b4b97: start 034fa580-7f06-453c-9359-8a1a406b4b97@group-3F3960A450F3-FollowerState
2022-07-14 05:35:51,027 [grpc-default-executor-1] WARN  server.GrpcLogAppender (LogUtils.java:warn(122)) - 034fa580-7f06-453c-9359-8a1a406b4b97@group-4BD82B653B0E->bbe56640-50c4-4219-bf4a-9972af81120e-AppendLogResponseHandler: Failed appendEntries: org.apache.ratis.thirdparty.io.grpc.StatusRuntimeException: UNAVAILABLE: io exception
2022-07-14 05:35:51,028 [grpc-default-executor-1] WARN  server.GrpcLogAppender (GrpcLogAppender.java:resetClient(111)) - 034fa580-7f06-453c-9359-8a1a406b4b97@group-4BD82B653B0E->bbe56640-50c4-4219-bf4a-9972af81120e-GrpcLogAppender: Leader has not got in touch with Follower 034fa580-7f06-453c-9359-8a1a406b4b97@group-4BD82B653B0E->bbe56640-50c4-4219-bf4a-9972af81120e(c0,m0,n1, attendVote=true, lastRpcSendTime=1, lastRpcResponseTime=7521) yet, just keep nextIndex unchanged and retry.
2022-07-14 05:35:51,029 [grpc-default-executor-1] WARN  server.GrpcLogAppender (LogUtils.java:warn(122)) - 034fa580-7f06-453c-9359-8a1a406b4b97@group-4BD82B653B0E->3afe85c2-914b-4505-ab37-b99a5e6b7b6c-AppendLogResponseHandler: Failed appendEntries: org.apache.ratis.thirdparty.io.grpc.StatusRuntimeException: UNAVAILABLE: io exception
2022-07-14 05:35:51,029 [grpc-default-executor-1] WARN  server.GrpcLogAppender (GrpcLogAppender.java:resetClient(111)) - 034fa580-7f06-453c-9359-8a1a406b4b97@group-4BD82B653B0E->3afe85c2-914b-4505-ab37-b99a5e6b7b6c-GrpcLogAppender: Leader has not got in touch with Follower 034fa580-7f06-453c-9359-8a1a406b4b97@group-4BD82B653B0E->3afe85c2-914b-4505-ab37-b99a5e6b7b6c(c0,m0,n1, attendVote=true, lastRpcSendTime=1259, lastRpcResponseTime=7530) yet, just keep nextIndex unchanged and retry.
2022-07-14 05:35:51,387 [034fa580-7f06-453c-9359-8a1a406b4b97@group-4BD82B653B0E-LeaderStateImpl] WARN  server.RaftServer$Division (LeaderStateImpl.java:checkLeadership(1018)) - 034fa580-7f06-453c-9359-8a1a406b4b97@group-4BD82B653B0E-LeaderStateImpl: Lost leadership on term: 2. Election timeout: 5200ms. In charge for: 10432ms. Conf: 0: [bbe56640-50c4-4219-bf4a-9972af81120e|rpc:127.0.0.1:44819|dataStream:|priority:0, 3afe85c2-914b-4505-ab37-b99a5e6b7b6c|rpc:127.0.0.1:39675|dataStream:|priority:0, 034fa580-7f06-453c-9359-8a1a406b4b97|rpc:127.0.0.1:39193|dataStream:|priority:1], old=null
2022-07-14 05:35:51,388 [034fa580-7f06-453c-9359-8a1a406b4b97@group-4BD82B653B0E-LeaderStateImpl] WARN  server.RaftServer$Division (LeaderStateImpl.java:lambda$checkLeadership$17(1022)) - Follower 034fa580-7f06-453c-9359-8a1a406b4b97@group-4BD82B653B0E->bbe56640-50c4-4219-bf4a-9972af81120e(c0,m0,n1, attendVote=true, lastRpcSendTime=361, lastRpcResponseTime=7881)
2022-07-14 05:35:51,388 [034fa580-7f06-453c-9359-8a1a406b4b97@group-4BD82B653B0E-LeaderStateImpl] WARN  server.RaftServer$Division (LeaderStateImpl.java:lambda$checkLeadership$17(1022)) - Follower 034fa580-7f06-453c-9359-8a1a406b4b97@group-4BD82B653B0E->3afe85c2-914b-4505-ab37-b99a5e6b7b6c(c0,m0,n1, attendVote=true, lastRpcSendTime=358, lastRpcResponseTime=7888)
2022-07-14 05:35:51,388 [034fa580-7f06-453c-9359-8a1a406b4b97@group-4BD82B653B0E-LeaderStateImpl] INFO  server.RaftServer$Division (RaftServerImpl.java:setRole(299)) - 034fa580-7f06-453c-9359-8a1a406b4b97@group-4BD82B653B0E: changes role from    LEADER to FOLLOWER at term 2 for StepDownReason:LOST_MAJORITY_HEARTBEATS
2022-07-14 05:35:51,388 [034fa580-7f06-453c-9359-8a1a406b4b97@group-4BD82B653B0E-LeaderStateImpl] INFO  impl.RoleInfo (RoleInfo.java:shutdownLeaderState(93)) - 034fa580-7f06-453c-9359-8a1a406b4b97: shutdown 034fa580-7f06-453c-9359-8a1a406b4b97@group-4BD82B653B0E-LeaderStateImpl
2022-07-14 05:35:51,388 [034fa580-7f06-453c-9359-8a1a406b4b97@group-4BD82B653B0E-LeaderStateImpl] INFO  impl.PendingRequests (PendingRequests.java:sendNotLeaderResponses(282)) - 034fa580-7f06-453c-9359-8a1a406b4b97@group-4BD82B653B0E-PendingRequests: sendNotLeaderResponses
2022-07-14 05:35:51,389 [034fa580-7f06-453c-9359-8a1a406b4b97@group-4BD82B653B0E-LeaderStateImpl] INFO  impl.RoleInfo (RoleInfo.java:updateAndGet(139)) - 034fa580-7f06-453c-9359-8a1a406b4b97: start 034fa580-7f06-453c-9359-8a1a406b4b97@group-4BD82B653B0E-FollowerState
2022-07-14 05:35:51,689 [EndpointStateMachine task thread for /127.0.0.1:44189 - 0 ] INFO  ipc.Client (Client.java:handleConnectionFailure(977)) - Retrying connect to server: localhost/127.0.0.1:44189. Already tried 13 time(s); retry policy is RetryUpToMaximumCountWithFixedSleep(maxRetries=15, sleepTime=1000 MILLISECONDS)
2022-07-14 05:35:51,690 [EndpointStateMachine task thread for /127.0.0.1:36365 - 0 ] INFO  ipc.Client (Client.java:handleConnectionFailure(977)) - Retrying connect to server: localhost/127.0.0.1:36365. Already tried 13 time(s); retry policy is RetryUpToMaximumCountWithFixedSleep(maxRetries=15, sleepTime=1000 MILLISECONDS)
2022-07-14 05:35:51,695 [EndpointStateMachine task thread for /127.0.0.1:43653 - 0 ] INFO  ipc.Client (Client.java:handleConnectionFailure(977)) - Retrying connect to server: localhost/127.0.0.1:43653. Already tried 13 time(s); retry policy is RetryUpToMaximumCountWithFixedSleep(maxRetries=15, sleepTime=1000 MILLISECONDS)
2022-07-14 05:35:52,690 [EndpointStateMachine task thread for /127.0.0.1:44189 - 0 ] INFO  ipc.Client (Client.java:handleConnectionFailure(977)) - Retrying connect to server: localhost/127.0.0.1:44189. Already tried 14 time(s); retry policy is RetryUpToMaximumCountWithFixedSleep(maxRetries=15, sleepTime=1000 MILLISECONDS)
2022-07-14 05:35:52,691 [EndpointStateMachine task thread for /127.0.0.1:44189 - 0 ] WARN  statemachine.EndpointStateMachine (EndpointStateMachine.java:logIfNeeded(236)) - Unable to communicate to SCM server at localhost:44189 for past 0 seconds.
java.net.ConnectException: Call From fv-az444-907/10.1.0.30 to localhost:44189 failed on connection exception: java.net.ConnectException: Connection refused; For more details see:  http://wiki.apache.org/hadoop/ConnectionRefused
	at sun.reflect.NativeConstructorAccessorImpl.newInstance0(Native Method)
	at sun.reflect.NativeConstructorAccessorImpl.newInstance(NativeConstructorAccessorImpl.java:62)
	at sun.reflect.DelegatingConstructorAccessorImpl.newInstance(DelegatingConstructorAccessorImpl.java:45)
	at java.lang.reflect.Constructor.newInstance(Constructor.java:423)
	at org.apache.hadoop.net.NetUtils.wrapWithMessage(NetUtils.java:913)
	at org.apache.hadoop.net.NetUtils.wrapException(NetUtils.java:828)
	at org.apache.hadoop.ipc.Client.getRpcResponse(Client.java:1577)
	at org.apache.hadoop.ipc.Client.call(Client.java:1519)
	at org.apache.hadoop.ipc.Client.call(Client.java:1416)
	at org.apache.hadoop.ipc.ProtobufRpcEngine$Invoker.invoke(ProtobufRpcEngine.java:236)
	at org.apache.hadoop.ipc.ProtobufRpcEngine$Invoker.invoke(ProtobufRpcEngine.java:123)
	at com.sun.proxy.$Proxy51.submitRequest(Unknown Source)
	at org.apache.hadoop.ozone.protocolPB.StorageContainerDatanodeProtocolClientSideTranslatorPB.submitRequest(StorageContainerDatanodeProtocolClientSideTranslatorPB.java:117)
	at org.apache.hadoop.ozone.protocolPB.StorageContainerDatanodeProtocolClientSideTranslatorPB.sendHeartbeat(StorageContainerDatanodeProtocolClientSideTranslatorPB.java:149)
	at org.apache.hadoop.ozone.container.common.states.endpoint.HeartbeatEndpointTask.call(HeartbeatEndpointTask.java:185)
	at org.apache.hadoop.ozone.container.common.states.endpoint.HeartbeatEndpointTask.call(HeartbeatEndpointTask.java:87)
	at java.util.concurrent.FutureTask.run(FutureTask.java:266)
	at java.util.concurrent.ThreadPoolExecutor.runWorker(ThreadPoolExecutor.java:1149)
	at java.util.concurrent.ThreadPoolExecutor$Worker.run(ThreadPoolExecutor.java:624)
	at java.lang.Thread.run(Thread.java:750)
Caused by: java.net.ConnectException: Connection refused
	at sun.nio.ch.SocketChannelImpl.checkConnect(Native Method)
	at sun.nio.ch.SocketChannelImpl.finishConnect(SocketChannelImpl.java:716)
	at org.apache.hadoop.net.SocketIOWithTimeout.connect(SocketIOWithTimeout.java:206)
	at org.apache.hadoop.net.NetUtils.connect(NetUtils.java:586)
	at org.apache.hadoop.ipc.Client$Connection.setupConnection(Client.java:701)
	at org.apache.hadoop.ipc.Client$Connection.setupIOstreams(Client.java:822)
	at org.apache.hadoop.ipc.Client$Connection.access$3800(Client.java:414)
	at org.apache.hadoop.ipc.Client.getConnection(Client.java:1647)
	at org.apache.hadoop.ipc.Client.call(Client.java:1463)
	... 12 more
2022-07-14 05:35:52,691 [EndpointStateMachine task thread for /127.0.0.1:36365 - 0 ] INFO  ipc.Client (Client.java:handleConnectionFailure(977)) - Retrying connect to server: localhost/127.0.0.1:36365. Already tried 14 time(s); retry policy is RetryUpToMaximumCountWithFixedSleep(maxRetries=15, sleepTime=1000 MILLISECONDS)
2022-07-14 05:35:52,694 [EndpointStateMachine task thread for /127.0.0.1:36365 - 0 ] WARN  statemachine.EndpointStateMachine (EndpointStateMachine.java:logIfNeeded(236)) - Unable to communicate to SCM server at localhost:36365 for past 0 seconds.
java.net.ConnectException: Call From fv-az444-907/10.1.0.30 to localhost:36365 failed on connection exception: java.net.ConnectException: Connection refused; For more details see:  http://wiki.apache.org/hadoop/ConnectionRefused
	at sun.reflect.NativeConstructorAccessorImpl.newInstance0(Native Method)
	at sun.reflect.NativeConstructorAccessorImpl.newInstance(NativeConstructorAccessorImpl.java:62)
	at sun.reflect.DelegatingConstructorAccessorImpl.newInstance(DelegatingConstructorAccessorImpl.java:45)
	at java.lang.reflect.Constructor.newInstance(Constructor.java:423)
	at org.apache.hadoop.net.NetUtils.wrapWithMessage(NetUtils.java:913)
	at org.apache.hadoop.net.NetUtils.wrapException(NetUtils.java:828)
	at org.apache.hadoop.ipc.Client.getRpcResponse(Client.java:1577)
	at org.apache.hadoop.ipc.Client.call(Client.java:1519)
	at org.apache.hadoop.ipc.Client.call(Client.java:1416)
	at org.apache.hadoop.ipc.ProtobufRpcEngine$Invoker.invoke(ProtobufRpcEngine.java:236)
	at org.apache.hadoop.ipc.ProtobufRpcEngine$Invoker.invoke(ProtobufRpcEngine.java:123)
	at com.sun.proxy.$Proxy51.submitRequest(Unknown Source)
	at org.apache.hadoop.ozone.protocolPB.StorageContainerDatanodeProtocolClientSideTranslatorPB.submitRequest(StorageContainerDatanodeProtocolClientSideTranslatorPB.java:117)
	at org.apache.hadoop.ozone.protocolPB.StorageContainerDatanodeProtocolClientSideTranslatorPB.sendHeartbeat(StorageContainerDatanodeProtocolClientSideTranslatorPB.java:149)
	at org.apache.hadoop.ozone.container.common.states.endpoint.HeartbeatEndpointTask.call(HeartbeatEndpointTask.java:185)
	at org.apache.hadoop.ozone.container.common.states.endpoint.HeartbeatEndpointTask.call(HeartbeatEndpointTask.java:87)
	at java.util.concurrent.FutureTask.run(FutureTask.java:266)
	at java.util.concurrent.ThreadPoolExecutor.runWorker(ThreadPoolExecutor.java:1149)
	at java.util.concurrent.ThreadPoolExecutor$Worker.run(ThreadPoolExecutor.java:624)
	at java.lang.Thread.run(Thread.java:750)
Caused by: java.net.ConnectException: Connection refused
	at sun.nio.ch.SocketChannelImpl.checkConnect(Native Method)
	at sun.nio.ch.SocketChannelImpl.finishConnect(SocketChannelImpl.java:716)
	at org.apache.hadoop.net.SocketIOWithTimeout.connect(SocketIOWithTimeout.java:206)
	at org.apache.hadoop.net.NetUtils.connect(NetUtils.java:586)
	at org.apache.hadoop.ipc.Client$Connection.setupConnection(Client.java:701)
	at org.apache.hadoop.ipc.Client$Connection.setupIOstreams(Client.java:822)
	at org.apache.hadoop.ipc.Client$Connection.access$3800(Client.java:414)
	at org.apache.hadoop.ipc.Client.getConnection(Client.java:1647)
	at org.apache.hadoop.ipc.Client.call(Client.java:1463)
	... 12 more
2022-07-14 05:35:52,696 [EndpointStateMachine task thread for /127.0.0.1:43653 - 0 ] INFO  ipc.Client (Client.java:handleConnectionFailure(977)) - Retrying connect to server: localhost/127.0.0.1:43653. Already tried 14 time(s); retry policy is RetryUpToMaximumCountWithFixedSleep(maxRetries=15, sleepTime=1000 MILLISECONDS)
2022-07-14 05:35:52,696 [EndpointStateMachine task thread for /127.0.0.1:43653 - 0 ] WARN  statemachine.EndpointStateMachine (EndpointStateMachine.java:logIfNeeded(236)) - Unable to communicate to SCM server at localhost:43653 for past 0 seconds.
java.net.ConnectException: Call From fv-az444-907/10.1.0.30 to localhost:43653 failed on connection exception: java.net.ConnectException: Connection refused; For more details see:  http://wiki.apache.org/hadoop/ConnectionRefused
	at sun.reflect.NativeConstructorAccessorImpl.newInstance0(Native Method)
	at sun.reflect.NativeConstructorAccessorImpl.newInstance(NativeConstructorAccessorImpl.java:62)
	at sun.reflect.DelegatingConstructorAccessorImpl.newInstance(DelegatingConstructorAccessorImpl.java:45)
	at java.lang.reflect.Constructor.newInstance(Constructor.java:423)
	at org.apache.hadoop.net.NetUtils.wrapWithMessage(NetUtils.java:913)
	at org.apache.hadoop.net.NetUtils.wrapException(NetUtils.java:828)
	at org.apache.hadoop.ipc.Client.getRpcResponse(Client.java:1577)
	at org.apache.hadoop.ipc.Client.call(Client.java:1519)
	at org.apache.hadoop.ipc.Client.call(Client.java:1416)
	at org.apache.hadoop.ipc.ProtobufRpcEngine$Invoker.invoke(ProtobufRpcEngine.java:236)
	at org.apache.hadoop.ipc.ProtobufRpcEngine$Invoker.invoke(ProtobufRpcEngine.java:123)
	at com.sun.proxy.$Proxy51.submitRequest(Unknown Source)
	at org.apache.hadoop.ozone.protocolPB.StorageContainerDatanodeProtocolClientSideTranslatorPB.submitRequest(StorageContainerDatanodeProtocolClientSideTranslatorPB.java:117)
	at org.apache.hadoop.ozone.protocolPB.StorageContainerDatanodeProtocolClientSideTranslatorPB.sendHeartbeat(StorageContainerDatanodeProtocolClientSideTranslatorPB.java:149)
	at org.apache.hadoop.ozone.container.common.states.endpoint.HeartbeatEndpointTask.call(HeartbeatEndpointTask.java:185)
	at org.apache.hadoop.ozone.container.common.states.endpoint.HeartbeatEndpointTask.call(HeartbeatEndpointTask.java:87)
	at java.util.concurrent.FutureTask.run(FutureTask.java:266)
	at java.util.concurrent.ThreadPoolExecutor.runWorker(ThreadPoolExecutor.java:1149)
	at java.util.concurrent.ThreadPoolExecutor$Worker.run(ThreadPoolExecutor.java:624)
	at java.lang.Thread.run(Thread.java:750)
Caused by: java.net.ConnectException: Connection refused
	at sun.nio.ch.SocketChannelImpl.checkConnect(Native Method)
	at sun.nio.ch.SocketChannelImpl.finishConnect(SocketChannelImpl.java:716)
	at org.apache.hadoop.net.SocketIOWithTimeout.connect(SocketIOWithTimeout.java:206)
	at org.apache.hadoop.net.NetUtils.connect(NetUtils.java:586)
	at org.apache.hadoop.ipc.Client$Connection.setupConnection(Client.java:701)
	at org.apache.hadoop.ipc.Client$Connection.setupIOstreams(Client.java:822)
	at org.apache.hadoop.ipc.Client$Connection.access$3800(Client.java:414)
	at org.apache.hadoop.ipc.Client.getConnection(Client.java:1647)
	at org.apache.hadoop.ipc.Client.call(Client.java:1463)
	... 12 more
2022-07-14 05:35:53,694 [EndpointStateMachine task thread for /127.0.0.1:44189 - 0 ] INFO  ipc.Client (Client.java:handleConnectionFailure(977)) - Retrying connect to server: localhost/127.0.0.1:44189. Already tried 0 time(s); retry policy is RetryUpToMaximumCountWithFixedSleep(maxRetries=15, sleepTime=1000 MILLISECONDS)
2022-07-14 05:35:53,695 [EndpointStateMachine task thread for /127.0.0.1:36365 - 0 ] INFO  ipc.Client (Client.java:handleConnectionFailure(977)) - Retrying connect to server: localhost/127.0.0.1:36365. Already tried 0 time(s); retry policy is RetryUpToMaximumCountWithFixedSleep(maxRetries=15, sleepTime=1000 MILLISECONDS)
2022-07-14 05:35:53,697 [EndpointStateMachine task thread for /127.0.0.1:43653 - 0 ] INFO  ipc.Client (Client.java:handleConnectionFailure(977)) - Retrying connect to server: localhost/127.0.0.1:43653. Already tried 0 time(s); retry policy is RetryUpToMaximumCountWithFixedSleep(maxRetries=15, sleepTime=1000 MILLISECONDS)
2022-07-14 05:35:54,193 [Listener at 127.0.0.1/36625] INFO  ozoneimpl.OzoneContainer (OzoneContainer.java:stop(365)) - Attempting to stop container services.
2022-07-14 05:35:54,194 [Listener at 127.0.0.1/36625] INFO  server.RaftServer (RaftServerProxy.java:lambda$close$7(398)) - 034fa580-7f06-453c-9359-8a1a406b4b97: close
2022-07-14 05:35:54,198 [Listener at 127.0.0.1/36625] INFO  server.RaftServer$Division (RaftServerImpl.java:lambda$close$4(434)) - 034fa580-7f06-453c-9359-8a1a406b4b97@group-4BD82B653B0E: shutdown
2022-07-14 05:35:54,198 [Listener at 127.0.0.1/36625] INFO  util.JmxRegister (JmxRegister.java:unregister(73)) - Successfully un-registered JMX Bean with object name Ratis:service=RaftServer,group=group-4BD82B653B0E,id=034fa580-7f06-453c-9359-8a1a406b4b97
2022-07-14 05:35:54,198 [Listener at 127.0.0.1/36625] INFO  impl.RoleInfo (RoleInfo.java:shutdownFollowerState(110)) - 034fa580-7f06-453c-9359-8a1a406b4b97: shutdown 034fa580-7f06-453c-9359-8a1a406b4b97@group-4BD82B653B0E-FollowerState
2022-07-14 05:35:54,198 [Listener at 127.0.0.1/36625] INFO  impl.StateMachineUpdater (StateMachineUpdater.java:stopAndJoin(153)) - 034fa580-7f06-453c-9359-8a1a406b4b97@group-4BD82B653B0E-StateMachineUpdater: set stopIndex = 0
2022-07-14 05:35:54,199 [034fa580-7f06-453c-9359-8a1a406b4b97@group-4BD82B653B0E-FollowerState] INFO  impl.FollowerState (FollowerState.java:run(152)) - 034fa580-7f06-453c-9359-8a1a406b4b97@group-4BD82B653B0E-FollowerState was interrupted
2022-07-14 05:35:54,199 [034fa580-7f06-453c-9359-8a1a406b4b97@group-4BD82B653B0E-StateMachineUpdater] INFO  ratis.ContainerStateMachine (ContainerStateMachine.java:takeSnapshot(304)) - group-4BD82B653B0E: Taking a snapshot at:(t:2, i:0) file /home/runner/work/ozone/ozone/hadoop-ozone/integration-test/target/test-dir/MiniOzoneClusterImpl-252142cc-85ec-47ec-8abc-bbf74a919ed0/datanode-2/data/ratis/66d4f1d7-e2f1-4cea-a8ca-4bd82b653b0e/sm/snapshot.2_0
2022-07-14 05:35:54,211 [034fa580-7f06-453c-9359-8a1a406b4b97@group-4BD82B653B0E-StateMachineUpdater] INFO  ratis.ContainerStateMachine (ContainerStateMachine.java:takeSnapshot(315)) - group-4BD82B653B0E: Finished taking a snapshot at:(t:2, i:0) file:/home/runner/work/ozone/ozone/hadoop-ozone/integration-test/target/test-dir/MiniOzoneClusterImpl-252142cc-85ec-47ec-8abc-bbf74a919ed0/datanode-2/data/ratis/66d4f1d7-e2f1-4cea-a8ca-4bd82b653b0e/sm/snapshot.2_0 took: 12 ms
2022-07-14 05:35:54,211 [ForkJoinPool.commonPool-worker-0] INFO  server.RaftServer$Division (RaftServerImpl.java:lambda$close$4(434)) - 034fa580-7f06-453c-9359-8a1a406b4b97@group-3F3960A450F3: shutdown
2022-07-14 05:35:54,211 [ForkJoinPool.commonPool-worker-0] INFO  util.JmxRegister (JmxRegister.java:unregister(73)) - Successfully un-registered JMX Bean with object name Ratis:service=RaftServer,group=group-3F3960A450F3,id=034fa580-7f06-453c-9359-8a1a406b4b97
2022-07-14 05:35:54,211 [034fa580-7f06-453c-9359-8a1a406b4b97@group-4BD82B653B0E-StateMachineUpdater] INFO  impl.StateMachineUpdater (StateMachineUpdater.java:takeSnapshot(287)) - 034fa580-7f06-453c-9359-8a1a406b4b97@group-4BD82B653B0E-StateMachineUpdater: Took a snapshot at index 0
2022-07-14 05:35:54,211 [ForkJoinPool.commonPool-worker-0] INFO  impl.RoleInfo (RoleInfo.java:shutdownFollowerState(110)) - 034fa580-7f06-453c-9359-8a1a406b4b97: shutdown 034fa580-7f06-453c-9359-8a1a406b4b97@group-3F3960A450F3-FollowerState
2022-07-14 05:35:54,211 [034fa580-7f06-453c-9359-8a1a406b4b97@group-4BD82B653B0E-StateMachineUpdater] INFO  impl.StateMachineUpdater (StateMachineUpdater.java:lambda$new$0(92)) - 034fa580-7f06-453c-9359-8a1a406b4b97@group-4BD82B653B0E-StateMachineUpdater: snapshotIndex: updateIncreasingly -1 -> 0
2022-07-14 05:35:54,211 [034fa580-7f06-453c-9359-8a1a406b4b97@group-3F3960A450F3-FollowerState] INFO  impl.FollowerState (FollowerState.java:run(152)) - 034fa580-7f06-453c-9359-8a1a406b4b97@group-3F3960A450F3-FollowerState was interrupted
2022-07-14 05:35:54,211 [ForkJoinPool.commonPool-worker-0] INFO  impl.StateMachineUpdater (StateMachineUpdater.java:stopAndJoin(153)) - 034fa580-7f06-453c-9359-8a1a406b4b97@group-3F3960A450F3-StateMachineUpdater: set stopIndex = 0
2022-07-14 05:35:54,212 [Listener at 127.0.0.1/36625] INFO  server.RaftServer$Division (ServerState.java:close(429)) - 034fa580-7f06-453c-9359-8a1a406b4b97@group-4BD82B653B0E: closes. applyIndex: 0
2022-07-14 05:35:54,216 [034fa580-7f06-453c-9359-8a1a406b4b97@group-4BD82B653B0E-SegmentedRaftLogWorker] INFO  segmented.SegmentedRaftLogWorker (SegmentedRaftLogWorker.java:run(336)) - 034fa580-7f06-453c-9359-8a1a406b4b97@group-4BD82B653B0E-SegmentedRaftLogWorker was interrupted, exiting. There are 0 tasks remaining in the queue.
2022-07-14 05:35:54,218 [034fa580-7f06-453c-9359-8a1a406b4b97@group-3F3960A450F3-StateMachineUpdater] INFO  ratis.ContainerStateMachine (ContainerStateMachine.java:takeSnapshot(304)) - group-3F3960A450F3: Taking a snapshot at:(t:1, i:0) file /home/runner/work/ozone/ozone/hadoop-ozone/integration-test/target/test-dir/MiniOzoneClusterImpl-252142cc-85ec-47ec-8abc-bbf74a919ed0/datanode-2/data/ratis/3442a38a-df77-4709-88f3-3f3960a450f3/sm/snapshot.1_0
2022-07-14 05:35:54,218 [Listener at 127.0.0.1/36625] INFO  segmented.SegmentedRaftLogWorker (SegmentedRaftLogWorker.java:close(246)) - 034fa580-7f06-453c-9359-8a1a406b4b97@group-4BD82B653B0E-SegmentedRaftLogWorker close()
2022-07-14 05:35:54,222 [034fa580-7f06-453c-9359-8a1a406b4b97@group-3F3960A450F3-StateMachineUpdater] INFO  ratis.ContainerStateMachine (ContainerStateMachine.java:takeSnapshot(315)) - group-3F3960A450F3: Finished taking a snapshot at:(t:1, i:0) file:/home/runner/work/ozone/ozone/hadoop-ozone/integration-test/target/test-dir/MiniOzoneClusterImpl-252142cc-85ec-47ec-8abc-bbf74a919ed0/datanode-2/data/ratis/3442a38a-df77-4709-88f3-3f3960a450f3/sm/snapshot.1_0 took: 3 ms
2022-07-14 05:35:54,222 [034fa580-7f06-453c-9359-8a1a406b4b97@group-3F3960A450F3-StateMachineUpdater] INFO  impl.StateMachineUpdater (StateMachineUpdater.java:takeSnapshot(287)) - 034fa580-7f06-453c-9359-8a1a406b4b97@group-3F3960A450F3-StateMachineUpdater: Took a snapshot at index 0
2022-07-14 05:35:54,222 [034fa580-7f06-453c-9359-8a1a406b4b97@group-3F3960A450F3-StateMachineUpdater] INFO  impl.StateMachineUpdater (StateMachineUpdater.java:lambda$new$0(92)) - 034fa580-7f06-453c-9359-8a1a406b4b97@group-3F3960A450F3-StateMachineUpdater: snapshotIndex: updateIncreasingly -1 -> 0
2022-07-14 05:35:54,222 [ForkJoinPool.commonPool-worker-0] INFO  server.RaftServer$Division (ServerState.java:close(429)) - 034fa580-7f06-453c-9359-8a1a406b4b97@group-3F3960A450F3: closes. applyIndex: 0
2022-07-14 05:35:54,222 [034fa580-7f06-453c-9359-8a1a406b4b97@group-3F3960A450F3-SegmentedRaftLogWorker] INFO  segmented.SegmentedRaftLogWorker (SegmentedRaftLogWorker.java:run(336)) - 034fa580-7f06-453c-9359-8a1a406b4b97@group-3F3960A450F3-SegmentedRaftLogWorker was interrupted, exiting. There are 0 tasks remaining in the queue.
2022-07-14 05:35:54,223 [ForkJoinPool.commonPool-worker-0] INFO  segmented.SegmentedRaftLogWorker (SegmentedRaftLogWorker.java:close(246)) - 034fa580-7f06-453c-9359-8a1a406b4b97@group-3F3960A450F3-SegmentedRaftLogWorker close()
2022-07-14 05:35:54,223 [ForkJoinPool.commonPool-worker-0] INFO  server.RaftServer$Division (RaftServerImpl.java:lambda$close$4(434)) - 034fa580-7f06-453c-9359-8a1a406b4b97@group-FD3248EF1A8C: shutdown
2022-07-14 05:35:54,223 [ForkJoinPool.commonPool-worker-0] INFO  util.JmxRegister (JmxRegister.java:unregister(73)) - Successfully un-registered JMX Bean with object name Ratis:service=RaftServer,group=group-FD3248EF1A8C,id=034fa580-7f06-453c-9359-8a1a406b4b97
2022-07-14 05:35:54,224 [ForkJoinPool.commonPool-worker-0] INFO  impl.RoleInfo (RoleInfo.java:shutdownLeaderState(93)) - 034fa580-7f06-453c-9359-8a1a406b4b97: shutdown 034fa580-7f06-453c-9359-8a1a406b4b97@group-FD3248EF1A8C-LeaderStateImpl
2022-07-14 05:35:54,224 [ForkJoinPool.commonPool-worker-0] INFO  impl.PendingRequests (PendingRequests.java:sendNotLeaderResponses(282)) - 034fa580-7f06-453c-9359-8a1a406b4b97@group-FD3248EF1A8C-PendingRequests: sendNotLeaderResponses
2022-07-14 05:35:54,224 [ForkJoinPool.commonPool-worker-0] INFO  impl.StateMachineUpdater (StateMachineUpdater.java:stopAndJoin(153)) - 034fa580-7f06-453c-9359-8a1a406b4b97@group-FD3248EF1A8C-StateMachineUpdater: set stopIndex = 0
2022-07-14 05:35:54,224 [034fa580-7f06-453c-9359-8a1a406b4b97@group-FD3248EF1A8C-StateMachineUpdater] INFO  ratis.ContainerStateMachine (ContainerStateMachine.java:takeSnapshot(304)) - group-FD3248EF1A8C: Taking a snapshot at:(t:1, i:0) file /home/runner/work/ozone/ozone/hadoop-ozone/integration-test/target/test-dir/MiniOzoneClusterImpl-252142cc-85ec-47ec-8abc-bbf74a919ed0/datanode-2/data/ratis/24c7cdfe-8124-4b26-bfd1-fd3248ef1a8c/sm/snapshot.1_0
2022-07-14 05:35:54,231 [034fa580-7f06-453c-9359-8a1a406b4b97@group-FD3248EF1A8C-StateMachineUpdater] INFO  ratis.ContainerStateMachine (ContainerStateMachine.java:takeSnapshot(315)) - group-FD3248EF1A8C: Finished taking a snapshot at:(t:1, i:0) file:/home/runner/work/ozone/ozone/hadoop-ozone/integration-test/target/test-dir/MiniOzoneClusterImpl-252142cc-85ec-47ec-8abc-bbf74a919ed0/datanode-2/data/ratis/24c7cdfe-8124-4b26-bfd1-fd3248ef1a8c/sm/snapshot.1_0 took: 6 ms
2022-07-14 05:35:54,231 [034fa580-7f06-453c-9359-8a1a406b4b97@group-FD3248EF1A8C-StateMachineUpdater] INFO  impl.StateMachineUpdater (StateMachineUpdater.java:takeSnapshot(287)) - 034fa580-7f06-453c-9359-8a1a406b4b97@group-FD3248EF1A8C-StateMachineUpdater: Took a snapshot at index 0
2022-07-14 05:35:54,231 [034fa580-7f06-453c-9359-8a1a406b4b97@group-FD3248EF1A8C-StateMachineUpdater] INFO  impl.StateMachineUpdater (StateMachineUpdater.java:lambda$new$0(92)) - 034fa580-7f06-453c-9359-8a1a406b4b97@group-FD3248EF1A8C-StateMachineUpdater: snapshotIndex: updateIncreasingly -1 -> 0
2022-07-14 05:35:54,231 [ForkJoinPool.commonPool-worker-0] INFO  server.RaftServer$Division (ServerState.java:close(429)) - 034fa580-7f06-453c-9359-8a1a406b4b97@group-FD3248EF1A8C: closes. applyIndex: 0
2022-07-14 05:35:54,231 [034fa580-7f06-453c-9359-8a1a406b4b97@group-FD3248EF1A8C-SegmentedRaftLogWorker] INFO  segmented.SegmentedRaftLogWorker (SegmentedRaftLogWorker.java:run(336)) - 034fa580-7f06-453c-9359-8a1a406b4b97@group-FD3248EF1A8C-SegmentedRaftLogWorker was interrupted, exiting. There are 0 tasks remaining in the queue.
2022-07-14 05:35:54,232 [ForkJoinPool.commonPool-worker-0] INFO  segmented.SegmentedRaftLogWorker (SegmentedRaftLogWorker.java:close(246)) - 034fa580-7f06-453c-9359-8a1a406b4b97@group-FD3248EF1A8C-SegmentedRaftLogWorker close()
2022-07-14 05:35:54,232 [Listener at 127.0.0.1/36625] INFO  server.GrpcService (GrpcService.java:closeImpl(269)) - 034fa580-7f06-453c-9359-8a1a406b4b97: shutdown server with port 39193 now
2022-07-14 05:35:54,237 [Listener at 127.0.0.1/36625] INFO  server.GrpcService (GrpcService.java:closeImpl(278)) - 034fa580-7f06-453c-9359-8a1a406b4b97: shutdown server with port 39193 successfully
2022-07-14 05:35:54,237 [org.apache.ratis.util.JvmPauseMonitor$$Lambda$519/2035454069@5dc0b06c] INFO  util.JvmPauseMonitor (JvmPauseMonitor.java:run(109)) - JvmPauseMonitor-034fa580-7f06-453c-9359-8a1a406b4b97: Stopped
2022-07-14 05:35:54,695 [EndpointStateMachine task thread for /127.0.0.1:44189 - 0 ] INFO  ipc.Client (Client.java:handleConnectionFailure(977)) - Retrying connect to server: localhost/127.0.0.1:44189. Already tried 1 time(s); retry policy is RetryUpToMaximumCountWithFixedSleep(maxRetries=15, sleepTime=1000 MILLISECONDS)
2022-07-14 05:35:54,695 [EndpointStateMachine task thread for /127.0.0.1:36365 - 0 ] INFO  ipc.Client (Client.java:handleConnectionFailure(977)) - Retrying connect to server: localhost/127.0.0.1:36365. Already tried 1 time(s); retry policy is RetryUpToMaximumCountWithFixedSleep(maxRetries=15, sleepTime=1000 MILLISECONDS)
2022-07-14 05:35:54,697 [EndpointStateMachine task thread for /127.0.0.1:43653 - 0 ] INFO  ipc.Client (Client.java:handleConnectionFailure(977)) - Retrying connect to server: localhost/127.0.0.1:43653. Already tried 1 time(s); retry policy is RetryUpToMaximumCountWithFixedSleep(maxRetries=15, sleepTime=1000 MILLISECONDS)
2022-07-14 05:35:55,695 [EndpointStateMachine task thread for /127.0.0.1:44189 - 0 ] INFO  ipc.Client (Client.java:handleConnectionFailure(977)) - Retrying connect to server: localhost/127.0.0.1:44189. Already tried 2 time(s); retry policy is RetryUpToMaximumCountWithFixedSleep(maxRetries=15, sleepTime=1000 MILLISECONDS)
2022-07-14 05:35:55,700 [EndpointStateMachine task thread for /127.0.0.1:43653 - 0 ] INFO  ipc.Client (Client.java:handleConnectionFailure(977)) - Retrying connect to server: localhost/127.0.0.1:43653. Already tried 2 time(s); retry policy is RetryUpToMaximumCountWithFixedSleep(maxRetries=15, sleepTime=1000 MILLISECONDS)
2022-07-14 05:35:55,700 [EndpointStateMachine task thread for /127.0.0.1:36365 - 0 ] INFO  ipc.Client (Client.java:handleConnectionFailure(977)) - Retrying connect to server: localhost/127.0.0.1:36365. Already tried 2 time(s); retry policy is RetryUpToMaximumCountWithFixedSleep(maxRetries=15, sleepTime=1000 MILLISECONDS)
2022-07-14 05:35:56,242 [Listener at 127.0.0.1/36625] INFO  utils.BackgroundService (BackgroundService.java:shutdown(132)) - Shutting down service BlockDeletingService
2022-07-14 05:35:56,700 [EndpointStateMachine task thread for /127.0.0.1:43653 - 0 ] INFO  ipc.Client (Client.java:handleConnectionFailure(977)) - Retrying connect to server: localhost/127.0.0.1:43653. Already tried 3 time(s); retry policy is RetryUpToMaximumCountWithFixedSleep(maxRetries=15, sleepTime=1000 MILLISECONDS)
2022-07-14 05:35:56,701 [EndpointStateMachine task thread for /127.0.0.1:36365 - 0 ] INFO  ipc.Client (Client.java:handleConnectionFailure(977)) - Retrying connect to server: localhost/127.0.0.1:36365. Already tried 3 time(s); retry policy is RetryUpToMaximumCountWithFixedSleep(maxRetries=15, sleepTime=1000 MILLISECONDS)
2022-07-14 05:35:56,701 [EndpointStateMachine task thread for /127.0.0.1:44189 - 0 ] INFO  ipc.Client (Client.java:handleConnectionFailure(977)) - Retrying connect to server: localhost/127.0.0.1:44189. Already tried 3 time(s); retry policy is RetryUpToMaximumCountWithFixedSleep(maxRetries=15, sleepTime=1000 MILLISECONDS)
2022-07-14 05:35:57,701 [EndpointStateMachine task thread for /127.0.0.1:43653 - 0 ] INFO  ipc.Client (Client.java:handleConnectionFailure(977)) - Retrying connect to server: localhost/127.0.0.1:43653. Already tried 4 time(s); retry policy is RetryUpToMaximumCountWithFixedSleep(maxRetries=15, sleepTime=1000 MILLISECONDS)
2022-07-14 05:35:57,701 [EndpointStateMachine task thread for /127.0.0.1:36365 - 0 ] INFO  ipc.Client (Client.java:handleConnectionFailure(977)) - Retrying connect to server: localhost/127.0.0.1:36365. Already tried 4 time(s); retry policy is RetryUpToMaximumCountWithFixedSleep(maxRetries=15, sleepTime=1000 MILLISECONDS)
2022-07-14 05:35:57,702 [EndpointStateMachine task thread for /127.0.0.1:44189 - 0 ] INFO  ipc.Client (Client.java:handleConnectionFailure(977)) - Retrying connect to server: localhost/127.0.0.1:44189. Already tried 4 time(s); retry policy is RetryUpToMaximumCountWithFixedSleep(maxRetries=15, sleepTime=1000 MILLISECONDS)
2022-07-14 05:35:58,702 [EndpointStateMachine task thread for /127.0.0.1:36365 - 0 ] INFO  ipc.Client (Client.java:handleConnectionFailure(977)) - Retrying connect to server: localhost/127.0.0.1:36365. Already tried 5 time(s); retry policy is RetryUpToMaximumCountWithFixedSleep(maxRetries=15, sleepTime=1000 MILLISECONDS)
2022-07-14 05:35:58,703 [EndpointStateMachine task thread for /127.0.0.1:44189 - 0 ] INFO  ipc.Client (Client.java:handleConnectionFailure(977)) - Retrying connect to server: localhost/127.0.0.1:44189. Already tried 5 time(s); retry policy is RetryUpToMaximumCountWithFixedSleep(maxRetries=15, sleepTime=1000 MILLISECONDS)
2022-07-14 05:35:58,704 [EndpointStateMachine task thread for /127.0.0.1:43653 - 0 ] INFO  ipc.Client (Client.java:handleConnectionFailure(977)) - Retrying connect to server: localhost/127.0.0.1:43653. Already tried 5 time(s); retry policy is RetryUpToMaximumCountWithFixedSleep(maxRetries=15, sleepTime=1000 MILLISECONDS)
2022-07-14 05:35:59,244 [Listener at 127.0.0.1/36625] INFO  statemachine.DatanodeStateMachine (DatanodeStateMachine.java:stopDaemon(580)) - Ozone container server stopped.
2022-07-14 05:35:59,255 [Listener at 127.0.0.1/36625] INFO  handler.ContextHandler (ContextHandler.java:doStop(1153)) - Stopped o.e.j.w.WebAppContext@419567e1{hddsDatanode,/,null,STOPPED}{jar:file:/home/runner/.m2/repository/org/apache/ozone/hdds-container-service/1.3.0-SNAPSHOT/hdds-container-service-1.3.0-SNAPSHOT.jar!/webapps/hddsDatanode}
2022-07-14 05:35:59,262 [Listener at 127.0.0.1/36625] INFO  server.AbstractConnector (AbstractConnector.java:doStop(381)) - Stopped ServerConnector@6e870df7{HTTP/1.1, (http/1.1)}{0.0.0.0:0}
2022-07-14 05:35:59,262 [Listener at 127.0.0.1/36625] INFO  server.session (HouseKeeper.java:stopScavenging(149)) - node0 Stopped scavenging
2022-07-14 05:35:59,263 [Listener at 127.0.0.1/36625] INFO  handler.ContextHandler (ContextHandler.java:doStop(1153)) - Stopped o.e.j.s.ServletContextHandler@41292db9{static,/static,jar:file:/home/runner/.m2/repository/org/apache/ozone/hdds-container-service/1.3.0-SNAPSHOT/hdds-container-service-1.3.0-SNAPSHOT.jar!/webapps/static,STOPPED}
2022-07-14 05:35:59,264 [Listener at 127.0.0.1/36625] INFO  handler.ContextHandler (ContextHandler.java:doStop(1153)) - Stopped o.e.j.s.ServletContextHandler@36c507bf{logs,/logs,file:///home/runner/work/ozone/ozone/hadoop-ozone/integration-test/target/log,STOPPED}
2022-07-14 05:35:59,703 [EndpointStateMachine task thread for /127.0.0.1:36365 - 0 ] INFO  ipc.Client (Client.java:handleConnectionFailure(977)) - Retrying connect to server: localhost/127.0.0.1:36365. Already tried 6 time(s); retry policy is RetryUpToMaximumCountWithFixedSleep(maxRetries=15, sleepTime=1000 MILLISECONDS)
2022-07-14 05:35:59,704 [EndpointStateMachine task thread for /127.0.0.1:44189 - 0 ] INFO  ipc.Client (Client.java:handleConnectionFailure(977)) - Retrying connect to server: localhost/127.0.0.1:44189. Already tried 6 time(s); retry policy is RetryUpToMaximumCountWithFixedSleep(maxRetries=15, sleepTime=1000 MILLISECONDS)
2022-07-14 05:35:59,704 [EndpointStateMachine task thread for /127.0.0.1:43653 - 0 ] INFO  ipc.Client (Client.java:handleConnectionFailure(977)) - Retrying connect to server: localhost/127.0.0.1:43653. Already tried 6 time(s); retry policy is RetryUpToMaximumCountWithFixedSleep(maxRetries=15, sleepTime=1000 MILLISECONDS)
2022-07-14 05:36:00,703 [EndpointStateMachine task thread for /127.0.0.1:36365 - 0 ] INFO  ipc.Client (Client.java:handleConnectionFailure(977)) - Retrying connect to server: localhost/127.0.0.1:36365. Already tried 7 time(s); retry policy is RetryUpToMaximumCountWithFixedSleep(maxRetries=15, sleepTime=1000 MILLISECONDS)
2022-07-14 05:36:00,704 [EndpointStateMachine task thread for /127.0.0.1:44189 - 0 ] INFO  ipc.Client (Client.java:handleConnectionFailure(977)) - Retrying connect to server: localhost/127.0.0.1:44189. Already tried 7 time(s); retry policy is RetryUpToMaximumCountWithFixedSleep(maxRetries=15, sleepTime=1000 MILLISECONDS)
2022-07-14 05:36:00,704 [EndpointStateMachine task thread for /127.0.0.1:43653 - 0 ] INFO  ipc.Client (Client.java:handleConnectionFailure(977)) - Retrying connect to server: localhost/127.0.0.1:43653. Already tried 7 time(s); retry policy is RetryUpToMaximumCountWithFixedSleep(maxRetries=15, sleepTime=1000 MILLISECONDS)
2022-07-14 05:36:01,705 [EndpointStateMachine task thread for /127.0.0.1:44189 - 0 ] INFO  ipc.Client (Client.java:handleConnectionFailure(977)) - Retrying connect to server: localhost/127.0.0.1:44189. Already tried 8 time(s); retry policy is RetryUpToMaximumCountWithFixedSleep(maxRetries=15, sleepTime=1000 MILLISECONDS)
2022-07-14 05:36:01,705 [EndpointStateMachine task thread for /127.0.0.1:36365 - 0 ] INFO  ipc.Client (Client.java:handleConnectionFailure(977)) - Retrying connect to server: localhost/127.0.0.1:36365. Already tried 8 time(s); retry policy is RetryUpToMaximumCountWithFixedSleep(maxRetries=15, sleepTime=1000 MILLISECONDS)
2022-07-14 05:36:01,707 [EndpointStateMachine task thread for /127.0.0.1:43653 - 0 ] INFO  ipc.Client (Client.java:handleConnectionFailure(977)) - Retrying connect to server: localhost/127.0.0.1:43653. Already tried 8 time(s); retry policy is RetryUpToMaximumCountWithFixedSleep(maxRetries=15, sleepTime=1000 MILLISECONDS)
2022-07-14 05:36:02,706 [EndpointStateMachine task thread for /127.0.0.1:44189 - 0 ] INFO  ipc.Client (Client.java:handleConnectionFailure(977)) - Retrying connect to server: localhost/127.0.0.1:44189. Already tried 9 time(s); retry policy is RetryUpToMaximumCountWithFixedSleep(maxRetries=15, sleepTime=1000 MILLISECONDS)
2022-07-14 05:36:02,707 [EndpointStateMachine task thread for /127.0.0.1:36365 - 0 ] INFO  ipc.Client (Client.java:handleConnectionFailure(977)) - Retrying connect to server: localhost/127.0.0.1:36365. Already tried 9 time(s); retry policy is RetryUpToMaximumCountWithFixedSleep(maxRetries=15, sleepTime=1000 MILLISECONDS)
2022-07-14 05:36:02,707 [EndpointStateMachine task thread for /127.0.0.1:43653 - 0 ] INFO  ipc.Client (Client.java:handleConnectionFailure(977)) - Retrying connect to server: localhost/127.0.0.1:43653. Already tried 9 time(s); retry policy is RetryUpToMaximumCountWithFixedSleep(maxRetries=15, sleepTime=1000 MILLISECONDS)
2022-07-14 05:36:03,707 [EndpointStateMachine task thread for /127.0.0.1:44189 - 0 ] INFO  ipc.Client (Client.java:handleConnectionFailure(977)) - Retrying connect to server: localhost/127.0.0.1:44189. Already tried 10 time(s); retry policy is RetryUpToMaximumCountWithFixedSleep(maxRetries=15, sleepTime=1000 MILLISECONDS)
2022-07-14 05:36:03,707 [EndpointStateMachine task thread for /127.0.0.1:36365 - 0 ] INFO  ipc.Client (Client.java:handleConnectionFailure(977)) - Retrying connect to server: localhost/127.0.0.1:36365. Already tried 10 time(s); retry policy is RetryUpToMaximumCountWithFixedSleep(maxRetries=15, sleepTime=1000 MILLISECONDS)
2022-07-14 05:36:03,709 [EndpointStateMachine task thread for /127.0.0.1:43653 - 0 ] INFO  ipc.Client (Client.java:handleConnectionFailure(977)) - Retrying connect to server: localhost/127.0.0.1:43653. Already tried 10 time(s); retry policy is RetryUpToMaximumCountWithFixedSleep(maxRetries=15, sleepTime=1000 MILLISECONDS)
2022-07-14 05:36:04,708 [EndpointStateMachine task thread for /127.0.0.1:44189 - 0 ] INFO  ipc.Client (Client.java:handleConnectionFailure(977)) - Retrying connect to server: localhost/127.0.0.1:44189. Already tried 11 time(s); retry policy is RetryUpToMaximumCountWithFixedSleep(maxRetries=15, sleepTime=1000 MILLISECONDS)
2022-07-14 05:36:04,708 [EndpointStateMachine task thread for /127.0.0.1:36365 - 0 ] INFO  ipc.Client (Client.java:handleConnectionFailure(977)) - Retrying connect to server: localhost/127.0.0.1:36365. Already tried 11 time(s); retry policy is RetryUpToMaximumCountWithFixedSleep(maxRetries=15, sleepTime=1000 MILLISECONDS)
2022-07-14 05:36:04,710 [EndpointStateMachine task thread for /127.0.0.1:43653 - 0 ] INFO  ipc.Client (Client.java:handleConnectionFailure(977)) - Retrying connect to server: localhost/127.0.0.1:43653. Already tried 11 time(s); retry policy is RetryUpToMaximumCountWithFixedSleep(maxRetries=15, sleepTime=1000 MILLISECONDS)
2022-07-14 05:36:05,708 [EndpointStateMachine task thread for /127.0.0.1:44189 - 0 ] INFO  ipc.Client (Client.java:handleConnectionFailure(977)) - Retrying connect to server: localhost/127.0.0.1:44189. Already tried 12 time(s); retry policy is RetryUpToMaximumCountWithFixedSleep(maxRetries=15, sleepTime=1000 MILLISECONDS)
2022-07-14 05:36:05,709 [EndpointStateMachine task thread for /127.0.0.1:36365 - 0 ] INFO  ipc.Client (Client.java:handleConnectionFailure(977)) - Retrying connect to server: localhost/127.0.0.1:36365. Already tried 12 time(s); retry policy is RetryUpToMaximumCountWithFixedSleep(maxRetries=15, sleepTime=1000 MILLISECONDS)
2022-07-14 05:36:05,711 [EndpointStateMachine task thread for /127.0.0.1:43653 - 0 ] INFO  ipc.Client (Client.java:handleConnectionFailure(977)) - Retrying connect to server: localhost/127.0.0.1:43653. Already tried 12 time(s); retry policy is RetryUpToMaximumCountWithFixedSleep(maxRetries=15, sleepTime=1000 MILLISECONDS)
2022-07-14 05:36:06,709 [EndpointStateMachine task thread for /127.0.0.1:44189 - 0 ] INFO  ipc.Client (Client.java:handleConnectionFailure(977)) - Retrying connect to server: localhost/127.0.0.1:44189. Already tried 13 time(s); retry policy is RetryUpToMaximumCountWithFixedSleep(maxRetries=15, sleepTime=1000 MILLISECONDS)
2022-07-14 05:36:06,710 [EndpointStateMachine task thread for /127.0.0.1:36365 - 0 ] INFO  ipc.Client (Client.java:handleConnectionFailure(977)) - Retrying connect to server: localhost/127.0.0.1:36365. Already tried 13 time(s); retry policy is RetryUpToMaximumCountWithFixedSleep(maxRetries=15, sleepTime=1000 MILLISECONDS)
2022-07-14 05:36:06,711 [EndpointStateMachine task thread for /127.0.0.1:43653 - 0 ] INFO  ipc.Client (Client.java:handleConnectionFailure(977)) - Retrying connect to server: localhost/127.0.0.1:43653. Already tried 13 time(s); retry policy is RetryUpToMaximumCountWithFixedSleep(maxRetries=15, sleepTime=1000 MILLISECONDS)
2022-07-14 05:36:07,710 [EndpointStateMachine task thread for /127.0.0.1:44189 - 0 ] INFO  ipc.Client (Client.java:handleConnectionFailure(977)) - Retrying connect to server: localhost/127.0.0.1:44189. Already tried 14 time(s); retry policy is RetryUpToMaximumCountWithFixedSleep(maxRetries=15, sleepTime=1000 MILLISECONDS)
2022-07-14 05:36:07,710 [EndpointStateMachine task thread for /127.0.0.1:36365 - 0 ] INFO  ipc.Client (Client.java:handleConnectionFailure(977)) - Retrying connect to server: localhost/127.0.0.1:36365. Already tried 14 time(s); retry policy is RetryUpToMaximumCountWithFixedSleep(maxRetries=15, sleepTime=1000 MILLISECONDS)
2022-07-14 05:36:07,711 [EndpointStateMachine task thread for /127.0.0.1:43653 - 0 ] INFO  ipc.Client (Client.java:handleConnectionFailure(977)) - Retrying connect to server: localhost/127.0.0.1:43653. Already tried 14 time(s); retry policy is RetryUpToMaximumCountWithFixedSleep(maxRetries=15, sleepTime=1000 MILLISECONDS)
2022-07-14 05:36:08,713 [EndpointStateMachine task thread for /127.0.0.1:36365 - 0 ] INFO  ipc.Client (Client.java:handleConnectionFailure(977)) - Retrying connect to server: localhost/127.0.0.1:36365. Already tried 0 time(s); retry policy is RetryUpToMaximumCountWithFixedSleep(maxRetries=15, sleepTime=1000 MILLISECONDS)
2022-07-14 05:36:08,714 [EndpointStateMachine task thread for /127.0.0.1:43653 - 0 ] INFO  ipc.Client (Client.java:handleConnectionFailure(977)) - Retrying connect to server: localhost/127.0.0.1:43653. Already tried 0 time(s); retry policy is RetryUpToMaximumCountWithFixedSleep(maxRetries=15, sleepTime=1000 MILLISECONDS)
2022-07-14 05:36:08,715 [EndpointStateMachine task thread for /127.0.0.1:44189 - 0 ] INFO  ipc.Client (Client.java:handleConnectionFailure(977)) - Retrying connect to server: localhost/127.0.0.1:44189. Already tried 0 time(s); retry policy is RetryUpToMaximumCountWithFixedSleep(maxRetries=15, sleepTime=1000 MILLISECONDS)
2022-07-14 05:36:09,714 [EndpointStateMachine task thread for /127.0.0.1:36365 - 0 ] INFO  ipc.Client (Client.java:handleConnectionFailure(977)) - Retrying connect to server: localhost/127.0.0.1:36365. Already tried 1 time(s); retry policy is RetryUpToMaximumCountWithFixedSleep(maxRetries=15, sleepTime=1000 MILLISECONDS)
2022-07-14 05:36:09,715 [EndpointStateMachine task thread for /127.0.0.1:43653 - 0 ] INFO  ipc.Client (Client.java:handleConnectionFailure(977)) - Retrying connect to server: localhost/127.0.0.1:43653. Already tried 1 time(s); retry policy is RetryUpToMaximumCountWithFixedSleep(maxRetries=15, sleepTime=1000 MILLISECONDS)
2022-07-14 05:36:09,716 [EndpointStateMachine task thread for /127.0.0.1:44189 - 0 ] INFO  ipc.Client (Client.java:handleConnectionFailure(977)) - Retrying connect to server: localhost/127.0.0.1:44189. Already tried 1 time(s); retry policy is RetryUpToMaximumCountWithFixedSleep(maxRetries=15, sleepTime=1000 MILLISECONDS)
2022-07-14 05:36:10,715 [EndpointStateMachine task thread for /127.0.0.1:36365 - 0 ] INFO  ipc.Client (Client.java:handleConnectionFailure(977)) - Retrying connect to server: localhost/127.0.0.1:36365. Already tried 2 time(s); retry policy is RetryUpToMaximumCountWithFixedSleep(maxRetries=15, sleepTime=1000 MILLISECONDS)
2022-07-14 05:36:10,715 [EndpointStateMachine task thread for /127.0.0.1:43653 - 0 ] INFO  ipc.Client (Client.java:handleConnectionFailure(977)) - Retrying connect to server: localhost/127.0.0.1:43653. Already tried 2 time(s); retry policy is RetryUpToMaximumCountWithFixedSleep(maxRetries=15, sleepTime=1000 MILLISECONDS)
2022-07-14 05:36:10,716 [EndpointStateMachine task thread for /127.0.0.1:44189 - 0 ] INFO  ipc.Client (Client.java:handleConnectionFailure(977)) - Retrying connect to server: localhost/127.0.0.1:44189. Already tried 2 time(s); retry policy is RetryUpToMaximumCountWithFixedSleep(maxRetries=15, sleepTime=1000 MILLISECONDS)
2022-07-14 05:36:11,715 [EndpointStateMachine task thread for /127.0.0.1:36365 - 0 ] INFO  ipc.Client (Client.java:handleConnectionFailure(977)) - Retrying connect to server: localhost/127.0.0.1:36365. Already tried 3 time(s); retry policy is RetryUpToMaximumCountWithFixedSleep(maxRetries=15, sleepTime=1000 MILLISECONDS)
2022-07-14 05:36:11,716 [EndpointStateMachine task thread for /127.0.0.1:43653 - 0 ] INFO  ipc.Client (Client.java:handleConnectionFailure(977)) - Retrying connect to server: localhost/127.0.0.1:43653. Already tried 3 time(s); retry policy is RetryUpToMaximumCountWithFixedSleep(maxRetries=15, sleepTime=1000 MILLISECONDS)
2022-07-14 05:36:11,717 [EndpointStateMachine task thread for /127.0.0.1:44189 - 0 ] INFO  ipc.Client (Client.java:handleConnectionFailure(977)) - Retrying connect to server: localhost/127.0.0.1:44189. Already tried 3 time(s); retry policy is RetryUpToMaximumCountWithFixedSleep(maxRetries=15, sleepTime=1000 MILLISECONDS)
2022-07-14 05:36:12,716 [EndpointStateMachine task thread for /127.0.0.1:36365 - 0 ] INFO  ipc.Client (Client.java:handleConnectionFailure(977)) - Retrying connect to server: localhost/127.0.0.1:36365. Already tried 4 time(s); retry policy is RetryUpToMaximumCountWithFixedSleep(maxRetries=15, sleepTime=1000 MILLISECONDS)
2022-07-14 05:36:12,718 [EndpointStateMachine task thread for /127.0.0.1:44189 - 0 ] INFO  ipc.Client (Client.java:handleConnectionFailure(977)) - Retrying connect to server: localhost/127.0.0.1:44189. Already tried 4 time(s); retry policy is RetryUpToMaximumCountWithFixedSleep(maxRetries=15, sleepTime=1000 MILLISECONDS)
2022-07-14 05:36:12,716 [EndpointStateMachine task thread for /127.0.0.1:43653 - 0 ] INFO  ipc.Client (Client.java:handleConnectionFailure(977)) - Retrying connect to server: localhost/127.0.0.1:43653. Already tried 4 time(s); retry policy is RetryUpToMaximumCountWithFixedSleep(maxRetries=15, sleepTime=1000 MILLISECONDS)
2022-07-14 05:36:13,717 [EndpointStateMachine task thread for /127.0.0.1:36365 - 0 ] INFO  ipc.Client (Client.java:handleConnectionFailure(977)) - Retrying connect to server: localhost/127.0.0.1:36365. Already tried 5 time(s); retry policy is RetryUpToMaximumCountWithFixedSleep(maxRetries=15, sleepTime=1000 MILLISECONDS)
2022-07-14 05:36:13,719 [EndpointStateMachine task thread for /127.0.0.1:44189 - 0 ] INFO  ipc.Client (Client.java:handleConnectionFailure(977)) - Retrying connect to server: localhost/127.0.0.1:44189. Already tried 5 time(s); retry policy is RetryUpToMaximumCountWithFixedSleep(maxRetries=15, sleepTime=1000 MILLISECONDS)
2022-07-14 05:36:13,719 [EndpointStateMachine task thread for /127.0.0.1:43653 - 0 ] INFO  ipc.Client (Client.java:handleConnectionFailure(977)) - Retrying connect to server: localhost/127.0.0.1:43653. Already tried 5 time(s); retry policy is RetryUpToMaximumCountWithFixedSleep(maxRetries=15, sleepTime=1000 MILLISECONDS)
2022-07-14 05:36:14,323 [Listener at 127.0.0.1/36625] INFO  ozone.MiniOzoneClusterImpl (MiniOzoneClusterImpl.java:shutdown(448)) - Shutting down the Mini Ozone Cluster
2022-07-14 05:36:14,324 [Listener at 127.0.0.1/36625] INFO  ozone.MiniOzoneHAClusterImpl (MiniOzoneHAClusterImpl.java:stop(312)) - Stopping the OzoneManager omNode-3
2022-07-14 05:36:14,324 [Listener at 127.0.0.1/36625] INFO  om.OzoneManager (OzoneManager.java:stop(2022)) - omNode-3[localhost:36625]: Stopping Ozone Manager
2022-07-14 05:36:14,324 [Listener at 127.0.0.1/36625] INFO  ozone.MiniOzoneHAClusterImpl (MiniOzoneHAClusterImpl.java:stop(312)) - Stopping the OzoneManager omNode-1
2022-07-14 05:36:14,324 [Listener at 127.0.0.1/36625] INFO  om.OzoneManager (OzoneManager.java:stop(2022)) - omNode-1[localhost:42281]: Stopping Ozone Manager
2022-07-14 05:36:14,324 [Listener at 127.0.0.1/36625] INFO  ozone.MiniOzoneHAClusterImpl (MiniOzoneHAClusterImpl.java:stop(312)) - Stopping the OzoneManager omNode-2
2022-07-14 05:36:14,324 [Listener at 127.0.0.1/36625] INFO  om.OzoneManager (OzoneManager.java:stop(2022)) - omNode-2[localhost:45893]: Stopping Ozone Manager
2022-07-14 05:36:14,324 [Listener at 127.0.0.1/36625] INFO  ozone.MiniOzoneHAClusterImpl (MiniOzoneHAClusterImpl.java:stop(320)) - Stopping the StorageContainerManager 2dd1b2fa-668a-4f00-b120-82156fdca129
2022-07-14 05:36:14,324 [Listener at 127.0.0.1/36625] INFO  server.StorageContainerManager (StorageContainerManager.java:stop(1514)) - Container Balancer is not running.
2022-07-14 05:36:14,324 [Listener at 127.0.0.1/36625] INFO  server.StorageContainerManager (StorageContainerManager.java:stop(1521)) - Stopping Replication Manager Service.
2022-07-14 05:36:14,324 [Listener at 127.0.0.1/36625] INFO  replication.ReplicationManager (ReplicationManager.java:stop(225)) - Replication Monitor Thread is not running.
2022-07-14 05:36:14,324 [Listener at 127.0.0.1/36625] INFO  server.StorageContainerManager (StorageContainerManager.java:stop(1528)) - Stopping the Datanode Admin Monitor.
2022-07-14 05:36:14,325 [Listener at 127.0.0.1/36625] INFO  server.StorageContainerManager (StorageContainerManager.java:stop(1535)) - Stopping Lease Manager of the command watchers
2022-07-14 05:36:14,325 [Listener at 127.0.0.1/36625] ERROR server.StorageContainerManager (StorageContainerManager.java:stop(1538)) - Lease Manager of the command watchers stop failed
2022-07-14 05:36:14,325 [Listener at 127.0.0.1/36625] INFO  server.StorageContainerManager (StorageContainerManager.java:stop(1542)) - Stopping datanode service RPC server
2022-07-14 05:36:14,325 [Listener at 127.0.0.1/36625] INFO  server.SCMDatanodeProtocolServer (SCMDatanodeProtocolServer.java:stop(414)) - Stopping the RPC server for DataNodes
2022-07-14 05:36:14,325 [Listener at 127.0.0.1/36625] INFO  ipc.Server (Server.java:stop(3414)) - Stopping server on 43653
2022-07-14 05:36:14,325 [Listener at 127.0.0.1/36625] INFO  server.StorageContainerManager (StorageContainerManager.java:stop(1550)) - Stopping block service RPC server
2022-07-14 05:36:14,325 [Listener at 127.0.0.1/36625] INFO  server.SCMBlockProtocolServer (SCMBlockProtocolServer.java:stop(161)) - Stopping the RPC server for Block Protocol
2022-07-14 05:36:14,325 [Listener at 127.0.0.1/36625] INFO  ipc.Server (Server.java:stop(3414)) - Stopping server on 39709
2022-07-14 05:36:14,325 [Listener at 127.0.0.1/36625] INFO  server.StorageContainerManager (StorageContainerManager.java:stop(1557)) - Stopping the StorageContainerLocationProtocol RPC server
2022-07-14 05:36:14,325 [Listener at 127.0.0.1/36625] INFO  server.SCMClientProtocolServer (SCMClientProtocolServer.java:stop(179)) - Stopping the RPC server for Client Protocol
2022-07-14 05:36:14,325 [Listener at 127.0.0.1/36625] INFO  ipc.Server (Server.java:stop(3414)) - Stopping server on 37683
2022-07-14 05:36:14,325 [Listener at 127.0.0.1/36625] INFO  server.StorageContainerManager (StorageContainerManager.java:stop(1564)) - Stopping Storage Container Manager HTTP server.
2022-07-14 05:36:14,325 [Listener at 127.0.0.1/36625] INFO  server.StorageContainerManager (StorageContainerManager.java:stop(1575)) - Stopping Block Manager Service.
2022-07-14 05:36:14,325 [Listener at 127.0.0.1/36625] INFO  utils.BackgroundService (BackgroundService.java:shutdown(132)) - Shutting down service SCMBlockDeletingService
2022-07-14 05:36:14,325 [Listener at 127.0.0.1/36625] INFO  utils.BackgroundService (BackgroundService.java:shutdown(132)) - Shutting down service SCMBlockDeletingService
2022-07-14 05:36:14,326 [Listener at 127.0.0.1/36625] INFO  server.StorageContainerManager (StorageContainerManager.java:stop(1602)) - Stopping SCM Event Queue.
2022-07-14 05:36:14,326 [Listener at 127.0.0.1/36625] INFO  server.StorageContainerManager (StorageContainerManager.java:stop(1613)) - Stopping SCM HA services.
2022-07-14 05:36:14,326 [Listener at 127.0.0.1/36625] INFO  ha.SCMRatisServerImpl (SCMRatisServerImpl.java:stop(238)) - stopping ratis server 0.0.0.0:45669
2022-07-14 05:36:14,326 [Listener at 127.0.0.1/36625] WARN  pipeline.BackgroundPipelineCreator (BackgroundPipelineCreator.java:stop(145)) - RatisPipelineUtilsThread is not running, just ignore.
2022-07-14 05:36:14,326 [Listener at 127.0.0.1/36625] INFO  BackgroundPipelineScrubber (BackgroundSCMService.java:stop(121)) - BackgroundPipelineScrubber Service is not running, skip stop.
2022-07-14 05:36:14,326 [Listener at 127.0.0.1/36625] INFO  server.StorageContainerManager (StorageContainerManager.java:stop(1623)) - Stopping SCM MetadataStore.
2022-07-14 05:36:14,326 [Listener at 127.0.0.1/36625] INFO  impl.MetricsSystemImpl (MetricsSystemImpl.java:stop(205)) - HddsDatanode metrics system stopped (again)
2022-07-14 05:36:14,326 [Listener at 127.0.0.1/36625] INFO  ozone.MiniOzoneHAClusterImpl (MiniOzoneHAClusterImpl.java:stop(320)) - Stopping the StorageContainerManager 907b9e7c-2e96-4977-99e4-854b16c13945
2022-07-14 05:36:14,326 [Listener at 127.0.0.1/36625] INFO  server.StorageContainerManager (StorageContainerManager.java:stop(1514)) - Container Balancer is not running.
2022-07-14 05:36:14,326 [Listener at 127.0.0.1/36625] INFO  server.StorageContainerManager (StorageContainerManager.java:stop(1521)) - Stopping Replication Manager Service.
2022-07-14 05:36:14,326 [Listener at 127.0.0.1/36625] INFO  replication.ReplicationManager (ReplicationManager.java:stop(225)) - Replication Monitor Thread is not running.
2022-07-14 05:36:14,326 [Listener at 127.0.0.1/36625] INFO  server.StorageContainerManager (StorageContainerManager.java:stop(1528)) - Stopping the Datanode Admin Monitor.
2022-07-14 05:36:14,327 [Listener at 127.0.0.1/36625] INFO  server.StorageContainerManager (StorageContainerManager.java:stop(1535)) - Stopping Lease Manager of the command watchers
2022-07-14 05:36:14,327 [Listener at 127.0.0.1/36625] ERROR server.StorageContainerManager (StorageContainerManager.java:stop(1538)) - Lease Manager of the command watchers stop failed
2022-07-14 05:36:14,327 [Listener at 127.0.0.1/36625] INFO  server.StorageContainerManager (StorageContainerManager.java:stop(1542)) - Stopping datanode service RPC server
2022-07-14 05:36:14,327 [Listener at 127.0.0.1/36625] INFO  server.SCMDatanodeProtocolServer (SCMDatanodeProtocolServer.java:stop(414)) - Stopping the RPC server for DataNodes
2022-07-14 05:36:14,327 [Listener at 127.0.0.1/36625] INFO  ipc.Server (Server.java:stop(3414)) - Stopping server on 44189
2022-07-14 05:36:14,327 [Listener at 127.0.0.1/36625] INFO  server.StorageContainerManager (StorageContainerManager.java:stop(1550)) - Stopping block service RPC server
2022-07-14 05:36:14,327 [Listener at 127.0.0.1/36625] INFO  server.SCMBlockProtocolServer (SCMBlockProtocolServer.java:stop(161)) - Stopping the RPC server for Block Protocol
2022-07-14 05:36:14,327 [Listener at 127.0.0.1/36625] INFO  ipc.Server (Server.java:stop(3414)) - Stopping server on 40433
2022-07-14 05:36:14,327 [Listener at 127.0.0.1/36625] INFO  server.StorageContainerManager (StorageContainerManager.java:stop(1557)) - Stopping the StorageContainerLocationProtocol RPC server
2022-07-14 05:36:14,327 [Listener at 127.0.0.1/36625] INFO  server.SCMClientProtocolServer (SCMClientProtocolServer.java:stop(179)) - Stopping the RPC server for Client Protocol
2022-07-14 05:36:14,327 [Listener at 127.0.0.1/36625] INFO  ipc.Server (Server.java:stop(3414)) - Stopping server on 43479
2022-07-14 05:36:14,327 [Listener at 127.0.0.1/36625] INFO  server.StorageContainerManager (StorageContainerManager.java:stop(1564)) - Stopping Storage Container Manager HTTP server.
2022-07-14 05:36:14,327 [Listener at 127.0.0.1/36625] INFO  server.StorageContainerManager (StorageContainerManager.java:stop(1575)) - Stopping Block Manager Service.
2022-07-14 05:36:14,327 [Listener at 127.0.0.1/36625] INFO  utils.BackgroundService (BackgroundService.java:shutdown(132)) - Shutting down service SCMBlockDeletingService
2022-07-14 05:36:14,327 [Listener at 127.0.0.1/36625] INFO  utils.BackgroundService (BackgroundService.java:shutdown(132)) - Shutting down service SCMBlockDeletingService
2022-07-14 05:36:14,327 [Listener at 127.0.0.1/36625] INFO  server.StorageContainerManager (StorageContainerManager.java:stop(1602)) - Stopping SCM Event Queue.
2022-07-14 05:36:14,328 [Listener at 127.0.0.1/36625] INFO  server.StorageContainerManager (StorageContainerManager.java:stop(1613)) - Stopping SCM HA services.
2022-07-14 05:36:14,328 [Listener at 127.0.0.1/36625] INFO  ha.SCMRatisServerImpl (SCMRatisServerImpl.java:stop(238)) - stopping ratis server 0.0.0.0:34021
2022-07-14 05:36:14,328 [Listener at 127.0.0.1/36625] WARN  pipeline.BackgroundPipelineCreator (BackgroundPipelineCreator.java:stop(145)) - RatisPipelineUtilsThread is not running, just ignore.
2022-07-14 05:36:14,328 [Listener at 127.0.0.1/36625] INFO  BackgroundPipelineScrubber (BackgroundSCMService.java:stop(121)) - BackgroundPipelineScrubber Service is not running, skip stop.
2022-07-14 05:36:14,328 [Listener at 127.0.0.1/36625] INFO  server.StorageContainerManager (StorageContainerManager.java:stop(1623)) - Stopping SCM MetadataStore.
2022-07-14 05:36:14,328 [Listener at 127.0.0.1/36625] INFO  impl.MetricsSystemImpl (MetricsSystemImpl.java:stop(205)) - HddsDatanode metrics system stopped (again)
2022-07-14 05:36:14,328 [Listener at 127.0.0.1/36625] INFO  ozone.MiniOzoneHAClusterImpl (MiniOzoneHAClusterImpl.java:stop(320)) - Stopping the StorageContainerManager c5ffeb5e-3634-4360-91c9-d598b29e1477
2022-07-14 05:36:14,328 [Listener at 127.0.0.1/36625] INFO  server.StorageContainerManager (StorageContainerManager.java:stop(1514)) - Container Balancer is not running.
2022-07-14 05:36:14,330 [Listener at 127.0.0.1/36625] INFO  server.StorageContainerManager (StorageContainerManager.java:stop(1521)) - Stopping Replication Manager Service.
2022-07-14 05:36:14,330 [Listener at 127.0.0.1/36625] INFO  replication.ReplicationManager (ReplicationManager.java:stop(225)) - Replication Monitor Thread is not running.
2022-07-14 05:36:14,330 [Listener at 127.0.0.1/36625] INFO  server.StorageContainerManager (StorageContainerManager.java:stop(1528)) - Stopping the Datanode Admin Monitor.
2022-07-14 05:36:14,330 [Listener at 127.0.0.1/36625] INFO  server.StorageContainerManager (StorageContainerManager.java:stop(1535)) - Stopping Lease Manager of the command watchers
2022-07-14 05:36:14,331 [Listener at 127.0.0.1/36625] ERROR server.StorageContainerManager (StorageContainerManager.java:stop(1538)) - Lease Manager of the command watchers stop failed
2022-07-14 05:36:14,331 [Listener at 127.0.0.1/36625] INFO  server.StorageContainerManager (StorageContainerManager.java:stop(1542)) - Stopping datanode service RPC server
2022-07-14 05:36:14,331 [Listener at 127.0.0.1/36625] INFO  server.SCMDatanodeProtocolServer (SCMDatanodeProtocolServer.java:stop(414)) - Stopping the RPC server for DataNodes
2022-07-14 05:36:14,331 [Listener at 127.0.0.1/36625] INFO  ipc.Server (Server.java:stop(3414)) - Stopping server on 36365
2022-07-14 05:36:14,331 [Listener at 127.0.0.1/36625] INFO  server.StorageContainerManager (StorageContainerManager.java:stop(1550)) - Stopping block service RPC server
2022-07-14 05:36:14,331 [Listener at 127.0.0.1/36625] INFO  server.SCMBlockProtocolServer (SCMBlockProtocolServer.java:stop(161)) - Stopping the RPC server for Block Protocol
2022-07-14 05:36:14,331 [Listener at 127.0.0.1/36625] INFO  ipc.Server (Server.java:stop(3414)) - Stopping server on 44131
2022-07-14 05:36:14,331 [Listener at 127.0.0.1/36625] INFO  server.StorageContainerManager (StorageContainerManager.java:stop(1557)) - Stopping the StorageContainerLocationProtocol RPC server
2022-07-14 05:36:14,331 [Listener at 127.0.0.1/36625] INFO  server.SCMClientProtocolServer (SCMClientProtocolServer.java:stop(179)) - Stopping the RPC server for Client Protocol
2022-07-14 05:36:14,331 [Listener at 127.0.0.1/36625] INFO  ipc.Server (Server.java:stop(3414)) - Stopping server on 34295
2022-07-14 05:36:14,331 [Listener at 127.0.0.1/36625] INFO  server.StorageContainerManager (StorageContainerManager.java:stop(1564)) - Stopping Storage Container Manager HTTP server.
2022-07-14 05:36:14,331 [Listener at 127.0.0.1/36625] INFO  server.StorageContainerManager (StorageContainerManager.java:stop(1575)) - Stopping Block Manager Service.
2022-07-14 05:36:14,331 [Listener at 127.0.0.1/36625] INFO  utils.BackgroundService (BackgroundService.java:shutdown(132)) - Shutting down service SCMBlockDeletingService
2022-07-14 05:36:14,331 [Listener at 127.0.0.1/36625] INFO  utils.BackgroundService (BackgroundService.java:shutdown(132)) - Shutting down service SCMBlockDeletingService
2022-07-14 05:36:14,331 [Listener at 127.0.0.1/36625] INFO  server.StorageContainerManager (StorageContainerManager.java:stop(1602)) - Stopping SCM Event Queue.
2022-07-14 05:36:14,337 [Listener at 127.0.0.1/36625] INFO  server.StorageContainerManager (StorageContainerManager.java:stop(1613)) - Stopping SCM HA services.
2022-07-14 05:36:14,337 [Listener at 127.0.0.1/36625] INFO  ha.SCMRatisServerImpl (SCMRatisServerImpl.java:stop(238)) - stopping ratis server 0.0.0.0:44253
2022-07-14 05:36:14,337 [Listener at 127.0.0.1/36625] WARN  pipeline.BackgroundPipelineCreator (BackgroundPipelineCreator.java:stop(145)) - RatisPipelineUtilsThread is not running, just ignore.
2022-07-14 05:36:14,337 [Listener at 127.0.0.1/36625] INFO  BackgroundPipelineScrubber (BackgroundSCMService.java:stop(121)) - BackgroundPipelineScrubber Service is not running, skip stop.
2022-07-14 05:36:14,338 [Listener at 127.0.0.1/36625] INFO  server.StorageContainerManager (StorageContainerManager.java:stop(1623)) - Stopping SCM MetadataStore.
2022-07-14 05:36:14,338 [Listener at 127.0.0.1/36625] INFO  impl.MetricsSystemImpl (MetricsSystemImpl.java:stop(205)) - HddsDatanode metrics system stopped (again)
2022-07-14 05:36:14,338 [Listener at 127.0.0.1/36625] INFO  ozone.MiniOzoneClusterImpl (MiniOzoneClusterImpl.java:stop(463)) - Stopping the Mini Ozone Cluster
2022-07-14 05:36:14,338 [Listener at 127.0.0.1/36625] INFO  ozone.MiniOzoneClusterImpl (MiniOzoneClusterImpl.java:stopDatanodes(522)) - Stopping the HddsDatanodes
]]></system-out>
  </testcase>
</testsuite>