<?xml version="1.0" encoding="UTF-8"?>
<testsuite xmlns:xsi="http://www.w3.org/2001/XMLSchema-instance" xsi:noNamespaceSchemaLocation="https://maven.apache.org/surefire/maven-surefire-plugin/xsd/surefire-test-report-3.0.xsd" version="3.0" name="org.apache.hadoop.ozone.container.TestECContainerRecovery" time="446.967" tests="1" errors="1" skipped="0" failures="0">
  <properties>
    <property name="awt.toolkit" value="sun.awt.X11.XToolkit"/>
    <property name="file.encoding.pkg" value="sun.io"/>
    <property name="java.specification.version" value="1.8"/>
    <property name="sun.cpu.isalist" value=""/>
    <property name="sun.jnu.encoding" value="UTF-8"/>
    <property name="java.class.path" value="/home/runner/work/ozone/ozone/hadoop-ozone/integration-test/target/test-classes:/home/runner/work/ozone/ozone/hadoop-ozone/integration-test/target/classes:/home/runner/.m2/repository/org/apache/ozone/ozone-common/1.3.0-SNAPSHOT/ozone-common-1.3.0-SNAPSHOT.jar:/home/runner/.m2/repository/io/grpc/grpc-netty/1.48.1/grpc-netty-1.48.1.jar:/home/runner/.m2/repository/io/grpc/grpc-core/1.48.1/grpc-core-1.48.1.jar:/home/runner/.m2/repository/com/google/android/annotations/4.1.1.4/annotations-4.1.1.4.jar:/home/runner/.m2/repository/org/codehaus/mojo/animal-sniffer-annotations/1.21/animal-sniffer-annotations-1.21.jar:/home/runner/.m2/repository/com/google/errorprone/error_prone_annotations/2.2.0/error_prone_annotations-2.2.0.jar:/home/runner/.m2/repository/io/perfmark/perfmark-api/0.25.0/perfmark-api-0.25.0.jar:/home/runner/.m2/repository/io/netty/netty-codec-http2/4.1.79.Final/netty-codec-http2-4.1.79.Final.jar:/home/runner/.m2/repository/io/netty/netty-common/4.1.79.Final/netty-common-4.1.79.Final.jar:/home/runner/.m2/repository/io/netty/netty-buffer/4.1.79.Final/netty-buffer-4.1.79.Final.jar:/home/runner/.m2/repository/io/netty/netty-codec-http/4.1.79.Final/netty-codec-http-4.1.79.Final.jar:/home/runner/.m2/repository/io/netty/netty-handler-proxy/4.1.79.Final/netty-handler-proxy-4.1.79.Final.jar:/home/runner/.m2/repository/io/netty/netty-codec-socks/4.1.79.Final/netty-codec-socks-4.1.79.Final.jar:/home/runner/.m2/repository/io/netty/netty-tcnative-boringssl-static/2.0.53.Final/netty-tcnative-boringssl-static-2.0.53.Final.jar:/home/runner/.m2/repository/io/netty/netty-tcnative-classes/2.0.53.Final/netty-tcnative-classes-2.0.53.Final.jar:/home/runner/.m2/repository/io/netty/netty-tcnative-boringssl-static/2.0.53.Final/netty-tcnative-boringssl-static-2.0.53.Final-linux-x86_64.jar:/home/runner/.m2/repository/io/netty/netty-tcnative-boringssl-static/2.0.53.Final/netty-tcnative-boringssl-static-2.0.53.Final-linux-aarch_64.jar:/home/runner/.m2/repository/io/netty/netty-tcnative-boringssl-static/2.0.53.Final/netty-tcnative-boringssl-static-2.0.53.Final-osx-x86_64.jar:/home/runner/.m2/repository/io/netty/netty-tcnative-boringssl-static/2.0.53.Final/netty-tcnative-boringssl-static-2.0.53.Final-osx-aarch_64.jar:/home/runner/.m2/repository/io/netty/netty-tcnative-boringssl-static/2.0.53.Final/netty-tcnative-boringssl-static-2.0.53.Final-windows-x86_64.jar:/home/runner/.m2/repository/org/apache/commons/commons-compress/1.21/commons-compress-1.21.jar:/home/runner/.m2/repository/org/apache/ozone/hdds-common/1.3.0-SNAPSHOT/hdds-common-1.3.0-SNAPSHOT.jar:/home/runner/.m2/repository/org/apache/ozone/hdds-client/1.3.0-SNAPSHOT/hdds-client-1.3.0-SNAPSHOT.jar:/home/runner/.m2/repository/org/apache/ozone/ozone-interface-client/1.3.0-SNAPSHOT/ozone-interface-client-1.3.0-SNAPSHOT.jar:/home/runner/.m2/repository/org/apache/ozone/hdds-test-utils/1.3.0-SNAPSHOT/hdds-test-utils-1.3.0-SNAPSHOT.jar:/home/runner/.m2/repository/com/google/guava/guava/31.1-jre/guava-31.1-jre.jar:/home/runner/.m2/repository/com/google/guava/failureaccess/1.0.1/failureaccess-1.0.1.jar:/home/runner/.m2/repository/com/google/guava/listenablefuture/9999.0-empty-to-avoid-conflict-with-guava/listenablefuture-9999.0-empty-to-avoid-conflict-with-guava.jar:/home/runner/.m2/repository/com/google/code/findbugs/jsr305/3.0.0/jsr305-3.0.0.jar:/home/runner/.m2/repository/org/checkerframework/checker-qual/3.12.0/checker-qual-3.12.0.jar:/home/runner/.m2/repository/com/google/j2objc/j2objc-annotations/1.3/j2objc-annotations-1.3.jar:/home/runner/.m2/repository/commons-io/commons-io/2.11.0/commons-io-2.11.0.jar:/home/runner/.m2/repository/commons-logging/commons-logging/1.2/commons-logging-1.2.jar:/home/runner/.m2/repository/ch/qos/reload4j/reload4j/1.2.22/reload4j-1.2.22.jar:/home/runner/.m2/repository/org/slf4j/slf4j-api/1.7.36/slf4j-api-1.7.36.jar:/home/runner/.m2/repository/org/apache/ozone/hdds-server-scm/1.3.0-SNAPSHOT/hdds-server-scm-1.3.0-SNAPSHOT.jar:/home/runner/.m2/repository/org/apache/ozone/hdds-container-service/1.3.0-SNAPSHOT/hdds-container-service-1.3.0-SNAPSHOT.jar:/home/runner/.m2/repository/org/apache/ozone/hdds-hadoop-dependency-server/1.3.0-SNAPSHOT/hdds-hadoop-dependency-server-1.3.0-SNAPSHOT.jar:/home/runner/.m2/repository/org/apache/hadoop/hadoop-hdfs/3.3.4/hadoop-hdfs-3.3.4.jar:/home/runner/.m2/repository/org/eclipse/jetty/jetty-util-ajax/9.4.49.v20220914/jetty-util-ajax-9.4.49.v20220914.jar:/home/runner/.m2/repository/commons-daemon/commons-daemon/1.0.13/commons-daemon-1.0.13.jar:/home/runner/.m2/repository/org/apache/ozone/hdds-server-framework/1.3.0-SNAPSHOT/hdds-server-framework-1.3.0-SNAPSHOT.jar:/home/runner/.m2/repository/org/apache/ozone/hdds-interface-server/1.3.0-SNAPSHOT/hdds-interface-server-1.3.0-SNAPSHOT.jar:/home/runner/.m2/repository/org/apache/commons/commons-configuration2/2.1.1/commons-configuration2-2.1.1.jar:/home/runner/.m2/repository/org/apache/logging/log4j/log4j-core/2.17.1/log4j-core-2.17.1.jar:/home/runner/.m2/repository/com/lmax/disruptor/3.4.2/disruptor-3.4.2.jar:/home/runner/.m2/repository/org/eclipse/jetty/jetty-servlet/9.4.49.v20220914/jetty-servlet-9.4.49.v20220914.jar:/home/runner/.m2/repository/org/eclipse/jetty/jetty-security/9.4.49.v20220914/jetty-security-9.4.49.v20220914.jar:/home/runner/.m2/repository/org/rocksdb/rocksdbjni/7.4.5/rocksdbjni-7.4.5.jar:/home/runner/.m2/repository/io/prometheus/simpleclient_dropwizard/0.7.0/simpleclient_dropwizard-0.7.0.jar:/home/runner/.m2/repository/io/prometheus/simpleclient/0.7.0/simpleclient-0.7.0.jar:/home/runner/.m2/repository/io/prometheus/simpleclient_common/0.7.0/simpleclient_common-0.7.0.jar:/home/runner/.m2/repository/com/github/spotbugs/spotbugs-annotations/3.1.12/spotbugs-annotations-3.1.12.jar:/home/runner/.m2/repository/io/dropwizard/metrics/metrics-core/3.2.4/metrics-core-3.2.4.jar:/home/runner/.m2/repository/org/apache/commons/commons-text/1.4/commons-text-1.4.jar:/home/runner/.m2/repository/org/apache/hadoop/hadoop-hdfs-client/3.3.4/hadoop-hdfs-client-3.3.4.jar:/home/runner/.m2/repository/com/squareup/okhttp3/okhttp/4.9.3/okhttp-4.9.3.jar:/home/runner/.m2/repository/com/squareup/okio/okio/2.8.0/okio-2.8.0.jar:/home/runner/.m2/repository/org/jetbrains/kotlin/kotlin-stdlib-common/1.4.10/kotlin-stdlib-common-1.4.10.jar:/home/runner/.m2/repository/org/bouncycastle/bcprov-jdk15on/1.67/bcprov-jdk15on-1.67.jar:/home/runner/.m2/repository/com/google/protobuf/protobuf-java/2.5.0/protobuf-java-2.5.0.jar:/home/runner/.m2/repository/org/apache/ozone/ozone-manager/1.3.0-SNAPSHOT/ozone-manager-1.3.0-SNAPSHOT.jar:/home/runner/.m2/repository/org/aspectj/aspectjrt/1.9.7/aspectjrt-1.9.7.jar:/home/runner/.m2/repository/org/aspectj/aspectjweaver/1.9.7/aspectjweaver-1.9.7.jar:/home/runner/.m2/repository/org/apache/ozone/hdds-interface-client/1.3.0-SNAPSHOT/hdds-interface-client-1.3.0-SNAPSHOT.jar:/home/runner/.m2/repository/org/apache/hadoop/thirdparty/hadoop-shaded-protobuf_3_7/1.1.1/hadoop-shaded-protobuf_3_7-1.1.1.jar:/home/runner/.m2/repository/org/apache/ozone/ozone-interface-storage/1.3.0-SNAPSHOT/ozone-interface-storage-1.3.0-SNAPSHOT.jar:/home/runner/.m2/repository/org/reflections/reflections/0.9.11/reflections-0.9.11.jar:/home/runner/.m2/repository/com/sun/jersey/jersey-client/1.19/jersey-client-1.19.jar:/home/runner/.m2/repository/org/apache/ranger/ranger-intg/2.3.0/ranger-intg-2.3.0.jar:/home/runner/.m2/repository/org/apache/ranger/ranger-plugins-common/2.3.0/ranger-plugins-common-2.3.0.jar:/home/runner/.m2/repository/commons-lang/commons-lang/2.6/commons-lang-2.6.jar:/home/runner/.m2/repository/org/codehaus/jackson/jackson-jaxrs/1.9.13/jackson-jaxrs-1.9.13.jar:/home/runner/.m2/repository/org/apache/ranger/ranger-plugins-cred/2.3.0/ranger-plugins-cred-2.3.0.jar:/home/runner/.m2/repository/org/apache/ranger/ranger-plugins-audit/2.3.0/ranger-plugins-audit-2.3.0.jar:/home/runner/.m2/repository/org/eclipse/jetty/jetty-client/9.4.31.v20200723/jetty-client-9.4.31.v20200723.jar:/home/runner/.m2/repository/org/apache/httpcomponents/httpmime/4.5.6/httpmime-4.5.6.jar:/home/runner/.m2/repository/org/apache/httpcomponents/httpcore-nio/4.4.6/httpcore-nio-4.4.6.jar:/home/runner/.m2/repository/org/apache/httpcomponents/httpasyncclient/4.1.3/httpasyncclient-4.1.3.jar:/home/runner/.m2/repository/com/carrotsearch/hppc/0.8.0/hppc-0.8.0.jar:/home/runner/.m2/repository/org/apache/orc/orc-core/1.5.8/orc-core-1.5.8.jar:/home/runner/.m2/repository/net/java/dev/jna/jna/5.2.0/jna-5.2.0.jar:/home/runner/.m2/repository/net/java/dev/jna/jna-platform/5.2.0/jna-platform-5.2.0.jar:/home/runner/.m2/repository/com/kstruct/gethostname4j/0.0.2/gethostname4j-0.0.2.jar:/home/runner/.m2/repository/org/apache/ranger/ranger-plugin-classloader/2.3.0/ranger-plugin-classloader-2.3.0.jar:/home/runner/.m2/repository/org/apache/hadoop/hadoop-minikdc/3.3.4/hadoop-minikdc-3.3.4.jar:/home/runner/.m2/repository/org/apache/kerby/kerb-simplekdc/1.0.1/kerb-simplekdc-1.0.1.jar:/home/runner/.m2/repository/org/apache/kerby/kerb-client/1.0.1/kerb-client-1.0.1.jar:/home/runner/.m2/repository/org/apache/kerby/kerby-config/1.0.1/kerby-config-1.0.1.jar:/home/runner/.m2/repository/org/apache/kerby/kerb-common/1.0.1/kerb-common-1.0.1.jar:/home/runner/.m2/repository/org/apache/kerby/kerb-crypto/1.0.1/kerb-crypto-1.0.1.jar:/home/runner/.m2/repository/org/apache/kerby/kerb-util/1.0.1/kerb-util-1.0.1.jar:/home/runner/.m2/repository/org/apache/kerby/token-provider/1.0.1/token-provider-1.0.1.jar:/home/runner/.m2/repository/org/apache/kerby/kerb-admin/1.0.1/kerb-admin-1.0.1.jar:/home/runner/.m2/repository/org/apache/kerby/kerb-server/1.0.1/kerb-server-1.0.1.jar:/home/runner/.m2/repository/org/apache/kerby/kerb-identity/1.0.1/kerb-identity-1.0.1.jar:/home/runner/.m2/repository/org/apache/kerby/kerby-xdr/1.0.1/kerby-xdr-1.0.1.jar:/home/runner/.m2/repository/org/apache/ozone/ozone-s3gateway/1.3.0-SNAPSHOT/ozone-s3gateway-1.3.0-SNAPSHOT.jar:/home/runner/.m2/repository/org/javassist/javassist/3.21.0-GA/javassist-3.21.0-GA.jar:/home/runner/.m2/repository/org/jboss/weld/servlet/weld-servlet/2.4.7.Final/weld-servlet-2.4.7.Final.jar:/home/runner/.m2/repository/org/glassfish/jersey/containers/jersey-container-servlet-core/2.34/jersey-container-servlet-core-2.34.jar:/home/runner/.m2/repository/org/glassfish/hk2/external/jakarta.inject/2.6.1/jakarta.inject-2.6.1.jar:/home/runner/.m2/repository/org/glassfish/jersey/core/jersey-common/2.34/jersey-common-2.34.jar:/home/runner/.m2/repository/jakarta/ws/rs/jakarta.ws.rs-api/2.1.6/jakarta.ws.rs-api-2.1.6.jar:/home/runner/.m2/repository/org/glassfish/jersey/ext/cdi/jersey-cdi1x/2.34/jersey-cdi1x-2.34.jar:/home/runner/.m2/repository/org/glassfish/jersey/inject/jersey-hk2/2.34/jersey-hk2-2.34.jar:/home/runner/.m2/repository/org/glassfish/hk2/hk2-locator/2.6.1/hk2-locator-2.6.1.jar:/home/runner/.m2/repository/org/glassfish/jersey/media/jersey-media-jaxb/2.34/jersey-media-jaxb-2.34.jar:/home/runner/.m2/repository/org/glassfish/hk2/osgi-resource-locator/1.0.3/osgi-resource-locator-1.0.3.jar:/home/runner/.m2/repository/org/glassfish/hk2/hk2-api/2.5.0/hk2-api-2.5.0.jar:/home/runner/.m2/repository/org/glassfish/hk2/hk2-utils/2.5.0/hk2-utils-2.5.0.jar:/home/runner/.m2/repository/org/glassfish/hk2/external/aopalliance-repackaged/2.5.0/aopalliance-repackaged-2.5.0.jar:/home/runner/.m2/repository/com/fasterxml/jackson/dataformat/jackson-dataformat-xml/2.13.4/jackson-dataformat-xml-2.13.4.jar:/home/runner/.m2/repository/com/fasterxml/jackson/core/jackson-core/2.13.4/jackson-core-2.13.4.jar:/home/runner/.m2/repository/org/codehaus/woodstox/stax2-api/3.1.4/stax2-api-3.1.4.jar:/home/runner/.m2/repository/com/fasterxml/woodstox/woodstox-core/5.4.0/woodstox-core-5.4.0.jar:/home/runner/.m2/repository/com/fasterxml/jackson/module/jackson-module-jaxb-annotations/2.13.4/jackson-module-jaxb-annotations-2.13.4.jar:/home/runner/.m2/repository/jakarta/xml/bind/jakarta.xml.bind-api/2.3.3/jakarta.xml.bind-api-2.3.3.jar:/home/runner/.m2/repository/jakarta/activation/jakarta.activation-api/1.2.1/jakarta.activation-api-1.2.1.jar:/home/runner/.m2/repository/javax/enterprise/cdi-api/1.2/cdi-api-1.2.jar:/home/runner/.m2/repository/javax/el/javax.el-api/3.0.0/javax.el-api-3.0.0.jar:/home/runner/.m2/repository/javax/interceptor/javax.interceptor-api/1.2/javax.interceptor-api-1.2.jar:/home/runner/.m2/repository/javax/inject/javax.inject/1/javax.inject-1.jar:/home/runner/.m2/repository/javax/xml/bind/jaxb-api/2.3.0/jaxb-api-2.3.0.jar:/home/runner/.m2/repository/org/glassfish/jaxb/jaxb-runtime/2.3.0.1/jaxb-runtime-2.3.0.1.jar:/home/runner/.m2/repository/org/glassfish/jaxb/jaxb-core/2.3.0.1/jaxb-core-2.3.0.1.jar:/home/runner/.m2/repository/org/glassfish/jaxb/txw2/2.3.0.1/txw2-2.3.0.1.jar:/home/runner/.m2/repository/com/sun/istack/istack-commons-runtime/3.0.5/istack-commons-runtime-3.0.5.jar:/home/runner/.m2/repository/org/jvnet/staxex/stax-ex/1.7.8/stax-ex-1.7.8.jar:/home/runner/.m2/repository/com/sun/xml/fastinfoset/FastInfoset/1.2.13/FastInfoset-1.2.13.jar:/home/runner/.m2/repository/javax/activation/activation/1.1.1/activation-1.1.1.jar:/home/runner/.m2/repository/io/grpc/grpc-protobuf/1.48.1/grpc-protobuf-1.48.1.jar:/home/runner/.m2/repository/io/grpc/grpc-api/1.48.1/grpc-api-1.48.1.jar:/home/runner/.m2/repository/io/grpc/grpc-context/1.48.1/grpc-context-1.48.1.jar:/home/runner/.m2/repository/com/google/api/grpc/proto-google-common-protos/2.9.0/proto-google-common-protos-2.9.0.jar:/home/runner/.m2/repository/io/grpc/grpc-protobuf-lite/1.48.1/grpc-protobuf-lite-1.48.1.jar:/home/runner/.m2/repository/io/grpc/grpc-stub/1.48.1/grpc-stub-1.48.1.jar:/home/runner/.m2/repository/io/netty/netty-transport/4.1.79.Final/netty-transport-4.1.79.Final.jar:/home/runner/.m2/repository/io/netty/netty-resolver/4.1.79.Final/netty-resolver-4.1.79.Final.jar:/home/runner/.m2/repository/org/apache/ozone/ozone-csi/1.3.0-SNAPSHOT/ozone-csi-1.3.0-SNAPSHOT.jar:/home/runner/.m2/repository/com/google/protobuf/protobuf-java-util/3.19.2/protobuf-java-util-3.19.2.jar:/home/runner/.m2/repository/com/google/code/gson/gson/2.9.0/gson-2.9.0.jar:/home/runner/.m2/repository/org/apache/ozone/hdds-config/1.3.0-SNAPSHOT/hdds-config-1.3.0-SNAPSHOT.jar:/home/runner/.m2/repository/io/netty/netty-transport-native-epoll/4.1.79.Final/netty-transport-native-epoll-4.1.79.Final-linux-x86_64.jar:/home/runner/.m2/repository/io/netty/netty-transport-classes-epoll/4.1.79.Final/netty-transport-classes-epoll-4.1.79.Final.jar:/home/runner/.m2/repository/io/netty/netty-transport-native-unix-common/4.1.79.Final/netty-transport-native-unix-common-4.1.79.Final.jar:/home/runner/.m2/repository/org/slf4j/slf4j-reload4j/1.7.36/slf4j-reload4j-1.7.36.jar:/home/runner/.m2/repository/org/apache/ozone/ozone-recon/1.3.0-SNAPSHOT/ozone-recon-1.3.0-SNAPSHOT.jar:/home/runner/.m2/repository/org/apache/ozone/ozone-reconcodegen/1.3.0-SNAPSHOT/ozone-reconcodegen-1.3.0-SNAPSHOT.jar:/home/runner/.m2/repository/com/google/inject/extensions/guice-multibindings/4.0/guice-multibindings-4.0.jar:/home/runner/.m2/repository/com/google/inject/guice/4.0/guice-4.0.jar:/home/runner/.m2/repository/aopalliance/aopalliance/1.0/aopalliance-1.0.jar:/home/runner/.m2/repository/com/google/inject/extensions/guice-assistedinject/4.0/guice-assistedinject-4.0.jar:/home/runner/.m2/repository/com/google/inject/extensions/guice-servlet/4.0/guice-servlet-4.0.jar:/home/runner/.m2/repository/org/glassfish/jersey/containers/jersey-container-servlet/2.34/jersey-container-servlet-2.34.jar:/home/runner/.m2/repository/org/glassfish/hk2/guice-bridge/2.5.0/guice-bridge-2.5.0.jar:/home/runner/.m2/repository/org/glassfish/jersey/core/jersey-server/2.34/jersey-server-2.34.jar:/home/runner/.m2/repository/org/glassfish/jersey/core/jersey-client/2.34/jersey-client-2.34.jar:/home/runner/.m2/repository/jakarta/annotation/jakarta.annotation-api/1.3.5/jakarta.annotation-api-1.3.5.jar:/home/runner/.m2/repository/jakarta/validation/jakarta.validation-api/2.0.2/jakarta.validation-api-2.0.2.jar:/home/runner/.m2/repository/org/glassfish/jersey/media/jersey-media-json-jackson/2.34/jersey-media-json-jackson-2.34.jar:/home/runner/.m2/repository/org/glassfish/jersey/ext/jersey-entity-filtering/2.34/jersey-entity-filtering-2.34.jar:/home/runner/.m2/repository/org/jooq/jooq/3.11.10/jooq-3.11.10.jar:/home/runner/.m2/repository/org/jooq/jooq-meta/3.11.10/jooq-meta-3.11.10.jar:/home/runner/.m2/repository/org/jooq/jooq-codegen/3.11.10/jooq-codegen-3.11.10.jar:/home/runner/.m2/repository/com/jolbox/bonecp/0.8.0.RELEASE/bonecp-0.8.0.RELEASE.jar:/home/runner/.m2/repository/org/apache/derby/derby/10.14.2.0/derby-10.14.2.0.jar:/home/runner/.m2/repository/org/xerial/sqlite-jdbc/3.25.2/sqlite-jdbc-3.25.2.jar:/home/runner/.m2/repository/org/springframework/spring-jdbc/5.3.23/spring-jdbc-5.3.23.jar:/home/runner/.m2/repository/org/springframework/spring-beans/5.3.23/spring-beans-5.3.23.jar:/home/runner/.m2/repository/org/springframework/spring-core/5.3.23/spring-core-5.3.23.jar:/home/runner/.m2/repository/org/springframework/spring-jcl/5.3.23/spring-jcl-5.3.23.jar:/home/runner/.m2/repository/org/springframework/spring-tx/5.3.23/spring-tx-5.3.23.jar:/home/runner/.m2/repository/org/apache/ozone/ozone-client/1.3.0-SNAPSHOT/ozone-client-1.3.0-SNAPSHOT.jar:/home/runner/.m2/repository/org/apache/ozone/hdds-erasurecode/1.3.0-SNAPSHOT/hdds-erasurecode-1.3.0-SNAPSHOT.jar:/home/runner/.m2/repository/org/apache/ozone/ozone-filesystem/1.3.0-SNAPSHOT/ozone-filesystem-1.3.0-SNAPSHOT.jar:/home/runner/.m2/repository/org/apache/ozone/ozone-filesystem-common/1.3.0-SNAPSHOT/ozone-filesystem-common-1.3.0-SNAPSHOT.jar:/home/runner/.m2/repository/org/apache/ozone/ozone-tools/1.3.0-SNAPSHOT/ozone-tools-1.3.0-SNAPSHOT.jar:/home/runner/.m2/repository/org/apache/ratis/ratis-tools/2.4.0/ratis-tools-2.4.0.jar:/home/runner/.m2/repository/com/amazonaws/aws-java-sdk-core/1.12.261/aws-java-sdk-core-1.12.261.jar:/home/runner/.m2/repository/org/apache/httpcomponents/httpclient/4.5.13/httpclient-4.5.13.jar:/home/runner/.m2/repository/org/apache/httpcomponents/httpcore/4.4.13/httpcore-4.4.13.jar:/home/runner/.m2/repository/software/amazon/ion/ion-java/1.0.2/ion-java-1.0.2.jar:/home/runner/.m2/repository/com/fasterxml/jackson/dataformat/jackson-dataformat-cbor/2.13.4/jackson-dataformat-cbor-2.13.4.jar:/home/runner/.m2/repository/joda-time/joda-time/2.8.1/joda-time-2.8.1.jar:/home/runner/.m2/repository/com/amazonaws/aws-java-sdk-s3/1.12.261/aws-java-sdk-s3-1.12.261.jar:/home/runner/.m2/repository/com/amazonaws/aws-java-sdk-kms/1.12.261/aws-java-sdk-kms-1.12.261.jar:/home/runner/.m2/repository/com/amazonaws/jmespath-java/1.12.261/jmespath-java-1.12.261.jar:/home/runner/.m2/repository/org/kohsuke/metainf-services/metainf-services/1.8/metainf-services-1.8.jar:/home/runner/.m2/repository/org/apache/ozone/hdds-tools/1.3.0-SNAPSHOT/hdds-tools-1.3.0-SNAPSHOT.jar:/home/runner/.m2/repository/commons-cli/commons-cli/1.2/commons-cli-1.2.jar:/home/runner/.m2/repository/org/apache/commons/commons-lang3/3.7/commons-lang3-3.7.jar:/home/runner/.m2/repository/org/apache/ozone/ozone-manager/1.3.0-SNAPSHOT/ozone-manager-1.3.0-SNAPSHOT-tests.jar:/home/runner/.m2/repository/org/apache/ozone/hdds-common/1.3.0-SNAPSHOT/hdds-common-1.3.0-SNAPSHOT-tests.jar:/home/runner/.m2/repository/org/apache/ozone/hdds-hadoop-dependency-client/1.3.0-SNAPSHOT/hdds-hadoop-dependency-client-1.3.0-SNAPSHOT.jar:/home/runner/.m2/repository/info/picocli/picocli/4.6.1/picocli-4.6.1.jar:/home/runner/.m2/repository/com/fasterxml/jackson/core/jackson-annotations/2.13.4/jackson-annotations-2.13.4.jar:/home/runner/.m2/repository/com/fasterxml/jackson/datatype/jackson-datatype-jsr310/2.13.4/jackson-datatype-jsr310-2.13.4.jar:/home/runner/.m2/repository/org/apache/ozone/hdds-annotation-processing/1.3.0-SNAPSHOT/hdds-annotation-processing-1.3.0-SNAPSHOT.jar:/home/runner/.m2/repository/javax/annotation/javax.annotation-api/1.2/javax.annotation-api-1.2.jar:/home/runner/.m2/repository/org/apache/ratis/ratis-server/2.4.0/ratis-server-2.4.0.jar:/home/runner/.m2/repository/org/apache/ratis/ratis-client/2.4.0/ratis-client-2.4.0.jar:/home/runner/.m2/repository/org/apache/ratis/ratis-server-api/2.4.0/ratis-server-api-2.4.0.jar:/home/runner/.m2/repository/org/apache/ratis/ratis-metrics/2.4.0/ratis-metrics-2.4.0.jar:/home/runner/.m2/repository/org/apache/ratis/ratis-netty/2.4.0/ratis-netty-2.4.0.jar:/home/runner/.m2/repository/org/apache/ratis/ratis-grpc/2.4.0/ratis-grpc-2.4.0.jar:/home/runner/.m2/repository/org/apache/logging/log4j/log4j-api/2.17.1/log4j-api-2.17.1.jar:/home/runner/.m2/repository/org/apache/commons/commons-pool2/2.6.0/commons-pool2-2.6.0.jar:/home/runner/.m2/repository/org/bouncycastle/bcpkix-jdk15on/1.67/bcpkix-jdk15on-1.67.jar:/home/runner/.m2/repository/commons-validator/commons-validator/1.6/commons-validator-1.6.jar:/home/runner/.m2/repository/commons-beanutils/commons-beanutils/1.9.4/commons-beanutils-1.9.4.jar:/home/runner/.m2/repository/commons-digester/commons-digester/1.8.1/commons-digester-1.8.1.jar:/home/runner/.m2/repository/commons-collections/commons-collections/3.2.2/commons-collections-3.2.2.jar:/home/runner/.m2/repository/io/jaegertracing/jaeger-client/1.6.0/jaeger-client-1.6.0.jar:/home/runner/.m2/repository/io/jaegertracing/jaeger-thrift/1.6.0/jaeger-thrift-1.6.0.jar:/home/runner/.m2/repository/org/apache/thrift/libthrift/0.14.1/libthrift-0.14.1.jar:/home/runner/.m2/repository/io/jaegertracing/jaeger-core/1.6.0/jaeger-core-1.6.0.jar:/home/runner/.m2/repository/io/jaegertracing/jaeger-tracerresolver/1.6.0/jaeger-tracerresolver-1.6.0.jar:/home/runner/.m2/repository/io/opentracing/contrib/opentracing-tracerresolver/0.1.8/opentracing-tracerresolver-0.1.8.jar:/home/runner/.m2/repository/org/jetbrains/kotlin/kotlin-stdlib/1.6.21/kotlin-stdlib-1.6.21.jar:/home/runner/.m2/repository/org/jetbrains/annotations/13.0/annotations-13.0.jar:/home/runner/.m2/repository/io/opentracing/opentracing-util/0.33.0/opentracing-util-0.33.0.jar:/home/runner/.m2/repository/io/opentracing/opentracing-api/0.33.0/opentracing-api-0.33.0.jar:/home/runner/.m2/repository/io/opentracing/opentracing-noop/0.33.0/opentracing-noop-0.33.0.jar:/home/runner/.m2/repository/org/yaml/snakeyaml/1.32/snakeyaml-1.32.jar:/home/runner/.m2/repository/org/apache/ozone/hdds-interface-admin/1.3.0-SNAPSHOT/hdds-interface-admin-1.3.0-SNAPSHOT.jar:/home/runner/.m2/repository/junit/junit/4.13.1/junit-4.13.1.jar:/home/runner/.m2/repository/org/hamcrest/hamcrest-core/1.3/hamcrest-core-1.3.jar:/home/runner/.m2/repository/org/junit/jupiter/junit-jupiter-api/5.8.2/junit-jupiter-api-5.8.2.jar:/home/runner/.m2/repository/org/opentest4j/opentest4j/1.2.0/opentest4j-1.2.0.jar:/home/runner/.m2/repository/org/junit/platform/junit-platform-commons/1.8.2/junit-platform-commons-1.8.2.jar:/home/runner/.m2/repository/org/apiguardian/apiguardian-api/1.1.2/apiguardian-api-1.1.2.jar:/home/runner/.m2/repository/org/junit/jupiter/junit-jupiter-params/5.8.2/junit-jupiter-params-5.8.2.jar:/home/runner/.m2/repository/org/junit/jupiter/junit-jupiter-migrationsupport/5.8.2/junit-jupiter-migrationsupport-5.8.2.jar:/home/runner/.m2/repository/org/junit/jupiter/junit-jupiter-engine/5.8.2/junit-jupiter-engine-5.8.2.jar:/home/runner/.m2/repository/org/junit/platform/junit-platform-engine/1.8.2/junit-platform-engine-1.8.2.jar:/home/runner/.m2/repository/org/junit/vintage/junit-vintage-engine/5.8.2/junit-vintage-engine-5.8.2.jar:/home/runner/.m2/repository/org/junit/platform/junit-platform-launcher/1.8.2/junit-platform-launcher-1.8.2.jar:/home/runner/.m2/repository/org/mockito/mockito-core/2.28.2/mockito-core-2.28.2.jar:/home/runner/.m2/repository/net/bytebuddy/byte-buddy/1.9.10/byte-buddy-1.9.10.jar:/home/runner/.m2/repository/net/bytebuddy/byte-buddy-agent/1.9.10/byte-buddy-agent-1.9.10.jar:/home/runner/.m2/repository/org/objenesis/objenesis/1.0/objenesis-1.0.jar:/home/runner/.m2/repository/org/apache/hadoop/hadoop-kms/3.3.4/hadoop-kms-3.3.4.jar:/home/runner/.m2/repository/org/apache/hadoop/hadoop-auth/3.3.4/hadoop-auth-3.3.4.jar:/home/runner/.m2/repository/com/nimbusds/nimbus-jose-jwt/7.9/nimbus-jose-jwt-7.9.jar:/home/runner/.m2/repository/com/github/stephenc/jcip/jcip-annotations/1.0-1/jcip-annotations-1.0-1.jar:/home/runner/.m2/repository/net/minidev/json-smart/2.4.7/json-smart-2.4.7.jar:/home/runner/.m2/repository/net/minidev/accessors-smart/2.4.7/accessors-smart-2.4.7.jar:/home/runner/.m2/repository/org/ow2/asm/asm/5.0.4/asm-5.0.4.jar:/home/runner/.m2/repository/org/apache/zookeeper/zookeeper/3.5.6/zookeeper-3.5.6.jar:/home/runner/.m2/repository/org/apache/zookeeper/zookeeper-jute/3.5.6/zookeeper-jute-3.5.6.jar:/home/runner/.m2/repository/org/apache/yetus/audience-annotations/0.5.0/audience-annotations-0.5.0.jar:/home/runner/.m2/repository/org/apache/curator/curator-framework/4.2.0/curator-framework-4.2.0.jar:/home/runner/.m2/repository/org/apache/hadoop/thirdparty/hadoop-shaded-guava/1.1.1/hadoop-shaded-guava-1.1.1.jar:/home/runner/.m2/repository/com/sun/jersey/jersey-core/1.19/jersey-core-1.19.jar:/home/runner/.m2/repository/javax/ws/rs/jsr311-api/1.1.1/jsr311-api-1.1.1.jar:/home/runner/.m2/repository/com/sun/jersey/jersey-server/1.19/jersey-server-1.19.jar:/home/runner/.m2/repository/javax/servlet/javax.servlet-api/3.1.0/javax.servlet-api-3.1.0.jar:/home/runner/.m2/repository/org/eclipse/jetty/jetty-server/9.4.49.v20220914/jetty-server-9.4.49.v20220914.jar:/home/runner/.m2/repository/org/eclipse/jetty/jetty-http/9.4.49.v20220914/jetty-http-9.4.49.v20220914.jar:/home/runner/.m2/repository/org/eclipse/jetty/jetty-io/9.4.49.v20220914/jetty-io-9.4.49.v20220914.jar:/home/runner/.m2/repository/org/eclipse/jetty/jetty-webapp/9.4.49.v20220914/jetty-webapp-9.4.49.v20220914.jar:/home/runner/.m2/repository/org/eclipse/jetty/jetty-xml/9.4.49.v20220914/jetty-xml-9.4.49.v20220914.jar:/home/runner/.m2/repository/org/apache/hadoop/hadoop-common/3.3.4/hadoop-common-3.3.4.jar:/home/runner/.m2/repository/org/apache/commons/commons-math3/3.1.1/commons-math3-3.1.1.jar:/home/runner/.m2/repository/commons-net/commons-net/3.6/commons-net-3.6.jar:/home/runner/.m2/repository/com/sun/jersey/jersey-servlet/1.19/jersey-servlet-1.19.jar:/home/runner/.m2/repository/com/sun/jersey/jersey-json/1.19/jersey-json-1.19.jar:/home/runner/.m2/repository/org/codehaus/jettison/jettison/1.1/jettison-1.1.jar:/home/runner/.m2/repository/com/sun/xml/bind/jaxb-impl/2.2.3-1/jaxb-impl-2.2.3-1.jar:/home/runner/.m2/repository/org/codehaus/jackson/jackson-xc/1.9.2/jackson-xc-1.9.2.jar:/home/runner/.m2/repository/com/google/re2j/re2j/1.1/re2j-1.1.jar:/home/runner/.m2/repository/com/jcraft/jsch/0.1.54/jsch-0.1.54.jar:/home/runner/.m2/repository/org/apache/curator/curator-client/4.2.0/curator-client-4.2.0.jar:/home/runner/.m2/repository/org/apache/curator/curator-recipes/4.2.0/curator-recipes-4.2.0.jar:/home/runner/.m2/repository/org/apache/kerby/kerb-core/1.0.1/kerb-core-1.0.1.jar:/home/runner/.m2/repository/org/apache/kerby/kerby-pkix/1.0.1/kerby-pkix-1.0.1.jar:/home/runner/.m2/repository/org/apache/kerby/kerby-asn1/1.0.1/kerby-asn1-1.0.1.jar:/home/runner/.m2/repository/org/apache/kerby/kerby-util/1.0.1/kerby-util-1.0.1.jar:/home/runner/.m2/repository/dnsjava/dnsjava/2.1.7/dnsjava-2.1.7.jar:/home/runner/.m2/repository/org/xerial/snappy/snappy-java/1.1.8.2/snappy-java-1.1.8.2.jar:/home/runner/.m2/repository/org/eclipse/jetty/jetty-util/9.4.49.v20220914/jetty-util-9.4.49.v20220914.jar:/home/runner/.m2/repository/com/fasterxml/jackson/core/jackson-databind/2.13.4.2/jackson-databind-2.13.4.2.jar:/home/runner/.m2/repository/org/apache/hadoop/hadoop-kms/3.3.4/hadoop-kms-3.3.4-tests.jar:/home/runner/.m2/repository/org/apache/ozone/hdds-server-scm/1.3.0-SNAPSHOT/hdds-server-scm-1.3.0-SNAPSHOT-tests.jar:/home/runner/.m2/repository/org/apache/ozone/hdds-container-service/1.3.0-SNAPSHOT/hdds-container-service-1.3.0-SNAPSHOT-tests.jar:/home/runner/.m2/repository/commons-codec/commons-codec/1.11/commons-codec-1.11.jar:/home/runner/.m2/repository/io/netty/netty-codec/4.1.79.Final/netty-codec-4.1.79.Final.jar:/home/runner/.m2/repository/io/netty/netty-handler/4.1.79.Final/netty-handler-4.1.79.Final.jar:/home/runner/.m2/repository/org/apache/ozone/hdds-hadoop-dependency-test/1.3.0-SNAPSHOT/hdds-hadoop-dependency-test-1.3.0-SNAPSHOT.jar:/home/runner/.m2/repository/org/apache/hadoop/hadoop-common/3.3.4/hadoop-common-3.3.4-tests.jar:/home/runner/.m2/repository/org/apache/hadoop/hadoop-hdfs/3.3.4/hadoop-hdfs-3.3.4-tests.jar:/home/runner/.m2/repository/org/assertj/assertj-core/3.12.2/assertj-core-3.12.2.jar:/home/runner/.m2/repository/org/apache/hadoop/hadoop-distcp/3.3.4/hadoop-distcp-3.3.4.jar:/home/runner/.m2/repository/org/apache/hadoop/hadoop-mapreduce-client-jobclient/3.3.4/hadoop-mapreduce-client-jobclient-3.3.4.jar:/home/runner/.m2/repository/org/apache/hadoop/hadoop-mapreduce-client-common/3.3.4/hadoop-mapreduce-client-common-3.3.4.jar:/home/runner/.m2/repository/org/apache/hadoop/hadoop-yarn-common/3.3.4/hadoop-yarn-common-3.3.4.jar:/home/runner/.m2/repository/org/apache/hadoop/hadoop-yarn-api/3.3.4/hadoop-yarn-api-3.3.4.jar:/home/runner/.m2/repository/com/sun/jersey/contribs/jersey-guice/1.19/jersey-guice-1.19.jar:/home/runner/.m2/repository/com/fasterxml/jackson/jaxrs/jackson-jaxrs-json-provider/2.13.4/jackson-jaxrs-json-provider-2.13.4.jar:/home/runner/.m2/repository/com/fasterxml/jackson/jaxrs/jackson-jaxrs-base/2.13.4/jackson-jaxrs-base-2.13.4.jar:/home/runner/.m2/repository/org/apache/hadoop/hadoop-yarn-client/3.3.4/hadoop-yarn-client-3.3.4.jar:/home/runner/.m2/repository/org/eclipse/jetty/websocket/websocket-client/9.4.43.v20210629/websocket-client-9.4.43.v20210629.jar:/home/runner/.m2/repository/org/eclipse/jetty/websocket/websocket-common/9.4.43.v20210629/websocket-common-9.4.43.v20210629.jar:/home/runner/.m2/repository/org/eclipse/jetty/websocket/websocket-api/9.4.43.v20210629/websocket-api-9.4.43.v20210629.jar:/home/runner/.m2/repository/org/jline/jline/3.9.0/jline-3.9.0.jar:/home/runner/.m2/repository/org/apache/hadoop/hadoop-mapreduce-client-core/3.3.4/hadoop-mapreduce-client-core-3.3.4.jar:/home/runner/.m2/repository/org/apache/avro/avro/1.7.7/avro-1.7.7.jar:/home/runner/.m2/repository/org/codehaus/jackson/jackson-core-asl/1.9.13/jackson-core-asl-1.9.13.jar:/home/runner/.m2/repository/org/codehaus/jackson/jackson-mapper-asl/1.9.13/jackson-mapper-asl-1.9.13.jar:/home/runner/.m2/repository/com/thoughtworks/paranamer/paranamer/2.3/paranamer-2.3.jar:/home/runner/.m2/repository/org/apache/hadoop/hadoop-annotations/3.3.4/hadoop-annotations-3.3.4.jar:/usr/lib/jvm/temurin-8-jdk-amd64/jre/../lib/tools.jar:/home/runner/.m2/repository/io/netty/netty/3.10.6.Final/netty-3.10.6.Final.jar:/home/runner/.m2/repository/org/apache/hadoop/hadoop-distcp/3.3.4/hadoop-distcp-3.3.4-tests.jar:/home/runner/.m2/repository/org/slf4j/jul-to-slf4j/1.7.36/jul-to-slf4j-1.7.36.jar:/home/runner/.m2/repository/org/apache/ratis/ratis-common/2.4.0/ratis-common-2.4.0.jar:/home/runner/.m2/repository/org/apache/ratis/ratis-thirdparty-misc/1.0.2/ratis-thirdparty-misc-1.0.2.jar:/home/runner/.m2/repository/org/apache/ratis/ratis-proto/2.4.0/ratis-proto-2.4.0.jar:"/>
    <property name="java.vm.vendor" value="Temurin"/>
    <property name="sun.arch.data.model" value="64"/>
    <property name="test.build.dir" value="/home/runner/work/ozone/ozone/hadoop-ozone/integration-test/target/test-dir"/>
    <property name="test.cache.data" value=""/>
    <property name="java.vendor.url" value="https://adoptium.net/"/>
    <property name="user.timezone" value="Etc/UTC"/>
    <property name="java.vm.specification.version" value="1.8"/>
    <property name="os.name" value="Linux"/>
    <property name="test.build.data" value="/home/runner/work/ozone/ozone/hadoop-ozone/integration-test/target/test-dir"/>
    <property name="sun.java.launcher" value="SUN_STANDARD"/>
    <property name="sun.boot.library.path" value="/usr/lib/jvm/temurin-8-jdk-amd64/jre/lib/amd64"/>
    <property name="sun.java.command" value="/home/runner/work/ozone/ozone/hadoop-ozone/integration-test/target/surefire/surefirebooter1726245310054376245.jar /home/runner/work/ozone/ozone/hadoop-ozone/integration-test/target/surefire 2022-10-30T00-56-02_731-jvmRun1 surefire285610734700994684tmp surefire_125418266449126296378tmp"/>
    <property name="surefire.test.class.path" value="/home/runner/work/ozone/ozone/hadoop-ozone/integration-test/target/test-classes:/home/runner/work/ozone/ozone/hadoop-ozone/integration-test/target/classes:/home/runner/.m2/repository/org/apache/ozone/ozone-common/1.3.0-SNAPSHOT/ozone-common-1.3.0-SNAPSHOT.jar:/home/runner/.m2/repository/io/grpc/grpc-netty/1.48.1/grpc-netty-1.48.1.jar:/home/runner/.m2/repository/io/grpc/grpc-core/1.48.1/grpc-core-1.48.1.jar:/home/runner/.m2/repository/com/google/android/annotations/4.1.1.4/annotations-4.1.1.4.jar:/home/runner/.m2/repository/org/codehaus/mojo/animal-sniffer-annotations/1.21/animal-sniffer-annotations-1.21.jar:/home/runner/.m2/repository/com/google/errorprone/error_prone_annotations/2.2.0/error_prone_annotations-2.2.0.jar:/home/runner/.m2/repository/io/perfmark/perfmark-api/0.25.0/perfmark-api-0.25.0.jar:/home/runner/.m2/repository/io/netty/netty-codec-http2/4.1.79.Final/netty-codec-http2-4.1.79.Final.jar:/home/runner/.m2/repository/io/netty/netty-common/4.1.79.Final/netty-common-4.1.79.Final.jar:/home/runner/.m2/repository/io/netty/netty-buffer/4.1.79.Final/netty-buffer-4.1.79.Final.jar:/home/runner/.m2/repository/io/netty/netty-codec-http/4.1.79.Final/netty-codec-http-4.1.79.Final.jar:/home/runner/.m2/repository/io/netty/netty-handler-proxy/4.1.79.Final/netty-handler-proxy-4.1.79.Final.jar:/home/runner/.m2/repository/io/netty/netty-codec-socks/4.1.79.Final/netty-codec-socks-4.1.79.Final.jar:/home/runner/.m2/repository/io/netty/netty-tcnative-boringssl-static/2.0.53.Final/netty-tcnative-boringssl-static-2.0.53.Final.jar:/home/runner/.m2/repository/io/netty/netty-tcnative-classes/2.0.53.Final/netty-tcnative-classes-2.0.53.Final.jar:/home/runner/.m2/repository/io/netty/netty-tcnative-boringssl-static/2.0.53.Final/netty-tcnative-boringssl-static-2.0.53.Final-linux-x86_64.jar:/home/runner/.m2/repository/io/netty/netty-tcnative-boringssl-static/2.0.53.Final/netty-tcnative-boringssl-static-2.0.53.Final-linux-aarch_64.jar:/home/runner/.m2/repository/io/netty/netty-tcnative-boringssl-static/2.0.53.Final/netty-tcnative-boringssl-static-2.0.53.Final-osx-x86_64.jar:/home/runner/.m2/repository/io/netty/netty-tcnative-boringssl-static/2.0.53.Final/netty-tcnative-boringssl-static-2.0.53.Final-osx-aarch_64.jar:/home/runner/.m2/repository/io/netty/netty-tcnative-boringssl-static/2.0.53.Final/netty-tcnative-boringssl-static-2.0.53.Final-windows-x86_64.jar:/home/runner/.m2/repository/org/apache/commons/commons-compress/1.21/commons-compress-1.21.jar:/home/runner/.m2/repository/org/apache/ozone/hdds-common/1.3.0-SNAPSHOT/hdds-common-1.3.0-SNAPSHOT.jar:/home/runner/.m2/repository/org/apache/ozone/hdds-client/1.3.0-SNAPSHOT/hdds-client-1.3.0-SNAPSHOT.jar:/home/runner/.m2/repository/org/apache/ozone/ozone-interface-client/1.3.0-SNAPSHOT/ozone-interface-client-1.3.0-SNAPSHOT.jar:/home/runner/.m2/repository/org/apache/ozone/hdds-test-utils/1.3.0-SNAPSHOT/hdds-test-utils-1.3.0-SNAPSHOT.jar:/home/runner/.m2/repository/com/google/guava/guava/31.1-jre/guava-31.1-jre.jar:/home/runner/.m2/repository/com/google/guava/failureaccess/1.0.1/failureaccess-1.0.1.jar:/home/runner/.m2/repository/com/google/guava/listenablefuture/9999.0-empty-to-avoid-conflict-with-guava/listenablefuture-9999.0-empty-to-avoid-conflict-with-guava.jar:/home/runner/.m2/repository/com/google/code/findbugs/jsr305/3.0.0/jsr305-3.0.0.jar:/home/runner/.m2/repository/org/checkerframework/checker-qual/3.12.0/checker-qual-3.12.0.jar:/home/runner/.m2/repository/com/google/j2objc/j2objc-annotations/1.3/j2objc-annotations-1.3.jar:/home/runner/.m2/repository/commons-io/commons-io/2.11.0/commons-io-2.11.0.jar:/home/runner/.m2/repository/commons-logging/commons-logging/1.2/commons-logging-1.2.jar:/home/runner/.m2/repository/ch/qos/reload4j/reload4j/1.2.22/reload4j-1.2.22.jar:/home/runner/.m2/repository/org/slf4j/slf4j-api/1.7.36/slf4j-api-1.7.36.jar:/home/runner/.m2/repository/org/apache/ozone/hdds-server-scm/1.3.0-SNAPSHOT/hdds-server-scm-1.3.0-SNAPSHOT.jar:/home/runner/.m2/repository/org/apache/ozone/hdds-container-service/1.3.0-SNAPSHOT/hdds-container-service-1.3.0-SNAPSHOT.jar:/home/runner/.m2/repository/org/apache/ozone/hdds-hadoop-dependency-server/1.3.0-SNAPSHOT/hdds-hadoop-dependency-server-1.3.0-SNAPSHOT.jar:/home/runner/.m2/repository/org/apache/hadoop/hadoop-hdfs/3.3.4/hadoop-hdfs-3.3.4.jar:/home/runner/.m2/repository/org/eclipse/jetty/jetty-util-ajax/9.4.49.v20220914/jetty-util-ajax-9.4.49.v20220914.jar:/home/runner/.m2/repository/commons-daemon/commons-daemon/1.0.13/commons-daemon-1.0.13.jar:/home/runner/.m2/repository/org/apache/ozone/hdds-server-framework/1.3.0-SNAPSHOT/hdds-server-framework-1.3.0-SNAPSHOT.jar:/home/runner/.m2/repository/org/apache/ozone/hdds-interface-server/1.3.0-SNAPSHOT/hdds-interface-server-1.3.0-SNAPSHOT.jar:/home/runner/.m2/repository/org/apache/commons/commons-configuration2/2.1.1/commons-configuration2-2.1.1.jar:/home/runner/.m2/repository/org/apache/logging/log4j/log4j-core/2.17.1/log4j-core-2.17.1.jar:/home/runner/.m2/repository/com/lmax/disruptor/3.4.2/disruptor-3.4.2.jar:/home/runner/.m2/repository/org/eclipse/jetty/jetty-servlet/9.4.49.v20220914/jetty-servlet-9.4.49.v20220914.jar:/home/runner/.m2/repository/org/eclipse/jetty/jetty-security/9.4.49.v20220914/jetty-security-9.4.49.v20220914.jar:/home/runner/.m2/repository/org/rocksdb/rocksdbjni/7.4.5/rocksdbjni-7.4.5.jar:/home/runner/.m2/repository/io/prometheus/simpleclient_dropwizard/0.7.0/simpleclient_dropwizard-0.7.0.jar:/home/runner/.m2/repository/io/prometheus/simpleclient/0.7.0/simpleclient-0.7.0.jar:/home/runner/.m2/repository/io/prometheus/simpleclient_common/0.7.0/simpleclient_common-0.7.0.jar:/home/runner/.m2/repository/com/github/spotbugs/spotbugs-annotations/3.1.12/spotbugs-annotations-3.1.12.jar:/home/runner/.m2/repository/io/dropwizard/metrics/metrics-core/3.2.4/metrics-core-3.2.4.jar:/home/runner/.m2/repository/org/apache/commons/commons-text/1.4/commons-text-1.4.jar:/home/runner/.m2/repository/org/apache/hadoop/hadoop-hdfs-client/3.3.4/hadoop-hdfs-client-3.3.4.jar:/home/runner/.m2/repository/com/squareup/okhttp3/okhttp/4.9.3/okhttp-4.9.3.jar:/home/runner/.m2/repository/com/squareup/okio/okio/2.8.0/okio-2.8.0.jar:/home/runner/.m2/repository/org/jetbrains/kotlin/kotlin-stdlib-common/1.4.10/kotlin-stdlib-common-1.4.10.jar:/home/runner/.m2/repository/org/bouncycastle/bcprov-jdk15on/1.67/bcprov-jdk15on-1.67.jar:/home/runner/.m2/repository/com/google/protobuf/protobuf-java/2.5.0/protobuf-java-2.5.0.jar:/home/runner/.m2/repository/org/apache/ozone/ozone-manager/1.3.0-SNAPSHOT/ozone-manager-1.3.0-SNAPSHOT.jar:/home/runner/.m2/repository/org/aspectj/aspectjrt/1.9.7/aspectjrt-1.9.7.jar:/home/runner/.m2/repository/org/aspectj/aspectjweaver/1.9.7/aspectjweaver-1.9.7.jar:/home/runner/.m2/repository/org/apache/ozone/hdds-interface-client/1.3.0-SNAPSHOT/hdds-interface-client-1.3.0-SNAPSHOT.jar:/home/runner/.m2/repository/org/apache/hadoop/thirdparty/hadoop-shaded-protobuf_3_7/1.1.1/hadoop-shaded-protobuf_3_7-1.1.1.jar:/home/runner/.m2/repository/org/apache/ozone/ozone-interface-storage/1.3.0-SNAPSHOT/ozone-interface-storage-1.3.0-SNAPSHOT.jar:/home/runner/.m2/repository/org/reflections/reflections/0.9.11/reflections-0.9.11.jar:/home/runner/.m2/repository/com/sun/jersey/jersey-client/1.19/jersey-client-1.19.jar:/home/runner/.m2/repository/org/apache/ranger/ranger-intg/2.3.0/ranger-intg-2.3.0.jar:/home/runner/.m2/repository/org/apache/ranger/ranger-plugins-common/2.3.0/ranger-plugins-common-2.3.0.jar:/home/runner/.m2/repository/commons-lang/commons-lang/2.6/commons-lang-2.6.jar:/home/runner/.m2/repository/org/codehaus/jackson/jackson-jaxrs/1.9.13/jackson-jaxrs-1.9.13.jar:/home/runner/.m2/repository/org/apache/ranger/ranger-plugins-cred/2.3.0/ranger-plugins-cred-2.3.0.jar:/home/runner/.m2/repository/org/apache/ranger/ranger-plugins-audit/2.3.0/ranger-plugins-audit-2.3.0.jar:/home/runner/.m2/repository/org/eclipse/jetty/jetty-client/9.4.31.v20200723/jetty-client-9.4.31.v20200723.jar:/home/runner/.m2/repository/org/apache/httpcomponents/httpmime/4.5.6/httpmime-4.5.6.jar:/home/runner/.m2/repository/org/apache/httpcomponents/httpcore-nio/4.4.6/httpcore-nio-4.4.6.jar:/home/runner/.m2/repository/org/apache/httpcomponents/httpasyncclient/4.1.3/httpasyncclient-4.1.3.jar:/home/runner/.m2/repository/com/carrotsearch/hppc/0.8.0/hppc-0.8.0.jar:/home/runner/.m2/repository/org/apache/orc/orc-core/1.5.8/orc-core-1.5.8.jar:/home/runner/.m2/repository/net/java/dev/jna/jna/5.2.0/jna-5.2.0.jar:/home/runner/.m2/repository/net/java/dev/jna/jna-platform/5.2.0/jna-platform-5.2.0.jar:/home/runner/.m2/repository/com/kstruct/gethostname4j/0.0.2/gethostname4j-0.0.2.jar:/home/runner/.m2/repository/org/apache/ranger/ranger-plugin-classloader/2.3.0/ranger-plugin-classloader-2.3.0.jar:/home/runner/.m2/repository/org/apache/hadoop/hadoop-minikdc/3.3.4/hadoop-minikdc-3.3.4.jar:/home/runner/.m2/repository/org/apache/kerby/kerb-simplekdc/1.0.1/kerb-simplekdc-1.0.1.jar:/home/runner/.m2/repository/org/apache/kerby/kerb-client/1.0.1/kerb-client-1.0.1.jar:/home/runner/.m2/repository/org/apache/kerby/kerby-config/1.0.1/kerby-config-1.0.1.jar:/home/runner/.m2/repository/org/apache/kerby/kerb-common/1.0.1/kerb-common-1.0.1.jar:/home/runner/.m2/repository/org/apache/kerby/kerb-crypto/1.0.1/kerb-crypto-1.0.1.jar:/home/runner/.m2/repository/org/apache/kerby/kerb-util/1.0.1/kerb-util-1.0.1.jar:/home/runner/.m2/repository/org/apache/kerby/token-provider/1.0.1/token-provider-1.0.1.jar:/home/runner/.m2/repository/org/apache/kerby/kerb-admin/1.0.1/kerb-admin-1.0.1.jar:/home/runner/.m2/repository/org/apache/kerby/kerb-server/1.0.1/kerb-server-1.0.1.jar:/home/runner/.m2/repository/org/apache/kerby/kerb-identity/1.0.1/kerb-identity-1.0.1.jar:/home/runner/.m2/repository/org/apache/kerby/kerby-xdr/1.0.1/kerby-xdr-1.0.1.jar:/home/runner/.m2/repository/org/apache/ozone/ozone-s3gateway/1.3.0-SNAPSHOT/ozone-s3gateway-1.3.0-SNAPSHOT.jar:/home/runner/.m2/repository/org/javassist/javassist/3.21.0-GA/javassist-3.21.0-GA.jar:/home/runner/.m2/repository/org/jboss/weld/servlet/weld-servlet/2.4.7.Final/weld-servlet-2.4.7.Final.jar:/home/runner/.m2/repository/org/glassfish/jersey/containers/jersey-container-servlet-core/2.34/jersey-container-servlet-core-2.34.jar:/home/runner/.m2/repository/org/glassfish/hk2/external/jakarta.inject/2.6.1/jakarta.inject-2.6.1.jar:/home/runner/.m2/repository/org/glassfish/jersey/core/jersey-common/2.34/jersey-common-2.34.jar:/home/runner/.m2/repository/jakarta/ws/rs/jakarta.ws.rs-api/2.1.6/jakarta.ws.rs-api-2.1.6.jar:/home/runner/.m2/repository/org/glassfish/jersey/ext/cdi/jersey-cdi1x/2.34/jersey-cdi1x-2.34.jar:/home/runner/.m2/repository/org/glassfish/jersey/inject/jersey-hk2/2.34/jersey-hk2-2.34.jar:/home/runner/.m2/repository/org/glassfish/hk2/hk2-locator/2.6.1/hk2-locator-2.6.1.jar:/home/runner/.m2/repository/org/glassfish/jersey/media/jersey-media-jaxb/2.34/jersey-media-jaxb-2.34.jar:/home/runner/.m2/repository/org/glassfish/hk2/osgi-resource-locator/1.0.3/osgi-resource-locator-1.0.3.jar:/home/runner/.m2/repository/org/glassfish/hk2/hk2-api/2.5.0/hk2-api-2.5.0.jar:/home/runner/.m2/repository/org/glassfish/hk2/hk2-utils/2.5.0/hk2-utils-2.5.0.jar:/home/runner/.m2/repository/org/glassfish/hk2/external/aopalliance-repackaged/2.5.0/aopalliance-repackaged-2.5.0.jar:/home/runner/.m2/repository/com/fasterxml/jackson/dataformat/jackson-dataformat-xml/2.13.4/jackson-dataformat-xml-2.13.4.jar:/home/runner/.m2/repository/com/fasterxml/jackson/core/jackson-core/2.13.4/jackson-core-2.13.4.jar:/home/runner/.m2/repository/org/codehaus/woodstox/stax2-api/3.1.4/stax2-api-3.1.4.jar:/home/runner/.m2/repository/com/fasterxml/woodstox/woodstox-core/5.4.0/woodstox-core-5.4.0.jar:/home/runner/.m2/repository/com/fasterxml/jackson/module/jackson-module-jaxb-annotations/2.13.4/jackson-module-jaxb-annotations-2.13.4.jar:/home/runner/.m2/repository/jakarta/xml/bind/jakarta.xml.bind-api/2.3.3/jakarta.xml.bind-api-2.3.3.jar:/home/runner/.m2/repository/jakarta/activation/jakarta.activation-api/1.2.1/jakarta.activation-api-1.2.1.jar:/home/runner/.m2/repository/javax/enterprise/cdi-api/1.2/cdi-api-1.2.jar:/home/runner/.m2/repository/javax/el/javax.el-api/3.0.0/javax.el-api-3.0.0.jar:/home/runner/.m2/repository/javax/interceptor/javax.interceptor-api/1.2/javax.interceptor-api-1.2.jar:/home/runner/.m2/repository/javax/inject/javax.inject/1/javax.inject-1.jar:/home/runner/.m2/repository/javax/xml/bind/jaxb-api/2.3.0/jaxb-api-2.3.0.jar:/home/runner/.m2/repository/org/glassfish/jaxb/jaxb-runtime/2.3.0.1/jaxb-runtime-2.3.0.1.jar:/home/runner/.m2/repository/org/glassfish/jaxb/jaxb-core/2.3.0.1/jaxb-core-2.3.0.1.jar:/home/runner/.m2/repository/org/glassfish/jaxb/txw2/2.3.0.1/txw2-2.3.0.1.jar:/home/runner/.m2/repository/com/sun/istack/istack-commons-runtime/3.0.5/istack-commons-runtime-3.0.5.jar:/home/runner/.m2/repository/org/jvnet/staxex/stax-ex/1.7.8/stax-ex-1.7.8.jar:/home/runner/.m2/repository/com/sun/xml/fastinfoset/FastInfoset/1.2.13/FastInfoset-1.2.13.jar:/home/runner/.m2/repository/javax/activation/activation/1.1.1/activation-1.1.1.jar:/home/runner/.m2/repository/io/grpc/grpc-protobuf/1.48.1/grpc-protobuf-1.48.1.jar:/home/runner/.m2/repository/io/grpc/grpc-api/1.48.1/grpc-api-1.48.1.jar:/home/runner/.m2/repository/io/grpc/grpc-context/1.48.1/grpc-context-1.48.1.jar:/home/runner/.m2/repository/com/google/api/grpc/proto-google-common-protos/2.9.0/proto-google-common-protos-2.9.0.jar:/home/runner/.m2/repository/io/grpc/grpc-protobuf-lite/1.48.1/grpc-protobuf-lite-1.48.1.jar:/home/runner/.m2/repository/io/grpc/grpc-stub/1.48.1/grpc-stub-1.48.1.jar:/home/runner/.m2/repository/io/netty/netty-transport/4.1.79.Final/netty-transport-4.1.79.Final.jar:/home/runner/.m2/repository/io/netty/netty-resolver/4.1.79.Final/netty-resolver-4.1.79.Final.jar:/home/runner/.m2/repository/org/apache/ozone/ozone-csi/1.3.0-SNAPSHOT/ozone-csi-1.3.0-SNAPSHOT.jar:/home/runner/.m2/repository/com/google/protobuf/protobuf-java-util/3.19.2/protobuf-java-util-3.19.2.jar:/home/runner/.m2/repository/com/google/code/gson/gson/2.9.0/gson-2.9.0.jar:/home/runner/.m2/repository/org/apache/ozone/hdds-config/1.3.0-SNAPSHOT/hdds-config-1.3.0-SNAPSHOT.jar:/home/runner/.m2/repository/io/netty/netty-transport-native-epoll/4.1.79.Final/netty-transport-native-epoll-4.1.79.Final-linux-x86_64.jar:/home/runner/.m2/repository/io/netty/netty-transport-classes-epoll/4.1.79.Final/netty-transport-classes-epoll-4.1.79.Final.jar:/home/runner/.m2/repository/io/netty/netty-transport-native-unix-common/4.1.79.Final/netty-transport-native-unix-common-4.1.79.Final.jar:/home/runner/.m2/repository/org/slf4j/slf4j-reload4j/1.7.36/slf4j-reload4j-1.7.36.jar:/home/runner/.m2/repository/org/apache/ozone/ozone-recon/1.3.0-SNAPSHOT/ozone-recon-1.3.0-SNAPSHOT.jar:/home/runner/.m2/repository/org/apache/ozone/ozone-reconcodegen/1.3.0-SNAPSHOT/ozone-reconcodegen-1.3.0-SNAPSHOT.jar:/home/runner/.m2/repository/com/google/inject/extensions/guice-multibindings/4.0/guice-multibindings-4.0.jar:/home/runner/.m2/repository/com/google/inject/guice/4.0/guice-4.0.jar:/home/runner/.m2/repository/aopalliance/aopalliance/1.0/aopalliance-1.0.jar:/home/runner/.m2/repository/com/google/inject/extensions/guice-assistedinject/4.0/guice-assistedinject-4.0.jar:/home/runner/.m2/repository/com/google/inject/extensions/guice-servlet/4.0/guice-servlet-4.0.jar:/home/runner/.m2/repository/org/glassfish/jersey/containers/jersey-container-servlet/2.34/jersey-container-servlet-2.34.jar:/home/runner/.m2/repository/org/glassfish/hk2/guice-bridge/2.5.0/guice-bridge-2.5.0.jar:/home/runner/.m2/repository/org/glassfish/jersey/core/jersey-server/2.34/jersey-server-2.34.jar:/home/runner/.m2/repository/org/glassfish/jersey/core/jersey-client/2.34/jersey-client-2.34.jar:/home/runner/.m2/repository/jakarta/annotation/jakarta.annotation-api/1.3.5/jakarta.annotation-api-1.3.5.jar:/home/runner/.m2/repository/jakarta/validation/jakarta.validation-api/2.0.2/jakarta.validation-api-2.0.2.jar:/home/runner/.m2/repository/org/glassfish/jersey/media/jersey-media-json-jackson/2.34/jersey-media-json-jackson-2.34.jar:/home/runner/.m2/repository/org/glassfish/jersey/ext/jersey-entity-filtering/2.34/jersey-entity-filtering-2.34.jar:/home/runner/.m2/repository/org/jooq/jooq/3.11.10/jooq-3.11.10.jar:/home/runner/.m2/repository/org/jooq/jooq-meta/3.11.10/jooq-meta-3.11.10.jar:/home/runner/.m2/repository/org/jooq/jooq-codegen/3.11.10/jooq-codegen-3.11.10.jar:/home/runner/.m2/repository/com/jolbox/bonecp/0.8.0.RELEASE/bonecp-0.8.0.RELEASE.jar:/home/runner/.m2/repository/org/apache/derby/derby/10.14.2.0/derby-10.14.2.0.jar:/home/runner/.m2/repository/org/xerial/sqlite-jdbc/3.25.2/sqlite-jdbc-3.25.2.jar:/home/runner/.m2/repository/org/springframework/spring-jdbc/5.3.23/spring-jdbc-5.3.23.jar:/home/runner/.m2/repository/org/springframework/spring-beans/5.3.23/spring-beans-5.3.23.jar:/home/runner/.m2/repository/org/springframework/spring-core/5.3.23/spring-core-5.3.23.jar:/home/runner/.m2/repository/org/springframework/spring-jcl/5.3.23/spring-jcl-5.3.23.jar:/home/runner/.m2/repository/org/springframework/spring-tx/5.3.23/spring-tx-5.3.23.jar:/home/runner/.m2/repository/org/apache/ozone/ozone-client/1.3.0-SNAPSHOT/ozone-client-1.3.0-SNAPSHOT.jar:/home/runner/.m2/repository/org/apache/ozone/hdds-erasurecode/1.3.0-SNAPSHOT/hdds-erasurecode-1.3.0-SNAPSHOT.jar:/home/runner/.m2/repository/org/apache/ozone/ozone-filesystem/1.3.0-SNAPSHOT/ozone-filesystem-1.3.0-SNAPSHOT.jar:/home/runner/.m2/repository/org/apache/ozone/ozone-filesystem-common/1.3.0-SNAPSHOT/ozone-filesystem-common-1.3.0-SNAPSHOT.jar:/home/runner/.m2/repository/org/apache/ozone/ozone-tools/1.3.0-SNAPSHOT/ozone-tools-1.3.0-SNAPSHOT.jar:/home/runner/.m2/repository/org/apache/ratis/ratis-tools/2.4.0/ratis-tools-2.4.0.jar:/home/runner/.m2/repository/com/amazonaws/aws-java-sdk-core/1.12.261/aws-java-sdk-core-1.12.261.jar:/home/runner/.m2/repository/org/apache/httpcomponents/httpclient/4.5.13/httpclient-4.5.13.jar:/home/runner/.m2/repository/org/apache/httpcomponents/httpcore/4.4.13/httpcore-4.4.13.jar:/home/runner/.m2/repository/software/amazon/ion/ion-java/1.0.2/ion-java-1.0.2.jar:/home/runner/.m2/repository/com/fasterxml/jackson/dataformat/jackson-dataformat-cbor/2.13.4/jackson-dataformat-cbor-2.13.4.jar:/home/runner/.m2/repository/joda-time/joda-time/2.8.1/joda-time-2.8.1.jar:/home/runner/.m2/repository/com/amazonaws/aws-java-sdk-s3/1.12.261/aws-java-sdk-s3-1.12.261.jar:/home/runner/.m2/repository/com/amazonaws/aws-java-sdk-kms/1.12.261/aws-java-sdk-kms-1.12.261.jar:/home/runner/.m2/repository/com/amazonaws/jmespath-java/1.12.261/jmespath-java-1.12.261.jar:/home/runner/.m2/repository/org/kohsuke/metainf-services/metainf-services/1.8/metainf-services-1.8.jar:/home/runner/.m2/repository/org/apache/ozone/hdds-tools/1.3.0-SNAPSHOT/hdds-tools-1.3.0-SNAPSHOT.jar:/home/runner/.m2/repository/commons-cli/commons-cli/1.2/commons-cli-1.2.jar:/home/runner/.m2/repository/org/apache/commons/commons-lang3/3.7/commons-lang3-3.7.jar:/home/runner/.m2/repository/org/apache/ozone/ozone-manager/1.3.0-SNAPSHOT/ozone-manager-1.3.0-SNAPSHOT-tests.jar:/home/runner/.m2/repository/org/apache/ozone/hdds-common/1.3.0-SNAPSHOT/hdds-common-1.3.0-SNAPSHOT-tests.jar:/home/runner/.m2/repository/org/apache/ozone/hdds-hadoop-dependency-client/1.3.0-SNAPSHOT/hdds-hadoop-dependency-client-1.3.0-SNAPSHOT.jar:/home/runner/.m2/repository/info/picocli/picocli/4.6.1/picocli-4.6.1.jar:/home/runner/.m2/repository/com/fasterxml/jackson/core/jackson-annotations/2.13.4/jackson-annotations-2.13.4.jar:/home/runner/.m2/repository/com/fasterxml/jackson/datatype/jackson-datatype-jsr310/2.13.4/jackson-datatype-jsr310-2.13.4.jar:/home/runner/.m2/repository/org/apache/ozone/hdds-annotation-processing/1.3.0-SNAPSHOT/hdds-annotation-processing-1.3.0-SNAPSHOT.jar:/home/runner/.m2/repository/javax/annotation/javax.annotation-api/1.2/javax.annotation-api-1.2.jar:/home/runner/.m2/repository/org/apache/ratis/ratis-server/2.4.0/ratis-server-2.4.0.jar:/home/runner/.m2/repository/org/apache/ratis/ratis-client/2.4.0/ratis-client-2.4.0.jar:/home/runner/.m2/repository/org/apache/ratis/ratis-server-api/2.4.0/ratis-server-api-2.4.0.jar:/home/runner/.m2/repository/org/apache/ratis/ratis-metrics/2.4.0/ratis-metrics-2.4.0.jar:/home/runner/.m2/repository/org/apache/ratis/ratis-netty/2.4.0/ratis-netty-2.4.0.jar:/home/runner/.m2/repository/org/apache/ratis/ratis-grpc/2.4.0/ratis-grpc-2.4.0.jar:/home/runner/.m2/repository/org/apache/logging/log4j/log4j-api/2.17.1/log4j-api-2.17.1.jar:/home/runner/.m2/repository/org/apache/commons/commons-pool2/2.6.0/commons-pool2-2.6.0.jar:/home/runner/.m2/repository/org/bouncycastle/bcpkix-jdk15on/1.67/bcpkix-jdk15on-1.67.jar:/home/runner/.m2/repository/commons-validator/commons-validator/1.6/commons-validator-1.6.jar:/home/runner/.m2/repository/commons-beanutils/commons-beanutils/1.9.4/commons-beanutils-1.9.4.jar:/home/runner/.m2/repository/commons-digester/commons-digester/1.8.1/commons-digester-1.8.1.jar:/home/runner/.m2/repository/commons-collections/commons-collections/3.2.2/commons-collections-3.2.2.jar:/home/runner/.m2/repository/io/jaegertracing/jaeger-client/1.6.0/jaeger-client-1.6.0.jar:/home/runner/.m2/repository/io/jaegertracing/jaeger-thrift/1.6.0/jaeger-thrift-1.6.0.jar:/home/runner/.m2/repository/org/apache/thrift/libthrift/0.14.1/libthrift-0.14.1.jar:/home/runner/.m2/repository/io/jaegertracing/jaeger-core/1.6.0/jaeger-core-1.6.0.jar:/home/runner/.m2/repository/io/jaegertracing/jaeger-tracerresolver/1.6.0/jaeger-tracerresolver-1.6.0.jar:/home/runner/.m2/repository/io/opentracing/contrib/opentracing-tracerresolver/0.1.8/opentracing-tracerresolver-0.1.8.jar:/home/runner/.m2/repository/org/jetbrains/kotlin/kotlin-stdlib/1.6.21/kotlin-stdlib-1.6.21.jar:/home/runner/.m2/repository/org/jetbrains/annotations/13.0/annotations-13.0.jar:/home/runner/.m2/repository/io/opentracing/opentracing-util/0.33.0/opentracing-util-0.33.0.jar:/home/runner/.m2/repository/io/opentracing/opentracing-api/0.33.0/opentracing-api-0.33.0.jar:/home/runner/.m2/repository/io/opentracing/opentracing-noop/0.33.0/opentracing-noop-0.33.0.jar:/home/runner/.m2/repository/org/yaml/snakeyaml/1.32/snakeyaml-1.32.jar:/home/runner/.m2/repository/org/apache/ozone/hdds-interface-admin/1.3.0-SNAPSHOT/hdds-interface-admin-1.3.0-SNAPSHOT.jar:/home/runner/.m2/repository/junit/junit/4.13.1/junit-4.13.1.jar:/home/runner/.m2/repository/org/hamcrest/hamcrest-core/1.3/hamcrest-core-1.3.jar:/home/runner/.m2/repository/org/junit/jupiter/junit-jupiter-api/5.8.2/junit-jupiter-api-5.8.2.jar:/home/runner/.m2/repository/org/opentest4j/opentest4j/1.2.0/opentest4j-1.2.0.jar:/home/runner/.m2/repository/org/junit/platform/junit-platform-commons/1.8.2/junit-platform-commons-1.8.2.jar:/home/runner/.m2/repository/org/apiguardian/apiguardian-api/1.1.2/apiguardian-api-1.1.2.jar:/home/runner/.m2/repository/org/junit/jupiter/junit-jupiter-params/5.8.2/junit-jupiter-params-5.8.2.jar:/home/runner/.m2/repository/org/junit/jupiter/junit-jupiter-migrationsupport/5.8.2/junit-jupiter-migrationsupport-5.8.2.jar:/home/runner/.m2/repository/org/junit/jupiter/junit-jupiter-engine/5.8.2/junit-jupiter-engine-5.8.2.jar:/home/runner/.m2/repository/org/junit/platform/junit-platform-engine/1.8.2/junit-platform-engine-1.8.2.jar:/home/runner/.m2/repository/org/junit/vintage/junit-vintage-engine/5.8.2/junit-vintage-engine-5.8.2.jar:/home/runner/.m2/repository/org/junit/platform/junit-platform-launcher/1.8.2/junit-platform-launcher-1.8.2.jar:/home/runner/.m2/repository/org/mockito/mockito-core/2.28.2/mockito-core-2.28.2.jar:/home/runner/.m2/repository/net/bytebuddy/byte-buddy/1.9.10/byte-buddy-1.9.10.jar:/home/runner/.m2/repository/net/bytebuddy/byte-buddy-agent/1.9.10/byte-buddy-agent-1.9.10.jar:/home/runner/.m2/repository/org/objenesis/objenesis/1.0/objenesis-1.0.jar:/home/runner/.m2/repository/org/apache/hadoop/hadoop-kms/3.3.4/hadoop-kms-3.3.4.jar:/home/runner/.m2/repository/org/apache/hadoop/hadoop-auth/3.3.4/hadoop-auth-3.3.4.jar:/home/runner/.m2/repository/com/nimbusds/nimbus-jose-jwt/7.9/nimbus-jose-jwt-7.9.jar:/home/runner/.m2/repository/com/github/stephenc/jcip/jcip-annotations/1.0-1/jcip-annotations-1.0-1.jar:/home/runner/.m2/repository/net/minidev/json-smart/2.4.7/json-smart-2.4.7.jar:/home/runner/.m2/repository/net/minidev/accessors-smart/2.4.7/accessors-smart-2.4.7.jar:/home/runner/.m2/repository/org/ow2/asm/asm/5.0.4/asm-5.0.4.jar:/home/runner/.m2/repository/org/apache/zookeeper/zookeeper/3.5.6/zookeeper-3.5.6.jar:/home/runner/.m2/repository/org/apache/zookeeper/zookeeper-jute/3.5.6/zookeeper-jute-3.5.6.jar:/home/runner/.m2/repository/org/apache/yetus/audience-annotations/0.5.0/audience-annotations-0.5.0.jar:/home/runner/.m2/repository/org/apache/curator/curator-framework/4.2.0/curator-framework-4.2.0.jar:/home/runner/.m2/repository/org/apache/hadoop/thirdparty/hadoop-shaded-guava/1.1.1/hadoop-shaded-guava-1.1.1.jar:/home/runner/.m2/repository/com/sun/jersey/jersey-core/1.19/jersey-core-1.19.jar:/home/runner/.m2/repository/javax/ws/rs/jsr311-api/1.1.1/jsr311-api-1.1.1.jar:/home/runner/.m2/repository/com/sun/jersey/jersey-server/1.19/jersey-server-1.19.jar:/home/runner/.m2/repository/javax/servlet/javax.servlet-api/3.1.0/javax.servlet-api-3.1.0.jar:/home/runner/.m2/repository/org/eclipse/jetty/jetty-server/9.4.49.v20220914/jetty-server-9.4.49.v20220914.jar:/home/runner/.m2/repository/org/eclipse/jetty/jetty-http/9.4.49.v20220914/jetty-http-9.4.49.v20220914.jar:/home/runner/.m2/repository/org/eclipse/jetty/jetty-io/9.4.49.v20220914/jetty-io-9.4.49.v20220914.jar:/home/runner/.m2/repository/org/eclipse/jetty/jetty-webapp/9.4.49.v20220914/jetty-webapp-9.4.49.v20220914.jar:/home/runner/.m2/repository/org/eclipse/jetty/jetty-xml/9.4.49.v20220914/jetty-xml-9.4.49.v20220914.jar:/home/runner/.m2/repository/org/apache/hadoop/hadoop-common/3.3.4/hadoop-common-3.3.4.jar:/home/runner/.m2/repository/org/apache/commons/commons-math3/3.1.1/commons-math3-3.1.1.jar:/home/runner/.m2/repository/commons-net/commons-net/3.6/commons-net-3.6.jar:/home/runner/.m2/repository/com/sun/jersey/jersey-servlet/1.19/jersey-servlet-1.19.jar:/home/runner/.m2/repository/com/sun/jersey/jersey-json/1.19/jersey-json-1.19.jar:/home/runner/.m2/repository/org/codehaus/jettison/jettison/1.1/jettison-1.1.jar:/home/runner/.m2/repository/com/sun/xml/bind/jaxb-impl/2.2.3-1/jaxb-impl-2.2.3-1.jar:/home/runner/.m2/repository/org/codehaus/jackson/jackson-xc/1.9.2/jackson-xc-1.9.2.jar:/home/runner/.m2/repository/com/google/re2j/re2j/1.1/re2j-1.1.jar:/home/runner/.m2/repository/com/jcraft/jsch/0.1.54/jsch-0.1.54.jar:/home/runner/.m2/repository/org/apache/curator/curator-client/4.2.0/curator-client-4.2.0.jar:/home/runner/.m2/repository/org/apache/curator/curator-recipes/4.2.0/curator-recipes-4.2.0.jar:/home/runner/.m2/repository/org/apache/kerby/kerb-core/1.0.1/kerb-core-1.0.1.jar:/home/runner/.m2/repository/org/apache/kerby/kerby-pkix/1.0.1/kerby-pkix-1.0.1.jar:/home/runner/.m2/repository/org/apache/kerby/kerby-asn1/1.0.1/kerby-asn1-1.0.1.jar:/home/runner/.m2/repository/org/apache/kerby/kerby-util/1.0.1/kerby-util-1.0.1.jar:/home/runner/.m2/repository/dnsjava/dnsjava/2.1.7/dnsjava-2.1.7.jar:/home/runner/.m2/repository/org/xerial/snappy/snappy-java/1.1.8.2/snappy-java-1.1.8.2.jar:/home/runner/.m2/repository/org/eclipse/jetty/jetty-util/9.4.49.v20220914/jetty-util-9.4.49.v20220914.jar:/home/runner/.m2/repository/com/fasterxml/jackson/core/jackson-databind/2.13.4.2/jackson-databind-2.13.4.2.jar:/home/runner/.m2/repository/org/apache/hadoop/hadoop-kms/3.3.4/hadoop-kms-3.3.4-tests.jar:/home/runner/.m2/repository/org/apache/ozone/hdds-server-scm/1.3.0-SNAPSHOT/hdds-server-scm-1.3.0-SNAPSHOT-tests.jar:/home/runner/.m2/repository/org/apache/ozone/hdds-container-service/1.3.0-SNAPSHOT/hdds-container-service-1.3.0-SNAPSHOT-tests.jar:/home/runner/.m2/repository/commons-codec/commons-codec/1.11/commons-codec-1.11.jar:/home/runner/.m2/repository/io/netty/netty-codec/4.1.79.Final/netty-codec-4.1.79.Final.jar:/home/runner/.m2/repository/io/netty/netty-handler/4.1.79.Final/netty-handler-4.1.79.Final.jar:/home/runner/.m2/repository/org/apache/ozone/hdds-hadoop-dependency-test/1.3.0-SNAPSHOT/hdds-hadoop-dependency-test-1.3.0-SNAPSHOT.jar:/home/runner/.m2/repository/org/apache/hadoop/hadoop-common/3.3.4/hadoop-common-3.3.4-tests.jar:/home/runner/.m2/repository/org/apache/hadoop/hadoop-hdfs/3.3.4/hadoop-hdfs-3.3.4-tests.jar:/home/runner/.m2/repository/org/assertj/assertj-core/3.12.2/assertj-core-3.12.2.jar:/home/runner/.m2/repository/org/apache/hadoop/hadoop-distcp/3.3.4/hadoop-distcp-3.3.4.jar:/home/runner/.m2/repository/org/apache/hadoop/hadoop-mapreduce-client-jobclient/3.3.4/hadoop-mapreduce-client-jobclient-3.3.4.jar:/home/runner/.m2/repository/org/apache/hadoop/hadoop-mapreduce-client-common/3.3.4/hadoop-mapreduce-client-common-3.3.4.jar:/home/runner/.m2/repository/org/apache/hadoop/hadoop-yarn-common/3.3.4/hadoop-yarn-common-3.3.4.jar:/home/runner/.m2/repository/org/apache/hadoop/hadoop-yarn-api/3.3.4/hadoop-yarn-api-3.3.4.jar:/home/runner/.m2/repository/com/sun/jersey/contribs/jersey-guice/1.19/jersey-guice-1.19.jar:/home/runner/.m2/repository/com/fasterxml/jackson/jaxrs/jackson-jaxrs-json-provider/2.13.4/jackson-jaxrs-json-provider-2.13.4.jar:/home/runner/.m2/repository/com/fasterxml/jackson/jaxrs/jackson-jaxrs-base/2.13.4/jackson-jaxrs-base-2.13.4.jar:/home/runner/.m2/repository/org/apache/hadoop/hadoop-yarn-client/3.3.4/hadoop-yarn-client-3.3.4.jar:/home/runner/.m2/repository/org/eclipse/jetty/websocket/websocket-client/9.4.43.v20210629/websocket-client-9.4.43.v20210629.jar:/home/runner/.m2/repository/org/eclipse/jetty/websocket/websocket-common/9.4.43.v20210629/websocket-common-9.4.43.v20210629.jar:/home/runner/.m2/repository/org/eclipse/jetty/websocket/websocket-api/9.4.43.v20210629/websocket-api-9.4.43.v20210629.jar:/home/runner/.m2/repository/org/jline/jline/3.9.0/jline-3.9.0.jar:/home/runner/.m2/repository/org/apache/hadoop/hadoop-mapreduce-client-core/3.3.4/hadoop-mapreduce-client-core-3.3.4.jar:/home/runner/.m2/repository/org/apache/avro/avro/1.7.7/avro-1.7.7.jar:/home/runner/.m2/repository/org/codehaus/jackson/jackson-core-asl/1.9.13/jackson-core-asl-1.9.13.jar:/home/runner/.m2/repository/org/codehaus/jackson/jackson-mapper-asl/1.9.13/jackson-mapper-asl-1.9.13.jar:/home/runner/.m2/repository/com/thoughtworks/paranamer/paranamer/2.3/paranamer-2.3.jar:/home/runner/.m2/repository/org/apache/hadoop/hadoop-annotations/3.3.4/hadoop-annotations-3.3.4.jar:/usr/lib/jvm/temurin-8-jdk-amd64/jre/../lib/tools.jar:/home/runner/.m2/repository/io/netty/netty/3.10.6.Final/netty-3.10.6.Final.jar:/home/runner/.m2/repository/org/apache/hadoop/hadoop-distcp/3.3.4/hadoop-distcp-3.3.4-tests.jar:/home/runner/.m2/repository/org/slf4j/jul-to-slf4j/1.7.36/jul-to-slf4j-1.7.36.jar:/home/runner/.m2/repository/org/apache/ratis/ratis-common/2.4.0/ratis-common-2.4.0.jar:/home/runner/.m2/repository/org/apache/ratis/ratis-thirdparty-misc/1.0.2/ratis-thirdparty-misc-1.0.2.jar:/home/runner/.m2/repository/org/apache/ratis/ratis-proto/2.4.0/ratis-proto-2.4.0.jar:"/>
    <property name="sun.cpu.endian" value="little"/>
    <property name="user.home" value="/home/runner"/>
    <property name="user.language" value="en"/>
    <property name="java.specification.vendor" value="Oracle Corporation"/>
    <property name="java.home" value="/usr/lib/jvm/temurin-8-jdk-amd64/jre"/>
    <property name="java.security.krb5.conf" value="/home/runner/work/ozone/ozone/hadoop-ozone/integration-test/target/test-classes/krb5.conf"/>
    <property name="basedir" value="/home/runner/work/ozone/ozone/hadoop-ozone/integration-test"/>
    <property name="file.separator" value="/"/>
    <property name="line.separator" value="&#10;"/>
    <property name="java.vm.specification.vendor" value="Oracle Corporation"/>
    <property name="java.specification.name" value="Java Platform API Specification"/>
    <property name="java.awt.graphicsenv" value="sun.awt.X11GraphicsEnvironment"/>
    <property name="skip.installnpx" value="true"/>
    <property name="surefire.real.class.path" value="/home/runner/work/ozone/ozone/hadoop-ozone/integration-test/target/surefire/surefirebooter1726245310054376245.jar:/home/runner/.m2/repository/org/jacoco/org.jacoco.agent/0.8.5/org.jacoco.agent-0.8.5-runtime.jar"/>
    <property name="hadoop.log.dir" value="/home/runner/work/ozone/ozone/hadoop-ozone/integration-test/target/log"/>
    <property name="sun.boot.class.path" value="/usr/lib/jvm/temurin-8-jdk-amd64/jre/lib/resources.jar:/usr/lib/jvm/temurin-8-jdk-amd64/jre/lib/rt.jar:/usr/lib/jvm/temurin-8-jdk-amd64/jre/lib/sunrsasign.jar:/usr/lib/jvm/temurin-8-jdk-amd64/jre/lib/jsse.jar:/usr/lib/jvm/temurin-8-jdk-amd64/jre/lib/jce.jar:/usr/lib/jvm/temurin-8-jdk-amd64/jre/lib/charsets.jar:/usr/lib/jvm/temurin-8-jdk-amd64/jre/lib/jfr.jar:/usr/lib/jvm/temurin-8-jdk-amd64/jre/classes"/>
    <property name="sun.management.compiler" value="HotSpot 64-Bit Tiered Compilers"/>
    <property name="skip.npx" value="true"/>
    <property name="java.runtime.version" value="1.8.0_345-b01"/>
    <property name="java.net.preferIPv4Stack" value="true"/>
    <property name="user.name" value="runner"/>
    <property name="path.separator" value=":"/>
    <property name="java.security.egd" value="file:///dev/urandom"/>
    <property name="os.version" value="5.15.0-1022-azure"/>
    <property name="java.endorsed.dirs" value="/usr/lib/jvm/temurin-8-jdk-amd64/jre/lib/endorsed"/>
    <property name="java.runtime.name" value="OpenJDK Runtime Environment"/>
    <property name="file.encoding" value="UTF-8"/>
    <property name="java.vm.name" value="OpenJDK 64-Bit Server VM"/>
    <property name="test.build.webapps" value=""/>
    <property name="localRepository" value="/home/runner/.m2/repository"/>
    <property name="jetty.git.hash" value="4231a3b2e4cb8548a412a789936d640a97b1aa0a"/>
    <property name="java.vendor.url.bug" value="https://github.com/adoptium/adoptium-support/issues"/>
    <property name="java.io.tmpdir" value="/tmp"/>
    <property name="require.test.libhadoop" value=""/>
    <property name="java.version" value="1.8.0_345"/>
    <property name="user.dir" value="/home/runner/work/ozone/ozone/hadoop-ozone/integration-test"/>
    <property name="os.arch" value="amd64"/>
    <property name="java.vm.specification.name" value="Java Virtual Machine Specification"/>
    <property name="test.build.classes" value="/home/runner/work/ozone/ozone/hadoop-ozone/integration-test/target/test-classes"/>
    <property name="java.awt.printerjob" value="sun.print.PSPrinterJob"/>
    <property name="sun.os.patch.level" value="unknown"/>
    <property name="org.apache.ratis.thirdparty.io.netty.allocator.useCacheForAllThreads" value="false"/>
    <property name="hadoop.tmp.dir" value="/home/runner/work/ozone/ozone/hadoop-ozone/integration-test/target/tmp"/>
    <property name="java.library.path" value="/usr/java/packages/lib/amd64:/usr/lib64:/lib64:/lib:/usr/lib"/>
    <property name="java.vm.info" value="mixed mode"/>
    <property name="java.vendor" value="Temurin"/>
    <property name="java.vm.version" value="25.345-b01"/>
    <property name="java.ext.dirs" value="/usr/lib/jvm/temurin-8-jdk-amd64/jre/lib/ext:/usr/java/packages/lib/ext"/>
    <property name="sun.io.unicode.encoding" value="UnicodeLittle"/>
    <property name="java.class.version" value="52.0"/>
  </properties>
  <testcase name="testContainerRecoveryOverReplicationProcessing" classname="org.apache.hadoop.ozone.container.TestECContainerRecovery" time="106.758">
    <error type="java.util.concurrent.TimeoutException"><![CDATA[java.util.concurrent.TimeoutException: 
Timed out waiting for condition. Thread diagnostics:
Timestamp: 2022-10-30 01:08:27,413

"ChunkReader-3" daemon prio=5 tid=781 in Object.wait()
java.lang.Thread.State: WAITING (on object monitor)
        at sun.misc.Unsafe.park(Native Method)
        at java.util.concurrent.locks.LockSupport.park(LockSupport.java:175)
        at java.util.concurrent.locks.AbstractQueuedSynchronizer$ConditionObject.await(AbstractQueuedSynchronizer.java:2039)
        at java.util.concurrent.LinkedBlockingQueue.take(LinkedBlockingQueue.java:442)
        at java.util.concurrent.ThreadPoolExecutor.getTask(ThreadPoolExecutor.java:1074)
        at java.util.concurrent.ThreadPoolExecutor.runWorker(ThreadPoolExecutor.java:1134)
        at java.util.concurrent.ThreadPoolExecutor$Worker.run(ThreadPoolExecutor.java:624)
        at java.lang.Thread.run(Thread.java:750)
"timer7" daemon prio=5 tid=790 timed_waiting
java.lang.Thread.State: TIMED_WAITING
        at java.lang.Object.wait(Native Method)
        at java.util.TimerThread.mainLoop(Timer.java:552)
        at java.util.TimerThread.run(Timer.java:505)
"ChunkReader-2" daemon prio=5 tid=778 in Object.wait()
java.lang.Thread.State: WAITING (on object monitor)
        at sun.misc.Unsafe.park(Native Method)
        at java.util.concurrent.locks.LockSupport.park(LockSupport.java:175)
        at java.util.concurrent.locks.AbstractQueuedSynchronizer$ConditionObject.await(AbstractQueuedSynchronizer.java:2039)
        at java.util.concurrent.LinkedBlockingQueue.take(LinkedBlockingQueue.java:442)
        at java.util.concurrent.ThreadPoolExecutor.getTask(ThreadPoolExecutor.java:1074)
        at java.util.concurrent.ThreadPoolExecutor.runWorker(ThreadPoolExecutor.java:1134)
        at java.util.concurrent.ThreadPoolExecutor$Worker.run(ThreadPoolExecutor.java:624)
        at java.lang.Thread.run(Thread.java:750)
"57b0e5c4-d4d8-463c-8999-53af98295cd0-server-thread2" daemon prio=5 tid=891 timed_waiting
java.lang.Thread.State: TIMED_WAITING
        at sun.misc.Unsafe.park(Native Method)
        at java.util.concurrent.locks.LockSupport.parkNanos(LockSupport.java:215)
        at java.util.concurrent.SynchronousQueue$TransferStack.awaitFulfill(SynchronousQueue.java:460)
        at java.util.concurrent.SynchronousQueue$TransferStack.transfer(SynchronousQueue.java:362)
        at java.util.concurrent.SynchronousQueue.poll(SynchronousQueue.java:941)
        at java.util.concurrent.ThreadPoolExecutor.getTask(ThreadPoolExecutor.java:1073)
        at java.util.concurrent.ThreadPoolExecutor.runWorker(ThreadPoolExecutor.java:1134)
        at java.util.concurrent.ThreadPoolExecutor$Worker.run(ThreadPoolExecutor.java:624)
        at java.lang.Thread.run(Thread.java:750)
"Datanode State Machine Daemon Thread" daemon prio=5 tid=183 timed_waiting
java.lang.Thread.State: TIMED_WAITING
        at java.lang.Thread.sleep(Native Method)
        at org.apache.hadoop.ozone.container.common.statemachine.DatanodeStateMachine.startStateMachineThread(DatanodeStateMachine.java:321)
        at org.apache.hadoop.ozone.container.common.statemachine.DatanodeStateMachine.lambda$startDaemon$0(DatanodeStateMachine.java:506)
        at org.apache.hadoop.ozone.container.common.statemachine.DatanodeStateMachine$$Lambda$750/1660784802.run(Unknown Source)
        at java.lang.Thread.run(Thread.java:750)
"org.apache.hadoop.ozone.container.common.statemachine.commandhandler.DeleteBlocksCommandHandler$DeleteCmdWorker@3a09f2f5" daemon prio=5 tid=407 timed_waiting
java.lang.Thread.State: TIMED_WAITING
        at java.lang.Thread.sleep(Native Method)
        at org.apache.hadoop.ozone.container.common.statemachine.commandhandler.DeleteBlocksCommandHandler$DeleteCmdWorker.run(DeleteBlocksCommandHandler.java:183)
        at java.lang.Thread.run(Thread.java:750)
"Session-HouseKeeper-2f527fd5-1"  prio=5 tid=182 timed_waiting
java.lang.Thread.State: TIMED_WAITING
        at sun.misc.Unsafe.park(Native Method)
        at java.util.concurrent.locks.LockSupport.parkNanos(LockSupport.java:215)
        at java.util.concurrent.locks.AbstractQueuedSynchronizer$ConditionObject.awaitNanos(AbstractQueuedSynchronizer.java:2078)
        at java.util.concurrent.ScheduledThreadPoolExecutor$DelayedWorkQueue.take(ScheduledThreadPoolExecutor.java:1093)
        at java.util.concurrent.ScheduledThreadPoolExecutor$DelayedWorkQueue.take(ScheduledThreadPoolExecutor.java:809)
        at java.util.concurrent.ThreadPoolExecutor.getTask(ThreadPoolExecutor.java:1074)
        at java.util.concurrent.ThreadPoolExecutor.runWorker(ThreadPoolExecutor.java:1134)
        at java.util.concurrent.ThreadPoolExecutor$Worker.run(ThreadPoolExecutor.java:624)
        at java.lang.Thread.run(Thread.java:750)
"7f2965ec-2a1d-4c0b-a486-0150db937947-server-thread1" daemon prio=5 tid=848 timed_waiting
java.lang.Thread.State: TIMED_WAITING
        at sun.misc.Unsafe.park(Native Method)
        at java.util.concurrent.locks.LockSupport.parkNanos(LockSupport.java:215)
        at java.util.concurrent.SynchronousQueue$TransferStack.awaitFulfill(SynchronousQueue.java:460)
        at java.util.concurrent.SynchronousQueue$TransferStack.transfer(SynchronousQueue.java:362)
        at java.util.concurrent.SynchronousQueue.poll(SynchronousQueue.java:941)
        at java.util.concurrent.ThreadPoolExecutor.getTask(ThreadPoolExecutor.java:1073)
        at java.util.concurrent.ThreadPoolExecutor.runWorker(ThreadPoolExecutor.java:1134)
        at java.util.concurrent.ThreadPoolExecutor$Worker.run(ThreadPoolExecutor.java:624)
        at java.lang.Thread.run(Thread.java:750)
"7f2965ec-2a1d-4c0b-a486-0150db937947@group-C2E61F12FD9A-StateMachineUpdater" daemon prio=5 tid=592 timed_waiting
java.lang.Thread.State: TIMED_WAITING
        at sun.misc.Unsafe.park(Native Method)
        at java.util.concurrent.locks.LockSupport.parkNanos(LockSupport.java:215)
        at java.util.concurrent.CompletableFuture$Signaller.block(CompletableFuture.java:1709)
        at java.util.concurrent.ForkJoinPool.managedBlock(ForkJoinPool.java:3323)
        at java.util.concurrent.CompletableFuture.timedGet(CompletableFuture.java:1788)
        at java.util.concurrent.CompletableFuture.get(CompletableFuture.java:1928)
        at org.apache.ratis.util.AwaitForSignal.await(AwaitForSignal.java:56)
        at org.apache.ratis.server.impl.StateMachineUpdater.waitForCommit(StateMachineUpdater.java:207)
        at org.apache.ratis.server.impl.StateMachineUpdater.run(StateMachineUpdater.java:176)
        at java.lang.Thread.run(Thread.java:750)
"qtp113925453-373" daemon prio=5 tid=373 timed_waiting
java.lang.Thread.State: TIMED_WAITING
        at sun.misc.Unsafe.park(Native Method)
        at java.util.concurrent.locks.LockSupport.parkNanos(LockSupport.java:215)
        at java.util.concurrent.locks.AbstractQueuedSynchronizer$ConditionObject.awaitNanos(AbstractQueuedSynchronizer.java:2078)
        at org.eclipse.jetty.util.BlockingArrayQueue.poll(BlockingArrayQueue.java:382)
        at org.eclipse.jetty.util.thread.QueuedThreadPool$Runner.idleJobPoll(QueuedThreadPool.java:974)
        at org.eclipse.jetty.util.thread.QueuedThreadPool$Runner.run(QueuedThreadPool.java:1018)
        at java.lang.Thread.run(Thread.java:750)
"qtp1072948973-179" daemon prio=5 tid=179 timed_waiting
java.lang.Thread.State: TIMED_WAITING
        at sun.misc.Unsafe.park(Native Method)
        at java.util.concurrent.locks.LockSupport.parkNanos(LockSupport.java:215)
        at java.util.concurrent.locks.AbstractQueuedSynchronizer$ConditionObject.awaitNanos(AbstractQueuedSynchronizer.java:2078)
        at org.eclipse.jetty.util.BlockingArrayQueue.poll(BlockingArrayQueue.java:382)
        at org.eclipse.jetty.util.thread.QueuedThreadPool$Runner.idleJobPoll(QueuedThreadPool.java:974)
        at org.eclipse.jetty.util.thread.QueuedThreadPool$Runner.run(QueuedThreadPool.java:1018)
        at java.lang.Thread.run(Thread.java:750)
"Command processor thread" daemon prio=5 tid=386 timed_waiting
java.lang.Thread.State: TIMED_WAITING
        at java.lang.Thread.sleep(Native Method)
        at org.apache.hadoop.ozone.container.common.statemachine.DatanodeStateMachine.lambda$initCommandHandlerThread$3(DatanodeStateMachine.java:641)
        at org.apache.hadoop.ozone.container.common.statemachine.DatanodeStateMachine$$Lambda$752/502831613.run(Unknown Source)
        at java.lang.Thread.run(Thread.java:750)
"7f2965ec-2a1d-4c0b-a486-0150db937947@group-C5655235CD35-SegmentedRaftLogWorker"  prio=5 tid=586 timed_waiting
java.lang.Thread.State: TIMED_WAITING
        at sun.misc.Unsafe.park(Native Method)
        at java.util.concurrent.locks.LockSupport.parkNanos(LockSupport.java:215)
        at java.util.concurrent.locks.AbstractQueuedSynchronizer$ConditionObject.awaitNanos(AbstractQueuedSynchronizer.java:2078)
        at org.apache.ratis.util.DataBlockingQueue.poll(DataBlockingQueue.java:148)
        at org.apache.ratis.server.raftlog.segmented.SegmentedRaftLogWorker.run(SegmentedRaftLogWorker.java:310)
        at org.apache.ratis.server.raftlog.segmented.SegmentedRaftLogWorker$$Lambda$665/1346122915.run(Unknown Source)
        at java.lang.Thread.run(Thread.java:750)
"EventQueue-CloseContainerForCloseContainerEventHandler" daemon prio=5 tid=805 in Object.wait()
java.lang.Thread.State: WAITING (on object monitor)
        at sun.misc.Unsafe.park(Native Method)
        at java.util.concurrent.locks.LockSupport.park(LockSupport.java:175)
        at java.util.concurrent.locks.AbstractQueuedSynchronizer$ConditionObject.await(AbstractQueuedSynchronizer.java:2039)
        at java.util.concurrent.LinkedBlockingQueue.take(LinkedBlockingQueue.java:442)
        at java.util.concurrent.ThreadPoolExecutor.getTask(ThreadPoolExecutor.java:1074)
        at java.util.concurrent.ThreadPoolExecutor.runWorker(ThreadPoolExecutor.java:1134)
        at java.util.concurrent.ThreadPoolExecutor$Worker.run(ThreadPoolExecutor.java:624)
        at java.lang.Thread.run(Thread.java:750)
"Command processor thread" daemon prio=5 tid=474 timed_waiting
java.lang.Thread.State: TIMED_WAITING
        at java.lang.Thread.sleep(Native Method)
        at org.apache.hadoop.ozone.container.common.statemachine.DatanodeStateMachine.lambda$initCommandHandlerThread$3(DatanodeStateMachine.java:641)
        at org.apache.hadoop.ozone.container.common.statemachine.DatanodeStateMachine$$Lambda$752/502831613.run(Unknown Source)
        at java.lang.Thread.run(Thread.java:750)
"Datanode ReportManager Thread - 4" daemon prio=5 tid=425 in Object.wait()
java.lang.Thread.State: WAITING (on object monitor)
        at sun.misc.Unsafe.park(Native Method)
        at java.util.concurrent.locks.LockSupport.park(LockSupport.java:175)
        at java.util.concurrent.locks.AbstractQueuedSynchronizer$ConditionObject.await(AbstractQueuedSynchronizer.java:2039)
        at java.util.concurrent.ScheduledThreadPoolExecutor$DelayedWorkQueue.take(ScheduledThreadPoolExecutor.java:1088)
        at java.util.concurrent.ScheduledThreadPoolExecutor$DelayedWorkQueue.take(ScheduledThreadPoolExecutor.java:809)
        at java.util.concurrent.ThreadPoolExecutor.getTask(ThreadPoolExecutor.java:1074)
        at java.util.concurrent.ThreadPoolExecutor.runWorker(ThreadPoolExecutor.java:1134)
        at java.util.concurrent.ThreadPoolExecutor$Worker.run(ThreadPoolExecutor.java:624)
        at java.lang.Thread.run(Thread.java:750)
"pool-173-thread-1"  prio=5 tid=279 timed_waiting
java.lang.Thread.State: TIMED_WAITING
        at sun.misc.Unsafe.park(Native Method)
        at java.util.concurrent.locks.LockSupport.parkNanos(LockSupport.java:215)
        at java.util.concurrent.locks.AbstractQueuedSynchronizer$ConditionObject.awaitNanos(AbstractQueuedSynchronizer.java:2078)
        at java.util.concurrent.ScheduledThreadPoolExecutor$DelayedWorkQueue.take(ScheduledThreadPoolExecutor.java:1093)
        at java.util.concurrent.ScheduledThreadPoolExecutor$DelayedWorkQueue.take(ScheduledThreadPoolExecutor.java:809)
        at java.util.concurrent.ThreadPoolExecutor.getTask(ThreadPoolExecutor.java:1074)
        at java.util.concurrent.ThreadPoolExecutor.runWorker(ThreadPoolExecutor.java:1134)
        at java.util.concurrent.ThreadPoolExecutor$Worker.run(ThreadPoolExecutor.java:624)
        at java.lang.Thread.run(Thread.java:750)
"org.apache.hadoop.ozone.container.common.statemachine.commandhandler.DeleteBlocksCommandHandler$DeleteCmdWorker@4cc6713c" daemon prio=5 tid=226 timed_waiting
java.lang.Thread.State: TIMED_WAITING
        at java.lang.Thread.sleep(Native Method)
        at org.apache.hadoop.ozone.container.common.statemachine.commandhandler.DeleteBlocksCommandHandler$DeleteCmdWorker.run(DeleteBlocksCommandHandler.java:183)
        at java.lang.Thread.run(Thread.java:750)
"qtp1072341683-309" daemon prio=5 tid=309 timed_waiting
java.lang.Thread.State: TIMED_WAITING
        at sun.misc.Unsafe.park(Native Method)
        at java.util.concurrent.locks.LockSupport.parkNanos(LockSupport.java:215)
        at java.util.concurrent.locks.AbstractQueuedSynchronizer$ConditionObject.awaitNanos(AbstractQueuedSynchronizer.java:2078)
        at org.eclipse.jetty.util.BlockingArrayQueue.poll(BlockingArrayQueue.java:382)
        at org.eclipse.jetty.util.thread.QueuedThreadPool$Runner.idleJobPoll(QueuedThreadPool.java:974)
        at org.eclipse.jetty.util.thread.QueuedThreadPool$Runner.run(QueuedThreadPool.java:1018)
        at java.lang.Thread.run(Thread.java:750)
"ChunkWriter-3-0" daemon prio=5 tid=552 in Object.wait()
java.lang.Thread.State: WAITING (on object monitor)
        at sun.misc.Unsafe.park(Native Method)
        at java.util.concurrent.locks.LockSupport.park(LockSupport.java:175)
        at java.util.concurrent.locks.AbstractQueuedSynchronizer$ConditionObject.await(AbstractQueuedSynchronizer.java:2039)
        at java.util.concurrent.LinkedBlockingDeque.takeFirst(LinkedBlockingDeque.java:492)
        at java.util.concurrent.LinkedBlockingDeque.take(LinkedBlockingDeque.java:680)
        at java.util.concurrent.ThreadPoolExecutor.getTask(ThreadPoolExecutor.java:1074)
        at java.util.concurrent.ThreadPoolExecutor.runWorker(ThreadPoolExecutor.java:1134)
        at java.util.concurrent.ThreadPoolExecutor$Worker.run(ThreadPoolExecutor.java:624)
        at java.lang.Thread.run(Thread.java:750)
"qtp1678529210-454" daemon prio=5 tid=454 timed_waiting
java.lang.Thread.State: TIMED_WAITING
        at sun.misc.Unsafe.park(Native Method)
        at java.util.concurrent.locks.LockSupport.parkNanos(LockSupport.java:215)
        at java.util.concurrent.locks.AbstractQueuedSynchronizer$ConditionObject.awaitNanos(AbstractQueuedSynchronizer.java:2078)
        at org.eclipse.jetty.util.BlockingArrayQueue.poll(BlockingArrayQueue.java:382)
        at org.eclipse.jetty.util.thread.QueuedThreadPool$Runner.idleJobPoll(QueuedThreadPool.java:974)
        at org.eclipse.jetty.util.thread.QueuedThreadPool$Runner.run(QueuedThreadPool.java:1018)
        at java.lang.Thread.run(Thread.java:750)
"qtp1266321027-413" daemon prio=5 tid=413 timed_waiting
java.lang.Thread.State: TIMED_WAITING
        at sun.misc.Unsafe.park(Native Method)
        at java.util.concurrent.locks.LockSupport.parkNanos(LockSupport.java:215)
        at java.util.concurrent.locks.AbstractQueuedSynchronizer$ConditionObject.awaitNanos(AbstractQueuedSynchronizer.java:2078)
        at org.eclipse.jetty.util.BlockingArrayQueue.poll(BlockingArrayQueue.java:382)
        at org.eclipse.jetty.util.thread.QueuedThreadPool$Runner.idleJobPoll(QueuedThreadPool.java:974)
        at org.eclipse.jetty.util.thread.QueuedThreadPool$Runner.run(QueuedThreadPool.java:1018)
        at java.lang.Thread.run(Thread.java:750)
"qtp406153553-105" daemon prio=5 tid=105 timed_waiting
java.lang.Thread.State: TIMED_WAITING
        at sun.misc.Unsafe.park(Native Method)
        at java.util.concurrent.locks.LockSupport.parkNanos(LockSupport.java:215)
        at java.util.concurrent.locks.AbstractQueuedSynchronizer$ConditionObject.awaitNanos(AbstractQueuedSynchronizer.java:2078)
        at org.eclipse.jetty.util.BlockingArrayQueue.poll(BlockingArrayQueue.java:382)
        at org.eclipse.jetty.util.thread.QueuedThreadPool$Runner.idleJobPoll(QueuedThreadPool.java:974)
        at org.eclipse.jetty.util.thread.QueuedThreadPool$Runner.run(QueuedThreadPool.java:1018)
        at java.lang.Thread.run(Thread.java:750)
"pool-141-thread-1"  prio=5 tid=606 in Object.wait()
java.lang.Thread.State: WAITING (on object monitor)
        at sun.misc.Unsafe.park(Native Method)
        at java.util.concurrent.locks.LockSupport.park(LockSupport.java:175)
        at java.util.concurrent.locks.AbstractQueuedSynchronizer$ConditionObject.await(AbstractQueuedSynchronizer.java:2039)
        at java.util.concurrent.LinkedBlockingQueue.take(LinkedBlockingQueue.java:442)
        at java.util.concurrent.ThreadPoolExecutor.getTask(ThreadPoolExecutor.java:1074)
        at java.util.concurrent.ThreadPoolExecutor.runWorker(ThreadPoolExecutor.java:1134)
        at java.util.concurrent.ThreadPoolExecutor$Worker.run(ThreadPoolExecutor.java:624)
        at java.lang.Thread.run(Thread.java:750)
"BlockDeletingService#1" daemon prio=5 tid=366 timed_waiting
java.lang.Thread.State: TIMED_WAITING
        at sun.misc.Unsafe.park(Native Method)
        at java.util.concurrent.locks.LockSupport.parkNanos(LockSupport.java:215)
        at java.util.concurrent.locks.AbstractQueuedSynchronizer$ConditionObject.awaitNanos(AbstractQueuedSynchronizer.java:2078)
        at java.util.concurrent.ScheduledThreadPoolExecutor$DelayedWorkQueue.take(ScheduledThreadPoolExecutor.java:1093)
        at java.util.concurrent.ScheduledThreadPoolExecutor$DelayedWorkQueue.take(ScheduledThreadPoolExecutor.java:809)
        at java.util.concurrent.ThreadPoolExecutor.getTask(ThreadPoolExecutor.java:1074)
        at java.util.concurrent.ThreadPoolExecutor.runWorker(ThreadPoolExecutor.java:1134)
        at java.util.concurrent.ThreadPoolExecutor$Worker.run(ThreadPoolExecutor.java:624)
        at java.lang.Thread.run(Thread.java:750)
"edb0f50d-ef97-4088-a20b-1c61b9a9d6ec@group-4FB6838A530A-LeaderStateImpl" daemon prio=5 tid=697 timed_waiting
java.lang.Thread.State: TIMED_WAITING
        at sun.misc.Unsafe.park(Native Method)
        at java.util.concurrent.locks.LockSupport.parkNanos(LockSupport.java:215)
        at java.util.concurrent.locks.AbstractQueuedSynchronizer$ConditionObject.awaitNanos(AbstractQueuedSynchronizer.java:2078)
        at java.util.concurrent.ArrayBlockingQueue.poll(ArrayBlockingQueue.java:418)
        at org.apache.ratis.server.impl.LeaderStateImpl$EventQueue.poll(LeaderStateImpl.java:159)
        at org.apache.ratis.server.impl.LeaderStateImpl$EventProcessor.run(LeaderStateImpl.java:630)
"ChunkWriter-0-0" daemon prio=5 tid=491 in Object.wait()
java.lang.Thread.State: WAITING (on object monitor)
        at sun.misc.Unsafe.park(Native Method)
        at java.util.concurrent.locks.LockSupport.park(LockSupport.java:175)
        at java.util.concurrent.locks.AbstractQueuedSynchronizer$ConditionObject.await(AbstractQueuedSynchronizer.java:2039)
        at java.util.concurrent.LinkedBlockingDeque.takeFirst(LinkedBlockingDeque.java:492)
        at java.util.concurrent.LinkedBlockingDeque.take(LinkedBlockingDeque.java:680)
        at java.util.concurrent.ThreadPoolExecutor.getTask(ThreadPoolExecutor.java:1074)
        at java.util.concurrent.ThreadPoolExecutor.runWorker(ThreadPoolExecutor.java:1134)
        at java.util.concurrent.ThreadPoolExecutor$Worker.run(ThreadPoolExecutor.java:624)
        at java.lang.Thread.run(Thread.java:750)
"7f2965ec-2a1d-4c0b-a486-0150db937947@group-FF047A9E459C-LeaderStateImpl" daemon prio=5 tid=690 timed_waiting
java.lang.Thread.State: TIMED_WAITING
        at sun.misc.Unsafe.park(Native Method)
        at java.util.concurrent.locks.LockSupport.parkNanos(LockSupport.java:215)
        at java.util.concurrent.locks.AbstractQueuedSynchronizer$ConditionObject.awaitNanos(AbstractQueuedSynchronizer.java:2078)
        at java.util.concurrent.ArrayBlockingQueue.poll(ArrayBlockingQueue.java:418)
        at org.apache.ratis.server.impl.LeaderStateImpl$EventQueue.poll(LeaderStateImpl.java:159)
        at org.apache.ratis.server.impl.LeaderStateImpl$EventProcessor.run(LeaderStateImpl.java:630)
"ChunkWriter-2-0" daemon prio=5 tid=551 in Object.wait()
java.lang.Thread.State: WAITING (on object monitor)
        at sun.misc.Unsafe.park(Native Method)
        at java.util.concurrent.locks.LockSupport.park(LockSupport.java:175)
        at java.util.concurrent.locks.AbstractQueuedSynchronizer$ConditionObject.await(AbstractQueuedSynchronizer.java:2039)
        at java.util.concurrent.LinkedBlockingDeque.takeFirst(LinkedBlockingDeque.java:492)
        at java.util.concurrent.LinkedBlockingDeque.take(LinkedBlockingDeque.java:680)
        at java.util.concurrent.ThreadPoolExecutor.getTask(ThreadPoolExecutor.java:1074)
        at java.util.concurrent.ThreadPoolExecutor.runWorker(ThreadPoolExecutor.java:1134)
        at java.util.concurrent.ThreadPoolExecutor$Worker.run(ThreadPoolExecutor.java:624)
        at java.lang.Thread.run(Thread.java:750)
"org.apache.hadoop.ozone.container.common.statemachine.commandhandler.DeleteBlocksCommandHandler$DeleteCmdWorker@658dc941" daemon prio=5 tid=445 timed_waiting
java.lang.Thread.State: TIMED_WAITING
        at java.lang.Thread.sleep(Native Method)
        at org.apache.hadoop.ozone.container.common.statemachine.commandhandler.DeleteBlocksCommandHandler$DeleteCmdWorker.run(DeleteBlocksCommandHandler.java:183)
        at java.lang.Thread.run(Thread.java:750)
"qtp1678529210-452" daemon prio=5 tid=452 timed_waiting
java.lang.Thread.State: TIMED_WAITING
        at sun.misc.Unsafe.park(Native Method)
        at java.util.concurrent.locks.LockSupport.parkNanos(LockSupport.java:215)
        at java.util.concurrent.locks.AbstractQueuedSynchronizer$ConditionObject.awaitNanos(AbstractQueuedSynchronizer.java:2078)
        at org.eclipse.jetty.util.BlockingArrayQueue.poll(BlockingArrayQueue.java:382)
        at org.eclipse.jetty.util.thread.QueuedThreadPool$Runner.idleJobPoll(QueuedThreadPool.java:974)
        at org.eclipse.jetty.util.thread.QueuedThreadPool$Runner.run(QueuedThreadPool.java:1018)
        at java.lang.Thread.run(Thread.java:750)
"qtp1072341683-312" daemon prio=5 tid=312 timed_waiting
java.lang.Thread.State: TIMED_WAITING
        at sun.misc.Unsafe.park(Native Method)
        at java.util.concurrent.locks.LockSupport.parkNanos(LockSupport.java:215)
        at java.util.concurrent.locks.AbstractQueuedSynchronizer$ConditionObject.awaitNanos(AbstractQueuedSynchronizer.java:2078)
        at org.eclipse.jetty.util.BlockingArrayQueue.poll(BlockingArrayQueue.java:382)
        at org.eclipse.jetty.util.thread.QueuedThreadPool$Runner.idleJobPoll(QueuedThreadPool.java:974)
        at org.eclipse.jetty.util.thread.QueuedThreadPool$Runner.run(QueuedThreadPool.java:1018)
        at java.lang.Thread.run(Thread.java:750)
"qtp1596017970-231" daemon prio=5 tid=231 timed_waiting
java.lang.Thread.State: TIMED_WAITING
        at sun.misc.Unsafe.park(Native Method)
        at java.util.concurrent.locks.LockSupport.parkNanos(LockSupport.java:215)
        at java.util.concurrent.locks.AbstractQueuedSynchronizer$ConditionObject.awaitNanos(AbstractQueuedSynchronizer.java:2078)
        at org.eclipse.jetty.util.BlockingArrayQueue.poll(BlockingArrayQueue.java:382)
        at org.eclipse.jetty.util.thread.QueuedThreadPool$Runner.idleJobPoll(QueuedThreadPool.java:974)
        at org.eclipse.jetty.util.thread.QueuedThreadPool$Runner.run(QueuedThreadPool.java:1018)
        at java.lang.Thread.run(Thread.java:750)
"IPC Server handler 3 on default port 42013" daemon prio=5 tid=147 timed_waiting
java.lang.Thread.State: TIMED_WAITING
        at sun.misc.Unsafe.park(Native Method)
        at java.util.concurrent.locks.LockSupport.parkNanos(LockSupport.java:215)
        at java.util.concurrent.locks.AbstractQueuedSynchronizer$ConditionObject.awaitNanos(AbstractQueuedSynchronizer.java:2078)
        at java.util.concurrent.LinkedBlockingQueue.poll(LinkedBlockingQueue.java:467)
        at org.apache.hadoop.ipc.CallQueueManager.take(CallQueueManager.java:317)
        at org.apache.hadoop.ipc.Server$Handler.run(Server.java:2942)
"pool-55-thread-1"  prio=5 tid=117 in Object.wait()
java.lang.Thread.State: WAITING (on object monitor)
        at sun.misc.Unsafe.park(Native Method)
        at java.util.concurrent.locks.LockSupport.park(LockSupport.java:175)
        at java.util.concurrent.locks.AbstractQueuedSynchronizer$ConditionObject.await(AbstractQueuedSynchronizer.java:2039)
        at java.util.concurrent.LinkedBlockingQueue.take(LinkedBlockingQueue.java:442)
        at java.util.concurrent.ThreadPoolExecutor.getTask(ThreadPoolExecutor.java:1074)
        at java.util.concurrent.ThreadPoolExecutor.runWorker(ThreadPoolExecutor.java:1134)
        at java.util.concurrent.ThreadPoolExecutor$Worker.run(ThreadPoolExecutor.java:624)
        at java.lang.Thread.run(Thread.java:750)
"IPC Server handler 10 on default port 41145" daemon prio=5 tid=67 timed_waiting
java.lang.Thread.State: TIMED_WAITING
        at sun.misc.Unsafe.park(Native Method)
        at java.util.concurrent.locks.LockSupport.parkNanos(LockSupport.java:215)
        at java.util.concurrent.locks.AbstractQueuedSynchronizer$ConditionObject.awaitNanos(AbstractQueuedSynchronizer.java:2078)
        at java.util.concurrent.LinkedBlockingQueue.poll(LinkedBlockingQueue.java:467)
        at org.apache.hadoop.ipc.CallQueueManager.take(CallQueueManager.java:317)
        at org.apache.hadoop.ipc.Server$Handler.run(Server.java:2942)
"Datanode ReportManager Thread - 2" daemon prio=5 tid=423 timed_waiting
java.lang.Thread.State: TIMED_WAITING
        at sun.misc.Unsafe.park(Native Method)
        at java.util.concurrent.locks.LockSupport.parkNanos(LockSupport.java:215)
        at java.util.concurrent.locks.AbstractQueuedSynchronizer$ConditionObject.awaitNanos(AbstractQueuedSynchronizer.java:2078)
        at java.util.concurrent.ScheduledThreadPoolExecutor$DelayedWorkQueue.take(ScheduledThreadPoolExecutor.java:1093)
        at java.util.concurrent.ScheduledThreadPoolExecutor$DelayedWorkQueue.take(ScheduledThreadPoolExecutor.java:809)
        at java.util.concurrent.ThreadPoolExecutor.getTask(ThreadPoolExecutor.java:1074)
        at java.util.concurrent.ThreadPoolExecutor.runWorker(ThreadPoolExecutor.java:1134)
        at java.util.concurrent.ThreadPoolExecutor$Worker.run(ThreadPoolExecutor.java:624)
        at java.lang.Thread.run(Thread.java:750)
"ChunkReader-0" daemon prio=5 tid=759 in Object.wait()
java.lang.Thread.State: WAITING (on object monitor)
        at sun.misc.Unsafe.park(Native Method)
        at java.util.concurrent.locks.LockSupport.park(LockSupport.java:175)
        at java.util.concurrent.locks.AbstractQueuedSynchronizer$ConditionObject.await(AbstractQueuedSynchronizer.java:2039)
        at java.util.concurrent.LinkedBlockingQueue.take(LinkedBlockingQueue.java:442)
        at java.util.concurrent.ThreadPoolExecutor.getTask(ThreadPoolExecutor.java:1074)
        at java.util.concurrent.ThreadPoolExecutor.runWorker(ThreadPoolExecutor.java:1134)
        at java.util.concurrent.ThreadPoolExecutor$Worker.run(ThreadPoolExecutor.java:624)
        at java.lang.Thread.run(Thread.java:750)
"grpc-default-boss-ELG-1-1" daemon prio=5 tid=128 runnable
java.lang.Thread.State: RUNNABLE
        at org.apache.ratis.thirdparty.io.netty.channel.epoll.Native.epollWait(Native Method)
        at org.apache.ratis.thirdparty.io.netty.channel.epoll.Native.epollWait(Native.java:209)
        at org.apache.ratis.thirdparty.io.netty.channel.epoll.Native.epollWait(Native.java:202)
        at org.apache.ratis.thirdparty.io.netty.channel.epoll.EpollEventLoop.epollWaitNoTimerChange(EpollEventLoop.java:294)
        at org.apache.ratis.thirdparty.io.netty.channel.epoll.EpollEventLoop.run(EpollEventLoop.java:351)
        at org.apache.ratis.thirdparty.io.netty.util.concurrent.SingleThreadEventExecutor$4.run(SingleThreadEventExecutor.java:995)
        at org.apache.ratis.thirdparty.io.netty.util.internal.ThreadExecutorMap$2.run(ThreadExecutorMap.java:74)
        at org.apache.ratis.thirdparty.io.netty.util.concurrent.FastThreadLocalRunnable.run(FastThreadLocalRunnable.java:30)
        at java.lang.Thread.run(Thread.java:750)
"IPC Server handler 17 on default port 42013" daemon prio=5 tid=161 timed_waiting
java.lang.Thread.State: TIMED_WAITING
        at sun.misc.Unsafe.park(Native Method)
        at java.util.concurrent.locks.LockSupport.parkNanos(LockSupport.java:215)
        at java.util.concurrent.locks.AbstractQueuedSynchronizer$ConditionObject.awaitNanos(AbstractQueuedSynchronizer.java:2078)
        at java.util.concurrent.LinkedBlockingQueue.poll(LinkedBlockingQueue.java:467)
        at org.apache.hadoop.ipc.CallQueueManager.take(CallQueueManager.java:317)
        at org.apache.hadoop.ipc.Server$Handler.run(Server.java:2942)
"qtp1596017970-235" daemon prio=5 tid=235 timed_waiting
java.lang.Thread.State: TIMED_WAITING
        at sun.misc.Unsafe.park(Native Method)
        at java.util.concurrent.locks.LockSupport.parkNanos(LockSupport.java:215)
        at java.util.concurrent.locks.AbstractQueuedSynchronizer$ConditionObject.awaitNanos(AbstractQueuedSynchronizer.java:2078)
        at org.eclipse.jetty.util.BlockingArrayQueue.poll(BlockingArrayQueue.java:382)
        at org.eclipse.jetty.util.thread.QueuedThreadPool$Runner.idleJobPoll(QueuedThreadPool.java:974)
        at org.eclipse.jetty.util.thread.QueuedThreadPool$Runner.run(QueuedThreadPool.java:1018)
        at java.lang.Thread.run(Thread.java:750)
"qtp703849415-138" daemon prio=5 tid=138 timed_waiting
java.lang.Thread.State: TIMED_WAITING
        at sun.misc.Unsafe.park(Native Method)
        at java.util.concurrent.locks.LockSupport.parkNanos(LockSupport.java:215)
        at java.util.concurrent.locks.AbstractQueuedSynchronizer$ConditionObject.awaitNanos(AbstractQueuedSynchronizer.java:2078)
        at org.eclipse.jetty.util.BlockingArrayQueue.poll(BlockingArrayQueue.java:382)
        at org.eclipse.jetty.util.thread.QueuedThreadPool$Runner.idleJobPoll(QueuedThreadPool.java:974)
        at org.eclipse.jetty.util.thread.QueuedThreadPool$Runner.run(QueuedThreadPool.java:1018)
        at java.lang.Thread.run(Thread.java:750)
"om1-client-thread1" daemon prio=5 tid=747 timed_waiting
java.lang.Thread.State: TIMED_WAITING
        at sun.misc.Unsafe.park(Native Method)
        at java.util.concurrent.locks.LockSupport.parkNanos(LockSupport.java:215)
        at java.util.concurrent.SynchronousQueue$TransferStack.awaitFulfill(SynchronousQueue.java:460)
        at java.util.concurrent.SynchronousQueue$TransferStack.transfer(SynchronousQueue.java:362)
        at java.util.concurrent.SynchronousQueue.poll(SynchronousQueue.java:941)
        at java.util.concurrent.ThreadPoolExecutor.getTask(ThreadPoolExecutor.java:1073)
        at java.util.concurrent.ThreadPoolExecutor.runWorker(ThreadPoolExecutor.java:1134)
        at java.util.concurrent.ThreadPoolExecutor$Worker.run(ThreadPoolExecutor.java:624)
        at java.lang.Thread.run(Thread.java:750)
"grpc-default-executor-3" daemon prio=5 tid=713 timed_waiting
java.lang.Thread.State: TIMED_WAITING
        at sun.misc.Unsafe.park(Native Method)
        at java.util.concurrent.locks.LockSupport.parkNanos(LockSupport.java:215)
        at java.util.concurrent.SynchronousQueue$TransferStack.awaitFulfill(SynchronousQueue.java:460)
        at java.util.concurrent.SynchronousQueue$TransferStack.transfer(SynchronousQueue.java:362)
        at java.util.concurrent.SynchronousQueue.poll(SynchronousQueue.java:941)
        at java.util.concurrent.ThreadPoolExecutor.getTask(ThreadPoolExecutor.java:1073)
        at java.util.concurrent.ThreadPoolExecutor.runWorker(ThreadPoolExecutor.java:1134)
        at java.util.concurrent.ThreadPoolExecutor$Worker.run(ThreadPoolExecutor.java:624)
        at java.lang.Thread.run(Thread.java:750)
"Periodic HDDS volume checker" daemon prio=5 tid=193 timed_waiting
java.lang.Thread.State: TIMED_WAITING
        at sun.misc.Unsafe.park(Native Method)
        at java.util.concurrent.locks.LockSupport.parkNanos(LockSupport.java:215)
        at java.util.concurrent.locks.AbstractQueuedSynchronizer$ConditionObject.awaitNanos(AbstractQueuedSynchronizer.java:2078)
        at java.util.concurrent.ScheduledThreadPoolExecutor$DelayedWorkQueue.take(ScheduledThreadPoolExecutor.java:1093)
        at java.util.concurrent.ScheduledThreadPoolExecutor$DelayedWorkQueue.take(ScheduledThreadPoolExecutor.java:809)
        at java.util.concurrent.ThreadPoolExecutor.getTask(ThreadPoolExecutor.java:1074)
        at java.util.concurrent.ThreadPoolExecutor.runWorker(ThreadPoolExecutor.java:1134)
        at java.util.concurrent.ThreadPoolExecutor$Worker.run(ThreadPoolExecutor.java:624)
        at java.lang.Thread.run(Thread.java:750)
"Socket Reader #1 for port 0"  prio=5 tid=121 runnable
java.lang.Thread.State: RUNNABLE
        at sun.nio.ch.EPollArrayWrapper.epollWait(Native Method)
        at sun.nio.ch.EPollArrayWrapper.poll(EPollArrayWrapper.java:269)
        at sun.nio.ch.EPollSelectorImpl.doSelect(EPollSelectorImpl.java:93)
        at sun.nio.ch.SelectorImpl.lockAndDoSelect(SelectorImpl.java:86)
        at sun.nio.ch.SelectorImpl.select(SelectorImpl.java:97)
        at sun.nio.ch.SelectorImpl.select(SelectorImpl.java:101)
        at org.apache.hadoop.ipc.Server$Listener$Reader.doRunLoop(Server.java:1296)
        at org.apache.hadoop.ipc.Server$Listener$Reader.run(Server.java:1275)
"grpc-default-executor-6" daemon prio=5 tid=720 timed_waiting
java.lang.Thread.State: TIMED_WAITING
        at sun.misc.Unsafe.park(Native Method)
        at java.util.concurrent.locks.LockSupport.parkNanos(LockSupport.java:215)
        at java.util.concurrent.SynchronousQueue$TransferStack.awaitFulfill(SynchronousQueue.java:460)
        at java.util.concurrent.SynchronousQueue$TransferStack.transfer(SynchronousQueue.java:362)
        at java.util.concurrent.SynchronousQueue.poll(SynchronousQueue.java:941)
        at java.util.concurrent.ThreadPoolExecutor.getTask(ThreadPoolExecutor.java:1073)
        at java.util.concurrent.ThreadPoolExecutor.runWorker(ThreadPoolExecutor.java:1134)
        at java.util.concurrent.ThreadPoolExecutor$Worker.run(ThreadPoolExecutor.java:624)
        at java.lang.Thread.run(Thread.java:750)
"Datanode ReportManager Thread - 4" daemon prio=5 tid=242 in Object.wait()
java.lang.Thread.State: WAITING (on object monitor)
        at sun.misc.Unsafe.park(Native Method)
        at java.util.concurrent.locks.LockSupport.park(LockSupport.java:175)
        at java.util.concurrent.locks.AbstractQueuedSynchronizer$ConditionObject.await(AbstractQueuedSynchronizer.java:2039)
        at java.util.concurrent.ScheduledThreadPoolExecutor$DelayedWorkQueue.take(ScheduledThreadPoolExecutor.java:1088)
        at java.util.concurrent.ScheduledThreadPoolExecutor$DelayedWorkQueue.take(ScheduledThreadPoolExecutor.java:809)
        at java.util.concurrent.ThreadPoolExecutor.getTask(ThreadPoolExecutor.java:1074)
        at java.util.concurrent.ThreadPoolExecutor.runWorker(ThreadPoolExecutor.java:1134)
        at java.util.concurrent.ThreadPoolExecutor$Worker.run(ThreadPoolExecutor.java:624)
        at java.lang.Thread.run(Thread.java:750)
"PartialTableCache Cleanup Thread - 0" daemon prio=5 tid=894 in Object.wait()
java.lang.Thread.State: WAITING (on object monitor)
        at sun.misc.Unsafe.park(Native Method)
        at java.util.concurrent.locks.LockSupport.park(LockSupport.java:175)
        at java.util.concurrent.locks.AbstractQueuedSynchronizer$ConditionObject.await(AbstractQueuedSynchronizer.java:2039)
        at java.util.concurrent.LinkedBlockingQueue.take(LinkedBlockingQueue.java:442)
        at java.util.concurrent.ThreadPoolExecutor.getTask(ThreadPoolExecutor.java:1074)
        at java.util.concurrent.ThreadPoolExecutor.runWorker(ThreadPoolExecutor.java:1134)
        at java.util.concurrent.ThreadPoolExecutor$Worker.run(ThreadPoolExecutor.java:624)
        at java.lang.Thread.run(Thread.java:750)
"BackgroundPipelineScrubberThread" daemon prio=5 tid=16 timed_waiting
java.lang.Thread.State: TIMED_WAITING
        at java.lang.Object.wait(Native Method)
        at org.apache.hadoop.hdds.scm.ha.BackgroundSCMService.run(BackgroundSCMService.java:110)
        at org.apache.hadoop.hdds.scm.ha.BackgroundSCMService$$Lambda$375/566105282.run(Unknown Source)
        at java.lang.Thread.run(Thread.java:750)
"Datanode ReportManager Thread - 3" daemon prio=5 tid=319 in Object.wait()
java.lang.Thread.State: WAITING (on object monitor)
        at sun.misc.Unsafe.park(Native Method)
        at java.util.concurrent.locks.LockSupport.park(LockSupport.java:175)
        at java.util.concurrent.locks.AbstractQueuedSynchronizer$ConditionObject.await(AbstractQueuedSynchronizer.java:2039)
        at java.util.concurrent.ScheduledThreadPoolExecutor$DelayedWorkQueue.take(ScheduledThreadPoolExecutor.java:1088)
        at java.util.concurrent.ScheduledThreadPoolExecutor$DelayedWorkQueue.take(ScheduledThreadPoolExecutor.java:809)
        at java.util.concurrent.ThreadPoolExecutor.getTask(ThreadPoolExecutor.java:1074)
        at java.util.concurrent.ThreadPoolExecutor.runWorker(ThreadPoolExecutor.java:1134)
        at java.util.concurrent.ThreadPoolExecutor$Worker.run(ThreadPoolExecutor.java:624)
        at java.lang.Thread.run(Thread.java:750)
"om1@group-C5BA1605619E-LeaderStateImpl" daemon prio=5 tid=210 timed_waiting
java.lang.Thread.State: TIMED_WAITING
        at sun.misc.Unsafe.park(Native Method)
        at java.util.concurrent.locks.LockSupport.parkNanos(LockSupport.java:215)
        at java.util.concurrent.locks.AbstractQueuedSynchronizer$ConditionObject.awaitNanos(AbstractQueuedSynchronizer.java:2078)
        at java.util.concurrent.ArrayBlockingQueue.poll(ArrayBlockingQueue.java:418)
        at org.apache.ratis.server.impl.LeaderStateImpl$EventQueue.poll(LeaderStateImpl.java:159)
        at org.apache.ratis.server.impl.LeaderStateImpl$EventProcessor.run(LeaderStateImpl.java:630)
"om1@group-C5BA1605619E-SegmentedRaftLogWorker"  prio=5 tid=125 timed_waiting
java.lang.Thread.State: TIMED_WAITING
        at sun.misc.Unsafe.park(Native Method)
        at java.util.concurrent.locks.LockSupport.parkNanos(LockSupport.java:215)
        at java.util.concurrent.locks.AbstractQueuedSynchronizer$ConditionObject.awaitNanos(AbstractQueuedSynchronizer.java:2078)
        at org.apache.ratis.util.DataBlockingQueue.poll(DataBlockingQueue.java:148)
        at org.apache.ratis.server.raftlog.segmented.SegmentedRaftLogWorker.run(SegmentedRaftLogWorker.java:310)
        at org.apache.ratis.server.raftlog.segmented.SegmentedRaftLogWorker$$Lambda$665/1346122915.run(Unknown Source)
        at java.lang.Thread.run(Thread.java:750)
"Datanode ReportManager Thread - 4" daemon prio=5 tid=216 in Object.wait()
java.lang.Thread.State: WAITING (on object monitor)
        at sun.misc.Unsafe.park(Native Method)
        at java.util.concurrent.locks.LockSupport.park(LockSupport.java:175)
        at java.util.concurrent.locks.AbstractQueuedSynchronizer$ConditionObject.await(AbstractQueuedSynchronizer.java:2039)
        at java.util.concurrent.ScheduledThreadPoolExecutor$DelayedWorkQueue.take(ScheduledThreadPoolExecutor.java:1088)
        at java.util.concurrent.ScheduledThreadPoolExecutor$DelayedWorkQueue.take(ScheduledThreadPoolExecutor.java:809)
        at java.util.concurrent.ThreadPoolExecutor.getTask(ThreadPoolExecutor.java:1074)
        at java.util.concurrent.ThreadPoolExecutor.runWorker(ThreadPoolExecutor.java:1134)
        at java.util.concurrent.ThreadPoolExecutor$Worker.run(ThreadPoolExecutor.java:624)
        at java.lang.Thread.run(Thread.java:750)
"IPC Server handler 17 on default port 32861" daemon prio=5 tid=54 timed_waiting
java.lang.Thread.State: TIMED_WAITING
        at sun.misc.Unsafe.park(Native Method)
        at java.util.concurrent.locks.LockSupport.parkNanos(LockSupport.java:215)
        at java.util.concurrent.locks.AbstractQueuedSynchronizer$ConditionObject.awaitNanos(AbstractQueuedSynchronizer.java:2078)
        at java.util.concurrent.LinkedBlockingQueue.poll(LinkedBlockingQueue.java:467)
        at org.apache.hadoop.ipc.CallQueueManager.take(CallQueueManager.java:317)
        at org.apache.hadoop.ipc.Server$Handler.run(Server.java:2942)
"edb0f50d-ef97-4088-a20b-1c61b9a9d6ec@group-0252A98196AF-FollowerState" daemon prio=5 tid=882 timed_waiting
java.lang.Thread.State: TIMED_WAITING
        at java.lang.Thread.sleep(Native Method)
        at java.lang.Thread.sleep(Thread.java:342)
        at java.util.concurrent.TimeUnit.sleep(TimeUnit.java:386)
        at org.apache.ratis.util.TimeDuration.sleep(TimeDuration.java:325)
        at org.apache.ratis.util.TimeDuration.sleep(TimeDuration.java:310)
        at org.apache.ratis.server.impl.FollowerState.run(FollowerState.java:128)
"Datanode State Machine Task Thread - 1"  prio=5 tid=547 in Object.wait()
java.lang.Thread.State: WAITING (on object monitor)
        at sun.misc.Unsafe.park(Native Method)
        at java.util.concurrent.locks.LockSupport.park(LockSupport.java:175)
        at java.util.concurrent.locks.AbstractQueuedSynchronizer$ConditionObject.await(AbstractQueuedSynchronizer.java:2039)
        at java.util.concurrent.LinkedBlockingQueue.take(LinkedBlockingQueue.java:442)
        at java.util.concurrent.ThreadPoolExecutor.getTask(ThreadPoolExecutor.java:1074)
        at java.util.concurrent.ThreadPoolExecutor.runWorker(ThreadPoolExecutor.java:1134)
        at java.util.concurrent.ThreadPoolExecutor$Worker.run(ThreadPoolExecutor.java:624)
        at java.lang.Thread.run(Thread.java:750)
"7f2965ec-2a1d-4c0b-a486-0150db937947@group-C2E61F12FD9A-SegmentedRaftLogWorker"  prio=5 tid=590 timed_waiting
java.lang.Thread.State: TIMED_WAITING
        at sun.misc.Unsafe.park(Native Method)
        at java.util.concurrent.locks.LockSupport.parkNanos(LockSupport.java:215)
        at java.util.concurrent.locks.AbstractQueuedSynchronizer$ConditionObject.awaitNanos(AbstractQueuedSynchronizer.java:2078)
        at org.apache.ratis.util.DataBlockingQueue.poll(DataBlockingQueue.java:148)
        at org.apache.ratis.server.raftlog.segmented.SegmentedRaftLogWorker.run(SegmentedRaftLogWorker.java:310)
        at org.apache.ratis.server.raftlog.segmented.SegmentedRaftLogWorker$$Lambda$665/1346122915.run(Unknown Source)
        at java.lang.Thread.run(Thread.java:750)
"Command processor thread" daemon prio=5 tid=295 timed_waiting
java.lang.Thread.State: TIMED_WAITING
        at java.lang.Thread.sleep(Native Method)
        at org.apache.hadoop.ozone.container.common.statemachine.DatanodeStateMachine.lambda$initCommandHandlerThread$3(DatanodeStateMachine.java:641)
        at org.apache.hadoop.ozone.container.common.statemachine.DatanodeStateMachine$$Lambda$752/502831613.run(Unknown Source)
        at java.lang.Thread.run(Thread.java:750)
"IPC Server handler 8 on default port 35291" daemon prio=5 tid=85 timed_waiting
java.lang.Thread.State: TIMED_WAITING
        at sun.misc.Unsafe.park(Native Method)
        at java.util.concurrent.locks.LockSupport.parkNanos(LockSupport.java:215)
        at java.util.concurrent.locks.AbstractQueuedSynchronizer$ConditionObject.awaitNanos(AbstractQueuedSynchronizer.java:2078)
        at java.util.concurrent.LinkedBlockingQueue.poll(LinkedBlockingQueue.java:467)
        at org.apache.hadoop.ipc.CallQueueManager.take(CallQueueManager.java:317)
        at org.apache.hadoop.ipc.Server$Handler.run(Server.java:2942)
"Datanode ReportManager Thread - 0" daemon prio=5 tid=238 timed_waiting
java.lang.Thread.State: TIMED_WAITING
        at sun.misc.Unsafe.park(Native Method)
        at java.util.concurrent.locks.LockSupport.parkNanos(LockSupport.java:215)
        at java.util.concurrent.locks.AbstractQueuedSynchronizer$ConditionObject.awaitNanos(AbstractQueuedSynchronizer.java:2078)
        at java.util.concurrent.ScheduledThreadPoolExecutor$DelayedWorkQueue.take(ScheduledThreadPoolExecutor.java:1093)
        at java.util.concurrent.ScheduledThreadPoolExecutor$DelayedWorkQueue.take(ScheduledThreadPoolExecutor.java:809)
        at java.util.concurrent.ThreadPoolExecutor.getTask(ThreadPoolExecutor.java:1074)
        at java.util.concurrent.ThreadPoolExecutor.runWorker(ThreadPoolExecutor.java:1134)
        at java.util.concurrent.ThreadPoolExecutor$Worker.run(ThreadPoolExecutor.java:624)
        at java.lang.Thread.run(Thread.java:750)
"Datanode State Machine Task Thread - 0"  prio=5 tid=297 in Object.wait()
java.lang.Thread.State: WAITING (on object monitor)
        at sun.misc.Unsafe.park(Native Method)
        at java.util.concurrent.locks.LockSupport.park(LockSupport.java:175)
        at java.util.concurrent.locks.AbstractQueuedSynchronizer$ConditionObject.await(AbstractQueuedSynchronizer.java:2039)
        at java.util.concurrent.LinkedBlockingQueue.take(LinkedBlockingQueue.java:442)
        at java.util.concurrent.ThreadPoolExecutor.getTask(ThreadPoolExecutor.java:1074)
        at java.util.concurrent.ThreadPoolExecutor.runWorker(ThreadPoolExecutor.java:1134)
        at java.util.concurrent.ThreadPoolExecutor$Worker.run(ThreadPoolExecutor.java:624)
        at java.lang.Thread.run(Thread.java:750)
"ChunkReader-1" daemon prio=5 tid=767 in Object.wait()
java.lang.Thread.State: WAITING (on object monitor)
        at sun.misc.Unsafe.park(Native Method)
        at java.util.concurrent.locks.LockSupport.park(LockSupport.java:175)
        at java.util.concurrent.locks.AbstractQueuedSynchronizer$ConditionObject.await(AbstractQueuedSynchronizer.java:2039)
        at java.util.concurrent.LinkedBlockingQueue.take(LinkedBlockingQueue.java:442)
        at java.util.concurrent.ThreadPoolExecutor.getTask(ThreadPoolExecutor.java:1074)
        at java.util.concurrent.ThreadPoolExecutor.runWorker(ThreadPoolExecutor.java:1134)
        at java.util.concurrent.ThreadPoolExecutor$Worker.run(ThreadPoolExecutor.java:624)
        at java.lang.Thread.run(Thread.java:750)
"IPC Server handler 18 on default port 41145" daemon prio=5 tid=75 timed_waiting
java.lang.Thread.State: TIMED_WAITING
        at sun.misc.Unsafe.park(Native Method)
        at java.util.concurrent.locks.LockSupport.parkNanos(LockSupport.java:215)
        at java.util.concurrent.locks.AbstractQueuedSynchronizer$ConditionObject.awaitNanos(AbstractQueuedSynchronizer.java:2078)
        at java.util.concurrent.LinkedBlockingQueue.poll(LinkedBlockingQueue.java:467)
        at org.apache.hadoop.ipc.CallQueueManager.take(CallQueueManager.java:317)
        at org.apache.hadoop.ipc.Server$Handler.run(Server.java:2942)
"qtp1072948973-181" daemon prio=5 tid=181 timed_waiting
java.lang.Thread.State: TIMED_WAITING
        at sun.misc.Unsafe.park(Native Method)
        at java.util.concurrent.locks.LockSupport.parkNanos(LockSupport.java:215)
        at java.util.concurrent.locks.AbstractQueuedSynchronizer$ConditionObject.awaitNanos(AbstractQueuedSynchronizer.java:2078)
        at org.eclipse.jetty.util.BlockingArrayQueue.poll(BlockingArrayQueue.java:382)
        at org.eclipse.jetty.util.thread.QueuedThreadPool$Runner.idleJobPoll(QueuedThreadPool.java:974)
        at org.eclipse.jetty.util.thread.QueuedThreadPool$Runner.run(QueuedThreadPool.java:1018)
        at java.lang.Thread.run(Thread.java:750)
"pool-127-thread-1"  prio=5 tid=227 timed_waiting
java.lang.Thread.State: TIMED_WAITING
        at sun.misc.Unsafe.park(Native Method)
        at java.util.concurrent.locks.LockSupport.parkNanos(LockSupport.java:215)
        at java.util.concurrent.locks.AbstractQueuedSynchronizer$ConditionObject.awaitNanos(AbstractQueuedSynchronizer.java:2078)
        at java.util.concurrent.ScheduledThreadPoolExecutor$DelayedWorkQueue.take(ScheduledThreadPoolExecutor.java:1093)
        at java.util.concurrent.ScheduledThreadPoolExecutor$DelayedWorkQueue.take(ScheduledThreadPoolExecutor.java:809)
        at java.util.concurrent.ThreadPoolExecutor.getTask(ThreadPoolExecutor.java:1074)
        at java.util.concurrent.ThreadPoolExecutor.runWorker(ThreadPoolExecutor.java:1134)
        at java.util.concurrent.ThreadPoolExecutor$Worker.run(ThreadPoolExecutor.java:624)
        at java.lang.Thread.run(Thread.java:750)
"qtp1103911337-258" daemon prio=5 tid=258 timed_waiting
java.lang.Thread.State: TIMED_WAITING
        at sun.misc.Unsafe.park(Native Method)
        at java.util.concurrent.locks.LockSupport.parkNanos(LockSupport.java:215)
        at java.util.concurrent.locks.AbstractQueuedSynchronizer$ConditionObject.awaitNanos(AbstractQueuedSynchronizer.java:2078)
        at org.eclipse.jetty.util.BlockingArrayQueue.poll(BlockingArrayQueue.java:382)
        at org.eclipse.jetty.util.thread.QueuedThreadPool$Runner.idleJobPoll(QueuedThreadPool.java:974)
        at org.eclipse.jetty.util.thread.QueuedThreadPool$Runner.run(QueuedThreadPool.java:1018)
        at java.lang.Thread.run(Thread.java:750)
"86e92292-7141-46cb-9ed5-093a2cfc2b40-server-thread2" daemon prio=5 tid=851 timed_waiting
java.lang.Thread.State: TIMED_WAITING
        at sun.misc.Unsafe.park(Native Method)
        at java.util.concurrent.locks.LockSupport.parkNanos(LockSupport.java:215)
        at java.util.concurrent.SynchronousQueue$TransferStack.awaitFulfill(SynchronousQueue.java:460)
        at java.util.concurrent.SynchronousQueue$TransferStack.transfer(SynchronousQueue.java:362)
        at java.util.concurrent.SynchronousQueue.poll(SynchronousQueue.java:941)
        at java.util.concurrent.ThreadPoolExecutor.getTask(ThreadPoolExecutor.java:1073)
        at java.util.concurrent.ThreadPoolExecutor.runWorker(ThreadPoolExecutor.java:1134)
        at java.util.concurrent.ThreadPoolExecutor$Worker.run(ThreadPoolExecutor.java:624)
        at java.lang.Thread.run(Thread.java:750)
"qtp1678529210-450" daemon prio=5 tid=450 timed_waiting
java.lang.Thread.State: TIMED_WAITING
        at sun.misc.Unsafe.park(Native Method)
        at java.util.concurrent.locks.LockSupport.parkNanos(LockSupport.java:215)
        at java.util.concurrent.locks.AbstractQueuedSynchronizer$ConditionObject.awaitNanos(AbstractQueuedSynchronizer.java:2078)
        at org.eclipse.jetty.util.BlockingArrayQueue.poll(BlockingArrayQueue.java:382)
        at org.eclipse.jetty.util.thread.QueuedThreadPool$Runner.idleJobPoll(QueuedThreadPool.java:974)
        at org.eclipse.jetty.util.thread.QueuedThreadPool$Runner.run(QueuedThreadPool.java:1018)
        at java.lang.Thread.run(Thread.java:750)
"EndpointStateMachine task thread for /0.0.0.0:35291 - 0 "  prio=5 tid=420 in Object.wait()
java.lang.Thread.State: WAITING (on object monitor)
        at sun.misc.Unsafe.park(Native Method)
        at java.util.concurrent.locks.LockSupport.park(LockSupport.java:175)
        at java.util.concurrent.locks.AbstractQueuedSynchronizer$ConditionObject.await(AbstractQueuedSynchronizer.java:2039)
        at java.util.concurrent.LinkedBlockingQueue.take(LinkedBlockingQueue.java:442)
        at java.util.concurrent.ThreadPoolExecutor.getTask(ThreadPoolExecutor.java:1074)
        at java.util.concurrent.ThreadPoolExecutor.runWorker(ThreadPoolExecutor.java:1134)
        at java.util.concurrent.ThreadPoolExecutor$Worker.run(ThreadPoolExecutor.java:624)
        at java.lang.Thread.run(Thread.java:750)
"IPC Server handler 12 on default port 42013" daemon prio=5 tid=156 timed_waiting
java.lang.Thread.State: TIMED_WAITING
        at sun.misc.Unsafe.park(Native Method)
        at java.util.concurrent.locks.LockSupport.parkNanos(LockSupport.java:215)
        at java.util.concurrent.locks.AbstractQueuedSynchronizer$ConditionObject.awaitNanos(AbstractQueuedSynchronizer.java:2078)
        at java.util.concurrent.LinkedBlockingQueue.poll(LinkedBlockingQueue.java:467)
        at org.apache.hadoop.ipc.CallQueueManager.take(CallQueueManager.java:317)
        at org.apache.hadoop.ipc.Server$Handler.run(Server.java:2942)
"Finalizer" daemon prio=8 tid=3 in Object.wait()
java.lang.Thread.State: WAITING (on object monitor)
        at java.lang.Object.wait(Native Method)
        at java.lang.ref.ReferenceQueue.remove(ReferenceQueue.java:144)
        at java.lang.ref.ReferenceQueue.remove(ReferenceQueue.java:165)
        at java.lang.ref.Finalizer$FinalizerThread.run(Finalizer.java:216)
"7f2965ec-2a1d-4c0b-a486-0150db937947@group-C5655235CD35-LeaderStateImpl" daemon prio=5 tid=864 timed_waiting
java.lang.Thread.State: TIMED_WAITING
        at sun.misc.Unsafe.park(Native Method)
        at java.util.concurrent.locks.LockSupport.parkNanos(LockSupport.java:215)
        at java.util.concurrent.locks.AbstractQueuedSynchronizer$ConditionObject.awaitNanos(AbstractQueuedSynchronizer.java:2078)
        at java.util.concurrent.ArrayBlockingQueue.poll(ArrayBlockingQueue.java:418)
        at org.apache.ratis.server.impl.LeaderStateImpl$EventQueue.poll(LeaderStateImpl.java:159)
        at org.apache.ratis.server.impl.LeaderStateImpl$EventProcessor.run(LeaderStateImpl.java:630)
"86e92292-7141-46cb-9ed5-093a2cfc2b40@group-89BC2ECE481D-SegmentedRaftLogWorker"  prio=5 tid=562 timed_waiting
java.lang.Thread.State: TIMED_WAITING
        at sun.misc.Unsafe.park(Native Method)
        at java.util.concurrent.locks.LockSupport.parkNanos(LockSupport.java:215)
        at java.util.concurrent.locks.AbstractQueuedSynchronizer$ConditionObject.awaitNanos(AbstractQueuedSynchronizer.java:2078)
        at org.apache.ratis.util.DataBlockingQueue.poll(DataBlockingQueue.java:148)
        at org.apache.ratis.server.raftlog.segmented.SegmentedRaftLogWorker.run(SegmentedRaftLogWorker.java:310)
        at org.apache.ratis.server.raftlog.segmented.SegmentedRaftLogWorker$$Lambda$665/1346122915.run(Unknown Source)
        at java.lang.Thread.run(Thread.java:750)
"surefire-forkedjvm-command-thread" daemon prio=5 tid=10 runnable
java.lang.Thread.State: RUNNABLE
        at java.io.FileInputStream.readBytes(Native Method)
        at java.io.FileInputStream.read(FileInputStream.java:255)
        at java.io.BufferedInputStream.read1(BufferedInputStream.java:284)
        at java.io.BufferedInputStream.read(BufferedInputStream.java:345)
        at java.io.BufferedInputStream.fill(BufferedInputStream.java:246)
        at java.io.BufferedInputStream.read1(BufferedInputStream.java:286)
        at java.io.BufferedInputStream.read(BufferedInputStream.java:345)
        at org.apache.maven.surefire.api.util.internal.Channels$3.readImpl(Channels.java:214)
        at org.apache.maven.surefire.api.util.internal.AbstractNoninterruptibleReadableChannel.read(AbstractNoninterruptibleReadableChannel.java:54)
        at org.apache.maven.surefire.booter.spi.LegacyMasterProcessChannelDecoder.decode(LegacyMasterProcessChannelDecoder.java:80)
        at org.apache.maven.surefire.booter.CommandReader$CommandRunnable.run(CommandReader.java:343)
        at java.lang.Thread.run(Thread.java:750)
"BlockDeletingService#2" daemon prio=5 tid=906 in Object.wait()
java.lang.Thread.State: WAITING (on object monitor)
        at sun.misc.Unsafe.park(Native Method)
        at java.util.concurrent.locks.LockSupport.park(LockSupport.java:175)
        at java.util.concurrent.locks.AbstractQueuedSynchronizer$ConditionObject.await(AbstractQueuedSynchronizer.java:2039)
        at java.util.concurrent.ScheduledThreadPoolExecutor$DelayedWorkQueue.take(ScheduledThreadPoolExecutor.java:1088)
        at java.util.concurrent.ScheduledThreadPoolExecutor$DelayedWorkQueue.take(ScheduledThreadPoolExecutor.java:809)
        at java.util.concurrent.ThreadPoolExecutor.getTask(ThreadPoolExecutor.java:1074)
        at java.util.concurrent.ThreadPoolExecutor.runWorker(ThreadPoolExecutor.java:1134)
        at java.util.concurrent.ThreadPoolExecutor$Worker.run(ThreadPoolExecutor.java:624)
        at java.lang.Thread.run(Thread.java:750)
"Datanode State Machine Task Thread - 0"  prio=5 tid=323 in Object.wait()
java.lang.Thread.State: WAITING (on object monitor)
        at sun.misc.Unsafe.park(Native Method)
        at java.util.concurrent.locks.LockSupport.park(LockSupport.java:175)
        at java.util.concurrent.locks.AbstractQueuedSynchronizer$ConditionObject.await(AbstractQueuedSynchronizer.java:2039)
        at java.util.concurrent.LinkedBlockingQueue.take(LinkedBlockingQueue.java:442)
        at java.util.concurrent.ThreadPoolExecutor.getTask(ThreadPoolExecutor.java:1074)
        at java.util.concurrent.ThreadPoolExecutor.runWorker(ThreadPoolExecutor.java:1134)
        at java.util.concurrent.ThreadPoolExecutor$Worker.run(ThreadPoolExecutor.java:624)
        at java.lang.Thread.run(Thread.java:750)
"qtp1266321027-411" daemon prio=5 tid=411 timed_waiting
java.lang.Thread.State: TIMED_WAITING
        at sun.misc.Unsafe.park(Native Method)
        at java.util.concurrent.locks.LockSupport.parkNanos(LockSupport.java:215)
        at java.util.concurrent.locks.AbstractQueuedSynchronizer$ConditionObject.awaitNanos(AbstractQueuedSynchronizer.java:2078)
        at org.eclipse.jetty.util.BlockingArrayQueue.poll(BlockingArrayQueue.java:382)
        at org.eclipse.jetty.util.thread.QueuedThreadPool$Runner.idleJobPoll(QueuedThreadPool.java:974)
        at org.eclipse.jetty.util.thread.QueuedThreadPool$Runner.run(QueuedThreadPool.java:1018)
        at java.lang.Thread.run(Thread.java:750)
"qtp406153553-100" daemon prio=5 tid=100 runnable
java.lang.Thread.State: RUNNABLE
        at sun.nio.ch.EPollArrayWrapper.epollWait(Native Method)
        at sun.nio.ch.EPollArrayWrapper.poll(EPollArrayWrapper.java:269)
        at sun.nio.ch.EPollSelectorImpl.doSelect(EPollSelectorImpl.java:93)
        at sun.nio.ch.SelectorImpl.lockAndDoSelect(SelectorImpl.java:86)
        at sun.nio.ch.SelectorImpl.select(SelectorImpl.java:97)
        at sun.nio.ch.SelectorImpl.select(SelectorImpl.java:101)
        at org.eclipse.jetty.io.ManagedSelector.nioSelect(ManagedSelector.java:183)
        at org.eclipse.jetty.io.ManagedSelector.select(ManagedSelector.java:190)
        at org.eclipse.jetty.io.ManagedSelector$SelectorProducer.select(ManagedSelector.java:606)
        at org.eclipse.jetty.io.ManagedSelector$SelectorProducer.produce(ManagedSelector.java:543)
        at org.eclipse.jetty.util.thread.strategy.EatWhatYouKill.produceTask(EatWhatYouKill.java:362)
        at org.eclipse.jetty.util.thread.strategy.EatWhatYouKill.doProduce(EatWhatYouKill.java:186)
        at org.eclipse.jetty.util.thread.strategy.EatWhatYouKill.tryProduce(EatWhatYouKill.java:173)
        at org.eclipse.jetty.util.thread.strategy.EatWhatYouKill.produce(EatWhatYouKill.java:137)
        at org.eclipse.jetty.io.ManagedSelector$$Lambda$446/1613065499.run(Unknown Source)
        at org.eclipse.jetty.util.thread.QueuedThreadPool.runJob(QueuedThreadPool.java:883)
        at org.eclipse.jetty.util.thread.QueuedThreadPool$Runner.run(QueuedThreadPool.java:1034)
        at java.lang.Thread.run(Thread.java:750)
"PartialTableCache Cleanup Thread - 0" daemon prio=5 tid=895 in Object.wait()
java.lang.Thread.State: WAITING (on object monitor)
        at sun.misc.Unsafe.park(Native Method)
        at java.util.concurrent.locks.LockSupport.park(LockSupport.java:175)
        at java.util.concurrent.locks.AbstractQueuedSynchronizer$ConditionObject.await(AbstractQueuedSynchronizer.java:2039)
        at java.util.concurrent.LinkedBlockingQueue.take(LinkedBlockingQueue.java:442)
        at java.util.concurrent.ThreadPoolExecutor.getTask(ThreadPoolExecutor.java:1074)
        at java.util.concurrent.ThreadPoolExecutor.runWorker(ThreadPoolExecutor.java:1134)
        at java.util.concurrent.ThreadPoolExecutor$Worker.run(ThreadPoolExecutor.java:624)
        at java.lang.Thread.run(Thread.java:750)
"86e92292-7141-46cb-9ed5-093a2cfc2b40-server-thread3" daemon prio=5 tid=852 timed_waiting
java.lang.Thread.State: TIMED_WAITING
        at sun.misc.Unsafe.park(Native Method)
        at java.util.concurrent.locks.LockSupport.parkNanos(LockSupport.java:215)
        at java.util.concurrent.SynchronousQueue$TransferStack.awaitFulfill(SynchronousQueue.java:460)
        at java.util.concurrent.SynchronousQueue$TransferStack.transfer(SynchronousQueue.java:362)
        at java.util.concurrent.SynchronousQueue.poll(SynchronousQueue.java:941)
        at java.util.concurrent.ThreadPoolExecutor.getTask(ThreadPoolExecutor.java:1073)
        at java.util.concurrent.ThreadPoolExecutor.runWorker(ThreadPoolExecutor.java:1134)
        at java.util.concurrent.ThreadPoolExecutor$Worker.run(ThreadPoolExecutor.java:624)
        at java.lang.Thread.run(Thread.java:750)
"IPC Server handler 14 on default port 35291" daemon prio=5 tid=91 timed_waiting
java.lang.Thread.State: TIMED_WAITING
        at sun.misc.Unsafe.park(Native Method)
        at java.util.concurrent.locks.LockSupport.parkNanos(LockSupport.java:215)
        at java.util.concurrent.locks.AbstractQueuedSynchronizer$ConditionObject.awaitNanos(AbstractQueuedSynchronizer.java:2078)
        at java.util.concurrent.LinkedBlockingQueue.poll(LinkedBlockingQueue.java:467)
        at org.apache.hadoop.ipc.CallQueueManager.take(CallQueueManager.java:317)
        at org.apache.hadoop.ipc.Server$Handler.run(Server.java:2942)
"db967a0c-fd65-4f5b-99fe-08eeaf937185@group-C2E61F12FD9A-SegmentedRaftLogWorker"  prio=5 tid=596 timed_waiting
java.lang.Thread.State: TIMED_WAITING
        at sun.misc.Unsafe.park(Native Method)
        at java.util.concurrent.locks.LockSupport.parkNanos(LockSupport.java:215)
        at java.util.concurrent.locks.AbstractQueuedSynchronizer$ConditionObject.awaitNanos(AbstractQueuedSynchronizer.java:2078)
        at org.apache.ratis.util.DataBlockingQueue.poll(DataBlockingQueue.java:148)
        at org.apache.ratis.server.raftlog.segmented.SegmentedRaftLogWorker.run(SegmentedRaftLogWorker.java:310)
        at org.apache.ratis.server.raftlog.segmented.SegmentedRaftLogWorker$$Lambda$665/1346122915.run(Unknown Source)
        at java.lang.Thread.run(Thread.java:750)
"IPC Server handler 12 on default port 35291" daemon prio=5 tid=89 timed_waiting
java.lang.Thread.State: TIMED_WAITING
        at sun.misc.Unsafe.park(Native Method)
        at java.util.concurrent.locks.LockSupport.parkNanos(LockSupport.java:215)
        at java.util.concurrent.locks.AbstractQueuedSynchronizer$ConditionObject.awaitNanos(AbstractQueuedSynchronizer.java:2078)
        at java.util.concurrent.LinkedBlockingQueue.poll(LinkedBlockingQueue.java:467)
        at org.apache.hadoop.ipc.CallQueueManager.take(CallQueueManager.java:317)
        at org.apache.hadoop.ipc.Server$Handler.run(Server.java:2942)
"7f2965ec-2a1d-4c0b-a486-0150db937947@group-C5655235CD35-StateMachineUpdater" daemon prio=5 tid=588 timed_waiting
java.lang.Thread.State: TIMED_WAITING
        at sun.misc.Unsafe.park(Native Method)
        at java.util.concurrent.locks.LockSupport.parkNanos(LockSupport.java:215)
        at java.util.concurrent.CompletableFuture$Signaller.block(CompletableFuture.java:1709)
        at java.util.concurrent.ForkJoinPool.managedBlock(ForkJoinPool.java:3323)
        at java.util.concurrent.CompletableFuture.timedGet(CompletableFuture.java:1788)
        at java.util.concurrent.CompletableFuture.get(CompletableFuture.java:1928)
        at org.apache.ratis.util.AwaitForSignal.await(AwaitForSignal.java:56)
        at org.apache.ratis.server.impl.StateMachineUpdater.waitForCommit(StateMachineUpdater.java:207)
        at org.apache.ratis.server.impl.StateMachineUpdater.run(StateMachineUpdater.java:176)
        at java.lang.Thread.run(Thread.java:750)
"86e92292-7141-46cb-9ed5-093a2cfc2b40-server-thread3" daemon prio=5 tid=871 timed_waiting
java.lang.Thread.State: TIMED_WAITING
        at sun.misc.Unsafe.park(Native Method)
        at java.util.concurrent.locks.LockSupport.parkNanos(LockSupport.java:215)
        at java.util.concurrent.SynchronousQueue$TransferStack.awaitFulfill(SynchronousQueue.java:460)
        at java.util.concurrent.SynchronousQueue$TransferStack.transfer(SynchronousQueue.java:362)
        at java.util.concurrent.SynchronousQueue.poll(SynchronousQueue.java:941)
        at java.util.concurrent.ThreadPoolExecutor.getTask(ThreadPoolExecutor.java:1073)
        at java.util.concurrent.ThreadPoolExecutor.runWorker(ThreadPoolExecutor.java:1134)
        at java.util.concurrent.ThreadPoolExecutor$Worker.run(ThreadPoolExecutor.java:624)
        at java.lang.Thread.run(Thread.java:750)
"ChunkWriter-3-0" daemon prio=5 tid=527 in Object.wait()
java.lang.Thread.State: WAITING (on object monitor)
        at sun.misc.Unsafe.park(Native Method)
        at java.util.concurrent.locks.LockSupport.park(LockSupport.java:175)
        at java.util.concurrent.locks.AbstractQueuedSynchronizer$ConditionObject.await(AbstractQueuedSynchronizer.java:2039)
        at java.util.concurrent.LinkedBlockingDeque.takeFirst(LinkedBlockingDeque.java:492)
        at java.util.concurrent.LinkedBlockingDeque.take(LinkedBlockingDeque.java:680)
        at java.util.concurrent.ThreadPoolExecutor.getTask(ThreadPoolExecutor.java:1074)
        at java.util.concurrent.ThreadPoolExecutor.runWorker(ThreadPoolExecutor.java:1134)
        at java.util.concurrent.ThreadPoolExecutor$Worker.run(ThreadPoolExecutor.java:624)
        at java.lang.Thread.run(Thread.java:750)
"org.apache.hadoop.ozone.container.common.statemachine.commandhandler.DeleteBlocksCommandHandler$DeleteCmdWorker@70c88923" daemon prio=5 tid=172 timed_waiting
java.lang.Thread.State: TIMED_WAITING
        at java.lang.Thread.sleep(Native Method)
        at org.apache.hadoop.ozone.container.common.statemachine.commandhandler.DeleteBlocksCommandHandler$DeleteCmdWorker.run(DeleteBlocksCommandHandler.java:183)
        at java.lang.Thread.run(Thread.java:750)
"PartialTableCache Cleanup Thread - 0" daemon prio=5 tid=785 in Object.wait()
java.lang.Thread.State: WAITING (on object monitor)
        at sun.misc.Unsafe.park(Native Method)
        at java.util.concurrent.locks.LockSupport.park(LockSupport.java:175)
        at java.util.concurrent.locks.AbstractQueuedSynchronizer$ConditionObject.await(AbstractQueuedSynchronizer.java:2039)
        at java.util.concurrent.LinkedBlockingQueue.take(LinkedBlockingQueue.java:442)
        at java.util.concurrent.ThreadPoolExecutor.getTask(ThreadPoolExecutor.java:1074)
        at java.util.concurrent.ThreadPoolExecutor.runWorker(ThreadPoolExecutor.java:1134)
        at java.util.concurrent.ThreadPoolExecutor$Worker.run(ThreadPoolExecutor.java:624)
        at java.lang.Thread.run(Thread.java:750)
"EndpointStateMachine task thread for /0.0.0.0:35291 - 0 "  prio=5 tid=490 in Object.wait()
java.lang.Thread.State: WAITING (on object monitor)
        at sun.misc.Unsafe.park(Native Method)
        at java.util.concurrent.locks.LockSupport.park(LockSupport.java:175)
        at java.util.concurrent.locks.AbstractQueuedSynchronizer$ConditionObject.await(AbstractQueuedSynchronizer.java:2039)
        at java.util.concurrent.LinkedBlockingQueue.take(LinkedBlockingQueue.java:442)
        at java.util.concurrent.ThreadPoolExecutor.getTask(ThreadPoolExecutor.java:1074)
        at java.util.concurrent.ThreadPoolExecutor.runWorker(ThreadPoolExecutor.java:1134)
        at java.util.concurrent.ThreadPoolExecutor$Worker.run(ThreadPoolExecutor.java:624)
        at java.lang.Thread.run(Thread.java:750)
"JvmPauseMonitor4" daemon prio=5 tid=462 timed_waiting
java.lang.Thread.State: TIMED_WAITING
        at java.lang.Thread.sleep(Native Method)
        at java.lang.Thread.sleep(Thread.java:342)
        at java.util.concurrent.TimeUnit.sleep(TimeUnit.java:386)
        at org.apache.ratis.util.TimeDuration.sleep(TimeDuration.java:325)
        at org.apache.ratis.util.TimeDuration.sleep(TimeDuration.java:310)
        at org.apache.ratis.util.JvmPauseMonitor.detectPause(JvmPauseMonitor.java:119)
        at org.apache.ratis.util.JvmPauseMonitor.run(JvmPauseMonitor.java:108)
        at org.apache.ratis.util.JvmPauseMonitor$$Lambda$706/1510764580.run(Unknown Source)
        at java.lang.Thread.run(Thread.java:750)
"org.apache.hadoop.util.JvmPauseMonitor$Monitor@59a9ba39" daemon prio=5 tid=244 timed_waiting
java.lang.Thread.State: TIMED_WAITING
        at java.lang.Thread.sleep(Native Method)
        at org.apache.hadoop.util.JvmPauseMonitor$Monitor.run(JvmPauseMonitor.java:192)
        at java.lang.Thread.run(Thread.java:750)
"Datanode ReportManager Thread - 1" daemon prio=5 tid=239 in Object.wait()
java.lang.Thread.State: WAITING (on object monitor)
        at sun.misc.Unsafe.park(Native Method)
        at java.util.concurrent.locks.LockSupport.park(LockSupport.java:175)
        at java.util.concurrent.locks.AbstractQueuedSynchronizer$ConditionObject.await(AbstractQueuedSynchronizer.java:2039)
        at java.util.concurrent.ScheduledThreadPoolExecutor$DelayedWorkQueue.take(ScheduledThreadPoolExecutor.java:1088)
        at java.util.concurrent.ScheduledThreadPoolExecutor$DelayedWorkQueue.take(ScheduledThreadPoolExecutor.java:809)
        at java.util.concurrent.ThreadPoolExecutor.getTask(ThreadPoolExecutor.java:1074)
        at java.util.concurrent.ThreadPoolExecutor.runWorker(ThreadPoolExecutor.java:1134)
        at java.util.concurrent.ThreadPoolExecutor$Worker.run(ThreadPoolExecutor.java:624)
        at java.lang.Thread.run(Thread.java:750)
"StaleRecoveringContainerScrubbingService#1" daemon prio=5 tid=546 timed_waiting
java.lang.Thread.State: TIMED_WAITING
        at sun.misc.Unsafe.park(Native Method)
        at java.util.concurrent.locks.LockSupport.parkNanos(LockSupport.java:215)
        at java.util.concurrent.locks.AbstractQueuedSynchronizer$ConditionObject.awaitNanos(AbstractQueuedSynchronizer.java:2078)
        at java.util.concurrent.ScheduledThreadPoolExecutor$DelayedWorkQueue.take(ScheduledThreadPoolExecutor.java:1093)
        at java.util.concurrent.ScheduledThreadPoolExecutor$DelayedWorkQueue.take(ScheduledThreadPoolExecutor.java:809)
        at java.util.concurrent.ThreadPoolExecutor.getTask(ThreadPoolExecutor.java:1074)
        at java.util.concurrent.ThreadPoolExecutor.runWorker(ThreadPoolExecutor.java:1134)
        at java.util.concurrent.ThreadPoolExecutor$Worker.run(ThreadPoolExecutor.java:624)
        at java.lang.Thread.run(Thread.java:750)
"EndpointStateMachine task thread for /0.0.0.0:35291 - 0 "  prio=5 tid=521 in Object.wait()
java.lang.Thread.State: WAITING (on object monitor)
        at sun.misc.Unsafe.park(Native Method)
        at java.util.concurrent.locks.LockSupport.park(LockSupport.java:175)
        at java.util.concurrent.locks.AbstractQueuedSynchronizer$ConditionObject.await(AbstractQueuedSynchronizer.java:2039)
        at java.util.concurrent.LinkedBlockingQueue.take(LinkedBlockingQueue.java:442)
        at java.util.concurrent.ThreadPoolExecutor.getTask(ThreadPoolExecutor.java:1074)
        at java.util.concurrent.ThreadPoolExecutor.runWorker(ThreadPoolExecutor.java:1134)
        at java.util.concurrent.ThreadPoolExecutor$Worker.run(ThreadPoolExecutor.java:624)
        at java.lang.Thread.run(Thread.java:750)
"Datanode ReportManager Thread - 1" daemon prio=5 tid=291 in Object.wait()
java.lang.Thread.State: WAITING (on object monitor)
        at sun.misc.Unsafe.park(Native Method)
        at java.util.concurrent.locks.LockSupport.park(LockSupport.java:175)
        at java.util.concurrent.locks.AbstractQueuedSynchronizer$ConditionObject.await(AbstractQueuedSynchronizer.java:2039)
        at java.util.concurrent.ScheduledThreadPoolExecutor$DelayedWorkQueue.take(ScheduledThreadPoolExecutor.java:1088)
        at java.util.concurrent.ScheduledThreadPoolExecutor$DelayedWorkQueue.take(ScheduledThreadPoolExecutor.java:809)
        at java.util.concurrent.ThreadPoolExecutor.getTask(ThreadPoolExecutor.java:1074)
        at java.util.concurrent.ThreadPoolExecutor.runWorker(ThreadPoolExecutor.java:1134)
        at java.util.concurrent.ThreadPoolExecutor$Worker.run(ThreadPoolExecutor.java:624)
        at java.lang.Thread.run(Thread.java:750)
"qtp1103911337-260" daemon prio=5 tid=260 timed_waiting
java.lang.Thread.State: TIMED_WAITING
        at sun.misc.Unsafe.park(Native Method)
        at java.util.concurrent.locks.LockSupport.parkNanos(LockSupport.java:215)
        at java.util.concurrent.locks.AbstractQueuedSynchronizer$ConditionObject.awaitNanos(AbstractQueuedSynchronizer.java:2078)
        at org.eclipse.jetty.util.BlockingArrayQueue.poll(BlockingArrayQueue.java:382)
        at org.eclipse.jetty.util.thread.QueuedThreadPool$Runner.idleJobPoll(QueuedThreadPool.java:974)
        at org.eclipse.jetty.util.thread.QueuedThreadPool$Runner.run(QueuedThreadPool.java:1018)
        at java.lang.Thread.run(Thread.java:750)
"qtp362095723-280" daemon prio=5 tid=280 runnable
java.lang.Thread.State: RUNNABLE
        at sun.nio.ch.EPollArrayWrapper.epollWait(Native Method)
        at sun.nio.ch.EPollArrayWrapper.poll(EPollArrayWrapper.java:269)
        at sun.nio.ch.EPollSelectorImpl.doSelect(EPollSelectorImpl.java:93)
        at sun.nio.ch.SelectorImpl.lockAndDoSelect(SelectorImpl.java:86)
        at sun.nio.ch.SelectorImpl.select(SelectorImpl.java:97)
        at sun.nio.ch.SelectorImpl.select(SelectorImpl.java:101)
        at org.eclipse.jetty.io.ManagedSelector.nioSelect(ManagedSelector.java:183)
        at org.eclipse.jetty.io.ManagedSelector.select(ManagedSelector.java:190)
        at org.eclipse.jetty.io.ManagedSelector$SelectorProducer.select(ManagedSelector.java:606)
        at org.eclipse.jetty.io.ManagedSelector$SelectorProducer.produce(ManagedSelector.java:543)
        at org.eclipse.jetty.util.thread.strategy.EatWhatYouKill.produceTask(EatWhatYouKill.java:362)
        at org.eclipse.jetty.util.thread.strategy.EatWhatYouKill.doProduce(EatWhatYouKill.java:186)
        at org.eclipse.jetty.util.thread.strategy.EatWhatYouKill.tryProduce(EatWhatYouKill.java:173)
        at org.eclipse.jetty.util.thread.strategy.EatWhatYouKill.produce(EatWhatYouKill.java:137)
        at org.eclipse.jetty.io.ManagedSelector$$Lambda$446/1613065499.run(Unknown Source)
        at org.eclipse.jetty.util.thread.QueuedThreadPool.runJob(QueuedThreadPool.java:883)
        at org.eclipse.jetty.util.thread.QueuedThreadPool$Runner.run(QueuedThreadPool.java:1034)
        at java.lang.Thread.run(Thread.java:750)
"BlockDeletingService#2" daemon prio=5 tid=911 in Object.wait()
java.lang.Thread.State: WAITING (on object monitor)
        at sun.misc.Unsafe.park(Native Method)
        at java.util.concurrent.locks.LockSupport.park(LockSupport.java:175)
        at java.util.concurrent.locks.AbstractQueuedSynchronizer$ConditionObject.await(AbstractQueuedSynchronizer.java:2039)
        at java.util.concurrent.ScheduledThreadPoolExecutor$DelayedWorkQueue.take(ScheduledThreadPoolExecutor.java:1088)
        at java.util.concurrent.ScheduledThreadPoolExecutor$DelayedWorkQueue.take(ScheduledThreadPoolExecutor.java:809)
        at java.util.concurrent.ThreadPoolExecutor.getTask(ThreadPoolExecutor.java:1074)
        at java.util.concurrent.ThreadPoolExecutor.runWorker(ThreadPoolExecutor.java:1134)
        at java.util.concurrent.ThreadPoolExecutor$Worker.run(ThreadPoolExecutor.java:624)
        at java.lang.Thread.run(Thread.java:750)
"qtp113925453-376" daemon prio=5 tid=376 timed_waiting
java.lang.Thread.State: TIMED_WAITING
        at sun.misc.Unsafe.park(Native Method)
        at java.util.concurrent.locks.LockSupport.parkNanos(LockSupport.java:215)
        at java.util.concurrent.locks.AbstractQueuedSynchronizer$ConditionObject.awaitNanos(AbstractQueuedSynchronizer.java:2078)
        at org.eclipse.jetty.util.BlockingArrayQueue.poll(BlockingArrayQueue.java:382)
        at org.eclipse.jetty.util.thread.QueuedThreadPool$Runner.idleJobPoll(QueuedThreadPool.java:974)
        at org.eclipse.jetty.util.thread.QueuedThreadPool$Runner.run(QueuedThreadPool.java:1018)
        at java.lang.Thread.run(Thread.java:750)
"IPC Server handler 8 on default port 41145" daemon prio=5 tid=65 timed_waiting
java.lang.Thread.State: TIMED_WAITING
        at sun.misc.Unsafe.park(Native Method)
        at java.util.concurrent.locks.LockSupport.parkNanos(LockSupport.java:215)
        at java.util.concurrent.locks.AbstractQueuedSynchronizer$ConditionObject.awaitNanos(AbstractQueuedSynchronizer.java:2078)
        at java.util.concurrent.LinkedBlockingQueue.poll(LinkedBlockingQueue.java:467)
        at org.apache.hadoop.ipc.CallQueueManager.take(CallQueueManager.java:317)
        at org.apache.hadoop.ipc.Server$Handler.run(Server.java:2942)
"86e92292-7141-46cb-9ed5-093a2cfc2b40@group-C5655235CD35-SegmentedRaftLogWorker"  prio=5 tid=565 timed_waiting
java.lang.Thread.State: TIMED_WAITING
        at sun.misc.Unsafe.park(Native Method)
        at java.util.concurrent.locks.LockSupport.parkNanos(LockSupport.java:215)
        at java.util.concurrent.locks.AbstractQueuedSynchronizer$ConditionObject.awaitNanos(AbstractQueuedSynchronizer.java:2078)
        at org.apache.ratis.util.DataBlockingQueue.poll(DataBlockingQueue.java:148)
        at org.apache.ratis.server.raftlog.segmented.SegmentedRaftLogWorker.run(SegmentedRaftLogWorker.java:310)
        at org.apache.ratis.server.raftlog.segmented.SegmentedRaftLogWorker$$Lambda$665/1346122915.run(Unknown Source)
        at java.lang.Thread.run(Thread.java:750)
"BlockDeletingService#1" daemon prio=5 tid=557 timed_waiting
java.lang.Thread.State: TIMED_WAITING
        at sun.misc.Unsafe.park(Native Method)
        at java.util.concurrent.locks.LockSupport.parkNanos(LockSupport.java:215)
        at java.util.concurrent.locks.AbstractQueuedSynchronizer$ConditionObject.awaitNanos(AbstractQueuedSynchronizer.java:2078)
        at java.util.concurrent.ScheduledThreadPoolExecutor$DelayedWorkQueue.take(ScheduledThreadPoolExecutor.java:1093)
        at java.util.concurrent.ScheduledThreadPoolExecutor$DelayedWorkQueue.take(ScheduledThreadPoolExecutor.java:809)
        at java.util.concurrent.ThreadPoolExecutor.getTask(ThreadPoolExecutor.java:1074)
        at java.util.concurrent.ThreadPoolExecutor.runWorker(ThreadPoolExecutor.java:1134)
        at java.util.concurrent.ThreadPoolExecutor$Worker.run(ThreadPoolExecutor.java:624)
        at java.lang.Thread.run(Thread.java:750)
"qtp1678529210-447" daemon prio=5 tid=447 runnable
java.lang.Thread.State: RUNNABLE
        at sun.nio.ch.EPollArrayWrapper.epollWait(Native Method)
        at sun.nio.ch.EPollArrayWrapper.poll(EPollArrayWrapper.java:269)
        at sun.nio.ch.EPollSelectorImpl.doSelect(EPollSelectorImpl.java:93)
        at sun.nio.ch.SelectorImpl.lockAndDoSelect(SelectorImpl.java:86)
        at sun.nio.ch.SelectorImpl.select(SelectorImpl.java:97)
        at sun.nio.ch.SelectorImpl.select(SelectorImpl.java:101)
        at org.eclipse.jetty.io.ManagedSelector.nioSelect(ManagedSelector.java:183)
        at org.eclipse.jetty.io.ManagedSelector.select(ManagedSelector.java:190)
        at org.eclipse.jetty.io.ManagedSelector$SelectorProducer.select(ManagedSelector.java:606)
        at org.eclipse.jetty.io.ManagedSelector$SelectorProducer.produce(ManagedSelector.java:543)
        at org.eclipse.jetty.util.thread.strategy.EatWhatYouKill.produceTask(EatWhatYouKill.java:362)
        at org.eclipse.jetty.util.thread.strategy.EatWhatYouKill.doProduce(EatWhatYouKill.java:186)
        at org.eclipse.jetty.util.thread.strategy.EatWhatYouKill.tryProduce(EatWhatYouKill.java:173)
        at org.eclipse.jetty.util.thread.strategy.EatWhatYouKill.produce(EatWhatYouKill.java:137)
        at org.eclipse.jetty.io.ManagedSelector$$Lambda$446/1613065499.run(Unknown Source)
        at org.eclipse.jetty.util.thread.QueuedThreadPool.runJob(QueuedThreadPool.java:883)
        at org.eclipse.jetty.util.thread.QueuedThreadPool$Runner.run(QueuedThreadPool.java:1034)
        at java.lang.Thread.run(Thread.java:750)
"7f2965ec-2a1d-4c0b-a486-0150db937947@group-FF047A9E459C-StateMachineUpdater" daemon prio=5 tid=584 timed_waiting
java.lang.Thread.State: TIMED_WAITING
        at sun.misc.Unsafe.park(Native Method)
        at java.util.concurrent.locks.LockSupport.parkNanos(LockSupport.java:215)
        at java.util.concurrent.CompletableFuture$Signaller.block(CompletableFuture.java:1709)
        at java.util.concurrent.ForkJoinPool.managedBlock(ForkJoinPool.java:3323)
        at java.util.concurrent.CompletableFuture.timedGet(CompletableFuture.java:1788)
        at java.util.concurrent.CompletableFuture.get(CompletableFuture.java:1928)
        at org.apache.ratis.util.AwaitForSignal.await(AwaitForSignal.java:56)
        at org.apache.ratis.server.impl.StateMachineUpdater.waitForCommit(StateMachineUpdater.java:207)
        at org.apache.ratis.server.impl.StateMachineUpdater.run(StateMachineUpdater.java:176)
        at java.lang.Thread.run(Thread.java:750)
"ChunkWriter-2-0" daemon prio=5 tid=460 in Object.wait()
java.lang.Thread.State: WAITING (on object monitor)
        at sun.misc.Unsafe.park(Native Method)
        at java.util.concurrent.locks.LockSupport.park(LockSupport.java:175)
        at java.util.concurrent.locks.AbstractQueuedSynchronizer$ConditionObject.await(AbstractQueuedSynchronizer.java:2039)
        at java.util.concurrent.LinkedBlockingDeque.takeFirst(LinkedBlockingDeque.java:492)
        at java.util.concurrent.LinkedBlockingDeque.take(LinkedBlockingDeque.java:680)
        at java.util.concurrent.ThreadPoolExecutor.getTask(ThreadPoolExecutor.java:1074)
        at java.util.concurrent.ThreadPoolExecutor.runWorker(ThreadPoolExecutor.java:1134)
        at java.util.concurrent.ThreadPoolExecutor$Worker.run(ThreadPoolExecutor.java:624)
        at java.lang.Thread.run(Thread.java:750)
"org.apache.hadoop.util.JvmPauseMonitor$Monitor@138b2ce5" daemon prio=5 tid=296 timed_waiting
java.lang.Thread.State: TIMED_WAITING
        at java.lang.Thread.sleep(Native Method)
        at org.apache.hadoop.util.JvmPauseMonitor$Monitor.run(JvmPauseMonitor.java:192)
        at java.lang.Thread.run(Thread.java:750)
"edb0f50d-ef97-4088-a20b-1c61b9a9d6ec@group-25E74EA5BF7A-LeaderStateImpl" daemon prio=5 tid=709 timed_waiting
java.lang.Thread.State: TIMED_WAITING
        at sun.misc.Unsafe.park(Native Method)
        at java.util.concurrent.locks.LockSupport.parkNanos(LockSupport.java:215)
        at java.util.concurrent.locks.AbstractQueuedSynchronizer$ConditionObject.awaitNanos(AbstractQueuedSynchronizer.java:2078)
        at java.util.concurrent.ArrayBlockingQueue.poll(ArrayBlockingQueue.java:418)
        at org.apache.ratis.server.impl.LeaderStateImpl$EventQueue.poll(LeaderStateImpl.java:159)
        at org.apache.ratis.server.impl.LeaderStateImpl$EventProcessor.run(LeaderStateImpl.java:630)
"96632972-14e0-44d5-b3f2-8f1b1022e85f@group-A38106DB0496-LeaderStateImpl" daemon prio=5 tid=756 timed_waiting
java.lang.Thread.State: TIMED_WAITING
        at sun.misc.Unsafe.park(Native Method)
        at java.util.concurrent.locks.LockSupport.parkNanos(LockSupport.java:215)
        at java.util.concurrent.locks.AbstractQueuedSynchronizer$ConditionObject.awaitNanos(AbstractQueuedSynchronizer.java:2078)
        at java.util.concurrent.ArrayBlockingQueue.poll(ArrayBlockingQueue.java:418)
        at org.apache.ratis.server.impl.LeaderStateImpl$EventQueue.poll(LeaderStateImpl.java:159)
        at org.apache.ratis.server.impl.LeaderStateImpl$EventProcessor.run(LeaderStateImpl.java:630)
"EventQueue-NodeRegistrationContainerReportForContainerSafeModeRule" daemon prio=5 tid=503 in Object.wait()
java.lang.Thread.State: WAITING (on object monitor)
        at sun.misc.Unsafe.park(Native Method)
        at java.util.concurrent.locks.LockSupport.park(LockSupport.java:175)
        at java.util.concurrent.locks.AbstractQueuedSynchronizer$ConditionObject.await(AbstractQueuedSynchronizer.java:2039)
        at java.util.concurrent.LinkedBlockingQueue.take(LinkedBlockingQueue.java:442)
        at java.util.concurrent.ThreadPoolExecutor.getTask(ThreadPoolExecutor.java:1074)
        at java.util.concurrent.ThreadPoolExecutor.runWorker(ThreadPoolExecutor.java:1134)
        at java.util.concurrent.ThreadPoolExecutor$Worker.run(ThreadPoolExecutor.java:624)
        at java.lang.Thread.run(Thread.java:750)
"qtp1072341683-307-acceptor-0@220e63ee-ServerConnector@1e8e8f19{HTTP/1.1, (http/1.1)}{0.0.0.0:34089}" daemon prio=3 tid=307 runnable
java.lang.Thread.State: RUNNABLE
        at sun.nio.ch.ServerSocketChannelImpl.accept0(Native Method)
        at sun.nio.ch.ServerSocketChannelImpl.accept(ServerSocketChannelImpl.java:421)
        at sun.nio.ch.ServerSocketChannelImpl.accept(ServerSocketChannelImpl.java:249)
        at org.eclipse.jetty.server.ServerConnector.accept(ServerConnector.java:388)
        at org.eclipse.jetty.server.AbstractConnector$Acceptor.run(AbstractConnector.java:704)
        at org.eclipse.jetty.util.thread.QueuedThreadPool.runJob(QueuedThreadPool.java:883)
        at org.eclipse.jetty.util.thread.QueuedThreadPool$Runner.run(QueuedThreadPool.java:1034)
        at java.lang.Thread.run(Thread.java:750)
"pool-81-thread-1"  prio=5 tid=173 timed_waiting
java.lang.Thread.State: TIMED_WAITING
        at sun.misc.Unsafe.park(Native Method)
        at java.util.concurrent.locks.LockSupport.parkNanos(LockSupport.java:215)
        at java.util.concurrent.locks.AbstractQueuedSynchronizer$ConditionObject.awaitNanos(AbstractQueuedSynchronizer.java:2078)
        at java.util.concurrent.ScheduledThreadPoolExecutor$DelayedWorkQueue.take(ScheduledThreadPoolExecutor.java:1093)
        at java.util.concurrent.ScheduledThreadPoolExecutor$DelayedWorkQueue.take(ScheduledThreadPoolExecutor.java:809)
        at java.util.concurrent.ThreadPoolExecutor.getTask(ThreadPoolExecutor.java:1074)
        at java.util.concurrent.ThreadPoolExecutor.runWorker(ThreadPoolExecutor.java:1134)
        at java.util.concurrent.ThreadPoolExecutor$Worker.run(ThreadPoolExecutor.java:624)
        at java.lang.Thread.run(Thread.java:750)
"DirectoryDeletingService#0" daemon prio=5 tid=132 timed_waiting
java.lang.Thread.State: TIMED_WAITING
        at sun.misc.Unsafe.park(Native Method)
        at java.util.concurrent.locks.LockSupport.parkNanos(LockSupport.java:215)
        at java.util.concurrent.locks.AbstractQueuedSynchronizer$ConditionObject.awaitNanos(AbstractQueuedSynchronizer.java:2078)
        at java.util.concurrent.ScheduledThreadPoolExecutor$DelayedWorkQueue.take(ScheduledThreadPoolExecutor.java:1093)
        at java.util.concurrent.ScheduledThreadPoolExecutor$DelayedWorkQueue.take(ScheduledThreadPoolExecutor.java:809)
        at java.util.concurrent.ThreadPoolExecutor.getTask(ThreadPoolExecutor.java:1074)
        at java.util.concurrent.ThreadPoolExecutor.runWorker(ThreadPoolExecutor.java:1134)
        at java.util.concurrent.ThreadPoolExecutor$Worker.run(ThreadPoolExecutor.java:624)
        at java.lang.Thread.run(Thread.java:750)
"58d8b8bb-cfc7-423c-ba1f-09160eea4c71@group-25E74EA5BF7A-SegmentedRaftLogWorker"  prio=5 tid=630 timed_waiting
java.lang.Thread.State: TIMED_WAITING
        at sun.misc.Unsafe.park(Native Method)
        at java.util.concurrent.locks.LockSupport.parkNanos(LockSupport.java:215)
        at java.util.concurrent.locks.AbstractQueuedSynchronizer$ConditionObject.awaitNanos(AbstractQueuedSynchronizer.java:2078)
        at org.apache.ratis.util.DataBlockingQueue.poll(DataBlockingQueue.java:148)
        at org.apache.ratis.server.raftlog.segmented.SegmentedRaftLogWorker.run(SegmentedRaftLogWorker.java:310)
        at org.apache.ratis.server.raftlog.segmented.SegmentedRaftLogWorker$$Lambda$665/1346122915.run(Unknown Source)
        at java.lang.Thread.run(Thread.java:750)
"Datanode ReportManager Thread - 3" daemon prio=5 tid=384 in Object.wait()
java.lang.Thread.State: WAITING (on object monitor)
        at sun.misc.Unsafe.park(Native Method)
        at java.util.concurrent.locks.LockSupport.park(LockSupport.java:175)
        at java.util.concurrent.locks.AbstractQueuedSynchronizer$ConditionObject.await(AbstractQueuedSynchronizer.java:2039)
        at java.util.concurrent.ScheduledThreadPoolExecutor$DelayedWorkQueue.take(ScheduledThreadPoolExecutor.java:1088)
        at java.util.concurrent.ScheduledThreadPoolExecutor$DelayedWorkQueue.take(ScheduledThreadPoolExecutor.java:809)
        at java.util.concurrent.ThreadPoolExecutor.getTask(ThreadPoolExecutor.java:1074)
        at java.util.concurrent.ThreadPoolExecutor.runWorker(ThreadPoolExecutor.java:1134)
        at java.util.concurrent.ThreadPoolExecutor$Worker.run(ThreadPoolExecutor.java:624)
        at java.lang.Thread.run(Thread.java:750)
"IPC Server handler 19 on default port 32861" daemon prio=5 tid=56 timed_waiting
java.lang.Thread.State: TIMED_WAITING
        at sun.misc.Unsafe.park(Native Method)
        at java.util.concurrent.locks.LockSupport.parkNanos(LockSupport.java:215)
        at java.util.concurrent.locks.AbstractQueuedSynchronizer$ConditionObject.awaitNanos(AbstractQueuedSynchronizer.java:2078)
        at java.util.concurrent.LinkedBlockingQueue.poll(LinkedBlockingQueue.java:467)
        at org.apache.hadoop.ipc.CallQueueManager.take(CallQueueManager.java:317)
        at org.apache.hadoop.ipc.Server$Handler.run(Server.java:2942)
"ChunkReader-0" daemon prio=5 tid=758 in Object.wait()
java.lang.Thread.State: WAITING (on object monitor)
        at sun.misc.Unsafe.park(Native Method)
        at java.util.concurrent.locks.LockSupport.park(LockSupport.java:175)
        at java.util.concurrent.locks.AbstractQueuedSynchronizer$ConditionObject.await(AbstractQueuedSynchronizer.java:2039)
        at java.util.concurrent.LinkedBlockingQueue.take(LinkedBlockingQueue.java:442)
        at java.util.concurrent.ThreadPoolExecutor.getTask(ThreadPoolExecutor.java:1074)
        at java.util.concurrent.ThreadPoolExecutor.runWorker(ThreadPoolExecutor.java:1134)
        at java.util.concurrent.ThreadPoolExecutor$Worker.run(ThreadPoolExecutor.java:624)
        at java.lang.Thread.run(Thread.java:750)
"Session-HouseKeeper-597bc1c6-1"  prio=5 tid=288 timed_waiting
java.lang.Thread.State: TIMED_WAITING
        at sun.misc.Unsafe.park(Native Method)
        at java.util.concurrent.locks.LockSupport.parkNanos(LockSupport.java:215)
        at java.util.concurrent.locks.AbstractQueuedSynchronizer$ConditionObject.awaitNanos(AbstractQueuedSynchronizer.java:2078)
        at java.util.concurrent.ScheduledThreadPoolExecutor$DelayedWorkQueue.take(ScheduledThreadPoolExecutor.java:1093)
        at java.util.concurrent.ScheduledThreadPoolExecutor$DelayedWorkQueue.take(ScheduledThreadPoolExecutor.java:809)
        at java.util.concurrent.ThreadPoolExecutor.getTask(ThreadPoolExecutor.java:1074)
        at java.util.concurrent.ThreadPoolExecutor.runWorker(ThreadPoolExecutor.java:1134)
        at java.util.concurrent.ThreadPoolExecutor$Worker.run(ThreadPoolExecutor.java:624)
        at java.lang.Thread.run(Thread.java:750)
"timer4" daemon prio=5 tid=719 timed_waiting
java.lang.Thread.State: TIMED_WAITING
        at java.lang.Object.wait(Native Method)
        at java.util.TimerThread.mainLoop(Timer.java:552)
        at java.util.TimerThread.run(Timer.java:505)
"Datanode State Machine Task Thread - 0"  prio=5 tid=388 in Object.wait()
java.lang.Thread.State: WAITING (on object monitor)
        at sun.misc.Unsafe.park(Native Method)
        at java.util.concurrent.locks.LockSupport.park(LockSupport.java:175)
        at java.util.concurrent.locks.AbstractQueuedSynchronizer$ConditionObject.await(AbstractQueuedSynchronizer.java:2039)
        at java.util.concurrent.LinkedBlockingQueue.take(LinkedBlockingQueue.java:442)
        at java.util.concurrent.ThreadPoolExecutor.getTask(ThreadPoolExecutor.java:1074)
        at java.util.concurrent.ThreadPoolExecutor.runWorker(ThreadPoolExecutor.java:1134)
        at java.util.concurrent.ThreadPoolExecutor$Worker.run(ThreadPoolExecutor.java:624)
        at java.lang.Thread.run(Thread.java:750)
"StaleRecoveringContainerScrubbingService#1" daemon prio=5 tid=442 timed_waiting
java.lang.Thread.State: TIMED_WAITING
        at sun.misc.Unsafe.park(Native Method)
        at java.util.concurrent.locks.LockSupport.parkNanos(LockSupport.java:215)
        at java.util.concurrent.locks.AbstractQueuedSynchronizer$ConditionObject.awaitNanos(AbstractQueuedSynchronizer.java:2078)
        at java.util.concurrent.ScheduledThreadPoolExecutor$DelayedWorkQueue.take(ScheduledThreadPoolExecutor.java:1093)
        at java.util.concurrent.ScheduledThreadPoolExecutor$DelayedWorkQueue.take(ScheduledThreadPoolExecutor.java:809)
        at java.util.concurrent.ThreadPoolExecutor.getTask(ThreadPoolExecutor.java:1074)
        at java.util.concurrent.ThreadPoolExecutor.runWorker(ThreadPoolExecutor.java:1134)
        at java.util.concurrent.ThreadPoolExecutor$Worker.run(ThreadPoolExecutor.java:624)
        at java.lang.Thread.run(Thread.java:750)
"IPC Server handler 5 on default port 35291" daemon prio=5 tid=82 timed_waiting
java.lang.Thread.State: TIMED_WAITING
        at sun.misc.Unsafe.park(Native Method)
        at java.util.concurrent.locks.LockSupport.parkNanos(LockSupport.java:215)
        at java.util.concurrent.locks.AbstractQueuedSynchronizer$ConditionObject.awaitNanos(AbstractQueuedSynchronizer.java:2078)
        at java.util.concurrent.LinkedBlockingQueue.poll(LinkedBlockingQueue.java:467)
        at org.apache.hadoop.ipc.CallQueueManager.take(CallQueueManager.java:317)
        at org.apache.hadoop.ipc.Server$Handler.run(Server.java:2942)
"BlockDeletingService#1" daemon prio=5 tid=444 timed_waiting
java.lang.Thread.State: TIMED_WAITING
        at sun.misc.Unsafe.park(Native Method)
        at java.util.concurrent.locks.LockSupport.parkNanos(LockSupport.java:215)
        at java.util.concurrent.locks.AbstractQueuedSynchronizer$ConditionObject.awaitNanos(AbstractQueuedSynchronizer.java:2078)
        at java.util.concurrent.ScheduledThreadPoolExecutor$DelayedWorkQueue.take(ScheduledThreadPoolExecutor.java:1093)
        at java.util.concurrent.ScheduledThreadPoolExecutor$DelayedWorkQueue.take(ScheduledThreadPoolExecutor.java:809)
        at java.util.concurrent.ThreadPoolExecutor.getTask(ThreadPoolExecutor.java:1074)
        at java.util.concurrent.ThreadPoolExecutor.runWorker(ThreadPoolExecutor.java:1134)
        at java.util.concurrent.ThreadPoolExecutor$Worker.run(ThreadPoolExecutor.java:624)
        at java.lang.Thread.run(Thread.java:750)
"org.apache.hadoop.util.JvmPauseMonitor$Monitor@77e0d62f" daemon prio=5 tid=164 timed_waiting
java.lang.Thread.State: TIMED_WAITING
        at java.lang.Thread.sleep(Native Method)
        at org.apache.hadoop.util.JvmPauseMonitor$Monitor.run(JvmPauseMonitor.java:192)
        at java.lang.Thread.run(Thread.java:750)
"86e92292-7141-46cb-9ed5-093a2cfc2b40@group-C2E61F12FD9A-FollowerState" daemon prio=5 tid=844 timed_waiting
java.lang.Thread.State: TIMED_WAITING
        at java.lang.Thread.sleep(Native Method)
        at java.lang.Thread.sleep(Thread.java:342)
        at java.util.concurrent.TimeUnit.sleep(TimeUnit.java:386)
        at org.apache.ratis.util.TimeDuration.sleep(TimeDuration.java:325)
        at org.apache.ratis.util.TimeDuration.sleep(TimeDuration.java:310)
        at org.apache.ratis.server.impl.FollowerState.run(FollowerState.java:128)
"qtp1266321027-416" daemon prio=5 tid=416 timed_waiting
java.lang.Thread.State: TIMED_WAITING
        at sun.misc.Unsafe.park(Native Method)
        at java.util.concurrent.locks.LockSupport.parkNanos(LockSupport.java:215)
        at java.util.concurrent.locks.AbstractQueuedSynchronizer$ConditionObject.awaitNanos(AbstractQueuedSynchronizer.java:2078)
        at org.eclipse.jetty.util.BlockingArrayQueue.poll(BlockingArrayQueue.java:382)
        at org.eclipse.jetty.util.thread.QueuedThreadPool$Runner.idleJobPoll(QueuedThreadPool.java:974)
        at org.eclipse.jetty.util.thread.QueuedThreadPool$Runner.run(QueuedThreadPool.java:1018)
        at java.lang.Thread.run(Thread.java:750)
"qtp1266321027-410-acceptor-0@1523557b-ServerConnector@5d0c5251{HTTP/1.1, (http/1.1)}{0.0.0.0:38905}" daemon prio=3 tid=410 runnable
java.lang.Thread.State: RUNNABLE
        at sun.nio.ch.ServerSocketChannelImpl.accept0(Native Method)
        at sun.nio.ch.ServerSocketChannelImpl.accept(ServerSocketChannelImpl.java:421)
        at sun.nio.ch.ServerSocketChannelImpl.accept(ServerSocketChannelImpl.java:249)
        at org.eclipse.jetty.server.ServerConnector.accept(ServerConnector.java:388)
        at org.eclipse.jetty.server.AbstractConnector$Acceptor.run(AbstractConnector.java:704)
        at org.eclipse.jetty.util.thread.QueuedThreadPool.runJob(QueuedThreadPool.java:883)
        at org.eclipse.jetty.util.thread.QueuedThreadPool$Runner.run(QueuedThreadPool.java:1034)
        at java.lang.Thread.run(Thread.java:750)
"IPC Server handler 16 on default port 42013" daemon prio=5 tid=160 timed_waiting
java.lang.Thread.State: TIMED_WAITING
        at sun.misc.Unsafe.park(Native Method)
        at java.util.concurrent.locks.LockSupport.parkNanos(LockSupport.java:215)
        at java.util.concurrent.locks.AbstractQueuedSynchronizer$ConditionObject.awaitNanos(AbstractQueuedSynchronizer.java:2078)
        at java.util.concurrent.LinkedBlockingQueue.poll(LinkedBlockingQueue.java:467)
        at org.apache.hadoop.ipc.CallQueueManager.take(CallQueueManager.java:317)
        at org.apache.hadoop.ipc.Server$Handler.run(Server.java:2942)
"ChunkWriter-2-0" daemon prio=5 tid=431 in Object.wait()
java.lang.Thread.State: WAITING (on object monitor)
        at sun.misc.Unsafe.park(Native Method)
        at java.util.concurrent.locks.LockSupport.park(LockSupport.java:175)
        at java.util.concurrent.locks.AbstractQueuedSynchronizer$ConditionObject.await(AbstractQueuedSynchronizer.java:2039)
        at java.util.concurrent.LinkedBlockingDeque.takeFirst(LinkedBlockingDeque.java:492)
        at java.util.concurrent.LinkedBlockingDeque.take(LinkedBlockingDeque.java:680)
        at java.util.concurrent.ThreadPoolExecutor.getTask(ThreadPoolExecutor.java:1074)
        at java.util.concurrent.ThreadPoolExecutor.runWorker(ThreadPoolExecutor.java:1134)
        at java.util.concurrent.ThreadPoolExecutor$Worker.run(ThreadPoolExecutor.java:624)
        at java.lang.Thread.run(Thread.java:750)
"qtp113925453-374" daemon prio=5 tid=374 timed_waiting
java.lang.Thread.State: TIMED_WAITING
        at sun.misc.Unsafe.park(Native Method)
        at java.util.concurrent.locks.LockSupport.parkNanos(LockSupport.java:215)
        at java.util.concurrent.locks.AbstractQueuedSynchronizer$ConditionObject.awaitNanos(AbstractQueuedSynchronizer.java:2078)
        at org.eclipse.jetty.util.BlockingArrayQueue.poll(BlockingArrayQueue.java:382)
        at org.eclipse.jetty.util.thread.QueuedThreadPool$Runner.idleJobPoll(QueuedThreadPool.java:974)
        at org.eclipse.jetty.util.thread.QueuedThreadPool$Runner.run(QueuedThreadPool.java:1018)
        at java.lang.Thread.run(Thread.java:750)
"IPC Server handler 7 on default port 35291" daemon prio=5 tid=84 timed_waiting
java.lang.Thread.State: TIMED_WAITING
        at sun.misc.Unsafe.park(Native Method)
        at java.util.concurrent.locks.LockSupport.parkNanos(LockSupport.java:215)
        at java.util.concurrent.locks.AbstractQueuedSynchronizer$ConditionObject.awaitNanos(AbstractQueuedSynchronizer.java:2078)
        at java.util.concurrent.LinkedBlockingQueue.poll(LinkedBlockingQueue.java:467)
        at org.apache.hadoop.ipc.CallQueueManager.take(CallQueueManager.java:317)
        at org.apache.hadoop.ipc.Server$Handler.run(Server.java:2942)
"StaleRecoveringContainerScrubbingService#0" daemon prio=5 tid=486 in Object.wait()
java.lang.Thread.State: WAITING (on object monitor)
        at sun.misc.Unsafe.park(Native Method)
        at java.util.concurrent.locks.LockSupport.park(LockSupport.java:175)
        at java.util.concurrent.locks.AbstractQueuedSynchronizer$ConditionObject.await(AbstractQueuedSynchronizer.java:2039)
        at java.util.concurrent.ScheduledThreadPoolExecutor$DelayedWorkQueue.take(ScheduledThreadPoolExecutor.java:1088)
        at java.util.concurrent.ScheduledThreadPoolExecutor$DelayedWorkQueue.take(ScheduledThreadPoolExecutor.java:809)
        at java.util.concurrent.ThreadPoolExecutor.getTask(ThreadPoolExecutor.java:1074)
        at java.util.concurrent.ThreadPoolExecutor.runWorker(ThreadPoolExecutor.java:1134)
        at java.util.concurrent.ThreadPoolExecutor$Worker.run(ThreadPoolExecutor.java:624)
        at java.lang.Thread.run(Thread.java:750)
"qtp1266321027-415" daemon prio=5 tid=415 timed_waiting
java.lang.Thread.State: TIMED_WAITING
        at sun.misc.Unsafe.park(Native Method)
        at java.util.concurrent.locks.LockSupport.parkNanos(LockSupport.java:215)
        at java.util.concurrent.locks.AbstractQueuedSynchronizer$ConditionObject.awaitNanos(AbstractQueuedSynchronizer.java:2078)
        at org.eclipse.jetty.util.BlockingArrayQueue.poll(BlockingArrayQueue.java:382)
        at org.eclipse.jetty.util.thread.QueuedThreadPool$Runner.idleJobPoll(QueuedThreadPool.java:974)
        at org.eclipse.jetty.util.thread.QueuedThreadPool$Runner.run(QueuedThreadPool.java:1018)
        at java.lang.Thread.run(Thread.java:750)
"58d8b8bb-cfc7-423c-ba1f-09160eea4c71-server-thread2" daemon prio=5 tid=723 timed_waiting
java.lang.Thread.State: TIMED_WAITING
        at sun.misc.Unsafe.park(Native Method)
        at java.util.concurrent.locks.LockSupport.parkNanos(LockSupport.java:215)
        at java.util.concurrent.SynchronousQueue$TransferStack.awaitFulfill(SynchronousQueue.java:460)
        at java.util.concurrent.SynchronousQueue$TransferStack.transfer(SynchronousQueue.java:362)
        at java.util.concurrent.SynchronousQueue.poll(SynchronousQueue.java:941)
        at java.util.concurrent.ThreadPoolExecutor.getTask(ThreadPoolExecutor.java:1073)
        at java.util.concurrent.ThreadPoolExecutor.runWorker(ThreadPoolExecutor.java:1134)
        at java.util.concurrent.ThreadPoolExecutor$Worker.run(ThreadPoolExecutor.java:624)
        at java.lang.Thread.run(Thread.java:750)
"ChunkWriter-1-0" daemon prio=5 tid=538 in Object.wait()
java.lang.Thread.State: WAITING (on object monitor)
        at sun.misc.Unsafe.park(Native Method)
        at java.util.concurrent.locks.LockSupport.park(LockSupport.java:175)
        at java.util.concurrent.locks.AbstractQueuedSynchronizer$ConditionObject.await(AbstractQueuedSynchronizer.java:2039)
        at java.util.concurrent.LinkedBlockingDeque.takeFirst(LinkedBlockingDeque.java:492)
        at java.util.concurrent.LinkedBlockingDeque.take(LinkedBlockingDeque.java:680)
        at java.util.concurrent.ThreadPoolExecutor.getTask(ThreadPoolExecutor.java:1074)
        at java.util.concurrent.ThreadPoolExecutor.runWorker(ThreadPoolExecutor.java:1134)
        at java.util.concurrent.ThreadPoolExecutor$Worker.run(ThreadPoolExecutor.java:624)
        at java.lang.Thread.run(Thread.java:750)
"ChunkWriter-1-0" daemon prio=5 tid=480 in Object.wait()
java.lang.Thread.State: WAITING (on object monitor)
        at sun.misc.Unsafe.park(Native Method)
        at java.util.concurrent.locks.LockSupport.park(LockSupport.java:175)
        at java.util.concurrent.locks.AbstractQueuedSynchronizer$ConditionObject.await(AbstractQueuedSynchronizer.java:2039)
        at java.util.concurrent.LinkedBlockingDeque.takeFirst(LinkedBlockingDeque.java:492)
        at java.util.concurrent.LinkedBlockingDeque.take(LinkedBlockingDeque.java:680)
        at java.util.concurrent.ThreadPoolExecutor.getTask(ThreadPoolExecutor.java:1074)
        at java.util.concurrent.ThreadPoolExecutor.runWorker(ThreadPoolExecutor.java:1134)
        at java.util.concurrent.ThreadPoolExecutor$Worker.run(ThreadPoolExecutor.java:624)
        at java.lang.Thread.run(Thread.java:750)
"Datanode State Machine Daemon Thread" daemon prio=5 tid=315 timed_waiting
java.lang.Thread.State: TIMED_WAITING
        at java.lang.Thread.sleep(Native Method)
        at org.apache.hadoop.ozone.container.common.statemachine.DatanodeStateMachine.startStateMachineThread(DatanodeStateMachine.java:321)
        at org.apache.hadoop.ozone.container.common.statemachine.DatanodeStateMachine.lambda$startDaemon$0(DatanodeStateMachine.java:506)
        at org.apache.hadoop.ozone.container.common.statemachine.DatanodeStateMachine$$Lambda$750/1660784802.run(Unknown Source)
        at java.lang.Thread.run(Thread.java:750)
"IPC Server handler 9 on default port 32861" daemon prio=5 tid=46 timed_waiting
java.lang.Thread.State: TIMED_WAITING
        at sun.misc.Unsafe.park(Native Method)
        at java.util.concurrent.locks.LockSupport.parkNanos(LockSupport.java:215)
        at java.util.concurrent.locks.AbstractQueuedSynchronizer$ConditionObject.awaitNanos(AbstractQueuedSynchronizer.java:2078)
        at java.util.concurrent.LinkedBlockingQueue.poll(LinkedBlockingQueue.java:467)
        at org.apache.hadoop.ipc.CallQueueManager.take(CallQueueManager.java:317)
        at org.apache.hadoop.ipc.Server$Handler.run(Server.java:2942)
"IPC Server handler 12 on default port 41145" daemon prio=5 tid=69 timed_waiting
java.lang.Thread.State: TIMED_WAITING
        at sun.misc.Unsafe.park(Native Method)
        at java.util.concurrent.locks.LockSupport.parkNanos(LockSupport.java:215)
        at java.util.concurrent.locks.AbstractQueuedSynchronizer$ConditionObject.awaitNanos(AbstractQueuedSynchronizer.java:2078)
        at java.util.concurrent.LinkedBlockingQueue.poll(LinkedBlockingQueue.java:467)
        at org.apache.hadoop.ipc.CallQueueManager.take(CallQueueManager.java:317)
        at org.apache.hadoop.ipc.Server$Handler.run(Server.java:2942)
"IPC Server handler 1 on default port 42013" daemon prio=5 tid=145 timed_waiting
java.lang.Thread.State: TIMED_WAITING
        at sun.misc.Unsafe.park(Native Method)
        at java.util.concurrent.locks.LockSupport.parkNanos(LockSupport.java:215)
        at java.util.concurrent.locks.AbstractQueuedSynchronizer$ConditionObject.awaitNanos(AbstractQueuedSynchronizer.java:2078)
        at java.util.concurrent.LinkedBlockingQueue.poll(LinkedBlockingQueue.java:467)
        at org.apache.hadoop.ipc.CallQueueManager.take(CallQueueManager.java:317)
        at org.apache.hadoop.ipc.Server$Handler.run(Server.java:2942)
"EventQueue-NodeRegistrationContainerReportForDataNodeSafeModeRule" daemon prio=5 tid=504 in Object.wait()
java.lang.Thread.State: WAITING (on object monitor)
        at sun.misc.Unsafe.park(Native Method)
        at java.util.concurrent.locks.LockSupport.park(LockSupport.java:175)
        at java.util.concurrent.locks.AbstractQueuedSynchronizer$ConditionObject.await(AbstractQueuedSynchronizer.java:2039)
        at java.util.concurrent.LinkedBlockingQueue.take(LinkedBlockingQueue.java:442)
        at java.util.concurrent.ThreadPoolExecutor.getTask(ThreadPoolExecutor.java:1074)
        at java.util.concurrent.ThreadPoolExecutor.runWorker(ThreadPoolExecutor.java:1134)
        at java.util.concurrent.ThreadPoolExecutor$Worker.run(ThreadPoolExecutor.java:624)
        at java.lang.Thread.run(Thread.java:750)
"EventQueue-NodeReportForNodeReportHandler" daemon prio=5 tid=896 in Object.wait()
java.lang.Thread.State: WAITING (on object monitor)
        at sun.misc.Unsafe.park(Native Method)
        at java.util.concurrent.locks.LockSupport.park(LockSupport.java:175)
        at java.util.concurrent.locks.AbstractQueuedSynchronizer$ConditionObject.await(AbstractQueuedSynchronizer.java:2039)
        at java.util.concurrent.LinkedBlockingQueue.take(LinkedBlockingQueue.java:442)
        at java.util.concurrent.ThreadPoolExecutor.getTask(ThreadPoolExecutor.java:1074)
        at java.util.concurrent.ThreadPoolExecutor.runWorker(ThreadPoolExecutor.java:1134)
        at java.util.concurrent.ThreadPoolExecutor$Worker.run(ThreadPoolExecutor.java:624)
        at java.lang.Thread.run(Thread.java:750)
"pool-237-thread-1"  prio=5 tid=647 in Object.wait()
java.lang.Thread.State: WAITING (on object monitor)
        at sun.misc.Unsafe.park(Native Method)
        at java.util.concurrent.locks.LockSupport.park(LockSupport.java:175)
        at java.util.concurrent.locks.AbstractQueuedSynchronizer$ConditionObject.await(AbstractQueuedSynchronizer.java:2039)
        at java.util.concurrent.LinkedBlockingQueue.take(LinkedBlockingQueue.java:442)
        at java.util.concurrent.ThreadPoolExecutor.getTask(ThreadPoolExecutor.java:1074)
        at java.util.concurrent.ThreadPoolExecutor.runWorker(ThreadPoolExecutor.java:1134)
        at java.util.concurrent.ThreadPoolExecutor$Worker.run(ThreadPoolExecutor.java:624)
        at java.lang.Thread.run(Thread.java:750)
"JvmPauseMonitor8" daemon prio=5 tid=528 timed_waiting
java.lang.Thread.State: TIMED_WAITING
        at java.lang.Thread.sleep(Native Method)
        at java.lang.Thread.sleep(Thread.java:342)
        at java.util.concurrent.TimeUnit.sleep(TimeUnit.java:386)
        at org.apache.ratis.util.TimeDuration.sleep(TimeDuration.java:325)
        at org.apache.ratis.util.TimeDuration.sleep(TimeDuration.java:310)
        at org.apache.ratis.util.JvmPauseMonitor.detectPause(JvmPauseMonitor.java:119)
        at org.apache.ratis.util.JvmPauseMonitor.run(JvmPauseMonitor.java:108)
        at org.apache.ratis.util.JvmPauseMonitor$$Lambda$706/1510764580.run(Unknown Source)
        at java.lang.Thread.run(Thread.java:750)
"86e92292-7141-46cb-9ed5-093a2cfc2b40@group-C2E61F12FD9A-StateMachineUpdater" daemon prio=5 tid=595 timed_waiting
java.lang.Thread.State: TIMED_WAITING
        at sun.misc.Unsafe.park(Native Method)
        at java.util.concurrent.locks.LockSupport.parkNanos(LockSupport.java:215)
        at java.util.concurrent.CompletableFuture$Signaller.block(CompletableFuture.java:1709)
        at java.util.concurrent.ForkJoinPool.managedBlock(ForkJoinPool.java:3323)
        at java.util.concurrent.CompletableFuture.timedGet(CompletableFuture.java:1788)
        at java.util.concurrent.CompletableFuture.get(CompletableFuture.java:1928)
        at org.apache.ratis.util.AwaitForSignal.await(AwaitForSignal.java:56)
        at org.apache.ratis.server.impl.StateMachineUpdater.waitForCommit(StateMachineUpdater.java:207)
        at org.apache.ratis.server.impl.StateMachineUpdater.run(StateMachineUpdater.java:176)
        at java.lang.Thread.run(Thread.java:750)
"1641b62a-4180-4dbf-88c4-03961663b9b6@group-BC93B82E8E82-StateMachineUpdater" daemon prio=5 tid=677 timed_waiting
java.lang.Thread.State: TIMED_WAITING
        at sun.misc.Unsafe.park(Native Method)
        at java.util.concurrent.locks.LockSupport.parkNanos(LockSupport.java:215)
        at java.util.concurrent.CompletableFuture$Signaller.block(CompletableFuture.java:1709)
        at java.util.concurrent.ForkJoinPool.managedBlock(ForkJoinPool.java:3323)
        at java.util.concurrent.CompletableFuture.timedGet(CompletableFuture.java:1788)
        at java.util.concurrent.CompletableFuture.get(CompletableFuture.java:1928)
        at org.apache.ratis.util.AwaitForSignal.await(AwaitForSignal.java:56)
        at org.apache.ratis.server.impl.StateMachineUpdater.waitForCommit(StateMachineUpdater.java:207)
        at org.apache.ratis.server.impl.StateMachineUpdater.run(StateMachineUpdater.java:176)
        at java.lang.Thread.run(Thread.java:750)
"qtp406153553-104" daemon prio=5 tid=104 timed_waiting
java.lang.Thread.State: TIMED_WAITING
        at sun.misc.Unsafe.park(Native Method)
        at java.util.concurrent.locks.LockSupport.parkNanos(LockSupport.java:215)
        at java.util.concurrent.locks.AbstractQueuedSynchronizer$ConditionObject.awaitNanos(AbstractQueuedSynchronizer.java:2078)
        at org.eclipse.jetty.util.BlockingArrayQueue.poll(BlockingArrayQueue.java:382)
        at org.eclipse.jetty.util.thread.QueuedThreadPool$Runner.idleJobPoll(QueuedThreadPool.java:974)
        at org.eclipse.jetty.util.thread.QueuedThreadPool$Runner.run(QueuedThreadPool.java:1018)
        at java.lang.Thread.run(Thread.java:750)
"SCMBlockDeletingService#0" daemon prio=5 tid=97 timed_waiting
java.lang.Thread.State: TIMED_WAITING
        at sun.misc.Unsafe.park(Native Method)
        at java.util.concurrent.locks.LockSupport.parkNanos(LockSupport.java:215)
        at java.util.concurrent.locks.AbstractQueuedSynchronizer$ConditionObject.awaitNanos(AbstractQueuedSynchronizer.java:2078)
        at java.util.concurrent.ScheduledThreadPoolExecutor$DelayedWorkQueue.take(ScheduledThreadPoolExecutor.java:1093)
        at java.util.concurrent.ScheduledThreadPoolExecutor$DelayedWorkQueue.take(ScheduledThreadPoolExecutor.java:809)
        at java.util.concurrent.ThreadPoolExecutor.getTask(ThreadPoolExecutor.java:1074)
        at java.util.concurrent.ThreadPoolExecutor.runWorker(ThreadPoolExecutor.java:1134)
        at java.util.concurrent.ThreadPoolExecutor$Worker.run(ThreadPoolExecutor.java:624)
        at java.lang.Thread.run(Thread.java:750)
"qtp362095723-282" daemon prio=5 tid=282 timed_waiting
java.lang.Thread.State: TIMED_WAITING
        at sun.misc.Unsafe.park(Native Method)
        at java.util.concurrent.locks.LockSupport.parkNanos(LockSupport.java:215)
        at java.util.concurrent.locks.AbstractQueuedSynchronizer$ConditionObject.awaitNanos(AbstractQueuedSynchronizer.java:2078)
        at org.eclipse.jetty.util.BlockingArrayQueue.poll(BlockingArrayQueue.java:382)
        at org.eclipse.jetty.util.thread.QueuedThreadPool$Runner.idleJobPoll(QueuedThreadPool.java:974)
        at org.eclipse.jetty.util.thread.QueuedThreadPool$Runner.run(QueuedThreadPool.java:1018)
        at java.lang.Thread.run(Thread.java:750)
"Datanode State Machine Task Thread - 0"  prio=5 tid=476 in Object.wait()
java.lang.Thread.State: WAITING (on object monitor)
        at sun.misc.Unsafe.park(Native Method)
        at java.util.concurrent.locks.LockSupport.park(LockSupport.java:175)
        at java.util.concurrent.locks.AbstractQueuedSynchronizer$ConditionObject.await(AbstractQueuedSynchronizer.java:2039)
        at java.util.concurrent.LinkedBlockingQueue.take(LinkedBlockingQueue.java:442)
        at java.util.concurrent.ThreadPoolExecutor.getTask(ThreadPoolExecutor.java:1074)
        at java.util.concurrent.ThreadPoolExecutor.runWorker(ThreadPoolExecutor.java:1134)
        at java.util.concurrent.ThreadPoolExecutor$Worker.run(ThreadPoolExecutor.java:624)
        at java.lang.Thread.run(Thread.java:750)
"pool-64-thread-1" daemon prio=5 tid=168 timed_waiting
java.lang.Thread.State: TIMED_WAITING
        at sun.misc.Unsafe.park(Native Method)
        at java.util.concurrent.locks.LockSupport.parkNanos(LockSupport.java:215)
        at java.util.concurrent.locks.AbstractQueuedSynchronizer$ConditionObject.awaitNanos(AbstractQueuedSynchronizer.java:2078)
        at java.util.concurrent.ScheduledThreadPoolExecutor$DelayedWorkQueue.take(ScheduledThreadPoolExecutor.java:1093)
        at java.util.concurrent.ScheduledThreadPoolExecutor$DelayedWorkQueue.take(ScheduledThreadPoolExecutor.java:809)
        at java.util.concurrent.ThreadPoolExecutor.getTask(ThreadPoolExecutor.java:1074)
        at java.util.concurrent.ThreadPoolExecutor.runWorker(ThreadPoolExecutor.java:1134)
        at java.util.concurrent.ThreadPoolExecutor$Worker.run(ThreadPoolExecutor.java:624)
        at java.lang.Thread.run(Thread.java:750)
"qtp1596017970-234" daemon prio=5 tid=234 timed_waiting
java.lang.Thread.State: TIMED_WAITING
        at sun.misc.Unsafe.park(Native Method)
        at java.util.concurrent.locks.LockSupport.parkNanos(LockSupport.java:215)
        at java.util.concurrent.locks.AbstractQueuedSynchronizer$ConditionObject.awaitNanos(AbstractQueuedSynchronizer.java:2078)
        at org.eclipse.jetty.util.BlockingArrayQueue.poll(BlockingArrayQueue.java:382)
        at org.eclipse.jetty.util.thread.QueuedThreadPool$Runner.idleJobPoll(QueuedThreadPool.java:974)
        at org.eclipse.jetty.util.thread.QueuedThreadPool$Runner.run(QueuedThreadPool.java:1018)
        at java.lang.Thread.run(Thread.java:750)
"IPC Server handler 1 on default port 41145" daemon prio=5 tid=58 timed_waiting
java.lang.Thread.State: TIMED_WAITING
        at sun.misc.Unsafe.park(Native Method)
        at java.util.concurrent.locks.LockSupport.parkNanos(LockSupport.java:215)
        at java.util.concurrent.locks.AbstractQueuedSynchronizer$ConditionObject.awaitNanos(AbstractQueuedSynchronizer.java:2078)
        at java.util.concurrent.LinkedBlockingQueue.poll(LinkedBlockingQueue.java:467)
        at org.apache.hadoop.ipc.CallQueueManager.take(CallQueueManager.java:317)
        at org.apache.hadoop.ipc.Server$Handler.run(Server.java:2942)
"Session-HouseKeeper-c9ec20e-1"  prio=5 tid=143 timed_waiting
java.lang.Thread.State: TIMED_WAITING
        at sun.misc.Unsafe.park(Native Method)
        at java.util.concurrent.locks.LockSupport.parkNanos(LockSupport.java:215)
        at java.util.concurrent.locks.AbstractQueuedSynchronizer$ConditionObject.awaitNanos(AbstractQueuedSynchronizer.java:2078)
        at java.util.concurrent.ScheduledThreadPoolExecutor$DelayedWorkQueue.take(ScheduledThreadPoolExecutor.java:1093)
        at java.util.concurrent.ScheduledThreadPoolExecutor$DelayedWorkQueue.take(ScheduledThreadPoolExecutor.java:809)
        at java.util.concurrent.ThreadPoolExecutor.getTask(ThreadPoolExecutor.java:1074)
        at java.util.concurrent.ThreadPoolExecutor.runWorker(ThreadPoolExecutor.java:1134)
        at java.util.concurrent.ThreadPoolExecutor$Worker.run(ThreadPoolExecutor.java:624)
        at java.lang.Thread.run(Thread.java:750)
"qtp1678529210-453" daemon prio=5 tid=453 timed_waiting
java.lang.Thread.State: TIMED_WAITING
        at sun.misc.Unsafe.park(Native Method)
        at java.util.concurrent.locks.LockSupport.parkNanos(LockSupport.java:215)
        at java.util.concurrent.locks.AbstractQueuedSynchronizer$ConditionObject.awaitNanos(AbstractQueuedSynchronizer.java:2078)
        at org.eclipse.jetty.util.BlockingArrayQueue.poll(BlockingArrayQueue.java:382)
        at org.eclipse.jetty.util.thread.QueuedThreadPool$Runner.idleJobPoll(QueuedThreadPool.java:974)
        at org.eclipse.jetty.util.thread.QueuedThreadPool$Runner.run(QueuedThreadPool.java:1018)
        at java.lang.Thread.run(Thread.java:750)
"qtp1103911337-254" daemon prio=5 tid=254 runnable
java.lang.Thread.State: RUNNABLE
        at sun.nio.ch.EPollArrayWrapper.epollWait(Native Method)
        at sun.nio.ch.EPollArrayWrapper.poll(EPollArrayWrapper.java:269)
        at sun.nio.ch.EPollSelectorImpl.doSelect(EPollSelectorImpl.java:93)
        at sun.nio.ch.SelectorImpl.lockAndDoSelect(SelectorImpl.java:86)
        at sun.nio.ch.SelectorImpl.select(SelectorImpl.java:97)
        at sun.nio.ch.SelectorImpl.select(SelectorImpl.java:101)
        at org.eclipse.jetty.io.ManagedSelector.nioSelect(ManagedSelector.java:183)
        at org.eclipse.jetty.io.ManagedSelector.select(ManagedSelector.java:190)
        at org.eclipse.jetty.io.ManagedSelector$SelectorProducer.select(ManagedSelector.java:606)
        at org.eclipse.jetty.io.ManagedSelector$SelectorProducer.produce(ManagedSelector.java:543)
        at org.eclipse.jetty.util.thread.strategy.EatWhatYouKill.produceTask(EatWhatYouKill.java:362)
        at org.eclipse.jetty.util.thread.strategy.EatWhatYouKill.doProduce(EatWhatYouKill.java:186)
        at org.eclipse.jetty.util.thread.strategy.EatWhatYouKill.tryProduce(EatWhatYouKill.java:173)
        at org.eclipse.jetty.util.thread.strategy.EatWhatYouKill.produce(EatWhatYouKill.java:137)
        at org.eclipse.jetty.io.ManagedSelector$$Lambda$446/1613065499.run(Unknown Source)
        at org.eclipse.jetty.util.thread.QueuedThreadPool.runJob(QueuedThreadPool.java:883)
        at org.eclipse.jetty.util.thread.QueuedThreadPool$Runner.run(QueuedThreadPool.java:1034)
        at java.lang.Thread.run(Thread.java:750)
"ChunkWriter-3-0" daemon prio=5 tid=540 in Object.wait()
java.lang.Thread.State: WAITING (on object monitor)
        at sun.misc.Unsafe.park(Native Method)
        at java.util.concurrent.locks.LockSupport.park(LockSupport.java:175)
        at java.util.concurrent.locks.AbstractQueuedSynchronizer$ConditionObject.await(AbstractQueuedSynchronizer.java:2039)
        at java.util.concurrent.LinkedBlockingDeque.takeFirst(LinkedBlockingDeque.java:492)
        at java.util.concurrent.LinkedBlockingDeque.take(LinkedBlockingDeque.java:680)
        at java.util.concurrent.ThreadPoolExecutor.getTask(ThreadPoolExecutor.java:1074)
        at java.util.concurrent.ThreadPoolExecutor.runWorker(ThreadPoolExecutor.java:1134)
        at java.util.concurrent.ThreadPoolExecutor$Worker.run(ThreadPoolExecutor.java:624)
        at java.lang.Thread.run(Thread.java:750)
"qtp1678529210-449" daemon prio=5 tid=449 timed_waiting
java.lang.Thread.State: TIMED_WAITING
        at sun.misc.Unsafe.park(Native Method)
        at java.util.concurrent.locks.LockSupport.parkNanos(LockSupport.java:215)
        at java.util.concurrent.locks.AbstractQueuedSynchronizer$ConditionObject.awaitNanos(AbstractQueuedSynchronizer.java:2078)
        at org.eclipse.jetty.util.BlockingArrayQueue.poll(BlockingArrayQueue.java:382)
        at org.eclipse.jetty.util.thread.QueuedThreadPool$Runner.idleJobPoll(QueuedThreadPool.java:974)
        at org.eclipse.jetty.util.thread.QueuedThreadPool$Runner.run(QueuedThreadPool.java:1018)
        at java.lang.Thread.run(Thread.java:750)
"Command processor thread" daemon prio=5 tid=189 timed_waiting
java.lang.Thread.State: TIMED_WAITING
        at java.lang.Thread.sleep(Native Method)
        at org.apache.hadoop.ozone.container.common.statemachine.DatanodeStateMachine.lambda$initCommandHandlerThread$3(DatanodeStateMachine.java:641)
        at org.apache.hadoop.ozone.container.common.statemachine.DatanodeStateMachine$$Lambda$752/502831613.run(Unknown Source)
        at java.lang.Thread.run(Thread.java:750)
"Datanode ReportManager Thread - 2" daemon prio=5 tid=471 timed_waiting
java.lang.Thread.State: TIMED_WAITING
        at sun.misc.Unsafe.park(Native Method)
        at java.util.concurrent.locks.LockSupport.parkNanos(LockSupport.java:215)
        at java.util.concurrent.locks.AbstractQueuedSynchronizer$ConditionObject.awaitNanos(AbstractQueuedSynchronizer.java:2078)
        at java.util.concurrent.ScheduledThreadPoolExecutor$DelayedWorkQueue.take(ScheduledThreadPoolExecutor.java:1093)
        at java.util.concurrent.ScheduledThreadPoolExecutor$DelayedWorkQueue.take(ScheduledThreadPoolExecutor.java:809)
        at java.util.concurrent.ThreadPoolExecutor.getTask(ThreadPoolExecutor.java:1074)
        at java.util.concurrent.ThreadPoolExecutor.runWorker(ThreadPoolExecutor.java:1134)
        at java.util.concurrent.ThreadPoolExecutor$Worker.run(ThreadPoolExecutor.java:624)
        at java.lang.Thread.run(Thread.java:750)
"Datanode ReportManager Thread - 0" daemon prio=5 tid=212 in Object.wait()
java.lang.Thread.State: WAITING (on object monitor)
        at sun.misc.Unsafe.park(Native Method)
        at java.util.concurrent.locks.LockSupport.park(LockSupport.java:175)
        at java.util.concurrent.locks.AbstractQueuedSynchronizer$ConditionObject.await(AbstractQueuedSynchronizer.java:2039)
        at java.util.concurrent.ScheduledThreadPoolExecutor$DelayedWorkQueue.take(ScheduledThreadPoolExecutor.java:1088)
        at java.util.concurrent.ScheduledThreadPoolExecutor$DelayedWorkQueue.take(ScheduledThreadPoolExecutor.java:809)
        at java.util.concurrent.ThreadPoolExecutor.getTask(ThreadPoolExecutor.java:1074)
        at java.util.concurrent.ThreadPoolExecutor.runWorker(ThreadPoolExecutor.java:1134)
        at java.util.concurrent.ThreadPoolExecutor$Worker.run(ThreadPoolExecutor.java:624)
        at java.lang.Thread.run(Thread.java:750)
"IPC Server idle connection scanner for port 35291" daemon prio=5 tid=25 timed_waiting
java.lang.Thread.State: TIMED_WAITING
        at java.lang.Object.wait(Native Method)
        at java.util.TimerThread.mainLoop(Timer.java:552)
        at java.util.TimerThread.run(Timer.java:505)
"58d8b8bb-cfc7-423c-ba1f-09160eea4c71@group-25E74EA5BF7A-FollowerState" daemon prio=5 tid=708 timed_waiting
java.lang.Thread.State: TIMED_WAITING
        at java.lang.Thread.sleep(Native Method)
        at java.lang.Thread.sleep(Thread.java:342)
        at java.util.concurrent.TimeUnit.sleep(TimeUnit.java:386)
        at org.apache.ratis.util.TimeDuration.sleep(TimeDuration.java:325)
        at org.apache.ratis.util.TimeDuration.sleep(TimeDuration.java:310)
        at org.apache.ratis.server.impl.FollowerState.run(FollowerState.java:128)
"qtp549150079-204" daemon prio=5 tid=204 timed_waiting
java.lang.Thread.State: TIMED_WAITING
        at sun.misc.Unsafe.park(Native Method)
        at java.util.concurrent.locks.LockSupport.parkNanos(LockSupport.java:215)
        at java.util.concurrent.locks.AbstractQueuedSynchronizer$ConditionObject.awaitNanos(AbstractQueuedSynchronizer.java:2078)
        at org.eclipse.jetty.util.BlockingArrayQueue.poll(BlockingArrayQueue.java:382)
        at org.eclipse.jetty.util.thread.QueuedThreadPool$Runner.idleJobPoll(QueuedThreadPool.java:974)
        at org.eclipse.jetty.util.thread.QueuedThreadPool$Runner.run(QueuedThreadPool.java:1018)
        at java.lang.Thread.run(Thread.java:750)
"ChunkReader-1" daemon prio=5 tid=770 in Object.wait()
java.lang.Thread.State: WAITING (on object monitor)
        at sun.misc.Unsafe.park(Native Method)
        at java.util.concurrent.locks.LockSupport.park(LockSupport.java:175)
        at java.util.concurrent.locks.AbstractQueuedSynchronizer$ConditionObject.await(AbstractQueuedSynchronizer.java:2039)
        at java.util.concurrent.LinkedBlockingQueue.take(LinkedBlockingQueue.java:442)
        at java.util.concurrent.ThreadPoolExecutor.getTask(ThreadPoolExecutor.java:1074)
        at java.util.concurrent.ThreadPoolExecutor.runWorker(ThreadPoolExecutor.java:1134)
        at java.util.concurrent.ThreadPoolExecutor$Worker.run(ThreadPoolExecutor.java:624)
        at java.lang.Thread.run(Thread.java:750)
"IPC Server handler 10 on default port 32861" daemon prio=5 tid=47 timed_waiting
java.lang.Thread.State: TIMED_WAITING
        at sun.misc.Unsafe.park(Native Method)
        at java.util.concurrent.locks.LockSupport.parkNanos(LockSupport.java:215)
        at java.util.concurrent.locks.AbstractQueuedSynchronizer$ConditionObject.awaitNanos(AbstractQueuedSynchronizer.java:2078)
        at java.util.concurrent.LinkedBlockingQueue.poll(LinkedBlockingQueue.java:467)
        at org.apache.hadoop.ipc.CallQueueManager.take(CallQueueManager.java:317)
        at org.apache.hadoop.ipc.Server$Handler.run(Server.java:2942)
"ChunkWriter-2-0" daemon prio=5 tid=526 in Object.wait()
java.lang.Thread.State: WAITING (on object monitor)
        at sun.misc.Unsafe.park(Native Method)
        at java.util.concurrent.locks.LockSupport.park(LockSupport.java:175)
        at java.util.concurrent.locks.AbstractQueuedSynchronizer$ConditionObject.await(AbstractQueuedSynchronizer.java:2039)
        at java.util.concurrent.LinkedBlockingDeque.takeFirst(LinkedBlockingDeque.java:492)
        at java.util.concurrent.LinkedBlockingDeque.take(LinkedBlockingDeque.java:680)
        at java.util.concurrent.ThreadPoolExecutor.getTask(ThreadPoolExecutor.java:1074)
        at java.util.concurrent.ThreadPoolExecutor.runWorker(ThreadPoolExecutor.java:1134)
        at java.util.concurrent.ThreadPoolExecutor$Worker.run(ThreadPoolExecutor.java:624)
        at java.lang.Thread.run(Thread.java:750)
"96632972-14e0-44d5-b3f2-8f1b1022e85f@group-A38106DB0496-SegmentedRaftLogWorker"  prio=5 tid=671 timed_waiting
java.lang.Thread.State: TIMED_WAITING
        at sun.misc.Unsafe.park(Native Method)
        at java.util.concurrent.locks.LockSupport.parkNanos(LockSupport.java:215)
        at java.util.concurrent.locks.AbstractQueuedSynchronizer$ConditionObject.awaitNanos(AbstractQueuedSynchronizer.java:2078)
        at org.apache.ratis.util.DataBlockingQueue.poll(DataBlockingQueue.java:148)
        at org.apache.ratis.server.raftlog.segmented.SegmentedRaftLogWorker.run(SegmentedRaftLogWorker.java:310)
        at org.apache.ratis.server.raftlog.segmented.SegmentedRaftLogWorker$$Lambda$665/1346122915.run(Unknown Source)
        at java.lang.Thread.run(Thread.java:750)
"edb0f50d-ef97-4088-a20b-1c61b9a9d6ec-server-thread1" daemon prio=5 tid=887 timed_waiting
java.lang.Thread.State: TIMED_WAITING
        at sun.misc.Unsafe.park(Native Method)
        at java.util.concurrent.locks.LockSupport.parkNanos(LockSupport.java:215)
        at java.util.concurrent.SynchronousQueue$TransferStack.awaitFulfill(SynchronousQueue.java:460)
        at java.util.concurrent.SynchronousQueue$TransferStack.transfer(SynchronousQueue.java:362)
        at java.util.concurrent.SynchronousQueue.poll(SynchronousQueue.java:941)
        at java.util.concurrent.ThreadPoolExecutor.getTask(ThreadPoolExecutor.java:1073)
        at java.util.concurrent.ThreadPoolExecutor.runWorker(ThreadPoolExecutor.java:1134)
        at java.util.concurrent.ThreadPoolExecutor$Worker.run(ThreadPoolExecutor.java:624)
        at java.lang.Thread.run(Thread.java:750)
"qtp362095723-286" daemon prio=5 tid=286 timed_waiting
java.lang.Thread.State: TIMED_WAITING
        at sun.misc.Unsafe.park(Native Method)
        at java.util.concurrent.locks.LockSupport.parkNanos(LockSupport.java:215)
        at java.util.concurrent.locks.AbstractQueuedSynchronizer$ConditionObject.awaitNanos(AbstractQueuedSynchronizer.java:2078)
        at org.eclipse.jetty.util.BlockingArrayQueue.poll(BlockingArrayQueue.java:382)
        at org.eclipse.jetty.util.thread.QueuedThreadPool$Runner.idleJobPoll(QueuedThreadPool.java:974)
        at org.eclipse.jetty.util.thread.QueuedThreadPool$Runner.run(QueuedThreadPool.java:1018)
        at java.lang.Thread.run(Thread.java:750)
"96632972-14e0-44d5-b3f2-8f1b1022e85f@group-A38106DB0496-StateMachineUpdater" daemon prio=5 tid=673 timed_waiting
java.lang.Thread.State: TIMED_WAITING
        at sun.misc.Unsafe.park(Native Method)
        at java.util.concurrent.locks.LockSupport.parkNanos(LockSupport.java:215)
        at java.util.concurrent.CompletableFuture$Signaller.block(CompletableFuture.java:1709)
        at java.util.concurrent.ForkJoinPool.managedBlock(ForkJoinPool.java:3323)
        at java.util.concurrent.CompletableFuture.timedGet(CompletableFuture.java:1788)
        at java.util.concurrent.CompletableFuture.get(CompletableFuture.java:1928)
        at org.apache.ratis.util.AwaitForSignal.await(AwaitForSignal.java:56)
        at org.apache.ratis.server.impl.StateMachineUpdater.waitForCommit(StateMachineUpdater.java:207)
        at org.apache.ratis.server.impl.StateMachineUpdater.run(StateMachineUpdater.java:176)
        at java.lang.Thread.run(Thread.java:750)
"pool-230-thread-1" daemon prio=5 tid=360 timed_waiting
java.lang.Thread.State: TIMED_WAITING
        at sun.misc.Unsafe.park(Native Method)
        at java.util.concurrent.locks.LockSupport.parkNanos(LockSupport.java:215)
        at java.util.concurrent.locks.AbstractQueuedSynchronizer$ConditionObject.awaitNanos(AbstractQueuedSynchronizer.java:2078)
        at java.util.concurrent.ScheduledThreadPoolExecutor$DelayedWorkQueue.take(ScheduledThreadPoolExecutor.java:1093)
        at java.util.concurrent.ScheduledThreadPoolExecutor$DelayedWorkQueue.take(ScheduledThreadPoolExecutor.java:809)
        at java.util.concurrent.ThreadPoolExecutor.getTask(ThreadPoolExecutor.java:1074)
        at java.util.concurrent.ThreadPoolExecutor.runWorker(ThreadPoolExecutor.java:1134)
        at java.util.concurrent.ThreadPoolExecutor$Worker.run(ThreadPoolExecutor.java:624)
        at java.lang.Thread.run(Thread.java:750)
"IPC Server handler 6 on default port 35291" daemon prio=5 tid=83 timed_waiting
java.lang.Thread.State: TIMED_WAITING
        at sun.misc.Unsafe.park(Native Method)
        at java.util.concurrent.locks.LockSupport.parkNanos(LockSupport.java:215)
        at java.util.concurrent.locks.AbstractQueuedSynchronizer$ConditionObject.awaitNanos(AbstractQueuedSynchronizer.java:2078)
        at java.util.concurrent.LinkedBlockingQueue.poll(LinkedBlockingQueue.java:467)
        at org.apache.hadoop.ipc.CallQueueManager.take(CallQueueManager.java:317)
        at org.apache.hadoop.ipc.Server$Handler.run(Server.java:2942)
"57b0e5c4-d4d8-463c-8999-53af98295cd0@group-52EDC75B76C9-StateMachineUpdater" daemon prio=5 tid=639 timed_waiting
java.lang.Thread.State: TIMED_WAITING
        at sun.misc.Unsafe.park(Native Method)
        at java.util.concurrent.locks.LockSupport.parkNanos(LockSupport.java:215)
        at java.util.concurrent.CompletableFuture$Signaller.block(CompletableFuture.java:1709)
        at java.util.concurrent.ForkJoinPool.managedBlock(ForkJoinPool.java:3323)
        at java.util.concurrent.CompletableFuture.timedGet(CompletableFuture.java:1788)
        at java.util.concurrent.CompletableFuture.get(CompletableFuture.java:1928)
        at org.apache.ratis.util.AwaitForSignal.await(AwaitForSignal.java:56)
        at org.apache.ratis.server.impl.StateMachineUpdater.waitForCommit(StateMachineUpdater.java:207)
        at org.apache.ratis.server.impl.StateMachineUpdater.run(StateMachineUpdater.java:176)
        at java.lang.Thread.run(Thread.java:750)
"StaleRecoveringContainerScrubbingService#1" daemon prio=5 tid=500 in Object.wait()
java.lang.Thread.State: WAITING (on object monitor)
        at sun.misc.Unsafe.park(Native Method)
        at java.util.concurrent.locks.LockSupport.park(LockSupport.java:175)
        at java.util.concurrent.locks.AbstractQueuedSynchronizer$ConditionObject.await(AbstractQueuedSynchronizer.java:2039)
        at java.util.concurrent.ScheduledThreadPoolExecutor$DelayedWorkQueue.take(ScheduledThreadPoolExecutor.java:1088)
        at java.util.concurrent.ScheduledThreadPoolExecutor$DelayedWorkQueue.take(ScheduledThreadPoolExecutor.java:809)
        at java.util.concurrent.ThreadPoolExecutor.getTask(ThreadPoolExecutor.java:1074)
        at java.util.concurrent.ThreadPoolExecutor.runWorker(ThreadPoolExecutor.java:1134)
        at java.util.concurrent.ThreadPoolExecutor$Worker.run(ThreadPoolExecutor.java:624)
        at java.lang.Thread.run(Thread.java:750)
"IPC Server handler 11 on default port 32861" daemon prio=5 tid=48 timed_waiting
java.lang.Thread.State: TIMED_WAITING
        at sun.misc.Unsafe.park(Native Method)
        at java.util.concurrent.locks.LockSupport.parkNanos(LockSupport.java:215)
        at java.util.concurrent.locks.AbstractQueuedSynchronizer$ConditionObject.awaitNanos(AbstractQueuedSynchronizer.java:2078)
        at java.util.concurrent.LinkedBlockingQueue.poll(LinkedBlockingQueue.java:467)
        at org.apache.hadoop.ipc.CallQueueManager.take(CallQueueManager.java:317)
        at org.apache.hadoop.ipc.Server$Handler.run(Server.java:2942)
"qtp1103911337-261" daemon prio=5 tid=261 timed_waiting
java.lang.Thread.State: TIMED_WAITING
        at sun.misc.Unsafe.park(Native Method)
        at java.util.concurrent.locks.LockSupport.parkNanos(LockSupport.java:215)
        at java.util.concurrent.locks.AbstractQueuedSynchronizer$ConditionObject.awaitNanos(AbstractQueuedSynchronizer.java:2078)
        at org.eclipse.jetty.util.BlockingArrayQueue.poll(BlockingArrayQueue.java:382)
        at org.eclipse.jetty.util.thread.QueuedThreadPool$Runner.idleJobPoll(QueuedThreadPool.java:974)
        at org.eclipse.jetty.util.thread.QueuedThreadPool$Runner.run(QueuedThreadPool.java:1018)
        at java.lang.Thread.run(Thread.java:750)
"StaleRecoveringContainerScrubbingService#1" daemon prio=5 tid=365 timed_waiting
java.lang.Thread.State: TIMED_WAITING
        at sun.misc.Unsafe.park(Native Method)
        at java.util.concurrent.locks.LockSupport.parkNanos(LockSupport.java:215)
        at java.util.concurrent.locks.AbstractQueuedSynchronizer$ConditionObject.awaitNanos(AbstractQueuedSynchronizer.java:2078)
        at java.util.concurrent.ScheduledThreadPoolExecutor$DelayedWorkQueue.take(ScheduledThreadPoolExecutor.java:1093)
        at java.util.concurrent.ScheduledThreadPoolExecutor$DelayedWorkQueue.take(ScheduledThreadPoolExecutor.java:809)
        at java.util.concurrent.ThreadPoolExecutor.getTask(ThreadPoolExecutor.java:1074)
        at java.util.concurrent.ThreadPoolExecutor.runWorker(ThreadPoolExecutor.java:1134)
        at java.util.concurrent.ThreadPoolExecutor$Worker.run(ThreadPoolExecutor.java:624)
        at java.lang.Thread.run(Thread.java:750)
"ChunkReader-3" daemon prio=5 tid=779 in Object.wait()
java.lang.Thread.State: WAITING (on object monitor)
        at sun.misc.Unsafe.park(Native Method)
        at java.util.concurrent.locks.LockSupport.park(LockSupport.java:175)
        at java.util.concurrent.locks.AbstractQueuedSynchronizer$ConditionObject.await(AbstractQueuedSynchronizer.java:2039)
        at java.util.concurrent.LinkedBlockingQueue.take(LinkedBlockingQueue.java:442)
        at java.util.concurrent.ThreadPoolExecutor.getTask(ThreadPoolExecutor.java:1074)
        at java.util.concurrent.ThreadPoolExecutor.runWorker(ThreadPoolExecutor.java:1134)
        at java.util.concurrent.ThreadPoolExecutor$Worker.run(ThreadPoolExecutor.java:624)
        at java.lang.Thread.run(Thread.java:750)
"StaleRecoveringContainerScrubbingService#1" daemon prio=5 tid=403 timed_waiting
java.lang.Thread.State: TIMED_WAITING
        at sun.misc.Unsafe.park(Native Method)
        at java.util.concurrent.locks.LockSupport.parkNanos(LockSupport.java:215)
        at java.util.concurrent.locks.AbstractQueuedSynchronizer$ConditionObject.awaitNanos(AbstractQueuedSynchronizer.java:2078)
        at java.util.concurrent.ScheduledThreadPoolExecutor$DelayedWorkQueue.take(ScheduledThreadPoolExecutor.java:1093)
        at java.util.concurrent.ScheduledThreadPoolExecutor$DelayedWorkQueue.take(ScheduledThreadPoolExecutor.java:809)
        at java.util.concurrent.ThreadPoolExecutor.getTask(ThreadPoolExecutor.java:1074)
        at java.util.concurrent.ThreadPoolExecutor.runWorker(ThreadPoolExecutor.java:1134)
        at java.util.concurrent.ThreadPoolExecutor$Worker.run(ThreadPoolExecutor.java:624)
        at java.lang.Thread.run(Thread.java:750)
"FixedThreadPoolWithAffinityExecutor-8-0" daemon prio=5 tid=522 in Object.wait()
java.lang.Thread.State: WAITING (on object monitor)
        at sun.misc.Unsafe.park(Native Method)
        at java.util.concurrent.locks.LockSupport.park(LockSupport.java:175)
        at java.util.concurrent.locks.AbstractQueuedSynchronizer$ConditionObject.await(AbstractQueuedSynchronizer.java:2039)
        at java.util.concurrent.LinkedBlockingDeque.takeFirst(LinkedBlockingDeque.java:492)
        at java.util.concurrent.LinkedBlockingDeque.take(LinkedBlockingDeque.java:680)
        at java.util.concurrent.ThreadPoolExecutor.getTask(ThreadPoolExecutor.java:1074)
        at java.util.concurrent.ThreadPoolExecutor.runWorker(ThreadPoolExecutor.java:1134)
        at java.util.concurrent.ThreadPoolExecutor$Worker.run(ThreadPoolExecutor.java:624)
        at java.lang.Thread.run(Thread.java:750)
"qtp1072341683-310" daemon prio=5 tid=310 timed_waiting
java.lang.Thread.State: TIMED_WAITING
        at sun.misc.Unsafe.park(Native Method)
        at java.util.concurrent.locks.LockSupport.parkNanos(LockSupport.java:215)
        at java.util.concurrent.locks.AbstractQueuedSynchronizer$ConditionObject.awaitNanos(AbstractQueuedSynchronizer.java:2078)
        at org.eclipse.jetty.util.BlockingArrayQueue.poll(BlockingArrayQueue.java:382)
        at org.eclipse.jetty.util.thread.QueuedThreadPool$Runner.idleJobPoll(QueuedThreadPool.java:974)
        at org.eclipse.jetty.util.thread.QueuedThreadPool$Runner.run(QueuedThreadPool.java:1018)
        at java.lang.Thread.run(Thread.java:750)
"IPC Server handler 6 on default port 32861" daemon prio=5 tid=43 timed_waiting
java.lang.Thread.State: TIMED_WAITING
        at sun.misc.Unsafe.park(Native Method)
        at java.util.concurrent.locks.LockSupport.parkNanos(LockSupport.java:215)
        at java.util.concurrent.locks.AbstractQueuedSynchronizer$ConditionObject.awaitNanos(AbstractQueuedSynchronizer.java:2078)
        at java.util.concurrent.LinkedBlockingQueue.poll(LinkedBlockingQueue.java:467)
        at org.apache.hadoop.ipc.CallQueueManager.take(CallQueueManager.java:317)
        at org.apache.hadoop.ipc.Server$Handler.run(Server.java:2942)
"IPC Server handler 13 on default port 35291" daemon prio=5 tid=90 timed_waiting
java.lang.Thread.State: TIMED_WAITING
        at sun.misc.Unsafe.park(Native Method)
        at java.util.concurrent.locks.LockSupport.parkNanos(LockSupport.java:215)
        at java.util.concurrent.locks.AbstractQueuedSynchronizer$ConditionObject.awaitNanos(AbstractQueuedSynchronizer.java:2078)
        at java.util.concurrent.LinkedBlockingQueue.poll(LinkedBlockingQueue.java:467)
        at org.apache.hadoop.ipc.CallQueueManager.take(CallQueueManager.java:317)
        at org.apache.hadoop.ipc.Server$Handler.run(Server.java:2942)
"ChunkWriter-2-0" daemon prio=5 tid=481 in Object.wait()
java.lang.Thread.State: WAITING (on object monitor)
        at sun.misc.Unsafe.park(Native Method)
        at java.util.concurrent.locks.LockSupport.park(LockSupport.java:175)
        at java.util.concurrent.locks.AbstractQueuedSynchronizer$ConditionObject.await(AbstractQueuedSynchronizer.java:2039)
        at java.util.concurrent.LinkedBlockingDeque.takeFirst(LinkedBlockingDeque.java:492)
        at java.util.concurrent.LinkedBlockingDeque.take(LinkedBlockingDeque.java:680)
        at java.util.concurrent.ThreadPoolExecutor.getTask(ThreadPoolExecutor.java:1074)
        at java.util.concurrent.ThreadPoolExecutor.runWorker(ThreadPoolExecutor.java:1134)
        at java.util.concurrent.ThreadPoolExecutor$Worker.run(ThreadPoolExecutor.java:624)
        at java.lang.Thread.run(Thread.java:750)
"Datanode State Machine Task Thread - 1"  prio=5 tid=489 in Object.wait()
java.lang.Thread.State: WAITING (on object monitor)
        at sun.misc.Unsafe.park(Native Method)
        at java.util.concurrent.locks.LockSupport.park(LockSupport.java:175)
        at java.util.concurrent.locks.AbstractQueuedSynchronizer$ConditionObject.await(AbstractQueuedSynchronizer.java:2039)
        at java.util.concurrent.LinkedBlockingQueue.take(LinkedBlockingQueue.java:442)
        at java.util.concurrent.ThreadPoolExecutor.getTask(ThreadPoolExecutor.java:1074)
        at java.util.concurrent.ThreadPoolExecutor.runWorker(ThreadPoolExecutor.java:1134)
        at java.util.concurrent.ThreadPoolExecutor$Worker.run(ThreadPoolExecutor.java:624)
        at java.lang.Thread.run(Thread.java:750)
"Datanode ReportManager Thread - 2" daemon prio=5 tid=266 in Object.wait()
java.lang.Thread.State: WAITING (on object monitor)
        at sun.misc.Unsafe.park(Native Method)
        at java.util.concurrent.locks.LockSupport.park(LockSupport.java:175)
        at java.util.concurrent.locks.AbstractQueuedSynchronizer$ConditionObject.await(AbstractQueuedSynchronizer.java:2039)
        at java.util.concurrent.ScheduledThreadPoolExecutor$DelayedWorkQueue.take(ScheduledThreadPoolExecutor.java:1088)
        at java.util.concurrent.ScheduledThreadPoolExecutor$DelayedWorkQueue.take(ScheduledThreadPoolExecutor.java:809)
        at java.util.concurrent.ThreadPoolExecutor.getTask(ThreadPoolExecutor.java:1074)
        at java.util.concurrent.ThreadPoolExecutor.runWorker(ThreadPoolExecutor.java:1134)
        at java.util.concurrent.ThreadPoolExecutor$Worker.run(ThreadPoolExecutor.java:624)
        at java.lang.Thread.run(Thread.java:750)
"IPC Server handler 16 on default port 32861" daemon prio=5 tid=53 timed_waiting
java.lang.Thread.State: TIMED_WAITING
        at sun.misc.Unsafe.park(Native Method)
        at java.util.concurrent.locks.LockSupport.parkNanos(LockSupport.java:215)
        at java.util.concurrent.locks.AbstractQueuedSynchronizer$ConditionObject.awaitNanos(AbstractQueuedSynchronizer.java:2078)
        at java.util.concurrent.LinkedBlockingQueue.poll(LinkedBlockingQueue.java:467)
        at org.apache.hadoop.ipc.CallQueueManager.take(CallQueueManager.java:317)
        at org.apache.hadoop.ipc.Server$Handler.run(Server.java:2942)
"BlockDeletingService#1" daemon prio=5 tid=545 timed_waiting
java.lang.Thread.State: TIMED_WAITING
        at sun.misc.Unsafe.park(Native Method)
        at java.util.concurrent.locks.LockSupport.parkNanos(LockSupport.java:215)
        at java.util.concurrent.locks.AbstractQueuedSynchronizer$ConditionObject.awaitNanos(AbstractQueuedSynchronizer.java:2078)
        at java.util.concurrent.ScheduledThreadPoolExecutor$DelayedWorkQueue.take(ScheduledThreadPoolExecutor.java:1093)
        at java.util.concurrent.ScheduledThreadPoolExecutor$DelayedWorkQueue.take(ScheduledThreadPoolExecutor.java:809)
        at java.util.concurrent.ThreadPoolExecutor.getTask(ThreadPoolExecutor.java:1074)
        at java.util.concurrent.ThreadPoolExecutor.runWorker(ThreadPoolExecutor.java:1134)
        at java.util.concurrent.ThreadPoolExecutor$Worker.run(ThreadPoolExecutor.java:624)
        at java.lang.Thread.run(Thread.java:750)
"IPC Server handler 13 on default port 42013" daemon prio=5 tid=157 timed_waiting
java.lang.Thread.State: TIMED_WAITING
        at sun.misc.Unsafe.park(Native Method)
        at java.util.concurrent.locks.LockSupport.parkNanos(LockSupport.java:215)
        at java.util.concurrent.locks.AbstractQueuedSynchronizer$ConditionObject.awaitNanos(AbstractQueuedSynchronizer.java:2078)
        at java.util.concurrent.LinkedBlockingQueue.poll(LinkedBlockingQueue.java:467)
        at org.apache.hadoop.ipc.CallQueueManager.take(CallQueueManager.java:317)
        at org.apache.hadoop.ipc.Server$Handler.run(Server.java:2942)
"EventQueue-DeadNodeForDeadNodeHandler" daemon prio=5 tid=833 in Object.wait()
java.lang.Thread.State: WAITING (on object monitor)
        at sun.misc.Unsafe.park(Native Method)
        at java.util.concurrent.locks.LockSupport.park(LockSupport.java:175)
        at java.util.concurrent.locks.AbstractQueuedSynchronizer$ConditionObject.await(AbstractQueuedSynchronizer.java:2039)
        at java.util.concurrent.LinkedBlockingQueue.take(LinkedBlockingQueue.java:442)
        at java.util.concurrent.ThreadPoolExecutor.getTask(ThreadPoolExecutor.java:1074)
        at java.util.concurrent.ThreadPoolExecutor.runWorker(ThreadPoolExecutor.java:1134)
        at java.util.concurrent.ThreadPoolExecutor$Worker.run(ThreadPoolExecutor.java:624)
        at java.lang.Thread.run(Thread.java:750)
"EventQueue-StaleNodeForStaleNodeHandler" daemon prio=5 tid=804 in Object.wait()
java.lang.Thread.State: WAITING (on object monitor)
        at sun.misc.Unsafe.park(Native Method)
        at java.util.concurrent.locks.LockSupport.park(LockSupport.java:175)
        at java.util.concurrent.locks.AbstractQueuedSynchronizer$ConditionObject.await(AbstractQueuedSynchronizer.java:2039)
        at java.util.concurrent.LinkedBlockingQueue.take(LinkedBlockingQueue.java:442)
        at java.util.concurrent.ThreadPoolExecutor.getTask(ThreadPoolExecutor.java:1074)
        at java.util.concurrent.ThreadPoolExecutor.runWorker(ThreadPoolExecutor.java:1134)
        at java.util.concurrent.ThreadPoolExecutor$Worker.run(ThreadPoolExecutor.java:624)
        at java.lang.Thread.run(Thread.java:750)
"qtp1596017970-228" daemon prio=5 tid=228 runnable
java.lang.Thread.State: RUNNABLE
        at sun.nio.ch.EPollArrayWrapper.epollWait(Native Method)
        at sun.nio.ch.EPollArrayWrapper.poll(EPollArrayWrapper.java:269)
        at sun.nio.ch.EPollSelectorImpl.doSelect(EPollSelectorImpl.java:93)
        at sun.nio.ch.SelectorImpl.lockAndDoSelect(SelectorImpl.java:86)
        at sun.nio.ch.SelectorImpl.select(SelectorImpl.java:97)
        at sun.nio.ch.SelectorImpl.select(SelectorImpl.java:101)
        at org.eclipse.jetty.io.ManagedSelector.nioSelect(ManagedSelector.java:183)
        at org.eclipse.jetty.io.ManagedSelector.select(ManagedSelector.java:190)
        at org.eclipse.jetty.io.ManagedSelector$SelectorProducer.select(ManagedSelector.java:606)
        at org.eclipse.jetty.io.ManagedSelector$SelectorProducer.produce(ManagedSelector.java:543)
        at org.eclipse.jetty.util.thread.strategy.EatWhatYouKill.produceTask(EatWhatYouKill.java:362)
        at org.eclipse.jetty.util.thread.strategy.EatWhatYouKill.doProduce(EatWhatYouKill.java:186)
        at org.eclipse.jetty.util.thread.strategy.EatWhatYouKill.tryProduce(EatWhatYouKill.java:173)
        at org.eclipse.jetty.util.thread.strategy.EatWhatYouKill.produce(EatWhatYouKill.java:137)
        at org.eclipse.jetty.io.ManagedSelector$$Lambda$446/1613065499.run(Unknown Source)
        at org.eclipse.jetty.util.thread.QueuedThreadPool.runJob(QueuedThreadPool.java:883)
        at org.eclipse.jetty.util.thread.QueuedThreadPool$Runner.run(QueuedThreadPool.java:1034)
        at java.lang.Thread.run(Thread.java:750)
"Periodic HDDS volume checker" daemon prio=5 tid=434 timed_waiting
java.lang.Thread.State: TIMED_WAITING
        at sun.misc.Unsafe.park(Native Method)
        at java.util.concurrent.locks.LockSupport.parkNanos(LockSupport.java:215)
        at java.util.concurrent.locks.AbstractQueuedSynchronizer$ConditionObject.awaitNanos(AbstractQueuedSynchronizer.java:2078)
        at java.util.concurrent.ScheduledThreadPoolExecutor$DelayedWorkQueue.take(ScheduledThreadPoolExecutor.java:1093)
        at java.util.concurrent.ScheduledThreadPoolExecutor$DelayedWorkQueue.take(ScheduledThreadPoolExecutor.java:809)
        at java.util.concurrent.ThreadPoolExecutor.getTask(ThreadPoolExecutor.java:1074)
        at java.util.concurrent.ThreadPoolExecutor.runWorker(ThreadPoolExecutor.java:1134)
        at java.util.concurrent.ThreadPoolExecutor$Worker.run(ThreadPoolExecutor.java:624)
        at java.lang.Thread.run(Thread.java:750)
"IPC Server handler 7 on default port 41145" daemon prio=5 tid=64 timed_waiting
java.lang.Thread.State: TIMED_WAITING
        at sun.misc.Unsafe.park(Native Method)
        at java.util.concurrent.locks.LockSupport.parkNanos(LockSupport.java:215)
        at java.util.concurrent.locks.AbstractQueuedSynchronizer$ConditionObject.awaitNanos(AbstractQueuedSynchronizer.java:2078)
        at java.util.concurrent.LinkedBlockingQueue.poll(LinkedBlockingQueue.java:467)
        at org.apache.hadoop.ipc.CallQueueManager.take(CallQueueManager.java:317)
        at org.apache.hadoop.ipc.Server$Handler.run(Server.java:2942)
"IPC Server handler 15 on default port 42013" daemon prio=5 tid=159 timed_waiting
java.lang.Thread.State: TIMED_WAITING
        at sun.misc.Unsafe.park(Native Method)
        at java.util.concurrent.locks.LockSupport.parkNanos(LockSupport.java:215)
        at java.util.concurrent.locks.AbstractQueuedSynchronizer$ConditionObject.awaitNanos(AbstractQueuedSynchronizer.java:2078)
        at java.util.concurrent.LinkedBlockingQueue.poll(LinkedBlockingQueue.java:467)
        at org.apache.hadoop.ipc.CallQueueManager.take(CallQueueManager.java:317)
        at org.apache.hadoop.ipc.Server$Handler.run(Server.java:2942)
"ChunkWriter-2-0" daemon prio=5 tid=493 in Object.wait()
java.lang.Thread.State: WAITING (on object monitor)
        at sun.misc.Unsafe.park(Native Method)
        at java.util.concurrent.locks.LockSupport.park(LockSupport.java:175)
        at java.util.concurrent.locks.AbstractQueuedSynchronizer$ConditionObject.await(AbstractQueuedSynchronizer.java:2039)
        at java.util.concurrent.LinkedBlockingDeque.takeFirst(LinkedBlockingDeque.java:492)
        at java.util.concurrent.LinkedBlockingDeque.take(LinkedBlockingDeque.java:680)
        at java.util.concurrent.ThreadPoolExecutor.getTask(ThreadPoolExecutor.java:1074)
        at java.util.concurrent.ThreadPoolExecutor.runWorker(ThreadPoolExecutor.java:1134)
        at java.util.concurrent.ThreadPoolExecutor$Worker.run(ThreadPoolExecutor.java:624)
        at java.lang.Thread.run(Thread.java:750)
"BlockDeletingService#0" daemon prio=5 tid=543 in Object.wait()
java.lang.Thread.State: WAITING (on object monitor)
        at sun.misc.Unsafe.park(Native Method)
        at java.util.concurrent.locks.LockSupport.park(LockSupport.java:175)
        at java.util.concurrent.locks.AbstractQueuedSynchronizer$ConditionObject.await(AbstractQueuedSynchronizer.java:2039)
        at java.util.concurrent.ScheduledThreadPoolExecutor$DelayedWorkQueue.take(ScheduledThreadPoolExecutor.java:1088)
        at java.util.concurrent.ScheduledThreadPoolExecutor$DelayedWorkQueue.take(ScheduledThreadPoolExecutor.java:809)
        at java.util.concurrent.ThreadPoolExecutor.getTask(ThreadPoolExecutor.java:1074)
        at java.util.concurrent.ThreadPoolExecutor.runWorker(ThreadPoolExecutor.java:1134)
        at java.util.concurrent.ThreadPoolExecutor$Worker.run(ThreadPoolExecutor.java:624)
        at java.lang.Thread.run(Thread.java:750)
"58d8b8bb-cfc7-423c-ba1f-09160eea4c71@group-14838764CDE0-StateMachineUpdater" daemon prio=5 tid=636 timed_waiting
java.lang.Thread.State: TIMED_WAITING
        at sun.misc.Unsafe.park(Native Method)
        at java.util.concurrent.locks.LockSupport.parkNanos(LockSupport.java:215)
        at java.util.concurrent.CompletableFuture$Signaller.block(CompletableFuture.java:1709)
        at java.util.concurrent.ForkJoinPool.managedBlock(ForkJoinPool.java:3323)
        at java.util.concurrent.CompletableFuture.timedGet(CompletableFuture.java:1788)
        at java.util.concurrent.CompletableFuture.get(CompletableFuture.java:1928)
        at org.apache.ratis.util.AwaitForSignal.await(AwaitForSignal.java:56)
        at org.apache.ratis.server.impl.StateMachineUpdater.waitForCommit(StateMachineUpdater.java:207)
        at org.apache.ratis.server.impl.StateMachineUpdater.run(StateMachineUpdater.java:176)
        at java.lang.Thread.run(Thread.java:750)
"IPC Server handler 3 on default port 32861" daemon prio=5 tid=40 timed_waiting
java.lang.Thread.State: TIMED_WAITING
        at sun.misc.Unsafe.park(Native Method)
        at java.util.concurrent.locks.LockSupport.parkNanos(LockSupport.java:215)
        at java.util.concurrent.locks.AbstractQueuedSynchronizer$ConditionObject.awaitNanos(AbstractQueuedSynchronizer.java:2078)
        at java.util.concurrent.LinkedBlockingQueue.poll(LinkedBlockingQueue.java:467)
        at org.apache.hadoop.ipc.CallQueueManager.take(CallQueueManager.java:317)
        at org.apache.hadoop.ipc.Server$Handler.run(Server.java:2942)
"BlockDeletingService#0" daemon prio=5 tid=363 in Object.wait()
java.lang.Thread.State: WAITING (on object monitor)
        at sun.misc.Unsafe.park(Native Method)
        at java.util.concurrent.locks.LockSupport.park(LockSupport.java:175)
        at java.util.concurrent.locks.AbstractQueuedSynchronizer$ConditionObject.await(AbstractQueuedSynchronizer.java:2039)
        at java.util.concurrent.ScheduledThreadPoolExecutor$DelayedWorkQueue.take(ScheduledThreadPoolExecutor.java:1088)
        at java.util.concurrent.ScheduledThreadPoolExecutor$DelayedWorkQueue.take(ScheduledThreadPoolExecutor.java:809)
        at java.util.concurrent.ThreadPoolExecutor.getTask(ThreadPoolExecutor.java:1074)
        at java.util.concurrent.ThreadPoolExecutor.runWorker(ThreadPoolExecutor.java:1134)
        at java.util.concurrent.ThreadPoolExecutor$Worker.run(ThreadPoolExecutor.java:624)
        at java.lang.Thread.run(Thread.java:750)
"timer5" daemon prio=5 tid=725 timed_waiting
java.lang.Thread.State: TIMED_WAITING
        at java.lang.Object.wait(Native Method)
        at java.util.TimerThread.mainLoop(Timer.java:552)
        at java.util.TimerThread.run(Timer.java:505)
"Datanode ReportManager Thread - 4" daemon prio=5 tid=320 in Object.wait()
java.lang.Thread.State: WAITING (on object monitor)
        at sun.misc.Unsafe.park(Native Method)
        at java.util.concurrent.locks.LockSupport.park(LockSupport.java:175)
        at java.util.concurrent.locks.AbstractQueuedSynchronizer$ConditionObject.await(AbstractQueuedSynchronizer.java:2039)
        at java.util.concurrent.ScheduledThreadPoolExecutor$DelayedWorkQueue.take(ScheduledThreadPoolExecutor.java:1088)
        at java.util.concurrent.ScheduledThreadPoolExecutor$DelayedWorkQueue.take(ScheduledThreadPoolExecutor.java:809)
        at java.util.concurrent.ThreadPoolExecutor.getTask(ThreadPoolExecutor.java:1074)
        at java.util.concurrent.ThreadPoolExecutor.runWorker(ThreadPoolExecutor.java:1134)
        at java.util.concurrent.ThreadPoolExecutor$Worker.run(ThreadPoolExecutor.java:624)
        at java.lang.Thread.run(Thread.java:750)
"timer3" daemon prio=5 tid=721 timed_waiting
java.lang.Thread.State: TIMED_WAITING
        at java.lang.Object.wait(Native Method)
        at java.util.TimerThread.mainLoop(Timer.java:552)
        at java.util.TimerThread.run(Timer.java:505)
"58d8b8bb-cfc7-423c-ba1f-09160eea4c71@group-0252A98196AF-StateMachineUpdater" daemon prio=5 tid=616 timed_waiting
java.lang.Thread.State: TIMED_WAITING
        at sun.misc.Unsafe.park(Native Method)
        at java.util.concurrent.locks.LockSupport.parkNanos(LockSupport.java:215)
        at java.util.concurrent.CompletableFuture$Signaller.block(CompletableFuture.java:1709)
        at java.util.concurrent.ForkJoinPool.managedBlock(ForkJoinPool.java:3323)
        at java.util.concurrent.CompletableFuture.timedGet(CompletableFuture.java:1788)
        at java.util.concurrent.CompletableFuture.get(CompletableFuture.java:1928)
        at org.apache.ratis.util.AwaitForSignal.await(AwaitForSignal.java:56)
        at org.apache.ratis.server.impl.StateMachineUpdater.waitForCommit(StateMachineUpdater.java:207)
        at org.apache.ratis.server.impl.StateMachineUpdater.run(StateMachineUpdater.java:176)
        at java.lang.Thread.run(Thread.java:750)
"BlockDeletingService#0" daemon prio=5 tid=401 in Object.wait()
java.lang.Thread.State: WAITING (on object monitor)
        at sun.misc.Unsafe.park(Native Method)
        at java.util.concurrent.locks.LockSupport.park(LockSupport.java:175)
        at java.util.concurrent.locks.AbstractQueuedSynchronizer$ConditionObject.await(AbstractQueuedSynchronizer.java:2039)
        at java.util.concurrent.ScheduledThreadPoolExecutor$DelayedWorkQueue.take(ScheduledThreadPoolExecutor.java:1088)
        at java.util.concurrent.ScheduledThreadPoolExecutor$DelayedWorkQueue.take(ScheduledThreadPoolExecutor.java:809)
        at java.util.concurrent.ThreadPoolExecutor.getTask(ThreadPoolExecutor.java:1074)
        at java.util.concurrent.ThreadPoolExecutor.runWorker(ThreadPoolExecutor.java:1134)
        at java.util.concurrent.ThreadPoolExecutor$Worker.run(ThreadPoolExecutor.java:624)
        at java.lang.Thread.run(Thread.java:750)
"IPC Server handler 9 on default port 41145" daemon prio=5 tid=66 timed_waiting
java.lang.Thread.State: TIMED_WAITING
        at sun.misc.Unsafe.park(Native Method)
        at java.util.concurrent.locks.LockSupport.parkNanos(LockSupport.java:215)
        at java.util.concurrent.locks.AbstractQueuedSynchronizer$ConditionObject.awaitNanos(AbstractQueuedSynchronizer.java:2078)
        at java.util.concurrent.LinkedBlockingQueue.poll(LinkedBlockingQueue.java:467)
        at org.apache.hadoop.ipc.CallQueueManager.take(CallQueueManager.java:317)
        at org.apache.hadoop.ipc.Server$Handler.run(Server.java:2942)
"ChunkReader-ELG-0" daemon prio=5 tid=438 runnable
java.lang.Thread.State: RUNNABLE
        at org.apache.ratis.thirdparty.io.netty.channel.epoll.Native.epollWait0(Native Method)
        at org.apache.ratis.thirdparty.io.netty.channel.epoll.Native.epollWait(Native.java:182)
        at org.apache.ratis.thirdparty.io.netty.channel.epoll.EpollEventLoop.epollWait(EpollEventLoop.java:290)
        at org.apache.ratis.thirdparty.io.netty.channel.epoll.EpollEventLoop.run(EpollEventLoop.java:354)
        at org.apache.ratis.thirdparty.io.netty.util.concurrent.SingleThreadEventExecutor$4.run(SingleThreadEventExecutor.java:995)
        at org.apache.ratis.thirdparty.io.netty.util.internal.ThreadExecutorMap$2.run(ThreadExecutorMap.java:74)
        at java.lang.Thread.run(Thread.java:750)
"ChunkWriter-0-0" daemon prio=5 tid=524 in Object.wait()
java.lang.Thread.State: WAITING (on object monitor)
        at sun.misc.Unsafe.park(Native Method)
        at java.util.concurrent.locks.LockSupport.park(LockSupport.java:175)
        at java.util.concurrent.locks.AbstractQueuedSynchronizer$ConditionObject.await(AbstractQueuedSynchronizer.java:2039)
        at java.util.concurrent.LinkedBlockingDeque.takeFirst(LinkedBlockingDeque.java:492)
        at java.util.concurrent.LinkedBlockingDeque.take(LinkedBlockingDeque.java:680)
        at java.util.concurrent.ThreadPoolExecutor.getTask(ThreadPoolExecutor.java:1074)
        at java.util.concurrent.ThreadPoolExecutor.runWorker(ThreadPoolExecutor.java:1134)
        at java.util.concurrent.ThreadPoolExecutor$Worker.run(ThreadPoolExecutor.java:624)
        at java.lang.Thread.run(Thread.java:750)
"IPC Server listener on 0" daemon prio=5 tid=23 runnable
java.lang.Thread.State: RUNNABLE
        at sun.nio.ch.EPollArrayWrapper.epollWait(Native Method)
        at sun.nio.ch.EPollArrayWrapper.poll(EPollArrayWrapper.java:269)
        at sun.nio.ch.EPollSelectorImpl.doSelect(EPollSelectorImpl.java:93)
        at sun.nio.ch.SelectorImpl.lockAndDoSelect(SelectorImpl.java:86)
        at sun.nio.ch.SelectorImpl.select(SelectorImpl.java:97)
        at sun.nio.ch.SelectorImpl.select(SelectorImpl.java:101)
        at org.apache.hadoop.ipc.Server$Listener.run(Server.java:1358)
"db967a0c-fd65-4f5b-99fe-08eeaf937185@group-C2E61F12FD9A->86e92292-7141-46cb-9ed5-093a2cfc2b40-GrpcLogAppender-LogAppenderDaemon" daemon prio=5 tid=847 timed_waiting
java.lang.Thread.State: TIMED_WAITING
        at sun.misc.Unsafe.park(Native Method)
        at java.util.concurrent.locks.LockSupport.parkNanos(LockSupport.java:215)
        at java.util.concurrent.CompletableFuture$Signaller.block(CompletableFuture.java:1709)
        at java.util.concurrent.ForkJoinPool.managedBlock(ForkJoinPool.java:3323)
        at java.util.concurrent.CompletableFuture.timedGet(CompletableFuture.java:1788)
        at java.util.concurrent.CompletableFuture.get(CompletableFuture.java:1928)
        at org.apache.ratis.util.AwaitForSignal.await(AwaitForSignal.java:56)
        at org.apache.ratis.grpc.server.GrpcLogAppender.mayWait(GrpcLogAppender.java:198)
        at org.apache.ratis.grpc.server.GrpcLogAppender.run(GrpcLogAppender.java:148)
        at org.apache.ratis.server.leader.LogAppenderDaemon.run(LogAppenderDaemon.java:78)
        at org.apache.ratis.server.leader.LogAppenderDaemon$$Lambda$1046/186956009.run(Unknown Source)
        at java.lang.Thread.run(Thread.java:750)
"ChunkWriter-2-0" daemon prio=5 tid=539 in Object.wait()
java.lang.Thread.State: WAITING (on object monitor)
        at sun.misc.Unsafe.park(Native Method)
        at java.util.concurrent.locks.LockSupport.park(LockSupport.java:175)
        at java.util.concurrent.locks.AbstractQueuedSynchronizer$ConditionObject.await(AbstractQueuedSynchronizer.java:2039)
        at java.util.concurrent.LinkedBlockingDeque.takeFirst(LinkedBlockingDeque.java:492)
        at java.util.concurrent.LinkedBlockingDeque.take(LinkedBlockingDeque.java:680)
        at java.util.concurrent.ThreadPoolExecutor.getTask(ThreadPoolExecutor.java:1074)
        at java.util.concurrent.ThreadPoolExecutor.runWorker(ThreadPoolExecutor.java:1134)
        at java.util.concurrent.ThreadPoolExecutor$Worker.run(ThreadPoolExecutor.java:624)
        at java.lang.Thread.run(Thread.java:750)
"pool-157-thread-1" daemon prio=5 tid=275 timed_waiting
java.lang.Thread.State: TIMED_WAITING
        at sun.misc.Unsafe.park(Native Method)
        at java.util.concurrent.locks.LockSupport.parkNanos(LockSupport.java:215)
        at java.util.concurrent.locks.AbstractQueuedSynchronizer$ConditionObject.awaitNanos(AbstractQueuedSynchronizer.java:2078)
        at java.util.concurrent.ScheduledThreadPoolExecutor$DelayedWorkQueue.take(ScheduledThreadPoolExecutor.java:1093)
        at java.util.concurrent.ScheduledThreadPoolExecutor$DelayedWorkQueue.take(ScheduledThreadPoolExecutor.java:809)
        at java.util.concurrent.ThreadPoolExecutor.getTask(ThreadPoolExecutor.java:1074)
        at java.util.concurrent.ThreadPoolExecutor.runWorker(ThreadPoolExecutor.java:1134)
        at java.util.concurrent.ThreadPoolExecutor$Worker.run(ThreadPoolExecutor.java:624)
        at java.lang.Thread.run(Thread.java:750)
"86e92292-7141-46cb-9ed5-093a2cfc2b40@group-C5655235CD35-FollowerState" daemon prio=5 tid=862 timed_waiting
java.lang.Thread.State: TIMED_WAITING
        at java.lang.Thread.sleep(Native Method)
        at java.lang.Thread.sleep(Thread.java:342)
        at java.util.concurrent.TimeUnit.sleep(TimeUnit.java:386)
        at org.apache.ratis.util.TimeDuration.sleep(TimeDuration.java:325)
        at org.apache.ratis.util.TimeDuration.sleep(TimeDuration.java:310)
        at org.apache.ratis.server.impl.FollowerState.run(FollowerState.java:128)
"timer0" daemon prio=5 tid=812 timed_waiting
java.lang.Thread.State: TIMED_WAITING
        at java.lang.Object.wait(Native Method)
        at java.util.TimerThread.mainLoop(Timer.java:552)
        at java.util.TimerThread.run(Timer.java:505)
"7f2965ec-2a1d-4c0b-a486-0150db937947@group-C5655235CD35->86e92292-7141-46cb-9ed5-093a2cfc2b40-GrpcLogAppender-LogAppenderDaemon" daemon prio=5 tid=866 timed_waiting
java.lang.Thread.State: TIMED_WAITING
        at sun.misc.Unsafe.park(Native Method)
        at java.util.concurrent.locks.LockSupport.parkNanos(LockSupport.java:215)
        at java.util.concurrent.CompletableFuture$Signaller.block(CompletableFuture.java:1709)
        at java.util.concurrent.ForkJoinPool.managedBlock(ForkJoinPool.java:3323)
        at java.util.concurrent.CompletableFuture.timedGet(CompletableFuture.java:1788)
        at java.util.concurrent.CompletableFuture.get(CompletableFuture.java:1928)
        at org.apache.ratis.util.AwaitForSignal.await(AwaitForSignal.java:56)
        at org.apache.ratis.grpc.server.GrpcLogAppender.mayWait(GrpcLogAppender.java:198)
        at org.apache.ratis.grpc.server.GrpcLogAppender.run(GrpcLogAppender.java:148)
        at org.apache.ratis.server.leader.LogAppenderDaemon.run(LogAppenderDaemon.java:78)
        at org.apache.ratis.server.leader.LogAppenderDaemon$$Lambda$1046/186956009.run(Unknown Source)
        at java.lang.Thread.run(Thread.java:750)
"edb0f50d-ef97-4088-a20b-1c61b9a9d6ec@group-25E74EA5BF7A-StateMachineUpdater" daemon prio=5 tid=625 timed_waiting
java.lang.Thread.State: TIMED_WAITING
        at sun.misc.Unsafe.park(Native Method)
        at java.util.concurrent.locks.LockSupport.parkNanos(LockSupport.java:215)
        at java.util.concurrent.CompletableFuture$Signaller.block(CompletableFuture.java:1709)
        at java.util.concurrent.ForkJoinPool.managedBlock(ForkJoinPool.java:3323)
        at java.util.concurrent.CompletableFuture.timedGet(CompletableFuture.java:1788)
        at java.util.concurrent.CompletableFuture.get(CompletableFuture.java:1928)
        at org.apache.ratis.util.AwaitForSignal.await(AwaitForSignal.java:56)
        at org.apache.ratis.server.impl.StateMachineUpdater.waitForCommit(StateMachineUpdater.java:207)
        at org.apache.ratis.server.impl.StateMachineUpdater.run(StateMachineUpdater.java:176)
        at java.lang.Thread.run(Thread.java:750)
"ChunkWriter-3-0" daemon prio=5 tid=432 in Object.wait()
java.lang.Thread.State: WAITING (on object monitor)
        at sun.misc.Unsafe.park(Native Method)
        at java.util.concurrent.locks.LockSupport.park(LockSupport.java:175)
        at java.util.concurrent.locks.AbstractQueuedSynchronizer$ConditionObject.await(AbstractQueuedSynchronizer.java:2039)
        at java.util.concurrent.LinkedBlockingDeque.takeFirst(LinkedBlockingDeque.java:492)
        at java.util.concurrent.LinkedBlockingDeque.take(LinkedBlockingDeque.java:680)
        at java.util.concurrent.ThreadPoolExecutor.getTask(ThreadPoolExecutor.java:1074)
        at java.util.concurrent.ThreadPoolExecutor.runWorker(ThreadPoolExecutor.java:1134)
        at java.util.concurrent.ThreadPoolExecutor$Worker.run(ThreadPoolExecutor.java:624)
        at java.lang.Thread.run(Thread.java:750)
"IPC Server handler 17 on default port 35291" daemon prio=5 tid=94 timed_waiting
java.lang.Thread.State: TIMED_WAITING
        at sun.misc.Unsafe.park(Native Method)
        at java.util.concurrent.locks.LockSupport.parkNanos(LockSupport.java:215)
        at java.util.concurrent.locks.AbstractQueuedSynchronizer$ConditionObject.awaitNanos(AbstractQueuedSynchronizer.java:2078)
        at java.util.concurrent.LinkedBlockingQueue.poll(LinkedBlockingQueue.java:467)
        at org.apache.hadoop.ipc.CallQueueManager.take(CallQueueManager.java:317)
        at org.apache.hadoop.ipc.Server$Handler.run(Server.java:2942)
"Signal Dispatcher" daemon prio=9 tid=4 runnable
java.lang.Thread.State: RUNNABLE
"Reference Handler" daemon prio=10 tid=2 in Object.wait()
java.lang.Thread.State: WAITING (on object monitor)
        at java.lang.Object.wait(Native Method)
        at java.lang.Object.wait(Object.java:502)
        at java.lang.ref.Reference.tryHandlePending(Reference.java:191)
        at java.lang.ref.Reference$ReferenceHandler.run(Reference.java:153)
"db967a0c-fd65-4f5b-99fe-08eeaf937185@group-7884C09AC82C-SegmentedRaftLogWorker"  prio=5 tid=572 timed_waiting
java.lang.Thread.State: TIMED_WAITING
        at sun.misc.Unsafe.park(Native Method)
        at java.util.concurrent.locks.LockSupport.parkNanos(LockSupport.java:215)
        at java.util.concurrent.locks.AbstractQueuedSynchronizer$ConditionObject.awaitNanos(AbstractQueuedSynchronizer.java:2078)
        at org.apache.ratis.util.DataBlockingQueue.poll(DataBlockingQueue.java:148)
        at org.apache.ratis.server.raftlog.segmented.SegmentedRaftLogWorker.run(SegmentedRaftLogWorker.java:310)
        at org.apache.ratis.server.raftlog.segmented.SegmentedRaftLogWorker$$Lambda$665/1346122915.run(Unknown Source)
        at java.lang.Thread.run(Thread.java:750)
"Datanode State Machine Daemon Thread" daemon prio=5 tid=419 timed_waiting
java.lang.Thread.State: TIMED_WAITING
        at java.lang.Thread.sleep(Native Method)
        at org.apache.hadoop.ozone.container.common.statemachine.DatanodeStateMachine.startStateMachineThread(DatanodeStateMachine.java:321)
        at org.apache.hadoop.ozone.container.common.statemachine.DatanodeStateMachine.lambda$startDaemon$0(DatanodeStateMachine.java:506)
        at org.apache.hadoop.ozone.container.common.statemachine.DatanodeStateMachine$$Lambda$750/1660784802.run(Unknown Source)
        at java.lang.Thread.run(Thread.java:750)
"Command processor thread" daemon prio=5 tid=217 timed_waiting
java.lang.Thread.State: TIMED_WAITING
        at java.lang.Thread.sleep(Native Method)
        at org.apache.hadoop.ozone.container.common.statemachine.DatanodeStateMachine.lambda$initCommandHandlerThread$3(DatanodeStateMachine.java:641)
        at org.apache.hadoop.ozone.container.common.statemachine.DatanodeStateMachine$$Lambda$752/502831613.run(Unknown Source)
        at java.lang.Thread.run(Thread.java:750)
"StaleRecoveringContainerScrubbingService#0" daemon prio=5 tid=402 in Object.wait()
java.lang.Thread.State: WAITING (on object monitor)
        at sun.misc.Unsafe.park(Native Method)
        at java.util.concurrent.locks.LockSupport.park(LockSupport.java:175)
        at java.util.concurrent.locks.AbstractQueuedSynchronizer$ConditionObject.await(AbstractQueuedSynchronizer.java:2039)
        at java.util.concurrent.ScheduledThreadPoolExecutor$DelayedWorkQueue.take(ScheduledThreadPoolExecutor.java:1088)
        at java.util.concurrent.ScheduledThreadPoolExecutor$DelayedWorkQueue.take(ScheduledThreadPoolExecutor.java:809)
        at java.util.concurrent.ThreadPoolExecutor.getTask(ThreadPoolExecutor.java:1074)
        at java.util.concurrent.ThreadPoolExecutor.runWorker(ThreadPoolExecutor.java:1134)
        at java.util.concurrent.ThreadPoolExecutor$Worker.run(ThreadPoolExecutor.java:624)
        at java.lang.Thread.run(Thread.java:750)
"qtp406153553-106" daemon prio=5 tid=106 timed_waiting
java.lang.Thread.State: TIMED_WAITING
        at sun.misc.Unsafe.park(Native Method)
        at java.util.concurrent.locks.LockSupport.parkNanos(LockSupport.java:215)
        at java.util.concurrent.locks.AbstractQueuedSynchronizer$ConditionObject.awaitNanos(AbstractQueuedSynchronizer.java:2078)
        at org.eclipse.jetty.util.BlockingArrayQueue.poll(BlockingArrayQueue.java:382)
        at org.eclipse.jetty.util.thread.QueuedThreadPool$Runner.idleJobPoll(QueuedThreadPool.java:974)
        at org.eclipse.jetty.util.thread.QueuedThreadPool$Runner.run(QueuedThreadPool.java:1018)
        at java.lang.Thread.run(Thread.java:750)
"57b0e5c4-d4d8-463c-8999-53af98295cd0@group-0252A98196AF-SegmentedRaftLogWorker"  prio=5 tid=619 timed_waiting
java.lang.Thread.State: TIMED_WAITING
        at sun.misc.Unsafe.park(Native Method)
        at java.util.concurrent.locks.LockSupport.parkNanos(LockSupport.java:215)
        at java.util.concurrent.locks.AbstractQueuedSynchronizer$ConditionObject.awaitNanos(AbstractQueuedSynchronizer.java:2078)
        at org.apache.ratis.util.DataBlockingQueue.poll(DataBlockingQueue.java:148)
        at org.apache.ratis.server.raftlog.segmented.SegmentedRaftLogWorker.run(SegmentedRaftLogWorker.java:310)
        at org.apache.ratis.server.raftlog.segmented.SegmentedRaftLogWorker$$Lambda$665/1346122915.run(Unknown Source)
        at java.lang.Thread.run(Thread.java:750)
"ChunkWriter-1-0" daemon prio=5 tid=392 in Object.wait()
java.lang.Thread.State: WAITING (on object monitor)
        at sun.misc.Unsafe.park(Native Method)
        at java.util.concurrent.locks.LockSupport.park(LockSupport.java:175)
        at java.util.concurrent.locks.AbstractQueuedSynchronizer$ConditionObject.await(AbstractQueuedSynchronizer.java:2039)
        at java.util.concurrent.LinkedBlockingDeque.takeFirst(LinkedBlockingDeque.java:492)
        at java.util.concurrent.LinkedBlockingDeque.take(LinkedBlockingDeque.java:680)
        at java.util.concurrent.ThreadPoolExecutor.getTask(ThreadPoolExecutor.java:1074)
        at java.util.concurrent.ThreadPoolExecutor.runWorker(ThreadPoolExecutor.java:1134)
        at java.util.concurrent.ThreadPoolExecutor$Worker.run(ThreadPoolExecutor.java:624)
        at java.lang.Thread.run(Thread.java:750)
"edb0f50d-ef97-4088-a20b-1c61b9a9d6ec@group-25E74EA5BF7A->57b0e5c4-d4d8-463c-8999-53af98295cd0-GrpcLogAppender-LogAppenderDaemon" daemon prio=5 tid=711 timed_waiting
java.lang.Thread.State: TIMED_WAITING
        at sun.misc.Unsafe.park(Native Method)
        at java.util.concurrent.locks.LockSupport.parkNanos(LockSupport.java:215)
        at java.util.concurrent.CompletableFuture$Signaller.block(CompletableFuture.java:1709)
        at java.util.concurrent.ForkJoinPool.managedBlock(ForkJoinPool.java:3323)
        at java.util.concurrent.CompletableFuture.timedGet(CompletableFuture.java:1788)
        at java.util.concurrent.CompletableFuture.get(CompletableFuture.java:1928)
        at org.apache.ratis.util.AwaitForSignal.await(AwaitForSignal.java:56)
        at org.apache.ratis.grpc.server.GrpcLogAppender.mayWait(GrpcLogAppender.java:198)
        at org.apache.ratis.grpc.server.GrpcLogAppender.run(GrpcLogAppender.java:148)
        at org.apache.ratis.server.leader.LogAppenderDaemon.run(LogAppenderDaemon.java:78)
        at org.apache.ratis.server.leader.LogAppenderDaemon$$Lambda$1046/186956009.run(Unknown Source)
        at java.lang.Thread.run(Thread.java:750)
"Datanode State Machine Task Thread - 0"  prio=5 tid=428 in Object.wait()
java.lang.Thread.State: WAITING (on object monitor)
        at sun.misc.Unsafe.park(Native Method)
        at java.util.concurrent.locks.LockSupport.park(LockSupport.java:175)
        at java.util.concurrent.locks.AbstractQueuedSynchronizer$ConditionObject.await(AbstractQueuedSynchronizer.java:2039)
        at java.util.concurrent.LinkedBlockingQueue.take(LinkedBlockingQueue.java:442)
        at java.util.concurrent.ThreadPoolExecutor.getTask(ThreadPoolExecutor.java:1074)
        at java.util.concurrent.ThreadPoolExecutor.runWorker(ThreadPoolExecutor.java:1134)
        at java.util.concurrent.ThreadPoolExecutor$Worker.run(ThreadPoolExecutor.java:624)
        at java.lang.Thread.run(Thread.java:750)
"StaleRecoveringContainerScrubbingService#0" daemon prio=5 tid=556 in Object.wait()
java.lang.Thread.State: WAITING (on object monitor)
        at sun.misc.Unsafe.park(Native Method)
        at java.util.concurrent.locks.LockSupport.park(LockSupport.java:175)
        at java.util.concurrent.locks.AbstractQueuedSynchronizer$ConditionObject.await(AbstractQueuedSynchronizer.java:2039)
        at java.util.concurrent.ScheduledThreadPoolExecutor$DelayedWorkQueue.take(ScheduledThreadPoolExecutor.java:1088)
        at java.util.concurrent.ScheduledThreadPoolExecutor$DelayedWorkQueue.take(ScheduledThreadPoolExecutor.java:809)
        at java.util.concurrent.ThreadPoolExecutor.getTask(ThreadPoolExecutor.java:1074)
        at java.util.concurrent.ThreadPoolExecutor.runWorker(ThreadPoolExecutor.java:1134)
        at java.util.concurrent.ThreadPoolExecutor$Worker.run(ThreadPoolExecutor.java:624)
        at java.lang.Thread.run(Thread.java:750)
"StaleRecoveringContainerScrubbingService#0" daemon prio=5 tid=465 in Object.wait()
java.lang.Thread.State: WAITING (on object monitor)
        at sun.misc.Unsafe.park(Native Method)
        at java.util.concurrent.locks.LockSupport.park(LockSupport.java:175)
        at java.util.concurrent.locks.AbstractQueuedSynchronizer$ConditionObject.await(AbstractQueuedSynchronizer.java:2039)
        at java.util.concurrent.ScheduledThreadPoolExecutor$DelayedWorkQueue.take(ScheduledThreadPoolExecutor.java:1088)
        at java.util.concurrent.ScheduledThreadPoolExecutor$DelayedWorkQueue.take(ScheduledThreadPoolExecutor.java:809)
        at java.util.concurrent.ThreadPoolExecutor.getTask(ThreadPoolExecutor.java:1074)
        at java.util.concurrent.ThreadPoolExecutor.runWorker(ThreadPoolExecutor.java:1134)
        at java.util.concurrent.ThreadPoolExecutor$Worker.run(ThreadPoolExecutor.java:624)
        at java.lang.Thread.run(Thread.java:750)
"Session-HouseKeeper-2c93f0ec-1"  prio=5 tid=236 timed_waiting
java.lang.Thread.State: TIMED_WAITING
        at sun.misc.Unsafe.park(Native Method)
        at java.util.concurrent.locks.LockSupport.parkNanos(LockSupport.java:215)
        at java.util.concurrent.locks.AbstractQueuedSynchronizer$ConditionObject.awaitNanos(AbstractQueuedSynchronizer.java:2078)
        at java.util.concurrent.ScheduledThreadPoolExecutor$DelayedWorkQueue.take(ScheduledThreadPoolExecutor.java:1093)
        at java.util.concurrent.ScheduledThreadPoolExecutor$DelayedWorkQueue.take(ScheduledThreadPoolExecutor.java:809)
        at java.util.concurrent.ThreadPoolExecutor.getTask(ThreadPoolExecutor.java:1074)
        at java.util.concurrent.ThreadPoolExecutor.runWorker(ThreadPoolExecutor.java:1134)
        at java.util.concurrent.ThreadPoolExecutor$Worker.run(ThreadPoolExecutor.java:624)
        at java.lang.Thread.run(Thread.java:750)
"SCM Heartbeat Processing Thread - 0" daemon prio=5 tid=14 timed_waiting
java.lang.Thread.State: TIMED_WAITING
        at sun.misc.Unsafe.park(Native Method)
        at java.util.concurrent.locks.LockSupport.parkNanos(LockSupport.java:215)
        at java.util.concurrent.locks.AbstractQueuedSynchronizer$ConditionObject.awaitNanos(AbstractQueuedSynchronizer.java:2078)
        at java.util.concurrent.ScheduledThreadPoolExecutor$DelayedWorkQueue.take(ScheduledThreadPoolExecutor.java:1093)
        at java.util.concurrent.ScheduledThreadPoolExecutor$DelayedWorkQueue.take(ScheduledThreadPoolExecutor.java:809)
        at java.util.concurrent.ThreadPoolExecutor.getTask(ThreadPoolExecutor.java:1074)
        at java.util.concurrent.ThreadPoolExecutor.runWorker(ThreadPoolExecutor.java:1134)
        at java.util.concurrent.ThreadPoolExecutor$Worker.run(ThreadPoolExecutor.java:624)
        at java.lang.Thread.run(Thread.java:750)
"Datanode ReportManager Thread - 0" daemon prio=5 tid=290 timed_waiting
java.lang.Thread.State: TIMED_WAITING
        at sun.misc.Unsafe.park(Native Method)
        at java.util.concurrent.locks.LockSupport.parkNanos(LockSupport.java:215)
        at java.util.concurrent.locks.AbstractQueuedSynchronizer$ConditionObject.awaitNanos(AbstractQueuedSynchronizer.java:2078)
        at java.util.concurrent.ScheduledThreadPoolExecutor$DelayedWorkQueue.take(ScheduledThreadPoolExecutor.java:1093)
        at java.util.concurrent.ScheduledThreadPoolExecutor$DelayedWorkQueue.take(ScheduledThreadPoolExecutor.java:809)
        at java.util.concurrent.ThreadPoolExecutor.getTask(ThreadPoolExecutor.java:1074)
        at java.util.concurrent.ThreadPoolExecutor.runWorker(ThreadPoolExecutor.java:1134)
        at java.util.concurrent.ThreadPoolExecutor$Worker.run(ThreadPoolExecutor.java:624)
        at java.lang.Thread.run(Thread.java:750)
"BlockDeletingService#2" daemon prio=5 tid=910 in Object.wait()
java.lang.Thread.State: WAITING (on object monitor)
        at sun.misc.Unsafe.park(Native Method)
        at java.util.concurrent.locks.LockSupport.park(LockSupport.java:175)
        at java.util.concurrent.locks.AbstractQueuedSynchronizer$ConditionObject.await(AbstractQueuedSynchronizer.java:2039)
        at java.util.concurrent.ScheduledThreadPoolExecutor$DelayedWorkQueue.take(ScheduledThreadPoolExecutor.java:1088)
        at java.util.concurrent.ScheduledThreadPoolExecutor$DelayedWorkQueue.take(ScheduledThreadPoolExecutor.java:809)
        at java.util.concurrent.ThreadPoolExecutor.getTask(ThreadPoolExecutor.java:1074)
        at java.util.concurrent.ThreadPoolExecutor.runWorker(ThreadPoolExecutor.java:1134)
        at java.util.concurrent.ThreadPoolExecutor$Worker.run(ThreadPoolExecutor.java:624)
        at java.lang.Thread.run(Thread.java:750)
"ChunkWriter-3-0" daemon prio=5 tid=482 in Object.wait()
java.lang.Thread.State: WAITING (on object monitor)
        at sun.misc.Unsafe.park(Native Method)
        at java.util.concurrent.locks.LockSupport.park(LockSupport.java:175)
        at java.util.concurrent.locks.AbstractQueuedSynchronizer$ConditionObject.await(AbstractQueuedSynchronizer.java:2039)
        at java.util.concurrent.LinkedBlockingDeque.takeFirst(LinkedBlockingDeque.java:492)
        at java.util.concurrent.LinkedBlockingDeque.take(LinkedBlockingDeque.java:680)
        at java.util.concurrent.ThreadPoolExecutor.getTask(ThreadPoolExecutor.java:1074)
        at java.util.concurrent.ThreadPoolExecutor.runWorker(ThreadPoolExecutor.java:1134)
        at java.util.concurrent.ThreadPoolExecutor$Worker.run(ThreadPoolExecutor.java:624)
        at java.lang.Thread.run(Thread.java:750)
"BlockDeletingService#0" daemon prio=5 tid=497 in Object.wait()
java.lang.Thread.State: WAITING (on object monitor)
        at sun.misc.Unsafe.park(Native Method)
        at java.util.concurrent.locks.LockSupport.park(LockSupport.java:175)
        at java.util.concurrent.locks.AbstractQueuedSynchronizer$ConditionObject.await(AbstractQueuedSynchronizer.java:2039)
        at java.util.concurrent.ScheduledThreadPoolExecutor$DelayedWorkQueue.take(ScheduledThreadPoolExecutor.java:1088)
        at java.util.concurrent.ScheduledThreadPoolExecutor$DelayedWorkQueue.take(ScheduledThreadPoolExecutor.java:809)
        at java.util.concurrent.ThreadPoolExecutor.getTask(ThreadPoolExecutor.java:1074)
        at java.util.concurrent.ThreadPoolExecutor.runWorker(ThreadPoolExecutor.java:1134)
        at java.util.concurrent.ThreadPoolExecutor$Worker.run(ThreadPoolExecutor.java:624)
        at java.lang.Thread.run(Thread.java:750)
"BlockDeletingService#0" daemon prio=5 tid=485 in Object.wait()
java.lang.Thread.State: WAITING (on object monitor)
        at sun.misc.Unsafe.park(Native Method)
        at java.util.concurrent.locks.LockSupport.park(LockSupport.java:175)
        at java.util.concurrent.locks.AbstractQueuedSynchronizer$ConditionObject.await(AbstractQueuedSynchronizer.java:2039)
        at java.util.concurrent.ScheduledThreadPoolExecutor$DelayedWorkQueue.take(ScheduledThreadPoolExecutor.java:1088)
        at java.util.concurrent.ScheduledThreadPoolExecutor$DelayedWorkQueue.take(ScheduledThreadPoolExecutor.java:809)
        at java.util.concurrent.ThreadPoolExecutor.getTask(ThreadPoolExecutor.java:1074)
        at java.util.concurrent.ThreadPoolExecutor.runWorker(ThreadPoolExecutor.java:1134)
        at java.util.concurrent.ThreadPoolExecutor$Worker.run(ThreadPoolExecutor.java:624)
        at java.lang.Thread.run(Thread.java:750)
"db967a0c-fd65-4f5b-99fe-08eeaf937185-server-thread2" daemon prio=5 tid=870 timed_waiting
java.lang.Thread.State: TIMED_WAITING
        at sun.misc.Unsafe.park(Native Method)
        at java.util.concurrent.locks.LockSupport.parkNanos(LockSupport.java:215)
        at java.util.concurrent.SynchronousQueue$TransferStack.awaitFulfill(SynchronousQueue.java:460)
        at java.util.concurrent.SynchronousQueue$TransferStack.transfer(SynchronousQueue.java:362)
        at java.util.concurrent.SynchronousQueue.poll(SynchronousQueue.java:941)
        at java.util.concurrent.ThreadPoolExecutor.getTask(ThreadPoolExecutor.java:1073)
        at java.util.concurrent.ThreadPoolExecutor.runWorker(ThreadPoolExecutor.java:1134)
        at java.util.concurrent.ThreadPoolExecutor$Worker.run(ThreadPoolExecutor.java:624)
        at java.lang.Thread.run(Thread.java:750)
"org.apache.hadoop.util.JvmPauseMonitor$Monitor@3558e894" daemon prio=5 tid=387 timed_waiting
java.lang.Thread.State: TIMED_WAITING
        at java.lang.Thread.sleep(Native Method)
        at org.apache.hadoop.util.JvmPauseMonitor$Monitor.run(JvmPauseMonitor.java:192)
        at java.lang.Thread.run(Thread.java:750)
"Datanode State Machine Daemon Thread" daemon prio=5 tid=237 timed_waiting
java.lang.Thread.State: TIMED_WAITING
        at java.lang.Thread.sleep(Native Method)
        at org.apache.hadoop.ozone.container.common.statemachine.DatanodeStateMachine.startStateMachineThread(DatanodeStateMachine.java:321)
        at org.apache.hadoop.ozone.container.common.statemachine.DatanodeStateMachine.lambda$startDaemon$0(DatanodeStateMachine.java:506)
        at org.apache.hadoop.ozone.container.common.statemachine.DatanodeStateMachine$$Lambda$750/1660784802.run(Unknown Source)
        at java.lang.Thread.run(Thread.java:750)
"qtp1072948973-177" daemon prio=5 tid=177 timed_waiting
java.lang.Thread.State: TIMED_WAITING
        at sun.misc.Unsafe.park(Native Method)
        at java.util.concurrent.locks.LockSupport.parkNanos(LockSupport.java:215)
        at java.util.concurrent.locks.AbstractQueuedSynchronizer$ConditionObject.awaitNanos(AbstractQueuedSynchronizer.java:2078)
        at org.eclipse.jetty.util.BlockingArrayQueue.poll(BlockingArrayQueue.java:382)
        at org.eclipse.jetty.util.thread.QueuedThreadPool$Runner.idleJobPoll(QueuedThreadPool.java:974)
        at org.eclipse.jetty.util.thread.QueuedThreadPool$Runner.run(QueuedThreadPool.java:1018)
        at java.lang.Thread.run(Thread.java:750)
"PartialTableCache Cleanup Thread - 0" daemon prio=5 tid=893 in Object.wait()
java.lang.Thread.State: WAITING (on object monitor)
        at sun.misc.Unsafe.park(Native Method)
        at java.util.concurrent.locks.LockSupport.park(LockSupport.java:175)
        at java.util.concurrent.locks.AbstractQueuedSynchronizer$ConditionObject.await(AbstractQueuedSynchronizer.java:2039)
        at java.util.concurrent.LinkedBlockingQueue.take(LinkedBlockingQueue.java:442)
        at java.util.concurrent.ThreadPoolExecutor.getTask(ThreadPoolExecutor.java:1074)
        at java.util.concurrent.ThreadPoolExecutor.runWorker(ThreadPoolExecutor.java:1134)
        at java.util.concurrent.ThreadPoolExecutor$Worker.run(ThreadPoolExecutor.java:624)
        at java.lang.Thread.run(Thread.java:750)
"ChunkWriter-1-0" daemon prio=5 tid=492 in Object.wait()
java.lang.Thread.State: WAITING (on object monitor)
        at sun.misc.Unsafe.park(Native Method)
        at java.util.concurrent.locks.LockSupport.park(LockSupport.java:175)
        at java.util.concurrent.locks.AbstractQueuedSynchronizer$ConditionObject.await(AbstractQueuedSynchronizer.java:2039)
        at java.util.concurrent.LinkedBlockingDeque.takeFirst(LinkedBlockingDeque.java:492)
        at java.util.concurrent.LinkedBlockingDeque.take(LinkedBlockingDeque.java:680)
        at java.util.concurrent.ThreadPoolExecutor.getTask(ThreadPoolExecutor.java:1074)
        at java.util.concurrent.ThreadPoolExecutor.runWorker(ThreadPoolExecutor.java:1134)
        at java.util.concurrent.ThreadPoolExecutor$Worker.run(ThreadPoolExecutor.java:624)
        at java.lang.Thread.run(Thread.java:750)
"ChunkReader-ELG-0" daemon prio=5 tid=463 runnable
java.lang.Thread.State: RUNNABLE
        at org.apache.ratis.thirdparty.io.netty.channel.epoll.Native.epollWait(Native Method)
        at org.apache.ratis.thirdparty.io.netty.channel.epoll.Native.epollWait(Native.java:209)
        at org.apache.ratis.thirdparty.io.netty.channel.epoll.Native.epollWait(Native.java:202)
        at org.apache.ratis.thirdparty.io.netty.channel.epoll.EpollEventLoop.epollWaitNoTimerChange(EpollEventLoop.java:294)
        at org.apache.ratis.thirdparty.io.netty.channel.epoll.EpollEventLoop.run(EpollEventLoop.java:351)
        at org.apache.ratis.thirdparty.io.netty.util.concurrent.SingleThreadEventExecutor$4.run(SingleThreadEventExecutor.java:995)
        at org.apache.ratis.thirdparty.io.netty.util.internal.ThreadExecutorMap$2.run(ThreadExecutorMap.java:74)
        at java.lang.Thread.run(Thread.java:750)
"qtp703849415-136-acceptor-0@104234cf-ServerConnector@768f12db{HTTP/1.1, (http/1.1)}{0.0.0.0:38629}" daemon prio=3 tid=136 runnable
java.lang.Thread.State: RUNNABLE
        at sun.nio.ch.ServerSocketChannelImpl.accept0(Native Method)
        at sun.nio.ch.ServerSocketChannelImpl.accept(ServerSocketChannelImpl.java:421)
        at sun.nio.ch.ServerSocketChannelImpl.accept(ServerSocketChannelImpl.java:249)
        at org.eclipse.jetty.server.ServerConnector.accept(ServerConnector.java:388)
        at org.eclipse.jetty.server.AbstractConnector$Acceptor.run(AbstractConnector.java:704)
        at org.eclipse.jetty.util.thread.QueuedThreadPool.runJob(QueuedThreadPool.java:883)
        at org.eclipse.jetty.util.thread.QueuedThreadPool$Runner.run(QueuedThreadPool.java:1034)
        at java.lang.Thread.run(Thread.java:750)
"pool-104-thread-1"  prio=5 tid=199 timed_waiting
java.lang.Thread.State: TIMED_WAITING
        at sun.misc.Unsafe.park(Native Method)
        at java.util.concurrent.locks.LockSupport.parkNanos(LockSupport.java:215)
        at java.util.concurrent.locks.AbstractQueuedSynchronizer$ConditionObject.awaitNanos(AbstractQueuedSynchronizer.java:2078)
        at java.util.concurrent.ScheduledThreadPoolExecutor$DelayedWorkQueue.take(ScheduledThreadPoolExecutor.java:1093)
        at java.util.concurrent.ScheduledThreadPoolExecutor$DelayedWorkQueue.take(ScheduledThreadPoolExecutor.java:809)
        at java.util.concurrent.ThreadPoolExecutor.getTask(ThreadPoolExecutor.java:1074)
        at java.util.concurrent.ThreadPoolExecutor.runWorker(ThreadPoolExecutor.java:1134)
        at java.util.concurrent.ThreadPoolExecutor$Worker.run(ThreadPoolExecutor.java:624)
        at java.lang.Thread.run(Thread.java:750)
"BlockDeletingService#0" daemon prio=5 tid=464 in Object.wait()
java.lang.Thread.State: WAITING (on object monitor)
        at sun.misc.Unsafe.park(Native Method)
        at java.util.concurrent.locks.LockSupport.park(LockSupport.java:175)
        at java.util.concurrent.locks.AbstractQueuedSynchronizer$ConditionObject.await(AbstractQueuedSynchronizer.java:2039)
        at java.util.concurrent.ScheduledThreadPoolExecutor$DelayedWorkQueue.take(ScheduledThreadPoolExecutor.java:1088)
        at java.util.concurrent.ScheduledThreadPoolExecutor$DelayedWorkQueue.take(ScheduledThreadPoolExecutor.java:809)
        at java.util.concurrent.ThreadPoolExecutor.getTask(ThreadPoolExecutor.java:1074)
        at java.util.concurrent.ThreadPoolExecutor.runWorker(ThreadPoolExecutor.java:1134)
        at java.util.concurrent.ThreadPoolExecutor$Worker.run(ThreadPoolExecutor.java:624)
        at java.lang.Thread.run(Thread.java:750)
"ChunkWriter-1-0" daemon prio=5 tid=550 in Object.wait()
java.lang.Thread.State: WAITING (on object monitor)
        at sun.misc.Unsafe.park(Native Method)
        at java.util.concurrent.locks.LockSupport.park(LockSupport.java:175)
        at java.util.concurrent.locks.AbstractQueuedSynchronizer$ConditionObject.await(AbstractQueuedSynchronizer.java:2039)
        at java.util.concurrent.LinkedBlockingDeque.takeFirst(LinkedBlockingDeque.java:492)
        at java.util.concurrent.LinkedBlockingDeque.take(LinkedBlockingDeque.java:680)
        at java.util.concurrent.ThreadPoolExecutor.getTask(ThreadPoolExecutor.java:1074)
        at java.util.concurrent.ThreadPoolExecutor.runWorker(ThreadPoolExecutor.java:1134)
        at java.util.concurrent.ThreadPoolExecutor$Worker.run(ThreadPoolExecutor.java:624)
        at java.lang.Thread.run(Thread.java:750)
"Command processor thread" daemon prio=5 tid=269 timed_waiting
java.lang.Thread.State: TIMED_WAITING
        at java.lang.Thread.sleep(Native Method)
        at org.apache.hadoop.ozone.container.common.statemachine.DatanodeStateMachine.lambda$initCommandHandlerThread$3(DatanodeStateMachine.java:641)
        at org.apache.hadoop.ozone.container.common.statemachine.DatanodeStateMachine$$Lambda$752/502831613.run(Unknown Source)
        at java.lang.Thread.run(Thread.java:750)
"qtp703849415-141" daemon prio=5 tid=141 timed_waiting
java.lang.Thread.State: TIMED_WAITING
        at sun.misc.Unsafe.park(Native Method)
        at java.util.concurrent.locks.LockSupport.parkNanos(LockSupport.java:215)
        at java.util.concurrent.locks.AbstractQueuedSynchronizer$ConditionObject.awaitNanos(AbstractQueuedSynchronizer.java:2078)
        at org.eclipse.jetty.util.BlockingArrayQueue.poll(BlockingArrayQueue.java:382)
        at org.eclipse.jetty.util.thread.QueuedThreadPool$Runner.idleJobPoll(QueuedThreadPool.java:974)
        at org.eclipse.jetty.util.thread.QueuedThreadPool$Runner.run(QueuedThreadPool.java:1018)
        at java.lang.Thread.run(Thread.java:750)
"1641b62a-4180-4dbf-88c4-03961663b9b6@group-BC93B82E8E82-LeaderStateImpl" daemon prio=5 tid=763 timed_waiting
java.lang.Thread.State: TIMED_WAITING
        at sun.misc.Unsafe.park(Native Method)
        at java.util.concurrent.locks.LockSupport.parkNanos(LockSupport.java:215)
        at java.util.concurrent.locks.AbstractQueuedSynchronizer$ConditionObject.awaitNanos(AbstractQueuedSynchronizer.java:2078)
        at java.util.concurrent.ArrayBlockingQueue.poll(ArrayBlockingQueue.java:418)
        at org.apache.ratis.server.impl.LeaderStateImpl$EventQueue.poll(LeaderStateImpl.java:159)
        at org.apache.ratis.server.impl.LeaderStateImpl$EventProcessor.run(LeaderStateImpl.java:630)
"58d8b8bb-cfc7-423c-ba1f-09160eea4c71@group-0252A98196AF-SegmentedRaftLogWorker"  prio=5 tid=614 timed_waiting
java.lang.Thread.State: TIMED_WAITING
        at sun.misc.Unsafe.park(Native Method)
        at java.util.concurrent.locks.LockSupport.parkNanos(LockSupport.java:215)
        at java.util.concurrent.locks.AbstractQueuedSynchronizer$ConditionObject.awaitNanos(AbstractQueuedSynchronizer.java:2078)
        at org.apache.ratis.util.DataBlockingQueue.poll(DataBlockingQueue.java:148)
        at org.apache.ratis.server.raftlog.segmented.SegmentedRaftLogWorker.run(SegmentedRaftLogWorker.java:310)
        at org.apache.ratis.server.raftlog.segmented.SegmentedRaftLogWorker$$Lambda$665/1346122915.run(Unknown Source)
        at java.lang.Thread.run(Thread.java:750)
"ChunkReader-2" daemon prio=5 tid=775 in Object.wait()
java.lang.Thread.State: WAITING (on object monitor)
        at sun.misc.Unsafe.park(Native Method)
        at java.util.concurrent.locks.LockSupport.park(LockSupport.java:175)
        at java.util.concurrent.locks.AbstractQueuedSynchronizer$ConditionObject.await(AbstractQueuedSynchronizer.java:2039)
        at java.util.concurrent.LinkedBlockingQueue.take(LinkedBlockingQueue.java:442)
        at java.util.concurrent.ThreadPoolExecutor.getTask(ThreadPoolExecutor.java:1074)
        at java.util.concurrent.ThreadPoolExecutor.runWorker(ThreadPoolExecutor.java:1134)
        at java.util.concurrent.ThreadPoolExecutor$Worker.run(ThreadPoolExecutor.java:624)
        at java.lang.Thread.run(Thread.java:750)
"ChunkWriter-0-0" daemon prio=5 tid=537 in Object.wait()
java.lang.Thread.State: WAITING (on object monitor)
        at sun.misc.Unsafe.park(Native Method)
        at java.util.concurrent.locks.LockSupport.park(LockSupport.java:175)
        at java.util.concurrent.locks.AbstractQueuedSynchronizer$ConditionObject.await(AbstractQueuedSynchronizer.java:2039)
        at java.util.concurrent.LinkedBlockingDeque.takeFirst(LinkedBlockingDeque.java:492)
        at java.util.concurrent.LinkedBlockingDeque.take(LinkedBlockingDeque.java:680)
        at java.util.concurrent.ThreadPoolExecutor.getTask(ThreadPoolExecutor.java:1074)
        at java.util.concurrent.ThreadPoolExecutor.runWorker(ThreadPoolExecutor.java:1134)
        at java.util.concurrent.ThreadPoolExecutor$Worker.run(ThreadPoolExecutor.java:624)
        at java.lang.Thread.run(Thread.java:750)
"IPC Server handler 7 on default port 32861" daemon prio=5 tid=44 timed_waiting
java.lang.Thread.State: TIMED_WAITING
        at sun.misc.Unsafe.park(Native Method)
        at java.util.concurrent.locks.LockSupport.parkNanos(LockSupport.java:215)
        at java.util.concurrent.locks.AbstractQueuedSynchronizer$ConditionObject.awaitNanos(AbstractQueuedSynchronizer.java:2078)
        at java.util.concurrent.LinkedBlockingQueue.poll(LinkedBlockingQueue.java:467)
        at org.apache.hadoop.ipc.CallQueueManager.take(CallQueueManager.java:317)
        at org.apache.hadoop.ipc.Server$Handler.run(Server.java:2942)
"StaleRecoveringContainerScrubbingService#0" daemon prio=5 tid=498 timed_waiting
java.lang.Thread.State: TIMED_WAITING
        at sun.misc.Unsafe.park(Native Method)
        at java.util.concurrent.locks.LockSupport.parkNanos(LockSupport.java:215)
        at java.util.concurrent.locks.AbstractQueuedSynchronizer$ConditionObject.awaitNanos(AbstractQueuedSynchronizer.java:2078)
        at java.util.concurrent.ScheduledThreadPoolExecutor$DelayedWorkQueue.take(ScheduledThreadPoolExecutor.java:1093)
        at java.util.concurrent.ScheduledThreadPoolExecutor$DelayedWorkQueue.take(ScheduledThreadPoolExecutor.java:809)
        at java.util.concurrent.ThreadPoolExecutor.getTask(ThreadPoolExecutor.java:1074)
        at java.util.concurrent.ThreadPoolExecutor.runWorker(ThreadPoolExecutor.java:1134)
        at java.util.concurrent.ThreadPoolExecutor$Worker.run(ThreadPoolExecutor.java:624)
        at java.lang.Thread.run(Thread.java:750)
"pool-150-thread-1"  prio=5 tid=253 timed_waiting
java.lang.Thread.State: TIMED_WAITING
        at sun.misc.Unsafe.park(Native Method)
        at java.util.concurrent.locks.LockSupport.parkNanos(LockSupport.java:215)
        at java.util.concurrent.locks.AbstractQueuedSynchronizer$ConditionObject.awaitNanos(AbstractQueuedSynchronizer.java:2078)
        at java.util.concurrent.ScheduledThreadPoolExecutor$DelayedWorkQueue.take(ScheduledThreadPoolExecutor.java:1093)
        at java.util.concurrent.ScheduledThreadPoolExecutor$DelayedWorkQueue.take(ScheduledThreadPoolExecutor.java:809)
        at java.util.concurrent.ThreadPoolExecutor.getTask(ThreadPoolExecutor.java:1074)
        at java.util.concurrent.ThreadPoolExecutor.runWorker(ThreadPoolExecutor.java:1134)
        at java.util.concurrent.ThreadPoolExecutor$Worker.run(ThreadPoolExecutor.java:624)
        at java.lang.Thread.run(Thread.java:750)
"pool-111-thread-1" daemon prio=5 tid=223 timed_waiting
java.lang.Thread.State: TIMED_WAITING
        at sun.misc.Unsafe.park(Native Method)
        at java.util.concurrent.locks.LockSupport.parkNanos(LockSupport.java:215)
        at java.util.concurrent.locks.AbstractQueuedSynchronizer$ConditionObject.awaitNanos(AbstractQueuedSynchronizer.java:2078)
        at java.util.concurrent.ScheduledThreadPoolExecutor$DelayedWorkQueue.take(ScheduledThreadPoolExecutor.java:1093)
        at java.util.concurrent.ScheduledThreadPoolExecutor$DelayedWorkQueue.take(ScheduledThreadPoolExecutor.java:809)
        at java.util.concurrent.ThreadPoolExecutor.getTask(ThreadPoolExecutor.java:1074)
        at java.util.concurrent.ThreadPoolExecutor.runWorker(ThreadPoolExecutor.java:1134)
        at java.util.concurrent.ThreadPoolExecutor$Worker.run(ThreadPoolExecutor.java:624)
        at java.lang.Thread.run(Thread.java:750)
"Command processor thread" daemon prio=5 tid=321 timed_waiting
java.lang.Thread.State: TIMED_WAITING
        at java.lang.Thread.sleep(Native Method)
        at org.apache.hadoop.ozone.container.common.statemachine.DatanodeStateMachine.lambda$initCommandHandlerThread$3(DatanodeStateMachine.java:641)
        at org.apache.hadoop.ozone.container.common.statemachine.DatanodeStateMachine$$Lambda$752/502831613.run(Unknown Source)
        at java.lang.Thread.run(Thread.java:750)
"ChunkReader-ELG-0" daemon prio=5 tid=496 runnable
java.lang.Thread.State: RUNNABLE
        at org.apache.ratis.thirdparty.io.netty.channel.epoll.Native.epollWait0(Native Method)
        at org.apache.ratis.thirdparty.io.netty.channel.epoll.Native.epollWait(Native.java:182)
        at org.apache.ratis.thirdparty.io.netty.channel.epoll.EpollEventLoop.epollWait(EpollEventLoop.java:290)
        at org.apache.ratis.thirdparty.io.netty.channel.epoll.EpollEventLoop.run(EpollEventLoop.java:354)
        at org.apache.ratis.thirdparty.io.netty.util.concurrent.SingleThreadEventExecutor$4.run(SingleThreadEventExecutor.java:995)
        at org.apache.ratis.thirdparty.io.netty.util.internal.ThreadExecutorMap$2.run(ThreadExecutorMap.java:74)
        at java.lang.Thread.run(Thread.java:750)
"qtp362095723-287" daemon prio=5 tid=287 timed_waiting
java.lang.Thread.State: TIMED_WAITING
        at sun.misc.Unsafe.park(Native Method)
        at java.util.concurrent.locks.LockSupport.parkNanos(LockSupport.java:215)
        at java.util.concurrent.locks.AbstractQueuedSynchronizer$ConditionObject.awaitNanos(AbstractQueuedSynchronizer.java:2078)
        at org.eclipse.jetty.util.BlockingArrayQueue.poll(BlockingArrayQueue.java:382)
        at org.eclipse.jetty.util.thread.QueuedThreadPool$Runner.idleJobPoll(QueuedThreadPool.java:974)
        at org.eclipse.jetty.util.thread.QueuedThreadPool$Runner.run(QueuedThreadPool.java:1018)
        at java.lang.Thread.run(Thread.java:750)
"IPC Server handler 15 on default port 41145" daemon prio=5 tid=72 timed_waiting
java.lang.Thread.State: TIMED_WAITING
        at sun.misc.Unsafe.park(Native Method)
        at java.util.concurrent.locks.LockSupport.parkNanos(LockSupport.java:215)
        at java.util.concurrent.locks.AbstractQueuedSynchronizer$ConditionObject.awaitNanos(AbstractQueuedSynchronizer.java:2078)
        at java.util.concurrent.LinkedBlockingQueue.poll(LinkedBlockingQueue.java:467)
        at org.apache.hadoop.ipc.CallQueueManager.take(CallQueueManager.java:317)
        at org.apache.hadoop.ipc.Server$Handler.run(Server.java:2942)
"JvmPauseMonitor1" daemon prio=5 tid=361 timed_waiting
java.lang.Thread.State: TIMED_WAITING
        at java.lang.Thread.sleep(Native Method)
        at java.lang.Thread.sleep(Thread.java:342)
        at java.util.concurrent.TimeUnit.sleep(TimeUnit.java:386)
        at org.apache.ratis.util.TimeDuration.sleep(TimeDuration.java:325)
        at org.apache.ratis.util.TimeDuration.sleep(TimeDuration.java:310)
        at org.apache.ratis.util.JvmPauseMonitor.detectPause(JvmPauseMonitor.java:119)
        at org.apache.ratis.util.JvmPauseMonitor.run(JvmPauseMonitor.java:108)
        at org.apache.ratis.util.JvmPauseMonitor$$Lambda$706/1510764580.run(Unknown Source)
        at java.lang.Thread.run(Thread.java:750)
"58d8b8bb-cfc7-423c-ba1f-09160eea4c71@group-0252A98196AF->edb0f50d-ef97-4088-a20b-1c61b9a9d6ec-GrpcLogAppender-LogAppenderDaemon" daemon prio=5 tid=885 timed_waiting
java.lang.Thread.State: TIMED_WAITING
        at sun.misc.Unsafe.park(Native Method)
        at java.util.concurrent.locks.LockSupport.parkNanos(LockSupport.java:215)
        at java.util.concurrent.CompletableFuture$Signaller.block(CompletableFuture.java:1709)
        at java.util.concurrent.ForkJoinPool.managedBlock(ForkJoinPool.java:3323)
        at java.util.concurrent.CompletableFuture.timedGet(CompletableFuture.java:1788)
        at java.util.concurrent.CompletableFuture.get(CompletableFuture.java:1928)
        at org.apache.ratis.util.AwaitForSignal.await(AwaitForSignal.java:56)
        at org.apache.ratis.grpc.server.GrpcLogAppender.mayWait(GrpcLogAppender.java:198)
        at org.apache.ratis.grpc.server.GrpcLogAppender.run(GrpcLogAppender.java:148)
        at org.apache.ratis.server.leader.LogAppenderDaemon.run(LogAppenderDaemon.java:78)
        at org.apache.ratis.server.leader.LogAppenderDaemon$$Lambda$1046/186956009.run(Unknown Source)
        at java.lang.Thread.run(Thread.java:750)
"Session-HouseKeeper-51f0af4f-1"  prio=5 tid=314 timed_waiting
java.lang.Thread.State: TIMED_WAITING
        at sun.misc.Unsafe.park(Native Method)
        at java.util.concurrent.locks.LockSupport.parkNanos(LockSupport.java:215)
        at java.util.concurrent.locks.AbstractQueuedSynchronizer$ConditionObject.awaitNanos(AbstractQueuedSynchronizer.java:2078)
        at java.util.concurrent.ScheduledThreadPoolExecutor$DelayedWorkQueue.take(ScheduledThreadPoolExecutor.java:1093)
        at java.util.concurrent.ScheduledThreadPoolExecutor$DelayedWorkQueue.take(ScheduledThreadPoolExecutor.java:809)
        at java.util.concurrent.ThreadPoolExecutor.getTask(ThreadPoolExecutor.java:1074)
        at java.util.concurrent.ThreadPoolExecutor.runWorker(ThreadPoolExecutor.java:1134)
        at java.util.concurrent.ThreadPoolExecutor$Worker.run(ThreadPoolExecutor.java:624)
        at java.lang.Thread.run(Thread.java:750)
"IPC Server handler 4 on default port 42013" daemon prio=5 tid=148 timed_waiting
java.lang.Thread.State: TIMED_WAITING
        at sun.misc.Unsafe.park(Native Method)
        at java.util.concurrent.locks.LockSupport.parkNanos(LockSupport.java:215)
        at java.util.concurrent.locks.AbstractQueuedSynchronizer$ConditionObject.awaitNanos(AbstractQueuedSynchronizer.java:2078)
        at java.util.concurrent.LinkedBlockingQueue.poll(LinkedBlockingQueue.java:467)
        at org.apache.hadoop.ipc.CallQueueManager.take(CallQueueManager.java:317)
        at org.apache.hadoop.ipc.Server$Handler.run(Server.java:2942)
"ChunkReader-ELG-0" daemon prio=5 tid=554 runnable
java.lang.Thread.State: RUNNABLE
        at org.apache.ratis.thirdparty.io.netty.channel.epoll.Native.epollWait(Native Method)
        at org.apache.ratis.thirdparty.io.netty.channel.epoll.Native.epollWait(Native.java:209)
        at org.apache.ratis.thirdparty.io.netty.channel.epoll.Native.epollWait(Native.java:202)
        at org.apache.ratis.thirdparty.io.netty.channel.epoll.EpollEventLoop.epollWaitNoTimerChange(EpollEventLoop.java:294)
        at org.apache.ratis.thirdparty.io.netty.channel.epoll.EpollEventLoop.run(EpollEventLoop.java:351)
        at org.apache.ratis.thirdparty.io.netty.util.concurrent.SingleThreadEventExecutor$4.run(SingleThreadEventExecutor.java:995)
        at org.apache.ratis.thirdparty.io.netty.util.internal.ThreadExecutorMap$2.run(ThreadExecutorMap.java:74)
        at java.lang.Thread.run(Thread.java:750)
"pool-300-thread-1"  prio=5 tid=446 timed_waiting
java.lang.Thread.State: TIMED_WAITING
        at sun.misc.Unsafe.park(Native Method)
        at java.util.concurrent.locks.LockSupport.parkNanos(LockSupport.java:215)
        at java.util.concurrent.locks.AbstractQueuedSynchronizer$ConditionObject.awaitNanos(AbstractQueuedSynchronizer.java:2078)
        at java.util.concurrent.ScheduledThreadPoolExecutor$DelayedWorkQueue.take(ScheduledThreadPoolExecutor.java:1093)
        at java.util.concurrent.ScheduledThreadPoolExecutor$DelayedWorkQueue.take(ScheduledThreadPoolExecutor.java:809)
        at java.util.concurrent.ThreadPoolExecutor.getTask(ThreadPoolExecutor.java:1074)
        at java.util.concurrent.ThreadPoolExecutor.runWorker(ThreadPoolExecutor.java:1134)
        at java.util.concurrent.ThreadPoolExecutor$Worker.run(ThreadPoolExecutor.java:624)
        at java.lang.Thread.run(Thread.java:750)
"IPC Server handler 7 on default port 42013" daemon prio=5 tid=151 timed_waiting
java.lang.Thread.State: TIMED_WAITING
        at sun.misc.Unsafe.park(Native Method)
        at java.util.concurrent.locks.LockSupport.parkNanos(LockSupport.java:215)
        at java.util.concurrent.locks.AbstractQueuedSynchronizer$ConditionObject.awaitNanos(AbstractQueuedSynchronizer.java:2078)
        at java.util.concurrent.LinkedBlockingQueue.poll(LinkedBlockingQueue.java:467)
        at org.apache.hadoop.ipc.CallQueueManager.take(CallQueueManager.java:317)
        at org.apache.hadoop.ipc.Server$Handler.run(Server.java:2942)
"CommandWatcher-LeaseManager#LeaseMonitor" daemon prio=5 tid=36 timed_waiting
java.lang.Thread.State: TIMED_WAITING
        at java.lang.Object.wait(Native Method)
        at org.apache.hadoop.ozone.lease.LeaseManager$LeaseMonitor.run(LeaseManager.java:238)
        at java.lang.Thread.run(Thread.java:750)
"EndpointStateMachine task thread for /0.0.0.0:35291 - 0 "  prio=5 tid=536 in Object.wait()
java.lang.Thread.State: WAITING (on object monitor)
        at sun.misc.Unsafe.park(Native Method)
        at java.util.concurrent.locks.LockSupport.park(LockSupport.java:175)
        at java.util.concurrent.locks.AbstractQueuedSynchronizer$ConditionObject.await(AbstractQueuedSynchronizer.java:2039)
        at java.util.concurrent.LinkedBlockingQueue.take(LinkedBlockingQueue.java:442)
        at java.util.concurrent.ThreadPoolExecutor.getTask(ThreadPoolExecutor.java:1074)
        at java.util.concurrent.ThreadPoolExecutor.runWorker(ThreadPoolExecutor.java:1134)
        at java.util.concurrent.ThreadPoolExecutor$Worker.run(ThreadPoolExecutor.java:624)
        at java.lang.Thread.run(Thread.java:750)
"BlockDeletingService#0" daemon prio=5 tid=530 in Object.wait()
java.lang.Thread.State: WAITING (on object monitor)
        at sun.misc.Unsafe.park(Native Method)
        at java.util.concurrent.locks.LockSupport.park(LockSupport.java:175)
        at java.util.concurrent.locks.AbstractQueuedSynchronizer$ConditionObject.await(AbstractQueuedSynchronizer.java:2039)
        at java.util.concurrent.ScheduledThreadPoolExecutor$DelayedWorkQueue.take(ScheduledThreadPoolExecutor.java:1088)
        at java.util.concurrent.ScheduledThreadPoolExecutor$DelayedWorkQueue.take(ScheduledThreadPoolExecutor.java:809)
        at java.util.concurrent.ThreadPoolExecutor.getTask(ThreadPoolExecutor.java:1074)
        at java.util.concurrent.ThreadPoolExecutor.runWorker(ThreadPoolExecutor.java:1134)
        at java.util.concurrent.ThreadPoolExecutor$Worker.run(ThreadPoolExecutor.java:624)
        at java.lang.Thread.run(Thread.java:750)
"IPC Server Responder" daemon prio=5 tid=123 runnable
java.lang.Thread.State: RUNNABLE
        at sun.nio.ch.EPollArrayWrapper.epollWait(Native Method)
        at sun.nio.ch.EPollArrayWrapper.poll(EPollArrayWrapper.java:269)
        at sun.nio.ch.EPollSelectorImpl.doSelect(EPollSelectorImpl.java:93)
        at sun.nio.ch.SelectorImpl.lockAndDoSelect(SelectorImpl.java:86)
        at sun.nio.ch.SelectorImpl.select(SelectorImpl.java:97)
        at org.apache.hadoop.ipc.Server$Responder.doRunLoop(Server.java:1532)
        at org.apache.hadoop.ipc.Server$Responder.run(Server.java:1515)
"IPC Server handler 3 on default port 35291" daemon prio=5 tid=80 timed_waiting
java.lang.Thread.State: TIMED_WAITING
        at sun.misc.Unsafe.park(Native Method)
        at java.util.concurrent.locks.LockSupport.parkNanos(LockSupport.java:215)
        at java.util.concurrent.locks.AbstractQueuedSynchronizer$ConditionObject.awaitNanos(AbstractQueuedSynchronizer.java:2078)
        at java.util.concurrent.LinkedBlockingQueue.poll(LinkedBlockingQueue.java:467)
        at org.apache.hadoop.ipc.CallQueueManager.take(CallQueueManager.java:317)
        at org.apache.hadoop.ipc.Server$Handler.run(Server.java:2942)
"StaleRecoveringContainerScrubbingService#2" daemon prio=5 tid=904 in Object.wait()
java.lang.Thread.State: WAITING (on object monitor)
        at sun.misc.Unsafe.park(Native Method)
        at java.util.concurrent.locks.LockSupport.park(LockSupport.java:175)
        at java.util.concurrent.locks.AbstractQueuedSynchronizer$ConditionObject.await(AbstractQueuedSynchronizer.java:2039)
        at java.util.concurrent.ScheduledThreadPoolExecutor$DelayedWorkQueue.take(ScheduledThreadPoolExecutor.java:1088)
        at java.util.concurrent.ScheduledThreadPoolExecutor$DelayedWorkQueue.take(ScheduledThreadPoolExecutor.java:809)
        at java.util.concurrent.ThreadPoolExecutor.getTask(ThreadPoolExecutor.java:1074)
        at java.util.concurrent.ThreadPoolExecutor.runWorker(ThreadPoolExecutor.java:1134)
        at java.util.concurrent.ThreadPoolExecutor$Worker.run(ThreadPoolExecutor.java:624)
        at java.lang.Thread.run(Thread.java:750)
"BlockDeletingService#1" daemon prio=5 tid=404 timed_waiting
java.lang.Thread.State: TIMED_WAITING
        at sun.misc.Unsafe.park(Native Method)
        at java.util.concurrent.locks.LockSupport.parkNanos(LockSupport.java:215)
        at java.util.concurrent.locks.AbstractQueuedSynchronizer$ConditionObject.awaitNanos(AbstractQueuedSynchronizer.java:2078)
        at java.util.concurrent.ScheduledThreadPoolExecutor$DelayedWorkQueue.take(ScheduledThreadPoolExecutor.java:1093)
        at java.util.concurrent.ScheduledThreadPoolExecutor$DelayedWorkQueue.take(ScheduledThreadPoolExecutor.java:809)
        at java.util.concurrent.ThreadPoolExecutor.getTask(ThreadPoolExecutor.java:1074)
        at java.util.concurrent.ThreadPoolExecutor.runWorker(ThreadPoolExecutor.java:1134)
        at java.util.concurrent.ThreadPoolExecutor$Worker.run(ThreadPoolExecutor.java:624)
        at java.lang.Thread.run(Thread.java:750)
"Datanode State Machine Task Thread - 1"  prio=5 tid=418 in Object.wait()
java.lang.Thread.State: WAITING (on object monitor)
        at sun.misc.Unsafe.park(Native Method)
        at java.util.concurrent.locks.LockSupport.park(LockSupport.java:175)
        at java.util.concurrent.locks.AbstractQueuedSynchronizer$ConditionObject.await(AbstractQueuedSynchronizer.java:2039)
        at java.util.concurrent.LinkedBlockingQueue.take(LinkedBlockingQueue.java:442)
        at java.util.concurrent.ThreadPoolExecutor.getTask(ThreadPoolExecutor.java:1074)
        at java.util.concurrent.ThreadPoolExecutor.runWorker(ThreadPoolExecutor.java:1134)
        at java.util.concurrent.ThreadPoolExecutor$Worker.run(ThreadPoolExecutor.java:624)
        at java.lang.Thread.run(Thread.java:750)
"pool-180-thread-1" daemon prio=5 tid=301 timed_waiting
java.lang.Thread.State: TIMED_WAITING
        at sun.misc.Unsafe.park(Native Method)
        at java.util.concurrent.locks.LockSupport.parkNanos(LockSupport.java:215)
        at java.util.concurrent.locks.AbstractQueuedSynchronizer$ConditionObject.awaitNanos(AbstractQueuedSynchronizer.java:2078)
        at java.util.concurrent.ScheduledThreadPoolExecutor$DelayedWorkQueue.take(ScheduledThreadPoolExecutor.java:1093)
        at java.util.concurrent.ScheduledThreadPoolExecutor$DelayedWorkQueue.take(ScheduledThreadPoolExecutor.java:809)
        at java.util.concurrent.ThreadPoolExecutor.getTask(ThreadPoolExecutor.java:1074)
        at java.util.concurrent.ThreadPoolExecutor.runWorker(ThreadPoolExecutor.java:1134)
        at java.util.concurrent.ThreadPoolExecutor$Worker.run(ThreadPoolExecutor.java:624)
        at java.lang.Thread.run(Thread.java:750)
"ChunkWriter-0-0" daemon prio=5 tid=549 in Object.wait()
java.lang.Thread.State: WAITING (on object monitor)
        at sun.misc.Unsafe.park(Native Method)
        at java.util.concurrent.locks.LockSupport.park(LockSupport.java:175)
        at java.util.concurrent.locks.AbstractQueuedSynchronizer$ConditionObject.await(AbstractQueuedSynchronizer.java:2039)
        at java.util.concurrent.LinkedBlockingDeque.takeFirst(LinkedBlockingDeque.java:492)
        at java.util.concurrent.LinkedBlockingDeque.take(LinkedBlockingDeque.java:680)
        at java.util.concurrent.ThreadPoolExecutor.getTask(ThreadPoolExecutor.java:1074)
        at java.util.concurrent.ThreadPoolExecutor.runWorker(ThreadPoolExecutor.java:1134)
        at java.util.concurrent.ThreadPoolExecutor$Worker.run(ThreadPoolExecutor.java:624)
        at java.lang.Thread.run(Thread.java:750)
"Datanode ReportManager Thread - 0" daemon prio=5 tid=381 timed_waiting
java.lang.Thread.State: TIMED_WAITING
        at sun.misc.Unsafe.park(Native Method)
        at java.util.concurrent.locks.LockSupport.parkNanos(LockSupport.java:215)
        at java.util.concurrent.locks.AbstractQueuedSynchronizer$ConditionObject.awaitNanos(AbstractQueuedSynchronizer.java:2078)
        at java.util.concurrent.ScheduledThreadPoolExecutor$DelayedWorkQueue.take(ScheduledThreadPoolExecutor.java:1093)
        at java.util.concurrent.ScheduledThreadPoolExecutor$DelayedWorkQueue.take(ScheduledThreadPoolExecutor.java:809)
        at java.util.concurrent.ThreadPoolExecutor.getTask(ThreadPoolExecutor.java:1074)
        at java.util.concurrent.ThreadPoolExecutor.runWorker(ThreadPoolExecutor.java:1134)
        at java.util.concurrent.ThreadPoolExecutor$Worker.run(ThreadPoolExecutor.java:624)
        at java.lang.Thread.run(Thread.java:750)
"ChunkWriter-3-0" daemon prio=5 tid=494 in Object.wait()
java.lang.Thread.State: WAITING (on object monitor)
        at sun.misc.Unsafe.park(Native Method)
        at java.util.concurrent.locks.LockSupport.park(LockSupport.java:175)
        at java.util.concurrent.locks.AbstractQueuedSynchronizer$ConditionObject.await(AbstractQueuedSynchronizer.java:2039)
        at java.util.concurrent.LinkedBlockingDeque.takeFirst(LinkedBlockingDeque.java:492)
        at java.util.concurrent.LinkedBlockingDeque.take(LinkedBlockingDeque.java:680)
        at java.util.concurrent.ThreadPoolExecutor.getTask(ThreadPoolExecutor.java:1074)
        at java.util.concurrent.ThreadPoolExecutor.runWorker(ThreadPoolExecutor.java:1134)
        at java.util.concurrent.ThreadPoolExecutor$Worker.run(ThreadPoolExecutor.java:624)
        at java.lang.Thread.run(Thread.java:750)
"JvmPauseMonitor10" daemon prio=5 tid=553 timed_waiting
java.lang.Thread.State: TIMED_WAITING
        at java.lang.Thread.sleep(Native Method)
        at java.lang.Thread.sleep(Thread.java:342)
        at java.util.concurrent.TimeUnit.sleep(TimeUnit.java:386)
        at org.apache.ratis.util.TimeDuration.sleep(TimeDuration.java:325)
        at org.apache.ratis.util.TimeDuration.sleep(TimeDuration.java:310)
        at org.apache.ratis.util.JvmPauseMonitor.detectPause(JvmPauseMonitor.java:119)
        at org.apache.ratis.util.JvmPauseMonitor.run(JvmPauseMonitor.java:108)
        at org.apache.ratis.util.JvmPauseMonitor$$Lambda$706/1510764580.run(Unknown Source)
        at java.lang.Thread.run(Thread.java:750)
"JvmPauseMonitor5" daemon prio=5 tid=483 timed_waiting
java.lang.Thread.State: TIMED_WAITING
        at java.lang.Thread.sleep(Native Method)
        at java.lang.Thread.sleep(Thread.java:342)
        at java.util.concurrent.TimeUnit.sleep(TimeUnit.java:386)
        at org.apache.ratis.util.TimeDuration.sleep(TimeDuration.java:325)
        at org.apache.ratis.util.TimeDuration.sleep(TimeDuration.java:310)
        at org.apache.ratis.util.JvmPauseMonitor.detectPause(JvmPauseMonitor.java:119)
        at org.apache.ratis.util.JvmPauseMonitor.run(JvmPauseMonitor.java:108)
        at org.apache.ratis.util.JvmPauseMonitor$$Lambda$706/1510764580.run(Unknown Source)
        at java.lang.Thread.run(Thread.java:750)
"Datanode ReportManager Thread - 2" daemon prio=5 tid=214 timed_waiting
java.lang.Thread.State: TIMED_WAITING
        at sun.misc.Unsafe.park(Native Method)
        at java.util.concurrent.locks.LockSupport.parkNanos(LockSupport.java:215)
        at java.util.concurrent.locks.AbstractQueuedSynchronizer$ConditionObject.awaitNanos(AbstractQueuedSynchronizer.java:2078)
        at java.util.concurrent.ScheduledThreadPoolExecutor$DelayedWorkQueue.take(ScheduledThreadPoolExecutor.java:1093)
        at java.util.concurrent.ScheduledThreadPoolExecutor$DelayedWorkQueue.take(ScheduledThreadPoolExecutor.java:809)
        at java.util.concurrent.ThreadPoolExecutor.getTask(ThreadPoolExecutor.java:1074)
        at java.util.concurrent.ThreadPoolExecutor.runWorker(ThreadPoolExecutor.java:1134)
        at java.util.concurrent.ThreadPoolExecutor$Worker.run(ThreadPoolExecutor.java:624)
        at java.lang.Thread.run(Thread.java:750)
"IPC Server Responder" daemon prio=5 tid=26 runnable
java.lang.Thread.State: RUNNABLE
        at sun.nio.ch.EPollArrayWrapper.epollWait(Native Method)
        at sun.nio.ch.EPollArrayWrapper.poll(EPollArrayWrapper.java:269)
        at sun.nio.ch.EPollSelectorImpl.doSelect(EPollSelectorImpl.java:93)
        at sun.nio.ch.SelectorImpl.lockAndDoSelect(SelectorImpl.java:86)
        at sun.nio.ch.SelectorImpl.select(SelectorImpl.java:97)
        at org.apache.hadoop.ipc.Server$Responder.doRunLoop(Server.java:1532)
        at org.apache.hadoop.ipc.Server$Responder.run(Server.java:1515)
"Timer for 'StorageContainerManager' metrics system" daemon prio=5 tid=35 timed_waiting
java.lang.Thread.State: TIMED_WAITING
        at java.lang.Object.wait(Native Method)
        at java.util.TimerThread.mainLoop(Timer.java:552)
        at java.util.TimerThread.run(Timer.java:505)
"IPC Server handler 14 on default port 42013" daemon prio=5 tid=158 timed_waiting
java.lang.Thread.State: TIMED_WAITING
        at sun.misc.Unsafe.park(Native Method)
        at java.util.concurrent.locks.LockSupport.parkNanos(LockSupport.java:215)
        at java.util.concurrent.locks.AbstractQueuedSynchronizer$ConditionObject.awaitNanos(AbstractQueuedSynchronizer.java:2078)
        at java.util.concurrent.LinkedBlockingQueue.poll(LinkedBlockingQueue.java:467)
        at org.apache.hadoop.ipc.CallQueueManager.take(CallQueueManager.java:317)
        at org.apache.hadoop.ipc.Server$Handler.run(Server.java:2942)
"Session-HouseKeeper-2e76d0d3-1"  prio=5 tid=108 timed_waiting
java.lang.Thread.State: TIMED_WAITING
        at sun.misc.Unsafe.park(Native Method)
        at java.util.concurrent.locks.LockSupport.parkNanos(LockSupport.java:215)
        at java.util.concurrent.locks.AbstractQueuedSynchronizer$ConditionObject.awaitNanos(AbstractQueuedSynchronizer.java:2078)
        at java.util.concurrent.ScheduledThreadPoolExecutor$DelayedWorkQueue.take(ScheduledThreadPoolExecutor.java:1093)
        at java.util.concurrent.ScheduledThreadPoolExecutor$DelayedWorkQueue.take(ScheduledThreadPoolExecutor.java:809)
        at java.util.concurrent.ThreadPoolExecutor.getTask(ThreadPoolExecutor.java:1074)
        at java.util.concurrent.ThreadPoolExecutor.runWorker(ThreadPoolExecutor.java:1134)
        at java.util.concurrent.ThreadPoolExecutor$Worker.run(ThreadPoolExecutor.java:624)
        at java.lang.Thread.run(Thread.java:750)
"org.apache.hadoop.util.JvmPauseMonitor$Monitor@315368a6" daemon prio=5 tid=427 timed_waiting
java.lang.Thread.State: TIMED_WAITING
        at java.lang.Thread.sleep(Native Method)
        at org.apache.hadoop.util.JvmPauseMonitor$Monitor.run(JvmPauseMonitor.java:192)
        at java.lang.Thread.run(Thread.java:750)
"57b0e5c4-d4d8-463c-8999-53af98295cd0@group-25E74EA5BF7A-SegmentedRaftLogWorker"  prio=5 tid=626 timed_waiting
java.lang.Thread.State: TIMED_WAITING
        at sun.misc.Unsafe.park(Native Method)
        at java.util.concurrent.locks.LockSupport.parkNanos(LockSupport.java:215)
        at java.util.concurrent.locks.AbstractQueuedSynchronizer$ConditionObject.awaitNanos(AbstractQueuedSynchronizer.java:2078)
        at org.apache.ratis.util.DataBlockingQueue.poll(DataBlockingQueue.java:148)
        at org.apache.ratis.server.raftlog.segmented.SegmentedRaftLogWorker.run(SegmentedRaftLogWorker.java:310)
        at org.apache.ratis.server.raftlog.segmented.SegmentedRaftLogWorker$$Lambda$665/1346122915.run(Unknown Source)
        at java.lang.Thread.run(Thread.java:750)
"org.apache.hadoop.util.JvmPauseMonitor$Monitor@2c6efee3" daemon prio=5 tid=98 timed_waiting
java.lang.Thread.State: TIMED_WAITING
        at java.lang.Thread.sleep(Native Method)
        at org.apache.hadoop.util.JvmPauseMonitor$Monitor.run(JvmPauseMonitor.java:192)
        at java.lang.Thread.run(Thread.java:750)
"ChunkWriter-1-0" daemon prio=5 tid=459 in Object.wait()
java.lang.Thread.State: WAITING (on object monitor)
        at sun.misc.Unsafe.park(Native Method)
        at java.util.concurrent.locks.LockSupport.park(LockSupport.java:175)
        at java.util.concurrent.locks.AbstractQueuedSynchronizer$ConditionObject.await(AbstractQueuedSynchronizer.java:2039)
        at java.util.concurrent.LinkedBlockingDeque.takeFirst(LinkedBlockingDeque.java:492)
        at java.util.concurrent.LinkedBlockingDeque.take(LinkedBlockingDeque.java:680)
        at java.util.concurrent.ThreadPoolExecutor.getTask(ThreadPoolExecutor.java:1074)
        at java.util.concurrent.ThreadPoolExecutor.runWorker(ThreadPoolExecutor.java:1134)
        at java.util.concurrent.ThreadPoolExecutor$Worker.run(ThreadPoolExecutor.java:624)
        at java.lang.Thread.run(Thread.java:750)
"Datanode ReportManager Thread - 1" daemon prio=5 tid=185 in Object.wait()
java.lang.Thread.State: WAITING (on object monitor)
        at sun.misc.Unsafe.park(Native Method)
        at java.util.concurrent.locks.LockSupport.park(LockSupport.java:175)
        at java.util.concurrent.locks.AbstractQueuedSynchronizer$ConditionObject.await(AbstractQueuedSynchronizer.java:2039)
        at java.util.concurrent.ScheduledThreadPoolExecutor$DelayedWorkQueue.take(ScheduledThreadPoolExecutor.java:1088)
        at java.util.concurrent.ScheduledThreadPoolExecutor$DelayedWorkQueue.take(ScheduledThreadPoolExecutor.java:809)
        at java.util.concurrent.ThreadPoolExecutor.getTask(ThreadPoolExecutor.java:1074)
        at java.util.concurrent.ThreadPoolExecutor.runWorker(ThreadPoolExecutor.java:1134)
        at java.util.concurrent.ThreadPoolExecutor$Worker.run(ThreadPoolExecutor.java:624)
        at java.lang.Thread.run(Thread.java:750)
"57b0e5c4-d4d8-463c-8999-53af98295cd0-server-thread3" daemon prio=5 tid=892 timed_waiting
java.lang.Thread.State: TIMED_WAITING
        at sun.misc.Unsafe.park(Native Method)
        at java.util.concurrent.locks.LockSupport.parkNanos(LockSupport.java:215)
        at java.util.concurrent.SynchronousQueue$TransferStack.awaitFulfill(SynchronousQueue.java:460)
        at java.util.concurrent.SynchronousQueue$TransferStack.transfer(SynchronousQueue.java:362)
        at java.util.concurrent.SynchronousQueue.poll(SynchronousQueue.java:941)
        at java.util.concurrent.ThreadPoolExecutor.getTask(ThreadPoolExecutor.java:1073)
        at java.util.concurrent.ThreadPoolExecutor.runWorker(ThreadPoolExecutor.java:1134)
        at java.util.concurrent.ThreadPoolExecutor$Worker.run(ThreadPoolExecutor.java:624)
        at java.lang.Thread.run(Thread.java:750)
"ChunkReader-3" daemon prio=5 tid=782 in Object.wait()
java.lang.Thread.State: WAITING (on object monitor)
        at sun.misc.Unsafe.park(Native Method)
        at java.util.concurrent.locks.LockSupport.park(LockSupport.java:175)
        at java.util.concurrent.locks.AbstractQueuedSynchronizer$ConditionObject.await(AbstractQueuedSynchronizer.java:2039)
        at java.util.concurrent.LinkedBlockingQueue.take(LinkedBlockingQueue.java:442)
        at java.util.concurrent.ThreadPoolExecutor.getTask(ThreadPoolExecutor.java:1074)
        at java.util.concurrent.ThreadPoolExecutor.runWorker(ThreadPoolExecutor.java:1134)
        at java.util.concurrent.ThreadPoolExecutor$Worker.run(ThreadPoolExecutor.java:624)
        at java.lang.Thread.run(Thread.java:750)
"EventQueue-PipelineReportForOneReplicaPipelineSafeModeRule" daemon prio=5 tid=505 in Object.wait()
java.lang.Thread.State: WAITING (on object monitor)
        at sun.misc.Unsafe.park(Native Method)
        at java.util.concurrent.locks.LockSupport.park(LockSupport.java:175)
        at java.util.concurrent.locks.AbstractQueuedSynchronizer$ConditionObject.await(AbstractQueuedSynchronizer.java:2039)
        at java.util.concurrent.LinkedBlockingQueue.take(LinkedBlockingQueue.java:442)
        at java.util.concurrent.ThreadPoolExecutor.getTask(ThreadPoolExecutor.java:1074)
        at java.util.concurrent.ThreadPoolExecutor.runWorker(ThreadPoolExecutor.java:1134)
        at java.util.concurrent.ThreadPoolExecutor$Worker.run(ThreadPoolExecutor.java:624)
        at java.lang.Thread.run(Thread.java:750)
"pool-196-thread-1"  prio=5 tid=305 timed_waiting
java.lang.Thread.State: TIMED_WAITING
        at sun.misc.Unsafe.park(Native Method)
        at java.util.concurrent.locks.LockSupport.parkNanos(LockSupport.java:215)
        at java.util.concurrent.locks.AbstractQueuedSynchronizer$ConditionObject.awaitNanos(AbstractQueuedSynchronizer.java:2078)
        at java.util.concurrent.ScheduledThreadPoolExecutor$DelayedWorkQueue.take(ScheduledThreadPoolExecutor.java:1093)
        at java.util.concurrent.ScheduledThreadPoolExecutor$DelayedWorkQueue.take(ScheduledThreadPoolExecutor.java:809)
        at java.util.concurrent.ThreadPoolExecutor.getTask(ThreadPoolExecutor.java:1074)
        at java.util.concurrent.ThreadPoolExecutor.runWorker(ThreadPoolExecutor.java:1134)
        at java.util.concurrent.ThreadPoolExecutor$Worker.run(ThreadPoolExecutor.java:624)
        at java.lang.Thread.run(Thread.java:750)
"EventQueue-OpenPipelineForHealthyPipelineSafeModeRule" daemon prio=5 tid=561 in Object.wait()
java.lang.Thread.State: WAITING (on object monitor)
        at sun.misc.Unsafe.park(Native Method)
        at java.util.concurrent.locks.LockSupport.park(LockSupport.java:175)
        at java.util.concurrent.locks.AbstractQueuedSynchronizer$ConditionObject.await(AbstractQueuedSynchronizer.java:2039)
        at java.util.concurrent.LinkedBlockingQueue.take(LinkedBlockingQueue.java:442)
        at java.util.concurrent.ThreadPoolExecutor.getTask(ThreadPoolExecutor.java:1074)
        at java.util.concurrent.ThreadPoolExecutor.runWorker(ThreadPoolExecutor.java:1134)
        at java.util.concurrent.ThreadPoolExecutor$Worker.run(ThreadPoolExecutor.java:624)
        at java.lang.Thread.run(Thread.java:750)
"57b0e5c4-d4d8-463c-8999-53af98295cd0@group-25E74EA5BF7A-FollowerState" daemon prio=5 tid=707 timed_waiting
java.lang.Thread.State: TIMED_WAITING
        at java.lang.Thread.sleep(Native Method)
        at java.lang.Thread.sleep(Thread.java:342)
        at java.util.concurrent.TimeUnit.sleep(TimeUnit.java:386)
        at org.apache.ratis.util.TimeDuration.sleep(TimeDuration.java:325)
        at org.apache.ratis.util.TimeDuration.sleep(TimeDuration.java:310)
        at org.apache.ratis.server.impl.FollowerState.run(FollowerState.java:128)
"Datanode ReportManager Thread - 1" daemon prio=5 tid=422 timed_waiting
java.lang.Thread.State: TIMED_WAITING
        at sun.misc.Unsafe.park(Native Method)
        at java.util.concurrent.locks.LockSupport.parkNanos(LockSupport.java:215)
        at java.util.concurrent.locks.AbstractQueuedSynchronizer$ConditionObject.awaitNanos(AbstractQueuedSynchronizer.java:2078)
        at java.util.concurrent.ScheduledThreadPoolExecutor$DelayedWorkQueue.take(ScheduledThreadPoolExecutor.java:1093)
        at java.util.concurrent.ScheduledThreadPoolExecutor$DelayedWorkQueue.take(ScheduledThreadPoolExecutor.java:809)
        at java.util.concurrent.ThreadPoolExecutor.getTask(ThreadPoolExecutor.java:1074)
        at java.util.concurrent.ThreadPoolExecutor.runWorker(ThreadPoolExecutor.java:1134)
        at java.util.concurrent.ThreadPoolExecutor$Worker.run(ThreadPoolExecutor.java:624)
        at java.lang.Thread.run(Thread.java:750)
"ChunkReader-ELG-0" daemon prio=5 tid=542 runnable
java.lang.Thread.State: RUNNABLE
        at org.apache.ratis.thirdparty.io.netty.channel.epoll.Native.epollWait(Native Method)
        at org.apache.ratis.thirdparty.io.netty.channel.epoll.Native.epollWait(Native.java:209)
        at org.apache.ratis.thirdparty.io.netty.channel.epoll.Native.epollWait(Native.java:202)
        at org.apache.ratis.thirdparty.io.netty.channel.epoll.EpollEventLoop.epollWaitNoTimerChange(EpollEventLoop.java:294)
        at org.apache.ratis.thirdparty.io.netty.channel.epoll.EpollEventLoop.run(EpollEventLoop.java:351)
        at org.apache.ratis.thirdparty.io.netty.util.concurrent.SingleThreadEventExecutor$4.run(SingleThreadEventExecutor.java:995)
        at org.apache.ratis.thirdparty.io.netty.util.internal.ThreadExecutorMap$2.run(ThreadExecutorMap.java:74)
        at java.lang.Thread.run(Thread.java:750)
"ChunkReader-4" daemon prio=5 tid=783 in Object.wait()
java.lang.Thread.State: WAITING (on object monitor)
        at sun.misc.Unsafe.park(Native Method)
        at java.util.concurrent.locks.LockSupport.park(LockSupport.java:175)
        at java.util.concurrent.locks.AbstractQueuedSynchronizer$ConditionObject.await(AbstractQueuedSynchronizer.java:2039)
        at java.util.concurrent.LinkedBlockingQueue.take(LinkedBlockingQueue.java:442)
        at java.util.concurrent.ThreadPoolExecutor.getTask(ThreadPoolExecutor.java:1074)
        at java.util.concurrent.ThreadPoolExecutor.runWorker(ThreadPoolExecutor.java:1134)
        at java.util.concurrent.ThreadPoolExecutor$Worker.run(ThreadPoolExecutor.java:624)
        at java.lang.Thread.run(Thread.java:750)
"db967a0c-fd65-4f5b-99fe-08eeaf937185@group-C5655235CD35-SegmentedRaftLogWorker"  prio=5 tid=575 timed_waiting
java.lang.Thread.State: TIMED_WAITING
        at sun.misc.Unsafe.park(Native Method)
        at java.util.concurrent.locks.LockSupport.parkNanos(LockSupport.java:215)
        at java.util.concurrent.locks.AbstractQueuedSynchronizer$ConditionObject.awaitNanos(AbstractQueuedSynchronizer.java:2078)
        at org.apache.ratis.util.DataBlockingQueue.poll(DataBlockingQueue.java:148)
        at org.apache.ratis.server.raftlog.segmented.SegmentedRaftLogWorker.run(SegmentedRaftLogWorker.java:310)
        at org.apache.ratis.server.raftlog.segmented.SegmentedRaftLogWorker$$Lambda$665/1346122915.run(Unknown Source)
        at java.lang.Thread.run(Thread.java:750)
"IPC Server listener on 0" daemon prio=5 tid=31 runnable
java.lang.Thread.State: RUNNABLE
        at sun.nio.ch.EPollArrayWrapper.epollWait(Native Method)
        at sun.nio.ch.EPollArrayWrapper.poll(EPollArrayWrapper.java:269)
        at sun.nio.ch.EPollSelectorImpl.doSelect(EPollSelectorImpl.java:93)
        at sun.nio.ch.SelectorImpl.lockAndDoSelect(SelectorImpl.java:86)
        at sun.nio.ch.SelectorImpl.select(SelectorImpl.java:97)
        at sun.nio.ch.SelectorImpl.select(SelectorImpl.java:101)
        at org.apache.hadoop.ipc.Server$Listener.run(Server.java:1358)
"Datanode State Machine Daemon Thread" daemon prio=5 tid=211 timed_waiting
java.lang.Thread.State: TIMED_WAITING
        at java.lang.Thread.sleep(Native Method)
        at org.apache.hadoop.ozone.container.common.statemachine.DatanodeStateMachine.startStateMachineThread(DatanodeStateMachine.java:321)
        at org.apache.hadoop.ozone.container.common.statemachine.DatanodeStateMachine.lambda$startDaemon$0(DatanodeStateMachine.java:506)
        at org.apache.hadoop.ozone.container.common.statemachine.DatanodeStateMachine$$Lambda$750/1660784802.run(Unknown Source)
        at java.lang.Thread.run(Thread.java:750)
"DatanodeAdminManager-0" daemon prio=5 tid=21 timed_waiting
java.lang.Thread.State: TIMED_WAITING
        at sun.misc.Unsafe.park(Native Method)
        at java.util.concurrent.locks.LockSupport.parkNanos(LockSupport.java:215)
        at java.util.concurrent.locks.AbstractQueuedSynchronizer$ConditionObject.awaitNanos(AbstractQueuedSynchronizer.java:2078)
        at java.util.concurrent.ScheduledThreadPoolExecutor$DelayedWorkQueue.take(ScheduledThreadPoolExecutor.java:1093)
        at java.util.concurrent.ScheduledThreadPoolExecutor$DelayedWorkQueue.take(ScheduledThreadPoolExecutor.java:809)
        at java.util.concurrent.ThreadPoolExecutor.getTask(ThreadPoolExecutor.java:1074)
        at java.util.concurrent.ThreadPoolExecutor.runWorker(ThreadPoolExecutor.java:1134)
        at java.util.concurrent.ThreadPoolExecutor$Worker.run(ThreadPoolExecutor.java:624)
        at java.lang.Thread.run(Thread.java:750)
"pool-164-thread-1"  prio=5 tid=613 in Object.wait()
java.lang.Thread.State: WAITING (on object monitor)
        at sun.misc.Unsafe.park(Native Method)
        at java.util.concurrent.locks.LockSupport.park(LockSupport.java:175)
        at java.util.concurrent.locks.AbstractQueuedSynchronizer$ConditionObject.await(AbstractQueuedSynchronizer.java:2039)
        at java.util.concurrent.LinkedBlockingQueue.take(LinkedBlockingQueue.java:442)
        at java.util.concurrent.ThreadPoolExecutor.getTask(ThreadPoolExecutor.java:1074)
        at java.util.concurrent.ThreadPoolExecutor.runWorker(ThreadPoolExecutor.java:1134)
        at java.util.concurrent.ThreadPoolExecutor$Worker.run(ThreadPoolExecutor.java:624)
        at java.lang.Thread.run(Thread.java:750)
"qtp1072948973-174" daemon prio=5 tid=174 runnable
java.lang.Thread.State: RUNNABLE
        at sun.nio.ch.EPollArrayWrapper.epollWait(Native Method)
        at sun.nio.ch.EPollArrayWrapper.poll(EPollArrayWrapper.java:269)
        at sun.nio.ch.EPollSelectorImpl.doSelect(EPollSelectorImpl.java:93)
        at sun.nio.ch.SelectorImpl.lockAndDoSelect(SelectorImpl.java:86)
        at sun.nio.ch.SelectorImpl.select(SelectorImpl.java:97)
        at sun.nio.ch.SelectorImpl.select(SelectorImpl.java:101)
        at org.eclipse.jetty.io.ManagedSelector.nioSelect(ManagedSelector.java:183)
        at org.eclipse.jetty.io.ManagedSelector.select(ManagedSelector.java:190)
        at org.eclipse.jetty.io.ManagedSelector$SelectorProducer.select(ManagedSelector.java:606)
        at org.eclipse.jetty.io.ManagedSelector$SelectorProducer.produce(ManagedSelector.java:543)
        at org.eclipse.jetty.util.thread.strategy.EatWhatYouKill.produceTask(EatWhatYouKill.java:362)
        at org.eclipse.jetty.util.thread.strategy.EatWhatYouKill.doProduce(EatWhatYouKill.java:186)
        at org.eclipse.jetty.util.thread.strategy.EatWhatYouKill.tryProduce(EatWhatYouKill.java:173)
        at org.eclipse.jetty.util.thread.strategy.EatWhatYouKill.produce(EatWhatYouKill.java:137)
        at org.eclipse.jetty.io.ManagedSelector$$Lambda$446/1613065499.run(Unknown Source)
        at org.eclipse.jetty.util.thread.QueuedThreadPool.runJob(QueuedThreadPool.java:883)
        at org.eclipse.jetty.util.thread.QueuedThreadPool$Runner.run(QueuedThreadPool.java:1034)
        at java.lang.Thread.run(Thread.java:750)
"qtp1072948973-180" daemon prio=5 tid=180 timed_waiting
java.lang.Thread.State: TIMED_WAITING
        at sun.misc.Unsafe.park(Native Method)
        at java.util.concurrent.locks.LockSupport.parkNanos(LockSupport.java:215)
        at java.util.concurrent.locks.AbstractQueuedSynchronizer$ConditionObject.awaitNanos(AbstractQueuedSynchronizer.java:2078)
        at org.eclipse.jetty.util.BlockingArrayQueue.poll(BlockingArrayQueue.java:382)
        at org.eclipse.jetty.util.thread.QueuedThreadPool$Runner.idleJobPoll(QueuedThreadPool.java:974)
        at org.eclipse.jetty.util.thread.QueuedThreadPool$Runner.run(QueuedThreadPool.java:1018)
        at java.lang.Thread.run(Thread.java:750)
"db967a0c-fd65-4f5b-99fe-08eeaf937185@group-C2E61F12FD9A->7f2965ec-2a1d-4c0b-a486-0150db937947-GrpcLogAppender-LogAppenderDaemon" daemon prio=5 tid=846 timed_waiting
java.lang.Thread.State: TIMED_WAITING
        at sun.misc.Unsafe.park(Native Method)
        at java.util.concurrent.locks.LockSupport.parkNanos(LockSupport.java:215)
        at java.util.concurrent.CompletableFuture$Signaller.block(CompletableFuture.java:1709)
        at java.util.concurrent.ForkJoinPool.managedBlock(ForkJoinPool.java:3323)
        at java.util.concurrent.CompletableFuture.timedGet(CompletableFuture.java:1788)
        at java.util.concurrent.CompletableFuture.get(CompletableFuture.java:1928)
        at org.apache.ratis.util.AwaitForSignal.await(AwaitForSignal.java:56)
        at org.apache.ratis.grpc.server.GrpcLogAppender.mayWait(GrpcLogAppender.java:198)
        at org.apache.ratis.grpc.server.GrpcLogAppender.run(GrpcLogAppender.java:148)
        at org.apache.ratis.server.leader.LogAppenderDaemon.run(LogAppenderDaemon.java:78)
        at org.apache.ratis.server.leader.LogAppenderDaemon$$Lambda$1046/186956009.run(Unknown Source)
        at java.lang.Thread.run(Thread.java:750)
"IPC Parameter Sending Thread #1" daemon prio=5 tid=752 timed_waiting
java.lang.Thread.State: TIMED_WAITING
        at sun.misc.Unsafe.park(Native Method)
        at java.util.concurrent.locks.LockSupport.parkNanos(LockSupport.java:215)
        at java.util.concurrent.SynchronousQueue$TransferStack.awaitFulfill(SynchronousQueue.java:460)
        at java.util.concurrent.SynchronousQueue$TransferStack.transfer(SynchronousQueue.java:362)
        at java.util.concurrent.SynchronousQueue.poll(SynchronousQueue.java:941)
        at java.util.concurrent.ThreadPoolExecutor.getTask(ThreadPoolExecutor.java:1073)
        at java.util.concurrent.ThreadPoolExecutor.runWorker(ThreadPoolExecutor.java:1134)
        at java.util.concurrent.ThreadPoolExecutor$Worker.run(ThreadPoolExecutor.java:624)
        at java.lang.Thread.run(Thread.java:750)
"7f2965ec-2a1d-4c0b-a486-0150db937947@group-FF047A9E459C-SegmentedRaftLogWorker"  prio=5 tid=582 timed_waiting
java.lang.Thread.State: TIMED_WAITING
        at sun.misc.Unsafe.park(Native Method)
        at java.util.concurrent.locks.LockSupport.parkNanos(LockSupport.java:215)
        at java.util.concurrent.locks.AbstractQueuedSynchronizer$ConditionObject.awaitNanos(AbstractQueuedSynchronizer.java:2078)
        at org.apache.ratis.util.DataBlockingQueue.poll(DataBlockingQueue.java:148)
        at org.apache.ratis.server.raftlog.segmented.SegmentedRaftLogWorker.run(SegmentedRaftLogWorker.java:310)
        at org.apache.ratis.server.raftlog.segmented.SegmentedRaftLogWorker$$Lambda$665/1346122915.run(Unknown Source)
        at java.lang.Thread.run(Thread.java:750)
"StaleRecoveringContainerScrubbingService#2" daemon prio=5 tid=905 in Object.wait()
java.lang.Thread.State: WAITING (on object monitor)
        at sun.misc.Unsafe.park(Native Method)
        at java.util.concurrent.locks.LockSupport.park(LockSupport.java:175)
        at java.util.concurrent.locks.AbstractQueuedSynchronizer$ConditionObject.await(AbstractQueuedSynchronizer.java:2039)
        at java.util.concurrent.ScheduledThreadPoolExecutor$DelayedWorkQueue.take(ScheduledThreadPoolExecutor.java:1088)
        at java.util.concurrent.ScheduledThreadPoolExecutor$DelayedWorkQueue.take(ScheduledThreadPoolExecutor.java:809)
        at java.util.concurrent.ThreadPoolExecutor.getTask(ThreadPoolExecutor.java:1074)
        at java.util.concurrent.ThreadPoolExecutor.runWorker(ThreadPoolExecutor.java:1134)
        at java.util.concurrent.ThreadPoolExecutor$Worker.run(ThreadPoolExecutor.java:624)
        at java.lang.Thread.run(Thread.java:750)
"qtp1072948973-176" daemon prio=5 tid=176 timed_waiting
java.lang.Thread.State: TIMED_WAITING
        at sun.misc.Unsafe.park(Native Method)
        at java.util.concurrent.locks.LockSupport.parkNanos(LockSupport.java:215)
        at java.util.concurrent.locks.AbstractQueuedSynchronizer$ConditionObject.awaitNanos(AbstractQueuedSynchronizer.java:2078)
        at org.eclipse.jetty.util.BlockingArrayQueue.poll(BlockingArrayQueue.java:382)
        at org.eclipse.jetty.util.thread.QueuedThreadPool$Runner.idleJobPoll(QueuedThreadPool.java:974)
        at org.eclipse.jetty.util.thread.QueuedThreadPool$Runner.run(QueuedThreadPool.java:1018)
        at java.lang.Thread.run(Thread.java:750)
"org.apache.hadoop.ozone.container.common.statemachine.commandhandler.DeleteBlocksCommandHandler$DeleteCmdWorker@5f63bc34" daemon prio=5 tid=252 timed_waiting
java.lang.Thread.State: TIMED_WAITING
        at java.lang.Thread.sleep(Native Method)
        at org.apache.hadoop.ozone.container.common.statemachine.commandhandler.DeleteBlocksCommandHandler$DeleteCmdWorker.run(DeleteBlocksCommandHandler.java:183)
        at java.lang.Thread.run(Thread.java:750)
"86e92292-7141-46cb-9ed5-093a2cfc2b40@group-C2E61F12FD9A-SegmentedRaftLogWorker"  prio=5 tid=593 timed_waiting
java.lang.Thread.State: TIMED_WAITING
        at sun.misc.Unsafe.park(Native Method)
        at java.util.concurrent.locks.LockSupport.parkNanos(LockSupport.java:215)
        at java.util.concurrent.locks.AbstractQueuedSynchronizer$ConditionObject.awaitNanos(AbstractQueuedSynchronizer.java:2078)
        at org.apache.ratis.util.DataBlockingQueue.poll(DataBlockingQueue.java:148)
        at org.apache.ratis.server.raftlog.segmented.SegmentedRaftLogWorker.run(SegmentedRaftLogWorker.java:310)
        at org.apache.ratis.server.raftlog.segmented.SegmentedRaftLogWorker$$Lambda$665/1346122915.run(Unknown Source)
        at java.lang.Thread.run(Thread.java:750)
"qtp362095723-285" daemon prio=5 tid=285 timed_waiting
java.lang.Thread.State: TIMED_WAITING
        at sun.misc.Unsafe.park(Native Method)
        at java.util.concurrent.locks.LockSupport.parkNanos(LockSupport.java:215)
        at java.util.concurrent.locks.AbstractQueuedSynchronizer$ConditionObject.awaitNanos(AbstractQueuedSynchronizer.java:2078)
        at org.eclipse.jetty.util.BlockingArrayQueue.poll(BlockingArrayQueue.java:382)
        at org.eclipse.jetty.util.thread.QueuedThreadPool$Runner.idleJobPoll(QueuedThreadPool.java:974)
        at org.eclipse.jetty.util.thread.QueuedThreadPool$Runner.run(QueuedThreadPool.java:1018)
        at java.lang.Thread.run(Thread.java:750)
"qtp406153553-103" daemon prio=5 tid=103 timed_waiting
java.lang.Thread.State: TIMED_WAITING
        at sun.misc.Unsafe.park(Native Method)
        at java.util.concurrent.locks.LockSupport.parkNanos(LockSupport.java:215)
        at java.util.concurrent.locks.AbstractQueuedSynchronizer$ConditionObject.awaitNanos(AbstractQueuedSynchronizer.java:2078)
        at org.eclipse.jetty.util.BlockingArrayQueue.poll(BlockingArrayQueue.java:382)
        at org.eclipse.jetty.util.thread.QueuedThreadPool$Runner.idleJobPoll(QueuedThreadPool.java:974)
        at org.eclipse.jetty.util.thread.QueuedThreadPool$Runner.run(QueuedThreadPool.java:1018)
        at java.lang.Thread.run(Thread.java:750)
"IPC Server listener on 0" daemon prio=5 tid=27 runnable
java.lang.Thread.State: RUNNABLE
        at sun.nio.ch.EPollArrayWrapper.epollWait(Native Method)
        at sun.nio.ch.EPollArrayWrapper.poll(EPollArrayWrapper.java:269)
        at sun.nio.ch.EPollSelectorImpl.doSelect(EPollSelectorImpl.java:93)
        at sun.nio.ch.SelectorImpl.lockAndDoSelect(SelectorImpl.java:86)
        at sun.nio.ch.SelectorImpl.select(SelectorImpl.java:97)
        at sun.nio.ch.SelectorImpl.select(SelectorImpl.java:101)
        at org.apache.hadoop.ipc.Server$Listener.run(Server.java:1358)
"Socket Reader #1 for port 0"  prio=5 tid=32 runnable
java.lang.Thread.State: RUNNABLE
        at sun.nio.ch.EPollArrayWrapper.epollWait(Native Method)
        at sun.nio.ch.EPollArrayWrapper.poll(EPollArrayWrapper.java:269)
        at sun.nio.ch.EPollSelectorImpl.doSelect(EPollSelectorImpl.java:93)
        at sun.nio.ch.SelectorImpl.lockAndDoSelect(SelectorImpl.java:86)
        at sun.nio.ch.SelectorImpl.select(SelectorImpl.java:97)
        at sun.nio.ch.SelectorImpl.select(SelectorImpl.java:101)
        at org.apache.hadoop.ipc.Server$Listener$Reader.doRunLoop(Server.java:1296)
        at org.apache.hadoop.ipc.Server$Listener$Reader.run(Server.java:1275)
"IPC Server handler 2 on default port 42013" daemon prio=5 tid=146 timed_waiting
java.lang.Thread.State: TIMED_WAITING
        at sun.misc.Unsafe.park(Native Method)
        at java.util.concurrent.locks.LockSupport.parkNanos(LockSupport.java:215)
        at java.util.concurrent.locks.AbstractQueuedSynchronizer$ConditionObject.awaitNanos(AbstractQueuedSynchronizer.java:2078)
        at java.util.concurrent.LinkedBlockingQueue.poll(LinkedBlockingQueue.java:467)
        at org.apache.hadoop.ipc.CallQueueManager.take(CallQueueManager.java:317)
        at org.apache.hadoop.ipc.Server$Handler.run(Server.java:2942)
"OM StateMachine ApplyTransaction Thread - 0" daemon prio=5 tid=748 in Object.wait()
java.lang.Thread.State: WAITING (on object monitor)
        at sun.misc.Unsafe.park(Native Method)
        at java.util.concurrent.locks.LockSupport.park(LockSupport.java:175)
        at java.util.concurrent.locks.AbstractQueuedSynchronizer$ConditionObject.await(AbstractQueuedSynchronizer.java:2039)
        at java.util.concurrent.LinkedBlockingQueue.take(LinkedBlockingQueue.java:442)
        at java.util.concurrent.ThreadPoolExecutor.getTask(ThreadPoolExecutor.java:1074)
        at java.util.concurrent.ThreadPoolExecutor.runWorker(ThreadPoolExecutor.java:1134)
        at java.util.concurrent.ThreadPoolExecutor$Worker.run(ThreadPoolExecutor.java:624)
        at java.lang.Thread.run(Thread.java:750)
"42907c57-00bf-47e8-816a-b6f44f3b50df@group-287084F2E785-SegmentedRaftLogWorker"  prio=5 tid=668 timed_waiting
java.lang.Thread.State: TIMED_WAITING
        at sun.misc.Unsafe.park(Native Method)
        at java.util.concurrent.locks.LockSupport.parkNanos(LockSupport.java:215)
        at java.util.concurrent.locks.AbstractQueuedSynchronizer$ConditionObject.awaitNanos(AbstractQueuedSynchronizer.java:2078)
        at org.apache.ratis.util.DataBlockingQueue.poll(DataBlockingQueue.java:148)
        at org.apache.ratis.server.raftlog.segmented.SegmentedRaftLogWorker.run(SegmentedRaftLogWorker.java:310)
        at org.apache.ratis.server.raftlog.segmented.SegmentedRaftLogWorker$$Lambda$665/1346122915.run(Unknown Source)
        at java.lang.Thread.run(Thread.java:750)
"86e92292-7141-46cb-9ed5-093a2cfc2b40@group-89BC2ECE481D-LeaderStateImpl" daemon prio=5 tid=679 timed_waiting
java.lang.Thread.State: TIMED_WAITING
        at sun.misc.Unsafe.park(Native Method)
        at java.util.concurrent.locks.LockSupport.parkNanos(LockSupport.java:215)
        at java.util.concurrent.locks.AbstractQueuedSynchronizer$ConditionObject.awaitNanos(AbstractQueuedSynchronizer.java:2078)
        at java.util.concurrent.ArrayBlockingQueue.poll(ArrayBlockingQueue.java:418)
        at org.apache.ratis.server.impl.LeaderStateImpl$EventQueue.poll(LeaderStateImpl.java:159)
        at org.apache.ratis.server.impl.LeaderStateImpl$EventProcessor.run(LeaderStateImpl.java:630)
"pool-291-thread-1"  prio=5 tid=674 in Object.wait()
java.lang.Thread.State: WAITING (on object monitor)
        at sun.misc.Unsafe.park(Native Method)
        at java.util.concurrent.locks.LockSupport.park(LockSupport.java:175)
        at java.util.concurrent.locks.AbstractQueuedSynchronizer$ConditionObject.await(AbstractQueuedSynchronizer.java:2039)
        at java.util.concurrent.LinkedBlockingQueue.take(LinkedBlockingQueue.java:442)
        at java.util.concurrent.ThreadPoolExecutor.getTask(ThreadPoolExecutor.java:1074)
        at java.util.concurrent.ThreadPoolExecutor.runWorker(ThreadPoolExecutor.java:1134)
        at java.util.concurrent.ThreadPoolExecutor$Worker.run(ThreadPoolExecutor.java:624)
        at java.lang.Thread.run(Thread.java:750)
"qtp1072341683-306" daemon prio=5 tid=306 runnable
java.lang.Thread.State: RUNNABLE
        at sun.nio.ch.EPollArrayWrapper.epollWait(Native Method)
        at sun.nio.ch.EPollArrayWrapper.poll(EPollArrayWrapper.java:269)
        at sun.nio.ch.EPollSelectorImpl.doSelect(EPollSelectorImpl.java:93)
        at sun.nio.ch.SelectorImpl.lockAndDoSelect(SelectorImpl.java:86)
        at sun.nio.ch.SelectorImpl.select(SelectorImpl.java:97)
        at sun.nio.ch.SelectorImpl.select(SelectorImpl.java:101)
        at org.eclipse.jetty.io.ManagedSelector.nioSelect(ManagedSelector.java:183)
        at org.eclipse.jetty.io.ManagedSelector.select(ManagedSelector.java:190)
        at org.eclipse.jetty.io.ManagedSelector$SelectorProducer.select(ManagedSelector.java:606)
        at org.eclipse.jetty.io.ManagedSelector$SelectorProducer.produce(ManagedSelector.java:543)
        at org.eclipse.jetty.util.thread.strategy.EatWhatYouKill.produceTask(EatWhatYouKill.java:362)
        at org.eclipse.jetty.util.thread.strategy.EatWhatYouKill.doProduce(EatWhatYouKill.java:186)
        at org.eclipse.jetty.util.thread.strategy.EatWhatYouKill.tryProduce(EatWhatYouKill.java:173)
        at org.eclipse.jetty.util.thread.strategy.EatWhatYouKill.produce(EatWhatYouKill.java:137)
        at org.eclipse.jetty.io.ManagedSelector$$Lambda$446/1613065499.run(Unknown Source)
        at org.eclipse.jetty.util.thread.QueuedThreadPool.runJob(QueuedThreadPool.java:883)
        at org.eclipse.jetty.util.thread.QueuedThreadPool$Runner.run(QueuedThreadPool.java:1034)
        at java.lang.Thread.run(Thread.java:750)
"qtp549150079-206" daemon prio=5 tid=206 timed_waiting
java.lang.Thread.State: TIMED_WAITING
        at sun.misc.Unsafe.park(Native Method)
        at java.util.concurrent.locks.LockSupport.parkNanos(LockSupport.java:215)
        at java.util.concurrent.locks.AbstractQueuedSynchronizer$ConditionObject.awaitNanos(AbstractQueuedSynchronizer.java:2078)
        at org.eclipse.jetty.util.BlockingArrayQueue.poll(BlockingArrayQueue.java:382)
        at org.eclipse.jetty.util.thread.QueuedThreadPool$Runner.idleJobPoll(QueuedThreadPool.java:974)
        at org.eclipse.jetty.util.thread.QueuedThreadPool$Runner.run(QueuedThreadPool.java:1018)
        at java.lang.Thread.run(Thread.java:750)
"qtp1072948973-178" daemon prio=5 tid=178 timed_waiting
java.lang.Thread.State: TIMED_WAITING
        at sun.misc.Unsafe.park(Native Method)
        at java.util.concurrent.locks.LockSupport.parkNanos(LockSupport.java:215)
        at java.util.concurrent.locks.AbstractQueuedSynchronizer$ConditionObject.awaitNanos(AbstractQueuedSynchronizer.java:2078)
        at org.eclipse.jetty.util.BlockingArrayQueue.poll(BlockingArrayQueue.java:382)
        at org.eclipse.jetty.util.thread.QueuedThreadPool$Runner.idleJobPoll(QueuedThreadPool.java:974)
        at org.eclipse.jetty.util.thread.QueuedThreadPool$Runner.run(QueuedThreadPool.java:1018)
        at java.lang.Thread.run(Thread.java:750)
"Datanode State Machine Task Thread - 1"  prio=5 tid=389 in Object.wait()
java.lang.Thread.State: WAITING (on object monitor)
        at sun.misc.Unsafe.park(Native Method)
        at java.util.concurrent.locks.LockSupport.park(LockSupport.java:175)
        at java.util.concurrent.locks.AbstractQueuedSynchronizer$ConditionObject.await(AbstractQueuedSynchronizer.java:2039)
        at java.util.concurrent.LinkedBlockingQueue.take(LinkedBlockingQueue.java:442)
        at java.util.concurrent.ThreadPoolExecutor.getTask(ThreadPoolExecutor.java:1074)
        at java.util.concurrent.ThreadPoolExecutor.runWorker(ThreadPoolExecutor.java:1134)
        at java.util.concurrent.ThreadPoolExecutor$Worker.run(ThreadPoolExecutor.java:624)
        at java.lang.Thread.run(Thread.java:750)
"IPC Server handler 3 on default port 41145" daemon prio=5 tid=60 timed_waiting
java.lang.Thread.State: TIMED_WAITING
        at sun.misc.Unsafe.park(Native Method)
        at java.util.concurrent.locks.LockSupport.parkNanos(LockSupport.java:215)
        at java.util.concurrent.locks.AbstractQueuedSynchronizer$ConditionObject.awaitNanos(AbstractQueuedSynchronizer.java:2078)
        at java.util.concurrent.LinkedBlockingQueue.poll(LinkedBlockingQueue.java:467)
        at org.apache.hadoop.ipc.CallQueueManager.take(CallQueueManager.java:317)
        at org.apache.hadoop.ipc.Server$Handler.run(Server.java:2942)
"StaleRecoveringContainerScrubbingService#2" daemon prio=5 tid=901 in Object.wait()
java.lang.Thread.State: WAITING (on object monitor)
        at sun.misc.Unsafe.park(Native Method)
        at java.util.concurrent.locks.LockSupport.park(LockSupport.java:175)
        at java.util.concurrent.locks.AbstractQueuedSynchronizer$ConditionObject.await(AbstractQueuedSynchronizer.java:2039)
        at java.util.concurrent.ScheduledThreadPoolExecutor$DelayedWorkQueue.take(ScheduledThreadPoolExecutor.java:1088)
        at java.util.concurrent.ScheduledThreadPoolExecutor$DelayedWorkQueue.take(ScheduledThreadPoolExecutor.java:809)
        at java.util.concurrent.ThreadPoolExecutor.getTask(ThreadPoolExecutor.java:1074)
        at java.util.concurrent.ThreadPoolExecutor.runWorker(ThreadPoolExecutor.java:1134)
        at java.util.concurrent.ThreadPoolExecutor$Worker.run(ThreadPoolExecutor.java:624)
        at java.lang.Thread.run(Thread.java:750)
"BlockDeletingService#0" daemon prio=5 tid=555 in Object.wait()
java.lang.Thread.State: WAITING (on object monitor)
        at sun.misc.Unsafe.park(Native Method)
        at java.util.concurrent.locks.LockSupport.park(LockSupport.java:175)
        at java.util.concurrent.locks.AbstractQueuedSynchronizer$ConditionObject.await(AbstractQueuedSynchronizer.java:2039)
        at java.util.concurrent.ScheduledThreadPoolExecutor$DelayedWorkQueue.take(ScheduledThreadPoolExecutor.java:1088)
        at java.util.concurrent.ScheduledThreadPoolExecutor$DelayedWorkQueue.take(ScheduledThreadPoolExecutor.java:809)
        at java.util.concurrent.ThreadPoolExecutor.getTask(ThreadPoolExecutor.java:1074)
        at java.util.concurrent.ThreadPoolExecutor.runWorker(ThreadPoolExecutor.java:1134)
        at java.util.concurrent.ThreadPoolExecutor$Worker.run(ThreadPoolExecutor.java:624)
        at java.lang.Thread.run(Thread.java:750)
"qtp1072341683-308" daemon prio=5 tid=308 timed_waiting
java.lang.Thread.State: TIMED_WAITING
        at sun.misc.Unsafe.park(Native Method)
        at java.util.concurrent.locks.LockSupport.parkNanos(LockSupport.java:215)
        at java.util.concurrent.locks.AbstractQueuedSynchronizer$ConditionObject.awaitNanos(AbstractQueuedSynchronizer.java:2078)
        at org.eclipse.jetty.util.BlockingArrayQueue.poll(BlockingArrayQueue.java:382)
        at org.eclipse.jetty.util.thread.QueuedThreadPool$Runner.idleJobPoll(QueuedThreadPool.java:974)
        at org.eclipse.jetty.util.thread.QueuedThreadPool$Runner.run(QueuedThreadPool.java:1018)
        at java.lang.Thread.run(Thread.java:750)
"qtp1103911337-257" daemon prio=5 tid=257 timed_waiting
java.lang.Thread.State: TIMED_WAITING
        at sun.misc.Unsafe.park(Native Method)
        at java.util.concurrent.locks.LockSupport.parkNanos(LockSupport.java:215)
        at java.util.concurrent.locks.AbstractQueuedSynchronizer$ConditionObject.awaitNanos(AbstractQueuedSynchronizer.java:2078)
        at org.eclipse.jetty.util.BlockingArrayQueue.poll(BlockingArrayQueue.java:382)
        at org.eclipse.jetty.util.thread.QueuedThreadPool$Runner.idleJobPoll(QueuedThreadPool.java:974)
        at org.eclipse.jetty.util.thread.QueuedThreadPool$Runner.run(QueuedThreadPool.java:1018)
        at java.lang.Thread.run(Thread.java:750)
"42907c57-00bf-47e8-816a-b6f44f3b50df@group-287084F2E785-StateMachineUpdater" daemon prio=5 tid=670 timed_waiting
java.lang.Thread.State: TIMED_WAITING
        at sun.misc.Unsafe.park(Native Method)
        at java.util.concurrent.locks.LockSupport.parkNanos(LockSupport.java:215)
        at java.util.concurrent.CompletableFuture$Signaller.block(CompletableFuture.java:1709)
        at java.util.concurrent.ForkJoinPool.managedBlock(ForkJoinPool.java:3323)
        at java.util.concurrent.CompletableFuture.timedGet(CompletableFuture.java:1788)
        at java.util.concurrent.CompletableFuture.get(CompletableFuture.java:1928)
        at org.apache.ratis.util.AwaitForSignal.await(AwaitForSignal.java:56)
        at org.apache.ratis.server.impl.StateMachineUpdater.waitForCommit(StateMachineUpdater.java:207)
        at org.apache.ratis.server.impl.StateMachineUpdater.run(StateMachineUpdater.java:176)
        at java.lang.Thread.run(Thread.java:750)
"org.apache.hadoop.util.JvmPauseMonitor$Monitor@32fc7e74" daemon prio=5 tid=218 timed_waiting
java.lang.Thread.State: TIMED_WAITING
        at java.lang.Thread.sleep(Native Method)
        at org.apache.hadoop.util.JvmPauseMonitor$Monitor.run(JvmPauseMonitor.java:192)
        at java.lang.Thread.run(Thread.java:750)
"qtp113925453-372-acceptor-0@2efb3a86-ServerConnector@79cb6e98{HTTP/1.1, (http/1.1)}{0.0.0.0:35033}" daemon prio=3 tid=372 runnable
java.lang.Thread.State: RUNNABLE
        at sun.nio.ch.ServerSocketChannelImpl.accept0(Native Method)
        at sun.nio.ch.ServerSocketChannelImpl.accept(ServerSocketChannelImpl.java:421)
        at sun.nio.ch.ServerSocketChannelImpl.accept(ServerSocketChannelImpl.java:249)
        at org.eclipse.jetty.server.ServerConnector.accept(ServerConnector.java:388)
        at org.eclipse.jetty.server.AbstractConnector$Acceptor.run(AbstractConnector.java:704)
        at org.eclipse.jetty.util.thread.QueuedThreadPool.runJob(QueuedThreadPool.java:883)
        at org.eclipse.jetty.util.thread.QueuedThreadPool$Runner.run(QueuedThreadPool.java:1034)
        at java.lang.Thread.run(Thread.java:750)
"qtp362095723-284" daemon prio=5 tid=284 timed_waiting
java.lang.Thread.State: TIMED_WAITING
        at sun.misc.Unsafe.park(Native Method)
        at java.util.concurrent.locks.LockSupport.parkNanos(LockSupport.java:215)
        at java.util.concurrent.locks.AbstractQueuedSynchronizer$ConditionObject.awaitNanos(AbstractQueuedSynchronizer.java:2078)
        at org.eclipse.jetty.util.BlockingArrayQueue.poll(BlockingArrayQueue.java:382)
        at org.eclipse.jetty.util.thread.QueuedThreadPool$Runner.idleJobPoll(QueuedThreadPool.java:974)
        at org.eclipse.jetty.util.thread.QueuedThreadPool$Runner.run(QueuedThreadPool.java:1018)
        at java.lang.Thread.run(Thread.java:750)
"ChunkWriter-1-0" daemon prio=5 tid=525 in Object.wait()
java.lang.Thread.State: WAITING (on object monitor)
        at sun.misc.Unsafe.park(Native Method)
        at java.util.concurrent.locks.LockSupport.park(LockSupport.java:175)
        at java.util.concurrent.locks.AbstractQueuedSynchronizer$ConditionObject.await(AbstractQueuedSynchronizer.java:2039)
        at java.util.concurrent.LinkedBlockingDeque.takeFirst(LinkedBlockingDeque.java:492)
        at java.util.concurrent.LinkedBlockingDeque.take(LinkedBlockingDeque.java:680)
        at java.util.concurrent.ThreadPoolExecutor.getTask(ThreadPoolExecutor.java:1074)
        at java.util.concurrent.ThreadPoolExecutor.runWorker(ThreadPoolExecutor.java:1134)
        at java.util.concurrent.ThreadPoolExecutor$Worker.run(ThreadPoolExecutor.java:624)
        at java.lang.Thread.run(Thread.java:750)
"qtp1103911337-255-acceptor-0@1282a9f0-ServerConnector@1ae4c84d{HTTP/1.1, (http/1.1)}{0.0.0.0:44649}" daemon prio=3 tid=255 runnable
java.lang.Thread.State: RUNNABLE
        at sun.nio.ch.ServerSocketChannelImpl.accept0(Native Method)
        at sun.nio.ch.ServerSocketChannelImpl.accept(ServerSocketChannelImpl.java:421)
        at sun.nio.ch.ServerSocketChannelImpl.accept(ServerSocketChannelImpl.java:249)
        at org.eclipse.jetty.server.ServerConnector.accept(ServerConnector.java:388)
        at org.eclipse.jetty.server.AbstractConnector$Acceptor.run(AbstractConnector.java:704)
        at org.eclipse.jetty.util.thread.QueuedThreadPool.runJob(QueuedThreadPool.java:883)
        at org.eclipse.jetty.util.thread.QueuedThreadPool$Runner.run(QueuedThreadPool.java:1034)
        at java.lang.Thread.run(Thread.java:750)
"pool-264-thread-1"  prio=5 tid=652 in Object.wait()
java.lang.Thread.State: WAITING (on object monitor)
        at sun.misc.Unsafe.park(Native Method)
        at java.util.concurrent.locks.LockSupport.park(LockSupport.java:175)
        at java.util.concurrent.locks.AbstractQueuedSynchronizer$ConditionObject.await(AbstractQueuedSynchronizer.java:2039)
        at java.util.concurrent.LinkedBlockingQueue.take(LinkedBlockingQueue.java:442)
        at java.util.concurrent.ThreadPoolExecutor.getTask(ThreadPoolExecutor.java:1074)
        at java.util.concurrent.ThreadPoolExecutor.runWorker(ThreadPoolExecutor.java:1134)
        at java.util.concurrent.ThreadPoolExecutor$Worker.run(ThreadPoolExecutor.java:624)
        at java.lang.Thread.run(Thread.java:750)
"IPC Server handler 14 on default port 32861" daemon prio=5 tid=51 timed_waiting
java.lang.Thread.State: TIMED_WAITING
        at sun.misc.Unsafe.park(Native Method)
        at java.util.concurrent.locks.LockSupport.parkNanos(LockSupport.java:215)
        at java.util.concurrent.locks.AbstractQueuedSynchronizer$ConditionObject.awaitNanos(AbstractQueuedSynchronizer.java:2078)
        at java.util.concurrent.LinkedBlockingQueue.poll(LinkedBlockingQueue.java:467)
        at org.apache.hadoop.ipc.CallQueueManager.take(CallQueueManager.java:317)
        at org.apache.hadoop.ipc.Server$Handler.run(Server.java:2942)
"IPC Server handler 18 on default port 35291" daemon prio=5 tid=95 timed_waiting
java.lang.Thread.State: TIMED_WAITING
        at sun.misc.Unsafe.park(Native Method)
        at java.util.concurrent.locks.LockSupport.parkNanos(LockSupport.java:215)
        at java.util.concurrent.locks.AbstractQueuedSynchronizer$ConditionObject.awaitNanos(AbstractQueuedSynchronizer.java:2078)
        at java.util.concurrent.LinkedBlockingQueue.poll(LinkedBlockingQueue.java:467)
        at org.apache.hadoop.ipc.CallQueueManager.take(CallQueueManager.java:317)
        at org.apache.hadoop.ipc.Server$Handler.run(Server.java:2942)
"EndpointStateMachine task thread for /0.0.0.0:35291 - 0 "  prio=5 tid=548 in Object.wait()
java.lang.Thread.State: WAITING (on object monitor)
        at sun.misc.Unsafe.park(Native Method)
        at java.util.concurrent.locks.LockSupport.park(LockSupport.java:175)
        at java.util.concurrent.locks.AbstractQueuedSynchronizer$ConditionObject.await(AbstractQueuedSynchronizer.java:2039)
        at java.util.concurrent.LinkedBlockingQueue.take(LinkedBlockingQueue.java:442)
        at java.util.concurrent.ThreadPoolExecutor.getTask(ThreadPoolExecutor.java:1074)
        at java.util.concurrent.ThreadPoolExecutor.runWorker(ThreadPoolExecutor.java:1134)
        at java.util.concurrent.ThreadPoolExecutor$Worker.run(ThreadPoolExecutor.java:624)
        at java.lang.Thread.run(Thread.java:750)
"Datanode ReportManager Thread - 0" daemon prio=5 tid=421 in Object.wait()
java.lang.Thread.State: WAITING (on object monitor)
        at sun.misc.Unsafe.park(Native Method)
        at java.util.concurrent.locks.LockSupport.park(LockSupport.java:175)
        at java.util.concurrent.locks.AbstractQueuedSynchronizer$ConditionObject.await(AbstractQueuedSynchronizer.java:2039)
        at java.util.concurrent.ScheduledThreadPoolExecutor$DelayedWorkQueue.take(ScheduledThreadPoolExecutor.java:1088)
        at java.util.concurrent.ScheduledThreadPoolExecutor$DelayedWorkQueue.take(ScheduledThreadPoolExecutor.java:809)
        at java.util.concurrent.ThreadPoolExecutor.getTask(ThreadPoolExecutor.java:1074)
        at java.util.concurrent.ThreadPoolExecutor.runWorker(ThreadPoolExecutor.java:1134)
        at java.util.concurrent.ThreadPoolExecutor$Worker.run(ThreadPoolExecutor.java:624)
        at java.lang.Thread.run(Thread.java:750)
"EndpointStateMachine task thread for /0.0.0.0:35291 - 0 "  prio=5 tid=390 in Object.wait()
java.lang.Thread.State: WAITING (on object monitor)
        at sun.misc.Unsafe.park(Native Method)
        at java.util.concurrent.locks.LockSupport.park(LockSupport.java:175)
        at java.util.concurrent.locks.AbstractQueuedSynchronizer$ConditionObject.await(AbstractQueuedSynchronizer.java:2039)
        at java.util.concurrent.LinkedBlockingQueue.take(LinkedBlockingQueue.java:442)
        at java.util.concurrent.ThreadPoolExecutor.getTask(ThreadPoolExecutor.java:1074)
        at java.util.concurrent.ThreadPoolExecutor.runWorker(ThreadPoolExecutor.java:1134)
        at java.util.concurrent.ThreadPoolExecutor$Worker.run(ThreadPoolExecutor.java:624)
        at java.lang.Thread.run(Thread.java:750)
"org.apache.hadoop.ozone.container.common.statemachine.commandhandler.DeleteBlocksCommandHandler$DeleteCmdWorker@514753f4" daemon prio=5 tid=198 timed_waiting
java.lang.Thread.State: TIMED_WAITING
        at java.lang.Thread.sleep(Native Method)
        at org.apache.hadoop.ozone.container.common.statemachine.commandhandler.DeleteBlocksCommandHandler$DeleteCmdWorker.run(DeleteBlocksCommandHandler.java:183)
        at java.lang.Thread.run(Thread.java:750)
"edb0f50d-ef97-4088-a20b-1c61b9a9d6ec@group-25E74EA5BF7A-SegmentedRaftLogWorker"  prio=5 tid=623 timed_waiting
java.lang.Thread.State: TIMED_WAITING
        at sun.misc.Unsafe.park(Native Method)
        at java.util.concurrent.locks.LockSupport.parkNanos(LockSupport.java:215)
        at java.util.concurrent.locks.AbstractQueuedSynchronizer$ConditionObject.awaitNanos(AbstractQueuedSynchronizer.java:2078)
        at org.apache.ratis.util.DataBlockingQueue.poll(DataBlockingQueue.java:148)
        at org.apache.ratis.server.raftlog.segmented.SegmentedRaftLogWorker.run(SegmentedRaftLogWorker.java:310)
        at org.apache.ratis.server.raftlog.segmented.SegmentedRaftLogWorker$$Lambda$665/1346122915.run(Unknown Source)
        at java.lang.Thread.run(Thread.java:750)
"58d8b8bb-cfc7-423c-ba1f-09160eea4c71@group-0252A98196AF->57b0e5c4-d4d8-463c-8999-53af98295cd0-GrpcLogAppender-LogAppenderDaemon" daemon prio=5 tid=886 timed_waiting
java.lang.Thread.State: TIMED_WAITING
        at sun.misc.Unsafe.park(Native Method)
        at java.util.concurrent.locks.LockSupport.parkNanos(LockSupport.java:215)
        at java.util.concurrent.CompletableFuture$Signaller.block(CompletableFuture.java:1709)
        at java.util.concurrent.ForkJoinPool.managedBlock(ForkJoinPool.java:3323)
        at java.util.concurrent.CompletableFuture.timedGet(CompletableFuture.java:1788)
        at java.util.concurrent.CompletableFuture.get(CompletableFuture.java:1928)
        at org.apache.ratis.util.AwaitForSignal.await(AwaitForSignal.java:56)
        at org.apache.ratis.grpc.server.GrpcLogAppender.mayWait(GrpcLogAppender.java:198)
        at org.apache.ratis.grpc.server.GrpcLogAppender.run(GrpcLogAppender.java:148)
        at org.apache.ratis.server.leader.LogAppenderDaemon.run(LogAppenderDaemon.java:78)
        at org.apache.ratis.server.leader.LogAppenderDaemon$$Lambda$1046/186956009.run(Unknown Source)
        at java.lang.Thread.run(Thread.java:750)
"Datanode ReportManager Thread - 0" daemon prio=5 tid=469 in Object.wait()
java.lang.Thread.State: WAITING (on object monitor)
        at sun.misc.Unsafe.park(Native Method)
        at java.util.concurrent.locks.LockSupport.park(LockSupport.java:175)
        at java.util.concurrent.locks.AbstractQueuedSynchronizer$ConditionObject.await(AbstractQueuedSynchronizer.java:2039)
        at java.util.concurrent.ScheduledThreadPoolExecutor$DelayedWorkQueue.take(ScheduledThreadPoolExecutor.java:1088)
        at java.util.concurrent.ScheduledThreadPoolExecutor$DelayedWorkQueue.take(ScheduledThreadPoolExecutor.java:809)
        at java.util.concurrent.ThreadPoolExecutor.getTask(ThreadPoolExecutor.java:1074)
        at java.util.concurrent.ThreadPoolExecutor.runWorker(ThreadPoolExecutor.java:1134)
        at java.util.concurrent.ThreadPoolExecutor$Worker.run(ThreadPoolExecutor.java:624)
        at java.lang.Thread.run(Thread.java:750)
"edb0f50d-ef97-4088-a20b-1c61b9a9d6ec@group-25E74EA5BF7A->58d8b8bb-cfc7-423c-ba1f-09160eea4c71-GrpcLogAppender-LogAppenderDaemon" daemon prio=5 tid=710 timed_waiting
java.lang.Thread.State: TIMED_WAITING
        at sun.misc.Unsafe.park(Native Method)
        at java.util.concurrent.locks.LockSupport.parkNanos(LockSupport.java:215)
        at java.util.concurrent.CompletableFuture$Signaller.block(CompletableFuture.java:1709)
        at java.util.concurrent.ForkJoinPool.managedBlock(ForkJoinPool.java:3323)
        at java.util.concurrent.CompletableFuture.timedGet(CompletableFuture.java:1788)
        at java.util.concurrent.CompletableFuture.get(CompletableFuture.java:1928)
        at org.apache.ratis.util.AwaitForSignal.await(AwaitForSignal.java:56)
        at org.apache.ratis.grpc.server.GrpcLogAppender.mayWait(GrpcLogAppender.java:198)
        at org.apache.ratis.grpc.server.GrpcLogAppender.run(GrpcLogAppender.java:148)
        at org.apache.ratis.server.leader.LogAppenderDaemon.run(LogAppenderDaemon.java:78)
        at org.apache.ratis.server.leader.LogAppenderDaemon$$Lambda$1046/186956009.run(Unknown Source)
        at java.lang.Thread.run(Thread.java:750)
"OMDoubleBufferFlushThread" daemon prio=5 tid=115 timed_waiting
java.lang.Thread.State: TIMED_WAITING
        at java.lang.Object.wait(Native Method)
        at org.apache.hadoop.ozone.om.ratis.OzoneManagerDoubleBuffer.canFlush(OzoneManagerDoubleBuffer.java:538)
        at org.apache.hadoop.ozone.om.ratis.OzoneManagerDoubleBuffer.flushTransactions(OzoneManagerDoubleBuffer.java:268)
        at org.apache.hadoop.ozone.om.ratis.OzoneManagerDoubleBuffer$$Lambda$504/1888453957.run(Unknown Source)
        at java.lang.Thread.run(Thread.java:750)
"pool-95-thread-1"  prio=5 tid=571 in Object.wait()
java.lang.Thread.State: WAITING (on object monitor)
        at sun.misc.Unsafe.park(Native Method)
        at java.util.concurrent.locks.LockSupport.park(LockSupport.java:175)
        at java.util.concurrent.locks.AbstractQueuedSynchronizer$ConditionObject.await(AbstractQueuedSynchronizer.java:2039)
        at java.util.concurrent.LinkedBlockingQueue.take(LinkedBlockingQueue.java:442)
        at java.util.concurrent.ThreadPoolExecutor.getTask(ThreadPoolExecutor.java:1074)
        at java.util.concurrent.ThreadPoolExecutor.runWorker(ThreadPoolExecutor.java:1134)
        at java.util.concurrent.ThreadPoolExecutor$Worker.run(ThreadPoolExecutor.java:624)
        at java.lang.Thread.run(Thread.java:750)
"Datanode State Machine Task Thread - 0"  prio=5 tid=271 in Object.wait()
java.lang.Thread.State: WAITING (on object monitor)
        at sun.misc.Unsafe.park(Native Method)
        at java.util.concurrent.locks.LockSupport.park(LockSupport.java:175)
        at java.util.concurrent.locks.AbstractQueuedSynchronizer$ConditionObject.await(AbstractQueuedSynchronizer.java:2039)
        at java.util.concurrent.LinkedBlockingQueue.take(LinkedBlockingQueue.java:442)
        at java.util.concurrent.ThreadPoolExecutor.getTask(ThreadPoolExecutor.java:1074)
        at java.util.concurrent.ThreadPoolExecutor.runWorker(ThreadPoolExecutor.java:1134)
        at java.util.concurrent.ThreadPoolExecutor$Worker.run(ThreadPoolExecutor.java:624)
        at java.lang.Thread.run(Thread.java:750)
"ChunkWriter-0-0" daemon prio=5 tid=353 in Object.wait()
java.lang.Thread.State: WAITING (on object monitor)
        at sun.misc.Unsafe.park(Native Method)
        at java.util.concurrent.locks.LockSupport.park(LockSupport.java:175)
        at java.util.concurrent.locks.AbstractQueuedSynchronizer$ConditionObject.await(AbstractQueuedSynchronizer.java:2039)
        at java.util.concurrent.LinkedBlockingDeque.takeFirst(LinkedBlockingDeque.java:492)
        at java.util.concurrent.LinkedBlockingDeque.take(LinkedBlockingDeque.java:680)
        at java.util.concurrent.ThreadPoolExecutor.getTask(ThreadPoolExecutor.java:1074)
        at java.util.concurrent.ThreadPoolExecutor.runWorker(ThreadPoolExecutor.java:1134)
        at java.util.concurrent.ThreadPoolExecutor$Worker.run(ThreadPoolExecutor.java:624)
        at java.lang.Thread.run(Thread.java:750)
"Periodic HDDS volume checker" daemon prio=5 tid=358 timed_waiting
java.lang.Thread.State: TIMED_WAITING
        at sun.misc.Unsafe.park(Native Method)
        at java.util.concurrent.locks.LockSupport.parkNanos(LockSupport.java:215)
        at java.util.concurrent.locks.AbstractQueuedSynchronizer$ConditionObject.awaitNanos(AbstractQueuedSynchronizer.java:2078)
        at java.util.concurrent.ScheduledThreadPoolExecutor$DelayedWorkQueue.take(ScheduledThreadPoolExecutor.java:1093)
        at java.util.concurrent.ScheduledThreadPoolExecutor$DelayedWorkQueue.take(ScheduledThreadPoolExecutor.java:809)
        at java.util.concurrent.ThreadPoolExecutor.getTask(ThreadPoolExecutor.java:1074)
        at java.util.concurrent.ThreadPoolExecutor.runWorker(ThreadPoolExecutor.java:1134)
        at java.util.concurrent.ThreadPoolExecutor$Worker.run(ThreadPoolExecutor.java:624)
        at java.lang.Thread.run(Thread.java:750)
"IPC Server handler 16 on default port 35291" daemon prio=5 tid=93 timed_waiting
java.lang.Thread.State: TIMED_WAITING
        at sun.misc.Unsafe.park(Native Method)
        at java.util.concurrent.locks.LockSupport.parkNanos(LockSupport.java:215)
        at java.util.concurrent.locks.AbstractQueuedSynchronizer$ConditionObject.awaitNanos(AbstractQueuedSynchronizer.java:2078)
        at java.util.concurrent.LinkedBlockingQueue.poll(LinkedBlockingQueue.java:467)
        at org.apache.hadoop.ipc.CallQueueManager.take(CallQueueManager.java:317)
        at org.apache.hadoop.ipc.Server$Handler.run(Server.java:2942)
"ChunkWriter-0-0" daemon prio=5 tid=479 in Object.wait()
java.lang.Thread.State: WAITING (on object monitor)
        at sun.misc.Unsafe.park(Native Method)
        at java.util.concurrent.locks.LockSupport.park(LockSupport.java:175)
        at java.util.concurrent.locks.AbstractQueuedSynchronizer$ConditionObject.await(AbstractQueuedSynchronizer.java:2039)
        at java.util.concurrent.LinkedBlockingDeque.takeFirst(LinkedBlockingDeque.java:492)
        at java.util.concurrent.LinkedBlockingDeque.take(LinkedBlockingDeque.java:680)
        at java.util.concurrent.ThreadPoolExecutor.getTask(ThreadPoolExecutor.java:1074)
        at java.util.concurrent.ThreadPoolExecutor.runWorker(ThreadPoolExecutor.java:1134)
        at java.util.concurrent.ThreadPoolExecutor$Worker.run(ThreadPoolExecutor.java:624)
        at java.lang.Thread.run(Thread.java:750)
"pool-284-thread-1" daemon prio=5 tid=436 timed_waiting
java.lang.Thread.State: TIMED_WAITING
        at sun.misc.Unsafe.park(Native Method)
        at java.util.concurrent.locks.LockSupport.parkNanos(LockSupport.java:215)
        at java.util.concurrent.locks.AbstractQueuedSynchronizer$ConditionObject.awaitNanos(AbstractQueuedSynchronizer.java:2078)
        at java.util.concurrent.ScheduledThreadPoolExecutor$DelayedWorkQueue.take(ScheduledThreadPoolExecutor.java:1093)
        at java.util.concurrent.ScheduledThreadPoolExecutor$DelayedWorkQueue.take(ScheduledThreadPoolExecutor.java:809)
        at java.util.concurrent.ThreadPoolExecutor.getTask(ThreadPoolExecutor.java:1074)
        at java.util.concurrent.ThreadPoolExecutor.runWorker(ThreadPoolExecutor.java:1134)
        at java.util.concurrent.ThreadPoolExecutor$Worker.run(ThreadPoolExecutor.java:624)
        at java.lang.Thread.run(Thread.java:750)
"Socket Reader #1 for port 0"  prio=5 tid=24 runnable
java.lang.Thread.State: RUNNABLE
        at sun.nio.ch.EPollArrayWrapper.epollWait(Native Method)
        at sun.nio.ch.EPollArrayWrapper.poll(EPollArrayWrapper.java:269)
        at sun.nio.ch.EPollSelectorImpl.doSelect(EPollSelectorImpl.java:93)
        at sun.nio.ch.SelectorImpl.lockAndDoSelect(SelectorImpl.java:86)
        at sun.nio.ch.SelectorImpl.select(SelectorImpl.java:97)
        at sun.nio.ch.SelectorImpl.select(SelectorImpl.java:101)
        at org.apache.hadoop.ipc.Server$Listener$Reader.doRunLoop(Server.java:1296)
        at org.apache.hadoop.ipc.Server$Listener$Reader.run(Server.java:1275)
"IPC Server handler 5 on default port 41145" daemon prio=5 tid=62 timed_waiting
java.lang.Thread.State: TIMED_WAITING
        at sun.misc.Unsafe.park(Native Method)
        at java.util.concurrent.locks.LockSupport.parkNanos(LockSupport.java:215)
        at java.util.concurrent.locks.AbstractQueuedSynchronizer$ConditionObject.awaitNanos(AbstractQueuedSynchronizer.java:2078)
        at java.util.concurrent.LinkedBlockingQueue.poll(LinkedBlockingQueue.java:467)
        at org.apache.hadoop.ipc.CallQueueManager.take(CallQueueManager.java:317)
        at org.apache.hadoop.ipc.Server$Handler.run(Server.java:2942)
"qtp113925453-371" daemon prio=5 tid=371 runnable
java.lang.Thread.State: RUNNABLE
        at sun.nio.ch.EPollArrayWrapper.epollWait(Native Method)
        at sun.nio.ch.EPollArrayWrapper.poll(EPollArrayWrapper.java:269)
        at sun.nio.ch.EPollSelectorImpl.doSelect(EPollSelectorImpl.java:93)
        at sun.nio.ch.SelectorImpl.lockAndDoSelect(SelectorImpl.java:86)
        at sun.nio.ch.SelectorImpl.select(SelectorImpl.java:97)
        at sun.nio.ch.SelectorImpl.select(SelectorImpl.java:101)
        at org.eclipse.jetty.io.ManagedSelector.nioSelect(ManagedSelector.java:183)
        at org.eclipse.jetty.io.ManagedSelector.select(ManagedSelector.java:190)
        at org.eclipse.jetty.io.ManagedSelector$SelectorProducer.select(ManagedSelector.java:606)
        at org.eclipse.jetty.io.ManagedSelector$SelectorProducer.produce(ManagedSelector.java:543)
        at org.eclipse.jetty.util.thread.strategy.EatWhatYouKill.produceTask(EatWhatYouKill.java:362)
        at org.eclipse.jetty.util.thread.strategy.EatWhatYouKill.doProduce(EatWhatYouKill.java:186)
        at org.eclipse.jetty.util.thread.strategy.EatWhatYouKill.tryProduce(EatWhatYouKill.java:173)
        at org.eclipse.jetty.util.thread.strategy.EatWhatYouKill.produce(EatWhatYouKill.java:137)
        at org.eclipse.jetty.io.ManagedSelector$$Lambda$446/1613065499.run(Unknown Source)
        at org.eclipse.jetty.util.thread.QueuedThreadPool.runJob(QueuedThreadPool.java:883)
        at org.eclipse.jetty.util.thread.QueuedThreadPool$Runner.run(QueuedThreadPool.java:1034)
        at java.lang.Thread.run(Thread.java:750)
"BlockDeletingService#2" daemon prio=5 tid=913 in Object.wait()
java.lang.Thread.State: WAITING (on object monitor)
        at sun.misc.Unsafe.park(Native Method)
        at java.util.concurrent.locks.LockSupport.park(LockSupport.java:175)
        at java.util.concurrent.locks.AbstractQueuedSynchronizer$ConditionObject.await(AbstractQueuedSynchronizer.java:2039)
        at java.util.concurrent.ScheduledThreadPoolExecutor$DelayedWorkQueue.take(ScheduledThreadPoolExecutor.java:1088)
        at java.util.concurrent.ScheduledThreadPoolExecutor$DelayedWorkQueue.take(ScheduledThreadPoolExecutor.java:809)
        at java.util.concurrent.ThreadPoolExecutor.getTask(ThreadPoolExecutor.java:1074)
        at java.util.concurrent.ThreadPoolExecutor.runWorker(ThreadPoolExecutor.java:1134)
        at java.util.concurrent.ThreadPoolExecutor$Worker.run(ThreadPoolExecutor.java:624)
        at java.lang.Thread.run(Thread.java:750)
"pool-72-thread-1"  prio=5 tid=560 in Object.wait()
java.lang.Thread.State: WAITING (on object monitor)
        at sun.misc.Unsafe.park(Native Method)
        at java.util.concurrent.locks.LockSupport.park(LockSupport.java:175)
        at java.util.concurrent.locks.AbstractQueuedSynchronizer$ConditionObject.await(AbstractQueuedSynchronizer.java:2039)
        at java.util.concurrent.LinkedBlockingQueue.take(LinkedBlockingQueue.java:442)
        at java.util.concurrent.ThreadPoolExecutor.getTask(ThreadPoolExecutor.java:1074)
        at java.util.concurrent.ThreadPoolExecutor.runWorker(ThreadPoolExecutor.java:1134)
        at java.util.concurrent.ThreadPoolExecutor$Worker.run(ThreadPoolExecutor.java:624)
        at java.lang.Thread.run(Thread.java:750)
"StaleRecoveringContainerScrubbingService#0" daemon prio=5 tid=364 in Object.wait()
java.lang.Thread.State: WAITING (on object monitor)
        at sun.misc.Unsafe.park(Native Method)
        at java.util.concurrent.locks.LockSupport.park(LockSupport.java:175)
        at java.util.concurrent.locks.AbstractQueuedSynchronizer$ConditionObject.await(AbstractQueuedSynchronizer.java:2039)
        at java.util.concurrent.ScheduledThreadPoolExecutor$DelayedWorkQueue.take(ScheduledThreadPoolExecutor.java:1088)
        at java.util.concurrent.ScheduledThreadPoolExecutor$DelayedWorkQueue.take(ScheduledThreadPoolExecutor.java:809)
        at java.util.concurrent.ThreadPoolExecutor.getTask(ThreadPoolExecutor.java:1074)
        at java.util.concurrent.ThreadPoolExecutor.runWorker(ThreadPoolExecutor.java:1134)
        at java.util.concurrent.ThreadPoolExecutor$Worker.run(ThreadPoolExecutor.java:624)
        at java.lang.Thread.run(Thread.java:750)
"57b0e5c4-d4d8-463c-8999-53af98295cd0@group-52EDC75B76C9-SegmentedRaftLogWorker"  prio=5 tid=637 timed_waiting
java.lang.Thread.State: TIMED_WAITING
        at sun.misc.Unsafe.park(Native Method)
        at java.util.concurrent.locks.LockSupport.parkNanos(LockSupport.java:215)
        at java.util.concurrent.locks.AbstractQueuedSynchronizer$ConditionObject.awaitNanos(AbstractQueuedSynchronizer.java:2078)
        at org.apache.ratis.util.DataBlockingQueue.poll(DataBlockingQueue.java:148)
        at org.apache.ratis.server.raftlog.segmented.SegmentedRaftLogWorker.run(SegmentedRaftLogWorker.java:310)
        at org.apache.ratis.server.raftlog.segmented.SegmentedRaftLogWorker$$Lambda$665/1346122915.run(Unknown Source)
        at java.lang.Thread.run(Thread.java:750)
"BlockDeletingService#1" daemon prio=5 tid=533 timed_waiting
java.lang.Thread.State: TIMED_WAITING
        at sun.misc.Unsafe.park(Native Method)
        at java.util.concurrent.locks.LockSupport.parkNanos(LockSupport.java:215)
        at java.util.concurrent.locks.AbstractQueuedSynchronizer$ConditionObject.awaitNanos(AbstractQueuedSynchronizer.java:2078)
        at java.util.concurrent.ScheduledThreadPoolExecutor$DelayedWorkQueue.take(ScheduledThreadPoolExecutor.java:1093)
        at java.util.concurrent.ScheduledThreadPoolExecutor$DelayedWorkQueue.take(ScheduledThreadPoolExecutor.java:809)
        at java.util.concurrent.ThreadPoolExecutor.getTask(ThreadPoolExecutor.java:1074)
        at java.util.concurrent.ThreadPoolExecutor.runWorker(ThreadPoolExecutor.java:1134)
        at java.util.concurrent.ThreadPoolExecutor$Worker.run(ThreadPoolExecutor.java:624)
        at java.lang.Thread.run(Thread.java:750)
"EventQueue-CommandQueueReportForCommandQueueReportHandler" daemon prio=5 tid=559 in Object.wait()
java.lang.Thread.State: WAITING (on object monitor)
        at sun.misc.Unsafe.park(Native Method)
        at java.util.concurrent.locks.LockSupport.park(LockSupport.java:175)
        at java.util.concurrent.locks.AbstractQueuedSynchronizer$ConditionObject.await(AbstractQueuedSynchronizer.java:2039)
        at java.util.concurrent.LinkedBlockingQueue.take(LinkedBlockingQueue.java:442)
        at java.util.concurrent.ThreadPoolExecutor.getTask(ThreadPoolExecutor.java:1074)
        at java.util.concurrent.ThreadPoolExecutor.runWorker(ThreadPoolExecutor.java:1134)
        at java.util.concurrent.ThreadPoolExecutor$Worker.run(ThreadPoolExecutor.java:624)
        at java.lang.Thread.run(Thread.java:750)
"qtp549150079-202-acceptor-0@45503ebf-ServerConnector@7a8a2cd8{HTTP/1.1, (http/1.1)}{0.0.0.0:43595}" daemon prio=3 tid=202 runnable
java.lang.Thread.State: RUNNABLE
        at sun.nio.ch.ServerSocketChannelImpl.accept0(Native Method)
        at sun.nio.ch.ServerSocketChannelImpl.accept(ServerSocketChannelImpl.java:421)
        at sun.nio.ch.ServerSocketChannelImpl.accept(ServerSocketChannelImpl.java:249)
        at org.eclipse.jetty.server.ServerConnector.accept(ServerConnector.java:388)
        at org.eclipse.jetty.server.AbstractConnector$Acceptor.run(AbstractConnector.java:704)
        at org.eclipse.jetty.util.thread.QueuedThreadPool.runJob(QueuedThreadPool.java:883)
        at org.eclipse.jetty.util.thread.QueuedThreadPool$Runner.run(QueuedThreadPool.java:1034)
        at java.lang.Thread.run(Thread.java:750)
"pool-118-thread-1"  prio=5 tid=581 in Object.wait()
java.lang.Thread.State: WAITING (on object monitor)
        at sun.misc.Unsafe.park(Native Method)
        at java.util.concurrent.locks.LockSupport.park(LockSupport.java:175)
        at java.util.concurrent.locks.AbstractQueuedSynchronizer$ConditionObject.await(AbstractQueuedSynchronizer.java:2039)
        at java.util.concurrent.LinkedBlockingQueue.take(LinkedBlockingQueue.java:442)
        at java.util.concurrent.ThreadPoolExecutor.getTask(ThreadPoolExecutor.java:1074)
        at java.util.concurrent.ThreadPoolExecutor.runWorker(ThreadPoolExecutor.java:1134)
        at java.util.concurrent.ThreadPoolExecutor$Worker.run(ThreadPoolExecutor.java:624)
        at java.lang.Thread.run(Thread.java:750)
"IPC Server handler 11 on default port 41145" daemon prio=5 tid=68 timed_waiting
java.lang.Thread.State: TIMED_WAITING
        at sun.misc.Unsafe.park(Native Method)
        at java.util.concurrent.locks.LockSupport.parkNanos(LockSupport.java:215)
        at java.util.concurrent.locks.AbstractQueuedSynchronizer$ConditionObject.awaitNanos(AbstractQueuedSynchronizer.java:2078)
        at java.util.concurrent.LinkedBlockingQueue.poll(LinkedBlockingQueue.java:467)
        at org.apache.hadoop.ipc.CallQueueManager.take(CallQueueManager.java:317)
        at org.apache.hadoop.ipc.Server$Handler.run(Server.java:2942)
"qtp362095723-283" daemon prio=5 tid=283 timed_waiting
java.lang.Thread.State: TIMED_WAITING
        at sun.misc.Unsafe.park(Native Method)
        at java.util.concurrent.locks.LockSupport.parkNanos(LockSupport.java:215)
        at java.util.concurrent.locks.AbstractQueuedSynchronizer$ConditionObject.awaitNanos(AbstractQueuedSynchronizer.java:2078)
        at org.eclipse.jetty.util.BlockingArrayQueue.poll(BlockingArrayQueue.java:382)
        at org.eclipse.jetty.util.thread.QueuedThreadPool$Runner.idleJobPoll(QueuedThreadPool.java:974)
        at org.eclipse.jetty.util.thread.QueuedThreadPool$Runner.run(QueuedThreadPool.java:1018)
        at java.lang.Thread.run(Thread.java:750)
"IPC Server idle connection scanner for port 42013" daemon prio=5 tid=122 timed_waiting
java.lang.Thread.State: TIMED_WAITING
        at java.lang.Object.wait(Native Method)
        at java.util.TimerThread.mainLoop(Timer.java:552)
        at java.util.TimerThread.run(Timer.java:505)
"Datanode ReportManager Thread - 3" daemon prio=5 tid=187 timed_waiting
java.lang.Thread.State: TIMED_WAITING
        at sun.misc.Unsafe.park(Native Method)
        at java.util.concurrent.locks.LockSupport.parkNanos(LockSupport.java:215)
        at java.util.concurrent.locks.AbstractQueuedSynchronizer$ConditionObject.awaitNanos(AbstractQueuedSynchronizer.java:2078)
        at java.util.concurrent.ScheduledThreadPoolExecutor$DelayedWorkQueue.take(ScheduledThreadPoolExecutor.java:1093)
        at java.util.concurrent.ScheduledThreadPoolExecutor$DelayedWorkQueue.take(ScheduledThreadPoolExecutor.java:809)
        at java.util.concurrent.ThreadPoolExecutor.getTask(ThreadPoolExecutor.java:1074)
        at java.util.concurrent.ThreadPoolExecutor.runWorker(ThreadPoolExecutor.java:1134)
        at java.util.concurrent.ThreadPoolExecutor$Worker.run(ThreadPoolExecutor.java:624)
        at java.lang.Thread.run(Thread.java:750)
"ChunkReader-0" daemon prio=5 tid=760 in Object.wait()
java.lang.Thread.State: WAITING (on object monitor)
        at sun.misc.Unsafe.park(Native Method)
        at java.util.concurrent.locks.LockSupport.park(LockSupport.java:175)
        at java.util.concurrent.locks.AbstractQueuedSynchronizer$ConditionObject.await(AbstractQueuedSynchronizer.java:2039)
        at java.util.concurrent.LinkedBlockingQueue.take(LinkedBlockingQueue.java:442)
        at java.util.concurrent.ThreadPoolExecutor.getTask(ThreadPoolExecutor.java:1074)
        at java.util.concurrent.ThreadPoolExecutor.runWorker(ThreadPoolExecutor.java:1134)
        at java.util.concurrent.ThreadPoolExecutor$Worker.run(ThreadPoolExecutor.java:624)
        at java.lang.Thread.run(Thread.java:750)
"Datanode ReportManager Thread - 2" daemon prio=5 tid=318 timed_waiting
java.lang.Thread.State: TIMED_WAITING
        at sun.misc.Unsafe.park(Native Method)
        at java.util.concurrent.locks.LockSupport.parkNanos(LockSupport.java:215)
        at java.util.concurrent.locks.AbstractQueuedSynchronizer$ConditionObject.awaitNanos(AbstractQueuedSynchronizer.java:2078)
        at java.util.concurrent.ScheduledThreadPoolExecutor$DelayedWorkQueue.take(ScheduledThreadPoolExecutor.java:1093)
        at java.util.concurrent.ScheduledThreadPoolExecutor$DelayedWorkQueue.take(ScheduledThreadPoolExecutor.java:809)
        at java.util.concurrent.ThreadPoolExecutor.getTask(ThreadPoolExecutor.java:1074)
        at java.util.concurrent.ThreadPoolExecutor.runWorker(ThreadPoolExecutor.java:1134)
        at java.util.concurrent.ThreadPoolExecutor$Worker.run(ThreadPoolExecutor.java:624)
        at java.lang.Thread.run(Thread.java:750)
"57b0e5c4-d4d8-463c-8999-53af98295cd0@group-0252A98196AF-FollowerState" daemon prio=5 tid=883 timed_waiting
java.lang.Thread.State: TIMED_WAITING
        at java.lang.Thread.sleep(Native Method)
        at java.lang.Thread.sleep(Thread.java:342)
        at java.util.concurrent.TimeUnit.sleep(TimeUnit.java:386)
        at org.apache.ratis.util.TimeDuration.sleep(TimeDuration.java:325)
        at org.apache.ratis.util.TimeDuration.sleep(TimeDuration.java:310)
        at org.apache.ratis.server.impl.FollowerState.run(FollowerState.java:128)
"ChunkReader-1" daemon prio=5 tid=764 in Object.wait()
java.lang.Thread.State: WAITING (on object monitor)
        at sun.misc.Unsafe.park(Native Method)
        at java.util.concurrent.locks.LockSupport.park(LockSupport.java:175)
        at java.util.concurrent.locks.AbstractQueuedSynchronizer$ConditionObject.await(AbstractQueuedSynchronizer.java:2039)
        at java.util.concurrent.LinkedBlockingQueue.take(LinkedBlockingQueue.java:442)
        at java.util.concurrent.ThreadPoolExecutor.getTask(ThreadPoolExecutor.java:1074)
        at java.util.concurrent.ThreadPoolExecutor.runWorker(ThreadPoolExecutor.java:1134)
        at java.util.concurrent.ThreadPoolExecutor$Worker.run(ThreadPoolExecutor.java:624)
        at java.lang.Thread.run(Thread.java:750)
"ChunkWriter-0-0" daemon prio=5 tid=458 in Object.wait()
java.lang.Thread.State: WAITING (on object monitor)
        at sun.misc.Unsafe.park(Native Method)
        at java.util.concurrent.locks.LockSupport.park(LockSupport.java:175)
        at java.util.concurrent.locks.AbstractQueuedSynchronizer$ConditionObject.await(AbstractQueuedSynchronizer.java:2039)
        at java.util.concurrent.LinkedBlockingDeque.takeFirst(LinkedBlockingDeque.java:492)
        at java.util.concurrent.LinkedBlockingDeque.take(LinkedBlockingDeque.java:680)
        at java.util.concurrent.ThreadPoolExecutor.getTask(ThreadPoolExecutor.java:1074)
        at java.util.concurrent.ThreadPoolExecutor.runWorker(ThreadPoolExecutor.java:1134)
        at java.util.concurrent.ThreadPoolExecutor$Worker.run(ThreadPoolExecutor.java:624)
        at java.lang.Thread.run(Thread.java:750)
"EventQueue-NewNodeForNewNodeHandler" daemon prio=5 tid=501 in Object.wait()
java.lang.Thread.State: WAITING (on object monitor)
        at sun.misc.Unsafe.park(Native Method)
        at java.util.concurrent.locks.LockSupport.park(LockSupport.java:175)
        at java.util.concurrent.locks.AbstractQueuedSynchronizer$ConditionObject.await(AbstractQueuedSynchronizer.java:2039)
        at java.util.concurrent.LinkedBlockingQueue.take(LinkedBlockingQueue.java:442)
        at java.util.concurrent.ThreadPoolExecutor.getTask(ThreadPoolExecutor.java:1074)
        at java.util.concurrent.ThreadPoolExecutor.runWorker(ThreadPoolExecutor.java:1134)
        at java.util.concurrent.ThreadPoolExecutor$Worker.run(ThreadPoolExecutor.java:624)
        at java.lang.Thread.run(Thread.java:750)
"Datanode ReportManager Thread - 1" daemon prio=5 tid=470 timed_waiting
java.lang.Thread.State: TIMED_WAITING
        at sun.misc.Unsafe.park(Native Method)
        at java.util.concurrent.locks.LockSupport.parkNanos(LockSupport.java:215)
        at java.util.concurrent.locks.AbstractQueuedSynchronizer$ConditionObject.awaitNanos(AbstractQueuedSynchronizer.java:2078)
        at java.util.concurrent.ScheduledThreadPoolExecutor$DelayedWorkQueue.take(ScheduledThreadPoolExecutor.java:1093)
        at java.util.concurrent.ScheduledThreadPoolExecutor$DelayedWorkQueue.take(ScheduledThreadPoolExecutor.java:809)
        at java.util.concurrent.ThreadPoolExecutor.getTask(ThreadPoolExecutor.java:1074)
        at java.util.concurrent.ThreadPoolExecutor.runWorker(ThreadPoolExecutor.java:1134)
        at java.util.concurrent.ThreadPoolExecutor$Worker.run(ThreadPoolExecutor.java:624)
        at java.lang.Thread.run(Thread.java:750)
"prometheus" daemon prio=5 tid=109 in Object.wait()
java.lang.Thread.State: WAITING (on object monitor)
        at java.lang.Object.wait(Native Method)
        at java.lang.Object.wait(Object.java:502)
        at org.apache.hadoop.metrics2.impl.SinkQueue.waitForData(SinkQueue.java:114)
        at org.apache.hadoop.metrics2.impl.SinkQueue.consumeAll(SinkQueue.java:83)
        at org.apache.hadoop.metrics2.impl.MetricsSinkAdapter.publishMetricsFromQueue(MetricsSinkAdapter.java:135)
        at org.apache.hadoop.metrics2.impl.MetricsSinkAdapter$1.run(MetricsSinkAdapter.java:89)
"Datanode ReportManager Thread - 2" daemon prio=5 tid=383 in Object.wait()
java.lang.Thread.State: WAITING (on object monitor)
        at sun.misc.Unsafe.park(Native Method)
        at java.util.concurrent.locks.LockSupport.park(LockSupport.java:175)
        at java.util.concurrent.locks.AbstractQueuedSynchronizer$ConditionObject.await(AbstractQueuedSynchronizer.java:2039)
        at java.util.concurrent.ScheduledThreadPoolExecutor$DelayedWorkQueue.take(ScheduledThreadPoolExecutor.java:1088)
        at java.util.concurrent.ScheduledThreadPoolExecutor$DelayedWorkQueue.take(ScheduledThreadPoolExecutor.java:809)
        at java.util.concurrent.ThreadPoolExecutor.getTask(ThreadPoolExecutor.java:1074)
        at java.util.concurrent.ThreadPoolExecutor.runWorker(ThreadPoolExecutor.java:1134)
        at java.util.concurrent.ThreadPoolExecutor$Worker.run(ThreadPoolExecutor.java:624)
        at java.lang.Thread.run(Thread.java:750)
"7f2965ec-2a1d-4c0b-a486-0150db937947@group-C5655235CD35->db967a0c-fd65-4f5b-99fe-08eeaf937185-GrpcLogAppender-LogAppenderDaemon" daemon prio=5 tid=865 timed_waiting
java.lang.Thread.State: TIMED_WAITING
        at sun.misc.Unsafe.park(Native Method)
        at java.util.concurrent.locks.LockSupport.parkNanos(LockSupport.java:215)
        at java.util.concurrent.CompletableFuture$Signaller.block(CompletableFuture.java:1709)
        at java.util.concurrent.ForkJoinPool.managedBlock(ForkJoinPool.java:3323)
        at java.util.concurrent.CompletableFuture.timedGet(CompletableFuture.java:1788)
        at java.util.concurrent.CompletableFuture.get(CompletableFuture.java:1928)
        at org.apache.ratis.util.AwaitForSignal.await(AwaitForSignal.java:56)
        at org.apache.ratis.grpc.server.GrpcLogAppender.mayWait(GrpcLogAppender.java:198)
        at org.apache.ratis.grpc.server.GrpcLogAppender.run(GrpcLogAppender.java:148)
        at org.apache.ratis.server.leader.LogAppenderDaemon.run(LogAppenderDaemon.java:78)
        at org.apache.ratis.server.leader.LogAppenderDaemon$$Lambda$1046/186956009.run(Unknown Source)
        at java.lang.Thread.run(Thread.java:750)
"Session-HouseKeeper-1edd6c8c-1"  prio=5 tid=417 timed_waiting
java.lang.Thread.State: TIMED_WAITING
        at sun.misc.Unsafe.park(Native Method)
        at java.util.concurrent.locks.LockSupport.parkNanos(LockSupport.java:215)
        at java.util.concurrent.locks.AbstractQueuedSynchronizer$ConditionObject.awaitNanos(AbstractQueuedSynchronizer.java:2078)
        at java.util.concurrent.ScheduledThreadPoolExecutor$DelayedWorkQueue.take(ScheduledThreadPoolExecutor.java:1093)
        at java.util.concurrent.ScheduledThreadPoolExecutor$DelayedWorkQueue.take(ScheduledThreadPoolExecutor.java:809)
        at java.util.concurrent.ThreadPoolExecutor.getTask(ThreadPoolExecutor.java:1074)
        at java.util.concurrent.ThreadPoolExecutor.runWorker(ThreadPoolExecutor.java:1134)
        at java.util.concurrent.ThreadPoolExecutor$Worker.run(ThreadPoolExecutor.java:624)
        at java.lang.Thread.run(Thread.java:750)
"IPC Server handler 8 on default port 42013" daemon prio=5 tid=152 timed_waiting
java.lang.Thread.State: TIMED_WAITING
        at sun.misc.Unsafe.park(Native Method)
        at java.util.concurrent.locks.LockSupport.parkNanos(LockSupport.java:215)
        at java.util.concurrent.locks.AbstractQueuedSynchronizer$ConditionObject.awaitNanos(AbstractQueuedSynchronizer.java:2078)
        at java.util.concurrent.LinkedBlockingQueue.poll(LinkedBlockingQueue.java:467)
        at org.apache.hadoop.ipc.CallQueueManager.take(CallQueueManager.java:317)
        at org.apache.hadoop.ipc.Server$Handler.run(Server.java:2942)
"qtp1596017970-233" daemon prio=5 tid=233 timed_waiting
java.lang.Thread.State: TIMED_WAITING
        at sun.misc.Unsafe.park(Native Method)
        at java.util.concurrent.locks.LockSupport.parkNanos(LockSupport.java:215)
        at java.util.concurrent.locks.AbstractQueuedSynchronizer$ConditionObject.awaitNanos(AbstractQueuedSynchronizer.java:2078)
        at org.eclipse.jetty.util.BlockingArrayQueue.poll(BlockingArrayQueue.java:382)
        at org.eclipse.jetty.util.thread.QueuedThreadPool$Runner.idleJobPoll(QueuedThreadPool.java:974)
        at org.eclipse.jetty.util.thread.QueuedThreadPool$Runner.run(QueuedThreadPool.java:1018)
        at java.lang.Thread.run(Thread.java:750)
"Datanode State Machine Daemon Thread" daemon prio=5 tid=289 timed_waiting
java.lang.Thread.State: TIMED_WAITING
        at java.lang.Thread.sleep(Native Method)
        at org.apache.hadoop.ozone.container.common.statemachine.DatanodeStateMachine.startStateMachineThread(DatanodeStateMachine.java:321)
        at org.apache.hadoop.ozone.container.common.statemachine.DatanodeStateMachine.lambda$startDaemon$0(DatanodeStateMachine.java:506)
        at org.apache.hadoop.ozone.container.common.statemachine.DatanodeStateMachine$$Lambda$750/1660784802.run(Unknown Source)
        at java.lang.Thread.run(Thread.java:750)
"Datanode ReportManager Thread - 3" daemon prio=5 tid=293 in Object.wait()
java.lang.Thread.State: WAITING (on object monitor)
        at sun.misc.Unsafe.park(Native Method)
        at java.util.concurrent.locks.LockSupport.park(LockSupport.java:175)
        at java.util.concurrent.locks.AbstractQueuedSynchronizer$ConditionObject.await(AbstractQueuedSynchronizer.java:2039)
        at java.util.concurrent.ScheduledThreadPoolExecutor$DelayedWorkQueue.take(ScheduledThreadPoolExecutor.java:1088)
        at java.util.concurrent.ScheduledThreadPoolExecutor$DelayedWorkQueue.take(ScheduledThreadPoolExecutor.java:809)
        at java.util.concurrent.ThreadPoolExecutor.getTask(ThreadPoolExecutor.java:1074)
        at java.util.concurrent.ThreadPoolExecutor.runWorker(ThreadPoolExecutor.java:1134)
        at java.util.concurrent.ThreadPoolExecutor$Worker.run(ThreadPoolExecutor.java:624)
        at java.lang.Thread.run(Thread.java:750)
"OpenKeyCleanupService#0" daemon prio=5 tid=133 timed_waiting
java.lang.Thread.State: TIMED_WAITING
        at sun.misc.Unsafe.park(Native Method)
        at java.util.concurrent.locks.LockSupport.parkNanos(LockSupport.java:215)
        at java.util.concurrent.locks.AbstractQueuedSynchronizer$ConditionObject.awaitNanos(AbstractQueuedSynchronizer.java:2078)
        at java.util.concurrent.ScheduledThreadPoolExecutor$DelayedWorkQueue.take(ScheduledThreadPoolExecutor.java:1093)
        at java.util.concurrent.ScheduledThreadPoolExecutor$DelayedWorkQueue.take(ScheduledThreadPoolExecutor.java:809)
        at java.util.concurrent.ThreadPoolExecutor.getTask(ThreadPoolExecutor.java:1074)
        at java.util.concurrent.ThreadPoolExecutor.runWorker(ThreadPoolExecutor.java:1134)
        at java.util.concurrent.ThreadPoolExecutor$Worker.run(ThreadPoolExecutor.java:624)
        at java.lang.Thread.run(Thread.java:750)
"qtp549150079-208" daemon prio=5 tid=208 timed_waiting
java.lang.Thread.State: TIMED_WAITING
        at sun.misc.Unsafe.park(Native Method)
        at java.util.concurrent.locks.LockSupport.parkNanos(LockSupport.java:215)
        at java.util.concurrent.locks.AbstractQueuedSynchronizer$ConditionObject.awaitNanos(AbstractQueuedSynchronizer.java:2078)
        at org.eclipse.jetty.util.BlockingArrayQueue.poll(BlockingArrayQueue.java:382)
        at org.eclipse.jetty.util.thread.QueuedThreadPool$Runner.idleJobPoll(QueuedThreadPool.java:974)
        at org.eclipse.jetty.util.thread.QueuedThreadPool$Runner.run(QueuedThreadPool.java:1018)
        at java.lang.Thread.run(Thread.java:750)
"Session-HouseKeeper-6179761f-1"  prio=5 tid=209 timed_waiting
java.lang.Thread.State: TIMED_WAITING
        at sun.misc.Unsafe.park(Native Method)
        at java.util.concurrent.locks.LockSupport.parkNanos(LockSupport.java:215)
        at java.util.concurrent.locks.AbstractQueuedSynchronizer$ConditionObject.awaitNanos(AbstractQueuedSynchronizer.java:2078)
        at java.util.concurrent.ScheduledThreadPoolExecutor$DelayedWorkQueue.take(ScheduledThreadPoolExecutor.java:1093)
        at java.util.concurrent.ScheduledThreadPoolExecutor$DelayedWorkQueue.take(ScheduledThreadPoolExecutor.java:809)
        at java.util.concurrent.ThreadPoolExecutor.getTask(ThreadPoolExecutor.java:1074)
        at java.util.concurrent.ThreadPoolExecutor.runWorker(ThreadPoolExecutor.java:1134)
        at java.util.concurrent.ThreadPoolExecutor$Worker.run(ThreadPoolExecutor.java:624)
        at java.lang.Thread.run(Thread.java:750)
"ExpiredContainerReplicaOpScrubberThread" daemon prio=5 tid=17 timed_waiting
java.lang.Thread.State: TIMED_WAITING
        at java.lang.Object.wait(Native Method)
        at org.apache.hadoop.hdds.scm.ha.BackgroundSCMService.run(BackgroundSCMService.java:110)
        at org.apache.hadoop.hdds.scm.ha.BackgroundSCMService$$Lambda$375/566105282.run(Unknown Source)
        at java.lang.Thread.run(Thread.java:750)
"EndpointStateMachine task thread for /0.0.0.0:35291 - 0 "  prio=5 tid=457 in Object.wait()
java.lang.Thread.State: WAITING (on object monitor)
        at sun.misc.Unsafe.park(Native Method)
        at java.util.concurrent.locks.LockSupport.park(LockSupport.java:175)
        at java.util.concurrent.locks.AbstractQueuedSynchronizer$ConditionObject.await(AbstractQueuedSynchronizer.java:2039)
        at java.util.concurrent.LinkedBlockingQueue.take(LinkedBlockingQueue.java:442)
        at java.util.concurrent.ThreadPoolExecutor.getTask(ThreadPoolExecutor.java:1074)
        at java.util.concurrent.ThreadPoolExecutor.runWorker(ThreadPoolExecutor.java:1134)
        at java.util.concurrent.ThreadPoolExecutor$Worker.run(ThreadPoolExecutor.java:624)
        at java.lang.Thread.run(Thread.java:750)
"86e92292-7141-46cb-9ed5-093a2cfc2b40@group-C5655235CD35-StateMachineUpdater" daemon prio=5 tid=567 timed_waiting
java.lang.Thread.State: TIMED_WAITING
        at sun.misc.Unsafe.park(Native Method)
        at java.util.concurrent.locks.LockSupport.parkNanos(LockSupport.java:215)
        at java.util.concurrent.CompletableFuture$Signaller.block(CompletableFuture.java:1709)
        at java.util.concurrent.ForkJoinPool.managedBlock(ForkJoinPool.java:3323)
        at java.util.concurrent.CompletableFuture.timedGet(CompletableFuture.java:1788)
        at java.util.concurrent.CompletableFuture.get(CompletableFuture.java:1928)
        at org.apache.ratis.util.AwaitForSignal.await(AwaitForSignal.java:56)
        at org.apache.ratis.server.impl.StateMachineUpdater.waitForCommit(StateMachineUpdater.java:207)
        at org.apache.ratis.server.impl.StateMachineUpdater.run(StateMachineUpdater.java:176)
        at java.lang.Thread.run(Thread.java:750)
"ChunkWriter-0-0" daemon prio=5 tid=429 in Object.wait()
java.lang.Thread.State: WAITING (on object monitor)
        at sun.misc.Unsafe.park(Native Method)
        at java.util.concurrent.locks.LockSupport.park(LockSupport.java:175)
        at java.util.concurrent.locks.AbstractQueuedSynchronizer$ConditionObject.await(AbstractQueuedSynchronizer.java:2039)
        at java.util.concurrent.LinkedBlockingDeque.takeFirst(LinkedBlockingDeque.java:492)
        at java.util.concurrent.LinkedBlockingDeque.take(LinkedBlockingDeque.java:680)
        at java.util.concurrent.ThreadPoolExecutor.getTask(ThreadPoolExecutor.java:1074)
        at java.util.concurrent.ThreadPoolExecutor.runWorker(ThreadPoolExecutor.java:1134)
        at java.util.concurrent.ThreadPoolExecutor$Worker.run(ThreadPoolExecutor.java:624)
        at java.lang.Thread.run(Thread.java:750)
"IPC Server handler 11 on default port 42013" daemon prio=5 tid=155 timed_waiting
java.lang.Thread.State: TIMED_WAITING
        at sun.misc.Unsafe.park(Native Method)
        at java.util.concurrent.locks.LockSupport.parkNanos(LockSupport.java:215)
        at java.util.concurrent.locks.AbstractQueuedSynchronizer$ConditionObject.awaitNanos(AbstractQueuedSynchronizer.java:2078)
        at java.util.concurrent.LinkedBlockingQueue.poll(LinkedBlockingQueue.java:467)
        at org.apache.hadoop.ipc.CallQueueManager.take(CallQueueManager.java:317)
        at org.apache.hadoop.ipc.Server$Handler.run(Server.java:2942)
"db967a0c-fd65-4f5b-99fe-08eeaf937185@group-7884C09AC82C-LeaderStateImpl" daemon prio=5 tid=687 timed_waiting
java.lang.Thread.State: TIMED_WAITING
        at sun.misc.Unsafe.park(Native Method)
        at java.util.concurrent.locks.LockSupport.parkNanos(LockSupport.java:215)
        at java.util.concurrent.locks.AbstractQueuedSynchronizer$ConditionObject.awaitNanos(AbstractQueuedSynchronizer.java:2078)
        at java.util.concurrent.ArrayBlockingQueue.poll(ArrayBlockingQueue.java:418)
        at org.apache.ratis.server.impl.LeaderStateImpl$EventQueue.poll(LeaderStateImpl.java:159)
        at org.apache.ratis.server.impl.LeaderStateImpl$EventProcessor.run(LeaderStateImpl.java:630)
"qtp703849415-135" daemon prio=5 tid=135 runnable
java.lang.Thread.State: RUNNABLE
        at sun.nio.ch.EPollArrayWrapper.epollWait(Native Method)
        at sun.nio.ch.EPollArrayWrapper.poll(EPollArrayWrapper.java:269)
        at sun.nio.ch.EPollSelectorImpl.doSelect(EPollSelectorImpl.java:93)
        at sun.nio.ch.SelectorImpl.lockAndDoSelect(SelectorImpl.java:86)
        at sun.nio.ch.SelectorImpl.select(SelectorImpl.java:97)
        at sun.nio.ch.SelectorImpl.select(SelectorImpl.java:101)
        at org.eclipse.jetty.io.ManagedSelector.nioSelect(ManagedSelector.java:183)
        at org.eclipse.jetty.io.ManagedSelector.select(ManagedSelector.java:190)
        at org.eclipse.jetty.io.ManagedSelector$SelectorProducer.select(ManagedSelector.java:606)
        at org.eclipse.jetty.io.ManagedSelector$SelectorProducer.produce(ManagedSelector.java:543)
        at org.eclipse.jetty.util.thread.strategy.EatWhatYouKill.produceTask(EatWhatYouKill.java:362)
        at org.eclipse.jetty.util.thread.strategy.EatWhatYouKill.doProduce(EatWhatYouKill.java:186)
        at org.eclipse.jetty.util.thread.strategy.EatWhatYouKill.tryProduce(EatWhatYouKill.java:173)
        at org.eclipse.jetty.util.thread.strategy.EatWhatYouKill.produce(EatWhatYouKill.java:137)
        at org.eclipse.jetty.io.ManagedSelector$$Lambda$446/1613065499.run(Unknown Source)
        at org.eclipse.jetty.util.thread.QueuedThreadPool.runJob(QueuedThreadPool.java:883)
        at org.eclipse.jetty.util.thread.QueuedThreadPool$Runner.run(QueuedThreadPool.java:1034)
        at java.lang.Thread.run(Thread.java:750)
"pool-31-thread-1"  prio=5 tid=99 timed_waiting
java.lang.Thread.State: TIMED_WAITING
        at sun.misc.Unsafe.park(Native Method)
        at java.util.concurrent.locks.LockSupport.parkNanos(LockSupport.java:215)
        at java.util.concurrent.locks.AbstractQueuedSynchronizer$ConditionObject.awaitNanos(AbstractQueuedSynchronizer.java:2078)
        at java.util.concurrent.ScheduledThreadPoolExecutor$DelayedWorkQueue.take(ScheduledThreadPoolExecutor.java:1093)
        at java.util.concurrent.ScheduledThreadPoolExecutor$DelayedWorkQueue.take(ScheduledThreadPoolExecutor.java:809)
        at java.util.concurrent.ThreadPoolExecutor.getTask(ThreadPoolExecutor.java:1074)
        at java.util.concurrent.ThreadPoolExecutor.runWorker(ThreadPoolExecutor.java:1134)
        at java.util.concurrent.ThreadPoolExecutor$Worker.run(ThreadPoolExecutor.java:624)
        at java.lang.Thread.run(Thread.java:750)
"qtp1103911337-259" daemon prio=5 tid=259 timed_waiting
java.lang.Thread.State: TIMED_WAITING
        at sun.misc.Unsafe.park(Native Method)
        at java.util.concurrent.locks.LockSupport.parkNanos(LockSupport.java:215)
        at java.util.concurrent.locks.AbstractQueuedSynchronizer$ConditionObject.awaitNanos(AbstractQueuedSynchronizer.java:2078)
        at org.eclipse.jetty.util.BlockingArrayQueue.poll(BlockingArrayQueue.java:382)
        at org.eclipse.jetty.util.thread.QueuedThreadPool$Runner.idleJobPoll(QueuedThreadPool.java:974)
        at org.eclipse.jetty.util.thread.QueuedThreadPool$Runner.run(QueuedThreadPool.java:1018)
        at java.lang.Thread.run(Thread.java:750)
"qtp406153553-101-acceptor-0@a0f9d-ServerConnector@4028aab2{HTTP/1.1, (http/1.1)}{0.0.0.0:43047}" daemon prio=3 tid=101 runnable
java.lang.Thread.State: RUNNABLE
        at sun.nio.ch.ServerSocketChannelImpl.accept0(Native Method)
        at sun.nio.ch.ServerSocketChannelImpl.accept(ServerSocketChannelImpl.java:421)
        at sun.nio.ch.ServerSocketChannelImpl.accept(ServerSocketChannelImpl.java:249)
        at org.eclipse.jetty.server.ServerConnector.accept(ServerConnector.java:388)
        at org.eclipse.jetty.server.AbstractConnector$Acceptor.run(AbstractConnector.java:704)
        at org.eclipse.jetty.util.thread.QueuedThreadPool.runJob(QueuedThreadPool.java:883)
        at org.eclipse.jetty.util.thread.QueuedThreadPool$Runner.run(QueuedThreadPool.java:1034)
        at java.lang.Thread.run(Thread.java:750)
"JvmPauseMonitor9" daemon prio=5 tid=541 timed_waiting
java.lang.Thread.State: TIMED_WAITING
        at java.lang.Thread.sleep(Native Method)
        at java.lang.Thread.sleep(Thread.java:342)
        at java.util.concurrent.TimeUnit.sleep(TimeUnit.java:386)
        at org.apache.ratis.util.TimeDuration.sleep(TimeDuration.java:325)
        at org.apache.ratis.util.TimeDuration.sleep(TimeDuration.java:310)
        at org.apache.ratis.util.JvmPauseMonitor.detectPause(JvmPauseMonitor.java:119)
        at org.apache.ratis.util.JvmPauseMonitor.run(JvmPauseMonitor.java:108)
        at org.apache.ratis.util.JvmPauseMonitor$$Lambda$706/1510764580.run(Unknown Source)
        at java.lang.Thread.run(Thread.java:750)
"ChunkReader-ELG-0" daemon prio=5 tid=396 runnable
java.lang.Thread.State: RUNNABLE
        at org.apache.ratis.thirdparty.io.netty.channel.epoll.Native.epollWait(Native Method)
        at org.apache.ratis.thirdparty.io.netty.channel.epoll.Native.epollWait(Native.java:209)
        at org.apache.ratis.thirdparty.io.netty.channel.epoll.Native.epollWait(Native.java:202)
        at org.apache.ratis.thirdparty.io.netty.channel.epoll.EpollEventLoop.epollWaitNoTimerChange(EpollEventLoop.java:294)
        at org.apache.ratis.thirdparty.io.netty.channel.epoll.EpollEventLoop.run(EpollEventLoop.java:351)
        at org.apache.ratis.thirdparty.io.netty.util.concurrent.SingleThreadEventExecutor$4.run(SingleThreadEventExecutor.java:995)
        at org.apache.ratis.thirdparty.io.netty.util.internal.ThreadExecutorMap$2.run(ThreadExecutorMap.java:74)
        at java.lang.Thread.run(Thread.java:750)
"StaleRecoveringContainerScrubbingService#1" daemon prio=5 tid=532 timed_waiting
java.lang.Thread.State: TIMED_WAITING
        at sun.misc.Unsafe.park(Native Method)
        at java.util.concurrent.locks.LockSupport.parkNanos(LockSupport.java:215)
        at java.util.concurrent.locks.AbstractQueuedSynchronizer$ConditionObject.awaitNanos(AbstractQueuedSynchronizer.java:2078)
        at java.util.concurrent.ScheduledThreadPoolExecutor$DelayedWorkQueue.take(ScheduledThreadPoolExecutor.java:1093)
        at java.util.concurrent.ScheduledThreadPoolExecutor$DelayedWorkQueue.take(ScheduledThreadPoolExecutor.java:809)
        at java.util.concurrent.ThreadPoolExecutor.getTask(ThreadPoolExecutor.java:1074)
        at java.util.concurrent.ThreadPoolExecutor.runWorker(ThreadPoolExecutor.java:1134)
        at java.util.concurrent.ThreadPoolExecutor$Worker.run(ThreadPoolExecutor.java:624)
        at java.lang.Thread.run(Thread.java:750)
"42907c57-00bf-47e8-816a-b6f44f3b50df@group-287084F2E785-LeaderStateImpl" daemon prio=5 tid=746 timed_waiting
java.lang.Thread.State: TIMED_WAITING
        at sun.misc.Unsafe.park(Native Method)
        at java.util.concurrent.locks.LockSupport.parkNanos(LockSupport.java:215)
        at java.util.concurrent.locks.AbstractQueuedSynchronizer$ConditionObject.awaitNanos(AbstractQueuedSynchronizer.java:2078)
        at java.util.concurrent.ArrayBlockingQueue.poll(ArrayBlockingQueue.java:418)
        at org.apache.ratis.server.impl.LeaderStateImpl$EventQueue.poll(LeaderStateImpl.java:159)
        at org.apache.ratis.server.impl.LeaderStateImpl$EventProcessor.run(LeaderStateImpl.java:630)
"StaleRecoveringContainerScrubbingService#0" daemon prio=5 tid=544 in Object.wait()
java.lang.Thread.State: WAITING (on object monitor)
        at sun.misc.Unsafe.park(Native Method)
        at java.util.concurrent.locks.LockSupport.park(LockSupport.java:175)
        at java.util.concurrent.locks.AbstractQueuedSynchronizer$ConditionObject.await(AbstractQueuedSynchronizer.java:2039)
        at java.util.concurrent.ScheduledThreadPoolExecutor$DelayedWorkQueue.take(ScheduledThreadPoolExecutor.java:1088)
        at java.util.concurrent.ScheduledThreadPoolExecutor$DelayedWorkQueue.take(ScheduledThreadPoolExecutor.java:809)
        at java.util.concurrent.ThreadPoolExecutor.getTask(ThreadPoolExecutor.java:1074)
        at java.util.concurrent.ThreadPoolExecutor.runWorker(ThreadPoolExecutor.java:1134)
        at java.util.concurrent.ThreadPoolExecutor$Worker.run(ThreadPoolExecutor.java:624)
        at java.lang.Thread.run(Thread.java:750)
"ChunkWriter-1-0" daemon prio=5 tid=430 in Object.wait()
java.lang.Thread.State: WAITING (on object monitor)
        at sun.misc.Unsafe.park(Native Method)
        at java.util.concurrent.locks.LockSupport.park(LockSupport.java:175)
        at java.util.concurrent.locks.AbstractQueuedSynchronizer$ConditionObject.await(AbstractQueuedSynchronizer.java:2039)
        at java.util.concurrent.LinkedBlockingDeque.takeFirst(LinkedBlockingDeque.java:492)
        at java.util.concurrent.LinkedBlockingDeque.take(LinkedBlockingDeque.java:680)
        at java.util.concurrent.ThreadPoolExecutor.getTask(ThreadPoolExecutor.java:1074)
        at java.util.concurrent.ThreadPoolExecutor.runWorker(ThreadPoolExecutor.java:1134)
        at java.util.concurrent.ThreadPoolExecutor$Worker.run(ThreadPoolExecutor.java:624)
        at java.lang.Thread.run(Thread.java:750)
"org.apache.hadoop.ozone.container.common.statemachine.commandhandler.DeleteBlocksCommandHandler$DeleteCmdWorker@6d881fec" daemon prio=5 tid=304 timed_waiting
java.lang.Thread.State: TIMED_WAITING
        at java.lang.Thread.sleep(Native Method)
        at org.apache.hadoop.ozone.container.common.statemachine.commandhandler.DeleteBlocksCommandHandler$DeleteCmdWorker.run(DeleteBlocksCommandHandler.java:183)
        at java.lang.Thread.run(Thread.java:750)
"db967a0c-fd65-4f5b-99fe-08eeaf937185@group-7884C09AC82C-StateMachineUpdater" daemon prio=5 tid=574 timed_waiting
java.lang.Thread.State: TIMED_WAITING
        at sun.misc.Unsafe.park(Native Method)
        at java.util.concurrent.locks.LockSupport.parkNanos(LockSupport.java:215)
        at java.util.concurrent.CompletableFuture$Signaller.block(CompletableFuture.java:1709)
        at java.util.concurrent.ForkJoinPool.managedBlock(ForkJoinPool.java:3323)
        at java.util.concurrent.CompletableFuture.timedGet(CompletableFuture.java:1788)
        at java.util.concurrent.CompletableFuture.get(CompletableFuture.java:1928)
        at org.apache.ratis.util.AwaitForSignal.await(AwaitForSignal.java:56)
        at org.apache.ratis.server.impl.StateMachineUpdater.waitForCommit(StateMachineUpdater.java:207)
        at org.apache.ratis.server.impl.StateMachineUpdater.run(StateMachineUpdater.java:176)
        at java.lang.Thread.run(Thread.java:750)
"Datanode State Machine Task Thread - 0"  prio=5 tid=245 in Object.wait()
java.lang.Thread.State: WAITING (on object monitor)
        at sun.misc.Unsafe.park(Native Method)
        at java.util.concurrent.locks.LockSupport.park(LockSupport.java:175)
        at java.util.concurrent.locks.AbstractQueuedSynchronizer$ConditionObject.await(AbstractQueuedSynchronizer.java:2039)
        at java.util.concurrent.LinkedBlockingQueue.take(LinkedBlockingQueue.java:442)
        at java.util.concurrent.ThreadPoolExecutor.getTask(ThreadPoolExecutor.java:1074)
        at java.util.concurrent.ThreadPoolExecutor.runWorker(ThreadPoolExecutor.java:1134)
        at java.util.concurrent.ThreadPoolExecutor$Worker.run(ThreadPoolExecutor.java:624)
        at java.lang.Thread.run(Thread.java:750)
"qtp1072948973-175-acceptor-0@59b5feaa-ServerConnector@15b0118{HTTP/1.1, (http/1.1)}{0.0.0.0:33569}" daemon prio=3 tid=175 runnable
java.lang.Thread.State: RUNNABLE
        at sun.nio.ch.ServerSocketChannelImpl.accept0(Native Method)
        at sun.nio.ch.ServerSocketChannelImpl.accept(ServerSocketChannelImpl.java:421)
        at sun.nio.ch.ServerSocketChannelImpl.accept(ServerSocketChannelImpl.java:249)
        at org.eclipse.jetty.server.ServerConnector.accept(ServerConnector.java:388)
        at org.eclipse.jetty.server.AbstractConnector$Acceptor.run(AbstractConnector.java:704)
        at org.eclipse.jetty.util.thread.QueuedThreadPool.runJob(QueuedThreadPool.java:883)
        at org.eclipse.jetty.util.thread.QueuedThreadPool$Runner.run(QueuedThreadPool.java:1034)
        at java.lang.Thread.run(Thread.java:750)
"om1@group-C5BA1605619E-StateMachineUpdater" daemon prio=5 tid=127 timed_waiting
java.lang.Thread.State: TIMED_WAITING
        at sun.misc.Unsafe.park(Native Method)
        at java.util.concurrent.locks.LockSupport.parkNanos(LockSupport.java:215)
        at java.util.concurrent.CompletableFuture$Signaller.block(CompletableFuture.java:1709)
        at java.util.concurrent.ForkJoinPool.managedBlock(ForkJoinPool.java:3323)
        at java.util.concurrent.CompletableFuture.timedGet(CompletableFuture.java:1788)
        at java.util.concurrent.CompletableFuture.get(CompletableFuture.java:1928)
        at org.apache.ratis.util.AwaitForSignal.await(AwaitForSignal.java:56)
        at org.apache.ratis.server.impl.StateMachineUpdater.waitForCommit(StateMachineUpdater.java:207)
        at org.apache.ratis.server.impl.StateMachineUpdater.run(StateMachineUpdater.java:176)
        at java.lang.Thread.run(Thread.java:750)
"qtp406153553-107" daemon prio=5 tid=107 timed_waiting
java.lang.Thread.State: TIMED_WAITING
        at sun.misc.Unsafe.park(Native Method)
        at java.util.concurrent.locks.LockSupport.parkNanos(LockSupport.java:215)
        at java.util.concurrent.locks.AbstractQueuedSynchronizer$ConditionObject.awaitNanos(AbstractQueuedSynchronizer.java:2078)
        at org.eclipse.jetty.util.BlockingArrayQueue.poll(BlockingArrayQueue.java:382)
        at org.eclipse.jetty.util.thread.QueuedThreadPool$Runner.idleJobPoll(QueuedThreadPool.java:974)
        at org.eclipse.jetty.util.thread.QueuedThreadPool$Runner.run(QueuedThreadPool.java:1018)
        at java.lang.Thread.run(Thread.java:750)
"Datanode ReportManager Thread - 3" daemon prio=5 tid=241 in Object.wait()
java.lang.Thread.State: WAITING (on object monitor)
        at sun.misc.Unsafe.park(Native Method)
        at java.util.concurrent.locks.LockSupport.park(LockSupport.java:175)
        at java.util.concurrent.locks.AbstractQueuedSynchronizer$ConditionObject.await(AbstractQueuedSynchronizer.java:2039)
        at java.util.concurrent.ScheduledThreadPoolExecutor$DelayedWorkQueue.take(ScheduledThreadPoolExecutor.java:1088)
        at java.util.concurrent.ScheduledThreadPoolExecutor$DelayedWorkQueue.take(ScheduledThreadPoolExecutor.java:809)
        at java.util.concurrent.ThreadPoolExecutor.getTask(ThreadPoolExecutor.java:1074)
        at java.util.concurrent.ThreadPoolExecutor.runWorker(ThreadPoolExecutor.java:1134)
        at java.util.concurrent.ThreadPoolExecutor$Worker.run(ThreadPoolExecutor.java:624)
        at java.lang.Thread.run(Thread.java:750)
"IPC Server idle connection scanner for port 41145" daemon prio=5 tid=29 timed_waiting
java.lang.Thread.State: TIMED_WAITING
        at java.lang.Object.wait(Native Method)
        at java.util.TimerThread.mainLoop(Timer.java:552)
        at java.util.TimerThread.run(Timer.java:505)
"BlockDeletingService#1" daemon prio=5 tid=488 timed_waiting
java.lang.Thread.State: TIMED_WAITING
        at sun.misc.Unsafe.park(Native Method)
        at java.util.concurrent.locks.LockSupport.parkNanos(LockSupport.java:215)
        at java.util.concurrent.locks.AbstractQueuedSynchronizer$ConditionObject.awaitNanos(AbstractQueuedSynchronizer.java:2078)
        at java.util.concurrent.ScheduledThreadPoolExecutor$DelayedWorkQueue.take(ScheduledThreadPoolExecutor.java:1093)
        at java.util.concurrent.ScheduledThreadPoolExecutor$DelayedWorkQueue.take(ScheduledThreadPoolExecutor.java:809)
        at java.util.concurrent.ThreadPoolExecutor.getTask(ThreadPoolExecutor.java:1074)
        at java.util.concurrent.ThreadPoolExecutor.runWorker(ThreadPoolExecutor.java:1134)
        at java.util.concurrent.ThreadPoolExecutor$Worker.run(ThreadPoolExecutor.java:624)
        at java.lang.Thread.run(Thread.java:750)
"IPC Server handler 16 on default port 41145" daemon prio=5 tid=73 timed_waiting
java.lang.Thread.State: TIMED_WAITING
        at sun.misc.Unsafe.park(Native Method)
        at java.util.concurrent.locks.LockSupport.parkNanos(LockSupport.java:215)
        at java.util.concurrent.locks.AbstractQueuedSynchronizer$ConditionObject.awaitNanos(AbstractQueuedSynchronizer.java:2078)
        at java.util.concurrent.LinkedBlockingQueue.poll(LinkedBlockingQueue.java:467)
        at org.apache.hadoop.ipc.CallQueueManager.take(CallQueueManager.java:317)
        at org.apache.hadoop.ipc.Server$Handler.run(Server.java:2942)
"IPC Server handler 0 on default port 41145" daemon prio=5 tid=57 timed_waiting
java.lang.Thread.State: TIMED_WAITING
        at sun.misc.Unsafe.park(Native Method)
        at java.util.concurrent.locks.LockSupport.parkNanos(LockSupport.java:215)
        at java.util.concurrent.locks.AbstractQueuedSynchronizer$ConditionObject.awaitNanos(AbstractQueuedSynchronizer.java:2078)
        at java.util.concurrent.LinkedBlockingQueue.poll(LinkedBlockingQueue.java:467)
        at org.apache.hadoop.ipc.CallQueueManager.take(CallQueueManager.java:317)
        at org.apache.hadoop.ipc.Server$Handler.run(Server.java:2942)
"58d8b8bb-cfc7-423c-ba1f-09160eea4c71@group-0252A98196AF-LeaderStateImpl" daemon prio=5 tid=884 timed_waiting
java.lang.Thread.State: TIMED_WAITING
        at sun.misc.Unsafe.park(Native Method)
        at java.util.concurrent.locks.LockSupport.parkNanos(LockSupport.java:215)
        at java.util.concurrent.locks.AbstractQueuedSynchronizer$ConditionObject.awaitNanos(AbstractQueuedSynchronizer.java:2078)
        at java.util.concurrent.ArrayBlockingQueue.poll(ArrayBlockingQueue.java:418)
        at org.apache.ratis.server.impl.LeaderStateImpl$EventQueue.poll(LeaderStateImpl.java:159)
        at org.apache.ratis.server.impl.LeaderStateImpl$EventProcessor.run(LeaderStateImpl.java:630)
"JvmPauseMonitor3" daemon prio=5 tid=437 timed_waiting
java.lang.Thread.State: TIMED_WAITING
        at java.lang.Thread.sleep(Native Method)
        at java.lang.Thread.sleep(Thread.java:342)
        at java.util.concurrent.TimeUnit.sleep(TimeUnit.java:386)
        at org.apache.ratis.util.TimeDuration.sleep(TimeDuration.java:325)
        at org.apache.ratis.util.TimeDuration.sleep(TimeDuration.java:310)
        at org.apache.ratis.util.JvmPauseMonitor.detectPause(JvmPauseMonitor.java:119)
        at org.apache.ratis.util.JvmPauseMonitor.run(JvmPauseMonitor.java:108)
        at org.apache.ratis.util.JvmPauseMonitor$$Lambda$706/1510764580.run(Unknown Source)
        at java.lang.Thread.run(Thread.java:750)
"IPC Server Responder" daemon prio=5 tid=30 runnable
java.lang.Thread.State: RUNNABLE
        at sun.nio.ch.EPollArrayWrapper.epollWait(Native Method)
        at sun.nio.ch.EPollArrayWrapper.poll(EPollArrayWrapper.java:269)
        at sun.nio.ch.EPollSelectorImpl.doSelect(EPollSelectorImpl.java:93)
        at sun.nio.ch.SelectorImpl.lockAndDoSelect(SelectorImpl.java:86)
        at sun.nio.ch.SelectorImpl.select(SelectorImpl.java:97)
        at org.apache.hadoop.ipc.Server$Responder.doRunLoop(Server.java:1532)
        at org.apache.hadoop.ipc.Server$Responder.run(Server.java:1515)
"Datanode ReportManager Thread - 0" daemon prio=5 tid=264 in Object.wait()
java.lang.Thread.State: WAITING (on object monitor)
        at sun.misc.Unsafe.park(Native Method)
        at java.util.concurrent.locks.LockSupport.park(LockSupport.java:175)
        at java.util.concurrent.locks.AbstractQueuedSynchronizer$ConditionObject.await(AbstractQueuedSynchronizer.java:2039)
        at java.util.concurrent.ScheduledThreadPoolExecutor$DelayedWorkQueue.take(ScheduledThreadPoolExecutor.java:1088)
        at java.util.concurrent.ScheduledThreadPoolExecutor$DelayedWorkQueue.take(ScheduledThreadPoolExecutor.java:809)
        at java.util.concurrent.ThreadPoolExecutor.getTask(ThreadPoolExecutor.java:1074)
        at java.util.concurrent.ThreadPoolExecutor.runWorker(ThreadPoolExecutor.java:1134)
        at java.util.concurrent.ThreadPoolExecutor$Worker.run(ThreadPoolExecutor.java:624)
        at java.lang.Thread.run(Thread.java:750)
"IPC Server idle connection scanner for port 32861" daemon prio=5 tid=33 timed_waiting
java.lang.Thread.State: TIMED_WAITING
        at java.lang.Object.wait(Native Method)
        at java.util.TimerThread.mainLoop(Timer.java:552)
        at java.util.TimerThread.run(Timer.java:505)
"EventQueue-PipelineReportForPipelineReportHandler" daemon prio=5 tid=506 in Object.wait()
java.lang.Thread.State: WAITING (on object monitor)
        at sun.misc.Unsafe.park(Native Method)
        at java.util.concurrent.locks.LockSupport.park(LockSupport.java:175)
        at java.util.concurrent.locks.AbstractQueuedSynchronizer$ConditionObject.await(AbstractQueuedSynchronizer.java:2039)
        at java.util.concurrent.LinkedBlockingQueue.take(LinkedBlockingQueue.java:442)
        at java.util.concurrent.ThreadPoolExecutor.getTask(ThreadPoolExecutor.java:1074)
        at java.util.concurrent.ThreadPoolExecutor.runWorker(ThreadPoolExecutor.java:1134)
        at java.util.concurrent.ThreadPoolExecutor$Worker.run(ThreadPoolExecutor.java:624)
        at java.lang.Thread.run(Thread.java:750)
"57b0e5c4-d4d8-463c-8999-53af98295cd0@group-0252A98196AF-StateMachineUpdater" daemon prio=5 tid=621 timed_waiting
java.lang.Thread.State: TIMED_WAITING
        at sun.misc.Unsafe.park(Native Method)
        at java.util.concurrent.locks.LockSupport.parkNanos(LockSupport.java:215)
        at java.util.concurrent.CompletableFuture$Signaller.block(CompletableFuture.java:1709)
        at java.util.concurrent.ForkJoinPool.managedBlock(ForkJoinPool.java:3323)
        at java.util.concurrent.CompletableFuture.timedGet(CompletableFuture.java:1788)
        at java.util.concurrent.CompletableFuture.get(CompletableFuture.java:1928)
        at org.apache.ratis.util.AwaitForSignal.await(AwaitForSignal.java:56)
        at org.apache.ratis.server.impl.StateMachineUpdater.waitForCommit(StateMachineUpdater.java:207)
        at org.apache.ratis.server.impl.StateMachineUpdater.run(StateMachineUpdater.java:176)
        at java.lang.Thread.run(Thread.java:750)
"qtp1596017970-230" daemon prio=5 tid=230 timed_waiting
java.lang.Thread.State: TIMED_WAITING
        at sun.misc.Unsafe.park(Native Method)
        at java.util.concurrent.locks.LockSupport.parkNanos(LockSupport.java:215)
        at java.util.concurrent.locks.AbstractQueuedSynchronizer$ConditionObject.awaitNanos(AbstractQueuedSynchronizer.java:2078)
        at org.eclipse.jetty.util.BlockingArrayQueue.poll(BlockingArrayQueue.java:382)
        at org.eclipse.jetty.util.thread.QueuedThreadPool$Runner.idleJobPoll(QueuedThreadPool.java:974)
        at org.eclipse.jetty.util.thread.QueuedThreadPool$Runner.run(QueuedThreadPool.java:1018)
        at java.lang.Thread.run(Thread.java:750)
"57b0e5c4-d4d8-463c-8999-53af98295cd0-server-thread1" daemon prio=5 tid=715 timed_waiting
java.lang.Thread.State: TIMED_WAITING
        at sun.misc.Unsafe.park(Native Method)
        at java.util.concurrent.locks.LockSupport.parkNanos(LockSupport.java:215)
        at java.util.concurrent.SynchronousQueue$TransferStack.awaitFulfill(SynchronousQueue.java:460)
        at java.util.concurrent.SynchronousQueue$TransferStack.transfer(SynchronousQueue.java:362)
        at java.util.concurrent.SynchronousQueue.poll(SynchronousQueue.java:941)
        at java.util.concurrent.ThreadPoolExecutor.getTask(ThreadPoolExecutor.java:1073)
        at java.util.concurrent.ThreadPoolExecutor.runWorker(ThreadPoolExecutor.java:1134)
        at java.util.concurrent.ThreadPoolExecutor$Worker.run(ThreadPoolExecutor.java:624)
        at java.lang.Thread.run(Thread.java:750)
"Datanode State Machine Daemon Thread" daemon prio=5 tid=263 timed_waiting
java.lang.Thread.State: TIMED_WAITING
        at java.lang.Thread.sleep(Native Method)
        at org.apache.hadoop.ozone.container.common.statemachine.DatanodeStateMachine.startStateMachineThread(DatanodeStateMachine.java:321)
        at org.apache.hadoop.ozone.container.common.statemachine.DatanodeStateMachine.lambda$startDaemon$0(DatanodeStateMachine.java:506)
        at org.apache.hadoop.ozone.container.common.statemachine.DatanodeStateMachine$$Lambda$750/1660784802.run(Unknown Source)
        at java.lang.Thread.run(Thread.java:750)
"ChunkWriter-1-0" daemon prio=5 tid=354 in Object.wait()
java.lang.Thread.State: WAITING (on object monitor)
        at sun.misc.Unsafe.park(Native Method)
        at java.util.concurrent.locks.LockSupport.park(LockSupport.java:175)
        at java.util.concurrent.locks.AbstractQueuedSynchronizer$ConditionObject.await(AbstractQueuedSynchronizer.java:2039)
        at java.util.concurrent.LinkedBlockingDeque.takeFirst(LinkedBlockingDeque.java:492)
        at java.util.concurrent.LinkedBlockingDeque.take(LinkedBlockingDeque.java:680)
        at java.util.concurrent.ThreadPoolExecutor.getTask(ThreadPoolExecutor.java:1074)
        at java.util.concurrent.ThreadPoolExecutor.runWorker(ThreadPoolExecutor.java:1134)
        at java.util.concurrent.ThreadPoolExecutor$Worker.run(ThreadPoolExecutor.java:624)
        at java.lang.Thread.run(Thread.java:750)
"BlockDeletingService#2" daemon prio=5 tid=907 in Object.wait()
java.lang.Thread.State: WAITING (on object monitor)
        at sun.misc.Unsafe.park(Native Method)
        at java.util.concurrent.locks.LockSupport.park(LockSupport.java:175)
        at java.util.concurrent.locks.AbstractQueuedSynchronizer$ConditionObject.await(AbstractQueuedSynchronizer.java:2039)
        at java.util.concurrent.ScheduledThreadPoolExecutor$DelayedWorkQueue.take(ScheduledThreadPoolExecutor.java:1088)
        at java.util.concurrent.ScheduledThreadPoolExecutor$DelayedWorkQueue.take(ScheduledThreadPoolExecutor.java:809)
        at java.util.concurrent.ThreadPoolExecutor.getTask(ThreadPoolExecutor.java:1074)
        at java.util.concurrent.ThreadPoolExecutor.runWorker(ThreadPoolExecutor.java:1134)
        at java.util.concurrent.ThreadPoolExecutor$Worker.run(ThreadPoolExecutor.java:624)
        at java.lang.Thread.run(Thread.java:750)
"StaleRecoveringContainerScrubbingService#1" daemon prio=5 tid=487 timed_waiting
java.lang.Thread.State: TIMED_WAITING
        at sun.misc.Unsafe.park(Native Method)
        at java.util.concurrent.locks.LockSupport.parkNanos(LockSupport.java:215)
        at java.util.concurrent.locks.AbstractQueuedSynchronizer$ConditionObject.awaitNanos(AbstractQueuedSynchronizer.java:2078)
        at java.util.concurrent.ScheduledThreadPoolExecutor$DelayedWorkQueue.take(ScheduledThreadPoolExecutor.java:1093)
        at java.util.concurrent.ScheduledThreadPoolExecutor$DelayedWorkQueue.take(ScheduledThreadPoolExecutor.java:809)
        at java.util.concurrent.ThreadPoolExecutor.getTask(ThreadPoolExecutor.java:1074)
        at java.util.concurrent.ThreadPoolExecutor.runWorker(ThreadPoolExecutor.java:1134)
        at java.util.concurrent.ThreadPoolExecutor$Worker.run(ThreadPoolExecutor.java:624)
        at java.lang.Thread.run(Thread.java:750)
"IPC Server handler 6 on default port 41145" daemon prio=5 tid=63 timed_waiting
java.lang.Thread.State: TIMED_WAITING
        at sun.misc.Unsafe.park(Native Method)
        at java.util.concurrent.locks.LockSupport.parkNanos(LockSupport.java:215)
        at java.util.concurrent.locks.AbstractQueuedSynchronizer$ConditionObject.awaitNanos(AbstractQueuedSynchronizer.java:2078)
        at java.util.concurrent.LinkedBlockingQueue.poll(LinkedBlockingQueue.java:467)
        at org.apache.hadoop.ipc.CallQueueManager.take(CallQueueManager.java:317)
        at org.apache.hadoop.ipc.Server$Handler.run(Server.java:2942)
"JvmPauseMonitor6" daemon prio=5 tid=495 timed_waiting
java.lang.Thread.State: TIMED_WAITING
        at java.lang.Thread.sleep(Native Method)
        at java.lang.Thread.sleep(Thread.java:342)
        at java.util.concurrent.TimeUnit.sleep(TimeUnit.java:386)
        at org.apache.ratis.util.TimeDuration.sleep(TimeDuration.java:325)
        at org.apache.ratis.util.TimeDuration.sleep(TimeDuration.java:310)
        at org.apache.ratis.util.JvmPauseMonitor.detectPause(JvmPauseMonitor.java:119)
        at org.apache.ratis.util.JvmPauseMonitor.run(JvmPauseMonitor.java:108)
        at org.apache.ratis.util.JvmPauseMonitor$$Lambda$706/1510764580.run(Unknown Source)
        at java.lang.Thread.run(Thread.java:750)
"ChunkReader-0" daemon prio=5 tid=761 in Object.wait()
java.lang.Thread.State: WAITING (on object monitor)
        at sun.misc.Unsafe.park(Native Method)
        at java.util.concurrent.locks.LockSupport.park(LockSupport.java:175)
        at java.util.concurrent.locks.AbstractQueuedSynchronizer$ConditionObject.await(AbstractQueuedSynchronizer.java:2039)
        at java.util.concurrent.LinkedBlockingQueue.take(LinkedBlockingQueue.java:442)
        at java.util.concurrent.ThreadPoolExecutor.getTask(ThreadPoolExecutor.java:1074)
        at java.util.concurrent.ThreadPoolExecutor.runWorker(ThreadPoolExecutor.java:1134)
        at java.util.concurrent.ThreadPoolExecutor$Worker.run(ThreadPoolExecutor.java:624)
        at java.lang.Thread.run(Thread.java:750)
"org.apache.hadoop.ozone.container.common.statemachine.commandhandler.DeleteBlocksCommandHandler$DeleteCmdWorker@2c79d050" daemon prio=5 tid=278 timed_waiting
java.lang.Thread.State: TIMED_WAITING
        at java.lang.Thread.sleep(Native Method)
        at org.apache.hadoop.ozone.container.common.statemachine.commandhandler.DeleteBlocksCommandHandler$DeleteCmdWorker.run(DeleteBlocksCommandHandler.java:183)
        at java.lang.Thread.run(Thread.java:750)
"PartialTableCache Cleanup Thread - 0" daemon prio=5 tid=754 in Object.wait()
java.lang.Thread.State: WAITING (on object monitor)
        at sun.misc.Unsafe.park(Native Method)
        at java.util.concurrent.locks.LockSupport.park(LockSupport.java:175)
        at java.util.concurrent.locks.AbstractQueuedSynchronizer$ConditionObject.await(AbstractQueuedSynchronizer.java:2039)
        at java.util.concurrent.LinkedBlockingQueue.take(LinkedBlockingQueue.java:442)
        at java.util.concurrent.ThreadPoolExecutor.getTask(ThreadPoolExecutor.java:1074)
        at java.util.concurrent.ThreadPoolExecutor.runWorker(ThreadPoolExecutor.java:1134)
        at java.util.concurrent.ThreadPoolExecutor$Worker.run(ThreadPoolExecutor.java:624)
        at java.lang.Thread.run(Thread.java:750)
"qtp703849415-142" daemon prio=5 tid=142 timed_waiting
java.lang.Thread.State: TIMED_WAITING
        at sun.misc.Unsafe.park(Native Method)
        at java.util.concurrent.locks.LockSupport.parkNanos(LockSupport.java:215)
        at java.util.concurrent.locks.AbstractQueuedSynchronizer$ConditionObject.awaitNanos(AbstractQueuedSynchronizer.java:2078)
        at org.eclipse.jetty.util.BlockingArrayQueue.poll(BlockingArrayQueue.java:382)
        at org.eclipse.jetty.util.thread.QueuedThreadPool$Runner.idleJobPoll(QueuedThreadPool.java:974)
        at org.eclipse.jetty.util.thread.QueuedThreadPool$Runner.run(QueuedThreadPool.java:1018)
        at java.lang.Thread.run(Thread.java:750)
"IPC Server handler 0 on default port 32861" daemon prio=5 tid=37 timed_waiting
java.lang.Thread.State: TIMED_WAITING
        at sun.misc.Unsafe.park(Native Method)
        at java.util.concurrent.locks.LockSupport.parkNanos(LockSupport.java:215)
        at java.util.concurrent.locks.AbstractQueuedSynchronizer$ConditionObject.awaitNanos(AbstractQueuedSynchronizer.java:2078)
        at java.util.concurrent.LinkedBlockingQueue.poll(LinkedBlockingQueue.java:467)
        at org.apache.hadoop.ipc.CallQueueManager.take(CallQueueManager.java:317)
        at org.apache.hadoop.ipc.Server$Handler.run(Server.java:2942)
"IPC Server handler 5 on default port 42013" daemon prio=5 tid=149 timed_waiting
java.lang.Thread.State: TIMED_WAITING
        at sun.misc.Unsafe.park(Native Method)
        at java.util.concurrent.locks.LockSupport.parkNanos(LockSupport.java:215)
        at java.util.concurrent.locks.AbstractQueuedSynchronizer$ConditionObject.awaitNanos(AbstractQueuedSynchronizer.java:2078)
        at java.util.concurrent.LinkedBlockingQueue.poll(LinkedBlockingQueue.java:467)
        at org.apache.hadoop.ipc.CallQueueManager.take(CallQueueManager.java:317)
        at org.apache.hadoop.ipc.Server$Handler.run(Server.java:2942)
"db967a0c-fd65-4f5b-99fe-08eeaf937185@group-C5655235CD35-FollowerState" daemon prio=5 tid=863 timed_waiting
java.lang.Thread.State: TIMED_WAITING
        at java.lang.Thread.sleep(Native Method)
        at java.lang.Thread.sleep(Thread.java:342)
        at java.util.concurrent.TimeUnit.sleep(TimeUnit.java:386)
        at org.apache.ratis.util.TimeDuration.sleep(TimeDuration.java:325)
        at org.apache.ratis.util.TimeDuration.sleep(TimeDuration.java:310)
        at org.apache.ratis.server.impl.FollowerState.run(FollowerState.java:128)
"org.apache.hadoop.ozone.container.common.statemachine.commandhandler.DeleteBlocksCommandHandler$DeleteCmdWorker@50a431b" daemon prio=5 tid=369 timed_waiting
java.lang.Thread.State: TIMED_WAITING
        at java.lang.Thread.sleep(Native Method)
        at org.apache.hadoop.ozone.container.common.statemachine.commandhandler.DeleteBlocksCommandHandler$DeleteCmdWorker.run(DeleteBlocksCommandHandler.java:183)
        at java.lang.Thread.run(Thread.java:750)
"timer2" daemon prio=5 tid=714 timed_waiting
java.lang.Thread.State: TIMED_WAITING
        at java.lang.Object.wait(Native Method)
        at java.util.TimerThread.mainLoop(Timer.java:552)
        at java.util.TimerThread.run(Timer.java:505)
"IPC Server handler 17 on default port 41145" daemon prio=5 tid=74 timed_waiting
java.lang.Thread.State: TIMED_WAITING
        at sun.misc.Unsafe.park(Native Method)
        at java.util.concurrent.locks.LockSupport.parkNanos(LockSupport.java:215)
        at java.util.concurrent.locks.AbstractQueuedSynchronizer$ConditionObject.awaitNanos(AbstractQueuedSynchronizer.java:2078)
        at java.util.concurrent.LinkedBlockingQueue.poll(LinkedBlockingQueue.java:467)
        at org.apache.hadoop.ipc.CallQueueManager.take(CallQueueManager.java:317)
        at org.apache.hadoop.ipc.Server$Handler.run(Server.java:2942)
"org.apache.hadoop.util.JvmPauseMonitor$Monitor@18261150" daemon prio=5 tid=475 timed_waiting
java.lang.Thread.State: TIMED_WAITING
        at java.lang.Thread.sleep(Native Method)
        at org.apache.hadoop.util.JvmPauseMonitor$Monitor.run(JvmPauseMonitor.java:192)
        at java.lang.Thread.run(Thread.java:750)
"edb0f50d-ef97-4088-a20b-1c61b9a9d6ec@group-0252A98196AF-StateMachineUpdater" daemon prio=5 tid=612 timed_waiting
java.lang.Thread.State: TIMED_WAITING
        at sun.misc.Unsafe.park(Native Method)
        at java.util.concurrent.locks.LockSupport.parkNanos(LockSupport.java:215)
        at java.util.concurrent.CompletableFuture$Signaller.block(CompletableFuture.java:1709)
        at java.util.concurrent.ForkJoinPool.managedBlock(ForkJoinPool.java:3323)
        at java.util.concurrent.CompletableFuture.timedGet(CompletableFuture.java:1788)
        at java.util.concurrent.CompletableFuture.get(CompletableFuture.java:1928)
        at org.apache.ratis.util.AwaitForSignal.await(AwaitForSignal.java:56)
        at org.apache.ratis.server.impl.StateMachineUpdater.waitForCommit(StateMachineUpdater.java:207)
        at org.apache.ratis.server.impl.StateMachineUpdater.run(StateMachineUpdater.java:176)
        at java.lang.Thread.run(Thread.java:750)
"ChunkWriter-0-0" daemon prio=5 tid=391 in Object.wait()
java.lang.Thread.State: WAITING (on object monitor)
        at sun.misc.Unsafe.park(Native Method)
        at java.util.concurrent.locks.LockSupport.park(LockSupport.java:175)
        at java.util.concurrent.locks.AbstractQueuedSynchronizer$ConditionObject.await(AbstractQueuedSynchronizer.java:2039)
        at java.util.concurrent.LinkedBlockingDeque.takeFirst(LinkedBlockingDeque.java:492)
        at java.util.concurrent.LinkedBlockingDeque.take(LinkedBlockingDeque.java:680)
        at java.util.concurrent.ThreadPoolExecutor.getTask(ThreadPoolExecutor.java:1074)
        at java.util.concurrent.ThreadPoolExecutor.runWorker(ThreadPoolExecutor.java:1134)
        at java.util.concurrent.ThreadPoolExecutor$Worker.run(ThreadPoolExecutor.java:624)
        at java.lang.Thread.run(Thread.java:750)
"qtp1596017970-229-acceptor-0@28f03905-ServerConnector@150dec7b{HTTP/1.1, (http/1.1)}{0.0.0.0:41735}" daemon prio=3 tid=229 runnable
java.lang.Thread.State: RUNNABLE
        at sun.nio.ch.ServerSocketChannelImpl.accept0(Native Method)
        at sun.nio.ch.ServerSocketChannelImpl.accept(ServerSocketChannelImpl.java:421)
        at sun.nio.ch.ServerSocketChannelImpl.accept(ServerSocketChannelImpl.java:249)
        at org.eclipse.jetty.server.ServerConnector.accept(ServerConnector.java:388)
        at org.eclipse.jetty.server.AbstractConnector$Acceptor.run(AbstractConnector.java:704)
        at org.eclipse.jetty.util.thread.QueuedThreadPool.runJob(QueuedThreadPool.java:883)
        at org.eclipse.jetty.util.thread.QueuedThreadPool$Runner.run(QueuedThreadPool.java:1034)
        at java.lang.Thread.run(Thread.java:750)
"IPC Server listener on 0" daemon prio=5 tid=120 runnable
java.lang.Thread.State: RUNNABLE
        at sun.nio.ch.EPollArrayWrapper.epollWait(Native Method)
        at sun.nio.ch.EPollArrayWrapper.poll(EPollArrayWrapper.java:269)
        at sun.nio.ch.EPollSelectorImpl.doSelect(EPollSelectorImpl.java:93)
        at sun.nio.ch.SelectorImpl.lockAndDoSelect(SelectorImpl.java:86)
        at sun.nio.ch.SelectorImpl.select(SelectorImpl.java:97)
        at sun.nio.ch.SelectorImpl.select(SelectorImpl.java:101)
        at org.apache.hadoop.ipc.Server$Listener.run(Server.java:1358)
"IPC Server handler 0 on default port 42013" daemon prio=5 tid=144 timed_waiting
java.lang.Thread.State: TIMED_WAITING
        at sun.misc.Unsafe.park(Native Method)
        at java.util.concurrent.locks.LockSupport.parkNanos(LockSupport.java:215)
        at java.util.concurrent.locks.AbstractQueuedSynchronizer$ConditionObject.awaitNanos(AbstractQueuedSynchronizer.java:2078)
        at java.util.concurrent.LinkedBlockingQueue.poll(LinkedBlockingQueue.java:467)
        at org.apache.hadoop.ipc.CallQueueManager.take(CallQueueManager.java:317)
        at org.apache.hadoop.ipc.Server$Handler.run(Server.java:2942)
"Datanode State Machine Task Thread - 1"  prio=5 tid=477 in Object.wait()
java.lang.Thread.State: WAITING (on object monitor)
        at sun.misc.Unsafe.park(Native Method)
        at java.util.concurrent.locks.LockSupport.park(LockSupport.java:175)
        at java.util.concurrent.locks.AbstractQueuedSynchronizer$ConditionObject.await(AbstractQueuedSynchronizer.java:2039)
        at java.util.concurrent.LinkedBlockingQueue.take(LinkedBlockingQueue.java:442)
        at java.util.concurrent.ThreadPoolExecutor.getTask(ThreadPoolExecutor.java:1074)
        at java.util.concurrent.ThreadPoolExecutor.runWorker(ThreadPoolExecutor.java:1134)
        at java.util.concurrent.ThreadPoolExecutor$Worker.run(ThreadPoolExecutor.java:624)
        at java.lang.Thread.run(Thread.java:750)
"IPC Client (318771502) connection to 0.0.0.0/0.0.0.0:35291 from runner" daemon prio=5 tid=343 timed_waiting
java.lang.Thread.State: TIMED_WAITING
        at java.lang.Object.wait(Native Method)
        at org.apache.hadoop.ipc.Client$Connection.waitForWork(Client.java:1086)
        at org.apache.hadoop.ipc.Client$Connection.run(Client.java:1133)
"Socket Reader #1 for port 0"  prio=5 tid=28 runnable
java.lang.Thread.State: RUNNABLE
        at sun.nio.ch.EPollArrayWrapper.epollWait(Native Method)
        at sun.nio.ch.EPollArrayWrapper.poll(EPollArrayWrapper.java:269)
        at sun.nio.ch.EPollSelectorImpl.doSelect(EPollSelectorImpl.java:93)
        at sun.nio.ch.SelectorImpl.lockAndDoSelect(SelectorImpl.java:86)
        at sun.nio.ch.SelectorImpl.select(SelectorImpl.java:97)
        at sun.nio.ch.SelectorImpl.select(SelectorImpl.java:101)
        at org.apache.hadoop.ipc.Server$Listener$Reader.doRunLoop(Server.java:1296)
        at org.apache.hadoop.ipc.Server$Listener$Reader.run(Server.java:1275)
"IPC Server Responder" daemon prio=5 tid=34 runnable
java.lang.Thread.State: RUNNABLE
        at sun.nio.ch.EPollArrayWrapper.epollWait(Native Method)
        at sun.nio.ch.EPollArrayWrapper.poll(EPollArrayWrapper.java:269)
        at sun.nio.ch.EPollSelectorImpl.doSelect(EPollSelectorImpl.java:93)
        at sun.nio.ch.SelectorImpl.lockAndDoSelect(SelectorImpl.java:86)
        at sun.nio.ch.SelectorImpl.select(SelectorImpl.java:97)
        at org.apache.hadoop.ipc.Server$Responder.doRunLoop(Server.java:1532)
        at org.apache.hadoop.ipc.Server$Responder.run(Server.java:1515)
"Datanode ReportManager Thread - 2" daemon prio=5 tid=292 in Object.wait()
java.lang.Thread.State: WAITING (on object monitor)
        at sun.misc.Unsafe.park(Native Method)
        at java.util.concurrent.locks.LockSupport.park(LockSupport.java:175)
        at java.util.concurrent.locks.AbstractQueuedSynchronizer$ConditionObject.await(AbstractQueuedSynchronizer.java:2039)
        at java.util.concurrent.ScheduledThreadPoolExecutor$DelayedWorkQueue.take(ScheduledThreadPoolExecutor.java:1088)
        at java.util.concurrent.ScheduledThreadPoolExecutor$DelayedWorkQueue.take(ScheduledThreadPoolExecutor.java:809)
        at java.util.concurrent.ThreadPoolExecutor.getTask(ThreadPoolExecutor.java:1074)
        at java.util.concurrent.ThreadPoolExecutor.runWorker(ThreadPoolExecutor.java:1134)
        at java.util.concurrent.ThreadPoolExecutor$Worker.run(ThreadPoolExecutor.java:624)
        at java.lang.Thread.run(Thread.java:750)
"grpc-default-worker-ELG-3-1" daemon prio=5 tid=568 runnable
java.lang.Thread.State: RUNNABLE
        at org.apache.ratis.thirdparty.io.netty.channel.epoll.Native.epollWait0(Native Method)
        at org.apache.ratis.thirdparty.io.netty.channel.epoll.Native.epollWait(Native.java:182)
        at org.apache.ratis.thirdparty.io.netty.channel.epoll.EpollEventLoop.epollWait(EpollEventLoop.java:290)
        at org.apache.ratis.thirdparty.io.netty.channel.epoll.EpollEventLoop.run(EpollEventLoop.java:354)
        at org.apache.ratis.thirdparty.io.netty.util.concurrent.SingleThreadEventExecutor$4.run(SingleThreadEventExecutor.java:995)
        at org.apache.ratis.thirdparty.io.netty.util.internal.ThreadExecutorMap$2.run(ThreadExecutorMap.java:74)
        at org.apache.ratis.thirdparty.io.netty.util.concurrent.FastThreadLocalRunnable.run(FastThreadLocalRunnable.java:30)
        at java.lang.Thread.run(Thread.java:750)
"pool-59-thread-1"  prio=5 tid=134 timed_waiting
java.lang.Thread.State: TIMED_WAITING
        at sun.misc.Unsafe.park(Native Method)
        at java.util.concurrent.locks.LockSupport.parkNanos(LockSupport.java:215)
        at java.util.concurrent.locks.AbstractQueuedSynchronizer$ConditionObject.awaitNanos(AbstractQueuedSynchronizer.java:2078)
        at java.util.concurrent.ScheduledThreadPoolExecutor$DelayedWorkQueue.take(ScheduledThreadPoolExecutor.java:1093)
        at java.util.concurrent.ScheduledThreadPoolExecutor$DelayedWorkQueue.take(ScheduledThreadPoolExecutor.java:809)
        at java.util.concurrent.ThreadPoolExecutor.getTask(ThreadPoolExecutor.java:1074)
        at java.util.concurrent.ThreadPoolExecutor.runWorker(ThreadPoolExecutor.java:1134)
        at java.util.concurrent.ThreadPoolExecutor$Worker.run(ThreadPoolExecutor.java:624)
        at java.lang.Thread.run(Thread.java:750)
"Datanode ReportManager Thread - 4" daemon prio=5 tid=385 in Object.wait()
java.lang.Thread.State: WAITING (on object monitor)
        at sun.misc.Unsafe.park(Native Method)
        at java.util.concurrent.locks.LockSupport.park(LockSupport.java:175)
        at java.util.concurrent.locks.AbstractQueuedSynchronizer$ConditionObject.await(AbstractQueuedSynchronizer.java:2039)
        at java.util.concurrent.ScheduledThreadPoolExecutor$DelayedWorkQueue.take(ScheduledThreadPoolExecutor.java:1088)
        at java.util.concurrent.ScheduledThreadPoolExecutor$DelayedWorkQueue.take(ScheduledThreadPoolExecutor.java:809)
        at java.util.concurrent.ThreadPoolExecutor.getTask(ThreadPoolExecutor.java:1074)
        at java.util.concurrent.ThreadPoolExecutor.runWorker(ThreadPoolExecutor.java:1134)
        at java.util.concurrent.ThreadPoolExecutor$Worker.run(ThreadPoolExecutor.java:624)
        at java.lang.Thread.run(Thread.java:750)
"db967a0c-fd65-4f5b-99fe-08eeaf937185-server-thread3" daemon prio=5 tid=872 timed_waiting
java.lang.Thread.State: TIMED_WAITING
        at sun.misc.Unsafe.park(Native Method)
        at java.util.concurrent.locks.LockSupport.parkNanos(LockSupport.java:215)
        at java.util.concurrent.SynchronousQueue$TransferStack.awaitFulfill(SynchronousQueue.java:460)
        at java.util.concurrent.SynchronousQueue$TransferStack.transfer(SynchronousQueue.java:362)
        at java.util.concurrent.SynchronousQueue.poll(SynchronousQueue.java:941)
        at java.util.concurrent.ThreadPoolExecutor.getTask(ThreadPoolExecutor.java:1073)
        at java.util.concurrent.ThreadPoolExecutor.runWorker(ThreadPoolExecutor.java:1134)
        at java.util.concurrent.ThreadPoolExecutor$Worker.run(ThreadPoolExecutor.java:624)
        at java.lang.Thread.run(Thread.java:750)
"StaleRecoveringContainerScrubbingService#1" daemon prio=5 tid=558 timed_waiting
java.lang.Thread.State: TIMED_WAITING
        at sun.misc.Unsafe.park(Native Method)
        at java.util.concurrent.locks.LockSupport.parkNanos(LockSupport.java:215)
        at java.util.concurrent.locks.AbstractQueuedSynchronizer$ConditionObject.awaitNanos(AbstractQueuedSynchronizer.java:2078)
        at java.util.concurrent.ScheduledThreadPoolExecutor$DelayedWorkQueue.take(ScheduledThreadPoolExecutor.java:1093)
        at java.util.concurrent.ScheduledThreadPoolExecutor$DelayedWorkQueue.take(ScheduledThreadPoolExecutor.java:809)
        at java.util.concurrent.ThreadPoolExecutor.getTask(ThreadPoolExecutor.java:1074)
        at java.util.concurrent.ThreadPoolExecutor.runWorker(ThreadPoolExecutor.java:1134)
        at java.util.concurrent.ThreadPoolExecutor$Worker.run(ThreadPoolExecutor.java:624)
        at java.lang.Thread.run(Thread.java:750)
"Session-HouseKeeper-4e7215a3-1"  prio=5 tid=379 timed_waiting
java.lang.Thread.State: TIMED_WAITING
        at sun.misc.Unsafe.park(Native Method)
        at java.util.concurrent.locks.LockSupport.parkNanos(LockSupport.java:215)
        at java.util.concurrent.locks.AbstractQueuedSynchronizer$ConditionObject.awaitNanos(AbstractQueuedSynchronizer.java:2078)
        at java.util.concurrent.ScheduledThreadPoolExecutor$DelayedWorkQueue.take(ScheduledThreadPoolExecutor.java:1093)
        at java.util.concurrent.ScheduledThreadPoolExecutor$DelayedWorkQueue.take(ScheduledThreadPoolExecutor.java:809)
        at java.util.concurrent.ThreadPoolExecutor.getTask(ThreadPoolExecutor.java:1074)
        at java.util.concurrent.ThreadPoolExecutor.runWorker(ThreadPoolExecutor.java:1134)
        at java.util.concurrent.ThreadPoolExecutor$Worker.run(ThreadPoolExecutor.java:624)
        at java.lang.Thread.run(Thread.java:750)
"Session-HouseKeeper-47be1b38-1"  prio=5 tid=262 timed_waiting
java.lang.Thread.State: TIMED_WAITING
        at sun.misc.Unsafe.park(Native Method)
        at java.util.concurrent.locks.LockSupport.parkNanos(LockSupport.java:215)
        at java.util.concurrent.locks.AbstractQueuedSynchronizer$ConditionObject.awaitNanos(AbstractQueuedSynchronizer.java:2078)
        at java.util.concurrent.ScheduledThreadPoolExecutor$DelayedWorkQueue.take(ScheduledThreadPoolExecutor.java:1093)
        at java.util.concurrent.ScheduledThreadPoolExecutor$DelayedWorkQueue.take(ScheduledThreadPoolExecutor.java:809)
        at java.util.concurrent.ThreadPoolExecutor.getTask(ThreadPoolExecutor.java:1074)
        at java.util.concurrent.ThreadPoolExecutor.runWorker(ThreadPoolExecutor.java:1134)
        at java.util.concurrent.ThreadPoolExecutor$Worker.run(ThreadPoolExecutor.java:624)
        at java.lang.Thread.run(Thread.java:750)
"ChunkReader-2" daemon prio=5 tid=776 in Object.wait()
java.lang.Thread.State: WAITING (on object monitor)
        at sun.misc.Unsafe.park(Native Method)
        at java.util.concurrent.locks.LockSupport.park(LockSupport.java:175)
        at java.util.concurrent.locks.AbstractQueuedSynchronizer$ConditionObject.await(AbstractQueuedSynchronizer.java:2039)
        at java.util.concurrent.LinkedBlockingQueue.take(LinkedBlockingQueue.java:442)
        at java.util.concurrent.ThreadPoolExecutor.getTask(ThreadPoolExecutor.java:1074)
        at java.util.concurrent.ThreadPoolExecutor.runWorker(ThreadPoolExecutor.java:1134)
        at java.util.concurrent.ThreadPoolExecutor$Worker.run(ThreadPoolExecutor.java:624)
        at java.lang.Thread.run(Thread.java:750)
"EndpointStateMachine task thread for /0.0.0.0:35291 - 0 "  prio=5 tid=478 in Object.wait()
java.lang.Thread.State: WAITING (on object monitor)
        at sun.misc.Unsafe.park(Native Method)
        at java.util.concurrent.locks.LockSupport.park(LockSupport.java:175)
        at java.util.concurrent.locks.AbstractQueuedSynchronizer$ConditionObject.await(AbstractQueuedSynchronizer.java:2039)
        at java.util.concurrent.LinkedBlockingQueue.take(LinkedBlockingQueue.java:442)
        at java.util.concurrent.ThreadPoolExecutor.getTask(ThreadPoolExecutor.java:1074)
        at java.util.concurrent.ThreadPoolExecutor.runWorker(ThreadPoolExecutor.java:1134)
        at java.util.concurrent.ThreadPoolExecutor$Worker.run(ThreadPoolExecutor.java:624)
        at java.lang.Thread.run(Thread.java:750)
"qtp1266321027-412" daemon prio=5 tid=412 timed_waiting
java.lang.Thread.State: TIMED_WAITING
        at sun.misc.Unsafe.park(Native Method)
        at java.util.concurrent.locks.LockSupport.parkNanos(LockSupport.java:215)
        at java.util.concurrent.locks.AbstractQueuedSynchronizer$ConditionObject.awaitNanos(AbstractQueuedSynchronizer.java:2078)
        at org.eclipse.jetty.util.BlockingArrayQueue.poll(BlockingArrayQueue.java:382)
        at org.eclipse.jetty.util.thread.QueuedThreadPool$Runner.idleJobPoll(QueuedThreadPool.java:974)
        at org.eclipse.jetty.util.thread.QueuedThreadPool$Runner.run(QueuedThreadPool.java:1018)
        at java.lang.Thread.run(Thread.java:750)
"org.apache.hadoop.util.JvmPauseMonitor$Monitor@4f943f87" daemon prio=5 tid=270 timed_waiting
java.lang.Thread.State: TIMED_WAITING
        at java.lang.Thread.sleep(Native Method)
        at org.apache.hadoop.util.JvmPauseMonitor$Monitor.run(JvmPauseMonitor.java:192)
        at java.lang.Thread.run(Thread.java:750)
"StaleRecoveringContainerScrubbingService#2" daemon prio=5 tid=914 in Object.wait()
java.lang.Thread.State: WAITING (on object monitor)
        at sun.misc.Unsafe.park(Native Method)
        at java.util.concurrent.locks.LockSupport.park(LockSupport.java:175)
        at java.util.concurrent.locks.AbstractQueuedSynchronizer$ConditionObject.await(AbstractQueuedSynchronizer.java:2039)
        at java.util.concurrent.ScheduledThreadPoolExecutor$DelayedWorkQueue.take(ScheduledThreadPoolExecutor.java:1088)
        at java.util.concurrent.ScheduledThreadPoolExecutor$DelayedWorkQueue.take(ScheduledThreadPoolExecutor.java:809)
        at java.util.concurrent.ThreadPoolExecutor.getTask(ThreadPoolExecutor.java:1074)
        at java.util.concurrent.ThreadPoolExecutor.runWorker(ThreadPoolExecutor.java:1134)
        at java.util.concurrent.ThreadPoolExecutor$Worker.run(ThreadPoolExecutor.java:624)
        at java.lang.Thread.run(Thread.java:750)
"qtp1072341683-311" daemon prio=5 tid=311 timed_waiting
java.lang.Thread.State: TIMED_WAITING
        at sun.misc.Unsafe.park(Native Method)
        at java.util.concurrent.locks.LockSupport.parkNanos(LockSupport.java:215)
        at java.util.concurrent.locks.AbstractQueuedSynchronizer$ConditionObject.awaitNanos(AbstractQueuedSynchronizer.java:2078)
        at org.eclipse.jetty.util.BlockingArrayQueue.poll(BlockingArrayQueue.java:382)
        at org.eclipse.jetty.util.thread.QueuedThreadPool$Runner.idleJobPoll(QueuedThreadPool.java:974)
        at org.eclipse.jetty.util.thread.QueuedThreadPool$Runner.run(QueuedThreadPool.java:1018)
        at java.lang.Thread.run(Thread.java:750)
"StaleRecoveringContainerScrubbingService#1" daemon prio=5 tid=467 timed_waiting
java.lang.Thread.State: TIMED_WAITING
        at sun.misc.Unsafe.park(Native Method)
        at java.util.concurrent.locks.LockSupport.parkNanos(LockSupport.java:215)
        at java.util.concurrent.locks.AbstractQueuedSynchronizer$ConditionObject.awaitNanos(AbstractQueuedSynchronizer.java:2078)
        at java.util.concurrent.ScheduledThreadPoolExecutor$DelayedWorkQueue.take(ScheduledThreadPoolExecutor.java:1093)
        at java.util.concurrent.ScheduledThreadPoolExecutor$DelayedWorkQueue.take(ScheduledThreadPoolExecutor.java:809)
        at java.util.concurrent.ThreadPoolExecutor.getTask(ThreadPoolExecutor.java:1074)
        at java.util.concurrent.ThreadPoolExecutor.runWorker(ThreadPoolExecutor.java:1134)
        at java.util.concurrent.ThreadPoolExecutor$Worker.run(ThreadPoolExecutor.java:624)
        at java.lang.Thread.run(Thread.java:750)
"pool-187-thread-1"  prio=5 tid=618 in Object.wait()
java.lang.Thread.State: WAITING (on object monitor)
        at sun.misc.Unsafe.park(Native Method)
        at java.util.concurrent.locks.LockSupport.park(LockSupport.java:175)
        at java.util.concurrent.locks.AbstractQueuedSynchronizer$ConditionObject.await(AbstractQueuedSynchronizer.java:2039)
        at java.util.concurrent.LinkedBlockingQueue.take(LinkedBlockingQueue.java:442)
        at java.util.concurrent.ThreadPoolExecutor.getTask(ThreadPoolExecutor.java:1074)
        at java.util.concurrent.ThreadPoolExecutor.runWorker(ThreadPoolExecutor.java:1134)
        at java.util.concurrent.ThreadPoolExecutor$Worker.run(ThreadPoolExecutor.java:624)
        at java.lang.Thread.run(Thread.java:750)
"ChunkWriter-2-0" daemon prio=5 tid=355 in Object.wait()
java.lang.Thread.State: WAITING (on object monitor)
        at sun.misc.Unsafe.park(Native Method)
        at java.util.concurrent.locks.LockSupport.park(LockSupport.java:175)
        at java.util.concurrent.locks.AbstractQueuedSynchronizer$ConditionObject.await(AbstractQueuedSynchronizer.java:2039)
        at java.util.concurrent.LinkedBlockingDeque.takeFirst(LinkedBlockingDeque.java:492)
        at java.util.concurrent.LinkedBlockingDeque.take(LinkedBlockingDeque.java:680)
        at java.util.concurrent.ThreadPoolExecutor.getTask(ThreadPoolExecutor.java:1074)
        at java.util.concurrent.ThreadPoolExecutor.runWorker(ThreadPoolExecutor.java:1134)
        at java.util.concurrent.ThreadPoolExecutor$Worker.run(ThreadPoolExecutor.java:624)
        at java.lang.Thread.run(Thread.java:750)
"Datanode ReportManager Thread - 3" daemon prio=5 tid=267 in Object.wait()
java.lang.Thread.State: WAITING (on object monitor)
        at sun.misc.Unsafe.park(Native Method)
        at java.util.concurrent.locks.LockSupport.park(LockSupport.java:175)
        at java.util.concurrent.locks.AbstractQueuedSynchronizer$ConditionObject.await(AbstractQueuedSynchronizer.java:2039)
        at java.util.concurrent.ScheduledThreadPoolExecutor$DelayedWorkQueue.take(ScheduledThreadPoolExecutor.java:1088)
        at java.util.concurrent.ScheduledThreadPoolExecutor$DelayedWorkQueue.take(ScheduledThreadPoolExecutor.java:809)
        at java.util.concurrent.ThreadPoolExecutor.getTask(ThreadPoolExecutor.java:1074)
        at java.util.concurrent.ThreadPoolExecutor.runWorker(ThreadPoolExecutor.java:1134)
        at java.util.concurrent.ThreadPoolExecutor$Worker.run(ThreadPoolExecutor.java:624)
        at java.lang.Thread.run(Thread.java:750)
"Datanode ReportManager Thread - 1" daemon prio=5 tid=213 timed_waiting
java.lang.Thread.State: TIMED_WAITING
        at sun.misc.Unsafe.park(Native Method)
        at java.util.concurrent.locks.LockSupport.parkNanos(LockSupport.java:215)
        at java.util.concurrent.locks.AbstractQueuedSynchronizer$ConditionObject.awaitNanos(AbstractQueuedSynchronizer.java:2078)
        at java.util.concurrent.ScheduledThreadPoolExecutor$DelayedWorkQueue.take(ScheduledThreadPoolExecutor.java:1093)
        at java.util.concurrent.ScheduledThreadPoolExecutor$DelayedWorkQueue.take(ScheduledThreadPoolExecutor.java:809)
        at java.util.concurrent.ThreadPoolExecutor.getTask(ThreadPoolExecutor.java:1074)
        at java.util.concurrent.ThreadPoolExecutor.runWorker(ThreadPoolExecutor.java:1134)
        at java.util.concurrent.ThreadPoolExecutor$Worker.run(ThreadPoolExecutor.java:624)
        at java.lang.Thread.run(Thread.java:750)
"ChunkWriter-3-0" daemon prio=5 tid=461 in Object.wait()
java.lang.Thread.State: WAITING (on object monitor)
        at sun.misc.Unsafe.park(Native Method)
        at java.util.concurrent.locks.LockSupport.park(LockSupport.java:175)
        at java.util.concurrent.locks.AbstractQueuedSynchronizer$ConditionObject.await(AbstractQueuedSynchronizer.java:2039)
        at java.util.concurrent.LinkedBlockingDeque.takeFirst(LinkedBlockingDeque.java:492)
        at java.util.concurrent.LinkedBlockingDeque.take(LinkedBlockingDeque.java:680)
        at java.util.concurrent.ThreadPoolExecutor.getTask(ThreadPoolExecutor.java:1074)
        at java.util.concurrent.ThreadPoolExecutor.runWorker(ThreadPoolExecutor.java:1134)
        at java.util.concurrent.ThreadPoolExecutor$Worker.run(ThreadPoolExecutor.java:624)
        at java.lang.Thread.run(Thread.java:750)
"BlockDeletingService#0" daemon prio=5 tid=440 in Object.wait()
java.lang.Thread.State: WAITING (on object monitor)
        at sun.misc.Unsafe.park(Native Method)
        at java.util.concurrent.locks.LockSupport.park(LockSupport.java:175)
        at java.util.concurrent.locks.AbstractQueuedSynchronizer$ConditionObject.await(AbstractQueuedSynchronizer.java:2039)
        at java.util.concurrent.ScheduledThreadPoolExecutor$DelayedWorkQueue.take(ScheduledThreadPoolExecutor.java:1088)
        at java.util.concurrent.ScheduledThreadPoolExecutor$DelayedWorkQueue.take(ScheduledThreadPoolExecutor.java:809)
        at java.util.concurrent.ThreadPoolExecutor.getTask(ThreadPoolExecutor.java:1074)
        at java.util.concurrent.ThreadPoolExecutor.runWorker(ThreadPoolExecutor.java:1134)
        at java.util.concurrent.ThreadPoolExecutor$Worker.run(ThreadPoolExecutor.java:624)
        at java.lang.Thread.run(Thread.java:750)
"7f2965ec-2a1d-4c0b-a486-0150db937947-server-thread2" daemon prio=5 tid=849 timed_waiting
java.lang.Thread.State: TIMED_WAITING
        at sun.misc.Unsafe.park(Native Method)
        at java.util.concurrent.locks.LockSupport.parkNanos(LockSupport.java:215)
        at java.util.concurrent.SynchronousQueue$TransferStack.awaitFulfill(SynchronousQueue.java:460)
        at java.util.concurrent.SynchronousQueue$TransferStack.transfer(SynchronousQueue.java:362)
        at java.util.concurrent.SynchronousQueue.poll(SynchronousQueue.java:941)
        at java.util.concurrent.ThreadPoolExecutor.getTask(ThreadPoolExecutor.java:1073)
        at java.util.concurrent.ThreadPoolExecutor.runWorker(ThreadPoolExecutor.java:1134)
        at java.util.concurrent.ThreadPoolExecutor$Worker.run(ThreadPoolExecutor.java:624)
        at java.lang.Thread.run(Thread.java:750)
"IPC Server handler 10 on default port 35291" daemon prio=5 tid=87 timed_waiting
java.lang.Thread.State: TIMED_WAITING
        at sun.misc.Unsafe.park(Native Method)
        at java.util.concurrent.locks.LockSupport.parkNanos(LockSupport.java:215)
        at java.util.concurrent.locks.AbstractQueuedSynchronizer$ConditionObject.awaitNanos(AbstractQueuedSynchronizer.java:2078)
        at java.util.concurrent.LinkedBlockingQueue.poll(LinkedBlockingQueue.java:467)
        at org.apache.hadoop.ipc.CallQueueManager.take(CallQueueManager.java:317)
        at org.apache.hadoop.ipc.Server$Handler.run(Server.java:2942)
"BlockDeletingService#2" daemon prio=5 tid=898 in Object.wait()
java.lang.Thread.State: WAITING (on object monitor)
        at sun.misc.Unsafe.park(Native Method)
        at java.util.concurrent.locks.LockSupport.park(LockSupport.java:175)
        at java.util.concurrent.locks.AbstractQueuedSynchronizer$ConditionObject.await(AbstractQueuedSynchronizer.java:2039)
        at java.util.concurrent.ScheduledThreadPoolExecutor$DelayedWorkQueue.take(ScheduledThreadPoolExecutor.java:1088)
        at java.util.concurrent.ScheduledThreadPoolExecutor$DelayedWorkQueue.take(ScheduledThreadPoolExecutor.java:809)
        at java.util.concurrent.ThreadPoolExecutor.getTask(ThreadPoolExecutor.java:1074)
        at java.util.concurrent.ThreadPoolExecutor.runWorker(ThreadPoolExecutor.java:1134)
        at java.util.concurrent.ThreadPoolExecutor$Worker.run(ThreadPoolExecutor.java:624)
        at java.lang.Thread.run(Thread.java:750)
"ChunkReader-1" daemon prio=5 tid=769 in Object.wait()
java.lang.Thread.State: WAITING (on object monitor)
        at sun.misc.Unsafe.park(Native Method)
        at java.util.concurrent.locks.LockSupport.park(LockSupport.java:175)
        at java.util.concurrent.locks.AbstractQueuedSynchronizer$ConditionObject.await(AbstractQueuedSynchronizer.java:2039)
        at java.util.concurrent.LinkedBlockingQueue.take(LinkedBlockingQueue.java:442)
        at java.util.concurrent.ThreadPoolExecutor.getTask(ThreadPoolExecutor.java:1074)
        at java.util.concurrent.ThreadPoolExecutor.runWorker(ThreadPoolExecutor.java:1134)
        at java.util.concurrent.ThreadPoolExecutor$Worker.run(ThreadPoolExecutor.java:624)
        at java.lang.Thread.run(Thread.java:750)
"Datanode ReportManager Thread - 4" daemon prio=5 tid=473 timed_waiting
java.lang.Thread.State: TIMED_WAITING
        at sun.misc.Unsafe.park(Native Method)
        at java.util.concurrent.locks.LockSupport.parkNanos(LockSupport.java:215)
        at java.util.concurrent.locks.AbstractQueuedSynchronizer$ConditionObject.awaitNanos(AbstractQueuedSynchronizer.java:2078)
        at java.util.concurrent.ScheduledThreadPoolExecutor$DelayedWorkQueue.take(ScheduledThreadPoolExecutor.java:1093)
        at java.util.concurrent.ScheduledThreadPoolExecutor$DelayedWorkQueue.take(ScheduledThreadPoolExecutor.java:809)
        at java.util.concurrent.ThreadPoolExecutor.getTask(ThreadPoolExecutor.java:1074)
        at java.util.concurrent.ThreadPoolExecutor.runWorker(ThreadPoolExecutor.java:1134)
        at java.util.concurrent.ThreadPoolExecutor$Worker.run(ThreadPoolExecutor.java:624)
        at java.lang.Thread.run(Thread.java:750)
"7f2965ec-2a1d-4c0b-a486-0150db937947@group-C2E61F12FD9A-FollowerState" daemon prio=5 tid=843 timed_waiting
java.lang.Thread.State: TIMED_WAITING
        at java.lang.Thread.sleep(Native Method)
        at java.lang.Thread.sleep(Thread.java:342)
        at java.util.concurrent.TimeUnit.sleep(TimeUnit.java:386)
        at org.apache.ratis.util.TimeDuration.sleep(TimeDuration.java:325)
        at org.apache.ratis.util.TimeDuration.sleep(TimeDuration.java:310)
        at org.apache.ratis.server.impl.FollowerState.run(FollowerState.java:128)
"JvmPauseMonitor2" daemon prio=5 tid=395 timed_waiting
java.lang.Thread.State: TIMED_WAITING
        at java.lang.Thread.sleep(Native Method)
        at java.lang.Thread.sleep(Thread.java:342)
        at java.util.concurrent.TimeUnit.sleep(TimeUnit.java:386)
        at org.apache.ratis.util.TimeDuration.sleep(TimeDuration.java:325)
        at org.apache.ratis.util.TimeDuration.sleep(TimeDuration.java:310)
        at org.apache.ratis.util.JvmPauseMonitor.detectPause(JvmPauseMonitor.java:119)
        at org.apache.ratis.util.JvmPauseMonitor.run(JvmPauseMonitor.java:108)
        at org.apache.ratis.util.JvmPauseMonitor$$Lambda$706/1510764580.run(Unknown Source)
        at java.lang.Thread.run(Thread.java:750)
"qtp1072341683-313" daemon prio=5 tid=313 timed_waiting
java.lang.Thread.State: TIMED_WAITING
        at sun.misc.Unsafe.park(Native Method)
        at java.util.concurrent.locks.LockSupport.parkNanos(LockSupport.java:215)
        at java.util.concurrent.locks.AbstractQueuedSynchronizer$ConditionObject.awaitNanos(AbstractQueuedSynchronizer.java:2078)
        at org.eclipse.jetty.util.BlockingArrayQueue.poll(BlockingArrayQueue.java:382)
        at org.eclipse.jetty.util.thread.QueuedThreadPool$Runner.idleJobPoll(QueuedThreadPool.java:974)
        at org.eclipse.jetty.util.thread.QueuedThreadPool$Runner.run(QueuedThreadPool.java:1018)
        at java.lang.Thread.run(Thread.java:750)
"StaleRecoveringContainerScrubbingService#0" daemon prio=5 tid=531 in Object.wait()
java.lang.Thread.State: WAITING (on object monitor)
        at sun.misc.Unsafe.park(Native Method)
        at java.util.concurrent.locks.LockSupport.park(LockSupport.java:175)
        at java.util.concurrent.locks.AbstractQueuedSynchronizer$ConditionObject.await(AbstractQueuedSynchronizer.java:2039)
        at java.util.concurrent.ScheduledThreadPoolExecutor$DelayedWorkQueue.take(ScheduledThreadPoolExecutor.java:1088)
        at java.util.concurrent.ScheduledThreadPoolExecutor$DelayedWorkQueue.take(ScheduledThreadPoolExecutor.java:809)
        at java.util.concurrent.ThreadPoolExecutor.getTask(ThreadPoolExecutor.java:1074)
        at java.util.concurrent.ThreadPoolExecutor.runWorker(ThreadPoolExecutor.java:1134)
        at java.util.concurrent.ThreadPoolExecutor$Worker.run(ThreadPoolExecutor.java:624)
        at java.lang.Thread.run(Thread.java:750)
"KeyDeletingService#0" daemon prio=5 tid=131 timed_waiting
java.lang.Thread.State: TIMED_WAITING
        at sun.misc.Unsafe.park(Native Method)
        at java.util.concurrent.locks.LockSupport.parkNanos(LockSupport.java:215)
        at java.util.concurrent.locks.AbstractQueuedSynchronizer$ConditionObject.awaitNanos(AbstractQueuedSynchronizer.java:2078)
        at java.util.concurrent.ScheduledThreadPoolExecutor$DelayedWorkQueue.take(ScheduledThreadPoolExecutor.java:1093)
        at java.util.concurrent.ScheduledThreadPoolExecutor$DelayedWorkQueue.take(ScheduledThreadPoolExecutor.java:809)
        at java.util.concurrent.ThreadPoolExecutor.getTask(ThreadPoolExecutor.java:1074)
        at java.util.concurrent.ThreadPoolExecutor.runWorker(ThreadPoolExecutor.java:1134)
        at java.util.concurrent.ThreadPoolExecutor$Worker.run(ThreadPoolExecutor.java:624)
        at java.lang.Thread.run(Thread.java:750)
"IPC Server handler 1 on default port 35291" daemon prio=5 tid=78 timed_waiting
java.lang.Thread.State: TIMED_WAITING
        at sun.misc.Unsafe.park(Native Method)
        at java.util.concurrent.locks.LockSupport.parkNanos(LockSupport.java:215)
        at java.util.concurrent.locks.AbstractQueuedSynchronizer$ConditionObject.awaitNanos(AbstractQueuedSynchronizer.java:2078)
        at java.util.concurrent.LinkedBlockingQueue.poll(LinkedBlockingQueue.java:467)
        at org.apache.hadoop.ipc.CallQueueManager.take(CallQueueManager.java:317)
        at org.apache.hadoop.ipc.Server$Handler.run(Server.java:2942)
"IPC Server handler 13 on default port 41145" daemon prio=5 tid=70 timed_waiting
java.lang.Thread.State: TIMED_WAITING
        at sun.misc.Unsafe.park(Native Method)
        at java.util.concurrent.locks.LockSupport.parkNanos(LockSupport.java:215)
        at java.util.concurrent.locks.AbstractQueuedSynchronizer$ConditionObject.awaitNanos(AbstractQueuedSynchronizer.java:2078)
        at java.util.concurrent.LinkedBlockingQueue.poll(LinkedBlockingQueue.java:467)
        at org.apache.hadoop.ipc.CallQueueManager.take(CallQueueManager.java:317)
        at org.apache.hadoop.ipc.Server$Handler.run(Server.java:2942)
"RatisPipelineUtilsThread - 0"  prio=5 tid=15 timed_waiting
java.lang.Thread.State: TIMED_WAITING
        at java.lang.Object.wait(Native Method)
        at org.apache.hadoop.hdds.scm.pipeline.BackgroundPipelineCreator.run(BackgroundPipelineCreator.java:176)
        at org.apache.hadoop.hdds.scm.pipeline.BackgroundPipelineCreator$$Lambda$372/1281205497.run(Unknown Source)
        at java.lang.Thread.run(Thread.java:750)
"IPC Server handler 15 on default port 35291" daemon prio=5 tid=92 timed_waiting
java.lang.Thread.State: TIMED_WAITING
        at sun.misc.Unsafe.park(Native Method)
        at java.util.concurrent.locks.LockSupport.parkNanos(LockSupport.java:215)
        at java.util.concurrent.locks.AbstractQueuedSynchronizer$ConditionObject.awaitNanos(AbstractQueuedSynchronizer.java:2078)
        at java.util.concurrent.LinkedBlockingQueue.poll(LinkedBlockingQueue.java:467)
        at org.apache.hadoop.ipc.CallQueueManager.take(CallQueueManager.java:317)
        at org.apache.hadoop.ipc.Server$Handler.run(Server.java:2942)
"qtp1266321027-414" daemon prio=5 tid=414 timed_waiting
java.lang.Thread.State: TIMED_WAITING
        at sun.misc.Unsafe.park(Native Method)
        at java.util.concurrent.locks.LockSupport.parkNanos(LockSupport.java:215)
        at java.util.concurrent.locks.AbstractQueuedSynchronizer$ConditionObject.awaitNanos(AbstractQueuedSynchronizer.java:2078)
        at org.eclipse.jetty.util.BlockingArrayQueue.poll(BlockingArrayQueue.java:382)
        at org.eclipse.jetty.util.thread.QueuedThreadPool$Runner.idleJobPoll(QueuedThreadPool.java:974)
        at org.eclipse.jetty.util.thread.QueuedThreadPool$Runner.run(QueuedThreadPool.java:1018)
        at java.lang.Thread.run(Thread.java:750)
"db967a0c-fd65-4f5b-99fe-08eeaf937185@group-C2E61F12FD9A-LeaderStateImpl" daemon prio=5 tid=845 timed_waiting
java.lang.Thread.State: TIMED_WAITING
        at sun.misc.Unsafe.park(Native Method)
        at java.util.concurrent.locks.LockSupport.parkNanos(LockSupport.java:215)
        at java.util.concurrent.locks.AbstractQueuedSynchronizer$ConditionObject.awaitNanos(AbstractQueuedSynchronizer.java:2078)
        at java.util.concurrent.ArrayBlockingQueue.poll(ArrayBlockingQueue.java:418)
        at org.apache.ratis.server.impl.LeaderStateImpl$EventQueue.poll(LeaderStateImpl.java:159)
        at org.apache.ratis.server.impl.LeaderStateImpl$EventProcessor.run(LeaderStateImpl.java:630)
"IPC Server handler 2 on default port 35291" daemon prio=5 tid=79 timed_waiting
java.lang.Thread.State: TIMED_WAITING
        at sun.misc.Unsafe.park(Native Method)
        at java.util.concurrent.locks.LockSupport.parkNanos(LockSupport.java:215)
        at java.util.concurrent.locks.AbstractQueuedSynchronizer$ConditionObject.awaitNanos(AbstractQueuedSynchronizer.java:2078)
        at java.util.concurrent.LinkedBlockingQueue.poll(LinkedBlockingQueue.java:467)
        at org.apache.hadoop.ipc.CallQueueManager.take(CallQueueManager.java:317)
        at org.apache.hadoop.ipc.Server$Handler.run(Server.java:2942)
"BlockDeletingService#2" daemon prio=5 tid=903 in Object.wait()
java.lang.Thread.State: WAITING (on object monitor)
        at sun.misc.Unsafe.park(Native Method)
        at java.util.concurrent.locks.LockSupport.park(LockSupport.java:175)
        at java.util.concurrent.locks.AbstractQueuedSynchronizer$ConditionObject.await(AbstractQueuedSynchronizer.java:2039)
        at java.util.concurrent.ScheduledThreadPoolExecutor$DelayedWorkQueue.take(ScheduledThreadPoolExecutor.java:1088)
        at java.util.concurrent.ScheduledThreadPoolExecutor$DelayedWorkQueue.take(ScheduledThreadPoolExecutor.java:809)
        at java.util.concurrent.ThreadPoolExecutor.getTask(ThreadPoolExecutor.java:1074)
        at java.util.concurrent.ThreadPoolExecutor.runWorker(ThreadPoolExecutor.java:1134)
        at java.util.concurrent.ThreadPoolExecutor$Worker.run(ThreadPoolExecutor.java:624)
        at java.lang.Thread.run(Thread.java:750)
"StaleRecoveringContainerScrubbingService#2" daemon prio=5 tid=908 in Object.wait()
java.lang.Thread.State: WAITING (on object monitor)
        at sun.misc.Unsafe.park(Native Method)
        at java.util.concurrent.locks.LockSupport.park(LockSupport.java:175)
        at java.util.concurrent.locks.AbstractQueuedSynchronizer$ConditionObject.await(AbstractQueuedSynchronizer.java:2039)
        at java.util.concurrent.ScheduledThreadPoolExecutor$DelayedWorkQueue.take(ScheduledThreadPoolExecutor.java:1088)
        at java.util.concurrent.ScheduledThreadPoolExecutor$DelayedWorkQueue.take(ScheduledThreadPoolExecutor.java:809)
        at java.util.concurrent.ThreadPoolExecutor.getTask(ThreadPoolExecutor.java:1074)
        at java.util.concurrent.ThreadPoolExecutor.runWorker(ThreadPoolExecutor.java:1134)
        at java.util.concurrent.ThreadPoolExecutor$Worker.run(ThreadPoolExecutor.java:624)
        at java.lang.Thread.run(Thread.java:750)
"PartialTableCache Cleanup Thread - 0" daemon prio=5 tid=753 in Object.wait()
java.lang.Thread.State: WAITING (on object monitor)
        at sun.misc.Unsafe.park(Native Method)
        at java.util.concurrent.locks.LockSupport.park(LockSupport.java:175)
        at java.util.concurrent.locks.AbstractQueuedSynchronizer$ConditionObject.await(AbstractQueuedSynchronizer.java:2039)
        at java.util.concurrent.LinkedBlockingQueue.take(LinkedBlockingQueue.java:442)
        at java.util.concurrent.ThreadPoolExecutor.getTask(ThreadPoolExecutor.java:1074)
        at java.util.concurrent.ThreadPoolExecutor.runWorker(ThreadPoolExecutor.java:1134)
        at java.util.concurrent.ThreadPoolExecutor$Worker.run(ThreadPoolExecutor.java:624)
        at java.lang.Thread.run(Thread.java:750)
"EventQueue-DatanodeCommandForSCMNodeManager"  prio=5 tid=507 in Object.wait()
java.lang.Thread.State: WAITING (on object monitor)
        at sun.misc.Unsafe.park(Native Method)
        at java.util.concurrent.locks.LockSupport.park(LockSupport.java:175)
        at java.util.concurrent.locks.AbstractQueuedSynchronizer$ConditionObject.await(AbstractQueuedSynchronizer.java:2039)
        at java.util.concurrent.LinkedBlockingQueue.take(LinkedBlockingQueue.java:442)
        at java.util.concurrent.ThreadPoolExecutor.getTask(ThreadPoolExecutor.java:1074)
        at java.util.concurrent.ThreadPoolExecutor.runWorker(ThreadPoolExecutor.java:1134)
        at java.util.concurrent.ThreadPoolExecutor$Worker.run(ThreadPoolExecutor.java:624)
        at java.lang.Thread.run(Thread.java:750)
"Datanode State Machine Task Thread - 1"  prio=5 tid=341 in Object.wait()
java.lang.Thread.State: WAITING (on object monitor)
        at sun.misc.Unsafe.park(Native Method)
        at java.util.concurrent.locks.LockSupport.park(LockSupport.java:175)
        at java.util.concurrent.locks.AbstractQueuedSynchronizer$ConditionObject.await(AbstractQueuedSynchronizer.java:2039)
        at java.util.concurrent.LinkedBlockingQueue.take(LinkedBlockingQueue.java:442)
        at java.util.concurrent.ThreadPoolExecutor.getTask(ThreadPoolExecutor.java:1074)
        at java.util.concurrent.ThreadPoolExecutor.runWorker(ThreadPoolExecutor.java:1134)
        at java.util.concurrent.ThreadPoolExecutor$Worker.run(ThreadPoolExecutor.java:624)
        at java.lang.Thread.run(Thread.java:750)
"qtp1678529210-451" daemon prio=5 tid=451 timed_waiting
java.lang.Thread.State: TIMED_WAITING
        at sun.misc.Unsafe.park(Native Method)
        at java.util.concurrent.locks.LockSupport.parkNanos(LockSupport.java:215)
        at java.util.concurrent.locks.AbstractQueuedSynchronizer$ConditionObject.awaitNanos(AbstractQueuedSynchronizer.java:2078)
        at org.eclipse.jetty.util.BlockingArrayQueue.poll(BlockingArrayQueue.java:382)
        at org.eclipse.jetty.util.thread.QueuedThreadPool$Runner.idleJobPoll(QueuedThreadPool.java:974)
        at org.eclipse.jetty.util.thread.QueuedThreadPool$Runner.run(QueuedThreadPool.java:1018)
        at java.lang.Thread.run(Thread.java:750)
"Timer-0"  prio=5 tid=130 timed_waiting
java.lang.Thread.State: TIMED_WAITING
        at java.lang.Object.wait(Native Method)
        at java.util.TimerThread.mainLoop(Timer.java:552)
        at java.util.TimerThread.run(Timer.java:505)
"IPC Server handler 5 on default port 32861" daemon prio=5 tid=42 timed_waiting
java.lang.Thread.State: TIMED_WAITING
        at sun.misc.Unsafe.park(Native Method)
        at java.util.concurrent.locks.LockSupport.parkNanos(LockSupport.java:215)
        at java.util.concurrent.locks.AbstractQueuedSynchronizer$ConditionObject.awaitNanos(AbstractQueuedSynchronizer.java:2078)
        at java.util.concurrent.LinkedBlockingQueue.poll(LinkedBlockingQueue.java:467)
        at org.apache.hadoop.ipc.CallQueueManager.take(CallQueueManager.java:317)
        at org.apache.hadoop.ipc.Server$Handler.run(Server.java:2942)
"qtp703849415-137" daemon prio=5 tid=137 timed_waiting
java.lang.Thread.State: TIMED_WAITING
        at sun.misc.Unsafe.park(Native Method)
        at java.util.concurrent.locks.LockSupport.parkNanos(LockSupport.java:215)
        at java.util.concurrent.locks.AbstractQueuedSynchronizer$ConditionObject.awaitNanos(AbstractQueuedSynchronizer.java:2078)
        at org.eclipse.jetty.util.BlockingArrayQueue.poll(BlockingArrayQueue.java:382)
        at org.eclipse.jetty.util.thread.QueuedThreadPool$Runner.idleJobPoll(QueuedThreadPool.java:974)
        at org.eclipse.jetty.util.thread.QueuedThreadPool$Runner.run(QueuedThreadPool.java:1018)
        at java.lang.Thread.run(Thread.java:750)
"qtp549150079-203" daemon prio=5 tid=203 timed_waiting
java.lang.Thread.State: TIMED_WAITING
        at sun.misc.Unsafe.park(Native Method)
        at java.util.concurrent.locks.LockSupport.parkNanos(LockSupport.java:215)
        at java.util.concurrent.locks.AbstractQueuedSynchronizer$ConditionObject.awaitNanos(AbstractQueuedSynchronizer.java:2078)
        at org.eclipse.jetty.util.BlockingArrayQueue.poll(BlockingArrayQueue.java:382)
        at org.eclipse.jetty.util.thread.QueuedThreadPool$Runner.idleJobPoll(QueuedThreadPool.java:974)
        at org.eclipse.jetty.util.thread.QueuedThreadPool$Runner.run(QueuedThreadPool.java:1018)
        at java.lang.Thread.run(Thread.java:750)
"Periodic HDDS volume checker" daemon prio=5 tid=299 timed_waiting
java.lang.Thread.State: TIMED_WAITING
        at sun.misc.Unsafe.park(Native Method)
        at java.util.concurrent.locks.LockSupport.parkNanos(LockSupport.java:215)
        at java.util.concurrent.locks.AbstractQueuedSynchronizer$ConditionObject.awaitNanos(AbstractQueuedSynchronizer.java:2078)
        at java.util.concurrent.ScheduledThreadPoolExecutor$DelayedWorkQueue.take(ScheduledThreadPoolExecutor.java:1093)
        at java.util.concurrent.ScheduledThreadPoolExecutor$DelayedWorkQueue.take(ScheduledThreadPoolExecutor.java:809)
        at java.util.concurrent.ThreadPoolExecutor.getTask(ThreadPoolExecutor.java:1074)
        at java.util.concurrent.ThreadPoolExecutor.runWorker(ThreadPoolExecutor.java:1134)
        at java.util.concurrent.ThreadPoolExecutor$Worker.run(ThreadPoolExecutor.java:624)
        at java.lang.Thread.run(Thread.java:750)
"IPC Server handler 19 on default port 41145" daemon prio=5 tid=76 timed_waiting
java.lang.Thread.State: TIMED_WAITING
        at sun.misc.Unsafe.park(Native Method)
        at java.util.concurrent.locks.LockSupport.parkNanos(LockSupport.java:215)
        at java.util.concurrent.locks.AbstractQueuedSynchronizer$ConditionObject.awaitNanos(AbstractQueuedSynchronizer.java:2078)
        at java.util.concurrent.LinkedBlockingQueue.poll(LinkedBlockingQueue.java:467)
        at org.apache.hadoop.ipc.CallQueueManager.take(CallQueueManager.java:317)
        at org.apache.hadoop.ipc.Server$Handler.run(Server.java:2942)
"BlockDeletingService#2" daemon prio=5 tid=900 in Object.wait()
java.lang.Thread.State: WAITING (on object monitor)
        at sun.misc.Unsafe.park(Native Method)
        at java.util.concurrent.locks.LockSupport.park(LockSupport.java:175)
        at java.util.concurrent.locks.AbstractQueuedSynchronizer$ConditionObject.await(AbstractQueuedSynchronizer.java:2039)
        at java.util.concurrent.ScheduledThreadPoolExecutor$DelayedWorkQueue.take(ScheduledThreadPoolExecutor.java:1088)
        at java.util.concurrent.ScheduledThreadPoolExecutor$DelayedWorkQueue.take(ScheduledThreadPoolExecutor.java:809)
        at java.util.concurrent.ThreadPoolExecutor.getTask(ThreadPoolExecutor.java:1074)
        at java.util.concurrent.ThreadPoolExecutor.runWorker(ThreadPoolExecutor.java:1134)
        at java.util.concurrent.ThreadPoolExecutor$Worker.run(ThreadPoolExecutor.java:624)
        at java.lang.Thread.run(Thread.java:750)
"Periodic HDDS volume checker" daemon prio=5 tid=221 timed_waiting
java.lang.Thread.State: TIMED_WAITING
        at sun.misc.Unsafe.park(Native Method)
        at java.util.concurrent.locks.LockSupport.parkNanos(LockSupport.java:215)
        at java.util.concurrent.locks.AbstractQueuedSynchronizer$ConditionObject.awaitNanos(AbstractQueuedSynchronizer.java:2078)
        at java.util.concurrent.ScheduledThreadPoolExecutor$DelayedWorkQueue.take(ScheduledThreadPoolExecutor.java:1093)
        at java.util.concurrent.ScheduledThreadPoolExecutor$DelayedWorkQueue.take(ScheduledThreadPoolExecutor.java:809)
        at java.util.concurrent.ThreadPoolExecutor.getTask(ThreadPoolExecutor.java:1074)
        at java.util.concurrent.ThreadPoolExecutor.runWorker(ThreadPoolExecutor.java:1134)
        at java.util.concurrent.ThreadPoolExecutor$Worker.run(ThreadPoolExecutor.java:624)
        at java.lang.Thread.run(Thread.java:750)
"StaleRecoveringContainerScrubbingService#2" daemon prio=5 tid=912 in Object.wait()
java.lang.Thread.State: WAITING (on object monitor)
        at sun.misc.Unsafe.park(Native Method)
        at java.util.concurrent.locks.LockSupport.park(LockSupport.java:175)
        at java.util.concurrent.locks.AbstractQueuedSynchronizer$ConditionObject.await(AbstractQueuedSynchronizer.java:2039)
        at java.util.concurrent.ScheduledThreadPoolExecutor$DelayedWorkQueue.take(ScheduledThreadPoolExecutor.java:1088)
        at java.util.concurrent.ScheduledThreadPoolExecutor$DelayedWorkQueue.take(ScheduledThreadPoolExecutor.java:809)
        at java.util.concurrent.ThreadPoolExecutor.getTask(ThreadPoolExecutor.java:1074)
        at java.util.concurrent.ThreadPoolExecutor.runWorker(ThreadPoolExecutor.java:1134)
        at java.util.concurrent.ThreadPoolExecutor$Worker.run(ThreadPoolExecutor.java:624)
        at java.lang.Thread.run(Thread.java:750)
"Datanode ReportManager Thread - 1" daemon prio=5 tid=317 in Object.wait()
java.lang.Thread.State: WAITING (on object monitor)
        at sun.misc.Unsafe.park(Native Method)
        at java.util.concurrent.locks.LockSupport.park(LockSupport.java:175)
        at java.util.concurrent.locks.AbstractQueuedSynchronizer$ConditionObject.await(AbstractQueuedSynchronizer.java:2039)
        at java.util.concurrent.ScheduledThreadPoolExecutor$DelayedWorkQueue.take(ScheduledThreadPoolExecutor.java:1088)
        at java.util.concurrent.ScheduledThreadPoolExecutor$DelayedWorkQueue.take(ScheduledThreadPoolExecutor.java:809)
        at java.util.concurrent.ThreadPoolExecutor.getTask(ThreadPoolExecutor.java:1074)
        at java.util.concurrent.ThreadPoolExecutor.runWorker(ThreadPoolExecutor.java:1134)
        at java.util.concurrent.ThreadPoolExecutor$Worker.run(ThreadPoolExecutor.java:624)
        at java.lang.Thread.run(Thread.java:750)
"org.apache.hadoop.util.JvmPauseMonitor$Monitor@19b660a4" daemon prio=5 tid=190 timed_waiting
java.lang.Thread.State: TIMED_WAITING
        at java.lang.Thread.sleep(Native Method)
        at org.apache.hadoop.util.JvmPauseMonitor$Monitor.run(JvmPauseMonitor.java:192)
        at java.lang.Thread.run(Thread.java:750)
"edb0f50d-ef97-4088-a20b-1c61b9a9d6ec-server-thread3" daemon prio=5 tid=890 timed_waiting
java.lang.Thread.State: TIMED_WAITING
        at sun.misc.Unsafe.park(Native Method)
        at java.util.concurrent.locks.LockSupport.parkNanos(LockSupport.java:215)
        at java.util.concurrent.SynchronousQueue$TransferStack.awaitFulfill(SynchronousQueue.java:460)
        at java.util.concurrent.SynchronousQueue$TransferStack.transfer(SynchronousQueue.java:362)
        at java.util.concurrent.SynchronousQueue.poll(SynchronousQueue.java:941)
        at java.util.concurrent.ThreadPoolExecutor.getTask(ThreadPoolExecutor.java:1073)
        at java.util.concurrent.ThreadPoolExecutor.runWorker(ThreadPoolExecutor.java:1134)
        at java.util.concurrent.ThreadPoolExecutor$Worker.run(ThreadPoolExecutor.java:624)
        at java.lang.Thread.run(Thread.java:750)
"58d8b8bb-cfc7-423c-ba1f-09160eea4c71-server-thread3" daemon prio=5 tid=724 timed_waiting
java.lang.Thread.State: TIMED_WAITING
        at sun.misc.Unsafe.park(Native Method)
        at java.util.concurrent.locks.LockSupport.parkNanos(LockSupport.java:215)
        at java.util.concurrent.SynchronousQueue$TransferStack.awaitFulfill(SynchronousQueue.java:460)
        at java.util.concurrent.SynchronousQueue$TransferStack.transfer(SynchronousQueue.java:362)
        at java.util.concurrent.SynchronousQueue.poll(SynchronousQueue.java:941)
        at java.util.concurrent.ThreadPoolExecutor.getTask(ThreadPoolExecutor.java:1073)
        at java.util.concurrent.ThreadPoolExecutor.runWorker(ThreadPoolExecutor.java:1134)
        at java.util.concurrent.ThreadPoolExecutor$Worker.run(ThreadPoolExecutor.java:624)
        at java.lang.Thread.run(Thread.java:750)
"IPC Server handler 9 on default port 42013" daemon prio=5 tid=153 timed_waiting
java.lang.Thread.State: TIMED_WAITING
        at sun.misc.Unsafe.park(Native Method)
        at java.util.concurrent.locks.LockSupport.parkNanos(LockSupport.java:215)
        at java.util.concurrent.locks.AbstractQueuedSynchronizer$ConditionObject.awaitNanos(AbstractQueuedSynchronizer.java:2078)
        at java.util.concurrent.LinkedBlockingQueue.poll(LinkedBlockingQueue.java:467)
        at org.apache.hadoop.ipc.CallQueueManager.take(CallQueueManager.java:317)
        at org.apache.hadoop.ipc.Server$Handler.run(Server.java:2942)
"edb0f50d-ef97-4088-a20b-1c61b9a9d6ec@group-4FB6838A530A-StateMachineUpdater" daemon prio=5 tid=609 timed_waiting
java.lang.Thread.State: TIMED_WAITING
        at sun.misc.Unsafe.park(Native Method)
        at java.util.concurrent.locks.LockSupport.parkNanos(LockSupport.java:215)
        at java.util.concurrent.CompletableFuture$Signaller.block(CompletableFuture.java:1709)
        at java.util.concurrent.ForkJoinPool.managedBlock(ForkJoinPool.java:3323)
        at java.util.concurrent.CompletableFuture.timedGet(CompletableFuture.java:1788)
        at java.util.concurrent.CompletableFuture.get(CompletableFuture.java:1928)
        at org.apache.ratis.util.AwaitForSignal.await(AwaitForSignal.java:56)
        at org.apache.ratis.server.impl.StateMachineUpdater.waitForCommit(StateMachineUpdater.java:207)
        at org.apache.ratis.server.impl.StateMachineUpdater.run(StateMachineUpdater.java:176)
        at java.lang.Thread.run(Thread.java:750)
"Datanode State Machine Daemon Thread" daemon prio=5 tid=380 timed_waiting
java.lang.Thread.State: TIMED_WAITING
        at java.lang.Thread.sleep(Native Method)
        at org.apache.hadoop.ozone.container.common.statemachine.DatanodeStateMachine.startStateMachineThread(DatanodeStateMachine.java:321)
        at org.apache.hadoop.ozone.container.common.statemachine.DatanodeStateMachine.lambda$startDaemon$0(DatanodeStateMachine.java:506)
        at org.apache.hadoop.ozone.container.common.statemachine.DatanodeStateMachine$$Lambda$750/1660784802.run(Unknown Source)
        at java.lang.Thread.run(Thread.java:750)
"qtp362095723-281-acceptor-0@316dcb41-ServerConnector@7e77ec04{HTTP/1.1, (http/1.1)}{0.0.0.0:45277}" daemon prio=3 tid=281 runnable
java.lang.Thread.State: RUNNABLE
        at sun.nio.ch.ServerSocketChannelImpl.accept0(Native Method)
        at sun.nio.ch.ServerSocketChannelImpl.accept(ServerSocketChannelImpl.java:421)
        at sun.nio.ch.ServerSocketChannelImpl.accept(ServerSocketChannelImpl.java:249)
        at org.eclipse.jetty.server.ServerConnector.accept(ServerConnector.java:388)
        at org.eclipse.jetty.server.AbstractConnector$Acceptor.run(AbstractConnector.java:704)
        at org.eclipse.jetty.util.thread.QueuedThreadPool.runJob(QueuedThreadPool.java:883)
        at org.eclipse.jetty.util.thread.QueuedThreadPool$Runner.run(QueuedThreadPool.java:1034)
        at java.lang.Thread.run(Thread.java:750)
"db967a0c-fd65-4f5b-99fe-08eeaf937185@group-C2E61F12FD9A-StateMachineUpdater" daemon prio=5 tid=598 timed_waiting
java.lang.Thread.State: TIMED_WAITING
        at sun.misc.Unsafe.park(Native Method)
        at java.util.concurrent.locks.LockSupport.parkNanos(LockSupport.java:215)
        at java.util.concurrent.CompletableFuture$Signaller.block(CompletableFuture.java:1709)
        at java.util.concurrent.ForkJoinPool.managedBlock(ForkJoinPool.java:3323)
        at java.util.concurrent.CompletableFuture.timedGet(CompletableFuture.java:1788)
        at java.util.concurrent.CompletableFuture.get(CompletableFuture.java:1928)
        at org.apache.ratis.util.AwaitForSignal.await(AwaitForSignal.java:56)
        at org.apache.ratis.server.impl.StateMachineUpdater.waitForCommit(StateMachineUpdater.java:207)
        at org.apache.ratis.server.impl.StateMachineUpdater.run(StateMachineUpdater.java:176)
        at java.lang.Thread.run(Thread.java:750)
"ChunkReader-ELG-0" daemon prio=5 tid=484 runnable
java.lang.Thread.State: RUNNABLE
        at org.apache.ratis.thirdparty.io.netty.channel.epoll.Native.epollWait(Native Method)
        at org.apache.ratis.thirdparty.io.netty.channel.epoll.Native.epollWait(Native.java:209)
        at org.apache.ratis.thirdparty.io.netty.channel.epoll.Native.epollWait(Native.java:202)
        at org.apache.ratis.thirdparty.io.netty.channel.epoll.EpollEventLoop.epollWaitNoTimerChange(EpollEventLoop.java:294)
        at org.apache.ratis.thirdparty.io.netty.channel.epoll.EpollEventLoop.run(EpollEventLoop.java:351)
        at org.apache.ratis.thirdparty.io.netty.util.concurrent.SingleThreadEventExecutor$4.run(SingleThreadEventExecutor.java:995)
        at org.apache.ratis.thirdparty.io.netty.util.internal.ThreadExecutorMap$2.run(ThreadExecutorMap.java:74)
        at java.lang.Thread.run(Thread.java:750)
"edb0f50d-ef97-4088-a20b-1c61b9a9d6ec@group-4FB6838A530A-SegmentedRaftLogWorker"  prio=5 tid=607 timed_waiting
java.lang.Thread.State: TIMED_WAITING
        at sun.misc.Unsafe.park(Native Method)
        at java.util.concurrent.locks.LockSupport.parkNanos(LockSupport.java:215)
        at java.util.concurrent.locks.AbstractQueuedSynchronizer$ConditionObject.awaitNanos(AbstractQueuedSynchronizer.java:2078)
        at org.apache.ratis.util.DataBlockingQueue.poll(DataBlockingQueue.java:148)
        at org.apache.ratis.server.raftlog.segmented.SegmentedRaftLogWorker.run(SegmentedRaftLogWorker.java:310)
        at org.apache.ratis.server.raftlog.segmented.SegmentedRaftLogWorker$$Lambda$665/1346122915.run(Unknown Source)
        at java.lang.Thread.run(Thread.java:750)
"qtp1103911337-256" daemon prio=5 tid=256 timed_waiting
java.lang.Thread.State: TIMED_WAITING
        at sun.misc.Unsafe.park(Native Method)
        at java.util.concurrent.locks.LockSupport.parkNanos(LockSupport.java:215)
        at java.util.concurrent.locks.AbstractQueuedSynchronizer$ConditionObject.awaitNanos(AbstractQueuedSynchronizer.java:2078)
        at org.eclipse.jetty.util.BlockingArrayQueue.poll(BlockingArrayQueue.java:382)
        at org.eclipse.jetty.util.thread.QueuedThreadPool$Runner.idleJobPoll(QueuedThreadPool.java:974)
        at org.eclipse.jetty.util.thread.QueuedThreadPool$Runner.run(QueuedThreadPool.java:1018)
        at java.lang.Thread.run(Thread.java:750)
"58d8b8bb-cfc7-423c-ba1f-09160eea4c71@group-14838764CDE0-LeaderStateImpl" daemon prio=5 tid=727 timed_waiting
java.lang.Thread.State: TIMED_WAITING
        at sun.misc.Unsafe.park(Native Method)
        at java.util.concurrent.locks.LockSupport.parkNanos(LockSupport.java:215)
        at java.util.concurrent.locks.AbstractQueuedSynchronizer$ConditionObject.awaitNanos(AbstractQueuedSynchronizer.java:2078)
        at java.util.concurrent.ArrayBlockingQueue.poll(ArrayBlockingQueue.java:418)
        at org.apache.ratis.server.impl.LeaderStateImpl$EventQueue.poll(LeaderStateImpl.java:159)
        at org.apache.ratis.server.impl.LeaderStateImpl$EventProcessor.run(LeaderStateImpl.java:630)
"IPC Server handler 0 on default port 35291" daemon prio=5 tid=77 timed_waiting
java.lang.Thread.State: TIMED_WAITING
        at sun.misc.Unsafe.park(Native Method)
        at java.util.concurrent.locks.LockSupport.parkNanos(LockSupport.java:215)
        at java.util.concurrent.locks.AbstractQueuedSynchronizer$ConditionObject.awaitNanos(AbstractQueuedSynchronizer.java:2078)
        at java.util.concurrent.LinkedBlockingQueue.poll(LinkedBlockingQueue.java:467)
        at org.apache.hadoop.ipc.CallQueueManager.take(CallQueueManager.java:317)
        at org.apache.hadoop.ipc.Server$Handler.run(Server.java:2942)
"Datanode ReportManager Thread - 3" daemon prio=5 tid=215 in Object.wait()
java.lang.Thread.State: WAITING (on object monitor)
        at sun.misc.Unsafe.park(Native Method)
        at java.util.concurrent.locks.LockSupport.park(LockSupport.java:175)
        at java.util.concurrent.locks.AbstractQueuedSynchronizer$ConditionObject.await(AbstractQueuedSynchronizer.java:2039)
        at java.util.concurrent.ScheduledThreadPoolExecutor$DelayedWorkQueue.take(ScheduledThreadPoolExecutor.java:1088)
        at java.util.concurrent.ScheduledThreadPoolExecutor$DelayedWorkQueue.take(ScheduledThreadPoolExecutor.java:809)
        at java.util.concurrent.ThreadPoolExecutor.getTask(ThreadPoolExecutor.java:1074)
        at java.util.concurrent.ThreadPoolExecutor.runWorker(ThreadPoolExecutor.java:1134)
        at java.util.concurrent.ThreadPoolExecutor$Worker.run(ThreadPoolExecutor.java:624)
        at java.lang.Thread.run(Thread.java:750)
"grpc-default-worker-ELG-3-2" daemon prio=5 tid=570 runnable
java.lang.Thread.State: RUNNABLE
        at org.apache.ratis.thirdparty.io.netty.channel.epoll.Native.epollWait0(Native Method)
        at org.apache.ratis.thirdparty.io.netty.channel.epoll.Native.epollWait(Native.java:182)
        at org.apache.ratis.thirdparty.io.netty.channel.epoll.EpollEventLoop.epollWait(EpollEventLoop.java:290)
        at org.apache.ratis.thirdparty.io.netty.channel.epoll.EpollEventLoop.run(EpollEventLoop.java:354)
        at org.apache.ratis.thirdparty.io.netty.util.concurrent.SingleThreadEventExecutor$4.run(SingleThreadEventExecutor.java:995)
        at org.apache.ratis.thirdparty.io.netty.util.internal.ThreadExecutorMap$2.run(ThreadExecutorMap.java:74)
        at org.apache.ratis.thirdparty.io.netty.util.concurrent.FastThreadLocalRunnable.run(FastThreadLocalRunnable.java:30)
        at java.lang.Thread.run(Thread.java:750)
"BlockDeletingService#2" daemon prio=5 tid=902 in Object.wait()
java.lang.Thread.State: WAITING (on object monitor)
        at sun.misc.Unsafe.park(Native Method)
        at java.util.concurrent.locks.LockSupport.park(LockSupport.java:175)
        at java.util.concurrent.locks.AbstractQueuedSynchronizer$ConditionObject.await(AbstractQueuedSynchronizer.java:2039)
        at java.util.concurrent.ScheduledThreadPoolExecutor$DelayedWorkQueue.take(ScheduledThreadPoolExecutor.java:1088)
        at java.util.concurrent.ScheduledThreadPoolExecutor$DelayedWorkQueue.take(ScheduledThreadPoolExecutor.java:809)
        at java.util.concurrent.ThreadPoolExecutor.getTask(ThreadPoolExecutor.java:1074)
        at java.util.concurrent.ThreadPoolExecutor.runWorker(ThreadPoolExecutor.java:1134)
        at java.util.concurrent.ThreadPoolExecutor$Worker.run(ThreadPoolExecutor.java:624)
        at java.lang.Thread.run(Thread.java:750)
"ChunkReader-ELG-0" daemon prio=5 tid=529 runnable
java.lang.Thread.State: RUNNABLE
        at org.apache.ratis.thirdparty.io.netty.channel.epoll.Native.epollWait0(Native Method)
        at org.apache.ratis.thirdparty.io.netty.channel.epoll.Native.epollWait(Native.java:182)
        at org.apache.ratis.thirdparty.io.netty.channel.epoll.EpollEventLoop.epollWait(EpollEventLoop.java:290)
        at org.apache.ratis.thirdparty.io.netty.channel.epoll.EpollEventLoop.run(EpollEventLoop.java:354)
        at org.apache.ratis.thirdparty.io.netty.util.concurrent.SingleThreadEventExecutor$4.run(SingleThreadEventExecutor.java:995)
        at org.apache.ratis.thirdparty.io.netty.util.internal.ThreadExecutorMap$2.run(ThreadExecutorMap.java:74)
        at java.lang.Thread.run(Thread.java:750)
"IPC Server handler 19 on default port 35291" daemon prio=5 tid=96 timed_waiting
java.lang.Thread.State: TIMED_WAITING
        at sun.misc.Unsafe.park(Native Method)
        at java.util.concurrent.locks.LockSupport.parkNanos(LockSupport.java:215)
        at java.util.concurrent.locks.AbstractQueuedSynchronizer$ConditionObject.awaitNanos(AbstractQueuedSynchronizer.java:2078)
        at java.util.concurrent.LinkedBlockingQueue.poll(LinkedBlockingQueue.java:467)
        at org.apache.hadoop.ipc.CallQueueManager.take(CallQueueManager.java:317)
        at org.apache.hadoop.ipc.Server$Handler.run(Server.java:2942)
"pool-273-thread-1"  prio=5 tid=408 timed_waiting
java.lang.Thread.State: TIMED_WAITING
        at sun.misc.Unsafe.park(Native Method)
        at java.util.concurrent.locks.LockSupport.parkNanos(LockSupport.java:215)
        at java.util.concurrent.locks.AbstractQueuedSynchronizer$ConditionObject.awaitNanos(AbstractQueuedSynchronizer.java:2078)
        at java.util.concurrent.ScheduledThreadPoolExecutor$DelayedWorkQueue.take(ScheduledThreadPoolExecutor.java:1093)
        at java.util.concurrent.ScheduledThreadPoolExecutor$DelayedWorkQueue.take(ScheduledThreadPoolExecutor.java:809)
        at java.util.concurrent.ThreadPoolExecutor.getTask(ThreadPoolExecutor.java:1074)
        at java.util.concurrent.ThreadPoolExecutor.runWorker(ThreadPoolExecutor.java:1134)
        at java.util.concurrent.ThreadPoolExecutor$Worker.run(ThreadPoolExecutor.java:624)
        at java.lang.Thread.run(Thread.java:750)
"1641b62a-4180-4dbf-88c4-03961663b9b6@group-BC93B82E8E82-SegmentedRaftLogWorker"  prio=5 tid=675 timed_waiting
java.lang.Thread.State: TIMED_WAITING
        at sun.misc.Unsafe.park(Native Method)
        at java.util.concurrent.locks.LockSupport.parkNanos(LockSupport.java:215)
        at java.util.concurrent.locks.AbstractQueuedSynchronizer$ConditionObject.awaitNanos(AbstractQueuedSynchronizer.java:2078)
        at org.apache.ratis.util.DataBlockingQueue.poll(DataBlockingQueue.java:148)
        at org.apache.ratis.server.raftlog.segmented.SegmentedRaftLogWorker.run(SegmentedRaftLogWorker.java:310)
        at org.apache.ratis.server.raftlog.segmented.SegmentedRaftLogWorker$$Lambda$665/1346122915.run(Unknown Source)
        at java.lang.Thread.run(Thread.java:750)
"ChunkWriter-3-0" daemon prio=5 tid=394 in Object.wait()
java.lang.Thread.State: WAITING (on object monitor)
        at sun.misc.Unsafe.park(Native Method)
        at java.util.concurrent.locks.LockSupport.park(LockSupport.java:175)
        at java.util.concurrent.locks.AbstractQueuedSynchronizer$ConditionObject.await(AbstractQueuedSynchronizer.java:2039)
        at java.util.concurrent.LinkedBlockingDeque.takeFirst(LinkedBlockingDeque.java:492)
        at java.util.concurrent.LinkedBlockingDeque.take(LinkedBlockingDeque.java:680)
        at java.util.concurrent.ThreadPoolExecutor.getTask(ThreadPoolExecutor.java:1074)
        at java.util.concurrent.ThreadPoolExecutor.runWorker(ThreadPoolExecutor.java:1134)
        at java.util.concurrent.ThreadPoolExecutor$Worker.run(ThreadPoolExecutor.java:624)
        at java.lang.Thread.run(Thread.java:750)
"FullTableCache Cleanup Thread - 0" daemon prio=5 tid=749 in Object.wait()
java.lang.Thread.State: WAITING (on object monitor)
        at sun.misc.Unsafe.park(Native Method)
        at java.util.concurrent.locks.LockSupport.park(LockSupport.java:175)
        at java.util.concurrent.locks.AbstractQueuedSynchronizer$ConditionObject.await(AbstractQueuedSynchronizer.java:2039)
        at java.util.concurrent.LinkedBlockingQueue.take(LinkedBlockingQueue.java:442)
        at java.util.concurrent.ThreadPoolExecutor.getTask(ThreadPoolExecutor.java:1074)
        at java.util.concurrent.ThreadPoolExecutor.runWorker(ThreadPoolExecutor.java:1134)
        at java.util.concurrent.ThreadPoolExecutor$Worker.run(ThreadPoolExecutor.java:624)
        at java.lang.Thread.run(Thread.java:750)
"pool-134-thread-1" daemon prio=5 tid=249 timed_waiting
java.lang.Thread.State: TIMED_WAITING
        at sun.misc.Unsafe.park(Native Method)
        at java.util.concurrent.locks.LockSupport.parkNanos(LockSupport.java:215)
        at java.util.concurrent.locks.AbstractQueuedSynchronizer$ConditionObject.awaitNanos(AbstractQueuedSynchronizer.java:2078)
        at java.util.concurrent.ScheduledThreadPoolExecutor$DelayedWorkQueue.take(ScheduledThreadPoolExecutor.java:1093)
        at java.util.concurrent.ScheduledThreadPoolExecutor$DelayedWorkQueue.take(ScheduledThreadPoolExecutor.java:809)
        at java.util.concurrent.ThreadPoolExecutor.getTask(ThreadPoolExecutor.java:1074)
        at java.util.concurrent.ThreadPoolExecutor.runWorker(ThreadPoolExecutor.java:1134)
        at java.util.concurrent.ThreadPoolExecutor$Worker.run(ThreadPoolExecutor.java:624)
        at java.lang.Thread.run(Thread.java:750)
"qtp549150079-205" daemon prio=5 tid=205 timed_waiting
java.lang.Thread.State: TIMED_WAITING
        at sun.misc.Unsafe.park(Native Method)
        at java.util.concurrent.locks.LockSupport.parkNanos(LockSupport.java:215)
        at java.util.concurrent.locks.AbstractQueuedSynchronizer$ConditionObject.awaitNanos(AbstractQueuedSynchronizer.java:2078)
        at org.eclipse.jetty.util.BlockingArrayQueue.poll(BlockingArrayQueue.java:382)
        at org.eclipse.jetty.util.thread.QueuedThreadPool$Runner.idleJobPoll(QueuedThreadPool.java:974)
        at org.eclipse.jetty.util.thread.QueuedThreadPool$Runner.run(QueuedThreadPool.java:1018)
        at java.lang.Thread.run(Thread.java:750)
"Periodic HDDS volume checker" daemon prio=5 tid=247 timed_waiting
java.lang.Thread.State: TIMED_WAITING
        at sun.misc.Unsafe.park(Native Method)
        at java.util.concurrent.locks.LockSupport.parkNanos(LockSupport.java:215)
        at java.util.concurrent.locks.AbstractQueuedSynchronizer$ConditionObject.awaitNanos(AbstractQueuedSynchronizer.java:2078)
        at java.util.concurrent.ScheduledThreadPoolExecutor$DelayedWorkQueue.take(ScheduledThreadPoolExecutor.java:1093)
        at java.util.concurrent.ScheduledThreadPoolExecutor$DelayedWorkQueue.take(ScheduledThreadPoolExecutor.java:809)
        at java.util.concurrent.ThreadPoolExecutor.getTask(ThreadPoolExecutor.java:1074)
        at java.util.concurrent.ThreadPoolExecutor.runWorker(ThreadPoolExecutor.java:1134)
        at java.util.concurrent.ThreadPoolExecutor$Worker.run(ThreadPoolExecutor.java:624)
        at java.lang.Thread.run(Thread.java:750)
"qtp549150079-201" daemon prio=5 tid=201 runnable
java.lang.Thread.State: RUNNABLE
        at sun.nio.ch.EPollArrayWrapper.epollWait(Native Method)
        at sun.nio.ch.EPollArrayWrapper.poll(EPollArrayWrapper.java:269)
        at sun.nio.ch.EPollSelectorImpl.doSelect(EPollSelectorImpl.java:93)
        at sun.nio.ch.SelectorImpl.lockAndDoSelect(SelectorImpl.java:86)
        at sun.nio.ch.SelectorImpl.select(SelectorImpl.java:97)
        at sun.nio.ch.SelectorImpl.select(SelectorImpl.java:101)
        at org.eclipse.jetty.io.ManagedSelector.nioSelect(ManagedSelector.java:183)
        at org.eclipse.jetty.io.ManagedSelector.select(ManagedSelector.java:190)
        at org.eclipse.jetty.io.ManagedSelector$SelectorProducer.select(ManagedSelector.java:606)
        at org.eclipse.jetty.io.ManagedSelector$SelectorProducer.produce(ManagedSelector.java:543)
        at org.eclipse.jetty.util.thread.strategy.EatWhatYouKill.produceTask(EatWhatYouKill.java:362)
        at org.eclipse.jetty.util.thread.strategy.EatWhatYouKill.doProduce(EatWhatYouKill.java:186)
        at org.eclipse.jetty.util.thread.strategy.EatWhatYouKill.tryProduce(EatWhatYouKill.java:173)
        at org.eclipse.jetty.util.thread.strategy.EatWhatYouKill.produce(EatWhatYouKill.java:137)
        at org.eclipse.jetty.io.ManagedSelector$$Lambda$446/1613065499.run(Unknown Source)
        at org.eclipse.jetty.util.thread.QueuedThreadPool.runJob(QueuedThreadPool.java:883)
        at org.eclipse.jetty.util.thread.QueuedThreadPool$Runner.run(QueuedThreadPool.java:1034)
        at java.lang.Thread.run(Thread.java:750)
"IPC Server handler 6 on default port 42013" daemon prio=5 tid=150 timed_waiting
java.lang.Thread.State: TIMED_WAITING
        at sun.misc.Unsafe.park(Native Method)
        at java.util.concurrent.locks.LockSupport.parkNanos(LockSupport.java:215)
        at java.util.concurrent.locks.AbstractQueuedSynchronizer$ConditionObject.awaitNanos(AbstractQueuedSynchronizer.java:2078)
        at java.util.concurrent.LinkedBlockingQueue.poll(LinkedBlockingQueue.java:467)
        at org.apache.hadoop.ipc.CallQueueManager.take(CallQueueManager.java:317)
        at org.apache.hadoop.ipc.Server$Handler.run(Server.java:2942)
"StaleRecoveringContainerScrubbingService#0" daemon prio=5 tid=441 in Object.wait()
java.lang.Thread.State: WAITING (on object monitor)
        at sun.misc.Unsafe.park(Native Method)
        at java.util.concurrent.locks.LockSupport.park(LockSupport.java:175)
        at java.util.concurrent.locks.AbstractQueuedSynchronizer$ConditionObject.await(AbstractQueuedSynchronizer.java:2039)
        at java.util.concurrent.ScheduledThreadPoolExecutor$DelayedWorkQueue.take(ScheduledThreadPoolExecutor.java:1088)
        at java.util.concurrent.ScheduledThreadPoolExecutor$DelayedWorkQueue.take(ScheduledThreadPoolExecutor.java:809)
        at java.util.concurrent.ThreadPoolExecutor.getTask(ThreadPoolExecutor.java:1074)
        at java.util.concurrent.ThreadPoolExecutor.runWorker(ThreadPoolExecutor.java:1134)
        at java.util.concurrent.ThreadPoolExecutor$Worker.run(ThreadPoolExecutor.java:624)
        at java.lang.Thread.run(Thread.java:750)
"IPC Server handler 8 on default port 32861" daemon prio=5 tid=45 timed_waiting
java.lang.Thread.State: TIMED_WAITING
        at sun.misc.Unsafe.park(Native Method)
        at java.util.concurrent.locks.LockSupport.parkNanos(LockSupport.java:215)
        at java.util.concurrent.locks.AbstractQueuedSynchronizer$ConditionObject.awaitNanos(AbstractQueuedSynchronizer.java:2078)
        at java.util.concurrent.LinkedBlockingQueue.poll(LinkedBlockingQueue.java:467)
        at org.apache.hadoop.ipc.CallQueueManager.take(CallQueueManager.java:317)
        at org.apache.hadoop.ipc.Server$Handler.run(Server.java:2942)
"57b0e5c4-d4d8-463c-8999-53af98295cd0@group-25E74EA5BF7A-StateMachineUpdater" daemon prio=5 tid=628 timed_waiting
java.lang.Thread.State: TIMED_WAITING
        at sun.misc.Unsafe.park(Native Method)
        at java.util.concurrent.locks.LockSupport.parkNanos(LockSupport.java:215)
        at java.util.concurrent.CompletableFuture$Signaller.block(CompletableFuture.java:1709)
        at java.util.concurrent.ForkJoinPool.managedBlock(ForkJoinPool.java:3323)
        at java.util.concurrent.CompletableFuture.timedGet(CompletableFuture.java:1788)
        at java.util.concurrent.CompletableFuture.get(CompletableFuture.java:1928)
        at org.apache.ratis.util.AwaitForSignal.await(AwaitForSignal.java:56)
        at org.apache.ratis.server.impl.StateMachineUpdater.waitForCommit(StateMachineUpdater.java:207)
        at org.apache.ratis.server.impl.StateMachineUpdater.run(StateMachineUpdater.java:176)
        at java.lang.Thread.run(Thread.java:750)
"timer6" daemon prio=5 tid=789 timed_waiting
java.lang.Thread.State: TIMED_WAITING
        at java.lang.Object.wait(Native Method)
        at java.util.TimerThread.mainLoop(Timer.java:552)
        at java.util.TimerThread.run(Timer.java:505)
"qtp1266321027-409" daemon prio=5 tid=409 runnable
java.lang.Thread.State: RUNNABLE
        at sun.nio.ch.EPollArrayWrapper.epollWait(Native Method)
        at sun.nio.ch.EPollArrayWrapper.poll(EPollArrayWrapper.java:269)
        at sun.nio.ch.EPollSelectorImpl.doSelect(EPollSelectorImpl.java:93)
        at sun.nio.ch.SelectorImpl.lockAndDoSelect(SelectorImpl.java:86)
        at sun.nio.ch.SelectorImpl.select(SelectorImpl.java:97)
        at sun.nio.ch.SelectorImpl.select(SelectorImpl.java:101)
        at org.eclipse.jetty.io.ManagedSelector.nioSelect(ManagedSelector.java:183)
        at org.eclipse.jetty.io.ManagedSelector.select(ManagedSelector.java:190)
        at org.eclipse.jetty.io.ManagedSelector$SelectorProducer.select(ManagedSelector.java:606)
        at org.eclipse.jetty.io.ManagedSelector$SelectorProducer.produce(ManagedSelector.java:543)
        at org.eclipse.jetty.util.thread.strategy.EatWhatYouKill.produceTask(EatWhatYouKill.java:362)
        at org.eclipse.jetty.util.thread.strategy.EatWhatYouKill.doProduce(EatWhatYouKill.java:186)
        at org.eclipse.jetty.util.thread.strategy.EatWhatYouKill.tryProduce(EatWhatYouKill.java:173)
        at org.eclipse.jetty.util.thread.strategy.EatWhatYouKill.produce(EatWhatYouKill.java:137)
        at org.eclipse.jetty.io.ManagedSelector$$Lambda$446/1613065499.run(Unknown Source)
        at org.eclipse.jetty.util.thread.QueuedThreadPool.runJob(QueuedThreadPool.java:883)
        at org.eclipse.jetty.util.thread.QueuedThreadPool$Runner.run(QueuedThreadPool.java:1034)
        at java.lang.Thread.run(Thread.java:750)
"ChunkReader-ELG-0" daemon prio=5 tid=362 runnable
java.lang.Thread.State: RUNNABLE
        at org.apache.ratis.thirdparty.io.netty.channel.epoll.Native.epollWait0(Native Method)
        at org.apache.ratis.thirdparty.io.netty.channel.epoll.Native.epollWait(Native.java:182)
        at org.apache.ratis.thirdparty.io.netty.channel.epoll.EpollEventLoop.epollWait(EpollEventLoop.java:290)
        at org.apache.ratis.thirdparty.io.netty.channel.epoll.EpollEventLoop.run(EpollEventLoop.java:354)
        at org.apache.ratis.thirdparty.io.netty.util.concurrent.SingleThreadEventExecutor$4.run(SingleThreadEventExecutor.java:995)
        at org.apache.ratis.thirdparty.io.netty.util.internal.ThreadExecutorMap$2.run(ThreadExecutorMap.java:74)
        at java.lang.Thread.run(Thread.java:750)
"JvmPauseMonitor0" daemon prio=5 tid=129 timed_waiting
java.lang.Thread.State: TIMED_WAITING
        at java.lang.Thread.sleep(Native Method)
        at java.lang.Thread.sleep(Thread.java:342)
        at java.util.concurrent.TimeUnit.sleep(TimeUnit.java:386)
        at org.apache.ratis.util.TimeDuration.sleep(TimeDuration.java:325)
        at org.apache.ratis.util.TimeDuration.sleep(TimeDuration.java:310)
        at org.apache.ratis.util.JvmPauseMonitor.detectPause(JvmPauseMonitor.java:119)
        at org.apache.ratis.util.JvmPauseMonitor.run(JvmPauseMonitor.java:108)
        at org.apache.ratis.util.JvmPauseMonitor$$Lambda$706/1510764580.run(Unknown Source)
        at java.lang.Thread.run(Thread.java:750)
"IPC Server handler 11 on default port 35291" daemon prio=5 tid=88 timed_waiting
java.lang.Thread.State: TIMED_WAITING
        at sun.misc.Unsafe.park(Native Method)
        at java.util.concurrent.locks.LockSupport.parkNanos(LockSupport.java:215)
        at java.util.concurrent.locks.AbstractQueuedSynchronizer$ConditionObject.awaitNanos(AbstractQueuedSynchronizer.java:2078)
        at java.util.concurrent.LinkedBlockingQueue.poll(LinkedBlockingQueue.java:467)
        at org.apache.hadoop.ipc.CallQueueManager.take(CallQueueManager.java:317)
        at org.apache.hadoop.ipc.Server$Handler.run(Server.java:2942)
"qtp406153553-102" daemon prio=5 tid=102 timed_waiting
java.lang.Thread.State: TIMED_WAITING
        at sun.misc.Unsafe.park(Native Method)
        at java.util.concurrent.locks.LockSupport.parkNanos(LockSupport.java:215)
        at java.util.concurrent.locks.AbstractQueuedSynchronizer$ConditionObject.awaitNanos(AbstractQueuedSynchronizer.java:2078)
        at org.eclipse.jetty.util.BlockingArrayQueue.poll(BlockingArrayQueue.java:382)
        at org.eclipse.jetty.util.thread.QueuedThreadPool$Runner.idleJobPoll(QueuedThreadPool.java:974)
        at org.eclipse.jetty.util.thread.QueuedThreadPool$Runner.run(QueuedThreadPool.java:1018)
        at java.lang.Thread.run(Thread.java:750)
"EndpointStateMachine task thread for /0.0.0.0:35291 - 0 "  prio=5 tid=342 in Object.wait()
java.lang.Thread.State: WAITING (on object monitor)
        at sun.misc.Unsafe.park(Native Method)
        at java.util.concurrent.locks.LockSupport.park(LockSupport.java:175)
        at java.util.concurrent.locks.AbstractQueuedSynchronizer$ConditionObject.await(AbstractQueuedSynchronizer.java:2039)
        at java.util.concurrent.LinkedBlockingQueue.take(LinkedBlockingQueue.java:442)
        at java.util.concurrent.ThreadPoolExecutor.getTask(ThreadPoolExecutor.java:1074)
        at java.util.concurrent.ThreadPoolExecutor.runWorker(ThreadPoolExecutor.java:1134)
        at java.util.concurrent.ThreadPoolExecutor$Worker.run(ThreadPoolExecutor.java:624)
        at java.lang.Thread.run(Thread.java:750)
"qtp549150079-207" daemon prio=5 tid=207 timed_waiting
java.lang.Thread.State: TIMED_WAITING
        at sun.misc.Unsafe.park(Native Method)
        at java.util.concurrent.locks.LockSupport.parkNanos(LockSupport.java:215)
        at java.util.concurrent.locks.AbstractQueuedSynchronizer$ConditionObject.awaitNanos(AbstractQueuedSynchronizer.java:2078)
        at org.eclipse.jetty.util.BlockingArrayQueue.poll(BlockingArrayQueue.java:382)
        at org.eclipse.jetty.util.thread.QueuedThreadPool$Runner.idleJobPoll(QueuedThreadPool.java:974)
        at org.eclipse.jetty.util.thread.QueuedThreadPool$Runner.run(QueuedThreadPool.java:1018)
        at java.lang.Thread.run(Thread.java:750)
"FixedThreadPoolWithAffinityExecutor-0-0" daemon prio=5 tid=534 in Object.wait()
java.lang.Thread.State: WAITING (on object monitor)
        at sun.misc.Unsafe.park(Native Method)
        at java.util.concurrent.locks.LockSupport.park(LockSupport.java:175)
        at java.util.concurrent.locks.AbstractQueuedSynchronizer$ConditionObject.await(AbstractQueuedSynchronizer.java:2039)
        at java.util.concurrent.LinkedBlockingDeque.takeFirst(LinkedBlockingDeque.java:492)
        at java.util.concurrent.LinkedBlockingDeque.take(LinkedBlockingDeque.java:680)
        at java.util.concurrent.ThreadPoolExecutor.getTask(ThreadPoolExecutor.java:1074)
        at java.util.concurrent.ThreadPoolExecutor.runWorker(ThreadPoolExecutor.java:1134)
        at java.util.concurrent.ThreadPoolExecutor$Worker.run(ThreadPoolExecutor.java:624)
        at java.lang.Thread.run(Thread.java:750)
"Datanode ReportManager Thread - 0" daemon prio=5 tid=184 in Object.wait()
java.lang.Thread.State: WAITING (on object monitor)
        at sun.misc.Unsafe.park(Native Method)
        at java.util.concurrent.locks.LockSupport.park(LockSupport.java:175)
        at java.util.concurrent.locks.AbstractQueuedSynchronizer$ConditionObject.await(AbstractQueuedSynchronizer.java:2039)
        at java.util.concurrent.ScheduledThreadPoolExecutor$DelayedWorkQueue.take(ScheduledThreadPoolExecutor.java:1088)
        at java.util.concurrent.ScheduledThreadPoolExecutor$DelayedWorkQueue.take(ScheduledThreadPoolExecutor.java:809)
        at java.util.concurrent.ThreadPoolExecutor.getTask(ThreadPoolExecutor.java:1074)
        at java.util.concurrent.ThreadPoolExecutor.runWorker(ThreadPoolExecutor.java:1134)
        at java.util.concurrent.ThreadPoolExecutor$Worker.run(ThreadPoolExecutor.java:624)
        at java.lang.Thread.run(Thread.java:750)
"StaleRecoveringContainerScrubbingService#2" daemon prio=5 tid=899 in Object.wait()
java.lang.Thread.State: WAITING (on object monitor)
        at sun.misc.Unsafe.park(Native Method)
        at java.util.concurrent.locks.LockSupport.park(LockSupport.java:175)
        at java.util.concurrent.locks.AbstractQueuedSynchronizer$ConditionObject.await(AbstractQueuedSynchronizer.java:2039)
        at java.util.concurrent.ScheduledThreadPoolExecutor$DelayedWorkQueue.take(ScheduledThreadPoolExecutor.java:1088)
        at java.util.concurrent.ScheduledThreadPoolExecutor$DelayedWorkQueue.take(ScheduledThreadPoolExecutor.java:809)
        at java.util.concurrent.ThreadPoolExecutor.getTask(ThreadPoolExecutor.java:1074)
        at java.util.concurrent.ThreadPoolExecutor.runWorker(ThreadPoolExecutor.java:1134)
        at java.util.concurrent.ThreadPoolExecutor$Worker.run(ThreadPoolExecutor.java:624)
        at java.lang.Thread.run(Thread.java:750)
"ChunkReader-2" daemon prio=5 tid=777 in Object.wait()
java.lang.Thread.State: WAITING (on object monitor)
        at sun.misc.Unsafe.park(Native Method)
        at java.util.concurrent.locks.LockSupport.park(LockSupport.java:175)
        at java.util.concurrent.locks.AbstractQueuedSynchronizer$ConditionObject.await(AbstractQueuedSynchronizer.java:2039)
        at java.util.concurrent.LinkedBlockingQueue.take(LinkedBlockingQueue.java:442)
        at java.util.concurrent.ThreadPoolExecutor.getTask(ThreadPoolExecutor.java:1074)
        at java.util.concurrent.ThreadPoolExecutor.runWorker(ThreadPoolExecutor.java:1134)
        at java.util.concurrent.ThreadPoolExecutor$Worker.run(ThreadPoolExecutor.java:624)
        at java.lang.Thread.run(Thread.java:750)
"IPC Server handler 4 on default port 41145" daemon prio=5 tid=61 timed_waiting
java.lang.Thread.State: TIMED_WAITING
        at sun.misc.Unsafe.park(Native Method)
        at java.util.concurrent.locks.LockSupport.parkNanos(LockSupport.java:215)
        at java.util.concurrent.locks.AbstractQueuedSynchronizer$ConditionObject.awaitNanos(AbstractQueuedSynchronizer.java:2078)
        at java.util.concurrent.LinkedBlockingQueue.poll(LinkedBlockingQueue.java:467)
        at org.apache.hadoop.ipc.CallQueueManager.take(CallQueueManager.java:317)
        at org.apache.hadoop.ipc.Server$Handler.run(Server.java:2942)
"qtp113925453-378" daemon prio=5 tid=378 timed_waiting
java.lang.Thread.State: TIMED_WAITING
        at sun.misc.Unsafe.park(Native Method)
        at java.util.concurrent.locks.LockSupport.parkNanos(LockSupport.java:215)
        at java.util.concurrent.locks.AbstractQueuedSynchronizer$ConditionObject.awaitNanos(AbstractQueuedSynchronizer.java:2078)
        at org.eclipse.jetty.util.BlockingArrayQueue.poll(BlockingArrayQueue.java:382)
        at org.eclipse.jetty.util.thread.QueuedThreadPool$Runner.idleJobPoll(QueuedThreadPool.java:974)
        at org.eclipse.jetty.util.thread.QueuedThreadPool$Runner.run(QueuedThreadPool.java:1018)
        at java.lang.Thread.run(Thread.java:750)
"Datanode State Machine Task Thread - 0"  prio=5 tid=191 in Object.wait()
java.lang.Thread.State: WAITING (on object monitor)
        at sun.misc.Unsafe.park(Native Method)
        at java.util.concurrent.locks.LockSupport.park(LockSupport.java:175)
        at java.util.concurrent.locks.AbstractQueuedSynchronizer$ConditionObject.await(AbstractQueuedSynchronizer.java:2039)
        at java.util.concurrent.LinkedBlockingQueue.take(LinkedBlockingQueue.java:442)
        at java.util.concurrent.ThreadPoolExecutor.getTask(ThreadPoolExecutor.java:1074)
        at java.util.concurrent.ThreadPoolExecutor.runWorker(ThreadPoolExecutor.java:1134)
        at java.util.concurrent.ThreadPoolExecutor$Worker.run(ThreadPoolExecutor.java:624)
        at java.lang.Thread.run(Thread.java:750)
"Datanode State Machine Task Thread - 1"  prio=5 tid=456 in Object.wait()
java.lang.Thread.State: WAITING (on object monitor)
        at sun.misc.Unsafe.park(Native Method)
        at java.util.concurrent.locks.LockSupport.park(LockSupport.java:175)
        at java.util.concurrent.locks.AbstractQueuedSynchronizer$ConditionObject.await(AbstractQueuedSynchronizer.java:2039)
        at java.util.concurrent.LinkedBlockingQueue.take(LinkedBlockingQueue.java:442)
        at java.util.concurrent.ThreadPoolExecutor.getTask(ThreadPoolExecutor.java:1074)
        at java.util.concurrent.ThreadPoolExecutor.runWorker(ThreadPoolExecutor.java:1134)
        at java.util.concurrent.ThreadPoolExecutor$Worker.run(ThreadPoolExecutor.java:624)
        at java.lang.Thread.run(Thread.java:750)
"pool-88-thread-1" daemon prio=5 tid=195 timed_waiting
java.lang.Thread.State: TIMED_WAITING
        at sun.misc.Unsafe.park(Native Method)
        at java.util.concurrent.locks.LockSupport.parkNanos(LockSupport.java:215)
        at java.util.concurrent.locks.AbstractQueuedSynchronizer$ConditionObject.awaitNanos(AbstractQueuedSynchronizer.java:2078)
        at java.util.concurrent.ScheduledThreadPoolExecutor$DelayedWorkQueue.take(ScheduledThreadPoolExecutor.java:1093)
        at java.util.concurrent.ScheduledThreadPoolExecutor$DelayedWorkQueue.take(ScheduledThreadPoolExecutor.java:809)
        at java.util.concurrent.ThreadPoolExecutor.getTask(ThreadPoolExecutor.java:1074)
        at java.util.concurrent.ThreadPoolExecutor.runWorker(ThreadPoolExecutor.java:1134)
        at java.util.concurrent.ThreadPoolExecutor$Worker.run(ThreadPoolExecutor.java:624)
        at java.lang.Thread.run(Thread.java:750)
"StaleRecoveringContainerScrubbingService#2" daemon prio=5 tid=909 in Object.wait()
java.lang.Thread.State: WAITING (on object monitor)
        at sun.misc.Unsafe.park(Native Method)
        at java.util.concurrent.locks.LockSupport.park(LockSupport.java:175)
        at java.util.concurrent.locks.AbstractQueuedSynchronizer$ConditionObject.await(AbstractQueuedSynchronizer.java:2039)
        at java.util.concurrent.ScheduledThreadPoolExecutor$DelayedWorkQueue.take(ScheduledThreadPoolExecutor.java:1088)
        at java.util.concurrent.ScheduledThreadPoolExecutor$DelayedWorkQueue.take(ScheduledThreadPoolExecutor.java:809)
        at java.util.concurrent.ThreadPoolExecutor.getTask(ThreadPoolExecutor.java:1074)
        at java.util.concurrent.ThreadPoolExecutor.runWorker(ThreadPoolExecutor.java:1134)
        at java.util.concurrent.ThreadPoolExecutor$Worker.run(ThreadPoolExecutor.java:624)
        at java.lang.Thread.run(Thread.java:750)
"org.apache.hadoop.util.JvmPauseMonitor$Monitor@3b488d39" daemon prio=5 tid=322 timed_waiting
java.lang.Thread.State: TIMED_WAITING
        at java.lang.Thread.sleep(Native Method)
        at org.apache.hadoop.util.JvmPauseMonitor$Monitor.run(JvmPauseMonitor.java:192)
        at java.lang.Thread.run(Thread.java:750)
"IPC Server handler 18 on default port 42013" daemon prio=5 tid=162 timed_waiting
java.lang.Thread.State: TIMED_WAITING
        at sun.misc.Unsafe.park(Native Method)
        at java.util.concurrent.locks.LockSupport.parkNanos(LockSupport.java:215)
        at java.util.concurrent.locks.AbstractQueuedSynchronizer$ConditionObject.awaitNanos(AbstractQueuedSynchronizer.java:2078)
        at java.util.concurrent.LinkedBlockingQueue.poll(LinkedBlockingQueue.java:467)
        at org.apache.hadoop.ipc.CallQueueManager.take(CallQueueManager.java:317)
        at org.apache.hadoop.ipc.Server$Handler.run(Server.java:2942)
"Datanode State Machine Task Thread - 1"  prio=5 tid=535 in Object.wait()
java.lang.Thread.State: WAITING (on object monitor)
        at sun.misc.Unsafe.park(Native Method)
        at java.util.concurrent.locks.LockSupport.park(LockSupport.java:175)
        at java.util.concurrent.locks.AbstractQueuedSynchronizer$ConditionObject.await(AbstractQueuedSynchronizer.java:2039)
        at java.util.concurrent.LinkedBlockingQueue.take(LinkedBlockingQueue.java:442)
        at java.util.concurrent.ThreadPoolExecutor.getTask(ThreadPoolExecutor.java:1074)
        at java.util.concurrent.ThreadPoolExecutor.runWorker(ThreadPoolExecutor.java:1134)
        at java.util.concurrent.ThreadPoolExecutor$Worker.run(ThreadPoolExecutor.java:624)
        at java.lang.Thread.run(Thread.java:750)
"IPC Server handler 10 on default port 42013" daemon prio=5 tid=154 timed_waiting
java.lang.Thread.State: TIMED_WAITING
        at sun.misc.Unsafe.park(Native Method)
        at java.util.concurrent.locks.LockSupport.parkNanos(LockSupport.java:215)
        at java.util.concurrent.locks.AbstractQueuedSynchronizer$ConditionObject.awaitNanos(AbstractQueuedSynchronizer.java:2078)
        at java.util.concurrent.LinkedBlockingQueue.poll(LinkedBlockingQueue.java:467)
        at org.apache.hadoop.ipc.CallQueueManager.take(CallQueueManager.java:317)
        at org.apache.hadoop.ipc.Server$Handler.run(Server.java:2942)
"qtp703849415-140" daemon prio=5 tid=140 timed_waiting
java.lang.Thread.State: TIMED_WAITING
        at sun.misc.Unsafe.park(Native Method)
        at java.util.concurrent.locks.LockSupport.parkNanos(LockSupport.java:215)
        at java.util.concurrent.locks.AbstractQueuedSynchronizer$ConditionObject.awaitNanos(AbstractQueuedSynchronizer.java:2078)
        at org.eclipse.jetty.util.BlockingArrayQueue.poll(BlockingArrayQueue.java:382)
        at org.eclipse.jetty.util.thread.QueuedThreadPool$Runner.idleJobPoll(QueuedThreadPool.java:974)
        at org.eclipse.jetty.util.thread.QueuedThreadPool$Runner.run(QueuedThreadPool.java:1018)
        at java.lang.Thread.run(Thread.java:750)
"86e92292-7141-46cb-9ed5-093a2cfc2b40-server-thread2" daemon prio=5 tid=869 timed_waiting
java.lang.Thread.State: TIMED_WAITING
        at sun.misc.Unsafe.park(Native Method)
        at java.util.concurrent.locks.LockSupport.parkNanos(LockSupport.java:215)
        at java.util.concurrent.SynchronousQueue$TransferStack.awaitFulfill(SynchronousQueue.java:460)
        at java.util.concurrent.SynchronousQueue$TransferStack.transfer(SynchronousQueue.java:362)
        at java.util.concurrent.SynchronousQueue.poll(SynchronousQueue.java:941)
        at java.util.concurrent.ThreadPoolExecutor.getTask(ThreadPoolExecutor.java:1073)
        at java.util.concurrent.ThreadPoolExecutor.runWorker(ThreadPoolExecutor.java:1134)
        at java.util.concurrent.ThreadPoolExecutor$Worker.run(ThreadPoolExecutor.java:624)
        at java.lang.Thread.run(Thread.java:750)
"Datanode ReportManager Thread - 1" daemon prio=5 tid=265 timed_waiting
java.lang.Thread.State: TIMED_WAITING
        at sun.misc.Unsafe.park(Native Method)
        at java.util.concurrent.locks.LockSupport.parkNanos(LockSupport.java:215)
        at java.util.concurrent.locks.AbstractQueuedSynchronizer$ConditionObject.awaitNanos(AbstractQueuedSynchronizer.java:2078)
        at java.util.concurrent.ScheduledThreadPoolExecutor$DelayedWorkQueue.take(ScheduledThreadPoolExecutor.java:1093)
        at java.util.concurrent.ScheduledThreadPoolExecutor$DelayedWorkQueue.take(ScheduledThreadPoolExecutor.java:809)
        at java.util.concurrent.ThreadPoolExecutor.getTask(ThreadPoolExecutor.java:1074)
        at java.util.concurrent.ThreadPoolExecutor.runWorker(ThreadPoolExecutor.java:1134)
        at java.util.concurrent.ThreadPoolExecutor$Worker.run(ThreadPoolExecutor.java:624)
        at java.lang.Thread.run(Thread.java:750)
"58d8b8bb-cfc7-423c-ba1f-09160eea4c71@group-25E74EA5BF7A-StateMachineUpdater" daemon prio=5 tid=632 timed_waiting
java.lang.Thread.State: TIMED_WAITING
        at sun.misc.Unsafe.park(Native Method)
        at java.util.concurrent.locks.LockSupport.parkNanos(LockSupport.java:215)
        at java.util.concurrent.CompletableFuture$Signaller.block(CompletableFuture.java:1709)
        at java.util.concurrent.ForkJoinPool.managedBlock(ForkJoinPool.java:3323)
        at java.util.concurrent.CompletableFuture.timedGet(CompletableFuture.java:1788)
        at java.util.concurrent.CompletableFuture.get(CompletableFuture.java:1928)
        at org.apache.ratis.util.AwaitForSignal.await(AwaitForSignal.java:56)
        at org.apache.ratis.server.impl.StateMachineUpdater.waitForCommit(StateMachineUpdater.java:207)
        at org.apache.ratis.server.impl.StateMachineUpdater.run(StateMachineUpdater.java:176)
        at java.lang.Thread.run(Thread.java:750)
"edb0f50d-ef97-4088-a20b-1c61b9a9d6ec@group-0252A98196AF-SegmentedRaftLogWorker"  prio=5 tid=610 timed_waiting
java.lang.Thread.State: TIMED_WAITING
        at sun.misc.Unsafe.park(Native Method)
        at java.util.concurrent.locks.LockSupport.parkNanos(LockSupport.java:215)
        at java.util.concurrent.locks.AbstractQueuedSynchronizer$ConditionObject.awaitNanos(AbstractQueuedSynchronizer.java:2078)
        at org.apache.ratis.util.DataBlockingQueue.poll(DataBlockingQueue.java:148)
        at org.apache.ratis.server.raftlog.segmented.SegmentedRaftLogWorker.run(SegmentedRaftLogWorker.java:310)
        at org.apache.ratis.server.raftlog.segmented.SegmentedRaftLogWorker$$Lambda$665/1346122915.run(Unknown Source)
        at java.lang.Thread.run(Thread.java:750)
"IPC Server handler 18 on default port 32861" daemon prio=5 tid=55 timed_waiting
java.lang.Thread.State: TIMED_WAITING
        at sun.misc.Unsafe.park(Native Method)
        at java.util.concurrent.locks.LockSupport.parkNanos(LockSupport.java:215)
        at java.util.concurrent.locks.AbstractQueuedSynchronizer$ConditionObject.awaitNanos(AbstractQueuedSynchronizer.java:2078)
        at java.util.concurrent.LinkedBlockingQueue.poll(LinkedBlockingQueue.java:467)
        at org.apache.hadoop.ipc.CallQueueManager.take(CallQueueManager.java:317)
        at org.apache.hadoop.ipc.Server$Handler.run(Server.java:2942)
"Datanode ReportManager Thread - 3" daemon prio=5 tid=472 in Object.wait()
java.lang.Thread.State: WAITING (on object monitor)
        at sun.misc.Unsafe.park(Native Method)
        at java.util.concurrent.locks.LockSupport.park(LockSupport.java:175)
        at java.util.concurrent.locks.AbstractQueuedSynchronizer$ConditionObject.await(AbstractQueuedSynchronizer.java:2039)
        at java.util.concurrent.ScheduledThreadPoolExecutor$DelayedWorkQueue.take(ScheduledThreadPoolExecutor.java:1088)
        at java.util.concurrent.ScheduledThreadPoolExecutor$DelayedWorkQueue.take(ScheduledThreadPoolExecutor.java:809)
        at java.util.concurrent.ThreadPoolExecutor.getTask(ThreadPoolExecutor.java:1074)
        at java.util.concurrent.ThreadPoolExecutor.runWorker(ThreadPoolExecutor.java:1134)
        at java.util.concurrent.ThreadPoolExecutor$Worker.run(ThreadPoolExecutor.java:624)
        at java.lang.Thread.run(Thread.java:750)
"FullTableCache Cleanup Thread - 0" daemon prio=5 tid=750 in Object.wait()
java.lang.Thread.State: WAITING (on object monitor)
        at sun.misc.Unsafe.park(Native Method)
        at java.util.concurrent.locks.LockSupport.park(LockSupport.java:175)
        at java.util.concurrent.locks.AbstractQueuedSynchronizer$ConditionObject.await(AbstractQueuedSynchronizer.java:2039)
        at java.util.concurrent.LinkedBlockingQueue.take(LinkedBlockingQueue.java:442)
        at java.util.concurrent.ThreadPoolExecutor.getTask(ThreadPoolExecutor.java:1074)
        at java.util.concurrent.ThreadPoolExecutor.runWorker(ThreadPoolExecutor.java:1134)
        at java.util.concurrent.ThreadPoolExecutor$Worker.run(ThreadPoolExecutor.java:624)
        at java.lang.Thread.run(Thread.java:750)
"qtp113925453-377" daemon prio=5 tid=377 timed_waiting
java.lang.Thread.State: TIMED_WAITING
        at sun.misc.Unsafe.park(Native Method)
        at java.util.concurrent.locks.LockSupport.parkNanos(LockSupport.java:215)
        at java.util.concurrent.locks.AbstractQueuedSynchronizer$ConditionObject.awaitNanos(AbstractQueuedSynchronizer.java:2078)
        at org.eclipse.jetty.util.BlockingArrayQueue.poll(BlockingArrayQueue.java:382)
        at org.eclipse.jetty.util.thread.QueuedThreadPool$Runner.idleJobPoll(QueuedThreadPool.java:974)
        at org.eclipse.jetty.util.thread.QueuedThreadPool$Runner.run(QueuedThreadPool.java:1018)
        at java.lang.Thread.run(Thread.java:750)
"IPC Server handler 2 on default port 41145" daemon prio=5 tid=59 timed_waiting
java.lang.Thread.State: TIMED_WAITING
        at sun.misc.Unsafe.park(Native Method)
        at java.util.concurrent.locks.LockSupport.parkNanos(LockSupport.java:215)
        at java.util.concurrent.locks.AbstractQueuedSynchronizer$ConditionObject.awaitNanos(AbstractQueuedSynchronizer.java:2078)
        at java.util.concurrent.LinkedBlockingQueue.poll(LinkedBlockingQueue.java:467)
        at org.apache.hadoop.ipc.CallQueueManager.take(CallQueueManager.java:317)
        at org.apache.hadoop.ipc.Server$Handler.run(Server.java:2942)
"ChunkWriter-2-0" daemon prio=5 tid=393 in Object.wait()
java.lang.Thread.State: WAITING (on object monitor)
        at sun.misc.Unsafe.park(Native Method)
        at java.util.concurrent.locks.LockSupport.park(LockSupport.java:175)
        at java.util.concurrent.locks.AbstractQueuedSynchronizer$ConditionObject.await(AbstractQueuedSynchronizer.java:2039)
        at java.util.concurrent.LinkedBlockingDeque.takeFirst(LinkedBlockingDeque.java:492)
        at java.util.concurrent.LinkedBlockingDeque.take(LinkedBlockingDeque.java:680)
        at java.util.concurrent.ThreadPoolExecutor.getTask(ThreadPoolExecutor.java:1074)
        at java.util.concurrent.ThreadPoolExecutor.runWorker(ThreadPoolExecutor.java:1134)
        at java.util.concurrent.ThreadPoolExecutor$Worker.run(ThreadPoolExecutor.java:624)
        at java.lang.Thread.run(Thread.java:750)
"Datanode ReportManager Thread - 3" daemon prio=5 tid=424 timed_waiting
java.lang.Thread.State: TIMED_WAITING
        at sun.misc.Unsafe.park(Native Method)
        at java.util.concurrent.locks.LockSupport.parkNanos(LockSupport.java:215)
        at java.util.concurrent.locks.AbstractQueuedSynchronizer$ConditionObject.awaitNanos(AbstractQueuedSynchronizer.java:2078)
        at java.util.concurrent.ScheduledThreadPoolExecutor$DelayedWorkQueue.take(ScheduledThreadPoolExecutor.java:1093)
        at java.util.concurrent.ScheduledThreadPoolExecutor$DelayedWorkQueue.take(ScheduledThreadPoolExecutor.java:809)
        at java.util.concurrent.ThreadPoolExecutor.getTask(ThreadPoolExecutor.java:1074)
        at java.util.concurrent.ThreadPoolExecutor.runWorker(ThreadPoolExecutor.java:1134)
        at java.util.concurrent.ThreadPoolExecutor$Worker.run(ThreadPoolExecutor.java:624)
        at java.lang.Thread.run(Thread.java:750)
"IPC Server handler 14 on default port 41145" daemon prio=5 tid=71 timed_waiting
java.lang.Thread.State: TIMED_WAITING
        at sun.misc.Unsafe.park(Native Method)
        at java.util.concurrent.locks.LockSupport.parkNanos(LockSupport.java:215)
        at java.util.concurrent.locks.AbstractQueuedSynchronizer$ConditionObject.awaitNanos(AbstractQueuedSynchronizer.java:2078)
        at java.util.concurrent.LinkedBlockingQueue.poll(LinkedBlockingQueue.java:467)
        at org.apache.hadoop.ipc.CallQueueManager.take(CallQueueManager.java:317)
        at org.apache.hadoop.ipc.Server$Handler.run(Server.java:2942)
"IPC Server handler 12 on default port 32861" daemon prio=5 tid=49 timed_waiting
java.lang.Thread.State: TIMED_WAITING
        at sun.misc.Unsafe.park(Native Method)
        at java.util.concurrent.locks.LockSupport.parkNanos(LockSupport.java:215)
        at java.util.concurrent.locks.AbstractQueuedSynchronizer$ConditionObject.awaitNanos(AbstractQueuedSynchronizer.java:2078)
        at java.util.concurrent.LinkedBlockingQueue.poll(LinkedBlockingQueue.java:467)
        at org.apache.hadoop.ipc.CallQueueManager.take(CallQueueManager.java:317)
        at org.apache.hadoop.ipc.Server$Handler.run(Server.java:2942)
"Session-HouseKeeper-61f8126e-1"  prio=5 tid=455 timed_waiting
java.lang.Thread.State: TIMED_WAITING
        at sun.misc.Unsafe.park(Native Method)
        at java.util.concurrent.locks.LockSupport.parkNanos(LockSupport.java:215)
        at java.util.concurrent.locks.AbstractQueuedSynchronizer$ConditionObject.awaitNanos(AbstractQueuedSynchronizer.java:2078)
        at java.util.concurrent.ScheduledThreadPoolExecutor$DelayedWorkQueue.take(ScheduledThreadPoolExecutor.java:1093)
        at java.util.concurrent.ScheduledThreadPoolExecutor$DelayedWorkQueue.take(ScheduledThreadPoolExecutor.java:809)
        at java.util.concurrent.ThreadPoolExecutor.getTask(ThreadPoolExecutor.java:1074)
        at java.util.concurrent.ThreadPoolExecutor.runWorker(ThreadPoolExecutor.java:1134)
        at java.util.concurrent.ThreadPoolExecutor$Worker.run(ThreadPoolExecutor.java:624)
        at java.lang.Thread.run(Thread.java:750)
"Datanode ReportManager Thread - 2" daemon prio=5 tid=240 in Object.wait()
java.lang.Thread.State: WAITING (on object monitor)
        at sun.misc.Unsafe.park(Native Method)
        at java.util.concurrent.locks.LockSupport.park(LockSupport.java:175)
        at java.util.concurrent.locks.AbstractQueuedSynchronizer$ConditionObject.await(AbstractQueuedSynchronizer.java:2039)
        at java.util.concurrent.ScheduledThreadPoolExecutor$DelayedWorkQueue.take(ScheduledThreadPoolExecutor.java:1088)
        at java.util.concurrent.ScheduledThreadPoolExecutor$DelayedWorkQueue.take(ScheduledThreadPoolExecutor.java:809)
        at java.util.concurrent.ThreadPoolExecutor.getTask(ThreadPoolExecutor.java:1074)
        at java.util.concurrent.ThreadPoolExecutor.runWorker(ThreadPoolExecutor.java:1134)
        at java.util.concurrent.ThreadPoolExecutor$Worker.run(ThreadPoolExecutor.java:624)
        at java.lang.Thread.run(Thread.java:750)
"pool-246-thread-1"  prio=5 tid=370 timed_waiting
java.lang.Thread.State: TIMED_WAITING
        at sun.misc.Unsafe.park(Native Method)
        at java.util.concurrent.locks.LockSupport.parkNanos(LockSupport.java:215)
        at java.util.concurrent.locks.AbstractQueuedSynchronizer$ConditionObject.awaitNanos(AbstractQueuedSynchronizer.java:2078)
        at java.util.concurrent.ScheduledThreadPoolExecutor$DelayedWorkQueue.take(ScheduledThreadPoolExecutor.java:1093)
        at java.util.concurrent.ScheduledThreadPoolExecutor$DelayedWorkQueue.take(ScheduledThreadPoolExecutor.java:809)
        at java.util.concurrent.ThreadPoolExecutor.getTask(ThreadPoolExecutor.java:1074)
        at java.util.concurrent.ThreadPoolExecutor.runWorker(ThreadPoolExecutor.java:1134)
        at java.util.concurrent.ThreadPoolExecutor$Worker.run(ThreadPoolExecutor.java:624)
        at java.lang.Thread.run(Thread.java:750)
"Command processor thread" daemon prio=5 tid=426 timed_waiting
java.lang.Thread.State: TIMED_WAITING
        at java.lang.Thread.sleep(Native Method)
        at org.apache.hadoop.ozone.container.common.statemachine.DatanodeStateMachine.lambda$initCommandHandlerThread$3(DatanodeStateMachine.java:641)
        at org.apache.hadoop.ozone.container.common.statemachine.DatanodeStateMachine$$Lambda$752/502831613.run(Unknown Source)
        at java.lang.Thread.run(Thread.java:750)
"qtp703849415-139" daemon prio=5 tid=139 timed_waiting
java.lang.Thread.State: TIMED_WAITING
        at sun.misc.Unsafe.park(Native Method)
        at java.util.concurrent.locks.LockSupport.parkNanos(LockSupport.java:215)
        at java.util.concurrent.locks.AbstractQueuedSynchronizer$ConditionObject.awaitNanos(AbstractQueuedSynchronizer.java:2078)
        at org.eclipse.jetty.util.BlockingArrayQueue.poll(BlockingArrayQueue.java:382)
        at org.eclipse.jetty.util.thread.QueuedThreadPool$Runner.idleJobPoll(QueuedThreadPool.java:974)
        at org.eclipse.jetty.util.thread.QueuedThreadPool$Runner.run(QueuedThreadPool.java:1018)
        at java.lang.Thread.run(Thread.java:750)
"86e92292-7141-46cb-9ed5-093a2cfc2b40@group-89BC2ECE481D-StateMachineUpdater" daemon prio=5 tid=564 timed_waiting
java.lang.Thread.State: TIMED_WAITING
        at sun.misc.Unsafe.park(Native Method)
        at java.util.concurrent.locks.LockSupport.parkNanos(LockSupport.java:215)
        at java.util.concurrent.CompletableFuture$Signaller.block(CompletableFuture.java:1709)
        at java.util.concurrent.ForkJoinPool.managedBlock(ForkJoinPool.java:3323)
        at java.util.concurrent.CompletableFuture.timedGet(CompletableFuture.java:1788)
        at java.util.concurrent.CompletableFuture.get(CompletableFuture.java:1928)
        at org.apache.ratis.util.AwaitForSignal.await(AwaitForSignal.java:56)
        at org.apache.ratis.server.impl.StateMachineUpdater.waitForCommit(StateMachineUpdater.java:207)
        at org.apache.ratis.server.impl.StateMachineUpdater.run(StateMachineUpdater.java:176)
        at java.lang.Thread.run(Thread.java:750)
"57b0e5c4-d4d8-463c-8999-53af98295cd0@group-52EDC75B76C9-LeaderStateImpl" daemon prio=5 tid=729 timed_waiting
java.lang.Thread.State: TIMED_WAITING
        at sun.misc.Unsafe.park(Native Method)
        at java.util.concurrent.locks.LockSupport.parkNanos(LockSupport.java:215)
        at java.util.concurrent.locks.AbstractQueuedSynchronizer$ConditionObject.awaitNanos(AbstractQueuedSynchronizer.java:2078)
        at java.util.concurrent.ArrayBlockingQueue.poll(ArrayBlockingQueue.java:418)
        at org.apache.ratis.server.impl.LeaderStateImpl$EventQueue.poll(LeaderStateImpl.java:159)
        at org.apache.ratis.server.impl.LeaderStateImpl$EventProcessor.run(LeaderStateImpl.java:630)
"FixedThreadPoolWithAffinityExecutor-1-0" daemon prio=5 tid=502 in Object.wait()
java.lang.Thread.State: WAITING (on object monitor)
        at sun.misc.Unsafe.park(Native Method)
        at java.util.concurrent.locks.LockSupport.park(LockSupport.java:175)
        at java.util.concurrent.locks.AbstractQueuedSynchronizer$ConditionObject.await(AbstractQueuedSynchronizer.java:2039)
        at java.util.concurrent.LinkedBlockingDeque.takeFirst(LinkedBlockingDeque.java:492)
        at java.util.concurrent.LinkedBlockingDeque.take(LinkedBlockingDeque.java:680)
        at java.util.concurrent.ThreadPoolExecutor.getTask(ThreadPoolExecutor.java:1074)
        at java.util.concurrent.ThreadPoolExecutor.runWorker(ThreadPoolExecutor.java:1134)
        at java.util.concurrent.ThreadPoolExecutor$Worker.run(ThreadPoolExecutor.java:624)
        at java.lang.Thread.run(Thread.java:750)
"IPC Server handler 19 on default port 42013" daemon prio=5 tid=163 timed_waiting
java.lang.Thread.State: TIMED_WAITING
        at sun.misc.Unsafe.park(Native Method)
        at java.util.concurrent.locks.LockSupport.parkNanos(LockSupport.java:215)
        at java.util.concurrent.locks.AbstractQueuedSynchronizer$ConditionObject.awaitNanos(AbstractQueuedSynchronizer.java:2078)
        at java.util.concurrent.LinkedBlockingQueue.poll(LinkedBlockingQueue.java:467)
        at org.apache.hadoop.ipc.CallQueueManager.take(CallQueueManager.java:317)
        at org.apache.hadoop.ipc.Server$Handler.run(Server.java:2942)
"StaleRecoveringContainerScrubbingService#2" daemon prio=5 tid=897 in Object.wait()
java.lang.Thread.State: WAITING (on object monitor)
        at sun.misc.Unsafe.park(Native Method)
        at java.util.concurrent.locks.LockSupport.park(LockSupport.java:175)
        at java.util.concurrent.locks.AbstractQueuedSynchronizer$ConditionObject.await(AbstractQueuedSynchronizer.java:2039)
        at java.util.concurrent.ScheduledThreadPoolExecutor$DelayedWorkQueue.take(ScheduledThreadPoolExecutor.java:1088)
        at java.util.concurrent.ScheduledThreadPoolExecutor$DelayedWorkQueue.take(ScheduledThreadPoolExecutor.java:809)
        at java.util.concurrent.ThreadPoolExecutor.getTask(ThreadPoolExecutor.java:1074)
        at java.util.concurrent.ThreadPoolExecutor.runWorker(ThreadPoolExecutor.java:1134)
        at java.util.concurrent.ThreadPoolExecutor$Worker.run(ThreadPoolExecutor.java:624)
        at java.lang.Thread.run(Thread.java:750)
"BlockDeletingService#1" daemon prio=5 tid=499 timed_waiting
java.lang.Thread.State: TIMED_WAITING
        at sun.misc.Unsafe.park(Native Method)
        at java.util.concurrent.locks.LockSupport.parkNanos(LockSupport.java:215)
        at java.util.concurrent.locks.AbstractQueuedSynchronizer$ConditionObject.awaitNanos(AbstractQueuedSynchronizer.java:2078)
        at java.util.concurrent.ScheduledThreadPoolExecutor$DelayedWorkQueue.take(ScheduledThreadPoolExecutor.java:1093)
        at java.util.concurrent.ScheduledThreadPoolExecutor$DelayedWorkQueue.take(ScheduledThreadPoolExecutor.java:809)
        at java.util.concurrent.ThreadPoolExecutor.getTask(ThreadPoolExecutor.java:1074)
        at java.util.concurrent.ThreadPoolExecutor.runWorker(ThreadPoolExecutor.java:1134)
        at java.util.concurrent.ThreadPoolExecutor$Worker.run(ThreadPoolExecutor.java:624)
        at java.lang.Thread.run(Thread.java:750)
"Datanode State Machine Task Thread - 0"  prio=5 tid=219 in Object.wait()
java.lang.Thread.State: WAITING (on object monitor)
        at sun.misc.Unsafe.park(Native Method)
        at java.util.concurrent.locks.LockSupport.park(LockSupport.java:175)
        at java.util.concurrent.locks.AbstractQueuedSynchronizer$ConditionObject.await(AbstractQueuedSynchronizer.java:2039)
        at java.util.concurrent.LinkedBlockingQueue.take(LinkedBlockingQueue.java:442)
        at java.util.concurrent.ThreadPoolExecutor.getTask(ThreadPoolExecutor.java:1074)
        at java.util.concurrent.ThreadPoolExecutor.runWorker(ThreadPoolExecutor.java:1134)
        at java.util.concurrent.ThreadPoolExecutor$Worker.run(ThreadPoolExecutor.java:624)
        at java.lang.Thread.run(Thread.java:750)
"ChunkWriter-3-0" daemon prio=5 tid=356 in Object.wait()
java.lang.Thread.State: WAITING (on object monitor)
        at sun.misc.Unsafe.park(Native Method)
        at java.util.concurrent.locks.LockSupport.park(LockSupport.java:175)
        at java.util.concurrent.locks.AbstractQueuedSynchronizer$ConditionObject.await(AbstractQueuedSynchronizer.java:2039)
        at java.util.concurrent.LinkedBlockingDeque.takeFirst(LinkedBlockingDeque.java:492)
        at java.util.concurrent.LinkedBlockingDeque.take(LinkedBlockingDeque.java:680)
        at java.util.concurrent.ThreadPoolExecutor.getTask(ThreadPoolExecutor.java:1074)
        at java.util.concurrent.ThreadPoolExecutor.runWorker(ThreadPoolExecutor.java:1134)
        at java.util.concurrent.ThreadPoolExecutor$Worker.run(ThreadPoolExecutor.java:624)
        at java.lang.Thread.run(Thread.java:750)
"Datanode ReportManager Thread - 1" daemon prio=5 tid=382 in Object.wait()
java.lang.Thread.State: WAITING (on object monitor)
        at sun.misc.Unsafe.park(Native Method)
        at java.util.concurrent.locks.LockSupport.park(LockSupport.java:175)
        at java.util.concurrent.locks.AbstractQueuedSynchronizer$ConditionObject.await(AbstractQueuedSynchronizer.java:2039)
        at java.util.concurrent.ScheduledThreadPoolExecutor$DelayedWorkQueue.take(ScheduledThreadPoolExecutor.java:1088)
        at java.util.concurrent.ScheduledThreadPoolExecutor$DelayedWorkQueue.take(ScheduledThreadPoolExecutor.java:809)
        at java.util.concurrent.ThreadPoolExecutor.getTask(ThreadPoolExecutor.java:1074)
        at java.util.concurrent.ThreadPoolExecutor.runWorker(ThreadPoolExecutor.java:1134)
        at java.util.concurrent.ThreadPoolExecutor$Worker.run(ThreadPoolExecutor.java:624)
        at java.lang.Thread.run(Thread.java:750)
"Periodic HDDS volume checker" daemon prio=5 tid=166 timed_waiting
java.lang.Thread.State: TIMED_WAITING
        at sun.misc.Unsafe.park(Native Method)
        at java.util.concurrent.locks.LockSupport.parkNanos(LockSupport.java:215)
        at java.util.concurrent.locks.AbstractQueuedSynchronizer$ConditionObject.awaitNanos(AbstractQueuedSynchronizer.java:2078)
        at java.util.concurrent.ScheduledThreadPoolExecutor$DelayedWorkQueue.take(ScheduledThreadPoolExecutor.java:1093)
        at java.util.concurrent.ScheduledThreadPoolExecutor$DelayedWorkQueue.take(ScheduledThreadPoolExecutor.java:809)
        at java.util.concurrent.ThreadPoolExecutor.getTask(ThreadPoolExecutor.java:1074)
        at java.util.concurrent.ThreadPoolExecutor.runWorker(ThreadPoolExecutor.java:1134)
        at java.util.concurrent.ThreadPoolExecutor$Worker.run(ThreadPoolExecutor.java:624)
        at java.lang.Thread.run(Thread.java:750)
"qtp113925453-375" daemon prio=5 tid=375 timed_waiting
java.lang.Thread.State: TIMED_WAITING
        at sun.misc.Unsafe.park(Native Method)
        at java.util.concurrent.locks.LockSupport.parkNanos(LockSupport.java:215)
        at java.util.concurrent.locks.AbstractQueuedSynchronizer$ConditionObject.awaitNanos(AbstractQueuedSynchronizer.java:2078)
        at org.eclipse.jetty.util.BlockingArrayQueue.poll(BlockingArrayQueue.java:382)
        at org.eclipse.jetty.util.thread.QueuedThreadPool$Runner.idleJobPoll(QueuedThreadPool.java:974)
        at org.eclipse.jetty.util.thread.QueuedThreadPool$Runner.run(QueuedThreadPool.java:1018)
        at java.lang.Thread.run(Thread.java:750)
"Datanode State Machine Daemon Thread" daemon prio=5 tid=468 timed_waiting
java.lang.Thread.State: TIMED_WAITING
        at java.lang.Thread.sleep(Native Method)
        at org.apache.hadoop.ozone.container.common.statemachine.DatanodeStateMachine.startStateMachineThread(DatanodeStateMachine.java:321)
        at org.apache.hadoop.ozone.container.common.statemachine.DatanodeStateMachine.lambda$startDaemon$0(DatanodeStateMachine.java:506)
        at org.apache.hadoop.ozone.container.common.statemachine.DatanodeStateMachine$$Lambda$750/1660784802.run(Unknown Source)
        at java.lang.Thread.run(Thread.java:750)
"IPC Server handler 2 on default port 32861" daemon prio=5 tid=39 timed_waiting
java.lang.Thread.State: TIMED_WAITING
        at sun.misc.Unsafe.park(Native Method)
        at java.util.concurrent.locks.LockSupport.parkNanos(LockSupport.java:215)
        at java.util.concurrent.locks.AbstractQueuedSynchronizer$ConditionObject.awaitNanos(AbstractQueuedSynchronizer.java:2078)
        at java.util.concurrent.LinkedBlockingQueue.poll(LinkedBlockingQueue.java:467)
        at org.apache.hadoop.ipc.CallQueueManager.take(CallQueueManager.java:317)
        at org.apache.hadoop.ipc.Server$Handler.run(Server.java:2942)
"Listener at 127.0.0.1/42013"  prio=5 tid=1 runnable
java.lang.Thread.State: RUNNABLE
        at java.lang.Thread.dumpThreads(Native Method)
        at java.lang.Thread.getAllStackTraces(Thread.java:1615)
        at org.apache.ozone.test.TimedOutTestsListener.buildThreadDump(TimedOutTestsListener.java:93)
        at org.apache.ozone.test.TimedOutTestsListener.buildThreadDiagnosticString(TimedOutTestsListener.java:79)
        at org.apache.ozone.test.GenericTestUtils.waitFor(GenericTestUtils.java:224)
        at org.apache.hadoop.ozone.container.TestECContainerRecovery.waitForContainerCount(TestECContainerRecovery.java:265)
        at org.apache.hadoop.ozone.container.TestECContainerRecovery.testContainerRecoveryOverReplicationProcessing(TestECContainerRecovery.java:209)
        at sun.reflect.NativeMethodAccessorImpl.invoke0(Native Method)
        at sun.reflect.NativeMethodAccessorImpl.invoke(NativeMethodAccessorImpl.java:62)
        at sun.reflect.DelegatingMethodAccessorImpl.invoke(DelegatingMethodAccessorImpl.java:43)
        at java.lang.reflect.Method.invoke(Method.java:498)
        at org.junit.platform.commons.util.ReflectionUtils.invokeMethod(ReflectionUtils.java:725)
        at org.junit.jupiter.engine.execution.MethodInvocation.proceed(MethodInvocation.java:60)
        at org.junit.jupiter.engine.execution.InvocationInterceptorChain$ValidatingInvocation.proceed(InvocationInterceptorChain.java:131)
        at org.junit.jupiter.engine.extension.TimeoutExtension.intercept(TimeoutExtension.java:149)
        at org.junit.jupiter.engine.extension.TimeoutExtension.interceptTestableMethod(TimeoutExtension.java:140)
        at org.junit.jupiter.engine.extension.TimeoutExtension.interceptTestMethod(TimeoutExtension.java:84)
        at org.junit.jupiter.engine.descriptor.TestMethodTestDescriptor$$Lambda$158/424398527.apply(Unknown Source)
        at org.junit.jupiter.engine.execution.ExecutableInvoker$ReflectiveInterceptorCall.lambda$ofVoidMethod$0(ExecutableInvoker.java:115)
        at org.junit.jupiter.engine.execution.ExecutableInvoker$ReflectiveInterceptorCall$$Lambda$159/1406014249.apply(Unknown Source)
        at org.junit.jupiter.engine.execution.ExecutableInvoker.lambda$invoke$0(ExecutableInvoker.java:105)
        at org.junit.jupiter.engine.execution.ExecutableInvoker$$Lambda$314/1124162665.apply(Unknown Source)
        at org.junit.jupiter.engine.execution.InvocationInterceptorChain$InterceptedInvocation.proceed(InvocationInterceptorChain.java:106)
        at org.junit.jupiter.engine.execution.InvocationInterceptorChain.proceed(InvocationInterceptorChain.java:64)
        at org.junit.jupiter.engine.execution.InvocationInterceptorChain.chainAndInvoke(InvocationInterceptorChain.java:45)
        at org.junit.jupiter.engine.execution.InvocationInterceptorChain.invoke(InvocationInterceptorChain.java:37)
        at org.junit.jupiter.engine.execution.ExecutableInvoker.invoke(ExecutableInvoker.java:104)
        at org.junit.jupiter.engine.execution.ExecutableInvoker.invoke(ExecutableInvoker.java:98)
        at org.junit.jupiter.engine.descriptor.TestMethodTestDescriptor.lambda$invokeTestMethod$7(TestMethodTestDescriptor.java:214)
        at org.junit.jupiter.engine.descriptor.TestMethodTestDescriptor$$Lambda$1177/971092388.execute(Unknown Source)
        at org.junit.platform.engine.support.hierarchical.ThrowableCollector.execute(ThrowableCollector.java:73)
        at org.junit.jupiter.engine.descriptor.TestMethodTestDescriptor.invokeTestMethod(TestMethodTestDescriptor.java:210)
        at org.junit.jupiter.engine.descriptor.TestMethodTestDescriptor.execute(TestMethodTestDescriptor.java:135)
        at org.junit.jupiter.engine.descriptor.TestMethodTestDescriptor.execute(TestMethodTestDescriptor.java:66)
        at org.junit.platform.engine.support.hierarchical.NodeTestTask.lambda$executeRecursively$6(NodeTestTask.java:151)
        at org.junit.platform.engine.support.hierarchical.NodeTestTask$$Lambda$258/308433917.execute(Unknown Source)
        at org.junit.platform.engine.support.hierarchical.ThrowableCollector.execute(ThrowableCollector.java:73)
        at org.junit.platform.engine.support.hierarchical.NodeTestTask.lambda$executeRecursively$8(NodeTestTask.java:141)
        at org.junit.platform.engine.support.hierarchical.NodeTestTask$$Lambda$257/2129442232.invoke(Unknown Source)
        at org.junit.platform.engine.support.hierarchical.Node.around(Node.java:137)
        at org.junit.platform.engine.support.hierarchical.NodeTestTask.lambda$executeRecursively$9(NodeTestTask.java:139)
        at org.junit.platform.engine.support.hierarchical.NodeTestTask$$Lambda$256/1899600175.execute(Unknown Source)
        at org.junit.platform.engine.support.hierarchical.ThrowableCollector.execute(ThrowableCollector.java:73)
        at org.junit.platform.engine.support.hierarchical.NodeTestTask.executeRecursively(NodeTestTask.java:138)
        at org.junit.platform.engine.support.hierarchical.NodeTestTask.execute(NodeTestTask.java:95)
        at org.junit.platform.engine.support.hierarchical.SameThreadHierarchicalTestExecutorService$$Lambda$262/403174823.accept(Unknown Source)
        at java.util.ArrayList.forEach(ArrayList.java:1259)
        at org.junit.platform.engine.support.hierarchical.SameThreadHierarchicalTestExecutorService.invokeAll(SameThreadHierarchicalTestExecutorService.java:41)
        at org.junit.platform.engine.support.hierarchical.NodeTestTask.lambda$executeRecursively$6(NodeTestTask.java:155)
        at org.junit.platform.engine.support.hierarchical.NodeTestTask$$Lambda$258/308433917.execute(Unknown Source)
        at org.junit.platform.engine.support.hierarchical.ThrowableCollector.execute(ThrowableCollector.java:73)
        at org.junit.platform.engine.support.hierarchical.NodeTestTask.lambda$executeRecursively$8(NodeTestTask.java:141)
        at org.junit.platform.engine.support.hierarchical.NodeTestTask$$Lambda$257/2129442232.invoke(Unknown Source)
        at org.junit.platform.engine.support.hierarchical.Node.around(Node.java:137)
        at org.junit.platform.engine.support.hierarchical.NodeTestTask.lambda$executeRecursively$9(NodeTestTask.java:139)
        at org.junit.platform.engine.support.hierarchical.NodeTestTask$$Lambda$256/1899600175.execute(Unknown Source)
        at org.junit.platform.engine.support.hierarchical.ThrowableCollector.execute(ThrowableCollector.java:73)
        at org.junit.platform.engine.support.hierarchical.NodeTestTask.executeRecursively(NodeTestTask.java:138)
        at org.junit.platform.engine.support.hierarchical.NodeTestTask.execute(NodeTestTask.java:95)
        at org.junit.platform.engine.support.hierarchical.SameThreadHierarchicalTestExecutorService$$Lambda$262/403174823.accept(Unknown Source)
        at java.util.ArrayList.forEach(ArrayList.java:1259)
        at org.junit.platform.engine.support.hierarchical.SameThreadHierarchicalTestExecutorService.invokeAll(SameThreadHierarchicalTestExecutorService.java:41)
        at org.junit.platform.engine.support.hierarchical.NodeTestTask.lambda$executeRecursively$6(NodeTestTask.java:155)
        at org.junit.platform.engine.support.hierarchical.NodeTestTask$$Lambda$258/308433917.execute(Unknown Source)
        at org.junit.platform.engine.support.hierarchical.ThrowableCollector.execute(ThrowableCollector.java:73)
        at org.junit.platform.engine.support.hierarchical.NodeTestTask.lambda$executeRecursively$8(NodeTestTask.java:141)
        at org.junit.platform.engine.support.hierarchical.NodeTestTask$$Lambda$257/2129442232.invoke(Unknown Source)
        at org.junit.platform.engine.support.hierarchical.Node.around(Node.java:137)
        at org.junit.platform.engine.support.hierarchical.NodeTestTask.lambda$executeRecursively$9(NodeTestTask.java:139)
        at org.junit.platform.engine.support.hierarchical.NodeTestTask$$Lambda$256/1899600175.execute(Unknown Source)
        at org.junit.platform.engine.support.hierarchical.ThrowableCollector.execute(ThrowableCollector.java:73)
        at org.junit.platform.engine.support.hierarchical.NodeTestTask.executeRecursively(NodeTestTask.java:138)
        at org.junit.platform.engine.support.hierarchical.NodeTestTask.execute(NodeTestTask.java:95)
        at org.junit.platform.engine.support.hierarchical.SameThreadHierarchicalTestExecutorService.submit(SameThreadHierarchicalTestExecutorService.java:35)
        at org.junit.platform.engine.support.hierarchical.HierarchicalTestExecutor.execute(HierarchicalTestExecutor.java:57)
        at org.junit.platform.engine.support.hierarchical.HierarchicalTestEngine.execute(HierarchicalTestEngine.java:54)
        at org.junit.platform.launcher.core.EngineExecutionOrchestrator.execute(EngineExecutionOrchestrator.java:107)
        at org.junit.platform.launcher.core.EngineExecutionOrchestrator.execute(EngineExecutionOrchestrator.java:88)
        at org.junit.platform.launcher.core.EngineExecutionOrchestrator.lambda$execute$0(EngineExecutionOrchestrator.java:54)
        at org.junit.platform.launcher.core.EngineExecutionOrchestrator$$Lambda$214/2050339061.accept(Unknown Source)
        at org.junit.platform.launcher.core.EngineExecutionOrchestrator.withInterceptedStreams(EngineExecutionOrchestrator.java:67)
        at org.junit.platform.launcher.core.EngineExecutionOrchestrator.execute(EngineExecutionOrchestrator.java:52)
        at org.junit.platform.launcher.core.DefaultLauncher.execute(DefaultLauncher.java:114)
        at org.junit.platform.launcher.core.DefaultLauncher.execute(DefaultLauncher.java:86)
        at org.junit.platform.launcher.core.DefaultLauncherSession$DelegatingLauncher.execute(DefaultLauncherSession.java:86)
        at org.junit.platform.launcher.core.SessionPerRequestLauncher.execute(SessionPerRequestLauncher.java:53)
        at org.apache.maven.surefire.junitplatform.JUnitPlatformProvider.execute(JUnitPlatformProvider.java:188)
        at org.apache.maven.surefire.junitplatform.JUnitPlatformProvider.invokeAllTests(JUnitPlatformProvider.java:154)
        at org.apache.maven.surefire.junitplatform.JUnitPlatformProvider.invoke(JUnitPlatformProvider.java:124)
        at org.apache.maven.surefire.booter.ForkedBooter.runSuitesInProcess(ForkedBooter.java:428)
        at org.apache.maven.surefire.booter.ForkedBooter.execute(ForkedBooter.java:162)
        at org.apache.maven.surefire.booter.ForkedBooter.run(ForkedBooter.java:562)
        at org.apache.maven.surefire.booter.ForkedBooter.main(ForkedBooter.java:548)
"pool-257-thread-1" daemon prio=5 tid=400 timed_waiting
java.lang.Thread.State: TIMED_WAITING
        at sun.misc.Unsafe.park(Native Method)
        at java.util.concurrent.locks.LockSupport.parkNanos(LockSupport.java:215)
        at java.util.concurrent.locks.AbstractQueuedSynchronizer$ConditionObject.awaitNanos(AbstractQueuedSynchronizer.java:2078)
        at java.util.concurrent.ScheduledThreadPoolExecutor$DelayedWorkQueue.take(ScheduledThreadPoolExecutor.java:1093)
        at java.util.concurrent.ScheduledThreadPoolExecutor$DelayedWorkQueue.take(ScheduledThreadPoolExecutor.java:809)
        at java.util.concurrent.ThreadPoolExecutor.getTask(ThreadPoolExecutor.java:1074)
        at java.util.concurrent.ThreadPoolExecutor.runWorker(ThreadPoolExecutor.java:1134)
        at java.util.concurrent.ThreadPoolExecutor$Worker.run(ThreadPoolExecutor.java:624)
        at java.lang.Thread.run(Thread.java:750)
"IPC Server handler 4 on default port 32861" daemon prio=5 tid=41 timed_waiting
java.lang.Thread.State: TIMED_WAITING
        at sun.misc.Unsafe.park(Native Method)
        at java.util.concurrent.locks.LockSupport.parkNanos(LockSupport.java:215)
        at java.util.concurrent.locks.AbstractQueuedSynchronizer$ConditionObject.awaitNanos(AbstractQueuedSynchronizer.java:2078)
        at java.util.concurrent.LinkedBlockingQueue.poll(LinkedBlockingQueue.java:467)
        at org.apache.hadoop.ipc.CallQueueManager.take(CallQueueManager.java:317)
        at org.apache.hadoop.ipc.Server$Handler.run(Server.java:2942)
"timer1" daemon prio=5 tid=712 timed_waiting
java.lang.Thread.State: TIMED_WAITING
        at java.lang.Object.wait(Native Method)
        at java.util.TimerThread.mainLoop(Timer.java:552)
        at java.util.TimerThread.run(Timer.java:505)
"qtp1596017970-232" daemon prio=5 tid=232 timed_waiting
java.lang.Thread.State: TIMED_WAITING
        at sun.misc.Unsafe.park(Native Method)
        at java.util.concurrent.locks.LockSupport.parkNanos(LockSupport.java:215)
        at java.util.concurrent.locks.AbstractQueuedSynchronizer$ConditionObject.awaitNanos(AbstractQueuedSynchronizer.java:2078)
        at org.eclipse.jetty.util.BlockingArrayQueue.poll(BlockingArrayQueue.java:382)
        at org.eclipse.jetty.util.thread.QueuedThreadPool$Runner.idleJobPoll(QueuedThreadPool.java:974)
        at org.eclipse.jetty.util.thread.QueuedThreadPool$Runner.run(QueuedThreadPool.java:1018)
        at java.lang.Thread.run(Thread.java:750)
"58d8b8bb-cfc7-423c-ba1f-09160eea4c71@group-14838764CDE0-SegmentedRaftLogWorker"  prio=5 tid=634 timed_waiting
java.lang.Thread.State: TIMED_WAITING
        at sun.misc.Unsafe.park(Native Method)
        at java.util.concurrent.locks.LockSupport.parkNanos(LockSupport.java:215)
        at java.util.concurrent.locks.AbstractQueuedSynchronizer$ConditionObject.awaitNanos(AbstractQueuedSynchronizer.java:2078)
        at org.apache.ratis.util.DataBlockingQueue.poll(DataBlockingQueue.java:148)
        at org.apache.ratis.server.raftlog.segmented.SegmentedRaftLogWorker.run(SegmentedRaftLogWorker.java:310)
        at org.apache.ratis.server.raftlog.segmented.SegmentedRaftLogWorker$$Lambda$665/1346122915.run(Unknown Source)
        at java.lang.Thread.run(Thread.java:750)
"db967a0c-fd65-4f5b-99fe-08eeaf937185@group-C5655235CD35-StateMachineUpdater" daemon prio=5 tid=577 timed_waiting
java.lang.Thread.State: TIMED_WAITING
        at sun.misc.Unsafe.park(Native Method)
        at java.util.concurrent.locks.LockSupport.parkNanos(LockSupport.java:215)
        at java.util.concurrent.CompletableFuture$Signaller.block(CompletableFuture.java:1709)
        at java.util.concurrent.ForkJoinPool.managedBlock(ForkJoinPool.java:3323)
        at java.util.concurrent.CompletableFuture.timedGet(CompletableFuture.java:1788)
        at java.util.concurrent.CompletableFuture.get(CompletableFuture.java:1928)
        at org.apache.ratis.util.AwaitForSignal.await(AwaitForSignal.java:56)
        at org.apache.ratis.server.impl.StateMachineUpdater.waitForCommit(StateMachineUpdater.java:207)
        at org.apache.ratis.server.impl.StateMachineUpdater.run(StateMachineUpdater.java:176)
        at java.lang.Thread.run(Thread.java:750)
"Datanode ReportManager Thread - 2" daemon prio=5 tid=186 in Object.wait()
java.lang.Thread.State: WAITING (on object monitor)
        at sun.misc.Unsafe.park(Native Method)
        at java.util.concurrent.locks.LockSupport.park(LockSupport.java:175)
        at java.util.concurrent.locks.AbstractQueuedSynchronizer$ConditionObject.await(AbstractQueuedSynchronizer.java:2039)
        at java.util.concurrent.ScheduledThreadPoolExecutor$DelayedWorkQueue.take(ScheduledThreadPoolExecutor.java:1088)
        at java.util.concurrent.ScheduledThreadPoolExecutor$DelayedWorkQueue.take(ScheduledThreadPoolExecutor.java:809)
        at java.util.concurrent.ThreadPoolExecutor.getTask(ThreadPoolExecutor.java:1074)
        at java.util.concurrent.ThreadPoolExecutor.runWorker(ThreadPoolExecutor.java:1134)
        at java.util.concurrent.ThreadPoolExecutor$Worker.run(ThreadPoolExecutor.java:624)
        at java.lang.Thread.run(Thread.java:750)
"57b0e5c4-d4d8-463c-8999-53af98295cd0-server-thread2" daemon prio=5 tid=722 timed_waiting
java.lang.Thread.State: TIMED_WAITING
        at sun.misc.Unsafe.park(Native Method)
        at java.util.concurrent.locks.LockSupport.parkNanos(LockSupport.java:215)
        at java.util.concurrent.SynchronousQueue$TransferStack.awaitFulfill(SynchronousQueue.java:460)
        at java.util.concurrent.SynchronousQueue$TransferStack.transfer(SynchronousQueue.java:362)
        at java.util.concurrent.SynchronousQueue.poll(SynchronousQueue.java:941)
        at java.util.concurrent.ThreadPoolExecutor.getTask(ThreadPoolExecutor.java:1073)
        at java.util.concurrent.ThreadPoolExecutor.runWorker(ThreadPoolExecutor.java:1134)
        at java.util.concurrent.ThreadPoolExecutor$Worker.run(ThreadPoolExecutor.java:624)
        at java.lang.Thread.run(Thread.java:750)
"BlockDeletingService#1" daemon prio=5 tid=466 timed_waiting
java.lang.Thread.State: TIMED_WAITING
        at sun.misc.Unsafe.park(Native Method)
        at java.util.concurrent.locks.LockSupport.parkNanos(LockSupport.java:215)
        at java.util.concurrent.locks.AbstractQueuedSynchronizer$ConditionObject.awaitNanos(AbstractQueuedSynchronizer.java:2078)
        at java.util.concurrent.ScheduledThreadPoolExecutor$DelayedWorkQueue.take(ScheduledThreadPoolExecutor.java:1093)
        at java.util.concurrent.ScheduledThreadPoolExecutor$DelayedWorkQueue.take(ScheduledThreadPoolExecutor.java:809)
        at java.util.concurrent.ThreadPoolExecutor.getTask(ThreadPoolExecutor.java:1074)
        at java.util.concurrent.ThreadPoolExecutor.runWorker(ThreadPoolExecutor.java:1134)
        at java.util.concurrent.ThreadPoolExecutor$Worker.run(ThreadPoolExecutor.java:624)
        at java.lang.Thread.run(Thread.java:750)
"Datanode ReportManager Thread - 4" daemon prio=5 tid=294 in Object.wait()
java.lang.Thread.State: WAITING (on object monitor)
        at sun.misc.Unsafe.park(Native Method)
        at java.util.concurrent.locks.LockSupport.park(LockSupport.java:175)
        at java.util.concurrent.locks.AbstractQueuedSynchronizer$ConditionObject.await(AbstractQueuedSynchronizer.java:2039)
        at java.util.concurrent.ScheduledThreadPoolExecutor$DelayedWorkQueue.take(ScheduledThreadPoolExecutor.java:1088)
        at java.util.concurrent.ScheduledThreadPoolExecutor$DelayedWorkQueue.take(ScheduledThreadPoolExecutor.java:809)
        at java.util.concurrent.ThreadPoolExecutor.getTask(ThreadPoolExecutor.java:1074)
        at java.util.concurrent.ThreadPoolExecutor.runWorker(ThreadPoolExecutor.java:1134)
        at java.util.concurrent.ThreadPoolExecutor$Worker.run(ThreadPoolExecutor.java:624)
        at java.lang.Thread.run(Thread.java:750)
"Command processor thread" daemon prio=5 tid=243 timed_waiting
java.lang.Thread.State: TIMED_WAITING
        at java.lang.Thread.sleep(Native Method)
        at org.apache.hadoop.ozone.container.common.statemachine.DatanodeStateMachine.lambda$initCommandHandlerThread$3(DatanodeStateMachine.java:641)
        at org.apache.hadoop.ozone.container.common.statemachine.DatanodeStateMachine$$Lambda$752/502831613.run(Unknown Source)
        at java.lang.Thread.run(Thread.java:750)
"Datanode ReportManager Thread - 4" daemon prio=5 tid=188 timed_waiting
java.lang.Thread.State: TIMED_WAITING
        at sun.misc.Unsafe.park(Native Method)
        at java.util.concurrent.locks.LockSupport.parkNanos(LockSupport.java:215)
        at java.util.concurrent.locks.AbstractQueuedSynchronizer$ConditionObject.awaitNanos(AbstractQueuedSynchronizer.java:2078)
        at java.util.concurrent.ScheduledThreadPoolExecutor$DelayedWorkQueue.take(ScheduledThreadPoolExecutor.java:1093)
        at java.util.concurrent.ScheduledThreadPoolExecutor$DelayedWorkQueue.take(ScheduledThreadPoolExecutor.java:809)
        at java.util.concurrent.ThreadPoolExecutor.getTask(ThreadPoolExecutor.java:1074)
        at java.util.concurrent.ThreadPoolExecutor.runWorker(ThreadPoolExecutor.java:1134)
        at java.util.concurrent.ThreadPoolExecutor$Worker.run(ThreadPoolExecutor.java:624)
        at java.lang.Thread.run(Thread.java:750)
"ChunkReader-3" daemon prio=5 tid=784 in Object.wait()
java.lang.Thread.State: WAITING (on object monitor)
        at sun.misc.Unsafe.park(Native Method)
        at java.util.concurrent.locks.LockSupport.park(LockSupport.java:175)
        at java.util.concurrent.locks.AbstractQueuedSynchronizer$ConditionObject.await(AbstractQueuedSynchronizer.java:2039)
        at java.util.concurrent.LinkedBlockingQueue.take(LinkedBlockingQueue.java:442)
        at java.util.concurrent.ThreadPoolExecutor.getTask(ThreadPoolExecutor.java:1074)
        at java.util.concurrent.ThreadPoolExecutor.runWorker(ThreadPoolExecutor.java:1134)
        at java.util.concurrent.ThreadPoolExecutor$Worker.run(ThreadPoolExecutor.java:624)
        at java.lang.Thread.run(Thread.java:750)
"Periodic HDDS volume checker" daemon prio=5 tid=398 timed_waiting
java.lang.Thread.State: TIMED_WAITING
        at sun.misc.Unsafe.park(Native Method)
        at java.util.concurrent.locks.LockSupport.parkNanos(LockSupport.java:215)
        at java.util.concurrent.locks.AbstractQueuedSynchronizer$ConditionObject.awaitNanos(AbstractQueuedSynchronizer.java:2078)
        at java.util.concurrent.ScheduledThreadPoolExecutor$DelayedWorkQueue.take(ScheduledThreadPoolExecutor.java:1093)
        at java.util.concurrent.ScheduledThreadPoolExecutor$DelayedWorkQueue.take(ScheduledThreadPoolExecutor.java:809)
        at java.util.concurrent.ThreadPoolExecutor.getTask(ThreadPoolExecutor.java:1074)
        at java.util.concurrent.ThreadPoolExecutor.runWorker(ThreadPoolExecutor.java:1134)
        at java.util.concurrent.ThreadPoolExecutor$Worker.run(ThreadPoolExecutor.java:624)
        at java.lang.Thread.run(Thread.java:750)
"Periodic HDDS volume checker" daemon prio=5 tid=273 timed_waiting
java.lang.Thread.State: TIMED_WAITING
        at sun.misc.Unsafe.park(Native Method)
        at java.util.concurrent.locks.LockSupport.parkNanos(LockSupport.java:215)
        at java.util.concurrent.locks.AbstractQueuedSynchronizer$ConditionObject.awaitNanos(AbstractQueuedSynchronizer.java:2078)
        at java.util.concurrent.ScheduledThreadPoolExecutor$DelayedWorkQueue.take(ScheduledThreadPoolExecutor.java:1093)
        at java.util.concurrent.ScheduledThreadPoolExecutor$DelayedWorkQueue.take(ScheduledThreadPoolExecutor.java:809)
        at java.util.concurrent.ThreadPoolExecutor.getTask(ThreadPoolExecutor.java:1074)
        at java.util.concurrent.ThreadPoolExecutor.runWorker(ThreadPoolExecutor.java:1134)
        at java.util.concurrent.ThreadPoolExecutor$Worker.run(ThreadPoolExecutor.java:624)
        at java.lang.Thread.run(Thread.java:750)
"Datanode State Machine Task Thread - 1"  prio=5 tid=520 in Object.wait()
java.lang.Thread.State: WAITING (on object monitor)
        at sun.misc.Unsafe.park(Native Method)
        at java.util.concurrent.locks.LockSupport.park(LockSupport.java:175)
        at java.util.concurrent.locks.AbstractQueuedSynchronizer$ConditionObject.await(AbstractQueuedSynchronizer.java:2039)
        at java.util.concurrent.LinkedBlockingQueue.take(LinkedBlockingQueue.java:442)
        at java.util.concurrent.ThreadPoolExecutor.getTask(ThreadPoolExecutor.java:1074)
        at java.util.concurrent.ThreadPoolExecutor.runWorker(ThreadPoolExecutor.java:1134)
        at java.util.concurrent.ThreadPoolExecutor$Worker.run(ThreadPoolExecutor.java:624)
        at java.lang.Thread.run(Thread.java:750)
"IPC Server handler 4 on default port 35291" daemon prio=5 tid=81 timed_waiting
java.lang.Thread.State: TIMED_WAITING
        at sun.misc.Unsafe.park(Native Method)
        at java.util.concurrent.locks.LockSupport.parkNanos(LockSupport.java:215)
        at java.util.concurrent.locks.AbstractQueuedSynchronizer$ConditionObject.awaitNanos(AbstractQueuedSynchronizer.java:2078)
        at java.util.concurrent.LinkedBlockingQueue.poll(LinkedBlockingQueue.java:467)
        at org.apache.hadoop.ipc.CallQueueManager.take(CallQueueManager.java:317)
        at org.apache.hadoop.ipc.Server$Handler.run(Server.java:2942)
"IPC Server handler 15 on default port 32861" daemon prio=5 tid=52 timed_waiting
java.lang.Thread.State: TIMED_WAITING
        at sun.misc.Unsafe.park(Native Method)
        at java.util.concurrent.locks.LockSupport.parkNanos(LockSupport.java:215)
        at java.util.concurrent.locks.AbstractQueuedSynchronizer$ConditionObject.awaitNanos(AbstractQueuedSynchronizer.java:2078)
        at java.util.concurrent.LinkedBlockingQueue.poll(LinkedBlockingQueue.java:467)
        at org.apache.hadoop.ipc.CallQueueManager.take(CallQueueManager.java:317)
        at org.apache.hadoop.ipc.Server$Handler.run(Server.java:2942)
"IPC Server handler 13 on default port 32861" daemon prio=5 tid=50 timed_waiting
java.lang.Thread.State: TIMED_WAITING
        at sun.misc.Unsafe.park(Native Method)
        at java.util.concurrent.locks.LockSupport.parkNanos(LockSupport.java:215)
        at java.util.concurrent.locks.AbstractQueuedSynchronizer$ConditionObject.awaitNanos(AbstractQueuedSynchronizer.java:2078)
        at java.util.concurrent.LinkedBlockingQueue.poll(LinkedBlockingQueue.java:467)
        at org.apache.hadoop.ipc.CallQueueManager.take(CallQueueManager.java:317)
        at org.apache.hadoop.ipc.Server$Handler.run(Server.java:2942)
"IPC Server handler 9 on default port 35291" daemon prio=5 tid=86 timed_waiting
java.lang.Thread.State: TIMED_WAITING
        at sun.misc.Unsafe.park(Native Method)
        at java.util.concurrent.locks.LockSupport.parkNanos(LockSupport.java:215)
        at java.util.concurrent.locks.AbstractQueuedSynchronizer$ConditionObject.awaitNanos(AbstractQueuedSynchronizer.java:2078)
        at java.util.concurrent.LinkedBlockingQueue.poll(LinkedBlockingQueue.java:467)
        at org.apache.hadoop.ipc.CallQueueManager.take(CallQueueManager.java:317)
        at org.apache.hadoop.ipc.Server$Handler.run(Server.java:2942)
"qtp1678529210-448-acceptor-0@5ba91d2a-ServerConnector@6573489c{HTTP/1.1, (http/1.1)}{0.0.0.0:43463}" daemon prio=3 tid=448 runnable
java.lang.Thread.State: RUNNABLE
        at sun.nio.ch.ServerSocketChannelImpl.accept0(Native Method)
        at sun.nio.ch.ServerSocketChannelImpl.accept(ServerSocketChannelImpl.java:421)
        at sun.nio.ch.ServerSocketChannelImpl.accept(ServerSocketChannelImpl.java:249)
        at org.eclipse.jetty.server.ServerConnector.accept(ServerConnector.java:388)
        at org.eclipse.jetty.server.AbstractConnector$Acceptor.run(AbstractConnector.java:704)
        at org.eclipse.jetty.util.thread.QueuedThreadPool.runJob(QueuedThreadPool.java:883)
        at org.eclipse.jetty.util.thread.QueuedThreadPool$Runner.run(QueuedThreadPool.java:1034)
        at java.lang.Thread.run(Thread.java:750)
"Datanode ReportManager Thread - 4" daemon prio=5 tid=268 in Object.wait()
java.lang.Thread.State: WAITING (on object monitor)
        at sun.misc.Unsafe.park(Native Method)
        at java.util.concurrent.locks.LockSupport.park(LockSupport.java:175)
        at java.util.concurrent.locks.AbstractQueuedSynchronizer$ConditionObject.await(AbstractQueuedSynchronizer.java:2039)
        at java.util.concurrent.ScheduledThreadPoolExecutor$DelayedWorkQueue.take(ScheduledThreadPoolExecutor.java:1088)
        at java.util.concurrent.ScheduledThreadPoolExecutor$DelayedWorkQueue.take(ScheduledThreadPoolExecutor.java:809)
        at java.util.concurrent.ThreadPoolExecutor.getTask(ThreadPoolExecutor.java:1074)
        at java.util.concurrent.ThreadPoolExecutor.runWorker(ThreadPoolExecutor.java:1134)
        at java.util.concurrent.ThreadPoolExecutor$Worker.run(ThreadPoolExecutor.java:624)
        at java.lang.Thread.run(Thread.java:750)
"Datanode ReportManager Thread - 0" daemon prio=5 tid=316 timed_waiting
java.lang.Thread.State: TIMED_WAITING
        at sun.misc.Unsafe.park(Native Method)
        at java.util.concurrent.locks.LockSupport.parkNanos(LockSupport.java:215)
        at java.util.concurrent.locks.AbstractQueuedSynchronizer$ConditionObject.awaitNanos(AbstractQueuedSynchronizer.java:2078)
        at java.util.concurrent.ScheduledThreadPoolExecutor$DelayedWorkQueue.take(ScheduledThreadPoolExecutor.java:1093)
        at java.util.concurrent.ScheduledThreadPoolExecutor$DelayedWorkQueue.take(ScheduledThreadPoolExecutor.java:809)
        at java.util.concurrent.ThreadPoolExecutor.getTask(ThreadPoolExecutor.java:1074)
        at java.util.concurrent.ThreadPoolExecutor.runWorker(ThreadPoolExecutor.java:1134)
        at java.util.concurrent.ThreadPoolExecutor$Worker.run(ThreadPoolExecutor.java:624)
        at java.lang.Thread.run(Thread.java:750)
"IPC Server handler 1 on default port 32861" daemon prio=5 tid=38 timed_waiting
java.lang.Thread.State: TIMED_WAITING
        at sun.misc.Unsafe.park(Native Method)
        at java.util.concurrent.locks.LockSupport.parkNanos(LockSupport.java:215)
        at java.util.concurrent.locks.AbstractQueuedSynchronizer$ConditionObject.awaitNanos(AbstractQueuedSynchronizer.java:2078)
        at java.util.concurrent.LinkedBlockingQueue.poll(LinkedBlockingQueue.java:467)
        at org.apache.hadoop.ipc.CallQueueManager.take(CallQueueManager.java:317)
        at org.apache.hadoop.ipc.Server$Handler.run(Server.java:2942)


	at org.apache.ozone.test.GenericTestUtils.waitFor(GenericTestUtils.java:224)
	at org.apache.hadoop.ozone.container.TestECContainerRecovery.waitForContainerCount(TestECContainerRecovery.java:265)
	at org.apache.hadoop.ozone.container.TestECContainerRecovery.testContainerRecoveryOverReplicationProcessing(TestECContainerRecovery.java:209)
	at sun.reflect.NativeMethodAccessorImpl.invoke0(Native Method)
	at sun.reflect.NativeMethodAccessorImpl.invoke(NativeMethodAccessorImpl.java:62)
	at sun.reflect.DelegatingMethodAccessorImpl.invoke(DelegatingMethodAccessorImpl.java:43)
	at java.lang.reflect.Method.invoke(Method.java:498)
	at org.junit.platform.commons.util.ReflectionUtils.invokeMethod(ReflectionUtils.java:725)
	at org.junit.jupiter.engine.execution.MethodInvocation.proceed(MethodInvocation.java:60)
	at org.junit.jupiter.engine.execution.InvocationInterceptorChain$ValidatingInvocation.proceed(InvocationInterceptorChain.java:131)
	at org.junit.jupiter.engine.extension.TimeoutExtension.intercept(TimeoutExtension.java:149)
	at org.junit.jupiter.engine.extension.TimeoutExtension.interceptTestableMethod(TimeoutExtension.java:140)
	at org.junit.jupiter.engine.extension.TimeoutExtension.interceptTestMethod(TimeoutExtension.java:84)
	at org.junit.jupiter.engine.execution.ExecutableInvoker$ReflectiveInterceptorCall.lambda$ofVoidMethod$0(ExecutableInvoker.java:115)
	at org.junit.jupiter.engine.execution.ExecutableInvoker.lambda$invoke$0(ExecutableInvoker.java:105)
	at org.junit.jupiter.engine.execution.InvocationInterceptorChain$InterceptedInvocation.proceed(InvocationInterceptorChain.java:106)
	at org.junit.jupiter.engine.execution.InvocationInterceptorChain.proceed(InvocationInterceptorChain.java:64)
	at org.junit.jupiter.engine.execution.InvocationInterceptorChain.chainAndInvoke(InvocationInterceptorChain.java:45)
	at org.junit.jupiter.engine.execution.InvocationInterceptorChain.invoke(InvocationInterceptorChain.java:37)
	at org.junit.jupiter.engine.execution.ExecutableInvoker.invoke(ExecutableInvoker.java:104)
	at org.junit.jupiter.engine.execution.ExecutableInvoker.invoke(ExecutableInvoker.java:98)
	at org.junit.jupiter.engine.descriptor.TestMethodTestDescriptor.lambda$invokeTestMethod$7(TestMethodTestDescriptor.java:214)
	at org.junit.platform.engine.support.hierarchical.ThrowableCollector.execute(ThrowableCollector.java:73)
	at org.junit.jupiter.engine.descriptor.TestMethodTestDescriptor.invokeTestMethod(TestMethodTestDescriptor.java:210)
	at org.junit.jupiter.engine.descriptor.TestMethodTestDescriptor.execute(TestMethodTestDescriptor.java:135)
	at org.junit.jupiter.engine.descriptor.TestMethodTestDescriptor.execute(TestMethodTestDescriptor.java:66)
	at org.junit.platform.engine.support.hierarchical.NodeTestTask.lambda$executeRecursively$6(NodeTestTask.java:151)
	at org.junit.platform.engine.support.hierarchical.ThrowableCollector.execute(ThrowableCollector.java:73)
	at org.junit.platform.engine.support.hierarchical.NodeTestTask.lambda$executeRecursively$8(NodeTestTask.java:141)
	at org.junit.platform.engine.support.hierarchical.Node.around(Node.java:137)
	at org.junit.platform.engine.support.hierarchical.NodeTestTask.lambda$executeRecursively$9(NodeTestTask.java:139)
	at org.junit.platform.engine.support.hierarchical.ThrowableCollector.execute(ThrowableCollector.java:73)
	at org.junit.platform.engine.support.hierarchical.NodeTestTask.executeRecursively(NodeTestTask.java:138)
	at org.junit.platform.engine.support.hierarchical.NodeTestTask.execute(NodeTestTask.java:95)
	at java.util.ArrayList.forEach(ArrayList.java:1259)
	at org.junit.platform.engine.support.hierarchical.SameThreadHierarchicalTestExecutorService.invokeAll(SameThreadHierarchicalTestExecutorService.java:41)
	at org.junit.platform.engine.support.hierarchical.NodeTestTask.lambda$executeRecursively$6(NodeTestTask.java:155)
	at org.junit.platform.engine.support.hierarchical.ThrowableCollector.execute(ThrowableCollector.java:73)
	at org.junit.platform.engine.support.hierarchical.NodeTestTask.lambda$executeRecursively$8(NodeTestTask.java:141)
	at org.junit.platform.engine.support.hierarchical.Node.around(Node.java:137)
	at org.junit.platform.engine.support.hierarchical.NodeTestTask.lambda$executeRecursively$9(NodeTestTask.java:139)
	at org.junit.platform.engine.support.hierarchical.ThrowableCollector.execute(ThrowableCollector.java:73)
	at org.junit.platform.engine.support.hierarchical.NodeTestTask.executeRecursively(NodeTestTask.java:138)
	at org.junit.platform.engine.support.hierarchical.NodeTestTask.execute(NodeTestTask.java:95)
	at java.util.ArrayList.forEach(ArrayList.java:1259)
	at org.junit.platform.engine.support.hierarchical.SameThreadHierarchicalTestExecutorService.invokeAll(SameThreadHierarchicalTestExecutorService.java:41)
	at org.junit.platform.engine.support.hierarchical.NodeTestTask.lambda$executeRecursively$6(NodeTestTask.java:155)
	at org.junit.platform.engine.support.hierarchical.ThrowableCollector.execute(ThrowableCollector.java:73)
	at org.junit.platform.engine.support.hierarchical.NodeTestTask.lambda$executeRecursively$8(NodeTestTask.java:141)
	at org.junit.platform.engine.support.hierarchical.Node.around(Node.java:137)
	at org.junit.platform.engine.support.hierarchical.NodeTestTask.lambda$executeRecursively$9(NodeTestTask.java:139)
	at org.junit.platform.engine.support.hierarchical.ThrowableCollector.execute(ThrowableCollector.java:73)
	at org.junit.platform.engine.support.hierarchical.NodeTestTask.executeRecursively(NodeTestTask.java:138)
	at org.junit.platform.engine.support.hierarchical.NodeTestTask.execute(NodeTestTask.java:95)
	at org.junit.platform.engine.support.hierarchical.SameThreadHierarchicalTestExecutorService.submit(SameThreadHierarchicalTestExecutorService.java:35)
	at org.junit.platform.engine.support.hierarchical.HierarchicalTestExecutor.execute(HierarchicalTestExecutor.java:57)
	at org.junit.platform.engine.support.hierarchical.HierarchicalTestEngine.execute(HierarchicalTestEngine.java:54)
	at org.junit.platform.launcher.core.EngineExecutionOrchestrator.execute(EngineExecutionOrchestrator.java:107)
	at org.junit.platform.launcher.core.EngineExecutionOrchestrator.execute(EngineExecutionOrchestrator.java:88)
	at org.junit.platform.launcher.core.EngineExecutionOrchestrator.lambda$execute$0(EngineExecutionOrchestrator.java:54)
	at org.junit.platform.launcher.core.EngineExecutionOrchestrator.withInterceptedStreams(EngineExecutionOrchestrator.java:67)
	at org.junit.platform.launcher.core.EngineExecutionOrchestrator.execute(EngineExecutionOrchestrator.java:52)
	at org.junit.platform.launcher.core.DefaultLauncher.execute(DefaultLauncher.java:114)
	at org.junit.platform.launcher.core.DefaultLauncher.execute(DefaultLauncher.java:86)
	at org.junit.platform.launcher.core.DefaultLauncherSession$DelegatingLauncher.execute(DefaultLauncherSession.java:86)
	at org.junit.platform.launcher.core.SessionPerRequestLauncher.execute(SessionPerRequestLauncher.java:53)
	at org.apache.maven.surefire.junitplatform.JUnitPlatformProvider.execute(JUnitPlatformProvider.java:188)
	at org.apache.maven.surefire.junitplatform.JUnitPlatformProvider.invokeAllTests(JUnitPlatformProvider.java:154)
	at org.apache.maven.surefire.junitplatform.JUnitPlatformProvider.invoke(JUnitPlatformProvider.java:124)
	at org.apache.maven.surefire.booter.ForkedBooter.runSuitesInProcess(ForkedBooter.java:428)
	at org.apache.maven.surefire.booter.ForkedBooter.execute(ForkedBooter.java:162)
	at org.apache.maven.surefire.booter.ForkedBooter.run(ForkedBooter.java:562)
	at org.apache.maven.surefire.booter.ForkedBooter.main(ForkedBooter.java:548)
]]></error>
    <system-out><![CDATA[2022-10-30 01:06:19,746 [main] WARN  server.ServerUtils (ServerUtils.java:getScmDbDir(148)) - ozone.scm.db.dirs is not configured. We recommend adding this setting. Falling back to ozone.metadata.dirs instead.
2022-10-30 01:06:19,807 [main] WARN  server.ServerUtils (ServerUtils.java:getScmDbDir(148)) - ozone.scm.db.dirs is not configured. We recommend adding this setting. Falling back to ozone.metadata.dirs instead.
2022-10-30 01:06:19,810 [main] INFO  ha.SCMHANodeDetails (SCMHANodeDetails.java:loadSCMHAConfig(209)) - ServiceID for StorageContainerManager is null
2022-10-30 01:06:19,819 [main] WARN  ha.SCMHANodeDetails (SCMHANodeDetails.java:validateSCMHAConfig(182)) - Invalid config ozone.scm.ratis.enable. The config was not specified, but the default value true conflicts with the expected config value false. Falling back to the expected value. Current State of SCM: SCM is running in Non-HA without Ratis Ratis SCM -> Non Ratis SCM or Non HA SCM -> HA SCM is not supported
2022-10-30 01:06:19,819 [main] INFO  ha.SCMHANodeDetails (SCMHANodeDetails.java:loadSCMHAConfig(214)) - ozone.scm.default.service.id is not defined, falling back to ozone.scm.service.ids to find serviceID for StorageContainerManager if it is HA enabled cluster
2022-10-30 01:06:20,249 [main] WARN  utils.HAUtils (HAUtils.java:getMetaDir(342)) - ozone.scm.db.dirs is not configured. We recommend adding this setting. Falling back to ozone.metadata.dirs instead.
2022-10-30 01:06:20,380 [main] WARN  db.DBStoreBuilder (DBStoreBuilder.java:applyDBDefinition(144)) - ozone.scm.db.dirs is not configured. We recommend adding this setting. Falling back to ozone.metadata.dirs instead.
2022-10-30 01:06:20,634 [main] INFO  net.NodeSchemaLoader (NodeSchemaLoader.java:loadSchemaFromFile(129)) - Loading schema from [jar:file:/home/runner/.m2/repository/org/apache/ozone/hdds-common/1.3.0-SNAPSHOT/hdds-common-1.3.0-SNAPSHOT.jar!/network-topology-default.xml]
2022-10-30 01:06:20,636 [main] INFO  net.NodeSchemaLoader (NodeSchemaLoader.java:loadSchema(176)) - Loading network topology layer schema file
2022-10-30 01:06:20,677 [main] INFO  metrics.MetricRegistries (MetricRegistriesLoader.java:load(64)) - Loaded MetricRegistries class org.apache.ratis.metrics.impl.MetricRegistriesImpl
2022-10-30 01:06:20,683 [main] INFO  upgrade.AbstractLayoutVersionManager (AbstractLayoutVersionManager.java:init(83)) - Initializing Layout version manager with metadata layout = DATANODE_SCHEMA_V3 (version = 4), software layout = DATANODE_SCHEMA_V3 (version = 4)
2022-10-30 01:06:20,916 [main] INFO  reflections.Reflections (Reflections.java:scan(232)) - Reflections took 150 ms to scan 7 urls, producing 136 keys and 331 values 
2022-10-30 01:06:21,019 [main] INFO  ha.SequenceIdGenerator (SequenceIdGenerator.java:upgradeToSequenceId(349)) - upgrade localId to 109611004723200000
2022-10-30 01:06:21,019 [main] INFO  ha.SequenceIdGenerator (SequenceIdGenerator.java:upgradeToSequenceId(359)) - upgrade delTxnId to 0
2022-10-30 01:06:21,023 [main] INFO  ha.SequenceIdGenerator (SequenceIdGenerator.java:upgradeToSequenceId(376)) - upgrade containerId to 0
2022-10-30 01:06:21,025 [main] INFO  ha.SequenceIdGenerator (SequenceIdGenerator.java:<init>(220)) - Init the HA SequenceIdGenerator.
2022-10-30 01:06:21,063 [main] WARN  server.ServerUtils (ServerUtils.java:sanitizeUserArgs(67)) - ozone.scm.stale.node.interval value = 1000 is smaller than min = 3000 based on the key value of hdds.heartbeat.interval, reset to the min value 3000.
2022-10-30 01:06:21,063 [main] WARN  server.ServerUtils (ServerUtils.java:sanitizeUserArgs(67)) - ozone.scm.stale.node.interval value = 1000 is smaller than min = 3000 based on the key value of hdds.heartbeat.interval, reset to the min value 3000.
2022-10-30 01:06:21,064 [main] WARN  server.ServerUtils (ServerUtils.java:sanitizeUserArgs(67)) - ozone.scm.dead.node.interval value = 1000 is smaller than min = 6000 based on the key value of ozone.scm.stale.node.interval, reset to the min value 6000.
2022-10-30 01:06:21,070 [main] INFO  node.SCMNodeManager (SCMNodeManager.java:<init>(149)) - Entering startup safe mode.
2022-10-30 01:06:21,147 [main] INFO  algorithms.ContainerPlacementPolicyFactory (ContainerPlacementPolicyFactory.java:getPolicyInternal(86)) - Create container placement policy of type org.apache.hadoop.hdds.scm.container.placement.algorithms.SCMContainerPlacementRandom
2022-10-30 01:06:21,150 [main] INFO  algorithms.ContainerPlacementPolicyFactory (ContainerPlacementPolicyFactory.java:getPolicyInternal(86)) - Create container placement policy of type org.apache.hadoop.hdds.scm.container.placement.algorithms.SCMContainerPlacementRackScatter
2022-10-30 01:06:21,166 [main] INFO  pipeline.PipelineStateManagerImpl (PipelineStateManagerImpl.java:initialize(78)) - No pipeline exists in current db
2022-10-30 01:06:21,200 [main] INFO  algorithms.LeaderChoosePolicyFactory (LeaderChoosePolicyFactory.java:getPolicy(57)) - Create leader choose policy of type org.apache.hadoop.hdds.scm.pipeline.leader.choose.algorithms.MinLeaderCountChoosePolicy
2022-10-30 01:06:21,201 [main] INFO  algorithms.ContainerPlacementPolicyFactory (ContainerPlacementPolicyFactory.java:getPolicyInternal(86)) - Create container placement policy of type org.apache.hadoop.hdds.scm.container.placement.algorithms.SCMContainerPlacementRackScatter
2022-10-30 01:06:21,207 [main] INFO  ha.SCMServiceManager (SCMServiceManager.java:register(42)) - Registering service BackgroundPipelineCreator.
2022-10-30 01:06:21,208 [main] INFO  pipeline.BackgroundPipelineCreator (BackgroundPipelineCreator.java:start(124)) - Starting RatisPipelineUtilsThread.
2022-10-30 01:06:21,212 [main] INFO  BackgroundPipelineScrubber (BackgroundSCMService.java:start(68)) - Starting BackgroundPipelineScrubber Service.
2022-10-30 01:06:21,214 [main] INFO  ha.SCMServiceManager (SCMServiceManager.java:register(42)) - Registering service BackgroundPipelineScrubber.
2022-10-30 01:06:21,221 [main] INFO  ExpiredContainerReplicaOpScrubber (BackgroundSCMService.java:start(68)) - Starting ExpiredContainerReplicaOpScrubber Service.
2022-10-30 01:06:21,221 [main] INFO  ha.SCMServiceManager (SCMServiceManager.java:register(42)) - Registering service ExpiredContainerReplicaOpScrubber.
2022-10-30 01:06:21,266 [main] INFO  algorithms.PipelineChoosePolicyFactory (PipelineChoosePolicyFactory.java:createPipelineChoosePolicyFromClass(73)) - Create pipeline choose policy of type org.apache.hadoop.hdds.scm.pipeline.choose.algorithms.RandomPipelineChoosePolicy
2022-10-30 01:06:21,286 [main] INFO  ha.SCMServiceManager (SCMServiceManager.java:register(42)) - Registering service SCMBlockDeletingService.
2022-10-30 01:06:21,340 [main] INFO  replication.ReplicationManager (ReplicationManager.java:start(237)) - Starting Replication Monitor Thread.
2022-10-30 01:06:21,350 [main] INFO  ha.SCMServiceManager (SCMServiceManager.java:register(42)) - Registering service ReplicationManager.
2022-10-30 01:06:21,352 [ReplicationMonitor] INFO  replication.ReplicationManager (ReplicationManager.java:processAll(305)) - Replication Manager is not ready to run until 3000ms after safemode exit
2022-10-30 01:06:21,362 [main] INFO  safemode.ContainerSafeModeRule (ContainerSafeModeRule.java:<init>(89)) - containers with one replica threshold count 0
2022-10-30 01:06:21,368 [main] INFO  safemode.HealthyPipelineSafeModeRule (HealthyPipelineSafeModeRule.java:initializeRule(169)) - Total pipeline count is 0, healthy pipeline threshold count is 1
2022-10-30 01:06:21,370 [main] INFO  safemode.OneReplicaPipelineSafeModeRule (OneReplicaPipelineSafeModeRule.java:initializeRule(180)) - Total pipeline count is 0, pipeline's with at least one datanode reported threshold count is 0
2022-10-30 01:06:21,662 [main] INFO  audit.AuditLogger (AuditLogger.java:refreshDebugCmdSet(126)) - Refresh DebugCmdSet for SCMAudit to [].
2022-10-30 01:06:21,690 [main] INFO  ipc.CallQueueManager (CallQueueManager.java:<init>(90)) - Using callQueue: class java.util.concurrent.LinkedBlockingQueue, queueCapacity: 2000, scheduler: class org.apache.hadoop.ipc.DefaultRpcScheduler, ipcBackoff: false.
2022-10-30 01:06:21,723 [Socket Reader #1 for port 0] INFO  ipc.Server (Server.java:run(1273)) - Starting Socket Reader #1 for port 0
2022-10-30 01:06:21,790 [Listener at 0.0.0.0/35291] INFO  audit.AuditLogger (AuditLogger.java:refreshDebugCmdSet(126)) - Refresh DebugCmdSet for SCMAudit to [].
2022-10-30 01:06:21,798 [Listener at 0.0.0.0/35291] INFO  ipc.CallQueueManager (CallQueueManager.java:<init>(90)) - Using callQueue: class java.util.concurrent.LinkedBlockingQueue, queueCapacity: 2000, scheduler: class org.apache.hadoop.ipc.DefaultRpcScheduler, ipcBackoff: false.
2022-10-30 01:06:21,799 [Socket Reader #1 for port 0] INFO  ipc.Server (Server.java:run(1273)) - Starting Socket Reader #1 for port 0
2022-10-30 01:06:21,841 [Listener at 0.0.0.0/41145] INFO  audit.AuditLogger (AuditLogger.java:refreshDebugCmdSet(126)) - Refresh DebugCmdSet for SCMAudit to [].
2022-10-30 01:06:21,852 [Listener at 0.0.0.0/41145] INFO  ipc.CallQueueManager (CallQueueManager.java:<init>(90)) - Using callQueue: class java.util.concurrent.LinkedBlockingQueue, queueCapacity: 2000, scheduler: class org.apache.hadoop.ipc.DefaultRpcScheduler, ipcBackoff: false.
2022-10-30 01:06:21,854 [Socket Reader #1 for port 0] INFO  ipc.Server (Server.java:run(1273)) - Starting Socket Reader #1 for port 0
2022-10-30 01:06:21,917 [Listener at 0.0.0.0/32861] INFO  ha.SCMServiceManager (SCMServiceManager.java:register(42)) - Registering service ContainerBalancer.
2022-10-30 01:06:21,929 [Listener at 0.0.0.0/32861] INFO  server.StorageContainerManager (StorageContainerManager.java:<init>(412)) - 
Container Balancer status:
Key                            Value
Running                        true
Container Balancer Configuration values:
Key                                                Value
Threshold                                          10
Max Datanodes to Involve per Iteration(percent)    20
Max Size to Move per Iteration                     500GB
Max Size Entering Target per Iteration             26GB
Max Size Leaving Source per Iteration              26GB

2022-10-30 01:06:21,929 [Listener at 0.0.0.0/32861] WARN  events.EventQueue (EventQueue.java:fireEvent(216)) - No event handler registered for event TypedEvent{payloadType=SafeModeStatus, name='Safe mode status'}
2022-10-30 01:06:21,929 [Listener at 0.0.0.0/32861] INFO  ha.SCMContext (SCMContext.java:updateSafeModeStatus(228)) - Update SafeModeStatus from SafeModeStatus{safeModeStatus=true, preCheckPassed=false} to SafeModeStatus{safeModeStatus=true, preCheckPassed=false}.
2022-10-30 01:06:21,932 [Listener at 0.0.0.0/32861] INFO  server.StorageContainerManager (StorageContainerManager.java:start(1442)) - StorageContainerLocationProtocol RPC server is listening at /0.0.0.0:32861
2022-10-30 01:06:21,987 [Listener at 0.0.0.0/32861] WARN  impl.MetricsConfig (MetricsConfig.java:loadFirst(136)) - Cannot locate configuration: tried hadoop-metrics2-storagecontainermanager.properties,hadoop-metrics2.properties
2022-10-30 01:06:22,001 [Listener at 0.0.0.0/32861] INFO  impl.MetricsSystemImpl (MetricsSystemImpl.java:startTimer(378)) - Scheduled Metric snapshot period at 10 second(s).
2022-10-30 01:06:22,001 [Listener at 0.0.0.0/32861] INFO  impl.MetricsSystemImpl (MetricsSystemImpl.java:start(191)) - StorageContainerManager metrics system started
2022-10-30 01:06:22,297 [Listener at 0.0.0.0/32861] INFO  server.SCMClientProtocolServer (SCMClientProtocolServer.java:start(170)) - RPC server for Client  is listening at /0.0.0.0:32861
2022-10-30 01:06:22,299 [IPC Server Responder] INFO  ipc.Server (Server.java:run(1512)) - IPC Server Responder: starting
2022-10-30 01:06:22,300 [IPC Server listener on 0] INFO  ipc.Server (Server.java:run(1352)) - IPC Server listener on 0: starting
2022-10-30 01:06:22,306 [Listener at 0.0.0.0/32861] INFO  server.StorageContainerManager (StorageContainerManager.java:start(1457)) - ScmBlockLocationProtocol RPC server is listening at /0.0.0.0:41145
2022-10-30 01:06:22,307 [Listener at 0.0.0.0/32861] INFO  server.SCMBlockProtocolServer (SCMBlockProtocolServer.java:start(152)) - RPC server for Block Protocol is listening at /0.0.0.0:41145
2022-10-30 01:06:22,308 [IPC Server Responder] INFO  ipc.Server (Server.java:run(1512)) - IPC Server Responder: starting
2022-10-30 01:06:22,308 [IPC Server listener on 0] INFO  ipc.Server (Server.java:run(1352)) - IPC Server listener on 0: starting
2022-10-30 01:06:22,310 [Listener at 0.0.0.0/32861] INFO  server.SCMDatanodeProtocolServer (SCMDatanodeProtocolServer.java:start(186)) - ScmDatanodeProtocol RPC server for DataNodes is listening at /0.0.0.0:35291
2022-10-30 01:06:22,311 [IPC Server Responder] INFO  ipc.Server (Server.java:run(1512)) - IPC Server Responder: starting
2022-10-30 01:06:22,311 [IPC Server listener on 0] INFO  ipc.Server (Server.java:run(1352)) - IPC Server listener on 0: starting
2022-10-30 01:06:22,329 [org.apache.hadoop.util.JvmPauseMonitor$Monitor@2c6efee3] INFO  util.JvmPauseMonitor (JvmPauseMonitor.java:run(188)) - Starting JVM pause monitor
2022-10-30 01:06:22,341 [Listener at 0.0.0.0/32861] INFO  http.BaseHttpServer (BaseHttpServer.java:newHttpServer2BuilderForOzone(213)) - Starting Web-server for scm at: http://0.0.0.0:0
2022-10-30 01:06:22,341 [Listener at 0.0.0.0/32861] INFO  http.BaseHttpServer (BaseHttpServer.java:<init>(108)) - Hadoop Security Enabled: false Ozone Security Enabled: false Ozone HTTP Security Enabled: false 
2022-10-30 01:06:22,365 [Listener at 0.0.0.0/32861] INFO  util.log (Log.java:initialized(170)) - Logging initialized @3988ms to org.eclipse.jetty.util.log.Slf4jLog
2022-10-30 01:06:22,468 [Listener at 0.0.0.0/32861] WARN  server.AuthenticationFilter (AuthenticationFilter.java:constructSecretProvider(240)) - Unable to initialize FileSignerSecretProvider, falling back to use random secrets. Reason: Could not read signature secret file: /home/runner/hadoop-http-auth-signature-secret
2022-10-30 01:06:22,475 [Listener at 0.0.0.0/32861] WARN  http.HttpRequestLog (HttpRequestLog.java:getRequestLog(103)) - Jetty request log can only be enabled using Log4j
2022-10-30 01:06:22,482 [Listener at 0.0.0.0/32861] INFO  http.HttpServer2 (HttpServer2.java:addGlobalFilter(1031)) - Added global filter 'safety' (class=org.apache.hadoop.hdds.server.http.HttpServer2$QuotingInputFilter)
2022-10-30 01:06:22,484 [Listener at 0.0.0.0/32861] INFO  http.HttpServer2 (HttpServer2.java:addFilter(1007)) - Added filter static_user_filter (class=org.apache.hadoop.http.lib.StaticUserWebFilter$StaticUserFilter) to context scm
2022-10-30 01:06:22,484 [Listener at 0.0.0.0/32861] INFO  http.HttpServer2 (HttpServer2.java:addFilter(1015)) - Added filter static_user_filter (class=org.apache.hadoop.http.lib.StaticUserWebFilter$StaticUserFilter) to context logs
2022-10-30 01:06:22,485 [Listener at 0.0.0.0/32861] INFO  http.HttpServer2 (HttpServer2.java:addFilter(1015)) - Added filter static_user_filter (class=org.apache.hadoop.http.lib.StaticUserWebFilter$StaticUserFilter) to context static
2022-10-30 01:06:22,526 [Listener at 0.0.0.0/32861] INFO  http.HttpServer2 (HttpServer2.java:bindListener(1250)) - Jetty bound to port 43047
2022-10-30 01:06:22,528 [Listener at 0.0.0.0/32861] INFO  server.Server (Server.java:doStart(375)) - jetty-9.4.49.v20220914; built: 2022-09-14T01:07:36.601Z; git: 4231a3b2e4cb8548a412a789936d640a97b1aa0a; jvm 1.8.0_345-b01
2022-10-30 01:06:22,556 [Listener at 0.0.0.0/32861] INFO  server.session (DefaultSessionIdManager.java:doStart(334)) - DefaultSessionIdManager workerName=node0
2022-10-30 01:06:22,556 [Listener at 0.0.0.0/32861] INFO  server.session (DefaultSessionIdManager.java:doStart(339)) - No SessionScavenger set, using defaults
2022-10-30 01:06:22,558 [Listener at 0.0.0.0/32861] INFO  server.session (HouseKeeper.java:startScavenging(132)) - node0 Scavenging every 600000ms
2022-10-30 01:06:22,571 [Listener at 0.0.0.0/32861] INFO  handler.ContextHandler (ContextHandler.java:doStart(921)) - Started o.e.j.s.ServletContextHandler@7612f385{logs,/logs,file:///home/runner/work/ozone/ozone/hadoop-ozone/integration-test/target/log,AVAILABLE}
2022-10-30 01:06:22,571 [Listener at 0.0.0.0/32861] INFO  handler.ContextHandler (ContextHandler.java:doStart(921)) - Started o.e.j.s.ServletContextHandler@173b24c4{static,/static,file:///home/runner/work/ozone/ozone/hadoop-ozone/integration-test/target/test-classes/webapps/static,AVAILABLE}
2022-10-30 01:06:22,621 [Listener at 0.0.0.0/32861] INFO  handler.ContextHandler (ContextHandler.java:doStart(921)) - Started o.e.j.w.WebAppContext@43aa767{scm,/,file:///home/runner/work/ozone/ozone/hadoop-ozone/integration-test/target/test-classes/webapps/scm/,AVAILABLE}{file:/home/runner/work/ozone/ozone/hadoop-ozone/integration-test/target/test-classes/webapps/scm}
2022-10-30 01:06:22,633 [Listener at 0.0.0.0/32861] INFO  server.AbstractConnector (AbstractConnector.java:doStart(333)) - Started ServerConnector@4028aab2{HTTP/1.1, (http/1.1)}{0.0.0.0:43047}
2022-10-30 01:06:22,633 [Listener at 0.0.0.0/32861] INFO  server.Server (Server.java:doStart(415)) - Started @4257ms
2022-10-30 01:06:22,636 [Listener at 0.0.0.0/32861] INFO  impl.MetricsSinkAdapter (MetricsSinkAdapter.java:start(204)) - Sink prometheus started
2022-10-30 01:06:22,636 [Listener at 0.0.0.0/32861] INFO  impl.MetricsSystemImpl (MetricsSystemImpl.java:registerSink(305)) - Registered sink prometheus
2022-10-30 01:06:22,637 [Listener at 0.0.0.0/32861] INFO  http.BaseHttpServer (BaseHttpServer.java:updateConnectorAddress(333)) - HTTP server of scm listening at http://0.0.0.0:43047
2022-10-30 01:06:22,639 [Listener at 0.0.0.0/32861] WARN  server.ServerUtils (ServerUtils.java:getDBPath(225)) - ozone.om.db.dirs is not configured. We recommend adding this setting. Falling back to ozone.metadata.dirs instead.
2022-10-30 01:06:22,703 [Listener at 0.0.0.0/32861] INFO  audit.AuditLogger (AuditLogger.java:refreshDebugCmdSet(126)) - Refresh DebugCmdSet for OMAudit to [].
2022-10-30 01:06:22,783 [Listener at 0.0.0.0/32861] INFO  ha.OMHANodeDetails (OMHANodeDetails.java:loadOMHAConfig(115)) - ozone.om.internal.service.id is not defined, falling back to ozone.om.service.ids to find serviceID for OzoneManager if it is HA enabled cluster
2022-10-30 01:06:22,786 [Listener at 0.0.0.0/32861] INFO  ha.OMHANodeDetails (OMHANodeDetails.java:loadOMHAConfig(226)) - Configuration does not have ozone.om.address set. Falling back to the default OM address /127.0.0.1:0
2022-10-30 01:06:22,786 [Listener at 0.0.0.0/32861] INFO  ha.OMHANodeDetails (OMHANodeDetails.java:getOMNodeDetailsForNonHA(254)) - OM Service ID is not set. Setting it to the default ID: omServiceIdDefault
2022-10-30 01:06:22,787 [Listener at 0.0.0.0/32861] INFO  ha.OMHANodeDetails (OMHANodeDetails.java:getOMNodeDetailsForNonHA(261)) - OM Node ID is not set. Setting it to the default ID: om1
2022-10-30 01:06:22,790 [Listener at 0.0.0.0/32861] WARN  server.ServerUtils (ServerUtils.java:getDBPath(225)) - ozone.om.db.dirs is not configured. We recommend adding this setting. Falling back to ozone.metadata.dirs instead.
2022-10-30 01:06:22,792 [Listener at 0.0.0.0/32861] INFO  upgrade.AbstractLayoutVersionManager (AbstractLayoutVersionManager.java:init(83)) - Initializing Layout version manager with metadata layout = MULTITENANCY_SCHEMA (version = 3), software layout = MULTITENANCY_SCHEMA (version = 3)
2022-10-30 01:06:22,872 [Listener at 0.0.0.0/32861] INFO  reflections.Reflections (Reflections.java:scan(232)) - Reflections took 75 ms to scan 2 urls, producing 154 keys and 428 values [using 2 cores]
2022-10-30 01:06:22,876 [Listener at 0.0.0.0/32861] INFO  upgrade.OMLayoutVersionManager (OMLayoutVersionManager.java:lambda$0(115)) - Skipping Upgrade Action MockOmUpgradeAction since it has been finalized.
2022-10-30 01:06:22,877 [Listener at 0.0.0.0/32861] WARN  server.ServerUtils (ServerUtils.java:getDBPath(225)) - ozone.om.db.dirs is not configured. We recommend adding this setting. Falling back to ozone.metadata.dirs instead.
2022-10-30 01:06:23,025 [Listener at 0.0.0.0/32861] INFO  proxy.SCMBlockLocationFailoverProxyProvider (SCMBlockLocationFailoverProxyProvider.java:<init>(114)) - Created block location fail-over proxy with 1 nodes: [nodeId=scmNodeId,nodeAddress=/0.0.0.0:41145]
2022-10-30 01:06:23,055 [Listener at 0.0.0.0/32861] INFO  proxy.SCMBlockLocationFailoverProxyProvider (SCMBlockLocationFailoverProxyProvider.java:<init>(114)) - Created block location fail-over proxy with 1 nodes: [nodeId=scmNodeId,nodeAddress=/0.0.0.0:41145]
2022-10-30 01:06:23,225 [Listener at 0.0.0.0/32861] WARN  server.ServerUtils (ServerUtils.java:getDBPath(225)) - ozone.om.db.dirs is not configured. We recommend adding this setting. Falling back to ozone.metadata.dirs instead.
2022-10-30 01:06:23,230 [Listener at 0.0.0.0/32861] INFO  codec.OmKeyInfoCodec (OmKeyInfoCodec.java:<init>(49)) - OmKeyInfoCodec ignorePipeline = true
2022-10-30 01:06:23,231 [Listener at 0.0.0.0/32861] INFO  codec.RepeatedOmKeyInfoCodec (RepeatedOmKeyInfoCodec.java:<init>(41)) - RepeatedOmKeyInfoCodec ignorePipeline = true
2022-10-30 01:06:23,371 [Listener at 0.0.0.0/32861] INFO  om.OzoneManager (OzoneManager.java:instantiateServices(712)) - S3 Multi-Tenancy is disabled
2022-10-30 01:06:23,457 [Listener at 0.0.0.0/32861] INFO  om.OzoneManager (OzoneManager.java:addS3GVolumeToDB(4386)) - Created Volume s3v With Owner runner required for S3Gateway operations.
2022-10-30 01:06:23,506 [Listener at 0.0.0.0/32861] WARN  server.ServerUtils (ServerUtils.java:getDefaultRatisDirectory(237)) - Storage directory for Ratis is not configured. It is a good idea to map this to an SSD disk. Falling back to ozone.metadata.dirs
2022-10-30 01:06:23,507 [Listener at 0.0.0.0/32861] WARN  utils.OzoneManagerRatisUtils (OzoneManagerRatisUtils.java:getOMRatisSnapshotDirectory(434)) - ozone.om.ratis.snapshot.dir is not configured. Falling back to ozone.metadata.dirs config
2022-10-30 01:06:23,526 [Listener at 0.0.0.0/32861] WARN  server.ServerUtils (ServerUtils.java:getDefaultRatisDirectory(237)) - Storage directory for Ratis is not configured. It is a good idea to map this to an SSD disk. Falling back to ozone.metadata.dirs
2022-10-30 01:06:23,552 [Listener at 0.0.0.0/32861] INFO  ratis.OzoneManagerRatisServer (OzoneManagerRatisServer.java:<init>(160)) - Instantiating OM Ratis server with groupID: omServiceIdDefault and peers: localhost:9872
2022-10-30 01:06:23,560 [Listener at 0.0.0.0/32861] INFO  ratis.OzoneManagerStateMachine (OzoneManagerStateMachine.java:loadSnapshotInfoFromDB(636)) - LastAppliedIndex is set from TransactionInfo from OM DB as (t:0, i:~)
2022-10-30 01:06:23,604 [Listener at 0.0.0.0/32861] INFO  server.RaftServer (ConfUtils.java:logGet(46)) - raft.rpc.type = GRPC (default)
2022-10-30 01:06:23,681 [Listener at 0.0.0.0/32861] INFO  grpc.GrpcConfigKeys (ConfUtils.java:logFallback(53)) - raft.grpc.admin.host = null (fallback to raft.grpc.server.host)
2022-10-30 01:06:23,683 [Listener at 0.0.0.0/32861] INFO  grpc.GrpcConfigKeys (ConfUtils.java:logFallback(53)) - raft.grpc.admin.port = 9872 (fallback to raft.grpc.server.port)
2022-10-30 01:06:23,683 [Listener at 0.0.0.0/32861] INFO  grpc.GrpcConfigKeys (ConfUtils.java:logFallback(53)) - raft.grpc.client.host = null (fallback to raft.grpc.server.host)
2022-10-30 01:06:23,684 [Listener at 0.0.0.0/32861] INFO  grpc.GrpcConfigKeys (ConfUtils.java:logFallback(53)) - raft.grpc.client.port = 9872 (fallback to raft.grpc.server.port)
2022-10-30 01:06:23,684 [Listener at 0.0.0.0/32861] INFO  grpc.GrpcConfigKeys (ConfUtils.java:logGet(46)) - raft.grpc.server.host = null (default)
2022-10-30 01:06:23,684 [Listener at 0.0.0.0/32861] INFO  grpc.GrpcConfigKeys (ConfUtils.java:logGet(46)) - raft.grpc.server.port = 9872 (custom)
2022-10-30 01:06:23,684 [Listener at 0.0.0.0/32861] INFO  server.GrpcService (ConfUtils.java:logGet(46)) - raft.grpc.message.size.max = 33554432 (custom)
2022-10-30 01:06:23,685 [Listener at 0.0.0.0/32861] INFO  server.RaftServerConfigKeys (ConfUtils.java:logGet(46)) - raft.server.log.appender.buffer.byte-limit = 33554432 (custom)
2022-10-30 01:06:23,686 [Listener at 0.0.0.0/32861] INFO  server.GrpcService (ConfUtils.java:logGet(46)) - raft.grpc.flow.control.window = 1MB (=1048576) (default)
2022-10-30 01:06:23,686 [Listener at 0.0.0.0/32861] INFO  server.RaftServerConfigKeys (ConfUtils.java:logGet(46)) - raft.server.rpc.request.timeout = 3000ms (default)
2022-10-30 01:06:23,700 [Listener at 0.0.0.0/32861] INFO  grpc.GrpcConfigKeys (ConfUtils.java:logGet(46)) - raft.grpc.server.heartbeat.channel = true (default)
2022-10-30 01:06:23,703 [Listener at 0.0.0.0/32861] INFO  grpc.GrpcConfigKeys (ConfUtils.java:logGet(46)) - raft.grpc.server.async.request.thread.pool.cached = true (default)
2022-10-30 01:06:23,703 [Listener at 0.0.0.0/32861] INFO  grpc.GrpcConfigKeys (ConfUtils.java:logGet(46)) - raft.grpc.server.async.request.thread.pool.size = 32 (default)
2022-10-30 01:06:23,964 [Listener at 0.0.0.0/32861] INFO  impl.DataStreamServerImpl (ConfUtils.java:logGet(46)) - raft.datastream.type = DISABLED (default)
2022-10-30 01:06:23,967 [Listener at 0.0.0.0/32861] INFO  server.RaftServerConfigKeys (ConfUtils.java:logGet(46)) - raft.server.threadpool.proxy.cached = true (default)
2022-10-30 01:06:23,967 [Listener at 0.0.0.0/32861] INFO  server.RaftServerConfigKeys (ConfUtils.java:logGet(46)) - raft.server.threadpool.proxy.size = 0 (default)
2022-10-30 01:06:23,968 [Listener at 0.0.0.0/32861] INFO  server.RaftServerConfigKeys (ConfUtils.java:logGet(46)) - raft.server.rpc.slowness.timeout = 120s (custom)
2022-10-30 01:06:23,968 [Listener at 0.0.0.0/32861] INFO  server.RaftServerConfigKeys (ConfUtils.java:logGet(46)) - raft.server.leaderelection.leader.step-down.wait-time = 10s (default)
2022-10-30 01:06:23,971 [Listener at 0.0.0.0/32861] INFO  server.RaftServerConfigKeys (ConfUtils.java:logGet(46)) - raft.server.storage.dir = [/home/runner/work/ozone/ozone/hadoop-ozone/integration-test/target/test-dir/MiniOzoneClusterImpl-d77d6c10-3d51-4ae5-b04b-b5f3d2f20a3f/ozone-meta/ratis] (custom)
2022-10-30 01:06:23,982 [Listener at 0.0.0.0/32861] INFO  server.RaftServer (RaftServerProxy.java:addNew(96)) - om1: addNew group-C5BA1605619E:[om1|rpc:localhost:9872|priority:0|startupRole:FOLLOWER] returns group-C5BA1605619E:java.util.concurrent.CompletableFuture@75e032af[Not completed]
2022-10-30 01:06:23,982 [Listener at 0.0.0.0/32861] INFO  om.OzoneManager (OzoneManager.java:initializeRatisServer(1975)) - OzoneManager Ratis server initialized at port 9872
2022-10-30 01:06:23,997 [Listener at 0.0.0.0/32861] INFO  om.OzoneManager (OzoneManager.java:getRpcServer(1101)) - Creating RPC Server
2022-10-30 01:06:24,011 [pool-55-thread-1] INFO  server.RaftServer$Division (RaftServerImpl.java:<init>(195)) - om1: new RaftServerImpl for group-C5BA1605619E:[om1|rpc:localhost:9872|priority:0|startupRole:FOLLOWER] with OzoneManagerStateMachine:uninitialized
2022-10-30 01:06:24,019 [pool-55-thread-1] INFO  server.RaftServerConfigKeys (ConfUtils.java:logGet(46)) - raft.server.rpc.timeout.min = 1s (custom)
2022-10-30 01:06:24,020 [pool-55-thread-1] INFO  server.RaftServerConfigKeys (ConfUtils.java:logGet(46)) - raft.server.rpc.timeout.max = 1200ms (custom)
2022-10-30 01:06:24,021 [pool-55-thread-1] INFO  server.RaftServerConfigKeys (ConfUtils.java:logGet(46)) - raft.server.rpc.sleep.time = 25ms (default)
2022-10-30 01:06:24,021 [pool-55-thread-1] INFO  server.RaftServerConfigKeys (ConfUtils.java:logGet(46)) - raft.server.rpc.slowness.timeout = 120s (custom)
2022-10-30 01:06:24,021 [pool-55-thread-1] INFO  server.RaftServerConfigKeys (ConfUtils.java:logGet(46)) - raft.server.leaderelection.leader.step-down.wait-time = 10s (default)
2022-10-30 01:06:24,021 [pool-55-thread-1] INFO  server.RaftServerConfigKeys (ConfUtils.java:logGet(46)) - raft.server.sleep.deviation.threshold = 300ms (default)
2022-10-30 01:06:24,040 [pool-55-thread-1] INFO  server.RaftServer$Division (ServerState.java:<init>(118)) - om1@group-C5BA1605619E: ConfigurationManager, init=-1: peers:[om1|rpc:localhost:9872|priority:0|startupRole:FOLLOWER]|listeners:[], old=null, confs=<EMPTY_MAP>
2022-10-30 01:06:24,041 [pool-55-thread-1] INFO  server.RaftServerConfigKeys (ConfUtils.java:logGet(46)) - raft.server.storage.dir = [/home/runner/work/ozone/ozone/hadoop-ozone/integration-test/target/test-dir/MiniOzoneClusterImpl-d77d6c10-3d51-4ae5-b04b-b5f3d2f20a3f/ozone-meta/ratis] (custom)
2022-10-30 01:06:24,045 [pool-55-thread-1] INFO  server.RaftServerConfigKeys (ConfUtils.java:logGet(46)) - raft.server.log.corruption.policy = EXCEPTION (default)
2022-10-30 01:06:24,045 [pool-55-thread-1] INFO  server.RaftServerConfigKeys (ConfUtils.java:logGet(46)) - raft.server.storage.free-space.min = 0MB (=0) (default)
2022-10-30 01:06:24,064 [pool-55-thread-1] INFO  server.RaftServerConfigKeys (ConfUtils.java:logGet(46)) - raft.server.notification.no-leader.timeout = 120s (custom)
2022-10-30 01:06:24,066 [pool-55-thread-1] INFO  server.RaftServerConfigKeys (ConfUtils.java:logGet(46)) - raft.server.retrycache.expirytime = 300s (custom)
2022-10-30 01:06:24,066 [pool-55-thread-1] INFO  server.RaftServerConfigKeys (ConfUtils.java:logGet(46)) - raft.server.retrycache.statistics.expirytime = 100μs (default)
2022-10-30 01:06:24,229 [pool-55-thread-1] INFO  server.RaftServerConfigKeys (ConfUtils.java:logGet(46)) - raft.server.log.appender.install.snapshot.enabled = false (custom)
2022-10-30 01:06:24,229 [pool-55-thread-1] INFO  server.RaftServerConfigKeys (ConfUtils.java:logGet(46)) - raft.server.threadpool.server.cached = true (default)
2022-10-30 01:06:24,229 [pool-55-thread-1] INFO  server.RaftServerConfigKeys (ConfUtils.java:logGet(46)) - raft.server.threadpool.server.size = 0 (default)
2022-10-30 01:06:24,230 [pool-55-thread-1] INFO  server.RaftServerConfigKeys (ConfUtils.java:logGet(46)) - raft.server.threadpool.client.cached = true (default)
2022-10-30 01:06:24,230 [pool-55-thread-1] INFO  server.RaftServerConfigKeys (ConfUtils.java:logGet(46)) - raft.server.threadpool.client.size = 0 (default)
2022-10-30 01:06:24,735 [Listener at 0.0.0.0/32861] INFO  reflections.Reflections (Reflections.java:scan(232)) - Reflections took 672 ms to scan 19 urls, producing 67 keys and 4301 values [using 2 cores]
2022-10-30 01:06:24,895 [Listener at 0.0.0.0/32861] INFO  ipc.CallQueueManager (CallQueueManager.java:<init>(90)) - Using callQueue: class java.util.concurrent.LinkedBlockingQueue, queueCapacity: 2000, scheduler: class org.apache.hadoop.ipc.DefaultRpcScheduler, ipcBackoff: false.
2022-10-30 01:06:24,895 [Socket Reader #1 for port 0] INFO  ipc.Server (Server.java:run(1273)) - Starting Socket Reader #1 for port 0
2022-10-30 01:06:24,923 [Listener at 127.0.0.1/42013] INFO  impl.MetricsSystemImpl (MetricsSystemImpl.java:init(158)) - OzoneManager metrics system started (again)
2022-10-30 01:06:24,935 [Listener at 127.0.0.1/42013] INFO  om.OzoneManager (OzoneManager.java:start(1482)) - OzoneManager RPC server is listening at localhost/127.0.0.1:42013
2022-10-30 01:06:24,936 [Listener at 127.0.0.1/42013] INFO  ratis.OzoneManagerRatisServer (OzoneManagerRatisServer.java:start(555)) - Starting OzoneManagerRatisServer om1 at port 9872
2022-10-30 01:06:24,939 [om1-impl-thread1] INFO  storage.RaftStorageDirectory (RaftStorageDirectoryImpl.java:analyzeStorage(137)) - The storage directory /home/runner/work/ozone/ozone/hadoop-ozone/integration-test/target/test-dir/MiniOzoneClusterImpl-d77d6c10-3d51-4ae5-b04b-b5f3d2f20a3f/ozone-meta/ratis/bf265839-605b-3f16-9796-c5ba1605619e does not exist. Creating ...
2022-10-30 01:06:24,942 [om1-impl-thread1] INFO  storage.RaftStorageDirectory (RaftStorageDirectoryImpl.java:tryLock(231)) - Lock on /home/runner/work/ozone/ozone/hadoop-ozone/integration-test/target/test-dir/MiniOzoneClusterImpl-d77d6c10-3d51-4ae5-b04b-b5f3d2f20a3f/ozone-meta/ratis/bf265839-605b-3f16-9796-c5ba1605619e/in_use.lock acquired by nodename 13950@fv-az99-422
2022-10-30 01:06:24,947 [om1-impl-thread1] INFO  storage.RaftStorage (RaftStorageImpl.java:format(96)) - Storage directory /home/runner/work/ozone/ozone/hadoop-ozone/integration-test/target/test-dir/MiniOzoneClusterImpl-d77d6c10-3d51-4ae5-b04b-b5f3d2f20a3f/ozone-meta/ratis/bf265839-605b-3f16-9796-c5ba1605619e has been successfully formatted.
2022-10-30 01:06:24,949 [om1-impl-thread1] INFO  server.RaftServerConfigKeys (ConfUtils.java:logGet(46)) - raft.server.log.use.memory = false (default)
2022-10-30 01:06:24,961 [om1-impl-thread1] INFO  server.RaftServerConfigKeys (ConfUtils.java:logGet(46)) - raft.server.log.purge.gap = 1000000 (custom)
2022-10-30 01:06:24,962 [om1-impl-thread1] INFO  server.RaftServerConfigKeys (ConfUtils.java:logGet(46)) - raft.server.log.appender.buffer.byte-limit = 33554432 (custom)
2022-10-30 01:06:24,965 [om1-impl-thread1] INFO  server.RaftServerConfigKeys (ConfUtils.java:logGet(46)) - raft.server.log.statemachine.data.read.timeout = 1000ms (default)
2022-10-30 01:06:24,965 [om1-impl-thread1] INFO  server.RaftServerConfigKeys (ConfUtils.java:logGet(46)) - raft.server.log.purge.preservation.log.num = 0 (default)
2022-10-30 01:06:24,968 [om1-impl-thread1] INFO  server.RaftServerConfigKeys (ConfUtils.java:logGet(46)) - raft.server.log.segment.size.max = 4194304 (custom)
2022-10-30 01:06:24,973 [om1-impl-thread1] INFO  server.RaftServerConfigKeys (ConfUtils.java:logGet(46)) - raft.server.log.segment.cache.num.max = 2 (custom)
2022-10-30 01:06:24,974 [om1-impl-thread1] INFO  server.RaftServerConfigKeys (ConfUtils.java:logGet(46)) - raft.server.log.segment.cache.size.max = 200MB (=209715200) (default)
2022-10-30 01:06:24,979 [om1-impl-thread1] INFO  segmented.SegmentedRaftLogWorker (SegmentedRaftLogWorker.java:<init>(191)) - new om1@group-C5BA1605619E-SegmentedRaftLogWorker for RaftStorageImpl:Storage Directory /home/runner/work/ozone/ozone/hadoop-ozone/integration-test/target/test-dir/MiniOzoneClusterImpl-d77d6c10-3d51-4ae5-b04b-b5f3d2f20a3f/ozone-meta/ratis/bf265839-605b-3f16-9796-c5ba1605619e
2022-10-30 01:06:24,979 [om1-impl-thread1] INFO  server.RaftServerConfigKeys (ConfUtils.java:logGet(46)) - raft.server.log.queue.byte-limit = 64MB (=67108864) (default)
2022-10-30 01:06:24,980 [om1-impl-thread1] INFO  server.RaftServerConfigKeys (ConfUtils.java:logGet(46)) - raft.server.log.queue.element-limit = 4096 (default)
2022-10-30 01:06:24,981 [om1-impl-thread1] INFO  server.RaftServerConfigKeys (ConfUtils.java:logGet(46)) - raft.server.log.segment.size.max = 4194304 (custom)
2022-10-30 01:06:24,981 [om1-impl-thread1] INFO  server.RaftServerConfigKeys (ConfUtils.java:logGet(46)) - raft.server.log.preallocated.size = 4194304 (custom)
2022-10-30 01:06:24,981 [om1-impl-thread1] INFO  server.RaftServerConfigKeys (ConfUtils.java:logGet(46)) - raft.server.log.force.sync.num = 128 (default)
2022-10-30 01:06:24,982 [om1-impl-thread1] INFO  server.RaftServerConfigKeys (ConfUtils.java:logGet(46)) - raft.server.log.statemachine.data.sync = true (default)
2022-10-30 01:06:24,982 [om1-impl-thread1] INFO  server.RaftServerConfigKeys (ConfUtils.java:logGet(46)) - raft.server.log.statemachine.data.sync.timeout = 10s (default)
2022-10-30 01:06:24,982 [om1-impl-thread1] INFO  server.RaftServerConfigKeys (ConfUtils.java:logGet(46)) - raft.server.log.statemachine.data.sync.timeout.retry = -1 (default)
2022-10-30 01:06:24,990 [om1-impl-thread1] INFO  server.RaftServerConfigKeys (ConfUtils.java:logGet(46)) - raft.server.log.write.buffer.size = 64KB (=65536) (default)
2022-10-30 01:06:24,990 [om1-impl-thread1] INFO  server.RaftServerConfigKeys (ConfUtils.java:logGet(46)) - raft.server.log.unsafe-flush.enabled = false (default)
2022-10-30 01:06:24,990 [om1-impl-thread1] INFO  server.RaftServerConfigKeys (ConfUtils.java:logGet(46)) - raft.server.log.async-flush.enabled = false (default)
2022-10-30 01:06:24,991 [om1-impl-thread1] INFO  server.RaftServerConfigKeys (ConfUtils.java:logGet(46)) - raft.server.log.statemachine.data.caching.enabled = false (default)
2022-10-30 01:06:24,996 [om1-impl-thread1] INFO  segmented.SegmentedRaftLogWorker (SegmentedRaftLogWorker.java:lambda$new$0(136)) - om1@group-C5BA1605619E-SegmentedRaftLogWorker: flushIndex: setUnconditionally 0 -> -1
2022-10-30 01:06:24,996 [om1-impl-thread1] INFO  segmented.SegmentedRaftLogWorker (SegmentedRaftLogWorker.java:lambda$new$0(136)) - om1@group-C5BA1605619E-SegmentedRaftLogWorker: safeCacheEvictIndex: setUnconditionally 0 -> -1
2022-10-30 01:06:24,998 [om1-impl-thread1] INFO  server.RaftServer$Division (RaftServerImpl.java:start(334)) - om1@group-C5BA1605619E: start as a follower, conf=-1: peers:[om1|rpc:localhost:9872|priority:0|startupRole:FOLLOWER]|listeners:[], old=null
2022-10-30 01:06:24,999 [om1-impl-thread1] INFO  server.RaftServer$Division (RaftServerImpl.java:setRole(321)) - om1@group-C5BA1605619E: changes role from      null to FOLLOWER at term 0 for startAsFollower
2022-10-30 01:06:25,000 [om1-impl-thread1] INFO  impl.RoleInfo (RoleInfo.java:updateAndGet(139)) - om1: start om1@group-C5BA1605619E-FollowerState
2022-10-30 01:06:25,002 [om1-impl-thread1] INFO  util.JmxRegister (JmxRegister.java:tryRegister(44)) - Successfully registered JMX Bean with object name Ratis:service=RaftServer,group=group-C5BA1605619E,id=om1
2022-10-30 01:06:25,004 [om1-impl-thread1] INFO  server.RaftServerConfigKeys (ConfUtils.java:logGet(46)) - raft.server.snapshot.auto.trigger.enabled = true (custom)
2022-10-30 01:06:25,005 [om1-impl-thread1] INFO  server.RaftServerConfigKeys (ConfUtils.java:logGet(46)) - raft.server.snapshot.auto.trigger.threshold = 400000 (default)
2022-10-30 01:06:25,005 [om1-impl-thread1] INFO  server.RaftServerConfigKeys (ConfUtils.java:logGet(46)) - raft.server.snapshot.retention.file.num = -1 (default)
2022-10-30 01:06:25,006 [om1-impl-thread1] INFO  server.RaftServerConfigKeys (ConfUtils.java:logGet(46)) - raft.server.log.purge.upto.snapshot.index = true (custom)
2022-10-30 01:06:25,007 [om1@group-C5BA1605619E-FollowerState] INFO  server.RaftServerConfigKeys (ConfUtils.java:logFallback(53)) - raft.server.rpc.first-election.timeout.min = 1s (fallback to raft.server.rpc.timeout.min)
2022-10-30 01:06:25,007 [om1@group-C5BA1605619E-FollowerState] INFO  server.RaftServerConfigKeys (ConfUtils.java:logFallback(53)) - raft.server.rpc.first-election.timeout.max = 1200ms (fallback to raft.server.rpc.timeout.max)
2022-10-30 01:06:25,010 [Listener at 127.0.0.1/42013] INFO  server.RaftServer (RaftServerProxy.java:startImpl(393)) - om1: start RPC server
2022-10-30 01:06:25,067 [Listener at 127.0.0.1/42013] INFO  server.GrpcService (GrpcService.java:startImpl(270)) - om1: GrpcService started, listening on 9872
2022-10-30 01:06:25,070 [Listener at 127.0.0.1/42013] INFO  om.OzoneManager (OzoneManager.java:start(1498)) - Version File has different layout version (3) than OM DB (null). That is expected if this OM has never been finalized to a newer layout version.
2022-10-30 01:06:25,072 [JvmPauseMonitor0] INFO  util.JvmPauseMonitor (JvmPauseMonitor.java:run(105)) - JvmPauseMonitor-om1: Started
2022-10-30 01:06:25,087 [Listener at 127.0.0.1/42013] INFO  http.BaseHttpServer (BaseHttpServer.java:newHttpServer2BuilderForOzone(213)) - Starting Web-server for ozoneManager at: http://0.0.0.0:0
2022-10-30 01:06:25,087 [Listener at 127.0.0.1/42013] INFO  http.BaseHttpServer (BaseHttpServer.java:<init>(108)) - Hadoop Security Enabled: false Ozone Security Enabled: false Ozone HTTP Security Enabled: false 
2022-10-30 01:06:25,089 [Listener at 127.0.0.1/42013] WARN  server.AuthenticationFilter (AuthenticationFilter.java:constructSecretProvider(240)) - Unable to initialize FileSignerSecretProvider, falling back to use random secrets. Reason: Could not read signature secret file: /home/runner/hadoop-http-auth-signature-secret
2022-10-30 01:06:25,090 [Listener at 127.0.0.1/42013] WARN  http.HttpRequestLog (HttpRequestLog.java:getRequestLog(103)) - Jetty request log can only be enabled using Log4j
2022-10-30 01:06:25,092 [Listener at 127.0.0.1/42013] INFO  http.HttpServer2 (HttpServer2.java:addGlobalFilter(1031)) - Added global filter 'safety' (class=org.apache.hadoop.hdds.server.http.HttpServer2$QuotingInputFilter)
2022-10-30 01:06:25,093 [Listener at 127.0.0.1/42013] INFO  http.HttpServer2 (HttpServer2.java:addFilter(1007)) - Added filter static_user_filter (class=org.apache.hadoop.http.lib.StaticUserWebFilter$StaticUserFilter) to context ozoneManager
2022-10-30 01:06:25,103 [Listener at 127.0.0.1/42013] INFO  http.HttpServer2 (HttpServer2.java:addFilter(1015)) - Added filter static_user_filter (class=org.apache.hadoop.http.lib.StaticUserWebFilter$StaticUserFilter) to context static
2022-10-30 01:06:25,103 [Listener at 127.0.0.1/42013] INFO  http.HttpServer2 (HttpServer2.java:addFilter(1015)) - Added filter static_user_filter (class=org.apache.hadoop.http.lib.StaticUserWebFilter$StaticUserFilter) to context logs
2022-10-30 01:06:25,105 [Listener at 127.0.0.1/42013] INFO  http.HttpServer2 (HttpServer2.java:bindListener(1250)) - Jetty bound to port 38629
2022-10-30 01:06:25,105 [Listener at 127.0.0.1/42013] INFO  server.Server (Server.java:doStart(375)) - jetty-9.4.49.v20220914; built: 2022-09-14T01:07:36.601Z; git: 4231a3b2e4cb8548a412a789936d640a97b1aa0a; jvm 1.8.0_345-b01
2022-10-30 01:06:25,112 [Listener at 127.0.0.1/42013] INFO  server.session (DefaultSessionIdManager.java:doStart(334)) - DefaultSessionIdManager workerName=node0
2022-10-30 01:06:25,112 [Listener at 127.0.0.1/42013] INFO  server.session (DefaultSessionIdManager.java:doStart(339)) - No SessionScavenger set, using defaults
2022-10-30 01:06:25,113 [Listener at 127.0.0.1/42013] INFO  server.session (HouseKeeper.java:startScavenging(132)) - node0 Scavenging every 660000ms
2022-10-30 01:06:25,113 [Listener at 127.0.0.1/42013] INFO  handler.ContextHandler (ContextHandler.java:doStart(921)) - Started o.e.j.s.ServletContextHandler@34923f7f{logs,/logs,file:///home/runner/work/ozone/ozone/hadoop-ozone/integration-test/target/log,AVAILABLE}
2022-10-30 01:06:25,114 [Listener at 127.0.0.1/42013] INFO  handler.ContextHandler (ContextHandler.java:doStart(921)) - Started o.e.j.s.ServletContextHandler@28d38288{static,/static,file:///home/runner/work/ozone/ozone/hadoop-ozone/integration-test/target/test-classes/webapps/static,AVAILABLE}
2022-10-30 01:06:25,117 [Listener at 127.0.0.1/42013] INFO  handler.ContextHandler (ContextHandler.java:doStart(921)) - Started o.e.j.w.WebAppContext@27294098{ozoneManager,/,file:///home/runner/work/ozone/ozone/hadoop-ozone/integration-test/target/test-classes/webapps/ozoneManager/,AVAILABLE}{file:/home/runner/work/ozone/ozone/hadoop-ozone/integration-test/target/test-classes/webapps/ozoneManager}
2022-10-30 01:06:25,121 [Listener at 127.0.0.1/42013] INFO  server.AbstractConnector (AbstractConnector.java:doStart(333)) - Started ServerConnector@768f12db{HTTP/1.1, (http/1.1)}{0.0.0.0:38629}
2022-10-30 01:06:25,121 [Listener at 127.0.0.1/42013] INFO  server.Server (Server.java:doStart(415)) - Started @6745ms
2022-10-30 01:06:25,122 [Listener at 127.0.0.1/42013] WARN  impl.MetricsSystemImpl (MetricsSystemImpl.java:register(279)) - Sink prometheus already exists!
2022-10-30 01:06:25,122 [Listener at 127.0.0.1/42013] INFO  http.BaseHttpServer (BaseHttpServer.java:updateConnectorAddress(333)) - HTTP server of ozoneManager listening at http://0.0.0.0:38629
2022-10-30 01:06:25,126 [IPC Server Responder] INFO  ipc.Server (Server.java:run(1512)) - IPC Server Responder: starting
2022-10-30 01:06:25,126 [IPC Server listener on 0] INFO  ipc.Server (Server.java:run(1352)) - IPC Server listener on 0: starting
2022-10-30 01:06:25,130 [Listener at 127.0.0.1/42013] INFO  om.OzoneManager (OzoneManager.java:startTrashEmptier(1919)) - Trash Interval set to 0. Files deleted won't move to trash
2022-10-30 01:06:25,146 [org.apache.hadoop.util.JvmPauseMonitor$Monitor@77e0d62f] INFO  util.JvmPauseMonitor (JvmPauseMonitor.java:run(188)) - Starting JVM pause monitor
2022-10-30 01:06:25,323 [Listener at 127.0.0.1/42013] WARN  impl.MetricRegistriesImpl (MetricRegistriesImpl.java:addReporterRegistration(111)) - New reporters are added after registries were created. Some metrics will be missing from the reporter. Please add reporter before adding any new registry.
2022-10-30 01:06:25,324 [Listener at 127.0.0.1/42013] WARN  impl.MetricRegistriesImpl (MetricRegistriesImpl.java:addReporterRegistration(111)) - New reporters are added after registries were created. Some metrics will be missing from the reporter. Please add reporter before adding any new registry.
2022-10-30 01:06:25,324 [Listener at 127.0.0.1/42013] INFO  impl.MetricsSystemImpl (MetricsSystemImpl.java:init(158)) - HddsDatanode metrics system started (again)
2022-10-30 01:06:25,340 [Listener at 127.0.0.1/42013] INFO  ozone.HddsDatanodeService (HddsDatanodeService.java:start(236)) - HddsDatanodeService host:fv-az99-422.euuzywwtp3iu5l5aj42nbmzodg.gx.internal.cloudapp.net ip:10.1.0.11
2022-10-30 01:06:25,367 [Listener at 127.0.0.1/42013] INFO  upgrade.AbstractLayoutVersionManager (AbstractLayoutVersionManager.java:init(83)) - Initializing Layout version manager with metadata layout = DATANODE_SCHEMA_V3 (version = 4), software layout = DATANODE_SCHEMA_V3 (version = 4)
2022-10-30 01:06:25,411 [Listener at 127.0.0.1/42013] INFO  reflections.Reflections (Reflections.java:scan(232)) - Reflections took 43 ms to scan 7 urls, producing 136 keys and 331 values 
2022-10-30 01:06:25,414 [Listener at 127.0.0.1/42013] INFO  statemachine.DatanodeStateMachine (DatanodeStateMachine.java:getEndPointTaskThreadPoolSize(245)) - Datanode State Machine Task Thread Pool size 2
2022-10-30 01:06:25,462 [Listener at 127.0.0.1/42013] INFO  volume.HddsVolume (HddsVolume.java:<init>(117)) - Creating HddsVolume: /home/runner/work/ozone/ozone/hadoop-ozone/integration-test/target/test-dir/MiniOzoneClusterImpl-d77d6c10-3d51-4ae5-b04b-b5f3d2f20a3f/datanode-0/data-0/containers/hdds of storage type : DISK capacity : 9223372036854775807
2022-10-30 01:06:25,464 [Listener at 127.0.0.1/42013] INFO  volume.MutableVolumeSet (MutableVolumeSet.java:initializeVolumeSet(174)) - Added Volume : /home/runner/work/ozone/ozone/hadoop-ozone/integration-test/target/test-dir/MiniOzoneClusterImpl-d77d6c10-3d51-4ae5-b04b-b5f3d2f20a3f/datanode-0/data-0/containers/hdds to VolumeSet
2022-10-30 01:06:25,465 [Listener at 127.0.0.1/42013] INFO  volume.ThrottledAsyncChecker (ThrottledAsyncChecker.java:schedule(141)) - Scheduling a check for /home/runner/work/ozone/ozone/hadoop-ozone/integration-test/target/test-dir/MiniOzoneClusterImpl-d77d6c10-3d51-4ae5-b04b-b5f3d2f20a3f/datanode-0/data-0/containers/hdds
2022-10-30 01:06:25,483 [Listener at 127.0.0.1/42013] INFO  volume.StorageVolumeChecker (StorageVolumeChecker.java:checkAllVolumes(202)) - Scheduled health check for volume /home/runner/work/ozone/ozone/hadoop-ozone/integration-test/target/test-dir/MiniOzoneClusterImpl-d77d6c10-3d51-4ae5-b04b-b5f3d2f20a3f/datanode-0/data-0/containers/hdds
2022-10-30 01:06:25,499 [Listener at 127.0.0.1/42013] INFO  volume.MutableVolumeSet (MutableVolumeSet.java:initializeVolumeSet(174)) - Added Volume : /home/runner/work/ozone/ozone/hadoop-ozone/integration-test/target/test-dir/MiniOzoneClusterImpl-d77d6c10-3d51-4ae5-b04b-b5f3d2f20a3f/datanode-0/data/ratis to VolumeSet
2022-10-30 01:06:25,499 [Listener at 127.0.0.1/42013] INFO  volume.ThrottledAsyncChecker (ThrottledAsyncChecker.java:schedule(141)) - Scheduling a check for /home/runner/work/ozone/ozone/hadoop-ozone/integration-test/target/test-dir/MiniOzoneClusterImpl-d77d6c10-3d51-4ae5-b04b-b5f3d2f20a3f/datanode-0/data/ratis
2022-10-30 01:06:25,500 [Listener at 127.0.0.1/42013] INFO  volume.StorageVolumeChecker (StorageVolumeChecker.java:checkAllVolumes(202)) - Scheduled health check for volume /home/runner/work/ozone/ozone/hadoop-ozone/integration-test/target/test-dir/MiniOzoneClusterImpl-d77d6c10-3d51-4ae5-b04b-b5f3d2f20a3f/datanode-0/data/ratis
2022-10-30 01:06:25,521 [Thread-136] INFO  ozoneimpl.ContainerReader (ContainerReader.java:readVolume(175)) - Finish verifying containers on volume /home/runner/work/ozone/ozone/hadoop-ozone/integration-test/target/test-dir/MiniOzoneClusterImpl-d77d6c10-3d51-4ae5-b04b-b5f3d2f20a3f/datanode-0/data-0/containers/hdds
2022-10-30 01:06:25,521 [Listener at 127.0.0.1/42013] INFO  ozoneimpl.OzoneContainer (OzoneContainer.java:buildContainerSet(300)) - Build ContainerSet costs 0s
2022-10-30 01:06:25,564 [Listener at 127.0.0.1/42013] INFO  audit.AuditLogger (AuditLogger.java:refreshDebugCmdSet(126)) - Refresh DebugCmdSet for DNAudit to [].
2022-10-30 01:06:25,591 [Listener at 127.0.0.1/42013] INFO  server.RaftServer (ConfUtils.java:logGet(46)) - raft.rpc.type = GRPC (default)
2022-10-30 01:06:25,592 [Listener at 127.0.0.1/42013] INFO  grpc.GrpcConfigKeys (ConfUtils.java:logFallback(53)) - raft.grpc.admin.host = null (fallback to raft.grpc.server.host)
2022-10-30 01:06:25,592 [Listener at 127.0.0.1/42013] INFO  grpc.GrpcConfigKeys (ConfUtils.java:logGet(46)) - raft.grpc.admin.port = 0 (custom)
2022-10-30 01:06:25,592 [Listener at 127.0.0.1/42013] INFO  grpc.GrpcConfigKeys (ConfUtils.java:logFallback(53)) - raft.grpc.client.host = null (fallback to raft.grpc.server.host)
2022-10-30 01:06:25,592 [Listener at 127.0.0.1/42013] INFO  grpc.GrpcConfigKeys (ConfUtils.java:logGet(46)) - raft.grpc.client.port = 0 (custom)
2022-10-30 01:06:25,592 [Listener at 127.0.0.1/42013] INFO  grpc.GrpcConfigKeys (ConfUtils.java:logGet(46)) - raft.grpc.server.host = null (default)
2022-10-30 01:06:25,593 [Listener at 127.0.0.1/42013] INFO  grpc.GrpcConfigKeys (ConfUtils.java:logGet(46)) - raft.grpc.server.port = 0 (default)
2022-10-30 01:06:25,593 [Listener at 127.0.0.1/42013] INFO  server.GrpcService (ConfUtils.java:logGet(46)) - raft.grpc.message.size.max = 32MB (=33554432) (custom)
2022-10-30 01:06:25,593 [Listener at 127.0.0.1/42013] INFO  server.RaftServerConfigKeys (ConfUtils.java:logGet(46)) - raft.server.log.appender.buffer.byte-limit = 33554432 (custom)
2022-10-30 01:06:25,593 [Listener at 127.0.0.1/42013] INFO  server.GrpcService (ConfUtils.java:logGet(46)) - raft.grpc.flow.control.window = 5MB (=5242880) (custom)
2022-10-30 01:06:25,593 [Listener at 127.0.0.1/42013] INFO  server.RaftServerConfigKeys (ConfUtils.java:logGet(46)) - raft.server.rpc.request.timeout = 60s (custom)
2022-10-30 01:06:25,593 [Listener at 127.0.0.1/42013] INFO  grpc.GrpcConfigKeys (ConfUtils.java:logGet(46)) - raft.grpc.server.heartbeat.channel = true (default)
2022-10-30 01:06:25,593 [Listener at 127.0.0.1/42013] INFO  grpc.GrpcConfigKeys (ConfUtils.java:logGet(46)) - raft.grpc.server.async.request.thread.pool.cached = true (default)
2022-10-30 01:06:25,594 [Listener at 127.0.0.1/42013] INFO  grpc.GrpcConfigKeys (ConfUtils.java:logGet(46)) - raft.grpc.server.async.request.thread.pool.size = 32 (default)
2022-10-30 01:06:25,595 [Listener at 127.0.0.1/42013] INFO  impl.DataStreamServerImpl (ConfUtils.java:logGet(46)) - raft.datastream.type = DISABLED (default)
2022-10-30 01:06:25,595 [Listener at 127.0.0.1/42013] INFO  server.RaftServerConfigKeys (ConfUtils.java:logGet(46)) - raft.server.threadpool.proxy.cached = true (default)
2022-10-30 01:06:25,595 [Listener at 127.0.0.1/42013] INFO  server.RaftServerConfigKeys (ConfUtils.java:logGet(46)) - raft.server.threadpool.proxy.size = 0 (default)
2022-10-30 01:06:25,595 [Listener at 127.0.0.1/42013] INFO  server.RaftServerConfigKeys (ConfUtils.java:logGet(46)) - raft.server.rpc.slowness.timeout = 300s (custom)
2022-10-30 01:06:25,595 [Listener at 127.0.0.1/42013] INFO  server.RaftServerConfigKeys (ConfUtils.java:logGet(46)) - raft.server.leaderelection.leader.step-down.wait-time = 10s (default)
2022-10-30 01:06:25,596 [Listener at 127.0.0.1/42013] INFO  server.RaftServerConfigKeys (ConfUtils.java:logGet(46)) - raft.server.storage.dir = [/home/runner/work/ozone/ozone/hadoop-ozone/integration-test/target/test-dir/MiniOzoneClusterImpl-d77d6c10-3d51-4ae5-b04b-b5f3d2f20a3f/datanode-0/data/ratis] (custom)
2022-10-30 01:06:25,626 [Listener at 127.0.0.1/42013] INFO  server.XceiverServerGrpc (XceiverServerGrpc.java:<init>(132)) - GrpcServer channel type EpollServerSocketChannel
2022-10-30 01:06:25,703 [Listener at 127.0.0.1/42013] INFO  http.BaseHttpServer (BaseHttpServer.java:newHttpServer2BuilderForOzone(213)) - Starting Web-server for hddsDatanode at: http://0.0.0.0:0
2022-10-30 01:06:25,704 [Listener at 127.0.0.1/42013] INFO  http.BaseHttpServer (BaseHttpServer.java:<init>(108)) - Hadoop Security Enabled: false Ozone Security Enabled: false Ozone HTTP Security Enabled: false 
2022-10-30 01:06:25,706 [Listener at 127.0.0.1/42013] WARN  server.AuthenticationFilter (AuthenticationFilter.java:constructSecretProvider(240)) - Unable to initialize FileSignerSecretProvider, falling back to use random secrets. Reason: Could not read signature secret file: /home/runner/hadoop-http-auth-signature-secret
2022-10-30 01:06:25,706 [Listener at 127.0.0.1/42013] WARN  http.HttpRequestLog (HttpRequestLog.java:getRequestLog(103)) - Jetty request log can only be enabled using Log4j
2022-10-30 01:06:25,708 [Listener at 127.0.0.1/42013] INFO  http.HttpServer2 (HttpServer2.java:addGlobalFilter(1031)) - Added global filter 'safety' (class=org.apache.hadoop.hdds.server.http.HttpServer2$QuotingInputFilter)
2022-10-30 01:06:25,708 [Listener at 127.0.0.1/42013] INFO  http.HttpServer2 (HttpServer2.java:addFilter(1007)) - Added filter static_user_filter (class=org.apache.hadoop.http.lib.StaticUserWebFilter$StaticUserFilter) to context hddsDatanode
2022-10-30 01:06:25,709 [Listener at 127.0.0.1/42013] INFO  http.HttpServer2 (HttpServer2.java:addFilter(1015)) - Added filter static_user_filter (class=org.apache.hadoop.http.lib.StaticUserWebFilter$StaticUserFilter) to context logs
2022-10-30 01:06:25,709 [Listener at 127.0.0.1/42013] INFO  http.HttpServer2 (HttpServer2.java:addFilter(1015)) - Added filter static_user_filter (class=org.apache.hadoop.http.lib.StaticUserWebFilter$StaticUserFilter) to context static
2022-10-30 01:06:25,710 [Listener at 127.0.0.1/42013] INFO  http.HttpServer2 (HttpServer2.java:bindListener(1250)) - Jetty bound to port 33569
2022-10-30 01:06:25,710 [Listener at 127.0.0.1/42013] INFO  server.Server (Server.java:doStart(375)) - jetty-9.4.49.v20220914; built: 2022-09-14T01:07:36.601Z; git: 4231a3b2e4cb8548a412a789936d640a97b1aa0a; jvm 1.8.0_345-b01
2022-10-30 01:06:25,718 [Listener at 127.0.0.1/42013] INFO  server.session (DefaultSessionIdManager.java:doStart(334)) - DefaultSessionIdManager workerName=node0
2022-10-30 01:06:25,718 [Listener at 127.0.0.1/42013] INFO  server.session (DefaultSessionIdManager.java:doStart(339)) - No SessionScavenger set, using defaults
2022-10-30 01:06:25,718 [Listener at 127.0.0.1/42013] INFO  server.session (HouseKeeper.java:startScavenging(132)) - node0 Scavenging every 660000ms
2022-10-30 01:06:25,719 [Listener at 127.0.0.1/42013] INFO  handler.ContextHandler (ContextHandler.java:doStart(921)) - Started o.e.j.s.ServletContextHandler@19cc4b7c{logs,/logs,file:///home/runner/work/ozone/ozone/hadoop-ozone/integration-test/target/log,AVAILABLE}
2022-10-30 01:06:25,720 [Listener at 127.0.0.1/42013] INFO  handler.ContextHandler (ContextHandler.java:doStart(921)) - Started o.e.j.s.ServletContextHandler@4d168798{static,/static,jar:file:/home/runner/.m2/repository/org/apache/ozone/hdds-container-service/1.3.0-SNAPSHOT/hdds-container-service-1.3.0-SNAPSHOT.jar!/webapps/static,AVAILABLE}
2022-10-30 01:06:25,917 [Listener at 127.0.0.1/42013] INFO  handler.ContextHandler (ContextHandler.java:doStart(921)) - Started o.e.j.w.WebAppContext@29cf4f43{hddsDatanode,/,file:///tmp/jetty-0_0_0_0-33569-hdds-container-service-1_3_0-SNAPSHOT_jar-_-any-6752371263845288306/webapp/,AVAILABLE}{jar:file:/home/runner/.m2/repository/org/apache/ozone/hdds-container-service/1.3.0-SNAPSHOT/hdds-container-service-1.3.0-SNAPSHOT.jar!/webapps/hddsDatanode}
2022-10-30 01:06:25,918 [Listener at 127.0.0.1/42013] INFO  server.AbstractConnector (AbstractConnector.java:doStart(333)) - Started ServerConnector@15b0118{HTTP/1.1, (http/1.1)}{0.0.0.0:33569}
2022-10-30 01:06:25,919 [Listener at 127.0.0.1/42013] INFO  server.Server (Server.java:doStart(415)) - Started @7542ms
2022-10-30 01:06:25,919 [Listener at 127.0.0.1/42013] WARN  impl.MetricsSystemImpl (MetricsSystemImpl.java:register(279)) - Sink prometheus already exists!
2022-10-30 01:06:25,919 [Listener at 127.0.0.1/42013] INFO  http.BaseHttpServer (BaseHttpServer.java:updateConnectorAddress(333)) - HTTP server of hddsDatanode listening at http://0.0.0.0:33569
2022-10-30 01:06:25,922 [Listener at 127.0.0.1/42013] WARN  impl.MetricRegistriesImpl (MetricRegistriesImpl.java:addReporterRegistration(111)) - New reporters are added after registries were created. Some metrics will be missing from the reporter. Please add reporter before adding any new registry.
2022-10-30 01:06:25,922 [Listener at 127.0.0.1/42013] WARN  impl.MetricRegistriesImpl (MetricRegistriesImpl.java:addReporterRegistration(111)) - New reporters are added after registries were created. Some metrics will be missing from the reporter. Please add reporter before adding any new registry.
2022-10-30 01:06:25,922 [Listener at 127.0.0.1/42013] INFO  impl.MetricsSystemImpl (MetricsSystemImpl.java:init(158)) - HddsDatanode metrics system started (again)
2022-10-30 01:06:25,930 [Datanode State Machine Daemon Thread] INFO  statemachine.DatanodeStateMachine (DatanodeStateMachine.java:lambda$startDaemon$0(505)) - Ozone container server started.
2022-10-30 01:06:25,941 [Listener at 127.0.0.1/42013] INFO  ozone.HddsDatanodeService (HddsDatanodeService.java:start(236)) - HddsDatanodeService host:fv-az99-422.euuzywwtp3iu5l5aj42nbmzodg.gx.internal.cloudapp.net ip:10.1.0.11
2022-10-30 01:06:25,962 [org.apache.hadoop.util.JvmPauseMonitor$Monitor@19b660a4] INFO  util.JvmPauseMonitor (JvmPauseMonitor.java:run(188)) - Starting JVM pause monitor
2022-10-30 01:06:25,964 [Listener at 127.0.0.1/42013] INFO  upgrade.AbstractLayoutVersionManager (AbstractLayoutVersionManager.java:init(83)) - Initializing Layout version manager with metadata layout = DATANODE_SCHEMA_V3 (version = 4), software layout = DATANODE_SCHEMA_V3 (version = 4)
2022-10-30 01:06:26,012 [Listener at 127.0.0.1/42013] INFO  reflections.Reflections (Reflections.java:scan(232)) - Reflections took 47 ms to scan 7 urls, producing 136 keys and 331 values 
2022-10-30 01:06:26,014 [Listener at 127.0.0.1/42013] INFO  statemachine.DatanodeStateMachine (DatanodeStateMachine.java:getEndPointTaskThreadPoolSize(245)) - Datanode State Machine Task Thread Pool size 2
2022-10-30 01:06:26,016 [Listener at 127.0.0.1/42013] INFO  volume.HddsVolume (HddsVolume.java:<init>(117)) - Creating HddsVolume: /home/runner/work/ozone/ozone/hadoop-ozone/integration-test/target/test-dir/MiniOzoneClusterImpl-d77d6c10-3d51-4ae5-b04b-b5f3d2f20a3f/datanode-1/data-0/containers/hdds of storage type : DISK capacity : 9223372036854775807
2022-10-30 01:06:26,016 [Listener at 127.0.0.1/42013] INFO  volume.MutableVolumeSet (MutableVolumeSet.java:initializeVolumeSet(174)) - Added Volume : /home/runner/work/ozone/ozone/hadoop-ozone/integration-test/target/test-dir/MiniOzoneClusterImpl-d77d6c10-3d51-4ae5-b04b-b5f3d2f20a3f/datanode-1/data-0/containers/hdds to VolumeSet
2022-10-30 01:06:26,016 [Listener at 127.0.0.1/42013] INFO  volume.ThrottledAsyncChecker (ThrottledAsyncChecker.java:schedule(141)) - Scheduling a check for /home/runner/work/ozone/ozone/hadoop-ozone/integration-test/target/test-dir/MiniOzoneClusterImpl-d77d6c10-3d51-4ae5-b04b-b5f3d2f20a3f/datanode-1/data-0/containers/hdds
2022-10-30 01:06:26,017 [Listener at 127.0.0.1/42013] INFO  volume.StorageVolumeChecker (StorageVolumeChecker.java:checkAllVolumes(202)) - Scheduled health check for volume /home/runner/work/ozone/ozone/hadoop-ozone/integration-test/target/test-dir/MiniOzoneClusterImpl-d77d6c10-3d51-4ae5-b04b-b5f3d2f20a3f/datanode-1/data-0/containers/hdds
2022-10-30 01:06:26,029 [Listener at 127.0.0.1/42013] INFO  volume.MutableVolumeSet (MutableVolumeSet.java:initializeVolumeSet(174)) - Added Volume : /home/runner/work/ozone/ozone/hadoop-ozone/integration-test/target/test-dir/MiniOzoneClusterImpl-d77d6c10-3d51-4ae5-b04b-b5f3d2f20a3f/datanode-1/data/ratis to VolumeSet
2022-10-30 01:06:26,030 [Listener at 127.0.0.1/42013] INFO  volume.ThrottledAsyncChecker (ThrottledAsyncChecker.java:schedule(141)) - Scheduling a check for /home/runner/work/ozone/ozone/hadoop-ozone/integration-test/target/test-dir/MiniOzoneClusterImpl-d77d6c10-3d51-4ae5-b04b-b5f3d2f20a3f/datanode-1/data/ratis
2022-10-30 01:06:26,030 [Listener at 127.0.0.1/42013] INFO  volume.StorageVolumeChecker (StorageVolumeChecker.java:checkAllVolumes(202)) - Scheduled health check for volume /home/runner/work/ozone/ozone/hadoop-ozone/integration-test/target/test-dir/MiniOzoneClusterImpl-d77d6c10-3d51-4ae5-b04b-b5f3d2f20a3f/datanode-1/data/ratis
2022-10-30 01:06:26,040 [Thread-149] INFO  ozoneimpl.ContainerReader (ContainerReader.java:readVolume(175)) - Finish verifying containers on volume /home/runner/work/ozone/ozone/hadoop-ozone/integration-test/target/test-dir/MiniOzoneClusterImpl-d77d6c10-3d51-4ae5-b04b-b5f3d2f20a3f/datanode-1/data-0/containers/hdds
2022-10-30 01:06:26,046 [Listener at 127.0.0.1/42013] INFO  ozoneimpl.OzoneContainer (OzoneContainer.java:buildContainerSet(300)) - Build ContainerSet costs 0s
2022-10-30 01:06:26,049 [Listener at 127.0.0.1/42013] INFO  server.RaftServer (ConfUtils.java:logGet(46)) - raft.rpc.type = GRPC (default)
2022-10-30 01:06:26,050 [Listener at 127.0.0.1/42013] INFO  grpc.GrpcConfigKeys (ConfUtils.java:logFallback(53)) - raft.grpc.admin.host = null (fallback to raft.grpc.server.host)
2022-10-30 01:06:26,050 [Listener at 127.0.0.1/42013] INFO  grpc.GrpcConfigKeys (ConfUtils.java:logGet(46)) - raft.grpc.admin.port = 0 (custom)
2022-10-30 01:06:26,050 [Listener at 127.0.0.1/42013] INFO  grpc.GrpcConfigKeys (ConfUtils.java:logFallback(53)) - raft.grpc.client.host = null (fallback to raft.grpc.server.host)
2022-10-30 01:06:26,050 [Listener at 127.0.0.1/42013] INFO  grpc.GrpcConfigKeys (ConfUtils.java:logGet(46)) - raft.grpc.client.port = 0 (custom)
2022-10-30 01:06:26,050 [Listener at 127.0.0.1/42013] INFO  grpc.GrpcConfigKeys (ConfUtils.java:logGet(46)) - raft.grpc.server.host = null (default)
2022-10-30 01:06:26,050 [Listener at 127.0.0.1/42013] INFO  grpc.GrpcConfigKeys (ConfUtils.java:logGet(46)) - raft.grpc.server.port = 0 (default)
2022-10-30 01:06:26,050 [Listener at 127.0.0.1/42013] INFO  server.GrpcService (ConfUtils.java:logGet(46)) - raft.grpc.message.size.max = 32MB (=33554432) (custom)
2022-10-30 01:06:26,051 [Listener at 127.0.0.1/42013] INFO  server.RaftServerConfigKeys (ConfUtils.java:logGet(46)) - raft.server.log.appender.buffer.byte-limit = 33554432 (custom)
2022-10-30 01:06:26,051 [Listener at 127.0.0.1/42013] INFO  server.GrpcService (ConfUtils.java:logGet(46)) - raft.grpc.flow.control.window = 5MB (=5242880) (custom)
2022-10-30 01:06:26,051 [Listener at 127.0.0.1/42013] INFO  server.RaftServerConfigKeys (ConfUtils.java:logGet(46)) - raft.server.rpc.request.timeout = 60s (custom)
2022-10-30 01:06:26,051 [Listener at 127.0.0.1/42013] INFO  grpc.GrpcConfigKeys (ConfUtils.java:logGet(46)) - raft.grpc.server.heartbeat.channel = true (default)
2022-10-30 01:06:26,051 [Listener at 127.0.0.1/42013] INFO  grpc.GrpcConfigKeys (ConfUtils.java:logGet(46)) - raft.grpc.server.async.request.thread.pool.cached = true (default)
2022-10-30 01:06:26,051 [Listener at 127.0.0.1/42013] INFO  grpc.GrpcConfigKeys (ConfUtils.java:logGet(46)) - raft.grpc.server.async.request.thread.pool.size = 32 (default)
2022-10-30 01:06:26,052 [Listener at 127.0.0.1/42013] INFO  impl.DataStreamServerImpl (ConfUtils.java:logGet(46)) - raft.datastream.type = DISABLED (default)
2022-10-30 01:06:26,053 [Listener at 127.0.0.1/42013] INFO  server.RaftServerConfigKeys (ConfUtils.java:logGet(46)) - raft.server.threadpool.proxy.cached = true (default)
2022-10-30 01:06:26,053 [Listener at 127.0.0.1/42013] INFO  server.RaftServerConfigKeys (ConfUtils.java:logGet(46)) - raft.server.threadpool.proxy.size = 0 (default)
2022-10-30 01:06:26,053 [Listener at 127.0.0.1/42013] INFO  server.RaftServerConfigKeys (ConfUtils.java:logGet(46)) - raft.server.rpc.slowness.timeout = 300s (custom)
2022-10-30 01:06:26,053 [Listener at 127.0.0.1/42013] INFO  server.RaftServerConfigKeys (ConfUtils.java:logGet(46)) - raft.server.leaderelection.leader.step-down.wait-time = 10s (default)
2022-10-30 01:06:26,053 [Listener at 127.0.0.1/42013] INFO  server.RaftServerConfigKeys (ConfUtils.java:logGet(46)) - raft.server.storage.dir = [/home/runner/work/ozone/ozone/hadoop-ozone/integration-test/target/test-dir/MiniOzoneClusterImpl-d77d6c10-3d51-4ae5-b04b-b5f3d2f20a3f/datanode-1/data/ratis] (custom)
2022-10-30 01:06:26,065 [Listener at 127.0.0.1/42013] INFO  server.XceiverServerGrpc (XceiverServerGrpc.java:<init>(132)) - GrpcServer channel type EpollServerSocketChannel
2022-10-30 01:06:26,074 [Listener at 127.0.0.1/42013] INFO  http.BaseHttpServer (BaseHttpServer.java:newHttpServer2BuilderForOzone(213)) - Starting Web-server for hddsDatanode at: http://0.0.0.0:0
2022-10-30 01:06:26,075 [Listener at 127.0.0.1/42013] INFO  http.BaseHttpServer (BaseHttpServer.java:<init>(108)) - Hadoop Security Enabled: false Ozone Security Enabled: false Ozone HTTP Security Enabled: false 
2022-10-30 01:06:26,076 [Listener at 127.0.0.1/42013] WARN  server.AuthenticationFilter (AuthenticationFilter.java:constructSecretProvider(240)) - Unable to initialize FileSignerSecretProvider, falling back to use random secrets. Reason: Could not read signature secret file: /home/runner/hadoop-http-auth-signature-secret
2022-10-30 01:06:26,086 [Listener at 127.0.0.1/42013] WARN  http.HttpRequestLog (HttpRequestLog.java:getRequestLog(103)) - Jetty request log can only be enabled using Log4j
2022-10-30 01:06:26,087 [Listener at 127.0.0.1/42013] INFO  http.HttpServer2 (HttpServer2.java:addGlobalFilter(1031)) - Added global filter 'safety' (class=org.apache.hadoop.hdds.server.http.HttpServer2$QuotingInputFilter)
2022-10-30 01:06:26,088 [Listener at 127.0.0.1/42013] INFO  http.HttpServer2 (HttpServer2.java:addFilter(1007)) - Added filter static_user_filter (class=org.apache.hadoop.http.lib.StaticUserWebFilter$StaticUserFilter) to context hddsDatanode
2022-10-30 01:06:26,088 [Listener at 127.0.0.1/42013] INFO  http.HttpServer2 (HttpServer2.java:addFilter(1015)) - Added filter static_user_filter (class=org.apache.hadoop.http.lib.StaticUserWebFilter$StaticUserFilter) to context static
2022-10-30 01:06:26,089 [Listener at 127.0.0.1/42013] INFO  http.HttpServer2 (HttpServer2.java:addFilter(1015)) - Added filter static_user_filter (class=org.apache.hadoop.http.lib.StaticUserWebFilter$StaticUserFilter) to context logs
2022-10-30 01:06:26,089 [Listener at 127.0.0.1/42013] INFO  http.HttpServer2 (HttpServer2.java:bindListener(1250)) - Jetty bound to port 43595
2022-10-30 01:06:26,089 [Listener at 127.0.0.1/42013] INFO  server.Server (Server.java:doStart(375)) - jetty-9.4.49.v20220914; built: 2022-09-14T01:07:36.601Z; git: 4231a3b2e4cb8548a412a789936d640a97b1aa0a; jvm 1.8.0_345-b01
2022-10-30 01:06:26,092 [om1@group-C5BA1605619E-FollowerState] INFO  impl.FollowerState (FollowerState.java:run(143)) - om1@group-C5BA1605619E-FollowerState: change to CANDIDATE, lastRpcElapsedTime:1091548896ns, electionTimeout:1082ms
2022-10-30 01:06:26,093 [om1@group-C5BA1605619E-FollowerState] INFO  impl.RoleInfo (RoleInfo.java:shutdownFollowerState(110)) - om1: shutdown om1@group-C5BA1605619E-FollowerState
2022-10-30 01:06:26,093 [om1@group-C5BA1605619E-FollowerState] INFO  server.RaftServer$Division (RaftServerImpl.java:setRole(321)) - om1@group-C5BA1605619E: changes role from  FOLLOWER to CANDIDATE at term 0 for changeToCandidate
2022-10-30 01:06:26,096 [om1@group-C5BA1605619E-FollowerState] INFO  server.RaftServerConfigKeys (ConfUtils.java:logGet(46)) - raft.server.leaderelection.pre-vote = false (custom)
2022-10-30 01:06:26,096 [om1@group-C5BA1605619E-FollowerState] INFO  impl.RoleInfo (RoleInfo.java:updateAndGet(139)) - om1: start om1@group-C5BA1605619E-LeaderElection1
2022-10-30 01:06:26,111 [Datanode State Machine Task Thread - 0] INFO  datanode.InitDatanodeState (InitDatanodeState.java:persistContainerDatanodeDetails(138)) - DatanodeDetails is persisted to /home/runner/work/ozone/ozone/hadoop-ozone/integration-test/target/test-dir/MiniOzoneClusterImpl-d77d6c10-3d51-4ae5-b04b-b5f3d2f20a3f/datanode-0/meta/datanode.id
2022-10-30 01:06:26,115 [Listener at 127.0.0.1/42013] INFO  server.session (DefaultSessionIdManager.java:doStart(334)) - DefaultSessionIdManager workerName=node0
2022-10-30 01:06:26,115 [Listener at 127.0.0.1/42013] INFO  server.session (DefaultSessionIdManager.java:doStart(339)) - No SessionScavenger set, using defaults
2022-10-30 01:06:26,115 [Listener at 127.0.0.1/42013] INFO  server.session (HouseKeeper.java:startScavenging(132)) - node0 Scavenging every 600000ms
2022-10-30 01:06:26,116 [Listener at 127.0.0.1/42013] INFO  handler.ContextHandler (ContextHandler.java:doStart(921)) - Started o.e.j.s.ServletContextHandler@270706e3{logs,/logs,file:///home/runner/work/ozone/ozone/hadoop-ozone/integration-test/target/log,AVAILABLE}
2022-10-30 01:06:26,116 [Listener at 127.0.0.1/42013] INFO  handler.ContextHandler (ContextHandler.java:doStart(921)) - Started o.e.j.s.ServletContextHandler@14415802{static,/static,jar:file:/home/runner/.m2/repository/org/apache/ozone/hdds-container-service/1.3.0-SNAPSHOT/hdds-container-service-1.3.0-SNAPSHOT.jar!/webapps/static,AVAILABLE}
2022-10-30 01:06:26,124 [om1@group-C5BA1605619E-LeaderElection1] INFO  impl.LeaderElection (LeaderElection.java:askForVotes(312)) - om1@group-C5BA1605619E-LeaderElection1 ELECTION round 0: submit vote requests at term 1 for -1: peers:[om1|rpc:localhost:9872|priority:0|startupRole:FOLLOWER]|listeners:[], old=null
2022-10-30 01:06:26,125 [om1@group-C5BA1605619E-LeaderElection1] INFO  impl.LeaderElection (LeaderElection.java:askForVotes(314)) - om1@group-C5BA1605619E-LeaderElection1 ELECTION round 0: result PASSED (term=1)
2022-10-30 01:06:26,125 [om1@group-C5BA1605619E-LeaderElection1] INFO  impl.RoleInfo (RoleInfo.java:shutdownLeaderElection(130)) - om1: shutdown om1@group-C5BA1605619E-LeaderElection1
2022-10-30 01:06:26,126 [om1@group-C5BA1605619E-LeaderElection1] INFO  server.RaftServer$Division (RaftServerImpl.java:setRole(321)) - om1@group-C5BA1605619E: changes role from CANDIDATE to LEADER at term 1 for changeToLeader
2022-10-30 01:06:26,126 [om1@group-C5BA1605619E-LeaderElection1] INFO  server.RaftServer$Division (ServerState.java:setLeader(313)) - om1@group-C5BA1605619E: change Leader from null to om1 at term 1 for becomeLeader, leader elected after 2062ms
2022-10-30 01:06:26,131 [om1@group-C5BA1605619E-LeaderElection1] INFO  server.RaftServerConfigKeys (ConfUtils.java:logGet(46)) - raft.server.staging.catchup.gap = 1000 (default)
2022-10-30 01:06:26,137 [om1@group-C5BA1605619E-LeaderElection1] INFO  server.RaftServerConfigKeys (ConfUtils.java:logGet(46)) - raft.server.write.element-limit = 4096 (default)
2022-10-30 01:06:26,137 [om1@group-C5BA1605619E-LeaderElection1] INFO  server.RaftServerConfigKeys (ConfUtils.java:logGet(46)) - raft.server.write.byte-limit = 64MB (=67108864) (default)
2022-10-30 01:06:26,144 [om1@group-C5BA1605619E-LeaderElection1] INFO  server.RaftServerConfigKeys (ConfUtils.java:logGet(46)) - raft.server.watch.timeout = 10s (default)
2022-10-30 01:06:26,144 [om1@group-C5BA1605619E-LeaderElection1] INFO  server.RaftServerConfigKeys (ConfUtils.java:logGet(46)) - raft.server.watch.timeout.denomination = 1s (default)
2022-10-30 01:06:26,144 [om1@group-C5BA1605619E-LeaderElection1] INFO  server.RaftServerConfigKeys (ConfUtils.java:logGet(46)) - raft.server.watch.element-limit = 65536 (default)
2022-10-30 01:06:26,150 [om1@group-C5BA1605619E-LeaderElection1] INFO  server.RaftServerConfigKeys (ConfUtils.java:logGet(46)) - raft.server.write.element-limit = 4096 (default)
2022-10-30 01:06:26,152 [om1@group-C5BA1605619E-LeaderElection1] INFO  server.RaftServerConfigKeys (ConfUtils.java:logGet(46)) - raft.server.write.follower.gap.ratio.max = -1.0 (default)
2022-10-30 01:06:26,163 [om1@group-C5BA1605619E-LeaderElection1] INFO  impl.RoleInfo (RoleInfo.java:updateAndGet(139)) - om1: start om1@group-C5BA1605619E-LeaderStateImpl
2022-10-30 01:06:26,195 [om1@group-C5BA1605619E-LeaderElection1] INFO  segmented.SegmentedRaftLogWorker (SegmentedRaftLogWorker.java:startLogSegment(452)) - om1@group-C5BA1605619E-SegmentedRaftLogWorker: Starting segment from index:0
2022-10-30 01:06:26,231 [om1@group-C5BA1605619E-LeaderElection1] INFO  server.RaftServer$Division (ServerState.java:setRaftConf(430)) - om1@group-C5BA1605619E: set configuration 0: peers:[om1|rpc:localhost:9872|admin:|client:|dataStream:|priority:0|startupRole:FOLLOWER]|listeners:[], old=null
2022-10-30 01:06:26,285 [om1@group-C5BA1605619E-SegmentedRaftLogWorker] INFO  segmented.SegmentedRaftLogWorker (SegmentedRaftLogWorker.java:execute(656)) - om1@group-C5BA1605619E-SegmentedRaftLogWorker: created new log segment /home/runner/work/ozone/ozone/hadoop-ozone/integration-test/target/test-dir/MiniOzoneClusterImpl-d77d6c10-3d51-4ae5-b04b-b5f3d2f20a3f/ozone-meta/ratis/bf265839-605b-3f16-9796-c5ba1605619e/current/log_inprogress_0
2022-10-30 01:06:26,371 [om1@group-C5BA1605619E-StateMachineUpdater] INFO  ratis.OzoneManagerStateMachine (OzoneManagerStateMachine.java:notifyConfigurationChanged(192)) - Received Configuration change notification from Ratis. New Peer list:
[id: "om1"
address: "localhost:9872"
startupRole: FOLLOWER
]
2022-10-30 01:06:26,386 [Listener at 127.0.0.1/42013] INFO  handler.ContextHandler (ContextHandler.java:doStart(921)) - Started o.e.j.w.WebAppContext@249199a7{hddsDatanode,/,file:///tmp/jetty-0_0_0_0-43595-hdds-container-service-1_3_0-SNAPSHOT_jar-_-any-199919378571939601/webapp/,AVAILABLE}{jar:file:/home/runner/.m2/repository/org/apache/ozone/hdds-container-service/1.3.0-SNAPSHOT/hdds-container-service-1.3.0-SNAPSHOT.jar!/webapps/hddsDatanode}
2022-10-30 01:06:26,388 [Listener at 127.0.0.1/42013] INFO  server.AbstractConnector (AbstractConnector.java:doStart(333)) - Started ServerConnector@7a8a2cd8{HTTP/1.1, (http/1.1)}{0.0.0.0:43595}
2022-10-30 01:06:26,388 [Listener at 127.0.0.1/42013] INFO  server.Server (Server.java:doStart(415)) - Started @8012ms
2022-10-30 01:06:26,389 [Listener at 127.0.0.1/42013] WARN  impl.MetricsSystemImpl (MetricsSystemImpl.java:register(279)) - Sink prometheus already exists!
2022-10-30 01:06:26,389 [Listener at 127.0.0.1/42013] INFO  http.BaseHttpServer (BaseHttpServer.java:updateConnectorAddress(333)) - HTTP server of hddsDatanode listening at http://0.0.0.0:43595
2022-10-30 01:06:26,390 [Listener at 127.0.0.1/42013] WARN  impl.MetricRegistriesImpl (MetricRegistriesImpl.java:addReporterRegistration(111)) - New reporters are added after registries were created. Some metrics will be missing from the reporter. Please add reporter before adding any new registry.
2022-10-30 01:06:26,390 [Listener at 127.0.0.1/42013] WARN  impl.MetricRegistriesImpl (MetricRegistriesImpl.java:addReporterRegistration(111)) - New reporters are added after registries were created. Some metrics will be missing from the reporter. Please add reporter before adding any new registry.
2022-10-30 01:06:26,390 [Listener at 127.0.0.1/42013] INFO  impl.MetricsSystemImpl (MetricsSystemImpl.java:init(158)) - HddsDatanode metrics system started (again)
2022-10-30 01:06:26,397 [Datanode State Machine Daemon Thread] INFO  statemachine.DatanodeStateMachine (DatanodeStateMachine.java:lambda$startDaemon$0(505)) - Ozone container server started.
2022-10-30 01:06:26,411 [Listener at 127.0.0.1/42013] INFO  ozone.HddsDatanodeService (HddsDatanodeService.java:start(236)) - HddsDatanodeService host:fv-az99-422.euuzywwtp3iu5l5aj42nbmzodg.gx.internal.cloudapp.net ip:10.1.0.11
2022-10-30 01:06:26,414 [org.apache.hadoop.util.JvmPauseMonitor$Monitor@32fc7e74] INFO  util.JvmPauseMonitor (JvmPauseMonitor.java:run(188)) - Starting JVM pause monitor
2022-10-30 01:06:26,426 [Datanode State Machine Task Thread - 0] INFO  datanode.InitDatanodeState (InitDatanodeState.java:persistContainerDatanodeDetails(138)) - DatanodeDetails is persisted to /home/runner/work/ozone/ozone/hadoop-ozone/integration-test/target/test-dir/MiniOzoneClusterImpl-d77d6c10-3d51-4ae5-b04b-b5f3d2f20a3f/datanode-1/meta/datanode.id
2022-10-30 01:06:26,437 [Listener at 127.0.0.1/42013] INFO  upgrade.AbstractLayoutVersionManager (AbstractLayoutVersionManager.java:init(83)) - Initializing Layout version manager with metadata layout = DATANODE_SCHEMA_V3 (version = 4), software layout = DATANODE_SCHEMA_V3 (version = 4)
2022-10-30 01:06:26,480 [Listener at 127.0.0.1/42013] INFO  reflections.Reflections (Reflections.java:scan(232)) - Reflections took 42 ms to scan 7 urls, producing 136 keys and 331 values 
2022-10-30 01:06:26,482 [Listener at 127.0.0.1/42013] INFO  statemachine.DatanodeStateMachine (DatanodeStateMachine.java:getEndPointTaskThreadPoolSize(245)) - Datanode State Machine Task Thread Pool size 2
2022-10-30 01:06:26,484 [Listener at 127.0.0.1/42013] INFO  volume.HddsVolume (HddsVolume.java:<init>(117)) - Creating HddsVolume: /home/runner/work/ozone/ozone/hadoop-ozone/integration-test/target/test-dir/MiniOzoneClusterImpl-d77d6c10-3d51-4ae5-b04b-b5f3d2f20a3f/datanode-2/data-0/containers/hdds of storage type : DISK capacity : 9223372036854775807
2022-10-30 01:06:26,484 [Listener at 127.0.0.1/42013] INFO  volume.MutableVolumeSet (MutableVolumeSet.java:initializeVolumeSet(174)) - Added Volume : /home/runner/work/ozone/ozone/hadoop-ozone/integration-test/target/test-dir/MiniOzoneClusterImpl-d77d6c10-3d51-4ae5-b04b-b5f3d2f20a3f/datanode-2/data-0/containers/hdds to VolumeSet
2022-10-30 01:06:26,484 [Listener at 127.0.0.1/42013] INFO  volume.ThrottledAsyncChecker (ThrottledAsyncChecker.java:schedule(141)) - Scheduling a check for /home/runner/work/ozone/ozone/hadoop-ozone/integration-test/target/test-dir/MiniOzoneClusterImpl-d77d6c10-3d51-4ae5-b04b-b5f3d2f20a3f/datanode-2/data-0/containers/hdds
2022-10-30 01:06:26,485 [Listener at 127.0.0.1/42013] INFO  volume.StorageVolumeChecker (StorageVolumeChecker.java:checkAllVolumes(202)) - Scheduled health check for volume /home/runner/work/ozone/ozone/hadoop-ozone/integration-test/target/test-dir/MiniOzoneClusterImpl-d77d6c10-3d51-4ae5-b04b-b5f3d2f20a3f/datanode-2/data-0/containers/hdds
2022-10-30 01:06:26,495 [Listener at 127.0.0.1/42013] INFO  volume.MutableVolumeSet (MutableVolumeSet.java:initializeVolumeSet(174)) - Added Volume : /home/runner/work/ozone/ozone/hadoop-ozone/integration-test/target/test-dir/MiniOzoneClusterImpl-d77d6c10-3d51-4ae5-b04b-b5f3d2f20a3f/datanode-2/data/ratis to VolumeSet
2022-10-30 01:06:26,496 [Listener at 127.0.0.1/42013] INFO  volume.ThrottledAsyncChecker (ThrottledAsyncChecker.java:schedule(141)) - Scheduling a check for /home/runner/work/ozone/ozone/hadoop-ozone/integration-test/target/test-dir/MiniOzoneClusterImpl-d77d6c10-3d51-4ae5-b04b-b5f3d2f20a3f/datanode-2/data/ratis
2022-10-30 01:06:26,496 [Listener at 127.0.0.1/42013] INFO  volume.StorageVolumeChecker (StorageVolumeChecker.java:checkAllVolumes(202)) - Scheduled health check for volume /home/runner/work/ozone/ozone/hadoop-ozone/integration-test/target/test-dir/MiniOzoneClusterImpl-d77d6c10-3d51-4ae5-b04b-b5f3d2f20a3f/datanode-2/data/ratis
2022-10-30 01:06:26,506 [Thread-164] INFO  ozoneimpl.ContainerReader (ContainerReader.java:readVolume(175)) - Finish verifying containers on volume /home/runner/work/ozone/ozone/hadoop-ozone/integration-test/target/test-dir/MiniOzoneClusterImpl-d77d6c10-3d51-4ae5-b04b-b5f3d2f20a3f/datanode-2/data-0/containers/hdds
2022-10-30 01:06:26,506 [Listener at 127.0.0.1/42013] INFO  ozoneimpl.OzoneContainer (OzoneContainer.java:buildContainerSet(300)) - Build ContainerSet costs 0s
2022-10-30 01:06:26,509 [Listener at 127.0.0.1/42013] INFO  server.RaftServer (ConfUtils.java:logGet(46)) - raft.rpc.type = GRPC (default)
2022-10-30 01:06:26,509 [Listener at 127.0.0.1/42013] INFO  grpc.GrpcConfigKeys (ConfUtils.java:logFallback(53)) - raft.grpc.admin.host = null (fallback to raft.grpc.server.host)
2022-10-30 01:06:26,509 [Listener at 127.0.0.1/42013] INFO  grpc.GrpcConfigKeys (ConfUtils.java:logGet(46)) - raft.grpc.admin.port = 0 (custom)
2022-10-30 01:06:26,509 [Listener at 127.0.0.1/42013] INFO  grpc.GrpcConfigKeys (ConfUtils.java:logFallback(53)) - raft.grpc.client.host = null (fallback to raft.grpc.server.host)
2022-10-30 01:06:26,509 [Listener at 127.0.0.1/42013] INFO  grpc.GrpcConfigKeys (ConfUtils.java:logGet(46)) - raft.grpc.client.port = 0 (custom)
2022-10-30 01:06:26,510 [Listener at 127.0.0.1/42013] INFO  grpc.GrpcConfigKeys (ConfUtils.java:logGet(46)) - raft.grpc.server.host = null (default)
2022-10-30 01:06:26,510 [Listener at 127.0.0.1/42013] INFO  grpc.GrpcConfigKeys (ConfUtils.java:logGet(46)) - raft.grpc.server.port = 0 (default)
2022-10-30 01:06:26,510 [Listener at 127.0.0.1/42013] INFO  server.GrpcService (ConfUtils.java:logGet(46)) - raft.grpc.message.size.max = 32MB (=33554432) (custom)
2022-10-30 01:06:26,510 [Listener at 127.0.0.1/42013] INFO  server.RaftServerConfigKeys (ConfUtils.java:logGet(46)) - raft.server.log.appender.buffer.byte-limit = 33554432 (custom)
2022-10-30 01:06:26,512 [Listener at 127.0.0.1/42013] INFO  server.GrpcService (ConfUtils.java:logGet(46)) - raft.grpc.flow.control.window = 5MB (=5242880) (custom)
2022-10-30 01:06:26,512 [Listener at 127.0.0.1/42013] INFO  server.RaftServerConfigKeys (ConfUtils.java:logGet(46)) - raft.server.rpc.request.timeout = 60s (custom)
2022-10-30 01:06:26,512 [Listener at 127.0.0.1/42013] INFO  grpc.GrpcConfigKeys (ConfUtils.java:logGet(46)) - raft.grpc.server.heartbeat.channel = true (default)
2022-10-30 01:06:26,512 [Listener at 127.0.0.1/42013] INFO  grpc.GrpcConfigKeys (ConfUtils.java:logGet(46)) - raft.grpc.server.async.request.thread.pool.cached = true (default)
2022-10-30 01:06:26,512 [Listener at 127.0.0.1/42013] INFO  grpc.GrpcConfigKeys (ConfUtils.java:logGet(46)) - raft.grpc.server.async.request.thread.pool.size = 32 (default)
2022-10-30 01:06:26,513 [Listener at 127.0.0.1/42013] INFO  impl.DataStreamServerImpl (ConfUtils.java:logGet(46)) - raft.datastream.type = DISABLED (default)
2022-10-30 01:06:26,513 [Listener at 127.0.0.1/42013] INFO  server.RaftServerConfigKeys (ConfUtils.java:logGet(46)) - raft.server.threadpool.proxy.cached = true (default)
2022-10-30 01:06:26,513 [Listener at 127.0.0.1/42013] INFO  server.RaftServerConfigKeys (ConfUtils.java:logGet(46)) - raft.server.threadpool.proxy.size = 0 (default)
2022-10-30 01:06:26,514 [Listener at 127.0.0.1/42013] INFO  server.RaftServerConfigKeys (ConfUtils.java:logGet(46)) - raft.server.rpc.slowness.timeout = 300s (custom)
2022-10-30 01:06:26,514 [Listener at 127.0.0.1/42013] INFO  server.RaftServerConfigKeys (ConfUtils.java:logGet(46)) - raft.server.leaderelection.leader.step-down.wait-time = 10s (default)
2022-10-30 01:06:26,514 [Listener at 127.0.0.1/42013] INFO  server.RaftServerConfigKeys (ConfUtils.java:logGet(46)) - raft.server.storage.dir = [/home/runner/work/ozone/ozone/hadoop-ozone/integration-test/target/test-dir/MiniOzoneClusterImpl-d77d6c10-3d51-4ae5-b04b-b5f3d2f20a3f/datanode-2/data/ratis] (custom)
2022-10-30 01:06:26,515 [Listener at 127.0.0.1/42013] INFO  server.XceiverServerGrpc (XceiverServerGrpc.java:<init>(132)) - GrpcServer channel type EpollServerSocketChannel
2022-10-30 01:06:26,518 [Listener at 127.0.0.1/42013] INFO  http.BaseHttpServer (BaseHttpServer.java:newHttpServer2BuilderForOzone(213)) - Starting Web-server for hddsDatanode at: http://0.0.0.0:0
2022-10-30 01:06:26,519 [Listener at 127.0.0.1/42013] INFO  http.BaseHttpServer (BaseHttpServer.java:<init>(108)) - Hadoop Security Enabled: false Ozone Security Enabled: false Ozone HTTP Security Enabled: false 
2022-10-30 01:06:26,520 [Listener at 127.0.0.1/42013] WARN  server.AuthenticationFilter (AuthenticationFilter.java:constructSecretProvider(240)) - Unable to initialize FileSignerSecretProvider, falling back to use random secrets. Reason: Could not read signature secret file: /home/runner/hadoop-http-auth-signature-secret
2022-10-30 01:06:26,520 [Listener at 127.0.0.1/42013] WARN  http.HttpRequestLog (HttpRequestLog.java:getRequestLog(103)) - Jetty request log can only be enabled using Log4j
2022-10-30 01:06:26,522 [Listener at 127.0.0.1/42013] INFO  http.HttpServer2 (HttpServer2.java:addGlobalFilter(1031)) - Added global filter 'safety' (class=org.apache.hadoop.hdds.server.http.HttpServer2$QuotingInputFilter)
2022-10-30 01:06:26,522 [Listener at 127.0.0.1/42013] INFO  http.HttpServer2 (HttpServer2.java:addFilter(1007)) - Added filter static_user_filter (class=org.apache.hadoop.http.lib.StaticUserWebFilter$StaticUserFilter) to context hddsDatanode
2022-10-30 01:06:26,523 [Listener at 127.0.0.1/42013] INFO  http.HttpServer2 (HttpServer2.java:addFilter(1015)) - Added filter static_user_filter (class=org.apache.hadoop.http.lib.StaticUserWebFilter$StaticUserFilter) to context static
2022-10-30 01:06:26,523 [Listener at 127.0.0.1/42013] INFO  http.HttpServer2 (HttpServer2.java:addFilter(1015)) - Added filter static_user_filter (class=org.apache.hadoop.http.lib.StaticUserWebFilter$StaticUserFilter) to context logs
2022-10-30 01:06:26,523 [Listener at 127.0.0.1/42013] INFO  http.HttpServer2 (HttpServer2.java:bindListener(1250)) - Jetty bound to port 41735
2022-10-30 01:06:26,523 [Listener at 127.0.0.1/42013] INFO  server.Server (Server.java:doStart(375)) - jetty-9.4.49.v20220914; built: 2022-09-14T01:07:36.601Z; git: 4231a3b2e4cb8548a412a789936d640a97b1aa0a; jvm 1.8.0_345-b01
2022-10-30 01:06:26,535 [Listener at 127.0.0.1/42013] INFO  server.session (DefaultSessionIdManager.java:doStart(334)) - DefaultSessionIdManager workerName=node0
2022-10-30 01:06:26,535 [Listener at 127.0.0.1/42013] INFO  server.session (DefaultSessionIdManager.java:doStart(339)) - No SessionScavenger set, using defaults
2022-10-30 01:06:26,535 [Listener at 127.0.0.1/42013] INFO  server.session (HouseKeeper.java:startScavenging(132)) - node0 Scavenging every 600000ms
2022-10-30 01:06:26,538 [Listener at 127.0.0.1/42013] INFO  handler.ContextHandler (ContextHandler.java:doStart(921)) - Started o.e.j.s.ServletContextHandler@2a9f2f11{logs,/logs,file:///home/runner/work/ozone/ozone/hadoop-ozone/integration-test/target/log,AVAILABLE}
2022-10-30 01:06:26,539 [Listener at 127.0.0.1/42013] INFO  handler.ContextHandler (ContextHandler.java:doStart(921)) - Started o.e.j.s.ServletContextHandler@78a47ca8{static,/static,jar:file:/home/runner/.m2/repository/org/apache/ozone/hdds-container-service/1.3.0-SNAPSHOT/hdds-container-service-1.3.0-SNAPSHOT.jar!/webapps/static,AVAILABLE}
2022-10-30 01:06:26,711 [Listener at 127.0.0.1/42013] INFO  handler.ContextHandler (ContextHandler.java:doStart(921)) - Started o.e.j.w.WebAppContext@6fd46b61{hddsDatanode,/,file:///tmp/jetty-0_0_0_0-41735-hdds-container-service-1_3_0-SNAPSHOT_jar-_-any-1078962584161086199/webapp/,AVAILABLE}{jar:file:/home/runner/.m2/repository/org/apache/ozone/hdds-container-service/1.3.0-SNAPSHOT/hdds-container-service-1.3.0-SNAPSHOT.jar!/webapps/hddsDatanode}
2022-10-30 01:06:26,712 [Listener at 127.0.0.1/42013] INFO  server.AbstractConnector (AbstractConnector.java:doStart(333)) - Started ServerConnector@150dec7b{HTTP/1.1, (http/1.1)}{0.0.0.0:41735}
2022-10-30 01:06:26,712 [Listener at 127.0.0.1/42013] INFO  server.Server (Server.java:doStart(415)) - Started @8336ms
2022-10-30 01:06:26,712 [Listener at 127.0.0.1/42013] WARN  impl.MetricsSystemImpl (MetricsSystemImpl.java:register(279)) - Sink prometheus already exists!
2022-10-30 01:06:26,713 [Listener at 127.0.0.1/42013] INFO  http.BaseHttpServer (BaseHttpServer.java:updateConnectorAddress(333)) - HTTP server of hddsDatanode listening at http://0.0.0.0:41735
2022-10-30 01:06:26,714 [Listener at 127.0.0.1/42013] WARN  impl.MetricRegistriesImpl (MetricRegistriesImpl.java:addReporterRegistration(111)) - New reporters are added after registries were created. Some metrics will be missing from the reporter. Please add reporter before adding any new registry.
2022-10-30 01:06:26,714 [Listener at 127.0.0.1/42013] WARN  impl.MetricRegistriesImpl (MetricRegistriesImpl.java:addReporterRegistration(111)) - New reporters are added after registries were created. Some metrics will be missing from the reporter. Please add reporter before adding any new registry.
2022-10-30 01:06:26,714 [Listener at 127.0.0.1/42013] INFO  impl.MetricsSystemImpl (MetricsSystemImpl.java:init(158)) - HddsDatanode metrics system started (again)
2022-10-30 01:06:26,720 [Datanode State Machine Daemon Thread] INFO  statemachine.DatanodeStateMachine (DatanodeStateMachine.java:lambda$startDaemon$0(505)) - Ozone container server started.
2022-10-30 01:06:26,725 [Listener at 127.0.0.1/42013] INFO  ozone.HddsDatanodeService (HddsDatanodeService.java:start(236)) - HddsDatanodeService host:fv-az99-422.euuzywwtp3iu5l5aj42nbmzodg.gx.internal.cloudapp.net ip:10.1.0.11
2022-10-30 01:06:26,726 [org.apache.hadoop.util.JvmPauseMonitor$Monitor@59a9ba39] INFO  util.JvmPauseMonitor (JvmPauseMonitor.java:run(188)) - Starting JVM pause monitor
2022-10-30 01:06:26,728 [Datanode State Machine Task Thread - 0] INFO  datanode.InitDatanodeState (InitDatanodeState.java:persistContainerDatanodeDetails(138)) - DatanodeDetails is persisted to /home/runner/work/ozone/ozone/hadoop-ozone/integration-test/target/test-dir/MiniOzoneClusterImpl-d77d6c10-3d51-4ae5-b04b-b5f3d2f20a3f/datanode-2/meta/datanode.id
2022-10-30 01:06:26,757 [Listener at 127.0.0.1/42013] INFO  upgrade.AbstractLayoutVersionManager (AbstractLayoutVersionManager.java:init(83)) - Initializing Layout version manager with metadata layout = DATANODE_SCHEMA_V3 (version = 4), software layout = DATANODE_SCHEMA_V3 (version = 4)
2022-10-30 01:06:26,801 [Listener at 127.0.0.1/42013] INFO  reflections.Reflections (Reflections.java:scan(232)) - Reflections took 42 ms to scan 7 urls, producing 136 keys and 331 values 
2022-10-30 01:06:26,802 [Listener at 127.0.0.1/42013] INFO  statemachine.DatanodeStateMachine (DatanodeStateMachine.java:getEndPointTaskThreadPoolSize(245)) - Datanode State Machine Task Thread Pool size 2
2022-10-30 01:06:26,807 [Listener at 127.0.0.1/42013] INFO  volume.HddsVolume (HddsVolume.java:<init>(117)) - Creating HddsVolume: /home/runner/work/ozone/ozone/hadoop-ozone/integration-test/target/test-dir/MiniOzoneClusterImpl-d77d6c10-3d51-4ae5-b04b-b5f3d2f20a3f/datanode-3/data-0/containers/hdds of storage type : DISK capacity : 9223372036854775807
2022-10-30 01:06:26,807 [Listener at 127.0.0.1/42013] INFO  volume.MutableVolumeSet (MutableVolumeSet.java:initializeVolumeSet(174)) - Added Volume : /home/runner/work/ozone/ozone/hadoop-ozone/integration-test/target/test-dir/MiniOzoneClusterImpl-d77d6c10-3d51-4ae5-b04b-b5f3d2f20a3f/datanode-3/data-0/containers/hdds to VolumeSet
2022-10-30 01:06:26,807 [Listener at 127.0.0.1/42013] INFO  volume.ThrottledAsyncChecker (ThrottledAsyncChecker.java:schedule(141)) - Scheduling a check for /home/runner/work/ozone/ozone/hadoop-ozone/integration-test/target/test-dir/MiniOzoneClusterImpl-d77d6c10-3d51-4ae5-b04b-b5f3d2f20a3f/datanode-3/data-0/containers/hdds
2022-10-30 01:06:26,808 [Listener at 127.0.0.1/42013] INFO  volume.StorageVolumeChecker (StorageVolumeChecker.java:checkAllVolumes(202)) - Scheduled health check for volume /home/runner/work/ozone/ozone/hadoop-ozone/integration-test/target/test-dir/MiniOzoneClusterImpl-d77d6c10-3d51-4ae5-b04b-b5f3d2f20a3f/datanode-3/data-0/containers/hdds
2022-10-30 01:06:26,819 [Listener at 127.0.0.1/42013] INFO  volume.MutableVolumeSet (MutableVolumeSet.java:initializeVolumeSet(174)) - Added Volume : /home/runner/work/ozone/ozone/hadoop-ozone/integration-test/target/test-dir/MiniOzoneClusterImpl-d77d6c10-3d51-4ae5-b04b-b5f3d2f20a3f/datanode-3/data/ratis to VolumeSet
2022-10-30 01:06:26,819 [Listener at 127.0.0.1/42013] INFO  volume.ThrottledAsyncChecker (ThrottledAsyncChecker.java:schedule(141)) - Scheduling a check for /home/runner/work/ozone/ozone/hadoop-ozone/integration-test/target/test-dir/MiniOzoneClusterImpl-d77d6c10-3d51-4ae5-b04b-b5f3d2f20a3f/datanode-3/data/ratis
2022-10-30 01:06:26,819 [Listener at 127.0.0.1/42013] INFO  volume.StorageVolumeChecker (StorageVolumeChecker.java:checkAllVolumes(202)) - Scheduled health check for volume /home/runner/work/ozone/ozone/hadoop-ozone/integration-test/target/test-dir/MiniOzoneClusterImpl-d77d6c10-3d51-4ae5-b04b-b5f3d2f20a3f/datanode-3/data/ratis
2022-10-30 01:06:26,832 [Thread-177] INFO  ozoneimpl.ContainerReader (ContainerReader.java:readVolume(175)) - Finish verifying containers on volume /home/runner/work/ozone/ozone/hadoop-ozone/integration-test/target/test-dir/MiniOzoneClusterImpl-d77d6c10-3d51-4ae5-b04b-b5f3d2f20a3f/datanode-3/data-0/containers/hdds
2022-10-30 01:06:26,833 [Listener at 127.0.0.1/42013] INFO  ozoneimpl.OzoneContainer (OzoneContainer.java:buildContainerSet(300)) - Build ContainerSet costs 0s
2022-10-30 01:06:26,835 [Listener at 127.0.0.1/42013] INFO  server.RaftServer (ConfUtils.java:logGet(46)) - raft.rpc.type = GRPC (default)
2022-10-30 01:06:26,836 [Listener at 127.0.0.1/42013] INFO  grpc.GrpcConfigKeys (ConfUtils.java:logFallback(53)) - raft.grpc.admin.host = null (fallback to raft.grpc.server.host)
2022-10-30 01:06:26,836 [Listener at 127.0.0.1/42013] INFO  grpc.GrpcConfigKeys (ConfUtils.java:logGet(46)) - raft.grpc.admin.port = 0 (custom)
2022-10-30 01:06:26,836 [Listener at 127.0.0.1/42013] INFO  grpc.GrpcConfigKeys (ConfUtils.java:logFallback(53)) - raft.grpc.client.host = null (fallback to raft.grpc.server.host)
2022-10-30 01:06:26,836 [Listener at 127.0.0.1/42013] INFO  grpc.GrpcConfigKeys (ConfUtils.java:logGet(46)) - raft.grpc.client.port = 0 (custom)
2022-10-30 01:06:26,836 [Listener at 127.0.0.1/42013] INFO  grpc.GrpcConfigKeys (ConfUtils.java:logGet(46)) - raft.grpc.server.host = null (default)
2022-10-30 01:06:26,837 [Listener at 127.0.0.1/42013] INFO  grpc.GrpcConfigKeys (ConfUtils.java:logGet(46)) - raft.grpc.server.port = 0 (default)
2022-10-30 01:06:26,837 [Listener at 127.0.0.1/42013] INFO  server.GrpcService (ConfUtils.java:logGet(46)) - raft.grpc.message.size.max = 32MB (=33554432) (custom)
2022-10-30 01:06:26,837 [Listener at 127.0.0.1/42013] INFO  server.RaftServerConfigKeys (ConfUtils.java:logGet(46)) - raft.server.log.appender.buffer.byte-limit = 33554432 (custom)
2022-10-30 01:06:26,837 [Listener at 127.0.0.1/42013] INFO  server.GrpcService (ConfUtils.java:logGet(46)) - raft.grpc.flow.control.window = 5MB (=5242880) (custom)
2022-10-30 01:06:26,837 [Listener at 127.0.0.1/42013] INFO  server.RaftServerConfigKeys (ConfUtils.java:logGet(46)) - raft.server.rpc.request.timeout = 60s (custom)
2022-10-30 01:06:26,837 [Listener at 127.0.0.1/42013] INFO  grpc.GrpcConfigKeys (ConfUtils.java:logGet(46)) - raft.grpc.server.heartbeat.channel = true (default)
2022-10-30 01:06:26,837 [Listener at 127.0.0.1/42013] INFO  grpc.GrpcConfigKeys (ConfUtils.java:logGet(46)) - raft.grpc.server.async.request.thread.pool.cached = true (default)
2022-10-30 01:06:26,838 [Listener at 127.0.0.1/42013] INFO  grpc.GrpcConfigKeys (ConfUtils.java:logGet(46)) - raft.grpc.server.async.request.thread.pool.size = 32 (default)
2022-10-30 01:06:26,839 [Listener at 127.0.0.1/42013] INFO  impl.DataStreamServerImpl (ConfUtils.java:logGet(46)) - raft.datastream.type = DISABLED (default)
2022-10-30 01:06:26,839 [Listener at 127.0.0.1/42013] INFO  server.RaftServerConfigKeys (ConfUtils.java:logGet(46)) - raft.server.threadpool.proxy.cached = true (default)
2022-10-30 01:06:26,839 [Listener at 127.0.0.1/42013] INFO  server.RaftServerConfigKeys (ConfUtils.java:logGet(46)) - raft.server.threadpool.proxy.size = 0 (default)
2022-10-30 01:06:26,839 [Listener at 127.0.0.1/42013] INFO  server.RaftServerConfigKeys (ConfUtils.java:logGet(46)) - raft.server.rpc.slowness.timeout = 300s (custom)
2022-10-30 01:06:26,839 [Listener at 127.0.0.1/42013] INFO  server.RaftServerConfigKeys (ConfUtils.java:logGet(46)) - raft.server.leaderelection.leader.step-down.wait-time = 10s (default)
2022-10-30 01:06:26,839 [Listener at 127.0.0.1/42013] INFO  server.RaftServerConfigKeys (ConfUtils.java:logGet(46)) - raft.server.storage.dir = [/home/runner/work/ozone/ozone/hadoop-ozone/integration-test/target/test-dir/MiniOzoneClusterImpl-d77d6c10-3d51-4ae5-b04b-b5f3d2f20a3f/datanode-3/data/ratis] (custom)
2022-10-30 01:06:26,841 [Listener at 127.0.0.1/42013] INFO  server.XceiverServerGrpc (XceiverServerGrpc.java:<init>(132)) - GrpcServer channel type EpollServerSocketChannel
2022-10-30 01:06:26,844 [Listener at 127.0.0.1/42013] INFO  http.BaseHttpServer (BaseHttpServer.java:newHttpServer2BuilderForOzone(213)) - Starting Web-server for hddsDatanode at: http://0.0.0.0:0
2022-10-30 01:06:26,844 [Listener at 127.0.0.1/42013] INFO  http.BaseHttpServer (BaseHttpServer.java:<init>(108)) - Hadoop Security Enabled: false Ozone Security Enabled: false Ozone HTTP Security Enabled: false 
2022-10-30 01:06:26,845 [Listener at 127.0.0.1/42013] WARN  server.AuthenticationFilter (AuthenticationFilter.java:constructSecretProvider(240)) - Unable to initialize FileSignerSecretProvider, falling back to use random secrets. Reason: Could not read signature secret file: /home/runner/hadoop-http-auth-signature-secret
2022-10-30 01:06:26,846 [Listener at 127.0.0.1/42013] WARN  http.HttpRequestLog (HttpRequestLog.java:getRequestLog(103)) - Jetty request log can only be enabled using Log4j
2022-10-30 01:06:26,847 [Listener at 127.0.0.1/42013] INFO  http.HttpServer2 (HttpServer2.java:addGlobalFilter(1031)) - Added global filter 'safety' (class=org.apache.hadoop.hdds.server.http.HttpServer2$QuotingInputFilter)
2022-10-30 01:06:26,848 [Listener at 127.0.0.1/42013] INFO  http.HttpServer2 (HttpServer2.java:addFilter(1007)) - Added filter static_user_filter (class=org.apache.hadoop.http.lib.StaticUserWebFilter$StaticUserFilter) to context hddsDatanode
2022-10-30 01:06:26,848 [Listener at 127.0.0.1/42013] INFO  http.HttpServer2 (HttpServer2.java:addFilter(1015)) - Added filter static_user_filter (class=org.apache.hadoop.http.lib.StaticUserWebFilter$StaticUserFilter) to context static
2022-10-30 01:06:26,848 [Listener at 127.0.0.1/42013] INFO  http.HttpServer2 (HttpServer2.java:addFilter(1015)) - Added filter static_user_filter (class=org.apache.hadoop.http.lib.StaticUserWebFilter$StaticUserFilter) to context logs
2022-10-30 01:06:26,849 [Listener at 127.0.0.1/42013] INFO  http.HttpServer2 (HttpServer2.java:bindListener(1250)) - Jetty bound to port 44649
2022-10-30 01:06:26,849 [Listener at 127.0.0.1/42013] INFO  server.Server (Server.java:doStart(375)) - jetty-9.4.49.v20220914; built: 2022-09-14T01:07:36.601Z; git: 4231a3b2e4cb8548a412a789936d640a97b1aa0a; jvm 1.8.0_345-b01
2022-10-30 01:06:26,855 [Listener at 127.0.0.1/42013] INFO  server.session (DefaultSessionIdManager.java:doStart(334)) - DefaultSessionIdManager workerName=node0
2022-10-30 01:06:26,855 [Listener at 127.0.0.1/42013] INFO  server.session (DefaultSessionIdManager.java:doStart(339)) - No SessionScavenger set, using defaults
2022-10-30 01:06:26,855 [Listener at 127.0.0.1/42013] INFO  server.session (HouseKeeper.java:startScavenging(132)) - node0 Scavenging every 600000ms
2022-10-30 01:06:26,856 [Listener at 127.0.0.1/42013] INFO  handler.ContextHandler (ContextHandler.java:doStart(921)) - Started o.e.j.s.ServletContextHandler@1d0bfe75{logs,/logs,file:///home/runner/work/ozone/ozone/hadoop-ozone/integration-test/target/log,AVAILABLE}
2022-10-30 01:06:26,856 [Listener at 127.0.0.1/42013] INFO  handler.ContextHandler (ContextHandler.java:doStart(921)) - Started o.e.j.s.ServletContextHandler@326e8433{static,/static,jar:file:/home/runner/.m2/repository/org/apache/ozone/hdds-container-service/1.3.0-SNAPSHOT/hdds-container-service-1.3.0-SNAPSHOT.jar!/webapps/static,AVAILABLE}
2022-10-30 01:06:27,031 [Listener at 127.0.0.1/42013] INFO  handler.ContextHandler (ContextHandler.java:doStart(921)) - Started o.e.j.w.WebAppContext@57d37616{hddsDatanode,/,file:///tmp/jetty-0_0_0_0-44649-hdds-container-service-1_3_0-SNAPSHOT_jar-_-any-4418701777393128759/webapp/,AVAILABLE}{jar:file:/home/runner/.m2/repository/org/apache/ozone/hdds-container-service/1.3.0-SNAPSHOT/hdds-container-service-1.3.0-SNAPSHOT.jar!/webapps/hddsDatanode}
2022-10-30 01:06:27,032 [Listener at 127.0.0.1/42013] INFO  server.AbstractConnector (AbstractConnector.java:doStart(333)) - Started ServerConnector@1ae4c84d{HTTP/1.1, (http/1.1)}{0.0.0.0:44649}
2022-10-30 01:06:27,033 [Listener at 127.0.0.1/42013] INFO  server.Server (Server.java:doStart(415)) - Started @8656ms
2022-10-30 01:06:27,033 [Listener at 127.0.0.1/42013] WARN  impl.MetricsSystemImpl (MetricsSystemImpl.java:register(279)) - Sink prometheus already exists!
2022-10-30 01:06:27,033 [Listener at 127.0.0.1/42013] INFO  http.BaseHttpServer (BaseHttpServer.java:updateConnectorAddress(333)) - HTTP server of hddsDatanode listening at http://0.0.0.0:44649
2022-10-30 01:06:27,038 [Listener at 127.0.0.1/42013] WARN  impl.MetricRegistriesImpl (MetricRegistriesImpl.java:addReporterRegistration(111)) - New reporters are added after registries were created. Some metrics will be missing from the reporter. Please add reporter before adding any new registry.
2022-10-30 01:06:27,038 [Listener at 127.0.0.1/42013] WARN  impl.MetricRegistriesImpl (MetricRegistriesImpl.java:addReporterRegistration(111)) - New reporters are added after registries were created. Some metrics will be missing from the reporter. Please add reporter before adding any new registry.
2022-10-30 01:06:27,038 [Listener at 127.0.0.1/42013] INFO  impl.MetricsSystemImpl (MetricsSystemImpl.java:init(158)) - HddsDatanode metrics system started (again)
2022-10-30 01:06:27,057 [Datanode State Machine Daemon Thread] INFO  statemachine.DatanodeStateMachine (DatanodeStateMachine.java:lambda$startDaemon$0(505)) - Ozone container server started.
2022-10-30 01:06:27,066 [org.apache.hadoop.util.JvmPauseMonitor$Monitor@4f943f87] INFO  util.JvmPauseMonitor (JvmPauseMonitor.java:run(188)) - Starting JVM pause monitor
2022-10-30 01:06:27,078 [Listener at 127.0.0.1/42013] INFO  ozone.HddsDatanodeService (HddsDatanodeService.java:start(236)) - HddsDatanodeService host:fv-az99-422.euuzywwtp3iu5l5aj42nbmzodg.gx.internal.cloudapp.net ip:10.1.0.11
2022-10-30 01:06:27,072 [Datanode State Machine Task Thread - 0] INFO  datanode.InitDatanodeState (InitDatanodeState.java:persistContainerDatanodeDetails(138)) - DatanodeDetails is persisted to /home/runner/work/ozone/ozone/hadoop-ozone/integration-test/target/test-dir/MiniOzoneClusterImpl-d77d6c10-3d51-4ae5-b04b-b5f3d2f20a3f/datanode-3/meta/datanode.id
2022-10-30 01:06:27,100 [Listener at 127.0.0.1/42013] INFO  upgrade.AbstractLayoutVersionManager (AbstractLayoutVersionManager.java:init(83)) - Initializing Layout version manager with metadata layout = DATANODE_SCHEMA_V3 (version = 4), software layout = DATANODE_SCHEMA_V3 (version = 4)
2022-10-30 01:06:27,144 [Listener at 127.0.0.1/42013] INFO  reflections.Reflections (Reflections.java:scan(232)) - Reflections took 42 ms to scan 7 urls, producing 136 keys and 331 values 
2022-10-30 01:06:27,145 [Listener at 127.0.0.1/42013] INFO  statemachine.DatanodeStateMachine (DatanodeStateMachine.java:getEndPointTaskThreadPoolSize(245)) - Datanode State Machine Task Thread Pool size 2
2022-10-30 01:06:27,148 [Listener at 127.0.0.1/42013] INFO  volume.HddsVolume (HddsVolume.java:<init>(117)) - Creating HddsVolume: /home/runner/work/ozone/ozone/hadoop-ozone/integration-test/target/test-dir/MiniOzoneClusterImpl-d77d6c10-3d51-4ae5-b04b-b5f3d2f20a3f/datanode-4/data-0/containers/hdds of storage type : DISK capacity : 9223372036854775807
2022-10-30 01:06:27,148 [Listener at 127.0.0.1/42013] INFO  volume.MutableVolumeSet (MutableVolumeSet.java:initializeVolumeSet(174)) - Added Volume : /home/runner/work/ozone/ozone/hadoop-ozone/integration-test/target/test-dir/MiniOzoneClusterImpl-d77d6c10-3d51-4ae5-b04b-b5f3d2f20a3f/datanode-4/data-0/containers/hdds to VolumeSet
2022-10-30 01:06:27,149 [Listener at 127.0.0.1/42013] INFO  volume.ThrottledAsyncChecker (ThrottledAsyncChecker.java:schedule(141)) - Scheduling a check for /home/runner/work/ozone/ozone/hadoop-ozone/integration-test/target/test-dir/MiniOzoneClusterImpl-d77d6c10-3d51-4ae5-b04b-b5f3d2f20a3f/datanode-4/data-0/containers/hdds
2022-10-30 01:06:27,149 [Listener at 127.0.0.1/42013] INFO  volume.StorageVolumeChecker (StorageVolumeChecker.java:checkAllVolumes(202)) - Scheduled health check for volume /home/runner/work/ozone/ozone/hadoop-ozone/integration-test/target/test-dir/MiniOzoneClusterImpl-d77d6c10-3d51-4ae5-b04b-b5f3d2f20a3f/datanode-4/data-0/containers/hdds
2022-10-30 01:06:27,160 [Listener at 127.0.0.1/42013] INFO  volume.MutableVolumeSet (MutableVolumeSet.java:initializeVolumeSet(174)) - Added Volume : /home/runner/work/ozone/ozone/hadoop-ozone/integration-test/target/test-dir/MiniOzoneClusterImpl-d77d6c10-3d51-4ae5-b04b-b5f3d2f20a3f/datanode-4/data/ratis to VolumeSet
2022-10-30 01:06:27,160 [Listener at 127.0.0.1/42013] INFO  volume.ThrottledAsyncChecker (ThrottledAsyncChecker.java:schedule(141)) - Scheduling a check for /home/runner/work/ozone/ozone/hadoop-ozone/integration-test/target/test-dir/MiniOzoneClusterImpl-d77d6c10-3d51-4ae5-b04b-b5f3d2f20a3f/datanode-4/data/ratis
2022-10-30 01:06:27,160 [Listener at 127.0.0.1/42013] INFO  volume.StorageVolumeChecker (StorageVolumeChecker.java:checkAllVolumes(202)) - Scheduled health check for volume /home/runner/work/ozone/ozone/hadoop-ozone/integration-test/target/test-dir/MiniOzoneClusterImpl-d77d6c10-3d51-4ae5-b04b-b5f3d2f20a3f/datanode-4/data/ratis
2022-10-30 01:06:27,171 [Thread-190] INFO  ozoneimpl.ContainerReader (ContainerReader.java:readVolume(175)) - Finish verifying containers on volume /home/runner/work/ozone/ozone/hadoop-ozone/integration-test/target/test-dir/MiniOzoneClusterImpl-d77d6c10-3d51-4ae5-b04b-b5f3d2f20a3f/datanode-4/data-0/containers/hdds
2022-10-30 01:06:27,171 [Listener at 127.0.0.1/42013] INFO  ozoneimpl.OzoneContainer (OzoneContainer.java:buildContainerSet(300)) - Build ContainerSet costs 0s
2022-10-30 01:06:27,173 [Listener at 127.0.0.1/42013] INFO  server.RaftServer (ConfUtils.java:logGet(46)) - raft.rpc.type = GRPC (default)
2022-10-30 01:06:27,174 [Listener at 127.0.0.1/42013] INFO  grpc.GrpcConfigKeys (ConfUtils.java:logFallback(53)) - raft.grpc.admin.host = null (fallback to raft.grpc.server.host)
2022-10-30 01:06:27,174 [Listener at 127.0.0.1/42013] INFO  grpc.GrpcConfigKeys (ConfUtils.java:logGet(46)) - raft.grpc.admin.port = 0 (custom)
2022-10-30 01:06:27,174 [Listener at 127.0.0.1/42013] INFO  grpc.GrpcConfigKeys (ConfUtils.java:logFallback(53)) - raft.grpc.client.host = null (fallback to raft.grpc.server.host)
2022-10-30 01:06:27,174 [Listener at 127.0.0.1/42013] INFO  grpc.GrpcConfigKeys (ConfUtils.java:logGet(46)) - raft.grpc.client.port = 0 (custom)
2022-10-30 01:06:27,174 [Listener at 127.0.0.1/42013] INFO  grpc.GrpcConfigKeys (ConfUtils.java:logGet(46)) - raft.grpc.server.host = null (default)
2022-10-30 01:06:27,174 [Listener at 127.0.0.1/42013] INFO  grpc.GrpcConfigKeys (ConfUtils.java:logGet(46)) - raft.grpc.server.port = 0 (default)
2022-10-30 01:06:27,174 [Listener at 127.0.0.1/42013] INFO  server.GrpcService (ConfUtils.java:logGet(46)) - raft.grpc.message.size.max = 32MB (=33554432) (custom)
2022-10-30 01:06:27,175 [Listener at 127.0.0.1/42013] INFO  server.RaftServerConfigKeys (ConfUtils.java:logGet(46)) - raft.server.log.appender.buffer.byte-limit = 33554432 (custom)
2022-10-30 01:06:27,175 [Listener at 127.0.0.1/42013] INFO  server.GrpcService (ConfUtils.java:logGet(46)) - raft.grpc.flow.control.window = 5MB (=5242880) (custom)
2022-10-30 01:06:27,175 [Listener at 127.0.0.1/42013] INFO  server.RaftServerConfigKeys (ConfUtils.java:logGet(46)) - raft.server.rpc.request.timeout = 60s (custom)
2022-10-30 01:06:27,175 [Listener at 127.0.0.1/42013] INFO  grpc.GrpcConfigKeys (ConfUtils.java:logGet(46)) - raft.grpc.server.heartbeat.channel = true (default)
2022-10-30 01:06:27,175 [Listener at 127.0.0.1/42013] INFO  grpc.GrpcConfigKeys (ConfUtils.java:logGet(46)) - raft.grpc.server.async.request.thread.pool.cached = true (default)
2022-10-30 01:06:27,175 [Listener at 127.0.0.1/42013] INFO  grpc.GrpcConfigKeys (ConfUtils.java:logGet(46)) - raft.grpc.server.async.request.thread.pool.size = 32 (default)
2022-10-30 01:06:27,176 [Listener at 127.0.0.1/42013] INFO  impl.DataStreamServerImpl (ConfUtils.java:logGet(46)) - raft.datastream.type = DISABLED (default)
2022-10-30 01:06:27,176 [Listener at 127.0.0.1/42013] INFO  server.RaftServerConfigKeys (ConfUtils.java:logGet(46)) - raft.server.threadpool.proxy.cached = true (default)
2022-10-30 01:06:27,176 [Listener at 127.0.0.1/42013] INFO  server.RaftServerConfigKeys (ConfUtils.java:logGet(46)) - raft.server.threadpool.proxy.size = 0 (default)
2022-10-30 01:06:27,176 [Listener at 127.0.0.1/42013] INFO  server.RaftServerConfigKeys (ConfUtils.java:logGet(46)) - raft.server.rpc.slowness.timeout = 300s (custom)
2022-10-30 01:06:27,177 [Listener at 127.0.0.1/42013] INFO  server.RaftServerConfigKeys (ConfUtils.java:logGet(46)) - raft.server.leaderelection.leader.step-down.wait-time = 10s (default)
2022-10-30 01:06:27,177 [Listener at 127.0.0.1/42013] INFO  server.RaftServerConfigKeys (ConfUtils.java:logGet(46)) - raft.server.storage.dir = [/home/runner/work/ozone/ozone/hadoop-ozone/integration-test/target/test-dir/MiniOzoneClusterImpl-d77d6c10-3d51-4ae5-b04b-b5f3d2f20a3f/datanode-4/data/ratis] (custom)
2022-10-30 01:06:27,181 [Listener at 127.0.0.1/42013] INFO  server.XceiverServerGrpc (XceiverServerGrpc.java:<init>(132)) - GrpcServer channel type EpollServerSocketChannel
2022-10-30 01:06:27,187 [Listener at 127.0.0.1/42013] INFO  http.BaseHttpServer (BaseHttpServer.java:newHttpServer2BuilderForOzone(213)) - Starting Web-server for hddsDatanode at: http://0.0.0.0:0
2022-10-30 01:06:27,188 [Listener at 127.0.0.1/42013] INFO  http.BaseHttpServer (BaseHttpServer.java:<init>(108)) - Hadoop Security Enabled: false Ozone Security Enabled: false Ozone HTTP Security Enabled: false 
2022-10-30 01:06:27,189 [Listener at 127.0.0.1/42013] WARN  server.AuthenticationFilter (AuthenticationFilter.java:constructSecretProvider(240)) - Unable to initialize FileSignerSecretProvider, falling back to use random secrets. Reason: Could not read signature secret file: /home/runner/hadoop-http-auth-signature-secret
2022-10-30 01:06:27,189 [Listener at 127.0.0.1/42013] WARN  http.HttpRequestLog (HttpRequestLog.java:getRequestLog(103)) - Jetty request log can only be enabled using Log4j
2022-10-30 01:06:27,191 [Listener at 127.0.0.1/42013] INFO  http.HttpServer2 (HttpServer2.java:addGlobalFilter(1031)) - Added global filter 'safety' (class=org.apache.hadoop.hdds.server.http.HttpServer2$QuotingInputFilter)
2022-10-30 01:06:27,191 [Listener at 127.0.0.1/42013] INFO  http.HttpServer2 (HttpServer2.java:addFilter(1007)) - Added filter static_user_filter (class=org.apache.hadoop.http.lib.StaticUserWebFilter$StaticUserFilter) to context hddsDatanode
2022-10-30 01:06:27,192 [Listener at 127.0.0.1/42013] INFO  http.HttpServer2 (HttpServer2.java:addFilter(1015)) - Added filter static_user_filter (class=org.apache.hadoop.http.lib.StaticUserWebFilter$StaticUserFilter) to context static
2022-10-30 01:06:27,192 [Listener at 127.0.0.1/42013] INFO  http.HttpServer2 (HttpServer2.java:addFilter(1015)) - Added filter static_user_filter (class=org.apache.hadoop.http.lib.StaticUserWebFilter$StaticUserFilter) to context logs
2022-10-30 01:06:27,192 [Listener at 127.0.0.1/42013] INFO  http.HttpServer2 (HttpServer2.java:bindListener(1250)) - Jetty bound to port 45277
2022-10-30 01:06:27,192 [Listener at 127.0.0.1/42013] INFO  server.Server (Server.java:doStart(375)) - jetty-9.4.49.v20220914; built: 2022-09-14T01:07:36.601Z; git: 4231a3b2e4cb8548a412a789936d640a97b1aa0a; jvm 1.8.0_345-b01
2022-10-30 01:06:27,193 [Listener at 127.0.0.1/42013] INFO  server.session (DefaultSessionIdManager.java:doStart(334)) - DefaultSessionIdManager workerName=node0
2022-10-30 01:06:27,193 [Listener at 127.0.0.1/42013] INFO  server.session (DefaultSessionIdManager.java:doStart(339)) - No SessionScavenger set, using defaults
2022-10-30 01:06:27,194 [Listener at 127.0.0.1/42013] INFO  server.session (HouseKeeper.java:startScavenging(132)) - node0 Scavenging every 660000ms
2022-10-30 01:06:27,195 [Listener at 127.0.0.1/42013] INFO  handler.ContextHandler (ContextHandler.java:doStart(921)) - Started o.e.j.s.ServletContextHandler@6d88bb5{logs,/logs,file:///home/runner/work/ozone/ozone/hadoop-ozone/integration-test/target/log,AVAILABLE}
2022-10-30 01:06:27,196 [Listener at 127.0.0.1/42013] INFO  handler.ContextHandler (ContextHandler.java:doStart(921)) - Started o.e.j.s.ServletContextHandler@54155e6e{static,/static,jar:file:/home/runner/.m2/repository/org/apache/ozone/hdds-container-service/1.3.0-SNAPSHOT/hdds-container-service-1.3.0-SNAPSHOT.jar!/webapps/static,AVAILABLE}
2022-10-30 01:06:27,381 [Listener at 127.0.0.1/42013] INFO  handler.ContextHandler (ContextHandler.java:doStart(921)) - Started o.e.j.w.WebAppContext@33a45a0b{hddsDatanode,/,file:///tmp/jetty-0_0_0_0-45277-hdds-container-service-1_3_0-SNAPSHOT_jar-_-any-4979425843743530058/webapp/,AVAILABLE}{jar:file:/home/runner/.m2/repository/org/apache/ozone/hdds-container-service/1.3.0-SNAPSHOT/hdds-container-service-1.3.0-SNAPSHOT.jar!/webapps/hddsDatanode}
2022-10-30 01:06:27,383 [Listener at 127.0.0.1/42013] INFO  server.AbstractConnector (AbstractConnector.java:doStart(333)) - Started ServerConnector@7e77ec04{HTTP/1.1, (http/1.1)}{0.0.0.0:45277}
2022-10-30 01:06:27,383 [Listener at 127.0.0.1/42013] INFO  server.Server (Server.java:doStart(415)) - Started @9007ms
2022-10-30 01:06:27,383 [Listener at 127.0.0.1/42013] WARN  impl.MetricsSystemImpl (MetricsSystemImpl.java:register(279)) - Sink prometheus already exists!
2022-10-30 01:06:27,383 [Listener at 127.0.0.1/42013] INFO  http.BaseHttpServer (BaseHttpServer.java:updateConnectorAddress(333)) - HTTP server of hddsDatanode listening at http://0.0.0.0:45277
2022-10-30 01:06:27,384 [Listener at 127.0.0.1/42013] WARN  impl.MetricRegistriesImpl (MetricRegistriesImpl.java:addReporterRegistration(111)) - New reporters are added after registries were created. Some metrics will be missing from the reporter. Please add reporter before adding any new registry.
2022-10-30 01:06:27,384 [Listener at 127.0.0.1/42013] WARN  impl.MetricRegistriesImpl (MetricRegistriesImpl.java:addReporterRegistration(111)) - New reporters are added after registries were created. Some metrics will be missing from the reporter. Please add reporter before adding any new registry.
2022-10-30 01:06:27,384 [Listener at 127.0.0.1/42013] INFO  impl.MetricsSystemImpl (MetricsSystemImpl.java:init(158)) - HddsDatanode metrics system started (again)
2022-10-30 01:06:27,384 [Datanode State Machine Daemon Thread] INFO  statemachine.DatanodeStateMachine (DatanodeStateMachine.java:lambda$startDaemon$0(505)) - Ozone container server started.
2022-10-30 01:06:27,397 [org.apache.hadoop.util.JvmPauseMonitor$Monitor@138b2ce5] INFO  util.JvmPauseMonitor (JvmPauseMonitor.java:run(188)) - Starting JVM pause monitor
2022-10-30 01:06:27,398 [Listener at 127.0.0.1/42013] INFO  ozone.HddsDatanodeService (HddsDatanodeService.java:start(236)) - HddsDatanodeService host:fv-az99-422.euuzywwtp3iu5l5aj42nbmzodg.gx.internal.cloudapp.net ip:10.1.0.11
2022-10-30 01:06:27,400 [Datanode State Machine Task Thread - 0] INFO  datanode.InitDatanodeState (InitDatanodeState.java:persistContainerDatanodeDetails(138)) - DatanodeDetails is persisted to /home/runner/work/ozone/ozone/hadoop-ozone/integration-test/target/test-dir/MiniOzoneClusterImpl-d77d6c10-3d51-4ae5-b04b-b5f3d2f20a3f/datanode-4/meta/datanode.id
2022-10-30 01:06:27,427 [Listener at 127.0.0.1/42013] INFO  upgrade.AbstractLayoutVersionManager (AbstractLayoutVersionManager.java:init(83)) - Initializing Layout version manager with metadata layout = DATANODE_SCHEMA_V3 (version = 4), software layout = DATANODE_SCHEMA_V3 (version = 4)
2022-10-30 01:06:27,470 [Listener at 127.0.0.1/42013] INFO  reflections.Reflections (Reflections.java:scan(232)) - Reflections took 41 ms to scan 7 urls, producing 136 keys and 331 values 
2022-10-30 01:06:27,471 [Listener at 127.0.0.1/42013] INFO  statemachine.DatanodeStateMachine (DatanodeStateMachine.java:getEndPointTaskThreadPoolSize(245)) - Datanode State Machine Task Thread Pool size 2
2022-10-30 01:06:27,473 [Listener at 127.0.0.1/42013] INFO  volume.HddsVolume (HddsVolume.java:<init>(117)) - Creating HddsVolume: /home/runner/work/ozone/ozone/hadoop-ozone/integration-test/target/test-dir/MiniOzoneClusterImpl-d77d6c10-3d51-4ae5-b04b-b5f3d2f20a3f/datanode-5/data-0/containers/hdds of storage type : DISK capacity : 9223372036854775807
2022-10-30 01:06:27,473 [Listener at 127.0.0.1/42013] INFO  volume.MutableVolumeSet (MutableVolumeSet.java:initializeVolumeSet(174)) - Added Volume : /home/runner/work/ozone/ozone/hadoop-ozone/integration-test/target/test-dir/MiniOzoneClusterImpl-d77d6c10-3d51-4ae5-b04b-b5f3d2f20a3f/datanode-5/data-0/containers/hdds to VolumeSet
2022-10-30 01:06:27,474 [Listener at 127.0.0.1/42013] INFO  volume.ThrottledAsyncChecker (ThrottledAsyncChecker.java:schedule(141)) - Scheduling a check for /home/runner/work/ozone/ozone/hadoop-ozone/integration-test/target/test-dir/MiniOzoneClusterImpl-d77d6c10-3d51-4ae5-b04b-b5f3d2f20a3f/datanode-5/data-0/containers/hdds
2022-10-30 01:06:27,476 [Listener at 127.0.0.1/42013] INFO  volume.StorageVolumeChecker (StorageVolumeChecker.java:checkAllVolumes(202)) - Scheduled health check for volume /home/runner/work/ozone/ozone/hadoop-ozone/integration-test/target/test-dir/MiniOzoneClusterImpl-d77d6c10-3d51-4ae5-b04b-b5f3d2f20a3f/datanode-5/data-0/containers/hdds
2022-10-30 01:06:27,490 [Listener at 127.0.0.1/42013] INFO  volume.MutableVolumeSet (MutableVolumeSet.java:initializeVolumeSet(174)) - Added Volume : /home/runner/work/ozone/ozone/hadoop-ozone/integration-test/target/test-dir/MiniOzoneClusterImpl-d77d6c10-3d51-4ae5-b04b-b5f3d2f20a3f/datanode-5/data/ratis to VolumeSet
2022-10-30 01:06:27,490 [Listener at 127.0.0.1/42013] INFO  volume.ThrottledAsyncChecker (ThrottledAsyncChecker.java:schedule(141)) - Scheduling a check for /home/runner/work/ozone/ozone/hadoop-ozone/integration-test/target/test-dir/MiniOzoneClusterImpl-d77d6c10-3d51-4ae5-b04b-b5f3d2f20a3f/datanode-5/data/ratis
2022-10-30 01:06:27,490 [Listener at 127.0.0.1/42013] INFO  volume.StorageVolumeChecker (StorageVolumeChecker.java:checkAllVolumes(202)) - Scheduled health check for volume /home/runner/work/ozone/ozone/hadoop-ozone/integration-test/target/test-dir/MiniOzoneClusterImpl-d77d6c10-3d51-4ae5-b04b-b5f3d2f20a3f/datanode-5/data/ratis
2022-10-30 01:06:27,500 [Thread-203] INFO  ozoneimpl.ContainerReader (ContainerReader.java:readVolume(175)) - Finish verifying containers on volume /home/runner/work/ozone/ozone/hadoop-ozone/integration-test/target/test-dir/MiniOzoneClusterImpl-d77d6c10-3d51-4ae5-b04b-b5f3d2f20a3f/datanode-5/data-0/containers/hdds
2022-10-30 01:06:27,501 [Listener at 127.0.0.1/42013] INFO  ozoneimpl.OzoneContainer (OzoneContainer.java:buildContainerSet(300)) - Build ContainerSet costs 0s
2022-10-30 01:06:27,503 [Listener at 127.0.0.1/42013] INFO  server.RaftServer (ConfUtils.java:logGet(46)) - raft.rpc.type = GRPC (default)
2022-10-30 01:06:27,504 [Listener at 127.0.0.1/42013] INFO  grpc.GrpcConfigKeys (ConfUtils.java:logFallback(53)) - raft.grpc.admin.host = null (fallback to raft.grpc.server.host)
2022-10-30 01:06:27,504 [Listener at 127.0.0.1/42013] INFO  grpc.GrpcConfigKeys (ConfUtils.java:logGet(46)) - raft.grpc.admin.port = 0 (custom)
2022-10-30 01:06:27,504 [Listener at 127.0.0.1/42013] INFO  grpc.GrpcConfigKeys (ConfUtils.java:logFallback(53)) - raft.grpc.client.host = null (fallback to raft.grpc.server.host)
2022-10-30 01:06:27,504 [Listener at 127.0.0.1/42013] INFO  grpc.GrpcConfigKeys (ConfUtils.java:logGet(46)) - raft.grpc.client.port = 0 (custom)
2022-10-30 01:06:27,504 [Listener at 127.0.0.1/42013] INFO  grpc.GrpcConfigKeys (ConfUtils.java:logGet(46)) - raft.grpc.server.host = null (default)
2022-10-30 01:06:27,504 [Listener at 127.0.0.1/42013] INFO  grpc.GrpcConfigKeys (ConfUtils.java:logGet(46)) - raft.grpc.server.port = 0 (default)
2022-10-30 01:06:27,504 [Listener at 127.0.0.1/42013] INFO  server.GrpcService (ConfUtils.java:logGet(46)) - raft.grpc.message.size.max = 32MB (=33554432) (custom)
2022-10-30 01:06:27,504 [Listener at 127.0.0.1/42013] INFO  server.RaftServerConfigKeys (ConfUtils.java:logGet(46)) - raft.server.log.appender.buffer.byte-limit = 33554432 (custom)
2022-10-30 01:06:27,504 [Listener at 127.0.0.1/42013] INFO  server.GrpcService (ConfUtils.java:logGet(46)) - raft.grpc.flow.control.window = 5MB (=5242880) (custom)
2022-10-30 01:06:27,505 [Listener at 127.0.0.1/42013] INFO  server.RaftServerConfigKeys (ConfUtils.java:logGet(46)) - raft.server.rpc.request.timeout = 60s (custom)
2022-10-30 01:06:27,505 [Listener at 127.0.0.1/42013] INFO  grpc.GrpcConfigKeys (ConfUtils.java:logGet(46)) - raft.grpc.server.heartbeat.channel = true (default)
2022-10-30 01:06:27,505 [Listener at 127.0.0.1/42013] INFO  grpc.GrpcConfigKeys (ConfUtils.java:logGet(46)) - raft.grpc.server.async.request.thread.pool.cached = true (default)
2022-10-30 01:06:27,505 [Listener at 127.0.0.1/42013] INFO  grpc.GrpcConfigKeys (ConfUtils.java:logGet(46)) - raft.grpc.server.async.request.thread.pool.size = 32 (default)
2022-10-30 01:06:27,506 [Listener at 127.0.0.1/42013] INFO  impl.DataStreamServerImpl (ConfUtils.java:logGet(46)) - raft.datastream.type = DISABLED (default)
2022-10-30 01:06:27,506 [Listener at 127.0.0.1/42013] INFO  server.RaftServerConfigKeys (ConfUtils.java:logGet(46)) - raft.server.threadpool.proxy.cached = true (default)
2022-10-30 01:06:27,506 [Listener at 127.0.0.1/42013] INFO  server.RaftServerConfigKeys (ConfUtils.java:logGet(46)) - raft.server.threadpool.proxy.size = 0 (default)
2022-10-30 01:06:27,506 [Listener at 127.0.0.1/42013] INFO  server.RaftServerConfigKeys (ConfUtils.java:logGet(46)) - raft.server.rpc.slowness.timeout = 300s (custom)
2022-10-30 01:06:27,506 [Listener at 127.0.0.1/42013] INFO  server.RaftServerConfigKeys (ConfUtils.java:logGet(46)) - raft.server.leaderelection.leader.step-down.wait-time = 10s (default)
2022-10-30 01:06:27,507 [Listener at 127.0.0.1/42013] INFO  server.RaftServerConfigKeys (ConfUtils.java:logGet(46)) - raft.server.storage.dir = [/home/runner/work/ozone/ozone/hadoop-ozone/integration-test/target/test-dir/MiniOzoneClusterImpl-d77d6c10-3d51-4ae5-b04b-b5f3d2f20a3f/datanode-5/data/ratis] (custom)
2022-10-30 01:06:27,510 [Listener at 127.0.0.1/42013] INFO  server.XceiverServerGrpc (XceiverServerGrpc.java:<init>(132)) - GrpcServer channel type EpollServerSocketChannel
2022-10-30 01:06:27,512 [Listener at 127.0.0.1/42013] INFO  http.BaseHttpServer (BaseHttpServer.java:newHttpServer2BuilderForOzone(213)) - Starting Web-server for hddsDatanode at: http://0.0.0.0:0
2022-10-30 01:06:27,513 [Listener at 127.0.0.1/42013] INFO  http.BaseHttpServer (BaseHttpServer.java:<init>(108)) - Hadoop Security Enabled: false Ozone Security Enabled: false Ozone HTTP Security Enabled: false 
2022-10-30 01:06:27,514 [Listener at 127.0.0.1/42013] WARN  server.AuthenticationFilter (AuthenticationFilter.java:constructSecretProvider(240)) - Unable to initialize FileSignerSecretProvider, falling back to use random secrets. Reason: Could not read signature secret file: /home/runner/hadoop-http-auth-signature-secret
2022-10-30 01:06:27,514 [Listener at 127.0.0.1/42013] WARN  http.HttpRequestLog (HttpRequestLog.java:getRequestLog(103)) - Jetty request log can only be enabled using Log4j
2022-10-30 01:06:27,516 [Listener at 127.0.0.1/42013] INFO  http.HttpServer2 (HttpServer2.java:addGlobalFilter(1031)) - Added global filter 'safety' (class=org.apache.hadoop.hdds.server.http.HttpServer2$QuotingInputFilter)
2022-10-30 01:06:27,516 [Listener at 127.0.0.1/42013] INFO  http.HttpServer2 (HttpServer2.java:addFilter(1007)) - Added filter static_user_filter (class=org.apache.hadoop.http.lib.StaticUserWebFilter$StaticUserFilter) to context hddsDatanode
2022-10-30 01:06:27,517 [Listener at 127.0.0.1/42013] INFO  http.HttpServer2 (HttpServer2.java:addFilter(1015)) - Added filter static_user_filter (class=org.apache.hadoop.http.lib.StaticUserWebFilter$StaticUserFilter) to context logs
2022-10-30 01:06:27,517 [Listener at 127.0.0.1/42013] INFO  http.HttpServer2 (HttpServer2.java:addFilter(1015)) - Added filter static_user_filter (class=org.apache.hadoop.http.lib.StaticUserWebFilter$StaticUserFilter) to context static
2022-10-30 01:06:27,517 [Listener at 127.0.0.1/42013] INFO  http.HttpServer2 (HttpServer2.java:bindListener(1250)) - Jetty bound to port 34089
2022-10-30 01:06:27,517 [Listener at 127.0.0.1/42013] INFO  server.Server (Server.java:doStart(375)) - jetty-9.4.49.v20220914; built: 2022-09-14T01:07:36.601Z; git: 4231a3b2e4cb8548a412a789936d640a97b1aa0a; jvm 1.8.0_345-b01
2022-10-30 01:06:27,519 [Listener at 127.0.0.1/42013] INFO  server.session (DefaultSessionIdManager.java:doStart(334)) - DefaultSessionIdManager workerName=node0
2022-10-30 01:06:27,519 [Listener at 127.0.0.1/42013] INFO  server.session (DefaultSessionIdManager.java:doStart(339)) - No SessionScavenger set, using defaults
2022-10-30 01:06:27,519 [Listener at 127.0.0.1/42013] INFO  server.session (HouseKeeper.java:startScavenging(132)) - node0 Scavenging every 600000ms
2022-10-30 01:06:27,520 [Listener at 127.0.0.1/42013] INFO  handler.ContextHandler (ContextHandler.java:doStart(921)) - Started o.e.j.s.ServletContextHandler@3a3413af{logs,/logs,file:///home/runner/work/ozone/ozone/hadoop-ozone/integration-test/target/log,AVAILABLE}
2022-10-30 01:06:27,520 [Listener at 127.0.0.1/42013] INFO  handler.ContextHandler (ContextHandler.java:doStart(921)) - Started o.e.j.s.ServletContextHandler@4be71e28{static,/static,jar:file:/home/runner/.m2/repository/org/apache/ozone/hdds-container-service/1.3.0-SNAPSHOT/hdds-container-service-1.3.0-SNAPSHOT.jar!/webapps/static,AVAILABLE}
2022-10-30 01:06:27,691 [Listener at 127.0.0.1/42013] INFO  handler.ContextHandler (ContextHandler.java:doStart(921)) - Started o.e.j.w.WebAppContext@7afbb6aa{hddsDatanode,/,file:///tmp/jetty-0_0_0_0-34089-hdds-container-service-1_3_0-SNAPSHOT_jar-_-any-6440306690422300099/webapp/,AVAILABLE}{jar:file:/home/runner/.m2/repository/org/apache/ozone/hdds-container-service/1.3.0-SNAPSHOT/hdds-container-service-1.3.0-SNAPSHOT.jar!/webapps/hddsDatanode}
2022-10-30 01:06:27,692 [Listener at 127.0.0.1/42013] INFO  server.AbstractConnector (AbstractConnector.java:doStart(333)) - Started ServerConnector@1e8e8f19{HTTP/1.1, (http/1.1)}{0.0.0.0:34089}
2022-10-30 01:06:27,694 [Listener at 127.0.0.1/42013] INFO  server.Server (Server.java:doStart(415)) - Started @9316ms
2022-10-30 01:06:27,694 [Listener at 127.0.0.1/42013] WARN  impl.MetricsSystemImpl (MetricsSystemImpl.java:register(279)) - Sink prometheus already exists!
2022-10-30 01:06:27,694 [Listener at 127.0.0.1/42013] INFO  http.BaseHttpServer (BaseHttpServer.java:updateConnectorAddress(333)) - HTTP server of hddsDatanode listening at http://0.0.0.0:34089
2022-10-30 01:06:27,695 [Datanode State Machine Daemon Thread] INFO  statemachine.DatanodeStateMachine (DatanodeStateMachine.java:lambda$startDaemon$0(505)) - Ozone container server started.
2022-10-30 01:06:27,698 [Listener at 127.0.0.1/42013] WARN  impl.MetricRegistriesImpl (MetricRegistriesImpl.java:addReporterRegistration(111)) - New reporters are added after registries were created. Some metrics will be missing from the reporter. Please add reporter before adding any new registry.
2022-10-30 01:06:27,698 [Listener at 127.0.0.1/42013] WARN  impl.MetricRegistriesImpl (MetricRegistriesImpl.java:addReporterRegistration(111)) - New reporters are added after registries were created. Some metrics will be missing from the reporter. Please add reporter before adding any new registry.
2022-10-30 01:06:27,699 [Listener at 127.0.0.1/42013] INFO  impl.MetricsSystemImpl (MetricsSystemImpl.java:init(158)) - HddsDatanode metrics system started (again)
2022-10-30 01:06:27,719 [org.apache.hadoop.util.JvmPauseMonitor$Monitor@3b488d39] INFO  util.JvmPauseMonitor (JvmPauseMonitor.java:run(188)) - Starting JVM pause monitor
2022-10-30 01:06:27,721 [Listener at 127.0.0.1/42013] INFO  ozone.HddsDatanodeService (HddsDatanodeService.java:start(236)) - HddsDatanodeService host:fv-az99-422.euuzywwtp3iu5l5aj42nbmzodg.gx.internal.cloudapp.net ip:10.1.0.11
2022-10-30 01:06:27,724 [Datanode State Machine Task Thread - 0] INFO  datanode.InitDatanodeState (InitDatanodeState.java:persistContainerDatanodeDetails(138)) - DatanodeDetails is persisted to /home/runner/work/ozone/ozone/hadoop-ozone/integration-test/target/test-dir/MiniOzoneClusterImpl-d77d6c10-3d51-4ae5-b04b-b5f3d2f20a3f/datanode-5/meta/datanode.id
2022-10-30 01:06:27,742 [Listener at 127.0.0.1/42013] INFO  upgrade.AbstractLayoutVersionManager (AbstractLayoutVersionManager.java:init(83)) - Initializing Layout version manager with metadata layout = DATANODE_SCHEMA_V3 (version = 4), software layout = DATANODE_SCHEMA_V3 (version = 4)
2022-10-30 01:06:27,784 [Listener at 127.0.0.1/42013] INFO  reflections.Reflections (Reflections.java:scan(232)) - Reflections took 40 ms to scan 7 urls, producing 136 keys and 331 values 
2022-10-30 01:06:27,785 [Listener at 127.0.0.1/42013] INFO  statemachine.DatanodeStateMachine (DatanodeStateMachine.java:getEndPointTaskThreadPoolSize(245)) - Datanode State Machine Task Thread Pool size 2
2022-10-30 01:06:27,787 [Listener at 127.0.0.1/42013] INFO  volume.HddsVolume (HddsVolume.java:<init>(117)) - Creating HddsVolume: /home/runner/work/ozone/ozone/hadoop-ozone/integration-test/target/test-dir/MiniOzoneClusterImpl-d77d6c10-3d51-4ae5-b04b-b5f3d2f20a3f/datanode-6/data-0/containers/hdds of storage type : DISK capacity : 9223372036854775807
2022-10-30 01:06:27,788 [Listener at 127.0.0.1/42013] INFO  volume.MutableVolumeSet (MutableVolumeSet.java:initializeVolumeSet(174)) - Added Volume : /home/runner/work/ozone/ozone/hadoop-ozone/integration-test/target/test-dir/MiniOzoneClusterImpl-d77d6c10-3d51-4ae5-b04b-b5f3d2f20a3f/datanode-6/data-0/containers/hdds to VolumeSet
2022-10-30 01:06:27,788 [Listener at 127.0.0.1/42013] INFO  volume.ThrottledAsyncChecker (ThrottledAsyncChecker.java:schedule(141)) - Scheduling a check for /home/runner/work/ozone/ozone/hadoop-ozone/integration-test/target/test-dir/MiniOzoneClusterImpl-d77d6c10-3d51-4ae5-b04b-b5f3d2f20a3f/datanode-6/data-0/containers/hdds
2022-10-30 01:06:27,793 [Listener at 127.0.0.1/42013] INFO  volume.StorageVolumeChecker (StorageVolumeChecker.java:checkAllVolumes(202)) - Scheduled health check for volume /home/runner/work/ozone/ozone/hadoop-ozone/integration-test/target/test-dir/MiniOzoneClusterImpl-d77d6c10-3d51-4ae5-b04b-b5f3d2f20a3f/datanode-6/data-0/containers/hdds
2022-10-30 01:06:27,804 [Listener at 127.0.0.1/42013] INFO  volume.MutableVolumeSet (MutableVolumeSet.java:initializeVolumeSet(174)) - Added Volume : /home/runner/work/ozone/ozone/hadoop-ozone/integration-test/target/test-dir/MiniOzoneClusterImpl-d77d6c10-3d51-4ae5-b04b-b5f3d2f20a3f/datanode-6/data/ratis to VolumeSet
2022-10-30 01:06:27,804 [Listener at 127.0.0.1/42013] INFO  volume.ThrottledAsyncChecker (ThrottledAsyncChecker.java:schedule(141)) - Scheduling a check for /home/runner/work/ozone/ozone/hadoop-ozone/integration-test/target/test-dir/MiniOzoneClusterImpl-d77d6c10-3d51-4ae5-b04b-b5f3d2f20a3f/datanode-6/data/ratis
2022-10-30 01:06:27,804 [Listener at 127.0.0.1/42013] INFO  volume.StorageVolumeChecker (StorageVolumeChecker.java:checkAllVolumes(202)) - Scheduled health check for volume /home/runner/work/ozone/ozone/hadoop-ozone/integration-test/target/test-dir/MiniOzoneClusterImpl-d77d6c10-3d51-4ae5-b04b-b5f3d2f20a3f/datanode-6/data/ratis
2022-10-30 01:06:27,818 [Thread-216] INFO  ozoneimpl.ContainerReader (ContainerReader.java:readVolume(175)) - Finish verifying containers on volume /home/runner/work/ozone/ozone/hadoop-ozone/integration-test/target/test-dir/MiniOzoneClusterImpl-d77d6c10-3d51-4ae5-b04b-b5f3d2f20a3f/datanode-6/data-0/containers/hdds
2022-10-30 01:06:27,819 [Listener at 127.0.0.1/42013] INFO  ozoneimpl.OzoneContainer (OzoneContainer.java:buildContainerSet(300)) - Build ContainerSet costs 0s
2022-10-30 01:06:27,821 [Listener at 127.0.0.1/42013] INFO  server.RaftServer (ConfUtils.java:logGet(46)) - raft.rpc.type = GRPC (default)
2022-10-30 01:06:27,821 [Listener at 127.0.0.1/42013] INFO  grpc.GrpcConfigKeys (ConfUtils.java:logFallback(53)) - raft.grpc.admin.host = null (fallback to raft.grpc.server.host)
2022-10-30 01:06:27,821 [Listener at 127.0.0.1/42013] INFO  grpc.GrpcConfigKeys (ConfUtils.java:logGet(46)) - raft.grpc.admin.port = 0 (custom)
2022-10-30 01:06:27,823 [Listener at 127.0.0.1/42013] INFO  grpc.GrpcConfigKeys (ConfUtils.java:logFallback(53)) - raft.grpc.client.host = null (fallback to raft.grpc.server.host)
2022-10-30 01:06:27,823 [Listener at 127.0.0.1/42013] INFO  grpc.GrpcConfigKeys (ConfUtils.java:logGet(46)) - raft.grpc.client.port = 0 (custom)
2022-10-30 01:06:27,823 [Listener at 127.0.0.1/42013] INFO  grpc.GrpcConfigKeys (ConfUtils.java:logGet(46)) - raft.grpc.server.host = null (default)
2022-10-30 01:06:27,824 [Listener at 127.0.0.1/42013] INFO  grpc.GrpcConfigKeys (ConfUtils.java:logGet(46)) - raft.grpc.server.port = 0 (default)
2022-10-30 01:06:27,824 [Listener at 127.0.0.1/42013] INFO  server.GrpcService (ConfUtils.java:logGet(46)) - raft.grpc.message.size.max = 32MB (=33554432) (custom)
2022-10-30 01:06:27,824 [Listener at 127.0.0.1/42013] INFO  server.RaftServerConfigKeys (ConfUtils.java:logGet(46)) - raft.server.log.appender.buffer.byte-limit = 33554432 (custom)
2022-10-30 01:06:27,824 [Listener at 127.0.0.1/42013] INFO  server.GrpcService (ConfUtils.java:logGet(46)) - raft.grpc.flow.control.window = 5MB (=5242880) (custom)
2022-10-30 01:06:27,824 [Listener at 127.0.0.1/42013] INFO  server.RaftServerConfigKeys (ConfUtils.java:logGet(46)) - raft.server.rpc.request.timeout = 60s (custom)
2022-10-30 01:06:27,824 [Listener at 127.0.0.1/42013] INFO  grpc.GrpcConfigKeys (ConfUtils.java:logGet(46)) - raft.grpc.server.heartbeat.channel = true (default)
2022-10-30 01:06:27,824 [Listener at 127.0.0.1/42013] INFO  grpc.GrpcConfigKeys (ConfUtils.java:logGet(46)) - raft.grpc.server.async.request.thread.pool.cached = true (default)
2022-10-30 01:06:27,824 [Listener at 127.0.0.1/42013] INFO  grpc.GrpcConfigKeys (ConfUtils.java:logGet(46)) - raft.grpc.server.async.request.thread.pool.size = 32 (default)
2022-10-30 01:06:27,825 [Listener at 127.0.0.1/42013] INFO  impl.DataStreamServerImpl (ConfUtils.java:logGet(46)) - raft.datastream.type = DISABLED (default)
2022-10-30 01:06:27,825 [Listener at 127.0.0.1/42013] INFO  server.RaftServerConfigKeys (ConfUtils.java:logGet(46)) - raft.server.threadpool.proxy.cached = true (default)
2022-10-30 01:06:27,826 [Listener at 127.0.0.1/42013] INFO  server.RaftServerConfigKeys (ConfUtils.java:logGet(46)) - raft.server.threadpool.proxy.size = 0 (default)
2022-10-30 01:06:27,826 [Listener at 127.0.0.1/42013] INFO  server.RaftServerConfigKeys (ConfUtils.java:logGet(46)) - raft.server.rpc.slowness.timeout = 300s (custom)
2022-10-30 01:06:27,826 [Listener at 127.0.0.1/42013] INFO  server.RaftServerConfigKeys (ConfUtils.java:logGet(46)) - raft.server.leaderelection.leader.step-down.wait-time = 10s (default)
2022-10-30 01:06:27,826 [Listener at 127.0.0.1/42013] INFO  server.RaftServerConfigKeys (ConfUtils.java:logGet(46)) - raft.server.storage.dir = [/home/runner/work/ozone/ozone/hadoop-ozone/integration-test/target/test-dir/MiniOzoneClusterImpl-d77d6c10-3d51-4ae5-b04b-b5f3d2f20a3f/datanode-6/data/ratis] (custom)
2022-10-30 01:06:27,834 [Listener at 127.0.0.1/42013] INFO  server.XceiverServerGrpc (XceiverServerGrpc.java:<init>(132)) - GrpcServer channel type EpollServerSocketChannel
2022-10-30 01:06:27,838 [Listener at 127.0.0.1/42013] INFO  http.BaseHttpServer (BaseHttpServer.java:newHttpServer2BuilderForOzone(213)) - Starting Web-server for hddsDatanode at: http://0.0.0.0:0
2022-10-30 01:06:27,838 [Listener at 127.0.0.1/42013] INFO  http.BaseHttpServer (BaseHttpServer.java:<init>(108)) - Hadoop Security Enabled: false Ozone Security Enabled: false Ozone HTTP Security Enabled: false 
2022-10-30 01:06:27,839 [Listener at 127.0.0.1/42013] WARN  server.AuthenticationFilter (AuthenticationFilter.java:constructSecretProvider(240)) - Unable to initialize FileSignerSecretProvider, falling back to use random secrets. Reason: Could not read signature secret file: /home/runner/hadoop-http-auth-signature-secret
2022-10-30 01:06:27,841 [Listener at 127.0.0.1/42013] WARN  http.HttpRequestLog (HttpRequestLog.java:getRequestLog(103)) - Jetty request log can only be enabled using Log4j
2022-10-30 01:06:27,843 [Listener at 127.0.0.1/42013] INFO  http.HttpServer2 (HttpServer2.java:addGlobalFilter(1031)) - Added global filter 'safety' (class=org.apache.hadoop.hdds.server.http.HttpServer2$QuotingInputFilter)
2022-10-30 01:06:27,844 [Listener at 127.0.0.1/42013] INFO  http.HttpServer2 (HttpServer2.java:addFilter(1007)) - Added filter static_user_filter (class=org.apache.hadoop.http.lib.StaticUserWebFilter$StaticUserFilter) to context hddsDatanode
2022-10-30 01:06:27,844 [Listener at 127.0.0.1/42013] INFO  http.HttpServer2 (HttpServer2.java:addFilter(1015)) - Added filter static_user_filter (class=org.apache.hadoop.http.lib.StaticUserWebFilter$StaticUserFilter) to context logs
2022-10-30 01:06:27,844 [Listener at 127.0.0.1/42013] INFO  http.HttpServer2 (HttpServer2.java:addFilter(1015)) - Added filter static_user_filter (class=org.apache.hadoop.http.lib.StaticUserWebFilter$StaticUserFilter) to context static
2022-10-30 01:06:27,845 [Listener at 127.0.0.1/42013] INFO  http.HttpServer2 (HttpServer2.java:bindListener(1250)) - Jetty bound to port 36039
2022-10-30 01:06:27,845 [Listener at 127.0.0.1/42013] INFO  server.Server (Server.java:doStart(375)) - jetty-9.4.49.v20220914; built: 2022-09-14T01:07:36.601Z; git: 4231a3b2e4cb8548a412a789936d640a97b1aa0a; jvm 1.8.0_345-b01
2022-10-30 01:06:27,847 [Listener at 127.0.0.1/42013] INFO  server.session (DefaultSessionIdManager.java:doStart(334)) - DefaultSessionIdManager workerName=node0
2022-10-30 01:06:27,847 [Listener at 127.0.0.1/42013] INFO  server.session (DefaultSessionIdManager.java:doStart(339)) - No SessionScavenger set, using defaults
2022-10-30 01:06:27,847 [Listener at 127.0.0.1/42013] INFO  server.session (HouseKeeper.java:startScavenging(132)) - node0 Scavenging every 600000ms
2022-10-30 01:06:27,848 [Listener at 127.0.0.1/42013] INFO  handler.ContextHandler (ContextHandler.java:doStart(921)) - Started o.e.j.s.ServletContextHandler@3365c413{logs,/logs,file:///home/runner/work/ozone/ozone/hadoop-ozone/integration-test/target/log,AVAILABLE}
2022-10-30 01:06:27,848 [Listener at 127.0.0.1/42013] INFO  handler.ContextHandler (ContextHandler.java:doStart(921)) - Started o.e.j.s.ServletContextHandler@75ae7744{static,/static,jar:file:/home/runner/.m2/repository/org/apache/ozone/hdds-container-service/1.3.0-SNAPSHOT/hdds-container-service-1.3.0-SNAPSHOT.jar!/webapps/static,AVAILABLE}
2022-10-30 01:06:28,041 [Listener at 127.0.0.1/42013] INFO  handler.ContextHandler (ContextHandler.java:doStart(921)) - Started o.e.j.w.WebAppContext@342ad2a3{hddsDatanode,/,file:///tmp/jetty-0_0_0_0-36039-hdds-container-service-1_3_0-SNAPSHOT_jar-_-any-4403375989513737383/webapp/,AVAILABLE}{jar:file:/home/runner/.m2/repository/org/apache/ozone/hdds-container-service/1.3.0-SNAPSHOT/hdds-container-service-1.3.0-SNAPSHOT.jar!/webapps/hddsDatanode}
2022-10-30 01:06:28,043 [Listener at 127.0.0.1/42013] INFO  server.AbstractConnector (AbstractConnector.java:doStart(333)) - Started ServerConnector@61c9e646{HTTP/1.1, (http/1.1)}{0.0.0.0:36039}
2022-10-30 01:06:28,043 [Listener at 127.0.0.1/42013] INFO  server.Server (Server.java:doStart(415)) - Started @9667ms
2022-10-30 01:06:28,043 [Listener at 127.0.0.1/42013] WARN  impl.MetricsSystemImpl (MetricsSystemImpl.java:register(279)) - Sink prometheus already exists!
2022-10-30 01:06:28,043 [Listener at 127.0.0.1/42013] INFO  http.BaseHttpServer (BaseHttpServer.java:updateConnectorAddress(333)) - HTTP server of hddsDatanode listening at http://0.0.0.0:36039
2022-10-30 01:06:28,044 [Listener at 127.0.0.1/42013] WARN  impl.MetricRegistriesImpl (MetricRegistriesImpl.java:addReporterRegistration(111)) - New reporters are added after registries were created. Some metrics will be missing from the reporter. Please add reporter before adding any new registry.
2022-10-30 01:06:28,044 [Listener at 127.0.0.1/42013] WARN  impl.MetricRegistriesImpl (MetricRegistriesImpl.java:addReporterRegistration(111)) - New reporters are added after registries were created. Some metrics will be missing from the reporter. Please add reporter before adding any new registry.
2022-10-30 01:06:28,044 [Listener at 127.0.0.1/42013] INFO  impl.MetricsSystemImpl (MetricsSystemImpl.java:init(158)) - HddsDatanode metrics system started (again)
2022-10-30 01:06:28,054 [Datanode State Machine Daemon Thread] INFO  statemachine.DatanodeStateMachine (DatanodeStateMachine.java:lambda$startDaemon$0(505)) - Ozone container server started.
2022-10-30 01:06:28,066 [Listener at 127.0.0.1/42013] INFO  ozone.HddsDatanodeService (HddsDatanodeService.java:start(236)) - HddsDatanodeService host:fv-az99-422.euuzywwtp3iu5l5aj42nbmzodg.gx.internal.cloudapp.net ip:10.1.0.11
2022-10-30 01:06:28,083 [org.apache.hadoop.util.JvmPauseMonitor$Monitor@6c7dcd7] INFO  util.JvmPauseMonitor (JvmPauseMonitor.java:run(188)) - Starting JVM pause monitor
2022-10-30 01:06:28,087 [Datanode State Machine Task Thread - 0] INFO  datanode.InitDatanodeState (InitDatanodeState.java:persistContainerDatanodeDetails(138)) - DatanodeDetails is persisted to /home/runner/work/ozone/ozone/hadoop-ozone/integration-test/target/test-dir/MiniOzoneClusterImpl-d77d6c10-3d51-4ae5-b04b-b5f3d2f20a3f/datanode-6/meta/datanode.id
2022-10-30 01:06:28,093 [Listener at 127.0.0.1/42013] INFO  upgrade.AbstractLayoutVersionManager (AbstractLayoutVersionManager.java:init(83)) - Initializing Layout version manager with metadata layout = DATANODE_SCHEMA_V3 (version = 4), software layout = DATANODE_SCHEMA_V3 (version = 4)
2022-10-30 01:06:28,117 [EndpointStateMachine task thread for /0.0.0.0:35291 - 0 ] INFO  volume.HddsVolume (HddsVolume.java:createDbStore(307)) - SchemaV3 db is created and loaded at /home/runner/work/ozone/ozone/hadoop-ozone/integration-test/target/test-dir/MiniOzoneClusterImpl-d77d6c10-3d51-4ae5-b04b-b5f3d2f20a3f/datanode-0/data-0/containers/hdds/d77d6c10-3d51-4ae5-b04b-b5f3d2f20a3f/DS-07f9d1bf-eee0-4c4d-9685-7c2dc9ffd32e/container.db for volume DS-07f9d1bf-eee0-4c4d-9685-7c2dc9ffd32e
2022-10-30 01:06:28,120 [EndpointStateMachine task thread for /0.0.0.0:35291 - 0 ] INFO  volume.HddsVolume (HddsVolume.java:closeDbStore(338)) - SchemaV3 db is stopped at /home/runner/work/ozone/ozone/hadoop-ozone/integration-test/target/test-dir/MiniOzoneClusterImpl-d77d6c10-3d51-4ae5-b04b-b5f3d2f20a3f/datanode-0/data-0/containers/hdds/d77d6c10-3d51-4ae5-b04b-b5f3d2f20a3f/DS-07f9d1bf-eee0-4c4d-9685-7c2dc9ffd32e/container.db for volume DS-07f9d1bf-eee0-4c4d-9685-7c2dc9ffd32e
2022-10-30 01:06:28,120 [EndpointStateMachine task thread for /0.0.0.0:35291 - 0 ] INFO  ozoneimpl.OzoneContainer (OzoneContainer.java:start(378)) - Attempting to start container services.
2022-10-30 01:06:28,142 [EndpointStateMachine task thread for /0.0.0.0:35291 - 0 ] INFO  ozoneimpl.OzoneContainer (OzoneContainer.java:startContainerScrub(313)) - Background container scanner has been disabled.
2022-10-30 01:06:28,144 [EndpointStateMachine task thread for /0.0.0.0:35291 - 0 ] INFO  replication.ReplicationServer (ReplicationServer.java:start(111)) - ReplicationServer is started using port 42541
2022-10-30 01:06:28,148 [EndpointStateMachine task thread for /0.0.0.0:35291 - 0 ] INFO  ratis.XceiverServerRatis (XceiverServerRatis.java:start(481)) - Starting XceiverServerRatis 86e92292-7141-46cb-9ed5-093a2cfc2b40
2022-10-30 01:06:28,163 [Listener at 127.0.0.1/42013] INFO  reflections.Reflections (Reflections.java:scan(232)) - Reflections took 63 ms to scan 7 urls, producing 136 keys and 331 values 
2022-10-30 01:06:28,167 [Listener at 127.0.0.1/42013] INFO  statemachine.DatanodeStateMachine (DatanodeStateMachine.java:getEndPointTaskThreadPoolSize(245)) - Datanode State Machine Task Thread Pool size 2
2022-10-30 01:06:28,171 [Listener at 127.0.0.1/42013] INFO  volume.HddsVolume (HddsVolume.java:<init>(117)) - Creating HddsVolume: /home/runner/work/ozone/ozone/hadoop-ozone/integration-test/target/test-dir/MiniOzoneClusterImpl-d77d6c10-3d51-4ae5-b04b-b5f3d2f20a3f/datanode-7/data-0/containers/hdds of storage type : DISK capacity : 9223372036854775807
2022-10-30 01:06:28,171 [Listener at 127.0.0.1/42013] INFO  volume.MutableVolumeSet (MutableVolumeSet.java:initializeVolumeSet(174)) - Added Volume : /home/runner/work/ozone/ozone/hadoop-ozone/integration-test/target/test-dir/MiniOzoneClusterImpl-d77d6c10-3d51-4ae5-b04b-b5f3d2f20a3f/datanode-7/data-0/containers/hdds to VolumeSet
2022-10-30 01:06:28,172 [Listener at 127.0.0.1/42013] INFO  volume.ThrottledAsyncChecker (ThrottledAsyncChecker.java:schedule(141)) - Scheduling a check for /home/runner/work/ozone/ozone/hadoop-ozone/integration-test/target/test-dir/MiniOzoneClusterImpl-d77d6c10-3d51-4ae5-b04b-b5f3d2f20a3f/datanode-7/data-0/containers/hdds
2022-10-30 01:06:28,154 [EndpointStateMachine task thread for /0.0.0.0:35291 - 0 ] INFO  server.RaftServer (RaftServerProxy.java:startImpl(393)) - 86e92292-7141-46cb-9ed5-093a2cfc2b40: start RPC server
2022-10-30 01:06:28,176 [Listener at 127.0.0.1/42013] INFO  volume.StorageVolumeChecker (StorageVolumeChecker.java:checkAllVolumes(202)) - Scheduled health check for volume /home/runner/work/ozone/ozone/hadoop-ozone/integration-test/target/test-dir/MiniOzoneClusterImpl-d77d6c10-3d51-4ae5-b04b-b5f3d2f20a3f/datanode-7/data-0/containers/hdds
2022-10-30 01:06:28,176 [EndpointStateMachine task thread for /0.0.0.0:35291 - 0 ] INFO  server.GrpcService (GrpcService.java:startImpl(270)) - 86e92292-7141-46cb-9ed5-093a2cfc2b40: GrpcService started, listening on 44269
2022-10-30 01:06:28,182 [EndpointStateMachine task thread for /0.0.0.0:35291 - 0 ] INFO  ratis.XceiverServerRatis (XceiverServerRatis.java:getRealPort(502)) - XceiverServerRatis 86e92292-7141-46cb-9ed5-093a2cfc2b40 is started using port 44269 for RATIS
2022-10-30 01:06:28,182 [EndpointStateMachine task thread for /0.0.0.0:35291 - 0 ] INFO  ratis.XceiverServerRatis (XceiverServerRatis.java:getRealPort(502)) - XceiverServerRatis 86e92292-7141-46cb-9ed5-093a2cfc2b40 is started using port 44269 for RATIS_ADMIN
2022-10-30 01:06:28,182 [EndpointStateMachine task thread for /0.0.0.0:35291 - 0 ] INFO  ratis.XceiverServerRatis (XceiverServerRatis.java:getRealPort(502)) - XceiverServerRatis 86e92292-7141-46cb-9ed5-093a2cfc2b40 is started using port 44269 for RATIS_SERVER
2022-10-30 01:06:28,183 [JvmPauseMonitor1] INFO  util.JvmPauseMonitor (JvmPauseMonitor.java:run(105)) - JvmPauseMonitor-86e92292-7141-46cb-9ed5-093a2cfc2b40: Started
2022-10-30 01:06:28,190 [Listener at 127.0.0.1/42013] INFO  volume.MutableVolumeSet (MutableVolumeSet.java:initializeVolumeSet(174)) - Added Volume : /home/runner/work/ozone/ozone/hadoop-ozone/integration-test/target/test-dir/MiniOzoneClusterImpl-d77d6c10-3d51-4ae5-b04b-b5f3d2f20a3f/datanode-7/data/ratis to VolumeSet
2022-10-30 01:06:28,191 [Listener at 127.0.0.1/42013] INFO  volume.ThrottledAsyncChecker (ThrottledAsyncChecker.java:schedule(141)) - Scheduling a check for /home/runner/work/ozone/ozone/hadoop-ozone/integration-test/target/test-dir/MiniOzoneClusterImpl-d77d6c10-3d51-4ae5-b04b-b5f3d2f20a3f/datanode-7/data/ratis
2022-10-30 01:06:28,191 [EndpointStateMachine task thread for /0.0.0.0:35291 - 0 ] INFO  server.XceiverServerGrpc (XceiverServerGrpc.java:start(180)) - XceiverServerGrpc 86e92292-7141-46cb-9ed5-093a2cfc2b40 is started using port 37771
2022-10-30 01:06:28,192 [Listener at 127.0.0.1/42013] INFO  volume.StorageVolumeChecker (StorageVolumeChecker.java:checkAllVolumes(202)) - Scheduled health check for volume /home/runner/work/ozone/ozone/hadoop-ozone/integration-test/target/test-dir/MiniOzoneClusterImpl-d77d6c10-3d51-4ae5-b04b-b5f3d2f20a3f/datanode-7/data/ratis
2022-10-30 01:06:28,207 [Thread-235] INFO  ozoneimpl.ContainerReader (ContainerReader.java:readVolume(175)) - Finish verifying containers on volume /home/runner/work/ozone/ozone/hadoop-ozone/integration-test/target/test-dir/MiniOzoneClusterImpl-d77d6c10-3d51-4ae5-b04b-b5f3d2f20a3f/datanode-7/data-0/containers/hdds
2022-10-30 01:06:28,208 [Listener at 127.0.0.1/42013] INFO  ozoneimpl.OzoneContainer (OzoneContainer.java:buildContainerSet(300)) - Build ContainerSet costs 0s
2022-10-30 01:06:28,214 [Listener at 127.0.0.1/42013] INFO  server.RaftServer (ConfUtils.java:logGet(46)) - raft.rpc.type = GRPC (default)
2022-10-30 01:06:28,214 [Listener at 127.0.0.1/42013] INFO  grpc.GrpcConfigKeys (ConfUtils.java:logFallback(53)) - raft.grpc.admin.host = null (fallback to raft.grpc.server.host)
2022-10-30 01:06:28,215 [Listener at 127.0.0.1/42013] INFO  grpc.GrpcConfigKeys (ConfUtils.java:logGet(46)) - raft.grpc.admin.port = 0 (custom)
2022-10-30 01:06:28,215 [Listener at 127.0.0.1/42013] INFO  grpc.GrpcConfigKeys (ConfUtils.java:logFallback(53)) - raft.grpc.client.host = null (fallback to raft.grpc.server.host)
2022-10-30 01:06:28,215 [Listener at 127.0.0.1/42013] INFO  grpc.GrpcConfigKeys (ConfUtils.java:logGet(46)) - raft.grpc.client.port = 0 (custom)
2022-10-30 01:06:28,215 [Listener at 127.0.0.1/42013] INFO  grpc.GrpcConfigKeys (ConfUtils.java:logGet(46)) - raft.grpc.server.host = null (default)
2022-10-30 01:06:28,215 [Listener at 127.0.0.1/42013] INFO  grpc.GrpcConfigKeys (ConfUtils.java:logGet(46)) - raft.grpc.server.port = 0 (default)
2022-10-30 01:06:28,215 [Listener at 127.0.0.1/42013] INFO  server.GrpcService (ConfUtils.java:logGet(46)) - raft.grpc.message.size.max = 32MB (=33554432) (custom)
2022-10-30 01:06:28,215 [Listener at 127.0.0.1/42013] INFO  server.RaftServerConfigKeys (ConfUtils.java:logGet(46)) - raft.server.log.appender.buffer.byte-limit = 33554432 (custom)
2022-10-30 01:06:28,215 [Listener at 127.0.0.1/42013] INFO  server.GrpcService (ConfUtils.java:logGet(46)) - raft.grpc.flow.control.window = 5MB (=5242880) (custom)
2022-10-30 01:06:28,215 [Listener at 127.0.0.1/42013] INFO  server.RaftServerConfigKeys (ConfUtils.java:logGet(46)) - raft.server.rpc.request.timeout = 60s (custom)
2022-10-30 01:06:28,216 [Listener at 127.0.0.1/42013] INFO  grpc.GrpcConfigKeys (ConfUtils.java:logGet(46)) - raft.grpc.server.heartbeat.channel = true (default)
2022-10-30 01:06:28,216 [Listener at 127.0.0.1/42013] INFO  grpc.GrpcConfigKeys (ConfUtils.java:logGet(46)) - raft.grpc.server.async.request.thread.pool.cached = true (default)
2022-10-30 01:06:28,216 [Listener at 127.0.0.1/42013] INFO  grpc.GrpcConfigKeys (ConfUtils.java:logGet(46)) - raft.grpc.server.async.request.thread.pool.size = 32 (default)
2022-10-30 01:06:28,217 [Listener at 127.0.0.1/42013] INFO  impl.DataStreamServerImpl (ConfUtils.java:logGet(46)) - raft.datastream.type = DISABLED (default)
2022-10-30 01:06:28,217 [Listener at 127.0.0.1/42013] INFO  server.RaftServerConfigKeys (ConfUtils.java:logGet(46)) - raft.server.threadpool.proxy.cached = true (default)
2022-10-30 01:06:28,217 [Listener at 127.0.0.1/42013] INFO  server.RaftServerConfigKeys (ConfUtils.java:logGet(46)) - raft.server.threadpool.proxy.size = 0 (default)
2022-10-30 01:06:28,217 [Listener at 127.0.0.1/42013] INFO  server.RaftServerConfigKeys (ConfUtils.java:logGet(46)) - raft.server.rpc.slowness.timeout = 300s (custom)
2022-10-30 01:06:28,217 [Listener at 127.0.0.1/42013] INFO  server.RaftServerConfigKeys (ConfUtils.java:logGet(46)) - raft.server.leaderelection.leader.step-down.wait-time = 10s (default)
2022-10-30 01:06:28,217 [Listener at 127.0.0.1/42013] INFO  server.RaftServerConfigKeys (ConfUtils.java:logGet(46)) - raft.server.storage.dir = [/home/runner/work/ozone/ozone/hadoop-ozone/integration-test/target/test-dir/MiniOzoneClusterImpl-d77d6c10-3d51-4ae5-b04b-b5f3d2f20a3f/datanode-7/data/ratis] (custom)
2022-10-30 01:06:28,219 [Listener at 127.0.0.1/42013] INFO  server.XceiverServerGrpc (XceiverServerGrpc.java:<init>(132)) - GrpcServer channel type EpollServerSocketChannel
2022-10-30 01:06:28,222 [Listener at 127.0.0.1/42013] INFO  http.BaseHttpServer (BaseHttpServer.java:newHttpServer2BuilderForOzone(213)) - Starting Web-server for hddsDatanode at: http://0.0.0.0:0
2022-10-30 01:06:28,222 [Listener at 127.0.0.1/42013] INFO  http.BaseHttpServer (BaseHttpServer.java:<init>(108)) - Hadoop Security Enabled: false Ozone Security Enabled: false Ozone HTTP Security Enabled: false 
2022-10-30 01:06:28,224 [Listener at 127.0.0.1/42013] WARN  server.AuthenticationFilter (AuthenticationFilter.java:constructSecretProvider(240)) - Unable to initialize FileSignerSecretProvider, falling back to use random secrets. Reason: Could not read signature secret file: /home/runner/hadoop-http-auth-signature-secret
2022-10-30 01:06:28,224 [Listener at 127.0.0.1/42013] WARN  http.HttpRequestLog (HttpRequestLog.java:getRequestLog(103)) - Jetty request log can only be enabled using Log4j
2022-10-30 01:06:28,226 [Listener at 127.0.0.1/42013] INFO  http.HttpServer2 (HttpServer2.java:addGlobalFilter(1031)) - Added global filter 'safety' (class=org.apache.hadoop.hdds.server.http.HttpServer2$QuotingInputFilter)
2022-10-30 01:06:28,226 [Listener at 127.0.0.1/42013] INFO  http.HttpServer2 (HttpServer2.java:addFilter(1007)) - Added filter static_user_filter (class=org.apache.hadoop.http.lib.StaticUserWebFilter$StaticUserFilter) to context hddsDatanode
2022-10-30 01:06:28,227 [Listener at 127.0.0.1/42013] INFO  http.HttpServer2 (HttpServer2.java:addFilter(1015)) - Added filter static_user_filter (class=org.apache.hadoop.http.lib.StaticUserWebFilter$StaticUserFilter) to context logs
2022-10-30 01:06:28,227 [Listener at 127.0.0.1/42013] INFO  http.HttpServer2 (HttpServer2.java:addFilter(1015)) - Added filter static_user_filter (class=org.apache.hadoop.http.lib.StaticUserWebFilter$StaticUserFilter) to context static
2022-10-30 01:06:28,227 [Listener at 127.0.0.1/42013] INFO  http.HttpServer2 (HttpServer2.java:bindListener(1250)) - Jetty bound to port 35033
2022-10-30 01:06:28,227 [Listener at 127.0.0.1/42013] INFO  server.Server (Server.java:doStart(375)) - jetty-9.4.49.v20220914; built: 2022-09-14T01:07:36.601Z; git: 4231a3b2e4cb8548a412a789936d640a97b1aa0a; jvm 1.8.0_345-b01
2022-10-30 01:06:28,228 [Listener at 127.0.0.1/42013] INFO  server.session (DefaultSessionIdManager.java:doStart(334)) - DefaultSessionIdManager workerName=node0
2022-10-30 01:06:28,229 [Listener at 127.0.0.1/42013] INFO  server.session (DefaultSessionIdManager.java:doStart(339)) - No SessionScavenger set, using defaults
2022-10-30 01:06:28,229 [Listener at 127.0.0.1/42013] INFO  server.session (HouseKeeper.java:startScavenging(132)) - node0 Scavenging every 600000ms
2022-10-30 01:06:28,230 [Listener at 127.0.0.1/42013] INFO  handler.ContextHandler (ContextHandler.java:doStart(921)) - Started o.e.j.s.ServletContextHandler@719e1c26{logs,/logs,file:///home/runner/work/ozone/ozone/hadoop-ozone/integration-test/target/log,AVAILABLE}
2022-10-30 01:06:28,230 [Listener at 127.0.0.1/42013] INFO  handler.ContextHandler (ContextHandler.java:doStart(921)) - Started o.e.j.s.ServletContextHandler@55dea9a4{static,/static,jar:file:/home/runner/.m2/repository/org/apache/ozone/hdds-container-service/1.3.0-SNAPSHOT/hdds-container-service-1.3.0-SNAPSHOT.jar!/webapps/static,AVAILABLE}
2022-10-30 01:06:28,400 [Listener at 127.0.0.1/42013] INFO  handler.ContextHandler (ContextHandler.java:doStart(921)) - Started o.e.j.w.WebAppContext@3f72126c{hddsDatanode,/,file:///tmp/jetty-0_0_0_0-35033-hdds-container-service-1_3_0-SNAPSHOT_jar-_-any-2587577860766071874/webapp/,AVAILABLE}{jar:file:/home/runner/.m2/repository/org/apache/ozone/hdds-container-service/1.3.0-SNAPSHOT/hdds-container-service-1.3.0-SNAPSHOT.jar!/webapps/hddsDatanode}
2022-10-30 01:06:28,401 [Listener at 127.0.0.1/42013] INFO  server.AbstractConnector (AbstractConnector.java:doStart(333)) - Started ServerConnector@79cb6e98{HTTP/1.1, (http/1.1)}{0.0.0.0:35033}
2022-10-30 01:06:28,402 [Listener at 127.0.0.1/42013] INFO  server.Server (Server.java:doStart(415)) - Started @10025ms
2022-10-30 01:06:28,402 [Listener at 127.0.0.1/42013] WARN  impl.MetricsSystemImpl (MetricsSystemImpl.java:register(279)) - Sink prometheus already exists!
2022-10-30 01:06:28,402 [Listener at 127.0.0.1/42013] INFO  http.BaseHttpServer (BaseHttpServer.java:updateConnectorAddress(333)) - HTTP server of hddsDatanode listening at http://0.0.0.0:35033
2022-10-30 01:06:28,403 [Listener at 127.0.0.1/42013] WARN  impl.MetricRegistriesImpl (MetricRegistriesImpl.java:addReporterRegistration(111)) - New reporters are added after registries were created. Some metrics will be missing from the reporter. Please add reporter before adding any new registry.
2022-10-30 01:06:28,403 [Listener at 127.0.0.1/42013] WARN  impl.MetricRegistriesImpl (MetricRegistriesImpl.java:addReporterRegistration(111)) - New reporters are added after registries were created. Some metrics will be missing from the reporter. Please add reporter before adding any new registry.
2022-10-30 01:06:28,403 [Listener at 127.0.0.1/42013] INFO  impl.MetricsSystemImpl (MetricsSystemImpl.java:init(158)) - HddsDatanode metrics system started (again)
2022-10-30 01:06:28,403 [Datanode State Machine Daemon Thread] INFO  statemachine.DatanodeStateMachine (DatanodeStateMachine.java:lambda$startDaemon$0(505)) - Ozone container server started.
2022-10-30 01:06:28,414 [Listener at 127.0.0.1/42013] INFO  ozone.HddsDatanodeService (HddsDatanodeService.java:start(236)) - HddsDatanodeService host:fv-az99-422.euuzywwtp3iu5l5aj42nbmzodg.gx.internal.cloudapp.net ip:10.1.0.11
2022-10-30 01:06:28,415 [org.apache.hadoop.util.JvmPauseMonitor$Monitor@3558e894] INFO  util.JvmPauseMonitor (JvmPauseMonitor.java:run(188)) - Starting JVM pause monitor
2022-10-30 01:06:28,420 [Datanode State Machine Task Thread - 0] INFO  datanode.InitDatanodeState (InitDatanodeState.java:persistContainerDatanodeDetails(138)) - DatanodeDetails is persisted to /home/runner/work/ozone/ozone/hadoop-ozone/integration-test/target/test-dir/MiniOzoneClusterImpl-d77d6c10-3d51-4ae5-b04b-b5f3d2f20a3f/datanode-7/meta/datanode.id
2022-10-30 01:06:28,433 [Listener at 127.0.0.1/42013] INFO  upgrade.AbstractLayoutVersionManager (AbstractLayoutVersionManager.java:init(83)) - Initializing Layout version manager with metadata layout = DATANODE_SCHEMA_V3 (version = 4), software layout = DATANODE_SCHEMA_V3 (version = 4)
2022-10-30 01:06:28,465 [EndpointStateMachine task thread for /0.0.0.0:35291 - 0 ] INFO  volume.HddsVolume (HddsVolume.java:createDbStore(307)) - SchemaV3 db is created and loaded at /home/runner/work/ozone/ozone/hadoop-ozone/integration-test/target/test-dir/MiniOzoneClusterImpl-d77d6c10-3d51-4ae5-b04b-b5f3d2f20a3f/datanode-1/data-0/containers/hdds/d77d6c10-3d51-4ae5-b04b-b5f3d2f20a3f/DS-37933976-eba1-4c13-82f7-2f5f87afc381/container.db for volume DS-37933976-eba1-4c13-82f7-2f5f87afc381
2022-10-30 01:06:28,466 [EndpointStateMachine task thread for /0.0.0.0:35291 - 0 ] INFO  volume.HddsVolume (HddsVolume.java:closeDbStore(338)) - SchemaV3 db is stopped at /home/runner/work/ozone/ozone/hadoop-ozone/integration-test/target/test-dir/MiniOzoneClusterImpl-d77d6c10-3d51-4ae5-b04b-b5f3d2f20a3f/datanode-1/data-0/containers/hdds/d77d6c10-3d51-4ae5-b04b-b5f3d2f20a3f/DS-37933976-eba1-4c13-82f7-2f5f87afc381/container.db for volume DS-37933976-eba1-4c13-82f7-2f5f87afc381
2022-10-30 01:06:28,466 [EndpointStateMachine task thread for /0.0.0.0:35291 - 0 ] INFO  ozoneimpl.OzoneContainer (OzoneContainer.java:start(378)) - Attempting to start container services.
2022-10-30 01:06:28,467 [EndpointStateMachine task thread for /0.0.0.0:35291 - 0 ] INFO  ozoneimpl.OzoneContainer (OzoneContainer.java:startContainerScrub(313)) - Background container scanner has been disabled.
2022-10-30 01:06:28,474 [EndpointStateMachine task thread for /0.0.0.0:35291 - 0 ] INFO  replication.ReplicationServer (ReplicationServer.java:start(111)) - ReplicationServer is started using port 33115
2022-10-30 01:06:28,475 [EndpointStateMachine task thread for /0.0.0.0:35291 - 0 ] INFO  ratis.XceiverServerRatis (XceiverServerRatis.java:start(481)) - Starting XceiverServerRatis db967a0c-fd65-4f5b-99fe-08eeaf937185
2022-10-30 01:06:28,476 [EndpointStateMachine task thread for /0.0.0.0:35291 - 0 ] INFO  server.RaftServer (RaftServerProxy.java:startImpl(393)) - db967a0c-fd65-4f5b-99fe-08eeaf937185: start RPC server
2022-10-30 01:06:28,486 [EndpointStateMachine task thread for /0.0.0.0:35291 - 0 ] INFO  server.GrpcService (GrpcService.java:startImpl(270)) - db967a0c-fd65-4f5b-99fe-08eeaf937185: GrpcService started, listening on 46009
2022-10-30 01:06:28,486 [EndpointStateMachine task thread for /0.0.0.0:35291 - 0 ] INFO  ratis.XceiverServerRatis (XceiverServerRatis.java:getRealPort(502)) - XceiverServerRatis db967a0c-fd65-4f5b-99fe-08eeaf937185 is started using port 46009 for RATIS
2022-10-30 01:06:28,486 [EndpointStateMachine task thread for /0.0.0.0:35291 - 0 ] INFO  ratis.XceiverServerRatis (XceiverServerRatis.java:getRealPort(502)) - XceiverServerRatis db967a0c-fd65-4f5b-99fe-08eeaf937185 is started using port 46009 for RATIS_ADMIN
2022-10-30 01:06:28,486 [EndpointStateMachine task thread for /0.0.0.0:35291 - 0 ] INFO  ratis.XceiverServerRatis (XceiverServerRatis.java:getRealPort(502)) - XceiverServerRatis db967a0c-fd65-4f5b-99fe-08eeaf937185 is started using port 46009 for RATIS_SERVER
2022-10-30 01:06:28,486 [JvmPauseMonitor2] INFO  util.JvmPauseMonitor (JvmPauseMonitor.java:run(105)) - JvmPauseMonitor-db967a0c-fd65-4f5b-99fe-08eeaf937185: Started
2022-10-30 01:06:28,492 [Listener at 127.0.0.1/42013] INFO  reflections.Reflections (Reflections.java:scan(232)) - Reflections took 58 ms to scan 7 urls, producing 136 keys and 331 values 
2022-10-30 01:06:28,493 [Listener at 127.0.0.1/42013] INFO  statemachine.DatanodeStateMachine (DatanodeStateMachine.java:getEndPointTaskThreadPoolSize(245)) - Datanode State Machine Task Thread Pool size 2
2022-10-30 01:06:28,494 [Listener at 127.0.0.1/42013] INFO  volume.HddsVolume (HddsVolume.java:<init>(117)) - Creating HddsVolume: /home/runner/work/ozone/ozone/hadoop-ozone/integration-test/target/test-dir/MiniOzoneClusterImpl-d77d6c10-3d51-4ae5-b04b-b5f3d2f20a3f/datanode-8/data-0/containers/hdds of storage type : DISK capacity : 9223372036854775807
2022-10-30 01:06:28,495 [Listener at 127.0.0.1/42013] INFO  volume.MutableVolumeSet (MutableVolumeSet.java:initializeVolumeSet(174)) - Added Volume : /home/runner/work/ozone/ozone/hadoop-ozone/integration-test/target/test-dir/MiniOzoneClusterImpl-d77d6c10-3d51-4ae5-b04b-b5f3d2f20a3f/datanode-8/data-0/containers/hdds to VolumeSet
2022-10-30 01:06:28,495 [Listener at 127.0.0.1/42013] INFO  volume.ThrottledAsyncChecker (ThrottledAsyncChecker.java:schedule(141)) - Scheduling a check for /home/runner/work/ozone/ozone/hadoop-ozone/integration-test/target/test-dir/MiniOzoneClusterImpl-d77d6c10-3d51-4ae5-b04b-b5f3d2f20a3f/datanode-8/data-0/containers/hdds
2022-10-30 01:06:28,502 [Listener at 127.0.0.1/42013] INFO  volume.StorageVolumeChecker (StorageVolumeChecker.java:checkAllVolumes(202)) - Scheduled health check for volume /home/runner/work/ozone/ozone/hadoop-ozone/integration-test/target/test-dir/MiniOzoneClusterImpl-d77d6c10-3d51-4ae5-b04b-b5f3d2f20a3f/datanode-8/data-0/containers/hdds
2022-10-30 01:06:28,507 [EndpointStateMachine task thread for /0.0.0.0:35291 - 0 ] INFO  server.XceiverServerGrpc (XceiverServerGrpc.java:start(180)) - XceiverServerGrpc db967a0c-fd65-4f5b-99fe-08eeaf937185 is started using port 42087
2022-10-30 01:06:28,519 [Listener at 127.0.0.1/42013] INFO  volume.MutableVolumeSet (MutableVolumeSet.java:initializeVolumeSet(174)) - Added Volume : /home/runner/work/ozone/ozone/hadoop-ozone/integration-test/target/test-dir/MiniOzoneClusterImpl-d77d6c10-3d51-4ae5-b04b-b5f3d2f20a3f/datanode-8/data/ratis to VolumeSet
2022-10-30 01:06:28,519 [Listener at 127.0.0.1/42013] INFO  volume.ThrottledAsyncChecker (ThrottledAsyncChecker.java:schedule(141)) - Scheduling a check for /home/runner/work/ozone/ozone/hadoop-ozone/integration-test/target/test-dir/MiniOzoneClusterImpl-d77d6c10-3d51-4ae5-b04b-b5f3d2f20a3f/datanode-8/data/ratis
2022-10-30 01:06:28,519 [Listener at 127.0.0.1/42013] INFO  volume.StorageVolumeChecker (StorageVolumeChecker.java:checkAllVolumes(202)) - Scheduled health check for volume /home/runner/work/ozone/ozone/hadoop-ozone/integration-test/target/test-dir/MiniOzoneClusterImpl-d77d6c10-3d51-4ae5-b04b-b5f3d2f20a3f/datanode-8/data/ratis
2022-10-30 01:06:28,530 [Thread-253] INFO  ozoneimpl.ContainerReader (ContainerReader.java:readVolume(175)) - Finish verifying containers on volume /home/runner/work/ozone/ozone/hadoop-ozone/integration-test/target/test-dir/MiniOzoneClusterImpl-d77d6c10-3d51-4ae5-b04b-b5f3d2f20a3f/datanode-8/data-0/containers/hdds
2022-10-30 01:06:28,530 [Listener at 127.0.0.1/42013] INFO  ozoneimpl.OzoneContainer (OzoneContainer.java:buildContainerSet(300)) - Build ContainerSet costs 0s
2022-10-30 01:06:28,533 [Listener at 127.0.0.1/42013] INFO  server.RaftServer (ConfUtils.java:logGet(46)) - raft.rpc.type = GRPC (default)
2022-10-30 01:06:28,533 [Listener at 127.0.0.1/42013] INFO  grpc.GrpcConfigKeys (ConfUtils.java:logFallback(53)) - raft.grpc.admin.host = null (fallback to raft.grpc.server.host)
2022-10-30 01:06:28,533 [Listener at 127.0.0.1/42013] INFO  grpc.GrpcConfigKeys (ConfUtils.java:logGet(46)) - raft.grpc.admin.port = 0 (custom)
2022-10-30 01:06:28,533 [Listener at 127.0.0.1/42013] INFO  grpc.GrpcConfigKeys (ConfUtils.java:logFallback(53)) - raft.grpc.client.host = null (fallback to raft.grpc.server.host)
2022-10-30 01:06:28,533 [Listener at 127.0.0.1/42013] INFO  grpc.GrpcConfigKeys (ConfUtils.java:logGet(46)) - raft.grpc.client.port = 0 (custom)
2022-10-30 01:06:28,533 [Listener at 127.0.0.1/42013] INFO  grpc.GrpcConfigKeys (ConfUtils.java:logGet(46)) - raft.grpc.server.host = null (default)
2022-10-30 01:06:28,535 [Listener at 127.0.0.1/42013] INFO  grpc.GrpcConfigKeys (ConfUtils.java:logGet(46)) - raft.grpc.server.port = 0 (default)
2022-10-30 01:06:28,535 [Listener at 127.0.0.1/42013] INFO  server.GrpcService (ConfUtils.java:logGet(46)) - raft.grpc.message.size.max = 32MB (=33554432) (custom)
2022-10-30 01:06:28,535 [Listener at 127.0.0.1/42013] INFO  server.RaftServerConfigKeys (ConfUtils.java:logGet(46)) - raft.server.log.appender.buffer.byte-limit = 33554432 (custom)
2022-10-30 01:06:28,535 [Listener at 127.0.0.1/42013] INFO  server.GrpcService (ConfUtils.java:logGet(46)) - raft.grpc.flow.control.window = 5MB (=5242880) (custom)
2022-10-30 01:06:28,536 [Listener at 127.0.0.1/42013] INFO  server.RaftServerConfigKeys (ConfUtils.java:logGet(46)) - raft.server.rpc.request.timeout = 60s (custom)
2022-10-30 01:06:28,536 [Listener at 127.0.0.1/42013] INFO  grpc.GrpcConfigKeys (ConfUtils.java:logGet(46)) - raft.grpc.server.heartbeat.channel = true (default)
2022-10-30 01:06:28,536 [Listener at 127.0.0.1/42013] INFO  grpc.GrpcConfigKeys (ConfUtils.java:logGet(46)) - raft.grpc.server.async.request.thread.pool.cached = true (default)
2022-10-30 01:06:28,536 [Listener at 127.0.0.1/42013] INFO  grpc.GrpcConfigKeys (ConfUtils.java:logGet(46)) - raft.grpc.server.async.request.thread.pool.size = 32 (default)
2022-10-30 01:06:28,537 [Listener at 127.0.0.1/42013] INFO  impl.DataStreamServerImpl (ConfUtils.java:logGet(46)) - raft.datastream.type = DISABLED (default)
2022-10-30 01:06:28,537 [Listener at 127.0.0.1/42013] INFO  server.RaftServerConfigKeys (ConfUtils.java:logGet(46)) - raft.server.threadpool.proxy.cached = true (default)
2022-10-30 01:06:28,537 [Listener at 127.0.0.1/42013] INFO  server.RaftServerConfigKeys (ConfUtils.java:logGet(46)) - raft.server.threadpool.proxy.size = 0 (default)
2022-10-30 01:06:28,537 [Listener at 127.0.0.1/42013] INFO  server.RaftServerConfigKeys (ConfUtils.java:logGet(46)) - raft.server.rpc.slowness.timeout = 300s (custom)
2022-10-30 01:06:28,537 [Listener at 127.0.0.1/42013] INFO  server.RaftServerConfigKeys (ConfUtils.java:logGet(46)) - raft.server.leaderelection.leader.step-down.wait-time = 10s (default)
2022-10-30 01:06:28,538 [Listener at 127.0.0.1/42013] INFO  server.RaftServerConfigKeys (ConfUtils.java:logGet(46)) - raft.server.storage.dir = [/home/runner/work/ozone/ozone/hadoop-ozone/integration-test/target/test-dir/MiniOzoneClusterImpl-d77d6c10-3d51-4ae5-b04b-b5f3d2f20a3f/datanode-8/data/ratis] (custom)
2022-10-30 01:06:28,539 [Listener at 127.0.0.1/42013] INFO  server.XceiverServerGrpc (XceiverServerGrpc.java:<init>(132)) - GrpcServer channel type EpollServerSocketChannel
2022-10-30 01:06:28,543 [Listener at 127.0.0.1/42013] INFO  http.BaseHttpServer (BaseHttpServer.java:newHttpServer2BuilderForOzone(213)) - Starting Web-server for hddsDatanode at: http://0.0.0.0:0
2022-10-30 01:06:28,543 [Listener at 127.0.0.1/42013] INFO  http.BaseHttpServer (BaseHttpServer.java:<init>(108)) - Hadoop Security Enabled: false Ozone Security Enabled: false Ozone HTTP Security Enabled: false 
2022-10-30 01:06:28,544 [Listener at 127.0.0.1/42013] WARN  server.AuthenticationFilter (AuthenticationFilter.java:constructSecretProvider(240)) - Unable to initialize FileSignerSecretProvider, falling back to use random secrets. Reason: Could not read signature secret file: /home/runner/hadoop-http-auth-signature-secret
2022-10-30 01:06:28,545 [Listener at 127.0.0.1/42013] WARN  http.HttpRequestLog (HttpRequestLog.java:getRequestLog(103)) - Jetty request log can only be enabled using Log4j
2022-10-30 01:06:28,546 [Listener at 127.0.0.1/42013] INFO  http.HttpServer2 (HttpServer2.java:addGlobalFilter(1031)) - Added global filter 'safety' (class=org.apache.hadoop.hdds.server.http.HttpServer2$QuotingInputFilter)
2022-10-30 01:06:28,547 [Listener at 127.0.0.1/42013] INFO  http.HttpServer2 (HttpServer2.java:addFilter(1007)) - Added filter static_user_filter (class=org.apache.hadoop.http.lib.StaticUserWebFilter$StaticUserFilter) to context hddsDatanode
2022-10-30 01:06:28,547 [Listener at 127.0.0.1/42013] INFO  http.HttpServer2 (HttpServer2.java:addFilter(1015)) - Added filter static_user_filter (class=org.apache.hadoop.http.lib.StaticUserWebFilter$StaticUserFilter) to context static
2022-10-30 01:06:28,547 [Listener at 127.0.0.1/42013] INFO  http.HttpServer2 (HttpServer2.java:addFilter(1015)) - Added filter static_user_filter (class=org.apache.hadoop.http.lib.StaticUserWebFilter$StaticUserFilter) to context logs
2022-10-30 01:06:28,547 [Listener at 127.0.0.1/42013] INFO  http.HttpServer2 (HttpServer2.java:bindListener(1250)) - Jetty bound to port 38905
2022-10-30 01:06:28,547 [Listener at 127.0.0.1/42013] INFO  server.Server (Server.java:doStart(375)) - jetty-9.4.49.v20220914; built: 2022-09-14T01:07:36.601Z; git: 4231a3b2e4cb8548a412a789936d640a97b1aa0a; jvm 1.8.0_345-b01
2022-10-30 01:06:28,549 [Listener at 127.0.0.1/42013] INFO  server.session (DefaultSessionIdManager.java:doStart(334)) - DefaultSessionIdManager workerName=node0
2022-10-30 01:06:28,549 [Listener at 127.0.0.1/42013] INFO  server.session (DefaultSessionIdManager.java:doStart(339)) - No SessionScavenger set, using defaults
2022-10-30 01:06:28,550 [Listener at 127.0.0.1/42013] INFO  server.session (HouseKeeper.java:startScavenging(132)) - node0 Scavenging every 600000ms
2022-10-30 01:06:28,550 [Listener at 127.0.0.1/42013] INFO  handler.ContextHandler (ContextHandler.java:doStart(921)) - Started o.e.j.s.ServletContextHandler@579612f8{logs,/logs,file:///home/runner/work/ozone/ozone/hadoop-ozone/integration-test/target/log,AVAILABLE}
2022-10-30 01:06:28,551 [Listener at 127.0.0.1/42013] INFO  handler.ContextHandler (ContextHandler.java:doStart(921)) - Started o.e.j.s.ServletContextHandler@45a7770d{static,/static,jar:file:/home/runner/.m2/repository/org/apache/ozone/hdds-container-service/1.3.0-SNAPSHOT/hdds-container-service-1.3.0-SNAPSHOT.jar!/webapps/static,AVAILABLE}
2022-10-30 01:06:28,729 [Listener at 127.0.0.1/42013] INFO  handler.ContextHandler (ContextHandler.java:doStart(921)) - Started o.e.j.w.WebAppContext@4fcbf387{hddsDatanode,/,file:///tmp/jetty-0_0_0_0-38905-hdds-container-service-1_3_0-SNAPSHOT_jar-_-any-7630027181284017863/webapp/,AVAILABLE}{jar:file:/home/runner/.m2/repository/org/apache/ozone/hdds-container-service/1.3.0-SNAPSHOT/hdds-container-service-1.3.0-SNAPSHOT.jar!/webapps/hddsDatanode}
2022-10-30 01:06:28,731 [Listener at 127.0.0.1/42013] INFO  server.AbstractConnector (AbstractConnector.java:doStart(333)) - Started ServerConnector@5d0c5251{HTTP/1.1, (http/1.1)}{0.0.0.0:38905}
2022-10-30 01:06:28,731 [Listener at 127.0.0.1/42013] INFO  server.Server (Server.java:doStart(415)) - Started @10355ms
2022-10-30 01:06:28,731 [Listener at 127.0.0.1/42013] WARN  impl.MetricsSystemImpl (MetricsSystemImpl.java:register(279)) - Sink prometheus already exists!
2022-10-30 01:06:28,731 [Listener at 127.0.0.1/42013] INFO  http.BaseHttpServer (BaseHttpServer.java:updateConnectorAddress(333)) - HTTP server of hddsDatanode listening at http://0.0.0.0:38905
2022-10-30 01:06:28,734 [Listener at 127.0.0.1/42013] WARN  impl.MetricRegistriesImpl (MetricRegistriesImpl.java:addReporterRegistration(111)) - New reporters are added after registries were created. Some metrics will be missing from the reporter. Please add reporter before adding any new registry.
2022-10-30 01:06:28,734 [Listener at 127.0.0.1/42013] WARN  impl.MetricRegistriesImpl (MetricRegistriesImpl.java:addReporterRegistration(111)) - New reporters are added after registries were created. Some metrics will be missing from the reporter. Please add reporter before adding any new registry.
2022-10-30 01:06:28,734 [Listener at 127.0.0.1/42013] INFO  impl.MetricsSystemImpl (MetricsSystemImpl.java:init(158)) - HddsDatanode metrics system started (again)
2022-10-30 01:06:28,741 [Datanode State Machine Daemon Thread] INFO  statemachine.DatanodeStateMachine (DatanodeStateMachine.java:lambda$startDaemon$0(505)) - Ozone container server started.
2022-10-30 01:06:28,753 [Listener at 127.0.0.1/42013] INFO  ozone.HddsDatanodeService (HddsDatanodeService.java:start(236)) - HddsDatanodeService host:fv-az99-422.euuzywwtp3iu5l5aj42nbmzodg.gx.internal.cloudapp.net ip:10.1.0.11
2022-10-30 01:06:28,756 [org.apache.hadoop.util.JvmPauseMonitor$Monitor@315368a6] INFO  util.JvmPauseMonitor (JvmPauseMonitor.java:run(188)) - Starting JVM pause monitor
2022-10-30 01:06:28,779 [Datanode State Machine Task Thread - 0] INFO  datanode.InitDatanodeState (InitDatanodeState.java:persistContainerDatanodeDetails(138)) - DatanodeDetails is persisted to /home/runner/work/ozone/ozone/hadoop-ozone/integration-test/target/test-dir/MiniOzoneClusterImpl-d77d6c10-3d51-4ae5-b04b-b5f3d2f20a3f/datanode-8/meta/datanode.id
2022-10-30 01:06:28,800 [Listener at 127.0.0.1/42013] INFO  upgrade.AbstractLayoutVersionManager (AbstractLayoutVersionManager.java:init(83)) - Initializing Layout version manager with metadata layout = DATANODE_SCHEMA_V3 (version = 4), software layout = DATANODE_SCHEMA_V3 (version = 4)
2022-10-30 01:06:28,815 [EndpointStateMachine task thread for /0.0.0.0:35291 - 0 ] INFO  volume.HddsVolume (HddsVolume.java:createDbStore(307)) - SchemaV3 db is created and loaded at /home/runner/work/ozone/ozone/hadoop-ozone/integration-test/target/test-dir/MiniOzoneClusterImpl-d77d6c10-3d51-4ae5-b04b-b5f3d2f20a3f/datanode-2/data-0/containers/hdds/d77d6c10-3d51-4ae5-b04b-b5f3d2f20a3f/DS-3d480b4e-45bf-426f-a00e-34e44351fc0c/container.db for volume DS-3d480b4e-45bf-426f-a00e-34e44351fc0c
2022-10-30 01:06:28,837 [EndpointStateMachine task thread for /0.0.0.0:35291 - 0 ] INFO  volume.HddsVolume (HddsVolume.java:closeDbStore(338)) - SchemaV3 db is stopped at /home/runner/work/ozone/ozone/hadoop-ozone/integration-test/target/test-dir/MiniOzoneClusterImpl-d77d6c10-3d51-4ae5-b04b-b5f3d2f20a3f/datanode-2/data-0/containers/hdds/d77d6c10-3d51-4ae5-b04b-b5f3d2f20a3f/DS-3d480b4e-45bf-426f-a00e-34e44351fc0c/container.db for volume DS-3d480b4e-45bf-426f-a00e-34e44351fc0c
2022-10-30 01:06:28,837 [EndpointStateMachine task thread for /0.0.0.0:35291 - 0 ] INFO  ozoneimpl.OzoneContainer (OzoneContainer.java:start(378)) - Attempting to start container services.
2022-10-30 01:06:28,837 [EndpointStateMachine task thread for /0.0.0.0:35291 - 0 ] INFO  ozoneimpl.OzoneContainer (OzoneContainer.java:startContainerScrub(313)) - Background container scanner has been disabled.
2022-10-30 01:06:28,842 [EndpointStateMachine task thread for /0.0.0.0:35291 - 0 ] INFO  replication.ReplicationServer (ReplicationServer.java:start(111)) - ReplicationServer is started using port 39237
2022-10-30 01:06:28,842 [EndpointStateMachine task thread for /0.0.0.0:35291 - 0 ] INFO  ratis.XceiverServerRatis (XceiverServerRatis.java:start(481)) - Starting XceiverServerRatis 7f2965ec-2a1d-4c0b-a486-0150db937947
2022-10-30 01:06:28,864 [Listener at 127.0.0.1/42013] INFO  reflections.Reflections (Reflections.java:scan(232)) - Reflections took 63 ms to scan 7 urls, producing 136 keys and 331 values 
2022-10-30 01:06:28,866 [Listener at 127.0.0.1/42013] INFO  statemachine.DatanodeStateMachine (DatanodeStateMachine.java:getEndPointTaskThreadPoolSize(245)) - Datanode State Machine Task Thread Pool size 2
2022-10-30 01:06:28,866 [EndpointStateMachine task thread for /0.0.0.0:35291 - 0 ] INFO  server.RaftServer (RaftServerProxy.java:startImpl(393)) - 7f2965ec-2a1d-4c0b-a486-0150db937947: start RPC server
2022-10-30 01:06:28,883 [Listener at 127.0.0.1/42013] INFO  volume.HddsVolume (HddsVolume.java:<init>(117)) - Creating HddsVolume: /home/runner/work/ozone/ozone/hadoop-ozone/integration-test/target/test-dir/MiniOzoneClusterImpl-d77d6c10-3d51-4ae5-b04b-b5f3d2f20a3f/datanode-9/data-0/containers/hdds of storage type : DISK capacity : 9223372036854775807
2022-10-30 01:06:28,883 [Listener at 127.0.0.1/42013] INFO  volume.MutableVolumeSet (MutableVolumeSet.java:initializeVolumeSet(174)) - Added Volume : /home/runner/work/ozone/ozone/hadoop-ozone/integration-test/target/test-dir/MiniOzoneClusterImpl-d77d6c10-3d51-4ae5-b04b-b5f3d2f20a3f/datanode-9/data-0/containers/hdds to VolumeSet
2022-10-30 01:06:28,883 [Listener at 127.0.0.1/42013] INFO  volume.ThrottledAsyncChecker (ThrottledAsyncChecker.java:schedule(141)) - Scheduling a check for /home/runner/work/ozone/ozone/hadoop-ozone/integration-test/target/test-dir/MiniOzoneClusterImpl-d77d6c10-3d51-4ae5-b04b-b5f3d2f20a3f/datanode-9/data-0/containers/hdds
2022-10-30 01:06:28,884 [Listener at 127.0.0.1/42013] INFO  volume.StorageVolumeChecker (StorageVolumeChecker.java:checkAllVolumes(202)) - Scheduled health check for volume /home/runner/work/ozone/ozone/hadoop-ozone/integration-test/target/test-dir/MiniOzoneClusterImpl-d77d6c10-3d51-4ae5-b04b-b5f3d2f20a3f/datanode-9/data-0/containers/hdds
2022-10-30 01:06:28,889 [EndpointStateMachine task thread for /0.0.0.0:35291 - 0 ] INFO  server.GrpcService (GrpcService.java:startImpl(270)) - 7f2965ec-2a1d-4c0b-a486-0150db937947: GrpcService started, listening on 43977
2022-10-30 01:06:28,890 [EndpointStateMachine task thread for /0.0.0.0:35291 - 0 ] INFO  ratis.XceiverServerRatis (XceiverServerRatis.java:getRealPort(502)) - XceiverServerRatis 7f2965ec-2a1d-4c0b-a486-0150db937947 is started using port 43977 for RATIS
2022-10-30 01:06:28,890 [EndpointStateMachine task thread for /0.0.0.0:35291 - 0 ] INFO  ratis.XceiverServerRatis (XceiverServerRatis.java:getRealPort(502)) - XceiverServerRatis 7f2965ec-2a1d-4c0b-a486-0150db937947 is started using port 43977 for RATIS_ADMIN
2022-10-30 01:06:28,890 [EndpointStateMachine task thread for /0.0.0.0:35291 - 0 ] INFO  ratis.XceiverServerRatis (XceiverServerRatis.java:getRealPort(502)) - XceiverServerRatis 7f2965ec-2a1d-4c0b-a486-0150db937947 is started using port 43977 for RATIS_SERVER
2022-10-30 01:06:28,890 [JvmPauseMonitor3] INFO  util.JvmPauseMonitor (JvmPauseMonitor.java:run(105)) - JvmPauseMonitor-7f2965ec-2a1d-4c0b-a486-0150db937947: Started
2022-10-30 01:06:28,906 [Listener at 127.0.0.1/42013] INFO  volume.MutableVolumeSet (MutableVolumeSet.java:initializeVolumeSet(174)) - Added Volume : /home/runner/work/ozone/ozone/hadoop-ozone/integration-test/target/test-dir/MiniOzoneClusterImpl-d77d6c10-3d51-4ae5-b04b-b5f3d2f20a3f/datanode-9/data/ratis to VolumeSet
2022-10-30 01:06:28,907 [Listener at 127.0.0.1/42013] INFO  volume.ThrottledAsyncChecker (ThrottledAsyncChecker.java:schedule(141)) - Scheduling a check for /home/runner/work/ozone/ozone/hadoop-ozone/integration-test/target/test-dir/MiniOzoneClusterImpl-d77d6c10-3d51-4ae5-b04b-b5f3d2f20a3f/datanode-9/data/ratis
2022-10-30 01:06:28,907 [Listener at 127.0.0.1/42013] INFO  volume.StorageVolumeChecker (StorageVolumeChecker.java:checkAllVolumes(202)) - Scheduled health check for volume /home/runner/work/ozone/ozone/hadoop-ozone/integration-test/target/test-dir/MiniOzoneClusterImpl-d77d6c10-3d51-4ae5-b04b-b5f3d2f20a3f/datanode-9/data/ratis
2022-10-30 01:06:28,934 [EndpointStateMachine task thread for /0.0.0.0:35291 - 0 ] INFO  server.XceiverServerGrpc (XceiverServerGrpc.java:start(180)) - XceiverServerGrpc 7f2965ec-2a1d-4c0b-a486-0150db937947 is started using port 40797
2022-10-30 01:06:28,934 [Thread-267] INFO  ozoneimpl.ContainerReader (ContainerReader.java:readVolume(175)) - Finish verifying containers on volume /home/runner/work/ozone/ozone/hadoop-ozone/integration-test/target/test-dir/MiniOzoneClusterImpl-d77d6c10-3d51-4ae5-b04b-b5f3d2f20a3f/datanode-9/data-0/containers/hdds
2022-10-30 01:06:28,934 [Listener at 127.0.0.1/42013] INFO  ozoneimpl.OzoneContainer (OzoneContainer.java:buildContainerSet(300)) - Build ContainerSet costs 0s
2022-10-30 01:06:28,938 [Listener at 127.0.0.1/42013] INFO  server.RaftServer (ConfUtils.java:logGet(46)) - raft.rpc.type = GRPC (default)
2022-10-30 01:06:28,939 [Listener at 127.0.0.1/42013] INFO  grpc.GrpcConfigKeys (ConfUtils.java:logFallback(53)) - raft.grpc.admin.host = null (fallback to raft.grpc.server.host)
2022-10-30 01:06:28,939 [Listener at 127.0.0.1/42013] INFO  grpc.GrpcConfigKeys (ConfUtils.java:logGet(46)) - raft.grpc.admin.port = 0 (custom)
2022-10-30 01:06:28,939 [Listener at 127.0.0.1/42013] INFO  grpc.GrpcConfigKeys (ConfUtils.java:logFallback(53)) - raft.grpc.client.host = null (fallback to raft.grpc.server.host)
2022-10-30 01:06:28,939 [Listener at 127.0.0.1/42013] INFO  grpc.GrpcConfigKeys (ConfUtils.java:logGet(46)) - raft.grpc.client.port = 0 (custom)
2022-10-30 01:06:28,939 [Listener at 127.0.0.1/42013] INFO  grpc.GrpcConfigKeys (ConfUtils.java:logGet(46)) - raft.grpc.server.host = null (default)
2022-10-30 01:06:28,939 [Listener at 127.0.0.1/42013] INFO  grpc.GrpcConfigKeys (ConfUtils.java:logGet(46)) - raft.grpc.server.port = 0 (default)
2022-10-30 01:06:28,939 [Listener at 127.0.0.1/42013] INFO  server.GrpcService (ConfUtils.java:logGet(46)) - raft.grpc.message.size.max = 32MB (=33554432) (custom)
2022-10-30 01:06:28,939 [Listener at 127.0.0.1/42013] INFO  server.RaftServerConfigKeys (ConfUtils.java:logGet(46)) - raft.server.log.appender.buffer.byte-limit = 33554432 (custom)
2022-10-30 01:06:28,940 [Listener at 127.0.0.1/42013] INFO  server.GrpcService (ConfUtils.java:logGet(46)) - raft.grpc.flow.control.window = 5MB (=5242880) (custom)
2022-10-30 01:06:28,940 [Listener at 127.0.0.1/42013] INFO  server.RaftServerConfigKeys (ConfUtils.java:logGet(46)) - raft.server.rpc.request.timeout = 60s (custom)
2022-10-30 01:06:28,940 [Listener at 127.0.0.1/42013] INFO  grpc.GrpcConfigKeys (ConfUtils.java:logGet(46)) - raft.grpc.server.heartbeat.channel = true (default)
2022-10-30 01:06:28,940 [Listener at 127.0.0.1/42013] INFO  grpc.GrpcConfigKeys (ConfUtils.java:logGet(46)) - raft.grpc.server.async.request.thread.pool.cached = true (default)
2022-10-30 01:06:28,940 [Listener at 127.0.0.1/42013] INFO  grpc.GrpcConfigKeys (ConfUtils.java:logGet(46)) - raft.grpc.server.async.request.thread.pool.size = 32 (default)
2022-10-30 01:06:28,941 [Listener at 127.0.0.1/42013] INFO  impl.DataStreamServerImpl (ConfUtils.java:logGet(46)) - raft.datastream.type = DISABLED (default)
2022-10-30 01:06:28,942 [Listener at 127.0.0.1/42013] INFO  server.RaftServerConfigKeys (ConfUtils.java:logGet(46)) - raft.server.threadpool.proxy.cached = true (default)
2022-10-30 01:06:28,942 [Listener at 127.0.0.1/42013] INFO  server.RaftServerConfigKeys (ConfUtils.java:logGet(46)) - raft.server.threadpool.proxy.size = 0 (default)
2022-10-30 01:06:28,942 [Listener at 127.0.0.1/42013] INFO  server.RaftServerConfigKeys (ConfUtils.java:logGet(46)) - raft.server.rpc.slowness.timeout = 300s (custom)
2022-10-30 01:06:28,942 [Listener at 127.0.0.1/42013] INFO  server.RaftServerConfigKeys (ConfUtils.java:logGet(46)) - raft.server.leaderelection.leader.step-down.wait-time = 10s (default)
2022-10-30 01:06:28,942 [Listener at 127.0.0.1/42013] INFO  server.RaftServerConfigKeys (ConfUtils.java:logGet(46)) - raft.server.storage.dir = [/home/runner/work/ozone/ozone/hadoop-ozone/integration-test/target/test-dir/MiniOzoneClusterImpl-d77d6c10-3d51-4ae5-b04b-b5f3d2f20a3f/datanode-9/data/ratis] (custom)
2022-10-30 01:06:28,943 [Listener at 127.0.0.1/42013] INFO  server.XceiverServerGrpc (XceiverServerGrpc.java:<init>(132)) - GrpcServer channel type EpollServerSocketChannel
2022-10-30 01:06:28,946 [Listener at 127.0.0.1/42013] INFO  http.BaseHttpServer (BaseHttpServer.java:newHttpServer2BuilderForOzone(213)) - Starting Web-server for hddsDatanode at: http://0.0.0.0:0
2022-10-30 01:06:28,946 [Listener at 127.0.0.1/42013] INFO  http.BaseHttpServer (BaseHttpServer.java:<init>(108)) - Hadoop Security Enabled: false Ozone Security Enabled: false Ozone HTTP Security Enabled: false 
2022-10-30 01:06:28,948 [Listener at 127.0.0.1/42013] WARN  server.AuthenticationFilter (AuthenticationFilter.java:constructSecretProvider(240)) - Unable to initialize FileSignerSecretProvider, falling back to use random secrets. Reason: Could not read signature secret file: /home/runner/hadoop-http-auth-signature-secret
2022-10-30 01:06:28,950 [Listener at 127.0.0.1/42013] WARN  http.HttpRequestLog (HttpRequestLog.java:getRequestLog(103)) - Jetty request log can only be enabled using Log4j
2022-10-30 01:06:28,951 [Listener at 127.0.0.1/42013] INFO  http.HttpServer2 (HttpServer2.java:addGlobalFilter(1031)) - Added global filter 'safety' (class=org.apache.hadoop.hdds.server.http.HttpServer2$QuotingInputFilter)
2022-10-30 01:06:28,952 [Listener at 127.0.0.1/42013] INFO  http.HttpServer2 (HttpServer2.java:addFilter(1007)) - Added filter static_user_filter (class=org.apache.hadoop.http.lib.StaticUserWebFilter$StaticUserFilter) to context hddsDatanode
2022-10-30 01:06:28,952 [Listener at 127.0.0.1/42013] INFO  http.HttpServer2 (HttpServer2.java:addFilter(1015)) - Added filter static_user_filter (class=org.apache.hadoop.http.lib.StaticUserWebFilter$StaticUserFilter) to context logs
2022-10-30 01:06:28,953 [Listener at 127.0.0.1/42013] INFO  http.HttpServer2 (HttpServer2.java:addFilter(1015)) - Added filter static_user_filter (class=org.apache.hadoop.http.lib.StaticUserWebFilter$StaticUserFilter) to context static
2022-10-30 01:06:28,953 [Listener at 127.0.0.1/42013] INFO  http.HttpServer2 (HttpServer2.java:bindListener(1250)) - Jetty bound to port 43463
2022-10-30 01:06:28,953 [Listener at 127.0.0.1/42013] INFO  server.Server (Server.java:doStart(375)) - jetty-9.4.49.v20220914; built: 2022-09-14T01:07:36.601Z; git: 4231a3b2e4cb8548a412a789936d640a97b1aa0a; jvm 1.8.0_345-b01
2022-10-30 01:06:28,955 [Listener at 127.0.0.1/42013] INFO  server.session (DefaultSessionIdManager.java:doStart(334)) - DefaultSessionIdManager workerName=node0
2022-10-30 01:06:28,955 [Listener at 127.0.0.1/42013] INFO  server.session (DefaultSessionIdManager.java:doStart(339)) - No SessionScavenger set, using defaults
2022-10-30 01:06:28,955 [Listener at 127.0.0.1/42013] INFO  server.session (HouseKeeper.java:startScavenging(132)) - node0 Scavenging every 600000ms
2022-10-30 01:06:28,956 [Listener at 127.0.0.1/42013] INFO  handler.ContextHandler (ContextHandler.java:doStart(921)) - Started o.e.j.s.ServletContextHandler@15446137{logs,/logs,file:///home/runner/work/ozone/ozone/hadoop-ozone/integration-test/target/log,AVAILABLE}
2022-10-30 01:06:28,957 [Listener at 127.0.0.1/42013] INFO  handler.ContextHandler (ContextHandler.java:doStart(921)) - Started o.e.j.s.ServletContextHandler@7e4ee95b{static,/static,jar:file:/home/runner/.m2/repository/org/apache/ozone/hdds-container-service/1.3.0-SNAPSHOT/hdds-container-service-1.3.0-SNAPSHOT.jar!/webapps/static,AVAILABLE}
2022-10-30 01:06:29,138 [EndpointStateMachine task thread for /0.0.0.0:35291 - 0 ] INFO  volume.HddsVolume (HddsVolume.java:createDbStore(307)) - SchemaV3 db is created and loaded at /home/runner/work/ozone/ozone/hadoop-ozone/integration-test/target/test-dir/MiniOzoneClusterImpl-d77d6c10-3d51-4ae5-b04b-b5f3d2f20a3f/datanode-3/data-0/containers/hdds/d77d6c10-3d51-4ae5-b04b-b5f3d2f20a3f/DS-543b0817-e9a0-413c-8efa-c056cf3c5254/container.db for volume DS-543b0817-e9a0-413c-8efa-c056cf3c5254
2022-10-30 01:06:29,139 [EndpointStateMachine task thread for /0.0.0.0:35291 - 0 ] INFO  volume.HddsVolume (HddsVolume.java:closeDbStore(338)) - SchemaV3 db is stopped at /home/runner/work/ozone/ozone/hadoop-ozone/integration-test/target/test-dir/MiniOzoneClusterImpl-d77d6c10-3d51-4ae5-b04b-b5f3d2f20a3f/datanode-3/data-0/containers/hdds/d77d6c10-3d51-4ae5-b04b-b5f3d2f20a3f/DS-543b0817-e9a0-413c-8efa-c056cf3c5254/container.db for volume DS-543b0817-e9a0-413c-8efa-c056cf3c5254
2022-10-30 01:06:29,139 [EndpointStateMachine task thread for /0.0.0.0:35291 - 0 ] INFO  ozoneimpl.OzoneContainer (OzoneContainer.java:start(378)) - Attempting to start container services.
2022-10-30 01:06:29,139 [EndpointStateMachine task thread for /0.0.0.0:35291 - 0 ] INFO  ozoneimpl.OzoneContainer (OzoneContainer.java:startContainerScrub(313)) - Background container scanner has been disabled.
2022-10-30 01:06:29,142 [EndpointStateMachine task thread for /0.0.0.0:35291 - 0 ] INFO  replication.ReplicationServer (ReplicationServer.java:start(111)) - ReplicationServer is started using port 37555
2022-10-30 01:06:29,142 [EndpointStateMachine task thread for /0.0.0.0:35291 - 0 ] INFO  ratis.XceiverServerRatis (XceiverServerRatis.java:start(481)) - Starting XceiverServerRatis edb0f50d-ef97-4088-a20b-1c61b9a9d6ec
2022-10-30 01:06:29,143 [EndpointStateMachine task thread for /0.0.0.0:35291 - 0 ] INFO  server.RaftServer (RaftServerProxy.java:startImpl(393)) - edb0f50d-ef97-4088-a20b-1c61b9a9d6ec: start RPC server
2022-10-30 01:06:29,147 [EndpointStateMachine task thread for /0.0.0.0:35291 - 0 ] INFO  server.GrpcService (GrpcService.java:startImpl(270)) - edb0f50d-ef97-4088-a20b-1c61b9a9d6ec: GrpcService started, listening on 41147
2022-10-30 01:06:29,150 [EndpointStateMachine task thread for /0.0.0.0:35291 - 0 ] INFO  ratis.XceiverServerRatis (XceiverServerRatis.java:getRealPort(502)) - XceiverServerRatis edb0f50d-ef97-4088-a20b-1c61b9a9d6ec is started using port 41147 for RATIS
2022-10-30 01:06:29,150 [EndpointStateMachine task thread for /0.0.0.0:35291 - 0 ] INFO  ratis.XceiverServerRatis (XceiverServerRatis.java:getRealPort(502)) - XceiverServerRatis edb0f50d-ef97-4088-a20b-1c61b9a9d6ec is started using port 41147 for RATIS_ADMIN
2022-10-30 01:06:29,150 [EndpointStateMachine task thread for /0.0.0.0:35291 - 0 ] INFO  ratis.XceiverServerRatis (XceiverServerRatis.java:getRealPort(502)) - XceiverServerRatis edb0f50d-ef97-4088-a20b-1c61b9a9d6ec is started using port 41147 for RATIS_SERVER
2022-10-30 01:06:29,150 [JvmPauseMonitor4] INFO  util.JvmPauseMonitor (JvmPauseMonitor.java:run(105)) - JvmPauseMonitor-edb0f50d-ef97-4088-a20b-1c61b9a9d6ec: Started
2022-10-30 01:06:29,159 [EndpointStateMachine task thread for /0.0.0.0:35291 - 0 ] INFO  server.XceiverServerGrpc (XceiverServerGrpc.java:start(180)) - XceiverServerGrpc edb0f50d-ef97-4088-a20b-1c61b9a9d6ec is started using port 45487
2022-10-30 01:06:29,188 [Listener at 127.0.0.1/42013] INFO  handler.ContextHandler (ContextHandler.java:doStart(921)) - Started o.e.j.w.WebAppContext@31e4eedd{hddsDatanode,/,file:///tmp/jetty-0_0_0_0-43463-hdds-container-service-1_3_0-SNAPSHOT_jar-_-any-2402597217930760825/webapp/,AVAILABLE}{jar:file:/home/runner/.m2/repository/org/apache/ozone/hdds-container-service/1.3.0-SNAPSHOT/hdds-container-service-1.3.0-SNAPSHOT.jar!/webapps/hddsDatanode}
2022-10-30 01:06:29,190 [Listener at 127.0.0.1/42013] INFO  server.AbstractConnector (AbstractConnector.java:doStart(333)) - Started ServerConnector@6573489c{HTTP/1.1, (http/1.1)}{0.0.0.0:43463}
2022-10-30 01:06:29,191 [Listener at 127.0.0.1/42013] INFO  server.Server (Server.java:doStart(415)) - Started @10814ms
2022-10-30 01:06:29,191 [Listener at 127.0.0.1/42013] WARN  impl.MetricsSystemImpl (MetricsSystemImpl.java:register(279)) - Sink prometheus already exists!
2022-10-30 01:06:29,191 [Listener at 127.0.0.1/42013] INFO  http.BaseHttpServer (BaseHttpServer.java:updateConnectorAddress(333)) - HTTP server of hddsDatanode listening at http://0.0.0.0:43463
2022-10-30 01:06:29,192 [Datanode State Machine Daemon Thread] INFO  statemachine.DatanodeStateMachine (DatanodeStateMachine.java:lambda$startDaemon$0(505)) - Ozone container server started.
2022-10-30 01:06:29,194 [Listener at 127.0.0.1/42013] INFO  ozone.MiniOzoneClusterImpl (MiniOzoneClusterImpl.java:lambda$waitForClusterToBeReady$0(216)) - Waiting for nodes to be ready. Got 0 of 10 DN Heartbeats.
2022-10-30 01:06:29,195 [Listener at 127.0.0.1/42013] INFO  ozone.MiniOzoneClusterImpl (MiniOzoneClusterImpl.java:lambda$waitForClusterToBeReady$0(219)) - Waiting for cluster to exit safe mode
2022-10-30 01:06:29,195 [Listener at 127.0.0.1/42013] INFO  ozone.MiniOzoneClusterImpl (MiniOzoneClusterImpl.java:lambda$waitForClusterToBeReady$0(221)) - SCM became leader
2022-10-30 01:06:29,204 [org.apache.hadoop.util.JvmPauseMonitor$Monitor@18261150] INFO  util.JvmPauseMonitor (JvmPauseMonitor.java:run(188)) - Starting JVM pause monitor
2022-10-30 01:06:29,208 [Datanode State Machine Task Thread - 0] INFO  datanode.InitDatanodeState (InitDatanodeState.java:persistContainerDatanodeDetails(138)) - DatanodeDetails is persisted to /home/runner/work/ozone/ozone/hadoop-ozone/integration-test/target/test-dir/MiniOzoneClusterImpl-d77d6c10-3d51-4ae5-b04b-b5f3d2f20a3f/datanode-9/meta/datanode.id
2022-10-30 01:06:29,428 [EndpointStateMachine task thread for /0.0.0.0:35291 - 0 ] INFO  volume.HddsVolume (HddsVolume.java:createDbStore(307)) - SchemaV3 db is created and loaded at /home/runner/work/ozone/ozone/hadoop-ozone/integration-test/target/test-dir/MiniOzoneClusterImpl-d77d6c10-3d51-4ae5-b04b-b5f3d2f20a3f/datanode-4/data-0/containers/hdds/d77d6c10-3d51-4ae5-b04b-b5f3d2f20a3f/DS-33fbc9e5-3451-48f0-b890-bc42a6d3fe59/container.db for volume DS-33fbc9e5-3451-48f0-b890-bc42a6d3fe59
2022-10-30 01:06:29,428 [EndpointStateMachine task thread for /0.0.0.0:35291 - 0 ] INFO  volume.HddsVolume (HddsVolume.java:closeDbStore(338)) - SchemaV3 db is stopped at /home/runner/work/ozone/ozone/hadoop-ozone/integration-test/target/test-dir/MiniOzoneClusterImpl-d77d6c10-3d51-4ae5-b04b-b5f3d2f20a3f/datanode-4/data-0/containers/hdds/d77d6c10-3d51-4ae5-b04b-b5f3d2f20a3f/DS-33fbc9e5-3451-48f0-b890-bc42a6d3fe59/container.db for volume DS-33fbc9e5-3451-48f0-b890-bc42a6d3fe59
2022-10-30 01:06:29,428 [EndpointStateMachine task thread for /0.0.0.0:35291 - 0 ] INFO  ozoneimpl.OzoneContainer (OzoneContainer.java:start(378)) - Attempting to start container services.
2022-10-30 01:06:29,428 [EndpointStateMachine task thread for /0.0.0.0:35291 - 0 ] INFO  ozoneimpl.OzoneContainer (OzoneContainer.java:startContainerScrub(313)) - Background container scanner has been disabled.
2022-10-30 01:06:29,431 [EndpointStateMachine task thread for /0.0.0.0:35291 - 0 ] INFO  replication.ReplicationServer (ReplicationServer.java:start(111)) - ReplicationServer is started using port 40581
2022-10-30 01:06:29,431 [EndpointStateMachine task thread for /0.0.0.0:35291 - 0 ] INFO  ratis.XceiverServerRatis (XceiverServerRatis.java:start(481)) - Starting XceiverServerRatis 58d8b8bb-cfc7-423c-ba1f-09160eea4c71
2022-10-30 01:06:29,432 [EndpointStateMachine task thread for /0.0.0.0:35291 - 0 ] INFO  server.RaftServer (RaftServerProxy.java:startImpl(393)) - 58d8b8bb-cfc7-423c-ba1f-09160eea4c71: start RPC server
2022-10-30 01:06:29,433 [EndpointStateMachine task thread for /0.0.0.0:35291 - 0 ] INFO  server.GrpcService (GrpcService.java:startImpl(270)) - 58d8b8bb-cfc7-423c-ba1f-09160eea4c71: GrpcService started, listening on 37145
2022-10-30 01:06:29,433 [EndpointStateMachine task thread for /0.0.0.0:35291 - 0 ] INFO  ratis.XceiverServerRatis (XceiverServerRatis.java:getRealPort(502)) - XceiverServerRatis 58d8b8bb-cfc7-423c-ba1f-09160eea4c71 is started using port 37145 for RATIS
2022-10-30 01:06:29,433 [EndpointStateMachine task thread for /0.0.0.0:35291 - 0 ] INFO  ratis.XceiverServerRatis (XceiverServerRatis.java:getRealPort(502)) - XceiverServerRatis 58d8b8bb-cfc7-423c-ba1f-09160eea4c71 is started using port 37145 for RATIS_ADMIN
2022-10-30 01:06:29,434 [JvmPauseMonitor5] INFO  util.JvmPauseMonitor (JvmPauseMonitor.java:run(105)) - JvmPauseMonitor-58d8b8bb-cfc7-423c-ba1f-09160eea4c71: Started
2022-10-30 01:06:29,434 [EndpointStateMachine task thread for /0.0.0.0:35291 - 0 ] INFO  ratis.XceiverServerRatis (XceiverServerRatis.java:getRealPort(502)) - XceiverServerRatis 58d8b8bb-cfc7-423c-ba1f-09160eea4c71 is started using port 37145 for RATIS_SERVER
2022-10-30 01:06:29,436 [EndpointStateMachine task thread for /0.0.0.0:35291 - 0 ] INFO  server.XceiverServerGrpc (XceiverServerGrpc.java:start(180)) - XceiverServerGrpc 58d8b8bb-cfc7-423c-ba1f-09160eea4c71 is started using port 33047
2022-10-30 01:06:29,744 [EndpointStateMachine task thread for /0.0.0.0:35291 - 0 ] INFO  volume.HddsVolume (HddsVolume.java:createDbStore(307)) - SchemaV3 db is created and loaded at /home/runner/work/ozone/ozone/hadoop-ozone/integration-test/target/test-dir/MiniOzoneClusterImpl-d77d6c10-3d51-4ae5-b04b-b5f3d2f20a3f/datanode-5/data-0/containers/hdds/d77d6c10-3d51-4ae5-b04b-b5f3d2f20a3f/DS-7bf11c50-60b0-438d-8604-3dd832f75908/container.db for volume DS-7bf11c50-60b0-438d-8604-3dd832f75908
2022-10-30 01:06:29,746 [EndpointStateMachine task thread for /0.0.0.0:35291 - 0 ] INFO  volume.HddsVolume (HddsVolume.java:closeDbStore(338)) - SchemaV3 db is stopped at /home/runner/work/ozone/ozone/hadoop-ozone/integration-test/target/test-dir/MiniOzoneClusterImpl-d77d6c10-3d51-4ae5-b04b-b5f3d2f20a3f/datanode-5/data-0/containers/hdds/d77d6c10-3d51-4ae5-b04b-b5f3d2f20a3f/DS-7bf11c50-60b0-438d-8604-3dd832f75908/container.db for volume DS-7bf11c50-60b0-438d-8604-3dd832f75908
2022-10-30 01:06:29,746 [EndpointStateMachine task thread for /0.0.0.0:35291 - 0 ] INFO  ozoneimpl.OzoneContainer (OzoneContainer.java:start(378)) - Attempting to start container services.
2022-10-30 01:06:29,746 [EndpointStateMachine task thread for /0.0.0.0:35291 - 0 ] INFO  ozoneimpl.OzoneContainer (OzoneContainer.java:startContainerScrub(313)) - Background container scanner has been disabled.
2022-10-30 01:06:29,749 [EndpointStateMachine task thread for /0.0.0.0:35291 - 0 ] INFO  replication.ReplicationServer (ReplicationServer.java:start(111)) - ReplicationServer is started using port 45861
2022-10-30 01:06:29,749 [EndpointStateMachine task thread for /0.0.0.0:35291 - 0 ] INFO  ratis.XceiverServerRatis (XceiverServerRatis.java:start(481)) - Starting XceiverServerRatis 57b0e5c4-d4d8-463c-8999-53af98295cd0
2022-10-30 01:06:29,749 [EndpointStateMachine task thread for /0.0.0.0:35291 - 0 ] INFO  server.RaftServer (RaftServerProxy.java:startImpl(393)) - 57b0e5c4-d4d8-463c-8999-53af98295cd0: start RPC server
2022-10-30 01:06:29,751 [EndpointStateMachine task thread for /0.0.0.0:35291 - 0 ] INFO  server.GrpcService (GrpcService.java:startImpl(270)) - 57b0e5c4-d4d8-463c-8999-53af98295cd0: GrpcService started, listening on 39941
2022-10-30 01:06:29,751 [EndpointStateMachine task thread for /0.0.0.0:35291 - 0 ] INFO  ratis.XceiverServerRatis (XceiverServerRatis.java:getRealPort(502)) - XceiverServerRatis 57b0e5c4-d4d8-463c-8999-53af98295cd0 is started using port 39941 for RATIS
2022-10-30 01:06:29,751 [EndpointStateMachine task thread for /0.0.0.0:35291 - 0 ] INFO  ratis.XceiverServerRatis (XceiverServerRatis.java:getRealPort(502)) - XceiverServerRatis 57b0e5c4-d4d8-463c-8999-53af98295cd0 is started using port 39941 for RATIS_ADMIN
2022-10-30 01:06:29,751 [JvmPauseMonitor6] INFO  util.JvmPauseMonitor (JvmPauseMonitor.java:run(105)) - JvmPauseMonitor-57b0e5c4-d4d8-463c-8999-53af98295cd0: Started
2022-10-30 01:06:29,751 [EndpointStateMachine task thread for /0.0.0.0:35291 - 0 ] INFO  ratis.XceiverServerRatis (XceiverServerRatis.java:getRealPort(502)) - XceiverServerRatis 57b0e5c4-d4d8-463c-8999-53af98295cd0 is started using port 39941 for RATIS_SERVER
2022-10-30 01:06:29,754 [EndpointStateMachine task thread for /0.0.0.0:35291 - 0 ] INFO  server.XceiverServerGrpc (XceiverServerGrpc.java:start(180)) - XceiverServerGrpc 57b0e5c4-d4d8-463c-8999-53af98295cd0 is started using port 38745
2022-10-30 01:06:29,982 [IPC Server handler 2 on default port 35291] INFO  net.NetworkTopologyImpl (NetworkTopologyImpl.java:add(112)) - Added a new node: /default-rack/86e92292-7141-46cb-9ed5-093a2cfc2b40
2022-10-30 01:06:29,984 [IPC Server handler 2 on default port 35291] INFO  node.SCMNodeManager (SCMNodeManager.java:register(397)) - Registered Data node : 86e92292-7141-46cb-9ed5-093a2cfc2b40{ip: 10.1.0.11, host: fv-az99-422.euuzywwtp3iu5l5aj42nbmzodg.gx.internal.cloudapp.net, ports: [REPLICATION=42541, RATIS=44269, RATIS_ADMIN=44269, RATIS_SERVER=44269, STANDALONE=37771], networkLocation: /default-rack, certSerialId: null, persistedOpState: null, persistedOpStateExpiryEpochSec: 0}
2022-10-30 01:06:29,986 [EventQueue-NewNodeForNewNodeHandler] INFO  pipeline.BackgroundPipelineCreator (BackgroundPipelineCreator.java:notifyEventTriggered(276)) - trigger a one-shot run on RatisPipelineUtilsThread.
2022-10-30 01:06:29,988 [EventQueue-NodeRegistrationContainerReportForContainerSafeModeRule] INFO  safemode.SCMSafeModeManager (SCMSafeModeManager.java:validateSafeModeExitRules(204)) - ContainerSafeModeRule rule is successfully validated
2022-10-30 01:06:29,988 [EventQueue-NodeRegistrationContainerReportForDataNodeSafeModeRule] INFO  safemode.SCMSafeModeManager (DataNodeSafeModeRule.java:process(71)) - SCM in safe mode. 1 DataNodes registered, 3 required.
2022-10-30 01:06:29,990 [EventQueue-PipelineReportForOneReplicaPipelineSafeModeRule] INFO  safemode.SCMSafeModeManager (SCMSafeModeManager.java:validateSafeModeExitRules(204)) - AtleastOneDatanodeReportedRule rule is successfully validated
2022-10-30 01:06:29,993 [RatisPipelineUtilsThread - 0] INFO  pipeline.RatisPipelineProvider (RatisPipelineProvider.java:lambda$create$0(195)) - Sending CreatePipelineCommand for pipeline:PipelineID=14b03143-e994-4b5c-8c0f-89bc2ece481d to datanode:86e92292-7141-46cb-9ed5-093a2cfc2b40
2022-10-30 01:06:30,003 [RatisPipelineUtilsThread - 0] INFO  pipeline.PipelineStateManagerImpl (PipelineStateManagerImpl.java:addPipeline(103)) - Created pipeline Pipeline[ Id: 14b03143-e994-4b5c-8c0f-89bc2ece481d, Nodes: 86e92292-7141-46cb-9ed5-093a2cfc2b40{ip: 10.1.0.11, host: fv-az99-422.euuzywwtp3iu5l5aj42nbmzodg.gx.internal.cloudapp.net, ports: [REPLICATION=42541, RATIS=44269, RATIS_ADMIN=44269, RATIS_SERVER=44269, STANDALONE=37771], networkLocation: /default-rack, certSerialId: null, persistedOpState: IN_SERVICE, persistedOpStateExpiryEpochSec: 0}, ReplicationConfig: RATIS/ONE, State:ALLOCATED, leaderId:, CreationTimestamp2022-10-30T01:06:29.992Z[Etc/UTC]].
2022-10-30 01:06:30,109 [EndpointStateMachine task thread for /0.0.0.0:35291 - 0 ] INFO  volume.HddsVolume (HddsVolume.java:createDbStore(307)) - SchemaV3 db is created and loaded at /home/runner/work/ozone/ozone/hadoop-ozone/integration-test/target/test-dir/MiniOzoneClusterImpl-d77d6c10-3d51-4ae5-b04b-b5f3d2f20a3f/datanode-6/data-0/containers/hdds/d77d6c10-3d51-4ae5-b04b-b5f3d2f20a3f/DS-7f163c1f-0ae8-4274-b735-f4f1c539559d/container.db for volume DS-7f163c1f-0ae8-4274-b735-f4f1c539559d
2022-10-30 01:06:30,111 [EndpointStateMachine task thread for /0.0.0.0:35291 - 0 ] INFO  volume.HddsVolume (HddsVolume.java:closeDbStore(338)) - SchemaV3 db is stopped at /home/runner/work/ozone/ozone/hadoop-ozone/integration-test/target/test-dir/MiniOzoneClusterImpl-d77d6c10-3d51-4ae5-b04b-b5f3d2f20a3f/datanode-6/data-0/containers/hdds/d77d6c10-3d51-4ae5-b04b-b5f3d2f20a3f/DS-7f163c1f-0ae8-4274-b735-f4f1c539559d/container.db for volume DS-7f163c1f-0ae8-4274-b735-f4f1c539559d
2022-10-30 01:06:30,111 [EndpointStateMachine task thread for /0.0.0.0:35291 - 0 ] INFO  ozoneimpl.OzoneContainer (OzoneContainer.java:start(378)) - Attempting to start container services.
2022-10-30 01:06:30,111 [EndpointStateMachine task thread for /0.0.0.0:35291 - 0 ] INFO  ozoneimpl.OzoneContainer (OzoneContainer.java:startContainerScrub(313)) - Background container scanner has been disabled.
2022-10-30 01:06:30,116 [EndpointStateMachine task thread for /0.0.0.0:35291 - 0 ] INFO  replication.ReplicationServer (ReplicationServer.java:start(111)) - ReplicationServer is started using port 39637
2022-10-30 01:06:30,116 [EndpointStateMachine task thread for /0.0.0.0:35291 - 0 ] INFO  ratis.XceiverServerRatis (XceiverServerRatis.java:start(481)) - Starting XceiverServerRatis 758ec025-fe09-4bac-8062-a2014e5c8846
2022-10-30 01:06:30,117 [EndpointStateMachine task thread for /0.0.0.0:35291 - 0 ] INFO  server.RaftServer (RaftServerProxy.java:startImpl(393)) - 758ec025-fe09-4bac-8062-a2014e5c8846: start RPC server
2022-10-30 01:06:30,117 [EndpointStateMachine task thread for /0.0.0.0:35291 - 0 ] INFO  server.GrpcService (GrpcService.java:startImpl(270)) - 758ec025-fe09-4bac-8062-a2014e5c8846: GrpcService started, listening on 46773
2022-10-30 01:06:30,118 [EndpointStateMachine task thread for /0.0.0.0:35291 - 0 ] INFO  ratis.XceiverServerRatis (XceiverServerRatis.java:getRealPort(502)) - XceiverServerRatis 758ec025-fe09-4bac-8062-a2014e5c8846 is started using port 46773 for RATIS
2022-10-30 01:06:30,118 [EndpointStateMachine task thread for /0.0.0.0:35291 - 0 ] INFO  ratis.XceiverServerRatis (XceiverServerRatis.java:getRealPort(502)) - XceiverServerRatis 758ec025-fe09-4bac-8062-a2014e5c8846 is started using port 46773 for RATIS_ADMIN
2022-10-30 01:06:30,118 [JvmPauseMonitor7] INFO  util.JvmPauseMonitor (JvmPauseMonitor.java:run(105)) - JvmPauseMonitor-758ec025-fe09-4bac-8062-a2014e5c8846: Started
2022-10-30 01:06:30,118 [EndpointStateMachine task thread for /0.0.0.0:35291 - 0 ] INFO  ratis.XceiverServerRatis (XceiverServerRatis.java:getRealPort(502)) - XceiverServerRatis 758ec025-fe09-4bac-8062-a2014e5c8846 is started using port 46773 for RATIS_SERVER
2022-10-30 01:06:30,119 [EndpointStateMachine task thread for /0.0.0.0:35291 - 0 ] INFO  server.XceiverServerGrpc (XceiverServerGrpc.java:start(180)) - XceiverServerGrpc 758ec025-fe09-4bac-8062-a2014e5c8846 is started using port 39087
2022-10-30 01:06:30,195 [Listener at 127.0.0.1/42013] INFO  ozone.MiniOzoneClusterImpl (MiniOzoneClusterImpl.java:lambda$waitForClusterToBeReady$0(216)) - Waiting for nodes to be ready. Got 1 of 10 DN Heartbeats.
2022-10-30 01:06:30,195 [Listener at 127.0.0.1/42013] INFO  ozone.MiniOzoneClusterImpl (MiniOzoneClusterImpl.java:lambda$waitForClusterToBeReady$0(219)) - Waiting for cluster to exit safe mode
2022-10-30 01:06:30,195 [Listener at 127.0.0.1/42013] INFO  ozone.MiniOzoneClusterImpl (MiniOzoneClusterImpl.java:lambda$waitForClusterToBeReady$0(221)) - SCM became leader
2022-10-30 01:06:30,418 [IPC Server handler 1 on default port 35291] INFO  net.NetworkTopologyImpl (NetworkTopologyImpl.java:add(112)) - Added a new node: /default-rack/db967a0c-fd65-4f5b-99fe-08eeaf937185
2022-10-30 01:06:30,419 [IPC Server handler 1 on default port 35291] INFO  node.SCMNodeManager (SCMNodeManager.java:register(397)) - Registered Data node : db967a0c-fd65-4f5b-99fe-08eeaf937185{ip: 10.1.0.11, host: fv-az99-422.euuzywwtp3iu5l5aj42nbmzodg.gx.internal.cloudapp.net, ports: [REPLICATION=33115, RATIS=46009, RATIS_ADMIN=46009, RATIS_SERVER=46009, STANDALONE=42087], networkLocation: /default-rack, certSerialId: null, persistedOpState: null, persistedOpStateExpiryEpochSec: 0}
2022-10-30 01:06:30,420 [EventQueue-NewNodeForNewNodeHandler] INFO  pipeline.BackgroundPipelineCreator (BackgroundPipelineCreator.java:notifyEventTriggered(276)) - trigger a one-shot run on RatisPipelineUtilsThread.
2022-10-30 01:06:30,420 [EventQueue-NodeRegistrationContainerReportForDataNodeSafeModeRule] INFO  safemode.SCMSafeModeManager (DataNodeSafeModeRule.java:process(71)) - SCM in safe mode. 2 DataNodes registered, 3 required.
2022-10-30 01:06:30,422 [RatisPipelineUtilsThread - 0] INFO  pipeline.RatisPipelineProvider (RatisPipelineProvider.java:lambda$create$0(195)) - Sending CreatePipelineCommand for pipeline:PipelineID=b8dbd392-b41e-41f3-a304-7884c09ac82c to datanode:db967a0c-fd65-4f5b-99fe-08eeaf937185
2022-10-30 01:06:30,423 [RatisPipelineUtilsThread - 0] INFO  pipeline.PipelineStateManagerImpl (PipelineStateManagerImpl.java:addPipeline(103)) - Created pipeline Pipeline[ Id: b8dbd392-b41e-41f3-a304-7884c09ac82c, Nodes: db967a0c-fd65-4f5b-99fe-08eeaf937185{ip: 10.1.0.11, host: fv-az99-422.euuzywwtp3iu5l5aj42nbmzodg.gx.internal.cloudapp.net, ports: [REPLICATION=33115, RATIS=46009, RATIS_ADMIN=46009, RATIS_SERVER=46009, STANDALONE=42087], networkLocation: /default-rack, certSerialId: null, persistedOpState: IN_SERVICE, persistedOpStateExpiryEpochSec: 0}, ReplicationConfig: RATIS/ONE, State:ALLOCATED, leaderId:, CreationTimestamp2022-10-30T01:06:30.422Z[Etc/UTC]].
2022-10-30 01:06:30,445 [EndpointStateMachine task thread for /0.0.0.0:35291 - 0 ] INFO  volume.HddsVolume (HddsVolume.java:createDbStore(307)) - SchemaV3 db is created and loaded at /home/runner/work/ozone/ozone/hadoop-ozone/integration-test/target/test-dir/MiniOzoneClusterImpl-d77d6c10-3d51-4ae5-b04b-b5f3d2f20a3f/datanode-7/data-0/containers/hdds/d77d6c10-3d51-4ae5-b04b-b5f3d2f20a3f/DS-425c6913-ddea-4c7c-be07-65c429988f8f/container.db for volume DS-425c6913-ddea-4c7c-be07-65c429988f8f
2022-10-30 01:06:30,446 [EndpointStateMachine task thread for /0.0.0.0:35291 - 0 ] INFO  volume.HddsVolume (HddsVolume.java:closeDbStore(338)) - SchemaV3 db is stopped at /home/runner/work/ozone/ozone/hadoop-ozone/integration-test/target/test-dir/MiniOzoneClusterImpl-d77d6c10-3d51-4ae5-b04b-b5f3d2f20a3f/datanode-7/data-0/containers/hdds/d77d6c10-3d51-4ae5-b04b-b5f3d2f20a3f/DS-425c6913-ddea-4c7c-be07-65c429988f8f/container.db for volume DS-425c6913-ddea-4c7c-be07-65c429988f8f
2022-10-30 01:06:30,446 [EndpointStateMachine task thread for /0.0.0.0:35291 - 0 ] INFO  ozoneimpl.OzoneContainer (OzoneContainer.java:start(378)) - Attempting to start container services.
2022-10-30 01:06:30,446 [EndpointStateMachine task thread for /0.0.0.0:35291 - 0 ] INFO  ozoneimpl.OzoneContainer (OzoneContainer.java:startContainerScrub(313)) - Background container scanner has been disabled.
2022-10-30 01:06:30,449 [EndpointStateMachine task thread for /0.0.0.0:35291 - 0 ] INFO  replication.ReplicationServer (ReplicationServer.java:start(111)) - ReplicationServer is started using port 40841
2022-10-30 01:06:30,449 [EndpointStateMachine task thread for /0.0.0.0:35291 - 0 ] INFO  ratis.XceiverServerRatis (XceiverServerRatis.java:start(481)) - Starting XceiverServerRatis 42907c57-00bf-47e8-816a-b6f44f3b50df
2022-10-30 01:06:30,450 [EndpointStateMachine task thread for /0.0.0.0:35291 - 0 ] INFO  server.RaftServer (RaftServerProxy.java:startImpl(393)) - 42907c57-00bf-47e8-816a-b6f44f3b50df: start RPC server
2022-10-30 01:06:30,452 [EndpointStateMachine task thread for /0.0.0.0:35291 - 0 ] INFO  server.GrpcService (GrpcService.java:startImpl(270)) - 42907c57-00bf-47e8-816a-b6f44f3b50df: GrpcService started, listening on 43117
2022-10-30 01:06:30,453 [EndpointStateMachine task thread for /0.0.0.0:35291 - 0 ] INFO  ratis.XceiverServerRatis (XceiverServerRatis.java:getRealPort(502)) - XceiverServerRatis 42907c57-00bf-47e8-816a-b6f44f3b50df is started using port 43117 for RATIS
2022-10-30 01:06:30,453 [EndpointStateMachine task thread for /0.0.0.0:35291 - 0 ] INFO  ratis.XceiverServerRatis (XceiverServerRatis.java:getRealPort(502)) - XceiverServerRatis 42907c57-00bf-47e8-816a-b6f44f3b50df is started using port 43117 for RATIS_ADMIN
2022-10-30 01:06:30,453 [EndpointStateMachine task thread for /0.0.0.0:35291 - 0 ] INFO  ratis.XceiverServerRatis (XceiverServerRatis.java:getRealPort(502)) - XceiverServerRatis 42907c57-00bf-47e8-816a-b6f44f3b50df is started using port 43117 for RATIS_SERVER
2022-10-30 01:06:30,454 [JvmPauseMonitor8] INFO  util.JvmPauseMonitor (JvmPauseMonitor.java:run(105)) - JvmPauseMonitor-42907c57-00bf-47e8-816a-b6f44f3b50df: Started
2022-10-30 01:06:30,457 [EndpointStateMachine task thread for /0.0.0.0:35291 - 0 ] INFO  server.XceiverServerGrpc (XceiverServerGrpc.java:start(180)) - XceiverServerGrpc 42907c57-00bf-47e8-816a-b6f44f3b50df is started using port 36839
2022-10-30 01:06:30,730 [IPC Server handler 3 on default port 35291] INFO  net.NetworkTopologyImpl (NetworkTopologyImpl.java:add(112)) - Added a new node: /default-rack/7f2965ec-2a1d-4c0b-a486-0150db937947
2022-10-30 01:06:30,730 [IPC Server handler 3 on default port 35291] INFO  node.SCMNodeManager (SCMNodeManager.java:register(397)) - Registered Data node : 7f2965ec-2a1d-4c0b-a486-0150db937947{ip: 10.1.0.11, host: fv-az99-422.euuzywwtp3iu5l5aj42nbmzodg.gx.internal.cloudapp.net, ports: [REPLICATION=39237, RATIS=43977, RATIS_ADMIN=43977, RATIS_SERVER=43977, STANDALONE=40797], networkLocation: /default-rack, certSerialId: null, persistedOpState: null, persistedOpStateExpiryEpochSec: 0}
2022-10-30 01:06:30,730 [EventQueue-NewNodeForNewNodeHandler] INFO  pipeline.BackgroundPipelineCreator (BackgroundPipelineCreator.java:notifyEventTriggered(276)) - trigger a one-shot run on RatisPipelineUtilsThread.
2022-10-30 01:06:30,731 [RatisPipelineUtilsThread - 0] INFO  pipeline.RatisPipelineProvider (RatisPipelineProvider.java:lambda$create$0(195)) - Sending CreatePipelineCommand for pipeline:PipelineID=87b3f380-71d6-4056-b38f-ff047a9e459c to datanode:7f2965ec-2a1d-4c0b-a486-0150db937947
2022-10-30 01:06:30,731 [EventQueue-NodeRegistrationContainerReportForDataNodeSafeModeRule] INFO  safemode.SCMSafeModeManager (DataNodeSafeModeRule.java:process(71)) - SCM in safe mode. 3 DataNodes registered, 3 required.
2022-10-30 01:06:30,731 [EventQueue-NodeRegistrationContainerReportForDataNodeSafeModeRule] INFO  safemode.SCMSafeModeManager (SCMSafeModeManager.java:validateSafeModeExitRules(204)) - DataNodeSafeModeRule rule is successfully validated
2022-10-30 01:06:30,731 [EventQueue-NodeRegistrationContainerReportForDataNodeSafeModeRule] INFO  safemode.SCMSafeModeManager (SCMSafeModeManager.java:completePreCheck(233)) - All SCM safe mode pre check rules have passed
2022-10-30 01:06:30,731 [EventQueue-NodeRegistrationContainerReportForDataNodeSafeModeRule] WARN  events.EventQueue (EventQueue.java:fireEvent(216)) - No event handler registered for event TypedEvent{payloadType=SafeModeStatus, name='Safe mode status'}
2022-10-30 01:06:30,731 [EventQueue-NodeRegistrationContainerReportForDataNodeSafeModeRule] INFO  ha.SCMContext (SCMContext.java:updateSafeModeStatus(228)) - Update SafeModeStatus from SafeModeStatus{safeModeStatus=true, preCheckPassed=false} to SafeModeStatus{safeModeStatus=true, preCheckPassed=true}.
2022-10-30 01:06:30,731 [EventQueue-NodeRegistrationContainerReportForDataNodeSafeModeRule] INFO  pipeline.BackgroundPipelineCreator (BackgroundPipelineCreator.java:notifyEventTriggered(276)) - trigger a one-shot run on RatisPipelineUtilsThread.
2022-10-30 01:06:30,732 [RatisPipelineUtilsThread - 0] INFO  pipeline.PipelineStateManagerImpl (PipelineStateManagerImpl.java:addPipeline(103)) - Created pipeline Pipeline[ Id: 87b3f380-71d6-4056-b38f-ff047a9e459c, Nodes: 7f2965ec-2a1d-4c0b-a486-0150db937947{ip: 10.1.0.11, host: fv-az99-422.euuzywwtp3iu5l5aj42nbmzodg.gx.internal.cloudapp.net, ports: [REPLICATION=39237, RATIS=43977, RATIS_ADMIN=43977, RATIS_SERVER=43977, STANDALONE=40797], networkLocation: /default-rack, certSerialId: null, persistedOpState: IN_SERVICE, persistedOpStateExpiryEpochSec: 0}, ReplicationConfig: RATIS/ONE, State:ALLOCATED, leaderId:, CreationTimestamp2022-10-30T01:06:30.731Z[Etc/UTC]].
2022-10-30 01:06:30,735 [RatisPipelineUtilsThread - 0] INFO  pipeline.RatisPipelineProvider (RatisPipelineProvider.java:lambda$create$0(195)) - Sending CreatePipelineCommand for pipeline:PipelineID=724b6ae5-f336-4c80-ae4d-c5655235cd35 to datanode:86e92292-7141-46cb-9ed5-093a2cfc2b40
2022-10-30 01:06:30,735 [RatisPipelineUtilsThread - 0] INFO  pipeline.RatisPipelineProvider (RatisPipelineProvider.java:lambda$create$0(195)) - Sending CreatePipelineCommand for pipeline:PipelineID=724b6ae5-f336-4c80-ae4d-c5655235cd35 to datanode:db967a0c-fd65-4f5b-99fe-08eeaf937185
2022-10-30 01:06:30,735 [RatisPipelineUtilsThread - 0] INFO  pipeline.RatisPipelineProvider (RatisPipelineProvider.java:lambda$create$0(195)) - Sending CreatePipelineCommand for pipeline:PipelineID=724b6ae5-f336-4c80-ae4d-c5655235cd35 to datanode:7f2965ec-2a1d-4c0b-a486-0150db937947
2022-10-30 01:06:30,736 [RatisPipelineUtilsThread - 0] INFO  pipeline.PipelineStateManagerImpl (PipelineStateManagerImpl.java:addPipeline(103)) - Created pipeline Pipeline[ Id: 724b6ae5-f336-4c80-ae4d-c5655235cd35, Nodes: 86e92292-7141-46cb-9ed5-093a2cfc2b40{ip: 10.1.0.11, host: fv-az99-422.euuzywwtp3iu5l5aj42nbmzodg.gx.internal.cloudapp.net, ports: [REPLICATION=42541, RATIS=44269, RATIS_ADMIN=44269, RATIS_SERVER=44269, STANDALONE=37771], networkLocation: /default-rack, certSerialId: null, persistedOpState: IN_SERVICE, persistedOpStateExpiryEpochSec: 0}db967a0c-fd65-4f5b-99fe-08eeaf937185{ip: 10.1.0.11, host: fv-az99-422.euuzywwtp3iu5l5aj42nbmzodg.gx.internal.cloudapp.net, ports: [REPLICATION=33115, RATIS=46009, RATIS_ADMIN=46009, RATIS_SERVER=46009, STANDALONE=42087], networkLocation: /default-rack, certSerialId: null, persistedOpState: IN_SERVICE, persistedOpStateExpiryEpochSec: 0}7f2965ec-2a1d-4c0b-a486-0150db937947{ip: 10.1.0.11, host: fv-az99-422.euuzywwtp3iu5l5aj42nbmzodg.gx.internal.cloudapp.net, ports: [REPLICATION=39237, RATIS=43977, RATIS_ADMIN=43977, RATIS_SERVER=43977, STANDALONE=40797], networkLocation: /default-rack, certSerialId: null, persistedOpState: IN_SERVICE, persistedOpStateExpiryEpochSec: 0}, ReplicationConfig: RATIS/THREE, State:ALLOCATED, leaderId:, CreationTimestamp2022-10-30T01:06:30.735Z[Etc/UTC]].
2022-10-30 01:06:30,737 [RatisPipelineUtilsThread - 0] INFO  pipeline.RatisPipelineProvider (RatisPipelineProvider.java:lambda$create$0(195)) - Sending CreatePipelineCommand for pipeline:PipelineID=be69ebd1-f1e5-4af8-8a04-c2e61f12fd9a to datanode:7f2965ec-2a1d-4c0b-a486-0150db937947
2022-10-30 01:06:30,737 [RatisPipelineUtilsThread - 0] INFO  pipeline.RatisPipelineProvider (RatisPipelineProvider.java:lambda$create$0(195)) - Sending CreatePipelineCommand for pipeline:PipelineID=be69ebd1-f1e5-4af8-8a04-c2e61f12fd9a to datanode:db967a0c-fd65-4f5b-99fe-08eeaf937185
2022-10-30 01:06:30,737 [RatisPipelineUtilsThread - 0] INFO  pipeline.RatisPipelineProvider (RatisPipelineProvider.java:lambda$create$0(195)) - Sending CreatePipelineCommand for pipeline:PipelineID=be69ebd1-f1e5-4af8-8a04-c2e61f12fd9a to datanode:86e92292-7141-46cb-9ed5-093a2cfc2b40
2022-10-30 01:06:30,737 [RatisPipelineUtilsThread - 0] INFO  pipeline.PipelineStateManagerImpl (PipelineStateManagerImpl.java:addPipeline(103)) - Created pipeline Pipeline[ Id: be69ebd1-f1e5-4af8-8a04-c2e61f12fd9a, Nodes: 7f2965ec-2a1d-4c0b-a486-0150db937947{ip: 10.1.0.11, host: fv-az99-422.euuzywwtp3iu5l5aj42nbmzodg.gx.internal.cloudapp.net, ports: [REPLICATION=39237, RATIS=43977, RATIS_ADMIN=43977, RATIS_SERVER=43977, STANDALONE=40797], networkLocation: /default-rack, certSerialId: null, persistedOpState: IN_SERVICE, persistedOpStateExpiryEpochSec: 0}db967a0c-fd65-4f5b-99fe-08eeaf937185{ip: 10.1.0.11, host: fv-az99-422.euuzywwtp3iu5l5aj42nbmzodg.gx.internal.cloudapp.net, ports: [REPLICATION=33115, RATIS=46009, RATIS_ADMIN=46009, RATIS_SERVER=46009, STANDALONE=42087], networkLocation: /default-rack, certSerialId: null, persistedOpState: IN_SERVICE, persistedOpStateExpiryEpochSec: 0}86e92292-7141-46cb-9ed5-093a2cfc2b40{ip: 10.1.0.11, host: fv-az99-422.euuzywwtp3iu5l5aj42nbmzodg.gx.internal.cloudapp.net, ports: [REPLICATION=42541, RATIS=44269, RATIS_ADMIN=44269, RATIS_SERVER=44269, STANDALONE=37771], networkLocation: /default-rack, certSerialId: null, persistedOpState: IN_SERVICE, persistedOpStateExpiryEpochSec: 0}, ReplicationConfig: RATIS/THREE, State:ALLOCATED, leaderId:, CreationTimestamp2022-10-30T01:06:30.737Z[Etc/UTC]].
2022-10-30 01:06:30,738 [RatisPipelineUtilsThread - 0] INFO  pipeline.PipelineManagerImpl (PipelineManagerImpl.java:recordMetricsForPipeline(826)) - Pipeline: PipelineID=be69ebd1-f1e5-4af8-8a04-c2e61f12fd9a contains same datanodes as previous pipelines: PipelineID=724b6ae5-f336-4c80-ae4d-c5655235cd35 nodeIds: 7f2965ec-2a1d-4c0b-a486-0150db937947, db967a0c-fd65-4f5b-99fe-08eeaf937185, 86e92292-7141-46cb-9ed5-093a2cfc2b40
2022-10-30 01:06:30,788 [EndpointStateMachine task thread for /0.0.0.0:35291 - 0 ] INFO  volume.HddsVolume (HddsVolume.java:createDbStore(307)) - SchemaV3 db is created and loaded at /home/runner/work/ozone/ozone/hadoop-ozone/integration-test/target/test-dir/MiniOzoneClusterImpl-d77d6c10-3d51-4ae5-b04b-b5f3d2f20a3f/datanode-8/data-0/containers/hdds/d77d6c10-3d51-4ae5-b04b-b5f3d2f20a3f/DS-0d3d2d92-8522-4a0d-914d-b4838d07427c/container.db for volume DS-0d3d2d92-8522-4a0d-914d-b4838d07427c
2022-10-30 01:06:30,789 [EndpointStateMachine task thread for /0.0.0.0:35291 - 0 ] INFO  volume.HddsVolume (HddsVolume.java:closeDbStore(338)) - SchemaV3 db is stopped at /home/runner/work/ozone/ozone/hadoop-ozone/integration-test/target/test-dir/MiniOzoneClusterImpl-d77d6c10-3d51-4ae5-b04b-b5f3d2f20a3f/datanode-8/data-0/containers/hdds/d77d6c10-3d51-4ae5-b04b-b5f3d2f20a3f/DS-0d3d2d92-8522-4a0d-914d-b4838d07427c/container.db for volume DS-0d3d2d92-8522-4a0d-914d-b4838d07427c
2022-10-30 01:06:30,790 [EndpointStateMachine task thread for /0.0.0.0:35291 - 0 ] INFO  ozoneimpl.OzoneContainer (OzoneContainer.java:start(378)) - Attempting to start container services.
2022-10-30 01:06:30,790 [EndpointStateMachine task thread for /0.0.0.0:35291 - 0 ] INFO  ozoneimpl.OzoneContainer (OzoneContainer.java:startContainerScrub(313)) - Background container scanner has been disabled.
2022-10-30 01:06:30,791 [EndpointStateMachine task thread for /0.0.0.0:35291 - 0 ] INFO  replication.ReplicationServer (ReplicationServer.java:start(111)) - ReplicationServer is started using port 46235
2022-10-30 01:06:30,791 [EndpointStateMachine task thread for /0.0.0.0:35291 - 0 ] INFO  ratis.XceiverServerRatis (XceiverServerRatis.java:start(481)) - Starting XceiverServerRatis 96632972-14e0-44d5-b3f2-8f1b1022e85f
2022-10-30 01:06:30,798 [EndpointStateMachine task thread for /0.0.0.0:35291 - 0 ] INFO  server.RaftServer (RaftServerProxy.java:startImpl(393)) - 96632972-14e0-44d5-b3f2-8f1b1022e85f: start RPC server
2022-10-30 01:06:30,799 [EndpointStateMachine task thread for /0.0.0.0:35291 - 0 ] INFO  server.GrpcService (GrpcService.java:startImpl(270)) - 96632972-14e0-44d5-b3f2-8f1b1022e85f: GrpcService started, listening on 41713
2022-10-30 01:06:30,799 [EndpointStateMachine task thread for /0.0.0.0:35291 - 0 ] INFO  ratis.XceiverServerRatis (XceiverServerRatis.java:getRealPort(502)) - XceiverServerRatis 96632972-14e0-44d5-b3f2-8f1b1022e85f is started using port 41713 for RATIS
2022-10-30 01:06:30,799 [EndpointStateMachine task thread for /0.0.0.0:35291 - 0 ] INFO  ratis.XceiverServerRatis (XceiverServerRatis.java:getRealPort(502)) - XceiverServerRatis 96632972-14e0-44d5-b3f2-8f1b1022e85f is started using port 41713 for RATIS_ADMIN
2022-10-30 01:06:30,799 [JvmPauseMonitor9] INFO  util.JvmPauseMonitor (JvmPauseMonitor.java:run(105)) - JvmPauseMonitor-96632972-14e0-44d5-b3f2-8f1b1022e85f: Started
2022-10-30 01:06:30,799 [EndpointStateMachine task thread for /0.0.0.0:35291 - 0 ] INFO  ratis.XceiverServerRatis (XceiverServerRatis.java:getRealPort(502)) - XceiverServerRatis 96632972-14e0-44d5-b3f2-8f1b1022e85f is started using port 41713 for RATIS_SERVER
2022-10-30 01:06:30,806 [EndpointStateMachine task thread for /0.0.0.0:35291 - 0 ] INFO  server.XceiverServerGrpc (XceiverServerGrpc.java:start(180)) - XceiverServerGrpc 96632972-14e0-44d5-b3f2-8f1b1022e85f is started using port 44421
2022-10-30 01:06:31,082 [IPC Server handler 5 on default port 35291] INFO  net.NetworkTopologyImpl (NetworkTopologyImpl.java:add(112)) - Added a new node: /default-rack/edb0f50d-ef97-4088-a20b-1c61b9a9d6ec
2022-10-30 01:06:31,082 [IPC Server handler 5 on default port 35291] INFO  node.SCMNodeManager (SCMNodeManager.java:register(397)) - Registered Data node : edb0f50d-ef97-4088-a20b-1c61b9a9d6ec{ip: 10.1.0.11, host: fv-az99-422.euuzywwtp3iu5l5aj42nbmzodg.gx.internal.cloudapp.net, ports: [REPLICATION=37555, RATIS=41147, RATIS_ADMIN=41147, RATIS_SERVER=41147, STANDALONE=45487], networkLocation: /default-rack, certSerialId: null, persistedOpState: null, persistedOpStateExpiryEpochSec: 0}
2022-10-30 01:06:31,082 [EventQueue-NewNodeForNewNodeHandler] INFO  pipeline.BackgroundPipelineCreator (BackgroundPipelineCreator.java:notifyEventTriggered(276)) - trigger a one-shot run on RatisPipelineUtilsThread.
2022-10-30 01:06:31,083 [RatisPipelineUtilsThread - 0] INFO  pipeline.RatisPipelineProvider (RatisPipelineProvider.java:lambda$create$0(195)) - Sending CreatePipelineCommand for pipeline:PipelineID=3985c7d6-c358-4763-9435-4fb6838a530a to datanode:edb0f50d-ef97-4088-a20b-1c61b9a9d6ec
2022-10-30 01:06:31,084 [RatisPipelineUtilsThread - 0] INFO  pipeline.PipelineStateManagerImpl (PipelineStateManagerImpl.java:addPipeline(103)) - Created pipeline Pipeline[ Id: 3985c7d6-c358-4763-9435-4fb6838a530a, Nodes: edb0f50d-ef97-4088-a20b-1c61b9a9d6ec{ip: 10.1.0.11, host: fv-az99-422.euuzywwtp3iu5l5aj42nbmzodg.gx.internal.cloudapp.net, ports: [REPLICATION=37555, RATIS=41147, RATIS_ADMIN=41147, RATIS_SERVER=41147, STANDALONE=45487], networkLocation: /default-rack, certSerialId: null, persistedOpState: IN_SERVICE, persistedOpStateExpiryEpochSec: 0}, ReplicationConfig: RATIS/ONE, State:ALLOCATED, leaderId:, CreationTimestamp2022-10-30T01:06:31.083Z[Etc/UTC]].
2022-10-30 01:06:31,195 [Listener at 127.0.0.1/42013] INFO  ozone.MiniOzoneClusterImpl (MiniOzoneClusterImpl.java:lambda$waitForClusterToBeReady$0(216)) - Waiting for nodes to be ready. Got 4 of 10 DN Heartbeats.
2022-10-30 01:06:31,196 [Listener at 127.0.0.1/42013] INFO  ozone.MiniOzoneClusterImpl (MiniOzoneClusterImpl.java:lambda$waitForClusterToBeReady$0(219)) - Waiting for cluster to exit safe mode
2022-10-30 01:06:31,196 [Listener at 127.0.0.1/42013] INFO  ozone.MiniOzoneClusterImpl (MiniOzoneClusterImpl.java:lambda$waitForClusterToBeReady$0(221)) - SCM became leader
2022-10-30 01:06:31,229 [EndpointStateMachine task thread for /0.0.0.0:35291 - 0 ] INFO  volume.HddsVolume (HddsVolume.java:createDbStore(307)) - SchemaV3 db is created and loaded at /home/runner/work/ozone/ozone/hadoop-ozone/integration-test/target/test-dir/MiniOzoneClusterImpl-d77d6c10-3d51-4ae5-b04b-b5f3d2f20a3f/datanode-9/data-0/containers/hdds/d77d6c10-3d51-4ae5-b04b-b5f3d2f20a3f/DS-50409bbc-3dc5-4310-bb4b-87c9f85ba33e/container.db for volume DS-50409bbc-3dc5-4310-bb4b-87c9f85ba33e
2022-10-30 01:06:31,231 [EndpointStateMachine task thread for /0.0.0.0:35291 - 0 ] INFO  volume.HddsVolume (HddsVolume.java:closeDbStore(338)) - SchemaV3 db is stopped at /home/runner/work/ozone/ozone/hadoop-ozone/integration-test/target/test-dir/MiniOzoneClusterImpl-d77d6c10-3d51-4ae5-b04b-b5f3d2f20a3f/datanode-9/data-0/containers/hdds/d77d6c10-3d51-4ae5-b04b-b5f3d2f20a3f/DS-50409bbc-3dc5-4310-bb4b-87c9f85ba33e/container.db for volume DS-50409bbc-3dc5-4310-bb4b-87c9f85ba33e
2022-10-30 01:06:31,231 [EndpointStateMachine task thread for /0.0.0.0:35291 - 0 ] INFO  ozoneimpl.OzoneContainer (OzoneContainer.java:start(378)) - Attempting to start container services.
2022-10-30 01:06:31,231 [EndpointStateMachine task thread for /0.0.0.0:35291 - 0 ] INFO  ozoneimpl.OzoneContainer (OzoneContainer.java:startContainerScrub(313)) - Background container scanner has been disabled.
2022-10-30 01:06:31,233 [EndpointStateMachine task thread for /0.0.0.0:35291 - 0 ] INFO  replication.ReplicationServer (ReplicationServer.java:start(111)) - ReplicationServer is started using port 44987
2022-10-30 01:06:31,234 [EndpointStateMachine task thread for /0.0.0.0:35291 - 0 ] INFO  ratis.XceiverServerRatis (XceiverServerRatis.java:start(481)) - Starting XceiverServerRatis 1641b62a-4180-4dbf-88c4-03961663b9b6
2022-10-30 01:06:31,234 [EndpointStateMachine task thread for /0.0.0.0:35291 - 0 ] INFO  server.RaftServer (RaftServerProxy.java:startImpl(393)) - 1641b62a-4180-4dbf-88c4-03961663b9b6: start RPC server
2022-10-30 01:06:31,235 [EndpointStateMachine task thread for /0.0.0.0:35291 - 0 ] INFO  server.GrpcService (GrpcService.java:startImpl(270)) - 1641b62a-4180-4dbf-88c4-03961663b9b6: GrpcService started, listening on 34115
2022-10-30 01:06:31,235 [EndpointStateMachine task thread for /0.0.0.0:35291 - 0 ] INFO  ratis.XceiverServerRatis (XceiverServerRatis.java:getRealPort(502)) - XceiverServerRatis 1641b62a-4180-4dbf-88c4-03961663b9b6 is started using port 34115 for RATIS
2022-10-30 01:06:31,235 [EndpointStateMachine task thread for /0.0.0.0:35291 - 0 ] INFO  ratis.XceiverServerRatis (XceiverServerRatis.java:getRealPort(502)) - XceiverServerRatis 1641b62a-4180-4dbf-88c4-03961663b9b6 is started using port 34115 for RATIS_ADMIN
2022-10-30 01:06:31,235 [EndpointStateMachine task thread for /0.0.0.0:35291 - 0 ] INFO  ratis.XceiverServerRatis (XceiverServerRatis.java:getRealPort(502)) - XceiverServerRatis 1641b62a-4180-4dbf-88c4-03961663b9b6 is started using port 34115 for RATIS_SERVER
2022-10-30 01:06:31,235 [JvmPauseMonitor10] INFO  util.JvmPauseMonitor (JvmPauseMonitor.java:run(105)) - JvmPauseMonitor-1641b62a-4180-4dbf-88c4-03961663b9b6: Started
2022-10-30 01:06:31,236 [EndpointStateMachine task thread for /0.0.0.0:35291 - 0 ] INFO  server.XceiverServerGrpc (XceiverServerGrpc.java:start(180)) - XceiverServerGrpc 1641b62a-4180-4dbf-88c4-03961663b9b6 is started using port 39407
2022-10-30 01:06:31,400 [IPC Server handler 2 on default port 35291] INFO  net.NetworkTopologyImpl (NetworkTopologyImpl.java:add(112)) - Added a new node: /default-rack/58d8b8bb-cfc7-423c-ba1f-09160eea4c71
2022-10-30 01:06:31,400 [IPC Server handler 2 on default port 35291] INFO  node.SCMNodeManager (SCMNodeManager.java:register(397)) - Registered Data node : 58d8b8bb-cfc7-423c-ba1f-09160eea4c71{ip: 10.1.0.11, host: fv-az99-422.euuzywwtp3iu5l5aj42nbmzodg.gx.internal.cloudapp.net, ports: [REPLICATION=40581, RATIS=37145, RATIS_ADMIN=37145, RATIS_SERVER=37145, STANDALONE=33047], networkLocation: /default-rack, certSerialId: null, persistedOpState: null, persistedOpStateExpiryEpochSec: 0}
2022-10-30 01:06:31,401 [EventQueue-NewNodeForNewNodeHandler] INFO  pipeline.BackgroundPipelineCreator (BackgroundPipelineCreator.java:notifyEventTriggered(276)) - trigger a one-shot run on RatisPipelineUtilsThread.
2022-10-30 01:06:31,401 [RatisPipelineUtilsThread - 0] INFO  pipeline.RatisPipelineProvider (RatisPipelineProvider.java:lambda$create$0(195)) - Sending CreatePipelineCommand for pipeline:PipelineID=b5af6123-9f72-4b26-8422-14838764cde0 to datanode:58d8b8bb-cfc7-423c-ba1f-09160eea4c71
2022-10-30 01:06:31,402 [RatisPipelineUtilsThread - 0] INFO  pipeline.PipelineStateManagerImpl (PipelineStateManagerImpl.java:addPipeline(103)) - Created pipeline Pipeline[ Id: b5af6123-9f72-4b26-8422-14838764cde0, Nodes: 58d8b8bb-cfc7-423c-ba1f-09160eea4c71{ip: 10.1.0.11, host: fv-az99-422.euuzywwtp3iu5l5aj42nbmzodg.gx.internal.cloudapp.net, ports: [REPLICATION=40581, RATIS=37145, RATIS_ADMIN=37145, RATIS_SERVER=37145, STANDALONE=33047], networkLocation: /default-rack, certSerialId: null, persistedOpState: IN_SERVICE, persistedOpStateExpiryEpochSec: 0}, ReplicationConfig: RATIS/ONE, State:ALLOCATED, leaderId:, CreationTimestamp2022-10-30T01:06:31.401Z[Etc/UTC]].
2022-10-30 01:06:31,720 [IPC Server handler 3 on default port 35291] INFO  net.NetworkTopologyImpl (NetworkTopologyImpl.java:add(112)) - Added a new node: /default-rack/57b0e5c4-d4d8-463c-8999-53af98295cd0
2022-10-30 01:06:31,721 [IPC Server handler 3 on default port 35291] INFO  node.SCMNodeManager (SCMNodeManager.java:register(397)) - Registered Data node : 57b0e5c4-d4d8-463c-8999-53af98295cd0{ip: 10.1.0.11, host: fv-az99-422.euuzywwtp3iu5l5aj42nbmzodg.gx.internal.cloudapp.net, ports: [REPLICATION=45861, RATIS=39941, RATIS_ADMIN=39941, RATIS_SERVER=39941, STANDALONE=38745], networkLocation: /default-rack, certSerialId: null, persistedOpState: null, persistedOpStateExpiryEpochSec: 0}
2022-10-30 01:06:31,721 [EventQueue-NewNodeForNewNodeHandler] INFO  pipeline.BackgroundPipelineCreator (BackgroundPipelineCreator.java:notifyEventTriggered(276)) - trigger a one-shot run on RatisPipelineUtilsThread.
2022-10-30 01:06:31,722 [RatisPipelineUtilsThread - 0] INFO  pipeline.RatisPipelineProvider (RatisPipelineProvider.java:lambda$create$0(195)) - Sending CreatePipelineCommand for pipeline:PipelineID=001561c0-34c3-4e24-b264-52edc75b76c9 to datanode:57b0e5c4-d4d8-463c-8999-53af98295cd0
2022-10-30 01:06:31,722 [RatisPipelineUtilsThread - 0] INFO  pipeline.PipelineStateManagerImpl (PipelineStateManagerImpl.java:addPipeline(103)) - Created pipeline Pipeline[ Id: 001561c0-34c3-4e24-b264-52edc75b76c9, Nodes: 57b0e5c4-d4d8-463c-8999-53af98295cd0{ip: 10.1.0.11, host: fv-az99-422.euuzywwtp3iu5l5aj42nbmzodg.gx.internal.cloudapp.net, ports: [REPLICATION=45861, RATIS=39941, RATIS_ADMIN=39941, RATIS_SERVER=39941, STANDALONE=38745], networkLocation: /default-rack, certSerialId: null, persistedOpState: IN_SERVICE, persistedOpStateExpiryEpochSec: 0}, ReplicationConfig: RATIS/ONE, State:ALLOCATED, leaderId:, CreationTimestamp2022-10-30T01:06:31.722Z[Etc/UTC]].
2022-10-30 01:06:31,723 [RatisPipelineUtilsThread - 0] INFO  pipeline.RatisPipelineProvider (RatisPipelineProvider.java:lambda$create$0(195)) - Sending CreatePipelineCommand for pipeline:PipelineID=eff5b8b8-11f4-4d83-acc7-0252a98196af to datanode:58d8b8bb-cfc7-423c-ba1f-09160eea4c71
2022-10-30 01:06:31,723 [RatisPipelineUtilsThread - 0] INFO  pipeline.RatisPipelineProvider (RatisPipelineProvider.java:lambda$create$0(195)) - Sending CreatePipelineCommand for pipeline:PipelineID=eff5b8b8-11f4-4d83-acc7-0252a98196af to datanode:edb0f50d-ef97-4088-a20b-1c61b9a9d6ec
2022-10-30 01:06:31,723 [RatisPipelineUtilsThread - 0] INFO  pipeline.RatisPipelineProvider (RatisPipelineProvider.java:lambda$create$0(195)) - Sending CreatePipelineCommand for pipeline:PipelineID=eff5b8b8-11f4-4d83-acc7-0252a98196af to datanode:57b0e5c4-d4d8-463c-8999-53af98295cd0
2022-10-30 01:06:31,724 [RatisPipelineUtilsThread - 0] INFO  pipeline.PipelineStateManagerImpl (PipelineStateManagerImpl.java:addPipeline(103)) - Created pipeline Pipeline[ Id: eff5b8b8-11f4-4d83-acc7-0252a98196af, Nodes: 58d8b8bb-cfc7-423c-ba1f-09160eea4c71{ip: 10.1.0.11, host: fv-az99-422.euuzywwtp3iu5l5aj42nbmzodg.gx.internal.cloudapp.net, ports: [REPLICATION=40581, RATIS=37145, RATIS_ADMIN=37145, RATIS_SERVER=37145, STANDALONE=33047], networkLocation: /default-rack, certSerialId: null, persistedOpState: IN_SERVICE, persistedOpStateExpiryEpochSec: 0}edb0f50d-ef97-4088-a20b-1c61b9a9d6ec{ip: 10.1.0.11, host: fv-az99-422.euuzywwtp3iu5l5aj42nbmzodg.gx.internal.cloudapp.net, ports: [REPLICATION=37555, RATIS=41147, RATIS_ADMIN=41147, RATIS_SERVER=41147, STANDALONE=45487], networkLocation: /default-rack, certSerialId: null, persistedOpState: IN_SERVICE, persistedOpStateExpiryEpochSec: 0}57b0e5c4-d4d8-463c-8999-53af98295cd0{ip: 10.1.0.11, host: fv-az99-422.euuzywwtp3iu5l5aj42nbmzodg.gx.internal.cloudapp.net, ports: [REPLICATION=45861, RATIS=39941, RATIS_ADMIN=39941, RATIS_SERVER=39941, STANDALONE=38745], networkLocation: /default-rack, certSerialId: null, persistedOpState: IN_SERVICE, persistedOpStateExpiryEpochSec: 0}, ReplicationConfig: RATIS/THREE, State:ALLOCATED, leaderId:, CreationTimestamp2022-10-30T01:06:31.723Z[Etc/UTC]].
2022-10-30 01:06:31,726 [RatisPipelineUtilsThread - 0] INFO  pipeline.RatisPipelineProvider (RatisPipelineProvider.java:lambda$create$0(195)) - Sending CreatePipelineCommand for pipeline:PipelineID=7193abbf-4330-428e-b407-25e74ea5bf7a to datanode:57b0e5c4-d4d8-463c-8999-53af98295cd0
2022-10-30 01:06:31,726 [RatisPipelineUtilsThread - 0] INFO  pipeline.RatisPipelineProvider (RatisPipelineProvider.java:lambda$create$0(195)) - Sending CreatePipelineCommand for pipeline:PipelineID=7193abbf-4330-428e-b407-25e74ea5bf7a to datanode:edb0f50d-ef97-4088-a20b-1c61b9a9d6ec
2022-10-30 01:06:31,726 [RatisPipelineUtilsThread - 0] INFO  pipeline.RatisPipelineProvider (RatisPipelineProvider.java:lambda$create$0(195)) - Sending CreatePipelineCommand for pipeline:PipelineID=7193abbf-4330-428e-b407-25e74ea5bf7a to datanode:58d8b8bb-cfc7-423c-ba1f-09160eea4c71
2022-10-30 01:06:31,727 [RatisPipelineUtilsThread - 0] INFO  pipeline.PipelineStateManagerImpl (PipelineStateManagerImpl.java:addPipeline(103)) - Created pipeline Pipeline[ Id: 7193abbf-4330-428e-b407-25e74ea5bf7a, Nodes: 57b0e5c4-d4d8-463c-8999-53af98295cd0{ip: 10.1.0.11, host: fv-az99-422.euuzywwtp3iu5l5aj42nbmzodg.gx.internal.cloudapp.net, ports: [REPLICATION=45861, RATIS=39941, RATIS_ADMIN=39941, RATIS_SERVER=39941, STANDALONE=38745], networkLocation: /default-rack, certSerialId: null, persistedOpState: IN_SERVICE, persistedOpStateExpiryEpochSec: 0}edb0f50d-ef97-4088-a20b-1c61b9a9d6ec{ip: 10.1.0.11, host: fv-az99-422.euuzywwtp3iu5l5aj42nbmzodg.gx.internal.cloudapp.net, ports: [REPLICATION=37555, RATIS=41147, RATIS_ADMIN=41147, RATIS_SERVER=41147, STANDALONE=45487], networkLocation: /default-rack, certSerialId: null, persistedOpState: IN_SERVICE, persistedOpStateExpiryEpochSec: 0}58d8b8bb-cfc7-423c-ba1f-09160eea4c71{ip: 10.1.0.11, host: fv-az99-422.euuzywwtp3iu5l5aj42nbmzodg.gx.internal.cloudapp.net, ports: [REPLICATION=40581, RATIS=37145, RATIS_ADMIN=37145, RATIS_SERVER=37145, STANDALONE=33047], networkLocation: /default-rack, certSerialId: null, persistedOpState: IN_SERVICE, persistedOpStateExpiryEpochSec: 0}, ReplicationConfig: RATIS/THREE, State:ALLOCATED, leaderId:, CreationTimestamp2022-10-30T01:06:31.726Z[Etc/UTC]].
2022-10-30 01:06:31,727 [RatisPipelineUtilsThread - 0] INFO  pipeline.PipelineManagerImpl (PipelineManagerImpl.java:recordMetricsForPipeline(826)) - Pipeline: PipelineID=7193abbf-4330-428e-b407-25e74ea5bf7a contains same datanodes as previous pipelines: PipelineID=eff5b8b8-11f4-4d83-acc7-0252a98196af nodeIds: 57b0e5c4-d4d8-463c-8999-53af98295cd0, edb0f50d-ef97-4088-a20b-1c61b9a9d6ec, 58d8b8bb-cfc7-423c-ba1f-09160eea4c71
2022-10-30 01:06:32,092 [IPC Server handler 6 on default port 35291] INFO  net.NetworkTopologyImpl (NetworkTopologyImpl.java:add(112)) - Added a new node: /default-rack/758ec025-fe09-4bac-8062-a2014e5c8846
2022-10-30 01:06:32,093 [IPC Server handler 6 on default port 35291] INFO  node.SCMNodeManager (SCMNodeManager.java:register(397)) - Registered Data node : 758ec025-fe09-4bac-8062-a2014e5c8846{ip: 10.1.0.11, host: fv-az99-422.euuzywwtp3iu5l5aj42nbmzodg.gx.internal.cloudapp.net, ports: [REPLICATION=39637, RATIS=46773, RATIS_ADMIN=46773, RATIS_SERVER=46773, STANDALONE=39087], networkLocation: /default-rack, certSerialId: null, persistedOpState: null, persistedOpStateExpiryEpochSec: 0}
2022-10-30 01:06:32,093 [EventQueue-NewNodeForNewNodeHandler] INFO  pipeline.BackgroundPipelineCreator (BackgroundPipelineCreator.java:notifyEventTriggered(276)) - trigger a one-shot run on RatisPipelineUtilsThread.
2022-10-30 01:06:32,094 [RatisPipelineUtilsThread - 0] INFO  pipeline.RatisPipelineProvider (RatisPipelineProvider.java:lambda$create$0(195)) - Sending CreatePipelineCommand for pipeline:PipelineID=fe4df078-031e-451d-83d6-e0a5e0fbaade to datanode:758ec025-fe09-4bac-8062-a2014e5c8846
2022-10-30 01:06:32,094 [RatisPipelineUtilsThread - 0] INFO  pipeline.PipelineStateManagerImpl (PipelineStateManagerImpl.java:addPipeline(103)) - Created pipeline Pipeline[ Id: fe4df078-031e-451d-83d6-e0a5e0fbaade, Nodes: 758ec025-fe09-4bac-8062-a2014e5c8846{ip: 10.1.0.11, host: fv-az99-422.euuzywwtp3iu5l5aj42nbmzodg.gx.internal.cloudapp.net, ports: [REPLICATION=39637, RATIS=46773, RATIS_ADMIN=46773, RATIS_SERVER=46773, STANDALONE=39087], networkLocation: /default-rack, certSerialId: null, persistedOpState: IN_SERVICE, persistedOpStateExpiryEpochSec: 0}, ReplicationConfig: RATIS/ONE, State:ALLOCATED, leaderId:, CreationTimestamp2022-10-30T01:06:32.094Z[Etc/UTC]].
2022-10-30 01:06:32,196 [Listener at 127.0.0.1/42013] INFO  ozone.MiniOzoneClusterImpl (MiniOzoneClusterImpl.java:lambda$waitForClusterToBeReady$0(216)) - Waiting for nodes to be ready. Got 7 of 10 DN Heartbeats.
2022-10-30 01:06:32,196 [Listener at 127.0.0.1/42013] INFO  ozone.MiniOzoneClusterImpl (MiniOzoneClusterImpl.java:lambda$waitForClusterToBeReady$0(219)) - Waiting for cluster to exit safe mode
2022-10-30 01:06:32,196 [Listener at 127.0.0.1/42013] INFO  ozone.MiniOzoneClusterImpl (MiniOzoneClusterImpl.java:lambda$waitForClusterToBeReady$0(221)) - SCM became leader
2022-10-30 01:06:32,428 [IPC Server handler 3 on default port 35291] INFO  net.NetworkTopologyImpl (NetworkTopologyImpl.java:add(112)) - Added a new node: /default-rack/42907c57-00bf-47e8-816a-b6f44f3b50df
2022-10-30 01:06:32,428 [IPC Server handler 3 on default port 35291] INFO  node.SCMNodeManager (SCMNodeManager.java:register(397)) - Registered Data node : 42907c57-00bf-47e8-816a-b6f44f3b50df{ip: 10.1.0.11, host: fv-az99-422.euuzywwtp3iu5l5aj42nbmzodg.gx.internal.cloudapp.net, ports: [REPLICATION=40841, RATIS=43117, RATIS_ADMIN=43117, RATIS_SERVER=43117, STANDALONE=36839], networkLocation: /default-rack, certSerialId: null, persistedOpState: null, persistedOpStateExpiryEpochSec: 0}
2022-10-30 01:06:32,429 [EventQueue-NewNodeForNewNodeHandler] INFO  pipeline.BackgroundPipelineCreator (BackgroundPipelineCreator.java:notifyEventTriggered(276)) - trigger a one-shot run on RatisPipelineUtilsThread.
2022-10-30 01:06:32,429 [RatisPipelineUtilsThread - 0] INFO  pipeline.RatisPipelineProvider (RatisPipelineProvider.java:lambda$create$0(195)) - Sending CreatePipelineCommand for pipeline:PipelineID=7a245311-3a6c-416a-afda-287084f2e785 to datanode:42907c57-00bf-47e8-816a-b6f44f3b50df
2022-10-30 01:06:32,430 [RatisPipelineUtilsThread - 0] INFO  pipeline.PipelineStateManagerImpl (PipelineStateManagerImpl.java:addPipeline(103)) - Created pipeline Pipeline[ Id: 7a245311-3a6c-416a-afda-287084f2e785, Nodes: 42907c57-00bf-47e8-816a-b6f44f3b50df{ip: 10.1.0.11, host: fv-az99-422.euuzywwtp3iu5l5aj42nbmzodg.gx.internal.cloudapp.net, ports: [REPLICATION=40841, RATIS=43117, RATIS_ADMIN=43117, RATIS_SERVER=43117, STANDALONE=36839], networkLocation: /default-rack, certSerialId: null, persistedOpState: IN_SERVICE, persistedOpStateExpiryEpochSec: 0}, ReplicationConfig: RATIS/ONE, State:ALLOCATED, leaderId:, CreationTimestamp2022-10-30T01:06:32.429Z[Etc/UTC]].
2022-10-30 01:06:32,758 [IPC Server handler 5 on default port 35291] INFO  net.NetworkTopologyImpl (NetworkTopologyImpl.java:add(112)) - Added a new node: /default-rack/96632972-14e0-44d5-b3f2-8f1b1022e85f
2022-10-30 01:06:32,758 [IPC Server handler 5 on default port 35291] INFO  node.SCMNodeManager (SCMNodeManager.java:register(397)) - Registered Data node : 96632972-14e0-44d5-b3f2-8f1b1022e85f{ip: 10.1.0.11, host: fv-az99-422.euuzywwtp3iu5l5aj42nbmzodg.gx.internal.cloudapp.net, ports: [REPLICATION=46235, RATIS=41713, RATIS_ADMIN=41713, RATIS_SERVER=41713, STANDALONE=44421], networkLocation: /default-rack, certSerialId: null, persistedOpState: null, persistedOpStateExpiryEpochSec: 0}
2022-10-30 01:06:32,759 [EventQueue-NewNodeForNewNodeHandler] INFO  pipeline.BackgroundPipelineCreator (BackgroundPipelineCreator.java:notifyEventTriggered(276)) - trigger a one-shot run on RatisPipelineUtilsThread.
2022-10-30 01:06:32,761 [RatisPipelineUtilsThread - 0] INFO  pipeline.RatisPipelineProvider (RatisPipelineProvider.java:lambda$create$0(195)) - Sending CreatePipelineCommand for pipeline:PipelineID=97cb59fb-f590-4699-b981-a38106db0496 to datanode:96632972-14e0-44d5-b3f2-8f1b1022e85f
2022-10-30 01:06:32,761 [RatisPipelineUtilsThread - 0] INFO  pipeline.PipelineStateManagerImpl (PipelineStateManagerImpl.java:addPipeline(103)) - Created pipeline Pipeline[ Id: 97cb59fb-f590-4699-b981-a38106db0496, Nodes: 96632972-14e0-44d5-b3f2-8f1b1022e85f{ip: 10.1.0.11, host: fv-az99-422.euuzywwtp3iu5l5aj42nbmzodg.gx.internal.cloudapp.net, ports: [REPLICATION=46235, RATIS=41713, RATIS_ADMIN=41713, RATIS_SERVER=41713, STANDALONE=44421], networkLocation: /default-rack, certSerialId: null, persistedOpState: IN_SERVICE, persistedOpStateExpiryEpochSec: 0}, ReplicationConfig: RATIS/ONE, State:ALLOCATED, leaderId:, CreationTimestamp2022-10-30T01:06:32.761Z[Etc/UTC]].
2022-10-30 01:06:32,762 [RatisPipelineUtilsThread - 0] INFO  pipeline.RatisPipelineProvider (RatisPipelineProvider.java:lambda$create$0(195)) - Sending CreatePipelineCommand for pipeline:PipelineID=3132103f-68a2-45c8-9404-93eb23a6c8f4 to datanode:42907c57-00bf-47e8-816a-b6f44f3b50df
2022-10-30 01:06:32,762 [RatisPipelineUtilsThread - 0] INFO  pipeline.RatisPipelineProvider (RatisPipelineProvider.java:lambda$create$0(195)) - Sending CreatePipelineCommand for pipeline:PipelineID=3132103f-68a2-45c8-9404-93eb23a6c8f4 to datanode:758ec025-fe09-4bac-8062-a2014e5c8846
2022-10-30 01:06:32,762 [RatisPipelineUtilsThread - 0] INFO  pipeline.RatisPipelineProvider (RatisPipelineProvider.java:lambda$create$0(195)) - Sending CreatePipelineCommand for pipeline:PipelineID=3132103f-68a2-45c8-9404-93eb23a6c8f4 to datanode:96632972-14e0-44d5-b3f2-8f1b1022e85f
2022-10-30 01:06:32,763 [RatisPipelineUtilsThread - 0] INFO  pipeline.PipelineStateManagerImpl (PipelineStateManagerImpl.java:addPipeline(103)) - Created pipeline Pipeline[ Id: 3132103f-68a2-45c8-9404-93eb23a6c8f4, Nodes: 42907c57-00bf-47e8-816a-b6f44f3b50df{ip: 10.1.0.11, host: fv-az99-422.euuzywwtp3iu5l5aj42nbmzodg.gx.internal.cloudapp.net, ports: [REPLICATION=40841, RATIS=43117, RATIS_ADMIN=43117, RATIS_SERVER=43117, STANDALONE=36839], networkLocation: /default-rack, certSerialId: null, persistedOpState: IN_SERVICE, persistedOpStateExpiryEpochSec: 0}758ec025-fe09-4bac-8062-a2014e5c8846{ip: 10.1.0.11, host: fv-az99-422.euuzywwtp3iu5l5aj42nbmzodg.gx.internal.cloudapp.net, ports: [REPLICATION=39637, RATIS=46773, RATIS_ADMIN=46773, RATIS_SERVER=46773, STANDALONE=39087], networkLocation: /default-rack, certSerialId: null, persistedOpState: IN_SERVICE, persistedOpStateExpiryEpochSec: 0}96632972-14e0-44d5-b3f2-8f1b1022e85f{ip: 10.1.0.11, host: fv-az99-422.euuzywwtp3iu5l5aj42nbmzodg.gx.internal.cloudapp.net, ports: [REPLICATION=46235, RATIS=41713, RATIS_ADMIN=41713, RATIS_SERVER=41713, STANDALONE=44421], networkLocation: /default-rack, certSerialId: null, persistedOpState: IN_SERVICE, persistedOpStateExpiryEpochSec: 0}, ReplicationConfig: RATIS/THREE, State:ALLOCATED, leaderId:, CreationTimestamp2022-10-30T01:06:32.762Z[Etc/UTC]].
2022-10-30 01:06:32,765 [RatisPipelineUtilsThread - 0] INFO  pipeline.RatisPipelineProvider (RatisPipelineProvider.java:lambda$create$0(195)) - Sending CreatePipelineCommand for pipeline:PipelineID=e2a87e45-9f15-4d40-92e0-63c8a9f83e46 to datanode:96632972-14e0-44d5-b3f2-8f1b1022e85f
2022-10-30 01:06:32,765 [RatisPipelineUtilsThread - 0] INFO  pipeline.RatisPipelineProvider (RatisPipelineProvider.java:lambda$create$0(195)) - Sending CreatePipelineCommand for pipeline:PipelineID=e2a87e45-9f15-4d40-92e0-63c8a9f83e46 to datanode:758ec025-fe09-4bac-8062-a2014e5c8846
2022-10-30 01:06:32,765 [RatisPipelineUtilsThread - 0] INFO  pipeline.RatisPipelineProvider (RatisPipelineProvider.java:lambda$create$0(195)) - Sending CreatePipelineCommand for pipeline:PipelineID=e2a87e45-9f15-4d40-92e0-63c8a9f83e46 to datanode:42907c57-00bf-47e8-816a-b6f44f3b50df
2022-10-30 01:06:32,765 [RatisPipelineUtilsThread - 0] INFO  pipeline.PipelineStateManagerImpl (PipelineStateManagerImpl.java:addPipeline(103)) - Created pipeline Pipeline[ Id: e2a87e45-9f15-4d40-92e0-63c8a9f83e46, Nodes: 96632972-14e0-44d5-b3f2-8f1b1022e85f{ip: 10.1.0.11, host: fv-az99-422.euuzywwtp3iu5l5aj42nbmzodg.gx.internal.cloudapp.net, ports: [REPLICATION=46235, RATIS=41713, RATIS_ADMIN=41713, RATIS_SERVER=41713, STANDALONE=44421], networkLocation: /default-rack, certSerialId: null, persistedOpState: IN_SERVICE, persistedOpStateExpiryEpochSec: 0}758ec025-fe09-4bac-8062-a2014e5c8846{ip: 10.1.0.11, host: fv-az99-422.euuzywwtp3iu5l5aj42nbmzodg.gx.internal.cloudapp.net, ports: [REPLICATION=39637, RATIS=46773, RATIS_ADMIN=46773, RATIS_SERVER=46773, STANDALONE=39087], networkLocation: /default-rack, certSerialId: null, persistedOpState: IN_SERVICE, persistedOpStateExpiryEpochSec: 0}42907c57-00bf-47e8-816a-b6f44f3b50df{ip: 10.1.0.11, host: fv-az99-422.euuzywwtp3iu5l5aj42nbmzodg.gx.internal.cloudapp.net, ports: [REPLICATION=40841, RATIS=43117, RATIS_ADMIN=43117, RATIS_SERVER=43117, STANDALONE=36839], networkLocation: /default-rack, certSerialId: null, persistedOpState: IN_SERVICE, persistedOpStateExpiryEpochSec: 0}, ReplicationConfig: RATIS/THREE, State:ALLOCATED, leaderId:, CreationTimestamp2022-10-30T01:06:32.765Z[Etc/UTC]].
2022-10-30 01:06:32,766 [RatisPipelineUtilsThread - 0] INFO  pipeline.PipelineManagerImpl (PipelineManagerImpl.java:recordMetricsForPipeline(826)) - Pipeline: PipelineID=e2a87e45-9f15-4d40-92e0-63c8a9f83e46 contains same datanodes as previous pipelines: PipelineID=3132103f-68a2-45c8-9404-93eb23a6c8f4 nodeIds: 96632972-14e0-44d5-b3f2-8f1b1022e85f, 758ec025-fe09-4bac-8062-a2014e5c8846, 42907c57-00bf-47e8-816a-b6f44f3b50df
2022-10-30 01:06:32,985 [Command processor thread] INFO  server.RaftServer (RaftServerProxy.java:addNew(96)) - 86e92292-7141-46cb-9ed5-093a2cfc2b40: addNew group-89BC2ECE481D:[86e92292-7141-46cb-9ed5-093a2cfc2b40|rpc:10.1.0.11:44269|priority:1|startupRole:FOLLOWER] returns group-89BC2ECE481D:java.util.concurrent.CompletableFuture@20f61b52[Not completed]
2022-10-30 01:06:32,998 [pool-72-thread-1] INFO  server.RaftServer$Division (RaftServerImpl.java:<init>(195)) - 86e92292-7141-46cb-9ed5-093a2cfc2b40: new RaftServerImpl for group-89BC2ECE481D:[86e92292-7141-46cb-9ed5-093a2cfc2b40|rpc:10.1.0.11:44269|priority:1|startupRole:FOLLOWER] with ContainerStateMachine:uninitialized
2022-10-30 01:06:32,998 [pool-72-thread-1] INFO  server.RaftServerConfigKeys (ConfUtils.java:logGet(46)) - raft.server.rpc.timeout.min = 5s (custom)
2022-10-30 01:06:32,998 [pool-72-thread-1] INFO  server.RaftServerConfigKeys (ConfUtils.java:logGet(46)) - raft.server.rpc.timeout.max = 5200ms (custom)
2022-10-30 01:06:32,998 [pool-72-thread-1] INFO  server.RaftServerConfigKeys (ConfUtils.java:logGet(46)) - raft.server.rpc.sleep.time = 25ms (default)
2022-10-30 01:06:32,998 [pool-72-thread-1] INFO  server.RaftServerConfigKeys (ConfUtils.java:logGet(46)) - raft.server.rpc.slowness.timeout = 300s (custom)
2022-10-30 01:06:32,999 [pool-72-thread-1] INFO  server.RaftServerConfigKeys (ConfUtils.java:logGet(46)) - raft.server.leaderelection.leader.step-down.wait-time = 10s (default)
2022-10-30 01:06:32,999 [pool-72-thread-1] INFO  server.RaftServerConfigKeys (ConfUtils.java:logGet(46)) - raft.server.sleep.deviation.threshold = 300ms (default)
2022-10-30 01:06:32,999 [pool-72-thread-1] INFO  server.RaftServer$Division (ServerState.java:<init>(118)) - 86e92292-7141-46cb-9ed5-093a2cfc2b40@group-89BC2ECE481D: ConfigurationManager, init=-1: peers:[86e92292-7141-46cb-9ed5-093a2cfc2b40|rpc:10.1.0.11:44269|priority:1|startupRole:FOLLOWER]|listeners:[], old=null, confs=<EMPTY_MAP>
2022-10-30 01:06:32,999 [pool-72-thread-1] INFO  server.RaftServerConfigKeys (ConfUtils.java:logGet(46)) - raft.server.storage.dir = [/home/runner/work/ozone/ozone/hadoop-ozone/integration-test/target/test-dir/MiniOzoneClusterImpl-d77d6c10-3d51-4ae5-b04b-b5f3d2f20a3f/datanode-0/data/ratis] (custom)
2022-10-30 01:06:32,999 [pool-72-thread-1] INFO  server.RaftServerConfigKeys (ConfUtils.java:logGet(46)) - raft.server.log.corruption.policy = EXCEPTION (default)
2022-10-30 01:06:32,999 [pool-72-thread-1] INFO  server.RaftServerConfigKeys (ConfUtils.java:logGet(46)) - raft.server.storage.free-space.min = 0MB (=0) (default)
2022-10-30 01:06:32,999 [pool-72-thread-1] INFO  server.RaftServerConfigKeys (ConfUtils.java:logGet(46)) - raft.server.notification.no-leader.timeout = 300s (custom)
2022-10-30 01:06:32,999 [pool-72-thread-1] INFO  server.RaftServerConfigKeys (ConfUtils.java:logGet(46)) - raft.server.retrycache.expirytime = 600000ms (custom)
2022-10-30 01:06:32,999 [pool-72-thread-1] INFO  server.RaftServerConfigKeys (ConfUtils.java:logGet(46)) - raft.server.retrycache.statistics.expirytime = 100μs (default)
2022-10-30 01:06:33,003 [pool-72-thread-1] INFO  server.RaftServerConfigKeys (ConfUtils.java:logGet(46)) - raft.server.log.appender.install.snapshot.enabled = false (custom)
2022-10-30 01:06:33,003 [pool-72-thread-1] INFO  server.RaftServerConfigKeys (ConfUtils.java:logGet(46)) - raft.server.threadpool.server.cached = true (default)
2022-10-30 01:06:33,003 [pool-72-thread-1] INFO  server.RaftServerConfigKeys (ConfUtils.java:logGet(46)) - raft.server.threadpool.server.size = 0 (default)
2022-10-30 01:06:33,004 [pool-72-thread-1] INFO  server.RaftServerConfigKeys (ConfUtils.java:logGet(46)) - raft.server.threadpool.client.cached = true (default)
2022-10-30 01:06:33,004 [pool-72-thread-1] INFO  server.RaftServerConfigKeys (ConfUtils.java:logGet(46)) - raft.server.threadpool.client.size = 0 (default)
2022-10-30 01:06:33,004 [pool-72-thread-1] INFO  storage.RaftStorageDirectory (RaftStorageDirectoryImpl.java:analyzeStorage(137)) - The storage directory /home/runner/work/ozone/ozone/hadoop-ozone/integration-test/target/test-dir/MiniOzoneClusterImpl-d77d6c10-3d51-4ae5-b04b-b5f3d2f20a3f/datanode-0/data/ratis/14b03143-e994-4b5c-8c0f-89bc2ece481d does not exist. Creating ...
2022-10-30 01:06:33,006 [pool-72-thread-1] INFO  storage.RaftStorageDirectory (RaftStorageDirectoryImpl.java:tryLock(231)) - Lock on /home/runner/work/ozone/ozone/hadoop-ozone/integration-test/target/test-dir/MiniOzoneClusterImpl-d77d6c10-3d51-4ae5-b04b-b5f3d2f20a3f/datanode-0/data/ratis/14b03143-e994-4b5c-8c0f-89bc2ece481d/in_use.lock acquired by nodename 13950@fv-az99-422
2022-10-30 01:06:33,007 [pool-72-thread-1] INFO  storage.RaftStorage (RaftStorageImpl.java:format(96)) - Storage directory /home/runner/work/ozone/ozone/hadoop-ozone/integration-test/target/test-dir/MiniOzoneClusterImpl-d77d6c10-3d51-4ae5-b04b-b5f3d2f20a3f/datanode-0/data/ratis/14b03143-e994-4b5c-8c0f-89bc2ece481d has been successfully formatted.
2022-10-30 01:06:33,010 [pool-72-thread-1] INFO  ratis.ContainerStateMachine (ContainerStateMachine.java:loadSnapshot(236)) - group-89BC2ECE481D: The snapshot info is null. Setting the last applied indexto:(t:0, i:~)
2022-10-30 01:06:33,010 [pool-72-thread-1] INFO  server.RaftServerConfigKeys (ConfUtils.java:logGet(46)) - raft.server.log.use.memory = false (default)
2022-10-30 01:06:33,011 [pool-72-thread-1] INFO  server.RaftServerConfigKeys (ConfUtils.java:logGet(46)) - raft.server.log.purge.gap = 1000000 (custom)
2022-10-30 01:06:33,011 [pool-72-thread-1] INFO  server.RaftServerConfigKeys (ConfUtils.java:logGet(46)) - raft.server.log.appender.buffer.byte-limit = 33554432 (custom)
2022-10-30 01:06:33,011 [pool-72-thread-1] INFO  server.RaftServerConfigKeys (ConfUtils.java:logGet(46)) - raft.server.log.statemachine.data.read.timeout = 1000ms (default)
2022-10-30 01:06:33,011 [pool-72-thread-1] INFO  server.RaftServerConfigKeys (ConfUtils.java:logGet(46)) - raft.server.log.purge.preservation.log.num = 0 (default)
2022-10-30 01:06:33,014 [EventQueue-PipelineReportForPipelineReportHandler] INFO  pipeline.PipelineManagerImpl (PipelineManagerImpl.java:openPipeline(367)) - Pipeline Pipeline[ Id: 14b03143-e994-4b5c-8c0f-89bc2ece481d, Nodes: 86e92292-7141-46cb-9ed5-093a2cfc2b40{ip: 10.1.0.11, host: fv-az99-422.euuzywwtp3iu5l5aj42nbmzodg.gx.internal.cloudapp.net, ports: [REPLICATION=42541, RATIS=44269, RATIS_ADMIN=44269, RATIS_SERVER=44269, STANDALONE=37771], networkLocation: /default-rack, certSerialId: null, persistedOpState: IN_SERVICE, persistedOpStateExpiryEpochSec: 0}, ReplicationConfig: RATIS/ONE, State:ALLOCATED, leaderId:86e92292-7141-46cb-9ed5-093a2cfc2b40, CreationTimestamp2022-10-30T01:06:29.992Z[Etc/UTC]] moved to OPEN state
2022-10-30 01:06:33,016 [EventQueue-OpenPipelineForHealthyPipelineSafeModeRule] INFO  safemode.SCMSafeModeManager (HealthyPipelineSafeModeRule.java:process(137)) - SCM in safe mode. Healthy pipelines reported count is 0, required healthy pipeline reported count is 1
2022-10-30 01:06:33,018 [pool-72-thread-1] INFO  server.RaftServerConfigKeys (ConfUtils.java:logGet(46)) - raft.server.log.segment.size.max = 1048576 (custom)
2022-10-30 01:06:33,019 [pool-72-thread-1] INFO  server.RaftServerConfigKeys (ConfUtils.java:logGet(46)) - raft.server.log.segment.cache.num.max = 2 (custom)
2022-10-30 01:06:33,019 [pool-72-thread-1] INFO  server.RaftServerConfigKeys (ConfUtils.java:logGet(46)) - raft.server.log.segment.cache.size.max = 200MB (=209715200) (default)
2022-10-30 01:06:33,020 [pool-72-thread-1] INFO  segmented.SegmentedRaftLogWorker (SegmentedRaftLogWorker.java:<init>(191)) - new 86e92292-7141-46cb-9ed5-093a2cfc2b40@group-89BC2ECE481D-SegmentedRaftLogWorker for RaftStorageImpl:Storage Directory /home/runner/work/ozone/ozone/hadoop-ozone/integration-test/target/test-dir/MiniOzoneClusterImpl-d77d6c10-3d51-4ae5-b04b-b5f3d2f20a3f/datanode-0/data/ratis/14b03143-e994-4b5c-8c0f-89bc2ece481d
2022-10-30 01:06:33,020 [pool-72-thread-1] INFO  server.RaftServerConfigKeys (ConfUtils.java:logGet(46)) - raft.server.log.queue.byte-limit = 4294967296 (custom)
2022-10-30 01:06:33,020 [pool-72-thread-1] INFO  server.RaftServerConfigKeys (ConfUtils.java:logGet(46)) - raft.server.log.queue.element-limit = 1024 (custom)
2022-10-30 01:06:33,020 [pool-72-thread-1] INFO  server.RaftServerConfigKeys (ConfUtils.java:logGet(46)) - raft.server.log.segment.size.max = 1048576 (custom)
2022-10-30 01:06:33,020 [pool-72-thread-1] INFO  server.RaftServerConfigKeys (ConfUtils.java:logGet(46)) - raft.server.log.preallocated.size = 16384 (custom)
2022-10-30 01:06:33,020 [pool-72-thread-1] INFO  server.RaftServerConfigKeys (ConfUtils.java:logGet(46)) - raft.server.log.force.sync.num = 128 (default)
2022-10-30 01:06:33,020 [pool-72-thread-1] INFO  server.RaftServerConfigKeys (ConfUtils.java:logGet(46)) - raft.server.log.statemachine.data.sync = true (default)
2022-10-30 01:06:33,020 [pool-72-thread-1] INFO  server.RaftServerConfigKeys (ConfUtils.java:logGet(46)) - raft.server.log.statemachine.data.sync.timeout = 10s (default)
2022-10-30 01:06:33,020 [pool-72-thread-1] INFO  server.RaftServerConfigKeys (ConfUtils.java:logGet(46)) - raft.server.log.statemachine.data.sync.timeout.retry = -1 (default)
2022-10-30 01:06:33,030 [pool-72-thread-1] INFO  server.RaftServerConfigKeys (ConfUtils.java:logGet(46)) - raft.server.log.write.buffer.size = 1048576 (custom)
2022-10-30 01:06:33,030 [pool-72-thread-1] INFO  server.RaftServerConfigKeys (ConfUtils.java:logGet(46)) - raft.server.log.unsafe-flush.enabled = false (default)
2022-10-30 01:06:33,030 [pool-72-thread-1] INFO  server.RaftServerConfigKeys (ConfUtils.java:logGet(46)) - raft.server.log.async-flush.enabled = false (default)
2022-10-30 01:06:33,030 [pool-72-thread-1] INFO  server.RaftServerConfigKeys (ConfUtils.java:logGet(46)) - raft.server.log.statemachine.data.caching.enabled = true (custom)
2022-10-30 01:06:33,030 [pool-72-thread-1] INFO  segmented.SegmentedRaftLogWorker (SegmentedRaftLogWorker.java:lambda$new$0(136)) - 86e92292-7141-46cb-9ed5-093a2cfc2b40@group-89BC2ECE481D-SegmentedRaftLogWorker: flushIndex: setUnconditionally 0 -> -1
2022-10-30 01:06:33,030 [pool-72-thread-1] INFO  segmented.SegmentedRaftLogWorker (SegmentedRaftLogWorker.java:lambda$new$0(136)) - 86e92292-7141-46cb-9ed5-093a2cfc2b40@group-89BC2ECE481D-SegmentedRaftLogWorker: safeCacheEvictIndex: setUnconditionally 0 -> -1
2022-10-30 01:06:33,033 [pool-72-thread-1] INFO  server.RaftServer$Division (RaftServerImpl.java:start(334)) - 86e92292-7141-46cb-9ed5-093a2cfc2b40@group-89BC2ECE481D: start as a follower, conf=-1: peers:[86e92292-7141-46cb-9ed5-093a2cfc2b40|rpc:10.1.0.11:44269|priority:1|startupRole:FOLLOWER]|listeners:[], old=null
2022-10-30 01:06:33,033 [pool-72-thread-1] INFO  server.RaftServer$Division (RaftServerImpl.java:setRole(321)) - 86e92292-7141-46cb-9ed5-093a2cfc2b40@group-89BC2ECE481D: changes role from      null to FOLLOWER at term 0 for startAsFollower
2022-10-30 01:06:33,033 [pool-72-thread-1] INFO  impl.RoleInfo (RoleInfo.java:updateAndGet(139)) - 86e92292-7141-46cb-9ed5-093a2cfc2b40: start 86e92292-7141-46cb-9ed5-093a2cfc2b40@group-89BC2ECE481D-FollowerState
2022-10-30 01:06:33,034 [pool-72-thread-1] INFO  util.JmxRegister (JmxRegister.java:tryRegister(44)) - Successfully registered JMX Bean with object name Ratis:service=RaftServer,group=group-89BC2ECE481D,id=86e92292-7141-46cb-9ed5-093a2cfc2b40
2022-10-30 01:06:33,035 [86e92292-7141-46cb-9ed5-093a2cfc2b40@group-89BC2ECE481D-FollowerState] INFO  server.RaftServerConfigKeys (ConfUtils.java:logFallback(53)) - raft.server.rpc.first-election.timeout.min = 5s (fallback to raft.server.rpc.timeout.min)
2022-10-30 01:06:33,035 [pool-72-thread-1] INFO  server.RaftServerConfigKeys (ConfUtils.java:logGet(46)) - raft.server.snapshot.auto.trigger.enabled = true (custom)
2022-10-30 01:06:33,035 [86e92292-7141-46cb-9ed5-093a2cfc2b40@group-89BC2ECE481D-FollowerState] INFO  server.RaftServerConfigKeys (ConfUtils.java:logFallback(53)) - raft.server.rpc.first-election.timeout.max = 5200ms (fallback to raft.server.rpc.timeout.max)
2022-10-30 01:06:33,035 [pool-72-thread-1] INFO  server.RaftServerConfigKeys (ConfUtils.java:logGet(46)) - raft.server.snapshot.auto.trigger.threshold = 10000 (custom)
2022-10-30 01:06:33,035 [pool-72-thread-1] INFO  server.RaftServerConfigKeys (ConfUtils.java:logGet(46)) - raft.server.snapshot.retention.file.num = 5 (custom)
2022-10-30 01:06:33,035 [pool-72-thread-1] INFO  server.RaftServerConfigKeys (ConfUtils.java:logGet(46)) - raft.server.log.purge.upto.snapshot.index = false (default)
2022-10-30 01:06:33,043 [Command processor thread] INFO  ratis.XceiverServerRatis (XceiverServerRatis.java:addGroup(765)) - Created group PipelineID=14b03143-e994-4b5c-8c0f-89bc2ece481d
2022-10-30 01:06:33,044 [Command processor thread] INFO  commandhandler.CreatePipelineCommandHandler (CreatePipelineCommandHandler.java:handle(113)) - Created Pipeline RATIS ONE PipelineID=14b03143-e994-4b5c-8c0f-89bc2ece481d.
2022-10-30 01:06:33,044 [Command processor thread] INFO  server.RaftServer (RaftServerProxy.java:addNew(96)) - 86e92292-7141-46cb-9ed5-093a2cfc2b40: addNew group-C5655235CD35:[db967a0c-fd65-4f5b-99fe-08eeaf937185|rpc:10.1.0.11:46009|priority:0|startupRole:FOLLOWER, 7f2965ec-2a1d-4c0b-a486-0150db937947|rpc:10.1.0.11:43977|priority:1|startupRole:FOLLOWER, 86e92292-7141-46cb-9ed5-093a2cfc2b40|rpc:10.1.0.11:44269|priority:0|startupRole:FOLLOWER] returns group-C5655235CD35:java.util.concurrent.CompletableFuture@2765303c[Not completed]
2022-10-30 01:06:33,046 [pool-72-thread-1] INFO  server.RaftServer$Division (RaftServerImpl.java:<init>(195)) - 86e92292-7141-46cb-9ed5-093a2cfc2b40: new RaftServerImpl for group-C5655235CD35:[db967a0c-fd65-4f5b-99fe-08eeaf937185|rpc:10.1.0.11:46009|priority:0|startupRole:FOLLOWER, 7f2965ec-2a1d-4c0b-a486-0150db937947|rpc:10.1.0.11:43977|priority:1|startupRole:FOLLOWER, 86e92292-7141-46cb-9ed5-093a2cfc2b40|rpc:10.1.0.11:44269|priority:0|startupRole:FOLLOWER] with ContainerStateMachine:uninitialized
2022-10-30 01:06:33,046 [pool-72-thread-1] INFO  server.RaftServerConfigKeys (ConfUtils.java:logGet(46)) - raft.server.rpc.timeout.min = 5s (custom)
2022-10-30 01:06:33,047 [pool-72-thread-1] INFO  server.RaftServerConfigKeys (ConfUtils.java:logGet(46)) - raft.server.rpc.timeout.max = 5200ms (custom)
2022-10-30 01:06:33,047 [pool-72-thread-1] INFO  server.RaftServerConfigKeys (ConfUtils.java:logGet(46)) - raft.server.rpc.sleep.time = 25ms (default)
2022-10-30 01:06:33,047 [pool-72-thread-1] INFO  server.RaftServerConfigKeys (ConfUtils.java:logGet(46)) - raft.server.rpc.slowness.timeout = 300s (custom)
2022-10-30 01:06:33,047 [pool-72-thread-1] INFO  server.RaftServerConfigKeys (ConfUtils.java:logGet(46)) - raft.server.leaderelection.leader.step-down.wait-time = 10s (default)
2022-10-30 01:06:33,049 [pool-72-thread-1] INFO  server.RaftServerConfigKeys (ConfUtils.java:logGet(46)) - raft.server.sleep.deviation.threshold = 300ms (default)
2022-10-30 01:06:33,049 [pool-72-thread-1] INFO  server.RaftServer$Division (ServerState.java:<init>(118)) - 86e92292-7141-46cb-9ed5-093a2cfc2b40@group-C5655235CD35: ConfigurationManager, init=-1: peers:[db967a0c-fd65-4f5b-99fe-08eeaf937185|rpc:10.1.0.11:46009|priority:0|startupRole:FOLLOWER, 7f2965ec-2a1d-4c0b-a486-0150db937947|rpc:10.1.0.11:43977|priority:1|startupRole:FOLLOWER, 86e92292-7141-46cb-9ed5-093a2cfc2b40|rpc:10.1.0.11:44269|priority:0|startupRole:FOLLOWER]|listeners:[], old=null, confs=<EMPTY_MAP>
2022-10-30 01:06:33,049 [pool-72-thread-1] INFO  server.RaftServerConfigKeys (ConfUtils.java:logGet(46)) - raft.server.storage.dir = [/home/runner/work/ozone/ozone/hadoop-ozone/integration-test/target/test-dir/MiniOzoneClusterImpl-d77d6c10-3d51-4ae5-b04b-b5f3d2f20a3f/datanode-0/data/ratis] (custom)
2022-10-30 01:06:33,049 [pool-72-thread-1] INFO  server.RaftServerConfigKeys (ConfUtils.java:logGet(46)) - raft.server.log.corruption.policy = EXCEPTION (default)
2022-10-30 01:06:33,049 [pool-72-thread-1] INFO  server.RaftServerConfigKeys (ConfUtils.java:logGet(46)) - raft.server.storage.free-space.min = 0MB (=0) (default)
2022-10-30 01:06:33,049 [pool-72-thread-1] INFO  server.RaftServerConfigKeys (ConfUtils.java:logGet(46)) - raft.server.notification.no-leader.timeout = 300s (custom)
2022-10-30 01:06:33,049 [pool-72-thread-1] INFO  server.RaftServerConfigKeys (ConfUtils.java:logGet(46)) - raft.server.retrycache.expirytime = 600000ms (custom)
2022-10-30 01:06:33,049 [pool-72-thread-1] INFO  server.RaftServerConfigKeys (ConfUtils.java:logGet(46)) - raft.server.retrycache.statistics.expirytime = 100μs (default)
2022-10-30 01:06:33,052 [pool-72-thread-1] INFO  server.RaftServerConfigKeys (ConfUtils.java:logGet(46)) - raft.server.log.appender.install.snapshot.enabled = false (custom)
2022-10-30 01:06:33,052 [pool-72-thread-1] INFO  server.RaftServerConfigKeys (ConfUtils.java:logGet(46)) - raft.server.threadpool.server.cached = true (default)
2022-10-30 01:06:33,052 [pool-72-thread-1] INFO  server.RaftServerConfigKeys (ConfUtils.java:logGet(46)) - raft.server.threadpool.server.size = 0 (default)
2022-10-30 01:06:33,052 [pool-72-thread-1] INFO  server.RaftServerConfigKeys (ConfUtils.java:logGet(46)) - raft.server.threadpool.client.cached = true (default)
2022-10-30 01:06:33,052 [pool-72-thread-1] INFO  server.RaftServerConfigKeys (ConfUtils.java:logGet(46)) - raft.server.threadpool.client.size = 0 (default)
2022-10-30 01:06:33,052 [pool-72-thread-1] INFO  storage.RaftStorageDirectory (RaftStorageDirectoryImpl.java:analyzeStorage(137)) - The storage directory /home/runner/work/ozone/ozone/hadoop-ozone/integration-test/target/test-dir/MiniOzoneClusterImpl-d77d6c10-3d51-4ae5-b04b-b5f3d2f20a3f/datanode-0/data/ratis/724b6ae5-f336-4c80-ae4d-c5655235cd35 does not exist. Creating ...
2022-10-30 01:06:33,058 [pool-72-thread-1] INFO  storage.RaftStorageDirectory (RaftStorageDirectoryImpl.java:tryLock(231)) - Lock on /home/runner/work/ozone/ozone/hadoop-ozone/integration-test/target/test-dir/MiniOzoneClusterImpl-d77d6c10-3d51-4ae5-b04b-b5f3d2f20a3f/datanode-0/data/ratis/724b6ae5-f336-4c80-ae4d-c5655235cd35/in_use.lock acquired by nodename 13950@fv-az99-422
2022-10-30 01:06:33,059 [pool-72-thread-1] INFO  storage.RaftStorage (RaftStorageImpl.java:format(96)) - Storage directory /home/runner/work/ozone/ozone/hadoop-ozone/integration-test/target/test-dir/MiniOzoneClusterImpl-d77d6c10-3d51-4ae5-b04b-b5f3d2f20a3f/datanode-0/data/ratis/724b6ae5-f336-4c80-ae4d-c5655235cd35 has been successfully formatted.
2022-10-30 01:06:33,063 [pool-72-thread-1] INFO  ratis.ContainerStateMachine (ContainerStateMachine.java:loadSnapshot(236)) - group-C5655235CD35: The snapshot info is null. Setting the last applied indexto:(t:0, i:~)
2022-10-30 01:06:33,063 [pool-72-thread-1] INFO  server.RaftServerConfigKeys (ConfUtils.java:logGet(46)) - raft.server.log.use.memory = false (default)
2022-10-30 01:06:33,063 [pool-72-thread-1] INFO  server.RaftServerConfigKeys (ConfUtils.java:logGet(46)) - raft.server.log.purge.gap = 1000000 (custom)
2022-10-30 01:06:33,063 [pool-72-thread-1] INFO  server.RaftServerConfigKeys (ConfUtils.java:logGet(46)) - raft.server.log.appender.buffer.byte-limit = 33554432 (custom)
2022-10-30 01:06:33,063 [pool-72-thread-1] INFO  server.RaftServerConfigKeys (ConfUtils.java:logGet(46)) - raft.server.log.statemachine.data.read.timeout = 1000ms (default)
2022-10-30 01:06:33,063 [pool-72-thread-1] INFO  server.RaftServerConfigKeys (ConfUtils.java:logGet(46)) - raft.server.log.purge.preservation.log.num = 0 (default)
2022-10-30 01:06:33,063 [pool-72-thread-1] INFO  server.RaftServerConfigKeys (ConfUtils.java:logGet(46)) - raft.server.log.segment.size.max = 1048576 (custom)
2022-10-30 01:06:33,064 [pool-72-thread-1] INFO  server.RaftServerConfigKeys (ConfUtils.java:logGet(46)) - raft.server.log.segment.cache.num.max = 2 (custom)
2022-10-30 01:06:33,064 [pool-72-thread-1] INFO  server.RaftServerConfigKeys (ConfUtils.java:logGet(46)) - raft.server.log.segment.cache.size.max = 200MB (=209715200) (default)
2022-10-30 01:06:33,064 [pool-72-thread-1] INFO  segmented.SegmentedRaftLogWorker (SegmentedRaftLogWorker.java:<init>(191)) - new 86e92292-7141-46cb-9ed5-093a2cfc2b40@group-C5655235CD35-SegmentedRaftLogWorker for RaftStorageImpl:Storage Directory /home/runner/work/ozone/ozone/hadoop-ozone/integration-test/target/test-dir/MiniOzoneClusterImpl-d77d6c10-3d51-4ae5-b04b-b5f3d2f20a3f/datanode-0/data/ratis/724b6ae5-f336-4c80-ae4d-c5655235cd35
2022-10-30 01:06:33,064 [pool-72-thread-1] INFO  server.RaftServerConfigKeys (ConfUtils.java:logGet(46)) - raft.server.log.queue.byte-limit = 4294967296 (custom)
2022-10-30 01:06:33,064 [pool-72-thread-1] INFO  server.RaftServerConfigKeys (ConfUtils.java:logGet(46)) - raft.server.log.queue.element-limit = 1024 (custom)
2022-10-30 01:06:33,064 [pool-72-thread-1] INFO  server.RaftServerConfigKeys (ConfUtils.java:logGet(46)) - raft.server.log.segment.size.max = 1048576 (custom)
2022-10-30 01:06:33,064 [pool-72-thread-1] INFO  server.RaftServerConfigKeys (ConfUtils.java:logGet(46)) - raft.server.log.preallocated.size = 16384 (custom)
2022-10-30 01:06:33,064 [pool-72-thread-1] INFO  server.RaftServerConfigKeys (ConfUtils.java:logGet(46)) - raft.server.log.force.sync.num = 128 (default)
2022-10-30 01:06:33,064 [pool-72-thread-1] INFO  server.RaftServerConfigKeys (ConfUtils.java:logGet(46)) - raft.server.log.statemachine.data.sync = true (default)
2022-10-30 01:06:33,064 [pool-72-thread-1] INFO  server.RaftServerConfigKeys (ConfUtils.java:logGet(46)) - raft.server.log.statemachine.data.sync.timeout = 10s (default)
2022-10-30 01:06:33,064 [pool-72-thread-1] INFO  server.RaftServerConfigKeys (ConfUtils.java:logGet(46)) - raft.server.log.statemachine.data.sync.timeout.retry = -1 (default)
2022-10-30 01:06:33,066 [pool-72-thread-1] INFO  server.RaftServerConfigKeys (ConfUtils.java:logGet(46)) - raft.server.log.write.buffer.size = 1048576 (custom)
2022-10-30 01:06:33,066 [pool-72-thread-1] INFO  server.RaftServerConfigKeys (ConfUtils.java:logGet(46)) - raft.server.log.unsafe-flush.enabled = false (default)
2022-10-30 01:06:33,066 [pool-72-thread-1] INFO  server.RaftServerConfigKeys (ConfUtils.java:logGet(46)) - raft.server.log.async-flush.enabled = false (default)
2022-10-30 01:06:33,066 [pool-72-thread-1] INFO  server.RaftServerConfigKeys (ConfUtils.java:logGet(46)) - raft.server.log.statemachine.data.caching.enabled = true (custom)
2022-10-30 01:06:33,067 [pool-72-thread-1] INFO  segmented.SegmentedRaftLogWorker (SegmentedRaftLogWorker.java:lambda$new$0(136)) - 86e92292-7141-46cb-9ed5-093a2cfc2b40@group-C5655235CD35-SegmentedRaftLogWorker: flushIndex: setUnconditionally 0 -> -1
2022-10-30 01:06:33,067 [pool-72-thread-1] INFO  segmented.SegmentedRaftLogWorker (SegmentedRaftLogWorker.java:lambda$new$0(136)) - 86e92292-7141-46cb-9ed5-093a2cfc2b40@group-C5655235CD35-SegmentedRaftLogWorker: safeCacheEvictIndex: setUnconditionally 0 -> -1
2022-10-30 01:06:33,067 [pool-72-thread-1] INFO  server.RaftServer$Division (RaftServerImpl.java:start(334)) - 86e92292-7141-46cb-9ed5-093a2cfc2b40@group-C5655235CD35: start as a follower, conf=-1: peers:[db967a0c-fd65-4f5b-99fe-08eeaf937185|rpc:10.1.0.11:46009|priority:0|startupRole:FOLLOWER, 7f2965ec-2a1d-4c0b-a486-0150db937947|rpc:10.1.0.11:43977|priority:1|startupRole:FOLLOWER, 86e92292-7141-46cb-9ed5-093a2cfc2b40|rpc:10.1.0.11:44269|priority:0|startupRole:FOLLOWER]|listeners:[], old=null
2022-10-30 01:06:33,067 [pool-72-thread-1] INFO  server.RaftServer$Division (RaftServerImpl.java:setRole(321)) - 86e92292-7141-46cb-9ed5-093a2cfc2b40@group-C5655235CD35: changes role from      null to FOLLOWER at term 0 for startAsFollower
2022-10-30 01:06:33,067 [pool-72-thread-1] INFO  impl.RoleInfo (RoleInfo.java:updateAndGet(139)) - 86e92292-7141-46cb-9ed5-093a2cfc2b40: start 86e92292-7141-46cb-9ed5-093a2cfc2b40@group-C5655235CD35-FollowerState
2022-10-30 01:06:33,067 [pool-72-thread-1] INFO  util.JmxRegister (JmxRegister.java:tryRegister(44)) - Successfully registered JMX Bean with object name Ratis:service=RaftServer,group=group-C5655235CD35,id=86e92292-7141-46cb-9ed5-093a2cfc2b40
2022-10-30 01:06:33,067 [pool-72-thread-1] INFO  server.RaftServerConfigKeys (ConfUtils.java:logGet(46)) - raft.server.snapshot.auto.trigger.enabled = true (custom)
2022-10-30 01:06:33,067 [pool-72-thread-1] INFO  server.RaftServerConfigKeys (ConfUtils.java:logGet(46)) - raft.server.snapshot.auto.trigger.threshold = 10000 (custom)
2022-10-30 01:06:33,068 [pool-72-thread-1] INFO  server.RaftServerConfigKeys (ConfUtils.java:logGet(46)) - raft.server.snapshot.retention.file.num = 5 (custom)
2022-10-30 01:06:33,068 [pool-72-thread-1] INFO  server.RaftServerConfigKeys (ConfUtils.java:logGet(46)) - raft.server.log.purge.upto.snapshot.index = false (default)
2022-10-30 01:06:33,068 [86e92292-7141-46cb-9ed5-093a2cfc2b40@group-C5655235CD35-FollowerState] INFO  server.RaftServerConfigKeys (ConfUtils.java:logFallback(53)) - raft.server.rpc.first-election.timeout.min = 5s (fallback to raft.server.rpc.timeout.min)
2022-10-30 01:06:33,074 [86e92292-7141-46cb-9ed5-093a2cfc2b40@group-C5655235CD35-FollowerState] INFO  server.RaftServerConfigKeys (ConfUtils.java:logFallback(53)) - raft.server.rpc.first-election.timeout.max = 5200ms (fallback to raft.server.rpc.timeout.max)
2022-10-30 01:06:33,074 [Command processor thread] INFO  ratis.XceiverServerRatis (XceiverServerRatis.java:addGroup(765)) - Created group PipelineID=724b6ae5-f336-4c80-ae4d-c5655235cd35
2022-10-30 01:06:33,078 [EventQueue-OpenPipelineForHealthyPipelineSafeModeRule] INFO  safemode.SCMSafeModeManager (HealthyPipelineSafeModeRule.java:process(137)) - SCM in safe mode. Healthy pipelines reported count is 0, required healthy pipeline reported count is 1
2022-10-30 01:06:33,197 [Listener at 127.0.0.1/42013] INFO  ozone.MiniOzoneClusterImpl (MiniOzoneClusterImpl.java:lambda$waitForClusterToBeReady$0(216)) - Waiting for nodes to be ready. Got 9 of 10 DN Heartbeats.
2022-10-30 01:06:33,197 [Listener at 127.0.0.1/42013] INFO  ozone.MiniOzoneClusterImpl (MiniOzoneClusterImpl.java:lambda$waitForClusterToBeReady$0(219)) - Waiting for cluster to exit safe mode
2022-10-30 01:06:33,197 [Listener at 127.0.0.1/42013] INFO  ozone.MiniOzoneClusterImpl (MiniOzoneClusterImpl.java:lambda$waitForClusterToBeReady$0(221)) - SCM became leader
2022-10-30 01:06:33,207 [IPC Server handler 7 on default port 35291] INFO  net.NetworkTopologyImpl (NetworkTopologyImpl.java:add(112)) - Added a new node: /default-rack/1641b62a-4180-4dbf-88c4-03961663b9b6
2022-10-30 01:06:33,207 [IPC Server handler 7 on default port 35291] INFO  node.SCMNodeManager (SCMNodeManager.java:register(397)) - Registered Data node : 1641b62a-4180-4dbf-88c4-03961663b9b6{ip: 10.1.0.11, host: fv-az99-422.euuzywwtp3iu5l5aj42nbmzodg.gx.internal.cloudapp.net, ports: [REPLICATION=44987, RATIS=34115, RATIS_ADMIN=34115, RATIS_SERVER=34115, STANDALONE=39407], networkLocation: /default-rack, certSerialId: null, persistedOpState: null, persistedOpStateExpiryEpochSec: 0}
2022-10-30 01:06:33,208 [EventQueue-NewNodeForNewNodeHandler] INFO  pipeline.BackgroundPipelineCreator (BackgroundPipelineCreator.java:notifyEventTriggered(276)) - trigger a one-shot run on RatisPipelineUtilsThread.
2022-10-30 01:06:33,208 [RatisPipelineUtilsThread - 0] INFO  pipeline.RatisPipelineProvider (RatisPipelineProvider.java:lambda$create$0(195)) - Sending CreatePipelineCommand for pipeline:PipelineID=128cceab-6cf7-4e7b-a5e4-bc93b82e8e82 to datanode:1641b62a-4180-4dbf-88c4-03961663b9b6
2022-10-30 01:06:33,209 [RatisPipelineUtilsThread - 0] INFO  pipeline.PipelineStateManagerImpl (PipelineStateManagerImpl.java:addPipeline(103)) - Created pipeline Pipeline[ Id: 128cceab-6cf7-4e7b-a5e4-bc93b82e8e82, Nodes: 1641b62a-4180-4dbf-88c4-03961663b9b6{ip: 10.1.0.11, host: fv-az99-422.euuzywwtp3iu5l5aj42nbmzodg.gx.internal.cloudapp.net, ports: [REPLICATION=44987, RATIS=34115, RATIS_ADMIN=34115, RATIS_SERVER=34115, STANDALONE=39407], networkLocation: /default-rack, certSerialId: null, persistedOpState: IN_SERVICE, persistedOpStateExpiryEpochSec: 0}, ReplicationConfig: RATIS/ONE, State:ALLOCATED, leaderId:, CreationTimestamp2022-10-30T01:06:33.208Z[Etc/UTC]].
2022-10-30 01:06:33,416 [Command processor thread] INFO  server.RaftServer (RaftServerProxy.java:addNew(96)) - db967a0c-fd65-4f5b-99fe-08eeaf937185: addNew group-7884C09AC82C:[db967a0c-fd65-4f5b-99fe-08eeaf937185|rpc:10.1.0.11:46009|priority:1|startupRole:FOLLOWER] returns group-7884C09AC82C:java.util.concurrent.CompletableFuture@463f18af[Not completed]
2022-10-30 01:06:33,426 [pool-95-thread-1] INFO  server.RaftServer$Division (RaftServerImpl.java:<init>(195)) - db967a0c-fd65-4f5b-99fe-08eeaf937185: new RaftServerImpl for group-7884C09AC82C:[db967a0c-fd65-4f5b-99fe-08eeaf937185|rpc:10.1.0.11:46009|priority:1|startupRole:FOLLOWER] with ContainerStateMachine:uninitialized
2022-10-30 01:06:33,428 [pool-95-thread-1] INFO  server.RaftServerConfigKeys (ConfUtils.java:logGet(46)) - raft.server.rpc.timeout.min = 5s (custom)
2022-10-30 01:06:33,428 [pool-95-thread-1] INFO  server.RaftServerConfigKeys (ConfUtils.java:logGet(46)) - raft.server.rpc.timeout.max = 5200ms (custom)
2022-10-30 01:06:33,428 [pool-95-thread-1] INFO  server.RaftServerConfigKeys (ConfUtils.java:logGet(46)) - raft.server.rpc.sleep.time = 25ms (default)
2022-10-30 01:06:33,428 [pool-95-thread-1] INFO  server.RaftServerConfigKeys (ConfUtils.java:logGet(46)) - raft.server.rpc.slowness.timeout = 300s (custom)
2022-10-30 01:06:33,428 [pool-95-thread-1] INFO  server.RaftServerConfigKeys (ConfUtils.java:logGet(46)) - raft.server.leaderelection.leader.step-down.wait-time = 10s (default)
2022-10-30 01:06:33,430 [pool-95-thread-1] INFO  server.RaftServerConfigKeys (ConfUtils.java:logGet(46)) - raft.server.sleep.deviation.threshold = 300ms (default)
2022-10-30 01:06:33,430 [pool-95-thread-1] INFO  server.RaftServer$Division (ServerState.java:<init>(118)) - db967a0c-fd65-4f5b-99fe-08eeaf937185@group-7884C09AC82C: ConfigurationManager, init=-1: peers:[db967a0c-fd65-4f5b-99fe-08eeaf937185|rpc:10.1.0.11:46009|priority:1|startupRole:FOLLOWER]|listeners:[], old=null, confs=<EMPTY_MAP>
2022-10-30 01:06:33,430 [pool-95-thread-1] INFO  server.RaftServerConfigKeys (ConfUtils.java:logGet(46)) - raft.server.storage.dir = [/home/runner/work/ozone/ozone/hadoop-ozone/integration-test/target/test-dir/MiniOzoneClusterImpl-d77d6c10-3d51-4ae5-b04b-b5f3d2f20a3f/datanode-1/data/ratis] (custom)
2022-10-30 01:06:33,430 [pool-95-thread-1] INFO  server.RaftServerConfigKeys (ConfUtils.java:logGet(46)) - raft.server.log.corruption.policy = EXCEPTION (default)
2022-10-30 01:06:33,430 [pool-95-thread-1] INFO  server.RaftServerConfigKeys (ConfUtils.java:logGet(46)) - raft.server.storage.free-space.min = 0MB (=0) (default)
2022-10-30 01:06:33,430 [pool-95-thread-1] INFO  server.RaftServerConfigKeys (ConfUtils.java:logGet(46)) - raft.server.notification.no-leader.timeout = 300s (custom)
2022-10-30 01:06:33,430 [pool-95-thread-1] INFO  server.RaftServerConfigKeys (ConfUtils.java:logGet(46)) - raft.server.retrycache.expirytime = 600000ms (custom)
2022-10-30 01:06:33,431 [pool-95-thread-1] INFO  server.RaftServerConfigKeys (ConfUtils.java:logGet(46)) - raft.server.retrycache.statistics.expirytime = 100μs (default)
2022-10-30 01:06:33,438 [pool-95-thread-1] INFO  server.RaftServerConfigKeys (ConfUtils.java:logGet(46)) - raft.server.log.appender.install.snapshot.enabled = false (custom)
2022-10-30 01:06:33,438 [pool-95-thread-1] INFO  server.RaftServerConfigKeys (ConfUtils.java:logGet(46)) - raft.server.threadpool.server.cached = true (default)
2022-10-30 01:06:33,438 [pool-95-thread-1] INFO  server.RaftServerConfigKeys (ConfUtils.java:logGet(46)) - raft.server.threadpool.server.size = 0 (default)
2022-10-30 01:06:33,438 [pool-95-thread-1] INFO  server.RaftServerConfigKeys (ConfUtils.java:logGet(46)) - raft.server.threadpool.client.cached = true (default)
2022-10-30 01:06:33,438 [pool-95-thread-1] INFO  server.RaftServerConfigKeys (ConfUtils.java:logGet(46)) - raft.server.threadpool.client.size = 0 (default)
2022-10-30 01:06:33,439 [pool-95-thread-1] INFO  storage.RaftStorageDirectory (RaftStorageDirectoryImpl.java:analyzeStorage(137)) - The storage directory /home/runner/work/ozone/ozone/hadoop-ozone/integration-test/target/test-dir/MiniOzoneClusterImpl-d77d6c10-3d51-4ae5-b04b-b5f3d2f20a3f/datanode-1/data/ratis/b8dbd392-b41e-41f3-a304-7884c09ac82c does not exist. Creating ...
2022-10-30 01:06:33,450 [pool-95-thread-1] INFO  storage.RaftStorageDirectory (RaftStorageDirectoryImpl.java:tryLock(231)) - Lock on /home/runner/work/ozone/ozone/hadoop-ozone/integration-test/target/test-dir/MiniOzoneClusterImpl-d77d6c10-3d51-4ae5-b04b-b5f3d2f20a3f/datanode-1/data/ratis/b8dbd392-b41e-41f3-a304-7884c09ac82c/in_use.lock acquired by nodename 13950@fv-az99-422
2022-10-30 01:06:33,451 [pool-95-thread-1] INFO  storage.RaftStorage (RaftStorageImpl.java:format(96)) - Storage directory /home/runner/work/ozone/ozone/hadoop-ozone/integration-test/target/test-dir/MiniOzoneClusterImpl-d77d6c10-3d51-4ae5-b04b-b5f3d2f20a3f/datanode-1/data/ratis/b8dbd392-b41e-41f3-a304-7884c09ac82c has been successfully formatted.
2022-10-30 01:06:33,451 [pool-95-thread-1] INFO  ratis.ContainerStateMachine (ContainerStateMachine.java:loadSnapshot(236)) - group-7884C09AC82C: The snapshot info is null. Setting the last applied indexto:(t:0, i:~)
2022-10-30 01:06:33,454 [pool-95-thread-1] INFO  server.RaftServerConfigKeys (ConfUtils.java:logGet(46)) - raft.server.log.use.memory = false (default)
2022-10-30 01:06:33,454 [pool-95-thread-1] INFO  server.RaftServerConfigKeys (ConfUtils.java:logGet(46)) - raft.server.log.purge.gap = 1000000 (custom)
2022-10-30 01:06:33,454 [pool-95-thread-1] INFO  server.RaftServerConfigKeys (ConfUtils.java:logGet(46)) - raft.server.log.appender.buffer.byte-limit = 33554432 (custom)
2022-10-30 01:06:33,454 [pool-95-thread-1] INFO  server.RaftServerConfigKeys (ConfUtils.java:logGet(46)) - raft.server.log.statemachine.data.read.timeout = 1000ms (default)
2022-10-30 01:06:33,454 [pool-95-thread-1] INFO  server.RaftServerConfigKeys (ConfUtils.java:logGet(46)) - raft.server.log.purge.preservation.log.num = 0 (default)
2022-10-30 01:06:33,454 [pool-95-thread-1] INFO  server.RaftServerConfigKeys (ConfUtils.java:logGet(46)) - raft.server.log.segment.size.max = 1048576 (custom)
2022-10-30 01:06:33,455 [pool-95-thread-1] INFO  server.RaftServerConfigKeys (ConfUtils.java:logGet(46)) - raft.server.log.segment.cache.num.max = 2 (custom)
2022-10-30 01:06:33,455 [pool-95-thread-1] INFO  server.RaftServerConfigKeys (ConfUtils.java:logGet(46)) - raft.server.log.segment.cache.size.max = 200MB (=209715200) (default)
2022-10-30 01:06:33,455 [pool-95-thread-1] INFO  segmented.SegmentedRaftLogWorker (SegmentedRaftLogWorker.java:<init>(191)) - new db967a0c-fd65-4f5b-99fe-08eeaf937185@group-7884C09AC82C-SegmentedRaftLogWorker for RaftStorageImpl:Storage Directory /home/runner/work/ozone/ozone/hadoop-ozone/integration-test/target/test-dir/MiniOzoneClusterImpl-d77d6c10-3d51-4ae5-b04b-b5f3d2f20a3f/datanode-1/data/ratis/b8dbd392-b41e-41f3-a304-7884c09ac82c
2022-10-30 01:06:33,455 [pool-95-thread-1] INFO  server.RaftServerConfigKeys (ConfUtils.java:logGet(46)) - raft.server.log.queue.byte-limit = 4294967296 (custom)
2022-10-30 01:06:33,455 [pool-95-thread-1] INFO  server.RaftServerConfigKeys (ConfUtils.java:logGet(46)) - raft.server.log.queue.element-limit = 1024 (custom)
2022-10-30 01:06:33,455 [pool-95-thread-1] INFO  server.RaftServerConfigKeys (ConfUtils.java:logGet(46)) - raft.server.log.segment.size.max = 1048576 (custom)
2022-10-30 01:06:33,455 [pool-95-thread-1] INFO  server.RaftServerConfigKeys (ConfUtils.java:logGet(46)) - raft.server.log.preallocated.size = 16384 (custom)
2022-10-30 01:06:33,455 [pool-95-thread-1] INFO  server.RaftServerConfigKeys (ConfUtils.java:logGet(46)) - raft.server.log.force.sync.num = 128 (default)
2022-10-30 01:06:33,455 [pool-95-thread-1] INFO  server.RaftServerConfigKeys (ConfUtils.java:logGet(46)) - raft.server.log.statemachine.data.sync = true (default)
2022-10-30 01:06:33,455 [pool-95-thread-1] INFO  server.RaftServerConfigKeys (ConfUtils.java:logGet(46)) - raft.server.log.statemachine.data.sync.timeout = 10s (default)
2022-10-30 01:06:33,455 [pool-95-thread-1] INFO  server.RaftServerConfigKeys (ConfUtils.java:logGet(46)) - raft.server.log.statemachine.data.sync.timeout.retry = -1 (default)
2022-10-30 01:06:33,458 [EventQueue-PipelineReportForPipelineReportHandler] INFO  pipeline.PipelineManagerImpl (PipelineManagerImpl.java:openPipeline(367)) - Pipeline Pipeline[ Id: b8dbd392-b41e-41f3-a304-7884c09ac82c, Nodes: db967a0c-fd65-4f5b-99fe-08eeaf937185{ip: 10.1.0.11, host: fv-az99-422.euuzywwtp3iu5l5aj42nbmzodg.gx.internal.cloudapp.net, ports: [REPLICATION=33115, RATIS=46009, RATIS_ADMIN=46009, RATIS_SERVER=46009, STANDALONE=42087], networkLocation: /default-rack, certSerialId: null, persistedOpState: IN_SERVICE, persistedOpStateExpiryEpochSec: 0}, ReplicationConfig: RATIS/ONE, State:ALLOCATED, leaderId:db967a0c-fd65-4f5b-99fe-08eeaf937185, CreationTimestamp2022-10-30T01:06:30.422Z[Etc/UTC]] moved to OPEN state
2022-10-30 01:06:33,458 [EventQueue-OpenPipelineForHealthyPipelineSafeModeRule] INFO  safemode.SCMSafeModeManager (HealthyPipelineSafeModeRule.java:process(137)) - SCM in safe mode. Healthy pipelines reported count is 0, required healthy pipeline reported count is 1
2022-10-30 01:06:33,459 [pool-95-thread-1] INFO  server.RaftServerConfigKeys (ConfUtils.java:logGet(46)) - raft.server.log.write.buffer.size = 1048576 (custom)
2022-10-30 01:06:33,464 [pool-95-thread-1] INFO  server.RaftServerConfigKeys (ConfUtils.java:logGet(46)) - raft.server.log.unsafe-flush.enabled = false (default)
2022-10-30 01:06:33,464 [pool-95-thread-1] INFO  server.RaftServerConfigKeys (ConfUtils.java:logGet(46)) - raft.server.log.async-flush.enabled = false (default)
2022-10-30 01:06:33,464 [pool-95-thread-1] INFO  server.RaftServerConfigKeys (ConfUtils.java:logGet(46)) - raft.server.log.statemachine.data.caching.enabled = true (custom)
2022-10-30 01:06:33,464 [pool-95-thread-1] INFO  segmented.SegmentedRaftLogWorker (SegmentedRaftLogWorker.java:lambda$new$0(136)) - db967a0c-fd65-4f5b-99fe-08eeaf937185@group-7884C09AC82C-SegmentedRaftLogWorker: flushIndex: setUnconditionally 0 -> -1
2022-10-30 01:06:33,464 [pool-95-thread-1] INFO  segmented.SegmentedRaftLogWorker (SegmentedRaftLogWorker.java:lambda$new$0(136)) - db967a0c-fd65-4f5b-99fe-08eeaf937185@group-7884C09AC82C-SegmentedRaftLogWorker: safeCacheEvictIndex: setUnconditionally 0 -> -1
2022-10-30 01:06:33,464 [pool-95-thread-1] INFO  server.RaftServer$Division (RaftServerImpl.java:start(334)) - db967a0c-fd65-4f5b-99fe-08eeaf937185@group-7884C09AC82C: start as a follower, conf=-1: peers:[db967a0c-fd65-4f5b-99fe-08eeaf937185|rpc:10.1.0.11:46009|priority:1|startupRole:FOLLOWER]|listeners:[], old=null
2022-10-30 01:06:33,465 [pool-95-thread-1] INFO  server.RaftServer$Division (RaftServerImpl.java:setRole(321)) - db967a0c-fd65-4f5b-99fe-08eeaf937185@group-7884C09AC82C: changes role from      null to FOLLOWER at term 0 for startAsFollower
2022-10-30 01:06:33,465 [pool-95-thread-1] INFO  impl.RoleInfo (RoleInfo.java:updateAndGet(139)) - db967a0c-fd65-4f5b-99fe-08eeaf937185: start db967a0c-fd65-4f5b-99fe-08eeaf937185@group-7884C09AC82C-FollowerState
2022-10-30 01:06:33,465 [pool-95-thread-1] INFO  util.JmxRegister (JmxRegister.java:tryRegister(44)) - Successfully registered JMX Bean with object name Ratis:service=RaftServer,group=group-7884C09AC82C,id=db967a0c-fd65-4f5b-99fe-08eeaf937185
2022-10-30 01:06:33,465 [pool-95-thread-1] INFO  server.RaftServerConfigKeys (ConfUtils.java:logGet(46)) - raft.server.snapshot.auto.trigger.enabled = true (custom)
2022-10-30 01:06:33,465 [pool-95-thread-1] INFO  server.RaftServerConfigKeys (ConfUtils.java:logGet(46)) - raft.server.snapshot.auto.trigger.threshold = 10000 (custom)
2022-10-30 01:06:33,465 [pool-95-thread-1] INFO  server.RaftServerConfigKeys (ConfUtils.java:logGet(46)) - raft.server.snapshot.retention.file.num = 5 (custom)
2022-10-30 01:06:33,465 [pool-95-thread-1] INFO  server.RaftServerConfigKeys (ConfUtils.java:logGet(46)) - raft.server.log.purge.upto.snapshot.index = false (default)
2022-10-30 01:06:33,470 [Command processor thread] INFO  ratis.XceiverServerRatis (XceiverServerRatis.java:addGroup(765)) - Created group PipelineID=b8dbd392-b41e-41f3-a304-7884c09ac82c
2022-10-30 01:06:33,470 [Command processor thread] INFO  commandhandler.CreatePipelineCommandHandler (CreatePipelineCommandHandler.java:handle(113)) - Created Pipeline RATIS ONE PipelineID=b8dbd392-b41e-41f3-a304-7884c09ac82c.
2022-10-30 01:06:33,470 [db967a0c-fd65-4f5b-99fe-08eeaf937185@group-7884C09AC82C-FollowerState] INFO  server.RaftServerConfigKeys (ConfUtils.java:logFallback(53)) - raft.server.rpc.first-election.timeout.min = 5s (fallback to raft.server.rpc.timeout.min)
2022-10-30 01:06:33,470 [db967a0c-fd65-4f5b-99fe-08eeaf937185@group-7884C09AC82C-FollowerState] INFO  server.RaftServerConfigKeys (ConfUtils.java:logFallback(53)) - raft.server.rpc.first-election.timeout.max = 5200ms (fallback to raft.server.rpc.timeout.max)
2022-10-30 01:06:33,470 [Command processor thread] INFO  server.RaftServer (RaftServerProxy.java:addNew(96)) - db967a0c-fd65-4f5b-99fe-08eeaf937185: addNew group-C5655235CD35:[db967a0c-fd65-4f5b-99fe-08eeaf937185|rpc:10.1.0.11:46009|priority:0|startupRole:FOLLOWER, 7f2965ec-2a1d-4c0b-a486-0150db937947|rpc:10.1.0.11:43977|priority:1|startupRole:FOLLOWER, 86e92292-7141-46cb-9ed5-093a2cfc2b40|rpc:10.1.0.11:44269|priority:0|startupRole:FOLLOWER] returns group-C5655235CD35:java.util.concurrent.CompletableFuture@420094b0[Not completed]
2022-10-30 01:06:33,471 [pool-95-thread-1] INFO  server.RaftServer$Division (RaftServerImpl.java:<init>(195)) - db967a0c-fd65-4f5b-99fe-08eeaf937185: new RaftServerImpl for group-C5655235CD35:[db967a0c-fd65-4f5b-99fe-08eeaf937185|rpc:10.1.0.11:46009|priority:0|startupRole:FOLLOWER, 7f2965ec-2a1d-4c0b-a486-0150db937947|rpc:10.1.0.11:43977|priority:1|startupRole:FOLLOWER, 86e92292-7141-46cb-9ed5-093a2cfc2b40|rpc:10.1.0.11:44269|priority:0|startupRole:FOLLOWER] with ContainerStateMachine:uninitialized
2022-10-30 01:06:33,471 [pool-95-thread-1] INFO  server.RaftServerConfigKeys (ConfUtils.java:logGet(46)) - raft.server.rpc.timeout.min = 5s (custom)
2022-10-30 01:06:33,471 [pool-95-thread-1] INFO  server.RaftServerConfigKeys (ConfUtils.java:logGet(46)) - raft.server.rpc.timeout.max = 5200ms (custom)
2022-10-30 01:06:33,471 [pool-95-thread-1] INFO  server.RaftServerConfigKeys (ConfUtils.java:logGet(46)) - raft.server.rpc.sleep.time = 25ms (default)
2022-10-30 01:06:33,471 [pool-95-thread-1] INFO  server.RaftServerConfigKeys (ConfUtils.java:logGet(46)) - raft.server.rpc.slowness.timeout = 300s (custom)
2022-10-30 01:06:33,471 [pool-95-thread-1] INFO  server.RaftServerConfigKeys (ConfUtils.java:logGet(46)) - raft.server.leaderelection.leader.step-down.wait-time = 10s (default)
2022-10-30 01:06:33,471 [pool-95-thread-1] INFO  server.RaftServerConfigKeys (ConfUtils.java:logGet(46)) - raft.server.sleep.deviation.threshold = 300ms (default)
2022-10-30 01:06:33,471 [pool-95-thread-1] INFO  server.RaftServer$Division (ServerState.java:<init>(118)) - db967a0c-fd65-4f5b-99fe-08eeaf937185@group-C5655235CD35: ConfigurationManager, init=-1: peers:[db967a0c-fd65-4f5b-99fe-08eeaf937185|rpc:10.1.0.11:46009|priority:0|startupRole:FOLLOWER, 7f2965ec-2a1d-4c0b-a486-0150db937947|rpc:10.1.0.11:43977|priority:1|startupRole:FOLLOWER, 86e92292-7141-46cb-9ed5-093a2cfc2b40|rpc:10.1.0.11:44269|priority:0|startupRole:FOLLOWER]|listeners:[], old=null, confs=<EMPTY_MAP>
2022-10-30 01:06:33,471 [pool-95-thread-1] INFO  server.RaftServerConfigKeys (ConfUtils.java:logGet(46)) - raft.server.storage.dir = [/home/runner/work/ozone/ozone/hadoop-ozone/integration-test/target/test-dir/MiniOzoneClusterImpl-d77d6c10-3d51-4ae5-b04b-b5f3d2f20a3f/datanode-1/data/ratis] (custom)
2022-10-30 01:06:33,472 [pool-95-thread-1] INFO  server.RaftServerConfigKeys (ConfUtils.java:logGet(46)) - raft.server.log.corruption.policy = EXCEPTION (default)
2022-10-30 01:06:33,472 [pool-95-thread-1] INFO  server.RaftServerConfigKeys (ConfUtils.java:logGet(46)) - raft.server.storage.free-space.min = 0MB (=0) (default)
2022-10-30 01:06:33,472 [pool-95-thread-1] INFO  server.RaftServerConfigKeys (ConfUtils.java:logGet(46)) - raft.server.notification.no-leader.timeout = 300s (custom)
2022-10-30 01:06:33,472 [pool-95-thread-1] INFO  server.RaftServerConfigKeys (ConfUtils.java:logGet(46)) - raft.server.retrycache.expirytime = 600000ms (custom)
2022-10-30 01:06:33,472 [pool-95-thread-1] INFO  server.RaftServerConfigKeys (ConfUtils.java:logGet(46)) - raft.server.retrycache.statistics.expirytime = 100μs (default)
2022-10-30 01:06:33,473 [pool-95-thread-1] INFO  server.RaftServerConfigKeys (ConfUtils.java:logGet(46)) - raft.server.log.appender.install.snapshot.enabled = false (custom)
2022-10-30 01:06:33,473 [pool-95-thread-1] INFO  server.RaftServerConfigKeys (ConfUtils.java:logGet(46)) - raft.server.threadpool.server.cached = true (default)
2022-10-30 01:06:33,473 [pool-95-thread-1] INFO  server.RaftServerConfigKeys (ConfUtils.java:logGet(46)) - raft.server.threadpool.server.size = 0 (default)
2022-10-30 01:06:33,473 [pool-95-thread-1] INFO  server.RaftServerConfigKeys (ConfUtils.java:logGet(46)) - raft.server.threadpool.client.cached = true (default)
2022-10-30 01:06:33,473 [pool-95-thread-1] INFO  server.RaftServerConfigKeys (ConfUtils.java:logGet(46)) - raft.server.threadpool.client.size = 0 (default)
2022-10-30 01:06:33,489 [pool-95-thread-1] INFO  storage.RaftStorageDirectory (RaftStorageDirectoryImpl.java:analyzeStorage(137)) - The storage directory /home/runner/work/ozone/ozone/hadoop-ozone/integration-test/target/test-dir/MiniOzoneClusterImpl-d77d6c10-3d51-4ae5-b04b-b5f3d2f20a3f/datanode-1/data/ratis/724b6ae5-f336-4c80-ae4d-c5655235cd35 does not exist. Creating ...
2022-10-30 01:06:33,490 [pool-95-thread-1] INFO  storage.RaftStorageDirectory (RaftStorageDirectoryImpl.java:tryLock(231)) - Lock on /home/runner/work/ozone/ozone/hadoop-ozone/integration-test/target/test-dir/MiniOzoneClusterImpl-d77d6c10-3d51-4ae5-b04b-b5f3d2f20a3f/datanode-1/data/ratis/724b6ae5-f336-4c80-ae4d-c5655235cd35/in_use.lock acquired by nodename 13950@fv-az99-422
2022-10-30 01:06:33,492 [pool-95-thread-1] INFO  storage.RaftStorage (RaftStorageImpl.java:format(96)) - Storage directory /home/runner/work/ozone/ozone/hadoop-ozone/integration-test/target/test-dir/MiniOzoneClusterImpl-d77d6c10-3d51-4ae5-b04b-b5f3d2f20a3f/datanode-1/data/ratis/724b6ae5-f336-4c80-ae4d-c5655235cd35 has been successfully formatted.
2022-10-30 01:06:33,492 [pool-95-thread-1] INFO  ratis.ContainerStateMachine (ContainerStateMachine.java:loadSnapshot(236)) - group-C5655235CD35: The snapshot info is null. Setting the last applied indexto:(t:0, i:~)
2022-10-30 01:06:33,492 [pool-95-thread-1] INFO  server.RaftServerConfigKeys (ConfUtils.java:logGet(46)) - raft.server.log.use.memory = false (default)
2022-10-30 01:06:33,492 [pool-95-thread-1] INFO  server.RaftServerConfigKeys (ConfUtils.java:logGet(46)) - raft.server.log.purge.gap = 1000000 (custom)
2022-10-30 01:06:33,492 [pool-95-thread-1] INFO  server.RaftServerConfigKeys (ConfUtils.java:logGet(46)) - raft.server.log.appender.buffer.byte-limit = 33554432 (custom)
2022-10-30 01:06:33,492 [pool-95-thread-1] INFO  server.RaftServerConfigKeys (ConfUtils.java:logGet(46)) - raft.server.log.statemachine.data.read.timeout = 1000ms (default)
2022-10-30 01:06:33,492 [pool-95-thread-1] INFO  server.RaftServerConfigKeys (ConfUtils.java:logGet(46)) - raft.server.log.purge.preservation.log.num = 0 (default)
2022-10-30 01:06:33,493 [pool-95-thread-1] INFO  server.RaftServerConfigKeys (ConfUtils.java:logGet(46)) - raft.server.log.segment.size.max = 1048576 (custom)
2022-10-30 01:06:33,493 [pool-95-thread-1] INFO  server.RaftServerConfigKeys (ConfUtils.java:logGet(46)) - raft.server.log.segment.cache.num.max = 2 (custom)
2022-10-30 01:06:33,493 [pool-95-thread-1] INFO  server.RaftServerConfigKeys (ConfUtils.java:logGet(46)) - raft.server.log.segment.cache.size.max = 200MB (=209715200) (default)
2022-10-30 01:06:33,493 [pool-95-thread-1] INFO  segmented.SegmentedRaftLogWorker (SegmentedRaftLogWorker.java:<init>(191)) - new db967a0c-fd65-4f5b-99fe-08eeaf937185@group-C5655235CD35-SegmentedRaftLogWorker for RaftStorageImpl:Storage Directory /home/runner/work/ozone/ozone/hadoop-ozone/integration-test/target/test-dir/MiniOzoneClusterImpl-d77d6c10-3d51-4ae5-b04b-b5f3d2f20a3f/datanode-1/data/ratis/724b6ae5-f336-4c80-ae4d-c5655235cd35
2022-10-30 01:06:33,493 [pool-95-thread-1] INFO  server.RaftServerConfigKeys (ConfUtils.java:logGet(46)) - raft.server.log.queue.byte-limit = 4294967296 (custom)
2022-10-30 01:06:33,493 [pool-95-thread-1] INFO  server.RaftServerConfigKeys (ConfUtils.java:logGet(46)) - raft.server.log.queue.element-limit = 1024 (custom)
2022-10-30 01:06:33,493 [pool-95-thread-1] INFO  server.RaftServerConfigKeys (ConfUtils.java:logGet(46)) - raft.server.log.segment.size.max = 1048576 (custom)
2022-10-30 01:06:33,493 [pool-95-thread-1] INFO  server.RaftServerConfigKeys (ConfUtils.java:logGet(46)) - raft.server.log.preallocated.size = 16384 (custom)
2022-10-30 01:06:33,493 [pool-95-thread-1] INFO  server.RaftServerConfigKeys (ConfUtils.java:logGet(46)) - raft.server.log.force.sync.num = 128 (default)
2022-10-30 01:06:33,493 [pool-95-thread-1] INFO  server.RaftServerConfigKeys (ConfUtils.java:logGet(46)) - raft.server.log.statemachine.data.sync = true (default)
2022-10-30 01:06:33,493 [pool-95-thread-1] INFO  server.RaftServerConfigKeys (ConfUtils.java:logGet(46)) - raft.server.log.statemachine.data.sync.timeout = 10s (default)
2022-10-30 01:06:33,493 [pool-95-thread-1] INFO  server.RaftServerConfigKeys (ConfUtils.java:logGet(46)) - raft.server.log.statemachine.data.sync.timeout.retry = -1 (default)
2022-10-30 01:06:33,494 [pool-95-thread-1] INFO  server.RaftServerConfigKeys (ConfUtils.java:logGet(46)) - raft.server.log.write.buffer.size = 1048576 (custom)
2022-10-30 01:06:33,495 [pool-95-thread-1] INFO  server.RaftServerConfigKeys (ConfUtils.java:logGet(46)) - raft.server.log.unsafe-flush.enabled = false (default)
2022-10-30 01:06:33,495 [pool-95-thread-1] INFO  server.RaftServerConfigKeys (ConfUtils.java:logGet(46)) - raft.server.log.async-flush.enabled = false (default)
2022-10-30 01:06:33,495 [pool-95-thread-1] INFO  server.RaftServerConfigKeys (ConfUtils.java:logGet(46)) - raft.server.log.statemachine.data.caching.enabled = true (custom)
2022-10-30 01:06:33,495 [pool-95-thread-1] INFO  segmented.SegmentedRaftLogWorker (SegmentedRaftLogWorker.java:lambda$new$0(136)) - db967a0c-fd65-4f5b-99fe-08eeaf937185@group-C5655235CD35-SegmentedRaftLogWorker: flushIndex: setUnconditionally 0 -> -1
2022-10-30 01:06:33,495 [pool-95-thread-1] INFO  segmented.SegmentedRaftLogWorker (SegmentedRaftLogWorker.java:lambda$new$0(136)) - db967a0c-fd65-4f5b-99fe-08eeaf937185@group-C5655235CD35-SegmentedRaftLogWorker: safeCacheEvictIndex: setUnconditionally 0 -> -1
2022-10-30 01:06:33,507 [pool-95-thread-1] INFO  server.RaftServer$Division (RaftServerImpl.java:start(334)) - db967a0c-fd65-4f5b-99fe-08eeaf937185@group-C5655235CD35: start as a follower, conf=-1: peers:[db967a0c-fd65-4f5b-99fe-08eeaf937185|rpc:10.1.0.11:46009|priority:0|startupRole:FOLLOWER, 7f2965ec-2a1d-4c0b-a486-0150db937947|rpc:10.1.0.11:43977|priority:1|startupRole:FOLLOWER, 86e92292-7141-46cb-9ed5-093a2cfc2b40|rpc:10.1.0.11:44269|priority:0|startupRole:FOLLOWER]|listeners:[], old=null
2022-10-30 01:06:33,508 [EventQueue-OpenPipelineForHealthyPipelineSafeModeRule] INFO  safemode.SCMSafeModeManager (HealthyPipelineSafeModeRule.java:process(137)) - SCM in safe mode. Healthy pipelines reported count is 0, required healthy pipeline reported count is 1
2022-10-30 01:06:33,508 [pool-95-thread-1] INFO  server.RaftServer$Division (RaftServerImpl.java:setRole(321)) - db967a0c-fd65-4f5b-99fe-08eeaf937185@group-C5655235CD35: changes role from      null to FOLLOWER at term 0 for startAsFollower
2022-10-30 01:06:33,515 [pool-95-thread-1] INFO  impl.RoleInfo (RoleInfo.java:updateAndGet(139)) - db967a0c-fd65-4f5b-99fe-08eeaf937185: start db967a0c-fd65-4f5b-99fe-08eeaf937185@group-C5655235CD35-FollowerState
2022-10-30 01:06:33,515 [pool-95-thread-1] INFO  util.JmxRegister (JmxRegister.java:tryRegister(44)) - Successfully registered JMX Bean with object name Ratis:service=RaftServer,group=group-C5655235CD35,id=db967a0c-fd65-4f5b-99fe-08eeaf937185
2022-10-30 01:06:33,515 [pool-95-thread-1] INFO  server.RaftServerConfigKeys (ConfUtils.java:logGet(46)) - raft.server.snapshot.auto.trigger.enabled = true (custom)
2022-10-30 01:06:33,515 [pool-95-thread-1] INFO  server.RaftServerConfigKeys (ConfUtils.java:logGet(46)) - raft.server.snapshot.auto.trigger.threshold = 10000 (custom)
2022-10-30 01:06:33,515 [pool-95-thread-1] INFO  server.RaftServerConfigKeys (ConfUtils.java:logGet(46)) - raft.server.snapshot.retention.file.num = 5 (custom)
2022-10-30 01:06:33,515 [pool-95-thread-1] INFO  server.RaftServerConfigKeys (ConfUtils.java:logGet(46)) - raft.server.log.purge.upto.snapshot.index = false (default)
2022-10-30 01:06:33,516 [db967a0c-fd65-4f5b-99fe-08eeaf937185@group-C5655235CD35-FollowerState] INFO  server.RaftServerConfigKeys (ConfUtils.java:logFallback(53)) - raft.server.rpc.first-election.timeout.min = 5s (fallback to raft.server.rpc.timeout.min)
2022-10-30 01:06:33,517 [db967a0c-fd65-4f5b-99fe-08eeaf937185@group-C5655235CD35-FollowerState] INFO  server.RaftServerConfigKeys (ConfUtils.java:logFallback(53)) - raft.server.rpc.first-election.timeout.max = 5200ms (fallback to raft.server.rpc.timeout.max)
2022-10-30 01:06:33,517 [Command processor thread] INFO  ratis.XceiverServerRatis (XceiverServerRatis.java:addGroup(765)) - Created group PipelineID=724b6ae5-f336-4c80-ae4d-c5655235cd35
2022-10-30 01:06:33,752 [Command processor thread] INFO  server.RaftServer (RaftServerProxy.java:addNew(96)) - 7f2965ec-2a1d-4c0b-a486-0150db937947: addNew group-FF047A9E459C:[7f2965ec-2a1d-4c0b-a486-0150db937947|rpc:10.1.0.11:43977|priority:1|startupRole:FOLLOWER] returns group-FF047A9E459C:java.util.concurrent.CompletableFuture@1b9e1e94[Not completed]
2022-10-30 01:06:33,758 [pool-118-thread-1] INFO  server.RaftServer$Division (RaftServerImpl.java:<init>(195)) - 7f2965ec-2a1d-4c0b-a486-0150db937947: new RaftServerImpl for group-FF047A9E459C:[7f2965ec-2a1d-4c0b-a486-0150db937947|rpc:10.1.0.11:43977|priority:1|startupRole:FOLLOWER] with ContainerStateMachine:uninitialized
2022-10-30 01:06:33,758 [pool-118-thread-1] INFO  server.RaftServerConfigKeys (ConfUtils.java:logGet(46)) - raft.server.rpc.timeout.min = 5s (custom)
2022-10-30 01:06:33,758 [pool-118-thread-1] INFO  server.RaftServerConfigKeys (ConfUtils.java:logGet(46)) - raft.server.rpc.timeout.max = 5200ms (custom)
2022-10-30 01:06:33,758 [pool-118-thread-1] INFO  server.RaftServerConfigKeys (ConfUtils.java:logGet(46)) - raft.server.rpc.sleep.time = 25ms (default)
2022-10-30 01:06:33,758 [pool-118-thread-1] INFO  server.RaftServerConfigKeys (ConfUtils.java:logGet(46)) - raft.server.rpc.slowness.timeout = 300s (custom)
2022-10-30 01:06:33,758 [pool-118-thread-1] INFO  server.RaftServerConfigKeys (ConfUtils.java:logGet(46)) - raft.server.leaderelection.leader.step-down.wait-time = 10s (default)
2022-10-30 01:06:33,758 [pool-118-thread-1] INFO  server.RaftServerConfigKeys (ConfUtils.java:logGet(46)) - raft.server.sleep.deviation.threshold = 300ms (default)
2022-10-30 01:06:33,758 [pool-118-thread-1] INFO  server.RaftServer$Division (ServerState.java:<init>(118)) - 7f2965ec-2a1d-4c0b-a486-0150db937947@group-FF047A9E459C: ConfigurationManager, init=-1: peers:[7f2965ec-2a1d-4c0b-a486-0150db937947|rpc:10.1.0.11:43977|priority:1|startupRole:FOLLOWER]|listeners:[], old=null, confs=<EMPTY_MAP>
2022-10-30 01:06:33,758 [pool-118-thread-1] INFO  server.RaftServerConfigKeys (ConfUtils.java:logGet(46)) - raft.server.storage.dir = [/home/runner/work/ozone/ozone/hadoop-ozone/integration-test/target/test-dir/MiniOzoneClusterImpl-d77d6c10-3d51-4ae5-b04b-b5f3d2f20a3f/datanode-2/data/ratis] (custom)
2022-10-30 01:06:33,758 [pool-118-thread-1] INFO  server.RaftServerConfigKeys (ConfUtils.java:logGet(46)) - raft.server.log.corruption.policy = EXCEPTION (default)
2022-10-30 01:06:33,758 [pool-118-thread-1] INFO  server.RaftServerConfigKeys (ConfUtils.java:logGet(46)) - raft.server.storage.free-space.min = 0MB (=0) (default)
2022-10-30 01:06:33,759 [pool-118-thread-1] INFO  server.RaftServerConfigKeys (ConfUtils.java:logGet(46)) - raft.server.notification.no-leader.timeout = 300s (custom)
2022-10-30 01:06:33,759 [pool-118-thread-1] INFO  server.RaftServerConfigKeys (ConfUtils.java:logGet(46)) - raft.server.retrycache.expirytime = 600000ms (custom)
2022-10-30 01:06:33,759 [pool-118-thread-1] INFO  server.RaftServerConfigKeys (ConfUtils.java:logGet(46)) - raft.server.retrycache.statistics.expirytime = 100μs (default)
2022-10-30 01:06:33,774 [pool-118-thread-1] INFO  server.RaftServerConfigKeys (ConfUtils.java:logGet(46)) - raft.server.log.appender.install.snapshot.enabled = false (custom)
2022-10-30 01:06:33,774 [pool-118-thread-1] INFO  server.RaftServerConfigKeys (ConfUtils.java:logGet(46)) - raft.server.threadpool.server.cached = true (default)
2022-10-30 01:06:33,774 [pool-118-thread-1] INFO  server.RaftServerConfigKeys (ConfUtils.java:logGet(46)) - raft.server.threadpool.server.size = 0 (default)
2022-10-30 01:06:33,774 [pool-118-thread-1] INFO  server.RaftServerConfigKeys (ConfUtils.java:logGet(46)) - raft.server.threadpool.client.cached = true (default)
2022-10-30 01:06:33,774 [pool-118-thread-1] INFO  server.RaftServerConfigKeys (ConfUtils.java:logGet(46)) - raft.server.threadpool.client.size = 0 (default)
2022-10-30 01:06:33,774 [pool-118-thread-1] INFO  storage.RaftStorageDirectory (RaftStorageDirectoryImpl.java:analyzeStorage(137)) - The storage directory /home/runner/work/ozone/ozone/hadoop-ozone/integration-test/target/test-dir/MiniOzoneClusterImpl-d77d6c10-3d51-4ae5-b04b-b5f3d2f20a3f/datanode-2/data/ratis/87b3f380-71d6-4056-b38f-ff047a9e459c does not exist. Creating ...
2022-10-30 01:06:33,776 [pool-118-thread-1] INFO  storage.RaftStorageDirectory (RaftStorageDirectoryImpl.java:tryLock(231)) - Lock on /home/runner/work/ozone/ozone/hadoop-ozone/integration-test/target/test-dir/MiniOzoneClusterImpl-d77d6c10-3d51-4ae5-b04b-b5f3d2f20a3f/datanode-2/data/ratis/87b3f380-71d6-4056-b38f-ff047a9e459c/in_use.lock acquired by nodename 13950@fv-az99-422
2022-10-30 01:06:33,778 [pool-118-thread-1] INFO  storage.RaftStorage (RaftStorageImpl.java:format(96)) - Storage directory /home/runner/work/ozone/ozone/hadoop-ozone/integration-test/target/test-dir/MiniOzoneClusterImpl-d77d6c10-3d51-4ae5-b04b-b5f3d2f20a3f/datanode-2/data/ratis/87b3f380-71d6-4056-b38f-ff047a9e459c has been successfully formatted.
2022-10-30 01:06:33,779 [pool-118-thread-1] INFO  ratis.ContainerStateMachine (ContainerStateMachine.java:loadSnapshot(236)) - group-FF047A9E459C: The snapshot info is null. Setting the last applied indexto:(t:0, i:~)
2022-10-30 01:06:33,782 [pool-118-thread-1] INFO  server.RaftServerConfigKeys (ConfUtils.java:logGet(46)) - raft.server.log.use.memory = false (default)
2022-10-30 01:06:33,782 [pool-118-thread-1] INFO  server.RaftServerConfigKeys (ConfUtils.java:logGet(46)) - raft.server.log.purge.gap = 1000000 (custom)
2022-10-30 01:06:33,782 [pool-118-thread-1] INFO  server.RaftServerConfigKeys (ConfUtils.java:logGet(46)) - raft.server.log.appender.buffer.byte-limit = 33554432 (custom)
2022-10-30 01:06:33,782 [pool-118-thread-1] INFO  server.RaftServerConfigKeys (ConfUtils.java:logGet(46)) - raft.server.log.statemachine.data.read.timeout = 1000ms (default)
2022-10-30 01:06:33,782 [pool-118-thread-1] INFO  server.RaftServerConfigKeys (ConfUtils.java:logGet(46)) - raft.server.log.purge.preservation.log.num = 0 (default)
2022-10-30 01:06:33,782 [pool-118-thread-1] INFO  server.RaftServerConfigKeys (ConfUtils.java:logGet(46)) - raft.server.log.segment.size.max = 1048576 (custom)
2022-10-30 01:06:33,783 [pool-118-thread-1] INFO  server.RaftServerConfigKeys (ConfUtils.java:logGet(46)) - raft.server.log.segment.cache.num.max = 2 (custom)
2022-10-30 01:06:33,783 [pool-118-thread-1] INFO  server.RaftServerConfigKeys (ConfUtils.java:logGet(46)) - raft.server.log.segment.cache.size.max = 200MB (=209715200) (default)
2022-10-30 01:06:33,783 [pool-118-thread-1] INFO  segmented.SegmentedRaftLogWorker (SegmentedRaftLogWorker.java:<init>(191)) - new 7f2965ec-2a1d-4c0b-a486-0150db937947@group-FF047A9E459C-SegmentedRaftLogWorker for RaftStorageImpl:Storage Directory /home/runner/work/ozone/ozone/hadoop-ozone/integration-test/target/test-dir/MiniOzoneClusterImpl-d77d6c10-3d51-4ae5-b04b-b5f3d2f20a3f/datanode-2/data/ratis/87b3f380-71d6-4056-b38f-ff047a9e459c
2022-10-30 01:06:33,783 [pool-118-thread-1] INFO  server.RaftServerConfigKeys (ConfUtils.java:logGet(46)) - raft.server.log.queue.byte-limit = 4294967296 (custom)
2022-10-30 01:06:33,783 [pool-118-thread-1] INFO  server.RaftServerConfigKeys (ConfUtils.java:logGet(46)) - raft.server.log.queue.element-limit = 1024 (custom)
2022-10-30 01:06:33,783 [pool-118-thread-1] INFO  server.RaftServerConfigKeys (ConfUtils.java:logGet(46)) - raft.server.log.segment.size.max = 1048576 (custom)
2022-10-30 01:06:33,783 [pool-118-thread-1] INFO  server.RaftServerConfigKeys (ConfUtils.java:logGet(46)) - raft.server.log.preallocated.size = 16384 (custom)
2022-10-30 01:06:33,783 [pool-118-thread-1] INFO  server.RaftServerConfigKeys (ConfUtils.java:logGet(46)) - raft.server.log.force.sync.num = 128 (default)
2022-10-30 01:06:33,783 [pool-118-thread-1] INFO  server.RaftServerConfigKeys (ConfUtils.java:logGet(46)) - raft.server.log.statemachine.data.sync = true (default)
2022-10-30 01:06:33,783 [pool-118-thread-1] INFO  server.RaftServerConfigKeys (ConfUtils.java:logGet(46)) - raft.server.log.statemachine.data.sync.timeout = 10s (default)
2022-10-30 01:06:33,783 [pool-118-thread-1] INFO  server.RaftServerConfigKeys (ConfUtils.java:logGet(46)) - raft.server.log.statemachine.data.sync.timeout.retry = -1 (default)
2022-10-30 01:06:33,784 [pool-118-thread-1] INFO  server.RaftServerConfigKeys (ConfUtils.java:logGet(46)) - raft.server.log.write.buffer.size = 1048576 (custom)
2022-10-30 01:06:33,785 [pool-118-thread-1] INFO  server.RaftServerConfigKeys (ConfUtils.java:logGet(46)) - raft.server.log.unsafe-flush.enabled = false (default)
2022-10-30 01:06:33,785 [pool-118-thread-1] INFO  server.RaftServerConfigKeys (ConfUtils.java:logGet(46)) - raft.server.log.async-flush.enabled = false (default)
2022-10-30 01:06:33,785 [pool-118-thread-1] INFO  server.RaftServerConfigKeys (ConfUtils.java:logGet(46)) - raft.server.log.statemachine.data.caching.enabled = true (custom)
2022-10-30 01:06:33,785 [pool-118-thread-1] INFO  segmented.SegmentedRaftLogWorker (SegmentedRaftLogWorker.java:lambda$new$0(136)) - 7f2965ec-2a1d-4c0b-a486-0150db937947@group-FF047A9E459C-SegmentedRaftLogWorker: flushIndex: setUnconditionally 0 -> -1
2022-10-30 01:06:33,785 [pool-118-thread-1] INFO  segmented.SegmentedRaftLogWorker (SegmentedRaftLogWorker.java:lambda$new$0(136)) - 7f2965ec-2a1d-4c0b-a486-0150db937947@group-FF047A9E459C-SegmentedRaftLogWorker: safeCacheEvictIndex: setUnconditionally 0 -> -1
2022-10-30 01:06:33,791 [pool-118-thread-1] INFO  server.RaftServer$Division (RaftServerImpl.java:start(334)) - 7f2965ec-2a1d-4c0b-a486-0150db937947@group-FF047A9E459C: start as a follower, conf=-1: peers:[7f2965ec-2a1d-4c0b-a486-0150db937947|rpc:10.1.0.11:43977|priority:1|startupRole:FOLLOWER]|listeners:[], old=null
2022-10-30 01:06:33,791 [pool-118-thread-1] INFO  server.RaftServer$Division (RaftServerImpl.java:setRole(321)) - 7f2965ec-2a1d-4c0b-a486-0150db937947@group-FF047A9E459C: changes role from      null to FOLLOWER at term 0 for startAsFollower
2022-10-30 01:06:33,791 [pool-118-thread-1] INFO  impl.RoleInfo (RoleInfo.java:updateAndGet(139)) - 7f2965ec-2a1d-4c0b-a486-0150db937947: start 7f2965ec-2a1d-4c0b-a486-0150db937947@group-FF047A9E459C-FollowerState
2022-10-30 01:06:33,797 [EventQueue-PipelineReportForPipelineReportHandler] INFO  pipeline.PipelineManagerImpl (PipelineManagerImpl.java:openPipeline(367)) - Pipeline Pipeline[ Id: 87b3f380-71d6-4056-b38f-ff047a9e459c, Nodes: 7f2965ec-2a1d-4c0b-a486-0150db937947{ip: 10.1.0.11, host: fv-az99-422.euuzywwtp3iu5l5aj42nbmzodg.gx.internal.cloudapp.net, ports: [REPLICATION=39237, RATIS=43977, RATIS_ADMIN=43977, RATIS_SERVER=43977, STANDALONE=40797], networkLocation: /default-rack, certSerialId: null, persistedOpState: IN_SERVICE, persistedOpStateExpiryEpochSec: 0}, ReplicationConfig: RATIS/ONE, State:ALLOCATED, leaderId:7f2965ec-2a1d-4c0b-a486-0150db937947, CreationTimestamp2022-10-30T01:06:30.731Z[Etc/UTC]] moved to OPEN state
2022-10-30 01:06:33,797 [EventQueue-OpenPipelineForHealthyPipelineSafeModeRule] INFO  safemode.SCMSafeModeManager (HealthyPipelineSafeModeRule.java:process(137)) - SCM in safe mode. Healthy pipelines reported count is 0, required healthy pipeline reported count is 1
2022-10-30 01:06:33,808 [pool-118-thread-1] INFO  util.JmxRegister (JmxRegister.java:tryRegister(44)) - Successfully registered JMX Bean with object name Ratis:service=RaftServer,group=group-FF047A9E459C,id=7f2965ec-2a1d-4c0b-a486-0150db937947
2022-10-30 01:06:33,810 [pool-118-thread-1] INFO  server.RaftServerConfigKeys (ConfUtils.java:logGet(46)) - raft.server.snapshot.auto.trigger.enabled = true (custom)
2022-10-30 01:06:33,810 [pool-118-thread-1] INFO  server.RaftServerConfigKeys (ConfUtils.java:logGet(46)) - raft.server.snapshot.auto.trigger.threshold = 10000 (custom)
2022-10-30 01:06:33,810 [pool-118-thread-1] INFO  server.RaftServerConfigKeys (ConfUtils.java:logGet(46)) - raft.server.snapshot.retention.file.num = 5 (custom)
2022-10-30 01:06:33,810 [pool-118-thread-1] INFO  server.RaftServerConfigKeys (ConfUtils.java:logGet(46)) - raft.server.log.purge.upto.snapshot.index = false (default)
2022-10-30 01:06:33,810 [grpc-default-executor-0] INFO  server.RaftServer (RaftServerProxy.java:addNew(96)) - 7f2965ec-2a1d-4c0b-a486-0150db937947: addNew group-C5655235CD35:[db967a0c-fd65-4f5b-99fe-08eeaf937185|rpc:10.1.0.11:46009|dataStream:|priority:0|startupRole:FOLLOWER, 7f2965ec-2a1d-4c0b-a486-0150db937947|rpc:10.1.0.11:43977|dataStream:|priority:1|startupRole:FOLLOWER, 86e92292-7141-46cb-9ed5-093a2cfc2b40|rpc:10.1.0.11:44269|dataStream:|priority:0|startupRole:FOLLOWER] returns group-C5655235CD35:java.util.concurrent.CompletableFuture@6b242992[Not completed]
2022-10-30 01:06:33,808 [7f2965ec-2a1d-4c0b-a486-0150db937947@group-FF047A9E459C-FollowerState] INFO  server.RaftServerConfigKeys (ConfUtils.java:logFallback(53)) - raft.server.rpc.first-election.timeout.min = 5s (fallback to raft.server.rpc.timeout.min)
2022-10-30 01:06:33,811 [7f2965ec-2a1d-4c0b-a486-0150db937947@group-FF047A9E459C-FollowerState] INFO  server.RaftServerConfigKeys (ConfUtils.java:logFallback(53)) - raft.server.rpc.first-election.timeout.max = 5200ms (fallback to raft.server.rpc.timeout.max)
2022-10-30 01:06:33,815 [Command processor thread] INFO  ratis.XceiverServerRatis (XceiverServerRatis.java:addGroup(765)) - Created group PipelineID=87b3f380-71d6-4056-b38f-ff047a9e459c
2022-10-30 01:06:33,816 [pool-118-thread-1] INFO  server.RaftServer$Division (RaftServerImpl.java:<init>(195)) - 7f2965ec-2a1d-4c0b-a486-0150db937947: new RaftServerImpl for group-C5655235CD35:[db967a0c-fd65-4f5b-99fe-08eeaf937185|rpc:10.1.0.11:46009|dataStream:|priority:0|startupRole:FOLLOWER, 7f2965ec-2a1d-4c0b-a486-0150db937947|rpc:10.1.0.11:43977|dataStream:|priority:1|startupRole:FOLLOWER, 86e92292-7141-46cb-9ed5-093a2cfc2b40|rpc:10.1.0.11:44269|dataStream:|priority:0|startupRole:FOLLOWER] with ContainerStateMachine:uninitialized
2022-10-30 01:06:33,816 [pool-118-thread-1] INFO  server.RaftServerConfigKeys (ConfUtils.java:logGet(46)) - raft.server.rpc.timeout.min = 5s (custom)
2022-10-30 01:06:33,817 [pool-118-thread-1] INFO  server.RaftServerConfigKeys (ConfUtils.java:logGet(46)) - raft.server.rpc.timeout.max = 5200ms (custom)
2022-10-30 01:06:33,817 [pool-118-thread-1] INFO  server.RaftServerConfigKeys (ConfUtils.java:logGet(46)) - raft.server.rpc.sleep.time = 25ms (default)
2022-10-30 01:06:33,817 [pool-118-thread-1] INFO  server.RaftServerConfigKeys (ConfUtils.java:logGet(46)) - raft.server.rpc.slowness.timeout = 300s (custom)
2022-10-30 01:06:33,817 [pool-118-thread-1] INFO  server.RaftServerConfigKeys (ConfUtils.java:logGet(46)) - raft.server.leaderelection.leader.step-down.wait-time = 10s (default)
2022-10-30 01:06:33,817 [pool-118-thread-1] INFO  server.RaftServerConfigKeys (ConfUtils.java:logGet(46)) - raft.server.sleep.deviation.threshold = 300ms (default)
2022-10-30 01:06:33,817 [pool-118-thread-1] INFO  server.RaftServer$Division (ServerState.java:<init>(118)) - 7f2965ec-2a1d-4c0b-a486-0150db937947@group-C5655235CD35: ConfigurationManager, init=-1: peers:[db967a0c-fd65-4f5b-99fe-08eeaf937185|rpc:10.1.0.11:46009|dataStream:|priority:0|startupRole:FOLLOWER, 7f2965ec-2a1d-4c0b-a486-0150db937947|rpc:10.1.0.11:43977|dataStream:|priority:1|startupRole:FOLLOWER, 86e92292-7141-46cb-9ed5-093a2cfc2b40|rpc:10.1.0.11:44269|dataStream:|priority:0|startupRole:FOLLOWER]|listeners:[], old=null, confs=<EMPTY_MAP>
2022-10-30 01:06:33,817 [pool-118-thread-1] INFO  server.RaftServerConfigKeys (ConfUtils.java:logGet(46)) - raft.server.storage.dir = [/home/runner/work/ozone/ozone/hadoop-ozone/integration-test/target/test-dir/MiniOzoneClusterImpl-d77d6c10-3d51-4ae5-b04b-b5f3d2f20a3f/datanode-2/data/ratis] (custom)
2022-10-30 01:06:33,817 [pool-118-thread-1] INFO  server.RaftServerConfigKeys (ConfUtils.java:logGet(46)) - raft.server.log.corruption.policy = EXCEPTION (default)
2022-10-30 01:06:33,817 [pool-118-thread-1] INFO  server.RaftServerConfigKeys (ConfUtils.java:logGet(46)) - raft.server.storage.free-space.min = 0MB (=0) (default)
2022-10-30 01:06:33,817 [pool-118-thread-1] INFO  server.RaftServerConfigKeys (ConfUtils.java:logGet(46)) - raft.server.notification.no-leader.timeout = 300s (custom)
2022-10-30 01:06:33,817 [pool-118-thread-1] INFO  server.RaftServerConfigKeys (ConfUtils.java:logGet(46)) - raft.server.retrycache.expirytime = 600000ms (custom)
2022-10-30 01:06:33,817 [pool-118-thread-1] INFO  server.RaftServerConfigKeys (ConfUtils.java:logGet(46)) - raft.server.retrycache.statistics.expirytime = 100μs (default)
2022-10-30 01:06:33,819 [pool-118-thread-1] INFO  server.RaftServerConfigKeys (ConfUtils.java:logGet(46)) - raft.server.log.appender.install.snapshot.enabled = false (custom)
2022-10-30 01:06:33,819 [pool-118-thread-1] INFO  server.RaftServerConfigKeys (ConfUtils.java:logGet(46)) - raft.server.threadpool.server.cached = true (default)
2022-10-30 01:06:33,819 [pool-118-thread-1] INFO  server.RaftServerConfigKeys (ConfUtils.java:logGet(46)) - raft.server.threadpool.server.size = 0 (default)
2022-10-30 01:06:33,819 [pool-118-thread-1] INFO  server.RaftServerConfigKeys (ConfUtils.java:logGet(46)) - raft.server.threadpool.client.cached = true (default)
2022-10-30 01:06:33,819 [pool-118-thread-1] INFO  server.RaftServerConfigKeys (ConfUtils.java:logGet(46)) - raft.server.threadpool.client.size = 0 (default)
2022-10-30 01:06:33,819 [pool-118-thread-1] INFO  storage.RaftStorageDirectory (RaftStorageDirectoryImpl.java:analyzeStorage(137)) - The storage directory /home/runner/work/ozone/ozone/hadoop-ozone/integration-test/target/test-dir/MiniOzoneClusterImpl-d77d6c10-3d51-4ae5-b04b-b5f3d2f20a3f/datanode-2/data/ratis/724b6ae5-f336-4c80-ae4d-c5655235cd35 does not exist. Creating ...
2022-10-30 01:06:33,816 [Command processor thread] INFO  commandhandler.CreatePipelineCommandHandler (CreatePipelineCommandHandler.java:handle(113)) - Created Pipeline RATIS ONE PipelineID=87b3f380-71d6-4056-b38f-ff047a9e459c.
2022-10-30 01:06:33,821 [Command processor thread] INFO  server.RaftServer (RaftServerProxy.java:addNew(96)) - 7f2965ec-2a1d-4c0b-a486-0150db937947: addNew group-C2E61F12FD9A:[db967a0c-fd65-4f5b-99fe-08eeaf937185|rpc:10.1.0.11:46009|priority:1|startupRole:FOLLOWER, 7f2965ec-2a1d-4c0b-a486-0150db937947|rpc:10.1.0.11:43977|priority:0|startupRole:FOLLOWER, 86e92292-7141-46cb-9ed5-093a2cfc2b40|rpc:10.1.0.11:44269|priority:0|startupRole:FOLLOWER] returns group-C2E61F12FD9A:java.util.concurrent.CompletableFuture@1fa1893f[Not completed]
2022-10-30 01:06:33,823 [pool-118-thread-1] INFO  storage.RaftStorageDirectory (RaftStorageDirectoryImpl.java:tryLock(231)) - Lock on /home/runner/work/ozone/ozone/hadoop-ozone/integration-test/target/test-dir/MiniOzoneClusterImpl-d77d6c10-3d51-4ae5-b04b-b5f3d2f20a3f/datanode-2/data/ratis/724b6ae5-f336-4c80-ae4d-c5655235cd35/in_use.lock acquired by nodename 13950@fv-az99-422
2022-10-30 01:06:33,824 [pool-118-thread-1] INFO  storage.RaftStorage (RaftStorageImpl.java:format(96)) - Storage directory /home/runner/work/ozone/ozone/hadoop-ozone/integration-test/target/test-dir/MiniOzoneClusterImpl-d77d6c10-3d51-4ae5-b04b-b5f3d2f20a3f/datanode-2/data/ratis/724b6ae5-f336-4c80-ae4d-c5655235cd35 has been successfully formatted.
2022-10-30 01:06:33,825 [pool-118-thread-1] INFO  ratis.ContainerStateMachine (ContainerStateMachine.java:loadSnapshot(236)) - group-C5655235CD35: The snapshot info is null. Setting the last applied indexto:(t:0, i:~)
2022-10-30 01:06:33,825 [pool-118-thread-1] INFO  server.RaftServerConfigKeys (ConfUtils.java:logGet(46)) - raft.server.log.use.memory = false (default)
2022-10-30 01:06:33,825 [pool-118-thread-1] INFO  server.RaftServerConfigKeys (ConfUtils.java:logGet(46)) - raft.server.log.purge.gap = 1000000 (custom)
2022-10-30 01:06:33,825 [pool-118-thread-1] INFO  server.RaftServerConfigKeys (ConfUtils.java:logGet(46)) - raft.server.log.appender.buffer.byte-limit = 33554432 (custom)
2022-10-30 01:06:33,825 [pool-118-thread-1] INFO  server.RaftServerConfigKeys (ConfUtils.java:logGet(46)) - raft.server.log.statemachine.data.read.timeout = 1000ms (default)
2022-10-30 01:06:33,825 [pool-118-thread-1] INFO  server.RaftServerConfigKeys (ConfUtils.java:logGet(46)) - raft.server.log.purge.preservation.log.num = 0 (default)
2022-10-30 01:06:33,827 [EventQueue-OpenPipelineForHealthyPipelineSafeModeRule] INFO  safemode.SCMSafeModeManager (HealthyPipelineSafeModeRule.java:process(137)) - SCM in safe mode. Healthy pipelines reported count is 0, required healthy pipeline reported count is 1
2022-10-30 01:06:33,827 [pool-118-thread-1] INFO  server.RaftServerConfigKeys (ConfUtils.java:logGet(46)) - raft.server.log.segment.size.max = 1048576 (custom)
2022-10-30 01:06:33,828 [pool-118-thread-1] INFO  server.RaftServerConfigKeys (ConfUtils.java:logGet(46)) - raft.server.log.segment.cache.num.max = 2 (custom)
2022-10-30 01:06:33,828 [pool-118-thread-1] INFO  server.RaftServerConfigKeys (ConfUtils.java:logGet(46)) - raft.server.log.segment.cache.size.max = 200MB (=209715200) (default)
2022-10-30 01:06:33,828 [pool-118-thread-1] INFO  segmented.SegmentedRaftLogWorker (SegmentedRaftLogWorker.java:<init>(191)) - new 7f2965ec-2a1d-4c0b-a486-0150db937947@group-C5655235CD35-SegmentedRaftLogWorker for RaftStorageImpl:Storage Directory /home/runner/work/ozone/ozone/hadoop-ozone/integration-test/target/test-dir/MiniOzoneClusterImpl-d77d6c10-3d51-4ae5-b04b-b5f3d2f20a3f/datanode-2/data/ratis/724b6ae5-f336-4c80-ae4d-c5655235cd35
2022-10-30 01:06:33,828 [pool-118-thread-1] INFO  server.RaftServerConfigKeys (ConfUtils.java:logGet(46)) - raft.server.log.queue.byte-limit = 4294967296 (custom)
2022-10-30 01:06:33,828 [pool-118-thread-1] INFO  server.RaftServerConfigKeys (ConfUtils.java:logGet(46)) - raft.server.log.queue.element-limit = 1024 (custom)
2022-10-30 01:06:33,828 [pool-118-thread-1] INFO  server.RaftServerConfigKeys (ConfUtils.java:logGet(46)) - raft.server.log.segment.size.max = 1048576 (custom)
2022-10-30 01:06:33,828 [pool-118-thread-1] INFO  server.RaftServerConfigKeys (ConfUtils.java:logGet(46)) - raft.server.log.preallocated.size = 16384 (custom)
2022-10-30 01:06:33,829 [pool-118-thread-1] INFO  server.RaftServerConfigKeys (ConfUtils.java:logGet(46)) - raft.server.log.force.sync.num = 128 (default)
2022-10-30 01:06:33,829 [pool-118-thread-1] INFO  server.RaftServerConfigKeys (ConfUtils.java:logGet(46)) - raft.server.log.statemachine.data.sync = true (default)
2022-10-30 01:06:33,829 [pool-118-thread-1] INFO  server.RaftServerConfigKeys (ConfUtils.java:logGet(46)) - raft.server.log.statemachine.data.sync.timeout = 10s (default)
2022-10-30 01:06:33,829 [pool-118-thread-1] INFO  server.RaftServerConfigKeys (ConfUtils.java:logGet(46)) - raft.server.log.statemachine.data.sync.timeout.retry = -1 (default)
2022-10-30 01:06:33,830 [pool-118-thread-1] INFO  server.RaftServerConfigKeys (ConfUtils.java:logGet(46)) - raft.server.log.write.buffer.size = 1048576 (custom)
2022-10-30 01:06:33,830 [pool-118-thread-1] INFO  server.RaftServerConfigKeys (ConfUtils.java:logGet(46)) - raft.server.log.unsafe-flush.enabled = false (default)
2022-10-30 01:06:33,830 [pool-118-thread-1] INFO  server.RaftServerConfigKeys (ConfUtils.java:logGet(46)) - raft.server.log.async-flush.enabled = false (default)
2022-10-30 01:06:33,830 [pool-118-thread-1] INFO  server.RaftServerConfigKeys (ConfUtils.java:logGet(46)) - raft.server.log.statemachine.data.caching.enabled = true (custom)
2022-10-30 01:06:33,830 [pool-118-thread-1] INFO  segmented.SegmentedRaftLogWorker (SegmentedRaftLogWorker.java:lambda$new$0(136)) - 7f2965ec-2a1d-4c0b-a486-0150db937947@group-C5655235CD35-SegmentedRaftLogWorker: flushIndex: setUnconditionally 0 -> -1
2022-10-30 01:06:33,831 [pool-118-thread-1] INFO  segmented.SegmentedRaftLogWorker (SegmentedRaftLogWorker.java:lambda$new$0(136)) - 7f2965ec-2a1d-4c0b-a486-0150db937947@group-C5655235CD35-SegmentedRaftLogWorker: safeCacheEvictIndex: setUnconditionally 0 -> -1
2022-10-30 01:06:33,834 [pool-118-thread-1] INFO  server.RaftServer$Division (RaftServerImpl.java:start(334)) - 7f2965ec-2a1d-4c0b-a486-0150db937947@group-C5655235CD35: start as a follower, conf=-1: peers:[db967a0c-fd65-4f5b-99fe-08eeaf937185|rpc:10.1.0.11:46009|dataStream:|priority:0|startupRole:FOLLOWER, 7f2965ec-2a1d-4c0b-a486-0150db937947|rpc:10.1.0.11:43977|dataStream:|priority:1|startupRole:FOLLOWER, 86e92292-7141-46cb-9ed5-093a2cfc2b40|rpc:10.1.0.11:44269|dataStream:|priority:0|startupRole:FOLLOWER]|listeners:[], old=null
2022-10-30 01:06:33,841 [pool-118-thread-1] INFO  server.RaftServer$Division (RaftServerImpl.java:setRole(321)) - 7f2965ec-2a1d-4c0b-a486-0150db937947@group-C5655235CD35: changes role from      null to FOLLOWER at term 0 for startAsFollower
2022-10-30 01:06:33,841 [pool-118-thread-1] INFO  impl.RoleInfo (RoleInfo.java:updateAndGet(139)) - 7f2965ec-2a1d-4c0b-a486-0150db937947: start 7f2965ec-2a1d-4c0b-a486-0150db937947@group-C5655235CD35-FollowerState
2022-10-30 01:06:33,842 [pool-118-thread-1] INFO  util.JmxRegister (JmxRegister.java:tryRegister(44)) - Successfully registered JMX Bean with object name Ratis:service=RaftServer,group=group-C5655235CD35,id=7f2965ec-2a1d-4c0b-a486-0150db937947
2022-10-30 01:06:33,843 [pool-118-thread-1] INFO  server.RaftServerConfigKeys (ConfUtils.java:logGet(46)) - raft.server.snapshot.auto.trigger.enabled = true (custom)
2022-10-30 01:06:33,843 [pool-118-thread-1] INFO  server.RaftServerConfigKeys (ConfUtils.java:logGet(46)) - raft.server.snapshot.auto.trigger.threshold = 10000 (custom)
2022-10-30 01:06:33,843 [pool-118-thread-1] INFO  server.RaftServerConfigKeys (ConfUtils.java:logGet(46)) - raft.server.snapshot.retention.file.num = 5 (custom)
2022-10-30 01:06:33,843 [pool-118-thread-1] INFO  server.RaftServerConfigKeys (ConfUtils.java:logGet(46)) - raft.server.log.purge.upto.snapshot.index = false (default)
2022-10-30 01:06:33,844 [7f2965ec-2a1d-4c0b-a486-0150db937947@group-C5655235CD35-FollowerState] INFO  server.RaftServerConfigKeys (ConfUtils.java:logFallback(53)) - raft.server.rpc.first-election.timeout.min = 5s (fallback to raft.server.rpc.timeout.min)
2022-10-30 01:06:33,848 [Command processor thread] INFO  commandhandler.CreatePipelineCommandHandler (CreatePipelineCommandHandler.java:handle(113)) - Created Pipeline RATIS THREE PipelineID=724b6ae5-f336-4c80-ae4d-c5655235cd35.
2022-10-30 01:06:33,847 [pool-118-thread-1] INFO  server.RaftServer$Division (RaftServerImpl.java:<init>(195)) - 7f2965ec-2a1d-4c0b-a486-0150db937947: new RaftServerImpl for group-C2E61F12FD9A:[db967a0c-fd65-4f5b-99fe-08eeaf937185|rpc:10.1.0.11:46009|priority:1|startupRole:FOLLOWER, 7f2965ec-2a1d-4c0b-a486-0150db937947|rpc:10.1.0.11:43977|priority:0|startupRole:FOLLOWER, 86e92292-7141-46cb-9ed5-093a2cfc2b40|rpc:10.1.0.11:44269|priority:0|startupRole:FOLLOWER] with ContainerStateMachine:uninitialized
2022-10-30 01:06:33,848 [pool-118-thread-1] INFO  server.RaftServerConfigKeys (ConfUtils.java:logGet(46)) - raft.server.rpc.timeout.min = 5s (custom)
2022-10-30 01:06:33,848 [pool-118-thread-1] INFO  server.RaftServerConfigKeys (ConfUtils.java:logGet(46)) - raft.server.rpc.timeout.max = 5200ms (custom)
2022-10-30 01:06:33,849 [pool-118-thread-1] INFO  server.RaftServerConfigKeys (ConfUtils.java:logGet(46)) - raft.server.rpc.sleep.time = 25ms (default)
2022-10-30 01:06:33,849 [pool-118-thread-1] INFO  server.RaftServerConfigKeys (ConfUtils.java:logGet(46)) - raft.server.rpc.slowness.timeout = 300s (custom)
2022-10-30 01:06:33,849 [pool-118-thread-1] INFO  server.RaftServerConfigKeys (ConfUtils.java:logGet(46)) - raft.server.leaderelection.leader.step-down.wait-time = 10s (default)
2022-10-30 01:06:33,849 [pool-118-thread-1] INFO  server.RaftServerConfigKeys (ConfUtils.java:logGet(46)) - raft.server.sleep.deviation.threshold = 300ms (default)
2022-10-30 01:06:33,849 [pool-118-thread-1] INFO  server.RaftServer$Division (ServerState.java:<init>(118)) - 7f2965ec-2a1d-4c0b-a486-0150db937947@group-C2E61F12FD9A: ConfigurationManager, init=-1: peers:[db967a0c-fd65-4f5b-99fe-08eeaf937185|rpc:10.1.0.11:46009|priority:1|startupRole:FOLLOWER, 7f2965ec-2a1d-4c0b-a486-0150db937947|rpc:10.1.0.11:43977|priority:0|startupRole:FOLLOWER, 86e92292-7141-46cb-9ed5-093a2cfc2b40|rpc:10.1.0.11:44269|priority:0|startupRole:FOLLOWER]|listeners:[], old=null, confs=<EMPTY_MAP>
2022-10-30 01:06:33,849 [pool-118-thread-1] INFO  server.RaftServerConfigKeys (ConfUtils.java:logGet(46)) - raft.server.storage.dir = [/home/runner/work/ozone/ozone/hadoop-ozone/integration-test/target/test-dir/MiniOzoneClusterImpl-d77d6c10-3d51-4ae5-b04b-b5f3d2f20a3f/datanode-2/data/ratis] (custom)
2022-10-30 01:06:33,848 [Command processor thread] INFO  server.RaftServer (RaftServerProxy.java:addNew(96)) - 86e92292-7141-46cb-9ed5-093a2cfc2b40: addNew group-C2E61F12FD9A:[db967a0c-fd65-4f5b-99fe-08eeaf937185|rpc:10.1.0.11:46009|priority:1|startupRole:FOLLOWER, 7f2965ec-2a1d-4c0b-a486-0150db937947|rpc:10.1.0.11:43977|priority:0|startupRole:FOLLOWER, 86e92292-7141-46cb-9ed5-093a2cfc2b40|rpc:10.1.0.11:44269|priority:0|startupRole:FOLLOWER] returns group-C2E61F12FD9A:java.util.concurrent.CompletableFuture@65b9dead[Not completed]
2022-10-30 01:06:33,852 [pool-118-thread-1] INFO  server.RaftServerConfigKeys (ConfUtils.java:logGet(46)) - raft.server.log.corruption.policy = EXCEPTION (default)
2022-10-30 01:06:33,871 [pool-118-thread-1] INFO  server.RaftServerConfigKeys (ConfUtils.java:logGet(46)) - raft.server.storage.free-space.min = 0MB (=0) (default)
2022-10-30 01:06:33,871 [pool-118-thread-1] INFO  server.RaftServerConfigKeys (ConfUtils.java:logGet(46)) - raft.server.notification.no-leader.timeout = 300s (custom)
2022-10-30 01:06:33,871 [pool-118-thread-1] INFO  server.RaftServerConfigKeys (ConfUtils.java:logGet(46)) - raft.server.retrycache.expirytime = 600000ms (custom)
2022-10-30 01:06:33,871 [pool-118-thread-1] INFO  server.RaftServerConfigKeys (ConfUtils.java:logGet(46)) - raft.server.retrycache.statistics.expirytime = 100μs (default)
2022-10-30 01:06:33,872 [pool-118-thread-1] INFO  server.RaftServerConfigKeys (ConfUtils.java:logGet(46)) - raft.server.log.appender.install.snapshot.enabled = false (custom)
2022-10-30 01:06:33,872 [pool-118-thread-1] INFO  server.RaftServerConfigKeys (ConfUtils.java:logGet(46)) - raft.server.threadpool.server.cached = true (default)
2022-10-30 01:06:33,872 [pool-118-thread-1] INFO  server.RaftServerConfigKeys (ConfUtils.java:logGet(46)) - raft.server.threadpool.server.size = 0 (default)
2022-10-30 01:06:33,872 [pool-118-thread-1] INFO  server.RaftServerConfigKeys (ConfUtils.java:logGet(46)) - raft.server.threadpool.client.cached = true (default)
2022-10-30 01:06:33,872 [pool-118-thread-1] INFO  server.RaftServerConfigKeys (ConfUtils.java:logGet(46)) - raft.server.threadpool.client.size = 0 (default)
2022-10-30 01:06:33,872 [pool-118-thread-1] INFO  storage.RaftStorageDirectory (RaftStorageDirectoryImpl.java:analyzeStorage(137)) - The storage directory /home/runner/work/ozone/ozone/hadoop-ozone/integration-test/target/test-dir/MiniOzoneClusterImpl-d77d6c10-3d51-4ae5-b04b-b5f3d2f20a3f/datanode-2/data/ratis/be69ebd1-f1e5-4af8-8a04-c2e61f12fd9a does not exist. Creating ...
2022-10-30 01:06:33,849 [pool-72-thread-1] INFO  server.RaftServer$Division (RaftServerImpl.java:<init>(195)) - 86e92292-7141-46cb-9ed5-093a2cfc2b40: new RaftServerImpl for group-C2E61F12FD9A:[db967a0c-fd65-4f5b-99fe-08eeaf937185|rpc:10.1.0.11:46009|priority:1|startupRole:FOLLOWER, 7f2965ec-2a1d-4c0b-a486-0150db937947|rpc:10.1.0.11:43977|priority:0|startupRole:FOLLOWER, 86e92292-7141-46cb-9ed5-093a2cfc2b40|rpc:10.1.0.11:44269|priority:0|startupRole:FOLLOWER] with ContainerStateMachine:uninitialized
2022-10-30 01:06:33,874 [pool-72-thread-1] INFO  server.RaftServerConfigKeys (ConfUtils.java:logGet(46)) - raft.server.rpc.timeout.min = 5s (custom)
2022-10-30 01:06:33,874 [pool-72-thread-1] INFO  server.RaftServerConfigKeys (ConfUtils.java:logGet(46)) - raft.server.rpc.timeout.max = 5200ms (custom)
2022-10-30 01:06:33,874 [pool-72-thread-1] INFO  server.RaftServerConfigKeys (ConfUtils.java:logGet(46)) - raft.server.rpc.sleep.time = 25ms (default)
2022-10-30 01:06:33,874 [pool-72-thread-1] INFO  server.RaftServerConfigKeys (ConfUtils.java:logGet(46)) - raft.server.rpc.slowness.timeout = 300s (custom)
2022-10-30 01:06:33,874 [pool-72-thread-1] INFO  server.RaftServerConfigKeys (ConfUtils.java:logGet(46)) - raft.server.leaderelection.leader.step-down.wait-time = 10s (default)
2022-10-30 01:06:33,875 [pool-72-thread-1] INFO  server.RaftServerConfigKeys (ConfUtils.java:logGet(46)) - raft.server.sleep.deviation.threshold = 300ms (default)
2022-10-30 01:06:33,875 [pool-72-thread-1] INFO  server.RaftServer$Division (ServerState.java:<init>(118)) - 86e92292-7141-46cb-9ed5-093a2cfc2b40@group-C2E61F12FD9A: ConfigurationManager, init=-1: peers:[db967a0c-fd65-4f5b-99fe-08eeaf937185|rpc:10.1.0.11:46009|priority:1|startupRole:FOLLOWER, 7f2965ec-2a1d-4c0b-a486-0150db937947|rpc:10.1.0.11:43977|priority:0|startupRole:FOLLOWER, 86e92292-7141-46cb-9ed5-093a2cfc2b40|rpc:10.1.0.11:44269|priority:0|startupRole:FOLLOWER]|listeners:[], old=null, confs=<EMPTY_MAP>
2022-10-30 01:06:33,875 [pool-72-thread-1] INFO  server.RaftServerConfigKeys (ConfUtils.java:logGet(46)) - raft.server.storage.dir = [/home/runner/work/ozone/ozone/hadoop-ozone/integration-test/target/test-dir/MiniOzoneClusterImpl-d77d6c10-3d51-4ae5-b04b-b5f3d2f20a3f/datanode-0/data/ratis] (custom)
2022-10-30 01:06:33,875 [pool-72-thread-1] INFO  server.RaftServerConfigKeys (ConfUtils.java:logGet(46)) - raft.server.log.corruption.policy = EXCEPTION (default)
2022-10-30 01:06:33,875 [pool-72-thread-1] INFO  server.RaftServerConfigKeys (ConfUtils.java:logGet(46)) - raft.server.storage.free-space.min = 0MB (=0) (default)
2022-10-30 01:06:33,875 [pool-72-thread-1] INFO  server.RaftServerConfigKeys (ConfUtils.java:logGet(46)) - raft.server.notification.no-leader.timeout = 300s (custom)
2022-10-30 01:06:33,875 [pool-72-thread-1] INFO  server.RaftServerConfigKeys (ConfUtils.java:logGet(46)) - raft.server.retrycache.expirytime = 600000ms (custom)
2022-10-30 01:06:33,875 [pool-72-thread-1] INFO  server.RaftServerConfigKeys (ConfUtils.java:logGet(46)) - raft.server.retrycache.statistics.expirytime = 100μs (default)
2022-10-30 01:06:33,876 [pool-72-thread-1] INFO  server.RaftServerConfigKeys (ConfUtils.java:logGet(46)) - raft.server.log.appender.install.snapshot.enabled = false (custom)
2022-10-30 01:06:33,876 [pool-72-thread-1] INFO  server.RaftServerConfigKeys (ConfUtils.java:logGet(46)) - raft.server.threadpool.server.cached = true (default)
2022-10-30 01:06:33,876 [pool-72-thread-1] INFO  server.RaftServerConfigKeys (ConfUtils.java:logGet(46)) - raft.server.threadpool.server.size = 0 (default)
2022-10-30 01:06:33,876 [pool-72-thread-1] INFO  server.RaftServerConfigKeys (ConfUtils.java:logGet(46)) - raft.server.threadpool.client.cached = true (default)
2022-10-30 01:06:33,876 [pool-72-thread-1] INFO  server.RaftServerConfigKeys (ConfUtils.java:logGet(46)) - raft.server.threadpool.client.size = 0 (default)
2022-10-30 01:06:33,877 [pool-72-thread-1] INFO  storage.RaftStorageDirectory (RaftStorageDirectoryImpl.java:analyzeStorage(137)) - The storage directory /home/runner/work/ozone/ozone/hadoop-ozone/integration-test/target/test-dir/MiniOzoneClusterImpl-d77d6c10-3d51-4ae5-b04b-b5f3d2f20a3f/datanode-0/data/ratis/be69ebd1-f1e5-4af8-8a04-c2e61f12fd9a does not exist. Creating ...
2022-10-30 01:06:33,848 [7f2965ec-2a1d-4c0b-a486-0150db937947@group-C5655235CD35-FollowerState] INFO  server.RaftServerConfigKeys (ConfUtils.java:logFallback(53)) - raft.server.rpc.first-election.timeout.max = 5200ms (fallback to raft.server.rpc.timeout.max)
2022-10-30 01:06:33,874 [pool-118-thread-1] INFO  storage.RaftStorageDirectory (RaftStorageDirectoryImpl.java:tryLock(231)) - Lock on /home/runner/work/ozone/ozone/hadoop-ozone/integration-test/target/test-dir/MiniOzoneClusterImpl-d77d6c10-3d51-4ae5-b04b-b5f3d2f20a3f/datanode-2/data/ratis/be69ebd1-f1e5-4af8-8a04-c2e61f12fd9a/in_use.lock acquired by nodename 13950@fv-az99-422
2022-10-30 01:06:33,878 [pool-72-thread-1] INFO  storage.RaftStorageDirectory (RaftStorageDirectoryImpl.java:tryLock(231)) - Lock on /home/runner/work/ozone/ozone/hadoop-ozone/integration-test/target/test-dir/MiniOzoneClusterImpl-d77d6c10-3d51-4ae5-b04b-b5f3d2f20a3f/datanode-0/data/ratis/be69ebd1-f1e5-4af8-8a04-c2e61f12fd9a/in_use.lock acquired by nodename 13950@fv-az99-422
2022-10-30 01:06:33,879 [pool-118-thread-1] INFO  storage.RaftStorage (RaftStorageImpl.java:format(96)) - Storage directory /home/runner/work/ozone/ozone/hadoop-ozone/integration-test/target/test-dir/MiniOzoneClusterImpl-d77d6c10-3d51-4ae5-b04b-b5f3d2f20a3f/datanode-2/data/ratis/be69ebd1-f1e5-4af8-8a04-c2e61f12fd9a has been successfully formatted.
2022-10-30 01:06:33,879 [pool-118-thread-1] INFO  ratis.ContainerStateMachine (ContainerStateMachine.java:loadSnapshot(236)) - group-C2E61F12FD9A: The snapshot info is null. Setting the last applied indexto:(t:0, i:~)
2022-10-30 01:06:33,879 [pool-118-thread-1] INFO  server.RaftServerConfigKeys (ConfUtils.java:logGet(46)) - raft.server.log.use.memory = false (default)
2022-10-30 01:06:33,880 [pool-118-thread-1] INFO  server.RaftServerConfigKeys (ConfUtils.java:logGet(46)) - raft.server.log.purge.gap = 1000000 (custom)
2022-10-30 01:06:33,880 [pool-118-thread-1] INFO  server.RaftServerConfigKeys (ConfUtils.java:logGet(46)) - raft.server.log.appender.buffer.byte-limit = 33554432 (custom)
2022-10-30 01:06:33,880 [pool-118-thread-1] INFO  server.RaftServerConfigKeys (ConfUtils.java:logGet(46)) - raft.server.log.statemachine.data.read.timeout = 1000ms (default)
2022-10-30 01:06:33,880 [pool-118-thread-1] INFO  server.RaftServerConfigKeys (ConfUtils.java:logGet(46)) - raft.server.log.purge.preservation.log.num = 0 (default)
2022-10-30 01:06:33,880 [pool-118-thread-1] INFO  server.RaftServerConfigKeys (ConfUtils.java:logGet(46)) - raft.server.log.segment.size.max = 1048576 (custom)
2022-10-30 01:06:33,880 [pool-118-thread-1] INFO  server.RaftServerConfigKeys (ConfUtils.java:logGet(46)) - raft.server.log.segment.cache.num.max = 2 (custom)
2022-10-30 01:06:33,880 [pool-118-thread-1] INFO  server.RaftServerConfigKeys (ConfUtils.java:logGet(46)) - raft.server.log.segment.cache.size.max = 200MB (=209715200) (default)
2022-10-30 01:06:33,880 [pool-118-thread-1] INFO  segmented.SegmentedRaftLogWorker (SegmentedRaftLogWorker.java:<init>(191)) - new 7f2965ec-2a1d-4c0b-a486-0150db937947@group-C2E61F12FD9A-SegmentedRaftLogWorker for RaftStorageImpl:Storage Directory /home/runner/work/ozone/ozone/hadoop-ozone/integration-test/target/test-dir/MiniOzoneClusterImpl-d77d6c10-3d51-4ae5-b04b-b5f3d2f20a3f/datanode-2/data/ratis/be69ebd1-f1e5-4af8-8a04-c2e61f12fd9a
2022-10-30 01:06:33,880 [pool-118-thread-1] INFO  server.RaftServerConfigKeys (ConfUtils.java:logGet(46)) - raft.server.log.queue.byte-limit = 4294967296 (custom)
2022-10-30 01:06:33,880 [pool-118-thread-1] INFO  server.RaftServerConfigKeys (ConfUtils.java:logGet(46)) - raft.server.log.queue.element-limit = 1024 (custom)
2022-10-30 01:06:33,880 [pool-118-thread-1] INFO  server.RaftServerConfigKeys (ConfUtils.java:logGet(46)) - raft.server.log.segment.size.max = 1048576 (custom)
2022-10-30 01:06:33,881 [pool-118-thread-1] INFO  server.RaftServerConfigKeys (ConfUtils.java:logGet(46)) - raft.server.log.preallocated.size = 16384 (custom)
2022-10-30 01:06:33,881 [pool-118-thread-1] INFO  server.RaftServerConfigKeys (ConfUtils.java:logGet(46)) - raft.server.log.force.sync.num = 128 (default)
2022-10-30 01:06:33,881 [pool-118-thread-1] INFO  server.RaftServerConfigKeys (ConfUtils.java:logGet(46)) - raft.server.log.statemachine.data.sync = true (default)
2022-10-30 01:06:33,881 [pool-118-thread-1] INFO  server.RaftServerConfigKeys (ConfUtils.java:logGet(46)) - raft.server.log.statemachine.data.sync.timeout = 10s (default)
2022-10-30 01:06:33,881 [pool-118-thread-1] INFO  server.RaftServerConfigKeys (ConfUtils.java:logGet(46)) - raft.server.log.statemachine.data.sync.timeout.retry = -1 (default)
2022-10-30 01:06:33,882 [pool-118-thread-1] INFO  server.RaftServerConfigKeys (ConfUtils.java:logGet(46)) - raft.server.log.write.buffer.size = 1048576 (custom)
2022-10-30 01:06:33,882 [pool-118-thread-1] INFO  server.RaftServerConfigKeys (ConfUtils.java:logGet(46)) - raft.server.log.unsafe-flush.enabled = false (default)
2022-10-30 01:06:33,882 [pool-118-thread-1] INFO  server.RaftServerConfigKeys (ConfUtils.java:logGet(46)) - raft.server.log.async-flush.enabled = false (default)
2022-10-30 01:06:33,882 [pool-118-thread-1] INFO  server.RaftServerConfigKeys (ConfUtils.java:logGet(46)) - raft.server.log.statemachine.data.caching.enabled = true (custom)
2022-10-30 01:06:33,883 [pool-118-thread-1] INFO  segmented.SegmentedRaftLogWorker (SegmentedRaftLogWorker.java:lambda$new$0(136)) - 7f2965ec-2a1d-4c0b-a486-0150db937947@group-C2E61F12FD9A-SegmentedRaftLogWorker: flushIndex: setUnconditionally 0 -> -1
2022-10-30 01:06:33,883 [pool-118-thread-1] INFO  segmented.SegmentedRaftLogWorker (SegmentedRaftLogWorker.java:lambda$new$0(136)) - 7f2965ec-2a1d-4c0b-a486-0150db937947@group-C2E61F12FD9A-SegmentedRaftLogWorker: safeCacheEvictIndex: setUnconditionally 0 -> -1
2022-10-30 01:06:33,884 [pool-72-thread-1] INFO  storage.RaftStorage (RaftStorageImpl.java:format(96)) - Storage directory /home/runner/work/ozone/ozone/hadoop-ozone/integration-test/target/test-dir/MiniOzoneClusterImpl-d77d6c10-3d51-4ae5-b04b-b5f3d2f20a3f/datanode-0/data/ratis/be69ebd1-f1e5-4af8-8a04-c2e61f12fd9a has been successfully formatted.
2022-10-30 01:06:33,891 [pool-118-thread-1] INFO  server.RaftServer$Division (RaftServerImpl.java:start(334)) - 7f2965ec-2a1d-4c0b-a486-0150db937947@group-C2E61F12FD9A: start as a follower, conf=-1: peers:[db967a0c-fd65-4f5b-99fe-08eeaf937185|rpc:10.1.0.11:46009|priority:1|startupRole:FOLLOWER, 7f2965ec-2a1d-4c0b-a486-0150db937947|rpc:10.1.0.11:43977|priority:0|startupRole:FOLLOWER, 86e92292-7141-46cb-9ed5-093a2cfc2b40|rpc:10.1.0.11:44269|priority:0|startupRole:FOLLOWER]|listeners:[], old=null
2022-10-30 01:06:33,891 [pool-118-thread-1] INFO  server.RaftServer$Division (RaftServerImpl.java:setRole(321)) - 7f2965ec-2a1d-4c0b-a486-0150db937947@group-C2E61F12FD9A: changes role from      null to FOLLOWER at term 0 for startAsFollower
2022-10-30 01:06:33,891 [pool-118-thread-1] INFO  impl.RoleInfo (RoleInfo.java:updateAndGet(139)) - 7f2965ec-2a1d-4c0b-a486-0150db937947: start 7f2965ec-2a1d-4c0b-a486-0150db937947@group-C2E61F12FD9A-FollowerState
2022-10-30 01:06:33,894 [pool-118-thread-1] INFO  util.JmxRegister (JmxRegister.java:tryRegister(44)) - Successfully registered JMX Bean with object name Ratis:service=RaftServer,group=group-C2E61F12FD9A,id=7f2965ec-2a1d-4c0b-a486-0150db937947
2022-10-30 01:06:33,894 [pool-118-thread-1] INFO  server.RaftServerConfigKeys (ConfUtils.java:logGet(46)) - raft.server.snapshot.auto.trigger.enabled = true (custom)
2022-10-30 01:06:33,894 [pool-118-thread-1] INFO  server.RaftServerConfigKeys (ConfUtils.java:logGet(46)) - raft.server.snapshot.auto.trigger.threshold = 10000 (custom)
2022-10-30 01:06:33,895 [pool-118-thread-1] INFO  server.RaftServerConfigKeys (ConfUtils.java:logGet(46)) - raft.server.snapshot.retention.file.num = 5 (custom)
2022-10-30 01:06:33,895 [pool-118-thread-1] INFO  server.RaftServerConfigKeys (ConfUtils.java:logGet(46)) - raft.server.log.purge.upto.snapshot.index = false (default)
2022-10-30 01:06:33,895 [7f2965ec-2a1d-4c0b-a486-0150db937947@group-C2E61F12FD9A-FollowerState] INFO  server.RaftServerConfigKeys (ConfUtils.java:logFallback(53)) - raft.server.rpc.first-election.timeout.min = 5s (fallback to raft.server.rpc.timeout.min)
2022-10-30 01:06:33,895 [7f2965ec-2a1d-4c0b-a486-0150db937947@group-C2E61F12FD9A-FollowerState] INFO  server.RaftServerConfigKeys (ConfUtils.java:logFallback(53)) - raft.server.rpc.first-election.timeout.max = 5200ms (fallback to raft.server.rpc.timeout.max)
2022-10-30 01:06:33,896 [pool-72-thread-1] INFO  ratis.ContainerStateMachine (ContainerStateMachine.java:loadSnapshot(236)) - group-C2E61F12FD9A: The snapshot info is null. Setting the last applied indexto:(t:0, i:~)
2022-10-30 01:06:33,896 [pool-72-thread-1] INFO  server.RaftServerConfigKeys (ConfUtils.java:logGet(46)) - raft.server.log.use.memory = false (default)
2022-10-30 01:06:33,896 [pool-72-thread-1] INFO  server.RaftServerConfigKeys (ConfUtils.java:logGet(46)) - raft.server.log.purge.gap = 1000000 (custom)
2022-10-30 01:06:33,896 [pool-72-thread-1] INFO  server.RaftServerConfigKeys (ConfUtils.java:logGet(46)) - raft.server.log.appender.buffer.byte-limit = 33554432 (custom)
2022-10-30 01:06:33,896 [pool-72-thread-1] INFO  server.RaftServerConfigKeys (ConfUtils.java:logGet(46)) - raft.server.log.statemachine.data.read.timeout = 1000ms (default)
2022-10-30 01:06:33,896 [pool-72-thread-1] INFO  server.RaftServerConfigKeys (ConfUtils.java:logGet(46)) - raft.server.log.purge.preservation.log.num = 0 (default)
2022-10-30 01:06:33,896 [pool-72-thread-1] INFO  server.RaftServerConfigKeys (ConfUtils.java:logGet(46)) - raft.server.log.segment.size.max = 1048576 (custom)
2022-10-30 01:06:33,896 [pool-72-thread-1] INFO  server.RaftServerConfigKeys (ConfUtils.java:logGet(46)) - raft.server.log.segment.cache.num.max = 2 (custom)
2022-10-30 01:06:33,896 [pool-72-thread-1] INFO  server.RaftServerConfigKeys (ConfUtils.java:logGet(46)) - raft.server.log.segment.cache.size.max = 200MB (=209715200) (default)
2022-10-30 01:06:33,897 [pool-72-thread-1] INFO  segmented.SegmentedRaftLogWorker (SegmentedRaftLogWorker.java:<init>(191)) - new 86e92292-7141-46cb-9ed5-093a2cfc2b40@group-C2E61F12FD9A-SegmentedRaftLogWorker for RaftStorageImpl:Storage Directory /home/runner/work/ozone/ozone/hadoop-ozone/integration-test/target/test-dir/MiniOzoneClusterImpl-d77d6c10-3d51-4ae5-b04b-b5f3d2f20a3f/datanode-0/data/ratis/be69ebd1-f1e5-4af8-8a04-c2e61f12fd9a
2022-10-30 01:06:33,897 [pool-72-thread-1] INFO  server.RaftServerConfigKeys (ConfUtils.java:logGet(46)) - raft.server.log.queue.byte-limit = 4294967296 (custom)
2022-10-30 01:06:33,897 [pool-72-thread-1] INFO  server.RaftServerConfigKeys (ConfUtils.java:logGet(46)) - raft.server.log.queue.element-limit = 1024 (custom)
2022-10-30 01:06:33,897 [pool-72-thread-1] INFO  server.RaftServerConfigKeys (ConfUtils.java:logGet(46)) - raft.server.log.segment.size.max = 1048576 (custom)
2022-10-30 01:06:33,897 [pool-72-thread-1] INFO  server.RaftServerConfigKeys (ConfUtils.java:logGet(46)) - raft.server.log.preallocated.size = 16384 (custom)
2022-10-30 01:06:33,897 [pool-72-thread-1] INFO  server.RaftServerConfigKeys (ConfUtils.java:logGet(46)) - raft.server.log.force.sync.num = 128 (default)
2022-10-30 01:06:33,897 [pool-72-thread-1] INFO  server.RaftServerConfigKeys (ConfUtils.java:logGet(46)) - raft.server.log.statemachine.data.sync = true (default)
2022-10-30 01:06:33,897 [pool-72-thread-1] INFO  server.RaftServerConfigKeys (ConfUtils.java:logGet(46)) - raft.server.log.statemachine.data.sync.timeout = 10s (default)
2022-10-30 01:06:33,897 [pool-72-thread-1] INFO  server.RaftServerConfigKeys (ConfUtils.java:logGet(46)) - raft.server.log.statemachine.data.sync.timeout.retry = -1 (default)
2022-10-30 01:06:33,898 [pool-72-thread-1] INFO  server.RaftServerConfigKeys (ConfUtils.java:logGet(46)) - raft.server.log.write.buffer.size = 1048576 (custom)
2022-10-30 01:06:33,898 [pool-72-thread-1] INFO  server.RaftServerConfigKeys (ConfUtils.java:logGet(46)) - raft.server.log.unsafe-flush.enabled = false (default)
2022-10-30 01:06:33,898 [pool-72-thread-1] INFO  server.RaftServerConfigKeys (ConfUtils.java:logGet(46)) - raft.server.log.async-flush.enabled = false (default)
2022-10-30 01:06:33,898 [pool-72-thread-1] INFO  server.RaftServerConfigKeys (ConfUtils.java:logGet(46)) - raft.server.log.statemachine.data.caching.enabled = true (custom)
2022-10-30 01:06:33,898 [pool-72-thread-1] INFO  segmented.SegmentedRaftLogWorker (SegmentedRaftLogWorker.java:lambda$new$0(136)) - 86e92292-7141-46cb-9ed5-093a2cfc2b40@group-C2E61F12FD9A-SegmentedRaftLogWorker: flushIndex: setUnconditionally 0 -> -1
2022-10-30 01:06:33,898 [pool-72-thread-1] INFO  segmented.SegmentedRaftLogWorker (SegmentedRaftLogWorker.java:lambda$new$0(136)) - 86e92292-7141-46cb-9ed5-093a2cfc2b40@group-C2E61F12FD9A-SegmentedRaftLogWorker: safeCacheEvictIndex: setUnconditionally 0 -> -1
2022-10-30 01:06:33,898 [Command processor thread] INFO  ratis.XceiverServerRatis (XceiverServerRatis.java:addGroup(765)) - Created group PipelineID=be69ebd1-f1e5-4af8-8a04-c2e61f12fd9a
2022-10-30 01:06:33,901 [pool-72-thread-1] INFO  server.RaftServer$Division (RaftServerImpl.java:start(334)) - 86e92292-7141-46cb-9ed5-093a2cfc2b40@group-C2E61F12FD9A: start as a follower, conf=-1: peers:[db967a0c-fd65-4f5b-99fe-08eeaf937185|rpc:10.1.0.11:46009|priority:1|startupRole:FOLLOWER, 7f2965ec-2a1d-4c0b-a486-0150db937947|rpc:10.1.0.11:43977|priority:0|startupRole:FOLLOWER, 86e92292-7141-46cb-9ed5-093a2cfc2b40|rpc:10.1.0.11:44269|priority:0|startupRole:FOLLOWER]|listeners:[], old=null
2022-10-30 01:06:33,915 [pool-72-thread-1] INFO  server.RaftServer$Division (RaftServerImpl.java:setRole(321)) - 86e92292-7141-46cb-9ed5-093a2cfc2b40@group-C2E61F12FD9A: changes role from      null to FOLLOWER at term 0 for startAsFollower
2022-10-30 01:06:33,916 [pool-72-thread-1] INFO  impl.RoleInfo (RoleInfo.java:updateAndGet(139)) - 86e92292-7141-46cb-9ed5-093a2cfc2b40: start 86e92292-7141-46cb-9ed5-093a2cfc2b40@group-C2E61F12FD9A-FollowerState
2022-10-30 01:06:33,920 [EventQueue-OpenPipelineForHealthyPipelineSafeModeRule] INFO  safemode.SCMSafeModeManager (HealthyPipelineSafeModeRule.java:process(137)) - SCM in safe mode. Healthy pipelines reported count is 0, required healthy pipeline reported count is 1
2022-10-30 01:06:33,925 [pool-72-thread-1] INFO  util.JmxRegister (JmxRegister.java:tryRegister(44)) - Successfully registered JMX Bean with object name Ratis:service=RaftServer,group=group-C2E61F12FD9A,id=86e92292-7141-46cb-9ed5-093a2cfc2b40
2022-10-30 01:06:33,925 [pool-72-thread-1] INFO  server.RaftServerConfigKeys (ConfUtils.java:logGet(46)) - raft.server.snapshot.auto.trigger.enabled = true (custom)
2022-10-30 01:06:33,925 [pool-72-thread-1] INFO  server.RaftServerConfigKeys (ConfUtils.java:logGet(46)) - raft.server.snapshot.auto.trigger.threshold = 10000 (custom)
2022-10-30 01:06:33,925 [pool-72-thread-1] INFO  server.RaftServerConfigKeys (ConfUtils.java:logGet(46)) - raft.server.snapshot.retention.file.num = 5 (custom)
2022-10-30 01:06:33,925 [pool-72-thread-1] INFO  server.RaftServerConfigKeys (ConfUtils.java:logGet(46)) - raft.server.log.purge.upto.snapshot.index = false (default)
2022-10-30 01:06:33,926 [86e92292-7141-46cb-9ed5-093a2cfc2b40@group-C2E61F12FD9A-FollowerState] INFO  server.RaftServerConfigKeys (ConfUtils.java:logFallback(53)) - raft.server.rpc.first-election.timeout.min = 5s (fallback to raft.server.rpc.timeout.min)
2022-10-30 01:06:33,926 [86e92292-7141-46cb-9ed5-093a2cfc2b40@group-C2E61F12FD9A-FollowerState] INFO  server.RaftServerConfigKeys (ConfUtils.java:logFallback(53)) - raft.server.rpc.first-election.timeout.max = 5200ms (fallback to raft.server.rpc.timeout.max)
2022-10-30 01:06:33,926 [Command processor thread] INFO  ratis.XceiverServerRatis (XceiverServerRatis.java:addGroup(765)) - Created group PipelineID=be69ebd1-f1e5-4af8-8a04-c2e61f12fd9a
2022-10-30 01:06:33,937 [EventQueue-OpenPipelineForHealthyPipelineSafeModeRule] INFO  safemode.SCMSafeModeManager (HealthyPipelineSafeModeRule.java:process(137)) - SCM in safe mode. Healthy pipelines reported count is 0, required healthy pipeline reported count is 1
2022-10-30 01:06:33,939 [Command processor thread] INFO  commandhandler.CreatePipelineCommandHandler (CreatePipelineCommandHandler.java:handle(113)) - Created Pipeline RATIS THREE PipelineID=724b6ae5-f336-4c80-ae4d-c5655235cd35.
2022-10-30 01:06:33,939 [Command processor thread] INFO  server.RaftServer (RaftServerProxy.java:addNew(96)) - db967a0c-fd65-4f5b-99fe-08eeaf937185: addNew group-C2E61F12FD9A:[db967a0c-fd65-4f5b-99fe-08eeaf937185|rpc:10.1.0.11:46009|priority:1|startupRole:FOLLOWER, 7f2965ec-2a1d-4c0b-a486-0150db937947|rpc:10.1.0.11:43977|priority:0|startupRole:FOLLOWER, 86e92292-7141-46cb-9ed5-093a2cfc2b40|rpc:10.1.0.11:44269|priority:0|startupRole:FOLLOWER] returns group-C2E61F12FD9A:java.util.concurrent.CompletableFuture@298bd220[Not completed]
2022-10-30 01:06:33,942 [pool-95-thread-1] INFO  server.RaftServer$Division (RaftServerImpl.java:<init>(195)) - db967a0c-fd65-4f5b-99fe-08eeaf937185: new RaftServerImpl for group-C2E61F12FD9A:[db967a0c-fd65-4f5b-99fe-08eeaf937185|rpc:10.1.0.11:46009|priority:1|startupRole:FOLLOWER, 7f2965ec-2a1d-4c0b-a486-0150db937947|rpc:10.1.0.11:43977|priority:0|startupRole:FOLLOWER, 86e92292-7141-46cb-9ed5-093a2cfc2b40|rpc:10.1.0.11:44269|priority:0|startupRole:FOLLOWER] with ContainerStateMachine:uninitialized
2022-10-30 01:06:33,942 [pool-95-thread-1] INFO  server.RaftServerConfigKeys (ConfUtils.java:logGet(46)) - raft.server.rpc.timeout.min = 5s (custom)
2022-10-30 01:06:33,942 [pool-95-thread-1] INFO  server.RaftServerConfigKeys (ConfUtils.java:logGet(46)) - raft.server.rpc.timeout.max = 5200ms (custom)
2022-10-30 01:06:33,942 [pool-95-thread-1] INFO  server.RaftServerConfigKeys (ConfUtils.java:logGet(46)) - raft.server.rpc.sleep.time = 25ms (default)
2022-10-30 01:06:33,942 [pool-95-thread-1] INFO  server.RaftServerConfigKeys (ConfUtils.java:logGet(46)) - raft.server.rpc.slowness.timeout = 300s (custom)
2022-10-30 01:06:33,942 [pool-95-thread-1] INFO  server.RaftServerConfigKeys (ConfUtils.java:logGet(46)) - raft.server.leaderelection.leader.step-down.wait-time = 10s (default)
2022-10-30 01:06:33,942 [pool-95-thread-1] INFO  server.RaftServerConfigKeys (ConfUtils.java:logGet(46)) - raft.server.sleep.deviation.threshold = 300ms (default)
2022-10-30 01:06:33,942 [pool-95-thread-1] INFO  server.RaftServer$Division (ServerState.java:<init>(118)) - db967a0c-fd65-4f5b-99fe-08eeaf937185@group-C2E61F12FD9A: ConfigurationManager, init=-1: peers:[db967a0c-fd65-4f5b-99fe-08eeaf937185|rpc:10.1.0.11:46009|priority:1|startupRole:FOLLOWER, 7f2965ec-2a1d-4c0b-a486-0150db937947|rpc:10.1.0.11:43977|priority:0|startupRole:FOLLOWER, 86e92292-7141-46cb-9ed5-093a2cfc2b40|rpc:10.1.0.11:44269|priority:0|startupRole:FOLLOWER]|listeners:[], old=null, confs=<EMPTY_MAP>
2022-10-30 01:06:33,942 [pool-95-thread-1] INFO  server.RaftServerConfigKeys (ConfUtils.java:logGet(46)) - raft.server.storage.dir = [/home/runner/work/ozone/ozone/hadoop-ozone/integration-test/target/test-dir/MiniOzoneClusterImpl-d77d6c10-3d51-4ae5-b04b-b5f3d2f20a3f/datanode-1/data/ratis] (custom)
2022-10-30 01:06:33,942 [pool-95-thread-1] INFO  server.RaftServerConfigKeys (ConfUtils.java:logGet(46)) - raft.server.log.corruption.policy = EXCEPTION (default)
2022-10-30 01:06:33,942 [pool-95-thread-1] INFO  server.RaftServerConfigKeys (ConfUtils.java:logGet(46)) - raft.server.storage.free-space.min = 0MB (=0) (default)
2022-10-30 01:06:33,942 [pool-95-thread-1] INFO  server.RaftServerConfigKeys (ConfUtils.java:logGet(46)) - raft.server.notification.no-leader.timeout = 300s (custom)
2022-10-30 01:06:33,942 [pool-95-thread-1] INFO  server.RaftServerConfigKeys (ConfUtils.java:logGet(46)) - raft.server.retrycache.expirytime = 600000ms (custom)
2022-10-30 01:06:33,942 [pool-95-thread-1] INFO  server.RaftServerConfigKeys (ConfUtils.java:logGet(46)) - raft.server.retrycache.statistics.expirytime = 100μs (default)
2022-10-30 01:06:33,944 [pool-95-thread-1] INFO  server.RaftServerConfigKeys (ConfUtils.java:logGet(46)) - raft.server.log.appender.install.snapshot.enabled = false (custom)
2022-10-30 01:06:33,944 [pool-95-thread-1] INFO  server.RaftServerConfigKeys (ConfUtils.java:logGet(46)) - raft.server.threadpool.server.cached = true (default)
2022-10-30 01:06:33,944 [pool-95-thread-1] INFO  server.RaftServerConfigKeys (ConfUtils.java:logGet(46)) - raft.server.threadpool.server.size = 0 (default)
2022-10-30 01:06:33,944 [pool-95-thread-1] INFO  server.RaftServerConfigKeys (ConfUtils.java:logGet(46)) - raft.server.threadpool.client.cached = true (default)
2022-10-30 01:06:33,944 [pool-95-thread-1] INFO  server.RaftServerConfigKeys (ConfUtils.java:logGet(46)) - raft.server.threadpool.client.size = 0 (default)
2022-10-30 01:06:33,944 [pool-95-thread-1] INFO  storage.RaftStorageDirectory (RaftStorageDirectoryImpl.java:analyzeStorage(137)) - The storage directory /home/runner/work/ozone/ozone/hadoop-ozone/integration-test/target/test-dir/MiniOzoneClusterImpl-d77d6c10-3d51-4ae5-b04b-b5f3d2f20a3f/datanode-1/data/ratis/be69ebd1-f1e5-4af8-8a04-c2e61f12fd9a does not exist. Creating ...
2022-10-30 01:06:33,947 [pool-95-thread-1] INFO  storage.RaftStorageDirectory (RaftStorageDirectoryImpl.java:tryLock(231)) - Lock on /home/runner/work/ozone/ozone/hadoop-ozone/integration-test/target/test-dir/MiniOzoneClusterImpl-d77d6c10-3d51-4ae5-b04b-b5f3d2f20a3f/datanode-1/data/ratis/be69ebd1-f1e5-4af8-8a04-c2e61f12fd9a/in_use.lock acquired by nodename 13950@fv-az99-422
2022-10-30 01:06:33,950 [pool-95-thread-1] INFO  storage.RaftStorage (RaftStorageImpl.java:format(96)) - Storage directory /home/runner/work/ozone/ozone/hadoop-ozone/integration-test/target/test-dir/MiniOzoneClusterImpl-d77d6c10-3d51-4ae5-b04b-b5f3d2f20a3f/datanode-1/data/ratis/be69ebd1-f1e5-4af8-8a04-c2e61f12fd9a has been successfully formatted.
2022-10-30 01:06:33,951 [pool-95-thread-1] INFO  ratis.ContainerStateMachine (ContainerStateMachine.java:loadSnapshot(236)) - group-C2E61F12FD9A: The snapshot info is null. Setting the last applied indexto:(t:0, i:~)
2022-10-30 01:06:33,952 [pool-95-thread-1] INFO  server.RaftServerConfigKeys (ConfUtils.java:logGet(46)) - raft.server.log.use.memory = false (default)
2022-10-30 01:06:33,952 [pool-95-thread-1] INFO  server.RaftServerConfigKeys (ConfUtils.java:logGet(46)) - raft.server.log.purge.gap = 1000000 (custom)
2022-10-30 01:06:33,952 [pool-95-thread-1] INFO  server.RaftServerConfigKeys (ConfUtils.java:logGet(46)) - raft.server.log.appender.buffer.byte-limit = 33554432 (custom)
2022-10-30 01:06:33,952 [pool-95-thread-1] INFO  server.RaftServerConfigKeys (ConfUtils.java:logGet(46)) - raft.server.log.statemachine.data.read.timeout = 1000ms (default)
2022-10-30 01:06:33,952 [pool-95-thread-1] INFO  server.RaftServerConfigKeys (ConfUtils.java:logGet(46)) - raft.server.log.purge.preservation.log.num = 0 (default)
2022-10-30 01:06:33,953 [pool-95-thread-1] INFO  server.RaftServerConfigKeys (ConfUtils.java:logGet(46)) - raft.server.log.segment.size.max = 1048576 (custom)
2022-10-30 01:06:33,953 [pool-95-thread-1] INFO  server.RaftServerConfigKeys (ConfUtils.java:logGet(46)) - raft.server.log.segment.cache.num.max = 2 (custom)
2022-10-30 01:06:33,953 [pool-95-thread-1] INFO  server.RaftServerConfigKeys (ConfUtils.java:logGet(46)) - raft.server.log.segment.cache.size.max = 200MB (=209715200) (default)
2022-10-30 01:06:33,953 [pool-95-thread-1] INFO  segmented.SegmentedRaftLogWorker (SegmentedRaftLogWorker.java:<init>(191)) - new db967a0c-fd65-4f5b-99fe-08eeaf937185@group-C2E61F12FD9A-SegmentedRaftLogWorker for RaftStorageImpl:Storage Directory /home/runner/work/ozone/ozone/hadoop-ozone/integration-test/target/test-dir/MiniOzoneClusterImpl-d77d6c10-3d51-4ae5-b04b-b5f3d2f20a3f/datanode-1/data/ratis/be69ebd1-f1e5-4af8-8a04-c2e61f12fd9a
2022-10-30 01:06:33,953 [pool-95-thread-1] INFO  server.RaftServerConfigKeys (ConfUtils.java:logGet(46)) - raft.server.log.queue.byte-limit = 4294967296 (custom)
2022-10-30 01:06:33,953 [pool-95-thread-1] INFO  server.RaftServerConfigKeys (ConfUtils.java:logGet(46)) - raft.server.log.queue.element-limit = 1024 (custom)
2022-10-30 01:06:33,953 [pool-95-thread-1] INFO  server.RaftServerConfigKeys (ConfUtils.java:logGet(46)) - raft.server.log.segment.size.max = 1048576 (custom)
2022-10-30 01:06:33,953 [pool-95-thread-1] INFO  server.RaftServerConfigKeys (ConfUtils.java:logGet(46)) - raft.server.log.preallocated.size = 16384 (custom)
2022-10-30 01:06:33,953 [pool-95-thread-1] INFO  server.RaftServerConfigKeys (ConfUtils.java:logGet(46)) - raft.server.log.force.sync.num = 128 (default)
2022-10-30 01:06:33,953 [pool-95-thread-1] INFO  server.RaftServerConfigKeys (ConfUtils.java:logGet(46)) - raft.server.log.statemachine.data.sync = true (default)
2022-10-30 01:06:33,953 [pool-95-thread-1] INFO  server.RaftServerConfigKeys (ConfUtils.java:logGet(46)) - raft.server.log.statemachine.data.sync.timeout = 10s (default)
2022-10-30 01:06:33,953 [pool-95-thread-1] INFO  server.RaftServerConfigKeys (ConfUtils.java:logGet(46)) - raft.server.log.statemachine.data.sync.timeout.retry = -1 (default)
2022-10-30 01:06:33,955 [pool-95-thread-1] INFO  server.RaftServerConfigKeys (ConfUtils.java:logGet(46)) - raft.server.log.write.buffer.size = 1048576 (custom)
2022-10-30 01:06:33,956 [pool-95-thread-1] INFO  server.RaftServerConfigKeys (ConfUtils.java:logGet(46)) - raft.server.log.unsafe-flush.enabled = false (default)
2022-10-30 01:06:33,956 [pool-95-thread-1] INFO  server.RaftServerConfigKeys (ConfUtils.java:logGet(46)) - raft.server.log.async-flush.enabled = false (default)
2022-10-30 01:06:33,956 [pool-95-thread-1] INFO  server.RaftServerConfigKeys (ConfUtils.java:logGet(46)) - raft.server.log.statemachine.data.caching.enabled = true (custom)
2022-10-30 01:06:33,956 [pool-95-thread-1] INFO  segmented.SegmentedRaftLogWorker (SegmentedRaftLogWorker.java:lambda$new$0(136)) - db967a0c-fd65-4f5b-99fe-08eeaf937185@group-C2E61F12FD9A-SegmentedRaftLogWorker: flushIndex: setUnconditionally 0 -> -1
2022-10-30 01:06:33,956 [pool-95-thread-1] INFO  segmented.SegmentedRaftLogWorker (SegmentedRaftLogWorker.java:lambda$new$0(136)) - db967a0c-fd65-4f5b-99fe-08eeaf937185@group-C2E61F12FD9A-SegmentedRaftLogWorker: safeCacheEvictIndex: setUnconditionally 0 -> -1
2022-10-30 01:06:33,961 [pool-95-thread-1] INFO  server.RaftServer$Division (RaftServerImpl.java:start(334)) - db967a0c-fd65-4f5b-99fe-08eeaf937185@group-C2E61F12FD9A: start as a follower, conf=-1: peers:[db967a0c-fd65-4f5b-99fe-08eeaf937185|rpc:10.1.0.11:46009|priority:1|startupRole:FOLLOWER, 7f2965ec-2a1d-4c0b-a486-0150db937947|rpc:10.1.0.11:43977|priority:0|startupRole:FOLLOWER, 86e92292-7141-46cb-9ed5-093a2cfc2b40|rpc:10.1.0.11:44269|priority:0|startupRole:FOLLOWER]|listeners:[], old=null
2022-10-30 01:06:33,961 [pool-95-thread-1] INFO  server.RaftServer$Division (RaftServerImpl.java:setRole(321)) - db967a0c-fd65-4f5b-99fe-08eeaf937185@group-C2E61F12FD9A: changes role from      null to FOLLOWER at term 0 for startAsFollower
2022-10-30 01:06:33,961 [pool-95-thread-1] INFO  impl.RoleInfo (RoleInfo.java:updateAndGet(139)) - db967a0c-fd65-4f5b-99fe-08eeaf937185: start db967a0c-fd65-4f5b-99fe-08eeaf937185@group-C2E61F12FD9A-FollowerState
2022-10-30 01:06:33,965 [pool-95-thread-1] INFO  util.JmxRegister (JmxRegister.java:tryRegister(44)) - Successfully registered JMX Bean with object name Ratis:service=RaftServer,group=group-C2E61F12FD9A,id=db967a0c-fd65-4f5b-99fe-08eeaf937185
2022-10-30 01:06:33,965 [pool-95-thread-1] INFO  server.RaftServerConfigKeys (ConfUtils.java:logGet(46)) - raft.server.snapshot.auto.trigger.enabled = true (custom)
2022-10-30 01:06:33,965 [pool-95-thread-1] INFO  server.RaftServerConfigKeys (ConfUtils.java:logGet(46)) - raft.server.snapshot.auto.trigger.threshold = 10000 (custom)
2022-10-30 01:06:33,965 [pool-95-thread-1] INFO  server.RaftServerConfigKeys (ConfUtils.java:logGet(46)) - raft.server.snapshot.retention.file.num = 5 (custom)
2022-10-30 01:06:33,965 [pool-95-thread-1] INFO  server.RaftServerConfigKeys (ConfUtils.java:logGet(46)) - raft.server.log.purge.upto.snapshot.index = false (default)
2022-10-30 01:06:33,968 [EventQueue-OpenPipelineForHealthyPipelineSafeModeRule] INFO  safemode.SCMSafeModeManager (HealthyPipelineSafeModeRule.java:process(137)) - SCM in safe mode. Healthy pipelines reported count is 0, required healthy pipeline reported count is 1
2022-10-30 01:06:33,969 [Command processor thread] INFO  ratis.XceiverServerRatis (XceiverServerRatis.java:addGroup(765)) - Created group PipelineID=be69ebd1-f1e5-4af8-8a04-c2e61f12fd9a
2022-10-30 01:06:33,969 [db967a0c-fd65-4f5b-99fe-08eeaf937185@group-C2E61F12FD9A-FollowerState] INFO  server.RaftServerConfigKeys (ConfUtils.java:logFallback(53)) - raft.server.rpc.first-election.timeout.min = 5s (fallback to raft.server.rpc.timeout.min)
2022-10-30 01:06:33,974 [db967a0c-fd65-4f5b-99fe-08eeaf937185@group-C2E61F12FD9A-FollowerState] INFO  server.RaftServerConfigKeys (ConfUtils.java:logFallback(53)) - raft.server.rpc.first-election.timeout.max = 5200ms (fallback to raft.server.rpc.timeout.max)
2022-10-30 01:06:34,069 [Command processor thread] INFO  commandhandler.CreatePipelineCommandHandler (CreatePipelineCommandHandler.java:handle(113)) - Created Pipeline RATIS THREE PipelineID=be69ebd1-f1e5-4af8-8a04-c2e61f12fd9a.
2022-10-30 01:06:34,087 [Command processor thread] INFO  server.RaftServer (RaftServerProxy.java:addNew(96)) - edb0f50d-ef97-4088-a20b-1c61b9a9d6ec: addNew group-4FB6838A530A:[edb0f50d-ef97-4088-a20b-1c61b9a9d6ec|rpc:10.1.0.11:41147|priority:1|startupRole:FOLLOWER] returns group-4FB6838A530A:java.util.concurrent.CompletableFuture@5edd6bd5[Not completed]
2022-10-30 01:06:34,092 [pool-141-thread-1] INFO  server.RaftServer$Division (RaftServerImpl.java:<init>(195)) - edb0f50d-ef97-4088-a20b-1c61b9a9d6ec: new RaftServerImpl for group-4FB6838A530A:[edb0f50d-ef97-4088-a20b-1c61b9a9d6ec|rpc:10.1.0.11:41147|priority:1|startupRole:FOLLOWER] with ContainerStateMachine:uninitialized
2022-10-30 01:06:34,092 [pool-141-thread-1] INFO  server.RaftServerConfigKeys (ConfUtils.java:logGet(46)) - raft.server.rpc.timeout.min = 5s (custom)
2022-10-30 01:06:34,092 [pool-141-thread-1] INFO  server.RaftServerConfigKeys (ConfUtils.java:logGet(46)) - raft.server.rpc.timeout.max = 5200ms (custom)
2022-10-30 01:06:34,092 [pool-141-thread-1] INFO  server.RaftServerConfigKeys (ConfUtils.java:logGet(46)) - raft.server.rpc.sleep.time = 25ms (default)
2022-10-30 01:06:34,092 [pool-141-thread-1] INFO  server.RaftServerConfigKeys (ConfUtils.java:logGet(46)) - raft.server.rpc.slowness.timeout = 300s (custom)
2022-10-30 01:06:34,092 [pool-141-thread-1] INFO  server.RaftServerConfigKeys (ConfUtils.java:logGet(46)) - raft.server.leaderelection.leader.step-down.wait-time = 10s (default)
2022-10-30 01:06:34,092 [pool-141-thread-1] INFO  server.RaftServerConfigKeys (ConfUtils.java:logGet(46)) - raft.server.sleep.deviation.threshold = 300ms (default)
2022-10-30 01:06:34,092 [pool-141-thread-1] INFO  server.RaftServer$Division (ServerState.java:<init>(118)) - edb0f50d-ef97-4088-a20b-1c61b9a9d6ec@group-4FB6838A530A: ConfigurationManager, init=-1: peers:[edb0f50d-ef97-4088-a20b-1c61b9a9d6ec|rpc:10.1.0.11:41147|priority:1|startupRole:FOLLOWER]|listeners:[], old=null, confs=<EMPTY_MAP>
2022-10-30 01:06:34,092 [pool-141-thread-1] INFO  server.RaftServerConfigKeys (ConfUtils.java:logGet(46)) - raft.server.storage.dir = [/home/runner/work/ozone/ozone/hadoop-ozone/integration-test/target/test-dir/MiniOzoneClusterImpl-d77d6c10-3d51-4ae5-b04b-b5f3d2f20a3f/datanode-3/data/ratis] (custom)
2022-10-30 01:06:34,092 [pool-141-thread-1] INFO  server.RaftServerConfigKeys (ConfUtils.java:logGet(46)) - raft.server.log.corruption.policy = EXCEPTION (default)
2022-10-30 01:06:34,092 [pool-141-thread-1] INFO  server.RaftServerConfigKeys (ConfUtils.java:logGet(46)) - raft.server.storage.free-space.min = 0MB (=0) (default)
2022-10-30 01:06:34,105 [pool-141-thread-1] INFO  server.RaftServerConfigKeys (ConfUtils.java:logGet(46)) - raft.server.notification.no-leader.timeout = 300s (custom)
2022-10-30 01:06:34,105 [pool-141-thread-1] INFO  server.RaftServerConfigKeys (ConfUtils.java:logGet(46)) - raft.server.retrycache.expirytime = 600000ms (custom)
2022-10-30 01:06:34,105 [pool-141-thread-1] INFO  server.RaftServerConfigKeys (ConfUtils.java:logGet(46)) - raft.server.retrycache.statistics.expirytime = 100μs (default)
2022-10-30 01:06:34,110 [Command processor thread] INFO  commandhandler.CreatePipelineCommandHandler (CreatePipelineCommandHandler.java:handle(113)) - Created Pipeline RATIS THREE PipelineID=be69ebd1-f1e5-4af8-8a04-c2e61f12fd9a.
2022-10-30 01:06:34,123 [pool-141-thread-1] INFO  server.RaftServerConfigKeys (ConfUtils.java:logGet(46)) - raft.server.log.appender.install.snapshot.enabled = false (custom)
2022-10-30 01:06:34,123 [pool-141-thread-1] INFO  server.RaftServerConfigKeys (ConfUtils.java:logGet(46)) - raft.server.threadpool.server.cached = true (default)
2022-10-30 01:06:34,123 [pool-141-thread-1] INFO  server.RaftServerConfigKeys (ConfUtils.java:logGet(46)) - raft.server.threadpool.server.size = 0 (default)
2022-10-30 01:06:34,123 [pool-141-thread-1] INFO  server.RaftServerConfigKeys (ConfUtils.java:logGet(46)) - raft.server.threadpool.client.cached = true (default)
2022-10-30 01:06:34,123 [pool-141-thread-1] INFO  server.RaftServerConfigKeys (ConfUtils.java:logGet(46)) - raft.server.threadpool.client.size = 0 (default)
2022-10-30 01:06:34,123 [pool-141-thread-1] INFO  storage.RaftStorageDirectory (RaftStorageDirectoryImpl.java:analyzeStorage(137)) - The storage directory /home/runner/work/ozone/ozone/hadoop-ozone/integration-test/target/test-dir/MiniOzoneClusterImpl-d77d6c10-3d51-4ae5-b04b-b5f3d2f20a3f/datanode-3/data/ratis/3985c7d6-c358-4763-9435-4fb6838a530a does not exist. Creating ...
2022-10-30 01:06:34,123 [Command processor thread] INFO  commandhandler.CreatePipelineCommandHandler (CreatePipelineCommandHandler.java:handle(113)) - Created Pipeline RATIS THREE PipelineID=be69ebd1-f1e5-4af8-8a04-c2e61f12fd9a.
2022-10-30 01:06:34,124 [pool-141-thread-1] INFO  storage.RaftStorageDirectory (RaftStorageDirectoryImpl.java:tryLock(231)) - Lock on /home/runner/work/ozone/ozone/hadoop-ozone/integration-test/target/test-dir/MiniOzoneClusterImpl-d77d6c10-3d51-4ae5-b04b-b5f3d2f20a3f/datanode-3/data/ratis/3985c7d6-c358-4763-9435-4fb6838a530a/in_use.lock acquired by nodename 13950@fv-az99-422
2022-10-30 01:06:34,125 [pool-141-thread-1] INFO  storage.RaftStorage (RaftStorageImpl.java:format(96)) - Storage directory /home/runner/work/ozone/ozone/hadoop-ozone/integration-test/target/test-dir/MiniOzoneClusterImpl-d77d6c10-3d51-4ae5-b04b-b5f3d2f20a3f/datanode-3/data/ratis/3985c7d6-c358-4763-9435-4fb6838a530a has been successfully formatted.
2022-10-30 01:06:34,125 [pool-141-thread-1] INFO  ratis.ContainerStateMachine (ContainerStateMachine.java:loadSnapshot(236)) - group-4FB6838A530A: The snapshot info is null. Setting the last applied indexto:(t:0, i:~)
2022-10-30 01:06:34,125 [pool-141-thread-1] INFO  server.RaftServerConfigKeys (ConfUtils.java:logGet(46)) - raft.server.log.use.memory = false (default)
2022-10-30 01:06:34,125 [pool-141-thread-1] INFO  server.RaftServerConfigKeys (ConfUtils.java:logGet(46)) - raft.server.log.purge.gap = 1000000 (custom)
2022-10-30 01:06:34,125 [pool-141-thread-1] INFO  server.RaftServerConfigKeys (ConfUtils.java:logGet(46)) - raft.server.log.appender.buffer.byte-limit = 33554432 (custom)
2022-10-30 01:06:34,125 [pool-141-thread-1] INFO  server.RaftServerConfigKeys (ConfUtils.java:logGet(46)) - raft.server.log.statemachine.data.read.timeout = 1000ms (default)
2022-10-30 01:06:34,125 [pool-141-thread-1] INFO  server.RaftServerConfigKeys (ConfUtils.java:logGet(46)) - raft.server.log.purge.preservation.log.num = 0 (default)
2022-10-30 01:06:34,126 [pool-141-thread-1] INFO  server.RaftServerConfigKeys (ConfUtils.java:logGet(46)) - raft.server.log.segment.size.max = 1048576 (custom)
2022-10-30 01:06:34,126 [pool-141-thread-1] INFO  server.RaftServerConfigKeys (ConfUtils.java:logGet(46)) - raft.server.log.segment.cache.num.max = 2 (custom)
2022-10-30 01:06:34,126 [pool-141-thread-1] INFO  server.RaftServerConfigKeys (ConfUtils.java:logGet(46)) - raft.server.log.segment.cache.size.max = 200MB (=209715200) (default)
2022-10-30 01:06:34,126 [pool-141-thread-1] INFO  segmented.SegmentedRaftLogWorker (SegmentedRaftLogWorker.java:<init>(191)) - new edb0f50d-ef97-4088-a20b-1c61b9a9d6ec@group-4FB6838A530A-SegmentedRaftLogWorker for RaftStorageImpl:Storage Directory /home/runner/work/ozone/ozone/hadoop-ozone/integration-test/target/test-dir/MiniOzoneClusterImpl-d77d6c10-3d51-4ae5-b04b-b5f3d2f20a3f/datanode-3/data/ratis/3985c7d6-c358-4763-9435-4fb6838a530a
2022-10-30 01:06:34,126 [pool-141-thread-1] INFO  server.RaftServerConfigKeys (ConfUtils.java:logGet(46)) - raft.server.log.queue.byte-limit = 4294967296 (custom)
2022-10-30 01:06:34,126 [pool-141-thread-1] INFO  server.RaftServerConfigKeys (ConfUtils.java:logGet(46)) - raft.server.log.queue.element-limit = 1024 (custom)
2022-10-30 01:06:34,126 [pool-141-thread-1] INFO  server.RaftServerConfigKeys (ConfUtils.java:logGet(46)) - raft.server.log.segment.size.max = 1048576 (custom)
2022-10-30 01:06:34,126 [pool-141-thread-1] INFO  server.RaftServerConfigKeys (ConfUtils.java:logGet(46)) - raft.server.log.preallocated.size = 16384 (custom)
2022-10-30 01:06:34,126 [pool-141-thread-1] INFO  server.RaftServerConfigKeys (ConfUtils.java:logGet(46)) - raft.server.log.force.sync.num = 128 (default)
2022-10-30 01:06:34,126 [pool-141-thread-1] INFO  server.RaftServerConfigKeys (ConfUtils.java:logGet(46)) - raft.server.log.statemachine.data.sync = true (default)
2022-10-30 01:06:34,126 [pool-141-thread-1] INFO  server.RaftServerConfigKeys (ConfUtils.java:logGet(46)) - raft.server.log.statemachine.data.sync.timeout = 10s (default)
2022-10-30 01:06:34,127 [pool-141-thread-1] INFO  server.RaftServerConfigKeys (ConfUtils.java:logGet(46)) - raft.server.log.statemachine.data.sync.timeout.retry = -1 (default)
2022-10-30 01:06:34,127 [pool-141-thread-1] INFO  server.RaftServerConfigKeys (ConfUtils.java:logGet(46)) - raft.server.log.write.buffer.size = 1048576 (custom)
2022-10-30 01:06:34,128 [pool-141-thread-1] INFO  server.RaftServerConfigKeys (ConfUtils.java:logGet(46)) - raft.server.log.unsafe-flush.enabled = false (default)
2022-10-30 01:06:34,128 [pool-141-thread-1] INFO  server.RaftServerConfigKeys (ConfUtils.java:logGet(46)) - raft.server.log.async-flush.enabled = false (default)
2022-10-30 01:06:34,129 [pool-141-thread-1] INFO  server.RaftServerConfigKeys (ConfUtils.java:logGet(46)) - raft.server.log.statemachine.data.caching.enabled = true (custom)
2022-10-30 01:06:34,129 [EventQueue-PipelineReportForPipelineReportHandler] INFO  pipeline.PipelineManagerImpl (PipelineManagerImpl.java:openPipeline(367)) - Pipeline Pipeline[ Id: 3985c7d6-c358-4763-9435-4fb6838a530a, Nodes: edb0f50d-ef97-4088-a20b-1c61b9a9d6ec{ip: 10.1.0.11, host: fv-az99-422.euuzywwtp3iu5l5aj42nbmzodg.gx.internal.cloudapp.net, ports: [REPLICATION=37555, RATIS=41147, RATIS_ADMIN=41147, RATIS_SERVER=41147, STANDALONE=45487], networkLocation: /default-rack, certSerialId: null, persistedOpState: IN_SERVICE, persistedOpStateExpiryEpochSec: 0}, ReplicationConfig: RATIS/ONE, State:ALLOCATED, leaderId:edb0f50d-ef97-4088-a20b-1c61b9a9d6ec, CreationTimestamp2022-10-30T01:06:31.083Z[Etc/UTC]] moved to OPEN state
2022-10-30 01:06:34,129 [EventQueue-OpenPipelineForHealthyPipelineSafeModeRule] INFO  safemode.SCMSafeModeManager (HealthyPipelineSafeModeRule.java:process(137)) - SCM in safe mode. Healthy pipelines reported count is 0, required healthy pipeline reported count is 1
2022-10-30 01:06:34,129 [pool-141-thread-1] INFO  segmented.SegmentedRaftLogWorker (SegmentedRaftLogWorker.java:lambda$new$0(136)) - edb0f50d-ef97-4088-a20b-1c61b9a9d6ec@group-4FB6838A530A-SegmentedRaftLogWorker: flushIndex: setUnconditionally 0 -> -1
2022-10-30 01:06:34,130 [pool-141-thread-1] INFO  segmented.SegmentedRaftLogWorker (SegmentedRaftLogWorker.java:lambda$new$0(136)) - edb0f50d-ef97-4088-a20b-1c61b9a9d6ec@group-4FB6838A530A-SegmentedRaftLogWorker: safeCacheEvictIndex: setUnconditionally 0 -> -1
2022-10-30 01:06:34,133 [pool-141-thread-1] INFO  server.RaftServer$Division (RaftServerImpl.java:start(334)) - edb0f50d-ef97-4088-a20b-1c61b9a9d6ec@group-4FB6838A530A: start as a follower, conf=-1: peers:[edb0f50d-ef97-4088-a20b-1c61b9a9d6ec|rpc:10.1.0.11:41147|priority:1|startupRole:FOLLOWER]|listeners:[], old=null
2022-10-30 01:06:34,133 [pool-141-thread-1] INFO  server.RaftServer$Division (RaftServerImpl.java:setRole(321)) - edb0f50d-ef97-4088-a20b-1c61b9a9d6ec@group-4FB6838A530A: changes role from      null to FOLLOWER at term 0 for startAsFollower
2022-10-30 01:06:34,133 [pool-141-thread-1] INFO  impl.RoleInfo (RoleInfo.java:updateAndGet(139)) - edb0f50d-ef97-4088-a20b-1c61b9a9d6ec: start edb0f50d-ef97-4088-a20b-1c61b9a9d6ec@group-4FB6838A530A-FollowerState
2022-10-30 01:06:34,133 [pool-141-thread-1] INFO  util.JmxRegister (JmxRegister.java:tryRegister(44)) - Successfully registered JMX Bean with object name Ratis:service=RaftServer,group=group-4FB6838A530A,id=edb0f50d-ef97-4088-a20b-1c61b9a9d6ec
2022-10-30 01:06:34,133 [pool-141-thread-1] INFO  server.RaftServerConfigKeys (ConfUtils.java:logGet(46)) - raft.server.snapshot.auto.trigger.enabled = true (custom)
2022-10-30 01:06:34,133 [pool-141-thread-1] INFO  server.RaftServerConfigKeys (ConfUtils.java:logGet(46)) - raft.server.snapshot.auto.trigger.threshold = 10000 (custom)
2022-10-30 01:06:34,133 [pool-141-thread-1] INFO  server.RaftServerConfigKeys (ConfUtils.java:logGet(46)) - raft.server.snapshot.retention.file.num = 5 (custom)
2022-10-30 01:06:34,133 [pool-141-thread-1] INFO  server.RaftServerConfigKeys (ConfUtils.java:logGet(46)) - raft.server.log.purge.upto.snapshot.index = false (default)
2022-10-30 01:06:34,138 [edb0f50d-ef97-4088-a20b-1c61b9a9d6ec@group-4FB6838A530A-FollowerState] INFO  server.RaftServerConfigKeys (ConfUtils.java:logFallback(53)) - raft.server.rpc.first-election.timeout.min = 5s (fallback to raft.server.rpc.timeout.min)
2022-10-30 01:06:34,138 [edb0f50d-ef97-4088-a20b-1c61b9a9d6ec@group-4FB6838A530A-FollowerState] INFO  server.RaftServerConfigKeys (ConfUtils.java:logFallback(53)) - raft.server.rpc.first-election.timeout.max = 5200ms (fallback to raft.server.rpc.timeout.max)
2022-10-30 01:06:34,142 [Command processor thread] INFO  ratis.XceiverServerRatis (XceiverServerRatis.java:addGroup(765)) - Created group PipelineID=3985c7d6-c358-4763-9435-4fb6838a530a
2022-10-30 01:06:34,142 [Command processor thread] INFO  commandhandler.CreatePipelineCommandHandler (CreatePipelineCommandHandler.java:handle(113)) - Created Pipeline RATIS ONE PipelineID=3985c7d6-c358-4763-9435-4fb6838a530a.
2022-10-30 01:06:34,142 [Command processor thread] INFO  server.RaftServer (RaftServerProxy.java:addNew(96)) - edb0f50d-ef97-4088-a20b-1c61b9a9d6ec: addNew group-0252A98196AF:[edb0f50d-ef97-4088-a20b-1c61b9a9d6ec|rpc:10.1.0.11:41147|priority:0|startupRole:FOLLOWER, 58d8b8bb-cfc7-423c-ba1f-09160eea4c71|rpc:10.1.0.11:37145|priority:1|startupRole:FOLLOWER, 57b0e5c4-d4d8-463c-8999-53af98295cd0|rpc:10.1.0.11:39941|priority:0|startupRole:FOLLOWER] returns group-0252A98196AF:java.util.concurrent.CompletableFuture@5ae2e4d6[Not completed]
2022-10-30 01:06:34,143 [pool-141-thread-1] INFO  server.RaftServer$Division (RaftServerImpl.java:<init>(195)) - edb0f50d-ef97-4088-a20b-1c61b9a9d6ec: new RaftServerImpl for group-0252A98196AF:[edb0f50d-ef97-4088-a20b-1c61b9a9d6ec|rpc:10.1.0.11:41147|priority:0|startupRole:FOLLOWER, 58d8b8bb-cfc7-423c-ba1f-09160eea4c71|rpc:10.1.0.11:37145|priority:1|startupRole:FOLLOWER, 57b0e5c4-d4d8-463c-8999-53af98295cd0|rpc:10.1.0.11:39941|priority:0|startupRole:FOLLOWER] with ContainerStateMachine:uninitialized
2022-10-30 01:06:34,143 [pool-141-thread-1] INFO  server.RaftServerConfigKeys (ConfUtils.java:logGet(46)) - raft.server.rpc.timeout.min = 5s (custom)
2022-10-30 01:06:34,143 [pool-141-thread-1] INFO  server.RaftServerConfigKeys (ConfUtils.java:logGet(46)) - raft.server.rpc.timeout.max = 5200ms (custom)
2022-10-30 01:06:34,143 [pool-141-thread-1] INFO  server.RaftServerConfigKeys (ConfUtils.java:logGet(46)) - raft.server.rpc.sleep.time = 25ms (default)
2022-10-30 01:06:34,143 [pool-141-thread-1] INFO  server.RaftServerConfigKeys (ConfUtils.java:logGet(46)) - raft.server.rpc.slowness.timeout = 300s (custom)
2022-10-30 01:06:34,143 [pool-141-thread-1] INFO  server.RaftServerConfigKeys (ConfUtils.java:logGet(46)) - raft.server.leaderelection.leader.step-down.wait-time = 10s (default)
2022-10-30 01:06:34,143 [pool-141-thread-1] INFO  server.RaftServerConfigKeys (ConfUtils.java:logGet(46)) - raft.server.sleep.deviation.threshold = 300ms (default)
2022-10-30 01:06:34,143 [pool-141-thread-1] INFO  server.RaftServer$Division (ServerState.java:<init>(118)) - edb0f50d-ef97-4088-a20b-1c61b9a9d6ec@group-0252A98196AF: ConfigurationManager, init=-1: peers:[edb0f50d-ef97-4088-a20b-1c61b9a9d6ec|rpc:10.1.0.11:41147|priority:0|startupRole:FOLLOWER, 58d8b8bb-cfc7-423c-ba1f-09160eea4c71|rpc:10.1.0.11:37145|priority:1|startupRole:FOLLOWER, 57b0e5c4-d4d8-463c-8999-53af98295cd0|rpc:10.1.0.11:39941|priority:0|startupRole:FOLLOWER]|listeners:[], old=null, confs=<EMPTY_MAP>
2022-10-30 01:06:34,143 [pool-141-thread-1] INFO  server.RaftServerConfigKeys (ConfUtils.java:logGet(46)) - raft.server.storage.dir = [/home/runner/work/ozone/ozone/hadoop-ozone/integration-test/target/test-dir/MiniOzoneClusterImpl-d77d6c10-3d51-4ae5-b04b-b5f3d2f20a3f/datanode-3/data/ratis] (custom)
2022-10-30 01:06:34,143 [pool-141-thread-1] INFO  server.RaftServerConfigKeys (ConfUtils.java:logGet(46)) - raft.server.log.corruption.policy = EXCEPTION (default)
2022-10-30 01:06:34,143 [pool-141-thread-1] INFO  server.RaftServerConfigKeys (ConfUtils.java:logGet(46)) - raft.server.storage.free-space.min = 0MB (=0) (default)
2022-10-30 01:06:34,144 [pool-141-thread-1] INFO  server.RaftServerConfigKeys (ConfUtils.java:logGet(46)) - raft.server.notification.no-leader.timeout = 300s (custom)
2022-10-30 01:06:34,144 [pool-141-thread-1] INFO  server.RaftServerConfigKeys (ConfUtils.java:logGet(46)) - raft.server.retrycache.expirytime = 600000ms (custom)
2022-10-30 01:06:34,144 [pool-141-thread-1] INFO  server.RaftServerConfigKeys (ConfUtils.java:logGet(46)) - raft.server.retrycache.statistics.expirytime = 100μs (default)
2022-10-30 01:06:34,145 [pool-141-thread-1] INFO  server.RaftServerConfigKeys (ConfUtils.java:logGet(46)) - raft.server.log.appender.install.snapshot.enabled = false (custom)
2022-10-30 01:06:34,145 [pool-141-thread-1] INFO  server.RaftServerConfigKeys (ConfUtils.java:logGet(46)) - raft.server.threadpool.server.cached = true (default)
2022-10-30 01:06:34,145 [pool-141-thread-1] INFO  server.RaftServerConfigKeys (ConfUtils.java:logGet(46)) - raft.server.threadpool.server.size = 0 (default)
2022-10-30 01:06:34,145 [pool-141-thread-1] INFO  server.RaftServerConfigKeys (ConfUtils.java:logGet(46)) - raft.server.threadpool.client.cached = true (default)
2022-10-30 01:06:34,145 [pool-141-thread-1] INFO  server.RaftServerConfigKeys (ConfUtils.java:logGet(46)) - raft.server.threadpool.client.size = 0 (default)
2022-10-30 01:06:34,145 [pool-141-thread-1] INFO  storage.RaftStorageDirectory (RaftStorageDirectoryImpl.java:analyzeStorage(137)) - The storage directory /home/runner/work/ozone/ozone/hadoop-ozone/integration-test/target/test-dir/MiniOzoneClusterImpl-d77d6c10-3d51-4ae5-b04b-b5f3d2f20a3f/datanode-3/data/ratis/eff5b8b8-11f4-4d83-acc7-0252a98196af does not exist. Creating ...
2022-10-30 01:06:34,146 [pool-141-thread-1] INFO  storage.RaftStorageDirectory (RaftStorageDirectoryImpl.java:tryLock(231)) - Lock on /home/runner/work/ozone/ozone/hadoop-ozone/integration-test/target/test-dir/MiniOzoneClusterImpl-d77d6c10-3d51-4ae5-b04b-b5f3d2f20a3f/datanode-3/data/ratis/eff5b8b8-11f4-4d83-acc7-0252a98196af/in_use.lock acquired by nodename 13950@fv-az99-422
2022-10-30 01:06:34,147 [pool-141-thread-1] INFO  storage.RaftStorage (RaftStorageImpl.java:format(96)) - Storage directory /home/runner/work/ozone/ozone/hadoop-ozone/integration-test/target/test-dir/MiniOzoneClusterImpl-d77d6c10-3d51-4ae5-b04b-b5f3d2f20a3f/datanode-3/data/ratis/eff5b8b8-11f4-4d83-acc7-0252a98196af has been successfully formatted.
2022-10-30 01:06:34,148 [pool-141-thread-1] INFO  ratis.ContainerStateMachine (ContainerStateMachine.java:loadSnapshot(236)) - group-0252A98196AF: The snapshot info is null. Setting the last applied indexto:(t:0, i:~)
2022-10-30 01:06:34,148 [pool-141-thread-1] INFO  server.RaftServerConfigKeys (ConfUtils.java:logGet(46)) - raft.server.log.use.memory = false (default)
2022-10-30 01:06:34,148 [pool-141-thread-1] INFO  server.RaftServerConfigKeys (ConfUtils.java:logGet(46)) - raft.server.log.purge.gap = 1000000 (custom)
2022-10-30 01:06:34,148 [pool-141-thread-1] INFO  server.RaftServerConfigKeys (ConfUtils.java:logGet(46)) - raft.server.log.appender.buffer.byte-limit = 33554432 (custom)
2022-10-30 01:06:34,148 [pool-141-thread-1] INFO  server.RaftServerConfigKeys (ConfUtils.java:logGet(46)) - raft.server.log.statemachine.data.read.timeout = 1000ms (default)
2022-10-30 01:06:34,148 [pool-141-thread-1] INFO  server.RaftServerConfigKeys (ConfUtils.java:logGet(46)) - raft.server.log.purge.preservation.log.num = 0 (default)
2022-10-30 01:06:34,149 [pool-141-thread-1] INFO  server.RaftServerConfigKeys (ConfUtils.java:logGet(46)) - raft.server.log.segment.size.max = 1048576 (custom)
2022-10-30 01:06:34,149 [pool-141-thread-1] INFO  server.RaftServerConfigKeys (ConfUtils.java:logGet(46)) - raft.server.log.segment.cache.num.max = 2 (custom)
2022-10-30 01:06:34,149 [EventQueue-OpenPipelineForHealthyPipelineSafeModeRule] INFO  safemode.SCMSafeModeManager (HealthyPipelineSafeModeRule.java:process(137)) - SCM in safe mode. Healthy pipelines reported count is 0, required healthy pipeline reported count is 1
2022-10-30 01:06:34,149 [pool-141-thread-1] INFO  server.RaftServerConfigKeys (ConfUtils.java:logGet(46)) - raft.server.log.segment.cache.size.max = 200MB (=209715200) (default)
2022-10-30 01:06:34,150 [pool-141-thread-1] INFO  segmented.SegmentedRaftLogWorker (SegmentedRaftLogWorker.java:<init>(191)) - new edb0f50d-ef97-4088-a20b-1c61b9a9d6ec@group-0252A98196AF-SegmentedRaftLogWorker for RaftStorageImpl:Storage Directory /home/runner/work/ozone/ozone/hadoop-ozone/integration-test/target/test-dir/MiniOzoneClusterImpl-d77d6c10-3d51-4ae5-b04b-b5f3d2f20a3f/datanode-3/data/ratis/eff5b8b8-11f4-4d83-acc7-0252a98196af
2022-10-30 01:06:34,150 [pool-141-thread-1] INFO  server.RaftServerConfigKeys (ConfUtils.java:logGet(46)) - raft.server.log.queue.byte-limit = 4294967296 (custom)
2022-10-30 01:06:34,150 [pool-141-thread-1] INFO  server.RaftServerConfigKeys (ConfUtils.java:logGet(46)) - raft.server.log.queue.element-limit = 1024 (custom)
2022-10-30 01:06:34,151 [pool-141-thread-1] INFO  server.RaftServerConfigKeys (ConfUtils.java:logGet(46)) - raft.server.log.segment.size.max = 1048576 (custom)
2022-10-30 01:06:34,151 [pool-141-thread-1] INFO  server.RaftServerConfigKeys (ConfUtils.java:logGet(46)) - raft.server.log.preallocated.size = 16384 (custom)
2022-10-30 01:06:34,151 [pool-141-thread-1] INFO  server.RaftServerConfigKeys (ConfUtils.java:logGet(46)) - raft.server.log.force.sync.num = 128 (default)
2022-10-30 01:06:34,151 [pool-141-thread-1] INFO  server.RaftServerConfigKeys (ConfUtils.java:logGet(46)) - raft.server.log.statemachine.data.sync = true (default)
2022-10-30 01:06:34,151 [pool-141-thread-1] INFO  server.RaftServerConfigKeys (ConfUtils.java:logGet(46)) - raft.server.log.statemachine.data.sync.timeout = 10s (default)
2022-10-30 01:06:34,151 [pool-141-thread-1] INFO  server.RaftServerConfigKeys (ConfUtils.java:logGet(46)) - raft.server.log.statemachine.data.sync.timeout.retry = -1 (default)
2022-10-30 01:06:34,152 [pool-141-thread-1] INFO  server.RaftServerConfigKeys (ConfUtils.java:logGet(46)) - raft.server.log.write.buffer.size = 1048576 (custom)
2022-10-30 01:06:34,152 [pool-141-thread-1] INFO  server.RaftServerConfigKeys (ConfUtils.java:logGet(46)) - raft.server.log.unsafe-flush.enabled = false (default)
2022-10-30 01:06:34,152 [pool-141-thread-1] INFO  server.RaftServerConfigKeys (ConfUtils.java:logGet(46)) - raft.server.log.async-flush.enabled = false (default)
2022-10-30 01:06:34,152 [pool-141-thread-1] INFO  server.RaftServerConfigKeys (ConfUtils.java:logGet(46)) - raft.server.log.statemachine.data.caching.enabled = true (custom)
2022-10-30 01:06:34,152 [pool-141-thread-1] INFO  segmented.SegmentedRaftLogWorker (SegmentedRaftLogWorker.java:lambda$new$0(136)) - edb0f50d-ef97-4088-a20b-1c61b9a9d6ec@group-0252A98196AF-SegmentedRaftLogWorker: flushIndex: setUnconditionally 0 -> -1
2022-10-30 01:06:34,152 [pool-141-thread-1] INFO  segmented.SegmentedRaftLogWorker (SegmentedRaftLogWorker.java:lambda$new$0(136)) - edb0f50d-ef97-4088-a20b-1c61b9a9d6ec@group-0252A98196AF-SegmentedRaftLogWorker: safeCacheEvictIndex: setUnconditionally 0 -> -1
2022-10-30 01:06:34,154 [pool-141-thread-1] INFO  server.RaftServer$Division (RaftServerImpl.java:start(334)) - edb0f50d-ef97-4088-a20b-1c61b9a9d6ec@group-0252A98196AF: start as a follower, conf=-1: peers:[edb0f50d-ef97-4088-a20b-1c61b9a9d6ec|rpc:10.1.0.11:41147|priority:0|startupRole:FOLLOWER, 58d8b8bb-cfc7-423c-ba1f-09160eea4c71|rpc:10.1.0.11:37145|priority:1|startupRole:FOLLOWER, 57b0e5c4-d4d8-463c-8999-53af98295cd0|rpc:10.1.0.11:39941|priority:0|startupRole:FOLLOWER]|listeners:[], old=null
2022-10-30 01:06:34,154 [pool-141-thread-1] INFO  server.RaftServer$Division (RaftServerImpl.java:setRole(321)) - edb0f50d-ef97-4088-a20b-1c61b9a9d6ec@group-0252A98196AF: changes role from      null to FOLLOWER at term 0 for startAsFollower
2022-10-30 01:06:34,155 [pool-141-thread-1] INFO  impl.RoleInfo (RoleInfo.java:updateAndGet(139)) - edb0f50d-ef97-4088-a20b-1c61b9a9d6ec: start edb0f50d-ef97-4088-a20b-1c61b9a9d6ec@group-0252A98196AF-FollowerState
2022-10-30 01:06:34,155 [pool-141-thread-1] INFO  util.JmxRegister (JmxRegister.java:tryRegister(44)) - Successfully registered JMX Bean with object name Ratis:service=RaftServer,group=group-0252A98196AF,id=edb0f50d-ef97-4088-a20b-1c61b9a9d6ec
2022-10-30 01:06:34,155 [pool-141-thread-1] INFO  server.RaftServerConfigKeys (ConfUtils.java:logGet(46)) - raft.server.snapshot.auto.trigger.enabled = true (custom)
2022-10-30 01:06:34,155 [pool-141-thread-1] INFO  server.RaftServerConfigKeys (ConfUtils.java:logGet(46)) - raft.server.snapshot.auto.trigger.threshold = 10000 (custom)
2022-10-30 01:06:34,155 [pool-141-thread-1] INFO  server.RaftServerConfigKeys (ConfUtils.java:logGet(46)) - raft.server.snapshot.retention.file.num = 5 (custom)
2022-10-30 01:06:34,155 [pool-141-thread-1] INFO  server.RaftServerConfigKeys (ConfUtils.java:logGet(46)) - raft.server.log.purge.upto.snapshot.index = false (default)
2022-10-30 01:06:34,156 [edb0f50d-ef97-4088-a20b-1c61b9a9d6ec@group-0252A98196AF-FollowerState] INFO  server.RaftServerConfigKeys (ConfUtils.java:logFallback(53)) - raft.server.rpc.first-election.timeout.min = 5s (fallback to raft.server.rpc.timeout.min)
2022-10-30 01:06:34,156 [edb0f50d-ef97-4088-a20b-1c61b9a9d6ec@group-0252A98196AF-FollowerState] INFO  server.RaftServerConfigKeys (ConfUtils.java:logFallback(53)) - raft.server.rpc.first-election.timeout.max = 5200ms (fallback to raft.server.rpc.timeout.max)
2022-10-30 01:06:34,156 [Command processor thread] INFO  ratis.XceiverServerRatis (XceiverServerRatis.java:addGroup(765)) - Created group PipelineID=eff5b8b8-11f4-4d83-acc7-0252a98196af
2022-10-30 01:06:34,168 [grpc-default-executor-0] INFO  server.RaftServer (RaftServerProxy.java:addNew(96)) - 58d8b8bb-cfc7-423c-ba1f-09160eea4c71: addNew group-0252A98196AF:[edb0f50d-ef97-4088-a20b-1c61b9a9d6ec|rpc:10.1.0.11:41147|dataStream:|priority:0|startupRole:FOLLOWER, 58d8b8bb-cfc7-423c-ba1f-09160eea4c71|rpc:10.1.0.11:37145|dataStream:|priority:1|startupRole:FOLLOWER, 57b0e5c4-d4d8-463c-8999-53af98295cd0|rpc:10.1.0.11:39941|dataStream:|priority:0|startupRole:FOLLOWER] returns group-0252A98196AF:java.util.concurrent.CompletableFuture@44e32768[Not completed]
2022-10-30 01:06:34,169 [pool-164-thread-1] INFO  server.RaftServer$Division (RaftServerImpl.java:<init>(195)) - 58d8b8bb-cfc7-423c-ba1f-09160eea4c71: new RaftServerImpl for group-0252A98196AF:[edb0f50d-ef97-4088-a20b-1c61b9a9d6ec|rpc:10.1.0.11:41147|dataStream:|priority:0|startupRole:FOLLOWER, 58d8b8bb-cfc7-423c-ba1f-09160eea4c71|rpc:10.1.0.11:37145|dataStream:|priority:1|startupRole:FOLLOWER, 57b0e5c4-d4d8-463c-8999-53af98295cd0|rpc:10.1.0.11:39941|dataStream:|priority:0|startupRole:FOLLOWER] with ContainerStateMachine:uninitialized
2022-10-30 01:06:34,169 [pool-164-thread-1] INFO  server.RaftServerConfigKeys (ConfUtils.java:logGet(46)) - raft.server.rpc.timeout.min = 5s (custom)
2022-10-30 01:06:34,169 [pool-164-thread-1] INFO  server.RaftServerConfigKeys (ConfUtils.java:logGet(46)) - raft.server.rpc.timeout.max = 5200ms (custom)
2022-10-30 01:06:34,169 [pool-164-thread-1] INFO  server.RaftServerConfigKeys (ConfUtils.java:logGet(46)) - raft.server.rpc.sleep.time = 25ms (default)
2022-10-30 01:06:34,169 [pool-164-thread-1] INFO  server.RaftServerConfigKeys (ConfUtils.java:logGet(46)) - raft.server.rpc.slowness.timeout = 300s (custom)
2022-10-30 01:06:34,169 [pool-164-thread-1] INFO  server.RaftServerConfigKeys (ConfUtils.java:logGet(46)) - raft.server.leaderelection.leader.step-down.wait-time = 10s (default)
2022-10-30 01:06:34,169 [pool-164-thread-1] INFO  server.RaftServerConfigKeys (ConfUtils.java:logGet(46)) - raft.server.sleep.deviation.threshold = 300ms (default)
2022-10-30 01:06:34,170 [pool-164-thread-1] INFO  server.RaftServer$Division (ServerState.java:<init>(118)) - 58d8b8bb-cfc7-423c-ba1f-09160eea4c71@group-0252A98196AF: ConfigurationManager, init=-1: peers:[edb0f50d-ef97-4088-a20b-1c61b9a9d6ec|rpc:10.1.0.11:41147|dataStream:|priority:0|startupRole:FOLLOWER, 58d8b8bb-cfc7-423c-ba1f-09160eea4c71|rpc:10.1.0.11:37145|dataStream:|priority:1|startupRole:FOLLOWER, 57b0e5c4-d4d8-463c-8999-53af98295cd0|rpc:10.1.0.11:39941|dataStream:|priority:0|startupRole:FOLLOWER]|listeners:[], old=null, confs=<EMPTY_MAP>
2022-10-30 01:06:34,170 [pool-164-thread-1] INFO  server.RaftServerConfigKeys (ConfUtils.java:logGet(46)) - raft.server.storage.dir = [/home/runner/work/ozone/ozone/hadoop-ozone/integration-test/target/test-dir/MiniOzoneClusterImpl-d77d6c10-3d51-4ae5-b04b-b5f3d2f20a3f/datanode-4/data/ratis] (custom)
2022-10-30 01:06:34,170 [pool-164-thread-1] INFO  server.RaftServerConfigKeys (ConfUtils.java:logGet(46)) - raft.server.log.corruption.policy = EXCEPTION (default)
2022-10-30 01:06:34,170 [pool-164-thread-1] INFO  server.RaftServerConfigKeys (ConfUtils.java:logGet(46)) - raft.server.storage.free-space.min = 0MB (=0) (default)
2022-10-30 01:06:34,170 [pool-164-thread-1] INFO  server.RaftServerConfigKeys (ConfUtils.java:logGet(46)) - raft.server.notification.no-leader.timeout = 300s (custom)
2022-10-30 01:06:34,170 [pool-164-thread-1] INFO  server.RaftServerConfigKeys (ConfUtils.java:logGet(46)) - raft.server.retrycache.expirytime = 600000ms (custom)
2022-10-30 01:06:34,170 [pool-164-thread-1] INFO  server.RaftServerConfigKeys (ConfUtils.java:logGet(46)) - raft.server.retrycache.statistics.expirytime = 100μs (default)
2022-10-30 01:06:34,172 [pool-164-thread-1] INFO  server.RaftServerConfigKeys (ConfUtils.java:logGet(46)) - raft.server.log.appender.install.snapshot.enabled = false (custom)
2022-10-30 01:06:34,172 [pool-164-thread-1] INFO  server.RaftServerConfigKeys (ConfUtils.java:logGet(46)) - raft.server.threadpool.server.cached = true (default)
2022-10-30 01:06:34,172 [pool-164-thread-1] INFO  server.RaftServerConfigKeys (ConfUtils.java:logGet(46)) - raft.server.threadpool.server.size = 0 (default)
2022-10-30 01:06:34,172 [pool-164-thread-1] INFO  server.RaftServerConfigKeys (ConfUtils.java:logGet(46)) - raft.server.threadpool.client.cached = true (default)
2022-10-30 01:06:34,172 [pool-164-thread-1] INFO  server.RaftServerConfigKeys (ConfUtils.java:logGet(46)) - raft.server.threadpool.client.size = 0 (default)
2022-10-30 01:06:34,172 [pool-164-thread-1] INFO  storage.RaftStorageDirectory (RaftStorageDirectoryImpl.java:analyzeStorage(137)) - The storage directory /home/runner/work/ozone/ozone/hadoop-ozone/integration-test/target/test-dir/MiniOzoneClusterImpl-d77d6c10-3d51-4ae5-b04b-b5f3d2f20a3f/datanode-4/data/ratis/eff5b8b8-11f4-4d83-acc7-0252a98196af does not exist. Creating ...
2022-10-30 01:06:34,173 [pool-164-thread-1] INFO  storage.RaftStorageDirectory (RaftStorageDirectoryImpl.java:tryLock(231)) - Lock on /home/runner/work/ozone/ozone/hadoop-ozone/integration-test/target/test-dir/MiniOzoneClusterImpl-d77d6c10-3d51-4ae5-b04b-b5f3d2f20a3f/datanode-4/data/ratis/eff5b8b8-11f4-4d83-acc7-0252a98196af/in_use.lock acquired by nodename 13950@fv-az99-422
2022-10-30 01:06:34,174 [pool-164-thread-1] INFO  storage.RaftStorage (RaftStorageImpl.java:format(96)) - Storage directory /home/runner/work/ozone/ozone/hadoop-ozone/integration-test/target/test-dir/MiniOzoneClusterImpl-d77d6c10-3d51-4ae5-b04b-b5f3d2f20a3f/datanode-4/data/ratis/eff5b8b8-11f4-4d83-acc7-0252a98196af has been successfully formatted.
2022-10-30 01:06:34,174 [pool-164-thread-1] INFO  ratis.ContainerStateMachine (ContainerStateMachine.java:loadSnapshot(236)) - group-0252A98196AF: The snapshot info is null. Setting the last applied indexto:(t:0, i:~)
2022-10-30 01:06:34,174 [pool-164-thread-1] INFO  server.RaftServerConfigKeys (ConfUtils.java:logGet(46)) - raft.server.log.use.memory = false (default)
2022-10-30 01:06:34,175 [pool-164-thread-1] INFO  server.RaftServerConfigKeys (ConfUtils.java:logGet(46)) - raft.server.log.purge.gap = 1000000 (custom)
2022-10-30 01:06:34,175 [pool-164-thread-1] INFO  server.RaftServerConfigKeys (ConfUtils.java:logGet(46)) - raft.server.log.appender.buffer.byte-limit = 33554432 (custom)
2022-10-30 01:06:34,175 [pool-164-thread-1] INFO  server.RaftServerConfigKeys (ConfUtils.java:logGet(46)) - raft.server.log.statemachine.data.read.timeout = 1000ms (default)
2022-10-30 01:06:34,175 [pool-164-thread-1] INFO  server.RaftServerConfigKeys (ConfUtils.java:logGet(46)) - raft.server.log.purge.preservation.log.num = 0 (default)
2022-10-30 01:06:34,175 [pool-164-thread-1] INFO  server.RaftServerConfigKeys (ConfUtils.java:logGet(46)) - raft.server.log.segment.size.max = 1048576 (custom)
2022-10-30 01:06:34,176 [pool-164-thread-1] INFO  server.RaftServerConfigKeys (ConfUtils.java:logGet(46)) - raft.server.log.segment.cache.num.max = 2 (custom)
2022-10-30 01:06:34,176 [pool-164-thread-1] INFO  server.RaftServerConfigKeys (ConfUtils.java:logGet(46)) - raft.server.log.segment.cache.size.max = 200MB (=209715200) (default)
2022-10-30 01:06:34,176 [pool-164-thread-1] INFO  segmented.SegmentedRaftLogWorker (SegmentedRaftLogWorker.java:<init>(191)) - new 58d8b8bb-cfc7-423c-ba1f-09160eea4c71@group-0252A98196AF-SegmentedRaftLogWorker for RaftStorageImpl:Storage Directory /home/runner/work/ozone/ozone/hadoop-ozone/integration-test/target/test-dir/MiniOzoneClusterImpl-d77d6c10-3d51-4ae5-b04b-b5f3d2f20a3f/datanode-4/data/ratis/eff5b8b8-11f4-4d83-acc7-0252a98196af
2022-10-30 01:06:34,176 [pool-164-thread-1] INFO  server.RaftServerConfigKeys (ConfUtils.java:logGet(46)) - raft.server.log.queue.byte-limit = 4294967296 (custom)
2022-10-30 01:06:34,176 [pool-164-thread-1] INFO  server.RaftServerConfigKeys (ConfUtils.java:logGet(46)) - raft.server.log.queue.element-limit = 1024 (custom)
2022-10-30 01:06:34,177 [pool-164-thread-1] INFO  server.RaftServerConfigKeys (ConfUtils.java:logGet(46)) - raft.server.log.segment.size.max = 1048576 (custom)
2022-10-30 01:06:34,177 [pool-164-thread-1] INFO  server.RaftServerConfigKeys (ConfUtils.java:logGet(46)) - raft.server.log.preallocated.size = 16384 (custom)
2022-10-30 01:06:34,177 [pool-164-thread-1] INFO  server.RaftServerConfigKeys (ConfUtils.java:logGet(46)) - raft.server.log.force.sync.num = 128 (default)
2022-10-30 01:06:34,177 [pool-164-thread-1] INFO  server.RaftServerConfigKeys (ConfUtils.java:logGet(46)) - raft.server.log.statemachine.data.sync = true (default)
2022-10-30 01:06:34,177 [pool-164-thread-1] INFO  server.RaftServerConfigKeys (ConfUtils.java:logGet(46)) - raft.server.log.statemachine.data.sync.timeout = 10s (default)
2022-10-30 01:06:34,177 [pool-164-thread-1] INFO  server.RaftServerConfigKeys (ConfUtils.java:logGet(46)) - raft.server.log.statemachine.data.sync.timeout.retry = -1 (default)
2022-10-30 01:06:34,178 [pool-164-thread-1] INFO  server.RaftServerConfigKeys (ConfUtils.java:logGet(46)) - raft.server.log.write.buffer.size = 1048576 (custom)
2022-10-30 01:06:34,178 [pool-164-thread-1] INFO  server.RaftServerConfigKeys (ConfUtils.java:logGet(46)) - raft.server.log.unsafe-flush.enabled = false (default)
2022-10-30 01:06:34,178 [pool-164-thread-1] INFO  server.RaftServerConfigKeys (ConfUtils.java:logGet(46)) - raft.server.log.async-flush.enabled = false (default)
2022-10-30 01:06:34,178 [pool-164-thread-1] INFO  server.RaftServerConfigKeys (ConfUtils.java:logGet(46)) - raft.server.log.statemachine.data.caching.enabled = true (custom)
2022-10-30 01:06:34,178 [pool-164-thread-1] INFO  segmented.SegmentedRaftLogWorker (SegmentedRaftLogWorker.java:lambda$new$0(136)) - 58d8b8bb-cfc7-423c-ba1f-09160eea4c71@group-0252A98196AF-SegmentedRaftLogWorker: flushIndex: setUnconditionally 0 -> -1
2022-10-30 01:06:34,178 [pool-164-thread-1] INFO  segmented.SegmentedRaftLogWorker (SegmentedRaftLogWorker.java:lambda$new$0(136)) - 58d8b8bb-cfc7-423c-ba1f-09160eea4c71@group-0252A98196AF-SegmentedRaftLogWorker: safeCacheEvictIndex: setUnconditionally 0 -> -1
2022-10-30 01:06:34,186 [pool-164-thread-1] INFO  server.RaftServer$Division (RaftServerImpl.java:start(334)) - 58d8b8bb-cfc7-423c-ba1f-09160eea4c71@group-0252A98196AF: start as a follower, conf=-1: peers:[edb0f50d-ef97-4088-a20b-1c61b9a9d6ec|rpc:10.1.0.11:41147|dataStream:|priority:0|startupRole:FOLLOWER, 58d8b8bb-cfc7-423c-ba1f-09160eea4c71|rpc:10.1.0.11:37145|dataStream:|priority:1|startupRole:FOLLOWER, 57b0e5c4-d4d8-463c-8999-53af98295cd0|rpc:10.1.0.11:39941|dataStream:|priority:0|startupRole:FOLLOWER]|listeners:[], old=null
2022-10-30 01:06:34,186 [pool-164-thread-1] INFO  server.RaftServer$Division (RaftServerImpl.java:setRole(321)) - 58d8b8bb-cfc7-423c-ba1f-09160eea4c71@group-0252A98196AF: changes role from      null to FOLLOWER at term 0 for startAsFollower
2022-10-30 01:06:34,186 [pool-164-thread-1] INFO  impl.RoleInfo (RoleInfo.java:updateAndGet(139)) - 58d8b8bb-cfc7-423c-ba1f-09160eea4c71: start 58d8b8bb-cfc7-423c-ba1f-09160eea4c71@group-0252A98196AF-FollowerState
2022-10-30 01:06:34,190 [pool-164-thread-1] INFO  util.JmxRegister (JmxRegister.java:tryRegister(44)) - Successfully registered JMX Bean with object name Ratis:service=RaftServer,group=group-0252A98196AF,id=58d8b8bb-cfc7-423c-ba1f-09160eea4c71
2022-10-30 01:06:34,190 [pool-164-thread-1] INFO  server.RaftServerConfigKeys (ConfUtils.java:logGet(46)) - raft.server.snapshot.auto.trigger.enabled = true (custom)
2022-10-30 01:06:34,190 [pool-164-thread-1] INFO  server.RaftServerConfigKeys (ConfUtils.java:logGet(46)) - raft.server.snapshot.auto.trigger.threshold = 10000 (custom)
2022-10-30 01:06:34,190 [pool-164-thread-1] INFO  server.RaftServerConfigKeys (ConfUtils.java:logGet(46)) - raft.server.snapshot.retention.file.num = 5 (custom)
2022-10-30 01:06:34,190 [pool-164-thread-1] INFO  server.RaftServerConfigKeys (ConfUtils.java:logGet(46)) - raft.server.log.purge.upto.snapshot.index = false (default)
2022-10-30 01:06:34,193 [58d8b8bb-cfc7-423c-ba1f-09160eea4c71@group-0252A98196AF-FollowerState] INFO  server.RaftServerConfigKeys (ConfUtils.java:logFallback(53)) - raft.server.rpc.first-election.timeout.min = 5s (fallback to raft.server.rpc.timeout.min)
2022-10-30 01:06:34,194 [58d8b8bb-cfc7-423c-ba1f-09160eea4c71@group-0252A98196AF-FollowerState] INFO  server.RaftServerConfigKeys (ConfUtils.java:logFallback(53)) - raft.server.rpc.first-election.timeout.max = 5200ms (fallback to raft.server.rpc.timeout.max)
2022-10-30 01:06:34,197 [Listener at 127.0.0.1/42013] INFO  ozone.MiniOzoneClusterImpl (MiniOzoneClusterImpl.java:lambda$waitForClusterToBeReady$0(216)) - Nodes are ready. Got 10 of 10 DN Heartbeats.
2022-10-30 01:06:34,197 [Listener at 127.0.0.1/42013] INFO  ozone.MiniOzoneClusterImpl (MiniOzoneClusterImpl.java:lambda$waitForClusterToBeReady$0(219)) - Waiting for cluster to exit safe mode
2022-10-30 01:06:34,197 [Listener at 127.0.0.1/42013] INFO  ozone.MiniOzoneClusterImpl (MiniOzoneClusterImpl.java:lambda$waitForClusterToBeReady$0(221)) - SCM became leader
2022-10-30 01:06:34,221 [grpc-default-executor-0] INFO  server.RaftServer (RaftServerProxy.java:addNew(96)) - 57b0e5c4-d4d8-463c-8999-53af98295cd0: addNew group-0252A98196AF:[edb0f50d-ef97-4088-a20b-1c61b9a9d6ec|rpc:10.1.0.11:41147|dataStream:|priority:0|startupRole:FOLLOWER, 58d8b8bb-cfc7-423c-ba1f-09160eea4c71|rpc:10.1.0.11:37145|dataStream:|priority:1|startupRole:FOLLOWER, 57b0e5c4-d4d8-463c-8999-53af98295cd0|rpc:10.1.0.11:39941|dataStream:|priority:0|startupRole:FOLLOWER] returns group-0252A98196AF:java.util.concurrent.CompletableFuture@6796de8d[Not completed]
2022-10-30 01:06:34,222 [pool-187-thread-1] INFO  server.RaftServer$Division (RaftServerImpl.java:<init>(195)) - 57b0e5c4-d4d8-463c-8999-53af98295cd0: new RaftServerImpl for group-0252A98196AF:[edb0f50d-ef97-4088-a20b-1c61b9a9d6ec|rpc:10.1.0.11:41147|dataStream:|priority:0|startupRole:FOLLOWER, 58d8b8bb-cfc7-423c-ba1f-09160eea4c71|rpc:10.1.0.11:37145|dataStream:|priority:1|startupRole:FOLLOWER, 57b0e5c4-d4d8-463c-8999-53af98295cd0|rpc:10.1.0.11:39941|dataStream:|priority:0|startupRole:FOLLOWER] with ContainerStateMachine:uninitialized
2022-10-30 01:06:34,222 [pool-187-thread-1] INFO  server.RaftServerConfigKeys (ConfUtils.java:logGet(46)) - raft.server.rpc.timeout.min = 5s (custom)
2022-10-30 01:06:34,222 [pool-187-thread-1] INFO  server.RaftServerConfigKeys (ConfUtils.java:logGet(46)) - raft.server.rpc.timeout.max = 5200ms (custom)
2022-10-30 01:06:34,222 [pool-187-thread-1] INFO  server.RaftServerConfigKeys (ConfUtils.java:logGet(46)) - raft.server.rpc.sleep.time = 25ms (default)
2022-10-30 01:06:34,222 [pool-187-thread-1] INFO  server.RaftServerConfigKeys (ConfUtils.java:logGet(46)) - raft.server.rpc.slowness.timeout = 300s (custom)
2022-10-30 01:06:34,222 [pool-187-thread-1] INFO  server.RaftServerConfigKeys (ConfUtils.java:logGet(46)) - raft.server.leaderelection.leader.step-down.wait-time = 10s (default)
2022-10-30 01:06:34,222 [pool-187-thread-1] INFO  server.RaftServerConfigKeys (ConfUtils.java:logGet(46)) - raft.server.sleep.deviation.threshold = 300ms (default)
2022-10-30 01:06:34,222 [pool-187-thread-1] INFO  server.RaftServer$Division (ServerState.java:<init>(118)) - 57b0e5c4-d4d8-463c-8999-53af98295cd0@group-0252A98196AF: ConfigurationManager, init=-1: peers:[edb0f50d-ef97-4088-a20b-1c61b9a9d6ec|rpc:10.1.0.11:41147|dataStream:|priority:0|startupRole:FOLLOWER, 58d8b8bb-cfc7-423c-ba1f-09160eea4c71|rpc:10.1.0.11:37145|dataStream:|priority:1|startupRole:FOLLOWER, 57b0e5c4-d4d8-463c-8999-53af98295cd0|rpc:10.1.0.11:39941|dataStream:|priority:0|startupRole:FOLLOWER]|listeners:[], old=null, confs=<EMPTY_MAP>
2022-10-30 01:06:34,224 [pool-187-thread-1] INFO  server.RaftServerConfigKeys (ConfUtils.java:logGet(46)) - raft.server.storage.dir = [/home/runner/work/ozone/ozone/hadoop-ozone/integration-test/target/test-dir/MiniOzoneClusterImpl-d77d6c10-3d51-4ae5-b04b-b5f3d2f20a3f/datanode-5/data/ratis] (custom)
2022-10-30 01:06:34,225 [pool-187-thread-1] INFO  server.RaftServerConfigKeys (ConfUtils.java:logGet(46)) - raft.server.log.corruption.policy = EXCEPTION (default)
2022-10-30 01:06:34,225 [pool-187-thread-1] INFO  server.RaftServerConfigKeys (ConfUtils.java:logGet(46)) - raft.server.storage.free-space.min = 0MB (=0) (default)
2022-10-30 01:06:34,225 [pool-187-thread-1] INFO  server.RaftServerConfigKeys (ConfUtils.java:logGet(46)) - raft.server.notification.no-leader.timeout = 300s (custom)
2022-10-30 01:06:34,225 [pool-187-thread-1] INFO  server.RaftServerConfigKeys (ConfUtils.java:logGet(46)) - raft.server.retrycache.expirytime = 600000ms (custom)
2022-10-30 01:06:34,225 [pool-187-thread-1] INFO  server.RaftServerConfigKeys (ConfUtils.java:logGet(46)) - raft.server.retrycache.statistics.expirytime = 100μs (default)
2022-10-30 01:06:34,227 [pool-187-thread-1] INFO  server.RaftServerConfigKeys (ConfUtils.java:logGet(46)) - raft.server.log.appender.install.snapshot.enabled = false (custom)
2022-10-30 01:06:34,227 [pool-187-thread-1] INFO  server.RaftServerConfigKeys (ConfUtils.java:logGet(46)) - raft.server.threadpool.server.cached = true (default)
2022-10-30 01:06:34,227 [pool-187-thread-1] INFO  server.RaftServerConfigKeys (ConfUtils.java:logGet(46)) - raft.server.threadpool.server.size = 0 (default)
2022-10-30 01:06:34,227 [pool-187-thread-1] INFO  server.RaftServerConfigKeys (ConfUtils.java:logGet(46)) - raft.server.threadpool.client.cached = true (default)
2022-10-30 01:06:34,227 [pool-187-thread-1] INFO  server.RaftServerConfigKeys (ConfUtils.java:logGet(46)) - raft.server.threadpool.client.size = 0 (default)
2022-10-30 01:06:34,227 [pool-187-thread-1] INFO  storage.RaftStorageDirectory (RaftStorageDirectoryImpl.java:analyzeStorage(137)) - The storage directory /home/runner/work/ozone/ozone/hadoop-ozone/integration-test/target/test-dir/MiniOzoneClusterImpl-d77d6c10-3d51-4ae5-b04b-b5f3d2f20a3f/datanode-5/data/ratis/eff5b8b8-11f4-4d83-acc7-0252a98196af does not exist. Creating ...
2022-10-30 01:06:34,229 [pool-187-thread-1] INFO  storage.RaftStorageDirectory (RaftStorageDirectoryImpl.java:tryLock(231)) - Lock on /home/runner/work/ozone/ozone/hadoop-ozone/integration-test/target/test-dir/MiniOzoneClusterImpl-d77d6c10-3d51-4ae5-b04b-b5f3d2f20a3f/datanode-5/data/ratis/eff5b8b8-11f4-4d83-acc7-0252a98196af/in_use.lock acquired by nodename 13950@fv-az99-422
2022-10-30 01:06:34,230 [pool-187-thread-1] INFO  storage.RaftStorage (RaftStorageImpl.java:format(96)) - Storage directory /home/runner/work/ozone/ozone/hadoop-ozone/integration-test/target/test-dir/MiniOzoneClusterImpl-d77d6c10-3d51-4ae5-b04b-b5f3d2f20a3f/datanode-5/data/ratis/eff5b8b8-11f4-4d83-acc7-0252a98196af has been successfully formatted.
2022-10-30 01:06:34,230 [pool-187-thread-1] INFO  ratis.ContainerStateMachine (ContainerStateMachine.java:loadSnapshot(236)) - group-0252A98196AF: The snapshot info is null. Setting the last applied indexto:(t:0, i:~)
2022-10-30 01:06:34,230 [pool-187-thread-1] INFO  server.RaftServerConfigKeys (ConfUtils.java:logGet(46)) - raft.server.log.use.memory = false (default)
2022-10-30 01:06:34,230 [pool-187-thread-1] INFO  server.RaftServerConfigKeys (ConfUtils.java:logGet(46)) - raft.server.log.purge.gap = 1000000 (custom)
2022-10-30 01:06:34,230 [pool-187-thread-1] INFO  server.RaftServerConfigKeys (ConfUtils.java:logGet(46)) - raft.server.log.appender.buffer.byte-limit = 33554432 (custom)
2022-10-30 01:06:34,230 [pool-187-thread-1] INFO  server.RaftServerConfigKeys (ConfUtils.java:logGet(46)) - raft.server.log.statemachine.data.read.timeout = 1000ms (default)
2022-10-30 01:06:34,230 [pool-187-thread-1] INFO  server.RaftServerConfigKeys (ConfUtils.java:logGet(46)) - raft.server.log.purge.preservation.log.num = 0 (default)
2022-10-30 01:06:34,231 [pool-187-thread-1] INFO  server.RaftServerConfigKeys (ConfUtils.java:logGet(46)) - raft.server.log.segment.size.max = 1048576 (custom)
2022-10-30 01:06:34,232 [pool-187-thread-1] INFO  server.RaftServerConfigKeys (ConfUtils.java:logGet(46)) - raft.server.log.segment.cache.num.max = 2 (custom)
2022-10-30 01:06:34,232 [pool-187-thread-1] INFO  server.RaftServerConfigKeys (ConfUtils.java:logGet(46)) - raft.server.log.segment.cache.size.max = 200MB (=209715200) (default)
2022-10-30 01:06:34,232 [pool-187-thread-1] INFO  segmented.SegmentedRaftLogWorker (SegmentedRaftLogWorker.java:<init>(191)) - new 57b0e5c4-d4d8-463c-8999-53af98295cd0@group-0252A98196AF-SegmentedRaftLogWorker for RaftStorageImpl:Storage Directory /home/runner/work/ozone/ozone/hadoop-ozone/integration-test/target/test-dir/MiniOzoneClusterImpl-d77d6c10-3d51-4ae5-b04b-b5f3d2f20a3f/datanode-5/data/ratis/eff5b8b8-11f4-4d83-acc7-0252a98196af
2022-10-30 01:06:34,232 [pool-187-thread-1] INFO  server.RaftServerConfigKeys (ConfUtils.java:logGet(46)) - raft.server.log.queue.byte-limit = 4294967296 (custom)
2022-10-30 01:06:34,232 [pool-187-thread-1] INFO  server.RaftServerConfigKeys (ConfUtils.java:logGet(46)) - raft.server.log.queue.element-limit = 1024 (custom)
2022-10-30 01:06:34,232 [pool-187-thread-1] INFO  server.RaftServerConfigKeys (ConfUtils.java:logGet(46)) - raft.server.log.segment.size.max = 1048576 (custom)
2022-10-30 01:06:34,232 [pool-187-thread-1] INFO  server.RaftServerConfigKeys (ConfUtils.java:logGet(46)) - raft.server.log.preallocated.size = 16384 (custom)
2022-10-30 01:06:34,232 [pool-187-thread-1] INFO  server.RaftServerConfigKeys (ConfUtils.java:logGet(46)) - raft.server.log.force.sync.num = 128 (default)
2022-10-30 01:06:34,232 [pool-187-thread-1] INFO  server.RaftServerConfigKeys (ConfUtils.java:logGet(46)) - raft.server.log.statemachine.data.sync = true (default)
2022-10-30 01:06:34,232 [pool-187-thread-1] INFO  server.RaftServerConfigKeys (ConfUtils.java:logGet(46)) - raft.server.log.statemachine.data.sync.timeout = 10s (default)
2022-10-30 01:06:34,232 [pool-187-thread-1] INFO  server.RaftServerConfigKeys (ConfUtils.java:logGet(46)) - raft.server.log.statemachine.data.sync.timeout.retry = -1 (default)
2022-10-30 01:06:34,233 [pool-187-thread-1] INFO  server.RaftServerConfigKeys (ConfUtils.java:logGet(46)) - raft.server.log.write.buffer.size = 1048576 (custom)
2022-10-30 01:06:34,234 [pool-187-thread-1] INFO  server.RaftServerConfigKeys (ConfUtils.java:logGet(46)) - raft.server.log.unsafe-flush.enabled = false (default)
2022-10-30 01:06:34,234 [pool-187-thread-1] INFO  server.RaftServerConfigKeys (ConfUtils.java:logGet(46)) - raft.server.log.async-flush.enabled = false (default)
2022-10-30 01:06:34,234 [pool-187-thread-1] INFO  server.RaftServerConfigKeys (ConfUtils.java:logGet(46)) - raft.server.log.statemachine.data.caching.enabled = true (custom)
2022-10-30 01:06:34,234 [pool-187-thread-1] INFO  segmented.SegmentedRaftLogWorker (SegmentedRaftLogWorker.java:lambda$new$0(136)) - 57b0e5c4-d4d8-463c-8999-53af98295cd0@group-0252A98196AF-SegmentedRaftLogWorker: flushIndex: setUnconditionally 0 -> -1
2022-10-30 01:06:34,234 [pool-187-thread-1] INFO  segmented.SegmentedRaftLogWorker (SegmentedRaftLogWorker.java:lambda$new$0(136)) - 57b0e5c4-d4d8-463c-8999-53af98295cd0@group-0252A98196AF-SegmentedRaftLogWorker: safeCacheEvictIndex: setUnconditionally 0 -> -1
2022-10-30 01:06:34,234 [pool-187-thread-1] INFO  server.RaftServer$Division (RaftServerImpl.java:start(334)) - 57b0e5c4-d4d8-463c-8999-53af98295cd0@group-0252A98196AF: start as a follower, conf=-1: peers:[edb0f50d-ef97-4088-a20b-1c61b9a9d6ec|rpc:10.1.0.11:41147|dataStream:|priority:0|startupRole:FOLLOWER, 58d8b8bb-cfc7-423c-ba1f-09160eea4c71|rpc:10.1.0.11:37145|dataStream:|priority:1|startupRole:FOLLOWER, 57b0e5c4-d4d8-463c-8999-53af98295cd0|rpc:10.1.0.11:39941|dataStream:|priority:0|startupRole:FOLLOWER]|listeners:[], old=null
2022-10-30 01:06:34,234 [pool-187-thread-1] INFO  server.RaftServer$Division (RaftServerImpl.java:setRole(321)) - 57b0e5c4-d4d8-463c-8999-53af98295cd0@group-0252A98196AF: changes role from      null to FOLLOWER at term 0 for startAsFollower
2022-10-30 01:06:34,234 [pool-187-thread-1] INFO  impl.RoleInfo (RoleInfo.java:updateAndGet(139)) - 57b0e5c4-d4d8-463c-8999-53af98295cd0: start 57b0e5c4-d4d8-463c-8999-53af98295cd0@group-0252A98196AF-FollowerState
2022-10-30 01:06:34,235 [pool-187-thread-1] INFO  util.JmxRegister (JmxRegister.java:tryRegister(44)) - Successfully registered JMX Bean with object name Ratis:service=RaftServer,group=group-0252A98196AF,id=57b0e5c4-d4d8-463c-8999-53af98295cd0
2022-10-30 01:06:34,235 [pool-187-thread-1] INFO  server.RaftServerConfigKeys (ConfUtils.java:logGet(46)) - raft.server.snapshot.auto.trigger.enabled = true (custom)
2022-10-30 01:06:34,235 [pool-187-thread-1] INFO  server.RaftServerConfigKeys (ConfUtils.java:logGet(46)) - raft.server.snapshot.auto.trigger.threshold = 10000 (custom)
2022-10-30 01:06:34,235 [pool-187-thread-1] INFO  server.RaftServerConfigKeys (ConfUtils.java:logGet(46)) - raft.server.snapshot.retention.file.num = 5 (custom)
2022-10-30 01:06:34,235 [pool-187-thread-1] INFO  server.RaftServerConfigKeys (ConfUtils.java:logGet(46)) - raft.server.log.purge.upto.snapshot.index = false (default)
2022-10-30 01:06:34,235 [57b0e5c4-d4d8-463c-8999-53af98295cd0@group-0252A98196AF-FollowerState] INFO  server.RaftServerConfigKeys (ConfUtils.java:logFallback(53)) - raft.server.rpc.first-election.timeout.min = 5s (fallback to raft.server.rpc.timeout.min)
2022-10-30 01:06:34,236 [57b0e5c4-d4d8-463c-8999-53af98295cd0@group-0252A98196AF-FollowerState] INFO  server.RaftServerConfigKeys (ConfUtils.java:logFallback(53)) - raft.server.rpc.first-election.timeout.max = 5200ms (fallback to raft.server.rpc.timeout.max)
2022-10-30 01:06:34,243 [Command processor thread] INFO  commandhandler.CreatePipelineCommandHandler (CreatePipelineCommandHandler.java:handle(113)) - Created Pipeline RATIS THREE PipelineID=eff5b8b8-11f4-4d83-acc7-0252a98196af.
2022-10-30 01:06:34,243 [Command processor thread] INFO  server.RaftServer (RaftServerProxy.java:addNew(96)) - edb0f50d-ef97-4088-a20b-1c61b9a9d6ec: addNew group-25E74EA5BF7A:[edb0f50d-ef97-4088-a20b-1c61b9a9d6ec|rpc:10.1.0.11:41147|priority:1|startupRole:FOLLOWER, 58d8b8bb-cfc7-423c-ba1f-09160eea4c71|rpc:10.1.0.11:37145|priority:0|startupRole:FOLLOWER, 57b0e5c4-d4d8-463c-8999-53af98295cd0|rpc:10.1.0.11:39941|priority:0|startupRole:FOLLOWER] returns group-25E74EA5BF7A:java.util.concurrent.CompletableFuture@138aacc4[Not completed]
2022-10-30 01:06:34,244 [pool-141-thread-1] INFO  server.RaftServer$Division (RaftServerImpl.java:<init>(195)) - edb0f50d-ef97-4088-a20b-1c61b9a9d6ec: new RaftServerImpl for group-25E74EA5BF7A:[edb0f50d-ef97-4088-a20b-1c61b9a9d6ec|rpc:10.1.0.11:41147|priority:1|startupRole:FOLLOWER, 58d8b8bb-cfc7-423c-ba1f-09160eea4c71|rpc:10.1.0.11:37145|priority:0|startupRole:FOLLOWER, 57b0e5c4-d4d8-463c-8999-53af98295cd0|rpc:10.1.0.11:39941|priority:0|startupRole:FOLLOWER] with ContainerStateMachine:uninitialized
2022-10-30 01:06:34,244 [pool-141-thread-1] INFO  server.RaftServerConfigKeys (ConfUtils.java:logGet(46)) - raft.server.rpc.timeout.min = 5s (custom)
2022-10-30 01:06:34,244 [pool-141-thread-1] INFO  server.RaftServerConfigKeys (ConfUtils.java:logGet(46)) - raft.server.rpc.timeout.max = 5200ms (custom)
2022-10-30 01:06:34,244 [pool-141-thread-1] INFO  server.RaftServerConfigKeys (ConfUtils.java:logGet(46)) - raft.server.rpc.sleep.time = 25ms (default)
2022-10-30 01:06:34,244 [pool-141-thread-1] INFO  server.RaftServerConfigKeys (ConfUtils.java:logGet(46)) - raft.server.rpc.slowness.timeout = 300s (custom)
2022-10-30 01:06:34,244 [pool-141-thread-1] INFO  server.RaftServerConfigKeys (ConfUtils.java:logGet(46)) - raft.server.leaderelection.leader.step-down.wait-time = 10s (default)
2022-10-30 01:06:34,244 [pool-141-thread-1] INFO  server.RaftServerConfigKeys (ConfUtils.java:logGet(46)) - raft.server.sleep.deviation.threshold = 300ms (default)
2022-10-30 01:06:34,244 [pool-141-thread-1] INFO  server.RaftServer$Division (ServerState.java:<init>(118)) - edb0f50d-ef97-4088-a20b-1c61b9a9d6ec@group-25E74EA5BF7A: ConfigurationManager, init=-1: peers:[edb0f50d-ef97-4088-a20b-1c61b9a9d6ec|rpc:10.1.0.11:41147|priority:1|startupRole:FOLLOWER, 58d8b8bb-cfc7-423c-ba1f-09160eea4c71|rpc:10.1.0.11:37145|priority:0|startupRole:FOLLOWER, 57b0e5c4-d4d8-463c-8999-53af98295cd0|rpc:10.1.0.11:39941|priority:0|startupRole:FOLLOWER]|listeners:[], old=null, confs=<EMPTY_MAP>
2022-10-30 01:06:34,244 [pool-141-thread-1] INFO  server.RaftServerConfigKeys (ConfUtils.java:logGet(46)) - raft.server.storage.dir = [/home/runner/work/ozone/ozone/hadoop-ozone/integration-test/target/test-dir/MiniOzoneClusterImpl-d77d6c10-3d51-4ae5-b04b-b5f3d2f20a3f/datanode-3/data/ratis] (custom)
2022-10-30 01:06:34,245 [pool-141-thread-1] INFO  server.RaftServerConfigKeys (ConfUtils.java:logGet(46)) - raft.server.log.corruption.policy = EXCEPTION (default)
2022-10-30 01:06:34,245 [pool-141-thread-1] INFO  server.RaftServerConfigKeys (ConfUtils.java:logGet(46)) - raft.server.storage.free-space.min = 0MB (=0) (default)
2022-10-30 01:06:34,245 [pool-141-thread-1] INFO  server.RaftServerConfigKeys (ConfUtils.java:logGet(46)) - raft.server.notification.no-leader.timeout = 300s (custom)
2022-10-30 01:06:34,245 [pool-141-thread-1] INFO  server.RaftServerConfigKeys (ConfUtils.java:logGet(46)) - raft.server.retrycache.expirytime = 600000ms (custom)
2022-10-30 01:06:34,245 [pool-141-thread-1] INFO  server.RaftServerConfigKeys (ConfUtils.java:logGet(46)) - raft.server.retrycache.statistics.expirytime = 100μs (default)
2022-10-30 01:06:34,246 [pool-141-thread-1] INFO  server.RaftServerConfigKeys (ConfUtils.java:logGet(46)) - raft.server.log.appender.install.snapshot.enabled = false (custom)
2022-10-30 01:06:34,246 [pool-141-thread-1] INFO  server.RaftServerConfigKeys (ConfUtils.java:logGet(46)) - raft.server.threadpool.server.cached = true (default)
2022-10-30 01:06:34,246 [pool-141-thread-1] INFO  server.RaftServerConfigKeys (ConfUtils.java:logGet(46)) - raft.server.threadpool.server.size = 0 (default)
2022-10-30 01:06:34,246 [pool-141-thread-1] INFO  server.RaftServerConfigKeys (ConfUtils.java:logGet(46)) - raft.server.threadpool.client.cached = true (default)
2022-10-30 01:06:34,246 [pool-141-thread-1] INFO  server.RaftServerConfigKeys (ConfUtils.java:logGet(46)) - raft.server.threadpool.client.size = 0 (default)
2022-10-30 01:06:34,246 [pool-141-thread-1] INFO  storage.RaftStorageDirectory (RaftStorageDirectoryImpl.java:analyzeStorage(137)) - The storage directory /home/runner/work/ozone/ozone/hadoop-ozone/integration-test/target/test-dir/MiniOzoneClusterImpl-d77d6c10-3d51-4ae5-b04b-b5f3d2f20a3f/datanode-3/data/ratis/7193abbf-4330-428e-b407-25e74ea5bf7a does not exist. Creating ...
2022-10-30 01:06:34,248 [pool-141-thread-1] INFO  storage.RaftStorageDirectory (RaftStorageDirectoryImpl.java:tryLock(231)) - Lock on /home/runner/work/ozone/ozone/hadoop-ozone/integration-test/target/test-dir/MiniOzoneClusterImpl-d77d6c10-3d51-4ae5-b04b-b5f3d2f20a3f/datanode-3/data/ratis/7193abbf-4330-428e-b407-25e74ea5bf7a/in_use.lock acquired by nodename 13950@fv-az99-422
2022-10-30 01:06:34,249 [pool-141-thread-1] INFO  storage.RaftStorage (RaftStorageImpl.java:format(96)) - Storage directory /home/runner/work/ozone/ozone/hadoop-ozone/integration-test/target/test-dir/MiniOzoneClusterImpl-d77d6c10-3d51-4ae5-b04b-b5f3d2f20a3f/datanode-3/data/ratis/7193abbf-4330-428e-b407-25e74ea5bf7a has been successfully formatted.
2022-10-30 01:06:34,250 [pool-141-thread-1] INFO  ratis.ContainerStateMachine (ContainerStateMachine.java:loadSnapshot(236)) - group-25E74EA5BF7A: The snapshot info is null. Setting the last applied indexto:(t:0, i:~)
2022-10-30 01:06:34,250 [pool-141-thread-1] INFO  server.RaftServerConfigKeys (ConfUtils.java:logGet(46)) - raft.server.log.use.memory = false (default)
2022-10-30 01:06:34,250 [pool-141-thread-1] INFO  server.RaftServerConfigKeys (ConfUtils.java:logGet(46)) - raft.server.log.purge.gap = 1000000 (custom)
2022-10-30 01:06:34,250 [pool-141-thread-1] INFO  server.RaftServerConfigKeys (ConfUtils.java:logGet(46)) - raft.server.log.appender.buffer.byte-limit = 33554432 (custom)
2022-10-30 01:06:34,250 [pool-141-thread-1] INFO  server.RaftServerConfigKeys (ConfUtils.java:logGet(46)) - raft.server.log.statemachine.data.read.timeout = 1000ms (default)
2022-10-30 01:06:34,250 [pool-141-thread-1] INFO  server.RaftServerConfigKeys (ConfUtils.java:logGet(46)) - raft.server.log.purge.preservation.log.num = 0 (default)
2022-10-30 01:06:34,251 [pool-141-thread-1] INFO  server.RaftServerConfigKeys (ConfUtils.java:logGet(46)) - raft.server.log.segment.size.max = 1048576 (custom)
2022-10-30 01:06:34,251 [EventQueue-OpenPipelineForHealthyPipelineSafeModeRule] INFO  safemode.SCMSafeModeManager (HealthyPipelineSafeModeRule.java:process(137)) - SCM in safe mode. Healthy pipelines reported count is 0, required healthy pipeline reported count is 1
2022-10-30 01:06:34,255 [pool-141-thread-1] INFO  server.RaftServerConfigKeys (ConfUtils.java:logGet(46)) - raft.server.log.segment.cache.num.max = 2 (custom)
2022-10-30 01:06:34,255 [pool-141-thread-1] INFO  server.RaftServerConfigKeys (ConfUtils.java:logGet(46)) - raft.server.log.segment.cache.size.max = 200MB (=209715200) (default)
2022-10-30 01:06:34,255 [pool-141-thread-1] INFO  segmented.SegmentedRaftLogWorker (SegmentedRaftLogWorker.java:<init>(191)) - new edb0f50d-ef97-4088-a20b-1c61b9a9d6ec@group-25E74EA5BF7A-SegmentedRaftLogWorker for RaftStorageImpl:Storage Directory /home/runner/work/ozone/ozone/hadoop-ozone/integration-test/target/test-dir/MiniOzoneClusterImpl-d77d6c10-3d51-4ae5-b04b-b5f3d2f20a3f/datanode-3/data/ratis/7193abbf-4330-428e-b407-25e74ea5bf7a
2022-10-30 01:06:34,255 [pool-141-thread-1] INFO  server.RaftServerConfigKeys (ConfUtils.java:logGet(46)) - raft.server.log.queue.byte-limit = 4294967296 (custom)
2022-10-30 01:06:34,255 [pool-141-thread-1] INFO  server.RaftServerConfigKeys (ConfUtils.java:logGet(46)) - raft.server.log.queue.element-limit = 1024 (custom)
2022-10-30 01:06:34,255 [pool-141-thread-1] INFO  server.RaftServerConfigKeys (ConfUtils.java:logGet(46)) - raft.server.log.segment.size.max = 1048576 (custom)
2022-10-30 01:06:34,255 [pool-141-thread-1] INFO  server.RaftServerConfigKeys (ConfUtils.java:logGet(46)) - raft.server.log.preallocated.size = 16384 (custom)
2022-10-30 01:06:34,255 [pool-141-thread-1] INFO  server.RaftServerConfigKeys (ConfUtils.java:logGet(46)) - raft.server.log.force.sync.num = 128 (default)
2022-10-30 01:06:34,255 [pool-141-thread-1] INFO  server.RaftServerConfigKeys (ConfUtils.java:logGet(46)) - raft.server.log.statemachine.data.sync = true (default)
2022-10-30 01:06:34,255 [pool-141-thread-1] INFO  server.RaftServerConfigKeys (ConfUtils.java:logGet(46)) - raft.server.log.statemachine.data.sync.timeout = 10s (default)
2022-10-30 01:06:34,255 [pool-141-thread-1] INFO  server.RaftServerConfigKeys (ConfUtils.java:logGet(46)) - raft.server.log.statemachine.data.sync.timeout.retry = -1 (default)
2022-10-30 01:06:34,257 [pool-141-thread-1] INFO  server.RaftServerConfigKeys (ConfUtils.java:logGet(46)) - raft.server.log.write.buffer.size = 1048576 (custom)
2022-10-30 01:06:34,257 [pool-141-thread-1] INFO  server.RaftServerConfigKeys (ConfUtils.java:logGet(46)) - raft.server.log.unsafe-flush.enabled = false (default)
2022-10-30 01:06:34,257 [pool-141-thread-1] INFO  server.RaftServerConfigKeys (ConfUtils.java:logGet(46)) - raft.server.log.async-flush.enabled = false (default)
2022-10-30 01:06:34,257 [pool-141-thread-1] INFO  server.RaftServerConfigKeys (ConfUtils.java:logGet(46)) - raft.server.log.statemachine.data.caching.enabled = true (custom)
2022-10-30 01:06:34,258 [pool-141-thread-1] INFO  segmented.SegmentedRaftLogWorker (SegmentedRaftLogWorker.java:lambda$new$0(136)) - edb0f50d-ef97-4088-a20b-1c61b9a9d6ec@group-25E74EA5BF7A-SegmentedRaftLogWorker: flushIndex: setUnconditionally 0 -> -1
2022-10-30 01:06:34,258 [pool-141-thread-1] INFO  segmented.SegmentedRaftLogWorker (SegmentedRaftLogWorker.java:lambda$new$0(136)) - edb0f50d-ef97-4088-a20b-1c61b9a9d6ec@group-25E74EA5BF7A-SegmentedRaftLogWorker: safeCacheEvictIndex: setUnconditionally 0 -> -1
2022-10-30 01:06:34,258 [pool-141-thread-1] INFO  server.RaftServer$Division (RaftServerImpl.java:start(334)) - edb0f50d-ef97-4088-a20b-1c61b9a9d6ec@group-25E74EA5BF7A: start as a follower, conf=-1: peers:[edb0f50d-ef97-4088-a20b-1c61b9a9d6ec|rpc:10.1.0.11:41147|priority:1|startupRole:FOLLOWER, 58d8b8bb-cfc7-423c-ba1f-09160eea4c71|rpc:10.1.0.11:37145|priority:0|startupRole:FOLLOWER, 57b0e5c4-d4d8-463c-8999-53af98295cd0|rpc:10.1.0.11:39941|priority:0|startupRole:FOLLOWER]|listeners:[], old=null
2022-10-30 01:06:34,258 [pool-141-thread-1] INFO  server.RaftServer$Division (RaftServerImpl.java:setRole(321)) - edb0f50d-ef97-4088-a20b-1c61b9a9d6ec@group-25E74EA5BF7A: changes role from      null to FOLLOWER at term 0 for startAsFollower
2022-10-30 01:06:34,258 [pool-141-thread-1] INFO  impl.RoleInfo (RoleInfo.java:updateAndGet(139)) - edb0f50d-ef97-4088-a20b-1c61b9a9d6ec: start edb0f50d-ef97-4088-a20b-1c61b9a9d6ec@group-25E74EA5BF7A-FollowerState
2022-10-30 01:06:34,262 [pool-141-thread-1] INFO  util.JmxRegister (JmxRegister.java:tryRegister(44)) - Successfully registered JMX Bean with object name Ratis:service=RaftServer,group=group-25E74EA5BF7A,id=edb0f50d-ef97-4088-a20b-1c61b9a9d6ec
2022-10-30 01:06:34,262 [pool-141-thread-1] INFO  server.RaftServerConfigKeys (ConfUtils.java:logGet(46)) - raft.server.snapshot.auto.trigger.enabled = true (custom)
2022-10-30 01:06:34,262 [pool-141-thread-1] INFO  server.RaftServerConfigKeys (ConfUtils.java:logGet(46)) - raft.server.snapshot.auto.trigger.threshold = 10000 (custom)
2022-10-30 01:06:34,262 [pool-141-thread-1] INFO  server.RaftServerConfigKeys (ConfUtils.java:logGet(46)) - raft.server.snapshot.retention.file.num = 5 (custom)
2022-10-30 01:06:34,262 [pool-141-thread-1] INFO  server.RaftServerConfigKeys (ConfUtils.java:logGet(46)) - raft.server.log.purge.upto.snapshot.index = false (default)
2022-10-30 01:06:34,265 [Command processor thread] INFO  ratis.XceiverServerRatis (XceiverServerRatis.java:addGroup(765)) - Created group PipelineID=7193abbf-4330-428e-b407-25e74ea5bf7a
2022-10-30 01:06:34,270 [edb0f50d-ef97-4088-a20b-1c61b9a9d6ec@group-25E74EA5BF7A-FollowerState] INFO  server.RaftServerConfigKeys (ConfUtils.java:logFallback(53)) - raft.server.rpc.first-election.timeout.min = 5s (fallback to raft.server.rpc.timeout.min)
2022-10-30 01:06:34,271 [edb0f50d-ef97-4088-a20b-1c61b9a9d6ec@group-25E74EA5BF7A-FollowerState] INFO  server.RaftServerConfigKeys (ConfUtils.java:logFallback(53)) - raft.server.rpc.first-election.timeout.max = 5200ms (fallback to raft.server.rpc.timeout.max)
2022-10-30 01:06:34,276 [grpc-default-executor-0] INFO  server.RaftServer (RaftServerProxy.java:addNew(96)) - 57b0e5c4-d4d8-463c-8999-53af98295cd0: addNew group-25E74EA5BF7A:[edb0f50d-ef97-4088-a20b-1c61b9a9d6ec|rpc:10.1.0.11:41147|dataStream:|priority:1|startupRole:FOLLOWER, 58d8b8bb-cfc7-423c-ba1f-09160eea4c71|rpc:10.1.0.11:37145|dataStream:|priority:0|startupRole:FOLLOWER, 57b0e5c4-d4d8-463c-8999-53af98295cd0|rpc:10.1.0.11:39941|dataStream:|priority:0|startupRole:FOLLOWER] returns group-25E74EA5BF7A:java.util.concurrent.CompletableFuture@40251de8[Not completed]
2022-10-30 01:06:34,277 [pool-187-thread-1] INFO  server.RaftServer$Division (RaftServerImpl.java:<init>(195)) - 57b0e5c4-d4d8-463c-8999-53af98295cd0: new RaftServerImpl for group-25E74EA5BF7A:[edb0f50d-ef97-4088-a20b-1c61b9a9d6ec|rpc:10.1.0.11:41147|dataStream:|priority:1|startupRole:FOLLOWER, 58d8b8bb-cfc7-423c-ba1f-09160eea4c71|rpc:10.1.0.11:37145|dataStream:|priority:0|startupRole:FOLLOWER, 57b0e5c4-d4d8-463c-8999-53af98295cd0|rpc:10.1.0.11:39941|dataStream:|priority:0|startupRole:FOLLOWER] with ContainerStateMachine:uninitialized
2022-10-30 01:06:34,277 [pool-187-thread-1] INFO  server.RaftServerConfigKeys (ConfUtils.java:logGet(46)) - raft.server.rpc.timeout.min = 5s (custom)
2022-10-30 01:06:34,277 [pool-187-thread-1] INFO  server.RaftServerConfigKeys (ConfUtils.java:logGet(46)) - raft.server.rpc.timeout.max = 5200ms (custom)
2022-10-30 01:06:34,277 [pool-187-thread-1] INFO  server.RaftServerConfigKeys (ConfUtils.java:logGet(46)) - raft.server.rpc.sleep.time = 25ms (default)
2022-10-30 01:06:34,277 [pool-187-thread-1] INFO  server.RaftServerConfigKeys (ConfUtils.java:logGet(46)) - raft.server.rpc.slowness.timeout = 300s (custom)
2022-10-30 01:06:34,277 [pool-187-thread-1] INFO  server.RaftServerConfigKeys (ConfUtils.java:logGet(46)) - raft.server.leaderelection.leader.step-down.wait-time = 10s (default)
2022-10-30 01:06:34,277 [pool-187-thread-1] INFO  server.RaftServerConfigKeys (ConfUtils.java:logGet(46)) - raft.server.sleep.deviation.threshold = 300ms (default)
2022-10-30 01:06:34,277 [pool-187-thread-1] INFO  server.RaftServer$Division (ServerState.java:<init>(118)) - 57b0e5c4-d4d8-463c-8999-53af98295cd0@group-25E74EA5BF7A: ConfigurationManager, init=-1: peers:[edb0f50d-ef97-4088-a20b-1c61b9a9d6ec|rpc:10.1.0.11:41147|dataStream:|priority:1|startupRole:FOLLOWER, 58d8b8bb-cfc7-423c-ba1f-09160eea4c71|rpc:10.1.0.11:37145|dataStream:|priority:0|startupRole:FOLLOWER, 57b0e5c4-d4d8-463c-8999-53af98295cd0|rpc:10.1.0.11:39941|dataStream:|priority:0|startupRole:FOLLOWER]|listeners:[], old=null, confs=<EMPTY_MAP>
2022-10-30 01:06:34,277 [pool-187-thread-1] INFO  server.RaftServerConfigKeys (ConfUtils.java:logGet(46)) - raft.server.storage.dir = [/home/runner/work/ozone/ozone/hadoop-ozone/integration-test/target/test-dir/MiniOzoneClusterImpl-d77d6c10-3d51-4ae5-b04b-b5f3d2f20a3f/datanode-5/data/ratis] (custom)
2022-10-30 01:06:34,277 [pool-187-thread-1] INFO  server.RaftServerConfigKeys (ConfUtils.java:logGet(46)) - raft.server.log.corruption.policy = EXCEPTION (default)
2022-10-30 01:06:34,278 [pool-187-thread-1] INFO  server.RaftServerConfigKeys (ConfUtils.java:logGet(46)) - raft.server.storage.free-space.min = 0MB (=0) (default)
2022-10-30 01:06:34,278 [pool-187-thread-1] INFO  server.RaftServerConfigKeys (ConfUtils.java:logGet(46)) - raft.server.notification.no-leader.timeout = 300s (custom)
2022-10-30 01:06:34,278 [pool-187-thread-1] INFO  server.RaftServerConfigKeys (ConfUtils.java:logGet(46)) - raft.server.retrycache.expirytime = 600000ms (custom)
2022-10-30 01:06:34,278 [pool-187-thread-1] INFO  server.RaftServerConfigKeys (ConfUtils.java:logGet(46)) - raft.server.retrycache.statistics.expirytime = 100μs (default)
2022-10-30 01:06:34,279 [pool-187-thread-1] INFO  server.RaftServerConfigKeys (ConfUtils.java:logGet(46)) - raft.server.log.appender.install.snapshot.enabled = false (custom)
2022-10-30 01:06:34,279 [pool-187-thread-1] INFO  server.RaftServerConfigKeys (ConfUtils.java:logGet(46)) - raft.server.threadpool.server.cached = true (default)
2022-10-30 01:06:34,279 [pool-187-thread-1] INFO  server.RaftServerConfigKeys (ConfUtils.java:logGet(46)) - raft.server.threadpool.server.size = 0 (default)
2022-10-30 01:06:34,279 [pool-187-thread-1] INFO  server.RaftServerConfigKeys (ConfUtils.java:logGet(46)) - raft.server.threadpool.client.cached = true (default)
2022-10-30 01:06:34,279 [pool-187-thread-1] INFO  server.RaftServerConfigKeys (ConfUtils.java:logGet(46)) - raft.server.threadpool.client.size = 0 (default)
2022-10-30 01:06:34,279 [pool-187-thread-1] INFO  storage.RaftStorageDirectory (RaftStorageDirectoryImpl.java:analyzeStorage(137)) - The storage directory /home/runner/work/ozone/ozone/hadoop-ozone/integration-test/target/test-dir/MiniOzoneClusterImpl-d77d6c10-3d51-4ae5-b04b-b5f3d2f20a3f/datanode-5/data/ratis/7193abbf-4330-428e-b407-25e74ea5bf7a does not exist. Creating ...
2022-10-30 01:06:34,280 [pool-187-thread-1] INFO  storage.RaftStorageDirectory (RaftStorageDirectoryImpl.java:tryLock(231)) - Lock on /home/runner/work/ozone/ozone/hadoop-ozone/integration-test/target/test-dir/MiniOzoneClusterImpl-d77d6c10-3d51-4ae5-b04b-b5f3d2f20a3f/datanode-5/data/ratis/7193abbf-4330-428e-b407-25e74ea5bf7a/in_use.lock acquired by nodename 13950@fv-az99-422
2022-10-30 01:06:34,282 [pool-187-thread-1] INFO  storage.RaftStorage (RaftStorageImpl.java:format(96)) - Storage directory /home/runner/work/ozone/ozone/hadoop-ozone/integration-test/target/test-dir/MiniOzoneClusterImpl-d77d6c10-3d51-4ae5-b04b-b5f3d2f20a3f/datanode-5/data/ratis/7193abbf-4330-428e-b407-25e74ea5bf7a has been successfully formatted.
2022-10-30 01:06:34,283 [pool-187-thread-1] INFO  ratis.ContainerStateMachine (ContainerStateMachine.java:loadSnapshot(236)) - group-25E74EA5BF7A: The snapshot info is null. Setting the last applied indexto:(t:0, i:~)
2022-10-30 01:06:34,283 [pool-187-thread-1] INFO  server.RaftServerConfigKeys (ConfUtils.java:logGet(46)) - raft.server.log.use.memory = false (default)
2022-10-30 01:06:34,283 [pool-187-thread-1] INFO  server.RaftServerConfigKeys (ConfUtils.java:logGet(46)) - raft.server.log.purge.gap = 1000000 (custom)
2022-10-30 01:06:34,283 [pool-187-thread-1] INFO  server.RaftServerConfigKeys (ConfUtils.java:logGet(46)) - raft.server.log.appender.buffer.byte-limit = 33554432 (custom)
2022-10-30 01:06:34,283 [pool-187-thread-1] INFO  server.RaftServerConfigKeys (ConfUtils.java:logGet(46)) - raft.server.log.statemachine.data.read.timeout = 1000ms (default)
2022-10-30 01:06:34,283 [pool-187-thread-1] INFO  server.RaftServerConfigKeys (ConfUtils.java:logGet(46)) - raft.server.log.purge.preservation.log.num = 0 (default)
2022-10-30 01:06:34,283 [pool-187-thread-1] INFO  server.RaftServerConfigKeys (ConfUtils.java:logGet(46)) - raft.server.log.segment.size.max = 1048576 (custom)
2022-10-30 01:06:34,284 [pool-187-thread-1] INFO  server.RaftServerConfigKeys (ConfUtils.java:logGet(46)) - raft.server.log.segment.cache.num.max = 2 (custom)
2022-10-30 01:06:34,284 [pool-187-thread-1] INFO  server.RaftServerConfigKeys (ConfUtils.java:logGet(46)) - raft.server.log.segment.cache.size.max = 200MB (=209715200) (default)
2022-10-30 01:06:34,284 [pool-187-thread-1] INFO  segmented.SegmentedRaftLogWorker (SegmentedRaftLogWorker.java:<init>(191)) - new 57b0e5c4-d4d8-463c-8999-53af98295cd0@group-25E74EA5BF7A-SegmentedRaftLogWorker for RaftStorageImpl:Storage Directory /home/runner/work/ozone/ozone/hadoop-ozone/integration-test/target/test-dir/MiniOzoneClusterImpl-d77d6c10-3d51-4ae5-b04b-b5f3d2f20a3f/datanode-5/data/ratis/7193abbf-4330-428e-b407-25e74ea5bf7a
2022-10-30 01:06:34,284 [pool-187-thread-1] INFO  server.RaftServerConfigKeys (ConfUtils.java:logGet(46)) - raft.server.log.queue.byte-limit = 4294967296 (custom)
2022-10-30 01:06:34,284 [pool-187-thread-1] INFO  server.RaftServerConfigKeys (ConfUtils.java:logGet(46)) - raft.server.log.queue.element-limit = 1024 (custom)
2022-10-30 01:06:34,284 [pool-187-thread-1] INFO  server.RaftServerConfigKeys (ConfUtils.java:logGet(46)) - raft.server.log.segment.size.max = 1048576 (custom)
2022-10-30 01:06:34,284 [pool-187-thread-1] INFO  server.RaftServerConfigKeys (ConfUtils.java:logGet(46)) - raft.server.log.preallocated.size = 16384 (custom)
2022-10-30 01:06:34,284 [pool-187-thread-1] INFO  server.RaftServerConfigKeys (ConfUtils.java:logGet(46)) - raft.server.log.force.sync.num = 128 (default)
2022-10-30 01:06:34,284 [pool-187-thread-1] INFO  server.RaftServerConfigKeys (ConfUtils.java:logGet(46)) - raft.server.log.statemachine.data.sync = true (default)
2022-10-30 01:06:34,284 [pool-187-thread-1] INFO  server.RaftServerConfigKeys (ConfUtils.java:logGet(46)) - raft.server.log.statemachine.data.sync.timeout = 10s (default)
2022-10-30 01:06:34,284 [pool-187-thread-1] INFO  server.RaftServerConfigKeys (ConfUtils.java:logGet(46)) - raft.server.log.statemachine.data.sync.timeout.retry = -1 (default)
2022-10-30 01:06:34,285 [pool-187-thread-1] INFO  server.RaftServerConfigKeys (ConfUtils.java:logGet(46)) - raft.server.log.write.buffer.size = 1048576 (custom)
2022-10-30 01:06:34,285 [pool-187-thread-1] INFO  server.RaftServerConfigKeys (ConfUtils.java:logGet(46)) - raft.server.log.unsafe-flush.enabled = false (default)
2022-10-30 01:06:34,285 [pool-187-thread-1] INFO  server.RaftServerConfigKeys (ConfUtils.java:logGet(46)) - raft.server.log.async-flush.enabled = false (default)
2022-10-30 01:06:34,286 [pool-187-thread-1] INFO  server.RaftServerConfigKeys (ConfUtils.java:logGet(46)) - raft.server.log.statemachine.data.caching.enabled = true (custom)
2022-10-30 01:06:34,286 [pool-187-thread-1] INFO  segmented.SegmentedRaftLogWorker (SegmentedRaftLogWorker.java:lambda$new$0(136)) - 57b0e5c4-d4d8-463c-8999-53af98295cd0@group-25E74EA5BF7A-SegmentedRaftLogWorker: flushIndex: setUnconditionally 0 -> -1
2022-10-30 01:06:34,286 [pool-187-thread-1] INFO  segmented.SegmentedRaftLogWorker (SegmentedRaftLogWorker.java:lambda$new$0(136)) - 57b0e5c4-d4d8-463c-8999-53af98295cd0@group-25E74EA5BF7A-SegmentedRaftLogWorker: safeCacheEvictIndex: setUnconditionally 0 -> -1
2022-10-30 01:06:34,286 [pool-187-thread-1] INFO  server.RaftServer$Division (RaftServerImpl.java:start(334)) - 57b0e5c4-d4d8-463c-8999-53af98295cd0@group-25E74EA5BF7A: start as a follower, conf=-1: peers:[edb0f50d-ef97-4088-a20b-1c61b9a9d6ec|rpc:10.1.0.11:41147|dataStream:|priority:1|startupRole:FOLLOWER, 58d8b8bb-cfc7-423c-ba1f-09160eea4c71|rpc:10.1.0.11:37145|dataStream:|priority:0|startupRole:FOLLOWER, 57b0e5c4-d4d8-463c-8999-53af98295cd0|rpc:10.1.0.11:39941|dataStream:|priority:0|startupRole:FOLLOWER]|listeners:[], old=null
2022-10-30 01:06:34,287 [pool-187-thread-1] INFO  server.RaftServer$Division (RaftServerImpl.java:setRole(321)) - 57b0e5c4-d4d8-463c-8999-53af98295cd0@group-25E74EA5BF7A: changes role from      null to FOLLOWER at term 0 for startAsFollower
2022-10-30 01:06:34,287 [pool-187-thread-1] INFO  impl.RoleInfo (RoleInfo.java:updateAndGet(139)) - 57b0e5c4-d4d8-463c-8999-53af98295cd0: start 57b0e5c4-d4d8-463c-8999-53af98295cd0@group-25E74EA5BF7A-FollowerState
2022-10-30 01:06:34,287 [pool-187-thread-1] INFO  util.JmxRegister (JmxRegister.java:tryRegister(44)) - Successfully registered JMX Bean with object name Ratis:service=RaftServer,group=group-25E74EA5BF7A,id=57b0e5c4-d4d8-463c-8999-53af98295cd0
2022-10-30 01:06:34,287 [pool-187-thread-1] INFO  server.RaftServerConfigKeys (ConfUtils.java:logGet(46)) - raft.server.snapshot.auto.trigger.enabled = true (custom)
2022-10-30 01:06:34,287 [pool-187-thread-1] INFO  server.RaftServerConfigKeys (ConfUtils.java:logGet(46)) - raft.server.snapshot.auto.trigger.threshold = 10000 (custom)
2022-10-30 01:06:34,287 [pool-187-thread-1] INFO  server.RaftServerConfigKeys (ConfUtils.java:logGet(46)) - raft.server.snapshot.retention.file.num = 5 (custom)
2022-10-30 01:06:34,287 [pool-187-thread-1] INFO  server.RaftServerConfigKeys (ConfUtils.java:logGet(46)) - raft.server.log.purge.upto.snapshot.index = false (default)
2022-10-30 01:06:34,288 [57b0e5c4-d4d8-463c-8999-53af98295cd0@group-25E74EA5BF7A-FollowerState] INFO  server.RaftServerConfigKeys (ConfUtils.java:logFallback(53)) - raft.server.rpc.first-election.timeout.min = 5s (fallback to raft.server.rpc.timeout.min)
2022-10-30 01:06:34,290 [57b0e5c4-d4d8-463c-8999-53af98295cd0@group-25E74EA5BF7A-FollowerState] INFO  server.RaftServerConfigKeys (ConfUtils.java:logFallback(53)) - raft.server.rpc.first-election.timeout.max = 5200ms (fallback to raft.server.rpc.timeout.max)
2022-10-30 01:06:34,307 [grpc-default-executor-0] INFO  server.RaftServer (RaftServerProxy.java:addNew(96)) - 58d8b8bb-cfc7-423c-ba1f-09160eea4c71: addNew group-25E74EA5BF7A:[edb0f50d-ef97-4088-a20b-1c61b9a9d6ec|rpc:10.1.0.11:41147|dataStream:|priority:1|startupRole:FOLLOWER, 58d8b8bb-cfc7-423c-ba1f-09160eea4c71|rpc:10.1.0.11:37145|dataStream:|priority:0|startupRole:FOLLOWER, 57b0e5c4-d4d8-463c-8999-53af98295cd0|rpc:10.1.0.11:39941|dataStream:|priority:0|startupRole:FOLLOWER] returns group-25E74EA5BF7A:java.util.concurrent.CompletableFuture@7abf43de[Not completed]
2022-10-30 01:06:34,308 [pool-164-thread-1] INFO  server.RaftServer$Division (RaftServerImpl.java:<init>(195)) - 58d8b8bb-cfc7-423c-ba1f-09160eea4c71: new RaftServerImpl for group-25E74EA5BF7A:[edb0f50d-ef97-4088-a20b-1c61b9a9d6ec|rpc:10.1.0.11:41147|dataStream:|priority:1|startupRole:FOLLOWER, 58d8b8bb-cfc7-423c-ba1f-09160eea4c71|rpc:10.1.0.11:37145|dataStream:|priority:0|startupRole:FOLLOWER, 57b0e5c4-d4d8-463c-8999-53af98295cd0|rpc:10.1.0.11:39941|dataStream:|priority:0|startupRole:FOLLOWER] with ContainerStateMachine:uninitialized
2022-10-30 01:06:34,308 [pool-164-thread-1] INFO  server.RaftServerConfigKeys (ConfUtils.java:logGet(46)) - raft.server.rpc.timeout.min = 5s (custom)
2022-10-30 01:06:34,308 [pool-164-thread-1] INFO  server.RaftServerConfigKeys (ConfUtils.java:logGet(46)) - raft.server.rpc.timeout.max = 5200ms (custom)
2022-10-30 01:06:34,308 [pool-164-thread-1] INFO  server.RaftServerConfigKeys (ConfUtils.java:logGet(46)) - raft.server.rpc.sleep.time = 25ms (default)
2022-10-30 01:06:34,308 [pool-164-thread-1] INFO  server.RaftServerConfigKeys (ConfUtils.java:logGet(46)) - raft.server.rpc.slowness.timeout = 300s (custom)
2022-10-30 01:06:34,308 [pool-164-thread-1] INFO  server.RaftServerConfigKeys (ConfUtils.java:logGet(46)) - raft.server.leaderelection.leader.step-down.wait-time = 10s (default)
2022-10-30 01:06:34,308 [pool-164-thread-1] INFO  server.RaftServerConfigKeys (ConfUtils.java:logGet(46)) - raft.server.sleep.deviation.threshold = 300ms (default)
2022-10-30 01:06:34,308 [pool-164-thread-1] INFO  server.RaftServer$Division (ServerState.java:<init>(118)) - 58d8b8bb-cfc7-423c-ba1f-09160eea4c71@group-25E74EA5BF7A: ConfigurationManager, init=-1: peers:[edb0f50d-ef97-4088-a20b-1c61b9a9d6ec|rpc:10.1.0.11:41147|dataStream:|priority:1|startupRole:FOLLOWER, 58d8b8bb-cfc7-423c-ba1f-09160eea4c71|rpc:10.1.0.11:37145|dataStream:|priority:0|startupRole:FOLLOWER, 57b0e5c4-d4d8-463c-8999-53af98295cd0|rpc:10.1.0.11:39941|dataStream:|priority:0|startupRole:FOLLOWER]|listeners:[], old=null, confs=<EMPTY_MAP>
2022-10-30 01:06:34,308 [pool-164-thread-1] INFO  server.RaftServerConfigKeys (ConfUtils.java:logGet(46)) - raft.server.storage.dir = [/home/runner/work/ozone/ozone/hadoop-ozone/integration-test/target/test-dir/MiniOzoneClusterImpl-d77d6c10-3d51-4ae5-b04b-b5f3d2f20a3f/datanode-4/data/ratis] (custom)
2022-10-30 01:06:34,308 [pool-164-thread-1] INFO  server.RaftServerConfigKeys (ConfUtils.java:logGet(46)) - raft.server.log.corruption.policy = EXCEPTION (default)
2022-10-30 01:06:34,308 [pool-164-thread-1] INFO  server.RaftServerConfigKeys (ConfUtils.java:logGet(46)) - raft.server.storage.free-space.min = 0MB (=0) (default)
2022-10-30 01:06:34,308 [pool-164-thread-1] INFO  server.RaftServerConfigKeys (ConfUtils.java:logGet(46)) - raft.server.notification.no-leader.timeout = 300s (custom)
2022-10-30 01:06:34,309 [pool-164-thread-1] INFO  server.RaftServerConfigKeys (ConfUtils.java:logGet(46)) - raft.server.retrycache.expirytime = 600000ms (custom)
2022-10-30 01:06:34,309 [pool-164-thread-1] INFO  server.RaftServerConfigKeys (ConfUtils.java:logGet(46)) - raft.server.retrycache.statistics.expirytime = 100μs (default)
2022-10-30 01:06:34,314 [pool-164-thread-1] INFO  server.RaftServerConfigKeys (ConfUtils.java:logGet(46)) - raft.server.log.appender.install.snapshot.enabled = false (custom)
2022-10-30 01:06:34,314 [pool-164-thread-1] INFO  server.RaftServerConfigKeys (ConfUtils.java:logGet(46)) - raft.server.threadpool.server.cached = true (default)
2022-10-30 01:06:34,314 [pool-164-thread-1] INFO  server.RaftServerConfigKeys (ConfUtils.java:logGet(46)) - raft.server.threadpool.server.size = 0 (default)
2022-10-30 01:06:34,314 [pool-164-thread-1] INFO  server.RaftServerConfigKeys (ConfUtils.java:logGet(46)) - raft.server.threadpool.client.cached = true (default)
2022-10-30 01:06:34,314 [pool-164-thread-1] INFO  server.RaftServerConfigKeys (ConfUtils.java:logGet(46)) - raft.server.threadpool.client.size = 0 (default)
2022-10-30 01:06:34,316 [pool-164-thread-1] INFO  storage.RaftStorageDirectory (RaftStorageDirectoryImpl.java:analyzeStorage(137)) - The storage directory /home/runner/work/ozone/ozone/hadoop-ozone/integration-test/target/test-dir/MiniOzoneClusterImpl-d77d6c10-3d51-4ae5-b04b-b5f3d2f20a3f/datanode-4/data/ratis/7193abbf-4330-428e-b407-25e74ea5bf7a does not exist. Creating ...
2022-10-30 01:06:34,318 [pool-164-thread-1] INFO  storage.RaftStorageDirectory (RaftStorageDirectoryImpl.java:tryLock(231)) - Lock on /home/runner/work/ozone/ozone/hadoop-ozone/integration-test/target/test-dir/MiniOzoneClusterImpl-d77d6c10-3d51-4ae5-b04b-b5f3d2f20a3f/datanode-4/data/ratis/7193abbf-4330-428e-b407-25e74ea5bf7a/in_use.lock acquired by nodename 13950@fv-az99-422
2022-10-30 01:06:34,319 [pool-164-thread-1] INFO  storage.RaftStorage (RaftStorageImpl.java:format(96)) - Storage directory /home/runner/work/ozone/ozone/hadoop-ozone/integration-test/target/test-dir/MiniOzoneClusterImpl-d77d6c10-3d51-4ae5-b04b-b5f3d2f20a3f/datanode-4/data/ratis/7193abbf-4330-428e-b407-25e74ea5bf7a has been successfully formatted.
2022-10-30 01:06:34,320 [pool-164-thread-1] INFO  ratis.ContainerStateMachine (ContainerStateMachine.java:loadSnapshot(236)) - group-25E74EA5BF7A: The snapshot info is null. Setting the last applied indexto:(t:0, i:~)
2022-10-30 01:06:34,320 [pool-164-thread-1] INFO  server.RaftServerConfigKeys (ConfUtils.java:logGet(46)) - raft.server.log.use.memory = false (default)
2022-10-30 01:06:34,320 [pool-164-thread-1] INFO  server.RaftServerConfigKeys (ConfUtils.java:logGet(46)) - raft.server.log.purge.gap = 1000000 (custom)
2022-10-30 01:06:34,320 [pool-164-thread-1] INFO  server.RaftServerConfigKeys (ConfUtils.java:logGet(46)) - raft.server.log.appender.buffer.byte-limit = 33554432 (custom)
2022-10-30 01:06:34,320 [pool-164-thread-1] INFO  server.RaftServerConfigKeys (ConfUtils.java:logGet(46)) - raft.server.log.statemachine.data.read.timeout = 1000ms (default)
2022-10-30 01:06:34,320 [pool-164-thread-1] INFO  server.RaftServerConfigKeys (ConfUtils.java:logGet(46)) - raft.server.log.purge.preservation.log.num = 0 (default)
2022-10-30 01:06:34,320 [pool-164-thread-1] INFO  server.RaftServerConfigKeys (ConfUtils.java:logGet(46)) - raft.server.log.segment.size.max = 1048576 (custom)
2022-10-30 01:06:34,321 [pool-164-thread-1] INFO  server.RaftServerConfigKeys (ConfUtils.java:logGet(46)) - raft.server.log.segment.cache.num.max = 2 (custom)
2022-10-30 01:06:34,321 [pool-164-thread-1] INFO  server.RaftServerConfigKeys (ConfUtils.java:logGet(46)) - raft.server.log.segment.cache.size.max = 200MB (=209715200) (default)
2022-10-30 01:06:34,321 [pool-164-thread-1] INFO  segmented.SegmentedRaftLogWorker (SegmentedRaftLogWorker.java:<init>(191)) - new 58d8b8bb-cfc7-423c-ba1f-09160eea4c71@group-25E74EA5BF7A-SegmentedRaftLogWorker for RaftStorageImpl:Storage Directory /home/runner/work/ozone/ozone/hadoop-ozone/integration-test/target/test-dir/MiniOzoneClusterImpl-d77d6c10-3d51-4ae5-b04b-b5f3d2f20a3f/datanode-4/data/ratis/7193abbf-4330-428e-b407-25e74ea5bf7a
2022-10-30 01:06:34,321 [pool-164-thread-1] INFO  server.RaftServerConfigKeys (ConfUtils.java:logGet(46)) - raft.server.log.queue.byte-limit = 4294967296 (custom)
2022-10-30 01:06:34,321 [pool-164-thread-1] INFO  server.RaftServerConfigKeys (ConfUtils.java:logGet(46)) - raft.server.log.queue.element-limit = 1024 (custom)
2022-10-30 01:06:34,321 [pool-164-thread-1] INFO  server.RaftServerConfigKeys (ConfUtils.java:logGet(46)) - raft.server.log.segment.size.max = 1048576 (custom)
2022-10-30 01:06:34,321 [pool-164-thread-1] INFO  server.RaftServerConfigKeys (ConfUtils.java:logGet(46)) - raft.server.log.preallocated.size = 16384 (custom)
2022-10-30 01:06:34,321 [pool-164-thread-1] INFO  server.RaftServerConfigKeys (ConfUtils.java:logGet(46)) - raft.server.log.force.sync.num = 128 (default)
2022-10-30 01:06:34,321 [pool-164-thread-1] INFO  server.RaftServerConfigKeys (ConfUtils.java:logGet(46)) - raft.server.log.statemachine.data.sync = true (default)
2022-10-30 01:06:34,321 [pool-164-thread-1] INFO  server.RaftServerConfigKeys (ConfUtils.java:logGet(46)) - raft.server.log.statemachine.data.sync.timeout = 10s (default)
2022-10-30 01:06:34,321 [pool-164-thread-1] INFO  server.RaftServerConfigKeys (ConfUtils.java:logGet(46)) - raft.server.log.statemachine.data.sync.timeout.retry = -1 (default)
2022-10-30 01:06:34,322 [pool-164-thread-1] INFO  server.RaftServerConfigKeys (ConfUtils.java:logGet(46)) - raft.server.log.write.buffer.size = 1048576 (custom)
2022-10-30 01:06:34,322 [pool-164-thread-1] INFO  server.RaftServerConfigKeys (ConfUtils.java:logGet(46)) - raft.server.log.unsafe-flush.enabled = false (default)
2022-10-30 01:06:34,322 [pool-164-thread-1] INFO  server.RaftServerConfigKeys (ConfUtils.java:logGet(46)) - raft.server.log.async-flush.enabled = false (default)
2022-10-30 01:06:34,323 [pool-164-thread-1] INFO  server.RaftServerConfigKeys (ConfUtils.java:logGet(46)) - raft.server.log.statemachine.data.caching.enabled = true (custom)
2022-10-30 01:06:34,323 [pool-164-thread-1] INFO  segmented.SegmentedRaftLogWorker (SegmentedRaftLogWorker.java:lambda$new$0(136)) - 58d8b8bb-cfc7-423c-ba1f-09160eea4c71@group-25E74EA5BF7A-SegmentedRaftLogWorker: flushIndex: setUnconditionally 0 -> -1
2022-10-30 01:06:34,323 [pool-164-thread-1] INFO  segmented.SegmentedRaftLogWorker (SegmentedRaftLogWorker.java:lambda$new$0(136)) - 58d8b8bb-cfc7-423c-ba1f-09160eea4c71@group-25E74EA5BF7A-SegmentedRaftLogWorker: safeCacheEvictIndex: setUnconditionally 0 -> -1
2022-10-30 01:06:34,324 [pool-164-thread-1] INFO  server.RaftServer$Division (RaftServerImpl.java:start(334)) - 58d8b8bb-cfc7-423c-ba1f-09160eea4c71@group-25E74EA5BF7A: start as a follower, conf=-1: peers:[edb0f50d-ef97-4088-a20b-1c61b9a9d6ec|rpc:10.1.0.11:41147|dataStream:|priority:1|startupRole:FOLLOWER, 58d8b8bb-cfc7-423c-ba1f-09160eea4c71|rpc:10.1.0.11:37145|dataStream:|priority:0|startupRole:FOLLOWER, 57b0e5c4-d4d8-463c-8999-53af98295cd0|rpc:10.1.0.11:39941|dataStream:|priority:0|startupRole:FOLLOWER]|listeners:[], old=null
2022-10-30 01:06:34,324 [pool-164-thread-1] INFO  server.RaftServer$Division (RaftServerImpl.java:setRole(321)) - 58d8b8bb-cfc7-423c-ba1f-09160eea4c71@group-25E74EA5BF7A: changes role from      null to FOLLOWER at term 0 for startAsFollower
2022-10-30 01:06:34,324 [pool-164-thread-1] INFO  impl.RoleInfo (RoleInfo.java:updateAndGet(139)) - 58d8b8bb-cfc7-423c-ba1f-09160eea4c71: start 58d8b8bb-cfc7-423c-ba1f-09160eea4c71@group-25E74EA5BF7A-FollowerState
2022-10-30 01:06:34,324 [pool-164-thread-1] INFO  util.JmxRegister (JmxRegister.java:tryRegister(44)) - Successfully registered JMX Bean with object name Ratis:service=RaftServer,group=group-25E74EA5BF7A,id=58d8b8bb-cfc7-423c-ba1f-09160eea4c71
2022-10-30 01:06:34,324 [58d8b8bb-cfc7-423c-ba1f-09160eea4c71@group-25E74EA5BF7A-FollowerState] INFO  server.RaftServerConfigKeys (ConfUtils.java:logFallback(53)) - raft.server.rpc.first-election.timeout.min = 5s (fallback to raft.server.rpc.timeout.min)
2022-10-30 01:06:34,325 [58d8b8bb-cfc7-423c-ba1f-09160eea4c71@group-25E74EA5BF7A-FollowerState] INFO  server.RaftServerConfigKeys (ConfUtils.java:logFallback(53)) - raft.server.rpc.first-election.timeout.max = 5200ms (fallback to raft.server.rpc.timeout.max)
2022-10-30 01:06:34,325 [pool-164-thread-1] INFO  server.RaftServerConfigKeys (ConfUtils.java:logGet(46)) - raft.server.snapshot.auto.trigger.enabled = true (custom)
2022-10-30 01:06:34,325 [pool-164-thread-1] INFO  server.RaftServerConfigKeys (ConfUtils.java:logGet(46)) - raft.server.snapshot.auto.trigger.threshold = 10000 (custom)
2022-10-30 01:06:34,325 [pool-164-thread-1] INFO  server.RaftServerConfigKeys (ConfUtils.java:logGet(46)) - raft.server.snapshot.retention.file.num = 5 (custom)
2022-10-30 01:06:34,326 [pool-164-thread-1] INFO  server.RaftServerConfigKeys (ConfUtils.java:logGet(46)) - raft.server.log.purge.upto.snapshot.index = false (default)
2022-10-30 01:06:34,333 [Command processor thread] INFO  commandhandler.CreatePipelineCommandHandler (CreatePipelineCommandHandler.java:handle(113)) - Created Pipeline RATIS THREE PipelineID=7193abbf-4330-428e-b407-25e74ea5bf7a.
2022-10-30 01:06:34,397 [Command processor thread] INFO  server.RaftServer (RaftServerProxy.java:addNew(96)) - 58d8b8bb-cfc7-423c-ba1f-09160eea4c71: addNew group-14838764CDE0:[58d8b8bb-cfc7-423c-ba1f-09160eea4c71|rpc:10.1.0.11:37145|priority:1|startupRole:FOLLOWER] returns group-14838764CDE0:java.util.concurrent.CompletableFuture@1803f656[Not completed]
2022-10-30 01:06:34,399 [pool-164-thread-1] INFO  server.RaftServer$Division (RaftServerImpl.java:<init>(195)) - 58d8b8bb-cfc7-423c-ba1f-09160eea4c71: new RaftServerImpl for group-14838764CDE0:[58d8b8bb-cfc7-423c-ba1f-09160eea4c71|rpc:10.1.0.11:37145|priority:1|startupRole:FOLLOWER] with ContainerStateMachine:uninitialized
2022-10-30 01:06:34,399 [pool-164-thread-1] INFO  server.RaftServerConfigKeys (ConfUtils.java:logGet(46)) - raft.server.rpc.timeout.min = 5s (custom)
2022-10-30 01:06:34,399 [pool-164-thread-1] INFO  server.RaftServerConfigKeys (ConfUtils.java:logGet(46)) - raft.server.rpc.timeout.max = 5200ms (custom)
2022-10-30 01:06:34,399 [pool-164-thread-1] INFO  server.RaftServerConfigKeys (ConfUtils.java:logGet(46)) - raft.server.rpc.sleep.time = 25ms (default)
2022-10-30 01:06:34,399 [pool-164-thread-1] INFO  server.RaftServerConfigKeys (ConfUtils.java:logGet(46)) - raft.server.rpc.slowness.timeout = 300s (custom)
2022-10-30 01:06:34,399 [pool-164-thread-1] INFO  server.RaftServerConfigKeys (ConfUtils.java:logGet(46)) - raft.server.leaderelection.leader.step-down.wait-time = 10s (default)
2022-10-30 01:06:34,399 [pool-164-thread-1] INFO  server.RaftServerConfigKeys (ConfUtils.java:logGet(46)) - raft.server.sleep.deviation.threshold = 300ms (default)
2022-10-30 01:06:34,399 [pool-164-thread-1] INFO  server.RaftServer$Division (ServerState.java:<init>(118)) - 58d8b8bb-cfc7-423c-ba1f-09160eea4c71@group-14838764CDE0: ConfigurationManager, init=-1: peers:[58d8b8bb-cfc7-423c-ba1f-09160eea4c71|rpc:10.1.0.11:37145|priority:1|startupRole:FOLLOWER]|listeners:[], old=null, confs=<EMPTY_MAP>
2022-10-30 01:06:34,399 [pool-164-thread-1] INFO  server.RaftServerConfigKeys (ConfUtils.java:logGet(46)) - raft.server.storage.dir = [/home/runner/work/ozone/ozone/hadoop-ozone/integration-test/target/test-dir/MiniOzoneClusterImpl-d77d6c10-3d51-4ae5-b04b-b5f3d2f20a3f/datanode-4/data/ratis] (custom)
2022-10-30 01:06:34,399 [pool-164-thread-1] INFO  server.RaftServerConfigKeys (ConfUtils.java:logGet(46)) - raft.server.log.corruption.policy = EXCEPTION (default)
2022-10-30 01:06:34,399 [pool-164-thread-1] INFO  server.RaftServerConfigKeys (ConfUtils.java:logGet(46)) - raft.server.storage.free-space.min = 0MB (=0) (default)
2022-10-30 01:06:34,399 [pool-164-thread-1] INFO  server.RaftServerConfigKeys (ConfUtils.java:logGet(46)) - raft.server.notification.no-leader.timeout = 300s (custom)
2022-10-30 01:06:34,399 [pool-164-thread-1] INFO  server.RaftServerConfigKeys (ConfUtils.java:logGet(46)) - raft.server.retrycache.expirytime = 600000ms (custom)
2022-10-30 01:06:34,399 [pool-164-thread-1] INFO  server.RaftServerConfigKeys (ConfUtils.java:logGet(46)) - raft.server.retrycache.statistics.expirytime = 100μs (default)
2022-10-30 01:06:34,400 [pool-164-thread-1] INFO  server.RaftServerConfigKeys (ConfUtils.java:logGet(46)) - raft.server.log.appender.install.snapshot.enabled = false (custom)
2022-10-30 01:06:34,401 [pool-164-thread-1] INFO  server.RaftServerConfigKeys (ConfUtils.java:logGet(46)) - raft.server.threadpool.server.cached = true (default)
2022-10-30 01:06:34,401 [pool-164-thread-1] INFO  server.RaftServerConfigKeys (ConfUtils.java:logGet(46)) - raft.server.threadpool.server.size = 0 (default)
2022-10-30 01:06:34,401 [pool-164-thread-1] INFO  server.RaftServerConfigKeys (ConfUtils.java:logGet(46)) - raft.server.threadpool.client.cached = true (default)
2022-10-30 01:06:34,401 [pool-164-thread-1] INFO  server.RaftServerConfigKeys (ConfUtils.java:logGet(46)) - raft.server.threadpool.client.size = 0 (default)
2022-10-30 01:06:34,401 [pool-164-thread-1] INFO  storage.RaftStorageDirectory (RaftStorageDirectoryImpl.java:analyzeStorage(137)) - The storage directory /home/runner/work/ozone/ozone/hadoop-ozone/integration-test/target/test-dir/MiniOzoneClusterImpl-d77d6c10-3d51-4ae5-b04b-b5f3d2f20a3f/datanode-4/data/ratis/b5af6123-9f72-4b26-8422-14838764cde0 does not exist. Creating ...
2022-10-30 01:06:34,402 [pool-164-thread-1] INFO  storage.RaftStorageDirectory (RaftStorageDirectoryImpl.java:tryLock(231)) - Lock on /home/runner/work/ozone/ozone/hadoop-ozone/integration-test/target/test-dir/MiniOzoneClusterImpl-d77d6c10-3d51-4ae5-b04b-b5f3d2f20a3f/datanode-4/data/ratis/b5af6123-9f72-4b26-8422-14838764cde0/in_use.lock acquired by nodename 13950@fv-az99-422
2022-10-30 01:06:34,403 [pool-164-thread-1] INFO  storage.RaftStorage (RaftStorageImpl.java:format(96)) - Storage directory /home/runner/work/ozone/ozone/hadoop-ozone/integration-test/target/test-dir/MiniOzoneClusterImpl-d77d6c10-3d51-4ae5-b04b-b5f3d2f20a3f/datanode-4/data/ratis/b5af6123-9f72-4b26-8422-14838764cde0 has been successfully formatted.
2022-10-30 01:06:34,404 [pool-164-thread-1] INFO  ratis.ContainerStateMachine (ContainerStateMachine.java:loadSnapshot(236)) - group-14838764CDE0: The snapshot info is null. Setting the last applied indexto:(t:0, i:~)
2022-10-30 01:06:34,404 [pool-164-thread-1] INFO  server.RaftServerConfigKeys (ConfUtils.java:logGet(46)) - raft.server.log.use.memory = false (default)
2022-10-30 01:06:34,404 [pool-164-thread-1] INFO  server.RaftServerConfigKeys (ConfUtils.java:logGet(46)) - raft.server.log.purge.gap = 1000000 (custom)
2022-10-30 01:06:34,404 [pool-164-thread-1] INFO  server.RaftServerConfigKeys (ConfUtils.java:logGet(46)) - raft.server.log.appender.buffer.byte-limit = 33554432 (custom)
2022-10-30 01:06:34,404 [pool-164-thread-1] INFO  server.RaftServerConfigKeys (ConfUtils.java:logGet(46)) - raft.server.log.statemachine.data.read.timeout = 1000ms (default)
2022-10-30 01:06:34,404 [pool-164-thread-1] INFO  server.RaftServerConfigKeys (ConfUtils.java:logGet(46)) - raft.server.log.purge.preservation.log.num = 0 (default)
2022-10-30 01:06:34,404 [pool-164-thread-1] INFO  server.RaftServerConfigKeys (ConfUtils.java:logGet(46)) - raft.server.log.segment.size.max = 1048576 (custom)
2022-10-30 01:06:34,405 [pool-164-thread-1] INFO  server.RaftServerConfigKeys (ConfUtils.java:logGet(46)) - raft.server.log.segment.cache.num.max = 2 (custom)
2022-10-30 01:06:34,405 [pool-164-thread-1] INFO  server.RaftServerConfigKeys (ConfUtils.java:logGet(46)) - raft.server.log.segment.cache.size.max = 200MB (=209715200) (default)
2022-10-30 01:06:34,405 [pool-164-thread-1] INFO  segmented.SegmentedRaftLogWorker (SegmentedRaftLogWorker.java:<init>(191)) - new 58d8b8bb-cfc7-423c-ba1f-09160eea4c71@group-14838764CDE0-SegmentedRaftLogWorker for RaftStorageImpl:Storage Directory /home/runner/work/ozone/ozone/hadoop-ozone/integration-test/target/test-dir/MiniOzoneClusterImpl-d77d6c10-3d51-4ae5-b04b-b5f3d2f20a3f/datanode-4/data/ratis/b5af6123-9f72-4b26-8422-14838764cde0
2022-10-30 01:06:34,405 [pool-164-thread-1] INFO  server.RaftServerConfigKeys (ConfUtils.java:logGet(46)) - raft.server.log.queue.byte-limit = 4294967296 (custom)
2022-10-30 01:06:34,405 [pool-164-thread-1] INFO  server.RaftServerConfigKeys (ConfUtils.java:logGet(46)) - raft.server.log.queue.element-limit = 1024 (custom)
2022-10-30 01:06:34,405 [pool-164-thread-1] INFO  server.RaftServerConfigKeys (ConfUtils.java:logGet(46)) - raft.server.log.segment.size.max = 1048576 (custom)
2022-10-30 01:06:34,405 [pool-164-thread-1] INFO  server.RaftServerConfigKeys (ConfUtils.java:logGet(46)) - raft.server.log.preallocated.size = 16384 (custom)
2022-10-30 01:06:34,405 [pool-164-thread-1] INFO  server.RaftServerConfigKeys (ConfUtils.java:logGet(46)) - raft.server.log.force.sync.num = 128 (default)
2022-10-30 01:06:34,405 [pool-164-thread-1] INFO  server.RaftServerConfigKeys (ConfUtils.java:logGet(46)) - raft.server.log.statemachine.data.sync = true (default)
2022-10-30 01:06:34,405 [pool-164-thread-1] INFO  server.RaftServerConfigKeys (ConfUtils.java:logGet(46)) - raft.server.log.statemachine.data.sync.timeout = 10s (default)
2022-10-30 01:06:34,405 [pool-164-thread-1] INFO  server.RaftServerConfigKeys (ConfUtils.java:logGet(46)) - raft.server.log.statemachine.data.sync.timeout.retry = -1 (default)
2022-10-30 01:06:34,406 [EventQueue-PipelineReportForPipelineReportHandler] INFO  pipeline.PipelineManagerImpl (PipelineManagerImpl.java:openPipeline(367)) - Pipeline Pipeline[ Id: b5af6123-9f72-4b26-8422-14838764cde0, Nodes: 58d8b8bb-cfc7-423c-ba1f-09160eea4c71{ip: 10.1.0.11, host: fv-az99-422.euuzywwtp3iu5l5aj42nbmzodg.gx.internal.cloudapp.net, ports: [REPLICATION=40581, RATIS=37145, RATIS_ADMIN=37145, RATIS_SERVER=37145, STANDALONE=33047], networkLocation: /default-rack, certSerialId: null, persistedOpState: IN_SERVICE, persistedOpStateExpiryEpochSec: 0}, ReplicationConfig: RATIS/ONE, State:ALLOCATED, leaderId:58d8b8bb-cfc7-423c-ba1f-09160eea4c71, CreationTimestamp2022-10-30T01:06:31.401Z[Etc/UTC]] moved to OPEN state
2022-10-30 01:06:34,406 [pool-164-thread-1] INFO  server.RaftServerConfigKeys (ConfUtils.java:logGet(46)) - raft.server.log.write.buffer.size = 1048576 (custom)
2022-10-30 01:06:34,406 [EventQueue-OpenPipelineForHealthyPipelineSafeModeRule] INFO  safemode.SCMSafeModeManager (HealthyPipelineSafeModeRule.java:process(137)) - SCM in safe mode. Healthy pipelines reported count is 0, required healthy pipeline reported count is 1
2022-10-30 01:06:34,409 [pool-164-thread-1] INFO  server.RaftServerConfigKeys (ConfUtils.java:logGet(46)) - raft.server.log.unsafe-flush.enabled = false (default)
2022-10-30 01:06:34,409 [pool-164-thread-1] INFO  server.RaftServerConfigKeys (ConfUtils.java:logGet(46)) - raft.server.log.async-flush.enabled = false (default)
2022-10-30 01:06:34,409 [pool-164-thread-1] INFO  server.RaftServerConfigKeys (ConfUtils.java:logGet(46)) - raft.server.log.statemachine.data.caching.enabled = true (custom)
2022-10-30 01:06:34,409 [pool-164-thread-1] INFO  segmented.SegmentedRaftLogWorker (SegmentedRaftLogWorker.java:lambda$new$0(136)) - 58d8b8bb-cfc7-423c-ba1f-09160eea4c71@group-14838764CDE0-SegmentedRaftLogWorker: flushIndex: setUnconditionally 0 -> -1
2022-10-30 01:06:34,409 [pool-164-thread-1] INFO  segmented.SegmentedRaftLogWorker (SegmentedRaftLogWorker.java:lambda$new$0(136)) - 58d8b8bb-cfc7-423c-ba1f-09160eea4c71@group-14838764CDE0-SegmentedRaftLogWorker: safeCacheEvictIndex: setUnconditionally 0 -> -1
2022-10-30 01:06:34,409 [pool-164-thread-1] INFO  server.RaftServer$Division (RaftServerImpl.java:start(334)) - 58d8b8bb-cfc7-423c-ba1f-09160eea4c71@group-14838764CDE0: start as a follower, conf=-1: peers:[58d8b8bb-cfc7-423c-ba1f-09160eea4c71|rpc:10.1.0.11:37145|priority:1|startupRole:FOLLOWER]|listeners:[], old=null
2022-10-30 01:06:34,409 [pool-164-thread-1] INFO  server.RaftServer$Division (RaftServerImpl.java:setRole(321)) - 58d8b8bb-cfc7-423c-ba1f-09160eea4c71@group-14838764CDE0: changes role from      null to FOLLOWER at term 0 for startAsFollower
2022-10-30 01:06:34,410 [pool-164-thread-1] INFO  impl.RoleInfo (RoleInfo.java:updateAndGet(139)) - 58d8b8bb-cfc7-423c-ba1f-09160eea4c71: start 58d8b8bb-cfc7-423c-ba1f-09160eea4c71@group-14838764CDE0-FollowerState
2022-10-30 01:06:34,410 [pool-164-thread-1] INFO  util.JmxRegister (JmxRegister.java:tryRegister(44)) - Successfully registered JMX Bean with object name Ratis:service=RaftServer,group=group-14838764CDE0,id=58d8b8bb-cfc7-423c-ba1f-09160eea4c71
2022-10-30 01:06:34,410 [pool-164-thread-1] INFO  server.RaftServerConfigKeys (ConfUtils.java:logGet(46)) - raft.server.snapshot.auto.trigger.enabled = true (custom)
2022-10-30 01:06:34,410 [pool-164-thread-1] INFO  server.RaftServerConfigKeys (ConfUtils.java:logGet(46)) - raft.server.snapshot.auto.trigger.threshold = 10000 (custom)
2022-10-30 01:06:34,410 [pool-164-thread-1] INFO  server.RaftServerConfigKeys (ConfUtils.java:logGet(46)) - raft.server.snapshot.retention.file.num = 5 (custom)
2022-10-30 01:06:34,410 [pool-164-thread-1] INFO  server.RaftServerConfigKeys (ConfUtils.java:logGet(46)) - raft.server.log.purge.upto.snapshot.index = false (default)
2022-10-30 01:06:34,411 [58d8b8bb-cfc7-423c-ba1f-09160eea4c71@group-14838764CDE0-FollowerState] INFO  server.RaftServerConfigKeys (ConfUtils.java:logFallback(53)) - raft.server.rpc.first-election.timeout.min = 5s (fallback to raft.server.rpc.timeout.min)
2022-10-30 01:06:34,411 [58d8b8bb-cfc7-423c-ba1f-09160eea4c71@group-14838764CDE0-FollowerState] INFO  server.RaftServerConfigKeys (ConfUtils.java:logFallback(53)) - raft.server.rpc.first-election.timeout.max = 5200ms (fallback to raft.server.rpc.timeout.max)
2022-10-30 01:06:34,411 [Command processor thread] INFO  ratis.XceiverServerRatis (XceiverServerRatis.java:addGroup(765)) - Created group PipelineID=b5af6123-9f72-4b26-8422-14838764cde0
2022-10-30 01:06:34,411 [Command processor thread] INFO  commandhandler.CreatePipelineCommandHandler (CreatePipelineCommandHandler.java:handle(113)) - Created Pipeline RATIS ONE PipelineID=b5af6123-9f72-4b26-8422-14838764cde0.
2022-10-30 01:06:34,718 [Command processor thread] INFO  server.RaftServer (RaftServerProxy.java:addNew(96)) - 57b0e5c4-d4d8-463c-8999-53af98295cd0: addNew group-52EDC75B76C9:[57b0e5c4-d4d8-463c-8999-53af98295cd0|rpc:10.1.0.11:39941|priority:1|startupRole:FOLLOWER] returns group-52EDC75B76C9:java.util.concurrent.CompletableFuture@8df72c0[Not completed]
2022-10-30 01:06:34,719 [pool-187-thread-1] INFO  server.RaftServer$Division (RaftServerImpl.java:<init>(195)) - 57b0e5c4-d4d8-463c-8999-53af98295cd0: new RaftServerImpl for group-52EDC75B76C9:[57b0e5c4-d4d8-463c-8999-53af98295cd0|rpc:10.1.0.11:39941|priority:1|startupRole:FOLLOWER] with ContainerStateMachine:uninitialized
2022-10-30 01:06:34,719 [pool-187-thread-1] INFO  server.RaftServerConfigKeys (ConfUtils.java:logGet(46)) - raft.server.rpc.timeout.min = 5s (custom)
2022-10-30 01:06:34,720 [pool-187-thread-1] INFO  server.RaftServerConfigKeys (ConfUtils.java:logGet(46)) - raft.server.rpc.timeout.max = 5200ms (custom)
2022-10-30 01:06:34,720 [pool-187-thread-1] INFO  server.RaftServerConfigKeys (ConfUtils.java:logGet(46)) - raft.server.rpc.sleep.time = 25ms (default)
2022-10-30 01:06:34,720 [pool-187-thread-1] INFO  server.RaftServerConfigKeys (ConfUtils.java:logGet(46)) - raft.server.rpc.slowness.timeout = 300s (custom)
2022-10-30 01:06:34,720 [pool-187-thread-1] INFO  server.RaftServerConfigKeys (ConfUtils.java:logGet(46)) - raft.server.leaderelection.leader.step-down.wait-time = 10s (default)
2022-10-30 01:06:34,720 [pool-187-thread-1] INFO  server.RaftServerConfigKeys (ConfUtils.java:logGet(46)) - raft.server.sleep.deviation.threshold = 300ms (default)
2022-10-30 01:06:34,720 [pool-187-thread-1] INFO  server.RaftServer$Division (ServerState.java:<init>(118)) - 57b0e5c4-d4d8-463c-8999-53af98295cd0@group-52EDC75B76C9: ConfigurationManager, init=-1: peers:[57b0e5c4-d4d8-463c-8999-53af98295cd0|rpc:10.1.0.11:39941|priority:1|startupRole:FOLLOWER]|listeners:[], old=null, confs=<EMPTY_MAP>
2022-10-30 01:06:34,720 [pool-187-thread-1] INFO  server.RaftServerConfigKeys (ConfUtils.java:logGet(46)) - raft.server.storage.dir = [/home/runner/work/ozone/ozone/hadoop-ozone/integration-test/target/test-dir/MiniOzoneClusterImpl-d77d6c10-3d51-4ae5-b04b-b5f3d2f20a3f/datanode-5/data/ratis] (custom)
2022-10-30 01:06:34,720 [pool-187-thread-1] INFO  server.RaftServerConfigKeys (ConfUtils.java:logGet(46)) - raft.server.log.corruption.policy = EXCEPTION (default)
2022-10-30 01:06:34,720 [pool-187-thread-1] INFO  server.RaftServerConfigKeys (ConfUtils.java:logGet(46)) - raft.server.storage.free-space.min = 0MB (=0) (default)
2022-10-30 01:06:34,720 [pool-187-thread-1] INFO  server.RaftServerConfigKeys (ConfUtils.java:logGet(46)) - raft.server.notification.no-leader.timeout = 300s (custom)
2022-10-30 01:06:34,720 [pool-187-thread-1] INFO  server.RaftServerConfigKeys (ConfUtils.java:logGet(46)) - raft.server.retrycache.expirytime = 600000ms (custom)
2022-10-30 01:06:34,720 [pool-187-thread-1] INFO  server.RaftServerConfigKeys (ConfUtils.java:logGet(46)) - raft.server.retrycache.statistics.expirytime = 100μs (default)
2022-10-30 01:06:34,721 [pool-187-thread-1] INFO  server.RaftServerConfigKeys (ConfUtils.java:logGet(46)) - raft.server.log.appender.install.snapshot.enabled = false (custom)
2022-10-30 01:06:34,721 [pool-187-thread-1] INFO  server.RaftServerConfigKeys (ConfUtils.java:logGet(46)) - raft.server.threadpool.server.cached = true (default)
2022-10-30 01:06:34,721 [pool-187-thread-1] INFO  server.RaftServerConfigKeys (ConfUtils.java:logGet(46)) - raft.server.threadpool.server.size = 0 (default)
2022-10-30 01:06:34,721 [pool-187-thread-1] INFO  server.RaftServerConfigKeys (ConfUtils.java:logGet(46)) - raft.server.threadpool.client.cached = true (default)
2022-10-30 01:06:34,721 [pool-187-thread-1] INFO  server.RaftServerConfigKeys (ConfUtils.java:logGet(46)) - raft.server.threadpool.client.size = 0 (default)
2022-10-30 01:06:34,722 [pool-187-thread-1] INFO  storage.RaftStorageDirectory (RaftStorageDirectoryImpl.java:analyzeStorage(137)) - The storage directory /home/runner/work/ozone/ozone/hadoop-ozone/integration-test/target/test-dir/MiniOzoneClusterImpl-d77d6c10-3d51-4ae5-b04b-b5f3d2f20a3f/datanode-5/data/ratis/001561c0-34c3-4e24-b264-52edc75b76c9 does not exist. Creating ...
2022-10-30 01:06:34,723 [pool-187-thread-1] INFO  storage.RaftStorageDirectory (RaftStorageDirectoryImpl.java:tryLock(231)) - Lock on /home/runner/work/ozone/ozone/hadoop-ozone/integration-test/target/test-dir/MiniOzoneClusterImpl-d77d6c10-3d51-4ae5-b04b-b5f3d2f20a3f/datanode-5/data/ratis/001561c0-34c3-4e24-b264-52edc75b76c9/in_use.lock acquired by nodename 13950@fv-az99-422
2022-10-30 01:06:34,724 [pool-187-thread-1] INFO  storage.RaftStorage (RaftStorageImpl.java:format(96)) - Storage directory /home/runner/work/ozone/ozone/hadoop-ozone/integration-test/target/test-dir/MiniOzoneClusterImpl-d77d6c10-3d51-4ae5-b04b-b5f3d2f20a3f/datanode-5/data/ratis/001561c0-34c3-4e24-b264-52edc75b76c9 has been successfully formatted.
2022-10-30 01:06:34,724 [pool-187-thread-1] INFO  ratis.ContainerStateMachine (ContainerStateMachine.java:loadSnapshot(236)) - group-52EDC75B76C9: The snapshot info is null. Setting the last applied indexto:(t:0, i:~)
2022-10-30 01:06:34,724 [pool-187-thread-1] INFO  server.RaftServerConfigKeys (ConfUtils.java:logGet(46)) - raft.server.log.use.memory = false (default)
2022-10-30 01:06:34,725 [pool-187-thread-1] INFO  server.RaftServerConfigKeys (ConfUtils.java:logGet(46)) - raft.server.log.purge.gap = 1000000 (custom)
2022-10-30 01:06:34,725 [pool-187-thread-1] INFO  server.RaftServerConfigKeys (ConfUtils.java:logGet(46)) - raft.server.log.appender.buffer.byte-limit = 33554432 (custom)
2022-10-30 01:06:34,725 [pool-187-thread-1] INFO  server.RaftServerConfigKeys (ConfUtils.java:logGet(46)) - raft.server.log.statemachine.data.read.timeout = 1000ms (default)
2022-10-30 01:06:34,725 [pool-187-thread-1] INFO  server.RaftServerConfigKeys (ConfUtils.java:logGet(46)) - raft.server.log.purge.preservation.log.num = 0 (default)
2022-10-30 01:06:34,727 [pool-187-thread-1] INFO  server.RaftServerConfigKeys (ConfUtils.java:logGet(46)) - raft.server.log.segment.size.max = 1048576 (custom)
2022-10-30 01:06:34,727 [pool-187-thread-1] INFO  server.RaftServerConfigKeys (ConfUtils.java:logGet(46)) - raft.server.log.segment.cache.num.max = 2 (custom)
2022-10-30 01:06:34,727 [pool-187-thread-1] INFO  server.RaftServerConfigKeys (ConfUtils.java:logGet(46)) - raft.server.log.segment.cache.size.max = 200MB (=209715200) (default)
2022-10-30 01:06:34,727 [pool-187-thread-1] INFO  segmented.SegmentedRaftLogWorker (SegmentedRaftLogWorker.java:<init>(191)) - new 57b0e5c4-d4d8-463c-8999-53af98295cd0@group-52EDC75B76C9-SegmentedRaftLogWorker for RaftStorageImpl:Storage Directory /home/runner/work/ozone/ozone/hadoop-ozone/integration-test/target/test-dir/MiniOzoneClusterImpl-d77d6c10-3d51-4ae5-b04b-b5f3d2f20a3f/datanode-5/data/ratis/001561c0-34c3-4e24-b264-52edc75b76c9
2022-10-30 01:06:34,727 [pool-187-thread-1] INFO  server.RaftServerConfigKeys (ConfUtils.java:logGet(46)) - raft.server.log.queue.byte-limit = 4294967296 (custom)
2022-10-30 01:06:34,727 [pool-187-thread-1] INFO  server.RaftServerConfigKeys (ConfUtils.java:logGet(46)) - raft.server.log.queue.element-limit = 1024 (custom)
2022-10-30 01:06:34,727 [EventQueue-PipelineReportForPipelineReportHandler] INFO  pipeline.PipelineManagerImpl (PipelineManagerImpl.java:openPipeline(367)) - Pipeline Pipeline[ Id: 001561c0-34c3-4e24-b264-52edc75b76c9, Nodes: 57b0e5c4-d4d8-463c-8999-53af98295cd0{ip: 10.1.0.11, host: fv-az99-422.euuzywwtp3iu5l5aj42nbmzodg.gx.internal.cloudapp.net, ports: [REPLICATION=45861, RATIS=39941, RATIS_ADMIN=39941, RATIS_SERVER=39941, STANDALONE=38745], networkLocation: /default-rack, certSerialId: null, persistedOpState: IN_SERVICE, persistedOpStateExpiryEpochSec: 0}, ReplicationConfig: RATIS/ONE, State:ALLOCATED, leaderId:57b0e5c4-d4d8-463c-8999-53af98295cd0, CreationTimestamp2022-10-30T01:06:31.722Z[Etc/UTC]] moved to OPEN state
2022-10-30 01:06:34,727 [pool-187-thread-1] INFO  server.RaftServerConfigKeys (ConfUtils.java:logGet(46)) - raft.server.log.segment.size.max = 1048576 (custom)
2022-10-30 01:06:34,727 [pool-187-thread-1] INFO  server.RaftServerConfigKeys (ConfUtils.java:logGet(46)) - raft.server.log.preallocated.size = 16384 (custom)
2022-10-30 01:06:34,727 [pool-187-thread-1] INFO  server.RaftServerConfigKeys (ConfUtils.java:logGet(46)) - raft.server.log.force.sync.num = 128 (default)
2022-10-30 01:06:34,727 [pool-187-thread-1] INFO  server.RaftServerConfigKeys (ConfUtils.java:logGet(46)) - raft.server.log.statemachine.data.sync = true (default)
2022-10-30 01:06:34,727 [pool-187-thread-1] INFO  server.RaftServerConfigKeys (ConfUtils.java:logGet(46)) - raft.server.log.statemachine.data.sync.timeout = 10s (default)
2022-10-30 01:06:34,728 [pool-187-thread-1] INFO  server.RaftServerConfigKeys (ConfUtils.java:logGet(46)) - raft.server.log.statemachine.data.sync.timeout.retry = -1 (default)
2022-10-30 01:06:34,728 [EventQueue-OpenPipelineForHealthyPipelineSafeModeRule] INFO  safemode.SCMSafeModeManager (HealthyPipelineSafeModeRule.java:process(137)) - SCM in safe mode. Healthy pipelines reported count is 0, required healthy pipeline reported count is 1
2022-10-30 01:06:34,729 [pool-187-thread-1] INFO  server.RaftServerConfigKeys (ConfUtils.java:logGet(46)) - raft.server.log.write.buffer.size = 1048576 (custom)
2022-10-30 01:06:34,730 [pool-187-thread-1] INFO  server.RaftServerConfigKeys (ConfUtils.java:logGet(46)) - raft.server.log.unsafe-flush.enabled = false (default)
2022-10-30 01:06:34,730 [pool-187-thread-1] INFO  server.RaftServerConfigKeys (ConfUtils.java:logGet(46)) - raft.server.log.async-flush.enabled = false (default)
2022-10-30 01:06:34,730 [pool-187-thread-1] INFO  server.RaftServerConfigKeys (ConfUtils.java:logGet(46)) - raft.server.log.statemachine.data.caching.enabled = true (custom)
2022-10-30 01:06:34,730 [pool-187-thread-1] INFO  segmented.SegmentedRaftLogWorker (SegmentedRaftLogWorker.java:lambda$new$0(136)) - 57b0e5c4-d4d8-463c-8999-53af98295cd0@group-52EDC75B76C9-SegmentedRaftLogWorker: flushIndex: setUnconditionally 0 -> -1
2022-10-30 01:06:34,730 [pool-187-thread-1] INFO  segmented.SegmentedRaftLogWorker (SegmentedRaftLogWorker.java:lambda$new$0(136)) - 57b0e5c4-d4d8-463c-8999-53af98295cd0@group-52EDC75B76C9-SegmentedRaftLogWorker: safeCacheEvictIndex: setUnconditionally 0 -> -1
2022-10-30 01:06:34,732 [pool-187-thread-1] INFO  server.RaftServer$Division (RaftServerImpl.java:start(334)) - 57b0e5c4-d4d8-463c-8999-53af98295cd0@group-52EDC75B76C9: start as a follower, conf=-1: peers:[57b0e5c4-d4d8-463c-8999-53af98295cd0|rpc:10.1.0.11:39941|priority:1|startupRole:FOLLOWER]|listeners:[], old=null
2022-10-30 01:06:34,732 [pool-187-thread-1] INFO  server.RaftServer$Division (RaftServerImpl.java:setRole(321)) - 57b0e5c4-d4d8-463c-8999-53af98295cd0@group-52EDC75B76C9: changes role from      null to FOLLOWER at term 0 for startAsFollower
2022-10-30 01:06:34,732 [pool-187-thread-1] INFO  impl.RoleInfo (RoleInfo.java:updateAndGet(139)) - 57b0e5c4-d4d8-463c-8999-53af98295cd0: start 57b0e5c4-d4d8-463c-8999-53af98295cd0@group-52EDC75B76C9-FollowerState
2022-10-30 01:06:34,732 [pool-187-thread-1] INFO  util.JmxRegister (JmxRegister.java:tryRegister(44)) - Successfully registered JMX Bean with object name Ratis:service=RaftServer,group=group-52EDC75B76C9,id=57b0e5c4-d4d8-463c-8999-53af98295cd0
2022-10-30 01:06:34,732 [pool-187-thread-1] INFO  server.RaftServerConfigKeys (ConfUtils.java:logGet(46)) - raft.server.snapshot.auto.trigger.enabled = true (custom)
2022-10-30 01:06:34,732 [pool-187-thread-1] INFO  server.RaftServerConfigKeys (ConfUtils.java:logGet(46)) - raft.server.snapshot.auto.trigger.threshold = 10000 (custom)
2022-10-30 01:06:34,732 [pool-187-thread-1] INFO  server.RaftServerConfigKeys (ConfUtils.java:logGet(46)) - raft.server.snapshot.retention.file.num = 5 (custom)
2022-10-30 01:06:34,732 [pool-187-thread-1] INFO  server.RaftServerConfigKeys (ConfUtils.java:logGet(46)) - raft.server.log.purge.upto.snapshot.index = false (default)
2022-10-30 01:06:34,733 [57b0e5c4-d4d8-463c-8999-53af98295cd0@group-52EDC75B76C9-FollowerState] INFO  server.RaftServerConfigKeys (ConfUtils.java:logFallback(53)) - raft.server.rpc.first-election.timeout.min = 5s (fallback to raft.server.rpc.timeout.min)
2022-10-30 01:06:34,733 [57b0e5c4-d4d8-463c-8999-53af98295cd0@group-52EDC75B76C9-FollowerState] INFO  server.RaftServerConfigKeys (ConfUtils.java:logFallback(53)) - raft.server.rpc.first-election.timeout.max = 5200ms (fallback to raft.server.rpc.timeout.max)
2022-10-30 01:06:34,733 [Command processor thread] INFO  ratis.XceiverServerRatis (XceiverServerRatis.java:addGroup(765)) - Created group PipelineID=001561c0-34c3-4e24-b264-52edc75b76c9
2022-10-30 01:06:34,733 [Command processor thread] INFO  commandhandler.CreatePipelineCommandHandler (CreatePipelineCommandHandler.java:handle(113)) - Created Pipeline RATIS ONE PipelineID=001561c0-34c3-4e24-b264-52edc75b76c9.
2022-10-30 01:06:35,084 [Command processor thread] INFO  server.RaftServer (RaftServerProxy.java:addNew(96)) - 758ec025-fe09-4bac-8062-a2014e5c8846: addNew group-E0A5E0FBAADE:[758ec025-fe09-4bac-8062-a2014e5c8846|rpc:10.1.0.11:46773|priority:1|startupRole:FOLLOWER] returns group-E0A5E0FBAADE:java.util.concurrent.CompletableFuture@25306111[Not completed]
2022-10-30 01:06:35,085 [pool-210-thread-1] INFO  server.RaftServer$Division (RaftServerImpl.java:<init>(195)) - 758ec025-fe09-4bac-8062-a2014e5c8846: new RaftServerImpl for group-E0A5E0FBAADE:[758ec025-fe09-4bac-8062-a2014e5c8846|rpc:10.1.0.11:46773|priority:1|startupRole:FOLLOWER] with ContainerStateMachine:uninitialized
2022-10-30 01:06:35,085 [pool-210-thread-1] INFO  server.RaftServerConfigKeys (ConfUtils.java:logGet(46)) - raft.server.rpc.timeout.min = 5s (custom)
2022-10-30 01:06:35,085 [pool-210-thread-1] INFO  server.RaftServerConfigKeys (ConfUtils.java:logGet(46)) - raft.server.rpc.timeout.max = 5200ms (custom)
2022-10-30 01:06:35,085 [pool-210-thread-1] INFO  server.RaftServerConfigKeys (ConfUtils.java:logGet(46)) - raft.server.rpc.sleep.time = 25ms (default)
2022-10-30 01:06:35,085 [pool-210-thread-1] INFO  server.RaftServerConfigKeys (ConfUtils.java:logGet(46)) - raft.server.rpc.slowness.timeout = 300s (custom)
2022-10-30 01:06:35,085 [pool-210-thread-1] INFO  server.RaftServerConfigKeys (ConfUtils.java:logGet(46)) - raft.server.leaderelection.leader.step-down.wait-time = 10s (default)
2022-10-30 01:06:35,085 [pool-210-thread-1] INFO  server.RaftServerConfigKeys (ConfUtils.java:logGet(46)) - raft.server.sleep.deviation.threshold = 300ms (default)
2022-10-30 01:06:35,085 [pool-210-thread-1] INFO  server.RaftServer$Division (ServerState.java:<init>(118)) - 758ec025-fe09-4bac-8062-a2014e5c8846@group-E0A5E0FBAADE: ConfigurationManager, init=-1: peers:[758ec025-fe09-4bac-8062-a2014e5c8846|rpc:10.1.0.11:46773|priority:1|startupRole:FOLLOWER]|listeners:[], old=null, confs=<EMPTY_MAP>
2022-10-30 01:06:35,085 [pool-210-thread-1] INFO  server.RaftServerConfigKeys (ConfUtils.java:logGet(46)) - raft.server.storage.dir = [/home/runner/work/ozone/ozone/hadoop-ozone/integration-test/target/test-dir/MiniOzoneClusterImpl-d77d6c10-3d51-4ae5-b04b-b5f3d2f20a3f/datanode-6/data/ratis] (custom)
2022-10-30 01:06:35,085 [pool-210-thread-1] INFO  server.RaftServerConfigKeys (ConfUtils.java:logGet(46)) - raft.server.log.corruption.policy = EXCEPTION (default)
2022-10-30 01:06:35,086 [pool-210-thread-1] INFO  server.RaftServerConfigKeys (ConfUtils.java:logGet(46)) - raft.server.storage.free-space.min = 0MB (=0) (default)
2022-10-30 01:06:35,086 [pool-210-thread-1] INFO  server.RaftServerConfigKeys (ConfUtils.java:logGet(46)) - raft.server.notification.no-leader.timeout = 300s (custom)
2022-10-30 01:06:35,086 [pool-210-thread-1] INFO  server.RaftServerConfigKeys (ConfUtils.java:logGet(46)) - raft.server.retrycache.expirytime = 600000ms (custom)
2022-10-30 01:06:35,086 [pool-210-thread-1] INFO  server.RaftServerConfigKeys (ConfUtils.java:logGet(46)) - raft.server.retrycache.statistics.expirytime = 100μs (default)
2022-10-30 01:06:35,089 [pool-210-thread-1] INFO  server.RaftServerConfigKeys (ConfUtils.java:logGet(46)) - raft.server.log.appender.install.snapshot.enabled = false (custom)
2022-10-30 01:06:35,089 [pool-210-thread-1] INFO  server.RaftServerConfigKeys (ConfUtils.java:logGet(46)) - raft.server.threadpool.server.cached = true (default)
2022-10-30 01:06:35,089 [pool-210-thread-1] INFO  server.RaftServerConfigKeys (ConfUtils.java:logGet(46)) - raft.server.threadpool.server.size = 0 (default)
2022-10-30 01:06:35,089 [pool-210-thread-1] INFO  server.RaftServerConfigKeys (ConfUtils.java:logGet(46)) - raft.server.threadpool.client.cached = true (default)
2022-10-30 01:06:35,089 [pool-210-thread-1] INFO  server.RaftServerConfigKeys (ConfUtils.java:logGet(46)) - raft.server.threadpool.client.size = 0 (default)
2022-10-30 01:06:35,089 [pool-210-thread-1] INFO  storage.RaftStorageDirectory (RaftStorageDirectoryImpl.java:analyzeStorage(137)) - The storage directory /home/runner/work/ozone/ozone/hadoop-ozone/integration-test/target/test-dir/MiniOzoneClusterImpl-d77d6c10-3d51-4ae5-b04b-b5f3d2f20a3f/datanode-6/data/ratis/fe4df078-031e-451d-83d6-e0a5e0fbaade does not exist. Creating ...
2022-10-30 01:06:35,092 [pool-210-thread-1] INFO  storage.RaftStorageDirectory (RaftStorageDirectoryImpl.java:tryLock(231)) - Lock on /home/runner/work/ozone/ozone/hadoop-ozone/integration-test/target/test-dir/MiniOzoneClusterImpl-d77d6c10-3d51-4ae5-b04b-b5f3d2f20a3f/datanode-6/data/ratis/fe4df078-031e-451d-83d6-e0a5e0fbaade/in_use.lock acquired by nodename 13950@fv-az99-422
2022-10-30 01:06:35,093 [pool-210-thread-1] INFO  storage.RaftStorage (RaftStorageImpl.java:format(96)) - Storage directory /home/runner/work/ozone/ozone/hadoop-ozone/integration-test/target/test-dir/MiniOzoneClusterImpl-d77d6c10-3d51-4ae5-b04b-b5f3d2f20a3f/datanode-6/data/ratis/fe4df078-031e-451d-83d6-e0a5e0fbaade has been successfully formatted.
2022-10-30 01:06:35,094 [pool-210-thread-1] INFO  ratis.ContainerStateMachine (ContainerStateMachine.java:loadSnapshot(236)) - group-E0A5E0FBAADE: The snapshot info is null. Setting the last applied indexto:(t:0, i:~)
2022-10-30 01:06:35,094 [pool-210-thread-1] INFO  server.RaftServerConfigKeys (ConfUtils.java:logGet(46)) - raft.server.log.use.memory = false (default)
2022-10-30 01:06:35,094 [pool-210-thread-1] INFO  server.RaftServerConfigKeys (ConfUtils.java:logGet(46)) - raft.server.log.purge.gap = 1000000 (custom)
2022-10-30 01:06:35,094 [pool-210-thread-1] INFO  server.RaftServerConfigKeys (ConfUtils.java:logGet(46)) - raft.server.log.appender.buffer.byte-limit = 33554432 (custom)
2022-10-30 01:06:35,094 [pool-210-thread-1] INFO  server.RaftServerConfigKeys (ConfUtils.java:logGet(46)) - raft.server.log.statemachine.data.read.timeout = 1000ms (default)
2022-10-30 01:06:35,094 [pool-210-thread-1] INFO  server.RaftServerConfigKeys (ConfUtils.java:logGet(46)) - raft.server.log.purge.preservation.log.num = 0 (default)
2022-10-30 01:06:35,095 [EventQueue-PipelineReportForPipelineReportHandler] INFO  pipeline.PipelineManagerImpl (PipelineManagerImpl.java:openPipeline(367)) - Pipeline Pipeline[ Id: fe4df078-031e-451d-83d6-e0a5e0fbaade, Nodes: 758ec025-fe09-4bac-8062-a2014e5c8846{ip: 10.1.0.11, host: fv-az99-422.euuzywwtp3iu5l5aj42nbmzodg.gx.internal.cloudapp.net, ports: [REPLICATION=39637, RATIS=46773, RATIS_ADMIN=46773, RATIS_SERVER=46773, STANDALONE=39087], networkLocation: /default-rack, certSerialId: null, persistedOpState: IN_SERVICE, persistedOpStateExpiryEpochSec: 0}, ReplicationConfig: RATIS/ONE, State:ALLOCATED, leaderId:758ec025-fe09-4bac-8062-a2014e5c8846, CreationTimestamp2022-10-30T01:06:32.094Z[Etc/UTC]] moved to OPEN state
2022-10-30 01:06:35,095 [pool-210-thread-1] INFO  server.RaftServerConfigKeys (ConfUtils.java:logGet(46)) - raft.server.log.segment.size.max = 1048576 (custom)
2022-10-30 01:06:35,096 [pool-210-thread-1] INFO  server.RaftServerConfigKeys (ConfUtils.java:logGet(46)) - raft.server.log.segment.cache.num.max = 2 (custom)
2022-10-30 01:06:35,096 [pool-210-thread-1] INFO  server.RaftServerConfigKeys (ConfUtils.java:logGet(46)) - raft.server.log.segment.cache.size.max = 200MB (=209715200) (default)
2022-10-30 01:06:35,096 [pool-210-thread-1] INFO  segmented.SegmentedRaftLogWorker (SegmentedRaftLogWorker.java:<init>(191)) - new 758ec025-fe09-4bac-8062-a2014e5c8846@group-E0A5E0FBAADE-SegmentedRaftLogWorker for RaftStorageImpl:Storage Directory /home/runner/work/ozone/ozone/hadoop-ozone/integration-test/target/test-dir/MiniOzoneClusterImpl-d77d6c10-3d51-4ae5-b04b-b5f3d2f20a3f/datanode-6/data/ratis/fe4df078-031e-451d-83d6-e0a5e0fbaade
2022-10-30 01:06:35,096 [pool-210-thread-1] INFO  server.RaftServerConfigKeys (ConfUtils.java:logGet(46)) - raft.server.log.queue.byte-limit = 4294967296 (custom)
2022-10-30 01:06:35,096 [pool-210-thread-1] INFO  server.RaftServerConfigKeys (ConfUtils.java:logGet(46)) - raft.server.log.queue.element-limit = 1024 (custom)
2022-10-30 01:06:35,096 [pool-210-thread-1] INFO  server.RaftServerConfigKeys (ConfUtils.java:logGet(46)) - raft.server.log.segment.size.max = 1048576 (custom)
2022-10-30 01:06:35,096 [pool-210-thread-1] INFO  server.RaftServerConfigKeys (ConfUtils.java:logGet(46)) - raft.server.log.preallocated.size = 16384 (custom)
2022-10-30 01:06:35,096 [pool-210-thread-1] INFO  server.RaftServerConfigKeys (ConfUtils.java:logGet(46)) - raft.server.log.force.sync.num = 128 (default)
2022-10-30 01:06:35,096 [pool-210-thread-1] INFO  server.RaftServerConfigKeys (ConfUtils.java:logGet(46)) - raft.server.log.statemachine.data.sync = true (default)
2022-10-30 01:06:35,096 [pool-210-thread-1] INFO  server.RaftServerConfigKeys (ConfUtils.java:logGet(46)) - raft.server.log.statemachine.data.sync.timeout = 10s (default)
2022-10-30 01:06:35,096 [pool-210-thread-1] INFO  server.RaftServerConfigKeys (ConfUtils.java:logGet(46)) - raft.server.log.statemachine.data.sync.timeout.retry = -1 (default)
2022-10-30 01:06:35,097 [EventQueue-OpenPipelineForHealthyPipelineSafeModeRule] INFO  safemode.SCMSafeModeManager (HealthyPipelineSafeModeRule.java:process(137)) - SCM in safe mode. Healthy pipelines reported count is 0, required healthy pipeline reported count is 1
2022-10-30 01:06:35,098 [pool-210-thread-1] INFO  server.RaftServerConfigKeys (ConfUtils.java:logGet(46)) - raft.server.log.write.buffer.size = 1048576 (custom)
2022-10-30 01:06:35,098 [pool-210-thread-1] INFO  server.RaftServerConfigKeys (ConfUtils.java:logGet(46)) - raft.server.log.unsafe-flush.enabled = false (default)
2022-10-30 01:06:35,098 [pool-210-thread-1] INFO  server.RaftServerConfigKeys (ConfUtils.java:logGet(46)) - raft.server.log.async-flush.enabled = false (default)
2022-10-30 01:06:35,098 [pool-210-thread-1] INFO  server.RaftServerConfigKeys (ConfUtils.java:logGet(46)) - raft.server.log.statemachine.data.caching.enabled = true (custom)
2022-10-30 01:06:35,098 [pool-210-thread-1] INFO  segmented.SegmentedRaftLogWorker (SegmentedRaftLogWorker.java:lambda$new$0(136)) - 758ec025-fe09-4bac-8062-a2014e5c8846@group-E0A5E0FBAADE-SegmentedRaftLogWorker: flushIndex: setUnconditionally 0 -> -1
2022-10-30 01:06:35,098 [pool-210-thread-1] INFO  segmented.SegmentedRaftLogWorker (SegmentedRaftLogWorker.java:lambda$new$0(136)) - 758ec025-fe09-4bac-8062-a2014e5c8846@group-E0A5E0FBAADE-SegmentedRaftLogWorker: safeCacheEvictIndex: setUnconditionally 0 -> -1
2022-10-30 01:06:35,099 [pool-210-thread-1] INFO  server.RaftServer$Division (RaftServerImpl.java:start(334)) - 758ec025-fe09-4bac-8062-a2014e5c8846@group-E0A5E0FBAADE: start as a follower, conf=-1: peers:[758ec025-fe09-4bac-8062-a2014e5c8846|rpc:10.1.0.11:46773|priority:1|startupRole:FOLLOWER]|listeners:[], old=null
2022-10-30 01:06:35,099 [pool-210-thread-1] INFO  server.RaftServer$Division (RaftServerImpl.java:setRole(321)) - 758ec025-fe09-4bac-8062-a2014e5c8846@group-E0A5E0FBAADE: changes role from      null to FOLLOWER at term 0 for startAsFollower
2022-10-30 01:06:35,099 [pool-210-thread-1] INFO  impl.RoleInfo (RoleInfo.java:updateAndGet(139)) - 758ec025-fe09-4bac-8062-a2014e5c8846: start 758ec025-fe09-4bac-8062-a2014e5c8846@group-E0A5E0FBAADE-FollowerState
2022-10-30 01:06:35,108 [pool-210-thread-1] INFO  util.JmxRegister (JmxRegister.java:tryRegister(44)) - Successfully registered JMX Bean with object name Ratis:service=RaftServer,group=group-E0A5E0FBAADE,id=758ec025-fe09-4bac-8062-a2014e5c8846
2022-10-30 01:06:35,108 [758ec025-fe09-4bac-8062-a2014e5c8846@group-E0A5E0FBAADE-FollowerState] INFO  server.RaftServerConfigKeys (ConfUtils.java:logFallback(53)) - raft.server.rpc.first-election.timeout.min = 5s (fallback to raft.server.rpc.timeout.min)
2022-10-30 01:06:35,108 [758ec025-fe09-4bac-8062-a2014e5c8846@group-E0A5E0FBAADE-FollowerState] INFO  server.RaftServerConfigKeys (ConfUtils.java:logFallback(53)) - raft.server.rpc.first-election.timeout.max = 5200ms (fallback to raft.server.rpc.timeout.max)
2022-10-30 01:06:35,108 [pool-210-thread-1] INFO  server.RaftServerConfigKeys (ConfUtils.java:logGet(46)) - raft.server.snapshot.auto.trigger.enabled = true (custom)
2022-10-30 01:06:35,108 [pool-210-thread-1] INFO  server.RaftServerConfigKeys (ConfUtils.java:logGet(46)) - raft.server.snapshot.auto.trigger.threshold = 10000 (custom)
2022-10-30 01:06:35,108 [pool-210-thread-1] INFO  server.RaftServerConfigKeys (ConfUtils.java:logGet(46)) - raft.server.snapshot.retention.file.num = 5 (custom)
2022-10-30 01:06:35,108 [pool-210-thread-1] INFO  server.RaftServerConfigKeys (ConfUtils.java:logGet(46)) - raft.server.log.purge.upto.snapshot.index = false (default)
2022-10-30 01:06:35,109 [Command processor thread] INFO  ratis.XceiverServerRatis (XceiverServerRatis.java:addGroup(765)) - Created group PipelineID=fe4df078-031e-451d-83d6-e0a5e0fbaade
2022-10-30 01:06:35,109 [Command processor thread] INFO  commandhandler.CreatePipelineCommandHandler (CreatePipelineCommandHandler.java:handle(113)) - Created Pipeline RATIS ONE PipelineID=fe4df078-031e-451d-83d6-e0a5e0fbaade.
2022-10-30 01:06:35,109 [Command processor thread] INFO  server.RaftServer (RaftServerProxy.java:addNew(96)) - 758ec025-fe09-4bac-8062-a2014e5c8846: addNew group-93EB23A6C8F4:[96632972-14e0-44d5-b3f2-8f1b1022e85f|rpc:10.1.0.11:41713|priority:1|startupRole:FOLLOWER, 42907c57-00bf-47e8-816a-b6f44f3b50df|rpc:10.1.0.11:43117|priority:0|startupRole:FOLLOWER, 758ec025-fe09-4bac-8062-a2014e5c8846|rpc:10.1.0.11:46773|priority:0|startupRole:FOLLOWER] returns group-93EB23A6C8F4:java.util.concurrent.CompletableFuture@210fe16f[Not completed]
2022-10-30 01:06:35,110 [pool-210-thread-1] INFO  server.RaftServer$Division (RaftServerImpl.java:<init>(195)) - 758ec025-fe09-4bac-8062-a2014e5c8846: new RaftServerImpl for group-93EB23A6C8F4:[96632972-14e0-44d5-b3f2-8f1b1022e85f|rpc:10.1.0.11:41713|priority:1|startupRole:FOLLOWER, 42907c57-00bf-47e8-816a-b6f44f3b50df|rpc:10.1.0.11:43117|priority:0|startupRole:FOLLOWER, 758ec025-fe09-4bac-8062-a2014e5c8846|rpc:10.1.0.11:46773|priority:0|startupRole:FOLLOWER] with ContainerStateMachine:uninitialized
2022-10-30 01:06:35,110 [pool-210-thread-1] INFO  server.RaftServerConfigKeys (ConfUtils.java:logGet(46)) - raft.server.rpc.timeout.min = 5s (custom)
2022-10-30 01:06:35,110 [pool-210-thread-1] INFO  server.RaftServerConfigKeys (ConfUtils.java:logGet(46)) - raft.server.rpc.timeout.max = 5200ms (custom)
2022-10-30 01:06:35,110 [pool-210-thread-1] INFO  server.RaftServerConfigKeys (ConfUtils.java:logGet(46)) - raft.server.rpc.sleep.time = 25ms (default)
2022-10-30 01:06:35,110 [pool-210-thread-1] INFO  server.RaftServerConfigKeys (ConfUtils.java:logGet(46)) - raft.server.rpc.slowness.timeout = 300s (custom)
2022-10-30 01:06:35,110 [pool-210-thread-1] INFO  server.RaftServerConfigKeys (ConfUtils.java:logGet(46)) - raft.server.leaderelection.leader.step-down.wait-time = 10s (default)
2022-10-30 01:06:35,110 [pool-210-thread-1] INFO  server.RaftServerConfigKeys (ConfUtils.java:logGet(46)) - raft.server.sleep.deviation.threshold = 300ms (default)
2022-10-30 01:06:35,110 [pool-210-thread-1] INFO  server.RaftServer$Division (ServerState.java:<init>(118)) - 758ec025-fe09-4bac-8062-a2014e5c8846@group-93EB23A6C8F4: ConfigurationManager, init=-1: peers:[96632972-14e0-44d5-b3f2-8f1b1022e85f|rpc:10.1.0.11:41713|priority:1|startupRole:FOLLOWER, 42907c57-00bf-47e8-816a-b6f44f3b50df|rpc:10.1.0.11:43117|priority:0|startupRole:FOLLOWER, 758ec025-fe09-4bac-8062-a2014e5c8846|rpc:10.1.0.11:46773|priority:0|startupRole:FOLLOWER]|listeners:[], old=null, confs=<EMPTY_MAP>
2022-10-30 01:06:35,110 [pool-210-thread-1] INFO  server.RaftServerConfigKeys (ConfUtils.java:logGet(46)) - raft.server.storage.dir = [/home/runner/work/ozone/ozone/hadoop-ozone/integration-test/target/test-dir/MiniOzoneClusterImpl-d77d6c10-3d51-4ae5-b04b-b5f3d2f20a3f/datanode-6/data/ratis] (custom)
2022-10-30 01:06:35,110 [pool-210-thread-1] INFO  server.RaftServerConfigKeys (ConfUtils.java:logGet(46)) - raft.server.log.corruption.policy = EXCEPTION (default)
2022-10-30 01:06:35,110 [pool-210-thread-1] INFO  server.RaftServerConfigKeys (ConfUtils.java:logGet(46)) - raft.server.storage.free-space.min = 0MB (=0) (default)
2022-10-30 01:06:35,111 [pool-210-thread-1] INFO  server.RaftServerConfigKeys (ConfUtils.java:logGet(46)) - raft.server.notification.no-leader.timeout = 300s (custom)
2022-10-30 01:06:35,111 [pool-210-thread-1] INFO  server.RaftServerConfigKeys (ConfUtils.java:logGet(46)) - raft.server.retrycache.expirytime = 600000ms (custom)
2022-10-30 01:06:35,111 [pool-210-thread-1] INFO  server.RaftServerConfigKeys (ConfUtils.java:logGet(46)) - raft.server.retrycache.statistics.expirytime = 100μs (default)
2022-10-30 01:06:35,112 [pool-210-thread-1] INFO  server.RaftServerConfigKeys (ConfUtils.java:logGet(46)) - raft.server.log.appender.install.snapshot.enabled = false (custom)
2022-10-30 01:06:35,112 [pool-210-thread-1] INFO  server.RaftServerConfigKeys (ConfUtils.java:logGet(46)) - raft.server.threadpool.server.cached = true (default)
2022-10-30 01:06:35,112 [pool-210-thread-1] INFO  server.RaftServerConfigKeys (ConfUtils.java:logGet(46)) - raft.server.threadpool.server.size = 0 (default)
2022-10-30 01:06:35,112 [pool-210-thread-1] INFO  server.RaftServerConfigKeys (ConfUtils.java:logGet(46)) - raft.server.threadpool.client.cached = true (default)
2022-10-30 01:06:35,112 [pool-210-thread-1] INFO  server.RaftServerConfigKeys (ConfUtils.java:logGet(46)) - raft.server.threadpool.client.size = 0 (default)
2022-10-30 01:06:35,112 [pool-210-thread-1] INFO  storage.RaftStorageDirectory (RaftStorageDirectoryImpl.java:analyzeStorage(137)) - The storage directory /home/runner/work/ozone/ozone/hadoop-ozone/integration-test/target/test-dir/MiniOzoneClusterImpl-d77d6c10-3d51-4ae5-b04b-b5f3d2f20a3f/datanode-6/data/ratis/3132103f-68a2-45c8-9404-93eb23a6c8f4 does not exist. Creating ...
2022-10-30 01:06:35,114 [pool-210-thread-1] INFO  storage.RaftStorageDirectory (RaftStorageDirectoryImpl.java:tryLock(231)) - Lock on /home/runner/work/ozone/ozone/hadoop-ozone/integration-test/target/test-dir/MiniOzoneClusterImpl-d77d6c10-3d51-4ae5-b04b-b5f3d2f20a3f/datanode-6/data/ratis/3132103f-68a2-45c8-9404-93eb23a6c8f4/in_use.lock acquired by nodename 13950@fv-az99-422
2022-10-30 01:06:35,116 [pool-210-thread-1] INFO  storage.RaftStorage (RaftStorageImpl.java:format(96)) - Storage directory /home/runner/work/ozone/ozone/hadoop-ozone/integration-test/target/test-dir/MiniOzoneClusterImpl-d77d6c10-3d51-4ae5-b04b-b5f3d2f20a3f/datanode-6/data/ratis/3132103f-68a2-45c8-9404-93eb23a6c8f4 has been successfully formatted.
2022-10-30 01:06:35,116 [pool-210-thread-1] INFO  ratis.ContainerStateMachine (ContainerStateMachine.java:loadSnapshot(236)) - group-93EB23A6C8F4: The snapshot info is null. Setting the last applied indexto:(t:0, i:~)
2022-10-30 01:06:35,116 [pool-210-thread-1] INFO  server.RaftServerConfigKeys (ConfUtils.java:logGet(46)) - raft.server.log.use.memory = false (default)
2022-10-30 01:06:35,116 [pool-210-thread-1] INFO  server.RaftServerConfigKeys (ConfUtils.java:logGet(46)) - raft.server.log.purge.gap = 1000000 (custom)
2022-10-30 01:06:35,116 [pool-210-thread-1] INFO  server.RaftServerConfigKeys (ConfUtils.java:logGet(46)) - raft.server.log.appender.buffer.byte-limit = 33554432 (custom)
2022-10-30 01:06:35,116 [pool-210-thread-1] INFO  server.RaftServerConfigKeys (ConfUtils.java:logGet(46)) - raft.server.log.statemachine.data.read.timeout = 1000ms (default)
2022-10-30 01:06:35,116 [pool-210-thread-1] INFO  server.RaftServerConfigKeys (ConfUtils.java:logGet(46)) - raft.server.log.purge.preservation.log.num = 0 (default)
2022-10-30 01:06:35,116 [pool-210-thread-1] INFO  server.RaftServerConfigKeys (ConfUtils.java:logGet(46)) - raft.server.log.segment.size.max = 1048576 (custom)
2022-10-30 01:06:35,118 [EventQueue-OpenPipelineForHealthyPipelineSafeModeRule] INFO  safemode.SCMSafeModeManager (HealthyPipelineSafeModeRule.java:process(137)) - SCM in safe mode. Healthy pipelines reported count is 0, required healthy pipeline reported count is 1
2022-10-30 01:06:35,119 [pool-210-thread-1] INFO  server.RaftServerConfigKeys (ConfUtils.java:logGet(46)) - raft.server.log.segment.cache.num.max = 2 (custom)
2022-10-30 01:06:35,119 [pool-210-thread-1] INFO  server.RaftServerConfigKeys (ConfUtils.java:logGet(46)) - raft.server.log.segment.cache.size.max = 200MB (=209715200) (default)
2022-10-30 01:06:35,119 [pool-210-thread-1] INFO  segmented.SegmentedRaftLogWorker (SegmentedRaftLogWorker.java:<init>(191)) - new 758ec025-fe09-4bac-8062-a2014e5c8846@group-93EB23A6C8F4-SegmentedRaftLogWorker for RaftStorageImpl:Storage Directory /home/runner/work/ozone/ozone/hadoop-ozone/integration-test/target/test-dir/MiniOzoneClusterImpl-d77d6c10-3d51-4ae5-b04b-b5f3d2f20a3f/datanode-6/data/ratis/3132103f-68a2-45c8-9404-93eb23a6c8f4
2022-10-30 01:06:35,119 [pool-210-thread-1] INFO  server.RaftServerConfigKeys (ConfUtils.java:logGet(46)) - raft.server.log.queue.byte-limit = 4294967296 (custom)
2022-10-30 01:06:35,119 [pool-210-thread-1] INFO  server.RaftServerConfigKeys (ConfUtils.java:logGet(46)) - raft.server.log.queue.element-limit = 1024 (custom)
2022-10-30 01:06:35,119 [pool-210-thread-1] INFO  server.RaftServerConfigKeys (ConfUtils.java:logGet(46)) - raft.server.log.segment.size.max = 1048576 (custom)
2022-10-30 01:06:35,119 [pool-210-thread-1] INFO  server.RaftServerConfigKeys (ConfUtils.java:logGet(46)) - raft.server.log.preallocated.size = 16384 (custom)
2022-10-30 01:06:35,120 [pool-210-thread-1] INFO  server.RaftServerConfigKeys (ConfUtils.java:logGet(46)) - raft.server.log.force.sync.num = 128 (default)
2022-10-30 01:06:35,120 [pool-210-thread-1] INFO  server.RaftServerConfigKeys (ConfUtils.java:logGet(46)) - raft.server.log.statemachine.data.sync = true (default)
2022-10-30 01:06:35,120 [pool-210-thread-1] INFO  server.RaftServerConfigKeys (ConfUtils.java:logGet(46)) - raft.server.log.statemachine.data.sync.timeout = 10s (default)
2022-10-30 01:06:35,120 [pool-210-thread-1] INFO  server.RaftServerConfigKeys (ConfUtils.java:logGet(46)) - raft.server.log.statemachine.data.sync.timeout.retry = -1 (default)
2022-10-30 01:06:35,120 [pool-210-thread-1] INFO  server.RaftServerConfigKeys (ConfUtils.java:logGet(46)) - raft.server.log.write.buffer.size = 1048576 (custom)
2022-10-30 01:06:35,121 [pool-210-thread-1] INFO  server.RaftServerConfigKeys (ConfUtils.java:logGet(46)) - raft.server.log.unsafe-flush.enabled = false (default)
2022-10-30 01:06:35,121 [pool-210-thread-1] INFO  server.RaftServerConfigKeys (ConfUtils.java:logGet(46)) - raft.server.log.async-flush.enabled = false (default)
2022-10-30 01:06:35,121 [pool-210-thread-1] INFO  server.RaftServerConfigKeys (ConfUtils.java:logGet(46)) - raft.server.log.statemachine.data.caching.enabled = true (custom)
2022-10-30 01:06:35,121 [pool-210-thread-1] INFO  segmented.SegmentedRaftLogWorker (SegmentedRaftLogWorker.java:lambda$new$0(136)) - 758ec025-fe09-4bac-8062-a2014e5c8846@group-93EB23A6C8F4-SegmentedRaftLogWorker: flushIndex: setUnconditionally 0 -> -1
2022-10-30 01:06:35,121 [pool-210-thread-1] INFO  segmented.SegmentedRaftLogWorker (SegmentedRaftLogWorker.java:lambda$new$0(136)) - 758ec025-fe09-4bac-8062-a2014e5c8846@group-93EB23A6C8F4-SegmentedRaftLogWorker: safeCacheEvictIndex: setUnconditionally 0 -> -1
2022-10-30 01:06:35,121 [pool-210-thread-1] INFO  server.RaftServer$Division (RaftServerImpl.java:start(334)) - 758ec025-fe09-4bac-8062-a2014e5c8846@group-93EB23A6C8F4: start as a follower, conf=-1: peers:[96632972-14e0-44d5-b3f2-8f1b1022e85f|rpc:10.1.0.11:41713|priority:1|startupRole:FOLLOWER, 42907c57-00bf-47e8-816a-b6f44f3b50df|rpc:10.1.0.11:43117|priority:0|startupRole:FOLLOWER, 758ec025-fe09-4bac-8062-a2014e5c8846|rpc:10.1.0.11:46773|priority:0|startupRole:FOLLOWER]|listeners:[], old=null
2022-10-30 01:06:35,122 [pool-210-thread-1] INFO  server.RaftServer$Division (RaftServerImpl.java:setRole(321)) - 758ec025-fe09-4bac-8062-a2014e5c8846@group-93EB23A6C8F4: changes role from      null to FOLLOWER at term 0 for startAsFollower
2022-10-30 01:06:35,122 [pool-210-thread-1] INFO  impl.RoleInfo (RoleInfo.java:updateAndGet(139)) - 758ec025-fe09-4bac-8062-a2014e5c8846: start 758ec025-fe09-4bac-8062-a2014e5c8846@group-93EB23A6C8F4-FollowerState
2022-10-30 01:06:35,122 [pool-210-thread-1] INFO  util.JmxRegister (JmxRegister.java:tryRegister(44)) - Successfully registered JMX Bean with object name Ratis:service=RaftServer,group=group-93EB23A6C8F4,id=758ec025-fe09-4bac-8062-a2014e5c8846
2022-10-30 01:06:35,122 [pool-210-thread-1] INFO  server.RaftServerConfigKeys (ConfUtils.java:logGet(46)) - raft.server.snapshot.auto.trigger.enabled = true (custom)
2022-10-30 01:06:35,122 [pool-210-thread-1] INFO  server.RaftServerConfigKeys (ConfUtils.java:logGet(46)) - raft.server.snapshot.auto.trigger.threshold = 10000 (custom)
2022-10-30 01:06:35,122 [pool-210-thread-1] INFO  server.RaftServerConfigKeys (ConfUtils.java:logGet(46)) - raft.server.snapshot.retention.file.num = 5 (custom)
2022-10-30 01:06:35,122 [pool-210-thread-1] INFO  server.RaftServerConfigKeys (ConfUtils.java:logGet(46)) - raft.server.log.purge.upto.snapshot.index = false (default)
2022-10-30 01:06:35,123 [758ec025-fe09-4bac-8062-a2014e5c8846@group-93EB23A6C8F4-FollowerState] INFO  server.RaftServerConfigKeys (ConfUtils.java:logFallback(53)) - raft.server.rpc.first-election.timeout.min = 5s (fallback to raft.server.rpc.timeout.min)
2022-10-30 01:06:35,123 [758ec025-fe09-4bac-8062-a2014e5c8846@group-93EB23A6C8F4-FollowerState] INFO  server.RaftServerConfigKeys (ConfUtils.java:logFallback(53)) - raft.server.rpc.first-election.timeout.max = 5200ms (fallback to raft.server.rpc.timeout.max)
2022-10-30 01:06:35,124 [Command processor thread] INFO  ratis.XceiverServerRatis (XceiverServerRatis.java:addGroup(765)) - Created group PipelineID=3132103f-68a2-45c8-9404-93eb23a6c8f4
2022-10-30 01:06:35,143 [grpc-default-executor-0] INFO  server.RaftServer (RaftServerProxy.java:addNew(96)) - 42907c57-00bf-47e8-816a-b6f44f3b50df: addNew group-93EB23A6C8F4:[96632972-14e0-44d5-b3f2-8f1b1022e85f|rpc:10.1.0.11:41713|dataStream:|priority:1|startupRole:FOLLOWER, 42907c57-00bf-47e8-816a-b6f44f3b50df|rpc:10.1.0.11:43117|dataStream:|priority:0|startupRole:FOLLOWER, 758ec025-fe09-4bac-8062-a2014e5c8846|rpc:10.1.0.11:46773|dataStream:|priority:0|startupRole:FOLLOWER] returns group-93EB23A6C8F4:java.util.concurrent.CompletableFuture@591a18f7[Not completed]
2022-10-30 01:06:35,144 [pool-237-thread-1] INFO  server.RaftServer$Division (RaftServerImpl.java:<init>(195)) - 42907c57-00bf-47e8-816a-b6f44f3b50df: new RaftServerImpl for group-93EB23A6C8F4:[96632972-14e0-44d5-b3f2-8f1b1022e85f|rpc:10.1.0.11:41713|dataStream:|priority:1|startupRole:FOLLOWER, 42907c57-00bf-47e8-816a-b6f44f3b50df|rpc:10.1.0.11:43117|dataStream:|priority:0|startupRole:FOLLOWER, 758ec025-fe09-4bac-8062-a2014e5c8846|rpc:10.1.0.11:46773|dataStream:|priority:0|startupRole:FOLLOWER] with ContainerStateMachine:uninitialized
2022-10-30 01:06:35,144 [pool-237-thread-1] INFO  server.RaftServerConfigKeys (ConfUtils.java:logGet(46)) - raft.server.rpc.timeout.min = 5s (custom)
2022-10-30 01:06:35,144 [pool-237-thread-1] INFO  server.RaftServerConfigKeys (ConfUtils.java:logGet(46)) - raft.server.rpc.timeout.max = 5200ms (custom)
2022-10-30 01:06:35,144 [pool-237-thread-1] INFO  server.RaftServerConfigKeys (ConfUtils.java:logGet(46)) - raft.server.rpc.sleep.time = 25ms (default)
2022-10-30 01:06:35,144 [pool-237-thread-1] INFO  server.RaftServerConfigKeys (ConfUtils.java:logGet(46)) - raft.server.rpc.slowness.timeout = 300s (custom)
2022-10-30 01:06:35,144 [pool-237-thread-1] INFO  server.RaftServerConfigKeys (ConfUtils.java:logGet(46)) - raft.server.leaderelection.leader.step-down.wait-time = 10s (default)
2022-10-30 01:06:35,144 [pool-237-thread-1] INFO  server.RaftServerConfigKeys (ConfUtils.java:logGet(46)) - raft.server.sleep.deviation.threshold = 300ms (default)
2022-10-30 01:06:35,145 [pool-237-thread-1] INFO  server.RaftServer$Division (ServerState.java:<init>(118)) - 42907c57-00bf-47e8-816a-b6f44f3b50df@group-93EB23A6C8F4: ConfigurationManager, init=-1: peers:[96632972-14e0-44d5-b3f2-8f1b1022e85f|rpc:10.1.0.11:41713|dataStream:|priority:1|startupRole:FOLLOWER, 42907c57-00bf-47e8-816a-b6f44f3b50df|rpc:10.1.0.11:43117|dataStream:|priority:0|startupRole:FOLLOWER, 758ec025-fe09-4bac-8062-a2014e5c8846|rpc:10.1.0.11:46773|dataStream:|priority:0|startupRole:FOLLOWER]|listeners:[], old=null, confs=<EMPTY_MAP>
2022-10-30 01:06:35,145 [pool-237-thread-1] INFO  server.RaftServerConfigKeys (ConfUtils.java:logGet(46)) - raft.server.storage.dir = [/home/runner/work/ozone/ozone/hadoop-ozone/integration-test/target/test-dir/MiniOzoneClusterImpl-d77d6c10-3d51-4ae5-b04b-b5f3d2f20a3f/datanode-7/data/ratis] (custom)
2022-10-30 01:06:35,145 [pool-237-thread-1] INFO  server.RaftServerConfigKeys (ConfUtils.java:logGet(46)) - raft.server.log.corruption.policy = EXCEPTION (default)
2022-10-30 01:06:35,145 [pool-237-thread-1] INFO  server.RaftServerConfigKeys (ConfUtils.java:logGet(46)) - raft.server.storage.free-space.min = 0MB (=0) (default)
2022-10-30 01:06:35,145 [pool-237-thread-1] INFO  server.RaftServerConfigKeys (ConfUtils.java:logGet(46)) - raft.server.notification.no-leader.timeout = 300s (custom)
2022-10-30 01:06:35,145 [pool-237-thread-1] INFO  server.RaftServerConfigKeys (ConfUtils.java:logGet(46)) - raft.server.retrycache.expirytime = 600000ms (custom)
2022-10-30 01:06:35,145 [pool-237-thread-1] INFO  server.RaftServerConfigKeys (ConfUtils.java:logGet(46)) - raft.server.retrycache.statistics.expirytime = 100μs (default)
2022-10-30 01:06:35,147 [pool-237-thread-1] INFO  server.RaftServerConfigKeys (ConfUtils.java:logGet(46)) - raft.server.log.appender.install.snapshot.enabled = false (custom)
2022-10-30 01:06:35,147 [pool-237-thread-1] INFO  server.RaftServerConfigKeys (ConfUtils.java:logGet(46)) - raft.server.threadpool.server.cached = true (default)
2022-10-30 01:06:35,147 [pool-237-thread-1] INFO  server.RaftServerConfigKeys (ConfUtils.java:logGet(46)) - raft.server.threadpool.server.size = 0 (default)
2022-10-30 01:06:35,147 [pool-237-thread-1] INFO  server.RaftServerConfigKeys (ConfUtils.java:logGet(46)) - raft.server.threadpool.client.cached = true (default)
2022-10-30 01:06:35,147 [pool-237-thread-1] INFO  server.RaftServerConfigKeys (ConfUtils.java:logGet(46)) - raft.server.threadpool.client.size = 0 (default)
2022-10-30 01:06:35,147 [pool-237-thread-1] INFO  storage.RaftStorageDirectory (RaftStorageDirectoryImpl.java:analyzeStorage(137)) - The storage directory /home/runner/work/ozone/ozone/hadoop-ozone/integration-test/target/test-dir/MiniOzoneClusterImpl-d77d6c10-3d51-4ae5-b04b-b5f3d2f20a3f/datanode-7/data/ratis/3132103f-68a2-45c8-9404-93eb23a6c8f4 does not exist. Creating ...
2022-10-30 01:06:35,148 [pool-237-thread-1] INFO  storage.RaftStorageDirectory (RaftStorageDirectoryImpl.java:tryLock(231)) - Lock on /home/runner/work/ozone/ozone/hadoop-ozone/integration-test/target/test-dir/MiniOzoneClusterImpl-d77d6c10-3d51-4ae5-b04b-b5f3d2f20a3f/datanode-7/data/ratis/3132103f-68a2-45c8-9404-93eb23a6c8f4/in_use.lock acquired by nodename 13950@fv-az99-422
2022-10-30 01:06:35,149 [pool-237-thread-1] INFO  storage.RaftStorage (RaftStorageImpl.java:format(96)) - Storage directory /home/runner/work/ozone/ozone/hadoop-ozone/integration-test/target/test-dir/MiniOzoneClusterImpl-d77d6c10-3d51-4ae5-b04b-b5f3d2f20a3f/datanode-7/data/ratis/3132103f-68a2-45c8-9404-93eb23a6c8f4 has been successfully formatted.
2022-10-30 01:06:35,150 [pool-237-thread-1] INFO  ratis.ContainerStateMachine (ContainerStateMachine.java:loadSnapshot(236)) - group-93EB23A6C8F4: The snapshot info is null. Setting the last applied indexto:(t:0, i:~)
2022-10-30 01:06:35,150 [pool-237-thread-1] INFO  server.RaftServerConfigKeys (ConfUtils.java:logGet(46)) - raft.server.log.use.memory = false (default)
2022-10-30 01:06:35,150 [pool-237-thread-1] INFO  server.RaftServerConfigKeys (ConfUtils.java:logGet(46)) - raft.server.log.purge.gap = 1000000 (custom)
2022-10-30 01:06:35,150 [pool-237-thread-1] INFO  server.RaftServerConfigKeys (ConfUtils.java:logGet(46)) - raft.server.log.appender.buffer.byte-limit = 33554432 (custom)
2022-10-30 01:06:35,151 [pool-237-thread-1] INFO  server.RaftServerConfigKeys (ConfUtils.java:logGet(46)) - raft.server.log.statemachine.data.read.timeout = 1000ms (default)
2022-10-30 01:06:35,151 [pool-237-thread-1] INFO  server.RaftServerConfigKeys (ConfUtils.java:logGet(46)) - raft.server.log.purge.preservation.log.num = 0 (default)
2022-10-30 01:06:35,152 [pool-237-thread-1] INFO  server.RaftServerConfigKeys (ConfUtils.java:logGet(46)) - raft.server.log.segment.size.max = 1048576 (custom)
2022-10-30 01:06:35,152 [pool-237-thread-1] INFO  server.RaftServerConfigKeys (ConfUtils.java:logGet(46)) - raft.server.log.segment.cache.num.max = 2 (custom)
2022-10-30 01:06:35,153 [pool-237-thread-1] INFO  server.RaftServerConfigKeys (ConfUtils.java:logGet(46)) - raft.server.log.segment.cache.size.max = 200MB (=209715200) (default)
2022-10-30 01:06:35,155 [pool-237-thread-1] INFO  segmented.SegmentedRaftLogWorker (SegmentedRaftLogWorker.java:<init>(191)) - new 42907c57-00bf-47e8-816a-b6f44f3b50df@group-93EB23A6C8F4-SegmentedRaftLogWorker for RaftStorageImpl:Storage Directory /home/runner/work/ozone/ozone/hadoop-ozone/integration-test/target/test-dir/MiniOzoneClusterImpl-d77d6c10-3d51-4ae5-b04b-b5f3d2f20a3f/datanode-7/data/ratis/3132103f-68a2-45c8-9404-93eb23a6c8f4
2022-10-30 01:06:35,155 [pool-237-thread-1] INFO  server.RaftServerConfigKeys (ConfUtils.java:logGet(46)) - raft.server.log.queue.byte-limit = 4294967296 (custom)
2022-10-30 01:06:35,155 [pool-237-thread-1] INFO  server.RaftServerConfigKeys (ConfUtils.java:logGet(46)) - raft.server.log.queue.element-limit = 1024 (custom)
2022-10-30 01:06:35,155 [pool-237-thread-1] INFO  server.RaftServerConfigKeys (ConfUtils.java:logGet(46)) - raft.server.log.segment.size.max = 1048576 (custom)
2022-10-30 01:06:35,155 [pool-237-thread-1] INFO  server.RaftServerConfigKeys (ConfUtils.java:logGet(46)) - raft.server.log.preallocated.size = 16384 (custom)
2022-10-30 01:06:35,155 [pool-237-thread-1] INFO  server.RaftServerConfigKeys (ConfUtils.java:logGet(46)) - raft.server.log.force.sync.num = 128 (default)
2022-10-30 01:06:35,155 [pool-237-thread-1] INFO  server.RaftServerConfigKeys (ConfUtils.java:logGet(46)) - raft.server.log.statemachine.data.sync = true (default)
2022-10-30 01:06:35,155 [pool-237-thread-1] INFO  server.RaftServerConfigKeys (ConfUtils.java:logGet(46)) - raft.server.log.statemachine.data.sync.timeout = 10s (default)
2022-10-30 01:06:35,156 [pool-237-thread-1] INFO  server.RaftServerConfigKeys (ConfUtils.java:logGet(46)) - raft.server.log.statemachine.data.sync.timeout.retry = -1 (default)
2022-10-30 01:06:35,156 [pool-237-thread-1] INFO  server.RaftServerConfigKeys (ConfUtils.java:logGet(46)) - raft.server.log.write.buffer.size = 1048576 (custom)
2022-10-30 01:06:35,157 [pool-237-thread-1] INFO  server.RaftServerConfigKeys (ConfUtils.java:logGet(46)) - raft.server.log.unsafe-flush.enabled = false (default)
2022-10-30 01:06:35,157 [pool-237-thread-1] INFO  server.RaftServerConfigKeys (ConfUtils.java:logGet(46)) - raft.server.log.async-flush.enabled = false (default)
2022-10-30 01:06:35,157 [pool-237-thread-1] INFO  server.RaftServerConfigKeys (ConfUtils.java:logGet(46)) - raft.server.log.statemachine.data.caching.enabled = true (custom)
2022-10-30 01:06:35,157 [pool-237-thread-1] INFO  segmented.SegmentedRaftLogWorker (SegmentedRaftLogWorker.java:lambda$new$0(136)) - 42907c57-00bf-47e8-816a-b6f44f3b50df@group-93EB23A6C8F4-SegmentedRaftLogWorker: flushIndex: setUnconditionally 0 -> -1
2022-10-30 01:06:35,157 [pool-237-thread-1] INFO  segmented.SegmentedRaftLogWorker (SegmentedRaftLogWorker.java:lambda$new$0(136)) - 42907c57-00bf-47e8-816a-b6f44f3b50df@group-93EB23A6C8F4-SegmentedRaftLogWorker: safeCacheEvictIndex: setUnconditionally 0 -> -1
2022-10-30 01:06:35,162 [pool-237-thread-1] INFO  server.RaftServer$Division (RaftServerImpl.java:start(334)) - 42907c57-00bf-47e8-816a-b6f44f3b50df@group-93EB23A6C8F4: start as a follower, conf=-1: peers:[96632972-14e0-44d5-b3f2-8f1b1022e85f|rpc:10.1.0.11:41713|dataStream:|priority:1|startupRole:FOLLOWER, 42907c57-00bf-47e8-816a-b6f44f3b50df|rpc:10.1.0.11:43117|dataStream:|priority:0|startupRole:FOLLOWER, 758ec025-fe09-4bac-8062-a2014e5c8846|rpc:10.1.0.11:46773|dataStream:|priority:0|startupRole:FOLLOWER]|listeners:[], old=null
2022-10-30 01:06:35,162 [pool-237-thread-1] INFO  server.RaftServer$Division (RaftServerImpl.java:setRole(321)) - 42907c57-00bf-47e8-816a-b6f44f3b50df@group-93EB23A6C8F4: changes role from      null to FOLLOWER at term 0 for startAsFollower
2022-10-30 01:06:35,162 [pool-237-thread-1] INFO  impl.RoleInfo (RoleInfo.java:updateAndGet(139)) - 42907c57-00bf-47e8-816a-b6f44f3b50df: start 42907c57-00bf-47e8-816a-b6f44f3b50df@group-93EB23A6C8F4-FollowerState
2022-10-30 01:06:35,162 [pool-237-thread-1] INFO  util.JmxRegister (JmxRegister.java:tryRegister(44)) - Successfully registered JMX Bean with object name Ratis:service=RaftServer,group=group-93EB23A6C8F4,id=42907c57-00bf-47e8-816a-b6f44f3b50df
2022-10-30 01:06:35,162 [pool-237-thread-1] INFO  server.RaftServerConfigKeys (ConfUtils.java:logGet(46)) - raft.server.snapshot.auto.trigger.enabled = true (custom)
2022-10-30 01:06:35,162 [pool-237-thread-1] INFO  server.RaftServerConfigKeys (ConfUtils.java:logGet(46)) - raft.server.snapshot.auto.trigger.threshold = 10000 (custom)
2022-10-30 01:06:35,162 [pool-237-thread-1] INFO  server.RaftServerConfigKeys (ConfUtils.java:logGet(46)) - raft.server.snapshot.retention.file.num = 5 (custom)
2022-10-30 01:06:35,162 [pool-237-thread-1] INFO  server.RaftServerConfigKeys (ConfUtils.java:logGet(46)) - raft.server.log.purge.upto.snapshot.index = false (default)
2022-10-30 01:06:35,163 [42907c57-00bf-47e8-816a-b6f44f3b50df@group-93EB23A6C8F4-FollowerState] INFO  server.RaftServerConfigKeys (ConfUtils.java:logFallback(53)) - raft.server.rpc.first-election.timeout.min = 5s (fallback to raft.server.rpc.timeout.min)
2022-10-30 01:06:35,164 [42907c57-00bf-47e8-816a-b6f44f3b50df@group-93EB23A6C8F4-FollowerState] INFO  server.RaftServerConfigKeys (ConfUtils.java:logFallback(53)) - raft.server.rpc.first-election.timeout.max = 5200ms (fallback to raft.server.rpc.timeout.max)
2022-10-30 01:06:35,184 [grpc-default-executor-0] INFO  server.RaftServer (RaftServerProxy.java:addNew(96)) - 96632972-14e0-44d5-b3f2-8f1b1022e85f: addNew group-93EB23A6C8F4:[96632972-14e0-44d5-b3f2-8f1b1022e85f|rpc:10.1.0.11:41713|dataStream:|priority:1|startupRole:FOLLOWER, 42907c57-00bf-47e8-816a-b6f44f3b50df|rpc:10.1.0.11:43117|dataStream:|priority:0|startupRole:FOLLOWER, 758ec025-fe09-4bac-8062-a2014e5c8846|rpc:10.1.0.11:46773|dataStream:|priority:0|startupRole:FOLLOWER] returns group-93EB23A6C8F4:java.util.concurrent.CompletableFuture@5eb2c5fe[Not completed]
2022-10-30 01:06:35,185 [pool-264-thread-1] INFO  server.RaftServer$Division (RaftServerImpl.java:<init>(195)) - 96632972-14e0-44d5-b3f2-8f1b1022e85f: new RaftServerImpl for group-93EB23A6C8F4:[96632972-14e0-44d5-b3f2-8f1b1022e85f|rpc:10.1.0.11:41713|dataStream:|priority:1|startupRole:FOLLOWER, 42907c57-00bf-47e8-816a-b6f44f3b50df|rpc:10.1.0.11:43117|dataStream:|priority:0|startupRole:FOLLOWER, 758ec025-fe09-4bac-8062-a2014e5c8846|rpc:10.1.0.11:46773|dataStream:|priority:0|startupRole:FOLLOWER] with ContainerStateMachine:uninitialized
2022-10-30 01:06:35,185 [pool-264-thread-1] INFO  server.RaftServerConfigKeys (ConfUtils.java:logGet(46)) - raft.server.rpc.timeout.min = 5s (custom)
2022-10-30 01:06:35,185 [pool-264-thread-1] INFO  server.RaftServerConfigKeys (ConfUtils.java:logGet(46)) - raft.server.rpc.timeout.max = 5200ms (custom)
2022-10-30 01:06:35,185 [pool-264-thread-1] INFO  server.RaftServerConfigKeys (ConfUtils.java:logGet(46)) - raft.server.rpc.sleep.time = 25ms (default)
2022-10-30 01:06:35,185 [pool-264-thread-1] INFO  server.RaftServerConfigKeys (ConfUtils.java:logGet(46)) - raft.server.rpc.slowness.timeout = 300s (custom)
2022-10-30 01:06:35,185 [pool-264-thread-1] INFO  server.RaftServerConfigKeys (ConfUtils.java:logGet(46)) - raft.server.leaderelection.leader.step-down.wait-time = 10s (default)
2022-10-30 01:06:35,185 [pool-264-thread-1] INFO  server.RaftServerConfigKeys (ConfUtils.java:logGet(46)) - raft.server.sleep.deviation.threshold = 300ms (default)
2022-10-30 01:06:35,185 [pool-264-thread-1] INFO  server.RaftServer$Division (ServerState.java:<init>(118)) - 96632972-14e0-44d5-b3f2-8f1b1022e85f@group-93EB23A6C8F4: ConfigurationManager, init=-1: peers:[96632972-14e0-44d5-b3f2-8f1b1022e85f|rpc:10.1.0.11:41713|dataStream:|priority:1|startupRole:FOLLOWER, 42907c57-00bf-47e8-816a-b6f44f3b50df|rpc:10.1.0.11:43117|dataStream:|priority:0|startupRole:FOLLOWER, 758ec025-fe09-4bac-8062-a2014e5c8846|rpc:10.1.0.11:46773|dataStream:|priority:0|startupRole:FOLLOWER]|listeners:[], old=null, confs=<EMPTY_MAP>
2022-10-30 01:06:35,185 [pool-264-thread-1] INFO  server.RaftServerConfigKeys (ConfUtils.java:logGet(46)) - raft.server.storage.dir = [/home/runner/work/ozone/ozone/hadoop-ozone/integration-test/target/test-dir/MiniOzoneClusterImpl-d77d6c10-3d51-4ae5-b04b-b5f3d2f20a3f/datanode-8/data/ratis] (custom)
2022-10-30 01:06:35,185 [pool-264-thread-1] INFO  server.RaftServerConfigKeys (ConfUtils.java:logGet(46)) - raft.server.log.corruption.policy = EXCEPTION (default)
2022-10-30 01:06:35,185 [pool-264-thread-1] INFO  server.RaftServerConfigKeys (ConfUtils.java:logGet(46)) - raft.server.storage.free-space.min = 0MB (=0) (default)
2022-10-30 01:06:35,185 [pool-264-thread-1] INFO  server.RaftServerConfigKeys (ConfUtils.java:logGet(46)) - raft.server.notification.no-leader.timeout = 300s (custom)
2022-10-30 01:06:35,185 [pool-264-thread-1] INFO  server.RaftServerConfigKeys (ConfUtils.java:logGet(46)) - raft.server.retrycache.expirytime = 600000ms (custom)
2022-10-30 01:06:35,185 [pool-264-thread-1] INFO  server.RaftServerConfigKeys (ConfUtils.java:logGet(46)) - raft.server.retrycache.statistics.expirytime = 100μs (default)
2022-10-30 01:06:35,190 [pool-264-thread-1] INFO  server.RaftServerConfigKeys (ConfUtils.java:logGet(46)) - raft.server.log.appender.install.snapshot.enabled = false (custom)
2022-10-30 01:06:35,191 [pool-264-thread-1] INFO  server.RaftServerConfigKeys (ConfUtils.java:logGet(46)) - raft.server.threadpool.server.cached = true (default)
2022-10-30 01:06:35,191 [pool-264-thread-1] INFO  server.RaftServerConfigKeys (ConfUtils.java:logGet(46)) - raft.server.threadpool.server.size = 0 (default)
2022-10-30 01:06:35,191 [pool-264-thread-1] INFO  server.RaftServerConfigKeys (ConfUtils.java:logGet(46)) - raft.server.threadpool.client.cached = true (default)
2022-10-30 01:06:35,191 [pool-264-thread-1] INFO  server.RaftServerConfigKeys (ConfUtils.java:logGet(46)) - raft.server.threadpool.client.size = 0 (default)
2022-10-30 01:06:35,191 [pool-264-thread-1] INFO  storage.RaftStorageDirectory (RaftStorageDirectoryImpl.java:analyzeStorage(137)) - The storage directory /home/runner/work/ozone/ozone/hadoop-ozone/integration-test/target/test-dir/MiniOzoneClusterImpl-d77d6c10-3d51-4ae5-b04b-b5f3d2f20a3f/datanode-8/data/ratis/3132103f-68a2-45c8-9404-93eb23a6c8f4 does not exist. Creating ...
2022-10-30 01:06:35,193 [pool-264-thread-1] INFO  storage.RaftStorageDirectory (RaftStorageDirectoryImpl.java:tryLock(231)) - Lock on /home/runner/work/ozone/ozone/hadoop-ozone/integration-test/target/test-dir/MiniOzoneClusterImpl-d77d6c10-3d51-4ae5-b04b-b5f3d2f20a3f/datanode-8/data/ratis/3132103f-68a2-45c8-9404-93eb23a6c8f4/in_use.lock acquired by nodename 13950@fv-az99-422
2022-10-30 01:06:35,194 [pool-264-thread-1] INFO  storage.RaftStorage (RaftStorageImpl.java:format(96)) - Storage directory /home/runner/work/ozone/ozone/hadoop-ozone/integration-test/target/test-dir/MiniOzoneClusterImpl-d77d6c10-3d51-4ae5-b04b-b5f3d2f20a3f/datanode-8/data/ratis/3132103f-68a2-45c8-9404-93eb23a6c8f4 has been successfully formatted.
2022-10-30 01:06:35,195 [pool-264-thread-1] INFO  ratis.ContainerStateMachine (ContainerStateMachine.java:loadSnapshot(236)) - group-93EB23A6C8F4: The snapshot info is null. Setting the last applied indexto:(t:0, i:~)
2022-10-30 01:06:35,195 [pool-264-thread-1] INFO  server.RaftServerConfigKeys (ConfUtils.java:logGet(46)) - raft.server.log.use.memory = false (default)
2022-10-30 01:06:35,196 [pool-264-thread-1] INFO  server.RaftServerConfigKeys (ConfUtils.java:logGet(46)) - raft.server.log.purge.gap = 1000000 (custom)
2022-10-30 01:06:35,196 [pool-264-thread-1] INFO  server.RaftServerConfigKeys (ConfUtils.java:logGet(46)) - raft.server.log.appender.buffer.byte-limit = 33554432 (custom)
2022-10-30 01:06:35,196 [pool-264-thread-1] INFO  server.RaftServerConfigKeys (ConfUtils.java:logGet(46)) - raft.server.log.statemachine.data.read.timeout = 1000ms (default)
2022-10-30 01:06:35,196 [pool-264-thread-1] INFO  server.RaftServerConfigKeys (ConfUtils.java:logGet(46)) - raft.server.log.purge.preservation.log.num = 0 (default)
2022-10-30 01:06:35,196 [pool-264-thread-1] INFO  server.RaftServerConfigKeys (ConfUtils.java:logGet(46)) - raft.server.log.segment.size.max = 1048576 (custom)
2022-10-30 01:06:35,196 [pool-264-thread-1] INFO  server.RaftServerConfigKeys (ConfUtils.java:logGet(46)) - raft.server.log.segment.cache.num.max = 2 (custom)
2022-10-30 01:06:35,197 [pool-264-thread-1] INFO  server.RaftServerConfigKeys (ConfUtils.java:logGet(46)) - raft.server.log.segment.cache.size.max = 200MB (=209715200) (default)
2022-10-30 01:06:35,197 [pool-264-thread-1] INFO  segmented.SegmentedRaftLogWorker (SegmentedRaftLogWorker.java:<init>(191)) - new 96632972-14e0-44d5-b3f2-8f1b1022e85f@group-93EB23A6C8F4-SegmentedRaftLogWorker for RaftStorageImpl:Storage Directory /home/runner/work/ozone/ozone/hadoop-ozone/integration-test/target/test-dir/MiniOzoneClusterImpl-d77d6c10-3d51-4ae5-b04b-b5f3d2f20a3f/datanode-8/data/ratis/3132103f-68a2-45c8-9404-93eb23a6c8f4
2022-10-30 01:06:35,197 [pool-264-thread-1] INFO  server.RaftServerConfigKeys (ConfUtils.java:logGet(46)) - raft.server.log.queue.byte-limit = 4294967296 (custom)
2022-10-30 01:06:35,197 [pool-264-thread-1] INFO  server.RaftServerConfigKeys (ConfUtils.java:logGet(46)) - raft.server.log.queue.element-limit = 1024 (custom)
2022-10-30 01:06:35,197 [pool-264-thread-1] INFO  server.RaftServerConfigKeys (ConfUtils.java:logGet(46)) - raft.server.log.segment.size.max = 1048576 (custom)
2022-10-30 01:06:35,197 [pool-264-thread-1] INFO  server.RaftServerConfigKeys (ConfUtils.java:logGet(46)) - raft.server.log.preallocated.size = 16384 (custom)
2022-10-30 01:06:35,197 [pool-264-thread-1] INFO  server.RaftServerConfigKeys (ConfUtils.java:logGet(46)) - raft.server.log.force.sync.num = 128 (default)
2022-10-30 01:06:35,197 [pool-264-thread-1] INFO  server.RaftServerConfigKeys (ConfUtils.java:logGet(46)) - raft.server.log.statemachine.data.sync = true (default)
2022-10-30 01:06:35,197 [pool-264-thread-1] INFO  server.RaftServerConfigKeys (ConfUtils.java:logGet(46)) - raft.server.log.statemachine.data.sync.timeout = 10s (default)
2022-10-30 01:06:35,198 [Listener at 127.0.0.1/42013] INFO  ozone.MiniOzoneClusterImpl (MiniOzoneClusterImpl.java:lambda$waitForClusterToBeReady$0(216)) - Nodes are ready. Got 10 of 10 DN Heartbeats.
2022-10-30 01:06:35,203 [Listener at 127.0.0.1/42013] INFO  ozone.MiniOzoneClusterImpl (MiniOzoneClusterImpl.java:lambda$waitForClusterToBeReady$0(219)) - Waiting for cluster to exit safe mode
2022-10-30 01:06:35,203 [Listener at 127.0.0.1/42013] INFO  ozone.MiniOzoneClusterImpl (MiniOzoneClusterImpl.java:lambda$waitForClusterToBeReady$0(221)) - SCM became leader
2022-10-30 01:06:35,203 [pool-264-thread-1] INFO  server.RaftServerConfigKeys (ConfUtils.java:logGet(46)) - raft.server.log.statemachine.data.sync.timeout.retry = -1 (default)
2022-10-30 01:06:35,203 [pool-264-thread-1] INFO  server.RaftServerConfigKeys (ConfUtils.java:logGet(46)) - raft.server.log.write.buffer.size = 1048576 (custom)
2022-10-30 01:06:35,204 [pool-264-thread-1] INFO  server.RaftServerConfigKeys (ConfUtils.java:logGet(46)) - raft.server.log.unsafe-flush.enabled = false (default)
2022-10-30 01:06:35,204 [pool-264-thread-1] INFO  server.RaftServerConfigKeys (ConfUtils.java:logGet(46)) - raft.server.log.async-flush.enabled = false (default)
2022-10-30 01:06:35,204 [pool-264-thread-1] INFO  server.RaftServerConfigKeys (ConfUtils.java:logGet(46)) - raft.server.log.statemachine.data.caching.enabled = true (custom)
2022-10-30 01:06:35,204 [pool-264-thread-1] INFO  segmented.SegmentedRaftLogWorker (SegmentedRaftLogWorker.java:lambda$new$0(136)) - 96632972-14e0-44d5-b3f2-8f1b1022e85f@group-93EB23A6C8F4-SegmentedRaftLogWorker: flushIndex: setUnconditionally 0 -> -1
2022-10-30 01:06:35,204 [pool-264-thread-1] INFO  segmented.SegmentedRaftLogWorker (SegmentedRaftLogWorker.java:lambda$new$0(136)) - 96632972-14e0-44d5-b3f2-8f1b1022e85f@group-93EB23A6C8F4-SegmentedRaftLogWorker: safeCacheEvictIndex: setUnconditionally 0 -> -1
2022-10-30 01:06:35,210 [pool-264-thread-1] INFO  server.RaftServer$Division (RaftServerImpl.java:start(334)) - 96632972-14e0-44d5-b3f2-8f1b1022e85f@group-93EB23A6C8F4: start as a follower, conf=-1: peers:[96632972-14e0-44d5-b3f2-8f1b1022e85f|rpc:10.1.0.11:41713|dataStream:|priority:1|startupRole:FOLLOWER, 42907c57-00bf-47e8-816a-b6f44f3b50df|rpc:10.1.0.11:43117|dataStream:|priority:0|startupRole:FOLLOWER, 758ec025-fe09-4bac-8062-a2014e5c8846|rpc:10.1.0.11:46773|dataStream:|priority:0|startupRole:FOLLOWER]|listeners:[], old=null
2022-10-30 01:06:35,210 [pool-264-thread-1] INFO  server.RaftServer$Division (RaftServerImpl.java:setRole(321)) - 96632972-14e0-44d5-b3f2-8f1b1022e85f@group-93EB23A6C8F4: changes role from      null to FOLLOWER at term 0 for startAsFollower
2022-10-30 01:06:35,210 [pool-264-thread-1] INFO  impl.RoleInfo (RoleInfo.java:updateAndGet(139)) - 96632972-14e0-44d5-b3f2-8f1b1022e85f: start 96632972-14e0-44d5-b3f2-8f1b1022e85f@group-93EB23A6C8F4-FollowerState
2022-10-30 01:06:35,210 [pool-264-thread-1] INFO  util.JmxRegister (JmxRegister.java:tryRegister(44)) - Successfully registered JMX Bean with object name Ratis:service=RaftServer,group=group-93EB23A6C8F4,id=96632972-14e0-44d5-b3f2-8f1b1022e85f
2022-10-30 01:06:35,210 [pool-264-thread-1] INFO  server.RaftServerConfigKeys (ConfUtils.java:logGet(46)) - raft.server.snapshot.auto.trigger.enabled = true (custom)
2022-10-30 01:06:35,211 [pool-264-thread-1] INFO  server.RaftServerConfigKeys (ConfUtils.java:logGet(46)) - raft.server.snapshot.auto.trigger.threshold = 10000 (custom)
2022-10-30 01:06:35,211 [pool-264-thread-1] INFO  server.RaftServerConfigKeys (ConfUtils.java:logGet(46)) - raft.server.snapshot.retention.file.num = 5 (custom)
2022-10-30 01:06:35,211 [pool-264-thread-1] INFO  server.RaftServerConfigKeys (ConfUtils.java:logGet(46)) - raft.server.log.purge.upto.snapshot.index = false (default)
2022-10-30 01:06:35,212 [96632972-14e0-44d5-b3f2-8f1b1022e85f@group-93EB23A6C8F4-FollowerState] INFO  server.RaftServerConfigKeys (ConfUtils.java:logFallback(53)) - raft.server.rpc.first-election.timeout.min = 5s (fallback to raft.server.rpc.timeout.min)
2022-10-30 01:06:35,220 [96632972-14e0-44d5-b3f2-8f1b1022e85f@group-93EB23A6C8F4-FollowerState] INFO  server.RaftServerConfigKeys (ConfUtils.java:logFallback(53)) - raft.server.rpc.first-election.timeout.max = 5200ms (fallback to raft.server.rpc.timeout.max)
2022-10-30 01:06:35,225 [Command processor thread] INFO  commandhandler.CreatePipelineCommandHandler (CreatePipelineCommandHandler.java:handle(113)) - Created Pipeline RATIS THREE PipelineID=3132103f-68a2-45c8-9404-93eb23a6c8f4.
2022-10-30 01:06:35,225 [Command processor thread] INFO  server.RaftServer (RaftServerProxy.java:addNew(96)) - 758ec025-fe09-4bac-8062-a2014e5c8846: addNew group-63C8A9F83E46:[96632972-14e0-44d5-b3f2-8f1b1022e85f|rpc:10.1.0.11:41713|priority:0|startupRole:FOLLOWER, 42907c57-00bf-47e8-816a-b6f44f3b50df|rpc:10.1.0.11:43117|priority:0|startupRole:FOLLOWER, 758ec025-fe09-4bac-8062-a2014e5c8846|rpc:10.1.0.11:46773|priority:1|startupRole:FOLLOWER] returns group-63C8A9F83E46:java.util.concurrent.CompletableFuture@2b5471ad[Not completed]
2022-10-30 01:06:35,226 [pool-210-thread-1] INFO  server.RaftServer$Division (RaftServerImpl.java:<init>(195)) - 758ec025-fe09-4bac-8062-a2014e5c8846: new RaftServerImpl for group-63C8A9F83E46:[96632972-14e0-44d5-b3f2-8f1b1022e85f|rpc:10.1.0.11:41713|priority:0|startupRole:FOLLOWER, 42907c57-00bf-47e8-816a-b6f44f3b50df|rpc:10.1.0.11:43117|priority:0|startupRole:FOLLOWER, 758ec025-fe09-4bac-8062-a2014e5c8846|rpc:10.1.0.11:46773|priority:1|startupRole:FOLLOWER] with ContainerStateMachine:uninitialized
2022-10-30 01:06:35,226 [pool-210-thread-1] INFO  server.RaftServerConfigKeys (ConfUtils.java:logGet(46)) - raft.server.rpc.timeout.min = 5s (custom)
2022-10-30 01:06:35,226 [pool-210-thread-1] INFO  server.RaftServerConfigKeys (ConfUtils.java:logGet(46)) - raft.server.rpc.timeout.max = 5200ms (custom)
2022-10-30 01:06:35,226 [pool-210-thread-1] INFO  server.RaftServerConfigKeys (ConfUtils.java:logGet(46)) - raft.server.rpc.sleep.time = 25ms (default)
2022-10-30 01:06:35,226 [pool-210-thread-1] INFO  server.RaftServerConfigKeys (ConfUtils.java:logGet(46)) - raft.server.rpc.slowness.timeout = 300s (custom)
2022-10-30 01:06:35,226 [pool-210-thread-1] INFO  server.RaftServerConfigKeys (ConfUtils.java:logGet(46)) - raft.server.leaderelection.leader.step-down.wait-time = 10s (default)
2022-10-30 01:06:35,226 [pool-210-thread-1] INFO  server.RaftServerConfigKeys (ConfUtils.java:logGet(46)) - raft.server.sleep.deviation.threshold = 300ms (default)
2022-10-30 01:06:35,226 [pool-210-thread-1] INFO  server.RaftServer$Division (ServerState.java:<init>(118)) - 758ec025-fe09-4bac-8062-a2014e5c8846@group-63C8A9F83E46: ConfigurationManager, init=-1: peers:[96632972-14e0-44d5-b3f2-8f1b1022e85f|rpc:10.1.0.11:41713|priority:0|startupRole:FOLLOWER, 42907c57-00bf-47e8-816a-b6f44f3b50df|rpc:10.1.0.11:43117|priority:0|startupRole:FOLLOWER, 758ec025-fe09-4bac-8062-a2014e5c8846|rpc:10.1.0.11:46773|priority:1|startupRole:FOLLOWER]|listeners:[], old=null, confs=<EMPTY_MAP>
2022-10-30 01:06:35,226 [pool-210-thread-1] INFO  server.RaftServerConfigKeys (ConfUtils.java:logGet(46)) - raft.server.storage.dir = [/home/runner/work/ozone/ozone/hadoop-ozone/integration-test/target/test-dir/MiniOzoneClusterImpl-d77d6c10-3d51-4ae5-b04b-b5f3d2f20a3f/datanode-6/data/ratis] (custom)
2022-10-30 01:06:35,226 [pool-210-thread-1] INFO  server.RaftServerConfigKeys (ConfUtils.java:logGet(46)) - raft.server.log.corruption.policy = EXCEPTION (default)
2022-10-30 01:06:35,227 [pool-210-thread-1] INFO  server.RaftServerConfigKeys (ConfUtils.java:logGet(46)) - raft.server.storage.free-space.min = 0MB (=0) (default)
2022-10-30 01:06:35,227 [pool-210-thread-1] INFO  server.RaftServerConfigKeys (ConfUtils.java:logGet(46)) - raft.server.notification.no-leader.timeout = 300s (custom)
2022-10-30 01:06:35,227 [pool-210-thread-1] INFO  server.RaftServerConfigKeys (ConfUtils.java:logGet(46)) - raft.server.retrycache.expirytime = 600000ms (custom)
2022-10-30 01:06:35,227 [pool-210-thread-1] INFO  server.RaftServerConfigKeys (ConfUtils.java:logGet(46)) - raft.server.retrycache.statistics.expirytime = 100μs (default)
2022-10-30 01:06:35,228 [pool-210-thread-1] INFO  server.RaftServerConfigKeys (ConfUtils.java:logGet(46)) - raft.server.log.appender.install.snapshot.enabled = false (custom)
2022-10-30 01:06:35,228 [pool-210-thread-1] INFO  server.RaftServerConfigKeys (ConfUtils.java:logGet(46)) - raft.server.threadpool.server.cached = true (default)
2022-10-30 01:06:35,228 [pool-210-thread-1] INFO  server.RaftServerConfigKeys (ConfUtils.java:logGet(46)) - raft.server.threadpool.server.size = 0 (default)
2022-10-30 01:06:35,228 [pool-210-thread-1] INFO  server.RaftServerConfigKeys (ConfUtils.java:logGet(46)) - raft.server.threadpool.client.cached = true (default)
2022-10-30 01:06:35,228 [pool-210-thread-1] INFO  server.RaftServerConfigKeys (ConfUtils.java:logGet(46)) - raft.server.threadpool.client.size = 0 (default)
2022-10-30 01:06:35,228 [pool-210-thread-1] INFO  storage.RaftStorageDirectory (RaftStorageDirectoryImpl.java:analyzeStorage(137)) - The storage directory /home/runner/work/ozone/ozone/hadoop-ozone/integration-test/target/test-dir/MiniOzoneClusterImpl-d77d6c10-3d51-4ae5-b04b-b5f3d2f20a3f/datanode-6/data/ratis/e2a87e45-9f15-4d40-92e0-63c8a9f83e46 does not exist. Creating ...
2022-10-30 01:06:35,230 [pool-210-thread-1] INFO  storage.RaftStorageDirectory (RaftStorageDirectoryImpl.java:tryLock(231)) - Lock on /home/runner/work/ozone/ozone/hadoop-ozone/integration-test/target/test-dir/MiniOzoneClusterImpl-d77d6c10-3d51-4ae5-b04b-b5f3d2f20a3f/datanode-6/data/ratis/e2a87e45-9f15-4d40-92e0-63c8a9f83e46/in_use.lock acquired by nodename 13950@fv-az99-422
2022-10-30 01:06:35,231 [pool-210-thread-1] INFO  storage.RaftStorage (RaftStorageImpl.java:format(96)) - Storage directory /home/runner/work/ozone/ozone/hadoop-ozone/integration-test/target/test-dir/MiniOzoneClusterImpl-d77d6c10-3d51-4ae5-b04b-b5f3d2f20a3f/datanode-6/data/ratis/e2a87e45-9f15-4d40-92e0-63c8a9f83e46 has been successfully formatted.
2022-10-30 01:06:35,232 [pool-210-thread-1] INFO  ratis.ContainerStateMachine (ContainerStateMachine.java:loadSnapshot(236)) - group-63C8A9F83E46: The snapshot info is null. Setting the last applied indexto:(t:0, i:~)
2022-10-30 01:06:35,232 [pool-210-thread-1] INFO  server.RaftServerConfigKeys (ConfUtils.java:logGet(46)) - raft.server.log.use.memory = false (default)
2022-10-30 01:06:35,232 [pool-210-thread-1] INFO  server.RaftServerConfigKeys (ConfUtils.java:logGet(46)) - raft.server.log.purge.gap = 1000000 (custom)
2022-10-30 01:06:35,232 [pool-210-thread-1] INFO  server.RaftServerConfigKeys (ConfUtils.java:logGet(46)) - raft.server.log.appender.buffer.byte-limit = 33554432 (custom)
2022-10-30 01:06:35,232 [pool-210-thread-1] INFO  server.RaftServerConfigKeys (ConfUtils.java:logGet(46)) - raft.server.log.statemachine.data.read.timeout = 1000ms (default)
2022-10-30 01:06:35,232 [pool-210-thread-1] INFO  server.RaftServerConfigKeys (ConfUtils.java:logGet(46)) - raft.server.log.purge.preservation.log.num = 0 (default)
2022-10-30 01:06:35,232 [pool-210-thread-1] INFO  server.RaftServerConfigKeys (ConfUtils.java:logGet(46)) - raft.server.log.segment.size.max = 1048576 (custom)
2022-10-30 01:06:35,233 [EventQueue-OpenPipelineForHealthyPipelineSafeModeRule] INFO  safemode.SCMSafeModeManager (HealthyPipelineSafeModeRule.java:process(137)) - SCM in safe mode. Healthy pipelines reported count is 0, required healthy pipeline reported count is 1
2022-10-30 01:06:35,235 [pool-210-thread-1] INFO  server.RaftServerConfigKeys (ConfUtils.java:logGet(46)) - raft.server.log.segment.cache.num.max = 2 (custom)
2022-10-30 01:06:35,235 [pool-210-thread-1] INFO  server.RaftServerConfigKeys (ConfUtils.java:logGet(46)) - raft.server.log.segment.cache.size.max = 200MB (=209715200) (default)
2022-10-30 01:06:35,235 [pool-210-thread-1] INFO  segmented.SegmentedRaftLogWorker (SegmentedRaftLogWorker.java:<init>(191)) - new 758ec025-fe09-4bac-8062-a2014e5c8846@group-63C8A9F83E46-SegmentedRaftLogWorker for RaftStorageImpl:Storage Directory /home/runner/work/ozone/ozone/hadoop-ozone/integration-test/target/test-dir/MiniOzoneClusterImpl-d77d6c10-3d51-4ae5-b04b-b5f3d2f20a3f/datanode-6/data/ratis/e2a87e45-9f15-4d40-92e0-63c8a9f83e46
2022-10-30 01:06:35,235 [pool-210-thread-1] INFO  server.RaftServerConfigKeys (ConfUtils.java:logGet(46)) - raft.server.log.queue.byte-limit = 4294967296 (custom)
2022-10-30 01:06:35,235 [pool-210-thread-1] INFO  server.RaftServerConfigKeys (ConfUtils.java:logGet(46)) - raft.server.log.queue.element-limit = 1024 (custom)
2022-10-30 01:06:35,235 [pool-210-thread-1] INFO  server.RaftServerConfigKeys (ConfUtils.java:logGet(46)) - raft.server.log.segment.size.max = 1048576 (custom)
2022-10-30 01:06:35,235 [pool-210-thread-1] INFO  server.RaftServerConfigKeys (ConfUtils.java:logGet(46)) - raft.server.log.preallocated.size = 16384 (custom)
2022-10-30 01:06:35,235 [pool-210-thread-1] INFO  server.RaftServerConfigKeys (ConfUtils.java:logGet(46)) - raft.server.log.force.sync.num = 128 (default)
2022-10-30 01:06:35,235 [pool-210-thread-1] INFO  server.RaftServerConfigKeys (ConfUtils.java:logGet(46)) - raft.server.log.statemachine.data.sync = true (default)
2022-10-30 01:06:35,235 [pool-210-thread-1] INFO  server.RaftServerConfigKeys (ConfUtils.java:logGet(46)) - raft.server.log.statemachine.data.sync.timeout = 10s (default)
2022-10-30 01:06:35,235 [pool-210-thread-1] INFO  server.RaftServerConfigKeys (ConfUtils.java:logGet(46)) - raft.server.log.statemachine.data.sync.timeout.retry = -1 (default)
2022-10-30 01:06:35,236 [pool-210-thread-1] INFO  server.RaftServerConfigKeys (ConfUtils.java:logGet(46)) - raft.server.log.write.buffer.size = 1048576 (custom)
2022-10-30 01:06:35,239 [pool-210-thread-1] INFO  server.RaftServerConfigKeys (ConfUtils.java:logGet(46)) - raft.server.log.unsafe-flush.enabled = false (default)
2022-10-30 01:06:35,239 [pool-210-thread-1] INFO  server.RaftServerConfigKeys (ConfUtils.java:logGet(46)) - raft.server.log.async-flush.enabled = false (default)
2022-10-30 01:06:35,239 [pool-210-thread-1] INFO  server.RaftServerConfigKeys (ConfUtils.java:logGet(46)) - raft.server.log.statemachine.data.caching.enabled = true (custom)
2022-10-30 01:06:35,239 [pool-210-thread-1] INFO  segmented.SegmentedRaftLogWorker (SegmentedRaftLogWorker.java:lambda$new$0(136)) - 758ec025-fe09-4bac-8062-a2014e5c8846@group-63C8A9F83E46-SegmentedRaftLogWorker: flushIndex: setUnconditionally 0 -> -1
2022-10-30 01:06:35,239 [pool-210-thread-1] INFO  segmented.SegmentedRaftLogWorker (SegmentedRaftLogWorker.java:lambda$new$0(136)) - 758ec025-fe09-4bac-8062-a2014e5c8846@group-63C8A9F83E46-SegmentedRaftLogWorker: safeCacheEvictIndex: setUnconditionally 0 -> -1
2022-10-30 01:06:35,239 [pool-210-thread-1] INFO  server.RaftServer$Division (RaftServerImpl.java:start(334)) - 758ec025-fe09-4bac-8062-a2014e5c8846@group-63C8A9F83E46: start as a follower, conf=-1: peers:[96632972-14e0-44d5-b3f2-8f1b1022e85f|rpc:10.1.0.11:41713|priority:0|startupRole:FOLLOWER, 42907c57-00bf-47e8-816a-b6f44f3b50df|rpc:10.1.0.11:43117|priority:0|startupRole:FOLLOWER, 758ec025-fe09-4bac-8062-a2014e5c8846|rpc:10.1.0.11:46773|priority:1|startupRole:FOLLOWER]|listeners:[], old=null
2022-10-30 01:06:35,239 [pool-210-thread-1] INFO  server.RaftServer$Division (RaftServerImpl.java:setRole(321)) - 758ec025-fe09-4bac-8062-a2014e5c8846@group-63C8A9F83E46: changes role from      null to FOLLOWER at term 0 for startAsFollower
2022-10-30 01:06:35,239 [pool-210-thread-1] INFO  impl.RoleInfo (RoleInfo.java:updateAndGet(139)) - 758ec025-fe09-4bac-8062-a2014e5c8846: start 758ec025-fe09-4bac-8062-a2014e5c8846@group-63C8A9F83E46-FollowerState
2022-10-30 01:06:35,242 [pool-210-thread-1] INFO  util.JmxRegister (JmxRegister.java:tryRegister(44)) - Successfully registered JMX Bean with object name Ratis:service=RaftServer,group=group-63C8A9F83E46,id=758ec025-fe09-4bac-8062-a2014e5c8846
2022-10-30 01:06:35,242 [pool-210-thread-1] INFO  server.RaftServerConfigKeys (ConfUtils.java:logGet(46)) - raft.server.snapshot.auto.trigger.enabled = true (custom)
2022-10-30 01:06:35,242 [pool-210-thread-1] INFO  server.RaftServerConfigKeys (ConfUtils.java:logGet(46)) - raft.server.snapshot.auto.trigger.threshold = 10000 (custom)
2022-10-30 01:06:35,242 [pool-210-thread-1] INFO  server.RaftServerConfigKeys (ConfUtils.java:logGet(46)) - raft.server.snapshot.retention.file.num = 5 (custom)
2022-10-30 01:06:35,242 [pool-210-thread-1] INFO  server.RaftServerConfigKeys (ConfUtils.java:logGet(46)) - raft.server.log.purge.upto.snapshot.index = false (default)
2022-10-30 01:06:35,242 [758ec025-fe09-4bac-8062-a2014e5c8846@group-63C8A9F83E46-FollowerState] INFO  server.RaftServerConfigKeys (ConfUtils.java:logFallback(53)) - raft.server.rpc.first-election.timeout.min = 5s (fallback to raft.server.rpc.timeout.min)
2022-10-30 01:06:35,242 [758ec025-fe09-4bac-8062-a2014e5c8846@group-63C8A9F83E46-FollowerState] INFO  server.RaftServerConfigKeys (ConfUtils.java:logFallback(53)) - raft.server.rpc.first-election.timeout.max = 5200ms (fallback to raft.server.rpc.timeout.max)
2022-10-30 01:06:35,243 [Command processor thread] INFO  ratis.XceiverServerRatis (XceiverServerRatis.java:addGroup(765)) - Created group PipelineID=e2a87e45-9f15-4d40-92e0-63c8a9f83e46
2022-10-30 01:06:35,262 [grpc-default-executor-0] INFO  server.RaftServer (RaftServerProxy.java:addNew(96)) - 96632972-14e0-44d5-b3f2-8f1b1022e85f: addNew group-63C8A9F83E46:[96632972-14e0-44d5-b3f2-8f1b1022e85f|rpc:10.1.0.11:41713|dataStream:|priority:0|startupRole:FOLLOWER, 42907c57-00bf-47e8-816a-b6f44f3b50df|rpc:10.1.0.11:43117|dataStream:|priority:0|startupRole:FOLLOWER, 758ec025-fe09-4bac-8062-a2014e5c8846|rpc:10.1.0.11:46773|dataStream:|priority:1|startupRole:FOLLOWER] returns group-63C8A9F83E46:java.util.concurrent.CompletableFuture@34b9a2d6[Not completed]
2022-10-30 01:06:35,263 [pool-264-thread-1] INFO  server.RaftServer$Division (RaftServerImpl.java:<init>(195)) - 96632972-14e0-44d5-b3f2-8f1b1022e85f: new RaftServerImpl for group-63C8A9F83E46:[96632972-14e0-44d5-b3f2-8f1b1022e85f|rpc:10.1.0.11:41713|dataStream:|priority:0|startupRole:FOLLOWER, 42907c57-00bf-47e8-816a-b6f44f3b50df|rpc:10.1.0.11:43117|dataStream:|priority:0|startupRole:FOLLOWER, 758ec025-fe09-4bac-8062-a2014e5c8846|rpc:10.1.0.11:46773|dataStream:|priority:1|startupRole:FOLLOWER] with ContainerStateMachine:uninitialized
2022-10-30 01:06:35,263 [pool-264-thread-1] INFO  server.RaftServerConfigKeys (ConfUtils.java:logGet(46)) - raft.server.rpc.timeout.min = 5s (custom)
2022-10-30 01:06:35,263 [pool-264-thread-1] INFO  server.RaftServerConfigKeys (ConfUtils.java:logGet(46)) - raft.server.rpc.timeout.max = 5200ms (custom)
2022-10-30 01:06:35,263 [pool-264-thread-1] INFO  server.RaftServerConfigKeys (ConfUtils.java:logGet(46)) - raft.server.rpc.sleep.time = 25ms (default)
2022-10-30 01:06:35,263 [pool-264-thread-1] INFO  server.RaftServerConfigKeys (ConfUtils.java:logGet(46)) - raft.server.rpc.slowness.timeout = 300s (custom)
2022-10-30 01:06:35,263 [pool-264-thread-1] INFO  server.RaftServerConfigKeys (ConfUtils.java:logGet(46)) - raft.server.leaderelection.leader.step-down.wait-time = 10s (default)
2022-10-30 01:06:35,263 [pool-264-thread-1] INFO  server.RaftServerConfigKeys (ConfUtils.java:logGet(46)) - raft.server.sleep.deviation.threshold = 300ms (default)
2022-10-30 01:06:35,263 [pool-264-thread-1] INFO  server.RaftServer$Division (ServerState.java:<init>(118)) - 96632972-14e0-44d5-b3f2-8f1b1022e85f@group-63C8A9F83E46: ConfigurationManager, init=-1: peers:[96632972-14e0-44d5-b3f2-8f1b1022e85f|rpc:10.1.0.11:41713|dataStream:|priority:0|startupRole:FOLLOWER, 42907c57-00bf-47e8-816a-b6f44f3b50df|rpc:10.1.0.11:43117|dataStream:|priority:0|startupRole:FOLLOWER, 758ec025-fe09-4bac-8062-a2014e5c8846|rpc:10.1.0.11:46773|dataStream:|priority:1|startupRole:FOLLOWER]|listeners:[], old=null, confs=<EMPTY_MAP>
2022-10-30 01:06:35,263 [pool-264-thread-1] INFO  server.RaftServerConfigKeys (ConfUtils.java:logGet(46)) - raft.server.storage.dir = [/home/runner/work/ozone/ozone/hadoop-ozone/integration-test/target/test-dir/MiniOzoneClusterImpl-d77d6c10-3d51-4ae5-b04b-b5f3d2f20a3f/datanode-8/data/ratis] (custom)
2022-10-30 01:06:35,263 [pool-264-thread-1] INFO  server.RaftServerConfigKeys (ConfUtils.java:logGet(46)) - raft.server.log.corruption.policy = EXCEPTION (default)
2022-10-30 01:06:35,263 [pool-264-thread-1] INFO  server.RaftServerConfigKeys (ConfUtils.java:logGet(46)) - raft.server.storage.free-space.min = 0MB (=0) (default)
2022-10-30 01:06:35,263 [pool-264-thread-1] INFO  server.RaftServerConfigKeys (ConfUtils.java:logGet(46)) - raft.server.notification.no-leader.timeout = 300s (custom)
2022-10-30 01:06:35,264 [pool-264-thread-1] INFO  server.RaftServerConfigKeys (ConfUtils.java:logGet(46)) - raft.server.retrycache.expirytime = 600000ms (custom)
2022-10-30 01:06:35,264 [pool-264-thread-1] INFO  server.RaftServerConfigKeys (ConfUtils.java:logGet(46)) - raft.server.retrycache.statistics.expirytime = 100μs (default)
2022-10-30 01:06:35,264 [pool-264-thread-1] INFO  server.RaftServerConfigKeys (ConfUtils.java:logGet(46)) - raft.server.log.appender.install.snapshot.enabled = false (custom)
2022-10-30 01:06:35,265 [pool-264-thread-1] INFO  server.RaftServerConfigKeys (ConfUtils.java:logGet(46)) - raft.server.threadpool.server.cached = true (default)
2022-10-30 01:06:35,265 [pool-264-thread-1] INFO  server.RaftServerConfigKeys (ConfUtils.java:logGet(46)) - raft.server.threadpool.server.size = 0 (default)
2022-10-30 01:06:35,265 [pool-264-thread-1] INFO  server.RaftServerConfigKeys (ConfUtils.java:logGet(46)) - raft.server.threadpool.client.cached = true (default)
2022-10-30 01:06:35,265 [pool-264-thread-1] INFO  server.RaftServerConfigKeys (ConfUtils.java:logGet(46)) - raft.server.threadpool.client.size = 0 (default)
2022-10-30 01:06:35,265 [pool-264-thread-1] INFO  storage.RaftStorageDirectory (RaftStorageDirectoryImpl.java:analyzeStorage(137)) - The storage directory /home/runner/work/ozone/ozone/hadoop-ozone/integration-test/target/test-dir/MiniOzoneClusterImpl-d77d6c10-3d51-4ae5-b04b-b5f3d2f20a3f/datanode-8/data/ratis/e2a87e45-9f15-4d40-92e0-63c8a9f83e46 does not exist. Creating ...
2022-10-30 01:06:35,266 [pool-264-thread-1] INFO  storage.RaftStorageDirectory (RaftStorageDirectoryImpl.java:tryLock(231)) - Lock on /home/runner/work/ozone/ozone/hadoop-ozone/integration-test/target/test-dir/MiniOzoneClusterImpl-d77d6c10-3d51-4ae5-b04b-b5f3d2f20a3f/datanode-8/data/ratis/e2a87e45-9f15-4d40-92e0-63c8a9f83e46/in_use.lock acquired by nodename 13950@fv-az99-422
2022-10-30 01:06:35,267 [pool-264-thread-1] INFO  storage.RaftStorage (RaftStorageImpl.java:format(96)) - Storage directory /home/runner/work/ozone/ozone/hadoop-ozone/integration-test/target/test-dir/MiniOzoneClusterImpl-d77d6c10-3d51-4ae5-b04b-b5f3d2f20a3f/datanode-8/data/ratis/e2a87e45-9f15-4d40-92e0-63c8a9f83e46 has been successfully formatted.
2022-10-30 01:06:35,268 [pool-264-thread-1] INFO  ratis.ContainerStateMachine (ContainerStateMachine.java:loadSnapshot(236)) - group-63C8A9F83E46: The snapshot info is null. Setting the last applied indexto:(t:0, i:~)
2022-10-30 01:06:35,269 [pool-264-thread-1] INFO  server.RaftServerConfigKeys (ConfUtils.java:logGet(46)) - raft.server.log.use.memory = false (default)
2022-10-30 01:06:35,269 [pool-264-thread-1] INFO  server.RaftServerConfigKeys (ConfUtils.java:logGet(46)) - raft.server.log.purge.gap = 1000000 (custom)
2022-10-30 01:06:35,269 [pool-264-thread-1] INFO  server.RaftServerConfigKeys (ConfUtils.java:logGet(46)) - raft.server.log.appender.buffer.byte-limit = 33554432 (custom)
2022-10-30 01:06:35,269 [pool-264-thread-1] INFO  server.RaftServerConfigKeys (ConfUtils.java:logGet(46)) - raft.server.log.statemachine.data.read.timeout = 1000ms (default)
2022-10-30 01:06:35,269 [pool-264-thread-1] INFO  server.RaftServerConfigKeys (ConfUtils.java:logGet(46)) - raft.server.log.purge.preservation.log.num = 0 (default)
2022-10-30 01:06:35,269 [pool-264-thread-1] INFO  server.RaftServerConfigKeys (ConfUtils.java:logGet(46)) - raft.server.log.segment.size.max = 1048576 (custom)
2022-10-30 01:06:35,270 [pool-264-thread-1] INFO  server.RaftServerConfigKeys (ConfUtils.java:logGet(46)) - raft.server.log.segment.cache.num.max = 2 (custom)
2022-10-30 01:06:35,270 [pool-264-thread-1] INFO  server.RaftServerConfigKeys (ConfUtils.java:logGet(46)) - raft.server.log.segment.cache.size.max = 200MB (=209715200) (default)
2022-10-30 01:06:35,270 [pool-264-thread-1] INFO  segmented.SegmentedRaftLogWorker (SegmentedRaftLogWorker.java:<init>(191)) - new 96632972-14e0-44d5-b3f2-8f1b1022e85f@group-63C8A9F83E46-SegmentedRaftLogWorker for RaftStorageImpl:Storage Directory /home/runner/work/ozone/ozone/hadoop-ozone/integration-test/target/test-dir/MiniOzoneClusterImpl-d77d6c10-3d51-4ae5-b04b-b5f3d2f20a3f/datanode-8/data/ratis/e2a87e45-9f15-4d40-92e0-63c8a9f83e46
2022-10-30 01:06:35,270 [pool-264-thread-1] INFO  server.RaftServerConfigKeys (ConfUtils.java:logGet(46)) - raft.server.log.queue.byte-limit = 4294967296 (custom)
2022-10-30 01:06:35,270 [pool-264-thread-1] INFO  server.RaftServerConfigKeys (ConfUtils.java:logGet(46)) - raft.server.log.queue.element-limit = 1024 (custom)
2022-10-30 01:06:35,270 [pool-264-thread-1] INFO  server.RaftServerConfigKeys (ConfUtils.java:logGet(46)) - raft.server.log.segment.size.max = 1048576 (custom)
2022-10-30 01:06:35,270 [pool-264-thread-1] INFO  server.RaftServerConfigKeys (ConfUtils.java:logGet(46)) - raft.server.log.preallocated.size = 16384 (custom)
2022-10-30 01:06:35,270 [pool-264-thread-1] INFO  server.RaftServerConfigKeys (ConfUtils.java:logGet(46)) - raft.server.log.force.sync.num = 128 (default)
2022-10-30 01:06:35,270 [pool-264-thread-1] INFO  server.RaftServerConfigKeys (ConfUtils.java:logGet(46)) - raft.server.log.statemachine.data.sync = true (default)
2022-10-30 01:06:35,270 [pool-264-thread-1] INFO  server.RaftServerConfigKeys (ConfUtils.java:logGet(46)) - raft.server.log.statemachine.data.sync.timeout = 10s (default)
2022-10-30 01:06:35,270 [pool-264-thread-1] INFO  server.RaftServerConfigKeys (ConfUtils.java:logGet(46)) - raft.server.log.statemachine.data.sync.timeout.retry = -1 (default)
2022-10-30 01:06:35,271 [pool-264-thread-1] INFO  server.RaftServerConfigKeys (ConfUtils.java:logGet(46)) - raft.server.log.write.buffer.size = 1048576 (custom)
2022-10-30 01:06:35,271 [pool-264-thread-1] INFO  server.RaftServerConfigKeys (ConfUtils.java:logGet(46)) - raft.server.log.unsafe-flush.enabled = false (default)
2022-10-30 01:06:35,271 [pool-264-thread-1] INFO  server.RaftServerConfigKeys (ConfUtils.java:logGet(46)) - raft.server.log.async-flush.enabled = false (default)
2022-10-30 01:06:35,271 [pool-264-thread-1] INFO  server.RaftServerConfigKeys (ConfUtils.java:logGet(46)) - raft.server.log.statemachine.data.caching.enabled = true (custom)
2022-10-30 01:06:35,272 [pool-264-thread-1] INFO  segmented.SegmentedRaftLogWorker (SegmentedRaftLogWorker.java:lambda$new$0(136)) - 96632972-14e0-44d5-b3f2-8f1b1022e85f@group-63C8A9F83E46-SegmentedRaftLogWorker: flushIndex: setUnconditionally 0 -> -1
2022-10-30 01:06:35,272 [pool-264-thread-1] INFO  segmented.SegmentedRaftLogWorker (SegmentedRaftLogWorker.java:lambda$new$0(136)) - 96632972-14e0-44d5-b3f2-8f1b1022e85f@group-63C8A9F83E46-SegmentedRaftLogWorker: safeCacheEvictIndex: setUnconditionally 0 -> -1
2022-10-30 01:06:35,273 [pool-264-thread-1] INFO  server.RaftServer$Division (RaftServerImpl.java:start(334)) - 96632972-14e0-44d5-b3f2-8f1b1022e85f@group-63C8A9F83E46: start as a follower, conf=-1: peers:[96632972-14e0-44d5-b3f2-8f1b1022e85f|rpc:10.1.0.11:41713|dataStream:|priority:0|startupRole:FOLLOWER, 42907c57-00bf-47e8-816a-b6f44f3b50df|rpc:10.1.0.11:43117|dataStream:|priority:0|startupRole:FOLLOWER, 758ec025-fe09-4bac-8062-a2014e5c8846|rpc:10.1.0.11:46773|dataStream:|priority:1|startupRole:FOLLOWER]|listeners:[], old=null
2022-10-30 01:06:35,273 [pool-264-thread-1] INFO  server.RaftServer$Division (RaftServerImpl.java:setRole(321)) - 96632972-14e0-44d5-b3f2-8f1b1022e85f@group-63C8A9F83E46: changes role from      null to FOLLOWER at term 0 for startAsFollower
2022-10-30 01:06:35,273 [pool-264-thread-1] INFO  impl.RoleInfo (RoleInfo.java:updateAndGet(139)) - 96632972-14e0-44d5-b3f2-8f1b1022e85f: start 96632972-14e0-44d5-b3f2-8f1b1022e85f@group-63C8A9F83E46-FollowerState
2022-10-30 01:06:35,273 [pool-264-thread-1] INFO  util.JmxRegister (JmxRegister.java:tryRegister(44)) - Successfully registered JMX Bean with object name Ratis:service=RaftServer,group=group-63C8A9F83E46,id=96632972-14e0-44d5-b3f2-8f1b1022e85f
2022-10-30 01:06:35,273 [pool-264-thread-1] INFO  server.RaftServerConfigKeys (ConfUtils.java:logGet(46)) - raft.server.snapshot.auto.trigger.enabled = true (custom)
2022-10-30 01:06:35,273 [pool-264-thread-1] INFO  server.RaftServerConfigKeys (ConfUtils.java:logGet(46)) - raft.server.snapshot.auto.trigger.threshold = 10000 (custom)
2022-10-30 01:06:35,273 [pool-264-thread-1] INFO  server.RaftServerConfigKeys (ConfUtils.java:logGet(46)) - raft.server.snapshot.retention.file.num = 5 (custom)
2022-10-30 01:06:35,273 [pool-264-thread-1] INFO  server.RaftServerConfigKeys (ConfUtils.java:logGet(46)) - raft.server.log.purge.upto.snapshot.index = false (default)
2022-10-30 01:06:35,274 [96632972-14e0-44d5-b3f2-8f1b1022e85f@group-63C8A9F83E46-FollowerState] INFO  server.RaftServerConfigKeys (ConfUtils.java:logFallback(53)) - raft.server.rpc.first-election.timeout.min = 5s (fallback to raft.server.rpc.timeout.min)
2022-10-30 01:06:35,293 [96632972-14e0-44d5-b3f2-8f1b1022e85f@group-63C8A9F83E46-FollowerState] INFO  server.RaftServerConfigKeys (ConfUtils.java:logFallback(53)) - raft.server.rpc.first-election.timeout.max = 5200ms (fallback to raft.server.rpc.timeout.max)
2022-10-30 01:06:35,312 [grpc-default-executor-0] INFO  server.RaftServer (RaftServerProxy.java:addNew(96)) - 42907c57-00bf-47e8-816a-b6f44f3b50df: addNew group-63C8A9F83E46:[96632972-14e0-44d5-b3f2-8f1b1022e85f|rpc:10.1.0.11:41713|dataStream:|priority:0|startupRole:FOLLOWER, 42907c57-00bf-47e8-816a-b6f44f3b50df|rpc:10.1.0.11:43117|dataStream:|priority:0|startupRole:FOLLOWER, 758ec025-fe09-4bac-8062-a2014e5c8846|rpc:10.1.0.11:46773|dataStream:|priority:1|startupRole:FOLLOWER] returns group-63C8A9F83E46:java.util.concurrent.CompletableFuture@17b115d9[Not completed]
2022-10-30 01:06:35,313 [pool-237-thread-1] INFO  server.RaftServer$Division (RaftServerImpl.java:<init>(195)) - 42907c57-00bf-47e8-816a-b6f44f3b50df: new RaftServerImpl for group-63C8A9F83E46:[96632972-14e0-44d5-b3f2-8f1b1022e85f|rpc:10.1.0.11:41713|dataStream:|priority:0|startupRole:FOLLOWER, 42907c57-00bf-47e8-816a-b6f44f3b50df|rpc:10.1.0.11:43117|dataStream:|priority:0|startupRole:FOLLOWER, 758ec025-fe09-4bac-8062-a2014e5c8846|rpc:10.1.0.11:46773|dataStream:|priority:1|startupRole:FOLLOWER] with ContainerStateMachine:uninitialized
2022-10-30 01:06:35,313 [pool-237-thread-1] INFO  server.RaftServerConfigKeys (ConfUtils.java:logGet(46)) - raft.server.rpc.timeout.min = 5s (custom)
2022-10-30 01:06:35,313 [pool-237-thread-1] INFO  server.RaftServerConfigKeys (ConfUtils.java:logGet(46)) - raft.server.rpc.timeout.max = 5200ms (custom)
2022-10-30 01:06:35,313 [pool-237-thread-1] INFO  server.RaftServerConfigKeys (ConfUtils.java:logGet(46)) - raft.server.rpc.sleep.time = 25ms (default)
2022-10-30 01:06:35,314 [pool-237-thread-1] INFO  server.RaftServerConfigKeys (ConfUtils.java:logGet(46)) - raft.server.rpc.slowness.timeout = 300s (custom)
2022-10-30 01:06:35,314 [pool-237-thread-1] INFO  server.RaftServerConfigKeys (ConfUtils.java:logGet(46)) - raft.server.leaderelection.leader.step-down.wait-time = 10s (default)
2022-10-30 01:06:35,314 [pool-237-thread-1] INFO  server.RaftServerConfigKeys (ConfUtils.java:logGet(46)) - raft.server.sleep.deviation.threshold = 300ms (default)
2022-10-30 01:06:35,314 [pool-237-thread-1] INFO  server.RaftServer$Division (ServerState.java:<init>(118)) - 42907c57-00bf-47e8-816a-b6f44f3b50df@group-63C8A9F83E46: ConfigurationManager, init=-1: peers:[96632972-14e0-44d5-b3f2-8f1b1022e85f|rpc:10.1.0.11:41713|dataStream:|priority:0|startupRole:FOLLOWER, 42907c57-00bf-47e8-816a-b6f44f3b50df|rpc:10.1.0.11:43117|dataStream:|priority:0|startupRole:FOLLOWER, 758ec025-fe09-4bac-8062-a2014e5c8846|rpc:10.1.0.11:46773|dataStream:|priority:1|startupRole:FOLLOWER]|listeners:[], old=null, confs=<EMPTY_MAP>
2022-10-30 01:06:35,314 [pool-237-thread-1] INFO  server.RaftServerConfigKeys (ConfUtils.java:logGet(46)) - raft.server.storage.dir = [/home/runner/work/ozone/ozone/hadoop-ozone/integration-test/target/test-dir/MiniOzoneClusterImpl-d77d6c10-3d51-4ae5-b04b-b5f3d2f20a3f/datanode-7/data/ratis] (custom)
2022-10-30 01:06:35,314 [pool-237-thread-1] INFO  server.RaftServerConfigKeys (ConfUtils.java:logGet(46)) - raft.server.log.corruption.policy = EXCEPTION (default)
2022-10-30 01:06:35,314 [pool-237-thread-1] INFO  server.RaftServerConfigKeys (ConfUtils.java:logGet(46)) - raft.server.storage.free-space.min = 0MB (=0) (default)
2022-10-30 01:06:35,314 [pool-237-thread-1] INFO  server.RaftServerConfigKeys (ConfUtils.java:logGet(46)) - raft.server.notification.no-leader.timeout = 300s (custom)
2022-10-30 01:06:35,314 [pool-237-thread-1] INFO  server.RaftServerConfigKeys (ConfUtils.java:logGet(46)) - raft.server.retrycache.expirytime = 600000ms (custom)
2022-10-30 01:06:35,314 [pool-237-thread-1] INFO  server.RaftServerConfigKeys (ConfUtils.java:logGet(46)) - raft.server.retrycache.statistics.expirytime = 100μs (default)
2022-10-30 01:06:35,315 [pool-237-thread-1] INFO  server.RaftServerConfigKeys (ConfUtils.java:logGet(46)) - raft.server.log.appender.install.snapshot.enabled = false (custom)
2022-10-30 01:06:35,315 [pool-237-thread-1] INFO  server.RaftServerConfigKeys (ConfUtils.java:logGet(46)) - raft.server.threadpool.server.cached = true (default)
2022-10-30 01:06:35,315 [pool-237-thread-1] INFO  server.RaftServerConfigKeys (ConfUtils.java:logGet(46)) - raft.server.threadpool.server.size = 0 (default)
2022-10-30 01:06:35,315 [pool-237-thread-1] INFO  server.RaftServerConfigKeys (ConfUtils.java:logGet(46)) - raft.server.threadpool.client.cached = true (default)
2022-10-30 01:06:35,315 [pool-237-thread-1] INFO  server.RaftServerConfigKeys (ConfUtils.java:logGet(46)) - raft.server.threadpool.client.size = 0 (default)
2022-10-30 01:06:35,315 [pool-237-thread-1] INFO  storage.RaftStorageDirectory (RaftStorageDirectoryImpl.java:analyzeStorage(137)) - The storage directory /home/runner/work/ozone/ozone/hadoop-ozone/integration-test/target/test-dir/MiniOzoneClusterImpl-d77d6c10-3d51-4ae5-b04b-b5f3d2f20a3f/datanode-7/data/ratis/e2a87e45-9f15-4d40-92e0-63c8a9f83e46 does not exist. Creating ...
2022-10-30 01:06:35,317 [pool-237-thread-1] INFO  storage.RaftStorageDirectory (RaftStorageDirectoryImpl.java:tryLock(231)) - Lock on /home/runner/work/ozone/ozone/hadoop-ozone/integration-test/target/test-dir/MiniOzoneClusterImpl-d77d6c10-3d51-4ae5-b04b-b5f3d2f20a3f/datanode-7/data/ratis/e2a87e45-9f15-4d40-92e0-63c8a9f83e46/in_use.lock acquired by nodename 13950@fv-az99-422
2022-10-30 01:06:35,318 [pool-237-thread-1] INFO  storage.RaftStorage (RaftStorageImpl.java:format(96)) - Storage directory /home/runner/work/ozone/ozone/hadoop-ozone/integration-test/target/test-dir/MiniOzoneClusterImpl-d77d6c10-3d51-4ae5-b04b-b5f3d2f20a3f/datanode-7/data/ratis/e2a87e45-9f15-4d40-92e0-63c8a9f83e46 has been successfully formatted.
2022-10-30 01:06:35,320 [pool-237-thread-1] INFO  ratis.ContainerStateMachine (ContainerStateMachine.java:loadSnapshot(236)) - group-63C8A9F83E46: The snapshot info is null. Setting the last applied indexto:(t:0, i:~)
2022-10-30 01:06:35,320 [pool-237-thread-1] INFO  server.RaftServerConfigKeys (ConfUtils.java:logGet(46)) - raft.server.log.use.memory = false (default)
2022-10-30 01:06:35,320 [pool-237-thread-1] INFO  server.RaftServerConfigKeys (ConfUtils.java:logGet(46)) - raft.server.log.purge.gap = 1000000 (custom)
2022-10-30 01:06:35,320 [pool-237-thread-1] INFO  server.RaftServerConfigKeys (ConfUtils.java:logGet(46)) - raft.server.log.appender.buffer.byte-limit = 33554432 (custom)
2022-10-30 01:06:35,320 [pool-237-thread-1] INFO  server.RaftServerConfigKeys (ConfUtils.java:logGet(46)) - raft.server.log.statemachine.data.read.timeout = 1000ms (default)
2022-10-30 01:06:35,320 [pool-237-thread-1] INFO  server.RaftServerConfigKeys (ConfUtils.java:logGet(46)) - raft.server.log.purge.preservation.log.num = 0 (default)
2022-10-30 01:06:35,320 [pool-237-thread-1] INFO  server.RaftServerConfigKeys (ConfUtils.java:logGet(46)) - raft.server.log.segment.size.max = 1048576 (custom)
2022-10-30 01:06:35,320 [pool-237-thread-1] INFO  server.RaftServerConfigKeys (ConfUtils.java:logGet(46)) - raft.server.log.segment.cache.num.max = 2 (custom)
2022-10-30 01:06:35,320 [pool-237-thread-1] INFO  server.RaftServerConfigKeys (ConfUtils.java:logGet(46)) - raft.server.log.segment.cache.size.max = 200MB (=209715200) (default)
2022-10-30 01:06:35,321 [pool-237-thread-1] INFO  segmented.SegmentedRaftLogWorker (SegmentedRaftLogWorker.java:<init>(191)) - new 42907c57-00bf-47e8-816a-b6f44f3b50df@group-63C8A9F83E46-SegmentedRaftLogWorker for RaftStorageImpl:Storage Directory /home/runner/work/ozone/ozone/hadoop-ozone/integration-test/target/test-dir/MiniOzoneClusterImpl-d77d6c10-3d51-4ae5-b04b-b5f3d2f20a3f/datanode-7/data/ratis/e2a87e45-9f15-4d40-92e0-63c8a9f83e46
2022-10-30 01:06:35,321 [pool-237-thread-1] INFO  server.RaftServerConfigKeys (ConfUtils.java:logGet(46)) - raft.server.log.queue.byte-limit = 4294967296 (custom)
2022-10-30 01:06:35,321 [pool-237-thread-1] INFO  server.RaftServerConfigKeys (ConfUtils.java:logGet(46)) - raft.server.log.queue.element-limit = 1024 (custom)
2022-10-30 01:06:35,321 [pool-237-thread-1] INFO  server.RaftServerConfigKeys (ConfUtils.java:logGet(46)) - raft.server.log.segment.size.max = 1048576 (custom)
2022-10-30 01:06:35,321 [pool-237-thread-1] INFO  server.RaftServerConfigKeys (ConfUtils.java:logGet(46)) - raft.server.log.preallocated.size = 16384 (custom)
2022-10-30 01:06:35,321 [pool-237-thread-1] INFO  server.RaftServerConfigKeys (ConfUtils.java:logGet(46)) - raft.server.log.force.sync.num = 128 (default)
2022-10-30 01:06:35,321 [pool-237-thread-1] INFO  server.RaftServerConfigKeys (ConfUtils.java:logGet(46)) - raft.server.log.statemachine.data.sync = true (default)
2022-10-30 01:06:35,321 [pool-237-thread-1] INFO  server.RaftServerConfigKeys (ConfUtils.java:logGet(46)) - raft.server.log.statemachine.data.sync.timeout = 10s (default)
2022-10-30 01:06:35,321 [pool-237-thread-1] INFO  server.RaftServerConfigKeys (ConfUtils.java:logGet(46)) - raft.server.log.statemachine.data.sync.timeout.retry = -1 (default)
2022-10-30 01:06:35,322 [pool-237-thread-1] INFO  server.RaftServerConfigKeys (ConfUtils.java:logGet(46)) - raft.server.log.write.buffer.size = 1048576 (custom)
2022-10-30 01:06:35,322 [pool-237-thread-1] INFO  server.RaftServerConfigKeys (ConfUtils.java:logGet(46)) - raft.server.log.unsafe-flush.enabled = false (default)
2022-10-30 01:06:35,322 [pool-237-thread-1] INFO  server.RaftServerConfigKeys (ConfUtils.java:logGet(46)) - raft.server.log.async-flush.enabled = false (default)
2022-10-30 01:06:35,322 [pool-237-thread-1] INFO  server.RaftServerConfigKeys (ConfUtils.java:logGet(46)) - raft.server.log.statemachine.data.caching.enabled = true (custom)
2022-10-30 01:06:35,322 [pool-237-thread-1] INFO  segmented.SegmentedRaftLogWorker (SegmentedRaftLogWorker.java:lambda$new$0(136)) - 42907c57-00bf-47e8-816a-b6f44f3b50df@group-63C8A9F83E46-SegmentedRaftLogWorker: flushIndex: setUnconditionally 0 -> -1
2022-10-30 01:06:35,323 [pool-237-thread-1] INFO  segmented.SegmentedRaftLogWorker (SegmentedRaftLogWorker.java:lambda$new$0(136)) - 42907c57-00bf-47e8-816a-b6f44f3b50df@group-63C8A9F83E46-SegmentedRaftLogWorker: safeCacheEvictIndex: setUnconditionally 0 -> -1
2022-10-30 01:06:35,325 [pool-237-thread-1] INFO  server.RaftServer$Division (RaftServerImpl.java:start(334)) - 42907c57-00bf-47e8-816a-b6f44f3b50df@group-63C8A9F83E46: start as a follower, conf=-1: peers:[96632972-14e0-44d5-b3f2-8f1b1022e85f|rpc:10.1.0.11:41713|dataStream:|priority:0|startupRole:FOLLOWER, 42907c57-00bf-47e8-816a-b6f44f3b50df|rpc:10.1.0.11:43117|dataStream:|priority:0|startupRole:FOLLOWER, 758ec025-fe09-4bac-8062-a2014e5c8846|rpc:10.1.0.11:46773|dataStream:|priority:1|startupRole:FOLLOWER]|listeners:[], old=null
2022-10-30 01:06:35,325 [pool-237-thread-1] INFO  server.RaftServer$Division (RaftServerImpl.java:setRole(321)) - 42907c57-00bf-47e8-816a-b6f44f3b50df@group-63C8A9F83E46: changes role from      null to FOLLOWER at term 0 for startAsFollower
2022-10-30 01:06:35,325 [pool-237-thread-1] INFO  impl.RoleInfo (RoleInfo.java:updateAndGet(139)) - 42907c57-00bf-47e8-816a-b6f44f3b50df: start 42907c57-00bf-47e8-816a-b6f44f3b50df@group-63C8A9F83E46-FollowerState
2022-10-30 01:06:35,327 [pool-237-thread-1] INFO  util.JmxRegister (JmxRegister.java:tryRegister(44)) - Successfully registered JMX Bean with object name Ratis:service=RaftServer,group=group-63C8A9F83E46,id=42907c57-00bf-47e8-816a-b6f44f3b50df
2022-10-30 01:06:35,327 [pool-237-thread-1] INFO  server.RaftServerConfigKeys (ConfUtils.java:logGet(46)) - raft.server.snapshot.auto.trigger.enabled = true (custom)
2022-10-30 01:06:35,327 [pool-237-thread-1] INFO  server.RaftServerConfigKeys (ConfUtils.java:logGet(46)) - raft.server.snapshot.auto.trigger.threshold = 10000 (custom)
2022-10-30 01:06:35,327 [pool-237-thread-1] INFO  server.RaftServerConfigKeys (ConfUtils.java:logGet(46)) - raft.server.snapshot.retention.file.num = 5 (custom)
2022-10-30 01:06:35,327 [pool-237-thread-1] INFO  server.RaftServerConfigKeys (ConfUtils.java:logGet(46)) - raft.server.log.purge.upto.snapshot.index = false (default)
2022-10-30 01:06:35,328 [42907c57-00bf-47e8-816a-b6f44f3b50df@group-63C8A9F83E46-FollowerState] INFO  server.RaftServerConfigKeys (ConfUtils.java:logFallback(53)) - raft.server.rpc.first-election.timeout.min = 5s (fallback to raft.server.rpc.timeout.min)
2022-10-30 01:06:35,328 [42907c57-00bf-47e8-816a-b6f44f3b50df@group-63C8A9F83E46-FollowerState] INFO  server.RaftServerConfigKeys (ConfUtils.java:logFallback(53)) - raft.server.rpc.first-election.timeout.max = 5200ms (fallback to raft.server.rpc.timeout.max)
2022-10-30 01:06:35,335 [Command processor thread] INFO  commandhandler.CreatePipelineCommandHandler (CreatePipelineCommandHandler.java:handle(113)) - Created Pipeline RATIS THREE PipelineID=e2a87e45-9f15-4d40-92e0-63c8a9f83e46.
2022-10-30 01:06:35,418 [Command processor thread] INFO  server.RaftServer (RaftServerProxy.java:addNew(96)) - 42907c57-00bf-47e8-816a-b6f44f3b50df: addNew group-287084F2E785:[42907c57-00bf-47e8-816a-b6f44f3b50df|rpc:10.1.0.11:43117|priority:1|startupRole:FOLLOWER] returns group-287084F2E785:java.util.concurrent.CompletableFuture@1889f1e5[Not completed]
2022-10-30 01:06:35,419 [pool-237-thread-1] INFO  server.RaftServer$Division (RaftServerImpl.java:<init>(195)) - 42907c57-00bf-47e8-816a-b6f44f3b50df: new RaftServerImpl for group-287084F2E785:[42907c57-00bf-47e8-816a-b6f44f3b50df|rpc:10.1.0.11:43117|priority:1|startupRole:FOLLOWER] with ContainerStateMachine:uninitialized
2022-10-30 01:06:35,420 [pool-237-thread-1] INFO  server.RaftServerConfigKeys (ConfUtils.java:logGet(46)) - raft.server.rpc.timeout.min = 5s (custom)
2022-10-30 01:06:35,420 [pool-237-thread-1] INFO  server.RaftServerConfigKeys (ConfUtils.java:logGet(46)) - raft.server.rpc.timeout.max = 5200ms (custom)
2022-10-30 01:06:35,420 [pool-237-thread-1] INFO  server.RaftServerConfigKeys (ConfUtils.java:logGet(46)) - raft.server.rpc.sleep.time = 25ms (default)
2022-10-30 01:06:35,420 [pool-237-thread-1] INFO  server.RaftServerConfigKeys (ConfUtils.java:logGet(46)) - raft.server.rpc.slowness.timeout = 300s (custom)
2022-10-30 01:06:35,420 [pool-237-thread-1] INFO  server.RaftServerConfigKeys (ConfUtils.java:logGet(46)) - raft.server.leaderelection.leader.step-down.wait-time = 10s (default)
2022-10-30 01:06:35,420 [pool-237-thread-1] INFO  server.RaftServerConfigKeys (ConfUtils.java:logGet(46)) - raft.server.sleep.deviation.threshold = 300ms (default)
2022-10-30 01:06:35,420 [pool-237-thread-1] INFO  server.RaftServer$Division (ServerState.java:<init>(118)) - 42907c57-00bf-47e8-816a-b6f44f3b50df@group-287084F2E785: ConfigurationManager, init=-1: peers:[42907c57-00bf-47e8-816a-b6f44f3b50df|rpc:10.1.0.11:43117|priority:1|startupRole:FOLLOWER]|listeners:[], old=null, confs=<EMPTY_MAP>
2022-10-30 01:06:35,420 [pool-237-thread-1] INFO  server.RaftServerConfigKeys (ConfUtils.java:logGet(46)) - raft.server.storage.dir = [/home/runner/work/ozone/ozone/hadoop-ozone/integration-test/target/test-dir/MiniOzoneClusterImpl-d77d6c10-3d51-4ae5-b04b-b5f3d2f20a3f/datanode-7/data/ratis] (custom)
2022-10-30 01:06:35,420 [pool-237-thread-1] INFO  server.RaftServerConfigKeys (ConfUtils.java:logGet(46)) - raft.server.log.corruption.policy = EXCEPTION (default)
2022-10-30 01:06:35,420 [pool-237-thread-1] INFO  server.RaftServerConfigKeys (ConfUtils.java:logGet(46)) - raft.server.storage.free-space.min = 0MB (=0) (default)
2022-10-30 01:06:35,420 [pool-237-thread-1] INFO  server.RaftServerConfigKeys (ConfUtils.java:logGet(46)) - raft.server.notification.no-leader.timeout = 300s (custom)
2022-10-30 01:06:35,420 [pool-237-thread-1] INFO  server.RaftServerConfigKeys (ConfUtils.java:logGet(46)) - raft.server.retrycache.expirytime = 600000ms (custom)
2022-10-30 01:06:35,420 [pool-237-thread-1] INFO  server.RaftServerConfigKeys (ConfUtils.java:logGet(46)) - raft.server.retrycache.statistics.expirytime = 100μs (default)
2022-10-30 01:06:35,421 [pool-237-thread-1] INFO  server.RaftServerConfigKeys (ConfUtils.java:logGet(46)) - raft.server.log.appender.install.snapshot.enabled = false (custom)
2022-10-30 01:06:35,421 [pool-237-thread-1] INFO  server.RaftServerConfigKeys (ConfUtils.java:logGet(46)) - raft.server.threadpool.server.cached = true (default)
2022-10-30 01:06:35,421 [pool-237-thread-1] INFO  server.RaftServerConfigKeys (ConfUtils.java:logGet(46)) - raft.server.threadpool.server.size = 0 (default)
2022-10-30 01:06:35,421 [pool-237-thread-1] INFO  server.RaftServerConfigKeys (ConfUtils.java:logGet(46)) - raft.server.threadpool.client.cached = true (default)
2022-10-30 01:06:35,421 [pool-237-thread-1] INFO  server.RaftServerConfigKeys (ConfUtils.java:logGet(46)) - raft.server.threadpool.client.size = 0 (default)
2022-10-30 01:06:35,421 [pool-237-thread-1] INFO  storage.RaftStorageDirectory (RaftStorageDirectoryImpl.java:analyzeStorage(137)) - The storage directory /home/runner/work/ozone/ozone/hadoop-ozone/integration-test/target/test-dir/MiniOzoneClusterImpl-d77d6c10-3d51-4ae5-b04b-b5f3d2f20a3f/datanode-7/data/ratis/7a245311-3a6c-416a-afda-287084f2e785 does not exist. Creating ...
2022-10-30 01:06:35,422 [pool-237-thread-1] INFO  storage.RaftStorageDirectory (RaftStorageDirectoryImpl.java:tryLock(231)) - Lock on /home/runner/work/ozone/ozone/hadoop-ozone/integration-test/target/test-dir/MiniOzoneClusterImpl-d77d6c10-3d51-4ae5-b04b-b5f3d2f20a3f/datanode-7/data/ratis/7a245311-3a6c-416a-afda-287084f2e785/in_use.lock acquired by nodename 13950@fv-az99-422
2022-10-30 01:06:35,423 [pool-237-thread-1] INFO  storage.RaftStorage (RaftStorageImpl.java:format(96)) - Storage directory /home/runner/work/ozone/ozone/hadoop-ozone/integration-test/target/test-dir/MiniOzoneClusterImpl-d77d6c10-3d51-4ae5-b04b-b5f3d2f20a3f/datanode-7/data/ratis/7a245311-3a6c-416a-afda-287084f2e785 has been successfully formatted.
2022-10-30 01:06:35,425 [EventQueue-PipelineReportForPipelineReportHandler] INFO  pipeline.PipelineManagerImpl (PipelineManagerImpl.java:openPipeline(367)) - Pipeline Pipeline[ Id: 7a245311-3a6c-416a-afda-287084f2e785, Nodes: 42907c57-00bf-47e8-816a-b6f44f3b50df{ip: 10.1.0.11, host: fv-az99-422.euuzywwtp3iu5l5aj42nbmzodg.gx.internal.cloudapp.net, ports: [REPLICATION=40841, RATIS=43117, RATIS_ADMIN=43117, RATIS_SERVER=43117, STANDALONE=36839], networkLocation: /default-rack, certSerialId: null, persistedOpState: IN_SERVICE, persistedOpStateExpiryEpochSec: 0}, ReplicationConfig: RATIS/ONE, State:ALLOCATED, leaderId:42907c57-00bf-47e8-816a-b6f44f3b50df, CreationTimestamp2022-10-30T01:06:32.429Z[Etc/UTC]] moved to OPEN state
2022-10-30 01:06:35,426 [EventQueue-OpenPipelineForHealthyPipelineSafeModeRule] INFO  safemode.SCMSafeModeManager (HealthyPipelineSafeModeRule.java:process(137)) - SCM in safe mode. Healthy pipelines reported count is 0, required healthy pipeline reported count is 1
2022-10-30 01:06:35,426 [pool-237-thread-1] INFO  ratis.ContainerStateMachine (ContainerStateMachine.java:loadSnapshot(236)) - group-287084F2E785: The snapshot info is null. Setting the last applied indexto:(t:0, i:~)
2022-10-30 01:06:35,426 [pool-237-thread-1] INFO  server.RaftServerConfigKeys (ConfUtils.java:logGet(46)) - raft.server.log.use.memory = false (default)
2022-10-30 01:06:35,426 [pool-237-thread-1] INFO  server.RaftServerConfigKeys (ConfUtils.java:logGet(46)) - raft.server.log.purge.gap = 1000000 (custom)
2022-10-30 01:06:35,426 [pool-237-thread-1] INFO  server.RaftServerConfigKeys (ConfUtils.java:logGet(46)) - raft.server.log.appender.buffer.byte-limit = 33554432 (custom)
2022-10-30 01:06:35,426 [pool-237-thread-1] INFO  server.RaftServerConfigKeys (ConfUtils.java:logGet(46)) - raft.server.log.statemachine.data.read.timeout = 1000ms (default)
2022-10-30 01:06:35,426 [pool-237-thread-1] INFO  server.RaftServerConfigKeys (ConfUtils.java:logGet(46)) - raft.server.log.purge.preservation.log.num = 0 (default)
2022-10-30 01:06:35,426 [pool-237-thread-1] INFO  server.RaftServerConfigKeys (ConfUtils.java:logGet(46)) - raft.server.log.segment.size.max = 1048576 (custom)
2022-10-30 01:06:35,427 [pool-237-thread-1] INFO  server.RaftServerConfigKeys (ConfUtils.java:logGet(46)) - raft.server.log.segment.cache.num.max = 2 (custom)
2022-10-30 01:06:35,427 [pool-237-thread-1] INFO  server.RaftServerConfigKeys (ConfUtils.java:logGet(46)) - raft.server.log.segment.cache.size.max = 200MB (=209715200) (default)
2022-10-30 01:06:35,427 [pool-237-thread-1] INFO  segmented.SegmentedRaftLogWorker (SegmentedRaftLogWorker.java:<init>(191)) - new 42907c57-00bf-47e8-816a-b6f44f3b50df@group-287084F2E785-SegmentedRaftLogWorker for RaftStorageImpl:Storage Directory /home/runner/work/ozone/ozone/hadoop-ozone/integration-test/target/test-dir/MiniOzoneClusterImpl-d77d6c10-3d51-4ae5-b04b-b5f3d2f20a3f/datanode-7/data/ratis/7a245311-3a6c-416a-afda-287084f2e785
2022-10-30 01:06:35,427 [pool-237-thread-1] INFO  server.RaftServerConfigKeys (ConfUtils.java:logGet(46)) - raft.server.log.queue.byte-limit = 4294967296 (custom)
2022-10-30 01:06:35,427 [pool-237-thread-1] INFO  server.RaftServerConfigKeys (ConfUtils.java:logGet(46)) - raft.server.log.queue.element-limit = 1024 (custom)
2022-10-30 01:06:35,427 [pool-237-thread-1] INFO  server.RaftServerConfigKeys (ConfUtils.java:logGet(46)) - raft.server.log.segment.size.max = 1048576 (custom)
2022-10-30 01:06:35,427 [pool-237-thread-1] INFO  server.RaftServerConfigKeys (ConfUtils.java:logGet(46)) - raft.server.log.preallocated.size = 16384 (custom)
2022-10-30 01:06:35,427 [pool-237-thread-1] INFO  server.RaftServerConfigKeys (ConfUtils.java:logGet(46)) - raft.server.log.force.sync.num = 128 (default)
2022-10-30 01:06:35,427 [pool-237-thread-1] INFO  server.RaftServerConfigKeys (ConfUtils.java:logGet(46)) - raft.server.log.statemachine.data.sync = true (default)
2022-10-30 01:06:35,427 [pool-237-thread-1] INFO  server.RaftServerConfigKeys (ConfUtils.java:logGet(46)) - raft.server.log.statemachine.data.sync.timeout = 10s (default)
2022-10-30 01:06:35,427 [pool-237-thread-1] INFO  server.RaftServerConfigKeys (ConfUtils.java:logGet(46)) - raft.server.log.statemachine.data.sync.timeout.retry = -1 (default)
2022-10-30 01:06:35,428 [pool-237-thread-1] INFO  server.RaftServerConfigKeys (ConfUtils.java:logGet(46)) - raft.server.log.write.buffer.size = 1048576 (custom)
2022-10-30 01:06:35,428 [pool-237-thread-1] INFO  server.RaftServerConfigKeys (ConfUtils.java:logGet(46)) - raft.server.log.unsafe-flush.enabled = false (default)
2022-10-30 01:06:35,428 [pool-237-thread-1] INFO  server.RaftServerConfigKeys (ConfUtils.java:logGet(46)) - raft.server.log.async-flush.enabled = false (default)
2022-10-30 01:06:35,429 [pool-237-thread-1] INFO  server.RaftServerConfigKeys (ConfUtils.java:logGet(46)) - raft.server.log.statemachine.data.caching.enabled = true (custom)
2022-10-30 01:06:35,429 [pool-237-thread-1] INFO  segmented.SegmentedRaftLogWorker (SegmentedRaftLogWorker.java:lambda$new$0(136)) - 42907c57-00bf-47e8-816a-b6f44f3b50df@group-287084F2E785-SegmentedRaftLogWorker: flushIndex: setUnconditionally 0 -> -1
2022-10-30 01:06:35,429 [pool-237-thread-1] INFO  segmented.SegmentedRaftLogWorker (SegmentedRaftLogWorker.java:lambda$new$0(136)) - 42907c57-00bf-47e8-816a-b6f44f3b50df@group-287084F2E785-SegmentedRaftLogWorker: safeCacheEvictIndex: setUnconditionally 0 -> -1
2022-10-30 01:06:35,429 [pool-237-thread-1] INFO  server.RaftServer$Division (RaftServerImpl.java:start(334)) - 42907c57-00bf-47e8-816a-b6f44f3b50df@group-287084F2E785: start as a follower, conf=-1: peers:[42907c57-00bf-47e8-816a-b6f44f3b50df|rpc:10.1.0.11:43117|priority:1|startupRole:FOLLOWER]|listeners:[], old=null
2022-10-30 01:06:35,429 [pool-237-thread-1] INFO  server.RaftServer$Division (RaftServerImpl.java:setRole(321)) - 42907c57-00bf-47e8-816a-b6f44f3b50df@group-287084F2E785: changes role from      null to FOLLOWER at term 0 for startAsFollower
2022-10-30 01:06:35,430 [pool-237-thread-1] INFO  impl.RoleInfo (RoleInfo.java:updateAndGet(139)) - 42907c57-00bf-47e8-816a-b6f44f3b50df: start 42907c57-00bf-47e8-816a-b6f44f3b50df@group-287084F2E785-FollowerState
2022-10-30 01:06:35,430 [pool-237-thread-1] INFO  util.JmxRegister (JmxRegister.java:tryRegister(44)) - Successfully registered JMX Bean with object name Ratis:service=RaftServer,group=group-287084F2E785,id=42907c57-00bf-47e8-816a-b6f44f3b50df
2022-10-30 01:06:35,430 [pool-237-thread-1] INFO  server.RaftServerConfigKeys (ConfUtils.java:logGet(46)) - raft.server.snapshot.auto.trigger.enabled = true (custom)
2022-10-30 01:06:35,430 [pool-237-thread-1] INFO  server.RaftServerConfigKeys (ConfUtils.java:logGet(46)) - raft.server.snapshot.auto.trigger.threshold = 10000 (custom)
2022-10-30 01:06:35,430 [pool-237-thread-1] INFO  server.RaftServerConfigKeys (ConfUtils.java:logGet(46)) - raft.server.snapshot.retention.file.num = 5 (custom)
2022-10-30 01:06:35,430 [pool-237-thread-1] INFO  server.RaftServerConfigKeys (ConfUtils.java:logGet(46)) - raft.server.log.purge.upto.snapshot.index = false (default)
2022-10-30 01:06:35,431 [42907c57-00bf-47e8-816a-b6f44f3b50df@group-287084F2E785-FollowerState] INFO  server.RaftServerConfigKeys (ConfUtils.java:logFallback(53)) - raft.server.rpc.first-election.timeout.min = 5s (fallback to raft.server.rpc.timeout.min)
2022-10-30 01:06:35,431 [42907c57-00bf-47e8-816a-b6f44f3b50df@group-287084F2E785-FollowerState] INFO  server.RaftServerConfigKeys (ConfUtils.java:logFallback(53)) - raft.server.rpc.first-election.timeout.max = 5200ms (fallback to raft.server.rpc.timeout.max)
2022-10-30 01:06:35,431 [Command processor thread] INFO  ratis.XceiverServerRatis (XceiverServerRatis.java:addGroup(765)) - Created group PipelineID=7a245311-3a6c-416a-afda-287084f2e785
2022-10-30 01:06:35,431 [Command processor thread] INFO  commandhandler.CreatePipelineCommandHandler (CreatePipelineCommandHandler.java:handle(113)) - Created Pipeline RATIS ONE PipelineID=7a245311-3a6c-416a-afda-287084f2e785.
2022-10-30 01:06:35,756 [Command processor thread] INFO  server.RaftServer (RaftServerProxy.java:addNew(96)) - 96632972-14e0-44d5-b3f2-8f1b1022e85f: addNew group-A38106DB0496:[96632972-14e0-44d5-b3f2-8f1b1022e85f|rpc:10.1.0.11:41713|priority:1|startupRole:FOLLOWER] returns group-A38106DB0496:java.util.concurrent.CompletableFuture@74f52d42[Not completed]
2022-10-30 01:06:35,757 [pool-264-thread-1] INFO  server.RaftServer$Division (RaftServerImpl.java:<init>(195)) - 96632972-14e0-44d5-b3f2-8f1b1022e85f: new RaftServerImpl for group-A38106DB0496:[96632972-14e0-44d5-b3f2-8f1b1022e85f|rpc:10.1.0.11:41713|priority:1|startupRole:FOLLOWER] with ContainerStateMachine:uninitialized
2022-10-30 01:06:35,757 [pool-264-thread-1] INFO  server.RaftServerConfigKeys (ConfUtils.java:logGet(46)) - raft.server.rpc.timeout.min = 5s (custom)
2022-10-30 01:06:35,757 [pool-264-thread-1] INFO  server.RaftServerConfigKeys (ConfUtils.java:logGet(46)) - raft.server.rpc.timeout.max = 5200ms (custom)
2022-10-30 01:06:35,757 [pool-264-thread-1] INFO  server.RaftServerConfigKeys (ConfUtils.java:logGet(46)) - raft.server.rpc.sleep.time = 25ms (default)
2022-10-30 01:06:35,757 [pool-264-thread-1] INFO  server.RaftServerConfigKeys (ConfUtils.java:logGet(46)) - raft.server.rpc.slowness.timeout = 300s (custom)
2022-10-30 01:06:35,757 [pool-264-thread-1] INFO  server.RaftServerConfigKeys (ConfUtils.java:logGet(46)) - raft.server.leaderelection.leader.step-down.wait-time = 10s (default)
2022-10-30 01:06:35,757 [pool-264-thread-1] INFO  server.RaftServerConfigKeys (ConfUtils.java:logGet(46)) - raft.server.sleep.deviation.threshold = 300ms (default)
2022-10-30 01:06:35,757 [pool-264-thread-1] INFO  server.RaftServer$Division (ServerState.java:<init>(118)) - 96632972-14e0-44d5-b3f2-8f1b1022e85f@group-A38106DB0496: ConfigurationManager, init=-1: peers:[96632972-14e0-44d5-b3f2-8f1b1022e85f|rpc:10.1.0.11:41713|priority:1|startupRole:FOLLOWER]|listeners:[], old=null, confs=<EMPTY_MAP>
2022-10-30 01:06:35,757 [pool-264-thread-1] INFO  server.RaftServerConfigKeys (ConfUtils.java:logGet(46)) - raft.server.storage.dir = [/home/runner/work/ozone/ozone/hadoop-ozone/integration-test/target/test-dir/MiniOzoneClusterImpl-d77d6c10-3d51-4ae5-b04b-b5f3d2f20a3f/datanode-8/data/ratis] (custom)
2022-10-30 01:06:35,757 [pool-264-thread-1] INFO  server.RaftServerConfigKeys (ConfUtils.java:logGet(46)) - raft.server.log.corruption.policy = EXCEPTION (default)
2022-10-30 01:06:35,757 [pool-264-thread-1] INFO  server.RaftServerConfigKeys (ConfUtils.java:logGet(46)) - raft.server.storage.free-space.min = 0MB (=0) (default)
2022-10-30 01:06:35,758 [pool-264-thread-1] INFO  server.RaftServerConfigKeys (ConfUtils.java:logGet(46)) - raft.server.notification.no-leader.timeout = 300s (custom)
2022-10-30 01:06:35,758 [pool-264-thread-1] INFO  server.RaftServerConfigKeys (ConfUtils.java:logGet(46)) - raft.server.retrycache.expirytime = 600000ms (custom)
2022-10-30 01:06:35,758 [pool-264-thread-1] INFO  server.RaftServerConfigKeys (ConfUtils.java:logGet(46)) - raft.server.retrycache.statistics.expirytime = 100μs (default)
2022-10-30 01:06:35,759 [pool-264-thread-1] INFO  server.RaftServerConfigKeys (ConfUtils.java:logGet(46)) - raft.server.log.appender.install.snapshot.enabled = false (custom)
2022-10-30 01:06:35,759 [pool-264-thread-1] INFO  server.RaftServerConfigKeys (ConfUtils.java:logGet(46)) - raft.server.threadpool.server.cached = true (default)
2022-10-30 01:06:35,759 [pool-264-thread-1] INFO  server.RaftServerConfigKeys (ConfUtils.java:logGet(46)) - raft.server.threadpool.server.size = 0 (default)
2022-10-30 01:06:35,759 [pool-264-thread-1] INFO  server.RaftServerConfigKeys (ConfUtils.java:logGet(46)) - raft.server.threadpool.client.cached = true (default)
2022-10-30 01:06:35,759 [pool-264-thread-1] INFO  server.RaftServerConfigKeys (ConfUtils.java:logGet(46)) - raft.server.threadpool.client.size = 0 (default)
2022-10-30 01:06:35,759 [pool-264-thread-1] INFO  storage.RaftStorageDirectory (RaftStorageDirectoryImpl.java:analyzeStorage(137)) - The storage directory /home/runner/work/ozone/ozone/hadoop-ozone/integration-test/target/test-dir/MiniOzoneClusterImpl-d77d6c10-3d51-4ae5-b04b-b5f3d2f20a3f/datanode-8/data/ratis/97cb59fb-f590-4699-b981-a38106db0496 does not exist. Creating ...
2022-10-30 01:06:35,760 [pool-264-thread-1] INFO  storage.RaftStorageDirectory (RaftStorageDirectoryImpl.java:tryLock(231)) - Lock on /home/runner/work/ozone/ozone/hadoop-ozone/integration-test/target/test-dir/MiniOzoneClusterImpl-d77d6c10-3d51-4ae5-b04b-b5f3d2f20a3f/datanode-8/data/ratis/97cb59fb-f590-4699-b981-a38106db0496/in_use.lock acquired by nodename 13950@fv-az99-422
2022-10-30 01:06:35,761 [pool-264-thread-1] INFO  storage.RaftStorage (RaftStorageImpl.java:format(96)) - Storage directory /home/runner/work/ozone/ozone/hadoop-ozone/integration-test/target/test-dir/MiniOzoneClusterImpl-d77d6c10-3d51-4ae5-b04b-b5f3d2f20a3f/datanode-8/data/ratis/97cb59fb-f590-4699-b981-a38106db0496 has been successfully formatted.
2022-10-30 01:06:35,761 [pool-264-thread-1] INFO  ratis.ContainerStateMachine (ContainerStateMachine.java:loadSnapshot(236)) - group-A38106DB0496: The snapshot info is null. Setting the last applied indexto:(t:0, i:~)
2022-10-30 01:06:35,762 [pool-264-thread-1] INFO  server.RaftServerConfigKeys (ConfUtils.java:logGet(46)) - raft.server.log.use.memory = false (default)
2022-10-30 01:06:35,762 [pool-264-thread-1] INFO  server.RaftServerConfigKeys (ConfUtils.java:logGet(46)) - raft.server.log.purge.gap = 1000000 (custom)
2022-10-30 01:06:35,762 [pool-264-thread-1] INFO  server.RaftServerConfigKeys (ConfUtils.java:logGet(46)) - raft.server.log.appender.buffer.byte-limit = 33554432 (custom)
2022-10-30 01:06:35,762 [pool-264-thread-1] INFO  server.RaftServerConfigKeys (ConfUtils.java:logGet(46)) - raft.server.log.statemachine.data.read.timeout = 1000ms (default)
2022-10-30 01:06:35,762 [pool-264-thread-1] INFO  server.RaftServerConfigKeys (ConfUtils.java:logGet(46)) - raft.server.log.purge.preservation.log.num = 0 (default)
2022-10-30 01:06:35,762 [pool-264-thread-1] INFO  server.RaftServerConfigKeys (ConfUtils.java:logGet(46)) - raft.server.log.segment.size.max = 1048576 (custom)
2022-10-30 01:06:35,762 [pool-264-thread-1] INFO  server.RaftServerConfigKeys (ConfUtils.java:logGet(46)) - raft.server.log.segment.cache.num.max = 2 (custom)
2022-10-30 01:06:35,762 [pool-264-thread-1] INFO  server.RaftServerConfigKeys (ConfUtils.java:logGet(46)) - raft.server.log.segment.cache.size.max = 200MB (=209715200) (default)
2022-10-30 01:06:35,762 [pool-264-thread-1] INFO  segmented.SegmentedRaftLogWorker (SegmentedRaftLogWorker.java:<init>(191)) - new 96632972-14e0-44d5-b3f2-8f1b1022e85f@group-A38106DB0496-SegmentedRaftLogWorker for RaftStorageImpl:Storage Directory /home/runner/work/ozone/ozone/hadoop-ozone/integration-test/target/test-dir/MiniOzoneClusterImpl-d77d6c10-3d51-4ae5-b04b-b5f3d2f20a3f/datanode-8/data/ratis/97cb59fb-f590-4699-b981-a38106db0496
2022-10-30 01:06:35,763 [pool-264-thread-1] INFO  server.RaftServerConfigKeys (ConfUtils.java:logGet(46)) - raft.server.log.queue.byte-limit = 4294967296 (custom)
2022-10-30 01:06:35,763 [pool-264-thread-1] INFO  server.RaftServerConfigKeys (ConfUtils.java:logGet(46)) - raft.server.log.queue.element-limit = 1024 (custom)
2022-10-30 01:06:35,763 [pool-264-thread-1] INFO  server.RaftServerConfigKeys (ConfUtils.java:logGet(46)) - raft.server.log.segment.size.max = 1048576 (custom)
2022-10-30 01:06:35,763 [pool-264-thread-1] INFO  server.RaftServerConfigKeys (ConfUtils.java:logGet(46)) - raft.server.log.preallocated.size = 16384 (custom)
2022-10-30 01:06:35,763 [pool-264-thread-1] INFO  server.RaftServerConfigKeys (ConfUtils.java:logGet(46)) - raft.server.log.force.sync.num = 128 (default)
2022-10-30 01:06:35,763 [pool-264-thread-1] INFO  server.RaftServerConfigKeys (ConfUtils.java:logGet(46)) - raft.server.log.statemachine.data.sync = true (default)
2022-10-30 01:06:35,763 [pool-264-thread-1] INFO  server.RaftServerConfigKeys (ConfUtils.java:logGet(46)) - raft.server.log.statemachine.data.sync.timeout = 10s (default)
2022-10-30 01:06:35,763 [pool-264-thread-1] INFO  server.RaftServerConfigKeys (ConfUtils.java:logGet(46)) - raft.server.log.statemachine.data.sync.timeout.retry = -1 (default)
2022-10-30 01:06:35,763 [EventQueue-PipelineReportForPipelineReportHandler] INFO  pipeline.PipelineManagerImpl (PipelineManagerImpl.java:openPipeline(367)) - Pipeline Pipeline[ Id: 97cb59fb-f590-4699-b981-a38106db0496, Nodes: 96632972-14e0-44d5-b3f2-8f1b1022e85f{ip: 10.1.0.11, host: fv-az99-422.euuzywwtp3iu5l5aj42nbmzodg.gx.internal.cloudapp.net, ports: [REPLICATION=46235, RATIS=41713, RATIS_ADMIN=41713, RATIS_SERVER=41713, STANDALONE=44421], networkLocation: /default-rack, certSerialId: null, persistedOpState: IN_SERVICE, persistedOpStateExpiryEpochSec: 0}, ReplicationConfig: RATIS/ONE, State:ALLOCATED, leaderId:96632972-14e0-44d5-b3f2-8f1b1022e85f, CreationTimestamp2022-10-30T01:06:32.761Z[Etc/UTC]] moved to OPEN state
2022-10-30 01:06:35,763 [EventQueue-OpenPipelineForHealthyPipelineSafeModeRule] INFO  safemode.SCMSafeModeManager (HealthyPipelineSafeModeRule.java:process(137)) - SCM in safe mode. Healthy pipelines reported count is 0, required healthy pipeline reported count is 1
2022-10-30 01:06:35,764 [pool-264-thread-1] INFO  server.RaftServerConfigKeys (ConfUtils.java:logGet(46)) - raft.server.log.write.buffer.size = 1048576 (custom)
2022-10-30 01:06:35,764 [pool-264-thread-1] INFO  server.RaftServerConfigKeys (ConfUtils.java:logGet(46)) - raft.server.log.unsafe-flush.enabled = false (default)
2022-10-30 01:06:35,764 [pool-264-thread-1] INFO  server.RaftServerConfigKeys (ConfUtils.java:logGet(46)) - raft.server.log.async-flush.enabled = false (default)
2022-10-30 01:06:35,764 [pool-264-thread-1] INFO  server.RaftServerConfigKeys (ConfUtils.java:logGet(46)) - raft.server.log.statemachine.data.caching.enabled = true (custom)
2022-10-30 01:06:35,764 [pool-264-thread-1] INFO  segmented.SegmentedRaftLogWorker (SegmentedRaftLogWorker.java:lambda$new$0(136)) - 96632972-14e0-44d5-b3f2-8f1b1022e85f@group-A38106DB0496-SegmentedRaftLogWorker: flushIndex: setUnconditionally 0 -> -1
2022-10-30 01:06:35,764 [pool-264-thread-1] INFO  segmented.SegmentedRaftLogWorker (SegmentedRaftLogWorker.java:lambda$new$0(136)) - 96632972-14e0-44d5-b3f2-8f1b1022e85f@group-A38106DB0496-SegmentedRaftLogWorker: safeCacheEvictIndex: setUnconditionally 0 -> -1
2022-10-30 01:06:35,764 [pool-264-thread-1] INFO  server.RaftServer$Division (RaftServerImpl.java:start(334)) - 96632972-14e0-44d5-b3f2-8f1b1022e85f@group-A38106DB0496: start as a follower, conf=-1: peers:[96632972-14e0-44d5-b3f2-8f1b1022e85f|rpc:10.1.0.11:41713|priority:1|startupRole:FOLLOWER]|listeners:[], old=null
2022-10-30 01:06:35,764 [pool-264-thread-1] INFO  server.RaftServer$Division (RaftServerImpl.java:setRole(321)) - 96632972-14e0-44d5-b3f2-8f1b1022e85f@group-A38106DB0496: changes role from      null to FOLLOWER at term 0 for startAsFollower
2022-10-30 01:06:35,765 [pool-264-thread-1] INFO  impl.RoleInfo (RoleInfo.java:updateAndGet(139)) - 96632972-14e0-44d5-b3f2-8f1b1022e85f: start 96632972-14e0-44d5-b3f2-8f1b1022e85f@group-A38106DB0496-FollowerState
2022-10-30 01:06:35,765 [pool-264-thread-1] INFO  util.JmxRegister (JmxRegister.java:tryRegister(44)) - Successfully registered JMX Bean with object name Ratis:service=RaftServer,group=group-A38106DB0496,id=96632972-14e0-44d5-b3f2-8f1b1022e85f
2022-10-30 01:06:35,765 [pool-264-thread-1] INFO  server.RaftServerConfigKeys (ConfUtils.java:logGet(46)) - raft.server.snapshot.auto.trigger.enabled = true (custom)
2022-10-30 01:06:35,765 [pool-264-thread-1] INFO  server.RaftServerConfigKeys (ConfUtils.java:logGet(46)) - raft.server.snapshot.auto.trigger.threshold = 10000 (custom)
2022-10-30 01:06:35,765 [pool-264-thread-1] INFO  server.RaftServerConfigKeys (ConfUtils.java:logGet(46)) - raft.server.snapshot.retention.file.num = 5 (custom)
2022-10-30 01:06:35,765 [pool-264-thread-1] INFO  server.RaftServerConfigKeys (ConfUtils.java:logGet(46)) - raft.server.log.purge.upto.snapshot.index = false (default)
2022-10-30 01:06:35,765 [96632972-14e0-44d5-b3f2-8f1b1022e85f@group-A38106DB0496-FollowerState] INFO  server.RaftServerConfigKeys (ConfUtils.java:logFallback(53)) - raft.server.rpc.first-election.timeout.min = 5s (fallback to raft.server.rpc.timeout.min)
2022-10-30 01:06:35,765 [96632972-14e0-44d5-b3f2-8f1b1022e85f@group-A38106DB0496-FollowerState] INFO  server.RaftServerConfigKeys (ConfUtils.java:logFallback(53)) - raft.server.rpc.first-election.timeout.max = 5200ms (fallback to raft.server.rpc.timeout.max)
2022-10-30 01:06:35,766 [Command processor thread] INFO  ratis.XceiverServerRatis (XceiverServerRatis.java:addGroup(765)) - Created group PipelineID=97cb59fb-f590-4699-b981-a38106db0496
2022-10-30 01:06:35,766 [Command processor thread] INFO  commandhandler.CreatePipelineCommandHandler (CreatePipelineCommandHandler.java:handle(113)) - Created Pipeline RATIS ONE PipelineID=97cb59fb-f590-4699-b981-a38106db0496.
2022-10-30 01:06:36,203 [Listener at 127.0.0.1/42013] INFO  ozone.MiniOzoneClusterImpl (MiniOzoneClusterImpl.java:lambda$waitForClusterToBeReady$0(216)) - Nodes are ready. Got 10 of 10 DN Heartbeats.
2022-10-30 01:06:36,203 [Listener at 127.0.0.1/42013] INFO  ozone.MiniOzoneClusterImpl (MiniOzoneClusterImpl.java:lambda$waitForClusterToBeReady$0(219)) - Waiting for cluster to exit safe mode
2022-10-30 01:06:36,203 [Listener at 127.0.0.1/42013] INFO  ozone.MiniOzoneClusterImpl (MiniOzoneClusterImpl.java:lambda$waitForClusterToBeReady$0(221)) - SCM became leader
2022-10-30 01:06:36,206 [Command processor thread] INFO  server.RaftServer (RaftServerProxy.java:addNew(96)) - 1641b62a-4180-4dbf-88c4-03961663b9b6: addNew group-BC93B82E8E82:[1641b62a-4180-4dbf-88c4-03961663b9b6|rpc:10.1.0.11:34115|priority:1|startupRole:FOLLOWER] returns group-BC93B82E8E82:java.util.concurrent.CompletableFuture@237b2172[Not completed]
2022-10-30 01:06:36,207 [pool-291-thread-1] INFO  server.RaftServer$Division (RaftServerImpl.java:<init>(195)) - 1641b62a-4180-4dbf-88c4-03961663b9b6: new RaftServerImpl for group-BC93B82E8E82:[1641b62a-4180-4dbf-88c4-03961663b9b6|rpc:10.1.0.11:34115|priority:1|startupRole:FOLLOWER] with ContainerStateMachine:uninitialized
2022-10-30 01:06:36,208 [pool-291-thread-1] INFO  server.RaftServerConfigKeys (ConfUtils.java:logGet(46)) - raft.server.rpc.timeout.min = 5s (custom)
2022-10-30 01:06:36,208 [pool-291-thread-1] INFO  server.RaftServerConfigKeys (ConfUtils.java:logGet(46)) - raft.server.rpc.timeout.max = 5200ms (custom)
2022-10-30 01:06:36,208 [pool-291-thread-1] INFO  server.RaftServerConfigKeys (ConfUtils.java:logGet(46)) - raft.server.rpc.sleep.time = 25ms (default)
2022-10-30 01:06:36,208 [pool-291-thread-1] INFO  server.RaftServerConfigKeys (ConfUtils.java:logGet(46)) - raft.server.rpc.slowness.timeout = 300s (custom)
2022-10-30 01:06:36,208 [pool-291-thread-1] INFO  server.RaftServerConfigKeys (ConfUtils.java:logGet(46)) - raft.server.leaderelection.leader.step-down.wait-time = 10s (default)
2022-10-30 01:06:36,208 [pool-291-thread-1] INFO  server.RaftServerConfigKeys (ConfUtils.java:logGet(46)) - raft.server.sleep.deviation.threshold = 300ms (default)
2022-10-30 01:06:36,208 [pool-291-thread-1] INFO  server.RaftServer$Division (ServerState.java:<init>(118)) - 1641b62a-4180-4dbf-88c4-03961663b9b6@group-BC93B82E8E82: ConfigurationManager, init=-1: peers:[1641b62a-4180-4dbf-88c4-03961663b9b6|rpc:10.1.0.11:34115|priority:1|startupRole:FOLLOWER]|listeners:[], old=null, confs=<EMPTY_MAP>
2022-10-30 01:06:36,208 [pool-291-thread-1] INFO  server.RaftServerConfigKeys (ConfUtils.java:logGet(46)) - raft.server.storage.dir = [/home/runner/work/ozone/ozone/hadoop-ozone/integration-test/target/test-dir/MiniOzoneClusterImpl-d77d6c10-3d51-4ae5-b04b-b5f3d2f20a3f/datanode-9/data/ratis] (custom)
2022-10-30 01:06:36,208 [pool-291-thread-1] INFO  server.RaftServerConfigKeys (ConfUtils.java:logGet(46)) - raft.server.log.corruption.policy = EXCEPTION (default)
2022-10-30 01:06:36,208 [pool-291-thread-1] INFO  server.RaftServerConfigKeys (ConfUtils.java:logGet(46)) - raft.server.storage.free-space.min = 0MB (=0) (default)
2022-10-30 01:06:36,208 [pool-291-thread-1] INFO  server.RaftServerConfigKeys (ConfUtils.java:logGet(46)) - raft.server.notification.no-leader.timeout = 300s (custom)
2022-10-30 01:06:36,208 [pool-291-thread-1] INFO  server.RaftServerConfigKeys (ConfUtils.java:logGet(46)) - raft.server.retrycache.expirytime = 600000ms (custom)
2022-10-30 01:06:36,208 [pool-291-thread-1] INFO  server.RaftServerConfigKeys (ConfUtils.java:logGet(46)) - raft.server.retrycache.statistics.expirytime = 100μs (default)
2022-10-30 01:06:36,210 [pool-291-thread-1] INFO  server.RaftServerConfigKeys (ConfUtils.java:logGet(46)) - raft.server.log.appender.install.snapshot.enabled = false (custom)
2022-10-30 01:06:36,210 [pool-291-thread-1] INFO  server.RaftServerConfigKeys (ConfUtils.java:logGet(46)) - raft.server.threadpool.server.cached = true (default)
2022-10-30 01:06:36,210 [pool-291-thread-1] INFO  server.RaftServerConfigKeys (ConfUtils.java:logGet(46)) - raft.server.threadpool.server.size = 0 (default)
2022-10-30 01:06:36,211 [pool-291-thread-1] INFO  server.RaftServerConfigKeys (ConfUtils.java:logGet(46)) - raft.server.threadpool.client.cached = true (default)
2022-10-30 01:06:36,211 [pool-291-thread-1] INFO  server.RaftServerConfigKeys (ConfUtils.java:logGet(46)) - raft.server.threadpool.client.size = 0 (default)
2022-10-30 01:06:36,211 [pool-291-thread-1] INFO  storage.RaftStorageDirectory (RaftStorageDirectoryImpl.java:analyzeStorage(137)) - The storage directory /home/runner/work/ozone/ozone/hadoop-ozone/integration-test/target/test-dir/MiniOzoneClusterImpl-d77d6c10-3d51-4ae5-b04b-b5f3d2f20a3f/datanode-9/data/ratis/128cceab-6cf7-4e7b-a5e4-bc93b82e8e82 does not exist. Creating ...
2022-10-30 01:06:36,212 [pool-291-thread-1] INFO  storage.RaftStorageDirectory (RaftStorageDirectoryImpl.java:tryLock(231)) - Lock on /home/runner/work/ozone/ozone/hadoop-ozone/integration-test/target/test-dir/MiniOzoneClusterImpl-d77d6c10-3d51-4ae5-b04b-b5f3d2f20a3f/datanode-9/data/ratis/128cceab-6cf7-4e7b-a5e4-bc93b82e8e82/in_use.lock acquired by nodename 13950@fv-az99-422
2022-10-30 01:06:36,213 [pool-291-thread-1] INFO  storage.RaftStorage (RaftStorageImpl.java:format(96)) - Storage directory /home/runner/work/ozone/ozone/hadoop-ozone/integration-test/target/test-dir/MiniOzoneClusterImpl-d77d6c10-3d51-4ae5-b04b-b5f3d2f20a3f/datanode-9/data/ratis/128cceab-6cf7-4e7b-a5e4-bc93b82e8e82 has been successfully formatted.
2022-10-30 01:06:36,213 [pool-291-thread-1] INFO  ratis.ContainerStateMachine (ContainerStateMachine.java:loadSnapshot(236)) - group-BC93B82E8E82: The snapshot info is null. Setting the last applied indexto:(t:0, i:~)
2022-10-30 01:06:36,213 [pool-291-thread-1] INFO  server.RaftServerConfigKeys (ConfUtils.java:logGet(46)) - raft.server.log.use.memory = false (default)
2022-10-30 01:06:36,213 [pool-291-thread-1] INFO  server.RaftServerConfigKeys (ConfUtils.java:logGet(46)) - raft.server.log.purge.gap = 1000000 (custom)
2022-10-30 01:06:36,213 [pool-291-thread-1] INFO  server.RaftServerConfigKeys (ConfUtils.java:logGet(46)) - raft.server.log.appender.buffer.byte-limit = 33554432 (custom)
2022-10-30 01:06:36,213 [pool-291-thread-1] INFO  server.RaftServerConfigKeys (ConfUtils.java:logGet(46)) - raft.server.log.statemachine.data.read.timeout = 1000ms (default)
2022-10-30 01:06:36,213 [pool-291-thread-1] INFO  server.RaftServerConfigKeys (ConfUtils.java:logGet(46)) - raft.server.log.purge.preservation.log.num = 0 (default)
2022-10-30 01:06:36,215 [EventQueue-PipelineReportForPipelineReportHandler] INFO  pipeline.PipelineManagerImpl (PipelineManagerImpl.java:openPipeline(367)) - Pipeline Pipeline[ Id: 128cceab-6cf7-4e7b-a5e4-bc93b82e8e82, Nodes: 1641b62a-4180-4dbf-88c4-03961663b9b6{ip: 10.1.0.11, host: fv-az99-422.euuzywwtp3iu5l5aj42nbmzodg.gx.internal.cloudapp.net, ports: [REPLICATION=44987, RATIS=34115, RATIS_ADMIN=34115, RATIS_SERVER=34115, STANDALONE=39407], networkLocation: /default-rack, certSerialId: null, persistedOpState: IN_SERVICE, persistedOpStateExpiryEpochSec: 0}, ReplicationConfig: RATIS/ONE, State:ALLOCATED, leaderId:1641b62a-4180-4dbf-88c4-03961663b9b6, CreationTimestamp2022-10-30T01:06:33.208Z[Etc/UTC]] moved to OPEN state
2022-10-30 01:06:36,215 [pool-291-thread-1] INFO  server.RaftServerConfigKeys (ConfUtils.java:logGet(46)) - raft.server.log.segment.size.max = 1048576 (custom)
2022-10-30 01:06:36,215 [pool-291-thread-1] INFO  server.RaftServerConfigKeys (ConfUtils.java:logGet(46)) - raft.server.log.segment.cache.num.max = 2 (custom)
2022-10-30 01:06:36,215 [EventQueue-OpenPipelineForHealthyPipelineSafeModeRule] INFO  safemode.SCMSafeModeManager (HealthyPipelineSafeModeRule.java:process(137)) - SCM in safe mode. Healthy pipelines reported count is 0, required healthy pipeline reported count is 1
2022-10-30 01:06:36,215 [pool-291-thread-1] INFO  server.RaftServerConfigKeys (ConfUtils.java:logGet(46)) - raft.server.log.segment.cache.size.max = 200MB (=209715200) (default)
2022-10-30 01:06:36,215 [pool-291-thread-1] INFO  segmented.SegmentedRaftLogWorker (SegmentedRaftLogWorker.java:<init>(191)) - new 1641b62a-4180-4dbf-88c4-03961663b9b6@group-BC93B82E8E82-SegmentedRaftLogWorker for RaftStorageImpl:Storage Directory /home/runner/work/ozone/ozone/hadoop-ozone/integration-test/target/test-dir/MiniOzoneClusterImpl-d77d6c10-3d51-4ae5-b04b-b5f3d2f20a3f/datanode-9/data/ratis/128cceab-6cf7-4e7b-a5e4-bc93b82e8e82
2022-10-30 01:06:36,215 [pool-291-thread-1] INFO  server.RaftServerConfigKeys (ConfUtils.java:logGet(46)) - raft.server.log.queue.byte-limit = 4294967296 (custom)
2022-10-30 01:06:36,215 [pool-291-thread-1] INFO  server.RaftServerConfigKeys (ConfUtils.java:logGet(46)) - raft.server.log.queue.element-limit = 1024 (custom)
2022-10-30 01:06:36,215 [pool-291-thread-1] INFO  server.RaftServerConfigKeys (ConfUtils.java:logGet(46)) - raft.server.log.segment.size.max = 1048576 (custom)
2022-10-30 01:06:36,215 [pool-291-thread-1] INFO  server.RaftServerConfigKeys (ConfUtils.java:logGet(46)) - raft.server.log.preallocated.size = 16384 (custom)
2022-10-30 01:06:36,215 [pool-291-thread-1] INFO  server.RaftServerConfigKeys (ConfUtils.java:logGet(46)) - raft.server.log.force.sync.num = 128 (default)
2022-10-30 01:06:36,215 [pool-291-thread-1] INFO  server.RaftServerConfigKeys (ConfUtils.java:logGet(46)) - raft.server.log.statemachine.data.sync = true (default)
2022-10-30 01:06:36,215 [pool-291-thread-1] INFO  server.RaftServerConfigKeys (ConfUtils.java:logGet(46)) - raft.server.log.statemachine.data.sync.timeout = 10s (default)
2022-10-30 01:06:36,215 [pool-291-thread-1] INFO  server.RaftServerConfigKeys (ConfUtils.java:logGet(46)) - raft.server.log.statemachine.data.sync.timeout.retry = -1 (default)
2022-10-30 01:06:36,216 [pool-291-thread-1] INFO  server.RaftServerConfigKeys (ConfUtils.java:logGet(46)) - raft.server.log.write.buffer.size = 1048576 (custom)
2022-10-30 01:06:36,217 [pool-291-thread-1] INFO  server.RaftServerConfigKeys (ConfUtils.java:logGet(46)) - raft.server.log.unsafe-flush.enabled = false (default)
2022-10-30 01:06:36,217 [pool-291-thread-1] INFO  server.RaftServerConfigKeys (ConfUtils.java:logGet(46)) - raft.server.log.async-flush.enabled = false (default)
2022-10-30 01:06:36,217 [pool-291-thread-1] INFO  server.RaftServerConfigKeys (ConfUtils.java:logGet(46)) - raft.server.log.statemachine.data.caching.enabled = true (custom)
2022-10-30 01:06:36,217 [pool-291-thread-1] INFO  segmented.SegmentedRaftLogWorker (SegmentedRaftLogWorker.java:lambda$new$0(136)) - 1641b62a-4180-4dbf-88c4-03961663b9b6@group-BC93B82E8E82-SegmentedRaftLogWorker: flushIndex: setUnconditionally 0 -> -1
2022-10-30 01:06:36,217 [pool-291-thread-1] INFO  segmented.SegmentedRaftLogWorker (SegmentedRaftLogWorker.java:lambda$new$0(136)) - 1641b62a-4180-4dbf-88c4-03961663b9b6@group-BC93B82E8E82-SegmentedRaftLogWorker: safeCacheEvictIndex: setUnconditionally 0 -> -1
2022-10-30 01:06:36,217 [pool-291-thread-1] INFO  server.RaftServer$Division (RaftServerImpl.java:start(334)) - 1641b62a-4180-4dbf-88c4-03961663b9b6@group-BC93B82E8E82: start as a follower, conf=-1: peers:[1641b62a-4180-4dbf-88c4-03961663b9b6|rpc:10.1.0.11:34115|priority:1|startupRole:FOLLOWER]|listeners:[], old=null
2022-10-30 01:06:36,217 [pool-291-thread-1] INFO  server.RaftServer$Division (RaftServerImpl.java:setRole(321)) - 1641b62a-4180-4dbf-88c4-03961663b9b6@group-BC93B82E8E82: changes role from      null to FOLLOWER at term 0 for startAsFollower
2022-10-30 01:06:36,217 [pool-291-thread-1] INFO  impl.RoleInfo (RoleInfo.java:updateAndGet(139)) - 1641b62a-4180-4dbf-88c4-03961663b9b6: start 1641b62a-4180-4dbf-88c4-03961663b9b6@group-BC93B82E8E82-FollowerState
2022-10-30 01:06:36,218 [1641b62a-4180-4dbf-88c4-03961663b9b6@group-BC93B82E8E82-FollowerState] INFO  server.RaftServerConfigKeys (ConfUtils.java:logFallback(53)) - raft.server.rpc.first-election.timeout.min = 5s (fallback to raft.server.rpc.timeout.min)
2022-10-30 01:06:36,218 [1641b62a-4180-4dbf-88c4-03961663b9b6@group-BC93B82E8E82-FollowerState] INFO  server.RaftServerConfigKeys (ConfUtils.java:logFallback(53)) - raft.server.rpc.first-election.timeout.max = 5200ms (fallback to raft.server.rpc.timeout.max)
2022-10-30 01:06:36,218 [pool-291-thread-1] INFO  util.JmxRegister (JmxRegister.java:tryRegister(44)) - Successfully registered JMX Bean with object name Ratis:service=RaftServer,group=group-BC93B82E8E82,id=1641b62a-4180-4dbf-88c4-03961663b9b6
2022-10-30 01:06:36,218 [pool-291-thread-1] INFO  server.RaftServerConfigKeys (ConfUtils.java:logGet(46)) - raft.server.snapshot.auto.trigger.enabled = true (custom)
2022-10-30 01:06:36,218 [pool-291-thread-1] INFO  server.RaftServerConfigKeys (ConfUtils.java:logGet(46)) - raft.server.snapshot.auto.trigger.threshold = 10000 (custom)
2022-10-30 01:06:36,218 [pool-291-thread-1] INFO  server.RaftServerConfigKeys (ConfUtils.java:logGet(46)) - raft.server.snapshot.retention.file.num = 5 (custom)
2022-10-30 01:06:36,218 [pool-291-thread-1] INFO  server.RaftServerConfigKeys (ConfUtils.java:logGet(46)) - raft.server.log.purge.upto.snapshot.index = false (default)
2022-10-30 01:06:36,225 [Command processor thread] INFO  ratis.XceiverServerRatis (XceiverServerRatis.java:addGroup(765)) - Created group PipelineID=128cceab-6cf7-4e7b-a5e4-bc93b82e8e82
2022-10-30 01:06:36,225 [Command processor thread] INFO  commandhandler.CreatePipelineCommandHandler (CreatePipelineCommandHandler.java:handle(113)) - Created Pipeline RATIS ONE PipelineID=128cceab-6cf7-4e7b-a5e4-bc93b82e8e82.
2022-10-30 01:06:37,203 [Listener at 127.0.0.1/42013] INFO  ozone.MiniOzoneClusterImpl (MiniOzoneClusterImpl.java:lambda$waitForClusterToBeReady$0(216)) - Nodes are ready. Got 10 of 10 DN Heartbeats.
2022-10-30 01:06:37,204 [Listener at 127.0.0.1/42013] INFO  ozone.MiniOzoneClusterImpl (MiniOzoneClusterImpl.java:lambda$waitForClusterToBeReady$0(219)) - Waiting for cluster to exit safe mode
2022-10-30 01:06:37,204 [Listener at 127.0.0.1/42013] INFO  ozone.MiniOzoneClusterImpl (MiniOzoneClusterImpl.java:lambda$waitForClusterToBeReady$0(221)) - SCM became leader
2022-10-30 01:06:38,038 [86e92292-7141-46cb-9ed5-093a2cfc2b40@group-89BC2ECE481D-FollowerState] INFO  impl.FollowerState (FollowerState.java:run(143)) - 86e92292-7141-46cb-9ed5-093a2cfc2b40@group-89BC2ECE481D-FollowerState: change to CANDIDATE, lastRpcElapsedTime:5004589208ns, electionTimeout:5003ms
2022-10-30 01:06:38,038 [86e92292-7141-46cb-9ed5-093a2cfc2b40@group-89BC2ECE481D-FollowerState] INFO  impl.RoleInfo (RoleInfo.java:shutdownFollowerState(110)) - 86e92292-7141-46cb-9ed5-093a2cfc2b40: shutdown 86e92292-7141-46cb-9ed5-093a2cfc2b40@group-89BC2ECE481D-FollowerState
2022-10-30 01:06:38,038 [86e92292-7141-46cb-9ed5-093a2cfc2b40@group-89BC2ECE481D-FollowerState] INFO  server.RaftServer$Division (RaftServerImpl.java:setRole(321)) - 86e92292-7141-46cb-9ed5-093a2cfc2b40@group-89BC2ECE481D: changes role from  FOLLOWER to CANDIDATE at term 0 for changeToCandidate
2022-10-30 01:06:38,039 [86e92292-7141-46cb-9ed5-093a2cfc2b40@group-89BC2ECE481D-FollowerState] INFO  server.RaftServerConfigKeys (ConfUtils.java:logGet(46)) - raft.server.leaderelection.pre-vote = false (custom)
2022-10-30 01:06:38,040 [86e92292-7141-46cb-9ed5-093a2cfc2b40@group-89BC2ECE481D-FollowerState] INFO  impl.RoleInfo (RoleInfo.java:updateAndGet(139)) - 86e92292-7141-46cb-9ed5-093a2cfc2b40: start 86e92292-7141-46cb-9ed5-093a2cfc2b40@group-89BC2ECE481D-LeaderElection2
2022-10-30 01:06:38,045 [86e92292-7141-46cb-9ed5-093a2cfc2b40@group-89BC2ECE481D-LeaderElection2] INFO  impl.LeaderElection (LeaderElection.java:askForVotes(312)) - 86e92292-7141-46cb-9ed5-093a2cfc2b40@group-89BC2ECE481D-LeaderElection2 ELECTION round 0: submit vote requests at term 1 for -1: peers:[86e92292-7141-46cb-9ed5-093a2cfc2b40|rpc:10.1.0.11:44269|priority:1|startupRole:FOLLOWER]|listeners:[], old=null
2022-10-30 01:06:38,045 [86e92292-7141-46cb-9ed5-093a2cfc2b40@group-89BC2ECE481D-LeaderElection2] INFO  impl.LeaderElection (LeaderElection.java:askForVotes(314)) - 86e92292-7141-46cb-9ed5-093a2cfc2b40@group-89BC2ECE481D-LeaderElection2 ELECTION round 0: result PASSED (term=1)
2022-10-30 01:06:38,045 [86e92292-7141-46cb-9ed5-093a2cfc2b40@group-89BC2ECE481D-LeaderElection2] INFO  impl.RoleInfo (RoleInfo.java:shutdownLeaderElection(130)) - 86e92292-7141-46cb-9ed5-093a2cfc2b40: shutdown 86e92292-7141-46cb-9ed5-093a2cfc2b40@group-89BC2ECE481D-LeaderElection2
2022-10-30 01:06:38,045 [86e92292-7141-46cb-9ed5-093a2cfc2b40@group-89BC2ECE481D-LeaderElection2] INFO  server.RaftServer$Division (RaftServerImpl.java:setRole(321)) - 86e92292-7141-46cb-9ed5-093a2cfc2b40@group-89BC2ECE481D: changes role from CANDIDATE to LEADER at term 1 for changeToLeader
2022-10-30 01:06:38,045 [86e92292-7141-46cb-9ed5-093a2cfc2b40@group-89BC2ECE481D-LeaderElection2] INFO  ratis.XceiverServerRatis (XceiverServerRatis.java:handleLeaderChangedNotification(863)) - Leader change notification received for group: group-89BC2ECE481D with new leaderId: 86e92292-7141-46cb-9ed5-093a2cfc2b40
2022-10-30 01:06:38,045 [86e92292-7141-46cb-9ed5-093a2cfc2b40@group-89BC2ECE481D-LeaderElection2] INFO  server.RaftServer$Division (ServerState.java:setLeader(313)) - 86e92292-7141-46cb-9ed5-093a2cfc2b40@group-89BC2ECE481D: change Leader from null to 86e92292-7141-46cb-9ed5-093a2cfc2b40 at term 1 for becomeLeader, leader elected after 5045ms
2022-10-30 01:06:38,045 [86e92292-7141-46cb-9ed5-093a2cfc2b40@group-89BC2ECE481D-LeaderElection2] INFO  server.RaftServerConfigKeys (ConfUtils.java:logGet(46)) - raft.server.staging.catchup.gap = 1000 (default)
2022-10-30 01:06:38,046 [86e92292-7141-46cb-9ed5-093a2cfc2b40@group-89BC2ECE481D-LeaderElection2] INFO  server.RaftServerConfigKeys (ConfUtils.java:logGet(46)) - raft.server.write.element-limit = 1024 (custom)
2022-10-30 01:06:38,046 [86e92292-7141-46cb-9ed5-093a2cfc2b40@group-89BC2ECE481D-LeaderElection2] INFO  server.RaftServerConfigKeys (ConfUtils.java:logGet(46)) - raft.server.write.byte-limit = 1024 M (=1073741824) (custom)
2022-10-30 01:06:38,046 [86e92292-7141-46cb-9ed5-093a2cfc2b40@group-89BC2ECE481D-LeaderElection2] INFO  server.RaftServerConfigKeys (ConfUtils.java:logGet(46)) - raft.server.watch.timeout = 180s (custom)
2022-10-30 01:06:38,046 [86e92292-7141-46cb-9ed5-093a2cfc2b40@group-89BC2ECE481D-LeaderElection2] INFO  server.RaftServerConfigKeys (ConfUtils.java:logGet(46)) - raft.server.watch.timeout.denomination = 1s (default)
2022-10-30 01:06:38,046 [86e92292-7141-46cb-9ed5-093a2cfc2b40@group-89BC2ECE481D-LeaderElection2] INFO  server.RaftServerConfigKeys (ConfUtils.java:logGet(46)) - raft.server.watch.element-limit = 65536 (default)
2022-10-30 01:06:38,046 [86e92292-7141-46cb-9ed5-093a2cfc2b40@group-89BC2ECE481D-LeaderElection2] INFO  server.RaftServerConfigKeys (ConfUtils.java:logGet(46)) - raft.server.write.element-limit = 1024 (custom)
2022-10-30 01:06:38,046 [86e92292-7141-46cb-9ed5-093a2cfc2b40@group-89BC2ECE481D-LeaderElection2] INFO  server.RaftServerConfigKeys (ConfUtils.java:logGet(46)) - raft.server.write.follower.gap.ratio.max = -1.0 (default)
2022-10-30 01:06:38,047 [86e92292-7141-46cb-9ed5-093a2cfc2b40@group-89BC2ECE481D-LeaderElection2] INFO  impl.RoleInfo (RoleInfo.java:updateAndGet(139)) - 86e92292-7141-46cb-9ed5-093a2cfc2b40: start 86e92292-7141-46cb-9ed5-093a2cfc2b40@group-89BC2ECE481D-LeaderStateImpl
2022-10-30 01:06:38,047 [EventQueue-OpenPipelineForHealthyPipelineSafeModeRule] INFO  safemode.SCMSafeModeManager (HealthyPipelineSafeModeRule.java:process(137)) - SCM in safe mode. Healthy pipelines reported count is 0, required healthy pipeline reported count is 1
2022-10-30 01:06:38,047 [86e92292-7141-46cb-9ed5-093a2cfc2b40@group-89BC2ECE481D-LeaderElection2] INFO  segmented.SegmentedRaftLogWorker (SegmentedRaftLogWorker.java:startLogSegment(452)) - 86e92292-7141-46cb-9ed5-093a2cfc2b40@group-89BC2ECE481D-SegmentedRaftLogWorker: Starting segment from index:0
2022-10-30 01:06:38,048 [86e92292-7141-46cb-9ed5-093a2cfc2b40@group-89BC2ECE481D-SegmentedRaftLogWorker] INFO  segmented.SegmentedRaftLogWorker (SegmentedRaftLogWorker.java:execute(656)) - 86e92292-7141-46cb-9ed5-093a2cfc2b40@group-89BC2ECE481D-SegmentedRaftLogWorker: created new log segment /home/runner/work/ozone/ozone/hadoop-ozone/integration-test/target/test-dir/MiniOzoneClusterImpl-d77d6c10-3d51-4ae5-b04b-b5f3d2f20a3f/datanode-0/data/ratis/14b03143-e994-4b5c-8c0f-89bc2ece481d/current/log_inprogress_0
2022-10-30 01:06:38,055 [86e92292-7141-46cb-9ed5-093a2cfc2b40@group-89BC2ECE481D-LeaderElection2] INFO  server.RaftServer$Division (ServerState.java:setRaftConf(430)) - 86e92292-7141-46cb-9ed5-093a2cfc2b40@group-89BC2ECE481D: set configuration 0: peers:[86e92292-7141-46cb-9ed5-093a2cfc2b40|rpc:10.1.0.11:44269|dataStream:|priority:1|startupRole:FOLLOWER]|listeners:[], old=null
2022-10-30 01:06:38,204 [Listener at 127.0.0.1/42013] INFO  ozone.MiniOzoneClusterImpl (MiniOzoneClusterImpl.java:lambda$waitForClusterToBeReady$0(216)) - Nodes are ready. Got 10 of 10 DN Heartbeats.
2022-10-30 01:06:38,204 [Listener at 127.0.0.1/42013] INFO  ozone.MiniOzoneClusterImpl (MiniOzoneClusterImpl.java:lambda$waitForClusterToBeReady$0(219)) - Waiting for cluster to exit safe mode
2022-10-30 01:06:38,204 [Listener at 127.0.0.1/42013] INFO  ozone.MiniOzoneClusterImpl (MiniOzoneClusterImpl.java:lambda$waitForClusterToBeReady$0(221)) - SCM became leader
2022-10-30 01:06:38,261 [86e92292-7141-46cb-9ed5-093a2cfc2b40@group-C5655235CD35-FollowerState] INFO  impl.FollowerState (FollowerState.java:run(143)) - 86e92292-7141-46cb-9ed5-093a2cfc2b40@group-C5655235CD35-FollowerState: change to CANDIDATE, lastRpcElapsedTime:5193477262ns, electionTimeout:5186ms
2022-10-30 01:06:38,262 [86e92292-7141-46cb-9ed5-093a2cfc2b40@group-C5655235CD35-FollowerState] INFO  impl.RoleInfo (RoleInfo.java:shutdownFollowerState(110)) - 86e92292-7141-46cb-9ed5-093a2cfc2b40: shutdown 86e92292-7141-46cb-9ed5-093a2cfc2b40@group-C5655235CD35-FollowerState
2022-10-30 01:06:38,262 [86e92292-7141-46cb-9ed5-093a2cfc2b40@group-C5655235CD35-FollowerState] INFO  server.RaftServer$Division (RaftServerImpl.java:setRole(321)) - 86e92292-7141-46cb-9ed5-093a2cfc2b40@group-C5655235CD35: changes role from  FOLLOWER to CANDIDATE at term 0 for changeToCandidate
2022-10-30 01:06:38,263 [86e92292-7141-46cb-9ed5-093a2cfc2b40@group-C5655235CD35-FollowerState] INFO  server.RaftServerConfigKeys (ConfUtils.java:logGet(46)) - raft.server.leaderelection.pre-vote = false (custom)
2022-10-30 01:06:38,263 [86e92292-7141-46cb-9ed5-093a2cfc2b40@group-C5655235CD35-FollowerState] INFO  impl.RoleInfo (RoleInfo.java:updateAndGet(139)) - 86e92292-7141-46cb-9ed5-093a2cfc2b40: start 86e92292-7141-46cb-9ed5-093a2cfc2b40@group-C5655235CD35-LeaderElection3
2022-10-30 01:06:38,268 [86e92292-7141-46cb-9ed5-093a2cfc2b40@group-C5655235CD35-LeaderElection3] INFO  impl.LeaderElection (LeaderElection.java:askForVotes(312)) - 86e92292-7141-46cb-9ed5-093a2cfc2b40@group-C5655235CD35-LeaderElection3 ELECTION round 0: submit vote requests at term 1 for -1: peers:[db967a0c-fd65-4f5b-99fe-08eeaf937185|rpc:10.1.0.11:46009|priority:0|startupRole:FOLLOWER, 7f2965ec-2a1d-4c0b-a486-0150db937947|rpc:10.1.0.11:43977|priority:1|startupRole:FOLLOWER, 86e92292-7141-46cb-9ed5-093a2cfc2b40|rpc:10.1.0.11:44269|priority:0|startupRole:FOLLOWER]|listeners:[], old=null
2022-10-30 01:06:38,273 [86e92292-7141-46cb-9ed5-093a2cfc2b40@group-C5655235CD35-LeaderElection3-1] INFO  server.GrpcServerProtocolClient (GrpcServerProtocolClient.java:<init>(63)) - Build channel for db967a0c-fd65-4f5b-99fe-08eeaf937185
2022-10-30 01:06:38,274 [86e92292-7141-46cb-9ed5-093a2cfc2b40@group-C5655235CD35-LeaderElection3] INFO  server.RaftServerConfigKeys (ConfUtils.java:logFallback(53)) - raft.server.rpc.first-election.timeout.min = 5s (fallback to raft.server.rpc.timeout.min)
2022-10-30 01:06:38,274 [86e92292-7141-46cb-9ed5-093a2cfc2b40@group-C5655235CD35-LeaderElection3] INFO  server.RaftServerConfigKeys (ConfUtils.java:logFallback(53)) - raft.server.rpc.first-election.timeout.max = 5200ms (fallback to raft.server.rpc.timeout.max)
2022-10-30 01:06:38,275 [86e92292-7141-46cb-9ed5-093a2cfc2b40@group-C5655235CD35-LeaderElection3-2] INFO  server.GrpcServerProtocolClient (GrpcServerProtocolClient.java:<init>(63)) - Build channel for 7f2965ec-2a1d-4c0b-a486-0150db937947
2022-10-30 01:06:38,291 [grpc-default-executor-0] INFO  server.RaftServer$Division (RaftServerImpl.java:requestVote(1218)) - db967a0c-fd65-4f5b-99fe-08eeaf937185@group-C5655235CD35: receive requestVote(ELECTION, 86e92292-7141-46cb-9ed5-093a2cfc2b40, group-C5655235CD35, 1, (t:0, i:0))
2022-10-30 01:06:38,293 [grpc-default-executor-0] INFO  impl.VoteContext (VoteContext.java:log(48)) - db967a0c-fd65-4f5b-99fe-08eeaf937185@group-C5655235CD35-FOLLOWER: accept ELECTION from 86e92292-7141-46cb-9ed5-093a2cfc2b40: our priority 0 <= candidate's priority 0
2022-10-30 01:06:38,293 [grpc-default-executor-0] INFO  server.RaftServer$Division (RaftServerImpl.java:setRole(321)) - db967a0c-fd65-4f5b-99fe-08eeaf937185@group-C5655235CD35: changes role from  FOLLOWER to FOLLOWER at term 1 for candidate:86e92292-7141-46cb-9ed5-093a2cfc2b40
2022-10-30 01:06:38,293 [grpc-default-executor-0] INFO  impl.RoleInfo (RoleInfo.java:shutdownFollowerState(110)) - db967a0c-fd65-4f5b-99fe-08eeaf937185: shutdown db967a0c-fd65-4f5b-99fe-08eeaf937185@group-C5655235CD35-FollowerState
2022-10-30 01:06:38,293 [db967a0c-fd65-4f5b-99fe-08eeaf937185@group-C5655235CD35-FollowerState] INFO  impl.FollowerState (FollowerState.java:run(152)) - db967a0c-fd65-4f5b-99fe-08eeaf937185@group-C5655235CD35-FollowerState was interrupted
2022-10-30 01:06:38,297 [grpc-default-executor-0] INFO  impl.RoleInfo (RoleInfo.java:updateAndGet(139)) - db967a0c-fd65-4f5b-99fe-08eeaf937185: start db967a0c-fd65-4f5b-99fe-08eeaf937185@group-C5655235CD35-FollowerState
2022-10-30 01:06:38,298 [grpc-default-executor-2] INFO  server.RaftServer$Division (RaftServerImpl.java:requestVote(1218)) - 7f2965ec-2a1d-4c0b-a486-0150db937947@group-C5655235CD35: receive requestVote(ELECTION, 86e92292-7141-46cb-9ed5-093a2cfc2b40, group-C5655235CD35, 1, (t:0, i:0))
2022-10-30 01:06:38,298 [grpc-default-executor-2] INFO  impl.VoteContext (VoteContext.java:log(48)) - 7f2965ec-2a1d-4c0b-a486-0150db937947@group-C5655235CD35-FOLLOWER: reject ELECTION from 86e92292-7141-46cb-9ed5-093a2cfc2b40: our priority 1 > candidate's priority 0
2022-10-30 01:06:38,299 [grpc-default-executor-2] INFO  server.RaftServer$Division (RaftServerImpl.java:setRole(321)) - 7f2965ec-2a1d-4c0b-a486-0150db937947@group-C5655235CD35: changes role from  FOLLOWER to FOLLOWER at term 1 for candidate:86e92292-7141-46cb-9ed5-093a2cfc2b40
2022-10-30 01:06:38,299 [grpc-default-executor-2] INFO  impl.RoleInfo (RoleInfo.java:shutdownFollowerState(110)) - 7f2965ec-2a1d-4c0b-a486-0150db937947: shutdown 7f2965ec-2a1d-4c0b-a486-0150db937947@group-C5655235CD35-FollowerState
2022-10-30 01:06:38,299 [db967a0c-fd65-4f5b-99fe-08eeaf937185@group-C5655235CD35-FollowerState] INFO  server.RaftServerConfigKeys (ConfUtils.java:logFallback(53)) - raft.server.rpc.first-election.timeout.min = 5s (fallback to raft.server.rpc.timeout.min)
2022-10-30 01:06:38,299 [7f2965ec-2a1d-4c0b-a486-0150db937947@group-C5655235CD35-FollowerState] INFO  impl.FollowerState (FollowerState.java:run(152)) - 7f2965ec-2a1d-4c0b-a486-0150db937947@group-C5655235CD35-FollowerState was interrupted
2022-10-30 01:06:38,299 [db967a0c-fd65-4f5b-99fe-08eeaf937185@group-C5655235CD35-FollowerState] INFO  server.RaftServerConfigKeys (ConfUtils.java:logFallback(53)) - raft.server.rpc.first-election.timeout.max = 5200ms (fallback to raft.server.rpc.timeout.max)
2022-10-30 01:06:38,300 [grpc-default-executor-2] INFO  impl.RoleInfo (RoleInfo.java:updateAndGet(139)) - 7f2965ec-2a1d-4c0b-a486-0150db937947: start 7f2965ec-2a1d-4c0b-a486-0150db937947@group-C5655235CD35-FollowerState
2022-10-30 01:06:38,301 [7f2965ec-2a1d-4c0b-a486-0150db937947@group-C5655235CD35-FollowerState] INFO  server.RaftServerConfigKeys (ConfUtils.java:logFallback(53)) - raft.server.rpc.first-election.timeout.min = 5s (fallback to raft.server.rpc.timeout.min)
2022-10-30 01:06:38,301 [7f2965ec-2a1d-4c0b-a486-0150db937947@group-C5655235CD35-FollowerState] INFO  server.RaftServerConfigKeys (ConfUtils.java:logFallback(53)) - raft.server.rpc.first-election.timeout.max = 5200ms (fallback to raft.server.rpc.timeout.max)
2022-10-30 01:06:38,304 [grpc-default-executor-0] INFO  server.RaftServer$Division (RaftServerImpl.java:requestVote(1251)) - db967a0c-fd65-4f5b-99fe-08eeaf937185@group-C5655235CD35 replies to ELECTION vote request: 86e92292-7141-46cb-9ed5-093a2cfc2b40<-db967a0c-fd65-4f5b-99fe-08eeaf937185#0:OK-t1. Peer's state: db967a0c-fd65-4f5b-99fe-08eeaf937185@group-C5655235CD35:t1, leader=null, voted=86e92292-7141-46cb-9ed5-093a2cfc2b40, raftlog=Memoized:db967a0c-fd65-4f5b-99fe-08eeaf937185@group-C5655235CD35-SegmentedRaftLog:OPENED:c-1, conf=-1: peers:[db967a0c-fd65-4f5b-99fe-08eeaf937185|rpc:10.1.0.11:46009|priority:0|startupRole:FOLLOWER, 7f2965ec-2a1d-4c0b-a486-0150db937947|rpc:10.1.0.11:43977|priority:1|startupRole:FOLLOWER, 86e92292-7141-46cb-9ed5-093a2cfc2b40|rpc:10.1.0.11:44269|priority:0|startupRole:FOLLOWER]|listeners:[], old=null
2022-10-30 01:06:38,304 [grpc-default-executor-2] INFO  server.RaftServer$Division (RaftServerImpl.java:requestVote(1251)) - 7f2965ec-2a1d-4c0b-a486-0150db937947@group-C5655235CD35 replies to ELECTION vote request: 86e92292-7141-46cb-9ed5-093a2cfc2b40<-7f2965ec-2a1d-4c0b-a486-0150db937947#0:FAIL-t1. Peer's state: 7f2965ec-2a1d-4c0b-a486-0150db937947@group-C5655235CD35:t1, leader=null, voted=null, raftlog=Memoized:7f2965ec-2a1d-4c0b-a486-0150db937947@group-C5655235CD35-SegmentedRaftLog:OPENED:c-1, conf=-1: peers:[db967a0c-fd65-4f5b-99fe-08eeaf937185|rpc:10.1.0.11:46009|dataStream:|priority:0|startupRole:FOLLOWER, 7f2965ec-2a1d-4c0b-a486-0150db937947|rpc:10.1.0.11:43977|dataStream:|priority:1|startupRole:FOLLOWER, 86e92292-7141-46cb-9ed5-093a2cfc2b40|rpc:10.1.0.11:44269|dataStream:|priority:0|startupRole:FOLLOWER]|listeners:[], old=null
2022-10-30 01:06:38,307 [86e92292-7141-46cb-9ed5-093a2cfc2b40@group-C5655235CD35-LeaderElection3] INFO  impl.LeaderElection (LeaderElection.java:logAndReturn(90)) - 86e92292-7141-46cb-9ed5-093a2cfc2b40@group-C5655235CD35-LeaderElection3: ELECTION REJECTED received 1 response(s) and 0 exception(s):
2022-10-30 01:06:38,307 [86e92292-7141-46cb-9ed5-093a2cfc2b40@group-C5655235CD35-LeaderElection3] INFO  impl.LeaderElection (LeaderElection.java:logAndReturn(94)) -   Response 0: 86e92292-7141-46cb-9ed5-093a2cfc2b40<-7f2965ec-2a1d-4c0b-a486-0150db937947#0:FAIL-t1
2022-10-30 01:06:38,307 [86e92292-7141-46cb-9ed5-093a2cfc2b40@group-C5655235CD35-LeaderElection3] INFO  impl.LeaderElection (LeaderElection.java:askForVotes(314)) - 86e92292-7141-46cb-9ed5-093a2cfc2b40@group-C5655235CD35-LeaderElection3 ELECTION round 0: result REJECTED
2022-10-30 01:06:38,308 [86e92292-7141-46cb-9ed5-093a2cfc2b40@group-C5655235CD35-LeaderElection3] INFO  server.RaftServer$Division (RaftServerImpl.java:setRole(321)) - 86e92292-7141-46cb-9ed5-093a2cfc2b40@group-C5655235CD35: changes role from CANDIDATE to FOLLOWER at term 1 for REJECTED
2022-10-30 01:06:38,308 [86e92292-7141-46cb-9ed5-093a2cfc2b40@group-C5655235CD35-LeaderElection3] INFO  impl.RoleInfo (RoleInfo.java:shutdownLeaderElection(130)) - 86e92292-7141-46cb-9ed5-093a2cfc2b40: shutdown 86e92292-7141-46cb-9ed5-093a2cfc2b40@group-C5655235CD35-LeaderElection3
2022-10-30 01:06:38,308 [86e92292-7141-46cb-9ed5-093a2cfc2b40@group-C5655235CD35-LeaderElection3] INFO  impl.RoleInfo (RoleInfo.java:updateAndGet(139)) - 86e92292-7141-46cb-9ed5-093a2cfc2b40: start 86e92292-7141-46cb-9ed5-093a2cfc2b40@group-C5655235CD35-FollowerState
2022-10-30 01:06:38,317 [86e92292-7141-46cb-9ed5-093a2cfc2b40@group-C5655235CD35-FollowerState] INFO  server.RaftServerConfigKeys (ConfUtils.java:logFallback(53)) - raft.server.rpc.first-election.timeout.min = 5s (fallback to raft.server.rpc.timeout.min)
2022-10-30 01:06:38,319 [86e92292-7141-46cb-9ed5-093a2cfc2b40@group-C5655235CD35-FollowerState] INFO  server.RaftServerConfigKeys (ConfUtils.java:logFallback(53)) - raft.server.rpc.first-election.timeout.max = 5200ms (fallback to raft.server.rpc.timeout.max)
2022-10-30 01:06:38,510 [db967a0c-fd65-4f5b-99fe-08eeaf937185@group-7884C09AC82C-FollowerState] INFO  impl.FollowerState (FollowerState.java:run(143)) - db967a0c-fd65-4f5b-99fe-08eeaf937185@group-7884C09AC82C-FollowerState: change to CANDIDATE, lastRpcElapsedTime:5045397744ns, electionTimeout:5040ms
2022-10-30 01:06:38,510 [db967a0c-fd65-4f5b-99fe-08eeaf937185@group-7884C09AC82C-FollowerState] INFO  impl.RoleInfo (RoleInfo.java:shutdownFollowerState(110)) - db967a0c-fd65-4f5b-99fe-08eeaf937185: shutdown db967a0c-fd65-4f5b-99fe-08eeaf937185@group-7884C09AC82C-FollowerState
2022-10-30 01:06:38,510 [db967a0c-fd65-4f5b-99fe-08eeaf937185@group-7884C09AC82C-FollowerState] INFO  server.RaftServer$Division (RaftServerImpl.java:setRole(321)) - db967a0c-fd65-4f5b-99fe-08eeaf937185@group-7884C09AC82C: changes role from  FOLLOWER to CANDIDATE at term 0 for changeToCandidate
2022-10-30 01:06:38,513 [db967a0c-fd65-4f5b-99fe-08eeaf937185@group-7884C09AC82C-FollowerState] INFO  server.RaftServerConfigKeys (ConfUtils.java:logGet(46)) - raft.server.leaderelection.pre-vote = false (custom)
2022-10-30 01:06:38,513 [db967a0c-fd65-4f5b-99fe-08eeaf937185@group-7884C09AC82C-FollowerState] INFO  impl.RoleInfo (RoleInfo.java:updateAndGet(139)) - db967a0c-fd65-4f5b-99fe-08eeaf937185: start db967a0c-fd65-4f5b-99fe-08eeaf937185@group-7884C09AC82C-LeaderElection4
2022-10-30 01:06:38,515 [db967a0c-fd65-4f5b-99fe-08eeaf937185@group-7884C09AC82C-LeaderElection4] INFO  impl.LeaderElection (LeaderElection.java:askForVotes(312)) - db967a0c-fd65-4f5b-99fe-08eeaf937185@group-7884C09AC82C-LeaderElection4 ELECTION round 0: submit vote requests at term 1 for -1: peers:[db967a0c-fd65-4f5b-99fe-08eeaf937185|rpc:10.1.0.11:46009|priority:1|startupRole:FOLLOWER]|listeners:[], old=null
2022-10-30 01:06:38,516 [db967a0c-fd65-4f5b-99fe-08eeaf937185@group-7884C09AC82C-LeaderElection4] INFO  impl.LeaderElection (LeaderElection.java:askForVotes(314)) - db967a0c-fd65-4f5b-99fe-08eeaf937185@group-7884C09AC82C-LeaderElection4 ELECTION round 0: result PASSED (term=1)
2022-10-30 01:06:38,516 [db967a0c-fd65-4f5b-99fe-08eeaf937185@group-7884C09AC82C-LeaderElection4] INFO  impl.RoleInfo (RoleInfo.java:shutdownLeaderElection(130)) - db967a0c-fd65-4f5b-99fe-08eeaf937185: shutdown db967a0c-fd65-4f5b-99fe-08eeaf937185@group-7884C09AC82C-LeaderElection4
2022-10-30 01:06:38,516 [db967a0c-fd65-4f5b-99fe-08eeaf937185@group-7884C09AC82C-LeaderElection4] INFO  server.RaftServer$Division (RaftServerImpl.java:setRole(321)) - db967a0c-fd65-4f5b-99fe-08eeaf937185@group-7884C09AC82C: changes role from CANDIDATE to LEADER at term 1 for changeToLeader
2022-10-30 01:06:38,516 [db967a0c-fd65-4f5b-99fe-08eeaf937185@group-7884C09AC82C-LeaderElection4] INFO  ratis.XceiverServerRatis (XceiverServerRatis.java:handleLeaderChangedNotification(863)) - Leader change notification received for group: group-7884C09AC82C with new leaderId: db967a0c-fd65-4f5b-99fe-08eeaf937185
2022-10-30 01:06:38,516 [db967a0c-fd65-4f5b-99fe-08eeaf937185@group-7884C09AC82C-LeaderElection4] INFO  server.RaftServer$Division (ServerState.java:setLeader(313)) - db967a0c-fd65-4f5b-99fe-08eeaf937185@group-7884C09AC82C: change Leader from null to db967a0c-fd65-4f5b-99fe-08eeaf937185 at term 1 for becomeLeader, leader elected after 5085ms
2022-10-30 01:06:38,516 [db967a0c-fd65-4f5b-99fe-08eeaf937185@group-7884C09AC82C-LeaderElection4] INFO  server.RaftServerConfigKeys (ConfUtils.java:logGet(46)) - raft.server.staging.catchup.gap = 1000 (default)
2022-10-30 01:06:38,516 [db967a0c-fd65-4f5b-99fe-08eeaf937185@group-7884C09AC82C-LeaderElection4] INFO  server.RaftServerConfigKeys (ConfUtils.java:logGet(46)) - raft.server.write.element-limit = 1024 (custom)
2022-10-30 01:06:38,516 [db967a0c-fd65-4f5b-99fe-08eeaf937185@group-7884C09AC82C-LeaderElection4] INFO  server.RaftServerConfigKeys (ConfUtils.java:logGet(46)) - raft.server.write.byte-limit = 1024 M (=1073741824) (custom)
2022-10-30 01:06:38,517 [db967a0c-fd65-4f5b-99fe-08eeaf937185@group-7884C09AC82C-LeaderElection4] INFO  server.RaftServerConfigKeys (ConfUtils.java:logGet(46)) - raft.server.watch.timeout = 180s (custom)
2022-10-30 01:06:38,517 [db967a0c-fd65-4f5b-99fe-08eeaf937185@group-7884C09AC82C-LeaderElection4] INFO  server.RaftServerConfigKeys (ConfUtils.java:logGet(46)) - raft.server.watch.timeout.denomination = 1s (default)
2022-10-30 01:06:38,517 [db967a0c-fd65-4f5b-99fe-08eeaf937185@group-7884C09AC82C-LeaderElection4] INFO  server.RaftServerConfigKeys (ConfUtils.java:logGet(46)) - raft.server.watch.element-limit = 65536 (default)
2022-10-30 01:06:38,517 [db967a0c-fd65-4f5b-99fe-08eeaf937185@group-7884C09AC82C-LeaderElection4] INFO  server.RaftServerConfigKeys (ConfUtils.java:logGet(46)) - raft.server.write.element-limit = 1024 (custom)
2022-10-30 01:06:38,517 [db967a0c-fd65-4f5b-99fe-08eeaf937185@group-7884C09AC82C-LeaderElection4] INFO  server.RaftServerConfigKeys (ConfUtils.java:logGet(46)) - raft.server.write.follower.gap.ratio.max = -1.0 (default)
2022-10-30 01:06:38,517 [db967a0c-fd65-4f5b-99fe-08eeaf937185@group-7884C09AC82C-LeaderElection4] INFO  impl.RoleInfo (RoleInfo.java:updateAndGet(139)) - db967a0c-fd65-4f5b-99fe-08eeaf937185: start db967a0c-fd65-4f5b-99fe-08eeaf937185@group-7884C09AC82C-LeaderStateImpl
2022-10-30 01:06:38,517 [db967a0c-fd65-4f5b-99fe-08eeaf937185@group-7884C09AC82C-LeaderElection4] INFO  segmented.SegmentedRaftLogWorker (SegmentedRaftLogWorker.java:startLogSegment(452)) - db967a0c-fd65-4f5b-99fe-08eeaf937185@group-7884C09AC82C-SegmentedRaftLogWorker: Starting segment from index:0
2022-10-30 01:06:38,520 [db967a0c-fd65-4f5b-99fe-08eeaf937185@group-7884C09AC82C-LeaderElection4] INFO  server.RaftServer$Division (ServerState.java:setRaftConf(430)) - db967a0c-fd65-4f5b-99fe-08eeaf937185@group-7884C09AC82C: set configuration 0: peers:[db967a0c-fd65-4f5b-99fe-08eeaf937185|rpc:10.1.0.11:46009|dataStream:|priority:1|startupRole:FOLLOWER]|listeners:[], old=null
2022-10-30 01:06:38,520 [db967a0c-fd65-4f5b-99fe-08eeaf937185@group-7884C09AC82C-SegmentedRaftLogWorker] INFO  segmented.SegmentedRaftLogWorker (SegmentedRaftLogWorker.java:execute(656)) - db967a0c-fd65-4f5b-99fe-08eeaf937185@group-7884C09AC82C-SegmentedRaftLogWorker: created new log segment /home/runner/work/ozone/ozone/hadoop-ozone/integration-test/target/test-dir/MiniOzoneClusterImpl-d77d6c10-3d51-4ae5-b04b-b5f3d2f20a3f/datanode-1/data/ratis/b8dbd392-b41e-41f3-a304-7884c09ac82c/current/log_inprogress_0
2022-10-30 01:06:38,526 [EventQueue-OpenPipelineForHealthyPipelineSafeModeRule] INFO  safemode.SCMSafeModeManager (HealthyPipelineSafeModeRule.java:process(137)) - SCM in safe mode. Healthy pipelines reported count is 0, required healthy pipeline reported count is 1
2022-10-30 01:06:38,947 [7f2965ec-2a1d-4c0b-a486-0150db937947@group-C2E61F12FD9A-FollowerState] INFO  impl.FollowerState (FollowerState.java:run(143)) - 7f2965ec-2a1d-4c0b-a486-0150db937947@group-C2E61F12FD9A-FollowerState: change to CANDIDATE, lastRpcElapsedTime:5055254171ns, electionTimeout:5051ms
2022-10-30 01:06:38,947 [7f2965ec-2a1d-4c0b-a486-0150db937947@group-C2E61F12FD9A-FollowerState] INFO  impl.RoleInfo (RoleInfo.java:shutdownFollowerState(110)) - 7f2965ec-2a1d-4c0b-a486-0150db937947: shutdown 7f2965ec-2a1d-4c0b-a486-0150db937947@group-C2E61F12FD9A-FollowerState
2022-10-30 01:06:38,947 [7f2965ec-2a1d-4c0b-a486-0150db937947@group-C2E61F12FD9A-FollowerState] INFO  server.RaftServer$Division (RaftServerImpl.java:setRole(321)) - 7f2965ec-2a1d-4c0b-a486-0150db937947@group-C2E61F12FD9A: changes role from  FOLLOWER to CANDIDATE at term 0 for changeToCandidate
2022-10-30 01:06:38,947 [7f2965ec-2a1d-4c0b-a486-0150db937947@group-C2E61F12FD9A-FollowerState] INFO  server.RaftServerConfigKeys (ConfUtils.java:logGet(46)) - raft.server.leaderelection.pre-vote = false (custom)
2022-10-30 01:06:38,947 [7f2965ec-2a1d-4c0b-a486-0150db937947@group-C2E61F12FD9A-FollowerState] INFO  impl.RoleInfo (RoleInfo.java:updateAndGet(139)) - 7f2965ec-2a1d-4c0b-a486-0150db937947: start 7f2965ec-2a1d-4c0b-a486-0150db937947@group-C2E61F12FD9A-LeaderElection5
2022-10-30 01:06:38,948 [7f2965ec-2a1d-4c0b-a486-0150db937947@group-FF047A9E459C-FollowerState] INFO  impl.FollowerState (FollowerState.java:run(143)) - 7f2965ec-2a1d-4c0b-a486-0150db937947@group-FF047A9E459C-FollowerState: change to CANDIDATE, lastRpcElapsedTime:5157202093ns, electionTimeout:5137ms
2022-10-30 01:06:38,948 [7f2965ec-2a1d-4c0b-a486-0150db937947@group-FF047A9E459C-FollowerState] INFO  impl.RoleInfo (RoleInfo.java:shutdownFollowerState(110)) - 7f2965ec-2a1d-4c0b-a486-0150db937947: shutdown 7f2965ec-2a1d-4c0b-a486-0150db937947@group-FF047A9E459C-FollowerState
2022-10-30 01:06:38,948 [7f2965ec-2a1d-4c0b-a486-0150db937947@group-FF047A9E459C-FollowerState] INFO  server.RaftServer$Division (RaftServerImpl.java:setRole(321)) - 7f2965ec-2a1d-4c0b-a486-0150db937947@group-FF047A9E459C: changes role from  FOLLOWER to CANDIDATE at term 0 for changeToCandidate
2022-10-30 01:06:38,949 [7f2965ec-2a1d-4c0b-a486-0150db937947@group-FF047A9E459C-FollowerState] INFO  server.RaftServerConfigKeys (ConfUtils.java:logGet(46)) - raft.server.leaderelection.pre-vote = false (custom)
2022-10-30 01:06:38,949 [7f2965ec-2a1d-4c0b-a486-0150db937947@group-FF047A9E459C-FollowerState] INFO  impl.RoleInfo (RoleInfo.java:updateAndGet(139)) - 7f2965ec-2a1d-4c0b-a486-0150db937947: start 7f2965ec-2a1d-4c0b-a486-0150db937947@group-FF047A9E459C-LeaderElection6
2022-10-30 01:06:38,953 [7f2965ec-2a1d-4c0b-a486-0150db937947@group-FF047A9E459C-LeaderElection6] INFO  impl.LeaderElection (LeaderElection.java:askForVotes(312)) - 7f2965ec-2a1d-4c0b-a486-0150db937947@group-FF047A9E459C-LeaderElection6 ELECTION round 0: submit vote requests at term 1 for -1: peers:[7f2965ec-2a1d-4c0b-a486-0150db937947|rpc:10.1.0.11:43977|priority:1|startupRole:FOLLOWER]|listeners:[], old=null
2022-10-30 01:06:38,953 [7f2965ec-2a1d-4c0b-a486-0150db937947@group-C2E61F12FD9A-LeaderElection5] INFO  impl.LeaderElection (LeaderElection.java:askForVotes(312)) - 7f2965ec-2a1d-4c0b-a486-0150db937947@group-C2E61F12FD9A-LeaderElection5 ELECTION round 0: submit vote requests at term 1 for -1: peers:[db967a0c-fd65-4f5b-99fe-08eeaf937185|rpc:10.1.0.11:46009|priority:1|startupRole:FOLLOWER, 7f2965ec-2a1d-4c0b-a486-0150db937947|rpc:10.1.0.11:43977|priority:0|startupRole:FOLLOWER, 86e92292-7141-46cb-9ed5-093a2cfc2b40|rpc:10.1.0.11:44269|priority:0|startupRole:FOLLOWER]|listeners:[], old=null
2022-10-30 01:06:38,953 [7f2965ec-2a1d-4c0b-a486-0150db937947@group-FF047A9E459C-LeaderElection6] INFO  impl.LeaderElection (LeaderElection.java:askForVotes(314)) - 7f2965ec-2a1d-4c0b-a486-0150db937947@group-FF047A9E459C-LeaderElection6 ELECTION round 0: result PASSED (term=1)
2022-10-30 01:06:38,953 [7f2965ec-2a1d-4c0b-a486-0150db937947@group-FF047A9E459C-LeaderElection6] INFO  impl.RoleInfo (RoleInfo.java:shutdownLeaderElection(130)) - 7f2965ec-2a1d-4c0b-a486-0150db937947: shutdown 7f2965ec-2a1d-4c0b-a486-0150db937947@group-FF047A9E459C-LeaderElection6
2022-10-30 01:06:38,953 [7f2965ec-2a1d-4c0b-a486-0150db937947@group-FF047A9E459C-LeaderElection6] INFO  server.RaftServer$Division (RaftServerImpl.java:setRole(321)) - 7f2965ec-2a1d-4c0b-a486-0150db937947@group-FF047A9E459C: changes role from CANDIDATE to LEADER at term 1 for changeToLeader
2022-10-30 01:06:38,953 [7f2965ec-2a1d-4c0b-a486-0150db937947@group-FF047A9E459C-LeaderElection6] INFO  ratis.XceiverServerRatis (XceiverServerRatis.java:handleLeaderChangedNotification(863)) - Leader change notification received for group: group-FF047A9E459C with new leaderId: 7f2965ec-2a1d-4c0b-a486-0150db937947
2022-10-30 01:06:38,953 [7f2965ec-2a1d-4c0b-a486-0150db937947@group-FF047A9E459C-LeaderElection6] INFO  server.RaftServer$Division (ServerState.java:setLeader(313)) - 7f2965ec-2a1d-4c0b-a486-0150db937947@group-FF047A9E459C: change Leader from null to 7f2965ec-2a1d-4c0b-a486-0150db937947 at term 1 for becomeLeader, leader elected after 5194ms
2022-10-30 01:06:38,953 [7f2965ec-2a1d-4c0b-a486-0150db937947@group-FF047A9E459C-LeaderElection6] INFO  server.RaftServerConfigKeys (ConfUtils.java:logGet(46)) - raft.server.staging.catchup.gap = 1000 (default)
2022-10-30 01:06:38,953 [7f2965ec-2a1d-4c0b-a486-0150db937947@group-FF047A9E459C-LeaderElection6] INFO  server.RaftServerConfigKeys (ConfUtils.java:logGet(46)) - raft.server.write.element-limit = 1024 (custom)
2022-10-30 01:06:38,953 [7f2965ec-2a1d-4c0b-a486-0150db937947@group-FF047A9E459C-LeaderElection6] INFO  server.RaftServerConfigKeys (ConfUtils.java:logGet(46)) - raft.server.write.byte-limit = 1024 M (=1073741824) (custom)
2022-10-30 01:06:38,954 [7f2965ec-2a1d-4c0b-a486-0150db937947@group-FF047A9E459C-LeaderElection6] INFO  server.RaftServerConfigKeys (ConfUtils.java:logGet(46)) - raft.server.watch.timeout = 180s (custom)
2022-10-30 01:06:38,954 [7f2965ec-2a1d-4c0b-a486-0150db937947@group-FF047A9E459C-LeaderElection6] INFO  server.RaftServerConfigKeys (ConfUtils.java:logGet(46)) - raft.server.watch.timeout.denomination = 1s (default)
2022-10-30 01:06:38,954 [7f2965ec-2a1d-4c0b-a486-0150db937947@group-FF047A9E459C-LeaderElection6] INFO  server.RaftServerConfigKeys (ConfUtils.java:logGet(46)) - raft.server.watch.element-limit = 65536 (default)
2022-10-30 01:06:38,954 [7f2965ec-2a1d-4c0b-a486-0150db937947@group-FF047A9E459C-LeaderElection6] INFO  server.RaftServerConfigKeys (ConfUtils.java:logGet(46)) - raft.server.write.element-limit = 1024 (custom)
2022-10-30 01:06:38,954 [7f2965ec-2a1d-4c0b-a486-0150db937947@group-FF047A9E459C-LeaderElection6] INFO  server.RaftServerConfigKeys (ConfUtils.java:logGet(46)) - raft.server.write.follower.gap.ratio.max = -1.0 (default)
2022-10-30 01:06:38,954 [7f2965ec-2a1d-4c0b-a486-0150db937947@group-FF047A9E459C-LeaderElection6] INFO  impl.RoleInfo (RoleInfo.java:updateAndGet(139)) - 7f2965ec-2a1d-4c0b-a486-0150db937947: start 7f2965ec-2a1d-4c0b-a486-0150db937947@group-FF047A9E459C-LeaderStateImpl
2022-10-30 01:06:38,954 [7f2965ec-2a1d-4c0b-a486-0150db937947@group-FF047A9E459C-LeaderElection6] INFO  segmented.SegmentedRaftLogWorker (SegmentedRaftLogWorker.java:startLogSegment(452)) - 7f2965ec-2a1d-4c0b-a486-0150db937947@group-FF047A9E459C-SegmentedRaftLogWorker: Starting segment from index:0
2022-10-30 01:06:38,962 [7f2965ec-2a1d-4c0b-a486-0150db937947@group-FF047A9E459C-LeaderElection6] INFO  server.RaftServer$Division (ServerState.java:setRaftConf(430)) - 7f2965ec-2a1d-4c0b-a486-0150db937947@group-FF047A9E459C: set configuration 0: peers:[7f2965ec-2a1d-4c0b-a486-0150db937947|rpc:10.1.0.11:43977|dataStream:|priority:1|startupRole:FOLLOWER]|listeners:[], old=null
2022-10-30 01:06:38,963 [7f2965ec-2a1d-4c0b-a486-0150db937947@group-C2E61F12FD9A-LeaderElection5-1] INFO  server.GrpcServerProtocolClient (GrpcServerProtocolClient.java:<init>(63)) - Build channel for db967a0c-fd65-4f5b-99fe-08eeaf937185
2022-10-30 01:06:38,965 [7f2965ec-2a1d-4c0b-a486-0150db937947@group-C2E61F12FD9A-LeaderElection5] INFO  server.RaftServerConfigKeys (ConfUtils.java:logFallback(53)) - raft.server.rpc.first-election.timeout.min = 5s (fallback to raft.server.rpc.timeout.min)
2022-10-30 01:06:38,965 [7f2965ec-2a1d-4c0b-a486-0150db937947@group-C2E61F12FD9A-LeaderElection5] INFO  server.RaftServerConfigKeys (ConfUtils.java:logFallback(53)) - raft.server.rpc.first-election.timeout.max = 5200ms (fallback to raft.server.rpc.timeout.max)
2022-10-30 01:06:38,965 [7f2965ec-2a1d-4c0b-a486-0150db937947@group-C2E61F12FD9A-LeaderElection5-2] INFO  server.GrpcServerProtocolClient (GrpcServerProtocolClient.java:<init>(63)) - Build channel for 86e92292-7141-46cb-9ed5-093a2cfc2b40
2022-10-30 01:06:38,966 [7f2965ec-2a1d-4c0b-a486-0150db937947@group-FF047A9E459C-SegmentedRaftLogWorker] INFO  segmented.SegmentedRaftLogWorker (SegmentedRaftLogWorker.java:execute(656)) - 7f2965ec-2a1d-4c0b-a486-0150db937947@group-FF047A9E459C-SegmentedRaftLogWorker: created new log segment /home/runner/work/ozone/ozone/hadoop-ozone/integration-test/target/test-dir/MiniOzoneClusterImpl-d77d6c10-3d51-4ae5-b04b-b5f3d2f20a3f/datanode-2/data/ratis/87b3f380-71d6-4056-b38f-ff047a9e459c/current/log_inprogress_0
2022-10-30 01:06:38,969 [EventQueue-OpenPipelineForHealthyPipelineSafeModeRule] INFO  safemode.SCMSafeModeManager (HealthyPipelineSafeModeRule.java:process(137)) - SCM in safe mode. Healthy pipelines reported count is 0, required healthy pipeline reported count is 1
2022-10-30 01:06:38,978 [grpc-default-executor-0] INFO  server.RaftServer$Division (RaftServerImpl.java:requestVote(1218)) - db967a0c-fd65-4f5b-99fe-08eeaf937185@group-C2E61F12FD9A: receive requestVote(ELECTION, 7f2965ec-2a1d-4c0b-a486-0150db937947, group-C2E61F12FD9A, 1, (t:0, i:0))
2022-10-30 01:06:38,979 [grpc-default-executor-0] INFO  impl.VoteContext (VoteContext.java:log(48)) - db967a0c-fd65-4f5b-99fe-08eeaf937185@group-C2E61F12FD9A-FOLLOWER: reject ELECTION from 7f2965ec-2a1d-4c0b-a486-0150db937947: our priority 1 > candidate's priority 0
2022-10-30 01:06:38,979 [grpc-default-executor-0] INFO  server.RaftServer$Division (RaftServerImpl.java:setRole(321)) - db967a0c-fd65-4f5b-99fe-08eeaf937185@group-C2E61F12FD9A: changes role from  FOLLOWER to FOLLOWER at term 1 for candidate:7f2965ec-2a1d-4c0b-a486-0150db937947
2022-10-30 01:06:38,979 [grpc-default-executor-0] INFO  impl.RoleInfo (RoleInfo.java:shutdownFollowerState(110)) - db967a0c-fd65-4f5b-99fe-08eeaf937185: shutdown db967a0c-fd65-4f5b-99fe-08eeaf937185@group-C2E61F12FD9A-FollowerState
2022-10-30 01:06:38,979 [grpc-default-executor-0] INFO  impl.RoleInfo (RoleInfo.java:updateAndGet(139)) - db967a0c-fd65-4f5b-99fe-08eeaf937185: start db967a0c-fd65-4f5b-99fe-08eeaf937185@group-C2E61F12FD9A-FollowerState
2022-10-30 01:06:38,979 [db967a0c-fd65-4f5b-99fe-08eeaf937185@group-C2E61F12FD9A-FollowerState] INFO  impl.FollowerState (FollowerState.java:run(152)) - db967a0c-fd65-4f5b-99fe-08eeaf937185@group-C2E61F12FD9A-FollowerState was interrupted
2022-10-30 01:06:38,981 [db967a0c-fd65-4f5b-99fe-08eeaf937185@group-C2E61F12FD9A-FollowerState] INFO  server.RaftServerConfigKeys (ConfUtils.java:logFallback(53)) - raft.server.rpc.first-election.timeout.min = 5s (fallback to raft.server.rpc.timeout.min)
2022-10-30 01:06:38,981 [db967a0c-fd65-4f5b-99fe-08eeaf937185@group-C2E61F12FD9A-FollowerState] INFO  server.RaftServerConfigKeys (ConfUtils.java:logFallback(53)) - raft.server.rpc.first-election.timeout.max = 5200ms (fallback to raft.server.rpc.timeout.max)
2022-10-30 01:06:38,982 [grpc-default-executor-0] INFO  server.RaftServer$Division (RaftServerImpl.java:requestVote(1251)) - db967a0c-fd65-4f5b-99fe-08eeaf937185@group-C2E61F12FD9A replies to ELECTION vote request: 7f2965ec-2a1d-4c0b-a486-0150db937947<-db967a0c-fd65-4f5b-99fe-08eeaf937185#0:FAIL-t1. Peer's state: db967a0c-fd65-4f5b-99fe-08eeaf937185@group-C2E61F12FD9A:t1, leader=null, voted=null, raftlog=Memoized:db967a0c-fd65-4f5b-99fe-08eeaf937185@group-C2E61F12FD9A-SegmentedRaftLog:OPENED:c-1, conf=-1: peers:[db967a0c-fd65-4f5b-99fe-08eeaf937185|rpc:10.1.0.11:46009|priority:1|startupRole:FOLLOWER, 7f2965ec-2a1d-4c0b-a486-0150db937947|rpc:10.1.0.11:43977|priority:0|startupRole:FOLLOWER, 86e92292-7141-46cb-9ed5-093a2cfc2b40|rpc:10.1.0.11:44269|priority:0|startupRole:FOLLOWER]|listeners:[], old=null
2022-10-30 01:06:38,984 [grpc-default-executor-2] INFO  server.RaftServer$Division (RaftServerImpl.java:requestVote(1218)) - 86e92292-7141-46cb-9ed5-093a2cfc2b40@group-C2E61F12FD9A: receive requestVote(ELECTION, 7f2965ec-2a1d-4c0b-a486-0150db937947, group-C2E61F12FD9A, 1, (t:0, i:0))
2022-10-30 01:06:38,985 [grpc-default-executor-2] INFO  impl.VoteContext (VoteContext.java:log(48)) - 86e92292-7141-46cb-9ed5-093a2cfc2b40@group-C2E61F12FD9A-FOLLOWER: accept ELECTION from 7f2965ec-2a1d-4c0b-a486-0150db937947: our priority 0 <= candidate's priority 0
2022-10-30 01:06:38,985 [grpc-default-executor-2] INFO  server.RaftServer$Division (RaftServerImpl.java:setRole(321)) - 86e92292-7141-46cb-9ed5-093a2cfc2b40@group-C2E61F12FD9A: changes role from  FOLLOWER to FOLLOWER at term 1 for candidate:7f2965ec-2a1d-4c0b-a486-0150db937947
2022-10-30 01:06:38,985 [grpc-default-executor-2] INFO  impl.RoleInfo (RoleInfo.java:shutdownFollowerState(110)) - 86e92292-7141-46cb-9ed5-093a2cfc2b40: shutdown 86e92292-7141-46cb-9ed5-093a2cfc2b40@group-C2E61F12FD9A-FollowerState
2022-10-30 01:06:38,985 [grpc-default-executor-2] INFO  impl.RoleInfo (RoleInfo.java:updateAndGet(139)) - 86e92292-7141-46cb-9ed5-093a2cfc2b40: start 86e92292-7141-46cb-9ed5-093a2cfc2b40@group-C2E61F12FD9A-FollowerState
2022-10-30 01:06:38,985 [86e92292-7141-46cb-9ed5-093a2cfc2b40@group-C2E61F12FD9A-FollowerState] INFO  impl.FollowerState (FollowerState.java:run(152)) - 86e92292-7141-46cb-9ed5-093a2cfc2b40@group-C2E61F12FD9A-FollowerState was interrupted
2022-10-30 01:06:38,985 [7f2965ec-2a1d-4c0b-a486-0150db937947@group-C2E61F12FD9A-LeaderElection5] INFO  impl.LeaderElection (LeaderElection.java:logAndReturn(90)) - 7f2965ec-2a1d-4c0b-a486-0150db937947@group-C2E61F12FD9A-LeaderElection5: ELECTION REJECTED received 1 response(s) and 0 exception(s):
2022-10-30 01:06:38,985 [7f2965ec-2a1d-4c0b-a486-0150db937947@group-C2E61F12FD9A-LeaderElection5] INFO  impl.LeaderElection (LeaderElection.java:logAndReturn(94)) -   Response 0: 7f2965ec-2a1d-4c0b-a486-0150db937947<-db967a0c-fd65-4f5b-99fe-08eeaf937185#0:FAIL-t1
2022-10-30 01:06:38,990 [7f2965ec-2a1d-4c0b-a486-0150db937947@group-C2E61F12FD9A-LeaderElection5] INFO  impl.LeaderElection (LeaderElection.java:askForVotes(314)) - 7f2965ec-2a1d-4c0b-a486-0150db937947@group-C2E61F12FD9A-LeaderElection5 ELECTION round 0: result REJECTED
2022-10-30 01:06:38,990 [7f2965ec-2a1d-4c0b-a486-0150db937947@group-C2E61F12FD9A-LeaderElection5] INFO  server.RaftServer$Division (RaftServerImpl.java:setRole(321)) - 7f2965ec-2a1d-4c0b-a486-0150db937947@group-C2E61F12FD9A: changes role from CANDIDATE to FOLLOWER at term 1 for REJECTED
2022-10-30 01:06:38,990 [7f2965ec-2a1d-4c0b-a486-0150db937947@group-C2E61F12FD9A-LeaderElection5] INFO  impl.RoleInfo (RoleInfo.java:shutdownLeaderElection(130)) - 7f2965ec-2a1d-4c0b-a486-0150db937947: shutdown 7f2965ec-2a1d-4c0b-a486-0150db937947@group-C2E61F12FD9A-LeaderElection5
2022-10-30 01:06:38,990 [grpc-default-executor-2] INFO  server.RaftServer$Division (RaftServerImpl.java:requestVote(1251)) - 86e92292-7141-46cb-9ed5-093a2cfc2b40@group-C2E61F12FD9A replies to ELECTION vote request: 7f2965ec-2a1d-4c0b-a486-0150db937947<-86e92292-7141-46cb-9ed5-093a2cfc2b40#0:OK-t1. Peer's state: 86e92292-7141-46cb-9ed5-093a2cfc2b40@group-C2E61F12FD9A:t1, leader=null, voted=7f2965ec-2a1d-4c0b-a486-0150db937947, raftlog=Memoized:86e92292-7141-46cb-9ed5-093a2cfc2b40@group-C2E61F12FD9A-SegmentedRaftLog:OPENED:c-1, conf=-1: peers:[db967a0c-fd65-4f5b-99fe-08eeaf937185|rpc:10.1.0.11:46009|priority:1|startupRole:FOLLOWER, 7f2965ec-2a1d-4c0b-a486-0150db937947|rpc:10.1.0.11:43977|priority:0|startupRole:FOLLOWER, 86e92292-7141-46cb-9ed5-093a2cfc2b40|rpc:10.1.0.11:44269|priority:0|startupRole:FOLLOWER]|listeners:[], old=null
2022-10-30 01:06:38,990 [7f2965ec-2a1d-4c0b-a486-0150db937947@group-C2E61F12FD9A-LeaderElection5] INFO  impl.RoleInfo (RoleInfo.java:updateAndGet(139)) - 7f2965ec-2a1d-4c0b-a486-0150db937947: start 7f2965ec-2a1d-4c0b-a486-0150db937947@group-C2E61F12FD9A-FollowerState
2022-10-30 01:06:38,993 [86e92292-7141-46cb-9ed5-093a2cfc2b40@group-C2E61F12FD9A-FollowerState] INFO  server.RaftServerConfigKeys (ConfUtils.java:logFallback(53)) - raft.server.rpc.first-election.timeout.min = 5s (fallback to raft.server.rpc.timeout.min)
2022-10-30 01:06:38,993 [86e92292-7141-46cb-9ed5-093a2cfc2b40@group-C2E61F12FD9A-FollowerState] INFO  server.RaftServerConfigKeys (ConfUtils.java:logFallback(53)) - raft.server.rpc.first-election.timeout.max = 5200ms (fallback to raft.server.rpc.timeout.max)
2022-10-30 01:06:38,994 [7f2965ec-2a1d-4c0b-a486-0150db937947@group-C2E61F12FD9A-FollowerState] INFO  server.RaftServerConfigKeys (ConfUtils.java:logFallback(53)) - raft.server.rpc.first-election.timeout.min = 5s (fallback to raft.server.rpc.timeout.min)
2022-10-30 01:06:38,994 [7f2965ec-2a1d-4c0b-a486-0150db937947@group-C2E61F12FD9A-FollowerState] INFO  server.RaftServerConfigKeys (ConfUtils.java:logFallback(53)) - raft.server.rpc.first-election.timeout.max = 5200ms (fallback to raft.server.rpc.timeout.max)
2022-10-30 01:06:39,199 [edb0f50d-ef97-4088-a20b-1c61b9a9d6ec@group-4FB6838A530A-FollowerState] INFO  impl.FollowerState (FollowerState.java:run(143)) - edb0f50d-ef97-4088-a20b-1c61b9a9d6ec@group-4FB6838A530A-FollowerState: change to CANDIDATE, lastRpcElapsedTime:5065987188ns, electionTimeout:5061ms
2022-10-30 01:06:39,199 [edb0f50d-ef97-4088-a20b-1c61b9a9d6ec@group-4FB6838A530A-FollowerState] INFO  impl.RoleInfo (RoleInfo.java:shutdownFollowerState(110)) - edb0f50d-ef97-4088-a20b-1c61b9a9d6ec: shutdown edb0f50d-ef97-4088-a20b-1c61b9a9d6ec@group-4FB6838A530A-FollowerState
2022-10-30 01:06:39,199 [edb0f50d-ef97-4088-a20b-1c61b9a9d6ec@group-4FB6838A530A-FollowerState] INFO  server.RaftServer$Division (RaftServerImpl.java:setRole(321)) - edb0f50d-ef97-4088-a20b-1c61b9a9d6ec@group-4FB6838A530A: changes role from  FOLLOWER to CANDIDATE at term 0 for changeToCandidate
2022-10-30 01:06:39,199 [edb0f50d-ef97-4088-a20b-1c61b9a9d6ec@group-4FB6838A530A-FollowerState] INFO  server.RaftServerConfigKeys (ConfUtils.java:logGet(46)) - raft.server.leaderelection.pre-vote = false (custom)
2022-10-30 01:06:39,199 [edb0f50d-ef97-4088-a20b-1c61b9a9d6ec@group-4FB6838A530A-FollowerState] INFO  impl.RoleInfo (RoleInfo.java:updateAndGet(139)) - edb0f50d-ef97-4088-a20b-1c61b9a9d6ec: start edb0f50d-ef97-4088-a20b-1c61b9a9d6ec@group-4FB6838A530A-LeaderElection7
2022-10-30 01:06:39,202 [edb0f50d-ef97-4088-a20b-1c61b9a9d6ec@group-4FB6838A530A-LeaderElection7] INFO  impl.LeaderElection (LeaderElection.java:askForVotes(312)) - edb0f50d-ef97-4088-a20b-1c61b9a9d6ec@group-4FB6838A530A-LeaderElection7 ELECTION round 0: submit vote requests at term 1 for -1: peers:[edb0f50d-ef97-4088-a20b-1c61b9a9d6ec|rpc:10.1.0.11:41147|priority:1|startupRole:FOLLOWER]|listeners:[], old=null
2022-10-30 01:06:39,202 [edb0f50d-ef97-4088-a20b-1c61b9a9d6ec@group-4FB6838A530A-LeaderElection7] INFO  impl.LeaderElection (LeaderElection.java:askForVotes(314)) - edb0f50d-ef97-4088-a20b-1c61b9a9d6ec@group-4FB6838A530A-LeaderElection7 ELECTION round 0: result PASSED (term=1)
2022-10-30 01:06:39,202 [edb0f50d-ef97-4088-a20b-1c61b9a9d6ec@group-4FB6838A530A-LeaderElection7] INFO  impl.RoleInfo (RoleInfo.java:shutdownLeaderElection(130)) - edb0f50d-ef97-4088-a20b-1c61b9a9d6ec: shutdown edb0f50d-ef97-4088-a20b-1c61b9a9d6ec@group-4FB6838A530A-LeaderElection7
2022-10-30 01:06:39,202 [edb0f50d-ef97-4088-a20b-1c61b9a9d6ec@group-4FB6838A530A-LeaderElection7] INFO  server.RaftServer$Division (RaftServerImpl.java:setRole(321)) - edb0f50d-ef97-4088-a20b-1c61b9a9d6ec@group-4FB6838A530A: changes role from CANDIDATE to LEADER at term 1 for changeToLeader
2022-10-30 01:06:39,202 [edb0f50d-ef97-4088-a20b-1c61b9a9d6ec@group-4FB6838A530A-LeaderElection7] INFO  ratis.XceiverServerRatis (XceiverServerRatis.java:handleLeaderChangedNotification(863)) - Leader change notification received for group: group-4FB6838A530A with new leaderId: edb0f50d-ef97-4088-a20b-1c61b9a9d6ec
2022-10-30 01:06:39,202 [edb0f50d-ef97-4088-a20b-1c61b9a9d6ec@group-4FB6838A530A-LeaderElection7] INFO  server.RaftServer$Division (ServerState.java:setLeader(313)) - edb0f50d-ef97-4088-a20b-1c61b9a9d6ec@group-4FB6838A530A: change Leader from null to edb0f50d-ef97-4088-a20b-1c61b9a9d6ec at term 1 for becomeLeader, leader elected after 5097ms
2022-10-30 01:06:39,202 [edb0f50d-ef97-4088-a20b-1c61b9a9d6ec@group-4FB6838A530A-LeaderElection7] INFO  server.RaftServerConfigKeys (ConfUtils.java:logGet(46)) - raft.server.staging.catchup.gap = 1000 (default)
2022-10-30 01:06:39,202 [edb0f50d-ef97-4088-a20b-1c61b9a9d6ec@group-4FB6838A530A-LeaderElection7] INFO  server.RaftServerConfigKeys (ConfUtils.java:logGet(46)) - raft.server.write.element-limit = 1024 (custom)
2022-10-30 01:06:39,203 [edb0f50d-ef97-4088-a20b-1c61b9a9d6ec@group-4FB6838A530A-LeaderElection7] INFO  server.RaftServerConfigKeys (ConfUtils.java:logGet(46)) - raft.server.write.byte-limit = 1024 M (=1073741824) (custom)
2022-10-30 01:06:39,203 [edb0f50d-ef97-4088-a20b-1c61b9a9d6ec@group-4FB6838A530A-LeaderElection7] INFO  server.RaftServerConfigKeys (ConfUtils.java:logGet(46)) - raft.server.watch.timeout = 180s (custom)
2022-10-30 01:06:39,203 [edb0f50d-ef97-4088-a20b-1c61b9a9d6ec@group-4FB6838A530A-LeaderElection7] INFO  server.RaftServerConfigKeys (ConfUtils.java:logGet(46)) - raft.server.watch.timeout.denomination = 1s (default)
2022-10-30 01:06:39,203 [edb0f50d-ef97-4088-a20b-1c61b9a9d6ec@group-4FB6838A530A-LeaderElection7] INFO  server.RaftServerConfigKeys (ConfUtils.java:logGet(46)) - raft.server.watch.element-limit = 65536 (default)
2022-10-30 01:06:39,203 [edb0f50d-ef97-4088-a20b-1c61b9a9d6ec@group-4FB6838A530A-LeaderElection7] INFO  server.RaftServerConfigKeys (ConfUtils.java:logGet(46)) - raft.server.write.element-limit = 1024 (custom)
2022-10-30 01:06:39,203 [edb0f50d-ef97-4088-a20b-1c61b9a9d6ec@group-4FB6838A530A-LeaderElection7] INFO  server.RaftServerConfigKeys (ConfUtils.java:logGet(46)) - raft.server.write.follower.gap.ratio.max = -1.0 (default)
2022-10-30 01:06:39,203 [edb0f50d-ef97-4088-a20b-1c61b9a9d6ec@group-4FB6838A530A-LeaderElection7] INFO  impl.RoleInfo (RoleInfo.java:updateAndGet(139)) - edb0f50d-ef97-4088-a20b-1c61b9a9d6ec: start edb0f50d-ef97-4088-a20b-1c61b9a9d6ec@group-4FB6838A530A-LeaderStateImpl
2022-10-30 01:06:39,203 [edb0f50d-ef97-4088-a20b-1c61b9a9d6ec@group-4FB6838A530A-LeaderElection7] INFO  segmented.SegmentedRaftLogWorker (SegmentedRaftLogWorker.java:startLogSegment(452)) - edb0f50d-ef97-4088-a20b-1c61b9a9d6ec@group-4FB6838A530A-SegmentedRaftLogWorker: Starting segment from index:0
2022-10-30 01:06:39,204 [EventQueue-OpenPipelineForHealthyPipelineSafeModeRule] INFO  safemode.SCMSafeModeManager (HealthyPipelineSafeModeRule.java:process(137)) - SCM in safe mode. Healthy pipelines reported count is 0, required healthy pipeline reported count is 1
2022-10-30 01:06:39,206 [edb0f50d-ef97-4088-a20b-1c61b9a9d6ec@group-4FB6838A530A-LeaderElection7] INFO  server.RaftServer$Division (ServerState.java:setRaftConf(430)) - edb0f50d-ef97-4088-a20b-1c61b9a9d6ec@group-4FB6838A530A: set configuration 0: peers:[edb0f50d-ef97-4088-a20b-1c61b9a9d6ec|rpc:10.1.0.11:41147|dataStream:|priority:1|startupRole:FOLLOWER]|listeners:[], old=null
2022-10-30 01:06:39,206 [Listener at 127.0.0.1/42013] INFO  ozone.MiniOzoneClusterImpl (MiniOzoneClusterImpl.java:lambda$waitForClusterToBeReady$0(216)) - Nodes are ready. Got 10 of 10 DN Heartbeats.
2022-10-30 01:06:39,207 [Listener at 127.0.0.1/42013] INFO  ozone.MiniOzoneClusterImpl (MiniOzoneClusterImpl.java:lambda$waitForClusterToBeReady$0(219)) - Waiting for cluster to exit safe mode
2022-10-30 01:06:39,207 [Listener at 127.0.0.1/42013] INFO  ozone.MiniOzoneClusterImpl (MiniOzoneClusterImpl.java:lambda$waitForClusterToBeReady$0(221)) - SCM became leader
2022-10-30 01:06:39,207 [edb0f50d-ef97-4088-a20b-1c61b9a9d6ec@group-4FB6838A530A-SegmentedRaftLogWorker] INFO  segmented.SegmentedRaftLogWorker (SegmentedRaftLogWorker.java:execute(656)) - edb0f50d-ef97-4088-a20b-1c61b9a9d6ec@group-4FB6838A530A-SegmentedRaftLogWorker: created new log segment /home/runner/work/ozone/ozone/hadoop-ozone/integration-test/target/test-dir/MiniOzoneClusterImpl-d77d6c10-3d51-4ae5-b04b-b5f3d2f20a3f/datanode-3/data/ratis/3985c7d6-c358-4763-9435-4fb6838a530a/current/log_inprogress_0
2022-10-30 01:06:39,239 [edb0f50d-ef97-4088-a20b-1c61b9a9d6ec@group-0252A98196AF-FollowerState] INFO  impl.FollowerState (FollowerState.java:run(143)) - edb0f50d-ef97-4088-a20b-1c61b9a9d6ec@group-0252A98196AF-FollowerState: change to CANDIDATE, lastRpcElapsedTime:5084285794ns, electionTimeout:5083ms
2022-10-30 01:06:39,239 [edb0f50d-ef97-4088-a20b-1c61b9a9d6ec@group-0252A98196AF-FollowerState] INFO  impl.RoleInfo (RoleInfo.java:shutdownFollowerState(110)) - edb0f50d-ef97-4088-a20b-1c61b9a9d6ec: shutdown edb0f50d-ef97-4088-a20b-1c61b9a9d6ec@group-0252A98196AF-FollowerState
2022-10-30 01:06:39,239 [edb0f50d-ef97-4088-a20b-1c61b9a9d6ec@group-0252A98196AF-FollowerState] INFO  server.RaftServer$Division (RaftServerImpl.java:setRole(321)) - edb0f50d-ef97-4088-a20b-1c61b9a9d6ec@group-0252A98196AF: changes role from  FOLLOWER to CANDIDATE at term 0 for changeToCandidate
2022-10-30 01:06:39,239 [edb0f50d-ef97-4088-a20b-1c61b9a9d6ec@group-0252A98196AF-FollowerState] INFO  server.RaftServerConfigKeys (ConfUtils.java:logGet(46)) - raft.server.leaderelection.pre-vote = false (custom)
2022-10-30 01:06:39,239 [edb0f50d-ef97-4088-a20b-1c61b9a9d6ec@group-0252A98196AF-FollowerState] INFO  impl.RoleInfo (RoleInfo.java:updateAndGet(139)) - edb0f50d-ef97-4088-a20b-1c61b9a9d6ec: start edb0f50d-ef97-4088-a20b-1c61b9a9d6ec@group-0252A98196AF-LeaderElection8
2022-10-30 01:06:39,242 [edb0f50d-ef97-4088-a20b-1c61b9a9d6ec@group-0252A98196AF-LeaderElection8] INFO  impl.LeaderElection (LeaderElection.java:askForVotes(312)) - edb0f50d-ef97-4088-a20b-1c61b9a9d6ec@group-0252A98196AF-LeaderElection8 ELECTION round 0: submit vote requests at term 1 for -1: peers:[edb0f50d-ef97-4088-a20b-1c61b9a9d6ec|rpc:10.1.0.11:41147|priority:0|startupRole:FOLLOWER, 58d8b8bb-cfc7-423c-ba1f-09160eea4c71|rpc:10.1.0.11:37145|priority:1|startupRole:FOLLOWER, 57b0e5c4-d4d8-463c-8999-53af98295cd0|rpc:10.1.0.11:39941|priority:0|startupRole:FOLLOWER]|listeners:[], old=null
2022-10-30 01:06:39,243 [edb0f50d-ef97-4088-a20b-1c61b9a9d6ec@group-0252A98196AF-LeaderElection8-1] INFO  server.GrpcServerProtocolClient (GrpcServerProtocolClient.java:<init>(63)) - Build channel for 58d8b8bb-cfc7-423c-ba1f-09160eea4c71
2022-10-30 01:06:39,247 [edb0f50d-ef97-4088-a20b-1c61b9a9d6ec@group-0252A98196AF-LeaderElection8] INFO  server.RaftServerConfigKeys (ConfUtils.java:logFallback(53)) - raft.server.rpc.first-election.timeout.min = 5s (fallback to raft.server.rpc.timeout.min)
2022-10-30 01:06:39,247 [edb0f50d-ef97-4088-a20b-1c61b9a9d6ec@group-0252A98196AF-LeaderElection8] INFO  server.RaftServerConfigKeys (ConfUtils.java:logFallback(53)) - raft.server.rpc.first-election.timeout.max = 5200ms (fallback to raft.server.rpc.timeout.max)
2022-10-30 01:06:39,247 [edb0f50d-ef97-4088-a20b-1c61b9a9d6ec@group-0252A98196AF-LeaderElection8-2] INFO  server.GrpcServerProtocolClient (GrpcServerProtocolClient.java:<init>(63)) - Build channel for 57b0e5c4-d4d8-463c-8999-53af98295cd0
2022-10-30 01:06:39,254 [grpc-default-executor-2] INFO  server.RaftServer$Division (RaftServerImpl.java:requestVote(1218)) - 58d8b8bb-cfc7-423c-ba1f-09160eea4c71@group-0252A98196AF: receive requestVote(ELECTION, edb0f50d-ef97-4088-a20b-1c61b9a9d6ec, group-0252A98196AF, 1, (t:0, i:0))
2022-10-30 01:06:39,254 [grpc-default-executor-2] INFO  impl.VoteContext (VoteContext.java:log(48)) - 58d8b8bb-cfc7-423c-ba1f-09160eea4c71@group-0252A98196AF-FOLLOWER: reject ELECTION from edb0f50d-ef97-4088-a20b-1c61b9a9d6ec: our priority 1 > candidate's priority 0
2022-10-30 01:06:39,254 [grpc-default-executor-2] INFO  server.RaftServer$Division (RaftServerImpl.java:setRole(321)) - 58d8b8bb-cfc7-423c-ba1f-09160eea4c71@group-0252A98196AF: changes role from  FOLLOWER to FOLLOWER at term 1 for candidate:edb0f50d-ef97-4088-a20b-1c61b9a9d6ec
2022-10-30 01:06:39,254 [grpc-default-executor-2] INFO  impl.RoleInfo (RoleInfo.java:shutdownFollowerState(110)) - 58d8b8bb-cfc7-423c-ba1f-09160eea4c71: shutdown 58d8b8bb-cfc7-423c-ba1f-09160eea4c71@group-0252A98196AF-FollowerState
2022-10-30 01:06:39,254 [grpc-default-executor-2] INFO  impl.RoleInfo (RoleInfo.java:updateAndGet(139)) - 58d8b8bb-cfc7-423c-ba1f-09160eea4c71: start 58d8b8bb-cfc7-423c-ba1f-09160eea4c71@group-0252A98196AF-FollowerState
2022-10-30 01:06:39,254 [58d8b8bb-cfc7-423c-ba1f-09160eea4c71@group-0252A98196AF-FollowerState] INFO  impl.FollowerState (FollowerState.java:run(152)) - 58d8b8bb-cfc7-423c-ba1f-09160eea4c71@group-0252A98196AF-FollowerState was interrupted
2022-10-30 01:06:39,255 [grpc-default-executor-2] INFO  server.RaftServer$Division (RaftServerImpl.java:requestVote(1251)) - 58d8b8bb-cfc7-423c-ba1f-09160eea4c71@group-0252A98196AF replies to ELECTION vote request: edb0f50d-ef97-4088-a20b-1c61b9a9d6ec<-58d8b8bb-cfc7-423c-ba1f-09160eea4c71#0:FAIL-t1. Peer's state: 58d8b8bb-cfc7-423c-ba1f-09160eea4c71@group-0252A98196AF:t1, leader=null, voted=null, raftlog=Memoized:58d8b8bb-cfc7-423c-ba1f-09160eea4c71@group-0252A98196AF-SegmentedRaftLog:OPENED:c-1, conf=-1: peers:[edb0f50d-ef97-4088-a20b-1c61b9a9d6ec|rpc:10.1.0.11:41147|dataStream:|priority:0|startupRole:FOLLOWER, 58d8b8bb-cfc7-423c-ba1f-09160eea4c71|rpc:10.1.0.11:37145|dataStream:|priority:1|startupRole:FOLLOWER, 57b0e5c4-d4d8-463c-8999-53af98295cd0|rpc:10.1.0.11:39941|dataStream:|priority:0|startupRole:FOLLOWER]|listeners:[], old=null
2022-10-30 01:06:39,256 [58d8b8bb-cfc7-423c-ba1f-09160eea4c71@group-0252A98196AF-FollowerState] INFO  server.RaftServerConfigKeys (ConfUtils.java:logFallback(53)) - raft.server.rpc.first-election.timeout.min = 5s (fallback to raft.server.rpc.timeout.min)
2022-10-30 01:06:39,256 [58d8b8bb-cfc7-423c-ba1f-09160eea4c71@group-0252A98196AF-FollowerState] INFO  server.RaftServerConfigKeys (ConfUtils.java:logFallback(53)) - raft.server.rpc.first-election.timeout.max = 5200ms (fallback to raft.server.rpc.timeout.max)
2022-10-30 01:06:39,259 [edb0f50d-ef97-4088-a20b-1c61b9a9d6ec@group-0252A98196AF-LeaderElection8] INFO  impl.LeaderElection (LeaderElection.java:logAndReturn(90)) - edb0f50d-ef97-4088-a20b-1c61b9a9d6ec@group-0252A98196AF-LeaderElection8: ELECTION REJECTED received 1 response(s) and 0 exception(s):
2022-10-30 01:06:39,259 [edb0f50d-ef97-4088-a20b-1c61b9a9d6ec@group-0252A98196AF-LeaderElection8] INFO  impl.LeaderElection (LeaderElection.java:logAndReturn(94)) -   Response 0: edb0f50d-ef97-4088-a20b-1c61b9a9d6ec<-58d8b8bb-cfc7-423c-ba1f-09160eea4c71#0:FAIL-t1
2022-10-30 01:06:39,259 [edb0f50d-ef97-4088-a20b-1c61b9a9d6ec@group-0252A98196AF-LeaderElection8] INFO  impl.LeaderElection (LeaderElection.java:askForVotes(314)) - edb0f50d-ef97-4088-a20b-1c61b9a9d6ec@group-0252A98196AF-LeaderElection8 ELECTION round 0: result REJECTED
2022-10-30 01:06:39,259 [edb0f50d-ef97-4088-a20b-1c61b9a9d6ec@group-0252A98196AF-LeaderElection8] INFO  server.RaftServer$Division (RaftServerImpl.java:setRole(321)) - edb0f50d-ef97-4088-a20b-1c61b9a9d6ec@group-0252A98196AF: changes role from CANDIDATE to FOLLOWER at term 1 for REJECTED
2022-10-30 01:06:39,259 [edb0f50d-ef97-4088-a20b-1c61b9a9d6ec@group-0252A98196AF-LeaderElection8] INFO  impl.RoleInfo (RoleInfo.java:shutdownLeaderElection(130)) - edb0f50d-ef97-4088-a20b-1c61b9a9d6ec: shutdown edb0f50d-ef97-4088-a20b-1c61b9a9d6ec@group-0252A98196AF-LeaderElection8
2022-10-30 01:06:39,259 [edb0f50d-ef97-4088-a20b-1c61b9a9d6ec@group-0252A98196AF-LeaderElection8] INFO  impl.RoleInfo (RoleInfo.java:updateAndGet(139)) - edb0f50d-ef97-4088-a20b-1c61b9a9d6ec: start edb0f50d-ef97-4088-a20b-1c61b9a9d6ec@group-0252A98196AF-FollowerState
2022-10-30 01:06:39,265 [edb0f50d-ef97-4088-a20b-1c61b9a9d6ec@group-0252A98196AF-FollowerState] INFO  server.RaftServerConfigKeys (ConfUtils.java:logFallback(53)) - raft.server.rpc.first-election.timeout.min = 5s (fallback to raft.server.rpc.timeout.min)
2022-10-30 01:06:39,265 [edb0f50d-ef97-4088-a20b-1c61b9a9d6ec@group-0252A98196AF-FollowerState] INFO  server.RaftServerConfigKeys (ConfUtils.java:logFallback(53)) - raft.server.rpc.first-election.timeout.max = 5200ms (fallback to raft.server.rpc.timeout.max)
2022-10-30 01:06:39,266 [grpc-default-executor-2] INFO  server.RaftServer$Division (RaftServerImpl.java:requestVote(1218)) - 57b0e5c4-d4d8-463c-8999-53af98295cd0@group-0252A98196AF: receive requestVote(ELECTION, edb0f50d-ef97-4088-a20b-1c61b9a9d6ec, group-0252A98196AF, 1, (t:0, i:0))
2022-10-30 01:06:39,266 [grpc-default-executor-2] INFO  impl.VoteContext (VoteContext.java:log(48)) - 57b0e5c4-d4d8-463c-8999-53af98295cd0@group-0252A98196AF-FOLLOWER: accept ELECTION from edb0f50d-ef97-4088-a20b-1c61b9a9d6ec: our priority 0 <= candidate's priority 0
2022-10-30 01:06:39,267 [grpc-default-executor-2] INFO  server.RaftServer$Division (RaftServerImpl.java:setRole(321)) - 57b0e5c4-d4d8-463c-8999-53af98295cd0@group-0252A98196AF: changes role from  FOLLOWER to FOLLOWER at term 1 for candidate:edb0f50d-ef97-4088-a20b-1c61b9a9d6ec
2022-10-30 01:06:39,267 [grpc-default-executor-2] INFO  impl.RoleInfo (RoleInfo.java:shutdownFollowerState(110)) - 57b0e5c4-d4d8-463c-8999-53af98295cd0: shutdown 57b0e5c4-d4d8-463c-8999-53af98295cd0@group-0252A98196AF-FollowerState
2022-10-30 01:06:39,267 [grpc-default-executor-2] INFO  impl.RoleInfo (RoleInfo.java:updateAndGet(139)) - 57b0e5c4-d4d8-463c-8999-53af98295cd0: start 57b0e5c4-d4d8-463c-8999-53af98295cd0@group-0252A98196AF-FollowerState
2022-10-30 01:06:39,267 [57b0e5c4-d4d8-463c-8999-53af98295cd0@group-0252A98196AF-FollowerState] INFO  impl.FollowerState (FollowerState.java:run(152)) - 57b0e5c4-d4d8-463c-8999-53af98295cd0@group-0252A98196AF-FollowerState was interrupted
2022-10-30 01:06:39,270 [57b0e5c4-d4d8-463c-8999-53af98295cd0@group-0252A98196AF-FollowerState] INFO  server.RaftServerConfigKeys (ConfUtils.java:logFallback(53)) - raft.server.rpc.first-election.timeout.min = 5s (fallback to raft.server.rpc.timeout.min)
2022-10-30 01:06:39,270 [57b0e5c4-d4d8-463c-8999-53af98295cd0@group-0252A98196AF-FollowerState] INFO  server.RaftServerConfigKeys (ConfUtils.java:logFallback(53)) - raft.server.rpc.first-election.timeout.max = 5200ms (fallback to raft.server.rpc.timeout.max)
2022-10-30 01:06:39,271 [grpc-default-executor-2] INFO  server.RaftServer$Division (RaftServerImpl.java:requestVote(1251)) - 57b0e5c4-d4d8-463c-8999-53af98295cd0@group-0252A98196AF replies to ELECTION vote request: edb0f50d-ef97-4088-a20b-1c61b9a9d6ec<-57b0e5c4-d4d8-463c-8999-53af98295cd0#0:OK-t1. Peer's state: 57b0e5c4-d4d8-463c-8999-53af98295cd0@group-0252A98196AF:t1, leader=null, voted=edb0f50d-ef97-4088-a20b-1c61b9a9d6ec, raftlog=Memoized:57b0e5c4-d4d8-463c-8999-53af98295cd0@group-0252A98196AF-SegmentedRaftLog:OPENED:c-1, conf=-1: peers:[edb0f50d-ef97-4088-a20b-1c61b9a9d6ec|rpc:10.1.0.11:41147|dataStream:|priority:0|startupRole:FOLLOWER, 58d8b8bb-cfc7-423c-ba1f-09160eea4c71|rpc:10.1.0.11:37145|dataStream:|priority:1|startupRole:FOLLOWER, 57b0e5c4-d4d8-463c-8999-53af98295cd0|rpc:10.1.0.11:39941|dataStream:|priority:0|startupRole:FOLLOWER]|listeners:[], old=null
2022-10-30 01:06:39,339 [edb0f50d-ef97-4088-a20b-1c61b9a9d6ec@group-25E74EA5BF7A-FollowerState] INFO  impl.FollowerState (FollowerState.java:run(143)) - edb0f50d-ef97-4088-a20b-1c61b9a9d6ec@group-25E74EA5BF7A-FollowerState: change to CANDIDATE, lastRpcElapsedTime:5080944298ns, electionTimeout:5068ms
2022-10-30 01:06:39,339 [edb0f50d-ef97-4088-a20b-1c61b9a9d6ec@group-25E74EA5BF7A-FollowerState] INFO  impl.RoleInfo (RoleInfo.java:shutdownFollowerState(110)) - edb0f50d-ef97-4088-a20b-1c61b9a9d6ec: shutdown edb0f50d-ef97-4088-a20b-1c61b9a9d6ec@group-25E74EA5BF7A-FollowerState
2022-10-30 01:06:39,339 [edb0f50d-ef97-4088-a20b-1c61b9a9d6ec@group-25E74EA5BF7A-FollowerState] INFO  server.RaftServer$Division (RaftServerImpl.java:setRole(321)) - edb0f50d-ef97-4088-a20b-1c61b9a9d6ec@group-25E74EA5BF7A: changes role from  FOLLOWER to CANDIDATE at term 0 for changeToCandidate
2022-10-30 01:06:39,339 [edb0f50d-ef97-4088-a20b-1c61b9a9d6ec@group-25E74EA5BF7A-FollowerState] INFO  server.RaftServerConfigKeys (ConfUtils.java:logGet(46)) - raft.server.leaderelection.pre-vote = false (custom)
2022-10-30 01:06:39,339 [edb0f50d-ef97-4088-a20b-1c61b9a9d6ec@group-25E74EA5BF7A-FollowerState] INFO  impl.RoleInfo (RoleInfo.java:updateAndGet(139)) - edb0f50d-ef97-4088-a20b-1c61b9a9d6ec: start edb0f50d-ef97-4088-a20b-1c61b9a9d6ec@group-25E74EA5BF7A-LeaderElection9
2022-10-30 01:06:39,342 [edb0f50d-ef97-4088-a20b-1c61b9a9d6ec@group-25E74EA5BF7A-LeaderElection9] INFO  impl.LeaderElection (LeaderElection.java:askForVotes(312)) - edb0f50d-ef97-4088-a20b-1c61b9a9d6ec@group-25E74EA5BF7A-LeaderElection9 ELECTION round 0: submit vote requests at term 1 for -1: peers:[edb0f50d-ef97-4088-a20b-1c61b9a9d6ec|rpc:10.1.0.11:41147|priority:1|startupRole:FOLLOWER, 58d8b8bb-cfc7-423c-ba1f-09160eea4c71|rpc:10.1.0.11:37145|priority:0|startupRole:FOLLOWER, 57b0e5c4-d4d8-463c-8999-53af98295cd0|rpc:10.1.0.11:39941|priority:0|startupRole:FOLLOWER]|listeners:[], old=null
2022-10-30 01:06:39,343 [edb0f50d-ef97-4088-a20b-1c61b9a9d6ec@group-25E74EA5BF7A-LeaderElection9] INFO  server.RaftServerConfigKeys (ConfUtils.java:logFallback(53)) - raft.server.rpc.first-election.timeout.min = 5s (fallback to raft.server.rpc.timeout.min)
2022-10-30 01:06:39,343 [edb0f50d-ef97-4088-a20b-1c61b9a9d6ec@group-25E74EA5BF7A-LeaderElection9] INFO  server.RaftServerConfigKeys (ConfUtils.java:logFallback(53)) - raft.server.rpc.first-election.timeout.max = 5200ms (fallback to raft.server.rpc.timeout.max)
2022-10-30 01:06:39,346 [grpc-default-executor-1] INFO  server.RaftServer$Division (RaftServerImpl.java:requestVote(1218)) - 57b0e5c4-d4d8-463c-8999-53af98295cd0@group-25E74EA5BF7A: receive requestVote(ELECTION, edb0f50d-ef97-4088-a20b-1c61b9a9d6ec, group-25E74EA5BF7A, 1, (t:0, i:0))
2022-10-30 01:06:39,346 [grpc-default-executor-1] INFO  impl.VoteContext (VoteContext.java:log(48)) - 57b0e5c4-d4d8-463c-8999-53af98295cd0@group-25E74EA5BF7A-FOLLOWER: accept ELECTION from edb0f50d-ef97-4088-a20b-1c61b9a9d6ec: our priority 0 <= candidate's priority 1
2022-10-30 01:06:39,346 [grpc-default-executor-1] INFO  server.RaftServer$Division (RaftServerImpl.java:setRole(321)) - 57b0e5c4-d4d8-463c-8999-53af98295cd0@group-25E74EA5BF7A: changes role from  FOLLOWER to FOLLOWER at term 1 for candidate:edb0f50d-ef97-4088-a20b-1c61b9a9d6ec
2022-10-30 01:06:39,346 [grpc-default-executor-1] INFO  impl.RoleInfo (RoleInfo.java:shutdownFollowerState(110)) - 57b0e5c4-d4d8-463c-8999-53af98295cd0: shutdown 57b0e5c4-d4d8-463c-8999-53af98295cd0@group-25E74EA5BF7A-FollowerState
2022-10-30 01:06:39,346 [grpc-default-executor-1] INFO  impl.RoleInfo (RoleInfo.java:updateAndGet(139)) - 57b0e5c4-d4d8-463c-8999-53af98295cd0: start 57b0e5c4-d4d8-463c-8999-53af98295cd0@group-25E74EA5BF7A-FollowerState
2022-10-30 01:06:39,346 [57b0e5c4-d4d8-463c-8999-53af98295cd0@group-25E74EA5BF7A-FollowerState] INFO  impl.FollowerState (FollowerState.java:run(152)) - 57b0e5c4-d4d8-463c-8999-53af98295cd0@group-25E74EA5BF7A-FollowerState was interrupted
2022-10-30 01:06:39,348 [grpc-default-executor-0] INFO  server.RaftServer$Division (RaftServerImpl.java:requestVote(1218)) - 58d8b8bb-cfc7-423c-ba1f-09160eea4c71@group-25E74EA5BF7A: receive requestVote(ELECTION, edb0f50d-ef97-4088-a20b-1c61b9a9d6ec, group-25E74EA5BF7A, 1, (t:0, i:0))
2022-10-30 01:06:39,348 [grpc-default-executor-0] INFO  impl.VoteContext (VoteContext.java:log(48)) - 58d8b8bb-cfc7-423c-ba1f-09160eea4c71@group-25E74EA5BF7A-FOLLOWER: accept ELECTION from edb0f50d-ef97-4088-a20b-1c61b9a9d6ec: our priority 0 <= candidate's priority 1
2022-10-30 01:06:39,348 [grpc-default-executor-0] INFO  server.RaftServer$Division (RaftServerImpl.java:setRole(321)) - 58d8b8bb-cfc7-423c-ba1f-09160eea4c71@group-25E74EA5BF7A: changes role from  FOLLOWER to FOLLOWER at term 1 for candidate:edb0f50d-ef97-4088-a20b-1c61b9a9d6ec
2022-10-30 01:06:39,348 [grpc-default-executor-0] INFO  impl.RoleInfo (RoleInfo.java:shutdownFollowerState(110)) - 58d8b8bb-cfc7-423c-ba1f-09160eea4c71: shutdown 58d8b8bb-cfc7-423c-ba1f-09160eea4c71@group-25E74EA5BF7A-FollowerState
2022-10-30 01:06:39,348 [grpc-default-executor-1] INFO  server.RaftServer$Division (RaftServerImpl.java:requestVote(1251)) - 57b0e5c4-d4d8-463c-8999-53af98295cd0@group-25E74EA5BF7A replies to ELECTION vote request: edb0f50d-ef97-4088-a20b-1c61b9a9d6ec<-57b0e5c4-d4d8-463c-8999-53af98295cd0#0:OK-t1. Peer's state: 57b0e5c4-d4d8-463c-8999-53af98295cd0@group-25E74EA5BF7A:t1, leader=null, voted=edb0f50d-ef97-4088-a20b-1c61b9a9d6ec, raftlog=Memoized:57b0e5c4-d4d8-463c-8999-53af98295cd0@group-25E74EA5BF7A-SegmentedRaftLog:OPENED:c-1, conf=-1: peers:[edb0f50d-ef97-4088-a20b-1c61b9a9d6ec|rpc:10.1.0.11:41147|dataStream:|priority:1|startupRole:FOLLOWER, 58d8b8bb-cfc7-423c-ba1f-09160eea4c71|rpc:10.1.0.11:37145|dataStream:|priority:0|startupRole:FOLLOWER, 57b0e5c4-d4d8-463c-8999-53af98295cd0|rpc:10.1.0.11:39941|dataStream:|priority:0|startupRole:FOLLOWER]|listeners:[], old=null
2022-10-30 01:06:39,348 [58d8b8bb-cfc7-423c-ba1f-09160eea4c71@group-25E74EA5BF7A-FollowerState] INFO  impl.FollowerState (FollowerState.java:run(152)) - 58d8b8bb-cfc7-423c-ba1f-09160eea4c71@group-25E74EA5BF7A-FollowerState was interrupted
2022-10-30 01:06:39,348 [grpc-default-executor-0] INFO  impl.RoleInfo (RoleInfo.java:updateAndGet(139)) - 58d8b8bb-cfc7-423c-ba1f-09160eea4c71: start 58d8b8bb-cfc7-423c-ba1f-09160eea4c71@group-25E74EA5BF7A-FollowerState
2022-10-30 01:06:39,349 [57b0e5c4-d4d8-463c-8999-53af98295cd0@group-25E74EA5BF7A-FollowerState] INFO  server.RaftServerConfigKeys (ConfUtils.java:logFallback(53)) - raft.server.rpc.first-election.timeout.min = 5s (fallback to raft.server.rpc.timeout.min)
2022-10-30 01:06:39,349 [57b0e5c4-d4d8-463c-8999-53af98295cd0@group-25E74EA5BF7A-FollowerState] INFO  server.RaftServerConfigKeys (ConfUtils.java:logFallback(53)) - raft.server.rpc.first-election.timeout.max = 5200ms (fallback to raft.server.rpc.timeout.max)
2022-10-30 01:06:39,349 [58d8b8bb-cfc7-423c-ba1f-09160eea4c71@group-25E74EA5BF7A-FollowerState] INFO  server.RaftServerConfigKeys (ConfUtils.java:logFallback(53)) - raft.server.rpc.first-election.timeout.min = 5s (fallback to raft.server.rpc.timeout.min)
2022-10-30 01:06:39,349 [58d8b8bb-cfc7-423c-ba1f-09160eea4c71@group-25E74EA5BF7A-FollowerState] INFO  server.RaftServerConfigKeys (ConfUtils.java:logFallback(53)) - raft.server.rpc.first-election.timeout.max = 5200ms (fallback to raft.server.rpc.timeout.max)
2022-10-30 01:06:39,349 [grpc-default-executor-0] INFO  server.RaftServer$Division (RaftServerImpl.java:requestVote(1251)) - 58d8b8bb-cfc7-423c-ba1f-09160eea4c71@group-25E74EA5BF7A replies to ELECTION vote request: edb0f50d-ef97-4088-a20b-1c61b9a9d6ec<-58d8b8bb-cfc7-423c-ba1f-09160eea4c71#0:OK-t1. Peer's state: 58d8b8bb-cfc7-423c-ba1f-09160eea4c71@group-25E74EA5BF7A:t1, leader=null, voted=edb0f50d-ef97-4088-a20b-1c61b9a9d6ec, raftlog=Memoized:58d8b8bb-cfc7-423c-ba1f-09160eea4c71@group-25E74EA5BF7A-SegmentedRaftLog:OPENED:c-1, conf=-1: peers:[edb0f50d-ef97-4088-a20b-1c61b9a9d6ec|rpc:10.1.0.11:41147|dataStream:|priority:1|startupRole:FOLLOWER, 58d8b8bb-cfc7-423c-ba1f-09160eea4c71|rpc:10.1.0.11:37145|dataStream:|priority:0|startupRole:FOLLOWER, 57b0e5c4-d4d8-463c-8999-53af98295cd0|rpc:10.1.0.11:39941|dataStream:|priority:0|startupRole:FOLLOWER]|listeners:[], old=null
2022-10-30 01:06:39,354 [edb0f50d-ef97-4088-a20b-1c61b9a9d6ec@group-25E74EA5BF7A-LeaderElection9] INFO  impl.LeaderElection (LeaderElection.java:logAndReturn(90)) - edb0f50d-ef97-4088-a20b-1c61b9a9d6ec@group-25E74EA5BF7A-LeaderElection9: ELECTION PASSED received 1 response(s) and 0 exception(s):
2022-10-30 01:06:39,354 [edb0f50d-ef97-4088-a20b-1c61b9a9d6ec@group-25E74EA5BF7A-LeaderElection9] INFO  impl.LeaderElection (LeaderElection.java:logAndReturn(94)) -   Response 0: edb0f50d-ef97-4088-a20b-1c61b9a9d6ec<-58d8b8bb-cfc7-423c-ba1f-09160eea4c71#0:OK-t1
2022-10-30 01:06:39,354 [edb0f50d-ef97-4088-a20b-1c61b9a9d6ec@group-25E74EA5BF7A-LeaderElection9] INFO  impl.LeaderElection (LeaderElection.java:askForVotes(314)) - edb0f50d-ef97-4088-a20b-1c61b9a9d6ec@group-25E74EA5BF7A-LeaderElection9 ELECTION round 0: result PASSED
2022-10-30 01:06:39,354 [edb0f50d-ef97-4088-a20b-1c61b9a9d6ec@group-25E74EA5BF7A-LeaderElection9] INFO  impl.RoleInfo (RoleInfo.java:shutdownLeaderElection(130)) - edb0f50d-ef97-4088-a20b-1c61b9a9d6ec: shutdown edb0f50d-ef97-4088-a20b-1c61b9a9d6ec@group-25E74EA5BF7A-LeaderElection9
2022-10-30 01:06:39,355 [edb0f50d-ef97-4088-a20b-1c61b9a9d6ec@group-25E74EA5BF7A-LeaderElection9] INFO  server.RaftServer$Division (RaftServerImpl.java:setRole(321)) - edb0f50d-ef97-4088-a20b-1c61b9a9d6ec@group-25E74EA5BF7A: changes role from CANDIDATE to LEADER at term 1 for changeToLeader
2022-10-30 01:06:39,355 [edb0f50d-ef97-4088-a20b-1c61b9a9d6ec@group-25E74EA5BF7A-LeaderElection9] INFO  ratis.XceiverServerRatis (XceiverServerRatis.java:handleLeaderChangedNotification(863)) - Leader change notification received for group: group-25E74EA5BF7A with new leaderId: edb0f50d-ef97-4088-a20b-1c61b9a9d6ec
2022-10-30 01:06:39,355 [edb0f50d-ef97-4088-a20b-1c61b9a9d6ec@group-25E74EA5BF7A-LeaderElection9] INFO  server.RaftServer$Division (ServerState.java:setLeader(313)) - edb0f50d-ef97-4088-a20b-1c61b9a9d6ec@group-25E74EA5BF7A: change Leader from null to edb0f50d-ef97-4088-a20b-1c61b9a9d6ec at term 1 for becomeLeader, leader elected after 5109ms
2022-10-30 01:06:39,355 [edb0f50d-ef97-4088-a20b-1c61b9a9d6ec@group-25E74EA5BF7A-LeaderElection9] INFO  server.RaftServerConfigKeys (ConfUtils.java:logGet(46)) - raft.server.staging.catchup.gap = 1000 (default)
2022-10-30 01:06:39,355 [edb0f50d-ef97-4088-a20b-1c61b9a9d6ec@group-25E74EA5BF7A-LeaderElection9] INFO  server.RaftServerConfigKeys (ConfUtils.java:logGet(46)) - raft.server.write.element-limit = 1024 (custom)
2022-10-30 01:06:39,355 [edb0f50d-ef97-4088-a20b-1c61b9a9d6ec@group-25E74EA5BF7A-LeaderElection9] INFO  server.RaftServerConfigKeys (ConfUtils.java:logGet(46)) - raft.server.write.byte-limit = 1024 M (=1073741824) (custom)
2022-10-30 01:06:39,355 [edb0f50d-ef97-4088-a20b-1c61b9a9d6ec@group-25E74EA5BF7A-LeaderElection9] INFO  server.RaftServerConfigKeys (ConfUtils.java:logGet(46)) - raft.server.watch.timeout = 180s (custom)
2022-10-30 01:06:39,355 [edb0f50d-ef97-4088-a20b-1c61b9a9d6ec@group-25E74EA5BF7A-LeaderElection9] INFO  server.RaftServerConfigKeys (ConfUtils.java:logGet(46)) - raft.server.watch.timeout.denomination = 1s (default)
2022-10-30 01:06:39,355 [edb0f50d-ef97-4088-a20b-1c61b9a9d6ec@group-25E74EA5BF7A-LeaderElection9] INFO  server.RaftServerConfigKeys (ConfUtils.java:logGet(46)) - raft.server.watch.element-limit = 65536 (default)
2022-10-30 01:06:39,355 [edb0f50d-ef97-4088-a20b-1c61b9a9d6ec@group-25E74EA5BF7A-LeaderElection9] INFO  server.RaftServerConfigKeys (ConfUtils.java:logGet(46)) - raft.server.write.element-limit = 1024 (custom)
2022-10-30 01:06:39,355 [edb0f50d-ef97-4088-a20b-1c61b9a9d6ec@group-25E74EA5BF7A-LeaderElection9] INFO  server.RaftServerConfigKeys (ConfUtils.java:logGet(46)) - raft.server.write.follower.gap.ratio.max = -1.0 (default)
2022-10-30 01:06:39,363 [EventQueue-PipelineReportForPipelineReportHandler] INFO  pipeline.PipelineManagerImpl (PipelineManagerImpl.java:openPipeline(367)) - Pipeline Pipeline[ Id: 7193abbf-4330-428e-b407-25e74ea5bf7a, Nodes: 57b0e5c4-d4d8-463c-8999-53af98295cd0{ip: 10.1.0.11, host: fv-az99-422.euuzywwtp3iu5l5aj42nbmzodg.gx.internal.cloudapp.net, ports: [REPLICATION=45861, RATIS=39941, RATIS_ADMIN=39941, RATIS_SERVER=39941, STANDALONE=38745], networkLocation: /default-rack, certSerialId: null, persistedOpState: IN_SERVICE, persistedOpStateExpiryEpochSec: 0}edb0f50d-ef97-4088-a20b-1c61b9a9d6ec{ip: 10.1.0.11, host: fv-az99-422.euuzywwtp3iu5l5aj42nbmzodg.gx.internal.cloudapp.net, ports: [REPLICATION=37555, RATIS=41147, RATIS_ADMIN=41147, RATIS_SERVER=41147, STANDALONE=45487], networkLocation: /default-rack, certSerialId: null, persistedOpState: IN_SERVICE, persistedOpStateExpiryEpochSec: 0}58d8b8bb-cfc7-423c-ba1f-09160eea4c71{ip: 10.1.0.11, host: fv-az99-422.euuzywwtp3iu5l5aj42nbmzodg.gx.internal.cloudapp.net, ports: [REPLICATION=40581, RATIS=37145, RATIS_ADMIN=37145, RATIS_SERVER=37145, STANDALONE=33047], networkLocation: /default-rack, certSerialId: null, persistedOpState: IN_SERVICE, persistedOpStateExpiryEpochSec: 0}, ReplicationConfig: RATIS/THREE, State:ALLOCATED, leaderId:edb0f50d-ef97-4088-a20b-1c61b9a9d6ec, CreationTimestamp2022-10-30T01:06:31.726Z[Etc/UTC]] moved to OPEN state
2022-10-30 01:06:39,364 [EventQueue-OpenPipelineForHealthyPipelineSafeModeRule] INFO  safemode.SCMSafeModeManager (HealthyPipelineSafeModeRule.java:process(137)) - SCM in safe mode. Healthy pipelines reported count is 0, required healthy pipeline reported count is 1
2022-10-30 01:06:39,364 [EventQueue-OpenPipelineForHealthyPipelineSafeModeRule] INFO  safemode.SCMSafeModeManager (HealthyPipelineSafeModeRule.java:process(137)) - SCM in safe mode. Healthy pipelines reported count is 1, required healthy pipeline reported count is 1
2022-10-30 01:06:39,364 [EventQueue-OpenPipelineForHealthyPipelineSafeModeRule] INFO  safemode.SCMSafeModeManager (SCMSafeModeManager.java:validateSafeModeExitRules(204)) - HealthyPipelineSafeModeRule rule is successfully validated
2022-10-30 01:06:39,364 [EventQueue-OpenPipelineForHealthyPipelineSafeModeRule] INFO  safemode.SCMSafeModeManager (SCMSafeModeManager.java:validateSafeModeExitRules(219)) - ScmSafeModeManager, all rules are successfully validated
2022-10-30 01:06:39,364 [EventQueue-OpenPipelineForHealthyPipelineSafeModeRule] INFO  safemode.SCMSafeModeManager (SCMSafeModeManager.java:exitSafeMode(248)) - SCM exiting safe mode.
2022-10-30 01:06:39,364 [EventQueue-OpenPipelineForHealthyPipelineSafeModeRule] WARN  events.EventQueue (EventQueue.java:fireEvent(216)) - No event handler registered for event TypedEvent{payloadType=SafeModeStatus, name='Safe mode status'}
2022-10-30 01:06:39,364 [EventQueue-OpenPipelineForHealthyPipelineSafeModeRule] INFO  ha.SCMContext (SCMContext.java:updateSafeModeStatus(228)) - Update SafeModeStatus from SafeModeStatus{safeModeStatus=true, preCheckPassed=true} to SafeModeStatus{safeModeStatus=false, preCheckPassed=true}.
2022-10-30 01:06:39,364 [EventQueue-OpenPipelineForHealthyPipelineSafeModeRule] INFO  pipeline.BackgroundPipelineCreator (BackgroundPipelineCreator.java:notifyStatusChanged(254)) - Service BackgroundPipelineCreator transitions to RUNNING.
2022-10-30 01:06:39,364 [EventQueue-OpenPipelineForHealthyPipelineSafeModeRule] INFO  BackgroundPipelineScrubber (BackgroundSCMService.java:notifyStatusChanged(82)) - Service BackgroundPipelineScrubber transitions to RUNNING.
2022-10-30 01:06:39,364 [EventQueue-OpenPipelineForHealthyPipelineSafeModeRule] INFO  ExpiredContainerReplicaOpScrubber (BackgroundSCMService.java:notifyStatusChanged(82)) - Service ExpiredContainerReplicaOpScrubber transitions to RUNNING.
2022-10-30 01:06:39,364 [EventQueue-OpenPipelineForHealthyPipelineSafeModeRule] INFO  replication.ReplicationManager (ReplicationManager.java:notifyStatusChanged(796)) - Service ReplicationManager transitions to RUNNING.
2022-10-30 01:06:39,367 [EventQueue-OpenPipelineForHealthyPipelineSafeModeRule] WARN  balancer.ContainerBalancer (ContainerBalancer.java:shouldRun(131)) - Could not find persisted configuration for ContainerBalancer when checking if ContainerBalancer should run. ContainerBalancer should not run now.
2022-10-30 01:06:39,373 [edb0f50d-ef97-4088-a20b-1c61b9a9d6ec@group-25E74EA5BF7A-LeaderElection9] INFO  server.RaftServerConfigKeys (ConfUtils.java:logGet(46)) - raft.server.log.appender.snapshot.chunk.size.max = 16MB (=16777216) (default)
2022-10-30 01:06:39,373 [edb0f50d-ef97-4088-a20b-1c61b9a9d6ec@group-25E74EA5BF7A-LeaderElection9] INFO  server.RaftServerConfigKeys (ConfUtils.java:logGet(46)) - raft.server.log.appender.buffer.byte-limit = 33554432 (custom)
2022-10-30 01:06:39,373 [edb0f50d-ef97-4088-a20b-1c61b9a9d6ec@group-25E74EA5BF7A-LeaderElection9] INFO  server.RaftServerConfigKeys (ConfUtils.java:logGet(46)) - raft.server.log.appender.buffer.element-limit = 1 (custom)
2022-10-30 01:06:39,375 [edb0f50d-ef97-4088-a20b-1c61b9a9d6ec@group-25E74EA5BF7A-LeaderElection9] INFO  grpc.GrpcConfigKeys (ConfUtils.java:logGet(46)) - raft.grpc.server.leader.outstanding.appends.max = 128 (default)
2022-10-30 01:06:39,375 [edb0f50d-ef97-4088-a20b-1c61b9a9d6ec@group-25E74EA5BF7A-LeaderElection9] INFO  server.RaftServerConfigKeys (ConfUtils.java:logGet(46)) - raft.server.rpc.request.timeout = 60s (custom)
2022-10-30 01:06:39,375 [edb0f50d-ef97-4088-a20b-1c61b9a9d6ec@group-25E74EA5BF7A-LeaderElection9] INFO  server.RaftServerConfigKeys (ConfUtils.java:logGet(46)) - raft.server.log.appender.install.snapshot.enabled = false (custom)
2022-10-30 01:06:39,375 [edb0f50d-ef97-4088-a20b-1c61b9a9d6ec@group-25E74EA5BF7A-LeaderElection9] INFO  grpc.GrpcConfigKeys (ConfUtils.java:logGet(46)) - raft.grpc.server.heartbeat.channel = true (default)
2022-10-30 01:06:39,375 [edb0f50d-ef97-4088-a20b-1c61b9a9d6ec@group-25E74EA5BF7A-LeaderElection9] INFO  server.RaftServerConfigKeys (ConfUtils.java:logGet(46)) - raft.server.log.appender.wait-time.min = 10ms (default)
2022-10-30 01:06:39,377 [edb0f50d-ef97-4088-a20b-1c61b9a9d6ec@group-25E74EA5BF7A-LeaderElection9] INFO  server.RaftServerConfigKeys (ConfUtils.java:logGet(46)) - raft.server.log.appender.snapshot.chunk.size.max = 16MB (=16777216) (default)
2022-10-30 01:06:39,377 [edb0f50d-ef97-4088-a20b-1c61b9a9d6ec@group-25E74EA5BF7A-LeaderElection9] INFO  server.RaftServerConfigKeys (ConfUtils.java:logGet(46)) - raft.server.log.appender.buffer.byte-limit = 33554432 (custom)
2022-10-30 01:06:39,377 [edb0f50d-ef97-4088-a20b-1c61b9a9d6ec@group-25E74EA5BF7A-LeaderElection9] INFO  server.RaftServerConfigKeys (ConfUtils.java:logGet(46)) - raft.server.log.appender.buffer.element-limit = 1 (custom)
2022-10-30 01:06:39,377 [edb0f50d-ef97-4088-a20b-1c61b9a9d6ec@group-25E74EA5BF7A-LeaderElection9] INFO  grpc.GrpcConfigKeys (ConfUtils.java:logGet(46)) - raft.grpc.server.leader.outstanding.appends.max = 128 (default)
2022-10-30 01:06:39,377 [edb0f50d-ef97-4088-a20b-1c61b9a9d6ec@group-25E74EA5BF7A-LeaderElection9] INFO  server.RaftServerConfigKeys (ConfUtils.java:logGet(46)) - raft.server.rpc.request.timeout = 60s (custom)
2022-10-30 01:06:39,377 [edb0f50d-ef97-4088-a20b-1c61b9a9d6ec@group-25E74EA5BF7A-LeaderElection9] INFO  server.RaftServerConfigKeys (ConfUtils.java:logGet(46)) - raft.server.log.appender.install.snapshot.enabled = false (custom)
2022-10-30 01:06:39,377 [edb0f50d-ef97-4088-a20b-1c61b9a9d6ec@group-25E74EA5BF7A-LeaderElection9] INFO  grpc.GrpcConfigKeys (ConfUtils.java:logGet(46)) - raft.grpc.server.heartbeat.channel = true (default)
2022-10-30 01:06:39,377 [edb0f50d-ef97-4088-a20b-1c61b9a9d6ec@group-25E74EA5BF7A-LeaderElection9] INFO  server.RaftServerConfigKeys (ConfUtils.java:logGet(46)) - raft.server.log.appender.wait-time.min = 10ms (default)
2022-10-30 01:06:39,378 [edb0f50d-ef97-4088-a20b-1c61b9a9d6ec@group-25E74EA5BF7A-LeaderElection9] INFO  impl.RoleInfo (RoleInfo.java:updateAndGet(139)) - edb0f50d-ef97-4088-a20b-1c61b9a9d6ec: start edb0f50d-ef97-4088-a20b-1c61b9a9d6ec@group-25E74EA5BF7A-LeaderStateImpl
2022-10-30 01:06:39,378 [edb0f50d-ef97-4088-a20b-1c61b9a9d6ec@group-25E74EA5BF7A-LeaderElection9] INFO  segmented.SegmentedRaftLogWorker (SegmentedRaftLogWorker.java:startLogSegment(452)) - edb0f50d-ef97-4088-a20b-1c61b9a9d6ec@group-25E74EA5BF7A-SegmentedRaftLogWorker: Starting segment from index:0
2022-10-30 01:06:39,380 [edb0f50d-ef97-4088-a20b-1c61b9a9d6ec@group-25E74EA5BF7A-SegmentedRaftLogWorker] INFO  segmented.SegmentedRaftLogWorker (SegmentedRaftLogWorker.java:execute(656)) - edb0f50d-ef97-4088-a20b-1c61b9a9d6ec@group-25E74EA5BF7A-SegmentedRaftLogWorker: created new log segment /home/runner/work/ozone/ozone/hadoop-ozone/integration-test/target/test-dir/MiniOzoneClusterImpl-d77d6c10-3d51-4ae5-b04b-b5f3d2f20a3f/datanode-3/data/ratis/7193abbf-4330-428e-b407-25e74ea5bf7a/current/log_inprogress_0
2022-10-30 01:06:39,381 [edb0f50d-ef97-4088-a20b-1c61b9a9d6ec@group-25E74EA5BF7A-LeaderElection9] INFO  server.RaftServer$Division (ServerState.java:setRaftConf(430)) - edb0f50d-ef97-4088-a20b-1c61b9a9d6ec@group-25E74EA5BF7A: set configuration 0: peers:[edb0f50d-ef97-4088-a20b-1c61b9a9d6ec|rpc:10.1.0.11:41147|dataStream:|priority:1|startupRole:FOLLOWER, 58d8b8bb-cfc7-423c-ba1f-09160eea4c71|rpc:10.1.0.11:37145|dataStream:|priority:0|startupRole:FOLLOWER, 57b0e5c4-d4d8-463c-8999-53af98295cd0|rpc:10.1.0.11:39941|dataStream:|priority:0|startupRole:FOLLOWER]|listeners:[], old=null
2022-10-30 01:06:39,422 [57b0e5c4-d4d8-463c-8999-53af98295cd0-server-thread1] INFO  ratis.XceiverServerRatis (XceiverServerRatis.java:handleLeaderChangedNotification(863)) - Leader change notification received for group: group-25E74EA5BF7A with new leaderId: edb0f50d-ef97-4088-a20b-1c61b9a9d6ec
2022-10-30 01:06:39,422 [57b0e5c4-d4d8-463c-8999-53af98295cd0-server-thread1] INFO  server.RaftServer$Division (ServerState.java:setLeader(313)) - 57b0e5c4-d4d8-463c-8999-53af98295cd0@group-25E74EA5BF7A: change Leader from null to edb0f50d-ef97-4088-a20b-1c61b9a9d6ec at term 1 for appendEntries, leader elected after 5144ms
2022-10-30 01:06:39,430 [58d8b8bb-cfc7-423c-ba1f-09160eea4c71-server-thread1] INFO  ratis.XceiverServerRatis (XceiverServerRatis.java:handleLeaderChangedNotification(863)) - Leader change notification received for group: group-25E74EA5BF7A with new leaderId: edb0f50d-ef97-4088-a20b-1c61b9a9d6ec
2022-10-30 01:06:39,430 [58d8b8bb-cfc7-423c-ba1f-09160eea4c71-server-thread1] INFO  server.RaftServer$Division (ServerState.java:setLeader(313)) - 58d8b8bb-cfc7-423c-ba1f-09160eea4c71@group-25E74EA5BF7A: change Leader from null to edb0f50d-ef97-4088-a20b-1c61b9a9d6ec at term 1 for appendEntries, leader elected after 5121ms
2022-10-30 01:06:39,440 [57b0e5c4-d4d8-463c-8999-53af98295cd0-server-thread1] INFO  server.RaftServer$Division (ServerState.java:setRaftConf(430)) - 57b0e5c4-d4d8-463c-8999-53af98295cd0@group-25E74EA5BF7A: set configuration 0: peers:[edb0f50d-ef97-4088-a20b-1c61b9a9d6ec|rpc:10.1.0.11:41147|dataStream:|priority:1|startupRole:FOLLOWER, 58d8b8bb-cfc7-423c-ba1f-09160eea4c71|rpc:10.1.0.11:37145|dataStream:|priority:0|startupRole:FOLLOWER, 57b0e5c4-d4d8-463c-8999-53af98295cd0|rpc:10.1.0.11:39941|dataStream:|priority:0|startupRole:FOLLOWER]|listeners:[], old=null
2022-10-30 01:06:39,440 [57b0e5c4-d4d8-463c-8999-53af98295cd0-server-thread1] INFO  segmented.SegmentedRaftLogWorker (SegmentedRaftLogWorker.java:startLogSegment(452)) - 57b0e5c4-d4d8-463c-8999-53af98295cd0@group-25E74EA5BF7A-SegmentedRaftLogWorker: Starting segment from index:0
2022-10-30 01:06:39,441 [57b0e5c4-d4d8-463c-8999-53af98295cd0@group-25E74EA5BF7A-SegmentedRaftLogWorker] INFO  segmented.SegmentedRaftLogWorker (SegmentedRaftLogWorker.java:execute(656)) - 57b0e5c4-d4d8-463c-8999-53af98295cd0@group-25E74EA5BF7A-SegmentedRaftLogWorker: created new log segment /home/runner/work/ozone/ozone/hadoop-ozone/integration-test/target/test-dir/MiniOzoneClusterImpl-d77d6c10-3d51-4ae5-b04b-b5f3d2f20a3f/datanode-5/data/ratis/7193abbf-4330-428e-b407-25e74ea5bf7a/current/log_inprogress_0
2022-10-30 01:06:39,442 [58d8b8bb-cfc7-423c-ba1f-09160eea4c71-server-thread3] INFO  server.RaftServer$Division (ServerState.java:setRaftConf(430)) - 58d8b8bb-cfc7-423c-ba1f-09160eea4c71@group-25E74EA5BF7A: set configuration 0: peers:[edb0f50d-ef97-4088-a20b-1c61b9a9d6ec|rpc:10.1.0.11:41147|dataStream:|priority:1|startupRole:FOLLOWER, 58d8b8bb-cfc7-423c-ba1f-09160eea4c71|rpc:10.1.0.11:37145|dataStream:|priority:0|startupRole:FOLLOWER, 57b0e5c4-d4d8-463c-8999-53af98295cd0|rpc:10.1.0.11:39941|dataStream:|priority:0|startupRole:FOLLOWER]|listeners:[], old=null
2022-10-30 01:06:39,442 [58d8b8bb-cfc7-423c-ba1f-09160eea4c71-server-thread3] INFO  segmented.SegmentedRaftLogWorker (SegmentedRaftLogWorker.java:startLogSegment(452)) - 58d8b8bb-cfc7-423c-ba1f-09160eea4c71@group-25E74EA5BF7A-SegmentedRaftLogWorker: Starting segment from index:0
2022-10-30 01:06:39,443 [58d8b8bb-cfc7-423c-ba1f-09160eea4c71@group-25E74EA5BF7A-SegmentedRaftLogWorker] INFO  segmented.SegmentedRaftLogWorker (SegmentedRaftLogWorker.java:execute(656)) - 58d8b8bb-cfc7-423c-ba1f-09160eea4c71@group-25E74EA5BF7A-SegmentedRaftLogWorker: created new log segment /home/runner/work/ozone/ozone/hadoop-ozone/integration-test/target/test-dir/MiniOzoneClusterImpl-d77d6c10-3d51-4ae5-b04b-b5f3d2f20a3f/datanode-4/data/ratis/7193abbf-4330-428e-b407-25e74ea5bf7a/current/log_inprogress_0
2022-10-30 01:06:39,589 [58d8b8bb-cfc7-423c-ba1f-09160eea4c71@group-14838764CDE0-FollowerState] INFO  impl.FollowerState (FollowerState.java:run(143)) - 58d8b8bb-cfc7-423c-ba1f-09160eea4c71@group-14838764CDE0-FollowerState: change to CANDIDATE, lastRpcElapsedTime:5179199234ns, electionTimeout:5178ms
2022-10-30 01:06:39,589 [58d8b8bb-cfc7-423c-ba1f-09160eea4c71@group-14838764CDE0-FollowerState] INFO  impl.RoleInfo (RoleInfo.java:shutdownFollowerState(110)) - 58d8b8bb-cfc7-423c-ba1f-09160eea4c71: shutdown 58d8b8bb-cfc7-423c-ba1f-09160eea4c71@group-14838764CDE0-FollowerState
2022-10-30 01:06:39,589 [58d8b8bb-cfc7-423c-ba1f-09160eea4c71@group-14838764CDE0-FollowerState] INFO  server.RaftServer$Division (RaftServerImpl.java:setRole(321)) - 58d8b8bb-cfc7-423c-ba1f-09160eea4c71@group-14838764CDE0: changes role from  FOLLOWER to CANDIDATE at term 0 for changeToCandidate
2022-10-30 01:06:39,589 [58d8b8bb-cfc7-423c-ba1f-09160eea4c71@group-14838764CDE0-FollowerState] INFO  server.RaftServerConfigKeys (ConfUtils.java:logGet(46)) - raft.server.leaderelection.pre-vote = false (custom)
2022-10-30 01:06:39,589 [58d8b8bb-cfc7-423c-ba1f-09160eea4c71@group-14838764CDE0-FollowerState] INFO  impl.RoleInfo (RoleInfo.java:updateAndGet(139)) - 58d8b8bb-cfc7-423c-ba1f-09160eea4c71: start 58d8b8bb-cfc7-423c-ba1f-09160eea4c71@group-14838764CDE0-LeaderElection10
2022-10-30 01:06:39,594 [58d8b8bb-cfc7-423c-ba1f-09160eea4c71@group-14838764CDE0-LeaderElection10] INFO  impl.LeaderElection (LeaderElection.java:askForVotes(312)) - 58d8b8bb-cfc7-423c-ba1f-09160eea4c71@group-14838764CDE0-LeaderElection10 ELECTION round 0: submit vote requests at term 1 for -1: peers:[58d8b8bb-cfc7-423c-ba1f-09160eea4c71|rpc:10.1.0.11:37145|priority:1|startupRole:FOLLOWER]|listeners:[], old=null
2022-10-30 01:06:39,594 [58d8b8bb-cfc7-423c-ba1f-09160eea4c71@group-14838764CDE0-LeaderElection10] INFO  impl.LeaderElection (LeaderElection.java:askForVotes(314)) - 58d8b8bb-cfc7-423c-ba1f-09160eea4c71@group-14838764CDE0-LeaderElection10 ELECTION round 0: result PASSED (term=1)
2022-10-30 01:06:39,594 [58d8b8bb-cfc7-423c-ba1f-09160eea4c71@group-14838764CDE0-LeaderElection10] INFO  impl.RoleInfo (RoleInfo.java:shutdownLeaderElection(130)) - 58d8b8bb-cfc7-423c-ba1f-09160eea4c71: shutdown 58d8b8bb-cfc7-423c-ba1f-09160eea4c71@group-14838764CDE0-LeaderElection10
2022-10-30 01:06:39,594 [58d8b8bb-cfc7-423c-ba1f-09160eea4c71@group-14838764CDE0-LeaderElection10] INFO  server.RaftServer$Division (RaftServerImpl.java:setRole(321)) - 58d8b8bb-cfc7-423c-ba1f-09160eea4c71@group-14838764CDE0: changes role from CANDIDATE to LEADER at term 1 for changeToLeader
2022-10-30 01:06:39,594 [58d8b8bb-cfc7-423c-ba1f-09160eea4c71@group-14838764CDE0-LeaderElection10] INFO  ratis.XceiverServerRatis (XceiverServerRatis.java:handleLeaderChangedNotification(863)) - Leader change notification received for group: group-14838764CDE0 with new leaderId: 58d8b8bb-cfc7-423c-ba1f-09160eea4c71
2022-10-30 01:06:39,594 [58d8b8bb-cfc7-423c-ba1f-09160eea4c71@group-14838764CDE0-LeaderElection10] INFO  server.RaftServer$Division (ServerState.java:setLeader(313)) - 58d8b8bb-cfc7-423c-ba1f-09160eea4c71@group-14838764CDE0: change Leader from null to 58d8b8bb-cfc7-423c-ba1f-09160eea4c71 at term 1 for becomeLeader, leader elected after 5194ms
2022-10-30 01:06:39,594 [58d8b8bb-cfc7-423c-ba1f-09160eea4c71@group-14838764CDE0-LeaderElection10] INFO  server.RaftServerConfigKeys (ConfUtils.java:logGet(46)) - raft.server.staging.catchup.gap = 1000 (default)
2022-10-30 01:06:39,594 [58d8b8bb-cfc7-423c-ba1f-09160eea4c71@group-14838764CDE0-LeaderElection10] INFO  server.RaftServerConfigKeys (ConfUtils.java:logGet(46)) - raft.server.write.element-limit = 1024 (custom)
2022-10-30 01:06:39,594 [58d8b8bb-cfc7-423c-ba1f-09160eea4c71@group-14838764CDE0-LeaderElection10] INFO  server.RaftServerConfigKeys (ConfUtils.java:logGet(46)) - raft.server.write.byte-limit = 1024 M (=1073741824) (custom)
2022-10-30 01:06:39,595 [58d8b8bb-cfc7-423c-ba1f-09160eea4c71@group-14838764CDE0-LeaderElection10] INFO  server.RaftServerConfigKeys (ConfUtils.java:logGet(46)) - raft.server.watch.timeout = 180s (custom)
2022-10-30 01:06:39,595 [58d8b8bb-cfc7-423c-ba1f-09160eea4c71@group-14838764CDE0-LeaderElection10] INFO  server.RaftServerConfigKeys (ConfUtils.java:logGet(46)) - raft.server.watch.timeout.denomination = 1s (default)
2022-10-30 01:06:39,595 [58d8b8bb-cfc7-423c-ba1f-09160eea4c71@group-14838764CDE0-LeaderElection10] INFO  server.RaftServerConfigKeys (ConfUtils.java:logGet(46)) - raft.server.watch.element-limit = 65536 (default)
2022-10-30 01:06:39,595 [58d8b8bb-cfc7-423c-ba1f-09160eea4c71@group-14838764CDE0-LeaderElection10] INFO  server.RaftServerConfigKeys (ConfUtils.java:logGet(46)) - raft.server.write.element-limit = 1024 (custom)
2022-10-30 01:06:39,595 [58d8b8bb-cfc7-423c-ba1f-09160eea4c71@group-14838764CDE0-LeaderElection10] INFO  server.RaftServerConfigKeys (ConfUtils.java:logGet(46)) - raft.server.write.follower.gap.ratio.max = -1.0 (default)
2022-10-30 01:06:39,595 [58d8b8bb-cfc7-423c-ba1f-09160eea4c71@group-14838764CDE0-LeaderElection10] INFO  impl.RoleInfo (RoleInfo.java:updateAndGet(139)) - 58d8b8bb-cfc7-423c-ba1f-09160eea4c71: start 58d8b8bb-cfc7-423c-ba1f-09160eea4c71@group-14838764CDE0-LeaderStateImpl
2022-10-30 01:06:39,595 [58d8b8bb-cfc7-423c-ba1f-09160eea4c71@group-14838764CDE0-LeaderElection10] INFO  segmented.SegmentedRaftLogWorker (SegmentedRaftLogWorker.java:startLogSegment(452)) - 58d8b8bb-cfc7-423c-ba1f-09160eea4c71@group-14838764CDE0-SegmentedRaftLogWorker: Starting segment from index:0
2022-10-30 01:06:39,598 [58d8b8bb-cfc7-423c-ba1f-09160eea4c71@group-14838764CDE0-LeaderElection10] INFO  server.RaftServer$Division (ServerState.java:setRaftConf(430)) - 58d8b8bb-cfc7-423c-ba1f-09160eea4c71@group-14838764CDE0: set configuration 0: peers:[58d8b8bb-cfc7-423c-ba1f-09160eea4c71|rpc:10.1.0.11:37145|dataStream:|priority:1|startupRole:FOLLOWER]|listeners:[], old=null
2022-10-30 01:06:39,598 [58d8b8bb-cfc7-423c-ba1f-09160eea4c71@group-14838764CDE0-SegmentedRaftLogWorker] INFO  segmented.SegmentedRaftLogWorker (SegmentedRaftLogWorker.java:execute(656)) - 58d8b8bb-cfc7-423c-ba1f-09160eea4c71@group-14838764CDE0-SegmentedRaftLogWorker: created new log segment /home/runner/work/ozone/ozone/hadoop-ozone/integration-test/target/test-dir/MiniOzoneClusterImpl-d77d6c10-3d51-4ae5-b04b-b5f3d2f20a3f/datanode-4/data/ratis/b5af6123-9f72-4b26-8422-14838764cde0/current/log_inprogress_0
2022-10-30 01:06:39,784 [57b0e5c4-d4d8-463c-8999-53af98295cd0@group-52EDC75B76C9-FollowerState] INFO  impl.FollowerState (FollowerState.java:run(143)) - 57b0e5c4-d4d8-463c-8999-53af98295cd0@group-52EDC75B76C9-FollowerState: change to CANDIDATE, lastRpcElapsedTime:5052190718ns, electionTimeout:5051ms
2022-10-30 01:06:39,784 [57b0e5c4-d4d8-463c-8999-53af98295cd0@group-52EDC75B76C9-FollowerState] INFO  impl.RoleInfo (RoleInfo.java:shutdownFollowerState(110)) - 57b0e5c4-d4d8-463c-8999-53af98295cd0: shutdown 57b0e5c4-d4d8-463c-8999-53af98295cd0@group-52EDC75B76C9-FollowerState
2022-10-30 01:06:39,784 [57b0e5c4-d4d8-463c-8999-53af98295cd0@group-52EDC75B76C9-FollowerState] INFO  server.RaftServer$Division (RaftServerImpl.java:setRole(321)) - 57b0e5c4-d4d8-463c-8999-53af98295cd0@group-52EDC75B76C9: changes role from  FOLLOWER to CANDIDATE at term 0 for changeToCandidate
2022-10-30 01:06:39,784 [57b0e5c4-d4d8-463c-8999-53af98295cd0@group-52EDC75B76C9-FollowerState] INFO  server.RaftServerConfigKeys (ConfUtils.java:logGet(46)) - raft.server.leaderelection.pre-vote = false (custom)
2022-10-30 01:06:39,785 [57b0e5c4-d4d8-463c-8999-53af98295cd0@group-52EDC75B76C9-FollowerState] INFO  impl.RoleInfo (RoleInfo.java:updateAndGet(139)) - 57b0e5c4-d4d8-463c-8999-53af98295cd0: start 57b0e5c4-d4d8-463c-8999-53af98295cd0@group-52EDC75B76C9-LeaderElection11
2022-10-30 01:06:39,788 [57b0e5c4-d4d8-463c-8999-53af98295cd0@group-52EDC75B76C9-LeaderElection11] INFO  impl.LeaderElection (LeaderElection.java:askForVotes(312)) - 57b0e5c4-d4d8-463c-8999-53af98295cd0@group-52EDC75B76C9-LeaderElection11 ELECTION round 0: submit vote requests at term 1 for -1: peers:[57b0e5c4-d4d8-463c-8999-53af98295cd0|rpc:10.1.0.11:39941|priority:1|startupRole:FOLLOWER]|listeners:[], old=null
2022-10-30 01:06:39,788 [57b0e5c4-d4d8-463c-8999-53af98295cd0@group-52EDC75B76C9-LeaderElection11] INFO  impl.LeaderElection (LeaderElection.java:askForVotes(314)) - 57b0e5c4-d4d8-463c-8999-53af98295cd0@group-52EDC75B76C9-LeaderElection11 ELECTION round 0: result PASSED (term=1)
2022-10-30 01:06:39,788 [57b0e5c4-d4d8-463c-8999-53af98295cd0@group-52EDC75B76C9-LeaderElection11] INFO  impl.RoleInfo (RoleInfo.java:shutdownLeaderElection(130)) - 57b0e5c4-d4d8-463c-8999-53af98295cd0: shutdown 57b0e5c4-d4d8-463c-8999-53af98295cd0@group-52EDC75B76C9-LeaderElection11
2022-10-30 01:06:39,788 [57b0e5c4-d4d8-463c-8999-53af98295cd0@group-52EDC75B76C9-LeaderElection11] INFO  server.RaftServer$Division (RaftServerImpl.java:setRole(321)) - 57b0e5c4-d4d8-463c-8999-53af98295cd0@group-52EDC75B76C9: changes role from CANDIDATE to LEADER at term 1 for changeToLeader
2022-10-30 01:06:39,788 [57b0e5c4-d4d8-463c-8999-53af98295cd0@group-52EDC75B76C9-LeaderElection11] INFO  ratis.XceiverServerRatis (XceiverServerRatis.java:handleLeaderChangedNotification(863)) - Leader change notification received for group: group-52EDC75B76C9 with new leaderId: 57b0e5c4-d4d8-463c-8999-53af98295cd0
2022-10-30 01:06:39,788 [57b0e5c4-d4d8-463c-8999-53af98295cd0@group-52EDC75B76C9-LeaderElection11] INFO  server.RaftServer$Division (ServerState.java:setLeader(313)) - 57b0e5c4-d4d8-463c-8999-53af98295cd0@group-52EDC75B76C9: change Leader from null to 57b0e5c4-d4d8-463c-8999-53af98295cd0 at term 1 for becomeLeader, leader elected after 5067ms
2022-10-30 01:06:39,788 [57b0e5c4-d4d8-463c-8999-53af98295cd0@group-52EDC75B76C9-LeaderElection11] INFO  server.RaftServerConfigKeys (ConfUtils.java:logGet(46)) - raft.server.staging.catchup.gap = 1000 (default)
2022-10-30 01:06:39,789 [57b0e5c4-d4d8-463c-8999-53af98295cd0@group-52EDC75B76C9-LeaderElection11] INFO  server.RaftServerConfigKeys (ConfUtils.java:logGet(46)) - raft.server.write.element-limit = 1024 (custom)
2022-10-30 01:06:39,789 [57b0e5c4-d4d8-463c-8999-53af98295cd0@group-52EDC75B76C9-LeaderElection11] INFO  server.RaftServerConfigKeys (ConfUtils.java:logGet(46)) - raft.server.write.byte-limit = 1024 M (=1073741824) (custom)
2022-10-30 01:06:39,789 [57b0e5c4-d4d8-463c-8999-53af98295cd0@group-52EDC75B76C9-LeaderElection11] INFO  server.RaftServerConfigKeys (ConfUtils.java:logGet(46)) - raft.server.watch.timeout = 180s (custom)
2022-10-30 01:06:39,789 [57b0e5c4-d4d8-463c-8999-53af98295cd0@group-52EDC75B76C9-LeaderElection11] INFO  server.RaftServerConfigKeys (ConfUtils.java:logGet(46)) - raft.server.watch.timeout.denomination = 1s (default)
2022-10-30 01:06:39,790 [57b0e5c4-d4d8-463c-8999-53af98295cd0@group-52EDC75B76C9-LeaderElection11] INFO  server.RaftServerConfigKeys (ConfUtils.java:logGet(46)) - raft.server.watch.element-limit = 65536 (default)
2022-10-30 01:06:39,790 [57b0e5c4-d4d8-463c-8999-53af98295cd0@group-52EDC75B76C9-LeaderElection11] INFO  server.RaftServerConfigKeys (ConfUtils.java:logGet(46)) - raft.server.write.element-limit = 1024 (custom)
2022-10-30 01:06:39,790 [57b0e5c4-d4d8-463c-8999-53af98295cd0@group-52EDC75B76C9-LeaderElection11] INFO  server.RaftServerConfigKeys (ConfUtils.java:logGet(46)) - raft.server.write.follower.gap.ratio.max = -1.0 (default)
2022-10-30 01:06:39,790 [57b0e5c4-d4d8-463c-8999-53af98295cd0@group-52EDC75B76C9-LeaderElection11] INFO  impl.RoleInfo (RoleInfo.java:updateAndGet(139)) - 57b0e5c4-d4d8-463c-8999-53af98295cd0: start 57b0e5c4-d4d8-463c-8999-53af98295cd0@group-52EDC75B76C9-LeaderStateImpl
2022-10-30 01:06:39,790 [57b0e5c4-d4d8-463c-8999-53af98295cd0@group-52EDC75B76C9-LeaderElection11] INFO  segmented.SegmentedRaftLogWorker (SegmentedRaftLogWorker.java:startLogSegment(452)) - 57b0e5c4-d4d8-463c-8999-53af98295cd0@group-52EDC75B76C9-SegmentedRaftLogWorker: Starting segment from index:0
2022-10-30 01:06:39,792 [57b0e5c4-d4d8-463c-8999-53af98295cd0@group-52EDC75B76C9-SegmentedRaftLogWorker] INFO  segmented.SegmentedRaftLogWorker (SegmentedRaftLogWorker.java:execute(656)) - 57b0e5c4-d4d8-463c-8999-53af98295cd0@group-52EDC75B76C9-SegmentedRaftLogWorker: created new log segment /home/runner/work/ozone/ozone/hadoop-ozone/integration-test/target/test-dir/MiniOzoneClusterImpl-d77d6c10-3d51-4ae5-b04b-b5f3d2f20a3f/datanode-5/data/ratis/001561c0-34c3-4e24-b264-52edc75b76c9/current/log_inprogress_0
2022-10-30 01:06:39,792 [57b0e5c4-d4d8-463c-8999-53af98295cd0@group-52EDC75B76C9-LeaderElection11] INFO  server.RaftServer$Division (ServerState.java:setRaftConf(430)) - 57b0e5c4-d4d8-463c-8999-53af98295cd0@group-52EDC75B76C9: set configuration 0: peers:[57b0e5c4-d4d8-463c-8999-53af98295cd0|rpc:10.1.0.11:39941|dataStream:|priority:1|startupRole:FOLLOWER]|listeners:[], old=null
2022-10-30 01:06:40,145 [758ec025-fe09-4bac-8062-a2014e5c8846@group-E0A5E0FBAADE-FollowerState] INFO  impl.FollowerState (FollowerState.java:run(143)) - 758ec025-fe09-4bac-8062-a2014e5c8846@group-E0A5E0FBAADE-FollowerState: change to CANDIDATE, lastRpcElapsedTime:5046263636ns, electionTimeout:5037ms
2022-10-30 01:06:40,145 [758ec025-fe09-4bac-8062-a2014e5c8846@group-E0A5E0FBAADE-FollowerState] INFO  impl.RoleInfo (RoleInfo.java:shutdownFollowerState(110)) - 758ec025-fe09-4bac-8062-a2014e5c8846: shutdown 758ec025-fe09-4bac-8062-a2014e5c8846@group-E0A5E0FBAADE-FollowerState
2022-10-30 01:06:40,145 [758ec025-fe09-4bac-8062-a2014e5c8846@group-E0A5E0FBAADE-FollowerState] INFO  server.RaftServer$Division (RaftServerImpl.java:setRole(321)) - 758ec025-fe09-4bac-8062-a2014e5c8846@group-E0A5E0FBAADE: changes role from  FOLLOWER to CANDIDATE at term 0 for changeToCandidate
2022-10-30 01:06:40,145 [758ec025-fe09-4bac-8062-a2014e5c8846@group-E0A5E0FBAADE-FollowerState] INFO  server.RaftServerConfigKeys (ConfUtils.java:logGet(46)) - raft.server.leaderelection.pre-vote = false (custom)
2022-10-30 01:06:40,145 [758ec025-fe09-4bac-8062-a2014e5c8846@group-E0A5E0FBAADE-FollowerState] INFO  impl.RoleInfo (RoleInfo.java:updateAndGet(139)) - 758ec025-fe09-4bac-8062-a2014e5c8846: start 758ec025-fe09-4bac-8062-a2014e5c8846@group-E0A5E0FBAADE-LeaderElection12
2022-10-30 01:06:40,150 [758ec025-fe09-4bac-8062-a2014e5c8846@group-E0A5E0FBAADE-LeaderElection12] INFO  impl.LeaderElection (LeaderElection.java:askForVotes(312)) - 758ec025-fe09-4bac-8062-a2014e5c8846@group-E0A5E0FBAADE-LeaderElection12 ELECTION round 0: submit vote requests at term 1 for -1: peers:[758ec025-fe09-4bac-8062-a2014e5c8846|rpc:10.1.0.11:46773|priority:1|startupRole:FOLLOWER]|listeners:[], old=null
2022-10-30 01:06:40,150 [758ec025-fe09-4bac-8062-a2014e5c8846@group-E0A5E0FBAADE-LeaderElection12] INFO  impl.LeaderElection (LeaderElection.java:askForVotes(314)) - 758ec025-fe09-4bac-8062-a2014e5c8846@group-E0A5E0FBAADE-LeaderElection12 ELECTION round 0: result PASSED (term=1)
2022-10-30 01:06:40,150 [758ec025-fe09-4bac-8062-a2014e5c8846@group-E0A5E0FBAADE-LeaderElection12] INFO  impl.RoleInfo (RoleInfo.java:shutdownLeaderElection(130)) - 758ec025-fe09-4bac-8062-a2014e5c8846: shutdown 758ec025-fe09-4bac-8062-a2014e5c8846@group-E0A5E0FBAADE-LeaderElection12
2022-10-30 01:06:40,150 [758ec025-fe09-4bac-8062-a2014e5c8846@group-E0A5E0FBAADE-LeaderElection12] INFO  server.RaftServer$Division (RaftServerImpl.java:setRole(321)) - 758ec025-fe09-4bac-8062-a2014e5c8846@group-E0A5E0FBAADE: changes role from CANDIDATE to LEADER at term 1 for changeToLeader
2022-10-30 01:06:40,150 [758ec025-fe09-4bac-8062-a2014e5c8846@group-E0A5E0FBAADE-LeaderElection12] INFO  ratis.XceiverServerRatis (XceiverServerRatis.java:handleLeaderChangedNotification(863)) - Leader change notification received for group: group-E0A5E0FBAADE with new leaderId: 758ec025-fe09-4bac-8062-a2014e5c8846
2022-10-30 01:06:40,150 [758ec025-fe09-4bac-8062-a2014e5c8846@group-E0A5E0FBAADE-LeaderElection12] INFO  server.RaftServer$Division (ServerState.java:setLeader(313)) - 758ec025-fe09-4bac-8062-a2014e5c8846@group-E0A5E0FBAADE: change Leader from null to 758ec025-fe09-4bac-8062-a2014e5c8846 at term 1 for becomeLeader, leader elected after 5064ms
2022-10-30 01:06:40,150 [758ec025-fe09-4bac-8062-a2014e5c8846@group-E0A5E0FBAADE-LeaderElection12] INFO  server.RaftServerConfigKeys (ConfUtils.java:logGet(46)) - raft.server.staging.catchup.gap = 1000 (default)
2022-10-30 01:06:40,151 [758ec025-fe09-4bac-8062-a2014e5c8846@group-E0A5E0FBAADE-LeaderElection12] INFO  server.RaftServerConfigKeys (ConfUtils.java:logGet(46)) - raft.server.write.element-limit = 1024 (custom)
2022-10-30 01:06:40,151 [758ec025-fe09-4bac-8062-a2014e5c8846@group-E0A5E0FBAADE-LeaderElection12] INFO  server.RaftServerConfigKeys (ConfUtils.java:logGet(46)) - raft.server.write.byte-limit = 1024 M (=1073741824) (custom)
2022-10-30 01:06:40,151 [758ec025-fe09-4bac-8062-a2014e5c8846@group-E0A5E0FBAADE-LeaderElection12] INFO  server.RaftServerConfigKeys (ConfUtils.java:logGet(46)) - raft.server.watch.timeout = 180s (custom)
2022-10-30 01:06:40,151 [758ec025-fe09-4bac-8062-a2014e5c8846@group-E0A5E0FBAADE-LeaderElection12] INFO  server.RaftServerConfigKeys (ConfUtils.java:logGet(46)) - raft.server.watch.timeout.denomination = 1s (default)
2022-10-30 01:06:40,151 [758ec025-fe09-4bac-8062-a2014e5c8846@group-E0A5E0FBAADE-LeaderElection12] INFO  server.RaftServerConfigKeys (ConfUtils.java:logGet(46)) - raft.server.watch.element-limit = 65536 (default)
2022-10-30 01:06:40,151 [758ec025-fe09-4bac-8062-a2014e5c8846@group-E0A5E0FBAADE-LeaderElection12] INFO  server.RaftServerConfigKeys (ConfUtils.java:logGet(46)) - raft.server.write.element-limit = 1024 (custom)
2022-10-30 01:06:40,151 [758ec025-fe09-4bac-8062-a2014e5c8846@group-E0A5E0FBAADE-LeaderElection12] INFO  server.RaftServerConfigKeys (ConfUtils.java:logGet(46)) - raft.server.write.follower.gap.ratio.max = -1.0 (default)
2022-10-30 01:06:40,151 [758ec025-fe09-4bac-8062-a2014e5c8846@group-E0A5E0FBAADE-LeaderElection12] INFO  impl.RoleInfo (RoleInfo.java:updateAndGet(139)) - 758ec025-fe09-4bac-8062-a2014e5c8846: start 758ec025-fe09-4bac-8062-a2014e5c8846@group-E0A5E0FBAADE-LeaderStateImpl
2022-10-30 01:06:40,152 [758ec025-fe09-4bac-8062-a2014e5c8846@group-E0A5E0FBAADE-LeaderElection12] INFO  segmented.SegmentedRaftLogWorker (SegmentedRaftLogWorker.java:startLogSegment(452)) - 758ec025-fe09-4bac-8062-a2014e5c8846@group-E0A5E0FBAADE-SegmentedRaftLogWorker: Starting segment from index:0
2022-10-30 01:06:40,153 [758ec025-fe09-4bac-8062-a2014e5c8846@group-E0A5E0FBAADE-SegmentedRaftLogWorker] INFO  segmented.SegmentedRaftLogWorker (SegmentedRaftLogWorker.java:execute(656)) - 758ec025-fe09-4bac-8062-a2014e5c8846@group-E0A5E0FBAADE-SegmentedRaftLogWorker: created new log segment /home/runner/work/ozone/ozone/hadoop-ozone/integration-test/target/test-dir/MiniOzoneClusterImpl-d77d6c10-3d51-4ae5-b04b-b5f3d2f20a3f/datanode-6/data/ratis/fe4df078-031e-451d-83d6-e0a5e0fbaade/current/log_inprogress_0
2022-10-30 01:06:40,153 [758ec025-fe09-4bac-8062-a2014e5c8846@group-E0A5E0FBAADE-LeaderElection12] INFO  server.RaftServer$Division (ServerState.java:setRaftConf(430)) - 758ec025-fe09-4bac-8062-a2014e5c8846@group-E0A5E0FBAADE: set configuration 0: peers:[758ec025-fe09-4bac-8062-a2014e5c8846|rpc:10.1.0.11:46773|dataStream:|priority:1|startupRole:FOLLOWER]|listeners:[], old=null
2022-10-30 01:06:40,165 [758ec025-fe09-4bac-8062-a2014e5c8846@group-93EB23A6C8F4-FollowerState] INFO  impl.FollowerState (FollowerState.java:run(143)) - 758ec025-fe09-4bac-8062-a2014e5c8846@group-93EB23A6C8F4-FollowerState: change to CANDIDATE, lastRpcElapsedTime:5043193437ns, electionTimeout:5042ms
2022-10-30 01:06:40,165 [758ec025-fe09-4bac-8062-a2014e5c8846@group-93EB23A6C8F4-FollowerState] INFO  impl.RoleInfo (RoleInfo.java:shutdownFollowerState(110)) - 758ec025-fe09-4bac-8062-a2014e5c8846: shutdown 758ec025-fe09-4bac-8062-a2014e5c8846@group-93EB23A6C8F4-FollowerState
2022-10-30 01:06:40,165 [758ec025-fe09-4bac-8062-a2014e5c8846@group-93EB23A6C8F4-FollowerState] INFO  server.RaftServer$Division (RaftServerImpl.java:setRole(321)) - 758ec025-fe09-4bac-8062-a2014e5c8846@group-93EB23A6C8F4: changes role from  FOLLOWER to CANDIDATE at term 0 for changeToCandidate
2022-10-30 01:06:40,165 [758ec025-fe09-4bac-8062-a2014e5c8846@group-93EB23A6C8F4-FollowerState] INFO  server.RaftServerConfigKeys (ConfUtils.java:logGet(46)) - raft.server.leaderelection.pre-vote = false (custom)
2022-10-30 01:06:40,165 [758ec025-fe09-4bac-8062-a2014e5c8846@group-93EB23A6C8F4-FollowerState] INFO  impl.RoleInfo (RoleInfo.java:updateAndGet(139)) - 758ec025-fe09-4bac-8062-a2014e5c8846: start 758ec025-fe09-4bac-8062-a2014e5c8846@group-93EB23A6C8F4-LeaderElection13
2022-10-30 01:06:40,167 [758ec025-fe09-4bac-8062-a2014e5c8846@group-93EB23A6C8F4-LeaderElection13] INFO  impl.LeaderElection (LeaderElection.java:askForVotes(312)) - 758ec025-fe09-4bac-8062-a2014e5c8846@group-93EB23A6C8F4-LeaderElection13 ELECTION round 0: submit vote requests at term 1 for -1: peers:[96632972-14e0-44d5-b3f2-8f1b1022e85f|rpc:10.1.0.11:41713|priority:1|startupRole:FOLLOWER, 42907c57-00bf-47e8-816a-b6f44f3b50df|rpc:10.1.0.11:43117|priority:0|startupRole:FOLLOWER, 758ec025-fe09-4bac-8062-a2014e5c8846|rpc:10.1.0.11:46773|priority:0|startupRole:FOLLOWER]|listeners:[], old=null
2022-10-30 01:06:40,168 [758ec025-fe09-4bac-8062-a2014e5c8846@group-93EB23A6C8F4-LeaderElection13-1] INFO  server.GrpcServerProtocolClient (GrpcServerProtocolClient.java:<init>(63)) - Build channel for 96632972-14e0-44d5-b3f2-8f1b1022e85f
2022-10-30 01:06:40,168 [758ec025-fe09-4bac-8062-a2014e5c8846@group-93EB23A6C8F4-LeaderElection13] INFO  server.RaftServerConfigKeys (ConfUtils.java:logFallback(53)) - raft.server.rpc.first-election.timeout.min = 5s (fallback to raft.server.rpc.timeout.min)
2022-10-30 01:06:40,168 [758ec025-fe09-4bac-8062-a2014e5c8846@group-93EB23A6C8F4-LeaderElection13] INFO  server.RaftServerConfigKeys (ConfUtils.java:logFallback(53)) - raft.server.rpc.first-election.timeout.max = 5200ms (fallback to raft.server.rpc.timeout.max)
2022-10-30 01:06:40,169 [758ec025-fe09-4bac-8062-a2014e5c8846@group-93EB23A6C8F4-LeaderElection13-2] INFO  server.GrpcServerProtocolClient (GrpcServerProtocolClient.java:<init>(63)) - Build channel for 42907c57-00bf-47e8-816a-b6f44f3b50df
2022-10-30 01:06:40,182 [grpc-default-executor-4] INFO  server.RaftServer$Division (RaftServerImpl.java:requestVote(1218)) - 96632972-14e0-44d5-b3f2-8f1b1022e85f@group-93EB23A6C8F4: receive requestVote(ELECTION, 758ec025-fe09-4bac-8062-a2014e5c8846, group-93EB23A6C8F4, 1, (t:0, i:0))
2022-10-30 01:06:40,182 [grpc-default-executor-4] INFO  impl.VoteContext (VoteContext.java:log(48)) - 96632972-14e0-44d5-b3f2-8f1b1022e85f@group-93EB23A6C8F4-FOLLOWER: reject ELECTION from 758ec025-fe09-4bac-8062-a2014e5c8846: our priority 1 > candidate's priority 0
2022-10-30 01:06:40,182 [grpc-default-executor-4] INFO  server.RaftServer$Division (RaftServerImpl.java:setRole(321)) - 96632972-14e0-44d5-b3f2-8f1b1022e85f@group-93EB23A6C8F4: changes role from  FOLLOWER to FOLLOWER at term 1 for candidate:758ec025-fe09-4bac-8062-a2014e5c8846
2022-10-30 01:06:40,183 [grpc-default-executor-4] INFO  impl.RoleInfo (RoleInfo.java:shutdownFollowerState(110)) - 96632972-14e0-44d5-b3f2-8f1b1022e85f: shutdown 96632972-14e0-44d5-b3f2-8f1b1022e85f@group-93EB23A6C8F4-FollowerState
2022-10-30 01:06:40,183 [grpc-default-executor-4] INFO  impl.RoleInfo (RoleInfo.java:updateAndGet(139)) - 96632972-14e0-44d5-b3f2-8f1b1022e85f: start 96632972-14e0-44d5-b3f2-8f1b1022e85f@group-93EB23A6C8F4-FollowerState
2022-10-30 01:06:40,183 [96632972-14e0-44d5-b3f2-8f1b1022e85f@group-93EB23A6C8F4-FollowerState] INFO  impl.FollowerState (FollowerState.java:run(152)) - 96632972-14e0-44d5-b3f2-8f1b1022e85f@group-93EB23A6C8F4-FollowerState was interrupted
2022-10-30 01:06:40,183 [96632972-14e0-44d5-b3f2-8f1b1022e85f@group-93EB23A6C8F4-FollowerState] INFO  server.RaftServerConfigKeys (ConfUtils.java:logFallback(53)) - raft.server.rpc.first-election.timeout.min = 5s (fallback to raft.server.rpc.timeout.min)
2022-10-30 01:06:40,183 [96632972-14e0-44d5-b3f2-8f1b1022e85f@group-93EB23A6C8F4-FollowerState] INFO  server.RaftServerConfigKeys (ConfUtils.java:logFallback(53)) - raft.server.rpc.first-election.timeout.max = 5200ms (fallback to raft.server.rpc.timeout.max)
2022-10-30 01:06:40,185 [grpc-default-executor-4] INFO  server.RaftServer$Division (RaftServerImpl.java:requestVote(1251)) - 96632972-14e0-44d5-b3f2-8f1b1022e85f@group-93EB23A6C8F4 replies to ELECTION vote request: 758ec025-fe09-4bac-8062-a2014e5c8846<-96632972-14e0-44d5-b3f2-8f1b1022e85f#0:FAIL-t1. Peer's state: 96632972-14e0-44d5-b3f2-8f1b1022e85f@group-93EB23A6C8F4:t1, leader=null, voted=null, raftlog=Memoized:96632972-14e0-44d5-b3f2-8f1b1022e85f@group-93EB23A6C8F4-SegmentedRaftLog:OPENED:c-1, conf=-1: peers:[96632972-14e0-44d5-b3f2-8f1b1022e85f|rpc:10.1.0.11:41713|dataStream:|priority:1|startupRole:FOLLOWER, 42907c57-00bf-47e8-816a-b6f44f3b50df|rpc:10.1.0.11:43117|dataStream:|priority:0|startupRole:FOLLOWER, 758ec025-fe09-4bac-8062-a2014e5c8846|rpc:10.1.0.11:46773|dataStream:|priority:0|startupRole:FOLLOWER]|listeners:[], old=null
2022-10-30 01:06:40,185 [grpc-default-executor-6] INFO  server.RaftServer$Division (RaftServerImpl.java:requestVote(1218)) - 42907c57-00bf-47e8-816a-b6f44f3b50df@group-93EB23A6C8F4: receive requestVote(ELECTION, 758ec025-fe09-4bac-8062-a2014e5c8846, group-93EB23A6C8F4, 1, (t:0, i:0))
2022-10-30 01:06:40,185 [grpc-default-executor-6] INFO  impl.VoteContext (VoteContext.java:log(48)) - 42907c57-00bf-47e8-816a-b6f44f3b50df@group-93EB23A6C8F4-FOLLOWER: accept ELECTION from 758ec025-fe09-4bac-8062-a2014e5c8846: our priority 0 <= candidate's priority 0
2022-10-30 01:06:40,185 [grpc-default-executor-6] INFO  server.RaftServer$Division (RaftServerImpl.java:setRole(321)) - 42907c57-00bf-47e8-816a-b6f44f3b50df@group-93EB23A6C8F4: changes role from  FOLLOWER to FOLLOWER at term 1 for candidate:758ec025-fe09-4bac-8062-a2014e5c8846
2022-10-30 01:06:40,185 [grpc-default-executor-6] INFO  impl.RoleInfo (RoleInfo.java:shutdownFollowerState(110)) - 42907c57-00bf-47e8-816a-b6f44f3b50df: shutdown 42907c57-00bf-47e8-816a-b6f44f3b50df@group-93EB23A6C8F4-FollowerState
2022-10-30 01:06:40,185 [grpc-default-executor-6] INFO  impl.RoleInfo (RoleInfo.java:updateAndGet(139)) - 42907c57-00bf-47e8-816a-b6f44f3b50df: start 42907c57-00bf-47e8-816a-b6f44f3b50df@group-93EB23A6C8F4-FollowerState
2022-10-30 01:06:40,185 [42907c57-00bf-47e8-816a-b6f44f3b50df@group-93EB23A6C8F4-FollowerState] INFO  impl.FollowerState (FollowerState.java:run(152)) - 42907c57-00bf-47e8-816a-b6f44f3b50df@group-93EB23A6C8F4-FollowerState was interrupted
2022-10-30 01:06:40,186 [42907c57-00bf-47e8-816a-b6f44f3b50df@group-93EB23A6C8F4-FollowerState] INFO  server.RaftServerConfigKeys (ConfUtils.java:logFallback(53)) - raft.server.rpc.first-election.timeout.min = 5s (fallback to raft.server.rpc.timeout.min)
2022-10-30 01:06:40,187 [grpc-default-executor-6] INFO  server.RaftServer$Division (RaftServerImpl.java:requestVote(1251)) - 42907c57-00bf-47e8-816a-b6f44f3b50df@group-93EB23A6C8F4 replies to ELECTION vote request: 758ec025-fe09-4bac-8062-a2014e5c8846<-42907c57-00bf-47e8-816a-b6f44f3b50df#0:OK-t1. Peer's state: 42907c57-00bf-47e8-816a-b6f44f3b50df@group-93EB23A6C8F4:t1, leader=null, voted=758ec025-fe09-4bac-8062-a2014e5c8846, raftlog=Memoized:42907c57-00bf-47e8-816a-b6f44f3b50df@group-93EB23A6C8F4-SegmentedRaftLog:OPENED:c-1, conf=-1: peers:[96632972-14e0-44d5-b3f2-8f1b1022e85f|rpc:10.1.0.11:41713|dataStream:|priority:1|startupRole:FOLLOWER, 42907c57-00bf-47e8-816a-b6f44f3b50df|rpc:10.1.0.11:43117|dataStream:|priority:0|startupRole:FOLLOWER, 758ec025-fe09-4bac-8062-a2014e5c8846|rpc:10.1.0.11:46773|dataStream:|priority:0|startupRole:FOLLOWER]|listeners:[], old=null
2022-10-30 01:06:40,188 [758ec025-fe09-4bac-8062-a2014e5c8846@group-93EB23A6C8F4-LeaderElection13] INFO  impl.LeaderElection (LeaderElection.java:logAndReturn(90)) - 758ec025-fe09-4bac-8062-a2014e5c8846@group-93EB23A6C8F4-LeaderElection13: ELECTION REJECTED received 1 response(s) and 0 exception(s):
2022-10-30 01:06:40,188 [758ec025-fe09-4bac-8062-a2014e5c8846@group-93EB23A6C8F4-LeaderElection13] INFO  impl.LeaderElection (LeaderElection.java:logAndReturn(94)) -   Response 0: 758ec025-fe09-4bac-8062-a2014e5c8846<-96632972-14e0-44d5-b3f2-8f1b1022e85f#0:FAIL-t1
2022-10-30 01:06:40,188 [758ec025-fe09-4bac-8062-a2014e5c8846@group-93EB23A6C8F4-LeaderElection13] INFO  impl.LeaderElection (LeaderElection.java:askForVotes(314)) - 758ec025-fe09-4bac-8062-a2014e5c8846@group-93EB23A6C8F4-LeaderElection13 ELECTION round 0: result REJECTED
2022-10-30 01:06:40,193 [42907c57-00bf-47e8-816a-b6f44f3b50df@group-93EB23A6C8F4-FollowerState] INFO  server.RaftServerConfigKeys (ConfUtils.java:logFallback(53)) - raft.server.rpc.first-election.timeout.max = 5200ms (fallback to raft.server.rpc.timeout.max)
2022-10-30 01:06:40,194 [758ec025-fe09-4bac-8062-a2014e5c8846@group-93EB23A6C8F4-LeaderElection13] INFO  server.RaftServer$Division (RaftServerImpl.java:setRole(321)) - 758ec025-fe09-4bac-8062-a2014e5c8846@group-93EB23A6C8F4: changes role from CANDIDATE to FOLLOWER at term 1 for REJECTED
2022-10-30 01:06:40,194 [758ec025-fe09-4bac-8062-a2014e5c8846@group-93EB23A6C8F4-LeaderElection13] INFO  impl.RoleInfo (RoleInfo.java:shutdownLeaderElection(130)) - 758ec025-fe09-4bac-8062-a2014e5c8846: shutdown 758ec025-fe09-4bac-8062-a2014e5c8846@group-93EB23A6C8F4-LeaderElection13
2022-10-30 01:06:40,194 [758ec025-fe09-4bac-8062-a2014e5c8846@group-93EB23A6C8F4-LeaderElection13] INFO  impl.RoleInfo (RoleInfo.java:updateAndGet(139)) - 758ec025-fe09-4bac-8062-a2014e5c8846: start 758ec025-fe09-4bac-8062-a2014e5c8846@group-93EB23A6C8F4-FollowerState
2022-10-30 01:06:40,198 [758ec025-fe09-4bac-8062-a2014e5c8846@group-93EB23A6C8F4-FollowerState] INFO  server.RaftServerConfigKeys (ConfUtils.java:logFallback(53)) - raft.server.rpc.first-election.timeout.min = 5s (fallback to raft.server.rpc.timeout.min)
2022-10-30 01:06:40,198 [758ec025-fe09-4bac-8062-a2014e5c8846@group-93EB23A6C8F4-FollowerState] INFO  server.RaftServerConfigKeys (ConfUtils.java:logFallback(53)) - raft.server.rpc.first-election.timeout.max = 5200ms (fallback to raft.server.rpc.timeout.max)
2022-10-30 01:06:40,208 [Listener at 127.0.0.1/42013] INFO  ozone.MiniOzoneClusterImpl (MiniOzoneClusterImpl.java:lambda$waitForClusterToBeReady$0(216)) - Nodes are ready. Got 10 of 10 DN Heartbeats.
2022-10-30 01:06:40,208 [Listener at 127.0.0.1/42013] INFO  ozone.MiniOzoneClusterImpl (MiniOzoneClusterImpl.java:lambda$waitForClusterToBeReady$0(219)) - Cluster exits safe mode
2022-10-30 01:06:40,208 [Listener at 127.0.0.1/42013] INFO  ozone.MiniOzoneClusterImpl (MiniOzoneClusterImpl.java:lambda$waitForClusterToBeReady$0(221)) - SCM became leader
2022-10-30 01:06:40,309 [96632972-14e0-44d5-b3f2-8f1b1022e85f@group-63C8A9F83E46-FollowerState] INFO  impl.FollowerState (FollowerState.java:run(143)) - 96632972-14e0-44d5-b3f2-8f1b1022e85f@group-63C8A9F83E46-FollowerState: change to CANDIDATE, lastRpcElapsedTime:5036079543ns, electionTimeout:5016ms
2022-10-30 01:06:40,309 [96632972-14e0-44d5-b3f2-8f1b1022e85f@group-63C8A9F83E46-FollowerState] INFO  impl.RoleInfo (RoleInfo.java:shutdownFollowerState(110)) - 96632972-14e0-44d5-b3f2-8f1b1022e85f: shutdown 96632972-14e0-44d5-b3f2-8f1b1022e85f@group-63C8A9F83E46-FollowerState
2022-10-30 01:06:40,309 [96632972-14e0-44d5-b3f2-8f1b1022e85f@group-63C8A9F83E46-FollowerState] INFO  server.RaftServer$Division (RaftServerImpl.java:setRole(321)) - 96632972-14e0-44d5-b3f2-8f1b1022e85f@group-63C8A9F83E46: changes role from  FOLLOWER to CANDIDATE at term 0 for changeToCandidate
2022-10-30 01:06:40,309 [96632972-14e0-44d5-b3f2-8f1b1022e85f@group-63C8A9F83E46-FollowerState] INFO  server.RaftServerConfigKeys (ConfUtils.java:logGet(46)) - raft.server.leaderelection.pre-vote = false (custom)
2022-10-30 01:06:40,309 [96632972-14e0-44d5-b3f2-8f1b1022e85f@group-63C8A9F83E46-FollowerState] INFO  impl.RoleInfo (RoleInfo.java:updateAndGet(139)) - 96632972-14e0-44d5-b3f2-8f1b1022e85f: start 96632972-14e0-44d5-b3f2-8f1b1022e85f@group-63C8A9F83E46-LeaderElection14
2022-10-30 01:06:40,312 [96632972-14e0-44d5-b3f2-8f1b1022e85f@group-63C8A9F83E46-LeaderElection14] INFO  impl.LeaderElection (LeaderElection.java:askForVotes(312)) - 96632972-14e0-44d5-b3f2-8f1b1022e85f@group-63C8A9F83E46-LeaderElection14 ELECTION round 0: submit vote requests at term 1 for -1: peers:[96632972-14e0-44d5-b3f2-8f1b1022e85f|rpc:10.1.0.11:41713|dataStream:|priority:0|startupRole:FOLLOWER, 42907c57-00bf-47e8-816a-b6f44f3b50df|rpc:10.1.0.11:43117|dataStream:|priority:0|startupRole:FOLLOWER, 758ec025-fe09-4bac-8062-a2014e5c8846|rpc:10.1.0.11:46773|dataStream:|priority:1|startupRole:FOLLOWER]|listeners:[], old=null
2022-10-30 01:06:40,312 [96632972-14e0-44d5-b3f2-8f1b1022e85f@group-63C8A9F83E46-LeaderElection14-1] INFO  server.GrpcServerProtocolClient (GrpcServerProtocolClient.java:<init>(63)) - Build channel for 42907c57-00bf-47e8-816a-b6f44f3b50df
2022-10-30 01:06:40,317 [96632972-14e0-44d5-b3f2-8f1b1022e85f@group-63C8A9F83E46-LeaderElection14] INFO  server.RaftServerConfigKeys (ConfUtils.java:logFallback(53)) - raft.server.rpc.first-election.timeout.min = 5s (fallback to raft.server.rpc.timeout.min)
2022-10-30 01:06:40,318 [96632972-14e0-44d5-b3f2-8f1b1022e85f@group-63C8A9F83E46-LeaderElection14-2] INFO  server.GrpcServerProtocolClient (GrpcServerProtocolClient.java:<init>(63)) - Build channel for 758ec025-fe09-4bac-8062-a2014e5c8846
2022-10-30 01:06:40,318 [96632972-14e0-44d5-b3f2-8f1b1022e85f@group-63C8A9F83E46-LeaderElection14] INFO  server.RaftServerConfigKeys (ConfUtils.java:logFallback(53)) - raft.server.rpc.first-election.timeout.max = 5200ms (fallback to raft.server.rpc.timeout.max)
2022-10-30 01:06:40,337 [grpc-default-executor-6] INFO  server.RaftServer$Division (RaftServerImpl.java:requestVote(1218)) - 42907c57-00bf-47e8-816a-b6f44f3b50df@group-63C8A9F83E46: receive requestVote(ELECTION, 96632972-14e0-44d5-b3f2-8f1b1022e85f, group-63C8A9F83E46, 1, (t:0, i:0))
2022-10-30 01:06:40,342 [grpc-default-executor-6] INFO  impl.VoteContext (VoteContext.java:log(48)) - 42907c57-00bf-47e8-816a-b6f44f3b50df@group-63C8A9F83E46-FOLLOWER: accept ELECTION from 96632972-14e0-44d5-b3f2-8f1b1022e85f: our priority 0 <= candidate's priority 0
2022-10-30 01:06:40,342 [grpc-default-executor-6] INFO  server.RaftServer$Division (RaftServerImpl.java:setRole(321)) - 42907c57-00bf-47e8-816a-b6f44f3b50df@group-63C8A9F83E46: changes role from  FOLLOWER to FOLLOWER at term 1 for candidate:96632972-14e0-44d5-b3f2-8f1b1022e85f
2022-10-30 01:06:40,342 [grpc-default-executor-6] INFO  impl.RoleInfo (RoleInfo.java:shutdownFollowerState(110)) - 42907c57-00bf-47e8-816a-b6f44f3b50df: shutdown 42907c57-00bf-47e8-816a-b6f44f3b50df@group-63C8A9F83E46-FollowerState
2022-10-30 01:06:40,342 [grpc-default-executor-4] INFO  server.RaftServer$Division (RaftServerImpl.java:requestVote(1218)) - 758ec025-fe09-4bac-8062-a2014e5c8846@group-63C8A9F83E46: receive requestVote(ELECTION, 96632972-14e0-44d5-b3f2-8f1b1022e85f, group-63C8A9F83E46, 1, (t:0, i:0))
2022-10-30 01:06:40,342 [grpc-default-executor-6] INFO  impl.RoleInfo (RoleInfo.java:updateAndGet(139)) - 42907c57-00bf-47e8-816a-b6f44f3b50df: start 42907c57-00bf-47e8-816a-b6f44f3b50df@group-63C8A9F83E46-FollowerState
2022-10-30 01:06:40,342 [grpc-default-executor-4] INFO  impl.VoteContext (VoteContext.java:log(48)) - 758ec025-fe09-4bac-8062-a2014e5c8846@group-63C8A9F83E46-FOLLOWER: reject ELECTION from 96632972-14e0-44d5-b3f2-8f1b1022e85f: our priority 1 > candidate's priority 0
2022-10-30 01:06:40,342 [grpc-default-executor-4] INFO  server.RaftServer$Division (RaftServerImpl.java:setRole(321)) - 758ec025-fe09-4bac-8062-a2014e5c8846@group-63C8A9F83E46: changes role from  FOLLOWER to FOLLOWER at term 1 for candidate:96632972-14e0-44d5-b3f2-8f1b1022e85f
2022-10-30 01:06:40,343 [grpc-default-executor-4] INFO  impl.RoleInfo (RoleInfo.java:shutdownFollowerState(110)) - 758ec025-fe09-4bac-8062-a2014e5c8846: shutdown 758ec025-fe09-4bac-8062-a2014e5c8846@group-63C8A9F83E46-FollowerState
2022-10-30 01:06:40,343 [grpc-default-executor-4] INFO  impl.RoleInfo (RoleInfo.java:updateAndGet(139)) - 758ec025-fe09-4bac-8062-a2014e5c8846: start 758ec025-fe09-4bac-8062-a2014e5c8846@group-63C8A9F83E46-FollowerState
2022-10-30 01:06:40,342 [42907c57-00bf-47e8-816a-b6f44f3b50df@group-63C8A9F83E46-FollowerState] INFO  impl.FollowerState (FollowerState.java:run(152)) - 42907c57-00bf-47e8-816a-b6f44f3b50df@group-63C8A9F83E46-FollowerState was interrupted
2022-10-30 01:06:40,343 [758ec025-fe09-4bac-8062-a2014e5c8846@group-63C8A9F83E46-FollowerState] INFO  impl.FollowerState (FollowerState.java:run(152)) - 758ec025-fe09-4bac-8062-a2014e5c8846@group-63C8A9F83E46-FollowerState was interrupted
2022-10-30 01:06:40,343 [42907c57-00bf-47e8-816a-b6f44f3b50df@group-63C8A9F83E46-FollowerState] INFO  server.RaftServerConfigKeys (ConfUtils.java:logFallback(53)) - raft.server.rpc.first-election.timeout.min = 5s (fallback to raft.server.rpc.timeout.min)
2022-10-30 01:06:40,347 [42907c57-00bf-47e8-816a-b6f44f3b50df@group-63C8A9F83E46-FollowerState] INFO  server.RaftServerConfigKeys (ConfUtils.java:logFallback(53)) - raft.server.rpc.first-election.timeout.max = 5200ms (fallback to raft.server.rpc.timeout.max)
2022-10-30 01:06:40,347 [758ec025-fe09-4bac-8062-a2014e5c8846@group-63C8A9F83E46-FollowerState] INFO  server.RaftServerConfigKeys (ConfUtils.java:logFallback(53)) - raft.server.rpc.first-election.timeout.min = 5s (fallback to raft.server.rpc.timeout.min)
2022-10-30 01:06:40,346 [grpc-default-executor-4] INFO  server.RaftServer$Division (RaftServerImpl.java:requestVote(1251)) - 758ec025-fe09-4bac-8062-a2014e5c8846@group-63C8A9F83E46 replies to ELECTION vote request: 96632972-14e0-44d5-b3f2-8f1b1022e85f<-758ec025-fe09-4bac-8062-a2014e5c8846#0:FAIL-t1. Peer's state: 758ec025-fe09-4bac-8062-a2014e5c8846@group-63C8A9F83E46:t1, leader=null, voted=null, raftlog=Memoized:758ec025-fe09-4bac-8062-a2014e5c8846@group-63C8A9F83E46-SegmentedRaftLog:OPENED:c-1, conf=-1: peers:[96632972-14e0-44d5-b3f2-8f1b1022e85f|rpc:10.1.0.11:41713|priority:0|startupRole:FOLLOWER, 42907c57-00bf-47e8-816a-b6f44f3b50df|rpc:10.1.0.11:43117|priority:0|startupRole:FOLLOWER, 758ec025-fe09-4bac-8062-a2014e5c8846|rpc:10.1.0.11:46773|priority:1|startupRole:FOLLOWER]|listeners:[], old=null
2022-10-30 01:06:40,344 [grpc-default-executor-6] INFO  server.RaftServer$Division (RaftServerImpl.java:requestVote(1251)) - 42907c57-00bf-47e8-816a-b6f44f3b50df@group-63C8A9F83E46 replies to ELECTION vote request: 96632972-14e0-44d5-b3f2-8f1b1022e85f<-42907c57-00bf-47e8-816a-b6f44f3b50df#0:OK-t1. Peer's state: 42907c57-00bf-47e8-816a-b6f44f3b50df@group-63C8A9F83E46:t1, leader=null, voted=96632972-14e0-44d5-b3f2-8f1b1022e85f, raftlog=Memoized:42907c57-00bf-47e8-816a-b6f44f3b50df@group-63C8A9F83E46-SegmentedRaftLog:OPENED:c-1, conf=-1: peers:[96632972-14e0-44d5-b3f2-8f1b1022e85f|rpc:10.1.0.11:41713|dataStream:|priority:0|startupRole:FOLLOWER, 42907c57-00bf-47e8-816a-b6f44f3b50df|rpc:10.1.0.11:43117|dataStream:|priority:0|startupRole:FOLLOWER, 758ec025-fe09-4bac-8062-a2014e5c8846|rpc:10.1.0.11:46773|dataStream:|priority:1|startupRole:FOLLOWER]|listeners:[], old=null
2022-10-30 01:06:40,349 [96632972-14e0-44d5-b3f2-8f1b1022e85f@group-63C8A9F83E46-LeaderElection14] INFO  impl.LeaderElection (LeaderElection.java:logAndReturn(90)) - 96632972-14e0-44d5-b3f2-8f1b1022e85f@group-63C8A9F83E46-LeaderElection14: ELECTION REJECTED received 1 response(s) and 0 exception(s):
2022-10-30 01:06:40,349 [96632972-14e0-44d5-b3f2-8f1b1022e85f@group-63C8A9F83E46-LeaderElection14] INFO  impl.LeaderElection (LeaderElection.java:logAndReturn(94)) -   Response 0: 96632972-14e0-44d5-b3f2-8f1b1022e85f<-758ec025-fe09-4bac-8062-a2014e5c8846#0:FAIL-t1
2022-10-30 01:06:40,349 [96632972-14e0-44d5-b3f2-8f1b1022e85f@group-63C8A9F83E46-LeaderElection14] INFO  impl.LeaderElection (LeaderElection.java:askForVotes(314)) - 96632972-14e0-44d5-b3f2-8f1b1022e85f@group-63C8A9F83E46-LeaderElection14 ELECTION round 0: result REJECTED
2022-10-30 01:06:40,349 [96632972-14e0-44d5-b3f2-8f1b1022e85f@group-63C8A9F83E46-LeaderElection14] INFO  server.RaftServer$Division (RaftServerImpl.java:setRole(321)) - 96632972-14e0-44d5-b3f2-8f1b1022e85f@group-63C8A9F83E46: changes role from CANDIDATE to FOLLOWER at term 1 for REJECTED
2022-10-30 01:06:40,349 [96632972-14e0-44d5-b3f2-8f1b1022e85f@group-63C8A9F83E46-LeaderElection14] INFO  impl.RoleInfo (RoleInfo.java:shutdownLeaderElection(130)) - 96632972-14e0-44d5-b3f2-8f1b1022e85f: shutdown 96632972-14e0-44d5-b3f2-8f1b1022e85f@group-63C8A9F83E46-LeaderElection14
2022-10-30 01:06:40,349 [96632972-14e0-44d5-b3f2-8f1b1022e85f@group-63C8A9F83E46-LeaderElection14] INFO  impl.RoleInfo (RoleInfo.java:updateAndGet(139)) - 96632972-14e0-44d5-b3f2-8f1b1022e85f: start 96632972-14e0-44d5-b3f2-8f1b1022e85f@group-63C8A9F83E46-FollowerState
2022-10-30 01:06:40,357 [758ec025-fe09-4bac-8062-a2014e5c8846@group-63C8A9F83E46-FollowerState] INFO  server.RaftServerConfigKeys (ConfUtils.java:logFallback(53)) - raft.server.rpc.first-election.timeout.max = 5200ms (fallback to raft.server.rpc.timeout.max)
2022-10-30 01:06:40,357 [96632972-14e0-44d5-b3f2-8f1b1022e85f@group-63C8A9F83E46-FollowerState] INFO  server.RaftServerConfigKeys (ConfUtils.java:logFallback(53)) - raft.server.rpc.first-election.timeout.min = 5s (fallback to raft.server.rpc.timeout.min)
2022-10-30 01:06:40,357 [96632972-14e0-44d5-b3f2-8f1b1022e85f@group-63C8A9F83E46-FollowerState] INFO  server.RaftServerConfigKeys (ConfUtils.java:logFallback(53)) - raft.server.rpc.first-election.timeout.max = 5200ms (fallback to raft.server.rpc.timeout.max)
2022-10-30 01:06:40,603 [42907c57-00bf-47e8-816a-b6f44f3b50df@group-287084F2E785-FollowerState] INFO  impl.FollowerState (FollowerState.java:run(143)) - 42907c57-00bf-47e8-816a-b6f44f3b50df@group-287084F2E785-FollowerState: change to CANDIDATE, lastRpcElapsedTime:5173315590ns, electionTimeout:5172ms
2022-10-30 01:06:40,603 [42907c57-00bf-47e8-816a-b6f44f3b50df@group-287084F2E785-FollowerState] INFO  impl.RoleInfo (RoleInfo.java:shutdownFollowerState(110)) - 42907c57-00bf-47e8-816a-b6f44f3b50df: shutdown 42907c57-00bf-47e8-816a-b6f44f3b50df@group-287084F2E785-FollowerState
2022-10-30 01:06:40,603 [42907c57-00bf-47e8-816a-b6f44f3b50df@group-287084F2E785-FollowerState] INFO  server.RaftServer$Division (RaftServerImpl.java:setRole(321)) - 42907c57-00bf-47e8-816a-b6f44f3b50df@group-287084F2E785: changes role from  FOLLOWER to CANDIDATE at term 0 for changeToCandidate
2022-10-30 01:06:40,603 [42907c57-00bf-47e8-816a-b6f44f3b50df@group-287084F2E785-FollowerState] INFO  server.RaftServerConfigKeys (ConfUtils.java:logGet(46)) - raft.server.leaderelection.pre-vote = false (custom)
2022-10-30 01:06:40,603 [42907c57-00bf-47e8-816a-b6f44f3b50df@group-287084F2E785-FollowerState] INFO  impl.RoleInfo (RoleInfo.java:updateAndGet(139)) - 42907c57-00bf-47e8-816a-b6f44f3b50df: start 42907c57-00bf-47e8-816a-b6f44f3b50df@group-287084F2E785-LeaderElection15
2022-10-30 01:06:40,606 [42907c57-00bf-47e8-816a-b6f44f3b50df@group-287084F2E785-LeaderElection15] INFO  impl.LeaderElection (LeaderElection.java:askForVotes(312)) - 42907c57-00bf-47e8-816a-b6f44f3b50df@group-287084F2E785-LeaderElection15 ELECTION round 0: submit vote requests at term 1 for -1: peers:[42907c57-00bf-47e8-816a-b6f44f3b50df|rpc:10.1.0.11:43117|priority:1|startupRole:FOLLOWER]|listeners:[], old=null
2022-10-30 01:06:40,606 [42907c57-00bf-47e8-816a-b6f44f3b50df@group-287084F2E785-LeaderElection15] INFO  impl.LeaderElection (LeaderElection.java:askForVotes(314)) - 42907c57-00bf-47e8-816a-b6f44f3b50df@group-287084F2E785-LeaderElection15 ELECTION round 0: result PASSED (term=1)
2022-10-30 01:06:40,606 [42907c57-00bf-47e8-816a-b6f44f3b50df@group-287084F2E785-LeaderElection15] INFO  impl.RoleInfo (RoleInfo.java:shutdownLeaderElection(130)) - 42907c57-00bf-47e8-816a-b6f44f3b50df: shutdown 42907c57-00bf-47e8-816a-b6f44f3b50df@group-287084F2E785-LeaderElection15
2022-10-30 01:06:40,606 [42907c57-00bf-47e8-816a-b6f44f3b50df@group-287084F2E785-LeaderElection15] INFO  server.RaftServer$Division (RaftServerImpl.java:setRole(321)) - 42907c57-00bf-47e8-816a-b6f44f3b50df@group-287084F2E785: changes role from CANDIDATE to LEADER at term 1 for changeToLeader
2022-10-30 01:06:40,606 [42907c57-00bf-47e8-816a-b6f44f3b50df@group-287084F2E785-LeaderElection15] INFO  ratis.XceiverServerRatis (XceiverServerRatis.java:handleLeaderChangedNotification(863)) - Leader change notification received for group: group-287084F2E785 with new leaderId: 42907c57-00bf-47e8-816a-b6f44f3b50df
2022-10-30 01:06:40,607 [42907c57-00bf-47e8-816a-b6f44f3b50df@group-287084F2E785-LeaderElection15] INFO  server.RaftServer$Division (ServerState.java:setLeader(313)) - 42907c57-00bf-47e8-816a-b6f44f3b50df@group-287084F2E785: change Leader from null to 42907c57-00bf-47e8-816a-b6f44f3b50df at term 1 for becomeLeader, leader elected after 5186ms
2022-10-30 01:06:40,607 [42907c57-00bf-47e8-816a-b6f44f3b50df@group-287084F2E785-LeaderElection15] INFO  server.RaftServerConfigKeys (ConfUtils.java:logGet(46)) - raft.server.staging.catchup.gap = 1000 (default)
2022-10-30 01:06:40,610 [42907c57-00bf-47e8-816a-b6f44f3b50df@group-287084F2E785-LeaderElection15] INFO  server.RaftServerConfigKeys (ConfUtils.java:logGet(46)) - raft.server.write.element-limit = 1024 (custom)
2022-10-30 01:06:40,610 [42907c57-00bf-47e8-816a-b6f44f3b50df@group-287084F2E785-LeaderElection15] INFO  server.RaftServerConfigKeys (ConfUtils.java:logGet(46)) - raft.server.write.byte-limit = 1024 M (=1073741824) (custom)
2022-10-30 01:06:40,611 [42907c57-00bf-47e8-816a-b6f44f3b50df@group-287084F2E785-LeaderElection15] INFO  server.RaftServerConfigKeys (ConfUtils.java:logGet(46)) - raft.server.watch.timeout = 180s (custom)
2022-10-30 01:06:40,611 [42907c57-00bf-47e8-816a-b6f44f3b50df@group-287084F2E785-LeaderElection15] INFO  server.RaftServerConfigKeys (ConfUtils.java:logGet(46)) - raft.server.watch.timeout.denomination = 1s (default)
2022-10-30 01:06:40,611 [42907c57-00bf-47e8-816a-b6f44f3b50df@group-287084F2E785-LeaderElection15] INFO  server.RaftServerConfigKeys (ConfUtils.java:logGet(46)) - raft.server.watch.element-limit = 65536 (default)
2022-10-30 01:06:40,611 [42907c57-00bf-47e8-816a-b6f44f3b50df@group-287084F2E785-LeaderElection15] INFO  server.RaftServerConfigKeys (ConfUtils.java:logGet(46)) - raft.server.write.element-limit = 1024 (custom)
2022-10-30 01:06:40,611 [42907c57-00bf-47e8-816a-b6f44f3b50df@group-287084F2E785-LeaderElection15] INFO  server.RaftServerConfigKeys (ConfUtils.java:logGet(46)) - raft.server.write.follower.gap.ratio.max = -1.0 (default)
2022-10-30 01:06:40,611 [42907c57-00bf-47e8-816a-b6f44f3b50df@group-287084F2E785-LeaderElection15] INFO  impl.RoleInfo (RoleInfo.java:updateAndGet(139)) - 42907c57-00bf-47e8-816a-b6f44f3b50df: start 42907c57-00bf-47e8-816a-b6f44f3b50df@group-287084F2E785-LeaderStateImpl
2022-10-30 01:06:40,611 [42907c57-00bf-47e8-816a-b6f44f3b50df@group-287084F2E785-LeaderElection15] INFO  segmented.SegmentedRaftLogWorker (SegmentedRaftLogWorker.java:startLogSegment(452)) - 42907c57-00bf-47e8-816a-b6f44f3b50df@group-287084F2E785-SegmentedRaftLogWorker: Starting segment from index:0
2022-10-30 01:06:40,614 [42907c57-00bf-47e8-816a-b6f44f3b50df@group-287084F2E785-LeaderElection15] INFO  server.RaftServer$Division (ServerState.java:setRaftConf(430)) - 42907c57-00bf-47e8-816a-b6f44f3b50df@group-287084F2E785: set configuration 0: peers:[42907c57-00bf-47e8-816a-b6f44f3b50df|rpc:10.1.0.11:43117|dataStream:|priority:1|startupRole:FOLLOWER]|listeners:[], old=null
2022-10-30 01:06:40,615 [42907c57-00bf-47e8-816a-b6f44f3b50df@group-287084F2E785-SegmentedRaftLogWorker] INFO  segmented.SegmentedRaftLogWorker (SegmentedRaftLogWorker.java:execute(656)) - 42907c57-00bf-47e8-816a-b6f44f3b50df@group-287084F2E785-SegmentedRaftLogWorker: created new log segment /home/runner/work/ozone/ozone/hadoop-ozone/integration-test/target/test-dir/MiniOzoneClusterImpl-d77d6c10-3d51-4ae5-b04b-b5f3d2f20a3f/datanode-7/data/ratis/7a245311-3a6c-416a-afda-287084f2e785/current/log_inprogress_0
2022-10-30 01:06:40,625 [Listener at 127.0.0.1/42013] INFO  rpc.RpcClient (RpcClient.java:createVolume(471)) - Creating Volume: a7280aa0-dcd0-4f36-8a33-4ba915fae5c4, with runner as owner and space quota set to -1 bytes, counts quota set to -1
2022-10-30 01:06:40,660 [OM StateMachine ApplyTransaction Thread - 0] INFO  volume.OMVolumeCreateRequest (OMVolumeCreateRequest.java:validateAndUpdateCache(195)) - created volume:a7280aa0-dcd0-4f36-8a33-4ba915fae5c4 for user:runner
2022-10-30 01:06:40,680 [Listener at 127.0.0.1/42013] INFO  rpc.RpcClient (RpcClient.java:createBucket(674)) - Creating Bucket: a7280aa0-dcd0-4f36-8a33-4ba915fae5c4/a7280aa0-dcd0-4f36-8a33-4ba915fae5c4, with server-side default bucket layout, runner as owner, Versioning false, Storage Type set to DISK and Encryption set to false 
2022-10-30 01:06:40,698 [OM StateMachine ApplyTransaction Thread - 0] INFO  bucket.OMBucketCreateRequest (OMBucketCreateRequest.java:validateAndUpdateCache(260)) - created bucket: a7280aa0-dcd0-4f36-8a33-4ba915fae5c4 of layout LEGACY in volume: a7280aa0-dcd0-4f36-8a33-4ba915fae5c4
2022-10-30 01:06:40,715 [Listener at 127.0.0.1/42013] INFO  rpc.RpcClient (RpcClient.java:createBucket(674)) - Creating Bucket: a7280aa0-dcd0-4f36-8a33-4ba915fae5c4/c648a42f-0eae-4d96-b137-03a719fbb1a4, with server-side default bucket layout, runner as owner, Versioning false, Storage Type set to DISK and Encryption set to false 
2022-10-30 01:06:40,724 [OM StateMachine ApplyTransaction Thread - 0] INFO  bucket.OMBucketCreateRequest (OMBucketCreateRequest.java:validateAndUpdateCache(260)) - created bucket: c648a42f-0eae-4d96-b137-03a719fbb1a4 of layout LEGACY in volume: a7280aa0-dcd0-4f36-8a33-4ba915fae5c4
2022-10-30 01:06:40,771 [IPC Server handler 0 on default port 41145] INFO  pipeline.PipelineStateManagerImpl (PipelineStateManagerImpl.java:addPipeline(103)) - Created pipeline Pipeline[ Id: 9664750f-43c0-4119-822a-43cd07ece552, Nodes: 758ec025-fe09-4bac-8062-a2014e5c8846{ip: 10.1.0.11, host: fv-az99-422.euuzywwtp3iu5l5aj42nbmzodg.gx.internal.cloudapp.net, ports: [REPLICATION=39637, RATIS=46773, RATIS_ADMIN=46773, RATIS_SERVER=46773, STANDALONE=39087], networkLocation: /default-rack, certSerialId: null, persistedOpState: null, persistedOpStateExpiryEpochSec: 0}86e92292-7141-46cb-9ed5-093a2cfc2b40{ip: 10.1.0.11, host: fv-az99-422.euuzywwtp3iu5l5aj42nbmzodg.gx.internal.cloudapp.net, ports: [REPLICATION=42541, RATIS=44269, RATIS_ADMIN=44269, RATIS_SERVER=44269, STANDALONE=37771], networkLocation: /default-rack, certSerialId: null, persistedOpState: null, persistedOpStateExpiryEpochSec: 0}57b0e5c4-d4d8-463c-8999-53af98295cd0{ip: 10.1.0.11, host: fv-az99-422.euuzywwtp3iu5l5aj42nbmzodg.gx.internal.cloudapp.net, ports: [REPLICATION=45861, RATIS=39941, RATIS_ADMIN=39941, RATIS_SERVER=39941, STANDALONE=38745], networkLocation: /default-rack, certSerialId: null, persistedOpState: null, persistedOpStateExpiryEpochSec: 0}7f2965ec-2a1d-4c0b-a486-0150db937947{ip: 10.1.0.11, host: fv-az99-422.euuzywwtp3iu5l5aj42nbmzodg.gx.internal.cloudapp.net, ports: [REPLICATION=39237, RATIS=43977, RATIS_ADMIN=43977, RATIS_SERVER=43977, STANDALONE=40797], networkLocation: /default-rack, certSerialId: null, persistedOpState: null, persistedOpStateExpiryEpochSec: 0}42907c57-00bf-47e8-816a-b6f44f3b50df{ip: 10.1.0.11, host: fv-az99-422.euuzywwtp3iu5l5aj42nbmzodg.gx.internal.cloudapp.net, ports: [REPLICATION=40841, RATIS=43117, RATIS_ADMIN=43117, RATIS_SERVER=43117, STANDALONE=36839], networkLocation: /default-rack, certSerialId: null, persistedOpState: null, persistedOpStateExpiryEpochSec: 0}, ReplicationConfig: EC/ECReplicationConfig{data=3, parity=2, ecChunkSize=1024, codec=rs}, State:ALLOCATED, leaderId:, CreationTimestamp2022-10-30T01:06:40.771Z[Etc/UTC]].
2022-10-30 01:06:40,773 [IPC Server handler 0 on default port 41145] INFO  ha.SequenceIdGenerator (SequenceIdGenerator.java:getNextId(128)) - Allocate a batch for containerId, change lastId from 0 to 1000.
2022-10-30 01:06:40,783 [IPC Server handler 0 on default port 41145] INFO  pipeline.PipelineManagerImpl (PipelineManagerImpl.java:openPipeline(367)) - Pipeline Pipeline[ Id: 9664750f-43c0-4119-822a-43cd07ece552, Nodes: 758ec025-fe09-4bac-8062-a2014e5c8846{ip: 10.1.0.11, host: fv-az99-422.euuzywwtp3iu5l5aj42nbmzodg.gx.internal.cloudapp.net, ports: [REPLICATION=39637, RATIS=46773, RATIS_ADMIN=46773, RATIS_SERVER=46773, STANDALONE=39087], networkLocation: /default-rack, certSerialId: null, persistedOpState: null, persistedOpStateExpiryEpochSec: 0}86e92292-7141-46cb-9ed5-093a2cfc2b40{ip: 10.1.0.11, host: fv-az99-422.euuzywwtp3iu5l5aj42nbmzodg.gx.internal.cloudapp.net, ports: [REPLICATION=42541, RATIS=44269, RATIS_ADMIN=44269, RATIS_SERVER=44269, STANDALONE=37771], networkLocation: /default-rack, certSerialId: null, persistedOpState: null, persistedOpStateExpiryEpochSec: 0}57b0e5c4-d4d8-463c-8999-53af98295cd0{ip: 10.1.0.11, host: fv-az99-422.euuzywwtp3iu5l5aj42nbmzodg.gx.internal.cloudapp.net, ports: [REPLICATION=45861, RATIS=39941, RATIS_ADMIN=39941, RATIS_SERVER=39941, STANDALONE=38745], networkLocation: /default-rack, certSerialId: null, persistedOpState: null, persistedOpStateExpiryEpochSec: 0}7f2965ec-2a1d-4c0b-a486-0150db937947{ip: 10.1.0.11, host: fv-az99-422.euuzywwtp3iu5l5aj42nbmzodg.gx.internal.cloudapp.net, ports: [REPLICATION=39237, RATIS=43977, RATIS_ADMIN=43977, RATIS_SERVER=43977, STANDALONE=40797], networkLocation: /default-rack, certSerialId: null, persistedOpState: null, persistedOpStateExpiryEpochSec: 0}42907c57-00bf-47e8-816a-b6f44f3b50df{ip: 10.1.0.11, host: fv-az99-422.euuzywwtp3iu5l5aj42nbmzodg.gx.internal.cloudapp.net, ports: [REPLICATION=40841, RATIS=43117, RATIS_ADMIN=43117, RATIS_SERVER=43117, STANDALONE=36839], networkLocation: /default-rack, certSerialId: null, persistedOpState: null, persistedOpStateExpiryEpochSec: 0}, ReplicationConfig: EC/ECReplicationConfig{data=3, parity=2, ecChunkSize=1024, codec=rs}, State:ALLOCATED, leaderId:, CreationTimestamp2022-10-30T01:06:40.771Z[Etc/UTC]] moved to OPEN state
2022-10-30 01:06:40,783 [IPC Server handler 0 on default port 41145] WARN  ha.SequenceIdGenerator (SequenceIdGenerator.java:allocateBatch(237)) - Failed to allocate a batch for localId, expected lastId is 0, actual lastId is 109611004723200000.
2022-10-30 01:06:40,783 [IPC Server handler 0 on default port 41145] INFO  ha.SequenceIdGenerator (SequenceIdGenerator.java:getNextId(128)) - Allocate a batch for localId, change lastId from 109611004723200000 to 109611004723201000.
2022-10-30 01:06:40,839 [96632972-14e0-44d5-b3f2-8f1b1022e85f@group-A38106DB0496-FollowerState] INFO  impl.FollowerState (FollowerState.java:run(143)) - 96632972-14e0-44d5-b3f2-8f1b1022e85f@group-A38106DB0496-FollowerState: change to CANDIDATE, lastRpcElapsedTime:5074311781ns, electionTimeout:5073ms
2022-10-30 01:06:40,839 [96632972-14e0-44d5-b3f2-8f1b1022e85f@group-A38106DB0496-FollowerState] INFO  impl.RoleInfo (RoleInfo.java:shutdownFollowerState(110)) - 96632972-14e0-44d5-b3f2-8f1b1022e85f: shutdown 96632972-14e0-44d5-b3f2-8f1b1022e85f@group-A38106DB0496-FollowerState
2022-10-30 01:06:40,839 [96632972-14e0-44d5-b3f2-8f1b1022e85f@group-A38106DB0496-FollowerState] INFO  server.RaftServer$Division (RaftServerImpl.java:setRole(321)) - 96632972-14e0-44d5-b3f2-8f1b1022e85f@group-A38106DB0496: changes role from  FOLLOWER to CANDIDATE at term 0 for changeToCandidate
2022-10-30 01:06:40,839 [96632972-14e0-44d5-b3f2-8f1b1022e85f@group-A38106DB0496-FollowerState] INFO  server.RaftServerConfigKeys (ConfUtils.java:logGet(46)) - raft.server.leaderelection.pre-vote = false (custom)
2022-10-30 01:06:40,839 [96632972-14e0-44d5-b3f2-8f1b1022e85f@group-A38106DB0496-FollowerState] INFO  impl.RoleInfo (RoleInfo.java:updateAndGet(139)) - 96632972-14e0-44d5-b3f2-8f1b1022e85f: start 96632972-14e0-44d5-b3f2-8f1b1022e85f@group-A38106DB0496-LeaderElection16
2022-10-30 01:06:40,842 [96632972-14e0-44d5-b3f2-8f1b1022e85f@group-A38106DB0496-LeaderElection16] INFO  impl.LeaderElection (LeaderElection.java:askForVotes(312)) - 96632972-14e0-44d5-b3f2-8f1b1022e85f@group-A38106DB0496-LeaderElection16 ELECTION round 0: submit vote requests at term 1 for -1: peers:[96632972-14e0-44d5-b3f2-8f1b1022e85f|rpc:10.1.0.11:41713|priority:1|startupRole:FOLLOWER]|listeners:[], old=null
2022-10-30 01:06:40,842 [96632972-14e0-44d5-b3f2-8f1b1022e85f@group-A38106DB0496-LeaderElection16] INFO  impl.LeaderElection (LeaderElection.java:askForVotes(314)) - 96632972-14e0-44d5-b3f2-8f1b1022e85f@group-A38106DB0496-LeaderElection16 ELECTION round 0: result PASSED (term=1)
2022-10-30 01:06:40,842 [96632972-14e0-44d5-b3f2-8f1b1022e85f@group-A38106DB0496-LeaderElection16] INFO  impl.RoleInfo (RoleInfo.java:shutdownLeaderElection(130)) - 96632972-14e0-44d5-b3f2-8f1b1022e85f: shutdown 96632972-14e0-44d5-b3f2-8f1b1022e85f@group-A38106DB0496-LeaderElection16
2022-10-30 01:06:40,842 [96632972-14e0-44d5-b3f2-8f1b1022e85f@group-A38106DB0496-LeaderElection16] INFO  server.RaftServer$Division (RaftServerImpl.java:setRole(321)) - 96632972-14e0-44d5-b3f2-8f1b1022e85f@group-A38106DB0496: changes role from CANDIDATE to LEADER at term 1 for changeToLeader
2022-10-30 01:06:40,842 [96632972-14e0-44d5-b3f2-8f1b1022e85f@group-A38106DB0496-LeaderElection16] INFO  ratis.XceiverServerRatis (XceiverServerRatis.java:handleLeaderChangedNotification(863)) - Leader change notification received for group: group-A38106DB0496 with new leaderId: 96632972-14e0-44d5-b3f2-8f1b1022e85f
2022-10-30 01:06:40,842 [96632972-14e0-44d5-b3f2-8f1b1022e85f@group-A38106DB0496-LeaderElection16] INFO  server.RaftServer$Division (ServerState.java:setLeader(313)) - 96632972-14e0-44d5-b3f2-8f1b1022e85f@group-A38106DB0496: change Leader from null to 96632972-14e0-44d5-b3f2-8f1b1022e85f at term 1 for becomeLeader, leader elected after 5084ms
2022-10-30 01:06:40,842 [96632972-14e0-44d5-b3f2-8f1b1022e85f@group-A38106DB0496-LeaderElection16] INFO  server.RaftServerConfigKeys (ConfUtils.java:logGet(46)) - raft.server.staging.catchup.gap = 1000 (default)
2022-10-30 01:06:40,842 [96632972-14e0-44d5-b3f2-8f1b1022e85f@group-A38106DB0496-LeaderElection16] INFO  server.RaftServerConfigKeys (ConfUtils.java:logGet(46)) - raft.server.write.element-limit = 1024 (custom)
2022-10-30 01:06:40,842 [96632972-14e0-44d5-b3f2-8f1b1022e85f@group-A38106DB0496-LeaderElection16] INFO  server.RaftServerConfigKeys (ConfUtils.java:logGet(46)) - raft.server.write.byte-limit = 1024 M (=1073741824) (custom)
2022-10-30 01:06:40,843 [96632972-14e0-44d5-b3f2-8f1b1022e85f@group-A38106DB0496-LeaderElection16] INFO  server.RaftServerConfigKeys (ConfUtils.java:logGet(46)) - raft.server.watch.timeout = 180s (custom)
2022-10-30 01:06:40,843 [96632972-14e0-44d5-b3f2-8f1b1022e85f@group-A38106DB0496-LeaderElection16] INFO  server.RaftServerConfigKeys (ConfUtils.java:logGet(46)) - raft.server.watch.timeout.denomination = 1s (default)
2022-10-30 01:06:40,843 [96632972-14e0-44d5-b3f2-8f1b1022e85f@group-A38106DB0496-LeaderElection16] INFO  server.RaftServerConfigKeys (ConfUtils.java:logGet(46)) - raft.server.watch.element-limit = 65536 (default)
2022-10-30 01:06:40,843 [96632972-14e0-44d5-b3f2-8f1b1022e85f@group-A38106DB0496-LeaderElection16] INFO  server.RaftServerConfigKeys (ConfUtils.java:logGet(46)) - raft.server.write.element-limit = 1024 (custom)
2022-10-30 01:06:40,843 [96632972-14e0-44d5-b3f2-8f1b1022e85f@group-A38106DB0496-LeaderElection16] INFO  server.RaftServerConfigKeys (ConfUtils.java:logGet(46)) - raft.server.write.follower.gap.ratio.max = -1.0 (default)
2022-10-30 01:06:40,843 [96632972-14e0-44d5-b3f2-8f1b1022e85f@group-A38106DB0496-LeaderElection16] INFO  impl.RoleInfo (RoleInfo.java:updateAndGet(139)) - 96632972-14e0-44d5-b3f2-8f1b1022e85f: start 96632972-14e0-44d5-b3f2-8f1b1022e85f@group-A38106DB0496-LeaderStateImpl
2022-10-30 01:06:40,843 [96632972-14e0-44d5-b3f2-8f1b1022e85f@group-A38106DB0496-LeaderElection16] INFO  segmented.SegmentedRaftLogWorker (SegmentedRaftLogWorker.java:startLogSegment(452)) - 96632972-14e0-44d5-b3f2-8f1b1022e85f@group-A38106DB0496-SegmentedRaftLogWorker: Starting segment from index:0
2022-10-30 01:06:40,845 [96632972-14e0-44d5-b3f2-8f1b1022e85f@group-A38106DB0496-SegmentedRaftLogWorker] INFO  segmented.SegmentedRaftLogWorker (SegmentedRaftLogWorker.java:execute(656)) - 96632972-14e0-44d5-b3f2-8f1b1022e85f@group-A38106DB0496-SegmentedRaftLogWorker: created new log segment /home/runner/work/ozone/ozone/hadoop-ozone/integration-test/target/test-dir/MiniOzoneClusterImpl-d77d6c10-3d51-4ae5-b04b-b5f3d2f20a3f/datanode-8/data/ratis/97cb59fb-f590-4699-b981-a38106db0496/current/log_inprogress_0
2022-10-30 01:06:40,847 [96632972-14e0-44d5-b3f2-8f1b1022e85f@group-A38106DB0496-LeaderElection16] INFO  server.RaftServer$Division (ServerState.java:setRaftConf(430)) - 96632972-14e0-44d5-b3f2-8f1b1022e85f@group-A38106DB0496: set configuration 0: peers:[96632972-14e0-44d5-b3f2-8f1b1022e85f|rpc:10.1.0.11:41713|dataStream:|priority:1|startupRole:FOLLOWER]|listeners:[], old=null
2022-10-30 01:06:40,863 [Listener at 127.0.0.1/42013] WARN  erasurecode.ErasureCodeNative (ErasureCodeNative.java:<clinit>(55)) - ISA-L support is not available in your platform... using builtin-java codec where applicable
2022-10-30 01:06:40,979 [Listener at 127.0.0.1/42013] INFO  impl.MetricsSystemImpl (MetricsSystemImpl.java:init(158)) - XceiverClientMetrics metrics system started (again)
2022-10-30 01:06:41,220 [1641b62a-4180-4dbf-88c4-03961663b9b6@group-BC93B82E8E82-FollowerState] INFO  impl.FollowerState (FollowerState.java:run(143)) - 1641b62a-4180-4dbf-88c4-03961663b9b6@group-BC93B82E8E82-FollowerState: change to CANDIDATE, lastRpcElapsedTime:5002454587ns, electionTimeout:5002ms
2022-10-30 01:06:41,220 [1641b62a-4180-4dbf-88c4-03961663b9b6@group-BC93B82E8E82-FollowerState] INFO  impl.RoleInfo (RoleInfo.java:shutdownFollowerState(110)) - 1641b62a-4180-4dbf-88c4-03961663b9b6: shutdown 1641b62a-4180-4dbf-88c4-03961663b9b6@group-BC93B82E8E82-FollowerState
2022-10-30 01:06:41,220 [1641b62a-4180-4dbf-88c4-03961663b9b6@group-BC93B82E8E82-FollowerState] INFO  server.RaftServer$Division (RaftServerImpl.java:setRole(321)) - 1641b62a-4180-4dbf-88c4-03961663b9b6@group-BC93B82E8E82: changes role from  FOLLOWER to CANDIDATE at term 0 for changeToCandidate
2022-10-30 01:06:41,220 [1641b62a-4180-4dbf-88c4-03961663b9b6@group-BC93B82E8E82-FollowerState] INFO  server.RaftServerConfigKeys (ConfUtils.java:logGet(46)) - raft.server.leaderelection.pre-vote = false (custom)
2022-10-30 01:06:41,220 [1641b62a-4180-4dbf-88c4-03961663b9b6@group-BC93B82E8E82-FollowerState] INFO  impl.RoleInfo (RoleInfo.java:updateAndGet(139)) - 1641b62a-4180-4dbf-88c4-03961663b9b6: start 1641b62a-4180-4dbf-88c4-03961663b9b6@group-BC93B82E8E82-LeaderElection17
2022-10-30 01:06:41,224 [1641b62a-4180-4dbf-88c4-03961663b9b6@group-BC93B82E8E82-LeaderElection17] INFO  impl.LeaderElection (LeaderElection.java:askForVotes(312)) - 1641b62a-4180-4dbf-88c4-03961663b9b6@group-BC93B82E8E82-LeaderElection17 ELECTION round 0: submit vote requests at term 1 for -1: peers:[1641b62a-4180-4dbf-88c4-03961663b9b6|rpc:10.1.0.11:34115|priority:1|startupRole:FOLLOWER]|listeners:[], old=null
2022-10-30 01:06:41,224 [1641b62a-4180-4dbf-88c4-03961663b9b6@group-BC93B82E8E82-LeaderElection17] INFO  impl.LeaderElection (LeaderElection.java:askForVotes(314)) - 1641b62a-4180-4dbf-88c4-03961663b9b6@group-BC93B82E8E82-LeaderElection17 ELECTION round 0: result PASSED (term=1)
2022-10-30 01:06:41,224 [1641b62a-4180-4dbf-88c4-03961663b9b6@group-BC93B82E8E82-LeaderElection17] INFO  impl.RoleInfo (RoleInfo.java:shutdownLeaderElection(130)) - 1641b62a-4180-4dbf-88c4-03961663b9b6: shutdown 1641b62a-4180-4dbf-88c4-03961663b9b6@group-BC93B82E8E82-LeaderElection17
2022-10-30 01:06:41,224 [1641b62a-4180-4dbf-88c4-03961663b9b6@group-BC93B82E8E82-LeaderElection17] INFO  server.RaftServer$Division (RaftServerImpl.java:setRole(321)) - 1641b62a-4180-4dbf-88c4-03961663b9b6@group-BC93B82E8E82: changes role from CANDIDATE to LEADER at term 1 for changeToLeader
2022-10-30 01:06:41,224 [1641b62a-4180-4dbf-88c4-03961663b9b6@group-BC93B82E8E82-LeaderElection17] INFO  ratis.XceiverServerRatis (XceiverServerRatis.java:handleLeaderChangedNotification(863)) - Leader change notification received for group: group-BC93B82E8E82 with new leaderId: 1641b62a-4180-4dbf-88c4-03961663b9b6
2022-10-30 01:06:41,224 [1641b62a-4180-4dbf-88c4-03961663b9b6@group-BC93B82E8E82-LeaderElection17] INFO  server.RaftServer$Division (ServerState.java:setLeader(313)) - 1641b62a-4180-4dbf-88c4-03961663b9b6@group-BC93B82E8E82: change Leader from null to 1641b62a-4180-4dbf-88c4-03961663b9b6 at term 1 for becomeLeader, leader elected after 5015ms
2022-10-30 01:06:41,224 [1641b62a-4180-4dbf-88c4-03961663b9b6@group-BC93B82E8E82-LeaderElection17] INFO  server.RaftServerConfigKeys (ConfUtils.java:logGet(46)) - raft.server.staging.catchup.gap = 1000 (default)
2022-10-30 01:06:41,225 [1641b62a-4180-4dbf-88c4-03961663b9b6@group-BC93B82E8E82-LeaderElection17] INFO  server.RaftServerConfigKeys (ConfUtils.java:logGet(46)) - raft.server.write.element-limit = 1024 (custom)
2022-10-30 01:06:41,225 [1641b62a-4180-4dbf-88c4-03961663b9b6@group-BC93B82E8E82-LeaderElection17] INFO  server.RaftServerConfigKeys (ConfUtils.java:logGet(46)) - raft.server.write.byte-limit = 1024 M (=1073741824) (custom)
2022-10-30 01:06:41,226 [1641b62a-4180-4dbf-88c4-03961663b9b6@group-BC93B82E8E82-LeaderElection17] INFO  server.RaftServerConfigKeys (ConfUtils.java:logGet(46)) - raft.server.watch.timeout = 180s (custom)
2022-10-30 01:06:41,226 [1641b62a-4180-4dbf-88c4-03961663b9b6@group-BC93B82E8E82-LeaderElection17] INFO  server.RaftServerConfigKeys (ConfUtils.java:logGet(46)) - raft.server.watch.timeout.denomination = 1s (default)
2022-10-30 01:06:41,226 [1641b62a-4180-4dbf-88c4-03961663b9b6@group-BC93B82E8E82-LeaderElection17] INFO  server.RaftServerConfigKeys (ConfUtils.java:logGet(46)) - raft.server.watch.element-limit = 65536 (default)
2022-10-30 01:06:41,226 [1641b62a-4180-4dbf-88c4-03961663b9b6@group-BC93B82E8E82-LeaderElection17] INFO  server.RaftServerConfigKeys (ConfUtils.java:logGet(46)) - raft.server.write.element-limit = 1024 (custom)
2022-10-30 01:06:41,226 [1641b62a-4180-4dbf-88c4-03961663b9b6@group-BC93B82E8E82-LeaderElection17] INFO  server.RaftServerConfigKeys (ConfUtils.java:logGet(46)) - raft.server.write.follower.gap.ratio.max = -1.0 (default)
2022-10-30 01:06:41,226 [1641b62a-4180-4dbf-88c4-03961663b9b6@group-BC93B82E8E82-LeaderElection17] INFO  impl.RoleInfo (RoleInfo.java:updateAndGet(139)) - 1641b62a-4180-4dbf-88c4-03961663b9b6: start 1641b62a-4180-4dbf-88c4-03961663b9b6@group-BC93B82E8E82-LeaderStateImpl
2022-10-30 01:06:41,233 [1641b62a-4180-4dbf-88c4-03961663b9b6@group-BC93B82E8E82-LeaderElection17] INFO  segmented.SegmentedRaftLogWorker (SegmentedRaftLogWorker.java:startLogSegment(452)) - 1641b62a-4180-4dbf-88c4-03961663b9b6@group-BC93B82E8E82-SegmentedRaftLogWorker: Starting segment from index:0
2022-10-30 01:06:41,234 [1641b62a-4180-4dbf-88c4-03961663b9b6@group-BC93B82E8E82-SegmentedRaftLogWorker] INFO  segmented.SegmentedRaftLogWorker (SegmentedRaftLogWorker.java:execute(656)) - 1641b62a-4180-4dbf-88c4-03961663b9b6@group-BC93B82E8E82-SegmentedRaftLogWorker: created new log segment /home/runner/work/ozone/ozone/hadoop-ozone/integration-test/target/test-dir/MiniOzoneClusterImpl-d77d6c10-3d51-4ae5-b04b-b5f3d2f20a3f/datanode-9/data/ratis/128cceab-6cf7-4e7b-a5e4-bc93b82e8e82/current/log_inprogress_0
2022-10-30 01:06:41,249 [1641b62a-4180-4dbf-88c4-03961663b9b6@group-BC93B82E8E82-LeaderElection17] INFO  server.RaftServer$Division (ServerState.java:setRaftConf(430)) - 1641b62a-4180-4dbf-88c4-03961663b9b6@group-BC93B82E8E82: set configuration 0: peers:[1641b62a-4180-4dbf-88c4-03961663b9b6|rpc:10.1.0.11:34115|dataStream:|priority:1|startupRole:FOLLOWER]|listeners:[], old=null
2022-10-30 01:06:41,342 [Listener at 127.0.0.1/42013] INFO  ozoneimpl.OzoneContainer (OzoneContainer.java:stop(400)) - Attempting to stop container services.
2022-10-30 01:06:41,349 [Listener at 127.0.0.1/42013] INFO  server.RaftServer (RaftServerProxy.java:lambda$close$6(409)) - 758ec025-fe09-4bac-8062-a2014e5c8846: close
2022-10-30 01:06:41,350 [758ec025-fe09-4bac-8062-a2014e5c8846-impl-thread1] INFO  server.RaftServer$Division (RaftServerImpl.java:lambda$close$4(458)) - 758ec025-fe09-4bac-8062-a2014e5c8846@group-E0A5E0FBAADE: shutdown
2022-10-30 01:06:41,350 [758ec025-fe09-4bac-8062-a2014e5c8846-impl-thread1] INFO  util.JmxRegister (JmxRegister.java:unregister(73)) - Successfully un-registered JMX Bean with object name Ratis:service=RaftServer,group=group-E0A5E0FBAADE,id=758ec025-fe09-4bac-8062-a2014e5c8846
2022-10-30 01:06:41,350 [758ec025-fe09-4bac-8062-a2014e5c8846-impl-thread1] INFO  impl.RoleInfo (RoleInfo.java:shutdownLeaderState(93)) - 758ec025-fe09-4bac-8062-a2014e5c8846: shutdown 758ec025-fe09-4bac-8062-a2014e5c8846@group-E0A5E0FBAADE-LeaderStateImpl
2022-10-30 01:06:41,351 [758ec025-fe09-4bac-8062-a2014e5c8846-impl-thread1] INFO  impl.PendingRequests (PendingRequests.java:sendNotLeaderResponses(282)) - 758ec025-fe09-4bac-8062-a2014e5c8846@group-E0A5E0FBAADE-PendingRequests: sendNotLeaderResponses
2022-10-30 01:06:41,351 [758ec025-fe09-4bac-8062-a2014e5c8846-impl-thread1] INFO  impl.StateMachineUpdater (StateMachineUpdater.java:stopAndJoin(153)) - 758ec025-fe09-4bac-8062-a2014e5c8846@group-E0A5E0FBAADE-StateMachineUpdater: set stopIndex = 0
2022-10-30 01:06:41,352 [758ec025-fe09-4bac-8062-a2014e5c8846@group-E0A5E0FBAADE-StateMachineUpdater] INFO  ratis.ContainerStateMachine (ContainerStateMachine.java:takeSnapshot(304)) - group-E0A5E0FBAADE: Taking a snapshot at:(t:1, i:0) file /home/runner/work/ozone/ozone/hadoop-ozone/integration-test/target/test-dir/MiniOzoneClusterImpl-d77d6c10-3d51-4ae5-b04b-b5f3d2f20a3f/datanode-6/data/ratis/fe4df078-031e-451d-83d6-e0a5e0fbaade/sm/snapshot.1_0
2022-10-30 01:06:41,352 [758ec025-fe09-4bac-8062-a2014e5c8846-impl-thread2] INFO  server.RaftServer$Division (RaftServerImpl.java:lambda$close$4(458)) - 758ec025-fe09-4bac-8062-a2014e5c8846@group-93EB23A6C8F4: shutdown
2022-10-30 01:06:41,352 [758ec025-fe09-4bac-8062-a2014e5c8846-impl-thread2] INFO  util.JmxRegister (JmxRegister.java:unregister(73)) - Successfully un-registered JMX Bean with object name Ratis:service=RaftServer,group=group-93EB23A6C8F4,id=758ec025-fe09-4bac-8062-a2014e5c8846
2022-10-30 01:06:41,353 [758ec025-fe09-4bac-8062-a2014e5c8846-impl-thread2] INFO  impl.RoleInfo (RoleInfo.java:shutdownFollowerState(110)) - 758ec025-fe09-4bac-8062-a2014e5c8846: shutdown 758ec025-fe09-4bac-8062-a2014e5c8846@group-93EB23A6C8F4-FollowerState
2022-10-30 01:06:41,353 [Listener at 127.0.0.1/42013] INFO  server.GrpcService (GrpcService.java:closeImpl(279)) - 758ec025-fe09-4bac-8062-a2014e5c8846: shutdown server GrpcServerProtocolService now
2022-10-30 01:06:41,358 [758ec025-fe09-4bac-8062-a2014e5c8846@group-93EB23A6C8F4-FollowerState] INFO  impl.FollowerState (FollowerState.java:run(152)) - 758ec025-fe09-4bac-8062-a2014e5c8846@group-93EB23A6C8F4-FollowerState was interrupted
2022-10-30 01:06:41,359 [758ec025-fe09-4bac-8062-a2014e5c8846-impl-thread2] INFO  impl.StateMachineUpdater (StateMachineUpdater.java:stopAndJoin(153)) - 758ec025-fe09-4bac-8062-a2014e5c8846@group-93EB23A6C8F4-StateMachineUpdater: set stopIndex = -1
2022-10-30 01:06:41,362 [758ec025-fe09-4bac-8062-a2014e5c8846-impl-thread2] INFO  server.RaftServer$Division (ServerState.java:close(466)) - 758ec025-fe09-4bac-8062-a2014e5c8846@group-93EB23A6C8F4: closes. applyIndex: -1
2022-10-30 01:06:41,361 [758ec025-fe09-4bac-8062-a2014e5c8846-impl-thread3] INFO  server.RaftServer$Division (RaftServerImpl.java:lambda$close$4(458)) - 758ec025-fe09-4bac-8062-a2014e5c8846@group-63C8A9F83E46: shutdown
2022-10-30 01:06:41,369 [758ec025-fe09-4bac-8062-a2014e5c8846@group-93EB23A6C8F4-SegmentedRaftLogWorker] INFO  segmented.SegmentedRaftLogWorker (SegmentedRaftLogWorker.java:run(345)) - 758ec025-fe09-4bac-8062-a2014e5c8846@group-93EB23A6C8F4-SegmentedRaftLogWorker was interrupted, exiting. There are 0 tasks remaining in the queue.
2022-10-30 01:06:41,369 [758ec025-fe09-4bac-8062-a2014e5c8846-impl-thread3] INFO  util.JmxRegister (JmxRegister.java:unregister(73)) - Successfully un-registered JMX Bean with object name Ratis:service=RaftServer,group=group-63C8A9F83E46,id=758ec025-fe09-4bac-8062-a2014e5c8846
2022-10-30 01:06:41,369 [758ec025-fe09-4bac-8062-a2014e5c8846-impl-thread3] INFO  impl.RoleInfo (RoleInfo.java:shutdownFollowerState(110)) - 758ec025-fe09-4bac-8062-a2014e5c8846: shutdown 758ec025-fe09-4bac-8062-a2014e5c8846@group-63C8A9F83E46-FollowerState
2022-10-30 01:06:41,366 [Listener at 127.0.0.1/42013] INFO  server.GrpcServerProtocolClient (GrpcServerProtocolClient.java:close(111)) - 96632972-14e0-44d5-b3f2-8f1b1022e85f Close channels
2022-10-30 01:06:41,370 [758ec025-fe09-4bac-8062-a2014e5c8846@group-63C8A9F83E46-FollowerState] INFO  impl.FollowerState (FollowerState.java:run(152)) - 758ec025-fe09-4bac-8062-a2014e5c8846@group-63C8A9F83E46-FollowerState was interrupted
2022-10-30 01:06:41,369 [758ec025-fe09-4bac-8062-a2014e5c8846-impl-thread2] INFO  segmented.SegmentedRaftLogWorker (SegmentedRaftLogWorker.java:close(255)) - 758ec025-fe09-4bac-8062-a2014e5c8846@group-93EB23A6C8F4-SegmentedRaftLogWorker close()
2022-10-30 01:06:41,370 [758ec025-fe09-4bac-8062-a2014e5c8846-impl-thread3] INFO  impl.StateMachineUpdater (StateMachineUpdater.java:stopAndJoin(153)) - 758ec025-fe09-4bac-8062-a2014e5c8846@group-63C8A9F83E46-StateMachineUpdater: set stopIndex = -1
2022-10-30 01:06:41,370 [758ec025-fe09-4bac-8062-a2014e5c8846-impl-thread3] INFO  server.RaftServer$Division (ServerState.java:close(466)) - 758ec025-fe09-4bac-8062-a2014e5c8846@group-63C8A9F83E46: closes. applyIndex: -1
2022-10-30 01:06:41,371 [758ec025-fe09-4bac-8062-a2014e5c8846@group-63C8A9F83E46-SegmentedRaftLogWorker] INFO  segmented.SegmentedRaftLogWorker (SegmentedRaftLogWorker.java:run(345)) - 758ec025-fe09-4bac-8062-a2014e5c8846@group-63C8A9F83E46-SegmentedRaftLogWorker was interrupted, exiting. There are 0 tasks remaining in the queue.
2022-10-30 01:06:41,372 [758ec025-fe09-4bac-8062-a2014e5c8846-impl-thread3] INFO  segmented.SegmentedRaftLogWorker (SegmentedRaftLogWorker.java:close(255)) - 758ec025-fe09-4bac-8062-a2014e5c8846@group-63C8A9F83E46-SegmentedRaftLogWorker close()
2022-10-30 01:06:41,379 [Listener at 127.0.0.1/42013] INFO  server.GrpcServerProtocolClient (GrpcServerProtocolClient.java:close(111)) - 42907c57-00bf-47e8-816a-b6f44f3b50df Close channels
2022-10-30 01:06:41,382 [Listener at 127.0.0.1/42013] INFO  server.GrpcService (GrpcService.java:closeImpl(288)) - 758ec025-fe09-4bac-8062-a2014e5c8846: shutdown server GrpcServerProtocolService successfully
2022-10-30 01:06:41,400 [758ec025-fe09-4bac-8062-a2014e5c8846@group-E0A5E0FBAADE-StateMachineUpdater] INFO  ratis.ContainerStateMachine (ContainerStateMachine.java:takeSnapshot(315)) - group-E0A5E0FBAADE: Finished taking a snapshot at:(t:1, i:0) file:/home/runner/work/ozone/ozone/hadoop-ozone/integration-test/target/test-dir/MiniOzoneClusterImpl-d77d6c10-3d51-4ae5-b04b-b5f3d2f20a3f/datanode-6/data/ratis/fe4df078-031e-451d-83d6-e0a5e0fbaade/sm/snapshot.1_0 took: 49 ms
2022-10-30 01:06:41,402 [758ec025-fe09-4bac-8062-a2014e5c8846@group-E0A5E0FBAADE-StateMachineUpdater] INFO  impl.StateMachineUpdater (StateMachineUpdater.java:takeSnapshot(287)) - 758ec025-fe09-4bac-8062-a2014e5c8846@group-E0A5E0FBAADE-StateMachineUpdater: Took a snapshot at index 0
2022-10-30 01:06:41,402 [758ec025-fe09-4bac-8062-a2014e5c8846@group-E0A5E0FBAADE-StateMachineUpdater] INFO  impl.StateMachineUpdater (StateMachineUpdater.java:lambda$new$0(92)) - 758ec025-fe09-4bac-8062-a2014e5c8846@group-E0A5E0FBAADE-StateMachineUpdater: snapshotIndex: updateIncreasingly -1 -> 0
2022-10-30 01:06:41,406 [758ec025-fe09-4bac-8062-a2014e5c8846-impl-thread1] INFO  server.RaftServer$Division (ServerState.java:close(466)) - 758ec025-fe09-4bac-8062-a2014e5c8846@group-E0A5E0FBAADE: closes. applyIndex: 0
2022-10-30 01:06:41,406 [758ec025-fe09-4bac-8062-a2014e5c8846@group-E0A5E0FBAADE-SegmentedRaftLogWorker] INFO  segmented.SegmentedRaftLogWorker (SegmentedRaftLogWorker.java:run(345)) - 758ec025-fe09-4bac-8062-a2014e5c8846@group-E0A5E0FBAADE-SegmentedRaftLogWorker was interrupted, exiting. There are 0 tasks remaining in the queue.
2022-10-30 01:06:41,407 [758ec025-fe09-4bac-8062-a2014e5c8846-impl-thread1] INFO  segmented.SegmentedRaftLogWorker (SegmentedRaftLogWorker.java:close(255)) - 758ec025-fe09-4bac-8062-a2014e5c8846@group-E0A5E0FBAADE-SegmentedRaftLogWorker close()
2022-10-30 01:06:41,409 [JvmPauseMonitor7] INFO  util.JvmPauseMonitor (JvmPauseMonitor.java:run(111)) - JvmPauseMonitor-758ec025-fe09-4bac-8062-a2014e5c8846: Stopped
2022-10-30 01:06:43,322 [86e92292-7141-46cb-9ed5-093a2cfc2b40@group-C5655235CD35-FollowerState] INFO  impl.FollowerState (FollowerState.java:run(143)) - 86e92292-7141-46cb-9ed5-093a2cfc2b40@group-C5655235CD35-FollowerState: change to CANDIDATE, lastRpcElapsedTime:5014533571ns, electionTimeout:5003ms
2022-10-30 01:06:43,322 [86e92292-7141-46cb-9ed5-093a2cfc2b40@group-C5655235CD35-FollowerState] INFO  impl.RoleInfo (RoleInfo.java:shutdownFollowerState(110)) - 86e92292-7141-46cb-9ed5-093a2cfc2b40: shutdown 86e92292-7141-46cb-9ed5-093a2cfc2b40@group-C5655235CD35-FollowerState
2022-10-30 01:06:43,322 [86e92292-7141-46cb-9ed5-093a2cfc2b40@group-C5655235CD35-FollowerState] INFO  server.RaftServer$Division (RaftServerImpl.java:setRole(321)) - 86e92292-7141-46cb-9ed5-093a2cfc2b40@group-C5655235CD35: changes role from  FOLLOWER to CANDIDATE at term 1 for changeToCandidate
2022-10-30 01:06:43,322 [86e92292-7141-46cb-9ed5-093a2cfc2b40@group-C5655235CD35-FollowerState] INFO  server.RaftServerConfigKeys (ConfUtils.java:logGet(46)) - raft.server.leaderelection.pre-vote = false (custom)
2022-10-30 01:06:43,323 [86e92292-7141-46cb-9ed5-093a2cfc2b40@group-C5655235CD35-FollowerState] INFO  impl.RoleInfo (RoleInfo.java:updateAndGet(139)) - 86e92292-7141-46cb-9ed5-093a2cfc2b40: start 86e92292-7141-46cb-9ed5-093a2cfc2b40@group-C5655235CD35-LeaderElection18
2022-10-30 01:06:43,324 [86e92292-7141-46cb-9ed5-093a2cfc2b40@group-C5655235CD35-LeaderElection18] INFO  impl.LeaderElection (LeaderElection.java:askForVotes(312)) - 86e92292-7141-46cb-9ed5-093a2cfc2b40@group-C5655235CD35-LeaderElection18 ELECTION round 0: submit vote requests at term 2 for -1: peers:[db967a0c-fd65-4f5b-99fe-08eeaf937185|rpc:10.1.0.11:46009|priority:0|startupRole:FOLLOWER, 7f2965ec-2a1d-4c0b-a486-0150db937947|rpc:10.1.0.11:43977|priority:1|startupRole:FOLLOWER, 86e92292-7141-46cb-9ed5-093a2cfc2b40|rpc:10.1.0.11:44269|priority:0|startupRole:FOLLOWER]|listeners:[], old=null
2022-10-30 01:06:43,324 [86e92292-7141-46cb-9ed5-093a2cfc2b40@group-C5655235CD35-LeaderElection18] INFO  server.RaftServerConfigKeys (ConfUtils.java:logFallback(53)) - raft.server.rpc.first-election.timeout.min = 5s (fallback to raft.server.rpc.timeout.min)
2022-10-30 01:06:43,324 [86e92292-7141-46cb-9ed5-093a2cfc2b40@group-C5655235CD35-LeaderElection18] INFO  server.RaftServerConfigKeys (ConfUtils.java:logFallback(53)) - raft.server.rpc.first-election.timeout.max = 5200ms (fallback to raft.server.rpc.timeout.max)
2022-10-30 01:06:43,326 [grpc-default-executor-0] INFO  server.RaftServer$Division (RaftServerImpl.java:requestVote(1218)) - db967a0c-fd65-4f5b-99fe-08eeaf937185@group-C5655235CD35: receive requestVote(ELECTION, 86e92292-7141-46cb-9ed5-093a2cfc2b40, group-C5655235CD35, 2, (t:0, i:0))
2022-10-30 01:06:43,326 [grpc-default-executor-0] INFO  impl.VoteContext (VoteContext.java:log(48)) - db967a0c-fd65-4f5b-99fe-08eeaf937185@group-C5655235CD35-FOLLOWER: accept ELECTION from 86e92292-7141-46cb-9ed5-093a2cfc2b40: our priority 0 <= candidate's priority 0
2022-10-30 01:06:43,326 [grpc-default-executor-0] INFO  server.RaftServer$Division (RaftServerImpl.java:setRole(321)) - db967a0c-fd65-4f5b-99fe-08eeaf937185@group-C5655235CD35: changes role from  FOLLOWER to FOLLOWER at term 2 for candidate:86e92292-7141-46cb-9ed5-093a2cfc2b40
2022-10-30 01:06:43,326 [grpc-default-executor-0] INFO  impl.RoleInfo (RoleInfo.java:shutdownFollowerState(110)) - db967a0c-fd65-4f5b-99fe-08eeaf937185: shutdown db967a0c-fd65-4f5b-99fe-08eeaf937185@group-C5655235CD35-FollowerState
2022-10-30 01:06:43,326 [grpc-default-executor-0] INFO  impl.RoleInfo (RoleInfo.java:updateAndGet(139)) - db967a0c-fd65-4f5b-99fe-08eeaf937185: start db967a0c-fd65-4f5b-99fe-08eeaf937185@group-C5655235CD35-FollowerState
2022-10-30 01:06:43,326 [db967a0c-fd65-4f5b-99fe-08eeaf937185@group-C5655235CD35-FollowerState] INFO  impl.FollowerState (FollowerState.java:run(152)) - db967a0c-fd65-4f5b-99fe-08eeaf937185@group-C5655235CD35-FollowerState was interrupted
2022-10-30 01:06:43,328 [grpc-default-executor-0] INFO  server.RaftServer$Division (RaftServerImpl.java:requestVote(1251)) - db967a0c-fd65-4f5b-99fe-08eeaf937185@group-C5655235CD35 replies to ELECTION vote request: 86e92292-7141-46cb-9ed5-093a2cfc2b40<-db967a0c-fd65-4f5b-99fe-08eeaf937185#0:OK-t2. Peer's state: db967a0c-fd65-4f5b-99fe-08eeaf937185@group-C5655235CD35:t2, leader=null, voted=86e92292-7141-46cb-9ed5-093a2cfc2b40, raftlog=Memoized:db967a0c-fd65-4f5b-99fe-08eeaf937185@group-C5655235CD35-SegmentedRaftLog:OPENED:c-1, conf=-1: peers:[db967a0c-fd65-4f5b-99fe-08eeaf937185|rpc:10.1.0.11:46009|priority:0|startupRole:FOLLOWER, 7f2965ec-2a1d-4c0b-a486-0150db937947|rpc:10.1.0.11:43977|priority:1|startupRole:FOLLOWER, 86e92292-7141-46cb-9ed5-093a2cfc2b40|rpc:10.1.0.11:44269|priority:0|startupRole:FOLLOWER]|listeners:[], old=null
2022-10-30 01:06:43,329 [grpc-default-executor-0] INFO  server.RaftServer$Division (RaftServerImpl.java:requestVote(1218)) - 7f2965ec-2a1d-4c0b-a486-0150db937947@group-C5655235CD35: receive requestVote(ELECTION, 86e92292-7141-46cb-9ed5-093a2cfc2b40, group-C5655235CD35, 2, (t:0, i:0))
2022-10-30 01:06:43,332 [grpc-default-executor-0] INFO  impl.VoteContext (VoteContext.java:log(48)) - 7f2965ec-2a1d-4c0b-a486-0150db937947@group-C5655235CD35-FOLLOWER: reject ELECTION from 86e92292-7141-46cb-9ed5-093a2cfc2b40: our priority 1 > candidate's priority 0
2022-10-30 01:06:43,332 [grpc-default-executor-0] INFO  server.RaftServer$Division (RaftServerImpl.java:setRole(321)) - 7f2965ec-2a1d-4c0b-a486-0150db937947@group-C5655235CD35: changes role from  FOLLOWER to FOLLOWER at term 2 for candidate:86e92292-7141-46cb-9ed5-093a2cfc2b40
2022-10-30 01:06:43,332 [grpc-default-executor-0] INFO  impl.RoleInfo (RoleInfo.java:shutdownFollowerState(110)) - 7f2965ec-2a1d-4c0b-a486-0150db937947: shutdown 7f2965ec-2a1d-4c0b-a486-0150db937947@group-C5655235CD35-FollowerState
2022-10-30 01:06:43,332 [db967a0c-fd65-4f5b-99fe-08eeaf937185@group-C5655235CD35-FollowerState] INFO  server.RaftServerConfigKeys (ConfUtils.java:logFallback(53)) - raft.server.rpc.first-election.timeout.min = 5s (fallback to raft.server.rpc.timeout.min)
2022-10-30 01:06:43,332 [grpc-default-executor-0] INFO  impl.RoleInfo (RoleInfo.java:updateAndGet(139)) - 7f2965ec-2a1d-4c0b-a486-0150db937947: start 7f2965ec-2a1d-4c0b-a486-0150db937947@group-C5655235CD35-FollowerState
2022-10-30 01:06:43,332 [7f2965ec-2a1d-4c0b-a486-0150db937947@group-C5655235CD35-FollowerState] INFO  impl.FollowerState (FollowerState.java:run(152)) - 7f2965ec-2a1d-4c0b-a486-0150db937947@group-C5655235CD35-FollowerState was interrupted
2022-10-30 01:06:43,332 [db967a0c-fd65-4f5b-99fe-08eeaf937185@group-C5655235CD35-FollowerState] INFO  server.RaftServerConfigKeys (ConfUtils.java:logFallback(53)) - raft.server.rpc.first-election.timeout.max = 5200ms (fallback to raft.server.rpc.timeout.max)
2022-10-30 01:06:43,334 [grpc-default-executor-0] INFO  server.RaftServer$Division (RaftServerImpl.java:requestVote(1251)) - 7f2965ec-2a1d-4c0b-a486-0150db937947@group-C5655235CD35 replies to ELECTION vote request: 86e92292-7141-46cb-9ed5-093a2cfc2b40<-7f2965ec-2a1d-4c0b-a486-0150db937947#0:FAIL-t2. Peer's state: 7f2965ec-2a1d-4c0b-a486-0150db937947@group-C5655235CD35:t2, leader=null, voted=null, raftlog=Memoized:7f2965ec-2a1d-4c0b-a486-0150db937947@group-C5655235CD35-SegmentedRaftLog:OPENED:c-1, conf=-1: peers:[db967a0c-fd65-4f5b-99fe-08eeaf937185|rpc:10.1.0.11:46009|dataStream:|priority:0|startupRole:FOLLOWER, 7f2965ec-2a1d-4c0b-a486-0150db937947|rpc:10.1.0.11:43977|dataStream:|priority:1|startupRole:FOLLOWER, 86e92292-7141-46cb-9ed5-093a2cfc2b40|rpc:10.1.0.11:44269|dataStream:|priority:0|startupRole:FOLLOWER]|listeners:[], old=null
2022-10-30 01:06:43,334 [7f2965ec-2a1d-4c0b-a486-0150db937947@group-C5655235CD35-FollowerState] INFO  server.RaftServerConfigKeys (ConfUtils.java:logFallback(53)) - raft.server.rpc.first-election.timeout.min = 5s (fallback to raft.server.rpc.timeout.min)
2022-10-30 01:06:43,334 [7f2965ec-2a1d-4c0b-a486-0150db937947@group-C5655235CD35-FollowerState] INFO  server.RaftServerConfigKeys (ConfUtils.java:logFallback(53)) - raft.server.rpc.first-election.timeout.max = 5200ms (fallback to raft.server.rpc.timeout.max)
2022-10-30 01:06:43,335 [86e92292-7141-46cb-9ed5-093a2cfc2b40@group-C5655235CD35-LeaderElection18] INFO  impl.LeaderElection (LeaderElection.java:logAndReturn(90)) - 86e92292-7141-46cb-9ed5-093a2cfc2b40@group-C5655235CD35-LeaderElection18: ELECTION REJECTED received 2 response(s) and 0 exception(s):
2022-10-30 01:06:43,335 [86e92292-7141-46cb-9ed5-093a2cfc2b40@group-C5655235CD35-LeaderElection18] INFO  impl.LeaderElection (LeaderElection.java:logAndReturn(94)) -   Response 0: 86e92292-7141-46cb-9ed5-093a2cfc2b40<-db967a0c-fd65-4f5b-99fe-08eeaf937185#0:OK-t2
2022-10-30 01:06:43,335 [86e92292-7141-46cb-9ed5-093a2cfc2b40@group-C5655235CD35-LeaderElection18] INFO  impl.LeaderElection (LeaderElection.java:logAndReturn(94)) -   Response 1: 86e92292-7141-46cb-9ed5-093a2cfc2b40<-7f2965ec-2a1d-4c0b-a486-0150db937947#0:FAIL-t2
2022-10-30 01:06:43,335 [86e92292-7141-46cb-9ed5-093a2cfc2b40@group-C5655235CD35-LeaderElection18] INFO  impl.LeaderElection (LeaderElection.java:askForVotes(314)) - 86e92292-7141-46cb-9ed5-093a2cfc2b40@group-C5655235CD35-LeaderElection18 ELECTION round 0: result REJECTED
2022-10-30 01:06:43,336 [86e92292-7141-46cb-9ed5-093a2cfc2b40@group-C5655235CD35-LeaderElection18] INFO  server.RaftServer$Division (RaftServerImpl.java:setRole(321)) - 86e92292-7141-46cb-9ed5-093a2cfc2b40@group-C5655235CD35: changes role from CANDIDATE to FOLLOWER at term 2 for REJECTED
2022-10-30 01:06:43,336 [86e92292-7141-46cb-9ed5-093a2cfc2b40@group-C5655235CD35-LeaderElection18] INFO  impl.RoleInfo (RoleInfo.java:shutdownLeaderElection(130)) - 86e92292-7141-46cb-9ed5-093a2cfc2b40: shutdown 86e92292-7141-46cb-9ed5-093a2cfc2b40@group-C5655235CD35-LeaderElection18
2022-10-30 01:06:43,336 [86e92292-7141-46cb-9ed5-093a2cfc2b40@group-C5655235CD35-LeaderElection18] INFO  impl.RoleInfo (RoleInfo.java:updateAndGet(139)) - 86e92292-7141-46cb-9ed5-093a2cfc2b40: start 86e92292-7141-46cb-9ed5-093a2cfc2b40@group-C5655235CD35-FollowerState
2022-10-30 01:06:43,342 [86e92292-7141-46cb-9ed5-093a2cfc2b40@group-C5655235CD35-FollowerState] INFO  server.RaftServerConfigKeys (ConfUtils.java:logFallback(53)) - raft.server.rpc.first-election.timeout.min = 5s (fallback to raft.server.rpc.timeout.min)
2022-10-30 01:06:43,342 [86e92292-7141-46cb-9ed5-093a2cfc2b40@group-C5655235CD35-FollowerState] INFO  server.RaftServerConfigKeys (ConfUtils.java:logFallback(53)) - raft.server.rpc.first-election.timeout.max = 5200ms (fallback to raft.server.rpc.timeout.max)
2022-10-30 01:06:43,433 [Listener at 127.0.0.1/42013] INFO  utils.BackgroundService (BackgroundService.java:shutdown(141)) - Shutting down service BlockDeletingService
2022-10-30 01:06:43,433 [Listener at 127.0.0.1/42013] INFO  utils.BackgroundService (BackgroundService.java:shutdown(141)) - Shutting down service StaleRecoveringContainerScrubbingService
2022-10-30 01:06:43,436 [Listener at 127.0.0.1/42013] INFO  statemachine.DatanodeStateMachine (DatanodeStateMachine.java:stopDaemon(593)) - Ozone container server stopped.
2022-10-30 01:06:43,445 [Listener at 127.0.0.1/42013] INFO  handler.ContextHandler (ContextHandler.java:doStop(1159)) - Stopped o.e.j.w.WebAppContext@342ad2a3{hddsDatanode,/,null,STOPPED}{jar:file:/home/runner/.m2/repository/org/apache/ozone/hdds-container-service/1.3.0-SNAPSHOT/hdds-container-service-1.3.0-SNAPSHOT.jar!/webapps/hddsDatanode}
2022-10-30 01:06:43,449 [Listener at 127.0.0.1/42013] INFO  server.AbstractConnector (AbstractConnector.java:doStop(383)) - Stopped ServerConnector@61c9e646{HTTP/1.1, (http/1.1)}{0.0.0.0:0}
2022-10-30 01:06:43,449 [Listener at 127.0.0.1/42013] INFO  server.session (HouseKeeper.java:stopScavenging(149)) - node0 Stopped scavenging
2022-10-30 01:06:43,449 [Listener at 127.0.0.1/42013] INFO  handler.ContextHandler (ContextHandler.java:doStop(1159)) - Stopped o.e.j.s.ServletContextHandler@75ae7744{static,/static,jar:file:/home/runner/.m2/repository/org/apache/ozone/hdds-container-service/1.3.0-SNAPSHOT/hdds-container-service-1.3.0-SNAPSHOT.jar!/webapps/static,STOPPED}
2022-10-30 01:06:43,450 [Listener at 127.0.0.1/42013] INFO  handler.ContextHandler (ContextHandler.java:doStop(1159)) - Stopped o.e.j.s.ServletContextHandler@3365c413{logs,/logs,file:///home/runner/work/ozone/ozone/hadoop-ozone/integration-test/target/log,STOPPED}
2022-10-30 01:06:43,999 [86e92292-7141-46cb-9ed5-093a2cfc2b40@group-C2E61F12FD9A-FollowerState] INFO  impl.FollowerState (FollowerState.java:run(143)) - 86e92292-7141-46cb-9ed5-093a2cfc2b40@group-C2E61F12FD9A-FollowerState: change to CANDIDATE, lastRpcElapsedTime:5009016470ns, electionTimeout:5005ms
2022-10-30 01:06:44,000 [86e92292-7141-46cb-9ed5-093a2cfc2b40@group-C2E61F12FD9A-FollowerState] INFO  impl.RoleInfo (RoleInfo.java:shutdownFollowerState(110)) - 86e92292-7141-46cb-9ed5-093a2cfc2b40: shutdown 86e92292-7141-46cb-9ed5-093a2cfc2b40@group-C2E61F12FD9A-FollowerState
2022-10-30 01:06:44,000 [86e92292-7141-46cb-9ed5-093a2cfc2b40@group-C2E61F12FD9A-FollowerState] INFO  server.RaftServer$Division (RaftServerImpl.java:setRole(321)) - 86e92292-7141-46cb-9ed5-093a2cfc2b40@group-C2E61F12FD9A: changes role from  FOLLOWER to CANDIDATE at term 1 for changeToCandidate
2022-10-30 01:06:44,000 [86e92292-7141-46cb-9ed5-093a2cfc2b40@group-C2E61F12FD9A-FollowerState] INFO  server.RaftServerConfigKeys (ConfUtils.java:logGet(46)) - raft.server.leaderelection.pre-vote = false (custom)
2022-10-30 01:06:44,000 [86e92292-7141-46cb-9ed5-093a2cfc2b40@group-C2E61F12FD9A-FollowerState] INFO  impl.RoleInfo (RoleInfo.java:updateAndGet(139)) - 86e92292-7141-46cb-9ed5-093a2cfc2b40: start 86e92292-7141-46cb-9ed5-093a2cfc2b40@group-C2E61F12FD9A-LeaderElection19
2022-10-30 01:06:44,003 [86e92292-7141-46cb-9ed5-093a2cfc2b40@group-C2E61F12FD9A-LeaderElection19] INFO  impl.LeaderElection (LeaderElection.java:askForVotes(312)) - 86e92292-7141-46cb-9ed5-093a2cfc2b40@group-C2E61F12FD9A-LeaderElection19 ELECTION round 0: submit vote requests at term 2 for -1: peers:[db967a0c-fd65-4f5b-99fe-08eeaf937185|rpc:10.1.0.11:46009|priority:1|startupRole:FOLLOWER, 7f2965ec-2a1d-4c0b-a486-0150db937947|rpc:10.1.0.11:43977|priority:0|startupRole:FOLLOWER, 86e92292-7141-46cb-9ed5-093a2cfc2b40|rpc:10.1.0.11:44269|priority:0|startupRole:FOLLOWER]|listeners:[], old=null
2022-10-30 01:06:44,003 [86e92292-7141-46cb-9ed5-093a2cfc2b40@group-C2E61F12FD9A-LeaderElection19] INFO  server.RaftServerConfigKeys (ConfUtils.java:logFallback(53)) - raft.server.rpc.first-election.timeout.min = 5s (fallback to raft.server.rpc.timeout.min)
2022-10-30 01:06:44,003 [86e92292-7141-46cb-9ed5-093a2cfc2b40@group-C2E61F12FD9A-LeaderElection19] INFO  server.RaftServerConfigKeys (ConfUtils.java:logFallback(53)) - raft.server.rpc.first-election.timeout.max = 5200ms (fallback to raft.server.rpc.timeout.max)
2022-10-30 01:06:44,005 [grpc-default-executor-0] INFO  server.RaftServer$Division (RaftServerImpl.java:requestVote(1218)) - 7f2965ec-2a1d-4c0b-a486-0150db937947@group-C2E61F12FD9A: receive requestVote(ELECTION, 86e92292-7141-46cb-9ed5-093a2cfc2b40, group-C2E61F12FD9A, 2, (t:0, i:0))
2022-10-30 01:06:44,005 [grpc-default-executor-0] INFO  impl.VoteContext (VoteContext.java:log(48)) - 7f2965ec-2a1d-4c0b-a486-0150db937947@group-C2E61F12FD9A-FOLLOWER: accept ELECTION from 86e92292-7141-46cb-9ed5-093a2cfc2b40: our priority 0 <= candidate's priority 0
2022-10-30 01:06:44,006 [grpc-default-executor-0] INFO  server.RaftServer$Division (RaftServerImpl.java:setRole(321)) - 7f2965ec-2a1d-4c0b-a486-0150db937947@group-C2E61F12FD9A: changes role from  FOLLOWER to FOLLOWER at term 2 for candidate:86e92292-7141-46cb-9ed5-093a2cfc2b40
2022-10-30 01:06:44,006 [grpc-default-executor-0] INFO  impl.RoleInfo (RoleInfo.java:shutdownFollowerState(110)) - 7f2965ec-2a1d-4c0b-a486-0150db937947: shutdown 7f2965ec-2a1d-4c0b-a486-0150db937947@group-C2E61F12FD9A-FollowerState
2022-10-30 01:06:44,006 [grpc-default-executor-0] INFO  impl.RoleInfo (RoleInfo.java:updateAndGet(139)) - 7f2965ec-2a1d-4c0b-a486-0150db937947: start 7f2965ec-2a1d-4c0b-a486-0150db937947@group-C2E61F12FD9A-FollowerState
2022-10-30 01:06:44,006 [7f2965ec-2a1d-4c0b-a486-0150db937947@group-C2E61F12FD9A-FollowerState] INFO  impl.FollowerState (FollowerState.java:run(152)) - 7f2965ec-2a1d-4c0b-a486-0150db937947@group-C2E61F12FD9A-FollowerState was interrupted
2022-10-30 01:06:44,008 [7f2965ec-2a1d-4c0b-a486-0150db937947@group-C2E61F12FD9A-FollowerState] INFO  server.RaftServerConfigKeys (ConfUtils.java:logFallback(53)) - raft.server.rpc.first-election.timeout.min = 5s (fallback to raft.server.rpc.timeout.min)
2022-10-30 01:06:44,008 [grpc-default-executor-5] INFO  server.RaftServer$Division (RaftServerImpl.java:requestVote(1218)) - db967a0c-fd65-4f5b-99fe-08eeaf937185@group-C2E61F12FD9A: receive requestVote(ELECTION, 86e92292-7141-46cb-9ed5-093a2cfc2b40, group-C2E61F12FD9A, 2, (t:0, i:0))
2022-10-30 01:06:44,008 [7f2965ec-2a1d-4c0b-a486-0150db937947@group-C2E61F12FD9A-FollowerState] INFO  server.RaftServerConfigKeys (ConfUtils.java:logFallback(53)) - raft.server.rpc.first-election.timeout.max = 5200ms (fallback to raft.server.rpc.timeout.max)
2022-10-30 01:06:44,008 [grpc-default-executor-5] INFO  impl.VoteContext (VoteContext.java:log(48)) - db967a0c-fd65-4f5b-99fe-08eeaf937185@group-C2E61F12FD9A-FOLLOWER: reject ELECTION from 86e92292-7141-46cb-9ed5-093a2cfc2b40: our priority 1 > candidate's priority 0
2022-10-30 01:06:44,008 [grpc-default-executor-5] INFO  server.RaftServer$Division (RaftServerImpl.java:setRole(321)) - db967a0c-fd65-4f5b-99fe-08eeaf937185@group-C2E61F12FD9A: changes role from  FOLLOWER to FOLLOWER at term 2 for candidate:86e92292-7141-46cb-9ed5-093a2cfc2b40
2022-10-30 01:06:44,008 [grpc-default-executor-5] INFO  impl.RoleInfo (RoleInfo.java:shutdownFollowerState(110)) - db967a0c-fd65-4f5b-99fe-08eeaf937185: shutdown db967a0c-fd65-4f5b-99fe-08eeaf937185@group-C2E61F12FD9A-FollowerState
2022-10-30 01:06:44,008 [grpc-default-executor-5] INFO  impl.RoleInfo (RoleInfo.java:updateAndGet(139)) - db967a0c-fd65-4f5b-99fe-08eeaf937185: start db967a0c-fd65-4f5b-99fe-08eeaf937185@group-C2E61F12FD9A-FollowerState
2022-10-30 01:06:44,008 [db967a0c-fd65-4f5b-99fe-08eeaf937185@group-C2E61F12FD9A-FollowerState] INFO  impl.FollowerState (FollowerState.java:run(152)) - db967a0c-fd65-4f5b-99fe-08eeaf937185@group-C2E61F12FD9A-FollowerState was interrupted
2022-10-30 01:06:44,008 [grpc-default-executor-0] INFO  server.RaftServer$Division (RaftServerImpl.java:requestVote(1251)) - 7f2965ec-2a1d-4c0b-a486-0150db937947@group-C2E61F12FD9A replies to ELECTION vote request: 86e92292-7141-46cb-9ed5-093a2cfc2b40<-7f2965ec-2a1d-4c0b-a486-0150db937947#0:OK-t2. Peer's state: 7f2965ec-2a1d-4c0b-a486-0150db937947@group-C2E61F12FD9A:t2, leader=null, voted=86e92292-7141-46cb-9ed5-093a2cfc2b40, raftlog=Memoized:7f2965ec-2a1d-4c0b-a486-0150db937947@group-C2E61F12FD9A-SegmentedRaftLog:OPENED:c-1, conf=-1: peers:[db967a0c-fd65-4f5b-99fe-08eeaf937185|rpc:10.1.0.11:46009|priority:1|startupRole:FOLLOWER, 7f2965ec-2a1d-4c0b-a486-0150db937947|rpc:10.1.0.11:43977|priority:0|startupRole:FOLLOWER, 86e92292-7141-46cb-9ed5-093a2cfc2b40|rpc:10.1.0.11:44269|priority:0|startupRole:FOLLOWER]|listeners:[], old=null
2022-10-30 01:06:44,009 [db967a0c-fd65-4f5b-99fe-08eeaf937185@group-C2E61F12FD9A-FollowerState] INFO  server.RaftServerConfigKeys (ConfUtils.java:logFallback(53)) - raft.server.rpc.first-election.timeout.min = 5s (fallback to raft.server.rpc.timeout.min)
2022-10-30 01:06:44,009 [db967a0c-fd65-4f5b-99fe-08eeaf937185@group-C2E61F12FD9A-FollowerState] INFO  server.RaftServerConfigKeys (ConfUtils.java:logFallback(53)) - raft.server.rpc.first-election.timeout.max = 5200ms (fallback to raft.server.rpc.timeout.max)
2022-10-30 01:06:44,009 [grpc-default-executor-5] INFO  server.RaftServer$Division (RaftServerImpl.java:requestVote(1251)) - db967a0c-fd65-4f5b-99fe-08eeaf937185@group-C2E61F12FD9A replies to ELECTION vote request: 86e92292-7141-46cb-9ed5-093a2cfc2b40<-db967a0c-fd65-4f5b-99fe-08eeaf937185#0:FAIL-t2. Peer's state: db967a0c-fd65-4f5b-99fe-08eeaf937185@group-C2E61F12FD9A:t2, leader=null, voted=null, raftlog=Memoized:db967a0c-fd65-4f5b-99fe-08eeaf937185@group-C2E61F12FD9A-SegmentedRaftLog:OPENED:c-1, conf=-1: peers:[db967a0c-fd65-4f5b-99fe-08eeaf937185|rpc:10.1.0.11:46009|priority:1|startupRole:FOLLOWER, 7f2965ec-2a1d-4c0b-a486-0150db937947|rpc:10.1.0.11:43977|priority:0|startupRole:FOLLOWER, 86e92292-7141-46cb-9ed5-093a2cfc2b40|rpc:10.1.0.11:44269|priority:0|startupRole:FOLLOWER]|listeners:[], old=null
2022-10-30 01:06:44,012 [86e92292-7141-46cb-9ed5-093a2cfc2b40@group-C2E61F12FD9A-LeaderElection19] INFO  impl.LeaderElection (LeaderElection.java:logAndReturn(90)) - 86e92292-7141-46cb-9ed5-093a2cfc2b40@group-C2E61F12FD9A-LeaderElection19: ELECTION REJECTED received 2 response(s) and 0 exception(s):
2022-10-30 01:06:44,012 [86e92292-7141-46cb-9ed5-093a2cfc2b40@group-C2E61F12FD9A-LeaderElection19] INFO  impl.LeaderElection (LeaderElection.java:logAndReturn(94)) -   Response 0: 86e92292-7141-46cb-9ed5-093a2cfc2b40<-db967a0c-fd65-4f5b-99fe-08eeaf937185#0:FAIL-t2
2022-10-30 01:06:44,012 [86e92292-7141-46cb-9ed5-093a2cfc2b40@group-C2E61F12FD9A-LeaderElection19] INFO  impl.LeaderElection (LeaderElection.java:logAndReturn(94)) -   Response 1: 86e92292-7141-46cb-9ed5-093a2cfc2b40<-7f2965ec-2a1d-4c0b-a486-0150db937947#0:OK-t2
2022-10-30 01:06:44,012 [86e92292-7141-46cb-9ed5-093a2cfc2b40@group-C2E61F12FD9A-LeaderElection19] INFO  impl.LeaderElection (LeaderElection.java:askForVotes(314)) - 86e92292-7141-46cb-9ed5-093a2cfc2b40@group-C2E61F12FD9A-LeaderElection19 ELECTION round 0: result REJECTED
2022-10-30 01:06:44,013 [86e92292-7141-46cb-9ed5-093a2cfc2b40@group-C2E61F12FD9A-LeaderElection19] INFO  server.RaftServer$Division (RaftServerImpl.java:setRole(321)) - 86e92292-7141-46cb-9ed5-093a2cfc2b40@group-C2E61F12FD9A: changes role from CANDIDATE to FOLLOWER at term 2 for REJECTED
2022-10-30 01:06:44,013 [86e92292-7141-46cb-9ed5-093a2cfc2b40@group-C2E61F12FD9A-LeaderElection19] INFO  impl.RoleInfo (RoleInfo.java:shutdownLeaderElection(130)) - 86e92292-7141-46cb-9ed5-093a2cfc2b40: shutdown 86e92292-7141-46cb-9ed5-093a2cfc2b40@group-C2E61F12FD9A-LeaderElection19
2022-10-30 01:06:44,013 [86e92292-7141-46cb-9ed5-093a2cfc2b40@group-C2E61F12FD9A-LeaderElection19] INFO  impl.RoleInfo (RoleInfo.java:updateAndGet(139)) - 86e92292-7141-46cb-9ed5-093a2cfc2b40: start 86e92292-7141-46cb-9ed5-093a2cfc2b40@group-C2E61F12FD9A-FollowerState
2022-10-30 01:06:44,014 [86e92292-7141-46cb-9ed5-093a2cfc2b40@group-C2E61F12FD9A-FollowerState] INFO  server.RaftServerConfigKeys (ConfUtils.java:logFallback(53)) - raft.server.rpc.first-election.timeout.min = 5s (fallback to raft.server.rpc.timeout.min)
2022-10-30 01:06:44,014 [86e92292-7141-46cb-9ed5-093a2cfc2b40@group-C2E61F12FD9A-FollowerState] INFO  server.RaftServerConfigKeys (ConfUtils.java:logFallback(53)) - raft.server.rpc.first-election.timeout.max = 5200ms (fallback to raft.server.rpc.timeout.max)
2022-10-30 01:06:44,273 [EventQueue-StaleNodeForStaleNodeHandler] INFO  node.StaleNodeHandler (StaleNodeHandler.java:onMessage(59)) - Datanode 758ec025-fe09-4bac-8062-a2014e5c8846{ip: 10.1.0.11, host: fv-az99-422.euuzywwtp3iu5l5aj42nbmzodg.gx.internal.cloudapp.net, ports: [REPLICATION=39637, RATIS=46773, RATIS_ADMIN=46773, RATIS_SERVER=46773, STANDALONE=39087], networkLocation: /default-rack, certSerialId: null, persistedOpState: IN_SERVICE, persistedOpStateExpiryEpochSec: 0} moved to stale state. Finalizing its pipelines [PipelineID=fe4df078-031e-451d-83d6-e0a5e0fbaade, PipelineID=3132103f-68a2-45c8-9404-93eb23a6c8f4, PipelineID=9664750f-43c0-4119-822a-43cd07ece552, PipelineID=e2a87e45-9f15-4d40-92e0-63c8a9f83e46]
2022-10-30 01:06:44,274 [EventQueue-StaleNodeForStaleNodeHandler] INFO  pipeline.PipelineManagerImpl (PipelineManagerImpl.java:closePipeline(442)) - Pipeline Pipeline[ Id: fe4df078-031e-451d-83d6-e0a5e0fbaade, Nodes: 758ec025-fe09-4bac-8062-a2014e5c8846{ip: 10.1.0.11, host: fv-az99-422.euuzywwtp3iu5l5aj42nbmzodg.gx.internal.cloudapp.net, ports: [REPLICATION=39637, RATIS=46773, RATIS_ADMIN=46773, RATIS_SERVER=46773, STANDALONE=39087], networkLocation: /default-rack, certSerialId: null, persistedOpState: IN_SERVICE, persistedOpStateExpiryEpochSec: 0}, ReplicationConfig: RATIS/ONE, State:OPEN, leaderId:758ec025-fe09-4bac-8062-a2014e5c8846, CreationTimestamp2022-10-30T01:06:32.094Z[Etc/UTC]] moved to CLOSED state
2022-10-30 01:06:44,274 [EventQueue-StaleNodeForStaleNodeHandler] INFO  pipeline.PipelineManagerImpl (PipelineManagerImpl.java:closePipeline(442)) - Pipeline Pipeline[ Id: 3132103f-68a2-45c8-9404-93eb23a6c8f4, Nodes: 42907c57-00bf-47e8-816a-b6f44f3b50df{ip: 10.1.0.11, host: fv-az99-422.euuzywwtp3iu5l5aj42nbmzodg.gx.internal.cloudapp.net, ports: [REPLICATION=40841, RATIS=43117, RATIS_ADMIN=43117, RATIS_SERVER=43117, STANDALONE=36839], networkLocation: /default-rack, certSerialId: null, persistedOpState: IN_SERVICE, persistedOpStateExpiryEpochSec: 0}758ec025-fe09-4bac-8062-a2014e5c8846{ip: 10.1.0.11, host: fv-az99-422.euuzywwtp3iu5l5aj42nbmzodg.gx.internal.cloudapp.net, ports: [REPLICATION=39637, RATIS=46773, RATIS_ADMIN=46773, RATIS_SERVER=46773, STANDALONE=39087], networkLocation: /default-rack, certSerialId: null, persistedOpState: IN_SERVICE, persistedOpStateExpiryEpochSec: 0}96632972-14e0-44d5-b3f2-8f1b1022e85f{ip: 10.1.0.11, host: fv-az99-422.euuzywwtp3iu5l5aj42nbmzodg.gx.internal.cloudapp.net, ports: [REPLICATION=46235, RATIS=41713, RATIS_ADMIN=41713, RATIS_SERVER=41713, STANDALONE=44421], networkLocation: /default-rack, certSerialId: null, persistedOpState: IN_SERVICE, persistedOpStateExpiryEpochSec: 0}, ReplicationConfig: RATIS/THREE, State:ALLOCATED, leaderId:, CreationTimestamp2022-10-30T01:06:32.762Z[Etc/UTC]] moved to CLOSED state
2022-10-30 01:06:44,277 [EventQueue-StaleNodeForStaleNodeHandler] INFO  pipeline.PipelineManagerImpl (PipelineManagerImpl.java:closeContainersForPipeline(421)) - Container #1 closed for pipeline=PipelineID=9664750f-43c0-4119-822a-43cd07ece552
2022-10-30 01:06:44,277 [EventQueue-CloseContainerForCloseContainerEventHandler] INFO  container.CloseContainerEventHandler (CloseContainerEventHandler.java:onMessage(71)) - Close container Event triggered for container : #1
2022-10-30 01:06:44,277 [EventQueue-StaleNodeForStaleNodeHandler] INFO  pipeline.PipelineManagerImpl (PipelineManagerImpl.java:closePipeline(442)) - Pipeline Pipeline[ Id: 9664750f-43c0-4119-822a-43cd07ece552, Nodes: 758ec025-fe09-4bac-8062-a2014e5c8846{ip: 10.1.0.11, host: fv-az99-422.euuzywwtp3iu5l5aj42nbmzodg.gx.internal.cloudapp.net, ports: [REPLICATION=39637, RATIS=46773, RATIS_ADMIN=46773, RATIS_SERVER=46773, STANDALONE=39087], networkLocation: /default-rack, certSerialId: null, persistedOpState: null, persistedOpStateExpiryEpochSec: 0}86e92292-7141-46cb-9ed5-093a2cfc2b40{ip: 10.1.0.11, host: fv-az99-422.euuzywwtp3iu5l5aj42nbmzodg.gx.internal.cloudapp.net, ports: [REPLICATION=42541, RATIS=44269, RATIS_ADMIN=44269, RATIS_SERVER=44269, STANDALONE=37771], networkLocation: /default-rack, certSerialId: null, persistedOpState: null, persistedOpStateExpiryEpochSec: 0}57b0e5c4-d4d8-463c-8999-53af98295cd0{ip: 10.1.0.11, host: fv-az99-422.euuzywwtp3iu5l5aj42nbmzodg.gx.internal.cloudapp.net, ports: [REPLICATION=45861, RATIS=39941, RATIS_ADMIN=39941, RATIS_SERVER=39941, STANDALONE=38745], networkLocation: /default-rack, certSerialId: null, persistedOpState: null, persistedOpStateExpiryEpochSec: 0}7f2965ec-2a1d-4c0b-a486-0150db937947{ip: 10.1.0.11, host: fv-az99-422.euuzywwtp3iu5l5aj42nbmzodg.gx.internal.cloudapp.net, ports: [REPLICATION=39237, RATIS=43977, RATIS_ADMIN=43977, RATIS_SERVER=43977, STANDALONE=40797], networkLocation: /default-rack, certSerialId: null, persistedOpState: null, persistedOpStateExpiryEpochSec: 0}42907c57-00bf-47e8-816a-b6f44f3b50df{ip: 10.1.0.11, host: fv-az99-422.euuzywwtp3iu5l5aj42nbmzodg.gx.internal.cloudapp.net, ports: [REPLICATION=40841, RATIS=43117, RATIS_ADMIN=43117, RATIS_SERVER=43117, STANDALONE=36839], networkLocation: /default-rack, certSerialId: null, persistedOpState: null, persistedOpStateExpiryEpochSec: 0}, ReplicationConfig: EC/ECReplicationConfig{data=3, parity=2, ecChunkSize=1024, codec=rs}, State:OPEN, leaderId:, CreationTimestamp2022-10-30T01:06:40.771Z[Etc/UTC]] moved to CLOSED state
2022-10-30 01:06:44,278 [EventQueue-StaleNodeForStaleNodeHandler] INFO  pipeline.PipelineManagerImpl (PipelineManagerImpl.java:closePipeline(442)) - Pipeline Pipeline[ Id: e2a87e45-9f15-4d40-92e0-63c8a9f83e46, Nodes: 96632972-14e0-44d5-b3f2-8f1b1022e85f{ip: 10.1.0.11, host: fv-az99-422.euuzywwtp3iu5l5aj42nbmzodg.gx.internal.cloudapp.net, ports: [REPLICATION=46235, RATIS=41713, RATIS_ADMIN=41713, RATIS_SERVER=41713, STANDALONE=44421], networkLocation: /default-rack, certSerialId: null, persistedOpState: IN_SERVICE, persistedOpStateExpiryEpochSec: 0}758ec025-fe09-4bac-8062-a2014e5c8846{ip: 10.1.0.11, host: fv-az99-422.euuzywwtp3iu5l5aj42nbmzodg.gx.internal.cloudapp.net, ports: [REPLICATION=39637, RATIS=46773, RATIS_ADMIN=46773, RATIS_SERVER=46773, STANDALONE=39087], networkLocation: /default-rack, certSerialId: null, persistedOpState: IN_SERVICE, persistedOpStateExpiryEpochSec: 0}42907c57-00bf-47e8-816a-b6f44f3b50df{ip: 10.1.0.11, host: fv-az99-422.euuzywwtp3iu5l5aj42nbmzodg.gx.internal.cloudapp.net, ports: [REPLICATION=40841, RATIS=43117, RATIS_ADMIN=43117, RATIS_SERVER=43117, STANDALONE=36839], networkLocation: /default-rack, certSerialId: null, persistedOpState: IN_SERVICE, persistedOpStateExpiryEpochSec: 0}, ReplicationConfig: RATIS/THREE, State:ALLOCATED, leaderId:, CreationTimestamp2022-10-30T01:06:32.765Z[Etc/UTC]] moved to CLOSED state
2022-10-30 01:06:44,330 [57b0e5c4-d4d8-463c-8999-53af98295cd0@group-0252A98196AF-FollowerState] INFO  server.RaftServerConfigKeys (ConfUtils.java:logFallback(53)) - raft.server.rpc.first-election.timeout.min = 5s (fallback to raft.server.rpc.timeout.min)
2022-10-30 01:06:44,330 [57b0e5c4-d4d8-463c-8999-53af98295cd0@group-0252A98196AF-FollowerState] INFO  server.RaftServerConfigKeys (ConfUtils.java:logFallback(53)) - raft.server.rpc.first-election.timeout.max = 5200ms (fallback to raft.server.rpc.timeout.max)
2022-10-30 01:06:44,364 [edb0f50d-ef97-4088-a20b-1c61b9a9d6ec@group-0252A98196AF-FollowerState] INFO  impl.FollowerState (FollowerState.java:run(143)) - edb0f50d-ef97-4088-a20b-1c61b9a9d6ec@group-0252A98196AF-FollowerState: change to CANDIDATE, lastRpcElapsedTime:5105667396ns, electionTimeout:5099ms
2022-10-30 01:06:44,365 [edb0f50d-ef97-4088-a20b-1c61b9a9d6ec@group-0252A98196AF-FollowerState] INFO  impl.RoleInfo (RoleInfo.java:shutdownFollowerState(110)) - edb0f50d-ef97-4088-a20b-1c61b9a9d6ec: shutdown edb0f50d-ef97-4088-a20b-1c61b9a9d6ec@group-0252A98196AF-FollowerState
2022-10-30 01:06:44,365 [edb0f50d-ef97-4088-a20b-1c61b9a9d6ec@group-0252A98196AF-FollowerState] INFO  server.RaftServer$Division (RaftServerImpl.java:setRole(321)) - edb0f50d-ef97-4088-a20b-1c61b9a9d6ec@group-0252A98196AF: changes role from  FOLLOWER to CANDIDATE at term 1 for changeToCandidate
2022-10-30 01:06:44,365 [edb0f50d-ef97-4088-a20b-1c61b9a9d6ec@group-0252A98196AF-FollowerState] INFO  server.RaftServerConfigKeys (ConfUtils.java:logGet(46)) - raft.server.leaderelection.pre-vote = false (custom)
2022-10-30 01:06:44,365 [edb0f50d-ef97-4088-a20b-1c61b9a9d6ec@group-0252A98196AF-FollowerState] INFO  impl.RoleInfo (RoleInfo.java:updateAndGet(139)) - edb0f50d-ef97-4088-a20b-1c61b9a9d6ec: start edb0f50d-ef97-4088-a20b-1c61b9a9d6ec@group-0252A98196AF-LeaderElection20
2022-10-30 01:06:44,366 [edb0f50d-ef97-4088-a20b-1c61b9a9d6ec@group-0252A98196AF-LeaderElection20] INFO  impl.LeaderElection (LeaderElection.java:askForVotes(312)) - edb0f50d-ef97-4088-a20b-1c61b9a9d6ec@group-0252A98196AF-LeaderElection20 ELECTION round 0: submit vote requests at term 2 for -1: peers:[edb0f50d-ef97-4088-a20b-1c61b9a9d6ec|rpc:10.1.0.11:41147|priority:0|startupRole:FOLLOWER, 58d8b8bb-cfc7-423c-ba1f-09160eea4c71|rpc:10.1.0.11:37145|priority:1|startupRole:FOLLOWER, 57b0e5c4-d4d8-463c-8999-53af98295cd0|rpc:10.1.0.11:39941|priority:0|startupRole:FOLLOWER]|listeners:[], old=null
2022-10-30 01:06:44,368 [grpc-default-executor-5] INFO  server.RaftServer$Division (RaftServerImpl.java:requestVote(1218)) - 58d8b8bb-cfc7-423c-ba1f-09160eea4c71@group-0252A98196AF: receive requestVote(ELECTION, edb0f50d-ef97-4088-a20b-1c61b9a9d6ec, group-0252A98196AF, 2, (t:0, i:0))
2022-10-30 01:06:44,368 [grpc-default-executor-5] INFO  impl.VoteContext (VoteContext.java:log(48)) - 58d8b8bb-cfc7-423c-ba1f-09160eea4c71@group-0252A98196AF-FOLLOWER: reject ELECTION from edb0f50d-ef97-4088-a20b-1c61b9a9d6ec: our priority 1 > candidate's priority 0
2022-10-30 01:06:44,368 [grpc-default-executor-5] INFO  server.RaftServer$Division (RaftServerImpl.java:setRole(321)) - 58d8b8bb-cfc7-423c-ba1f-09160eea4c71@group-0252A98196AF: changes role from  FOLLOWER to FOLLOWER at term 2 for candidate:edb0f50d-ef97-4088-a20b-1c61b9a9d6ec
2022-10-30 01:06:44,368 [grpc-default-executor-5] INFO  impl.RoleInfo (RoleInfo.java:shutdownFollowerState(110)) - 58d8b8bb-cfc7-423c-ba1f-09160eea4c71: shutdown 58d8b8bb-cfc7-423c-ba1f-09160eea4c71@group-0252A98196AF-FollowerState
2022-10-30 01:06:44,368 [edb0f50d-ef97-4088-a20b-1c61b9a9d6ec@group-0252A98196AF-LeaderElection20] INFO  server.RaftServerConfigKeys (ConfUtils.java:logFallback(53)) - raft.server.rpc.first-election.timeout.min = 5s (fallback to raft.server.rpc.timeout.min)
2022-10-30 01:06:44,368 [58d8b8bb-cfc7-423c-ba1f-09160eea4c71@group-0252A98196AF-FollowerState] INFO  impl.FollowerState (FollowerState.java:shouldRun(117)) - 58d8b8bb-cfc7-423c-ba1f-09160eea4c71@group-0252A98196AF-FollowerState: Stopping now (isRunning? false, role = FOLLOWER)
2022-10-30 01:06:44,368 [grpc-default-executor-5] INFO  impl.RoleInfo (RoleInfo.java:updateAndGet(139)) - 58d8b8bb-cfc7-423c-ba1f-09160eea4c71: start 58d8b8bb-cfc7-423c-ba1f-09160eea4c71@group-0252A98196AF-FollowerState
2022-10-30 01:06:44,368 [edb0f50d-ef97-4088-a20b-1c61b9a9d6ec@group-0252A98196AF-LeaderElection20] INFO  server.RaftServerConfigKeys (ConfUtils.java:logFallback(53)) - raft.server.rpc.first-election.timeout.max = 5200ms (fallback to raft.server.rpc.timeout.max)
2022-10-30 01:06:44,369 [58d8b8bb-cfc7-423c-ba1f-09160eea4c71@group-0252A98196AF-FollowerState] INFO  server.RaftServerConfigKeys (ConfUtils.java:logFallback(53)) - raft.server.rpc.first-election.timeout.min = 5s (fallback to raft.server.rpc.timeout.min)
2022-10-30 01:06:44,369 [58d8b8bb-cfc7-423c-ba1f-09160eea4c71@group-0252A98196AF-FollowerState] INFO  server.RaftServerConfigKeys (ConfUtils.java:logFallback(53)) - raft.server.rpc.first-election.timeout.max = 5200ms (fallback to raft.server.rpc.timeout.max)
2022-10-30 01:06:44,370 [grpc-default-executor-5] INFO  server.RaftServer$Division (RaftServerImpl.java:requestVote(1251)) - 58d8b8bb-cfc7-423c-ba1f-09160eea4c71@group-0252A98196AF replies to ELECTION vote request: edb0f50d-ef97-4088-a20b-1c61b9a9d6ec<-58d8b8bb-cfc7-423c-ba1f-09160eea4c71#0:FAIL-t2. Peer's state: 58d8b8bb-cfc7-423c-ba1f-09160eea4c71@group-0252A98196AF:t2, leader=null, voted=null, raftlog=Memoized:58d8b8bb-cfc7-423c-ba1f-09160eea4c71@group-0252A98196AF-SegmentedRaftLog:OPENED:c-1, conf=-1: peers:[edb0f50d-ef97-4088-a20b-1c61b9a9d6ec|rpc:10.1.0.11:41147|dataStream:|priority:0|startupRole:FOLLOWER, 58d8b8bb-cfc7-423c-ba1f-09160eea4c71|rpc:10.1.0.11:37145|dataStream:|priority:1|startupRole:FOLLOWER, 57b0e5c4-d4d8-463c-8999-53af98295cd0|rpc:10.1.0.11:39941|dataStream:|priority:0|startupRole:FOLLOWER]|listeners:[], old=null
2022-10-30 01:06:44,371 [grpc-default-executor-5] INFO  server.RaftServer$Division (RaftServerImpl.java:requestVote(1218)) - 57b0e5c4-d4d8-463c-8999-53af98295cd0@group-0252A98196AF: receive requestVote(ELECTION, edb0f50d-ef97-4088-a20b-1c61b9a9d6ec, group-0252A98196AF, 2, (t:0, i:0))
2022-10-30 01:06:44,372 [grpc-default-executor-5] INFO  impl.VoteContext (VoteContext.java:log(48)) - 57b0e5c4-d4d8-463c-8999-53af98295cd0@group-0252A98196AF-FOLLOWER: accept ELECTION from edb0f50d-ef97-4088-a20b-1c61b9a9d6ec: our priority 0 <= candidate's priority 0
2022-10-30 01:06:44,372 [grpc-default-executor-5] INFO  server.RaftServer$Division (RaftServerImpl.java:setRole(321)) - 57b0e5c4-d4d8-463c-8999-53af98295cd0@group-0252A98196AF: changes role from  FOLLOWER to FOLLOWER at term 2 for candidate:edb0f50d-ef97-4088-a20b-1c61b9a9d6ec
2022-10-30 01:06:44,372 [grpc-default-executor-5] INFO  impl.RoleInfo (RoleInfo.java:shutdownFollowerState(110)) - 57b0e5c4-d4d8-463c-8999-53af98295cd0: shutdown 57b0e5c4-d4d8-463c-8999-53af98295cd0@group-0252A98196AF-FollowerState
2022-10-30 01:06:44,372 [grpc-default-executor-5] INFO  impl.RoleInfo (RoleInfo.java:updateAndGet(139)) - 57b0e5c4-d4d8-463c-8999-53af98295cd0: start 57b0e5c4-d4d8-463c-8999-53af98295cd0@group-0252A98196AF-FollowerState
2022-10-30 01:06:44,372 [edb0f50d-ef97-4088-a20b-1c61b9a9d6ec@group-0252A98196AF-LeaderElection20] INFO  impl.LeaderElection (LeaderElection.java:logAndReturn(90)) - edb0f50d-ef97-4088-a20b-1c61b9a9d6ec@group-0252A98196AF-LeaderElection20: ELECTION REJECTED received 1 response(s) and 0 exception(s):
2022-10-30 01:06:44,372 [57b0e5c4-d4d8-463c-8999-53af98295cd0@group-0252A98196AF-FollowerState] INFO  impl.FollowerState (FollowerState.java:run(152)) - 57b0e5c4-d4d8-463c-8999-53af98295cd0@group-0252A98196AF-FollowerState was interrupted
2022-10-30 01:06:44,372 [edb0f50d-ef97-4088-a20b-1c61b9a9d6ec@group-0252A98196AF-LeaderElection20] INFO  impl.LeaderElection (LeaderElection.java:logAndReturn(94)) -   Response 0: edb0f50d-ef97-4088-a20b-1c61b9a9d6ec<-58d8b8bb-cfc7-423c-ba1f-09160eea4c71#0:FAIL-t2
2022-10-30 01:06:44,372 [edb0f50d-ef97-4088-a20b-1c61b9a9d6ec@group-0252A98196AF-LeaderElection20] INFO  impl.LeaderElection (LeaderElection.java:askForVotes(314)) - edb0f50d-ef97-4088-a20b-1c61b9a9d6ec@group-0252A98196AF-LeaderElection20 ELECTION round 0: result REJECTED
2022-10-30 01:06:44,372 [edb0f50d-ef97-4088-a20b-1c61b9a9d6ec@group-0252A98196AF-LeaderElection20] INFO  server.RaftServer$Division (RaftServerImpl.java:setRole(321)) - edb0f50d-ef97-4088-a20b-1c61b9a9d6ec@group-0252A98196AF: changes role from CANDIDATE to FOLLOWER at term 2 for REJECTED
2022-10-30 01:06:44,372 [edb0f50d-ef97-4088-a20b-1c61b9a9d6ec@group-0252A98196AF-LeaderElection20] INFO  impl.RoleInfo (RoleInfo.java:shutdownLeaderElection(130)) - edb0f50d-ef97-4088-a20b-1c61b9a9d6ec: shutdown edb0f50d-ef97-4088-a20b-1c61b9a9d6ec@group-0252A98196AF-LeaderElection20
2022-10-30 01:06:44,372 [edb0f50d-ef97-4088-a20b-1c61b9a9d6ec@group-0252A98196AF-LeaderElection20] INFO  impl.RoleInfo (RoleInfo.java:updateAndGet(139)) - edb0f50d-ef97-4088-a20b-1c61b9a9d6ec: start edb0f50d-ef97-4088-a20b-1c61b9a9d6ec@group-0252A98196AF-FollowerState
2022-10-30 01:06:44,372 [57b0e5c4-d4d8-463c-8999-53af98295cd0@group-0252A98196AF-FollowerState] INFO  server.RaftServerConfigKeys (ConfUtils.java:logFallback(53)) - raft.server.rpc.first-election.timeout.min = 5s (fallback to raft.server.rpc.timeout.min)
2022-10-30 01:06:44,372 [57b0e5c4-d4d8-463c-8999-53af98295cd0@group-0252A98196AF-FollowerState] INFO  server.RaftServerConfigKeys (ConfUtils.java:logFallback(53)) - raft.server.rpc.first-election.timeout.max = 5200ms (fallback to raft.server.rpc.timeout.max)
2022-10-30 01:06:44,373 [grpc-default-executor-5] INFO  server.RaftServer$Division (RaftServerImpl.java:requestVote(1251)) - 57b0e5c4-d4d8-463c-8999-53af98295cd0@group-0252A98196AF replies to ELECTION vote request: edb0f50d-ef97-4088-a20b-1c61b9a9d6ec<-57b0e5c4-d4d8-463c-8999-53af98295cd0#0:OK-t2. Peer's state: 57b0e5c4-d4d8-463c-8999-53af98295cd0@group-0252A98196AF:t2, leader=null, voted=edb0f50d-ef97-4088-a20b-1c61b9a9d6ec, raftlog=Memoized:57b0e5c4-d4d8-463c-8999-53af98295cd0@group-0252A98196AF-SegmentedRaftLog:OPENED:c-1, conf=-1: peers:[edb0f50d-ef97-4088-a20b-1c61b9a9d6ec|rpc:10.1.0.11:41147|dataStream:|priority:0|startupRole:FOLLOWER, 58d8b8bb-cfc7-423c-ba1f-09160eea4c71|rpc:10.1.0.11:37145|dataStream:|priority:1|startupRole:FOLLOWER, 57b0e5c4-d4d8-463c-8999-53af98295cd0|rpc:10.1.0.11:39941|dataStream:|priority:0|startupRole:FOLLOWER]|listeners:[], old=null
2022-10-30 01:06:44,378 [edb0f50d-ef97-4088-a20b-1c61b9a9d6ec@group-0252A98196AF-FollowerState] INFO  server.RaftServerConfigKeys (ConfUtils.java:logFallback(53)) - raft.server.rpc.first-election.timeout.min = 5s (fallback to raft.server.rpc.timeout.min)
2022-10-30 01:06:44,378 [edb0f50d-ef97-4088-a20b-1c61b9a9d6ec@group-0252A98196AF-FollowerState] INFO  server.RaftServerConfigKeys (ConfUtils.java:logFallback(53)) - raft.server.rpc.first-election.timeout.max = 5200ms (fallback to raft.server.rpc.timeout.max)
2022-10-30 01:06:45,211 [96632972-14e0-44d5-b3f2-8f1b1022e85f@group-93EB23A6C8F4-FollowerState] INFO  impl.FollowerState (FollowerState.java:run(143)) - 96632972-14e0-44d5-b3f2-8f1b1022e85f@group-93EB23A6C8F4-FollowerState: change to CANDIDATE, lastRpcElapsedTime:5028006075ns, electionTimeout:5027ms
2022-10-30 01:06:45,211 [96632972-14e0-44d5-b3f2-8f1b1022e85f@group-93EB23A6C8F4-FollowerState] INFO  impl.RoleInfo (RoleInfo.java:shutdownFollowerState(110)) - 96632972-14e0-44d5-b3f2-8f1b1022e85f: shutdown 96632972-14e0-44d5-b3f2-8f1b1022e85f@group-93EB23A6C8F4-FollowerState
2022-10-30 01:06:45,211 [96632972-14e0-44d5-b3f2-8f1b1022e85f@group-93EB23A6C8F4-FollowerState] INFO  server.RaftServer$Division (RaftServerImpl.java:setRole(321)) - 96632972-14e0-44d5-b3f2-8f1b1022e85f@group-93EB23A6C8F4: changes role from  FOLLOWER to CANDIDATE at term 1 for changeToCandidate
2022-10-30 01:06:45,211 [96632972-14e0-44d5-b3f2-8f1b1022e85f@group-93EB23A6C8F4-FollowerState] INFO  server.RaftServerConfigKeys (ConfUtils.java:logGet(46)) - raft.server.leaderelection.pre-vote = false (custom)
2022-10-30 01:06:45,211 [96632972-14e0-44d5-b3f2-8f1b1022e85f@group-93EB23A6C8F4-FollowerState] INFO  impl.RoleInfo (RoleInfo.java:updateAndGet(139)) - 96632972-14e0-44d5-b3f2-8f1b1022e85f: start 96632972-14e0-44d5-b3f2-8f1b1022e85f@group-93EB23A6C8F4-LeaderElection21
2022-10-30 01:06:45,214 [96632972-14e0-44d5-b3f2-8f1b1022e85f@group-93EB23A6C8F4-LeaderElection21] INFO  impl.LeaderElection (LeaderElection.java:askForVotes(312)) - 96632972-14e0-44d5-b3f2-8f1b1022e85f@group-93EB23A6C8F4-LeaderElection21 ELECTION round 0: submit vote requests at term 2 for -1: peers:[96632972-14e0-44d5-b3f2-8f1b1022e85f|rpc:10.1.0.11:41713|dataStream:|priority:1|startupRole:FOLLOWER, 42907c57-00bf-47e8-816a-b6f44f3b50df|rpc:10.1.0.11:43117|dataStream:|priority:0|startupRole:FOLLOWER, 758ec025-fe09-4bac-8062-a2014e5c8846|rpc:10.1.0.11:46773|dataStream:|priority:0|startupRole:FOLLOWER]|listeners:[], old=null
2022-10-30 01:06:45,215 [96632972-14e0-44d5-b3f2-8f1b1022e85f@group-93EB23A6C8F4-LeaderElection21] INFO  server.RaftServerConfigKeys (ConfUtils.java:logFallback(53)) - raft.server.rpc.first-election.timeout.min = 5s (fallback to raft.server.rpc.timeout.min)
2022-10-30 01:06:45,215 [96632972-14e0-44d5-b3f2-8f1b1022e85f@group-93EB23A6C8F4-LeaderElection21] INFO  server.RaftServerConfigKeys (ConfUtils.java:logFallback(53)) - raft.server.rpc.first-election.timeout.max = 5200ms (fallback to raft.server.rpc.timeout.max)
2022-10-30 01:06:45,217 [grpc-default-executor-5] INFO  server.RaftServer$Division (RaftServerImpl.java:requestVote(1218)) - 42907c57-00bf-47e8-816a-b6f44f3b50df@group-93EB23A6C8F4: receive requestVote(ELECTION, 96632972-14e0-44d5-b3f2-8f1b1022e85f, group-93EB23A6C8F4, 2, (t:0, i:0))
2022-10-30 01:06:45,217 [grpc-default-executor-5] INFO  impl.VoteContext (VoteContext.java:log(48)) - 42907c57-00bf-47e8-816a-b6f44f3b50df@group-93EB23A6C8F4-FOLLOWER: accept ELECTION from 96632972-14e0-44d5-b3f2-8f1b1022e85f: our priority 0 <= candidate's priority 1
2022-10-30 01:06:45,217 [grpc-default-executor-5] INFO  server.RaftServer$Division (RaftServerImpl.java:setRole(321)) - 42907c57-00bf-47e8-816a-b6f44f3b50df@group-93EB23A6C8F4: changes role from  FOLLOWER to FOLLOWER at term 2 for candidate:96632972-14e0-44d5-b3f2-8f1b1022e85f
2022-10-30 01:06:45,217 [grpc-default-executor-5] INFO  impl.RoleInfo (RoleInfo.java:shutdownFollowerState(110)) - 42907c57-00bf-47e8-816a-b6f44f3b50df: shutdown 42907c57-00bf-47e8-816a-b6f44f3b50df@group-93EB23A6C8F4-FollowerState
2022-10-30 01:06:45,218 [grpc-default-executor-5] INFO  impl.RoleInfo (RoleInfo.java:updateAndGet(139)) - 42907c57-00bf-47e8-816a-b6f44f3b50df: start 42907c57-00bf-47e8-816a-b6f44f3b50df@group-93EB23A6C8F4-FollowerState
2022-10-30 01:06:45,218 [42907c57-00bf-47e8-816a-b6f44f3b50df@group-93EB23A6C8F4-FollowerState] INFO  impl.FollowerState (FollowerState.java:run(152)) - 42907c57-00bf-47e8-816a-b6f44f3b50df@group-93EB23A6C8F4-FollowerState was interrupted
2022-10-30 01:06:45,228 [42907c57-00bf-47e8-816a-b6f44f3b50df@group-93EB23A6C8F4-FollowerState] INFO  server.RaftServerConfigKeys (ConfUtils.java:logFallback(53)) - raft.server.rpc.first-election.timeout.min = 5s (fallback to raft.server.rpc.timeout.min)
2022-10-30 01:06:45,228 [42907c57-00bf-47e8-816a-b6f44f3b50df@group-93EB23A6C8F4-FollowerState] INFO  server.RaftServerConfigKeys (ConfUtils.java:logFallback(53)) - raft.server.rpc.first-election.timeout.max = 5200ms (fallback to raft.server.rpc.timeout.max)
2022-10-30 01:06:45,229 [grpc-default-executor-5] INFO  server.RaftServer$Division (RaftServerImpl.java:requestVote(1251)) - 42907c57-00bf-47e8-816a-b6f44f3b50df@group-93EB23A6C8F4 replies to ELECTION vote request: 96632972-14e0-44d5-b3f2-8f1b1022e85f<-42907c57-00bf-47e8-816a-b6f44f3b50df#0:OK-t2. Peer's state: 42907c57-00bf-47e8-816a-b6f44f3b50df@group-93EB23A6C8F4:t2, leader=null, voted=96632972-14e0-44d5-b3f2-8f1b1022e85f, raftlog=Memoized:42907c57-00bf-47e8-816a-b6f44f3b50df@group-93EB23A6C8F4-SegmentedRaftLog:OPENED:c-1, conf=-1: peers:[96632972-14e0-44d5-b3f2-8f1b1022e85f|rpc:10.1.0.11:41713|dataStream:|priority:1|startupRole:FOLLOWER, 42907c57-00bf-47e8-816a-b6f44f3b50df|rpc:10.1.0.11:43117|dataStream:|priority:0|startupRole:FOLLOWER, 758ec025-fe09-4bac-8062-a2014e5c8846|rpc:10.1.0.11:46773|dataStream:|priority:0|startupRole:FOLLOWER]|listeners:[], old=null
2022-10-30 01:06:45,233 [96632972-14e0-44d5-b3f2-8f1b1022e85f@group-93EB23A6C8F4-LeaderElection21] INFO  impl.LeaderElection (LogUtils.java:infoOrTrace(137)) - 96632972-14e0-44d5-b3f2-8f1b1022e85f@group-93EB23A6C8F4-LeaderElection21 got exception when requesting votes: java.util.concurrent.ExecutionException: org.apache.ratis.thirdparty.io.grpc.StatusRuntimeException: UNAVAILABLE: io exception
2022-10-30 01:06:45,234 [96632972-14e0-44d5-b3f2-8f1b1022e85f@group-93EB23A6C8F4-LeaderElection21] INFO  impl.LeaderElection (LeaderElection.java:logAndReturn(90)) - 96632972-14e0-44d5-b3f2-8f1b1022e85f@group-93EB23A6C8F4-LeaderElection21: ELECTION PASSED received 1 response(s) and 1 exception(s):
2022-10-30 01:06:45,234 [96632972-14e0-44d5-b3f2-8f1b1022e85f@group-93EB23A6C8F4-LeaderElection21] INFO  impl.LeaderElection (LeaderElection.java:logAndReturn(94)) -   Response 0: 96632972-14e0-44d5-b3f2-8f1b1022e85f<-42907c57-00bf-47e8-816a-b6f44f3b50df#0:OK-t2
2022-10-30 01:06:45,234 [96632972-14e0-44d5-b3f2-8f1b1022e85f@group-93EB23A6C8F4-LeaderElection21] INFO  impl.LeaderElection (LogUtils.java:infoOrTrace(137)) -   Exception 1: java.util.concurrent.ExecutionException: org.apache.ratis.thirdparty.io.grpc.StatusRuntimeException: UNAVAILABLE: io exception
2022-10-30 01:06:45,235 [96632972-14e0-44d5-b3f2-8f1b1022e85f@group-93EB23A6C8F4-LeaderElection21] INFO  impl.LeaderElection (LeaderElection.java:askForVotes(314)) - 96632972-14e0-44d5-b3f2-8f1b1022e85f@group-93EB23A6C8F4-LeaderElection21 ELECTION round 0: result PASSED
2022-10-30 01:06:45,235 [96632972-14e0-44d5-b3f2-8f1b1022e85f@group-93EB23A6C8F4-LeaderElection21] INFO  impl.RoleInfo (RoleInfo.java:shutdownLeaderElection(130)) - 96632972-14e0-44d5-b3f2-8f1b1022e85f: shutdown 96632972-14e0-44d5-b3f2-8f1b1022e85f@group-93EB23A6C8F4-LeaderElection21
2022-10-30 01:06:45,235 [96632972-14e0-44d5-b3f2-8f1b1022e85f@group-93EB23A6C8F4-LeaderElection21] INFO  server.RaftServer$Division (RaftServerImpl.java:setRole(321)) - 96632972-14e0-44d5-b3f2-8f1b1022e85f@group-93EB23A6C8F4: changes role from CANDIDATE to LEADER at term 2 for changeToLeader
2022-10-30 01:06:45,235 [96632972-14e0-44d5-b3f2-8f1b1022e85f@group-93EB23A6C8F4-LeaderElection21] INFO  ratis.XceiverServerRatis (XceiverServerRatis.java:handleLeaderChangedNotification(863)) - Leader change notification received for group: group-93EB23A6C8F4 with new leaderId: 96632972-14e0-44d5-b3f2-8f1b1022e85f
2022-10-30 01:06:45,235 [96632972-14e0-44d5-b3f2-8f1b1022e85f@group-93EB23A6C8F4-LeaderElection21] INFO  server.RaftServer$Division (ServerState.java:setLeader(313)) - 96632972-14e0-44d5-b3f2-8f1b1022e85f@group-93EB23A6C8F4: change Leader from null to 96632972-14e0-44d5-b3f2-8f1b1022e85f at term 2 for becomeLeader, leader elected after 10049ms
2022-10-30 01:06:45,235 [96632972-14e0-44d5-b3f2-8f1b1022e85f@group-93EB23A6C8F4-LeaderElection21] INFO  server.RaftServerConfigKeys (ConfUtils.java:logGet(46)) - raft.server.staging.catchup.gap = 1000 (default)
2022-10-30 01:06:45,235 [96632972-14e0-44d5-b3f2-8f1b1022e85f@group-93EB23A6C8F4-LeaderElection21] INFO  server.RaftServerConfigKeys (ConfUtils.java:logGet(46)) - raft.server.write.element-limit = 1024 (custom)
2022-10-30 01:06:45,235 [96632972-14e0-44d5-b3f2-8f1b1022e85f@group-93EB23A6C8F4-LeaderElection21] INFO  server.RaftServerConfigKeys (ConfUtils.java:logGet(46)) - raft.server.write.byte-limit = 1024 M (=1073741824) (custom)
2022-10-30 01:06:45,235 [96632972-14e0-44d5-b3f2-8f1b1022e85f@group-93EB23A6C8F4-LeaderElection21] INFO  server.RaftServerConfigKeys (ConfUtils.java:logGet(46)) - raft.server.watch.timeout = 180s (custom)
2022-10-30 01:06:45,235 [96632972-14e0-44d5-b3f2-8f1b1022e85f@group-93EB23A6C8F4-LeaderElection21] INFO  server.RaftServerConfigKeys (ConfUtils.java:logGet(46)) - raft.server.watch.timeout.denomination = 1s (default)
2022-10-30 01:06:45,235 [96632972-14e0-44d5-b3f2-8f1b1022e85f@group-93EB23A6C8F4-LeaderElection21] INFO  server.RaftServerConfigKeys (ConfUtils.java:logGet(46)) - raft.server.watch.element-limit = 65536 (default)
2022-10-30 01:06:45,236 [96632972-14e0-44d5-b3f2-8f1b1022e85f@group-93EB23A6C8F4-LeaderElection21] INFO  server.RaftServerConfigKeys (ConfUtils.java:logGet(46)) - raft.server.write.element-limit = 1024 (custom)
2022-10-30 01:06:45,236 [96632972-14e0-44d5-b3f2-8f1b1022e85f@group-93EB23A6C8F4-LeaderElection21] INFO  server.RaftServerConfigKeys (ConfUtils.java:logGet(46)) - raft.server.write.follower.gap.ratio.max = -1.0 (default)
2022-10-30 01:06:45,237 [96632972-14e0-44d5-b3f2-8f1b1022e85f@group-93EB23A6C8F4-LeaderElection21] INFO  server.RaftServerConfigKeys (ConfUtils.java:logGet(46)) - raft.server.log.appender.snapshot.chunk.size.max = 16MB (=16777216) (default)
2022-10-30 01:06:45,237 [96632972-14e0-44d5-b3f2-8f1b1022e85f@group-93EB23A6C8F4-LeaderElection21] INFO  server.RaftServerConfigKeys (ConfUtils.java:logGet(46)) - raft.server.log.appender.buffer.byte-limit = 33554432 (custom)
2022-10-30 01:06:45,237 [96632972-14e0-44d5-b3f2-8f1b1022e85f@group-93EB23A6C8F4-LeaderElection21] INFO  server.RaftServerConfigKeys (ConfUtils.java:logGet(46)) - raft.server.log.appender.buffer.element-limit = 1 (custom)
2022-10-30 01:06:45,237 [96632972-14e0-44d5-b3f2-8f1b1022e85f@group-93EB23A6C8F4-LeaderElection21] INFO  grpc.GrpcConfigKeys (ConfUtils.java:logGet(46)) - raft.grpc.server.leader.outstanding.appends.max = 128 (default)
2022-10-30 01:06:45,238 [96632972-14e0-44d5-b3f2-8f1b1022e85f@group-93EB23A6C8F4-LeaderElection21] INFO  server.RaftServerConfigKeys (ConfUtils.java:logGet(46)) - raft.server.rpc.request.timeout = 60s (custom)
2022-10-30 01:06:45,238 [96632972-14e0-44d5-b3f2-8f1b1022e85f@group-93EB23A6C8F4-LeaderElection21] INFO  server.RaftServerConfigKeys (ConfUtils.java:logGet(46)) - raft.server.log.appender.install.snapshot.enabled = false (custom)
2022-10-30 01:06:45,238 [96632972-14e0-44d5-b3f2-8f1b1022e85f@group-93EB23A6C8F4-LeaderElection21] INFO  grpc.GrpcConfigKeys (ConfUtils.java:logGet(46)) - raft.grpc.server.heartbeat.channel = true (default)
2022-10-30 01:06:45,238 [96632972-14e0-44d5-b3f2-8f1b1022e85f@group-93EB23A6C8F4-LeaderElection21] INFO  server.RaftServerConfigKeys (ConfUtils.java:logGet(46)) - raft.server.log.appender.wait-time.min = 10ms (default)
2022-10-30 01:06:45,239 [96632972-14e0-44d5-b3f2-8f1b1022e85f@group-93EB23A6C8F4-LeaderElection21] INFO  server.RaftServerConfigKeys (ConfUtils.java:logGet(46)) - raft.server.log.appender.snapshot.chunk.size.max = 16MB (=16777216) (default)
2022-10-30 01:06:45,239 [96632972-14e0-44d5-b3f2-8f1b1022e85f@group-93EB23A6C8F4-LeaderElection21] INFO  server.RaftServerConfigKeys (ConfUtils.java:logGet(46)) - raft.server.log.appender.buffer.byte-limit = 33554432 (custom)
2022-10-30 01:06:45,239 [96632972-14e0-44d5-b3f2-8f1b1022e85f@group-93EB23A6C8F4-LeaderElection21] INFO  server.RaftServerConfigKeys (ConfUtils.java:logGet(46)) - raft.server.log.appender.buffer.element-limit = 1 (custom)
2022-10-30 01:06:45,239 [96632972-14e0-44d5-b3f2-8f1b1022e85f@group-93EB23A6C8F4-LeaderElection21] INFO  grpc.GrpcConfigKeys (ConfUtils.java:logGet(46)) - raft.grpc.server.leader.outstanding.appends.max = 128 (default)
2022-10-30 01:06:45,239 [96632972-14e0-44d5-b3f2-8f1b1022e85f@group-93EB23A6C8F4-LeaderElection21] INFO  server.RaftServerConfigKeys (ConfUtils.java:logGet(46)) - raft.server.rpc.request.timeout = 60s (custom)
2022-10-30 01:06:45,239 [96632972-14e0-44d5-b3f2-8f1b1022e85f@group-93EB23A6C8F4-LeaderElection21] INFO  server.RaftServerConfigKeys (ConfUtils.java:logGet(46)) - raft.server.log.appender.install.snapshot.enabled = false (custom)
2022-10-30 01:06:45,239 [96632972-14e0-44d5-b3f2-8f1b1022e85f@group-93EB23A6C8F4-LeaderElection21] INFO  grpc.GrpcConfigKeys (ConfUtils.java:logGet(46)) - raft.grpc.server.heartbeat.channel = true (default)
2022-10-30 01:06:45,239 [96632972-14e0-44d5-b3f2-8f1b1022e85f@group-93EB23A6C8F4-LeaderElection21] INFO  server.RaftServerConfigKeys (ConfUtils.java:logGet(46)) - raft.server.log.appender.wait-time.min = 10ms (default)
2022-10-30 01:06:45,240 [96632972-14e0-44d5-b3f2-8f1b1022e85f@group-93EB23A6C8F4-LeaderElection21] INFO  impl.RoleInfo (RoleInfo.java:updateAndGet(139)) - 96632972-14e0-44d5-b3f2-8f1b1022e85f: start 96632972-14e0-44d5-b3f2-8f1b1022e85f@group-93EB23A6C8F4-LeaderStateImpl
2022-10-30 01:06:45,240 [96632972-14e0-44d5-b3f2-8f1b1022e85f@group-93EB23A6C8F4-LeaderElection21] INFO  segmented.SegmentedRaftLogWorker (SegmentedRaftLogWorker.java:startLogSegment(452)) - 96632972-14e0-44d5-b3f2-8f1b1022e85f@group-93EB23A6C8F4-SegmentedRaftLogWorker: Starting segment from index:0
2022-10-30 01:06:45,241 [96632972-14e0-44d5-b3f2-8f1b1022e85f@group-93EB23A6C8F4-SegmentedRaftLogWorker] INFO  segmented.SegmentedRaftLogWorker (SegmentedRaftLogWorker.java:execute(656)) - 96632972-14e0-44d5-b3f2-8f1b1022e85f@group-93EB23A6C8F4-SegmentedRaftLogWorker: created new log segment /home/runner/work/ozone/ozone/hadoop-ozone/integration-test/target/test-dir/MiniOzoneClusterImpl-d77d6c10-3d51-4ae5-b04b-b5f3d2f20a3f/datanode-8/data/ratis/3132103f-68a2-45c8-9404-93eb23a6c8f4/current/log_inprogress_0
2022-10-30 01:06:45,246 [96632972-14e0-44d5-b3f2-8f1b1022e85f@group-93EB23A6C8F4-LeaderElection21] INFO  server.RaftServer$Division (ServerState.java:setRaftConf(430)) - 96632972-14e0-44d5-b3f2-8f1b1022e85f@group-93EB23A6C8F4: set configuration 0: peers:[96632972-14e0-44d5-b3f2-8f1b1022e85f|rpc:10.1.0.11:41713|dataStream:|priority:1|startupRole:FOLLOWER, 42907c57-00bf-47e8-816a-b6f44f3b50df|rpc:10.1.0.11:43117|dataStream:|priority:0|startupRole:FOLLOWER, 758ec025-fe09-4bac-8062-a2014e5c8846|rpc:10.1.0.11:46773|dataStream:|priority:0|startupRole:FOLLOWER]|listeners:[], old=null
2022-10-30 01:06:45,255 [42907c57-00bf-47e8-816a-b6f44f3b50df-server-thread1] INFO  ratis.XceiverServerRatis (XceiverServerRatis.java:handleLeaderChangedNotification(863)) - Leader change notification received for group: group-93EB23A6C8F4 with new leaderId: 96632972-14e0-44d5-b3f2-8f1b1022e85f
2022-10-30 01:06:45,255 [42907c57-00bf-47e8-816a-b6f44f3b50df-server-thread1] INFO  server.RaftServer$Division (ServerState.java:setLeader(313)) - 42907c57-00bf-47e8-816a-b6f44f3b50df@group-93EB23A6C8F4: change Leader from null to 96632972-14e0-44d5-b3f2-8f1b1022e85f at term 2 for appendEntries, leader elected after 10109ms
2022-10-30 01:06:45,258 [grpc-default-executor-0] WARN  server.GrpcLogAppender (LogUtils.java:warn(122)) - 96632972-14e0-44d5-b3f2-8f1b1022e85f@group-93EB23A6C8F4->758ec025-fe09-4bac-8062-a2014e5c8846-AppendLogResponseHandler: Failed appendEntries: org.apache.ratis.thirdparty.io.grpc.StatusRuntimeException: UNAVAILABLE: io exception
2022-10-30 01:06:45,261 [42907c57-00bf-47e8-816a-b6f44f3b50df-server-thread2] INFO  server.RaftServer$Division (ServerState.java:setRaftConf(430)) - 42907c57-00bf-47e8-816a-b6f44f3b50df@group-93EB23A6C8F4: set configuration 0: peers:[96632972-14e0-44d5-b3f2-8f1b1022e85f|rpc:10.1.0.11:41713|dataStream:|priority:1|startupRole:FOLLOWER, 42907c57-00bf-47e8-816a-b6f44f3b50df|rpc:10.1.0.11:43117|dataStream:|priority:0|startupRole:FOLLOWER, 758ec025-fe09-4bac-8062-a2014e5c8846|rpc:10.1.0.11:46773|dataStream:|priority:0|startupRole:FOLLOWER]|listeners:[], old=null
2022-10-30 01:06:45,261 [42907c57-00bf-47e8-816a-b6f44f3b50df-server-thread2] INFO  segmented.SegmentedRaftLogWorker (SegmentedRaftLogWorker.java:startLogSegment(452)) - 42907c57-00bf-47e8-816a-b6f44f3b50df@group-93EB23A6C8F4-SegmentedRaftLogWorker: Starting segment from index:0
2022-10-30 01:06:45,263 [grpc-default-executor-4] WARN  server.GrpcLogAppender (LogUtils.java:warn(122)) - 96632972-14e0-44d5-b3f2-8f1b1022e85f@group-93EB23A6C8F4->758ec025-fe09-4bac-8062-a2014e5c8846-AppendLogResponseHandler: Failed appendEntries: org.apache.ratis.thirdparty.io.grpc.StatusRuntimeException: UNAVAILABLE: io exception
2022-10-30 01:06:45,266 [grpc-default-executor-0] WARN  server.GrpcLogAppender (GrpcLogAppender.java:resetClient(131)) - 96632972-14e0-44d5-b3f2-8f1b1022e85f@group-93EB23A6C8F4->758ec025-fe09-4bac-8062-a2014e5c8846-GrpcLogAppender: Leader has not got in touch with Follower 96632972-14e0-44d5-b3f2-8f1b1022e85f@group-93EB23A6C8F4->758ec025-fe09-4bac-8062-a2014e5c8846(c-1,m0,n0, attendVote=true, lastRpcSendTime=7, lastRpcResponseTime=5230) yet, just keep nextIndex unchanged and retry.
2022-10-30 01:06:45,267 [grpc-default-executor-4] WARN  server.GrpcLogAppender (GrpcLogAppender.java:resetClient(131)) - 96632972-14e0-44d5-b3f2-8f1b1022e85f@group-93EB23A6C8F4->758ec025-fe09-4bac-8062-a2014e5c8846-GrpcLogAppender: Leader has not got in touch with Follower 96632972-14e0-44d5-b3f2-8f1b1022e85f@group-93EB23A6C8F4->758ec025-fe09-4bac-8062-a2014e5c8846(c-1,m0,n0, attendVote=true, lastRpcSendTime=8, lastRpcResponseTime=5231) yet, just keep nextIndex unchanged and retry.
2022-10-30 01:06:45,269 [grpc-default-executor-4] WARN  server.GrpcLogAppender (LogUtils.java:warn(122)) - 96632972-14e0-44d5-b3f2-8f1b1022e85f@group-93EB23A6C8F4->758ec025-fe09-4bac-8062-a2014e5c8846-AppendLogResponseHandler: Failed appendEntries: org.apache.ratis.thirdparty.io.grpc.StatusRuntimeException: UNAVAILABLE: io exception
2022-10-30 01:06:45,269 [grpc-default-executor-0] WARN  server.GrpcLogAppender (LogUtils.java:warn(122)) - 96632972-14e0-44d5-b3f2-8f1b1022e85f@group-93EB23A6C8F4->758ec025-fe09-4bac-8062-a2014e5c8846-AppendLogResponseHandler: Failed appendEntries: org.apache.ratis.thirdparty.io.grpc.StatusRuntimeException: UNAVAILABLE: io exception
2022-10-30 01:06:45,270 [42907c57-00bf-47e8-816a-b6f44f3b50df@group-93EB23A6C8F4-SegmentedRaftLogWorker] INFO  segmented.SegmentedRaftLogWorker (SegmentedRaftLogWorker.java:execute(656)) - 42907c57-00bf-47e8-816a-b6f44f3b50df@group-93EB23A6C8F4-SegmentedRaftLogWorker: created new log segment /home/runner/work/ozone/ozone/hadoop-ozone/integration-test/target/test-dir/MiniOzoneClusterImpl-d77d6c10-3d51-4ae5-b04b-b5f3d2f20a3f/datanode-7/data/ratis/3132103f-68a2-45c8-9404-93eb23a6c8f4/current/log_inprogress_0
2022-10-30 01:06:45,270 [grpc-default-executor-4] WARN  server.GrpcLogAppender (GrpcLogAppender.java:resetClient(131)) - 96632972-14e0-44d5-b3f2-8f1b1022e85f@group-93EB23A6C8F4->758ec025-fe09-4bac-8062-a2014e5c8846-GrpcLogAppender: Leader has not got in touch with Follower 96632972-14e0-44d5-b3f2-8f1b1022e85f@group-93EB23A6C8F4->758ec025-fe09-4bac-8062-a2014e5c8846(c-1,m0,n1, attendVote=true, lastRpcSendTime=11, lastRpcResponseTime=5234) yet, just keep nextIndex unchanged and retry.
2022-10-30 01:06:45,271 [grpc-default-executor-0] WARN  server.GrpcLogAppender (GrpcLogAppender.java:resetClient(131)) - 96632972-14e0-44d5-b3f2-8f1b1022e85f@group-93EB23A6C8F4->758ec025-fe09-4bac-8062-a2014e5c8846-GrpcLogAppender: Leader has not got in touch with Follower 96632972-14e0-44d5-b3f2-8f1b1022e85f@group-93EB23A6C8F4->758ec025-fe09-4bac-8062-a2014e5c8846(c-1,m0,n1, attendVote=true, lastRpcSendTime=12, lastRpcResponseTime=5235) yet, just keep nextIndex unchanged and retry.
2022-10-30 01:06:45,348 [42907c57-00bf-47e8-816a-b6f44f3b50df@group-63C8A9F83E46-FollowerState] INFO  impl.FollowerState (FollowerState.java:run(143)) - 42907c57-00bf-47e8-816a-b6f44f3b50df@group-63C8A9F83E46-FollowerState: change to CANDIDATE, lastRpcElapsedTime:5003741068ns, electionTimeout:5000ms
2022-10-30 01:06:45,348 [42907c57-00bf-47e8-816a-b6f44f3b50df@group-63C8A9F83E46-FollowerState] INFO  impl.RoleInfo (RoleInfo.java:shutdownFollowerState(110)) - 42907c57-00bf-47e8-816a-b6f44f3b50df: shutdown 42907c57-00bf-47e8-816a-b6f44f3b50df@group-63C8A9F83E46-FollowerState
2022-10-30 01:06:45,348 [42907c57-00bf-47e8-816a-b6f44f3b50df@group-63C8A9F83E46-FollowerState] INFO  server.RaftServer$Division (RaftServerImpl.java:setRole(321)) - 42907c57-00bf-47e8-816a-b6f44f3b50df@group-63C8A9F83E46: changes role from  FOLLOWER to CANDIDATE at term 1 for changeToCandidate
2022-10-30 01:06:45,348 [42907c57-00bf-47e8-816a-b6f44f3b50df@group-63C8A9F83E46-FollowerState] INFO  server.RaftServerConfigKeys (ConfUtils.java:logGet(46)) - raft.server.leaderelection.pre-vote = false (custom)
2022-10-30 01:06:45,348 [42907c57-00bf-47e8-816a-b6f44f3b50df@group-63C8A9F83E46-FollowerState] INFO  impl.RoleInfo (RoleInfo.java:updateAndGet(139)) - 42907c57-00bf-47e8-816a-b6f44f3b50df: start 42907c57-00bf-47e8-816a-b6f44f3b50df@group-63C8A9F83E46-LeaderElection22
2022-10-30 01:06:45,380 [42907c57-00bf-47e8-816a-b6f44f3b50df@group-63C8A9F83E46-LeaderElection22] INFO  impl.LeaderElection (LeaderElection.java:askForVotes(312)) - 42907c57-00bf-47e8-816a-b6f44f3b50df@group-63C8A9F83E46-LeaderElection22 ELECTION round 0: submit vote requests at term 2 for -1: peers:[96632972-14e0-44d5-b3f2-8f1b1022e85f|rpc:10.1.0.11:41713|dataStream:|priority:0|startupRole:FOLLOWER, 42907c57-00bf-47e8-816a-b6f44f3b50df|rpc:10.1.0.11:43117|dataStream:|priority:0|startupRole:FOLLOWER, 758ec025-fe09-4bac-8062-a2014e5c8846|rpc:10.1.0.11:46773|dataStream:|priority:1|startupRole:FOLLOWER]|listeners:[], old=null
2022-10-30 01:06:45,381 [42907c57-00bf-47e8-816a-b6f44f3b50df@group-63C8A9F83E46-LeaderElection22-1] INFO  server.GrpcServerProtocolClient (GrpcServerProtocolClient.java:<init>(63)) - Build channel for 96632972-14e0-44d5-b3f2-8f1b1022e85f
2022-10-30 01:06:45,388 [grpc-default-executor-0] INFO  server.RaftServer$Division (RaftServerImpl.java:requestVote(1218)) - 96632972-14e0-44d5-b3f2-8f1b1022e85f@group-63C8A9F83E46: receive requestVote(ELECTION, 42907c57-00bf-47e8-816a-b6f44f3b50df, group-63C8A9F83E46, 2, (t:0, i:0))
2022-10-30 01:06:45,388 [grpc-default-executor-0] INFO  impl.VoteContext (VoteContext.java:log(48)) - 96632972-14e0-44d5-b3f2-8f1b1022e85f@group-63C8A9F83E46-FOLLOWER: accept ELECTION from 42907c57-00bf-47e8-816a-b6f44f3b50df: our priority 0 <= candidate's priority 0
2022-10-30 01:06:45,388 [grpc-default-executor-0] INFO  server.RaftServer$Division (RaftServerImpl.java:setRole(321)) - 96632972-14e0-44d5-b3f2-8f1b1022e85f@group-63C8A9F83E46: changes role from  FOLLOWER to FOLLOWER at term 2 for candidate:42907c57-00bf-47e8-816a-b6f44f3b50df
2022-10-30 01:06:45,388 [grpc-default-executor-0] INFO  impl.RoleInfo (RoleInfo.java:shutdownFollowerState(110)) - 96632972-14e0-44d5-b3f2-8f1b1022e85f: shutdown 96632972-14e0-44d5-b3f2-8f1b1022e85f@group-63C8A9F83E46-FollowerState
2022-10-30 01:06:45,388 [42907c57-00bf-47e8-816a-b6f44f3b50df@group-63C8A9F83E46-LeaderElection22] INFO  server.RaftServerConfigKeys (ConfUtils.java:logFallback(53)) - raft.server.rpc.first-election.timeout.min = 5s (fallback to raft.server.rpc.timeout.min)
2022-10-30 01:06:45,388 [42907c57-00bf-47e8-816a-b6f44f3b50df@group-63C8A9F83E46-LeaderElection22] INFO  server.RaftServerConfigKeys (ConfUtils.java:logFallback(53)) - raft.server.rpc.first-election.timeout.max = 5200ms (fallback to raft.server.rpc.timeout.max)
2022-10-30 01:06:45,389 [grpc-default-executor-0] INFO  impl.RoleInfo (RoleInfo.java:updateAndGet(139)) - 96632972-14e0-44d5-b3f2-8f1b1022e85f: start 96632972-14e0-44d5-b3f2-8f1b1022e85f@group-63C8A9F83E46-FollowerState
2022-10-30 01:06:45,389 [96632972-14e0-44d5-b3f2-8f1b1022e85f@group-63C8A9F83E46-FollowerState] INFO  impl.FollowerState (FollowerState.java:run(152)) - 96632972-14e0-44d5-b3f2-8f1b1022e85f@group-63C8A9F83E46-FollowerState was interrupted
2022-10-30 01:06:45,389 [42907c57-00bf-47e8-816a-b6f44f3b50df@group-63C8A9F83E46-LeaderElection22-2] INFO  server.GrpcServerProtocolClient (GrpcServerProtocolClient.java:<init>(63)) - Build channel for 758ec025-fe09-4bac-8062-a2014e5c8846
2022-10-30 01:06:45,395 [grpc-default-executor-0] INFO  server.RaftServer$Division (RaftServerImpl.java:requestVote(1251)) - 96632972-14e0-44d5-b3f2-8f1b1022e85f@group-63C8A9F83E46 replies to ELECTION vote request: 42907c57-00bf-47e8-816a-b6f44f3b50df<-96632972-14e0-44d5-b3f2-8f1b1022e85f#0:OK-t2. Peer's state: 96632972-14e0-44d5-b3f2-8f1b1022e85f@group-63C8A9F83E46:t2, leader=null, voted=42907c57-00bf-47e8-816a-b6f44f3b50df, raftlog=Memoized:96632972-14e0-44d5-b3f2-8f1b1022e85f@group-63C8A9F83E46-SegmentedRaftLog:OPENED:c-1, conf=-1: peers:[96632972-14e0-44d5-b3f2-8f1b1022e85f|rpc:10.1.0.11:41713|dataStream:|priority:0|startupRole:FOLLOWER, 42907c57-00bf-47e8-816a-b6f44f3b50df|rpc:10.1.0.11:43117|dataStream:|priority:0|startupRole:FOLLOWER, 758ec025-fe09-4bac-8062-a2014e5c8846|rpc:10.1.0.11:46773|dataStream:|priority:1|startupRole:FOLLOWER]|listeners:[], old=null
2022-10-30 01:06:45,397 [96632972-14e0-44d5-b3f2-8f1b1022e85f@group-63C8A9F83E46-FollowerState] INFO  server.RaftServerConfigKeys (ConfUtils.java:logFallback(53)) - raft.server.rpc.first-election.timeout.min = 5s (fallback to raft.server.rpc.timeout.min)
2022-10-30 01:06:45,397 [96632972-14e0-44d5-b3f2-8f1b1022e85f@group-63C8A9F83E46-FollowerState] INFO  server.RaftServerConfigKeys (ConfUtils.java:logFallback(53)) - raft.server.rpc.first-election.timeout.max = 5200ms (fallback to raft.server.rpc.timeout.max)
2022-10-30 01:06:45,400 [42907c57-00bf-47e8-816a-b6f44f3b50df@group-63C8A9F83E46-LeaderElection22] INFO  impl.LeaderElection (LogUtils.java:infoOrTrace(137)) - 42907c57-00bf-47e8-816a-b6f44f3b50df@group-63C8A9F83E46-LeaderElection22 got exception when requesting votes: java.util.concurrent.ExecutionException: org.apache.ratis.thirdparty.io.grpc.StatusRuntimeException: UNAVAILABLE: io exception
2022-10-30 01:06:45,400 [42907c57-00bf-47e8-816a-b6f44f3b50df@group-63C8A9F83E46-LeaderElection22] INFO  impl.LeaderElection (LeaderElection.java:logAndReturn(90)) - 42907c57-00bf-47e8-816a-b6f44f3b50df@group-63C8A9F83E46-LeaderElection22: ELECTION PASSED received 1 response(s) and 1 exception(s):
2022-10-30 01:06:45,400 [42907c57-00bf-47e8-816a-b6f44f3b50df@group-63C8A9F83E46-LeaderElection22] INFO  impl.LeaderElection (LeaderElection.java:logAndReturn(94)) -   Response 0: 42907c57-00bf-47e8-816a-b6f44f3b50df<-96632972-14e0-44d5-b3f2-8f1b1022e85f#0:OK-t2
2022-10-30 01:06:45,400 [42907c57-00bf-47e8-816a-b6f44f3b50df@group-63C8A9F83E46-LeaderElection22] INFO  impl.LeaderElection (LogUtils.java:infoOrTrace(137)) -   Exception 1: java.util.concurrent.ExecutionException: org.apache.ratis.thirdparty.io.grpc.StatusRuntimeException: UNAVAILABLE: io exception
2022-10-30 01:06:45,400 [42907c57-00bf-47e8-816a-b6f44f3b50df@group-63C8A9F83E46-LeaderElection22] INFO  impl.LeaderElection (LeaderElection.java:askForVotes(314)) - 42907c57-00bf-47e8-816a-b6f44f3b50df@group-63C8A9F83E46-LeaderElection22 ELECTION round 0: result PASSED
2022-10-30 01:06:45,400 [42907c57-00bf-47e8-816a-b6f44f3b50df@group-63C8A9F83E46-LeaderElection22] INFO  impl.RoleInfo (RoleInfo.java:shutdownLeaderElection(130)) - 42907c57-00bf-47e8-816a-b6f44f3b50df: shutdown 42907c57-00bf-47e8-816a-b6f44f3b50df@group-63C8A9F83E46-LeaderElection22
2022-10-30 01:06:45,400 [42907c57-00bf-47e8-816a-b6f44f3b50df@group-63C8A9F83E46-LeaderElection22] INFO  server.RaftServer$Division (RaftServerImpl.java:setRole(321)) - 42907c57-00bf-47e8-816a-b6f44f3b50df@group-63C8A9F83E46: changes role from CANDIDATE to LEADER at term 2 for changeToLeader
2022-10-30 01:06:45,400 [42907c57-00bf-47e8-816a-b6f44f3b50df@group-63C8A9F83E46-LeaderElection22] INFO  ratis.XceiverServerRatis (XceiverServerRatis.java:handleLeaderChangedNotification(863)) - Leader change notification received for group: group-63C8A9F83E46 with new leaderId: 42907c57-00bf-47e8-816a-b6f44f3b50df
2022-10-30 01:06:45,400 [42907c57-00bf-47e8-816a-b6f44f3b50df@group-63C8A9F83E46-LeaderElection22] INFO  server.RaftServer$Division (ServerState.java:setLeader(313)) - 42907c57-00bf-47e8-816a-b6f44f3b50df@group-63C8A9F83E46: change Leader from null to 42907c57-00bf-47e8-816a-b6f44f3b50df at term 2 for becomeLeader, leader elected after 10086ms
2022-10-30 01:06:45,400 [42907c57-00bf-47e8-816a-b6f44f3b50df@group-63C8A9F83E46-LeaderElection22] INFO  server.RaftServerConfigKeys (ConfUtils.java:logGet(46)) - raft.server.staging.catchup.gap = 1000 (default)
2022-10-30 01:06:45,400 [42907c57-00bf-47e8-816a-b6f44f3b50df@group-63C8A9F83E46-LeaderElection22] INFO  server.RaftServerConfigKeys (ConfUtils.java:logGet(46)) - raft.server.write.element-limit = 1024 (custom)
2022-10-30 01:06:45,401 [42907c57-00bf-47e8-816a-b6f44f3b50df@group-63C8A9F83E46-LeaderElection22] INFO  server.RaftServerConfigKeys (ConfUtils.java:logGet(46)) - raft.server.write.byte-limit = 1024 M (=1073741824) (custom)
2022-10-30 01:06:45,401 [42907c57-00bf-47e8-816a-b6f44f3b50df@group-63C8A9F83E46-LeaderElection22] INFO  server.RaftServerConfigKeys (ConfUtils.java:logGet(46)) - raft.server.watch.timeout = 180s (custom)
2022-10-30 01:06:45,401 [42907c57-00bf-47e8-816a-b6f44f3b50df@group-63C8A9F83E46-LeaderElection22] INFO  server.RaftServerConfigKeys (ConfUtils.java:logGet(46)) - raft.server.watch.timeout.denomination = 1s (default)
2022-10-30 01:06:45,401 [42907c57-00bf-47e8-816a-b6f44f3b50df@group-63C8A9F83E46-LeaderElection22] INFO  server.RaftServerConfigKeys (ConfUtils.java:logGet(46)) - raft.server.watch.element-limit = 65536 (default)
2022-10-30 01:06:45,401 [42907c57-00bf-47e8-816a-b6f44f3b50df@group-63C8A9F83E46-LeaderElection22] INFO  server.RaftServerConfigKeys (ConfUtils.java:logGet(46)) - raft.server.write.element-limit = 1024 (custom)
2022-10-30 01:06:45,401 [42907c57-00bf-47e8-816a-b6f44f3b50df@group-63C8A9F83E46-LeaderElection22] INFO  server.RaftServerConfigKeys (ConfUtils.java:logGet(46)) - raft.server.write.follower.gap.ratio.max = -1.0 (default)
2022-10-30 01:06:45,402 [42907c57-00bf-47e8-816a-b6f44f3b50df@group-63C8A9F83E46-LeaderElection22] INFO  server.RaftServerConfigKeys (ConfUtils.java:logGet(46)) - raft.server.log.appender.snapshot.chunk.size.max = 16MB (=16777216) (default)
2022-10-30 01:06:45,402 [42907c57-00bf-47e8-816a-b6f44f3b50df@group-63C8A9F83E46-LeaderElection22] INFO  server.RaftServerConfigKeys (ConfUtils.java:logGet(46)) - raft.server.log.appender.buffer.byte-limit = 33554432 (custom)
2022-10-30 01:06:45,402 [42907c57-00bf-47e8-816a-b6f44f3b50df@group-63C8A9F83E46-LeaderElection22] INFO  server.RaftServerConfigKeys (ConfUtils.java:logGet(46)) - raft.server.log.appender.buffer.element-limit = 1 (custom)
2022-10-30 01:06:45,402 [42907c57-00bf-47e8-816a-b6f44f3b50df@group-63C8A9F83E46-LeaderElection22] INFO  grpc.GrpcConfigKeys (ConfUtils.java:logGet(46)) - raft.grpc.server.leader.outstanding.appends.max = 128 (default)
2022-10-30 01:06:45,402 [42907c57-00bf-47e8-816a-b6f44f3b50df@group-63C8A9F83E46-LeaderElection22] INFO  server.RaftServerConfigKeys (ConfUtils.java:logGet(46)) - raft.server.rpc.request.timeout = 60s (custom)
2022-10-30 01:06:45,402 [42907c57-00bf-47e8-816a-b6f44f3b50df@group-63C8A9F83E46-LeaderElection22] INFO  server.RaftServerConfigKeys (ConfUtils.java:logGet(46)) - raft.server.log.appender.install.snapshot.enabled = false (custom)
2022-10-30 01:06:45,402 [42907c57-00bf-47e8-816a-b6f44f3b50df@group-63C8A9F83E46-LeaderElection22] INFO  grpc.GrpcConfigKeys (ConfUtils.java:logGet(46)) - raft.grpc.server.heartbeat.channel = true (default)
2022-10-30 01:06:45,402 [42907c57-00bf-47e8-816a-b6f44f3b50df@group-63C8A9F83E46-LeaderElection22] INFO  server.RaftServerConfigKeys (ConfUtils.java:logGet(46)) - raft.server.log.appender.wait-time.min = 10ms (default)
2022-10-30 01:06:45,403 [42907c57-00bf-47e8-816a-b6f44f3b50df@group-63C8A9F83E46-LeaderElection22] INFO  server.RaftServerConfigKeys (ConfUtils.java:logGet(46)) - raft.server.log.appender.snapshot.chunk.size.max = 16MB (=16777216) (default)
2022-10-30 01:06:45,403 [42907c57-00bf-47e8-816a-b6f44f3b50df@group-63C8A9F83E46-LeaderElection22] INFO  server.RaftServerConfigKeys (ConfUtils.java:logGet(46)) - raft.server.log.appender.buffer.byte-limit = 33554432 (custom)
2022-10-30 01:06:45,403 [42907c57-00bf-47e8-816a-b6f44f3b50df@group-63C8A9F83E46-LeaderElection22] INFO  server.RaftServerConfigKeys (ConfUtils.java:logGet(46)) - raft.server.log.appender.buffer.element-limit = 1 (custom)
2022-10-30 01:06:45,403 [42907c57-00bf-47e8-816a-b6f44f3b50df@group-63C8A9F83E46-LeaderElection22] INFO  grpc.GrpcConfigKeys (ConfUtils.java:logGet(46)) - raft.grpc.server.leader.outstanding.appends.max = 128 (default)
2022-10-30 01:06:45,403 [42907c57-00bf-47e8-816a-b6f44f3b50df@group-63C8A9F83E46-LeaderElection22] INFO  server.RaftServerConfigKeys (ConfUtils.java:logGet(46)) - raft.server.rpc.request.timeout = 60s (custom)
2022-10-30 01:06:45,403 [42907c57-00bf-47e8-816a-b6f44f3b50df@group-63C8A9F83E46-LeaderElection22] INFO  server.RaftServerConfigKeys (ConfUtils.java:logGet(46)) - raft.server.log.appender.install.snapshot.enabled = false (custom)
2022-10-30 01:06:45,403 [42907c57-00bf-47e8-816a-b6f44f3b50df@group-63C8A9F83E46-LeaderElection22] INFO  grpc.GrpcConfigKeys (ConfUtils.java:logGet(46)) - raft.grpc.server.heartbeat.channel = true (default)
2022-10-30 01:06:45,403 [42907c57-00bf-47e8-816a-b6f44f3b50df@group-63C8A9F83E46-LeaderElection22] INFO  server.RaftServerConfigKeys (ConfUtils.java:logGet(46)) - raft.server.log.appender.wait-time.min = 10ms (default)
2022-10-30 01:06:45,403 [42907c57-00bf-47e8-816a-b6f44f3b50df@group-63C8A9F83E46-LeaderElection22] INFO  impl.RoleInfo (RoleInfo.java:updateAndGet(139)) - 42907c57-00bf-47e8-816a-b6f44f3b50df: start 42907c57-00bf-47e8-816a-b6f44f3b50df@group-63C8A9F83E46-LeaderStateImpl
2022-10-30 01:06:45,403 [42907c57-00bf-47e8-816a-b6f44f3b50df@group-63C8A9F83E46-LeaderElection22] INFO  segmented.SegmentedRaftLogWorker (SegmentedRaftLogWorker.java:startLogSegment(452)) - 42907c57-00bf-47e8-816a-b6f44f3b50df@group-63C8A9F83E46-SegmentedRaftLogWorker: Starting segment from index:0
2022-10-30 01:06:45,406 [42907c57-00bf-47e8-816a-b6f44f3b50df@group-63C8A9F83E46-SegmentedRaftLogWorker] INFO  segmented.SegmentedRaftLogWorker (SegmentedRaftLogWorker.java:execute(656)) - 42907c57-00bf-47e8-816a-b6f44f3b50df@group-63C8A9F83E46-SegmentedRaftLogWorker: created new log segment /home/runner/work/ozone/ozone/hadoop-ozone/integration-test/target/test-dir/MiniOzoneClusterImpl-d77d6c10-3d51-4ae5-b04b-b5f3d2f20a3f/datanode-7/data/ratis/e2a87e45-9f15-4d40-92e0-63c8a9f83e46/current/log_inprogress_0
2022-10-30 01:06:45,423 [42907c57-00bf-47e8-816a-b6f44f3b50df@group-63C8A9F83E46-LeaderElection22] INFO  server.RaftServer$Division (ServerState.java:setRaftConf(430)) - 42907c57-00bf-47e8-816a-b6f44f3b50df@group-63C8A9F83E46: set configuration 0: peers:[96632972-14e0-44d5-b3f2-8f1b1022e85f|rpc:10.1.0.11:41713|dataStream:|priority:0|startupRole:FOLLOWER, 42907c57-00bf-47e8-816a-b6f44f3b50df|rpc:10.1.0.11:43117|dataStream:|priority:0|startupRole:FOLLOWER, 758ec025-fe09-4bac-8062-a2014e5c8846|rpc:10.1.0.11:46773|dataStream:|priority:1|startupRole:FOLLOWER]|listeners:[], old=null
2022-10-30 01:06:45,426 [grpc-default-executor-4] WARN  server.GrpcLogAppender (LogUtils.java:warn(122)) - 42907c57-00bf-47e8-816a-b6f44f3b50df@group-63C8A9F83E46->758ec025-fe09-4bac-8062-a2014e5c8846-AppendLogResponseHandler: Failed appendEntries: org.apache.ratis.thirdparty.io.grpc.StatusRuntimeException: UNAVAILABLE: io exception
2022-10-30 01:06:45,427 [grpc-default-executor-4] WARN  server.GrpcLogAppender (GrpcLogAppender.java:resetClient(131)) - 42907c57-00bf-47e8-816a-b6f44f3b50df@group-63C8A9F83E46->758ec025-fe09-4bac-8062-a2014e5c8846-GrpcLogAppender: Leader has not got in touch with Follower 42907c57-00bf-47e8-816a-b6f44f3b50df@group-63C8A9F83E46->758ec025-fe09-4bac-8062-a2014e5c8846(c-1,m0,n0, attendVote=true, lastRpcSendTime=5225, lastRpcResponseTime=5225) yet, just keep nextIndex unchanged and retry.
2022-10-30 01:06:45,428 [grpc-default-executor-4] WARN  server.GrpcLogAppender (LogUtils.java:warn(122)) - 42907c57-00bf-47e8-816a-b6f44f3b50df@group-63C8A9F83E46->758ec025-fe09-4bac-8062-a2014e5c8846-AppendLogResponseHandler: Failed appendEntries: org.apache.ratis.thirdparty.io.grpc.StatusRuntimeException: UNAVAILABLE: io exception
2022-10-30 01:06:45,428 [grpc-default-executor-4] WARN  server.GrpcLogAppender (GrpcLogAppender.java:resetClient(131)) - 42907c57-00bf-47e8-816a-b6f44f3b50df@group-63C8A9F83E46->758ec025-fe09-4bac-8062-a2014e5c8846-GrpcLogAppender: Leader has not got in touch with Follower 42907c57-00bf-47e8-816a-b6f44f3b50df@group-63C8A9F83E46->758ec025-fe09-4bac-8062-a2014e5c8846(c-1,m0,n0, attendVote=true, lastRpcSendTime=5226, lastRpcResponseTime=5226) yet, just keep nextIndex unchanged and retry.
2022-10-30 01:06:45,429 [grpc-default-executor-4] WARN  server.GrpcLogAppender (LogUtils.java:warn(122)) - 42907c57-00bf-47e8-816a-b6f44f3b50df@group-63C8A9F83E46->758ec025-fe09-4bac-8062-a2014e5c8846-AppendLogResponseHandler: Failed appendEntries: org.apache.ratis.thirdparty.io.grpc.StatusRuntimeException: UNAVAILABLE: io exception
2022-10-30 01:06:45,437 [grpc-default-executor-1] WARN  server.GrpcLogAppender (LogUtils.java:warn(122)) - 42907c57-00bf-47e8-816a-b6f44f3b50df@group-63C8A9F83E46->758ec025-fe09-4bac-8062-a2014e5c8846-AppendLogResponseHandler: Failed appendEntries: org.apache.ratis.thirdparty.io.grpc.StatusRuntimeException: UNAVAILABLE: io exception
2022-10-30 01:06:45,437 [grpc-default-executor-2] WARN  server.GrpcLogAppender (LogUtils.java:warn(122)) - 42907c57-00bf-47e8-816a-b6f44f3b50df@group-63C8A9F83E46->758ec025-fe09-4bac-8062-a2014e5c8846-AppendLogResponseHandler: Failed appendEntries: org.apache.ratis.thirdparty.io.grpc.StatusRuntimeException: UNAVAILABLE: io exception
2022-10-30 01:06:45,437 [grpc-default-executor-3] WARN  server.GrpcLogAppender (LogUtils.java:warn(122)) - 42907c57-00bf-47e8-816a-b6f44f3b50df@group-63C8A9F83E46->758ec025-fe09-4bac-8062-a2014e5c8846-AppendLogResponseHandler: Failed appendEntries: org.apache.ratis.thirdparty.io.grpc.StatusRuntimeException: UNAVAILABLE: io exception
2022-10-30 01:06:45,438 [96632972-14e0-44d5-b3f2-8f1b1022e85f-server-thread2] INFO  ratis.XceiverServerRatis (XceiverServerRatis.java:handleLeaderChangedNotification(863)) - Leader change notification received for group: group-63C8A9F83E46 with new leaderId: 42907c57-00bf-47e8-816a-b6f44f3b50df
2022-10-30 01:06:45,438 [96632972-14e0-44d5-b3f2-8f1b1022e85f-server-thread2] INFO  server.RaftServer$Division (ServerState.java:setLeader(313)) - 96632972-14e0-44d5-b3f2-8f1b1022e85f@group-63C8A9F83E46: change Leader from null to 42907c57-00bf-47e8-816a-b6f44f3b50df at term 2 for appendEntries, leader elected after 10174ms
2022-10-30 01:06:45,438 [grpc-default-executor-4] WARN  server.GrpcLogAppender (GrpcLogAppender.java:resetClient(131)) - 42907c57-00bf-47e8-816a-b6f44f3b50df@group-63C8A9F83E46->758ec025-fe09-4bac-8062-a2014e5c8846-GrpcLogAppender: Leader has not got in touch with Follower 42907c57-00bf-47e8-816a-b6f44f3b50df@group-63C8A9F83E46->758ec025-fe09-4bac-8062-a2014e5c8846(c-1,m0,n0, attendVote=true, lastRpcSendTime=0, lastRpcResponseTime=5236) yet, just keep nextIndex unchanged and retry.
2022-10-30 01:06:45,440 [grpc-default-executor-1] WARN  server.GrpcLogAppender (GrpcLogAppender.java:resetClient(131)) - 42907c57-00bf-47e8-816a-b6f44f3b50df@group-63C8A9F83E46->758ec025-fe09-4bac-8062-a2014e5c8846-GrpcLogAppender: Leader has not got in touch with Follower 42907c57-00bf-47e8-816a-b6f44f3b50df@group-63C8A9F83E46->758ec025-fe09-4bac-8062-a2014e5c8846(c-1,m0,n0, attendVote=true, lastRpcSendTime=2, lastRpcResponseTime=5238) yet, just keep nextIndex unchanged and retry.
2022-10-30 01:06:45,443 [96632972-14e0-44d5-b3f2-8f1b1022e85f-server-thread1] INFO  server.RaftServer$Division (ServerState.java:setRaftConf(430)) - 96632972-14e0-44d5-b3f2-8f1b1022e85f@group-63C8A9F83E46: set configuration 0: peers:[96632972-14e0-44d5-b3f2-8f1b1022e85f|rpc:10.1.0.11:41713|dataStream:|priority:0|startupRole:FOLLOWER, 42907c57-00bf-47e8-816a-b6f44f3b50df|rpc:10.1.0.11:43117|dataStream:|priority:0|startupRole:FOLLOWER, 758ec025-fe09-4bac-8062-a2014e5c8846|rpc:10.1.0.11:46773|dataStream:|priority:1|startupRole:FOLLOWER]|listeners:[], old=null
2022-10-30 01:06:45,443 [96632972-14e0-44d5-b3f2-8f1b1022e85f-server-thread1] INFO  segmented.SegmentedRaftLogWorker (SegmentedRaftLogWorker.java:startLogSegment(452)) - 96632972-14e0-44d5-b3f2-8f1b1022e85f@group-63C8A9F83E46-SegmentedRaftLogWorker: Starting segment from index:0
2022-10-30 01:06:45,444 [96632972-14e0-44d5-b3f2-8f1b1022e85f@group-63C8A9F83E46-SegmentedRaftLogWorker] INFO  segmented.SegmentedRaftLogWorker (SegmentedRaftLogWorker.java:execute(656)) - 96632972-14e0-44d5-b3f2-8f1b1022e85f@group-63C8A9F83E46-SegmentedRaftLogWorker: created new log segment /home/runner/work/ozone/ozone/hadoop-ozone/integration-test/target/test-dir/MiniOzoneClusterImpl-d77d6c10-3d51-4ae5-b04b-b5f3d2f20a3f/datanode-8/data/ratis/e2a87e45-9f15-4d40-92e0-63c8a9f83e46/current/log_inprogress_0
2022-10-30 01:06:45,450 [grpc-default-executor-2] WARN  server.GrpcLogAppender (GrpcLogAppender.java:resetClient(131)) - 42907c57-00bf-47e8-816a-b6f44f3b50df@group-63C8A9F83E46->758ec025-fe09-4bac-8062-a2014e5c8846-GrpcLogAppender: Leader has not got in touch with Follower 42907c57-00bf-47e8-816a-b6f44f3b50df@group-63C8A9F83E46->758ec025-fe09-4bac-8062-a2014e5c8846(c-1,m0,n0, attendVote=true, lastRpcSendTime=12, lastRpcResponseTime=5248) yet, just keep nextIndex unchanged and retry.
2022-10-30 01:06:45,451 [grpc-default-executor-3] WARN  server.GrpcLogAppender (GrpcLogAppender.java:resetClient(131)) - 42907c57-00bf-47e8-816a-b6f44f3b50df@group-63C8A9F83E46->758ec025-fe09-4bac-8062-a2014e5c8846-GrpcLogAppender: Leader has not got in touch with Follower 42907c57-00bf-47e8-816a-b6f44f3b50df@group-63C8A9F83E46->758ec025-fe09-4bac-8062-a2014e5c8846(c-1,m0,n0, attendVote=true, lastRpcSendTime=12, lastRpcResponseTime=5249) yet, just keep nextIndex unchanged and retry.
2022-10-30 01:06:45,452 [grpc-default-executor-3] WARN  server.GrpcLogAppender (LogUtils.java:warn(122)) - 42907c57-00bf-47e8-816a-b6f44f3b50df@group-63C8A9F83E46->758ec025-fe09-4bac-8062-a2014e5c8846-AppendLogResponseHandler: Failed appendEntries: org.apache.ratis.thirdparty.io.grpc.StatusRuntimeException: UNAVAILABLE: io exception
2022-10-30 01:06:45,452 [grpc-default-executor-3] WARN  server.GrpcLogAppender (GrpcLogAppender.java:resetClient(131)) - 42907c57-00bf-47e8-816a-b6f44f3b50df@group-63C8A9F83E46->758ec025-fe09-4bac-8062-a2014e5c8846-GrpcLogAppender: Leader has not got in touch with Follower 42907c57-00bf-47e8-816a-b6f44f3b50df@group-63C8A9F83E46->758ec025-fe09-4bac-8062-a2014e5c8846(c-1,m0,n1, attendVote=true, lastRpcSendTime=0, lastRpcResponseTime=5250) yet, just keep nextIndex unchanged and retry.
2022-10-30 01:06:45,452 [grpc-default-executor-2] WARN  server.GrpcLogAppender (LogUtils.java:warn(122)) - 42907c57-00bf-47e8-816a-b6f44f3b50df@group-63C8A9F83E46->758ec025-fe09-4bac-8062-a2014e5c8846-AppendLogResponseHandler: Failed appendEntries: org.apache.ratis.thirdparty.io.grpc.StatusRuntimeException: UNAVAILABLE: io exception
2022-10-30 01:06:45,452 [grpc-default-executor-2] WARN  server.GrpcLogAppender (GrpcLogAppender.java:resetClient(131)) - 42907c57-00bf-47e8-816a-b6f44f3b50df@group-63C8A9F83E46->758ec025-fe09-4bac-8062-a2014e5c8846-GrpcLogAppender: Leader has not got in touch with Follower 42907c57-00bf-47e8-816a-b6f44f3b50df@group-63C8A9F83E46->758ec025-fe09-4bac-8062-a2014e5c8846(c-1,m0,n1, attendVote=true, lastRpcSendTime=0, lastRpcResponseTime=5250) yet, just keep nextIndex unchanged and retry.
2022-10-30 01:06:46,509 [grpc-default-executor-3] WARN  server.GrpcLogAppender (LogUtils.java:warn(122)) - 96632972-14e0-44d5-b3f2-8f1b1022e85f@group-93EB23A6C8F4->758ec025-fe09-4bac-8062-a2014e5c8846-AppendLogResponseHandler: Failed appendEntries: org.apache.ratis.thirdparty.io.grpc.StatusRuntimeException: UNAVAILABLE: io exception
2022-10-30 01:06:46,510 [grpc-default-executor-2] WARN  server.GrpcLogAppender (LogUtils.java:warn(122)) - 96632972-14e0-44d5-b3f2-8f1b1022e85f@group-93EB23A6C8F4->758ec025-fe09-4bac-8062-a2014e5c8846-AppendLogResponseHandler: Failed appendEntries: org.apache.ratis.thirdparty.io.grpc.StatusRuntimeException: UNAVAILABLE: io exception
2022-10-30 01:06:46,510 [grpc-default-executor-3] WARN  server.GrpcLogAppender (GrpcLogAppender.java:resetClient(131)) - 96632972-14e0-44d5-b3f2-8f1b1022e85f@group-93EB23A6C8F4->758ec025-fe09-4bac-8062-a2014e5c8846-GrpcLogAppender: Leader has not got in touch with Follower 96632972-14e0-44d5-b3f2-8f1b1022e85f@group-93EB23A6C8F4->758ec025-fe09-4bac-8062-a2014e5c8846(c-1,m0,n1, attendVote=true, lastRpcSendTime=1251, lastRpcResponseTime=6474) yet, just keep nextIndex unchanged and retry.
2022-10-30 01:06:46,512 [grpc-default-executor-2] WARN  server.GrpcLogAppender (GrpcLogAppender.java:resetClient(131)) - 96632972-14e0-44d5-b3f2-8f1b1022e85f@group-93EB23A6C8F4->758ec025-fe09-4bac-8062-a2014e5c8846-GrpcLogAppender: Leader has not got in touch with Follower 96632972-14e0-44d5-b3f2-8f1b1022e85f@group-93EB23A6C8F4->758ec025-fe09-4bac-8062-a2014e5c8846(c-1,m0,n1, attendVote=true, lastRpcSendTime=1252, lastRpcResponseTime=6475) yet, just keep nextIndex unchanged and retry.
2022-10-30 01:06:46,512 [grpc-default-executor-3] WARN  server.GrpcLogAppender (LogUtils.java:warn(122)) - 96632972-14e0-44d5-b3f2-8f1b1022e85f@group-93EB23A6C8F4->758ec025-fe09-4bac-8062-a2014e5c8846-AppendLogResponseHandler: Failed appendEntries: org.apache.ratis.thirdparty.io.grpc.StatusRuntimeException: UNAVAILABLE: io exception
2022-10-30 01:06:46,513 [grpc-default-executor-2] WARN  server.GrpcLogAppender (LogUtils.java:warn(122)) - 96632972-14e0-44d5-b3f2-8f1b1022e85f@group-93EB23A6C8F4->758ec025-fe09-4bac-8062-a2014e5c8846-AppendLogResponseHandler: Failed appendEntries: org.apache.ratis.thirdparty.io.grpc.StatusRuntimeException: UNAVAILABLE: io exception
2022-10-30 01:06:46,513 [grpc-default-executor-3] WARN  server.GrpcLogAppender (GrpcLogAppender.java:resetClient(131)) - 96632972-14e0-44d5-b3f2-8f1b1022e85f@group-93EB23A6C8F4->758ec025-fe09-4bac-8062-a2014e5c8846-GrpcLogAppender: Leader has not got in touch with Follower 96632972-14e0-44d5-b3f2-8f1b1022e85f@group-93EB23A6C8F4->758ec025-fe09-4bac-8062-a2014e5c8846(c-1,m0,n1, attendVote=true, lastRpcSendTime=1254, lastRpcResponseTime=6477) yet, just keep nextIndex unchanged and retry.
2022-10-30 01:06:46,513 [grpc-default-executor-2] WARN  server.GrpcLogAppender (GrpcLogAppender.java:resetClient(131)) - 96632972-14e0-44d5-b3f2-8f1b1022e85f@group-93EB23A6C8F4->758ec025-fe09-4bac-8062-a2014e5c8846-GrpcLogAppender: Leader has not got in touch with Follower 96632972-14e0-44d5-b3f2-8f1b1022e85f@group-93EB23A6C8F4->758ec025-fe09-4bac-8062-a2014e5c8846(c-1,m0,n1, attendVote=true, lastRpcSendTime=1254, lastRpcResponseTime=6477) yet, just keep nextIndex unchanged and retry.
2022-10-30 01:06:46,514 [grpc-default-executor-2] WARN  server.GrpcLogAppender (LogUtils.java:warn(122)) - 96632972-14e0-44d5-b3f2-8f1b1022e85f@group-93EB23A6C8F4->758ec025-fe09-4bac-8062-a2014e5c8846-AppendLogResponseHandler: Failed appendEntries: org.apache.ratis.thirdparty.io.grpc.StatusRuntimeException: UNAVAILABLE: io exception
2022-10-30 01:06:46,514 [grpc-default-executor-3] WARN  server.GrpcLogAppender (LogUtils.java:warn(122)) - 96632972-14e0-44d5-b3f2-8f1b1022e85f@group-93EB23A6C8F4->758ec025-fe09-4bac-8062-a2014e5c8846-AppendLogResponseHandler: Failed appendEntries: org.apache.ratis.thirdparty.io.grpc.StatusRuntimeException: UNAVAILABLE: io exception
2022-10-30 01:06:46,514 [grpc-default-executor-2] WARN  server.GrpcLogAppender (GrpcLogAppender.java:resetClient(131)) - 96632972-14e0-44d5-b3f2-8f1b1022e85f@group-93EB23A6C8F4->758ec025-fe09-4bac-8062-a2014e5c8846-GrpcLogAppender: Leader has not got in touch with Follower 96632972-14e0-44d5-b3f2-8f1b1022e85f@group-93EB23A6C8F4->758ec025-fe09-4bac-8062-a2014e5c8846(c-1,m0,n1, attendVote=true, lastRpcSendTime=0, lastRpcResponseTime=6478) yet, just keep nextIndex unchanged and retry.
2022-10-30 01:06:46,515 [grpc-default-executor-3] WARN  server.GrpcLogAppender (GrpcLogAppender.java:resetClient(131)) - 96632972-14e0-44d5-b3f2-8f1b1022e85f@group-93EB23A6C8F4->758ec025-fe09-4bac-8062-a2014e5c8846-GrpcLogAppender: Leader has not got in touch with Follower 96632972-14e0-44d5-b3f2-8f1b1022e85f@group-93EB23A6C8F4->758ec025-fe09-4bac-8062-a2014e5c8846(c-1,m0,n1, attendVote=true, lastRpcSendTime=1, lastRpcResponseTime=6479) yet, just keep nextIndex unchanged and retry.
2022-10-30 01:06:46,688 [grpc-default-executor-3] WARN  server.GrpcLogAppender (LogUtils.java:warn(122)) - 42907c57-00bf-47e8-816a-b6f44f3b50df@group-63C8A9F83E46->758ec025-fe09-4bac-8062-a2014e5c8846-AppendLogResponseHandler: Failed appendEntries: org.apache.ratis.thirdparty.io.grpc.StatusRuntimeException: UNAVAILABLE: io exception
2022-10-30 01:06:46,688 [grpc-default-executor-2] WARN  server.GrpcLogAppender (LogUtils.java:warn(122)) - 42907c57-00bf-47e8-816a-b6f44f3b50df@group-63C8A9F83E46->758ec025-fe09-4bac-8062-a2014e5c8846-AppendLogResponseHandler: Failed appendEntries: org.apache.ratis.thirdparty.io.grpc.StatusRuntimeException: UNAVAILABLE: io exception
2022-10-30 01:06:46,689 [grpc-default-executor-3] WARN  server.GrpcLogAppender (GrpcLogAppender.java:resetClient(131)) - 42907c57-00bf-47e8-816a-b6f44f3b50df@group-63C8A9F83E46->758ec025-fe09-4bac-8062-a2014e5c8846-GrpcLogAppender: Leader has not got in touch with Follower 42907c57-00bf-47e8-816a-b6f44f3b50df@group-63C8A9F83E46->758ec025-fe09-4bac-8062-a2014e5c8846(c-1,m0,n1, attendVote=true, lastRpcSendTime=0, lastRpcResponseTime=6487) yet, just keep nextIndex unchanged and retry.
2022-10-30 01:06:46,689 [grpc-default-executor-2] WARN  server.GrpcLogAppender (GrpcLogAppender.java:resetClient(131)) - 42907c57-00bf-47e8-816a-b6f44f3b50df@group-63C8A9F83E46->758ec025-fe09-4bac-8062-a2014e5c8846-GrpcLogAppender: Leader has not got in touch with Follower 42907c57-00bf-47e8-816a-b6f44f3b50df@group-63C8A9F83E46->758ec025-fe09-4bac-8062-a2014e5c8846(c-1,m0,n1, attendVote=true, lastRpcSendTime=0, lastRpcResponseTime=6487) yet, just keep nextIndex unchanged and retry.
2022-10-30 01:06:47,209 [EventQueue-DeadNodeForDeadNodeHandler] INFO  node.DeadNodeHandler (DeadNodeHandler.java:onMessage(81)) - A dead datanode is detected. 758ec025-fe09-4bac-8062-a2014e5c8846{ip: 10.1.0.11, host: fv-az99-422.euuzywwtp3iu5l5aj42nbmzodg.gx.internal.cloudapp.net, ports: [REPLICATION=39637, RATIS=46773, RATIS_ADMIN=46773, RATIS_SERVER=46773, STANDALONE=39087], networkLocation: /default-rack, certSerialId: null, persistedOpState: IN_SERVICE, persistedOpStateExpiryEpochSec: 0}
2022-10-30 01:06:47,211 [EventQueue-DeadNodeForDeadNodeHandler] INFO  pipeline.RatisPipelineProvider (RatisPipelineProvider.java:lambda$close$1(244)) - Send pipeline:PipelineID=fe4df078-031e-451d-83d6-e0a5e0fbaade close command to datanode 758ec025-fe09-4bac-8062-a2014e5c8846
2022-10-30 01:06:47,211 [EventQueue-DeadNodeForDeadNodeHandler] INFO  pipeline.PipelineStateManagerImpl (PipelineStateManagerImpl.java:removePipeline(245)) - Pipeline Pipeline[ Id: fe4df078-031e-451d-83d6-e0a5e0fbaade, Nodes: 758ec025-fe09-4bac-8062-a2014e5c8846{ip: 10.1.0.11, host: fv-az99-422.euuzywwtp3iu5l5aj42nbmzodg.gx.internal.cloudapp.net, ports: [REPLICATION=39637, RATIS=46773, RATIS_ADMIN=46773, RATIS_SERVER=46773, STANDALONE=39087], networkLocation: /default-rack, certSerialId: null, persistedOpState: IN_SERVICE, persistedOpStateExpiryEpochSec: 0}, ReplicationConfig: RATIS/ONE, State:CLOSED, leaderId:758ec025-fe09-4bac-8062-a2014e5c8846, CreationTimestamp2022-10-30T01:06:32.094Z[Etc/UTC]] removed.
2022-10-30 01:06:47,211 [EventQueue-DeadNodeForDeadNodeHandler] INFO  pipeline.RatisPipelineProvider (RatisPipelineProvider.java:lambda$close$1(244)) - Send pipeline:PipelineID=3132103f-68a2-45c8-9404-93eb23a6c8f4 close command to datanode 42907c57-00bf-47e8-816a-b6f44f3b50df
2022-10-30 01:06:47,211 [EventQueue-DeadNodeForDeadNodeHandler] INFO  pipeline.RatisPipelineProvider (RatisPipelineProvider.java:lambda$close$1(244)) - Send pipeline:PipelineID=3132103f-68a2-45c8-9404-93eb23a6c8f4 close command to datanode 758ec025-fe09-4bac-8062-a2014e5c8846
2022-10-30 01:06:47,212 [EventQueue-DeadNodeForDeadNodeHandler] INFO  pipeline.RatisPipelineProvider (RatisPipelineProvider.java:lambda$close$1(244)) - Send pipeline:PipelineID=3132103f-68a2-45c8-9404-93eb23a6c8f4 close command to datanode 96632972-14e0-44d5-b3f2-8f1b1022e85f
2022-10-30 01:06:47,212 [EventQueue-DeadNodeForDeadNodeHandler] INFO  pipeline.PipelineStateManagerImpl (PipelineStateManagerImpl.java:removePipeline(245)) - Pipeline Pipeline[ Id: 3132103f-68a2-45c8-9404-93eb23a6c8f4, Nodes: 42907c57-00bf-47e8-816a-b6f44f3b50df{ip: 10.1.0.11, host: fv-az99-422.euuzywwtp3iu5l5aj42nbmzodg.gx.internal.cloudapp.net, ports: [REPLICATION=40841, RATIS=43117, RATIS_ADMIN=43117, RATIS_SERVER=43117, STANDALONE=36839], networkLocation: /default-rack, certSerialId: null, persistedOpState: IN_SERVICE, persistedOpStateExpiryEpochSec: 0}758ec025-fe09-4bac-8062-a2014e5c8846{ip: 10.1.0.11, host: fv-az99-422.euuzywwtp3iu5l5aj42nbmzodg.gx.internal.cloudapp.net, ports: [REPLICATION=39637, RATIS=46773, RATIS_ADMIN=46773, RATIS_SERVER=46773, STANDALONE=39087], networkLocation: /default-rack, certSerialId: null, persistedOpState: IN_SERVICE, persistedOpStateExpiryEpochSec: 0}96632972-14e0-44d5-b3f2-8f1b1022e85f{ip: 10.1.0.11, host: fv-az99-422.euuzywwtp3iu5l5aj42nbmzodg.gx.internal.cloudapp.net, ports: [REPLICATION=46235, RATIS=41713, RATIS_ADMIN=41713, RATIS_SERVER=41713, STANDALONE=44421], networkLocation: /default-rack, certSerialId: null, persistedOpState: IN_SERVICE, persistedOpStateExpiryEpochSec: 0}, ReplicationConfig: RATIS/THREE, State:CLOSED, leaderId:96632972-14e0-44d5-b3f2-8f1b1022e85f, CreationTimestamp2022-10-30T01:06:32.762Z[Etc/UTC]] removed.
2022-10-30 01:06:47,212 [EventQueue-DeadNodeForDeadNodeHandler] INFO  pipeline.PipelineStateManagerImpl (PipelineStateManagerImpl.java:removePipeline(245)) - Pipeline Pipeline[ Id: 9664750f-43c0-4119-822a-43cd07ece552, Nodes: 758ec025-fe09-4bac-8062-a2014e5c8846{ip: 10.1.0.11, host: fv-az99-422.euuzywwtp3iu5l5aj42nbmzodg.gx.internal.cloudapp.net, ports: [REPLICATION=39637, RATIS=46773, RATIS_ADMIN=46773, RATIS_SERVER=46773, STANDALONE=39087], networkLocation: /default-rack, certSerialId: null, persistedOpState: null, persistedOpStateExpiryEpochSec: 0}86e92292-7141-46cb-9ed5-093a2cfc2b40{ip: 10.1.0.11, host: fv-az99-422.euuzywwtp3iu5l5aj42nbmzodg.gx.internal.cloudapp.net, ports: [REPLICATION=42541, RATIS=44269, RATIS_ADMIN=44269, RATIS_SERVER=44269, STANDALONE=37771], networkLocation: /default-rack, certSerialId: null, persistedOpState: null, persistedOpStateExpiryEpochSec: 0}57b0e5c4-d4d8-463c-8999-53af98295cd0{ip: 10.1.0.11, host: fv-az99-422.euuzywwtp3iu5l5aj42nbmzodg.gx.internal.cloudapp.net, ports: [REPLICATION=45861, RATIS=39941, RATIS_ADMIN=39941, RATIS_SERVER=39941, STANDALONE=38745], networkLocation: /default-rack, certSerialId: null, persistedOpState: null, persistedOpStateExpiryEpochSec: 0}7f2965ec-2a1d-4c0b-a486-0150db937947{ip: 10.1.0.11, host: fv-az99-422.euuzywwtp3iu5l5aj42nbmzodg.gx.internal.cloudapp.net, ports: [REPLICATION=39237, RATIS=43977, RATIS_ADMIN=43977, RATIS_SERVER=43977, STANDALONE=40797], networkLocation: /default-rack, certSerialId: null, persistedOpState: null, persistedOpStateExpiryEpochSec: 0}42907c57-00bf-47e8-816a-b6f44f3b50df{ip: 10.1.0.11, host: fv-az99-422.euuzywwtp3iu5l5aj42nbmzodg.gx.internal.cloudapp.net, ports: [REPLICATION=40841, RATIS=43117, RATIS_ADMIN=43117, RATIS_SERVER=43117, STANDALONE=36839], networkLocation: /default-rack, certSerialId: null, persistedOpState: null, persistedOpStateExpiryEpochSec: 0}, ReplicationConfig: EC/ECReplicationConfig{data=3, parity=2, ecChunkSize=1024, codec=rs}, State:CLOSED, leaderId:, CreationTimestamp2022-10-30T01:06:40.771Z[Etc/UTC]] removed.
2022-10-30 01:06:47,212 [EventQueue-DeadNodeForDeadNodeHandler] INFO  pipeline.RatisPipelineProvider (RatisPipelineProvider.java:lambda$close$1(244)) - Send pipeline:PipelineID=e2a87e45-9f15-4d40-92e0-63c8a9f83e46 close command to datanode 96632972-14e0-44d5-b3f2-8f1b1022e85f
2022-10-30 01:06:47,222 [EventQueue-DeadNodeForDeadNodeHandler] INFO  pipeline.RatisPipelineProvider (RatisPipelineProvider.java:lambda$close$1(244)) - Send pipeline:PipelineID=e2a87e45-9f15-4d40-92e0-63c8a9f83e46 close command to datanode 758ec025-fe09-4bac-8062-a2014e5c8846
2022-10-30 01:06:47,222 [EventQueue-DeadNodeForDeadNodeHandler] INFO  pipeline.RatisPipelineProvider (RatisPipelineProvider.java:lambda$close$1(244)) - Send pipeline:PipelineID=e2a87e45-9f15-4d40-92e0-63c8a9f83e46 close command to datanode 42907c57-00bf-47e8-816a-b6f44f3b50df
2022-10-30 01:06:47,223 [EventQueue-DeadNodeForDeadNodeHandler] INFO  pipeline.PipelineStateManagerImpl (PipelineStateManagerImpl.java:removePipeline(245)) - Pipeline Pipeline[ Id: e2a87e45-9f15-4d40-92e0-63c8a9f83e46, Nodes: 96632972-14e0-44d5-b3f2-8f1b1022e85f{ip: 10.1.0.11, host: fv-az99-422.euuzywwtp3iu5l5aj42nbmzodg.gx.internal.cloudapp.net, ports: [REPLICATION=46235, RATIS=41713, RATIS_ADMIN=41713, RATIS_SERVER=41713, STANDALONE=44421], networkLocation: /default-rack, certSerialId: null, persistedOpState: IN_SERVICE, persistedOpStateExpiryEpochSec: 0}758ec025-fe09-4bac-8062-a2014e5c8846{ip: 10.1.0.11, host: fv-az99-422.euuzywwtp3iu5l5aj42nbmzodg.gx.internal.cloudapp.net, ports: [REPLICATION=39637, RATIS=46773, RATIS_ADMIN=46773, RATIS_SERVER=46773, STANDALONE=39087], networkLocation: /default-rack, certSerialId: null, persistedOpState: IN_SERVICE, persistedOpStateExpiryEpochSec: 0}42907c57-00bf-47e8-816a-b6f44f3b50df{ip: 10.1.0.11, host: fv-az99-422.euuzywwtp3iu5l5aj42nbmzodg.gx.internal.cloudapp.net, ports: [REPLICATION=40841, RATIS=43117, RATIS_ADMIN=43117, RATIS_SERVER=43117, STANDALONE=36839], networkLocation: /default-rack, certSerialId: null, persistedOpState: IN_SERVICE, persistedOpStateExpiryEpochSec: 0}, ReplicationConfig: RATIS/THREE, State:CLOSED, leaderId:42907c57-00bf-47e8-816a-b6f44f3b50df, CreationTimestamp2022-10-30T01:06:32.765Z[Etc/UTC]] removed.
2022-10-30 01:06:47,227 [EventQueue-DeadNodeForDeadNodeHandler] INFO  net.NetworkTopologyImpl (NetworkTopologyImpl.java:remove(190)) - Removed a node: /default-rack/758ec025-fe09-4bac-8062-a2014e5c8846
2022-10-30 01:06:47,273 [Command processor thread] INFO  keyvalue.KeyValueContainer (KeyValueContainer.java:flushAndSyncDB(437)) - Container 1 is synced with bcsId 0.
2022-10-30 01:06:47,273 [Command processor thread] INFO  keyvalue.KeyValueContainer (KeyValueContainer.java:flushAndSyncDB(437)) - Container 1 is synced with bcsId 0.
2022-10-30 01:06:47,279 [Command processor thread] INFO  keyvalue.KeyValueContainer (KeyValueContainer.java:flushAndSyncDB(437)) - Container 1 is synced with bcsId 0.
2022-10-30 01:06:47,286 [Command processor thread] INFO  keyvalue.KeyValueContainer (KeyValueContainer.java:flushAndSyncDB(437)) - Container 1 is synced with bcsId 0.
2022-10-30 01:06:47,286 [Command processor thread] INFO  keyvalue.KeyValueContainer (KeyValueContainer.java:flushAndSyncDB(437)) - Container 1 is synced with bcsId 0.
2022-10-30 01:06:47,286 [Command processor thread] INFO  keyvalue.KeyValueContainer (KeyValueContainer.java:flushAndSyncDB(437)) - Container 1 is synced with bcsId 0.
2022-10-30 01:06:47,287 [Command processor thread] INFO  keyvalue.KeyValueContainer (KeyValueContainer.java:close(352)) - Container 1 is closed with bcsId 0.
2022-10-30 01:06:47,287 [Command processor thread] INFO  keyvalue.KeyValueContainer (KeyValueContainer.java:flushAndSyncDB(437)) - Container 1 is synced with bcsId 0.
2022-10-30 01:06:47,287 [Command processor thread] INFO  keyvalue.KeyValueContainer (KeyValueContainer.java:flushAndSyncDB(437)) - Container 1 is synced with bcsId 0.
2022-10-30 01:06:47,292 [FixedThreadPoolWithAffinityExecutor-1-0] INFO  container.IncrementalContainerReportHandler (AbstractContainerReportHandler.java:updateContainerState(292)) - Moving container #1 to CLOSED state, datanode 7f2965ec-2a1d-4c0b-a486-0150db937947{ip: 10.1.0.11, host: fv-az99-422.euuzywwtp3iu5l5aj42nbmzodg.gx.internal.cloudapp.net, ports: [REPLICATION=39237, RATIS=43977, RATIS_ADMIN=43977, RATIS_SERVER=43977, STANDALONE=40797], networkLocation: /default-rack, certSerialId: null, persistedOpState: IN_SERVICE, persistedOpStateExpiryEpochSec: 0} reported CLOSED replica.
2022-10-30 01:06:47,294 [Command processor thread] INFO  keyvalue.KeyValueContainer (KeyValueContainer.java:close(352)) - Container 1 is closed with bcsId 0.
2022-10-30 01:06:47,297 [Command processor thread] INFO  keyvalue.KeyValueContainer (KeyValueContainer.java:close(352)) - Container 1 is closed with bcsId 0.
2022-10-30 01:06:47,297 [Command processor thread] INFO  keyvalue.KeyValueContainer (KeyValueContainer.java:close(352)) - Container 1 is closed with bcsId 0.
2022-10-30 01:06:47,373 [Listener at 127.0.0.1/42013] INFO  replication.ReplicationManager (ReplicationManager.java:stop(271)) - Stopping Replication Monitor Thread.
2022-10-30 01:06:47,374 [Listener at 127.0.0.1/42013] INFO  replication.ReplicationManager (ReplicationManager.java:start(247)) - Replication Monitor Thread is already running.
2022-10-30 01:06:47,374 [Under Replicated Processor] WARN  replication.UnderReplicatedProcessor (UnderReplicatedProcessor.java:run(148)) - Under Replicated Processor interrupted. Exiting...
2022-10-30 01:06:47,375 [ReplicationMonitor] INFO  replication.ReplicationManager (ReplicationManager.java:run(577)) - Replication Monitor Thread is stopped
2022-10-30 01:06:47,375 [Over Replicated Processor] WARN  replication.OverReplicatedProcessor (OverReplicatedProcessor.java:run(137)) - Over Replicated Processor interrupted. Exiting...
2022-10-30 01:06:47,764 [grpc-default-executor-2] WARN  server.GrpcLogAppender (LogUtils.java:warn(122)) - 96632972-14e0-44d5-b3f2-8f1b1022e85f@group-93EB23A6C8F4->758ec025-fe09-4bac-8062-a2014e5c8846-AppendLogResponseHandler: Failed appendEntries: org.apache.ratis.thirdparty.io.grpc.StatusRuntimeException: UNAVAILABLE: io exception
2022-10-30 01:06:47,764 [grpc-default-executor-3] WARN  server.GrpcLogAppender (LogUtils.java:warn(122)) - 96632972-14e0-44d5-b3f2-8f1b1022e85f@group-93EB23A6C8F4->758ec025-fe09-4bac-8062-a2014e5c8846-AppendLogResponseHandler: Failed appendEntries: org.apache.ratis.thirdparty.io.grpc.StatusRuntimeException: UNAVAILABLE: io exception
2022-10-30 01:06:47,765 [grpc-default-executor-2] WARN  server.GrpcLogAppender (GrpcLogAppender.java:resetClient(131)) - 96632972-14e0-44d5-b3f2-8f1b1022e85f@group-93EB23A6C8F4->758ec025-fe09-4bac-8062-a2014e5c8846-GrpcLogAppender: Leader has not got in touch with Follower 96632972-14e0-44d5-b3f2-8f1b1022e85f@group-93EB23A6C8F4->758ec025-fe09-4bac-8062-a2014e5c8846(c-1,m0,n1, attendVote=true, lastRpcSendTime=0, lastRpcResponseTime=7729) yet, just keep nextIndex unchanged and retry.
2022-10-30 01:06:47,766 [grpc-default-executor-3] WARN  server.GrpcLogAppender (GrpcLogAppender.java:resetClient(131)) - 96632972-14e0-44d5-b3f2-8f1b1022e85f@group-93EB23A6C8F4->758ec025-fe09-4bac-8062-a2014e5c8846-GrpcLogAppender: Leader has not got in touch with Follower 96632972-14e0-44d5-b3f2-8f1b1022e85f@group-93EB23A6C8F4->758ec025-fe09-4bac-8062-a2014e5c8846(c-1,m0,n1, attendVote=true, lastRpcSendTime=1, lastRpcResponseTime=7730) yet, just keep nextIndex unchanged and retry.
2022-10-30 01:06:47,939 [grpc-default-executor-3] WARN  server.GrpcLogAppender (LogUtils.java:warn(122)) - 42907c57-00bf-47e8-816a-b6f44f3b50df@group-63C8A9F83E46->758ec025-fe09-4bac-8062-a2014e5c8846-AppendLogResponseHandler: Failed appendEntries: org.apache.ratis.thirdparty.io.grpc.StatusRuntimeException: UNAVAILABLE: io exception
2022-10-30 01:06:47,939 [grpc-default-executor-2] WARN  server.GrpcLogAppender (LogUtils.java:warn(122)) - 42907c57-00bf-47e8-816a-b6f44f3b50df@group-63C8A9F83E46->758ec025-fe09-4bac-8062-a2014e5c8846-AppendLogResponseHandler: Failed appendEntries: org.apache.ratis.thirdparty.io.grpc.StatusRuntimeException: UNAVAILABLE: io exception
2022-10-30 01:06:47,940 [grpc-default-executor-3] WARN  server.GrpcLogAppender (GrpcLogAppender.java:resetClient(131)) - 42907c57-00bf-47e8-816a-b6f44f3b50df@group-63C8A9F83E46->758ec025-fe09-4bac-8062-a2014e5c8846-GrpcLogAppender: Leader has not got in touch with Follower 42907c57-00bf-47e8-816a-b6f44f3b50df@group-63C8A9F83E46->758ec025-fe09-4bac-8062-a2014e5c8846(c-1,m0,n1, attendVote=true, lastRpcSendTime=1251, lastRpcResponseTime=7738) yet, just keep nextIndex unchanged and retry.
2022-10-30 01:06:47,940 [grpc-default-executor-2] WARN  server.GrpcLogAppender (GrpcLogAppender.java:resetClient(131)) - 42907c57-00bf-47e8-816a-b6f44f3b50df@group-63C8A9F83E46->758ec025-fe09-4bac-8062-a2014e5c8846-GrpcLogAppender: Leader has not got in touch with Follower 42907c57-00bf-47e8-816a-b6f44f3b50df@group-63C8A9F83E46->758ec025-fe09-4bac-8062-a2014e5c8846(c-1,m0,n1, attendVote=true, lastRpcSendTime=1252, lastRpcResponseTime=7738) yet, just keep nextIndex unchanged and retry.
2022-10-30 01:06:47,941 [grpc-default-executor-2] WARN  server.GrpcLogAppender (LogUtils.java:warn(122)) - 42907c57-00bf-47e8-816a-b6f44f3b50df@group-63C8A9F83E46->758ec025-fe09-4bac-8062-a2014e5c8846-AppendLogResponseHandler: Failed appendEntries: org.apache.ratis.thirdparty.io.grpc.StatusRuntimeException: UNAVAILABLE: io exception
2022-10-30 01:06:47,941 [grpc-default-executor-3] WARN  server.GrpcLogAppender (LogUtils.java:warn(122)) - 42907c57-00bf-47e8-816a-b6f44f3b50df@group-63C8A9F83E46->758ec025-fe09-4bac-8062-a2014e5c8846-AppendLogResponseHandler: Failed appendEntries: org.apache.ratis.thirdparty.io.grpc.StatusRuntimeException: UNAVAILABLE: io exception
2022-10-30 01:06:47,942 [grpc-default-executor-2] WARN  server.GrpcLogAppender (GrpcLogAppender.java:resetClient(131)) - 42907c57-00bf-47e8-816a-b6f44f3b50df@group-63C8A9F83E46->758ec025-fe09-4bac-8062-a2014e5c8846-GrpcLogAppender: Leader has not got in touch with Follower 42907c57-00bf-47e8-816a-b6f44f3b50df@group-63C8A9F83E46->758ec025-fe09-4bac-8062-a2014e5c8846(c-1,m0,n1, attendVote=true, lastRpcSendTime=0, lastRpcResponseTime=7740) yet, just keep nextIndex unchanged and retry.
2022-10-30 01:06:47,943 [grpc-default-executor-3] WARN  server.GrpcLogAppender (GrpcLogAppender.java:resetClient(131)) - 42907c57-00bf-47e8-816a-b6f44f3b50df@group-63C8A9F83E46->758ec025-fe09-4bac-8062-a2014e5c8846-GrpcLogAppender: Leader has not got in touch with Follower 42907c57-00bf-47e8-816a-b6f44f3b50df@group-63C8A9F83E46->758ec025-fe09-4bac-8062-a2014e5c8846(c-1,m0,n1, attendVote=true, lastRpcSendTime=1, lastRpcResponseTime=7741) yet, just keep nextIndex unchanged and retry.
2022-10-30 01:06:48,237 [Command processor thread] INFO  server.RaftServer (RaftServerProxy.java:remove(107)) - 96632972-14e0-44d5-b3f2-8f1b1022e85f: remove    LEADER 96632972-14e0-44d5-b3f2-8f1b1022e85f@group-93EB23A6C8F4:t2, leader=96632972-14e0-44d5-b3f2-8f1b1022e85f, voted=96632972-14e0-44d5-b3f2-8f1b1022e85f, raftlog=Memoized:96632972-14e0-44d5-b3f2-8f1b1022e85f@group-93EB23A6C8F4-SegmentedRaftLog:OPENED:c0, conf=0: peers:[96632972-14e0-44d5-b3f2-8f1b1022e85f|rpc:10.1.0.11:41713|dataStream:|priority:1|startupRole:FOLLOWER, 42907c57-00bf-47e8-816a-b6f44f3b50df|rpc:10.1.0.11:43117|dataStream:|priority:0|startupRole:FOLLOWER, 758ec025-fe09-4bac-8062-a2014e5c8846|rpc:10.1.0.11:46773|dataStream:|priority:0|startupRole:FOLLOWER]|listeners:[], old=null RUNNING
2022-10-30 01:06:48,239 [Command processor thread] INFO  server.RaftServer$Division (RaftServerImpl.java:lambda$close$4(458)) - 96632972-14e0-44d5-b3f2-8f1b1022e85f@group-93EB23A6C8F4: shutdown
2022-10-30 01:06:48,239 [Command processor thread] INFO  util.JmxRegister (JmxRegister.java:unregister(73)) - Successfully un-registered JMX Bean with object name Ratis:service=RaftServer,group=group-93EB23A6C8F4,id=96632972-14e0-44d5-b3f2-8f1b1022e85f
2022-10-30 01:06:48,239 [Command processor thread] INFO  impl.RoleInfo (RoleInfo.java:shutdownLeaderState(93)) - 96632972-14e0-44d5-b3f2-8f1b1022e85f: shutdown 96632972-14e0-44d5-b3f2-8f1b1022e85f@group-93EB23A6C8F4-LeaderStateImpl
2022-10-30 01:06:48,241 [96632972-14e0-44d5-b3f2-8f1b1022e85f@group-93EB23A6C8F4->42907c57-00bf-47e8-816a-b6f44f3b50df-GrpcLogAppender-LogAppenderDaemon] WARN  server.GrpcLogAppender (GrpcLogAppender.java:mayWait(200)) - 96632972-14e0-44d5-b3f2-8f1b1022e85f@group-93EB23A6C8F4->42907c57-00bf-47e8-816a-b6f44f3b50df-GrpcLogAppender: Wait interrupted by java.lang.InterruptedException
2022-10-30 01:06:48,243 [grpc-default-executor-3] INFO  server.GrpcServerProtocolService (GrpcServerProtocolService.java:onCompleted(145)) - 42907c57-00bf-47e8-816a-b6f44f3b50df: Completed APPEND_ENTRIES, lastRequest: 96632972-14e0-44d5-b3f2-8f1b1022e85f->42907c57-00bf-47e8-816a-b6f44f3b50df#1-t2,previous=(t:0, i:0),leaderCommit=0,initializing? true,entries: size=1, first=(t:2, i:0), CONFIGURATIONENTRY(current:id: "96632972-14e0-44d5-b3f2-8f1b1022e85f"
address: "10.1.0.11:41713"
priority: 1
clientAddress: "10.1.0.11:41713"
adminAddress: "10.1.0.11:41713"
startupRole: FOLLOWER
,id: "42907c57-00bf-47e8-816a-b6f44f3b50df"
address: "10.1.0.11:43117"
clientAddress: "10.1.0.11:43117"
adminAddress: "10.1.0.11:43117"
startupRole: FOLLOWER
,id: "758ec025-fe09-4bac-8062-a2014e5c8846"
address: "10.1.0.11:46773"
clientAddress: "10.1.0.11:46773"
adminAddress: "10.1.0.11:46773"
startupRole: FOLLOWER
, old:)
2022-10-30 01:06:48,242 [Command processor thread] INFO  impl.PendingRequests (PendingRequests.java:sendNotLeaderResponses(282)) - 96632972-14e0-44d5-b3f2-8f1b1022e85f@group-93EB23A6C8F4-PendingRequests: sendNotLeaderResponses
2022-10-30 01:06:48,246 [grpc-default-executor-6] INFO  server.GrpcLogAppender (GrpcLogAppender.java:onCompleted(415)) - 96632972-14e0-44d5-b3f2-8f1b1022e85f@group-93EB23A6C8F4->42907c57-00bf-47e8-816a-b6f44f3b50df-AppendLogResponseHandler: follower responses appendEntries COMPLETED
2022-10-30 01:06:48,246 [grpc-default-executor-6] INFO  leader.FollowerInfo (FollowerInfoImpl.java:lambda$new$0(48)) - 96632972-14e0-44d5-b3f2-8f1b1022e85f@group-93EB23A6C8F4->42907c57-00bf-47e8-816a-b6f44f3b50df: nextIndex: updateUnconditionally 1 -> 0
2022-10-30 01:06:48,246 [grpc-default-executor-2] INFO  server.GrpcServerProtocolService (GrpcServerProtocolService.java:onCompleted(145)) - 42907c57-00bf-47e8-816a-b6f44f3b50df: Completed APPEND_ENTRIES, lastRequest: null
2022-10-30 01:06:48,248 [grpc-default-executor-2] INFO  server.GrpcLogAppender (GrpcLogAppender.java:onCompleted(415)) - 96632972-14e0-44d5-b3f2-8f1b1022e85f@group-93EB23A6C8F4->42907c57-00bf-47e8-816a-b6f44f3b50df-AppendLogResponseHandler: follower responses appendEntries COMPLETED
2022-10-30 01:06:48,248 [grpc-default-executor-2] INFO  leader.FollowerInfo (FollowerInfoImpl.java:lambda$new$0(48)) - 96632972-14e0-44d5-b3f2-8f1b1022e85f@group-93EB23A6C8F4->42907c57-00bf-47e8-816a-b6f44f3b50df: nextIndex: updateUnconditionally 0 -> 0
2022-10-30 01:06:48,249 [96632972-14e0-44d5-b3f2-8f1b1022e85f@group-93EB23A6C8F4-StateMachineUpdater] INFO  ratis.ContainerStateMachine (ContainerStateMachine.java:takeSnapshot(304)) - group-93EB23A6C8F4: Taking a snapshot at:(t:2, i:0) file /home/runner/work/ozone/ozone/hadoop-ozone/integration-test/target/test-dir/MiniOzoneClusterImpl-d77d6c10-3d51-4ae5-b04b-b5f3d2f20a3f/datanode-8/data/ratis/3132103f-68a2-45c8-9404-93eb23a6c8f4/sm/snapshot.2_0
2022-10-30 01:06:48,250 [Command processor thread] INFO  impl.StateMachineUpdater (StateMachineUpdater.java:stopAndJoin(153)) - 96632972-14e0-44d5-b3f2-8f1b1022e85f@group-93EB23A6C8F4-StateMachineUpdater: set stopIndex = 0
2022-10-30 01:06:48,250 [96632972-14e0-44d5-b3f2-8f1b1022e85f@group-93EB23A6C8F4-StateMachineUpdater] INFO  ratis.ContainerStateMachine (ContainerStateMachine.java:takeSnapshot(315)) - group-93EB23A6C8F4: Finished taking a snapshot at:(t:2, i:0) file:/home/runner/work/ozone/ozone/hadoop-ozone/integration-test/target/test-dir/MiniOzoneClusterImpl-d77d6c10-3d51-4ae5-b04b-b5f3d2f20a3f/datanode-8/data/ratis/3132103f-68a2-45c8-9404-93eb23a6c8f4/sm/snapshot.2_0 took: 1 ms
2022-10-30 01:06:48,250 [96632972-14e0-44d5-b3f2-8f1b1022e85f@group-93EB23A6C8F4-StateMachineUpdater] INFO  impl.StateMachineUpdater (StateMachineUpdater.java:takeSnapshot(287)) - 96632972-14e0-44d5-b3f2-8f1b1022e85f@group-93EB23A6C8F4-StateMachineUpdater: Took a snapshot at index 0
2022-10-30 01:06:48,250 [96632972-14e0-44d5-b3f2-8f1b1022e85f@group-93EB23A6C8F4-StateMachineUpdater] INFO  impl.StateMachineUpdater (StateMachineUpdater.java:lambda$new$0(92)) - 96632972-14e0-44d5-b3f2-8f1b1022e85f@group-93EB23A6C8F4-StateMachineUpdater: snapshotIndex: updateIncreasingly -1 -> 0
2022-10-30 01:06:48,251 [Command processor thread] INFO  server.RaftServer$Division (ServerState.java:close(466)) - 96632972-14e0-44d5-b3f2-8f1b1022e85f@group-93EB23A6C8F4: closes. applyIndex: 0
2022-10-30 01:06:48,251 [96632972-14e0-44d5-b3f2-8f1b1022e85f@group-93EB23A6C8F4-SegmentedRaftLogWorker] INFO  segmented.SegmentedRaftLogWorker (SegmentedRaftLogWorker.java:run(345)) - 96632972-14e0-44d5-b3f2-8f1b1022e85f@group-93EB23A6C8F4-SegmentedRaftLogWorker was interrupted, exiting. There are 0 tasks remaining in the queue.
2022-10-30 01:06:48,252 [Command processor thread] INFO  segmented.SegmentedRaftLogWorker (SegmentedRaftLogWorker.java:close(255)) - 96632972-14e0-44d5-b3f2-8f1b1022e85f@group-93EB23A6C8F4-SegmentedRaftLogWorker close()
2022-10-30 01:06:48,261 [Command processor thread] INFO  server.RaftServer$Division (RaftServerImpl.java:groupRemove(428)) - 96632972-14e0-44d5-b3f2-8f1b1022e85f@group-93EB23A6C8F4: Succeed to remove RaftStorageDirectory Storage Directory /home/runner/work/ozone/ozone/hadoop-ozone/integration-test/target/test-dir/MiniOzoneClusterImpl-d77d6c10-3d51-4ae5-b04b-b5f3d2f20a3f/datanode-8/data/ratis/3132103f-68a2-45c8-9404-93eb23a6c8f4
2022-10-30 01:06:48,261 [Command processor thread] INFO  commandhandler.ClosePipelineCommandHandler (ClosePipelineCommandHandler.java:handle(78)) - Close Pipeline PipelineID=3132103f-68a2-45c8-9404-93eb23a6c8f4 command on datanode 96632972-14e0-44d5-b3f2-8f1b1022e85f.
2022-10-30 01:06:48,261 [Command processor thread] INFO  server.RaftServer (RaftServerProxy.java:remove(107)) - 96632972-14e0-44d5-b3f2-8f1b1022e85f: remove  FOLLOWER 96632972-14e0-44d5-b3f2-8f1b1022e85f@group-63C8A9F83E46:t2, leader=42907c57-00bf-47e8-816a-b6f44f3b50df, voted=42907c57-00bf-47e8-816a-b6f44f3b50df, raftlog=Memoized:96632972-14e0-44d5-b3f2-8f1b1022e85f@group-63C8A9F83E46-SegmentedRaftLog:OPENED:c0, conf=0: peers:[96632972-14e0-44d5-b3f2-8f1b1022e85f|rpc:10.1.0.11:41713|dataStream:|priority:0|startupRole:FOLLOWER, 42907c57-00bf-47e8-816a-b6f44f3b50df|rpc:10.1.0.11:43117|dataStream:|priority:0|startupRole:FOLLOWER, 758ec025-fe09-4bac-8062-a2014e5c8846|rpc:10.1.0.11:46773|dataStream:|priority:1|startupRole:FOLLOWER]|listeners:[], old=null RUNNING
2022-10-30 01:06:48,262 [Command processor thread] INFO  server.RaftServer$Division (RaftServerImpl.java:lambda$close$4(458)) - 96632972-14e0-44d5-b3f2-8f1b1022e85f@group-63C8A9F83E46: shutdown
2022-10-30 01:06:48,262 [Command processor thread] INFO  util.JmxRegister (JmxRegister.java:unregister(73)) - Successfully un-registered JMX Bean with object name Ratis:service=RaftServer,group=group-63C8A9F83E46,id=96632972-14e0-44d5-b3f2-8f1b1022e85f
2022-10-30 01:06:48,262 [Command processor thread] INFO  impl.RoleInfo (RoleInfo.java:shutdownFollowerState(110)) - 96632972-14e0-44d5-b3f2-8f1b1022e85f: shutdown 96632972-14e0-44d5-b3f2-8f1b1022e85f@group-63C8A9F83E46-FollowerState
2022-10-30 01:06:48,262 [Command processor thread] INFO  impl.StateMachineUpdater (StateMachineUpdater.java:stopAndJoin(153)) - 96632972-14e0-44d5-b3f2-8f1b1022e85f@group-63C8A9F83E46-StateMachineUpdater: set stopIndex = 0
2022-10-30 01:06:48,262 [96632972-14e0-44d5-b3f2-8f1b1022e85f@group-63C8A9F83E46-FollowerState] INFO  impl.FollowerState (FollowerState.java:run(152)) - 96632972-14e0-44d5-b3f2-8f1b1022e85f@group-63C8A9F83E46-FollowerState was interrupted
2022-10-30 01:06:48,262 [96632972-14e0-44d5-b3f2-8f1b1022e85f@group-63C8A9F83E46-StateMachineUpdater] INFO  ratis.ContainerStateMachine (ContainerStateMachine.java:takeSnapshot(304)) - group-63C8A9F83E46: Taking a snapshot at:(t:2, i:0) file /home/runner/work/ozone/ozone/hadoop-ozone/integration-test/target/test-dir/MiniOzoneClusterImpl-d77d6c10-3d51-4ae5-b04b-b5f3d2f20a3f/datanode-8/data/ratis/e2a87e45-9f15-4d40-92e0-63c8a9f83e46/sm/snapshot.2_0
2022-10-30 01:06:48,263 [96632972-14e0-44d5-b3f2-8f1b1022e85f@group-63C8A9F83E46-StateMachineUpdater] INFO  ratis.ContainerStateMachine (ContainerStateMachine.java:takeSnapshot(315)) - group-63C8A9F83E46: Finished taking a snapshot at:(t:2, i:0) file:/home/runner/work/ozone/ozone/hadoop-ozone/integration-test/target/test-dir/MiniOzoneClusterImpl-d77d6c10-3d51-4ae5-b04b-b5f3d2f20a3f/datanode-8/data/ratis/e2a87e45-9f15-4d40-92e0-63c8a9f83e46/sm/snapshot.2_0 took: 1 ms
2022-10-30 01:06:48,264 [96632972-14e0-44d5-b3f2-8f1b1022e85f@group-63C8A9F83E46-StateMachineUpdater] INFO  impl.StateMachineUpdater (StateMachineUpdater.java:takeSnapshot(287)) - 96632972-14e0-44d5-b3f2-8f1b1022e85f@group-63C8A9F83E46-StateMachineUpdater: Took a snapshot at index 0
2022-10-30 01:06:48,264 [96632972-14e0-44d5-b3f2-8f1b1022e85f@group-63C8A9F83E46-StateMachineUpdater] INFO  impl.StateMachineUpdater (StateMachineUpdater.java:lambda$new$0(92)) - 96632972-14e0-44d5-b3f2-8f1b1022e85f@group-63C8A9F83E46-StateMachineUpdater: snapshotIndex: updateIncreasingly -1 -> 0
2022-10-30 01:06:48,264 [Command processor thread] INFO  server.RaftServer$Division (ServerState.java:close(466)) - 96632972-14e0-44d5-b3f2-8f1b1022e85f@group-63C8A9F83E46: closes. applyIndex: 0
2022-10-30 01:06:48,264 [96632972-14e0-44d5-b3f2-8f1b1022e85f@group-63C8A9F83E46-SegmentedRaftLogWorker] INFO  segmented.SegmentedRaftLogWorker (SegmentedRaftLogWorker.java:run(345)) - 96632972-14e0-44d5-b3f2-8f1b1022e85f@group-63C8A9F83E46-SegmentedRaftLogWorker was interrupted, exiting. There are 0 tasks remaining in the queue.
2022-10-30 01:06:48,266 [Command processor thread] INFO  segmented.SegmentedRaftLogWorker (SegmentedRaftLogWorker.java:close(255)) - 96632972-14e0-44d5-b3f2-8f1b1022e85f@group-63C8A9F83E46-SegmentedRaftLogWorker close()
2022-10-30 01:06:48,268 [Command processor thread] INFO  server.RaftServer$Division (RaftServerImpl.java:groupRemove(428)) - 96632972-14e0-44d5-b3f2-8f1b1022e85f@group-63C8A9F83E46: Succeed to remove RaftStorageDirectory Storage Directory /home/runner/work/ozone/ozone/hadoop-ozone/integration-test/target/test-dir/MiniOzoneClusterImpl-d77d6c10-3d51-4ae5-b04b-b5f3d2f20a3f/datanode-8/data/ratis/e2a87e45-9f15-4d40-92e0-63c8a9f83e46
2022-10-30 01:06:48,268 [Command processor thread] INFO  commandhandler.ClosePipelineCommandHandler (ClosePipelineCommandHandler.java:handle(78)) - Close Pipeline PipelineID=e2a87e45-9f15-4d40-92e0-63c8a9f83e46 command on datanode 96632972-14e0-44d5-b3f2-8f1b1022e85f.
2022-10-30 01:06:48,365 [86e92292-7141-46cb-9ed5-093a2cfc2b40@group-C5655235CD35-FollowerState] INFO  impl.FollowerState (FollowerState.java:run(143)) - 86e92292-7141-46cb-9ed5-093a2cfc2b40@group-C5655235CD35-FollowerState: change to CANDIDATE, lastRpcElapsedTime:5029215490ns, electionTimeout:5023ms
2022-10-30 01:06:48,366 [86e92292-7141-46cb-9ed5-093a2cfc2b40@group-C5655235CD35-FollowerState] INFO  impl.RoleInfo (RoleInfo.java:shutdownFollowerState(110)) - 86e92292-7141-46cb-9ed5-093a2cfc2b40: shutdown 86e92292-7141-46cb-9ed5-093a2cfc2b40@group-C5655235CD35-FollowerState
2022-10-30 01:06:48,366 [86e92292-7141-46cb-9ed5-093a2cfc2b40@group-C5655235CD35-FollowerState] INFO  server.RaftServer$Division (RaftServerImpl.java:setRole(321)) - 86e92292-7141-46cb-9ed5-093a2cfc2b40@group-C5655235CD35: changes role from  FOLLOWER to CANDIDATE at term 2 for changeToCandidate
2022-10-30 01:06:48,366 [86e92292-7141-46cb-9ed5-093a2cfc2b40@group-C5655235CD35-FollowerState] INFO  server.RaftServerConfigKeys (ConfUtils.java:logGet(46)) - raft.server.leaderelection.pre-vote = false (custom)
2022-10-30 01:06:48,366 [86e92292-7141-46cb-9ed5-093a2cfc2b40@group-C5655235CD35-FollowerState] INFO  impl.RoleInfo (RoleInfo.java:updateAndGet(139)) - 86e92292-7141-46cb-9ed5-093a2cfc2b40: start 86e92292-7141-46cb-9ed5-093a2cfc2b40@group-C5655235CD35-LeaderElection23
2022-10-30 01:06:48,371 [86e92292-7141-46cb-9ed5-093a2cfc2b40@group-C5655235CD35-LeaderElection23] INFO  impl.LeaderElection (LeaderElection.java:askForVotes(312)) - 86e92292-7141-46cb-9ed5-093a2cfc2b40@group-C5655235CD35-LeaderElection23 ELECTION round 0: submit vote requests at term 3 for -1: peers:[db967a0c-fd65-4f5b-99fe-08eeaf937185|rpc:10.1.0.11:46009|priority:0|startupRole:FOLLOWER, 7f2965ec-2a1d-4c0b-a486-0150db937947|rpc:10.1.0.11:43977|priority:1|startupRole:FOLLOWER, 86e92292-7141-46cb-9ed5-093a2cfc2b40|rpc:10.1.0.11:44269|priority:0|startupRole:FOLLOWER]|listeners:[], old=null
2022-10-30 01:06:48,374 [grpc-default-executor-2] INFO  server.RaftServer$Division (RaftServerImpl.java:requestVote(1218)) - db967a0c-fd65-4f5b-99fe-08eeaf937185@group-C5655235CD35: receive requestVote(ELECTION, 86e92292-7141-46cb-9ed5-093a2cfc2b40, group-C5655235CD35, 3, (t:0, i:0))
2022-10-30 01:06:48,374 [grpc-default-executor-2] INFO  impl.VoteContext (VoteContext.java:log(48)) - db967a0c-fd65-4f5b-99fe-08eeaf937185@group-C5655235CD35-FOLLOWER: accept ELECTION from 86e92292-7141-46cb-9ed5-093a2cfc2b40: our priority 0 <= candidate's priority 0
2022-10-30 01:06:48,374 [grpc-default-executor-2] INFO  server.RaftServer$Division (RaftServerImpl.java:setRole(321)) - db967a0c-fd65-4f5b-99fe-08eeaf937185@group-C5655235CD35: changes role from  FOLLOWER to FOLLOWER at term 3 for candidate:86e92292-7141-46cb-9ed5-093a2cfc2b40
2022-10-30 01:06:48,374 [grpc-default-executor-2] INFO  impl.RoleInfo (RoleInfo.java:shutdownFollowerState(110)) - db967a0c-fd65-4f5b-99fe-08eeaf937185: shutdown db967a0c-fd65-4f5b-99fe-08eeaf937185@group-C5655235CD35-FollowerState
2022-10-30 01:06:48,375 [86e92292-7141-46cb-9ed5-093a2cfc2b40@group-C5655235CD35-LeaderElection23] INFO  server.RaftServerConfigKeys (ConfUtils.java:logFallback(53)) - raft.server.rpc.first-election.timeout.min = 5s (fallback to raft.server.rpc.timeout.min)
2022-10-30 01:06:48,375 [86e92292-7141-46cb-9ed5-093a2cfc2b40@group-C5655235CD35-LeaderElection23] INFO  server.RaftServerConfigKeys (ConfUtils.java:logFallback(53)) - raft.server.rpc.first-election.timeout.max = 5200ms (fallback to raft.server.rpc.timeout.max)
2022-10-30 01:06:48,375 [grpc-default-executor-2] INFO  impl.RoleInfo (RoleInfo.java:updateAndGet(139)) - db967a0c-fd65-4f5b-99fe-08eeaf937185: start db967a0c-fd65-4f5b-99fe-08eeaf937185@group-C5655235CD35-FollowerState
2022-10-30 01:06:48,375 [db967a0c-fd65-4f5b-99fe-08eeaf937185@group-C5655235CD35-FollowerState] INFO  impl.FollowerState (FollowerState.java:run(152)) - db967a0c-fd65-4f5b-99fe-08eeaf937185@group-C5655235CD35-FollowerState was interrupted
2022-10-30 01:06:48,377 [grpc-default-executor-3] INFO  server.RaftServer$Division (RaftServerImpl.java:requestVote(1218)) - 7f2965ec-2a1d-4c0b-a486-0150db937947@group-C5655235CD35: receive requestVote(ELECTION, 86e92292-7141-46cb-9ed5-093a2cfc2b40, group-C5655235CD35, 3, (t:0, i:0))
2022-10-30 01:06:48,382 [grpc-default-executor-3] INFO  impl.VoteContext (VoteContext.java:log(48)) - 7f2965ec-2a1d-4c0b-a486-0150db937947@group-C5655235CD35-FOLLOWER: reject ELECTION from 86e92292-7141-46cb-9ed5-093a2cfc2b40: our priority 1 > candidate's priority 0
2022-10-30 01:06:48,382 [grpc-default-executor-3] INFO  server.RaftServer$Division (RaftServerImpl.java:setRole(321)) - 7f2965ec-2a1d-4c0b-a486-0150db937947@group-C5655235CD35: changes role from  FOLLOWER to FOLLOWER at term 3 for candidate:86e92292-7141-46cb-9ed5-093a2cfc2b40
2022-10-30 01:06:48,382 [grpc-default-executor-3] INFO  impl.RoleInfo (RoleInfo.java:shutdownFollowerState(110)) - 7f2965ec-2a1d-4c0b-a486-0150db937947: shutdown 7f2965ec-2a1d-4c0b-a486-0150db937947@group-C5655235CD35-FollowerState
2022-10-30 01:06:48,382 [grpc-default-executor-2] INFO  server.RaftServer$Division (RaftServerImpl.java:requestVote(1251)) - db967a0c-fd65-4f5b-99fe-08eeaf937185@group-C5655235CD35 replies to ELECTION vote request: 86e92292-7141-46cb-9ed5-093a2cfc2b40<-db967a0c-fd65-4f5b-99fe-08eeaf937185#0:OK-t3. Peer's state: db967a0c-fd65-4f5b-99fe-08eeaf937185@group-C5655235CD35:t3, leader=null, voted=86e92292-7141-46cb-9ed5-093a2cfc2b40, raftlog=Memoized:db967a0c-fd65-4f5b-99fe-08eeaf937185@group-C5655235CD35-SegmentedRaftLog:OPENED:c-1, conf=-1: peers:[db967a0c-fd65-4f5b-99fe-08eeaf937185|rpc:10.1.0.11:46009|priority:0|startupRole:FOLLOWER, 7f2965ec-2a1d-4c0b-a486-0150db937947|rpc:10.1.0.11:43977|priority:1|startupRole:FOLLOWER, 86e92292-7141-46cb-9ed5-093a2cfc2b40|rpc:10.1.0.11:44269|priority:0|startupRole:FOLLOWER]|listeners:[], old=null
2022-10-30 01:06:48,382 [7f2965ec-2a1d-4c0b-a486-0150db937947@group-C5655235CD35-FollowerState] INFO  impl.FollowerState (FollowerState.java:run(152)) - 7f2965ec-2a1d-4c0b-a486-0150db937947@group-C5655235CD35-FollowerState was interrupted
2022-10-30 01:06:48,382 [grpc-default-executor-3] INFO  impl.RoleInfo (RoleInfo.java:updateAndGet(139)) - 7f2965ec-2a1d-4c0b-a486-0150db937947: start 7f2965ec-2a1d-4c0b-a486-0150db937947@group-C5655235CD35-FollowerState
2022-10-30 01:06:48,384 [db967a0c-fd65-4f5b-99fe-08eeaf937185@group-C5655235CD35-FollowerState] INFO  server.RaftServerConfigKeys (ConfUtils.java:logFallback(53)) - raft.server.rpc.first-election.timeout.min = 5s (fallback to raft.server.rpc.timeout.min)
2022-10-30 01:06:48,390 [db967a0c-fd65-4f5b-99fe-08eeaf937185@group-C5655235CD35-FollowerState] INFO  server.RaftServerConfigKeys (ConfUtils.java:logFallback(53)) - raft.server.rpc.first-election.timeout.max = 5200ms (fallback to raft.server.rpc.timeout.max)
2022-10-30 01:06:48,384 [grpc-default-executor-3] INFO  server.RaftServer$Division (RaftServerImpl.java:requestVote(1251)) - 7f2965ec-2a1d-4c0b-a486-0150db937947@group-C5655235CD35 replies to ELECTION vote request: 86e92292-7141-46cb-9ed5-093a2cfc2b40<-7f2965ec-2a1d-4c0b-a486-0150db937947#0:FAIL-t3. Peer's state: 7f2965ec-2a1d-4c0b-a486-0150db937947@group-C5655235CD35:t3, leader=null, voted=null, raftlog=Memoized:7f2965ec-2a1d-4c0b-a486-0150db937947@group-C5655235CD35-SegmentedRaftLog:OPENED:c-1, conf=-1: peers:[db967a0c-fd65-4f5b-99fe-08eeaf937185|rpc:10.1.0.11:46009|dataStream:|priority:0|startupRole:FOLLOWER, 7f2965ec-2a1d-4c0b-a486-0150db937947|rpc:10.1.0.11:43977|dataStream:|priority:1|startupRole:FOLLOWER, 86e92292-7141-46cb-9ed5-093a2cfc2b40|rpc:10.1.0.11:44269|dataStream:|priority:0|startupRole:FOLLOWER]|listeners:[], old=null
2022-10-30 01:06:48,391 [86e92292-7141-46cb-9ed5-093a2cfc2b40@group-C5655235CD35-LeaderElection23] INFO  impl.LeaderElection (LeaderElection.java:logAndReturn(90)) - 86e92292-7141-46cb-9ed5-093a2cfc2b40@group-C5655235CD35-LeaderElection23: ELECTION REJECTED received 2 response(s) and 0 exception(s):
2022-10-30 01:06:48,391 [86e92292-7141-46cb-9ed5-093a2cfc2b40@group-C5655235CD35-LeaderElection23] INFO  impl.LeaderElection (LeaderElection.java:logAndReturn(94)) -   Response 0: 86e92292-7141-46cb-9ed5-093a2cfc2b40<-db967a0c-fd65-4f5b-99fe-08eeaf937185#0:OK-t3
2022-10-30 01:06:48,391 [86e92292-7141-46cb-9ed5-093a2cfc2b40@group-C5655235CD35-LeaderElection23] INFO  impl.LeaderElection (LeaderElection.java:logAndReturn(94)) -   Response 1: 86e92292-7141-46cb-9ed5-093a2cfc2b40<-7f2965ec-2a1d-4c0b-a486-0150db937947#0:FAIL-t3
2022-10-30 01:06:48,391 [86e92292-7141-46cb-9ed5-093a2cfc2b40@group-C5655235CD35-LeaderElection23] INFO  impl.LeaderElection (LeaderElection.java:askForVotes(314)) - 86e92292-7141-46cb-9ed5-093a2cfc2b40@group-C5655235CD35-LeaderElection23 ELECTION round 0: result REJECTED
2022-10-30 01:06:48,391 [86e92292-7141-46cb-9ed5-093a2cfc2b40@group-C5655235CD35-LeaderElection23] INFO  server.RaftServer$Division (RaftServerImpl.java:setRole(321)) - 86e92292-7141-46cb-9ed5-093a2cfc2b40@group-C5655235CD35: changes role from CANDIDATE to FOLLOWER at term 3 for REJECTED
2022-10-30 01:06:48,391 [86e92292-7141-46cb-9ed5-093a2cfc2b40@group-C5655235CD35-LeaderElection23] INFO  impl.RoleInfo (RoleInfo.java:shutdownLeaderElection(130)) - 86e92292-7141-46cb-9ed5-093a2cfc2b40: shutdown 86e92292-7141-46cb-9ed5-093a2cfc2b40@group-C5655235CD35-LeaderElection23
2022-10-30 01:06:48,391 [86e92292-7141-46cb-9ed5-093a2cfc2b40@group-C5655235CD35-LeaderElection23] INFO  impl.RoleInfo (RoleInfo.java:updateAndGet(139)) - 86e92292-7141-46cb-9ed5-093a2cfc2b40: start 86e92292-7141-46cb-9ed5-093a2cfc2b40@group-C5655235CD35-FollowerState
2022-10-30 01:06:48,390 [7f2965ec-2a1d-4c0b-a486-0150db937947@group-C5655235CD35-FollowerState] INFO  server.RaftServerConfigKeys (ConfUtils.java:logFallback(53)) - raft.server.rpc.first-election.timeout.min = 5s (fallback to raft.server.rpc.timeout.min)
2022-10-30 01:06:48,392 [7f2965ec-2a1d-4c0b-a486-0150db937947@group-C5655235CD35-FollowerState] INFO  server.RaftServerConfigKeys (ConfUtils.java:logFallback(53)) - raft.server.rpc.first-election.timeout.max = 5200ms (fallback to raft.server.rpc.timeout.max)
2022-10-30 01:06:48,392 [86e92292-7141-46cb-9ed5-093a2cfc2b40@group-C5655235CD35-FollowerState] INFO  server.RaftServerConfigKeys (ConfUtils.java:logFallback(53)) - raft.server.rpc.first-election.timeout.min = 5s (fallback to raft.server.rpc.timeout.min)
2022-10-30 01:06:48,392 [86e92292-7141-46cb-9ed5-093a2cfc2b40@group-C5655235CD35-FollowerState] INFO  server.RaftServerConfigKeys (ConfUtils.java:logFallback(53)) - raft.server.rpc.first-election.timeout.max = 5200ms (fallback to raft.server.rpc.timeout.max)
2022-10-30 01:06:49,075 [7f2965ec-2a1d-4c0b-a486-0150db937947@group-C2E61F12FD9A-FollowerState] INFO  server.RaftServerConfigKeys (ConfUtils.java:logFallback(53)) - raft.server.rpc.first-election.timeout.min = 5s (fallback to raft.server.rpc.timeout.min)
2022-10-30 01:06:49,076 [7f2965ec-2a1d-4c0b-a486-0150db937947@group-C2E61F12FD9A-FollowerState] INFO  server.RaftServerConfigKeys (ConfUtils.java:logFallback(53)) - raft.server.rpc.first-election.timeout.max = 5200ms (fallback to raft.server.rpc.timeout.max)
2022-10-30 01:06:49,094 [db967a0c-fd65-4f5b-99fe-08eeaf937185@group-C2E61F12FD9A-FollowerState] INFO  impl.FollowerState (FollowerState.java:run(143)) - db967a0c-fd65-4f5b-99fe-08eeaf937185@group-C2E61F12FD9A-FollowerState: change to CANDIDATE, lastRpcElapsedTime:5085613035ns, electionTimeout:5081ms
2022-10-30 01:06:49,094 [db967a0c-fd65-4f5b-99fe-08eeaf937185@group-C2E61F12FD9A-FollowerState] INFO  impl.RoleInfo (RoleInfo.java:shutdownFollowerState(110)) - db967a0c-fd65-4f5b-99fe-08eeaf937185: shutdown db967a0c-fd65-4f5b-99fe-08eeaf937185@group-C2E61F12FD9A-FollowerState
2022-10-30 01:06:49,094 [db967a0c-fd65-4f5b-99fe-08eeaf937185@group-C2E61F12FD9A-FollowerState] INFO  server.RaftServer$Division (RaftServerImpl.java:setRole(321)) - db967a0c-fd65-4f5b-99fe-08eeaf937185@group-C2E61F12FD9A: changes role from  FOLLOWER to CANDIDATE at term 2 for changeToCandidate
2022-10-30 01:06:49,094 [db967a0c-fd65-4f5b-99fe-08eeaf937185@group-C2E61F12FD9A-FollowerState] INFO  server.RaftServerConfigKeys (ConfUtils.java:logGet(46)) - raft.server.leaderelection.pre-vote = false (custom)
2022-10-30 01:06:49,094 [db967a0c-fd65-4f5b-99fe-08eeaf937185@group-C2E61F12FD9A-FollowerState] INFO  impl.RoleInfo (RoleInfo.java:updateAndGet(139)) - db967a0c-fd65-4f5b-99fe-08eeaf937185: start db967a0c-fd65-4f5b-99fe-08eeaf937185@group-C2E61F12FD9A-LeaderElection24
2022-10-30 01:06:49,102 [db967a0c-fd65-4f5b-99fe-08eeaf937185@group-C2E61F12FD9A-LeaderElection24] INFO  impl.LeaderElection (LeaderElection.java:askForVotes(312)) - db967a0c-fd65-4f5b-99fe-08eeaf937185@group-C2E61F12FD9A-LeaderElection24 ELECTION round 0: submit vote requests at term 3 for -1: peers:[db967a0c-fd65-4f5b-99fe-08eeaf937185|rpc:10.1.0.11:46009|priority:1|startupRole:FOLLOWER, 7f2965ec-2a1d-4c0b-a486-0150db937947|rpc:10.1.0.11:43977|priority:0|startupRole:FOLLOWER, 86e92292-7141-46cb-9ed5-093a2cfc2b40|rpc:10.1.0.11:44269|priority:0|startupRole:FOLLOWER]|listeners:[], old=null
2022-10-30 01:06:49,102 [db967a0c-fd65-4f5b-99fe-08eeaf937185@group-C2E61F12FD9A-LeaderElection24-1] INFO  server.GrpcServerProtocolClient (GrpcServerProtocolClient.java:<init>(63)) - Build channel for 7f2965ec-2a1d-4c0b-a486-0150db937947
2022-10-30 01:06:49,104 [db967a0c-fd65-4f5b-99fe-08eeaf937185@group-C2E61F12FD9A-LeaderElection24] INFO  server.RaftServerConfigKeys (ConfUtils.java:logFallback(53)) - raft.server.rpc.first-election.timeout.min = 5s (fallback to raft.server.rpc.timeout.min)
2022-10-30 01:06:49,104 [db967a0c-fd65-4f5b-99fe-08eeaf937185@group-C2E61F12FD9A-LeaderElection24] INFO  server.RaftServerConfigKeys (ConfUtils.java:logFallback(53)) - raft.server.rpc.first-election.timeout.max = 5200ms (fallback to raft.server.rpc.timeout.max)
2022-10-30 01:06:49,104 [db967a0c-fd65-4f5b-99fe-08eeaf937185@group-C2E61F12FD9A-LeaderElection24-2] INFO  server.GrpcServerProtocolClient (GrpcServerProtocolClient.java:<init>(63)) - Build channel for 86e92292-7141-46cb-9ed5-093a2cfc2b40
2022-10-30 01:06:49,109 [grpc-default-executor-3] INFO  server.RaftServer$Division (RaftServerImpl.java:requestVote(1218)) - 7f2965ec-2a1d-4c0b-a486-0150db937947@group-C2E61F12FD9A: receive requestVote(ELECTION, db967a0c-fd65-4f5b-99fe-08eeaf937185, group-C2E61F12FD9A, 3, (t:0, i:0))
2022-10-30 01:06:49,109 [grpc-default-executor-3] INFO  impl.VoteContext (VoteContext.java:log(48)) - 7f2965ec-2a1d-4c0b-a486-0150db937947@group-C2E61F12FD9A-FOLLOWER: accept ELECTION from db967a0c-fd65-4f5b-99fe-08eeaf937185: our priority 0 <= candidate's priority 1
2022-10-30 01:06:49,109 [grpc-default-executor-3] INFO  server.RaftServer$Division (RaftServerImpl.java:setRole(321)) - 7f2965ec-2a1d-4c0b-a486-0150db937947@group-C2E61F12FD9A: changes role from  FOLLOWER to FOLLOWER at term 3 for candidate:db967a0c-fd65-4f5b-99fe-08eeaf937185
2022-10-30 01:06:49,109 [grpc-default-executor-3] INFO  impl.RoleInfo (RoleInfo.java:shutdownFollowerState(110)) - 7f2965ec-2a1d-4c0b-a486-0150db937947: shutdown 7f2965ec-2a1d-4c0b-a486-0150db937947@group-C2E61F12FD9A-FollowerState
2022-10-30 01:06:49,109 [grpc-default-executor-3] INFO  impl.RoleInfo (RoleInfo.java:updateAndGet(139)) - 7f2965ec-2a1d-4c0b-a486-0150db937947: start 7f2965ec-2a1d-4c0b-a486-0150db937947@group-C2E61F12FD9A-FollowerState
2022-10-30 01:06:49,110 [7f2965ec-2a1d-4c0b-a486-0150db937947@group-C2E61F12FD9A-FollowerState] INFO  impl.FollowerState (FollowerState.java:run(152)) - 7f2965ec-2a1d-4c0b-a486-0150db937947@group-C2E61F12FD9A-FollowerState was interrupted
2022-10-30 01:06:49,111 [grpc-default-executor-3] INFO  server.RaftServer$Division (RaftServerImpl.java:requestVote(1251)) - 7f2965ec-2a1d-4c0b-a486-0150db937947@group-C2E61F12FD9A replies to ELECTION vote request: db967a0c-fd65-4f5b-99fe-08eeaf937185<-7f2965ec-2a1d-4c0b-a486-0150db937947#0:OK-t3. Peer's state: 7f2965ec-2a1d-4c0b-a486-0150db937947@group-C2E61F12FD9A:t3, leader=null, voted=db967a0c-fd65-4f5b-99fe-08eeaf937185, raftlog=Memoized:7f2965ec-2a1d-4c0b-a486-0150db937947@group-C2E61F12FD9A-SegmentedRaftLog:OPENED:c-1, conf=-1: peers:[db967a0c-fd65-4f5b-99fe-08eeaf937185|rpc:10.1.0.11:46009|priority:1|startupRole:FOLLOWER, 7f2965ec-2a1d-4c0b-a486-0150db937947|rpc:10.1.0.11:43977|priority:0|startupRole:FOLLOWER, 86e92292-7141-46cb-9ed5-093a2cfc2b40|rpc:10.1.0.11:44269|priority:0|startupRole:FOLLOWER]|listeners:[], old=null
2022-10-30 01:06:49,115 [db967a0c-fd65-4f5b-99fe-08eeaf937185@group-C2E61F12FD9A-LeaderElection24] INFO  impl.LeaderElection (LeaderElection.java:logAndReturn(90)) - db967a0c-fd65-4f5b-99fe-08eeaf937185@group-C2E61F12FD9A-LeaderElection24: ELECTION PASSED received 1 response(s) and 0 exception(s):
2022-10-30 01:06:49,115 [db967a0c-fd65-4f5b-99fe-08eeaf937185@group-C2E61F12FD9A-LeaderElection24] INFO  impl.LeaderElection (LeaderElection.java:logAndReturn(94)) -   Response 0: db967a0c-fd65-4f5b-99fe-08eeaf937185<-7f2965ec-2a1d-4c0b-a486-0150db937947#0:OK-t3
2022-10-30 01:06:49,115 [db967a0c-fd65-4f5b-99fe-08eeaf937185@group-C2E61F12FD9A-LeaderElection24] INFO  impl.LeaderElection (LeaderElection.java:askForVotes(314)) - db967a0c-fd65-4f5b-99fe-08eeaf937185@group-C2E61F12FD9A-LeaderElection24 ELECTION round 0: result PASSED
2022-10-30 01:06:49,115 [db967a0c-fd65-4f5b-99fe-08eeaf937185@group-C2E61F12FD9A-LeaderElection24] INFO  impl.RoleInfo (RoleInfo.java:shutdownLeaderElection(130)) - db967a0c-fd65-4f5b-99fe-08eeaf937185: shutdown db967a0c-fd65-4f5b-99fe-08eeaf937185@group-C2E61F12FD9A-LeaderElection24
2022-10-30 01:06:49,115 [db967a0c-fd65-4f5b-99fe-08eeaf937185@group-C2E61F12FD9A-LeaderElection24] INFO  server.RaftServer$Division (RaftServerImpl.java:setRole(321)) - db967a0c-fd65-4f5b-99fe-08eeaf937185@group-C2E61F12FD9A: changes role from CANDIDATE to LEADER at term 3 for changeToLeader
2022-10-30 01:06:49,115 [db967a0c-fd65-4f5b-99fe-08eeaf937185@group-C2E61F12FD9A-LeaderElection24] INFO  ratis.XceiverServerRatis (XceiverServerRatis.java:handleLeaderChangedNotification(863)) - Leader change notification received for group: group-C2E61F12FD9A with new leaderId: db967a0c-fd65-4f5b-99fe-08eeaf937185
2022-10-30 01:06:49,115 [7f2965ec-2a1d-4c0b-a486-0150db937947@group-C2E61F12FD9A-FollowerState] INFO  server.RaftServerConfigKeys (ConfUtils.java:logFallback(53)) - raft.server.rpc.first-election.timeout.min = 5s (fallback to raft.server.rpc.timeout.min)
2022-10-30 01:06:49,115 [7f2965ec-2a1d-4c0b-a486-0150db937947@group-C2E61F12FD9A-FollowerState] INFO  server.RaftServerConfigKeys (ConfUtils.java:logFallback(53)) - raft.server.rpc.first-election.timeout.max = 5200ms (fallback to raft.server.rpc.timeout.max)
2022-10-30 01:06:49,116 [EventQueue-PipelineReportForPipelineReportHandler] INFO  pipeline.PipelineManagerImpl (PipelineManagerImpl.java:openPipeline(367)) - Pipeline Pipeline[ Id: be69ebd1-f1e5-4af8-8a04-c2e61f12fd9a, Nodes: 7f2965ec-2a1d-4c0b-a486-0150db937947{ip: 10.1.0.11, host: fv-az99-422.euuzywwtp3iu5l5aj42nbmzodg.gx.internal.cloudapp.net, ports: [REPLICATION=39237, RATIS=43977, RATIS_ADMIN=43977, RATIS_SERVER=43977, STANDALONE=40797], networkLocation: /default-rack, certSerialId: null, persistedOpState: IN_SERVICE, persistedOpStateExpiryEpochSec: 0}db967a0c-fd65-4f5b-99fe-08eeaf937185{ip: 10.1.0.11, host: fv-az99-422.euuzywwtp3iu5l5aj42nbmzodg.gx.internal.cloudapp.net, ports: [REPLICATION=33115, RATIS=46009, RATIS_ADMIN=46009, RATIS_SERVER=46009, STANDALONE=42087], networkLocation: /default-rack, certSerialId: null, persistedOpState: IN_SERVICE, persistedOpStateExpiryEpochSec: 0}86e92292-7141-46cb-9ed5-093a2cfc2b40{ip: 10.1.0.11, host: fv-az99-422.euuzywwtp3iu5l5aj42nbmzodg.gx.internal.cloudapp.net, ports: [REPLICATION=42541, RATIS=44269, RATIS_ADMIN=44269, RATIS_SERVER=44269, STANDALONE=37771], networkLocation: /default-rack, certSerialId: null, persistedOpState: IN_SERVICE, persistedOpStateExpiryEpochSec: 0}, ReplicationConfig: RATIS/THREE, State:ALLOCATED, leaderId:db967a0c-fd65-4f5b-99fe-08eeaf937185, CreationTimestamp2022-10-30T01:06:30.737Z[Etc/UTC]] moved to OPEN state
2022-10-30 01:06:49,116 [grpc-default-executor-3] INFO  server.RaftServer$Division (RaftServerImpl.java:requestVote(1218)) - 86e92292-7141-46cb-9ed5-093a2cfc2b40@group-C2E61F12FD9A: receive requestVote(ELECTION, db967a0c-fd65-4f5b-99fe-08eeaf937185, group-C2E61F12FD9A, 3, (t:0, i:0))
2022-10-30 01:06:49,118 [grpc-default-executor-3] INFO  impl.VoteContext (VoteContext.java:log(48)) - 86e92292-7141-46cb-9ed5-093a2cfc2b40@group-C2E61F12FD9A-FOLLOWER: accept ELECTION from db967a0c-fd65-4f5b-99fe-08eeaf937185: our priority 0 <= candidate's priority 1
2022-10-30 01:06:49,118 [grpc-default-executor-3] INFO  server.RaftServer$Division (RaftServerImpl.java:setRole(321)) - 86e92292-7141-46cb-9ed5-093a2cfc2b40@group-C2E61F12FD9A: changes role from  FOLLOWER to FOLLOWER at term 3 for candidate:db967a0c-fd65-4f5b-99fe-08eeaf937185
2022-10-30 01:06:49,118 [grpc-default-executor-3] INFO  impl.RoleInfo (RoleInfo.java:shutdownFollowerState(110)) - 86e92292-7141-46cb-9ed5-093a2cfc2b40: shutdown 86e92292-7141-46cb-9ed5-093a2cfc2b40@group-C2E61F12FD9A-FollowerState
2022-10-30 01:06:49,118 [grpc-default-executor-3] INFO  impl.RoleInfo (RoleInfo.java:updateAndGet(139)) - 86e92292-7141-46cb-9ed5-093a2cfc2b40: start 86e92292-7141-46cb-9ed5-093a2cfc2b40@group-C2E61F12FD9A-FollowerState
2022-10-30 01:06:49,115 [db967a0c-fd65-4f5b-99fe-08eeaf937185@group-C2E61F12FD9A-LeaderElection24] INFO  server.RaftServer$Division (ServerState.java:setLeader(313)) - db967a0c-fd65-4f5b-99fe-08eeaf937185@group-C2E61F12FD9A: change Leader from null to db967a0c-fd65-4f5b-99fe-08eeaf937185 at term 3 for becomeLeader, leader elected after 15172ms
2022-10-30 01:06:49,119 [db967a0c-fd65-4f5b-99fe-08eeaf937185@group-C2E61F12FD9A-LeaderElection24] INFO  server.RaftServerConfigKeys (ConfUtils.java:logGet(46)) - raft.server.staging.catchup.gap = 1000 (default)
2022-10-30 01:06:49,119 [86e92292-7141-46cb-9ed5-093a2cfc2b40@group-C2E61F12FD9A-FollowerState] INFO  impl.FollowerState (FollowerState.java:run(152)) - 86e92292-7141-46cb-9ed5-093a2cfc2b40@group-C2E61F12FD9A-FollowerState was interrupted
2022-10-30 01:06:49,123 [grpc-default-executor-3] INFO  server.RaftServer$Division (RaftServerImpl.java:requestVote(1251)) - 86e92292-7141-46cb-9ed5-093a2cfc2b40@group-C2E61F12FD9A replies to ELECTION vote request: db967a0c-fd65-4f5b-99fe-08eeaf937185<-86e92292-7141-46cb-9ed5-093a2cfc2b40#0:OK-t3. Peer's state: 86e92292-7141-46cb-9ed5-093a2cfc2b40@group-C2E61F12FD9A:t3, leader=null, voted=db967a0c-fd65-4f5b-99fe-08eeaf937185, raftlog=Memoized:86e92292-7141-46cb-9ed5-093a2cfc2b40@group-C2E61F12FD9A-SegmentedRaftLog:OPENED:c-1, conf=-1: peers:[db967a0c-fd65-4f5b-99fe-08eeaf937185|rpc:10.1.0.11:46009|priority:1|startupRole:FOLLOWER, 7f2965ec-2a1d-4c0b-a486-0150db937947|rpc:10.1.0.11:43977|priority:0|startupRole:FOLLOWER, 86e92292-7141-46cb-9ed5-093a2cfc2b40|rpc:10.1.0.11:44269|priority:0|startupRole:FOLLOWER]|listeners:[], old=null
2022-10-30 01:06:49,126 [db967a0c-fd65-4f5b-99fe-08eeaf937185@group-C2E61F12FD9A-LeaderElection24] INFO  server.RaftServerConfigKeys (ConfUtils.java:logGet(46)) - raft.server.write.element-limit = 1024 (custom)
2022-10-30 01:06:49,128 [db967a0c-fd65-4f5b-99fe-08eeaf937185@group-C2E61F12FD9A-LeaderElection24] INFO  server.RaftServerConfigKeys (ConfUtils.java:logGet(46)) - raft.server.write.byte-limit = 1024 M (=1073741824) (custom)
2022-10-30 01:06:49,128 [db967a0c-fd65-4f5b-99fe-08eeaf937185@group-C2E61F12FD9A-LeaderElection24] INFO  server.RaftServerConfigKeys (ConfUtils.java:logGet(46)) - raft.server.watch.timeout = 180s (custom)
2022-10-30 01:06:49,128 [db967a0c-fd65-4f5b-99fe-08eeaf937185@group-C2E61F12FD9A-LeaderElection24] INFO  server.RaftServerConfigKeys (ConfUtils.java:logGet(46)) - raft.server.watch.timeout.denomination = 1s (default)
2022-10-30 01:06:49,128 [db967a0c-fd65-4f5b-99fe-08eeaf937185@group-C2E61F12FD9A-LeaderElection24] INFO  server.RaftServerConfigKeys (ConfUtils.java:logGet(46)) - raft.server.watch.element-limit = 65536 (default)
2022-10-30 01:06:49,128 [db967a0c-fd65-4f5b-99fe-08eeaf937185@group-C2E61F12FD9A-LeaderElection24] INFO  server.RaftServerConfigKeys (ConfUtils.java:logGet(46)) - raft.server.write.element-limit = 1024 (custom)
2022-10-30 01:06:49,128 [db967a0c-fd65-4f5b-99fe-08eeaf937185@group-C2E61F12FD9A-LeaderElection24] INFO  server.RaftServerConfigKeys (ConfUtils.java:logGet(46)) - raft.server.write.follower.gap.ratio.max = -1.0 (default)
2022-10-30 01:06:49,129 [db967a0c-fd65-4f5b-99fe-08eeaf937185@group-C2E61F12FD9A-LeaderElection24] INFO  server.RaftServerConfigKeys (ConfUtils.java:logGet(46)) - raft.server.log.appender.snapshot.chunk.size.max = 16MB (=16777216) (default)
2022-10-30 01:06:49,129 [db967a0c-fd65-4f5b-99fe-08eeaf937185@group-C2E61F12FD9A-LeaderElection24] INFO  server.RaftServerConfigKeys (ConfUtils.java:logGet(46)) - raft.server.log.appender.buffer.byte-limit = 33554432 (custom)
2022-10-30 01:06:49,129 [db967a0c-fd65-4f5b-99fe-08eeaf937185@group-C2E61F12FD9A-LeaderElection24] INFO  server.RaftServerConfigKeys (ConfUtils.java:logGet(46)) - raft.server.log.appender.buffer.element-limit = 1 (custom)
2022-10-30 01:06:49,129 [db967a0c-fd65-4f5b-99fe-08eeaf937185@group-C2E61F12FD9A-LeaderElection24] INFO  grpc.GrpcConfigKeys (ConfUtils.java:logGet(46)) - raft.grpc.server.leader.outstanding.appends.max = 128 (default)
2022-10-30 01:06:49,129 [db967a0c-fd65-4f5b-99fe-08eeaf937185@group-C2E61F12FD9A-LeaderElection24] INFO  server.RaftServerConfigKeys (ConfUtils.java:logGet(46)) - raft.server.rpc.request.timeout = 60s (custom)
2022-10-30 01:06:49,129 [db967a0c-fd65-4f5b-99fe-08eeaf937185@group-C2E61F12FD9A-LeaderElection24] INFO  server.RaftServerConfigKeys (ConfUtils.java:logGet(46)) - raft.server.log.appender.install.snapshot.enabled = false (custom)
2022-10-30 01:06:49,129 [db967a0c-fd65-4f5b-99fe-08eeaf937185@group-C2E61F12FD9A-LeaderElection24] INFO  grpc.GrpcConfigKeys (ConfUtils.java:logGet(46)) - raft.grpc.server.heartbeat.channel = true (default)
2022-10-30 01:06:49,129 [db967a0c-fd65-4f5b-99fe-08eeaf937185@group-C2E61F12FD9A-LeaderElection24] INFO  server.RaftServerConfigKeys (ConfUtils.java:logGet(46)) - raft.server.log.appender.wait-time.min = 10ms (default)
2022-10-30 01:06:49,130 [db967a0c-fd65-4f5b-99fe-08eeaf937185@group-C2E61F12FD9A-LeaderElection24] INFO  server.RaftServerConfigKeys (ConfUtils.java:logGet(46)) - raft.server.log.appender.snapshot.chunk.size.max = 16MB (=16777216) (default)
2022-10-30 01:06:49,130 [db967a0c-fd65-4f5b-99fe-08eeaf937185@group-C2E61F12FD9A-LeaderElection24] INFO  server.RaftServerConfigKeys (ConfUtils.java:logGet(46)) - raft.server.log.appender.buffer.byte-limit = 33554432 (custom)
2022-10-30 01:06:49,130 [db967a0c-fd65-4f5b-99fe-08eeaf937185@group-C2E61F12FD9A-LeaderElection24] INFO  server.RaftServerConfigKeys (ConfUtils.java:logGet(46)) - raft.server.log.appender.buffer.element-limit = 1 (custom)
2022-10-30 01:06:49,130 [db967a0c-fd65-4f5b-99fe-08eeaf937185@group-C2E61F12FD9A-LeaderElection24] INFO  grpc.GrpcConfigKeys (ConfUtils.java:logGet(46)) - raft.grpc.server.leader.outstanding.appends.max = 128 (default)
2022-10-30 01:06:49,130 [db967a0c-fd65-4f5b-99fe-08eeaf937185@group-C2E61F12FD9A-LeaderElection24] INFO  server.RaftServerConfigKeys (ConfUtils.java:logGet(46)) - raft.server.rpc.request.timeout = 60s (custom)
2022-10-30 01:06:49,130 [db967a0c-fd65-4f5b-99fe-08eeaf937185@group-C2E61F12FD9A-LeaderElection24] INFO  server.RaftServerConfigKeys (ConfUtils.java:logGet(46)) - raft.server.log.appender.install.snapshot.enabled = false (custom)
2022-10-30 01:06:49,130 [db967a0c-fd65-4f5b-99fe-08eeaf937185@group-C2E61F12FD9A-LeaderElection24] INFO  grpc.GrpcConfigKeys (ConfUtils.java:logGet(46)) - raft.grpc.server.heartbeat.channel = true (default)
2022-10-30 01:06:49,130 [db967a0c-fd65-4f5b-99fe-08eeaf937185@group-C2E61F12FD9A-LeaderElection24] INFO  server.RaftServerConfigKeys (ConfUtils.java:logGet(46)) - raft.server.log.appender.wait-time.min = 10ms (default)
2022-10-30 01:06:49,130 [db967a0c-fd65-4f5b-99fe-08eeaf937185@group-C2E61F12FD9A-LeaderElection24] INFO  impl.RoleInfo (RoleInfo.java:updateAndGet(139)) - db967a0c-fd65-4f5b-99fe-08eeaf937185: start db967a0c-fd65-4f5b-99fe-08eeaf937185@group-C2E61F12FD9A-LeaderStateImpl
2022-10-30 01:06:49,130 [db967a0c-fd65-4f5b-99fe-08eeaf937185@group-C2E61F12FD9A-LeaderElection24] INFO  segmented.SegmentedRaftLogWorker (SegmentedRaftLogWorker.java:startLogSegment(452)) - db967a0c-fd65-4f5b-99fe-08eeaf937185@group-C2E61F12FD9A-SegmentedRaftLogWorker: Starting segment from index:0
2022-10-30 01:06:49,133 [86e92292-7141-46cb-9ed5-093a2cfc2b40@group-C2E61F12FD9A-FollowerState] INFO  server.RaftServerConfigKeys (ConfUtils.java:logFallback(53)) - raft.server.rpc.first-election.timeout.min = 5s (fallback to raft.server.rpc.timeout.min)
2022-10-30 01:06:49,133 [86e92292-7141-46cb-9ed5-093a2cfc2b40@group-C2E61F12FD9A-FollowerState] INFO  server.RaftServerConfigKeys (ConfUtils.java:logFallback(53)) - raft.server.rpc.first-election.timeout.max = 5200ms (fallback to raft.server.rpc.timeout.max)
2022-10-30 01:06:49,134 [db967a0c-fd65-4f5b-99fe-08eeaf937185@group-C2E61F12FD9A-SegmentedRaftLogWorker] INFO  segmented.SegmentedRaftLogWorker (SegmentedRaftLogWorker.java:execute(656)) - db967a0c-fd65-4f5b-99fe-08eeaf937185@group-C2E61F12FD9A-SegmentedRaftLogWorker: created new log segment /home/runner/work/ozone/ozone/hadoop-ozone/integration-test/target/test-dir/MiniOzoneClusterImpl-d77d6c10-3d51-4ae5-b04b-b5f3d2f20a3f/datanode-1/data/ratis/be69ebd1-f1e5-4af8-8a04-c2e61f12fd9a/current/log_inprogress_0
2022-10-30 01:06:49,158 [db967a0c-fd65-4f5b-99fe-08eeaf937185@group-C2E61F12FD9A-LeaderElection24] INFO  server.RaftServer$Division (ServerState.java:setRaftConf(430)) - db967a0c-fd65-4f5b-99fe-08eeaf937185@group-C2E61F12FD9A: set configuration 0: peers:[db967a0c-fd65-4f5b-99fe-08eeaf937185|rpc:10.1.0.11:46009|dataStream:|priority:1|startupRole:FOLLOWER, 7f2965ec-2a1d-4c0b-a486-0150db937947|rpc:10.1.0.11:43977|dataStream:|priority:0|startupRole:FOLLOWER, 86e92292-7141-46cb-9ed5-093a2cfc2b40|rpc:10.1.0.11:44269|dataStream:|priority:0|startupRole:FOLLOWER]|listeners:[], old=null
2022-10-30 01:06:49,159 [7f2965ec-2a1d-4c0b-a486-0150db937947-server-thread1] INFO  ratis.XceiverServerRatis (XceiverServerRatis.java:handleLeaderChangedNotification(863)) - Leader change notification received for group: group-C2E61F12FD9A with new leaderId: db967a0c-fd65-4f5b-99fe-08eeaf937185
2022-10-30 01:06:49,159 [7f2965ec-2a1d-4c0b-a486-0150db937947-server-thread1] INFO  server.RaftServer$Division (ServerState.java:setLeader(313)) - 7f2965ec-2a1d-4c0b-a486-0150db937947@group-C2E61F12FD9A: change Leader from null to db967a0c-fd65-4f5b-99fe-08eeaf937185 at term 3 for appendEntries, leader elected after 15288ms
2022-10-30 01:06:49,174 [86e92292-7141-46cb-9ed5-093a2cfc2b40-server-thread1] INFO  ratis.XceiverServerRatis (XceiverServerRatis.java:handleLeaderChangedNotification(863)) - Leader change notification received for group: group-C2E61F12FD9A with new leaderId: db967a0c-fd65-4f5b-99fe-08eeaf937185
2022-10-30 01:06:49,174 [86e92292-7141-46cb-9ed5-093a2cfc2b40-server-thread1] INFO  server.RaftServer$Division (ServerState.java:setLeader(313)) - 86e92292-7141-46cb-9ed5-093a2cfc2b40@group-C2E61F12FD9A: change Leader from null to db967a0c-fd65-4f5b-99fe-08eeaf937185 at term 3 for appendEntries, leader elected after 15299ms
2022-10-30 01:06:49,180 [7f2965ec-2a1d-4c0b-a486-0150db937947-server-thread1] INFO  server.RaftServer$Division (ServerState.java:setRaftConf(430)) - 7f2965ec-2a1d-4c0b-a486-0150db937947@group-C2E61F12FD9A: set configuration 0: peers:[db967a0c-fd65-4f5b-99fe-08eeaf937185|rpc:10.1.0.11:46009|dataStream:|priority:1|startupRole:FOLLOWER, 7f2965ec-2a1d-4c0b-a486-0150db937947|rpc:10.1.0.11:43977|dataStream:|priority:0|startupRole:FOLLOWER, 86e92292-7141-46cb-9ed5-093a2cfc2b40|rpc:10.1.0.11:44269|dataStream:|priority:0|startupRole:FOLLOWER]|listeners:[], old=null
2022-10-30 01:06:49,181 [86e92292-7141-46cb-9ed5-093a2cfc2b40-server-thread2] INFO  server.RaftServer$Division (ServerState.java:setRaftConf(430)) - 86e92292-7141-46cb-9ed5-093a2cfc2b40@group-C2E61F12FD9A: set configuration 0: peers:[db967a0c-fd65-4f5b-99fe-08eeaf937185|rpc:10.1.0.11:46009|dataStream:|priority:1|startupRole:FOLLOWER, 7f2965ec-2a1d-4c0b-a486-0150db937947|rpc:10.1.0.11:43977|dataStream:|priority:0|startupRole:FOLLOWER, 86e92292-7141-46cb-9ed5-093a2cfc2b40|rpc:10.1.0.11:44269|dataStream:|priority:0|startupRole:FOLLOWER]|listeners:[], old=null
2022-10-30 01:06:49,181 [7f2965ec-2a1d-4c0b-a486-0150db937947-server-thread1] INFO  segmented.SegmentedRaftLogWorker (SegmentedRaftLogWorker.java:startLogSegment(452)) - 7f2965ec-2a1d-4c0b-a486-0150db937947@group-C2E61F12FD9A-SegmentedRaftLogWorker: Starting segment from index:0
2022-10-30 01:06:49,181 [86e92292-7141-46cb-9ed5-093a2cfc2b40-server-thread2] INFO  segmented.SegmentedRaftLogWorker (SegmentedRaftLogWorker.java:startLogSegment(452)) - 86e92292-7141-46cb-9ed5-093a2cfc2b40@group-C2E61F12FD9A-SegmentedRaftLogWorker: Starting segment from index:0
2022-10-30 01:06:49,188 [7f2965ec-2a1d-4c0b-a486-0150db937947@group-C2E61F12FD9A-SegmentedRaftLogWorker] INFO  segmented.SegmentedRaftLogWorker (SegmentedRaftLogWorker.java:execute(656)) - 7f2965ec-2a1d-4c0b-a486-0150db937947@group-C2E61F12FD9A-SegmentedRaftLogWorker: created new log segment /home/runner/work/ozone/ozone/hadoop-ozone/integration-test/target/test-dir/MiniOzoneClusterImpl-d77d6c10-3d51-4ae5-b04b-b5f3d2f20a3f/datanode-2/data/ratis/be69ebd1-f1e5-4af8-8a04-c2e61f12fd9a/current/log_inprogress_0
2022-10-30 01:06:49,189 [86e92292-7141-46cb-9ed5-093a2cfc2b40@group-C2E61F12FD9A-SegmentedRaftLogWorker] INFO  segmented.SegmentedRaftLogWorker (SegmentedRaftLogWorker.java:execute(656)) - 86e92292-7141-46cb-9ed5-093a2cfc2b40@group-C2E61F12FD9A-SegmentedRaftLogWorker: created new log segment /home/runner/work/ozone/ozone/hadoop-ozone/integration-test/target/test-dir/MiniOzoneClusterImpl-d77d6c10-3d51-4ae5-b04b-b5f3d2f20a3f/datanode-0/data/ratis/be69ebd1-f1e5-4af8-8a04-c2e61f12fd9a/current/log_inprogress_0
2022-10-30 01:06:49,190 [Command processor thread] INFO  server.RaftServer (RaftServerProxy.java:remove(107)) - 42907c57-00bf-47e8-816a-b6f44f3b50df: remove  FOLLOWER 42907c57-00bf-47e8-816a-b6f44f3b50df@group-93EB23A6C8F4:t2, leader=96632972-14e0-44d5-b3f2-8f1b1022e85f, voted=96632972-14e0-44d5-b3f2-8f1b1022e85f, raftlog=Memoized:42907c57-00bf-47e8-816a-b6f44f3b50df@group-93EB23A6C8F4-SegmentedRaftLog:OPENED:c0, conf=0: peers:[96632972-14e0-44d5-b3f2-8f1b1022e85f|rpc:10.1.0.11:41713|dataStream:|priority:1|startupRole:FOLLOWER, 42907c57-00bf-47e8-816a-b6f44f3b50df|rpc:10.1.0.11:43117|dataStream:|priority:0|startupRole:FOLLOWER, 758ec025-fe09-4bac-8062-a2014e5c8846|rpc:10.1.0.11:46773|dataStream:|priority:0|startupRole:FOLLOWER]|listeners:[], old=null RUNNING
2022-10-30 01:06:49,190 [Command processor thread] INFO  server.RaftServer$Division (RaftServerImpl.java:lambda$close$4(458)) - 42907c57-00bf-47e8-816a-b6f44f3b50df@group-93EB23A6C8F4: shutdown
2022-10-30 01:06:49,190 [Command processor thread] INFO  util.JmxRegister (JmxRegister.java:unregister(73)) - Successfully un-registered JMX Bean with object name Ratis:service=RaftServer,group=group-93EB23A6C8F4,id=42907c57-00bf-47e8-816a-b6f44f3b50df
2022-10-30 01:06:49,190 [Command processor thread] INFO  impl.RoleInfo (RoleInfo.java:shutdownFollowerState(110)) - 42907c57-00bf-47e8-816a-b6f44f3b50df: shutdown 42907c57-00bf-47e8-816a-b6f44f3b50df@group-93EB23A6C8F4-FollowerState
2022-10-30 01:06:49,190 [Command processor thread] INFO  impl.StateMachineUpdater (StateMachineUpdater.java:stopAndJoin(153)) - 42907c57-00bf-47e8-816a-b6f44f3b50df@group-93EB23A6C8F4-StateMachineUpdater: set stopIndex = 0
2022-10-30 01:06:49,190 [42907c57-00bf-47e8-816a-b6f44f3b50df@group-93EB23A6C8F4-FollowerState] INFO  impl.FollowerState (FollowerState.java:run(152)) - 42907c57-00bf-47e8-816a-b6f44f3b50df@group-93EB23A6C8F4-FollowerState was interrupted
2022-10-30 01:06:49,190 [42907c57-00bf-47e8-816a-b6f44f3b50df@group-93EB23A6C8F4-StateMachineUpdater] INFO  ratis.ContainerStateMachine (ContainerStateMachine.java:takeSnapshot(304)) - group-93EB23A6C8F4: Taking a snapshot at:(t:2, i:0) file /home/runner/work/ozone/ozone/hadoop-ozone/integration-test/target/test-dir/MiniOzoneClusterImpl-d77d6c10-3d51-4ae5-b04b-b5f3d2f20a3f/datanode-7/data/ratis/3132103f-68a2-45c8-9404-93eb23a6c8f4/sm/snapshot.2_0
2022-10-30 01:06:49,192 [42907c57-00bf-47e8-816a-b6f44f3b50df@group-93EB23A6C8F4-StateMachineUpdater] INFO  ratis.ContainerStateMachine (ContainerStateMachine.java:takeSnapshot(315)) - group-93EB23A6C8F4: Finished taking a snapshot at:(t:2, i:0) file:/home/runner/work/ozone/ozone/hadoop-ozone/integration-test/target/test-dir/MiniOzoneClusterImpl-d77d6c10-3d51-4ae5-b04b-b5f3d2f20a3f/datanode-7/data/ratis/3132103f-68a2-45c8-9404-93eb23a6c8f4/sm/snapshot.2_0 took: 1 ms
2022-10-30 01:06:49,192 [42907c57-00bf-47e8-816a-b6f44f3b50df@group-93EB23A6C8F4-StateMachineUpdater] INFO  impl.StateMachineUpdater (StateMachineUpdater.java:takeSnapshot(287)) - 42907c57-00bf-47e8-816a-b6f44f3b50df@group-93EB23A6C8F4-StateMachineUpdater: Took a snapshot at index 0
2022-10-30 01:06:49,192 [42907c57-00bf-47e8-816a-b6f44f3b50df@group-93EB23A6C8F4-StateMachineUpdater] INFO  impl.StateMachineUpdater (StateMachineUpdater.java:lambda$new$0(92)) - 42907c57-00bf-47e8-816a-b6f44f3b50df@group-93EB23A6C8F4-StateMachineUpdater: snapshotIndex: updateIncreasingly -1 -> 0
2022-10-30 01:06:49,192 [Command processor thread] INFO  server.RaftServer$Division (ServerState.java:close(466)) - 42907c57-00bf-47e8-816a-b6f44f3b50df@group-93EB23A6C8F4: closes. applyIndex: 0
2022-10-30 01:06:49,192 [grpc-default-executor-1] WARN  server.GrpcLogAppender (LogUtils.java:warn(122)) - 42907c57-00bf-47e8-816a-b6f44f3b50df@group-63C8A9F83E46->758ec025-fe09-4bac-8062-a2014e5c8846-AppendLogResponseHandler: Failed appendEntries: org.apache.ratis.thirdparty.io.grpc.StatusRuntimeException: UNAVAILABLE: io exception
2022-10-30 01:06:49,192 [42907c57-00bf-47e8-816a-b6f44f3b50df@group-93EB23A6C8F4-SegmentedRaftLogWorker] INFO  segmented.SegmentedRaftLogWorker (SegmentedRaftLogWorker.java:run(345)) - 42907c57-00bf-47e8-816a-b6f44f3b50df@group-93EB23A6C8F4-SegmentedRaftLogWorker was interrupted, exiting. There are 0 tasks remaining in the queue.
2022-10-30 01:06:49,194 [Command processor thread] INFO  segmented.SegmentedRaftLogWorker (SegmentedRaftLogWorker.java:close(255)) - 42907c57-00bf-47e8-816a-b6f44f3b50df@group-93EB23A6C8F4-SegmentedRaftLogWorker close()
2022-10-30 01:06:49,194 [grpc-default-executor-6] WARN  server.GrpcLogAppender (LogUtils.java:warn(122)) - 42907c57-00bf-47e8-816a-b6f44f3b50df@group-63C8A9F83E46->758ec025-fe09-4bac-8062-a2014e5c8846-AppendLogResponseHandler: Failed appendEntries: org.apache.ratis.thirdparty.io.grpc.StatusRuntimeException: UNAVAILABLE: io exception
2022-10-30 01:06:49,198 [Command processor thread] INFO  server.RaftServer$Division (RaftServerImpl.java:groupRemove(428)) - 42907c57-00bf-47e8-816a-b6f44f3b50df@group-93EB23A6C8F4: Succeed to remove RaftStorageDirectory Storage Directory /home/runner/work/ozone/ozone/hadoop-ozone/integration-test/target/test-dir/MiniOzoneClusterImpl-d77d6c10-3d51-4ae5-b04b-b5f3d2f20a3f/datanode-7/data/ratis/3132103f-68a2-45c8-9404-93eb23a6c8f4
2022-10-30 01:06:49,198 [Command processor thread] INFO  commandhandler.ClosePipelineCommandHandler (ClosePipelineCommandHandler.java:handle(78)) - Close Pipeline PipelineID=3132103f-68a2-45c8-9404-93eb23a6c8f4 command on datanode 42907c57-00bf-47e8-816a-b6f44f3b50df.
2022-10-30 01:06:49,199 [Command processor thread] INFO  server.RaftServer (RaftServerProxy.java:remove(107)) - 42907c57-00bf-47e8-816a-b6f44f3b50df: remove    LEADER 42907c57-00bf-47e8-816a-b6f44f3b50df@group-63C8A9F83E46:t2, leader=42907c57-00bf-47e8-816a-b6f44f3b50df, voted=42907c57-00bf-47e8-816a-b6f44f3b50df, raftlog=Memoized:42907c57-00bf-47e8-816a-b6f44f3b50df@group-63C8A9F83E46-SegmentedRaftLog:OPENED:c0, conf=0: peers:[96632972-14e0-44d5-b3f2-8f1b1022e85f|rpc:10.1.0.11:41713|dataStream:|priority:0|startupRole:FOLLOWER, 42907c57-00bf-47e8-816a-b6f44f3b50df|rpc:10.1.0.11:43117|dataStream:|priority:0|startupRole:FOLLOWER, 758ec025-fe09-4bac-8062-a2014e5c8846|rpc:10.1.0.11:46773|dataStream:|priority:1|startupRole:FOLLOWER]|listeners:[], old=null RUNNING
2022-10-30 01:06:49,199 [Command processor thread] INFO  server.RaftServer$Division (RaftServerImpl.java:lambda$close$4(458)) - 42907c57-00bf-47e8-816a-b6f44f3b50df@group-63C8A9F83E46: shutdown
2022-10-30 01:06:49,199 [Command processor thread] INFO  util.JmxRegister (JmxRegister.java:unregister(73)) - Successfully un-registered JMX Bean with object name Ratis:service=RaftServer,group=group-63C8A9F83E46,id=42907c57-00bf-47e8-816a-b6f44f3b50df
2022-10-30 01:06:49,199 [Command processor thread] INFO  impl.RoleInfo (RoleInfo.java:shutdownLeaderState(93)) - 42907c57-00bf-47e8-816a-b6f44f3b50df: shutdown 42907c57-00bf-47e8-816a-b6f44f3b50df@group-63C8A9F83E46-LeaderStateImpl
2022-10-30 01:06:49,200 [Command processor thread] INFO  impl.PendingRequests (PendingRequests.java:sendNotLeaderResponses(282)) - 42907c57-00bf-47e8-816a-b6f44f3b50df@group-63C8A9F83E46-PendingRequests: sendNotLeaderResponses
2022-10-30 01:06:49,200 [42907c57-00bf-47e8-816a-b6f44f3b50df@group-63C8A9F83E46->96632972-14e0-44d5-b3f2-8f1b1022e85f-GrpcLogAppender-LogAppenderDaemon] WARN  server.GrpcLogAppender (GrpcLogAppender.java:mayWait(200)) - 42907c57-00bf-47e8-816a-b6f44f3b50df@group-63C8A9F83E46->96632972-14e0-44d5-b3f2-8f1b1022e85f-GrpcLogAppender: Wait interrupted by java.lang.InterruptedException
2022-10-30 01:06:49,200 [42907c57-00bf-47e8-816a-b6f44f3b50df@group-63C8A9F83E46->758ec025-fe09-4bac-8062-a2014e5c8846-GrpcLogAppender-LogAppenderDaemon] WARN  server.GrpcLogAppender (GrpcLogAppender.java:mayWait(200)) - 42907c57-00bf-47e8-816a-b6f44f3b50df@group-63C8A9F83E46->758ec025-fe09-4bac-8062-a2014e5c8846-GrpcLogAppender: Wait interrupted by java.lang.InterruptedException
2022-10-30 01:06:49,201 [grpc-default-executor-1] WARN  server.GrpcLogAppender (GrpcLogAppender.java:resetClient(131)) - 42907c57-00bf-47e8-816a-b6f44f3b50df@group-63C8A9F83E46->758ec025-fe09-4bac-8062-a2014e5c8846-GrpcLogAppender: Leader has not got in touch with Follower 42907c57-00bf-47e8-816a-b6f44f3b50df@group-63C8A9F83E46->758ec025-fe09-4bac-8062-a2014e5c8846(c-1,m0,n1, attendVote=true, lastRpcSendTime=8, lastRpcResponseTime=8999) yet, just keep nextIndex unchanged and retry.
2022-10-30 01:06:49,201 [grpc-default-executor-6] WARN  server.GrpcLogAppender (GrpcLogAppender.java:resetClient(131)) - 42907c57-00bf-47e8-816a-b6f44f3b50df@group-63C8A9F83E46->758ec025-fe09-4bac-8062-a2014e5c8846-GrpcLogAppender: Leader has not got in touch with Follower 42907c57-00bf-47e8-816a-b6f44f3b50df@group-63C8A9F83E46->758ec025-fe09-4bac-8062-a2014e5c8846(c-1,m0,n1, attendVote=true, lastRpcSendTime=9, lastRpcResponseTime=8999) yet, just keep nextIndex unchanged and retry.
2022-10-30 01:06:49,202 [grpc-default-executor-6] INFO  server.GrpcServerProtocolService (GrpcServerProtocolService.java:onCompleted(145)) - 96632972-14e0-44d5-b3f2-8f1b1022e85f: Completed APPEND_ENTRIES, lastRequest: 42907c57-00bf-47e8-816a-b6f44f3b50df->96632972-14e0-44d5-b3f2-8f1b1022e85f#1-t2,previous=(t:0, i:0),leaderCommit=0,initializing? true,entries: size=1, first=(t:2, i:0), CONFIGURATIONENTRY(current:id: "96632972-14e0-44d5-b3f2-8f1b1022e85f"
address: "10.1.0.11:41713"
clientAddress: "10.1.0.11:41713"
adminAddress: "10.1.0.11:41713"
startupRole: FOLLOWER
,id: "42907c57-00bf-47e8-816a-b6f44f3b50df"
address: "10.1.0.11:43117"
clientAddress: "10.1.0.11:43117"
adminAddress: "10.1.0.11:43117"
startupRole: FOLLOWER
,id: "758ec025-fe09-4bac-8062-a2014e5c8846"
address: "10.1.0.11:46773"
priority: 1
clientAddress: "10.1.0.11:46773"
adminAddress: "10.1.0.11:46773"
startupRole: FOLLOWER
, old:)
2022-10-30 01:06:49,205 [grpc-default-executor-2] INFO  server.GrpcServerProtocolService (GrpcServerProtocolService.java:onCompleted(145)) - 96632972-14e0-44d5-b3f2-8f1b1022e85f: Completed APPEND_ENTRIES, lastRequest: null
2022-10-30 01:06:49,206 [grpc-default-executor-2] INFO  server.GrpcLogAppender (GrpcLogAppender.java:onCompleted(415)) - 42907c57-00bf-47e8-816a-b6f44f3b50df@group-63C8A9F83E46->96632972-14e0-44d5-b3f2-8f1b1022e85f-AppendLogResponseHandler: follower responses appendEntries COMPLETED
2022-10-30 01:06:49,206 [grpc-default-executor-2] INFO  leader.FollowerInfo (FollowerInfoImpl.java:lambda$new$0(48)) - 42907c57-00bf-47e8-816a-b6f44f3b50df@group-63C8A9F83E46->96632972-14e0-44d5-b3f2-8f1b1022e85f: nextIndex: updateUnconditionally 1 -> 0
2022-10-30 01:06:49,207 [Command processor thread] INFO  impl.StateMachineUpdater (StateMachineUpdater.java:stopAndJoin(153)) - 42907c57-00bf-47e8-816a-b6f44f3b50df@group-63C8A9F83E46-StateMachineUpdater: set stopIndex = 0
2022-10-30 01:06:49,207 [42907c57-00bf-47e8-816a-b6f44f3b50df@group-63C8A9F83E46-StateMachineUpdater] INFO  ratis.ContainerStateMachine (ContainerStateMachine.java:takeSnapshot(304)) - group-63C8A9F83E46: Taking a snapshot at:(t:2, i:0) file /home/runner/work/ozone/ozone/hadoop-ozone/integration-test/target/test-dir/MiniOzoneClusterImpl-d77d6c10-3d51-4ae5-b04b-b5f3d2f20a3f/datanode-7/data/ratis/e2a87e45-9f15-4d40-92e0-63c8a9f83e46/sm/snapshot.2_0
2022-10-30 01:06:49,208 [42907c57-00bf-47e8-816a-b6f44f3b50df@group-63C8A9F83E46-StateMachineUpdater] INFO  ratis.ContainerStateMachine (ContainerStateMachine.java:takeSnapshot(315)) - group-63C8A9F83E46: Finished taking a snapshot at:(t:2, i:0) file:/home/runner/work/ozone/ozone/hadoop-ozone/integration-test/target/test-dir/MiniOzoneClusterImpl-d77d6c10-3d51-4ae5-b04b-b5f3d2f20a3f/datanode-7/data/ratis/e2a87e45-9f15-4d40-92e0-63c8a9f83e46/sm/snapshot.2_0 took: 1 ms
2022-10-30 01:06:49,208 [42907c57-00bf-47e8-816a-b6f44f3b50df@group-63C8A9F83E46-StateMachineUpdater] INFO  impl.StateMachineUpdater (StateMachineUpdater.java:takeSnapshot(287)) - 42907c57-00bf-47e8-816a-b6f44f3b50df@group-63C8A9F83E46-StateMachineUpdater: Took a snapshot at index 0
2022-10-30 01:06:49,208 [42907c57-00bf-47e8-816a-b6f44f3b50df@group-63C8A9F83E46-StateMachineUpdater] INFO  impl.StateMachineUpdater (StateMachineUpdater.java:lambda$new$0(92)) - 42907c57-00bf-47e8-816a-b6f44f3b50df@group-63C8A9F83E46-StateMachineUpdater: snapshotIndex: updateIncreasingly -1 -> 0
2022-10-30 01:06:49,209 [Command processor thread] INFO  server.RaftServer$Division (ServerState.java:close(466)) - 42907c57-00bf-47e8-816a-b6f44f3b50df@group-63C8A9F83E46: closes. applyIndex: 0
2022-10-30 01:06:49,209 [42907c57-00bf-47e8-816a-b6f44f3b50df@group-63C8A9F83E46-SegmentedRaftLogWorker] INFO  segmented.SegmentedRaftLogWorker (SegmentedRaftLogWorker.java:run(345)) - 42907c57-00bf-47e8-816a-b6f44f3b50df@group-63C8A9F83E46-SegmentedRaftLogWorker was interrupted, exiting. There are 0 tasks remaining in the queue.
2022-10-30 01:06:49,210 [grpc-default-executor-6] INFO  server.GrpcLogAppender (GrpcLogAppender.java:onCompleted(415)) - 42907c57-00bf-47e8-816a-b6f44f3b50df@group-63C8A9F83E46->96632972-14e0-44d5-b3f2-8f1b1022e85f-AppendLogResponseHandler: follower responses appendEntries COMPLETED
2022-10-30 01:06:49,210 [grpc-default-executor-6] INFO  leader.FollowerInfo (FollowerInfoImpl.java:lambda$new$0(48)) - 42907c57-00bf-47e8-816a-b6f44f3b50df@group-63C8A9F83E46->96632972-14e0-44d5-b3f2-8f1b1022e85f: nextIndex: updateUnconditionally 0 -> 0
2022-10-30 01:06:49,212 [Command processor thread] INFO  segmented.SegmentedRaftLogWorker (SegmentedRaftLogWorker.java:close(255)) - 42907c57-00bf-47e8-816a-b6f44f3b50df@group-63C8A9F83E46-SegmentedRaftLogWorker close()
2022-10-30 01:06:49,216 [Command processor thread] INFO  server.RaftServer$Division (RaftServerImpl.java:groupRemove(428)) - 42907c57-00bf-47e8-816a-b6f44f3b50df@group-63C8A9F83E46: Succeed to remove RaftStorageDirectory Storage Directory /home/runner/work/ozone/ozone/hadoop-ozone/integration-test/target/test-dir/MiniOzoneClusterImpl-d77d6c10-3d51-4ae5-b04b-b5f3d2f20a3f/datanode-7/data/ratis/e2a87e45-9f15-4d40-92e0-63c8a9f83e46
2022-10-30 01:06:49,216 [Command processor thread] INFO  commandhandler.ClosePipelineCommandHandler (ClosePipelineCommandHandler.java:handle(78)) - Close Pipeline PipelineID=e2a87e45-9f15-4d40-92e0-63c8a9f83e46 command on datanode 42907c57-00bf-47e8-816a-b6f44f3b50df.
2022-10-30 01:06:49,435 [edb0f50d-ef97-4088-a20b-1c61b9a9d6ec@group-0252A98196AF-FollowerState] INFO  impl.FollowerState (FollowerState.java:run(143)) - edb0f50d-ef97-4088-a20b-1c61b9a9d6ec@group-0252A98196AF-FollowerState: change to CANDIDATE, lastRpcElapsedTime:5062846943ns, electionTimeout:5057ms
2022-10-30 01:06:49,435 [edb0f50d-ef97-4088-a20b-1c61b9a9d6ec@group-0252A98196AF-FollowerState] INFO  impl.RoleInfo (RoleInfo.java:shutdownFollowerState(110)) - edb0f50d-ef97-4088-a20b-1c61b9a9d6ec: shutdown edb0f50d-ef97-4088-a20b-1c61b9a9d6ec@group-0252A98196AF-FollowerState
2022-10-30 01:06:49,435 [edb0f50d-ef97-4088-a20b-1c61b9a9d6ec@group-0252A98196AF-FollowerState] INFO  server.RaftServer$Division (RaftServerImpl.java:setRole(321)) - edb0f50d-ef97-4088-a20b-1c61b9a9d6ec@group-0252A98196AF: changes role from  FOLLOWER to CANDIDATE at term 2 for changeToCandidate
2022-10-30 01:06:49,435 [edb0f50d-ef97-4088-a20b-1c61b9a9d6ec@group-0252A98196AF-FollowerState] INFO  server.RaftServerConfigKeys (ConfUtils.java:logGet(46)) - raft.server.leaderelection.pre-vote = false (custom)
2022-10-30 01:06:49,435 [edb0f50d-ef97-4088-a20b-1c61b9a9d6ec@group-0252A98196AF-FollowerState] INFO  impl.RoleInfo (RoleInfo.java:updateAndGet(139)) - edb0f50d-ef97-4088-a20b-1c61b9a9d6ec: start edb0f50d-ef97-4088-a20b-1c61b9a9d6ec@group-0252A98196AF-LeaderElection25
2022-10-30 01:06:49,438 [edb0f50d-ef97-4088-a20b-1c61b9a9d6ec@group-0252A98196AF-LeaderElection25] INFO  impl.LeaderElection (LeaderElection.java:askForVotes(312)) - edb0f50d-ef97-4088-a20b-1c61b9a9d6ec@group-0252A98196AF-LeaderElection25 ELECTION round 0: submit vote requests at term 3 for -1: peers:[edb0f50d-ef97-4088-a20b-1c61b9a9d6ec|rpc:10.1.0.11:41147|priority:0|startupRole:FOLLOWER, 58d8b8bb-cfc7-423c-ba1f-09160eea4c71|rpc:10.1.0.11:37145|priority:1|startupRole:FOLLOWER, 57b0e5c4-d4d8-463c-8999-53af98295cd0|rpc:10.1.0.11:39941|priority:0|startupRole:FOLLOWER]|listeners:[], old=null
2022-10-30 01:06:49,438 [edb0f50d-ef97-4088-a20b-1c61b9a9d6ec@group-0252A98196AF-LeaderElection25] INFO  server.RaftServerConfigKeys (ConfUtils.java:logFallback(53)) - raft.server.rpc.first-election.timeout.min = 5s (fallback to raft.server.rpc.timeout.min)
2022-10-30 01:06:49,438 [edb0f50d-ef97-4088-a20b-1c61b9a9d6ec@group-0252A98196AF-LeaderElection25] INFO  server.RaftServerConfigKeys (ConfUtils.java:logFallback(53)) - raft.server.rpc.first-election.timeout.max = 5200ms (fallback to raft.server.rpc.timeout.max)
2022-10-30 01:06:49,440 [grpc-default-executor-6] INFO  server.RaftServer$Division (RaftServerImpl.java:requestVote(1218)) - 57b0e5c4-d4d8-463c-8999-53af98295cd0@group-0252A98196AF: receive requestVote(ELECTION, edb0f50d-ef97-4088-a20b-1c61b9a9d6ec, group-0252A98196AF, 3, (t:0, i:0))
2022-10-30 01:06:49,440 [grpc-default-executor-6] INFO  impl.VoteContext (VoteContext.java:log(48)) - 57b0e5c4-d4d8-463c-8999-53af98295cd0@group-0252A98196AF-FOLLOWER: accept ELECTION from edb0f50d-ef97-4088-a20b-1c61b9a9d6ec: our priority 0 <= candidate's priority 0
2022-10-30 01:06:49,440 [grpc-default-executor-6] INFO  server.RaftServer$Division (RaftServerImpl.java:setRole(321)) - 57b0e5c4-d4d8-463c-8999-53af98295cd0@group-0252A98196AF: changes role from  FOLLOWER to FOLLOWER at term 3 for candidate:edb0f50d-ef97-4088-a20b-1c61b9a9d6ec
2022-10-30 01:06:49,440 [grpc-default-executor-6] INFO  impl.RoleInfo (RoleInfo.java:shutdownFollowerState(110)) - 57b0e5c4-d4d8-463c-8999-53af98295cd0: shutdown 57b0e5c4-d4d8-463c-8999-53af98295cd0@group-0252A98196AF-FollowerState
2022-10-30 01:06:49,440 [grpc-default-executor-6] INFO  impl.RoleInfo (RoleInfo.java:updateAndGet(139)) - 57b0e5c4-d4d8-463c-8999-53af98295cd0: start 57b0e5c4-d4d8-463c-8999-53af98295cd0@group-0252A98196AF-FollowerState
2022-10-30 01:06:49,440 [57b0e5c4-d4d8-463c-8999-53af98295cd0@group-0252A98196AF-FollowerState] INFO  impl.FollowerState (FollowerState.java:run(152)) - 57b0e5c4-d4d8-463c-8999-53af98295cd0@group-0252A98196AF-FollowerState was interrupted
2022-10-30 01:06:49,442 [57b0e5c4-d4d8-463c-8999-53af98295cd0@group-0252A98196AF-FollowerState] INFO  server.RaftServerConfigKeys (ConfUtils.java:logFallback(53)) - raft.server.rpc.first-election.timeout.min = 5s (fallback to raft.server.rpc.timeout.min)
2022-10-30 01:06:49,442 [57b0e5c4-d4d8-463c-8999-53af98295cd0@group-0252A98196AF-FollowerState] INFO  server.RaftServerConfigKeys (ConfUtils.java:logFallback(53)) - raft.server.rpc.first-election.timeout.max = 5200ms (fallback to raft.server.rpc.timeout.max)
2022-10-30 01:06:49,442 [grpc-default-executor-2] INFO  server.RaftServer$Division (RaftServerImpl.java:requestVote(1218)) - 58d8b8bb-cfc7-423c-ba1f-09160eea4c71@group-0252A98196AF: receive requestVote(ELECTION, edb0f50d-ef97-4088-a20b-1c61b9a9d6ec, group-0252A98196AF, 3, (t:0, i:0))
2022-10-30 01:06:49,443 [grpc-default-executor-2] INFO  impl.VoteContext (VoteContext.java:log(48)) - 58d8b8bb-cfc7-423c-ba1f-09160eea4c71@group-0252A98196AF-FOLLOWER: reject ELECTION from edb0f50d-ef97-4088-a20b-1c61b9a9d6ec: our priority 1 > candidate's priority 0
2022-10-30 01:06:49,443 [grpc-default-executor-2] INFO  server.RaftServer$Division (RaftServerImpl.java:setRole(321)) - 58d8b8bb-cfc7-423c-ba1f-09160eea4c71@group-0252A98196AF: changes role from  FOLLOWER to FOLLOWER at term 3 for candidate:edb0f50d-ef97-4088-a20b-1c61b9a9d6ec
2022-10-30 01:06:49,443 [grpc-default-executor-6] INFO  server.RaftServer$Division (RaftServerImpl.java:requestVote(1251)) - 57b0e5c4-d4d8-463c-8999-53af98295cd0@group-0252A98196AF replies to ELECTION vote request: edb0f50d-ef97-4088-a20b-1c61b9a9d6ec<-57b0e5c4-d4d8-463c-8999-53af98295cd0#0:OK-t3. Peer's state: 57b0e5c4-d4d8-463c-8999-53af98295cd0@group-0252A98196AF:t3, leader=null, voted=edb0f50d-ef97-4088-a20b-1c61b9a9d6ec, raftlog=Memoized:57b0e5c4-d4d8-463c-8999-53af98295cd0@group-0252A98196AF-SegmentedRaftLog:OPENED:c-1, conf=-1: peers:[edb0f50d-ef97-4088-a20b-1c61b9a9d6ec|rpc:10.1.0.11:41147|dataStream:|priority:0|startupRole:FOLLOWER, 58d8b8bb-cfc7-423c-ba1f-09160eea4c71|rpc:10.1.0.11:37145|dataStream:|priority:1|startupRole:FOLLOWER, 57b0e5c4-d4d8-463c-8999-53af98295cd0|rpc:10.1.0.11:39941|dataStream:|priority:0|startupRole:FOLLOWER]|listeners:[], old=null
2022-10-30 01:06:49,443 [grpc-default-executor-2] INFO  impl.RoleInfo (RoleInfo.java:shutdownFollowerState(110)) - 58d8b8bb-cfc7-423c-ba1f-09160eea4c71: shutdown 58d8b8bb-cfc7-423c-ba1f-09160eea4c71@group-0252A98196AF-FollowerState
2022-10-30 01:06:49,444 [grpc-default-executor-2] INFO  impl.RoleInfo (RoleInfo.java:updateAndGet(139)) - 58d8b8bb-cfc7-423c-ba1f-09160eea4c71: start 58d8b8bb-cfc7-423c-ba1f-09160eea4c71@group-0252A98196AF-FollowerState
2022-10-30 01:06:49,444 [58d8b8bb-cfc7-423c-ba1f-09160eea4c71@group-0252A98196AF-FollowerState] INFO  impl.FollowerState (FollowerState.java:run(152)) - 58d8b8bb-cfc7-423c-ba1f-09160eea4c71@group-0252A98196AF-FollowerState was interrupted
2022-10-30 01:06:49,444 [58d8b8bb-cfc7-423c-ba1f-09160eea4c71@group-0252A98196AF-FollowerState] INFO  server.RaftServerConfigKeys (ConfUtils.java:logFallback(53)) - raft.server.rpc.first-election.timeout.min = 5s (fallback to raft.server.rpc.timeout.min)
2022-10-30 01:06:49,444 [58d8b8bb-cfc7-423c-ba1f-09160eea4c71@group-0252A98196AF-FollowerState] INFO  server.RaftServerConfigKeys (ConfUtils.java:logFallback(53)) - raft.server.rpc.first-election.timeout.max = 5200ms (fallback to raft.server.rpc.timeout.max)
2022-10-30 01:06:49,446 [grpc-default-executor-2] INFO  server.RaftServer$Division (RaftServerImpl.java:requestVote(1251)) - 58d8b8bb-cfc7-423c-ba1f-09160eea4c71@group-0252A98196AF replies to ELECTION vote request: edb0f50d-ef97-4088-a20b-1c61b9a9d6ec<-58d8b8bb-cfc7-423c-ba1f-09160eea4c71#0:FAIL-t3. Peer's state: 58d8b8bb-cfc7-423c-ba1f-09160eea4c71@group-0252A98196AF:t3, leader=null, voted=null, raftlog=Memoized:58d8b8bb-cfc7-423c-ba1f-09160eea4c71@group-0252A98196AF-SegmentedRaftLog:OPENED:c-1, conf=-1: peers:[edb0f50d-ef97-4088-a20b-1c61b9a9d6ec|rpc:10.1.0.11:41147|dataStream:|priority:0|startupRole:FOLLOWER, 58d8b8bb-cfc7-423c-ba1f-09160eea4c71|rpc:10.1.0.11:37145|dataStream:|priority:1|startupRole:FOLLOWER, 57b0e5c4-d4d8-463c-8999-53af98295cd0|rpc:10.1.0.11:39941|dataStream:|priority:0|startupRole:FOLLOWER]|listeners:[], old=null
2022-10-30 01:06:49,447 [edb0f50d-ef97-4088-a20b-1c61b9a9d6ec@group-0252A98196AF-LeaderElection25] INFO  impl.LeaderElection (LeaderElection.java:logAndReturn(90)) - edb0f50d-ef97-4088-a20b-1c61b9a9d6ec@group-0252A98196AF-LeaderElection25: ELECTION REJECTED received 2 response(s) and 0 exception(s):
2022-10-30 01:06:49,447 [edb0f50d-ef97-4088-a20b-1c61b9a9d6ec@group-0252A98196AF-LeaderElection25] INFO  impl.LeaderElection (LeaderElection.java:logAndReturn(94)) -   Response 0: edb0f50d-ef97-4088-a20b-1c61b9a9d6ec<-58d8b8bb-cfc7-423c-ba1f-09160eea4c71#0:FAIL-t3
2022-10-30 01:06:49,448 [edb0f50d-ef97-4088-a20b-1c61b9a9d6ec@group-0252A98196AF-LeaderElection25] INFO  impl.LeaderElection (LeaderElection.java:logAndReturn(94)) -   Response 1: edb0f50d-ef97-4088-a20b-1c61b9a9d6ec<-57b0e5c4-d4d8-463c-8999-53af98295cd0#0:OK-t3
2022-10-30 01:06:49,448 [edb0f50d-ef97-4088-a20b-1c61b9a9d6ec@group-0252A98196AF-LeaderElection25] INFO  impl.LeaderElection (LeaderElection.java:askForVotes(314)) - edb0f50d-ef97-4088-a20b-1c61b9a9d6ec@group-0252A98196AF-LeaderElection25 ELECTION round 0: result REJECTED
2022-10-30 01:06:49,448 [edb0f50d-ef97-4088-a20b-1c61b9a9d6ec@group-0252A98196AF-LeaderElection25] INFO  server.RaftServer$Division (RaftServerImpl.java:setRole(321)) - edb0f50d-ef97-4088-a20b-1c61b9a9d6ec@group-0252A98196AF: changes role from CANDIDATE to FOLLOWER at term 3 for REJECTED
2022-10-30 01:06:49,448 [edb0f50d-ef97-4088-a20b-1c61b9a9d6ec@group-0252A98196AF-LeaderElection25] INFO  impl.RoleInfo (RoleInfo.java:shutdownLeaderElection(130)) - edb0f50d-ef97-4088-a20b-1c61b9a9d6ec: shutdown edb0f50d-ef97-4088-a20b-1c61b9a9d6ec@group-0252A98196AF-LeaderElection25
2022-10-30 01:06:49,448 [edb0f50d-ef97-4088-a20b-1c61b9a9d6ec@group-0252A98196AF-LeaderElection25] INFO  impl.RoleInfo (RoleInfo.java:updateAndGet(139)) - edb0f50d-ef97-4088-a20b-1c61b9a9d6ec: start edb0f50d-ef97-4088-a20b-1c61b9a9d6ec@group-0252A98196AF-FollowerState
2022-10-30 01:06:49,448 [edb0f50d-ef97-4088-a20b-1c61b9a9d6ec@group-0252A98196AF-FollowerState] INFO  server.RaftServerConfigKeys (ConfUtils.java:logFallback(53)) - raft.server.rpc.first-election.timeout.min = 5s (fallback to raft.server.rpc.timeout.min)
2022-10-30 01:06:49,448 [edb0f50d-ef97-4088-a20b-1c61b9a9d6ec@group-0252A98196AF-FollowerState] INFO  server.RaftServerConfigKeys (ConfUtils.java:logFallback(53)) - raft.server.rpc.first-election.timeout.max = 5200ms (fallback to raft.server.rpc.timeout.max)
2022-10-30 01:06:53,502 [7f2965ec-2a1d-4c0b-a486-0150db937947@group-C5655235CD35-FollowerState] INFO  impl.FollowerState (FollowerState.java:run(143)) - 7f2965ec-2a1d-4c0b-a486-0150db937947@group-C5655235CD35-FollowerState: change to CANDIDATE, lastRpcElapsedTime:5119592015ns, electionTimeout:5110ms
2022-10-30 01:06:53,502 [7f2965ec-2a1d-4c0b-a486-0150db937947@group-C5655235CD35-FollowerState] INFO  impl.RoleInfo (RoleInfo.java:shutdownFollowerState(110)) - 7f2965ec-2a1d-4c0b-a486-0150db937947: shutdown 7f2965ec-2a1d-4c0b-a486-0150db937947@group-C5655235CD35-FollowerState
2022-10-30 01:06:53,502 [7f2965ec-2a1d-4c0b-a486-0150db937947@group-C5655235CD35-FollowerState] INFO  server.RaftServer$Division (RaftServerImpl.java:setRole(321)) - 7f2965ec-2a1d-4c0b-a486-0150db937947@group-C5655235CD35: changes role from  FOLLOWER to CANDIDATE at term 3 for changeToCandidate
2022-10-30 01:06:53,502 [7f2965ec-2a1d-4c0b-a486-0150db937947@group-C5655235CD35-FollowerState] INFO  server.RaftServerConfigKeys (ConfUtils.java:logGet(46)) - raft.server.leaderelection.pre-vote = false (custom)
2022-10-30 01:06:53,502 [7f2965ec-2a1d-4c0b-a486-0150db937947@group-C5655235CD35-FollowerState] INFO  impl.RoleInfo (RoleInfo.java:updateAndGet(139)) - 7f2965ec-2a1d-4c0b-a486-0150db937947: start 7f2965ec-2a1d-4c0b-a486-0150db937947@group-C5655235CD35-LeaderElection26
2022-10-30 01:06:53,505 [7f2965ec-2a1d-4c0b-a486-0150db937947@group-C5655235CD35-LeaderElection26] INFO  impl.LeaderElection (LeaderElection.java:askForVotes(312)) - 7f2965ec-2a1d-4c0b-a486-0150db937947@group-C5655235CD35-LeaderElection26 ELECTION round 0: submit vote requests at term 4 for -1: peers:[db967a0c-fd65-4f5b-99fe-08eeaf937185|rpc:10.1.0.11:46009|dataStream:|priority:0|startupRole:FOLLOWER, 7f2965ec-2a1d-4c0b-a486-0150db937947|rpc:10.1.0.11:43977|dataStream:|priority:1|startupRole:FOLLOWER, 86e92292-7141-46cb-9ed5-093a2cfc2b40|rpc:10.1.0.11:44269|dataStream:|priority:0|startupRole:FOLLOWER]|listeners:[], old=null
2022-10-30 01:06:53,505 [7f2965ec-2a1d-4c0b-a486-0150db937947@group-C5655235CD35-LeaderElection26] INFO  server.RaftServerConfigKeys (ConfUtils.java:logFallback(53)) - raft.server.rpc.first-election.timeout.min = 5s (fallback to raft.server.rpc.timeout.min)
2022-10-30 01:06:53,505 [7f2965ec-2a1d-4c0b-a486-0150db937947@group-C5655235CD35-LeaderElection26] INFO  server.RaftServerConfigKeys (ConfUtils.java:logFallback(53)) - raft.server.rpc.first-election.timeout.max = 5200ms (fallback to raft.server.rpc.timeout.max)
2022-10-30 01:06:53,507 [grpc-default-executor-6] INFO  server.RaftServer$Division (RaftServerImpl.java:requestVote(1218)) - 86e92292-7141-46cb-9ed5-093a2cfc2b40@group-C5655235CD35: receive requestVote(ELECTION, 7f2965ec-2a1d-4c0b-a486-0150db937947, group-C5655235CD35, 4, (t:0, i:0))
2022-10-30 01:06:53,508 [grpc-default-executor-6] INFO  impl.VoteContext (VoteContext.java:log(48)) - 86e92292-7141-46cb-9ed5-093a2cfc2b40@group-C5655235CD35-FOLLOWER: accept ELECTION from 7f2965ec-2a1d-4c0b-a486-0150db937947: our priority 0 <= candidate's priority 1
2022-10-30 01:06:53,508 [grpc-default-executor-6] INFO  server.RaftServer$Division (RaftServerImpl.java:setRole(321)) - 86e92292-7141-46cb-9ed5-093a2cfc2b40@group-C5655235CD35: changes role from  FOLLOWER to FOLLOWER at term 4 for candidate:7f2965ec-2a1d-4c0b-a486-0150db937947
2022-10-30 01:06:53,508 [grpc-default-executor-6] INFO  impl.RoleInfo (RoleInfo.java:shutdownFollowerState(110)) - 86e92292-7141-46cb-9ed5-093a2cfc2b40: shutdown 86e92292-7141-46cb-9ed5-093a2cfc2b40@group-C5655235CD35-FollowerState
2022-10-30 01:06:53,508 [grpc-default-executor-6] INFO  impl.RoleInfo (RoleInfo.java:updateAndGet(139)) - 86e92292-7141-46cb-9ed5-093a2cfc2b40: start 86e92292-7141-46cb-9ed5-093a2cfc2b40@group-C5655235CD35-FollowerState
2022-10-30 01:06:53,508 [86e92292-7141-46cb-9ed5-093a2cfc2b40@group-C5655235CD35-FollowerState] INFO  impl.FollowerState (FollowerState.java:run(152)) - 86e92292-7141-46cb-9ed5-093a2cfc2b40@group-C5655235CD35-FollowerState was interrupted
2022-10-30 01:06:53,509 [grpc-default-executor-2] INFO  server.RaftServer$Division (RaftServerImpl.java:requestVote(1218)) - db967a0c-fd65-4f5b-99fe-08eeaf937185@group-C5655235CD35: receive requestVote(ELECTION, 7f2965ec-2a1d-4c0b-a486-0150db937947, group-C5655235CD35, 4, (t:0, i:0))
2022-10-30 01:06:53,511 [grpc-default-executor-2] INFO  impl.VoteContext (VoteContext.java:log(48)) - db967a0c-fd65-4f5b-99fe-08eeaf937185@group-C5655235CD35-FOLLOWER: accept ELECTION from 7f2965ec-2a1d-4c0b-a486-0150db937947: our priority 0 <= candidate's priority 1
2022-10-30 01:06:53,511 [grpc-default-executor-2] INFO  server.RaftServer$Division (RaftServerImpl.java:setRole(321)) - db967a0c-fd65-4f5b-99fe-08eeaf937185@group-C5655235CD35: changes role from  FOLLOWER to FOLLOWER at term 4 for candidate:7f2965ec-2a1d-4c0b-a486-0150db937947
2022-10-30 01:06:53,511 [grpc-default-executor-2] INFO  impl.RoleInfo (RoleInfo.java:shutdownFollowerState(110)) - db967a0c-fd65-4f5b-99fe-08eeaf937185: shutdown db967a0c-fd65-4f5b-99fe-08eeaf937185@group-C5655235CD35-FollowerState
2022-10-30 01:06:53,511 [grpc-default-executor-6] INFO  server.RaftServer$Division (RaftServerImpl.java:requestVote(1251)) - 86e92292-7141-46cb-9ed5-093a2cfc2b40@group-C5655235CD35 replies to ELECTION vote request: 7f2965ec-2a1d-4c0b-a486-0150db937947<-86e92292-7141-46cb-9ed5-093a2cfc2b40#0:OK-t4. Peer's state: 86e92292-7141-46cb-9ed5-093a2cfc2b40@group-C5655235CD35:t4, leader=null, voted=7f2965ec-2a1d-4c0b-a486-0150db937947, raftlog=Memoized:86e92292-7141-46cb-9ed5-093a2cfc2b40@group-C5655235CD35-SegmentedRaftLog:OPENED:c-1, conf=-1: peers:[db967a0c-fd65-4f5b-99fe-08eeaf937185|rpc:10.1.0.11:46009|priority:0|startupRole:FOLLOWER, 7f2965ec-2a1d-4c0b-a486-0150db937947|rpc:10.1.0.11:43977|priority:1|startupRole:FOLLOWER, 86e92292-7141-46cb-9ed5-093a2cfc2b40|rpc:10.1.0.11:44269|priority:0|startupRole:FOLLOWER]|listeners:[], old=null
2022-10-30 01:06:53,511 [db967a0c-fd65-4f5b-99fe-08eeaf937185@group-C5655235CD35-FollowerState] INFO  impl.FollowerState (FollowerState.java:run(152)) - db967a0c-fd65-4f5b-99fe-08eeaf937185@group-C5655235CD35-FollowerState was interrupted
2022-10-30 01:06:53,511 [86e92292-7141-46cb-9ed5-093a2cfc2b40@group-C5655235CD35-FollowerState] INFO  server.RaftServerConfigKeys (ConfUtils.java:logFallback(53)) - raft.server.rpc.first-election.timeout.min = 5s (fallback to raft.server.rpc.timeout.min)
2022-10-30 01:06:53,511 [86e92292-7141-46cb-9ed5-093a2cfc2b40@group-C5655235CD35-FollowerState] INFO  server.RaftServerConfigKeys (ConfUtils.java:logFallback(53)) - raft.server.rpc.first-election.timeout.max = 5200ms (fallback to raft.server.rpc.timeout.max)
2022-10-30 01:06:53,511 [grpc-default-executor-2] INFO  impl.RoleInfo (RoleInfo.java:updateAndGet(139)) - db967a0c-fd65-4f5b-99fe-08eeaf937185: start db967a0c-fd65-4f5b-99fe-08eeaf937185@group-C5655235CD35-FollowerState
2022-10-30 01:06:53,514 [7f2965ec-2a1d-4c0b-a486-0150db937947@group-C5655235CD35-LeaderElection26] INFO  impl.LeaderElection (LeaderElection.java:logAndReturn(90)) - 7f2965ec-2a1d-4c0b-a486-0150db937947@group-C5655235CD35-LeaderElection26: ELECTION PASSED received 1 response(s) and 0 exception(s):
2022-10-30 01:06:53,514 [7f2965ec-2a1d-4c0b-a486-0150db937947@group-C5655235CD35-LeaderElection26] INFO  impl.LeaderElection (LeaderElection.java:logAndReturn(94)) -   Response 0: 7f2965ec-2a1d-4c0b-a486-0150db937947<-86e92292-7141-46cb-9ed5-093a2cfc2b40#0:OK-t4
2022-10-30 01:06:53,515 [7f2965ec-2a1d-4c0b-a486-0150db937947@group-C5655235CD35-LeaderElection26] INFO  impl.LeaderElection (LeaderElection.java:askForVotes(314)) - 7f2965ec-2a1d-4c0b-a486-0150db937947@group-C5655235CD35-LeaderElection26 ELECTION round 0: result PASSED
2022-10-30 01:06:53,515 [7f2965ec-2a1d-4c0b-a486-0150db937947@group-C5655235CD35-LeaderElection26] INFO  impl.RoleInfo (RoleInfo.java:shutdownLeaderElection(130)) - 7f2965ec-2a1d-4c0b-a486-0150db937947: shutdown 7f2965ec-2a1d-4c0b-a486-0150db937947@group-C5655235CD35-LeaderElection26
2022-10-30 01:06:53,515 [7f2965ec-2a1d-4c0b-a486-0150db937947@group-C5655235CD35-LeaderElection26] INFO  server.RaftServer$Division (RaftServerImpl.java:setRole(321)) - 7f2965ec-2a1d-4c0b-a486-0150db937947@group-C5655235CD35: changes role from CANDIDATE to LEADER at term 4 for changeToLeader
2022-10-30 01:06:53,515 [7f2965ec-2a1d-4c0b-a486-0150db937947@group-C5655235CD35-LeaderElection26] INFO  ratis.XceiverServerRatis (XceiverServerRatis.java:handleLeaderChangedNotification(863)) - Leader change notification received for group: group-C5655235CD35 with new leaderId: 7f2965ec-2a1d-4c0b-a486-0150db937947
2022-10-30 01:06:53,515 [7f2965ec-2a1d-4c0b-a486-0150db937947@group-C5655235CD35-LeaderElection26] INFO  server.RaftServer$Division (ServerState.java:setLeader(313)) - 7f2965ec-2a1d-4c0b-a486-0150db937947@group-C5655235CD35: change Leader from null to 7f2965ec-2a1d-4c0b-a486-0150db937947 at term 4 for becomeLeader, leader elected after 19697ms
2022-10-30 01:06:53,515 [7f2965ec-2a1d-4c0b-a486-0150db937947@group-C5655235CD35-LeaderElection26] INFO  server.RaftServerConfigKeys (ConfUtils.java:logGet(46)) - raft.server.staging.catchup.gap = 1000 (default)
2022-10-30 01:06:53,515 [7f2965ec-2a1d-4c0b-a486-0150db937947@group-C5655235CD35-LeaderElection26] INFO  server.RaftServerConfigKeys (ConfUtils.java:logGet(46)) - raft.server.write.element-limit = 1024 (custom)
2022-10-30 01:06:53,515 [7f2965ec-2a1d-4c0b-a486-0150db937947@group-C5655235CD35-LeaderElection26] INFO  server.RaftServerConfigKeys (ConfUtils.java:logGet(46)) - raft.server.write.byte-limit = 1024 M (=1073741824) (custom)
2022-10-30 01:06:53,515 [7f2965ec-2a1d-4c0b-a486-0150db937947@group-C5655235CD35-LeaderElection26] INFO  server.RaftServerConfigKeys (ConfUtils.java:logGet(46)) - raft.server.watch.timeout = 180s (custom)
2022-10-30 01:06:53,515 [7f2965ec-2a1d-4c0b-a486-0150db937947@group-C5655235CD35-LeaderElection26] INFO  server.RaftServerConfigKeys (ConfUtils.java:logGet(46)) - raft.server.watch.timeout.denomination = 1s (default)
2022-10-30 01:06:53,515 [7f2965ec-2a1d-4c0b-a486-0150db937947@group-C5655235CD35-LeaderElection26] INFO  server.RaftServerConfigKeys (ConfUtils.java:logGet(46)) - raft.server.watch.element-limit = 65536 (default)
2022-10-30 01:06:53,516 [7f2965ec-2a1d-4c0b-a486-0150db937947@group-C5655235CD35-LeaderElection26] INFO  server.RaftServerConfigKeys (ConfUtils.java:logGet(46)) - raft.server.write.element-limit = 1024 (custom)
2022-10-30 01:06:53,516 [7f2965ec-2a1d-4c0b-a486-0150db937947@group-C5655235CD35-LeaderElection26] INFO  server.RaftServerConfigKeys (ConfUtils.java:logGet(46)) - raft.server.write.follower.gap.ratio.max = -1.0 (default)
2022-10-30 01:06:53,516 [7f2965ec-2a1d-4c0b-a486-0150db937947@group-C5655235CD35-LeaderElection26] INFO  server.RaftServerConfigKeys (ConfUtils.java:logGet(46)) - raft.server.log.appender.snapshot.chunk.size.max = 16MB (=16777216) (default)
2022-10-30 01:06:53,516 [7f2965ec-2a1d-4c0b-a486-0150db937947@group-C5655235CD35-LeaderElection26] INFO  server.RaftServerConfigKeys (ConfUtils.java:logGet(46)) - raft.server.log.appender.buffer.byte-limit = 33554432 (custom)
2022-10-30 01:06:53,516 [7f2965ec-2a1d-4c0b-a486-0150db937947@group-C5655235CD35-LeaderElection26] INFO  server.RaftServerConfigKeys (ConfUtils.java:logGet(46)) - raft.server.log.appender.buffer.element-limit = 1 (custom)
2022-10-30 01:06:53,516 [7f2965ec-2a1d-4c0b-a486-0150db937947@group-C5655235CD35-LeaderElection26] INFO  grpc.GrpcConfigKeys (ConfUtils.java:logGet(46)) - raft.grpc.server.leader.outstanding.appends.max = 128 (default)
2022-10-30 01:06:53,516 [7f2965ec-2a1d-4c0b-a486-0150db937947@group-C5655235CD35-LeaderElection26] INFO  server.RaftServerConfigKeys (ConfUtils.java:logGet(46)) - raft.server.rpc.request.timeout = 60s (custom)
2022-10-30 01:06:53,516 [grpc-default-executor-2] INFO  server.RaftServer$Division (RaftServerImpl.java:requestVote(1251)) - db967a0c-fd65-4f5b-99fe-08eeaf937185@group-C5655235CD35 replies to ELECTION vote request: 7f2965ec-2a1d-4c0b-a486-0150db937947<-db967a0c-fd65-4f5b-99fe-08eeaf937185#0:OK-t4. Peer's state: db967a0c-fd65-4f5b-99fe-08eeaf937185@group-C5655235CD35:t4, leader=null, voted=7f2965ec-2a1d-4c0b-a486-0150db937947, raftlog=Memoized:db967a0c-fd65-4f5b-99fe-08eeaf937185@group-C5655235CD35-SegmentedRaftLog:OPENED:c-1, conf=-1: peers:[db967a0c-fd65-4f5b-99fe-08eeaf937185|rpc:10.1.0.11:46009|priority:0|startupRole:FOLLOWER, 7f2965ec-2a1d-4c0b-a486-0150db937947|rpc:10.1.0.11:43977|priority:1|startupRole:FOLLOWER, 86e92292-7141-46cb-9ed5-093a2cfc2b40|rpc:10.1.0.11:44269|priority:0|startupRole:FOLLOWER]|listeners:[], old=null
2022-10-30 01:06:53,516 [7f2965ec-2a1d-4c0b-a486-0150db937947@group-C5655235CD35-LeaderElection26] INFO  server.RaftServerConfigKeys (ConfUtils.java:logGet(46)) - raft.server.log.appender.install.snapshot.enabled = false (custom)
2022-10-30 01:06:53,517 [7f2965ec-2a1d-4c0b-a486-0150db937947@group-C5655235CD35-LeaderElection26] INFO  grpc.GrpcConfigKeys (ConfUtils.java:logGet(46)) - raft.grpc.server.heartbeat.channel = true (default)
2022-10-30 01:06:53,517 [7f2965ec-2a1d-4c0b-a486-0150db937947@group-C5655235CD35-LeaderElection26] INFO  server.RaftServerConfigKeys (ConfUtils.java:logGet(46)) - raft.server.log.appender.wait-time.min = 10ms (default)
2022-10-30 01:06:53,519 [EventQueue-PipelineReportForPipelineReportHandler] INFO  pipeline.PipelineManagerImpl (PipelineManagerImpl.java:openPipeline(367)) - Pipeline Pipeline[ Id: 724b6ae5-f336-4c80-ae4d-c5655235cd35, Nodes: 86e92292-7141-46cb-9ed5-093a2cfc2b40{ip: 10.1.0.11, host: fv-az99-422.euuzywwtp3iu5l5aj42nbmzodg.gx.internal.cloudapp.net, ports: [REPLICATION=42541, RATIS=44269, RATIS_ADMIN=44269, RATIS_SERVER=44269, STANDALONE=37771], networkLocation: /default-rack, certSerialId: null, persistedOpState: IN_SERVICE, persistedOpStateExpiryEpochSec: 0}db967a0c-fd65-4f5b-99fe-08eeaf937185{ip: 10.1.0.11, host: fv-az99-422.euuzywwtp3iu5l5aj42nbmzodg.gx.internal.cloudapp.net, ports: [REPLICATION=33115, RATIS=46009, RATIS_ADMIN=46009, RATIS_SERVER=46009, STANDALONE=42087], networkLocation: /default-rack, certSerialId: null, persistedOpState: IN_SERVICE, persistedOpStateExpiryEpochSec: 0}7f2965ec-2a1d-4c0b-a486-0150db937947{ip: 10.1.0.11, host: fv-az99-422.euuzywwtp3iu5l5aj42nbmzodg.gx.internal.cloudapp.net, ports: [REPLICATION=39237, RATIS=43977, RATIS_ADMIN=43977, RATIS_SERVER=43977, STANDALONE=40797], networkLocation: /default-rack, certSerialId: null, persistedOpState: IN_SERVICE, persistedOpStateExpiryEpochSec: 0}, ReplicationConfig: RATIS/THREE, State:ALLOCATED, leaderId:7f2965ec-2a1d-4c0b-a486-0150db937947, CreationTimestamp2022-10-30T01:06:30.735Z[Etc/UTC]] moved to OPEN state
2022-10-30 01:06:53,520 [7f2965ec-2a1d-4c0b-a486-0150db937947@group-C5655235CD35-LeaderElection26] INFO  server.RaftServerConfigKeys (ConfUtils.java:logGet(46)) - raft.server.log.appender.snapshot.chunk.size.max = 16MB (=16777216) (default)
2022-10-30 01:06:53,520 [7f2965ec-2a1d-4c0b-a486-0150db937947@group-C5655235CD35-LeaderElection26] INFO  server.RaftServerConfigKeys (ConfUtils.java:logGet(46)) - raft.server.log.appender.buffer.byte-limit = 33554432 (custom)
2022-10-30 01:06:53,520 [7f2965ec-2a1d-4c0b-a486-0150db937947@group-C5655235CD35-LeaderElection26] INFO  server.RaftServerConfigKeys (ConfUtils.java:logGet(46)) - raft.server.log.appender.buffer.element-limit = 1 (custom)
2022-10-30 01:06:53,526 [7f2965ec-2a1d-4c0b-a486-0150db937947@group-C5655235CD35-LeaderElection26] INFO  grpc.GrpcConfigKeys (ConfUtils.java:logGet(46)) - raft.grpc.server.leader.outstanding.appends.max = 128 (default)
2022-10-30 01:06:53,526 [7f2965ec-2a1d-4c0b-a486-0150db937947@group-C5655235CD35-LeaderElection26] INFO  server.RaftServerConfigKeys (ConfUtils.java:logGet(46)) - raft.server.rpc.request.timeout = 60s (custom)
2022-10-30 01:06:53,526 [7f2965ec-2a1d-4c0b-a486-0150db937947@group-C5655235CD35-LeaderElection26] INFO  server.RaftServerConfigKeys (ConfUtils.java:logGet(46)) - raft.server.log.appender.install.snapshot.enabled = false (custom)
2022-10-30 01:06:53,526 [7f2965ec-2a1d-4c0b-a486-0150db937947@group-C5655235CD35-LeaderElection26] INFO  grpc.GrpcConfigKeys (ConfUtils.java:logGet(46)) - raft.grpc.server.heartbeat.channel = true (default)
2022-10-30 01:06:53,526 [7f2965ec-2a1d-4c0b-a486-0150db937947@group-C5655235CD35-LeaderElection26] INFO  server.RaftServerConfigKeys (ConfUtils.java:logGet(46)) - raft.server.log.appender.wait-time.min = 10ms (default)
2022-10-30 01:06:53,526 [7f2965ec-2a1d-4c0b-a486-0150db937947@group-C5655235CD35-LeaderElection26] INFO  impl.RoleInfo (RoleInfo.java:updateAndGet(139)) - 7f2965ec-2a1d-4c0b-a486-0150db937947: start 7f2965ec-2a1d-4c0b-a486-0150db937947@group-C5655235CD35-LeaderStateImpl
2022-10-30 01:06:53,526 [7f2965ec-2a1d-4c0b-a486-0150db937947@group-C5655235CD35-LeaderElection26] INFO  segmented.SegmentedRaftLogWorker (SegmentedRaftLogWorker.java:startLogSegment(452)) - 7f2965ec-2a1d-4c0b-a486-0150db937947@group-C5655235CD35-SegmentedRaftLogWorker: Starting segment from index:0
2022-10-30 01:06:53,527 [db967a0c-fd65-4f5b-99fe-08eeaf937185@group-C5655235CD35-FollowerState] INFO  server.RaftServerConfigKeys (ConfUtils.java:logFallback(53)) - raft.server.rpc.first-election.timeout.min = 5s (fallback to raft.server.rpc.timeout.min)
2022-10-30 01:06:53,527 [db967a0c-fd65-4f5b-99fe-08eeaf937185@group-C5655235CD35-FollowerState] INFO  server.RaftServerConfigKeys (ConfUtils.java:logFallback(53)) - raft.server.rpc.first-election.timeout.max = 5200ms (fallback to raft.server.rpc.timeout.max)
2022-10-30 01:06:53,528 [7f2965ec-2a1d-4c0b-a486-0150db937947@group-C5655235CD35-SegmentedRaftLogWorker] INFO  segmented.SegmentedRaftLogWorker (SegmentedRaftLogWorker.java:execute(656)) - 7f2965ec-2a1d-4c0b-a486-0150db937947@group-C5655235CD35-SegmentedRaftLogWorker: created new log segment /home/runner/work/ozone/ozone/hadoop-ozone/integration-test/target/test-dir/MiniOzoneClusterImpl-d77d6c10-3d51-4ae5-b04b-b5f3d2f20a3f/datanode-2/data/ratis/724b6ae5-f336-4c80-ae4d-c5655235cd35/current/log_inprogress_0
2022-10-30 01:06:53,528 [7f2965ec-2a1d-4c0b-a486-0150db937947@group-C5655235CD35-LeaderElection26] INFO  server.RaftServer$Division (ServerState.java:setRaftConf(430)) - 7f2965ec-2a1d-4c0b-a486-0150db937947@group-C5655235CD35: set configuration 0: peers:[db967a0c-fd65-4f5b-99fe-08eeaf937185|rpc:10.1.0.11:46009|dataStream:|priority:0|startupRole:FOLLOWER, 7f2965ec-2a1d-4c0b-a486-0150db937947|rpc:10.1.0.11:43977|dataStream:|priority:1|startupRole:FOLLOWER, 86e92292-7141-46cb-9ed5-093a2cfc2b40|rpc:10.1.0.11:44269|dataStream:|priority:0|startupRole:FOLLOWER]|listeners:[], old=null
2022-10-30 01:06:53,542 [86e92292-7141-46cb-9ed5-093a2cfc2b40-server-thread1] INFO  ratis.XceiverServerRatis (XceiverServerRatis.java:handleLeaderChangedNotification(863)) - Leader change notification received for group: group-C5655235CD35 with new leaderId: 7f2965ec-2a1d-4c0b-a486-0150db937947
2022-10-30 01:06:53,542 [86e92292-7141-46cb-9ed5-093a2cfc2b40-server-thread1] INFO  server.RaftServer$Division (ServerState.java:setLeader(313)) - 86e92292-7141-46cb-9ed5-093a2cfc2b40@group-C5655235CD35: change Leader from null to 7f2965ec-2a1d-4c0b-a486-0150db937947 at term 4 for appendEntries, leader elected after 20492ms
2022-10-30 01:06:53,542 [86e92292-7141-46cb-9ed5-093a2cfc2b40-server-thread2] INFO  server.RaftServer$Division (ServerState.java:setRaftConf(430)) - 86e92292-7141-46cb-9ed5-093a2cfc2b40@group-C5655235CD35: set configuration 0: peers:[db967a0c-fd65-4f5b-99fe-08eeaf937185|rpc:10.1.0.11:46009|dataStream:|priority:0|startupRole:FOLLOWER, 7f2965ec-2a1d-4c0b-a486-0150db937947|rpc:10.1.0.11:43977|dataStream:|priority:1|startupRole:FOLLOWER, 86e92292-7141-46cb-9ed5-093a2cfc2b40|rpc:10.1.0.11:44269|dataStream:|priority:0|startupRole:FOLLOWER]|listeners:[], old=null
2022-10-30 01:06:53,543 [86e92292-7141-46cb-9ed5-093a2cfc2b40-server-thread2] INFO  segmented.SegmentedRaftLogWorker (SegmentedRaftLogWorker.java:startLogSegment(452)) - 86e92292-7141-46cb-9ed5-093a2cfc2b40@group-C5655235CD35-SegmentedRaftLogWorker: Starting segment from index:0
2022-10-30 01:06:53,544 [db967a0c-fd65-4f5b-99fe-08eeaf937185-server-thread1] INFO  ratis.XceiverServerRatis (XceiverServerRatis.java:handleLeaderChangedNotification(863)) - Leader change notification received for group: group-C5655235CD35 with new leaderId: 7f2965ec-2a1d-4c0b-a486-0150db937947
2022-10-30 01:06:53,544 [db967a0c-fd65-4f5b-99fe-08eeaf937185-server-thread1] INFO  server.RaftServer$Division (ServerState.java:setLeader(313)) - db967a0c-fd65-4f5b-99fe-08eeaf937185@group-C5655235CD35: change Leader from null to 7f2965ec-2a1d-4c0b-a486-0150db937947 at term 4 for appendEntries, leader elected after 20072ms
2022-10-30 01:06:53,544 [db967a0c-fd65-4f5b-99fe-08eeaf937185-server-thread2] INFO  server.RaftServer$Division (ServerState.java:setRaftConf(430)) - db967a0c-fd65-4f5b-99fe-08eeaf937185@group-C5655235CD35: set configuration 0: peers:[db967a0c-fd65-4f5b-99fe-08eeaf937185|rpc:10.1.0.11:46009|dataStream:|priority:0|startupRole:FOLLOWER, 7f2965ec-2a1d-4c0b-a486-0150db937947|rpc:10.1.0.11:43977|dataStream:|priority:1|startupRole:FOLLOWER, 86e92292-7141-46cb-9ed5-093a2cfc2b40|rpc:10.1.0.11:44269|dataStream:|priority:0|startupRole:FOLLOWER]|listeners:[], old=null
2022-10-30 01:06:53,545 [db967a0c-fd65-4f5b-99fe-08eeaf937185-server-thread2] INFO  segmented.SegmentedRaftLogWorker (SegmentedRaftLogWorker.java:startLogSegment(452)) - db967a0c-fd65-4f5b-99fe-08eeaf937185@group-C5655235CD35-SegmentedRaftLogWorker: Starting segment from index:0
2022-10-30 01:06:53,546 [db967a0c-fd65-4f5b-99fe-08eeaf937185@group-C5655235CD35-SegmentedRaftLogWorker] INFO  segmented.SegmentedRaftLogWorker (SegmentedRaftLogWorker.java:execute(656)) - db967a0c-fd65-4f5b-99fe-08eeaf937185@group-C5655235CD35-SegmentedRaftLogWorker: created new log segment /home/runner/work/ozone/ozone/hadoop-ozone/integration-test/target/test-dir/MiniOzoneClusterImpl-d77d6c10-3d51-4ae5-b04b-b5f3d2f20a3f/datanode-1/data/ratis/724b6ae5-f336-4c80-ae4d-c5655235cd35/current/log_inprogress_0
2022-10-30 01:06:53,547 [86e92292-7141-46cb-9ed5-093a2cfc2b40@group-C5655235CD35-SegmentedRaftLogWorker] INFO  segmented.SegmentedRaftLogWorker (SegmentedRaftLogWorker.java:execute(656)) - 86e92292-7141-46cb-9ed5-093a2cfc2b40@group-C5655235CD35-SegmentedRaftLogWorker: created new log segment /home/runner/work/ozone/ozone/hadoop-ozone/integration-test/target/test-dir/MiniOzoneClusterImpl-d77d6c10-3d51-4ae5-b04b-b5f3d2f20a3f/datanode-0/data/ratis/724b6ae5-f336-4c80-ae4d-c5655235cd35/current/log_inprogress_0
2022-10-30 01:06:54,454 [57b0e5c4-d4d8-463c-8999-53af98295cd0@group-0252A98196AF-FollowerState] INFO  server.RaftServerConfigKeys (ConfUtils.java:logFallback(53)) - raft.server.rpc.first-election.timeout.min = 5s (fallback to raft.server.rpc.timeout.min)
2022-10-30 01:06:54,454 [57b0e5c4-d4d8-463c-8999-53af98295cd0@group-0252A98196AF-FollowerState] INFO  server.RaftServerConfigKeys (ConfUtils.java:logFallback(53)) - raft.server.rpc.first-election.timeout.max = 5200ms (fallback to raft.server.rpc.timeout.max)
2022-10-30 01:06:54,551 [edb0f50d-ef97-4088-a20b-1c61b9a9d6ec@group-0252A98196AF-FollowerState] INFO  impl.FollowerState (FollowerState.java:run(143)) - edb0f50d-ef97-4088-a20b-1c61b9a9d6ec@group-0252A98196AF-FollowerState: change to CANDIDATE, lastRpcElapsedTime:5103439356ns, electionTimeout:5103ms
2022-10-30 01:06:54,551 [edb0f50d-ef97-4088-a20b-1c61b9a9d6ec@group-0252A98196AF-FollowerState] INFO  impl.RoleInfo (RoleInfo.java:shutdownFollowerState(110)) - edb0f50d-ef97-4088-a20b-1c61b9a9d6ec: shutdown edb0f50d-ef97-4088-a20b-1c61b9a9d6ec@group-0252A98196AF-FollowerState
2022-10-30 01:06:54,551 [edb0f50d-ef97-4088-a20b-1c61b9a9d6ec@group-0252A98196AF-FollowerState] INFO  server.RaftServer$Division (RaftServerImpl.java:setRole(321)) - edb0f50d-ef97-4088-a20b-1c61b9a9d6ec@group-0252A98196AF: changes role from  FOLLOWER to CANDIDATE at term 3 for changeToCandidate
2022-10-30 01:06:54,551 [edb0f50d-ef97-4088-a20b-1c61b9a9d6ec@group-0252A98196AF-FollowerState] INFO  server.RaftServerConfigKeys (ConfUtils.java:logGet(46)) - raft.server.leaderelection.pre-vote = false (custom)
2022-10-30 01:06:54,551 [edb0f50d-ef97-4088-a20b-1c61b9a9d6ec@group-0252A98196AF-FollowerState] INFO  impl.RoleInfo (RoleInfo.java:updateAndGet(139)) - edb0f50d-ef97-4088-a20b-1c61b9a9d6ec: start edb0f50d-ef97-4088-a20b-1c61b9a9d6ec@group-0252A98196AF-LeaderElection27
2022-10-30 01:06:54,554 [edb0f50d-ef97-4088-a20b-1c61b9a9d6ec@group-0252A98196AF-LeaderElection27] INFO  impl.LeaderElection (LeaderElection.java:askForVotes(312)) - edb0f50d-ef97-4088-a20b-1c61b9a9d6ec@group-0252A98196AF-LeaderElection27 ELECTION round 0: submit vote requests at term 4 for -1: peers:[edb0f50d-ef97-4088-a20b-1c61b9a9d6ec|rpc:10.1.0.11:41147|priority:0|startupRole:FOLLOWER, 58d8b8bb-cfc7-423c-ba1f-09160eea4c71|rpc:10.1.0.11:37145|priority:1|startupRole:FOLLOWER, 57b0e5c4-d4d8-463c-8999-53af98295cd0|rpc:10.1.0.11:39941|priority:0|startupRole:FOLLOWER]|listeners:[], old=null
2022-10-30 01:06:54,554 [edb0f50d-ef97-4088-a20b-1c61b9a9d6ec@group-0252A98196AF-LeaderElection27] INFO  server.RaftServerConfigKeys (ConfUtils.java:logFallback(53)) - raft.server.rpc.first-election.timeout.min = 5s (fallback to raft.server.rpc.timeout.min)
2022-10-30 01:06:54,554 [edb0f50d-ef97-4088-a20b-1c61b9a9d6ec@group-0252A98196AF-LeaderElection27] INFO  server.RaftServerConfigKeys (ConfUtils.java:logFallback(53)) - raft.server.rpc.first-election.timeout.max = 5200ms (fallback to raft.server.rpc.timeout.max)
2022-10-30 01:06:54,558 [grpc-default-executor-3] INFO  server.RaftServer$Division (RaftServerImpl.java:requestVote(1218)) - 57b0e5c4-d4d8-463c-8999-53af98295cd0@group-0252A98196AF: receive requestVote(ELECTION, edb0f50d-ef97-4088-a20b-1c61b9a9d6ec, group-0252A98196AF, 4, (t:0, i:0))
2022-10-30 01:06:54,558 [grpc-default-executor-2] INFO  server.RaftServer$Division (RaftServerImpl.java:requestVote(1218)) - 58d8b8bb-cfc7-423c-ba1f-09160eea4c71@group-0252A98196AF: receive requestVote(ELECTION, edb0f50d-ef97-4088-a20b-1c61b9a9d6ec, group-0252A98196AF, 4, (t:0, i:0))
2022-10-30 01:06:54,559 [grpc-default-executor-3] INFO  impl.VoteContext (VoteContext.java:log(48)) - 57b0e5c4-d4d8-463c-8999-53af98295cd0@group-0252A98196AF-FOLLOWER: accept ELECTION from edb0f50d-ef97-4088-a20b-1c61b9a9d6ec: our priority 0 <= candidate's priority 0
2022-10-30 01:06:54,559 [grpc-default-executor-2] INFO  impl.VoteContext (VoteContext.java:log(48)) - 58d8b8bb-cfc7-423c-ba1f-09160eea4c71@group-0252A98196AF-FOLLOWER: reject ELECTION from edb0f50d-ef97-4088-a20b-1c61b9a9d6ec: our priority 1 > candidate's priority 0
2022-10-30 01:06:54,560 [grpc-default-executor-3] INFO  server.RaftServer$Division (RaftServerImpl.java:setRole(321)) - 57b0e5c4-d4d8-463c-8999-53af98295cd0@group-0252A98196AF: changes role from  FOLLOWER to FOLLOWER at term 4 for candidate:edb0f50d-ef97-4088-a20b-1c61b9a9d6ec
2022-10-30 01:06:54,560 [grpc-default-executor-2] INFO  server.RaftServer$Division (RaftServerImpl.java:setRole(321)) - 58d8b8bb-cfc7-423c-ba1f-09160eea4c71@group-0252A98196AF: changes role from  FOLLOWER to FOLLOWER at term 4 for candidate:edb0f50d-ef97-4088-a20b-1c61b9a9d6ec
2022-10-30 01:06:54,560 [grpc-default-executor-3] INFO  impl.RoleInfo (RoleInfo.java:shutdownFollowerState(110)) - 57b0e5c4-d4d8-463c-8999-53af98295cd0: shutdown 57b0e5c4-d4d8-463c-8999-53af98295cd0@group-0252A98196AF-FollowerState
2022-10-30 01:06:54,560 [grpc-default-executor-2] INFO  impl.RoleInfo (RoleInfo.java:shutdownFollowerState(110)) - 58d8b8bb-cfc7-423c-ba1f-09160eea4c71: shutdown 58d8b8bb-cfc7-423c-ba1f-09160eea4c71@group-0252A98196AF-FollowerState
2022-10-30 01:06:54,560 [grpc-default-executor-3] INFO  impl.RoleInfo (RoleInfo.java:updateAndGet(139)) - 57b0e5c4-d4d8-463c-8999-53af98295cd0: start 57b0e5c4-d4d8-463c-8999-53af98295cd0@group-0252A98196AF-FollowerState
2022-10-30 01:06:54,560 [grpc-default-executor-2] INFO  impl.RoleInfo (RoleInfo.java:updateAndGet(139)) - 58d8b8bb-cfc7-423c-ba1f-09160eea4c71: start 58d8b8bb-cfc7-423c-ba1f-09160eea4c71@group-0252A98196AF-FollowerState
2022-10-30 01:06:54,560 [57b0e5c4-d4d8-463c-8999-53af98295cd0@group-0252A98196AF-FollowerState] INFO  impl.FollowerState (FollowerState.java:run(152)) - 57b0e5c4-d4d8-463c-8999-53af98295cd0@group-0252A98196AF-FollowerState was interrupted
2022-10-30 01:06:54,560 [58d8b8bb-cfc7-423c-ba1f-09160eea4c71@group-0252A98196AF-FollowerState] INFO  impl.FollowerState (FollowerState.java:run(152)) - 58d8b8bb-cfc7-423c-ba1f-09160eea4c71@group-0252A98196AF-FollowerState was interrupted
2022-10-30 01:06:54,561 [57b0e5c4-d4d8-463c-8999-53af98295cd0@group-0252A98196AF-FollowerState] INFO  server.RaftServerConfigKeys (ConfUtils.java:logFallback(53)) - raft.server.rpc.first-election.timeout.min = 5s (fallback to raft.server.rpc.timeout.min)
2022-10-30 01:06:54,561 [57b0e5c4-d4d8-463c-8999-53af98295cd0@group-0252A98196AF-FollowerState] INFO  server.RaftServerConfigKeys (ConfUtils.java:logFallback(53)) - raft.server.rpc.first-election.timeout.max = 5200ms (fallback to raft.server.rpc.timeout.max)
2022-10-30 01:06:54,561 [grpc-default-executor-3] INFO  server.RaftServer$Division (RaftServerImpl.java:requestVote(1251)) - 57b0e5c4-d4d8-463c-8999-53af98295cd0@group-0252A98196AF replies to ELECTION vote request: edb0f50d-ef97-4088-a20b-1c61b9a9d6ec<-57b0e5c4-d4d8-463c-8999-53af98295cd0#0:OK-t4. Peer's state: 57b0e5c4-d4d8-463c-8999-53af98295cd0@group-0252A98196AF:t4, leader=null, voted=edb0f50d-ef97-4088-a20b-1c61b9a9d6ec, raftlog=Memoized:57b0e5c4-d4d8-463c-8999-53af98295cd0@group-0252A98196AF-SegmentedRaftLog:OPENED:c-1, conf=-1: peers:[edb0f50d-ef97-4088-a20b-1c61b9a9d6ec|rpc:10.1.0.11:41147|dataStream:|priority:0|startupRole:FOLLOWER, 58d8b8bb-cfc7-423c-ba1f-09160eea4c71|rpc:10.1.0.11:37145|dataStream:|priority:1|startupRole:FOLLOWER, 57b0e5c4-d4d8-463c-8999-53af98295cd0|rpc:10.1.0.11:39941|dataStream:|priority:0|startupRole:FOLLOWER]|listeners:[], old=null
2022-10-30 01:06:54,563 [58d8b8bb-cfc7-423c-ba1f-09160eea4c71@group-0252A98196AF-FollowerState] INFO  server.RaftServerConfigKeys (ConfUtils.java:logFallback(53)) - raft.server.rpc.first-election.timeout.min = 5s (fallback to raft.server.rpc.timeout.min)
2022-10-30 01:06:54,563 [58d8b8bb-cfc7-423c-ba1f-09160eea4c71@group-0252A98196AF-FollowerState] INFO  server.RaftServerConfigKeys (ConfUtils.java:logFallback(53)) - raft.server.rpc.first-election.timeout.max = 5200ms (fallback to raft.server.rpc.timeout.max)
2022-10-30 01:06:54,563 [grpc-default-executor-2] INFO  server.RaftServer$Division (RaftServerImpl.java:requestVote(1251)) - 58d8b8bb-cfc7-423c-ba1f-09160eea4c71@group-0252A98196AF replies to ELECTION vote request: edb0f50d-ef97-4088-a20b-1c61b9a9d6ec<-58d8b8bb-cfc7-423c-ba1f-09160eea4c71#0:FAIL-t4. Peer's state: 58d8b8bb-cfc7-423c-ba1f-09160eea4c71@group-0252A98196AF:t4, leader=null, voted=null, raftlog=Memoized:58d8b8bb-cfc7-423c-ba1f-09160eea4c71@group-0252A98196AF-SegmentedRaftLog:OPENED:c-1, conf=-1: peers:[edb0f50d-ef97-4088-a20b-1c61b9a9d6ec|rpc:10.1.0.11:41147|dataStream:|priority:0|startupRole:FOLLOWER, 58d8b8bb-cfc7-423c-ba1f-09160eea4c71|rpc:10.1.0.11:37145|dataStream:|priority:1|startupRole:FOLLOWER, 57b0e5c4-d4d8-463c-8999-53af98295cd0|rpc:10.1.0.11:39941|dataStream:|priority:0|startupRole:FOLLOWER]|listeners:[], old=null
2022-10-30 01:06:54,564 [edb0f50d-ef97-4088-a20b-1c61b9a9d6ec@group-0252A98196AF-LeaderElection27] INFO  impl.LeaderElection (LeaderElection.java:logAndReturn(90)) - edb0f50d-ef97-4088-a20b-1c61b9a9d6ec@group-0252A98196AF-LeaderElection27: ELECTION REJECTED received 2 response(s) and 0 exception(s):
2022-10-30 01:06:54,564 [edb0f50d-ef97-4088-a20b-1c61b9a9d6ec@group-0252A98196AF-LeaderElection27] INFO  impl.LeaderElection (LeaderElection.java:logAndReturn(94)) -   Response 0: edb0f50d-ef97-4088-a20b-1c61b9a9d6ec<-58d8b8bb-cfc7-423c-ba1f-09160eea4c71#0:FAIL-t4
2022-10-30 01:06:54,564 [edb0f50d-ef97-4088-a20b-1c61b9a9d6ec@group-0252A98196AF-LeaderElection27] INFO  impl.LeaderElection (LeaderElection.java:logAndReturn(94)) -   Response 1: edb0f50d-ef97-4088-a20b-1c61b9a9d6ec<-57b0e5c4-d4d8-463c-8999-53af98295cd0#0:OK-t4
2022-10-30 01:06:54,564 [edb0f50d-ef97-4088-a20b-1c61b9a9d6ec@group-0252A98196AF-LeaderElection27] INFO  impl.LeaderElection (LeaderElection.java:askForVotes(314)) - edb0f50d-ef97-4088-a20b-1c61b9a9d6ec@group-0252A98196AF-LeaderElection27 ELECTION round 0: result REJECTED
2022-10-30 01:06:54,564 [edb0f50d-ef97-4088-a20b-1c61b9a9d6ec@group-0252A98196AF-LeaderElection27] INFO  server.RaftServer$Division (RaftServerImpl.java:setRole(321)) - edb0f50d-ef97-4088-a20b-1c61b9a9d6ec@group-0252A98196AF: changes role from CANDIDATE to FOLLOWER at term 4 for REJECTED
2022-10-30 01:06:54,564 [edb0f50d-ef97-4088-a20b-1c61b9a9d6ec@group-0252A98196AF-LeaderElection27] INFO  impl.RoleInfo (RoleInfo.java:shutdownLeaderElection(130)) - edb0f50d-ef97-4088-a20b-1c61b9a9d6ec: shutdown edb0f50d-ef97-4088-a20b-1c61b9a9d6ec@group-0252A98196AF-LeaderElection27
2022-10-30 01:06:54,564 [edb0f50d-ef97-4088-a20b-1c61b9a9d6ec@group-0252A98196AF-LeaderElection27] INFO  impl.RoleInfo (RoleInfo.java:updateAndGet(139)) - edb0f50d-ef97-4088-a20b-1c61b9a9d6ec: start edb0f50d-ef97-4088-a20b-1c61b9a9d6ec@group-0252A98196AF-FollowerState
2022-10-30 01:06:54,565 [edb0f50d-ef97-4088-a20b-1c61b9a9d6ec@group-0252A98196AF-FollowerState] INFO  server.RaftServerConfigKeys (ConfUtils.java:logFallback(53)) - raft.server.rpc.first-election.timeout.min = 5s (fallback to raft.server.rpc.timeout.min)
2022-10-30 01:06:54,565 [edb0f50d-ef97-4088-a20b-1c61b9a9d6ec@group-0252A98196AF-FollowerState] INFO  server.RaftServerConfigKeys (ConfUtils.java:logFallback(53)) - raft.server.rpc.first-election.timeout.max = 5200ms (fallback to raft.server.rpc.timeout.max)
2022-10-30 01:06:59,689 [58d8b8bb-cfc7-423c-ba1f-09160eea4c71@group-0252A98196AF-FollowerState] INFO  impl.FollowerState (FollowerState.java:run(143)) - 58d8b8bb-cfc7-423c-ba1f-09160eea4c71@group-0252A98196AF-FollowerState: change to CANDIDATE, lastRpcElapsedTime:5129531283ns, electionTimeout:5126ms
2022-10-30 01:06:59,690 [58d8b8bb-cfc7-423c-ba1f-09160eea4c71@group-0252A98196AF-FollowerState] INFO  impl.RoleInfo (RoleInfo.java:shutdownFollowerState(110)) - 58d8b8bb-cfc7-423c-ba1f-09160eea4c71: shutdown 58d8b8bb-cfc7-423c-ba1f-09160eea4c71@group-0252A98196AF-FollowerState
2022-10-30 01:06:59,690 [58d8b8bb-cfc7-423c-ba1f-09160eea4c71@group-0252A98196AF-FollowerState] INFO  server.RaftServer$Division (RaftServerImpl.java:setRole(321)) - 58d8b8bb-cfc7-423c-ba1f-09160eea4c71@group-0252A98196AF: changes role from  FOLLOWER to CANDIDATE at term 4 for changeToCandidate
2022-10-30 01:06:59,690 [58d8b8bb-cfc7-423c-ba1f-09160eea4c71@group-0252A98196AF-FollowerState] INFO  server.RaftServerConfigKeys (ConfUtils.java:logGet(46)) - raft.server.leaderelection.pre-vote = false (custom)
2022-10-30 01:06:59,690 [58d8b8bb-cfc7-423c-ba1f-09160eea4c71@group-0252A98196AF-FollowerState] INFO  impl.RoleInfo (RoleInfo.java:updateAndGet(139)) - 58d8b8bb-cfc7-423c-ba1f-09160eea4c71: start 58d8b8bb-cfc7-423c-ba1f-09160eea4c71@group-0252A98196AF-LeaderElection28
2022-10-30 01:06:59,693 [58d8b8bb-cfc7-423c-ba1f-09160eea4c71@group-0252A98196AF-LeaderElection28] INFO  impl.LeaderElection (LeaderElection.java:askForVotes(312)) - 58d8b8bb-cfc7-423c-ba1f-09160eea4c71@group-0252A98196AF-LeaderElection28 ELECTION round 0: submit vote requests at term 5 for -1: peers:[edb0f50d-ef97-4088-a20b-1c61b9a9d6ec|rpc:10.1.0.11:41147|dataStream:|priority:0|startupRole:FOLLOWER, 58d8b8bb-cfc7-423c-ba1f-09160eea4c71|rpc:10.1.0.11:37145|dataStream:|priority:1|startupRole:FOLLOWER, 57b0e5c4-d4d8-463c-8999-53af98295cd0|rpc:10.1.0.11:39941|dataStream:|priority:0|startupRole:FOLLOWER]|listeners:[], old=null
2022-10-30 01:06:59,693 [58d8b8bb-cfc7-423c-ba1f-09160eea4c71@group-0252A98196AF-LeaderElection28] INFO  server.RaftServerConfigKeys (ConfUtils.java:logFallback(53)) - raft.server.rpc.first-election.timeout.min = 5s (fallback to raft.server.rpc.timeout.min)
2022-10-30 01:06:59,693 [58d8b8bb-cfc7-423c-ba1f-09160eea4c71@group-0252A98196AF-LeaderElection28-1] INFO  server.GrpcServerProtocolClient (GrpcServerProtocolClient.java:<init>(63)) - Build channel for edb0f50d-ef97-4088-a20b-1c61b9a9d6ec
2022-10-30 01:06:59,693 [58d8b8bb-cfc7-423c-ba1f-09160eea4c71@group-0252A98196AF-LeaderElection28] INFO  server.RaftServerConfigKeys (ConfUtils.java:logFallback(53)) - raft.server.rpc.first-election.timeout.max = 5200ms (fallback to raft.server.rpc.timeout.max)
2022-10-30 01:06:59,693 [58d8b8bb-cfc7-423c-ba1f-09160eea4c71@group-0252A98196AF-LeaderElection28-2] INFO  server.GrpcServerProtocolClient (GrpcServerProtocolClient.java:<init>(63)) - Build channel for 57b0e5c4-d4d8-463c-8999-53af98295cd0
2022-10-30 01:06:59,703 [grpc-default-executor-2] INFO  server.RaftServer$Division (RaftServerImpl.java:requestVote(1218)) - edb0f50d-ef97-4088-a20b-1c61b9a9d6ec@group-0252A98196AF: receive requestVote(ELECTION, 58d8b8bb-cfc7-423c-ba1f-09160eea4c71, group-0252A98196AF, 5, (t:0, i:0))
2022-10-30 01:06:59,703 [grpc-default-executor-2] INFO  impl.VoteContext (VoteContext.java:log(48)) - edb0f50d-ef97-4088-a20b-1c61b9a9d6ec@group-0252A98196AF-FOLLOWER: accept ELECTION from 58d8b8bb-cfc7-423c-ba1f-09160eea4c71: our priority 0 <= candidate's priority 1
2022-10-30 01:06:59,703 [grpc-default-executor-2] INFO  server.RaftServer$Division (RaftServerImpl.java:setRole(321)) - edb0f50d-ef97-4088-a20b-1c61b9a9d6ec@group-0252A98196AF: changes role from  FOLLOWER to FOLLOWER at term 5 for candidate:58d8b8bb-cfc7-423c-ba1f-09160eea4c71
2022-10-30 01:06:59,703 [grpc-default-executor-2] INFO  impl.RoleInfo (RoleInfo.java:shutdownFollowerState(110)) - edb0f50d-ef97-4088-a20b-1c61b9a9d6ec: shutdown edb0f50d-ef97-4088-a20b-1c61b9a9d6ec@group-0252A98196AF-FollowerState
2022-10-30 01:06:59,703 [grpc-default-executor-2] INFO  impl.RoleInfo (RoleInfo.java:updateAndGet(139)) - edb0f50d-ef97-4088-a20b-1c61b9a9d6ec: start edb0f50d-ef97-4088-a20b-1c61b9a9d6ec@group-0252A98196AF-FollowerState
2022-10-30 01:06:59,707 [grpc-default-executor-2] INFO  server.RaftServer$Division (RaftServerImpl.java:requestVote(1251)) - edb0f50d-ef97-4088-a20b-1c61b9a9d6ec@group-0252A98196AF replies to ELECTION vote request: 58d8b8bb-cfc7-423c-ba1f-09160eea4c71<-edb0f50d-ef97-4088-a20b-1c61b9a9d6ec#0:OK-t5. Peer's state: edb0f50d-ef97-4088-a20b-1c61b9a9d6ec@group-0252A98196AF:t5, leader=null, voted=58d8b8bb-cfc7-423c-ba1f-09160eea4c71, raftlog=Memoized:edb0f50d-ef97-4088-a20b-1c61b9a9d6ec@group-0252A98196AF-SegmentedRaftLog:OPENED:c-1, conf=-1: peers:[edb0f50d-ef97-4088-a20b-1c61b9a9d6ec|rpc:10.1.0.11:41147|priority:0|startupRole:FOLLOWER, 58d8b8bb-cfc7-423c-ba1f-09160eea4c71|rpc:10.1.0.11:37145|priority:1|startupRole:FOLLOWER, 57b0e5c4-d4d8-463c-8999-53af98295cd0|rpc:10.1.0.11:39941|priority:0|startupRole:FOLLOWER]|listeners:[], old=null
2022-10-30 01:06:59,707 [edb0f50d-ef97-4088-a20b-1c61b9a9d6ec@group-0252A98196AF-FollowerState] INFO  impl.FollowerState (FollowerState.java:shouldRun(117)) - edb0f50d-ef97-4088-a20b-1c61b9a9d6ec@group-0252A98196AF-FollowerState: Stopping now (isRunning? false, role = FOLLOWER)
2022-10-30 01:06:59,708 [grpc-default-executor-3] INFO  server.RaftServer$Division (RaftServerImpl.java:requestVote(1218)) - 57b0e5c4-d4d8-463c-8999-53af98295cd0@group-0252A98196AF: receive requestVote(ELECTION, 58d8b8bb-cfc7-423c-ba1f-09160eea4c71, group-0252A98196AF, 5, (t:0, i:0))
2022-10-30 01:06:59,708 [grpc-default-executor-3] INFO  impl.VoteContext (VoteContext.java:log(48)) - 57b0e5c4-d4d8-463c-8999-53af98295cd0@group-0252A98196AF-FOLLOWER: accept ELECTION from 58d8b8bb-cfc7-423c-ba1f-09160eea4c71: our priority 0 <= candidate's priority 1
2022-10-30 01:06:59,708 [grpc-default-executor-3] INFO  server.RaftServer$Division (RaftServerImpl.java:setRole(321)) - 57b0e5c4-d4d8-463c-8999-53af98295cd0@group-0252A98196AF: changes role from  FOLLOWER to FOLLOWER at term 5 for candidate:58d8b8bb-cfc7-423c-ba1f-09160eea4c71
2022-10-30 01:06:59,708 [grpc-default-executor-3] INFO  impl.RoleInfo (RoleInfo.java:shutdownFollowerState(110)) - 57b0e5c4-d4d8-463c-8999-53af98295cd0: shutdown 57b0e5c4-d4d8-463c-8999-53af98295cd0@group-0252A98196AF-FollowerState
2022-10-30 01:06:59,708 [grpc-default-executor-3] INFO  impl.RoleInfo (RoleInfo.java:updateAndGet(139)) - 57b0e5c4-d4d8-463c-8999-53af98295cd0: start 57b0e5c4-d4d8-463c-8999-53af98295cd0@group-0252A98196AF-FollowerState
2022-10-30 01:06:59,708 [57b0e5c4-d4d8-463c-8999-53af98295cd0@group-0252A98196AF-FollowerState] INFO  impl.FollowerState (FollowerState.java:run(152)) - 57b0e5c4-d4d8-463c-8999-53af98295cd0@group-0252A98196AF-FollowerState was interrupted
2022-10-30 01:06:59,709 [57b0e5c4-d4d8-463c-8999-53af98295cd0@group-0252A98196AF-FollowerState] INFO  server.RaftServerConfigKeys (ConfUtils.java:logFallback(53)) - raft.server.rpc.first-election.timeout.min = 5s (fallback to raft.server.rpc.timeout.min)
2022-10-30 01:06:59,709 [57b0e5c4-d4d8-463c-8999-53af98295cd0@group-0252A98196AF-FollowerState] INFO  server.RaftServerConfigKeys (ConfUtils.java:logFallback(53)) - raft.server.rpc.first-election.timeout.max = 5200ms (fallback to raft.server.rpc.timeout.max)
2022-10-30 01:06:59,710 [58d8b8bb-cfc7-423c-ba1f-09160eea4c71@group-0252A98196AF-LeaderElection28] INFO  impl.LeaderElection (LeaderElection.java:logAndReturn(90)) - 58d8b8bb-cfc7-423c-ba1f-09160eea4c71@group-0252A98196AF-LeaderElection28: ELECTION PASSED received 1 response(s) and 0 exception(s):
2022-10-30 01:06:59,710 [58d8b8bb-cfc7-423c-ba1f-09160eea4c71@group-0252A98196AF-LeaderElection28] INFO  impl.LeaderElection (LeaderElection.java:logAndReturn(94)) -   Response 0: 58d8b8bb-cfc7-423c-ba1f-09160eea4c71<-edb0f50d-ef97-4088-a20b-1c61b9a9d6ec#0:OK-t5
2022-10-30 01:06:59,710 [58d8b8bb-cfc7-423c-ba1f-09160eea4c71@group-0252A98196AF-LeaderElection28] INFO  impl.LeaderElection (LeaderElection.java:askForVotes(314)) - 58d8b8bb-cfc7-423c-ba1f-09160eea4c71@group-0252A98196AF-LeaderElection28 ELECTION round 0: result PASSED
2022-10-30 01:06:59,710 [58d8b8bb-cfc7-423c-ba1f-09160eea4c71@group-0252A98196AF-LeaderElection28] INFO  impl.RoleInfo (RoleInfo.java:shutdownLeaderElection(130)) - 58d8b8bb-cfc7-423c-ba1f-09160eea4c71: shutdown 58d8b8bb-cfc7-423c-ba1f-09160eea4c71@group-0252A98196AF-LeaderElection28
2022-10-30 01:06:59,710 [58d8b8bb-cfc7-423c-ba1f-09160eea4c71@group-0252A98196AF-LeaderElection28] INFO  server.RaftServer$Division (RaftServerImpl.java:setRole(321)) - 58d8b8bb-cfc7-423c-ba1f-09160eea4c71@group-0252A98196AF: changes role from CANDIDATE to LEADER at term 5 for changeToLeader
2022-10-30 01:06:59,710 [58d8b8bb-cfc7-423c-ba1f-09160eea4c71@group-0252A98196AF-LeaderElection28] INFO  ratis.XceiverServerRatis (XceiverServerRatis.java:handleLeaderChangedNotification(863)) - Leader change notification received for group: group-0252A98196AF with new leaderId: 58d8b8bb-cfc7-423c-ba1f-09160eea4c71
2022-10-30 01:06:59,710 [58d8b8bb-cfc7-423c-ba1f-09160eea4c71@group-0252A98196AF-LeaderElection28] INFO  server.RaftServer$Division (ServerState.java:setLeader(313)) - 58d8b8bb-cfc7-423c-ba1f-09160eea4c71@group-0252A98196AF: change Leader from null to 58d8b8bb-cfc7-423c-ba1f-09160eea4c71 at term 5 for becomeLeader, leader elected after 25539ms
2022-10-30 01:06:59,710 [58d8b8bb-cfc7-423c-ba1f-09160eea4c71@group-0252A98196AF-LeaderElection28] INFO  server.RaftServerConfigKeys (ConfUtils.java:logGet(46)) - raft.server.staging.catchup.gap = 1000 (default)
2022-10-30 01:06:59,710 [58d8b8bb-cfc7-423c-ba1f-09160eea4c71@group-0252A98196AF-LeaderElection28] INFO  server.RaftServerConfigKeys (ConfUtils.java:logGet(46)) - raft.server.write.element-limit = 1024 (custom)
2022-10-30 01:06:59,710 [58d8b8bb-cfc7-423c-ba1f-09160eea4c71@group-0252A98196AF-LeaderElection28] INFO  server.RaftServerConfigKeys (ConfUtils.java:logGet(46)) - raft.server.write.byte-limit = 1024 M (=1073741824) (custom)
2022-10-30 01:06:59,711 [58d8b8bb-cfc7-423c-ba1f-09160eea4c71@group-0252A98196AF-LeaderElection28] INFO  server.RaftServerConfigKeys (ConfUtils.java:logGet(46)) - raft.server.watch.timeout = 180s (custom)
2022-10-30 01:06:59,711 [58d8b8bb-cfc7-423c-ba1f-09160eea4c71@group-0252A98196AF-LeaderElection28] INFO  server.RaftServerConfigKeys (ConfUtils.java:logGet(46)) - raft.server.watch.timeout.denomination = 1s (default)
2022-10-30 01:06:59,711 [58d8b8bb-cfc7-423c-ba1f-09160eea4c71@group-0252A98196AF-LeaderElection28] INFO  server.RaftServerConfigKeys (ConfUtils.java:logGet(46)) - raft.server.watch.element-limit = 65536 (default)
2022-10-30 01:06:59,711 [58d8b8bb-cfc7-423c-ba1f-09160eea4c71@group-0252A98196AF-LeaderElection28] INFO  server.RaftServerConfigKeys (ConfUtils.java:logGet(46)) - raft.server.write.element-limit = 1024 (custom)
2022-10-30 01:06:59,711 [58d8b8bb-cfc7-423c-ba1f-09160eea4c71@group-0252A98196AF-LeaderElection28] INFO  server.RaftServerConfigKeys (ConfUtils.java:logGet(46)) - raft.server.write.follower.gap.ratio.max = -1.0 (default)
2022-10-30 01:06:59,711 [58d8b8bb-cfc7-423c-ba1f-09160eea4c71@group-0252A98196AF-LeaderElection28] INFO  server.RaftServerConfigKeys (ConfUtils.java:logGet(46)) - raft.server.log.appender.snapshot.chunk.size.max = 16MB (=16777216) (default)
2022-10-30 01:06:59,711 [58d8b8bb-cfc7-423c-ba1f-09160eea4c71@group-0252A98196AF-LeaderElection28] INFO  server.RaftServerConfigKeys (ConfUtils.java:logGet(46)) - raft.server.log.appender.buffer.byte-limit = 33554432 (custom)
2022-10-30 01:06:59,711 [58d8b8bb-cfc7-423c-ba1f-09160eea4c71@group-0252A98196AF-LeaderElection28] INFO  server.RaftServerConfigKeys (ConfUtils.java:logGet(46)) - raft.server.log.appender.buffer.element-limit = 1 (custom)
2022-10-30 01:06:59,711 [58d8b8bb-cfc7-423c-ba1f-09160eea4c71@group-0252A98196AF-LeaderElection28] INFO  grpc.GrpcConfigKeys (ConfUtils.java:logGet(46)) - raft.grpc.server.leader.outstanding.appends.max = 128 (default)
2022-10-30 01:06:59,711 [58d8b8bb-cfc7-423c-ba1f-09160eea4c71@group-0252A98196AF-LeaderElection28] INFO  server.RaftServerConfigKeys (ConfUtils.java:logGet(46)) - raft.server.rpc.request.timeout = 60s (custom)
2022-10-30 01:06:59,711 [58d8b8bb-cfc7-423c-ba1f-09160eea4c71@group-0252A98196AF-LeaderElection28] INFO  server.RaftServerConfigKeys (ConfUtils.java:logGet(46)) - raft.server.log.appender.install.snapshot.enabled = false (custom)
2022-10-30 01:06:59,711 [58d8b8bb-cfc7-423c-ba1f-09160eea4c71@group-0252A98196AF-LeaderElection28] INFO  grpc.GrpcConfigKeys (ConfUtils.java:logGet(46)) - raft.grpc.server.heartbeat.channel = true (default)
2022-10-30 01:06:59,711 [58d8b8bb-cfc7-423c-ba1f-09160eea4c71@group-0252A98196AF-LeaderElection28] INFO  server.RaftServerConfigKeys (ConfUtils.java:logGet(46)) - raft.server.log.appender.wait-time.min = 10ms (default)
2022-10-30 01:06:59,712 [58d8b8bb-cfc7-423c-ba1f-09160eea4c71@group-0252A98196AF-LeaderElection28] INFO  server.RaftServerConfigKeys (ConfUtils.java:logGet(46)) - raft.server.log.appender.snapshot.chunk.size.max = 16MB (=16777216) (default)
2022-10-30 01:06:59,712 [58d8b8bb-cfc7-423c-ba1f-09160eea4c71@group-0252A98196AF-LeaderElection28] INFO  server.RaftServerConfigKeys (ConfUtils.java:logGet(46)) - raft.server.log.appender.buffer.byte-limit = 33554432 (custom)
2022-10-30 01:06:59,712 [58d8b8bb-cfc7-423c-ba1f-09160eea4c71@group-0252A98196AF-LeaderElection28] INFO  server.RaftServerConfigKeys (ConfUtils.java:logGet(46)) - raft.server.log.appender.buffer.element-limit = 1 (custom)
2022-10-30 01:06:59,712 [58d8b8bb-cfc7-423c-ba1f-09160eea4c71@group-0252A98196AF-LeaderElection28] INFO  grpc.GrpcConfigKeys (ConfUtils.java:logGet(46)) - raft.grpc.server.leader.outstanding.appends.max = 128 (default)
2022-10-30 01:06:59,712 [58d8b8bb-cfc7-423c-ba1f-09160eea4c71@group-0252A98196AF-LeaderElection28] INFO  server.RaftServerConfigKeys (ConfUtils.java:logGet(46)) - raft.server.rpc.request.timeout = 60s (custom)
2022-10-30 01:06:59,712 [58d8b8bb-cfc7-423c-ba1f-09160eea4c71@group-0252A98196AF-LeaderElection28] INFO  server.RaftServerConfigKeys (ConfUtils.java:logGet(46)) - raft.server.log.appender.install.snapshot.enabled = false (custom)
2022-10-30 01:06:59,712 [58d8b8bb-cfc7-423c-ba1f-09160eea4c71@group-0252A98196AF-LeaderElection28] INFO  grpc.GrpcConfigKeys (ConfUtils.java:logGet(46)) - raft.grpc.server.heartbeat.channel = true (default)
2022-10-30 01:06:59,712 [58d8b8bb-cfc7-423c-ba1f-09160eea4c71@group-0252A98196AF-LeaderElection28] INFO  server.RaftServerConfigKeys (ConfUtils.java:logGet(46)) - raft.server.log.appender.wait-time.min = 10ms (default)
2022-10-30 01:06:59,712 [58d8b8bb-cfc7-423c-ba1f-09160eea4c71@group-0252A98196AF-LeaderElection28] INFO  impl.RoleInfo (RoleInfo.java:updateAndGet(139)) - 58d8b8bb-cfc7-423c-ba1f-09160eea4c71: start 58d8b8bb-cfc7-423c-ba1f-09160eea4c71@group-0252A98196AF-LeaderStateImpl
2022-10-30 01:06:59,713 [58d8b8bb-cfc7-423c-ba1f-09160eea4c71@group-0252A98196AF-LeaderElection28] INFO  segmented.SegmentedRaftLogWorker (SegmentedRaftLogWorker.java:startLogSegment(452)) - 58d8b8bb-cfc7-423c-ba1f-09160eea4c71@group-0252A98196AF-SegmentedRaftLogWorker: Starting segment from index:0
2022-10-30 01:06:59,714 [edb0f50d-ef97-4088-a20b-1c61b9a9d6ec@group-0252A98196AF-FollowerState] INFO  server.RaftServerConfigKeys (ConfUtils.java:logFallback(53)) - raft.server.rpc.first-election.timeout.min = 5s (fallback to raft.server.rpc.timeout.min)
2022-10-30 01:06:59,714 [edb0f50d-ef97-4088-a20b-1c61b9a9d6ec@group-0252A98196AF-FollowerState] INFO  server.RaftServerConfigKeys (ConfUtils.java:logFallback(53)) - raft.server.rpc.first-election.timeout.max = 5200ms (fallback to raft.server.rpc.timeout.max)
2022-10-30 01:06:59,714 [58d8b8bb-cfc7-423c-ba1f-09160eea4c71@group-0252A98196AF-SegmentedRaftLogWorker] INFO  segmented.SegmentedRaftLogWorker (SegmentedRaftLogWorker.java:execute(656)) - 58d8b8bb-cfc7-423c-ba1f-09160eea4c71@group-0252A98196AF-SegmentedRaftLogWorker: created new log segment /home/runner/work/ozone/ozone/hadoop-ozone/integration-test/target/test-dir/MiniOzoneClusterImpl-d77d6c10-3d51-4ae5-b04b-b5f3d2f20a3f/datanode-4/data/ratis/eff5b8b8-11f4-4d83-acc7-0252a98196af/current/log_inprogress_0
2022-10-30 01:06:59,715 [EventQueue-PipelineReportForPipelineReportHandler] INFO  pipeline.PipelineManagerImpl (PipelineManagerImpl.java:openPipeline(367)) - Pipeline Pipeline[ Id: eff5b8b8-11f4-4d83-acc7-0252a98196af, Nodes: 58d8b8bb-cfc7-423c-ba1f-09160eea4c71{ip: 10.1.0.11, host: fv-az99-422.euuzywwtp3iu5l5aj42nbmzodg.gx.internal.cloudapp.net, ports: [REPLICATION=40581, RATIS=37145, RATIS_ADMIN=37145, RATIS_SERVER=37145, STANDALONE=33047], networkLocation: /default-rack, certSerialId: null, persistedOpState: IN_SERVICE, persistedOpStateExpiryEpochSec: 0}edb0f50d-ef97-4088-a20b-1c61b9a9d6ec{ip: 10.1.0.11, host: fv-az99-422.euuzywwtp3iu5l5aj42nbmzodg.gx.internal.cloudapp.net, ports: [REPLICATION=37555, RATIS=41147, RATIS_ADMIN=41147, RATIS_SERVER=41147, STANDALONE=45487], networkLocation: /default-rack, certSerialId: null, persistedOpState: IN_SERVICE, persistedOpStateExpiryEpochSec: 0}57b0e5c4-d4d8-463c-8999-53af98295cd0{ip: 10.1.0.11, host: fv-az99-422.euuzywwtp3iu5l5aj42nbmzodg.gx.internal.cloudapp.net, ports: [REPLICATION=45861, RATIS=39941, RATIS_ADMIN=39941, RATIS_SERVER=39941, STANDALONE=38745], networkLocation: /default-rack, certSerialId: null, persistedOpState: IN_SERVICE, persistedOpStateExpiryEpochSec: 0}, ReplicationConfig: RATIS/THREE, State:ALLOCATED, leaderId:58d8b8bb-cfc7-423c-ba1f-09160eea4c71, CreationTimestamp2022-10-30T01:06:31.723Z[Etc/UTC]] moved to OPEN state
2022-10-30 01:06:59,715 [grpc-default-executor-3] INFO  server.RaftServer$Division (RaftServerImpl.java:requestVote(1251)) - 57b0e5c4-d4d8-463c-8999-53af98295cd0@group-0252A98196AF replies to ELECTION vote request: 58d8b8bb-cfc7-423c-ba1f-09160eea4c71<-57b0e5c4-d4d8-463c-8999-53af98295cd0#0:OK-t5. Peer's state: 57b0e5c4-d4d8-463c-8999-53af98295cd0@group-0252A98196AF:t5, leader=null, voted=58d8b8bb-cfc7-423c-ba1f-09160eea4c71, raftlog=Memoized:57b0e5c4-d4d8-463c-8999-53af98295cd0@group-0252A98196AF-SegmentedRaftLog:OPENED:c-1, conf=-1: peers:[edb0f50d-ef97-4088-a20b-1c61b9a9d6ec|rpc:10.1.0.11:41147|dataStream:|priority:0|startupRole:FOLLOWER, 58d8b8bb-cfc7-423c-ba1f-09160eea4c71|rpc:10.1.0.11:37145|dataStream:|priority:1|startupRole:FOLLOWER, 57b0e5c4-d4d8-463c-8999-53af98295cd0|rpc:10.1.0.11:39941|dataStream:|priority:0|startupRole:FOLLOWER]|listeners:[], old=null
2022-10-30 01:06:59,722 [58d8b8bb-cfc7-423c-ba1f-09160eea4c71@group-0252A98196AF-LeaderElection28] INFO  server.RaftServer$Division (ServerState.java:setRaftConf(430)) - 58d8b8bb-cfc7-423c-ba1f-09160eea4c71@group-0252A98196AF: set configuration 0: peers:[edb0f50d-ef97-4088-a20b-1c61b9a9d6ec|rpc:10.1.0.11:41147|dataStream:|priority:0|startupRole:FOLLOWER, 58d8b8bb-cfc7-423c-ba1f-09160eea4c71|rpc:10.1.0.11:37145|dataStream:|priority:1|startupRole:FOLLOWER, 57b0e5c4-d4d8-463c-8999-53af98295cd0|rpc:10.1.0.11:39941|dataStream:|priority:0|startupRole:FOLLOWER]|listeners:[], old=null
2022-10-30 01:06:59,732 [edb0f50d-ef97-4088-a20b-1c61b9a9d6ec-server-thread1] INFO  ratis.XceiverServerRatis (XceiverServerRatis.java:handleLeaderChangedNotification(863)) - Leader change notification received for group: group-0252A98196AF with new leaderId: 58d8b8bb-cfc7-423c-ba1f-09160eea4c71
2022-10-30 01:06:59,733 [edb0f50d-ef97-4088-a20b-1c61b9a9d6ec-server-thread1] INFO  server.RaftServer$Division (ServerState.java:setLeader(313)) - edb0f50d-ef97-4088-a20b-1c61b9a9d6ec@group-0252A98196AF: change Leader from null to 58d8b8bb-cfc7-423c-ba1f-09160eea4c71 at term 5 for appendEntries, leader elected after 25588ms
2022-10-30 01:06:59,733 [edb0f50d-ef97-4088-a20b-1c61b9a9d6ec-server-thread1] INFO  server.RaftServer$Division (ServerState.java:setRaftConf(430)) - edb0f50d-ef97-4088-a20b-1c61b9a9d6ec@group-0252A98196AF: set configuration 0: peers:[edb0f50d-ef97-4088-a20b-1c61b9a9d6ec|rpc:10.1.0.11:41147|dataStream:|priority:0|startupRole:FOLLOWER, 58d8b8bb-cfc7-423c-ba1f-09160eea4c71|rpc:10.1.0.11:37145|dataStream:|priority:1|startupRole:FOLLOWER, 57b0e5c4-d4d8-463c-8999-53af98295cd0|rpc:10.1.0.11:39941|dataStream:|priority:0|startupRole:FOLLOWER]|listeners:[], old=null
2022-10-30 01:06:59,733 [57b0e5c4-d4d8-463c-8999-53af98295cd0-server-thread1] INFO  ratis.XceiverServerRatis (XceiverServerRatis.java:handleLeaderChangedNotification(863)) - Leader change notification received for group: group-0252A98196AF with new leaderId: 58d8b8bb-cfc7-423c-ba1f-09160eea4c71
2022-10-30 01:06:59,733 [57b0e5c4-d4d8-463c-8999-53af98295cd0-server-thread1] INFO  server.RaftServer$Division (ServerState.java:setLeader(313)) - 57b0e5c4-d4d8-463c-8999-53af98295cd0@group-0252A98196AF: change Leader from null to 58d8b8bb-cfc7-423c-ba1f-09160eea4c71 at term 5 for appendEntries, leader elected after 25508ms
2022-10-30 01:06:59,738 [edb0f50d-ef97-4088-a20b-1c61b9a9d6ec-server-thread1] INFO  segmented.SegmentedRaftLogWorker (SegmentedRaftLogWorker.java:startLogSegment(452)) - edb0f50d-ef97-4088-a20b-1c61b9a9d6ec@group-0252A98196AF-SegmentedRaftLogWorker: Starting segment from index:0
2022-10-30 01:06:59,739 [edb0f50d-ef97-4088-a20b-1c61b9a9d6ec@group-0252A98196AF-SegmentedRaftLogWorker] INFO  segmented.SegmentedRaftLogWorker (SegmentedRaftLogWorker.java:execute(656)) - edb0f50d-ef97-4088-a20b-1c61b9a9d6ec@group-0252A98196AF-SegmentedRaftLogWorker: created new log segment /home/runner/work/ozone/ozone/hadoop-ozone/integration-test/target/test-dir/MiniOzoneClusterImpl-d77d6c10-3d51-4ae5-b04b-b5f3d2f20a3f/datanode-3/data/ratis/eff5b8b8-11f4-4d83-acc7-0252a98196af/current/log_inprogress_0
2022-10-30 01:06:59,752 [57b0e5c4-d4d8-463c-8999-53af98295cd0-server-thread3] INFO  server.RaftServer$Division (ServerState.java:setRaftConf(430)) - 57b0e5c4-d4d8-463c-8999-53af98295cd0@group-0252A98196AF: set configuration 0: peers:[edb0f50d-ef97-4088-a20b-1c61b9a9d6ec|rpc:10.1.0.11:41147|dataStream:|priority:0|startupRole:FOLLOWER, 58d8b8bb-cfc7-423c-ba1f-09160eea4c71|rpc:10.1.0.11:37145|dataStream:|priority:1|startupRole:FOLLOWER, 57b0e5c4-d4d8-463c-8999-53af98295cd0|rpc:10.1.0.11:39941|dataStream:|priority:0|startupRole:FOLLOWER]|listeners:[], old=null
2022-10-30 01:06:59,753 [57b0e5c4-d4d8-463c-8999-53af98295cd0-server-thread3] INFO  segmented.SegmentedRaftLogWorker (SegmentedRaftLogWorker.java:startLogSegment(452)) - 57b0e5c4-d4d8-463c-8999-53af98295cd0@group-0252A98196AF-SegmentedRaftLogWorker: Starting segment from index:0
2022-10-30 01:06:59,754 [57b0e5c4-d4d8-463c-8999-53af98295cd0@group-0252A98196AF-SegmentedRaftLogWorker] INFO  segmented.SegmentedRaftLogWorker (SegmentedRaftLogWorker.java:execute(656)) - 57b0e5c4-d4d8-463c-8999-53af98295cd0@group-0252A98196AF-SegmentedRaftLogWorker: created new log segment /home/runner/work/ozone/ozone/hadoop-ozone/integration-test/target/test-dir/MiniOzoneClusterImpl-d77d6c10-3d51-4ae5-b04b-b5f3d2f20a3f/datanode-5/data/ratis/eff5b8b8-11f4-4d83-acc7-0252a98196af/current/log_inprogress_0
]]></system-out>
  </testcase>
</testsuite>